{"(1, 0)": {"explain_plan": {"Plan": {"Node Type": "Aggregate", "Strategy": "Sorted", "Startup Cost": 653338.7, "Total Cost": 653449.34, "Plan Rows": 3688, "Plan Width": 84, "Group By Key": ["n1.n_name", "n2.n_name", "(date_part('year'::text, lineitem.l_shipdate))"], "Plans": [{"Node Type": "Sort", "Parent Relationship": "Outer", "Startup Cost": 653338.7, "Total Cost": 653347.92, "Plan Rows": 3688, "Plan Width": 76, "Sort Key": ["n1.n_name", "n2.n_name", "(date_part('year'::text, lineitem.l_shipdate))"], "Plans": [{"Node Type": "Hash Join", "Parent Relationship": "Outer", "Join Type": "Inner", "Startup Cost": 5813.37, "Total Cost": 653120.22, "Plan Rows": 3688, "Plan Width": 76, "Inner Unique": true, "Hash Cond": "((lineitem.l_suppkey = supplier.s_suppkey) AND (n1.n_nationkey = supplier.s_nationkey))", "Plans": [{"Node Type": "Nested Loop", "Parent Relationship": "Outer", "Join Type": "Inner", "Startup Cost": 1030.37, "Total Cost": 642753.24, "Plan Rows": 740786, "Plan Width": 88, "Inner Unique": false, "Plans": [{"Node Type": "Nested Loop", "Parent Relationship": "Outer", "Join Type": "Inner", "Startup Cost": 1030.37, "Total Cost": 166015.61, "Plan Rows": 504972, "Plan Width": 64, "Inner Unique": false, "Plans": [{"Node Type": "Nested Loop", "Parent Relationship": "Outer", "Join Type": "Inner", "Startup Cost": 1030.37, "Total Cost": 14893.09, "Plan Rows": 119904, "Plan Width": 64, "Inner Unique": false, "Plans": [{"Node Type": "Nested Loop", "Parent Relationship": "Outer", "Join Type": "Inner", "Startup Cost": 0.0, "Total Cost": 28.12, "Plan Rows": 2, "Plan Width": 60, "Inner Unique": false, "Join Filter": "(((n1.n_name = 'JAPAN'::bpchar) AND (n2.n_name = 'INDIA'::bpchar)) OR ((n1.n_name = 'INDIA'::bpchar) AND (n2.n_name = 'JAPAN'::bpchar)))", "Plans": [{"Node Type": "Index Scan", "Parent Relationship": "Outer", "Scan Direction": "Forward", "Index Name": "nation_pkey", "Relation Name": "nation", "Alias": "n1", "Startup Cost": 0.0, "Total Cost": 12.75, "Plan Rows": 25, "Plan Width": 30, "Filter": "((n_name = 'JAPAN'::bpchar) OR (n_name = 'INDIA'::bpchar))"}, {"Node Type": "Materialize", "Parent Relationship": "Inner", "Startup Cost": 0.0, "Total Cost": 1.38, "Plan Rows": 25, "Plan Width": 30, "Plans": [{"Node Type": "Seq Scan", "Parent Relationship": "Outer", "Relation Name": "nation", "Alias": "n2", "Startup Cost": 0.0, "Total Cost": 1.25, "Plan Rows": 25, "Plan Width": 30, "Filter": "((n_name = 'INDIA'::bpchar) OR (n_name = 'JAPAN'::bpchar))"}]}]}, {"Node Type": "Bitmap Heap Scan", "Parent Relationship": "Inner", "Relation Name": "customer", "Alias": "customer", "Startup Cost": 1030.37, "Total Cost": 6832.48, "Plan Rows": 60000, "Plan Width": 12, "Recheck Cond": "(c_nationkey = n2.n_nationkey)", "Plans": [{"Node Type": "Bitmap Index Scan", "Parent Relationship": "Outer", "Index Name": "idx_customer_nationkey", "Startup Cost": 0.0, "Total Cost": 1015.37, "Plan Rows": 60000, "Plan Width": 0, "Index Cond": "(c_nationkey = n2.n_nationkey)"}]}]}, {"Node Type": "Index Scan", "Parent Relationship": "Inner", "Scan Direction": "Forward", "Index Name": "idx_orders_custkey", "Relation Name": "orders", "Alias": "orders", "Startup Cost": 0.0, "Total Cost": 1.22, "Plan Rows": 4, "Plan Width": 16, "Index Cond": "(o_custkey = customer.c_custkey)"}]}, {"Node Type": "Index Scan", "Parent Relationship": "Inner", "Scan Direction": "Forward", "Index Name": "idx_lineitem_orderkey", "Relation Name": "lineitem", "Alias": "lineitem", "Startup Cost": 0.0, "Total Cost": 0.91, "Plan Rows": 3, "Plan Width": 40, "Index Cond": "(l_orderkey = orders.o_orderkey)", "Filter": "((l_shipdate >= '1995-01-01 00:00:00'::timestamp(0) without time zone) AND (l_shipdate <= '1996-12-31 00:00:00'::timestamp(0) without time zone))"}]}, {"Node Type": "Hash", "Parent Relationship": "Inner", "Startup Cost": 3283.0, "Total Cost": 3283.0, "Plan Rows": 100000, "Plan Width": 12, "Plans": [{"Node Type": "Seq Scan", "Parent Relationship": "Outer", "Relation Name": "supplier", "Alias": "supplier", "Startup Cost": 0.0, "Total Cost": 3283.0, "Plan Rows": 100000, "Plan Width": 12}]}]}]}]}, "Unique SQL Id": 2208782157, "Planner Runtime": 4}, "explain_analyze_plan": {"Plan": {"Node Type": "Aggregate", "Strategy": "Sorted", "Startup Cost": 653338.7, "Total Cost": 653449.34, "Plan Rows": 3688, "Plan Width": 84, "Actual Startup Time": 20027.656, "Actual Total Time": 20061.424, "Actual Rows": 4, "Actual Loops": 1, "Group By Key": ["n1.n_name", "n2.n_name", "(date_part('year'::text, lineitem.l_shipdate))"], "Plans": [{"Node Type": "Sort", "Parent Relationship": "Outer", "Startup Cost": 653338.7, "Total Cost": 653347.92, "Plan Rows": 3688, "Plan Width": 76, "Actual Startup Time": 20016.496, "Actual Total Time": 20022.268, "Actual Rows": 58554, "Actual Loops": 1, "Sort Key": ["n1.n_name", "n2.n_name", "(date_part('year'::text, lineitem.l_shipdate))"], "Sort Method": "quicksort", "Sort Space Used": 10686, "Sort Space Type": "Memory", "Plans": [{"Node Type": "Hash Join", "Parent Relationship": "Outer", "Join Type": "Inner", "Startup Cost": 5813.37, "Total Cost": 653120.22, "Plan Rows": 3688, "Plan Width": 76, "Actual Startup Time": 85.638, "Actual Total Time": 19962.976, "Actual Rows": 58554, "Actual Loops": 1, "Inner Unique": true, "Hash Cond": "((lineitem.l_suppkey = supplier.s_suppkey) AND (n1.n_nationkey = supplier.s_nationkey))", "Plans": [{"Node Type": "Nested Loop", "Parent Relationship": "Outer", "Join Type": "Inner", "Startup Cost": 1030.37, "Total Cost": 642753.24, "Plan Rows": 740786, "Plan Width": 88, "Actual Startup Time": 18.028, "Actual Total Time": 19160.259, "Actual Rows": 1459150, "Actual Loops": 1, "Inner Unique": false, "Plans": [{"Node Type": "Nested Loop", "Parent Relationship": "Outer", "Join Type": "Inner", "Startup Cost": 1030.37, "Total Cost": 166015.61, "Plan Rows": 504972, "Plan Width": 64, "Actual Startup Time": 17.951, "Actual Total Time": 4033.511, "Actual Rows": 1200363, "Actual Loops": 1, "Inner Unique": false, "Plans": [{"Node Type": "Nested Loop", "Parent Relationship": "Outer", "Join Type": "Inner", "Startup Cost": 1030.37, "Total Cost": 14893.09, "Plan Rows": 119904, "Plan Width": 64, "Actual Startup Time": 17.923, "Actual Total Time": 281.391, "Actual Rows": 119972, "Actual Loops": 1, "Inner Unique": false, "Plans": [{"Node Type": "Nested Loop", "Parent Relationship": "Outer", "Join Type": "Inner", "Startup Cost": 0.0, "Total Cost": 28.12, "Plan Rows": 2, "Plan Width": 60, "Actual Startup Time": 0.064, "Actual Total Time": 0.236, "Actual Rows": 2, "Actual Loops": 1, "Inner Unique": false, "Join Filter": "(((n1.n_name = 'JAPAN'::bpchar) AND (n2.n_name = 'INDIA'::bpchar)) OR ((n1.n_name = 'INDIA'::bpchar) AND (n2.n_name = 'JAPAN'::bpchar)))", "Rows Removed by Join Filter": 2, "Plans": [{"Node Type": "Index Scan", "Parent Relationship": "Outer", "Scan Direction": "Forward", "Index Name": "nation_pkey", "Relation Name": "nation", "Alias": "n1", "Startup Cost": 0.0, "Total Cost": 12.75, "Plan Rows": 25, "Plan Width": 30, "Actual Startup Time": 0.027, "Actual Total Time": 0.051, "Actual Rows": 2, "Actual Loops": 1, "Filter": "((n_name = 'JAPAN'::bpchar) OR (n_name = 'INDIA'::bpchar))", "Rows Removed by Filter": 23}, {"Node Type": "Materialize", "Parent Relationship": "Inner", "Startup Cost": 0.0, "Total Cost": 1.38, "Plan Rows": 25, "Plan Width": 30, "Actual Startup Time": 0.027, "Actual Total Time": 0.055, "Actual Rows": 4, "Actual Loops": 2, "Plans": [{"Node Type": "Seq Scan", "Parent Relationship": "Outer", "Relation Name": "nation", "Alias": "n2", "Startup Cost": 0.0, "Total Cost": 1.25, "Plan Rows": 25, "Plan Width": 30, "Actual Startup Time": 0.019, "Actual Total Time": 0.042, "Actual Rows": 2, "Actual Loops": 1, "Filter": "((n_name = 'INDIA'::bpchar) OR (n_name = 'JAPAN'::bpchar))", "Rows Removed by Filter": 23}]}]}, {"Node Type": "Bitmap Heap Scan", "Parent Relationship": "Inner", "Relation Name": "customer", "Alias": "customer", "Startup Cost": 1030.37, "Total Cost": 6832.48, "Plan Rows": 60000, "Plan Width": 12, "Actual Startup Time": 35.81, "Actual Total Time": 249.814, "Actual Rows": 119972, "Actual Loops": 2, "Recheck Cond": "(c_nationkey = n2.n_nationkey)", "Rows Removed by Index Recheck": 0, "Exact Heap Blocks": 59938, "Lossy Heap Blocks": 59938, "Plans": [{"Node Type": "Bitmap Index Scan", "Parent Relationship": "Outer", "Index Name": "idx_customer_nationkey", "Startup Cost": 0.0, "Total Cost": 1015.37, "Plan Rows": 60000, "Plan Width": 0, "Actual Startup Time": 22.622, "Actual Total Time": 22.622, "Actual Rows": 119972, "Actual Loops": 2, "Index Cond": "(c_nationkey = n2.n_nationkey)"}]}]}, {"Node Type": "Index Scan", "Parent Relationship": "Inner", "Scan Direction": "Forward", "Index Name": "idx_orders_custkey", "Relation Name": "orders", "Alias": "orders", "Startup Cost": 0.0, "Total Cost": 1.22, "Plan Rows": 4, "Plan Width": 16, "Actual Startup Time": 738.111, "Actual Total Time": 3403.667, "Actual Rows": 1200363, "Actual Loops": 119972, "Index Cond": "(o_custkey = customer.c_custkey)", "Rows Removed by Index Recheck": 0}]}, {"Node Type": "Index Scan", "Parent Relationship": "Inner", "Scan Direction": "Forward", "Index Name": "idx_lineitem_orderkey", "Relation Name": "lineitem", "Alias": "lineitem", "Startup Cost": 0.0, "Total Cost": 0.91, "Plan Rows": 3, "Plan Width": 40, "Actual Startup Time": 12968.962, "Actual Total Time": 14148.592, "Actual Rows": 1459150, "Actual Loops": 1200363, "Index Cond": "(l_orderkey = orders.o_orderkey)", "Rows Removed by Index Recheck": 0, "Filter": "((l_shipdate >= '1995-01-01 00:00:00'::timestamp(0) without time zone) AND (l_shipdate <= '1996-12-31 00:00:00'::timestamp(0) without time zone))", "Rows Removed by Filter": 3342563}]}, {"Node Type": "Hash", "Parent Relationship": "Inner", "Startup Cost": 3283.0, "Total Cost": 3283.0, "Plan Rows": 100000, "Plan Width": 12, "Actual Startup Time": 67.356, "Actual Total Time": 67.356, "Actual Rows": 100000, "Actual Loops": 1, "Hash Buckets": 131072, "Hash Batches": 1, "Original Hash Batches": 1, "Peak Memory Usage": 4297, "Plans": [{"Node Type": "Seq Scan", "Parent Relationship": "Outer", "Relation Name": "supplier", "Alias": "supplier", "Startup Cost": 0.0, "Total Cost": 3283.0, "Plan Rows": 100000, "Plan Width": 12, "Actual Startup Time": 0.016, "Actual Total Time": 36.368, "Actual Rows": 100000, "Actual Loops": 1}]}]}]}]}, "Triggers": [], "Planner Runtime": 2, "Total Runtime": 20061.957, "Unique SQL Id": 2208782157}}, "(1, 1)": {"explain_plan": {"Plan": {"Node Type": "Aggregate", "Strategy": "Sorted", "Startup Cost": 655401.75, "Total Cost": 655512.39, "Plan Rows": 3688, "Plan Width": 84, "Group By Key": ["n1.n_name", "n2.n_name", "(date_part('year'::text, lineitem.l_shipdate))"], "Plans": [{"Node Type": "Sort", "Parent Relationship": "Outer", "Startup Cost": 655401.75, "Total Cost": 655410.97, "Plan Rows": 3688, "Plan Width": 76, "Sort Key": ["n1.n_name", "n2.n_name", "(date_part('year'::text, lineitem.l_shipdate))"], "Plans": [{"Node Type": "Hash Join", "Parent Relationship": "Outer", "Join Type": "Inner", "Startup Cost": 7864.91, "Total Cost": 655183.26, "Plan Rows": 3688, "Plan Width": 76, "Inner Unique": true, "Hash Cond": "((lineitem.l_suppkey = supplier.s_suppkey) AND (n1.n_nationkey = supplier.s_nationkey))", "Plans": [{"Node Type": "Nested Loop", "Parent Relationship": "Outer", "Join Type": "Inner", "Startup Cost": 1030.37, "Total Cost": 642764.74, "Plan Rows": 740786, "Plan Width": 88, "Inner Unique": false, "Plans": [{"Node Type": "Nested Loop", "Parent Relationship": "Outer", "Join Type": "Inner", "Startup Cost": 1030.37, "Total Cost": 166027.11, "Plan Rows": 504972, "Plan Width": 64, "Inner Unique": false, "Plans": [{"Node Type": "Nested Loop", "Parent Relationship": "Outer", "Join Type": "Inner", "Startup Cost": 1030.37, "Total Cost": 14904.59, "Plan Rows": 119904, "Plan Width": 64, "Inner Unique": false, "Plans": [{"Node Type": "Nested Loop", "Parent Relationship": "Outer", "Join Type": "Inner", "Startup Cost": 0.0, "Total Cost": 39.62, "Plan Rows": 2, "Plan Width": 60, "Inner Unique": false, "Join Filter": "(((n1.n_name = 'JAPAN'::bpchar) AND (n2.n_name = 'INDIA'::bpchar)) OR ((n1.n_name = 'INDIA'::bpchar) AND (n2.n_name = 'JAPAN'::bpchar)))", "Plans": [{"Node Type": "Index Scan", "Parent Relationship": "Outer", "Scan Direction": "Forward", "Index Name": "nation_pkey", "Relation Name": "nation", "Alias": "n1", "Startup Cost": 0.0, "Total Cost": 12.75, "Plan Rows": 25, "Plan Width": 30, "Filter": "((n_name = 'JAPAN'::bpchar) OR (n_name = 'INDIA'::bpchar))"}, {"Node Type": "Materialize", "Parent Relationship": "Inner", "Startup Cost": 0.0, "Total Cost": 12.88, "Plan Rows": 25, "Plan Width": 30, "Plans": [{"Node Type": "Index Scan", "Parent Relationship": "Outer", "Scan Direction": "Forward", "Index Name": "nation_pkey", "Relation Name": "nation", "Alias": "n2", "Startup Cost": 0.0, "Total Cost": 12.75, "Plan Rows": 25, "Plan Width": 30, "Filter": "((n_name = 'INDIA'::bpchar) OR (n_name = 'JAPAN'::bpchar))"}]}]}, {"Node Type": "Bitmap Heap Scan", "Parent Relationship": "Inner", "Relation Name": "customer", "Alias": "customer", "Startup Cost": 1030.37, "Total Cost": 6832.48, "Plan Rows": 60000, "Plan Width": 12, "Recheck Cond": "(c_nationkey = n2.n_nationkey)", "Plans": [{"Node Type": "Bitmap Index Scan", "Parent Relationship": "Outer", "Index Name": "idx_customer_nationkey", "Startup Cost": 0.0, "Total Cost": 1015.37, "Plan Rows": 60000, "Plan Width": 0, "Index Cond": "(c_nationkey = n2.n_nationkey)"}]}]}, {"Node Type": "Index Scan", "Parent Relationship": "Inner", "Scan Direction": "Forward", "Index Name": "idx_orders_custkey", "Relation Name": "orders", "Alias": "orders", "Startup Cost": 0.0, "Total Cost": 1.22, "Plan Rows": 4, "Plan Width": 16, "Index Cond": "(o_custkey = customer.c_custkey)"}]}, {"Node Type": "Index Scan", "Parent Relationship": "Inner", "Scan Direction": "Forward", "Index Name": "idx_lineitem_orderkey", "Relation Name": "lineitem", "Alias": "lineitem", "Startup Cost": 0.0, "Total Cost": 0.91, "Plan Rows": 3, "Plan Width": 40, "Index Cond": "(l_orderkey = orders.o_orderkey)", "Filter": "((l_shipdate >= '1995-01-01 00:00:00'::timestamp(0) without time zone) AND (l_shipdate <= '1996-12-31 00:00:00'::timestamp(0) without time zone))"}]}, {"Node Type": "Hash", "Parent Relationship": "Inner", "Startup Cost": 5334.54, "Total Cost": 5334.54, "Plan Rows": 100000, "Plan Width": 12, "Plans": [{"Node Type": "Index Scan", "Parent Relationship": "Outer", "Scan Direction": "Forward", "Index Name": "supplier_pkey", "Relation Name": "supplier", "Alias": "supplier", "Startup Cost": 0.0, "Total Cost": 5334.54, "Plan Rows": 100000, "Plan Width": 12}]}]}]}]}, "Unique SQL Id": 2208782157, "Planner Runtime": 4}, "explain_analyze_plan": {"Plan": {"Node Type": "Aggregate", "Strategy": "Sorted", "Startup Cost": 655401.75, "Total Cost": 655512.39, "Plan Rows": 3688, "Plan Width": 84, "Actual Startup Time": 19948.807, "Actual Total Time": 19982.552, "Actual Rows": 4, "Actual Loops": 1, "Group By Key": ["n1.n_name", "n2.n_name", "(date_part('year'::text, lineitem.l_shipdate))"], "Plans": [{"Node Type": "Sort", "Parent Relationship": "Outer", "Startup Cost": 655401.75, "Total Cost": 655410.97, "Plan Rows": 3688, "Plan Width": 76, "Actual Startup Time": 19937.625, "Actual Total Time": 19943.528, "Actual Rows": 58554, "Actual Loops": 1, "Sort Key": ["n1.n_name", "n2.n_name", "(date_part('year'::text, lineitem.l_shipdate))"], "Sort Method": "quicksort", "Sort Space Used": 10686, "Sort Space Type": "Memory", "Plans": [{"Node Type": "Hash Join", "Parent Relationship": "Outer", "Join Type": "Inner", "Startup Cost": 7864.91, "Total Cost": 655183.26, "Plan Rows": 3688, "Plan Width": 76, "Actual Startup Time": 110.797, "Actual Total Time": 19883.263, "Actual Rows": 58554, "Actual Loops": 1, "Inner Unique": true, "Hash Cond": "((lineitem.l_suppkey = supplier.s_suppkey) AND (n1.n_nationkey = supplier.s_nationkey))", "Plans": [{"Node Type": "Nested Loop", "Parent Relationship": "Outer", "Join Type": "Inner", "Startup Cost": 1030.37, "Total Cost": 642764.74, "Plan Rows": 740786, "Plan Width": 88, "Actual Startup Time": 17.852, "Actual Total Time": 19065.006, "Actual Rows": 1459150, "Actual Loops": 1, "Inner Unique": false, "Plans": [{"Node Type": "Nested Loop", "Parent Relationship": "Outer", "Join Type": "Inner", "Startup Cost": 1030.37, "Total Cost": 166027.11, "Plan Rows": 504972, "Plan Width": 64, "Actual Startup Time": 17.787, "Actual Total Time": 3994.551, "Actual Rows": 1200363, "Actual Loops": 1, "Inner Unique": false, "Plans": [{"Node Type": "Nested Loop", "Parent Relationship": "Outer", "Join Type": "Inner", "Startup Cost": 1030.37, "Total Cost": 14904.59, "Plan Rows": 119904, "Plan Width": 64, "Actual Startup Time": 17.763, "Actual Total Time": 279.521, "Actual Rows": 119972, "Actual Loops": 1, "Inner Unique": false, "Plans": [{"Node Type": "Nested Loop", "Parent Relationship": "Outer", "Join Type": "Inner", "Startup Cost": 0.0, "Total Cost": 39.62, "Plan Rows": 2, "Plan Width": 60, "Actual Startup Time": 0.055, "Actual Total Time": 0.138, "Actual Rows": 2, "Actual Loops": 1, "Inner Unique": false, "Join Filter": "(((n1.n_name = 'JAPAN'::bpchar) AND (n2.n_name = 'INDIA'::bpchar)) OR ((n1.n_name = 'INDIA'::bpchar) AND (n2.n_name = 'JAPAN'::bpchar)))", "Rows Removed by Join Filter": 2, "Plans": [{"Node Type": "Index Scan", "Parent Relationship": "Outer", "Scan Direction": "Forward", "Index Name": "nation_pkey", "Relation Name": "nation", "Alias": "n1", "Startup Cost": 0.0, "Total Cost": 12.75, "Plan Rows": 25, "Plan Width": 30, "Actual Startup Time": 0.025, "Actual Total Time": 0.045, "Actual Rows": 2, "Actual Loops": 1, "Filter": "((n_name = 'JAPAN'::bpchar) OR (n_name = 'INDIA'::bpchar))", "Rows Removed by Filter": 23}, {"Node Type": "Materialize", "Parent Relationship": "Inner", "Startup Cost": 0.0, "Total Cost": 12.88, "Plan Rows": 25, "Plan Width": 30, "Actual Startup Time": 0.021, "Actual Total Time": 0.051, "Actual Rows": 4, "Actual Loops": 2, "Plans": [{"Node Type": "Index Scan", "Parent Relationship": "Outer", "Scan Direction": "Forward", "Index Name": "nation_pkey", "Relation Name": "nation", "Alias": "n2", "Startup Cost": 0.0, "Total Cost": 12.75, "Plan Rows": 25, "Plan Width": 30, "Actual Startup Time": 0.012, "Actual Total Time": 0.03, "Actual Rows": 2, "Actual Loops": 1, "Filter": "((n_name = 'INDIA'::bpchar) OR (n_name = 'JAPAN'::bpchar))", "Rows Removed by Filter": 23}]}]}, {"Node Type": "Bitmap Heap Scan", "Parent Relationship": "Inner", "Relation Name": "customer", "Alias": "customer", "Startup Cost": 1030.37, "Total Cost": 6832.48, "Plan Rows": 60000, "Plan Width": 12, "Actual Startup Time": 35.527, "Actual Total Time": 248.659, "Actual Rows": 119972, "Actual Loops": 2, "Recheck Cond": "(c_nationkey = n2.n_nationkey)", "Rows Removed by Index Recheck": 0, "Exact Heap Blocks": 59938, "Lossy Heap Blocks": 59938, "Plans": [{"Node Type": "Bitmap Index Scan", "Parent Relationship": "Outer", "Index Name": "idx_customer_nationkey", "Startup Cost": 0.0, "Total Cost": 1015.37, "Plan Rows": 60000, "Plan Width": 0, "Actual Startup Time": 22.302, "Actual Total Time": 22.302, "Actual Rows": 119972, "Actual Loops": 2, "Index Cond": "(c_nationkey = n2.n_nationkey)"}]}]}, {"Node Type": "Index Scan", "Parent Relationship": "Inner", "Scan Direction": "Forward", "Index Name": "idx_orders_custkey", "Relation Name": "orders", "Alias": "orders", "Startup Cost": 0.0, "Total Cost": 1.22, "Plan Rows": 4, "Plan Width": 16, "Actual Startup Time": 738.147, "Actual Total Time": 3370.631, "Actual Rows": 1200363, "Actual Loops": 119972, "Index Cond": "(o_custkey = customer.c_custkey)", "Rows Removed by Index Recheck": 0}]}, {"Node Type": "Index Scan", "Parent Relationship": "Inner", "Scan Direction": "Forward", "Index Name": "idx_lineitem_orderkey", "Relation Name": "lineitem", "Alias": "lineitem", "Startup Cost": 0.0, "Total Cost": 0.91, "Plan Rows": 3, "Plan Width": 40, "Actual Startup Time": 12927.978, "Actual Total Time": 14089.887, "Actual Rows": 1459150, "Actual Loops": 1200363, "Index Cond": "(l_orderkey = orders.o_orderkey)", "Rows Removed by Index Recheck": 0, "Filter": "((l_shipdate >= '1995-01-01 00:00:00'::timestamp(0) without time zone) AND (l_shipdate <= '1996-12-31 00:00:00'::timestamp(0) without time zone))", "Rows Removed by Filter": 3342563}]}, {"Node Type": "Hash", "Parent Relationship": "Inner", "Startup Cost": 5334.54, "Total Cost": 5334.54, "Plan Rows": 100000, "Plan Width": 12, "Actual Startup Time": 92.677, "Actual Total Time": 92.677, "Actual Rows": 100000, "Actual Loops": 1, "Hash Buckets": 131072, "Hash Batches": 1, "Original Hash Batches": 1, "Peak Memory Usage": 4297, "Plans": [{"Node Type": "Index Scan", "Parent Relationship": "Outer", "Scan Direction": "Forward", "Index Name": "supplier_pkey", "Relation Name": "supplier", "Alias": "supplier", "Startup Cost": 0.0, "Total Cost": 5334.54, "Plan Rows": 100000, "Plan Width": 12, "Actual Startup Time": 0.023, "Actual Total Time": 60.319, "Actual Rows": 100000, "Actual Loops": 1}]}]}]}]}, "Triggers": [], "Planner Runtime": 2, "Total Runtime": 19983.037, "Unique SQL Id": 2208782157}}, "(1, 2)": {"explain_plan": {"Plan": {"Node Type": "Aggregate", "Strategy": "Sorted", "Startup Cost": 2821099.39, "Total Cost": 2821210.03, "Plan Rows": 3688, "Plan Width": 84, "Group By Key": ["n1.n_name", "n2.n_name", "(date_part('year'::text, lineitem.l_shipdate))"], "Plans": [{"Node Type": "Sort", "Parent Relationship": "Outer", "Startup Cost": 2821099.39, "Total Cost": 2821108.61, "Plan Rows": 3688, "Plan Width": 76, "Sort Key": ["n1.n_name", "n2.n_name", "(date_part('year'::text, lineitem.l_shipdate))"], "Plans": [{"Node Type": "Hash Join", "Parent Relationship": "Outer", "Join Type": "Inner", "Startup Cost": 21163.77, "Total Cost": 2820880.9, "Plan Rows": 3688, "Plan Width": 76, "Inner Unique": true, "Hash Cond": "((lineitem.l_suppkey = supplier.s_suppkey) AND (n1.n_nationkey = supplier.s_nationkey))", "Plans": [{"Node Type": "Nested Loop", "Parent Relationship": "Outer", "Join Type": "Inner", "Startup Cost": 16380.77, "Total Cost": 2810513.92, "Plan Rows": 740786, "Plan Width": 88, "Inner Unique": false, "Plans": [{"Node Type": "Hash Join", "Parent Relationship": "Outer", "Join Type": "Inner", "Startup Cost": 16380.39, "Total Cost": 504091.94, "Plan Rows": 504972, "Plan Width": 64, "Inner Unique": false, "Hash Cond": "(orders.o_custkey = customer.c_custkey), (LLVM Optimized)", "Plans": [{"Node Type": "Seq Scan", "Parent Relationship": "Outer", "Relation Name": "orders", "Alias": "orders", "Startup Cost": 0.0, "Total Cost": 426413.79, "Plan Rows": 14999479, "Plan Width": 16}, {"Node Type": "Hash", "Parent Relationship": "Inner", "Startup Cost": 14881.59, "Total Cost": 14881.59, "Plan Rows": 119904, "Plan Width": 64, "Plans": [{"Node Type": "Nested Loop", "Parent Relationship": "Outer", "Join Type": "Inner", "Startup Cost": 1030.37, "Total Cost": 14881.59, "Plan Rows": 119904, "Plan Width": 64, "Inner Unique": false, "Plans": [{"Node Type": "Nested Loop", "Parent Relationship": "Outer", "Join Type": "Inner", "Startup Cost": 0.0, "Total Cost": 16.62, "Plan Rows": 2, "Plan Width": 60, "Inner Unique": false, "Join Filter": "(((n1.n_name = 'JAPAN'::bpchar) AND (n2.n_name = 'INDIA'::bpchar)) OR ((n1.n_name = 'INDIA'::bpchar) AND (n2.n_name = 'JAPAN'::bpchar)))", "Plans": [{"Node Type": "Seq Scan", "Parent Relationship": "Outer", "Relation Name": "nation", "Alias": "n1", "Startup Cost": 0.0, "Total Cost": 1.25, "Plan Rows": 25, "Plan Width": 30, "Filter": "((n_name = 'JAPAN'::bpchar) OR (n_name = 'INDIA'::bpchar))"}, {"Node Type": "Materialize", "Parent Relationship": "Inner", "Startup Cost": 0.0, "Total Cost": 1.38, "Plan Rows": 25, "Plan Width": 30, "Plans": [{"Node Type": "Seq Scan", "Parent Relationship": "Outer", "Relation Name": "nation", "Alias": "n2", "Startup Cost": 0.0, "Total Cost": 1.25, "Plan Rows": 25, "Plan Width": 30, "Filter": "((n_name = 'INDIA'::bpchar) OR (n_name = 'JAPAN'::bpchar))"}]}]}, {"Node Type": "Bitmap Heap Scan", "Parent Relationship": "Inner", "Relation Name": "customer", "Alias": "customer", "Startup Cost": 1030.37, "Total Cost": 6832.48, "Plan Rows": 60000, "Plan Width": 12, "Recheck Cond": "(c_nationkey = n2.n_nationkey)", "Plans": [{"Node Type": "Bitmap Index Scan", "Parent Relationship": "Outer", "Index Name": "idx_customer_nationkey", "Startup Cost": 0.0, "Total Cost": 1015.37, "Plan Rows": 60000, "Plan Width": 0, "Index Cond": "(c_nationkey = n2.n_nationkey)"}]}]}]}]}, {"Node Type": "Bitmap Heap Scan", "Parent Relationship": "Inner", "Relation Name": "lineitem", "Alias": "lineitem", "Startup Cost": 0.38, "Total Cost": 4.54, "Plan Rows": 3, "Plan Width": 40, "Recheck Cond": "(l_orderkey = orders.o_orderkey)", "Filter": "((l_shipdate >= '1995-01-01 00:00:00'::timestamp(0) without time zone) AND (l_shipdate <= '1996-12-31 00:00:00'::timestamp(0) without time zone))", "Plans": [{"Node Type": "Bitmap Index Scan", "Parent Relationship": "Outer", "Index Name": "idx_lineitem_orderkey", "Startup Cost": 0.0, "Total Cost": 0.38, "Plan Rows": 9, "Plan Width": 0, "Index Cond": "(l_orderkey = orders.o_orderkey)"}]}]}, {"Node Type": "Hash", "Parent Relationship": "Inner", "Startup Cost": 3283.0, "Total Cost": 3283.0, "Plan Rows": 100000, "Plan Width": 12, "Plans": [{"Node Type": "Seq Scan", "Parent Relationship": "Outer", "Relation Name": "supplier", "Alias": "supplier", "Startup Cost": 0.0, "Total Cost": 3283.0, "Plan Rows": 100000, "Plan Width": 12}]}]}]}]}, "Unique SQL Id": 2208782157, "Planner Runtime": 4}, "explain_analyze_plan": {"Plan": {"Node Type": "Aggregate", "Strategy": "Sorted", "Startup Cost": 2821099.39, "Total Cost": 2821210.03, "Plan Rows": 3688, "Plan Width": 84, "Actual Startup Time": 24019.755, "Actual Total Time": 24053.432, "Actual Rows": 4, "Actual Loops": 1, "Group By Key": ["n1.n_name", "n2.n_name", "(date_part('year'::text, lineitem.l_shipdate))"], "Plans": [{"Node Type": "Sort", "Parent Relationship": "Outer", "Startup Cost": 2821099.39, "Total Cost": 2821108.61, "Plan Rows": 3688, "Plan Width": 76, "Actual Startup Time": 24008.555, "Actual Total Time": 24014.638, "Actual Rows": 58554, "Actual Loops": 1, "Sort Key": ["n1.n_name", "n2.n_name", "(date_part('year'::text, lineitem.l_shipdate))"], "Sort Method": "quicksort", "Sort Space Used": 10686, "Sort Space Type": "Memory", "Plans": [{"Node Type": "Hash Join", "Parent Relationship": "Outer", "Join Type": "Inner", "Startup Cost": 21163.77, "Total Cost": 2820880.9, "Plan Rows": 3688, "Plan Width": 76, "Actual Startup Time": 320.133, "Actual Total Time": 23947.507, "Actual Rows": 58554, "Actual Loops": 1, "Inner Unique": true, "Hash Cond": "((lineitem.l_suppkey = supplier.s_suppkey) AND (n1.n_nationkey = supplier.s_nationkey))", "Plans": [{"Node Type": "Nested Loop", "Parent Relationship": "Outer", "Join Type": "Inner", "Startup Cost": 16380.77, "Total Cost": 2810513.92, "Plan Rows": 740786, "Plan Width": 88, "Actual Startup Time": 252.262, "Actual Total Time": 23107.032, "Actual Rows": 1459150, "Actual Loops": 1, "Inner Unique": false, "Plans": [{"Node Type": "Hash Join", "Parent Relationship": "Outer", "Join Type": "Inner", "Startup Cost": 16380.39, "Total Cost": 504091.94, "Plan Rows": 504972, "Plan Width": 64, "Actual Startup Time": 252.173, "Actual Total Time": 10094.773, "Actual Rows": 1200363, "Actual Loops": 1, "Inner Unique": false, "Hash Cond": "(orders.o_custkey = customer.c_custkey), (LLVM Optimized, Jit Execute)", "Plans": [{"Node Type": "Seq Scan", "Parent Relationship": "Outer", "Relation Name": "orders", "Alias": "orders", "Startup Cost": 0.0, "Total Cost": 426413.79, "Plan Rows": 14999479, "Plan Width": 16, "Actual Startup Time": 0.013, "Actual Total Time": 4180.316, "Actual Rows": 15000000, "Actual Loops": 1}, {"Node Type": "Hash", "Parent Relationship": "Inner", "Startup Cost": 14881.59, "Total Cost": 14881.59, "Plan Rows": 119904, "Plan Width": 64, "Actual Startup Time": 252.012, "Actual Total Time": 252.012, "Actual Rows": 119972, "Actual Loops": 1, "Hash Buckets": 131072, "Hash Batches": 1, "Original Hash Batches": 1, "Peak Memory Usage": 11248, "Plans": [{"Node Type": "Nested Loop", "Parent Relationship": "Outer", "Join Type": "Inner", "Startup Cost": 1030.37, "Total Cost": 14881.59, "Plan Rows": 119904, "Plan Width": 64, "Actual Startup Time": 18.127, "Actual Total Time": 207.945, "Actual Rows": 119972, "Actual Loops": 1, "Inner Unique": false, "Plans": [{"Node Type": "Nested Loop", "Parent Relationship": "Outer", "Join Type": "Inner", "Startup Cost": 0.0, "Total Cost": 16.62, "Plan Rows": 2, "Plan Width": 60, "Actual Startup Time": 0.074, "Actual Total Time": 0.164, "Actual Rows": 2, "Actual Loops": 1, "Inner Unique": false, "Join Filter": "(((n1.n_name = 'JAPAN'::bpchar) AND (n2.n_name = 'INDIA'::bpchar)) OR ((n1.n_name = 'INDIA'::bpchar) AND (n2.n_name = 'JAPAN'::bpchar)))", "Rows Removed by Join Filter": 2, "Plans": [{"Node Type": "Seq Scan", "Parent Relationship": "Outer", "Relation Name": "nation", "Alias": "n1", "Startup Cost": 0.0, "Total Cost": 1.25, "Plan Rows": 25, "Plan Width": 30, "Actual Startup Time": 0.041, "Actual Total Time": 0.06, "Actual Rows": 2, "Actual Loops": 1, "Filter": "((n_name = 'JAPAN'::bpchar) OR (n_name = 'INDIA'::bpchar))", "Rows Removed by Filter": 23}, {"Node Type": "Materialize", "Parent Relationship": "Inner", "Startup Cost": 0.0, "Total Cost": 1.38, "Plan Rows": 25, "Plan Width": 30, "Actual Startup Time": 0.023, "Actual Total Time": 0.053, "Actual Rows": 4, "Actual Loops": 2, "Plans": [{"Node Type": "Seq Scan", "Parent Relationship": "Outer", "Relation Name": "nation", "Alias": "n2", "Startup Cost": 0.0, "Total Cost": 1.25, "Plan Rows": 25, "Plan Width": 30, "Actual Startup Time": 0.015, "Actual Total Time": 0.041, "Actual Rows": 2, "Actual Loops": 1, "Filter": "((n_name = 'INDIA'::bpchar) OR (n_name = 'JAPAN'::bpchar))", "Rows Removed by Filter": 23}]}]}, {"Node Type": "Bitmap Heap Scan", "Parent Relationship": "Inner", "Relation Name": "customer", "Alias": "customer", "Startup Cost": 1030.37, "Total Cost": 6832.48, "Plan Rows": 60000, "Plan Width": 12, "Actual Startup Time": 35.922, "Actual Total Time": 183.334, "Actual Rows": 119972, "Actual Loops": 2, "Recheck Cond": "(c_nationkey = n2.n_nationkey)", "Rows Removed by Index Recheck": 0, "Exact Heap Blocks": 59938, "Lossy Heap Blocks": 59938, "Plans": [{"Node Type": "Bitmap Index Scan", "Parent Relationship": "Outer", "Index Name": "idx_customer_nationkey", "Startup Cost": 0.0, "Total Cost": 1015.37, "Plan Rows": 60000, "Plan Width": 0, "Actual Startup Time": 22.698, "Actual Total Time": 22.698, "Actual Rows": 119972, "Actual Loops": 2, "Index Cond": "(c_nationkey = n2.n_nationkey)"}]}]}]}]}, {"Node Type": "Bitmap Heap Scan", "Parent Relationship": "Inner", "Relation Name": "lineitem", "Alias": "lineitem", "Startup Cost": 0.38, "Total Cost": 4.54, "Plan Rows": 3, "Plan Width": 40, "Actual Startup Time": 10661.081, "Actual Total Time": 11276.135, "Actual Rows": 1459150, "Actual Loops": 1200363, "Recheck Cond": "(l_orderkey = orders.o_orderkey)", "Rows Removed by Index Recheck": 0, "Filter": "((l_shipdate >= '1995-01-01 00:00:00'::timestamp(0) without time zone) AND (l_shipdate <= '1996-12-31 00:00:00'::timestamp(0) without time zone))", "Rows Removed by Filter": 3342563, "Exact Heap Blocks": 1285989, "Lossy Heap Blocks": 1285989, "Plans": [{"Node Type": "Bitmap Index Scan", "Parent Relationship": "Outer", "Index Name": "idx_lineitem_orderkey", "Startup Cost": 0.0, "Total Cost": 0.38, "Plan Rows": 9, "Plan Width": 0, "Actual Startup Time": 5002.618, "Actual Total Time": 5002.618, "Actual Rows": 4801713, "Actual Loops": 1200363, "Index Cond": "(l_orderkey = orders.o_orderkey)"}]}]}, {"Node Type": "Hash", "Parent Relationship": "Inner", "Startup Cost": 3283.0, "Total Cost": 3283.0, "Plan Rows": 100000, "Plan Width": 12, "Actual Startup Time": 67.513, "Actual Total Time": 67.513, "Actual Rows": 100000, "Actual Loops": 1, "Hash Buckets": 131072, "Hash Batches": 1, "Original Hash Batches": 1, "Peak Memory Usage": 4297, "Plans": [{"Node Type": "Seq Scan", "Parent Relationship": "Outer", "Relation Name": "supplier", "Alias": "supplier", "Startup Cost": 0.0, "Total Cost": 3283.0, "Plan Rows": 100000, "Plan Width": 12, "Actual Startup Time": 0.027, "Actual Total Time": 36.747, "Actual Rows": 100000, "Actual Loops": 1}]}]}]}]}, "Triggers": [], "Planner Runtime": 2, "Total Runtime": 24062.624, "Unique SQL Id": 2208782157}}, "(1, 3)": {"explain_plan": {"Plan": {"Node Type": "Aggregate", "Strategy": "Sorted", "Startup Cost": 99673573.01, "Total Cost": 99673683.65, "Plan Rows": 3688, "Plan Width": 84, "Group By Key": ["n1.n_name", "n2.n_name", "(date_part('year'::text, lineitem.l_shipdate))"], "Plans": [{"Node Type": "Sort", "Parent Relationship": "Outer", "Startup Cost": 99673573.01, "Total Cost": 99673582.23, "Plan Rows": 3688, "Plan Width": 76, "Sort Key": ["n1.n_name", "n2.n_name", "(date_part('year'::text, lineitem.l_shipdate))"], "Plans": [{"Node Type": "Nested Loop", "Parent Relationship": "Outer", "Join Type": "Inner", "Startup Cost": 627986.71, "Total Cost": 99673354.52, "Plan Rows": 3688, "Plan Width": 76, "Inner Unique": true, "Join Filter": "(((n1.n_name = 'JAPAN'::bpchar) AND (n2.n_name = 'INDIA'::bpchar)) OR ((n1.n_name = 'INDIA'::bpchar) AND (n2.n_name = 'JAPAN'::bpchar)))", "Plans": [{"Node Type": "Nested Loop", "Parent Relationship": "Outer", "Join Type": "Inner", "Startup Cost": 627986.45, "Total Cost": 94724471.42, "Plan Rows": 1153515, "Plan Width": 54, "Inner Unique": true, "Plans": [{"Node Type": "Nested Loop", "Parent Relationship": "Outer", "Join Type": "Inner", "Startup Cost": 627986.2, "Total Cost": 89787046.56, "Plan Rows": 1153515, "Plan Width": 32, "Inner Unique": true, "Plans": [{"Node Type": "Nested Loop", "Parent Relationship": "Outer", "Join Type": "Inner", "Startup Cost": 627985.94, "Total Cost": 84848088.55, "Plan Rows": 1153515, "Plan Width": 36, "Inner Unique": true, "Plans": [{"Node Type": "Nested Loop", "Parent Relationship": "Outer", "Join Type": "Inner", "Startup Cost": 627985.67, "Total Cost": 79896146.0, "Plan Rows": 1153515, "Plan Width": 36, "Inner Unique": true, "Plans": [{"Node Type": "Bitmap Heap Scan", "Parent Relationship": "Outer", "Relation Name": "lineitem", "Alias": "lineitem", "Startup Cost": 627985.41, "Total Cost": 2315105.27, "Plan Rows": 18124991, "Plan Width": 40, "Recheck Cond": "((l_shipdate >= '1995-01-01 00:00:00'::timestamp(0) without time zone) AND (l_shipdate <= '1996-12-31 00:00:00'::timestamp(0) without time zone)), (LLVM Optimized)", "Plans": [{"Node Type": "Bitmap Index Scan", "Parent Relationship": "Outer", "Index Name": "idx_lineitem_shipdate", "Startup Cost": 0.0, "Total Cost": 623454.16, "Plan Rows": 18124991, "Plan Width": 0, "Index Cond": "((l_shipdate >= '1995-01-01 00:00:00'::timestamp(0) without time zone) AND (l_shipdate <= '1996-12-31 00:00:00'::timestamp(0) without time zone))"}]}, {"Node Type": "Bitmap Heap Scan", "Parent Relationship": "Inner", "Relation Name": "supplier", "Alias": "supplier", "Startup Cost": 0.26, "Total Cost": 4.27, "Plan Rows": 1, "Plan Width": 12, "Recheck Cond": "(s_suppkey = lineitem.l_suppkey)", "Plans": [{"Node Type": "Bitmap Index Scan", "Parent Relationship": "Outer", "Index Name": "supplier_pkey", "Startup Cost": 0.0, "Total Cost": 0.26, "Plan Rows": 1, "Plan Width": 0, "Index Cond": "(s_suppkey = lineitem.l_suppkey)"}]}]}, {"Node Type": "Bitmap Heap Scan", "Parent Relationship": "Inner", "Relation Name": "orders", "Alias": "orders", "Startup Cost": 0.27, "Total Cost": 4.28, "Plan Rows": 1, "Plan Width": 16, "Recheck Cond": "(o_orderkey = lineitem.l_orderkey)", "Plans": [{"Node Type": "Bitmap Index Scan", "Parent Relationship": "Outer", "Index Name": "orders_pkey", "Startup Cost": 0.0, "Total Cost": 0.27, "Plan Rows": 1, "Plan Width": 0, "Index Cond": "(o_orderkey = lineitem.l_orderkey)"}]}]}, {"Node Type": "Bitmap Heap Scan", "Parent Relationship": "Inner", "Relation Name": "customer", "Alias": "customer", "Startup Cost": 0.26, "Total Cost": 4.27, "Plan Rows": 1, "Plan Width": 12, "Recheck Cond": "(c_custkey = orders.o_custkey)", "Plans": [{"Node Type": "Bitmap Index Scan", "Parent Relationship": "Outer", "Index Name": "customer_pkey", "Startup Cost": 0.0, "Total Cost": 0.26, "Plan Rows": 1, "Plan Width": 0, "Index Cond": "(c_custkey = orders.o_custkey)"}]}]}, {"Node Type": "Bitmap Heap Scan", "Parent Relationship": "Inner", "Relation Name": "nation", "Alias": "n1", "Startup Cost": 0.26, "Total Cost": 4.27, "Plan Rows": 1, "Plan Width": 30, "Recheck Cond": "(n_nationkey = supplier.s_nationkey)", "Filter": "((n_name = 'JAPAN'::bpchar) OR (n_name = 'INDIA'::bpchar))", "Plans": [{"Node Type": "Bitmap Index Scan", "Parent Relationship": "Outer", "Index Name": "nation_pkey", "Startup Cost": 0.0, "Total Cost": 0.26, "Plan Rows": 1, "Plan Width": 0, "Index Cond": "(n_nationkey = supplier.s_nationkey)"}]}]}, {"Node Type": "Bitmap Heap Scan", "Parent Relationship": "Inner", "Relation Name": "nation", "Alias": "n2", "Startup Cost": 0.26, "Total Cost": 4.27, "Plan Rows": 1, "Plan Width": 30, "Recheck Cond": "(n_nationkey = customer.c_nationkey)", "Filter": "((n_name = 'INDIA'::bpchar) OR (n_name = 'JAPAN'::bpchar))", "Plans": [{"Node Type": "Bitmap Index Scan", "Parent Relationship": "Outer", "Index Name": "nation_pkey", "Startup Cost": 0.0, "Total Cost": 0.26, "Plan Rows": 1, "Plan Width": 0, "Index Cond": "(n_nationkey = customer.c_nationkey)"}]}]}]}]}, "Unique SQL Id": 2208782157, "Planner Runtime": 3}, "explain_analyze_plan": null}, "(1, 4)": {"explain_plan": {"Plan": {"Node Type": "Aggregate", "Strategy": "Sorted", "Startup Cost": 653338.7, "Total Cost": 653449.34, "Plan Rows": 3688, "Plan Width": 84, "Group By Key": ["n1.n_name", "n2.n_name", "(date_part('year'::text, lineitem.l_shipdate))"], "Plans": [{"Node Type": "Sort", "Parent Relationship": "Outer", "Startup Cost": 653338.7, "Total Cost": 653347.92, "Plan Rows": 3688, "Plan Width": 76, "Sort Key": ["n1.n_name", "n2.n_name", "(date_part('year'::text, lineitem.l_shipdate))"], "Plans": [{"Node Type": "Hash Join", "Parent Relationship": "Outer", "Join Type": "Inner", "Startup Cost": 5813.37, "Total Cost": 653120.22, "Plan Rows": 3688, "Plan Width": 76, "Inner Unique": true, "Hash Cond": "((lineitem.l_suppkey = supplier.s_suppkey) AND (n1.n_nationkey = supplier.s_nationkey))", "Plans": [{"Node Type": "Nested Loop", "Parent Relationship": "Outer", "Join Type": "Inner", "Startup Cost": 1030.37, "Total Cost": 642753.24, "Plan Rows": 740786, "Plan Width": 88, "Inner Unique": false, "Plans": [{"Node Type": "Nested Loop", "Parent Relationship": "Outer", "Join Type": "Inner", "Startup Cost": 1030.37, "Total Cost": 166015.61, "Plan Rows": 504972, "Plan Width": 64, "Inner Unique": false, "Plans": [{"Node Type": "Nested Loop", "Parent Relationship": "Outer", "Join Type": "Inner", "Startup Cost": 1030.37, "Total Cost": 14893.09, "Plan Rows": 119904, "Plan Width": 64, "Inner Unique": false, "Plans": [{"Node Type": "Nested Loop", "Parent Relationship": "Outer", "Join Type": "Inner", "Startup Cost": 0.0, "Total Cost": 28.12, "Plan Rows": 2, "Plan Width": 60, "Inner Unique": false, "Join Filter": "(((n1.n_name = 'JAPAN'::bpchar) AND (n2.n_name = 'INDIA'::bpchar)) OR ((n1.n_name = 'INDIA'::bpchar) AND (n2.n_name = 'JAPAN'::bpchar)))", "Plans": [{"Node Type": "Index Scan", "Parent Relationship": "Outer", "Scan Direction": "Forward", "Index Name": "nation_pkey", "Relation Name": "nation", "Alias": "n1", "Startup Cost": 0.0, "Total Cost": 12.75, "Plan Rows": 25, "Plan Width": 30, "Filter": "((n_name = 'JAPAN'::bpchar) OR (n_name = 'INDIA'::bpchar))"}, {"Node Type": "Materialize", "Parent Relationship": "Inner", "Startup Cost": 0.0, "Total Cost": 1.38, "Plan Rows": 25, "Plan Width": 30, "Plans": [{"Node Type": "Seq Scan", "Parent Relationship": "Outer", "Relation Name": "nation", "Alias": "n2", "Startup Cost": 0.0, "Total Cost": 1.25, "Plan Rows": 25, "Plan Width": 30, "Filter": "((n_name = 'INDIA'::bpchar) OR (n_name = 'JAPAN'::bpchar))"}]}]}, {"Node Type": "Bitmap Heap Scan", "Parent Relationship": "Inner", "Relation Name": "customer", "Alias": "customer", "Startup Cost": 1030.37, "Total Cost": 6832.48, "Plan Rows": 60000, "Plan Width": 12, "Recheck Cond": "(c_nationkey = n2.n_nationkey)", "Plans": [{"Node Type": "Bitmap Index Scan", "Parent Relationship": "Outer", "Index Name": "idx_customer_nationkey", "Startup Cost": 0.0, "Total Cost": 1015.37, "Plan Rows": 60000, "Plan Width": 0, "Index Cond": "(c_nationkey = n2.n_nationkey)"}]}]}, {"Node Type": "Index Scan", "Parent Relationship": "Inner", "Scan Direction": "Forward", "Index Name": "idx_orders_custkey", "Relation Name": "orders", "Alias": "orders", "Startup Cost": 0.0, "Total Cost": 1.22, "Plan Rows": 4, "Plan Width": 16, "Index Cond": "(o_custkey = customer.c_custkey)"}]}, {"Node Type": "Index Scan", "Parent Relationship": "Inner", "Scan Direction": "Forward", "Index Name": "idx_lineitem_orderkey", "Relation Name": "lineitem", "Alias": "lineitem", "Startup Cost": 0.0, "Total Cost": 0.91, "Plan Rows": 3, "Plan Width": 40, "Index Cond": "(l_orderkey = orders.o_orderkey)", "Filter": "((l_shipdate >= '1995-01-01 00:00:00'::timestamp(0) without time zone) AND (l_shipdate <= '1996-12-31 00:00:00'::timestamp(0) without time zone))"}]}, {"Node Type": "Hash", "Parent Relationship": "Inner", "Startup Cost": 3283.0, "Total Cost": 3283.0, "Plan Rows": 100000, "Plan Width": 12, "Plans": [{"Node Type": "Seq Scan", "Parent Relationship": "Outer", "Relation Name": "supplier", "Alias": "supplier", "Startup Cost": 0.0, "Total Cost": 3283.0, "Plan Rows": 100000, "Plan Width": 12}]}]}]}]}, "Unique SQL Id": 2208782157, "Planner Runtime": 4}, "explain_analyze_plan": {"Plan": {"Node Type": "Aggregate", "Strategy": "Sorted", "Startup Cost": 653338.7, "Total Cost": 653449.34, "Plan Rows": 3688, "Plan Width": 84, "Actual Startup Time": 20027.656, "Actual Total Time": 20061.424, "Actual Rows": 4, "Actual Loops": 1, "Group By Key": ["n1.n_name", "n2.n_name", "(date_part('year'::text, lineitem.l_shipdate))"], "Plans": [{"Node Type": "Sort", "Parent Relationship": "Outer", "Startup Cost": 653338.7, "Total Cost": 653347.92, "Plan Rows": 3688, "Plan Width": 76, "Actual Startup Time": 20016.496, "Actual Total Time": 20022.268, "Actual Rows": 58554, "Actual Loops": 1, "Sort Key": ["n1.n_name", "n2.n_name", "(date_part('year'::text, lineitem.l_shipdate))"], "Sort Method": "quicksort", "Sort Space Used": 10686, "Sort Space Type": "Memory", "Plans": [{"Node Type": "Hash Join", "Parent Relationship": "Outer", "Join Type": "Inner", "Startup Cost": 5813.37, "Total Cost": 653120.22, "Plan Rows": 3688, "Plan Width": 76, "Actual Startup Time": 85.638, "Actual Total Time": 19962.976, "Actual Rows": 58554, "Actual Loops": 1, "Inner Unique": true, "Hash Cond": "((lineitem.l_suppkey = supplier.s_suppkey) AND (n1.n_nationkey = supplier.s_nationkey))", "Plans": [{"Node Type": "Nested Loop", "Parent Relationship": "Outer", "Join Type": "Inner", "Startup Cost": 1030.37, "Total Cost": 642753.24, "Plan Rows": 740786, "Plan Width": 88, "Actual Startup Time": 18.028, "Actual Total Time": 19160.259, "Actual Rows": 1459150, "Actual Loops": 1, "Inner Unique": false, "Plans": [{"Node Type": "Nested Loop", "Parent Relationship": "Outer", "Join Type": "Inner", "Startup Cost": 1030.37, "Total Cost": 166015.61, "Plan Rows": 504972, "Plan Width": 64, "Actual Startup Time": 17.951, "Actual Total Time": 4033.511, "Actual Rows": 1200363, "Actual Loops": 1, "Inner Unique": false, "Plans": [{"Node Type": "Nested Loop", "Parent Relationship": "Outer", "Join Type": "Inner", "Startup Cost": 1030.37, "Total Cost": 14893.09, "Plan Rows": 119904, "Plan Width": 64, "Actual Startup Time": 17.923, "Actual Total Time": 281.391, "Actual Rows": 119972, "Actual Loops": 1, "Inner Unique": false, "Plans": [{"Node Type": "Nested Loop", "Parent Relationship": "Outer", "Join Type": "Inner", "Startup Cost": 0.0, "Total Cost": 28.12, "Plan Rows": 2, "Plan Width": 60, "Actual Startup Time": 0.064, "Actual Total Time": 0.236, "Actual Rows": 2, "Actual Loops": 1, "Inner Unique": false, "Join Filter": "(((n1.n_name = 'JAPAN'::bpchar) AND (n2.n_name = 'INDIA'::bpchar)) OR ((n1.n_name = 'INDIA'::bpchar) AND (n2.n_name = 'JAPAN'::bpchar)))", "Rows Removed by Join Filter": 2, "Plans": [{"Node Type": "Index Scan", "Parent Relationship": "Outer", "Scan Direction": "Forward", "Index Name": "nation_pkey", "Relation Name": "nation", "Alias": "n1", "Startup Cost": 0.0, "Total Cost": 12.75, "Plan Rows": 25, "Plan Width": 30, "Actual Startup Time": 0.027, "Actual Total Time": 0.051, "Actual Rows": 2, "Actual Loops": 1, "Filter": "((n_name = 'JAPAN'::bpchar) OR (n_name = 'INDIA'::bpchar))", "Rows Removed by Filter": 23}, {"Node Type": "Materialize", "Parent Relationship": "Inner", "Startup Cost": 0.0, "Total Cost": 1.38, "Plan Rows": 25, "Plan Width": 30, "Actual Startup Time": 0.027, "Actual Total Time": 0.055, "Actual Rows": 4, "Actual Loops": 2, "Plans": [{"Node Type": "Seq Scan", "Parent Relationship": "Outer", "Relation Name": "nation", "Alias": "n2", "Startup Cost": 0.0, "Total Cost": 1.25, "Plan Rows": 25, "Plan Width": 30, "Actual Startup Time": 0.019, "Actual Total Time": 0.042, "Actual Rows": 2, "Actual Loops": 1, "Filter": "((n_name = 'INDIA'::bpchar) OR (n_name = 'JAPAN'::bpchar))", "Rows Removed by Filter": 23}]}]}, {"Node Type": "Bitmap Heap Scan", "Parent Relationship": "Inner", "Relation Name": "customer", "Alias": "customer", "Startup Cost": 1030.37, "Total Cost": 6832.48, "Plan Rows": 60000, "Plan Width": 12, "Actual Startup Time": 35.81, "Actual Total Time": 249.814, "Actual Rows": 119972, "Actual Loops": 2, "Recheck Cond": "(c_nationkey = n2.n_nationkey)", "Rows Removed by Index Recheck": 0, "Exact Heap Blocks": 59938, "Lossy Heap Blocks": 59938, "Plans": [{"Node Type": "Bitmap Index Scan", "Parent Relationship": "Outer", "Index Name": "idx_customer_nationkey", "Startup Cost": 0.0, "Total Cost": 1015.37, "Plan Rows": 60000, "Plan Width": 0, "Actual Startup Time": 22.622, "Actual Total Time": 22.622, "Actual Rows": 119972, "Actual Loops": 2, "Index Cond": "(c_nationkey = n2.n_nationkey)"}]}]}, {"Node Type": "Index Scan", "Parent Relationship": "Inner", "Scan Direction": "Forward", "Index Name": "idx_orders_custkey", "Relation Name": "orders", "Alias": "orders", "Startup Cost": 0.0, "Total Cost": 1.22, "Plan Rows": 4, "Plan Width": 16, "Actual Startup Time": 738.111, "Actual Total Time": 3403.667, "Actual Rows": 1200363, "Actual Loops": 119972, "Index Cond": "(o_custkey = customer.c_custkey)", "Rows Removed by Index Recheck": 0}]}, {"Node Type": "Index Scan", "Parent Relationship": "Inner", "Scan Direction": "Forward", "Index Name": "idx_lineitem_orderkey", "Relation Name": "lineitem", "Alias": "lineitem", "Startup Cost": 0.0, "Total Cost": 0.91, "Plan Rows": 3, "Plan Width": 40, "Actual Startup Time": 12968.962, "Actual Total Time": 14148.592, "Actual Rows": 1459150, "Actual Loops": 1200363, "Index Cond": "(l_orderkey = orders.o_orderkey)", "Rows Removed by Index Recheck": 0, "Filter": "((l_shipdate >= '1995-01-01 00:00:00'::timestamp(0) without time zone) AND (l_shipdate <= '1996-12-31 00:00:00'::timestamp(0) without time zone))", "Rows Removed by Filter": 3342563}]}, {"Node Type": "Hash", "Parent Relationship": "Inner", "Startup Cost": 3283.0, "Total Cost": 3283.0, "Plan Rows": 100000, "Plan Width": 12, "Actual Startup Time": 67.356, "Actual Total Time": 67.356, "Actual Rows": 100000, "Actual Loops": 1, "Hash Buckets": 131072, "Hash Batches": 1, "Original Hash Batches": 1, "Peak Memory Usage": 4297, "Plans": [{"Node Type": "Seq Scan", "Parent Relationship": "Outer", "Relation Name": "supplier", "Alias": "supplier", "Startup Cost": 0.0, "Total Cost": 3283.0, "Plan Rows": 100000, "Plan Width": 12, "Actual Startup Time": 0.016, "Actual Total Time": 36.368, "Actual Rows": 100000, "Actual Loops": 1}]}]}]}]}, "Triggers": [], "Planner Runtime": 2, "Total Runtime": 20061.957, "Unique SQL Id": 2208782157}}, "(1, 5)": {"explain_plan": {"Plan": {"Node Type": "Aggregate", "Strategy": "Sorted", "Startup Cost": 655401.75, "Total Cost": 655512.39, "Plan Rows": 3688, "Plan Width": 84, "Group By Key": ["n1.n_name", "n2.n_name", "(date_part('year'::text, lineitem.l_shipdate))"], "Plans": [{"Node Type": "Sort", "Parent Relationship": "Outer", "Startup Cost": 655401.75, "Total Cost": 655410.97, "Plan Rows": 3688, "Plan Width": 76, "Sort Key": ["n1.n_name", "n2.n_name", "(date_part('year'::text, lineitem.l_shipdate))"], "Plans": [{"Node Type": "Hash Join", "Parent Relationship": "Outer", "Join Type": "Inner", "Startup Cost": 7864.91, "Total Cost": 655183.26, "Plan Rows": 3688, "Plan Width": 76, "Inner Unique": true, "Hash Cond": "((lineitem.l_suppkey = supplier.s_suppkey) AND (n1.n_nationkey = supplier.s_nationkey))", "Plans": [{"Node Type": "Nested Loop", "Parent Relationship": "Outer", "Join Type": "Inner", "Startup Cost": 1030.37, "Total Cost": 642764.74, "Plan Rows": 740786, "Plan Width": 88, "Inner Unique": false, "Plans": [{"Node Type": "Nested Loop", "Parent Relationship": "Outer", "Join Type": "Inner", "Startup Cost": 1030.37, "Total Cost": 166027.11, "Plan Rows": 504972, "Plan Width": 64, "Inner Unique": false, "Plans": [{"Node Type": "Nested Loop", "Parent Relationship": "Outer", "Join Type": "Inner", "Startup Cost": 1030.37, "Total Cost": 14904.59, "Plan Rows": 119904, "Plan Width": 64, "Inner Unique": false, "Plans": [{"Node Type": "Nested Loop", "Parent Relationship": "Outer", "Join Type": "Inner", "Startup Cost": 0.0, "Total Cost": 39.62, "Plan Rows": 2, "Plan Width": 60, "Inner Unique": false, "Join Filter": "(((n1.n_name = 'JAPAN'::bpchar) AND (n2.n_name = 'INDIA'::bpchar)) OR ((n1.n_name = 'INDIA'::bpchar) AND (n2.n_name = 'JAPAN'::bpchar)))", "Plans": [{"Node Type": "Index Scan", "Parent Relationship": "Outer", "Scan Direction": "Forward", "Index Name": "nation_pkey", "Relation Name": "nation", "Alias": "n1", "Startup Cost": 0.0, "Total Cost": 12.75, "Plan Rows": 25, "Plan Width": 30, "Filter": "((n_name = 'JAPAN'::bpchar) OR (n_name = 'INDIA'::bpchar))"}, {"Node Type": "Materialize", "Parent Relationship": "Inner", "Startup Cost": 0.0, "Total Cost": 12.88, "Plan Rows": 25, "Plan Width": 30, "Plans": [{"Node Type": "Index Scan", "Parent Relationship": "Outer", "Scan Direction": "Forward", "Index Name": "nation_pkey", "Relation Name": "nation", "Alias": "n2", "Startup Cost": 0.0, "Total Cost": 12.75, "Plan Rows": 25, "Plan Width": 30, "Filter": "((n_name = 'INDIA'::bpchar) OR (n_name = 'JAPAN'::bpchar))"}]}]}, {"Node Type": "Bitmap Heap Scan", "Parent Relationship": "Inner", "Relation Name": "customer", "Alias": "customer", "Startup Cost": 1030.37, "Total Cost": 6832.48, "Plan Rows": 60000, "Plan Width": 12, "Recheck Cond": "(c_nationkey = n2.n_nationkey)", "Plans": [{"Node Type": "Bitmap Index Scan", "Parent Relationship": "Outer", "Index Name": "idx_customer_nationkey", "Startup Cost": 0.0, "Total Cost": 1015.37, "Plan Rows": 60000, "Plan Width": 0, "Index Cond": "(c_nationkey = n2.n_nationkey)"}]}]}, {"Node Type": "Index Scan", "Parent Relationship": "Inner", "Scan Direction": "Forward", "Index Name": "idx_orders_custkey", "Relation Name": "orders", "Alias": "orders", "Startup Cost": 0.0, "Total Cost": 1.22, "Plan Rows": 4, "Plan Width": 16, "Index Cond": "(o_custkey = customer.c_custkey)"}]}, {"Node Type": "Index Scan", "Parent Relationship": "Inner", "Scan Direction": "Forward", "Index Name": "idx_lineitem_orderkey", "Relation Name": "lineitem", "Alias": "lineitem", "Startup Cost": 0.0, "Total Cost": 0.91, "Plan Rows": 3, "Plan Width": 40, "Index Cond": "(l_orderkey = orders.o_orderkey)", "Filter": "((l_shipdate >= '1995-01-01 00:00:00'::timestamp(0) without time zone) AND (l_shipdate <= '1996-12-31 00:00:00'::timestamp(0) without time zone))"}]}, {"Node Type": "Hash", "Parent Relationship": "Inner", "Startup Cost": 5334.54, "Total Cost": 5334.54, "Plan Rows": 100000, "Plan Width": 12, "Plans": [{"Node Type": "Index Scan", "Parent Relationship": "Outer", "Scan Direction": "Forward", "Index Name": "supplier_pkey", "Relation Name": "supplier", "Alias": "supplier", "Startup Cost": 0.0, "Total Cost": 5334.54, "Plan Rows": 100000, "Plan Width": 12}]}]}]}]}, "Unique SQL Id": 2208782157, "Planner Runtime": 3}, "explain_analyze_plan": {"Plan": {"Node Type": "Aggregate", "Strategy": "Sorted", "Startup Cost": 655401.75, "Total Cost": 655512.39, "Plan Rows": 3688, "Plan Width": 84, "Actual Startup Time": 19948.807, "Actual Total Time": 19982.552, "Actual Rows": 4, "Actual Loops": 1, "Group By Key": ["n1.n_name", "n2.n_name", "(date_part('year'::text, lineitem.l_shipdate))"], "Plans": [{"Node Type": "Sort", "Parent Relationship": "Outer", "Startup Cost": 655401.75, "Total Cost": 655410.97, "Plan Rows": 3688, "Plan Width": 76, "Actual Startup Time": 19937.625, "Actual Total Time": 19943.528, "Actual Rows": 58554, "Actual Loops": 1, "Sort Key": ["n1.n_name", "n2.n_name", "(date_part('year'::text, lineitem.l_shipdate))"], "Sort Method": "quicksort", "Sort Space Used": 10686, "Sort Space Type": "Memory", "Plans": [{"Node Type": "Hash Join", "Parent Relationship": "Outer", "Join Type": "Inner", "Startup Cost": 7864.91, "Total Cost": 655183.26, "Plan Rows": 3688, "Plan Width": 76, "Actual Startup Time": 110.797, "Actual Total Time": 19883.263, "Actual Rows": 58554, "Actual Loops": 1, "Inner Unique": true, "Hash Cond": "((lineitem.l_suppkey = supplier.s_suppkey) AND (n1.n_nationkey = supplier.s_nationkey))", "Plans": [{"Node Type": "Nested Loop", "Parent Relationship": "Outer", "Join Type": "Inner", "Startup Cost": 1030.37, "Total Cost": 642764.74, "Plan Rows": 740786, "Plan Width": 88, "Actual Startup Time": 17.852, "Actual Total Time": 19065.006, "Actual Rows": 1459150, "Actual Loops": 1, "Inner Unique": false, "Plans": [{"Node Type": "Nested Loop", "Parent Relationship": "Outer", "Join Type": "Inner", "Startup Cost": 1030.37, "Total Cost": 166027.11, "Plan Rows": 504972, "Plan Width": 64, "Actual Startup Time": 17.787, "Actual Total Time": 3994.551, "Actual Rows": 1200363, "Actual Loops": 1, "Inner Unique": false, "Plans": [{"Node Type": "Nested Loop", "Parent Relationship": "Outer", "Join Type": "Inner", "Startup Cost": 1030.37, "Total Cost": 14904.59, "Plan Rows": 119904, "Plan Width": 64, "Actual Startup Time": 17.763, "Actual Total Time": 279.521, "Actual Rows": 119972, "Actual Loops": 1, "Inner Unique": false, "Plans": [{"Node Type": "Nested Loop", "Parent Relationship": "Outer", "Join Type": "Inner", "Startup Cost": 0.0, "Total Cost": 39.62, "Plan Rows": 2, "Plan Width": 60, "Actual Startup Time": 0.055, "Actual Total Time": 0.138, "Actual Rows": 2, "Actual Loops": 1, "Inner Unique": false, "Join Filter": "(((n1.n_name = 'JAPAN'::bpchar) AND (n2.n_name = 'INDIA'::bpchar)) OR ((n1.n_name = 'INDIA'::bpchar) AND (n2.n_name = 'JAPAN'::bpchar)))", "Rows Removed by Join Filter": 2, "Plans": [{"Node Type": "Index Scan", "Parent Relationship": "Outer", "Scan Direction": "Forward", "Index Name": "nation_pkey", "Relation Name": "nation", "Alias": "n1", "Startup Cost": 0.0, "Total Cost": 12.75, "Plan Rows": 25, "Plan Width": 30, "Actual Startup Time": 0.025, "Actual Total Time": 0.045, "Actual Rows": 2, "Actual Loops": 1, "Filter": "((n_name = 'JAPAN'::bpchar) OR (n_name = 'INDIA'::bpchar))", "Rows Removed by Filter": 23}, {"Node Type": "Materialize", "Parent Relationship": "Inner", "Startup Cost": 0.0, "Total Cost": 12.88, "Plan Rows": 25, "Plan Width": 30, "Actual Startup Time": 0.021, "Actual Total Time": 0.051, "Actual Rows": 4, "Actual Loops": 2, "Plans": [{"Node Type": "Index Scan", "Parent Relationship": "Outer", "Scan Direction": "Forward", "Index Name": "nation_pkey", "Relation Name": "nation", "Alias": "n2", "Startup Cost": 0.0, "Total Cost": 12.75, "Plan Rows": 25, "Plan Width": 30, "Actual Startup Time": 0.012, "Actual Total Time": 0.03, "Actual Rows": 2, "Actual Loops": 1, "Filter": "((n_name = 'INDIA'::bpchar) OR (n_name = 'JAPAN'::bpchar))", "Rows Removed by Filter": 23}]}]}, {"Node Type": "Bitmap Heap Scan", "Parent Relationship": "Inner", "Relation Name": "customer", "Alias": "customer", "Startup Cost": 1030.37, "Total Cost": 6832.48, "Plan Rows": 60000, "Plan Width": 12, "Actual Startup Time": 35.527, "Actual Total Time": 248.659, "Actual Rows": 119972, "Actual Loops": 2, "Recheck Cond": "(c_nationkey = n2.n_nationkey)", "Rows Removed by Index Recheck": 0, "Exact Heap Blocks": 59938, "Lossy Heap Blocks": 59938, "Plans": [{"Node Type": "Bitmap Index Scan", "Parent Relationship": "Outer", "Index Name": "idx_customer_nationkey", "Startup Cost": 0.0, "Total Cost": 1015.37, "Plan Rows": 60000, "Plan Width": 0, "Actual Startup Time": 22.302, "Actual Total Time": 22.302, "Actual Rows": 119972, "Actual Loops": 2, "Index Cond": "(c_nationkey = n2.n_nationkey)"}]}]}, {"Node Type": "Index Scan", "Parent Relationship": "Inner", "Scan Direction": "Forward", "Index Name": "idx_orders_custkey", "Relation Name": "orders", "Alias": "orders", "Startup Cost": 0.0, "Total Cost": 1.22, "Plan Rows": 4, "Plan Width": 16, "Actual Startup Time": 738.147, "Actual Total Time": 3370.631, "Actual Rows": 1200363, "Actual Loops": 119972, "Index Cond": "(o_custkey = customer.c_custkey)", "Rows Removed by Index Recheck": 0}]}, {"Node Type": "Index Scan", "Parent Relationship": "Inner", "Scan Direction": "Forward", "Index Name": "idx_lineitem_orderkey", "Relation Name": "lineitem", "Alias": "lineitem", "Startup Cost": 0.0, "Total Cost": 0.91, "Plan Rows": 3, "Plan Width": 40, "Actual Startup Time": 12927.978, "Actual Total Time": 14089.887, "Actual Rows": 1459150, "Actual Loops": 1200363, "Index Cond": "(l_orderkey = orders.o_orderkey)", "Rows Removed by Index Recheck": 0, "Filter": "((l_shipdate >= '1995-01-01 00:00:00'::timestamp(0) without time zone) AND (l_shipdate <= '1996-12-31 00:00:00'::timestamp(0) without time zone))", "Rows Removed by Filter": 3342563}]}, {"Node Type": "Hash", "Parent Relationship": "Inner", "Startup Cost": 5334.54, "Total Cost": 5334.54, "Plan Rows": 100000, "Plan Width": 12, "Actual Startup Time": 92.677, "Actual Total Time": 92.677, "Actual Rows": 100000, "Actual Loops": 1, "Hash Buckets": 131072, "Hash Batches": 1, "Original Hash Batches": 1, "Peak Memory Usage": 4297, "Plans": [{"Node Type": "Index Scan", "Parent Relationship": "Outer", "Scan Direction": "Forward", "Index Name": "supplier_pkey", "Relation Name": "supplier", "Alias": "supplier", "Startup Cost": 0.0, "Total Cost": 5334.54, "Plan Rows": 100000, "Plan Width": 12, "Actual Startup Time": 0.023, "Actual Total Time": 60.319, "Actual Rows": 100000, "Actual Loops": 1}]}]}]}]}, "Triggers": [], "Planner Runtime": 2, "Total Runtime": 19983.037, "Unique SQL Id": 2208782157}}, "(1, 6)": {"explain_plan": {"Plan": {"Node Type": "Aggregate", "Strategy": "Sorted", "Startup Cost": 2821099.39, "Total Cost": 2821210.03, "Plan Rows": 3688, "Plan Width": 84, "Group By Key": ["n1.n_name", "n2.n_name", "(date_part('year'::text, lineitem.l_shipdate))"], "Plans": [{"Node Type": "Sort", "Parent Relationship": "Outer", "Startup Cost": 2821099.39, "Total Cost": 2821108.61, "Plan Rows": 3688, "Plan Width": 76, "Sort Key": ["n1.n_name", "n2.n_name", "(date_part('year'::text, lineitem.l_shipdate))"], "Plans": [{"Node Type": "Hash Join", "Parent Relationship": "Outer", "Join Type": "Inner", "Startup Cost": 21163.77, "Total Cost": 2820880.9, "Plan Rows": 3688, "Plan Width": 76, "Inner Unique": true, "Hash Cond": "((lineitem.l_suppkey = supplier.s_suppkey) AND (n1.n_nationkey = supplier.s_nationkey))", "Plans": [{"Node Type": "Nested Loop", "Parent Relationship": "Outer", "Join Type": "Inner", "Startup Cost": 16380.77, "Total Cost": 2810513.92, "Plan Rows": 740786, "Plan Width": 88, "Inner Unique": false, "Plans": [{"Node Type": "Hash Join", "Parent Relationship": "Outer", "Join Type": "Inner", "Startup Cost": 16380.39, "Total Cost": 504091.94, "Plan Rows": 504972, "Plan Width": 64, "Inner Unique": false, "Hash Cond": "(orders.o_custkey = customer.c_custkey), (LLVM Optimized)", "Plans": [{"Node Type": "Seq Scan", "Parent Relationship": "Outer", "Relation Name": "orders", "Alias": "orders", "Startup Cost": 0.0, "Total Cost": 426413.79, "Plan Rows": 14999479, "Plan Width": 16}, {"Node Type": "Hash", "Parent Relationship": "Inner", "Startup Cost": 14881.59, "Total Cost": 14881.59, "Plan Rows": 119904, "Plan Width": 64, "Plans": [{"Node Type": "Nested Loop", "Parent Relationship": "Outer", "Join Type": "Inner", "Startup Cost": 1030.37, "Total Cost": 14881.59, "Plan Rows": 119904, "Plan Width": 64, "Inner Unique": false, "Plans": [{"Node Type": "Nested Loop", "Parent Relationship": "Outer", "Join Type": "Inner", "Startup Cost": 0.0, "Total Cost": 16.62, "Plan Rows": 2, "Plan Width": 60, "Inner Unique": false, "Join Filter": "(((n1.n_name = 'JAPAN'::bpchar) AND (n2.n_name = 'INDIA'::bpchar)) OR ((n1.n_name = 'INDIA'::bpchar) AND (n2.n_name = 'JAPAN'::bpchar)))", "Plans": [{"Node Type": "Seq Scan", "Parent Relationship": "Outer", "Relation Name": "nation", "Alias": "n1", "Startup Cost": 0.0, "Total Cost": 1.25, "Plan Rows": 25, "Plan Width": 30, "Filter": "((n_name = 'JAPAN'::bpchar) OR (n_name = 'INDIA'::bpchar))"}, {"Node Type": "Materialize", "Parent Relationship": "Inner", "Startup Cost": 0.0, "Total Cost": 1.38, "Plan Rows": 25, "Plan Width": 30, "Plans": [{"Node Type": "Seq Scan", "Parent Relationship": "Outer", "Relation Name": "nation", "Alias": "n2", "Startup Cost": 0.0, "Total Cost": 1.25, "Plan Rows": 25, "Plan Width": 30, "Filter": "((n_name = 'INDIA'::bpchar) OR (n_name = 'JAPAN'::bpchar))"}]}]}, {"Node Type": "Bitmap Heap Scan", "Parent Relationship": "Inner", "Relation Name": "customer", "Alias": "customer", "Startup Cost": 1030.37, "Total Cost": 6832.48, "Plan Rows": 60000, "Plan Width": 12, "Recheck Cond": "(c_nationkey = n2.n_nationkey)", "Plans": [{"Node Type": "Bitmap Index Scan", "Parent Relationship": "Outer", "Index Name": "idx_customer_nationkey", "Startup Cost": 0.0, "Total Cost": 1015.37, "Plan Rows": 60000, "Plan Width": 0, "Index Cond": "(c_nationkey = n2.n_nationkey)"}]}]}]}]}, {"Node Type": "Bitmap Heap Scan", "Parent Relationship": "Inner", "Relation Name": "lineitem", "Alias": "lineitem", "Startup Cost": 0.38, "Total Cost": 4.54, "Plan Rows": 3, "Plan Width": 40, "Recheck Cond": "(l_orderkey = orders.o_orderkey)", "Filter": "((l_shipdate >= '1995-01-01 00:00:00'::timestamp(0) without time zone) AND (l_shipdate <= '1996-12-31 00:00:00'::timestamp(0) without time zone))", "Plans": [{"Node Type": "Bitmap Index Scan", "Parent Relationship": "Outer", "Index Name": "idx_lineitem_orderkey", "Startup Cost": 0.0, "Total Cost": 0.38, "Plan Rows": 9, "Plan Width": 0, "Index Cond": "(l_orderkey = orders.o_orderkey)"}]}]}, {"Node Type": "Hash", "Parent Relationship": "Inner", "Startup Cost": 3283.0, "Total Cost": 3283.0, "Plan Rows": 100000, "Plan Width": 12, "Plans": [{"Node Type": "Seq Scan", "Parent Relationship": "Outer", "Relation Name": "supplier", "Alias": "supplier", "Startup Cost": 0.0, "Total Cost": 3283.0, "Plan Rows": 100000, "Plan Width": 12}]}]}]}]}, "Unique SQL Id": 2208782157, "Planner Runtime": 3}, "explain_analyze_plan": {"Plan": {"Node Type": "Aggregate", "Strategy": "Sorted", "Startup Cost": 2821099.39, "Total Cost": 2821210.03, "Plan Rows": 3688, "Plan Width": 84, "Actual Startup Time": 24019.755, "Actual Total Time": 24053.432, "Actual Rows": 4, "Actual Loops": 1, "Group By Key": ["n1.n_name", "n2.n_name", "(date_part('year'::text, lineitem.l_shipdate))"], "Plans": [{"Node Type": "Sort", "Parent Relationship": "Outer", "Startup Cost": 2821099.39, "Total Cost": 2821108.61, "Plan Rows": 3688, "Plan Width": 76, "Actual Startup Time": 24008.555, "Actual Total Time": 24014.638, "Actual Rows": 58554, "Actual Loops": 1, "Sort Key": ["n1.n_name", "n2.n_name", "(date_part('year'::text, lineitem.l_shipdate))"], "Sort Method": "quicksort", "Sort Space Used": 10686, "Sort Space Type": "Memory", "Plans": [{"Node Type": "Hash Join", "Parent Relationship": "Outer", "Join Type": "Inner", "Startup Cost": 21163.77, "Total Cost": 2820880.9, "Plan Rows": 3688, "Plan Width": 76, "Actual Startup Time": 320.133, "Actual Total Time": 23947.507, "Actual Rows": 58554, "Actual Loops": 1, "Inner Unique": true, "Hash Cond": "((lineitem.l_suppkey = supplier.s_suppkey) AND (n1.n_nationkey = supplier.s_nationkey))", "Plans": [{"Node Type": "Nested Loop", "Parent Relationship": "Outer", "Join Type": "Inner", "Startup Cost": 16380.77, "Total Cost": 2810513.92, "Plan Rows": 740786, "Plan Width": 88, "Actual Startup Time": 252.262, "Actual Total Time": 23107.032, "Actual Rows": 1459150, "Actual Loops": 1, "Inner Unique": false, "Plans": [{"Node Type": "Hash Join", "Parent Relationship": "Outer", "Join Type": "Inner", "Startup Cost": 16380.39, "Total Cost": 504091.94, "Plan Rows": 504972, "Plan Width": 64, "Actual Startup Time": 252.173, "Actual Total Time": 10094.773, "Actual Rows": 1200363, "Actual Loops": 1, "Inner Unique": false, "Hash Cond": "(orders.o_custkey = customer.c_custkey), (LLVM Optimized, Jit Execute)", "Plans": [{"Node Type": "Seq Scan", "Parent Relationship": "Outer", "Relation Name": "orders", "Alias": "orders", "Startup Cost": 0.0, "Total Cost": 426413.79, "Plan Rows": 14999479, "Plan Width": 16, "Actual Startup Time": 0.013, "Actual Total Time": 4180.316, "Actual Rows": 15000000, "Actual Loops": 1}, {"Node Type": "Hash", "Parent Relationship": "Inner", "Startup Cost": 14881.59, "Total Cost": 14881.59, "Plan Rows": 119904, "Plan Width": 64, "Actual Startup Time": 252.012, "Actual Total Time": 252.012, "Actual Rows": 119972, "Actual Loops": 1, "Hash Buckets": 131072, "Hash Batches": 1, "Original Hash Batches": 1, "Peak Memory Usage": 11248, "Plans": [{"Node Type": "Nested Loop", "Parent Relationship": "Outer", "Join Type": "Inner", "Startup Cost": 1030.37, "Total Cost": 14881.59, "Plan Rows": 119904, "Plan Width": 64, "Actual Startup Time": 18.127, "Actual Total Time": 207.945, "Actual Rows": 119972, "Actual Loops": 1, "Inner Unique": false, "Plans": [{"Node Type": "Nested Loop", "Parent Relationship": "Outer", "Join Type": "Inner", "Startup Cost": 0.0, "Total Cost": 16.62, "Plan Rows": 2, "Plan Width": 60, "Actual Startup Time": 0.074, "Actual Total Time": 0.164, "Actual Rows": 2, "Actual Loops": 1, "Inner Unique": false, "Join Filter": "(((n1.n_name = 'JAPAN'::bpchar) AND (n2.n_name = 'INDIA'::bpchar)) OR ((n1.n_name = 'INDIA'::bpchar) AND (n2.n_name = 'JAPAN'::bpchar)))", "Rows Removed by Join Filter": 2, "Plans": [{"Node Type": "Seq Scan", "Parent Relationship": "Outer", "Relation Name": "nation", "Alias": "n1", "Startup Cost": 0.0, "Total Cost": 1.25, "Plan Rows": 25, "Plan Width": 30, "Actual Startup Time": 0.041, "Actual Total Time": 0.06, "Actual Rows": 2, "Actual Loops": 1, "Filter": "((n_name = 'JAPAN'::bpchar) OR (n_name = 'INDIA'::bpchar))", "Rows Removed by Filter": 23}, {"Node Type": "Materialize", "Parent Relationship": "Inner", "Startup Cost": 0.0, "Total Cost": 1.38, "Plan Rows": 25, "Plan Width": 30, "Actual Startup Time": 0.023, "Actual Total Time": 0.053, "Actual Rows": 4, "Actual Loops": 2, "Plans": [{"Node Type": "Seq Scan", "Parent Relationship": "Outer", "Relation Name": "nation", "Alias": "n2", "Startup Cost": 0.0, "Total Cost": 1.25, "Plan Rows": 25, "Plan Width": 30, "Actual Startup Time": 0.015, "Actual Total Time": 0.041, "Actual Rows": 2, "Actual Loops": 1, "Filter": "((n_name = 'INDIA'::bpchar) OR (n_name = 'JAPAN'::bpchar))", "Rows Removed by Filter": 23}]}]}, {"Node Type": "Bitmap Heap Scan", "Parent Relationship": "Inner", "Relation Name": "customer", "Alias": "customer", "Startup Cost": 1030.37, "Total Cost": 6832.48, "Plan Rows": 60000, "Plan Width": 12, "Actual Startup Time": 35.922, "Actual Total Time": 183.334, "Actual Rows": 119972, "Actual Loops": 2, "Recheck Cond": "(c_nationkey = n2.n_nationkey)", "Rows Removed by Index Recheck": 0, "Exact Heap Blocks": 59938, "Lossy Heap Blocks": 59938, "Plans": [{"Node Type": "Bitmap Index Scan", "Parent Relationship": "Outer", "Index Name": "idx_customer_nationkey", "Startup Cost": 0.0, "Total Cost": 1015.37, "Plan Rows": 60000, "Plan Width": 0, "Actual Startup Time": 22.698, "Actual Total Time": 22.698, "Actual Rows": 119972, "Actual Loops": 2, "Index Cond": "(c_nationkey = n2.n_nationkey)"}]}]}]}]}, {"Node Type": "Bitmap Heap Scan", "Parent Relationship": "Inner", "Relation Name": "lineitem", "Alias": "lineitem", "Startup Cost": 0.38, "Total Cost": 4.54, "Plan Rows": 3, "Plan Width": 40, "Actual Startup Time": 10661.081, "Actual Total Time": 11276.135, "Actual Rows": 1459150, "Actual Loops": 1200363, "Recheck Cond": "(l_orderkey = orders.o_orderkey)", "Rows Removed by Index Recheck": 0, "Filter": "((l_shipdate >= '1995-01-01 00:00:00'::timestamp(0) without time zone) AND (l_shipdate <= '1996-12-31 00:00:00'::timestamp(0) without time zone))", "Rows Removed by Filter": 3342563, "Exact Heap Blocks": 1285989, "Lossy Heap Blocks": 1285989, "Plans": [{"Node Type": "Bitmap Index Scan", "Parent Relationship": "Outer", "Index Name": "idx_lineitem_orderkey", "Startup Cost": 0.0, "Total Cost": 0.38, "Plan Rows": 9, "Plan Width": 0, "Actual Startup Time": 5002.618, "Actual Total Time": 5002.618, "Actual Rows": 4801713, "Actual Loops": 1200363, "Index Cond": "(l_orderkey = orders.o_orderkey)"}]}]}, {"Node Type": "Hash", "Parent Relationship": "Inner", "Startup Cost": 3283.0, "Total Cost": 3283.0, "Plan Rows": 100000, "Plan Width": 12, "Actual Startup Time": 67.513, "Actual Total Time": 67.513, "Actual Rows": 100000, "Actual Loops": 1, "Hash Buckets": 131072, "Hash Batches": 1, "Original Hash Batches": 1, "Peak Memory Usage": 4297, "Plans": [{"Node Type": "Seq Scan", "Parent Relationship": "Outer", "Relation Name": "supplier", "Alias": "supplier", "Startup Cost": 0.0, "Total Cost": 3283.0, "Plan Rows": 100000, "Plan Width": 12, "Actual Startup Time": 0.027, "Actual Total Time": 36.747, "Actual Rows": 100000, "Actual Loops": 1}]}]}]}]}, "Triggers": [], "Planner Runtime": 2, "Total Runtime": 24062.624, "Unique SQL Id": 2208782157}}, "(1, 7)": {"explain_plan": {"Plan": {"Node Type": "Aggregate", "Strategy": "Sorted", "Startup Cost": 99673573.01, "Total Cost": 99673683.65, "Plan Rows": 3688, "Plan Width": 84, "Group By Key": ["n1.n_name", "n2.n_name", "(date_part('year'::text, lineitem.l_shipdate))"], "Plans": [{"Node Type": "Sort", "Parent Relationship": "Outer", "Startup Cost": 99673573.01, "Total Cost": 99673582.23, "Plan Rows": 3688, "Plan Width": 76, "Sort Key": ["n1.n_name", "n2.n_name", "(date_part('year'::text, lineitem.l_shipdate))"], "Plans": [{"Node Type": "Nested Loop", "Parent Relationship": "Outer", "Join Type": "Inner", "Startup Cost": 627986.71, "Total Cost": 99673354.52, "Plan Rows": 3688, "Plan Width": 76, "Inner Unique": true, "Join Filter": "(((n1.n_name = 'JAPAN'::bpchar) AND (n2.n_name = 'INDIA'::bpchar)) OR ((n1.n_name = 'INDIA'::bpchar) AND (n2.n_name = 'JAPAN'::bpchar)))", "Plans": [{"Node Type": "Nested Loop", "Parent Relationship": "Outer", "Join Type": "Inner", "Startup Cost": 627986.45, "Total Cost": 94724471.42, "Plan Rows": 1153515, "Plan Width": 54, "Inner Unique": true, "Plans": [{"Node Type": "Nested Loop", "Parent Relationship": "Outer", "Join Type": "Inner", "Startup Cost": 627986.2, "Total Cost": 89787046.56, "Plan Rows": 1153515, "Plan Width": 32, "Inner Unique": true, "Plans": [{"Node Type": "Nested Loop", "Parent Relationship": "Outer", "Join Type": "Inner", "Startup Cost": 627985.94, "Total Cost": 84848088.55, "Plan Rows": 1153515, "Plan Width": 36, "Inner Unique": true, "Plans": [{"Node Type": "Nested Loop", "Parent Relationship": "Outer", "Join Type": "Inner", "Startup Cost": 627985.67, "Total Cost": 79896146.0, "Plan Rows": 1153515, "Plan Width": 36, "Inner Unique": true, "Plans": [{"Node Type": "Bitmap Heap Scan", "Parent Relationship": "Outer", "Relation Name": "lineitem", "Alias": "lineitem", "Startup Cost": 627985.41, "Total Cost": 2315105.27, "Plan Rows": 18124991, "Plan Width": 40, "Recheck Cond": "((l_shipdate >= '1995-01-01 00:00:00'::timestamp(0) without time zone) AND (l_shipdate <= '1996-12-31 00:00:00'::timestamp(0) without time zone)), (LLVM Optimized)", "Plans": [{"Node Type": "Bitmap Index Scan", "Parent Relationship": "Outer", "Index Name": "idx_lineitem_shipdate", "Startup Cost": 0.0, "Total Cost": 623454.16, "Plan Rows": 18124991, "Plan Width": 0, "Index Cond": "((l_shipdate >= '1995-01-01 00:00:00'::timestamp(0) without time zone) AND (l_shipdate <= '1996-12-31 00:00:00'::timestamp(0) without time zone))"}]}, {"Node Type": "Bitmap Heap Scan", "Parent Relationship": "Inner", "Relation Name": "supplier", "Alias": "supplier", "Startup Cost": 0.26, "Total Cost": 4.27, "Plan Rows": 1, "Plan Width": 12, "Recheck Cond": "(s_suppkey = lineitem.l_suppkey)", "Plans": [{"Node Type": "Bitmap Index Scan", "Parent Relationship": "Outer", "Index Name": "supplier_pkey", "Startup Cost": 0.0, "Total Cost": 0.26, "Plan Rows": 1, "Plan Width": 0, "Index Cond": "(s_suppkey = lineitem.l_suppkey)"}]}]}, {"Node Type": "Bitmap Heap Scan", "Parent Relationship": "Inner", "Relation Name": "orders", "Alias": "orders", "Startup Cost": 0.27, "Total Cost": 4.28, "Plan Rows": 1, "Plan Width": 16, "Recheck Cond": "(o_orderkey = lineitem.l_orderkey)", "Plans": [{"Node Type": "Bitmap Index Scan", "Parent Relationship": "Outer", "Index Name": "orders_pkey", "Startup Cost": 0.0, "Total Cost": 0.27, "Plan Rows": 1, "Plan Width": 0, "Index Cond": "(o_orderkey = lineitem.l_orderkey)"}]}]}, {"Node Type": "Bitmap Heap Scan", "Parent Relationship": "Inner", "Relation Name": "customer", "Alias": "customer", "Startup Cost": 0.26, "Total Cost": 4.27, "Plan Rows": 1, "Plan Width": 12, "Recheck Cond": "(c_custkey = orders.o_custkey)", "Plans": [{"Node Type": "Bitmap Index Scan", "Parent Relationship": "Outer", "Index Name": "customer_pkey", "Startup Cost": 0.0, "Total Cost": 0.26, "Plan Rows": 1, "Plan Width": 0, "Index Cond": "(c_custkey = orders.o_custkey)"}]}]}, {"Node Type": "Bitmap Heap Scan", "Parent Relationship": "Inner", "Relation Name": "nation", "Alias": "n1", "Startup Cost": 0.26, "Total Cost": 4.27, "Plan Rows": 1, "Plan Width": 30, "Recheck Cond": "(n_nationkey = supplier.s_nationkey)", "Filter": "((n_name = 'JAPAN'::bpchar) OR (n_name = 'INDIA'::bpchar))", "Plans": [{"Node Type": "Bitmap Index Scan", "Parent Relationship": "Outer", "Index Name": "nation_pkey", "Startup Cost": 0.0, "Total Cost": 0.26, "Plan Rows": 1, "Plan Width": 0, "Index Cond": "(n_nationkey = supplier.s_nationkey)"}]}]}, {"Node Type": "Bitmap Heap Scan", "Parent Relationship": "Inner", "Relation Name": "nation", "Alias": "n2", "Startup Cost": 0.26, "Total Cost": 4.27, "Plan Rows": 1, "Plan Width": 30, "Recheck Cond": "(n_nationkey = customer.c_nationkey)", "Filter": "((n_name = 'INDIA'::bpchar) OR (n_name = 'JAPAN'::bpchar))", "Plans": [{"Node Type": "Bitmap Index Scan", "Parent Relationship": "Outer", "Index Name": "nation_pkey", "Startup Cost": 0.0, "Total Cost": 0.26, "Plan Rows": 1, "Plan Width": 0, "Index Cond": "(n_nationkey = customer.c_nationkey)"}]}]}]}]}, "Unique SQL Id": 2208782157, "Planner Runtime": 2}, "explain_analyze_plan": null}, "(1, 8)": {"explain_plan": {"Plan": {"Node Type": "Aggregate", "Strategy": "Sorted", "Startup Cost": 655078.59, "Total Cost": 655189.23, "Plan Rows": 3688, "Plan Width": 84, "Group By Key": ["n1.n_name", "n2.n_name", "(date_part('year'::text, lineitem.l_shipdate))"], "Plans": [{"Node Type": "Sort", "Parent Relationship": "Outer", "Startup Cost": 655078.59, "Total Cost": 655087.81, "Plan Rows": 3688, "Plan Width": 76, "Sort Key": ["n1.n_name", "n2.n_name", "(date_part('year'::text, lineitem.l_shipdate))"], "Plans": [{"Node Type": "Hash Join", "Parent Relationship": "Outer", "Join Type": "Inner", "Startup Cost": 4783.0, "Total Cost": 654860.1, "Plan Rows": 3688, "Plan Width": 76, "Inner Unique": true, "Hash Cond": "((lineitem.l_suppkey = supplier.s_suppkey) AND (n1.n_nationkey = supplier.s_nationkey))", "Plans": [{"Node Type": "Nested Loop", "Parent Relationship": "Outer", "Join Type": "Inner", "Startup Cost": 0.0, "Total Cost": 644493.13, "Plan Rows": 740786, "Plan Width": 88, "Inner Unique": false, "Plans": [{"Node Type": "Nested Loop", "Parent Relationship": "Outer", "Join Type": "Inner", "Startup Cost": 0.0, "Total Cost": 167755.5, "Plan Rows": 504972, "Plan Width": 64, "Inner Unique": false, "Plans": [{"Node Type": "Nested Loop", "Parent Relationship": "Outer", "Join Type": "Inner", "Startup Cost": 0.0, "Total Cost": 16632.98, "Plan Rows": 119904, "Plan Width": 64, "Inner Unique": false, "Plans": [{"Node Type": "Nested Loop", "Parent Relationship": "Outer", "Join Type": "Inner", "Startup Cost": 0.0, "Total Cost": 28.12, "Plan Rows": 2, "Plan Width": 60, "Inner Unique": false, "Join Filter": "(((n1.n_name = 'JAPAN'::bpchar) AND (n2.n_name = 'INDIA'::bpchar)) OR ((n1.n_name = 'INDIA'::bpchar) AND (n2.n_name = 'JAPAN'::bpchar)))", "Plans": [{"Node Type": "Index Scan", "Parent Relationship": "Outer", "Scan Direction": "Forward", "Index Name": "nation_pkey", "Relation Name": "nation", "Alias": "n1", "Startup Cost": 0.0, "Total Cost": 12.75, "Plan Rows": 25, "Plan Width": 30, "Filter": "((n_name = 'JAPAN'::bpchar) OR (n_name = 'INDIA'::bpchar))"}, {"Node Type": "Materialize", "Parent Relationship": "Inner", "Startup Cost": 0.0, "Total Cost": 1.38, "Plan Rows": 25, "Plan Width": 30, "Plans": [{"Node Type": "Seq Scan", "Parent Relationship": "Outer", "Relation Name": "nation", "Alias": "n2", "Startup Cost": 0.0, "Total Cost": 1.25, "Plan Rows": 25, "Plan Width": 30, "Filter": "((n_name = 'INDIA'::bpchar) OR (n_name = 'JAPAN'::bpchar))"}]}]}, {"Node Type": "Index Scan", "Parent Relationship": "Inner", "Scan Direction": "Forward", "Index Name": "idx_customer_nationkey", "Relation Name": "customer", "Alias": "customer", "Startup Cost": 0.0, "Total Cost": 7702.43, "Plan Rows": 60000, "Plan Width": 12, "Index Cond": "(c_nationkey = n2.n_nationkey)"}]}, {"Node Type": "Index Scan", "Parent Relationship": "Inner", "Scan Direction": "Forward", "Index Name": "idx_orders_custkey", "Relation Name": "orders", "Alias": "orders", "Startup Cost": 0.0, "Total Cost": 1.22, "Plan Rows": 4, "Plan Width": 16, "Index Cond": "(o_custkey = customer.c_custkey)"}]}, {"Node Type": "Index Scan", "Parent Relationship": "Inner", "Scan Direction": "Forward", "Index Name": "idx_lineitem_orderkey", "Relation Name": "lineitem", "Alias": "lineitem", "Startup Cost": 0.0, "Total Cost": 0.91, "Plan Rows": 3, "Plan Width": 40, "Index Cond": "(l_orderkey = orders.o_orderkey)", "Filter": "((l_shipdate >= '1995-01-01 00:00:00'::timestamp(0) without time zone) AND (l_shipdate <= '1996-12-31 00:00:00'::timestamp(0) without time zone))"}]}, {"Node Type": "Hash", "Parent Relationship": "Inner", "Startup Cost": 3283.0, "Total Cost": 3283.0, "Plan Rows": 100000, "Plan Width": 12, "Plans": [{"Node Type": "Seq Scan", "Parent Relationship": "Outer", "Relation Name": "supplier", "Alias": "supplier", "Startup Cost": 0.0, "Total Cost": 3283.0, "Plan Rows": 100000, "Plan Width": 12}]}]}]}]}, "Unique SQL Id": 2208782157, "Planner Runtime": 3}, "explain_analyze_plan": {"Plan": {"Node Type": "Aggregate", "Strategy": "Sorted", "Startup Cost": 655078.59, "Total Cost": 655189.23, "Plan Rows": 3688, "Plan Width": 84, "Actual Startup Time": 19790.584, "Actual Total Time": 19824.405, "Actual Rows": 4, "Actual Loops": 1, "Group By Key": ["n1.n_name", "n2.n_name", "(date_part('year'::text, lineitem.l_shipdate))"], "Plans": [{"Node Type": "Sort", "Parent Relationship": "Outer", "Startup Cost": 655078.59, "Total Cost": 655087.81, "Plan Rows": 3688, "Plan Width": 76, "Actual Startup Time": 19779.431, "Actual Total Time": 19785.255, "Actual Rows": 58554, "Actual Loops": 1, "Sort Key": ["n1.n_name", "n2.n_name", "(date_part('year'::text, lineitem.l_shipdate))"], "Sort Method": "quicksort", "Sort Space Used": 10686, "Sort Space Type": "Memory", "Plans": [{"Node Type": "Hash Join", "Parent Relationship": "Outer", "Join Type": "Inner", "Startup Cost": 4783.0, "Total Cost": 654860.1, "Plan Rows": 3688, "Plan Width": 76, "Actual Startup Time": 67.835, "Actual Total Time": 19726.902, "Actual Rows": 58554, "Actual Loops": 1, "Inner Unique": true, "Hash Cond": "((lineitem.l_suppkey = supplier.s_suppkey) AND (n1.n_nationkey = supplier.s_nationkey))", "Plans": [{"Node Type": "Nested Loop", "Parent Relationship": "Outer", "Join Type": "Inner", "Startup Cost": 0.0, "Total Cost": 644493.13, "Plan Rows": 740786, "Plan Width": 88, "Actual Startup Time": 0.149, "Actual Total Time": 18931.71, "Actual Rows": 1459150, "Actual Loops": 1, "Inner Unique": false, "Plans": [{"Node Type": "Nested Loop", "Parent Relationship": "Outer", "Join Type": "Inner", "Startup Cost": 0.0, "Total Cost": 167755.5, "Plan Rows": 504972, "Plan Width": 64, "Actual Startup Time": 0.099, "Actual Total Time": 3934.164, "Actual Rows": 1200363, "Actual Loops": 1, "Inner Unique": false, "Plans": [{"Node Type": "Nested Loop", "Parent Relationship": "Outer", "Join Type": "Inner", "Startup Cost": 0.0, "Total Cost": 16632.98, "Plan Rows": 119904, "Plan Width": 64, "Actual Startup Time": 0.09, "Actual Total Time": 215.292, "Actual Rows": 119972, "Actual Loops": 1, "Inner Unique": false, "Plans": [{"Node Type": "Nested Loop", "Parent Relationship": "Outer", "Join Type": "Inner", "Startup Cost": 0.0, "Total Cost": 28.12, "Plan Rows": 2, "Plan Width": 60, "Actual Startup Time": 0.057, "Actual Total Time": 0.162, "Actual Rows": 2, "Actual Loops": 1, "Inner Unique": false, "Join Filter": "(((n1.n_name = 'JAPAN'::bpchar) AND (n2.n_name = 'INDIA'::bpchar)) OR ((n1.n_name = 'INDIA'::bpchar) AND (n2.n_name = 'JAPAN'::bpchar)))", "Rows Removed by Join Filter": 2, "Plans": [{"Node Type": "Index Scan", "Parent Relationship": "Outer", "Scan Direction": "Forward", "Index Name": "nation_pkey", "Relation Name": "nation", "Alias": "n1", "Startup Cost": 0.0, "Total Cost": 12.75, "Plan Rows": 25, "Plan Width": 30, "Actual Startup Time": 0.026, "Actual Total Time": 0.052, "Actual Rows": 2, "Actual Loops": 1, "Filter": "((n_name = 'JAPAN'::bpchar) OR (n_name = 'INDIA'::bpchar))", "Rows Removed by Filter": 23}, {"Node Type": "Materialize", "Parent Relationship": "Inner", "Startup Cost": 0.0, "Total Cost": 1.38, "Plan Rows": 25, "Plan Width": 30, "Actual Startup Time": 0.025, "Actual Total Time": 0.052, "Actual Rows": 4, "Actual Loops": 2, "Plans": [{"Node Type": "Seq Scan", "Parent Relationship": "Outer", "Relation Name": "nation", "Alias": "n2", "Startup Cost": 0.0, "Total Cost": 1.25, "Plan Rows": 25, "Plan Width": 30, "Actual Startup Time": 0.02, "Actual Total Time": 0.044, "Actual Rows": 2, "Actual Loops": 1, "Filter": "((n_name = 'INDIA'::bpchar) OR (n_name = 'JAPAN'::bpchar))", "Rows Removed by Filter": 23}]}]}, {"Node Type": "Index Scan", "Parent Relationship": "Inner", "Scan Direction": "Forward", "Index Name": "idx_customer_nationkey", "Relation Name": "customer", "Alias": "customer", "Startup Cost": 0.0, "Total Cost": 7702.43, "Plan Rows": 60000, "Plan Width": 12, "Actual Startup Time": 0.049, "Actual Total Time": 183.611, "Actual Rows": 119972, "Actual Loops": 2, "Index Cond": "(c_nationkey = n2.n_nationkey)", "Rows Removed by Index Recheck": 0}]}, {"Node Type": "Index Scan", "Parent Relationship": "Inner", "Scan Direction": "Forward", "Index Name": "idx_orders_custkey", "Relation Name": "orders", "Alias": "orders", "Startup Cost": 0.0, "Total Cost": 1.22, "Plan Rows": 4, "Plan Width": 16, "Actual Startup Time": 730.727, "Actual Total Time": 3375.202, "Actual Rows": 1200363, "Actual Loops": 119972, "Index Cond": "(o_custkey = customer.c_custkey)", "Rows Removed by Index Recheck": 0}]}, {"Node Type": "Index Scan", "Parent Relationship": "Inner", "Scan Direction": "Forward", "Index Name": "idx_lineitem_orderkey", "Relation Name": "lineitem", "Alias": "lineitem", "Startup Cost": 0.0, "Total Cost": 0.91, "Plan Rows": 3, "Plan Width": 40, "Actual Startup Time": 12853.439, "Actual Total Time": 14028.688, "Actual Rows": 1459150, "Actual Loops": 1200363, "Index Cond": "(l_orderkey = orders.o_orderkey)", "Rows Removed by Index Recheck": 0, "Filter": "((l_shipdate >= '1995-01-01 00:00:00'::timestamp(0) without time zone) AND (l_shipdate <= '1996-12-31 00:00:00'::timestamp(0) without time zone))", "Rows Removed by Filter": 3342563}]}, {"Node Type": "Hash", "Parent Relationship": "Inner", "Startup Cost": 3283.0, "Total Cost": 3283.0, "Plan Rows": 100000, "Plan Width": 12, "Actual Startup Time": 67.411, "Actual Total Time": 67.411, "Actual Rows": 100000, "Actual Loops": 1, "Hash Buckets": 131072, "Hash Batches": 1, "Original Hash Batches": 1, "Peak Memory Usage": 4297, "Plans": [{"Node Type": "Seq Scan", "Parent Relationship": "Outer", "Relation Name": "supplier", "Alias": "supplier", "Startup Cost": 0.0, "Total Cost": 3283.0, "Plan Rows": 100000, "Plan Width": 12, "Actual Startup Time": 0.02, "Actual Total Time": 36.463, "Actual Rows": 100000, "Actual Loops": 1}]}]}]}]}, "Triggers": [], "Planner Runtime": 2, "Total Runtime": 19824.86, "Unique SQL Id": 2208782157}}, "(1, 9)": {"explain_plan": {"Plan": {"Node Type": "Aggregate", "Strategy": "Sorted", "Startup Cost": 657141.64, "Total Cost": 657252.28, "Plan Rows": 3688, "Plan Width": 84, "Group By Key": ["n1.n_name", "n2.n_name", "(date_part('year'::text, lineitem.l_shipdate))"], "Plans": [{"Node Type": "Sort", "Parent Relationship": "Outer", "Startup Cost": 657141.64, "Total Cost": 657150.86, "Plan Rows": 3688, "Plan Width": 76, "Sort Key": ["n1.n_name", "n2.n_name", "(date_part('year'::text, lineitem.l_shipdate))"], "Plans": [{"Node Type": "Hash Join", "Parent Relationship": "Outer", "Join Type": "Inner", "Startup Cost": 6834.54, "Total Cost": 656923.15, "Plan Rows": 3688, "Plan Width": 76, "Inner Unique": true, "Hash Cond": "((lineitem.l_suppkey = supplier.s_suppkey) AND (n1.n_nationkey = supplier.s_nationkey))", "Plans": [{"Node Type": "Nested Loop", "Parent Relationship": "Outer", "Join Type": "Inner", "Startup Cost": 0.0, "Total Cost": 644504.63, "Plan Rows": 740786, "Plan Width": 88, "Inner Unique": false, "Plans": [{"Node Type": "Nested Loop", "Parent Relationship": "Outer", "Join Type": "Inner", "Startup Cost": 0.0, "Total Cost": 167767.0, "Plan Rows": 504972, "Plan Width": 64, "Inner Unique": false, "Plans": [{"Node Type": "Nested Loop", "Parent Relationship": "Outer", "Join Type": "Inner", "Startup Cost": 0.0, "Total Cost": 16644.48, "Plan Rows": 119904, "Plan Width": 64, "Inner Unique": false, "Plans": [{"Node Type": "Nested Loop", "Parent Relationship": "Outer", "Join Type": "Inner", "Startup Cost": 0.0, "Total Cost": 39.62, "Plan Rows": 2, "Plan Width": 60, "Inner Unique": false, "Join Filter": "(((n1.n_name = 'JAPAN'::bpchar) AND (n2.n_name = 'INDIA'::bpchar)) OR ((n1.n_name = 'INDIA'::bpchar) AND (n2.n_name = 'JAPAN'::bpchar)))", "Plans": [{"Node Type": "Index Scan", "Parent Relationship": "Outer", "Scan Direction": "Forward", "Index Name": "nation_pkey", "Relation Name": "nation", "Alias": "n1", "Startup Cost": 0.0, "Total Cost": 12.75, "Plan Rows": 25, "Plan Width": 30, "Filter": "((n_name = 'JAPAN'::bpchar) OR (n_name = 'INDIA'::bpchar))"}, {"Node Type": "Materialize", "Parent Relationship": "Inner", "Startup Cost": 0.0, "Total Cost": 12.88, "Plan Rows": 25, "Plan Width": 30, "Plans": [{"Node Type": "Index Scan", "Parent Relationship": "Outer", "Scan Direction": "Forward", "Index Name": "nation_pkey", "Relation Name": "nation", "Alias": "n2", "Startup Cost": 0.0, "Total Cost": 12.75, "Plan Rows": 25, "Plan Width": 30, "Filter": "((n_name = 'INDIA'::bpchar) OR (n_name = 'JAPAN'::bpchar))"}]}]}, {"Node Type": "Index Scan", "Parent Relationship": "Inner", "Scan Direction": "Forward", "Index Name": "idx_customer_nationkey", "Relation Name": "customer", "Alias": "customer", "Startup Cost": 0.0, "Total Cost": 7702.43, "Plan Rows": 60000, "Plan Width": 12, "Index Cond": "(c_nationkey = n2.n_nationkey)"}]}, {"Node Type": "Index Scan", "Parent Relationship": "Inner", "Scan Direction": "Forward", "Index Name": "idx_orders_custkey", "Relation Name": "orders", "Alias": "orders", "Startup Cost": 0.0, "Total Cost": 1.22, "Plan Rows": 4, "Plan Width": 16, "Index Cond": "(o_custkey = customer.c_custkey)"}]}, {"Node Type": "Index Scan", "Parent Relationship": "Inner", "Scan Direction": "Forward", "Index Name": "idx_lineitem_orderkey", "Relation Name": "lineitem", "Alias": "lineitem", "Startup Cost": 0.0, "Total Cost": 0.91, "Plan Rows": 3, "Plan Width": 40, "Index Cond": "(l_orderkey = orders.o_orderkey)", "Filter": "((l_shipdate >= '1995-01-01 00:00:00'::timestamp(0) without time zone) AND (l_shipdate <= '1996-12-31 00:00:00'::timestamp(0) without time zone))"}]}, {"Node Type": "Hash", "Parent Relationship": "Inner", "Startup Cost": 5334.54, "Total Cost": 5334.54, "Plan Rows": 100000, "Plan Width": 12, "Plans": [{"Node Type": "Index Scan", "Parent Relationship": "Outer", "Scan Direction": "Forward", "Index Name": "supplier_pkey", "Relation Name": "supplier", "Alias": "supplier", "Startup Cost": 0.0, "Total Cost": 5334.54, "Plan Rows": 100000, "Plan Width": 12}]}]}]}]}, "Unique SQL Id": 2208782157, "Planner Runtime": 4}, "explain_analyze_plan": {"Plan": {"Node Type": "Aggregate", "Strategy": "Sorted", "Startup Cost": 657141.64, "Total Cost": 657252.28, "Plan Rows": 3688, "Plan Width": 84, "Actual Startup Time": 19733.098, "Actual Total Time": 19766.62, "Actual Rows": 4, "Actual Loops": 1, "Group By Key": ["n1.n_name", "n2.n_name", "(date_part('year'::text, lineitem.l_shipdate))"], "Plans": [{"Node Type": "Sort", "Parent Relationship": "Outer", "Startup Cost": 657141.64, "Total Cost": 657150.86, "Plan Rows": 3688, "Plan Width": 76, "Actual Startup Time": 19721.972, "Actual Total Time": 19727.673, "Actual Rows": 58554, "Actual Loops": 1, "Sort Key": ["n1.n_name", "n2.n_name", "(date_part('year'::text, lineitem.l_shipdate))"], "Sort Method": "quicksort", "Sort Space Used": 10686, "Sort Space Type": "Memory", "Plans": [{"Node Type": "Hash Join", "Parent Relationship": "Outer", "Join Type": "Inner", "Startup Cost": 6834.54, "Total Cost": 656923.15, "Plan Rows": 3688, "Plan Width": 76, "Actual Startup Time": 111.799, "Actual Total Time": 19668.23, "Actual Rows": 58554, "Actual Loops": 1, "Inner Unique": true, "Hash Cond": "((lineitem.l_suppkey = supplier.s_suppkey) AND (n1.n_nationkey = supplier.s_nationkey))", "Plans": [{"Node Type": "Nested Loop", "Parent Relationship": "Outer", "Join Type": "Inner", "Startup Cost": 0.0, "Total Cost": 644504.63, "Plan Rows": 740786, "Plan Width": 88, "Actual Startup Time": 0.174, "Actual Total Time": 18849.787, "Actual Rows": 1459150, "Actual Loops": 1, "Inner Unique": false, "Plans": [{"Node Type": "Nested Loop", "Parent Relationship": "Outer", "Join Type": "Inner", "Startup Cost": 0.0, "Total Cost": 167767.0, "Plan Rows": 504972, "Plan Width": 64, "Actual Startup Time": 0.098, "Actual Total Time": 3904.575, "Actual Rows": 1200363, "Actual Loops": 1, "Inner Unique": false, "Plans": [{"Node Type": "Nested Loop", "Parent Relationship": "Outer", "Join Type": "Inner", "Startup Cost": 0.0, "Total Cost": 16644.48, "Plan Rows": 119904, "Plan Width": 64, "Actual Startup Time": 0.083, "Actual Total Time": 216.446, "Actual Rows": 119972, "Actual Loops": 1, "Inner Unique": false, "Plans": [{"Node Type": "Nested Loop", "Parent Relationship": "Outer", "Join Type": "Inner", "Startup Cost": 0.0, "Total Cost": 39.62, "Plan Rows": 2, "Plan Width": 60, "Actual Startup Time": 0.046, "Actual Total Time": 0.265, "Actual Rows": 2, "Actual Loops": 1, "Inner Unique": false, "Join Filter": "(((n1.n_name = 'JAPAN'::bpchar) AND (n2.n_name = 'INDIA'::bpchar)) OR ((n1.n_name = 'INDIA'::bpchar) AND (n2.n_name = 'JAPAN'::bpchar)))", "Rows Removed by Join Filter": 2, "Plans": [{"Node Type": "Index Scan", "Parent Relationship": "Outer", "Scan Direction": "Forward", "Index Name": "nation_pkey", "Relation Name": "nation", "Alias": "n1", "Startup Cost": 0.0, "Total Cost": 12.75, "Plan Rows": 25, "Plan Width": 30, "Actual Startup Time": 0.021, "Actual Total Time": 0.046, "Actual Rows": 2, "Actual Loops": 1, "Filter": "((n_name = 'JAPAN'::bpchar) OR (n_name = 'INDIA'::bpchar))", "Rows Removed by Filter": 23}, {"Node Type": "Materialize", "Parent Relationship": "Inner", "Startup Cost": 0.0, "Total Cost": 12.88, "Plan Rows": 25, "Plan Width": 30, "Actual Startup Time": 0.015, "Actual Total Time": 0.04, "Actual Rows": 4, "Actual Loops": 2, "Plans": [{"Node Type": "Index Scan", "Parent Relationship": "Outer", "Scan Direction": "Forward", "Index Name": "nation_pkey", "Relation Name": "nation", "Alias": "n2", "Startup Cost": 0.0, "Total Cost": 12.75, "Plan Rows": 25, "Plan Width": 30, "Actual Startup Time": 0.011, "Actual Total Time": 0.031, "Actual Rows": 2, "Actual Loops": 1, "Filter": "((n_name = 'INDIA'::bpchar) OR (n_name = 'JAPAN'::bpchar))", "Rows Removed by Filter": 23}]}]}, {"Node Type": "Index Scan", "Parent Relationship": "Inner", "Scan Direction": "Forward", "Index Name": "idx_customer_nationkey", "Relation Name": "customer", "Alias": "customer", "Startup Cost": 0.0, "Total Cost": 7702.43, "Plan Rows": 60000, "Plan Width": 12, "Actual Startup Time": 0.094, "Actual Total Time": 181.109, "Actual Rows": 119972, "Actual Loops": 2, "Index Cond": "(c_nationkey = n2.n_nationkey)", "Rows Removed by Index Recheck": 0}]}, {"Node Type": "Index Scan", "Parent Relationship": "Inner", "Scan Direction": "Forward", "Index Name": "idx_orders_custkey", "Relation Name": "orders", "Alias": "orders", "Startup Cost": 0.0, "Total Cost": 1.22, "Plan Rows": 4, "Plan Width": 16, "Actual Startup Time": 725.454, "Actual Total Time": 3338.391, "Actual Rows": 1200363, "Actual Loops": 119972, "Index Cond": "(o_custkey = customer.c_custkey)", "Rows Removed by Index Recheck": 0}]}, {"Node Type": "Index Scan", "Parent Relationship": "Inner", "Scan Direction": "Forward", "Index Name": "idx_lineitem_orderkey", "Relation Name": "lineitem", "Alias": "lineitem", "Startup Cost": 0.0, "Total Cost": 0.91, "Plan Rows": 3, "Plan Width": 40, "Actual Startup Time": 12809.11, "Actual Total Time": 13980.183, "Actual Rows": 1459150, "Actual Loops": 1200363, "Index Cond": "(l_orderkey = orders.o_orderkey)", "Rows Removed by Index Recheck": 0, "Filter": "((l_shipdate >= '1995-01-01 00:00:00'::timestamp(0) without time zone) AND (l_shipdate <= '1996-12-31 00:00:00'::timestamp(0) without time zone))", "Rows Removed by Filter": 3342563}]}, {"Node Type": "Hash", "Parent Relationship": "Inner", "Startup Cost": 5334.54, "Total Cost": 5334.54, "Plan Rows": 100000, "Plan Width": 12, "Actual Startup Time": 111.347, "Actual Total Time": 111.347, "Actual Rows": 100000, "Actual Loops": 1, "Hash Buckets": 131072, "Hash Batches": 1, "Original Hash Batches": 1, "Peak Memory Usage": 4297, "Plans": [{"Node Type": "Index Scan", "Parent Relationship": "Outer", "Scan Direction": "Forward", "Index Name": "supplier_pkey", "Relation Name": "supplier", "Alias": "supplier", "Startup Cost": 0.0, "Total Cost": 5334.54, "Plan Rows": 100000, "Plan Width": 12, "Actual Startup Time": 0.023, "Actual Total Time": 78.07, "Actual Rows": 100000, "Actual Loops": 1}]}]}]}]}, "Triggers": [], "Planner Runtime": 2, "Total Runtime": 19767.235, "Unique SQL Id": 2208782157}}, "(1, 10)": {"explain_plan": {"Plan": {"Node Type": "Aggregate", "Strategy": "Sorted", "Startup Cost": 2961260.33, "Total Cost": 2961370.97, "Plan Rows": 3688, "Plan Width": 84, "Group By Key": ["n1.n_name", "n2.n_name", "(date_part('year'::text, lineitem.l_shipdate))"], "Plans": [{"Node Type": "Sort", "Parent Relationship": "Outer", "Startup Cost": 2961260.33, "Total Cost": 2961269.55, "Plan Rows": 3688, "Plan Width": 76, "Sort Key": ["n1.n_name", "n2.n_name", "(date_part('year'::text, lineitem.l_shipdate))"], "Plans": [{"Node Type": "Hash Join", "Parent Relationship": "Outer", "Join Type": "Inner", "Startup Cost": 557677.26, "Total Cost": 2961041.84, "Plan Rows": 3688, "Plan Width": 76, "Inner Unique": true, "Hash Cond": "((lineitem.l_suppkey = supplier.s_suppkey) AND (n1.n_nationkey = supplier.s_nationkey))", "Plans": [{"Node Type": "Hash Join", "Parent Relationship": "Outer", "Join Type": "Inner", "Startup Cost": 552894.26, "Total Cost": 2950674.86, "Plan Rows": 740786, "Plan Width": 88, "Inner Unique": false, "Hash Cond": "(lineitem.l_orderkey = orders.o_orderkey), (LLVM Optimized)", "Plans": [{"Node Type": "Seq Scan", "Parent Relationship": "Outer", "Relation Name": "lineitem", "Alias": "lineitem", "Startup Cost": 44.73, "Total Cost": 2315050.5, "Plan Rows": 18124991, "Plan Width": 40, "Filter": "((l_shipdate >= '1995-01-01 00:00:00'::timestamp(0) without time zone) AND (l_shipdate <= '1996-12-31 00:00:00'::timestamp(0) without time zone)), (LLVM Optimized)"}, {"Node Type": "Hash", "Parent Relationship": "Inner", "Startup Cost": 546537.38, "Total Cost": 546537.38, "Plan Rows": 504972, "Plan Width": 64, "Plans": [{"Node Type": "Hash Join", "Parent Relationship": "Outer", "Join Type": "Inner", "Startup Cost": 58825.83, "Total Cost": 546537.38, "Plan Rows": 504972, "Plan Width": 64, "Inner Unique": false, "Hash Cond": "(orders.o_custkey = customer.c_custkey), (LLVM Optimized)", "Plans": [{"Node Type": "Seq Scan", "Parent Relationship": "Outer", "Relation Name": "orders", "Alias": "orders", "Startup Cost": 0.0, "Total Cost": 426413.79, "Plan Rows": 14999479, "Plan Width": 16}, {"Node Type": "Hash", "Parent Relationship": "Inner", "Startup Cost": 57327.03, "Total Cost": 57327.03, "Plan Rows": 119904, "Plan Width": 64, "Plans": [{"Node Type": "Hash Join", "Parent Relationship": "Outer", "Join Type": "Inner", "Startup Cost": 16.65, "Total Cost": 57327.03, "Plan Rows": 119904, "Plan Width": 64, "Inner Unique": false, "Hash Cond": "(customer.c_nationkey = n2.n_nationkey), (LLVM Optimized)", "Plans": [{"Node Type": "Seq Scan", "Parent Relationship": "Outer", "Relation Name": "customer", "Alias": "customer", "Startup Cost": 0.0, "Total Cost": 52126.0, "Plan Rows": 1500000, "Plan Width": 12}, {"Node Type": "Hash", "Parent Relationship": "Inner", "Startup Cost": 16.62, "Total Cost": 16.62, "Plan Rows": 2, "Plan Width": 60, "Plans": [{"Node Type": "Nested Loop", "Parent Relationship": "Outer", "Join Type": "Inner", "Startup Cost": 0.0, "Total Cost": 16.62, "Plan Rows": 2, "Plan Width": 60, "Inner Unique": false, "Join Filter": "(((n1.n_name = 'JAPAN'::bpchar) AND (n2.n_name = 'INDIA'::bpchar)) OR ((n1.n_name = 'INDIA'::bpchar) AND (n2.n_name = 'JAPAN'::bpchar)))", "Plans": [{"Node Type": "Seq Scan", "Parent Relationship": "Outer", "Relation Name": "nation", "Alias": "n1", "Startup Cost": 0.0, "Total Cost": 1.25, "Plan Rows": 25, "Plan Width": 30, "Filter": "((n_name = 'JAPAN'::bpchar) OR (n_name = 'INDIA'::bpchar))"}, {"Node Type": "Materialize", "Parent Relationship": "Inner", "Startup Cost": 0.0, "Total Cost": 1.38, "Plan Rows": 25, "Plan Width": 30, "Plans": [{"Node Type": "Seq Scan", "Parent Relationship": "Outer", "Relation Name": "nation", "Alias": "n2", "Startup Cost": 0.0, "Total Cost": 1.25, "Plan Rows": 25, "Plan Width": 30, "Filter": "((n_name = 'INDIA'::bpchar) OR (n_name = 'JAPAN'::bpchar))"}]}]}]}]}]}]}]}]}, {"Node Type": "Hash", "Parent Relationship": "Inner", "Startup Cost": 3283.0, "Total Cost": 3283.0, "Plan Rows": 100000, "Plan Width": 12, "Plans": [{"Node Type": "Seq Scan", "Parent Relationship": "Outer", "Relation Name": "supplier", "Alias": "supplier", "Startup Cost": 0.0, "Total Cost": 3283.0, "Plan Rows": 100000, "Plan Width": 12}]}]}]}]}, "Unique SQL Id": 2208782157, "Planner Runtime": 4}, "explain_analyze_plan": null}, "(1, 11)": {"explain_plan": {"Plan": {"Node Type": "Aggregate", "Strategy": "Sorted", "Startup Cost": 6023462968841.76, "Total Cost": 6023462968952.4, "Plan Rows": 3688, "Plan Width": 84, "Group By Key": ["n1.n_name", "n2.n_name", "(date_part('year'::text, lineitem.l_shipdate))"], "Plans": [{"Node Type": "Sort", "Parent Relationship": "Outer", "Startup Cost": 6023462968841.76, "Total Cost": 6023462968850.98, "Plan Rows": 3688, "Plan Width": 76, "Sort Key": ["n1.n_name", "n2.n_name", "(date_part('year'::text, lineitem.l_shipdate))"], "Plans": [{"Node Type": "Merge Join", "Parent Relationship": "Outer", "Join Type": "Inner", "Startup Cost": 60000000000.0, "Total Cost": 6023462968623.28, "Plan Rows": 3688, "Plan Width": 76, "Inner Unique": true, "Merge Cond": "(n2.n_nationkey = customer.c_nationkey)", "Join Filter": "(orders.o_custkey = customer.c_custkey)", "Plans": [{"Node Type": "Nested Loop", "Parent Relationship": "Outer", "Join Type": "Inner", "Startup Cost": 50000000000.0, "Total Cost": 5023346950887.28, "Plan Rows": 92207, "Plan Width": 88, "Inner Unique": true, "Join Filter": "(lineitem.l_orderkey = orders.o_orderkey)", "Plans": [{"Node Type": "Nested Loop", "Parent Relationship": "Outer", "Join Type": "Inner", "Startup Cost": 40000000000.0, "Total Cost": 4002527961142.79, "Plan Rows": 92207, "Plan Width": 88, "Inner Unique": false, "Join Filter": "(supplier.s_suppkey = lineitem.l_suppkey)", "Plans": [{"Node Type": "Nested Loop", "Parent Relationship": "Outer", "Join Type": "Inner", "Startup Cost": 30000000000.0, "Total Cost": 3000000539268.5, "Plan Rows": 7994, "Plan Width": 64, "Inner Unique": false, "Join Filter": "(n1.n_nationkey = supplier.s_nationkey)", "Plans": [{"Node Type": "Nested Loop", "Parent Relationship": "Outer", "Join Type": "Inner", "Startup Cost": 20000000000.0, "Total Cost": 2000000002564.12, "Plan Rows": 2, "Plan Width": 60, "Inner Unique": false, "Join Filter": "(((n1.n_name = 'JAPAN'::bpchar) AND (n2.n_name = 'INDIA'::bpchar)) OR ((n1.n_name = 'INDIA'::bpchar) AND (n2.n_name = 'JAPAN'::bpchar)))", "Plans": [{"Node Type": "Index Scan", "Parent Relationship": "Outer", "Scan Direction": "Forward", "Index Name": "nation_pkey", "Relation Name": "nation", "Alias": "n2", "Startup Cost": 10000000000.0, "Total Cost": 1000000001275.0, "Plan Rows": 25, "Plan Width": 30, "Filter": "((n_name = 'INDIA'::bpchar) OR (n_name = 'JAPAN'::bpchar))"}, {"Node Type": "Materialize", "Parent Relationship": "Inner", "Startup Cost": 10000000000.0, "Total Cost": 1000000001275.12, "Plan Rows": 25, "Plan Width": 30, "Plans": [{"Node Type": "Index Scan", "Parent Relationship": "Outer", "Scan Direction": "Forward", "Index Name": "nation_pkey", "Relation Name": "nation", "Alias": "n1", "Startup Cost": 10000000000.0, "Total Cost": 1000000001275.0, "Plan Rows": 25, "Plan Width": 30, "Filter": "((n_name = 'JAPAN'::bpchar) OR (n_name = 'INDIA'::bpchar))"}]}]}, {"Node Type": "Materialize", "Parent Relationship": "Inner", "Startup Cost": 10000000000.0, "Total Cost": 1000000533954.38, "Plan Rows": 100000, "Plan Width": 12, "Plans": [{"Node Type": "Index Scan", "Parent Relationship": "Outer", "Scan Direction": "Forward", "Index Name": "supplier_pkey", "Relation Name": "supplier", "Alias": "supplier", "Startup Cost": 10000000000.0, "Total Cost": 1000000533454.38, "Plan Rows": 100000, "Plan Width": 12}]}]}, {"Node Type": "Materialize", "Parent Relationship": "Inner", "Startup Cost": 10000000000.0, "Total Cost": 1000354099515.95, "Plan Rows": 18124991, "Plan Width": 40, "Plans": [{"Node Type": "Index Scan", "Parent Relationship": "Outer", "Scan Direction": "Forward", "Index Name": "idx_lineitem_orderkey", "Relation Name": "lineitem", "Alias": "lineitem", "Startup Cost": 10000000000.0, "Total Cost": 1000354008891.0, "Plan Rows": 18124991, "Plan Width": 40, "Filter": "((l_shipdate >= '1995-01-01 00:00:00'::timestamp(0) without time zone) AND (l_shipdate <= '1996-12-31 00:00:00'::timestamp(0) without time zone)), (LLVM Optimized)"}]}]}, {"Node Type": "Materialize", "Parent Relationship": "Inner", "Startup Cost": 10000000000.0, "Total Cost": 1000073172840.9, "Plan Rows": 14999479, "Plan Width": 16, "Plans": [{"Node Type": "Index Scan", "Parent Relationship": "Outer", "Scan Direction": "Forward", "Index Name": "orders_pkey", "Relation Name": "orders", "Alias": "orders", "Startup Cost": 10000000000.0, "Total Cost": 1000073097843.5, "Plan Rows": 14999479, "Plan Width": 16}]}]}, {"Node Type": "Materialize", "Parent Relationship": "Inner", "Startup Cost": 10000000000.0, "Total Cost": 1000019203896.25, "Plan Rows": 1500000, "Plan Width": 12, "Plans": [{"Node Type": "Index Scan", "Parent Relationship": "Outer", "Scan Direction": "Forward", "Index Name": "idx_customer_nationkey", "Relation Name": "customer", "Alias": "customer", "Startup Cost": 10000000000.0, "Total Cost": 1000019200146.25, "Plan Rows": 1500000, "Plan Width": 12}]}]}]}]}, "Unique SQL Id": 2208782157, "Planner Runtime": 5}, "explain_analyze_plan": null}, "(1, 12)": {"explain_plan": {"Plan": {"Node Type": "Aggregate", "Strategy": "Sorted", "Startup Cost": 655078.59, "Total Cost": 655189.23, "Plan Rows": 3688, "Plan Width": 84, "Group By Key": ["n1.n_name", "n2.n_name", "(date_part('year'::text, lineitem.l_shipdate))"], "Plans": [{"Node Type": "Sort", "Parent Relationship": "Outer", "Startup Cost": 655078.59, "Total Cost": 655087.81, "Plan Rows": 3688, "Plan Width": 76, "Sort Key": ["n1.n_name", "n2.n_name", "(date_part('year'::text, lineitem.l_shipdate))"], "Plans": [{"Node Type": "Hash Join", "Parent Relationship": "Outer", "Join Type": "Inner", "Startup Cost": 4783.0, "Total Cost": 654860.1, "Plan Rows": 3688, "Plan Width": 76, "Inner Unique": true, "Hash Cond": "((lineitem.l_suppkey = supplier.s_suppkey) AND (n1.n_nationkey = supplier.s_nationkey))", "Plans": [{"Node Type": "Nested Loop", "Parent Relationship": "Outer", "Join Type": "Inner", "Startup Cost": 0.0, "Total Cost": 644493.13, "Plan Rows": 740786, "Plan Width": 88, "Inner Unique": false, "Plans": [{"Node Type": "Nested Loop", "Parent Relationship": "Outer", "Join Type": "Inner", "Startup Cost": 0.0, "Total Cost": 167755.5, "Plan Rows": 504972, "Plan Width": 64, "Inner Unique": false, "Plans": [{"Node Type": "Nested Loop", "Parent Relationship": "Outer", "Join Type": "Inner", "Startup Cost": 0.0, "Total Cost": 16632.98, "Plan Rows": 119904, "Plan Width": 64, "Inner Unique": false, "Plans": [{"Node Type": "Nested Loop", "Parent Relationship": "Outer", "Join Type": "Inner", "Startup Cost": 0.0, "Total Cost": 28.12, "Plan Rows": 2, "Plan Width": 60, "Inner Unique": false, "Join Filter": "(((n1.n_name = 'JAPAN'::bpchar) AND (n2.n_name = 'INDIA'::bpchar)) OR ((n1.n_name = 'INDIA'::bpchar) AND (n2.n_name = 'JAPAN'::bpchar)))", "Plans": [{"Node Type": "Index Scan", "Parent Relationship": "Outer", "Scan Direction": "Forward", "Index Name": "nation_pkey", "Relation Name": "nation", "Alias": "n1", "Startup Cost": 0.0, "Total Cost": 12.75, "Plan Rows": 25, "Plan Width": 30, "Filter": "((n_name = 'JAPAN'::bpchar) OR (n_name = 'INDIA'::bpchar))"}, {"Node Type": "Materialize", "Parent Relationship": "Inner", "Startup Cost": 0.0, "Total Cost": 1.38, "Plan Rows": 25, "Plan Width": 30, "Plans": [{"Node Type": "Seq Scan", "Parent Relationship": "Outer", "Relation Name": "nation", "Alias": "n2", "Startup Cost": 0.0, "Total Cost": 1.25, "Plan Rows": 25, "Plan Width": 30, "Filter": "((n_name = 'INDIA'::bpchar) OR (n_name = 'JAPAN'::bpchar))"}]}]}, {"Node Type": "Index Scan", "Parent Relationship": "Inner", "Scan Direction": "Forward", "Index Name": "idx_customer_nationkey", "Relation Name": "customer", "Alias": "customer", "Startup Cost": 0.0, "Total Cost": 7702.43, "Plan Rows": 60000, "Plan Width": 12, "Index Cond": "(c_nationkey = n2.n_nationkey)"}]}, {"Node Type": "Index Scan", "Parent Relationship": "Inner", "Scan Direction": "Forward", "Index Name": "idx_orders_custkey", "Relation Name": "orders", "Alias": "orders", "Startup Cost": 0.0, "Total Cost": 1.22, "Plan Rows": 4, "Plan Width": 16, "Index Cond": "(o_custkey = customer.c_custkey)"}]}, {"Node Type": "Index Scan", "Parent Relationship": "Inner", "Scan Direction": "Forward", "Index Name": "idx_lineitem_orderkey", "Relation Name": "lineitem", "Alias": "lineitem", "Startup Cost": 0.0, "Total Cost": 0.91, "Plan Rows": 3, "Plan Width": 40, "Index Cond": "(l_orderkey = orders.o_orderkey)", "Filter": "((l_shipdate >= '1995-01-01 00:00:00'::timestamp(0) without time zone) AND (l_shipdate <= '1996-12-31 00:00:00'::timestamp(0) without time zone))"}]}, {"Node Type": "Hash", "Parent Relationship": "Inner", "Startup Cost": 3283.0, "Total Cost": 3283.0, "Plan Rows": 100000, "Plan Width": 12, "Plans": [{"Node Type": "Seq Scan", "Parent Relationship": "Outer", "Relation Name": "supplier", "Alias": "supplier", "Startup Cost": 0.0, "Total Cost": 3283.0, "Plan Rows": 100000, "Plan Width": 12}]}]}]}]}, "Unique SQL Id": 2208782157, "Planner Runtime": 4}, "explain_analyze_plan": {"Plan": {"Node Type": "Aggregate", "Strategy": "Sorted", "Startup Cost": 655078.59, "Total Cost": 655189.23, "Plan Rows": 3688, "Plan Width": 84, "Actual Startup Time": 19790.584, "Actual Total Time": 19824.405, "Actual Rows": 4, "Actual Loops": 1, "Group By Key": ["n1.n_name", "n2.n_name", "(date_part('year'::text, lineitem.l_shipdate))"], "Plans": [{"Node Type": "Sort", "Parent Relationship": "Outer", "Startup Cost": 655078.59, "Total Cost": 655087.81, "Plan Rows": 3688, "Plan Width": 76, "Actual Startup Time": 19779.431, "Actual Total Time": 19785.255, "Actual Rows": 58554, "Actual Loops": 1, "Sort Key": ["n1.n_name", "n2.n_name", "(date_part('year'::text, lineitem.l_shipdate))"], "Sort Method": "quicksort", "Sort Space Used": 10686, "Sort Space Type": "Memory", "Plans": [{"Node Type": "Hash Join", "Parent Relationship": "Outer", "Join Type": "Inner", "Startup Cost": 4783.0, "Total Cost": 654860.1, "Plan Rows": 3688, "Plan Width": 76, "Actual Startup Time": 67.835, "Actual Total Time": 19726.902, "Actual Rows": 58554, "Actual Loops": 1, "Inner Unique": true, "Hash Cond": "((lineitem.l_suppkey = supplier.s_suppkey) AND (n1.n_nationkey = supplier.s_nationkey))", "Plans": [{"Node Type": "Nested Loop", "Parent Relationship": "Outer", "Join Type": "Inner", "Startup Cost": 0.0, "Total Cost": 644493.13, "Plan Rows": 740786, "Plan Width": 88, "Actual Startup Time": 0.149, "Actual Total Time": 18931.71, "Actual Rows": 1459150, "Actual Loops": 1, "Inner Unique": false, "Plans": [{"Node Type": "Nested Loop", "Parent Relationship": "Outer", "Join Type": "Inner", "Startup Cost": 0.0, "Total Cost": 167755.5, "Plan Rows": 504972, "Plan Width": 64, "Actual Startup Time": 0.099, "Actual Total Time": 3934.164, "Actual Rows": 1200363, "Actual Loops": 1, "Inner Unique": false, "Plans": [{"Node Type": "Nested Loop", "Parent Relationship": "Outer", "Join Type": "Inner", "Startup Cost": 0.0, "Total Cost": 16632.98, "Plan Rows": 119904, "Plan Width": 64, "Actual Startup Time": 0.09, "Actual Total Time": 215.292, "Actual Rows": 119972, "Actual Loops": 1, "Inner Unique": false, "Plans": [{"Node Type": "Nested Loop", "Parent Relationship": "Outer", "Join Type": "Inner", "Startup Cost": 0.0, "Total Cost": 28.12, "Plan Rows": 2, "Plan Width": 60, "Actual Startup Time": 0.057, "Actual Total Time": 0.162, "Actual Rows": 2, "Actual Loops": 1, "Inner Unique": false, "Join Filter": "(((n1.n_name = 'JAPAN'::bpchar) AND (n2.n_name = 'INDIA'::bpchar)) OR ((n1.n_name = 'INDIA'::bpchar) AND (n2.n_name = 'JAPAN'::bpchar)))", "Rows Removed by Join Filter": 2, "Plans": [{"Node Type": "Index Scan", "Parent Relationship": "Outer", "Scan Direction": "Forward", "Index Name": "nation_pkey", "Relation Name": "nation", "Alias": "n1", "Startup Cost": 0.0, "Total Cost": 12.75, "Plan Rows": 25, "Plan Width": 30, "Actual Startup Time": 0.026, "Actual Total Time": 0.052, "Actual Rows": 2, "Actual Loops": 1, "Filter": "((n_name = 'JAPAN'::bpchar) OR (n_name = 'INDIA'::bpchar))", "Rows Removed by Filter": 23}, {"Node Type": "Materialize", "Parent Relationship": "Inner", "Startup Cost": 0.0, "Total Cost": 1.38, "Plan Rows": 25, "Plan Width": 30, "Actual Startup Time": 0.025, "Actual Total Time": 0.052, "Actual Rows": 4, "Actual Loops": 2, "Plans": [{"Node Type": "Seq Scan", "Parent Relationship": "Outer", "Relation Name": "nation", "Alias": "n2", "Startup Cost": 0.0, "Total Cost": 1.25, "Plan Rows": 25, "Plan Width": 30, "Actual Startup Time": 0.02, "Actual Total Time": 0.044, "Actual Rows": 2, "Actual Loops": 1, "Filter": "((n_name = 'INDIA'::bpchar) OR (n_name = 'JAPAN'::bpchar))", "Rows Removed by Filter": 23}]}]}, {"Node Type": "Index Scan", "Parent Relationship": "Inner", "Scan Direction": "Forward", "Index Name": "idx_customer_nationkey", "Relation Name": "customer", "Alias": "customer", "Startup Cost": 0.0, "Total Cost": 7702.43, "Plan Rows": 60000, "Plan Width": 12, "Actual Startup Time": 0.049, "Actual Total Time": 183.611, "Actual Rows": 119972, "Actual Loops": 2, "Index Cond": "(c_nationkey = n2.n_nationkey)", "Rows Removed by Index Recheck": 0}]}, {"Node Type": "Index Scan", "Parent Relationship": "Inner", "Scan Direction": "Forward", "Index Name": "idx_orders_custkey", "Relation Name": "orders", "Alias": "orders", "Startup Cost": 0.0, "Total Cost": 1.22, "Plan Rows": 4, "Plan Width": 16, "Actual Startup Time": 730.727, "Actual Total Time": 3375.202, "Actual Rows": 1200363, "Actual Loops": 119972, "Index Cond": "(o_custkey = customer.c_custkey)", "Rows Removed by Index Recheck": 0}]}, {"Node Type": "Index Scan", "Parent Relationship": "Inner", "Scan Direction": "Forward", "Index Name": "idx_lineitem_orderkey", "Relation Name": "lineitem", "Alias": "lineitem", "Startup Cost": 0.0, "Total Cost": 0.91, "Plan Rows": 3, "Plan Width": 40, "Actual Startup Time": 12853.439, "Actual Total Time": 14028.688, "Actual Rows": 1459150, "Actual Loops": 1200363, "Index Cond": "(l_orderkey = orders.o_orderkey)", "Rows Removed by Index Recheck": 0, "Filter": "((l_shipdate >= '1995-01-01 00:00:00'::timestamp(0) without time zone) AND (l_shipdate <= '1996-12-31 00:00:00'::timestamp(0) without time zone))", "Rows Removed by Filter": 3342563}]}, {"Node Type": "Hash", "Parent Relationship": "Inner", "Startup Cost": 3283.0, "Total Cost": 3283.0, "Plan Rows": 100000, "Plan Width": 12, "Actual Startup Time": 67.411, "Actual Total Time": 67.411, "Actual Rows": 100000, "Actual Loops": 1, "Hash Buckets": 131072, "Hash Batches": 1, "Original Hash Batches": 1, "Peak Memory Usage": 4297, "Plans": [{"Node Type": "Seq Scan", "Parent Relationship": "Outer", "Relation Name": "supplier", "Alias": "supplier", "Startup Cost": 0.0, "Total Cost": 3283.0, "Plan Rows": 100000, "Plan Width": 12, "Actual Startup Time": 0.02, "Actual Total Time": 36.463, "Actual Rows": 100000, "Actual Loops": 1}]}]}]}]}, "Triggers": [], "Planner Runtime": 2, "Total Runtime": 19824.86, "Unique SQL Id": 2208782157}}, "(1, 13)": {"explain_plan": {"Plan": {"Node Type": "Aggregate", "Strategy": "Sorted", "Startup Cost": 657141.64, "Total Cost": 657252.28, "Plan Rows": 3688, "Plan Width": 84, "Group By Key": ["n1.n_name", "n2.n_name", "(date_part('year'::text, lineitem.l_shipdate))"], "Plans": [{"Node Type": "Sort", "Parent Relationship": "Outer", "Startup Cost": 657141.64, "Total Cost": 657150.86, "Plan Rows": 3688, "Plan Width": 76, "Sort Key": ["n1.n_name", "n2.n_name", "(date_part('year'::text, lineitem.l_shipdate))"], "Plans": [{"Node Type": "Hash Join", "Parent Relationship": "Outer", "Join Type": "Inner", "Startup Cost": 6834.54, "Total Cost": 656923.15, "Plan Rows": 3688, "Plan Width": 76, "Inner Unique": true, "Hash Cond": "((lineitem.l_suppkey = supplier.s_suppkey) AND (n1.n_nationkey = supplier.s_nationkey))", "Plans": [{"Node Type": "Nested Loop", "Parent Relationship": "Outer", "Join Type": "Inner", "Startup Cost": 0.0, "Total Cost": 644504.63, "Plan Rows": 740786, "Plan Width": 88, "Inner Unique": false, "Plans": [{"Node Type": "Nested Loop", "Parent Relationship": "Outer", "Join Type": "Inner", "Startup Cost": 0.0, "Total Cost": 167767.0, "Plan Rows": 504972, "Plan Width": 64, "Inner Unique": false, "Plans": [{"Node Type": "Nested Loop", "Parent Relationship": "Outer", "Join Type": "Inner", "Startup Cost": 0.0, "Total Cost": 16644.48, "Plan Rows": 119904, "Plan Width": 64, "Inner Unique": false, "Plans": [{"Node Type": "Nested Loop", "Parent Relationship": "Outer", "Join Type": "Inner", "Startup Cost": 0.0, "Total Cost": 39.62, "Plan Rows": 2, "Plan Width": 60, "Inner Unique": false, "Join Filter": "(((n1.n_name = 'JAPAN'::bpchar) AND (n2.n_name = 'INDIA'::bpchar)) OR ((n1.n_name = 'INDIA'::bpchar) AND (n2.n_name = 'JAPAN'::bpchar)))", "Plans": [{"Node Type": "Index Scan", "Parent Relationship": "Outer", "Scan Direction": "Forward", "Index Name": "nation_pkey", "Relation Name": "nation", "Alias": "n1", "Startup Cost": 0.0, "Total Cost": 12.75, "Plan Rows": 25, "Plan Width": 30, "Filter": "((n_name = 'JAPAN'::bpchar) OR (n_name = 'INDIA'::bpchar))"}, {"Node Type": "Materialize", "Parent Relationship": "Inner", "Startup Cost": 0.0, "Total Cost": 12.88, "Plan Rows": 25, "Plan Width": 30, "Plans": [{"Node Type": "Index Scan", "Parent Relationship": "Outer", "Scan Direction": "Forward", "Index Name": "nation_pkey", "Relation Name": "nation", "Alias": "n2", "Startup Cost": 0.0, "Total Cost": 12.75, "Plan Rows": 25, "Plan Width": 30, "Filter": "((n_name = 'INDIA'::bpchar) OR (n_name = 'JAPAN'::bpchar))"}]}]}, {"Node Type": "Index Scan", "Parent Relationship": "Inner", "Scan Direction": "Forward", "Index Name": "idx_customer_nationkey", "Relation Name": "customer", "Alias": "customer", "Startup Cost": 0.0, "Total Cost": 7702.43, "Plan Rows": 60000, "Plan Width": 12, "Index Cond": "(c_nationkey = n2.n_nationkey)"}]}, {"Node Type": "Index Scan", "Parent Relationship": "Inner", "Scan Direction": "Forward", "Index Name": "idx_orders_custkey", "Relation Name": "orders", "Alias": "orders", "Startup Cost": 0.0, "Total Cost": 1.22, "Plan Rows": 4, "Plan Width": 16, "Index Cond": "(o_custkey = customer.c_custkey)"}]}, {"Node Type": "Index Scan", "Parent Relationship": "Inner", "Scan Direction": "Forward", "Index Name": "idx_lineitem_orderkey", "Relation Name": "lineitem", "Alias": "lineitem", "Startup Cost": 0.0, "Total Cost": 0.91, "Plan Rows": 3, "Plan Width": 40, "Index Cond": "(l_orderkey = orders.o_orderkey)", "Filter": "((l_shipdate >= '1995-01-01 00:00:00'::timestamp(0) without time zone) AND (l_shipdate <= '1996-12-31 00:00:00'::timestamp(0) without time zone))"}]}, {"Node Type": "Hash", "Parent Relationship": "Inner", "Startup Cost": 5334.54, "Total Cost": 5334.54, "Plan Rows": 100000, "Plan Width": 12, "Plans": [{"Node Type": "Index Scan", "Parent Relationship": "Outer", "Scan Direction": "Forward", "Index Name": "supplier_pkey", "Relation Name": "supplier", "Alias": "supplier", "Startup Cost": 0.0, "Total Cost": 5334.54, "Plan Rows": 100000, "Plan Width": 12}]}]}]}]}, "Unique SQL Id": 2208782157, "Planner Runtime": 3}, "explain_analyze_plan": {"Plan": {"Node Type": "Aggregate", "Strategy": "Sorted", "Startup Cost": 657141.64, "Total Cost": 657252.28, "Plan Rows": 3688, "Plan Width": 84, "Actual Startup Time": 19733.098, "Actual Total Time": 19766.62, "Actual Rows": 4, "Actual Loops": 1, "Group By Key": ["n1.n_name", "n2.n_name", "(date_part('year'::text, lineitem.l_shipdate))"], "Plans": [{"Node Type": "Sort", "Parent Relationship": "Outer", "Startup Cost": 657141.64, "Total Cost": 657150.86, "Plan Rows": 3688, "Plan Width": 76, "Actual Startup Time": 19721.972, "Actual Total Time": 19727.673, "Actual Rows": 58554, "Actual Loops": 1, "Sort Key": ["n1.n_name", "n2.n_name", "(date_part('year'::text, lineitem.l_shipdate))"], "Sort Method": "quicksort", "Sort Space Used": 10686, "Sort Space Type": "Memory", "Plans": [{"Node Type": "Hash Join", "Parent Relationship": "Outer", "Join Type": "Inner", "Startup Cost": 6834.54, "Total Cost": 656923.15, "Plan Rows": 3688, "Plan Width": 76, "Actual Startup Time": 111.799, "Actual Total Time": 19668.23, "Actual Rows": 58554, "Actual Loops": 1, "Inner Unique": true, "Hash Cond": "((lineitem.l_suppkey = supplier.s_suppkey) AND (n1.n_nationkey = supplier.s_nationkey))", "Plans": [{"Node Type": "Nested Loop", "Parent Relationship": "Outer", "Join Type": "Inner", "Startup Cost": 0.0, "Total Cost": 644504.63, "Plan Rows": 740786, "Plan Width": 88, "Actual Startup Time": 0.174, "Actual Total Time": 18849.787, "Actual Rows": 1459150, "Actual Loops": 1, "Inner Unique": false, "Plans": [{"Node Type": "Nested Loop", "Parent Relationship": "Outer", "Join Type": "Inner", "Startup Cost": 0.0, "Total Cost": 167767.0, "Plan Rows": 504972, "Plan Width": 64, "Actual Startup Time": 0.098, "Actual Total Time": 3904.575, "Actual Rows": 1200363, "Actual Loops": 1, "Inner Unique": false, "Plans": [{"Node Type": "Nested Loop", "Parent Relationship": "Outer", "Join Type": "Inner", "Startup Cost": 0.0, "Total Cost": 16644.48, "Plan Rows": 119904, "Plan Width": 64, "Actual Startup Time": 0.083, "Actual Total Time": 216.446, "Actual Rows": 119972, "Actual Loops": 1, "Inner Unique": false, "Plans": [{"Node Type": "Nested Loop", "Parent Relationship": "Outer", "Join Type": "Inner", "Startup Cost": 0.0, "Total Cost": 39.62, "Plan Rows": 2, "Plan Width": 60, "Actual Startup Time": 0.046, "Actual Total Time": 0.265, "Actual Rows": 2, "Actual Loops": 1, "Inner Unique": false, "Join Filter": "(((n1.n_name = 'JAPAN'::bpchar) AND (n2.n_name = 'INDIA'::bpchar)) OR ((n1.n_name = 'INDIA'::bpchar) AND (n2.n_name = 'JAPAN'::bpchar)))", "Rows Removed by Join Filter": 2, "Plans": [{"Node Type": "Index Scan", "Parent Relationship": "Outer", "Scan Direction": "Forward", "Index Name": "nation_pkey", "Relation Name": "nation", "Alias": "n1", "Startup Cost": 0.0, "Total Cost": 12.75, "Plan Rows": 25, "Plan Width": 30, "Actual Startup Time": 0.021, "Actual Total Time": 0.046, "Actual Rows": 2, "Actual Loops": 1, "Filter": "((n_name = 'JAPAN'::bpchar) OR (n_name = 'INDIA'::bpchar))", "Rows Removed by Filter": 23}, {"Node Type": "Materialize", "Parent Relationship": "Inner", "Startup Cost": 0.0, "Total Cost": 12.88, "Plan Rows": 25, "Plan Width": 30, "Actual Startup Time": 0.015, "Actual Total Time": 0.04, "Actual Rows": 4, "Actual Loops": 2, "Plans": [{"Node Type": "Index Scan", "Parent Relationship": "Outer", "Scan Direction": "Forward", "Index Name": "nation_pkey", "Relation Name": "nation", "Alias": "n2", "Startup Cost": 0.0, "Total Cost": 12.75, "Plan Rows": 25, "Plan Width": 30, "Actual Startup Time": 0.011, "Actual Total Time": 0.031, "Actual Rows": 2, "Actual Loops": 1, "Filter": "((n_name = 'INDIA'::bpchar) OR (n_name = 'JAPAN'::bpchar))", "Rows Removed by Filter": 23}]}]}, {"Node Type": "Index Scan", "Parent Relationship": "Inner", "Scan Direction": "Forward", "Index Name": "idx_customer_nationkey", "Relation Name": "customer", "Alias": "customer", "Startup Cost": 0.0, "Total Cost": 7702.43, "Plan Rows": 60000, "Plan Width": 12, "Actual Startup Time": 0.094, "Actual Total Time": 181.109, "Actual Rows": 119972, "Actual Loops": 2, "Index Cond": "(c_nationkey = n2.n_nationkey)", "Rows Removed by Index Recheck": 0}]}, {"Node Type": "Index Scan", "Parent Relationship": "Inner", "Scan Direction": "Forward", "Index Name": "idx_orders_custkey", "Relation Name": "orders", "Alias": "orders", "Startup Cost": 0.0, "Total Cost": 1.22, "Plan Rows": 4, "Plan Width": 16, "Actual Startup Time": 725.454, "Actual Total Time": 3338.391, "Actual Rows": 1200363, "Actual Loops": 119972, "Index Cond": "(o_custkey = customer.c_custkey)", "Rows Removed by Index Recheck": 0}]}, {"Node Type": "Index Scan", "Parent Relationship": "Inner", "Scan Direction": "Forward", "Index Name": "idx_lineitem_orderkey", "Relation Name": "lineitem", "Alias": "lineitem", "Startup Cost": 0.0, "Total Cost": 0.91, "Plan Rows": 3, "Plan Width": 40, "Actual Startup Time": 12809.11, "Actual Total Time": 13980.183, "Actual Rows": 1459150, "Actual Loops": 1200363, "Index Cond": "(l_orderkey = orders.o_orderkey)", "Rows Removed by Index Recheck": 0, "Filter": "((l_shipdate >= '1995-01-01 00:00:00'::timestamp(0) without time zone) AND (l_shipdate <= '1996-12-31 00:00:00'::timestamp(0) without time zone))", "Rows Removed by Filter": 3342563}]}, {"Node Type": "Hash", "Parent Relationship": "Inner", "Startup Cost": 5334.54, "Total Cost": 5334.54, "Plan Rows": 100000, "Plan Width": 12, "Actual Startup Time": 111.347, "Actual Total Time": 111.347, "Actual Rows": 100000, "Actual Loops": 1, "Hash Buckets": 131072, "Hash Batches": 1, "Original Hash Batches": 1, "Peak Memory Usage": 4297, "Plans": [{"Node Type": "Index Scan", "Parent Relationship": "Outer", "Scan Direction": "Forward", "Index Name": "supplier_pkey", "Relation Name": "supplier", "Alias": "supplier", "Startup Cost": 0.0, "Total Cost": 5334.54, "Plan Rows": 100000, "Plan Width": 12, "Actual Startup Time": 0.023, "Actual Total Time": 78.07, "Actual Rows": 100000, "Actual Loops": 1}]}]}]}]}, "Triggers": [], "Planner Runtime": 2, "Total Runtime": 19767.235, "Unique SQL Id": 2208782157}}, "(1, 14)": {"explain_plan": {"Plan": {"Node Type": "Aggregate", "Strategy": "Sorted", "Startup Cost": 2961260.33, "Total Cost": 2961370.97, "Plan Rows": 3688, "Plan Width": 84, "Group By Key": ["n1.n_name", "n2.n_name", "(date_part('year'::text, lineitem.l_shipdate))"], "Plans": [{"Node Type": "Sort", "Parent Relationship": "Outer", "Startup Cost": 2961260.33, "Total Cost": 2961269.55, "Plan Rows": 3688, "Plan Width": 76, "Sort Key": ["n1.n_name", "n2.n_name", "(date_part('year'::text, lineitem.l_shipdate))"], "Plans": [{"Node Type": "Hash Join", "Parent Relationship": "Outer", "Join Type": "Inner", "Startup Cost": 557677.26, "Total Cost": 2961041.84, "Plan Rows": 3688, "Plan Width": 76, "Inner Unique": true, "Hash Cond": "((lineitem.l_suppkey = supplier.s_suppkey) AND (n1.n_nationkey = supplier.s_nationkey))", "Plans": [{"Node Type": "Hash Join", "Parent Relationship": "Outer", "Join Type": "Inner", "Startup Cost": 552894.26, "Total Cost": 2950674.86, "Plan Rows": 740786, "Plan Width": 88, "Inner Unique": false, "Hash Cond": "(lineitem.l_orderkey = orders.o_orderkey), (LLVM Optimized)", "Plans": [{"Node Type": "Seq Scan", "Parent Relationship": "Outer", "Relation Name": "lineitem", "Alias": "lineitem", "Startup Cost": 44.73, "Total Cost": 2315050.5, "Plan Rows": 18124991, "Plan Width": 40, "Filter": "((l_shipdate >= '1995-01-01 00:00:00'::timestamp(0) without time zone) AND (l_shipdate <= '1996-12-31 00:00:00'::timestamp(0) without time zone)), (LLVM Optimized)"}, {"Node Type": "Hash", "Parent Relationship": "Inner", "Startup Cost": 546537.38, "Total Cost": 546537.38, "Plan Rows": 504972, "Plan Width": 64, "Plans": [{"Node Type": "Hash Join", "Parent Relationship": "Outer", "Join Type": "Inner", "Startup Cost": 58825.83, "Total Cost": 546537.38, "Plan Rows": 504972, "Plan Width": 64, "Inner Unique": false, "Hash Cond": "(orders.o_custkey = customer.c_custkey), (LLVM Optimized)", "Plans": [{"Node Type": "Seq Scan", "Parent Relationship": "Outer", "Relation Name": "orders", "Alias": "orders", "Startup Cost": 0.0, "Total Cost": 426413.79, "Plan Rows": 14999479, "Plan Width": 16}, {"Node Type": "Hash", "Parent Relationship": "Inner", "Startup Cost": 57327.03, "Total Cost": 57327.03, "Plan Rows": 119904, "Plan Width": 64, "Plans": [{"Node Type": "Hash Join", "Parent Relationship": "Outer", "Join Type": "Inner", "Startup Cost": 16.65, "Total Cost": 57327.03, "Plan Rows": 119904, "Plan Width": 64, "Inner Unique": false, "Hash Cond": "(customer.c_nationkey = n2.n_nationkey), (LLVM Optimized)", "Plans": [{"Node Type": "Seq Scan", "Parent Relationship": "Outer", "Relation Name": "customer", "Alias": "customer", "Startup Cost": 0.0, "Total Cost": 52126.0, "Plan Rows": 1500000, "Plan Width": 12}, {"Node Type": "Hash", "Parent Relationship": "Inner", "Startup Cost": 16.62, "Total Cost": 16.62, "Plan Rows": 2, "Plan Width": 60, "Plans": [{"Node Type": "Nested Loop", "Parent Relationship": "Outer", "Join Type": "Inner", "Startup Cost": 0.0, "Total Cost": 16.62, "Plan Rows": 2, "Plan Width": 60, "Inner Unique": false, "Join Filter": "(((n1.n_name = 'JAPAN'::bpchar) AND (n2.n_name = 'INDIA'::bpchar)) OR ((n1.n_name = 'INDIA'::bpchar) AND (n2.n_name = 'JAPAN'::bpchar)))", "Plans": [{"Node Type": "Seq Scan", "Parent Relationship": "Outer", "Relation Name": "nation", "Alias": "n1", "Startup Cost": 0.0, "Total Cost": 1.25, "Plan Rows": 25, "Plan Width": 30, "Filter": "((n_name = 'JAPAN'::bpchar) OR (n_name = 'INDIA'::bpchar))"}, {"Node Type": "Materialize", "Parent Relationship": "Inner", "Startup Cost": 0.0, "Total Cost": 1.38, "Plan Rows": 25, "Plan Width": 30, "Plans": [{"Node Type": "Seq Scan", "Parent Relationship": "Outer", "Relation Name": "nation", "Alias": "n2", "Startup Cost": 0.0, "Total Cost": 1.25, "Plan Rows": 25, "Plan Width": 30, "Filter": "((n_name = 'INDIA'::bpchar) OR (n_name = 'JAPAN'::bpchar))"}]}]}]}]}]}]}]}]}, {"Node Type": "Hash", "Parent Relationship": "Inner", "Startup Cost": 3283.0, "Total Cost": 3283.0, "Plan Rows": 100000, "Plan Width": 12, "Plans": [{"Node Type": "Seq Scan", "Parent Relationship": "Outer", "Relation Name": "supplier", "Alias": "supplier", "Startup Cost": 0.0, "Total Cost": 3283.0, "Plan Rows": 100000, "Plan Width": 12}]}]}]}]}, "Unique SQL Id": 2208782157, "Planner Runtime": 3}, "explain_analyze_plan": null}, "(1, 15)": {"explain_plan": {"Plan": {"Node Type": "Aggregate", "Strategy": "Sorted", "Startup Cost": 6023462968841.76, "Total Cost": 6023462968952.4, "Plan Rows": 3688, "Plan Width": 84, "Group By Key": ["n1.n_name", "n2.n_name", "(date_part('year'::text, lineitem.l_shipdate))"], "Plans": [{"Node Type": "Sort", "Parent Relationship": "Outer", "Startup Cost": 6023462968841.76, "Total Cost": 6023462968850.98, "Plan Rows": 3688, "Plan Width": 76, "Sort Key": ["n1.n_name", "n2.n_name", "(date_part('year'::text, lineitem.l_shipdate))"], "Plans": [{"Node Type": "Merge Join", "Parent Relationship": "Outer", "Join Type": "Inner", "Startup Cost": 60000000000.0, "Total Cost": 6023462968623.28, "Plan Rows": 3688, "Plan Width": 76, "Inner Unique": true, "Merge Cond": "(n2.n_nationkey = customer.c_nationkey)", "Join Filter": "(orders.o_custkey = customer.c_custkey)", "Plans": [{"Node Type": "Nested Loop", "Parent Relationship": "Outer", "Join Type": "Inner", "Startup Cost": 50000000000.0, "Total Cost": 5023346950887.28, "Plan Rows": 92207, "Plan Width": 88, "Inner Unique": true, "Join Filter": "(lineitem.l_orderkey = orders.o_orderkey)", "Plans": [{"Node Type": "Nested Loop", "Parent Relationship": "Outer", "Join Type": "Inner", "Startup Cost": 40000000000.0, "Total Cost": 4002527961142.79, "Plan Rows": 92207, "Plan Width": 88, "Inner Unique": false, "Join Filter": "(supplier.s_suppkey = lineitem.l_suppkey)", "Plans": [{"Node Type": "Nested Loop", "Parent Relationship": "Outer", "Join Type": "Inner", "Startup Cost": 30000000000.0, "Total Cost": 3000000539268.5, "Plan Rows": 7994, "Plan Width": 64, "Inner Unique": false, "Join Filter": "(n1.n_nationkey = supplier.s_nationkey)", "Plans": [{"Node Type": "Nested Loop", "Parent Relationship": "Outer", "Join Type": "Inner", "Startup Cost": 20000000000.0, "Total Cost": 2000000002564.12, "Plan Rows": 2, "Plan Width": 60, "Inner Unique": false, "Join Filter": "(((n1.n_name = 'JAPAN'::bpchar) AND (n2.n_name = 'INDIA'::bpchar)) OR ((n1.n_name = 'INDIA'::bpchar) AND (n2.n_name = 'JAPAN'::bpchar)))", "Plans": [{"Node Type": "Index Scan", "Parent Relationship": "Outer", "Scan Direction": "Forward", "Index Name": "nation_pkey", "Relation Name": "nation", "Alias": "n2", "Startup Cost": 10000000000.0, "Total Cost": 1000000001275.0, "Plan Rows": 25, "Plan Width": 30, "Filter": "((n_name = 'INDIA'::bpchar) OR (n_name = 'JAPAN'::bpchar))"}, {"Node Type": "Materialize", "Parent Relationship": "Inner", "Startup Cost": 10000000000.0, "Total Cost": 1000000001275.12, "Plan Rows": 25, "Plan Width": 30, "Plans": [{"Node Type": "Index Scan", "Parent Relationship": "Outer", "Scan Direction": "Forward", "Index Name": "nation_pkey", "Relation Name": "nation", "Alias": "n1", "Startup Cost": 10000000000.0, "Total Cost": 1000000001275.0, "Plan Rows": 25, "Plan Width": 30, "Filter": "((n_name = 'JAPAN'::bpchar) OR (n_name = 'INDIA'::bpchar))"}]}]}, {"Node Type": "Materialize", "Parent Relationship": "Inner", "Startup Cost": 10000000000.0, "Total Cost": 1000000533954.38, "Plan Rows": 100000, "Plan Width": 12, "Plans": [{"Node Type": "Index Scan", "Parent Relationship": "Outer", "Scan Direction": "Forward", "Index Name": "supplier_pkey", "Relation Name": "supplier", "Alias": "supplier", "Startup Cost": 10000000000.0, "Total Cost": 1000000533454.38, "Plan Rows": 100000, "Plan Width": 12}]}]}, {"Node Type": "Materialize", "Parent Relationship": "Inner", "Startup Cost": 10000000000.0, "Total Cost": 1000354099515.95, "Plan Rows": 18124991, "Plan Width": 40, "Plans": [{"Node Type": "Index Scan", "Parent Relationship": "Outer", "Scan Direction": "Forward", "Index Name": "idx_lineitem_orderkey", "Relation Name": "lineitem", "Alias": "lineitem", "Startup Cost": 10000000000.0, "Total Cost": 1000354008891.0, "Plan Rows": 18124991, "Plan Width": 40, "Filter": "((l_shipdate >= '1995-01-01 00:00:00'::timestamp(0) without time zone) AND (l_shipdate <= '1996-12-31 00:00:00'::timestamp(0) without time zone)), (LLVM Optimized)"}]}]}, {"Node Type": "Materialize", "Parent Relationship": "Inner", "Startup Cost": 10000000000.0, "Total Cost": 1000073172840.9, "Plan Rows": 14999479, "Plan Width": 16, "Plans": [{"Node Type": "Index Scan", "Parent Relationship": "Outer", "Scan Direction": "Forward", "Index Name": "orders_pkey", "Relation Name": "orders", "Alias": "orders", "Startup Cost": 10000000000.0, "Total Cost": 1000073097843.5, "Plan Rows": 14999479, "Plan Width": 16}]}]}, {"Node Type": "Materialize", "Parent Relationship": "Inner", "Startup Cost": 10000000000.0, "Total Cost": 1000019203896.25, "Plan Rows": 1500000, "Plan Width": 12, "Plans": [{"Node Type": "Index Scan", "Parent Relationship": "Outer", "Scan Direction": "Forward", "Index Name": "idx_customer_nationkey", "Relation Name": "customer", "Alias": "customer", "Startup Cost": 10000000000.0, "Total Cost": 1000019200146.25, "Plan Rows": 1500000, "Plan Width": 12}]}]}]}]}, "Unique SQL Id": 2208782157, "Planner Runtime": 4}, "explain_analyze_plan": null}, "(1, 16)": {"explain_plan": {"Plan": {"Node Type": "Aggregate", "Strategy": "Sorted", "Startup Cost": 725080.21, "Total Cost": 725190.85, "Plan Rows": 3688, "Plan Width": 84, "Group By Key": ["n1.n_name", "n2.n_name", "(date_part('year'::text, lineitem.l_shipdate))"], "Plans": [{"Node Type": "Sort", "Parent Relationship": "Outer", "Startup Cost": 725080.21, "Total Cost": 725089.43, "Plan Rows": 3688, "Plan Width": 76, "Sort Key": ["n1.n_name", "n2.n_name", "(date_part('year'::text, lineitem.l_shipdate))"], "Plans": [{"Node Type": "Merge Join", "Parent Relationship": "Outer", "Join Type": "Inner", "Startup Cost": 714975.42, "Total Cost": 724861.72, "Plan Rows": 3688, "Plan Width": 76, "Inner Unique": false, "Merge Cond": "(supplier.s_suppkey = lineitem.l_suppkey)", "Join Filter": "(n1.n_nationkey = supplier.s_nationkey)", "Plans": [{"Node Type": "Index Scan", "Parent Relationship": "Outer", "Scan Direction": "Forward", "Index Name": "supplier_pkey", "Relation Name": "supplier", "Alias": "supplier", "Startup Cost": 0.0, "Total Cost": 5334.54, "Plan Rows": 100000, "Plan Width": 12}, {"Node Type": "Sort", "Parent Relationship": "Inner", "Startup Cost": 714975.05, "Total Cost": 716827.02, "Plan Rows": 740786, "Plan Width": 88, "Sort Key": ["lineitem.l_suppkey"], "Plans": [{"Node Type": "Nested Loop", "Parent Relationship": "Outer", "Join Type": "Inner", "Startup Cost": 1030.37, "Total Cost": 642753.24, "Plan Rows": 740786, "Plan Width": 88, "Inner Unique": false, "Plans": [{"Node Type": "Nested Loop", "Parent Relationship": "Outer", "Join Type": "Inner", "Startup Cost": 1030.37, "Total Cost": 166015.61, "Plan Rows": 504972, "Plan Width": 64, "Inner Unique": false, "Plans": [{"Node Type": "Nested Loop", "Parent Relationship": "Outer", "Join Type": "Inner", "Startup Cost": 1030.37, "Total Cost": 14893.09, "Plan Rows": 119904, "Plan Width": 64, "Inner Unique": false, "Plans": [{"Node Type": "Nested Loop", "Parent Relationship": "Outer", "Join Type": "Inner", "Startup Cost": 0.0, "Total Cost": 28.12, "Plan Rows": 2, "Plan Width": 60, "Inner Unique": false, "Join Filter": "(((n1.n_name = 'JAPAN'::bpchar) AND (n2.n_name = 'INDIA'::bpchar)) OR ((n1.n_name = 'INDIA'::bpchar) AND (n2.n_name = 'JAPAN'::bpchar)))", "Plans": [{"Node Type": "Index Scan", "Parent Relationship": "Outer", "Scan Direction": "Forward", "Index Name": "nation_pkey", "Relation Name": "nation", "Alias": "n1", "Startup Cost": 0.0, "Total Cost": 12.75, "Plan Rows": 25, "Plan Width": 30, "Filter": "((n_name = 'JAPAN'::bpchar) OR (n_name = 'INDIA'::bpchar))"}, {"Node Type": "Materialize", "Parent Relationship": "Inner", "Startup Cost": 0.0, "Total Cost": 1.38, "Plan Rows": 25, "Plan Width": 30, "Plans": [{"Node Type": "Seq Scan", "Parent Relationship": "Outer", "Relation Name": "nation", "Alias": "n2", "Startup Cost": 0.0, "Total Cost": 1.25, "Plan Rows": 25, "Plan Width": 30, "Filter": "((n_name = 'INDIA'::bpchar) OR (n_name = 'JAPAN'::bpchar))"}]}]}, {"Node Type": "Bitmap Heap Scan", "Parent Relationship": "Inner", "Relation Name": "customer", "Alias": "customer", "Startup Cost": 1030.37, "Total Cost": 6832.48, "Plan Rows": 60000, "Plan Width": 12, "Recheck Cond": "(c_nationkey = n2.n_nationkey)", "Plans": [{"Node Type": "Bitmap Index Scan", "Parent Relationship": "Outer", "Index Name": "idx_customer_nationkey", "Startup Cost": 0.0, "Total Cost": 1015.37, "Plan Rows": 60000, "Plan Width": 0, "Index Cond": "(c_nationkey = n2.n_nationkey)"}]}]}, {"Node Type": "Index Scan", "Parent Relationship": "Inner", "Scan Direction": "Forward", "Index Name": "idx_orders_custkey", "Relation Name": "orders", "Alias": "orders", "Startup Cost": 0.0, "Total Cost": 1.22, "Plan Rows": 4, "Plan Width": 16, "Index Cond": "(o_custkey = customer.c_custkey)"}]}, {"Node Type": "Index Scan", "Parent Relationship": "Inner", "Scan Direction": "Forward", "Index Name": "idx_lineitem_orderkey", "Relation Name": "lineitem", "Alias": "lineitem", "Startup Cost": 0.0, "Total Cost": 0.91, "Plan Rows": 3, "Plan Width": 40, "Index Cond": "(l_orderkey = orders.o_orderkey)", "Filter": "((l_shipdate >= '1995-01-01 00:00:00'::timestamp(0) without time zone) AND (l_shipdate <= '1996-12-31 00:00:00'::timestamp(0) without time zone))"}]}]}]}]}]}, "Unique SQL Id": 2208782157, "Planner Runtime": 3}, "explain_analyze_plan": {"Plan": {"Node Type": "Aggregate", "Strategy": "Sorted", "Startup Cost": 725080.21, "Total Cost": 725190.85, "Plan Rows": 3688, "Plan Width": 84, "Actual Startup Time": 20561.913, "Actual Total Time": 20596.012, "Actual Rows": 4, "Actual Loops": 1, "Group By Key": ["n1.n_name", "n2.n_name", "(date_part('year'::text, lineitem.l_shipdate))"], "Plans": [{"Node Type": "Sort", "Parent Relationship": "Outer", "Startup Cost": 725080.21, "Total Cost": 725089.43, "Plan Rows": 3688, "Plan Width": 76, "Actual Startup Time": 20550.594, "Actual Total Time": 20556.576, "Actual Rows": 58554, "Actual Loops": 1, "Sort Key": ["n1.n_name", "n2.n_name", "(date_part('year'::text, lineitem.l_shipdate))"], "Sort Method": "quicksort", "Sort Space Used": 10686, "Sort Space Type": "Memory", "Plans": [{"Node Type": "Merge Join", "Parent Relationship": "Outer", "Join Type": "Inner", "Startup Cost": 714975.42, "Total Cost": 724861.72, "Plan Rows": 3688, "Plan Width": 76, "Actual Startup Time": 19537.17, "Actual Total Time": 20513.019, "Actual Rows": 58554, "Actual Loops": 1, "Inner Unique": false, "Merge Cond": "(supplier.s_suppkey = lineitem.l_suppkey)", "Join Filter": "(n1.n_nationkey = supplier.s_nationkey)", "Rows Removed by Join Filter": 0, "Plans": [{"Node Type": "Index Scan", "Parent Relationship": "Outer", "Scan Direction": "Forward", "Index Name": "supplier_pkey", "Relation Name": "supplier", "Alias": "supplier", "Startup Cost": 0.0, "Total Cost": 5334.54, "Plan Rows": 100000, "Plan Width": 12, "Actual Startup Time": 0.026, "Actual Total Time": 60.94, "Actual Rows": 100000, "Actual Loops": 1}, {"Node Type": "Sort", "Parent Relationship": "Inner", "Startup Cost": 714975.05, "Total Cost": 716827.02, "Plan Rows": 740786, "Plan Width": 88, "Actual Startup Time": 19536.678, "Actual Total Time": 19899.14, "Actual Rows": 1459150, "Actual Loops": 1, "Sort Key": ["lineitem.l_suppkey"], "Sort Method": "quicksort", "Sort Space Used": 277145, "Sort Space Type": "Memory", "Plans": [{"Node Type": "Nested Loop", "Parent Relationship": "Outer", "Join Type": "Inner", "Startup Cost": 1030.37, "Total Cost": 642753.24, "Plan Rows": 740786, "Plan Width": 88, "Actual Startup Time": 17.966, "Actual Total Time": 18819.438, "Actual Rows": 1459150, "Actual Loops": 1, "Inner Unique": false, "Plans": [{"Node Type": "Nested Loop", "Parent Relationship": "Outer", "Join Type": "Inner", "Startup Cost": 1030.37, "Total Cost": 166015.61, "Plan Rows": 504972, "Plan Width": 64, "Actual Startup Time": 17.892, "Actual Total Time": 3938.996, "Actual Rows": 1200363, "Actual Loops": 1, "Inner Unique": false, "Plans": [{"Node Type": "Nested Loop", "Parent Relationship": "Outer", "Join Type": "Inner", "Startup Cost": 1030.37, "Total Cost": 14893.09, "Plan Rows": 119904, "Plan Width": 64, "Actual Startup Time": 17.865, "Actual Total Time": 277.062, "Actual Rows": 119972, "Actual Loops": 1, "Inner Unique": false, "Plans": [{"Node Type": "Nested Loop", "Parent Relationship": "Outer", "Join Type": "Inner", "Startup Cost": 0.0, "Total Cost": 28.12, "Plan Rows": 2, "Plan Width": 60, "Actual Startup Time": 0.051, "Actual Total Time": 0.237, "Actual Rows": 2, "Actual Loops": 1, "Inner Unique": false, "Join Filter": "(((n1.n_name = 'JAPAN'::bpchar) AND (n2.n_name = 'INDIA'::bpchar)) OR ((n1.n_name = 'INDIA'::bpchar) AND (n2.n_name = 'JAPAN'::bpchar)))", "Rows Removed by Join Filter": 2, "Plans": [{"Node Type": "Index Scan", "Parent Relationship": "Outer", "Scan Direction": "Forward", "Index Name": "nation_pkey", "Relation Name": "nation", "Alias": "n1", "Startup Cost": 0.0, "Total Cost": 12.75, "Plan Rows": 25, "Plan Width": 30, "Actual Startup Time": 0.016, "Actual Total Time": 0.049, "Actual Rows": 2, "Actual Loops": 1, "Filter": "((n_name = 'JAPAN'::bpchar) OR (n_name = 'INDIA'::bpchar))", "Rows Removed by Filter": 23}, {"Node Type": "Materialize", "Parent Relationship": "Inner", "Startup Cost": 0.0, "Total Cost": 1.38, "Plan Rows": 25, "Plan Width": 30, "Actual Startup Time": 0.028, "Actual Total Time": 0.051, "Actual Rows": 4, "Actual Loops": 2, "Plans": [{"Node Type": "Seq Scan", "Parent Relationship": "Outer", "Relation Name": "nation", "Alias": "n2", "Startup Cost": 0.0, "Total Cost": 1.25, "Plan Rows": 25, "Plan Width": 30, "Actual Startup Time": 0.019, "Actual Total Time": 0.039, "Actual Rows": 2, "Actual Loops": 1, "Filter": "((n_name = 'INDIA'::bpchar) OR (n_name = 'JAPAN'::bpchar))", "Rows Removed by Filter": 23}]}]}, {"Node Type": "Bitmap Heap Scan", "Parent Relationship": "Inner", "Relation Name": "customer", "Alias": "customer", "Startup Cost": 1030.37, "Total Cost": 6832.48, "Plan Rows": 60000, "Plan Width": 12, "Actual Startup Time": 35.768, "Actual Total Time": 245.746, "Actual Rows": 119972, "Actual Loops": 2, "Recheck Cond": "(c_nationkey = n2.n_nationkey)", "Rows Removed by Index Recheck": 0, "Exact Heap Blocks": 59938, "Lossy Heap Blocks": 59938, "Plans": [{"Node Type": "Bitmap Index Scan", "Parent Relationship": "Outer", "Index Name": "idx_customer_nationkey", "Startup Cost": 0.0, "Total Cost": 1015.37, "Plan Rows": 60000, "Plan Width": 0, "Actual Startup Time": 22.512, "Actual Total Time": 22.512, "Actual Rows": 119972, "Actual Loops": 2, "Index Cond": "(c_nationkey = n2.n_nationkey)"}]}]}, {"Node Type": "Index Scan", "Parent Relationship": "Inner", "Scan Direction": "Forward", "Index Name": "idx_orders_custkey", "Relation Name": "orders", "Alias": "orders", "Startup Cost": 0.0, "Total Cost": 1.22, "Plan Rows": 4, "Plan Width": 16, "Actual Startup Time": 725.665, "Actual Total Time": 3307.85, "Actual Rows": 1200363, "Actual Loops": 119972, "Index Cond": "(o_custkey = customer.c_custkey)", "Rows Removed by Index Recheck": 0}]}, {"Node Type": "Index Scan", "Parent Relationship": "Inner", "Scan Direction": "Forward", "Index Name": "idx_lineitem_orderkey", "Relation Name": "lineitem", "Alias": "lineitem", "Startup Cost": 0.0, "Total Cost": 0.91, "Plan Rows": 3, "Plan Width": 40, "Actual Startup Time": 12735.382, "Actual Total Time": 13902.399, "Actual Rows": 1459150, "Actual Loops": 1200363, "Index Cond": "(l_orderkey = orders.o_orderkey)", "Rows Removed by Index Recheck": 0, "Filter": "((l_shipdate >= '1995-01-01 00:00:00'::timestamp(0) without time zone) AND (l_shipdate <= '1996-12-31 00:00:00'::timestamp(0) without time zone))", "Rows Removed by Filter": 3342563}]}]}]}]}]}, "Triggers": [], "Planner Runtime": 3, "Total Runtime": 20596.527, "Unique SQL Id": 2208782157}}, "(1, 17)": {"explain_plan": {"Plan": {"Node Type": "Aggregate", "Strategy": "Sorted", "Startup Cost": 725091.71, "Total Cost": 725202.35, "Plan Rows": 3688, "Plan Width": 84, "Group By Key": ["n1.n_name", "n2.n_name", "(date_part('year'::text, lineitem.l_shipdate))"], "Plans": [{"Node Type": "Sort", "Parent Relationship": "Outer", "Startup Cost": 725091.71, "Total Cost": 725100.93, "Plan Rows": 3688, "Plan Width": 76, "Sort Key": ["n1.n_name", "n2.n_name", "(date_part('year'::text, lineitem.l_shipdate))"], "Plans": [{"Node Type": "Merge Join", "Parent Relationship": "Outer", "Join Type": "Inner", "Startup Cost": 714986.92, "Total Cost": 724873.22, "Plan Rows": 3688, "Plan Width": 76, "Inner Unique": false, "Merge Cond": "(supplier.s_suppkey = lineitem.l_suppkey)", "Join Filter": "(n1.n_nationkey = supplier.s_nationkey)", "Plans": [{"Node Type": "Index Scan", "Parent Relationship": "Outer", "Scan Direction": "Forward", "Index Name": "supplier_pkey", "Relation Name": "supplier", "Alias": "supplier", "Startup Cost": 0.0, "Total Cost": 5334.54, "Plan Rows": 100000, "Plan Width": 12}, {"Node Type": "Sort", "Parent Relationship": "Inner", "Startup Cost": 714986.55, "Total Cost": 716838.52, "Plan Rows": 740786, "Plan Width": 88, "Sort Key": ["lineitem.l_suppkey"], "Plans": [{"Node Type": "Nested Loop", "Parent Relationship": "Outer", "Join Type": "Inner", "Startup Cost": 1030.37, "Total Cost": 642764.74, "Plan Rows": 740786, "Plan Width": 88, "Inner Unique": false, "Plans": [{"Node Type": "Nested Loop", "Parent Relationship": "Outer", "Join Type": "Inner", "Startup Cost": 1030.37, "Total Cost": 166027.11, "Plan Rows": 504972, "Plan Width": 64, "Inner Unique": false, "Plans": [{"Node Type": "Nested Loop", "Parent Relationship": "Outer", "Join Type": "Inner", "Startup Cost": 1030.37, "Total Cost": 14904.59, "Plan Rows": 119904, "Plan Width": 64, "Inner Unique": false, "Plans": [{"Node Type": "Nested Loop", "Parent Relationship": "Outer", "Join Type": "Inner", "Startup Cost": 0.0, "Total Cost": 39.62, "Plan Rows": 2, "Plan Width": 60, "Inner Unique": false, "Join Filter": "(((n1.n_name = 'JAPAN'::bpchar) AND (n2.n_name = 'INDIA'::bpchar)) OR ((n1.n_name = 'INDIA'::bpchar) AND (n2.n_name = 'JAPAN'::bpchar)))", "Plans": [{"Node Type": "Index Scan", "Parent Relationship": "Outer", "Scan Direction": "Forward", "Index Name": "nation_pkey", "Relation Name": "nation", "Alias": "n1", "Startup Cost": 0.0, "Total Cost": 12.75, "Plan Rows": 25, "Plan Width": 30, "Filter": "((n_name = 'JAPAN'::bpchar) OR (n_name = 'INDIA'::bpchar))"}, {"Node Type": "Materialize", "Parent Relationship": "Inner", "Startup Cost": 0.0, "Total Cost": 12.88, "Plan Rows": 25, "Plan Width": 30, "Plans": [{"Node Type": "Index Scan", "Parent Relationship": "Outer", "Scan Direction": "Forward", "Index Name": "nation_pkey", "Relation Name": "nation", "Alias": "n2", "Startup Cost": 0.0, "Total Cost": 12.75, "Plan Rows": 25, "Plan Width": 30, "Filter": "((n_name = 'INDIA'::bpchar) OR (n_name = 'JAPAN'::bpchar))"}]}]}, {"Node Type": "Bitmap Heap Scan", "Parent Relationship": "Inner", "Relation Name": "customer", "Alias": "customer", "Startup Cost": 1030.37, "Total Cost": 6832.48, "Plan Rows": 60000, "Plan Width": 12, "Recheck Cond": "(c_nationkey = n2.n_nationkey)", "Plans": [{"Node Type": "Bitmap Index Scan", "Parent Relationship": "Outer", "Index Name": "idx_customer_nationkey", "Startup Cost": 0.0, "Total Cost": 1015.37, "Plan Rows": 60000, "Plan Width": 0, "Index Cond": "(c_nationkey = n2.n_nationkey)"}]}]}, {"Node Type": "Index Scan", "Parent Relationship": "Inner", "Scan Direction": "Forward", "Index Name": "idx_orders_custkey", "Relation Name": "orders", "Alias": "orders", "Startup Cost": 0.0, "Total Cost": 1.22, "Plan Rows": 4, "Plan Width": 16, "Index Cond": "(o_custkey = customer.c_custkey)"}]}, {"Node Type": "Index Scan", "Parent Relationship": "Inner", "Scan Direction": "Forward", "Index Name": "idx_lineitem_orderkey", "Relation Name": "lineitem", "Alias": "lineitem", "Startup Cost": 0.0, "Total Cost": 0.91, "Plan Rows": 3, "Plan Width": 40, "Index Cond": "(l_orderkey = orders.o_orderkey)", "Filter": "((l_shipdate >= '1995-01-01 00:00:00'::timestamp(0) without time zone) AND (l_shipdate <= '1996-12-31 00:00:00'::timestamp(0) without time zone))"}]}]}]}]}]}, "Unique SQL Id": 2208782157, "Planner Runtime": 4}, "explain_analyze_plan": {"Plan": {"Node Type": "Aggregate", "Strategy": "Sorted", "Startup Cost": 725091.71, "Total Cost": 725202.35, "Plan Rows": 3688, "Plan Width": 84, "Actual Startup Time": 20081.268, "Actual Total Time": 20115.186, "Actual Rows": 4, "Actual Loops": 1, "Group By Key": ["n1.n_name", "n2.n_name", "(date_part('year'::text, lineitem.l_shipdate))"], "Plans": [{"Node Type": "Sort", "Parent Relationship": "Outer", "Startup Cost": 725091.71, "Total Cost": 725100.93, "Plan Rows": 3688, "Plan Width": 76, "Actual Startup Time": 20069.942, "Actual Total Time": 20075.856, "Actual Rows": 58554, "Actual Loops": 1, "Sort Key": ["n1.n_name", "n2.n_name", "(date_part('year'::text, lineitem.l_shipdate))"], "Sort Method": "quicksort", "Sort Space Used": 10686, "Sort Space Type": "Memory", "Plans": [{"Node Type": "Merge Join", "Parent Relationship": "Outer", "Join Type": "Inner", "Startup Cost": 714986.92, "Total Cost": 724873.22, "Plan Rows": 3688, "Plan Width": 76, "Actual Startup Time": 19148.188, "Actual Total Time": 20033.163, "Actual Rows": 58554, "Actual Loops": 1, "Inner Unique": false, "Merge Cond": "(supplier.s_suppkey = lineitem.l_suppkey)", "Join Filter": "(n1.n_nationkey = supplier.s_nationkey)", "Rows Removed by Join Filter": 0, "Plans": [{"Node Type": "Index Scan", "Parent Relationship": "Outer", "Scan Direction": "Forward", "Index Name": "supplier_pkey", "Relation Name": "supplier", "Alias": "supplier", "Startup Cost": 0.0, "Total Cost": 5334.54, "Plan Rows": 100000, "Plan Width": 12, "Actual Startup Time": 0.026, "Actual Total Time": 57.015, "Actual Rows": 100000, "Actual Loops": 1}, {"Node Type": "Sort", "Parent Relationship": "Inner", "Startup Cost": 714986.55, "Total Cost": 716838.52, "Plan Rows": 740786, "Plan Width": 88, "Actual Startup Time": 19146.322, "Actual Total Time": 19447.751, "Actual Rows": 1459150, "Actual Loops": 1, "Sort Key": ["lineitem.l_suppkey"], "Sort Method": "quicksort", "Sort Space Used": 277145, "Sort Space Type": "Memory", "Plans": [{"Node Type": "Nested Loop", "Parent Relationship": "Outer", "Join Type": "Inner", "Startup Cost": 1030.37, "Total Cost": 642764.74, "Plan Rows": 740786, "Plan Width": 88, "Actual Startup Time": 17.855, "Actual Total Time": 18428.823, "Actual Rows": 1459150, "Actual Loops": 1, "Inner Unique": false, "Plans": [{"Node Type": "Nested Loop", "Parent Relationship": "Outer", "Join Type": "Inner", "Startup Cost": 1030.37, "Total Cost": 166027.11, "Plan Rows": 504972, "Plan Width": 64, "Actual Startup Time": 17.788, "Actual Total Time": 3839.626, "Actual Rows": 1200363, "Actual Loops": 1, "Inner Unique": false, "Plans": [{"Node Type": "Nested Loop", "Parent Relationship": "Outer", "Join Type": "Inner", "Startup Cost": 1030.37, "Total Cost": 14904.59, "Plan Rows": 119904, "Plan Width": 64, "Actual Startup Time": 17.764, "Actual Total Time": 271.568, "Actual Rows": 119972, "Actual Loops": 1, "Inner Unique": false, "Plans": [{"Node Type": "Nested Loop", "Parent Relationship": "Outer", "Join Type": "Inner", "Startup Cost": 0.0, "Total Cost": 39.62, "Plan Rows": 2, "Plan Width": 60, "Actual Startup Time": 0.045, "Actual Total Time": 0.248, "Actual Rows": 2, "Actual Loops": 1, "Inner Unique": false, "Join Filter": "(((n1.n_name = 'JAPAN'::bpchar) AND (n2.n_name = 'INDIA'::bpchar)) OR ((n1.n_name = 'INDIA'::bpchar) AND (n2.n_name = 'JAPAN'::bpchar)))", "Rows Removed by Join Filter": 2, "Plans": [{"Node Type": "Index Scan", "Parent Relationship": "Outer", "Scan Direction": "Forward", "Index Name": "nation_pkey", "Relation Name": "nation", "Alias": "n1", "Startup Cost": 0.0, "Total Cost": 12.75, "Plan Rows": 25, "Plan Width": 30, "Actual Startup Time": 0.016, "Actual Total Time": 0.049, "Actual Rows": 2, "Actual Loops": 1, "Filter": "((n_name = 'JAPAN'::bpchar) OR (n_name = 'INDIA'::bpchar))", "Rows Removed by Filter": 23}, {"Node Type": "Materialize", "Parent Relationship": "Inner", "Startup Cost": 0.0, "Total Cost": 12.88, "Plan Rows": 25, "Plan Width": 30, "Actual Startup Time": 0.022, "Actual Total Time": 0.135, "Actual Rows": 4, "Actual Loops": 2, "Plans": [{"Node Type": "Index Scan", "Parent Relationship": "Outer", "Scan Direction": "Forward", "Index Name": "nation_pkey", "Relation Name": "nation", "Alias": "n2", "Startup Cost": 0.0, "Total Cost": 12.75, "Plan Rows": 25, "Plan Width": 30, "Actual Startup Time": 0.011, "Actual Total Time": 0.121, "Actual Rows": 2, "Actual Loops": 1, "Filter": "((n_name = 'INDIA'::bpchar) OR (n_name = 'JAPAN'::bpchar))", "Rows Removed by Filter": 23}]}]}, {"Node Type": "Bitmap Heap Scan", "Parent Relationship": "Inner", "Relation Name": "customer", "Alias": "customer", "Startup Cost": 1030.37, "Total Cost": 6832.48, "Plan Rows": 60000, "Plan Width": 12, "Actual Startup Time": 35.869, "Actual Total Time": 242.053, "Actual Rows": 119972, "Actual Loops": 2, "Recheck Cond": "(c_nationkey = n2.n_nationkey)", "Rows Removed by Index Recheck": 0, "Exact Heap Blocks": 59938, "Lossy Heap Blocks": 59938, "Plans": [{"Node Type": "Bitmap Index Scan", "Parent Relationship": "Outer", "Index Name": "idx_customer_nationkey", "Startup Cost": 0.0, "Total Cost": 1015.37, "Plan Rows": 60000, "Plan Width": 0, "Actual Startup Time": 22.697, "Actual Total Time": 22.697, "Actual Rows": 119972, "Actual Loops": 2, "Index Cond": "(c_nationkey = n2.n_nationkey)"}]}]}, {"Node Type": "Index Scan", "Parent Relationship": "Inner", "Scan Direction": "Forward", "Index Name": "idx_orders_custkey", "Relation Name": "orders", "Alias": "orders", "Startup Cost": 0.0, "Total Cost": 1.22, "Plan Rows": 4, "Plan Width": 16, "Actual Startup Time": 711.763, "Actual Total Time": 3214.869, "Actual Rows": 1200363, "Actual Loops": 119972, "Index Cond": "(o_custkey = customer.c_custkey)", "Rows Removed by Index Recheck": 0}]}, {"Node Type": "Index Scan", "Parent Relationship": "Inner", "Scan Direction": "Forward", "Index Name": "idx_lineitem_orderkey", "Relation Name": "lineitem", "Alias": "lineitem", "Startup Cost": 0.0, "Total Cost": 0.91, "Plan Rows": 3, "Plan Width": 40, "Actual Startup Time": 12466.197, "Actual Total Time": 13612.312, "Actual Rows": 1459150, "Actual Loops": 1200363, "Index Cond": "(l_orderkey = orders.o_orderkey)", "Rows Removed by Index Recheck": 0, "Filter": "((l_shipdate >= '1995-01-01 00:00:00'::timestamp(0) without time zone) AND (l_shipdate <= '1996-12-31 00:00:00'::timestamp(0) without time zone))", "Rows Removed by Filter": 3342563}]}]}]}]}]}, "Triggers": [], "Planner Runtime": 3, "Total Runtime": 20115.672, "Unique SQL Id": 2208782157}}, "(1, 18)": {"explain_plan": {"Plan": {"Node Type": "Aggregate", "Strategy": "Sorted", "Startup Cost": 2954140.22, "Total Cost": 2954250.86, "Plan Rows": 3688, "Plan Width": 84, "Group By Key": ["n1.n_name", "n2.n_name", "(date_part('year'::text, lineitem.l_shipdate))"], "Plans": [{"Node Type": "Sort", "Parent Relationship": "Outer", "Startup Cost": 2954140.22, "Total Cost": 2954149.44, "Plan Rows": 3688, "Plan Width": 76, "Sort Key": ["n1.n_name", "n2.n_name", "(date_part('year'::text, lineitem.l_shipdate))"], "Plans": [{"Node Type": "Merge Join", "Parent Relationship": "Outer", "Join Type": "Inner", "Startup Cost": 2947588.86, "Total Cost": 2953921.73, "Plan Rows": 3688, "Plan Width": 76, "Inner Unique": true, "Merge Cond": "((lineitem.l_suppkey = supplier.s_suppkey) AND (n1.n_nationkey = supplier.s_nationkey))", "Plans": [{"Node Type": "Sort", "Parent Relationship": "Outer", "Startup Cost": 2936000.49, "Total Cost": 2937852.45, "Plan Rows": 740786, "Plan Width": 88, "Sort Key": ["lineitem.l_suppkey", "n1.n_nationkey"], "Plans": [{"Node Type": "Nested Loop", "Parent Relationship": "Outer", "Join Type": "Inner", "Startup Cost": 1031.18, "Total Cost": 2863778.68, "Plan Rows": 740786, "Plan Width": 88, "Inner Unique": false, "Plans": [{"Node Type": "Nested Loop", "Parent Relationship": "Outer", "Join Type": "Inner", "Startup Cost": 1030.8, "Total Cost": 557356.7, "Plan Rows": 504972, "Plan Width": 64, "Inner Unique": false, "Plans": [{"Node Type": "Nested Loop", "Parent Relationship": "Outer", "Join Type": "Inner", "Startup Cost": 1030.37, "Total Cost": 14881.59, "Plan Rows": 119904, "Plan Width": 64, "Inner Unique": false, "Plans": [{"Node Type": "Nested Loop", "Parent Relationship": "Outer", "Join Type": "Inner", "Startup Cost": 0.0, "Total Cost": 16.62, "Plan Rows": 2, "Plan Width": 60, "Inner Unique": false, "Join Filter": "(((n1.n_name = 'JAPAN'::bpchar) AND (n2.n_name = 'INDIA'::bpchar)) OR ((n1.n_name = 'INDIA'::bpchar) AND (n2.n_name = 'JAPAN'::bpchar)))", "Plans": [{"Node Type": "Seq Scan", "Parent Relationship": "Outer", "Relation Name": "nation", "Alias": "n1", "Startup Cost": 0.0, "Total Cost": 1.25, "Plan Rows": 25, "Plan Width": 30, "Filter": "((n_name = 'JAPAN'::bpchar) OR (n_name = 'INDIA'::bpchar))"}, {"Node Type": "Materialize", "Parent Relationship": "Inner", "Startup Cost": 0.0, "Total Cost": 1.38, "Plan Rows": 25, "Plan Width": 30, "Plans": [{"Node Type": "Seq Scan", "Parent Relationship": "Outer", "Relation Name": "nation", "Alias": "n2", "Startup Cost": 0.0, "Total Cost": 1.25, "Plan Rows": 25, "Plan Width": 30, "Filter": "((n_name = 'INDIA'::bpchar) OR (n_name = 'JAPAN'::bpchar))"}]}]}, {"Node Type": "Bitmap Heap Scan", "Parent Relationship": "Inner", "Relation Name": "customer", "Alias": "customer", "Startup Cost": 1030.37, "Total Cost": 6832.48, "Plan Rows": 60000, "Plan Width": 12, "Recheck Cond": "(c_nationkey = n2.n_nationkey)", "Plans": [{"Node Type": "Bitmap Index Scan", "Parent Relationship": "Outer", "Index Name": "idx_customer_nationkey", "Startup Cost": 0.0, "Total Cost": 1015.37, "Plan Rows": 60000, "Plan Width": 0, "Index Cond": "(c_nationkey = n2.n_nationkey)"}]}]}, {"Node Type": "Bitmap Heap Scan", "Parent Relationship": "Inner", "Relation Name": "orders", "Alias": "orders", "Startup Cost": 0.43, "Total Cost": 4.48, "Plan Rows": 4, "Plan Width": 16, "Recheck Cond": "(o_custkey = customer.c_custkey)", "Plans": [{"Node Type": "Bitmap Index Scan", "Parent Relationship": "Outer", "Index Name": "idx_orders_custkey", "Startup Cost": 0.0, "Total Cost": 0.43, "Plan Rows": 4, "Plan Width": 0, "Index Cond": "(o_custkey = customer.c_custkey)"}]}]}, {"Node Type": "Bitmap Heap Scan", "Parent Relationship": "Inner", "Relation Name": "lineitem", "Alias": "lineitem", "Startup Cost": 0.38, "Total Cost": 4.54, "Plan Rows": 3, "Plan Width": 40, "Recheck Cond": "(l_orderkey = orders.o_orderkey)", "Filter": "((l_shipdate >= '1995-01-01 00:00:00'::timestamp(0) without time zone) AND (l_shipdate <= '1996-12-31 00:00:00'::timestamp(0) without time zone))", "Plans": [{"Node Type": "Bitmap Index Scan", "Parent Relationship": "Outer", "Index Name": "idx_lineitem_orderkey", "Startup Cost": 0.0, "Total Cost": 0.38, "Plan Rows": 9, "Plan Width": 0, "Index Cond": "(l_orderkey = orders.o_orderkey)"}]}]}]}, {"Node Type": "Sort", "Parent Relationship": "Inner", "Startup Cost": 11587.82, "Total Cost": 11837.82, "Plan Rows": 100000, "Plan Width": 12, "Sort Key": ["supplier.s_suppkey", "supplier.s_nationkey"], "Plans": [{"Node Type": "Seq Scan", "Parent Relationship": "Outer", "Relation Name": "supplier", "Alias": "supplier", "Startup Cost": 0.0, "Total Cost": 3283.0, "Plan Rows": 100000, "Plan Width": 12}]}]}]}]}, "Unique SQL Id": 2208782157, "Planner Runtime": 4}, "explain_analyze_plan": {"Plan": {"Node Type": "Aggregate", "Strategy": "Sorted", "Startup Cost": 2954140.22, "Total Cost": 2954250.86, "Plan Rows": 3688, "Plan Width": 84, "Actual Startup Time": 24246.689, "Actual Total Time": 24280.741, "Actual Rows": 4, "Actual Loops": 1, "Group By Key": ["n1.n_name", "n2.n_name", "(date_part('year'::text, lineitem.l_shipdate))"], "Plans": [{"Node Type": "Sort", "Parent Relationship": "Outer", "Startup Cost": 2954140.22, "Total Cost": 2954149.44, "Plan Rows": 3688, "Plan Width": 76, "Actual Startup Time": 24235.207, "Actual Total Time": 24241.483, "Actual Rows": 58554, "Actual Loops": 1, "Sort Key": ["n1.n_name", "n2.n_name", "(date_part('year'::text, lineitem.l_shipdate))"], "Sort Method": "quicksort", "Sort Space Used": 10686, "Sort Space Type": "Memory", "Plans": [{"Node Type": "Merge Join", "Parent Relationship": "Outer", "Join Type": "Inner", "Startup Cost": 2947588.86, "Total Cost": 2953921.73, "Plan Rows": 3688, "Plan Width": 76, "Actual Startup Time": 23515.573, "Actual Total Time": 24199.047, "Actual Rows": 58554, "Actual Loops": 1, "Inner Unique": true, "Merge Cond": "((lineitem.l_suppkey = supplier.s_suppkey) AND (n1.n_nationkey = supplier.s_nationkey))", "Plans": [{"Node Type": "Sort", "Parent Relationship": "Outer", "Startup Cost": 2936000.49, "Total Cost": 2937852.45, "Plan Rows": 740786, "Plan Width": 88, "Actual Startup Time": 23444.16, "Actual Total Time": 23758.36, "Actual Rows": 1459145, "Actual Loops": 1, "Sort Key": ["lineitem.l_suppkey", "n1.n_nationkey"], "Sort Method": "quicksort", "Sort Space Used": 277145, "Sort Space Type": "Memory", "Plans": [{"Node Type": "Nested Loop", "Parent Relationship": "Outer", "Join Type": "Inner", "Startup Cost": 1031.18, "Total Cost": 2863778.68, "Plan Rows": 740786, "Plan Width": 88, "Actual Startup Time": 17.932, "Actual Total Time": 22158.584, "Actual Rows": 1459150, "Actual Loops": 1, "Inner Unique": false, "Plans": [{"Node Type": "Nested Loop", "Parent Relationship": "Outer", "Join Type": "Inner", "Startup Cost": 1030.8, "Total Cost": 557356.7, "Plan Rows": 504972, "Plan Width": 64, "Actual Startup Time": 17.852, "Actual Total Time": 4918.953, "Actual Rows": 1200363, "Actual Loops": 1, "Inner Unique": false, "Plans": [{"Node Type": "Nested Loop", "Parent Relationship": "Outer", "Join Type": "Inner", "Startup Cost": 1030.37, "Total Cost": 14881.59, "Plan Rows": 119904, "Plan Width": 64, "Actual Startup Time": 17.812, "Actual Total Time": 282.288, "Actual Rows": 119972, "Actual Loops": 1, "Inner Unique": false, "Plans": [{"Node Type": "Nested Loop", "Parent Relationship": "Outer", "Join Type": "Inner", "Startup Cost": 0.0, "Total Cost": 16.62, "Plan Rows": 2, "Plan Width": 60, "Actual Startup Time": 0.065, "Actual Total Time": 0.153, "Actual Rows": 2, "Actual Loops": 1, "Inner Unique": false, "Join Filter": "(((n1.n_name = 'JAPAN'::bpchar) AND (n2.n_name = 'INDIA'::bpchar)) OR ((n1.n_name = 'INDIA'::bpchar) AND (n2.n_name = 'JAPAN'::bpchar)))", "Rows Removed by Join Filter": 2, "Plans": [{"Node Type": "Seq Scan", "Parent Relationship": "Outer", "Relation Name": "nation", "Alias": "n1", "Startup Cost": 0.0, "Total Cost": 1.25, "Plan Rows": 25, "Plan Width": 30, "Actual Startup Time": 0.028, "Actual Total Time": 0.047, "Actual Rows": 2, "Actual Loops": 1, "Filter": "((n_name = 'JAPAN'::bpchar) OR (n_name = 'INDIA'::bpchar))", "Rows Removed by Filter": 23}, {"Node Type": "Materialize", "Parent Relationship": "Inner", "Startup Cost": 0.0, "Total Cost": 1.38, "Plan Rows": 25, "Plan Width": 30, "Actual Startup Time": 0.03, "Actual Total Time": 0.053, "Actual Rows": 4, "Actual Loops": 2, "Plans": [{"Node Type": "Seq Scan", "Parent Relationship": "Outer", "Relation Name": "nation", "Alias": "n2", "Startup Cost": 0.0, "Total Cost": 1.25, "Plan Rows": 25, "Plan Width": 30, "Actual Startup Time": 0.018, "Actual Total Time": 0.038, "Actual Rows": 2, "Actual Loops": 1, "Filter": "((n_name = 'INDIA'::bpchar) OR (n_name = 'JAPAN'::bpchar))", "Rows Removed by Filter": 23}]}]}, {"Node Type": "Bitmap Heap Scan", "Parent Relationship": "Inner", "Relation Name": "customer", "Alias": "customer", "Startup Cost": 1030.37, "Total Cost": 6832.48, "Plan Rows": 60000, "Plan Width": 12, "Actual Startup Time": 35.484, "Actual Total Time": 249.782, "Actual Rows": 119972, "Actual Loops": 2, "Recheck Cond": "(c_nationkey = n2.n_nationkey)", "Rows Removed by Index Recheck": 0, "Exact Heap Blocks": 59938, "Lossy Heap Blocks": 59938, "Plans": [{"Node Type": "Bitmap Index Scan", "Parent Relationship": "Outer", "Index Name": "idx_customer_nationkey", "Startup Cost": 0.0, "Total Cost": 1015.37, "Plan Rows": 60000, "Plan Width": 0, "Actual Startup Time": 22.251, "Actual Total Time": 22.251, "Actual Rows": 119972, "Actual Loops": 2, "Index Cond": "(c_nationkey = n2.n_nationkey)"}]}]}, {"Node Type": "Bitmap Heap Scan", "Parent Relationship": "Inner", "Relation Name": "orders", "Alias": "orders", "Startup Cost": 0.43, "Total Cost": 4.48, "Plan Rows": 4, "Plan Width": 16, "Actual Startup Time": 1165.412, "Actual Total Time": 4206.152, "Actual Rows": 1200363, "Actual Loops": 119972, "Recheck Cond": "(o_custkey = customer.c_custkey)", "Rows Removed by Index Recheck": 0, "Exact Heap Blocks": 1200331, "Lossy Heap Blocks": 1200331, "Plans": [{"Node Type": "Bitmap Index Scan", "Parent Relationship": "Outer", "Index Name": "idx_orders_custkey", "Startup Cost": 0.0, "Total Cost": 0.43, "Plan Rows": 4, "Plan Width": 0, "Actual Startup Time": 727.47, "Actual Total Time": 727.47, "Actual Rows": 1200363, "Actual Loops": 119972, "Index Cond": "(o_custkey = customer.c_custkey)"}]}]}, {"Node Type": "Bitmap Heap Scan", "Parent Relationship": "Inner", "Relation Name": "lineitem", "Alias": "lineitem", "Startup Cost": 0.38, "Total Cost": 4.54, "Plan Rows": 3, "Plan Width": 40, "Actual Startup Time": 14891.853, "Actual Total Time": 15507.614, "Actual Rows": 1459150, "Actual Loops": 1200363, "Recheck Cond": "(l_orderkey = orders.o_orderkey)", "Rows Removed by Index Recheck": 0, "Filter": "((l_shipdate >= '1995-01-01 00:00:00'::timestamp(0) without time zone) AND (l_shipdate <= '1996-12-31 00:00:00'::timestamp(0) without time zone))", "Rows Removed by Filter": 3342563, "Exact Heap Blocks": 1285989, "Lossy Heap Blocks": 1285989, "Plans": [{"Node Type": "Bitmap Index Scan", "Parent Relationship": "Outer", "Index Name": "idx_lineitem_orderkey", "Startup Cost": 0.0, "Total Cost": 0.38, "Plan Rows": 9, "Plan Width": 0, "Actual Startup Time": 8508.563, "Actual Total Time": 8508.563, "Actual Rows": 4801713, "Actual Loops": 1200363, "Index Cond": "(l_orderkey = orders.o_orderkey)"}]}]}]}, {"Node Type": "Sort", "Parent Relationship": "Inner", "Startup Cost": 11587.82, "Total Cost": 11837.82, "Plan Rows": 100000, "Plan Width": 12, "Actual Startup Time": 71.268, "Actual Total Time": 83.519, "Actual Rows": 100000, "Actual Loops": 1, "Sort Key": ["supplier.s_suppkey", "supplier.s_nationkey"], "Sort Method": "quicksort", "Sort Space Used": 12448, "Sort Space Type": "Memory", "Plans": [{"Node Type": "Seq Scan", "Parent Relationship": "Outer", "Relation Name": "supplier", "Alias": "supplier", "Startup Cost": 0.0, "Total Cost": 3283.0, "Plan Rows": 100000, "Plan Width": 12, "Actual Startup Time": 0.06, "Actual Total Time": 33.752, "Actual Rows": 100000, "Actual Loops": 1}]}]}]}]}, "Triggers": [], "Planner Runtime": 3, "Total Runtime": 24281.312, "Unique SQL Id": 2208782157}}, "(1, 19)": {"explain_plan": {"Plan": {"Node Type": "Aggregate", "Strategy": "Sorted", "Startup Cost": 99673573.01, "Total Cost": 99673683.65, "Plan Rows": 3688, "Plan Width": 84, "Group By Key": ["n1.n_name", "n2.n_name", "(date_part('year'::text, lineitem.l_shipdate))"], "Plans": [{"Node Type": "Sort", "Parent Relationship": "Outer", "Startup Cost": 99673573.01, "Total Cost": 99673582.23, "Plan Rows": 3688, "Plan Width": 76, "Sort Key": ["n1.n_name", "n2.n_name", "(date_part('year'::text, lineitem.l_shipdate))"], "Plans": [{"Node Type": "Nested Loop", "Parent Relationship": "Outer", "Join Type": "Inner", "Startup Cost": 627986.71, "Total Cost": 99673354.52, "Plan Rows": 3688, "Plan Width": 76, "Inner Unique": true, "Join Filter": "(((n1.n_name = 'JAPAN'::bpchar) AND (n2.n_name = 'INDIA'::bpchar)) OR ((n1.n_name = 'INDIA'::bpchar) AND (n2.n_name = 'JAPAN'::bpchar)))", "Plans": [{"Node Type": "Nested Loop", "Parent Relationship": "Outer", "Join Type": "Inner", "Startup Cost": 627986.45, "Total Cost": 94724471.42, "Plan Rows": 1153515, "Plan Width": 54, "Inner Unique": true, "Plans": [{"Node Type": "Nested Loop", "Parent Relationship": "Outer", "Join Type": "Inner", "Startup Cost": 627986.2, "Total Cost": 89787046.56, "Plan Rows": 1153515, "Plan Width": 32, "Inner Unique": true, "Plans": [{"Node Type": "Nested Loop", "Parent Relationship": "Outer", "Join Type": "Inner", "Startup Cost": 627985.94, "Total Cost": 84848088.55, "Plan Rows": 1153515, "Plan Width": 36, "Inner Unique": true, "Plans": [{"Node Type": "Nested Loop", "Parent Relationship": "Outer", "Join Type": "Inner", "Startup Cost": 627985.67, "Total Cost": 79896146.0, "Plan Rows": 1153515, "Plan Width": 36, "Inner Unique": true, "Plans": [{"Node Type": "Bitmap Heap Scan", "Parent Relationship": "Outer", "Relation Name": "lineitem", "Alias": "lineitem", "Startup Cost": 627985.41, "Total Cost": 2315105.27, "Plan Rows": 18124991, "Plan Width": 40, "Recheck Cond": "((l_shipdate >= '1995-01-01 00:00:00'::timestamp(0) without time zone) AND (l_shipdate <= '1996-12-31 00:00:00'::timestamp(0) without time zone)), (LLVM Optimized)", "Plans": [{"Node Type": "Bitmap Index Scan", "Parent Relationship": "Outer", "Index Name": "idx_lineitem_shipdate", "Startup Cost": 0.0, "Total Cost": 623454.16, "Plan Rows": 18124991, "Plan Width": 0, "Index Cond": "((l_shipdate >= '1995-01-01 00:00:00'::timestamp(0) without time zone) AND (l_shipdate <= '1996-12-31 00:00:00'::timestamp(0) without time zone))"}]}, {"Node Type": "Bitmap Heap Scan", "Parent Relationship": "Inner", "Relation Name": "supplier", "Alias": "supplier", "Startup Cost": 0.26, "Total Cost": 4.27, "Plan Rows": 1, "Plan Width": 12, "Recheck Cond": "(s_suppkey = lineitem.l_suppkey)", "Plans": [{"Node Type": "Bitmap Index Scan", "Parent Relationship": "Outer", "Index Name": "supplier_pkey", "Startup Cost": 0.0, "Total Cost": 0.26, "Plan Rows": 1, "Plan Width": 0, "Index Cond": "(s_suppkey = lineitem.l_suppkey)"}]}]}, {"Node Type": "Bitmap Heap Scan", "Parent Relationship": "Inner", "Relation Name": "orders", "Alias": "orders", "Startup Cost": 0.27, "Total Cost": 4.28, "Plan Rows": 1, "Plan Width": 16, "Recheck Cond": "(o_orderkey = lineitem.l_orderkey)", "Plans": [{"Node Type": "Bitmap Index Scan", "Parent Relationship": "Outer", "Index Name": "orders_pkey", "Startup Cost": 0.0, "Total Cost": 0.27, "Plan Rows": 1, "Plan Width": 0, "Index Cond": "(o_orderkey = lineitem.l_orderkey)"}]}]}, {"Node Type": "Bitmap Heap Scan", "Parent Relationship": "Inner", "Relation Name": "customer", "Alias": "customer", "Startup Cost": 0.26, "Total Cost": 4.27, "Plan Rows": 1, "Plan Width": 12, "Recheck Cond": "(c_custkey = orders.o_custkey)", "Plans": [{"Node Type": "Bitmap Index Scan", "Parent Relationship": "Outer", "Index Name": "customer_pkey", "Startup Cost": 0.0, "Total Cost": 0.26, "Plan Rows": 1, "Plan Width": 0, "Index Cond": "(c_custkey = orders.o_custkey)"}]}]}, {"Node Type": "Bitmap Heap Scan", "Parent Relationship": "Inner", "Relation Name": "nation", "Alias": "n1", "Startup Cost": 0.26, "Total Cost": 4.27, "Plan Rows": 1, "Plan Width": 30, "Recheck Cond": "(n_nationkey = supplier.s_nationkey)", "Filter": "((n_name = 'JAPAN'::bpchar) OR (n_name = 'INDIA'::bpchar))", "Plans": [{"Node Type": "Bitmap Index Scan", "Parent Relationship": "Outer", "Index Name": "nation_pkey", "Startup Cost": 0.0, "Total Cost": 0.26, "Plan Rows": 1, "Plan Width": 0, "Index Cond": "(n_nationkey = supplier.s_nationkey)"}]}]}, {"Node Type": "Bitmap Heap Scan", "Parent Relationship": "Inner", "Relation Name": "nation", "Alias": "n2", "Startup Cost": 0.26, "Total Cost": 4.27, "Plan Rows": 1, "Plan Width": 30, "Recheck Cond": "(n_nationkey = customer.c_nationkey)", "Filter": "((n_name = 'INDIA'::bpchar) OR (n_name = 'JAPAN'::bpchar))", "Plans": [{"Node Type": "Bitmap Index Scan", "Parent Relationship": "Outer", "Index Name": "nation_pkey", "Startup Cost": 0.0, "Total Cost": 0.26, "Plan Rows": 1, "Plan Width": 0, "Index Cond": "(n_nationkey = customer.c_nationkey)"}]}]}]}]}, "Unique SQL Id": 2208782157, "Planner Runtime": 3}, "explain_analyze_plan": null}, "(1, 20)": {"explain_plan": {"Plan": {"Node Type": "Aggregate", "Strategy": "Sorted", "Startup Cost": 725080.21, "Total Cost": 725190.85, "Plan Rows": 3688, "Plan Width": 84, "Group By Key": ["n1.n_name", "n2.n_name", "(date_part('year'::text, lineitem.l_shipdate))"], "Plans": [{"Node Type": "Sort", "Parent Relationship": "Outer", "Startup Cost": 725080.21, "Total Cost": 725089.43, "Plan Rows": 3688, "Plan Width": 76, "Sort Key": ["n1.n_name", "n2.n_name", "(date_part('year'::text, lineitem.l_shipdate))"], "Plans": [{"Node Type": "Merge Join", "Parent Relationship": "Outer", "Join Type": "Inner", "Startup Cost": 714975.42, "Total Cost": 724861.72, "Plan Rows": 3688, "Plan Width": 76, "Inner Unique": false, "Merge Cond": "(supplier.s_suppkey = lineitem.l_suppkey)", "Join Filter": "(n1.n_nationkey = supplier.s_nationkey)", "Plans": [{"Node Type": "Index Scan", "Parent Relationship": "Outer", "Scan Direction": "Forward", "Index Name": "supplier_pkey", "Relation Name": "supplier", "Alias": "supplier", "Startup Cost": 0.0, "Total Cost": 5334.54, "Plan Rows": 100000, "Plan Width": 12}, {"Node Type": "Sort", "Parent Relationship": "Inner", "Startup Cost": 714975.05, "Total Cost": 716827.02, "Plan Rows": 740786, "Plan Width": 88, "Sort Key": ["lineitem.l_suppkey"], "Plans": [{"Node Type": "Nested Loop", "Parent Relationship": "Outer", "Join Type": "Inner", "Startup Cost": 1030.37, "Total Cost": 642753.24, "Plan Rows": 740786, "Plan Width": 88, "Inner Unique": false, "Plans": [{"Node Type": "Nested Loop", "Parent Relationship": "Outer", "Join Type": "Inner", "Startup Cost": 1030.37, "Total Cost": 166015.61, "Plan Rows": 504972, "Plan Width": 64, "Inner Unique": false, "Plans": [{"Node Type": "Nested Loop", "Parent Relationship": "Outer", "Join Type": "Inner", "Startup Cost": 1030.37, "Total Cost": 14893.09, "Plan Rows": 119904, "Plan Width": 64, "Inner Unique": false, "Plans": [{"Node Type": "Nested Loop", "Parent Relationship": "Outer", "Join Type": "Inner", "Startup Cost": 0.0, "Total Cost": 28.12, "Plan Rows": 2, "Plan Width": 60, "Inner Unique": false, "Join Filter": "(((n1.n_name = 'JAPAN'::bpchar) AND (n2.n_name = 'INDIA'::bpchar)) OR ((n1.n_name = 'INDIA'::bpchar) AND (n2.n_name = 'JAPAN'::bpchar)))", "Plans": [{"Node Type": "Index Scan", "Parent Relationship": "Outer", "Scan Direction": "Forward", "Index Name": "nation_pkey", "Relation Name": "nation", "Alias": "n1", "Startup Cost": 0.0, "Total Cost": 12.75, "Plan Rows": 25, "Plan Width": 30, "Filter": "((n_name = 'JAPAN'::bpchar) OR (n_name = 'INDIA'::bpchar))"}, {"Node Type": "Materialize", "Parent Relationship": "Inner", "Startup Cost": 0.0, "Total Cost": 1.38, "Plan Rows": 25, "Plan Width": 30, "Plans": [{"Node Type": "Seq Scan", "Parent Relationship": "Outer", "Relation Name": "nation", "Alias": "n2", "Startup Cost": 0.0, "Total Cost": 1.25, "Plan Rows": 25, "Plan Width": 30, "Filter": "((n_name = 'INDIA'::bpchar) OR (n_name = 'JAPAN'::bpchar))"}]}]}, {"Node Type": "Bitmap Heap Scan", "Parent Relationship": "Inner", "Relation Name": "customer", "Alias": "customer", "Startup Cost": 1030.37, "Total Cost": 6832.48, "Plan Rows": 60000, "Plan Width": 12, "Recheck Cond": "(c_nationkey = n2.n_nationkey)", "Plans": [{"Node Type": "Bitmap Index Scan", "Parent Relationship": "Outer", "Index Name": "idx_customer_nationkey", "Startup Cost": 0.0, "Total Cost": 1015.37, "Plan Rows": 60000, "Plan Width": 0, "Index Cond": "(c_nationkey = n2.n_nationkey)"}]}]}, {"Node Type": "Index Scan", "Parent Relationship": "Inner", "Scan Direction": "Forward", "Index Name": "idx_orders_custkey", "Relation Name": "orders", "Alias": "orders", "Startup Cost": 0.0, "Total Cost": 1.22, "Plan Rows": 4, "Plan Width": 16, "Index Cond": "(o_custkey = customer.c_custkey)"}]}, {"Node Type": "Index Scan", "Parent Relationship": "Inner", "Scan Direction": "Forward", "Index Name": "idx_lineitem_orderkey", "Relation Name": "lineitem", "Alias": "lineitem", "Startup Cost": 0.0, "Total Cost": 0.91, "Plan Rows": 3, "Plan Width": 40, "Index Cond": "(l_orderkey = orders.o_orderkey)", "Filter": "((l_shipdate >= '1995-01-01 00:00:00'::timestamp(0) without time zone) AND (l_shipdate <= '1996-12-31 00:00:00'::timestamp(0) without time zone))"}]}]}]}]}]}, "Unique SQL Id": 2208782157, "Planner Runtime": 3}, "explain_analyze_plan": {"Plan": {"Node Type": "Aggregate", "Strategy": "Sorted", "Startup Cost": 725080.21, "Total Cost": 725190.85, "Plan Rows": 3688, "Plan Width": 84, "Actual Startup Time": 20561.913, "Actual Total Time": 20596.012, "Actual Rows": 4, "Actual Loops": 1, "Group By Key": ["n1.n_name", "n2.n_name", "(date_part('year'::text, lineitem.l_shipdate))"], "Plans": [{"Node Type": "Sort", "Parent Relationship": "Outer", "Startup Cost": 725080.21, "Total Cost": 725089.43, "Plan Rows": 3688, "Plan Width": 76, "Actual Startup Time": 20550.594, "Actual Total Time": 20556.576, "Actual Rows": 58554, "Actual Loops": 1, "Sort Key": ["n1.n_name", "n2.n_name", "(date_part('year'::text, lineitem.l_shipdate))"], "Sort Method": "quicksort", "Sort Space Used": 10686, "Sort Space Type": "Memory", "Plans": [{"Node Type": "Merge Join", "Parent Relationship": "Outer", "Join Type": "Inner", "Startup Cost": 714975.42, "Total Cost": 724861.72, "Plan Rows": 3688, "Plan Width": 76, "Actual Startup Time": 19537.17, "Actual Total Time": 20513.019, "Actual Rows": 58554, "Actual Loops": 1, "Inner Unique": false, "Merge Cond": "(supplier.s_suppkey = lineitem.l_suppkey)", "Join Filter": "(n1.n_nationkey = supplier.s_nationkey)", "Rows Removed by Join Filter": 0, "Plans": [{"Node Type": "Index Scan", "Parent Relationship": "Outer", "Scan Direction": "Forward", "Index Name": "supplier_pkey", "Relation Name": "supplier", "Alias": "supplier", "Startup Cost": 0.0, "Total Cost": 5334.54, "Plan Rows": 100000, "Plan Width": 12, "Actual Startup Time": 0.026, "Actual Total Time": 60.94, "Actual Rows": 100000, "Actual Loops": 1}, {"Node Type": "Sort", "Parent Relationship": "Inner", "Startup Cost": 714975.05, "Total Cost": 716827.02, "Plan Rows": 740786, "Plan Width": 88, "Actual Startup Time": 19536.678, "Actual Total Time": 19899.14, "Actual Rows": 1459150, "Actual Loops": 1, "Sort Key": ["lineitem.l_suppkey"], "Sort Method": "quicksort", "Sort Space Used": 277145, "Sort Space Type": "Memory", "Plans": [{"Node Type": "Nested Loop", "Parent Relationship": "Outer", "Join Type": "Inner", "Startup Cost": 1030.37, "Total Cost": 642753.24, "Plan Rows": 740786, "Plan Width": 88, "Actual Startup Time": 17.966, "Actual Total Time": 18819.438, "Actual Rows": 1459150, "Actual Loops": 1, "Inner Unique": false, "Plans": [{"Node Type": "Nested Loop", "Parent Relationship": "Outer", "Join Type": "Inner", "Startup Cost": 1030.37, "Total Cost": 166015.61, "Plan Rows": 504972, "Plan Width": 64, "Actual Startup Time": 17.892, "Actual Total Time": 3938.996, "Actual Rows": 1200363, "Actual Loops": 1, "Inner Unique": false, "Plans": [{"Node Type": "Nested Loop", "Parent Relationship": "Outer", "Join Type": "Inner", "Startup Cost": 1030.37, "Total Cost": 14893.09, "Plan Rows": 119904, "Plan Width": 64, "Actual Startup Time": 17.865, "Actual Total Time": 277.062, "Actual Rows": 119972, "Actual Loops": 1, "Inner Unique": false, "Plans": [{"Node Type": "Nested Loop", "Parent Relationship": "Outer", "Join Type": "Inner", "Startup Cost": 0.0, "Total Cost": 28.12, "Plan Rows": 2, "Plan Width": 60, "Actual Startup Time": 0.051, "Actual Total Time": 0.237, "Actual Rows": 2, "Actual Loops": 1, "Inner Unique": false, "Join Filter": "(((n1.n_name = 'JAPAN'::bpchar) AND (n2.n_name = 'INDIA'::bpchar)) OR ((n1.n_name = 'INDIA'::bpchar) AND (n2.n_name = 'JAPAN'::bpchar)))", "Rows Removed by Join Filter": 2, "Plans": [{"Node Type": "Index Scan", "Parent Relationship": "Outer", "Scan Direction": "Forward", "Index Name": "nation_pkey", "Relation Name": "nation", "Alias": "n1", "Startup Cost": 0.0, "Total Cost": 12.75, "Plan Rows": 25, "Plan Width": 30, "Actual Startup Time": 0.016, "Actual Total Time": 0.049, "Actual Rows": 2, "Actual Loops": 1, "Filter": "((n_name = 'JAPAN'::bpchar) OR (n_name = 'INDIA'::bpchar))", "Rows Removed by Filter": 23}, {"Node Type": "Materialize", "Parent Relationship": "Inner", "Startup Cost": 0.0, "Total Cost": 1.38, "Plan Rows": 25, "Plan Width": 30, "Actual Startup Time": 0.028, "Actual Total Time": 0.051, "Actual Rows": 4, "Actual Loops": 2, "Plans": [{"Node Type": "Seq Scan", "Parent Relationship": "Outer", "Relation Name": "nation", "Alias": "n2", "Startup Cost": 0.0, "Total Cost": 1.25, "Plan Rows": 25, "Plan Width": 30, "Actual Startup Time": 0.019, "Actual Total Time": 0.039, "Actual Rows": 2, "Actual Loops": 1, "Filter": "((n_name = 'INDIA'::bpchar) OR (n_name = 'JAPAN'::bpchar))", "Rows Removed by Filter": 23}]}]}, {"Node Type": "Bitmap Heap Scan", "Parent Relationship": "Inner", "Relation Name": "customer", "Alias": "customer", "Startup Cost": 1030.37, "Total Cost": 6832.48, "Plan Rows": 60000, "Plan Width": 12, "Actual Startup Time": 35.768, "Actual Total Time": 245.746, "Actual Rows": 119972, "Actual Loops": 2, "Recheck Cond": "(c_nationkey = n2.n_nationkey)", "Rows Removed by Index Recheck": 0, "Exact Heap Blocks": 59938, "Lossy Heap Blocks": 59938, "Plans": [{"Node Type": "Bitmap Index Scan", "Parent Relationship": "Outer", "Index Name": "idx_customer_nationkey", "Startup Cost": 0.0, "Total Cost": 1015.37, "Plan Rows": 60000, "Plan Width": 0, "Actual Startup Time": 22.512, "Actual Total Time": 22.512, "Actual Rows": 119972, "Actual Loops": 2, "Index Cond": "(c_nationkey = n2.n_nationkey)"}]}]}, {"Node Type": "Index Scan", "Parent Relationship": "Inner", "Scan Direction": "Forward", "Index Name": "idx_orders_custkey", "Relation Name": "orders", "Alias": "orders", "Startup Cost": 0.0, "Total Cost": 1.22, "Plan Rows": 4, "Plan Width": 16, "Actual Startup Time": 725.665, "Actual Total Time": 3307.85, "Actual Rows": 1200363, "Actual Loops": 119972, "Index Cond": "(o_custkey = customer.c_custkey)", "Rows Removed by Index Recheck": 0}]}, {"Node Type": "Index Scan", "Parent Relationship": "Inner", "Scan Direction": "Forward", "Index Name": "idx_lineitem_orderkey", "Relation Name": "lineitem", "Alias": "lineitem", "Startup Cost": 0.0, "Total Cost": 0.91, "Plan Rows": 3, "Plan Width": 40, "Actual Startup Time": 12735.382, "Actual Total Time": 13902.399, "Actual Rows": 1459150, "Actual Loops": 1200363, "Index Cond": "(l_orderkey = orders.o_orderkey)", "Rows Removed by Index Recheck": 0, "Filter": "((l_shipdate >= '1995-01-01 00:00:00'::timestamp(0) without time zone) AND (l_shipdate <= '1996-12-31 00:00:00'::timestamp(0) without time zone))", "Rows Removed by Filter": 3342563}]}]}]}]}]}, "Triggers": [], "Planner Runtime": 3, "Total Runtime": 20596.527, "Unique SQL Id": 2208782157}}, "(1, 21)": {"explain_plan": {"Plan": {"Node Type": "Aggregate", "Strategy": "Sorted", "Startup Cost": 725091.71, "Total Cost": 725202.35, "Plan Rows": 3688, "Plan Width": 84, "Group By Key": ["n1.n_name", "n2.n_name", "(date_part('year'::text, lineitem.l_shipdate))"], "Plans": [{"Node Type": "Sort", "Parent Relationship": "Outer", "Startup Cost": 725091.71, "Total Cost": 725100.93, "Plan Rows": 3688, "Plan Width": 76, "Sort Key": ["n1.n_name", "n2.n_name", "(date_part('year'::text, lineitem.l_shipdate))"], "Plans": [{"Node Type": "Merge Join", "Parent Relationship": "Outer", "Join Type": "Inner", "Startup Cost": 714986.92, "Total Cost": 724873.22, "Plan Rows": 3688, "Plan Width": 76, "Inner Unique": false, "Merge Cond": "(supplier.s_suppkey = lineitem.l_suppkey)", "Join Filter": "(n1.n_nationkey = supplier.s_nationkey)", "Plans": [{"Node Type": "Index Scan", "Parent Relationship": "Outer", "Scan Direction": "Forward", "Index Name": "supplier_pkey", "Relation Name": "supplier", "Alias": "supplier", "Startup Cost": 0.0, "Total Cost": 5334.54, "Plan Rows": 100000, "Plan Width": 12}, {"Node Type": "Sort", "Parent Relationship": "Inner", "Startup Cost": 714986.55, "Total Cost": 716838.52, "Plan Rows": 740786, "Plan Width": 88, "Sort Key": ["lineitem.l_suppkey"], "Plans": [{"Node Type": "Nested Loop", "Parent Relationship": "Outer", "Join Type": "Inner", "Startup Cost": 1030.37, "Total Cost": 642764.74, "Plan Rows": 740786, "Plan Width": 88, "Inner Unique": false, "Plans": [{"Node Type": "Nested Loop", "Parent Relationship": "Outer", "Join Type": "Inner", "Startup Cost": 1030.37, "Total Cost": 166027.11, "Plan Rows": 504972, "Plan Width": 64, "Inner Unique": false, "Plans": [{"Node Type": "Nested Loop", "Parent Relationship": "Outer", "Join Type": "Inner", "Startup Cost": 1030.37, "Total Cost": 14904.59, "Plan Rows": 119904, "Plan Width": 64, "Inner Unique": false, "Plans": [{"Node Type": "Nested Loop", "Parent Relationship": "Outer", "Join Type": "Inner", "Startup Cost": 0.0, "Total Cost": 39.62, "Plan Rows": 2, "Plan Width": 60, "Inner Unique": false, "Join Filter": "(((n1.n_name = 'JAPAN'::bpchar) AND (n2.n_name = 'INDIA'::bpchar)) OR ((n1.n_name = 'INDIA'::bpchar) AND (n2.n_name = 'JAPAN'::bpchar)))", "Plans": [{"Node Type": "Index Scan", "Parent Relationship": "Outer", "Scan Direction": "Forward", "Index Name": "nation_pkey", "Relation Name": "nation", "Alias": "n1", "Startup Cost": 0.0, "Total Cost": 12.75, "Plan Rows": 25, "Plan Width": 30, "Filter": "((n_name = 'JAPAN'::bpchar) OR (n_name = 'INDIA'::bpchar))"}, {"Node Type": "Materialize", "Parent Relationship": "Inner", "Startup Cost": 0.0, "Total Cost": 12.88, "Plan Rows": 25, "Plan Width": 30, "Plans": [{"Node Type": "Index Scan", "Parent Relationship": "Outer", "Scan Direction": "Forward", "Index Name": "nation_pkey", "Relation Name": "nation", "Alias": "n2", "Startup Cost": 0.0, "Total Cost": 12.75, "Plan Rows": 25, "Plan Width": 30, "Filter": "((n_name = 'INDIA'::bpchar) OR (n_name = 'JAPAN'::bpchar))"}]}]}, {"Node Type": "Bitmap Heap Scan", "Parent Relationship": "Inner", "Relation Name": "customer", "Alias": "customer", "Startup Cost": 1030.37, "Total Cost": 6832.48, "Plan Rows": 60000, "Plan Width": 12, "Recheck Cond": "(c_nationkey = n2.n_nationkey)", "Plans": [{"Node Type": "Bitmap Index Scan", "Parent Relationship": "Outer", "Index Name": "idx_customer_nationkey", "Startup Cost": 0.0, "Total Cost": 1015.37, "Plan Rows": 60000, "Plan Width": 0, "Index Cond": "(c_nationkey = n2.n_nationkey)"}]}]}, {"Node Type": "Index Scan", "Parent Relationship": "Inner", "Scan Direction": "Forward", "Index Name": "idx_orders_custkey", "Relation Name": "orders", "Alias": "orders", "Startup Cost": 0.0, "Total Cost": 1.22, "Plan Rows": 4, "Plan Width": 16, "Index Cond": "(o_custkey = customer.c_custkey)"}]}, {"Node Type": "Index Scan", "Parent Relationship": "Inner", "Scan Direction": "Forward", "Index Name": "idx_lineitem_orderkey", "Relation Name": "lineitem", "Alias": "lineitem", "Startup Cost": 0.0, "Total Cost": 0.91, "Plan Rows": 3, "Plan Width": 40, "Index Cond": "(l_orderkey = orders.o_orderkey)", "Filter": "((l_shipdate >= '1995-01-01 00:00:00'::timestamp(0) without time zone) AND (l_shipdate <= '1996-12-31 00:00:00'::timestamp(0) without time zone))"}]}]}]}]}]}, "Unique SQL Id": 2208782157, "Planner Runtime": 3}, "explain_analyze_plan": {"Plan": {"Node Type": "Aggregate", "Strategy": "Sorted", "Startup Cost": 725091.71, "Total Cost": 725202.35, "Plan Rows": 3688, "Plan Width": 84, "Actual Startup Time": 20081.268, "Actual Total Time": 20115.186, "Actual Rows": 4, "Actual Loops": 1, "Group By Key": ["n1.n_name", "n2.n_name", "(date_part('year'::text, lineitem.l_shipdate))"], "Plans": [{"Node Type": "Sort", "Parent Relationship": "Outer", "Startup Cost": 725091.71, "Total Cost": 725100.93, "Plan Rows": 3688, "Plan Width": 76, "Actual Startup Time": 20069.942, "Actual Total Time": 20075.856, "Actual Rows": 58554, "Actual Loops": 1, "Sort Key": ["n1.n_name", "n2.n_name", "(date_part('year'::text, lineitem.l_shipdate))"], "Sort Method": "quicksort", "Sort Space Used": 10686, "Sort Space Type": "Memory", "Plans": [{"Node Type": "Merge Join", "Parent Relationship": "Outer", "Join Type": "Inner", "Startup Cost": 714986.92, "Total Cost": 724873.22, "Plan Rows": 3688, "Plan Width": 76, "Actual Startup Time": 19148.188, "Actual Total Time": 20033.163, "Actual Rows": 58554, "Actual Loops": 1, "Inner Unique": false, "Merge Cond": "(supplier.s_suppkey = lineitem.l_suppkey)", "Join Filter": "(n1.n_nationkey = supplier.s_nationkey)", "Rows Removed by Join Filter": 0, "Plans": [{"Node Type": "Index Scan", "Parent Relationship": "Outer", "Scan Direction": "Forward", "Index Name": "supplier_pkey", "Relation Name": "supplier", "Alias": "supplier", "Startup Cost": 0.0, "Total Cost": 5334.54, "Plan Rows": 100000, "Plan Width": 12, "Actual Startup Time": 0.026, "Actual Total Time": 57.015, "Actual Rows": 100000, "Actual Loops": 1}, {"Node Type": "Sort", "Parent Relationship": "Inner", "Startup Cost": 714986.55, "Total Cost": 716838.52, "Plan Rows": 740786, "Plan Width": 88, "Actual Startup Time": 19146.322, "Actual Total Time": 19447.751, "Actual Rows": 1459150, "Actual Loops": 1, "Sort Key": ["lineitem.l_suppkey"], "Sort Method": "quicksort", "Sort Space Used": 277145, "Sort Space Type": "Memory", "Plans": [{"Node Type": "Nested Loop", "Parent Relationship": "Outer", "Join Type": "Inner", "Startup Cost": 1030.37, "Total Cost": 642764.74, "Plan Rows": 740786, "Plan Width": 88, "Actual Startup Time": 17.855, "Actual Total Time": 18428.823, "Actual Rows": 1459150, "Actual Loops": 1, "Inner Unique": false, "Plans": [{"Node Type": "Nested Loop", "Parent Relationship": "Outer", "Join Type": "Inner", "Startup Cost": 1030.37, "Total Cost": 166027.11, "Plan Rows": 504972, "Plan Width": 64, "Actual Startup Time": 17.788, "Actual Total Time": 3839.626, "Actual Rows": 1200363, "Actual Loops": 1, "Inner Unique": false, "Plans": [{"Node Type": "Nested Loop", "Parent Relationship": "Outer", "Join Type": "Inner", "Startup Cost": 1030.37, "Total Cost": 14904.59, "Plan Rows": 119904, "Plan Width": 64, "Actual Startup Time": 17.764, "Actual Total Time": 271.568, "Actual Rows": 119972, "Actual Loops": 1, "Inner Unique": false, "Plans": [{"Node Type": "Nested Loop", "Parent Relationship": "Outer", "Join Type": "Inner", "Startup Cost": 0.0, "Total Cost": 39.62, "Plan Rows": 2, "Plan Width": 60, "Actual Startup Time": 0.045, "Actual Total Time": 0.248, "Actual Rows": 2, "Actual Loops": 1, "Inner Unique": false, "Join Filter": "(((n1.n_name = 'JAPAN'::bpchar) AND (n2.n_name = 'INDIA'::bpchar)) OR ((n1.n_name = 'INDIA'::bpchar) AND (n2.n_name = 'JAPAN'::bpchar)))", "Rows Removed by Join Filter": 2, "Plans": [{"Node Type": "Index Scan", "Parent Relationship": "Outer", "Scan Direction": "Forward", "Index Name": "nation_pkey", "Relation Name": "nation", "Alias": "n1", "Startup Cost": 0.0, "Total Cost": 12.75, "Plan Rows": 25, "Plan Width": 30, "Actual Startup Time": 0.016, "Actual Total Time": 0.049, "Actual Rows": 2, "Actual Loops": 1, "Filter": "((n_name = 'JAPAN'::bpchar) OR (n_name = 'INDIA'::bpchar))", "Rows Removed by Filter": 23}, {"Node Type": "Materialize", "Parent Relationship": "Inner", "Startup Cost": 0.0, "Total Cost": 12.88, "Plan Rows": 25, "Plan Width": 30, "Actual Startup Time": 0.022, "Actual Total Time": 0.135, "Actual Rows": 4, "Actual Loops": 2, "Plans": [{"Node Type": "Index Scan", "Parent Relationship": "Outer", "Scan Direction": "Forward", "Index Name": "nation_pkey", "Relation Name": "nation", "Alias": "n2", "Startup Cost": 0.0, "Total Cost": 12.75, "Plan Rows": 25, "Plan Width": 30, "Actual Startup Time": 0.011, "Actual Total Time": 0.121, "Actual Rows": 2, "Actual Loops": 1, "Filter": "((n_name = 'INDIA'::bpchar) OR (n_name = 'JAPAN'::bpchar))", "Rows Removed by Filter": 23}]}]}, {"Node Type": "Bitmap Heap Scan", "Parent Relationship": "Inner", "Relation Name": "customer", "Alias": "customer", "Startup Cost": 1030.37, "Total Cost": 6832.48, "Plan Rows": 60000, "Plan Width": 12, "Actual Startup Time": 35.869, "Actual Total Time": 242.053, "Actual Rows": 119972, "Actual Loops": 2, "Recheck Cond": "(c_nationkey = n2.n_nationkey)", "Rows Removed by Index Recheck": 0, "Exact Heap Blocks": 59938, "Lossy Heap Blocks": 59938, "Plans": [{"Node Type": "Bitmap Index Scan", "Parent Relationship": "Outer", "Index Name": "idx_customer_nationkey", "Startup Cost": 0.0, "Total Cost": 1015.37, "Plan Rows": 60000, "Plan Width": 0, "Actual Startup Time": 22.697, "Actual Total Time": 22.697, "Actual Rows": 119972, "Actual Loops": 2, "Index Cond": "(c_nationkey = n2.n_nationkey)"}]}]}, {"Node Type": "Index Scan", "Parent Relationship": "Inner", "Scan Direction": "Forward", "Index Name": "idx_orders_custkey", "Relation Name": "orders", "Alias": "orders", "Startup Cost": 0.0, "Total Cost": 1.22, "Plan Rows": 4, "Plan Width": 16, "Actual Startup Time": 711.763, "Actual Total Time": 3214.869, "Actual Rows": 1200363, "Actual Loops": 119972, "Index Cond": "(o_custkey = customer.c_custkey)", "Rows Removed by Index Recheck": 0}]}, {"Node Type": "Index Scan", "Parent Relationship": "Inner", "Scan Direction": "Forward", "Index Name": "idx_lineitem_orderkey", "Relation Name": "lineitem", "Alias": "lineitem", "Startup Cost": 0.0, "Total Cost": 0.91, "Plan Rows": 3, "Plan Width": 40, "Actual Startup Time": 12466.197, "Actual Total Time": 13612.312, "Actual Rows": 1459150, "Actual Loops": 1200363, "Index Cond": "(l_orderkey = orders.o_orderkey)", "Rows Removed by Index Recheck": 0, "Filter": "((l_shipdate >= '1995-01-01 00:00:00'::timestamp(0) without time zone) AND (l_shipdate <= '1996-12-31 00:00:00'::timestamp(0) without time zone))", "Rows Removed by Filter": 3342563}]}]}]}]}]}, "Triggers": [], "Planner Runtime": 3, "Total Runtime": 20115.672, "Unique SQL Id": 2208782157}}, "(1, 22)": {"explain_plan": {"Plan": {"Node Type": "Aggregate", "Strategy": "Sorted", "Startup Cost": 2954140.22, "Total Cost": 2954250.86, "Plan Rows": 3688, "Plan Width": 84, "Group By Key": ["n1.n_name", "n2.n_name", "(date_part('year'::text, lineitem.l_shipdate))"], "Plans": [{"Node Type": "Sort", "Parent Relationship": "Outer", "Startup Cost": 2954140.22, "Total Cost": 2954149.44, "Plan Rows": 3688, "Plan Width": 76, "Sort Key": ["n1.n_name", "n2.n_name", "(date_part('year'::text, lineitem.l_shipdate))"], "Plans": [{"Node Type": "Merge Join", "Parent Relationship": "Outer", "Join Type": "Inner", "Startup Cost": 2947588.86, "Total Cost": 2953921.73, "Plan Rows": 3688, "Plan Width": 76, "Inner Unique": true, "Merge Cond": "((lineitem.l_suppkey = supplier.s_suppkey) AND (n1.n_nationkey = supplier.s_nationkey))", "Plans": [{"Node Type": "Sort", "Parent Relationship": "Outer", "Startup Cost": 2936000.49, "Total Cost": 2937852.45, "Plan Rows": 740786, "Plan Width": 88, "Sort Key": ["lineitem.l_suppkey", "n1.n_nationkey"], "Plans": [{"Node Type": "Nested Loop", "Parent Relationship": "Outer", "Join Type": "Inner", "Startup Cost": 1031.18, "Total Cost": 2863778.68, "Plan Rows": 740786, "Plan Width": 88, "Inner Unique": false, "Plans": [{"Node Type": "Nested Loop", "Parent Relationship": "Outer", "Join Type": "Inner", "Startup Cost": 1030.8, "Total Cost": 557356.7, "Plan Rows": 504972, "Plan Width": 64, "Inner Unique": false, "Plans": [{"Node Type": "Nested Loop", "Parent Relationship": "Outer", "Join Type": "Inner", "Startup Cost": 1030.37, "Total Cost": 14881.59, "Plan Rows": 119904, "Plan Width": 64, "Inner Unique": false, "Plans": [{"Node Type": "Nested Loop", "Parent Relationship": "Outer", "Join Type": "Inner", "Startup Cost": 0.0, "Total Cost": 16.62, "Plan Rows": 2, "Plan Width": 60, "Inner Unique": false, "Join Filter": "(((n1.n_name = 'JAPAN'::bpchar) AND (n2.n_name = 'INDIA'::bpchar)) OR ((n1.n_name = 'INDIA'::bpchar) AND (n2.n_name = 'JAPAN'::bpchar)))", "Plans": [{"Node Type": "Seq Scan", "Parent Relationship": "Outer", "Relation Name": "nation", "Alias": "n1", "Startup Cost": 0.0, "Total Cost": 1.25, "Plan Rows": 25, "Plan Width": 30, "Filter": "((n_name = 'JAPAN'::bpchar) OR (n_name = 'INDIA'::bpchar))"}, {"Node Type": "Materialize", "Parent Relationship": "Inner", "Startup Cost": 0.0, "Total Cost": 1.38, "Plan Rows": 25, "Plan Width": 30, "Plans": [{"Node Type": "Seq Scan", "Parent Relationship": "Outer", "Relation Name": "nation", "Alias": "n2", "Startup Cost": 0.0, "Total Cost": 1.25, "Plan Rows": 25, "Plan Width": 30, "Filter": "((n_name = 'INDIA'::bpchar) OR (n_name = 'JAPAN'::bpchar))"}]}]}, {"Node Type": "Bitmap Heap Scan", "Parent Relationship": "Inner", "Relation Name": "customer", "Alias": "customer", "Startup Cost": 1030.37, "Total Cost": 6832.48, "Plan Rows": 60000, "Plan Width": 12, "Recheck Cond": "(c_nationkey = n2.n_nationkey)", "Plans": [{"Node Type": "Bitmap Index Scan", "Parent Relationship": "Outer", "Index Name": "idx_customer_nationkey", "Startup Cost": 0.0, "Total Cost": 1015.37, "Plan Rows": 60000, "Plan Width": 0, "Index Cond": "(c_nationkey = n2.n_nationkey)"}]}]}, {"Node Type": "Bitmap Heap Scan", "Parent Relationship": "Inner", "Relation Name": "orders", "Alias": "orders", "Startup Cost": 0.43, "Total Cost": 4.48, "Plan Rows": 4, "Plan Width": 16, "Recheck Cond": "(o_custkey = customer.c_custkey)", "Plans": [{"Node Type": "Bitmap Index Scan", "Parent Relationship": "Outer", "Index Name": "idx_orders_custkey", "Startup Cost": 0.0, "Total Cost": 0.43, "Plan Rows": 4, "Plan Width": 0, "Index Cond": "(o_custkey = customer.c_custkey)"}]}]}, {"Node Type": "Bitmap Heap Scan", "Parent Relationship": "Inner", "Relation Name": "lineitem", "Alias": "lineitem", "Startup Cost": 0.38, "Total Cost": 4.54, "Plan Rows": 3, "Plan Width": 40, "Recheck Cond": "(l_orderkey = orders.o_orderkey)", "Filter": "((l_shipdate >= '1995-01-01 00:00:00'::timestamp(0) without time zone) AND (l_shipdate <= '1996-12-31 00:00:00'::timestamp(0) without time zone))", "Plans": [{"Node Type": "Bitmap Index Scan", "Parent Relationship": "Outer", "Index Name": "idx_lineitem_orderkey", "Startup Cost": 0.0, "Total Cost": 0.38, "Plan Rows": 9, "Plan Width": 0, "Index Cond": "(l_orderkey = orders.o_orderkey)"}]}]}]}, {"Node Type": "Sort", "Parent Relationship": "Inner", "Startup Cost": 11587.82, "Total Cost": 11837.82, "Plan Rows": 100000, "Plan Width": 12, "Sort Key": ["supplier.s_suppkey", "supplier.s_nationkey"], "Plans": [{"Node Type": "Seq Scan", "Parent Relationship": "Outer", "Relation Name": "supplier", "Alias": "supplier", "Startup Cost": 0.0, "Total Cost": 3283.0, "Plan Rows": 100000, "Plan Width": 12}]}]}]}]}, "Unique SQL Id": 2208782157, "Planner Runtime": 3}, "explain_analyze_plan": {"Plan": {"Node Type": "Aggregate", "Strategy": "Sorted", "Startup Cost": 2954140.22, "Total Cost": 2954250.86, "Plan Rows": 3688, "Plan Width": 84, "Actual Startup Time": 24246.689, "Actual Total Time": 24280.741, "Actual Rows": 4, "Actual Loops": 1, "Group By Key": ["n1.n_name", "n2.n_name", "(date_part('year'::text, lineitem.l_shipdate))"], "Plans": [{"Node Type": "Sort", "Parent Relationship": "Outer", "Startup Cost": 2954140.22, "Total Cost": 2954149.44, "Plan Rows": 3688, "Plan Width": 76, "Actual Startup Time": 24235.207, "Actual Total Time": 24241.483, "Actual Rows": 58554, "Actual Loops": 1, "Sort Key": ["n1.n_name", "n2.n_name", "(date_part('year'::text, lineitem.l_shipdate))"], "Sort Method": "quicksort", "Sort Space Used": 10686, "Sort Space Type": "Memory", "Plans": [{"Node Type": "Merge Join", "Parent Relationship": "Outer", "Join Type": "Inner", "Startup Cost": 2947588.86, "Total Cost": 2953921.73, "Plan Rows": 3688, "Plan Width": 76, "Actual Startup Time": 23515.573, "Actual Total Time": 24199.047, "Actual Rows": 58554, "Actual Loops": 1, "Inner Unique": true, "Merge Cond": "((lineitem.l_suppkey = supplier.s_suppkey) AND (n1.n_nationkey = supplier.s_nationkey))", "Plans": [{"Node Type": "Sort", "Parent Relationship": "Outer", "Startup Cost": 2936000.49, "Total Cost": 2937852.45, "Plan Rows": 740786, "Plan Width": 88, "Actual Startup Time": 23444.16, "Actual Total Time": 23758.36, "Actual Rows": 1459145, "Actual Loops": 1, "Sort Key": ["lineitem.l_suppkey", "n1.n_nationkey"], "Sort Method": "quicksort", "Sort Space Used": 277145, "Sort Space Type": "Memory", "Plans": [{"Node Type": "Nested Loop", "Parent Relationship": "Outer", "Join Type": "Inner", "Startup Cost": 1031.18, "Total Cost": 2863778.68, "Plan Rows": 740786, "Plan Width": 88, "Actual Startup Time": 17.932, "Actual Total Time": 22158.584, "Actual Rows": 1459150, "Actual Loops": 1, "Inner Unique": false, "Plans": [{"Node Type": "Nested Loop", "Parent Relationship": "Outer", "Join Type": "Inner", "Startup Cost": 1030.8, "Total Cost": 557356.7, "Plan Rows": 504972, "Plan Width": 64, "Actual Startup Time": 17.852, "Actual Total Time": 4918.953, "Actual Rows": 1200363, "Actual Loops": 1, "Inner Unique": false, "Plans": [{"Node Type": "Nested Loop", "Parent Relationship": "Outer", "Join Type": "Inner", "Startup Cost": 1030.37, "Total Cost": 14881.59, "Plan Rows": 119904, "Plan Width": 64, "Actual Startup Time": 17.812, "Actual Total Time": 282.288, "Actual Rows": 119972, "Actual Loops": 1, "Inner Unique": false, "Plans": [{"Node Type": "Nested Loop", "Parent Relationship": "Outer", "Join Type": "Inner", "Startup Cost": 0.0, "Total Cost": 16.62, "Plan Rows": 2, "Plan Width": 60, "Actual Startup Time": 0.065, "Actual Total Time": 0.153, "Actual Rows": 2, "Actual Loops": 1, "Inner Unique": false, "Join Filter": "(((n1.n_name = 'JAPAN'::bpchar) AND (n2.n_name = 'INDIA'::bpchar)) OR ((n1.n_name = 'INDIA'::bpchar) AND (n2.n_name = 'JAPAN'::bpchar)))", "Rows Removed by Join Filter": 2, "Plans": [{"Node Type": "Seq Scan", "Parent Relationship": "Outer", "Relation Name": "nation", "Alias": "n1", "Startup Cost": 0.0, "Total Cost": 1.25, "Plan Rows": 25, "Plan Width": 30, "Actual Startup Time": 0.028, "Actual Total Time": 0.047, "Actual Rows": 2, "Actual Loops": 1, "Filter": "((n_name = 'JAPAN'::bpchar) OR (n_name = 'INDIA'::bpchar))", "Rows Removed by Filter": 23}, {"Node Type": "Materialize", "Parent Relationship": "Inner", "Startup Cost": 0.0, "Total Cost": 1.38, "Plan Rows": 25, "Plan Width": 30, "Actual Startup Time": 0.03, "Actual Total Time": 0.053, "Actual Rows": 4, "Actual Loops": 2, "Plans": [{"Node Type": "Seq Scan", "Parent Relationship": "Outer", "Relation Name": "nation", "Alias": "n2", "Startup Cost": 0.0, "Total Cost": 1.25, "Plan Rows": 25, "Plan Width": 30, "Actual Startup Time": 0.018, "Actual Total Time": 0.038, "Actual Rows": 2, "Actual Loops": 1, "Filter": "((n_name = 'INDIA'::bpchar) OR (n_name = 'JAPAN'::bpchar))", "Rows Removed by Filter": 23}]}]}, {"Node Type": "Bitmap Heap Scan", "Parent Relationship": "Inner", "Relation Name": "customer", "Alias": "customer", "Startup Cost": 1030.37, "Total Cost": 6832.48, "Plan Rows": 60000, "Plan Width": 12, "Actual Startup Time": 35.484, "Actual Total Time": 249.782, "Actual Rows": 119972, "Actual Loops": 2, "Recheck Cond": "(c_nationkey = n2.n_nationkey)", "Rows Removed by Index Recheck": 0, "Exact Heap Blocks": 59938, "Lossy Heap Blocks": 59938, "Plans": [{"Node Type": "Bitmap Index Scan", "Parent Relationship": "Outer", "Index Name": "idx_customer_nationkey", "Startup Cost": 0.0, "Total Cost": 1015.37, "Plan Rows": 60000, "Plan Width": 0, "Actual Startup Time": 22.251, "Actual Total Time": 22.251, "Actual Rows": 119972, "Actual Loops": 2, "Index Cond": "(c_nationkey = n2.n_nationkey)"}]}]}, {"Node Type": "Bitmap Heap Scan", "Parent Relationship": "Inner", "Relation Name": "orders", "Alias": "orders", "Startup Cost": 0.43, "Total Cost": 4.48, "Plan Rows": 4, "Plan Width": 16, "Actual Startup Time": 1165.412, "Actual Total Time": 4206.152, "Actual Rows": 1200363, "Actual Loops": 119972, "Recheck Cond": "(o_custkey = customer.c_custkey)", "Rows Removed by Index Recheck": 0, "Exact Heap Blocks": 1200331, "Lossy Heap Blocks": 1200331, "Plans": [{"Node Type": "Bitmap Index Scan", "Parent Relationship": "Outer", "Index Name": "idx_orders_custkey", "Startup Cost": 0.0, "Total Cost": 0.43, "Plan Rows": 4, "Plan Width": 0, "Actual Startup Time": 727.47, "Actual Total Time": 727.47, "Actual Rows": 1200363, "Actual Loops": 119972, "Index Cond": "(o_custkey = customer.c_custkey)"}]}]}, {"Node Type": "Bitmap Heap Scan", "Parent Relationship": "Inner", "Relation Name": "lineitem", "Alias": "lineitem", "Startup Cost": 0.38, "Total Cost": 4.54, "Plan Rows": 3, "Plan Width": 40, "Actual Startup Time": 14891.853, "Actual Total Time": 15507.614, "Actual Rows": 1459150, "Actual Loops": 1200363, "Recheck Cond": "(l_orderkey = orders.o_orderkey)", "Rows Removed by Index Recheck": 0, "Filter": "((l_shipdate >= '1995-01-01 00:00:00'::timestamp(0) without time zone) AND (l_shipdate <= '1996-12-31 00:00:00'::timestamp(0) without time zone))", "Rows Removed by Filter": 3342563, "Exact Heap Blocks": 1285989, "Lossy Heap Blocks": 1285989, "Plans": [{"Node Type": "Bitmap Index Scan", "Parent Relationship": "Outer", "Index Name": "idx_lineitem_orderkey", "Startup Cost": 0.0, "Total Cost": 0.38, "Plan Rows": 9, "Plan Width": 0, "Actual Startup Time": 8508.563, "Actual Total Time": 8508.563, "Actual Rows": 4801713, "Actual Loops": 1200363, "Index Cond": "(l_orderkey = orders.o_orderkey)"}]}]}]}, {"Node Type": "Sort", "Parent Relationship": "Inner", "Startup Cost": 11587.82, "Total Cost": 11837.82, "Plan Rows": 100000, "Plan Width": 12, "Actual Startup Time": 71.268, "Actual Total Time": 83.519, "Actual Rows": 100000, "Actual Loops": 1, "Sort Key": ["supplier.s_suppkey", "supplier.s_nationkey"], "Sort Method": "quicksort", "Sort Space Used": 12448, "Sort Space Type": "Memory", "Plans": [{"Node Type": "Seq Scan", "Parent Relationship": "Outer", "Relation Name": "supplier", "Alias": "supplier", "Startup Cost": 0.0, "Total Cost": 3283.0, "Plan Rows": 100000, "Plan Width": 12, "Actual Startup Time": 0.06, "Actual Total Time": 33.752, "Actual Rows": 100000, "Actual Loops": 1}]}]}]}]}, "Triggers": [], "Planner Runtime": 3, "Total Runtime": 24281.312, "Unique SQL Id": 2208782157}}, "(1, 23)": {"explain_plan": {"Plan": {"Node Type": "Aggregate", "Strategy": "Sorted", "Startup Cost": 99673573.01, "Total Cost": 99673683.65, "Plan Rows": 3688, "Plan Width": 84, "Group By Key": ["n1.n_name", "n2.n_name", "(date_part('year'::text, lineitem.l_shipdate))"], "Plans": [{"Node Type": "Sort", "Parent Relationship": "Outer", "Startup Cost": 99673573.01, "Total Cost": 99673582.23, "Plan Rows": 3688, "Plan Width": 76, "Sort Key": ["n1.n_name", "n2.n_name", "(date_part('year'::text, lineitem.l_shipdate))"], "Plans": [{"Node Type": "Nested Loop", "Parent Relationship": "Outer", "Join Type": "Inner", "Startup Cost": 627986.71, "Total Cost": 99673354.52, "Plan Rows": 3688, "Plan Width": 76, "Inner Unique": true, "Join Filter": "(((n1.n_name = 'JAPAN'::bpchar) AND (n2.n_name = 'INDIA'::bpchar)) OR ((n1.n_name = 'INDIA'::bpchar) AND (n2.n_name = 'JAPAN'::bpchar)))", "Plans": [{"Node Type": "Nested Loop", "Parent Relationship": "Outer", "Join Type": "Inner", "Startup Cost": 627986.45, "Total Cost": 94724471.42, "Plan Rows": 1153515, "Plan Width": 54, "Inner Unique": true, "Plans": [{"Node Type": "Nested Loop", "Parent Relationship": "Outer", "Join Type": "Inner", "Startup Cost": 627986.2, "Total Cost": 89787046.56, "Plan Rows": 1153515, "Plan Width": 32, "Inner Unique": true, "Plans": [{"Node Type": "Nested Loop", "Parent Relationship": "Outer", "Join Type": "Inner", "Startup Cost": 627985.94, "Total Cost": 84848088.55, "Plan Rows": 1153515, "Plan Width": 36, "Inner Unique": true, "Plans": [{"Node Type": "Nested Loop", "Parent Relationship": "Outer", "Join Type": "Inner", "Startup Cost": 627985.67, "Total Cost": 79896146.0, "Plan Rows": 1153515, "Plan Width": 36, "Inner Unique": true, "Plans": [{"Node Type": "Bitmap Heap Scan", "Parent Relationship": "Outer", "Relation Name": "lineitem", "Alias": "lineitem", "Startup Cost": 627985.41, "Total Cost": 2315105.27, "Plan Rows": 18124991, "Plan Width": 40, "Recheck Cond": "((l_shipdate >= '1995-01-01 00:00:00'::timestamp(0) without time zone) AND (l_shipdate <= '1996-12-31 00:00:00'::timestamp(0) without time zone)), (LLVM Optimized)", "Plans": [{"Node Type": "Bitmap Index Scan", "Parent Relationship": "Outer", "Index Name": "idx_lineitem_shipdate", "Startup Cost": 0.0, "Total Cost": 623454.16, "Plan Rows": 18124991, "Plan Width": 0, "Index Cond": "((l_shipdate >= '1995-01-01 00:00:00'::timestamp(0) without time zone) AND (l_shipdate <= '1996-12-31 00:00:00'::timestamp(0) without time zone))"}]}, {"Node Type": "Bitmap Heap Scan", "Parent Relationship": "Inner", "Relation Name": "supplier", "Alias": "supplier", "Startup Cost": 0.26, "Total Cost": 4.27, "Plan Rows": 1, "Plan Width": 12, "Recheck Cond": "(s_suppkey = lineitem.l_suppkey)", "Plans": [{"Node Type": "Bitmap Index Scan", "Parent Relationship": "Outer", "Index Name": "supplier_pkey", "Startup Cost": 0.0, "Total Cost": 0.26, "Plan Rows": 1, "Plan Width": 0, "Index Cond": "(s_suppkey = lineitem.l_suppkey)"}]}]}, {"Node Type": "Bitmap Heap Scan", "Parent Relationship": "Inner", "Relation Name": "orders", "Alias": "orders", "Startup Cost": 0.27, "Total Cost": 4.28, "Plan Rows": 1, "Plan Width": 16, "Recheck Cond": "(o_orderkey = lineitem.l_orderkey)", "Plans": [{"Node Type": "Bitmap Index Scan", "Parent Relationship": "Outer", "Index Name": "orders_pkey", "Startup Cost": 0.0, "Total Cost": 0.27, "Plan Rows": 1, "Plan Width": 0, "Index Cond": "(o_orderkey = lineitem.l_orderkey)"}]}]}, {"Node Type": "Bitmap Heap Scan", "Parent Relationship": "Inner", "Relation Name": "customer", "Alias": "customer", "Startup Cost": 0.26, "Total Cost": 4.27, "Plan Rows": 1, "Plan Width": 12, "Recheck Cond": "(c_custkey = orders.o_custkey)", "Plans": [{"Node Type": "Bitmap Index Scan", "Parent Relationship": "Outer", "Index Name": "customer_pkey", "Startup Cost": 0.0, "Total Cost": 0.26, "Plan Rows": 1, "Plan Width": 0, "Index Cond": "(c_custkey = orders.o_custkey)"}]}]}, {"Node Type": "Bitmap Heap Scan", "Parent Relationship": "Inner", "Relation Name": "nation", "Alias": "n1", "Startup Cost": 0.26, "Total Cost": 4.27, "Plan Rows": 1, "Plan Width": 30, "Recheck Cond": "(n_nationkey = supplier.s_nationkey)", "Filter": "((n_name = 'JAPAN'::bpchar) OR (n_name = 'INDIA'::bpchar))", "Plans": [{"Node Type": "Bitmap Index Scan", "Parent Relationship": "Outer", "Index Name": "nation_pkey", "Startup Cost": 0.0, "Total Cost": 0.26, "Plan Rows": 1, "Plan Width": 0, "Index Cond": "(n_nationkey = supplier.s_nationkey)"}]}]}, {"Node Type": "Bitmap Heap Scan", "Parent Relationship": "Inner", "Relation Name": "nation", "Alias": "n2", "Startup Cost": 0.26, "Total Cost": 4.27, "Plan Rows": 1, "Plan Width": 30, "Recheck Cond": "(n_nationkey = customer.c_nationkey)", "Filter": "((n_name = 'INDIA'::bpchar) OR (n_name = 'JAPAN'::bpchar))", "Plans": [{"Node Type": "Bitmap Index Scan", "Parent Relationship": "Outer", "Index Name": "nation_pkey", "Startup Cost": 0.0, "Total Cost": 0.26, "Plan Rows": 1, "Plan Width": 0, "Index Cond": "(n_nationkey = customer.c_nationkey)"}]}]}]}]}, "Unique SQL Id": 2208782157, "Planner Runtime": 2}, "explain_analyze_plan": null}, "(1, 24)": {"explain_plan": {"Plan": {"Node Type": "Aggregate", "Strategy": "Sorted", "Startup Cost": 726820.1, "Total Cost": 726930.74, "Plan Rows": 3688, "Plan Width": 84, "Group By Key": ["n1.n_name", "n2.n_name", "(date_part('year'::text, lineitem.l_shipdate))"], "Plans": [{"Node Type": "Sort", "Parent Relationship": "Outer", "Startup Cost": 726820.1, "Total Cost": 726829.32, "Plan Rows": 3688, "Plan Width": 76, "Sort Key": ["n1.n_name", "n2.n_name", "(date_part('year'::text, lineitem.l_shipdate))"], "Plans": [{"Node Type": "Merge Join", "Parent Relationship": "Outer", "Join Type": "Inner", "Startup Cost": 716715.31, "Total Cost": 726601.61, "Plan Rows": 3688, "Plan Width": 76, "Inner Unique": false, "Merge Cond": "(supplier.s_suppkey = lineitem.l_suppkey)", "Join Filter": "(n1.n_nationkey = supplier.s_nationkey)", "Plans": [{"Node Type": "Index Scan", "Parent Relationship": "Outer", "Scan Direction": "Forward", "Index Name": "supplier_pkey", "Relation Name": "supplier", "Alias": "supplier", "Startup Cost": 0.0, "Total Cost": 5334.54, "Plan Rows": 100000, "Plan Width": 12}, {"Node Type": "Sort", "Parent Relationship": "Inner", "Startup Cost": 716714.94, "Total Cost": 718566.9, "Plan Rows": 740786, "Plan Width": 88, "Sort Key": ["lineitem.l_suppkey"], "Plans": [{"Node Type": "Nested Loop", "Parent Relationship": "Outer", "Join Type": "Inner", "Startup Cost": 0.0, "Total Cost": 644493.13, "Plan Rows": 740786, "Plan Width": 88, "Inner Unique": false, "Plans": [{"Node Type": "Nested Loop", "Parent Relationship": "Outer", "Join Type": "Inner", "Startup Cost": 0.0, "Total Cost": 167755.5, "Plan Rows": 504972, "Plan Width": 64, "Inner Unique": false, "Plans": [{"Node Type": "Nested Loop", "Parent Relationship": "Outer", "Join Type": "Inner", "Startup Cost": 0.0, "Total Cost": 16632.98, "Plan Rows": 119904, "Plan Width": 64, "Inner Unique": false, "Plans": [{"Node Type": "Nested Loop", "Parent Relationship": "Outer", "Join Type": "Inner", "Startup Cost": 0.0, "Total Cost": 28.12, "Plan Rows": 2, "Plan Width": 60, "Inner Unique": false, "Join Filter": "(((n1.n_name = 'JAPAN'::bpchar) AND (n2.n_name = 'INDIA'::bpchar)) OR ((n1.n_name = 'INDIA'::bpchar) AND (n2.n_name = 'JAPAN'::bpchar)))", "Plans": [{"Node Type": "Index Scan", "Parent Relationship": "Outer", "Scan Direction": "Forward", "Index Name": "nation_pkey", "Relation Name": "nation", "Alias": "n1", "Startup Cost": 0.0, "Total Cost": 12.75, "Plan Rows": 25, "Plan Width": 30, "Filter": "((n_name = 'JAPAN'::bpchar) OR (n_name = 'INDIA'::bpchar))"}, {"Node Type": "Materialize", "Parent Relationship": "Inner", "Startup Cost": 0.0, "Total Cost": 1.38, "Plan Rows": 25, "Plan Width": 30, "Plans": [{"Node Type": "Seq Scan", "Parent Relationship": "Outer", "Relation Name": "nation", "Alias": "n2", "Startup Cost": 0.0, "Total Cost": 1.25, "Plan Rows": 25, "Plan Width": 30, "Filter": "((n_name = 'INDIA'::bpchar) OR (n_name = 'JAPAN'::bpchar))"}]}]}, {"Node Type": "Index Scan", "Parent Relationship": "Inner", "Scan Direction": "Forward", "Index Name": "idx_customer_nationkey", "Relation Name": "customer", "Alias": "customer", "Startup Cost": 0.0, "Total Cost": 7702.43, "Plan Rows": 60000, "Plan Width": 12, "Index Cond": "(c_nationkey = n2.n_nationkey)"}]}, {"Node Type": "Index Scan", "Parent Relationship": "Inner", "Scan Direction": "Forward", "Index Name": "idx_orders_custkey", "Relation Name": "orders", "Alias": "orders", "Startup Cost": 0.0, "Total Cost": 1.22, "Plan Rows": 4, "Plan Width": 16, "Index Cond": "(o_custkey = customer.c_custkey)"}]}, {"Node Type": "Index Scan", "Parent Relationship": "Inner", "Scan Direction": "Forward", "Index Name": "idx_lineitem_orderkey", "Relation Name": "lineitem", "Alias": "lineitem", "Startup Cost": 0.0, "Total Cost": 0.91, "Plan Rows": 3, "Plan Width": 40, "Index Cond": "(l_orderkey = orders.o_orderkey)", "Filter": "((l_shipdate >= '1995-01-01 00:00:00'::timestamp(0) without time zone) AND (l_shipdate <= '1996-12-31 00:00:00'::timestamp(0) without time zone))"}]}]}]}]}]}, "Unique SQL Id": 2208782157, "Planner Runtime": 3}, "explain_analyze_plan": {"Plan": {"Node Type": "Aggregate", "Strategy": "Sorted", "Startup Cost": 726820.1, "Total Cost": 726930.74, "Plan Rows": 3688, "Plan Width": 84, "Actual Startup Time": 20394.241, "Actual Total Time": 20427.676, "Actual Rows": 4, "Actual Loops": 1, "Group By Key": ["n1.n_name", "n2.n_name", "(date_part('year'::text, lineitem.l_shipdate))"], "Plans": [{"Node Type": "Sort", "Parent Relationship": "Outer", "Startup Cost": 726820.1, "Total Cost": 726829.32, "Plan Rows": 3688, "Plan Width": 76, "Actual Startup Time": 20383.031, "Actual Total Time": 20389.098, "Actual Rows": 58554, "Actual Loops": 1, "Sort Key": ["n1.n_name", "n2.n_name", "(date_part('year'::text, lineitem.l_shipdate))"], "Sort Method": "quicksort", "Sort Space Used": 10686, "Sort Space Type": "Memory", "Plans": [{"Node Type": "Merge Join", "Parent Relationship": "Outer", "Join Type": "Inner", "Startup Cost": 716715.31, "Total Cost": 726601.61, "Plan Rows": 3688, "Plan Width": 76, "Actual Startup Time": 19389.831, "Actual Total Time": 20346.189, "Actual Rows": 58554, "Actual Loops": 1, "Inner Unique": false, "Merge Cond": "(supplier.s_suppkey = lineitem.l_suppkey)", "Join Filter": "(n1.n_nationkey = supplier.s_nationkey)", "Rows Removed by Join Filter": 0, "Plans": [{"Node Type": "Index Scan", "Parent Relationship": "Outer", "Scan Direction": "Forward", "Index Name": "supplier_pkey", "Relation Name": "supplier", "Alias": "supplier", "Startup Cost": 0.0, "Total Cost": 5334.54, "Plan Rows": 100000, "Plan Width": 12, "Actual Startup Time": 0.027, "Actual Total Time": 57.956, "Actual Rows": 100000, "Actual Loops": 1}, {"Node Type": "Sort", "Parent Relationship": "Inner", "Startup Cost": 716714.94, "Total Cost": 718566.9, "Plan Rows": 740786, "Plan Width": 88, "Actual Startup Time": 19389.453, "Actual Total Time": 19738.358, "Actual Rows": 1459150, "Actual Loops": 1, "Sort Key": ["lineitem.l_suppkey"], "Sort Method": "quicksort", "Sort Space Used": 277145, "Sort Space Type": "Memory", "Plans": [{"Node Type": "Nested Loop", "Parent Relationship": "Outer", "Join Type": "Inner", "Startup Cost": 0.0, "Total Cost": 644493.13, "Plan Rows": 740786, "Plan Width": 88, "Actual Startup Time": 0.143, "Actual Total Time": 18681.322, "Actual Rows": 1459150, "Actual Loops": 1, "Inner Unique": false, "Plans": [{"Node Type": "Nested Loop", "Parent Relationship": "Outer", "Join Type": "Inner", "Startup Cost": 0.0, "Total Cost": 167755.5, "Plan Rows": 504972, "Plan Width": 64, "Actual Startup Time": 0.091, "Actual Total Time": 3859.511, "Actual Rows": 1200363, "Actual Loops": 1, "Inner Unique": false, "Plans": [{"Node Type": "Nested Loop", "Parent Relationship": "Outer", "Join Type": "Inner", "Startup Cost": 0.0, "Total Cost": 16632.98, "Plan Rows": 119904, "Plan Width": 64, "Actual Startup Time": 0.081, "Actual Total Time": 215.59, "Actual Rows": 119972, "Actual Loops": 1, "Inner Unique": false, "Plans": [{"Node Type": "Nested Loop", "Parent Relationship": "Outer", "Join Type": "Inner", "Startup Cost": 0.0, "Total Cost": 28.12, "Plan Rows": 2, "Plan Width": 60, "Actual Startup Time": 0.048, "Actual Total Time": 0.235, "Actual Rows": 2, "Actual Loops": 1, "Inner Unique": false, "Join Filter": "(((n1.n_name = 'JAPAN'::bpchar) AND (n2.n_name = 'INDIA'::bpchar)) OR ((n1.n_name = 'INDIA'::bpchar) AND (n2.n_name = 'JAPAN'::bpchar)))", "Rows Removed by Join Filter": 2, "Plans": [{"Node Type": "Index Scan", "Parent Relationship": "Outer", "Scan Direction": "Forward", "Index Name": "nation_pkey", "Relation Name": "nation", "Alias": "n1", "Startup Cost": 0.0, "Total Cost": 12.75, "Plan Rows": 25, "Plan Width": 30, "Actual Startup Time": 0.016, "Actual Total Time": 0.04, "Actual Rows": 2, "Actual Loops": 1, "Filter": "((n_name = 'JAPAN'::bpchar) OR (n_name = 'INDIA'::bpchar))", "Rows Removed by Filter": 23}, {"Node Type": "Materialize", "Parent Relationship": "Inner", "Startup Cost": 0.0, "Total Cost": 1.38, "Plan Rows": 25, "Plan Width": 30, "Actual Startup Time": 0.024, "Actual Total Time": 0.059, "Actual Rows": 4, "Actual Loops": 2, "Plans": [{"Node Type": "Seq Scan", "Parent Relationship": "Outer", "Relation Name": "nation", "Alias": "n2", "Startup Cost": 0.0, "Total Cost": 1.25, "Plan Rows": 25, "Plan Width": 30, "Actual Startup Time": 0.019, "Actual Total Time": 0.041, "Actual Rows": 2, "Actual Loops": 1, "Filter": "((n_name = 'INDIA'::bpchar) OR (n_name = 'JAPAN'::bpchar))", "Rows Removed by Filter": 23}]}]}, {"Node Type": "Index Scan", "Parent Relationship": "Inner", "Scan Direction": "Forward", "Index Name": "idx_customer_nationkey", "Relation Name": "customer", "Alias": "customer", "Startup Cost": 0.0, "Total Cost": 7702.43, "Plan Rows": 60000, "Plan Width": 12, "Actual Startup Time": 0.084, "Actual Total Time": 179.591, "Actual Rows": 119972, "Actual Loops": 2, "Index Cond": "(c_nationkey = n2.n_nationkey)", "Rows Removed by Index Recheck": 0}]}, {"Node Type": "Index Scan", "Parent Relationship": "Inner", "Scan Direction": "Forward", "Index Name": "idx_orders_custkey", "Relation Name": "orders", "Alias": "orders", "Startup Cost": 0.0, "Total Cost": 1.22, "Plan Rows": 4, "Plan Width": 16, "Actual Startup Time": 720.404, "Actual Total Time": 3284.346, "Actual Rows": 1200363, "Actual Loops": 119972, "Index Cond": "(o_custkey = customer.c_custkey)", "Rows Removed by Index Recheck": 0}]}, {"Node Type": "Index Scan", "Parent Relationship": "Inner", "Scan Direction": "Forward", "Index Name": "idx_lineitem_orderkey", "Relation Name": "lineitem", "Alias": "lineitem", "Startup Cost": 0.0, "Total Cost": 0.91, "Plan Rows": 3, "Plan Width": 40, "Actual Startup Time": 12675.692, "Actual Total Time": 13836.568, "Actual Rows": 1459150, "Actual Loops": 1200363, "Index Cond": "(l_orderkey = orders.o_orderkey)", "Rows Removed by Index Recheck": 0, "Filter": "((l_shipdate >= '1995-01-01 00:00:00'::timestamp(0) without time zone) AND (l_shipdate <= '1996-12-31 00:00:00'::timestamp(0) without time zone))", "Rows Removed by Filter": 3342563}]}]}]}]}]}, "Triggers": [], "Planner Runtime": 4, "Total Runtime": 20428.138, "Unique SQL Id": 2208782157}}, "(1, 25)": {"explain_plan": {"Plan": {"Node Type": "Aggregate", "Strategy": "Sorted", "Startup Cost": 726831.6, "Total Cost": 726942.24, "Plan Rows": 3688, "Plan Width": 84, "Group By Key": ["n1.n_name", "n2.n_name", "(date_part('year'::text, lineitem.l_shipdate))"], "Plans": [{"Node Type": "Sort", "Parent Relationship": "Outer", "Startup Cost": 726831.6, "Total Cost": 726840.82, "Plan Rows": 3688, "Plan Width": 76, "Sort Key": ["n1.n_name", "n2.n_name", "(date_part('year'::text, lineitem.l_shipdate))"], "Plans": [{"Node Type": "Merge Join", "Parent Relationship": "Outer", "Join Type": "Inner", "Startup Cost": 716726.81, "Total Cost": 726613.11, "Plan Rows": 3688, "Plan Width": 76, "Inner Unique": false, "Merge Cond": "(supplier.s_suppkey = lineitem.l_suppkey)", "Join Filter": "(n1.n_nationkey = supplier.s_nationkey)", "Plans": [{"Node Type": "Index Scan", "Parent Relationship": "Outer", "Scan Direction": "Forward", "Index Name": "supplier_pkey", "Relation Name": "supplier", "Alias": "supplier", "Startup Cost": 0.0, "Total Cost": 5334.54, "Plan Rows": 100000, "Plan Width": 12}, {"Node Type": "Sort", "Parent Relationship": "Inner", "Startup Cost": 716726.44, "Total Cost": 718578.4, "Plan Rows": 740786, "Plan Width": 88, "Sort Key": ["lineitem.l_suppkey"], "Plans": [{"Node Type": "Nested Loop", "Parent Relationship": "Outer", "Join Type": "Inner", "Startup Cost": 0.0, "Total Cost": 644504.63, "Plan Rows": 740786, "Plan Width": 88, "Inner Unique": false, "Plans": [{"Node Type": "Nested Loop", "Parent Relationship": "Outer", "Join Type": "Inner", "Startup Cost": 0.0, "Total Cost": 167767.0, "Plan Rows": 504972, "Plan Width": 64, "Inner Unique": false, "Plans": [{"Node Type": "Nested Loop", "Parent Relationship": "Outer", "Join Type": "Inner", "Startup Cost": 0.0, "Total Cost": 16644.48, "Plan Rows": 119904, "Plan Width": 64, "Inner Unique": false, "Plans": [{"Node Type": "Nested Loop", "Parent Relationship": "Outer", "Join Type": "Inner", "Startup Cost": 0.0, "Total Cost": 39.62, "Plan Rows": 2, "Plan Width": 60, "Inner Unique": false, "Join Filter": "(((n1.n_name = 'JAPAN'::bpchar) AND (n2.n_name = 'INDIA'::bpchar)) OR ((n1.n_name = 'INDIA'::bpchar) AND (n2.n_name = 'JAPAN'::bpchar)))", "Plans": [{"Node Type": "Index Scan", "Parent Relationship": "Outer", "Scan Direction": "Forward", "Index Name": "nation_pkey", "Relation Name": "nation", "Alias": "n1", "Startup Cost": 0.0, "Total Cost": 12.75, "Plan Rows": 25, "Plan Width": 30, "Filter": "((n_name = 'JAPAN'::bpchar) OR (n_name = 'INDIA'::bpchar))"}, {"Node Type": "Materialize", "Parent Relationship": "Inner", "Startup Cost": 0.0, "Total Cost": 12.88, "Plan Rows": 25, "Plan Width": 30, "Plans": [{"Node Type": "Index Scan", "Parent Relationship": "Outer", "Scan Direction": "Forward", "Index Name": "nation_pkey", "Relation Name": "nation", "Alias": "n2", "Startup Cost": 0.0, "Total Cost": 12.75, "Plan Rows": 25, "Plan Width": 30, "Filter": "((n_name = 'INDIA'::bpchar) OR (n_name = 'JAPAN'::bpchar))"}]}]}, {"Node Type": "Index Scan", "Parent Relationship": "Inner", "Scan Direction": "Forward", "Index Name": "idx_customer_nationkey", "Relation Name": "customer", "Alias": "customer", "Startup Cost": 0.0, "Total Cost": 7702.43, "Plan Rows": 60000, "Plan Width": 12, "Index Cond": "(c_nationkey = n2.n_nationkey)"}]}, {"Node Type": "Index Scan", "Parent Relationship": "Inner", "Scan Direction": "Forward", "Index Name": "idx_orders_custkey", "Relation Name": "orders", "Alias": "orders", "Startup Cost": 0.0, "Total Cost": 1.22, "Plan Rows": 4, "Plan Width": 16, "Index Cond": "(o_custkey = customer.c_custkey)"}]}, {"Node Type": "Index Scan", "Parent Relationship": "Inner", "Scan Direction": "Forward", "Index Name": "idx_lineitem_orderkey", "Relation Name": "lineitem", "Alias": "lineitem", "Startup Cost": 0.0, "Total Cost": 0.91, "Plan Rows": 3, "Plan Width": 40, "Index Cond": "(l_orderkey = orders.o_orderkey)", "Filter": "((l_shipdate >= '1995-01-01 00:00:00'::timestamp(0) without time zone) AND (l_shipdate <= '1996-12-31 00:00:00'::timestamp(0) without time zone))"}]}]}]}]}]}, "Unique SQL Id": 2208782157, "Planner Runtime": 3}, "explain_analyze_plan": {"Plan": {"Node Type": "Aggregate", "Strategy": "Sorted", "Startup Cost": 726831.6, "Total Cost": 726942.24, "Plan Rows": 3688, "Plan Width": 84, "Actual Startup Time": 21271.484, "Actual Total Time": 21305.171, "Actual Rows": 4, "Actual Loops": 1, "Group By Key": ["n1.n_name", "n2.n_name", "(date_part('year'::text, lineitem.l_shipdate))"], "Plans": [{"Node Type": "Sort", "Parent Relationship": "Outer", "Startup Cost": 726831.6, "Total Cost": 726840.82, "Plan Rows": 3688, "Plan Width": 76, "Actual Startup Time": 21260.227, "Actual Total Time": 21266.244, "Actual Rows": 58554, "Actual Loops": 1, "Sort Key": ["n1.n_name", "n2.n_name", "(date_part('year'::text, lineitem.l_shipdate))"], "Sort Method": "quicksort", "Sort Space Used": 10686, "Sort Space Type": "Memory", "Plans": [{"Node Type": "Merge Join", "Parent Relationship": "Outer", "Join Type": "Inner", "Startup Cost": 716726.81, "Total Cost": 726613.11, "Plan Rows": 3688, "Plan Width": 76, "Actual Startup Time": 20221.112, "Actual Total Time": 21223.18, "Actual Rows": 58554, "Actual Loops": 1, "Inner Unique": false, "Merge Cond": "(supplier.s_suppkey = lineitem.l_suppkey)", "Join Filter": "(n1.n_nationkey = supplier.s_nationkey)", "Rows Removed by Join Filter": 0, "Plans": [{"Node Type": "Index Scan", "Parent Relationship": "Outer", "Scan Direction": "Forward", "Index Name": "supplier_pkey", "Relation Name": "supplier", "Alias": "supplier", "Startup Cost": 0.0, "Total Cost": 5334.54, "Plan Rows": 100000, "Plan Width": 12, "Actual Startup Time": 0.025, "Actual Total Time": 73.17, "Actual Rows": 100000, "Actual Loops": 1}, {"Node Type": "Sort", "Parent Relationship": "Inner", "Startup Cost": 716726.44, "Total Cost": 718578.4, "Plan Rows": 740786, "Plan Width": 88, "Actual Startup Time": 20220.489, "Actual Total Time": 20594.11, "Actual Rows": 1459150, "Actual Loops": 1, "Sort Key": ["lineitem.l_suppkey"], "Sort Method": "quicksort", "Sort Space Used": 277145, "Sort Space Type": "Memory", "Plans": [{"Node Type": "Nested Loop", "Parent Relationship": "Outer", "Join Type": "Inner", "Startup Cost": 0.0, "Total Cost": 644504.63, "Plan Rows": 740786, "Plan Width": 88, "Actual Startup Time": 0.135, "Actual Total Time": 19509.942, "Actual Rows": 1459150, "Actual Loops": 1, "Inner Unique": false, "Plans": [{"Node Type": "Nested Loop", "Parent Relationship": "Outer", "Join Type": "Inner", "Startup Cost": 0.0, "Total Cost": 167767.0, "Plan Rows": 504972, "Plan Width": 64, "Actual Startup Time": 0.082, "Actual Total Time": 4058.643, "Actual Rows": 1200363, "Actual Loops": 1, "Inner Unique": false, "Plans": [{"Node Type": "Nested Loop", "Parent Relationship": "Outer", "Join Type": "Inner", "Startup Cost": 0.0, "Total Cost": 16644.48, "Plan Rows": 119904, "Plan Width": 64, "Actual Startup Time": 0.072, "Actual Total Time": 223.398, "Actual Rows": 119972, "Actual Loops": 1, "Inner Unique": false, "Plans": [{"Node Type": "Nested Loop", "Parent Relationship": "Outer", "Join Type": "Inner", "Startup Cost": 0.0, "Total Cost": 39.62, "Plan Rows": 2, "Plan Width": 60, "Actual Startup Time": 0.042, "Actual Total Time": 0.133, "Actual Rows": 2, "Actual Loops": 1, "Inner Unique": false, "Join Filter": "(((n1.n_name = 'JAPAN'::bpchar) AND (n2.n_name = 'INDIA'::bpchar)) OR ((n1.n_name = 'INDIA'::bpchar) AND (n2.n_name = 'JAPAN'::bpchar)))", "Rows Removed by Join Filter": 2, "Plans": [{"Node Type": "Index Scan", "Parent Relationship": "Outer", "Scan Direction": "Forward", "Index Name": "nation_pkey", "Relation Name": "nation", "Alias": "n1", "Startup Cost": 0.0, "Total Cost": 12.75, "Plan Rows": 25, "Plan Width": 30, "Actual Startup Time": 0.017, "Actual Total Time": 0.042, "Actual Rows": 2, "Actual Loops": 1, "Filter": "((n_name = 'JAPAN'::bpchar) OR (n_name = 'INDIA'::bpchar))", "Rows Removed by Filter": 23}, {"Node Type": "Materialize", "Parent Relationship": "Inner", "Startup Cost": 0.0, "Total Cost": 12.88, "Plan Rows": 25, "Plan Width": 30, "Actual Startup Time": 0.016, "Actual Total Time": 0.045, "Actual Rows": 4, "Actual Loops": 2, "Plans": [{"Node Type": "Index Scan", "Parent Relationship": "Outer", "Scan Direction": "Forward", "Index Name": "nation_pkey", "Relation Name": "nation", "Alias": "n2", "Startup Cost": 0.0, "Total Cost": 12.75, "Plan Rows": 25, "Plan Width": 30, "Actual Startup Time": 0.011, "Actual Total Time": 0.034, "Actual Rows": 2, "Actual Loops": 1, "Filter": "((n_name = 'INDIA'::bpchar) OR (n_name = 'JAPAN'::bpchar))", "Rows Removed by Filter": 23}]}]}, {"Node Type": "Index Scan", "Parent Relationship": "Inner", "Scan Direction": "Forward", "Index Name": "idx_customer_nationkey", "Relation Name": "customer", "Alias": "customer", "Startup Cost": 0.0, "Total Cost": 7702.43, "Plan Rows": 60000, "Plan Width": 12, "Actual Startup Time": 0.048, "Actual Total Time": 189.022, "Actual Rows": 119972, "Actual Loops": 2, "Index Cond": "(c_nationkey = n2.n_nationkey)", "Rows Removed by Index Recheck": 0}]}, {"Node Type": "Index Scan", "Parent Relationship": "Inner", "Scan Direction": "Forward", "Index Name": "idx_orders_custkey", "Relation Name": "orders", "Alias": "orders", "Startup Cost": 0.0, "Total Cost": 1.22, "Plan Rows": 4, "Plan Width": 16, "Actual Startup Time": 752.462, "Actual Total Time": 3479.887, "Actual Rows": 1200363, "Actual Loops": 119972, "Index Cond": "(o_custkey = customer.c_custkey)", "Rows Removed by Index Recheck": 0}]}, {"Node Type": "Index Scan", "Parent Relationship": "Inner", "Scan Direction": "Forward", "Index Name": "idx_lineitem_orderkey", "Relation Name": "lineitem", "Alias": "lineitem", "Startup Cost": 0.0, "Total Cost": 0.91, "Plan Rows": 3, "Plan Width": 40, "Actual Startup Time": 13286.979, "Actual Total Time": 14474.198, "Actual Rows": 1459150, "Actual Loops": 1200363, "Index Cond": "(l_orderkey = orders.o_orderkey)", "Rows Removed by Index Recheck": 0, "Filter": "((l_shipdate >= '1995-01-01 00:00:00'::timestamp(0) without time zone) AND (l_shipdate <= '1996-12-31 00:00:00'::timestamp(0) without time zone))", "Rows Removed by Filter": 3342563}]}]}]}]}]}, "Triggers": [], "Planner Runtime": 3, "Total Runtime": 21305.606, "Unique SQL Id": 2208782157}}, "(1, 26)": {"explain_plan": {"Plan": {"Node Type": "Aggregate", "Strategy": "Sorted", "Startup Cost": 7122574.16, "Total Cost": 7122684.8, "Plan Rows": 3688, "Plan Width": 84, "Group By Key": ["n1.n_name", "n2.n_name", "(date_part('year'::text, lineitem.l_shipdate))"], "Plans": [{"Node Type": "Sort", "Parent Relationship": "Outer", "Startup Cost": 7122574.16, "Total Cost": 7122583.38, "Plan Rows": 3688, "Plan Width": 76, "Sort Key": ["n1.n_name", "n2.n_name", "(date_part('year'::text, lineitem.l_shipdate))"], "Plans": [{"Node Type": "Merge Join", "Parent Relationship": "Outer", "Join Type": "Inner", "Startup Cost": 7110368.35, "Total Cost": 7122355.68, "Plan Rows": 3688, "Plan Width": 76, "Inner Unique": true, "Merge Cond": "((orders.o_custkey = customer.c_custkey) AND (n2.n_nationkey = customer.c_nationkey))", "Plans": [{"Node Type": "Sort", "Parent Relationship": "Outer", "Startup Cost": 6904368.06, "Total Cost": 6904598.58, "Plan Rows": 92207, "Plan Width": 88, "Sort Key": ["orders.o_custkey", "n2.n_nationkey"], "Plans": [{"Node Type": "Merge Join", "Parent Relationship": "Outer", "Join Type": "Inner", "Startup Cost": 6820386.67, "Total Cost": 6896764.4, "Plan Rows": 92207, "Plan Width": 88, "Inner Unique": true, "Merge Cond": "(lineitem.l_orderkey = orders.o_orderkey)", "Plans": [{"Node Type": "Sort", "Parent Relationship": "Outer", "Startup Cost": 4606151.54, "Total Cost": 4606382.06, "Plan Rows": 92207, "Plan Width": 88, "Sort Key": ["lineitem.l_orderkey"], "Plans": [{"Node Type": "Merge Join", "Parent Relationship": "Outer", "Join Type": "Inner", "Startup Cost": 4506978.84, "Total Cost": 4598547.88, "Plan Rows": 92207, "Plan Width": 88, "Inner Unique": false, "Merge Cond": "(supplier.s_suppkey = lineitem.l_suppkey)", "Plans": [{"Node Type": "Sort", "Parent Relationship": "Outer", "Startup Cost": 6817.83, "Total Cost": 6837.81, "Plan Rows": 7994, "Plan Width": 64, "Sort Key": ["supplier.s_suppkey"], "Plans": [{"Node Type": "Nested Loop", "Parent Relationship": "Outer", "Join Type": "Inner", "Startup Cost": 0.0, "Total Cost": 6299.63, "Plan Rows": 7994, "Plan Width": 64, "Inner Unique": false, "Join Filter": "(n1.n_nationkey = supplier.s_nationkey)", "Plans": [{"Node Type": "Seq Scan", "Parent Relationship": "Outer", "Relation Name": "supplier", "Alias": "supplier", "Startup Cost": 0.0, "Total Cost": 3283.0, "Plan Rows": 100000, "Plan Width": 12}, {"Node Type": "Materialize", "Parent Relationship": "Inner", "Startup Cost": 0.0, "Total Cost": 16.64, "Plan Rows": 2, "Plan Width": 60, "Plans": [{"Node Type": "Nested Loop", "Parent Relationship": "Outer", "Join Type": "Inner", "Startup Cost": 0.0, "Total Cost": 16.62, "Plan Rows": 2, "Plan Width": 60, "Inner Unique": false, "Join Filter": "(((n1.n_name = 'JAPAN'::bpchar) AND (n2.n_name = 'INDIA'::bpchar)) OR ((n1.n_name = 'INDIA'::bpchar) AND (n2.n_name = 'JAPAN'::bpchar)))", "Plans": [{"Node Type": "Seq Scan", "Parent Relationship": "Outer", "Relation Name": "nation", "Alias": "n1", "Startup Cost": 0.0, "Total Cost": 1.25, "Plan Rows": 25, "Plan Width": 30, "Filter": "((n_name = 'JAPAN'::bpchar) OR (n_name = 'INDIA'::bpchar))"}, {"Node Type": "Materialize", "Parent Relationship": "Inner", "Startup Cost": 0.0, "Total Cost": 1.38, "Plan Rows": 25, "Plan Width": 30, "Plans": [{"Node Type": "Seq Scan", "Parent Relationship": "Outer", "Relation Name": "nation", "Alias": "n2", "Startup Cost": 0.0, "Total Cost": 1.25, "Plan Rows": 25, "Plan Width": 30, "Filter": "((n_name = 'INDIA'::bpchar) OR (n_name = 'JAPAN'::bpchar))"}]}]}]}]}]}, {"Node Type": "Sort", "Parent Relationship": "Inner", "Startup Cost": 4500152.01, "Total Cost": 4545464.49, "Plan Rows": 18124991, "Plan Width": 40, "Sort Key": ["lineitem.l_suppkey"], "Plans": [{"Node Type": "Seq Scan", "Parent Relationship": "Outer", "Relation Name": "lineitem", "Alias": "lineitem", "Startup Cost": 44.73, "Total Cost": 2315050.5, "Plan Rows": 18124991, "Plan Width": 40, "Filter": "((l_shipdate >= '1995-01-01 00:00:00'::timestamp(0) without time zone) AND (l_shipdate <= '1996-12-31 00:00:00'::timestamp(0) without time zone)), (LLVM Optimized)"}]}]}]}, {"Node Type": "Sort", "Parent Relationship": "Inner", "Startup Cost": 2214232.37, "Total Cost": 2251731.07, "Plan Rows": 14999479, "Plan Width": 16, "Sort Key": ["orders.o_orderkey"], "Plans": [{"Node Type": "Seq Scan", "Parent Relationship": "Outer", "Relation Name": "orders", "Alias": "orders", "Startup Cost": 0.0, "Total Cost": 426413.79, "Plan Rows": 14999479, "Plan Width": 16}]}]}]}, {"Node Type": "Sort", "Parent Relationship": "Inner", "Startup Cost": 205999.98, "Total Cost": 209749.98, "Plan Rows": 1500000, "Plan Width": 12, "Sort Key": ["customer.c_custkey", "customer.c_nationkey"], "Plans": [{"Node Type": "Seq Scan", "Parent Relationship": "Outer", "Relation Name": "customer", "Alias": "customer", "Startup Cost": 0.0, "Total Cost": 52126.0, "Plan Rows": 1500000, "Plan Width": 12}]}]}]}]}, "Unique SQL Id": 2208782157, "Planner Runtime": 3}, "explain_analyze_plan": null}, "(1, 27)": {"explain_plan": {"Plan": {"Node Type": "Aggregate", "Strategy": "Sorted", "Startup Cost": 6023462968841.76, "Total Cost": 6023462968952.4, "Plan Rows": 3688, "Plan Width": 84, "Group By Key": ["n1.n_name", "n2.n_name", "(date_part('year'::text, lineitem.l_shipdate))"], "Plans": [{"Node Type": "Sort", "Parent Relationship": "Outer", "Startup Cost": 6023462968841.76, "Total Cost": 6023462968850.98, "Plan Rows": 3688, "Plan Width": 76, "Sort Key": ["n1.n_name", "n2.n_name", "(date_part('year'::text, lineitem.l_shipdate))"], "Plans": [{"Node Type": "Merge Join", "Parent Relationship": "Outer", "Join Type": "Inner", "Startup Cost": 60000000000.0, "Total Cost": 6023462968623.28, "Plan Rows": 3688, "Plan Width": 76, "Inner Unique": true, "Merge Cond": "(n2.n_nationkey = customer.c_nationkey)", "Join Filter": "(orders.o_custkey = customer.c_custkey)", "Plans": [{"Node Type": "Nested Loop", "Parent Relationship": "Outer", "Join Type": "Inner", "Startup Cost": 50000000000.0, "Total Cost": 5023346950887.28, "Plan Rows": 92207, "Plan Width": 88, "Inner Unique": true, "Join Filter": "(lineitem.l_orderkey = orders.o_orderkey)", "Plans": [{"Node Type": "Nested Loop", "Parent Relationship": "Outer", "Join Type": "Inner", "Startup Cost": 40000000000.0, "Total Cost": 4002527961142.79, "Plan Rows": 92207, "Plan Width": 88, "Inner Unique": false, "Join Filter": "(supplier.s_suppkey = lineitem.l_suppkey)", "Plans": [{"Node Type": "Nested Loop", "Parent Relationship": "Outer", "Join Type": "Inner", "Startup Cost": 30000000000.0, "Total Cost": 3000000539268.5, "Plan Rows": 7994, "Plan Width": 64, "Inner Unique": false, "Join Filter": "(n1.n_nationkey = supplier.s_nationkey)", "Plans": [{"Node Type": "Nested Loop", "Parent Relationship": "Outer", "Join Type": "Inner", "Startup Cost": 20000000000.0, "Total Cost": 2000000002564.12, "Plan Rows": 2, "Plan Width": 60, "Inner Unique": false, "Join Filter": "(((n1.n_name = 'JAPAN'::bpchar) AND (n2.n_name = 'INDIA'::bpchar)) OR ((n1.n_name = 'INDIA'::bpchar) AND (n2.n_name = 'JAPAN'::bpchar)))", "Plans": [{"Node Type": "Index Scan", "Parent Relationship": "Outer", "Scan Direction": "Forward", "Index Name": "nation_pkey", "Relation Name": "nation", "Alias": "n2", "Startup Cost": 10000000000.0, "Total Cost": 1000000001275.0, "Plan Rows": 25, "Plan Width": 30, "Filter": "((n_name = 'INDIA'::bpchar) OR (n_name = 'JAPAN'::bpchar))"}, {"Node Type": "Materialize", "Parent Relationship": "Inner", "Startup Cost": 10000000000.0, "Total Cost": 1000000001275.12, "Plan Rows": 25, "Plan Width": 30, "Plans": [{"Node Type": "Index Scan", "Parent Relationship": "Outer", "Scan Direction": "Forward", "Index Name": "nation_pkey", "Relation Name": "nation", "Alias": "n1", "Startup Cost": 10000000000.0, "Total Cost": 1000000001275.0, "Plan Rows": 25, "Plan Width": 30, "Filter": "((n_name = 'JAPAN'::bpchar) OR (n_name = 'INDIA'::bpchar))"}]}]}, {"Node Type": "Materialize", "Parent Relationship": "Inner", "Startup Cost": 10000000000.0, "Total Cost": 1000000533954.38, "Plan Rows": 100000, "Plan Width": 12, "Plans": [{"Node Type": "Index Scan", "Parent Relationship": "Outer", "Scan Direction": "Forward", "Index Name": "supplier_pkey", "Relation Name": "supplier", "Alias": "supplier", "Startup Cost": 10000000000.0, "Total Cost": 1000000533454.38, "Plan Rows": 100000, "Plan Width": 12}]}]}, {"Node Type": "Materialize", "Parent Relationship": "Inner", "Startup Cost": 10000000000.0, "Total Cost": 1000354099515.95, "Plan Rows": 18124991, "Plan Width": 40, "Plans": [{"Node Type": "Index Scan", "Parent Relationship": "Outer", "Scan Direction": "Forward", "Index Name": "idx_lineitem_orderkey", "Relation Name": "lineitem", "Alias": "lineitem", "Startup Cost": 10000000000.0, "Total Cost": 1000354008891.0, "Plan Rows": 18124991, "Plan Width": 40, "Filter": "((l_shipdate >= '1995-01-01 00:00:00'::timestamp(0) without time zone) AND (l_shipdate <= '1996-12-31 00:00:00'::timestamp(0) without time zone)), (LLVM Optimized)"}]}]}, {"Node Type": "Materialize", "Parent Relationship": "Inner", "Startup Cost": 10000000000.0, "Total Cost": 1000073172840.9, "Plan Rows": 14999479, "Plan Width": 16, "Plans": [{"Node Type": "Index Scan", "Parent Relationship": "Outer", "Scan Direction": "Forward", "Index Name": "orders_pkey", "Relation Name": "orders", "Alias": "orders", "Startup Cost": 10000000000.0, "Total Cost": 1000073097843.5, "Plan Rows": 14999479, "Plan Width": 16}]}]}, {"Node Type": "Materialize", "Parent Relationship": "Inner", "Startup Cost": 10000000000.0, "Total Cost": 1000019203896.25, "Plan Rows": 1500000, "Plan Width": 12, "Plans": [{"Node Type": "Index Scan", "Parent Relationship": "Outer", "Scan Direction": "Forward", "Index Name": "idx_customer_nationkey", "Relation Name": "customer", "Alias": "customer", "Startup Cost": 10000000000.0, "Total Cost": 1000019200146.25, "Plan Rows": 1500000, "Plan Width": 12}]}]}]}]}, "Unique SQL Id": 2208782157, "Planner Runtime": 4}, "explain_analyze_plan": null}, "(1, 28)": {"explain_plan": {"Plan": {"Node Type": "Aggregate", "Strategy": "Sorted", "Startup Cost": 726820.1, "Total Cost": 726930.74, "Plan Rows": 3688, "Plan Width": 84, "Group By Key": ["n1.n_name", "n2.n_name", "(date_part('year'::text, lineitem.l_shipdate))"], "Plans": [{"Node Type": "Sort", "Parent Relationship": "Outer", "Startup Cost": 726820.1, "Total Cost": 726829.32, "Plan Rows": 3688, "Plan Width": 76, "Sort Key": ["n1.n_name", "n2.n_name", "(date_part('year'::text, lineitem.l_shipdate))"], "Plans": [{"Node Type": "Merge Join", "Parent Relationship": "Outer", "Join Type": "Inner", "Startup Cost": 716715.31, "Total Cost": 726601.61, "Plan Rows": 3688, "Plan Width": 76, "Inner Unique": false, "Merge Cond": "(supplier.s_suppkey = lineitem.l_suppkey)", "Join Filter": "(n1.n_nationkey = supplier.s_nationkey)", "Plans": [{"Node Type": "Index Scan", "Parent Relationship": "Outer", "Scan Direction": "Forward", "Index Name": "supplier_pkey", "Relation Name": "supplier", "Alias": "supplier", "Startup Cost": 0.0, "Total Cost": 5334.54, "Plan Rows": 100000, "Plan Width": 12}, {"Node Type": "Sort", "Parent Relationship": "Inner", "Startup Cost": 716714.94, "Total Cost": 718566.9, "Plan Rows": 740786, "Plan Width": 88, "Sort Key": ["lineitem.l_suppkey"], "Plans": [{"Node Type": "Nested Loop", "Parent Relationship": "Outer", "Join Type": "Inner", "Startup Cost": 0.0, "Total Cost": 644493.13, "Plan Rows": 740786, "Plan Width": 88, "Inner Unique": false, "Plans": [{"Node Type": "Nested Loop", "Parent Relationship": "Outer", "Join Type": "Inner", "Startup Cost": 0.0, "Total Cost": 167755.5, "Plan Rows": 504972, "Plan Width": 64, "Inner Unique": false, "Plans": [{"Node Type": "Nested Loop", "Parent Relationship": "Outer", "Join Type": "Inner", "Startup Cost": 0.0, "Total Cost": 16632.98, "Plan Rows": 119904, "Plan Width": 64, "Inner Unique": false, "Plans": [{"Node Type": "Nested Loop", "Parent Relationship": "Outer", "Join Type": "Inner", "Startup Cost": 0.0, "Total Cost": 28.12, "Plan Rows": 2, "Plan Width": 60, "Inner Unique": false, "Join Filter": "(((n1.n_name = 'JAPAN'::bpchar) AND (n2.n_name = 'INDIA'::bpchar)) OR ((n1.n_name = 'INDIA'::bpchar) AND (n2.n_name = 'JAPAN'::bpchar)))", "Plans": [{"Node Type": "Index Scan", "Parent Relationship": "Outer", "Scan Direction": "Forward", "Index Name": "nation_pkey", "Relation Name": "nation", "Alias": "n1", "Startup Cost": 0.0, "Total Cost": 12.75, "Plan Rows": 25, "Plan Width": 30, "Filter": "((n_name = 'JAPAN'::bpchar) OR (n_name = 'INDIA'::bpchar))"}, {"Node Type": "Materialize", "Parent Relationship": "Inner", "Startup Cost": 0.0, "Total Cost": 1.38, "Plan Rows": 25, "Plan Width": 30, "Plans": [{"Node Type": "Seq Scan", "Parent Relationship": "Outer", "Relation Name": "nation", "Alias": "n2", "Startup Cost": 0.0, "Total Cost": 1.25, "Plan Rows": 25, "Plan Width": 30, "Filter": "((n_name = 'INDIA'::bpchar) OR (n_name = 'JAPAN'::bpchar))"}]}]}, {"Node Type": "Index Scan", "Parent Relationship": "Inner", "Scan Direction": "Forward", "Index Name": "idx_customer_nationkey", "Relation Name": "customer", "Alias": "customer", "Startup Cost": 0.0, "Total Cost": 7702.43, "Plan Rows": 60000, "Plan Width": 12, "Index Cond": "(c_nationkey = n2.n_nationkey)"}]}, {"Node Type": "Index Scan", "Parent Relationship": "Inner", "Scan Direction": "Forward", "Index Name": "idx_orders_custkey", "Relation Name": "orders", "Alias": "orders", "Startup Cost": 0.0, "Total Cost": 1.22, "Plan Rows": 4, "Plan Width": 16, "Index Cond": "(o_custkey = customer.c_custkey)"}]}, {"Node Type": "Index Scan", "Parent Relationship": "Inner", "Scan Direction": "Forward", "Index Name": "idx_lineitem_orderkey", "Relation Name": "lineitem", "Alias": "lineitem", "Startup Cost": 0.0, "Total Cost": 0.91, "Plan Rows": 3, "Plan Width": 40, "Index Cond": "(l_orderkey = orders.o_orderkey)", "Filter": "((l_shipdate >= '1995-01-01 00:00:00'::timestamp(0) without time zone) AND (l_shipdate <= '1996-12-31 00:00:00'::timestamp(0) without time zone))"}]}]}]}]}]}, "Unique SQL Id": 2208782157, "Planner Runtime": 3}, "explain_analyze_plan": {"Plan": {"Node Type": "Aggregate", "Strategy": "Sorted", "Startup Cost": 726820.1, "Total Cost": 726930.74, "Plan Rows": 3688, "Plan Width": 84, "Actual Startup Time": 20394.241, "Actual Total Time": 20427.676, "Actual Rows": 4, "Actual Loops": 1, "Group By Key": ["n1.n_name", "n2.n_name", "(date_part('year'::text, lineitem.l_shipdate))"], "Plans": [{"Node Type": "Sort", "Parent Relationship": "Outer", "Startup Cost": 726820.1, "Total Cost": 726829.32, "Plan Rows": 3688, "Plan Width": 76, "Actual Startup Time": 20383.031, "Actual Total Time": 20389.098, "Actual Rows": 58554, "Actual Loops": 1, "Sort Key": ["n1.n_name", "n2.n_name", "(date_part('year'::text, lineitem.l_shipdate))"], "Sort Method": "quicksort", "Sort Space Used": 10686, "Sort Space Type": "Memory", "Plans": [{"Node Type": "Merge Join", "Parent Relationship": "Outer", "Join Type": "Inner", "Startup Cost": 716715.31, "Total Cost": 726601.61, "Plan Rows": 3688, "Plan Width": 76, "Actual Startup Time": 19389.831, "Actual Total Time": 20346.189, "Actual Rows": 58554, "Actual Loops": 1, "Inner Unique": false, "Merge Cond": "(supplier.s_suppkey = lineitem.l_suppkey)", "Join Filter": "(n1.n_nationkey = supplier.s_nationkey)", "Rows Removed by Join Filter": 0, "Plans": [{"Node Type": "Index Scan", "Parent Relationship": "Outer", "Scan Direction": "Forward", "Index Name": "supplier_pkey", "Relation Name": "supplier", "Alias": "supplier", "Startup Cost": 0.0, "Total Cost": 5334.54, "Plan Rows": 100000, "Plan Width": 12, "Actual Startup Time": 0.027, "Actual Total Time": 57.956, "Actual Rows": 100000, "Actual Loops": 1}, {"Node Type": "Sort", "Parent Relationship": "Inner", "Startup Cost": 716714.94, "Total Cost": 718566.9, "Plan Rows": 740786, "Plan Width": 88, "Actual Startup Time": 19389.453, "Actual Total Time": 19738.358, "Actual Rows": 1459150, "Actual Loops": 1, "Sort Key": ["lineitem.l_suppkey"], "Sort Method": "quicksort", "Sort Space Used": 277145, "Sort Space Type": "Memory", "Plans": [{"Node Type": "Nested Loop", "Parent Relationship": "Outer", "Join Type": "Inner", "Startup Cost": 0.0, "Total Cost": 644493.13, "Plan Rows": 740786, "Plan Width": 88, "Actual Startup Time": 0.143, "Actual Total Time": 18681.322, "Actual Rows": 1459150, "Actual Loops": 1, "Inner Unique": false, "Plans": [{"Node Type": "Nested Loop", "Parent Relationship": "Outer", "Join Type": "Inner", "Startup Cost": 0.0, "Total Cost": 167755.5, "Plan Rows": 504972, "Plan Width": 64, "Actual Startup Time": 0.091, "Actual Total Time": 3859.511, "Actual Rows": 1200363, "Actual Loops": 1, "Inner Unique": false, "Plans": [{"Node Type": "Nested Loop", "Parent Relationship": "Outer", "Join Type": "Inner", "Startup Cost": 0.0, "Total Cost": 16632.98, "Plan Rows": 119904, "Plan Width": 64, "Actual Startup Time": 0.081, "Actual Total Time": 215.59, "Actual Rows": 119972, "Actual Loops": 1, "Inner Unique": false, "Plans": [{"Node Type": "Nested Loop", "Parent Relationship": "Outer", "Join Type": "Inner", "Startup Cost": 0.0, "Total Cost": 28.12, "Plan Rows": 2, "Plan Width": 60, "Actual Startup Time": 0.048, "Actual Total Time": 0.235, "Actual Rows": 2, "Actual Loops": 1, "Inner Unique": false, "Join Filter": "(((n1.n_name = 'JAPAN'::bpchar) AND (n2.n_name = 'INDIA'::bpchar)) OR ((n1.n_name = 'INDIA'::bpchar) AND (n2.n_name = 'JAPAN'::bpchar)))", "Rows Removed by Join Filter": 2, "Plans": [{"Node Type": "Index Scan", "Parent Relationship": "Outer", "Scan Direction": "Forward", "Index Name": "nation_pkey", "Relation Name": "nation", "Alias": "n1", "Startup Cost": 0.0, "Total Cost": 12.75, "Plan Rows": 25, "Plan Width": 30, "Actual Startup Time": 0.016, "Actual Total Time": 0.04, "Actual Rows": 2, "Actual Loops": 1, "Filter": "((n_name = 'JAPAN'::bpchar) OR (n_name = 'INDIA'::bpchar))", "Rows Removed by Filter": 23}, {"Node Type": "Materialize", "Parent Relationship": "Inner", "Startup Cost": 0.0, "Total Cost": 1.38, "Plan Rows": 25, "Plan Width": 30, "Actual Startup Time": 0.024, "Actual Total Time": 0.059, "Actual Rows": 4, "Actual Loops": 2, "Plans": [{"Node Type": "Seq Scan", "Parent Relationship": "Outer", "Relation Name": "nation", "Alias": "n2", "Startup Cost": 0.0, "Total Cost": 1.25, "Plan Rows": 25, "Plan Width": 30, "Actual Startup Time": 0.019, "Actual Total Time": 0.041, "Actual Rows": 2, "Actual Loops": 1, "Filter": "((n_name = 'INDIA'::bpchar) OR (n_name = 'JAPAN'::bpchar))", "Rows Removed by Filter": 23}]}]}, {"Node Type": "Index Scan", "Parent Relationship": "Inner", "Scan Direction": "Forward", "Index Name": "idx_customer_nationkey", "Relation Name": "customer", "Alias": "customer", "Startup Cost": 0.0, "Total Cost": 7702.43, "Plan Rows": 60000, "Plan Width": 12, "Actual Startup Time": 0.084, "Actual Total Time": 179.591, "Actual Rows": 119972, "Actual Loops": 2, "Index Cond": "(c_nationkey = n2.n_nationkey)", "Rows Removed by Index Recheck": 0}]}, {"Node Type": "Index Scan", "Parent Relationship": "Inner", "Scan Direction": "Forward", "Index Name": "idx_orders_custkey", "Relation Name": "orders", "Alias": "orders", "Startup Cost": 0.0, "Total Cost": 1.22, "Plan Rows": 4, "Plan Width": 16, "Actual Startup Time": 720.404, "Actual Total Time": 3284.346, "Actual Rows": 1200363, "Actual Loops": 119972, "Index Cond": "(o_custkey = customer.c_custkey)", "Rows Removed by Index Recheck": 0}]}, {"Node Type": "Index Scan", "Parent Relationship": "Inner", "Scan Direction": "Forward", "Index Name": "idx_lineitem_orderkey", "Relation Name": "lineitem", "Alias": "lineitem", "Startup Cost": 0.0, "Total Cost": 0.91, "Plan Rows": 3, "Plan Width": 40, "Actual Startup Time": 12675.692, "Actual Total Time": 13836.568, "Actual Rows": 1459150, "Actual Loops": 1200363, "Index Cond": "(l_orderkey = orders.o_orderkey)", "Rows Removed by Index Recheck": 0, "Filter": "((l_shipdate >= '1995-01-01 00:00:00'::timestamp(0) without time zone) AND (l_shipdate <= '1996-12-31 00:00:00'::timestamp(0) without time zone))", "Rows Removed by Filter": 3342563}]}]}]}]}]}, "Triggers": [], "Planner Runtime": 4, "Total Runtime": 20428.138, "Unique SQL Id": 2208782157}}, "(1, 29)": {"explain_plan": {"Plan": {"Node Type": "Aggregate", "Strategy": "Sorted", "Startup Cost": 726831.6, "Total Cost": 726942.24, "Plan Rows": 3688, "Plan Width": 84, "Group By Key": ["n1.n_name", "n2.n_name", "(date_part('year'::text, lineitem.l_shipdate))"], "Plans": [{"Node Type": "Sort", "Parent Relationship": "Outer", "Startup Cost": 726831.6, "Total Cost": 726840.82, "Plan Rows": 3688, "Plan Width": 76, "Sort Key": ["n1.n_name", "n2.n_name", "(date_part('year'::text, lineitem.l_shipdate))"], "Plans": [{"Node Type": "Merge Join", "Parent Relationship": "Outer", "Join Type": "Inner", "Startup Cost": 716726.81, "Total Cost": 726613.11, "Plan Rows": 3688, "Plan Width": 76, "Inner Unique": false, "Merge Cond": "(supplier.s_suppkey = lineitem.l_suppkey)", "Join Filter": "(n1.n_nationkey = supplier.s_nationkey)", "Plans": [{"Node Type": "Index Scan", "Parent Relationship": "Outer", "Scan Direction": "Forward", "Index Name": "supplier_pkey", "Relation Name": "supplier", "Alias": "supplier", "Startup Cost": 0.0, "Total Cost": 5334.54, "Plan Rows": 100000, "Plan Width": 12}, {"Node Type": "Sort", "Parent Relationship": "Inner", "Startup Cost": 716726.44, "Total Cost": 718578.4, "Plan Rows": 740786, "Plan Width": 88, "Sort Key": ["lineitem.l_suppkey"], "Plans": [{"Node Type": "Nested Loop", "Parent Relationship": "Outer", "Join Type": "Inner", "Startup Cost": 0.0, "Total Cost": 644504.63, "Plan Rows": 740786, "Plan Width": 88, "Inner Unique": false, "Plans": [{"Node Type": "Nested Loop", "Parent Relationship": "Outer", "Join Type": "Inner", "Startup Cost": 0.0, "Total Cost": 167767.0, "Plan Rows": 504972, "Plan Width": 64, "Inner Unique": false, "Plans": [{"Node Type": "Nested Loop", "Parent Relationship": "Outer", "Join Type": "Inner", "Startup Cost": 0.0, "Total Cost": 16644.48, "Plan Rows": 119904, "Plan Width": 64, "Inner Unique": false, "Plans": [{"Node Type": "Nested Loop", "Parent Relationship": "Outer", "Join Type": "Inner", "Startup Cost": 0.0, "Total Cost": 39.62, "Plan Rows": 2, "Plan Width": 60, "Inner Unique": false, "Join Filter": "(((n1.n_name = 'JAPAN'::bpchar) AND (n2.n_name = 'INDIA'::bpchar)) OR ((n1.n_name = 'INDIA'::bpchar) AND (n2.n_name = 'JAPAN'::bpchar)))", "Plans": [{"Node Type": "Index Scan", "Parent Relationship": "Outer", "Scan Direction": "Forward", "Index Name": "nation_pkey", "Relation Name": "nation", "Alias": "n1", "Startup Cost": 0.0, "Total Cost": 12.75, "Plan Rows": 25, "Plan Width": 30, "Filter": "((n_name = 'JAPAN'::bpchar) OR (n_name = 'INDIA'::bpchar))"}, {"Node Type": "Materialize", "Parent Relationship": "Inner", "Startup Cost": 0.0, "Total Cost": 12.88, "Plan Rows": 25, "Plan Width": 30, "Plans": [{"Node Type": "Index Scan", "Parent Relationship": "Outer", "Scan Direction": "Forward", "Index Name": "nation_pkey", "Relation Name": "nation", "Alias": "n2", "Startup Cost": 0.0, "Total Cost": 12.75, "Plan Rows": 25, "Plan Width": 30, "Filter": "((n_name = 'INDIA'::bpchar) OR (n_name = 'JAPAN'::bpchar))"}]}]}, {"Node Type": "Index Scan", "Parent Relationship": "Inner", "Scan Direction": "Forward", "Index Name": "idx_customer_nationkey", "Relation Name": "customer", "Alias": "customer", "Startup Cost": 0.0, "Total Cost": 7702.43, "Plan Rows": 60000, "Plan Width": 12, "Index Cond": "(c_nationkey = n2.n_nationkey)"}]}, {"Node Type": "Index Scan", "Parent Relationship": "Inner", "Scan Direction": "Forward", "Index Name": "idx_orders_custkey", "Relation Name": "orders", "Alias": "orders", "Startup Cost": 0.0, "Total Cost": 1.22, "Plan Rows": 4, "Plan Width": 16, "Index Cond": "(o_custkey = customer.c_custkey)"}]}, {"Node Type": "Index Scan", "Parent Relationship": "Inner", "Scan Direction": "Forward", "Index Name": "idx_lineitem_orderkey", "Relation Name": "lineitem", "Alias": "lineitem", "Startup Cost": 0.0, "Total Cost": 0.91, "Plan Rows": 3, "Plan Width": 40, "Index Cond": "(l_orderkey = orders.o_orderkey)", "Filter": "((l_shipdate >= '1995-01-01 00:00:00'::timestamp(0) without time zone) AND (l_shipdate <= '1996-12-31 00:00:00'::timestamp(0) without time zone))"}]}]}]}]}]}, "Unique SQL Id": 2208782157, "Planner Runtime": 3}, "explain_analyze_plan": {"Plan": {"Node Type": "Aggregate", "Strategy": "Sorted", "Startup Cost": 726831.6, "Total Cost": 726942.24, "Plan Rows": 3688, "Plan Width": 84, "Actual Startup Time": 21271.484, "Actual Total Time": 21305.171, "Actual Rows": 4, "Actual Loops": 1, "Group By Key": ["n1.n_name", "n2.n_name", "(date_part('year'::text, lineitem.l_shipdate))"], "Plans": [{"Node Type": "Sort", "Parent Relationship": "Outer", "Startup Cost": 726831.6, "Total Cost": 726840.82, "Plan Rows": 3688, "Plan Width": 76, "Actual Startup Time": 21260.227, "Actual Total Time": 21266.244, "Actual Rows": 58554, "Actual Loops": 1, "Sort Key": ["n1.n_name", "n2.n_name", "(date_part('year'::text, lineitem.l_shipdate))"], "Sort Method": "quicksort", "Sort Space Used": 10686, "Sort Space Type": "Memory", "Plans": [{"Node Type": "Merge Join", "Parent Relationship": "Outer", "Join Type": "Inner", "Startup Cost": 716726.81, "Total Cost": 726613.11, "Plan Rows": 3688, "Plan Width": 76, "Actual Startup Time": 20221.112, "Actual Total Time": 21223.18, "Actual Rows": 58554, "Actual Loops": 1, "Inner Unique": false, "Merge Cond": "(supplier.s_suppkey = lineitem.l_suppkey)", "Join Filter": "(n1.n_nationkey = supplier.s_nationkey)", "Rows Removed by Join Filter": 0, "Plans": [{"Node Type": "Index Scan", "Parent Relationship": "Outer", "Scan Direction": "Forward", "Index Name": "supplier_pkey", "Relation Name": "supplier", "Alias": "supplier", "Startup Cost": 0.0, "Total Cost": 5334.54, "Plan Rows": 100000, "Plan Width": 12, "Actual Startup Time": 0.025, "Actual Total Time": 73.17, "Actual Rows": 100000, "Actual Loops": 1}, {"Node Type": "Sort", "Parent Relationship": "Inner", "Startup Cost": 716726.44, "Total Cost": 718578.4, "Plan Rows": 740786, "Plan Width": 88, "Actual Startup Time": 20220.489, "Actual Total Time": 20594.11, "Actual Rows": 1459150, "Actual Loops": 1, "Sort Key": ["lineitem.l_suppkey"], "Sort Method": "quicksort", "Sort Space Used": 277145, "Sort Space Type": "Memory", "Plans": [{"Node Type": "Nested Loop", "Parent Relationship": "Outer", "Join Type": "Inner", "Startup Cost": 0.0, "Total Cost": 644504.63, "Plan Rows": 740786, "Plan Width": 88, "Actual Startup Time": 0.135, "Actual Total Time": 19509.942, "Actual Rows": 1459150, "Actual Loops": 1, "Inner Unique": false, "Plans": [{"Node Type": "Nested Loop", "Parent Relationship": "Outer", "Join Type": "Inner", "Startup Cost": 0.0, "Total Cost": 167767.0, "Plan Rows": 504972, "Plan Width": 64, "Actual Startup Time": 0.082, "Actual Total Time": 4058.643, "Actual Rows": 1200363, "Actual Loops": 1, "Inner Unique": false, "Plans": [{"Node Type": "Nested Loop", "Parent Relationship": "Outer", "Join Type": "Inner", "Startup Cost": 0.0, "Total Cost": 16644.48, "Plan Rows": 119904, "Plan Width": 64, "Actual Startup Time": 0.072, "Actual Total Time": 223.398, "Actual Rows": 119972, "Actual Loops": 1, "Inner Unique": false, "Plans": [{"Node Type": "Nested Loop", "Parent Relationship": "Outer", "Join Type": "Inner", "Startup Cost": 0.0, "Total Cost": 39.62, "Plan Rows": 2, "Plan Width": 60, "Actual Startup Time": 0.042, "Actual Total Time": 0.133, "Actual Rows": 2, "Actual Loops": 1, "Inner Unique": false, "Join Filter": "(((n1.n_name = 'JAPAN'::bpchar) AND (n2.n_name = 'INDIA'::bpchar)) OR ((n1.n_name = 'INDIA'::bpchar) AND (n2.n_name = 'JAPAN'::bpchar)))", "Rows Removed by Join Filter": 2, "Plans": [{"Node Type": "Index Scan", "Parent Relationship": "Outer", "Scan Direction": "Forward", "Index Name": "nation_pkey", "Relation Name": "nation", "Alias": "n1", "Startup Cost": 0.0, "Total Cost": 12.75, "Plan Rows": 25, "Plan Width": 30, "Actual Startup Time": 0.017, "Actual Total Time": 0.042, "Actual Rows": 2, "Actual Loops": 1, "Filter": "((n_name = 'JAPAN'::bpchar) OR (n_name = 'INDIA'::bpchar))", "Rows Removed by Filter": 23}, {"Node Type": "Materialize", "Parent Relationship": "Inner", "Startup Cost": 0.0, "Total Cost": 12.88, "Plan Rows": 25, "Plan Width": 30, "Actual Startup Time": 0.016, "Actual Total Time": 0.045, "Actual Rows": 4, "Actual Loops": 2, "Plans": [{"Node Type": "Index Scan", "Parent Relationship": "Outer", "Scan Direction": "Forward", "Index Name": "nation_pkey", "Relation Name": "nation", "Alias": "n2", "Startup Cost": 0.0, "Total Cost": 12.75, "Plan Rows": 25, "Plan Width": 30, "Actual Startup Time": 0.011, "Actual Total Time": 0.034, "Actual Rows": 2, "Actual Loops": 1, "Filter": "((n_name = 'INDIA'::bpchar) OR (n_name = 'JAPAN'::bpchar))", "Rows Removed by Filter": 23}]}]}, {"Node Type": "Index Scan", "Parent Relationship": "Inner", "Scan Direction": "Forward", "Index Name": "idx_customer_nationkey", "Relation Name": "customer", "Alias": "customer", "Startup Cost": 0.0, "Total Cost": 7702.43, "Plan Rows": 60000, "Plan Width": 12, "Actual Startup Time": 0.048, "Actual Total Time": 189.022, "Actual Rows": 119972, "Actual Loops": 2, "Index Cond": "(c_nationkey = n2.n_nationkey)", "Rows Removed by Index Recheck": 0}]}, {"Node Type": "Index Scan", "Parent Relationship": "Inner", "Scan Direction": "Forward", "Index Name": "idx_orders_custkey", "Relation Name": "orders", "Alias": "orders", "Startup Cost": 0.0, "Total Cost": 1.22, "Plan Rows": 4, "Plan Width": 16, "Actual Startup Time": 752.462, "Actual Total Time": 3479.887, "Actual Rows": 1200363, "Actual Loops": 119972, "Index Cond": "(o_custkey = customer.c_custkey)", "Rows Removed by Index Recheck": 0}]}, {"Node Type": "Index Scan", "Parent Relationship": "Inner", "Scan Direction": "Forward", "Index Name": "idx_lineitem_orderkey", "Relation Name": "lineitem", "Alias": "lineitem", "Startup Cost": 0.0, "Total Cost": 0.91, "Plan Rows": 3, "Plan Width": 40, "Actual Startup Time": 13286.979, "Actual Total Time": 14474.198, "Actual Rows": 1459150, "Actual Loops": 1200363, "Index Cond": "(l_orderkey = orders.o_orderkey)", "Rows Removed by Index Recheck": 0, "Filter": "((l_shipdate >= '1995-01-01 00:00:00'::timestamp(0) without time zone) AND (l_shipdate <= '1996-12-31 00:00:00'::timestamp(0) without time zone))", "Rows Removed by Filter": 3342563}]}]}]}]}]}, "Triggers": [], "Planner Runtime": 3, "Total Runtime": 21305.606, "Unique SQL Id": 2208782157}}, "(1, 30)": {"explain_plan": {"Plan": {"Node Type": "Aggregate", "Strategy": "Sorted", "Startup Cost": 7122574.16, "Total Cost": 7122684.8, "Plan Rows": 3688, "Plan Width": 84, "Group By Key": ["n1.n_name", "n2.n_name", "(date_part('year'::text, lineitem.l_shipdate))"], "Plans": [{"Node Type": "Sort", "Parent Relationship": "Outer", "Startup Cost": 7122574.16, "Total Cost": 7122583.38, "Plan Rows": 3688, "Plan Width": 76, "Sort Key": ["n1.n_name", "n2.n_name", "(date_part('year'::text, lineitem.l_shipdate))"], "Plans": [{"Node Type": "Merge Join", "Parent Relationship": "Outer", "Join Type": "Inner", "Startup Cost": 7110368.35, "Total Cost": 7122355.68, "Plan Rows": 3688, "Plan Width": 76, "Inner Unique": true, "Merge Cond": "((orders.o_custkey = customer.c_custkey) AND (n2.n_nationkey = customer.c_nationkey))", "Plans": [{"Node Type": "Sort", "Parent Relationship": "Outer", "Startup Cost": 6904368.06, "Total Cost": 6904598.58, "Plan Rows": 92207, "Plan Width": 88, "Sort Key": ["orders.o_custkey", "n2.n_nationkey"], "Plans": [{"Node Type": "Merge Join", "Parent Relationship": "Outer", "Join Type": "Inner", "Startup Cost": 6820386.67, "Total Cost": 6896764.4, "Plan Rows": 92207, "Plan Width": 88, "Inner Unique": true, "Merge Cond": "(lineitem.l_orderkey = orders.o_orderkey)", "Plans": [{"Node Type": "Sort", "Parent Relationship": "Outer", "Startup Cost": 4606151.54, "Total Cost": 4606382.06, "Plan Rows": 92207, "Plan Width": 88, "Sort Key": ["lineitem.l_orderkey"], "Plans": [{"Node Type": "Merge Join", "Parent Relationship": "Outer", "Join Type": "Inner", "Startup Cost": 4506978.84, "Total Cost": 4598547.88, "Plan Rows": 92207, "Plan Width": 88, "Inner Unique": false, "Merge Cond": "(supplier.s_suppkey = lineitem.l_suppkey)", "Plans": [{"Node Type": "Sort", "Parent Relationship": "Outer", "Startup Cost": 6817.83, "Total Cost": 6837.81, "Plan Rows": 7994, "Plan Width": 64, "Sort Key": ["supplier.s_suppkey"], "Plans": [{"Node Type": "Nested Loop", "Parent Relationship": "Outer", "Join Type": "Inner", "Startup Cost": 0.0, "Total Cost": 6299.63, "Plan Rows": 7994, "Plan Width": 64, "Inner Unique": false, "Join Filter": "(n1.n_nationkey = supplier.s_nationkey)", "Plans": [{"Node Type": "Seq Scan", "Parent Relationship": "Outer", "Relation Name": "supplier", "Alias": "supplier", "Startup Cost": 0.0, "Total Cost": 3283.0, "Plan Rows": 100000, "Plan Width": 12}, {"Node Type": "Materialize", "Parent Relationship": "Inner", "Startup Cost": 0.0, "Total Cost": 16.64, "Plan Rows": 2, "Plan Width": 60, "Plans": [{"Node Type": "Nested Loop", "Parent Relationship": "Outer", "Join Type": "Inner", "Startup Cost": 0.0, "Total Cost": 16.62, "Plan Rows": 2, "Plan Width": 60, "Inner Unique": false, "Join Filter": "(((n1.n_name = 'JAPAN'::bpchar) AND (n2.n_name = 'INDIA'::bpchar)) OR ((n1.n_name = 'INDIA'::bpchar) AND (n2.n_name = 'JAPAN'::bpchar)))", "Plans": [{"Node Type": "Seq Scan", "Parent Relationship": "Outer", "Relation Name": "nation", "Alias": "n1", "Startup Cost": 0.0, "Total Cost": 1.25, "Plan Rows": 25, "Plan Width": 30, "Filter": "((n_name = 'JAPAN'::bpchar) OR (n_name = 'INDIA'::bpchar))"}, {"Node Type": "Materialize", "Parent Relationship": "Inner", "Startup Cost": 0.0, "Total Cost": 1.38, "Plan Rows": 25, "Plan Width": 30, "Plans": [{"Node Type": "Seq Scan", "Parent Relationship": "Outer", "Relation Name": "nation", "Alias": "n2", "Startup Cost": 0.0, "Total Cost": 1.25, "Plan Rows": 25, "Plan Width": 30, "Filter": "((n_name = 'INDIA'::bpchar) OR (n_name = 'JAPAN'::bpchar))"}]}]}]}]}]}, {"Node Type": "Sort", "Parent Relationship": "Inner", "Startup Cost": 4500152.01, "Total Cost": 4545464.49, "Plan Rows": 18124991, "Plan Width": 40, "Sort Key": ["lineitem.l_suppkey"], "Plans": [{"Node Type": "Seq Scan", "Parent Relationship": "Outer", "Relation Name": "lineitem", "Alias": "lineitem", "Startup Cost": 44.73, "Total Cost": 2315050.5, "Plan Rows": 18124991, "Plan Width": 40, "Filter": "((l_shipdate >= '1995-01-01 00:00:00'::timestamp(0) without time zone) AND (l_shipdate <= '1996-12-31 00:00:00'::timestamp(0) without time zone)), (LLVM Optimized)"}]}]}]}, {"Node Type": "Sort", "Parent Relationship": "Inner", "Startup Cost": 2214232.37, "Total Cost": 2251731.07, "Plan Rows": 14999479, "Plan Width": 16, "Sort Key": ["orders.o_orderkey"], "Plans": [{"Node Type": "Seq Scan", "Parent Relationship": "Outer", "Relation Name": "orders", "Alias": "orders", "Startup Cost": 0.0, "Total Cost": 426413.79, "Plan Rows": 14999479, "Plan Width": 16}]}]}]}, {"Node Type": "Sort", "Parent Relationship": "Inner", "Startup Cost": 205999.98, "Total Cost": 209749.98, "Plan Rows": 1500000, "Plan Width": 12, "Sort Key": ["customer.c_custkey", "customer.c_nationkey"], "Plans": [{"Node Type": "Seq Scan", "Parent Relationship": "Outer", "Relation Name": "customer", "Alias": "customer", "Startup Cost": 0.0, "Total Cost": 52126.0, "Plan Rows": 1500000, "Plan Width": 12}]}]}]}]}, "Unique SQL Id": 2208782157, "Planner Runtime": 3}, "explain_analyze_plan": null}, "(1, 31)": {"explain_plan": {"Plan": {"Node Type": "Aggregate", "Strategy": "Sorted", "Startup Cost": 6023462968841.76, "Total Cost": 6023462968952.4, "Plan Rows": 3688, "Plan Width": 84, "Group By Key": ["n1.n_name", "n2.n_name", "(date_part('year'::text, lineitem.l_shipdate))"], "Plans": [{"Node Type": "Sort", "Parent Relationship": "Outer", "Startup Cost": 6023462968841.76, "Total Cost": 6023462968850.98, "Plan Rows": 3688, "Plan Width": 76, "Sort Key": ["n1.n_name", "n2.n_name", "(date_part('year'::text, lineitem.l_shipdate))"], "Plans": [{"Node Type": "Merge Join", "Parent Relationship": "Outer", "Join Type": "Inner", "Startup Cost": 60000000000.0, "Total Cost": 6023462968623.28, "Plan Rows": 3688, "Plan Width": 76, "Inner Unique": true, "Merge Cond": "(n2.n_nationkey = customer.c_nationkey)", "Join Filter": "(orders.o_custkey = customer.c_custkey)", "Plans": [{"Node Type": "Nested Loop", "Parent Relationship": "Outer", "Join Type": "Inner", "Startup Cost": 50000000000.0, "Total Cost": 5023346950887.28, "Plan Rows": 92207, "Plan Width": 88, "Inner Unique": true, "Join Filter": "(lineitem.l_orderkey = orders.o_orderkey)", "Plans": [{"Node Type": "Nested Loop", "Parent Relationship": "Outer", "Join Type": "Inner", "Startup Cost": 40000000000.0, "Total Cost": 4002527961142.79, "Plan Rows": 92207, "Plan Width": 88, "Inner Unique": false, "Join Filter": "(supplier.s_suppkey = lineitem.l_suppkey)", "Plans": [{"Node Type": "Nested Loop", "Parent Relationship": "Outer", "Join Type": "Inner", "Startup Cost": 30000000000.0, "Total Cost": 3000000539268.5, "Plan Rows": 7994, "Plan Width": 64, "Inner Unique": false, "Join Filter": "(n1.n_nationkey = supplier.s_nationkey)", "Plans": [{"Node Type": "Nested Loop", "Parent Relationship": "Outer", "Join Type": "Inner", "Startup Cost": 20000000000.0, "Total Cost": 2000000002564.12, "Plan Rows": 2, "Plan Width": 60, "Inner Unique": false, "Join Filter": "(((n1.n_name = 'JAPAN'::bpchar) AND (n2.n_name = 'INDIA'::bpchar)) OR ((n1.n_name = 'INDIA'::bpchar) AND (n2.n_name = 'JAPAN'::bpchar)))", "Plans": [{"Node Type": "Index Scan", "Parent Relationship": "Outer", "Scan Direction": "Forward", "Index Name": "nation_pkey", "Relation Name": "nation", "Alias": "n2", "Startup Cost": 10000000000.0, "Total Cost": 1000000001275.0, "Plan Rows": 25, "Plan Width": 30, "Filter": "((n_name = 'INDIA'::bpchar) OR (n_name = 'JAPAN'::bpchar))"}, {"Node Type": "Materialize", "Parent Relationship": "Inner", "Startup Cost": 10000000000.0, "Total Cost": 1000000001275.12, "Plan Rows": 25, "Plan Width": 30, "Plans": [{"Node Type": "Index Scan", "Parent Relationship": "Outer", "Scan Direction": "Forward", "Index Name": "nation_pkey", "Relation Name": "nation", "Alias": "n1", "Startup Cost": 10000000000.0, "Total Cost": 1000000001275.0, "Plan Rows": 25, "Plan Width": 30, "Filter": "((n_name = 'JAPAN'::bpchar) OR (n_name = 'INDIA'::bpchar))"}]}]}, {"Node Type": "Materialize", "Parent Relationship": "Inner", "Startup Cost": 10000000000.0, "Total Cost": 1000000533954.38, "Plan Rows": 100000, "Plan Width": 12, "Plans": [{"Node Type": "Index Scan", "Parent Relationship": "Outer", "Scan Direction": "Forward", "Index Name": "supplier_pkey", "Relation Name": "supplier", "Alias": "supplier", "Startup Cost": 10000000000.0, "Total Cost": 1000000533454.38, "Plan Rows": 100000, "Plan Width": 12}]}]}, {"Node Type": "Materialize", "Parent Relationship": "Inner", "Startup Cost": 10000000000.0, "Total Cost": 1000354099515.95, "Plan Rows": 18124991, "Plan Width": 40, "Plans": [{"Node Type": "Index Scan", "Parent Relationship": "Outer", "Scan Direction": "Forward", "Index Name": "idx_lineitem_orderkey", "Relation Name": "lineitem", "Alias": "lineitem", "Startup Cost": 10000000000.0, "Total Cost": 1000354008891.0, "Plan Rows": 18124991, "Plan Width": 40, "Filter": "((l_shipdate >= '1995-01-01 00:00:00'::timestamp(0) without time zone) AND (l_shipdate <= '1996-12-31 00:00:00'::timestamp(0) without time zone)), (LLVM Optimized)"}]}]}, {"Node Type": "Materialize", "Parent Relationship": "Inner", "Startup Cost": 10000000000.0, "Total Cost": 1000073172840.9, "Plan Rows": 14999479, "Plan Width": 16, "Plans": [{"Node Type": "Index Scan", "Parent Relationship": "Outer", "Scan Direction": "Forward", "Index Name": "orders_pkey", "Relation Name": "orders", "Alias": "orders", "Startup Cost": 10000000000.0, "Total Cost": 1000073097843.5, "Plan Rows": 14999479, "Plan Width": 16}]}]}, {"Node Type": "Materialize", "Parent Relationship": "Inner", "Startup Cost": 10000000000.0, "Total Cost": 1000019203896.25, "Plan Rows": 1500000, "Plan Width": 12, "Plans": [{"Node Type": "Index Scan", "Parent Relationship": "Outer", "Scan Direction": "Forward", "Index Name": "idx_customer_nationkey", "Relation Name": "customer", "Alias": "customer", "Startup Cost": 10000000000.0, "Total Cost": 1000019200146.25, "Plan Rows": 1500000, "Plan Width": 12}]}]}]}]}, "Unique SQL Id": 2208782157, "Planner Runtime": 3}, "explain_analyze_plan": null}, "(1, 32)": {"explain_plan": {"Plan": {"Node Type": "Aggregate", "Strategy": "Sorted", "Startup Cost": 653338.7, "Total Cost": 653449.34, "Plan Rows": 3688, "Plan Width": 84, "Group By Key": ["n1.n_name", "n2.n_name", "(date_part('year'::text, lineitem.l_shipdate))"], "Plans": [{"Node Type": "Sort", "Parent Relationship": "Outer", "Startup Cost": 653338.7, "Total Cost": 653347.92, "Plan Rows": 3688, "Plan Width": 76, "Sort Key": ["n1.n_name", "n2.n_name", "(date_part('year'::text, lineitem.l_shipdate))"], "Plans": [{"Node Type": "Hash Join", "Parent Relationship": "Outer", "Join Type": "Inner", "Startup Cost": 5813.37, "Total Cost": 653120.22, "Plan Rows": 3688, "Plan Width": 76, "Inner Unique": true, "Hash Cond": "((lineitem.l_suppkey = supplier.s_suppkey) AND (n1.n_nationkey = supplier.s_nationkey))", "Plans": [{"Node Type": "Nested Loop", "Parent Relationship": "Outer", "Join Type": "Inner", "Startup Cost": 1030.37, "Total Cost": 642753.24, "Plan Rows": 740786, "Plan Width": 88, "Inner Unique": false, "Plans": [{"Node Type": "Nested Loop", "Parent Relationship": "Outer", "Join Type": "Inner", "Startup Cost": 1030.37, "Total Cost": 166015.61, "Plan Rows": 504972, "Plan Width": 64, "Inner Unique": false, "Plans": [{"Node Type": "Nested Loop", "Parent Relationship": "Outer", "Join Type": "Inner", "Startup Cost": 1030.37, "Total Cost": 14893.09, "Plan Rows": 119904, "Plan Width": 64, "Inner Unique": false, "Plans": [{"Node Type": "Nested Loop", "Parent Relationship": "Outer", "Join Type": "Inner", "Startup Cost": 0.0, "Total Cost": 28.12, "Plan Rows": 2, "Plan Width": 60, "Inner Unique": false, "Join Filter": "(((n1.n_name = 'JAPAN'::bpchar) AND (n2.n_name = 'INDIA'::bpchar)) OR ((n1.n_name = 'INDIA'::bpchar) AND (n2.n_name = 'JAPAN'::bpchar)))", "Plans": [{"Node Type": "Index Scan", "Parent Relationship": "Outer", "Scan Direction": "Forward", "Index Name": "nation_pkey", "Relation Name": "nation", "Alias": "n1", "Startup Cost": 0.0, "Total Cost": 12.75, "Plan Rows": 25, "Plan Width": 30, "Filter": "((n_name = 'JAPAN'::bpchar) OR (n_name = 'INDIA'::bpchar))"}, {"Node Type": "Materialize", "Parent Relationship": "Inner", "Startup Cost": 0.0, "Total Cost": 1.38, "Plan Rows": 25, "Plan Width": 30, "Plans": [{"Node Type": "Seq Scan", "Parent Relationship": "Outer", "Relation Name": "nation", "Alias": "n2", "Startup Cost": 0.0, "Total Cost": 1.25, "Plan Rows": 25, "Plan Width": 30, "Filter": "((n_name = 'INDIA'::bpchar) OR (n_name = 'JAPAN'::bpchar))"}]}]}, {"Node Type": "Bitmap Heap Scan", "Parent Relationship": "Inner", "Relation Name": "customer", "Alias": "customer", "Startup Cost": 1030.37, "Total Cost": 6832.48, "Plan Rows": 60000, "Plan Width": 12, "Recheck Cond": "(c_nationkey = n2.n_nationkey)", "Plans": [{"Node Type": "Bitmap Index Scan", "Parent Relationship": "Outer", "Index Name": "idx_customer_nationkey", "Startup Cost": 0.0, "Total Cost": 1015.37, "Plan Rows": 60000, "Plan Width": 0, "Index Cond": "(c_nationkey = n2.n_nationkey)"}]}]}, {"Node Type": "Index Scan", "Parent Relationship": "Inner", "Scan Direction": "Forward", "Index Name": "idx_orders_custkey", "Relation Name": "orders", "Alias": "orders", "Startup Cost": 0.0, "Total Cost": 1.22, "Plan Rows": 4, "Plan Width": 16, "Index Cond": "(o_custkey = customer.c_custkey)"}]}, {"Node Type": "Index Scan", "Parent Relationship": "Inner", "Scan Direction": "Forward", "Index Name": "idx_lineitem_orderkey", "Relation Name": "lineitem", "Alias": "lineitem", "Startup Cost": 0.0, "Total Cost": 0.91, "Plan Rows": 3, "Plan Width": 40, "Index Cond": "(l_orderkey = orders.o_orderkey)", "Filter": "((l_shipdate >= '1995-01-01 00:00:00'::timestamp(0) without time zone) AND (l_shipdate <= '1996-12-31 00:00:00'::timestamp(0) without time zone))"}]}, {"Node Type": "Hash", "Parent Relationship": "Inner", "Startup Cost": 3283.0, "Total Cost": 3283.0, "Plan Rows": 100000, "Plan Width": 12, "Plans": [{"Node Type": "Seq Scan", "Parent Relationship": "Outer", "Relation Name": "supplier", "Alias": "supplier", "Startup Cost": 0.0, "Total Cost": 3283.0, "Plan Rows": 100000, "Plan Width": 12}]}]}]}]}, "Unique SQL Id": 2208782157, "Planner Runtime": 2}, "explain_analyze_plan": {"Plan": {"Node Type": "Aggregate", "Strategy": "Sorted", "Startup Cost": 653338.7, "Total Cost": 653449.34, "Plan Rows": 3688, "Plan Width": 84, "Actual Startup Time": 20027.656, "Actual Total Time": 20061.424, "Actual Rows": 4, "Actual Loops": 1, "Group By Key": ["n1.n_name", "n2.n_name", "(date_part('year'::text, lineitem.l_shipdate))"], "Plans": [{"Node Type": "Sort", "Parent Relationship": "Outer", "Startup Cost": 653338.7, "Total Cost": 653347.92, "Plan Rows": 3688, "Plan Width": 76, "Actual Startup Time": 20016.496, "Actual Total Time": 20022.268, "Actual Rows": 58554, "Actual Loops": 1, "Sort Key": ["n1.n_name", "n2.n_name", "(date_part('year'::text, lineitem.l_shipdate))"], "Sort Method": "quicksort", "Sort Space Used": 10686, "Sort Space Type": "Memory", "Plans": [{"Node Type": "Hash Join", "Parent Relationship": "Outer", "Join Type": "Inner", "Startup Cost": 5813.37, "Total Cost": 653120.22, "Plan Rows": 3688, "Plan Width": 76, "Actual Startup Time": 85.638, "Actual Total Time": 19962.976, "Actual Rows": 58554, "Actual Loops": 1, "Inner Unique": true, "Hash Cond": "((lineitem.l_suppkey = supplier.s_suppkey) AND (n1.n_nationkey = supplier.s_nationkey))", "Plans": [{"Node Type": "Nested Loop", "Parent Relationship": "Outer", "Join Type": "Inner", "Startup Cost": 1030.37, "Total Cost": 642753.24, "Plan Rows": 740786, "Plan Width": 88, "Actual Startup Time": 18.028, "Actual Total Time": 19160.259, "Actual Rows": 1459150, "Actual Loops": 1, "Inner Unique": false, "Plans": [{"Node Type": "Nested Loop", "Parent Relationship": "Outer", "Join Type": "Inner", "Startup Cost": 1030.37, "Total Cost": 166015.61, "Plan Rows": 504972, "Plan Width": 64, "Actual Startup Time": 17.951, "Actual Total Time": 4033.511, "Actual Rows": 1200363, "Actual Loops": 1, "Inner Unique": false, "Plans": [{"Node Type": "Nested Loop", "Parent Relationship": "Outer", "Join Type": "Inner", "Startup Cost": 1030.37, "Total Cost": 14893.09, "Plan Rows": 119904, "Plan Width": 64, "Actual Startup Time": 17.923, "Actual Total Time": 281.391, "Actual Rows": 119972, "Actual Loops": 1, "Inner Unique": false, "Plans": [{"Node Type": "Nested Loop", "Parent Relationship": "Outer", "Join Type": "Inner", "Startup Cost": 0.0, "Total Cost": 28.12, "Plan Rows": 2, "Plan Width": 60, "Actual Startup Time": 0.064, "Actual Total Time": 0.236, "Actual Rows": 2, "Actual Loops": 1, "Inner Unique": false, "Join Filter": "(((n1.n_name = 'JAPAN'::bpchar) AND (n2.n_name = 'INDIA'::bpchar)) OR ((n1.n_name = 'INDIA'::bpchar) AND (n2.n_name = 'JAPAN'::bpchar)))", "Rows Removed by Join Filter": 2, "Plans": [{"Node Type": "Index Scan", "Parent Relationship": "Outer", "Scan Direction": "Forward", "Index Name": "nation_pkey", "Relation Name": "nation", "Alias": "n1", "Startup Cost": 0.0, "Total Cost": 12.75, "Plan Rows": 25, "Plan Width": 30, "Actual Startup Time": 0.027, "Actual Total Time": 0.051, "Actual Rows": 2, "Actual Loops": 1, "Filter": "((n_name = 'JAPAN'::bpchar) OR (n_name = 'INDIA'::bpchar))", "Rows Removed by Filter": 23}, {"Node Type": "Materialize", "Parent Relationship": "Inner", "Startup Cost": 0.0, "Total Cost": 1.38, "Plan Rows": 25, "Plan Width": 30, "Actual Startup Time": 0.027, "Actual Total Time": 0.055, "Actual Rows": 4, "Actual Loops": 2, "Plans": [{"Node Type": "Seq Scan", "Parent Relationship": "Outer", "Relation Name": "nation", "Alias": "n2", "Startup Cost": 0.0, "Total Cost": 1.25, "Plan Rows": 25, "Plan Width": 30, "Actual Startup Time": 0.019, "Actual Total Time": 0.042, "Actual Rows": 2, "Actual Loops": 1, "Filter": "((n_name = 'INDIA'::bpchar) OR (n_name = 'JAPAN'::bpchar))", "Rows Removed by Filter": 23}]}]}, {"Node Type": "Bitmap Heap Scan", "Parent Relationship": "Inner", "Relation Name": "customer", "Alias": "customer", "Startup Cost": 1030.37, "Total Cost": 6832.48, "Plan Rows": 60000, "Plan Width": 12, "Actual Startup Time": 35.81, "Actual Total Time": 249.814, "Actual Rows": 119972, "Actual Loops": 2, "Recheck Cond": "(c_nationkey = n2.n_nationkey)", "Rows Removed by Index Recheck": 0, "Exact Heap Blocks": 59938, "Lossy Heap Blocks": 59938, "Plans": [{"Node Type": "Bitmap Index Scan", "Parent Relationship": "Outer", "Index Name": "idx_customer_nationkey", "Startup Cost": 0.0, "Total Cost": 1015.37, "Plan Rows": 60000, "Plan Width": 0, "Actual Startup Time": 22.622, "Actual Total Time": 22.622, "Actual Rows": 119972, "Actual Loops": 2, "Index Cond": "(c_nationkey = n2.n_nationkey)"}]}]}, {"Node Type": "Index Scan", "Parent Relationship": "Inner", "Scan Direction": "Forward", "Index Name": "idx_orders_custkey", "Relation Name": "orders", "Alias": "orders", "Startup Cost": 0.0, "Total Cost": 1.22, "Plan Rows": 4, "Plan Width": 16, "Actual Startup Time": 738.111, "Actual Total Time": 3403.667, "Actual Rows": 1200363, "Actual Loops": 119972, "Index Cond": "(o_custkey = customer.c_custkey)", "Rows Removed by Index Recheck": 0}]}, {"Node Type": "Index Scan", "Parent Relationship": "Inner", "Scan Direction": "Forward", "Index Name": "idx_lineitem_orderkey", "Relation Name": "lineitem", "Alias": "lineitem", "Startup Cost": 0.0, "Total Cost": 0.91, "Plan Rows": 3, "Plan Width": 40, "Actual Startup Time": 12968.962, "Actual Total Time": 14148.592, "Actual Rows": 1459150, "Actual Loops": 1200363, "Index Cond": "(l_orderkey = orders.o_orderkey)", "Rows Removed by Index Recheck": 0, "Filter": "((l_shipdate >= '1995-01-01 00:00:00'::timestamp(0) without time zone) AND (l_shipdate <= '1996-12-31 00:00:00'::timestamp(0) without time zone))", "Rows Removed by Filter": 3342563}]}, {"Node Type": "Hash", "Parent Relationship": "Inner", "Startup Cost": 3283.0, "Total Cost": 3283.0, "Plan Rows": 100000, "Plan Width": 12, "Actual Startup Time": 67.356, "Actual Total Time": 67.356, "Actual Rows": 100000, "Actual Loops": 1, "Hash Buckets": 131072, "Hash Batches": 1, "Original Hash Batches": 1, "Peak Memory Usage": 4297, "Plans": [{"Node Type": "Seq Scan", "Parent Relationship": "Outer", "Relation Name": "supplier", "Alias": "supplier", "Startup Cost": 0.0, "Total Cost": 3283.0, "Plan Rows": 100000, "Plan Width": 12, "Actual Startup Time": 0.016, "Actual Total Time": 36.368, "Actual Rows": 100000, "Actual Loops": 1}]}]}]}]}, "Triggers": [], "Planner Runtime": 2, "Total Runtime": 20061.957, "Unique SQL Id": 2208782157}}, "(1, 33)": {"explain_plan": {"Plan": {"Node Type": "Aggregate", "Strategy": "Sorted", "Startup Cost": 655401.75, "Total Cost": 655512.39, "Plan Rows": 3688, "Plan Width": 84, "Group By Key": ["n1.n_name", "n2.n_name", "(date_part('year'::text, lineitem.l_shipdate))"], "Plans": [{"Node Type": "Sort", "Parent Relationship": "Outer", "Startup Cost": 655401.75, "Total Cost": 655410.97, "Plan Rows": 3688, "Plan Width": 76, "Sort Key": ["n1.n_name", "n2.n_name", "(date_part('year'::text, lineitem.l_shipdate))"], "Plans": [{"Node Type": "Hash Join", "Parent Relationship": "Outer", "Join Type": "Inner", "Startup Cost": 7864.91, "Total Cost": 655183.26, "Plan Rows": 3688, "Plan Width": 76, "Inner Unique": true, "Hash Cond": "((lineitem.l_suppkey = supplier.s_suppkey) AND (n1.n_nationkey = supplier.s_nationkey))", "Plans": [{"Node Type": "Nested Loop", "Parent Relationship": "Outer", "Join Type": "Inner", "Startup Cost": 1030.37, "Total Cost": 642764.74, "Plan Rows": 740786, "Plan Width": 88, "Inner Unique": false, "Plans": [{"Node Type": "Nested Loop", "Parent Relationship": "Outer", "Join Type": "Inner", "Startup Cost": 1030.37, "Total Cost": 166027.11, "Plan Rows": 504972, "Plan Width": 64, "Inner Unique": false, "Plans": [{"Node Type": "Nested Loop", "Parent Relationship": "Outer", "Join Type": "Inner", "Startup Cost": 1030.37, "Total Cost": 14904.59, "Plan Rows": 119904, "Plan Width": 64, "Inner Unique": false, "Plans": [{"Node Type": "Nested Loop", "Parent Relationship": "Outer", "Join Type": "Inner", "Startup Cost": 0.0, "Total Cost": 39.62, "Plan Rows": 2, "Plan Width": 60, "Inner Unique": false, "Join Filter": "(((n1.n_name = 'JAPAN'::bpchar) AND (n2.n_name = 'INDIA'::bpchar)) OR ((n1.n_name = 'INDIA'::bpchar) AND (n2.n_name = 'JAPAN'::bpchar)))", "Plans": [{"Node Type": "Index Scan", "Parent Relationship": "Outer", "Scan Direction": "Forward", "Index Name": "nation_pkey", "Relation Name": "nation", "Alias": "n1", "Startup Cost": 0.0, "Total Cost": 12.75, "Plan Rows": 25, "Plan Width": 30, "Filter": "((n_name = 'JAPAN'::bpchar) OR (n_name = 'INDIA'::bpchar))"}, {"Node Type": "Materialize", "Parent Relationship": "Inner", "Startup Cost": 0.0, "Total Cost": 12.88, "Plan Rows": 25, "Plan Width": 30, "Plans": [{"Node Type": "Index Scan", "Parent Relationship": "Outer", "Scan Direction": "Forward", "Index Name": "nation_pkey", "Relation Name": "nation", "Alias": "n2", "Startup Cost": 0.0, "Total Cost": 12.75, "Plan Rows": 25, "Plan Width": 30, "Filter": "((n_name = 'INDIA'::bpchar) OR (n_name = 'JAPAN'::bpchar))"}]}]}, {"Node Type": "Bitmap Heap Scan", "Parent Relationship": "Inner", "Relation Name": "customer", "Alias": "customer", "Startup Cost": 1030.37, "Total Cost": 6832.48, "Plan Rows": 60000, "Plan Width": 12, "Recheck Cond": "(c_nationkey = n2.n_nationkey)", "Plans": [{"Node Type": "Bitmap Index Scan", "Parent Relationship": "Outer", "Index Name": "idx_customer_nationkey", "Startup Cost": 0.0, "Total Cost": 1015.37, "Plan Rows": 60000, "Plan Width": 0, "Index Cond": "(c_nationkey = n2.n_nationkey)"}]}]}, {"Node Type": "Index Scan", "Parent Relationship": "Inner", "Scan Direction": "Forward", "Index Name": "idx_orders_custkey", "Relation Name": "orders", "Alias": "orders", "Startup Cost": 0.0, "Total Cost": 1.22, "Plan Rows": 4, "Plan Width": 16, "Index Cond": "(o_custkey = customer.c_custkey)"}]}, {"Node Type": "Index Scan", "Parent Relationship": "Inner", "Scan Direction": "Forward", "Index Name": "idx_lineitem_orderkey", "Relation Name": "lineitem", "Alias": "lineitem", "Startup Cost": 0.0, "Total Cost": 0.91, "Plan Rows": 3, "Plan Width": 40, "Index Cond": "(l_orderkey = orders.o_orderkey)", "Filter": "((l_shipdate >= '1995-01-01 00:00:00'::timestamp(0) without time zone) AND (l_shipdate <= '1996-12-31 00:00:00'::timestamp(0) without time zone))"}]}, {"Node Type": "Hash", "Parent Relationship": "Inner", "Startup Cost": 5334.54, "Total Cost": 5334.54, "Plan Rows": 100000, "Plan Width": 12, "Plans": [{"Node Type": "Index Scan", "Parent Relationship": "Outer", "Scan Direction": "Forward", "Index Name": "supplier_pkey", "Relation Name": "supplier", "Alias": "supplier", "Startup Cost": 0.0, "Total Cost": 5334.54, "Plan Rows": 100000, "Plan Width": 12}]}]}]}]}, "Unique SQL Id": 2208782157, "Planner Runtime": 2}, "explain_analyze_plan": {"Plan": {"Node Type": "Aggregate", "Strategy": "Sorted", "Startup Cost": 655401.75, "Total Cost": 655512.39, "Plan Rows": 3688, "Plan Width": 84, "Actual Startup Time": 19948.807, "Actual Total Time": 19982.552, "Actual Rows": 4, "Actual Loops": 1, "Group By Key": ["n1.n_name", "n2.n_name", "(date_part('year'::text, lineitem.l_shipdate))"], "Plans": [{"Node Type": "Sort", "Parent Relationship": "Outer", "Startup Cost": 655401.75, "Total Cost": 655410.97, "Plan Rows": 3688, "Plan Width": 76, "Actual Startup Time": 19937.625, "Actual Total Time": 19943.528, "Actual Rows": 58554, "Actual Loops": 1, "Sort Key": ["n1.n_name", "n2.n_name", "(date_part('year'::text, lineitem.l_shipdate))"], "Sort Method": "quicksort", "Sort Space Used": 10686, "Sort Space Type": "Memory", "Plans": [{"Node Type": "Hash Join", "Parent Relationship": "Outer", "Join Type": "Inner", "Startup Cost": 7864.91, "Total Cost": 655183.26, "Plan Rows": 3688, "Plan Width": 76, "Actual Startup Time": 110.797, "Actual Total Time": 19883.263, "Actual Rows": 58554, "Actual Loops": 1, "Inner Unique": true, "Hash Cond": "((lineitem.l_suppkey = supplier.s_suppkey) AND (n1.n_nationkey = supplier.s_nationkey))", "Plans": [{"Node Type": "Nested Loop", "Parent Relationship": "Outer", "Join Type": "Inner", "Startup Cost": 1030.37, "Total Cost": 642764.74, "Plan Rows": 740786, "Plan Width": 88, "Actual Startup Time": 17.852, "Actual Total Time": 19065.006, "Actual Rows": 1459150, "Actual Loops": 1, "Inner Unique": false, "Plans": [{"Node Type": "Nested Loop", "Parent Relationship": "Outer", "Join Type": "Inner", "Startup Cost": 1030.37, "Total Cost": 166027.11, "Plan Rows": 504972, "Plan Width": 64, "Actual Startup Time": 17.787, "Actual Total Time": 3994.551, "Actual Rows": 1200363, "Actual Loops": 1, "Inner Unique": false, "Plans": [{"Node Type": "Nested Loop", "Parent Relationship": "Outer", "Join Type": "Inner", "Startup Cost": 1030.37, "Total Cost": 14904.59, "Plan Rows": 119904, "Plan Width": 64, "Actual Startup Time": 17.763, "Actual Total Time": 279.521, "Actual Rows": 119972, "Actual Loops": 1, "Inner Unique": false, "Plans": [{"Node Type": "Nested Loop", "Parent Relationship": "Outer", "Join Type": "Inner", "Startup Cost": 0.0, "Total Cost": 39.62, "Plan Rows": 2, "Plan Width": 60, "Actual Startup Time": 0.055, "Actual Total Time": 0.138, "Actual Rows": 2, "Actual Loops": 1, "Inner Unique": false, "Join Filter": "(((n1.n_name = 'JAPAN'::bpchar) AND (n2.n_name = 'INDIA'::bpchar)) OR ((n1.n_name = 'INDIA'::bpchar) AND (n2.n_name = 'JAPAN'::bpchar)))", "Rows Removed by Join Filter": 2, "Plans": [{"Node Type": "Index Scan", "Parent Relationship": "Outer", "Scan Direction": "Forward", "Index Name": "nation_pkey", "Relation Name": "nation", "Alias": "n1", "Startup Cost": 0.0, "Total Cost": 12.75, "Plan Rows": 25, "Plan Width": 30, "Actual Startup Time": 0.025, "Actual Total Time": 0.045, "Actual Rows": 2, "Actual Loops": 1, "Filter": "((n_name = 'JAPAN'::bpchar) OR (n_name = 'INDIA'::bpchar))", "Rows Removed by Filter": 23}, {"Node Type": "Materialize", "Parent Relationship": "Inner", "Startup Cost": 0.0, "Total Cost": 12.88, "Plan Rows": 25, "Plan Width": 30, "Actual Startup Time": 0.021, "Actual Total Time": 0.051, "Actual Rows": 4, "Actual Loops": 2, "Plans": [{"Node Type": "Index Scan", "Parent Relationship": "Outer", "Scan Direction": "Forward", "Index Name": "nation_pkey", "Relation Name": "nation", "Alias": "n2", "Startup Cost": 0.0, "Total Cost": 12.75, "Plan Rows": 25, "Plan Width": 30, "Actual Startup Time": 0.012, "Actual Total Time": 0.03, "Actual Rows": 2, "Actual Loops": 1, "Filter": "((n_name = 'INDIA'::bpchar) OR (n_name = 'JAPAN'::bpchar))", "Rows Removed by Filter": 23}]}]}, {"Node Type": "Bitmap Heap Scan", "Parent Relationship": "Inner", "Relation Name": "customer", "Alias": "customer", "Startup Cost": 1030.37, "Total Cost": 6832.48, "Plan Rows": 60000, "Plan Width": 12, "Actual Startup Time": 35.527, "Actual Total Time": 248.659, "Actual Rows": 119972, "Actual Loops": 2, "Recheck Cond": "(c_nationkey = n2.n_nationkey)", "Rows Removed by Index Recheck": 0, "Exact Heap Blocks": 59938, "Lossy Heap Blocks": 59938, "Plans": [{"Node Type": "Bitmap Index Scan", "Parent Relationship": "Outer", "Index Name": "idx_customer_nationkey", "Startup Cost": 0.0, "Total Cost": 1015.37, "Plan Rows": 60000, "Plan Width": 0, "Actual Startup Time": 22.302, "Actual Total Time": 22.302, "Actual Rows": 119972, "Actual Loops": 2, "Index Cond": "(c_nationkey = n2.n_nationkey)"}]}]}, {"Node Type": "Index Scan", "Parent Relationship": "Inner", "Scan Direction": "Forward", "Index Name": "idx_orders_custkey", "Relation Name": "orders", "Alias": "orders", "Startup Cost": 0.0, "Total Cost": 1.22, "Plan Rows": 4, "Plan Width": 16, "Actual Startup Time": 738.147, "Actual Total Time": 3370.631, "Actual Rows": 1200363, "Actual Loops": 119972, "Index Cond": "(o_custkey = customer.c_custkey)", "Rows Removed by Index Recheck": 0}]}, {"Node Type": "Index Scan", "Parent Relationship": "Inner", "Scan Direction": "Forward", "Index Name": "idx_lineitem_orderkey", "Relation Name": "lineitem", "Alias": "lineitem", "Startup Cost": 0.0, "Total Cost": 0.91, "Plan Rows": 3, "Plan Width": 40, "Actual Startup Time": 12927.978, "Actual Total Time": 14089.887, "Actual Rows": 1459150, "Actual Loops": 1200363, "Index Cond": "(l_orderkey = orders.o_orderkey)", "Rows Removed by Index Recheck": 0, "Filter": "((l_shipdate >= '1995-01-01 00:00:00'::timestamp(0) without time zone) AND (l_shipdate <= '1996-12-31 00:00:00'::timestamp(0) without time zone))", "Rows Removed by Filter": 3342563}]}, {"Node Type": "Hash", "Parent Relationship": "Inner", "Startup Cost": 5334.54, "Total Cost": 5334.54, "Plan Rows": 100000, "Plan Width": 12, "Actual Startup Time": 92.677, "Actual Total Time": 92.677, "Actual Rows": 100000, "Actual Loops": 1, "Hash Buckets": 131072, "Hash Batches": 1, "Original Hash Batches": 1, "Peak Memory Usage": 4297, "Plans": [{"Node Type": "Index Scan", "Parent Relationship": "Outer", "Scan Direction": "Forward", "Index Name": "supplier_pkey", "Relation Name": "supplier", "Alias": "supplier", "Startup Cost": 0.0, "Total Cost": 5334.54, "Plan Rows": 100000, "Plan Width": 12, "Actual Startup Time": 0.023, "Actual Total Time": 60.319, "Actual Rows": 100000, "Actual Loops": 1}]}]}]}]}, "Triggers": [], "Planner Runtime": 2, "Total Runtime": 19983.037, "Unique SQL Id": 2208782157}}, "(1, 34)": {"explain_plan": {"Plan": {"Node Type": "Aggregate", "Strategy": "Sorted", "Startup Cost": 2821099.39, "Total Cost": 2821210.03, "Plan Rows": 3688, "Plan Width": 84, "Group By Key": ["n1.n_name", "n2.n_name", "(date_part('year'::text, lineitem.l_shipdate))"], "Plans": [{"Node Type": "Sort", "Parent Relationship": "Outer", "Startup Cost": 2821099.39, "Total Cost": 2821108.61, "Plan Rows": 3688, "Plan Width": 76, "Sort Key": ["n1.n_name", "n2.n_name", "(date_part('year'::text, lineitem.l_shipdate))"], "Plans": [{"Node Type": "Hash Join", "Parent Relationship": "Outer", "Join Type": "Inner", "Startup Cost": 21163.77, "Total Cost": 2820880.9, "Plan Rows": 3688, "Plan Width": 76, "Inner Unique": true, "Hash Cond": "((lineitem.l_suppkey = supplier.s_suppkey) AND (n1.n_nationkey = supplier.s_nationkey))", "Plans": [{"Node Type": "Nested Loop", "Parent Relationship": "Outer", "Join Type": "Inner", "Startup Cost": 16380.77, "Total Cost": 2810513.92, "Plan Rows": 740786, "Plan Width": 88, "Inner Unique": false, "Plans": [{"Node Type": "Hash Join", "Parent Relationship": "Outer", "Join Type": "Inner", "Startup Cost": 16380.39, "Total Cost": 504091.94, "Plan Rows": 504972, "Plan Width": 64, "Inner Unique": false, "Hash Cond": "(orders.o_custkey = customer.c_custkey), (LLVM Optimized)", "Plans": [{"Node Type": "Seq Scan", "Parent Relationship": "Outer", "Relation Name": "orders", "Alias": "orders", "Startup Cost": 0.0, "Total Cost": 426413.79, "Plan Rows": 14999479, "Plan Width": 16}, {"Node Type": "Hash", "Parent Relationship": "Inner", "Startup Cost": 14881.59, "Total Cost": 14881.59, "Plan Rows": 119904, "Plan Width": 64, "Plans": [{"Node Type": "Nested Loop", "Parent Relationship": "Outer", "Join Type": "Inner", "Startup Cost": 1030.37, "Total Cost": 14881.59, "Plan Rows": 119904, "Plan Width": 64, "Inner Unique": false, "Plans": [{"Node Type": "Nested Loop", "Parent Relationship": "Outer", "Join Type": "Inner", "Startup Cost": 0.0, "Total Cost": 16.62, "Plan Rows": 2, "Plan Width": 60, "Inner Unique": false, "Join Filter": "(((n1.n_name = 'JAPAN'::bpchar) AND (n2.n_name = 'INDIA'::bpchar)) OR ((n1.n_name = 'INDIA'::bpchar) AND (n2.n_name = 'JAPAN'::bpchar)))", "Plans": [{"Node Type": "Seq Scan", "Parent Relationship": "Outer", "Relation Name": "nation", "Alias": "n1", "Startup Cost": 0.0, "Total Cost": 1.25, "Plan Rows": 25, "Plan Width": 30, "Filter": "((n_name = 'JAPAN'::bpchar) OR (n_name = 'INDIA'::bpchar))"}, {"Node Type": "Materialize", "Parent Relationship": "Inner", "Startup Cost": 0.0, "Total Cost": 1.38, "Plan Rows": 25, "Plan Width": 30, "Plans": [{"Node Type": "Seq Scan", "Parent Relationship": "Outer", "Relation Name": "nation", "Alias": "n2", "Startup Cost": 0.0, "Total Cost": 1.25, "Plan Rows": 25, "Plan Width": 30, "Filter": "((n_name = 'INDIA'::bpchar) OR (n_name = 'JAPAN'::bpchar))"}]}]}, {"Node Type": "Bitmap Heap Scan", "Parent Relationship": "Inner", "Relation Name": "customer", "Alias": "customer", "Startup Cost": 1030.37, "Total Cost": 6832.48, "Plan Rows": 60000, "Plan Width": 12, "Recheck Cond": "(c_nationkey = n2.n_nationkey)", "Plans": [{"Node Type": "Bitmap Index Scan", "Parent Relationship": "Outer", "Index Name": "idx_customer_nationkey", "Startup Cost": 0.0, "Total Cost": 1015.37, "Plan Rows": 60000, "Plan Width": 0, "Index Cond": "(c_nationkey = n2.n_nationkey)"}]}]}]}]}, {"Node Type": "Bitmap Heap Scan", "Parent Relationship": "Inner", "Relation Name": "lineitem", "Alias": "lineitem", "Startup Cost": 0.38, "Total Cost": 4.54, "Plan Rows": 3, "Plan Width": 40, "Recheck Cond": "(l_orderkey = orders.o_orderkey)", "Filter": "((l_shipdate >= '1995-01-01 00:00:00'::timestamp(0) without time zone) AND (l_shipdate <= '1996-12-31 00:00:00'::timestamp(0) without time zone))", "Plans": [{"Node Type": "Bitmap Index Scan", "Parent Relationship": "Outer", "Index Name": "idx_lineitem_orderkey", "Startup Cost": 0.0, "Total Cost": 0.38, "Plan Rows": 9, "Plan Width": 0, "Index Cond": "(l_orderkey = orders.o_orderkey)"}]}]}, {"Node Type": "Hash", "Parent Relationship": "Inner", "Startup Cost": 3283.0, "Total Cost": 3283.0, "Plan Rows": 100000, "Plan Width": 12, "Plans": [{"Node Type": "Seq Scan", "Parent Relationship": "Outer", "Relation Name": "supplier", "Alias": "supplier", "Startup Cost": 0.0, "Total Cost": 3283.0, "Plan Rows": 100000, "Plan Width": 12}]}]}]}]}, "Unique SQL Id": 2208782157, "Planner Runtime": 2}, "explain_analyze_plan": {"Plan": {"Node Type": "Aggregate", "Strategy": "Sorted", "Startup Cost": 2821099.39, "Total Cost": 2821210.03, "Plan Rows": 3688, "Plan Width": 84, "Actual Startup Time": 24019.755, "Actual Total Time": 24053.432, "Actual Rows": 4, "Actual Loops": 1, "Group By Key": ["n1.n_name", "n2.n_name", "(date_part('year'::text, lineitem.l_shipdate))"], "Plans": [{"Node Type": "Sort", "Parent Relationship": "Outer", "Startup Cost": 2821099.39, "Total Cost": 2821108.61, "Plan Rows": 3688, "Plan Width": 76, "Actual Startup Time": 24008.555, "Actual Total Time": 24014.638, "Actual Rows": 58554, "Actual Loops": 1, "Sort Key": ["n1.n_name", "n2.n_name", "(date_part('year'::text, lineitem.l_shipdate))"], "Sort Method": "quicksort", "Sort Space Used": 10686, "Sort Space Type": "Memory", "Plans": [{"Node Type": "Hash Join", "Parent Relationship": "Outer", "Join Type": "Inner", "Startup Cost": 21163.77, "Total Cost": 2820880.9, "Plan Rows": 3688, "Plan Width": 76, "Actual Startup Time": 320.133, "Actual Total Time": 23947.507, "Actual Rows": 58554, "Actual Loops": 1, "Inner Unique": true, "Hash Cond": "((lineitem.l_suppkey = supplier.s_suppkey) AND (n1.n_nationkey = supplier.s_nationkey))", "Plans": [{"Node Type": "Nested Loop", "Parent Relationship": "Outer", "Join Type": "Inner", "Startup Cost": 16380.77, "Total Cost": 2810513.92, "Plan Rows": 740786, "Plan Width": 88, "Actual Startup Time": 252.262, "Actual Total Time": 23107.032, "Actual Rows": 1459150, "Actual Loops": 1, "Inner Unique": false, "Plans": [{"Node Type": "Hash Join", "Parent Relationship": "Outer", "Join Type": "Inner", "Startup Cost": 16380.39, "Total Cost": 504091.94, "Plan Rows": 504972, "Plan Width": 64, "Actual Startup Time": 252.173, "Actual Total Time": 10094.773, "Actual Rows": 1200363, "Actual Loops": 1, "Inner Unique": false, "Hash Cond": "(orders.o_custkey = customer.c_custkey), (LLVM Optimized, Jit Execute)", "Plans": [{"Node Type": "Seq Scan", "Parent Relationship": "Outer", "Relation Name": "orders", "Alias": "orders", "Startup Cost": 0.0, "Total Cost": 426413.79, "Plan Rows": 14999479, "Plan Width": 16, "Actual Startup Time": 0.013, "Actual Total Time": 4180.316, "Actual Rows": 15000000, "Actual Loops": 1}, {"Node Type": "Hash", "Parent Relationship": "Inner", "Startup Cost": 14881.59, "Total Cost": 14881.59, "Plan Rows": 119904, "Plan Width": 64, "Actual Startup Time": 252.012, "Actual Total Time": 252.012, "Actual Rows": 119972, "Actual Loops": 1, "Hash Buckets": 131072, "Hash Batches": 1, "Original Hash Batches": 1, "Peak Memory Usage": 11248, "Plans": [{"Node Type": "Nested Loop", "Parent Relationship": "Outer", "Join Type": "Inner", "Startup Cost": 1030.37, "Total Cost": 14881.59, "Plan Rows": 119904, "Plan Width": 64, "Actual Startup Time": 18.127, "Actual Total Time": 207.945, "Actual Rows": 119972, "Actual Loops": 1, "Inner Unique": false, "Plans": [{"Node Type": "Nested Loop", "Parent Relationship": "Outer", "Join Type": "Inner", "Startup Cost": 0.0, "Total Cost": 16.62, "Plan Rows": 2, "Plan Width": 60, "Actual Startup Time": 0.074, "Actual Total Time": 0.164, "Actual Rows": 2, "Actual Loops": 1, "Inner Unique": false, "Join Filter": "(((n1.n_name = 'JAPAN'::bpchar) AND (n2.n_name = 'INDIA'::bpchar)) OR ((n1.n_name = 'INDIA'::bpchar) AND (n2.n_name = 'JAPAN'::bpchar)))", "Rows Removed by Join Filter": 2, "Plans": [{"Node Type": "Seq Scan", "Parent Relationship": "Outer", "Relation Name": "nation", "Alias": "n1", "Startup Cost": 0.0, "Total Cost": 1.25, "Plan Rows": 25, "Plan Width": 30, "Actual Startup Time": 0.041, "Actual Total Time": 0.06, "Actual Rows": 2, "Actual Loops": 1, "Filter": "((n_name = 'JAPAN'::bpchar) OR (n_name = 'INDIA'::bpchar))", "Rows Removed by Filter": 23}, {"Node Type": "Materialize", "Parent Relationship": "Inner", "Startup Cost": 0.0, "Total Cost": 1.38, "Plan Rows": 25, "Plan Width": 30, "Actual Startup Time": 0.023, "Actual Total Time": 0.053, "Actual Rows": 4, "Actual Loops": 2, "Plans": [{"Node Type": "Seq Scan", "Parent Relationship": "Outer", "Relation Name": "nation", "Alias": "n2", "Startup Cost": 0.0, "Total Cost": 1.25, "Plan Rows": 25, "Plan Width": 30, "Actual Startup Time": 0.015, "Actual Total Time": 0.041, "Actual Rows": 2, "Actual Loops": 1, "Filter": "((n_name = 'INDIA'::bpchar) OR (n_name = 'JAPAN'::bpchar))", "Rows Removed by Filter": 23}]}]}, {"Node Type": "Bitmap Heap Scan", "Parent Relationship": "Inner", "Relation Name": "customer", "Alias": "customer", "Startup Cost": 1030.37, "Total Cost": 6832.48, "Plan Rows": 60000, "Plan Width": 12, "Actual Startup Time": 35.922, "Actual Total Time": 183.334, "Actual Rows": 119972, "Actual Loops": 2, "Recheck Cond": "(c_nationkey = n2.n_nationkey)", "Rows Removed by Index Recheck": 0, "Exact Heap Blocks": 59938, "Lossy Heap Blocks": 59938, "Plans": [{"Node Type": "Bitmap Index Scan", "Parent Relationship": "Outer", "Index Name": "idx_customer_nationkey", "Startup Cost": 0.0, "Total Cost": 1015.37, "Plan Rows": 60000, "Plan Width": 0, "Actual Startup Time": 22.698, "Actual Total Time": 22.698, "Actual Rows": 119972, "Actual Loops": 2, "Index Cond": "(c_nationkey = n2.n_nationkey)"}]}]}]}]}, {"Node Type": "Bitmap Heap Scan", "Parent Relationship": "Inner", "Relation Name": "lineitem", "Alias": "lineitem", "Startup Cost": 0.38, "Total Cost": 4.54, "Plan Rows": 3, "Plan Width": 40, "Actual Startup Time": 10661.081, "Actual Total Time": 11276.135, "Actual Rows": 1459150, "Actual Loops": 1200363, "Recheck Cond": "(l_orderkey = orders.o_orderkey)", "Rows Removed by Index Recheck": 0, "Filter": "((l_shipdate >= '1995-01-01 00:00:00'::timestamp(0) without time zone) AND (l_shipdate <= '1996-12-31 00:00:00'::timestamp(0) without time zone))", "Rows Removed by Filter": 3342563, "Exact Heap Blocks": 1285989, "Lossy Heap Blocks": 1285989, "Plans": [{"Node Type": "Bitmap Index Scan", "Parent Relationship": "Outer", "Index Name": "idx_lineitem_orderkey", "Startup Cost": 0.0, "Total Cost": 0.38, "Plan Rows": 9, "Plan Width": 0, "Actual Startup Time": 5002.618, "Actual Total Time": 5002.618, "Actual Rows": 4801713, "Actual Loops": 1200363, "Index Cond": "(l_orderkey = orders.o_orderkey)"}]}]}, {"Node Type": "Hash", "Parent Relationship": "Inner", "Startup Cost": 3283.0, "Total Cost": 3283.0, "Plan Rows": 100000, "Plan Width": 12, "Actual Startup Time": 67.513, "Actual Total Time": 67.513, "Actual Rows": 100000, "Actual Loops": 1, "Hash Buckets": 131072, "Hash Batches": 1, "Original Hash Batches": 1, "Peak Memory Usage": 4297, "Plans": [{"Node Type": "Seq Scan", "Parent Relationship": "Outer", "Relation Name": "supplier", "Alias": "supplier", "Startup Cost": 0.0, "Total Cost": 3283.0, "Plan Rows": 100000, "Plan Width": 12, "Actual Startup Time": 0.027, "Actual Total Time": 36.747, "Actual Rows": 100000, "Actual Loops": 1}]}]}]}]}, "Triggers": [], "Planner Runtime": 2, "Total Runtime": 24062.624, "Unique SQL Id": 2208782157}}, "(1, 35)": {"explain_plan": {"Plan": {"Node Type": "Aggregate", "Strategy": "Sorted", "Startup Cost": 99673573.01, "Total Cost": 99673683.65, "Plan Rows": 3688, "Plan Width": 84, "Group By Key": ["n1.n_name", "n2.n_name", "(date_part('year'::text, lineitem.l_shipdate))"], "Plans": [{"Node Type": "Sort", "Parent Relationship": "Outer", "Startup Cost": 99673573.01, "Total Cost": 99673582.23, "Plan Rows": 3688, "Plan Width": 76, "Sort Key": ["n1.n_name", "n2.n_name", "(date_part('year'::text, lineitem.l_shipdate))"], "Plans": [{"Node Type": "Nested Loop", "Parent Relationship": "Outer", "Join Type": "Inner", "Startup Cost": 627986.71, "Total Cost": 99673354.52, "Plan Rows": 3688, "Plan Width": 76, "Inner Unique": true, "Join Filter": "(((n1.n_name = 'JAPAN'::bpchar) AND (n2.n_name = 'INDIA'::bpchar)) OR ((n1.n_name = 'INDIA'::bpchar) AND (n2.n_name = 'JAPAN'::bpchar)))", "Plans": [{"Node Type": "Nested Loop", "Parent Relationship": "Outer", "Join Type": "Inner", "Startup Cost": 627986.45, "Total Cost": 94724471.42, "Plan Rows": 1153515, "Plan Width": 54, "Inner Unique": true, "Plans": [{"Node Type": "Nested Loop", "Parent Relationship": "Outer", "Join Type": "Inner", "Startup Cost": 627986.2, "Total Cost": 89787046.56, "Plan Rows": 1153515, "Plan Width": 32, "Inner Unique": true, "Plans": [{"Node Type": "Nested Loop", "Parent Relationship": "Outer", "Join Type": "Inner", "Startup Cost": 627985.94, "Total Cost": 84848088.55, "Plan Rows": 1153515, "Plan Width": 36, "Inner Unique": true, "Plans": [{"Node Type": "Nested Loop", "Parent Relationship": "Outer", "Join Type": "Inner", "Startup Cost": 627985.67, "Total Cost": 79896146.0, "Plan Rows": 1153515, "Plan Width": 36, "Inner Unique": true, "Plans": [{"Node Type": "Bitmap Heap Scan", "Parent Relationship": "Outer", "Relation Name": "lineitem", "Alias": "lineitem", "Startup Cost": 627985.41, "Total Cost": 2315105.27, "Plan Rows": 18124991, "Plan Width": 40, "Recheck Cond": "((l_shipdate >= '1995-01-01 00:00:00'::timestamp(0) without time zone) AND (l_shipdate <= '1996-12-31 00:00:00'::timestamp(0) without time zone)), (LLVM Optimized)", "Plans": [{"Node Type": "Bitmap Index Scan", "Parent Relationship": "Outer", "Index Name": "idx_lineitem_shipdate", "Startup Cost": 0.0, "Total Cost": 623454.16, "Plan Rows": 18124991, "Plan Width": 0, "Index Cond": "((l_shipdate >= '1995-01-01 00:00:00'::timestamp(0) without time zone) AND (l_shipdate <= '1996-12-31 00:00:00'::timestamp(0) without time zone))"}]}, {"Node Type": "Bitmap Heap Scan", "Parent Relationship": "Inner", "Relation Name": "supplier", "Alias": "supplier", "Startup Cost": 0.26, "Total Cost": 4.27, "Plan Rows": 1, "Plan Width": 12, "Recheck Cond": "(s_suppkey = lineitem.l_suppkey)", "Plans": [{"Node Type": "Bitmap Index Scan", "Parent Relationship": "Outer", "Index Name": "supplier_pkey", "Startup Cost": 0.0, "Total Cost": 0.26, "Plan Rows": 1, "Plan Width": 0, "Index Cond": "(s_suppkey = lineitem.l_suppkey)"}]}]}, {"Node Type": "Bitmap Heap Scan", "Parent Relationship": "Inner", "Relation Name": "orders", "Alias": "orders", "Startup Cost": 0.27, "Total Cost": 4.28, "Plan Rows": 1, "Plan Width": 16, "Recheck Cond": "(o_orderkey = lineitem.l_orderkey)", "Plans": [{"Node Type": "Bitmap Index Scan", "Parent Relationship": "Outer", "Index Name": "orders_pkey", "Startup Cost": 0.0, "Total Cost": 0.27, "Plan Rows": 1, "Plan Width": 0, "Index Cond": "(o_orderkey = lineitem.l_orderkey)"}]}]}, {"Node Type": "Bitmap Heap Scan", "Parent Relationship": "Inner", "Relation Name": "customer", "Alias": "customer", "Startup Cost": 0.26, "Total Cost": 4.27, "Plan Rows": 1, "Plan Width": 12, "Recheck Cond": "(c_custkey = orders.o_custkey)", "Plans": [{"Node Type": "Bitmap Index Scan", "Parent Relationship": "Outer", "Index Name": "customer_pkey", "Startup Cost": 0.0, "Total Cost": 0.26, "Plan Rows": 1, "Plan Width": 0, "Index Cond": "(c_custkey = orders.o_custkey)"}]}]}, {"Node Type": "Bitmap Heap Scan", "Parent Relationship": "Inner", "Relation Name": "nation", "Alias": "n1", "Startup Cost": 0.26, "Total Cost": 4.27, "Plan Rows": 1, "Plan Width": 30, "Recheck Cond": "(n_nationkey = supplier.s_nationkey)", "Filter": "((n_name = 'JAPAN'::bpchar) OR (n_name = 'INDIA'::bpchar))", "Plans": [{"Node Type": "Bitmap Index Scan", "Parent Relationship": "Outer", "Index Name": "nation_pkey", "Startup Cost": 0.0, "Total Cost": 0.26, "Plan Rows": 1, "Plan Width": 0, "Index Cond": "(n_nationkey = supplier.s_nationkey)"}]}]}, {"Node Type": "Bitmap Heap Scan", "Parent Relationship": "Inner", "Relation Name": "nation", "Alias": "n2", "Startup Cost": 0.26, "Total Cost": 4.27, "Plan Rows": 1, "Plan Width": 30, "Recheck Cond": "(n_nationkey = customer.c_nationkey)", "Filter": "((n_name = 'INDIA'::bpchar) OR (n_name = 'JAPAN'::bpchar))", "Plans": [{"Node Type": "Bitmap Index Scan", "Parent Relationship": "Outer", "Index Name": "nation_pkey", "Startup Cost": 0.0, "Total Cost": 0.26, "Plan Rows": 1, "Plan Width": 0, "Index Cond": "(n_nationkey = customer.c_nationkey)"}]}]}]}]}, "Unique SQL Id": 2208782157, "Planner Runtime": 1}, "explain_analyze_plan": null}, "(1, 36)": {"explain_plan": {"Plan": {"Node Type": "Aggregate", "Strategy": "Sorted", "Startup Cost": 653338.7, "Total Cost": 653449.34, "Plan Rows": 3688, "Plan Width": 84, "Group By Key": ["n1.n_name", "n2.n_name", "(date_part('year'::text, lineitem.l_shipdate))"], "Plans": [{"Node Type": "Sort", "Parent Relationship": "Outer", "Startup Cost": 653338.7, "Total Cost": 653347.92, "Plan Rows": 3688, "Plan Width": 76, "Sort Key": ["n1.n_name", "n2.n_name", "(date_part('year'::text, lineitem.l_shipdate))"], "Plans": [{"Node Type": "Hash Join", "Parent Relationship": "Outer", "Join Type": "Inner", "Startup Cost": 5813.37, "Total Cost": 653120.22, "Plan Rows": 3688, "Plan Width": 76, "Inner Unique": true, "Hash Cond": "((lineitem.l_suppkey = supplier.s_suppkey) AND (n1.n_nationkey = supplier.s_nationkey))", "Plans": [{"Node Type": "Nested Loop", "Parent Relationship": "Outer", "Join Type": "Inner", "Startup Cost": 1030.37, "Total Cost": 642753.24, "Plan Rows": 740786, "Plan Width": 88, "Inner Unique": false, "Plans": [{"Node Type": "Nested Loop", "Parent Relationship": "Outer", "Join Type": "Inner", "Startup Cost": 1030.37, "Total Cost": 166015.61, "Plan Rows": 504972, "Plan Width": 64, "Inner Unique": false, "Plans": [{"Node Type": "Nested Loop", "Parent Relationship": "Outer", "Join Type": "Inner", "Startup Cost": 1030.37, "Total Cost": 14893.09, "Plan Rows": 119904, "Plan Width": 64, "Inner Unique": false, "Plans": [{"Node Type": "Nested Loop", "Parent Relationship": "Outer", "Join Type": "Inner", "Startup Cost": 0.0, "Total Cost": 28.12, "Plan Rows": 2, "Plan Width": 60, "Inner Unique": false, "Join Filter": "(((n1.n_name = 'JAPAN'::bpchar) AND (n2.n_name = 'INDIA'::bpchar)) OR ((n1.n_name = 'INDIA'::bpchar) AND (n2.n_name = 'JAPAN'::bpchar)))", "Plans": [{"Node Type": "Index Scan", "Parent Relationship": "Outer", "Scan Direction": "Forward", "Index Name": "nation_pkey", "Relation Name": "nation", "Alias": "n1", "Startup Cost": 0.0, "Total Cost": 12.75, "Plan Rows": 25, "Plan Width": 30, "Filter": "((n_name = 'JAPAN'::bpchar) OR (n_name = 'INDIA'::bpchar))"}, {"Node Type": "Materialize", "Parent Relationship": "Inner", "Startup Cost": 0.0, "Total Cost": 1.38, "Plan Rows": 25, "Plan Width": 30, "Plans": [{"Node Type": "Seq Scan", "Parent Relationship": "Outer", "Relation Name": "nation", "Alias": "n2", "Startup Cost": 0.0, "Total Cost": 1.25, "Plan Rows": 25, "Plan Width": 30, "Filter": "((n_name = 'INDIA'::bpchar) OR (n_name = 'JAPAN'::bpchar))"}]}]}, {"Node Type": "Bitmap Heap Scan", "Parent Relationship": "Inner", "Relation Name": "customer", "Alias": "customer", "Startup Cost": 1030.37, "Total Cost": 6832.48, "Plan Rows": 60000, "Plan Width": 12, "Recheck Cond": "(c_nationkey = n2.n_nationkey)", "Plans": [{"Node Type": "Bitmap Index Scan", "Parent Relationship": "Outer", "Index Name": "idx_customer_nationkey", "Startup Cost": 0.0, "Total Cost": 1015.37, "Plan Rows": 60000, "Plan Width": 0, "Index Cond": "(c_nationkey = n2.n_nationkey)"}]}]}, {"Node Type": "Index Scan", "Parent Relationship": "Inner", "Scan Direction": "Forward", "Index Name": "idx_orders_custkey", "Relation Name": "orders", "Alias": "orders", "Startup Cost": 0.0, "Total Cost": 1.22, "Plan Rows": 4, "Plan Width": 16, "Index Cond": "(o_custkey = customer.c_custkey)"}]}, {"Node Type": "Index Scan", "Parent Relationship": "Inner", "Scan Direction": "Forward", "Index Name": "idx_lineitem_orderkey", "Relation Name": "lineitem", "Alias": "lineitem", "Startup Cost": 0.0, "Total Cost": 0.91, "Plan Rows": 3, "Plan Width": 40, "Index Cond": "(l_orderkey = orders.o_orderkey)", "Filter": "((l_shipdate >= '1995-01-01 00:00:00'::timestamp(0) without time zone) AND (l_shipdate <= '1996-12-31 00:00:00'::timestamp(0) without time zone))"}]}, {"Node Type": "Hash", "Parent Relationship": "Inner", "Startup Cost": 3283.0, "Total Cost": 3283.0, "Plan Rows": 100000, "Plan Width": 12, "Plans": [{"Node Type": "Seq Scan", "Parent Relationship": "Outer", "Relation Name": "supplier", "Alias": "supplier", "Startup Cost": 0.0, "Total Cost": 3283.0, "Plan Rows": 100000, "Plan Width": 12}]}]}]}]}, "Unique SQL Id": 2208782157, "Planner Runtime": 2}, "explain_analyze_plan": {"Plan": {"Node Type": "Aggregate", "Strategy": "Sorted", "Startup Cost": 653338.7, "Total Cost": 653449.34, "Plan Rows": 3688, "Plan Width": 84, "Actual Startup Time": 20027.656, "Actual Total Time": 20061.424, "Actual Rows": 4, "Actual Loops": 1, "Group By Key": ["n1.n_name", "n2.n_name", "(date_part('year'::text, lineitem.l_shipdate))"], "Plans": [{"Node Type": "Sort", "Parent Relationship": "Outer", "Startup Cost": 653338.7, "Total Cost": 653347.92, "Plan Rows": 3688, "Plan Width": 76, "Actual Startup Time": 20016.496, "Actual Total Time": 20022.268, "Actual Rows": 58554, "Actual Loops": 1, "Sort Key": ["n1.n_name", "n2.n_name", "(date_part('year'::text, lineitem.l_shipdate))"], "Sort Method": "quicksort", "Sort Space Used": 10686, "Sort Space Type": "Memory", "Plans": [{"Node Type": "Hash Join", "Parent Relationship": "Outer", "Join Type": "Inner", "Startup Cost": 5813.37, "Total Cost": 653120.22, "Plan Rows": 3688, "Plan Width": 76, "Actual Startup Time": 85.638, "Actual Total Time": 19962.976, "Actual Rows": 58554, "Actual Loops": 1, "Inner Unique": true, "Hash Cond": "((lineitem.l_suppkey = supplier.s_suppkey) AND (n1.n_nationkey = supplier.s_nationkey))", "Plans": [{"Node Type": "Nested Loop", "Parent Relationship": "Outer", "Join Type": "Inner", "Startup Cost": 1030.37, "Total Cost": 642753.24, "Plan Rows": 740786, "Plan Width": 88, "Actual Startup Time": 18.028, "Actual Total Time": 19160.259, "Actual Rows": 1459150, "Actual Loops": 1, "Inner Unique": false, "Plans": [{"Node Type": "Nested Loop", "Parent Relationship": "Outer", "Join Type": "Inner", "Startup Cost": 1030.37, "Total Cost": 166015.61, "Plan Rows": 504972, "Plan Width": 64, "Actual Startup Time": 17.951, "Actual Total Time": 4033.511, "Actual Rows": 1200363, "Actual Loops": 1, "Inner Unique": false, "Plans": [{"Node Type": "Nested Loop", "Parent Relationship": "Outer", "Join Type": "Inner", "Startup Cost": 1030.37, "Total Cost": 14893.09, "Plan Rows": 119904, "Plan Width": 64, "Actual Startup Time": 17.923, "Actual Total Time": 281.391, "Actual Rows": 119972, "Actual Loops": 1, "Inner Unique": false, "Plans": [{"Node Type": "Nested Loop", "Parent Relationship": "Outer", "Join Type": "Inner", "Startup Cost": 0.0, "Total Cost": 28.12, "Plan Rows": 2, "Plan Width": 60, "Actual Startup Time": 0.064, "Actual Total Time": 0.236, "Actual Rows": 2, "Actual Loops": 1, "Inner Unique": false, "Join Filter": "(((n1.n_name = 'JAPAN'::bpchar) AND (n2.n_name = 'INDIA'::bpchar)) OR ((n1.n_name = 'INDIA'::bpchar) AND (n2.n_name = 'JAPAN'::bpchar)))", "Rows Removed by Join Filter": 2, "Plans": [{"Node Type": "Index Scan", "Parent Relationship": "Outer", "Scan Direction": "Forward", "Index Name": "nation_pkey", "Relation Name": "nation", "Alias": "n1", "Startup Cost": 0.0, "Total Cost": 12.75, "Plan Rows": 25, "Plan Width": 30, "Actual Startup Time": 0.027, "Actual Total Time": 0.051, "Actual Rows": 2, "Actual Loops": 1, "Filter": "((n_name = 'JAPAN'::bpchar) OR (n_name = 'INDIA'::bpchar))", "Rows Removed by Filter": 23}, {"Node Type": "Materialize", "Parent Relationship": "Inner", "Startup Cost": 0.0, "Total Cost": 1.38, "Plan Rows": 25, "Plan Width": 30, "Actual Startup Time": 0.027, "Actual Total Time": 0.055, "Actual Rows": 4, "Actual Loops": 2, "Plans": [{"Node Type": "Seq Scan", "Parent Relationship": "Outer", "Relation Name": "nation", "Alias": "n2", "Startup Cost": 0.0, "Total Cost": 1.25, "Plan Rows": 25, "Plan Width": 30, "Actual Startup Time": 0.019, "Actual Total Time": 0.042, "Actual Rows": 2, "Actual Loops": 1, "Filter": "((n_name = 'INDIA'::bpchar) OR (n_name = 'JAPAN'::bpchar))", "Rows Removed by Filter": 23}]}]}, {"Node Type": "Bitmap Heap Scan", "Parent Relationship": "Inner", "Relation Name": "customer", "Alias": "customer", "Startup Cost": 1030.37, "Total Cost": 6832.48, "Plan Rows": 60000, "Plan Width": 12, "Actual Startup Time": 35.81, "Actual Total Time": 249.814, "Actual Rows": 119972, "Actual Loops": 2, "Recheck Cond": "(c_nationkey = n2.n_nationkey)", "Rows Removed by Index Recheck": 0, "Exact Heap Blocks": 59938, "Lossy Heap Blocks": 59938, "Plans": [{"Node Type": "Bitmap Index Scan", "Parent Relationship": "Outer", "Index Name": "idx_customer_nationkey", "Startup Cost": 0.0, "Total Cost": 1015.37, "Plan Rows": 60000, "Plan Width": 0, "Actual Startup Time": 22.622, "Actual Total Time": 22.622, "Actual Rows": 119972, "Actual Loops": 2, "Index Cond": "(c_nationkey = n2.n_nationkey)"}]}]}, {"Node Type": "Index Scan", "Parent Relationship": "Inner", "Scan Direction": "Forward", "Index Name": "idx_orders_custkey", "Relation Name": "orders", "Alias": "orders", "Startup Cost": 0.0, "Total Cost": 1.22, "Plan Rows": 4, "Plan Width": 16, "Actual Startup Time": 738.111, "Actual Total Time": 3403.667, "Actual Rows": 1200363, "Actual Loops": 119972, "Index Cond": "(o_custkey = customer.c_custkey)", "Rows Removed by Index Recheck": 0}]}, {"Node Type": "Index Scan", "Parent Relationship": "Inner", "Scan Direction": "Forward", "Index Name": "idx_lineitem_orderkey", "Relation Name": "lineitem", "Alias": "lineitem", "Startup Cost": 0.0, "Total Cost": 0.91, "Plan Rows": 3, "Plan Width": 40, "Actual Startup Time": 12968.962, "Actual Total Time": 14148.592, "Actual Rows": 1459150, "Actual Loops": 1200363, "Index Cond": "(l_orderkey = orders.o_orderkey)", "Rows Removed by Index Recheck": 0, "Filter": "((l_shipdate >= '1995-01-01 00:00:00'::timestamp(0) without time zone) AND (l_shipdate <= '1996-12-31 00:00:00'::timestamp(0) without time zone))", "Rows Removed by Filter": 3342563}]}, {"Node Type": "Hash", "Parent Relationship": "Inner", "Startup Cost": 3283.0, "Total Cost": 3283.0, "Plan Rows": 100000, "Plan Width": 12, "Actual Startup Time": 67.356, "Actual Total Time": 67.356, "Actual Rows": 100000, "Actual Loops": 1, "Hash Buckets": 131072, "Hash Batches": 1, "Original Hash Batches": 1, "Peak Memory Usage": 4297, "Plans": [{"Node Type": "Seq Scan", "Parent Relationship": "Outer", "Relation Name": "supplier", "Alias": "supplier", "Startup Cost": 0.0, "Total Cost": 3283.0, "Plan Rows": 100000, "Plan Width": 12, "Actual Startup Time": 0.016, "Actual Total Time": 36.368, "Actual Rows": 100000, "Actual Loops": 1}]}]}]}]}, "Triggers": [], "Planner Runtime": 2, "Total Runtime": 20061.957, "Unique SQL Id": 2208782157}}, "(1, 37)": {"explain_plan": {"Plan": {"Node Type": "Aggregate", "Strategy": "Sorted", "Startup Cost": 655401.75, "Total Cost": 655512.39, "Plan Rows": 3688, "Plan Width": 84, "Group By Key": ["n1.n_name", "n2.n_name", "(date_part('year'::text, lineitem.l_shipdate))"], "Plans": [{"Node Type": "Sort", "Parent Relationship": "Outer", "Startup Cost": 655401.75, "Total Cost": 655410.97, "Plan Rows": 3688, "Plan Width": 76, "Sort Key": ["n1.n_name", "n2.n_name", "(date_part('year'::text, lineitem.l_shipdate))"], "Plans": [{"Node Type": "Hash Join", "Parent Relationship": "Outer", "Join Type": "Inner", "Startup Cost": 7864.91, "Total Cost": 655183.26, "Plan Rows": 3688, "Plan Width": 76, "Inner Unique": true, "Hash Cond": "((lineitem.l_suppkey = supplier.s_suppkey) AND (n1.n_nationkey = supplier.s_nationkey))", "Plans": [{"Node Type": "Nested Loop", "Parent Relationship": "Outer", "Join Type": "Inner", "Startup Cost": 1030.37, "Total Cost": 642764.74, "Plan Rows": 740786, "Plan Width": 88, "Inner Unique": false, "Plans": [{"Node Type": "Nested Loop", "Parent Relationship": "Outer", "Join Type": "Inner", "Startup Cost": 1030.37, "Total Cost": 166027.11, "Plan Rows": 504972, "Plan Width": 64, "Inner Unique": false, "Plans": [{"Node Type": "Nested Loop", "Parent Relationship": "Outer", "Join Type": "Inner", "Startup Cost": 1030.37, "Total Cost": 14904.59, "Plan Rows": 119904, "Plan Width": 64, "Inner Unique": false, "Plans": [{"Node Type": "Nested Loop", "Parent Relationship": "Outer", "Join Type": "Inner", "Startup Cost": 0.0, "Total Cost": 39.62, "Plan Rows": 2, "Plan Width": 60, "Inner Unique": false, "Join Filter": "(((n1.n_name = 'JAPAN'::bpchar) AND (n2.n_name = 'INDIA'::bpchar)) OR ((n1.n_name = 'INDIA'::bpchar) AND (n2.n_name = 'JAPAN'::bpchar)))", "Plans": [{"Node Type": "Index Scan", "Parent Relationship": "Outer", "Scan Direction": "Forward", "Index Name": "nation_pkey", "Relation Name": "nation", "Alias": "n1", "Startup Cost": 0.0, "Total Cost": 12.75, "Plan Rows": 25, "Plan Width": 30, "Filter": "((n_name = 'JAPAN'::bpchar) OR (n_name = 'INDIA'::bpchar))"}, {"Node Type": "Materialize", "Parent Relationship": "Inner", "Startup Cost": 0.0, "Total Cost": 12.88, "Plan Rows": 25, "Plan Width": 30, "Plans": [{"Node Type": "Index Scan", "Parent Relationship": "Outer", "Scan Direction": "Forward", "Index Name": "nation_pkey", "Relation Name": "nation", "Alias": "n2", "Startup Cost": 0.0, "Total Cost": 12.75, "Plan Rows": 25, "Plan Width": 30, "Filter": "((n_name = 'INDIA'::bpchar) OR (n_name = 'JAPAN'::bpchar))"}]}]}, {"Node Type": "Bitmap Heap Scan", "Parent Relationship": "Inner", "Relation Name": "customer", "Alias": "customer", "Startup Cost": 1030.37, "Total Cost": 6832.48, "Plan Rows": 60000, "Plan Width": 12, "Recheck Cond": "(c_nationkey = n2.n_nationkey)", "Plans": [{"Node Type": "Bitmap Index Scan", "Parent Relationship": "Outer", "Index Name": "idx_customer_nationkey", "Startup Cost": 0.0, "Total Cost": 1015.37, "Plan Rows": 60000, "Plan Width": 0, "Index Cond": "(c_nationkey = n2.n_nationkey)"}]}]}, {"Node Type": "Index Scan", "Parent Relationship": "Inner", "Scan Direction": "Forward", "Index Name": "idx_orders_custkey", "Relation Name": "orders", "Alias": "orders", "Startup Cost": 0.0, "Total Cost": 1.22, "Plan Rows": 4, "Plan Width": 16, "Index Cond": "(o_custkey = customer.c_custkey)"}]}, {"Node Type": "Index Scan", "Parent Relationship": "Inner", "Scan Direction": "Forward", "Index Name": "idx_lineitem_orderkey", "Relation Name": "lineitem", "Alias": "lineitem", "Startup Cost": 0.0, "Total Cost": 0.91, "Plan Rows": 3, "Plan Width": 40, "Index Cond": "(l_orderkey = orders.o_orderkey)", "Filter": "((l_shipdate >= '1995-01-01 00:00:00'::timestamp(0) without time zone) AND (l_shipdate <= '1996-12-31 00:00:00'::timestamp(0) without time zone))"}]}, {"Node Type": "Hash", "Parent Relationship": "Inner", "Startup Cost": 5334.54, "Total Cost": 5334.54, "Plan Rows": 100000, "Plan Width": 12, "Plans": [{"Node Type": "Index Scan", "Parent Relationship": "Outer", "Scan Direction": "Forward", "Index Name": "supplier_pkey", "Relation Name": "supplier", "Alias": "supplier", "Startup Cost": 0.0, "Total Cost": 5334.54, "Plan Rows": 100000, "Plan Width": 12}]}]}]}]}, "Unique SQL Id": 2208782157, "Planner Runtime": 2}, "explain_analyze_plan": {"Plan": {"Node Type": "Aggregate", "Strategy": "Sorted", "Startup Cost": 655401.75, "Total Cost": 655512.39, "Plan Rows": 3688, "Plan Width": 84, "Actual Startup Time": 19948.807, "Actual Total Time": 19982.552, "Actual Rows": 4, "Actual Loops": 1, "Group By Key": ["n1.n_name", "n2.n_name", "(date_part('year'::text, lineitem.l_shipdate))"], "Plans": [{"Node Type": "Sort", "Parent Relationship": "Outer", "Startup Cost": 655401.75, "Total Cost": 655410.97, "Plan Rows": 3688, "Plan Width": 76, "Actual Startup Time": 19937.625, "Actual Total Time": 19943.528, "Actual Rows": 58554, "Actual Loops": 1, "Sort Key": ["n1.n_name", "n2.n_name", "(date_part('year'::text, lineitem.l_shipdate))"], "Sort Method": "quicksort", "Sort Space Used": 10686, "Sort Space Type": "Memory", "Plans": [{"Node Type": "Hash Join", "Parent Relationship": "Outer", "Join Type": "Inner", "Startup Cost": 7864.91, "Total Cost": 655183.26, "Plan Rows": 3688, "Plan Width": 76, "Actual Startup Time": 110.797, "Actual Total Time": 19883.263, "Actual Rows": 58554, "Actual Loops": 1, "Inner Unique": true, "Hash Cond": "((lineitem.l_suppkey = supplier.s_suppkey) AND (n1.n_nationkey = supplier.s_nationkey))", "Plans": [{"Node Type": "Nested Loop", "Parent Relationship": "Outer", "Join Type": "Inner", "Startup Cost": 1030.37, "Total Cost": 642764.74, "Plan Rows": 740786, "Plan Width": 88, "Actual Startup Time": 17.852, "Actual Total Time": 19065.006, "Actual Rows": 1459150, "Actual Loops": 1, "Inner Unique": false, "Plans": [{"Node Type": "Nested Loop", "Parent Relationship": "Outer", "Join Type": "Inner", "Startup Cost": 1030.37, "Total Cost": 166027.11, "Plan Rows": 504972, "Plan Width": 64, "Actual Startup Time": 17.787, "Actual Total Time": 3994.551, "Actual Rows": 1200363, "Actual Loops": 1, "Inner Unique": false, "Plans": [{"Node Type": "Nested Loop", "Parent Relationship": "Outer", "Join Type": "Inner", "Startup Cost": 1030.37, "Total Cost": 14904.59, "Plan Rows": 119904, "Plan Width": 64, "Actual Startup Time": 17.763, "Actual Total Time": 279.521, "Actual Rows": 119972, "Actual Loops": 1, "Inner Unique": false, "Plans": [{"Node Type": "Nested Loop", "Parent Relationship": "Outer", "Join Type": "Inner", "Startup Cost": 0.0, "Total Cost": 39.62, "Plan Rows": 2, "Plan Width": 60, "Actual Startup Time": 0.055, "Actual Total Time": 0.138, "Actual Rows": 2, "Actual Loops": 1, "Inner Unique": false, "Join Filter": "(((n1.n_name = 'JAPAN'::bpchar) AND (n2.n_name = 'INDIA'::bpchar)) OR ((n1.n_name = 'INDIA'::bpchar) AND (n2.n_name = 'JAPAN'::bpchar)))", "Rows Removed by Join Filter": 2, "Plans": [{"Node Type": "Index Scan", "Parent Relationship": "Outer", "Scan Direction": "Forward", "Index Name": "nation_pkey", "Relation Name": "nation", "Alias": "n1", "Startup Cost": 0.0, "Total Cost": 12.75, "Plan Rows": 25, "Plan Width": 30, "Actual Startup Time": 0.025, "Actual Total Time": 0.045, "Actual Rows": 2, "Actual Loops": 1, "Filter": "((n_name = 'JAPAN'::bpchar) OR (n_name = 'INDIA'::bpchar))", "Rows Removed by Filter": 23}, {"Node Type": "Materialize", "Parent Relationship": "Inner", "Startup Cost": 0.0, "Total Cost": 12.88, "Plan Rows": 25, "Plan Width": 30, "Actual Startup Time": 0.021, "Actual Total Time": 0.051, "Actual Rows": 4, "Actual Loops": 2, "Plans": [{"Node Type": "Index Scan", "Parent Relationship": "Outer", "Scan Direction": "Forward", "Index Name": "nation_pkey", "Relation Name": "nation", "Alias": "n2", "Startup Cost": 0.0, "Total Cost": 12.75, "Plan Rows": 25, "Plan Width": 30, "Actual Startup Time": 0.012, "Actual Total Time": 0.03, "Actual Rows": 2, "Actual Loops": 1, "Filter": "((n_name = 'INDIA'::bpchar) OR (n_name = 'JAPAN'::bpchar))", "Rows Removed by Filter": 23}]}]}, {"Node Type": "Bitmap Heap Scan", "Parent Relationship": "Inner", "Relation Name": "customer", "Alias": "customer", "Startup Cost": 1030.37, "Total Cost": 6832.48, "Plan Rows": 60000, "Plan Width": 12, "Actual Startup Time": 35.527, "Actual Total Time": 248.659, "Actual Rows": 119972, "Actual Loops": 2, "Recheck Cond": "(c_nationkey = n2.n_nationkey)", "Rows Removed by Index Recheck": 0, "Exact Heap Blocks": 59938, "Lossy Heap Blocks": 59938, "Plans": [{"Node Type": "Bitmap Index Scan", "Parent Relationship": "Outer", "Index Name": "idx_customer_nationkey", "Startup Cost": 0.0, "Total Cost": 1015.37, "Plan Rows": 60000, "Plan Width": 0, "Actual Startup Time": 22.302, "Actual Total Time": 22.302, "Actual Rows": 119972, "Actual Loops": 2, "Index Cond": "(c_nationkey = n2.n_nationkey)"}]}]}, {"Node Type": "Index Scan", "Parent Relationship": "Inner", "Scan Direction": "Forward", "Index Name": "idx_orders_custkey", "Relation Name": "orders", "Alias": "orders", "Startup Cost": 0.0, "Total Cost": 1.22, "Plan Rows": 4, "Plan Width": 16, "Actual Startup Time": 738.147, "Actual Total Time": 3370.631, "Actual Rows": 1200363, "Actual Loops": 119972, "Index Cond": "(o_custkey = customer.c_custkey)", "Rows Removed by Index Recheck": 0}]}, {"Node Type": "Index Scan", "Parent Relationship": "Inner", "Scan Direction": "Forward", "Index Name": "idx_lineitem_orderkey", "Relation Name": "lineitem", "Alias": "lineitem", "Startup Cost": 0.0, "Total Cost": 0.91, "Plan Rows": 3, "Plan Width": 40, "Actual Startup Time": 12927.978, "Actual Total Time": 14089.887, "Actual Rows": 1459150, "Actual Loops": 1200363, "Index Cond": "(l_orderkey = orders.o_orderkey)", "Rows Removed by Index Recheck": 0, "Filter": "((l_shipdate >= '1995-01-01 00:00:00'::timestamp(0) without time zone) AND (l_shipdate <= '1996-12-31 00:00:00'::timestamp(0) without time zone))", "Rows Removed by Filter": 3342563}]}, {"Node Type": "Hash", "Parent Relationship": "Inner", "Startup Cost": 5334.54, "Total Cost": 5334.54, "Plan Rows": 100000, "Plan Width": 12, "Actual Startup Time": 92.677, "Actual Total Time": 92.677, "Actual Rows": 100000, "Actual Loops": 1, "Hash Buckets": 131072, "Hash Batches": 1, "Original Hash Batches": 1, "Peak Memory Usage": 4297, "Plans": [{"Node Type": "Index Scan", "Parent Relationship": "Outer", "Scan Direction": "Forward", "Index Name": "supplier_pkey", "Relation Name": "supplier", "Alias": "supplier", "Startup Cost": 0.0, "Total Cost": 5334.54, "Plan Rows": 100000, "Plan Width": 12, "Actual Startup Time": 0.023, "Actual Total Time": 60.319, "Actual Rows": 100000, "Actual Loops": 1}]}]}]}]}, "Triggers": [], "Planner Runtime": 2, "Total Runtime": 19983.037, "Unique SQL Id": 2208782157}}, "(1, 38)": {"explain_plan": {"Plan": {"Node Type": "Aggregate", "Strategy": "Sorted", "Startup Cost": 2821099.39, "Total Cost": 2821210.03, "Plan Rows": 3688, "Plan Width": 84, "Group By Key": ["n1.n_name", "n2.n_name", "(date_part('year'::text, lineitem.l_shipdate))"], "Plans": [{"Node Type": "Sort", "Parent Relationship": "Outer", "Startup Cost": 2821099.39, "Total Cost": 2821108.61, "Plan Rows": 3688, "Plan Width": 76, "Sort Key": ["n1.n_name", "n2.n_name", "(date_part('year'::text, lineitem.l_shipdate))"], "Plans": [{"Node Type": "Hash Join", "Parent Relationship": "Outer", "Join Type": "Inner", "Startup Cost": 21163.77, "Total Cost": 2820880.9, "Plan Rows": 3688, "Plan Width": 76, "Inner Unique": true, "Hash Cond": "((lineitem.l_suppkey = supplier.s_suppkey) AND (n1.n_nationkey = supplier.s_nationkey))", "Plans": [{"Node Type": "Nested Loop", "Parent Relationship": "Outer", "Join Type": "Inner", "Startup Cost": 16380.77, "Total Cost": 2810513.92, "Plan Rows": 740786, "Plan Width": 88, "Inner Unique": false, "Plans": [{"Node Type": "Hash Join", "Parent Relationship": "Outer", "Join Type": "Inner", "Startup Cost": 16380.39, "Total Cost": 504091.94, "Plan Rows": 504972, "Plan Width": 64, "Inner Unique": false, "Hash Cond": "(orders.o_custkey = customer.c_custkey), (LLVM Optimized)", "Plans": [{"Node Type": "Seq Scan", "Parent Relationship": "Outer", "Relation Name": "orders", "Alias": "orders", "Startup Cost": 0.0, "Total Cost": 426413.79, "Plan Rows": 14999479, "Plan Width": 16}, {"Node Type": "Hash", "Parent Relationship": "Inner", "Startup Cost": 14881.59, "Total Cost": 14881.59, "Plan Rows": 119904, "Plan Width": 64, "Plans": [{"Node Type": "Nested Loop", "Parent Relationship": "Outer", "Join Type": "Inner", "Startup Cost": 1030.37, "Total Cost": 14881.59, "Plan Rows": 119904, "Plan Width": 64, "Inner Unique": false, "Plans": [{"Node Type": "Nested Loop", "Parent Relationship": "Outer", "Join Type": "Inner", "Startup Cost": 0.0, "Total Cost": 16.62, "Plan Rows": 2, "Plan Width": 60, "Inner Unique": false, "Join Filter": "(((n1.n_name = 'JAPAN'::bpchar) AND (n2.n_name = 'INDIA'::bpchar)) OR ((n1.n_name = 'INDIA'::bpchar) AND (n2.n_name = 'JAPAN'::bpchar)))", "Plans": [{"Node Type": "Seq Scan", "Parent Relationship": "Outer", "Relation Name": "nation", "Alias": "n1", "Startup Cost": 0.0, "Total Cost": 1.25, "Plan Rows": 25, "Plan Width": 30, "Filter": "((n_name = 'JAPAN'::bpchar) OR (n_name = 'INDIA'::bpchar))"}, {"Node Type": "Materialize", "Parent Relationship": "Inner", "Startup Cost": 0.0, "Total Cost": 1.38, "Plan Rows": 25, "Plan Width": 30, "Plans": [{"Node Type": "Seq Scan", "Parent Relationship": "Outer", "Relation Name": "nation", "Alias": "n2", "Startup Cost": 0.0, "Total Cost": 1.25, "Plan Rows": 25, "Plan Width": 30, "Filter": "((n_name = 'INDIA'::bpchar) OR (n_name = 'JAPAN'::bpchar))"}]}]}, {"Node Type": "Bitmap Heap Scan", "Parent Relationship": "Inner", "Relation Name": "customer", "Alias": "customer", "Startup Cost": 1030.37, "Total Cost": 6832.48, "Plan Rows": 60000, "Plan Width": 12, "Recheck Cond": "(c_nationkey = n2.n_nationkey)", "Plans": [{"Node Type": "Bitmap Index Scan", "Parent Relationship": "Outer", "Index Name": "idx_customer_nationkey", "Startup Cost": 0.0, "Total Cost": 1015.37, "Plan Rows": 60000, "Plan Width": 0, "Index Cond": "(c_nationkey = n2.n_nationkey)"}]}]}]}]}, {"Node Type": "Bitmap Heap Scan", "Parent Relationship": "Inner", "Relation Name": "lineitem", "Alias": "lineitem", "Startup Cost": 0.38, "Total Cost": 4.54, "Plan Rows": 3, "Plan Width": 40, "Recheck Cond": "(l_orderkey = orders.o_orderkey)", "Filter": "((l_shipdate >= '1995-01-01 00:00:00'::timestamp(0) without time zone) AND (l_shipdate <= '1996-12-31 00:00:00'::timestamp(0) without time zone))", "Plans": [{"Node Type": "Bitmap Index Scan", "Parent Relationship": "Outer", "Index Name": "idx_lineitem_orderkey", "Startup Cost": 0.0, "Total Cost": 0.38, "Plan Rows": 9, "Plan Width": 0, "Index Cond": "(l_orderkey = orders.o_orderkey)"}]}]}, {"Node Type": "Hash", "Parent Relationship": "Inner", "Startup Cost": 3283.0, "Total Cost": 3283.0, "Plan Rows": 100000, "Plan Width": 12, "Plans": [{"Node Type": "Seq Scan", "Parent Relationship": "Outer", "Relation Name": "supplier", "Alias": "supplier", "Startup Cost": 0.0, "Total Cost": 3283.0, "Plan Rows": 100000, "Plan Width": 12}]}]}]}]}, "Unique SQL Id": 2208782157, "Planner Runtime": 2}, "explain_analyze_plan": {"Plan": {"Node Type": "Aggregate", "Strategy": "Sorted", "Startup Cost": 2821099.39, "Total Cost": 2821210.03, "Plan Rows": 3688, "Plan Width": 84, "Actual Startup Time": 24019.755, "Actual Total Time": 24053.432, "Actual Rows": 4, "Actual Loops": 1, "Group By Key": ["n1.n_name", "n2.n_name", "(date_part('year'::text, lineitem.l_shipdate))"], "Plans": [{"Node Type": "Sort", "Parent Relationship": "Outer", "Startup Cost": 2821099.39, "Total Cost": 2821108.61, "Plan Rows": 3688, "Plan Width": 76, "Actual Startup Time": 24008.555, "Actual Total Time": 24014.638, "Actual Rows": 58554, "Actual Loops": 1, "Sort Key": ["n1.n_name", "n2.n_name", "(date_part('year'::text, lineitem.l_shipdate))"], "Sort Method": "quicksort", "Sort Space Used": 10686, "Sort Space Type": "Memory", "Plans": [{"Node Type": "Hash Join", "Parent Relationship": "Outer", "Join Type": "Inner", "Startup Cost": 21163.77, "Total Cost": 2820880.9, "Plan Rows": 3688, "Plan Width": 76, "Actual Startup Time": 320.133, "Actual Total Time": 23947.507, "Actual Rows": 58554, "Actual Loops": 1, "Inner Unique": true, "Hash Cond": "((lineitem.l_suppkey = supplier.s_suppkey) AND (n1.n_nationkey = supplier.s_nationkey))", "Plans": [{"Node Type": "Nested Loop", "Parent Relationship": "Outer", "Join Type": "Inner", "Startup Cost": 16380.77, "Total Cost": 2810513.92, "Plan Rows": 740786, "Plan Width": 88, "Actual Startup Time": 252.262, "Actual Total Time": 23107.032, "Actual Rows": 1459150, "Actual Loops": 1, "Inner Unique": false, "Plans": [{"Node Type": "Hash Join", "Parent Relationship": "Outer", "Join Type": "Inner", "Startup Cost": 16380.39, "Total Cost": 504091.94, "Plan Rows": 504972, "Plan Width": 64, "Actual Startup Time": 252.173, "Actual Total Time": 10094.773, "Actual Rows": 1200363, "Actual Loops": 1, "Inner Unique": false, "Hash Cond": "(orders.o_custkey = customer.c_custkey), (LLVM Optimized, Jit Execute)", "Plans": [{"Node Type": "Seq Scan", "Parent Relationship": "Outer", "Relation Name": "orders", "Alias": "orders", "Startup Cost": 0.0, "Total Cost": 426413.79, "Plan Rows": 14999479, "Plan Width": 16, "Actual Startup Time": 0.013, "Actual Total Time": 4180.316, "Actual Rows": 15000000, "Actual Loops": 1}, {"Node Type": "Hash", "Parent Relationship": "Inner", "Startup Cost": 14881.59, "Total Cost": 14881.59, "Plan Rows": 119904, "Plan Width": 64, "Actual Startup Time": 252.012, "Actual Total Time": 252.012, "Actual Rows": 119972, "Actual Loops": 1, "Hash Buckets": 131072, "Hash Batches": 1, "Original Hash Batches": 1, "Peak Memory Usage": 11248, "Plans": [{"Node Type": "Nested Loop", "Parent Relationship": "Outer", "Join Type": "Inner", "Startup Cost": 1030.37, "Total Cost": 14881.59, "Plan Rows": 119904, "Plan Width": 64, "Actual Startup Time": 18.127, "Actual Total Time": 207.945, "Actual Rows": 119972, "Actual Loops": 1, "Inner Unique": false, "Plans": [{"Node Type": "Nested Loop", "Parent Relationship": "Outer", "Join Type": "Inner", "Startup Cost": 0.0, "Total Cost": 16.62, "Plan Rows": 2, "Plan Width": 60, "Actual Startup Time": 0.074, "Actual Total Time": 0.164, "Actual Rows": 2, "Actual Loops": 1, "Inner Unique": false, "Join Filter": "(((n1.n_name = 'JAPAN'::bpchar) AND (n2.n_name = 'INDIA'::bpchar)) OR ((n1.n_name = 'INDIA'::bpchar) AND (n2.n_name = 'JAPAN'::bpchar)))", "Rows Removed by Join Filter": 2, "Plans": [{"Node Type": "Seq Scan", "Parent Relationship": "Outer", "Relation Name": "nation", "Alias": "n1", "Startup Cost": 0.0, "Total Cost": 1.25, "Plan Rows": 25, "Plan Width": 30, "Actual Startup Time": 0.041, "Actual Total Time": 0.06, "Actual Rows": 2, "Actual Loops": 1, "Filter": "((n_name = 'JAPAN'::bpchar) OR (n_name = 'INDIA'::bpchar))", "Rows Removed by Filter": 23}, {"Node Type": "Materialize", "Parent Relationship": "Inner", "Startup Cost": 0.0, "Total Cost": 1.38, "Plan Rows": 25, "Plan Width": 30, "Actual Startup Time": 0.023, "Actual Total Time": 0.053, "Actual Rows": 4, "Actual Loops": 2, "Plans": [{"Node Type": "Seq Scan", "Parent Relationship": "Outer", "Relation Name": "nation", "Alias": "n2", "Startup Cost": 0.0, "Total Cost": 1.25, "Plan Rows": 25, "Plan Width": 30, "Actual Startup Time": 0.015, "Actual Total Time": 0.041, "Actual Rows": 2, "Actual Loops": 1, "Filter": "((n_name = 'INDIA'::bpchar) OR (n_name = 'JAPAN'::bpchar))", "Rows Removed by Filter": 23}]}]}, {"Node Type": "Bitmap Heap Scan", "Parent Relationship": "Inner", "Relation Name": "customer", "Alias": "customer", "Startup Cost": 1030.37, "Total Cost": 6832.48, "Plan Rows": 60000, "Plan Width": 12, "Actual Startup Time": 35.922, "Actual Total Time": 183.334, "Actual Rows": 119972, "Actual Loops": 2, "Recheck Cond": "(c_nationkey = n2.n_nationkey)", "Rows Removed by Index Recheck": 0, "Exact Heap Blocks": 59938, "Lossy Heap Blocks": 59938, "Plans": [{"Node Type": "Bitmap Index Scan", "Parent Relationship": "Outer", "Index Name": "idx_customer_nationkey", "Startup Cost": 0.0, "Total Cost": 1015.37, "Plan Rows": 60000, "Plan Width": 0, "Actual Startup Time": 22.698, "Actual Total Time": 22.698, "Actual Rows": 119972, "Actual Loops": 2, "Index Cond": "(c_nationkey = n2.n_nationkey)"}]}]}]}]}, {"Node Type": "Bitmap Heap Scan", "Parent Relationship": "Inner", "Relation Name": "lineitem", "Alias": "lineitem", "Startup Cost": 0.38, "Total Cost": 4.54, "Plan Rows": 3, "Plan Width": 40, "Actual Startup Time": 10661.081, "Actual Total Time": 11276.135, "Actual Rows": 1459150, "Actual Loops": 1200363, "Recheck Cond": "(l_orderkey = orders.o_orderkey)", "Rows Removed by Index Recheck": 0, "Filter": "((l_shipdate >= '1995-01-01 00:00:00'::timestamp(0) without time zone) AND (l_shipdate <= '1996-12-31 00:00:00'::timestamp(0) without time zone))", "Rows Removed by Filter": 3342563, "Exact Heap Blocks": 1285989, "Lossy Heap Blocks": 1285989, "Plans": [{"Node Type": "Bitmap Index Scan", "Parent Relationship": "Outer", "Index Name": "idx_lineitem_orderkey", "Startup Cost": 0.0, "Total Cost": 0.38, "Plan Rows": 9, "Plan Width": 0, "Actual Startup Time": 5002.618, "Actual Total Time": 5002.618, "Actual Rows": 4801713, "Actual Loops": 1200363, "Index Cond": "(l_orderkey = orders.o_orderkey)"}]}]}, {"Node Type": "Hash", "Parent Relationship": "Inner", "Startup Cost": 3283.0, "Total Cost": 3283.0, "Plan Rows": 100000, "Plan Width": 12, "Actual Startup Time": 67.513, "Actual Total Time": 67.513, "Actual Rows": 100000, "Actual Loops": 1, "Hash Buckets": 131072, "Hash Batches": 1, "Original Hash Batches": 1, "Peak Memory Usage": 4297, "Plans": [{"Node Type": "Seq Scan", "Parent Relationship": "Outer", "Relation Name": "supplier", "Alias": "supplier", "Startup Cost": 0.0, "Total Cost": 3283.0, "Plan Rows": 100000, "Plan Width": 12, "Actual Startup Time": 0.027, "Actual Total Time": 36.747, "Actual Rows": 100000, "Actual Loops": 1}]}]}]}]}, "Triggers": [], "Planner Runtime": 2, "Total Runtime": 24062.624, "Unique SQL Id": 2208782157}}, "(1, 39)": {"explain_plan": {"Plan": {"Node Type": "Aggregate", "Strategy": "Sorted", "Startup Cost": 99673573.01, "Total Cost": 99673683.65, "Plan Rows": 3688, "Plan Width": 84, "Group By Key": ["n1.n_name", "n2.n_name", "(date_part('year'::text, lineitem.l_shipdate))"], "Plans": [{"Node Type": "Sort", "Parent Relationship": "Outer", "Startup Cost": 99673573.01, "Total Cost": 99673582.23, "Plan Rows": 3688, "Plan Width": 76, "Sort Key": ["n1.n_name", "n2.n_name", "(date_part('year'::text, lineitem.l_shipdate))"], "Plans": [{"Node Type": "Nested Loop", "Parent Relationship": "Outer", "Join Type": "Inner", "Startup Cost": 627986.71, "Total Cost": 99673354.52, "Plan Rows": 3688, "Plan Width": 76, "Inner Unique": true, "Join Filter": "(((n1.n_name = 'JAPAN'::bpchar) AND (n2.n_name = 'INDIA'::bpchar)) OR ((n1.n_name = 'INDIA'::bpchar) AND (n2.n_name = 'JAPAN'::bpchar)))", "Plans": [{"Node Type": "Nested Loop", "Parent Relationship": "Outer", "Join Type": "Inner", "Startup Cost": 627986.45, "Total Cost": 94724471.42, "Plan Rows": 1153515, "Plan Width": 54, "Inner Unique": true, "Plans": [{"Node Type": "Nested Loop", "Parent Relationship": "Outer", "Join Type": "Inner", "Startup Cost": 627986.2, "Total Cost": 89787046.56, "Plan Rows": 1153515, "Plan Width": 32, "Inner Unique": true, "Plans": [{"Node Type": "Nested Loop", "Parent Relationship": "Outer", "Join Type": "Inner", "Startup Cost": 627985.94, "Total Cost": 84848088.55, "Plan Rows": 1153515, "Plan Width": 36, "Inner Unique": true, "Plans": [{"Node Type": "Nested Loop", "Parent Relationship": "Outer", "Join Type": "Inner", "Startup Cost": 627985.67, "Total Cost": 79896146.0, "Plan Rows": 1153515, "Plan Width": 36, "Inner Unique": true, "Plans": [{"Node Type": "Bitmap Heap Scan", "Parent Relationship": "Outer", "Relation Name": "lineitem", "Alias": "lineitem", "Startup Cost": 627985.41, "Total Cost": 2315105.27, "Plan Rows": 18124991, "Plan Width": 40, "Recheck Cond": "((l_shipdate >= '1995-01-01 00:00:00'::timestamp(0) without time zone) AND (l_shipdate <= '1996-12-31 00:00:00'::timestamp(0) without time zone)), (LLVM Optimized)", "Plans": [{"Node Type": "Bitmap Index Scan", "Parent Relationship": "Outer", "Index Name": "idx_lineitem_shipdate", "Startup Cost": 0.0, "Total Cost": 623454.16, "Plan Rows": 18124991, "Plan Width": 0, "Index Cond": "((l_shipdate >= '1995-01-01 00:00:00'::timestamp(0) without time zone) AND (l_shipdate <= '1996-12-31 00:00:00'::timestamp(0) without time zone))"}]}, {"Node Type": "Bitmap Heap Scan", "Parent Relationship": "Inner", "Relation Name": "supplier", "Alias": "supplier", "Startup Cost": 0.26, "Total Cost": 4.27, "Plan Rows": 1, "Plan Width": 12, "Recheck Cond": "(s_suppkey = lineitem.l_suppkey)", "Plans": [{"Node Type": "Bitmap Index Scan", "Parent Relationship": "Outer", "Index Name": "supplier_pkey", "Startup Cost": 0.0, "Total Cost": 0.26, "Plan Rows": 1, "Plan Width": 0, "Index Cond": "(s_suppkey = lineitem.l_suppkey)"}]}]}, {"Node Type": "Bitmap Heap Scan", "Parent Relationship": "Inner", "Relation Name": "orders", "Alias": "orders", "Startup Cost": 0.27, "Total Cost": 4.28, "Plan Rows": 1, "Plan Width": 16, "Recheck Cond": "(o_orderkey = lineitem.l_orderkey)", "Plans": [{"Node Type": "Bitmap Index Scan", "Parent Relationship": "Outer", "Index Name": "orders_pkey", "Startup Cost": 0.0, "Total Cost": 0.27, "Plan Rows": 1, "Plan Width": 0, "Index Cond": "(o_orderkey = lineitem.l_orderkey)"}]}]}, {"Node Type": "Bitmap Heap Scan", "Parent Relationship": "Inner", "Relation Name": "customer", "Alias": "customer", "Startup Cost": 0.26, "Total Cost": 4.27, "Plan Rows": 1, "Plan Width": 12, "Recheck Cond": "(c_custkey = orders.o_custkey)", "Plans": [{"Node Type": "Bitmap Index Scan", "Parent Relationship": "Outer", "Index Name": "customer_pkey", "Startup Cost": 0.0, "Total Cost": 0.26, "Plan Rows": 1, "Plan Width": 0, "Index Cond": "(c_custkey = orders.o_custkey)"}]}]}, {"Node Type": "Bitmap Heap Scan", "Parent Relationship": "Inner", "Relation Name": "nation", "Alias": "n1", "Startup Cost": 0.26, "Total Cost": 4.27, "Plan Rows": 1, "Plan Width": 30, "Recheck Cond": "(n_nationkey = supplier.s_nationkey)", "Filter": "((n_name = 'JAPAN'::bpchar) OR (n_name = 'INDIA'::bpchar))", "Plans": [{"Node Type": "Bitmap Index Scan", "Parent Relationship": "Outer", "Index Name": "nation_pkey", "Startup Cost": 0.0, "Total Cost": 0.26, "Plan Rows": 1, "Plan Width": 0, "Index Cond": "(n_nationkey = supplier.s_nationkey)"}]}]}, {"Node Type": "Bitmap Heap Scan", "Parent Relationship": "Inner", "Relation Name": "nation", "Alias": "n2", "Startup Cost": 0.26, "Total Cost": 4.27, "Plan Rows": 1, "Plan Width": 30, "Recheck Cond": "(n_nationkey = customer.c_nationkey)", "Filter": "((n_name = 'INDIA'::bpchar) OR (n_name = 'JAPAN'::bpchar))", "Plans": [{"Node Type": "Bitmap Index Scan", "Parent Relationship": "Outer", "Index Name": "nation_pkey", "Startup Cost": 0.0, "Total Cost": 0.26, "Plan Rows": 1, "Plan Width": 0, "Index Cond": "(n_nationkey = customer.c_nationkey)"}]}]}]}]}, "Unique SQL Id": 2208782157, "Planner Runtime": 1}, "explain_analyze_plan": null}, "(1, 40)": {"explain_plan": {"Plan": {"Node Type": "Aggregate", "Strategy": "Sorted", "Startup Cost": 655078.59, "Total Cost": 655189.23, "Plan Rows": 3688, "Plan Width": 84, "Group By Key": ["n1.n_name", "n2.n_name", "(date_part('year'::text, lineitem.l_shipdate))"], "Plans": [{"Node Type": "Sort", "Parent Relationship": "Outer", "Startup Cost": 655078.59, "Total Cost": 655087.81, "Plan Rows": 3688, "Plan Width": 76, "Sort Key": ["n1.n_name", "n2.n_name", "(date_part('year'::text, lineitem.l_shipdate))"], "Plans": [{"Node Type": "Hash Join", "Parent Relationship": "Outer", "Join Type": "Inner", "Startup Cost": 4783.0, "Total Cost": 654860.1, "Plan Rows": 3688, "Plan Width": 76, "Inner Unique": true, "Hash Cond": "((lineitem.l_suppkey = supplier.s_suppkey) AND (n1.n_nationkey = supplier.s_nationkey))", "Plans": [{"Node Type": "Nested Loop", "Parent Relationship": "Outer", "Join Type": "Inner", "Startup Cost": 0.0, "Total Cost": 644493.13, "Plan Rows": 740786, "Plan Width": 88, "Inner Unique": false, "Plans": [{"Node Type": "Nested Loop", "Parent Relationship": "Outer", "Join Type": "Inner", "Startup Cost": 0.0, "Total Cost": 167755.5, "Plan Rows": 504972, "Plan Width": 64, "Inner Unique": false, "Plans": [{"Node Type": "Nested Loop", "Parent Relationship": "Outer", "Join Type": "Inner", "Startup Cost": 0.0, "Total Cost": 16632.98, "Plan Rows": 119904, "Plan Width": 64, "Inner Unique": false, "Plans": [{"Node Type": "Nested Loop", "Parent Relationship": "Outer", "Join Type": "Inner", "Startup Cost": 0.0, "Total Cost": 28.12, "Plan Rows": 2, "Plan Width": 60, "Inner Unique": false, "Join Filter": "(((n1.n_name = 'JAPAN'::bpchar) AND (n2.n_name = 'INDIA'::bpchar)) OR ((n1.n_name = 'INDIA'::bpchar) AND (n2.n_name = 'JAPAN'::bpchar)))", "Plans": [{"Node Type": "Index Scan", "Parent Relationship": "Outer", "Scan Direction": "Forward", "Index Name": "nation_pkey", "Relation Name": "nation", "Alias": "n1", "Startup Cost": 0.0, "Total Cost": 12.75, "Plan Rows": 25, "Plan Width": 30, "Filter": "((n_name = 'JAPAN'::bpchar) OR (n_name = 'INDIA'::bpchar))"}, {"Node Type": "Materialize", "Parent Relationship": "Inner", "Startup Cost": 0.0, "Total Cost": 1.38, "Plan Rows": 25, "Plan Width": 30, "Plans": [{"Node Type": "Seq Scan", "Parent Relationship": "Outer", "Relation Name": "nation", "Alias": "n2", "Startup Cost": 0.0, "Total Cost": 1.25, "Plan Rows": 25, "Plan Width": 30, "Filter": "((n_name = 'INDIA'::bpchar) OR (n_name = 'JAPAN'::bpchar))"}]}]}, {"Node Type": "Index Scan", "Parent Relationship": "Inner", "Scan Direction": "Forward", "Index Name": "idx_customer_nationkey", "Relation Name": "customer", "Alias": "customer", "Startup Cost": 0.0, "Total Cost": 7702.43, "Plan Rows": 60000, "Plan Width": 12, "Index Cond": "(c_nationkey = n2.n_nationkey)"}]}, {"Node Type": "Index Scan", "Parent Relationship": "Inner", "Scan Direction": "Forward", "Index Name": "idx_orders_custkey", "Relation Name": "orders", "Alias": "orders", "Startup Cost": 0.0, "Total Cost": 1.22, "Plan Rows": 4, "Plan Width": 16, "Index Cond": "(o_custkey = customer.c_custkey)"}]}, {"Node Type": "Index Scan", "Parent Relationship": "Inner", "Scan Direction": "Forward", "Index Name": "idx_lineitem_orderkey", "Relation Name": "lineitem", "Alias": "lineitem", "Startup Cost": 0.0, "Total Cost": 0.91, "Plan Rows": 3, "Plan Width": 40, "Index Cond": "(l_orderkey = orders.o_orderkey)", "Filter": "((l_shipdate >= '1995-01-01 00:00:00'::timestamp(0) without time zone) AND (l_shipdate <= '1996-12-31 00:00:00'::timestamp(0) without time zone))"}]}, {"Node Type": "Hash", "Parent Relationship": "Inner", "Startup Cost": 3283.0, "Total Cost": 3283.0, "Plan Rows": 100000, "Plan Width": 12, "Plans": [{"Node Type": "Seq Scan", "Parent Relationship": "Outer", "Relation Name": "supplier", "Alias": "supplier", "Startup Cost": 0.0, "Total Cost": 3283.0, "Plan Rows": 100000, "Plan Width": 12}]}]}]}]}, "Unique SQL Id": 2208782157, "Planner Runtime": 2}, "explain_analyze_plan": {"Plan": {"Node Type": "Aggregate", "Strategy": "Sorted", "Startup Cost": 655078.59, "Total Cost": 655189.23, "Plan Rows": 3688, "Plan Width": 84, "Actual Startup Time": 19790.584, "Actual Total Time": 19824.405, "Actual Rows": 4, "Actual Loops": 1, "Group By Key": ["n1.n_name", "n2.n_name", "(date_part('year'::text, lineitem.l_shipdate))"], "Plans": [{"Node Type": "Sort", "Parent Relationship": "Outer", "Startup Cost": 655078.59, "Total Cost": 655087.81, "Plan Rows": 3688, "Plan Width": 76, "Actual Startup Time": 19779.431, "Actual Total Time": 19785.255, "Actual Rows": 58554, "Actual Loops": 1, "Sort Key": ["n1.n_name", "n2.n_name", "(date_part('year'::text, lineitem.l_shipdate))"], "Sort Method": "quicksort", "Sort Space Used": 10686, "Sort Space Type": "Memory", "Plans": [{"Node Type": "Hash Join", "Parent Relationship": "Outer", "Join Type": "Inner", "Startup Cost": 4783.0, "Total Cost": 654860.1, "Plan Rows": 3688, "Plan Width": 76, "Actual Startup Time": 67.835, "Actual Total Time": 19726.902, "Actual Rows": 58554, "Actual Loops": 1, "Inner Unique": true, "Hash Cond": "((lineitem.l_suppkey = supplier.s_suppkey) AND (n1.n_nationkey = supplier.s_nationkey))", "Plans": [{"Node Type": "Nested Loop", "Parent Relationship": "Outer", "Join Type": "Inner", "Startup Cost": 0.0, "Total Cost": 644493.13, "Plan Rows": 740786, "Plan Width": 88, "Actual Startup Time": 0.149, "Actual Total Time": 18931.71, "Actual Rows": 1459150, "Actual Loops": 1, "Inner Unique": false, "Plans": [{"Node Type": "Nested Loop", "Parent Relationship": "Outer", "Join Type": "Inner", "Startup Cost": 0.0, "Total Cost": 167755.5, "Plan Rows": 504972, "Plan Width": 64, "Actual Startup Time": 0.099, "Actual Total Time": 3934.164, "Actual Rows": 1200363, "Actual Loops": 1, "Inner Unique": false, "Plans": [{"Node Type": "Nested Loop", "Parent Relationship": "Outer", "Join Type": "Inner", "Startup Cost": 0.0, "Total Cost": 16632.98, "Plan Rows": 119904, "Plan Width": 64, "Actual Startup Time": 0.09, "Actual Total Time": 215.292, "Actual Rows": 119972, "Actual Loops": 1, "Inner Unique": false, "Plans": [{"Node Type": "Nested Loop", "Parent Relationship": "Outer", "Join Type": "Inner", "Startup Cost": 0.0, "Total Cost": 28.12, "Plan Rows": 2, "Plan Width": 60, "Actual Startup Time": 0.057, "Actual Total Time": 0.162, "Actual Rows": 2, "Actual Loops": 1, "Inner Unique": false, "Join Filter": "(((n1.n_name = 'JAPAN'::bpchar) AND (n2.n_name = 'INDIA'::bpchar)) OR ((n1.n_name = 'INDIA'::bpchar) AND (n2.n_name = 'JAPAN'::bpchar)))", "Rows Removed by Join Filter": 2, "Plans": [{"Node Type": "Index Scan", "Parent Relationship": "Outer", "Scan Direction": "Forward", "Index Name": "nation_pkey", "Relation Name": "nation", "Alias": "n1", "Startup Cost": 0.0, "Total Cost": 12.75, "Plan Rows": 25, "Plan Width": 30, "Actual Startup Time": 0.026, "Actual Total Time": 0.052, "Actual Rows": 2, "Actual Loops": 1, "Filter": "((n_name = 'JAPAN'::bpchar) OR (n_name = 'INDIA'::bpchar))", "Rows Removed by Filter": 23}, {"Node Type": "Materialize", "Parent Relationship": "Inner", "Startup Cost": 0.0, "Total Cost": 1.38, "Plan Rows": 25, "Plan Width": 30, "Actual Startup Time": 0.025, "Actual Total Time": 0.052, "Actual Rows": 4, "Actual Loops": 2, "Plans": [{"Node Type": "Seq Scan", "Parent Relationship": "Outer", "Relation Name": "nation", "Alias": "n2", "Startup Cost": 0.0, "Total Cost": 1.25, "Plan Rows": 25, "Plan Width": 30, "Actual Startup Time": 0.02, "Actual Total Time": 0.044, "Actual Rows": 2, "Actual Loops": 1, "Filter": "((n_name = 'INDIA'::bpchar) OR (n_name = 'JAPAN'::bpchar))", "Rows Removed by Filter": 23}]}]}, {"Node Type": "Index Scan", "Parent Relationship": "Inner", "Scan Direction": "Forward", "Index Name": "idx_customer_nationkey", "Relation Name": "customer", "Alias": "customer", "Startup Cost": 0.0, "Total Cost": 7702.43, "Plan Rows": 60000, "Plan Width": 12, "Actual Startup Time": 0.049, "Actual Total Time": 183.611, "Actual Rows": 119972, "Actual Loops": 2, "Index Cond": "(c_nationkey = n2.n_nationkey)", "Rows Removed by Index Recheck": 0}]}, {"Node Type": "Index Scan", "Parent Relationship": "Inner", "Scan Direction": "Forward", "Index Name": "idx_orders_custkey", "Relation Name": "orders", "Alias": "orders", "Startup Cost": 0.0, "Total Cost": 1.22, "Plan Rows": 4, "Plan Width": 16, "Actual Startup Time": 730.727, "Actual Total Time": 3375.202, "Actual Rows": 1200363, "Actual Loops": 119972, "Index Cond": "(o_custkey = customer.c_custkey)", "Rows Removed by Index Recheck": 0}]}, {"Node Type": "Index Scan", "Parent Relationship": "Inner", "Scan Direction": "Forward", "Index Name": "idx_lineitem_orderkey", "Relation Name": "lineitem", "Alias": "lineitem", "Startup Cost": 0.0, "Total Cost": 0.91, "Plan Rows": 3, "Plan Width": 40, "Actual Startup Time": 12853.439, "Actual Total Time": 14028.688, "Actual Rows": 1459150, "Actual Loops": 1200363, "Index Cond": "(l_orderkey = orders.o_orderkey)", "Rows Removed by Index Recheck": 0, "Filter": "((l_shipdate >= '1995-01-01 00:00:00'::timestamp(0) without time zone) AND (l_shipdate <= '1996-12-31 00:00:00'::timestamp(0) without time zone))", "Rows Removed by Filter": 3342563}]}, {"Node Type": "Hash", "Parent Relationship": "Inner", "Startup Cost": 3283.0, "Total Cost": 3283.0, "Plan Rows": 100000, "Plan Width": 12, "Actual Startup Time": 67.411, "Actual Total Time": 67.411, "Actual Rows": 100000, "Actual Loops": 1, "Hash Buckets": 131072, "Hash Batches": 1, "Original Hash Batches": 1, "Peak Memory Usage": 4297, "Plans": [{"Node Type": "Seq Scan", "Parent Relationship": "Outer", "Relation Name": "supplier", "Alias": "supplier", "Startup Cost": 0.0, "Total Cost": 3283.0, "Plan Rows": 100000, "Plan Width": 12, "Actual Startup Time": 0.02, "Actual Total Time": 36.463, "Actual Rows": 100000, "Actual Loops": 1}]}]}]}]}, "Triggers": [], "Planner Runtime": 2, "Total Runtime": 19824.86, "Unique SQL Id": 2208782157}}, "(1, 41)": {"explain_plan": {"Plan": {"Node Type": "Aggregate", "Strategy": "Sorted", "Startup Cost": 657141.64, "Total Cost": 657252.28, "Plan Rows": 3688, "Plan Width": 84, "Group By Key": ["n1.n_name", "n2.n_name", "(date_part('year'::text, lineitem.l_shipdate))"], "Plans": [{"Node Type": "Sort", "Parent Relationship": "Outer", "Startup Cost": 657141.64, "Total Cost": 657150.86, "Plan Rows": 3688, "Plan Width": 76, "Sort Key": ["n1.n_name", "n2.n_name", "(date_part('year'::text, lineitem.l_shipdate))"], "Plans": [{"Node Type": "Hash Join", "Parent Relationship": "Outer", "Join Type": "Inner", "Startup Cost": 6834.54, "Total Cost": 656923.15, "Plan Rows": 3688, "Plan Width": 76, "Inner Unique": true, "Hash Cond": "((lineitem.l_suppkey = supplier.s_suppkey) AND (n1.n_nationkey = supplier.s_nationkey))", "Plans": [{"Node Type": "Nested Loop", "Parent Relationship": "Outer", "Join Type": "Inner", "Startup Cost": 0.0, "Total Cost": 644504.63, "Plan Rows": 740786, "Plan Width": 88, "Inner Unique": false, "Plans": [{"Node Type": "Nested Loop", "Parent Relationship": "Outer", "Join Type": "Inner", "Startup Cost": 0.0, "Total Cost": 167767.0, "Plan Rows": 504972, "Plan Width": 64, "Inner Unique": false, "Plans": [{"Node Type": "Nested Loop", "Parent Relationship": "Outer", "Join Type": "Inner", "Startup Cost": 0.0, "Total Cost": 16644.48, "Plan Rows": 119904, "Plan Width": 64, "Inner Unique": false, "Plans": [{"Node Type": "Nested Loop", "Parent Relationship": "Outer", "Join Type": "Inner", "Startup Cost": 0.0, "Total Cost": 39.62, "Plan Rows": 2, "Plan Width": 60, "Inner Unique": false, "Join Filter": "(((n1.n_name = 'JAPAN'::bpchar) AND (n2.n_name = 'INDIA'::bpchar)) OR ((n1.n_name = 'INDIA'::bpchar) AND (n2.n_name = 'JAPAN'::bpchar)))", "Plans": [{"Node Type": "Index Scan", "Parent Relationship": "Outer", "Scan Direction": "Forward", "Index Name": "nation_pkey", "Relation Name": "nation", "Alias": "n1", "Startup Cost": 0.0, "Total Cost": 12.75, "Plan Rows": 25, "Plan Width": 30, "Filter": "((n_name = 'JAPAN'::bpchar) OR (n_name = 'INDIA'::bpchar))"}, {"Node Type": "Materialize", "Parent Relationship": "Inner", "Startup Cost": 0.0, "Total Cost": 12.88, "Plan Rows": 25, "Plan Width": 30, "Plans": [{"Node Type": "Index Scan", "Parent Relationship": "Outer", "Scan Direction": "Forward", "Index Name": "nation_pkey", "Relation Name": "nation", "Alias": "n2", "Startup Cost": 0.0, "Total Cost": 12.75, "Plan Rows": 25, "Plan Width": 30, "Filter": "((n_name = 'INDIA'::bpchar) OR (n_name = 'JAPAN'::bpchar))"}]}]}, {"Node Type": "Index Scan", "Parent Relationship": "Inner", "Scan Direction": "Forward", "Index Name": "idx_customer_nationkey", "Relation Name": "customer", "Alias": "customer", "Startup Cost": 0.0, "Total Cost": 7702.43, "Plan Rows": 60000, "Plan Width": 12, "Index Cond": "(c_nationkey = n2.n_nationkey)"}]}, {"Node Type": "Index Scan", "Parent Relationship": "Inner", "Scan Direction": "Forward", "Index Name": "idx_orders_custkey", "Relation Name": "orders", "Alias": "orders", "Startup Cost": 0.0, "Total Cost": 1.22, "Plan Rows": 4, "Plan Width": 16, "Index Cond": "(o_custkey = customer.c_custkey)"}]}, {"Node Type": "Index Scan", "Parent Relationship": "Inner", "Scan Direction": "Forward", "Index Name": "idx_lineitem_orderkey", "Relation Name": "lineitem", "Alias": "lineitem", "Startup Cost": 0.0, "Total Cost": 0.91, "Plan Rows": 3, "Plan Width": 40, "Index Cond": "(l_orderkey = orders.o_orderkey)", "Filter": "((l_shipdate >= '1995-01-01 00:00:00'::timestamp(0) without time zone) AND (l_shipdate <= '1996-12-31 00:00:00'::timestamp(0) without time zone))"}]}, {"Node Type": "Hash", "Parent Relationship": "Inner", "Startup Cost": 5334.54, "Total Cost": 5334.54, "Plan Rows": 100000, "Plan Width": 12, "Plans": [{"Node Type": "Index Scan", "Parent Relationship": "Outer", "Scan Direction": "Forward", "Index Name": "supplier_pkey", "Relation Name": "supplier", "Alias": "supplier", "Startup Cost": 0.0, "Total Cost": 5334.54, "Plan Rows": 100000, "Plan Width": 12}]}]}]}]}, "Unique SQL Id": 2208782157, "Planner Runtime": 2}, "explain_analyze_plan": {"Plan": {"Node Type": "Aggregate", "Strategy": "Sorted", "Startup Cost": 657141.64, "Total Cost": 657252.28, "Plan Rows": 3688, "Plan Width": 84, "Actual Startup Time": 19733.098, "Actual Total Time": 19766.62, "Actual Rows": 4, "Actual Loops": 1, "Group By Key": ["n1.n_name", "n2.n_name", "(date_part('year'::text, lineitem.l_shipdate))"], "Plans": [{"Node Type": "Sort", "Parent Relationship": "Outer", "Startup Cost": 657141.64, "Total Cost": 657150.86, "Plan Rows": 3688, "Plan Width": 76, "Actual Startup Time": 19721.972, "Actual Total Time": 19727.673, "Actual Rows": 58554, "Actual Loops": 1, "Sort Key": ["n1.n_name", "n2.n_name", "(date_part('year'::text, lineitem.l_shipdate))"], "Sort Method": "quicksort", "Sort Space Used": 10686, "Sort Space Type": "Memory", "Plans": [{"Node Type": "Hash Join", "Parent Relationship": "Outer", "Join Type": "Inner", "Startup Cost": 6834.54, "Total Cost": 656923.15, "Plan Rows": 3688, "Plan Width": 76, "Actual Startup Time": 111.799, "Actual Total Time": 19668.23, "Actual Rows": 58554, "Actual Loops": 1, "Inner Unique": true, "Hash Cond": "((lineitem.l_suppkey = supplier.s_suppkey) AND (n1.n_nationkey = supplier.s_nationkey))", "Plans": [{"Node Type": "Nested Loop", "Parent Relationship": "Outer", "Join Type": "Inner", "Startup Cost": 0.0, "Total Cost": 644504.63, "Plan Rows": 740786, "Plan Width": 88, "Actual Startup Time": 0.174, "Actual Total Time": 18849.787, "Actual Rows": 1459150, "Actual Loops": 1, "Inner Unique": false, "Plans": [{"Node Type": "Nested Loop", "Parent Relationship": "Outer", "Join Type": "Inner", "Startup Cost": 0.0, "Total Cost": 167767.0, "Plan Rows": 504972, "Plan Width": 64, "Actual Startup Time": 0.098, "Actual Total Time": 3904.575, "Actual Rows": 1200363, "Actual Loops": 1, "Inner Unique": false, "Plans": [{"Node Type": "Nested Loop", "Parent Relationship": "Outer", "Join Type": "Inner", "Startup Cost": 0.0, "Total Cost": 16644.48, "Plan Rows": 119904, "Plan Width": 64, "Actual Startup Time": 0.083, "Actual Total Time": 216.446, "Actual Rows": 119972, "Actual Loops": 1, "Inner Unique": false, "Plans": [{"Node Type": "Nested Loop", "Parent Relationship": "Outer", "Join Type": "Inner", "Startup Cost": 0.0, "Total Cost": 39.62, "Plan Rows": 2, "Plan Width": 60, "Actual Startup Time": 0.046, "Actual Total Time": 0.265, "Actual Rows": 2, "Actual Loops": 1, "Inner Unique": false, "Join Filter": "(((n1.n_name = 'JAPAN'::bpchar) AND (n2.n_name = 'INDIA'::bpchar)) OR ((n1.n_name = 'INDIA'::bpchar) AND (n2.n_name = 'JAPAN'::bpchar)))", "Rows Removed by Join Filter": 2, "Plans": [{"Node Type": "Index Scan", "Parent Relationship": "Outer", "Scan Direction": "Forward", "Index Name": "nation_pkey", "Relation Name": "nation", "Alias": "n1", "Startup Cost": 0.0, "Total Cost": 12.75, "Plan Rows": 25, "Plan Width": 30, "Actual Startup Time": 0.021, "Actual Total Time": 0.046, "Actual Rows": 2, "Actual Loops": 1, "Filter": "((n_name = 'JAPAN'::bpchar) OR (n_name = 'INDIA'::bpchar))", "Rows Removed by Filter": 23}, {"Node Type": "Materialize", "Parent Relationship": "Inner", "Startup Cost": 0.0, "Total Cost": 12.88, "Plan Rows": 25, "Plan Width": 30, "Actual Startup Time": 0.015, "Actual Total Time": 0.04, "Actual Rows": 4, "Actual Loops": 2, "Plans": [{"Node Type": "Index Scan", "Parent Relationship": "Outer", "Scan Direction": "Forward", "Index Name": "nation_pkey", "Relation Name": "nation", "Alias": "n2", "Startup Cost": 0.0, "Total Cost": 12.75, "Plan Rows": 25, "Plan Width": 30, "Actual Startup Time": 0.011, "Actual Total Time": 0.031, "Actual Rows": 2, "Actual Loops": 1, "Filter": "((n_name = 'INDIA'::bpchar) OR (n_name = 'JAPAN'::bpchar))", "Rows Removed by Filter": 23}]}]}, {"Node Type": "Index Scan", "Parent Relationship": "Inner", "Scan Direction": "Forward", "Index Name": "idx_customer_nationkey", "Relation Name": "customer", "Alias": "customer", "Startup Cost": 0.0, "Total Cost": 7702.43, "Plan Rows": 60000, "Plan Width": 12, "Actual Startup Time": 0.094, "Actual Total Time": 181.109, "Actual Rows": 119972, "Actual Loops": 2, "Index Cond": "(c_nationkey = n2.n_nationkey)", "Rows Removed by Index Recheck": 0}]}, {"Node Type": "Index Scan", "Parent Relationship": "Inner", "Scan Direction": "Forward", "Index Name": "idx_orders_custkey", "Relation Name": "orders", "Alias": "orders", "Startup Cost": 0.0, "Total Cost": 1.22, "Plan Rows": 4, "Plan Width": 16, "Actual Startup Time": 725.454, "Actual Total Time": 3338.391, "Actual Rows": 1200363, "Actual Loops": 119972, "Index Cond": "(o_custkey = customer.c_custkey)", "Rows Removed by Index Recheck": 0}]}, {"Node Type": "Index Scan", "Parent Relationship": "Inner", "Scan Direction": "Forward", "Index Name": "idx_lineitem_orderkey", "Relation Name": "lineitem", "Alias": "lineitem", "Startup Cost": 0.0, "Total Cost": 0.91, "Plan Rows": 3, "Plan Width": 40, "Actual Startup Time": 12809.11, "Actual Total Time": 13980.183, "Actual Rows": 1459150, "Actual Loops": 1200363, "Index Cond": "(l_orderkey = orders.o_orderkey)", "Rows Removed by Index Recheck": 0, "Filter": "((l_shipdate >= '1995-01-01 00:00:00'::timestamp(0) without time zone) AND (l_shipdate <= '1996-12-31 00:00:00'::timestamp(0) without time zone))", "Rows Removed by Filter": 3342563}]}, {"Node Type": "Hash", "Parent Relationship": "Inner", "Startup Cost": 5334.54, "Total Cost": 5334.54, "Plan Rows": 100000, "Plan Width": 12, "Actual Startup Time": 111.347, "Actual Total Time": 111.347, "Actual Rows": 100000, "Actual Loops": 1, "Hash Buckets": 131072, "Hash Batches": 1, "Original Hash Batches": 1, "Peak Memory Usage": 4297, "Plans": [{"Node Type": "Index Scan", "Parent Relationship": "Outer", "Scan Direction": "Forward", "Index Name": "supplier_pkey", "Relation Name": "supplier", "Alias": "supplier", "Startup Cost": 0.0, "Total Cost": 5334.54, "Plan Rows": 100000, "Plan Width": 12, "Actual Startup Time": 0.023, "Actual Total Time": 78.07, "Actual Rows": 100000, "Actual Loops": 1}]}]}]}]}, "Triggers": [], "Planner Runtime": 2, "Total Runtime": 19767.235, "Unique SQL Id": 2208782157}}, "(1, 42)": {"explain_plan": {"Plan": {"Node Type": "Aggregate", "Strategy": "Sorted", "Startup Cost": 2961260.33, "Total Cost": 2961370.97, "Plan Rows": 3688, "Plan Width": 84, "Group By Key": ["n1.n_name", "n2.n_name", "(date_part('year'::text, lineitem.l_shipdate))"], "Plans": [{"Node Type": "Sort", "Parent Relationship": "Outer", "Startup Cost": 2961260.33, "Total Cost": 2961269.55, "Plan Rows": 3688, "Plan Width": 76, "Sort Key": ["n1.n_name", "n2.n_name", "(date_part('year'::text, lineitem.l_shipdate))"], "Plans": [{"Node Type": "Hash Join", "Parent Relationship": "Outer", "Join Type": "Inner", "Startup Cost": 557677.26, "Total Cost": 2961041.84, "Plan Rows": 3688, "Plan Width": 76, "Inner Unique": true, "Hash Cond": "((lineitem.l_suppkey = supplier.s_suppkey) AND (n1.n_nationkey = supplier.s_nationkey))", "Plans": [{"Node Type": "Hash Join", "Parent Relationship": "Outer", "Join Type": "Inner", "Startup Cost": 552894.26, "Total Cost": 2950674.86, "Plan Rows": 740786, "Plan Width": 88, "Inner Unique": false, "Hash Cond": "(lineitem.l_orderkey = orders.o_orderkey), (LLVM Optimized)", "Plans": [{"Node Type": "Seq Scan", "Parent Relationship": "Outer", "Relation Name": "lineitem", "Alias": "lineitem", "Startup Cost": 44.73, "Total Cost": 2315050.5, "Plan Rows": 18124991, "Plan Width": 40, "Filter": "((l_shipdate >= '1995-01-01 00:00:00'::timestamp(0) without time zone) AND (l_shipdate <= '1996-12-31 00:00:00'::timestamp(0) without time zone)), (LLVM Optimized)"}, {"Node Type": "Hash", "Parent Relationship": "Inner", "Startup Cost": 546537.38, "Total Cost": 546537.38, "Plan Rows": 504972, "Plan Width": 64, "Plans": [{"Node Type": "Hash Join", "Parent Relationship": "Outer", "Join Type": "Inner", "Startup Cost": 58825.83, "Total Cost": 546537.38, "Plan Rows": 504972, "Plan Width": 64, "Inner Unique": false, "Hash Cond": "(orders.o_custkey = customer.c_custkey), (LLVM Optimized)", "Plans": [{"Node Type": "Seq Scan", "Parent Relationship": "Outer", "Relation Name": "orders", "Alias": "orders", "Startup Cost": 0.0, "Total Cost": 426413.79, "Plan Rows": 14999479, "Plan Width": 16}, {"Node Type": "Hash", "Parent Relationship": "Inner", "Startup Cost": 57327.03, "Total Cost": 57327.03, "Plan Rows": 119904, "Plan Width": 64, "Plans": [{"Node Type": "Hash Join", "Parent Relationship": "Outer", "Join Type": "Inner", "Startup Cost": 16.65, "Total Cost": 57327.03, "Plan Rows": 119904, "Plan Width": 64, "Inner Unique": false, "Hash Cond": "(customer.c_nationkey = n2.n_nationkey), (LLVM Optimized)", "Plans": [{"Node Type": "Seq Scan", "Parent Relationship": "Outer", "Relation Name": "customer", "Alias": "customer", "Startup Cost": 0.0, "Total Cost": 52126.0, "Plan Rows": 1500000, "Plan Width": 12}, {"Node Type": "Hash", "Parent Relationship": "Inner", "Startup Cost": 16.62, "Total Cost": 16.62, "Plan Rows": 2, "Plan Width": 60, "Plans": [{"Node Type": "Nested Loop", "Parent Relationship": "Outer", "Join Type": "Inner", "Startup Cost": 0.0, "Total Cost": 16.62, "Plan Rows": 2, "Plan Width": 60, "Inner Unique": false, "Join Filter": "(((n1.n_name = 'JAPAN'::bpchar) AND (n2.n_name = 'INDIA'::bpchar)) OR ((n1.n_name = 'INDIA'::bpchar) AND (n2.n_name = 'JAPAN'::bpchar)))", "Plans": [{"Node Type": "Seq Scan", "Parent Relationship": "Outer", "Relation Name": "nation", "Alias": "n1", "Startup Cost": 0.0, "Total Cost": 1.25, "Plan Rows": 25, "Plan Width": 30, "Filter": "((n_name = 'JAPAN'::bpchar) OR (n_name = 'INDIA'::bpchar))"}, {"Node Type": "Materialize", "Parent Relationship": "Inner", "Startup Cost": 0.0, "Total Cost": 1.38, "Plan Rows": 25, "Plan Width": 30, "Plans": [{"Node Type": "Seq Scan", "Parent Relationship": "Outer", "Relation Name": "nation", "Alias": "n2", "Startup Cost": 0.0, "Total Cost": 1.25, "Plan Rows": 25, "Plan Width": 30, "Filter": "((n_name = 'INDIA'::bpchar) OR (n_name = 'JAPAN'::bpchar))"}]}]}]}]}]}]}]}]}, {"Node Type": "Hash", "Parent Relationship": "Inner", "Startup Cost": 3283.0, "Total Cost": 3283.0, "Plan Rows": 100000, "Plan Width": 12, "Plans": [{"Node Type": "Seq Scan", "Parent Relationship": "Outer", "Relation Name": "supplier", "Alias": "supplier", "Startup Cost": 0.0, "Total Cost": 3283.0, "Plan Rows": 100000, "Plan Width": 12}]}]}]}]}, "Unique SQL Id": 2208782157, "Planner Runtime": 2}, "explain_analyze_plan": null}, "(1, 43)": {"explain_plan": {"Plan": {"Node Type": "Aggregate", "Strategy": "Sorted", "Startup Cost": 6025775461631.13, "Total Cost": 6025775461741.77, "Plan Rows": 3688, "Plan Width": 84, "Group By Key": ["n1.n_name", "n2.n_name", "(date_part('year'::text, lineitem.l_shipdate))"], "Plans": [{"Node Type": "Sort", "Parent Relationship": "Outer", "Startup Cost": 6025775461631.13, "Total Cost": 6025775461640.35, "Plan Rows": 3688, "Plan Width": 76, "Sort Key": ["n1.n_name", "n2.n_name", "(date_part('year'::text, lineitem.l_shipdate))"], "Plans": [{"Node Type": "Nested Loop", "Parent Relationship": "Outer", "Join Type": "Inner", "Startup Cost": 60000000000.0, "Total Cost": 6025775461412.64, "Plan Rows": 3688, "Plan Width": 76, "Inner Unique": false, "Join Filter": "((orders.o_custkey = customer.c_custkey) AND (n2.n_nationkey = customer.c_nationkey))", "Plans": [{"Node Type": "Index Scan", "Parent Relationship": "Outer", "Scan Direction": "Forward", "Index Name": "customer_pkey", "Relation Name": "customer", "Alias": "customer", "Startup Cost": 10000000000.0, "Total Cost": 1000008076535.62, "Plan Rows": 1500000, "Plan Width": 12}, {"Node Type": "Materialize", "Parent Relationship": "Inner", "Startup Cost": 50000000000.0, "Total Cost": 5023346951348.32, "Plan Rows": 92207, "Plan Width": 88, "Plans": [{"Node Type": "Nested Loop", "Parent Relationship": "Outer", "Join Type": "Inner", "Startup Cost": 50000000000.0, "Total Cost": 5023346950887.28, "Plan Rows": 92207, "Plan Width": 88, "Inner Unique": true, "Join Filter": "(lineitem.l_orderkey = orders.o_orderkey)", "Plans": [{"Node Type": "Nested Loop", "Parent Relationship": "Outer", "Join Type": "Inner", "Startup Cost": 40000000000.0, "Total Cost": 4002527961142.79, "Plan Rows": 92207, "Plan Width": 88, "Inner Unique": false, "Join Filter": "(supplier.s_suppkey = lineitem.l_suppkey)", "Plans": [{"Node Type": "Nested Loop", "Parent Relationship": "Outer", "Join Type": "Inner", "Startup Cost": 30000000000.0, "Total Cost": 3000000539268.5, "Plan Rows": 7994, "Plan Width": 64, "Inner Unique": false, "Join Filter": "(n1.n_nationkey = supplier.s_nationkey)", "Plans": [{"Node Type": "Nested Loop", "Parent Relationship": "Outer", "Join Type": "Inner", "Startup Cost": 20000000000.0, "Total Cost": 2000000002564.12, "Plan Rows": 2, "Plan Width": 60, "Inner Unique": false, "Join Filter": "(((n1.n_name = 'JAPAN'::bpchar) AND (n2.n_name = 'INDIA'::bpchar)) OR ((n1.n_name = 'INDIA'::bpchar) AND (n2.n_name = 'JAPAN'::bpchar)))", "Plans": [{"Node Type": "Index Scan", "Parent Relationship": "Outer", "Scan Direction": "Forward", "Index Name": "nation_pkey", "Relation Name": "nation", "Alias": "n2", "Startup Cost": 10000000000.0, "Total Cost": 1000000001275.0, "Plan Rows": 25, "Plan Width": 30, "Filter": "((n_name = 'INDIA'::bpchar) OR (n_name = 'JAPAN'::bpchar))"}, {"Node Type": "Materialize", "Parent Relationship": "Inner", "Startup Cost": 10000000000.0, "Total Cost": 1000000001275.12, "Plan Rows": 25, "Plan Width": 30, "Plans": [{"Node Type": "Index Scan", "Parent Relationship": "Outer", "Scan Direction": "Forward", "Index Name": "nation_pkey", "Relation Name": "nation", "Alias": "n1", "Startup Cost": 10000000000.0, "Total Cost": 1000000001275.0, "Plan Rows": 25, "Plan Width": 30, "Filter": "((n_name = 'JAPAN'::bpchar) OR (n_name = 'INDIA'::bpchar))"}]}]}, {"Node Type": "Materialize", "Parent Relationship": "Inner", "Startup Cost": 10000000000.0, "Total Cost": 1000000533954.38, "Plan Rows": 100000, "Plan Width": 12, "Plans": [{"Node Type": "Index Scan", "Parent Relationship": "Outer", "Scan Direction": "Forward", "Index Name": "supplier_pkey", "Relation Name": "supplier", "Alias": "supplier", "Startup Cost": 10000000000.0, "Total Cost": 1000000533454.38, "Plan Rows": 100000, "Plan Width": 12}]}]}, {"Node Type": "Materialize", "Parent Relationship": "Inner", "Startup Cost": 10000000000.0, "Total Cost": 1000354099515.95, "Plan Rows": 18124991, "Plan Width": 40, "Plans": [{"Node Type": "Index Scan", "Parent Relationship": "Outer", "Scan Direction": "Forward", "Index Name": "idx_lineitem_orderkey", "Relation Name": "lineitem", "Alias": "lineitem", "Startup Cost": 10000000000.0, "Total Cost": 1000354008891.0, "Plan Rows": 18124991, "Plan Width": 40, "Filter": "((l_shipdate >= '1995-01-01 00:00:00'::timestamp(0) without time zone) AND (l_shipdate <= '1996-12-31 00:00:00'::timestamp(0) without time zone)), (LLVM Optimized)"}]}]}, {"Node Type": "Materialize", "Parent Relationship": "Inner", "Startup Cost": 10000000000.0, "Total Cost": 1000073172840.9, "Plan Rows": 14999479, "Plan Width": 16, "Plans": [{"Node Type": "Index Scan", "Parent Relationship": "Outer", "Scan Direction": "Forward", "Index Name": "orders_pkey", "Relation Name": "orders", "Alias": "orders", "Startup Cost": 10000000000.0, "Total Cost": 1000073097843.5, "Plan Rows": 14999479, "Plan Width": 16}]}]}]}]}]}]}, "Unique SQL Id": 2208782157, "Planner Runtime": 2}, "explain_analyze_plan": null}, "(1, 44)": {"explain_plan": {"Plan": {"Node Type": "Aggregate", "Strategy": "Sorted", "Startup Cost": 655078.59, "Total Cost": 655189.23, "Plan Rows": 3688, "Plan Width": 84, "Group By Key": ["n1.n_name", "n2.n_name", "(date_part('year'::text, lineitem.l_shipdate))"], "Plans": [{"Node Type": "Sort", "Parent Relationship": "Outer", "Startup Cost": 655078.59, "Total Cost": 655087.81, "Plan Rows": 3688, "Plan Width": 76, "Sort Key": ["n1.n_name", "n2.n_name", "(date_part('year'::text, lineitem.l_shipdate))"], "Plans": [{"Node Type": "Hash Join", "Parent Relationship": "Outer", "Join Type": "Inner", "Startup Cost": 4783.0, "Total Cost": 654860.1, "Plan Rows": 3688, "Plan Width": 76, "Inner Unique": true, "Hash Cond": "((lineitem.l_suppkey = supplier.s_suppkey) AND (n1.n_nationkey = supplier.s_nationkey))", "Plans": [{"Node Type": "Nested Loop", "Parent Relationship": "Outer", "Join Type": "Inner", "Startup Cost": 0.0, "Total Cost": 644493.13, "Plan Rows": 740786, "Plan Width": 88, "Inner Unique": false, "Plans": [{"Node Type": "Nested Loop", "Parent Relationship": "Outer", "Join Type": "Inner", "Startup Cost": 0.0, "Total Cost": 167755.5, "Plan Rows": 504972, "Plan Width": 64, "Inner Unique": false, "Plans": [{"Node Type": "Nested Loop", "Parent Relationship": "Outer", "Join Type": "Inner", "Startup Cost": 0.0, "Total Cost": 16632.98, "Plan Rows": 119904, "Plan Width": 64, "Inner Unique": false, "Plans": [{"Node Type": "Nested Loop", "Parent Relationship": "Outer", "Join Type": "Inner", "Startup Cost": 0.0, "Total Cost": 28.12, "Plan Rows": 2, "Plan Width": 60, "Inner Unique": false, "Join Filter": "(((n1.n_name = 'JAPAN'::bpchar) AND (n2.n_name = 'INDIA'::bpchar)) OR ((n1.n_name = 'INDIA'::bpchar) AND (n2.n_name = 'JAPAN'::bpchar)))", "Plans": [{"Node Type": "Index Scan", "Parent Relationship": "Outer", "Scan Direction": "Forward", "Index Name": "nation_pkey", "Relation Name": "nation", "Alias": "n1", "Startup Cost": 0.0, "Total Cost": 12.75, "Plan Rows": 25, "Plan Width": 30, "Filter": "((n_name = 'JAPAN'::bpchar) OR (n_name = 'INDIA'::bpchar))"}, {"Node Type": "Materialize", "Parent Relationship": "Inner", "Startup Cost": 0.0, "Total Cost": 1.38, "Plan Rows": 25, "Plan Width": 30, "Plans": [{"Node Type": "Seq Scan", "Parent Relationship": "Outer", "Relation Name": "nation", "Alias": "n2", "Startup Cost": 0.0, "Total Cost": 1.25, "Plan Rows": 25, "Plan Width": 30, "Filter": "((n_name = 'INDIA'::bpchar) OR (n_name = 'JAPAN'::bpchar))"}]}]}, {"Node Type": "Index Scan", "Parent Relationship": "Inner", "Scan Direction": "Forward", "Index Name": "idx_customer_nationkey", "Relation Name": "customer", "Alias": "customer", "Startup Cost": 0.0, "Total Cost": 7702.43, "Plan Rows": 60000, "Plan Width": 12, "Index Cond": "(c_nationkey = n2.n_nationkey)"}]}, {"Node Type": "Index Scan", "Parent Relationship": "Inner", "Scan Direction": "Forward", "Index Name": "idx_orders_custkey", "Relation Name": "orders", "Alias": "orders", "Startup Cost": 0.0, "Total Cost": 1.22, "Plan Rows": 4, "Plan Width": 16, "Index Cond": "(o_custkey = customer.c_custkey)"}]}, {"Node Type": "Index Scan", "Parent Relationship": "Inner", "Scan Direction": "Forward", "Index Name": "idx_lineitem_orderkey", "Relation Name": "lineitem", "Alias": "lineitem", "Startup Cost": 0.0, "Total Cost": 0.91, "Plan Rows": 3, "Plan Width": 40, "Index Cond": "(l_orderkey = orders.o_orderkey)", "Filter": "((l_shipdate >= '1995-01-01 00:00:00'::timestamp(0) without time zone) AND (l_shipdate <= '1996-12-31 00:00:00'::timestamp(0) without time zone))"}]}, {"Node Type": "Hash", "Parent Relationship": "Inner", "Startup Cost": 3283.0, "Total Cost": 3283.0, "Plan Rows": 100000, "Plan Width": 12, "Plans": [{"Node Type": "Seq Scan", "Parent Relationship": "Outer", "Relation Name": "supplier", "Alias": "supplier", "Startup Cost": 0.0, "Total Cost": 3283.0, "Plan Rows": 100000, "Plan Width": 12}]}]}]}]}, "Unique SQL Id": 2208782157, "Planner Runtime": 2}, "explain_analyze_plan": {"Plan": {"Node Type": "Aggregate", "Strategy": "Sorted", "Startup Cost": 655078.59, "Total Cost": 655189.23, "Plan Rows": 3688, "Plan Width": 84, "Actual Startup Time": 19790.584, "Actual Total Time": 19824.405, "Actual Rows": 4, "Actual Loops": 1, "Group By Key": ["n1.n_name", "n2.n_name", "(date_part('year'::text, lineitem.l_shipdate))"], "Plans": [{"Node Type": "Sort", "Parent Relationship": "Outer", "Startup Cost": 655078.59, "Total Cost": 655087.81, "Plan Rows": 3688, "Plan Width": 76, "Actual Startup Time": 19779.431, "Actual Total Time": 19785.255, "Actual Rows": 58554, "Actual Loops": 1, "Sort Key": ["n1.n_name", "n2.n_name", "(date_part('year'::text, lineitem.l_shipdate))"], "Sort Method": "quicksort", "Sort Space Used": 10686, "Sort Space Type": "Memory", "Plans": [{"Node Type": "Hash Join", "Parent Relationship": "Outer", "Join Type": "Inner", "Startup Cost": 4783.0, "Total Cost": 654860.1, "Plan Rows": 3688, "Plan Width": 76, "Actual Startup Time": 67.835, "Actual Total Time": 19726.902, "Actual Rows": 58554, "Actual Loops": 1, "Inner Unique": true, "Hash Cond": "((lineitem.l_suppkey = supplier.s_suppkey) AND (n1.n_nationkey = supplier.s_nationkey))", "Plans": [{"Node Type": "Nested Loop", "Parent Relationship": "Outer", "Join Type": "Inner", "Startup Cost": 0.0, "Total Cost": 644493.13, "Plan Rows": 740786, "Plan Width": 88, "Actual Startup Time": 0.149, "Actual Total Time": 18931.71, "Actual Rows": 1459150, "Actual Loops": 1, "Inner Unique": false, "Plans": [{"Node Type": "Nested Loop", "Parent Relationship": "Outer", "Join Type": "Inner", "Startup Cost": 0.0, "Total Cost": 167755.5, "Plan Rows": 504972, "Plan Width": 64, "Actual Startup Time": 0.099, "Actual Total Time": 3934.164, "Actual Rows": 1200363, "Actual Loops": 1, "Inner Unique": false, "Plans": [{"Node Type": "Nested Loop", "Parent Relationship": "Outer", "Join Type": "Inner", "Startup Cost": 0.0, "Total Cost": 16632.98, "Plan Rows": 119904, "Plan Width": 64, "Actual Startup Time": 0.09, "Actual Total Time": 215.292, "Actual Rows": 119972, "Actual Loops": 1, "Inner Unique": false, "Plans": [{"Node Type": "Nested Loop", "Parent Relationship": "Outer", "Join Type": "Inner", "Startup Cost": 0.0, "Total Cost": 28.12, "Plan Rows": 2, "Plan Width": 60, "Actual Startup Time": 0.057, "Actual Total Time": 0.162, "Actual Rows": 2, "Actual Loops": 1, "Inner Unique": false, "Join Filter": "(((n1.n_name = 'JAPAN'::bpchar) AND (n2.n_name = 'INDIA'::bpchar)) OR ((n1.n_name = 'INDIA'::bpchar) AND (n2.n_name = 'JAPAN'::bpchar)))", "Rows Removed by Join Filter": 2, "Plans": [{"Node Type": "Index Scan", "Parent Relationship": "Outer", "Scan Direction": "Forward", "Index Name": "nation_pkey", "Relation Name": "nation", "Alias": "n1", "Startup Cost": 0.0, "Total Cost": 12.75, "Plan Rows": 25, "Plan Width": 30, "Actual Startup Time": 0.026, "Actual Total Time": 0.052, "Actual Rows": 2, "Actual Loops": 1, "Filter": "((n_name = 'JAPAN'::bpchar) OR (n_name = 'INDIA'::bpchar))", "Rows Removed by Filter": 23}, {"Node Type": "Materialize", "Parent Relationship": "Inner", "Startup Cost": 0.0, "Total Cost": 1.38, "Plan Rows": 25, "Plan Width": 30, "Actual Startup Time": 0.025, "Actual Total Time": 0.052, "Actual Rows": 4, "Actual Loops": 2, "Plans": [{"Node Type": "Seq Scan", "Parent Relationship": "Outer", "Relation Name": "nation", "Alias": "n2", "Startup Cost": 0.0, "Total Cost": 1.25, "Plan Rows": 25, "Plan Width": 30, "Actual Startup Time": 0.02, "Actual Total Time": 0.044, "Actual Rows": 2, "Actual Loops": 1, "Filter": "((n_name = 'INDIA'::bpchar) OR (n_name = 'JAPAN'::bpchar))", "Rows Removed by Filter": 23}]}]}, {"Node Type": "Index Scan", "Parent Relationship": "Inner", "Scan Direction": "Forward", "Index Name": "idx_customer_nationkey", "Relation Name": "customer", "Alias": "customer", "Startup Cost": 0.0, "Total Cost": 7702.43, "Plan Rows": 60000, "Plan Width": 12, "Actual Startup Time": 0.049, "Actual Total Time": 183.611, "Actual Rows": 119972, "Actual Loops": 2, "Index Cond": "(c_nationkey = n2.n_nationkey)", "Rows Removed by Index Recheck": 0}]}, {"Node Type": "Index Scan", "Parent Relationship": "Inner", "Scan Direction": "Forward", "Index Name": "idx_orders_custkey", "Relation Name": "orders", "Alias": "orders", "Startup Cost": 0.0, "Total Cost": 1.22, "Plan Rows": 4, "Plan Width": 16, "Actual Startup Time": 730.727, "Actual Total Time": 3375.202, "Actual Rows": 1200363, "Actual Loops": 119972, "Index Cond": "(o_custkey = customer.c_custkey)", "Rows Removed by Index Recheck": 0}]}, {"Node Type": "Index Scan", "Parent Relationship": "Inner", "Scan Direction": "Forward", "Index Name": "idx_lineitem_orderkey", "Relation Name": "lineitem", "Alias": "lineitem", "Startup Cost": 0.0, "Total Cost": 0.91, "Plan Rows": 3, "Plan Width": 40, "Actual Startup Time": 12853.439, "Actual Total Time": 14028.688, "Actual Rows": 1459150, "Actual Loops": 1200363, "Index Cond": "(l_orderkey = orders.o_orderkey)", "Rows Removed by Index Recheck": 0, "Filter": "((l_shipdate >= '1995-01-01 00:00:00'::timestamp(0) without time zone) AND (l_shipdate <= '1996-12-31 00:00:00'::timestamp(0) without time zone))", "Rows Removed by Filter": 3342563}]}, {"Node Type": "Hash", "Parent Relationship": "Inner", "Startup Cost": 3283.0, "Total Cost": 3283.0, "Plan Rows": 100000, "Plan Width": 12, "Actual Startup Time": 67.411, "Actual Total Time": 67.411, "Actual Rows": 100000, "Actual Loops": 1, "Hash Buckets": 131072, "Hash Batches": 1, "Original Hash Batches": 1, "Peak Memory Usage": 4297, "Plans": [{"Node Type": "Seq Scan", "Parent Relationship": "Outer", "Relation Name": "supplier", "Alias": "supplier", "Startup Cost": 0.0, "Total Cost": 3283.0, "Plan Rows": 100000, "Plan Width": 12, "Actual Startup Time": 0.02, "Actual Total Time": 36.463, "Actual Rows": 100000, "Actual Loops": 1}]}]}]}]}, "Triggers": [], "Planner Runtime": 2, "Total Runtime": 19824.86, "Unique SQL Id": 2208782157}}, "(1, 45)": {"explain_plan": {"Plan": {"Node Type": "Aggregate", "Strategy": "Sorted", "Startup Cost": 657141.64, "Total Cost": 657252.28, "Plan Rows": 3688, "Plan Width": 84, "Group By Key": ["n1.n_name", "n2.n_name", "(date_part('year'::text, lineitem.l_shipdate))"], "Plans": [{"Node Type": "Sort", "Parent Relationship": "Outer", "Startup Cost": 657141.64, "Total Cost": 657150.86, "Plan Rows": 3688, "Plan Width": 76, "Sort Key": ["n1.n_name", "n2.n_name", "(date_part('year'::text, lineitem.l_shipdate))"], "Plans": [{"Node Type": "Hash Join", "Parent Relationship": "Outer", "Join Type": "Inner", "Startup Cost": 6834.54, "Total Cost": 656923.15, "Plan Rows": 3688, "Plan Width": 76, "Inner Unique": true, "Hash Cond": "((lineitem.l_suppkey = supplier.s_suppkey) AND (n1.n_nationkey = supplier.s_nationkey))", "Plans": [{"Node Type": "Nested Loop", "Parent Relationship": "Outer", "Join Type": "Inner", "Startup Cost": 0.0, "Total Cost": 644504.63, "Plan Rows": 740786, "Plan Width": 88, "Inner Unique": false, "Plans": [{"Node Type": "Nested Loop", "Parent Relationship": "Outer", "Join Type": "Inner", "Startup Cost": 0.0, "Total Cost": 167767.0, "Plan Rows": 504972, "Plan Width": 64, "Inner Unique": false, "Plans": [{"Node Type": "Nested Loop", "Parent Relationship": "Outer", "Join Type": "Inner", "Startup Cost": 0.0, "Total Cost": 16644.48, "Plan Rows": 119904, "Plan Width": 64, "Inner Unique": false, "Plans": [{"Node Type": "Nested Loop", "Parent Relationship": "Outer", "Join Type": "Inner", "Startup Cost": 0.0, "Total Cost": 39.62, "Plan Rows": 2, "Plan Width": 60, "Inner Unique": false, "Join Filter": "(((n1.n_name = 'JAPAN'::bpchar) AND (n2.n_name = 'INDIA'::bpchar)) OR ((n1.n_name = 'INDIA'::bpchar) AND (n2.n_name = 'JAPAN'::bpchar)))", "Plans": [{"Node Type": "Index Scan", "Parent Relationship": "Outer", "Scan Direction": "Forward", "Index Name": "nation_pkey", "Relation Name": "nation", "Alias": "n1", "Startup Cost": 0.0, "Total Cost": 12.75, "Plan Rows": 25, "Plan Width": 30, "Filter": "((n_name = 'JAPAN'::bpchar) OR (n_name = 'INDIA'::bpchar))"}, {"Node Type": "Materialize", "Parent Relationship": "Inner", "Startup Cost": 0.0, "Total Cost": 12.88, "Plan Rows": 25, "Plan Width": 30, "Plans": [{"Node Type": "Index Scan", "Parent Relationship": "Outer", "Scan Direction": "Forward", "Index Name": "nation_pkey", "Relation Name": "nation", "Alias": "n2", "Startup Cost": 0.0, "Total Cost": 12.75, "Plan Rows": 25, "Plan Width": 30, "Filter": "((n_name = 'INDIA'::bpchar) OR (n_name = 'JAPAN'::bpchar))"}]}]}, {"Node Type": "Index Scan", "Parent Relationship": "Inner", "Scan Direction": "Forward", "Index Name": "idx_customer_nationkey", "Relation Name": "customer", "Alias": "customer", "Startup Cost": 0.0, "Total Cost": 7702.43, "Plan Rows": 60000, "Plan Width": 12, "Index Cond": "(c_nationkey = n2.n_nationkey)"}]}, {"Node Type": "Index Scan", "Parent Relationship": "Inner", "Scan Direction": "Forward", "Index Name": "idx_orders_custkey", "Relation Name": "orders", "Alias": "orders", "Startup Cost": 0.0, "Total Cost": 1.22, "Plan Rows": 4, "Plan Width": 16, "Index Cond": "(o_custkey = customer.c_custkey)"}]}, {"Node Type": "Index Scan", "Parent Relationship": "Inner", "Scan Direction": "Forward", "Index Name": "idx_lineitem_orderkey", "Relation Name": "lineitem", "Alias": "lineitem", "Startup Cost": 0.0, "Total Cost": 0.91, "Plan Rows": 3, "Plan Width": 40, "Index Cond": "(l_orderkey = orders.o_orderkey)", "Filter": "((l_shipdate >= '1995-01-01 00:00:00'::timestamp(0) without time zone) AND (l_shipdate <= '1996-12-31 00:00:00'::timestamp(0) without time zone))"}]}, {"Node Type": "Hash", "Parent Relationship": "Inner", "Startup Cost": 5334.54, "Total Cost": 5334.54, "Plan Rows": 100000, "Plan Width": 12, "Plans": [{"Node Type": "Index Scan", "Parent Relationship": "Outer", "Scan Direction": "Forward", "Index Name": "supplier_pkey", "Relation Name": "supplier", "Alias": "supplier", "Startup Cost": 0.0, "Total Cost": 5334.54, "Plan Rows": 100000, "Plan Width": 12}]}]}]}]}, "Unique SQL Id": 2208782157, "Planner Runtime": 2}, "explain_analyze_plan": {"Plan": {"Node Type": "Aggregate", "Strategy": "Sorted", "Startup Cost": 657141.64, "Total Cost": 657252.28, "Plan Rows": 3688, "Plan Width": 84, "Actual Startup Time": 19733.098, "Actual Total Time": 19766.62, "Actual Rows": 4, "Actual Loops": 1, "Group By Key": ["n1.n_name", "n2.n_name", "(date_part('year'::text, lineitem.l_shipdate))"], "Plans": [{"Node Type": "Sort", "Parent Relationship": "Outer", "Startup Cost": 657141.64, "Total Cost": 657150.86, "Plan Rows": 3688, "Plan Width": 76, "Actual Startup Time": 19721.972, "Actual Total Time": 19727.673, "Actual Rows": 58554, "Actual Loops": 1, "Sort Key": ["n1.n_name", "n2.n_name", "(date_part('year'::text, lineitem.l_shipdate))"], "Sort Method": "quicksort", "Sort Space Used": 10686, "Sort Space Type": "Memory", "Plans": [{"Node Type": "Hash Join", "Parent Relationship": "Outer", "Join Type": "Inner", "Startup Cost": 6834.54, "Total Cost": 656923.15, "Plan Rows": 3688, "Plan Width": 76, "Actual Startup Time": 111.799, "Actual Total Time": 19668.23, "Actual Rows": 58554, "Actual Loops": 1, "Inner Unique": true, "Hash Cond": "((lineitem.l_suppkey = supplier.s_suppkey) AND (n1.n_nationkey = supplier.s_nationkey))", "Plans": [{"Node Type": "Nested Loop", "Parent Relationship": "Outer", "Join Type": "Inner", "Startup Cost": 0.0, "Total Cost": 644504.63, "Plan Rows": 740786, "Plan Width": 88, "Actual Startup Time": 0.174, "Actual Total Time": 18849.787, "Actual Rows": 1459150, "Actual Loops": 1, "Inner Unique": false, "Plans": [{"Node Type": "Nested Loop", "Parent Relationship": "Outer", "Join Type": "Inner", "Startup Cost": 0.0, "Total Cost": 167767.0, "Plan Rows": 504972, "Plan Width": 64, "Actual Startup Time": 0.098, "Actual Total Time": 3904.575, "Actual Rows": 1200363, "Actual Loops": 1, "Inner Unique": false, "Plans": [{"Node Type": "Nested Loop", "Parent Relationship": "Outer", "Join Type": "Inner", "Startup Cost": 0.0, "Total Cost": 16644.48, "Plan Rows": 119904, "Plan Width": 64, "Actual Startup Time": 0.083, "Actual Total Time": 216.446, "Actual Rows": 119972, "Actual Loops": 1, "Inner Unique": false, "Plans": [{"Node Type": "Nested Loop", "Parent Relationship": "Outer", "Join Type": "Inner", "Startup Cost": 0.0, "Total Cost": 39.62, "Plan Rows": 2, "Plan Width": 60, "Actual Startup Time": 0.046, "Actual Total Time": 0.265, "Actual Rows": 2, "Actual Loops": 1, "Inner Unique": false, "Join Filter": "(((n1.n_name = 'JAPAN'::bpchar) AND (n2.n_name = 'INDIA'::bpchar)) OR ((n1.n_name = 'INDIA'::bpchar) AND (n2.n_name = 'JAPAN'::bpchar)))", "Rows Removed by Join Filter": 2, "Plans": [{"Node Type": "Index Scan", "Parent Relationship": "Outer", "Scan Direction": "Forward", "Index Name": "nation_pkey", "Relation Name": "nation", "Alias": "n1", "Startup Cost": 0.0, "Total Cost": 12.75, "Plan Rows": 25, "Plan Width": 30, "Actual Startup Time": 0.021, "Actual Total Time": 0.046, "Actual Rows": 2, "Actual Loops": 1, "Filter": "((n_name = 'JAPAN'::bpchar) OR (n_name = 'INDIA'::bpchar))", "Rows Removed by Filter": 23}, {"Node Type": "Materialize", "Parent Relationship": "Inner", "Startup Cost": 0.0, "Total Cost": 12.88, "Plan Rows": 25, "Plan Width": 30, "Actual Startup Time": 0.015, "Actual Total Time": 0.04, "Actual Rows": 4, "Actual Loops": 2, "Plans": [{"Node Type": "Index Scan", "Parent Relationship": "Outer", "Scan Direction": "Forward", "Index Name": "nation_pkey", "Relation Name": "nation", "Alias": "n2", "Startup Cost": 0.0, "Total Cost": 12.75, "Plan Rows": 25, "Plan Width": 30, "Actual Startup Time": 0.011, "Actual Total Time": 0.031, "Actual Rows": 2, "Actual Loops": 1, "Filter": "((n_name = 'INDIA'::bpchar) OR (n_name = 'JAPAN'::bpchar))", "Rows Removed by Filter": 23}]}]}, {"Node Type": "Index Scan", "Parent Relationship": "Inner", "Scan Direction": "Forward", "Index Name": "idx_customer_nationkey", "Relation Name": "customer", "Alias": "customer", "Startup Cost": 0.0, "Total Cost": 7702.43, "Plan Rows": 60000, "Plan Width": 12, "Actual Startup Time": 0.094, "Actual Total Time": 181.109, "Actual Rows": 119972, "Actual Loops": 2, "Index Cond": "(c_nationkey = n2.n_nationkey)", "Rows Removed by Index Recheck": 0}]}, {"Node Type": "Index Scan", "Parent Relationship": "Inner", "Scan Direction": "Forward", "Index Name": "idx_orders_custkey", "Relation Name": "orders", "Alias": "orders", "Startup Cost": 0.0, "Total Cost": 1.22, "Plan Rows": 4, "Plan Width": 16, "Actual Startup Time": 725.454, "Actual Total Time": 3338.391, "Actual Rows": 1200363, "Actual Loops": 119972, "Index Cond": "(o_custkey = customer.c_custkey)", "Rows Removed by Index Recheck": 0}]}, {"Node Type": "Index Scan", "Parent Relationship": "Inner", "Scan Direction": "Forward", "Index Name": "idx_lineitem_orderkey", "Relation Name": "lineitem", "Alias": "lineitem", "Startup Cost": 0.0, "Total Cost": 0.91, "Plan Rows": 3, "Plan Width": 40, "Actual Startup Time": 12809.11, "Actual Total Time": 13980.183, "Actual Rows": 1459150, "Actual Loops": 1200363, "Index Cond": "(l_orderkey = orders.o_orderkey)", "Rows Removed by Index Recheck": 0, "Filter": "((l_shipdate >= '1995-01-01 00:00:00'::timestamp(0) without time zone) AND (l_shipdate <= '1996-12-31 00:00:00'::timestamp(0) without time zone))", "Rows Removed by Filter": 3342563}]}, {"Node Type": "Hash", "Parent Relationship": "Inner", "Startup Cost": 5334.54, "Total Cost": 5334.54, "Plan Rows": 100000, "Plan Width": 12, "Actual Startup Time": 111.347, "Actual Total Time": 111.347, "Actual Rows": 100000, "Actual Loops": 1, "Hash Buckets": 131072, "Hash Batches": 1, "Original Hash Batches": 1, "Peak Memory Usage": 4297, "Plans": [{"Node Type": "Index Scan", "Parent Relationship": "Outer", "Scan Direction": "Forward", "Index Name": "supplier_pkey", "Relation Name": "supplier", "Alias": "supplier", "Startup Cost": 0.0, "Total Cost": 5334.54, "Plan Rows": 100000, "Plan Width": 12, "Actual Startup Time": 0.023, "Actual Total Time": 78.07, "Actual Rows": 100000, "Actual Loops": 1}]}]}]}]}, "Triggers": [], "Planner Runtime": 2, "Total Runtime": 19767.235, "Unique SQL Id": 2208782157}}, "(1, 46)": {"explain_plan": {"Plan": {"Node Type": "Aggregate", "Strategy": "Sorted", "Startup Cost": 2961260.33, "Total Cost": 2961370.97, "Plan Rows": 3688, "Plan Width": 84, "Group By Key": ["n1.n_name", "n2.n_name", "(date_part('year'::text, lineitem.l_shipdate))"], "Plans": [{"Node Type": "Sort", "Parent Relationship": "Outer", "Startup Cost": 2961260.33, "Total Cost": 2961269.55, "Plan Rows": 3688, "Plan Width": 76, "Sort Key": ["n1.n_name", "n2.n_name", "(date_part('year'::text, lineitem.l_shipdate))"], "Plans": [{"Node Type": "Hash Join", "Parent Relationship": "Outer", "Join Type": "Inner", "Startup Cost": 557677.26, "Total Cost": 2961041.84, "Plan Rows": 3688, "Plan Width": 76, "Inner Unique": true, "Hash Cond": "((lineitem.l_suppkey = supplier.s_suppkey) AND (n1.n_nationkey = supplier.s_nationkey))", "Plans": [{"Node Type": "Hash Join", "Parent Relationship": "Outer", "Join Type": "Inner", "Startup Cost": 552894.26, "Total Cost": 2950674.86, "Plan Rows": 740786, "Plan Width": 88, "Inner Unique": false, "Hash Cond": "(lineitem.l_orderkey = orders.o_orderkey), (LLVM Optimized)", "Plans": [{"Node Type": "Seq Scan", "Parent Relationship": "Outer", "Relation Name": "lineitem", "Alias": "lineitem", "Startup Cost": 44.73, "Total Cost": 2315050.5, "Plan Rows": 18124991, "Plan Width": 40, "Filter": "((l_shipdate >= '1995-01-01 00:00:00'::timestamp(0) without time zone) AND (l_shipdate <= '1996-12-31 00:00:00'::timestamp(0) without time zone)), (LLVM Optimized)"}, {"Node Type": "Hash", "Parent Relationship": "Inner", "Startup Cost": 546537.38, "Total Cost": 546537.38, "Plan Rows": 504972, "Plan Width": 64, "Plans": [{"Node Type": "Hash Join", "Parent Relationship": "Outer", "Join Type": "Inner", "Startup Cost": 58825.83, "Total Cost": 546537.38, "Plan Rows": 504972, "Plan Width": 64, "Inner Unique": false, "Hash Cond": "(orders.o_custkey = customer.c_custkey), (LLVM Optimized)", "Plans": [{"Node Type": "Seq Scan", "Parent Relationship": "Outer", "Relation Name": "orders", "Alias": "orders", "Startup Cost": 0.0, "Total Cost": 426413.79, "Plan Rows": 14999479, "Plan Width": 16}, {"Node Type": "Hash", "Parent Relationship": "Inner", "Startup Cost": 57327.03, "Total Cost": 57327.03, "Plan Rows": 119904, "Plan Width": 64, "Plans": [{"Node Type": "Hash Join", "Parent Relationship": "Outer", "Join Type": "Inner", "Startup Cost": 16.65, "Total Cost": 57327.03, "Plan Rows": 119904, "Plan Width": 64, "Inner Unique": false, "Hash Cond": "(customer.c_nationkey = n2.n_nationkey), (LLVM Optimized)", "Plans": [{"Node Type": "Seq Scan", "Parent Relationship": "Outer", "Relation Name": "customer", "Alias": "customer", "Startup Cost": 0.0, "Total Cost": 52126.0, "Plan Rows": 1500000, "Plan Width": 12}, {"Node Type": "Hash", "Parent Relationship": "Inner", "Startup Cost": 16.62, "Total Cost": 16.62, "Plan Rows": 2, "Plan Width": 60, "Plans": [{"Node Type": "Nested Loop", "Parent Relationship": "Outer", "Join Type": "Inner", "Startup Cost": 0.0, "Total Cost": 16.62, "Plan Rows": 2, "Plan Width": 60, "Inner Unique": false, "Join Filter": "(((n1.n_name = 'JAPAN'::bpchar) AND (n2.n_name = 'INDIA'::bpchar)) OR ((n1.n_name = 'INDIA'::bpchar) AND (n2.n_name = 'JAPAN'::bpchar)))", "Plans": [{"Node Type": "Seq Scan", "Parent Relationship": "Outer", "Relation Name": "nation", "Alias": "n1", "Startup Cost": 0.0, "Total Cost": 1.25, "Plan Rows": 25, "Plan Width": 30, "Filter": "((n_name = 'JAPAN'::bpchar) OR (n_name = 'INDIA'::bpchar))"}, {"Node Type": "Materialize", "Parent Relationship": "Inner", "Startup Cost": 0.0, "Total Cost": 1.38, "Plan Rows": 25, "Plan Width": 30, "Plans": [{"Node Type": "Seq Scan", "Parent Relationship": "Outer", "Relation Name": "nation", "Alias": "n2", "Startup Cost": 0.0, "Total Cost": 1.25, "Plan Rows": 25, "Plan Width": 30, "Filter": "((n_name = 'INDIA'::bpchar) OR (n_name = 'JAPAN'::bpchar))"}]}]}]}]}]}]}]}]}, {"Node Type": "Hash", "Parent Relationship": "Inner", "Startup Cost": 3283.0, "Total Cost": 3283.0, "Plan Rows": 100000, "Plan Width": 12, "Plans": [{"Node Type": "Seq Scan", "Parent Relationship": "Outer", "Relation Name": "supplier", "Alias": "supplier", "Startup Cost": 0.0, "Total Cost": 3283.0, "Plan Rows": 100000, "Plan Width": 12}]}]}]}]}, "Unique SQL Id": 2208782157, "Planner Runtime": 2}, "explain_analyze_plan": null}, "(1, 47)": {"explain_plan": {"Plan": {"Node Type": "Aggregate", "Strategy": "Sorted", "Startup Cost": 6025775461631.13, "Total Cost": 6025775461741.77, "Plan Rows": 3688, "Plan Width": 84, "Group By Key": ["n1.n_name", "n2.n_name", "(date_part('year'::text, lineitem.l_shipdate))"], "Plans": [{"Node Type": "Sort", "Parent Relationship": "Outer", "Startup Cost": 6025775461631.13, "Total Cost": 6025775461640.35, "Plan Rows": 3688, "Plan Width": 76, "Sort Key": ["n1.n_name", "n2.n_name", "(date_part('year'::text, lineitem.l_shipdate))"], "Plans": [{"Node Type": "Nested Loop", "Parent Relationship": "Outer", "Join Type": "Inner", "Startup Cost": 60000000000.0, "Total Cost": 6025775461412.64, "Plan Rows": 3688, "Plan Width": 76, "Inner Unique": false, "Join Filter": "((orders.o_custkey = customer.c_custkey) AND (n2.n_nationkey = customer.c_nationkey))", "Plans": [{"Node Type": "Index Scan", "Parent Relationship": "Outer", "Scan Direction": "Forward", "Index Name": "customer_pkey", "Relation Name": "customer", "Alias": "customer", "Startup Cost": 10000000000.0, "Total Cost": 1000008076535.62, "Plan Rows": 1500000, "Plan Width": 12}, {"Node Type": "Materialize", "Parent Relationship": "Inner", "Startup Cost": 50000000000.0, "Total Cost": 5023346951348.32, "Plan Rows": 92207, "Plan Width": 88, "Plans": [{"Node Type": "Nested Loop", "Parent Relationship": "Outer", "Join Type": "Inner", "Startup Cost": 50000000000.0, "Total Cost": 5023346950887.28, "Plan Rows": 92207, "Plan Width": 88, "Inner Unique": true, "Join Filter": "(lineitem.l_orderkey = orders.o_orderkey)", "Plans": [{"Node Type": "Nested Loop", "Parent Relationship": "Outer", "Join Type": "Inner", "Startup Cost": 40000000000.0, "Total Cost": 4002527961142.79, "Plan Rows": 92207, "Plan Width": 88, "Inner Unique": false, "Join Filter": "(supplier.s_suppkey = lineitem.l_suppkey)", "Plans": [{"Node Type": "Nested Loop", "Parent Relationship": "Outer", "Join Type": "Inner", "Startup Cost": 30000000000.0, "Total Cost": 3000000539268.5, "Plan Rows": 7994, "Plan Width": 64, "Inner Unique": false, "Join Filter": "(n1.n_nationkey = supplier.s_nationkey)", "Plans": [{"Node Type": "Nested Loop", "Parent Relationship": "Outer", "Join Type": "Inner", "Startup Cost": 20000000000.0, "Total Cost": 2000000002564.12, "Plan Rows": 2, "Plan Width": 60, "Inner Unique": false, "Join Filter": "(((n1.n_name = 'JAPAN'::bpchar) AND (n2.n_name = 'INDIA'::bpchar)) OR ((n1.n_name = 'INDIA'::bpchar) AND (n2.n_name = 'JAPAN'::bpchar)))", "Plans": [{"Node Type": "Index Scan", "Parent Relationship": "Outer", "Scan Direction": "Forward", "Index Name": "nation_pkey", "Relation Name": "nation", "Alias": "n2", "Startup Cost": 10000000000.0, "Total Cost": 1000000001275.0, "Plan Rows": 25, "Plan Width": 30, "Filter": "((n_name = 'INDIA'::bpchar) OR (n_name = 'JAPAN'::bpchar))"}, {"Node Type": "Materialize", "Parent Relationship": "Inner", "Startup Cost": 10000000000.0, "Total Cost": 1000000001275.12, "Plan Rows": 25, "Plan Width": 30, "Plans": [{"Node Type": "Index Scan", "Parent Relationship": "Outer", "Scan Direction": "Forward", "Index Name": "nation_pkey", "Relation Name": "nation", "Alias": "n1", "Startup Cost": 10000000000.0, "Total Cost": 1000000001275.0, "Plan Rows": 25, "Plan Width": 30, "Filter": "((n_name = 'JAPAN'::bpchar) OR (n_name = 'INDIA'::bpchar))"}]}]}, {"Node Type": "Materialize", "Parent Relationship": "Inner", "Startup Cost": 10000000000.0, "Total Cost": 1000000533954.38, "Plan Rows": 100000, "Plan Width": 12, "Plans": [{"Node Type": "Index Scan", "Parent Relationship": "Outer", "Scan Direction": "Forward", "Index Name": "supplier_pkey", "Relation Name": "supplier", "Alias": "supplier", "Startup Cost": 10000000000.0, "Total Cost": 1000000533454.38, "Plan Rows": 100000, "Plan Width": 12}]}]}, {"Node Type": "Materialize", "Parent Relationship": "Inner", "Startup Cost": 10000000000.0, "Total Cost": 1000354099515.95, "Plan Rows": 18124991, "Plan Width": 40, "Plans": [{"Node Type": "Index Scan", "Parent Relationship": "Outer", "Scan Direction": "Forward", "Index Name": "idx_lineitem_orderkey", "Relation Name": "lineitem", "Alias": "lineitem", "Startup Cost": 10000000000.0, "Total Cost": 1000354008891.0, "Plan Rows": 18124991, "Plan Width": 40, "Filter": "((l_shipdate >= '1995-01-01 00:00:00'::timestamp(0) without time zone) AND (l_shipdate <= '1996-12-31 00:00:00'::timestamp(0) without time zone)), (LLVM Optimized)"}]}]}, {"Node Type": "Materialize", "Parent Relationship": "Inner", "Startup Cost": 10000000000.0, "Total Cost": 1000073172840.9, "Plan Rows": 14999479, "Plan Width": 16, "Plans": [{"Node Type": "Index Scan", "Parent Relationship": "Outer", "Scan Direction": "Forward", "Index Name": "orders_pkey", "Relation Name": "orders", "Alias": "orders", "Startup Cost": 10000000000.0, "Total Cost": 1000073097843.5, "Plan Rows": 14999479, "Plan Width": 16}]}]}]}]}]}]}, "Unique SQL Id": 2208782157, "Planner Runtime": 2}, "explain_analyze_plan": null}, "(1, 48)": {"explain_plan": {"Plan": {"Node Type": "Aggregate", "Strategy": "Sorted", "Startup Cost": 852689.5, "Total Cost": 852800.14, "Plan Rows": 3688, "Plan Width": 84, "Group By Key": ["n1.n_name", "n2.n_name", "(date_part('year'::text, lineitem.l_shipdate))"], "Plans": [{"Node Type": "Sort", "Parent Relationship": "Outer", "Startup Cost": 852689.5, "Total Cost": 852698.72, "Plan Rows": 3688, "Plan Width": 76, "Sort Key": ["n1.n_name", "n2.n_name", "(date_part('year'::text, lineitem.l_shipdate))"], "Plans": [{"Node Type": "Nested Loop", "Parent Relationship": "Outer", "Join Type": "Inner", "Startup Cost": 1030.37, "Total Cost": 852471.01, "Plan Rows": 3688, "Plan Width": 76, "Inner Unique": true, "Join Filter": "(n1.n_nationkey = supplier.s_nationkey)", "Plans": [{"Node Type": "Nested Loop", "Parent Relationship": "Outer", "Join Type": "Inner", "Startup Cost": 1030.37, "Total Cost": 642753.24, "Plan Rows": 740786, "Plan Width": 88, "Inner Unique": false, "Plans": [{"Node Type": "Nested Loop", "Parent Relationship": "Outer", "Join Type": "Inner", "Startup Cost": 1030.37, "Total Cost": 166015.61, "Plan Rows": 504972, "Plan Width": 64, "Inner Unique": false, "Plans": [{"Node Type": "Nested Loop", "Parent Relationship": "Outer", "Join Type": "Inner", "Startup Cost": 1030.37, "Total Cost": 14893.09, "Plan Rows": 119904, "Plan Width": 64, "Inner Unique": false, "Plans": [{"Node Type": "Nested Loop", "Parent Relationship": "Outer", "Join Type": "Inner", "Startup Cost": 0.0, "Total Cost": 28.12, "Plan Rows": 2, "Plan Width": 60, "Inner Unique": false, "Join Filter": "(((n1.n_name = 'JAPAN'::bpchar) AND (n2.n_name = 'INDIA'::bpchar)) OR ((n1.n_name = 'INDIA'::bpchar) AND (n2.n_name = 'JAPAN'::bpchar)))", "Plans": [{"Node Type": "Index Scan", "Parent Relationship": "Outer", "Scan Direction": "Forward", "Index Name": "nation_pkey", "Relation Name": "nation", "Alias": "n1", "Startup Cost": 0.0, "Total Cost": 12.75, "Plan Rows": 25, "Plan Width": 30, "Filter": "((n_name = 'JAPAN'::bpchar) OR (n_name = 'INDIA'::bpchar))"}, {"Node Type": "Materialize", "Parent Relationship": "Inner", "Startup Cost": 0.0, "Total Cost": 1.38, "Plan Rows": 25, "Plan Width": 30, "Plans": [{"Node Type": "Seq Scan", "Parent Relationship": "Outer", "Relation Name": "nation", "Alias": "n2", "Startup Cost": 0.0, "Total Cost": 1.25, "Plan Rows": 25, "Plan Width": 30, "Filter": "((n_name = 'INDIA'::bpchar) OR (n_name = 'JAPAN'::bpchar))"}]}]}, {"Node Type": "Bitmap Heap Scan", "Parent Relationship": "Inner", "Relation Name": "customer", "Alias": "customer", "Startup Cost": 1030.37, "Total Cost": 6832.48, "Plan Rows": 60000, "Plan Width": 12, "Recheck Cond": "(c_nationkey = n2.n_nationkey)", "Plans": [{"Node Type": "Bitmap Index Scan", "Parent Relationship": "Outer", "Index Name": "idx_customer_nationkey", "Startup Cost": 0.0, "Total Cost": 1015.37, "Plan Rows": 60000, "Plan Width": 0, "Index Cond": "(c_nationkey = n2.n_nationkey)"}]}]}, {"Node Type": "Index Scan", "Parent Relationship": "Inner", "Scan Direction": "Forward", "Index Name": "idx_orders_custkey", "Relation Name": "orders", "Alias": "orders", "Startup Cost": 0.0, "Total Cost": 1.22, "Plan Rows": 4, "Plan Width": 16, "Index Cond": "(o_custkey = customer.c_custkey)"}]}, {"Node Type": "Index Scan", "Parent Relationship": "Inner", "Scan Direction": "Forward", "Index Name": "idx_lineitem_orderkey", "Relation Name": "lineitem", "Alias": "lineitem", "Startup Cost": 0.0, "Total Cost": 0.91, "Plan Rows": 3, "Plan Width": 40, "Index Cond": "(l_orderkey = orders.o_orderkey)", "Filter": "((l_shipdate >= '1995-01-01 00:00:00'::timestamp(0) without time zone) AND (l_shipdate <= '1996-12-31 00:00:00'::timestamp(0) without time zone))"}]}, {"Node Type": "Index Scan", "Parent Relationship": "Inner", "Scan Direction": "Forward", "Index Name": "supplier_pkey", "Relation Name": "supplier", "Alias": "supplier", "Startup Cost": 0.0, "Total Cost": 0.27, "Plan Rows": 1, "Plan Width": 12, "Index Cond": "(s_suppkey = lineitem.l_suppkey)"}]}]}]}, "Unique SQL Id": 2208782157, "Planner Runtime": 1}, "explain_analyze_plan": {"Plan": {"Node Type": "Aggregate", "Strategy": "Sorted", "Startup Cost": 852689.5, "Total Cost": 852800.14, "Plan Rows": 3688, "Plan Width": 84, "Actual Startup Time": 27820.624, "Actual Total Time": 27854.874, "Actual Rows": 4, "Actual Loops": 1, "Group By Key": ["n1.n_name", "n2.n_name", "(date_part('year'::text, lineitem.l_shipdate))"], "Plans": [{"Node Type": "Sort", "Parent Relationship": "Outer", "Startup Cost": 852689.5, "Total Cost": 852698.72, "Plan Rows": 3688, "Plan Width": 76, "Actual Startup Time": 27809.336, "Actual Total Time": 27815.254, "Actual Rows": 58554, "Actual Loops": 1, "Sort Key": ["n1.n_name", "n2.n_name", "(date_part('year'::text, lineitem.l_shipdate))"], "Sort Method": "quicksort", "Sort Space Used": 10686, "Sort Space Type": "Memory", "Plans": [{"Node Type": "Nested Loop", "Parent Relationship": "Outer", "Join Type": "Inner", "Startup Cost": 1030.37, "Total Cost": 852471.01, "Plan Rows": 3688, "Plan Width": 76, "Actual Startup Time": 18.058, "Actual Total Time": 27750.717, "Actual Rows": 58554, "Actual Loops": 1, "Inner Unique": true, "Join Filter": "(n1.n_nationkey = supplier.s_nationkey)", "Rows Removed by Join Filter": 1400596, "Plans": [{"Node Type": "Nested Loop", "Parent Relationship": "Outer", "Join Type": "Inner", "Startup Cost": 1030.37, "Total Cost": 642753.24, "Plan Rows": 740786, "Plan Width": 88, "Actual Startup Time": 17.918, "Actual Total Time": 19750.354, "Actual Rows": 1459150, "Actual Loops": 1, "Inner Unique": false, "Plans": [{"Node Type": "Nested Loop", "Parent Relationship": "Outer", "Join Type": "Inner", "Startup Cost": 1030.37, "Total Cost": 166015.61, "Plan Rows": 504972, "Plan Width": 64, "Actual Startup Time": 17.849, "Actual Total Time": 4151.06, "Actual Rows": 1200363, "Actual Loops": 1, "Inner Unique": false, "Plans": [{"Node Type": "Nested Loop", "Parent Relationship": "Outer", "Join Type": "Inner", "Startup Cost": 1030.37, "Total Cost": 14893.09, "Plan Rows": 119904, "Plan Width": 64, "Actual Startup Time": 17.824, "Actual Total Time": 297.719, "Actual Rows": 119972, "Actual Loops": 1, "Inner Unique": false, "Plans": [{"Node Type": "Nested Loop", "Parent Relationship": "Outer", "Join Type": "Inner", "Startup Cost": 0.0, "Total Cost": 28.12, "Plan Rows": 2, "Plan Width": 60, "Actual Startup Time": 0.072, "Actual Total Time": 0.323, "Actual Rows": 2, "Actual Loops": 1, "Inner Unique": false, "Join Filter": "(((n1.n_name = 'JAPAN'::bpchar) AND (n2.n_name = 'INDIA'::bpchar)) OR ((n1.n_name = 'INDIA'::bpchar) AND (n2.n_name = 'JAPAN'::bpchar)))", "Rows Removed by Join Filter": 2, "Plans": [{"Node Type": "Index Scan", "Parent Relationship": "Outer", "Scan Direction": "Forward", "Index Name": "nation_pkey", "Relation Name": "nation", "Alias": "n1", "Startup Cost": 0.0, "Total Cost": 12.75, "Plan Rows": 25, "Plan Width": 30, "Actual Startup Time": 0.039, "Actual Total Time": 0.076, "Actual Rows": 2, "Actual Loops": 1, "Filter": "((n_name = 'JAPAN'::bpchar) OR (n_name = 'INDIA'::bpchar))", "Rows Removed by Filter": 23}, {"Node Type": "Materialize", "Parent Relationship": "Inner", "Startup Cost": 0.0, "Total Cost": 1.38, "Plan Rows": 25, "Plan Width": 30, "Actual Startup Time": 0.024, "Actual Total Time": 0.188, "Actual Rows": 4, "Actual Loops": 2, "Plans": [{"Node Type": "Seq Scan", "Parent Relationship": "Outer", "Relation Name": "nation", "Alias": "n2", "Startup Cost": 0.0, "Total Cost": 1.25, "Plan Rows": 25, "Plan Width": 30, "Actual Startup Time": 0.02, "Actual Total Time": 0.076, "Actual Rows": 2, "Actual Loops": 1, "Filter": "((n_name = 'INDIA'::bpchar) OR (n_name = 'JAPAN'::bpchar))", "Rows Removed by Filter": 23}]}]}, {"Node Type": "Bitmap Heap Scan", "Parent Relationship": "Inner", "Relation Name": "customer", "Alias": "customer", "Startup Cost": 1030.37, "Total Cost": 6832.48, "Plan Rows": 60000, "Plan Width": 12, "Actual Startup Time": 36.831, "Actual Total Time": 264.805, "Actual Rows": 119972, "Actual Loops": 2, "Recheck Cond": "(c_nationkey = n2.n_nationkey)", "Rows Removed by Index Recheck": 0, "Exact Heap Blocks": 59938, "Lossy Heap Blocks": 59938, "Plans": [{"Node Type": "Bitmap Index Scan", "Parent Relationship": "Outer", "Index Name": "idx_customer_nationkey", "Startup Cost": 0.0, "Total Cost": 1015.37, "Plan Rows": 60000, "Plan Width": 0, "Actual Startup Time": 23.66, "Actual Total Time": 23.66, "Actual Rows": 119972, "Actual Loops": 2, "Index Cond": "(c_nationkey = n2.n_nationkey)"}]}]}, {"Node Type": "Index Scan", "Parent Relationship": "Inner", "Scan Direction": "Forward", "Index Name": "idx_orders_custkey", "Relation Name": "orders", "Alias": "orders", "Startup Cost": 0.0, "Total Cost": 1.22, "Plan Rows": 4, "Plan Width": 16, "Actual Startup Time": 756.925, "Actual Total Time": 3487.183, "Actual Rows": 1200363, "Actual Loops": 119972, "Index Cond": "(o_custkey = customer.c_custkey)", "Rows Removed by Index Recheck": 0}]}, {"Node Type": "Index Scan", "Parent Relationship": "Inner", "Scan Direction": "Forward", "Index Name": "idx_lineitem_orderkey", "Relation Name": "lineitem", "Alias": "lineitem", "Startup Cost": 0.0, "Total Cost": 0.91, "Plan Rows": 3, "Plan Width": 40, "Actual Startup Time": 13395.087, "Actual Total Time": 14614.849, "Actual Rows": 1459150, "Actual Loops": 1200363, "Index Cond": "(l_orderkey = orders.o_orderkey)", "Rows Removed by Index Recheck": 0, "Filter": "((l_shipdate >= '1995-01-01 00:00:00'::timestamp(0) without time zone) AND (l_shipdate <= '1996-12-31 00:00:00'::timestamp(0) without time zone))", "Rows Removed by Filter": 3342563}]}, {"Node Type": "Index Scan", "Parent Relationship": "Inner", "Scan Direction": "Forward", "Index Name": "supplier_pkey", "Relation Name": "supplier", "Alias": "supplier", "Startup Cost": 0.0, "Total Cost": 0.27, "Plan Rows": 1, "Plan Width": 12, "Actual Startup Time": 6328.106, "Actual Total Time": 6818.435, "Actual Rows": 1459150, "Actual Loops": 1459150, "Index Cond": "(s_suppkey = lineitem.l_suppkey)", "Rows Removed by Index Recheck": 0}]}]}]}, "Triggers": [], "Planner Runtime": 1, "Total Runtime": 27855.427, "Unique SQL Id": 2208782157}}, "(1, 49)": {"explain_plan": {"Plan": {"Node Type": "Aggregate", "Strategy": "Sorted", "Startup Cost": 852701.0, "Total Cost": 852811.64, "Plan Rows": 3688, "Plan Width": 84, "Group By Key": ["n1.n_name", "n2.n_name", "(date_part('year'::text, lineitem.l_shipdate))"], "Plans": [{"Node Type": "Sort", "Parent Relationship": "Outer", "Startup Cost": 852701.0, "Total Cost": 852710.22, "Plan Rows": 3688, "Plan Width": 76, "Sort Key": ["n1.n_name", "n2.n_name", "(date_part('year'::text, lineitem.l_shipdate))"], "Plans": [{"Node Type": "Nested Loop", "Parent Relationship": "Outer", "Join Type": "Inner", "Startup Cost": 1030.37, "Total Cost": 852482.51, "Plan Rows": 3688, "Plan Width": 76, "Inner Unique": true, "Join Filter": "(n1.n_nationkey = supplier.s_nationkey)", "Plans": [{"Node Type": "Nested Loop", "Parent Relationship": "Outer", "Join Type": "Inner", "Startup Cost": 1030.37, "Total Cost": 642764.74, "Plan Rows": 740786, "Plan Width": 88, "Inner Unique": false, "Plans": [{"Node Type": "Nested Loop", "Parent Relationship": "Outer", "Join Type": "Inner", "Startup Cost": 1030.37, "Total Cost": 166027.11, "Plan Rows": 504972, "Plan Width": 64, "Inner Unique": false, "Plans": [{"Node Type": "Nested Loop", "Parent Relationship": "Outer", "Join Type": "Inner", "Startup Cost": 1030.37, "Total Cost": 14904.59, "Plan Rows": 119904, "Plan Width": 64, "Inner Unique": false, "Plans": [{"Node Type": "Nested Loop", "Parent Relationship": "Outer", "Join Type": "Inner", "Startup Cost": 0.0, "Total Cost": 39.62, "Plan Rows": 2, "Plan Width": 60, "Inner Unique": false, "Join Filter": "(((n1.n_name = 'JAPAN'::bpchar) AND (n2.n_name = 'INDIA'::bpchar)) OR ((n1.n_name = 'INDIA'::bpchar) AND (n2.n_name = 'JAPAN'::bpchar)))", "Plans": [{"Node Type": "Index Scan", "Parent Relationship": "Outer", "Scan Direction": "Forward", "Index Name": "nation_pkey", "Relation Name": "nation", "Alias": "n1", "Startup Cost": 0.0, "Total Cost": 12.75, "Plan Rows": 25, "Plan Width": 30, "Filter": "((n_name = 'JAPAN'::bpchar) OR (n_name = 'INDIA'::bpchar))"}, {"Node Type": "Materialize", "Parent Relationship": "Inner", "Startup Cost": 0.0, "Total Cost": 12.88, "Plan Rows": 25, "Plan Width": 30, "Plans": [{"Node Type": "Index Scan", "Parent Relationship": "Outer", "Scan Direction": "Forward", "Index Name": "nation_pkey", "Relation Name": "nation", "Alias": "n2", "Startup Cost": 0.0, "Total Cost": 12.75, "Plan Rows": 25, "Plan Width": 30, "Filter": "((n_name = 'INDIA'::bpchar) OR (n_name = 'JAPAN'::bpchar))"}]}]}, {"Node Type": "Bitmap Heap Scan", "Parent Relationship": "Inner", "Relation Name": "customer", "Alias": "customer", "Startup Cost": 1030.37, "Total Cost": 6832.48, "Plan Rows": 60000, "Plan Width": 12, "Recheck Cond": "(c_nationkey = n2.n_nationkey)", "Plans": [{"Node Type": "Bitmap Index Scan", "Parent Relationship": "Outer", "Index Name": "idx_customer_nationkey", "Startup Cost": 0.0, "Total Cost": 1015.37, "Plan Rows": 60000, "Plan Width": 0, "Index Cond": "(c_nationkey = n2.n_nationkey)"}]}]}, {"Node Type": "Index Scan", "Parent Relationship": "Inner", "Scan Direction": "Forward", "Index Name": "idx_orders_custkey", "Relation Name": "orders", "Alias": "orders", "Startup Cost": 0.0, "Total Cost": 1.22, "Plan Rows": 4, "Plan Width": 16, "Index Cond": "(o_custkey = customer.c_custkey)"}]}, {"Node Type": "Index Scan", "Parent Relationship": "Inner", "Scan Direction": "Forward", "Index Name": "idx_lineitem_orderkey", "Relation Name": "lineitem", "Alias": "lineitem", "Startup Cost": 0.0, "Total Cost": 0.91, "Plan Rows": 3, "Plan Width": 40, "Index Cond": "(l_orderkey = orders.o_orderkey)", "Filter": "((l_shipdate >= '1995-01-01 00:00:00'::timestamp(0) without time zone) AND (l_shipdate <= '1996-12-31 00:00:00'::timestamp(0) without time zone))"}]}, {"Node Type": "Index Scan", "Parent Relationship": "Inner", "Scan Direction": "Forward", "Index Name": "supplier_pkey", "Relation Name": "supplier", "Alias": "supplier", "Startup Cost": 0.0, "Total Cost": 0.27, "Plan Rows": 1, "Plan Width": 12, "Index Cond": "(s_suppkey = lineitem.l_suppkey)"}]}]}]}, "Unique SQL Id": 2208782157, "Planner Runtime": 2}, "explain_analyze_plan": {"Plan": {"Node Type": "Aggregate", "Strategy": "Sorted", "Startup Cost": 852701.0, "Total Cost": 852811.64, "Plan Rows": 3688, "Plan Width": 84, "Actual Startup Time": 28200.684, "Actual Total Time": 28234.494, "Actual Rows": 4, "Actual Loops": 1, "Group By Key": ["n1.n_name", "n2.n_name", "(date_part('year'::text, lineitem.l_shipdate))"], "Plans": [{"Node Type": "Sort", "Parent Relationship": "Outer", "Startup Cost": 852701.0, "Total Cost": 852710.22, "Plan Rows": 3688, "Plan Width": 76, "Actual Startup Time": 28189.512, "Actual Total Time": 28195.355, "Actual Rows": 58554, "Actual Loops": 1, "Sort Key": ["n1.n_name", "n2.n_name", "(date_part('year'::text, lineitem.l_shipdate))"], "Sort Method": "quicksort", "Sort Space Used": 10686, "Sort Space Type": "Memory", "Plans": [{"Node Type": "Nested Loop", "Parent Relationship": "Outer", "Join Type": "Inner", "Startup Cost": 1030.37, "Total Cost": 852482.51, "Plan Rows": 3688, "Plan Width": 76, "Actual Startup Time": 18.104, "Actual Total Time": 28131.393, "Actual Rows": 58554, "Actual Loops": 1, "Inner Unique": true, "Join Filter": "(n1.n_nationkey = supplier.s_nationkey)", "Rows Removed by Join Filter": 1400596, "Plans": [{"Node Type": "Nested Loop", "Parent Relationship": "Outer", "Join Type": "Inner", "Startup Cost": 1030.37, "Total Cost": 642764.74, "Plan Rows": 740786, "Plan Width": 88, "Actual Startup Time": 17.95, "Actual Total Time": 20102.394, "Actual Rows": 1459150, "Actual Loops": 1, "Inner Unique": false, "Plans": [{"Node Type": "Nested Loop", "Parent Relationship": "Outer", "Join Type": "Inner", "Startup Cost": 1030.37, "Total Cost": 166027.11, "Plan Rows": 504972, "Plan Width": 64, "Actual Startup Time": 17.875, "Actual Total Time": 4237.757, "Actual Rows": 1200363, "Actual Loops": 1, "Inner Unique": false, "Plans": [{"Node Type": "Nested Loop", "Parent Relationship": "Outer", "Join Type": "Inner", "Startup Cost": 1030.37, "Total Cost": 14904.59, "Plan Rows": 119904, "Plan Width": 64, "Actual Startup Time": 17.847, "Actual Total Time": 302.534, "Actual Rows": 119972, "Actual Loops": 1, "Inner Unique": false, "Plans": [{"Node Type": "Nested Loop", "Parent Relationship": "Outer", "Join Type": "Inner", "Startup Cost": 0.0, "Total Cost": 39.62, "Plan Rows": 2, "Plan Width": 60, "Actual Startup Time": 0.068, "Actual Total Time": 0.203, "Actual Rows": 2, "Actual Loops": 1, "Inner Unique": false, "Join Filter": "(((n1.n_name = 'JAPAN'::bpchar) AND (n2.n_name = 'INDIA'::bpchar)) OR ((n1.n_name = 'INDIA'::bpchar) AND (n2.n_name = 'JAPAN'::bpchar)))", "Rows Removed by Join Filter": 2, "Plans": [{"Node Type": "Index Scan", "Parent Relationship": "Outer", "Scan Direction": "Forward", "Index Name": "nation_pkey", "Relation Name": "nation", "Alias": "n1", "Startup Cost": 0.0, "Total Cost": 12.75, "Plan Rows": 25, "Plan Width": 30, "Actual Startup Time": 0.043, "Actual Total Time": 0.063, "Actual Rows": 2, "Actual Loops": 1, "Filter": "((n_name = 'JAPAN'::bpchar) OR (n_name = 'INDIA'::bpchar))", "Rows Removed by Filter": 23}, {"Node Type": "Materialize", "Parent Relationship": "Inner", "Startup Cost": 0.0, "Total Cost": 12.88, "Plan Rows": 25, "Plan Width": 30, "Actual Startup Time": 0.016, "Actual Total Time": 0.086, "Actual Rows": 4, "Actual Loops": 2, "Plans": [{"Node Type": "Index Scan", "Parent Relationship": "Outer", "Scan Direction": "Forward", "Index Name": "nation_pkey", "Relation Name": "nation", "Alias": "n2", "Startup Cost": 0.0, "Total Cost": 12.75, "Plan Rows": 25, "Plan Width": 30, "Actual Startup Time": 0.01, "Actual Total Time": 0.032, "Actual Rows": 2, "Actual Loops": 1, "Filter": "((n_name = 'INDIA'::bpchar) OR (n_name = 'JAPAN'::bpchar))", "Rows Removed by Filter": 23}]}]}, {"Node Type": "Bitmap Heap Scan", "Parent Relationship": "Inner", "Relation Name": "customer", "Alias": "customer", "Startup Cost": 1030.37, "Total Cost": 6832.48, "Plan Rows": 60000, "Plan Width": 12, "Actual Startup Time": 35.42, "Actual Total Time": 268.191, "Actual Rows": 119972, "Actual Loops": 2, "Recheck Cond": "(c_nationkey = n2.n_nationkey)", "Rows Removed by Index Recheck": 0, "Exact Heap Blocks": 59938, "Lossy Heap Blocks": 59938, "Plans": [{"Node Type": "Bitmap Index Scan", "Parent Relationship": "Outer", "Index Name": "idx_customer_nationkey", "Startup Cost": 0.0, "Total Cost": 1015.37, "Plan Rows": 60000, "Plan Width": 0, "Actual Startup Time": 22.135, "Actual Total Time": 22.135, "Actual Rows": 119972, "Actual Loops": 2, "Index Cond": "(c_nationkey = n2.n_nationkey)"}]}]}, {"Node Type": "Index Scan", "Parent Relationship": "Inner", "Scan Direction": "Forward", "Index Name": "idx_orders_custkey", "Relation Name": "orders", "Alias": "orders", "Startup Cost": 0.0, "Total Cost": 1.22, "Plan Rows": 4, "Plan Width": 16, "Actual Startup Time": 770.636, "Actual Total Time": 3565.32, "Actual Rows": 1200363, "Actual Loops": 119972, "Index Cond": "(o_custkey = customer.c_custkey)", "Rows Removed by Index Recheck": 0}]}, {"Node Type": "Index Scan", "Parent Relationship": "Inner", "Scan Direction": "Forward", "Index Name": "idx_lineitem_orderkey", "Relation Name": "lineitem", "Alias": "lineitem", "Startup Cost": 0.0, "Total Cost": 0.91, "Plan Rows": 3, "Plan Width": 40, "Actual Startup Time": 13649.938, "Actual Total Time": 14879.226, "Actual Rows": 1459150, "Actual Loops": 1200363, "Index Cond": "(l_orderkey = orders.o_orderkey)", "Rows Removed by Index Recheck": 0, "Filter": "((l_shipdate >= '1995-01-01 00:00:00'::timestamp(0) without time zone) AND (l_shipdate <= '1996-12-31 00:00:00'::timestamp(0) without time zone))", "Rows Removed by Filter": 3342563}]}, {"Node Type": "Index Scan", "Parent Relationship": "Inner", "Scan Direction": "Forward", "Index Name": "supplier_pkey", "Relation Name": "supplier", "Alias": "supplier", "Startup Cost": 0.0, "Total Cost": 0.27, "Plan Rows": 1, "Plan Width": 12, "Actual Startup Time": 6358.636, "Actual Total Time": 6844.867, "Actual Rows": 1459150, "Actual Loops": 1459150, "Index Cond": "(s_suppkey = lineitem.l_suppkey)", "Rows Removed by Index Recheck": 0}]}]}]}, "Triggers": [], "Planner Runtime": 1, "Total Runtime": 28235.052, "Unique SQL Id": 2208782157}}, "(1, 50)": {"explain_plan": {"Plan": {"Node Type": "Aggregate", "Strategy": "Sorted", "Startup Cost": 6036670.9, "Total Cost": 6036781.54, "Plan Rows": 3688, "Plan Width": 84, "Group By Key": ["n1.n_name", "n2.n_name", "(date_part('year'::text, lineitem.l_shipdate))"], "Plans": [{"Node Type": "Sort", "Parent Relationship": "Outer", "Startup Cost": 6036670.9, "Total Cost": 6036680.12, "Plan Rows": 3688, "Plan Width": 76, "Sort Key": ["n1.n_name", "n2.n_name", "(date_part('year'::text, lineitem.l_shipdate))"], "Plans": [{"Node Type": "Nested Loop", "Parent Relationship": "Outer", "Join Type": "Inner", "Startup Cost": 1031.44, "Total Cost": 6036452.41, "Plan Rows": 3688, "Plan Width": 76, "Inner Unique": true, "Join Filter": "(n1.n_nationkey = supplier.s_nationkey)", "Plans": [{"Node Type": "Nested Loop", "Parent Relationship": "Outer", "Join Type": "Inner", "Startup Cost": 1031.18, "Total Cost": 2863778.68, "Plan Rows": 740786, "Plan Width": 88, "Inner Unique": false, "Plans": [{"Node Type": "Nested Loop", "Parent Relationship": "Outer", "Join Type": "Inner", "Startup Cost": 1030.8, "Total Cost": 557356.7, "Plan Rows": 504972, "Plan Width": 64, "Inner Unique": false, "Plans": [{"Node Type": "Nested Loop", "Parent Relationship": "Outer", "Join Type": "Inner", "Startup Cost": 1030.37, "Total Cost": 14881.59, "Plan Rows": 119904, "Plan Width": 64, "Inner Unique": false, "Plans": [{"Node Type": "Nested Loop", "Parent Relationship": "Outer", "Join Type": "Inner", "Startup Cost": 0.0, "Total Cost": 16.62, "Plan Rows": 2, "Plan Width": 60, "Inner Unique": false, "Join Filter": "(((n1.n_name = 'JAPAN'::bpchar) AND (n2.n_name = 'INDIA'::bpchar)) OR ((n1.n_name = 'INDIA'::bpchar) AND (n2.n_name = 'JAPAN'::bpchar)))", "Plans": [{"Node Type": "Seq Scan", "Parent Relationship": "Outer", "Relation Name": "nation", "Alias": "n1", "Startup Cost": 0.0, "Total Cost": 1.25, "Plan Rows": 25, "Plan Width": 30, "Filter": "((n_name = 'JAPAN'::bpchar) OR (n_name = 'INDIA'::bpchar))"}, {"Node Type": "Materialize", "Parent Relationship": "Inner", "Startup Cost": 0.0, "Total Cost": 1.38, "Plan Rows": 25, "Plan Width": 30, "Plans": [{"Node Type": "Seq Scan", "Parent Relationship": "Outer", "Relation Name": "nation", "Alias": "n2", "Startup Cost": 0.0, "Total Cost": 1.25, "Plan Rows": 25, "Plan Width": 30, "Filter": "((n_name = 'INDIA'::bpchar) OR (n_name = 'JAPAN'::bpchar))"}]}]}, {"Node Type": "Bitmap Heap Scan", "Parent Relationship": "Inner", "Relation Name": "customer", "Alias": "customer", "Startup Cost": 1030.37, "Total Cost": 6832.48, "Plan Rows": 60000, "Plan Width": 12, "Recheck Cond": "(c_nationkey = n2.n_nationkey)", "Plans": [{"Node Type": "Bitmap Index Scan", "Parent Relationship": "Outer", "Index Name": "idx_customer_nationkey", "Startup Cost": 0.0, "Total Cost": 1015.37, "Plan Rows": 60000, "Plan Width": 0, "Index Cond": "(c_nationkey = n2.n_nationkey)"}]}]}, {"Node Type": "Bitmap Heap Scan", "Parent Relationship": "Inner", "Relation Name": "orders", "Alias": "orders", "Startup Cost": 0.43, "Total Cost": 4.48, "Plan Rows": 4, "Plan Width": 16, "Recheck Cond": "(o_custkey = customer.c_custkey)", "Plans": [{"Node Type": "Bitmap Index Scan", "Parent Relationship": "Outer", "Index Name": "idx_orders_custkey", "Startup Cost": 0.0, "Total Cost": 0.43, "Plan Rows": 4, "Plan Width": 0, "Index Cond": "(o_custkey = customer.c_custkey)"}]}]}, {"Node Type": "Bitmap Heap Scan", "Parent Relationship": "Inner", "Relation Name": "lineitem", "Alias": "lineitem", "Startup Cost": 0.38, "Total Cost": 4.54, "Plan Rows": 3, "Plan Width": 40, "Recheck Cond": "(l_orderkey = orders.o_orderkey)", "Filter": "((l_shipdate >= '1995-01-01 00:00:00'::timestamp(0) without time zone) AND (l_shipdate <= '1996-12-31 00:00:00'::timestamp(0) without time zone))", "Plans": [{"Node Type": "Bitmap Index Scan", "Parent Relationship": "Outer", "Index Name": "idx_lineitem_orderkey", "Startup Cost": 0.0, "Total Cost": 0.38, "Plan Rows": 9, "Plan Width": 0, "Index Cond": "(l_orderkey = orders.o_orderkey)"}]}]}, {"Node Type": "Bitmap Heap Scan", "Parent Relationship": "Inner", "Relation Name": "supplier", "Alias": "supplier", "Startup Cost": 0.26, "Total Cost": 4.27, "Plan Rows": 1, "Plan Width": 12, "Recheck Cond": "(s_suppkey = lineitem.l_suppkey)", "Plans": [{"Node Type": "Bitmap Index Scan", "Parent Relationship": "Outer", "Index Name": "supplier_pkey", "Startup Cost": 0.0, "Total Cost": 0.26, "Plan Rows": 1, "Plan Width": 0, "Index Cond": "(s_suppkey = lineitem.l_suppkey)"}]}]}]}]}, "Unique SQL Id": 2208782157, "Planner Runtime": 2}, "explain_analyze_plan": {"Plan": {"Node Type": "Aggregate", "Strategy": "Sorted", "Startup Cost": 6036670.9, "Total Cost": 6036781.54, "Plan Rows": 3688, "Plan Width": 84, "Actual Startup Time": 32774.992, "Actual Total Time": 32809.031, "Actual Rows": 4, "Actual Loops": 1, "Group By Key": ["n1.n_name", "n2.n_name", "(date_part('year'::text, lineitem.l_shipdate))"], "Plans": [{"Node Type": "Sort", "Parent Relationship": "Outer", "Startup Cost": 6036670.9, "Total Cost": 6036680.12, "Plan Rows": 3688, "Plan Width": 76, "Actual Startup Time": 32763.447, "Actual Total Time": 32769.703, "Actual Rows": 58554, "Actual Loops": 1, "Sort Key": ["n1.n_name", "n2.n_name", "(date_part('year'::text, lineitem.l_shipdate))"], "Sort Method": "quicksort", "Sort Space Used": 10686, "Sort Space Type": "Memory", "Plans": [{"Node Type": "Nested Loop", "Parent Relationship": "Outer", "Join Type": "Inner", "Startup Cost": 1031.44, "Total Cost": 6036452.41, "Plan Rows": 3688, "Plan Width": 76, "Actual Startup Time": 18.098, "Actual Total Time": 32693.284, "Actual Rows": 58554, "Actual Loops": 1, "Inner Unique": true, "Join Filter": "(n1.n_nationkey = supplier.s_nationkey)", "Rows Removed by Join Filter": 1400596, "Plans": [{"Node Type": "Nested Loop", "Parent Relationship": "Outer", "Join Type": "Inner", "Startup Cost": 1031.18, "Total Cost": 2863778.68, "Plan Rows": 740786, "Plan Width": 88, "Actual Startup Time": 17.929, "Actual Total Time": 22458.966, "Actual Rows": 1459150, "Actual Loops": 1, "Inner Unique": false, "Plans": [{"Node Type": "Nested Loop", "Parent Relationship": "Outer", "Join Type": "Inner", "Startup Cost": 1030.8, "Total Cost": 557356.7, "Plan Rows": 504972, "Plan Width": 64, "Actual Startup Time": 17.847, "Actual Total Time": 4993.984, "Actual Rows": 1200363, "Actual Loops": 1, "Inner Unique": false, "Plans": [{"Node Type": "Nested Loop", "Parent Relationship": "Outer", "Join Type": "Inner", "Startup Cost": 1030.37, "Total Cost": 14881.59, "Plan Rows": 119904, "Plan Width": 64, "Actual Startup Time": 17.798, "Actual Total Time": 291.21, "Actual Rows": 119972, "Actual Loops": 1, "Inner Unique": false, "Plans": [{"Node Type": "Nested Loop", "Parent Relationship": "Outer", "Join Type": "Inner", "Startup Cost": 0.0, "Total Cost": 16.62, "Plan Rows": 2, "Plan Width": 60, "Actual Startup Time": 0.073, "Actual Total Time": 0.258, "Actual Rows": 2, "Actual Loops": 1, "Inner Unique": false, "Join Filter": "(((n1.n_name = 'JAPAN'::bpchar) AND (n2.n_name = 'INDIA'::bpchar)) OR ((n1.n_name = 'INDIA'::bpchar) AND (n2.n_name = 'JAPAN'::bpchar)))", "Rows Removed by Join Filter": 2, "Plans": [{"Node Type": "Seq Scan", "Parent Relationship": "Outer", "Relation Name": "nation", "Alias": "n1", "Startup Cost": 0.0, "Total Cost": 1.25, "Plan Rows": 25, "Plan Width": 30, "Actual Startup Time": 0.036, "Actual Total Time": 0.06, "Actual Rows": 2, "Actual Loops": 1, "Filter": "((n_name = 'JAPAN'::bpchar) OR (n_name = 'INDIA'::bpchar))", "Rows Removed by Filter": 23}, {"Node Type": "Materialize", "Parent Relationship": "Inner", "Startup Cost": 0.0, "Total Cost": 1.38, "Plan Rows": 25, "Plan Width": 30, "Actual Startup Time": 0.029, "Actual Total Time": 0.057, "Actual Rows": 4, "Actual Loops": 2, "Plans": [{"Node Type": "Seq Scan", "Parent Relationship": "Outer", "Relation Name": "nation", "Alias": "n2", "Startup Cost": 0.0, "Total Cost": 1.25, "Plan Rows": 25, "Plan Width": 30, "Actual Startup Time": 0.012, "Actual Total Time": 0.035, "Actual Rows": 2, "Actual Loops": 1, "Filter": "((n_name = 'INDIA'::bpchar) OR (n_name = 'JAPAN'::bpchar))", "Rows Removed by Filter": 23}]}]}, {"Node Type": "Bitmap Heap Scan", "Parent Relationship": "Inner", "Relation Name": "customer", "Alias": "customer", "Startup Cost": 1030.37, "Total Cost": 6832.48, "Plan Rows": 60000, "Plan Width": 12, "Actual Startup Time": 35.635, "Actual Total Time": 256.344, "Actual Rows": 119972, "Actual Loops": 2, "Recheck Cond": "(c_nationkey = n2.n_nationkey)", "Rows Removed by Index Recheck": 0, "Exact Heap Blocks": 59938, "Lossy Heap Blocks": 59938, "Plans": [{"Node Type": "Bitmap Index Scan", "Parent Relationship": "Outer", "Index Name": "idx_customer_nationkey", "Startup Cost": 0.0, "Total Cost": 1015.37, "Plan Rows": 60000, "Plan Width": 0, "Actual Startup Time": 22.422, "Actual Total Time": 22.422, "Actual Rows": 119972, "Actual Loops": 2, "Index Cond": "(c_nationkey = n2.n_nationkey)"}]}]}, {"Node Type": "Bitmap Heap Scan", "Parent Relationship": "Inner", "Relation Name": "orders", "Alias": "orders", "Startup Cost": 0.43, "Total Cost": 4.48, "Plan Rows": 4, "Plan Width": 16, "Actual Startup Time": 1200.939, "Actual Total Time": 4252.977, "Actual Rows": 1200363, "Actual Loops": 119972, "Recheck Cond": "(o_custkey = customer.c_custkey)", "Rows Removed by Index Recheck": 0, "Exact Heap Blocks": 1200331, "Lossy Heap Blocks": 1200331, "Plans": [{"Node Type": "Bitmap Index Scan", "Parent Relationship": "Outer", "Index Name": "idx_orders_custkey", "Startup Cost": 0.0, "Total Cost": 0.43, "Plan Rows": 4, "Plan Width": 0, "Actual Startup Time": 733.815, "Actual Total Time": 733.815, "Actual Rows": 1200363, "Actual Loops": 119972, "Index Cond": "(o_custkey = customer.c_custkey)"}]}]}, {"Node Type": "Bitmap Heap Scan", "Parent Relationship": "Inner", "Relation Name": "lineitem", "Alias": "lineitem", "Startup Cost": 0.38, "Total Cost": 4.54, "Plan Rows": 3, "Plan Width": 40, "Actual Startup Time": 15029.332, "Actual Total Time": 15673.719, "Actual Rows": 1459150, "Actual Loops": 1200363, "Recheck Cond": "(l_orderkey = orders.o_orderkey)", "Rows Removed by Index Recheck": 0, "Filter": "((l_shipdate >= '1995-01-01 00:00:00'::timestamp(0) without time zone) AND (l_shipdate <= '1996-12-31 00:00:00'::timestamp(0) without time zone))", "Rows Removed by Filter": 3342563, "Exact Heap Blocks": 1285989, "Lossy Heap Blocks": 1285989, "Plans": [{"Node Type": "Bitmap Index Scan", "Parent Relationship": "Outer", "Index Name": "idx_lineitem_orderkey", "Startup Cost": 0.0, "Total Cost": 0.38, "Plan Rows": 9, "Plan Width": 0, "Actual Startup Time": 8662.575, "Actual Total Time": 8662.575, "Actual Rows": 4801713, "Actual Loops": 1200363, "Index Cond": "(l_orderkey = orders.o_orderkey)"}]}]}, {"Node Type": "Bitmap Heap Scan", "Parent Relationship": "Inner", "Relation Name": "supplier", "Alias": "supplier", "Startup Cost": 0.26, "Total Cost": 4.27, "Plan Rows": 1, "Plan Width": 12, "Actual Startup Time": 7794.803, "Actual Total Time": 8003.709, "Actual Rows": 1459150, "Actual Loops": 1459150, "Recheck Cond": "(s_suppkey = lineitem.l_suppkey)", "Rows Removed by Index Recheck": 0, "Exact Heap Blocks": 1459150, "Lossy Heap Blocks": 1459150, "Plans": [{"Node Type": "Bitmap Index Scan", "Parent Relationship": "Outer", "Index Name": "supplier_pkey", "Startup Cost": 0.0, "Total Cost": 0.26, "Plan Rows": 1, "Plan Width": 0, "Actual Startup Time": 4065.423, "Actual Total Time": 4065.423, "Actual Rows": 1459150, "Actual Loops": 1459150, "Index Cond": "(s_suppkey = lineitem.l_suppkey)"}]}]}]}]}, "Triggers": [], "Planner Runtime": 1, "Total Runtime": 32809.641, "Unique SQL Id": 2208782157}}, "(1, 51)": {"explain_plan": {"Plan": {"Node Type": "Aggregate", "Strategy": "Sorted", "Startup Cost": 99673573.01, "Total Cost": 99673683.65, "Plan Rows": 3688, "Plan Width": 84, "Group By Key": ["n1.n_name", "n2.n_name", "(date_part('year'::text, lineitem.l_shipdate))"], "Plans": [{"Node Type": "Sort", "Parent Relationship": "Outer", "Startup Cost": 99673573.01, "Total Cost": 99673582.23, "Plan Rows": 3688, "Plan Width": 76, "Sort Key": ["n1.n_name", "n2.n_name", "(date_part('year'::text, lineitem.l_shipdate))"], "Plans": [{"Node Type": "Nested Loop", "Parent Relationship": "Outer", "Join Type": "Inner", "Startup Cost": 627986.71, "Total Cost": 99673354.52, "Plan Rows": 3688, "Plan Width": 76, "Inner Unique": true, "Join Filter": "(((n1.n_name = 'JAPAN'::bpchar) AND (n2.n_name = 'INDIA'::bpchar)) OR ((n1.n_name = 'INDIA'::bpchar) AND (n2.n_name = 'JAPAN'::bpchar)))", "Plans": [{"Node Type": "Nested Loop", "Parent Relationship": "Outer", "Join Type": "Inner", "Startup Cost": 627986.45, "Total Cost": 94724471.42, "Plan Rows": 1153515, "Plan Width": 54, "Inner Unique": true, "Plans": [{"Node Type": "Nested Loop", "Parent Relationship": "Outer", "Join Type": "Inner", "Startup Cost": 627986.2, "Total Cost": 89787046.56, "Plan Rows": 1153515, "Plan Width": 32, "Inner Unique": true, "Plans": [{"Node Type": "Nested Loop", "Parent Relationship": "Outer", "Join Type": "Inner", "Startup Cost": 627985.94, "Total Cost": 84848088.55, "Plan Rows": 1153515, "Plan Width": 36, "Inner Unique": true, "Plans": [{"Node Type": "Nested Loop", "Parent Relationship": "Outer", "Join Type": "Inner", "Startup Cost": 627985.67, "Total Cost": 79896146.0, "Plan Rows": 1153515, "Plan Width": 36, "Inner Unique": true, "Plans": [{"Node Type": "Bitmap Heap Scan", "Parent Relationship": "Outer", "Relation Name": "lineitem", "Alias": "lineitem", "Startup Cost": 627985.41, "Total Cost": 2315105.27, "Plan Rows": 18124991, "Plan Width": 40, "Recheck Cond": "((l_shipdate >= '1995-01-01 00:00:00'::timestamp(0) without time zone) AND (l_shipdate <= '1996-12-31 00:00:00'::timestamp(0) without time zone)), (LLVM Optimized)", "Plans": [{"Node Type": "Bitmap Index Scan", "Parent Relationship": "Outer", "Index Name": "idx_lineitem_shipdate", "Startup Cost": 0.0, "Total Cost": 623454.16, "Plan Rows": 18124991, "Plan Width": 0, "Index Cond": "((l_shipdate >= '1995-01-01 00:00:00'::timestamp(0) without time zone) AND (l_shipdate <= '1996-12-31 00:00:00'::timestamp(0) without time zone))"}]}, {"Node Type": "Bitmap Heap Scan", "Parent Relationship": "Inner", "Relation Name": "supplier", "Alias": "supplier", "Startup Cost": 0.26, "Total Cost": 4.27, "Plan Rows": 1, "Plan Width": 12, "Recheck Cond": "(s_suppkey = lineitem.l_suppkey)", "Plans": [{"Node Type": "Bitmap Index Scan", "Parent Relationship": "Outer", "Index Name": "supplier_pkey", "Startup Cost": 0.0, "Total Cost": 0.26, "Plan Rows": 1, "Plan Width": 0, "Index Cond": "(s_suppkey = lineitem.l_suppkey)"}]}]}, {"Node Type": "Bitmap Heap Scan", "Parent Relationship": "Inner", "Relation Name": "orders", "Alias": "orders", "Startup Cost": 0.27, "Total Cost": 4.28, "Plan Rows": 1, "Plan Width": 16, "Recheck Cond": "(o_orderkey = lineitem.l_orderkey)", "Plans": [{"Node Type": "Bitmap Index Scan", "Parent Relationship": "Outer", "Index Name": "orders_pkey", "Startup Cost": 0.0, "Total Cost": 0.27, "Plan Rows": 1, "Plan Width": 0, "Index Cond": "(o_orderkey = lineitem.l_orderkey)"}]}]}, {"Node Type": "Bitmap Heap Scan", "Parent Relationship": "Inner", "Relation Name": "customer", "Alias": "customer", "Startup Cost": 0.26, "Total Cost": 4.27, "Plan Rows": 1, "Plan Width": 12, "Recheck Cond": "(c_custkey = orders.o_custkey)", "Plans": [{"Node Type": "Bitmap Index Scan", "Parent Relationship": "Outer", "Index Name": "customer_pkey", "Startup Cost": 0.0, "Total Cost": 0.26, "Plan Rows": 1, "Plan Width": 0, "Index Cond": "(c_custkey = orders.o_custkey)"}]}]}, {"Node Type": "Bitmap Heap Scan", "Parent Relationship": "Inner", "Relation Name": "nation", "Alias": "n1", "Startup Cost": 0.26, "Total Cost": 4.27, "Plan Rows": 1, "Plan Width": 30, "Recheck Cond": "(n_nationkey = supplier.s_nationkey)", "Filter": "((n_name = 'JAPAN'::bpchar) OR (n_name = 'INDIA'::bpchar))", "Plans": [{"Node Type": "Bitmap Index Scan", "Parent Relationship": "Outer", "Index Name": "nation_pkey", "Startup Cost": 0.0, "Total Cost": 0.26, "Plan Rows": 1, "Plan Width": 0, "Index Cond": "(n_nationkey = supplier.s_nationkey)"}]}]}, {"Node Type": "Bitmap Heap Scan", "Parent Relationship": "Inner", "Relation Name": "nation", "Alias": "n2", "Startup Cost": 0.26, "Total Cost": 4.27, "Plan Rows": 1, "Plan Width": 30, "Recheck Cond": "(n_nationkey = customer.c_nationkey)", "Filter": "((n_name = 'INDIA'::bpchar) OR (n_name = 'JAPAN'::bpchar))", "Plans": [{"Node Type": "Bitmap Index Scan", "Parent Relationship": "Outer", "Index Name": "nation_pkey", "Startup Cost": 0.0, "Total Cost": 0.26, "Plan Rows": 1, "Plan Width": 0, "Index Cond": "(n_nationkey = customer.c_nationkey)"}]}]}]}]}, "Unique SQL Id": 2208782157, "Planner Runtime": 1}, "explain_analyze_plan": null}, "(1, 52)": {"explain_plan": {"Plan": {"Node Type": "Aggregate", "Strategy": "Sorted", "Startup Cost": 852689.5, "Total Cost": 852800.14, "Plan Rows": 3688, "Plan Width": 84, "Group By Key": ["n1.n_name", "n2.n_name", "(date_part('year'::text, lineitem.l_shipdate))"], "Plans": [{"Node Type": "Sort", "Parent Relationship": "Outer", "Startup Cost": 852689.5, "Total Cost": 852698.72, "Plan Rows": 3688, "Plan Width": 76, "Sort Key": ["n1.n_name", "n2.n_name", "(date_part('year'::text, lineitem.l_shipdate))"], "Plans": [{"Node Type": "Nested Loop", "Parent Relationship": "Outer", "Join Type": "Inner", "Startup Cost": 1030.37, "Total Cost": 852471.01, "Plan Rows": 3688, "Plan Width": 76, "Inner Unique": true, "Join Filter": "(n1.n_nationkey = supplier.s_nationkey)", "Plans": [{"Node Type": "Nested Loop", "Parent Relationship": "Outer", "Join Type": "Inner", "Startup Cost": 1030.37, "Total Cost": 642753.24, "Plan Rows": 740786, "Plan Width": 88, "Inner Unique": false, "Plans": [{"Node Type": "Nested Loop", "Parent Relationship": "Outer", "Join Type": "Inner", "Startup Cost": 1030.37, "Total Cost": 166015.61, "Plan Rows": 504972, "Plan Width": 64, "Inner Unique": false, "Plans": [{"Node Type": "Nested Loop", "Parent Relationship": "Outer", "Join Type": "Inner", "Startup Cost": 1030.37, "Total Cost": 14893.09, "Plan Rows": 119904, "Plan Width": 64, "Inner Unique": false, "Plans": [{"Node Type": "Nested Loop", "Parent Relationship": "Outer", "Join Type": "Inner", "Startup Cost": 0.0, "Total Cost": 28.12, "Plan Rows": 2, "Plan Width": 60, "Inner Unique": false, "Join Filter": "(((n1.n_name = 'JAPAN'::bpchar) AND (n2.n_name = 'INDIA'::bpchar)) OR ((n1.n_name = 'INDIA'::bpchar) AND (n2.n_name = 'JAPAN'::bpchar)))", "Plans": [{"Node Type": "Index Scan", "Parent Relationship": "Outer", "Scan Direction": "Forward", "Index Name": "nation_pkey", "Relation Name": "nation", "Alias": "n1", "Startup Cost": 0.0, "Total Cost": 12.75, "Plan Rows": 25, "Plan Width": 30, "Filter": "((n_name = 'JAPAN'::bpchar) OR (n_name = 'INDIA'::bpchar))"}, {"Node Type": "Materialize", "Parent Relationship": "Inner", "Startup Cost": 0.0, "Total Cost": 1.38, "Plan Rows": 25, "Plan Width": 30, "Plans": [{"Node Type": "Seq Scan", "Parent Relationship": "Outer", "Relation Name": "nation", "Alias": "n2", "Startup Cost": 0.0, "Total Cost": 1.25, "Plan Rows": 25, "Plan Width": 30, "Filter": "((n_name = 'INDIA'::bpchar) OR (n_name = 'JAPAN'::bpchar))"}]}]}, {"Node Type": "Bitmap Heap Scan", "Parent Relationship": "Inner", "Relation Name": "customer", "Alias": "customer", "Startup Cost": 1030.37, "Total Cost": 6832.48, "Plan Rows": 60000, "Plan Width": 12, "Recheck Cond": "(c_nationkey = n2.n_nationkey)", "Plans": [{"Node Type": "Bitmap Index Scan", "Parent Relationship": "Outer", "Index Name": "idx_customer_nationkey", "Startup Cost": 0.0, "Total Cost": 1015.37, "Plan Rows": 60000, "Plan Width": 0, "Index Cond": "(c_nationkey = n2.n_nationkey)"}]}]}, {"Node Type": "Index Scan", "Parent Relationship": "Inner", "Scan Direction": "Forward", "Index Name": "idx_orders_custkey", "Relation Name": "orders", "Alias": "orders", "Startup Cost": 0.0, "Total Cost": 1.22, "Plan Rows": 4, "Plan Width": 16, "Index Cond": "(o_custkey = customer.c_custkey)"}]}, {"Node Type": "Index Scan", "Parent Relationship": "Inner", "Scan Direction": "Forward", "Index Name": "idx_lineitem_orderkey", "Relation Name": "lineitem", "Alias": "lineitem", "Startup Cost": 0.0, "Total Cost": 0.91, "Plan Rows": 3, "Plan Width": 40, "Index Cond": "(l_orderkey = orders.o_orderkey)", "Filter": "((l_shipdate >= '1995-01-01 00:00:00'::timestamp(0) without time zone) AND (l_shipdate <= '1996-12-31 00:00:00'::timestamp(0) without time zone))"}]}, {"Node Type": "Index Scan", "Parent Relationship": "Inner", "Scan Direction": "Forward", "Index Name": "supplier_pkey", "Relation Name": "supplier", "Alias": "supplier", "Startup Cost": 0.0, "Total Cost": 0.27, "Plan Rows": 1, "Plan Width": 12, "Index Cond": "(s_suppkey = lineitem.l_suppkey)"}]}]}]}, "Unique SQL Id": 2208782157, "Planner Runtime": 1}, "explain_analyze_plan": {"Plan": {"Node Type": "Aggregate", "Strategy": "Sorted", "Startup Cost": 852689.5, "Total Cost": 852800.14, "Plan Rows": 3688, "Plan Width": 84, "Actual Startup Time": 27820.624, "Actual Total Time": 27854.874, "Actual Rows": 4, "Actual Loops": 1, "Group By Key": ["n1.n_name", "n2.n_name", "(date_part('year'::text, lineitem.l_shipdate))"], "Plans": [{"Node Type": "Sort", "Parent Relationship": "Outer", "Startup Cost": 852689.5, "Total Cost": 852698.72, "Plan Rows": 3688, "Plan Width": 76, "Actual Startup Time": 27809.336, "Actual Total Time": 27815.254, "Actual Rows": 58554, "Actual Loops": 1, "Sort Key": ["n1.n_name", "n2.n_name", "(date_part('year'::text, lineitem.l_shipdate))"], "Sort Method": "quicksort", "Sort Space Used": 10686, "Sort Space Type": "Memory", "Plans": [{"Node Type": "Nested Loop", "Parent Relationship": "Outer", "Join Type": "Inner", "Startup Cost": 1030.37, "Total Cost": 852471.01, "Plan Rows": 3688, "Plan Width": 76, "Actual Startup Time": 18.058, "Actual Total Time": 27750.717, "Actual Rows": 58554, "Actual Loops": 1, "Inner Unique": true, "Join Filter": "(n1.n_nationkey = supplier.s_nationkey)", "Rows Removed by Join Filter": 1400596, "Plans": [{"Node Type": "Nested Loop", "Parent Relationship": "Outer", "Join Type": "Inner", "Startup Cost": 1030.37, "Total Cost": 642753.24, "Plan Rows": 740786, "Plan Width": 88, "Actual Startup Time": 17.918, "Actual Total Time": 19750.354, "Actual Rows": 1459150, "Actual Loops": 1, "Inner Unique": false, "Plans": [{"Node Type": "Nested Loop", "Parent Relationship": "Outer", "Join Type": "Inner", "Startup Cost": 1030.37, "Total Cost": 166015.61, "Plan Rows": 504972, "Plan Width": 64, "Actual Startup Time": 17.849, "Actual Total Time": 4151.06, "Actual Rows": 1200363, "Actual Loops": 1, "Inner Unique": false, "Plans": [{"Node Type": "Nested Loop", "Parent Relationship": "Outer", "Join Type": "Inner", "Startup Cost": 1030.37, "Total Cost": 14893.09, "Plan Rows": 119904, "Plan Width": 64, "Actual Startup Time": 17.824, "Actual Total Time": 297.719, "Actual Rows": 119972, "Actual Loops": 1, "Inner Unique": false, "Plans": [{"Node Type": "Nested Loop", "Parent Relationship": "Outer", "Join Type": "Inner", "Startup Cost": 0.0, "Total Cost": 28.12, "Plan Rows": 2, "Plan Width": 60, "Actual Startup Time": 0.072, "Actual Total Time": 0.323, "Actual Rows": 2, "Actual Loops": 1, "Inner Unique": false, "Join Filter": "(((n1.n_name = 'JAPAN'::bpchar) AND (n2.n_name = 'INDIA'::bpchar)) OR ((n1.n_name = 'INDIA'::bpchar) AND (n2.n_name = 'JAPAN'::bpchar)))", "Rows Removed by Join Filter": 2, "Plans": [{"Node Type": "Index Scan", "Parent Relationship": "Outer", "Scan Direction": "Forward", "Index Name": "nation_pkey", "Relation Name": "nation", "Alias": "n1", "Startup Cost": 0.0, "Total Cost": 12.75, "Plan Rows": 25, "Plan Width": 30, "Actual Startup Time": 0.039, "Actual Total Time": 0.076, "Actual Rows": 2, "Actual Loops": 1, "Filter": "((n_name = 'JAPAN'::bpchar) OR (n_name = 'INDIA'::bpchar))", "Rows Removed by Filter": 23}, {"Node Type": "Materialize", "Parent Relationship": "Inner", "Startup Cost": 0.0, "Total Cost": 1.38, "Plan Rows": 25, "Plan Width": 30, "Actual Startup Time": 0.024, "Actual Total Time": 0.188, "Actual Rows": 4, "Actual Loops": 2, "Plans": [{"Node Type": "Seq Scan", "Parent Relationship": "Outer", "Relation Name": "nation", "Alias": "n2", "Startup Cost": 0.0, "Total Cost": 1.25, "Plan Rows": 25, "Plan Width": 30, "Actual Startup Time": 0.02, "Actual Total Time": 0.076, "Actual Rows": 2, "Actual Loops": 1, "Filter": "((n_name = 'INDIA'::bpchar) OR (n_name = 'JAPAN'::bpchar))", "Rows Removed by Filter": 23}]}]}, {"Node Type": "Bitmap Heap Scan", "Parent Relationship": "Inner", "Relation Name": "customer", "Alias": "customer", "Startup Cost": 1030.37, "Total Cost": 6832.48, "Plan Rows": 60000, "Plan Width": 12, "Actual Startup Time": 36.831, "Actual Total Time": 264.805, "Actual Rows": 119972, "Actual Loops": 2, "Recheck Cond": "(c_nationkey = n2.n_nationkey)", "Rows Removed by Index Recheck": 0, "Exact Heap Blocks": 59938, "Lossy Heap Blocks": 59938, "Plans": [{"Node Type": "Bitmap Index Scan", "Parent Relationship": "Outer", "Index Name": "idx_customer_nationkey", "Startup Cost": 0.0, "Total Cost": 1015.37, "Plan Rows": 60000, "Plan Width": 0, "Actual Startup Time": 23.66, "Actual Total Time": 23.66, "Actual Rows": 119972, "Actual Loops": 2, "Index Cond": "(c_nationkey = n2.n_nationkey)"}]}]}, {"Node Type": "Index Scan", "Parent Relationship": "Inner", "Scan Direction": "Forward", "Index Name": "idx_orders_custkey", "Relation Name": "orders", "Alias": "orders", "Startup Cost": 0.0, "Total Cost": 1.22, "Plan Rows": 4, "Plan Width": 16, "Actual Startup Time": 756.925, "Actual Total Time": 3487.183, "Actual Rows": 1200363, "Actual Loops": 119972, "Index Cond": "(o_custkey = customer.c_custkey)", "Rows Removed by Index Recheck": 0}]}, {"Node Type": "Index Scan", "Parent Relationship": "Inner", "Scan Direction": "Forward", "Index Name": "idx_lineitem_orderkey", "Relation Name": "lineitem", "Alias": "lineitem", "Startup Cost": 0.0, "Total Cost": 0.91, "Plan Rows": 3, "Plan Width": 40, "Actual Startup Time": 13395.087, "Actual Total Time": 14614.849, "Actual Rows": 1459150, "Actual Loops": 1200363, "Index Cond": "(l_orderkey = orders.o_orderkey)", "Rows Removed by Index Recheck": 0, "Filter": "((l_shipdate >= '1995-01-01 00:00:00'::timestamp(0) without time zone) AND (l_shipdate <= '1996-12-31 00:00:00'::timestamp(0) without time zone))", "Rows Removed by Filter": 3342563}]}, {"Node Type": "Index Scan", "Parent Relationship": "Inner", "Scan Direction": "Forward", "Index Name": "supplier_pkey", "Relation Name": "supplier", "Alias": "supplier", "Startup Cost": 0.0, "Total Cost": 0.27, "Plan Rows": 1, "Plan Width": 12, "Actual Startup Time": 6328.106, "Actual Total Time": 6818.435, "Actual Rows": 1459150, "Actual Loops": 1459150, "Index Cond": "(s_suppkey = lineitem.l_suppkey)", "Rows Removed by Index Recheck": 0}]}]}]}, "Triggers": [], "Planner Runtime": 1, "Total Runtime": 27855.427, "Unique SQL Id": 2208782157}}, "(1, 53)": {"explain_plan": {"Plan": {"Node Type": "Aggregate", "Strategy": "Sorted", "Startup Cost": 852701.0, "Total Cost": 852811.64, "Plan Rows": 3688, "Plan Width": 84, "Group By Key": ["n1.n_name", "n2.n_name", "(date_part('year'::text, lineitem.l_shipdate))"], "Plans": [{"Node Type": "Sort", "Parent Relationship": "Outer", "Startup Cost": 852701.0, "Total Cost": 852710.22, "Plan Rows": 3688, "Plan Width": 76, "Sort Key": ["n1.n_name", "n2.n_name", "(date_part('year'::text, lineitem.l_shipdate))"], "Plans": [{"Node Type": "Nested Loop", "Parent Relationship": "Outer", "Join Type": "Inner", "Startup Cost": 1030.37, "Total Cost": 852482.51, "Plan Rows": 3688, "Plan Width": 76, "Inner Unique": true, "Join Filter": "(n1.n_nationkey = supplier.s_nationkey)", "Plans": [{"Node Type": "Nested Loop", "Parent Relationship": "Outer", "Join Type": "Inner", "Startup Cost": 1030.37, "Total Cost": 642764.74, "Plan Rows": 740786, "Plan Width": 88, "Inner Unique": false, "Plans": [{"Node Type": "Nested Loop", "Parent Relationship": "Outer", "Join Type": "Inner", "Startup Cost": 1030.37, "Total Cost": 166027.11, "Plan Rows": 504972, "Plan Width": 64, "Inner Unique": false, "Plans": [{"Node Type": "Nested Loop", "Parent Relationship": "Outer", "Join Type": "Inner", "Startup Cost": 1030.37, "Total Cost": 14904.59, "Plan Rows": 119904, "Plan Width": 64, "Inner Unique": false, "Plans": [{"Node Type": "Nested Loop", "Parent Relationship": "Outer", "Join Type": "Inner", "Startup Cost": 0.0, "Total Cost": 39.62, "Plan Rows": 2, "Plan Width": 60, "Inner Unique": false, "Join Filter": "(((n1.n_name = 'JAPAN'::bpchar) AND (n2.n_name = 'INDIA'::bpchar)) OR ((n1.n_name = 'INDIA'::bpchar) AND (n2.n_name = 'JAPAN'::bpchar)))", "Plans": [{"Node Type": "Index Scan", "Parent Relationship": "Outer", "Scan Direction": "Forward", "Index Name": "nation_pkey", "Relation Name": "nation", "Alias": "n1", "Startup Cost": 0.0, "Total Cost": 12.75, "Plan Rows": 25, "Plan Width": 30, "Filter": "((n_name = 'JAPAN'::bpchar) OR (n_name = 'INDIA'::bpchar))"}, {"Node Type": "Materialize", "Parent Relationship": "Inner", "Startup Cost": 0.0, "Total Cost": 12.88, "Plan Rows": 25, "Plan Width": 30, "Plans": [{"Node Type": "Index Scan", "Parent Relationship": "Outer", "Scan Direction": "Forward", "Index Name": "nation_pkey", "Relation Name": "nation", "Alias": "n2", "Startup Cost": 0.0, "Total Cost": 12.75, "Plan Rows": 25, "Plan Width": 30, "Filter": "((n_name = 'INDIA'::bpchar) OR (n_name = 'JAPAN'::bpchar))"}]}]}, {"Node Type": "Bitmap Heap Scan", "Parent Relationship": "Inner", "Relation Name": "customer", "Alias": "customer", "Startup Cost": 1030.37, "Total Cost": 6832.48, "Plan Rows": 60000, "Plan Width": 12, "Recheck Cond": "(c_nationkey = n2.n_nationkey)", "Plans": [{"Node Type": "Bitmap Index Scan", "Parent Relationship": "Outer", "Index Name": "idx_customer_nationkey", "Startup Cost": 0.0, "Total Cost": 1015.37, "Plan Rows": 60000, "Plan Width": 0, "Index Cond": "(c_nationkey = n2.n_nationkey)"}]}]}, {"Node Type": "Index Scan", "Parent Relationship": "Inner", "Scan Direction": "Forward", "Index Name": "idx_orders_custkey", "Relation Name": "orders", "Alias": "orders", "Startup Cost": 0.0, "Total Cost": 1.22, "Plan Rows": 4, "Plan Width": 16, "Index Cond": "(o_custkey = customer.c_custkey)"}]}, {"Node Type": "Index Scan", "Parent Relationship": "Inner", "Scan Direction": "Forward", "Index Name": "idx_lineitem_orderkey", "Relation Name": "lineitem", "Alias": "lineitem", "Startup Cost": 0.0, "Total Cost": 0.91, "Plan Rows": 3, "Plan Width": 40, "Index Cond": "(l_orderkey = orders.o_orderkey)", "Filter": "((l_shipdate >= '1995-01-01 00:00:00'::timestamp(0) without time zone) AND (l_shipdate <= '1996-12-31 00:00:00'::timestamp(0) without time zone))"}]}, {"Node Type": "Index Scan", "Parent Relationship": "Inner", "Scan Direction": "Forward", "Index Name": "supplier_pkey", "Relation Name": "supplier", "Alias": "supplier", "Startup Cost": 0.0, "Total Cost": 0.27, "Plan Rows": 1, "Plan Width": 12, "Index Cond": "(s_suppkey = lineitem.l_suppkey)"}]}]}]}, "Unique SQL Id": 2208782157, "Planner Runtime": 1}, "explain_analyze_plan": {"Plan": {"Node Type": "Aggregate", "Strategy": "Sorted", "Startup Cost": 852701.0, "Total Cost": 852811.64, "Plan Rows": 3688, "Plan Width": 84, "Actual Startup Time": 28200.684, "Actual Total Time": 28234.494, "Actual Rows": 4, "Actual Loops": 1, "Group By Key": ["n1.n_name", "n2.n_name", "(date_part('year'::text, lineitem.l_shipdate))"], "Plans": [{"Node Type": "Sort", "Parent Relationship": "Outer", "Startup Cost": 852701.0, "Total Cost": 852710.22, "Plan Rows": 3688, "Plan Width": 76, "Actual Startup Time": 28189.512, "Actual Total Time": 28195.355, "Actual Rows": 58554, "Actual Loops": 1, "Sort Key": ["n1.n_name", "n2.n_name", "(date_part('year'::text, lineitem.l_shipdate))"], "Sort Method": "quicksort", "Sort Space Used": 10686, "Sort Space Type": "Memory", "Plans": [{"Node Type": "Nested Loop", "Parent Relationship": "Outer", "Join Type": "Inner", "Startup Cost": 1030.37, "Total Cost": 852482.51, "Plan Rows": 3688, "Plan Width": 76, "Actual Startup Time": 18.104, "Actual Total Time": 28131.393, "Actual Rows": 58554, "Actual Loops": 1, "Inner Unique": true, "Join Filter": "(n1.n_nationkey = supplier.s_nationkey)", "Rows Removed by Join Filter": 1400596, "Plans": [{"Node Type": "Nested Loop", "Parent Relationship": "Outer", "Join Type": "Inner", "Startup Cost": 1030.37, "Total Cost": 642764.74, "Plan Rows": 740786, "Plan Width": 88, "Actual Startup Time": 17.95, "Actual Total Time": 20102.394, "Actual Rows": 1459150, "Actual Loops": 1, "Inner Unique": false, "Plans": [{"Node Type": "Nested Loop", "Parent Relationship": "Outer", "Join Type": "Inner", "Startup Cost": 1030.37, "Total Cost": 166027.11, "Plan Rows": 504972, "Plan Width": 64, "Actual Startup Time": 17.875, "Actual Total Time": 4237.757, "Actual Rows": 1200363, "Actual Loops": 1, "Inner Unique": false, "Plans": [{"Node Type": "Nested Loop", "Parent Relationship": "Outer", "Join Type": "Inner", "Startup Cost": 1030.37, "Total Cost": 14904.59, "Plan Rows": 119904, "Plan Width": 64, "Actual Startup Time": 17.847, "Actual Total Time": 302.534, "Actual Rows": 119972, "Actual Loops": 1, "Inner Unique": false, "Plans": [{"Node Type": "Nested Loop", "Parent Relationship": "Outer", "Join Type": "Inner", "Startup Cost": 0.0, "Total Cost": 39.62, "Plan Rows": 2, "Plan Width": 60, "Actual Startup Time": 0.068, "Actual Total Time": 0.203, "Actual Rows": 2, "Actual Loops": 1, "Inner Unique": false, "Join Filter": "(((n1.n_name = 'JAPAN'::bpchar) AND (n2.n_name = 'INDIA'::bpchar)) OR ((n1.n_name = 'INDIA'::bpchar) AND (n2.n_name = 'JAPAN'::bpchar)))", "Rows Removed by Join Filter": 2, "Plans": [{"Node Type": "Index Scan", "Parent Relationship": "Outer", "Scan Direction": "Forward", "Index Name": "nation_pkey", "Relation Name": "nation", "Alias": "n1", "Startup Cost": 0.0, "Total Cost": 12.75, "Plan Rows": 25, "Plan Width": 30, "Actual Startup Time": 0.043, "Actual Total Time": 0.063, "Actual Rows": 2, "Actual Loops": 1, "Filter": "((n_name = 'JAPAN'::bpchar) OR (n_name = 'INDIA'::bpchar))", "Rows Removed by Filter": 23}, {"Node Type": "Materialize", "Parent Relationship": "Inner", "Startup Cost": 0.0, "Total Cost": 12.88, "Plan Rows": 25, "Plan Width": 30, "Actual Startup Time": 0.016, "Actual Total Time": 0.086, "Actual Rows": 4, "Actual Loops": 2, "Plans": [{"Node Type": "Index Scan", "Parent Relationship": "Outer", "Scan Direction": "Forward", "Index Name": "nation_pkey", "Relation Name": "nation", "Alias": "n2", "Startup Cost": 0.0, "Total Cost": 12.75, "Plan Rows": 25, "Plan Width": 30, "Actual Startup Time": 0.01, "Actual Total Time": 0.032, "Actual Rows": 2, "Actual Loops": 1, "Filter": "((n_name = 'INDIA'::bpchar) OR (n_name = 'JAPAN'::bpchar))", "Rows Removed by Filter": 23}]}]}, {"Node Type": "Bitmap Heap Scan", "Parent Relationship": "Inner", "Relation Name": "customer", "Alias": "customer", "Startup Cost": 1030.37, "Total Cost": 6832.48, "Plan Rows": 60000, "Plan Width": 12, "Actual Startup Time": 35.42, "Actual Total Time": 268.191, "Actual Rows": 119972, "Actual Loops": 2, "Recheck Cond": "(c_nationkey = n2.n_nationkey)", "Rows Removed by Index Recheck": 0, "Exact Heap Blocks": 59938, "Lossy Heap Blocks": 59938, "Plans": [{"Node Type": "Bitmap Index Scan", "Parent Relationship": "Outer", "Index Name": "idx_customer_nationkey", "Startup Cost": 0.0, "Total Cost": 1015.37, "Plan Rows": 60000, "Plan Width": 0, "Actual Startup Time": 22.135, "Actual Total Time": 22.135, "Actual Rows": 119972, "Actual Loops": 2, "Index Cond": "(c_nationkey = n2.n_nationkey)"}]}]}, {"Node Type": "Index Scan", "Parent Relationship": "Inner", "Scan Direction": "Forward", "Index Name": "idx_orders_custkey", "Relation Name": "orders", "Alias": "orders", "Startup Cost": 0.0, "Total Cost": 1.22, "Plan Rows": 4, "Plan Width": 16, "Actual Startup Time": 770.636, "Actual Total Time": 3565.32, "Actual Rows": 1200363, "Actual Loops": 119972, "Index Cond": "(o_custkey = customer.c_custkey)", "Rows Removed by Index Recheck": 0}]}, {"Node Type": "Index Scan", "Parent Relationship": "Inner", "Scan Direction": "Forward", "Index Name": "idx_lineitem_orderkey", "Relation Name": "lineitem", "Alias": "lineitem", "Startup Cost": 0.0, "Total Cost": 0.91, "Plan Rows": 3, "Plan Width": 40, "Actual Startup Time": 13649.938, "Actual Total Time": 14879.226, "Actual Rows": 1459150, "Actual Loops": 1200363, "Index Cond": "(l_orderkey = orders.o_orderkey)", "Rows Removed by Index Recheck": 0, "Filter": "((l_shipdate >= '1995-01-01 00:00:00'::timestamp(0) without time zone) AND (l_shipdate <= '1996-12-31 00:00:00'::timestamp(0) without time zone))", "Rows Removed by Filter": 3342563}]}, {"Node Type": "Index Scan", "Parent Relationship": "Inner", "Scan Direction": "Forward", "Index Name": "supplier_pkey", "Relation Name": "supplier", "Alias": "supplier", "Startup Cost": 0.0, "Total Cost": 0.27, "Plan Rows": 1, "Plan Width": 12, "Actual Startup Time": 6358.636, "Actual Total Time": 6844.867, "Actual Rows": 1459150, "Actual Loops": 1459150, "Index Cond": "(s_suppkey = lineitem.l_suppkey)", "Rows Removed by Index Recheck": 0}]}]}]}, "Triggers": [], "Planner Runtime": 1, "Total Runtime": 28235.052, "Unique SQL Id": 2208782157}}, "(1, 54)": {"explain_plan": {"Plan": {"Node Type": "Aggregate", "Strategy": "Sorted", "Startup Cost": 6036670.9, "Total Cost": 6036781.54, "Plan Rows": 3688, "Plan Width": 84, "Group By Key": ["n1.n_name", "n2.n_name", "(date_part('year'::text, lineitem.l_shipdate))"], "Plans": [{"Node Type": "Sort", "Parent Relationship": "Outer", "Startup Cost": 6036670.9, "Total Cost": 6036680.12, "Plan Rows": 3688, "Plan Width": 76, "Sort Key": ["n1.n_name", "n2.n_name", "(date_part('year'::text, lineitem.l_shipdate))"], "Plans": [{"Node Type": "Nested Loop", "Parent Relationship": "Outer", "Join Type": "Inner", "Startup Cost": 1031.44, "Total Cost": 6036452.41, "Plan Rows": 3688, "Plan Width": 76, "Inner Unique": true, "Join Filter": "(n1.n_nationkey = supplier.s_nationkey)", "Plans": [{"Node Type": "Nested Loop", "Parent Relationship": "Outer", "Join Type": "Inner", "Startup Cost": 1031.18, "Total Cost": 2863778.68, "Plan Rows": 740786, "Plan Width": 88, "Inner Unique": false, "Plans": [{"Node Type": "Nested Loop", "Parent Relationship": "Outer", "Join Type": "Inner", "Startup Cost": 1030.8, "Total Cost": 557356.7, "Plan Rows": 504972, "Plan Width": 64, "Inner Unique": false, "Plans": [{"Node Type": "Nested Loop", "Parent Relationship": "Outer", "Join Type": "Inner", "Startup Cost": 1030.37, "Total Cost": 14881.59, "Plan Rows": 119904, "Plan Width": 64, "Inner Unique": false, "Plans": [{"Node Type": "Nested Loop", "Parent Relationship": "Outer", "Join Type": "Inner", "Startup Cost": 0.0, "Total Cost": 16.62, "Plan Rows": 2, "Plan Width": 60, "Inner Unique": false, "Join Filter": "(((n1.n_name = 'JAPAN'::bpchar) AND (n2.n_name = 'INDIA'::bpchar)) OR ((n1.n_name = 'INDIA'::bpchar) AND (n2.n_name = 'JAPAN'::bpchar)))", "Plans": [{"Node Type": "Seq Scan", "Parent Relationship": "Outer", "Relation Name": "nation", "Alias": "n1", "Startup Cost": 0.0, "Total Cost": 1.25, "Plan Rows": 25, "Plan Width": 30, "Filter": "((n_name = 'JAPAN'::bpchar) OR (n_name = 'INDIA'::bpchar))"}, {"Node Type": "Materialize", "Parent Relationship": "Inner", "Startup Cost": 0.0, "Total Cost": 1.38, "Plan Rows": 25, "Plan Width": 30, "Plans": [{"Node Type": "Seq Scan", "Parent Relationship": "Outer", "Relation Name": "nation", "Alias": "n2", "Startup Cost": 0.0, "Total Cost": 1.25, "Plan Rows": 25, "Plan Width": 30, "Filter": "((n_name = 'INDIA'::bpchar) OR (n_name = 'JAPAN'::bpchar))"}]}]}, {"Node Type": "Bitmap Heap Scan", "Parent Relationship": "Inner", "Relation Name": "customer", "Alias": "customer", "Startup Cost": 1030.37, "Total Cost": 6832.48, "Plan Rows": 60000, "Plan Width": 12, "Recheck Cond": "(c_nationkey = n2.n_nationkey)", "Plans": [{"Node Type": "Bitmap Index Scan", "Parent Relationship": "Outer", "Index Name": "idx_customer_nationkey", "Startup Cost": 0.0, "Total Cost": 1015.37, "Plan Rows": 60000, "Plan Width": 0, "Index Cond": "(c_nationkey = n2.n_nationkey)"}]}]}, {"Node Type": "Bitmap Heap Scan", "Parent Relationship": "Inner", "Relation Name": "orders", "Alias": "orders", "Startup Cost": 0.43, "Total Cost": 4.48, "Plan Rows": 4, "Plan Width": 16, "Recheck Cond": "(o_custkey = customer.c_custkey)", "Plans": [{"Node Type": "Bitmap Index Scan", "Parent Relationship": "Outer", "Index Name": "idx_orders_custkey", "Startup Cost": 0.0, "Total Cost": 0.43, "Plan Rows": 4, "Plan Width": 0, "Index Cond": "(o_custkey = customer.c_custkey)"}]}]}, {"Node Type": "Bitmap Heap Scan", "Parent Relationship": "Inner", "Relation Name": "lineitem", "Alias": "lineitem", "Startup Cost": 0.38, "Total Cost": 4.54, "Plan Rows": 3, "Plan Width": 40, "Recheck Cond": "(l_orderkey = orders.o_orderkey)", "Filter": "((l_shipdate >= '1995-01-01 00:00:00'::timestamp(0) without time zone) AND (l_shipdate <= '1996-12-31 00:00:00'::timestamp(0) without time zone))", "Plans": [{"Node Type": "Bitmap Index Scan", "Parent Relationship": "Outer", "Index Name": "idx_lineitem_orderkey", "Startup Cost": 0.0, "Total Cost": 0.38, "Plan Rows": 9, "Plan Width": 0, "Index Cond": "(l_orderkey = orders.o_orderkey)"}]}]}, {"Node Type": "Bitmap Heap Scan", "Parent Relationship": "Inner", "Relation Name": "supplier", "Alias": "supplier", "Startup Cost": 0.26, "Total Cost": 4.27, "Plan Rows": 1, "Plan Width": 12, "Recheck Cond": "(s_suppkey = lineitem.l_suppkey)", "Plans": [{"Node Type": "Bitmap Index Scan", "Parent Relationship": "Outer", "Index Name": "supplier_pkey", "Startup Cost": 0.0, "Total Cost": 0.26, "Plan Rows": 1, "Plan Width": 0, "Index Cond": "(s_suppkey = lineitem.l_suppkey)"}]}]}]}]}, "Unique SQL Id": 2208782157, "Planner Runtime": 1}, "explain_analyze_plan": {"Plan": {"Node Type": "Aggregate", "Strategy": "Sorted", "Startup Cost": 6036670.9, "Total Cost": 6036781.54, "Plan Rows": 3688, "Plan Width": 84, "Actual Startup Time": 32774.992, "Actual Total Time": 32809.031, "Actual Rows": 4, "Actual Loops": 1, "Group By Key": ["n1.n_name", "n2.n_name", "(date_part('year'::text, lineitem.l_shipdate))"], "Plans": [{"Node Type": "Sort", "Parent Relationship": "Outer", "Startup Cost": 6036670.9, "Total Cost": 6036680.12, "Plan Rows": 3688, "Plan Width": 76, "Actual Startup Time": 32763.447, "Actual Total Time": 32769.703, "Actual Rows": 58554, "Actual Loops": 1, "Sort Key": ["n1.n_name", "n2.n_name", "(date_part('year'::text, lineitem.l_shipdate))"], "Sort Method": "quicksort", "Sort Space Used": 10686, "Sort Space Type": "Memory", "Plans": [{"Node Type": "Nested Loop", "Parent Relationship": "Outer", "Join Type": "Inner", "Startup Cost": 1031.44, "Total Cost": 6036452.41, "Plan Rows": 3688, "Plan Width": 76, "Actual Startup Time": 18.098, "Actual Total Time": 32693.284, "Actual Rows": 58554, "Actual Loops": 1, "Inner Unique": true, "Join Filter": "(n1.n_nationkey = supplier.s_nationkey)", "Rows Removed by Join Filter": 1400596, "Plans": [{"Node Type": "Nested Loop", "Parent Relationship": "Outer", "Join Type": "Inner", "Startup Cost": 1031.18, "Total Cost": 2863778.68, "Plan Rows": 740786, "Plan Width": 88, "Actual Startup Time": 17.929, "Actual Total Time": 22458.966, "Actual Rows": 1459150, "Actual Loops": 1, "Inner Unique": false, "Plans": [{"Node Type": "Nested Loop", "Parent Relationship": "Outer", "Join Type": "Inner", "Startup Cost": 1030.8, "Total Cost": 557356.7, "Plan Rows": 504972, "Plan Width": 64, "Actual Startup Time": 17.847, "Actual Total Time": 4993.984, "Actual Rows": 1200363, "Actual Loops": 1, "Inner Unique": false, "Plans": [{"Node Type": "Nested Loop", "Parent Relationship": "Outer", "Join Type": "Inner", "Startup Cost": 1030.37, "Total Cost": 14881.59, "Plan Rows": 119904, "Plan Width": 64, "Actual Startup Time": 17.798, "Actual Total Time": 291.21, "Actual Rows": 119972, "Actual Loops": 1, "Inner Unique": false, "Plans": [{"Node Type": "Nested Loop", "Parent Relationship": "Outer", "Join Type": "Inner", "Startup Cost": 0.0, "Total Cost": 16.62, "Plan Rows": 2, "Plan Width": 60, "Actual Startup Time": 0.073, "Actual Total Time": 0.258, "Actual Rows": 2, "Actual Loops": 1, "Inner Unique": false, "Join Filter": "(((n1.n_name = 'JAPAN'::bpchar) AND (n2.n_name = 'INDIA'::bpchar)) OR ((n1.n_name = 'INDIA'::bpchar) AND (n2.n_name = 'JAPAN'::bpchar)))", "Rows Removed by Join Filter": 2, "Plans": [{"Node Type": "Seq Scan", "Parent Relationship": "Outer", "Relation Name": "nation", "Alias": "n1", "Startup Cost": 0.0, "Total Cost": 1.25, "Plan Rows": 25, "Plan Width": 30, "Actual Startup Time": 0.036, "Actual Total Time": 0.06, "Actual Rows": 2, "Actual Loops": 1, "Filter": "((n_name = 'JAPAN'::bpchar) OR (n_name = 'INDIA'::bpchar))", "Rows Removed by Filter": 23}, {"Node Type": "Materialize", "Parent Relationship": "Inner", "Startup Cost": 0.0, "Total Cost": 1.38, "Plan Rows": 25, "Plan Width": 30, "Actual Startup Time": 0.029, "Actual Total Time": 0.057, "Actual Rows": 4, "Actual Loops": 2, "Plans": [{"Node Type": "Seq Scan", "Parent Relationship": "Outer", "Relation Name": "nation", "Alias": "n2", "Startup Cost": 0.0, "Total Cost": 1.25, "Plan Rows": 25, "Plan Width": 30, "Actual Startup Time": 0.012, "Actual Total Time": 0.035, "Actual Rows": 2, "Actual Loops": 1, "Filter": "((n_name = 'INDIA'::bpchar) OR (n_name = 'JAPAN'::bpchar))", "Rows Removed by Filter": 23}]}]}, {"Node Type": "Bitmap Heap Scan", "Parent Relationship": "Inner", "Relation Name": "customer", "Alias": "customer", "Startup Cost": 1030.37, "Total Cost": 6832.48, "Plan Rows": 60000, "Plan Width": 12, "Actual Startup Time": 35.635, "Actual Total Time": 256.344, "Actual Rows": 119972, "Actual Loops": 2, "Recheck Cond": "(c_nationkey = n2.n_nationkey)", "Rows Removed by Index Recheck": 0, "Exact Heap Blocks": 59938, "Lossy Heap Blocks": 59938, "Plans": [{"Node Type": "Bitmap Index Scan", "Parent Relationship": "Outer", "Index Name": "idx_customer_nationkey", "Startup Cost": 0.0, "Total Cost": 1015.37, "Plan Rows": 60000, "Plan Width": 0, "Actual Startup Time": 22.422, "Actual Total Time": 22.422, "Actual Rows": 119972, "Actual Loops": 2, "Index Cond": "(c_nationkey = n2.n_nationkey)"}]}]}, {"Node Type": "Bitmap Heap Scan", "Parent Relationship": "Inner", "Relation Name": "orders", "Alias": "orders", "Startup Cost": 0.43, "Total Cost": 4.48, "Plan Rows": 4, "Plan Width": 16, "Actual Startup Time": 1200.939, "Actual Total Time": 4252.977, "Actual Rows": 1200363, "Actual Loops": 119972, "Recheck Cond": "(o_custkey = customer.c_custkey)", "Rows Removed by Index Recheck": 0, "Exact Heap Blocks": 1200331, "Lossy Heap Blocks": 1200331, "Plans": [{"Node Type": "Bitmap Index Scan", "Parent Relationship": "Outer", "Index Name": "idx_orders_custkey", "Startup Cost": 0.0, "Total Cost": 0.43, "Plan Rows": 4, "Plan Width": 0, "Actual Startup Time": 733.815, "Actual Total Time": 733.815, "Actual Rows": 1200363, "Actual Loops": 119972, "Index Cond": "(o_custkey = customer.c_custkey)"}]}]}, {"Node Type": "Bitmap Heap Scan", "Parent Relationship": "Inner", "Relation Name": "lineitem", "Alias": "lineitem", "Startup Cost": 0.38, "Total Cost": 4.54, "Plan Rows": 3, "Plan Width": 40, "Actual Startup Time": 15029.332, "Actual Total Time": 15673.719, "Actual Rows": 1459150, "Actual Loops": 1200363, "Recheck Cond": "(l_orderkey = orders.o_orderkey)", "Rows Removed by Index Recheck": 0, "Filter": "((l_shipdate >= '1995-01-01 00:00:00'::timestamp(0) without time zone) AND (l_shipdate <= '1996-12-31 00:00:00'::timestamp(0) without time zone))", "Rows Removed by Filter": 3342563, "Exact Heap Blocks": 1285989, "Lossy Heap Blocks": 1285989, "Plans": [{"Node Type": "Bitmap Index Scan", "Parent Relationship": "Outer", "Index Name": "idx_lineitem_orderkey", "Startup Cost": 0.0, "Total Cost": 0.38, "Plan Rows": 9, "Plan Width": 0, "Actual Startup Time": 8662.575, "Actual Total Time": 8662.575, "Actual Rows": 4801713, "Actual Loops": 1200363, "Index Cond": "(l_orderkey = orders.o_orderkey)"}]}]}, {"Node Type": "Bitmap Heap Scan", "Parent Relationship": "Inner", "Relation Name": "supplier", "Alias": "supplier", "Startup Cost": 0.26, "Total Cost": 4.27, "Plan Rows": 1, "Plan Width": 12, "Actual Startup Time": 7794.803, "Actual Total Time": 8003.709, "Actual Rows": 1459150, "Actual Loops": 1459150, "Recheck Cond": "(s_suppkey = lineitem.l_suppkey)", "Rows Removed by Index Recheck": 0, "Exact Heap Blocks": 1459150, "Lossy Heap Blocks": 1459150, "Plans": [{"Node Type": "Bitmap Index Scan", "Parent Relationship": "Outer", "Index Name": "supplier_pkey", "Startup Cost": 0.0, "Total Cost": 0.26, "Plan Rows": 1, "Plan Width": 0, "Actual Startup Time": 4065.423, "Actual Total Time": 4065.423, "Actual Rows": 1459150, "Actual Loops": 1459150, "Index Cond": "(s_suppkey = lineitem.l_suppkey)"}]}]}]}]}, "Triggers": [], "Planner Runtime": 1, "Total Runtime": 32809.641, "Unique SQL Id": 2208782157}}, "(1, 55)": {"explain_plan": {"Plan": {"Node Type": "Aggregate", "Strategy": "Sorted", "Startup Cost": 99673573.01, "Total Cost": 99673683.65, "Plan Rows": 3688, "Plan Width": 84, "Group By Key": ["n1.n_name", "n2.n_name", "(date_part('year'::text, lineitem.l_shipdate))"], "Plans": [{"Node Type": "Sort", "Parent Relationship": "Outer", "Startup Cost": 99673573.01, "Total Cost": 99673582.23, "Plan Rows": 3688, "Plan Width": 76, "Sort Key": ["n1.n_name", "n2.n_name", "(date_part('year'::text, lineitem.l_shipdate))"], "Plans": [{"Node Type": "Nested Loop", "Parent Relationship": "Outer", "Join Type": "Inner", "Startup Cost": 627986.71, "Total Cost": 99673354.52, "Plan Rows": 3688, "Plan Width": 76, "Inner Unique": true, "Join Filter": "(((n1.n_name = 'JAPAN'::bpchar) AND (n2.n_name = 'INDIA'::bpchar)) OR ((n1.n_name = 'INDIA'::bpchar) AND (n2.n_name = 'JAPAN'::bpchar)))", "Plans": [{"Node Type": "Nested Loop", "Parent Relationship": "Outer", "Join Type": "Inner", "Startup Cost": 627986.45, "Total Cost": 94724471.42, "Plan Rows": 1153515, "Plan Width": 54, "Inner Unique": true, "Plans": [{"Node Type": "Nested Loop", "Parent Relationship": "Outer", "Join Type": "Inner", "Startup Cost": 627986.2, "Total Cost": 89787046.56, "Plan Rows": 1153515, "Plan Width": 32, "Inner Unique": true, "Plans": [{"Node Type": "Nested Loop", "Parent Relationship": "Outer", "Join Type": "Inner", "Startup Cost": 627985.94, "Total Cost": 84848088.55, "Plan Rows": 1153515, "Plan Width": 36, "Inner Unique": true, "Plans": [{"Node Type": "Nested Loop", "Parent Relationship": "Outer", "Join Type": "Inner", "Startup Cost": 627985.67, "Total Cost": 79896146.0, "Plan Rows": 1153515, "Plan Width": 36, "Inner Unique": true, "Plans": [{"Node Type": "Bitmap Heap Scan", "Parent Relationship": "Outer", "Relation Name": "lineitem", "Alias": "lineitem", "Startup Cost": 627985.41, "Total Cost": 2315105.27, "Plan Rows": 18124991, "Plan Width": 40, "Recheck Cond": "((l_shipdate >= '1995-01-01 00:00:00'::timestamp(0) without time zone) AND (l_shipdate <= '1996-12-31 00:00:00'::timestamp(0) without time zone)), (LLVM Optimized)", "Plans": [{"Node Type": "Bitmap Index Scan", "Parent Relationship": "Outer", "Index Name": "idx_lineitem_shipdate", "Startup Cost": 0.0, "Total Cost": 623454.16, "Plan Rows": 18124991, "Plan Width": 0, "Index Cond": "((l_shipdate >= '1995-01-01 00:00:00'::timestamp(0) without time zone) AND (l_shipdate <= '1996-12-31 00:00:00'::timestamp(0) without time zone))"}]}, {"Node Type": "Bitmap Heap Scan", "Parent Relationship": "Inner", "Relation Name": "supplier", "Alias": "supplier", "Startup Cost": 0.26, "Total Cost": 4.27, "Plan Rows": 1, "Plan Width": 12, "Recheck Cond": "(s_suppkey = lineitem.l_suppkey)", "Plans": [{"Node Type": "Bitmap Index Scan", "Parent Relationship": "Outer", "Index Name": "supplier_pkey", "Startup Cost": 0.0, "Total Cost": 0.26, "Plan Rows": 1, "Plan Width": 0, "Index Cond": "(s_suppkey = lineitem.l_suppkey)"}]}]}, {"Node Type": "Bitmap Heap Scan", "Parent Relationship": "Inner", "Relation Name": "orders", "Alias": "orders", "Startup Cost": 0.27, "Total Cost": 4.28, "Plan Rows": 1, "Plan Width": 16, "Recheck Cond": "(o_orderkey = lineitem.l_orderkey)", "Plans": [{"Node Type": "Bitmap Index Scan", "Parent Relationship": "Outer", "Index Name": "orders_pkey", "Startup Cost": 0.0, "Total Cost": 0.27, "Plan Rows": 1, "Plan Width": 0, "Index Cond": "(o_orderkey = lineitem.l_orderkey)"}]}]}, {"Node Type": "Bitmap Heap Scan", "Parent Relationship": "Inner", "Relation Name": "customer", "Alias": "customer", "Startup Cost": 0.26, "Total Cost": 4.27, "Plan Rows": 1, "Plan Width": 12, "Recheck Cond": "(c_custkey = orders.o_custkey)", "Plans": [{"Node Type": "Bitmap Index Scan", "Parent Relationship": "Outer", "Index Name": "customer_pkey", "Startup Cost": 0.0, "Total Cost": 0.26, "Plan Rows": 1, "Plan Width": 0, "Index Cond": "(c_custkey = orders.o_custkey)"}]}]}, {"Node Type": "Bitmap Heap Scan", "Parent Relationship": "Inner", "Relation Name": "nation", "Alias": "n1", "Startup Cost": 0.26, "Total Cost": 4.27, "Plan Rows": 1, "Plan Width": 30, "Recheck Cond": "(n_nationkey = supplier.s_nationkey)", "Filter": "((n_name = 'JAPAN'::bpchar) OR (n_name = 'INDIA'::bpchar))", "Plans": [{"Node Type": "Bitmap Index Scan", "Parent Relationship": "Outer", "Index Name": "nation_pkey", "Startup Cost": 0.0, "Total Cost": 0.26, "Plan Rows": 1, "Plan Width": 0, "Index Cond": "(n_nationkey = supplier.s_nationkey)"}]}]}, {"Node Type": "Bitmap Heap Scan", "Parent Relationship": "Inner", "Relation Name": "nation", "Alias": "n2", "Startup Cost": 0.26, "Total Cost": 4.27, "Plan Rows": 1, "Plan Width": 30, "Recheck Cond": "(n_nationkey = customer.c_nationkey)", "Filter": "((n_name = 'INDIA'::bpchar) OR (n_name = 'JAPAN'::bpchar))", "Plans": [{"Node Type": "Bitmap Index Scan", "Parent Relationship": "Outer", "Index Name": "nation_pkey", "Startup Cost": 0.0, "Total Cost": 0.26, "Plan Rows": 1, "Plan Width": 0, "Index Cond": "(n_nationkey = customer.c_nationkey)"}]}]}]}]}, "Unique SQL Id": 2208782157, "Planner Runtime": 1}, "explain_analyze_plan": null}, "(1, 56)": {"explain_plan": {"Plan": {"Node Type": "Aggregate", "Strategy": "Sorted", "Startup Cost": 854429.38, "Total Cost": 854540.02, "Plan Rows": 3688, "Plan Width": 84, "Group By Key": ["n1.n_name", "n2.n_name", "(date_part('year'::text, lineitem.l_shipdate))"], "Plans": [{"Node Type": "Sort", "Parent Relationship": "Outer", "Startup Cost": 854429.38, "Total Cost": 854438.6, "Plan Rows": 3688, "Plan Width": 76, "Sort Key": ["n1.n_name", "n2.n_name", "(date_part('year'::text, lineitem.l_shipdate))"], "Plans": [{"Node Type": "Nested Loop", "Parent Relationship": "Outer", "Join Type": "Inner", "Startup Cost": 0.0, "Total Cost": 854210.9, "Plan Rows": 3688, "Plan Width": 76, "Inner Unique": true, "Join Filter": "(n1.n_nationkey = supplier.s_nationkey)", "Plans": [{"Node Type": "Nested Loop", "Parent Relationship": "Outer", "Join Type": "Inner", "Startup Cost": 0.0, "Total Cost": 644493.13, "Plan Rows": 740786, "Plan Width": 88, "Inner Unique": false, "Plans": [{"Node Type": "Nested Loop", "Parent Relationship": "Outer", "Join Type": "Inner", "Startup Cost": 0.0, "Total Cost": 167755.5, "Plan Rows": 504972, "Plan Width": 64, "Inner Unique": false, "Plans": [{"Node Type": "Nested Loop", "Parent Relationship": "Outer", "Join Type": "Inner", "Startup Cost": 0.0, "Total Cost": 16632.98, "Plan Rows": 119904, "Plan Width": 64, "Inner Unique": false, "Plans": [{"Node Type": "Nested Loop", "Parent Relationship": "Outer", "Join Type": "Inner", "Startup Cost": 0.0, "Total Cost": 28.12, "Plan Rows": 2, "Plan Width": 60, "Inner Unique": false, "Join Filter": "(((n1.n_name = 'JAPAN'::bpchar) AND (n2.n_name = 'INDIA'::bpchar)) OR ((n1.n_name = 'INDIA'::bpchar) AND (n2.n_name = 'JAPAN'::bpchar)))", "Plans": [{"Node Type": "Index Scan", "Parent Relationship": "Outer", "Scan Direction": "Forward", "Index Name": "nation_pkey", "Relation Name": "nation", "Alias": "n1", "Startup Cost": 0.0, "Total Cost": 12.75, "Plan Rows": 25, "Plan Width": 30, "Filter": "((n_name = 'JAPAN'::bpchar) OR (n_name = 'INDIA'::bpchar))"}, {"Node Type": "Materialize", "Parent Relationship": "Inner", "Startup Cost": 0.0, "Total Cost": 1.38, "Plan Rows": 25, "Plan Width": 30, "Plans": [{"Node Type": "Seq Scan", "Parent Relationship": "Outer", "Relation Name": "nation", "Alias": "n2", "Startup Cost": 0.0, "Total Cost": 1.25, "Plan Rows": 25, "Plan Width": 30, "Filter": "((n_name = 'INDIA'::bpchar) OR (n_name = 'JAPAN'::bpchar))"}]}]}, {"Node Type": "Index Scan", "Parent Relationship": "Inner", "Scan Direction": "Forward", "Index Name": "idx_customer_nationkey", "Relation Name": "customer", "Alias": "customer", "Startup Cost": 0.0, "Total Cost": 7702.43, "Plan Rows": 60000, "Plan Width": 12, "Index Cond": "(c_nationkey = n2.n_nationkey)"}]}, {"Node Type": "Index Scan", "Parent Relationship": "Inner", "Scan Direction": "Forward", "Index Name": "idx_orders_custkey", "Relation Name": "orders", "Alias": "orders", "Startup Cost": 0.0, "Total Cost": 1.22, "Plan Rows": 4, "Plan Width": 16, "Index Cond": "(o_custkey = customer.c_custkey)"}]}, {"Node Type": "Index Scan", "Parent Relationship": "Inner", "Scan Direction": "Forward", "Index Name": "idx_lineitem_orderkey", "Relation Name": "lineitem", "Alias": "lineitem", "Startup Cost": 0.0, "Total Cost": 0.91, "Plan Rows": 3, "Plan Width": 40, "Index Cond": "(l_orderkey = orders.o_orderkey)", "Filter": "((l_shipdate >= '1995-01-01 00:00:00'::timestamp(0) without time zone) AND (l_shipdate <= '1996-12-31 00:00:00'::timestamp(0) without time zone))"}]}, {"Node Type": "Index Scan", "Parent Relationship": "Inner", "Scan Direction": "Forward", "Index Name": "supplier_pkey", "Relation Name": "supplier", "Alias": "supplier", "Startup Cost": 0.0, "Total Cost": 0.27, "Plan Rows": 1, "Plan Width": 12, "Index Cond": "(s_suppkey = lineitem.l_suppkey)"}]}]}]}, "Unique SQL Id": 2208782157, "Planner Runtime": 1}, "explain_analyze_plan": {"Plan": {"Node Type": "Aggregate", "Strategy": "Sorted", "Startup Cost": 854429.38, "Total Cost": 854540.02, "Plan Rows": 3688, "Plan Width": 84, "Actual Startup Time": 27667.502, "Actual Total Time": 27700.852, "Actual Rows": 4, "Actual Loops": 1, "Group By Key": ["n1.n_name", "n2.n_name", "(date_part('year'::text, lineitem.l_shipdate))"], "Plans": [{"Node Type": "Sort", "Parent Relationship": "Outer", "Startup Cost": 854429.38, "Total Cost": 854438.6, "Plan Rows": 3688, "Plan Width": 76, "Actual Startup Time": 27656.32, "Actual Total Time": 27662.025, "Actual Rows": 58554, "Actual Loops": 1, "Sort Key": ["n1.n_name", "n2.n_name", "(date_part('year'::text, lineitem.l_shipdate))"], "Sort Method": "quicksort", "Sort Space Used": 10686, "Sort Space Type": "Memory", "Plans": [{"Node Type": "Nested Loop", "Parent Relationship": "Outer", "Join Type": "Inner", "Startup Cost": 0.0, "Total Cost": 854210.9, "Plan Rows": 3688, "Plan Width": 76, "Actual Startup Time": 0.393, "Actual Total Time": 27597.387, "Actual Rows": 58554, "Actual Loops": 1, "Inner Unique": true, "Join Filter": "(n1.n_nationkey = supplier.s_nationkey)", "Rows Removed by Join Filter": 1400596, "Plans": [{"Node Type": "Nested Loop", "Parent Relationship": "Outer", "Join Type": "Inner", "Startup Cost": 0.0, "Total Cost": 644493.13, "Plan Rows": 740786, "Plan Width": 88, "Actual Startup Time": 0.197, "Actual Total Time": 19611.219, "Actual Rows": 1459150, "Actual Loops": 1, "Inner Unique": false, "Plans": [{"Node Type": "Nested Loop", "Parent Relationship": "Outer", "Join Type": "Inner", "Startup Cost": 0.0, "Total Cost": 167755.5, "Plan Rows": 504972, "Plan Width": 64, "Actual Startup Time": 0.123, "Actual Total Time": 4070.217, "Actual Rows": 1200363, "Actual Loops": 1, "Inner Unique": false, "Plans": [{"Node Type": "Nested Loop", "Parent Relationship": "Outer", "Join Type": "Inner", "Startup Cost": 0.0, "Total Cost": 16632.98, "Plan Rows": 119904, "Plan Width": 64, "Actual Startup Time": 0.104, "Actual Total Time": 229.258, "Actual Rows": 119972, "Actual Loops": 1, "Inner Unique": false, "Plans": [{"Node Type": "Nested Loop", "Parent Relationship": "Outer", "Join Type": "Inner", "Startup Cost": 0.0, "Total Cost": 28.12, "Plan Rows": 2, "Plan Width": 60, "Actual Startup Time": 0.062, "Actual Total Time": 0.148, "Actual Rows": 2, "Actual Loops": 1, "Inner Unique": false, "Join Filter": "(((n1.n_name = 'JAPAN'::bpchar) AND (n2.n_name = 'INDIA'::bpchar)) OR ((n1.n_name = 'INDIA'::bpchar) AND (n2.n_name = 'JAPAN'::bpchar)))", "Rows Removed by Join Filter": 2, "Plans": [{"Node Type": "Index Scan", "Parent Relationship": "Outer", "Scan Direction": "Forward", "Index Name": "nation_pkey", "Relation Name": "nation", "Alias": "n1", "Startup Cost": 0.0, "Total Cost": 12.75, "Plan Rows": 25, "Plan Width": 30, "Actual Startup Time": 0.034, "Actual Total Time": 0.059, "Actual Rows": 2, "Actual Loops": 1, "Filter": "((n_name = 'JAPAN'::bpchar) OR (n_name = 'INDIA'::bpchar))", "Rows Removed by Filter": 23}, {"Node Type": "Materialize", "Parent Relationship": "Inner", "Startup Cost": 0.0, "Total Cost": 1.38, "Plan Rows": 25, "Plan Width": 30, "Actual Startup Time": 0.019, "Actual Total Time": 0.047, "Actual Rows": 4, "Actual Loops": 2, "Plans": [{"Node Type": "Seq Scan", "Parent Relationship": "Outer", "Relation Name": "nation", "Alias": "n2", "Startup Cost": 0.0, "Total Cost": 1.25, "Plan Rows": 25, "Plan Width": 30, "Actual Startup Time": 0.016, "Actual Total Time": 0.039, "Actual Rows": 2, "Actual Loops": 1, "Filter": "((n_name = 'INDIA'::bpchar) OR (n_name = 'JAPAN'::bpchar))", "Rows Removed by Filter": 23}]}]}, {"Node Type": "Index Scan", "Parent Relationship": "Inner", "Scan Direction": "Forward", "Index Name": "idx_customer_nationkey", "Relation Name": "customer", "Alias": "customer", "Startup Cost": 0.0, "Total Cost": 7702.43, "Plan Rows": 60000, "Plan Width": 12, "Actual Startup Time": 0.062, "Actual Total Time": 191.875, "Actual Rows": 119972, "Actual Loops": 2, "Index Cond": "(c_nationkey = n2.n_nationkey)", "Rows Removed by Index Recheck": 0}]}, {"Node Type": "Index Scan", "Parent Relationship": "Inner", "Scan Direction": "Forward", "Index Name": "idx_orders_custkey", "Relation Name": "orders", "Alias": "orders", "Startup Cost": 0.0, "Total Cost": 1.22, "Plan Rows": 4, "Plan Width": 16, "Actual Startup Time": 752.246, "Actual Total Time": 3474.76, "Actual Rows": 1200363, "Actual Loops": 119972, "Index Cond": "(o_custkey = customer.c_custkey)", "Rows Removed by Index Recheck": 0}]}, {"Node Type": "Index Scan", "Parent Relationship": "Inner", "Scan Direction": "Forward", "Index Name": "idx_lineitem_orderkey", "Relation Name": "lineitem", "Alias": "lineitem", "Startup Cost": 0.0, "Total Cost": 0.91, "Plan Rows": 3, "Plan Width": 40, "Actual Startup Time": 13361.18, "Actual Total Time": 14579.036, "Actual Rows": 1459150, "Actual Loops": 1200363, "Index Cond": "(l_orderkey = orders.o_orderkey)", "Rows Removed by Index Recheck": 0, "Filter": "((l_shipdate >= '1995-01-01 00:00:00'::timestamp(0) without time zone) AND (l_shipdate <= '1996-12-31 00:00:00'::timestamp(0) without time zone))", "Rows Removed by Filter": 3342563}]}, {"Node Type": "Index Scan", "Parent Relationship": "Inner", "Scan Direction": "Forward", "Index Name": "supplier_pkey", "Relation Name": "supplier", "Alias": "supplier", "Startup Cost": 0.0, "Total Cost": 0.27, "Plan Rows": 1, "Plan Width": 12, "Actual Startup Time": 6315.976, "Actual Total Time": 6799.004, "Actual Rows": 1459150, "Actual Loops": 1459150, "Index Cond": "(s_suppkey = lineitem.l_suppkey)", "Rows Removed by Index Recheck": 0}]}]}]}, "Triggers": [], "Planner Runtime": 1, "Total Runtime": 27701.328, "Unique SQL Id": 2208782157}}, "(1, 57)": {"explain_plan": {"Plan": {"Node Type": "Aggregate", "Strategy": "Sorted", "Startup Cost": 854440.88, "Total Cost": 854551.52, "Plan Rows": 3688, "Plan Width": 84, "Group By Key": ["n1.n_name", "n2.n_name", "(date_part('year'::text, lineitem.l_shipdate))"], "Plans": [{"Node Type": "Sort", "Parent Relationship": "Outer", "Startup Cost": 854440.88, "Total Cost": 854450.1, "Plan Rows": 3688, "Plan Width": 76, "Sort Key": ["n1.n_name", "n2.n_name", "(date_part('year'::text, lineitem.l_shipdate))"], "Plans": [{"Node Type": "Nested Loop", "Parent Relationship": "Outer", "Join Type": "Inner", "Startup Cost": 0.0, "Total Cost": 854222.4, "Plan Rows": 3688, "Plan Width": 76, "Inner Unique": true, "Join Filter": "(n1.n_nationkey = supplier.s_nationkey)", "Plans": [{"Node Type": "Nested Loop", "Parent Relationship": "Outer", "Join Type": "Inner", "Startup Cost": 0.0, "Total Cost": 644504.63, "Plan Rows": 740786, "Plan Width": 88, "Inner Unique": false, "Plans": [{"Node Type": "Nested Loop", "Parent Relationship": "Outer", "Join Type": "Inner", "Startup Cost": 0.0, "Total Cost": 167767.0, "Plan Rows": 504972, "Plan Width": 64, "Inner Unique": false, "Plans": [{"Node Type": "Nested Loop", "Parent Relationship": "Outer", "Join Type": "Inner", "Startup Cost": 0.0, "Total Cost": 16644.48, "Plan Rows": 119904, "Plan Width": 64, "Inner Unique": false, "Plans": [{"Node Type": "Nested Loop", "Parent Relationship": "Outer", "Join Type": "Inner", "Startup Cost": 0.0, "Total Cost": 39.62, "Plan Rows": 2, "Plan Width": 60, "Inner Unique": false, "Join Filter": "(((n1.n_name = 'JAPAN'::bpchar) AND (n2.n_name = 'INDIA'::bpchar)) OR ((n1.n_name = 'INDIA'::bpchar) AND (n2.n_name = 'JAPAN'::bpchar)))", "Plans": [{"Node Type": "Index Scan", "Parent Relationship": "Outer", "Scan Direction": "Forward", "Index Name": "nation_pkey", "Relation Name": "nation", "Alias": "n1", "Startup Cost": 0.0, "Total Cost": 12.75, "Plan Rows": 25, "Plan Width": 30, "Filter": "((n_name = 'JAPAN'::bpchar) OR (n_name = 'INDIA'::bpchar))"}, {"Node Type": "Materialize", "Parent Relationship": "Inner", "Startup Cost": 0.0, "Total Cost": 12.88, "Plan Rows": 25, "Plan Width": 30, "Plans": [{"Node Type": "Index Scan", "Parent Relationship": "Outer", "Scan Direction": "Forward", "Index Name": "nation_pkey", "Relation Name": "nation", "Alias": "n2", "Startup Cost": 0.0, "Total Cost": 12.75, "Plan Rows": 25, "Plan Width": 30, "Filter": "((n_name = 'INDIA'::bpchar) OR (n_name = 'JAPAN'::bpchar))"}]}]}, {"Node Type": "Index Scan", "Parent Relationship": "Inner", "Scan Direction": "Forward", "Index Name": "idx_customer_nationkey", "Relation Name": "customer", "Alias": "customer", "Startup Cost": 0.0, "Total Cost": 7702.43, "Plan Rows": 60000, "Plan Width": 12, "Index Cond": "(c_nationkey = n2.n_nationkey)"}]}, {"Node Type": "Index Scan", "Parent Relationship": "Inner", "Scan Direction": "Forward", "Index Name": "idx_orders_custkey", "Relation Name": "orders", "Alias": "orders", "Startup Cost": 0.0, "Total Cost": 1.22, "Plan Rows": 4, "Plan Width": 16, "Index Cond": "(o_custkey = customer.c_custkey)"}]}, {"Node Type": "Index Scan", "Parent Relationship": "Inner", "Scan Direction": "Forward", "Index Name": "idx_lineitem_orderkey", "Relation Name": "lineitem", "Alias": "lineitem", "Startup Cost": 0.0, "Total Cost": 0.91, "Plan Rows": 3, "Plan Width": 40, "Index Cond": "(l_orderkey = orders.o_orderkey)", "Filter": "((l_shipdate >= '1995-01-01 00:00:00'::timestamp(0) without time zone) AND (l_shipdate <= '1996-12-31 00:00:00'::timestamp(0) without time zone))"}]}, {"Node Type": "Index Scan", "Parent Relationship": "Inner", "Scan Direction": "Forward", "Index Name": "supplier_pkey", "Relation Name": "supplier", "Alias": "supplier", "Startup Cost": 0.0, "Total Cost": 0.27, "Plan Rows": 1, "Plan Width": 12, "Index Cond": "(s_suppkey = lineitem.l_suppkey)"}]}]}]}, "Unique SQL Id": 2208782157, "Planner Runtime": 1}, "explain_analyze_plan": {"Plan": {"Node Type": "Aggregate", "Strategy": "Sorted", "Startup Cost": 854440.88, "Total Cost": 854551.52, "Plan Rows": 3688, "Plan Width": 84, "Actual Startup Time": 27114.078, "Actual Total Time": 27149.287, "Actual Rows": 4, "Actual Loops": 1, "Group By Key": ["n1.n_name", "n2.n_name", "(date_part('year'::text, lineitem.l_shipdate))"], "Plans": [{"Node Type": "Sort", "Parent Relationship": "Outer", "Startup Cost": 854440.88, "Total Cost": 854450.1, "Plan Rows": 3688, "Plan Width": 76, "Actual Startup Time": 27101.812, "Actual Total Time": 27108.985, "Actual Rows": 58554, "Actual Loops": 1, "Sort Key": ["n1.n_name", "n2.n_name", "(date_part('year'::text, lineitem.l_shipdate))"], "Sort Method": "quicksort", "Sort Space Used": 10686, "Sort Space Type": "Memory", "Plans": [{"Node Type": "Nested Loop", "Parent Relationship": "Outer", "Join Type": "Inner", "Startup Cost": 0.0, "Total Cost": 854222.4, "Plan Rows": 3688, "Plan Width": 76, "Actual Startup Time": 0.274, "Actual Total Time": 27041.779, "Actual Rows": 58554, "Actual Loops": 1, "Inner Unique": true, "Join Filter": "(n1.n_nationkey = supplier.s_nationkey)", "Rows Removed by Join Filter": 1400596, "Plans": [{"Node Type": "Nested Loop", "Parent Relationship": "Outer", "Join Type": "Inner", "Startup Cost": 0.0, "Total Cost": 644504.63, "Plan Rows": 740786, "Plan Width": 88, "Actual Startup Time": 0.153, "Actual Total Time": 19121.888, "Actual Rows": 1459150, "Actual Loops": 1, "Inner Unique": false, "Plans": [{"Node Type": "Nested Loop", "Parent Relationship": "Outer", "Join Type": "Inner", "Startup Cost": 0.0, "Total Cost": 167767.0, "Plan Rows": 504972, "Plan Width": 64, "Actual Startup Time": 0.104, "Actual Total Time": 3943.532, "Actual Rows": 1200363, "Actual Loops": 1, "Inner Unique": false, "Plans": [{"Node Type": "Nested Loop", "Parent Relationship": "Outer", "Join Type": "Inner", "Startup Cost": 0.0, "Total Cost": 16644.48, "Plan Rows": 119904, "Plan Width": 64, "Actual Startup Time": 0.09, "Actual Total Time": 224.862, "Actual Rows": 119972, "Actual Loops": 1, "Inner Unique": false, "Plans": [{"Node Type": "Nested Loop", "Parent Relationship": "Outer", "Join Type": "Inner", "Startup Cost": 0.0, "Total Cost": 39.62, "Plan Rows": 2, "Plan Width": 60, "Actual Startup Time": 0.058, "Actual Total Time": 0.307, "Actual Rows": 2, "Actual Loops": 1, "Inner Unique": false, "Join Filter": "(((n1.n_name = 'JAPAN'::bpchar) AND (n2.n_name = 'INDIA'::bpchar)) OR ((n1.n_name = 'INDIA'::bpchar) AND (n2.n_name = 'JAPAN'::bpchar)))", "Rows Removed by Join Filter": 2, "Plans": [{"Node Type": "Index Scan", "Parent Relationship": "Outer", "Scan Direction": "Forward", "Index Name": "nation_pkey", "Relation Name": "nation", "Alias": "n1", "Startup Cost": 0.0, "Total Cost": 12.75, "Plan Rows": 25, "Plan Width": 30, "Actual Startup Time": 0.034, "Actual Total Time": 0.086, "Actual Rows": 2, "Actual Loops": 1, "Filter": "((n_name = 'JAPAN'::bpchar) OR (n_name = 'INDIA'::bpchar))", "Rows Removed by Filter": 23}, {"Node Type": "Materialize", "Parent Relationship": "Inner", "Startup Cost": 0.0, "Total Cost": 12.88, "Plan Rows": 25, "Plan Width": 30, "Actual Startup Time": 0.017, "Actual Total Time": 0.047, "Actual Rows": 4, "Actual Loops": 2, "Plans": [{"Node Type": "Index Scan", "Parent Relationship": "Outer", "Scan Direction": "Forward", "Index Name": "nation_pkey", "Relation Name": "nation", "Alias": "n2", "Startup Cost": 0.0, "Total Cost": 12.75, "Plan Rows": 25, "Plan Width": 30, "Actual Startup Time": 0.01, "Actual Total Time": 0.034, "Actual Rows": 2, "Actual Loops": 1, "Filter": "((n_name = 'INDIA'::bpchar) OR (n_name = 'JAPAN'::bpchar))", "Rows Removed by Filter": 23}]}]}, {"Node Type": "Index Scan", "Parent Relationship": "Inner", "Scan Direction": "Forward", "Index Name": "idx_customer_nationkey", "Relation Name": "customer", "Alias": "customer", "Startup Cost": 0.0, "Total Cost": 7702.43, "Plan Rows": 60000, "Plan Width": 12, "Actual Startup Time": 0.074, "Actual Total Time": 187.95, "Actual Rows": 119972, "Actual Loops": 2, "Index Cond": "(c_nationkey = n2.n_nationkey)", "Rows Removed by Index Recheck": 0}]}, {"Node Type": "Index Scan", "Parent Relationship": "Inner", "Scan Direction": "Forward", "Index Name": "idx_orders_custkey", "Relation Name": "orders", "Alias": "orders", "Startup Cost": 0.0, "Total Cost": 1.22, "Plan Rows": 4, "Plan Width": 16, "Actual Startup Time": 731.199, "Actual Total Time": 3356.094, "Actual Rows": 1200363, "Actual Loops": 119972, "Index Cond": "(o_custkey = customer.c_custkey)", "Rows Removed by Index Recheck": 0}]}, {"Node Type": "Index Scan", "Parent Relationship": "Inner", "Scan Direction": "Forward", "Index Name": "idx_lineitem_orderkey", "Relation Name": "lineitem", "Alias": "lineitem", "Startup Cost": 0.0, "Total Cost": 0.91, "Plan Rows": 3, "Plan Width": 40, "Actual Startup Time": 13009.933, "Actual Total Time": 14206.429, "Actual Rows": 1459150, "Actual Loops": 1200363, "Index Cond": "(l_orderkey = orders.o_orderkey)", "Rows Removed by Index Recheck": 0, "Filter": "((l_shipdate >= '1995-01-01 00:00:00'::timestamp(0) without time zone) AND (l_shipdate <= '1996-12-31 00:00:00'::timestamp(0) without time zone))", "Rows Removed by Filter": 3342563}]}, {"Node Type": "Index Scan", "Parent Relationship": "Inner", "Scan Direction": "Forward", "Index Name": "supplier_pkey", "Relation Name": "supplier", "Alias": "supplier", "Startup Cost": 0.0, "Total Cost": 0.27, "Plan Rows": 1, "Plan Width": 12, "Actual Startup Time": 6247.248, "Actual Total Time": 6737.791, "Actual Rows": 1459150, "Actual Loops": 1459150, "Index Cond": "(s_suppkey = lineitem.l_suppkey)", "Rows Removed by Index Recheck": 0}]}]}]}, "Triggers": [], "Planner Runtime": 1, "Total Runtime": 27149.746, "Unique SQL Id": 2208782157}}, "(1, 58)": {"explain_plan": {"Plan": {"Node Type": "Aggregate", "Strategy": "Sorted", "Startup Cost": 25342456421.75, "Total Cost": 25342456532.39, "Plan Rows": 3688, "Plan Width": 84, "Group By Key": ["n1.n_name", "n2.n_name", "(date_part('year'::text, lineitem.l_shipdate))"], "Plans": [{"Node Type": "Sort", "Parent Relationship": "Outer", "Startup Cost": 25342456421.75, "Total Cost": 25342456430.97, "Plan Rows": 3688, "Plan Width": 76, "Sort Key": ["n1.n_name", "n2.n_name", "(date_part('year'::text, lineitem.l_shipdate))"], "Plans": [{"Node Type": "Nested Loop", "Parent Relationship": "Outer", "Join Type": "Inner", "Startup Cost": 44.73, "Total Cost": 25342456203.26, "Plan Rows": 3688, "Plan Width": 76, "Inner Unique": false, "Join Filter": "((orders.o_custkey = customer.c_custkey) AND (n2.n_nationkey = customer.c_nationkey))", "Plans": [{"Node Type": "Seq Scan", "Parent Relationship": "Outer", "Relation Name": "customer", "Alias": "customer", "Startup Cost": 0.0, "Total Cost": 52126.0, "Plan Rows": 1500000, "Plan Width": 12}, {"Node Type": "Materialize", "Parent Relationship": "Inner", "Startup Cost": 44.73, "Total Cost": 22921970548.56, "Plan Rows": 92207, "Plan Width": 88, "Plans": [{"Node Type": "Nested Loop", "Parent Relationship": "Outer", "Join Type": "Inner", "Startup Cost": 44.73, "Total Cost": 22921970087.52, "Plan Rows": 92207, "Plan Width": 88, "Inner Unique": false, "Join Filter": "(lineitem.l_orderkey = orders.o_orderkey)", "Plans": [{"Node Type": "Seq Scan", "Parent Relationship": "Outer", "Relation Name": "orders", "Alias": "orders", "Startup Cost": 0.0, "Total Cost": 426413.79, "Plan Rows": 14999479, "Plan Width": 16}, {"Node Type": "Materialize", "Parent Relationship": "Inner", "Startup Cost": 44.73, "Total Cost": 2175689501.95, "Plan Rows": 92207, "Plan Width": 88, "Plans": [{"Node Type": "Nested Loop", "Parent Relationship": "Outer", "Join Type": "Inner", "Startup Cost": 44.73, "Total Cost": 2175689040.92, "Plan Rows": 92207, "Plan Width": 88, "Inner Unique": false, "Join Filter": "(supplier.s_suppkey = lineitem.l_suppkey)", "Plans": [{"Node Type": "Seq Scan", "Parent Relationship": "Outer", "Relation Name": "lineitem", "Alias": "lineitem", "Startup Cost": 44.73, "Total Cost": 2315050.5, "Plan Rows": 18124991, "Plan Width": 40, "Filter": "((l_shipdate >= '1995-01-01 00:00:00'::timestamp(0) without time zone) AND (l_shipdate <= '1996-12-31 00:00:00'::timestamp(0) without time zone)), (LLVM Optimized)"}, {"Node Type": "Materialize", "Parent Relationship": "Inner", "Startup Cost": 0.0, "Total Cost": 6339.6, "Plan Rows": 7994, "Plan Width": 64, "Plans": [{"Node Type": "Nested Loop", "Parent Relationship": "Outer", "Join Type": "Inner", "Startup Cost": 0.0, "Total Cost": 6299.63, "Plan Rows": 7994, "Plan Width": 64, "Inner Unique": false, "Join Filter": "(n1.n_nationkey = supplier.s_nationkey)", "Plans": [{"Node Type": "Seq Scan", "Parent Relationship": "Outer", "Relation Name": "supplier", "Alias": "supplier", "Startup Cost": 0.0, "Total Cost": 3283.0, "Plan Rows": 100000, "Plan Width": 12}, {"Node Type": "Materialize", "Parent Relationship": "Inner", "Startup Cost": 0.0, "Total Cost": 16.64, "Plan Rows": 2, "Plan Width": 60, "Plans": [{"Node Type": "Nested Loop", "Parent Relationship": "Outer", "Join Type": "Inner", "Startup Cost": 0.0, "Total Cost": 16.62, "Plan Rows": 2, "Plan Width": 60, "Inner Unique": false, "Join Filter": "(((n1.n_name = 'JAPAN'::bpchar) AND (n2.n_name = 'INDIA'::bpchar)) OR ((n1.n_name = 'INDIA'::bpchar) AND (n2.n_name = 'JAPAN'::bpchar)))", "Plans": [{"Node Type": "Seq Scan", "Parent Relationship": "Outer", "Relation Name": "nation", "Alias": "n1", "Startup Cost": 0.0, "Total Cost": 1.25, "Plan Rows": 25, "Plan Width": 30, "Filter": "((n_name = 'JAPAN'::bpchar) OR (n_name = 'INDIA'::bpchar))"}, {"Node Type": "Materialize", "Parent Relationship": "Inner", "Startup Cost": 0.0, "Total Cost": 1.38, "Plan Rows": 25, "Plan Width": 30, "Plans": [{"Node Type": "Seq Scan", "Parent Relationship": "Outer", "Relation Name": "nation", "Alias": "n2", "Startup Cost": 0.0, "Total Cost": 1.25, "Plan Rows": 25, "Plan Width": 30, "Filter": "((n_name = 'INDIA'::bpchar) OR (n_name = 'JAPAN'::bpchar))"}]}]}]}]}]}]}]}]}]}]}]}]}, "Unique SQL Id": 2208782157, "Planner Runtime": 1}, "explain_analyze_plan": null}, "(1, 59)": {"explain_plan": {"Plan": {"Node Type": "Aggregate", "Strategy": "Sorted", "Startup Cost": 6025775461631.13, "Total Cost": 6025775461741.77, "Plan Rows": 3688, "Plan Width": 84, "Group By Key": ["n1.n_name", "n2.n_name", "(date_part('year'::text, lineitem.l_shipdate))"], "Plans": [{"Node Type": "Sort", "Parent Relationship": "Outer", "Startup Cost": 6025775461631.13, "Total Cost": 6025775461640.35, "Plan Rows": 3688, "Plan Width": 76, "Sort Key": ["n1.n_name", "n2.n_name", "(date_part('year'::text, lineitem.l_shipdate))"], "Plans": [{"Node Type": "Nested Loop", "Parent Relationship": "Outer", "Join Type": "Inner", "Startup Cost": 60000000000.0, "Total Cost": 6025775461412.64, "Plan Rows": 3688, "Plan Width": 76, "Inner Unique": false, "Join Filter": "((orders.o_custkey = customer.c_custkey) AND (n2.n_nationkey = customer.c_nationkey))", "Plans": [{"Node Type": "Index Scan", "Parent Relationship": "Outer", "Scan Direction": "Forward", "Index Name": "customer_pkey", "Relation Name": "customer", "Alias": "customer", "Startup Cost": 10000000000.0, "Total Cost": 1000008076535.62, "Plan Rows": 1500000, "Plan Width": 12}, {"Node Type": "Materialize", "Parent Relationship": "Inner", "Startup Cost": 50000000000.0, "Total Cost": 5023346951348.32, "Plan Rows": 92207, "Plan Width": 88, "Plans": [{"Node Type": "Nested Loop", "Parent Relationship": "Outer", "Join Type": "Inner", "Startup Cost": 50000000000.0, "Total Cost": 5023346950887.28, "Plan Rows": 92207, "Plan Width": 88, "Inner Unique": true, "Join Filter": "(lineitem.l_orderkey = orders.o_orderkey)", "Plans": [{"Node Type": "Nested Loop", "Parent Relationship": "Outer", "Join Type": "Inner", "Startup Cost": 40000000000.0, "Total Cost": 4002527961142.79, "Plan Rows": 92207, "Plan Width": 88, "Inner Unique": false, "Join Filter": "(supplier.s_suppkey = lineitem.l_suppkey)", "Plans": [{"Node Type": "Nested Loop", "Parent Relationship": "Outer", "Join Type": "Inner", "Startup Cost": 30000000000.0, "Total Cost": 3000000539268.5, "Plan Rows": 7994, "Plan Width": 64, "Inner Unique": false, "Join Filter": "(n1.n_nationkey = supplier.s_nationkey)", "Plans": [{"Node Type": "Nested Loop", "Parent Relationship": "Outer", "Join Type": "Inner", "Startup Cost": 20000000000.0, "Total Cost": 2000000002564.12, "Plan Rows": 2, "Plan Width": 60, "Inner Unique": false, "Join Filter": "(((n1.n_name = 'JAPAN'::bpchar) AND (n2.n_name = 'INDIA'::bpchar)) OR ((n1.n_name = 'INDIA'::bpchar) AND (n2.n_name = 'JAPAN'::bpchar)))", "Plans": [{"Node Type": "Index Scan", "Parent Relationship": "Outer", "Scan Direction": "Forward", "Index Name": "nation_pkey", "Relation Name": "nation", "Alias": "n2", "Startup Cost": 10000000000.0, "Total Cost": 1000000001275.0, "Plan Rows": 25, "Plan Width": 30, "Filter": "((n_name = 'INDIA'::bpchar) OR (n_name = 'JAPAN'::bpchar))"}, {"Node Type": "Materialize", "Parent Relationship": "Inner", "Startup Cost": 10000000000.0, "Total Cost": 1000000001275.12, "Plan Rows": 25, "Plan Width": 30, "Plans": [{"Node Type": "Index Scan", "Parent Relationship": "Outer", "Scan Direction": "Forward", "Index Name": "nation_pkey", "Relation Name": "nation", "Alias": "n1", "Startup Cost": 10000000000.0, "Total Cost": 1000000001275.0, "Plan Rows": 25, "Plan Width": 30, "Filter": "((n_name = 'JAPAN'::bpchar) OR (n_name = 'INDIA'::bpchar))"}]}]}, {"Node Type": "Materialize", "Parent Relationship": "Inner", "Startup Cost": 10000000000.0, "Total Cost": 1000000533954.38, "Plan Rows": 100000, "Plan Width": 12, "Plans": [{"Node Type": "Index Scan", "Parent Relationship": "Outer", "Scan Direction": "Forward", "Index Name": "supplier_pkey", "Relation Name": "supplier", "Alias": "supplier", "Startup Cost": 10000000000.0, "Total Cost": 1000000533454.38, "Plan Rows": 100000, "Plan Width": 12}]}]}, {"Node Type": "Materialize", "Parent Relationship": "Inner", "Startup Cost": 10000000000.0, "Total Cost": 1000354099515.95, "Plan Rows": 18124991, "Plan Width": 40, "Plans": [{"Node Type": "Index Scan", "Parent Relationship": "Outer", "Scan Direction": "Forward", "Index Name": "idx_lineitem_orderkey", "Relation Name": "lineitem", "Alias": "lineitem", "Startup Cost": 10000000000.0, "Total Cost": 1000354008891.0, "Plan Rows": 18124991, "Plan Width": 40, "Filter": "((l_shipdate >= '1995-01-01 00:00:00'::timestamp(0) without time zone) AND (l_shipdate <= '1996-12-31 00:00:00'::timestamp(0) without time zone)), (LLVM Optimized)"}]}]}, {"Node Type": "Materialize", "Parent Relationship": "Inner", "Startup Cost": 10000000000.0, "Total Cost": 1000073172840.9, "Plan Rows": 14999479, "Plan Width": 16, "Plans": [{"Node Type": "Index Scan", "Parent Relationship": "Outer", "Scan Direction": "Forward", "Index Name": "orders_pkey", "Relation Name": "orders", "Alias": "orders", "Startup Cost": 10000000000.0, "Total Cost": 1000073097843.5, "Plan Rows": 14999479, "Plan Width": 16}]}]}]}]}]}]}, "Unique SQL Id": 2208782157, "Planner Runtime": 1}, "explain_analyze_plan": null}, "(1, 60)": {"explain_plan": {"Plan": {"Node Type": "Aggregate", "Strategy": "Sorted", "Startup Cost": 854429.38, "Total Cost": 854540.02, "Plan Rows": 3688, "Plan Width": 84, "Group By Key": ["n1.n_name", "n2.n_name", "(date_part('year'::text, lineitem.l_shipdate))"], "Plans": [{"Node Type": "Sort", "Parent Relationship": "Outer", "Startup Cost": 854429.38, "Total Cost": 854438.6, "Plan Rows": 3688, "Plan Width": 76, "Sort Key": ["n1.n_name", "n2.n_name", "(date_part('year'::text, lineitem.l_shipdate))"], "Plans": [{"Node Type": "Nested Loop", "Parent Relationship": "Outer", "Join Type": "Inner", "Startup Cost": 0.0, "Total Cost": 854210.9, "Plan Rows": 3688, "Plan Width": 76, "Inner Unique": true, "Join Filter": "(n1.n_nationkey = supplier.s_nationkey)", "Plans": [{"Node Type": "Nested Loop", "Parent Relationship": "Outer", "Join Type": "Inner", "Startup Cost": 0.0, "Total Cost": 644493.13, "Plan Rows": 740786, "Plan Width": 88, "Inner Unique": false, "Plans": [{"Node Type": "Nested Loop", "Parent Relationship": "Outer", "Join Type": "Inner", "Startup Cost": 0.0, "Total Cost": 167755.5, "Plan Rows": 504972, "Plan Width": 64, "Inner Unique": false, "Plans": [{"Node Type": "Nested Loop", "Parent Relationship": "Outer", "Join Type": "Inner", "Startup Cost": 0.0, "Total Cost": 16632.98, "Plan Rows": 119904, "Plan Width": 64, "Inner Unique": false, "Plans": [{"Node Type": "Nested Loop", "Parent Relationship": "Outer", "Join Type": "Inner", "Startup Cost": 0.0, "Total Cost": 28.12, "Plan Rows": 2, "Plan Width": 60, "Inner Unique": false, "Join Filter": "(((n1.n_name = 'JAPAN'::bpchar) AND (n2.n_name = 'INDIA'::bpchar)) OR ((n1.n_name = 'INDIA'::bpchar) AND (n2.n_name = 'JAPAN'::bpchar)))", "Plans": [{"Node Type": "Index Scan", "Parent Relationship": "Outer", "Scan Direction": "Forward", "Index Name": "nation_pkey", "Relation Name": "nation", "Alias": "n1", "Startup Cost": 0.0, "Total Cost": 12.75, "Plan Rows": 25, "Plan Width": 30, "Filter": "((n_name = 'JAPAN'::bpchar) OR (n_name = 'INDIA'::bpchar))"}, {"Node Type": "Materialize", "Parent Relationship": "Inner", "Startup Cost": 0.0, "Total Cost": 1.38, "Plan Rows": 25, "Plan Width": 30, "Plans": [{"Node Type": "Seq Scan", "Parent Relationship": "Outer", "Relation Name": "nation", "Alias": "n2", "Startup Cost": 0.0, "Total Cost": 1.25, "Plan Rows": 25, "Plan Width": 30, "Filter": "((n_name = 'INDIA'::bpchar) OR (n_name = 'JAPAN'::bpchar))"}]}]}, {"Node Type": "Index Scan", "Parent Relationship": "Inner", "Scan Direction": "Forward", "Index Name": "idx_customer_nationkey", "Relation Name": "customer", "Alias": "customer", "Startup Cost": 0.0, "Total Cost": 7702.43, "Plan Rows": 60000, "Plan Width": 12, "Index Cond": "(c_nationkey = n2.n_nationkey)"}]}, {"Node Type": "Index Scan", "Parent Relationship": "Inner", "Scan Direction": "Forward", "Index Name": "idx_orders_custkey", "Relation Name": "orders", "Alias": "orders", "Startup Cost": 0.0, "Total Cost": 1.22, "Plan Rows": 4, "Plan Width": 16, "Index Cond": "(o_custkey = customer.c_custkey)"}]}, {"Node Type": "Index Scan", "Parent Relationship": "Inner", "Scan Direction": "Forward", "Index Name": "idx_lineitem_orderkey", "Relation Name": "lineitem", "Alias": "lineitem", "Startup Cost": 0.0, "Total Cost": 0.91, "Plan Rows": 3, "Plan Width": 40, "Index Cond": "(l_orderkey = orders.o_orderkey)", "Filter": "((l_shipdate >= '1995-01-01 00:00:00'::timestamp(0) without time zone) AND (l_shipdate <= '1996-12-31 00:00:00'::timestamp(0) without time zone))"}]}, {"Node Type": "Index Scan", "Parent Relationship": "Inner", "Scan Direction": "Forward", "Index Name": "supplier_pkey", "Relation Name": "supplier", "Alias": "supplier", "Startup Cost": 0.0, "Total Cost": 0.27, "Plan Rows": 1, "Plan Width": 12, "Index Cond": "(s_suppkey = lineitem.l_suppkey)"}]}]}]}, "Unique SQL Id": 2208782157, "Planner Runtime": 1}, "explain_analyze_plan": {"Plan": {"Node Type": "Aggregate", "Strategy": "Sorted", "Startup Cost": 854429.38, "Total Cost": 854540.02, "Plan Rows": 3688, "Plan Width": 84, "Actual Startup Time": 27667.502, "Actual Total Time": 27700.852, "Actual Rows": 4, "Actual Loops": 1, "Group By Key": ["n1.n_name", "n2.n_name", "(date_part('year'::text, lineitem.l_shipdate))"], "Plans": [{"Node Type": "Sort", "Parent Relationship": "Outer", "Startup Cost": 854429.38, "Total Cost": 854438.6, "Plan Rows": 3688, "Plan Width": 76, "Actual Startup Time": 27656.32, "Actual Total Time": 27662.025, "Actual Rows": 58554, "Actual Loops": 1, "Sort Key": ["n1.n_name", "n2.n_name", "(date_part('year'::text, lineitem.l_shipdate))"], "Sort Method": "quicksort", "Sort Space Used": 10686, "Sort Space Type": "Memory", "Plans": [{"Node Type": "Nested Loop", "Parent Relationship": "Outer", "Join Type": "Inner", "Startup Cost": 0.0, "Total Cost": 854210.9, "Plan Rows": 3688, "Plan Width": 76, "Actual Startup Time": 0.393, "Actual Total Time": 27597.387, "Actual Rows": 58554, "Actual Loops": 1, "Inner Unique": true, "Join Filter": "(n1.n_nationkey = supplier.s_nationkey)", "Rows Removed by Join Filter": 1400596, "Plans": [{"Node Type": "Nested Loop", "Parent Relationship": "Outer", "Join Type": "Inner", "Startup Cost": 0.0, "Total Cost": 644493.13, "Plan Rows": 740786, "Plan Width": 88, "Actual Startup Time": 0.197, "Actual Total Time": 19611.219, "Actual Rows": 1459150, "Actual Loops": 1, "Inner Unique": false, "Plans": [{"Node Type": "Nested Loop", "Parent Relationship": "Outer", "Join Type": "Inner", "Startup Cost": 0.0, "Total Cost": 167755.5, "Plan Rows": 504972, "Plan Width": 64, "Actual Startup Time": 0.123, "Actual Total Time": 4070.217, "Actual Rows": 1200363, "Actual Loops": 1, "Inner Unique": false, "Plans": [{"Node Type": "Nested Loop", "Parent Relationship": "Outer", "Join Type": "Inner", "Startup Cost": 0.0, "Total Cost": 16632.98, "Plan Rows": 119904, "Plan Width": 64, "Actual Startup Time": 0.104, "Actual Total Time": 229.258, "Actual Rows": 119972, "Actual Loops": 1, "Inner Unique": false, "Plans": [{"Node Type": "Nested Loop", "Parent Relationship": "Outer", "Join Type": "Inner", "Startup Cost": 0.0, "Total Cost": 28.12, "Plan Rows": 2, "Plan Width": 60, "Actual Startup Time": 0.062, "Actual Total Time": 0.148, "Actual Rows": 2, "Actual Loops": 1, "Inner Unique": false, "Join Filter": "(((n1.n_name = 'JAPAN'::bpchar) AND (n2.n_name = 'INDIA'::bpchar)) OR ((n1.n_name = 'INDIA'::bpchar) AND (n2.n_name = 'JAPAN'::bpchar)))", "Rows Removed by Join Filter": 2, "Plans": [{"Node Type": "Index Scan", "Parent Relationship": "Outer", "Scan Direction": "Forward", "Index Name": "nation_pkey", "Relation Name": "nation", "Alias": "n1", "Startup Cost": 0.0, "Total Cost": 12.75, "Plan Rows": 25, "Plan Width": 30, "Actual Startup Time": 0.034, "Actual Total Time": 0.059, "Actual Rows": 2, "Actual Loops": 1, "Filter": "((n_name = 'JAPAN'::bpchar) OR (n_name = 'INDIA'::bpchar))", "Rows Removed by Filter": 23}, {"Node Type": "Materialize", "Parent Relationship": "Inner", "Startup Cost": 0.0, "Total Cost": 1.38, "Plan Rows": 25, "Plan Width": 30, "Actual Startup Time": 0.019, "Actual Total Time": 0.047, "Actual Rows": 4, "Actual Loops": 2, "Plans": [{"Node Type": "Seq Scan", "Parent Relationship": "Outer", "Relation Name": "nation", "Alias": "n2", "Startup Cost": 0.0, "Total Cost": 1.25, "Plan Rows": 25, "Plan Width": 30, "Actual Startup Time": 0.016, "Actual Total Time": 0.039, "Actual Rows": 2, "Actual Loops": 1, "Filter": "((n_name = 'INDIA'::bpchar) OR (n_name = 'JAPAN'::bpchar))", "Rows Removed by Filter": 23}]}]}, {"Node Type": "Index Scan", "Parent Relationship": "Inner", "Scan Direction": "Forward", "Index Name": "idx_customer_nationkey", "Relation Name": "customer", "Alias": "customer", "Startup Cost": 0.0, "Total Cost": 7702.43, "Plan Rows": 60000, "Plan Width": 12, "Actual Startup Time": 0.062, "Actual Total Time": 191.875, "Actual Rows": 119972, "Actual Loops": 2, "Index Cond": "(c_nationkey = n2.n_nationkey)", "Rows Removed by Index Recheck": 0}]}, {"Node Type": "Index Scan", "Parent Relationship": "Inner", "Scan Direction": "Forward", "Index Name": "idx_orders_custkey", "Relation Name": "orders", "Alias": "orders", "Startup Cost": 0.0, "Total Cost": 1.22, "Plan Rows": 4, "Plan Width": 16, "Actual Startup Time": 752.246, "Actual Total Time": 3474.76, "Actual Rows": 1200363, "Actual Loops": 119972, "Index Cond": "(o_custkey = customer.c_custkey)", "Rows Removed by Index Recheck": 0}]}, {"Node Type": "Index Scan", "Parent Relationship": "Inner", "Scan Direction": "Forward", "Index Name": "idx_lineitem_orderkey", "Relation Name": "lineitem", "Alias": "lineitem", "Startup Cost": 0.0, "Total Cost": 0.91, "Plan Rows": 3, "Plan Width": 40, "Actual Startup Time": 13361.18, "Actual Total Time": 14579.036, "Actual Rows": 1459150, "Actual Loops": 1200363, "Index Cond": "(l_orderkey = orders.o_orderkey)", "Rows Removed by Index Recheck": 0, "Filter": "((l_shipdate >= '1995-01-01 00:00:00'::timestamp(0) without time zone) AND (l_shipdate <= '1996-12-31 00:00:00'::timestamp(0) without time zone))", "Rows Removed by Filter": 3342563}]}, {"Node Type": "Index Scan", "Parent Relationship": "Inner", "Scan Direction": "Forward", "Index Name": "supplier_pkey", "Relation Name": "supplier", "Alias": "supplier", "Startup Cost": 0.0, "Total Cost": 0.27, "Plan Rows": 1, "Plan Width": 12, "Actual Startup Time": 6315.976, "Actual Total Time": 6799.004, "Actual Rows": 1459150, "Actual Loops": 1459150, "Index Cond": "(s_suppkey = lineitem.l_suppkey)", "Rows Removed by Index Recheck": 0}]}]}]}, "Triggers": [], "Planner Runtime": 1, "Total Runtime": 27701.328, "Unique SQL Id": 2208782157}}, "(1, 61)": {"explain_plan": {"Plan": {"Node Type": "Aggregate", "Strategy": "Sorted", "Startup Cost": 854440.88, "Total Cost": 854551.52, "Plan Rows": 3688, "Plan Width": 84, "Group By Key": ["n1.n_name", "n2.n_name", "(date_part('year'::text, lineitem.l_shipdate))"], "Plans": [{"Node Type": "Sort", "Parent Relationship": "Outer", "Startup Cost": 854440.88, "Total Cost": 854450.1, "Plan Rows": 3688, "Plan Width": 76, "Sort Key": ["n1.n_name", "n2.n_name", "(date_part('year'::text, lineitem.l_shipdate))"], "Plans": [{"Node Type": "Nested Loop", "Parent Relationship": "Outer", "Join Type": "Inner", "Startup Cost": 0.0, "Total Cost": 854222.4, "Plan Rows": 3688, "Plan Width": 76, "Inner Unique": true, "Join Filter": "(n1.n_nationkey = supplier.s_nationkey)", "Plans": [{"Node Type": "Nested Loop", "Parent Relationship": "Outer", "Join Type": "Inner", "Startup Cost": 0.0, "Total Cost": 644504.63, "Plan Rows": 740786, "Plan Width": 88, "Inner Unique": false, "Plans": [{"Node Type": "Nested Loop", "Parent Relationship": "Outer", "Join Type": "Inner", "Startup Cost": 0.0, "Total Cost": 167767.0, "Plan Rows": 504972, "Plan Width": 64, "Inner Unique": false, "Plans": [{"Node Type": "Nested Loop", "Parent Relationship": "Outer", "Join Type": "Inner", "Startup Cost": 0.0, "Total Cost": 16644.48, "Plan Rows": 119904, "Plan Width": 64, "Inner Unique": false, "Plans": [{"Node Type": "Nested Loop", "Parent Relationship": "Outer", "Join Type": "Inner", "Startup Cost": 0.0, "Total Cost": 39.62, "Plan Rows": 2, "Plan Width": 60, "Inner Unique": false, "Join Filter": "(((n1.n_name = 'JAPAN'::bpchar) AND (n2.n_name = 'INDIA'::bpchar)) OR ((n1.n_name = 'INDIA'::bpchar) AND (n2.n_name = 'JAPAN'::bpchar)))", "Plans": [{"Node Type": "Index Scan", "Parent Relationship": "Outer", "Scan Direction": "Forward", "Index Name": "nation_pkey", "Relation Name": "nation", "Alias": "n1", "Startup Cost": 0.0, "Total Cost": 12.75, "Plan Rows": 25, "Plan Width": 30, "Filter": "((n_name = 'JAPAN'::bpchar) OR (n_name = 'INDIA'::bpchar))"}, {"Node Type": "Materialize", "Parent Relationship": "Inner", "Startup Cost": 0.0, "Total Cost": 12.88, "Plan Rows": 25, "Plan Width": 30, "Plans": [{"Node Type": "Index Scan", "Parent Relationship": "Outer", "Scan Direction": "Forward", "Index Name": "nation_pkey", "Relation Name": "nation", "Alias": "n2", "Startup Cost": 0.0, "Total Cost": 12.75, "Plan Rows": 25, "Plan Width": 30, "Filter": "((n_name = 'INDIA'::bpchar) OR (n_name = 'JAPAN'::bpchar))"}]}]}, {"Node Type": "Index Scan", "Parent Relationship": "Inner", "Scan Direction": "Forward", "Index Name": "idx_customer_nationkey", "Relation Name": "customer", "Alias": "customer", "Startup Cost": 0.0, "Total Cost": 7702.43, "Plan Rows": 60000, "Plan Width": 12, "Index Cond": "(c_nationkey = n2.n_nationkey)"}]}, {"Node Type": "Index Scan", "Parent Relationship": "Inner", "Scan Direction": "Forward", "Index Name": "idx_orders_custkey", "Relation Name": "orders", "Alias": "orders", "Startup Cost": 0.0, "Total Cost": 1.22, "Plan Rows": 4, "Plan Width": 16, "Index Cond": "(o_custkey = customer.c_custkey)"}]}, {"Node Type": "Index Scan", "Parent Relationship": "Inner", "Scan Direction": "Forward", "Index Name": "idx_lineitem_orderkey", "Relation Name": "lineitem", "Alias": "lineitem", "Startup Cost": 0.0, "Total Cost": 0.91, "Plan Rows": 3, "Plan Width": 40, "Index Cond": "(l_orderkey = orders.o_orderkey)", "Filter": "((l_shipdate >= '1995-01-01 00:00:00'::timestamp(0) without time zone) AND (l_shipdate <= '1996-12-31 00:00:00'::timestamp(0) without time zone))"}]}, {"Node Type": "Index Scan", "Parent Relationship": "Inner", "Scan Direction": "Forward", "Index Name": "supplier_pkey", "Relation Name": "supplier", "Alias": "supplier", "Startup Cost": 0.0, "Total Cost": 0.27, "Plan Rows": 1, "Plan Width": 12, "Index Cond": "(s_suppkey = lineitem.l_suppkey)"}]}]}]}, "Unique SQL Id": 2208782157, "Planner Runtime": 1}, "explain_analyze_plan": {"Plan": {"Node Type": "Aggregate", "Strategy": "Sorted", "Startup Cost": 854440.88, "Total Cost": 854551.52, "Plan Rows": 3688, "Plan Width": 84, "Actual Startup Time": 27114.078, "Actual Total Time": 27149.287, "Actual Rows": 4, "Actual Loops": 1, "Group By Key": ["n1.n_name", "n2.n_name", "(date_part('year'::text, lineitem.l_shipdate))"], "Plans": [{"Node Type": "Sort", "Parent Relationship": "Outer", "Startup Cost": 854440.88, "Total Cost": 854450.1, "Plan Rows": 3688, "Plan Width": 76, "Actual Startup Time": 27101.812, "Actual Total Time": 27108.985, "Actual Rows": 58554, "Actual Loops": 1, "Sort Key": ["n1.n_name", "n2.n_name", "(date_part('year'::text, lineitem.l_shipdate))"], "Sort Method": "quicksort", "Sort Space Used": 10686, "Sort Space Type": "Memory", "Plans": [{"Node Type": "Nested Loop", "Parent Relationship": "Outer", "Join Type": "Inner", "Startup Cost": 0.0, "Total Cost": 854222.4, "Plan Rows": 3688, "Plan Width": 76, "Actual Startup Time": 0.274, "Actual Total Time": 27041.779, "Actual Rows": 58554, "Actual Loops": 1, "Inner Unique": true, "Join Filter": "(n1.n_nationkey = supplier.s_nationkey)", "Rows Removed by Join Filter": 1400596, "Plans": [{"Node Type": "Nested Loop", "Parent Relationship": "Outer", "Join Type": "Inner", "Startup Cost": 0.0, "Total Cost": 644504.63, "Plan Rows": 740786, "Plan Width": 88, "Actual Startup Time": 0.153, "Actual Total Time": 19121.888, "Actual Rows": 1459150, "Actual Loops": 1, "Inner Unique": false, "Plans": [{"Node Type": "Nested Loop", "Parent Relationship": "Outer", "Join Type": "Inner", "Startup Cost": 0.0, "Total Cost": 167767.0, "Plan Rows": 504972, "Plan Width": 64, "Actual Startup Time": 0.104, "Actual Total Time": 3943.532, "Actual Rows": 1200363, "Actual Loops": 1, "Inner Unique": false, "Plans": [{"Node Type": "Nested Loop", "Parent Relationship": "Outer", "Join Type": "Inner", "Startup Cost": 0.0, "Total Cost": 16644.48, "Plan Rows": 119904, "Plan Width": 64, "Actual Startup Time": 0.09, "Actual Total Time": 224.862, "Actual Rows": 119972, "Actual Loops": 1, "Inner Unique": false, "Plans": [{"Node Type": "Nested Loop", "Parent Relationship": "Outer", "Join Type": "Inner", "Startup Cost": 0.0, "Total Cost": 39.62, "Plan Rows": 2, "Plan Width": 60, "Actual Startup Time": 0.058, "Actual Total Time": 0.307, "Actual Rows": 2, "Actual Loops": 1, "Inner Unique": false, "Join Filter": "(((n1.n_name = 'JAPAN'::bpchar) AND (n2.n_name = 'INDIA'::bpchar)) OR ((n1.n_name = 'INDIA'::bpchar) AND (n2.n_name = 'JAPAN'::bpchar)))", "Rows Removed by Join Filter": 2, "Plans": [{"Node Type": "Index Scan", "Parent Relationship": "Outer", "Scan Direction": "Forward", "Index Name": "nation_pkey", "Relation Name": "nation", "Alias": "n1", "Startup Cost": 0.0, "Total Cost": 12.75, "Plan Rows": 25, "Plan Width": 30, "Actual Startup Time": 0.034, "Actual Total Time": 0.086, "Actual Rows": 2, "Actual Loops": 1, "Filter": "((n_name = 'JAPAN'::bpchar) OR (n_name = 'INDIA'::bpchar))", "Rows Removed by Filter": 23}, {"Node Type": "Materialize", "Parent Relationship": "Inner", "Startup Cost": 0.0, "Total Cost": 12.88, "Plan Rows": 25, "Plan Width": 30, "Actual Startup Time": 0.017, "Actual Total Time": 0.047, "Actual Rows": 4, "Actual Loops": 2, "Plans": [{"Node Type": "Index Scan", "Parent Relationship": "Outer", "Scan Direction": "Forward", "Index Name": "nation_pkey", "Relation Name": "nation", "Alias": "n2", "Startup Cost": 0.0, "Total Cost": 12.75, "Plan Rows": 25, "Plan Width": 30, "Actual Startup Time": 0.01, "Actual Total Time": 0.034, "Actual Rows": 2, "Actual Loops": 1, "Filter": "((n_name = 'INDIA'::bpchar) OR (n_name = 'JAPAN'::bpchar))", "Rows Removed by Filter": 23}]}]}, {"Node Type": "Index Scan", "Parent Relationship": "Inner", "Scan Direction": "Forward", "Index Name": "idx_customer_nationkey", "Relation Name": "customer", "Alias": "customer", "Startup Cost": 0.0, "Total Cost": 7702.43, "Plan Rows": 60000, "Plan Width": 12, "Actual Startup Time": 0.074, "Actual Total Time": 187.95, "Actual Rows": 119972, "Actual Loops": 2, "Index Cond": "(c_nationkey = n2.n_nationkey)", "Rows Removed by Index Recheck": 0}]}, {"Node Type": "Index Scan", "Parent Relationship": "Inner", "Scan Direction": "Forward", "Index Name": "idx_orders_custkey", "Relation Name": "orders", "Alias": "orders", "Startup Cost": 0.0, "Total Cost": 1.22, "Plan Rows": 4, "Plan Width": 16, "Actual Startup Time": 731.199, "Actual Total Time": 3356.094, "Actual Rows": 1200363, "Actual Loops": 119972, "Index Cond": "(o_custkey = customer.c_custkey)", "Rows Removed by Index Recheck": 0}]}, {"Node Type": "Index Scan", "Parent Relationship": "Inner", "Scan Direction": "Forward", "Index Name": "idx_lineitem_orderkey", "Relation Name": "lineitem", "Alias": "lineitem", "Startup Cost": 0.0, "Total Cost": 0.91, "Plan Rows": 3, "Plan Width": 40, "Actual Startup Time": 13009.933, "Actual Total Time": 14206.429, "Actual Rows": 1459150, "Actual Loops": 1200363, "Index Cond": "(l_orderkey = orders.o_orderkey)", "Rows Removed by Index Recheck": 0, "Filter": "((l_shipdate >= '1995-01-01 00:00:00'::timestamp(0) without time zone) AND (l_shipdate <= '1996-12-31 00:00:00'::timestamp(0) without time zone))", "Rows Removed by Filter": 3342563}]}, {"Node Type": "Index Scan", "Parent Relationship": "Inner", "Scan Direction": "Forward", "Index Name": "supplier_pkey", "Relation Name": "supplier", "Alias": "supplier", "Startup Cost": 0.0, "Total Cost": 0.27, "Plan Rows": 1, "Plan Width": 12, "Actual Startup Time": 6247.248, "Actual Total Time": 6737.791, "Actual Rows": 1459150, "Actual Loops": 1459150, "Index Cond": "(s_suppkey = lineitem.l_suppkey)", "Rows Removed by Index Recheck": 0}]}]}]}, "Triggers": [], "Planner Runtime": 1, "Total Runtime": 27149.746, "Unique SQL Id": 2208782157}}, "(1, 62)": {"explain_plan": {"Plan": {"Node Type": "Aggregate", "Strategy": "Sorted", "Startup Cost": 25342456421.75, "Total Cost": 25342456532.39, "Plan Rows": 3688, "Plan Width": 84, "Group By Key": ["n1.n_name", "n2.n_name", "(date_part('year'::text, lineitem.l_shipdate))"], "Plans": [{"Node Type": "Sort", "Parent Relationship": "Outer", "Startup Cost": 25342456421.75, "Total Cost": 25342456430.97, "Plan Rows": 3688, "Plan Width": 76, "Sort Key": ["n1.n_name", "n2.n_name", "(date_part('year'::text, lineitem.l_shipdate))"], "Plans": [{"Node Type": "Nested Loop", "Parent Relationship": "Outer", "Join Type": "Inner", "Startup Cost": 44.73, "Total Cost": 25342456203.26, "Plan Rows": 3688, "Plan Width": 76, "Inner Unique": false, "Join Filter": "((orders.o_custkey = customer.c_custkey) AND (n2.n_nationkey = customer.c_nationkey))", "Plans": [{"Node Type": "Seq Scan", "Parent Relationship": "Outer", "Relation Name": "customer", "Alias": "customer", "Startup Cost": 0.0, "Total Cost": 52126.0, "Plan Rows": 1500000, "Plan Width": 12}, {"Node Type": "Materialize", "Parent Relationship": "Inner", "Startup Cost": 44.73, "Total Cost": 22921970548.56, "Plan Rows": 92207, "Plan Width": 88, "Plans": [{"Node Type": "Nested Loop", "Parent Relationship": "Outer", "Join Type": "Inner", "Startup Cost": 44.73, "Total Cost": 22921970087.52, "Plan Rows": 92207, "Plan Width": 88, "Inner Unique": false, "Join Filter": "(lineitem.l_orderkey = orders.o_orderkey)", "Plans": [{"Node Type": "Seq Scan", "Parent Relationship": "Outer", "Relation Name": "orders", "Alias": "orders", "Startup Cost": 0.0, "Total Cost": 426413.79, "Plan Rows": 14999479, "Plan Width": 16}, {"Node Type": "Materialize", "Parent Relationship": "Inner", "Startup Cost": 44.73, "Total Cost": 2175689501.95, "Plan Rows": 92207, "Plan Width": 88, "Plans": [{"Node Type": "Nested Loop", "Parent Relationship": "Outer", "Join Type": "Inner", "Startup Cost": 44.73, "Total Cost": 2175689040.92, "Plan Rows": 92207, "Plan Width": 88, "Inner Unique": false, "Join Filter": "(supplier.s_suppkey = lineitem.l_suppkey)", "Plans": [{"Node Type": "Seq Scan", "Parent Relationship": "Outer", "Relation Name": "lineitem", "Alias": "lineitem", "Startup Cost": 44.73, "Total Cost": 2315050.5, "Plan Rows": 18124991, "Plan Width": 40, "Filter": "((l_shipdate >= '1995-01-01 00:00:00'::timestamp(0) without time zone) AND (l_shipdate <= '1996-12-31 00:00:00'::timestamp(0) without time zone)), (LLVM Optimized)"}, {"Node Type": "Materialize", "Parent Relationship": "Inner", "Startup Cost": 0.0, "Total Cost": 6339.6, "Plan Rows": 7994, "Plan Width": 64, "Plans": [{"Node Type": "Nested Loop", "Parent Relationship": "Outer", "Join Type": "Inner", "Startup Cost": 0.0, "Total Cost": 6299.63, "Plan Rows": 7994, "Plan Width": 64, "Inner Unique": false, "Join Filter": "(n1.n_nationkey = supplier.s_nationkey)", "Plans": [{"Node Type": "Seq Scan", "Parent Relationship": "Outer", "Relation Name": "supplier", "Alias": "supplier", "Startup Cost": 0.0, "Total Cost": 3283.0, "Plan Rows": 100000, "Plan Width": 12}, {"Node Type": "Materialize", "Parent Relationship": "Inner", "Startup Cost": 0.0, "Total Cost": 16.64, "Plan Rows": 2, "Plan Width": 60, "Plans": [{"Node Type": "Nested Loop", "Parent Relationship": "Outer", "Join Type": "Inner", "Startup Cost": 0.0, "Total Cost": 16.62, "Plan Rows": 2, "Plan Width": 60, "Inner Unique": false, "Join Filter": "(((n1.n_name = 'JAPAN'::bpchar) AND (n2.n_name = 'INDIA'::bpchar)) OR ((n1.n_name = 'INDIA'::bpchar) AND (n2.n_name = 'JAPAN'::bpchar)))", "Plans": [{"Node Type": "Seq Scan", "Parent Relationship": "Outer", "Relation Name": "nation", "Alias": "n1", "Startup Cost": 0.0, "Total Cost": 1.25, "Plan Rows": 25, "Plan Width": 30, "Filter": "((n_name = 'JAPAN'::bpchar) OR (n_name = 'INDIA'::bpchar))"}, {"Node Type": "Materialize", "Parent Relationship": "Inner", "Startup Cost": 0.0, "Total Cost": 1.38, "Plan Rows": 25, "Plan Width": 30, "Plans": [{"Node Type": "Seq Scan", "Parent Relationship": "Outer", "Relation Name": "nation", "Alias": "n2", "Startup Cost": 0.0, "Total Cost": 1.25, "Plan Rows": 25, "Plan Width": 30, "Filter": "((n_name = 'INDIA'::bpchar) OR (n_name = 'JAPAN'::bpchar))"}]}]}]}]}]}]}]}]}]}]}]}]}, "Unique SQL Id": 2208782157, "Planner Runtime": 1}, "explain_analyze_plan": null}, "(1, 63)": {"explain_plan": {"Plan": {"Node Type": "Aggregate", "Strategy": "Sorted", "Startup Cost": 6025775461631.13, "Total Cost": 6025775461741.77, "Plan Rows": 3688, "Plan Width": 84, "Group By Key": ["n1.n_name", "n2.n_name", "(date_part('year'::text, lineitem.l_shipdate))"], "Plans": [{"Node Type": "Sort", "Parent Relationship": "Outer", "Startup Cost": 6025775461631.13, "Total Cost": 6025775461640.35, "Plan Rows": 3688, "Plan Width": 76, "Sort Key": ["n1.n_name", "n2.n_name", "(date_part('year'::text, lineitem.l_shipdate))"], "Plans": [{"Node Type": "Nested Loop", "Parent Relationship": "Outer", "Join Type": "Inner", "Startup Cost": 60000000000.0, "Total Cost": 6025775461412.64, "Plan Rows": 3688, "Plan Width": 76, "Inner Unique": false, "Join Filter": "((orders.o_custkey = customer.c_custkey) AND (n2.n_nationkey = customer.c_nationkey))", "Plans": [{"Node Type": "Index Scan", "Parent Relationship": "Outer", "Scan Direction": "Forward", "Index Name": "customer_pkey", "Relation Name": "customer", "Alias": "customer", "Startup Cost": 10000000000.0, "Total Cost": 1000008076535.62, "Plan Rows": 1500000, "Plan Width": 12}, {"Node Type": "Materialize", "Parent Relationship": "Inner", "Startup Cost": 50000000000.0, "Total Cost": 5023346951348.32, "Plan Rows": 92207, "Plan Width": 88, "Plans": [{"Node Type": "Nested Loop", "Parent Relationship": "Outer", "Join Type": "Inner", "Startup Cost": 50000000000.0, "Total Cost": 5023346950887.28, "Plan Rows": 92207, "Plan Width": 88, "Inner Unique": true, "Join Filter": "(lineitem.l_orderkey = orders.o_orderkey)", "Plans": [{"Node Type": "Nested Loop", "Parent Relationship": "Outer", "Join Type": "Inner", "Startup Cost": 40000000000.0, "Total Cost": 4002527961142.79, "Plan Rows": 92207, "Plan Width": 88, "Inner Unique": false, "Join Filter": "(supplier.s_suppkey = lineitem.l_suppkey)", "Plans": [{"Node Type": "Nested Loop", "Parent Relationship": "Outer", "Join Type": "Inner", "Startup Cost": 30000000000.0, "Total Cost": 3000000539268.5, "Plan Rows": 7994, "Plan Width": 64, "Inner Unique": false, "Join Filter": "(n1.n_nationkey = supplier.s_nationkey)", "Plans": [{"Node Type": "Nested Loop", "Parent Relationship": "Outer", "Join Type": "Inner", "Startup Cost": 20000000000.0, "Total Cost": 2000000002564.12, "Plan Rows": 2, "Plan Width": 60, "Inner Unique": false, "Join Filter": "(((n1.n_name = 'JAPAN'::bpchar) AND (n2.n_name = 'INDIA'::bpchar)) OR ((n1.n_name = 'INDIA'::bpchar) AND (n2.n_name = 'JAPAN'::bpchar)))", "Plans": [{"Node Type": "Index Scan", "Parent Relationship": "Outer", "Scan Direction": "Forward", "Index Name": "nation_pkey", "Relation Name": "nation", "Alias": "n2", "Startup Cost": 10000000000.0, "Total Cost": 1000000001275.0, "Plan Rows": 25, "Plan Width": 30, "Filter": "((n_name = 'INDIA'::bpchar) OR (n_name = 'JAPAN'::bpchar))"}, {"Node Type": "Materialize", "Parent Relationship": "Inner", "Startup Cost": 10000000000.0, "Total Cost": 1000000001275.12, "Plan Rows": 25, "Plan Width": 30, "Plans": [{"Node Type": "Index Scan", "Parent Relationship": "Outer", "Scan Direction": "Forward", "Index Name": "nation_pkey", "Relation Name": "nation", "Alias": "n1", "Startup Cost": 10000000000.0, "Total Cost": 1000000001275.0, "Plan Rows": 25, "Plan Width": 30, "Filter": "((n_name = 'JAPAN'::bpchar) OR (n_name = 'INDIA'::bpchar))"}]}]}, {"Node Type": "Materialize", "Parent Relationship": "Inner", "Startup Cost": 10000000000.0, "Total Cost": 1000000533954.38, "Plan Rows": 100000, "Plan Width": 12, "Plans": [{"Node Type": "Index Scan", "Parent Relationship": "Outer", "Scan Direction": "Forward", "Index Name": "supplier_pkey", "Relation Name": "supplier", "Alias": "supplier", "Startup Cost": 10000000000.0, "Total Cost": 1000000533454.38, "Plan Rows": 100000, "Plan Width": 12}]}]}, {"Node Type": "Materialize", "Parent Relationship": "Inner", "Startup Cost": 10000000000.0, "Total Cost": 1000354099515.95, "Plan Rows": 18124991, "Plan Width": 40, "Plans": [{"Node Type": "Index Scan", "Parent Relationship": "Outer", "Scan Direction": "Forward", "Index Name": "idx_lineitem_orderkey", "Relation Name": "lineitem", "Alias": "lineitem", "Startup Cost": 10000000000.0, "Total Cost": 1000354008891.0, "Plan Rows": 18124991, "Plan Width": 40, "Filter": "((l_shipdate >= '1995-01-01 00:00:00'::timestamp(0) without time zone) AND (l_shipdate <= '1996-12-31 00:00:00'::timestamp(0) without time zone)), (LLVM Optimized)"}]}]}, {"Node Type": "Materialize", "Parent Relationship": "Inner", "Startup Cost": 10000000000.0, "Total Cost": 1000073172840.9, "Plan Rows": 14999479, "Plan Width": 16, "Plans": [{"Node Type": "Index Scan", "Parent Relationship": "Outer", "Scan Direction": "Forward", "Index Name": "orders_pkey", "Relation Name": "orders", "Alias": "orders", "Startup Cost": 10000000000.0, "Total Cost": 1000073097843.5, "Plan Rows": 14999479, "Plan Width": 16}]}]}]}]}]}]}, "Unique SQL Id": 2208782157, "Planner Runtime": 1}, "explain_analyze_plan": null}, "(1, 64)": {"explain_plan": {"Plan": {"Node Type": "Aggregate", "Strategy": "Sorted", "Startup Cost": 653338.7, "Total Cost": 653449.34, "Plan Rows": 3688, "Plan Width": 84, "Group By Key": ["n1.n_name", "n2.n_name", "(date_part('year'::text, lineitem.l_shipdate))"], "Plans": [{"Node Type": "Sort", "Parent Relationship": "Outer", "Startup Cost": 653338.7, "Total Cost": 653347.92, "Plan Rows": 3688, "Plan Width": 76, "Sort Key": ["n1.n_name", "n2.n_name", "(date_part('year'::text, lineitem.l_shipdate))"], "Plans": [{"Node Type": "Hash Join", "Parent Relationship": "Outer", "Join Type": "Inner", "Startup Cost": 5813.37, "Total Cost": 653120.22, "Plan Rows": 3688, "Plan Width": 76, "Inner Unique": true, "Hash Cond": "((lineitem.l_suppkey = supplier.s_suppkey) AND (n1.n_nationkey = supplier.s_nationkey))", "Plans": [{"Node Type": "Nested Loop", "Parent Relationship": "Outer", "Join Type": "Inner", "Startup Cost": 1030.37, "Total Cost": 642753.24, "Plan Rows": 740786, "Plan Width": 88, "Inner Unique": false, "Plans": [{"Node Type": "Nested Loop", "Parent Relationship": "Outer", "Join Type": "Inner", "Startup Cost": 1030.37, "Total Cost": 166015.61, "Plan Rows": 504972, "Plan Width": 64, "Inner Unique": false, "Plans": [{"Node Type": "Nested Loop", "Parent Relationship": "Outer", "Join Type": "Inner", "Startup Cost": 1030.37, "Total Cost": 14893.09, "Plan Rows": 119904, "Plan Width": 64, "Inner Unique": false, "Plans": [{"Node Type": "Nested Loop", "Parent Relationship": "Outer", "Join Type": "Inner", "Startup Cost": 0.0, "Total Cost": 28.12, "Plan Rows": 2, "Plan Width": 60, "Inner Unique": false, "Join Filter": "(((n1.n_name = 'JAPAN'::bpchar) AND (n2.n_name = 'INDIA'::bpchar)) OR ((n1.n_name = 'INDIA'::bpchar) AND (n2.n_name = 'JAPAN'::bpchar)))", "Plans": [{"Node Type": "Index Scan", "Parent Relationship": "Outer", "Scan Direction": "Forward", "Index Name": "nation_pkey", "Relation Name": "nation", "Alias": "n1", "Startup Cost": 0.0, "Total Cost": 12.75, "Plan Rows": 25, "Plan Width": 30, "Filter": "((n_name = 'JAPAN'::bpchar) OR (n_name = 'INDIA'::bpchar))"}, {"Node Type": "Materialize", "Parent Relationship": "Inner", "Startup Cost": 0.0, "Total Cost": 1.38, "Plan Rows": 25, "Plan Width": 30, "Plans": [{"Node Type": "Seq Scan", "Parent Relationship": "Outer", "Relation Name": "nation", "Alias": "n2", "Startup Cost": 0.0, "Total Cost": 1.25, "Plan Rows": 25, "Plan Width": 30, "Filter": "((n_name = 'INDIA'::bpchar) OR (n_name = 'JAPAN'::bpchar))"}]}]}, {"Node Type": "Bitmap Heap Scan", "Parent Relationship": "Inner", "Relation Name": "customer", "Alias": "customer", "Startup Cost": 1030.37, "Total Cost": 6832.48, "Plan Rows": 60000, "Plan Width": 12, "Recheck Cond": "(c_nationkey = n2.n_nationkey)", "Plans": [{"Node Type": "Bitmap Index Scan", "Parent Relationship": "Outer", "Index Name": "idx_customer_nationkey", "Startup Cost": 0.0, "Total Cost": 1015.37, "Plan Rows": 60000, "Plan Width": 0, "Index Cond": "(c_nationkey = n2.n_nationkey)"}]}]}, {"Node Type": "Index Scan", "Parent Relationship": "Inner", "Scan Direction": "Forward", "Index Name": "idx_orders_custkey", "Relation Name": "orders", "Alias": "orders", "Startup Cost": 0.0, "Total Cost": 1.22, "Plan Rows": 4, "Plan Width": 16, "Index Cond": "(o_custkey = customer.c_custkey)"}]}, {"Node Type": "Index Scan", "Parent Relationship": "Inner", "Scan Direction": "Forward", "Index Name": "idx_lineitem_orderkey", "Relation Name": "lineitem", "Alias": "lineitem", "Startup Cost": 0.0, "Total Cost": 0.91, "Plan Rows": 3, "Plan Width": 40, "Index Cond": "(l_orderkey = orders.o_orderkey)", "Filter": "((l_shipdate >= '1995-01-01 00:00:00'::timestamp(0) without time zone) AND (l_shipdate <= '1996-12-31 00:00:00'::timestamp(0) without time zone))"}]}, {"Node Type": "Hash", "Parent Relationship": "Inner", "Startup Cost": 3283.0, "Total Cost": 3283.0, "Plan Rows": 100000, "Plan Width": 12, "Plans": [{"Node Type": "Seq Scan", "Parent Relationship": "Outer", "Relation Name": "supplier", "Alias": "supplier", "Startup Cost": 0.0, "Total Cost": 3283.0, "Plan Rows": 100000, "Plan Width": 12}]}]}]}]}, "Unique SQL Id": 2208782157, "Planner Runtime": 4}, "explain_analyze_plan": {"Plan": {"Node Type": "Aggregate", "Strategy": "Sorted", "Startup Cost": 653338.7, "Total Cost": 653449.34, "Plan Rows": 3688, "Plan Width": 84, "Actual Startup Time": 20027.656, "Actual Total Time": 20061.424, "Actual Rows": 4, "Actual Loops": 1, "Group By Key": ["n1.n_name", "n2.n_name", "(date_part('year'::text, lineitem.l_shipdate))"], "Plans": [{"Node Type": "Sort", "Parent Relationship": "Outer", "Startup Cost": 653338.7, "Total Cost": 653347.92, "Plan Rows": 3688, "Plan Width": 76, "Actual Startup Time": 20016.496, "Actual Total Time": 20022.268, "Actual Rows": 58554, "Actual Loops": 1, "Sort Key": ["n1.n_name", "n2.n_name", "(date_part('year'::text, lineitem.l_shipdate))"], "Sort Method": "quicksort", "Sort Space Used": 10686, "Sort Space Type": "Memory", "Plans": [{"Node Type": "Hash Join", "Parent Relationship": "Outer", "Join Type": "Inner", "Startup Cost": 5813.37, "Total Cost": 653120.22, "Plan Rows": 3688, "Plan Width": 76, "Actual Startup Time": 85.638, "Actual Total Time": 19962.976, "Actual Rows": 58554, "Actual Loops": 1, "Inner Unique": true, "Hash Cond": "((lineitem.l_suppkey = supplier.s_suppkey) AND (n1.n_nationkey = supplier.s_nationkey))", "Plans": [{"Node Type": "Nested Loop", "Parent Relationship": "Outer", "Join Type": "Inner", "Startup Cost": 1030.37, "Total Cost": 642753.24, "Plan Rows": 740786, "Plan Width": 88, "Actual Startup Time": 18.028, "Actual Total Time": 19160.259, "Actual Rows": 1459150, "Actual Loops": 1, "Inner Unique": false, "Plans": [{"Node Type": "Nested Loop", "Parent Relationship": "Outer", "Join Type": "Inner", "Startup Cost": 1030.37, "Total Cost": 166015.61, "Plan Rows": 504972, "Plan Width": 64, "Actual Startup Time": 17.951, "Actual Total Time": 4033.511, "Actual Rows": 1200363, "Actual Loops": 1, "Inner Unique": false, "Plans": [{"Node Type": "Nested Loop", "Parent Relationship": "Outer", "Join Type": "Inner", "Startup Cost": 1030.37, "Total Cost": 14893.09, "Plan Rows": 119904, "Plan Width": 64, "Actual Startup Time": 17.923, "Actual Total Time": 281.391, "Actual Rows": 119972, "Actual Loops": 1, "Inner Unique": false, "Plans": [{"Node Type": "Nested Loop", "Parent Relationship": "Outer", "Join Type": "Inner", "Startup Cost": 0.0, "Total Cost": 28.12, "Plan Rows": 2, "Plan Width": 60, "Actual Startup Time": 0.064, "Actual Total Time": 0.236, "Actual Rows": 2, "Actual Loops": 1, "Inner Unique": false, "Join Filter": "(((n1.n_name = 'JAPAN'::bpchar) AND (n2.n_name = 'INDIA'::bpchar)) OR ((n1.n_name = 'INDIA'::bpchar) AND (n2.n_name = 'JAPAN'::bpchar)))", "Rows Removed by Join Filter": 2, "Plans": [{"Node Type": "Index Scan", "Parent Relationship": "Outer", "Scan Direction": "Forward", "Index Name": "nation_pkey", "Relation Name": "nation", "Alias": "n1", "Startup Cost": 0.0, "Total Cost": 12.75, "Plan Rows": 25, "Plan Width": 30, "Actual Startup Time": 0.027, "Actual Total Time": 0.051, "Actual Rows": 2, "Actual Loops": 1, "Filter": "((n_name = 'JAPAN'::bpchar) OR (n_name = 'INDIA'::bpchar))", "Rows Removed by Filter": 23}, {"Node Type": "Materialize", "Parent Relationship": "Inner", "Startup Cost": 0.0, "Total Cost": 1.38, "Plan Rows": 25, "Plan Width": 30, "Actual Startup Time": 0.027, "Actual Total Time": 0.055, "Actual Rows": 4, "Actual Loops": 2, "Plans": [{"Node Type": "Seq Scan", "Parent Relationship": "Outer", "Relation Name": "nation", "Alias": "n2", "Startup Cost": 0.0, "Total Cost": 1.25, "Plan Rows": 25, "Plan Width": 30, "Actual Startup Time": 0.019, "Actual Total Time": 0.042, "Actual Rows": 2, "Actual Loops": 1, "Filter": "((n_name = 'INDIA'::bpchar) OR (n_name = 'JAPAN'::bpchar))", "Rows Removed by Filter": 23}]}]}, {"Node Type": "Bitmap Heap Scan", "Parent Relationship": "Inner", "Relation Name": "customer", "Alias": "customer", "Startup Cost": 1030.37, "Total Cost": 6832.48, "Plan Rows": 60000, "Plan Width": 12, "Actual Startup Time": 35.81, "Actual Total Time": 249.814, "Actual Rows": 119972, "Actual Loops": 2, "Recheck Cond": "(c_nationkey = n2.n_nationkey)", "Rows Removed by Index Recheck": 0, "Exact Heap Blocks": 59938, "Lossy Heap Blocks": 59938, "Plans": [{"Node Type": "Bitmap Index Scan", "Parent Relationship": "Outer", "Index Name": "idx_customer_nationkey", "Startup Cost": 0.0, "Total Cost": 1015.37, "Plan Rows": 60000, "Plan Width": 0, "Actual Startup Time": 22.622, "Actual Total Time": 22.622, "Actual Rows": 119972, "Actual Loops": 2, "Index Cond": "(c_nationkey = n2.n_nationkey)"}]}]}, {"Node Type": "Index Scan", "Parent Relationship": "Inner", "Scan Direction": "Forward", "Index Name": "idx_orders_custkey", "Relation Name": "orders", "Alias": "orders", "Startup Cost": 0.0, "Total Cost": 1.22, "Plan Rows": 4, "Plan Width": 16, "Actual Startup Time": 738.111, "Actual Total Time": 3403.667, "Actual Rows": 1200363, "Actual Loops": 119972, "Index Cond": "(o_custkey = customer.c_custkey)", "Rows Removed by Index Recheck": 0}]}, {"Node Type": "Index Scan", "Parent Relationship": "Inner", "Scan Direction": "Forward", "Index Name": "idx_lineitem_orderkey", "Relation Name": "lineitem", "Alias": "lineitem", "Startup Cost": 0.0, "Total Cost": 0.91, "Plan Rows": 3, "Plan Width": 40, "Actual Startup Time": 12968.962, "Actual Total Time": 14148.592, "Actual Rows": 1459150, "Actual Loops": 1200363, "Index Cond": "(l_orderkey = orders.o_orderkey)", "Rows Removed by Index Recheck": 0, "Filter": "((l_shipdate >= '1995-01-01 00:00:00'::timestamp(0) without time zone) AND (l_shipdate <= '1996-12-31 00:00:00'::timestamp(0) without time zone))", "Rows Removed by Filter": 3342563}]}, {"Node Type": "Hash", "Parent Relationship": "Inner", "Startup Cost": 3283.0, "Total Cost": 3283.0, "Plan Rows": 100000, "Plan Width": 12, "Actual Startup Time": 67.356, "Actual Total Time": 67.356, "Actual Rows": 100000, "Actual Loops": 1, "Hash Buckets": 131072, "Hash Batches": 1, "Original Hash Batches": 1, "Peak Memory Usage": 4297, "Plans": [{"Node Type": "Seq Scan", "Parent Relationship": "Outer", "Relation Name": "supplier", "Alias": "supplier", "Startup Cost": 0.0, "Total Cost": 3283.0, "Plan Rows": 100000, "Plan Width": 12, "Actual Startup Time": 0.016, "Actual Total Time": 36.368, "Actual Rows": 100000, "Actual Loops": 1}]}]}]}]}, "Triggers": [], "Planner Runtime": 2, "Total Runtime": 20061.957, "Unique SQL Id": 2208782157}}, "(1, 65)": {"explain_plan": {"Plan": {"Node Type": "Aggregate", "Strategy": "Sorted", "Startup Cost": 655401.75, "Total Cost": 655512.39, "Plan Rows": 3688, "Plan Width": 84, "Group By Key": ["n1.n_name", "n2.n_name", "(date_part('year'::text, lineitem.l_shipdate))"], "Plans": [{"Node Type": "Sort", "Parent Relationship": "Outer", "Startup Cost": 655401.75, "Total Cost": 655410.97, "Plan Rows": 3688, "Plan Width": 76, "Sort Key": ["n1.n_name", "n2.n_name", "(date_part('year'::text, lineitem.l_shipdate))"], "Plans": [{"Node Type": "Hash Join", "Parent Relationship": "Outer", "Join Type": "Inner", "Startup Cost": 7864.91, "Total Cost": 655183.26, "Plan Rows": 3688, "Plan Width": 76, "Inner Unique": true, "Hash Cond": "((lineitem.l_suppkey = supplier.s_suppkey) AND (n1.n_nationkey = supplier.s_nationkey))", "Plans": [{"Node Type": "Nested Loop", "Parent Relationship": "Outer", "Join Type": "Inner", "Startup Cost": 1030.37, "Total Cost": 642764.74, "Plan Rows": 740786, "Plan Width": 88, "Inner Unique": false, "Plans": [{"Node Type": "Nested Loop", "Parent Relationship": "Outer", "Join Type": "Inner", "Startup Cost": 1030.37, "Total Cost": 166027.11, "Plan Rows": 504972, "Plan Width": 64, "Inner Unique": false, "Plans": [{"Node Type": "Nested Loop", "Parent Relationship": "Outer", "Join Type": "Inner", "Startup Cost": 1030.37, "Total Cost": 14904.59, "Plan Rows": 119904, "Plan Width": 64, "Inner Unique": false, "Plans": [{"Node Type": "Nested Loop", "Parent Relationship": "Outer", "Join Type": "Inner", "Startup Cost": 0.0, "Total Cost": 39.62, "Plan Rows": 2, "Plan Width": 60, "Inner Unique": false, "Join Filter": "(((n1.n_name = 'JAPAN'::bpchar) AND (n2.n_name = 'INDIA'::bpchar)) OR ((n1.n_name = 'INDIA'::bpchar) AND (n2.n_name = 'JAPAN'::bpchar)))", "Plans": [{"Node Type": "Index Scan", "Parent Relationship": "Outer", "Scan Direction": "Forward", "Index Name": "nation_pkey", "Relation Name": "nation", "Alias": "n1", "Startup Cost": 0.0, "Total Cost": 12.75, "Plan Rows": 25, "Plan Width": 30, "Filter": "((n_name = 'JAPAN'::bpchar) OR (n_name = 'INDIA'::bpchar))"}, {"Node Type": "Materialize", "Parent Relationship": "Inner", "Startup Cost": 0.0, "Total Cost": 12.88, "Plan Rows": 25, "Plan Width": 30, "Plans": [{"Node Type": "Index Scan", "Parent Relationship": "Outer", "Scan Direction": "Forward", "Index Name": "nation_pkey", "Relation Name": "nation", "Alias": "n2", "Startup Cost": 0.0, "Total Cost": 12.75, "Plan Rows": 25, "Plan Width": 30, "Filter": "((n_name = 'INDIA'::bpchar) OR (n_name = 'JAPAN'::bpchar))"}]}]}, {"Node Type": "Bitmap Heap Scan", "Parent Relationship": "Inner", "Relation Name": "customer", "Alias": "customer", "Startup Cost": 1030.37, "Total Cost": 6832.48, "Plan Rows": 60000, "Plan Width": 12, "Recheck Cond": "(c_nationkey = n2.n_nationkey)", "Plans": [{"Node Type": "Bitmap Index Scan", "Parent Relationship": "Outer", "Index Name": "idx_customer_nationkey", "Startup Cost": 0.0, "Total Cost": 1015.37, "Plan Rows": 60000, "Plan Width": 0, "Index Cond": "(c_nationkey = n2.n_nationkey)"}]}]}, {"Node Type": "Index Scan", "Parent Relationship": "Inner", "Scan Direction": "Forward", "Index Name": "idx_orders_custkey", "Relation Name": "orders", "Alias": "orders", "Startup Cost": 0.0, "Total Cost": 1.22, "Plan Rows": 4, "Plan Width": 16, "Index Cond": "(o_custkey = customer.c_custkey)"}]}, {"Node Type": "Index Scan", "Parent Relationship": "Inner", "Scan Direction": "Forward", "Index Name": "idx_lineitem_orderkey", "Relation Name": "lineitem", "Alias": "lineitem", "Startup Cost": 0.0, "Total Cost": 0.91, "Plan Rows": 3, "Plan Width": 40, "Index Cond": "(l_orderkey = orders.o_orderkey)", "Filter": "((l_shipdate >= '1995-01-01 00:00:00'::timestamp(0) without time zone) AND (l_shipdate <= '1996-12-31 00:00:00'::timestamp(0) without time zone))"}]}, {"Node Type": "Hash", "Parent Relationship": "Inner", "Startup Cost": 5334.54, "Total Cost": 5334.54, "Plan Rows": 100000, "Plan Width": 12, "Plans": [{"Node Type": "Index Scan", "Parent Relationship": "Outer", "Scan Direction": "Forward", "Index Name": "supplier_pkey", "Relation Name": "supplier", "Alias": "supplier", "Startup Cost": 0.0, "Total Cost": 5334.54, "Plan Rows": 100000, "Plan Width": 12}]}]}]}]}, "Unique SQL Id": 2208782157, "Planner Runtime": 3}, "explain_analyze_plan": {"Plan": {"Node Type": "Aggregate", "Strategy": "Sorted", "Startup Cost": 655401.75, "Total Cost": 655512.39, "Plan Rows": 3688, "Plan Width": 84, "Actual Startup Time": 19948.807, "Actual Total Time": 19982.552, "Actual Rows": 4, "Actual Loops": 1, "Group By Key": ["n1.n_name", "n2.n_name", "(date_part('year'::text, lineitem.l_shipdate))"], "Plans": [{"Node Type": "Sort", "Parent Relationship": "Outer", "Startup Cost": 655401.75, "Total Cost": 655410.97, "Plan Rows": 3688, "Plan Width": 76, "Actual Startup Time": 19937.625, "Actual Total Time": 19943.528, "Actual Rows": 58554, "Actual Loops": 1, "Sort Key": ["n1.n_name", "n2.n_name", "(date_part('year'::text, lineitem.l_shipdate))"], "Sort Method": "quicksort", "Sort Space Used": 10686, "Sort Space Type": "Memory", "Plans": [{"Node Type": "Hash Join", "Parent Relationship": "Outer", "Join Type": "Inner", "Startup Cost": 7864.91, "Total Cost": 655183.26, "Plan Rows": 3688, "Plan Width": 76, "Actual Startup Time": 110.797, "Actual Total Time": 19883.263, "Actual Rows": 58554, "Actual Loops": 1, "Inner Unique": true, "Hash Cond": "((lineitem.l_suppkey = supplier.s_suppkey) AND (n1.n_nationkey = supplier.s_nationkey))", "Plans": [{"Node Type": "Nested Loop", "Parent Relationship": "Outer", "Join Type": "Inner", "Startup Cost": 1030.37, "Total Cost": 642764.74, "Plan Rows": 740786, "Plan Width": 88, "Actual Startup Time": 17.852, "Actual Total Time": 19065.006, "Actual Rows": 1459150, "Actual Loops": 1, "Inner Unique": false, "Plans": [{"Node Type": "Nested Loop", "Parent Relationship": "Outer", "Join Type": "Inner", "Startup Cost": 1030.37, "Total Cost": 166027.11, "Plan Rows": 504972, "Plan Width": 64, "Actual Startup Time": 17.787, "Actual Total Time": 3994.551, "Actual Rows": 1200363, "Actual Loops": 1, "Inner Unique": false, "Plans": [{"Node Type": "Nested Loop", "Parent Relationship": "Outer", "Join Type": "Inner", "Startup Cost": 1030.37, "Total Cost": 14904.59, "Plan Rows": 119904, "Plan Width": 64, "Actual Startup Time": 17.763, "Actual Total Time": 279.521, "Actual Rows": 119972, "Actual Loops": 1, "Inner Unique": false, "Plans": [{"Node Type": "Nested Loop", "Parent Relationship": "Outer", "Join Type": "Inner", "Startup Cost": 0.0, "Total Cost": 39.62, "Plan Rows": 2, "Plan Width": 60, "Actual Startup Time": 0.055, "Actual Total Time": 0.138, "Actual Rows": 2, "Actual Loops": 1, "Inner Unique": false, "Join Filter": "(((n1.n_name = 'JAPAN'::bpchar) AND (n2.n_name = 'INDIA'::bpchar)) OR ((n1.n_name = 'INDIA'::bpchar) AND (n2.n_name = 'JAPAN'::bpchar)))", "Rows Removed by Join Filter": 2, "Plans": [{"Node Type": "Index Scan", "Parent Relationship": "Outer", "Scan Direction": "Forward", "Index Name": "nation_pkey", "Relation Name": "nation", "Alias": "n1", "Startup Cost": 0.0, "Total Cost": 12.75, "Plan Rows": 25, "Plan Width": 30, "Actual Startup Time": 0.025, "Actual Total Time": 0.045, "Actual Rows": 2, "Actual Loops": 1, "Filter": "((n_name = 'JAPAN'::bpchar) OR (n_name = 'INDIA'::bpchar))", "Rows Removed by Filter": 23}, {"Node Type": "Materialize", "Parent Relationship": "Inner", "Startup Cost": 0.0, "Total Cost": 12.88, "Plan Rows": 25, "Plan Width": 30, "Actual Startup Time": 0.021, "Actual Total Time": 0.051, "Actual Rows": 4, "Actual Loops": 2, "Plans": [{"Node Type": "Index Scan", "Parent Relationship": "Outer", "Scan Direction": "Forward", "Index Name": "nation_pkey", "Relation Name": "nation", "Alias": "n2", "Startup Cost": 0.0, "Total Cost": 12.75, "Plan Rows": 25, "Plan Width": 30, "Actual Startup Time": 0.012, "Actual Total Time": 0.03, "Actual Rows": 2, "Actual Loops": 1, "Filter": "((n_name = 'INDIA'::bpchar) OR (n_name = 'JAPAN'::bpchar))", "Rows Removed by Filter": 23}]}]}, {"Node Type": "Bitmap Heap Scan", "Parent Relationship": "Inner", "Relation Name": "customer", "Alias": "customer", "Startup Cost": 1030.37, "Total Cost": 6832.48, "Plan Rows": 60000, "Plan Width": 12, "Actual Startup Time": 35.527, "Actual Total Time": 248.659, "Actual Rows": 119972, "Actual Loops": 2, "Recheck Cond": "(c_nationkey = n2.n_nationkey)", "Rows Removed by Index Recheck": 0, "Exact Heap Blocks": 59938, "Lossy Heap Blocks": 59938, "Plans": [{"Node Type": "Bitmap Index Scan", "Parent Relationship": "Outer", "Index Name": "idx_customer_nationkey", "Startup Cost": 0.0, "Total Cost": 1015.37, "Plan Rows": 60000, "Plan Width": 0, "Actual Startup Time": 22.302, "Actual Total Time": 22.302, "Actual Rows": 119972, "Actual Loops": 2, "Index Cond": "(c_nationkey = n2.n_nationkey)"}]}]}, {"Node Type": "Index Scan", "Parent Relationship": "Inner", "Scan Direction": "Forward", "Index Name": "idx_orders_custkey", "Relation Name": "orders", "Alias": "orders", "Startup Cost": 0.0, "Total Cost": 1.22, "Plan Rows": 4, "Plan Width": 16, "Actual Startup Time": 738.147, "Actual Total Time": 3370.631, "Actual Rows": 1200363, "Actual Loops": 119972, "Index Cond": "(o_custkey = customer.c_custkey)", "Rows Removed by Index Recheck": 0}]}, {"Node Type": "Index Scan", "Parent Relationship": "Inner", "Scan Direction": "Forward", "Index Name": "idx_lineitem_orderkey", "Relation Name": "lineitem", "Alias": "lineitem", "Startup Cost": 0.0, "Total Cost": 0.91, "Plan Rows": 3, "Plan Width": 40, "Actual Startup Time": 12927.978, "Actual Total Time": 14089.887, "Actual Rows": 1459150, "Actual Loops": 1200363, "Index Cond": "(l_orderkey = orders.o_orderkey)", "Rows Removed by Index Recheck": 0, "Filter": "((l_shipdate >= '1995-01-01 00:00:00'::timestamp(0) without time zone) AND (l_shipdate <= '1996-12-31 00:00:00'::timestamp(0) without time zone))", "Rows Removed by Filter": 3342563}]}, {"Node Type": "Hash", "Parent Relationship": "Inner", "Startup Cost": 5334.54, "Total Cost": 5334.54, "Plan Rows": 100000, "Plan Width": 12, "Actual Startup Time": 92.677, "Actual Total Time": 92.677, "Actual Rows": 100000, "Actual Loops": 1, "Hash Buckets": 131072, "Hash Batches": 1, "Original Hash Batches": 1, "Peak Memory Usage": 4297, "Plans": [{"Node Type": "Index Scan", "Parent Relationship": "Outer", "Scan Direction": "Forward", "Index Name": "supplier_pkey", "Relation Name": "supplier", "Alias": "supplier", "Startup Cost": 0.0, "Total Cost": 5334.54, "Plan Rows": 100000, "Plan Width": 12, "Actual Startup Time": 0.023, "Actual Total Time": 60.319, "Actual Rows": 100000, "Actual Loops": 1}]}]}]}]}, "Triggers": [], "Planner Runtime": 2, "Total Runtime": 19983.037, "Unique SQL Id": 2208782157}}, "(1, 66)": {"explain_plan": {"Plan": {"Node Type": "Aggregate", "Strategy": "Sorted", "Startup Cost": 2821099.39, "Total Cost": 2821210.03, "Plan Rows": 3688, "Plan Width": 84, "Group By Key": ["n1.n_name", "n2.n_name", "(date_part('year'::text, lineitem.l_shipdate))"], "Plans": [{"Node Type": "Sort", "Parent Relationship": "Outer", "Startup Cost": 2821099.39, "Total Cost": 2821108.61, "Plan Rows": 3688, "Plan Width": 76, "Sort Key": ["n1.n_name", "n2.n_name", "(date_part('year'::text, lineitem.l_shipdate))"], "Plans": [{"Node Type": "Hash Join", "Parent Relationship": "Outer", "Join Type": "Inner", "Startup Cost": 21163.77, "Total Cost": 2820880.9, "Plan Rows": 3688, "Plan Width": 76, "Inner Unique": true, "Hash Cond": "((lineitem.l_suppkey = supplier.s_suppkey) AND (n1.n_nationkey = supplier.s_nationkey))", "Plans": [{"Node Type": "Nested Loop", "Parent Relationship": "Outer", "Join Type": "Inner", "Startup Cost": 16380.77, "Total Cost": 2810513.92, "Plan Rows": 740786, "Plan Width": 88, "Inner Unique": false, "Plans": [{"Node Type": "Hash Join", "Parent Relationship": "Outer", "Join Type": "Inner", "Startup Cost": 16380.39, "Total Cost": 504091.94, "Plan Rows": 504972, "Plan Width": 64, "Inner Unique": false, "Hash Cond": "(orders.o_custkey = customer.c_custkey), (LLVM Optimized)", "Plans": [{"Node Type": "Seq Scan", "Parent Relationship": "Outer", "Relation Name": "orders", "Alias": "orders", "Startup Cost": 0.0, "Total Cost": 426413.79, "Plan Rows": 14999479, "Plan Width": 16}, {"Node Type": "Hash", "Parent Relationship": "Inner", "Startup Cost": 14881.59, "Total Cost": 14881.59, "Plan Rows": 119904, "Plan Width": 64, "Plans": [{"Node Type": "Nested Loop", "Parent Relationship": "Outer", "Join Type": "Inner", "Startup Cost": 1030.37, "Total Cost": 14881.59, "Plan Rows": 119904, "Plan Width": 64, "Inner Unique": false, "Plans": [{"Node Type": "Nested Loop", "Parent Relationship": "Outer", "Join Type": "Inner", "Startup Cost": 0.0, "Total Cost": 16.62, "Plan Rows": 2, "Plan Width": 60, "Inner Unique": false, "Join Filter": "(((n1.n_name = 'JAPAN'::bpchar) AND (n2.n_name = 'INDIA'::bpchar)) OR ((n1.n_name = 'INDIA'::bpchar) AND (n2.n_name = 'JAPAN'::bpchar)))", "Plans": [{"Node Type": "Seq Scan", "Parent Relationship": "Outer", "Relation Name": "nation", "Alias": "n1", "Startup Cost": 0.0, "Total Cost": 1.25, "Plan Rows": 25, "Plan Width": 30, "Filter": "((n_name = 'JAPAN'::bpchar) OR (n_name = 'INDIA'::bpchar))"}, {"Node Type": "Materialize", "Parent Relationship": "Inner", "Startup Cost": 0.0, "Total Cost": 1.38, "Plan Rows": 25, "Plan Width": 30, "Plans": [{"Node Type": "Seq Scan", "Parent Relationship": "Outer", "Relation Name": "nation", "Alias": "n2", "Startup Cost": 0.0, "Total Cost": 1.25, "Plan Rows": 25, "Plan Width": 30, "Filter": "((n_name = 'INDIA'::bpchar) OR (n_name = 'JAPAN'::bpchar))"}]}]}, {"Node Type": "Bitmap Heap Scan", "Parent Relationship": "Inner", "Relation Name": "customer", "Alias": "customer", "Startup Cost": 1030.37, "Total Cost": 6832.48, "Plan Rows": 60000, "Plan Width": 12, "Recheck Cond": "(c_nationkey = n2.n_nationkey)", "Plans": [{"Node Type": "Bitmap Index Scan", "Parent Relationship": "Outer", "Index Name": "idx_customer_nationkey", "Startup Cost": 0.0, "Total Cost": 1015.37, "Plan Rows": 60000, "Plan Width": 0, "Index Cond": "(c_nationkey = n2.n_nationkey)"}]}]}]}]}, {"Node Type": "Bitmap Heap Scan", "Parent Relationship": "Inner", "Relation Name": "lineitem", "Alias": "lineitem", "Startup Cost": 0.38, "Total Cost": 4.54, "Plan Rows": 3, "Plan Width": 40, "Recheck Cond": "(l_orderkey = orders.o_orderkey)", "Filter": "((l_shipdate >= '1995-01-01 00:00:00'::timestamp(0) without time zone) AND (l_shipdate <= '1996-12-31 00:00:00'::timestamp(0) without time zone))", "Plans": [{"Node Type": "Bitmap Index Scan", "Parent Relationship": "Outer", "Index Name": "idx_lineitem_orderkey", "Startup Cost": 0.0, "Total Cost": 0.38, "Plan Rows": 9, "Plan Width": 0, "Index Cond": "(l_orderkey = orders.o_orderkey)"}]}]}, {"Node Type": "Hash", "Parent Relationship": "Inner", "Startup Cost": 3283.0, "Total Cost": 3283.0, "Plan Rows": 100000, "Plan Width": 12, "Plans": [{"Node Type": "Seq Scan", "Parent Relationship": "Outer", "Relation Name": "supplier", "Alias": "supplier", "Startup Cost": 0.0, "Total Cost": 3283.0, "Plan Rows": 100000, "Plan Width": 12}]}]}]}]}, "Unique SQL Id": 2208782157, "Planner Runtime": 3}, "explain_analyze_plan": {"Plan": {"Node Type": "Aggregate", "Strategy": "Sorted", "Startup Cost": 2821099.39, "Total Cost": 2821210.03, "Plan Rows": 3688, "Plan Width": 84, "Actual Startup Time": 24019.755, "Actual Total Time": 24053.432, "Actual Rows": 4, "Actual Loops": 1, "Group By Key": ["n1.n_name", "n2.n_name", "(date_part('year'::text, lineitem.l_shipdate))"], "Plans": [{"Node Type": "Sort", "Parent Relationship": "Outer", "Startup Cost": 2821099.39, "Total Cost": 2821108.61, "Plan Rows": 3688, "Plan Width": 76, "Actual Startup Time": 24008.555, "Actual Total Time": 24014.638, "Actual Rows": 58554, "Actual Loops": 1, "Sort Key": ["n1.n_name", "n2.n_name", "(date_part('year'::text, lineitem.l_shipdate))"], "Sort Method": "quicksort", "Sort Space Used": 10686, "Sort Space Type": "Memory", "Plans": [{"Node Type": "Hash Join", "Parent Relationship": "Outer", "Join Type": "Inner", "Startup Cost": 21163.77, "Total Cost": 2820880.9, "Plan Rows": 3688, "Plan Width": 76, "Actual Startup Time": 320.133, "Actual Total Time": 23947.507, "Actual Rows": 58554, "Actual Loops": 1, "Inner Unique": true, "Hash Cond": "((lineitem.l_suppkey = supplier.s_suppkey) AND (n1.n_nationkey = supplier.s_nationkey))", "Plans": [{"Node Type": "Nested Loop", "Parent Relationship": "Outer", "Join Type": "Inner", "Startup Cost": 16380.77, "Total Cost": 2810513.92, "Plan Rows": 740786, "Plan Width": 88, "Actual Startup Time": 252.262, "Actual Total Time": 23107.032, "Actual Rows": 1459150, "Actual Loops": 1, "Inner Unique": false, "Plans": [{"Node Type": "Hash Join", "Parent Relationship": "Outer", "Join Type": "Inner", "Startup Cost": 16380.39, "Total Cost": 504091.94, "Plan Rows": 504972, "Plan Width": 64, "Actual Startup Time": 252.173, "Actual Total Time": 10094.773, "Actual Rows": 1200363, "Actual Loops": 1, "Inner Unique": false, "Hash Cond": "(orders.o_custkey = customer.c_custkey), (LLVM Optimized, Jit Execute)", "Plans": [{"Node Type": "Seq Scan", "Parent Relationship": "Outer", "Relation Name": "orders", "Alias": "orders", "Startup Cost": 0.0, "Total Cost": 426413.79, "Plan Rows": 14999479, "Plan Width": 16, "Actual Startup Time": 0.013, "Actual Total Time": 4180.316, "Actual Rows": 15000000, "Actual Loops": 1}, {"Node Type": "Hash", "Parent Relationship": "Inner", "Startup Cost": 14881.59, "Total Cost": 14881.59, "Plan Rows": 119904, "Plan Width": 64, "Actual Startup Time": 252.012, "Actual Total Time": 252.012, "Actual Rows": 119972, "Actual Loops": 1, "Hash Buckets": 131072, "Hash Batches": 1, "Original Hash Batches": 1, "Peak Memory Usage": 11248, "Plans": [{"Node Type": "Nested Loop", "Parent Relationship": "Outer", "Join Type": "Inner", "Startup Cost": 1030.37, "Total Cost": 14881.59, "Plan Rows": 119904, "Plan Width": 64, "Actual Startup Time": 18.127, "Actual Total Time": 207.945, "Actual Rows": 119972, "Actual Loops": 1, "Inner Unique": false, "Plans": [{"Node Type": "Nested Loop", "Parent Relationship": "Outer", "Join Type": "Inner", "Startup Cost": 0.0, "Total Cost": 16.62, "Plan Rows": 2, "Plan Width": 60, "Actual Startup Time": 0.074, "Actual Total Time": 0.164, "Actual Rows": 2, "Actual Loops": 1, "Inner Unique": false, "Join Filter": "(((n1.n_name = 'JAPAN'::bpchar) AND (n2.n_name = 'INDIA'::bpchar)) OR ((n1.n_name = 'INDIA'::bpchar) AND (n2.n_name = 'JAPAN'::bpchar)))", "Rows Removed by Join Filter": 2, "Plans": [{"Node Type": "Seq Scan", "Parent Relationship": "Outer", "Relation Name": "nation", "Alias": "n1", "Startup Cost": 0.0, "Total Cost": 1.25, "Plan Rows": 25, "Plan Width": 30, "Actual Startup Time": 0.041, "Actual Total Time": 0.06, "Actual Rows": 2, "Actual Loops": 1, "Filter": "((n_name = 'JAPAN'::bpchar) OR (n_name = 'INDIA'::bpchar))", "Rows Removed by Filter": 23}, {"Node Type": "Materialize", "Parent Relationship": "Inner", "Startup Cost": 0.0, "Total Cost": 1.38, "Plan Rows": 25, "Plan Width": 30, "Actual Startup Time": 0.023, "Actual Total Time": 0.053, "Actual Rows": 4, "Actual Loops": 2, "Plans": [{"Node Type": "Seq Scan", "Parent Relationship": "Outer", "Relation Name": "nation", "Alias": "n2", "Startup Cost": 0.0, "Total Cost": 1.25, "Plan Rows": 25, "Plan Width": 30, "Actual Startup Time": 0.015, "Actual Total Time": 0.041, "Actual Rows": 2, "Actual Loops": 1, "Filter": "((n_name = 'INDIA'::bpchar) OR (n_name = 'JAPAN'::bpchar))", "Rows Removed by Filter": 23}]}]}, {"Node Type": "Bitmap Heap Scan", "Parent Relationship": "Inner", "Relation Name": "customer", "Alias": "customer", "Startup Cost": 1030.37, "Total Cost": 6832.48, "Plan Rows": 60000, "Plan Width": 12, "Actual Startup Time": 35.922, "Actual Total Time": 183.334, "Actual Rows": 119972, "Actual Loops": 2, "Recheck Cond": "(c_nationkey = n2.n_nationkey)", "Rows Removed by Index Recheck": 0, "Exact Heap Blocks": 59938, "Lossy Heap Blocks": 59938, "Plans": [{"Node Type": "Bitmap Index Scan", "Parent Relationship": "Outer", "Index Name": "idx_customer_nationkey", "Startup Cost": 0.0, "Total Cost": 1015.37, "Plan Rows": 60000, "Plan Width": 0, "Actual Startup Time": 22.698, "Actual Total Time": 22.698, "Actual Rows": 119972, "Actual Loops": 2, "Index Cond": "(c_nationkey = n2.n_nationkey)"}]}]}]}]}, {"Node Type": "Bitmap Heap Scan", "Parent Relationship": "Inner", "Relation Name": "lineitem", "Alias": "lineitem", "Startup Cost": 0.38, "Total Cost": 4.54, "Plan Rows": 3, "Plan Width": 40, "Actual Startup Time": 10661.081, "Actual Total Time": 11276.135, "Actual Rows": 1459150, "Actual Loops": 1200363, "Recheck Cond": "(l_orderkey = orders.o_orderkey)", "Rows Removed by Index Recheck": 0, "Filter": "((l_shipdate >= '1995-01-01 00:00:00'::timestamp(0) without time zone) AND (l_shipdate <= '1996-12-31 00:00:00'::timestamp(0) without time zone))", "Rows Removed by Filter": 3342563, "Exact Heap Blocks": 1285989, "Lossy Heap Blocks": 1285989, "Plans": [{"Node Type": "Bitmap Index Scan", "Parent Relationship": "Outer", "Index Name": "idx_lineitem_orderkey", "Startup Cost": 0.0, "Total Cost": 0.38, "Plan Rows": 9, "Plan Width": 0, "Actual Startup Time": 5002.618, "Actual Total Time": 5002.618, "Actual Rows": 4801713, "Actual Loops": 1200363, "Index Cond": "(l_orderkey = orders.o_orderkey)"}]}]}, {"Node Type": "Hash", "Parent Relationship": "Inner", "Startup Cost": 3283.0, "Total Cost": 3283.0, "Plan Rows": 100000, "Plan Width": 12, "Actual Startup Time": 67.513, "Actual Total Time": 67.513, "Actual Rows": 100000, "Actual Loops": 1, "Hash Buckets": 131072, "Hash Batches": 1, "Original Hash Batches": 1, "Peak Memory Usage": 4297, "Plans": [{"Node Type": "Seq Scan", "Parent Relationship": "Outer", "Relation Name": "supplier", "Alias": "supplier", "Startup Cost": 0.0, "Total Cost": 3283.0, "Plan Rows": 100000, "Plan Width": 12, "Actual Startup Time": 0.027, "Actual Total Time": 36.747, "Actual Rows": 100000, "Actual Loops": 1}]}]}]}]}, "Triggers": [], "Planner Runtime": 2, "Total Runtime": 24062.624, "Unique SQL Id": 2208782157}}, "(1, 67)": {"explain_plan": {"Plan": {"Node Type": "Aggregate", "Strategy": "Sorted", "Startup Cost": 99673573.01, "Total Cost": 99673683.65, "Plan Rows": 3688, "Plan Width": 84, "Group By Key": ["n1.n_name", "n2.n_name", "(date_part('year'::text, lineitem.l_shipdate))"], "Plans": [{"Node Type": "Sort", "Parent Relationship": "Outer", "Startup Cost": 99673573.01, "Total Cost": 99673582.23, "Plan Rows": 3688, "Plan Width": 76, "Sort Key": ["n1.n_name", "n2.n_name", "(date_part('year'::text, lineitem.l_shipdate))"], "Plans": [{"Node Type": "Nested Loop", "Parent Relationship": "Outer", "Join Type": "Inner", "Startup Cost": 627986.71, "Total Cost": 99673354.52, "Plan Rows": 3688, "Plan Width": 76, "Inner Unique": true, "Join Filter": "(((n1.n_name = 'JAPAN'::bpchar) AND (n2.n_name = 'INDIA'::bpchar)) OR ((n1.n_name = 'INDIA'::bpchar) AND (n2.n_name = 'JAPAN'::bpchar)))", "Plans": [{"Node Type": "Nested Loop", "Parent Relationship": "Outer", "Join Type": "Inner", "Startup Cost": 627986.45, "Total Cost": 94724471.42, "Plan Rows": 1153515, "Plan Width": 54, "Inner Unique": true, "Plans": [{"Node Type": "Nested Loop", "Parent Relationship": "Outer", "Join Type": "Inner", "Startup Cost": 627986.2, "Total Cost": 89787046.56, "Plan Rows": 1153515, "Plan Width": 32, "Inner Unique": true, "Plans": [{"Node Type": "Nested Loop", "Parent Relationship": "Outer", "Join Type": "Inner", "Startup Cost": 627985.94, "Total Cost": 84848088.55, "Plan Rows": 1153515, "Plan Width": 36, "Inner Unique": true, "Plans": [{"Node Type": "Nested Loop", "Parent Relationship": "Outer", "Join Type": "Inner", "Startup Cost": 627985.67, "Total Cost": 79896146.0, "Plan Rows": 1153515, "Plan Width": 36, "Inner Unique": true, "Plans": [{"Node Type": "Bitmap Heap Scan", "Parent Relationship": "Outer", "Relation Name": "lineitem", "Alias": "lineitem", "Startup Cost": 627985.41, "Total Cost": 2315105.27, "Plan Rows": 18124991, "Plan Width": 40, "Recheck Cond": "((l_shipdate >= '1995-01-01 00:00:00'::timestamp(0) without time zone) AND (l_shipdate <= '1996-12-31 00:00:00'::timestamp(0) without time zone)), (LLVM Optimized)", "Plans": [{"Node Type": "Bitmap Index Scan", "Parent Relationship": "Outer", "Index Name": "idx_lineitem_shipdate", "Startup Cost": 0.0, "Total Cost": 623454.16, "Plan Rows": 18124991, "Plan Width": 0, "Index Cond": "((l_shipdate >= '1995-01-01 00:00:00'::timestamp(0) without time zone) AND (l_shipdate <= '1996-12-31 00:00:00'::timestamp(0) without time zone))"}]}, {"Node Type": "Bitmap Heap Scan", "Parent Relationship": "Inner", "Relation Name": "supplier", "Alias": "supplier", "Startup Cost": 0.26, "Total Cost": 4.27, "Plan Rows": 1, "Plan Width": 12, "Recheck Cond": "(s_suppkey = lineitem.l_suppkey)", "Plans": [{"Node Type": "Bitmap Index Scan", "Parent Relationship": "Outer", "Index Name": "supplier_pkey", "Startup Cost": 0.0, "Total Cost": 0.26, "Plan Rows": 1, "Plan Width": 0, "Index Cond": "(s_suppkey = lineitem.l_suppkey)"}]}]}, {"Node Type": "Bitmap Heap Scan", "Parent Relationship": "Inner", "Relation Name": "orders", "Alias": "orders", "Startup Cost": 0.27, "Total Cost": 4.28, "Plan Rows": 1, "Plan Width": 16, "Recheck Cond": "(o_orderkey = lineitem.l_orderkey)", "Plans": [{"Node Type": "Bitmap Index Scan", "Parent Relationship": "Outer", "Index Name": "orders_pkey", "Startup Cost": 0.0, "Total Cost": 0.27, "Plan Rows": 1, "Plan Width": 0, "Index Cond": "(o_orderkey = lineitem.l_orderkey)"}]}]}, {"Node Type": "Bitmap Heap Scan", "Parent Relationship": "Inner", "Relation Name": "customer", "Alias": "customer", "Startup Cost": 0.26, "Total Cost": 4.27, "Plan Rows": 1, "Plan Width": 12, "Recheck Cond": "(c_custkey = orders.o_custkey)", "Plans": [{"Node Type": "Bitmap Index Scan", "Parent Relationship": "Outer", "Index Name": "customer_pkey", "Startup Cost": 0.0, "Total Cost": 0.26, "Plan Rows": 1, "Plan Width": 0, "Index Cond": "(c_custkey = orders.o_custkey)"}]}]}, {"Node Type": "Bitmap Heap Scan", "Parent Relationship": "Inner", "Relation Name": "nation", "Alias": "n1", "Startup Cost": 0.26, "Total Cost": 4.27, "Plan Rows": 1, "Plan Width": 30, "Recheck Cond": "(n_nationkey = supplier.s_nationkey)", "Filter": "((n_name = 'JAPAN'::bpchar) OR (n_name = 'INDIA'::bpchar))", "Plans": [{"Node Type": "Bitmap Index Scan", "Parent Relationship": "Outer", "Index Name": "nation_pkey", "Startup Cost": 0.0, "Total Cost": 0.26, "Plan Rows": 1, "Plan Width": 0, "Index Cond": "(n_nationkey = supplier.s_nationkey)"}]}]}, {"Node Type": "Bitmap Heap Scan", "Parent Relationship": "Inner", "Relation Name": "nation", "Alias": "n2", "Startup Cost": 0.26, "Total Cost": 4.27, "Plan Rows": 1, "Plan Width": 30, "Recheck Cond": "(n_nationkey = customer.c_nationkey)", "Filter": "((n_name = 'INDIA'::bpchar) OR (n_name = 'JAPAN'::bpchar))", "Plans": [{"Node Type": "Bitmap Index Scan", "Parent Relationship": "Outer", "Index Name": "nation_pkey", "Startup Cost": 0.0, "Total Cost": 0.26, "Plan Rows": 1, "Plan Width": 0, "Index Cond": "(n_nationkey = customer.c_nationkey)"}]}]}]}]}, "Unique SQL Id": 2208782157, "Planner Runtime": 2}, "explain_analyze_plan": null}, "(1, 68)": {"explain_plan": {"Plan": {"Node Type": "Aggregate", "Strategy": "Sorted", "Startup Cost": 653338.7, "Total Cost": 653449.34, "Plan Rows": 3688, "Plan Width": 84, "Group By Key": ["n1.n_name", "n2.n_name", "(date_part('year'::text, lineitem.l_shipdate))"], "Plans": [{"Node Type": "Sort", "Parent Relationship": "Outer", "Startup Cost": 653338.7, "Total Cost": 653347.92, "Plan Rows": 3688, "Plan Width": 76, "Sort Key": ["n1.n_name", "n2.n_name", "(date_part('year'::text, lineitem.l_shipdate))"], "Plans": [{"Node Type": "Hash Join", "Parent Relationship": "Outer", "Join Type": "Inner", "Startup Cost": 5813.37, "Total Cost": 653120.22, "Plan Rows": 3688, "Plan Width": 76, "Inner Unique": true, "Hash Cond": "((lineitem.l_suppkey = supplier.s_suppkey) AND (n1.n_nationkey = supplier.s_nationkey))", "Plans": [{"Node Type": "Nested Loop", "Parent Relationship": "Outer", "Join Type": "Inner", "Startup Cost": 1030.37, "Total Cost": 642753.24, "Plan Rows": 740786, "Plan Width": 88, "Inner Unique": false, "Plans": [{"Node Type": "Nested Loop", "Parent Relationship": "Outer", "Join Type": "Inner", "Startup Cost": 1030.37, "Total Cost": 166015.61, "Plan Rows": 504972, "Plan Width": 64, "Inner Unique": false, "Plans": [{"Node Type": "Nested Loop", "Parent Relationship": "Outer", "Join Type": "Inner", "Startup Cost": 1030.37, "Total Cost": 14893.09, "Plan Rows": 119904, "Plan Width": 64, "Inner Unique": false, "Plans": [{"Node Type": "Nested Loop", "Parent Relationship": "Outer", "Join Type": "Inner", "Startup Cost": 0.0, "Total Cost": 28.12, "Plan Rows": 2, "Plan Width": 60, "Inner Unique": false, "Join Filter": "(((n1.n_name = 'JAPAN'::bpchar) AND (n2.n_name = 'INDIA'::bpchar)) OR ((n1.n_name = 'INDIA'::bpchar) AND (n2.n_name = 'JAPAN'::bpchar)))", "Plans": [{"Node Type": "Index Scan", "Parent Relationship": "Outer", "Scan Direction": "Forward", "Index Name": "nation_pkey", "Relation Name": "nation", "Alias": "n1", "Startup Cost": 0.0, "Total Cost": 12.75, "Plan Rows": 25, "Plan Width": 30, "Filter": "((n_name = 'JAPAN'::bpchar) OR (n_name = 'INDIA'::bpchar))"}, {"Node Type": "Materialize", "Parent Relationship": "Inner", "Startup Cost": 0.0, "Total Cost": 1.38, "Plan Rows": 25, "Plan Width": 30, "Plans": [{"Node Type": "Seq Scan", "Parent Relationship": "Outer", "Relation Name": "nation", "Alias": "n2", "Startup Cost": 0.0, "Total Cost": 1.25, "Plan Rows": 25, "Plan Width": 30, "Filter": "((n_name = 'INDIA'::bpchar) OR (n_name = 'JAPAN'::bpchar))"}]}]}, {"Node Type": "Bitmap Heap Scan", "Parent Relationship": "Inner", "Relation Name": "customer", "Alias": "customer", "Startup Cost": 1030.37, "Total Cost": 6832.48, "Plan Rows": 60000, "Plan Width": 12, "Recheck Cond": "(c_nationkey = n2.n_nationkey)", "Plans": [{"Node Type": "Bitmap Index Scan", "Parent Relationship": "Outer", "Index Name": "idx_customer_nationkey", "Startup Cost": 0.0, "Total Cost": 1015.37, "Plan Rows": 60000, "Plan Width": 0, "Index Cond": "(c_nationkey = n2.n_nationkey)"}]}]}, {"Node Type": "Index Scan", "Parent Relationship": "Inner", "Scan Direction": "Forward", "Index Name": "idx_orders_custkey", "Relation Name": "orders", "Alias": "orders", "Startup Cost": 0.0, "Total Cost": 1.22, "Plan Rows": 4, "Plan Width": 16, "Index Cond": "(o_custkey = customer.c_custkey)"}]}, {"Node Type": "Index Scan", "Parent Relationship": "Inner", "Scan Direction": "Forward", "Index Name": "idx_lineitem_orderkey", "Relation Name": "lineitem", "Alias": "lineitem", "Startup Cost": 0.0, "Total Cost": 0.91, "Plan Rows": 3, "Plan Width": 40, "Index Cond": "(l_orderkey = orders.o_orderkey)", "Filter": "((l_shipdate >= '1995-01-01 00:00:00'::timestamp(0) without time zone) AND (l_shipdate <= '1996-12-31 00:00:00'::timestamp(0) without time zone))"}]}, {"Node Type": "Hash", "Parent Relationship": "Inner", "Startup Cost": 3283.0, "Total Cost": 3283.0, "Plan Rows": 100000, "Plan Width": 12, "Plans": [{"Node Type": "Seq Scan", "Parent Relationship": "Outer", "Relation Name": "supplier", "Alias": "supplier", "Startup Cost": 0.0, "Total Cost": 3283.0, "Plan Rows": 100000, "Plan Width": 12}]}]}]}]}, "Unique SQL Id": 2208782157, "Planner Runtime": 4}, "explain_analyze_plan": {"Plan": {"Node Type": "Aggregate", "Strategy": "Sorted", "Startup Cost": 653338.7, "Total Cost": 653449.34, "Plan Rows": 3688, "Plan Width": 84, "Actual Startup Time": 20027.656, "Actual Total Time": 20061.424, "Actual Rows": 4, "Actual Loops": 1, "Group By Key": ["n1.n_name", "n2.n_name", "(date_part('year'::text, lineitem.l_shipdate))"], "Plans": [{"Node Type": "Sort", "Parent Relationship": "Outer", "Startup Cost": 653338.7, "Total Cost": 653347.92, "Plan Rows": 3688, "Plan Width": 76, "Actual Startup Time": 20016.496, "Actual Total Time": 20022.268, "Actual Rows": 58554, "Actual Loops": 1, "Sort Key": ["n1.n_name", "n2.n_name", "(date_part('year'::text, lineitem.l_shipdate))"], "Sort Method": "quicksort", "Sort Space Used": 10686, "Sort Space Type": "Memory", "Plans": [{"Node Type": "Hash Join", "Parent Relationship": "Outer", "Join Type": "Inner", "Startup Cost": 5813.37, "Total Cost": 653120.22, "Plan Rows": 3688, "Plan Width": 76, "Actual Startup Time": 85.638, "Actual Total Time": 19962.976, "Actual Rows": 58554, "Actual Loops": 1, "Inner Unique": true, "Hash Cond": "((lineitem.l_suppkey = supplier.s_suppkey) AND (n1.n_nationkey = supplier.s_nationkey))", "Plans": [{"Node Type": "Nested Loop", "Parent Relationship": "Outer", "Join Type": "Inner", "Startup Cost": 1030.37, "Total Cost": 642753.24, "Plan Rows": 740786, "Plan Width": 88, "Actual Startup Time": 18.028, "Actual Total Time": 19160.259, "Actual Rows": 1459150, "Actual Loops": 1, "Inner Unique": false, "Plans": [{"Node Type": "Nested Loop", "Parent Relationship": "Outer", "Join Type": "Inner", "Startup Cost": 1030.37, "Total Cost": 166015.61, "Plan Rows": 504972, "Plan Width": 64, "Actual Startup Time": 17.951, "Actual Total Time": 4033.511, "Actual Rows": 1200363, "Actual Loops": 1, "Inner Unique": false, "Plans": [{"Node Type": "Nested Loop", "Parent Relationship": "Outer", "Join Type": "Inner", "Startup Cost": 1030.37, "Total Cost": 14893.09, "Plan Rows": 119904, "Plan Width": 64, "Actual Startup Time": 17.923, "Actual Total Time": 281.391, "Actual Rows": 119972, "Actual Loops": 1, "Inner Unique": false, "Plans": [{"Node Type": "Nested Loop", "Parent Relationship": "Outer", "Join Type": "Inner", "Startup Cost": 0.0, "Total Cost": 28.12, "Plan Rows": 2, "Plan Width": 60, "Actual Startup Time": 0.064, "Actual Total Time": 0.236, "Actual Rows": 2, "Actual Loops": 1, "Inner Unique": false, "Join Filter": "(((n1.n_name = 'JAPAN'::bpchar) AND (n2.n_name = 'INDIA'::bpchar)) OR ((n1.n_name = 'INDIA'::bpchar) AND (n2.n_name = 'JAPAN'::bpchar)))", "Rows Removed by Join Filter": 2, "Plans": [{"Node Type": "Index Scan", "Parent Relationship": "Outer", "Scan Direction": "Forward", "Index Name": "nation_pkey", "Relation Name": "nation", "Alias": "n1", "Startup Cost": 0.0, "Total Cost": 12.75, "Plan Rows": 25, "Plan Width": 30, "Actual Startup Time": 0.027, "Actual Total Time": 0.051, "Actual Rows": 2, "Actual Loops": 1, "Filter": "((n_name = 'JAPAN'::bpchar) OR (n_name = 'INDIA'::bpchar))", "Rows Removed by Filter": 23}, {"Node Type": "Materialize", "Parent Relationship": "Inner", "Startup Cost": 0.0, "Total Cost": 1.38, "Plan Rows": 25, "Plan Width": 30, "Actual Startup Time": 0.027, "Actual Total Time": 0.055, "Actual Rows": 4, "Actual Loops": 2, "Plans": [{"Node Type": "Seq Scan", "Parent Relationship": "Outer", "Relation Name": "nation", "Alias": "n2", "Startup Cost": 0.0, "Total Cost": 1.25, "Plan Rows": 25, "Plan Width": 30, "Actual Startup Time": 0.019, "Actual Total Time": 0.042, "Actual Rows": 2, "Actual Loops": 1, "Filter": "((n_name = 'INDIA'::bpchar) OR (n_name = 'JAPAN'::bpchar))", "Rows Removed by Filter": 23}]}]}, {"Node Type": "Bitmap Heap Scan", "Parent Relationship": "Inner", "Relation Name": "customer", "Alias": "customer", "Startup Cost": 1030.37, "Total Cost": 6832.48, "Plan Rows": 60000, "Plan Width": 12, "Actual Startup Time": 35.81, "Actual Total Time": 249.814, "Actual Rows": 119972, "Actual Loops": 2, "Recheck Cond": "(c_nationkey = n2.n_nationkey)", "Rows Removed by Index Recheck": 0, "Exact Heap Blocks": 59938, "Lossy Heap Blocks": 59938, "Plans": [{"Node Type": "Bitmap Index Scan", "Parent Relationship": "Outer", "Index Name": "idx_customer_nationkey", "Startup Cost": 0.0, "Total Cost": 1015.37, "Plan Rows": 60000, "Plan Width": 0, "Actual Startup Time": 22.622, "Actual Total Time": 22.622, "Actual Rows": 119972, "Actual Loops": 2, "Index Cond": "(c_nationkey = n2.n_nationkey)"}]}]}, {"Node Type": "Index Scan", "Parent Relationship": "Inner", "Scan Direction": "Forward", "Index Name": "idx_orders_custkey", "Relation Name": "orders", "Alias": "orders", "Startup Cost": 0.0, "Total Cost": 1.22, "Plan Rows": 4, "Plan Width": 16, "Actual Startup Time": 738.111, "Actual Total Time": 3403.667, "Actual Rows": 1200363, "Actual Loops": 119972, "Index Cond": "(o_custkey = customer.c_custkey)", "Rows Removed by Index Recheck": 0}]}, {"Node Type": "Index Scan", "Parent Relationship": "Inner", "Scan Direction": "Forward", "Index Name": "idx_lineitem_orderkey", "Relation Name": "lineitem", "Alias": "lineitem", "Startup Cost": 0.0, "Total Cost": 0.91, "Plan Rows": 3, "Plan Width": 40, "Actual Startup Time": 12968.962, "Actual Total Time": 14148.592, "Actual Rows": 1459150, "Actual Loops": 1200363, "Index Cond": "(l_orderkey = orders.o_orderkey)", "Rows Removed by Index Recheck": 0, "Filter": "((l_shipdate >= '1995-01-01 00:00:00'::timestamp(0) without time zone) AND (l_shipdate <= '1996-12-31 00:00:00'::timestamp(0) without time zone))", "Rows Removed by Filter": 3342563}]}, {"Node Type": "Hash", "Parent Relationship": "Inner", "Startup Cost": 3283.0, "Total Cost": 3283.0, "Plan Rows": 100000, "Plan Width": 12, "Actual Startup Time": 67.356, "Actual Total Time": 67.356, "Actual Rows": 100000, "Actual Loops": 1, "Hash Buckets": 131072, "Hash Batches": 1, "Original Hash Batches": 1, "Peak Memory Usage": 4297, "Plans": [{"Node Type": "Seq Scan", "Parent Relationship": "Outer", "Relation Name": "supplier", "Alias": "supplier", "Startup Cost": 0.0, "Total Cost": 3283.0, "Plan Rows": 100000, "Plan Width": 12, "Actual Startup Time": 0.016, "Actual Total Time": 36.368, "Actual Rows": 100000, "Actual Loops": 1}]}]}]}]}, "Triggers": [], "Planner Runtime": 2, "Total Runtime": 20061.957, "Unique SQL Id": 2208782157}}, "(1, 69)": {"explain_plan": {"Plan": {"Node Type": "Aggregate", "Strategy": "Sorted", "Startup Cost": 655401.75, "Total Cost": 655512.39, "Plan Rows": 3688, "Plan Width": 84, "Group By Key": ["n1.n_name", "n2.n_name", "(date_part('year'::text, lineitem.l_shipdate))"], "Plans": [{"Node Type": "Sort", "Parent Relationship": "Outer", "Startup Cost": 655401.75, "Total Cost": 655410.97, "Plan Rows": 3688, "Plan Width": 76, "Sort Key": ["n1.n_name", "n2.n_name", "(date_part('year'::text, lineitem.l_shipdate))"], "Plans": [{"Node Type": "Hash Join", "Parent Relationship": "Outer", "Join Type": "Inner", "Startup Cost": 7864.91, "Total Cost": 655183.26, "Plan Rows": 3688, "Plan Width": 76, "Inner Unique": true, "Hash Cond": "((lineitem.l_suppkey = supplier.s_suppkey) AND (n1.n_nationkey = supplier.s_nationkey))", "Plans": [{"Node Type": "Nested Loop", "Parent Relationship": "Outer", "Join Type": "Inner", "Startup Cost": 1030.37, "Total Cost": 642764.74, "Plan Rows": 740786, "Plan Width": 88, "Inner Unique": false, "Plans": [{"Node Type": "Nested Loop", "Parent Relationship": "Outer", "Join Type": "Inner", "Startup Cost": 1030.37, "Total Cost": 166027.11, "Plan Rows": 504972, "Plan Width": 64, "Inner Unique": false, "Plans": [{"Node Type": "Nested Loop", "Parent Relationship": "Outer", "Join Type": "Inner", "Startup Cost": 1030.37, "Total Cost": 14904.59, "Plan Rows": 119904, "Plan Width": 64, "Inner Unique": false, "Plans": [{"Node Type": "Nested Loop", "Parent Relationship": "Outer", "Join Type": "Inner", "Startup Cost": 0.0, "Total Cost": 39.62, "Plan Rows": 2, "Plan Width": 60, "Inner Unique": false, "Join Filter": "(((n1.n_name = 'JAPAN'::bpchar) AND (n2.n_name = 'INDIA'::bpchar)) OR ((n1.n_name = 'INDIA'::bpchar) AND (n2.n_name = 'JAPAN'::bpchar)))", "Plans": [{"Node Type": "Index Scan", "Parent Relationship": "Outer", "Scan Direction": "Forward", "Index Name": "nation_pkey", "Relation Name": "nation", "Alias": "n1", "Startup Cost": 0.0, "Total Cost": 12.75, "Plan Rows": 25, "Plan Width": 30, "Filter": "((n_name = 'JAPAN'::bpchar) OR (n_name = 'INDIA'::bpchar))"}, {"Node Type": "Materialize", "Parent Relationship": "Inner", "Startup Cost": 0.0, "Total Cost": 12.88, "Plan Rows": 25, "Plan Width": 30, "Plans": [{"Node Type": "Index Scan", "Parent Relationship": "Outer", "Scan Direction": "Forward", "Index Name": "nation_pkey", "Relation Name": "nation", "Alias": "n2", "Startup Cost": 0.0, "Total Cost": 12.75, "Plan Rows": 25, "Plan Width": 30, "Filter": "((n_name = 'INDIA'::bpchar) OR (n_name = 'JAPAN'::bpchar))"}]}]}, {"Node Type": "Bitmap Heap Scan", "Parent Relationship": "Inner", "Relation Name": "customer", "Alias": "customer", "Startup Cost": 1030.37, "Total Cost": 6832.48, "Plan Rows": 60000, "Plan Width": 12, "Recheck Cond": "(c_nationkey = n2.n_nationkey)", "Plans": [{"Node Type": "Bitmap Index Scan", "Parent Relationship": "Outer", "Index Name": "idx_customer_nationkey", "Startup Cost": 0.0, "Total Cost": 1015.37, "Plan Rows": 60000, "Plan Width": 0, "Index Cond": "(c_nationkey = n2.n_nationkey)"}]}]}, {"Node Type": "Index Scan", "Parent Relationship": "Inner", "Scan Direction": "Forward", "Index Name": "idx_orders_custkey", "Relation Name": "orders", "Alias": "orders", "Startup Cost": 0.0, "Total Cost": 1.22, "Plan Rows": 4, "Plan Width": 16, "Index Cond": "(o_custkey = customer.c_custkey)"}]}, {"Node Type": "Index Scan", "Parent Relationship": "Inner", "Scan Direction": "Forward", "Index Name": "idx_lineitem_orderkey", "Relation Name": "lineitem", "Alias": "lineitem", "Startup Cost": 0.0, "Total Cost": 0.91, "Plan Rows": 3, "Plan Width": 40, "Index Cond": "(l_orderkey = orders.o_orderkey)", "Filter": "((l_shipdate >= '1995-01-01 00:00:00'::timestamp(0) without time zone) AND (l_shipdate <= '1996-12-31 00:00:00'::timestamp(0) without time zone))"}]}, {"Node Type": "Hash", "Parent Relationship": "Inner", "Startup Cost": 5334.54, "Total Cost": 5334.54, "Plan Rows": 100000, "Plan Width": 12, "Plans": [{"Node Type": "Index Scan", "Parent Relationship": "Outer", "Scan Direction": "Forward", "Index Name": "supplier_pkey", "Relation Name": "supplier", "Alias": "supplier", "Startup Cost": 0.0, "Total Cost": 5334.54, "Plan Rows": 100000, "Plan Width": 12}]}]}]}]}, "Unique SQL Id": 2208782157, "Planner Runtime": 3}, "explain_analyze_plan": {"Plan": {"Node Type": "Aggregate", "Strategy": "Sorted", "Startup Cost": 655401.75, "Total Cost": 655512.39, "Plan Rows": 3688, "Plan Width": 84, "Actual Startup Time": 19948.807, "Actual Total Time": 19982.552, "Actual Rows": 4, "Actual Loops": 1, "Group By Key": ["n1.n_name", "n2.n_name", "(date_part('year'::text, lineitem.l_shipdate))"], "Plans": [{"Node Type": "Sort", "Parent Relationship": "Outer", "Startup Cost": 655401.75, "Total Cost": 655410.97, "Plan Rows": 3688, "Plan Width": 76, "Actual Startup Time": 19937.625, "Actual Total Time": 19943.528, "Actual Rows": 58554, "Actual Loops": 1, "Sort Key": ["n1.n_name", "n2.n_name", "(date_part('year'::text, lineitem.l_shipdate))"], "Sort Method": "quicksort", "Sort Space Used": 10686, "Sort Space Type": "Memory", "Plans": [{"Node Type": "Hash Join", "Parent Relationship": "Outer", "Join Type": "Inner", "Startup Cost": 7864.91, "Total Cost": 655183.26, "Plan Rows": 3688, "Plan Width": 76, "Actual Startup Time": 110.797, "Actual Total Time": 19883.263, "Actual Rows": 58554, "Actual Loops": 1, "Inner Unique": true, "Hash Cond": "((lineitem.l_suppkey = supplier.s_suppkey) AND (n1.n_nationkey = supplier.s_nationkey))", "Plans": [{"Node Type": "Nested Loop", "Parent Relationship": "Outer", "Join Type": "Inner", "Startup Cost": 1030.37, "Total Cost": 642764.74, "Plan Rows": 740786, "Plan Width": 88, "Actual Startup Time": 17.852, "Actual Total Time": 19065.006, "Actual Rows": 1459150, "Actual Loops": 1, "Inner Unique": false, "Plans": [{"Node Type": "Nested Loop", "Parent Relationship": "Outer", "Join Type": "Inner", "Startup Cost": 1030.37, "Total Cost": 166027.11, "Plan Rows": 504972, "Plan Width": 64, "Actual Startup Time": 17.787, "Actual Total Time": 3994.551, "Actual Rows": 1200363, "Actual Loops": 1, "Inner Unique": false, "Plans": [{"Node Type": "Nested Loop", "Parent Relationship": "Outer", "Join Type": "Inner", "Startup Cost": 1030.37, "Total Cost": 14904.59, "Plan Rows": 119904, "Plan Width": 64, "Actual Startup Time": 17.763, "Actual Total Time": 279.521, "Actual Rows": 119972, "Actual Loops": 1, "Inner Unique": false, "Plans": [{"Node Type": "Nested Loop", "Parent Relationship": "Outer", "Join Type": "Inner", "Startup Cost": 0.0, "Total Cost": 39.62, "Plan Rows": 2, "Plan Width": 60, "Actual Startup Time": 0.055, "Actual Total Time": 0.138, "Actual Rows": 2, "Actual Loops": 1, "Inner Unique": false, "Join Filter": "(((n1.n_name = 'JAPAN'::bpchar) AND (n2.n_name = 'INDIA'::bpchar)) OR ((n1.n_name = 'INDIA'::bpchar) AND (n2.n_name = 'JAPAN'::bpchar)))", "Rows Removed by Join Filter": 2, "Plans": [{"Node Type": "Index Scan", "Parent Relationship": "Outer", "Scan Direction": "Forward", "Index Name": "nation_pkey", "Relation Name": "nation", "Alias": "n1", "Startup Cost": 0.0, "Total Cost": 12.75, "Plan Rows": 25, "Plan Width": 30, "Actual Startup Time": 0.025, "Actual Total Time": 0.045, "Actual Rows": 2, "Actual Loops": 1, "Filter": "((n_name = 'JAPAN'::bpchar) OR (n_name = 'INDIA'::bpchar))", "Rows Removed by Filter": 23}, {"Node Type": "Materialize", "Parent Relationship": "Inner", "Startup Cost": 0.0, "Total Cost": 12.88, "Plan Rows": 25, "Plan Width": 30, "Actual Startup Time": 0.021, "Actual Total Time": 0.051, "Actual Rows": 4, "Actual Loops": 2, "Plans": [{"Node Type": "Index Scan", "Parent Relationship": "Outer", "Scan Direction": "Forward", "Index Name": "nation_pkey", "Relation Name": "nation", "Alias": "n2", "Startup Cost": 0.0, "Total Cost": 12.75, "Plan Rows": 25, "Plan Width": 30, "Actual Startup Time": 0.012, "Actual Total Time": 0.03, "Actual Rows": 2, "Actual Loops": 1, "Filter": "((n_name = 'INDIA'::bpchar) OR (n_name = 'JAPAN'::bpchar))", "Rows Removed by Filter": 23}]}]}, {"Node Type": "Bitmap Heap Scan", "Parent Relationship": "Inner", "Relation Name": "customer", "Alias": "customer", "Startup Cost": 1030.37, "Total Cost": 6832.48, "Plan Rows": 60000, "Plan Width": 12, "Actual Startup Time": 35.527, "Actual Total Time": 248.659, "Actual Rows": 119972, "Actual Loops": 2, "Recheck Cond": "(c_nationkey = n2.n_nationkey)", "Rows Removed by Index Recheck": 0, "Exact Heap Blocks": 59938, "Lossy Heap Blocks": 59938, "Plans": [{"Node Type": "Bitmap Index Scan", "Parent Relationship": "Outer", "Index Name": "idx_customer_nationkey", "Startup Cost": 0.0, "Total Cost": 1015.37, "Plan Rows": 60000, "Plan Width": 0, "Actual Startup Time": 22.302, "Actual Total Time": 22.302, "Actual Rows": 119972, "Actual Loops": 2, "Index Cond": "(c_nationkey = n2.n_nationkey)"}]}]}, {"Node Type": "Index Scan", "Parent Relationship": "Inner", "Scan Direction": "Forward", "Index Name": "idx_orders_custkey", "Relation Name": "orders", "Alias": "orders", "Startup Cost": 0.0, "Total Cost": 1.22, "Plan Rows": 4, "Plan Width": 16, "Actual Startup Time": 738.147, "Actual Total Time": 3370.631, "Actual Rows": 1200363, "Actual Loops": 119972, "Index Cond": "(o_custkey = customer.c_custkey)", "Rows Removed by Index Recheck": 0}]}, {"Node Type": "Index Scan", "Parent Relationship": "Inner", "Scan Direction": "Forward", "Index Name": "idx_lineitem_orderkey", "Relation Name": "lineitem", "Alias": "lineitem", "Startup Cost": 0.0, "Total Cost": 0.91, "Plan Rows": 3, "Plan Width": 40, "Actual Startup Time": 12927.978, "Actual Total Time": 14089.887, "Actual Rows": 1459150, "Actual Loops": 1200363, "Index Cond": "(l_orderkey = orders.o_orderkey)", "Rows Removed by Index Recheck": 0, "Filter": "((l_shipdate >= '1995-01-01 00:00:00'::timestamp(0) without time zone) AND (l_shipdate <= '1996-12-31 00:00:00'::timestamp(0) without time zone))", "Rows Removed by Filter": 3342563}]}, {"Node Type": "Hash", "Parent Relationship": "Inner", "Startup Cost": 5334.54, "Total Cost": 5334.54, "Plan Rows": 100000, "Plan Width": 12, "Actual Startup Time": 92.677, "Actual Total Time": 92.677, "Actual Rows": 100000, "Actual Loops": 1, "Hash Buckets": 131072, "Hash Batches": 1, "Original Hash Batches": 1, "Peak Memory Usage": 4297, "Plans": [{"Node Type": "Index Scan", "Parent Relationship": "Outer", "Scan Direction": "Forward", "Index Name": "supplier_pkey", "Relation Name": "supplier", "Alias": "supplier", "Startup Cost": 0.0, "Total Cost": 5334.54, "Plan Rows": 100000, "Plan Width": 12, "Actual Startup Time": 0.023, "Actual Total Time": 60.319, "Actual Rows": 100000, "Actual Loops": 1}]}]}]}]}, "Triggers": [], "Planner Runtime": 2, "Total Runtime": 19983.037, "Unique SQL Id": 2208782157}}, "(1, 70)": {"explain_plan": {"Plan": {"Node Type": "Aggregate", "Strategy": "Sorted", "Startup Cost": 2821099.39, "Total Cost": 2821210.03, "Plan Rows": 3688, "Plan Width": 84, "Group By Key": ["n1.n_name", "n2.n_name", "(date_part('year'::text, lineitem.l_shipdate))"], "Plans": [{"Node Type": "Sort", "Parent Relationship": "Outer", "Startup Cost": 2821099.39, "Total Cost": 2821108.61, "Plan Rows": 3688, "Plan Width": 76, "Sort Key": ["n1.n_name", "n2.n_name", "(date_part('year'::text, lineitem.l_shipdate))"], "Plans": [{"Node Type": "Hash Join", "Parent Relationship": "Outer", "Join Type": "Inner", "Startup Cost": 21163.77, "Total Cost": 2820880.9, "Plan Rows": 3688, "Plan Width": 76, "Inner Unique": true, "Hash Cond": "((lineitem.l_suppkey = supplier.s_suppkey) AND (n1.n_nationkey = supplier.s_nationkey))", "Plans": [{"Node Type": "Nested Loop", "Parent Relationship": "Outer", "Join Type": "Inner", "Startup Cost": 16380.77, "Total Cost": 2810513.92, "Plan Rows": 740786, "Plan Width": 88, "Inner Unique": false, "Plans": [{"Node Type": "Hash Join", "Parent Relationship": "Outer", "Join Type": "Inner", "Startup Cost": 16380.39, "Total Cost": 504091.94, "Plan Rows": 504972, "Plan Width": 64, "Inner Unique": false, "Hash Cond": "(orders.o_custkey = customer.c_custkey), (LLVM Optimized)", "Plans": [{"Node Type": "Seq Scan", "Parent Relationship": "Outer", "Relation Name": "orders", "Alias": "orders", "Startup Cost": 0.0, "Total Cost": 426413.79, "Plan Rows": 14999479, "Plan Width": 16}, {"Node Type": "Hash", "Parent Relationship": "Inner", "Startup Cost": 14881.59, "Total Cost": 14881.59, "Plan Rows": 119904, "Plan Width": 64, "Plans": [{"Node Type": "Nested Loop", "Parent Relationship": "Outer", "Join Type": "Inner", "Startup Cost": 1030.37, "Total Cost": 14881.59, "Plan Rows": 119904, "Plan Width": 64, "Inner Unique": false, "Plans": [{"Node Type": "Nested Loop", "Parent Relationship": "Outer", "Join Type": "Inner", "Startup Cost": 0.0, "Total Cost": 16.62, "Plan Rows": 2, "Plan Width": 60, "Inner Unique": false, "Join Filter": "(((n1.n_name = 'JAPAN'::bpchar) AND (n2.n_name = 'INDIA'::bpchar)) OR ((n1.n_name = 'INDIA'::bpchar) AND (n2.n_name = 'JAPAN'::bpchar)))", "Plans": [{"Node Type": "Seq Scan", "Parent Relationship": "Outer", "Relation Name": "nation", "Alias": "n1", "Startup Cost": 0.0, "Total Cost": 1.25, "Plan Rows": 25, "Plan Width": 30, "Filter": "((n_name = 'JAPAN'::bpchar) OR (n_name = 'INDIA'::bpchar))"}, {"Node Type": "Materialize", "Parent Relationship": "Inner", "Startup Cost": 0.0, "Total Cost": 1.38, "Plan Rows": 25, "Plan Width": 30, "Plans": [{"Node Type": "Seq Scan", "Parent Relationship": "Outer", "Relation Name": "nation", "Alias": "n2", "Startup Cost": 0.0, "Total Cost": 1.25, "Plan Rows": 25, "Plan Width": 30, "Filter": "((n_name = 'INDIA'::bpchar) OR (n_name = 'JAPAN'::bpchar))"}]}]}, {"Node Type": "Bitmap Heap Scan", "Parent Relationship": "Inner", "Relation Name": "customer", "Alias": "customer", "Startup Cost": 1030.37, "Total Cost": 6832.48, "Plan Rows": 60000, "Plan Width": 12, "Recheck Cond": "(c_nationkey = n2.n_nationkey)", "Plans": [{"Node Type": "Bitmap Index Scan", "Parent Relationship": "Outer", "Index Name": "idx_customer_nationkey", "Startup Cost": 0.0, "Total Cost": 1015.37, "Plan Rows": 60000, "Plan Width": 0, "Index Cond": "(c_nationkey = n2.n_nationkey)"}]}]}]}]}, {"Node Type": "Bitmap Heap Scan", "Parent Relationship": "Inner", "Relation Name": "lineitem", "Alias": "lineitem", "Startup Cost": 0.38, "Total Cost": 4.54, "Plan Rows": 3, "Plan Width": 40, "Recheck Cond": "(l_orderkey = orders.o_orderkey)", "Filter": "((l_shipdate >= '1995-01-01 00:00:00'::timestamp(0) without time zone) AND (l_shipdate <= '1996-12-31 00:00:00'::timestamp(0) without time zone))", "Plans": [{"Node Type": "Bitmap Index Scan", "Parent Relationship": "Outer", "Index Name": "idx_lineitem_orderkey", "Startup Cost": 0.0, "Total Cost": 0.38, "Plan Rows": 9, "Plan Width": 0, "Index Cond": "(l_orderkey = orders.o_orderkey)"}]}]}, {"Node Type": "Hash", "Parent Relationship": "Inner", "Startup Cost": 3283.0, "Total Cost": 3283.0, "Plan Rows": 100000, "Plan Width": 12, "Plans": [{"Node Type": "Seq Scan", "Parent Relationship": "Outer", "Relation Name": "supplier", "Alias": "supplier", "Startup Cost": 0.0, "Total Cost": 3283.0, "Plan Rows": 100000, "Plan Width": 12}]}]}]}]}, "Unique SQL Id": 2208782157, "Planner Runtime": 3}, "explain_analyze_plan": {"Plan": {"Node Type": "Aggregate", "Strategy": "Sorted", "Startup Cost": 2821099.39, "Total Cost": 2821210.03, "Plan Rows": 3688, "Plan Width": 84, "Actual Startup Time": 24019.755, "Actual Total Time": 24053.432, "Actual Rows": 4, "Actual Loops": 1, "Group By Key": ["n1.n_name", "n2.n_name", "(date_part('year'::text, lineitem.l_shipdate))"], "Plans": [{"Node Type": "Sort", "Parent Relationship": "Outer", "Startup Cost": 2821099.39, "Total Cost": 2821108.61, "Plan Rows": 3688, "Plan Width": 76, "Actual Startup Time": 24008.555, "Actual Total Time": 24014.638, "Actual Rows": 58554, "Actual Loops": 1, "Sort Key": ["n1.n_name", "n2.n_name", "(date_part('year'::text, lineitem.l_shipdate))"], "Sort Method": "quicksort", "Sort Space Used": 10686, "Sort Space Type": "Memory", "Plans": [{"Node Type": "Hash Join", "Parent Relationship": "Outer", "Join Type": "Inner", "Startup Cost": 21163.77, "Total Cost": 2820880.9, "Plan Rows": 3688, "Plan Width": 76, "Actual Startup Time": 320.133, "Actual Total Time": 23947.507, "Actual Rows": 58554, "Actual Loops": 1, "Inner Unique": true, "Hash Cond": "((lineitem.l_suppkey = supplier.s_suppkey) AND (n1.n_nationkey = supplier.s_nationkey))", "Plans": [{"Node Type": "Nested Loop", "Parent Relationship": "Outer", "Join Type": "Inner", "Startup Cost": 16380.77, "Total Cost": 2810513.92, "Plan Rows": 740786, "Plan Width": 88, "Actual Startup Time": 252.262, "Actual Total Time": 23107.032, "Actual Rows": 1459150, "Actual Loops": 1, "Inner Unique": false, "Plans": [{"Node Type": "Hash Join", "Parent Relationship": "Outer", "Join Type": "Inner", "Startup Cost": 16380.39, "Total Cost": 504091.94, "Plan Rows": 504972, "Plan Width": 64, "Actual Startup Time": 252.173, "Actual Total Time": 10094.773, "Actual Rows": 1200363, "Actual Loops": 1, "Inner Unique": false, "Hash Cond": "(orders.o_custkey = customer.c_custkey), (LLVM Optimized, Jit Execute)", "Plans": [{"Node Type": "Seq Scan", "Parent Relationship": "Outer", "Relation Name": "orders", "Alias": "orders", "Startup Cost": 0.0, "Total Cost": 426413.79, "Plan Rows": 14999479, "Plan Width": 16, "Actual Startup Time": 0.013, "Actual Total Time": 4180.316, "Actual Rows": 15000000, "Actual Loops": 1}, {"Node Type": "Hash", "Parent Relationship": "Inner", "Startup Cost": 14881.59, "Total Cost": 14881.59, "Plan Rows": 119904, "Plan Width": 64, "Actual Startup Time": 252.012, "Actual Total Time": 252.012, "Actual Rows": 119972, "Actual Loops": 1, "Hash Buckets": 131072, "Hash Batches": 1, "Original Hash Batches": 1, "Peak Memory Usage": 11248, "Plans": [{"Node Type": "Nested Loop", "Parent Relationship": "Outer", "Join Type": "Inner", "Startup Cost": 1030.37, "Total Cost": 14881.59, "Plan Rows": 119904, "Plan Width": 64, "Actual Startup Time": 18.127, "Actual Total Time": 207.945, "Actual Rows": 119972, "Actual Loops": 1, "Inner Unique": false, "Plans": [{"Node Type": "Nested Loop", "Parent Relationship": "Outer", "Join Type": "Inner", "Startup Cost": 0.0, "Total Cost": 16.62, "Plan Rows": 2, "Plan Width": 60, "Actual Startup Time": 0.074, "Actual Total Time": 0.164, "Actual Rows": 2, "Actual Loops": 1, "Inner Unique": false, "Join Filter": "(((n1.n_name = 'JAPAN'::bpchar) AND (n2.n_name = 'INDIA'::bpchar)) OR ((n1.n_name = 'INDIA'::bpchar) AND (n2.n_name = 'JAPAN'::bpchar)))", "Rows Removed by Join Filter": 2, "Plans": [{"Node Type": "Seq Scan", "Parent Relationship": "Outer", "Relation Name": "nation", "Alias": "n1", "Startup Cost": 0.0, "Total Cost": 1.25, "Plan Rows": 25, "Plan Width": 30, "Actual Startup Time": 0.041, "Actual Total Time": 0.06, "Actual Rows": 2, "Actual Loops": 1, "Filter": "((n_name = 'JAPAN'::bpchar) OR (n_name = 'INDIA'::bpchar))", "Rows Removed by Filter": 23}, {"Node Type": "Materialize", "Parent Relationship": "Inner", "Startup Cost": 0.0, "Total Cost": 1.38, "Plan Rows": 25, "Plan Width": 30, "Actual Startup Time": 0.023, "Actual Total Time": 0.053, "Actual Rows": 4, "Actual Loops": 2, "Plans": [{"Node Type": "Seq Scan", "Parent Relationship": "Outer", "Relation Name": "nation", "Alias": "n2", "Startup Cost": 0.0, "Total Cost": 1.25, "Plan Rows": 25, "Plan Width": 30, "Actual Startup Time": 0.015, "Actual Total Time": 0.041, "Actual Rows": 2, "Actual Loops": 1, "Filter": "((n_name = 'INDIA'::bpchar) OR (n_name = 'JAPAN'::bpchar))", "Rows Removed by Filter": 23}]}]}, {"Node Type": "Bitmap Heap Scan", "Parent Relationship": "Inner", "Relation Name": "customer", "Alias": "customer", "Startup Cost": 1030.37, "Total Cost": 6832.48, "Plan Rows": 60000, "Plan Width": 12, "Actual Startup Time": 35.922, "Actual Total Time": 183.334, "Actual Rows": 119972, "Actual Loops": 2, "Recheck Cond": "(c_nationkey = n2.n_nationkey)", "Rows Removed by Index Recheck": 0, "Exact Heap Blocks": 59938, "Lossy Heap Blocks": 59938, "Plans": [{"Node Type": "Bitmap Index Scan", "Parent Relationship": "Outer", "Index Name": "idx_customer_nationkey", "Startup Cost": 0.0, "Total Cost": 1015.37, "Plan Rows": 60000, "Plan Width": 0, "Actual Startup Time": 22.698, "Actual Total Time": 22.698, "Actual Rows": 119972, "Actual Loops": 2, "Index Cond": "(c_nationkey = n2.n_nationkey)"}]}]}]}]}, {"Node Type": "Bitmap Heap Scan", "Parent Relationship": "Inner", "Relation Name": "lineitem", "Alias": "lineitem", "Startup Cost": 0.38, "Total Cost": 4.54, "Plan Rows": 3, "Plan Width": 40, "Actual Startup Time": 10661.081, "Actual Total Time": 11276.135, "Actual Rows": 1459150, "Actual Loops": 1200363, "Recheck Cond": "(l_orderkey = orders.o_orderkey)", "Rows Removed by Index Recheck": 0, "Filter": "((l_shipdate >= '1995-01-01 00:00:00'::timestamp(0) without time zone) AND (l_shipdate <= '1996-12-31 00:00:00'::timestamp(0) without time zone))", "Rows Removed by Filter": 3342563, "Exact Heap Blocks": 1285989, "Lossy Heap Blocks": 1285989, "Plans": [{"Node Type": "Bitmap Index Scan", "Parent Relationship": "Outer", "Index Name": "idx_lineitem_orderkey", "Startup Cost": 0.0, "Total Cost": 0.38, "Plan Rows": 9, "Plan Width": 0, "Actual Startup Time": 5002.618, "Actual Total Time": 5002.618, "Actual Rows": 4801713, "Actual Loops": 1200363, "Index Cond": "(l_orderkey = orders.o_orderkey)"}]}]}, {"Node Type": "Hash", "Parent Relationship": "Inner", "Startup Cost": 3283.0, "Total Cost": 3283.0, "Plan Rows": 100000, "Plan Width": 12, "Actual Startup Time": 67.513, "Actual Total Time": 67.513, "Actual Rows": 100000, "Actual Loops": 1, "Hash Buckets": 131072, "Hash Batches": 1, "Original Hash Batches": 1, "Peak Memory Usage": 4297, "Plans": [{"Node Type": "Seq Scan", "Parent Relationship": "Outer", "Relation Name": "supplier", "Alias": "supplier", "Startup Cost": 0.0, "Total Cost": 3283.0, "Plan Rows": 100000, "Plan Width": 12, "Actual Startup Time": 0.027, "Actual Total Time": 36.747, "Actual Rows": 100000, "Actual Loops": 1}]}]}]}]}, "Triggers": [], "Planner Runtime": 2, "Total Runtime": 24062.624, "Unique SQL Id": 2208782157}}, "(1, 71)": {"explain_plan": {"Plan": {"Node Type": "Aggregate", "Strategy": "Sorted", "Startup Cost": 99673573.01, "Total Cost": 99673683.65, "Plan Rows": 3688, "Plan Width": 84, "Group By Key": ["n1.n_name", "n2.n_name", "(date_part('year'::text, lineitem.l_shipdate))"], "Plans": [{"Node Type": "Sort", "Parent Relationship": "Outer", "Startup Cost": 99673573.01, "Total Cost": 99673582.23, "Plan Rows": 3688, "Plan Width": 76, "Sort Key": ["n1.n_name", "n2.n_name", "(date_part('year'::text, lineitem.l_shipdate))"], "Plans": [{"Node Type": "Nested Loop", "Parent Relationship": "Outer", "Join Type": "Inner", "Startup Cost": 627986.71, "Total Cost": 99673354.52, "Plan Rows": 3688, "Plan Width": 76, "Inner Unique": true, "Join Filter": "(((n1.n_name = 'JAPAN'::bpchar) AND (n2.n_name = 'INDIA'::bpchar)) OR ((n1.n_name = 'INDIA'::bpchar) AND (n2.n_name = 'JAPAN'::bpchar)))", "Plans": [{"Node Type": "Nested Loop", "Parent Relationship": "Outer", "Join Type": "Inner", "Startup Cost": 627986.45, "Total Cost": 94724471.42, "Plan Rows": 1153515, "Plan Width": 54, "Inner Unique": true, "Plans": [{"Node Type": "Nested Loop", "Parent Relationship": "Outer", "Join Type": "Inner", "Startup Cost": 627986.2, "Total Cost": 89787046.56, "Plan Rows": 1153515, "Plan Width": 32, "Inner Unique": true, "Plans": [{"Node Type": "Nested Loop", "Parent Relationship": "Outer", "Join Type": "Inner", "Startup Cost": 627985.94, "Total Cost": 84848088.55, "Plan Rows": 1153515, "Plan Width": 36, "Inner Unique": true, "Plans": [{"Node Type": "Nested Loop", "Parent Relationship": "Outer", "Join Type": "Inner", "Startup Cost": 627985.67, "Total Cost": 79896146.0, "Plan Rows": 1153515, "Plan Width": 36, "Inner Unique": true, "Plans": [{"Node Type": "Bitmap Heap Scan", "Parent Relationship": "Outer", "Relation Name": "lineitem", "Alias": "lineitem", "Startup Cost": 627985.41, "Total Cost": 2315105.27, "Plan Rows": 18124991, "Plan Width": 40, "Recheck Cond": "((l_shipdate >= '1995-01-01 00:00:00'::timestamp(0) without time zone) AND (l_shipdate <= '1996-12-31 00:00:00'::timestamp(0) without time zone)), (LLVM Optimized)", "Plans": [{"Node Type": "Bitmap Index Scan", "Parent Relationship": "Outer", "Index Name": "idx_lineitem_shipdate", "Startup Cost": 0.0, "Total Cost": 623454.16, "Plan Rows": 18124991, "Plan Width": 0, "Index Cond": "((l_shipdate >= '1995-01-01 00:00:00'::timestamp(0) without time zone) AND (l_shipdate <= '1996-12-31 00:00:00'::timestamp(0) without time zone))"}]}, {"Node Type": "Bitmap Heap Scan", "Parent Relationship": "Inner", "Relation Name": "supplier", "Alias": "supplier", "Startup Cost": 0.26, "Total Cost": 4.27, "Plan Rows": 1, "Plan Width": 12, "Recheck Cond": "(s_suppkey = lineitem.l_suppkey)", "Plans": [{"Node Type": "Bitmap Index Scan", "Parent Relationship": "Outer", "Index Name": "supplier_pkey", "Startup Cost": 0.0, "Total Cost": 0.26, "Plan Rows": 1, "Plan Width": 0, "Index Cond": "(s_suppkey = lineitem.l_suppkey)"}]}]}, {"Node Type": "Bitmap Heap Scan", "Parent Relationship": "Inner", "Relation Name": "orders", "Alias": "orders", "Startup Cost": 0.27, "Total Cost": 4.28, "Plan Rows": 1, "Plan Width": 16, "Recheck Cond": "(o_orderkey = lineitem.l_orderkey)", "Plans": [{"Node Type": "Bitmap Index Scan", "Parent Relationship": "Outer", "Index Name": "orders_pkey", "Startup Cost": 0.0, "Total Cost": 0.27, "Plan Rows": 1, "Plan Width": 0, "Index Cond": "(o_orderkey = lineitem.l_orderkey)"}]}]}, {"Node Type": "Bitmap Heap Scan", "Parent Relationship": "Inner", "Relation Name": "customer", "Alias": "customer", "Startup Cost": 0.26, "Total Cost": 4.27, "Plan Rows": 1, "Plan Width": 12, "Recheck Cond": "(c_custkey = orders.o_custkey)", "Plans": [{"Node Type": "Bitmap Index Scan", "Parent Relationship": "Outer", "Index Name": "customer_pkey", "Startup Cost": 0.0, "Total Cost": 0.26, "Plan Rows": 1, "Plan Width": 0, "Index Cond": "(c_custkey = orders.o_custkey)"}]}]}, {"Node Type": "Bitmap Heap Scan", "Parent Relationship": "Inner", "Relation Name": "nation", "Alias": "n1", "Startup Cost": 0.26, "Total Cost": 4.27, "Plan Rows": 1, "Plan Width": 30, "Recheck Cond": "(n_nationkey = supplier.s_nationkey)", "Filter": "((n_name = 'JAPAN'::bpchar) OR (n_name = 'INDIA'::bpchar))", "Plans": [{"Node Type": "Bitmap Index Scan", "Parent Relationship": "Outer", "Index Name": "nation_pkey", "Startup Cost": 0.0, "Total Cost": 0.26, "Plan Rows": 1, "Plan Width": 0, "Index Cond": "(n_nationkey = supplier.s_nationkey)"}]}]}, {"Node Type": "Bitmap Heap Scan", "Parent Relationship": "Inner", "Relation Name": "nation", "Alias": "n2", "Startup Cost": 0.26, "Total Cost": 4.27, "Plan Rows": 1, "Plan Width": 30, "Recheck Cond": "(n_nationkey = customer.c_nationkey)", "Filter": "((n_name = 'INDIA'::bpchar) OR (n_name = 'JAPAN'::bpchar))", "Plans": [{"Node Type": "Bitmap Index Scan", "Parent Relationship": "Outer", "Index Name": "nation_pkey", "Startup Cost": 0.0, "Total Cost": 0.26, "Plan Rows": 1, "Plan Width": 0, "Index Cond": "(n_nationkey = customer.c_nationkey)"}]}]}]}]}, "Unique SQL Id": 2208782157, "Planner Runtime": 2}, "explain_analyze_plan": null}, "(1, 72)": {"explain_plan": {"Plan": {"Node Type": "Aggregate", "Strategy": "Sorted", "Startup Cost": 655078.59, "Total Cost": 655189.23, "Plan Rows": 3688, "Plan Width": 84, "Group By Key": ["n1.n_name", "n2.n_name", "(date_part('year'::text, lineitem.l_shipdate))"], "Plans": [{"Node Type": "Sort", "Parent Relationship": "Outer", "Startup Cost": 655078.59, "Total Cost": 655087.81, "Plan Rows": 3688, "Plan Width": 76, "Sort Key": ["n1.n_name", "n2.n_name", "(date_part('year'::text, lineitem.l_shipdate))"], "Plans": [{"Node Type": "Hash Join", "Parent Relationship": "Outer", "Join Type": "Inner", "Startup Cost": 4783.0, "Total Cost": 654860.1, "Plan Rows": 3688, "Plan Width": 76, "Inner Unique": true, "Hash Cond": "((lineitem.l_suppkey = supplier.s_suppkey) AND (n1.n_nationkey = supplier.s_nationkey))", "Plans": [{"Node Type": "Nested Loop", "Parent Relationship": "Outer", "Join Type": "Inner", "Startup Cost": 0.0, "Total Cost": 644493.13, "Plan Rows": 740786, "Plan Width": 88, "Inner Unique": false, "Plans": [{"Node Type": "Nested Loop", "Parent Relationship": "Outer", "Join Type": "Inner", "Startup Cost": 0.0, "Total Cost": 167755.5, "Plan Rows": 504972, "Plan Width": 64, "Inner Unique": false, "Plans": [{"Node Type": "Nested Loop", "Parent Relationship": "Outer", "Join Type": "Inner", "Startup Cost": 0.0, "Total Cost": 16632.98, "Plan Rows": 119904, "Plan Width": 64, "Inner Unique": false, "Plans": [{"Node Type": "Nested Loop", "Parent Relationship": "Outer", "Join Type": "Inner", "Startup Cost": 0.0, "Total Cost": 28.12, "Plan Rows": 2, "Plan Width": 60, "Inner Unique": false, "Join Filter": "(((n1.n_name = 'JAPAN'::bpchar) AND (n2.n_name = 'INDIA'::bpchar)) OR ((n1.n_name = 'INDIA'::bpchar) AND (n2.n_name = 'JAPAN'::bpchar)))", "Plans": [{"Node Type": "Index Scan", "Parent Relationship": "Outer", "Scan Direction": "Forward", "Index Name": "nation_pkey", "Relation Name": "nation", "Alias": "n1", "Startup Cost": 0.0, "Total Cost": 12.75, "Plan Rows": 25, "Plan Width": 30, "Filter": "((n_name = 'JAPAN'::bpchar) OR (n_name = 'INDIA'::bpchar))"}, {"Node Type": "Materialize", "Parent Relationship": "Inner", "Startup Cost": 0.0, "Total Cost": 1.38, "Plan Rows": 25, "Plan Width": 30, "Plans": [{"Node Type": "Seq Scan", "Parent Relationship": "Outer", "Relation Name": "nation", "Alias": "n2", "Startup Cost": 0.0, "Total Cost": 1.25, "Plan Rows": 25, "Plan Width": 30, "Filter": "((n_name = 'INDIA'::bpchar) OR (n_name = 'JAPAN'::bpchar))"}]}]}, {"Node Type": "Index Scan", "Parent Relationship": "Inner", "Scan Direction": "Forward", "Index Name": "idx_customer_nationkey", "Relation Name": "customer", "Alias": "customer", "Startup Cost": 0.0, "Total Cost": 7702.43, "Plan Rows": 60000, "Plan Width": 12, "Index Cond": "(c_nationkey = n2.n_nationkey)"}]}, {"Node Type": "Index Scan", "Parent Relationship": "Inner", "Scan Direction": "Forward", "Index Name": "idx_orders_custkey", "Relation Name": "orders", "Alias": "orders", "Startup Cost": 0.0, "Total Cost": 1.22, "Plan Rows": 4, "Plan Width": 16, "Index Cond": "(o_custkey = customer.c_custkey)"}]}, {"Node Type": "Index Scan", "Parent Relationship": "Inner", "Scan Direction": "Forward", "Index Name": "idx_lineitem_orderkey", "Relation Name": "lineitem", "Alias": "lineitem", "Startup Cost": 0.0, "Total Cost": 0.91, "Plan Rows": 3, "Plan Width": 40, "Index Cond": "(l_orderkey = orders.o_orderkey)", "Filter": "((l_shipdate >= '1995-01-01 00:00:00'::timestamp(0) without time zone) AND (l_shipdate <= '1996-12-31 00:00:00'::timestamp(0) without time zone))"}]}, {"Node Type": "Hash", "Parent Relationship": "Inner", "Startup Cost": 3283.0, "Total Cost": 3283.0, "Plan Rows": 100000, "Plan Width": 12, "Plans": [{"Node Type": "Seq Scan", "Parent Relationship": "Outer", "Relation Name": "supplier", "Alias": "supplier", "Startup Cost": 0.0, "Total Cost": 3283.0, "Plan Rows": 100000, "Plan Width": 12}]}]}]}]}, "Unique SQL Id": 2208782157, "Planner Runtime": 3}, "explain_analyze_plan": {"Plan": {"Node Type": "Aggregate", "Strategy": "Sorted", "Startup Cost": 655078.59, "Total Cost": 655189.23, "Plan Rows": 3688, "Plan Width": 84, "Actual Startup Time": 19790.584, "Actual Total Time": 19824.405, "Actual Rows": 4, "Actual Loops": 1, "Group By Key": ["n1.n_name", "n2.n_name", "(date_part('year'::text, lineitem.l_shipdate))"], "Plans": [{"Node Type": "Sort", "Parent Relationship": "Outer", "Startup Cost": 655078.59, "Total Cost": 655087.81, "Plan Rows": 3688, "Plan Width": 76, "Actual Startup Time": 19779.431, "Actual Total Time": 19785.255, "Actual Rows": 58554, "Actual Loops": 1, "Sort Key": ["n1.n_name", "n2.n_name", "(date_part('year'::text, lineitem.l_shipdate))"], "Sort Method": "quicksort", "Sort Space Used": 10686, "Sort Space Type": "Memory", "Plans": [{"Node Type": "Hash Join", "Parent Relationship": "Outer", "Join Type": "Inner", "Startup Cost": 4783.0, "Total Cost": 654860.1, "Plan Rows": 3688, "Plan Width": 76, "Actual Startup Time": 67.835, "Actual Total Time": 19726.902, "Actual Rows": 58554, "Actual Loops": 1, "Inner Unique": true, "Hash Cond": "((lineitem.l_suppkey = supplier.s_suppkey) AND (n1.n_nationkey = supplier.s_nationkey))", "Plans": [{"Node Type": "Nested Loop", "Parent Relationship": "Outer", "Join Type": "Inner", "Startup Cost": 0.0, "Total Cost": 644493.13, "Plan Rows": 740786, "Plan Width": 88, "Actual Startup Time": 0.149, "Actual Total Time": 18931.71, "Actual Rows": 1459150, "Actual Loops": 1, "Inner Unique": false, "Plans": [{"Node Type": "Nested Loop", "Parent Relationship": "Outer", "Join Type": "Inner", "Startup Cost": 0.0, "Total Cost": 167755.5, "Plan Rows": 504972, "Plan Width": 64, "Actual Startup Time": 0.099, "Actual Total Time": 3934.164, "Actual Rows": 1200363, "Actual Loops": 1, "Inner Unique": false, "Plans": [{"Node Type": "Nested Loop", "Parent Relationship": "Outer", "Join Type": "Inner", "Startup Cost": 0.0, "Total Cost": 16632.98, "Plan Rows": 119904, "Plan Width": 64, "Actual Startup Time": 0.09, "Actual Total Time": 215.292, "Actual Rows": 119972, "Actual Loops": 1, "Inner Unique": false, "Plans": [{"Node Type": "Nested Loop", "Parent Relationship": "Outer", "Join Type": "Inner", "Startup Cost": 0.0, "Total Cost": 28.12, "Plan Rows": 2, "Plan Width": 60, "Actual Startup Time": 0.057, "Actual Total Time": 0.162, "Actual Rows": 2, "Actual Loops": 1, "Inner Unique": false, "Join Filter": "(((n1.n_name = 'JAPAN'::bpchar) AND (n2.n_name = 'INDIA'::bpchar)) OR ((n1.n_name = 'INDIA'::bpchar) AND (n2.n_name = 'JAPAN'::bpchar)))", "Rows Removed by Join Filter": 2, "Plans": [{"Node Type": "Index Scan", "Parent Relationship": "Outer", "Scan Direction": "Forward", "Index Name": "nation_pkey", "Relation Name": "nation", "Alias": "n1", "Startup Cost": 0.0, "Total Cost": 12.75, "Plan Rows": 25, "Plan Width": 30, "Actual Startup Time": 0.026, "Actual Total Time": 0.052, "Actual Rows": 2, "Actual Loops": 1, "Filter": "((n_name = 'JAPAN'::bpchar) OR (n_name = 'INDIA'::bpchar))", "Rows Removed by Filter": 23}, {"Node Type": "Materialize", "Parent Relationship": "Inner", "Startup Cost": 0.0, "Total Cost": 1.38, "Plan Rows": 25, "Plan Width": 30, "Actual Startup Time": 0.025, "Actual Total Time": 0.052, "Actual Rows": 4, "Actual Loops": 2, "Plans": [{"Node Type": "Seq Scan", "Parent Relationship": "Outer", "Relation Name": "nation", "Alias": "n2", "Startup Cost": 0.0, "Total Cost": 1.25, "Plan Rows": 25, "Plan Width": 30, "Actual Startup Time": 0.02, "Actual Total Time": 0.044, "Actual Rows": 2, "Actual Loops": 1, "Filter": "((n_name = 'INDIA'::bpchar) OR (n_name = 'JAPAN'::bpchar))", "Rows Removed by Filter": 23}]}]}, {"Node Type": "Index Scan", "Parent Relationship": "Inner", "Scan Direction": "Forward", "Index Name": "idx_customer_nationkey", "Relation Name": "customer", "Alias": "customer", "Startup Cost": 0.0, "Total Cost": 7702.43, "Plan Rows": 60000, "Plan Width": 12, "Actual Startup Time": 0.049, "Actual Total Time": 183.611, "Actual Rows": 119972, "Actual Loops": 2, "Index Cond": "(c_nationkey = n2.n_nationkey)", "Rows Removed by Index Recheck": 0}]}, {"Node Type": "Index Scan", "Parent Relationship": "Inner", "Scan Direction": "Forward", "Index Name": "idx_orders_custkey", "Relation Name": "orders", "Alias": "orders", "Startup Cost": 0.0, "Total Cost": 1.22, "Plan Rows": 4, "Plan Width": 16, "Actual Startup Time": 730.727, "Actual Total Time": 3375.202, "Actual Rows": 1200363, "Actual Loops": 119972, "Index Cond": "(o_custkey = customer.c_custkey)", "Rows Removed by Index Recheck": 0}]}, {"Node Type": "Index Scan", "Parent Relationship": "Inner", "Scan Direction": "Forward", "Index Name": "idx_lineitem_orderkey", "Relation Name": "lineitem", "Alias": "lineitem", "Startup Cost": 0.0, "Total Cost": 0.91, "Plan Rows": 3, "Plan Width": 40, "Actual Startup Time": 12853.439, "Actual Total Time": 14028.688, "Actual Rows": 1459150, "Actual Loops": 1200363, "Index Cond": "(l_orderkey = orders.o_orderkey)", "Rows Removed by Index Recheck": 0, "Filter": "((l_shipdate >= '1995-01-01 00:00:00'::timestamp(0) without time zone) AND (l_shipdate <= '1996-12-31 00:00:00'::timestamp(0) without time zone))", "Rows Removed by Filter": 3342563}]}, {"Node Type": "Hash", "Parent Relationship": "Inner", "Startup Cost": 3283.0, "Total Cost": 3283.0, "Plan Rows": 100000, "Plan Width": 12, "Actual Startup Time": 67.411, "Actual Total Time": 67.411, "Actual Rows": 100000, "Actual Loops": 1, "Hash Buckets": 131072, "Hash Batches": 1, "Original Hash Batches": 1, "Peak Memory Usage": 4297, "Plans": [{"Node Type": "Seq Scan", "Parent Relationship": "Outer", "Relation Name": "supplier", "Alias": "supplier", "Startup Cost": 0.0, "Total Cost": 3283.0, "Plan Rows": 100000, "Plan Width": 12, "Actual Startup Time": 0.02, "Actual Total Time": 36.463, "Actual Rows": 100000, "Actual Loops": 1}]}]}]}]}, "Triggers": [], "Planner Runtime": 2, "Total Runtime": 19824.86, "Unique SQL Id": 2208782157}}, "(1, 73)": {"explain_plan": {"Plan": {"Node Type": "Aggregate", "Strategy": "Sorted", "Startup Cost": 657141.64, "Total Cost": 657252.28, "Plan Rows": 3688, "Plan Width": 84, "Group By Key": ["n1.n_name", "n2.n_name", "(date_part('year'::text, lineitem.l_shipdate))"], "Plans": [{"Node Type": "Sort", "Parent Relationship": "Outer", "Startup Cost": 657141.64, "Total Cost": 657150.86, "Plan Rows": 3688, "Plan Width": 76, "Sort Key": ["n1.n_name", "n2.n_name", "(date_part('year'::text, lineitem.l_shipdate))"], "Plans": [{"Node Type": "Hash Join", "Parent Relationship": "Outer", "Join Type": "Inner", "Startup Cost": 6834.54, "Total Cost": 656923.15, "Plan Rows": 3688, "Plan Width": 76, "Inner Unique": true, "Hash Cond": "((lineitem.l_suppkey = supplier.s_suppkey) AND (n1.n_nationkey = supplier.s_nationkey))", "Plans": [{"Node Type": "Nested Loop", "Parent Relationship": "Outer", "Join Type": "Inner", "Startup Cost": 0.0, "Total Cost": 644504.63, "Plan Rows": 740786, "Plan Width": 88, "Inner Unique": false, "Plans": [{"Node Type": "Nested Loop", "Parent Relationship": "Outer", "Join Type": "Inner", "Startup Cost": 0.0, "Total Cost": 167767.0, "Plan Rows": 504972, "Plan Width": 64, "Inner Unique": false, "Plans": [{"Node Type": "Nested Loop", "Parent Relationship": "Outer", "Join Type": "Inner", "Startup Cost": 0.0, "Total Cost": 16644.48, "Plan Rows": 119904, "Plan Width": 64, "Inner Unique": false, "Plans": [{"Node Type": "Nested Loop", "Parent Relationship": "Outer", "Join Type": "Inner", "Startup Cost": 0.0, "Total Cost": 39.62, "Plan Rows": 2, "Plan Width": 60, "Inner Unique": false, "Join Filter": "(((n1.n_name = 'JAPAN'::bpchar) AND (n2.n_name = 'INDIA'::bpchar)) OR ((n1.n_name = 'INDIA'::bpchar) AND (n2.n_name = 'JAPAN'::bpchar)))", "Plans": [{"Node Type": "Index Scan", "Parent Relationship": "Outer", "Scan Direction": "Forward", "Index Name": "nation_pkey", "Relation Name": "nation", "Alias": "n1", "Startup Cost": 0.0, "Total Cost": 12.75, "Plan Rows": 25, "Plan Width": 30, "Filter": "((n_name = 'JAPAN'::bpchar) OR (n_name = 'INDIA'::bpchar))"}, {"Node Type": "Materialize", "Parent Relationship": "Inner", "Startup Cost": 0.0, "Total Cost": 12.88, "Plan Rows": 25, "Plan Width": 30, "Plans": [{"Node Type": "Index Scan", "Parent Relationship": "Outer", "Scan Direction": "Forward", "Index Name": "nation_pkey", "Relation Name": "nation", "Alias": "n2", "Startup Cost": 0.0, "Total Cost": 12.75, "Plan Rows": 25, "Plan Width": 30, "Filter": "((n_name = 'INDIA'::bpchar) OR (n_name = 'JAPAN'::bpchar))"}]}]}, {"Node Type": "Index Scan", "Parent Relationship": "Inner", "Scan Direction": "Forward", "Index Name": "idx_customer_nationkey", "Relation Name": "customer", "Alias": "customer", "Startup Cost": 0.0, "Total Cost": 7702.43, "Plan Rows": 60000, "Plan Width": 12, "Index Cond": "(c_nationkey = n2.n_nationkey)"}]}, {"Node Type": "Index Scan", "Parent Relationship": "Inner", "Scan Direction": "Forward", "Index Name": "idx_orders_custkey", "Relation Name": "orders", "Alias": "orders", "Startup Cost": 0.0, "Total Cost": 1.22, "Plan Rows": 4, "Plan Width": 16, "Index Cond": "(o_custkey = customer.c_custkey)"}]}, {"Node Type": "Index Scan", "Parent Relationship": "Inner", "Scan Direction": "Forward", "Index Name": "idx_lineitem_orderkey", "Relation Name": "lineitem", "Alias": "lineitem", "Startup Cost": 0.0, "Total Cost": 0.91, "Plan Rows": 3, "Plan Width": 40, "Index Cond": "(l_orderkey = orders.o_orderkey)", "Filter": "((l_shipdate >= '1995-01-01 00:00:00'::timestamp(0) without time zone) AND (l_shipdate <= '1996-12-31 00:00:00'::timestamp(0) without time zone))"}]}, {"Node Type": "Hash", "Parent Relationship": "Inner", "Startup Cost": 5334.54, "Total Cost": 5334.54, "Plan Rows": 100000, "Plan Width": 12, "Plans": [{"Node Type": "Index Scan", "Parent Relationship": "Outer", "Scan Direction": "Forward", "Index Name": "supplier_pkey", "Relation Name": "supplier", "Alias": "supplier", "Startup Cost": 0.0, "Total Cost": 5334.54, "Plan Rows": 100000, "Plan Width": 12}]}]}]}]}, "Unique SQL Id": 2208782157, "Planner Runtime": 3}, "explain_analyze_plan": {"Plan": {"Node Type": "Aggregate", "Strategy": "Sorted", "Startup Cost": 657141.64, "Total Cost": 657252.28, "Plan Rows": 3688, "Plan Width": 84, "Actual Startup Time": 19733.098, "Actual Total Time": 19766.62, "Actual Rows": 4, "Actual Loops": 1, "Group By Key": ["n1.n_name", "n2.n_name", "(date_part('year'::text, lineitem.l_shipdate))"], "Plans": [{"Node Type": "Sort", "Parent Relationship": "Outer", "Startup Cost": 657141.64, "Total Cost": 657150.86, "Plan Rows": 3688, "Plan Width": 76, "Actual Startup Time": 19721.972, "Actual Total Time": 19727.673, "Actual Rows": 58554, "Actual Loops": 1, "Sort Key": ["n1.n_name", "n2.n_name", "(date_part('year'::text, lineitem.l_shipdate))"], "Sort Method": "quicksort", "Sort Space Used": 10686, "Sort Space Type": "Memory", "Plans": [{"Node Type": "Hash Join", "Parent Relationship": "Outer", "Join Type": "Inner", "Startup Cost": 6834.54, "Total Cost": 656923.15, "Plan Rows": 3688, "Plan Width": 76, "Actual Startup Time": 111.799, "Actual Total Time": 19668.23, "Actual Rows": 58554, "Actual Loops": 1, "Inner Unique": true, "Hash Cond": "((lineitem.l_suppkey = supplier.s_suppkey) AND (n1.n_nationkey = supplier.s_nationkey))", "Plans": [{"Node Type": "Nested Loop", "Parent Relationship": "Outer", "Join Type": "Inner", "Startup Cost": 0.0, "Total Cost": 644504.63, "Plan Rows": 740786, "Plan Width": 88, "Actual Startup Time": 0.174, "Actual Total Time": 18849.787, "Actual Rows": 1459150, "Actual Loops": 1, "Inner Unique": false, "Plans": [{"Node Type": "Nested Loop", "Parent Relationship": "Outer", "Join Type": "Inner", "Startup Cost": 0.0, "Total Cost": 167767.0, "Plan Rows": 504972, "Plan Width": 64, "Actual Startup Time": 0.098, "Actual Total Time": 3904.575, "Actual Rows": 1200363, "Actual Loops": 1, "Inner Unique": false, "Plans": [{"Node Type": "Nested Loop", "Parent Relationship": "Outer", "Join Type": "Inner", "Startup Cost": 0.0, "Total Cost": 16644.48, "Plan Rows": 119904, "Plan Width": 64, "Actual Startup Time": 0.083, "Actual Total Time": 216.446, "Actual Rows": 119972, "Actual Loops": 1, "Inner Unique": false, "Plans": [{"Node Type": "Nested Loop", "Parent Relationship": "Outer", "Join Type": "Inner", "Startup Cost": 0.0, "Total Cost": 39.62, "Plan Rows": 2, "Plan Width": 60, "Actual Startup Time": 0.046, "Actual Total Time": 0.265, "Actual Rows": 2, "Actual Loops": 1, "Inner Unique": false, "Join Filter": "(((n1.n_name = 'JAPAN'::bpchar) AND (n2.n_name = 'INDIA'::bpchar)) OR ((n1.n_name = 'INDIA'::bpchar) AND (n2.n_name = 'JAPAN'::bpchar)))", "Rows Removed by Join Filter": 2, "Plans": [{"Node Type": "Index Scan", "Parent Relationship": "Outer", "Scan Direction": "Forward", "Index Name": "nation_pkey", "Relation Name": "nation", "Alias": "n1", "Startup Cost": 0.0, "Total Cost": 12.75, "Plan Rows": 25, "Plan Width": 30, "Actual Startup Time": 0.021, "Actual Total Time": 0.046, "Actual Rows": 2, "Actual Loops": 1, "Filter": "((n_name = 'JAPAN'::bpchar) OR (n_name = 'INDIA'::bpchar))", "Rows Removed by Filter": 23}, {"Node Type": "Materialize", "Parent Relationship": "Inner", "Startup Cost": 0.0, "Total Cost": 12.88, "Plan Rows": 25, "Plan Width": 30, "Actual Startup Time": 0.015, "Actual Total Time": 0.04, "Actual Rows": 4, "Actual Loops": 2, "Plans": [{"Node Type": "Index Scan", "Parent Relationship": "Outer", "Scan Direction": "Forward", "Index Name": "nation_pkey", "Relation Name": "nation", "Alias": "n2", "Startup Cost": 0.0, "Total Cost": 12.75, "Plan Rows": 25, "Plan Width": 30, "Actual Startup Time": 0.011, "Actual Total Time": 0.031, "Actual Rows": 2, "Actual Loops": 1, "Filter": "((n_name = 'INDIA'::bpchar) OR (n_name = 'JAPAN'::bpchar))", "Rows Removed by Filter": 23}]}]}, {"Node Type": "Index Scan", "Parent Relationship": "Inner", "Scan Direction": "Forward", "Index Name": "idx_customer_nationkey", "Relation Name": "customer", "Alias": "customer", "Startup Cost": 0.0, "Total Cost": 7702.43, "Plan Rows": 60000, "Plan Width": 12, "Actual Startup Time": 0.094, "Actual Total Time": 181.109, "Actual Rows": 119972, "Actual Loops": 2, "Index Cond": "(c_nationkey = n2.n_nationkey)", "Rows Removed by Index Recheck": 0}]}, {"Node Type": "Index Scan", "Parent Relationship": "Inner", "Scan Direction": "Forward", "Index Name": "idx_orders_custkey", "Relation Name": "orders", "Alias": "orders", "Startup Cost": 0.0, "Total Cost": 1.22, "Plan Rows": 4, "Plan Width": 16, "Actual Startup Time": 725.454, "Actual Total Time": 3338.391, "Actual Rows": 1200363, "Actual Loops": 119972, "Index Cond": "(o_custkey = customer.c_custkey)", "Rows Removed by Index Recheck": 0}]}, {"Node Type": "Index Scan", "Parent Relationship": "Inner", "Scan Direction": "Forward", "Index Name": "idx_lineitem_orderkey", "Relation Name": "lineitem", "Alias": "lineitem", "Startup Cost": 0.0, "Total Cost": 0.91, "Plan Rows": 3, "Plan Width": 40, "Actual Startup Time": 12809.11, "Actual Total Time": 13980.183, "Actual Rows": 1459150, "Actual Loops": 1200363, "Index Cond": "(l_orderkey = orders.o_orderkey)", "Rows Removed by Index Recheck": 0, "Filter": "((l_shipdate >= '1995-01-01 00:00:00'::timestamp(0) without time zone) AND (l_shipdate <= '1996-12-31 00:00:00'::timestamp(0) without time zone))", "Rows Removed by Filter": 3342563}]}, {"Node Type": "Hash", "Parent Relationship": "Inner", "Startup Cost": 5334.54, "Total Cost": 5334.54, "Plan Rows": 100000, "Plan Width": 12, "Actual Startup Time": 111.347, "Actual Total Time": 111.347, "Actual Rows": 100000, "Actual Loops": 1, "Hash Buckets": 131072, "Hash Batches": 1, "Original Hash Batches": 1, "Peak Memory Usage": 4297, "Plans": [{"Node Type": "Index Scan", "Parent Relationship": "Outer", "Scan Direction": "Forward", "Index Name": "supplier_pkey", "Relation Name": "supplier", "Alias": "supplier", "Startup Cost": 0.0, "Total Cost": 5334.54, "Plan Rows": 100000, "Plan Width": 12, "Actual Startup Time": 0.023, "Actual Total Time": 78.07, "Actual Rows": 100000, "Actual Loops": 1}]}]}]}]}, "Triggers": [], "Planner Runtime": 2, "Total Runtime": 19767.235, "Unique SQL Id": 2208782157}}, "(1, 74)": {"explain_plan": {"Plan": {"Node Type": "Aggregate", "Strategy": "Sorted", "Startup Cost": 2961260.33, "Total Cost": 2961370.97, "Plan Rows": 3688, "Plan Width": 84, "Group By Key": ["n1.n_name", "n2.n_name", "(date_part('year'::text, lineitem.l_shipdate))"], "Plans": [{"Node Type": "Sort", "Parent Relationship": "Outer", "Startup Cost": 2961260.33, "Total Cost": 2961269.55, "Plan Rows": 3688, "Plan Width": 76, "Sort Key": ["n1.n_name", "n2.n_name", "(date_part('year'::text, lineitem.l_shipdate))"], "Plans": [{"Node Type": "Hash Join", "Parent Relationship": "Outer", "Join Type": "Inner", "Startup Cost": 557677.26, "Total Cost": 2961041.84, "Plan Rows": 3688, "Plan Width": 76, "Inner Unique": true, "Hash Cond": "((lineitem.l_suppkey = supplier.s_suppkey) AND (n1.n_nationkey = supplier.s_nationkey))", "Plans": [{"Node Type": "Hash Join", "Parent Relationship": "Outer", "Join Type": "Inner", "Startup Cost": 552894.26, "Total Cost": 2950674.86, "Plan Rows": 740786, "Plan Width": 88, "Inner Unique": false, "Hash Cond": "(lineitem.l_orderkey = orders.o_orderkey), (LLVM Optimized)", "Plans": [{"Node Type": "Seq Scan", "Parent Relationship": "Outer", "Relation Name": "lineitem", "Alias": "lineitem", "Startup Cost": 44.73, "Total Cost": 2315050.5, "Plan Rows": 18124991, "Plan Width": 40, "Filter": "((l_shipdate >= '1995-01-01 00:00:00'::timestamp(0) without time zone) AND (l_shipdate <= '1996-12-31 00:00:00'::timestamp(0) without time zone)), (LLVM Optimized)"}, {"Node Type": "Hash", "Parent Relationship": "Inner", "Startup Cost": 546537.38, "Total Cost": 546537.38, "Plan Rows": 504972, "Plan Width": 64, "Plans": [{"Node Type": "Hash Join", "Parent Relationship": "Outer", "Join Type": "Inner", "Startup Cost": 58825.83, "Total Cost": 546537.38, "Plan Rows": 504972, "Plan Width": 64, "Inner Unique": false, "Hash Cond": "(orders.o_custkey = customer.c_custkey), (LLVM Optimized)", "Plans": [{"Node Type": "Seq Scan", "Parent Relationship": "Outer", "Relation Name": "orders", "Alias": "orders", "Startup Cost": 0.0, "Total Cost": 426413.79, "Plan Rows": 14999479, "Plan Width": 16}, {"Node Type": "Hash", "Parent Relationship": "Inner", "Startup Cost": 57327.03, "Total Cost": 57327.03, "Plan Rows": 119904, "Plan Width": 64, "Plans": [{"Node Type": "Hash Join", "Parent Relationship": "Outer", "Join Type": "Inner", "Startup Cost": 16.65, "Total Cost": 57327.03, "Plan Rows": 119904, "Plan Width": 64, "Inner Unique": false, "Hash Cond": "(customer.c_nationkey = n2.n_nationkey), (LLVM Optimized)", "Plans": [{"Node Type": "Seq Scan", "Parent Relationship": "Outer", "Relation Name": "customer", "Alias": "customer", "Startup Cost": 0.0, "Total Cost": 52126.0, "Plan Rows": 1500000, "Plan Width": 12}, {"Node Type": "Hash", "Parent Relationship": "Inner", "Startup Cost": 16.62, "Total Cost": 16.62, "Plan Rows": 2, "Plan Width": 60, "Plans": [{"Node Type": "Nested Loop", "Parent Relationship": "Outer", "Join Type": "Inner", "Startup Cost": 0.0, "Total Cost": 16.62, "Plan Rows": 2, "Plan Width": 60, "Inner Unique": false, "Join Filter": "(((n1.n_name = 'JAPAN'::bpchar) AND (n2.n_name = 'INDIA'::bpchar)) OR ((n1.n_name = 'INDIA'::bpchar) AND (n2.n_name = 'JAPAN'::bpchar)))", "Plans": [{"Node Type": "Seq Scan", "Parent Relationship": "Outer", "Relation Name": "nation", "Alias": "n1", "Startup Cost": 0.0, "Total Cost": 1.25, "Plan Rows": 25, "Plan Width": 30, "Filter": "((n_name = 'JAPAN'::bpchar) OR (n_name = 'INDIA'::bpchar))"}, {"Node Type": "Materialize", "Parent Relationship": "Inner", "Startup Cost": 0.0, "Total Cost": 1.38, "Plan Rows": 25, "Plan Width": 30, "Plans": [{"Node Type": "Seq Scan", "Parent Relationship": "Outer", "Relation Name": "nation", "Alias": "n2", "Startup Cost": 0.0, "Total Cost": 1.25, "Plan Rows": 25, "Plan Width": 30, "Filter": "((n_name = 'INDIA'::bpchar) OR (n_name = 'JAPAN'::bpchar))"}]}]}]}]}]}]}]}]}, {"Node Type": "Hash", "Parent Relationship": "Inner", "Startup Cost": 3283.0, "Total Cost": 3283.0, "Plan Rows": 100000, "Plan Width": 12, "Plans": [{"Node Type": "Seq Scan", "Parent Relationship": "Outer", "Relation Name": "supplier", "Alias": "supplier", "Startup Cost": 0.0, "Total Cost": 3283.0, "Plan Rows": 100000, "Plan Width": 12}]}]}]}]}, "Unique SQL Id": 2208782157, "Planner Runtime": 3}, "explain_analyze_plan": null}, "(1, 75)": {"explain_plan": {"Plan": {"Node Type": "Aggregate", "Strategy": "Sorted", "Startup Cost": 6000528499591.19, "Total Cost": 6000528499701.83, "Plan Rows": 3688, "Plan Width": 84, "Group By Key": ["n1.n_name", "n2.n_name", "(date_part('year'::text, lineitem.l_shipdate))"], "Plans": [{"Node Type": "Sort", "Parent Relationship": "Outer", "Startup Cost": 6000528499591.19, "Total Cost": 6000528499600.41, "Plan Rows": 3688, "Plan Width": 76, "Sort Key": ["n1.n_name", "n2.n_name", "(date_part('year'::text, lineitem.l_shipdate))"], "Plans": [{"Node Type": "Merge Join", "Parent Relationship": "Outer", "Join Type": "Inner", "Startup Cost": 2040036905929.45, "Total Cost": 6000528499372.7, "Plan Rows": 3688, "Plan Width": 76, "Inner Unique": true, "Merge Cond": "(n2.n_nationkey = customer.c_nationkey)", "Join Filter": "(orders.o_custkey = customer.c_custkey)", "Plans": [{"Node Type": "Nested Loop", "Parent Relationship": "Outer", "Join Type": "Inner", "Startup Cost": 2030036905929.45, "Total Cost": 5000412481636.71, "Plan Rows": 92207, "Plan Width": 88, "Inner Unique": false, "Join Filter": "(((n1.n_name = 'JAPAN'::bpchar) AND (n2.n_name = 'INDIA'::bpchar)) OR ((n1.n_name = 'INDIA'::bpchar) AND (n2.n_name = 'JAPAN'::bpchar)))", "Plans": [{"Node Type": "Index Scan", "Parent Relationship": "Outer", "Scan Direction": "Forward", "Index Name": "nation_pkey", "Relation Name": "nation", "Alias": "n2", "Startup Cost": 10000000000.0, "Total Cost": 1000000001275.0, "Plan Rows": 25, "Plan Width": 30, "Filter": "((n_name = 'INDIA'::bpchar) OR (n_name = 'JAPAN'::bpchar))"}, {"Node Type": "Materialize", "Parent Relationship": "Inner", "Startup Cost": 2020036905929.45, "Total Cost": 4000411834393.31, "Plan Rows": 1153515, "Plan Width": 58, "Plans": [{"Node Type": "Hash Join", "Parent Relationship": "Outer", "Join Type": "Inner", "Startup Cost": 2020036905929.45, "Total Cost": 4000411828625.73, "Plan Rows": 1153515, "Plan Width": 58, "Inner Unique": true, "Hash Cond": "(supplier.s_nationkey = n1.n_nationkey), (LLVM Optimized)", "Plans": [{"Node Type": "Hash Join", "Parent Relationship": "Outer", "Join Type": "Inner", "Startup Cost": 1020036904654.13, "Total Cost": 3000411811489.59, "Plan Rows": 1153515, "Plan Width": 36, "Inner Unique": true, "Hash Cond": "(lineitem.l_suppkey = supplier.s_suppkey), (LLVM Optimized)", "Plans": [{"Node Type": "Merge Join", "Parent Relationship": "Outer", "Join Type": "Inner", "Startup Cost": 20036369949.75, "Total Cost": 2000411197281.34, "Plan Rows": 18124991, "Plan Width": 40, "Inner Unique": false, "Merge Cond": "(orders.o_orderkey = lineitem.l_orderkey)", "Plans": [{"Node Type": "Index Scan", "Parent Relationship": "Outer", "Scan Direction": "Forward", "Index Name": "orders_pkey", "Relation Name": "orders", "Alias": "orders", "Startup Cost": 10000000000.0, "Total Cost": 1000073097843.5, "Plan Rows": 14999479, "Plan Width": 16}, {"Node Type": "Index Scan", "Parent Relationship": "Inner", "Scan Direction": "Forward", "Index Name": "idx_lineitem_orderkey", "Relation Name": "lineitem", "Alias": "lineitem", "Startup Cost": 10000000000.0, "Total Cost": 1000354008891.0, "Plan Rows": 18124991, "Plan Width": 40, "Filter": "((l_shipdate >= '1995-01-01 00:00:00'::timestamp(0) without time zone) AND (l_shipdate <= '1996-12-31 00:00:00'::timestamp(0) without time zone)), (LLVM Optimized)"}]}, {"Node Type": "Hash", "Parent Relationship": "Inner", "Startup Cost": 1000000533454.38, "Total Cost": 1000000533454.38, "Plan Rows": 100000, "Plan Width": 12, "Plans": [{"Node Type": "Index Scan", "Parent Relationship": "Outer", "Scan Direction": "Forward", "Index Name": "supplier_pkey", "Relation Name": "supplier", "Alias": "supplier", "Startup Cost": 10000000000.0, "Total Cost": 1000000533454.38, "Plan Rows": 100000, "Plan Width": 12}]}]}, {"Node Type": "Hash", "Parent Relationship": "Inner", "Startup Cost": 1000000001275.0, "Total Cost": 1000000001275.0, "Plan Rows": 25, "Plan Width": 30, "Plans": [{"Node Type": "Index Scan", "Parent Relationship": "Outer", "Scan Direction": "Forward", "Index Name": "nation_pkey", "Relation Name": "nation", "Alias": "n1", "Startup Cost": 10000000000.0, "Total Cost": 1000000001275.0, "Plan Rows": 25, "Plan Width": 30, "Filter": "((n_name = 'JAPAN'::bpchar) OR (n_name = 'INDIA'::bpchar))"}]}]}]}]}, {"Node Type": "Materialize", "Parent Relationship": "Inner", "Startup Cost": 10000000000.0, "Total Cost": 1000019203896.25, "Plan Rows": 1500000, "Plan Width": 12, "Plans": [{"Node Type": "Index Scan", "Parent Relationship": "Outer", "Scan Direction": "Forward", "Index Name": "idx_customer_nationkey", "Relation Name": "customer", "Alias": "customer", "Startup Cost": 10000000000.0, "Total Cost": 1000019200146.25, "Plan Rows": 1500000, "Plan Width": 12}]}]}]}]}, "Unique SQL Id": 2208782157, "Planner Runtime": 4}, "explain_analyze_plan": null}, "(1, 76)": {"explain_plan": {"Plan": {"Node Type": "Aggregate", "Strategy": "Sorted", "Startup Cost": 655078.59, "Total Cost": 655189.23, "Plan Rows": 3688, "Plan Width": 84, "Group By Key": ["n1.n_name", "n2.n_name", "(date_part('year'::text, lineitem.l_shipdate))"], "Plans": [{"Node Type": "Sort", "Parent Relationship": "Outer", "Startup Cost": 655078.59, "Total Cost": 655087.81, "Plan Rows": 3688, "Plan Width": 76, "Sort Key": ["n1.n_name", "n2.n_name", "(date_part('year'::text, lineitem.l_shipdate))"], "Plans": [{"Node Type": "Hash Join", "Parent Relationship": "Outer", "Join Type": "Inner", "Startup Cost": 4783.0, "Total Cost": 654860.1, "Plan Rows": 3688, "Plan Width": 76, "Inner Unique": true, "Hash Cond": "((lineitem.l_suppkey = supplier.s_suppkey) AND (n1.n_nationkey = supplier.s_nationkey))", "Plans": [{"Node Type": "Nested Loop", "Parent Relationship": "Outer", "Join Type": "Inner", "Startup Cost": 0.0, "Total Cost": 644493.13, "Plan Rows": 740786, "Plan Width": 88, "Inner Unique": false, "Plans": [{"Node Type": "Nested Loop", "Parent Relationship": "Outer", "Join Type": "Inner", "Startup Cost": 0.0, "Total Cost": 167755.5, "Plan Rows": 504972, "Plan Width": 64, "Inner Unique": false, "Plans": [{"Node Type": "Nested Loop", "Parent Relationship": "Outer", "Join Type": "Inner", "Startup Cost": 0.0, "Total Cost": 16632.98, "Plan Rows": 119904, "Plan Width": 64, "Inner Unique": false, "Plans": [{"Node Type": "Nested Loop", "Parent Relationship": "Outer", "Join Type": "Inner", "Startup Cost": 0.0, "Total Cost": 28.12, "Plan Rows": 2, "Plan Width": 60, "Inner Unique": false, "Join Filter": "(((n1.n_name = 'JAPAN'::bpchar) AND (n2.n_name = 'INDIA'::bpchar)) OR ((n1.n_name = 'INDIA'::bpchar) AND (n2.n_name = 'JAPAN'::bpchar)))", "Plans": [{"Node Type": "Index Scan", "Parent Relationship": "Outer", "Scan Direction": "Forward", "Index Name": "nation_pkey", "Relation Name": "nation", "Alias": "n1", "Startup Cost": 0.0, "Total Cost": 12.75, "Plan Rows": 25, "Plan Width": 30, "Filter": "((n_name = 'JAPAN'::bpchar) OR (n_name = 'INDIA'::bpchar))"}, {"Node Type": "Materialize", "Parent Relationship": "Inner", "Startup Cost": 0.0, "Total Cost": 1.38, "Plan Rows": 25, "Plan Width": 30, "Plans": [{"Node Type": "Seq Scan", "Parent Relationship": "Outer", "Relation Name": "nation", "Alias": "n2", "Startup Cost": 0.0, "Total Cost": 1.25, "Plan Rows": 25, "Plan Width": 30, "Filter": "((n_name = 'INDIA'::bpchar) OR (n_name = 'JAPAN'::bpchar))"}]}]}, {"Node Type": "Index Scan", "Parent Relationship": "Inner", "Scan Direction": "Forward", "Index Name": "idx_customer_nationkey", "Relation Name": "customer", "Alias": "customer", "Startup Cost": 0.0, "Total Cost": 7702.43, "Plan Rows": 60000, "Plan Width": 12, "Index Cond": "(c_nationkey = n2.n_nationkey)"}]}, {"Node Type": "Index Scan", "Parent Relationship": "Inner", "Scan Direction": "Forward", "Index Name": "idx_orders_custkey", "Relation Name": "orders", "Alias": "orders", "Startup Cost": 0.0, "Total Cost": 1.22, "Plan Rows": 4, "Plan Width": 16, "Index Cond": "(o_custkey = customer.c_custkey)"}]}, {"Node Type": "Index Scan", "Parent Relationship": "Inner", "Scan Direction": "Forward", "Index Name": "idx_lineitem_orderkey", "Relation Name": "lineitem", "Alias": "lineitem", "Startup Cost": 0.0, "Total Cost": 0.91, "Plan Rows": 3, "Plan Width": 40, "Index Cond": "(l_orderkey = orders.o_orderkey)", "Filter": "((l_shipdate >= '1995-01-01 00:00:00'::timestamp(0) without time zone) AND (l_shipdate <= '1996-12-31 00:00:00'::timestamp(0) without time zone))"}]}, {"Node Type": "Hash", "Parent Relationship": "Inner", "Startup Cost": 3283.0, "Total Cost": 3283.0, "Plan Rows": 100000, "Plan Width": 12, "Plans": [{"Node Type": "Seq Scan", "Parent Relationship": "Outer", "Relation Name": "supplier", "Alias": "supplier", "Startup Cost": 0.0, "Total Cost": 3283.0, "Plan Rows": 100000, "Plan Width": 12}]}]}]}]}, "Unique SQL Id": 2208782157, "Planner Runtime": 4}, "explain_analyze_plan": {"Plan": {"Node Type": "Aggregate", "Strategy": "Sorted", "Startup Cost": 655078.59, "Total Cost": 655189.23, "Plan Rows": 3688, "Plan Width": 84, "Actual Startup Time": 19790.584, "Actual Total Time": 19824.405, "Actual Rows": 4, "Actual Loops": 1, "Group By Key": ["n1.n_name", "n2.n_name", "(date_part('year'::text, lineitem.l_shipdate))"], "Plans": [{"Node Type": "Sort", "Parent Relationship": "Outer", "Startup Cost": 655078.59, "Total Cost": 655087.81, "Plan Rows": 3688, "Plan Width": 76, "Actual Startup Time": 19779.431, "Actual Total Time": 19785.255, "Actual Rows": 58554, "Actual Loops": 1, "Sort Key": ["n1.n_name", "n2.n_name", "(date_part('year'::text, lineitem.l_shipdate))"], "Sort Method": "quicksort", "Sort Space Used": 10686, "Sort Space Type": "Memory", "Plans": [{"Node Type": "Hash Join", "Parent Relationship": "Outer", "Join Type": "Inner", "Startup Cost": 4783.0, "Total Cost": 654860.1, "Plan Rows": 3688, "Plan Width": 76, "Actual Startup Time": 67.835, "Actual Total Time": 19726.902, "Actual Rows": 58554, "Actual Loops": 1, "Inner Unique": true, "Hash Cond": "((lineitem.l_suppkey = supplier.s_suppkey) AND (n1.n_nationkey = supplier.s_nationkey))", "Plans": [{"Node Type": "Nested Loop", "Parent Relationship": "Outer", "Join Type": "Inner", "Startup Cost": 0.0, "Total Cost": 644493.13, "Plan Rows": 740786, "Plan Width": 88, "Actual Startup Time": 0.149, "Actual Total Time": 18931.71, "Actual Rows": 1459150, "Actual Loops": 1, "Inner Unique": false, "Plans": [{"Node Type": "Nested Loop", "Parent Relationship": "Outer", "Join Type": "Inner", "Startup Cost": 0.0, "Total Cost": 167755.5, "Plan Rows": 504972, "Plan Width": 64, "Actual Startup Time": 0.099, "Actual Total Time": 3934.164, "Actual Rows": 1200363, "Actual Loops": 1, "Inner Unique": false, "Plans": [{"Node Type": "Nested Loop", "Parent Relationship": "Outer", "Join Type": "Inner", "Startup Cost": 0.0, "Total Cost": 16632.98, "Plan Rows": 119904, "Plan Width": 64, "Actual Startup Time": 0.09, "Actual Total Time": 215.292, "Actual Rows": 119972, "Actual Loops": 1, "Inner Unique": false, "Plans": [{"Node Type": "Nested Loop", "Parent Relationship": "Outer", "Join Type": "Inner", "Startup Cost": 0.0, "Total Cost": 28.12, "Plan Rows": 2, "Plan Width": 60, "Actual Startup Time": 0.057, "Actual Total Time": 0.162, "Actual Rows": 2, "Actual Loops": 1, "Inner Unique": false, "Join Filter": "(((n1.n_name = 'JAPAN'::bpchar) AND (n2.n_name = 'INDIA'::bpchar)) OR ((n1.n_name = 'INDIA'::bpchar) AND (n2.n_name = 'JAPAN'::bpchar)))", "Rows Removed by Join Filter": 2, "Plans": [{"Node Type": "Index Scan", "Parent Relationship": "Outer", "Scan Direction": "Forward", "Index Name": "nation_pkey", "Relation Name": "nation", "Alias": "n1", "Startup Cost": 0.0, "Total Cost": 12.75, "Plan Rows": 25, "Plan Width": 30, "Actual Startup Time": 0.026, "Actual Total Time": 0.052, "Actual Rows": 2, "Actual Loops": 1, "Filter": "((n_name = 'JAPAN'::bpchar) OR (n_name = 'INDIA'::bpchar))", "Rows Removed by Filter": 23}, {"Node Type": "Materialize", "Parent Relationship": "Inner", "Startup Cost": 0.0, "Total Cost": 1.38, "Plan Rows": 25, "Plan Width": 30, "Actual Startup Time": 0.025, "Actual Total Time": 0.052, "Actual Rows": 4, "Actual Loops": 2, "Plans": [{"Node Type": "Seq Scan", "Parent Relationship": "Outer", "Relation Name": "nation", "Alias": "n2", "Startup Cost": 0.0, "Total Cost": 1.25, "Plan Rows": 25, "Plan Width": 30, "Actual Startup Time": 0.02, "Actual Total Time": 0.044, "Actual Rows": 2, "Actual Loops": 1, "Filter": "((n_name = 'INDIA'::bpchar) OR (n_name = 'JAPAN'::bpchar))", "Rows Removed by Filter": 23}]}]}, {"Node Type": "Index Scan", "Parent Relationship": "Inner", "Scan Direction": "Forward", "Index Name": "idx_customer_nationkey", "Relation Name": "customer", "Alias": "customer", "Startup Cost": 0.0, "Total Cost": 7702.43, "Plan Rows": 60000, "Plan Width": 12, "Actual Startup Time": 0.049, "Actual Total Time": 183.611, "Actual Rows": 119972, "Actual Loops": 2, "Index Cond": "(c_nationkey = n2.n_nationkey)", "Rows Removed by Index Recheck": 0}]}, {"Node Type": "Index Scan", "Parent Relationship": "Inner", "Scan Direction": "Forward", "Index Name": "idx_orders_custkey", "Relation Name": "orders", "Alias": "orders", "Startup Cost": 0.0, "Total Cost": 1.22, "Plan Rows": 4, "Plan Width": 16, "Actual Startup Time": 730.727, "Actual Total Time": 3375.202, "Actual Rows": 1200363, "Actual Loops": 119972, "Index Cond": "(o_custkey = customer.c_custkey)", "Rows Removed by Index Recheck": 0}]}, {"Node Type": "Index Scan", "Parent Relationship": "Inner", "Scan Direction": "Forward", "Index Name": "idx_lineitem_orderkey", "Relation Name": "lineitem", "Alias": "lineitem", "Startup Cost": 0.0, "Total Cost": 0.91, "Plan Rows": 3, "Plan Width": 40, "Actual Startup Time": 12853.439, "Actual Total Time": 14028.688, "Actual Rows": 1459150, "Actual Loops": 1200363, "Index Cond": "(l_orderkey = orders.o_orderkey)", "Rows Removed by Index Recheck": 0, "Filter": "((l_shipdate >= '1995-01-01 00:00:00'::timestamp(0) without time zone) AND (l_shipdate <= '1996-12-31 00:00:00'::timestamp(0) without time zone))", "Rows Removed by Filter": 3342563}]}, {"Node Type": "Hash", "Parent Relationship": "Inner", "Startup Cost": 3283.0, "Total Cost": 3283.0, "Plan Rows": 100000, "Plan Width": 12, "Actual Startup Time": 67.411, "Actual Total Time": 67.411, "Actual Rows": 100000, "Actual Loops": 1, "Hash Buckets": 131072, "Hash Batches": 1, "Original Hash Batches": 1, "Peak Memory Usage": 4297, "Plans": [{"Node Type": "Seq Scan", "Parent Relationship": "Outer", "Relation Name": "supplier", "Alias": "supplier", "Startup Cost": 0.0, "Total Cost": 3283.0, "Plan Rows": 100000, "Plan Width": 12, "Actual Startup Time": 0.02, "Actual Total Time": 36.463, "Actual Rows": 100000, "Actual Loops": 1}]}]}]}]}, "Triggers": [], "Planner Runtime": 2, "Total Runtime": 19824.86, "Unique SQL Id": 2208782157}}, "(1, 77)": {"explain_plan": {"Plan": {"Node Type": "Aggregate", "Strategy": "Sorted", "Startup Cost": 657141.64, "Total Cost": 657252.28, "Plan Rows": 3688, "Plan Width": 84, "Group By Key": ["n1.n_name", "n2.n_name", "(date_part('year'::text, lineitem.l_shipdate))"], "Plans": [{"Node Type": "Sort", "Parent Relationship": "Outer", "Startup Cost": 657141.64, "Total Cost": 657150.86, "Plan Rows": 3688, "Plan Width": 76, "Sort Key": ["n1.n_name", "n2.n_name", "(date_part('year'::text, lineitem.l_shipdate))"], "Plans": [{"Node Type": "Hash Join", "Parent Relationship": "Outer", "Join Type": "Inner", "Startup Cost": 6834.54, "Total Cost": 656923.15, "Plan Rows": 3688, "Plan Width": 76, "Inner Unique": true, "Hash Cond": "((lineitem.l_suppkey = supplier.s_suppkey) AND (n1.n_nationkey = supplier.s_nationkey))", "Plans": [{"Node Type": "Nested Loop", "Parent Relationship": "Outer", "Join Type": "Inner", "Startup Cost": 0.0, "Total Cost": 644504.63, "Plan Rows": 740786, "Plan Width": 88, "Inner Unique": false, "Plans": [{"Node Type": "Nested Loop", "Parent Relationship": "Outer", "Join Type": "Inner", "Startup Cost": 0.0, "Total Cost": 167767.0, "Plan Rows": 504972, "Plan Width": 64, "Inner Unique": false, "Plans": [{"Node Type": "Nested Loop", "Parent Relationship": "Outer", "Join Type": "Inner", "Startup Cost": 0.0, "Total Cost": 16644.48, "Plan Rows": 119904, "Plan Width": 64, "Inner Unique": false, "Plans": [{"Node Type": "Nested Loop", "Parent Relationship": "Outer", "Join Type": "Inner", "Startup Cost": 0.0, "Total Cost": 39.62, "Plan Rows": 2, "Plan Width": 60, "Inner Unique": false, "Join Filter": "(((n1.n_name = 'JAPAN'::bpchar) AND (n2.n_name = 'INDIA'::bpchar)) OR ((n1.n_name = 'INDIA'::bpchar) AND (n2.n_name = 'JAPAN'::bpchar)))", "Plans": [{"Node Type": "Index Scan", "Parent Relationship": "Outer", "Scan Direction": "Forward", "Index Name": "nation_pkey", "Relation Name": "nation", "Alias": "n1", "Startup Cost": 0.0, "Total Cost": 12.75, "Plan Rows": 25, "Plan Width": 30, "Filter": "((n_name = 'JAPAN'::bpchar) OR (n_name = 'INDIA'::bpchar))"}, {"Node Type": "Materialize", "Parent Relationship": "Inner", "Startup Cost": 0.0, "Total Cost": 12.88, "Plan Rows": 25, "Plan Width": 30, "Plans": [{"Node Type": "Index Scan", "Parent Relationship": "Outer", "Scan Direction": "Forward", "Index Name": "nation_pkey", "Relation Name": "nation", "Alias": "n2", "Startup Cost": 0.0, "Total Cost": 12.75, "Plan Rows": 25, "Plan Width": 30, "Filter": "((n_name = 'INDIA'::bpchar) OR (n_name = 'JAPAN'::bpchar))"}]}]}, {"Node Type": "Index Scan", "Parent Relationship": "Inner", "Scan Direction": "Forward", "Index Name": "idx_customer_nationkey", "Relation Name": "customer", "Alias": "customer", "Startup Cost": 0.0, "Total Cost": 7702.43, "Plan Rows": 60000, "Plan Width": 12, "Index Cond": "(c_nationkey = n2.n_nationkey)"}]}, {"Node Type": "Index Scan", "Parent Relationship": "Inner", "Scan Direction": "Forward", "Index Name": "idx_orders_custkey", "Relation Name": "orders", "Alias": "orders", "Startup Cost": 0.0, "Total Cost": 1.22, "Plan Rows": 4, "Plan Width": 16, "Index Cond": "(o_custkey = customer.c_custkey)"}]}, {"Node Type": "Index Scan", "Parent Relationship": "Inner", "Scan Direction": "Forward", "Index Name": "idx_lineitem_orderkey", "Relation Name": "lineitem", "Alias": "lineitem", "Startup Cost": 0.0, "Total Cost": 0.91, "Plan Rows": 3, "Plan Width": 40, "Index Cond": "(l_orderkey = orders.o_orderkey)", "Filter": "((l_shipdate >= '1995-01-01 00:00:00'::timestamp(0) without time zone) AND (l_shipdate <= '1996-12-31 00:00:00'::timestamp(0) without time zone))"}]}, {"Node Type": "Hash", "Parent Relationship": "Inner", "Startup Cost": 5334.54, "Total Cost": 5334.54, "Plan Rows": 100000, "Plan Width": 12, "Plans": [{"Node Type": "Index Scan", "Parent Relationship": "Outer", "Scan Direction": "Forward", "Index Name": "supplier_pkey", "Relation Name": "supplier", "Alias": "supplier", "Startup Cost": 0.0, "Total Cost": 5334.54, "Plan Rows": 100000, "Plan Width": 12}]}]}]}]}, "Unique SQL Id": 2208782157, "Planner Runtime": 3}, "explain_analyze_plan": {"Plan": {"Node Type": "Aggregate", "Strategy": "Sorted", "Startup Cost": 657141.64, "Total Cost": 657252.28, "Plan Rows": 3688, "Plan Width": 84, "Actual Startup Time": 19733.098, "Actual Total Time": 19766.62, "Actual Rows": 4, "Actual Loops": 1, "Group By Key": ["n1.n_name", "n2.n_name", "(date_part('year'::text, lineitem.l_shipdate))"], "Plans": [{"Node Type": "Sort", "Parent Relationship": "Outer", "Startup Cost": 657141.64, "Total Cost": 657150.86, "Plan Rows": 3688, "Plan Width": 76, "Actual Startup Time": 19721.972, "Actual Total Time": 19727.673, "Actual Rows": 58554, "Actual Loops": 1, "Sort Key": ["n1.n_name", "n2.n_name", "(date_part('year'::text, lineitem.l_shipdate))"], "Sort Method": "quicksort", "Sort Space Used": 10686, "Sort Space Type": "Memory", "Plans": [{"Node Type": "Hash Join", "Parent Relationship": "Outer", "Join Type": "Inner", "Startup Cost": 6834.54, "Total Cost": 656923.15, "Plan Rows": 3688, "Plan Width": 76, "Actual Startup Time": 111.799, "Actual Total Time": 19668.23, "Actual Rows": 58554, "Actual Loops": 1, "Inner Unique": true, "Hash Cond": "((lineitem.l_suppkey = supplier.s_suppkey) AND (n1.n_nationkey = supplier.s_nationkey))", "Plans": [{"Node Type": "Nested Loop", "Parent Relationship": "Outer", "Join Type": "Inner", "Startup Cost": 0.0, "Total Cost": 644504.63, "Plan Rows": 740786, "Plan Width": 88, "Actual Startup Time": 0.174, "Actual Total Time": 18849.787, "Actual Rows": 1459150, "Actual Loops": 1, "Inner Unique": false, "Plans": [{"Node Type": "Nested Loop", "Parent Relationship": "Outer", "Join Type": "Inner", "Startup Cost": 0.0, "Total Cost": 167767.0, "Plan Rows": 504972, "Plan Width": 64, "Actual Startup Time": 0.098, "Actual Total Time": 3904.575, "Actual Rows": 1200363, "Actual Loops": 1, "Inner Unique": false, "Plans": [{"Node Type": "Nested Loop", "Parent Relationship": "Outer", "Join Type": "Inner", "Startup Cost": 0.0, "Total Cost": 16644.48, "Plan Rows": 119904, "Plan Width": 64, "Actual Startup Time": 0.083, "Actual Total Time": 216.446, "Actual Rows": 119972, "Actual Loops": 1, "Inner Unique": false, "Plans": [{"Node Type": "Nested Loop", "Parent Relationship": "Outer", "Join Type": "Inner", "Startup Cost": 0.0, "Total Cost": 39.62, "Plan Rows": 2, "Plan Width": 60, "Actual Startup Time": 0.046, "Actual Total Time": 0.265, "Actual Rows": 2, "Actual Loops": 1, "Inner Unique": false, "Join Filter": "(((n1.n_name = 'JAPAN'::bpchar) AND (n2.n_name = 'INDIA'::bpchar)) OR ((n1.n_name = 'INDIA'::bpchar) AND (n2.n_name = 'JAPAN'::bpchar)))", "Rows Removed by Join Filter": 2, "Plans": [{"Node Type": "Index Scan", "Parent Relationship": "Outer", "Scan Direction": "Forward", "Index Name": "nation_pkey", "Relation Name": "nation", "Alias": "n1", "Startup Cost": 0.0, "Total Cost": 12.75, "Plan Rows": 25, "Plan Width": 30, "Actual Startup Time": 0.021, "Actual Total Time": 0.046, "Actual Rows": 2, "Actual Loops": 1, "Filter": "((n_name = 'JAPAN'::bpchar) OR (n_name = 'INDIA'::bpchar))", "Rows Removed by Filter": 23}, {"Node Type": "Materialize", "Parent Relationship": "Inner", "Startup Cost": 0.0, "Total Cost": 12.88, "Plan Rows": 25, "Plan Width": 30, "Actual Startup Time": 0.015, "Actual Total Time": 0.04, "Actual Rows": 4, "Actual Loops": 2, "Plans": [{"Node Type": "Index Scan", "Parent Relationship": "Outer", "Scan Direction": "Forward", "Index Name": "nation_pkey", "Relation Name": "nation", "Alias": "n2", "Startup Cost": 0.0, "Total Cost": 12.75, "Plan Rows": 25, "Plan Width": 30, "Actual Startup Time": 0.011, "Actual Total Time": 0.031, "Actual Rows": 2, "Actual Loops": 1, "Filter": "((n_name = 'INDIA'::bpchar) OR (n_name = 'JAPAN'::bpchar))", "Rows Removed by Filter": 23}]}]}, {"Node Type": "Index Scan", "Parent Relationship": "Inner", "Scan Direction": "Forward", "Index Name": "idx_customer_nationkey", "Relation Name": "customer", "Alias": "customer", "Startup Cost": 0.0, "Total Cost": 7702.43, "Plan Rows": 60000, "Plan Width": 12, "Actual Startup Time": 0.094, "Actual Total Time": 181.109, "Actual Rows": 119972, "Actual Loops": 2, "Index Cond": "(c_nationkey = n2.n_nationkey)", "Rows Removed by Index Recheck": 0}]}, {"Node Type": "Index Scan", "Parent Relationship": "Inner", "Scan Direction": "Forward", "Index Name": "idx_orders_custkey", "Relation Name": "orders", "Alias": "orders", "Startup Cost": 0.0, "Total Cost": 1.22, "Plan Rows": 4, "Plan Width": 16, "Actual Startup Time": 725.454, "Actual Total Time": 3338.391, "Actual Rows": 1200363, "Actual Loops": 119972, "Index Cond": "(o_custkey = customer.c_custkey)", "Rows Removed by Index Recheck": 0}]}, {"Node Type": "Index Scan", "Parent Relationship": "Inner", "Scan Direction": "Forward", "Index Name": "idx_lineitem_orderkey", "Relation Name": "lineitem", "Alias": "lineitem", "Startup Cost": 0.0, "Total Cost": 0.91, "Plan Rows": 3, "Plan Width": 40, "Actual Startup Time": 12809.11, "Actual Total Time": 13980.183, "Actual Rows": 1459150, "Actual Loops": 1200363, "Index Cond": "(l_orderkey = orders.o_orderkey)", "Rows Removed by Index Recheck": 0, "Filter": "((l_shipdate >= '1995-01-01 00:00:00'::timestamp(0) without time zone) AND (l_shipdate <= '1996-12-31 00:00:00'::timestamp(0) without time zone))", "Rows Removed by Filter": 3342563}]}, {"Node Type": "Hash", "Parent Relationship": "Inner", "Startup Cost": 5334.54, "Total Cost": 5334.54, "Plan Rows": 100000, "Plan Width": 12, "Actual Startup Time": 111.347, "Actual Total Time": 111.347, "Actual Rows": 100000, "Actual Loops": 1, "Hash Buckets": 131072, "Hash Batches": 1, "Original Hash Batches": 1, "Peak Memory Usage": 4297, "Plans": [{"Node Type": "Index Scan", "Parent Relationship": "Outer", "Scan Direction": "Forward", "Index Name": "supplier_pkey", "Relation Name": "supplier", "Alias": "supplier", "Startup Cost": 0.0, "Total Cost": 5334.54, "Plan Rows": 100000, "Plan Width": 12, "Actual Startup Time": 0.023, "Actual Total Time": 78.07, "Actual Rows": 100000, "Actual Loops": 1}]}]}]}]}, "Triggers": [], "Planner Runtime": 2, "Total Runtime": 19767.235, "Unique SQL Id": 2208782157}}, "(1, 78)": {"explain_plan": {"Plan": {"Node Type": "Aggregate", "Strategy": "Sorted", "Startup Cost": 2961260.33, "Total Cost": 2961370.97, "Plan Rows": 3688, "Plan Width": 84, "Group By Key": ["n1.n_name", "n2.n_name", "(date_part('year'::text, lineitem.l_shipdate))"], "Plans": [{"Node Type": "Sort", "Parent Relationship": "Outer", "Startup Cost": 2961260.33, "Total Cost": 2961269.55, "Plan Rows": 3688, "Plan Width": 76, "Sort Key": ["n1.n_name", "n2.n_name", "(date_part('year'::text, lineitem.l_shipdate))"], "Plans": [{"Node Type": "Hash Join", "Parent Relationship": "Outer", "Join Type": "Inner", "Startup Cost": 557677.26, "Total Cost": 2961041.84, "Plan Rows": 3688, "Plan Width": 76, "Inner Unique": true, "Hash Cond": "((lineitem.l_suppkey = supplier.s_suppkey) AND (n1.n_nationkey = supplier.s_nationkey))", "Plans": [{"Node Type": "Hash Join", "Parent Relationship": "Outer", "Join Type": "Inner", "Startup Cost": 552894.26, "Total Cost": 2950674.86, "Plan Rows": 740786, "Plan Width": 88, "Inner Unique": false, "Hash Cond": "(lineitem.l_orderkey = orders.o_orderkey), (LLVM Optimized)", "Plans": [{"Node Type": "Seq Scan", "Parent Relationship": "Outer", "Relation Name": "lineitem", "Alias": "lineitem", "Startup Cost": 44.73, "Total Cost": 2315050.5, "Plan Rows": 18124991, "Plan Width": 40, "Filter": "((l_shipdate >= '1995-01-01 00:00:00'::timestamp(0) without time zone) AND (l_shipdate <= '1996-12-31 00:00:00'::timestamp(0) without time zone)), (LLVM Optimized)"}, {"Node Type": "Hash", "Parent Relationship": "Inner", "Startup Cost": 546537.38, "Total Cost": 546537.38, "Plan Rows": 504972, "Plan Width": 64, "Plans": [{"Node Type": "Hash Join", "Parent Relationship": "Outer", "Join Type": "Inner", "Startup Cost": 58825.83, "Total Cost": 546537.38, "Plan Rows": 504972, "Plan Width": 64, "Inner Unique": false, "Hash Cond": "(orders.o_custkey = customer.c_custkey), (LLVM Optimized)", "Plans": [{"Node Type": "Seq Scan", "Parent Relationship": "Outer", "Relation Name": "orders", "Alias": "orders", "Startup Cost": 0.0, "Total Cost": 426413.79, "Plan Rows": 14999479, "Plan Width": 16}, {"Node Type": "Hash", "Parent Relationship": "Inner", "Startup Cost": 57327.03, "Total Cost": 57327.03, "Plan Rows": 119904, "Plan Width": 64, "Plans": [{"Node Type": "Hash Join", "Parent Relationship": "Outer", "Join Type": "Inner", "Startup Cost": 16.65, "Total Cost": 57327.03, "Plan Rows": 119904, "Plan Width": 64, "Inner Unique": false, "Hash Cond": "(customer.c_nationkey = n2.n_nationkey), (LLVM Optimized)", "Plans": [{"Node Type": "Seq Scan", "Parent Relationship": "Outer", "Relation Name": "customer", "Alias": "customer", "Startup Cost": 0.0, "Total Cost": 52126.0, "Plan Rows": 1500000, "Plan Width": 12}, {"Node Type": "Hash", "Parent Relationship": "Inner", "Startup Cost": 16.62, "Total Cost": 16.62, "Plan Rows": 2, "Plan Width": 60, "Plans": [{"Node Type": "Nested Loop", "Parent Relationship": "Outer", "Join Type": "Inner", "Startup Cost": 0.0, "Total Cost": 16.62, "Plan Rows": 2, "Plan Width": 60, "Inner Unique": false, "Join Filter": "(((n1.n_name = 'JAPAN'::bpchar) AND (n2.n_name = 'INDIA'::bpchar)) OR ((n1.n_name = 'INDIA'::bpchar) AND (n2.n_name = 'JAPAN'::bpchar)))", "Plans": [{"Node Type": "Seq Scan", "Parent Relationship": "Outer", "Relation Name": "nation", "Alias": "n1", "Startup Cost": 0.0, "Total Cost": 1.25, "Plan Rows": 25, "Plan Width": 30, "Filter": "((n_name = 'JAPAN'::bpchar) OR (n_name = 'INDIA'::bpchar))"}, {"Node Type": "Materialize", "Parent Relationship": "Inner", "Startup Cost": 0.0, "Total Cost": 1.38, "Plan Rows": 25, "Plan Width": 30, "Plans": [{"Node Type": "Seq Scan", "Parent Relationship": "Outer", "Relation Name": "nation", "Alias": "n2", "Startup Cost": 0.0, "Total Cost": 1.25, "Plan Rows": 25, "Plan Width": 30, "Filter": "((n_name = 'INDIA'::bpchar) OR (n_name = 'JAPAN'::bpchar))"}]}]}]}]}]}]}]}]}, {"Node Type": "Hash", "Parent Relationship": "Inner", "Startup Cost": 3283.0, "Total Cost": 3283.0, "Plan Rows": 100000, "Plan Width": 12, "Plans": [{"Node Type": "Seq Scan", "Parent Relationship": "Outer", "Relation Name": "supplier", "Alias": "supplier", "Startup Cost": 0.0, "Total Cost": 3283.0, "Plan Rows": 100000, "Plan Width": 12}]}]}]}]}, "Unique SQL Id": 2208782157, "Planner Runtime": 3}, "explain_analyze_plan": null}, "(1, 79)": {"explain_plan": {"Plan": {"Node Type": "Aggregate", "Strategy": "Sorted", "Startup Cost": 6000528499591.19, "Total Cost": 6000528499701.83, "Plan Rows": 3688, "Plan Width": 84, "Group By Key": ["n1.n_name", "n2.n_name", "(date_part('year'::text, lineitem.l_shipdate))"], "Plans": [{"Node Type": "Sort", "Parent Relationship": "Outer", "Startup Cost": 6000528499591.19, "Total Cost": 6000528499600.41, "Plan Rows": 3688, "Plan Width": 76, "Sort Key": ["n1.n_name", "n2.n_name", "(date_part('year'::text, lineitem.l_shipdate))"], "Plans": [{"Node Type": "Merge Join", "Parent Relationship": "Outer", "Join Type": "Inner", "Startup Cost": 2040036905929.45, "Total Cost": 6000528499372.7, "Plan Rows": 3688, "Plan Width": 76, "Inner Unique": true, "Merge Cond": "(n2.n_nationkey = customer.c_nationkey)", "Join Filter": "(orders.o_custkey = customer.c_custkey)", "Plans": [{"Node Type": "Nested Loop", "Parent Relationship": "Outer", "Join Type": "Inner", "Startup Cost": 2030036905929.45, "Total Cost": 5000412481636.71, "Plan Rows": 92207, "Plan Width": 88, "Inner Unique": false, "Join Filter": "(((n1.n_name = 'JAPAN'::bpchar) AND (n2.n_name = 'INDIA'::bpchar)) OR ((n1.n_name = 'INDIA'::bpchar) AND (n2.n_name = 'JAPAN'::bpchar)))", "Plans": [{"Node Type": "Index Scan", "Parent Relationship": "Outer", "Scan Direction": "Forward", "Index Name": "nation_pkey", "Relation Name": "nation", "Alias": "n2", "Startup Cost": 10000000000.0, "Total Cost": 1000000001275.0, "Plan Rows": 25, "Plan Width": 30, "Filter": "((n_name = 'INDIA'::bpchar) OR (n_name = 'JAPAN'::bpchar))"}, {"Node Type": "Materialize", "Parent Relationship": "Inner", "Startup Cost": 2020036905929.45, "Total Cost": 4000411834393.31, "Plan Rows": 1153515, "Plan Width": 58, "Plans": [{"Node Type": "Hash Join", "Parent Relationship": "Outer", "Join Type": "Inner", "Startup Cost": 2020036905929.45, "Total Cost": 4000411828625.73, "Plan Rows": 1153515, "Plan Width": 58, "Inner Unique": true, "Hash Cond": "(supplier.s_nationkey = n1.n_nationkey), (LLVM Optimized)", "Plans": [{"Node Type": "Hash Join", "Parent Relationship": "Outer", "Join Type": "Inner", "Startup Cost": 1020036904654.13, "Total Cost": 3000411811489.59, "Plan Rows": 1153515, "Plan Width": 36, "Inner Unique": true, "Hash Cond": "(lineitem.l_suppkey = supplier.s_suppkey), (LLVM Optimized)", "Plans": [{"Node Type": "Merge Join", "Parent Relationship": "Outer", "Join Type": "Inner", "Startup Cost": 20036369949.75, "Total Cost": 2000411197281.34, "Plan Rows": 18124991, "Plan Width": 40, "Inner Unique": false, "Merge Cond": "(orders.o_orderkey = lineitem.l_orderkey)", "Plans": [{"Node Type": "Index Scan", "Parent Relationship": "Outer", "Scan Direction": "Forward", "Index Name": "orders_pkey", "Relation Name": "orders", "Alias": "orders", "Startup Cost": 10000000000.0, "Total Cost": 1000073097843.5, "Plan Rows": 14999479, "Plan Width": 16}, {"Node Type": "Index Scan", "Parent Relationship": "Inner", "Scan Direction": "Forward", "Index Name": "idx_lineitem_orderkey", "Relation Name": "lineitem", "Alias": "lineitem", "Startup Cost": 10000000000.0, "Total Cost": 1000354008891.0, "Plan Rows": 18124991, "Plan Width": 40, "Filter": "((l_shipdate >= '1995-01-01 00:00:00'::timestamp(0) without time zone) AND (l_shipdate <= '1996-12-31 00:00:00'::timestamp(0) without time zone)), (LLVM Optimized)"}]}, {"Node Type": "Hash", "Parent Relationship": "Inner", "Startup Cost": 1000000533454.38, "Total Cost": 1000000533454.38, "Plan Rows": 100000, "Plan Width": 12, "Plans": [{"Node Type": "Index Scan", "Parent Relationship": "Outer", "Scan Direction": "Forward", "Index Name": "supplier_pkey", "Relation Name": "supplier", "Alias": "supplier", "Startup Cost": 10000000000.0, "Total Cost": 1000000533454.38, "Plan Rows": 100000, "Plan Width": 12}]}]}, {"Node Type": "Hash", "Parent Relationship": "Inner", "Startup Cost": 1000000001275.0, "Total Cost": 1000000001275.0, "Plan Rows": 25, "Plan Width": 30, "Plans": [{"Node Type": "Index Scan", "Parent Relationship": "Outer", "Scan Direction": "Forward", "Index Name": "nation_pkey", "Relation Name": "nation", "Alias": "n1", "Startup Cost": 10000000000.0, "Total Cost": 1000000001275.0, "Plan Rows": 25, "Plan Width": 30, "Filter": "((n_name = 'JAPAN'::bpchar) OR (n_name = 'INDIA'::bpchar))"}]}]}]}]}, {"Node Type": "Materialize", "Parent Relationship": "Inner", "Startup Cost": 10000000000.0, "Total Cost": 1000019203896.25, "Plan Rows": 1500000, "Plan Width": 12, "Plans": [{"Node Type": "Index Scan", "Parent Relationship": "Outer", "Scan Direction": "Forward", "Index Name": "idx_customer_nationkey", "Relation Name": "customer", "Alias": "customer", "Startup Cost": 10000000000.0, "Total Cost": 1000019200146.25, "Plan Rows": 1500000, "Plan Width": 12}]}]}]}]}, "Unique SQL Id": 2208782157, "Planner Runtime": 4}, "explain_analyze_plan": null}, "(1, 80)": {"explain_plan": {"Plan": {"Node Type": "Aggregate", "Strategy": "Sorted", "Startup Cost": 725080.21, "Total Cost": 725190.85, "Plan Rows": 3688, "Plan Width": 84, "Group By Key": ["n1.n_name", "n2.n_name", "(date_part('year'::text, lineitem.l_shipdate))"], "Plans": [{"Node Type": "Sort", "Parent Relationship": "Outer", "Startup Cost": 725080.21, "Total Cost": 725089.43, "Plan Rows": 3688, "Plan Width": 76, "Sort Key": ["n1.n_name", "n2.n_name", "(date_part('year'::text, lineitem.l_shipdate))"], "Plans": [{"Node Type": "Merge Join", "Parent Relationship": "Outer", "Join Type": "Inner", "Startup Cost": 714975.42, "Total Cost": 724861.72, "Plan Rows": 3688, "Plan Width": 76, "Inner Unique": false, "Merge Cond": "(supplier.s_suppkey = lineitem.l_suppkey)", "Join Filter": "(n1.n_nationkey = supplier.s_nationkey)", "Plans": [{"Node Type": "Index Scan", "Parent Relationship": "Outer", "Scan Direction": "Forward", "Index Name": "supplier_pkey", "Relation Name": "supplier", "Alias": "supplier", "Startup Cost": 0.0, "Total Cost": 5334.54, "Plan Rows": 100000, "Plan Width": 12}, {"Node Type": "Sort", "Parent Relationship": "Inner", "Startup Cost": 714975.05, "Total Cost": 716827.02, "Plan Rows": 740786, "Plan Width": 88, "Sort Key": ["lineitem.l_suppkey"], "Plans": [{"Node Type": "Nested Loop", "Parent Relationship": "Outer", "Join Type": "Inner", "Startup Cost": 1030.37, "Total Cost": 642753.24, "Plan Rows": 740786, "Plan Width": 88, "Inner Unique": false, "Plans": [{"Node Type": "Nested Loop", "Parent Relationship": "Outer", "Join Type": "Inner", "Startup Cost": 1030.37, "Total Cost": 166015.61, "Plan Rows": 504972, "Plan Width": 64, "Inner Unique": false, "Plans": [{"Node Type": "Nested Loop", "Parent Relationship": "Outer", "Join Type": "Inner", "Startup Cost": 1030.37, "Total Cost": 14893.09, "Plan Rows": 119904, "Plan Width": 64, "Inner Unique": false, "Plans": [{"Node Type": "Nested Loop", "Parent Relationship": "Outer", "Join Type": "Inner", "Startup Cost": 0.0, "Total Cost": 28.12, "Plan Rows": 2, "Plan Width": 60, "Inner Unique": false, "Join Filter": "(((n1.n_name = 'JAPAN'::bpchar) AND (n2.n_name = 'INDIA'::bpchar)) OR ((n1.n_name = 'INDIA'::bpchar) AND (n2.n_name = 'JAPAN'::bpchar)))", "Plans": [{"Node Type": "Index Scan", "Parent Relationship": "Outer", "Scan Direction": "Forward", "Index Name": "nation_pkey", "Relation Name": "nation", "Alias": "n1", "Startup Cost": 0.0, "Total Cost": 12.75, "Plan Rows": 25, "Plan Width": 30, "Filter": "((n_name = 'JAPAN'::bpchar) OR (n_name = 'INDIA'::bpchar))"}, {"Node Type": "Materialize", "Parent Relationship": "Inner", "Startup Cost": 0.0, "Total Cost": 1.38, "Plan Rows": 25, "Plan Width": 30, "Plans": [{"Node Type": "Seq Scan", "Parent Relationship": "Outer", "Relation Name": "nation", "Alias": "n2", "Startup Cost": 0.0, "Total Cost": 1.25, "Plan Rows": 25, "Plan Width": 30, "Filter": "((n_name = 'INDIA'::bpchar) OR (n_name = 'JAPAN'::bpchar))"}]}]}, {"Node Type": "Bitmap Heap Scan", "Parent Relationship": "Inner", "Relation Name": "customer", "Alias": "customer", "Startup Cost": 1030.37, "Total Cost": 6832.48, "Plan Rows": 60000, "Plan Width": 12, "Recheck Cond": "(c_nationkey = n2.n_nationkey)", "Plans": [{"Node Type": "Bitmap Index Scan", "Parent Relationship": "Outer", "Index Name": "idx_customer_nationkey", "Startup Cost": 0.0, "Total Cost": 1015.37, "Plan Rows": 60000, "Plan Width": 0, "Index Cond": "(c_nationkey = n2.n_nationkey)"}]}]}, {"Node Type": "Index Scan", "Parent Relationship": "Inner", "Scan Direction": "Forward", "Index Name": "idx_orders_custkey", "Relation Name": "orders", "Alias": "orders", "Startup Cost": 0.0, "Total Cost": 1.22, "Plan Rows": 4, "Plan Width": 16, "Index Cond": "(o_custkey = customer.c_custkey)"}]}, {"Node Type": "Index Scan", "Parent Relationship": "Inner", "Scan Direction": "Forward", "Index Name": "idx_lineitem_orderkey", "Relation Name": "lineitem", "Alias": "lineitem", "Startup Cost": 0.0, "Total Cost": 0.91, "Plan Rows": 3, "Plan Width": 40, "Index Cond": "(l_orderkey = orders.o_orderkey)", "Filter": "((l_shipdate >= '1995-01-01 00:00:00'::timestamp(0) without time zone) AND (l_shipdate <= '1996-12-31 00:00:00'::timestamp(0) without time zone))"}]}]}]}]}]}, "Unique SQL Id": 2208782157, "Planner Runtime": 3}, "explain_analyze_plan": {"Plan": {"Node Type": "Aggregate", "Strategy": "Sorted", "Startup Cost": 725080.21, "Total Cost": 725190.85, "Plan Rows": 3688, "Plan Width": 84, "Actual Startup Time": 20561.913, "Actual Total Time": 20596.012, "Actual Rows": 4, "Actual Loops": 1, "Group By Key": ["n1.n_name", "n2.n_name", "(date_part('year'::text, lineitem.l_shipdate))"], "Plans": [{"Node Type": "Sort", "Parent Relationship": "Outer", "Startup Cost": 725080.21, "Total Cost": 725089.43, "Plan Rows": 3688, "Plan Width": 76, "Actual Startup Time": 20550.594, "Actual Total Time": 20556.576, "Actual Rows": 58554, "Actual Loops": 1, "Sort Key": ["n1.n_name", "n2.n_name", "(date_part('year'::text, lineitem.l_shipdate))"], "Sort Method": "quicksort", "Sort Space Used": 10686, "Sort Space Type": "Memory", "Plans": [{"Node Type": "Merge Join", "Parent Relationship": "Outer", "Join Type": "Inner", "Startup Cost": 714975.42, "Total Cost": 724861.72, "Plan Rows": 3688, "Plan Width": 76, "Actual Startup Time": 19537.17, "Actual Total Time": 20513.019, "Actual Rows": 58554, "Actual Loops": 1, "Inner Unique": false, "Merge Cond": "(supplier.s_suppkey = lineitem.l_suppkey)", "Join Filter": "(n1.n_nationkey = supplier.s_nationkey)", "Rows Removed by Join Filter": 0, "Plans": [{"Node Type": "Index Scan", "Parent Relationship": "Outer", "Scan Direction": "Forward", "Index Name": "supplier_pkey", "Relation Name": "supplier", "Alias": "supplier", "Startup Cost": 0.0, "Total Cost": 5334.54, "Plan Rows": 100000, "Plan Width": 12, "Actual Startup Time": 0.026, "Actual Total Time": 60.94, "Actual Rows": 100000, "Actual Loops": 1}, {"Node Type": "Sort", "Parent Relationship": "Inner", "Startup Cost": 714975.05, "Total Cost": 716827.02, "Plan Rows": 740786, "Plan Width": 88, "Actual Startup Time": 19536.678, "Actual Total Time": 19899.14, "Actual Rows": 1459150, "Actual Loops": 1, "Sort Key": ["lineitem.l_suppkey"], "Sort Method": "quicksort", "Sort Space Used": 277145, "Sort Space Type": "Memory", "Plans": [{"Node Type": "Nested Loop", "Parent Relationship": "Outer", "Join Type": "Inner", "Startup Cost": 1030.37, "Total Cost": 642753.24, "Plan Rows": 740786, "Plan Width": 88, "Actual Startup Time": 17.966, "Actual Total Time": 18819.438, "Actual Rows": 1459150, "Actual Loops": 1, "Inner Unique": false, "Plans": [{"Node Type": "Nested Loop", "Parent Relationship": "Outer", "Join Type": "Inner", "Startup Cost": 1030.37, "Total Cost": 166015.61, "Plan Rows": 504972, "Plan Width": 64, "Actual Startup Time": 17.892, "Actual Total Time": 3938.996, "Actual Rows": 1200363, "Actual Loops": 1, "Inner Unique": false, "Plans": [{"Node Type": "Nested Loop", "Parent Relationship": "Outer", "Join Type": "Inner", "Startup Cost": 1030.37, "Total Cost": 14893.09, "Plan Rows": 119904, "Plan Width": 64, "Actual Startup Time": 17.865, "Actual Total Time": 277.062, "Actual Rows": 119972, "Actual Loops": 1, "Inner Unique": false, "Plans": [{"Node Type": "Nested Loop", "Parent Relationship": "Outer", "Join Type": "Inner", "Startup Cost": 0.0, "Total Cost": 28.12, "Plan Rows": 2, "Plan Width": 60, "Actual Startup Time": 0.051, "Actual Total Time": 0.237, "Actual Rows": 2, "Actual Loops": 1, "Inner Unique": false, "Join Filter": "(((n1.n_name = 'JAPAN'::bpchar) AND (n2.n_name = 'INDIA'::bpchar)) OR ((n1.n_name = 'INDIA'::bpchar) AND (n2.n_name = 'JAPAN'::bpchar)))", "Rows Removed by Join Filter": 2, "Plans": [{"Node Type": "Index Scan", "Parent Relationship": "Outer", "Scan Direction": "Forward", "Index Name": "nation_pkey", "Relation Name": "nation", "Alias": "n1", "Startup Cost": 0.0, "Total Cost": 12.75, "Plan Rows": 25, "Plan Width": 30, "Actual Startup Time": 0.016, "Actual Total Time": 0.049, "Actual Rows": 2, "Actual Loops": 1, "Filter": "((n_name = 'JAPAN'::bpchar) OR (n_name = 'INDIA'::bpchar))", "Rows Removed by Filter": 23}, {"Node Type": "Materialize", "Parent Relationship": "Inner", "Startup Cost": 0.0, "Total Cost": 1.38, "Plan Rows": 25, "Plan Width": 30, "Actual Startup Time": 0.028, "Actual Total Time": 0.051, "Actual Rows": 4, "Actual Loops": 2, "Plans": [{"Node Type": "Seq Scan", "Parent Relationship": "Outer", "Relation Name": "nation", "Alias": "n2", "Startup Cost": 0.0, "Total Cost": 1.25, "Plan Rows": 25, "Plan Width": 30, "Actual Startup Time": 0.019, "Actual Total Time": 0.039, "Actual Rows": 2, "Actual Loops": 1, "Filter": "((n_name = 'INDIA'::bpchar) OR (n_name = 'JAPAN'::bpchar))", "Rows Removed by Filter": 23}]}]}, {"Node Type": "Bitmap Heap Scan", "Parent Relationship": "Inner", "Relation Name": "customer", "Alias": "customer", "Startup Cost": 1030.37, "Total Cost": 6832.48, "Plan Rows": 60000, "Plan Width": 12, "Actual Startup Time": 35.768, "Actual Total Time": 245.746, "Actual Rows": 119972, "Actual Loops": 2, "Recheck Cond": "(c_nationkey = n2.n_nationkey)", "Rows Removed by Index Recheck": 0, "Exact Heap Blocks": 59938, "Lossy Heap Blocks": 59938, "Plans": [{"Node Type": "Bitmap Index Scan", "Parent Relationship": "Outer", "Index Name": "idx_customer_nationkey", "Startup Cost": 0.0, "Total Cost": 1015.37, "Plan Rows": 60000, "Plan Width": 0, "Actual Startup Time": 22.512, "Actual Total Time": 22.512, "Actual Rows": 119972, "Actual Loops": 2, "Index Cond": "(c_nationkey = n2.n_nationkey)"}]}]}, {"Node Type": "Index Scan", "Parent Relationship": "Inner", "Scan Direction": "Forward", "Index Name": "idx_orders_custkey", "Relation Name": "orders", "Alias": "orders", "Startup Cost": 0.0, "Total Cost": 1.22, "Plan Rows": 4, "Plan Width": 16, "Actual Startup Time": 725.665, "Actual Total Time": 3307.85, "Actual Rows": 1200363, "Actual Loops": 119972, "Index Cond": "(o_custkey = customer.c_custkey)", "Rows Removed by Index Recheck": 0}]}, {"Node Type": "Index Scan", "Parent Relationship": "Inner", "Scan Direction": "Forward", "Index Name": "idx_lineitem_orderkey", "Relation Name": "lineitem", "Alias": "lineitem", "Startup Cost": 0.0, "Total Cost": 0.91, "Plan Rows": 3, "Plan Width": 40, "Actual Startup Time": 12735.382, "Actual Total Time": 13902.399, "Actual Rows": 1459150, "Actual Loops": 1200363, "Index Cond": "(l_orderkey = orders.o_orderkey)", "Rows Removed by Index Recheck": 0, "Filter": "((l_shipdate >= '1995-01-01 00:00:00'::timestamp(0) without time zone) AND (l_shipdate <= '1996-12-31 00:00:00'::timestamp(0) without time zone))", "Rows Removed by Filter": 3342563}]}]}]}]}]}, "Triggers": [], "Planner Runtime": 3, "Total Runtime": 20596.527, "Unique SQL Id": 2208782157}}, "(1, 81)": {"explain_plan": {"Plan": {"Node Type": "Aggregate", "Strategy": "Sorted", "Startup Cost": 725091.71, "Total Cost": 725202.35, "Plan Rows": 3688, "Plan Width": 84, "Group By Key": ["n1.n_name", "n2.n_name", "(date_part('year'::text, lineitem.l_shipdate))"], "Plans": [{"Node Type": "Sort", "Parent Relationship": "Outer", "Startup Cost": 725091.71, "Total Cost": 725100.93, "Plan Rows": 3688, "Plan Width": 76, "Sort Key": ["n1.n_name", "n2.n_name", "(date_part('year'::text, lineitem.l_shipdate))"], "Plans": [{"Node Type": "Merge Join", "Parent Relationship": "Outer", "Join Type": "Inner", "Startup Cost": 714986.92, "Total Cost": 724873.22, "Plan Rows": 3688, "Plan Width": 76, "Inner Unique": false, "Merge Cond": "(supplier.s_suppkey = lineitem.l_suppkey)", "Join Filter": "(n1.n_nationkey = supplier.s_nationkey)", "Plans": [{"Node Type": "Index Scan", "Parent Relationship": "Outer", "Scan Direction": "Forward", "Index Name": "supplier_pkey", "Relation Name": "supplier", "Alias": "supplier", "Startup Cost": 0.0, "Total Cost": 5334.54, "Plan Rows": 100000, "Plan Width": 12}, {"Node Type": "Sort", "Parent Relationship": "Inner", "Startup Cost": 714986.55, "Total Cost": 716838.52, "Plan Rows": 740786, "Plan Width": 88, "Sort Key": ["lineitem.l_suppkey"], "Plans": [{"Node Type": "Nested Loop", "Parent Relationship": "Outer", "Join Type": "Inner", "Startup Cost": 1030.37, "Total Cost": 642764.74, "Plan Rows": 740786, "Plan Width": 88, "Inner Unique": false, "Plans": [{"Node Type": "Nested Loop", "Parent Relationship": "Outer", "Join Type": "Inner", "Startup Cost": 1030.37, "Total Cost": 166027.11, "Plan Rows": 504972, "Plan Width": 64, "Inner Unique": false, "Plans": [{"Node Type": "Nested Loop", "Parent Relationship": "Outer", "Join Type": "Inner", "Startup Cost": 1030.37, "Total Cost": 14904.59, "Plan Rows": 119904, "Plan Width": 64, "Inner Unique": false, "Plans": [{"Node Type": "Nested Loop", "Parent Relationship": "Outer", "Join Type": "Inner", "Startup Cost": 0.0, "Total Cost": 39.62, "Plan Rows": 2, "Plan Width": 60, "Inner Unique": false, "Join Filter": "(((n1.n_name = 'JAPAN'::bpchar) AND (n2.n_name = 'INDIA'::bpchar)) OR ((n1.n_name = 'INDIA'::bpchar) AND (n2.n_name = 'JAPAN'::bpchar)))", "Plans": [{"Node Type": "Index Scan", "Parent Relationship": "Outer", "Scan Direction": "Forward", "Index Name": "nation_pkey", "Relation Name": "nation", "Alias": "n1", "Startup Cost": 0.0, "Total Cost": 12.75, "Plan Rows": 25, "Plan Width": 30, "Filter": "((n_name = 'JAPAN'::bpchar) OR (n_name = 'INDIA'::bpchar))"}, {"Node Type": "Materialize", "Parent Relationship": "Inner", "Startup Cost": 0.0, "Total Cost": 12.88, "Plan Rows": 25, "Plan Width": 30, "Plans": [{"Node Type": "Index Scan", "Parent Relationship": "Outer", "Scan Direction": "Forward", "Index Name": "nation_pkey", "Relation Name": "nation", "Alias": "n2", "Startup Cost": 0.0, "Total Cost": 12.75, "Plan Rows": 25, "Plan Width": 30, "Filter": "((n_name = 'INDIA'::bpchar) OR (n_name = 'JAPAN'::bpchar))"}]}]}, {"Node Type": "Bitmap Heap Scan", "Parent Relationship": "Inner", "Relation Name": "customer", "Alias": "customer", "Startup Cost": 1030.37, "Total Cost": 6832.48, "Plan Rows": 60000, "Plan Width": 12, "Recheck Cond": "(c_nationkey = n2.n_nationkey)", "Plans": [{"Node Type": "Bitmap Index Scan", "Parent Relationship": "Outer", "Index Name": "idx_customer_nationkey", "Startup Cost": 0.0, "Total Cost": 1015.37, "Plan Rows": 60000, "Plan Width": 0, "Index Cond": "(c_nationkey = n2.n_nationkey)"}]}]}, {"Node Type": "Index Scan", "Parent Relationship": "Inner", "Scan Direction": "Forward", "Index Name": "idx_orders_custkey", "Relation Name": "orders", "Alias": "orders", "Startup Cost": 0.0, "Total Cost": 1.22, "Plan Rows": 4, "Plan Width": 16, "Index Cond": "(o_custkey = customer.c_custkey)"}]}, {"Node Type": "Index Scan", "Parent Relationship": "Inner", "Scan Direction": "Forward", "Index Name": "idx_lineitem_orderkey", "Relation Name": "lineitem", "Alias": "lineitem", "Startup Cost": 0.0, "Total Cost": 0.91, "Plan Rows": 3, "Plan Width": 40, "Index Cond": "(l_orderkey = orders.o_orderkey)", "Filter": "((l_shipdate >= '1995-01-01 00:00:00'::timestamp(0) without time zone) AND (l_shipdate <= '1996-12-31 00:00:00'::timestamp(0) without time zone))"}]}]}]}]}]}, "Unique SQL Id": 2208782157, "Planner Runtime": 3}, "explain_analyze_plan": {"Plan": {"Node Type": "Aggregate", "Strategy": "Sorted", "Startup Cost": 725091.71, "Total Cost": 725202.35, "Plan Rows": 3688, "Plan Width": 84, "Actual Startup Time": 20081.268, "Actual Total Time": 20115.186, "Actual Rows": 4, "Actual Loops": 1, "Group By Key": ["n1.n_name", "n2.n_name", "(date_part('year'::text, lineitem.l_shipdate))"], "Plans": [{"Node Type": "Sort", "Parent Relationship": "Outer", "Startup Cost": 725091.71, "Total Cost": 725100.93, "Plan Rows": 3688, "Plan Width": 76, "Actual Startup Time": 20069.942, "Actual Total Time": 20075.856, "Actual Rows": 58554, "Actual Loops": 1, "Sort Key": ["n1.n_name", "n2.n_name", "(date_part('year'::text, lineitem.l_shipdate))"], "Sort Method": "quicksort", "Sort Space Used": 10686, "Sort Space Type": "Memory", "Plans": [{"Node Type": "Merge Join", "Parent Relationship": "Outer", "Join Type": "Inner", "Startup Cost": 714986.92, "Total Cost": 724873.22, "Plan Rows": 3688, "Plan Width": 76, "Actual Startup Time": 19148.188, "Actual Total Time": 20033.163, "Actual Rows": 58554, "Actual Loops": 1, "Inner Unique": false, "Merge Cond": "(supplier.s_suppkey = lineitem.l_suppkey)", "Join Filter": "(n1.n_nationkey = supplier.s_nationkey)", "Rows Removed by Join Filter": 0, "Plans": [{"Node Type": "Index Scan", "Parent Relationship": "Outer", "Scan Direction": "Forward", "Index Name": "supplier_pkey", "Relation Name": "supplier", "Alias": "supplier", "Startup Cost": 0.0, "Total Cost": 5334.54, "Plan Rows": 100000, "Plan Width": 12, "Actual Startup Time": 0.026, "Actual Total Time": 57.015, "Actual Rows": 100000, "Actual Loops": 1}, {"Node Type": "Sort", "Parent Relationship": "Inner", "Startup Cost": 714986.55, "Total Cost": 716838.52, "Plan Rows": 740786, "Plan Width": 88, "Actual Startup Time": 19146.322, "Actual Total Time": 19447.751, "Actual Rows": 1459150, "Actual Loops": 1, "Sort Key": ["lineitem.l_suppkey"], "Sort Method": "quicksort", "Sort Space Used": 277145, "Sort Space Type": "Memory", "Plans": [{"Node Type": "Nested Loop", "Parent Relationship": "Outer", "Join Type": "Inner", "Startup Cost": 1030.37, "Total Cost": 642764.74, "Plan Rows": 740786, "Plan Width": 88, "Actual Startup Time": 17.855, "Actual Total Time": 18428.823, "Actual Rows": 1459150, "Actual Loops": 1, "Inner Unique": false, "Plans": [{"Node Type": "Nested Loop", "Parent Relationship": "Outer", "Join Type": "Inner", "Startup Cost": 1030.37, "Total Cost": 166027.11, "Plan Rows": 504972, "Plan Width": 64, "Actual Startup Time": 17.788, "Actual Total Time": 3839.626, "Actual Rows": 1200363, "Actual Loops": 1, "Inner Unique": false, "Plans": [{"Node Type": "Nested Loop", "Parent Relationship": "Outer", "Join Type": "Inner", "Startup Cost": 1030.37, "Total Cost": 14904.59, "Plan Rows": 119904, "Plan Width": 64, "Actual Startup Time": 17.764, "Actual Total Time": 271.568, "Actual Rows": 119972, "Actual Loops": 1, "Inner Unique": false, "Plans": [{"Node Type": "Nested Loop", "Parent Relationship": "Outer", "Join Type": "Inner", "Startup Cost": 0.0, "Total Cost": 39.62, "Plan Rows": 2, "Plan Width": 60, "Actual Startup Time": 0.045, "Actual Total Time": 0.248, "Actual Rows": 2, "Actual Loops": 1, "Inner Unique": false, "Join Filter": "(((n1.n_name = 'JAPAN'::bpchar) AND (n2.n_name = 'INDIA'::bpchar)) OR ((n1.n_name = 'INDIA'::bpchar) AND (n2.n_name = 'JAPAN'::bpchar)))", "Rows Removed by Join Filter": 2, "Plans": [{"Node Type": "Index Scan", "Parent Relationship": "Outer", "Scan Direction": "Forward", "Index Name": "nation_pkey", "Relation Name": "nation", "Alias": "n1", "Startup Cost": 0.0, "Total Cost": 12.75, "Plan Rows": 25, "Plan Width": 30, "Actual Startup Time": 0.016, "Actual Total Time": 0.049, "Actual Rows": 2, "Actual Loops": 1, "Filter": "((n_name = 'JAPAN'::bpchar) OR (n_name = 'INDIA'::bpchar))", "Rows Removed by Filter": 23}, {"Node Type": "Materialize", "Parent Relationship": "Inner", "Startup Cost": 0.0, "Total Cost": 12.88, "Plan Rows": 25, "Plan Width": 30, "Actual Startup Time": 0.022, "Actual Total Time": 0.135, "Actual Rows": 4, "Actual Loops": 2, "Plans": [{"Node Type": "Index Scan", "Parent Relationship": "Outer", "Scan Direction": "Forward", "Index Name": "nation_pkey", "Relation Name": "nation", "Alias": "n2", "Startup Cost": 0.0, "Total Cost": 12.75, "Plan Rows": 25, "Plan Width": 30, "Actual Startup Time": 0.011, "Actual Total Time": 0.121, "Actual Rows": 2, "Actual Loops": 1, "Filter": "((n_name = 'INDIA'::bpchar) OR (n_name = 'JAPAN'::bpchar))", "Rows Removed by Filter": 23}]}]}, {"Node Type": "Bitmap Heap Scan", "Parent Relationship": "Inner", "Relation Name": "customer", "Alias": "customer", "Startup Cost": 1030.37, "Total Cost": 6832.48, "Plan Rows": 60000, "Plan Width": 12, "Actual Startup Time": 35.869, "Actual Total Time": 242.053, "Actual Rows": 119972, "Actual Loops": 2, "Recheck Cond": "(c_nationkey = n2.n_nationkey)", "Rows Removed by Index Recheck": 0, "Exact Heap Blocks": 59938, "Lossy Heap Blocks": 59938, "Plans": [{"Node Type": "Bitmap Index Scan", "Parent Relationship": "Outer", "Index Name": "idx_customer_nationkey", "Startup Cost": 0.0, "Total Cost": 1015.37, "Plan Rows": 60000, "Plan Width": 0, "Actual Startup Time": 22.697, "Actual Total Time": 22.697, "Actual Rows": 119972, "Actual Loops": 2, "Index Cond": "(c_nationkey = n2.n_nationkey)"}]}]}, {"Node Type": "Index Scan", "Parent Relationship": "Inner", "Scan Direction": "Forward", "Index Name": "idx_orders_custkey", "Relation Name": "orders", "Alias": "orders", "Startup Cost": 0.0, "Total Cost": 1.22, "Plan Rows": 4, "Plan Width": 16, "Actual Startup Time": 711.763, "Actual Total Time": 3214.869, "Actual Rows": 1200363, "Actual Loops": 119972, "Index Cond": "(o_custkey = customer.c_custkey)", "Rows Removed by Index Recheck": 0}]}, {"Node Type": "Index Scan", "Parent Relationship": "Inner", "Scan Direction": "Forward", "Index Name": "idx_lineitem_orderkey", "Relation Name": "lineitem", "Alias": "lineitem", "Startup Cost": 0.0, "Total Cost": 0.91, "Plan Rows": 3, "Plan Width": 40, "Actual Startup Time": 12466.197, "Actual Total Time": 13612.312, "Actual Rows": 1459150, "Actual Loops": 1200363, "Index Cond": "(l_orderkey = orders.o_orderkey)", "Rows Removed by Index Recheck": 0, "Filter": "((l_shipdate >= '1995-01-01 00:00:00'::timestamp(0) without time zone) AND (l_shipdate <= '1996-12-31 00:00:00'::timestamp(0) without time zone))", "Rows Removed by Filter": 3342563}]}]}]}]}]}, "Triggers": [], "Planner Runtime": 3, "Total Runtime": 20115.672, "Unique SQL Id": 2208782157}}, "(1, 82)": {"explain_plan": {"Plan": {"Node Type": "Aggregate", "Strategy": "Sorted", "Startup Cost": 2954140.22, "Total Cost": 2954250.86, "Plan Rows": 3688, "Plan Width": 84, "Group By Key": ["n1.n_name", "n2.n_name", "(date_part('year'::text, lineitem.l_shipdate))"], "Plans": [{"Node Type": "Sort", "Parent Relationship": "Outer", "Startup Cost": 2954140.22, "Total Cost": 2954149.44, "Plan Rows": 3688, "Plan Width": 76, "Sort Key": ["n1.n_name", "n2.n_name", "(date_part('year'::text, lineitem.l_shipdate))"], "Plans": [{"Node Type": "Merge Join", "Parent Relationship": "Outer", "Join Type": "Inner", "Startup Cost": 2947588.86, "Total Cost": 2953921.73, "Plan Rows": 3688, "Plan Width": 76, "Inner Unique": true, "Merge Cond": "((lineitem.l_suppkey = supplier.s_suppkey) AND (n1.n_nationkey = supplier.s_nationkey))", "Plans": [{"Node Type": "Sort", "Parent Relationship": "Outer", "Startup Cost": 2936000.49, "Total Cost": 2937852.45, "Plan Rows": 740786, "Plan Width": 88, "Sort Key": ["lineitem.l_suppkey", "n1.n_nationkey"], "Plans": [{"Node Type": "Nested Loop", "Parent Relationship": "Outer", "Join Type": "Inner", "Startup Cost": 1031.18, "Total Cost": 2863778.68, "Plan Rows": 740786, "Plan Width": 88, "Inner Unique": false, "Plans": [{"Node Type": "Nested Loop", "Parent Relationship": "Outer", "Join Type": "Inner", "Startup Cost": 1030.8, "Total Cost": 557356.7, "Plan Rows": 504972, "Plan Width": 64, "Inner Unique": false, "Plans": [{"Node Type": "Nested Loop", "Parent Relationship": "Outer", "Join Type": "Inner", "Startup Cost": 1030.37, "Total Cost": 14881.59, "Plan Rows": 119904, "Plan Width": 64, "Inner Unique": false, "Plans": [{"Node Type": "Nested Loop", "Parent Relationship": "Outer", "Join Type": "Inner", "Startup Cost": 0.0, "Total Cost": 16.62, "Plan Rows": 2, "Plan Width": 60, "Inner Unique": false, "Join Filter": "(((n1.n_name = 'JAPAN'::bpchar) AND (n2.n_name = 'INDIA'::bpchar)) OR ((n1.n_name = 'INDIA'::bpchar) AND (n2.n_name = 'JAPAN'::bpchar)))", "Plans": [{"Node Type": "Seq Scan", "Parent Relationship": "Outer", "Relation Name": "nation", "Alias": "n1", "Startup Cost": 0.0, "Total Cost": 1.25, "Plan Rows": 25, "Plan Width": 30, "Filter": "((n_name = 'JAPAN'::bpchar) OR (n_name = 'INDIA'::bpchar))"}, {"Node Type": "Materialize", "Parent Relationship": "Inner", "Startup Cost": 0.0, "Total Cost": 1.38, "Plan Rows": 25, "Plan Width": 30, "Plans": [{"Node Type": "Seq Scan", "Parent Relationship": "Outer", "Relation Name": "nation", "Alias": "n2", "Startup Cost": 0.0, "Total Cost": 1.25, "Plan Rows": 25, "Plan Width": 30, "Filter": "((n_name = 'INDIA'::bpchar) OR (n_name = 'JAPAN'::bpchar))"}]}]}, {"Node Type": "Bitmap Heap Scan", "Parent Relationship": "Inner", "Relation Name": "customer", "Alias": "customer", "Startup Cost": 1030.37, "Total Cost": 6832.48, "Plan Rows": 60000, "Plan Width": 12, "Recheck Cond": "(c_nationkey = n2.n_nationkey)", "Plans": [{"Node Type": "Bitmap Index Scan", "Parent Relationship": "Outer", "Index Name": "idx_customer_nationkey", "Startup Cost": 0.0, "Total Cost": 1015.37, "Plan Rows": 60000, "Plan Width": 0, "Index Cond": "(c_nationkey = n2.n_nationkey)"}]}]}, {"Node Type": "Bitmap Heap Scan", "Parent Relationship": "Inner", "Relation Name": "orders", "Alias": "orders", "Startup Cost": 0.43, "Total Cost": 4.48, "Plan Rows": 4, "Plan Width": 16, "Recheck Cond": "(o_custkey = customer.c_custkey)", "Plans": [{"Node Type": "Bitmap Index Scan", "Parent Relationship": "Outer", "Index Name": "idx_orders_custkey", "Startup Cost": 0.0, "Total Cost": 0.43, "Plan Rows": 4, "Plan Width": 0, "Index Cond": "(o_custkey = customer.c_custkey)"}]}]}, {"Node Type": "Bitmap Heap Scan", "Parent Relationship": "Inner", "Relation Name": "lineitem", "Alias": "lineitem", "Startup Cost": 0.38, "Total Cost": 4.54, "Plan Rows": 3, "Plan Width": 40, "Recheck Cond": "(l_orderkey = orders.o_orderkey)", "Filter": "((l_shipdate >= '1995-01-01 00:00:00'::timestamp(0) without time zone) AND (l_shipdate <= '1996-12-31 00:00:00'::timestamp(0) without time zone))", "Plans": [{"Node Type": "Bitmap Index Scan", "Parent Relationship": "Outer", "Index Name": "idx_lineitem_orderkey", "Startup Cost": 0.0, "Total Cost": 0.38, "Plan Rows": 9, "Plan Width": 0, "Index Cond": "(l_orderkey = orders.o_orderkey)"}]}]}]}, {"Node Type": "Sort", "Parent Relationship": "Inner", "Startup Cost": 11587.82, "Total Cost": 11837.82, "Plan Rows": 100000, "Plan Width": 12, "Sort Key": ["supplier.s_suppkey", "supplier.s_nationkey"], "Plans": [{"Node Type": "Seq Scan", "Parent Relationship": "Outer", "Relation Name": "supplier", "Alias": "supplier", "Startup Cost": 0.0, "Total Cost": 3283.0, "Plan Rows": 100000, "Plan Width": 12}]}]}]}]}, "Unique SQL Id": 2208782157, "Planner Runtime": 3}, "explain_analyze_plan": {"Plan": {"Node Type": "Aggregate", "Strategy": "Sorted", "Startup Cost": 2954140.22, "Total Cost": 2954250.86, "Plan Rows": 3688, "Plan Width": 84, "Actual Startup Time": 24246.689, "Actual Total Time": 24280.741, "Actual Rows": 4, "Actual Loops": 1, "Group By Key": ["n1.n_name", "n2.n_name", "(date_part('year'::text, lineitem.l_shipdate))"], "Plans": [{"Node Type": "Sort", "Parent Relationship": "Outer", "Startup Cost": 2954140.22, "Total Cost": 2954149.44, "Plan Rows": 3688, "Plan Width": 76, "Actual Startup Time": 24235.207, "Actual Total Time": 24241.483, "Actual Rows": 58554, "Actual Loops": 1, "Sort Key": ["n1.n_name", "n2.n_name", "(date_part('year'::text, lineitem.l_shipdate))"], "Sort Method": "quicksort", "Sort Space Used": 10686, "Sort Space Type": "Memory", "Plans": [{"Node Type": "Merge Join", "Parent Relationship": "Outer", "Join Type": "Inner", "Startup Cost": 2947588.86, "Total Cost": 2953921.73, "Plan Rows": 3688, "Plan Width": 76, "Actual Startup Time": 23515.573, "Actual Total Time": 24199.047, "Actual Rows": 58554, "Actual Loops": 1, "Inner Unique": true, "Merge Cond": "((lineitem.l_suppkey = supplier.s_suppkey) AND (n1.n_nationkey = supplier.s_nationkey))", "Plans": [{"Node Type": "Sort", "Parent Relationship": "Outer", "Startup Cost": 2936000.49, "Total Cost": 2937852.45, "Plan Rows": 740786, "Plan Width": 88, "Actual Startup Time": 23444.16, "Actual Total Time": 23758.36, "Actual Rows": 1459145, "Actual Loops": 1, "Sort Key": ["lineitem.l_suppkey", "n1.n_nationkey"], "Sort Method": "quicksort", "Sort Space Used": 277145, "Sort Space Type": "Memory", "Plans": [{"Node Type": "Nested Loop", "Parent Relationship": "Outer", "Join Type": "Inner", "Startup Cost": 1031.18, "Total Cost": 2863778.68, "Plan Rows": 740786, "Plan Width": 88, "Actual Startup Time": 17.932, "Actual Total Time": 22158.584, "Actual Rows": 1459150, "Actual Loops": 1, "Inner Unique": false, "Plans": [{"Node Type": "Nested Loop", "Parent Relationship": "Outer", "Join Type": "Inner", "Startup Cost": 1030.8, "Total Cost": 557356.7, "Plan Rows": 504972, "Plan Width": 64, "Actual Startup Time": 17.852, "Actual Total Time": 4918.953, "Actual Rows": 1200363, "Actual Loops": 1, "Inner Unique": false, "Plans": [{"Node Type": "Nested Loop", "Parent Relationship": "Outer", "Join Type": "Inner", "Startup Cost": 1030.37, "Total Cost": 14881.59, "Plan Rows": 119904, "Plan Width": 64, "Actual Startup Time": 17.812, "Actual Total Time": 282.288, "Actual Rows": 119972, "Actual Loops": 1, "Inner Unique": false, "Plans": [{"Node Type": "Nested Loop", "Parent Relationship": "Outer", "Join Type": "Inner", "Startup Cost": 0.0, "Total Cost": 16.62, "Plan Rows": 2, "Plan Width": 60, "Actual Startup Time": 0.065, "Actual Total Time": 0.153, "Actual Rows": 2, "Actual Loops": 1, "Inner Unique": false, "Join Filter": "(((n1.n_name = 'JAPAN'::bpchar) AND (n2.n_name = 'INDIA'::bpchar)) OR ((n1.n_name = 'INDIA'::bpchar) AND (n2.n_name = 'JAPAN'::bpchar)))", "Rows Removed by Join Filter": 2, "Plans": [{"Node Type": "Seq Scan", "Parent Relationship": "Outer", "Relation Name": "nation", "Alias": "n1", "Startup Cost": 0.0, "Total Cost": 1.25, "Plan Rows": 25, "Plan Width": 30, "Actual Startup Time": 0.028, "Actual Total Time": 0.047, "Actual Rows": 2, "Actual Loops": 1, "Filter": "((n_name = 'JAPAN'::bpchar) OR (n_name = 'INDIA'::bpchar))", "Rows Removed by Filter": 23}, {"Node Type": "Materialize", "Parent Relationship": "Inner", "Startup Cost": 0.0, "Total Cost": 1.38, "Plan Rows": 25, "Plan Width": 30, "Actual Startup Time": 0.03, "Actual Total Time": 0.053, "Actual Rows": 4, "Actual Loops": 2, "Plans": [{"Node Type": "Seq Scan", "Parent Relationship": "Outer", "Relation Name": "nation", "Alias": "n2", "Startup Cost": 0.0, "Total Cost": 1.25, "Plan Rows": 25, "Plan Width": 30, "Actual Startup Time": 0.018, "Actual Total Time": 0.038, "Actual Rows": 2, "Actual Loops": 1, "Filter": "((n_name = 'INDIA'::bpchar) OR (n_name = 'JAPAN'::bpchar))", "Rows Removed by Filter": 23}]}]}, {"Node Type": "Bitmap Heap Scan", "Parent Relationship": "Inner", "Relation Name": "customer", "Alias": "customer", "Startup Cost": 1030.37, "Total Cost": 6832.48, "Plan Rows": 60000, "Plan Width": 12, "Actual Startup Time": 35.484, "Actual Total Time": 249.782, "Actual Rows": 119972, "Actual Loops": 2, "Recheck Cond": "(c_nationkey = n2.n_nationkey)", "Rows Removed by Index Recheck": 0, "Exact Heap Blocks": 59938, "Lossy Heap Blocks": 59938, "Plans": [{"Node Type": "Bitmap Index Scan", "Parent Relationship": "Outer", "Index Name": "idx_customer_nationkey", "Startup Cost": 0.0, "Total Cost": 1015.37, "Plan Rows": 60000, "Plan Width": 0, "Actual Startup Time": 22.251, "Actual Total Time": 22.251, "Actual Rows": 119972, "Actual Loops": 2, "Index Cond": "(c_nationkey = n2.n_nationkey)"}]}]}, {"Node Type": "Bitmap Heap Scan", "Parent Relationship": "Inner", "Relation Name": "orders", "Alias": "orders", "Startup Cost": 0.43, "Total Cost": 4.48, "Plan Rows": 4, "Plan Width": 16, "Actual Startup Time": 1165.412, "Actual Total Time": 4206.152, "Actual Rows": 1200363, "Actual Loops": 119972, "Recheck Cond": "(o_custkey = customer.c_custkey)", "Rows Removed by Index Recheck": 0, "Exact Heap Blocks": 1200331, "Lossy Heap Blocks": 1200331, "Plans": [{"Node Type": "Bitmap Index Scan", "Parent Relationship": "Outer", "Index Name": "idx_orders_custkey", "Startup Cost": 0.0, "Total Cost": 0.43, "Plan Rows": 4, "Plan Width": 0, "Actual Startup Time": 727.47, "Actual Total Time": 727.47, "Actual Rows": 1200363, "Actual Loops": 119972, "Index Cond": "(o_custkey = customer.c_custkey)"}]}]}, {"Node Type": "Bitmap Heap Scan", "Parent Relationship": "Inner", "Relation Name": "lineitem", "Alias": "lineitem", "Startup Cost": 0.38, "Total Cost": 4.54, "Plan Rows": 3, "Plan Width": 40, "Actual Startup Time": 14891.853, "Actual Total Time": 15507.614, "Actual Rows": 1459150, "Actual Loops": 1200363, "Recheck Cond": "(l_orderkey = orders.o_orderkey)", "Rows Removed by Index Recheck": 0, "Filter": "((l_shipdate >= '1995-01-01 00:00:00'::timestamp(0) without time zone) AND (l_shipdate <= '1996-12-31 00:00:00'::timestamp(0) without time zone))", "Rows Removed by Filter": 3342563, "Exact Heap Blocks": 1285989, "Lossy Heap Blocks": 1285989, "Plans": [{"Node Type": "Bitmap Index Scan", "Parent Relationship": "Outer", "Index Name": "idx_lineitem_orderkey", "Startup Cost": 0.0, "Total Cost": 0.38, "Plan Rows": 9, "Plan Width": 0, "Actual Startup Time": 8508.563, "Actual Total Time": 8508.563, "Actual Rows": 4801713, "Actual Loops": 1200363, "Index Cond": "(l_orderkey = orders.o_orderkey)"}]}]}]}, {"Node Type": "Sort", "Parent Relationship": "Inner", "Startup Cost": 11587.82, "Total Cost": 11837.82, "Plan Rows": 100000, "Plan Width": 12, "Actual Startup Time": 71.268, "Actual Total Time": 83.519, "Actual Rows": 100000, "Actual Loops": 1, "Sort Key": ["supplier.s_suppkey", "supplier.s_nationkey"], "Sort Method": "quicksort", "Sort Space Used": 12448, "Sort Space Type": "Memory", "Plans": [{"Node Type": "Seq Scan", "Parent Relationship": "Outer", "Relation Name": "supplier", "Alias": "supplier", "Startup Cost": 0.0, "Total Cost": 3283.0, "Plan Rows": 100000, "Plan Width": 12, "Actual Startup Time": 0.06, "Actual Total Time": 33.752, "Actual Rows": 100000, "Actual Loops": 1}]}]}]}]}, "Triggers": [], "Planner Runtime": 3, "Total Runtime": 24281.312, "Unique SQL Id": 2208782157}}, "(1, 83)": {"explain_plan": {"Plan": {"Node Type": "Aggregate", "Strategy": "Sorted", "Startup Cost": 99673573.01, "Total Cost": 99673683.65, "Plan Rows": 3688, "Plan Width": 84, "Group By Key": ["n1.n_name", "n2.n_name", "(date_part('year'::text, lineitem.l_shipdate))"], "Plans": [{"Node Type": "Sort", "Parent Relationship": "Outer", "Startup Cost": 99673573.01, "Total Cost": 99673582.23, "Plan Rows": 3688, "Plan Width": 76, "Sort Key": ["n1.n_name", "n2.n_name", "(date_part('year'::text, lineitem.l_shipdate))"], "Plans": [{"Node Type": "Nested Loop", "Parent Relationship": "Outer", "Join Type": "Inner", "Startup Cost": 627986.71, "Total Cost": 99673354.52, "Plan Rows": 3688, "Plan Width": 76, "Inner Unique": true, "Join Filter": "(((n1.n_name = 'JAPAN'::bpchar) AND (n2.n_name = 'INDIA'::bpchar)) OR ((n1.n_name = 'INDIA'::bpchar) AND (n2.n_name = 'JAPAN'::bpchar)))", "Plans": [{"Node Type": "Nested Loop", "Parent Relationship": "Outer", "Join Type": "Inner", "Startup Cost": 627986.45, "Total Cost": 94724471.42, "Plan Rows": 1153515, "Plan Width": 54, "Inner Unique": true, "Plans": [{"Node Type": "Nested Loop", "Parent Relationship": "Outer", "Join Type": "Inner", "Startup Cost": 627986.2, "Total Cost": 89787046.56, "Plan Rows": 1153515, "Plan Width": 32, "Inner Unique": true, "Plans": [{"Node Type": "Nested Loop", "Parent Relationship": "Outer", "Join Type": "Inner", "Startup Cost": 627985.94, "Total Cost": 84848088.55, "Plan Rows": 1153515, "Plan Width": 36, "Inner Unique": true, "Plans": [{"Node Type": "Nested Loop", "Parent Relationship": "Outer", "Join Type": "Inner", "Startup Cost": 627985.67, "Total Cost": 79896146.0, "Plan Rows": 1153515, "Plan Width": 36, "Inner Unique": true, "Plans": [{"Node Type": "Bitmap Heap Scan", "Parent Relationship": "Outer", "Relation Name": "lineitem", "Alias": "lineitem", "Startup Cost": 627985.41, "Total Cost": 2315105.27, "Plan Rows": 18124991, "Plan Width": 40, "Recheck Cond": "((l_shipdate >= '1995-01-01 00:00:00'::timestamp(0) without time zone) AND (l_shipdate <= '1996-12-31 00:00:00'::timestamp(0) without time zone)), (LLVM Optimized)", "Plans": [{"Node Type": "Bitmap Index Scan", "Parent Relationship": "Outer", "Index Name": "idx_lineitem_shipdate", "Startup Cost": 0.0, "Total Cost": 623454.16, "Plan Rows": 18124991, "Plan Width": 0, "Index Cond": "((l_shipdate >= '1995-01-01 00:00:00'::timestamp(0) without time zone) AND (l_shipdate <= '1996-12-31 00:00:00'::timestamp(0) without time zone))"}]}, {"Node Type": "Bitmap Heap Scan", "Parent Relationship": "Inner", "Relation Name": "supplier", "Alias": "supplier", "Startup Cost": 0.26, "Total Cost": 4.27, "Plan Rows": 1, "Plan Width": 12, "Recheck Cond": "(s_suppkey = lineitem.l_suppkey)", "Plans": [{"Node Type": "Bitmap Index Scan", "Parent Relationship": "Outer", "Index Name": "supplier_pkey", "Startup Cost": 0.0, "Total Cost": 0.26, "Plan Rows": 1, "Plan Width": 0, "Index Cond": "(s_suppkey = lineitem.l_suppkey)"}]}]}, {"Node Type": "Bitmap Heap Scan", "Parent Relationship": "Inner", "Relation Name": "orders", "Alias": "orders", "Startup Cost": 0.27, "Total Cost": 4.28, "Plan Rows": 1, "Plan Width": 16, "Recheck Cond": "(o_orderkey = lineitem.l_orderkey)", "Plans": [{"Node Type": "Bitmap Index Scan", "Parent Relationship": "Outer", "Index Name": "orders_pkey", "Startup Cost": 0.0, "Total Cost": 0.27, "Plan Rows": 1, "Plan Width": 0, "Index Cond": "(o_orderkey = lineitem.l_orderkey)"}]}]}, {"Node Type": "Bitmap Heap Scan", "Parent Relationship": "Inner", "Relation Name": "customer", "Alias": "customer", "Startup Cost": 0.26, "Total Cost": 4.27, "Plan Rows": 1, "Plan Width": 12, "Recheck Cond": "(c_custkey = orders.o_custkey)", "Plans": [{"Node Type": "Bitmap Index Scan", "Parent Relationship": "Outer", "Index Name": "customer_pkey", "Startup Cost": 0.0, "Total Cost": 0.26, "Plan Rows": 1, "Plan Width": 0, "Index Cond": "(c_custkey = orders.o_custkey)"}]}]}, {"Node Type": "Bitmap Heap Scan", "Parent Relationship": "Inner", "Relation Name": "nation", "Alias": "n1", "Startup Cost": 0.26, "Total Cost": 4.27, "Plan Rows": 1, "Plan Width": 30, "Recheck Cond": "(n_nationkey = supplier.s_nationkey)", "Filter": "((n_name = 'JAPAN'::bpchar) OR (n_name = 'INDIA'::bpchar))", "Plans": [{"Node Type": "Bitmap Index Scan", "Parent Relationship": "Outer", "Index Name": "nation_pkey", "Startup Cost": 0.0, "Total Cost": 0.26, "Plan Rows": 1, "Plan Width": 0, "Index Cond": "(n_nationkey = supplier.s_nationkey)"}]}]}, {"Node Type": "Bitmap Heap Scan", "Parent Relationship": "Inner", "Relation Name": "nation", "Alias": "n2", "Startup Cost": 0.26, "Total Cost": 4.27, "Plan Rows": 1, "Plan Width": 30, "Recheck Cond": "(n_nationkey = customer.c_nationkey)", "Filter": "((n_name = 'INDIA'::bpchar) OR (n_name = 'JAPAN'::bpchar))", "Plans": [{"Node Type": "Bitmap Index Scan", "Parent Relationship": "Outer", "Index Name": "nation_pkey", "Startup Cost": 0.0, "Total Cost": 0.26, "Plan Rows": 1, "Plan Width": 0, "Index Cond": "(n_nationkey = customer.c_nationkey)"}]}]}]}]}, "Unique SQL Id": 2208782157, "Planner Runtime": 2}, "explain_analyze_plan": null}, "(1, 84)": {"explain_plan": {"Plan": {"Node Type": "Aggregate", "Strategy": "Sorted", "Startup Cost": 725080.21, "Total Cost": 725190.85, "Plan Rows": 3688, "Plan Width": 84, "Group By Key": ["n1.n_name", "n2.n_name", "(date_part('year'::text, lineitem.l_shipdate))"], "Plans": [{"Node Type": "Sort", "Parent Relationship": "Outer", "Startup Cost": 725080.21, "Total Cost": 725089.43, "Plan Rows": 3688, "Plan Width": 76, "Sort Key": ["n1.n_name", "n2.n_name", "(date_part('year'::text, lineitem.l_shipdate))"], "Plans": [{"Node Type": "Merge Join", "Parent Relationship": "Outer", "Join Type": "Inner", "Startup Cost": 714975.42, "Total Cost": 724861.72, "Plan Rows": 3688, "Plan Width": 76, "Inner Unique": false, "Merge Cond": "(supplier.s_suppkey = lineitem.l_suppkey)", "Join Filter": "(n1.n_nationkey = supplier.s_nationkey)", "Plans": [{"Node Type": "Index Scan", "Parent Relationship": "Outer", "Scan Direction": "Forward", "Index Name": "supplier_pkey", "Relation Name": "supplier", "Alias": "supplier", "Startup Cost": 0.0, "Total Cost": 5334.54, "Plan Rows": 100000, "Plan Width": 12}, {"Node Type": "Sort", "Parent Relationship": "Inner", "Startup Cost": 714975.05, "Total Cost": 716827.02, "Plan Rows": 740786, "Plan Width": 88, "Sort Key": ["lineitem.l_suppkey"], "Plans": [{"Node Type": "Nested Loop", "Parent Relationship": "Outer", "Join Type": "Inner", "Startup Cost": 1030.37, "Total Cost": 642753.24, "Plan Rows": 740786, "Plan Width": 88, "Inner Unique": false, "Plans": [{"Node Type": "Nested Loop", "Parent Relationship": "Outer", "Join Type": "Inner", "Startup Cost": 1030.37, "Total Cost": 166015.61, "Plan Rows": 504972, "Plan Width": 64, "Inner Unique": false, "Plans": [{"Node Type": "Nested Loop", "Parent Relationship": "Outer", "Join Type": "Inner", "Startup Cost": 1030.37, "Total Cost": 14893.09, "Plan Rows": 119904, "Plan Width": 64, "Inner Unique": false, "Plans": [{"Node Type": "Nested Loop", "Parent Relationship": "Outer", "Join Type": "Inner", "Startup Cost": 0.0, "Total Cost": 28.12, "Plan Rows": 2, "Plan Width": 60, "Inner Unique": false, "Join Filter": "(((n1.n_name = 'JAPAN'::bpchar) AND (n2.n_name = 'INDIA'::bpchar)) OR ((n1.n_name = 'INDIA'::bpchar) AND (n2.n_name = 'JAPAN'::bpchar)))", "Plans": [{"Node Type": "Index Scan", "Parent Relationship": "Outer", "Scan Direction": "Forward", "Index Name": "nation_pkey", "Relation Name": "nation", "Alias": "n1", "Startup Cost": 0.0, "Total Cost": 12.75, "Plan Rows": 25, "Plan Width": 30, "Filter": "((n_name = 'JAPAN'::bpchar) OR (n_name = 'INDIA'::bpchar))"}, {"Node Type": "Materialize", "Parent Relationship": "Inner", "Startup Cost": 0.0, "Total Cost": 1.38, "Plan Rows": 25, "Plan Width": 30, "Plans": [{"Node Type": "Seq Scan", "Parent Relationship": "Outer", "Relation Name": "nation", "Alias": "n2", "Startup Cost": 0.0, "Total Cost": 1.25, "Plan Rows": 25, "Plan Width": 30, "Filter": "((n_name = 'INDIA'::bpchar) OR (n_name = 'JAPAN'::bpchar))"}]}]}, {"Node Type": "Bitmap Heap Scan", "Parent Relationship": "Inner", "Relation Name": "customer", "Alias": "customer", "Startup Cost": 1030.37, "Total Cost": 6832.48, "Plan Rows": 60000, "Plan Width": 12, "Recheck Cond": "(c_nationkey = n2.n_nationkey)", "Plans": [{"Node Type": "Bitmap Index Scan", "Parent Relationship": "Outer", "Index Name": "idx_customer_nationkey", "Startup Cost": 0.0, "Total Cost": 1015.37, "Plan Rows": 60000, "Plan Width": 0, "Index Cond": "(c_nationkey = n2.n_nationkey)"}]}]}, {"Node Type": "Index Scan", "Parent Relationship": "Inner", "Scan Direction": "Forward", "Index Name": "idx_orders_custkey", "Relation Name": "orders", "Alias": "orders", "Startup Cost": 0.0, "Total Cost": 1.22, "Plan Rows": 4, "Plan Width": 16, "Index Cond": "(o_custkey = customer.c_custkey)"}]}, {"Node Type": "Index Scan", "Parent Relationship": "Inner", "Scan Direction": "Forward", "Index Name": "idx_lineitem_orderkey", "Relation Name": "lineitem", "Alias": "lineitem", "Startup Cost": 0.0, "Total Cost": 0.91, "Plan Rows": 3, "Plan Width": 40, "Index Cond": "(l_orderkey = orders.o_orderkey)", "Filter": "((l_shipdate >= '1995-01-01 00:00:00'::timestamp(0) without time zone) AND (l_shipdate <= '1996-12-31 00:00:00'::timestamp(0) without time zone))"}]}]}]}]}]}, "Unique SQL Id": 2208782157, "Planner Runtime": 3}, "explain_analyze_plan": {"Plan": {"Node Type": "Aggregate", "Strategy": "Sorted", "Startup Cost": 725080.21, "Total Cost": 725190.85, "Plan Rows": 3688, "Plan Width": 84, "Actual Startup Time": 20561.913, "Actual Total Time": 20596.012, "Actual Rows": 4, "Actual Loops": 1, "Group By Key": ["n1.n_name", "n2.n_name", "(date_part('year'::text, lineitem.l_shipdate))"], "Plans": [{"Node Type": "Sort", "Parent Relationship": "Outer", "Startup Cost": 725080.21, "Total Cost": 725089.43, "Plan Rows": 3688, "Plan Width": 76, "Actual Startup Time": 20550.594, "Actual Total Time": 20556.576, "Actual Rows": 58554, "Actual Loops": 1, "Sort Key": ["n1.n_name", "n2.n_name", "(date_part('year'::text, lineitem.l_shipdate))"], "Sort Method": "quicksort", "Sort Space Used": 10686, "Sort Space Type": "Memory", "Plans": [{"Node Type": "Merge Join", "Parent Relationship": "Outer", "Join Type": "Inner", "Startup Cost": 714975.42, "Total Cost": 724861.72, "Plan Rows": 3688, "Plan Width": 76, "Actual Startup Time": 19537.17, "Actual Total Time": 20513.019, "Actual Rows": 58554, "Actual Loops": 1, "Inner Unique": false, "Merge Cond": "(supplier.s_suppkey = lineitem.l_suppkey)", "Join Filter": "(n1.n_nationkey = supplier.s_nationkey)", "Rows Removed by Join Filter": 0, "Plans": [{"Node Type": "Index Scan", "Parent Relationship": "Outer", "Scan Direction": "Forward", "Index Name": "supplier_pkey", "Relation Name": "supplier", "Alias": "supplier", "Startup Cost": 0.0, "Total Cost": 5334.54, "Plan Rows": 100000, "Plan Width": 12, "Actual Startup Time": 0.026, "Actual Total Time": 60.94, "Actual Rows": 100000, "Actual Loops": 1}, {"Node Type": "Sort", "Parent Relationship": "Inner", "Startup Cost": 714975.05, "Total Cost": 716827.02, "Plan Rows": 740786, "Plan Width": 88, "Actual Startup Time": 19536.678, "Actual Total Time": 19899.14, "Actual Rows": 1459150, "Actual Loops": 1, "Sort Key": ["lineitem.l_suppkey"], "Sort Method": "quicksort", "Sort Space Used": 277145, "Sort Space Type": "Memory", "Plans": [{"Node Type": "Nested Loop", "Parent Relationship": "Outer", "Join Type": "Inner", "Startup Cost": 1030.37, "Total Cost": 642753.24, "Plan Rows": 740786, "Plan Width": 88, "Actual Startup Time": 17.966, "Actual Total Time": 18819.438, "Actual Rows": 1459150, "Actual Loops": 1, "Inner Unique": false, "Plans": [{"Node Type": "Nested Loop", "Parent Relationship": "Outer", "Join Type": "Inner", "Startup Cost": 1030.37, "Total Cost": 166015.61, "Plan Rows": 504972, "Plan Width": 64, "Actual Startup Time": 17.892, "Actual Total Time": 3938.996, "Actual Rows": 1200363, "Actual Loops": 1, "Inner Unique": false, "Plans": [{"Node Type": "Nested Loop", "Parent Relationship": "Outer", "Join Type": "Inner", "Startup Cost": 1030.37, "Total Cost": 14893.09, "Plan Rows": 119904, "Plan Width": 64, "Actual Startup Time": 17.865, "Actual Total Time": 277.062, "Actual Rows": 119972, "Actual Loops": 1, "Inner Unique": false, "Plans": [{"Node Type": "Nested Loop", "Parent Relationship": "Outer", "Join Type": "Inner", "Startup Cost": 0.0, "Total Cost": 28.12, "Plan Rows": 2, "Plan Width": 60, "Actual Startup Time": 0.051, "Actual Total Time": 0.237, "Actual Rows": 2, "Actual Loops": 1, "Inner Unique": false, "Join Filter": "(((n1.n_name = 'JAPAN'::bpchar) AND (n2.n_name = 'INDIA'::bpchar)) OR ((n1.n_name = 'INDIA'::bpchar) AND (n2.n_name = 'JAPAN'::bpchar)))", "Rows Removed by Join Filter": 2, "Plans": [{"Node Type": "Index Scan", "Parent Relationship": "Outer", "Scan Direction": "Forward", "Index Name": "nation_pkey", "Relation Name": "nation", "Alias": "n1", "Startup Cost": 0.0, "Total Cost": 12.75, "Plan Rows": 25, "Plan Width": 30, "Actual Startup Time": 0.016, "Actual Total Time": 0.049, "Actual Rows": 2, "Actual Loops": 1, "Filter": "((n_name = 'JAPAN'::bpchar) OR (n_name = 'INDIA'::bpchar))", "Rows Removed by Filter": 23}, {"Node Type": "Materialize", "Parent Relationship": "Inner", "Startup Cost": 0.0, "Total Cost": 1.38, "Plan Rows": 25, "Plan Width": 30, "Actual Startup Time": 0.028, "Actual Total Time": 0.051, "Actual Rows": 4, "Actual Loops": 2, "Plans": [{"Node Type": "Seq Scan", "Parent Relationship": "Outer", "Relation Name": "nation", "Alias": "n2", "Startup Cost": 0.0, "Total Cost": 1.25, "Plan Rows": 25, "Plan Width": 30, "Actual Startup Time": 0.019, "Actual Total Time": 0.039, "Actual Rows": 2, "Actual Loops": 1, "Filter": "((n_name = 'INDIA'::bpchar) OR (n_name = 'JAPAN'::bpchar))", "Rows Removed by Filter": 23}]}]}, {"Node Type": "Bitmap Heap Scan", "Parent Relationship": "Inner", "Relation Name": "customer", "Alias": "customer", "Startup Cost": 1030.37, "Total Cost": 6832.48, "Plan Rows": 60000, "Plan Width": 12, "Actual Startup Time": 35.768, "Actual Total Time": 245.746, "Actual Rows": 119972, "Actual Loops": 2, "Recheck Cond": "(c_nationkey = n2.n_nationkey)", "Rows Removed by Index Recheck": 0, "Exact Heap Blocks": 59938, "Lossy Heap Blocks": 59938, "Plans": [{"Node Type": "Bitmap Index Scan", "Parent Relationship": "Outer", "Index Name": "idx_customer_nationkey", "Startup Cost": 0.0, "Total Cost": 1015.37, "Plan Rows": 60000, "Plan Width": 0, "Actual Startup Time": 22.512, "Actual Total Time": 22.512, "Actual Rows": 119972, "Actual Loops": 2, "Index Cond": "(c_nationkey = n2.n_nationkey)"}]}]}, {"Node Type": "Index Scan", "Parent Relationship": "Inner", "Scan Direction": "Forward", "Index Name": "idx_orders_custkey", "Relation Name": "orders", "Alias": "orders", "Startup Cost": 0.0, "Total Cost": 1.22, "Plan Rows": 4, "Plan Width": 16, "Actual Startup Time": 725.665, "Actual Total Time": 3307.85, "Actual Rows": 1200363, "Actual Loops": 119972, "Index Cond": "(o_custkey = customer.c_custkey)", "Rows Removed by Index Recheck": 0}]}, {"Node Type": "Index Scan", "Parent Relationship": "Inner", "Scan Direction": "Forward", "Index Name": "idx_lineitem_orderkey", "Relation Name": "lineitem", "Alias": "lineitem", "Startup Cost": 0.0, "Total Cost": 0.91, "Plan Rows": 3, "Plan Width": 40, "Actual Startup Time": 12735.382, "Actual Total Time": 13902.399, "Actual Rows": 1459150, "Actual Loops": 1200363, "Index Cond": "(l_orderkey = orders.o_orderkey)", "Rows Removed by Index Recheck": 0, "Filter": "((l_shipdate >= '1995-01-01 00:00:00'::timestamp(0) without time zone) AND (l_shipdate <= '1996-12-31 00:00:00'::timestamp(0) without time zone))", "Rows Removed by Filter": 3342563}]}]}]}]}]}, "Triggers": [], "Planner Runtime": 3, "Total Runtime": 20596.527, "Unique SQL Id": 2208782157}}, "(1, 85)": {"explain_plan": {"Plan": {"Node Type": "Aggregate", "Strategy": "Sorted", "Startup Cost": 725091.71, "Total Cost": 725202.35, "Plan Rows": 3688, "Plan Width": 84, "Group By Key": ["n1.n_name", "n2.n_name", "(date_part('year'::text, lineitem.l_shipdate))"], "Plans": [{"Node Type": "Sort", "Parent Relationship": "Outer", "Startup Cost": 725091.71, "Total Cost": 725100.93, "Plan Rows": 3688, "Plan Width": 76, "Sort Key": ["n1.n_name", "n2.n_name", "(date_part('year'::text, lineitem.l_shipdate))"], "Plans": [{"Node Type": "Merge Join", "Parent Relationship": "Outer", "Join Type": "Inner", "Startup Cost": 714986.92, "Total Cost": 724873.22, "Plan Rows": 3688, "Plan Width": 76, "Inner Unique": false, "Merge Cond": "(supplier.s_suppkey = lineitem.l_suppkey)", "Join Filter": "(n1.n_nationkey = supplier.s_nationkey)", "Plans": [{"Node Type": "Index Scan", "Parent Relationship": "Outer", "Scan Direction": "Forward", "Index Name": "supplier_pkey", "Relation Name": "supplier", "Alias": "supplier", "Startup Cost": 0.0, "Total Cost": 5334.54, "Plan Rows": 100000, "Plan Width": 12}, {"Node Type": "Sort", "Parent Relationship": "Inner", "Startup Cost": 714986.55, "Total Cost": 716838.52, "Plan Rows": 740786, "Plan Width": 88, "Sort Key": ["lineitem.l_suppkey"], "Plans": [{"Node Type": "Nested Loop", "Parent Relationship": "Outer", "Join Type": "Inner", "Startup Cost": 1030.37, "Total Cost": 642764.74, "Plan Rows": 740786, "Plan Width": 88, "Inner Unique": false, "Plans": [{"Node Type": "Nested Loop", "Parent Relationship": "Outer", "Join Type": "Inner", "Startup Cost": 1030.37, "Total Cost": 166027.11, "Plan Rows": 504972, "Plan Width": 64, "Inner Unique": false, "Plans": [{"Node Type": "Nested Loop", "Parent Relationship": "Outer", "Join Type": "Inner", "Startup Cost": 1030.37, "Total Cost": 14904.59, "Plan Rows": 119904, "Plan Width": 64, "Inner Unique": false, "Plans": [{"Node Type": "Nested Loop", "Parent Relationship": "Outer", "Join Type": "Inner", "Startup Cost": 0.0, "Total Cost": 39.62, "Plan Rows": 2, "Plan Width": 60, "Inner Unique": false, "Join Filter": "(((n1.n_name = 'JAPAN'::bpchar) AND (n2.n_name = 'INDIA'::bpchar)) OR ((n1.n_name = 'INDIA'::bpchar) AND (n2.n_name = 'JAPAN'::bpchar)))", "Plans": [{"Node Type": "Index Scan", "Parent Relationship": "Outer", "Scan Direction": "Forward", "Index Name": "nation_pkey", "Relation Name": "nation", "Alias": "n1", "Startup Cost": 0.0, "Total Cost": 12.75, "Plan Rows": 25, "Plan Width": 30, "Filter": "((n_name = 'JAPAN'::bpchar) OR (n_name = 'INDIA'::bpchar))"}, {"Node Type": "Materialize", "Parent Relationship": "Inner", "Startup Cost": 0.0, "Total Cost": 12.88, "Plan Rows": 25, "Plan Width": 30, "Plans": [{"Node Type": "Index Scan", "Parent Relationship": "Outer", "Scan Direction": "Forward", "Index Name": "nation_pkey", "Relation Name": "nation", "Alias": "n2", "Startup Cost": 0.0, "Total Cost": 12.75, "Plan Rows": 25, "Plan Width": 30, "Filter": "((n_name = 'INDIA'::bpchar) OR (n_name = 'JAPAN'::bpchar))"}]}]}, {"Node Type": "Bitmap Heap Scan", "Parent Relationship": "Inner", "Relation Name": "customer", "Alias": "customer", "Startup Cost": 1030.37, "Total Cost": 6832.48, "Plan Rows": 60000, "Plan Width": 12, "Recheck Cond": "(c_nationkey = n2.n_nationkey)", "Plans": [{"Node Type": "Bitmap Index Scan", "Parent Relationship": "Outer", "Index Name": "idx_customer_nationkey", "Startup Cost": 0.0, "Total Cost": 1015.37, "Plan Rows": 60000, "Plan Width": 0, "Index Cond": "(c_nationkey = n2.n_nationkey)"}]}]}, {"Node Type": "Index Scan", "Parent Relationship": "Inner", "Scan Direction": "Forward", "Index Name": "idx_orders_custkey", "Relation Name": "orders", "Alias": "orders", "Startup Cost": 0.0, "Total Cost": 1.22, "Plan Rows": 4, "Plan Width": 16, "Index Cond": "(o_custkey = customer.c_custkey)"}]}, {"Node Type": "Index Scan", "Parent Relationship": "Inner", "Scan Direction": "Forward", "Index Name": "idx_lineitem_orderkey", "Relation Name": "lineitem", "Alias": "lineitem", "Startup Cost": 0.0, "Total Cost": 0.91, "Plan Rows": 3, "Plan Width": 40, "Index Cond": "(l_orderkey = orders.o_orderkey)", "Filter": "((l_shipdate >= '1995-01-01 00:00:00'::timestamp(0) without time zone) AND (l_shipdate <= '1996-12-31 00:00:00'::timestamp(0) without time zone))"}]}]}]}]}]}, "Unique SQL Id": 2208782157, "Planner Runtime": 3}, "explain_analyze_plan": {"Plan": {"Node Type": "Aggregate", "Strategy": "Sorted", "Startup Cost": 725091.71, "Total Cost": 725202.35, "Plan Rows": 3688, "Plan Width": 84, "Actual Startup Time": 20081.268, "Actual Total Time": 20115.186, "Actual Rows": 4, "Actual Loops": 1, "Group By Key": ["n1.n_name", "n2.n_name", "(date_part('year'::text, lineitem.l_shipdate))"], "Plans": [{"Node Type": "Sort", "Parent Relationship": "Outer", "Startup Cost": 725091.71, "Total Cost": 725100.93, "Plan Rows": 3688, "Plan Width": 76, "Actual Startup Time": 20069.942, "Actual Total Time": 20075.856, "Actual Rows": 58554, "Actual Loops": 1, "Sort Key": ["n1.n_name", "n2.n_name", "(date_part('year'::text, lineitem.l_shipdate))"], "Sort Method": "quicksort", "Sort Space Used": 10686, "Sort Space Type": "Memory", "Plans": [{"Node Type": "Merge Join", "Parent Relationship": "Outer", "Join Type": "Inner", "Startup Cost": 714986.92, "Total Cost": 724873.22, "Plan Rows": 3688, "Plan Width": 76, "Actual Startup Time": 19148.188, "Actual Total Time": 20033.163, "Actual Rows": 58554, "Actual Loops": 1, "Inner Unique": false, "Merge Cond": "(supplier.s_suppkey = lineitem.l_suppkey)", "Join Filter": "(n1.n_nationkey = supplier.s_nationkey)", "Rows Removed by Join Filter": 0, "Plans": [{"Node Type": "Index Scan", "Parent Relationship": "Outer", "Scan Direction": "Forward", "Index Name": "supplier_pkey", "Relation Name": "supplier", "Alias": "supplier", "Startup Cost": 0.0, "Total Cost": 5334.54, "Plan Rows": 100000, "Plan Width": 12, "Actual Startup Time": 0.026, "Actual Total Time": 57.015, "Actual Rows": 100000, "Actual Loops": 1}, {"Node Type": "Sort", "Parent Relationship": "Inner", "Startup Cost": 714986.55, "Total Cost": 716838.52, "Plan Rows": 740786, "Plan Width": 88, "Actual Startup Time": 19146.322, "Actual Total Time": 19447.751, "Actual Rows": 1459150, "Actual Loops": 1, "Sort Key": ["lineitem.l_suppkey"], "Sort Method": "quicksort", "Sort Space Used": 277145, "Sort Space Type": "Memory", "Plans": [{"Node Type": "Nested Loop", "Parent Relationship": "Outer", "Join Type": "Inner", "Startup Cost": 1030.37, "Total Cost": 642764.74, "Plan Rows": 740786, "Plan Width": 88, "Actual Startup Time": 17.855, "Actual Total Time": 18428.823, "Actual Rows": 1459150, "Actual Loops": 1, "Inner Unique": false, "Plans": [{"Node Type": "Nested Loop", "Parent Relationship": "Outer", "Join Type": "Inner", "Startup Cost": 1030.37, "Total Cost": 166027.11, "Plan Rows": 504972, "Plan Width": 64, "Actual Startup Time": 17.788, "Actual Total Time": 3839.626, "Actual Rows": 1200363, "Actual Loops": 1, "Inner Unique": false, "Plans": [{"Node Type": "Nested Loop", "Parent Relationship": "Outer", "Join Type": "Inner", "Startup Cost": 1030.37, "Total Cost": 14904.59, "Plan Rows": 119904, "Plan Width": 64, "Actual Startup Time": 17.764, "Actual Total Time": 271.568, "Actual Rows": 119972, "Actual Loops": 1, "Inner Unique": false, "Plans": [{"Node Type": "Nested Loop", "Parent Relationship": "Outer", "Join Type": "Inner", "Startup Cost": 0.0, "Total Cost": 39.62, "Plan Rows": 2, "Plan Width": 60, "Actual Startup Time": 0.045, "Actual Total Time": 0.248, "Actual Rows": 2, "Actual Loops": 1, "Inner Unique": false, "Join Filter": "(((n1.n_name = 'JAPAN'::bpchar) AND (n2.n_name = 'INDIA'::bpchar)) OR ((n1.n_name = 'INDIA'::bpchar) AND (n2.n_name = 'JAPAN'::bpchar)))", "Rows Removed by Join Filter": 2, "Plans": [{"Node Type": "Index Scan", "Parent Relationship": "Outer", "Scan Direction": "Forward", "Index Name": "nation_pkey", "Relation Name": "nation", "Alias": "n1", "Startup Cost": 0.0, "Total Cost": 12.75, "Plan Rows": 25, "Plan Width": 30, "Actual Startup Time": 0.016, "Actual Total Time": 0.049, "Actual Rows": 2, "Actual Loops": 1, "Filter": "((n_name = 'JAPAN'::bpchar) OR (n_name = 'INDIA'::bpchar))", "Rows Removed by Filter": 23}, {"Node Type": "Materialize", "Parent Relationship": "Inner", "Startup Cost": 0.0, "Total Cost": 12.88, "Plan Rows": 25, "Plan Width": 30, "Actual Startup Time": 0.022, "Actual Total Time": 0.135, "Actual Rows": 4, "Actual Loops": 2, "Plans": [{"Node Type": "Index Scan", "Parent Relationship": "Outer", "Scan Direction": "Forward", "Index Name": "nation_pkey", "Relation Name": "nation", "Alias": "n2", "Startup Cost": 0.0, "Total Cost": 12.75, "Plan Rows": 25, "Plan Width": 30, "Actual Startup Time": 0.011, "Actual Total Time": 0.121, "Actual Rows": 2, "Actual Loops": 1, "Filter": "((n_name = 'INDIA'::bpchar) OR (n_name = 'JAPAN'::bpchar))", "Rows Removed by Filter": 23}]}]}, {"Node Type": "Bitmap Heap Scan", "Parent Relationship": "Inner", "Relation Name": "customer", "Alias": "customer", "Startup Cost": 1030.37, "Total Cost": 6832.48, "Plan Rows": 60000, "Plan Width": 12, "Actual Startup Time": 35.869, "Actual Total Time": 242.053, "Actual Rows": 119972, "Actual Loops": 2, "Recheck Cond": "(c_nationkey = n2.n_nationkey)", "Rows Removed by Index Recheck": 0, "Exact Heap Blocks": 59938, "Lossy Heap Blocks": 59938, "Plans": [{"Node Type": "Bitmap Index Scan", "Parent Relationship": "Outer", "Index Name": "idx_customer_nationkey", "Startup Cost": 0.0, "Total Cost": 1015.37, "Plan Rows": 60000, "Plan Width": 0, "Actual Startup Time": 22.697, "Actual Total Time": 22.697, "Actual Rows": 119972, "Actual Loops": 2, "Index Cond": "(c_nationkey = n2.n_nationkey)"}]}]}, {"Node Type": "Index Scan", "Parent Relationship": "Inner", "Scan Direction": "Forward", "Index Name": "idx_orders_custkey", "Relation Name": "orders", "Alias": "orders", "Startup Cost": 0.0, "Total Cost": 1.22, "Plan Rows": 4, "Plan Width": 16, "Actual Startup Time": 711.763, "Actual Total Time": 3214.869, "Actual Rows": 1200363, "Actual Loops": 119972, "Index Cond": "(o_custkey = customer.c_custkey)", "Rows Removed by Index Recheck": 0}]}, {"Node Type": "Index Scan", "Parent Relationship": "Inner", "Scan Direction": "Forward", "Index Name": "idx_lineitem_orderkey", "Relation Name": "lineitem", "Alias": "lineitem", "Startup Cost": 0.0, "Total Cost": 0.91, "Plan Rows": 3, "Plan Width": 40, "Actual Startup Time": 12466.197, "Actual Total Time": 13612.312, "Actual Rows": 1459150, "Actual Loops": 1200363, "Index Cond": "(l_orderkey = orders.o_orderkey)", "Rows Removed by Index Recheck": 0, "Filter": "((l_shipdate >= '1995-01-01 00:00:00'::timestamp(0) without time zone) AND (l_shipdate <= '1996-12-31 00:00:00'::timestamp(0) without time zone))", "Rows Removed by Filter": 3342563}]}]}]}]}]}, "Triggers": [], "Planner Runtime": 3, "Total Runtime": 20115.672, "Unique SQL Id": 2208782157}}, "(1, 86)": {"explain_plan": {"Plan": {"Node Type": "Aggregate", "Strategy": "Sorted", "Startup Cost": 2954140.22, "Total Cost": 2954250.86, "Plan Rows": 3688, "Plan Width": 84, "Group By Key": ["n1.n_name", "n2.n_name", "(date_part('year'::text, lineitem.l_shipdate))"], "Plans": [{"Node Type": "Sort", "Parent Relationship": "Outer", "Startup Cost": 2954140.22, "Total Cost": 2954149.44, "Plan Rows": 3688, "Plan Width": 76, "Sort Key": ["n1.n_name", "n2.n_name", "(date_part('year'::text, lineitem.l_shipdate))"], "Plans": [{"Node Type": "Merge Join", "Parent Relationship": "Outer", "Join Type": "Inner", "Startup Cost": 2947588.86, "Total Cost": 2953921.73, "Plan Rows": 3688, "Plan Width": 76, "Inner Unique": true, "Merge Cond": "((lineitem.l_suppkey = supplier.s_suppkey) AND (n1.n_nationkey = supplier.s_nationkey))", "Plans": [{"Node Type": "Sort", "Parent Relationship": "Outer", "Startup Cost": 2936000.49, "Total Cost": 2937852.45, "Plan Rows": 740786, "Plan Width": 88, "Sort Key": ["lineitem.l_suppkey", "n1.n_nationkey"], "Plans": [{"Node Type": "Nested Loop", "Parent Relationship": "Outer", "Join Type": "Inner", "Startup Cost": 1031.18, "Total Cost": 2863778.68, "Plan Rows": 740786, "Plan Width": 88, "Inner Unique": false, "Plans": [{"Node Type": "Nested Loop", "Parent Relationship": "Outer", "Join Type": "Inner", "Startup Cost": 1030.8, "Total Cost": 557356.7, "Plan Rows": 504972, "Plan Width": 64, "Inner Unique": false, "Plans": [{"Node Type": "Nested Loop", "Parent Relationship": "Outer", "Join Type": "Inner", "Startup Cost": 1030.37, "Total Cost": 14881.59, "Plan Rows": 119904, "Plan Width": 64, "Inner Unique": false, "Plans": [{"Node Type": "Nested Loop", "Parent Relationship": "Outer", "Join Type": "Inner", "Startup Cost": 0.0, "Total Cost": 16.62, "Plan Rows": 2, "Plan Width": 60, "Inner Unique": false, "Join Filter": "(((n1.n_name = 'JAPAN'::bpchar) AND (n2.n_name = 'INDIA'::bpchar)) OR ((n1.n_name = 'INDIA'::bpchar) AND (n2.n_name = 'JAPAN'::bpchar)))", "Plans": [{"Node Type": "Seq Scan", "Parent Relationship": "Outer", "Relation Name": "nation", "Alias": "n1", "Startup Cost": 0.0, "Total Cost": 1.25, "Plan Rows": 25, "Plan Width": 30, "Filter": "((n_name = 'JAPAN'::bpchar) OR (n_name = 'INDIA'::bpchar))"}, {"Node Type": "Materialize", "Parent Relationship": "Inner", "Startup Cost": 0.0, "Total Cost": 1.38, "Plan Rows": 25, "Plan Width": 30, "Plans": [{"Node Type": "Seq Scan", "Parent Relationship": "Outer", "Relation Name": "nation", "Alias": "n2", "Startup Cost": 0.0, "Total Cost": 1.25, "Plan Rows": 25, "Plan Width": 30, "Filter": "((n_name = 'INDIA'::bpchar) OR (n_name = 'JAPAN'::bpchar))"}]}]}, {"Node Type": "Bitmap Heap Scan", "Parent Relationship": "Inner", "Relation Name": "customer", "Alias": "customer", "Startup Cost": 1030.37, "Total Cost": 6832.48, "Plan Rows": 60000, "Plan Width": 12, "Recheck Cond": "(c_nationkey = n2.n_nationkey)", "Plans": [{"Node Type": "Bitmap Index Scan", "Parent Relationship": "Outer", "Index Name": "idx_customer_nationkey", "Startup Cost": 0.0, "Total Cost": 1015.37, "Plan Rows": 60000, "Plan Width": 0, "Index Cond": "(c_nationkey = n2.n_nationkey)"}]}]}, {"Node Type": "Bitmap Heap Scan", "Parent Relationship": "Inner", "Relation Name": "orders", "Alias": "orders", "Startup Cost": 0.43, "Total Cost": 4.48, "Plan Rows": 4, "Plan Width": 16, "Recheck Cond": "(o_custkey = customer.c_custkey)", "Plans": [{"Node Type": "Bitmap Index Scan", "Parent Relationship": "Outer", "Index Name": "idx_orders_custkey", "Startup Cost": 0.0, "Total Cost": 0.43, "Plan Rows": 4, "Plan Width": 0, "Index Cond": "(o_custkey = customer.c_custkey)"}]}]}, {"Node Type": "Bitmap Heap Scan", "Parent Relationship": "Inner", "Relation Name": "lineitem", "Alias": "lineitem", "Startup Cost": 0.38, "Total Cost": 4.54, "Plan Rows": 3, "Plan Width": 40, "Recheck Cond": "(l_orderkey = orders.o_orderkey)", "Filter": "((l_shipdate >= '1995-01-01 00:00:00'::timestamp(0) without time zone) AND (l_shipdate <= '1996-12-31 00:00:00'::timestamp(0) without time zone))", "Plans": [{"Node Type": "Bitmap Index Scan", "Parent Relationship": "Outer", "Index Name": "idx_lineitem_orderkey", "Startup Cost": 0.0, "Total Cost": 0.38, "Plan Rows": 9, "Plan Width": 0, "Index Cond": "(l_orderkey = orders.o_orderkey)"}]}]}]}, {"Node Type": "Sort", "Parent Relationship": "Inner", "Startup Cost": 11587.82, "Total Cost": 11837.82, "Plan Rows": 100000, "Plan Width": 12, "Sort Key": ["supplier.s_suppkey", "supplier.s_nationkey"], "Plans": [{"Node Type": "Seq Scan", "Parent Relationship": "Outer", "Relation Name": "supplier", "Alias": "supplier", "Startup Cost": 0.0, "Total Cost": 3283.0, "Plan Rows": 100000, "Plan Width": 12}]}]}]}]}, "Unique SQL Id": 2208782157, "Planner Runtime": 3}, "explain_analyze_plan": {"Plan": {"Node Type": "Aggregate", "Strategy": "Sorted", "Startup Cost": 2954140.22, "Total Cost": 2954250.86, "Plan Rows": 3688, "Plan Width": 84, "Actual Startup Time": 24246.689, "Actual Total Time": 24280.741, "Actual Rows": 4, "Actual Loops": 1, "Group By Key": ["n1.n_name", "n2.n_name", "(date_part('year'::text, lineitem.l_shipdate))"], "Plans": [{"Node Type": "Sort", "Parent Relationship": "Outer", "Startup Cost": 2954140.22, "Total Cost": 2954149.44, "Plan Rows": 3688, "Plan Width": 76, "Actual Startup Time": 24235.207, "Actual Total Time": 24241.483, "Actual Rows": 58554, "Actual Loops": 1, "Sort Key": ["n1.n_name", "n2.n_name", "(date_part('year'::text, lineitem.l_shipdate))"], "Sort Method": "quicksort", "Sort Space Used": 10686, "Sort Space Type": "Memory", "Plans": [{"Node Type": "Merge Join", "Parent Relationship": "Outer", "Join Type": "Inner", "Startup Cost": 2947588.86, "Total Cost": 2953921.73, "Plan Rows": 3688, "Plan Width": 76, "Actual Startup Time": 23515.573, "Actual Total Time": 24199.047, "Actual Rows": 58554, "Actual Loops": 1, "Inner Unique": true, "Merge Cond": "((lineitem.l_suppkey = supplier.s_suppkey) AND (n1.n_nationkey = supplier.s_nationkey))", "Plans": [{"Node Type": "Sort", "Parent Relationship": "Outer", "Startup Cost": 2936000.49, "Total Cost": 2937852.45, "Plan Rows": 740786, "Plan Width": 88, "Actual Startup Time": 23444.16, "Actual Total Time": 23758.36, "Actual Rows": 1459145, "Actual Loops": 1, "Sort Key": ["lineitem.l_suppkey", "n1.n_nationkey"], "Sort Method": "quicksort", "Sort Space Used": 277145, "Sort Space Type": "Memory", "Plans": [{"Node Type": "Nested Loop", "Parent Relationship": "Outer", "Join Type": "Inner", "Startup Cost": 1031.18, "Total Cost": 2863778.68, "Plan Rows": 740786, "Plan Width": 88, "Actual Startup Time": 17.932, "Actual Total Time": 22158.584, "Actual Rows": 1459150, "Actual Loops": 1, "Inner Unique": false, "Plans": [{"Node Type": "Nested Loop", "Parent Relationship": "Outer", "Join Type": "Inner", "Startup Cost": 1030.8, "Total Cost": 557356.7, "Plan Rows": 504972, "Plan Width": 64, "Actual Startup Time": 17.852, "Actual Total Time": 4918.953, "Actual Rows": 1200363, "Actual Loops": 1, "Inner Unique": false, "Plans": [{"Node Type": "Nested Loop", "Parent Relationship": "Outer", "Join Type": "Inner", "Startup Cost": 1030.37, "Total Cost": 14881.59, "Plan Rows": 119904, "Plan Width": 64, "Actual Startup Time": 17.812, "Actual Total Time": 282.288, "Actual Rows": 119972, "Actual Loops": 1, "Inner Unique": false, "Plans": [{"Node Type": "Nested Loop", "Parent Relationship": "Outer", "Join Type": "Inner", "Startup Cost": 0.0, "Total Cost": 16.62, "Plan Rows": 2, "Plan Width": 60, "Actual Startup Time": 0.065, "Actual Total Time": 0.153, "Actual Rows": 2, "Actual Loops": 1, "Inner Unique": false, "Join Filter": "(((n1.n_name = 'JAPAN'::bpchar) AND (n2.n_name = 'INDIA'::bpchar)) OR ((n1.n_name = 'INDIA'::bpchar) AND (n2.n_name = 'JAPAN'::bpchar)))", "Rows Removed by Join Filter": 2, "Plans": [{"Node Type": "Seq Scan", "Parent Relationship": "Outer", "Relation Name": "nation", "Alias": "n1", "Startup Cost": 0.0, "Total Cost": 1.25, "Plan Rows": 25, "Plan Width": 30, "Actual Startup Time": 0.028, "Actual Total Time": 0.047, "Actual Rows": 2, "Actual Loops": 1, "Filter": "((n_name = 'JAPAN'::bpchar) OR (n_name = 'INDIA'::bpchar))", "Rows Removed by Filter": 23}, {"Node Type": "Materialize", "Parent Relationship": "Inner", "Startup Cost": 0.0, "Total Cost": 1.38, "Plan Rows": 25, "Plan Width": 30, "Actual Startup Time": 0.03, "Actual Total Time": 0.053, "Actual Rows": 4, "Actual Loops": 2, "Plans": [{"Node Type": "Seq Scan", "Parent Relationship": "Outer", "Relation Name": "nation", "Alias": "n2", "Startup Cost": 0.0, "Total Cost": 1.25, "Plan Rows": 25, "Plan Width": 30, "Actual Startup Time": 0.018, "Actual Total Time": 0.038, "Actual Rows": 2, "Actual Loops": 1, "Filter": "((n_name = 'INDIA'::bpchar) OR (n_name = 'JAPAN'::bpchar))", "Rows Removed by Filter": 23}]}]}, {"Node Type": "Bitmap Heap Scan", "Parent Relationship": "Inner", "Relation Name": "customer", "Alias": "customer", "Startup Cost": 1030.37, "Total Cost": 6832.48, "Plan Rows": 60000, "Plan Width": 12, "Actual Startup Time": 35.484, "Actual Total Time": 249.782, "Actual Rows": 119972, "Actual Loops": 2, "Recheck Cond": "(c_nationkey = n2.n_nationkey)", "Rows Removed by Index Recheck": 0, "Exact Heap Blocks": 59938, "Lossy Heap Blocks": 59938, "Plans": [{"Node Type": "Bitmap Index Scan", "Parent Relationship": "Outer", "Index Name": "idx_customer_nationkey", "Startup Cost": 0.0, "Total Cost": 1015.37, "Plan Rows": 60000, "Plan Width": 0, "Actual Startup Time": 22.251, "Actual Total Time": 22.251, "Actual Rows": 119972, "Actual Loops": 2, "Index Cond": "(c_nationkey = n2.n_nationkey)"}]}]}, {"Node Type": "Bitmap Heap Scan", "Parent Relationship": "Inner", "Relation Name": "orders", "Alias": "orders", "Startup Cost": 0.43, "Total Cost": 4.48, "Plan Rows": 4, "Plan Width": 16, "Actual Startup Time": 1165.412, "Actual Total Time": 4206.152, "Actual Rows": 1200363, "Actual Loops": 119972, "Recheck Cond": "(o_custkey = customer.c_custkey)", "Rows Removed by Index Recheck": 0, "Exact Heap Blocks": 1200331, "Lossy Heap Blocks": 1200331, "Plans": [{"Node Type": "Bitmap Index Scan", "Parent Relationship": "Outer", "Index Name": "idx_orders_custkey", "Startup Cost": 0.0, "Total Cost": 0.43, "Plan Rows": 4, "Plan Width": 0, "Actual Startup Time": 727.47, "Actual Total Time": 727.47, "Actual Rows": 1200363, "Actual Loops": 119972, "Index Cond": "(o_custkey = customer.c_custkey)"}]}]}, {"Node Type": "Bitmap Heap Scan", "Parent Relationship": "Inner", "Relation Name": "lineitem", "Alias": "lineitem", "Startup Cost": 0.38, "Total Cost": 4.54, "Plan Rows": 3, "Plan Width": 40, "Actual Startup Time": 14891.853, "Actual Total Time": 15507.614, "Actual Rows": 1459150, "Actual Loops": 1200363, "Recheck Cond": "(l_orderkey = orders.o_orderkey)", "Rows Removed by Index Recheck": 0, "Filter": "((l_shipdate >= '1995-01-01 00:00:00'::timestamp(0) without time zone) AND (l_shipdate <= '1996-12-31 00:00:00'::timestamp(0) without time zone))", "Rows Removed by Filter": 3342563, "Exact Heap Blocks": 1285989, "Lossy Heap Blocks": 1285989, "Plans": [{"Node Type": "Bitmap Index Scan", "Parent Relationship": "Outer", "Index Name": "idx_lineitem_orderkey", "Startup Cost": 0.0, "Total Cost": 0.38, "Plan Rows": 9, "Plan Width": 0, "Actual Startup Time": 8508.563, "Actual Total Time": 8508.563, "Actual Rows": 4801713, "Actual Loops": 1200363, "Index Cond": "(l_orderkey = orders.o_orderkey)"}]}]}]}, {"Node Type": "Sort", "Parent Relationship": "Inner", "Startup Cost": 11587.82, "Total Cost": 11837.82, "Plan Rows": 100000, "Plan Width": 12, "Actual Startup Time": 71.268, "Actual Total Time": 83.519, "Actual Rows": 100000, "Actual Loops": 1, "Sort Key": ["supplier.s_suppkey", "supplier.s_nationkey"], "Sort Method": "quicksort", "Sort Space Used": 12448, "Sort Space Type": "Memory", "Plans": [{"Node Type": "Seq Scan", "Parent Relationship": "Outer", "Relation Name": "supplier", "Alias": "supplier", "Startup Cost": 0.0, "Total Cost": 3283.0, "Plan Rows": 100000, "Plan Width": 12, "Actual Startup Time": 0.06, "Actual Total Time": 33.752, "Actual Rows": 100000, "Actual Loops": 1}]}]}]}]}, "Triggers": [], "Planner Runtime": 3, "Total Runtime": 24281.312, "Unique SQL Id": 2208782157}}, "(1, 87)": {"explain_plan": {"Plan": {"Node Type": "Aggregate", "Strategy": "Sorted", "Startup Cost": 99673573.01, "Total Cost": 99673683.65, "Plan Rows": 3688, "Plan Width": 84, "Group By Key": ["n1.n_name", "n2.n_name", "(date_part('year'::text, lineitem.l_shipdate))"], "Plans": [{"Node Type": "Sort", "Parent Relationship": "Outer", "Startup Cost": 99673573.01, "Total Cost": 99673582.23, "Plan Rows": 3688, "Plan Width": 76, "Sort Key": ["n1.n_name", "n2.n_name", "(date_part('year'::text, lineitem.l_shipdate))"], "Plans": [{"Node Type": "Nested Loop", "Parent Relationship": "Outer", "Join Type": "Inner", "Startup Cost": 627986.71, "Total Cost": 99673354.52, "Plan Rows": 3688, "Plan Width": 76, "Inner Unique": true, "Join Filter": "(((n1.n_name = 'JAPAN'::bpchar) AND (n2.n_name = 'INDIA'::bpchar)) OR ((n1.n_name = 'INDIA'::bpchar) AND (n2.n_name = 'JAPAN'::bpchar)))", "Plans": [{"Node Type": "Nested Loop", "Parent Relationship": "Outer", "Join Type": "Inner", "Startup Cost": 627986.45, "Total Cost": 94724471.42, "Plan Rows": 1153515, "Plan Width": 54, "Inner Unique": true, "Plans": [{"Node Type": "Nested Loop", "Parent Relationship": "Outer", "Join Type": "Inner", "Startup Cost": 627986.2, "Total Cost": 89787046.56, "Plan Rows": 1153515, "Plan Width": 32, "Inner Unique": true, "Plans": [{"Node Type": "Nested Loop", "Parent Relationship": "Outer", "Join Type": "Inner", "Startup Cost": 627985.94, "Total Cost": 84848088.55, "Plan Rows": 1153515, "Plan Width": 36, "Inner Unique": true, "Plans": [{"Node Type": "Nested Loop", "Parent Relationship": "Outer", "Join Type": "Inner", "Startup Cost": 627985.67, "Total Cost": 79896146.0, "Plan Rows": 1153515, "Plan Width": 36, "Inner Unique": true, "Plans": [{"Node Type": "Bitmap Heap Scan", "Parent Relationship": "Outer", "Relation Name": "lineitem", "Alias": "lineitem", "Startup Cost": 627985.41, "Total Cost": 2315105.27, "Plan Rows": 18124991, "Plan Width": 40, "Recheck Cond": "((l_shipdate >= '1995-01-01 00:00:00'::timestamp(0) without time zone) AND (l_shipdate <= '1996-12-31 00:00:00'::timestamp(0) without time zone)), (LLVM Optimized)", "Plans": [{"Node Type": "Bitmap Index Scan", "Parent Relationship": "Outer", "Index Name": "idx_lineitem_shipdate", "Startup Cost": 0.0, "Total Cost": 623454.16, "Plan Rows": 18124991, "Plan Width": 0, "Index Cond": "((l_shipdate >= '1995-01-01 00:00:00'::timestamp(0) without time zone) AND (l_shipdate <= '1996-12-31 00:00:00'::timestamp(0) without time zone))"}]}, {"Node Type": "Bitmap Heap Scan", "Parent Relationship": "Inner", "Relation Name": "supplier", "Alias": "supplier", "Startup Cost": 0.26, "Total Cost": 4.27, "Plan Rows": 1, "Plan Width": 12, "Recheck Cond": "(s_suppkey = lineitem.l_suppkey)", "Plans": [{"Node Type": "Bitmap Index Scan", "Parent Relationship": "Outer", "Index Name": "supplier_pkey", "Startup Cost": 0.0, "Total Cost": 0.26, "Plan Rows": 1, "Plan Width": 0, "Index Cond": "(s_suppkey = lineitem.l_suppkey)"}]}]}, {"Node Type": "Bitmap Heap Scan", "Parent Relationship": "Inner", "Relation Name": "orders", "Alias": "orders", "Startup Cost": 0.27, "Total Cost": 4.28, "Plan Rows": 1, "Plan Width": 16, "Recheck Cond": "(o_orderkey = lineitem.l_orderkey)", "Plans": [{"Node Type": "Bitmap Index Scan", "Parent Relationship": "Outer", "Index Name": "orders_pkey", "Startup Cost": 0.0, "Total Cost": 0.27, "Plan Rows": 1, "Plan Width": 0, "Index Cond": "(o_orderkey = lineitem.l_orderkey)"}]}]}, {"Node Type": "Bitmap Heap Scan", "Parent Relationship": "Inner", "Relation Name": "customer", "Alias": "customer", "Startup Cost": 0.26, "Total Cost": 4.27, "Plan Rows": 1, "Plan Width": 12, "Recheck Cond": "(c_custkey = orders.o_custkey)", "Plans": [{"Node Type": "Bitmap Index Scan", "Parent Relationship": "Outer", "Index Name": "customer_pkey", "Startup Cost": 0.0, "Total Cost": 0.26, "Plan Rows": 1, "Plan Width": 0, "Index Cond": "(c_custkey = orders.o_custkey)"}]}]}, {"Node Type": "Bitmap Heap Scan", "Parent Relationship": "Inner", "Relation Name": "nation", "Alias": "n1", "Startup Cost": 0.26, "Total Cost": 4.27, "Plan Rows": 1, "Plan Width": 30, "Recheck Cond": "(n_nationkey = supplier.s_nationkey)", "Filter": "((n_name = 'JAPAN'::bpchar) OR (n_name = 'INDIA'::bpchar))", "Plans": [{"Node Type": "Bitmap Index Scan", "Parent Relationship": "Outer", "Index Name": "nation_pkey", "Startup Cost": 0.0, "Total Cost": 0.26, "Plan Rows": 1, "Plan Width": 0, "Index Cond": "(n_nationkey = supplier.s_nationkey)"}]}]}, {"Node Type": "Bitmap Heap Scan", "Parent Relationship": "Inner", "Relation Name": "nation", "Alias": "n2", "Startup Cost": 0.26, "Total Cost": 4.27, "Plan Rows": 1, "Plan Width": 30, "Recheck Cond": "(n_nationkey = customer.c_nationkey)", "Filter": "((n_name = 'INDIA'::bpchar) OR (n_name = 'JAPAN'::bpchar))", "Plans": [{"Node Type": "Bitmap Index Scan", "Parent Relationship": "Outer", "Index Name": "nation_pkey", "Startup Cost": 0.0, "Total Cost": 0.26, "Plan Rows": 1, "Plan Width": 0, "Index Cond": "(n_nationkey = customer.c_nationkey)"}]}]}]}]}, "Unique SQL Id": 2208782157, "Planner Runtime": 2}, "explain_analyze_plan": null}, "(1, 88)": {"explain_plan": {"Plan": {"Node Type": "Aggregate", "Strategy": "Sorted", "Startup Cost": 726820.1, "Total Cost": 726930.74, "Plan Rows": 3688, "Plan Width": 84, "Group By Key": ["n1.n_name", "n2.n_name", "(date_part('year'::text, lineitem.l_shipdate))"], "Plans": [{"Node Type": "Sort", "Parent Relationship": "Outer", "Startup Cost": 726820.1, "Total Cost": 726829.32, "Plan Rows": 3688, "Plan Width": 76, "Sort Key": ["n1.n_name", "n2.n_name", "(date_part('year'::text, lineitem.l_shipdate))"], "Plans": [{"Node Type": "Merge Join", "Parent Relationship": "Outer", "Join Type": "Inner", "Startup Cost": 716715.31, "Total Cost": 726601.61, "Plan Rows": 3688, "Plan Width": 76, "Inner Unique": false, "Merge Cond": "(supplier.s_suppkey = lineitem.l_suppkey)", "Join Filter": "(n1.n_nationkey = supplier.s_nationkey)", "Plans": [{"Node Type": "Index Scan", "Parent Relationship": "Outer", "Scan Direction": "Forward", "Index Name": "supplier_pkey", "Relation Name": "supplier", "Alias": "supplier", "Startup Cost": 0.0, "Total Cost": 5334.54, "Plan Rows": 100000, "Plan Width": 12}, {"Node Type": "Sort", "Parent Relationship": "Inner", "Startup Cost": 716714.94, "Total Cost": 718566.9, "Plan Rows": 740786, "Plan Width": 88, "Sort Key": ["lineitem.l_suppkey"], "Plans": [{"Node Type": "Nested Loop", "Parent Relationship": "Outer", "Join Type": "Inner", "Startup Cost": 0.0, "Total Cost": 644493.13, "Plan Rows": 740786, "Plan Width": 88, "Inner Unique": false, "Plans": [{"Node Type": "Nested Loop", "Parent Relationship": "Outer", "Join Type": "Inner", "Startup Cost": 0.0, "Total Cost": 167755.5, "Plan Rows": 504972, "Plan Width": 64, "Inner Unique": false, "Plans": [{"Node Type": "Nested Loop", "Parent Relationship": "Outer", "Join Type": "Inner", "Startup Cost": 0.0, "Total Cost": 16632.98, "Plan Rows": 119904, "Plan Width": 64, "Inner Unique": false, "Plans": [{"Node Type": "Nested Loop", "Parent Relationship": "Outer", "Join Type": "Inner", "Startup Cost": 0.0, "Total Cost": 28.12, "Plan Rows": 2, "Plan Width": 60, "Inner Unique": false, "Join Filter": "(((n1.n_name = 'JAPAN'::bpchar) AND (n2.n_name = 'INDIA'::bpchar)) OR ((n1.n_name = 'INDIA'::bpchar) AND (n2.n_name = 'JAPAN'::bpchar)))", "Plans": [{"Node Type": "Index Scan", "Parent Relationship": "Outer", "Scan Direction": "Forward", "Index Name": "nation_pkey", "Relation Name": "nation", "Alias": "n1", "Startup Cost": 0.0, "Total Cost": 12.75, "Plan Rows": 25, "Plan Width": 30, "Filter": "((n_name = 'JAPAN'::bpchar) OR (n_name = 'INDIA'::bpchar))"}, {"Node Type": "Materialize", "Parent Relationship": "Inner", "Startup Cost": 0.0, "Total Cost": 1.38, "Plan Rows": 25, "Plan Width": 30, "Plans": [{"Node Type": "Seq Scan", "Parent Relationship": "Outer", "Relation Name": "nation", "Alias": "n2", "Startup Cost": 0.0, "Total Cost": 1.25, "Plan Rows": 25, "Plan Width": 30, "Filter": "((n_name = 'INDIA'::bpchar) OR (n_name = 'JAPAN'::bpchar))"}]}]}, {"Node Type": "Index Scan", "Parent Relationship": "Inner", "Scan Direction": "Forward", "Index Name": "idx_customer_nationkey", "Relation Name": "customer", "Alias": "customer", "Startup Cost": 0.0, "Total Cost": 7702.43, "Plan Rows": 60000, "Plan Width": 12, "Index Cond": "(c_nationkey = n2.n_nationkey)"}]}, {"Node Type": "Index Scan", "Parent Relationship": "Inner", "Scan Direction": "Forward", "Index Name": "idx_orders_custkey", "Relation Name": "orders", "Alias": "orders", "Startup Cost": 0.0, "Total Cost": 1.22, "Plan Rows": 4, "Plan Width": 16, "Index Cond": "(o_custkey = customer.c_custkey)"}]}, {"Node Type": "Index Scan", "Parent Relationship": "Inner", "Scan Direction": "Forward", "Index Name": "idx_lineitem_orderkey", "Relation Name": "lineitem", "Alias": "lineitem", "Startup Cost": 0.0, "Total Cost": 0.91, "Plan Rows": 3, "Plan Width": 40, "Index Cond": "(l_orderkey = orders.o_orderkey)", "Filter": "((l_shipdate >= '1995-01-01 00:00:00'::timestamp(0) without time zone) AND (l_shipdate <= '1996-12-31 00:00:00'::timestamp(0) without time zone))"}]}]}]}]}]}, "Unique SQL Id": 2208782157, "Planner Runtime": 3}, "explain_analyze_plan": {"Plan": {"Node Type": "Aggregate", "Strategy": "Sorted", "Startup Cost": 726820.1, "Total Cost": 726930.74, "Plan Rows": 3688, "Plan Width": 84, "Actual Startup Time": 20394.241, "Actual Total Time": 20427.676, "Actual Rows": 4, "Actual Loops": 1, "Group By Key": ["n1.n_name", "n2.n_name", "(date_part('year'::text, lineitem.l_shipdate))"], "Plans": [{"Node Type": "Sort", "Parent Relationship": "Outer", "Startup Cost": 726820.1, "Total Cost": 726829.32, "Plan Rows": 3688, "Plan Width": 76, "Actual Startup Time": 20383.031, "Actual Total Time": 20389.098, "Actual Rows": 58554, "Actual Loops": 1, "Sort Key": ["n1.n_name", "n2.n_name", "(date_part('year'::text, lineitem.l_shipdate))"], "Sort Method": "quicksort", "Sort Space Used": 10686, "Sort Space Type": "Memory", "Plans": [{"Node Type": "Merge Join", "Parent Relationship": "Outer", "Join Type": "Inner", "Startup Cost": 716715.31, "Total Cost": 726601.61, "Plan Rows": 3688, "Plan Width": 76, "Actual Startup Time": 19389.831, "Actual Total Time": 20346.189, "Actual Rows": 58554, "Actual Loops": 1, "Inner Unique": false, "Merge Cond": "(supplier.s_suppkey = lineitem.l_suppkey)", "Join Filter": "(n1.n_nationkey = supplier.s_nationkey)", "Rows Removed by Join Filter": 0, "Plans": [{"Node Type": "Index Scan", "Parent Relationship": "Outer", "Scan Direction": "Forward", "Index Name": "supplier_pkey", "Relation Name": "supplier", "Alias": "supplier", "Startup Cost": 0.0, "Total Cost": 5334.54, "Plan Rows": 100000, "Plan Width": 12, "Actual Startup Time": 0.027, "Actual Total Time": 57.956, "Actual Rows": 100000, "Actual Loops": 1}, {"Node Type": "Sort", "Parent Relationship": "Inner", "Startup Cost": 716714.94, "Total Cost": 718566.9, "Plan Rows": 740786, "Plan Width": 88, "Actual Startup Time": 19389.453, "Actual Total Time": 19738.358, "Actual Rows": 1459150, "Actual Loops": 1, "Sort Key": ["lineitem.l_suppkey"], "Sort Method": "quicksort", "Sort Space Used": 277145, "Sort Space Type": "Memory", "Plans": [{"Node Type": "Nested Loop", "Parent Relationship": "Outer", "Join Type": "Inner", "Startup Cost": 0.0, "Total Cost": 644493.13, "Plan Rows": 740786, "Plan Width": 88, "Actual Startup Time": 0.143, "Actual Total Time": 18681.322, "Actual Rows": 1459150, "Actual Loops": 1, "Inner Unique": false, "Plans": [{"Node Type": "Nested Loop", "Parent Relationship": "Outer", "Join Type": "Inner", "Startup Cost": 0.0, "Total Cost": 167755.5, "Plan Rows": 504972, "Plan Width": 64, "Actual Startup Time": 0.091, "Actual Total Time": 3859.511, "Actual Rows": 1200363, "Actual Loops": 1, "Inner Unique": false, "Plans": [{"Node Type": "Nested Loop", "Parent Relationship": "Outer", "Join Type": "Inner", "Startup Cost": 0.0, "Total Cost": 16632.98, "Plan Rows": 119904, "Plan Width": 64, "Actual Startup Time": 0.081, "Actual Total Time": 215.59, "Actual Rows": 119972, "Actual Loops": 1, "Inner Unique": false, "Plans": [{"Node Type": "Nested Loop", "Parent Relationship": "Outer", "Join Type": "Inner", "Startup Cost": 0.0, "Total Cost": 28.12, "Plan Rows": 2, "Plan Width": 60, "Actual Startup Time": 0.048, "Actual Total Time": 0.235, "Actual Rows": 2, "Actual Loops": 1, "Inner Unique": false, "Join Filter": "(((n1.n_name = 'JAPAN'::bpchar) AND (n2.n_name = 'INDIA'::bpchar)) OR ((n1.n_name = 'INDIA'::bpchar) AND (n2.n_name = 'JAPAN'::bpchar)))", "Rows Removed by Join Filter": 2, "Plans": [{"Node Type": "Index Scan", "Parent Relationship": "Outer", "Scan Direction": "Forward", "Index Name": "nation_pkey", "Relation Name": "nation", "Alias": "n1", "Startup Cost": 0.0, "Total Cost": 12.75, "Plan Rows": 25, "Plan Width": 30, "Actual Startup Time": 0.016, "Actual Total Time": 0.04, "Actual Rows": 2, "Actual Loops": 1, "Filter": "((n_name = 'JAPAN'::bpchar) OR (n_name = 'INDIA'::bpchar))", "Rows Removed by Filter": 23}, {"Node Type": "Materialize", "Parent Relationship": "Inner", "Startup Cost": 0.0, "Total Cost": 1.38, "Plan Rows": 25, "Plan Width": 30, "Actual Startup Time": 0.024, "Actual Total Time": 0.059, "Actual Rows": 4, "Actual Loops": 2, "Plans": [{"Node Type": "Seq Scan", "Parent Relationship": "Outer", "Relation Name": "nation", "Alias": "n2", "Startup Cost": 0.0, "Total Cost": 1.25, "Plan Rows": 25, "Plan Width": 30, "Actual Startup Time": 0.019, "Actual Total Time": 0.041, "Actual Rows": 2, "Actual Loops": 1, "Filter": "((n_name = 'INDIA'::bpchar) OR (n_name = 'JAPAN'::bpchar))", "Rows Removed by Filter": 23}]}]}, {"Node Type": "Index Scan", "Parent Relationship": "Inner", "Scan Direction": "Forward", "Index Name": "idx_customer_nationkey", "Relation Name": "customer", "Alias": "customer", "Startup Cost": 0.0, "Total Cost": 7702.43, "Plan Rows": 60000, "Plan Width": 12, "Actual Startup Time": 0.084, "Actual Total Time": 179.591, "Actual Rows": 119972, "Actual Loops": 2, "Index Cond": "(c_nationkey = n2.n_nationkey)", "Rows Removed by Index Recheck": 0}]}, {"Node Type": "Index Scan", "Parent Relationship": "Inner", "Scan Direction": "Forward", "Index Name": "idx_orders_custkey", "Relation Name": "orders", "Alias": "orders", "Startup Cost": 0.0, "Total Cost": 1.22, "Plan Rows": 4, "Plan Width": 16, "Actual Startup Time": 720.404, "Actual Total Time": 3284.346, "Actual Rows": 1200363, "Actual Loops": 119972, "Index Cond": "(o_custkey = customer.c_custkey)", "Rows Removed by Index Recheck": 0}]}, {"Node Type": "Index Scan", "Parent Relationship": "Inner", "Scan Direction": "Forward", "Index Name": "idx_lineitem_orderkey", "Relation Name": "lineitem", "Alias": "lineitem", "Startup Cost": 0.0, "Total Cost": 0.91, "Plan Rows": 3, "Plan Width": 40, "Actual Startup Time": 12675.692, "Actual Total Time": 13836.568, "Actual Rows": 1459150, "Actual Loops": 1200363, "Index Cond": "(l_orderkey = orders.o_orderkey)", "Rows Removed by Index Recheck": 0, "Filter": "((l_shipdate >= '1995-01-01 00:00:00'::timestamp(0) without time zone) AND (l_shipdate <= '1996-12-31 00:00:00'::timestamp(0) without time zone))", "Rows Removed by Filter": 3342563}]}]}]}]}]}, "Triggers": [], "Planner Runtime": 4, "Total Runtime": 20428.138, "Unique SQL Id": 2208782157}}, "(1, 89)": {"explain_plan": {"Plan": {"Node Type": "Aggregate", "Strategy": "Sorted", "Startup Cost": 726831.6, "Total Cost": 726942.24, "Plan Rows": 3688, "Plan Width": 84, "Group By Key": ["n1.n_name", "n2.n_name", "(date_part('year'::text, lineitem.l_shipdate))"], "Plans": [{"Node Type": "Sort", "Parent Relationship": "Outer", "Startup Cost": 726831.6, "Total Cost": 726840.82, "Plan Rows": 3688, "Plan Width": 76, "Sort Key": ["n1.n_name", "n2.n_name", "(date_part('year'::text, lineitem.l_shipdate))"], "Plans": [{"Node Type": "Merge Join", "Parent Relationship": "Outer", "Join Type": "Inner", "Startup Cost": 716726.81, "Total Cost": 726613.11, "Plan Rows": 3688, "Plan Width": 76, "Inner Unique": false, "Merge Cond": "(supplier.s_suppkey = lineitem.l_suppkey)", "Join Filter": "(n1.n_nationkey = supplier.s_nationkey)", "Plans": [{"Node Type": "Index Scan", "Parent Relationship": "Outer", "Scan Direction": "Forward", "Index Name": "supplier_pkey", "Relation Name": "supplier", "Alias": "supplier", "Startup Cost": 0.0, "Total Cost": 5334.54, "Plan Rows": 100000, "Plan Width": 12}, {"Node Type": "Sort", "Parent Relationship": "Inner", "Startup Cost": 716726.44, "Total Cost": 718578.4, "Plan Rows": 740786, "Plan Width": 88, "Sort Key": ["lineitem.l_suppkey"], "Plans": [{"Node Type": "Nested Loop", "Parent Relationship": "Outer", "Join Type": "Inner", "Startup Cost": 0.0, "Total Cost": 644504.63, "Plan Rows": 740786, "Plan Width": 88, "Inner Unique": false, "Plans": [{"Node Type": "Nested Loop", "Parent Relationship": "Outer", "Join Type": "Inner", "Startup Cost": 0.0, "Total Cost": 167767.0, "Plan Rows": 504972, "Plan Width": 64, "Inner Unique": false, "Plans": [{"Node Type": "Nested Loop", "Parent Relationship": "Outer", "Join Type": "Inner", "Startup Cost": 0.0, "Total Cost": 16644.48, "Plan Rows": 119904, "Plan Width": 64, "Inner Unique": false, "Plans": [{"Node Type": "Nested Loop", "Parent Relationship": "Outer", "Join Type": "Inner", "Startup Cost": 0.0, "Total Cost": 39.62, "Plan Rows": 2, "Plan Width": 60, "Inner Unique": false, "Join Filter": "(((n1.n_name = 'JAPAN'::bpchar) AND (n2.n_name = 'INDIA'::bpchar)) OR ((n1.n_name = 'INDIA'::bpchar) AND (n2.n_name = 'JAPAN'::bpchar)))", "Plans": [{"Node Type": "Index Scan", "Parent Relationship": "Outer", "Scan Direction": "Forward", "Index Name": "nation_pkey", "Relation Name": "nation", "Alias": "n1", "Startup Cost": 0.0, "Total Cost": 12.75, "Plan Rows": 25, "Plan Width": 30, "Filter": "((n_name = 'JAPAN'::bpchar) OR (n_name = 'INDIA'::bpchar))"}, {"Node Type": "Materialize", "Parent Relationship": "Inner", "Startup Cost": 0.0, "Total Cost": 12.88, "Plan Rows": 25, "Plan Width": 30, "Plans": [{"Node Type": "Index Scan", "Parent Relationship": "Outer", "Scan Direction": "Forward", "Index Name": "nation_pkey", "Relation Name": "nation", "Alias": "n2", "Startup Cost": 0.0, "Total Cost": 12.75, "Plan Rows": 25, "Plan Width": 30, "Filter": "((n_name = 'INDIA'::bpchar) OR (n_name = 'JAPAN'::bpchar))"}]}]}, {"Node Type": "Index Scan", "Parent Relationship": "Inner", "Scan Direction": "Forward", "Index Name": "idx_customer_nationkey", "Relation Name": "customer", "Alias": "customer", "Startup Cost": 0.0, "Total Cost": 7702.43, "Plan Rows": 60000, "Plan Width": 12, "Index Cond": "(c_nationkey = n2.n_nationkey)"}]}, {"Node Type": "Index Scan", "Parent Relationship": "Inner", "Scan Direction": "Forward", "Index Name": "idx_orders_custkey", "Relation Name": "orders", "Alias": "orders", "Startup Cost": 0.0, "Total Cost": 1.22, "Plan Rows": 4, "Plan Width": 16, "Index Cond": "(o_custkey = customer.c_custkey)"}]}, {"Node Type": "Index Scan", "Parent Relationship": "Inner", "Scan Direction": "Forward", "Index Name": "idx_lineitem_orderkey", "Relation Name": "lineitem", "Alias": "lineitem", "Startup Cost": 0.0, "Total Cost": 0.91, "Plan Rows": 3, "Plan Width": 40, "Index Cond": "(l_orderkey = orders.o_orderkey)", "Filter": "((l_shipdate >= '1995-01-01 00:00:00'::timestamp(0) without time zone) AND (l_shipdate <= '1996-12-31 00:00:00'::timestamp(0) without time zone))"}]}]}]}]}]}, "Unique SQL Id": 2208782157, "Planner Runtime": 3}, "explain_analyze_plan": {"Plan": {"Node Type": "Aggregate", "Strategy": "Sorted", "Startup Cost": 726831.6, "Total Cost": 726942.24, "Plan Rows": 3688, "Plan Width": 84, "Actual Startup Time": 21271.484, "Actual Total Time": 21305.171, "Actual Rows": 4, "Actual Loops": 1, "Group By Key": ["n1.n_name", "n2.n_name", "(date_part('year'::text, lineitem.l_shipdate))"], "Plans": [{"Node Type": "Sort", "Parent Relationship": "Outer", "Startup Cost": 726831.6, "Total Cost": 726840.82, "Plan Rows": 3688, "Plan Width": 76, "Actual Startup Time": 21260.227, "Actual Total Time": 21266.244, "Actual Rows": 58554, "Actual Loops": 1, "Sort Key": ["n1.n_name", "n2.n_name", "(date_part('year'::text, lineitem.l_shipdate))"], "Sort Method": "quicksort", "Sort Space Used": 10686, "Sort Space Type": "Memory", "Plans": [{"Node Type": "Merge Join", "Parent Relationship": "Outer", "Join Type": "Inner", "Startup Cost": 716726.81, "Total Cost": 726613.11, "Plan Rows": 3688, "Plan Width": 76, "Actual Startup Time": 20221.112, "Actual Total Time": 21223.18, "Actual Rows": 58554, "Actual Loops": 1, "Inner Unique": false, "Merge Cond": "(supplier.s_suppkey = lineitem.l_suppkey)", "Join Filter": "(n1.n_nationkey = supplier.s_nationkey)", "Rows Removed by Join Filter": 0, "Plans": [{"Node Type": "Index Scan", "Parent Relationship": "Outer", "Scan Direction": "Forward", "Index Name": "supplier_pkey", "Relation Name": "supplier", "Alias": "supplier", "Startup Cost": 0.0, "Total Cost": 5334.54, "Plan Rows": 100000, "Plan Width": 12, "Actual Startup Time": 0.025, "Actual Total Time": 73.17, "Actual Rows": 100000, "Actual Loops": 1}, {"Node Type": "Sort", "Parent Relationship": "Inner", "Startup Cost": 716726.44, "Total Cost": 718578.4, "Plan Rows": 740786, "Plan Width": 88, "Actual Startup Time": 20220.489, "Actual Total Time": 20594.11, "Actual Rows": 1459150, "Actual Loops": 1, "Sort Key": ["lineitem.l_suppkey"], "Sort Method": "quicksort", "Sort Space Used": 277145, "Sort Space Type": "Memory", "Plans": [{"Node Type": "Nested Loop", "Parent Relationship": "Outer", "Join Type": "Inner", "Startup Cost": 0.0, "Total Cost": 644504.63, "Plan Rows": 740786, "Plan Width": 88, "Actual Startup Time": 0.135, "Actual Total Time": 19509.942, "Actual Rows": 1459150, "Actual Loops": 1, "Inner Unique": false, "Plans": [{"Node Type": "Nested Loop", "Parent Relationship": "Outer", "Join Type": "Inner", "Startup Cost": 0.0, "Total Cost": 167767.0, "Plan Rows": 504972, "Plan Width": 64, "Actual Startup Time": 0.082, "Actual Total Time": 4058.643, "Actual Rows": 1200363, "Actual Loops": 1, "Inner Unique": false, "Plans": [{"Node Type": "Nested Loop", "Parent Relationship": "Outer", "Join Type": "Inner", "Startup Cost": 0.0, "Total Cost": 16644.48, "Plan Rows": 119904, "Plan Width": 64, "Actual Startup Time": 0.072, "Actual Total Time": 223.398, "Actual Rows": 119972, "Actual Loops": 1, "Inner Unique": false, "Plans": [{"Node Type": "Nested Loop", "Parent Relationship": "Outer", "Join Type": "Inner", "Startup Cost": 0.0, "Total Cost": 39.62, "Plan Rows": 2, "Plan Width": 60, "Actual Startup Time": 0.042, "Actual Total Time": 0.133, "Actual Rows": 2, "Actual Loops": 1, "Inner Unique": false, "Join Filter": "(((n1.n_name = 'JAPAN'::bpchar) AND (n2.n_name = 'INDIA'::bpchar)) OR ((n1.n_name = 'INDIA'::bpchar) AND (n2.n_name = 'JAPAN'::bpchar)))", "Rows Removed by Join Filter": 2, "Plans": [{"Node Type": "Index Scan", "Parent Relationship": "Outer", "Scan Direction": "Forward", "Index Name": "nation_pkey", "Relation Name": "nation", "Alias": "n1", "Startup Cost": 0.0, "Total Cost": 12.75, "Plan Rows": 25, "Plan Width": 30, "Actual Startup Time": 0.017, "Actual Total Time": 0.042, "Actual Rows": 2, "Actual Loops": 1, "Filter": "((n_name = 'JAPAN'::bpchar) OR (n_name = 'INDIA'::bpchar))", "Rows Removed by Filter": 23}, {"Node Type": "Materialize", "Parent Relationship": "Inner", "Startup Cost": 0.0, "Total Cost": 12.88, "Plan Rows": 25, "Plan Width": 30, "Actual Startup Time": 0.016, "Actual Total Time": 0.045, "Actual Rows": 4, "Actual Loops": 2, "Plans": [{"Node Type": "Index Scan", "Parent Relationship": "Outer", "Scan Direction": "Forward", "Index Name": "nation_pkey", "Relation Name": "nation", "Alias": "n2", "Startup Cost": 0.0, "Total Cost": 12.75, "Plan Rows": 25, "Plan Width": 30, "Actual Startup Time": 0.011, "Actual Total Time": 0.034, "Actual Rows": 2, "Actual Loops": 1, "Filter": "((n_name = 'INDIA'::bpchar) OR (n_name = 'JAPAN'::bpchar))", "Rows Removed by Filter": 23}]}]}, {"Node Type": "Index Scan", "Parent Relationship": "Inner", "Scan Direction": "Forward", "Index Name": "idx_customer_nationkey", "Relation Name": "customer", "Alias": "customer", "Startup Cost": 0.0, "Total Cost": 7702.43, "Plan Rows": 60000, "Plan Width": 12, "Actual Startup Time": 0.048, "Actual Total Time": 189.022, "Actual Rows": 119972, "Actual Loops": 2, "Index Cond": "(c_nationkey = n2.n_nationkey)", "Rows Removed by Index Recheck": 0}]}, {"Node Type": "Index Scan", "Parent Relationship": "Inner", "Scan Direction": "Forward", "Index Name": "idx_orders_custkey", "Relation Name": "orders", "Alias": "orders", "Startup Cost": 0.0, "Total Cost": 1.22, "Plan Rows": 4, "Plan Width": 16, "Actual Startup Time": 752.462, "Actual Total Time": 3479.887, "Actual Rows": 1200363, "Actual Loops": 119972, "Index Cond": "(o_custkey = customer.c_custkey)", "Rows Removed by Index Recheck": 0}]}, {"Node Type": "Index Scan", "Parent Relationship": "Inner", "Scan Direction": "Forward", "Index Name": "idx_lineitem_orderkey", "Relation Name": "lineitem", "Alias": "lineitem", "Startup Cost": 0.0, "Total Cost": 0.91, "Plan Rows": 3, "Plan Width": 40, "Actual Startup Time": 13286.979, "Actual Total Time": 14474.198, "Actual Rows": 1459150, "Actual Loops": 1200363, "Index Cond": "(l_orderkey = orders.o_orderkey)", "Rows Removed by Index Recheck": 0, "Filter": "((l_shipdate >= '1995-01-01 00:00:00'::timestamp(0) without time zone) AND (l_shipdate <= '1996-12-31 00:00:00'::timestamp(0) without time zone))", "Rows Removed by Filter": 3342563}]}]}]}]}]}, "Triggers": [], "Planner Runtime": 3, "Total Runtime": 21305.606, "Unique SQL Id": 2208782157}}, "(1, 90)": {"explain_plan": {"Plan": {"Node Type": "Aggregate", "Strategy": "Sorted", "Startup Cost": 7128459.0, "Total Cost": 7128569.64, "Plan Rows": 3688, "Plan Width": 84, "Group By Key": ["n1.n_name", "n2.n_name", "(date_part('year'::text, lineitem.l_shipdate))"], "Plans": [{"Node Type": "Sort", "Parent Relationship": "Outer", "Startup Cost": 7128459.0, "Total Cost": 7128468.22, "Plan Rows": 3688, "Plan Width": 76, "Sort Key": ["n1.n_name", "n2.n_name", "(date_part('year'::text, lineitem.l_shipdate))"], "Plans": [{"Node Type": "Merge Join", "Parent Relationship": "Outer", "Join Type": "Inner", "Startup Cost": 7116253.19, "Total Cost": 7128240.51, "Plan Rows": 3688, "Plan Width": 76, "Inner Unique": true, "Merge Cond": "((orders.o_custkey = customer.c_custkey) AND (n2.n_nationkey = customer.c_nationkey))", "Plans": [{"Node Type": "Sort", "Parent Relationship": "Outer", "Startup Cost": 6910252.9, "Total Cost": 6910483.42, "Plan Rows": 92207, "Plan Width": 88, "Sort Key": ["orders.o_custkey", "n2.n_nationkey"], "Plans": [{"Node Type": "Merge Join", "Parent Relationship": "Outer", "Join Type": "Inner", "Startup Cost": 6826271.5, "Total Cost": 6902649.24, "Plan Rows": 92207, "Plan Width": 88, "Inner Unique": true, "Merge Cond": "(lineitem.l_orderkey = orders.o_orderkey)", "Plans": [{"Node Type": "Sort", "Parent Relationship": "Outer", "Startup Cost": 4612036.38, "Total Cost": 4612266.9, "Plan Rows": 92207, "Plan Width": 88, "Sort Key": ["lineitem.l_orderkey"], "Plans": [{"Node Type": "Merge Join", "Parent Relationship": "Outer", "Join Type": "Inner", "Startup Cost": 4512863.67, "Total Cost": 4604432.72, "Plan Rows": 92207, "Plan Width": 88, "Inner Unique": false, "Merge Cond": "(supplier.s_suppkey = lineitem.l_suppkey)", "Plans": [{"Node Type": "Sort", "Parent Relationship": "Outer", "Startup Cost": 12702.66, "Total Cost": 12722.65, "Plan Rows": 7994, "Plan Width": 64, "Sort Key": ["supplier.s_suppkey"], "Plans": [{"Node Type": "Merge Join", "Parent Relationship": "Outer", "Join Type": "Inner", "Startup Cost": 11604.46, "Total Cost": 12184.47, "Plan Rows": 7994, "Plan Width": 64, "Inner Unique": false, "Merge Cond": "(n1.n_nationkey = supplier.s_nationkey)", "Plans": [{"Node Type": "Sort", "Parent Relationship": "Outer", "Startup Cost": 16.64, "Total Cost": 16.64, "Plan Rows": 2, "Plan Width": 60, "Sort Key": ["n1.n_nationkey"], "Plans": [{"Node Type": "Nested Loop", "Parent Relationship": "Outer", "Join Type": "Inner", "Startup Cost": 0.0, "Total Cost": 16.62, "Plan Rows": 2, "Plan Width": 60, "Inner Unique": false, "Join Filter": "(((n1.n_name = 'JAPAN'::bpchar) AND (n2.n_name = 'INDIA'::bpchar)) OR ((n1.n_name = 'INDIA'::bpchar) AND (n2.n_name = 'JAPAN'::bpchar)))", "Plans": [{"Node Type": "Seq Scan", "Parent Relationship": "Outer", "Relation Name": "nation", "Alias": "n1", "Startup Cost": 0.0, "Total Cost": 1.25, "Plan Rows": 25, "Plan Width": 30, "Filter": "((n_name = 'JAPAN'::bpchar) OR (n_name = 'INDIA'::bpchar))"}, {"Node Type": "Materialize", "Parent Relationship": "Inner", "Startup Cost": 0.0, "Total Cost": 1.38, "Plan Rows": 25, "Plan Width": 30, "Plans": [{"Node Type": "Seq Scan", "Parent Relationship": "Outer", "Relation Name": "nation", "Alias": "n2", "Startup Cost": 0.0, "Total Cost": 1.25, "Plan Rows": 25, "Plan Width": 30, "Filter": "((n_name = 'INDIA'::bpchar) OR (n_name = 'JAPAN'::bpchar))"}]}]}]}, {"Node Type": "Sort", "Parent Relationship": "Inner", "Startup Cost": 11587.82, "Total Cost": 11837.82, "Plan Rows": 100000, "Plan Width": 12, "Sort Key": ["supplier.s_nationkey"], "Plans": [{"Node Type": "Seq Scan", "Parent Relationship": "Outer", "Relation Name": "supplier", "Alias": "supplier", "Startup Cost": 0.0, "Total Cost": 3283.0, "Plan Rows": 100000, "Plan Width": 12}]}]}]}, {"Node Type": "Sort", "Parent Relationship": "Inner", "Startup Cost": 4500152.01, "Total Cost": 4545464.49, "Plan Rows": 18124991, "Plan Width": 40, "Sort Key": ["lineitem.l_suppkey"], "Plans": [{"Node Type": "Seq Scan", "Parent Relationship": "Outer", "Relation Name": "lineitem", "Alias": "lineitem", "Startup Cost": 44.73, "Total Cost": 2315050.5, "Plan Rows": 18124991, "Plan Width": 40, "Filter": "((l_shipdate >= '1995-01-01 00:00:00'::timestamp(0) without time zone) AND (l_shipdate <= '1996-12-31 00:00:00'::timestamp(0) without time zone)), (LLVM Optimized)"}]}]}]}, {"Node Type": "Sort", "Parent Relationship": "Inner", "Startup Cost": 2214232.37, "Total Cost": 2251731.07, "Plan Rows": 14999479, "Plan Width": 16, "Sort Key": ["orders.o_orderkey"], "Plans": [{"Node Type": "Seq Scan", "Parent Relationship": "Outer", "Relation Name": "orders", "Alias": "orders", "Startup Cost": 0.0, "Total Cost": 426413.79, "Plan Rows": 14999479, "Plan Width": 16}]}]}]}, {"Node Type": "Sort", "Parent Relationship": "Inner", "Startup Cost": 205999.98, "Total Cost": 209749.98, "Plan Rows": 1500000, "Plan Width": 12, "Sort Key": ["customer.c_custkey", "customer.c_nationkey"], "Plans": [{"Node Type": "Seq Scan", "Parent Relationship": "Outer", "Relation Name": "customer", "Alias": "customer", "Startup Cost": 0.0, "Total Cost": 52126.0, "Plan Rows": 1500000, "Plan Width": 12}]}]}]}]}, "Unique SQL Id": 2208782157, "Planner Runtime": 3}, "explain_analyze_plan": null}, "(1, 91)": {"explain_plan": {"Plan": {"Node Type": "Aggregate", "Strategy": "Sorted", "Startup Cost": 6000546904326.37, "Total Cost": 6000546904437.01, "Plan Rows": 3688, "Plan Width": 84, "Group By Key": ["n1.n_name", "n2.n_name", "(date_part('year'::text, lineitem.l_shipdate))"], "Plans": [{"Node Type": "Sort", "Parent Relationship": "Outer", "Startup Cost": 6000546904326.37, "Total Cost": 6000546904335.59, "Plan Rows": 3688, "Plan Width": 76, "Sort Key": ["n1.n_name", "n2.n_name", "(date_part('year'::text, lineitem.l_shipdate))"], "Plans": [{"Node Type": "Merge Join", "Parent Relationship": "Outer", "Join Type": "Inner", "Startup Cost": 3030393450665.84, "Total Cost": 6000546904107.88, "Plan Rows": 3688, "Plan Width": 76, "Inner Unique": true, "Merge Cond": "(n2.n_nationkey = customer.c_nationkey)", "Join Filter": "(orders.o_custkey = customer.c_custkey)", "Plans": [{"Node Type": "Nested Loop", "Parent Relationship": "Outer", "Join Type": "Inner", "Startup Cost": 3020393450665.84, "Total Cost": 5000430886371.89, "Plan Rows": 92207, "Plan Width": 88, "Inner Unique": false, "Join Filter": "(((n1.n_name = 'JAPAN'::bpchar) AND (n2.n_name = 'INDIA'::bpchar)) OR ((n1.n_name = 'INDIA'::bpchar) AND (n2.n_name = 'JAPAN'::bpchar)))", "Plans": [{"Node Type": "Index Scan", "Parent Relationship": "Outer", "Scan Direction": "Forward", "Index Name": "nation_pkey", "Relation Name": "nation", "Alias": "n2", "Startup Cost": 10000000000.0, "Total Cost": 1000000001275.0, "Plan Rows": 25, "Plan Width": 30, "Filter": "((n_name = 'INDIA'::bpchar) OR (n_name = 'JAPAN'::bpchar))"}, {"Node Type": "Materialize", "Parent Relationship": "Inner", "Startup Cost": 3010393450665.84, "Total Cost": 4000430239128.49, "Plan Rows": 1153515, "Plan Width": 58, "Plans": [{"Node Type": "Merge Join", "Parent Relationship": "Outer", "Join Type": "Inner", "Startup Cost": 3010393450665.84, "Total Cost": 4000430233360.91, "Plan Rows": 1153515, "Plan Width": 58, "Inner Unique": true, "Merge Cond": "(lineitem.l_orderkey = orders.o_orderkey)", "Plans": [{"Node Type": "Sort", "Parent Relationship": "Outer", "Startup Cost": 3000357080716.08, "Total Cost": 3000357083599.87, "Plan Rows": 1153515, "Plan Width": 58, "Sort Key": ["lineitem.l_orderkey"], "Plans": [{"Node Type": "Merge Join", "Parent Relationship": "Outer", "Join Type": "Inner", "Startup Cost": 2010356945993.15, "Total Cost": 3000356964570.93, "Plan Rows": 1153515, "Plan Width": 58, "Inner Unique": false, "Merge Cond": "(n1.n_nationkey = supplier.s_nationkey)", "Plans": [{"Node Type": "Index Scan", "Parent Relationship": "Outer", "Scan Direction": "Forward", "Index Name": "nation_pkey", "Relation Name": "nation", "Alias": "n1", "Startup Cost": 10000000000.0, "Total Cost": 1000000001275.0, "Plan Rows": 25, "Plan Width": 30, "Filter": "((n_name = 'JAPAN'::bpchar) OR (n_name = 'INDIA'::bpchar))"}, {"Node Type": "Sort", "Parent Relationship": "Inner", "Startup Cost": 2000356945993.15, "Total Cost": 2000356948876.93, "Plan Rows": 1153515, "Plan Width": 36, "Sort Key": ["supplier.s_nationkey"], "Plans": [{"Node Type": "Merge Join", "Parent Relationship": "Outer", "Join Type": "Inner", "Startup Cost": 1010356194001.51, "Total Cost": 2000356829848.0, "Plan Rows": 1153515, "Plan Width": 36, "Inner Unique": false, "Merge Cond": "(supplier.s_suppkey = lineitem.l_suppkey)", "Plans": [{"Node Type": "Index Scan", "Parent Relationship": "Outer", "Scan Direction": "Forward", "Index Name": "supplier_pkey", "Relation Name": "supplier", "Alias": "supplier", "Startup Cost": 10000000000.0, "Total Cost": 1000000533454.38, "Plan Rows": 100000, "Plan Width": 12}, {"Node Type": "Sort", "Parent Relationship": "Inner", "Startup Cost": 1000356193992.51, "Total Cost": 1000356239304.99, "Plan Rows": 18124991, "Plan Width": 40, "Sort Key": ["lineitem.l_suppkey"], "Plans": [{"Node Type": "Index Scan", "Parent Relationship": "Outer", "Scan Direction": "Forward", "Index Name": "idx_lineitem_orderkey", "Relation Name": "lineitem", "Alias": "lineitem", "Startup Cost": 10000000000.0, "Total Cost": 1000354008891.0, "Plan Rows": 18124991, "Plan Width": 40, "Filter": "((l_shipdate >= '1995-01-01 00:00:00'::timestamp(0) without time zone) AND (l_shipdate <= '1996-12-31 00:00:00'::timestamp(0) without time zone)), (LLVM Optimized)"}]}]}]}]}]}, {"Node Type": "Index Scan", "Parent Relationship": "Inner", "Scan Direction": "Forward", "Index Name": "orders_pkey", "Relation Name": "orders", "Alias": "orders", "Startup Cost": 10000000000.0, "Total Cost": 1000073097843.5, "Plan Rows": 14999479, "Plan Width": 16}]}]}]}, {"Node Type": "Materialize", "Parent Relationship": "Inner", "Startup Cost": 10000000000.0, "Total Cost": 1000019203896.25, "Plan Rows": 1500000, "Plan Width": 12, "Plans": [{"Node Type": "Index Scan", "Parent Relationship": "Outer", "Scan Direction": "Forward", "Index Name": "idx_customer_nationkey", "Relation Name": "customer", "Alias": "customer", "Startup Cost": 10000000000.0, "Total Cost": 1000019200146.25, "Plan Rows": 1500000, "Plan Width": 12}]}]}]}]}, "Unique SQL Id": 2208782157, "Planner Runtime": 5}, "explain_analyze_plan": null}, "(1, 92)": {"explain_plan": {"Plan": {"Node Type": "Aggregate", "Strategy": "Sorted", "Startup Cost": 726820.1, "Total Cost": 726930.74, "Plan Rows": 3688, "Plan Width": 84, "Group By Key": ["n1.n_name", "n2.n_name", "(date_part('year'::text, lineitem.l_shipdate))"], "Plans": [{"Node Type": "Sort", "Parent Relationship": "Outer", "Startup Cost": 726820.1, "Total Cost": 726829.32, "Plan Rows": 3688, "Plan Width": 76, "Sort Key": ["n1.n_name", "n2.n_name", "(date_part('year'::text, lineitem.l_shipdate))"], "Plans": [{"Node Type": "Merge Join", "Parent Relationship": "Outer", "Join Type": "Inner", "Startup Cost": 716715.31, "Total Cost": 726601.61, "Plan Rows": 3688, "Plan Width": 76, "Inner Unique": false, "Merge Cond": "(supplier.s_suppkey = lineitem.l_suppkey)", "Join Filter": "(n1.n_nationkey = supplier.s_nationkey)", "Plans": [{"Node Type": "Index Scan", "Parent Relationship": "Outer", "Scan Direction": "Forward", "Index Name": "supplier_pkey", "Relation Name": "supplier", "Alias": "supplier", "Startup Cost": 0.0, "Total Cost": 5334.54, "Plan Rows": 100000, "Plan Width": 12}, {"Node Type": "Sort", "Parent Relationship": "Inner", "Startup Cost": 716714.94, "Total Cost": 718566.9, "Plan Rows": 740786, "Plan Width": 88, "Sort Key": ["lineitem.l_suppkey"], "Plans": [{"Node Type": "Nested Loop", "Parent Relationship": "Outer", "Join Type": "Inner", "Startup Cost": 0.0, "Total Cost": 644493.13, "Plan Rows": 740786, "Plan Width": 88, "Inner Unique": false, "Plans": [{"Node Type": "Nested Loop", "Parent Relationship": "Outer", "Join Type": "Inner", "Startup Cost": 0.0, "Total Cost": 167755.5, "Plan Rows": 504972, "Plan Width": 64, "Inner Unique": false, "Plans": [{"Node Type": "Nested Loop", "Parent Relationship": "Outer", "Join Type": "Inner", "Startup Cost": 0.0, "Total Cost": 16632.98, "Plan Rows": 119904, "Plan Width": 64, "Inner Unique": false, "Plans": [{"Node Type": "Nested Loop", "Parent Relationship": "Outer", "Join Type": "Inner", "Startup Cost": 0.0, "Total Cost": 28.12, "Plan Rows": 2, "Plan Width": 60, "Inner Unique": false, "Join Filter": "(((n1.n_name = 'JAPAN'::bpchar) AND (n2.n_name = 'INDIA'::bpchar)) OR ((n1.n_name = 'INDIA'::bpchar) AND (n2.n_name = 'JAPAN'::bpchar)))", "Plans": [{"Node Type": "Index Scan", "Parent Relationship": "Outer", "Scan Direction": "Forward", "Index Name": "nation_pkey", "Relation Name": "nation", "Alias": "n1", "Startup Cost": 0.0, "Total Cost": 12.75, "Plan Rows": 25, "Plan Width": 30, "Filter": "((n_name = 'JAPAN'::bpchar) OR (n_name = 'INDIA'::bpchar))"}, {"Node Type": "Materialize", "Parent Relationship": "Inner", "Startup Cost": 0.0, "Total Cost": 1.38, "Plan Rows": 25, "Plan Width": 30, "Plans": [{"Node Type": "Seq Scan", "Parent Relationship": "Outer", "Relation Name": "nation", "Alias": "n2", "Startup Cost": 0.0, "Total Cost": 1.25, "Plan Rows": 25, "Plan Width": 30, "Filter": "((n_name = 'INDIA'::bpchar) OR (n_name = 'JAPAN'::bpchar))"}]}]}, {"Node Type": "Index Scan", "Parent Relationship": "Inner", "Scan Direction": "Forward", "Index Name": "idx_customer_nationkey", "Relation Name": "customer", "Alias": "customer", "Startup Cost": 0.0, "Total Cost": 7702.43, "Plan Rows": 60000, "Plan Width": 12, "Index Cond": "(c_nationkey = n2.n_nationkey)"}]}, {"Node Type": "Index Scan", "Parent Relationship": "Inner", "Scan Direction": "Forward", "Index Name": "idx_orders_custkey", "Relation Name": "orders", "Alias": "orders", "Startup Cost": 0.0, "Total Cost": 1.22, "Plan Rows": 4, "Plan Width": 16, "Index Cond": "(o_custkey = customer.c_custkey)"}]}, {"Node Type": "Index Scan", "Parent Relationship": "Inner", "Scan Direction": "Forward", "Index Name": "idx_lineitem_orderkey", "Relation Name": "lineitem", "Alias": "lineitem", "Startup Cost": 0.0, "Total Cost": 0.91, "Plan Rows": 3, "Plan Width": 40, "Index Cond": "(l_orderkey = orders.o_orderkey)", "Filter": "((l_shipdate >= '1995-01-01 00:00:00'::timestamp(0) without time zone) AND (l_shipdate <= '1996-12-31 00:00:00'::timestamp(0) without time zone))"}]}]}]}]}]}, "Unique SQL Id": 2208782157, "Planner Runtime": 4}, "explain_analyze_plan": {"Plan": {"Node Type": "Aggregate", "Strategy": "Sorted", "Startup Cost": 726820.1, "Total Cost": 726930.74, "Plan Rows": 3688, "Plan Width": 84, "Actual Startup Time": 20394.241, "Actual Total Time": 20427.676, "Actual Rows": 4, "Actual Loops": 1, "Group By Key": ["n1.n_name", "n2.n_name", "(date_part('year'::text, lineitem.l_shipdate))"], "Plans": [{"Node Type": "Sort", "Parent Relationship": "Outer", "Startup Cost": 726820.1, "Total Cost": 726829.32, "Plan Rows": 3688, "Plan Width": 76, "Actual Startup Time": 20383.031, "Actual Total Time": 20389.098, "Actual Rows": 58554, "Actual Loops": 1, "Sort Key": ["n1.n_name", "n2.n_name", "(date_part('year'::text, lineitem.l_shipdate))"], "Sort Method": "quicksort", "Sort Space Used": 10686, "Sort Space Type": "Memory", "Plans": [{"Node Type": "Merge Join", "Parent Relationship": "Outer", "Join Type": "Inner", "Startup Cost": 716715.31, "Total Cost": 726601.61, "Plan Rows": 3688, "Plan Width": 76, "Actual Startup Time": 19389.831, "Actual Total Time": 20346.189, "Actual Rows": 58554, "Actual Loops": 1, "Inner Unique": false, "Merge Cond": "(supplier.s_suppkey = lineitem.l_suppkey)", "Join Filter": "(n1.n_nationkey = supplier.s_nationkey)", "Rows Removed by Join Filter": 0, "Plans": [{"Node Type": "Index Scan", "Parent Relationship": "Outer", "Scan Direction": "Forward", "Index Name": "supplier_pkey", "Relation Name": "supplier", "Alias": "supplier", "Startup Cost": 0.0, "Total Cost": 5334.54, "Plan Rows": 100000, "Plan Width": 12, "Actual Startup Time": 0.027, "Actual Total Time": 57.956, "Actual Rows": 100000, "Actual Loops": 1}, {"Node Type": "Sort", "Parent Relationship": "Inner", "Startup Cost": 716714.94, "Total Cost": 718566.9, "Plan Rows": 740786, "Plan Width": 88, "Actual Startup Time": 19389.453, "Actual Total Time": 19738.358, "Actual Rows": 1459150, "Actual Loops": 1, "Sort Key": ["lineitem.l_suppkey"], "Sort Method": "quicksort", "Sort Space Used": 277145, "Sort Space Type": "Memory", "Plans": [{"Node Type": "Nested Loop", "Parent Relationship": "Outer", "Join Type": "Inner", "Startup Cost": 0.0, "Total Cost": 644493.13, "Plan Rows": 740786, "Plan Width": 88, "Actual Startup Time": 0.143, "Actual Total Time": 18681.322, "Actual Rows": 1459150, "Actual Loops": 1, "Inner Unique": false, "Plans": [{"Node Type": "Nested Loop", "Parent Relationship": "Outer", "Join Type": "Inner", "Startup Cost": 0.0, "Total Cost": 167755.5, "Plan Rows": 504972, "Plan Width": 64, "Actual Startup Time": 0.091, "Actual Total Time": 3859.511, "Actual Rows": 1200363, "Actual Loops": 1, "Inner Unique": false, "Plans": [{"Node Type": "Nested Loop", "Parent Relationship": "Outer", "Join Type": "Inner", "Startup Cost": 0.0, "Total Cost": 16632.98, "Plan Rows": 119904, "Plan Width": 64, "Actual Startup Time": 0.081, "Actual Total Time": 215.59, "Actual Rows": 119972, "Actual Loops": 1, "Inner Unique": false, "Plans": [{"Node Type": "Nested Loop", "Parent Relationship": "Outer", "Join Type": "Inner", "Startup Cost": 0.0, "Total Cost": 28.12, "Plan Rows": 2, "Plan Width": 60, "Actual Startup Time": 0.048, "Actual Total Time": 0.235, "Actual Rows": 2, "Actual Loops": 1, "Inner Unique": false, "Join Filter": "(((n1.n_name = 'JAPAN'::bpchar) AND (n2.n_name = 'INDIA'::bpchar)) OR ((n1.n_name = 'INDIA'::bpchar) AND (n2.n_name = 'JAPAN'::bpchar)))", "Rows Removed by Join Filter": 2, "Plans": [{"Node Type": "Index Scan", "Parent Relationship": "Outer", "Scan Direction": "Forward", "Index Name": "nation_pkey", "Relation Name": "nation", "Alias": "n1", "Startup Cost": 0.0, "Total Cost": 12.75, "Plan Rows": 25, "Plan Width": 30, "Actual Startup Time": 0.016, "Actual Total Time": 0.04, "Actual Rows": 2, "Actual Loops": 1, "Filter": "((n_name = 'JAPAN'::bpchar) OR (n_name = 'INDIA'::bpchar))", "Rows Removed by Filter": 23}, {"Node Type": "Materialize", "Parent Relationship": "Inner", "Startup Cost": 0.0, "Total Cost": 1.38, "Plan Rows": 25, "Plan Width": 30, "Actual Startup Time": 0.024, "Actual Total Time": 0.059, "Actual Rows": 4, "Actual Loops": 2, "Plans": [{"Node Type": "Seq Scan", "Parent Relationship": "Outer", "Relation Name": "nation", "Alias": "n2", "Startup Cost": 0.0, "Total Cost": 1.25, "Plan Rows": 25, "Plan Width": 30, "Actual Startup Time": 0.019, "Actual Total Time": 0.041, "Actual Rows": 2, "Actual Loops": 1, "Filter": "((n_name = 'INDIA'::bpchar) OR (n_name = 'JAPAN'::bpchar))", "Rows Removed by Filter": 23}]}]}, {"Node Type": "Index Scan", "Parent Relationship": "Inner", "Scan Direction": "Forward", "Index Name": "idx_customer_nationkey", "Relation Name": "customer", "Alias": "customer", "Startup Cost": 0.0, "Total Cost": 7702.43, "Plan Rows": 60000, "Plan Width": 12, "Actual Startup Time": 0.084, "Actual Total Time": 179.591, "Actual Rows": 119972, "Actual Loops": 2, "Index Cond": "(c_nationkey = n2.n_nationkey)", "Rows Removed by Index Recheck": 0}]}, {"Node Type": "Index Scan", "Parent Relationship": "Inner", "Scan Direction": "Forward", "Index Name": "idx_orders_custkey", "Relation Name": "orders", "Alias": "orders", "Startup Cost": 0.0, "Total Cost": 1.22, "Plan Rows": 4, "Plan Width": 16, "Actual Startup Time": 720.404, "Actual Total Time": 3284.346, "Actual Rows": 1200363, "Actual Loops": 119972, "Index Cond": "(o_custkey = customer.c_custkey)", "Rows Removed by Index Recheck": 0}]}, {"Node Type": "Index Scan", "Parent Relationship": "Inner", "Scan Direction": "Forward", "Index Name": "idx_lineitem_orderkey", "Relation Name": "lineitem", "Alias": "lineitem", "Startup Cost": 0.0, "Total Cost": 0.91, "Plan Rows": 3, "Plan Width": 40, "Actual Startup Time": 12675.692, "Actual Total Time": 13836.568, "Actual Rows": 1459150, "Actual Loops": 1200363, "Index Cond": "(l_orderkey = orders.o_orderkey)", "Rows Removed by Index Recheck": 0, "Filter": "((l_shipdate >= '1995-01-01 00:00:00'::timestamp(0) without time zone) AND (l_shipdate <= '1996-12-31 00:00:00'::timestamp(0) without time zone))", "Rows Removed by Filter": 3342563}]}]}]}]}]}, "Triggers": [], "Planner Runtime": 4, "Total Runtime": 20428.138, "Unique SQL Id": 2208782157}}, "(1, 93)": {"explain_plan": {"Plan": {"Node Type": "Aggregate", "Strategy": "Sorted", "Startup Cost": 726831.6, "Total Cost": 726942.24, "Plan Rows": 3688, "Plan Width": 84, "Group By Key": ["n1.n_name", "n2.n_name", "(date_part('year'::text, lineitem.l_shipdate))"], "Plans": [{"Node Type": "Sort", "Parent Relationship": "Outer", "Startup Cost": 726831.6, "Total Cost": 726840.82, "Plan Rows": 3688, "Plan Width": 76, "Sort Key": ["n1.n_name", "n2.n_name", "(date_part('year'::text, lineitem.l_shipdate))"], "Plans": [{"Node Type": "Merge Join", "Parent Relationship": "Outer", "Join Type": "Inner", "Startup Cost": 716726.81, "Total Cost": 726613.11, "Plan Rows": 3688, "Plan Width": 76, "Inner Unique": false, "Merge Cond": "(supplier.s_suppkey = lineitem.l_suppkey)", "Join Filter": "(n1.n_nationkey = supplier.s_nationkey)", "Plans": [{"Node Type": "Index Scan", "Parent Relationship": "Outer", "Scan Direction": "Forward", "Index Name": "supplier_pkey", "Relation Name": "supplier", "Alias": "supplier", "Startup Cost": 0.0, "Total Cost": 5334.54, "Plan Rows": 100000, "Plan Width": 12}, {"Node Type": "Sort", "Parent Relationship": "Inner", "Startup Cost": 716726.44, "Total Cost": 718578.4, "Plan Rows": 740786, "Plan Width": 88, "Sort Key": ["lineitem.l_suppkey"], "Plans": [{"Node Type": "Nested Loop", "Parent Relationship": "Outer", "Join Type": "Inner", "Startup Cost": 0.0, "Total Cost": 644504.63, "Plan Rows": 740786, "Plan Width": 88, "Inner Unique": false, "Plans": [{"Node Type": "Nested Loop", "Parent Relationship": "Outer", "Join Type": "Inner", "Startup Cost": 0.0, "Total Cost": 167767.0, "Plan Rows": 504972, "Plan Width": 64, "Inner Unique": false, "Plans": [{"Node Type": "Nested Loop", "Parent Relationship": "Outer", "Join Type": "Inner", "Startup Cost": 0.0, "Total Cost": 16644.48, "Plan Rows": 119904, "Plan Width": 64, "Inner Unique": false, "Plans": [{"Node Type": "Nested Loop", "Parent Relationship": "Outer", "Join Type": "Inner", "Startup Cost": 0.0, "Total Cost": 39.62, "Plan Rows": 2, "Plan Width": 60, "Inner Unique": false, "Join Filter": "(((n1.n_name = 'JAPAN'::bpchar) AND (n2.n_name = 'INDIA'::bpchar)) OR ((n1.n_name = 'INDIA'::bpchar) AND (n2.n_name = 'JAPAN'::bpchar)))", "Plans": [{"Node Type": "Index Scan", "Parent Relationship": "Outer", "Scan Direction": "Forward", "Index Name": "nation_pkey", "Relation Name": "nation", "Alias": "n1", "Startup Cost": 0.0, "Total Cost": 12.75, "Plan Rows": 25, "Plan Width": 30, "Filter": "((n_name = 'JAPAN'::bpchar) OR (n_name = 'INDIA'::bpchar))"}, {"Node Type": "Materialize", "Parent Relationship": "Inner", "Startup Cost": 0.0, "Total Cost": 12.88, "Plan Rows": 25, "Plan Width": 30, "Plans": [{"Node Type": "Index Scan", "Parent Relationship": "Outer", "Scan Direction": "Forward", "Index Name": "nation_pkey", "Relation Name": "nation", "Alias": "n2", "Startup Cost": 0.0, "Total Cost": 12.75, "Plan Rows": 25, "Plan Width": 30, "Filter": "((n_name = 'INDIA'::bpchar) OR (n_name = 'JAPAN'::bpchar))"}]}]}, {"Node Type": "Index Scan", "Parent Relationship": "Inner", "Scan Direction": "Forward", "Index Name": "idx_customer_nationkey", "Relation Name": "customer", "Alias": "customer", "Startup Cost": 0.0, "Total Cost": 7702.43, "Plan Rows": 60000, "Plan Width": 12, "Index Cond": "(c_nationkey = n2.n_nationkey)"}]}, {"Node Type": "Index Scan", "Parent Relationship": "Inner", "Scan Direction": "Forward", "Index Name": "idx_orders_custkey", "Relation Name": "orders", "Alias": "orders", "Startup Cost": 0.0, "Total Cost": 1.22, "Plan Rows": 4, "Plan Width": 16, "Index Cond": "(o_custkey = customer.c_custkey)"}]}, {"Node Type": "Index Scan", "Parent Relationship": "Inner", "Scan Direction": "Forward", "Index Name": "idx_lineitem_orderkey", "Relation Name": "lineitem", "Alias": "lineitem", "Startup Cost": 0.0, "Total Cost": 0.91, "Plan Rows": 3, "Plan Width": 40, "Index Cond": "(l_orderkey = orders.o_orderkey)", "Filter": "((l_shipdate >= '1995-01-01 00:00:00'::timestamp(0) without time zone) AND (l_shipdate <= '1996-12-31 00:00:00'::timestamp(0) without time zone))"}]}]}]}]}]}, "Unique SQL Id": 2208782157, "Planner Runtime": 3}, "explain_analyze_plan": {"Plan": {"Node Type": "Aggregate", "Strategy": "Sorted", "Startup Cost": 726831.6, "Total Cost": 726942.24, "Plan Rows": 3688, "Plan Width": 84, "Actual Startup Time": 21271.484, "Actual Total Time": 21305.171, "Actual Rows": 4, "Actual Loops": 1, "Group By Key": ["n1.n_name", "n2.n_name", "(date_part('year'::text, lineitem.l_shipdate))"], "Plans": [{"Node Type": "Sort", "Parent Relationship": "Outer", "Startup Cost": 726831.6, "Total Cost": 726840.82, "Plan Rows": 3688, "Plan Width": 76, "Actual Startup Time": 21260.227, "Actual Total Time": 21266.244, "Actual Rows": 58554, "Actual Loops": 1, "Sort Key": ["n1.n_name", "n2.n_name", "(date_part('year'::text, lineitem.l_shipdate))"], "Sort Method": "quicksort", "Sort Space Used": 10686, "Sort Space Type": "Memory", "Plans": [{"Node Type": "Merge Join", "Parent Relationship": "Outer", "Join Type": "Inner", "Startup Cost": 716726.81, "Total Cost": 726613.11, "Plan Rows": 3688, "Plan Width": 76, "Actual Startup Time": 20221.112, "Actual Total Time": 21223.18, "Actual Rows": 58554, "Actual Loops": 1, "Inner Unique": false, "Merge Cond": "(supplier.s_suppkey = lineitem.l_suppkey)", "Join Filter": "(n1.n_nationkey = supplier.s_nationkey)", "Rows Removed by Join Filter": 0, "Plans": [{"Node Type": "Index Scan", "Parent Relationship": "Outer", "Scan Direction": "Forward", "Index Name": "supplier_pkey", "Relation Name": "supplier", "Alias": "supplier", "Startup Cost": 0.0, "Total Cost": 5334.54, "Plan Rows": 100000, "Plan Width": 12, "Actual Startup Time": 0.025, "Actual Total Time": 73.17, "Actual Rows": 100000, "Actual Loops": 1}, {"Node Type": "Sort", "Parent Relationship": "Inner", "Startup Cost": 716726.44, "Total Cost": 718578.4, "Plan Rows": 740786, "Plan Width": 88, "Actual Startup Time": 20220.489, "Actual Total Time": 20594.11, "Actual Rows": 1459150, "Actual Loops": 1, "Sort Key": ["lineitem.l_suppkey"], "Sort Method": "quicksort", "Sort Space Used": 277145, "Sort Space Type": "Memory", "Plans": [{"Node Type": "Nested Loop", "Parent Relationship": "Outer", "Join Type": "Inner", "Startup Cost": 0.0, "Total Cost": 644504.63, "Plan Rows": 740786, "Plan Width": 88, "Actual Startup Time": 0.135, "Actual Total Time": 19509.942, "Actual Rows": 1459150, "Actual Loops": 1, "Inner Unique": false, "Plans": [{"Node Type": "Nested Loop", "Parent Relationship": "Outer", "Join Type": "Inner", "Startup Cost": 0.0, "Total Cost": 167767.0, "Plan Rows": 504972, "Plan Width": 64, "Actual Startup Time": 0.082, "Actual Total Time": 4058.643, "Actual Rows": 1200363, "Actual Loops": 1, "Inner Unique": false, "Plans": [{"Node Type": "Nested Loop", "Parent Relationship": "Outer", "Join Type": "Inner", "Startup Cost": 0.0, "Total Cost": 16644.48, "Plan Rows": 119904, "Plan Width": 64, "Actual Startup Time": 0.072, "Actual Total Time": 223.398, "Actual Rows": 119972, "Actual Loops": 1, "Inner Unique": false, "Plans": [{"Node Type": "Nested Loop", "Parent Relationship": "Outer", "Join Type": "Inner", "Startup Cost": 0.0, "Total Cost": 39.62, "Plan Rows": 2, "Plan Width": 60, "Actual Startup Time": 0.042, "Actual Total Time": 0.133, "Actual Rows": 2, "Actual Loops": 1, "Inner Unique": false, "Join Filter": "(((n1.n_name = 'JAPAN'::bpchar) AND (n2.n_name = 'INDIA'::bpchar)) OR ((n1.n_name = 'INDIA'::bpchar) AND (n2.n_name = 'JAPAN'::bpchar)))", "Rows Removed by Join Filter": 2, "Plans": [{"Node Type": "Index Scan", "Parent Relationship": "Outer", "Scan Direction": "Forward", "Index Name": "nation_pkey", "Relation Name": "nation", "Alias": "n1", "Startup Cost": 0.0, "Total Cost": 12.75, "Plan Rows": 25, "Plan Width": 30, "Actual Startup Time": 0.017, "Actual Total Time": 0.042, "Actual Rows": 2, "Actual Loops": 1, "Filter": "((n_name = 'JAPAN'::bpchar) OR (n_name = 'INDIA'::bpchar))", "Rows Removed by Filter": 23}, {"Node Type": "Materialize", "Parent Relationship": "Inner", "Startup Cost": 0.0, "Total Cost": 12.88, "Plan Rows": 25, "Plan Width": 30, "Actual Startup Time": 0.016, "Actual Total Time": 0.045, "Actual Rows": 4, "Actual Loops": 2, "Plans": [{"Node Type": "Index Scan", "Parent Relationship": "Outer", "Scan Direction": "Forward", "Index Name": "nation_pkey", "Relation Name": "nation", "Alias": "n2", "Startup Cost": 0.0, "Total Cost": 12.75, "Plan Rows": 25, "Plan Width": 30, "Actual Startup Time": 0.011, "Actual Total Time": 0.034, "Actual Rows": 2, "Actual Loops": 1, "Filter": "((n_name = 'INDIA'::bpchar) OR (n_name = 'JAPAN'::bpchar))", "Rows Removed by Filter": 23}]}]}, {"Node Type": "Index Scan", "Parent Relationship": "Inner", "Scan Direction": "Forward", "Index Name": "idx_customer_nationkey", "Relation Name": "customer", "Alias": "customer", "Startup Cost": 0.0, "Total Cost": 7702.43, "Plan Rows": 60000, "Plan Width": 12, "Actual Startup Time": 0.048, "Actual Total Time": 189.022, "Actual Rows": 119972, "Actual Loops": 2, "Index Cond": "(c_nationkey = n2.n_nationkey)", "Rows Removed by Index Recheck": 0}]}, {"Node Type": "Index Scan", "Parent Relationship": "Inner", "Scan Direction": "Forward", "Index Name": "idx_orders_custkey", "Relation Name": "orders", "Alias": "orders", "Startup Cost": 0.0, "Total Cost": 1.22, "Plan Rows": 4, "Plan Width": 16, "Actual Startup Time": 752.462, "Actual Total Time": 3479.887, "Actual Rows": 1200363, "Actual Loops": 119972, "Index Cond": "(o_custkey = customer.c_custkey)", "Rows Removed by Index Recheck": 0}]}, {"Node Type": "Index Scan", "Parent Relationship": "Inner", "Scan Direction": "Forward", "Index Name": "idx_lineitem_orderkey", "Relation Name": "lineitem", "Alias": "lineitem", "Startup Cost": 0.0, "Total Cost": 0.91, "Plan Rows": 3, "Plan Width": 40, "Actual Startup Time": 13286.979, "Actual Total Time": 14474.198, "Actual Rows": 1459150, "Actual Loops": 1200363, "Index Cond": "(l_orderkey = orders.o_orderkey)", "Rows Removed by Index Recheck": 0, "Filter": "((l_shipdate >= '1995-01-01 00:00:00'::timestamp(0) without time zone) AND (l_shipdate <= '1996-12-31 00:00:00'::timestamp(0) without time zone))", "Rows Removed by Filter": 3342563}]}]}]}]}]}, "Triggers": [], "Planner Runtime": 3, "Total Runtime": 21305.606, "Unique SQL Id": 2208782157}}, "(1, 94)": {"explain_plan": {"Plan": {"Node Type": "Aggregate", "Strategy": "Sorted", "Startup Cost": 7128459.0, "Total Cost": 7128569.64, "Plan Rows": 3688, "Plan Width": 84, "Group By Key": ["n1.n_name", "n2.n_name", "(date_part('year'::text, lineitem.l_shipdate))"], "Plans": [{"Node Type": "Sort", "Parent Relationship": "Outer", "Startup Cost": 7128459.0, "Total Cost": 7128468.22, "Plan Rows": 3688, "Plan Width": 76, "Sort Key": ["n1.n_name", "n2.n_name", "(date_part('year'::text, lineitem.l_shipdate))"], "Plans": [{"Node Type": "Merge Join", "Parent Relationship": "Outer", "Join Type": "Inner", "Startup Cost": 7116253.19, "Total Cost": 7128240.51, "Plan Rows": 3688, "Plan Width": 76, "Inner Unique": true, "Merge Cond": "((orders.o_custkey = customer.c_custkey) AND (n2.n_nationkey = customer.c_nationkey))", "Plans": [{"Node Type": "Sort", "Parent Relationship": "Outer", "Startup Cost": 6910252.9, "Total Cost": 6910483.42, "Plan Rows": 92207, "Plan Width": 88, "Sort Key": ["orders.o_custkey", "n2.n_nationkey"], "Plans": [{"Node Type": "Merge Join", "Parent Relationship": "Outer", "Join Type": "Inner", "Startup Cost": 6826271.5, "Total Cost": 6902649.24, "Plan Rows": 92207, "Plan Width": 88, "Inner Unique": true, "Merge Cond": "(lineitem.l_orderkey = orders.o_orderkey)", "Plans": [{"Node Type": "Sort", "Parent Relationship": "Outer", "Startup Cost": 4612036.38, "Total Cost": 4612266.9, "Plan Rows": 92207, "Plan Width": 88, "Sort Key": ["lineitem.l_orderkey"], "Plans": [{"Node Type": "Merge Join", "Parent Relationship": "Outer", "Join Type": "Inner", "Startup Cost": 4512863.67, "Total Cost": 4604432.72, "Plan Rows": 92207, "Plan Width": 88, "Inner Unique": false, "Merge Cond": "(supplier.s_suppkey = lineitem.l_suppkey)", "Plans": [{"Node Type": "Sort", "Parent Relationship": "Outer", "Startup Cost": 12702.66, "Total Cost": 12722.65, "Plan Rows": 7994, "Plan Width": 64, "Sort Key": ["supplier.s_suppkey"], "Plans": [{"Node Type": "Merge Join", "Parent Relationship": "Outer", "Join Type": "Inner", "Startup Cost": 11604.46, "Total Cost": 12184.47, "Plan Rows": 7994, "Plan Width": 64, "Inner Unique": false, "Merge Cond": "(n1.n_nationkey = supplier.s_nationkey)", "Plans": [{"Node Type": "Sort", "Parent Relationship": "Outer", "Startup Cost": 16.64, "Total Cost": 16.64, "Plan Rows": 2, "Plan Width": 60, "Sort Key": ["n1.n_nationkey"], "Plans": [{"Node Type": "Nested Loop", "Parent Relationship": "Outer", "Join Type": "Inner", "Startup Cost": 0.0, "Total Cost": 16.62, "Plan Rows": 2, "Plan Width": 60, "Inner Unique": false, "Join Filter": "(((n1.n_name = 'JAPAN'::bpchar) AND (n2.n_name = 'INDIA'::bpchar)) OR ((n1.n_name = 'INDIA'::bpchar) AND (n2.n_name = 'JAPAN'::bpchar)))", "Plans": [{"Node Type": "Seq Scan", "Parent Relationship": "Outer", "Relation Name": "nation", "Alias": "n1", "Startup Cost": 0.0, "Total Cost": 1.25, "Plan Rows": 25, "Plan Width": 30, "Filter": "((n_name = 'JAPAN'::bpchar) OR (n_name = 'INDIA'::bpchar))"}, {"Node Type": "Materialize", "Parent Relationship": "Inner", "Startup Cost": 0.0, "Total Cost": 1.38, "Plan Rows": 25, "Plan Width": 30, "Plans": [{"Node Type": "Seq Scan", "Parent Relationship": "Outer", "Relation Name": "nation", "Alias": "n2", "Startup Cost": 0.0, "Total Cost": 1.25, "Plan Rows": 25, "Plan Width": 30, "Filter": "((n_name = 'INDIA'::bpchar) OR (n_name = 'JAPAN'::bpchar))"}]}]}]}, {"Node Type": "Sort", "Parent Relationship": "Inner", "Startup Cost": 11587.82, "Total Cost": 11837.82, "Plan Rows": 100000, "Plan Width": 12, "Sort Key": ["supplier.s_nationkey"], "Plans": [{"Node Type": "Seq Scan", "Parent Relationship": "Outer", "Relation Name": "supplier", "Alias": "supplier", "Startup Cost": 0.0, "Total Cost": 3283.0, "Plan Rows": 100000, "Plan Width": 12}]}]}]}, {"Node Type": "Sort", "Parent Relationship": "Inner", "Startup Cost": 4500152.01, "Total Cost": 4545464.49, "Plan Rows": 18124991, "Plan Width": 40, "Sort Key": ["lineitem.l_suppkey"], "Plans": [{"Node Type": "Seq Scan", "Parent Relationship": "Outer", "Relation Name": "lineitem", "Alias": "lineitem", "Startup Cost": 44.73, "Total Cost": 2315050.5, "Plan Rows": 18124991, "Plan Width": 40, "Filter": "((l_shipdate >= '1995-01-01 00:00:00'::timestamp(0) without time zone) AND (l_shipdate <= '1996-12-31 00:00:00'::timestamp(0) without time zone)), (LLVM Optimized)"}]}]}]}, {"Node Type": "Sort", "Parent Relationship": "Inner", "Startup Cost": 2214232.37, "Total Cost": 2251731.07, "Plan Rows": 14999479, "Plan Width": 16, "Sort Key": ["orders.o_orderkey"], "Plans": [{"Node Type": "Seq Scan", "Parent Relationship": "Outer", "Relation Name": "orders", "Alias": "orders", "Startup Cost": 0.0, "Total Cost": 426413.79, "Plan Rows": 14999479, "Plan Width": 16}]}]}]}, {"Node Type": "Sort", "Parent Relationship": "Inner", "Startup Cost": 205999.98, "Total Cost": 209749.98, "Plan Rows": 1500000, "Plan Width": 12, "Sort Key": ["customer.c_custkey", "customer.c_nationkey"], "Plans": [{"Node Type": "Seq Scan", "Parent Relationship": "Outer", "Relation Name": "customer", "Alias": "customer", "Startup Cost": 0.0, "Total Cost": 52126.0, "Plan Rows": 1500000, "Plan Width": 12}]}]}]}]}, "Unique SQL Id": 2208782157, "Planner Runtime": 3}, "explain_analyze_plan": null}, "(1, 95)": {"explain_plan": {"Plan": {"Node Type": "Aggregate", "Strategy": "Sorted", "Startup Cost": 6000546904326.37, "Total Cost": 6000546904437.01, "Plan Rows": 3688, "Plan Width": 84, "Group By Key": ["n1.n_name", "n2.n_name", "(date_part('year'::text, lineitem.l_shipdate))"], "Plans": [{"Node Type": "Sort", "Parent Relationship": "Outer", "Startup Cost": 6000546904326.37, "Total Cost": 6000546904335.59, "Plan Rows": 3688, "Plan Width": 76, "Sort Key": ["n1.n_name", "n2.n_name", "(date_part('year'::text, lineitem.l_shipdate))"], "Plans": [{"Node Type": "Merge Join", "Parent Relationship": "Outer", "Join Type": "Inner", "Startup Cost": 3030393450665.84, "Total Cost": 6000546904107.88, "Plan Rows": 3688, "Plan Width": 76, "Inner Unique": true, "Merge Cond": "(n2.n_nationkey = customer.c_nationkey)", "Join Filter": "(orders.o_custkey = customer.c_custkey)", "Plans": [{"Node Type": "Nested Loop", "Parent Relationship": "Outer", "Join Type": "Inner", "Startup Cost": 3020393450665.84, "Total Cost": 5000430886371.89, "Plan Rows": 92207, "Plan Width": 88, "Inner Unique": false, "Join Filter": "(((n1.n_name = 'JAPAN'::bpchar) AND (n2.n_name = 'INDIA'::bpchar)) OR ((n1.n_name = 'INDIA'::bpchar) AND (n2.n_name = 'JAPAN'::bpchar)))", "Plans": [{"Node Type": "Index Scan", "Parent Relationship": "Outer", "Scan Direction": "Forward", "Index Name": "nation_pkey", "Relation Name": "nation", "Alias": "n2", "Startup Cost": 10000000000.0, "Total Cost": 1000000001275.0, "Plan Rows": 25, "Plan Width": 30, "Filter": "((n_name = 'INDIA'::bpchar) OR (n_name = 'JAPAN'::bpchar))"}, {"Node Type": "Materialize", "Parent Relationship": "Inner", "Startup Cost": 3010393450665.84, "Total Cost": 4000430239128.49, "Plan Rows": 1153515, "Plan Width": 58, "Plans": [{"Node Type": "Merge Join", "Parent Relationship": "Outer", "Join Type": "Inner", "Startup Cost": 3010393450665.84, "Total Cost": 4000430233360.91, "Plan Rows": 1153515, "Plan Width": 58, "Inner Unique": true, "Merge Cond": "(lineitem.l_orderkey = orders.o_orderkey)", "Plans": [{"Node Type": "Sort", "Parent Relationship": "Outer", "Startup Cost": 3000357080716.08, "Total Cost": 3000357083599.87, "Plan Rows": 1153515, "Plan Width": 58, "Sort Key": ["lineitem.l_orderkey"], "Plans": [{"Node Type": "Merge Join", "Parent Relationship": "Outer", "Join Type": "Inner", "Startup Cost": 2010356945993.15, "Total Cost": 3000356964570.93, "Plan Rows": 1153515, "Plan Width": 58, "Inner Unique": false, "Merge Cond": "(n1.n_nationkey = supplier.s_nationkey)", "Plans": [{"Node Type": "Index Scan", "Parent Relationship": "Outer", "Scan Direction": "Forward", "Index Name": "nation_pkey", "Relation Name": "nation", "Alias": "n1", "Startup Cost": 10000000000.0, "Total Cost": 1000000001275.0, "Plan Rows": 25, "Plan Width": 30, "Filter": "((n_name = 'JAPAN'::bpchar) OR (n_name = 'INDIA'::bpchar))"}, {"Node Type": "Sort", "Parent Relationship": "Inner", "Startup Cost": 2000356945993.15, "Total Cost": 2000356948876.93, "Plan Rows": 1153515, "Plan Width": 36, "Sort Key": ["supplier.s_nationkey"], "Plans": [{"Node Type": "Merge Join", "Parent Relationship": "Outer", "Join Type": "Inner", "Startup Cost": 1010356194001.51, "Total Cost": 2000356829848.0, "Plan Rows": 1153515, "Plan Width": 36, "Inner Unique": false, "Merge Cond": "(supplier.s_suppkey = lineitem.l_suppkey)", "Plans": [{"Node Type": "Index Scan", "Parent Relationship": "Outer", "Scan Direction": "Forward", "Index Name": "supplier_pkey", "Relation Name": "supplier", "Alias": "supplier", "Startup Cost": 10000000000.0, "Total Cost": 1000000533454.38, "Plan Rows": 100000, "Plan Width": 12}, {"Node Type": "Sort", "Parent Relationship": "Inner", "Startup Cost": 1000356193992.51, "Total Cost": 1000356239304.99, "Plan Rows": 18124991, "Plan Width": 40, "Sort Key": ["lineitem.l_suppkey"], "Plans": [{"Node Type": "Index Scan", "Parent Relationship": "Outer", "Scan Direction": "Forward", "Index Name": "idx_lineitem_orderkey", "Relation Name": "lineitem", "Alias": "lineitem", "Startup Cost": 10000000000.0, "Total Cost": 1000354008891.0, "Plan Rows": 18124991, "Plan Width": 40, "Filter": "((l_shipdate >= '1995-01-01 00:00:00'::timestamp(0) without time zone) AND (l_shipdate <= '1996-12-31 00:00:00'::timestamp(0) without time zone)), (LLVM Optimized)"}]}]}]}]}]}, {"Node Type": "Index Scan", "Parent Relationship": "Inner", "Scan Direction": "Forward", "Index Name": "orders_pkey", "Relation Name": "orders", "Alias": "orders", "Startup Cost": 10000000000.0, "Total Cost": 1000073097843.5, "Plan Rows": 14999479, "Plan Width": 16}]}]}]}, {"Node Type": "Materialize", "Parent Relationship": "Inner", "Startup Cost": 10000000000.0, "Total Cost": 1000019203896.25, "Plan Rows": 1500000, "Plan Width": 12, "Plans": [{"Node Type": "Index Scan", "Parent Relationship": "Outer", "Scan Direction": "Forward", "Index Name": "idx_customer_nationkey", "Relation Name": "customer", "Alias": "customer", "Startup Cost": 10000000000.0, "Total Cost": 1000019200146.25, "Plan Rows": 1500000, "Plan Width": 12}]}]}]}]}, "Unique SQL Id": 2208782157, "Planner Runtime": 4}, "explain_analyze_plan": null}, "(1, 96)": {"explain_plan": {"Plan": {"Node Type": "Aggregate", "Strategy": "Sorted", "Startup Cost": 653338.7, "Total Cost": 653449.34, "Plan Rows": 3688, "Plan Width": 84, "Group By Key": ["n1.n_name", "n2.n_name", "(date_part('year'::text, lineitem.l_shipdate))"], "Plans": [{"Node Type": "Sort", "Parent Relationship": "Outer", "Startup Cost": 653338.7, "Total Cost": 653347.92, "Plan Rows": 3688, "Plan Width": 76, "Sort Key": ["n1.n_name", "n2.n_name", "(date_part('year'::text, lineitem.l_shipdate))"], "Plans": [{"Node Type": "Hash Join", "Parent Relationship": "Outer", "Join Type": "Inner", "Startup Cost": 5813.37, "Total Cost": 653120.22, "Plan Rows": 3688, "Plan Width": 76, "Inner Unique": true, "Hash Cond": "((lineitem.l_suppkey = supplier.s_suppkey) AND (n1.n_nationkey = supplier.s_nationkey))", "Plans": [{"Node Type": "Nested Loop", "Parent Relationship": "Outer", "Join Type": "Inner", "Startup Cost": 1030.37, "Total Cost": 642753.24, "Plan Rows": 740786, "Plan Width": 88, "Inner Unique": false, "Plans": [{"Node Type": "Nested Loop", "Parent Relationship": "Outer", "Join Type": "Inner", "Startup Cost": 1030.37, "Total Cost": 166015.61, "Plan Rows": 504972, "Plan Width": 64, "Inner Unique": false, "Plans": [{"Node Type": "Nested Loop", "Parent Relationship": "Outer", "Join Type": "Inner", "Startup Cost": 1030.37, "Total Cost": 14893.09, "Plan Rows": 119904, "Plan Width": 64, "Inner Unique": false, "Plans": [{"Node Type": "Nested Loop", "Parent Relationship": "Outer", "Join Type": "Inner", "Startup Cost": 0.0, "Total Cost": 28.12, "Plan Rows": 2, "Plan Width": 60, "Inner Unique": false, "Join Filter": "(((n1.n_name = 'JAPAN'::bpchar) AND (n2.n_name = 'INDIA'::bpchar)) OR ((n1.n_name = 'INDIA'::bpchar) AND (n2.n_name = 'JAPAN'::bpchar)))", "Plans": [{"Node Type": "Index Scan", "Parent Relationship": "Outer", "Scan Direction": "Forward", "Index Name": "nation_pkey", "Relation Name": "nation", "Alias": "n1", "Startup Cost": 0.0, "Total Cost": 12.75, "Plan Rows": 25, "Plan Width": 30, "Filter": "((n_name = 'JAPAN'::bpchar) OR (n_name = 'INDIA'::bpchar))"}, {"Node Type": "Materialize", "Parent Relationship": "Inner", "Startup Cost": 0.0, "Total Cost": 1.38, "Plan Rows": 25, "Plan Width": 30, "Plans": [{"Node Type": "Seq Scan", "Parent Relationship": "Outer", "Relation Name": "nation", "Alias": "n2", "Startup Cost": 0.0, "Total Cost": 1.25, "Plan Rows": 25, "Plan Width": 30, "Filter": "((n_name = 'INDIA'::bpchar) OR (n_name = 'JAPAN'::bpchar))"}]}]}, {"Node Type": "Bitmap Heap Scan", "Parent Relationship": "Inner", "Relation Name": "customer", "Alias": "customer", "Startup Cost": 1030.37, "Total Cost": 6832.48, "Plan Rows": 60000, "Plan Width": 12, "Recheck Cond": "(c_nationkey = n2.n_nationkey)", "Plans": [{"Node Type": "Bitmap Index Scan", "Parent Relationship": "Outer", "Index Name": "idx_customer_nationkey", "Startup Cost": 0.0, "Total Cost": 1015.37, "Plan Rows": 60000, "Plan Width": 0, "Index Cond": "(c_nationkey = n2.n_nationkey)"}]}]}, {"Node Type": "Index Scan", "Parent Relationship": "Inner", "Scan Direction": "Forward", "Index Name": "idx_orders_custkey", "Relation Name": "orders", "Alias": "orders", "Startup Cost": 0.0, "Total Cost": 1.22, "Plan Rows": 4, "Plan Width": 16, "Index Cond": "(o_custkey = customer.c_custkey)"}]}, {"Node Type": "Index Scan", "Parent Relationship": "Inner", "Scan Direction": "Forward", "Index Name": "idx_lineitem_orderkey", "Relation Name": "lineitem", "Alias": "lineitem", "Startup Cost": 0.0, "Total Cost": 0.91, "Plan Rows": 3, "Plan Width": 40, "Index Cond": "(l_orderkey = orders.o_orderkey)", "Filter": "((l_shipdate >= '1995-01-01 00:00:00'::timestamp(0) without time zone) AND (l_shipdate <= '1996-12-31 00:00:00'::timestamp(0) without time zone))"}]}, {"Node Type": "Hash", "Parent Relationship": "Inner", "Startup Cost": 3283.0, "Total Cost": 3283.0, "Plan Rows": 100000, "Plan Width": 12, "Plans": [{"Node Type": "Seq Scan", "Parent Relationship": "Outer", "Relation Name": "supplier", "Alias": "supplier", "Startup Cost": 0.0, "Total Cost": 3283.0, "Plan Rows": 100000, "Plan Width": 12}]}]}]}]}, "Unique SQL Id": 2208782157, "Planner Runtime": 2}, "explain_analyze_plan": {"Plan": {"Node Type": "Aggregate", "Strategy": "Sorted", "Startup Cost": 653338.7, "Total Cost": 653449.34, "Plan Rows": 3688, "Plan Width": 84, "Actual Startup Time": 20027.656, "Actual Total Time": 20061.424, "Actual Rows": 4, "Actual Loops": 1, "Group By Key": ["n1.n_name", "n2.n_name", "(date_part('year'::text, lineitem.l_shipdate))"], "Plans": [{"Node Type": "Sort", "Parent Relationship": "Outer", "Startup Cost": 653338.7, "Total Cost": 653347.92, "Plan Rows": 3688, "Plan Width": 76, "Actual Startup Time": 20016.496, "Actual Total Time": 20022.268, "Actual Rows": 58554, "Actual Loops": 1, "Sort Key": ["n1.n_name", "n2.n_name", "(date_part('year'::text, lineitem.l_shipdate))"], "Sort Method": "quicksort", "Sort Space Used": 10686, "Sort Space Type": "Memory", "Plans": [{"Node Type": "Hash Join", "Parent Relationship": "Outer", "Join Type": "Inner", "Startup Cost": 5813.37, "Total Cost": 653120.22, "Plan Rows": 3688, "Plan Width": 76, "Actual Startup Time": 85.638, "Actual Total Time": 19962.976, "Actual Rows": 58554, "Actual Loops": 1, "Inner Unique": true, "Hash Cond": "((lineitem.l_suppkey = supplier.s_suppkey) AND (n1.n_nationkey = supplier.s_nationkey))", "Plans": [{"Node Type": "Nested Loop", "Parent Relationship": "Outer", "Join Type": "Inner", "Startup Cost": 1030.37, "Total Cost": 642753.24, "Plan Rows": 740786, "Plan Width": 88, "Actual Startup Time": 18.028, "Actual Total Time": 19160.259, "Actual Rows": 1459150, "Actual Loops": 1, "Inner Unique": false, "Plans": [{"Node Type": "Nested Loop", "Parent Relationship": "Outer", "Join Type": "Inner", "Startup Cost": 1030.37, "Total Cost": 166015.61, "Plan Rows": 504972, "Plan Width": 64, "Actual Startup Time": 17.951, "Actual Total Time": 4033.511, "Actual Rows": 1200363, "Actual Loops": 1, "Inner Unique": false, "Plans": [{"Node Type": "Nested Loop", "Parent Relationship": "Outer", "Join Type": "Inner", "Startup Cost": 1030.37, "Total Cost": 14893.09, "Plan Rows": 119904, "Plan Width": 64, "Actual Startup Time": 17.923, "Actual Total Time": 281.391, "Actual Rows": 119972, "Actual Loops": 1, "Inner Unique": false, "Plans": [{"Node Type": "Nested Loop", "Parent Relationship": "Outer", "Join Type": "Inner", "Startup Cost": 0.0, "Total Cost": 28.12, "Plan Rows": 2, "Plan Width": 60, "Actual Startup Time": 0.064, "Actual Total Time": 0.236, "Actual Rows": 2, "Actual Loops": 1, "Inner Unique": false, "Join Filter": "(((n1.n_name = 'JAPAN'::bpchar) AND (n2.n_name = 'INDIA'::bpchar)) OR ((n1.n_name = 'INDIA'::bpchar) AND (n2.n_name = 'JAPAN'::bpchar)))", "Rows Removed by Join Filter": 2, "Plans": [{"Node Type": "Index Scan", "Parent Relationship": "Outer", "Scan Direction": "Forward", "Index Name": "nation_pkey", "Relation Name": "nation", "Alias": "n1", "Startup Cost": 0.0, "Total Cost": 12.75, "Plan Rows": 25, "Plan Width": 30, "Actual Startup Time": 0.027, "Actual Total Time": 0.051, "Actual Rows": 2, "Actual Loops": 1, "Filter": "((n_name = 'JAPAN'::bpchar) OR (n_name = 'INDIA'::bpchar))", "Rows Removed by Filter": 23}, {"Node Type": "Materialize", "Parent Relationship": "Inner", "Startup Cost": 0.0, "Total Cost": 1.38, "Plan Rows": 25, "Plan Width": 30, "Actual Startup Time": 0.027, "Actual Total Time": 0.055, "Actual Rows": 4, "Actual Loops": 2, "Plans": [{"Node Type": "Seq Scan", "Parent Relationship": "Outer", "Relation Name": "nation", "Alias": "n2", "Startup Cost": 0.0, "Total Cost": 1.25, "Plan Rows": 25, "Plan Width": 30, "Actual Startup Time": 0.019, "Actual Total Time": 0.042, "Actual Rows": 2, "Actual Loops": 1, "Filter": "((n_name = 'INDIA'::bpchar) OR (n_name = 'JAPAN'::bpchar))", "Rows Removed by Filter": 23}]}]}, {"Node Type": "Bitmap Heap Scan", "Parent Relationship": "Inner", "Relation Name": "customer", "Alias": "customer", "Startup Cost": 1030.37, "Total Cost": 6832.48, "Plan Rows": 60000, "Plan Width": 12, "Actual Startup Time": 35.81, "Actual Total Time": 249.814, "Actual Rows": 119972, "Actual Loops": 2, "Recheck Cond": "(c_nationkey = n2.n_nationkey)", "Rows Removed by Index Recheck": 0, "Exact Heap Blocks": 59938, "Lossy Heap Blocks": 59938, "Plans": [{"Node Type": "Bitmap Index Scan", "Parent Relationship": "Outer", "Index Name": "idx_customer_nationkey", "Startup Cost": 0.0, "Total Cost": 1015.37, "Plan Rows": 60000, "Plan Width": 0, "Actual Startup Time": 22.622, "Actual Total Time": 22.622, "Actual Rows": 119972, "Actual Loops": 2, "Index Cond": "(c_nationkey = n2.n_nationkey)"}]}]}, {"Node Type": "Index Scan", "Parent Relationship": "Inner", "Scan Direction": "Forward", "Index Name": "idx_orders_custkey", "Relation Name": "orders", "Alias": "orders", "Startup Cost": 0.0, "Total Cost": 1.22, "Plan Rows": 4, "Plan Width": 16, "Actual Startup Time": 738.111, "Actual Total Time": 3403.667, "Actual Rows": 1200363, "Actual Loops": 119972, "Index Cond": "(o_custkey = customer.c_custkey)", "Rows Removed by Index Recheck": 0}]}, {"Node Type": "Index Scan", "Parent Relationship": "Inner", "Scan Direction": "Forward", "Index Name": "idx_lineitem_orderkey", "Relation Name": "lineitem", "Alias": "lineitem", "Startup Cost": 0.0, "Total Cost": 0.91, "Plan Rows": 3, "Plan Width": 40, "Actual Startup Time": 12968.962, "Actual Total Time": 14148.592, "Actual Rows": 1459150, "Actual Loops": 1200363, "Index Cond": "(l_orderkey = orders.o_orderkey)", "Rows Removed by Index Recheck": 0, "Filter": "((l_shipdate >= '1995-01-01 00:00:00'::timestamp(0) without time zone) AND (l_shipdate <= '1996-12-31 00:00:00'::timestamp(0) without time zone))", "Rows Removed by Filter": 3342563}]}, {"Node Type": "Hash", "Parent Relationship": "Inner", "Startup Cost": 3283.0, "Total Cost": 3283.0, "Plan Rows": 100000, "Plan Width": 12, "Actual Startup Time": 67.356, "Actual Total Time": 67.356, "Actual Rows": 100000, "Actual Loops": 1, "Hash Buckets": 131072, "Hash Batches": 1, "Original Hash Batches": 1, "Peak Memory Usage": 4297, "Plans": [{"Node Type": "Seq Scan", "Parent Relationship": "Outer", "Relation Name": "supplier", "Alias": "supplier", "Startup Cost": 0.0, "Total Cost": 3283.0, "Plan Rows": 100000, "Plan Width": 12, "Actual Startup Time": 0.016, "Actual Total Time": 36.368, "Actual Rows": 100000, "Actual Loops": 1}]}]}]}]}, "Triggers": [], "Planner Runtime": 2, "Total Runtime": 20061.957, "Unique SQL Id": 2208782157}}, "(1, 97)": {"explain_plan": {"Plan": {"Node Type": "Aggregate", "Strategy": "Sorted", "Startup Cost": 655401.75, "Total Cost": 655512.39, "Plan Rows": 3688, "Plan Width": 84, "Group By Key": ["n1.n_name", "n2.n_name", "(date_part('year'::text, lineitem.l_shipdate))"], "Plans": [{"Node Type": "Sort", "Parent Relationship": "Outer", "Startup Cost": 655401.75, "Total Cost": 655410.97, "Plan Rows": 3688, "Plan Width": 76, "Sort Key": ["n1.n_name", "n2.n_name", "(date_part('year'::text, lineitem.l_shipdate))"], "Plans": [{"Node Type": "Hash Join", "Parent Relationship": "Outer", "Join Type": "Inner", "Startup Cost": 7864.91, "Total Cost": 655183.26, "Plan Rows": 3688, "Plan Width": 76, "Inner Unique": true, "Hash Cond": "((lineitem.l_suppkey = supplier.s_suppkey) AND (n1.n_nationkey = supplier.s_nationkey))", "Plans": [{"Node Type": "Nested Loop", "Parent Relationship": "Outer", "Join Type": "Inner", "Startup Cost": 1030.37, "Total Cost": 642764.74, "Plan Rows": 740786, "Plan Width": 88, "Inner Unique": false, "Plans": [{"Node Type": "Nested Loop", "Parent Relationship": "Outer", "Join Type": "Inner", "Startup Cost": 1030.37, "Total Cost": 166027.11, "Plan Rows": 504972, "Plan Width": 64, "Inner Unique": false, "Plans": [{"Node Type": "Nested Loop", "Parent Relationship": "Outer", "Join Type": "Inner", "Startup Cost": 1030.37, "Total Cost": 14904.59, "Plan Rows": 119904, "Plan Width": 64, "Inner Unique": false, "Plans": [{"Node Type": "Nested Loop", "Parent Relationship": "Outer", "Join Type": "Inner", "Startup Cost": 0.0, "Total Cost": 39.62, "Plan Rows": 2, "Plan Width": 60, "Inner Unique": false, "Join Filter": "(((n1.n_name = 'JAPAN'::bpchar) AND (n2.n_name = 'INDIA'::bpchar)) OR ((n1.n_name = 'INDIA'::bpchar) AND (n2.n_name = 'JAPAN'::bpchar)))", "Plans": [{"Node Type": "Index Scan", "Parent Relationship": "Outer", "Scan Direction": "Forward", "Index Name": "nation_pkey", "Relation Name": "nation", "Alias": "n1", "Startup Cost": 0.0, "Total Cost": 12.75, "Plan Rows": 25, "Plan Width": 30, "Filter": "((n_name = 'JAPAN'::bpchar) OR (n_name = 'INDIA'::bpchar))"}, {"Node Type": "Materialize", "Parent Relationship": "Inner", "Startup Cost": 0.0, "Total Cost": 12.88, "Plan Rows": 25, "Plan Width": 30, "Plans": [{"Node Type": "Index Scan", "Parent Relationship": "Outer", "Scan Direction": "Forward", "Index Name": "nation_pkey", "Relation Name": "nation", "Alias": "n2", "Startup Cost": 0.0, "Total Cost": 12.75, "Plan Rows": 25, "Plan Width": 30, "Filter": "((n_name = 'INDIA'::bpchar) OR (n_name = 'JAPAN'::bpchar))"}]}]}, {"Node Type": "Bitmap Heap Scan", "Parent Relationship": "Inner", "Relation Name": "customer", "Alias": "customer", "Startup Cost": 1030.37, "Total Cost": 6832.48, "Plan Rows": 60000, "Plan Width": 12, "Recheck Cond": "(c_nationkey = n2.n_nationkey)", "Plans": [{"Node Type": "Bitmap Index Scan", "Parent Relationship": "Outer", "Index Name": "idx_customer_nationkey", "Startup Cost": 0.0, "Total Cost": 1015.37, "Plan Rows": 60000, "Plan Width": 0, "Index Cond": "(c_nationkey = n2.n_nationkey)"}]}]}, {"Node Type": "Index Scan", "Parent Relationship": "Inner", "Scan Direction": "Forward", "Index Name": "idx_orders_custkey", "Relation Name": "orders", "Alias": "orders", "Startup Cost": 0.0, "Total Cost": 1.22, "Plan Rows": 4, "Plan Width": 16, "Index Cond": "(o_custkey = customer.c_custkey)"}]}, {"Node Type": "Index Scan", "Parent Relationship": "Inner", "Scan Direction": "Forward", "Index Name": "idx_lineitem_orderkey", "Relation Name": "lineitem", "Alias": "lineitem", "Startup Cost": 0.0, "Total Cost": 0.91, "Plan Rows": 3, "Plan Width": 40, "Index Cond": "(l_orderkey = orders.o_orderkey)", "Filter": "((l_shipdate >= '1995-01-01 00:00:00'::timestamp(0) without time zone) AND (l_shipdate <= '1996-12-31 00:00:00'::timestamp(0) without time zone))"}]}, {"Node Type": "Hash", "Parent Relationship": "Inner", "Startup Cost": 5334.54, "Total Cost": 5334.54, "Plan Rows": 100000, "Plan Width": 12, "Plans": [{"Node Type": "Index Scan", "Parent Relationship": "Outer", "Scan Direction": "Forward", "Index Name": "supplier_pkey", "Relation Name": "supplier", "Alias": "supplier", "Startup Cost": 0.0, "Total Cost": 5334.54, "Plan Rows": 100000, "Plan Width": 12}]}]}]}]}, "Unique SQL Id": 2208782157, "Planner Runtime": 2}, "explain_analyze_plan": {"Plan": {"Node Type": "Aggregate", "Strategy": "Sorted", "Startup Cost": 655401.75, "Total Cost": 655512.39, "Plan Rows": 3688, "Plan Width": 84, "Actual Startup Time": 19948.807, "Actual Total Time": 19982.552, "Actual Rows": 4, "Actual Loops": 1, "Group By Key": ["n1.n_name", "n2.n_name", "(date_part('year'::text, lineitem.l_shipdate))"], "Plans": [{"Node Type": "Sort", "Parent Relationship": "Outer", "Startup Cost": 655401.75, "Total Cost": 655410.97, "Plan Rows": 3688, "Plan Width": 76, "Actual Startup Time": 19937.625, "Actual Total Time": 19943.528, "Actual Rows": 58554, "Actual Loops": 1, "Sort Key": ["n1.n_name", "n2.n_name", "(date_part('year'::text, lineitem.l_shipdate))"], "Sort Method": "quicksort", "Sort Space Used": 10686, "Sort Space Type": "Memory", "Plans": [{"Node Type": "Hash Join", "Parent Relationship": "Outer", "Join Type": "Inner", "Startup Cost": 7864.91, "Total Cost": 655183.26, "Plan Rows": 3688, "Plan Width": 76, "Actual Startup Time": 110.797, "Actual Total Time": 19883.263, "Actual Rows": 58554, "Actual Loops": 1, "Inner Unique": true, "Hash Cond": "((lineitem.l_suppkey = supplier.s_suppkey) AND (n1.n_nationkey = supplier.s_nationkey))", "Plans": [{"Node Type": "Nested Loop", "Parent Relationship": "Outer", "Join Type": "Inner", "Startup Cost": 1030.37, "Total Cost": 642764.74, "Plan Rows": 740786, "Plan Width": 88, "Actual Startup Time": 17.852, "Actual Total Time": 19065.006, "Actual Rows": 1459150, "Actual Loops": 1, "Inner Unique": false, "Plans": [{"Node Type": "Nested Loop", "Parent Relationship": "Outer", "Join Type": "Inner", "Startup Cost": 1030.37, "Total Cost": 166027.11, "Plan Rows": 504972, "Plan Width": 64, "Actual Startup Time": 17.787, "Actual Total Time": 3994.551, "Actual Rows": 1200363, "Actual Loops": 1, "Inner Unique": false, "Plans": [{"Node Type": "Nested Loop", "Parent Relationship": "Outer", "Join Type": "Inner", "Startup Cost": 1030.37, "Total Cost": 14904.59, "Plan Rows": 119904, "Plan Width": 64, "Actual Startup Time": 17.763, "Actual Total Time": 279.521, "Actual Rows": 119972, "Actual Loops": 1, "Inner Unique": false, "Plans": [{"Node Type": "Nested Loop", "Parent Relationship": "Outer", "Join Type": "Inner", "Startup Cost": 0.0, "Total Cost": 39.62, "Plan Rows": 2, "Plan Width": 60, "Actual Startup Time": 0.055, "Actual Total Time": 0.138, "Actual Rows": 2, "Actual Loops": 1, "Inner Unique": false, "Join Filter": "(((n1.n_name = 'JAPAN'::bpchar) AND (n2.n_name = 'INDIA'::bpchar)) OR ((n1.n_name = 'INDIA'::bpchar) AND (n2.n_name = 'JAPAN'::bpchar)))", "Rows Removed by Join Filter": 2, "Plans": [{"Node Type": "Index Scan", "Parent Relationship": "Outer", "Scan Direction": "Forward", "Index Name": "nation_pkey", "Relation Name": "nation", "Alias": "n1", "Startup Cost": 0.0, "Total Cost": 12.75, "Plan Rows": 25, "Plan Width": 30, "Actual Startup Time": 0.025, "Actual Total Time": 0.045, "Actual Rows": 2, "Actual Loops": 1, "Filter": "((n_name = 'JAPAN'::bpchar) OR (n_name = 'INDIA'::bpchar))", "Rows Removed by Filter": 23}, {"Node Type": "Materialize", "Parent Relationship": "Inner", "Startup Cost": 0.0, "Total Cost": 12.88, "Plan Rows": 25, "Plan Width": 30, "Actual Startup Time": 0.021, "Actual Total Time": 0.051, "Actual Rows": 4, "Actual Loops": 2, "Plans": [{"Node Type": "Index Scan", "Parent Relationship": "Outer", "Scan Direction": "Forward", "Index Name": "nation_pkey", "Relation Name": "nation", "Alias": "n2", "Startup Cost": 0.0, "Total Cost": 12.75, "Plan Rows": 25, "Plan Width": 30, "Actual Startup Time": 0.012, "Actual Total Time": 0.03, "Actual Rows": 2, "Actual Loops": 1, "Filter": "((n_name = 'INDIA'::bpchar) OR (n_name = 'JAPAN'::bpchar))", "Rows Removed by Filter": 23}]}]}, {"Node Type": "Bitmap Heap Scan", "Parent Relationship": "Inner", "Relation Name": "customer", "Alias": "customer", "Startup Cost": 1030.37, "Total Cost": 6832.48, "Plan Rows": 60000, "Plan Width": 12, "Actual Startup Time": 35.527, "Actual Total Time": 248.659, "Actual Rows": 119972, "Actual Loops": 2, "Recheck Cond": "(c_nationkey = n2.n_nationkey)", "Rows Removed by Index Recheck": 0, "Exact Heap Blocks": 59938, "Lossy Heap Blocks": 59938, "Plans": [{"Node Type": "Bitmap Index Scan", "Parent Relationship": "Outer", "Index Name": "idx_customer_nationkey", "Startup Cost": 0.0, "Total Cost": 1015.37, "Plan Rows": 60000, "Plan Width": 0, "Actual Startup Time": 22.302, "Actual Total Time": 22.302, "Actual Rows": 119972, "Actual Loops": 2, "Index Cond": "(c_nationkey = n2.n_nationkey)"}]}]}, {"Node Type": "Index Scan", "Parent Relationship": "Inner", "Scan Direction": "Forward", "Index Name": "idx_orders_custkey", "Relation Name": "orders", "Alias": "orders", "Startup Cost": 0.0, "Total Cost": 1.22, "Plan Rows": 4, "Plan Width": 16, "Actual Startup Time": 738.147, "Actual Total Time": 3370.631, "Actual Rows": 1200363, "Actual Loops": 119972, "Index Cond": "(o_custkey = customer.c_custkey)", "Rows Removed by Index Recheck": 0}]}, {"Node Type": "Index Scan", "Parent Relationship": "Inner", "Scan Direction": "Forward", "Index Name": "idx_lineitem_orderkey", "Relation Name": "lineitem", "Alias": "lineitem", "Startup Cost": 0.0, "Total Cost": 0.91, "Plan Rows": 3, "Plan Width": 40, "Actual Startup Time": 12927.978, "Actual Total Time": 14089.887, "Actual Rows": 1459150, "Actual Loops": 1200363, "Index Cond": "(l_orderkey = orders.o_orderkey)", "Rows Removed by Index Recheck": 0, "Filter": "((l_shipdate >= '1995-01-01 00:00:00'::timestamp(0) without time zone) AND (l_shipdate <= '1996-12-31 00:00:00'::timestamp(0) without time zone))", "Rows Removed by Filter": 3342563}]}, {"Node Type": "Hash", "Parent Relationship": "Inner", "Startup Cost": 5334.54, "Total Cost": 5334.54, "Plan Rows": 100000, "Plan Width": 12, "Actual Startup Time": 92.677, "Actual Total Time": 92.677, "Actual Rows": 100000, "Actual Loops": 1, "Hash Buckets": 131072, "Hash Batches": 1, "Original Hash Batches": 1, "Peak Memory Usage": 4297, "Plans": [{"Node Type": "Index Scan", "Parent Relationship": "Outer", "Scan Direction": "Forward", "Index Name": "supplier_pkey", "Relation Name": "supplier", "Alias": "supplier", "Startup Cost": 0.0, "Total Cost": 5334.54, "Plan Rows": 100000, "Plan Width": 12, "Actual Startup Time": 0.023, "Actual Total Time": 60.319, "Actual Rows": 100000, "Actual Loops": 1}]}]}]}]}, "Triggers": [], "Planner Runtime": 2, "Total Runtime": 19983.037, "Unique SQL Id": 2208782157}}, "(1, 98)": {"explain_plan": {"Plan": {"Node Type": "Aggregate", "Strategy": "Sorted", "Startup Cost": 2821099.39, "Total Cost": 2821210.03, "Plan Rows": 3688, "Plan Width": 84, "Group By Key": ["n1.n_name", "n2.n_name", "(date_part('year'::text, lineitem.l_shipdate))"], "Plans": [{"Node Type": "Sort", "Parent Relationship": "Outer", "Startup Cost": 2821099.39, "Total Cost": 2821108.61, "Plan Rows": 3688, "Plan Width": 76, "Sort Key": ["n1.n_name", "n2.n_name", "(date_part('year'::text, lineitem.l_shipdate))"], "Plans": [{"Node Type": "Hash Join", "Parent Relationship": "Outer", "Join Type": "Inner", "Startup Cost": 21163.77, "Total Cost": 2820880.9, "Plan Rows": 3688, "Plan Width": 76, "Inner Unique": true, "Hash Cond": "((lineitem.l_suppkey = supplier.s_suppkey) AND (n1.n_nationkey = supplier.s_nationkey))", "Plans": [{"Node Type": "Nested Loop", "Parent Relationship": "Outer", "Join Type": "Inner", "Startup Cost": 16380.77, "Total Cost": 2810513.92, "Plan Rows": 740786, "Plan Width": 88, "Inner Unique": false, "Plans": [{"Node Type": "Hash Join", "Parent Relationship": "Outer", "Join Type": "Inner", "Startup Cost": 16380.39, "Total Cost": 504091.94, "Plan Rows": 504972, "Plan Width": 64, "Inner Unique": false, "Hash Cond": "(orders.o_custkey = customer.c_custkey), (LLVM Optimized)", "Plans": [{"Node Type": "Seq Scan", "Parent Relationship": "Outer", "Relation Name": "orders", "Alias": "orders", "Startup Cost": 0.0, "Total Cost": 426413.79, "Plan Rows": 14999479, "Plan Width": 16}, {"Node Type": "Hash", "Parent Relationship": "Inner", "Startup Cost": 14881.59, "Total Cost": 14881.59, "Plan Rows": 119904, "Plan Width": 64, "Plans": [{"Node Type": "Nested Loop", "Parent Relationship": "Outer", "Join Type": "Inner", "Startup Cost": 1030.37, "Total Cost": 14881.59, "Plan Rows": 119904, "Plan Width": 64, "Inner Unique": false, "Plans": [{"Node Type": "Nested Loop", "Parent Relationship": "Outer", "Join Type": "Inner", "Startup Cost": 0.0, "Total Cost": 16.62, "Plan Rows": 2, "Plan Width": 60, "Inner Unique": false, "Join Filter": "(((n1.n_name = 'JAPAN'::bpchar) AND (n2.n_name = 'INDIA'::bpchar)) OR ((n1.n_name = 'INDIA'::bpchar) AND (n2.n_name = 'JAPAN'::bpchar)))", "Plans": [{"Node Type": "Seq Scan", "Parent Relationship": "Outer", "Relation Name": "nation", "Alias": "n1", "Startup Cost": 0.0, "Total Cost": 1.25, "Plan Rows": 25, "Plan Width": 30, "Filter": "((n_name = 'JAPAN'::bpchar) OR (n_name = 'INDIA'::bpchar))"}, {"Node Type": "Materialize", "Parent Relationship": "Inner", "Startup Cost": 0.0, "Total Cost": 1.38, "Plan Rows": 25, "Plan Width": 30, "Plans": [{"Node Type": "Seq Scan", "Parent Relationship": "Outer", "Relation Name": "nation", "Alias": "n2", "Startup Cost": 0.0, "Total Cost": 1.25, "Plan Rows": 25, "Plan Width": 30, "Filter": "((n_name = 'INDIA'::bpchar) OR (n_name = 'JAPAN'::bpchar))"}]}]}, {"Node Type": "Bitmap Heap Scan", "Parent Relationship": "Inner", "Relation Name": "customer", "Alias": "customer", "Startup Cost": 1030.37, "Total Cost": 6832.48, "Plan Rows": 60000, "Plan Width": 12, "Recheck Cond": "(c_nationkey = n2.n_nationkey)", "Plans": [{"Node Type": "Bitmap Index Scan", "Parent Relationship": "Outer", "Index Name": "idx_customer_nationkey", "Startup Cost": 0.0, "Total Cost": 1015.37, "Plan Rows": 60000, "Plan Width": 0, "Index Cond": "(c_nationkey = n2.n_nationkey)"}]}]}]}]}, {"Node Type": "Bitmap Heap Scan", "Parent Relationship": "Inner", "Relation Name": "lineitem", "Alias": "lineitem", "Startup Cost": 0.38, "Total Cost": 4.54, "Plan Rows": 3, "Plan Width": 40, "Recheck Cond": "(l_orderkey = orders.o_orderkey)", "Filter": "((l_shipdate >= '1995-01-01 00:00:00'::timestamp(0) without time zone) AND (l_shipdate <= '1996-12-31 00:00:00'::timestamp(0) without time zone))", "Plans": [{"Node Type": "Bitmap Index Scan", "Parent Relationship": "Outer", "Index Name": "idx_lineitem_orderkey", "Startup Cost": 0.0, "Total Cost": 0.38, "Plan Rows": 9, "Plan Width": 0, "Index Cond": "(l_orderkey = orders.o_orderkey)"}]}]}, {"Node Type": "Hash", "Parent Relationship": "Inner", "Startup Cost": 3283.0, "Total Cost": 3283.0, "Plan Rows": 100000, "Plan Width": 12, "Plans": [{"Node Type": "Seq Scan", "Parent Relationship": "Outer", "Relation Name": "supplier", "Alias": "supplier", "Startup Cost": 0.0, "Total Cost": 3283.0, "Plan Rows": 100000, "Plan Width": 12}]}]}]}]}, "Unique SQL Id": 2208782157, "Planner Runtime": 2}, "explain_analyze_plan": {"Plan": {"Node Type": "Aggregate", "Strategy": "Sorted", "Startup Cost": 2821099.39, "Total Cost": 2821210.03, "Plan Rows": 3688, "Plan Width": 84, "Actual Startup Time": 24019.755, "Actual Total Time": 24053.432, "Actual Rows": 4, "Actual Loops": 1, "Group By Key": ["n1.n_name", "n2.n_name", "(date_part('year'::text, lineitem.l_shipdate))"], "Plans": [{"Node Type": "Sort", "Parent Relationship": "Outer", "Startup Cost": 2821099.39, "Total Cost": 2821108.61, "Plan Rows": 3688, "Plan Width": 76, "Actual Startup Time": 24008.555, "Actual Total Time": 24014.638, "Actual Rows": 58554, "Actual Loops": 1, "Sort Key": ["n1.n_name", "n2.n_name", "(date_part('year'::text, lineitem.l_shipdate))"], "Sort Method": "quicksort", "Sort Space Used": 10686, "Sort Space Type": "Memory", "Plans": [{"Node Type": "Hash Join", "Parent Relationship": "Outer", "Join Type": "Inner", "Startup Cost": 21163.77, "Total Cost": 2820880.9, "Plan Rows": 3688, "Plan Width": 76, "Actual Startup Time": 320.133, "Actual Total Time": 23947.507, "Actual Rows": 58554, "Actual Loops": 1, "Inner Unique": true, "Hash Cond": "((lineitem.l_suppkey = supplier.s_suppkey) AND (n1.n_nationkey = supplier.s_nationkey))", "Plans": [{"Node Type": "Nested Loop", "Parent Relationship": "Outer", "Join Type": "Inner", "Startup Cost": 16380.77, "Total Cost": 2810513.92, "Plan Rows": 740786, "Plan Width": 88, "Actual Startup Time": 252.262, "Actual Total Time": 23107.032, "Actual Rows": 1459150, "Actual Loops": 1, "Inner Unique": false, "Plans": [{"Node Type": "Hash Join", "Parent Relationship": "Outer", "Join Type": "Inner", "Startup Cost": 16380.39, "Total Cost": 504091.94, "Plan Rows": 504972, "Plan Width": 64, "Actual Startup Time": 252.173, "Actual Total Time": 10094.773, "Actual Rows": 1200363, "Actual Loops": 1, "Inner Unique": false, "Hash Cond": "(orders.o_custkey = customer.c_custkey), (LLVM Optimized, Jit Execute)", "Plans": [{"Node Type": "Seq Scan", "Parent Relationship": "Outer", "Relation Name": "orders", "Alias": "orders", "Startup Cost": 0.0, "Total Cost": 426413.79, "Plan Rows": 14999479, "Plan Width": 16, "Actual Startup Time": 0.013, "Actual Total Time": 4180.316, "Actual Rows": 15000000, "Actual Loops": 1}, {"Node Type": "Hash", "Parent Relationship": "Inner", "Startup Cost": 14881.59, "Total Cost": 14881.59, "Plan Rows": 119904, "Plan Width": 64, "Actual Startup Time": 252.012, "Actual Total Time": 252.012, "Actual Rows": 119972, "Actual Loops": 1, "Hash Buckets": 131072, "Hash Batches": 1, "Original Hash Batches": 1, "Peak Memory Usage": 11248, "Plans": [{"Node Type": "Nested Loop", "Parent Relationship": "Outer", "Join Type": "Inner", "Startup Cost": 1030.37, "Total Cost": 14881.59, "Plan Rows": 119904, "Plan Width": 64, "Actual Startup Time": 18.127, "Actual Total Time": 207.945, "Actual Rows": 119972, "Actual Loops": 1, "Inner Unique": false, "Plans": [{"Node Type": "Nested Loop", "Parent Relationship": "Outer", "Join Type": "Inner", "Startup Cost": 0.0, "Total Cost": 16.62, "Plan Rows": 2, "Plan Width": 60, "Actual Startup Time": 0.074, "Actual Total Time": 0.164, "Actual Rows": 2, "Actual Loops": 1, "Inner Unique": false, "Join Filter": "(((n1.n_name = 'JAPAN'::bpchar) AND (n2.n_name = 'INDIA'::bpchar)) OR ((n1.n_name = 'INDIA'::bpchar) AND (n2.n_name = 'JAPAN'::bpchar)))", "Rows Removed by Join Filter": 2, "Plans": [{"Node Type": "Seq Scan", "Parent Relationship": "Outer", "Relation Name": "nation", "Alias": "n1", "Startup Cost": 0.0, "Total Cost": 1.25, "Plan Rows": 25, "Plan Width": 30, "Actual Startup Time": 0.041, "Actual Total Time": 0.06, "Actual Rows": 2, "Actual Loops": 1, "Filter": "((n_name = 'JAPAN'::bpchar) OR (n_name = 'INDIA'::bpchar))", "Rows Removed by Filter": 23}, {"Node Type": "Materialize", "Parent Relationship": "Inner", "Startup Cost": 0.0, "Total Cost": 1.38, "Plan Rows": 25, "Plan Width": 30, "Actual Startup Time": 0.023, "Actual Total Time": 0.053, "Actual Rows": 4, "Actual Loops": 2, "Plans": [{"Node Type": "Seq Scan", "Parent Relationship": "Outer", "Relation Name": "nation", "Alias": "n2", "Startup Cost": 0.0, "Total Cost": 1.25, "Plan Rows": 25, "Plan Width": 30, "Actual Startup Time": 0.015, "Actual Total Time": 0.041, "Actual Rows": 2, "Actual Loops": 1, "Filter": "((n_name = 'INDIA'::bpchar) OR (n_name = 'JAPAN'::bpchar))", "Rows Removed by Filter": 23}]}]}, {"Node Type": "Bitmap Heap Scan", "Parent Relationship": "Inner", "Relation Name": "customer", "Alias": "customer", "Startup Cost": 1030.37, "Total Cost": 6832.48, "Plan Rows": 60000, "Plan Width": 12, "Actual Startup Time": 35.922, "Actual Total Time": 183.334, "Actual Rows": 119972, "Actual Loops": 2, "Recheck Cond": "(c_nationkey = n2.n_nationkey)", "Rows Removed by Index Recheck": 0, "Exact Heap Blocks": 59938, "Lossy Heap Blocks": 59938, "Plans": [{"Node Type": "Bitmap Index Scan", "Parent Relationship": "Outer", "Index Name": "idx_customer_nationkey", "Startup Cost": 0.0, "Total Cost": 1015.37, "Plan Rows": 60000, "Plan Width": 0, "Actual Startup Time": 22.698, "Actual Total Time": 22.698, "Actual Rows": 119972, "Actual Loops": 2, "Index Cond": "(c_nationkey = n2.n_nationkey)"}]}]}]}]}, {"Node Type": "Bitmap Heap Scan", "Parent Relationship": "Inner", "Relation Name": "lineitem", "Alias": "lineitem", "Startup Cost": 0.38, "Total Cost": 4.54, "Plan Rows": 3, "Plan Width": 40, "Actual Startup Time": 10661.081, "Actual Total Time": 11276.135, "Actual Rows": 1459150, "Actual Loops": 1200363, "Recheck Cond": "(l_orderkey = orders.o_orderkey)", "Rows Removed by Index Recheck": 0, "Filter": "((l_shipdate >= '1995-01-01 00:00:00'::timestamp(0) without time zone) AND (l_shipdate <= '1996-12-31 00:00:00'::timestamp(0) without time zone))", "Rows Removed by Filter": 3342563, "Exact Heap Blocks": 1285989, "Lossy Heap Blocks": 1285989, "Plans": [{"Node Type": "Bitmap Index Scan", "Parent Relationship": "Outer", "Index Name": "idx_lineitem_orderkey", "Startup Cost": 0.0, "Total Cost": 0.38, "Plan Rows": 9, "Plan Width": 0, "Actual Startup Time": 5002.618, "Actual Total Time": 5002.618, "Actual Rows": 4801713, "Actual Loops": 1200363, "Index Cond": "(l_orderkey = orders.o_orderkey)"}]}]}, {"Node Type": "Hash", "Parent Relationship": "Inner", "Startup Cost": 3283.0, "Total Cost": 3283.0, "Plan Rows": 100000, "Plan Width": 12, "Actual Startup Time": 67.513, "Actual Total Time": 67.513, "Actual Rows": 100000, "Actual Loops": 1, "Hash Buckets": 131072, "Hash Batches": 1, "Original Hash Batches": 1, "Peak Memory Usage": 4297, "Plans": [{"Node Type": "Seq Scan", "Parent Relationship": "Outer", "Relation Name": "supplier", "Alias": "supplier", "Startup Cost": 0.0, "Total Cost": 3283.0, "Plan Rows": 100000, "Plan Width": 12, "Actual Startup Time": 0.027, "Actual Total Time": 36.747, "Actual Rows": 100000, "Actual Loops": 1}]}]}]}]}, "Triggers": [], "Planner Runtime": 2, "Total Runtime": 24062.624, "Unique SQL Id": 2208782157}}, "(1, 99)": {"explain_plan": {"Plan": {"Node Type": "Aggregate", "Strategy": "Sorted", "Startup Cost": 99673573.01, "Total Cost": 99673683.65, "Plan Rows": 3688, "Plan Width": 84, "Group By Key": ["n1.n_name", "n2.n_name", "(date_part('year'::text, lineitem.l_shipdate))"], "Plans": [{"Node Type": "Sort", "Parent Relationship": "Outer", "Startup Cost": 99673573.01, "Total Cost": 99673582.23, "Plan Rows": 3688, "Plan Width": 76, "Sort Key": ["n1.n_name", "n2.n_name", "(date_part('year'::text, lineitem.l_shipdate))"], "Plans": [{"Node Type": "Nested Loop", "Parent Relationship": "Outer", "Join Type": "Inner", "Startup Cost": 627986.71, "Total Cost": 99673354.52, "Plan Rows": 3688, "Plan Width": 76, "Inner Unique": true, "Join Filter": "(((n1.n_name = 'JAPAN'::bpchar) AND (n2.n_name = 'INDIA'::bpchar)) OR ((n1.n_name = 'INDIA'::bpchar) AND (n2.n_name = 'JAPAN'::bpchar)))", "Plans": [{"Node Type": "Nested Loop", "Parent Relationship": "Outer", "Join Type": "Inner", "Startup Cost": 627986.45, "Total Cost": 94724471.42, "Plan Rows": 1153515, "Plan Width": 54, "Inner Unique": true, "Plans": [{"Node Type": "Nested Loop", "Parent Relationship": "Outer", "Join Type": "Inner", "Startup Cost": 627986.2, "Total Cost": 89787046.56, "Plan Rows": 1153515, "Plan Width": 32, "Inner Unique": true, "Plans": [{"Node Type": "Nested Loop", "Parent Relationship": "Outer", "Join Type": "Inner", "Startup Cost": 627985.94, "Total Cost": 84848088.55, "Plan Rows": 1153515, "Plan Width": 36, "Inner Unique": true, "Plans": [{"Node Type": "Nested Loop", "Parent Relationship": "Outer", "Join Type": "Inner", "Startup Cost": 627985.67, "Total Cost": 79896146.0, "Plan Rows": 1153515, "Plan Width": 36, "Inner Unique": true, "Plans": [{"Node Type": "Bitmap Heap Scan", "Parent Relationship": "Outer", "Relation Name": "lineitem", "Alias": "lineitem", "Startup Cost": 627985.41, "Total Cost": 2315105.27, "Plan Rows": 18124991, "Plan Width": 40, "Recheck Cond": "((l_shipdate >= '1995-01-01 00:00:00'::timestamp(0) without time zone) AND (l_shipdate <= '1996-12-31 00:00:00'::timestamp(0) without time zone)), (LLVM Optimized)", "Plans": [{"Node Type": "Bitmap Index Scan", "Parent Relationship": "Outer", "Index Name": "idx_lineitem_shipdate", "Startup Cost": 0.0, "Total Cost": 623454.16, "Plan Rows": 18124991, "Plan Width": 0, "Index Cond": "((l_shipdate >= '1995-01-01 00:00:00'::timestamp(0) without time zone) AND (l_shipdate <= '1996-12-31 00:00:00'::timestamp(0) without time zone))"}]}, {"Node Type": "Bitmap Heap Scan", "Parent Relationship": "Inner", "Relation Name": "supplier", "Alias": "supplier", "Startup Cost": 0.26, "Total Cost": 4.27, "Plan Rows": 1, "Plan Width": 12, "Recheck Cond": "(s_suppkey = lineitem.l_suppkey)", "Plans": [{"Node Type": "Bitmap Index Scan", "Parent Relationship": "Outer", "Index Name": "supplier_pkey", "Startup Cost": 0.0, "Total Cost": 0.26, "Plan Rows": 1, "Plan Width": 0, "Index Cond": "(s_suppkey = lineitem.l_suppkey)"}]}]}, {"Node Type": "Bitmap Heap Scan", "Parent Relationship": "Inner", "Relation Name": "orders", "Alias": "orders", "Startup Cost": 0.27, "Total Cost": 4.28, "Plan Rows": 1, "Plan Width": 16, "Recheck Cond": "(o_orderkey = lineitem.l_orderkey)", "Plans": [{"Node Type": "Bitmap Index Scan", "Parent Relationship": "Outer", "Index Name": "orders_pkey", "Startup Cost": 0.0, "Total Cost": 0.27, "Plan Rows": 1, "Plan Width": 0, "Index Cond": "(o_orderkey = lineitem.l_orderkey)"}]}]}, {"Node Type": "Bitmap Heap Scan", "Parent Relationship": "Inner", "Relation Name": "customer", "Alias": "customer", "Startup Cost": 0.26, "Total Cost": 4.27, "Plan Rows": 1, "Plan Width": 12, "Recheck Cond": "(c_custkey = orders.o_custkey)", "Plans": [{"Node Type": "Bitmap Index Scan", "Parent Relationship": "Outer", "Index Name": "customer_pkey", "Startup Cost": 0.0, "Total Cost": 0.26, "Plan Rows": 1, "Plan Width": 0, "Index Cond": "(c_custkey = orders.o_custkey)"}]}]}, {"Node Type": "Bitmap Heap Scan", "Parent Relationship": "Inner", "Relation Name": "nation", "Alias": "n1", "Startup Cost": 0.26, "Total Cost": 4.27, "Plan Rows": 1, "Plan Width": 30, "Recheck Cond": "(n_nationkey = supplier.s_nationkey)", "Filter": "((n_name = 'JAPAN'::bpchar) OR (n_name = 'INDIA'::bpchar))", "Plans": [{"Node Type": "Bitmap Index Scan", "Parent Relationship": "Outer", "Index Name": "nation_pkey", "Startup Cost": 0.0, "Total Cost": 0.26, "Plan Rows": 1, "Plan Width": 0, "Index Cond": "(n_nationkey = supplier.s_nationkey)"}]}]}, {"Node Type": "Bitmap Heap Scan", "Parent Relationship": "Inner", "Relation Name": "nation", "Alias": "n2", "Startup Cost": 0.26, "Total Cost": 4.27, "Plan Rows": 1, "Plan Width": 30, "Recheck Cond": "(n_nationkey = customer.c_nationkey)", "Filter": "((n_name = 'INDIA'::bpchar) OR (n_name = 'JAPAN'::bpchar))", "Plans": [{"Node Type": "Bitmap Index Scan", "Parent Relationship": "Outer", "Index Name": "nation_pkey", "Startup Cost": 0.0, "Total Cost": 0.26, "Plan Rows": 1, "Plan Width": 0, "Index Cond": "(n_nationkey = customer.c_nationkey)"}]}]}]}]}, "Unique SQL Id": 2208782157, "Planner Runtime": 1}, "explain_analyze_plan": null}, "(1, 100)": {"explain_plan": {"Plan": {"Node Type": "Aggregate", "Strategy": "Sorted", "Startup Cost": 653338.7, "Total Cost": 653449.34, "Plan Rows": 3688, "Plan Width": 84, "Group By Key": ["n1.n_name", "n2.n_name", "(date_part('year'::text, lineitem.l_shipdate))"], "Plans": [{"Node Type": "Sort", "Parent Relationship": "Outer", "Startup Cost": 653338.7, "Total Cost": 653347.92, "Plan Rows": 3688, "Plan Width": 76, "Sort Key": ["n1.n_name", "n2.n_name", "(date_part('year'::text, lineitem.l_shipdate))"], "Plans": [{"Node Type": "Hash Join", "Parent Relationship": "Outer", "Join Type": "Inner", "Startup Cost": 5813.37, "Total Cost": 653120.22, "Plan Rows": 3688, "Plan Width": 76, "Inner Unique": true, "Hash Cond": "((lineitem.l_suppkey = supplier.s_suppkey) AND (n1.n_nationkey = supplier.s_nationkey))", "Plans": [{"Node Type": "Nested Loop", "Parent Relationship": "Outer", "Join Type": "Inner", "Startup Cost": 1030.37, "Total Cost": 642753.24, "Plan Rows": 740786, "Plan Width": 88, "Inner Unique": false, "Plans": [{"Node Type": "Nested Loop", "Parent Relationship": "Outer", "Join Type": "Inner", "Startup Cost": 1030.37, "Total Cost": 166015.61, "Plan Rows": 504972, "Plan Width": 64, "Inner Unique": false, "Plans": [{"Node Type": "Nested Loop", "Parent Relationship": "Outer", "Join Type": "Inner", "Startup Cost": 1030.37, "Total Cost": 14893.09, "Plan Rows": 119904, "Plan Width": 64, "Inner Unique": false, "Plans": [{"Node Type": "Nested Loop", "Parent Relationship": "Outer", "Join Type": "Inner", "Startup Cost": 0.0, "Total Cost": 28.12, "Plan Rows": 2, "Plan Width": 60, "Inner Unique": false, "Join Filter": "(((n1.n_name = 'JAPAN'::bpchar) AND (n2.n_name = 'INDIA'::bpchar)) OR ((n1.n_name = 'INDIA'::bpchar) AND (n2.n_name = 'JAPAN'::bpchar)))", "Plans": [{"Node Type": "Index Scan", "Parent Relationship": "Outer", "Scan Direction": "Forward", "Index Name": "nation_pkey", "Relation Name": "nation", "Alias": "n1", "Startup Cost": 0.0, "Total Cost": 12.75, "Plan Rows": 25, "Plan Width": 30, "Filter": "((n_name = 'JAPAN'::bpchar) OR (n_name = 'INDIA'::bpchar))"}, {"Node Type": "Materialize", "Parent Relationship": "Inner", "Startup Cost": 0.0, "Total Cost": 1.38, "Plan Rows": 25, "Plan Width": 30, "Plans": [{"Node Type": "Seq Scan", "Parent Relationship": "Outer", "Relation Name": "nation", "Alias": "n2", "Startup Cost": 0.0, "Total Cost": 1.25, "Plan Rows": 25, "Plan Width": 30, "Filter": "((n_name = 'INDIA'::bpchar) OR (n_name = 'JAPAN'::bpchar))"}]}]}, {"Node Type": "Bitmap Heap Scan", "Parent Relationship": "Inner", "Relation Name": "customer", "Alias": "customer", "Startup Cost": 1030.37, "Total Cost": 6832.48, "Plan Rows": 60000, "Plan Width": 12, "Recheck Cond": "(c_nationkey = n2.n_nationkey)", "Plans": [{"Node Type": "Bitmap Index Scan", "Parent Relationship": "Outer", "Index Name": "idx_customer_nationkey", "Startup Cost": 0.0, "Total Cost": 1015.37, "Plan Rows": 60000, "Plan Width": 0, "Index Cond": "(c_nationkey = n2.n_nationkey)"}]}]}, {"Node Type": "Index Scan", "Parent Relationship": "Inner", "Scan Direction": "Forward", "Index Name": "idx_orders_custkey", "Relation Name": "orders", "Alias": "orders", "Startup Cost": 0.0, "Total Cost": 1.22, "Plan Rows": 4, "Plan Width": 16, "Index Cond": "(o_custkey = customer.c_custkey)"}]}, {"Node Type": "Index Scan", "Parent Relationship": "Inner", "Scan Direction": "Forward", "Index Name": "idx_lineitem_orderkey", "Relation Name": "lineitem", "Alias": "lineitem", "Startup Cost": 0.0, "Total Cost": 0.91, "Plan Rows": 3, "Plan Width": 40, "Index Cond": "(l_orderkey = orders.o_orderkey)", "Filter": "((l_shipdate >= '1995-01-01 00:00:00'::timestamp(0) without time zone) AND (l_shipdate <= '1996-12-31 00:00:00'::timestamp(0) without time zone))"}]}, {"Node Type": "Hash", "Parent Relationship": "Inner", "Startup Cost": 3283.0, "Total Cost": 3283.0, "Plan Rows": 100000, "Plan Width": 12, "Plans": [{"Node Type": "Seq Scan", "Parent Relationship": "Outer", "Relation Name": "supplier", "Alias": "supplier", "Startup Cost": 0.0, "Total Cost": 3283.0, "Plan Rows": 100000, "Plan Width": 12}]}]}]}]}, "Unique SQL Id": 2208782157, "Planner Runtime": 2}, "explain_analyze_plan": {"Plan": {"Node Type": "Aggregate", "Strategy": "Sorted", "Startup Cost": 653338.7, "Total Cost": 653449.34, "Plan Rows": 3688, "Plan Width": 84, "Actual Startup Time": 20027.656, "Actual Total Time": 20061.424, "Actual Rows": 4, "Actual Loops": 1, "Group By Key": ["n1.n_name", "n2.n_name", "(date_part('year'::text, lineitem.l_shipdate))"], "Plans": [{"Node Type": "Sort", "Parent Relationship": "Outer", "Startup Cost": 653338.7, "Total Cost": 653347.92, "Plan Rows": 3688, "Plan Width": 76, "Actual Startup Time": 20016.496, "Actual Total Time": 20022.268, "Actual Rows": 58554, "Actual Loops": 1, "Sort Key": ["n1.n_name", "n2.n_name", "(date_part('year'::text, lineitem.l_shipdate))"], "Sort Method": "quicksort", "Sort Space Used": 10686, "Sort Space Type": "Memory", "Plans": [{"Node Type": "Hash Join", "Parent Relationship": "Outer", "Join Type": "Inner", "Startup Cost": 5813.37, "Total Cost": 653120.22, "Plan Rows": 3688, "Plan Width": 76, "Actual Startup Time": 85.638, "Actual Total Time": 19962.976, "Actual Rows": 58554, "Actual Loops": 1, "Inner Unique": true, "Hash Cond": "((lineitem.l_suppkey = supplier.s_suppkey) AND (n1.n_nationkey = supplier.s_nationkey))", "Plans": [{"Node Type": "Nested Loop", "Parent Relationship": "Outer", "Join Type": "Inner", "Startup Cost": 1030.37, "Total Cost": 642753.24, "Plan Rows": 740786, "Plan Width": 88, "Actual Startup Time": 18.028, "Actual Total Time": 19160.259, "Actual Rows": 1459150, "Actual Loops": 1, "Inner Unique": false, "Plans": [{"Node Type": "Nested Loop", "Parent Relationship": "Outer", "Join Type": "Inner", "Startup Cost": 1030.37, "Total Cost": 166015.61, "Plan Rows": 504972, "Plan Width": 64, "Actual Startup Time": 17.951, "Actual Total Time": 4033.511, "Actual Rows": 1200363, "Actual Loops": 1, "Inner Unique": false, "Plans": [{"Node Type": "Nested Loop", "Parent Relationship": "Outer", "Join Type": "Inner", "Startup Cost": 1030.37, "Total Cost": 14893.09, "Plan Rows": 119904, "Plan Width": 64, "Actual Startup Time": 17.923, "Actual Total Time": 281.391, "Actual Rows": 119972, "Actual Loops": 1, "Inner Unique": false, "Plans": [{"Node Type": "Nested Loop", "Parent Relationship": "Outer", "Join Type": "Inner", "Startup Cost": 0.0, "Total Cost": 28.12, "Plan Rows": 2, "Plan Width": 60, "Actual Startup Time": 0.064, "Actual Total Time": 0.236, "Actual Rows": 2, "Actual Loops": 1, "Inner Unique": false, "Join Filter": "(((n1.n_name = 'JAPAN'::bpchar) AND (n2.n_name = 'INDIA'::bpchar)) OR ((n1.n_name = 'INDIA'::bpchar) AND (n2.n_name = 'JAPAN'::bpchar)))", "Rows Removed by Join Filter": 2, "Plans": [{"Node Type": "Index Scan", "Parent Relationship": "Outer", "Scan Direction": "Forward", "Index Name": "nation_pkey", "Relation Name": "nation", "Alias": "n1", "Startup Cost": 0.0, "Total Cost": 12.75, "Plan Rows": 25, "Plan Width": 30, "Actual Startup Time": 0.027, "Actual Total Time": 0.051, "Actual Rows": 2, "Actual Loops": 1, "Filter": "((n_name = 'JAPAN'::bpchar) OR (n_name = 'INDIA'::bpchar))", "Rows Removed by Filter": 23}, {"Node Type": "Materialize", "Parent Relationship": "Inner", "Startup Cost": 0.0, "Total Cost": 1.38, "Plan Rows": 25, "Plan Width": 30, "Actual Startup Time": 0.027, "Actual Total Time": 0.055, "Actual Rows": 4, "Actual Loops": 2, "Plans": [{"Node Type": "Seq Scan", "Parent Relationship": "Outer", "Relation Name": "nation", "Alias": "n2", "Startup Cost": 0.0, "Total Cost": 1.25, "Plan Rows": 25, "Plan Width": 30, "Actual Startup Time": 0.019, "Actual Total Time": 0.042, "Actual Rows": 2, "Actual Loops": 1, "Filter": "((n_name = 'INDIA'::bpchar) OR (n_name = 'JAPAN'::bpchar))", "Rows Removed by Filter": 23}]}]}, {"Node Type": "Bitmap Heap Scan", "Parent Relationship": "Inner", "Relation Name": "customer", "Alias": "customer", "Startup Cost": 1030.37, "Total Cost": 6832.48, "Plan Rows": 60000, "Plan Width": 12, "Actual Startup Time": 35.81, "Actual Total Time": 249.814, "Actual Rows": 119972, "Actual Loops": 2, "Recheck Cond": "(c_nationkey = n2.n_nationkey)", "Rows Removed by Index Recheck": 0, "Exact Heap Blocks": 59938, "Lossy Heap Blocks": 59938, "Plans": [{"Node Type": "Bitmap Index Scan", "Parent Relationship": "Outer", "Index Name": "idx_customer_nationkey", "Startup Cost": 0.0, "Total Cost": 1015.37, "Plan Rows": 60000, "Plan Width": 0, "Actual Startup Time": 22.622, "Actual Total Time": 22.622, "Actual Rows": 119972, "Actual Loops": 2, "Index Cond": "(c_nationkey = n2.n_nationkey)"}]}]}, {"Node Type": "Index Scan", "Parent Relationship": "Inner", "Scan Direction": "Forward", "Index Name": "idx_orders_custkey", "Relation Name": "orders", "Alias": "orders", "Startup Cost": 0.0, "Total Cost": 1.22, "Plan Rows": 4, "Plan Width": 16, "Actual Startup Time": 738.111, "Actual Total Time": 3403.667, "Actual Rows": 1200363, "Actual Loops": 119972, "Index Cond": "(o_custkey = customer.c_custkey)", "Rows Removed by Index Recheck": 0}]}, {"Node Type": "Index Scan", "Parent Relationship": "Inner", "Scan Direction": "Forward", "Index Name": "idx_lineitem_orderkey", "Relation Name": "lineitem", "Alias": "lineitem", "Startup Cost": 0.0, "Total Cost": 0.91, "Plan Rows": 3, "Plan Width": 40, "Actual Startup Time": 12968.962, "Actual Total Time": 14148.592, "Actual Rows": 1459150, "Actual Loops": 1200363, "Index Cond": "(l_orderkey = orders.o_orderkey)", "Rows Removed by Index Recheck": 0, "Filter": "((l_shipdate >= '1995-01-01 00:00:00'::timestamp(0) without time zone) AND (l_shipdate <= '1996-12-31 00:00:00'::timestamp(0) without time zone))", "Rows Removed by Filter": 3342563}]}, {"Node Type": "Hash", "Parent Relationship": "Inner", "Startup Cost": 3283.0, "Total Cost": 3283.0, "Plan Rows": 100000, "Plan Width": 12, "Actual Startup Time": 67.356, "Actual Total Time": 67.356, "Actual Rows": 100000, "Actual Loops": 1, "Hash Buckets": 131072, "Hash Batches": 1, "Original Hash Batches": 1, "Peak Memory Usage": 4297, "Plans": [{"Node Type": "Seq Scan", "Parent Relationship": "Outer", "Relation Name": "supplier", "Alias": "supplier", "Startup Cost": 0.0, "Total Cost": 3283.0, "Plan Rows": 100000, "Plan Width": 12, "Actual Startup Time": 0.016, "Actual Total Time": 36.368, "Actual Rows": 100000, "Actual Loops": 1}]}]}]}]}, "Triggers": [], "Planner Runtime": 2, "Total Runtime": 20061.957, "Unique SQL Id": 2208782157}}, "(1, 101)": {"explain_plan": {"Plan": {"Node Type": "Aggregate", "Strategy": "Sorted", "Startup Cost": 655401.75, "Total Cost": 655512.39, "Plan Rows": 3688, "Plan Width": 84, "Group By Key": ["n1.n_name", "n2.n_name", "(date_part('year'::text, lineitem.l_shipdate))"], "Plans": [{"Node Type": "Sort", "Parent Relationship": "Outer", "Startup Cost": 655401.75, "Total Cost": 655410.97, "Plan Rows": 3688, "Plan Width": 76, "Sort Key": ["n1.n_name", "n2.n_name", "(date_part('year'::text, lineitem.l_shipdate))"], "Plans": [{"Node Type": "Hash Join", "Parent Relationship": "Outer", "Join Type": "Inner", "Startup Cost": 7864.91, "Total Cost": 655183.26, "Plan Rows": 3688, "Plan Width": 76, "Inner Unique": true, "Hash Cond": "((lineitem.l_suppkey = supplier.s_suppkey) AND (n1.n_nationkey = supplier.s_nationkey))", "Plans": [{"Node Type": "Nested Loop", "Parent Relationship": "Outer", "Join Type": "Inner", "Startup Cost": 1030.37, "Total Cost": 642764.74, "Plan Rows": 740786, "Plan Width": 88, "Inner Unique": false, "Plans": [{"Node Type": "Nested Loop", "Parent Relationship": "Outer", "Join Type": "Inner", "Startup Cost": 1030.37, "Total Cost": 166027.11, "Plan Rows": 504972, "Plan Width": 64, "Inner Unique": false, "Plans": [{"Node Type": "Nested Loop", "Parent Relationship": "Outer", "Join Type": "Inner", "Startup Cost": 1030.37, "Total Cost": 14904.59, "Plan Rows": 119904, "Plan Width": 64, "Inner Unique": false, "Plans": [{"Node Type": "Nested Loop", "Parent Relationship": "Outer", "Join Type": "Inner", "Startup Cost": 0.0, "Total Cost": 39.62, "Plan Rows": 2, "Plan Width": 60, "Inner Unique": false, "Join Filter": "(((n1.n_name = 'JAPAN'::bpchar) AND (n2.n_name = 'INDIA'::bpchar)) OR ((n1.n_name = 'INDIA'::bpchar) AND (n2.n_name = 'JAPAN'::bpchar)))", "Plans": [{"Node Type": "Index Scan", "Parent Relationship": "Outer", "Scan Direction": "Forward", "Index Name": "nation_pkey", "Relation Name": "nation", "Alias": "n1", "Startup Cost": 0.0, "Total Cost": 12.75, "Plan Rows": 25, "Plan Width": 30, "Filter": "((n_name = 'JAPAN'::bpchar) OR (n_name = 'INDIA'::bpchar))"}, {"Node Type": "Materialize", "Parent Relationship": "Inner", "Startup Cost": 0.0, "Total Cost": 12.88, "Plan Rows": 25, "Plan Width": 30, "Plans": [{"Node Type": "Index Scan", "Parent Relationship": "Outer", "Scan Direction": "Forward", "Index Name": "nation_pkey", "Relation Name": "nation", "Alias": "n2", "Startup Cost": 0.0, "Total Cost": 12.75, "Plan Rows": 25, "Plan Width": 30, "Filter": "((n_name = 'INDIA'::bpchar) OR (n_name = 'JAPAN'::bpchar))"}]}]}, {"Node Type": "Bitmap Heap Scan", "Parent Relationship": "Inner", "Relation Name": "customer", "Alias": "customer", "Startup Cost": 1030.37, "Total Cost": 6832.48, "Plan Rows": 60000, "Plan Width": 12, "Recheck Cond": "(c_nationkey = n2.n_nationkey)", "Plans": [{"Node Type": "Bitmap Index Scan", "Parent Relationship": "Outer", "Index Name": "idx_customer_nationkey", "Startup Cost": 0.0, "Total Cost": 1015.37, "Plan Rows": 60000, "Plan Width": 0, "Index Cond": "(c_nationkey = n2.n_nationkey)"}]}]}, {"Node Type": "Index Scan", "Parent Relationship": "Inner", "Scan Direction": "Forward", "Index Name": "idx_orders_custkey", "Relation Name": "orders", "Alias": "orders", "Startup Cost": 0.0, "Total Cost": 1.22, "Plan Rows": 4, "Plan Width": 16, "Index Cond": "(o_custkey = customer.c_custkey)"}]}, {"Node Type": "Index Scan", "Parent Relationship": "Inner", "Scan Direction": "Forward", "Index Name": "idx_lineitem_orderkey", "Relation Name": "lineitem", "Alias": "lineitem", "Startup Cost": 0.0, "Total Cost": 0.91, "Plan Rows": 3, "Plan Width": 40, "Index Cond": "(l_orderkey = orders.o_orderkey)", "Filter": "((l_shipdate >= '1995-01-01 00:00:00'::timestamp(0) without time zone) AND (l_shipdate <= '1996-12-31 00:00:00'::timestamp(0) without time zone))"}]}, {"Node Type": "Hash", "Parent Relationship": "Inner", "Startup Cost": 5334.54, "Total Cost": 5334.54, "Plan Rows": 100000, "Plan Width": 12, "Plans": [{"Node Type": "Index Scan", "Parent Relationship": "Outer", "Scan Direction": "Forward", "Index Name": "supplier_pkey", "Relation Name": "supplier", "Alias": "supplier", "Startup Cost": 0.0, "Total Cost": 5334.54, "Plan Rows": 100000, "Plan Width": 12}]}]}]}]}, "Unique SQL Id": 2208782157, "Planner Runtime": 2}, "explain_analyze_plan": {"Plan": {"Node Type": "Aggregate", "Strategy": "Sorted", "Startup Cost": 655401.75, "Total Cost": 655512.39, "Plan Rows": 3688, "Plan Width": 84, "Actual Startup Time": 19948.807, "Actual Total Time": 19982.552, "Actual Rows": 4, "Actual Loops": 1, "Group By Key": ["n1.n_name", "n2.n_name", "(date_part('year'::text, lineitem.l_shipdate))"], "Plans": [{"Node Type": "Sort", "Parent Relationship": "Outer", "Startup Cost": 655401.75, "Total Cost": 655410.97, "Plan Rows": 3688, "Plan Width": 76, "Actual Startup Time": 19937.625, "Actual Total Time": 19943.528, "Actual Rows": 58554, "Actual Loops": 1, "Sort Key": ["n1.n_name", "n2.n_name", "(date_part('year'::text, lineitem.l_shipdate))"], "Sort Method": "quicksort", "Sort Space Used": 10686, "Sort Space Type": "Memory", "Plans": [{"Node Type": "Hash Join", "Parent Relationship": "Outer", "Join Type": "Inner", "Startup Cost": 7864.91, "Total Cost": 655183.26, "Plan Rows": 3688, "Plan Width": 76, "Actual Startup Time": 110.797, "Actual Total Time": 19883.263, "Actual Rows": 58554, "Actual Loops": 1, "Inner Unique": true, "Hash Cond": "((lineitem.l_suppkey = supplier.s_suppkey) AND (n1.n_nationkey = supplier.s_nationkey))", "Plans": [{"Node Type": "Nested Loop", "Parent Relationship": "Outer", "Join Type": "Inner", "Startup Cost": 1030.37, "Total Cost": 642764.74, "Plan Rows": 740786, "Plan Width": 88, "Actual Startup Time": 17.852, "Actual Total Time": 19065.006, "Actual Rows": 1459150, "Actual Loops": 1, "Inner Unique": false, "Plans": [{"Node Type": "Nested Loop", "Parent Relationship": "Outer", "Join Type": "Inner", "Startup Cost": 1030.37, "Total Cost": 166027.11, "Plan Rows": 504972, "Plan Width": 64, "Actual Startup Time": 17.787, "Actual Total Time": 3994.551, "Actual Rows": 1200363, "Actual Loops": 1, "Inner Unique": false, "Plans": [{"Node Type": "Nested Loop", "Parent Relationship": "Outer", "Join Type": "Inner", "Startup Cost": 1030.37, "Total Cost": 14904.59, "Plan Rows": 119904, "Plan Width": 64, "Actual Startup Time": 17.763, "Actual Total Time": 279.521, "Actual Rows": 119972, "Actual Loops": 1, "Inner Unique": false, "Plans": [{"Node Type": "Nested Loop", "Parent Relationship": "Outer", "Join Type": "Inner", "Startup Cost": 0.0, "Total Cost": 39.62, "Plan Rows": 2, "Plan Width": 60, "Actual Startup Time": 0.055, "Actual Total Time": 0.138, "Actual Rows": 2, "Actual Loops": 1, "Inner Unique": false, "Join Filter": "(((n1.n_name = 'JAPAN'::bpchar) AND (n2.n_name = 'INDIA'::bpchar)) OR ((n1.n_name = 'INDIA'::bpchar) AND (n2.n_name = 'JAPAN'::bpchar)))", "Rows Removed by Join Filter": 2, "Plans": [{"Node Type": "Index Scan", "Parent Relationship": "Outer", "Scan Direction": "Forward", "Index Name": "nation_pkey", "Relation Name": "nation", "Alias": "n1", "Startup Cost": 0.0, "Total Cost": 12.75, "Plan Rows": 25, "Plan Width": 30, "Actual Startup Time": 0.025, "Actual Total Time": 0.045, "Actual Rows": 2, "Actual Loops": 1, "Filter": "((n_name = 'JAPAN'::bpchar) OR (n_name = 'INDIA'::bpchar))", "Rows Removed by Filter": 23}, {"Node Type": "Materialize", "Parent Relationship": "Inner", "Startup Cost": 0.0, "Total Cost": 12.88, "Plan Rows": 25, "Plan Width": 30, "Actual Startup Time": 0.021, "Actual Total Time": 0.051, "Actual Rows": 4, "Actual Loops": 2, "Plans": [{"Node Type": "Index Scan", "Parent Relationship": "Outer", "Scan Direction": "Forward", "Index Name": "nation_pkey", "Relation Name": "nation", "Alias": "n2", "Startup Cost": 0.0, "Total Cost": 12.75, "Plan Rows": 25, "Plan Width": 30, "Actual Startup Time": 0.012, "Actual Total Time": 0.03, "Actual Rows": 2, "Actual Loops": 1, "Filter": "((n_name = 'INDIA'::bpchar) OR (n_name = 'JAPAN'::bpchar))", "Rows Removed by Filter": 23}]}]}, {"Node Type": "Bitmap Heap Scan", "Parent Relationship": "Inner", "Relation Name": "customer", "Alias": "customer", "Startup Cost": 1030.37, "Total Cost": 6832.48, "Plan Rows": 60000, "Plan Width": 12, "Actual Startup Time": 35.527, "Actual Total Time": 248.659, "Actual Rows": 119972, "Actual Loops": 2, "Recheck Cond": "(c_nationkey = n2.n_nationkey)", "Rows Removed by Index Recheck": 0, "Exact Heap Blocks": 59938, "Lossy Heap Blocks": 59938, "Plans": [{"Node Type": "Bitmap Index Scan", "Parent Relationship": "Outer", "Index Name": "idx_customer_nationkey", "Startup Cost": 0.0, "Total Cost": 1015.37, "Plan Rows": 60000, "Plan Width": 0, "Actual Startup Time": 22.302, "Actual Total Time": 22.302, "Actual Rows": 119972, "Actual Loops": 2, "Index Cond": "(c_nationkey = n2.n_nationkey)"}]}]}, {"Node Type": "Index Scan", "Parent Relationship": "Inner", "Scan Direction": "Forward", "Index Name": "idx_orders_custkey", "Relation Name": "orders", "Alias": "orders", "Startup Cost": 0.0, "Total Cost": 1.22, "Plan Rows": 4, "Plan Width": 16, "Actual Startup Time": 738.147, "Actual Total Time": 3370.631, "Actual Rows": 1200363, "Actual Loops": 119972, "Index Cond": "(o_custkey = customer.c_custkey)", "Rows Removed by Index Recheck": 0}]}, {"Node Type": "Index Scan", "Parent Relationship": "Inner", "Scan Direction": "Forward", "Index Name": "idx_lineitem_orderkey", "Relation Name": "lineitem", "Alias": "lineitem", "Startup Cost": 0.0, "Total Cost": 0.91, "Plan Rows": 3, "Plan Width": 40, "Actual Startup Time": 12927.978, "Actual Total Time": 14089.887, "Actual Rows": 1459150, "Actual Loops": 1200363, "Index Cond": "(l_orderkey = orders.o_orderkey)", "Rows Removed by Index Recheck": 0, "Filter": "((l_shipdate >= '1995-01-01 00:00:00'::timestamp(0) without time zone) AND (l_shipdate <= '1996-12-31 00:00:00'::timestamp(0) without time zone))", "Rows Removed by Filter": 3342563}]}, {"Node Type": "Hash", "Parent Relationship": "Inner", "Startup Cost": 5334.54, "Total Cost": 5334.54, "Plan Rows": 100000, "Plan Width": 12, "Actual Startup Time": 92.677, "Actual Total Time": 92.677, "Actual Rows": 100000, "Actual Loops": 1, "Hash Buckets": 131072, "Hash Batches": 1, "Original Hash Batches": 1, "Peak Memory Usage": 4297, "Plans": [{"Node Type": "Index Scan", "Parent Relationship": "Outer", "Scan Direction": "Forward", "Index Name": "supplier_pkey", "Relation Name": "supplier", "Alias": "supplier", "Startup Cost": 0.0, "Total Cost": 5334.54, "Plan Rows": 100000, "Plan Width": 12, "Actual Startup Time": 0.023, "Actual Total Time": 60.319, "Actual Rows": 100000, "Actual Loops": 1}]}]}]}]}, "Triggers": [], "Planner Runtime": 2, "Total Runtime": 19983.037, "Unique SQL Id": 2208782157}}, "(1, 102)": {"explain_plan": {"Plan": {"Node Type": "Aggregate", "Strategy": "Sorted", "Startup Cost": 2821099.39, "Total Cost": 2821210.03, "Plan Rows": 3688, "Plan Width": 84, "Group By Key": ["n1.n_name", "n2.n_name", "(date_part('year'::text, lineitem.l_shipdate))"], "Plans": [{"Node Type": "Sort", "Parent Relationship": "Outer", "Startup Cost": 2821099.39, "Total Cost": 2821108.61, "Plan Rows": 3688, "Plan Width": 76, "Sort Key": ["n1.n_name", "n2.n_name", "(date_part('year'::text, lineitem.l_shipdate))"], "Plans": [{"Node Type": "Hash Join", "Parent Relationship": "Outer", "Join Type": "Inner", "Startup Cost": 21163.77, "Total Cost": 2820880.9, "Plan Rows": 3688, "Plan Width": 76, "Inner Unique": true, "Hash Cond": "((lineitem.l_suppkey = supplier.s_suppkey) AND (n1.n_nationkey = supplier.s_nationkey))", "Plans": [{"Node Type": "Nested Loop", "Parent Relationship": "Outer", "Join Type": "Inner", "Startup Cost": 16380.77, "Total Cost": 2810513.92, "Plan Rows": 740786, "Plan Width": 88, "Inner Unique": false, "Plans": [{"Node Type": "Hash Join", "Parent Relationship": "Outer", "Join Type": "Inner", "Startup Cost": 16380.39, "Total Cost": 504091.94, "Plan Rows": 504972, "Plan Width": 64, "Inner Unique": false, "Hash Cond": "(orders.o_custkey = customer.c_custkey), (LLVM Optimized)", "Plans": [{"Node Type": "Seq Scan", "Parent Relationship": "Outer", "Relation Name": "orders", "Alias": "orders", "Startup Cost": 0.0, "Total Cost": 426413.79, "Plan Rows": 14999479, "Plan Width": 16}, {"Node Type": "Hash", "Parent Relationship": "Inner", "Startup Cost": 14881.59, "Total Cost": 14881.59, "Plan Rows": 119904, "Plan Width": 64, "Plans": [{"Node Type": "Nested Loop", "Parent Relationship": "Outer", "Join Type": "Inner", "Startup Cost": 1030.37, "Total Cost": 14881.59, "Plan Rows": 119904, "Plan Width": 64, "Inner Unique": false, "Plans": [{"Node Type": "Nested Loop", "Parent Relationship": "Outer", "Join Type": "Inner", "Startup Cost": 0.0, "Total Cost": 16.62, "Plan Rows": 2, "Plan Width": 60, "Inner Unique": false, "Join Filter": "(((n1.n_name = 'JAPAN'::bpchar) AND (n2.n_name = 'INDIA'::bpchar)) OR ((n1.n_name = 'INDIA'::bpchar) AND (n2.n_name = 'JAPAN'::bpchar)))", "Plans": [{"Node Type": "Seq Scan", "Parent Relationship": "Outer", "Relation Name": "nation", "Alias": "n1", "Startup Cost": 0.0, "Total Cost": 1.25, "Plan Rows": 25, "Plan Width": 30, "Filter": "((n_name = 'JAPAN'::bpchar) OR (n_name = 'INDIA'::bpchar))"}, {"Node Type": "Materialize", "Parent Relationship": "Inner", "Startup Cost": 0.0, "Total Cost": 1.38, "Plan Rows": 25, "Plan Width": 30, "Plans": [{"Node Type": "Seq Scan", "Parent Relationship": "Outer", "Relation Name": "nation", "Alias": "n2", "Startup Cost": 0.0, "Total Cost": 1.25, "Plan Rows": 25, "Plan Width": 30, "Filter": "((n_name = 'INDIA'::bpchar) OR (n_name = 'JAPAN'::bpchar))"}]}]}, {"Node Type": "Bitmap Heap Scan", "Parent Relationship": "Inner", "Relation Name": "customer", "Alias": "customer", "Startup Cost": 1030.37, "Total Cost": 6832.48, "Plan Rows": 60000, "Plan Width": 12, "Recheck Cond": "(c_nationkey = n2.n_nationkey)", "Plans": [{"Node Type": "Bitmap Index Scan", "Parent Relationship": "Outer", "Index Name": "idx_customer_nationkey", "Startup Cost": 0.0, "Total Cost": 1015.37, "Plan Rows": 60000, "Plan Width": 0, "Index Cond": "(c_nationkey = n2.n_nationkey)"}]}]}]}]}, {"Node Type": "Bitmap Heap Scan", "Parent Relationship": "Inner", "Relation Name": "lineitem", "Alias": "lineitem", "Startup Cost": 0.38, "Total Cost": 4.54, "Plan Rows": 3, "Plan Width": 40, "Recheck Cond": "(l_orderkey = orders.o_orderkey)", "Filter": "((l_shipdate >= '1995-01-01 00:00:00'::timestamp(0) without time zone) AND (l_shipdate <= '1996-12-31 00:00:00'::timestamp(0) without time zone))", "Plans": [{"Node Type": "Bitmap Index Scan", "Parent Relationship": "Outer", "Index Name": "idx_lineitem_orderkey", "Startup Cost": 0.0, "Total Cost": 0.38, "Plan Rows": 9, "Plan Width": 0, "Index Cond": "(l_orderkey = orders.o_orderkey)"}]}]}, {"Node Type": "Hash", "Parent Relationship": "Inner", "Startup Cost": 3283.0, "Total Cost": 3283.0, "Plan Rows": 100000, "Plan Width": 12, "Plans": [{"Node Type": "Seq Scan", "Parent Relationship": "Outer", "Relation Name": "supplier", "Alias": "supplier", "Startup Cost": 0.0, "Total Cost": 3283.0, "Plan Rows": 100000, "Plan Width": 12}]}]}]}]}, "Unique SQL Id": 2208782157, "Planner Runtime": 2}, "explain_analyze_plan": {"Plan": {"Node Type": "Aggregate", "Strategy": "Sorted", "Startup Cost": 2821099.39, "Total Cost": 2821210.03, "Plan Rows": 3688, "Plan Width": 84, "Actual Startup Time": 24019.755, "Actual Total Time": 24053.432, "Actual Rows": 4, "Actual Loops": 1, "Group By Key": ["n1.n_name", "n2.n_name", "(date_part('year'::text, lineitem.l_shipdate))"], "Plans": [{"Node Type": "Sort", "Parent Relationship": "Outer", "Startup Cost": 2821099.39, "Total Cost": 2821108.61, "Plan Rows": 3688, "Plan Width": 76, "Actual Startup Time": 24008.555, "Actual Total Time": 24014.638, "Actual Rows": 58554, "Actual Loops": 1, "Sort Key": ["n1.n_name", "n2.n_name", "(date_part('year'::text, lineitem.l_shipdate))"], "Sort Method": "quicksort", "Sort Space Used": 10686, "Sort Space Type": "Memory", "Plans": [{"Node Type": "Hash Join", "Parent Relationship": "Outer", "Join Type": "Inner", "Startup Cost": 21163.77, "Total Cost": 2820880.9, "Plan Rows": 3688, "Plan Width": 76, "Actual Startup Time": 320.133, "Actual Total Time": 23947.507, "Actual Rows": 58554, "Actual Loops": 1, "Inner Unique": true, "Hash Cond": "((lineitem.l_suppkey = supplier.s_suppkey) AND (n1.n_nationkey = supplier.s_nationkey))", "Plans": [{"Node Type": "Nested Loop", "Parent Relationship": "Outer", "Join Type": "Inner", "Startup Cost": 16380.77, "Total Cost": 2810513.92, "Plan Rows": 740786, "Plan Width": 88, "Actual Startup Time": 252.262, "Actual Total Time": 23107.032, "Actual Rows": 1459150, "Actual Loops": 1, "Inner Unique": false, "Plans": [{"Node Type": "Hash Join", "Parent Relationship": "Outer", "Join Type": "Inner", "Startup Cost": 16380.39, "Total Cost": 504091.94, "Plan Rows": 504972, "Plan Width": 64, "Actual Startup Time": 252.173, "Actual Total Time": 10094.773, "Actual Rows": 1200363, "Actual Loops": 1, "Inner Unique": false, "Hash Cond": "(orders.o_custkey = customer.c_custkey), (LLVM Optimized, Jit Execute)", "Plans": [{"Node Type": "Seq Scan", "Parent Relationship": "Outer", "Relation Name": "orders", "Alias": "orders", "Startup Cost": 0.0, "Total Cost": 426413.79, "Plan Rows": 14999479, "Plan Width": 16, "Actual Startup Time": 0.013, "Actual Total Time": 4180.316, "Actual Rows": 15000000, "Actual Loops": 1}, {"Node Type": "Hash", "Parent Relationship": "Inner", "Startup Cost": 14881.59, "Total Cost": 14881.59, "Plan Rows": 119904, "Plan Width": 64, "Actual Startup Time": 252.012, "Actual Total Time": 252.012, "Actual Rows": 119972, "Actual Loops": 1, "Hash Buckets": 131072, "Hash Batches": 1, "Original Hash Batches": 1, "Peak Memory Usage": 11248, "Plans": [{"Node Type": "Nested Loop", "Parent Relationship": "Outer", "Join Type": "Inner", "Startup Cost": 1030.37, "Total Cost": 14881.59, "Plan Rows": 119904, "Plan Width": 64, "Actual Startup Time": 18.127, "Actual Total Time": 207.945, "Actual Rows": 119972, "Actual Loops": 1, "Inner Unique": false, "Plans": [{"Node Type": "Nested Loop", "Parent Relationship": "Outer", "Join Type": "Inner", "Startup Cost": 0.0, "Total Cost": 16.62, "Plan Rows": 2, "Plan Width": 60, "Actual Startup Time": 0.074, "Actual Total Time": 0.164, "Actual Rows": 2, "Actual Loops": 1, "Inner Unique": false, "Join Filter": "(((n1.n_name = 'JAPAN'::bpchar) AND (n2.n_name = 'INDIA'::bpchar)) OR ((n1.n_name = 'INDIA'::bpchar) AND (n2.n_name = 'JAPAN'::bpchar)))", "Rows Removed by Join Filter": 2, "Plans": [{"Node Type": "Seq Scan", "Parent Relationship": "Outer", "Relation Name": "nation", "Alias": "n1", "Startup Cost": 0.0, "Total Cost": 1.25, "Plan Rows": 25, "Plan Width": 30, "Actual Startup Time": 0.041, "Actual Total Time": 0.06, "Actual Rows": 2, "Actual Loops": 1, "Filter": "((n_name = 'JAPAN'::bpchar) OR (n_name = 'INDIA'::bpchar))", "Rows Removed by Filter": 23}, {"Node Type": "Materialize", "Parent Relationship": "Inner", "Startup Cost": 0.0, "Total Cost": 1.38, "Plan Rows": 25, "Plan Width": 30, "Actual Startup Time": 0.023, "Actual Total Time": 0.053, "Actual Rows": 4, "Actual Loops": 2, "Plans": [{"Node Type": "Seq Scan", "Parent Relationship": "Outer", "Relation Name": "nation", "Alias": "n2", "Startup Cost": 0.0, "Total Cost": 1.25, "Plan Rows": 25, "Plan Width": 30, "Actual Startup Time": 0.015, "Actual Total Time": 0.041, "Actual Rows": 2, "Actual Loops": 1, "Filter": "((n_name = 'INDIA'::bpchar) OR (n_name = 'JAPAN'::bpchar))", "Rows Removed by Filter": 23}]}]}, {"Node Type": "Bitmap Heap Scan", "Parent Relationship": "Inner", "Relation Name": "customer", "Alias": "customer", "Startup Cost": 1030.37, "Total Cost": 6832.48, "Plan Rows": 60000, "Plan Width": 12, "Actual Startup Time": 35.922, "Actual Total Time": 183.334, "Actual Rows": 119972, "Actual Loops": 2, "Recheck Cond": "(c_nationkey = n2.n_nationkey)", "Rows Removed by Index Recheck": 0, "Exact Heap Blocks": 59938, "Lossy Heap Blocks": 59938, "Plans": [{"Node Type": "Bitmap Index Scan", "Parent Relationship": "Outer", "Index Name": "idx_customer_nationkey", "Startup Cost": 0.0, "Total Cost": 1015.37, "Plan Rows": 60000, "Plan Width": 0, "Actual Startup Time": 22.698, "Actual Total Time": 22.698, "Actual Rows": 119972, "Actual Loops": 2, "Index Cond": "(c_nationkey = n2.n_nationkey)"}]}]}]}]}, {"Node Type": "Bitmap Heap Scan", "Parent Relationship": "Inner", "Relation Name": "lineitem", "Alias": "lineitem", "Startup Cost": 0.38, "Total Cost": 4.54, "Plan Rows": 3, "Plan Width": 40, "Actual Startup Time": 10661.081, "Actual Total Time": 11276.135, "Actual Rows": 1459150, "Actual Loops": 1200363, "Recheck Cond": "(l_orderkey = orders.o_orderkey)", "Rows Removed by Index Recheck": 0, "Filter": "((l_shipdate >= '1995-01-01 00:00:00'::timestamp(0) without time zone) AND (l_shipdate <= '1996-12-31 00:00:00'::timestamp(0) without time zone))", "Rows Removed by Filter": 3342563, "Exact Heap Blocks": 1285989, "Lossy Heap Blocks": 1285989, "Plans": [{"Node Type": "Bitmap Index Scan", "Parent Relationship": "Outer", "Index Name": "idx_lineitem_orderkey", "Startup Cost": 0.0, "Total Cost": 0.38, "Plan Rows": 9, "Plan Width": 0, "Actual Startup Time": 5002.618, "Actual Total Time": 5002.618, "Actual Rows": 4801713, "Actual Loops": 1200363, "Index Cond": "(l_orderkey = orders.o_orderkey)"}]}]}, {"Node Type": "Hash", "Parent Relationship": "Inner", "Startup Cost": 3283.0, "Total Cost": 3283.0, "Plan Rows": 100000, "Plan Width": 12, "Actual Startup Time": 67.513, "Actual Total Time": 67.513, "Actual Rows": 100000, "Actual Loops": 1, "Hash Buckets": 131072, "Hash Batches": 1, "Original Hash Batches": 1, "Peak Memory Usage": 4297, "Plans": [{"Node Type": "Seq Scan", "Parent Relationship": "Outer", "Relation Name": "supplier", "Alias": "supplier", "Startup Cost": 0.0, "Total Cost": 3283.0, "Plan Rows": 100000, "Plan Width": 12, "Actual Startup Time": 0.027, "Actual Total Time": 36.747, "Actual Rows": 100000, "Actual Loops": 1}]}]}]}]}, "Triggers": [], "Planner Runtime": 2, "Total Runtime": 24062.624, "Unique SQL Id": 2208782157}}, "(1, 103)": {"explain_plan": {"Plan": {"Node Type": "Aggregate", "Strategy": "Sorted", "Startup Cost": 99673573.01, "Total Cost": 99673683.65, "Plan Rows": 3688, "Plan Width": 84, "Group By Key": ["n1.n_name", "n2.n_name", "(date_part('year'::text, lineitem.l_shipdate))"], "Plans": [{"Node Type": "Sort", "Parent Relationship": "Outer", "Startup Cost": 99673573.01, "Total Cost": 99673582.23, "Plan Rows": 3688, "Plan Width": 76, "Sort Key": ["n1.n_name", "n2.n_name", "(date_part('year'::text, lineitem.l_shipdate))"], "Plans": [{"Node Type": "Nested Loop", "Parent Relationship": "Outer", "Join Type": "Inner", "Startup Cost": 627986.71, "Total Cost": 99673354.52, "Plan Rows": 3688, "Plan Width": 76, "Inner Unique": true, "Join Filter": "(((n1.n_name = 'JAPAN'::bpchar) AND (n2.n_name = 'INDIA'::bpchar)) OR ((n1.n_name = 'INDIA'::bpchar) AND (n2.n_name = 'JAPAN'::bpchar)))", "Plans": [{"Node Type": "Nested Loop", "Parent Relationship": "Outer", "Join Type": "Inner", "Startup Cost": 627986.45, "Total Cost": 94724471.42, "Plan Rows": 1153515, "Plan Width": 54, "Inner Unique": true, "Plans": [{"Node Type": "Nested Loop", "Parent Relationship": "Outer", "Join Type": "Inner", "Startup Cost": 627986.2, "Total Cost": 89787046.56, "Plan Rows": 1153515, "Plan Width": 32, "Inner Unique": true, "Plans": [{"Node Type": "Nested Loop", "Parent Relationship": "Outer", "Join Type": "Inner", "Startup Cost": 627985.94, "Total Cost": 84848088.55, "Plan Rows": 1153515, "Plan Width": 36, "Inner Unique": true, "Plans": [{"Node Type": "Nested Loop", "Parent Relationship": "Outer", "Join Type": "Inner", "Startup Cost": 627985.67, "Total Cost": 79896146.0, "Plan Rows": 1153515, "Plan Width": 36, "Inner Unique": true, "Plans": [{"Node Type": "Bitmap Heap Scan", "Parent Relationship": "Outer", "Relation Name": "lineitem", "Alias": "lineitem", "Startup Cost": 627985.41, "Total Cost": 2315105.27, "Plan Rows": 18124991, "Plan Width": 40, "Recheck Cond": "((l_shipdate >= '1995-01-01 00:00:00'::timestamp(0) without time zone) AND (l_shipdate <= '1996-12-31 00:00:00'::timestamp(0) without time zone)), (LLVM Optimized)", "Plans": [{"Node Type": "Bitmap Index Scan", "Parent Relationship": "Outer", "Index Name": "idx_lineitem_shipdate", "Startup Cost": 0.0, "Total Cost": 623454.16, "Plan Rows": 18124991, "Plan Width": 0, "Index Cond": "((l_shipdate >= '1995-01-01 00:00:00'::timestamp(0) without time zone) AND (l_shipdate <= '1996-12-31 00:00:00'::timestamp(0) without time zone))"}]}, {"Node Type": "Bitmap Heap Scan", "Parent Relationship": "Inner", "Relation Name": "supplier", "Alias": "supplier", "Startup Cost": 0.26, "Total Cost": 4.27, "Plan Rows": 1, "Plan Width": 12, "Recheck Cond": "(s_suppkey = lineitem.l_suppkey)", "Plans": [{"Node Type": "Bitmap Index Scan", "Parent Relationship": "Outer", "Index Name": "supplier_pkey", "Startup Cost": 0.0, "Total Cost": 0.26, "Plan Rows": 1, "Plan Width": 0, "Index Cond": "(s_suppkey = lineitem.l_suppkey)"}]}]}, {"Node Type": "Bitmap Heap Scan", "Parent Relationship": "Inner", "Relation Name": "orders", "Alias": "orders", "Startup Cost": 0.27, "Total Cost": 4.28, "Plan Rows": 1, "Plan Width": 16, "Recheck Cond": "(o_orderkey = lineitem.l_orderkey)", "Plans": [{"Node Type": "Bitmap Index Scan", "Parent Relationship": "Outer", "Index Name": "orders_pkey", "Startup Cost": 0.0, "Total Cost": 0.27, "Plan Rows": 1, "Plan Width": 0, "Index Cond": "(o_orderkey = lineitem.l_orderkey)"}]}]}, {"Node Type": "Bitmap Heap Scan", "Parent Relationship": "Inner", "Relation Name": "customer", "Alias": "customer", "Startup Cost": 0.26, "Total Cost": 4.27, "Plan Rows": 1, "Plan Width": 12, "Recheck Cond": "(c_custkey = orders.o_custkey)", "Plans": [{"Node Type": "Bitmap Index Scan", "Parent Relationship": "Outer", "Index Name": "customer_pkey", "Startup Cost": 0.0, "Total Cost": 0.26, "Plan Rows": 1, "Plan Width": 0, "Index Cond": "(c_custkey = orders.o_custkey)"}]}]}, {"Node Type": "Bitmap Heap Scan", "Parent Relationship": "Inner", "Relation Name": "nation", "Alias": "n1", "Startup Cost": 0.26, "Total Cost": 4.27, "Plan Rows": 1, "Plan Width": 30, "Recheck Cond": "(n_nationkey = supplier.s_nationkey)", "Filter": "((n_name = 'JAPAN'::bpchar) OR (n_name = 'INDIA'::bpchar))", "Plans": [{"Node Type": "Bitmap Index Scan", "Parent Relationship": "Outer", "Index Name": "nation_pkey", "Startup Cost": 0.0, "Total Cost": 0.26, "Plan Rows": 1, "Plan Width": 0, "Index Cond": "(n_nationkey = supplier.s_nationkey)"}]}]}, {"Node Type": "Bitmap Heap Scan", "Parent Relationship": "Inner", "Relation Name": "nation", "Alias": "n2", "Startup Cost": 0.26, "Total Cost": 4.27, "Plan Rows": 1, "Plan Width": 30, "Recheck Cond": "(n_nationkey = customer.c_nationkey)", "Filter": "((n_name = 'INDIA'::bpchar) OR (n_name = 'JAPAN'::bpchar))", "Plans": [{"Node Type": "Bitmap Index Scan", "Parent Relationship": "Outer", "Index Name": "nation_pkey", "Startup Cost": 0.0, "Total Cost": 0.26, "Plan Rows": 1, "Plan Width": 0, "Index Cond": "(n_nationkey = customer.c_nationkey)"}]}]}]}]}, "Unique SQL Id": 2208782157, "Planner Runtime": 1}, "explain_analyze_plan": null}, "(1, 104)": {"explain_plan": {"Plan": {"Node Type": "Aggregate", "Strategy": "Sorted", "Startup Cost": 655078.59, "Total Cost": 655189.23, "Plan Rows": 3688, "Plan Width": 84, "Group By Key": ["n1.n_name", "n2.n_name", "(date_part('year'::text, lineitem.l_shipdate))"], "Plans": [{"Node Type": "Sort", "Parent Relationship": "Outer", "Startup Cost": 655078.59, "Total Cost": 655087.81, "Plan Rows": 3688, "Plan Width": 76, "Sort Key": ["n1.n_name", "n2.n_name", "(date_part('year'::text, lineitem.l_shipdate))"], "Plans": [{"Node Type": "Hash Join", "Parent Relationship": "Outer", "Join Type": "Inner", "Startup Cost": 4783.0, "Total Cost": 654860.1, "Plan Rows": 3688, "Plan Width": 76, "Inner Unique": true, "Hash Cond": "((lineitem.l_suppkey = supplier.s_suppkey) AND (n1.n_nationkey = supplier.s_nationkey))", "Plans": [{"Node Type": "Nested Loop", "Parent Relationship": "Outer", "Join Type": "Inner", "Startup Cost": 0.0, "Total Cost": 644493.13, "Plan Rows": 740786, "Plan Width": 88, "Inner Unique": false, "Plans": [{"Node Type": "Nested Loop", "Parent Relationship": "Outer", "Join Type": "Inner", "Startup Cost": 0.0, "Total Cost": 167755.5, "Plan Rows": 504972, "Plan Width": 64, "Inner Unique": false, "Plans": [{"Node Type": "Nested Loop", "Parent Relationship": "Outer", "Join Type": "Inner", "Startup Cost": 0.0, "Total Cost": 16632.98, "Plan Rows": 119904, "Plan Width": 64, "Inner Unique": false, "Plans": [{"Node Type": "Nested Loop", "Parent Relationship": "Outer", "Join Type": "Inner", "Startup Cost": 0.0, "Total Cost": 28.12, "Plan Rows": 2, "Plan Width": 60, "Inner Unique": false, "Join Filter": "(((n1.n_name = 'JAPAN'::bpchar) AND (n2.n_name = 'INDIA'::bpchar)) OR ((n1.n_name = 'INDIA'::bpchar) AND (n2.n_name = 'JAPAN'::bpchar)))", "Plans": [{"Node Type": "Index Scan", "Parent Relationship": "Outer", "Scan Direction": "Forward", "Index Name": "nation_pkey", "Relation Name": "nation", "Alias": "n1", "Startup Cost": 0.0, "Total Cost": 12.75, "Plan Rows": 25, "Plan Width": 30, "Filter": "((n_name = 'JAPAN'::bpchar) OR (n_name = 'INDIA'::bpchar))"}, {"Node Type": "Materialize", "Parent Relationship": "Inner", "Startup Cost": 0.0, "Total Cost": 1.38, "Plan Rows": 25, "Plan Width": 30, "Plans": [{"Node Type": "Seq Scan", "Parent Relationship": "Outer", "Relation Name": "nation", "Alias": "n2", "Startup Cost": 0.0, "Total Cost": 1.25, "Plan Rows": 25, "Plan Width": 30, "Filter": "((n_name = 'INDIA'::bpchar) OR (n_name = 'JAPAN'::bpchar))"}]}]}, {"Node Type": "Index Scan", "Parent Relationship": "Inner", "Scan Direction": "Forward", "Index Name": "idx_customer_nationkey", "Relation Name": "customer", "Alias": "customer", "Startup Cost": 0.0, "Total Cost": 7702.43, "Plan Rows": 60000, "Plan Width": 12, "Index Cond": "(c_nationkey = n2.n_nationkey)"}]}, {"Node Type": "Index Scan", "Parent Relationship": "Inner", "Scan Direction": "Forward", "Index Name": "idx_orders_custkey", "Relation Name": "orders", "Alias": "orders", "Startup Cost": 0.0, "Total Cost": 1.22, "Plan Rows": 4, "Plan Width": 16, "Index Cond": "(o_custkey = customer.c_custkey)"}]}, {"Node Type": "Index Scan", "Parent Relationship": "Inner", "Scan Direction": "Forward", "Index Name": "idx_lineitem_orderkey", "Relation Name": "lineitem", "Alias": "lineitem", "Startup Cost": 0.0, "Total Cost": 0.91, "Plan Rows": 3, "Plan Width": 40, "Index Cond": "(l_orderkey = orders.o_orderkey)", "Filter": "((l_shipdate >= '1995-01-01 00:00:00'::timestamp(0) without time zone) AND (l_shipdate <= '1996-12-31 00:00:00'::timestamp(0) without time zone))"}]}, {"Node Type": "Hash", "Parent Relationship": "Inner", "Startup Cost": 3283.0, "Total Cost": 3283.0, "Plan Rows": 100000, "Plan Width": 12, "Plans": [{"Node Type": "Seq Scan", "Parent Relationship": "Outer", "Relation Name": "supplier", "Alias": "supplier", "Startup Cost": 0.0, "Total Cost": 3283.0, "Plan Rows": 100000, "Plan Width": 12}]}]}]}]}, "Unique SQL Id": 2208782157, "Planner Runtime": 2}, "explain_analyze_plan": {"Plan": {"Node Type": "Aggregate", "Strategy": "Sorted", "Startup Cost": 655078.59, "Total Cost": 655189.23, "Plan Rows": 3688, "Plan Width": 84, "Actual Startup Time": 19790.584, "Actual Total Time": 19824.405, "Actual Rows": 4, "Actual Loops": 1, "Group By Key": ["n1.n_name", "n2.n_name", "(date_part('year'::text, lineitem.l_shipdate))"], "Plans": [{"Node Type": "Sort", "Parent Relationship": "Outer", "Startup Cost": 655078.59, "Total Cost": 655087.81, "Plan Rows": 3688, "Plan Width": 76, "Actual Startup Time": 19779.431, "Actual Total Time": 19785.255, "Actual Rows": 58554, "Actual Loops": 1, "Sort Key": ["n1.n_name", "n2.n_name", "(date_part('year'::text, lineitem.l_shipdate))"], "Sort Method": "quicksort", "Sort Space Used": 10686, "Sort Space Type": "Memory", "Plans": [{"Node Type": "Hash Join", "Parent Relationship": "Outer", "Join Type": "Inner", "Startup Cost": 4783.0, "Total Cost": 654860.1, "Plan Rows": 3688, "Plan Width": 76, "Actual Startup Time": 67.835, "Actual Total Time": 19726.902, "Actual Rows": 58554, "Actual Loops": 1, "Inner Unique": true, "Hash Cond": "((lineitem.l_suppkey = supplier.s_suppkey) AND (n1.n_nationkey = supplier.s_nationkey))", "Plans": [{"Node Type": "Nested Loop", "Parent Relationship": "Outer", "Join Type": "Inner", "Startup Cost": 0.0, "Total Cost": 644493.13, "Plan Rows": 740786, "Plan Width": 88, "Actual Startup Time": 0.149, "Actual Total Time": 18931.71, "Actual Rows": 1459150, "Actual Loops": 1, "Inner Unique": false, "Plans": [{"Node Type": "Nested Loop", "Parent Relationship": "Outer", "Join Type": "Inner", "Startup Cost": 0.0, "Total Cost": 167755.5, "Plan Rows": 504972, "Plan Width": 64, "Actual Startup Time": 0.099, "Actual Total Time": 3934.164, "Actual Rows": 1200363, "Actual Loops": 1, "Inner Unique": false, "Plans": [{"Node Type": "Nested Loop", "Parent Relationship": "Outer", "Join Type": "Inner", "Startup Cost": 0.0, "Total Cost": 16632.98, "Plan Rows": 119904, "Plan Width": 64, "Actual Startup Time": 0.09, "Actual Total Time": 215.292, "Actual Rows": 119972, "Actual Loops": 1, "Inner Unique": false, "Plans": [{"Node Type": "Nested Loop", "Parent Relationship": "Outer", "Join Type": "Inner", "Startup Cost": 0.0, "Total Cost": 28.12, "Plan Rows": 2, "Plan Width": 60, "Actual Startup Time": 0.057, "Actual Total Time": 0.162, "Actual Rows": 2, "Actual Loops": 1, "Inner Unique": false, "Join Filter": "(((n1.n_name = 'JAPAN'::bpchar) AND (n2.n_name = 'INDIA'::bpchar)) OR ((n1.n_name = 'INDIA'::bpchar) AND (n2.n_name = 'JAPAN'::bpchar)))", "Rows Removed by Join Filter": 2, "Plans": [{"Node Type": "Index Scan", "Parent Relationship": "Outer", "Scan Direction": "Forward", "Index Name": "nation_pkey", "Relation Name": "nation", "Alias": "n1", "Startup Cost": 0.0, "Total Cost": 12.75, "Plan Rows": 25, "Plan Width": 30, "Actual Startup Time": 0.026, "Actual Total Time": 0.052, "Actual Rows": 2, "Actual Loops": 1, "Filter": "((n_name = 'JAPAN'::bpchar) OR (n_name = 'INDIA'::bpchar))", "Rows Removed by Filter": 23}, {"Node Type": "Materialize", "Parent Relationship": "Inner", "Startup Cost": 0.0, "Total Cost": 1.38, "Plan Rows": 25, "Plan Width": 30, "Actual Startup Time": 0.025, "Actual Total Time": 0.052, "Actual Rows": 4, "Actual Loops": 2, "Plans": [{"Node Type": "Seq Scan", "Parent Relationship": "Outer", "Relation Name": "nation", "Alias": "n2", "Startup Cost": 0.0, "Total Cost": 1.25, "Plan Rows": 25, "Plan Width": 30, "Actual Startup Time": 0.02, "Actual Total Time": 0.044, "Actual Rows": 2, "Actual Loops": 1, "Filter": "((n_name = 'INDIA'::bpchar) OR (n_name = 'JAPAN'::bpchar))", "Rows Removed by Filter": 23}]}]}, {"Node Type": "Index Scan", "Parent Relationship": "Inner", "Scan Direction": "Forward", "Index Name": "idx_customer_nationkey", "Relation Name": "customer", "Alias": "customer", "Startup Cost": 0.0, "Total Cost": 7702.43, "Plan Rows": 60000, "Plan Width": 12, "Actual Startup Time": 0.049, "Actual Total Time": 183.611, "Actual Rows": 119972, "Actual Loops": 2, "Index Cond": "(c_nationkey = n2.n_nationkey)", "Rows Removed by Index Recheck": 0}]}, {"Node Type": "Index Scan", "Parent Relationship": "Inner", "Scan Direction": "Forward", "Index Name": "idx_orders_custkey", "Relation Name": "orders", "Alias": "orders", "Startup Cost": 0.0, "Total Cost": 1.22, "Plan Rows": 4, "Plan Width": 16, "Actual Startup Time": 730.727, "Actual Total Time": 3375.202, "Actual Rows": 1200363, "Actual Loops": 119972, "Index Cond": "(o_custkey = customer.c_custkey)", "Rows Removed by Index Recheck": 0}]}, {"Node Type": "Index Scan", "Parent Relationship": "Inner", "Scan Direction": "Forward", "Index Name": "idx_lineitem_orderkey", "Relation Name": "lineitem", "Alias": "lineitem", "Startup Cost": 0.0, "Total Cost": 0.91, "Plan Rows": 3, "Plan Width": 40, "Actual Startup Time": 12853.439, "Actual Total Time": 14028.688, "Actual Rows": 1459150, "Actual Loops": 1200363, "Index Cond": "(l_orderkey = orders.o_orderkey)", "Rows Removed by Index Recheck": 0, "Filter": "((l_shipdate >= '1995-01-01 00:00:00'::timestamp(0) without time zone) AND (l_shipdate <= '1996-12-31 00:00:00'::timestamp(0) without time zone))", "Rows Removed by Filter": 3342563}]}, {"Node Type": "Hash", "Parent Relationship": "Inner", "Startup Cost": 3283.0, "Total Cost": 3283.0, "Plan Rows": 100000, "Plan Width": 12, "Actual Startup Time": 67.411, "Actual Total Time": 67.411, "Actual Rows": 100000, "Actual Loops": 1, "Hash Buckets": 131072, "Hash Batches": 1, "Original Hash Batches": 1, "Peak Memory Usage": 4297, "Plans": [{"Node Type": "Seq Scan", "Parent Relationship": "Outer", "Relation Name": "supplier", "Alias": "supplier", "Startup Cost": 0.0, "Total Cost": 3283.0, "Plan Rows": 100000, "Plan Width": 12, "Actual Startup Time": 0.02, "Actual Total Time": 36.463, "Actual Rows": 100000, "Actual Loops": 1}]}]}]}]}, "Triggers": [], "Planner Runtime": 2, "Total Runtime": 19824.86, "Unique SQL Id": 2208782157}}, "(1, 105)": {"explain_plan": {"Plan": {"Node Type": "Aggregate", "Strategy": "Sorted", "Startup Cost": 657141.64, "Total Cost": 657252.28, "Plan Rows": 3688, "Plan Width": 84, "Group By Key": ["n1.n_name", "n2.n_name", "(date_part('year'::text, lineitem.l_shipdate))"], "Plans": [{"Node Type": "Sort", "Parent Relationship": "Outer", "Startup Cost": 657141.64, "Total Cost": 657150.86, "Plan Rows": 3688, "Plan Width": 76, "Sort Key": ["n1.n_name", "n2.n_name", "(date_part('year'::text, lineitem.l_shipdate))"], "Plans": [{"Node Type": "Hash Join", "Parent Relationship": "Outer", "Join Type": "Inner", "Startup Cost": 6834.54, "Total Cost": 656923.15, "Plan Rows": 3688, "Plan Width": 76, "Inner Unique": true, "Hash Cond": "((lineitem.l_suppkey = supplier.s_suppkey) AND (n1.n_nationkey = supplier.s_nationkey))", "Plans": [{"Node Type": "Nested Loop", "Parent Relationship": "Outer", "Join Type": "Inner", "Startup Cost": 0.0, "Total Cost": 644504.63, "Plan Rows": 740786, "Plan Width": 88, "Inner Unique": false, "Plans": [{"Node Type": "Nested Loop", "Parent Relationship": "Outer", "Join Type": "Inner", "Startup Cost": 0.0, "Total Cost": 167767.0, "Plan Rows": 504972, "Plan Width": 64, "Inner Unique": false, "Plans": [{"Node Type": "Nested Loop", "Parent Relationship": "Outer", "Join Type": "Inner", "Startup Cost": 0.0, "Total Cost": 16644.48, "Plan Rows": 119904, "Plan Width": 64, "Inner Unique": false, "Plans": [{"Node Type": "Nested Loop", "Parent Relationship": "Outer", "Join Type": "Inner", "Startup Cost": 0.0, "Total Cost": 39.62, "Plan Rows": 2, "Plan Width": 60, "Inner Unique": false, "Join Filter": "(((n1.n_name = 'JAPAN'::bpchar) AND (n2.n_name = 'INDIA'::bpchar)) OR ((n1.n_name = 'INDIA'::bpchar) AND (n2.n_name = 'JAPAN'::bpchar)))", "Plans": [{"Node Type": "Index Scan", "Parent Relationship": "Outer", "Scan Direction": "Forward", "Index Name": "nation_pkey", "Relation Name": "nation", "Alias": "n1", "Startup Cost": 0.0, "Total Cost": 12.75, "Plan Rows": 25, "Plan Width": 30, "Filter": "((n_name = 'JAPAN'::bpchar) OR (n_name = 'INDIA'::bpchar))"}, {"Node Type": "Materialize", "Parent Relationship": "Inner", "Startup Cost": 0.0, "Total Cost": 12.88, "Plan Rows": 25, "Plan Width": 30, "Plans": [{"Node Type": "Index Scan", "Parent Relationship": "Outer", "Scan Direction": "Forward", "Index Name": "nation_pkey", "Relation Name": "nation", "Alias": "n2", "Startup Cost": 0.0, "Total Cost": 12.75, "Plan Rows": 25, "Plan Width": 30, "Filter": "((n_name = 'INDIA'::bpchar) OR (n_name = 'JAPAN'::bpchar))"}]}]}, {"Node Type": "Index Scan", "Parent Relationship": "Inner", "Scan Direction": "Forward", "Index Name": "idx_customer_nationkey", "Relation Name": "customer", "Alias": "customer", "Startup Cost": 0.0, "Total Cost": 7702.43, "Plan Rows": 60000, "Plan Width": 12, "Index Cond": "(c_nationkey = n2.n_nationkey)"}]}, {"Node Type": "Index Scan", "Parent Relationship": "Inner", "Scan Direction": "Forward", "Index Name": "idx_orders_custkey", "Relation Name": "orders", "Alias": "orders", "Startup Cost": 0.0, "Total Cost": 1.22, "Plan Rows": 4, "Plan Width": 16, "Index Cond": "(o_custkey = customer.c_custkey)"}]}, {"Node Type": "Index Scan", "Parent Relationship": "Inner", "Scan Direction": "Forward", "Index Name": "idx_lineitem_orderkey", "Relation Name": "lineitem", "Alias": "lineitem", "Startup Cost": 0.0, "Total Cost": 0.91, "Plan Rows": 3, "Plan Width": 40, "Index Cond": "(l_orderkey = orders.o_orderkey)", "Filter": "((l_shipdate >= '1995-01-01 00:00:00'::timestamp(0) without time zone) AND (l_shipdate <= '1996-12-31 00:00:00'::timestamp(0) without time zone))"}]}, {"Node Type": "Hash", "Parent Relationship": "Inner", "Startup Cost": 5334.54, "Total Cost": 5334.54, "Plan Rows": 100000, "Plan Width": 12, "Plans": [{"Node Type": "Index Scan", "Parent Relationship": "Outer", "Scan Direction": "Forward", "Index Name": "supplier_pkey", "Relation Name": "supplier", "Alias": "supplier", "Startup Cost": 0.0, "Total Cost": 5334.54, "Plan Rows": 100000, "Plan Width": 12}]}]}]}]}, "Unique SQL Id": 2208782157, "Planner Runtime": 2}, "explain_analyze_plan": {"Plan": {"Node Type": "Aggregate", "Strategy": "Sorted", "Startup Cost": 657141.64, "Total Cost": 657252.28, "Plan Rows": 3688, "Plan Width": 84, "Actual Startup Time": 19733.098, "Actual Total Time": 19766.62, "Actual Rows": 4, "Actual Loops": 1, "Group By Key": ["n1.n_name", "n2.n_name", "(date_part('year'::text, lineitem.l_shipdate))"], "Plans": [{"Node Type": "Sort", "Parent Relationship": "Outer", "Startup Cost": 657141.64, "Total Cost": 657150.86, "Plan Rows": 3688, "Plan Width": 76, "Actual Startup Time": 19721.972, "Actual Total Time": 19727.673, "Actual Rows": 58554, "Actual Loops": 1, "Sort Key": ["n1.n_name", "n2.n_name", "(date_part('year'::text, lineitem.l_shipdate))"], "Sort Method": "quicksort", "Sort Space Used": 10686, "Sort Space Type": "Memory", "Plans": [{"Node Type": "Hash Join", "Parent Relationship": "Outer", "Join Type": "Inner", "Startup Cost": 6834.54, "Total Cost": 656923.15, "Plan Rows": 3688, "Plan Width": 76, "Actual Startup Time": 111.799, "Actual Total Time": 19668.23, "Actual Rows": 58554, "Actual Loops": 1, "Inner Unique": true, "Hash Cond": "((lineitem.l_suppkey = supplier.s_suppkey) AND (n1.n_nationkey = supplier.s_nationkey))", "Plans": [{"Node Type": "Nested Loop", "Parent Relationship": "Outer", "Join Type": "Inner", "Startup Cost": 0.0, "Total Cost": 644504.63, "Plan Rows": 740786, "Plan Width": 88, "Actual Startup Time": 0.174, "Actual Total Time": 18849.787, "Actual Rows": 1459150, "Actual Loops": 1, "Inner Unique": false, "Plans": [{"Node Type": "Nested Loop", "Parent Relationship": "Outer", "Join Type": "Inner", "Startup Cost": 0.0, "Total Cost": 167767.0, "Plan Rows": 504972, "Plan Width": 64, "Actual Startup Time": 0.098, "Actual Total Time": 3904.575, "Actual Rows": 1200363, "Actual Loops": 1, "Inner Unique": false, "Plans": [{"Node Type": "Nested Loop", "Parent Relationship": "Outer", "Join Type": "Inner", "Startup Cost": 0.0, "Total Cost": 16644.48, "Plan Rows": 119904, "Plan Width": 64, "Actual Startup Time": 0.083, "Actual Total Time": 216.446, "Actual Rows": 119972, "Actual Loops": 1, "Inner Unique": false, "Plans": [{"Node Type": "Nested Loop", "Parent Relationship": "Outer", "Join Type": "Inner", "Startup Cost": 0.0, "Total Cost": 39.62, "Plan Rows": 2, "Plan Width": 60, "Actual Startup Time": 0.046, "Actual Total Time": 0.265, "Actual Rows": 2, "Actual Loops": 1, "Inner Unique": false, "Join Filter": "(((n1.n_name = 'JAPAN'::bpchar) AND (n2.n_name = 'INDIA'::bpchar)) OR ((n1.n_name = 'INDIA'::bpchar) AND (n2.n_name = 'JAPAN'::bpchar)))", "Rows Removed by Join Filter": 2, "Plans": [{"Node Type": "Index Scan", "Parent Relationship": "Outer", "Scan Direction": "Forward", "Index Name": "nation_pkey", "Relation Name": "nation", "Alias": "n1", "Startup Cost": 0.0, "Total Cost": 12.75, "Plan Rows": 25, "Plan Width": 30, "Actual Startup Time": 0.021, "Actual Total Time": 0.046, "Actual Rows": 2, "Actual Loops": 1, "Filter": "((n_name = 'JAPAN'::bpchar) OR (n_name = 'INDIA'::bpchar))", "Rows Removed by Filter": 23}, {"Node Type": "Materialize", "Parent Relationship": "Inner", "Startup Cost": 0.0, "Total Cost": 12.88, "Plan Rows": 25, "Plan Width": 30, "Actual Startup Time": 0.015, "Actual Total Time": 0.04, "Actual Rows": 4, "Actual Loops": 2, "Plans": [{"Node Type": "Index Scan", "Parent Relationship": "Outer", "Scan Direction": "Forward", "Index Name": "nation_pkey", "Relation Name": "nation", "Alias": "n2", "Startup Cost": 0.0, "Total Cost": 12.75, "Plan Rows": 25, "Plan Width": 30, "Actual Startup Time": 0.011, "Actual Total Time": 0.031, "Actual Rows": 2, "Actual Loops": 1, "Filter": "((n_name = 'INDIA'::bpchar) OR (n_name = 'JAPAN'::bpchar))", "Rows Removed by Filter": 23}]}]}, {"Node Type": "Index Scan", "Parent Relationship": "Inner", "Scan Direction": "Forward", "Index Name": "idx_customer_nationkey", "Relation Name": "customer", "Alias": "customer", "Startup Cost": 0.0, "Total Cost": 7702.43, "Plan Rows": 60000, "Plan Width": 12, "Actual Startup Time": 0.094, "Actual Total Time": 181.109, "Actual Rows": 119972, "Actual Loops": 2, "Index Cond": "(c_nationkey = n2.n_nationkey)", "Rows Removed by Index Recheck": 0}]}, {"Node Type": "Index Scan", "Parent Relationship": "Inner", "Scan Direction": "Forward", "Index Name": "idx_orders_custkey", "Relation Name": "orders", "Alias": "orders", "Startup Cost": 0.0, "Total Cost": 1.22, "Plan Rows": 4, "Plan Width": 16, "Actual Startup Time": 725.454, "Actual Total Time": 3338.391, "Actual Rows": 1200363, "Actual Loops": 119972, "Index Cond": "(o_custkey = customer.c_custkey)", "Rows Removed by Index Recheck": 0}]}, {"Node Type": "Index Scan", "Parent Relationship": "Inner", "Scan Direction": "Forward", "Index Name": "idx_lineitem_orderkey", "Relation Name": "lineitem", "Alias": "lineitem", "Startup Cost": 0.0, "Total Cost": 0.91, "Plan Rows": 3, "Plan Width": 40, "Actual Startup Time": 12809.11, "Actual Total Time": 13980.183, "Actual Rows": 1459150, "Actual Loops": 1200363, "Index Cond": "(l_orderkey = orders.o_orderkey)", "Rows Removed by Index Recheck": 0, "Filter": "((l_shipdate >= '1995-01-01 00:00:00'::timestamp(0) without time zone) AND (l_shipdate <= '1996-12-31 00:00:00'::timestamp(0) without time zone))", "Rows Removed by Filter": 3342563}]}, {"Node Type": "Hash", "Parent Relationship": "Inner", "Startup Cost": 5334.54, "Total Cost": 5334.54, "Plan Rows": 100000, "Plan Width": 12, "Actual Startup Time": 111.347, "Actual Total Time": 111.347, "Actual Rows": 100000, "Actual Loops": 1, "Hash Buckets": 131072, "Hash Batches": 1, "Original Hash Batches": 1, "Peak Memory Usage": 4297, "Plans": [{"Node Type": "Index Scan", "Parent Relationship": "Outer", "Scan Direction": "Forward", "Index Name": "supplier_pkey", "Relation Name": "supplier", "Alias": "supplier", "Startup Cost": 0.0, "Total Cost": 5334.54, "Plan Rows": 100000, "Plan Width": 12, "Actual Startup Time": 0.023, "Actual Total Time": 78.07, "Actual Rows": 100000, "Actual Loops": 1}]}]}]}]}, "Triggers": [], "Planner Runtime": 2, "Total Runtime": 19767.235, "Unique SQL Id": 2208782157}}, "(1, 106)": {"explain_plan": {"Plan": {"Node Type": "Aggregate", "Strategy": "Sorted", "Startup Cost": 2961260.33, "Total Cost": 2961370.97, "Plan Rows": 3688, "Plan Width": 84, "Group By Key": ["n1.n_name", "n2.n_name", "(date_part('year'::text, lineitem.l_shipdate))"], "Plans": [{"Node Type": "Sort", "Parent Relationship": "Outer", "Startup Cost": 2961260.33, "Total Cost": 2961269.55, "Plan Rows": 3688, "Plan Width": 76, "Sort Key": ["n1.n_name", "n2.n_name", "(date_part('year'::text, lineitem.l_shipdate))"], "Plans": [{"Node Type": "Hash Join", "Parent Relationship": "Outer", "Join Type": "Inner", "Startup Cost": 557677.26, "Total Cost": 2961041.84, "Plan Rows": 3688, "Plan Width": 76, "Inner Unique": true, "Hash Cond": "((lineitem.l_suppkey = supplier.s_suppkey) AND (n1.n_nationkey = supplier.s_nationkey))", "Plans": [{"Node Type": "Hash Join", "Parent Relationship": "Outer", "Join Type": "Inner", "Startup Cost": 552894.26, "Total Cost": 2950674.86, "Plan Rows": 740786, "Plan Width": 88, "Inner Unique": false, "Hash Cond": "(lineitem.l_orderkey = orders.o_orderkey), (LLVM Optimized)", "Plans": [{"Node Type": "Seq Scan", "Parent Relationship": "Outer", "Relation Name": "lineitem", "Alias": "lineitem", "Startup Cost": 44.73, "Total Cost": 2315050.5, "Plan Rows": 18124991, "Plan Width": 40, "Filter": "((l_shipdate >= '1995-01-01 00:00:00'::timestamp(0) without time zone) AND (l_shipdate <= '1996-12-31 00:00:00'::timestamp(0) without time zone)), (LLVM Optimized)"}, {"Node Type": "Hash", "Parent Relationship": "Inner", "Startup Cost": 546537.38, "Total Cost": 546537.38, "Plan Rows": 504972, "Plan Width": 64, "Plans": [{"Node Type": "Hash Join", "Parent Relationship": "Outer", "Join Type": "Inner", "Startup Cost": 58825.83, "Total Cost": 546537.38, "Plan Rows": 504972, "Plan Width": 64, "Inner Unique": false, "Hash Cond": "(orders.o_custkey = customer.c_custkey), (LLVM Optimized)", "Plans": [{"Node Type": "Seq Scan", "Parent Relationship": "Outer", "Relation Name": "orders", "Alias": "orders", "Startup Cost": 0.0, "Total Cost": 426413.79, "Plan Rows": 14999479, "Plan Width": 16}, {"Node Type": "Hash", "Parent Relationship": "Inner", "Startup Cost": 57327.03, "Total Cost": 57327.03, "Plan Rows": 119904, "Plan Width": 64, "Plans": [{"Node Type": "Hash Join", "Parent Relationship": "Outer", "Join Type": "Inner", "Startup Cost": 16.65, "Total Cost": 57327.03, "Plan Rows": 119904, "Plan Width": 64, "Inner Unique": false, "Hash Cond": "(customer.c_nationkey = n2.n_nationkey), (LLVM Optimized)", "Plans": [{"Node Type": "Seq Scan", "Parent Relationship": "Outer", "Relation Name": "customer", "Alias": "customer", "Startup Cost": 0.0, "Total Cost": 52126.0, "Plan Rows": 1500000, "Plan Width": 12}, {"Node Type": "Hash", "Parent Relationship": "Inner", "Startup Cost": 16.62, "Total Cost": 16.62, "Plan Rows": 2, "Plan Width": 60, "Plans": [{"Node Type": "Nested Loop", "Parent Relationship": "Outer", "Join Type": "Inner", "Startup Cost": 0.0, "Total Cost": 16.62, "Plan Rows": 2, "Plan Width": 60, "Inner Unique": false, "Join Filter": "(((n1.n_name = 'JAPAN'::bpchar) AND (n2.n_name = 'INDIA'::bpchar)) OR ((n1.n_name = 'INDIA'::bpchar) AND (n2.n_name = 'JAPAN'::bpchar)))", "Plans": [{"Node Type": "Seq Scan", "Parent Relationship": "Outer", "Relation Name": "nation", "Alias": "n1", "Startup Cost": 0.0, "Total Cost": 1.25, "Plan Rows": 25, "Plan Width": 30, "Filter": "((n_name = 'JAPAN'::bpchar) OR (n_name = 'INDIA'::bpchar))"}, {"Node Type": "Materialize", "Parent Relationship": "Inner", "Startup Cost": 0.0, "Total Cost": 1.38, "Plan Rows": 25, "Plan Width": 30, "Plans": [{"Node Type": "Seq Scan", "Parent Relationship": "Outer", "Relation Name": "nation", "Alias": "n2", "Startup Cost": 0.0, "Total Cost": 1.25, "Plan Rows": 25, "Plan Width": 30, "Filter": "((n_name = 'INDIA'::bpchar) OR (n_name = 'JAPAN'::bpchar))"}]}]}]}]}]}]}]}]}, {"Node Type": "Hash", "Parent Relationship": "Inner", "Startup Cost": 3283.0, "Total Cost": 3283.0, "Plan Rows": 100000, "Plan Width": 12, "Plans": [{"Node Type": "Seq Scan", "Parent Relationship": "Outer", "Relation Name": "supplier", "Alias": "supplier", "Startup Cost": 0.0, "Total Cost": 3283.0, "Plan Rows": 100000, "Plan Width": 12}]}]}]}]}, "Unique SQL Id": 2208782157, "Planner Runtime": 2}, "explain_analyze_plan": null}, "(1, 107)": {"explain_plan": {"Plan": {"Node Type": "Aggregate", "Strategy": "Sorted", "Startup Cost": 6000436694435.95, "Total Cost": 6000436694546.58, "Plan Rows": 3688, "Plan Width": 84, "Group By Key": ["n1.n_name", "n2.n_name", "(date_part('year'::text, lineitem.l_shipdate))"], "Plans": [{"Node Type": "Sort", "Parent Relationship": "Outer", "Startup Cost": 6000436694435.95, "Total Cost": 6000436694445.17, "Plan Rows": 3688, "Plan Width": 76, "Sort Key": ["n1.n_name", "n2.n_name", "(date_part('year'::text, lineitem.l_shipdate))"], "Plans": [{"Node Type": "Hash Join", "Parent Relationship": "Outer", "Join Type": "Inner", "Startup Cost": 4020081920352.3, "Total Cost": 6000436694217.46, "Plan Rows": 3688, "Plan Width": 76, "Inner Unique": true, "Hash Cond": "((orders.o_custkey = customer.c_custkey) AND (n2.n_nationkey = customer.c_nationkey))", "Plans": [{"Node Type": "Nested Loop", "Parent Relationship": "Outer", "Join Type": "Inner", "Startup Cost": 3020073821316.68, "Total Cost": 5000428594444.18, "Plan Rows": 92207, "Plan Width": 88, "Inner Unique": false, "Join Filter": "(((n1.n_name = 'JAPAN'::bpchar) AND (n2.n_name = 'INDIA'::bpchar)) OR ((n1.n_name = 'INDIA'::bpchar) AND (n2.n_name = 'JAPAN'::bpchar)))", "Plans": [{"Node Type": "Index Scan", "Parent Relationship": "Outer", "Scan Direction": "Forward", "Index Name": "nation_pkey", "Relation Name": "nation", "Alias": "n2", "Startup Cost": 10000000000.0, "Total Cost": 1000000001275.0, "Plan Rows": 25, "Plan Width": 30, "Filter": "((n_name = 'INDIA'::bpchar) OR (n_name = 'JAPAN'::bpchar))"}, {"Node Type": "Materialize", "Parent Relationship": "Inner", "Startup Cost": 3010073821316.68, "Total Cost": 4000427947200.78, "Plan Rows": 1153515, "Plan Width": 58, "Plans": [{"Node Type": "Hash Join", "Parent Relationship": "Outer", "Join Type": "Inner", "Startup Cost": 3010073821316.68, "Total Cost": 4000427941433.21, "Plan Rows": 1153515, "Plan Width": 58, "Inner Unique": true, "Hash Cond": "(supplier.s_nationkey = n1.n_nationkey), (LLVM Optimized)", "Plans": [{"Node Type": "Hash Join", "Parent Relationship": "Outer", "Join Type": "Inner", "Startup Cost": 2010073820041.37, "Total Cost": 3000427924297.06, "Plan Rows": 1153515, "Plan Width": 36, "Inner Unique": true, "Hash Cond": "(lineitem.l_orderkey = orders.o_orderkey), (LLVM Optimized)", "Plans": [{"Node Type": "Hash Join", "Parent Relationship": "Outer", "Join Type": "Inner", "Startup Cost": 1010000534704.38, "Total Cost": 2000354623099.25, "Plan Rows": 1153515, "Plan Width": 36, "Inner Unique": true, "Hash Cond": "(lineitem.l_suppkey = supplier.s_suppkey), (LLVM Optimized)", "Plans": [{"Node Type": "Index Scan", "Parent Relationship": "Outer", "Scan Direction": "Forward", "Index Name": "idx_lineitem_orderkey", "Relation Name": "lineitem", "Alias": "lineitem", "Startup Cost": 10000000000.0, "Total Cost": 1000354008891.0, "Plan Rows": 18124991, "Plan Width": 40, "Filter": "((l_shipdate >= '1995-01-01 00:00:00'::timestamp(0) without time zone) AND (l_shipdate <= '1996-12-31 00:00:00'::timestamp(0) without time zone)), (LLVM Optimized)"}, {"Node Type": "Hash", "Parent Relationship": "Inner", "Startup Cost": 1000000533454.38, "Total Cost": 1000000533454.38, "Plan Rows": 100000, "Plan Width": 12, "Plans": [{"Node Type": "Index Scan", "Parent Relationship": "Outer", "Scan Direction": "Forward", "Index Name": "supplier_pkey", "Relation Name": "supplier", "Alias": "supplier", "Startup Cost": 10000000000.0, "Total Cost": 1000000533454.38, "Plan Rows": 100000, "Plan Width": 12}]}]}, {"Node Type": "Hash", "Parent Relationship": "Inner", "Startup Cost": 1000073097843.5, "Total Cost": 1000073097843.5, "Plan Rows": 14999479, "Plan Width": 16, "Plans": [{"Node Type": "Index Scan", "Parent Relationship": "Outer", "Scan Direction": "Forward", "Index Name": "orders_pkey", "Relation Name": "orders", "Alias": "orders", "Startup Cost": 10000000000.0, "Total Cost": 1000073097843.5, "Plan Rows": 14999479, "Plan Width": 16}]}]}, {"Node Type": "Hash", "Parent Relationship": "Inner", "Startup Cost": 1000000001275.0, "Total Cost": 1000000001275.0, "Plan Rows": 25, "Plan Width": 30, "Plans": [{"Node Type": "Index Scan", "Parent Relationship": "Outer", "Scan Direction": "Forward", "Index Name": "nation_pkey", "Relation Name": "nation", "Alias": "n1", "Startup Cost": 10000000000.0, "Total Cost": 1000000001275.0, "Plan Rows": 25, "Plan Width": 30, "Filter": "((n_name = 'JAPAN'::bpchar) OR (n_name = 'INDIA'::bpchar))"}]}]}]}]}, {"Node Type": "Hash", "Parent Relationship": "Inner", "Startup Cost": 1000008076535.62, "Total Cost": 1000008076535.62, "Plan Rows": 1500000, "Plan Width": 12, "Plans": [{"Node Type": "Index Scan", "Parent Relationship": "Outer", "Scan Direction": "Forward", "Index Name": "customer_pkey", "Relation Name": "customer", "Alias": "customer", "Startup Cost": 10000000000.0, "Total Cost": 1000008076535.62, "Plan Rows": 1500000, "Plan Width": 12}]}]}]}]}, "Unique SQL Id": 2208782157, "Planner Runtime": 2}, "explain_analyze_plan": null}, "(1, 108)": {"explain_plan": {"Plan": {"Node Type": "Aggregate", "Strategy": "Sorted", "Startup Cost": 655078.59, "Total Cost": 655189.23, "Plan Rows": 3688, "Plan Width": 84, "Group By Key": ["n1.n_name", "n2.n_name", "(date_part('year'::text, lineitem.l_shipdate))"], "Plans": [{"Node Type": "Sort", "Parent Relationship": "Outer", "Startup Cost": 655078.59, "Total Cost": 655087.81, "Plan Rows": 3688, "Plan Width": 76, "Sort Key": ["n1.n_name", "n2.n_name", "(date_part('year'::text, lineitem.l_shipdate))"], "Plans": [{"Node Type": "Hash Join", "Parent Relationship": "Outer", "Join Type": "Inner", "Startup Cost": 4783.0, "Total Cost": 654860.1, "Plan Rows": 3688, "Plan Width": 76, "Inner Unique": true, "Hash Cond": "((lineitem.l_suppkey = supplier.s_suppkey) AND (n1.n_nationkey = supplier.s_nationkey))", "Plans": [{"Node Type": "Nested Loop", "Parent Relationship": "Outer", "Join Type": "Inner", "Startup Cost": 0.0, "Total Cost": 644493.13, "Plan Rows": 740786, "Plan Width": 88, "Inner Unique": false, "Plans": [{"Node Type": "Nested Loop", "Parent Relationship": "Outer", "Join Type": "Inner", "Startup Cost": 0.0, "Total Cost": 167755.5, "Plan Rows": 504972, "Plan Width": 64, "Inner Unique": false, "Plans": [{"Node Type": "Nested Loop", "Parent Relationship": "Outer", "Join Type": "Inner", "Startup Cost": 0.0, "Total Cost": 16632.98, "Plan Rows": 119904, "Plan Width": 64, "Inner Unique": false, "Plans": [{"Node Type": "Nested Loop", "Parent Relationship": "Outer", "Join Type": "Inner", "Startup Cost": 0.0, "Total Cost": 28.12, "Plan Rows": 2, "Plan Width": 60, "Inner Unique": false, "Join Filter": "(((n1.n_name = 'JAPAN'::bpchar) AND (n2.n_name = 'INDIA'::bpchar)) OR ((n1.n_name = 'INDIA'::bpchar) AND (n2.n_name = 'JAPAN'::bpchar)))", "Plans": [{"Node Type": "Index Scan", "Parent Relationship": "Outer", "Scan Direction": "Forward", "Index Name": "nation_pkey", "Relation Name": "nation", "Alias": "n1", "Startup Cost": 0.0, "Total Cost": 12.75, "Plan Rows": 25, "Plan Width": 30, "Filter": "((n_name = 'JAPAN'::bpchar) OR (n_name = 'INDIA'::bpchar))"}, {"Node Type": "Materialize", "Parent Relationship": "Inner", "Startup Cost": 0.0, "Total Cost": 1.38, "Plan Rows": 25, "Plan Width": 30, "Plans": [{"Node Type": "Seq Scan", "Parent Relationship": "Outer", "Relation Name": "nation", "Alias": "n2", "Startup Cost": 0.0, "Total Cost": 1.25, "Plan Rows": 25, "Plan Width": 30, "Filter": "((n_name = 'INDIA'::bpchar) OR (n_name = 'JAPAN'::bpchar))"}]}]}, {"Node Type": "Index Scan", "Parent Relationship": "Inner", "Scan Direction": "Forward", "Index Name": "idx_customer_nationkey", "Relation Name": "customer", "Alias": "customer", "Startup Cost": 0.0, "Total Cost": 7702.43, "Plan Rows": 60000, "Plan Width": 12, "Index Cond": "(c_nationkey = n2.n_nationkey)"}]}, {"Node Type": "Index Scan", "Parent Relationship": "Inner", "Scan Direction": "Forward", "Index Name": "idx_orders_custkey", "Relation Name": "orders", "Alias": "orders", "Startup Cost": 0.0, "Total Cost": 1.22, "Plan Rows": 4, "Plan Width": 16, "Index Cond": "(o_custkey = customer.c_custkey)"}]}, {"Node Type": "Index Scan", "Parent Relationship": "Inner", "Scan Direction": "Forward", "Index Name": "idx_lineitem_orderkey", "Relation Name": "lineitem", "Alias": "lineitem", "Startup Cost": 0.0, "Total Cost": 0.91, "Plan Rows": 3, "Plan Width": 40, "Index Cond": "(l_orderkey = orders.o_orderkey)", "Filter": "((l_shipdate >= '1995-01-01 00:00:00'::timestamp(0) without time zone) AND (l_shipdate <= '1996-12-31 00:00:00'::timestamp(0) without time zone))"}]}, {"Node Type": "Hash", "Parent Relationship": "Inner", "Startup Cost": 3283.0, "Total Cost": 3283.0, "Plan Rows": 100000, "Plan Width": 12, "Plans": [{"Node Type": "Seq Scan", "Parent Relationship": "Outer", "Relation Name": "supplier", "Alias": "supplier", "Startup Cost": 0.0, "Total Cost": 3283.0, "Plan Rows": 100000, "Plan Width": 12}]}]}]}]}, "Unique SQL Id": 2208782157, "Planner Runtime": 2}, "explain_analyze_plan": {"Plan": {"Node Type": "Aggregate", "Strategy": "Sorted", "Startup Cost": 655078.59, "Total Cost": 655189.23, "Plan Rows": 3688, "Plan Width": 84, "Actual Startup Time": 19790.584, "Actual Total Time": 19824.405, "Actual Rows": 4, "Actual Loops": 1, "Group By Key": ["n1.n_name", "n2.n_name", "(date_part('year'::text, lineitem.l_shipdate))"], "Plans": [{"Node Type": "Sort", "Parent Relationship": "Outer", "Startup Cost": 655078.59, "Total Cost": 655087.81, "Plan Rows": 3688, "Plan Width": 76, "Actual Startup Time": 19779.431, "Actual Total Time": 19785.255, "Actual Rows": 58554, "Actual Loops": 1, "Sort Key": ["n1.n_name", "n2.n_name", "(date_part('year'::text, lineitem.l_shipdate))"], "Sort Method": "quicksort", "Sort Space Used": 10686, "Sort Space Type": "Memory", "Plans": [{"Node Type": "Hash Join", "Parent Relationship": "Outer", "Join Type": "Inner", "Startup Cost": 4783.0, "Total Cost": 654860.1, "Plan Rows": 3688, "Plan Width": 76, "Actual Startup Time": 67.835, "Actual Total Time": 19726.902, "Actual Rows": 58554, "Actual Loops": 1, "Inner Unique": true, "Hash Cond": "((lineitem.l_suppkey = supplier.s_suppkey) AND (n1.n_nationkey = supplier.s_nationkey))", "Plans": [{"Node Type": "Nested Loop", "Parent Relationship": "Outer", "Join Type": "Inner", "Startup Cost": 0.0, "Total Cost": 644493.13, "Plan Rows": 740786, "Plan Width": 88, "Actual Startup Time": 0.149, "Actual Total Time": 18931.71, "Actual Rows": 1459150, "Actual Loops": 1, "Inner Unique": false, "Plans": [{"Node Type": "Nested Loop", "Parent Relationship": "Outer", "Join Type": "Inner", "Startup Cost": 0.0, "Total Cost": 167755.5, "Plan Rows": 504972, "Plan Width": 64, "Actual Startup Time": 0.099, "Actual Total Time": 3934.164, "Actual Rows": 1200363, "Actual Loops": 1, "Inner Unique": false, "Plans": [{"Node Type": "Nested Loop", "Parent Relationship": "Outer", "Join Type": "Inner", "Startup Cost": 0.0, "Total Cost": 16632.98, "Plan Rows": 119904, "Plan Width": 64, "Actual Startup Time": 0.09, "Actual Total Time": 215.292, "Actual Rows": 119972, "Actual Loops": 1, "Inner Unique": false, "Plans": [{"Node Type": "Nested Loop", "Parent Relationship": "Outer", "Join Type": "Inner", "Startup Cost": 0.0, "Total Cost": 28.12, "Plan Rows": 2, "Plan Width": 60, "Actual Startup Time": 0.057, "Actual Total Time": 0.162, "Actual Rows": 2, "Actual Loops": 1, "Inner Unique": false, "Join Filter": "(((n1.n_name = 'JAPAN'::bpchar) AND (n2.n_name = 'INDIA'::bpchar)) OR ((n1.n_name = 'INDIA'::bpchar) AND (n2.n_name = 'JAPAN'::bpchar)))", "Rows Removed by Join Filter": 2, "Plans": [{"Node Type": "Index Scan", "Parent Relationship": "Outer", "Scan Direction": "Forward", "Index Name": "nation_pkey", "Relation Name": "nation", "Alias": "n1", "Startup Cost": 0.0, "Total Cost": 12.75, "Plan Rows": 25, "Plan Width": 30, "Actual Startup Time": 0.026, "Actual Total Time": 0.052, "Actual Rows": 2, "Actual Loops": 1, "Filter": "((n_name = 'JAPAN'::bpchar) OR (n_name = 'INDIA'::bpchar))", "Rows Removed by Filter": 23}, {"Node Type": "Materialize", "Parent Relationship": "Inner", "Startup Cost": 0.0, "Total Cost": 1.38, "Plan Rows": 25, "Plan Width": 30, "Actual Startup Time": 0.025, "Actual Total Time": 0.052, "Actual Rows": 4, "Actual Loops": 2, "Plans": [{"Node Type": "Seq Scan", "Parent Relationship": "Outer", "Relation Name": "nation", "Alias": "n2", "Startup Cost": 0.0, "Total Cost": 1.25, "Plan Rows": 25, "Plan Width": 30, "Actual Startup Time": 0.02, "Actual Total Time": 0.044, "Actual Rows": 2, "Actual Loops": 1, "Filter": "((n_name = 'INDIA'::bpchar) OR (n_name = 'JAPAN'::bpchar))", "Rows Removed by Filter": 23}]}]}, {"Node Type": "Index Scan", "Parent Relationship": "Inner", "Scan Direction": "Forward", "Index Name": "idx_customer_nationkey", "Relation Name": "customer", "Alias": "customer", "Startup Cost": 0.0, "Total Cost": 7702.43, "Plan Rows": 60000, "Plan Width": 12, "Actual Startup Time": 0.049, "Actual Total Time": 183.611, "Actual Rows": 119972, "Actual Loops": 2, "Index Cond": "(c_nationkey = n2.n_nationkey)", "Rows Removed by Index Recheck": 0}]}, {"Node Type": "Index Scan", "Parent Relationship": "Inner", "Scan Direction": "Forward", "Index Name": "idx_orders_custkey", "Relation Name": "orders", "Alias": "orders", "Startup Cost": 0.0, "Total Cost": 1.22, "Plan Rows": 4, "Plan Width": 16, "Actual Startup Time": 730.727, "Actual Total Time": 3375.202, "Actual Rows": 1200363, "Actual Loops": 119972, "Index Cond": "(o_custkey = customer.c_custkey)", "Rows Removed by Index Recheck": 0}]}, {"Node Type": "Index Scan", "Parent Relationship": "Inner", "Scan Direction": "Forward", "Index Name": "idx_lineitem_orderkey", "Relation Name": "lineitem", "Alias": "lineitem", "Startup Cost": 0.0, "Total Cost": 0.91, "Plan Rows": 3, "Plan Width": 40, "Actual Startup Time": 12853.439, "Actual Total Time": 14028.688, "Actual Rows": 1459150, "Actual Loops": 1200363, "Index Cond": "(l_orderkey = orders.o_orderkey)", "Rows Removed by Index Recheck": 0, "Filter": "((l_shipdate >= '1995-01-01 00:00:00'::timestamp(0) without time zone) AND (l_shipdate <= '1996-12-31 00:00:00'::timestamp(0) without time zone))", "Rows Removed by Filter": 3342563}]}, {"Node Type": "Hash", "Parent Relationship": "Inner", "Startup Cost": 3283.0, "Total Cost": 3283.0, "Plan Rows": 100000, "Plan Width": 12, "Actual Startup Time": 67.411, "Actual Total Time": 67.411, "Actual Rows": 100000, "Actual Loops": 1, "Hash Buckets": 131072, "Hash Batches": 1, "Original Hash Batches": 1, "Peak Memory Usage": 4297, "Plans": [{"Node Type": "Seq Scan", "Parent Relationship": "Outer", "Relation Name": "supplier", "Alias": "supplier", "Startup Cost": 0.0, "Total Cost": 3283.0, "Plan Rows": 100000, "Plan Width": 12, "Actual Startup Time": 0.02, "Actual Total Time": 36.463, "Actual Rows": 100000, "Actual Loops": 1}]}]}]}]}, "Triggers": [], "Planner Runtime": 2, "Total Runtime": 19824.86, "Unique SQL Id": 2208782157}}, "(1, 109)": {"explain_plan": {"Plan": {"Node Type": "Aggregate", "Strategy": "Sorted", "Startup Cost": 657141.64, "Total Cost": 657252.28, "Plan Rows": 3688, "Plan Width": 84, "Group By Key": ["n1.n_name", "n2.n_name", "(date_part('year'::text, lineitem.l_shipdate))"], "Plans": [{"Node Type": "Sort", "Parent Relationship": "Outer", "Startup Cost": 657141.64, "Total Cost": 657150.86, "Plan Rows": 3688, "Plan Width": 76, "Sort Key": ["n1.n_name", "n2.n_name", "(date_part('year'::text, lineitem.l_shipdate))"], "Plans": [{"Node Type": "Hash Join", "Parent Relationship": "Outer", "Join Type": "Inner", "Startup Cost": 6834.54, "Total Cost": 656923.15, "Plan Rows": 3688, "Plan Width": 76, "Inner Unique": true, "Hash Cond": "((lineitem.l_suppkey = supplier.s_suppkey) AND (n1.n_nationkey = supplier.s_nationkey))", "Plans": [{"Node Type": "Nested Loop", "Parent Relationship": "Outer", "Join Type": "Inner", "Startup Cost": 0.0, "Total Cost": 644504.63, "Plan Rows": 740786, "Plan Width": 88, "Inner Unique": false, "Plans": [{"Node Type": "Nested Loop", "Parent Relationship": "Outer", "Join Type": "Inner", "Startup Cost": 0.0, "Total Cost": 167767.0, "Plan Rows": 504972, "Plan Width": 64, "Inner Unique": false, "Plans": [{"Node Type": "Nested Loop", "Parent Relationship": "Outer", "Join Type": "Inner", "Startup Cost": 0.0, "Total Cost": 16644.48, "Plan Rows": 119904, "Plan Width": 64, "Inner Unique": false, "Plans": [{"Node Type": "Nested Loop", "Parent Relationship": "Outer", "Join Type": "Inner", "Startup Cost": 0.0, "Total Cost": 39.62, "Plan Rows": 2, "Plan Width": 60, "Inner Unique": false, "Join Filter": "(((n1.n_name = 'JAPAN'::bpchar) AND (n2.n_name = 'INDIA'::bpchar)) OR ((n1.n_name = 'INDIA'::bpchar) AND (n2.n_name = 'JAPAN'::bpchar)))", "Plans": [{"Node Type": "Index Scan", "Parent Relationship": "Outer", "Scan Direction": "Forward", "Index Name": "nation_pkey", "Relation Name": "nation", "Alias": "n1", "Startup Cost": 0.0, "Total Cost": 12.75, "Plan Rows": 25, "Plan Width": 30, "Filter": "((n_name = 'JAPAN'::bpchar) OR (n_name = 'INDIA'::bpchar))"}, {"Node Type": "Materialize", "Parent Relationship": "Inner", "Startup Cost": 0.0, "Total Cost": 12.88, "Plan Rows": 25, "Plan Width": 30, "Plans": [{"Node Type": "Index Scan", "Parent Relationship": "Outer", "Scan Direction": "Forward", "Index Name": "nation_pkey", "Relation Name": "nation", "Alias": "n2", "Startup Cost": 0.0, "Total Cost": 12.75, "Plan Rows": 25, "Plan Width": 30, "Filter": "((n_name = 'INDIA'::bpchar) OR (n_name = 'JAPAN'::bpchar))"}]}]}, {"Node Type": "Index Scan", "Parent Relationship": "Inner", "Scan Direction": "Forward", "Index Name": "idx_customer_nationkey", "Relation Name": "customer", "Alias": "customer", "Startup Cost": 0.0, "Total Cost": 7702.43, "Plan Rows": 60000, "Plan Width": 12, "Index Cond": "(c_nationkey = n2.n_nationkey)"}]}, {"Node Type": "Index Scan", "Parent Relationship": "Inner", "Scan Direction": "Forward", "Index Name": "idx_orders_custkey", "Relation Name": "orders", "Alias": "orders", "Startup Cost": 0.0, "Total Cost": 1.22, "Plan Rows": 4, "Plan Width": 16, "Index Cond": "(o_custkey = customer.c_custkey)"}]}, {"Node Type": "Index Scan", "Parent Relationship": "Inner", "Scan Direction": "Forward", "Index Name": "idx_lineitem_orderkey", "Relation Name": "lineitem", "Alias": "lineitem", "Startup Cost": 0.0, "Total Cost": 0.91, "Plan Rows": 3, "Plan Width": 40, "Index Cond": "(l_orderkey = orders.o_orderkey)", "Filter": "((l_shipdate >= '1995-01-01 00:00:00'::timestamp(0) without time zone) AND (l_shipdate <= '1996-12-31 00:00:00'::timestamp(0) without time zone))"}]}, {"Node Type": "Hash", "Parent Relationship": "Inner", "Startup Cost": 5334.54, "Total Cost": 5334.54, "Plan Rows": 100000, "Plan Width": 12, "Plans": [{"Node Type": "Index Scan", "Parent Relationship": "Outer", "Scan Direction": "Forward", "Index Name": "supplier_pkey", "Relation Name": "supplier", "Alias": "supplier", "Startup Cost": 0.0, "Total Cost": 5334.54, "Plan Rows": 100000, "Plan Width": 12}]}]}]}]}, "Unique SQL Id": 2208782157, "Planner Runtime": 2}, "explain_analyze_plan": {"Plan": {"Node Type": "Aggregate", "Strategy": "Sorted", "Startup Cost": 657141.64, "Total Cost": 657252.28, "Plan Rows": 3688, "Plan Width": 84, "Actual Startup Time": 19733.098, "Actual Total Time": 19766.62, "Actual Rows": 4, "Actual Loops": 1, "Group By Key": ["n1.n_name", "n2.n_name", "(date_part('year'::text, lineitem.l_shipdate))"], "Plans": [{"Node Type": "Sort", "Parent Relationship": "Outer", "Startup Cost": 657141.64, "Total Cost": 657150.86, "Plan Rows": 3688, "Plan Width": 76, "Actual Startup Time": 19721.972, "Actual Total Time": 19727.673, "Actual Rows": 58554, "Actual Loops": 1, "Sort Key": ["n1.n_name", "n2.n_name", "(date_part('year'::text, lineitem.l_shipdate))"], "Sort Method": "quicksort", "Sort Space Used": 10686, "Sort Space Type": "Memory", "Plans": [{"Node Type": "Hash Join", "Parent Relationship": "Outer", "Join Type": "Inner", "Startup Cost": 6834.54, "Total Cost": 656923.15, "Plan Rows": 3688, "Plan Width": 76, "Actual Startup Time": 111.799, "Actual Total Time": 19668.23, "Actual Rows": 58554, "Actual Loops": 1, "Inner Unique": true, "Hash Cond": "((lineitem.l_suppkey = supplier.s_suppkey) AND (n1.n_nationkey = supplier.s_nationkey))", "Plans": [{"Node Type": "Nested Loop", "Parent Relationship": "Outer", "Join Type": "Inner", "Startup Cost": 0.0, "Total Cost": 644504.63, "Plan Rows": 740786, "Plan Width": 88, "Actual Startup Time": 0.174, "Actual Total Time": 18849.787, "Actual Rows": 1459150, "Actual Loops": 1, "Inner Unique": false, "Plans": [{"Node Type": "Nested Loop", "Parent Relationship": "Outer", "Join Type": "Inner", "Startup Cost": 0.0, "Total Cost": 167767.0, "Plan Rows": 504972, "Plan Width": 64, "Actual Startup Time": 0.098, "Actual Total Time": 3904.575, "Actual Rows": 1200363, "Actual Loops": 1, "Inner Unique": false, "Plans": [{"Node Type": "Nested Loop", "Parent Relationship": "Outer", "Join Type": "Inner", "Startup Cost": 0.0, "Total Cost": 16644.48, "Plan Rows": 119904, "Plan Width": 64, "Actual Startup Time": 0.083, "Actual Total Time": 216.446, "Actual Rows": 119972, "Actual Loops": 1, "Inner Unique": false, "Plans": [{"Node Type": "Nested Loop", "Parent Relationship": "Outer", "Join Type": "Inner", "Startup Cost": 0.0, "Total Cost": 39.62, "Plan Rows": 2, "Plan Width": 60, "Actual Startup Time": 0.046, "Actual Total Time": 0.265, "Actual Rows": 2, "Actual Loops": 1, "Inner Unique": false, "Join Filter": "(((n1.n_name = 'JAPAN'::bpchar) AND (n2.n_name = 'INDIA'::bpchar)) OR ((n1.n_name = 'INDIA'::bpchar) AND (n2.n_name = 'JAPAN'::bpchar)))", "Rows Removed by Join Filter": 2, "Plans": [{"Node Type": "Index Scan", "Parent Relationship": "Outer", "Scan Direction": "Forward", "Index Name": "nation_pkey", "Relation Name": "nation", "Alias": "n1", "Startup Cost": 0.0, "Total Cost": 12.75, "Plan Rows": 25, "Plan Width": 30, "Actual Startup Time": 0.021, "Actual Total Time": 0.046, "Actual Rows": 2, "Actual Loops": 1, "Filter": "((n_name = 'JAPAN'::bpchar) OR (n_name = 'INDIA'::bpchar))", "Rows Removed by Filter": 23}, {"Node Type": "Materialize", "Parent Relationship": "Inner", "Startup Cost": 0.0, "Total Cost": 12.88, "Plan Rows": 25, "Plan Width": 30, "Actual Startup Time": 0.015, "Actual Total Time": 0.04, "Actual Rows": 4, "Actual Loops": 2, "Plans": [{"Node Type": "Index Scan", "Parent Relationship": "Outer", "Scan Direction": "Forward", "Index Name": "nation_pkey", "Relation Name": "nation", "Alias": "n2", "Startup Cost": 0.0, "Total Cost": 12.75, "Plan Rows": 25, "Plan Width": 30, "Actual Startup Time": 0.011, "Actual Total Time": 0.031, "Actual Rows": 2, "Actual Loops": 1, "Filter": "((n_name = 'INDIA'::bpchar) OR (n_name = 'JAPAN'::bpchar))", "Rows Removed by Filter": 23}]}]}, {"Node Type": "Index Scan", "Parent Relationship": "Inner", "Scan Direction": "Forward", "Index Name": "idx_customer_nationkey", "Relation Name": "customer", "Alias": "customer", "Startup Cost": 0.0, "Total Cost": 7702.43, "Plan Rows": 60000, "Plan Width": 12, "Actual Startup Time": 0.094, "Actual Total Time": 181.109, "Actual Rows": 119972, "Actual Loops": 2, "Index Cond": "(c_nationkey = n2.n_nationkey)", "Rows Removed by Index Recheck": 0}]}, {"Node Type": "Index Scan", "Parent Relationship": "Inner", "Scan Direction": "Forward", "Index Name": "idx_orders_custkey", "Relation Name": "orders", "Alias": "orders", "Startup Cost": 0.0, "Total Cost": 1.22, "Plan Rows": 4, "Plan Width": 16, "Actual Startup Time": 725.454, "Actual Total Time": 3338.391, "Actual Rows": 1200363, "Actual Loops": 119972, "Index Cond": "(o_custkey = customer.c_custkey)", "Rows Removed by Index Recheck": 0}]}, {"Node Type": "Index Scan", "Parent Relationship": "Inner", "Scan Direction": "Forward", "Index Name": "idx_lineitem_orderkey", "Relation Name": "lineitem", "Alias": "lineitem", "Startup Cost": 0.0, "Total Cost": 0.91, "Plan Rows": 3, "Plan Width": 40, "Actual Startup Time": 12809.11, "Actual Total Time": 13980.183, "Actual Rows": 1459150, "Actual Loops": 1200363, "Index Cond": "(l_orderkey = orders.o_orderkey)", "Rows Removed by Index Recheck": 0, "Filter": "((l_shipdate >= '1995-01-01 00:00:00'::timestamp(0) without time zone) AND (l_shipdate <= '1996-12-31 00:00:00'::timestamp(0) without time zone))", "Rows Removed by Filter": 3342563}]}, {"Node Type": "Hash", "Parent Relationship": "Inner", "Startup Cost": 5334.54, "Total Cost": 5334.54, "Plan Rows": 100000, "Plan Width": 12, "Actual Startup Time": 111.347, "Actual Total Time": 111.347, "Actual Rows": 100000, "Actual Loops": 1, "Hash Buckets": 131072, "Hash Batches": 1, "Original Hash Batches": 1, "Peak Memory Usage": 4297, "Plans": [{"Node Type": "Index Scan", "Parent Relationship": "Outer", "Scan Direction": "Forward", "Index Name": "supplier_pkey", "Relation Name": "supplier", "Alias": "supplier", "Startup Cost": 0.0, "Total Cost": 5334.54, "Plan Rows": 100000, "Plan Width": 12, "Actual Startup Time": 0.023, "Actual Total Time": 78.07, "Actual Rows": 100000, "Actual Loops": 1}]}]}]}]}, "Triggers": [], "Planner Runtime": 2, "Total Runtime": 19767.235, "Unique SQL Id": 2208782157}}, "(1, 110)": {"explain_plan": {"Plan": {"Node Type": "Aggregate", "Strategy": "Sorted", "Startup Cost": 2961260.33, "Total Cost": 2961370.97, "Plan Rows": 3688, "Plan Width": 84, "Group By Key": ["n1.n_name", "n2.n_name", "(date_part('year'::text, lineitem.l_shipdate))"], "Plans": [{"Node Type": "Sort", "Parent Relationship": "Outer", "Startup Cost": 2961260.33, "Total Cost": 2961269.55, "Plan Rows": 3688, "Plan Width": 76, "Sort Key": ["n1.n_name", "n2.n_name", "(date_part('year'::text, lineitem.l_shipdate))"], "Plans": [{"Node Type": "Hash Join", "Parent Relationship": "Outer", "Join Type": "Inner", "Startup Cost": 557677.26, "Total Cost": 2961041.84, "Plan Rows": 3688, "Plan Width": 76, "Inner Unique": true, "Hash Cond": "((lineitem.l_suppkey = supplier.s_suppkey) AND (n1.n_nationkey = supplier.s_nationkey))", "Plans": [{"Node Type": "Hash Join", "Parent Relationship": "Outer", "Join Type": "Inner", "Startup Cost": 552894.26, "Total Cost": 2950674.86, "Plan Rows": 740786, "Plan Width": 88, "Inner Unique": false, "Hash Cond": "(lineitem.l_orderkey = orders.o_orderkey), (LLVM Optimized)", "Plans": [{"Node Type": "Seq Scan", "Parent Relationship": "Outer", "Relation Name": "lineitem", "Alias": "lineitem", "Startup Cost": 44.73, "Total Cost": 2315050.5, "Plan Rows": 18124991, "Plan Width": 40, "Filter": "((l_shipdate >= '1995-01-01 00:00:00'::timestamp(0) without time zone) AND (l_shipdate <= '1996-12-31 00:00:00'::timestamp(0) without time zone)), (LLVM Optimized)"}, {"Node Type": "Hash", "Parent Relationship": "Inner", "Startup Cost": 546537.38, "Total Cost": 546537.38, "Plan Rows": 504972, "Plan Width": 64, "Plans": [{"Node Type": "Hash Join", "Parent Relationship": "Outer", "Join Type": "Inner", "Startup Cost": 58825.83, "Total Cost": 546537.38, "Plan Rows": 504972, "Plan Width": 64, "Inner Unique": false, "Hash Cond": "(orders.o_custkey = customer.c_custkey), (LLVM Optimized)", "Plans": [{"Node Type": "Seq Scan", "Parent Relationship": "Outer", "Relation Name": "orders", "Alias": "orders", "Startup Cost": 0.0, "Total Cost": 426413.79, "Plan Rows": 14999479, "Plan Width": 16}, {"Node Type": "Hash", "Parent Relationship": "Inner", "Startup Cost": 57327.03, "Total Cost": 57327.03, "Plan Rows": 119904, "Plan Width": 64, "Plans": [{"Node Type": "Hash Join", "Parent Relationship": "Outer", "Join Type": "Inner", "Startup Cost": 16.65, "Total Cost": 57327.03, "Plan Rows": 119904, "Plan Width": 64, "Inner Unique": false, "Hash Cond": "(customer.c_nationkey = n2.n_nationkey), (LLVM Optimized)", "Plans": [{"Node Type": "Seq Scan", "Parent Relationship": "Outer", "Relation Name": "customer", "Alias": "customer", "Startup Cost": 0.0, "Total Cost": 52126.0, "Plan Rows": 1500000, "Plan Width": 12}, {"Node Type": "Hash", "Parent Relationship": "Inner", "Startup Cost": 16.62, "Total Cost": 16.62, "Plan Rows": 2, "Plan Width": 60, "Plans": [{"Node Type": "Nested Loop", "Parent Relationship": "Outer", "Join Type": "Inner", "Startup Cost": 0.0, "Total Cost": 16.62, "Plan Rows": 2, "Plan Width": 60, "Inner Unique": false, "Join Filter": "(((n1.n_name = 'JAPAN'::bpchar) AND (n2.n_name = 'INDIA'::bpchar)) OR ((n1.n_name = 'INDIA'::bpchar) AND (n2.n_name = 'JAPAN'::bpchar)))", "Plans": [{"Node Type": "Seq Scan", "Parent Relationship": "Outer", "Relation Name": "nation", "Alias": "n1", "Startup Cost": 0.0, "Total Cost": 1.25, "Plan Rows": 25, "Plan Width": 30, "Filter": "((n_name = 'JAPAN'::bpchar) OR (n_name = 'INDIA'::bpchar))"}, {"Node Type": "Materialize", "Parent Relationship": "Inner", "Startup Cost": 0.0, "Total Cost": 1.38, "Plan Rows": 25, "Plan Width": 30, "Plans": [{"Node Type": "Seq Scan", "Parent Relationship": "Outer", "Relation Name": "nation", "Alias": "n2", "Startup Cost": 0.0, "Total Cost": 1.25, "Plan Rows": 25, "Plan Width": 30, "Filter": "((n_name = 'INDIA'::bpchar) OR (n_name = 'JAPAN'::bpchar))"}]}]}]}]}]}]}]}]}, {"Node Type": "Hash", "Parent Relationship": "Inner", "Startup Cost": 3283.0, "Total Cost": 3283.0, "Plan Rows": 100000, "Plan Width": 12, "Plans": [{"Node Type": "Seq Scan", "Parent Relationship": "Outer", "Relation Name": "supplier", "Alias": "supplier", "Startup Cost": 0.0, "Total Cost": 3283.0, "Plan Rows": 100000, "Plan Width": 12}]}]}]}]}, "Unique SQL Id": 2208782157, "Planner Runtime": 2}, "explain_analyze_plan": null}, "(1, 111)": {"explain_plan": {"Plan": {"Node Type": "Aggregate", "Strategy": "Sorted", "Startup Cost": 6000436694435.95, "Total Cost": 6000436694546.58, "Plan Rows": 3688, "Plan Width": 84, "Group By Key": ["n1.n_name", "n2.n_name", "(date_part('year'::text, lineitem.l_shipdate))"], "Plans": [{"Node Type": "Sort", "Parent Relationship": "Outer", "Startup Cost": 6000436694435.95, "Total Cost": 6000436694445.17, "Plan Rows": 3688, "Plan Width": 76, "Sort Key": ["n1.n_name", "n2.n_name", "(date_part('year'::text, lineitem.l_shipdate))"], "Plans": [{"Node Type": "Hash Join", "Parent Relationship": "Outer", "Join Type": "Inner", "Startup Cost": 4020081920352.3, "Total Cost": 6000436694217.46, "Plan Rows": 3688, "Plan Width": 76, "Inner Unique": true, "Hash Cond": "((orders.o_custkey = customer.c_custkey) AND (n2.n_nationkey = customer.c_nationkey))", "Plans": [{"Node Type": "Nested Loop", "Parent Relationship": "Outer", "Join Type": "Inner", "Startup Cost": 3020073821316.68, "Total Cost": 5000428594444.18, "Plan Rows": 92207, "Plan Width": 88, "Inner Unique": false, "Join Filter": "(((n1.n_name = 'JAPAN'::bpchar) AND (n2.n_name = 'INDIA'::bpchar)) OR ((n1.n_name = 'INDIA'::bpchar) AND (n2.n_name = 'JAPAN'::bpchar)))", "Plans": [{"Node Type": "Index Scan", "Parent Relationship": "Outer", "Scan Direction": "Forward", "Index Name": "nation_pkey", "Relation Name": "nation", "Alias": "n2", "Startup Cost": 10000000000.0, "Total Cost": 1000000001275.0, "Plan Rows": 25, "Plan Width": 30, "Filter": "((n_name = 'INDIA'::bpchar) OR (n_name = 'JAPAN'::bpchar))"}, {"Node Type": "Materialize", "Parent Relationship": "Inner", "Startup Cost": 3010073821316.68, "Total Cost": 4000427947200.78, "Plan Rows": 1153515, "Plan Width": 58, "Plans": [{"Node Type": "Hash Join", "Parent Relationship": "Outer", "Join Type": "Inner", "Startup Cost": 3010073821316.68, "Total Cost": 4000427941433.21, "Plan Rows": 1153515, "Plan Width": 58, "Inner Unique": true, "Hash Cond": "(supplier.s_nationkey = n1.n_nationkey), (LLVM Optimized)", "Plans": [{"Node Type": "Hash Join", "Parent Relationship": "Outer", "Join Type": "Inner", "Startup Cost": 2010073820041.37, "Total Cost": 3000427924297.06, "Plan Rows": 1153515, "Plan Width": 36, "Inner Unique": true, "Hash Cond": "(lineitem.l_orderkey = orders.o_orderkey), (LLVM Optimized)", "Plans": [{"Node Type": "Hash Join", "Parent Relationship": "Outer", "Join Type": "Inner", "Startup Cost": 1010000534704.38, "Total Cost": 2000354623099.25, "Plan Rows": 1153515, "Plan Width": 36, "Inner Unique": true, "Hash Cond": "(lineitem.l_suppkey = supplier.s_suppkey), (LLVM Optimized)", "Plans": [{"Node Type": "Index Scan", "Parent Relationship": "Outer", "Scan Direction": "Forward", "Index Name": "idx_lineitem_orderkey", "Relation Name": "lineitem", "Alias": "lineitem", "Startup Cost": 10000000000.0, "Total Cost": 1000354008891.0, "Plan Rows": 18124991, "Plan Width": 40, "Filter": "((l_shipdate >= '1995-01-01 00:00:00'::timestamp(0) without time zone) AND (l_shipdate <= '1996-12-31 00:00:00'::timestamp(0) without time zone)), (LLVM Optimized)"}, {"Node Type": "Hash", "Parent Relationship": "Inner", "Startup Cost": 1000000533454.38, "Total Cost": 1000000533454.38, "Plan Rows": 100000, "Plan Width": 12, "Plans": [{"Node Type": "Index Scan", "Parent Relationship": "Outer", "Scan Direction": "Forward", "Index Name": "supplier_pkey", "Relation Name": "supplier", "Alias": "supplier", "Startup Cost": 10000000000.0, "Total Cost": 1000000533454.38, "Plan Rows": 100000, "Plan Width": 12}]}]}, {"Node Type": "Hash", "Parent Relationship": "Inner", "Startup Cost": 1000073097843.5, "Total Cost": 1000073097843.5, "Plan Rows": 14999479, "Plan Width": 16, "Plans": [{"Node Type": "Index Scan", "Parent Relationship": "Outer", "Scan Direction": "Forward", "Index Name": "orders_pkey", "Relation Name": "orders", "Alias": "orders", "Startup Cost": 10000000000.0, "Total Cost": 1000073097843.5, "Plan Rows": 14999479, "Plan Width": 16}]}]}, {"Node Type": "Hash", "Parent Relationship": "Inner", "Startup Cost": 1000000001275.0, "Total Cost": 1000000001275.0, "Plan Rows": 25, "Plan Width": 30, "Plans": [{"Node Type": "Index Scan", "Parent Relationship": "Outer", "Scan Direction": "Forward", "Index Name": "nation_pkey", "Relation Name": "nation", "Alias": "n1", "Startup Cost": 10000000000.0, "Total Cost": 1000000001275.0, "Plan Rows": 25, "Plan Width": 30, "Filter": "((n_name = 'JAPAN'::bpchar) OR (n_name = 'INDIA'::bpchar))"}]}]}]}]}, {"Node Type": "Hash", "Parent Relationship": "Inner", "Startup Cost": 1000008076535.62, "Total Cost": 1000008076535.62, "Plan Rows": 1500000, "Plan Width": 12, "Plans": [{"Node Type": "Index Scan", "Parent Relationship": "Outer", "Scan Direction": "Forward", "Index Name": "customer_pkey", "Relation Name": "customer", "Alias": "customer", "Startup Cost": 10000000000.0, "Total Cost": 1000008076535.62, "Plan Rows": 1500000, "Plan Width": 12}]}]}]}]}, "Unique SQL Id": 2208782157, "Planner Runtime": 2}, "explain_analyze_plan": null}, "(1, 112)": {"explain_plan": {"Plan": {"Node Type": "Aggregate", "Strategy": "Sorted", "Startup Cost": 852689.5, "Total Cost": 852800.14, "Plan Rows": 3688, "Plan Width": 84, "Group By Key": ["n1.n_name", "n2.n_name", "(date_part('year'::text, lineitem.l_shipdate))"], "Plans": [{"Node Type": "Sort", "Parent Relationship": "Outer", "Startup Cost": 852689.5, "Total Cost": 852698.72, "Plan Rows": 3688, "Plan Width": 76, "Sort Key": ["n1.n_name", "n2.n_name", "(date_part('year'::text, lineitem.l_shipdate))"], "Plans": [{"Node Type": "Nested Loop", "Parent Relationship": "Outer", "Join Type": "Inner", "Startup Cost": 1030.37, "Total Cost": 852471.01, "Plan Rows": 3688, "Plan Width": 76, "Inner Unique": true, "Join Filter": "(n1.n_nationkey = supplier.s_nationkey)", "Plans": [{"Node Type": "Nested Loop", "Parent Relationship": "Outer", "Join Type": "Inner", "Startup Cost": 1030.37, "Total Cost": 642753.24, "Plan Rows": 740786, "Plan Width": 88, "Inner Unique": false, "Plans": [{"Node Type": "Nested Loop", "Parent Relationship": "Outer", "Join Type": "Inner", "Startup Cost": 1030.37, "Total Cost": 166015.61, "Plan Rows": 504972, "Plan Width": 64, "Inner Unique": false, "Plans": [{"Node Type": "Nested Loop", "Parent Relationship": "Outer", "Join Type": "Inner", "Startup Cost": 1030.37, "Total Cost": 14893.09, "Plan Rows": 119904, "Plan Width": 64, "Inner Unique": false, "Plans": [{"Node Type": "Nested Loop", "Parent Relationship": "Outer", "Join Type": "Inner", "Startup Cost": 0.0, "Total Cost": 28.12, "Plan Rows": 2, "Plan Width": 60, "Inner Unique": false, "Join Filter": "(((n1.n_name = 'JAPAN'::bpchar) AND (n2.n_name = 'INDIA'::bpchar)) OR ((n1.n_name = 'INDIA'::bpchar) AND (n2.n_name = 'JAPAN'::bpchar)))", "Plans": [{"Node Type": "Index Scan", "Parent Relationship": "Outer", "Scan Direction": "Forward", "Index Name": "nation_pkey", "Relation Name": "nation", "Alias": "n1", "Startup Cost": 0.0, "Total Cost": 12.75, "Plan Rows": 25, "Plan Width": 30, "Filter": "((n_name = 'JAPAN'::bpchar) OR (n_name = 'INDIA'::bpchar))"}, {"Node Type": "Materialize", "Parent Relationship": "Inner", "Startup Cost": 0.0, "Total Cost": 1.38, "Plan Rows": 25, "Plan Width": 30, "Plans": [{"Node Type": "Seq Scan", "Parent Relationship": "Outer", "Relation Name": "nation", "Alias": "n2", "Startup Cost": 0.0, "Total Cost": 1.25, "Plan Rows": 25, "Plan Width": 30, "Filter": "((n_name = 'INDIA'::bpchar) OR (n_name = 'JAPAN'::bpchar))"}]}]}, {"Node Type": "Bitmap Heap Scan", "Parent Relationship": "Inner", "Relation Name": "customer", "Alias": "customer", "Startup Cost": 1030.37, "Total Cost": 6832.48, "Plan Rows": 60000, "Plan Width": 12, "Recheck Cond": "(c_nationkey = n2.n_nationkey)", "Plans": [{"Node Type": "Bitmap Index Scan", "Parent Relationship": "Outer", "Index Name": "idx_customer_nationkey", "Startup Cost": 0.0, "Total Cost": 1015.37, "Plan Rows": 60000, "Plan Width": 0, "Index Cond": "(c_nationkey = n2.n_nationkey)"}]}]}, {"Node Type": "Index Scan", "Parent Relationship": "Inner", "Scan Direction": "Forward", "Index Name": "idx_orders_custkey", "Relation Name": "orders", "Alias": "orders", "Startup Cost": 0.0, "Total Cost": 1.22, "Plan Rows": 4, "Plan Width": 16, "Index Cond": "(o_custkey = customer.c_custkey)"}]}, {"Node Type": "Index Scan", "Parent Relationship": "Inner", "Scan Direction": "Forward", "Index Name": "idx_lineitem_orderkey", "Relation Name": "lineitem", "Alias": "lineitem", "Startup Cost": 0.0, "Total Cost": 0.91, "Plan Rows": 3, "Plan Width": 40, "Index Cond": "(l_orderkey = orders.o_orderkey)", "Filter": "((l_shipdate >= '1995-01-01 00:00:00'::timestamp(0) without time zone) AND (l_shipdate <= '1996-12-31 00:00:00'::timestamp(0) without time zone))"}]}, {"Node Type": "Index Scan", "Parent Relationship": "Inner", "Scan Direction": "Forward", "Index Name": "supplier_pkey", "Relation Name": "supplier", "Alias": "supplier", "Startup Cost": 0.0, "Total Cost": 0.27, "Plan Rows": 1, "Plan Width": 12, "Index Cond": "(s_suppkey = lineitem.l_suppkey)"}]}]}]}, "Unique SQL Id": 2208782157, "Planner Runtime": 1}, "explain_analyze_plan": {"Plan": {"Node Type": "Aggregate", "Strategy": "Sorted", "Startup Cost": 852689.5, "Total Cost": 852800.14, "Plan Rows": 3688, "Plan Width": 84, "Actual Startup Time": 27820.624, "Actual Total Time": 27854.874, "Actual Rows": 4, "Actual Loops": 1, "Group By Key": ["n1.n_name", "n2.n_name", "(date_part('year'::text, lineitem.l_shipdate))"], "Plans": [{"Node Type": "Sort", "Parent Relationship": "Outer", "Startup Cost": 852689.5, "Total Cost": 852698.72, "Plan Rows": 3688, "Plan Width": 76, "Actual Startup Time": 27809.336, "Actual Total Time": 27815.254, "Actual Rows": 58554, "Actual Loops": 1, "Sort Key": ["n1.n_name", "n2.n_name", "(date_part('year'::text, lineitem.l_shipdate))"], "Sort Method": "quicksort", "Sort Space Used": 10686, "Sort Space Type": "Memory", "Plans": [{"Node Type": "Nested Loop", "Parent Relationship": "Outer", "Join Type": "Inner", "Startup Cost": 1030.37, "Total Cost": 852471.01, "Plan Rows": 3688, "Plan Width": 76, "Actual Startup Time": 18.058, "Actual Total Time": 27750.717, "Actual Rows": 58554, "Actual Loops": 1, "Inner Unique": true, "Join Filter": "(n1.n_nationkey = supplier.s_nationkey)", "Rows Removed by Join Filter": 1400596, "Plans": [{"Node Type": "Nested Loop", "Parent Relationship": "Outer", "Join Type": "Inner", "Startup Cost": 1030.37, "Total Cost": 642753.24, "Plan Rows": 740786, "Plan Width": 88, "Actual Startup Time": 17.918, "Actual Total Time": 19750.354, "Actual Rows": 1459150, "Actual Loops": 1, "Inner Unique": false, "Plans": [{"Node Type": "Nested Loop", "Parent Relationship": "Outer", "Join Type": "Inner", "Startup Cost": 1030.37, "Total Cost": 166015.61, "Plan Rows": 504972, "Plan Width": 64, "Actual Startup Time": 17.849, "Actual Total Time": 4151.06, "Actual Rows": 1200363, "Actual Loops": 1, "Inner Unique": false, "Plans": [{"Node Type": "Nested Loop", "Parent Relationship": "Outer", "Join Type": "Inner", "Startup Cost": 1030.37, "Total Cost": 14893.09, "Plan Rows": 119904, "Plan Width": 64, "Actual Startup Time": 17.824, "Actual Total Time": 297.719, "Actual Rows": 119972, "Actual Loops": 1, "Inner Unique": false, "Plans": [{"Node Type": "Nested Loop", "Parent Relationship": "Outer", "Join Type": "Inner", "Startup Cost": 0.0, "Total Cost": 28.12, "Plan Rows": 2, "Plan Width": 60, "Actual Startup Time": 0.072, "Actual Total Time": 0.323, "Actual Rows": 2, "Actual Loops": 1, "Inner Unique": false, "Join Filter": "(((n1.n_name = 'JAPAN'::bpchar) AND (n2.n_name = 'INDIA'::bpchar)) OR ((n1.n_name = 'INDIA'::bpchar) AND (n2.n_name = 'JAPAN'::bpchar)))", "Rows Removed by Join Filter": 2, "Plans": [{"Node Type": "Index Scan", "Parent Relationship": "Outer", "Scan Direction": "Forward", "Index Name": "nation_pkey", "Relation Name": "nation", "Alias": "n1", "Startup Cost": 0.0, "Total Cost": 12.75, "Plan Rows": 25, "Plan Width": 30, "Actual Startup Time": 0.039, "Actual Total Time": 0.076, "Actual Rows": 2, "Actual Loops": 1, "Filter": "((n_name = 'JAPAN'::bpchar) OR (n_name = 'INDIA'::bpchar))", "Rows Removed by Filter": 23}, {"Node Type": "Materialize", "Parent Relationship": "Inner", "Startup Cost": 0.0, "Total Cost": 1.38, "Plan Rows": 25, "Plan Width": 30, "Actual Startup Time": 0.024, "Actual Total Time": 0.188, "Actual Rows": 4, "Actual Loops": 2, "Plans": [{"Node Type": "Seq Scan", "Parent Relationship": "Outer", "Relation Name": "nation", "Alias": "n2", "Startup Cost": 0.0, "Total Cost": 1.25, "Plan Rows": 25, "Plan Width": 30, "Actual Startup Time": 0.02, "Actual Total Time": 0.076, "Actual Rows": 2, "Actual Loops": 1, "Filter": "((n_name = 'INDIA'::bpchar) OR (n_name = 'JAPAN'::bpchar))", "Rows Removed by Filter": 23}]}]}, {"Node Type": "Bitmap Heap Scan", "Parent Relationship": "Inner", "Relation Name": "customer", "Alias": "customer", "Startup Cost": 1030.37, "Total Cost": 6832.48, "Plan Rows": 60000, "Plan Width": 12, "Actual Startup Time": 36.831, "Actual Total Time": 264.805, "Actual Rows": 119972, "Actual Loops": 2, "Recheck Cond": "(c_nationkey = n2.n_nationkey)", "Rows Removed by Index Recheck": 0, "Exact Heap Blocks": 59938, "Lossy Heap Blocks": 59938, "Plans": [{"Node Type": "Bitmap Index Scan", "Parent Relationship": "Outer", "Index Name": "idx_customer_nationkey", "Startup Cost": 0.0, "Total Cost": 1015.37, "Plan Rows": 60000, "Plan Width": 0, "Actual Startup Time": 23.66, "Actual Total Time": 23.66, "Actual Rows": 119972, "Actual Loops": 2, "Index Cond": "(c_nationkey = n2.n_nationkey)"}]}]}, {"Node Type": "Index Scan", "Parent Relationship": "Inner", "Scan Direction": "Forward", "Index Name": "idx_orders_custkey", "Relation Name": "orders", "Alias": "orders", "Startup Cost": 0.0, "Total Cost": 1.22, "Plan Rows": 4, "Plan Width": 16, "Actual Startup Time": 756.925, "Actual Total Time": 3487.183, "Actual Rows": 1200363, "Actual Loops": 119972, "Index Cond": "(o_custkey = customer.c_custkey)", "Rows Removed by Index Recheck": 0}]}, {"Node Type": "Index Scan", "Parent Relationship": "Inner", "Scan Direction": "Forward", "Index Name": "idx_lineitem_orderkey", "Relation Name": "lineitem", "Alias": "lineitem", "Startup Cost": 0.0, "Total Cost": 0.91, "Plan Rows": 3, "Plan Width": 40, "Actual Startup Time": 13395.087, "Actual Total Time": 14614.849, "Actual Rows": 1459150, "Actual Loops": 1200363, "Index Cond": "(l_orderkey = orders.o_orderkey)", "Rows Removed by Index Recheck": 0, "Filter": "((l_shipdate >= '1995-01-01 00:00:00'::timestamp(0) without time zone) AND (l_shipdate <= '1996-12-31 00:00:00'::timestamp(0) without time zone))", "Rows Removed by Filter": 3342563}]}, {"Node Type": "Index Scan", "Parent Relationship": "Inner", "Scan Direction": "Forward", "Index Name": "supplier_pkey", "Relation Name": "supplier", "Alias": "supplier", "Startup Cost": 0.0, "Total Cost": 0.27, "Plan Rows": 1, "Plan Width": 12, "Actual Startup Time": 6328.106, "Actual Total Time": 6818.435, "Actual Rows": 1459150, "Actual Loops": 1459150, "Index Cond": "(s_suppkey = lineitem.l_suppkey)", "Rows Removed by Index Recheck": 0}]}]}]}, "Triggers": [], "Planner Runtime": 1, "Total Runtime": 27855.427, "Unique SQL Id": 2208782157}}, "(1, 113)": {"explain_plan": {"Plan": {"Node Type": "Aggregate", "Strategy": "Sorted", "Startup Cost": 852701.0, "Total Cost": 852811.64, "Plan Rows": 3688, "Plan Width": 84, "Group By Key": ["n1.n_name", "n2.n_name", "(date_part('year'::text, lineitem.l_shipdate))"], "Plans": [{"Node Type": "Sort", "Parent Relationship": "Outer", "Startup Cost": 852701.0, "Total Cost": 852710.22, "Plan Rows": 3688, "Plan Width": 76, "Sort Key": ["n1.n_name", "n2.n_name", "(date_part('year'::text, lineitem.l_shipdate))"], "Plans": [{"Node Type": "Nested Loop", "Parent Relationship": "Outer", "Join Type": "Inner", "Startup Cost": 1030.37, "Total Cost": 852482.51, "Plan Rows": 3688, "Plan Width": 76, "Inner Unique": true, "Join Filter": "(n1.n_nationkey = supplier.s_nationkey)", "Plans": [{"Node Type": "Nested Loop", "Parent Relationship": "Outer", "Join Type": "Inner", "Startup Cost": 1030.37, "Total Cost": 642764.74, "Plan Rows": 740786, "Plan Width": 88, "Inner Unique": false, "Plans": [{"Node Type": "Nested Loop", "Parent Relationship": "Outer", "Join Type": "Inner", "Startup Cost": 1030.37, "Total Cost": 166027.11, "Plan Rows": 504972, "Plan Width": 64, "Inner Unique": false, "Plans": [{"Node Type": "Nested Loop", "Parent Relationship": "Outer", "Join Type": "Inner", "Startup Cost": 1030.37, "Total Cost": 14904.59, "Plan Rows": 119904, "Plan Width": 64, "Inner Unique": false, "Plans": [{"Node Type": "Nested Loop", "Parent Relationship": "Outer", "Join Type": "Inner", "Startup Cost": 0.0, "Total Cost": 39.62, "Plan Rows": 2, "Plan Width": 60, "Inner Unique": false, "Join Filter": "(((n1.n_name = 'JAPAN'::bpchar) AND (n2.n_name = 'INDIA'::bpchar)) OR ((n1.n_name = 'INDIA'::bpchar) AND (n2.n_name = 'JAPAN'::bpchar)))", "Plans": [{"Node Type": "Index Scan", "Parent Relationship": "Outer", "Scan Direction": "Forward", "Index Name": "nation_pkey", "Relation Name": "nation", "Alias": "n1", "Startup Cost": 0.0, "Total Cost": 12.75, "Plan Rows": 25, "Plan Width": 30, "Filter": "((n_name = 'JAPAN'::bpchar) OR (n_name = 'INDIA'::bpchar))"}, {"Node Type": "Materialize", "Parent Relationship": "Inner", "Startup Cost": 0.0, "Total Cost": 12.88, "Plan Rows": 25, "Plan Width": 30, "Plans": [{"Node Type": "Index Scan", "Parent Relationship": "Outer", "Scan Direction": "Forward", "Index Name": "nation_pkey", "Relation Name": "nation", "Alias": "n2", "Startup Cost": 0.0, "Total Cost": 12.75, "Plan Rows": 25, "Plan Width": 30, "Filter": "((n_name = 'INDIA'::bpchar) OR (n_name = 'JAPAN'::bpchar))"}]}]}, {"Node Type": "Bitmap Heap Scan", "Parent Relationship": "Inner", "Relation Name": "customer", "Alias": "customer", "Startup Cost": 1030.37, "Total Cost": 6832.48, "Plan Rows": 60000, "Plan Width": 12, "Recheck Cond": "(c_nationkey = n2.n_nationkey)", "Plans": [{"Node Type": "Bitmap Index Scan", "Parent Relationship": "Outer", "Index Name": "idx_customer_nationkey", "Startup Cost": 0.0, "Total Cost": 1015.37, "Plan Rows": 60000, "Plan Width": 0, "Index Cond": "(c_nationkey = n2.n_nationkey)"}]}]}, {"Node Type": "Index Scan", "Parent Relationship": "Inner", "Scan Direction": "Forward", "Index Name": "idx_orders_custkey", "Relation Name": "orders", "Alias": "orders", "Startup Cost": 0.0, "Total Cost": 1.22, "Plan Rows": 4, "Plan Width": 16, "Index Cond": "(o_custkey = customer.c_custkey)"}]}, {"Node Type": "Index Scan", "Parent Relationship": "Inner", "Scan Direction": "Forward", "Index Name": "idx_lineitem_orderkey", "Relation Name": "lineitem", "Alias": "lineitem", "Startup Cost": 0.0, "Total Cost": 0.91, "Plan Rows": 3, "Plan Width": 40, "Index Cond": "(l_orderkey = orders.o_orderkey)", "Filter": "((l_shipdate >= '1995-01-01 00:00:00'::timestamp(0) without time zone) AND (l_shipdate <= '1996-12-31 00:00:00'::timestamp(0) without time zone))"}]}, {"Node Type": "Index Scan", "Parent Relationship": "Inner", "Scan Direction": "Forward", "Index Name": "supplier_pkey", "Relation Name": "supplier", "Alias": "supplier", "Startup Cost": 0.0, "Total Cost": 0.27, "Plan Rows": 1, "Plan Width": 12, "Index Cond": "(s_suppkey = lineitem.l_suppkey)"}]}]}]}, "Unique SQL Id": 2208782157, "Planner Runtime": 1}, "explain_analyze_plan": {"Plan": {"Node Type": "Aggregate", "Strategy": "Sorted", "Startup Cost": 852701.0, "Total Cost": 852811.64, "Plan Rows": 3688, "Plan Width": 84, "Actual Startup Time": 28200.684, "Actual Total Time": 28234.494, "Actual Rows": 4, "Actual Loops": 1, "Group By Key": ["n1.n_name", "n2.n_name", "(date_part('year'::text, lineitem.l_shipdate))"], "Plans": [{"Node Type": "Sort", "Parent Relationship": "Outer", "Startup Cost": 852701.0, "Total Cost": 852710.22, "Plan Rows": 3688, "Plan Width": 76, "Actual Startup Time": 28189.512, "Actual Total Time": 28195.355, "Actual Rows": 58554, "Actual Loops": 1, "Sort Key": ["n1.n_name", "n2.n_name", "(date_part('year'::text, lineitem.l_shipdate))"], "Sort Method": "quicksort", "Sort Space Used": 10686, "Sort Space Type": "Memory", "Plans": [{"Node Type": "Nested Loop", "Parent Relationship": "Outer", "Join Type": "Inner", "Startup Cost": 1030.37, "Total Cost": 852482.51, "Plan Rows": 3688, "Plan Width": 76, "Actual Startup Time": 18.104, "Actual Total Time": 28131.393, "Actual Rows": 58554, "Actual Loops": 1, "Inner Unique": true, "Join Filter": "(n1.n_nationkey = supplier.s_nationkey)", "Rows Removed by Join Filter": 1400596, "Plans": [{"Node Type": "Nested Loop", "Parent Relationship": "Outer", "Join Type": "Inner", "Startup Cost": 1030.37, "Total Cost": 642764.74, "Plan Rows": 740786, "Plan Width": 88, "Actual Startup Time": 17.95, "Actual Total Time": 20102.394, "Actual Rows": 1459150, "Actual Loops": 1, "Inner Unique": false, "Plans": [{"Node Type": "Nested Loop", "Parent Relationship": "Outer", "Join Type": "Inner", "Startup Cost": 1030.37, "Total Cost": 166027.11, "Plan Rows": 504972, "Plan Width": 64, "Actual Startup Time": 17.875, "Actual Total Time": 4237.757, "Actual Rows": 1200363, "Actual Loops": 1, "Inner Unique": false, "Plans": [{"Node Type": "Nested Loop", "Parent Relationship": "Outer", "Join Type": "Inner", "Startup Cost": 1030.37, "Total Cost": 14904.59, "Plan Rows": 119904, "Plan Width": 64, "Actual Startup Time": 17.847, "Actual Total Time": 302.534, "Actual Rows": 119972, "Actual Loops": 1, "Inner Unique": false, "Plans": [{"Node Type": "Nested Loop", "Parent Relationship": "Outer", "Join Type": "Inner", "Startup Cost": 0.0, "Total Cost": 39.62, "Plan Rows": 2, "Plan Width": 60, "Actual Startup Time": 0.068, "Actual Total Time": 0.203, "Actual Rows": 2, "Actual Loops": 1, "Inner Unique": false, "Join Filter": "(((n1.n_name = 'JAPAN'::bpchar) AND (n2.n_name = 'INDIA'::bpchar)) OR ((n1.n_name = 'INDIA'::bpchar) AND (n2.n_name = 'JAPAN'::bpchar)))", "Rows Removed by Join Filter": 2, "Plans": [{"Node Type": "Index Scan", "Parent Relationship": "Outer", "Scan Direction": "Forward", "Index Name": "nation_pkey", "Relation Name": "nation", "Alias": "n1", "Startup Cost": 0.0, "Total Cost": 12.75, "Plan Rows": 25, "Plan Width": 30, "Actual Startup Time": 0.043, "Actual Total Time": 0.063, "Actual Rows": 2, "Actual Loops": 1, "Filter": "((n_name = 'JAPAN'::bpchar) OR (n_name = 'INDIA'::bpchar))", "Rows Removed by Filter": 23}, {"Node Type": "Materialize", "Parent Relationship": "Inner", "Startup Cost": 0.0, "Total Cost": 12.88, "Plan Rows": 25, "Plan Width": 30, "Actual Startup Time": 0.016, "Actual Total Time": 0.086, "Actual Rows": 4, "Actual Loops": 2, "Plans": [{"Node Type": "Index Scan", "Parent Relationship": "Outer", "Scan Direction": "Forward", "Index Name": "nation_pkey", "Relation Name": "nation", "Alias": "n2", "Startup Cost": 0.0, "Total Cost": 12.75, "Plan Rows": 25, "Plan Width": 30, "Actual Startup Time": 0.01, "Actual Total Time": 0.032, "Actual Rows": 2, "Actual Loops": 1, "Filter": "((n_name = 'INDIA'::bpchar) OR (n_name = 'JAPAN'::bpchar))", "Rows Removed by Filter": 23}]}]}, {"Node Type": "Bitmap Heap Scan", "Parent Relationship": "Inner", "Relation Name": "customer", "Alias": "customer", "Startup Cost": 1030.37, "Total Cost": 6832.48, "Plan Rows": 60000, "Plan Width": 12, "Actual Startup Time": 35.42, "Actual Total Time": 268.191, "Actual Rows": 119972, "Actual Loops": 2, "Recheck Cond": "(c_nationkey = n2.n_nationkey)", "Rows Removed by Index Recheck": 0, "Exact Heap Blocks": 59938, "Lossy Heap Blocks": 59938, "Plans": [{"Node Type": "Bitmap Index Scan", "Parent Relationship": "Outer", "Index Name": "idx_customer_nationkey", "Startup Cost": 0.0, "Total Cost": 1015.37, "Plan Rows": 60000, "Plan Width": 0, "Actual Startup Time": 22.135, "Actual Total Time": 22.135, "Actual Rows": 119972, "Actual Loops": 2, "Index Cond": "(c_nationkey = n2.n_nationkey)"}]}]}, {"Node Type": "Index Scan", "Parent Relationship": "Inner", "Scan Direction": "Forward", "Index Name": "idx_orders_custkey", "Relation Name": "orders", "Alias": "orders", "Startup Cost": 0.0, "Total Cost": 1.22, "Plan Rows": 4, "Plan Width": 16, "Actual Startup Time": 770.636, "Actual Total Time": 3565.32, "Actual Rows": 1200363, "Actual Loops": 119972, "Index Cond": "(o_custkey = customer.c_custkey)", "Rows Removed by Index Recheck": 0}]}, {"Node Type": "Index Scan", "Parent Relationship": "Inner", "Scan Direction": "Forward", "Index Name": "idx_lineitem_orderkey", "Relation Name": "lineitem", "Alias": "lineitem", "Startup Cost": 0.0, "Total Cost": 0.91, "Plan Rows": 3, "Plan Width": 40, "Actual Startup Time": 13649.938, "Actual Total Time": 14879.226, "Actual Rows": 1459150, "Actual Loops": 1200363, "Index Cond": "(l_orderkey = orders.o_orderkey)", "Rows Removed by Index Recheck": 0, "Filter": "((l_shipdate >= '1995-01-01 00:00:00'::timestamp(0) without time zone) AND (l_shipdate <= '1996-12-31 00:00:00'::timestamp(0) without time zone))", "Rows Removed by Filter": 3342563}]}, {"Node Type": "Index Scan", "Parent Relationship": "Inner", "Scan Direction": "Forward", "Index Name": "supplier_pkey", "Relation Name": "supplier", "Alias": "supplier", "Startup Cost": 0.0, "Total Cost": 0.27, "Plan Rows": 1, "Plan Width": 12, "Actual Startup Time": 6358.636, "Actual Total Time": 6844.867, "Actual Rows": 1459150, "Actual Loops": 1459150, "Index Cond": "(s_suppkey = lineitem.l_suppkey)", "Rows Removed by Index Recheck": 0}]}]}]}, "Triggers": [], "Planner Runtime": 1, "Total Runtime": 28235.052, "Unique SQL Id": 2208782157}}, "(1, 114)": {"explain_plan": {"Plan": {"Node Type": "Aggregate", "Strategy": "Sorted", "Startup Cost": 6036670.9, "Total Cost": 6036781.54, "Plan Rows": 3688, "Plan Width": 84, "Group By Key": ["n1.n_name", "n2.n_name", "(date_part('year'::text, lineitem.l_shipdate))"], "Plans": [{"Node Type": "Sort", "Parent Relationship": "Outer", "Startup Cost": 6036670.9, "Total Cost": 6036680.12, "Plan Rows": 3688, "Plan Width": 76, "Sort Key": ["n1.n_name", "n2.n_name", "(date_part('year'::text, lineitem.l_shipdate))"], "Plans": [{"Node Type": "Nested Loop", "Parent Relationship": "Outer", "Join Type": "Inner", "Startup Cost": 1031.44, "Total Cost": 6036452.41, "Plan Rows": 3688, "Plan Width": 76, "Inner Unique": true, "Join Filter": "(n1.n_nationkey = supplier.s_nationkey)", "Plans": [{"Node Type": "Nested Loop", "Parent Relationship": "Outer", "Join Type": "Inner", "Startup Cost": 1031.18, "Total Cost": 2863778.68, "Plan Rows": 740786, "Plan Width": 88, "Inner Unique": false, "Plans": [{"Node Type": "Nested Loop", "Parent Relationship": "Outer", "Join Type": "Inner", "Startup Cost": 1030.8, "Total Cost": 557356.7, "Plan Rows": 504972, "Plan Width": 64, "Inner Unique": false, "Plans": [{"Node Type": "Nested Loop", "Parent Relationship": "Outer", "Join Type": "Inner", "Startup Cost": 1030.37, "Total Cost": 14881.59, "Plan Rows": 119904, "Plan Width": 64, "Inner Unique": false, "Plans": [{"Node Type": "Nested Loop", "Parent Relationship": "Outer", "Join Type": "Inner", "Startup Cost": 0.0, "Total Cost": 16.62, "Plan Rows": 2, "Plan Width": 60, "Inner Unique": false, "Join Filter": "(((n1.n_name = 'JAPAN'::bpchar) AND (n2.n_name = 'INDIA'::bpchar)) OR ((n1.n_name = 'INDIA'::bpchar) AND (n2.n_name = 'JAPAN'::bpchar)))", "Plans": [{"Node Type": "Seq Scan", "Parent Relationship": "Outer", "Relation Name": "nation", "Alias": "n1", "Startup Cost": 0.0, "Total Cost": 1.25, "Plan Rows": 25, "Plan Width": 30, "Filter": "((n_name = 'JAPAN'::bpchar) OR (n_name = 'INDIA'::bpchar))"}, {"Node Type": "Materialize", "Parent Relationship": "Inner", "Startup Cost": 0.0, "Total Cost": 1.38, "Plan Rows": 25, "Plan Width": 30, "Plans": [{"Node Type": "Seq Scan", "Parent Relationship": "Outer", "Relation Name": "nation", "Alias": "n2", "Startup Cost": 0.0, "Total Cost": 1.25, "Plan Rows": 25, "Plan Width": 30, "Filter": "((n_name = 'INDIA'::bpchar) OR (n_name = 'JAPAN'::bpchar))"}]}]}, {"Node Type": "Bitmap Heap Scan", "Parent Relationship": "Inner", "Relation Name": "customer", "Alias": "customer", "Startup Cost": 1030.37, "Total Cost": 6832.48, "Plan Rows": 60000, "Plan Width": 12, "Recheck Cond": "(c_nationkey = n2.n_nationkey)", "Plans": [{"Node Type": "Bitmap Index Scan", "Parent Relationship": "Outer", "Index Name": "idx_customer_nationkey", "Startup Cost": 0.0, "Total Cost": 1015.37, "Plan Rows": 60000, "Plan Width": 0, "Index Cond": "(c_nationkey = n2.n_nationkey)"}]}]}, {"Node Type": "Bitmap Heap Scan", "Parent Relationship": "Inner", "Relation Name": "orders", "Alias": "orders", "Startup Cost": 0.43, "Total Cost": 4.48, "Plan Rows": 4, "Plan Width": 16, "Recheck Cond": "(o_custkey = customer.c_custkey)", "Plans": [{"Node Type": "Bitmap Index Scan", "Parent Relationship": "Outer", "Index Name": "idx_orders_custkey", "Startup Cost": 0.0, "Total Cost": 0.43, "Plan Rows": 4, "Plan Width": 0, "Index Cond": "(o_custkey = customer.c_custkey)"}]}]}, {"Node Type": "Bitmap Heap Scan", "Parent Relationship": "Inner", "Relation Name": "lineitem", "Alias": "lineitem", "Startup Cost": 0.38, "Total Cost": 4.54, "Plan Rows": 3, "Plan Width": 40, "Recheck Cond": "(l_orderkey = orders.o_orderkey)", "Filter": "((l_shipdate >= '1995-01-01 00:00:00'::timestamp(0) without time zone) AND (l_shipdate <= '1996-12-31 00:00:00'::timestamp(0) without time zone))", "Plans": [{"Node Type": "Bitmap Index Scan", "Parent Relationship": "Outer", "Index Name": "idx_lineitem_orderkey", "Startup Cost": 0.0, "Total Cost": 0.38, "Plan Rows": 9, "Plan Width": 0, "Index Cond": "(l_orderkey = orders.o_orderkey)"}]}]}, {"Node Type": "Bitmap Heap Scan", "Parent Relationship": "Inner", "Relation Name": "supplier", "Alias": "supplier", "Startup Cost": 0.26, "Total Cost": 4.27, "Plan Rows": 1, "Plan Width": 12, "Recheck Cond": "(s_suppkey = lineitem.l_suppkey)", "Plans": [{"Node Type": "Bitmap Index Scan", "Parent Relationship": "Outer", "Index Name": "supplier_pkey", "Startup Cost": 0.0, "Total Cost": 0.26, "Plan Rows": 1, "Plan Width": 0, "Index Cond": "(s_suppkey = lineitem.l_suppkey)"}]}]}]}]}, "Unique SQL Id": 2208782157, "Planner Runtime": 1}, "explain_analyze_plan": {"Plan": {"Node Type": "Aggregate", "Strategy": "Sorted", "Startup Cost": 6036670.9, "Total Cost": 6036781.54, "Plan Rows": 3688, "Plan Width": 84, "Actual Startup Time": 32774.992, "Actual Total Time": 32809.031, "Actual Rows": 4, "Actual Loops": 1, "Group By Key": ["n1.n_name", "n2.n_name", "(date_part('year'::text, lineitem.l_shipdate))"], "Plans": [{"Node Type": "Sort", "Parent Relationship": "Outer", "Startup Cost": 6036670.9, "Total Cost": 6036680.12, "Plan Rows": 3688, "Plan Width": 76, "Actual Startup Time": 32763.447, "Actual Total Time": 32769.703, "Actual Rows": 58554, "Actual Loops": 1, "Sort Key": ["n1.n_name", "n2.n_name", "(date_part('year'::text, lineitem.l_shipdate))"], "Sort Method": "quicksort", "Sort Space Used": 10686, "Sort Space Type": "Memory", "Plans": [{"Node Type": "Nested Loop", "Parent Relationship": "Outer", "Join Type": "Inner", "Startup Cost": 1031.44, "Total Cost": 6036452.41, "Plan Rows": 3688, "Plan Width": 76, "Actual Startup Time": 18.098, "Actual Total Time": 32693.284, "Actual Rows": 58554, "Actual Loops": 1, "Inner Unique": true, "Join Filter": "(n1.n_nationkey = supplier.s_nationkey)", "Rows Removed by Join Filter": 1400596, "Plans": [{"Node Type": "Nested Loop", "Parent Relationship": "Outer", "Join Type": "Inner", "Startup Cost": 1031.18, "Total Cost": 2863778.68, "Plan Rows": 740786, "Plan Width": 88, "Actual Startup Time": 17.929, "Actual Total Time": 22458.966, "Actual Rows": 1459150, "Actual Loops": 1, "Inner Unique": false, "Plans": [{"Node Type": "Nested Loop", "Parent Relationship": "Outer", "Join Type": "Inner", "Startup Cost": 1030.8, "Total Cost": 557356.7, "Plan Rows": 504972, "Plan Width": 64, "Actual Startup Time": 17.847, "Actual Total Time": 4993.984, "Actual Rows": 1200363, "Actual Loops": 1, "Inner Unique": false, "Plans": [{"Node Type": "Nested Loop", "Parent Relationship": "Outer", "Join Type": "Inner", "Startup Cost": 1030.37, "Total Cost": 14881.59, "Plan Rows": 119904, "Plan Width": 64, "Actual Startup Time": 17.798, "Actual Total Time": 291.21, "Actual Rows": 119972, "Actual Loops": 1, "Inner Unique": false, "Plans": [{"Node Type": "Nested Loop", "Parent Relationship": "Outer", "Join Type": "Inner", "Startup Cost": 0.0, "Total Cost": 16.62, "Plan Rows": 2, "Plan Width": 60, "Actual Startup Time": 0.073, "Actual Total Time": 0.258, "Actual Rows": 2, "Actual Loops": 1, "Inner Unique": false, "Join Filter": "(((n1.n_name = 'JAPAN'::bpchar) AND (n2.n_name = 'INDIA'::bpchar)) OR ((n1.n_name = 'INDIA'::bpchar) AND (n2.n_name = 'JAPAN'::bpchar)))", "Rows Removed by Join Filter": 2, "Plans": [{"Node Type": "Seq Scan", "Parent Relationship": "Outer", "Relation Name": "nation", "Alias": "n1", "Startup Cost": 0.0, "Total Cost": 1.25, "Plan Rows": 25, "Plan Width": 30, "Actual Startup Time": 0.036, "Actual Total Time": 0.06, "Actual Rows": 2, "Actual Loops": 1, "Filter": "((n_name = 'JAPAN'::bpchar) OR (n_name = 'INDIA'::bpchar))", "Rows Removed by Filter": 23}, {"Node Type": "Materialize", "Parent Relationship": "Inner", "Startup Cost": 0.0, "Total Cost": 1.38, "Plan Rows": 25, "Plan Width": 30, "Actual Startup Time": 0.029, "Actual Total Time": 0.057, "Actual Rows": 4, "Actual Loops": 2, "Plans": [{"Node Type": "Seq Scan", "Parent Relationship": "Outer", "Relation Name": "nation", "Alias": "n2", "Startup Cost": 0.0, "Total Cost": 1.25, "Plan Rows": 25, "Plan Width": 30, "Actual Startup Time": 0.012, "Actual Total Time": 0.035, "Actual Rows": 2, "Actual Loops": 1, "Filter": "((n_name = 'INDIA'::bpchar) OR (n_name = 'JAPAN'::bpchar))", "Rows Removed by Filter": 23}]}]}, {"Node Type": "Bitmap Heap Scan", "Parent Relationship": "Inner", "Relation Name": "customer", "Alias": "customer", "Startup Cost": 1030.37, "Total Cost": 6832.48, "Plan Rows": 60000, "Plan Width": 12, "Actual Startup Time": 35.635, "Actual Total Time": 256.344, "Actual Rows": 119972, "Actual Loops": 2, "Recheck Cond": "(c_nationkey = n2.n_nationkey)", "Rows Removed by Index Recheck": 0, "Exact Heap Blocks": 59938, "Lossy Heap Blocks": 59938, "Plans": [{"Node Type": "Bitmap Index Scan", "Parent Relationship": "Outer", "Index Name": "idx_customer_nationkey", "Startup Cost": 0.0, "Total Cost": 1015.37, "Plan Rows": 60000, "Plan Width": 0, "Actual Startup Time": 22.422, "Actual Total Time": 22.422, "Actual Rows": 119972, "Actual Loops": 2, "Index Cond": "(c_nationkey = n2.n_nationkey)"}]}]}, {"Node Type": "Bitmap Heap Scan", "Parent Relationship": "Inner", "Relation Name": "orders", "Alias": "orders", "Startup Cost": 0.43, "Total Cost": 4.48, "Plan Rows": 4, "Plan Width": 16, "Actual Startup Time": 1200.939, "Actual Total Time": 4252.977, "Actual Rows": 1200363, "Actual Loops": 119972, "Recheck Cond": "(o_custkey = customer.c_custkey)", "Rows Removed by Index Recheck": 0, "Exact Heap Blocks": 1200331, "Lossy Heap Blocks": 1200331, "Plans": [{"Node Type": "Bitmap Index Scan", "Parent Relationship": "Outer", "Index Name": "idx_orders_custkey", "Startup Cost": 0.0, "Total Cost": 0.43, "Plan Rows": 4, "Plan Width": 0, "Actual Startup Time": 733.815, "Actual Total Time": 733.815, "Actual Rows": 1200363, "Actual Loops": 119972, "Index Cond": "(o_custkey = customer.c_custkey)"}]}]}, {"Node Type": "Bitmap Heap Scan", "Parent Relationship": "Inner", "Relation Name": "lineitem", "Alias": "lineitem", "Startup Cost": 0.38, "Total Cost": 4.54, "Plan Rows": 3, "Plan Width": 40, "Actual Startup Time": 15029.332, "Actual Total Time": 15673.719, "Actual Rows": 1459150, "Actual Loops": 1200363, "Recheck Cond": "(l_orderkey = orders.o_orderkey)", "Rows Removed by Index Recheck": 0, "Filter": "((l_shipdate >= '1995-01-01 00:00:00'::timestamp(0) without time zone) AND (l_shipdate <= '1996-12-31 00:00:00'::timestamp(0) without time zone))", "Rows Removed by Filter": 3342563, "Exact Heap Blocks": 1285989, "Lossy Heap Blocks": 1285989, "Plans": [{"Node Type": "Bitmap Index Scan", "Parent Relationship": "Outer", "Index Name": "idx_lineitem_orderkey", "Startup Cost": 0.0, "Total Cost": 0.38, "Plan Rows": 9, "Plan Width": 0, "Actual Startup Time": 8662.575, "Actual Total Time": 8662.575, "Actual Rows": 4801713, "Actual Loops": 1200363, "Index Cond": "(l_orderkey = orders.o_orderkey)"}]}]}, {"Node Type": "Bitmap Heap Scan", "Parent Relationship": "Inner", "Relation Name": "supplier", "Alias": "supplier", "Startup Cost": 0.26, "Total Cost": 4.27, "Plan Rows": 1, "Plan Width": 12, "Actual Startup Time": 7794.803, "Actual Total Time": 8003.709, "Actual Rows": 1459150, "Actual Loops": 1459150, "Recheck Cond": "(s_suppkey = lineitem.l_suppkey)", "Rows Removed by Index Recheck": 0, "Exact Heap Blocks": 1459150, "Lossy Heap Blocks": 1459150, "Plans": [{"Node Type": "Bitmap Index Scan", "Parent Relationship": "Outer", "Index Name": "supplier_pkey", "Startup Cost": 0.0, "Total Cost": 0.26, "Plan Rows": 1, "Plan Width": 0, "Actual Startup Time": 4065.423, "Actual Total Time": 4065.423, "Actual Rows": 1459150, "Actual Loops": 1459150, "Index Cond": "(s_suppkey = lineitem.l_suppkey)"}]}]}]}]}, "Triggers": [], "Planner Runtime": 1, "Total Runtime": 32809.641, "Unique SQL Id": 2208782157}}, "(1, 115)": {"explain_plan": {"Plan": {"Node Type": "Aggregate", "Strategy": "Sorted", "Startup Cost": 99673573.01, "Total Cost": 99673683.65, "Plan Rows": 3688, "Plan Width": 84, "Group By Key": ["n1.n_name", "n2.n_name", "(date_part('year'::text, lineitem.l_shipdate))"], "Plans": [{"Node Type": "Sort", "Parent Relationship": "Outer", "Startup Cost": 99673573.01, "Total Cost": 99673582.23, "Plan Rows": 3688, "Plan Width": 76, "Sort Key": ["n1.n_name", "n2.n_name", "(date_part('year'::text, lineitem.l_shipdate))"], "Plans": [{"Node Type": "Nested Loop", "Parent Relationship": "Outer", "Join Type": "Inner", "Startup Cost": 627986.71, "Total Cost": 99673354.52, "Plan Rows": 3688, "Plan Width": 76, "Inner Unique": true, "Join Filter": "(((n1.n_name = 'JAPAN'::bpchar) AND (n2.n_name = 'INDIA'::bpchar)) OR ((n1.n_name = 'INDIA'::bpchar) AND (n2.n_name = 'JAPAN'::bpchar)))", "Plans": [{"Node Type": "Nested Loop", "Parent Relationship": "Outer", "Join Type": "Inner", "Startup Cost": 627986.45, "Total Cost": 94724471.42, "Plan Rows": 1153515, "Plan Width": 54, "Inner Unique": true, "Plans": [{"Node Type": "Nested Loop", "Parent Relationship": "Outer", "Join Type": "Inner", "Startup Cost": 627986.2, "Total Cost": 89787046.56, "Plan Rows": 1153515, "Plan Width": 32, "Inner Unique": true, "Plans": [{"Node Type": "Nested Loop", "Parent Relationship": "Outer", "Join Type": "Inner", "Startup Cost": 627985.94, "Total Cost": 84848088.55, "Plan Rows": 1153515, "Plan Width": 36, "Inner Unique": true, "Plans": [{"Node Type": "Nested Loop", "Parent Relationship": "Outer", "Join Type": "Inner", "Startup Cost": 627985.67, "Total Cost": 79896146.0, "Plan Rows": 1153515, "Plan Width": 36, "Inner Unique": true, "Plans": [{"Node Type": "Bitmap Heap Scan", "Parent Relationship": "Outer", "Relation Name": "lineitem", "Alias": "lineitem", "Startup Cost": 627985.41, "Total Cost": 2315105.27, "Plan Rows": 18124991, "Plan Width": 40, "Recheck Cond": "((l_shipdate >= '1995-01-01 00:00:00'::timestamp(0) without time zone) AND (l_shipdate <= '1996-12-31 00:00:00'::timestamp(0) without time zone)), (LLVM Optimized)", "Plans": [{"Node Type": "Bitmap Index Scan", "Parent Relationship": "Outer", "Index Name": "idx_lineitem_shipdate", "Startup Cost": 0.0, "Total Cost": 623454.16, "Plan Rows": 18124991, "Plan Width": 0, "Index Cond": "((l_shipdate >= '1995-01-01 00:00:00'::timestamp(0) without time zone) AND (l_shipdate <= '1996-12-31 00:00:00'::timestamp(0) without time zone))"}]}, {"Node Type": "Bitmap Heap Scan", "Parent Relationship": "Inner", "Relation Name": "supplier", "Alias": "supplier", "Startup Cost": 0.26, "Total Cost": 4.27, "Plan Rows": 1, "Plan Width": 12, "Recheck Cond": "(s_suppkey = lineitem.l_suppkey)", "Plans": [{"Node Type": "Bitmap Index Scan", "Parent Relationship": "Outer", "Index Name": "supplier_pkey", "Startup Cost": 0.0, "Total Cost": 0.26, "Plan Rows": 1, "Plan Width": 0, "Index Cond": "(s_suppkey = lineitem.l_suppkey)"}]}]}, {"Node Type": "Bitmap Heap Scan", "Parent Relationship": "Inner", "Relation Name": "orders", "Alias": "orders", "Startup Cost": 0.27, "Total Cost": 4.28, "Plan Rows": 1, "Plan Width": 16, "Recheck Cond": "(o_orderkey = lineitem.l_orderkey)", "Plans": [{"Node Type": "Bitmap Index Scan", "Parent Relationship": "Outer", "Index Name": "orders_pkey", "Startup Cost": 0.0, "Total Cost": 0.27, "Plan Rows": 1, "Plan Width": 0, "Index Cond": "(o_orderkey = lineitem.l_orderkey)"}]}]}, {"Node Type": "Bitmap Heap Scan", "Parent Relationship": "Inner", "Relation Name": "customer", "Alias": "customer", "Startup Cost": 0.26, "Total Cost": 4.27, "Plan Rows": 1, "Plan Width": 12, "Recheck Cond": "(c_custkey = orders.o_custkey)", "Plans": [{"Node Type": "Bitmap Index Scan", "Parent Relationship": "Outer", "Index Name": "customer_pkey", "Startup Cost": 0.0, "Total Cost": 0.26, "Plan Rows": 1, "Plan Width": 0, "Index Cond": "(c_custkey = orders.o_custkey)"}]}]}, {"Node Type": "Bitmap Heap Scan", "Parent Relationship": "Inner", "Relation Name": "nation", "Alias": "n1", "Startup Cost": 0.26, "Total Cost": 4.27, "Plan Rows": 1, "Plan Width": 30, "Recheck Cond": "(n_nationkey = supplier.s_nationkey)", "Filter": "((n_name = 'JAPAN'::bpchar) OR (n_name = 'INDIA'::bpchar))", "Plans": [{"Node Type": "Bitmap Index Scan", "Parent Relationship": "Outer", "Index Name": "nation_pkey", "Startup Cost": 0.0, "Total Cost": 0.26, "Plan Rows": 1, "Plan Width": 0, "Index Cond": "(n_nationkey = supplier.s_nationkey)"}]}]}, {"Node Type": "Bitmap Heap Scan", "Parent Relationship": "Inner", "Relation Name": "nation", "Alias": "n2", "Startup Cost": 0.26, "Total Cost": 4.27, "Plan Rows": 1, "Plan Width": 30, "Recheck Cond": "(n_nationkey = customer.c_nationkey)", "Filter": "((n_name = 'INDIA'::bpchar) OR (n_name = 'JAPAN'::bpchar))", "Plans": [{"Node Type": "Bitmap Index Scan", "Parent Relationship": "Outer", "Index Name": "nation_pkey", "Startup Cost": 0.0, "Total Cost": 0.26, "Plan Rows": 1, "Plan Width": 0, "Index Cond": "(n_nationkey = customer.c_nationkey)"}]}]}]}]}, "Unique SQL Id": 2208782157, "Planner Runtime": 1}, "explain_analyze_plan": null}, "(1, 116)": {"explain_plan": {"Plan": {"Node Type": "Aggregate", "Strategy": "Sorted", "Startup Cost": 852689.5, "Total Cost": 852800.14, "Plan Rows": 3688, "Plan Width": 84, "Group By Key": ["n1.n_name", "n2.n_name", "(date_part('year'::text, lineitem.l_shipdate))"], "Plans": [{"Node Type": "Sort", "Parent Relationship": "Outer", "Startup Cost": 852689.5, "Total Cost": 852698.72, "Plan Rows": 3688, "Plan Width": 76, "Sort Key": ["n1.n_name", "n2.n_name", "(date_part('year'::text, lineitem.l_shipdate))"], "Plans": [{"Node Type": "Nested Loop", "Parent Relationship": "Outer", "Join Type": "Inner", "Startup Cost": 1030.37, "Total Cost": 852471.01, "Plan Rows": 3688, "Plan Width": 76, "Inner Unique": true, "Join Filter": "(n1.n_nationkey = supplier.s_nationkey)", "Plans": [{"Node Type": "Nested Loop", "Parent Relationship": "Outer", "Join Type": "Inner", "Startup Cost": 1030.37, "Total Cost": 642753.24, "Plan Rows": 740786, "Plan Width": 88, "Inner Unique": false, "Plans": [{"Node Type": "Nested Loop", "Parent Relationship": "Outer", "Join Type": "Inner", "Startup Cost": 1030.37, "Total Cost": 166015.61, "Plan Rows": 504972, "Plan Width": 64, "Inner Unique": false, "Plans": [{"Node Type": "Nested Loop", "Parent Relationship": "Outer", "Join Type": "Inner", "Startup Cost": 1030.37, "Total Cost": 14893.09, "Plan Rows": 119904, "Plan Width": 64, "Inner Unique": false, "Plans": [{"Node Type": "Nested Loop", "Parent Relationship": "Outer", "Join Type": "Inner", "Startup Cost": 0.0, "Total Cost": 28.12, "Plan Rows": 2, "Plan Width": 60, "Inner Unique": false, "Join Filter": "(((n1.n_name = 'JAPAN'::bpchar) AND (n2.n_name = 'INDIA'::bpchar)) OR ((n1.n_name = 'INDIA'::bpchar) AND (n2.n_name = 'JAPAN'::bpchar)))", "Plans": [{"Node Type": "Index Scan", "Parent Relationship": "Outer", "Scan Direction": "Forward", "Index Name": "nation_pkey", "Relation Name": "nation", "Alias": "n1", "Startup Cost": 0.0, "Total Cost": 12.75, "Plan Rows": 25, "Plan Width": 30, "Filter": "((n_name = 'JAPAN'::bpchar) OR (n_name = 'INDIA'::bpchar))"}, {"Node Type": "Materialize", "Parent Relationship": "Inner", "Startup Cost": 0.0, "Total Cost": 1.38, "Plan Rows": 25, "Plan Width": 30, "Plans": [{"Node Type": "Seq Scan", "Parent Relationship": "Outer", "Relation Name": "nation", "Alias": "n2", "Startup Cost": 0.0, "Total Cost": 1.25, "Plan Rows": 25, "Plan Width": 30, "Filter": "((n_name = 'INDIA'::bpchar) OR (n_name = 'JAPAN'::bpchar))"}]}]}, {"Node Type": "Bitmap Heap Scan", "Parent Relationship": "Inner", "Relation Name": "customer", "Alias": "customer", "Startup Cost": 1030.37, "Total Cost": 6832.48, "Plan Rows": 60000, "Plan Width": 12, "Recheck Cond": "(c_nationkey = n2.n_nationkey)", "Plans": [{"Node Type": "Bitmap Index Scan", "Parent Relationship": "Outer", "Index Name": "idx_customer_nationkey", "Startup Cost": 0.0, "Total Cost": 1015.37, "Plan Rows": 60000, "Plan Width": 0, "Index Cond": "(c_nationkey = n2.n_nationkey)"}]}]}, {"Node Type": "Index Scan", "Parent Relationship": "Inner", "Scan Direction": "Forward", "Index Name": "idx_orders_custkey", "Relation Name": "orders", "Alias": "orders", "Startup Cost": 0.0, "Total Cost": 1.22, "Plan Rows": 4, "Plan Width": 16, "Index Cond": "(o_custkey = customer.c_custkey)"}]}, {"Node Type": "Index Scan", "Parent Relationship": "Inner", "Scan Direction": "Forward", "Index Name": "idx_lineitem_orderkey", "Relation Name": "lineitem", "Alias": "lineitem", "Startup Cost": 0.0, "Total Cost": 0.91, "Plan Rows": 3, "Plan Width": 40, "Index Cond": "(l_orderkey = orders.o_orderkey)", "Filter": "((l_shipdate >= '1995-01-01 00:00:00'::timestamp(0) without time zone) AND (l_shipdate <= '1996-12-31 00:00:00'::timestamp(0) without time zone))"}]}, {"Node Type": "Index Scan", "Parent Relationship": "Inner", "Scan Direction": "Forward", "Index Name": "supplier_pkey", "Relation Name": "supplier", "Alias": "supplier", "Startup Cost": 0.0, "Total Cost": 0.27, "Plan Rows": 1, "Plan Width": 12, "Index Cond": "(s_suppkey = lineitem.l_suppkey)"}]}]}]}, "Unique SQL Id": 2208782157, "Planner Runtime": 1}, "explain_analyze_plan": {"Plan": {"Node Type": "Aggregate", "Strategy": "Sorted", "Startup Cost": 852689.5, "Total Cost": 852800.14, "Plan Rows": 3688, "Plan Width": 84, "Actual Startup Time": 27820.624, "Actual Total Time": 27854.874, "Actual Rows": 4, "Actual Loops": 1, "Group By Key": ["n1.n_name", "n2.n_name", "(date_part('year'::text, lineitem.l_shipdate))"], "Plans": [{"Node Type": "Sort", "Parent Relationship": "Outer", "Startup Cost": 852689.5, "Total Cost": 852698.72, "Plan Rows": 3688, "Plan Width": 76, "Actual Startup Time": 27809.336, "Actual Total Time": 27815.254, "Actual Rows": 58554, "Actual Loops": 1, "Sort Key": ["n1.n_name", "n2.n_name", "(date_part('year'::text, lineitem.l_shipdate))"], "Sort Method": "quicksort", "Sort Space Used": 10686, "Sort Space Type": "Memory", "Plans": [{"Node Type": "Nested Loop", "Parent Relationship": "Outer", "Join Type": "Inner", "Startup Cost": 1030.37, "Total Cost": 852471.01, "Plan Rows": 3688, "Plan Width": 76, "Actual Startup Time": 18.058, "Actual Total Time": 27750.717, "Actual Rows": 58554, "Actual Loops": 1, "Inner Unique": true, "Join Filter": "(n1.n_nationkey = supplier.s_nationkey)", "Rows Removed by Join Filter": 1400596, "Plans": [{"Node Type": "Nested Loop", "Parent Relationship": "Outer", "Join Type": "Inner", "Startup Cost": 1030.37, "Total Cost": 642753.24, "Plan Rows": 740786, "Plan Width": 88, "Actual Startup Time": 17.918, "Actual Total Time": 19750.354, "Actual Rows": 1459150, "Actual Loops": 1, "Inner Unique": false, "Plans": [{"Node Type": "Nested Loop", "Parent Relationship": "Outer", "Join Type": "Inner", "Startup Cost": 1030.37, "Total Cost": 166015.61, "Plan Rows": 504972, "Plan Width": 64, "Actual Startup Time": 17.849, "Actual Total Time": 4151.06, "Actual Rows": 1200363, "Actual Loops": 1, "Inner Unique": false, "Plans": [{"Node Type": "Nested Loop", "Parent Relationship": "Outer", "Join Type": "Inner", "Startup Cost": 1030.37, "Total Cost": 14893.09, "Plan Rows": 119904, "Plan Width": 64, "Actual Startup Time": 17.824, "Actual Total Time": 297.719, "Actual Rows": 119972, "Actual Loops": 1, "Inner Unique": false, "Plans": [{"Node Type": "Nested Loop", "Parent Relationship": "Outer", "Join Type": "Inner", "Startup Cost": 0.0, "Total Cost": 28.12, "Plan Rows": 2, "Plan Width": 60, "Actual Startup Time": 0.072, "Actual Total Time": 0.323, "Actual Rows": 2, "Actual Loops": 1, "Inner Unique": false, "Join Filter": "(((n1.n_name = 'JAPAN'::bpchar) AND (n2.n_name = 'INDIA'::bpchar)) OR ((n1.n_name = 'INDIA'::bpchar) AND (n2.n_name = 'JAPAN'::bpchar)))", "Rows Removed by Join Filter": 2, "Plans": [{"Node Type": "Index Scan", "Parent Relationship": "Outer", "Scan Direction": "Forward", "Index Name": "nation_pkey", "Relation Name": "nation", "Alias": "n1", "Startup Cost": 0.0, "Total Cost": 12.75, "Plan Rows": 25, "Plan Width": 30, "Actual Startup Time": 0.039, "Actual Total Time": 0.076, "Actual Rows": 2, "Actual Loops": 1, "Filter": "((n_name = 'JAPAN'::bpchar) OR (n_name = 'INDIA'::bpchar))", "Rows Removed by Filter": 23}, {"Node Type": "Materialize", "Parent Relationship": "Inner", "Startup Cost": 0.0, "Total Cost": 1.38, "Plan Rows": 25, "Plan Width": 30, "Actual Startup Time": 0.024, "Actual Total Time": 0.188, "Actual Rows": 4, "Actual Loops": 2, "Plans": [{"Node Type": "Seq Scan", "Parent Relationship": "Outer", "Relation Name": "nation", "Alias": "n2", "Startup Cost": 0.0, "Total Cost": 1.25, "Plan Rows": 25, "Plan Width": 30, "Actual Startup Time": 0.02, "Actual Total Time": 0.076, "Actual Rows": 2, "Actual Loops": 1, "Filter": "((n_name = 'INDIA'::bpchar) OR (n_name = 'JAPAN'::bpchar))", "Rows Removed by Filter": 23}]}]}, {"Node Type": "Bitmap Heap Scan", "Parent Relationship": "Inner", "Relation Name": "customer", "Alias": "customer", "Startup Cost": 1030.37, "Total Cost": 6832.48, "Plan Rows": 60000, "Plan Width": 12, "Actual Startup Time": 36.831, "Actual Total Time": 264.805, "Actual Rows": 119972, "Actual Loops": 2, "Recheck Cond": "(c_nationkey = n2.n_nationkey)", "Rows Removed by Index Recheck": 0, "Exact Heap Blocks": 59938, "Lossy Heap Blocks": 59938, "Plans": [{"Node Type": "Bitmap Index Scan", "Parent Relationship": "Outer", "Index Name": "idx_customer_nationkey", "Startup Cost": 0.0, "Total Cost": 1015.37, "Plan Rows": 60000, "Plan Width": 0, "Actual Startup Time": 23.66, "Actual Total Time": 23.66, "Actual Rows": 119972, "Actual Loops": 2, "Index Cond": "(c_nationkey = n2.n_nationkey)"}]}]}, {"Node Type": "Index Scan", "Parent Relationship": "Inner", "Scan Direction": "Forward", "Index Name": "idx_orders_custkey", "Relation Name": "orders", "Alias": "orders", "Startup Cost": 0.0, "Total Cost": 1.22, "Plan Rows": 4, "Plan Width": 16, "Actual Startup Time": 756.925, "Actual Total Time": 3487.183, "Actual Rows": 1200363, "Actual Loops": 119972, "Index Cond": "(o_custkey = customer.c_custkey)", "Rows Removed by Index Recheck": 0}]}, {"Node Type": "Index Scan", "Parent Relationship": "Inner", "Scan Direction": "Forward", "Index Name": "idx_lineitem_orderkey", "Relation Name": "lineitem", "Alias": "lineitem", "Startup Cost": 0.0, "Total Cost": 0.91, "Plan Rows": 3, "Plan Width": 40, "Actual Startup Time": 13395.087, "Actual Total Time": 14614.849, "Actual Rows": 1459150, "Actual Loops": 1200363, "Index Cond": "(l_orderkey = orders.o_orderkey)", "Rows Removed by Index Recheck": 0, "Filter": "((l_shipdate >= '1995-01-01 00:00:00'::timestamp(0) without time zone) AND (l_shipdate <= '1996-12-31 00:00:00'::timestamp(0) without time zone))", "Rows Removed by Filter": 3342563}]}, {"Node Type": "Index Scan", "Parent Relationship": "Inner", "Scan Direction": "Forward", "Index Name": "supplier_pkey", "Relation Name": "supplier", "Alias": "supplier", "Startup Cost": 0.0, "Total Cost": 0.27, "Plan Rows": 1, "Plan Width": 12, "Actual Startup Time": 6328.106, "Actual Total Time": 6818.435, "Actual Rows": 1459150, "Actual Loops": 1459150, "Index Cond": "(s_suppkey = lineitem.l_suppkey)", "Rows Removed by Index Recheck": 0}]}]}]}, "Triggers": [], "Planner Runtime": 1, "Total Runtime": 27855.427, "Unique SQL Id": 2208782157}}, "(1, 117)": {"explain_plan": {"Plan": {"Node Type": "Aggregate", "Strategy": "Sorted", "Startup Cost": 852701.0, "Total Cost": 852811.64, "Plan Rows": 3688, "Plan Width": 84, "Group By Key": ["n1.n_name", "n2.n_name", "(date_part('year'::text, lineitem.l_shipdate))"], "Plans": [{"Node Type": "Sort", "Parent Relationship": "Outer", "Startup Cost": 852701.0, "Total Cost": 852710.22, "Plan Rows": 3688, "Plan Width": 76, "Sort Key": ["n1.n_name", "n2.n_name", "(date_part('year'::text, lineitem.l_shipdate))"], "Plans": [{"Node Type": "Nested Loop", "Parent Relationship": "Outer", "Join Type": "Inner", "Startup Cost": 1030.37, "Total Cost": 852482.51, "Plan Rows": 3688, "Plan Width": 76, "Inner Unique": true, "Join Filter": "(n1.n_nationkey = supplier.s_nationkey)", "Plans": [{"Node Type": "Nested Loop", "Parent Relationship": "Outer", "Join Type": "Inner", "Startup Cost": 1030.37, "Total Cost": 642764.74, "Plan Rows": 740786, "Plan Width": 88, "Inner Unique": false, "Plans": [{"Node Type": "Nested Loop", "Parent Relationship": "Outer", "Join Type": "Inner", "Startup Cost": 1030.37, "Total Cost": 166027.11, "Plan Rows": 504972, "Plan Width": 64, "Inner Unique": false, "Plans": [{"Node Type": "Nested Loop", "Parent Relationship": "Outer", "Join Type": "Inner", "Startup Cost": 1030.37, "Total Cost": 14904.59, "Plan Rows": 119904, "Plan Width": 64, "Inner Unique": false, "Plans": [{"Node Type": "Nested Loop", "Parent Relationship": "Outer", "Join Type": "Inner", "Startup Cost": 0.0, "Total Cost": 39.62, "Plan Rows": 2, "Plan Width": 60, "Inner Unique": false, "Join Filter": "(((n1.n_name = 'JAPAN'::bpchar) AND (n2.n_name = 'INDIA'::bpchar)) OR ((n1.n_name = 'INDIA'::bpchar) AND (n2.n_name = 'JAPAN'::bpchar)))", "Plans": [{"Node Type": "Index Scan", "Parent Relationship": "Outer", "Scan Direction": "Forward", "Index Name": "nation_pkey", "Relation Name": "nation", "Alias": "n1", "Startup Cost": 0.0, "Total Cost": 12.75, "Plan Rows": 25, "Plan Width": 30, "Filter": "((n_name = 'JAPAN'::bpchar) OR (n_name = 'INDIA'::bpchar))"}, {"Node Type": "Materialize", "Parent Relationship": "Inner", "Startup Cost": 0.0, "Total Cost": 12.88, "Plan Rows": 25, "Plan Width": 30, "Plans": [{"Node Type": "Index Scan", "Parent Relationship": "Outer", "Scan Direction": "Forward", "Index Name": "nation_pkey", "Relation Name": "nation", "Alias": "n2", "Startup Cost": 0.0, "Total Cost": 12.75, "Plan Rows": 25, "Plan Width": 30, "Filter": "((n_name = 'INDIA'::bpchar) OR (n_name = 'JAPAN'::bpchar))"}]}]}, {"Node Type": "Bitmap Heap Scan", "Parent Relationship": "Inner", "Relation Name": "customer", "Alias": "customer", "Startup Cost": 1030.37, "Total Cost": 6832.48, "Plan Rows": 60000, "Plan Width": 12, "Recheck Cond": "(c_nationkey = n2.n_nationkey)", "Plans": [{"Node Type": "Bitmap Index Scan", "Parent Relationship": "Outer", "Index Name": "idx_customer_nationkey", "Startup Cost": 0.0, "Total Cost": 1015.37, "Plan Rows": 60000, "Plan Width": 0, "Index Cond": "(c_nationkey = n2.n_nationkey)"}]}]}, {"Node Type": "Index Scan", "Parent Relationship": "Inner", "Scan Direction": "Forward", "Index Name": "idx_orders_custkey", "Relation Name": "orders", "Alias": "orders", "Startup Cost": 0.0, "Total Cost": 1.22, "Plan Rows": 4, "Plan Width": 16, "Index Cond": "(o_custkey = customer.c_custkey)"}]}, {"Node Type": "Index Scan", "Parent Relationship": "Inner", "Scan Direction": "Forward", "Index Name": "idx_lineitem_orderkey", "Relation Name": "lineitem", "Alias": "lineitem", "Startup Cost": 0.0, "Total Cost": 0.91, "Plan Rows": 3, "Plan Width": 40, "Index Cond": "(l_orderkey = orders.o_orderkey)", "Filter": "((l_shipdate >= '1995-01-01 00:00:00'::timestamp(0) without time zone) AND (l_shipdate <= '1996-12-31 00:00:00'::timestamp(0) without time zone))"}]}, {"Node Type": "Index Scan", "Parent Relationship": "Inner", "Scan Direction": "Forward", "Index Name": "supplier_pkey", "Relation Name": "supplier", "Alias": "supplier", "Startup Cost": 0.0, "Total Cost": 0.27, "Plan Rows": 1, "Plan Width": 12, "Index Cond": "(s_suppkey = lineitem.l_suppkey)"}]}]}]}, "Unique SQL Id": 2208782157, "Planner Runtime": 1}, "explain_analyze_plan": {"Plan": {"Node Type": "Aggregate", "Strategy": "Sorted", "Startup Cost": 852701.0, "Total Cost": 852811.64, "Plan Rows": 3688, "Plan Width": 84, "Actual Startup Time": 28200.684, "Actual Total Time": 28234.494, "Actual Rows": 4, "Actual Loops": 1, "Group By Key": ["n1.n_name", "n2.n_name", "(date_part('year'::text, lineitem.l_shipdate))"], "Plans": [{"Node Type": "Sort", "Parent Relationship": "Outer", "Startup Cost": 852701.0, "Total Cost": 852710.22, "Plan Rows": 3688, "Plan Width": 76, "Actual Startup Time": 28189.512, "Actual Total Time": 28195.355, "Actual Rows": 58554, "Actual Loops": 1, "Sort Key": ["n1.n_name", "n2.n_name", "(date_part('year'::text, lineitem.l_shipdate))"], "Sort Method": "quicksort", "Sort Space Used": 10686, "Sort Space Type": "Memory", "Plans": [{"Node Type": "Nested Loop", "Parent Relationship": "Outer", "Join Type": "Inner", "Startup Cost": 1030.37, "Total Cost": 852482.51, "Plan Rows": 3688, "Plan Width": 76, "Actual Startup Time": 18.104, "Actual Total Time": 28131.393, "Actual Rows": 58554, "Actual Loops": 1, "Inner Unique": true, "Join Filter": "(n1.n_nationkey = supplier.s_nationkey)", "Rows Removed by Join Filter": 1400596, "Plans": [{"Node Type": "Nested Loop", "Parent Relationship": "Outer", "Join Type": "Inner", "Startup Cost": 1030.37, "Total Cost": 642764.74, "Plan Rows": 740786, "Plan Width": 88, "Actual Startup Time": 17.95, "Actual Total Time": 20102.394, "Actual Rows": 1459150, "Actual Loops": 1, "Inner Unique": false, "Plans": [{"Node Type": "Nested Loop", "Parent Relationship": "Outer", "Join Type": "Inner", "Startup Cost": 1030.37, "Total Cost": 166027.11, "Plan Rows": 504972, "Plan Width": 64, "Actual Startup Time": 17.875, "Actual Total Time": 4237.757, "Actual Rows": 1200363, "Actual Loops": 1, "Inner Unique": false, "Plans": [{"Node Type": "Nested Loop", "Parent Relationship": "Outer", "Join Type": "Inner", "Startup Cost": 1030.37, "Total Cost": 14904.59, "Plan Rows": 119904, "Plan Width": 64, "Actual Startup Time": 17.847, "Actual Total Time": 302.534, "Actual Rows": 119972, "Actual Loops": 1, "Inner Unique": false, "Plans": [{"Node Type": "Nested Loop", "Parent Relationship": "Outer", "Join Type": "Inner", "Startup Cost": 0.0, "Total Cost": 39.62, "Plan Rows": 2, "Plan Width": 60, "Actual Startup Time": 0.068, "Actual Total Time": 0.203, "Actual Rows": 2, "Actual Loops": 1, "Inner Unique": false, "Join Filter": "(((n1.n_name = 'JAPAN'::bpchar) AND (n2.n_name = 'INDIA'::bpchar)) OR ((n1.n_name = 'INDIA'::bpchar) AND (n2.n_name = 'JAPAN'::bpchar)))", "Rows Removed by Join Filter": 2, "Plans": [{"Node Type": "Index Scan", "Parent Relationship": "Outer", "Scan Direction": "Forward", "Index Name": "nation_pkey", "Relation Name": "nation", "Alias": "n1", "Startup Cost": 0.0, "Total Cost": 12.75, "Plan Rows": 25, "Plan Width": 30, "Actual Startup Time": 0.043, "Actual Total Time": 0.063, "Actual Rows": 2, "Actual Loops": 1, "Filter": "((n_name = 'JAPAN'::bpchar) OR (n_name = 'INDIA'::bpchar))", "Rows Removed by Filter": 23}, {"Node Type": "Materialize", "Parent Relationship": "Inner", "Startup Cost": 0.0, "Total Cost": 12.88, "Plan Rows": 25, "Plan Width": 30, "Actual Startup Time": 0.016, "Actual Total Time": 0.086, "Actual Rows": 4, "Actual Loops": 2, "Plans": [{"Node Type": "Index Scan", "Parent Relationship": "Outer", "Scan Direction": "Forward", "Index Name": "nation_pkey", "Relation Name": "nation", "Alias": "n2", "Startup Cost": 0.0, "Total Cost": 12.75, "Plan Rows": 25, "Plan Width": 30, "Actual Startup Time": 0.01, "Actual Total Time": 0.032, "Actual Rows": 2, "Actual Loops": 1, "Filter": "((n_name = 'INDIA'::bpchar) OR (n_name = 'JAPAN'::bpchar))", "Rows Removed by Filter": 23}]}]}, {"Node Type": "Bitmap Heap Scan", "Parent Relationship": "Inner", "Relation Name": "customer", "Alias": "customer", "Startup Cost": 1030.37, "Total Cost": 6832.48, "Plan Rows": 60000, "Plan Width": 12, "Actual Startup Time": 35.42, "Actual Total Time": 268.191, "Actual Rows": 119972, "Actual Loops": 2, "Recheck Cond": "(c_nationkey = n2.n_nationkey)", "Rows Removed by Index Recheck": 0, "Exact Heap Blocks": 59938, "Lossy Heap Blocks": 59938, "Plans": [{"Node Type": "Bitmap Index Scan", "Parent Relationship": "Outer", "Index Name": "idx_customer_nationkey", "Startup Cost": 0.0, "Total Cost": 1015.37, "Plan Rows": 60000, "Plan Width": 0, "Actual Startup Time": 22.135, "Actual Total Time": 22.135, "Actual Rows": 119972, "Actual Loops": 2, "Index Cond": "(c_nationkey = n2.n_nationkey)"}]}]}, {"Node Type": "Index Scan", "Parent Relationship": "Inner", "Scan Direction": "Forward", "Index Name": "idx_orders_custkey", "Relation Name": "orders", "Alias": "orders", "Startup Cost": 0.0, "Total Cost": 1.22, "Plan Rows": 4, "Plan Width": 16, "Actual Startup Time": 770.636, "Actual Total Time": 3565.32, "Actual Rows": 1200363, "Actual Loops": 119972, "Index Cond": "(o_custkey = customer.c_custkey)", "Rows Removed by Index Recheck": 0}]}, {"Node Type": "Index Scan", "Parent Relationship": "Inner", "Scan Direction": "Forward", "Index Name": "idx_lineitem_orderkey", "Relation Name": "lineitem", "Alias": "lineitem", "Startup Cost": 0.0, "Total Cost": 0.91, "Plan Rows": 3, "Plan Width": 40, "Actual Startup Time": 13649.938, "Actual Total Time": 14879.226, "Actual Rows": 1459150, "Actual Loops": 1200363, "Index Cond": "(l_orderkey = orders.o_orderkey)", "Rows Removed by Index Recheck": 0, "Filter": "((l_shipdate >= '1995-01-01 00:00:00'::timestamp(0) without time zone) AND (l_shipdate <= '1996-12-31 00:00:00'::timestamp(0) without time zone))", "Rows Removed by Filter": 3342563}]}, {"Node Type": "Index Scan", "Parent Relationship": "Inner", "Scan Direction": "Forward", "Index Name": "supplier_pkey", "Relation Name": "supplier", "Alias": "supplier", "Startup Cost": 0.0, "Total Cost": 0.27, "Plan Rows": 1, "Plan Width": 12, "Actual Startup Time": 6358.636, "Actual Total Time": 6844.867, "Actual Rows": 1459150, "Actual Loops": 1459150, "Index Cond": "(s_suppkey = lineitem.l_suppkey)", "Rows Removed by Index Recheck": 0}]}]}]}, "Triggers": [], "Planner Runtime": 1, "Total Runtime": 28235.052, "Unique SQL Id": 2208782157}}, "(1, 118)": {"explain_plan": {"Plan": {"Node Type": "Aggregate", "Strategy": "Sorted", "Startup Cost": 6036670.9, "Total Cost": 6036781.54, "Plan Rows": 3688, "Plan Width": 84, "Group By Key": ["n1.n_name", "n2.n_name", "(date_part('year'::text, lineitem.l_shipdate))"], "Plans": [{"Node Type": "Sort", "Parent Relationship": "Outer", "Startup Cost": 6036670.9, "Total Cost": 6036680.12, "Plan Rows": 3688, "Plan Width": 76, "Sort Key": ["n1.n_name", "n2.n_name", "(date_part('year'::text, lineitem.l_shipdate))"], "Plans": [{"Node Type": "Nested Loop", "Parent Relationship": "Outer", "Join Type": "Inner", "Startup Cost": 1031.44, "Total Cost": 6036452.41, "Plan Rows": 3688, "Plan Width": 76, "Inner Unique": true, "Join Filter": "(n1.n_nationkey = supplier.s_nationkey)", "Plans": [{"Node Type": "Nested Loop", "Parent Relationship": "Outer", "Join Type": "Inner", "Startup Cost": 1031.18, "Total Cost": 2863778.68, "Plan Rows": 740786, "Plan Width": 88, "Inner Unique": false, "Plans": [{"Node Type": "Nested Loop", "Parent Relationship": "Outer", "Join Type": "Inner", "Startup Cost": 1030.8, "Total Cost": 557356.7, "Plan Rows": 504972, "Plan Width": 64, "Inner Unique": false, "Plans": [{"Node Type": "Nested Loop", "Parent Relationship": "Outer", "Join Type": "Inner", "Startup Cost": 1030.37, "Total Cost": 14881.59, "Plan Rows": 119904, "Plan Width": 64, "Inner Unique": false, "Plans": [{"Node Type": "Nested Loop", "Parent Relationship": "Outer", "Join Type": "Inner", "Startup Cost": 0.0, "Total Cost": 16.62, "Plan Rows": 2, "Plan Width": 60, "Inner Unique": false, "Join Filter": "(((n1.n_name = 'JAPAN'::bpchar) AND (n2.n_name = 'INDIA'::bpchar)) OR ((n1.n_name = 'INDIA'::bpchar) AND (n2.n_name = 'JAPAN'::bpchar)))", "Plans": [{"Node Type": "Seq Scan", "Parent Relationship": "Outer", "Relation Name": "nation", "Alias": "n1", "Startup Cost": 0.0, "Total Cost": 1.25, "Plan Rows": 25, "Plan Width": 30, "Filter": "((n_name = 'JAPAN'::bpchar) OR (n_name = 'INDIA'::bpchar))"}, {"Node Type": "Materialize", "Parent Relationship": "Inner", "Startup Cost": 0.0, "Total Cost": 1.38, "Plan Rows": 25, "Plan Width": 30, "Plans": [{"Node Type": "Seq Scan", "Parent Relationship": "Outer", "Relation Name": "nation", "Alias": "n2", "Startup Cost": 0.0, "Total Cost": 1.25, "Plan Rows": 25, "Plan Width": 30, "Filter": "((n_name = 'INDIA'::bpchar) OR (n_name = 'JAPAN'::bpchar))"}]}]}, {"Node Type": "Bitmap Heap Scan", "Parent Relationship": "Inner", "Relation Name": "customer", "Alias": "customer", "Startup Cost": 1030.37, "Total Cost": 6832.48, "Plan Rows": 60000, "Plan Width": 12, "Recheck Cond": "(c_nationkey = n2.n_nationkey)", "Plans": [{"Node Type": "Bitmap Index Scan", "Parent Relationship": "Outer", "Index Name": "idx_customer_nationkey", "Startup Cost": 0.0, "Total Cost": 1015.37, "Plan Rows": 60000, "Plan Width": 0, "Index Cond": "(c_nationkey = n2.n_nationkey)"}]}]}, {"Node Type": "Bitmap Heap Scan", "Parent Relationship": "Inner", "Relation Name": "orders", "Alias": "orders", "Startup Cost": 0.43, "Total Cost": 4.48, "Plan Rows": 4, "Plan Width": 16, "Recheck Cond": "(o_custkey = customer.c_custkey)", "Plans": [{"Node Type": "Bitmap Index Scan", "Parent Relationship": "Outer", "Index Name": "idx_orders_custkey", "Startup Cost": 0.0, "Total Cost": 0.43, "Plan Rows": 4, "Plan Width": 0, "Index Cond": "(o_custkey = customer.c_custkey)"}]}]}, {"Node Type": "Bitmap Heap Scan", "Parent Relationship": "Inner", "Relation Name": "lineitem", "Alias": "lineitem", "Startup Cost": 0.38, "Total Cost": 4.54, "Plan Rows": 3, "Plan Width": 40, "Recheck Cond": "(l_orderkey = orders.o_orderkey)", "Filter": "((l_shipdate >= '1995-01-01 00:00:00'::timestamp(0) without time zone) AND (l_shipdate <= '1996-12-31 00:00:00'::timestamp(0) without time zone))", "Plans": [{"Node Type": "Bitmap Index Scan", "Parent Relationship": "Outer", "Index Name": "idx_lineitem_orderkey", "Startup Cost": 0.0, "Total Cost": 0.38, "Plan Rows": 9, "Plan Width": 0, "Index Cond": "(l_orderkey = orders.o_orderkey)"}]}]}, {"Node Type": "Bitmap Heap Scan", "Parent Relationship": "Inner", "Relation Name": "supplier", "Alias": "supplier", "Startup Cost": 0.26, "Total Cost": 4.27, "Plan Rows": 1, "Plan Width": 12, "Recheck Cond": "(s_suppkey = lineitem.l_suppkey)", "Plans": [{"Node Type": "Bitmap Index Scan", "Parent Relationship": "Outer", "Index Name": "supplier_pkey", "Startup Cost": 0.0, "Total Cost": 0.26, "Plan Rows": 1, "Plan Width": 0, "Index Cond": "(s_suppkey = lineitem.l_suppkey)"}]}]}]}]}, "Unique SQL Id": 2208782157, "Planner Runtime": 1}, "explain_analyze_plan": {"Plan": {"Node Type": "Aggregate", "Strategy": "Sorted", "Startup Cost": 6036670.9, "Total Cost": 6036781.54, "Plan Rows": 3688, "Plan Width": 84, "Actual Startup Time": 32774.992, "Actual Total Time": 32809.031, "Actual Rows": 4, "Actual Loops": 1, "Group By Key": ["n1.n_name", "n2.n_name", "(date_part('year'::text, lineitem.l_shipdate))"], "Plans": [{"Node Type": "Sort", "Parent Relationship": "Outer", "Startup Cost": 6036670.9, "Total Cost": 6036680.12, "Plan Rows": 3688, "Plan Width": 76, "Actual Startup Time": 32763.447, "Actual Total Time": 32769.703, "Actual Rows": 58554, "Actual Loops": 1, "Sort Key": ["n1.n_name", "n2.n_name", "(date_part('year'::text, lineitem.l_shipdate))"], "Sort Method": "quicksort", "Sort Space Used": 10686, "Sort Space Type": "Memory", "Plans": [{"Node Type": "Nested Loop", "Parent Relationship": "Outer", "Join Type": "Inner", "Startup Cost": 1031.44, "Total Cost": 6036452.41, "Plan Rows": 3688, "Plan Width": 76, "Actual Startup Time": 18.098, "Actual Total Time": 32693.284, "Actual Rows": 58554, "Actual Loops": 1, "Inner Unique": true, "Join Filter": "(n1.n_nationkey = supplier.s_nationkey)", "Rows Removed by Join Filter": 1400596, "Plans": [{"Node Type": "Nested Loop", "Parent Relationship": "Outer", "Join Type": "Inner", "Startup Cost": 1031.18, "Total Cost": 2863778.68, "Plan Rows": 740786, "Plan Width": 88, "Actual Startup Time": 17.929, "Actual Total Time": 22458.966, "Actual Rows": 1459150, "Actual Loops": 1, "Inner Unique": false, "Plans": [{"Node Type": "Nested Loop", "Parent Relationship": "Outer", "Join Type": "Inner", "Startup Cost": 1030.8, "Total Cost": 557356.7, "Plan Rows": 504972, "Plan Width": 64, "Actual Startup Time": 17.847, "Actual Total Time": 4993.984, "Actual Rows": 1200363, "Actual Loops": 1, "Inner Unique": false, "Plans": [{"Node Type": "Nested Loop", "Parent Relationship": "Outer", "Join Type": "Inner", "Startup Cost": 1030.37, "Total Cost": 14881.59, "Plan Rows": 119904, "Plan Width": 64, "Actual Startup Time": 17.798, "Actual Total Time": 291.21, "Actual Rows": 119972, "Actual Loops": 1, "Inner Unique": false, "Plans": [{"Node Type": "Nested Loop", "Parent Relationship": "Outer", "Join Type": "Inner", "Startup Cost": 0.0, "Total Cost": 16.62, "Plan Rows": 2, "Plan Width": 60, "Actual Startup Time": 0.073, "Actual Total Time": 0.258, "Actual Rows": 2, "Actual Loops": 1, "Inner Unique": false, "Join Filter": "(((n1.n_name = 'JAPAN'::bpchar) AND (n2.n_name = 'INDIA'::bpchar)) OR ((n1.n_name = 'INDIA'::bpchar) AND (n2.n_name = 'JAPAN'::bpchar)))", "Rows Removed by Join Filter": 2, "Plans": [{"Node Type": "Seq Scan", "Parent Relationship": "Outer", "Relation Name": "nation", "Alias": "n1", "Startup Cost": 0.0, "Total Cost": 1.25, "Plan Rows": 25, "Plan Width": 30, "Actual Startup Time": 0.036, "Actual Total Time": 0.06, "Actual Rows": 2, "Actual Loops": 1, "Filter": "((n_name = 'JAPAN'::bpchar) OR (n_name = 'INDIA'::bpchar))", "Rows Removed by Filter": 23}, {"Node Type": "Materialize", "Parent Relationship": "Inner", "Startup Cost": 0.0, "Total Cost": 1.38, "Plan Rows": 25, "Plan Width": 30, "Actual Startup Time": 0.029, "Actual Total Time": 0.057, "Actual Rows": 4, "Actual Loops": 2, "Plans": [{"Node Type": "Seq Scan", "Parent Relationship": "Outer", "Relation Name": "nation", "Alias": "n2", "Startup Cost": 0.0, "Total Cost": 1.25, "Plan Rows": 25, "Plan Width": 30, "Actual Startup Time": 0.012, "Actual Total Time": 0.035, "Actual Rows": 2, "Actual Loops": 1, "Filter": "((n_name = 'INDIA'::bpchar) OR (n_name = 'JAPAN'::bpchar))", "Rows Removed by Filter": 23}]}]}, {"Node Type": "Bitmap Heap Scan", "Parent Relationship": "Inner", "Relation Name": "customer", "Alias": "customer", "Startup Cost": 1030.37, "Total Cost": 6832.48, "Plan Rows": 60000, "Plan Width": 12, "Actual Startup Time": 35.635, "Actual Total Time": 256.344, "Actual Rows": 119972, "Actual Loops": 2, "Recheck Cond": "(c_nationkey = n2.n_nationkey)", "Rows Removed by Index Recheck": 0, "Exact Heap Blocks": 59938, "Lossy Heap Blocks": 59938, "Plans": [{"Node Type": "Bitmap Index Scan", "Parent Relationship": "Outer", "Index Name": "idx_customer_nationkey", "Startup Cost": 0.0, "Total Cost": 1015.37, "Plan Rows": 60000, "Plan Width": 0, "Actual Startup Time": 22.422, "Actual Total Time": 22.422, "Actual Rows": 119972, "Actual Loops": 2, "Index Cond": "(c_nationkey = n2.n_nationkey)"}]}]}, {"Node Type": "Bitmap Heap Scan", "Parent Relationship": "Inner", "Relation Name": "orders", "Alias": "orders", "Startup Cost": 0.43, "Total Cost": 4.48, "Plan Rows": 4, "Plan Width": 16, "Actual Startup Time": 1200.939, "Actual Total Time": 4252.977, "Actual Rows": 1200363, "Actual Loops": 119972, "Recheck Cond": "(o_custkey = customer.c_custkey)", "Rows Removed by Index Recheck": 0, "Exact Heap Blocks": 1200331, "Lossy Heap Blocks": 1200331, "Plans": [{"Node Type": "Bitmap Index Scan", "Parent Relationship": "Outer", "Index Name": "idx_orders_custkey", "Startup Cost": 0.0, "Total Cost": 0.43, "Plan Rows": 4, "Plan Width": 0, "Actual Startup Time": 733.815, "Actual Total Time": 733.815, "Actual Rows": 1200363, "Actual Loops": 119972, "Index Cond": "(o_custkey = customer.c_custkey)"}]}]}, {"Node Type": "Bitmap Heap Scan", "Parent Relationship": "Inner", "Relation Name": "lineitem", "Alias": "lineitem", "Startup Cost": 0.38, "Total Cost": 4.54, "Plan Rows": 3, "Plan Width": 40, "Actual Startup Time": 15029.332, "Actual Total Time": 15673.719, "Actual Rows": 1459150, "Actual Loops": 1200363, "Recheck Cond": "(l_orderkey = orders.o_orderkey)", "Rows Removed by Index Recheck": 0, "Filter": "((l_shipdate >= '1995-01-01 00:00:00'::timestamp(0) without time zone) AND (l_shipdate <= '1996-12-31 00:00:00'::timestamp(0) without time zone))", "Rows Removed by Filter": 3342563, "Exact Heap Blocks": 1285989, "Lossy Heap Blocks": 1285989, "Plans": [{"Node Type": "Bitmap Index Scan", "Parent Relationship": "Outer", "Index Name": "idx_lineitem_orderkey", "Startup Cost": 0.0, "Total Cost": 0.38, "Plan Rows": 9, "Plan Width": 0, "Actual Startup Time": 8662.575, "Actual Total Time": 8662.575, "Actual Rows": 4801713, "Actual Loops": 1200363, "Index Cond": "(l_orderkey = orders.o_orderkey)"}]}]}, {"Node Type": "Bitmap Heap Scan", "Parent Relationship": "Inner", "Relation Name": "supplier", "Alias": "supplier", "Startup Cost": 0.26, "Total Cost": 4.27, "Plan Rows": 1, "Plan Width": 12, "Actual Startup Time": 7794.803, "Actual Total Time": 8003.709, "Actual Rows": 1459150, "Actual Loops": 1459150, "Recheck Cond": "(s_suppkey = lineitem.l_suppkey)", "Rows Removed by Index Recheck": 0, "Exact Heap Blocks": 1459150, "Lossy Heap Blocks": 1459150, "Plans": [{"Node Type": "Bitmap Index Scan", "Parent Relationship": "Outer", "Index Name": "supplier_pkey", "Startup Cost": 0.0, "Total Cost": 0.26, "Plan Rows": 1, "Plan Width": 0, "Actual Startup Time": 4065.423, "Actual Total Time": 4065.423, "Actual Rows": 1459150, "Actual Loops": 1459150, "Index Cond": "(s_suppkey = lineitem.l_suppkey)"}]}]}]}]}, "Triggers": [], "Planner Runtime": 1, "Total Runtime": 32809.641, "Unique SQL Id": 2208782157}}, "(1, 119)": {"explain_plan": {"Plan": {"Node Type": "Aggregate", "Strategy": "Sorted", "Startup Cost": 99673573.01, "Total Cost": 99673683.65, "Plan Rows": 3688, "Plan Width": 84, "Group By Key": ["n1.n_name", "n2.n_name", "(date_part('year'::text, lineitem.l_shipdate))"], "Plans": [{"Node Type": "Sort", "Parent Relationship": "Outer", "Startup Cost": 99673573.01, "Total Cost": 99673582.23, "Plan Rows": 3688, "Plan Width": 76, "Sort Key": ["n1.n_name", "n2.n_name", "(date_part('year'::text, lineitem.l_shipdate))"], "Plans": [{"Node Type": "Nested Loop", "Parent Relationship": "Outer", "Join Type": "Inner", "Startup Cost": 627986.71, "Total Cost": 99673354.52, "Plan Rows": 3688, "Plan Width": 76, "Inner Unique": true, "Join Filter": "(((n1.n_name = 'JAPAN'::bpchar) AND (n2.n_name = 'INDIA'::bpchar)) OR ((n1.n_name = 'INDIA'::bpchar) AND (n2.n_name = 'JAPAN'::bpchar)))", "Plans": [{"Node Type": "Nested Loop", "Parent Relationship": "Outer", "Join Type": "Inner", "Startup Cost": 627986.45, "Total Cost": 94724471.42, "Plan Rows": 1153515, "Plan Width": 54, "Inner Unique": true, "Plans": [{"Node Type": "Nested Loop", "Parent Relationship": "Outer", "Join Type": "Inner", "Startup Cost": 627986.2, "Total Cost": 89787046.56, "Plan Rows": 1153515, "Plan Width": 32, "Inner Unique": true, "Plans": [{"Node Type": "Nested Loop", "Parent Relationship": "Outer", "Join Type": "Inner", "Startup Cost": 627985.94, "Total Cost": 84848088.55, "Plan Rows": 1153515, "Plan Width": 36, "Inner Unique": true, "Plans": [{"Node Type": "Nested Loop", "Parent Relationship": "Outer", "Join Type": "Inner", "Startup Cost": 627985.67, "Total Cost": 79896146.0, "Plan Rows": 1153515, "Plan Width": 36, "Inner Unique": true, "Plans": [{"Node Type": "Bitmap Heap Scan", "Parent Relationship": "Outer", "Relation Name": "lineitem", "Alias": "lineitem", "Startup Cost": 627985.41, "Total Cost": 2315105.27, "Plan Rows": 18124991, "Plan Width": 40, "Recheck Cond": "((l_shipdate >= '1995-01-01 00:00:00'::timestamp(0) without time zone) AND (l_shipdate <= '1996-12-31 00:00:00'::timestamp(0) without time zone)), (LLVM Optimized)", "Plans": [{"Node Type": "Bitmap Index Scan", "Parent Relationship": "Outer", "Index Name": "idx_lineitem_shipdate", "Startup Cost": 0.0, "Total Cost": 623454.16, "Plan Rows": 18124991, "Plan Width": 0, "Index Cond": "((l_shipdate >= '1995-01-01 00:00:00'::timestamp(0) without time zone) AND (l_shipdate <= '1996-12-31 00:00:00'::timestamp(0) without time zone))"}]}, {"Node Type": "Bitmap Heap Scan", "Parent Relationship": "Inner", "Relation Name": "supplier", "Alias": "supplier", "Startup Cost": 0.26, "Total Cost": 4.27, "Plan Rows": 1, "Plan Width": 12, "Recheck Cond": "(s_suppkey = lineitem.l_suppkey)", "Plans": [{"Node Type": "Bitmap Index Scan", "Parent Relationship": "Outer", "Index Name": "supplier_pkey", "Startup Cost": 0.0, "Total Cost": 0.26, "Plan Rows": 1, "Plan Width": 0, "Index Cond": "(s_suppkey = lineitem.l_suppkey)"}]}]}, {"Node Type": "Bitmap Heap Scan", "Parent Relationship": "Inner", "Relation Name": "orders", "Alias": "orders", "Startup Cost": 0.27, "Total Cost": 4.28, "Plan Rows": 1, "Plan Width": 16, "Recheck Cond": "(o_orderkey = lineitem.l_orderkey)", "Plans": [{"Node Type": "Bitmap Index Scan", "Parent Relationship": "Outer", "Index Name": "orders_pkey", "Startup Cost": 0.0, "Total Cost": 0.27, "Plan Rows": 1, "Plan Width": 0, "Index Cond": "(o_orderkey = lineitem.l_orderkey)"}]}]}, {"Node Type": "Bitmap Heap Scan", "Parent Relationship": "Inner", "Relation Name": "customer", "Alias": "customer", "Startup Cost": 0.26, "Total Cost": 4.27, "Plan Rows": 1, "Plan Width": 12, "Recheck Cond": "(c_custkey = orders.o_custkey)", "Plans": [{"Node Type": "Bitmap Index Scan", "Parent Relationship": "Outer", "Index Name": "customer_pkey", "Startup Cost": 0.0, "Total Cost": 0.26, "Plan Rows": 1, "Plan Width": 0, "Index Cond": "(c_custkey = orders.o_custkey)"}]}]}, {"Node Type": "Bitmap Heap Scan", "Parent Relationship": "Inner", "Relation Name": "nation", "Alias": "n1", "Startup Cost": 0.26, "Total Cost": 4.27, "Plan Rows": 1, "Plan Width": 30, "Recheck Cond": "(n_nationkey = supplier.s_nationkey)", "Filter": "((n_name = 'JAPAN'::bpchar) OR (n_name = 'INDIA'::bpchar))", "Plans": [{"Node Type": "Bitmap Index Scan", "Parent Relationship": "Outer", "Index Name": "nation_pkey", "Startup Cost": 0.0, "Total Cost": 0.26, "Plan Rows": 1, "Plan Width": 0, "Index Cond": "(n_nationkey = supplier.s_nationkey)"}]}]}, {"Node Type": "Bitmap Heap Scan", "Parent Relationship": "Inner", "Relation Name": "nation", "Alias": "n2", "Startup Cost": 0.26, "Total Cost": 4.27, "Plan Rows": 1, "Plan Width": 30, "Recheck Cond": "(n_nationkey = customer.c_nationkey)", "Filter": "((n_name = 'INDIA'::bpchar) OR (n_name = 'JAPAN'::bpchar))", "Plans": [{"Node Type": "Bitmap Index Scan", "Parent Relationship": "Outer", "Index Name": "nation_pkey", "Startup Cost": 0.0, "Total Cost": 0.26, "Plan Rows": 1, "Plan Width": 0, "Index Cond": "(n_nationkey = customer.c_nationkey)"}]}]}]}]}, "Unique SQL Id": 2208782157, "Planner Runtime": 1}, "explain_analyze_plan": null}, "(1, 120)": {"explain_plan": {"Plan": {"Node Type": "Aggregate", "Strategy": "Sorted", "Startup Cost": 854429.38, "Total Cost": 854540.02, "Plan Rows": 3688, "Plan Width": 84, "Group By Key": ["n1.n_name", "n2.n_name", "(date_part('year'::text, lineitem.l_shipdate))"], "Plans": [{"Node Type": "Sort", "Parent Relationship": "Outer", "Startup Cost": 854429.38, "Total Cost": 854438.6, "Plan Rows": 3688, "Plan Width": 76, "Sort Key": ["n1.n_name", "n2.n_name", "(date_part('year'::text, lineitem.l_shipdate))"], "Plans": [{"Node Type": "Nested Loop", "Parent Relationship": "Outer", "Join Type": "Inner", "Startup Cost": 0.0, "Total Cost": 854210.9, "Plan Rows": 3688, "Plan Width": 76, "Inner Unique": true, "Join Filter": "(n1.n_nationkey = supplier.s_nationkey)", "Plans": [{"Node Type": "Nested Loop", "Parent Relationship": "Outer", "Join Type": "Inner", "Startup Cost": 0.0, "Total Cost": 644493.13, "Plan Rows": 740786, "Plan Width": 88, "Inner Unique": false, "Plans": [{"Node Type": "Nested Loop", "Parent Relationship": "Outer", "Join Type": "Inner", "Startup Cost": 0.0, "Total Cost": 167755.5, "Plan Rows": 504972, "Plan Width": 64, "Inner Unique": false, "Plans": [{"Node Type": "Nested Loop", "Parent Relationship": "Outer", "Join Type": "Inner", "Startup Cost": 0.0, "Total Cost": 16632.98, "Plan Rows": 119904, "Plan Width": 64, "Inner Unique": false, "Plans": [{"Node Type": "Nested Loop", "Parent Relationship": "Outer", "Join Type": "Inner", "Startup Cost": 0.0, "Total Cost": 28.12, "Plan Rows": 2, "Plan Width": 60, "Inner Unique": false, "Join Filter": "(((n1.n_name = 'JAPAN'::bpchar) AND (n2.n_name = 'INDIA'::bpchar)) OR ((n1.n_name = 'INDIA'::bpchar) AND (n2.n_name = 'JAPAN'::bpchar)))", "Plans": [{"Node Type": "Index Scan", "Parent Relationship": "Outer", "Scan Direction": "Forward", "Index Name": "nation_pkey", "Relation Name": "nation", "Alias": "n1", "Startup Cost": 0.0, "Total Cost": 12.75, "Plan Rows": 25, "Plan Width": 30, "Filter": "((n_name = 'JAPAN'::bpchar) OR (n_name = 'INDIA'::bpchar))"}, {"Node Type": "Materialize", "Parent Relationship": "Inner", "Startup Cost": 0.0, "Total Cost": 1.38, "Plan Rows": 25, "Plan Width": 30, "Plans": [{"Node Type": "Seq Scan", "Parent Relationship": "Outer", "Relation Name": "nation", "Alias": "n2", "Startup Cost": 0.0, "Total Cost": 1.25, "Plan Rows": 25, "Plan Width": 30, "Filter": "((n_name = 'INDIA'::bpchar) OR (n_name = 'JAPAN'::bpchar))"}]}]}, {"Node Type": "Index Scan", "Parent Relationship": "Inner", "Scan Direction": "Forward", "Index Name": "idx_customer_nationkey", "Relation Name": "customer", "Alias": "customer", "Startup Cost": 0.0, "Total Cost": 7702.43, "Plan Rows": 60000, "Plan Width": 12, "Index Cond": "(c_nationkey = n2.n_nationkey)"}]}, {"Node Type": "Index Scan", "Parent Relationship": "Inner", "Scan Direction": "Forward", "Index Name": "idx_orders_custkey", "Relation Name": "orders", "Alias": "orders", "Startup Cost": 0.0, "Total Cost": 1.22, "Plan Rows": 4, "Plan Width": 16, "Index Cond": "(o_custkey = customer.c_custkey)"}]}, {"Node Type": "Index Scan", "Parent Relationship": "Inner", "Scan Direction": "Forward", "Index Name": "idx_lineitem_orderkey", "Relation Name": "lineitem", "Alias": "lineitem", "Startup Cost": 0.0, "Total Cost": 0.91, "Plan Rows": 3, "Plan Width": 40, "Index Cond": "(l_orderkey = orders.o_orderkey)", "Filter": "((l_shipdate >= '1995-01-01 00:00:00'::timestamp(0) without time zone) AND (l_shipdate <= '1996-12-31 00:00:00'::timestamp(0) without time zone))"}]}, {"Node Type": "Index Scan", "Parent Relationship": "Inner", "Scan Direction": "Forward", "Index Name": "supplier_pkey", "Relation Name": "supplier", "Alias": "supplier", "Startup Cost": 0.0, "Total Cost": 0.27, "Plan Rows": 1, "Plan Width": 12, "Index Cond": "(s_suppkey = lineitem.l_suppkey)"}]}]}]}, "Unique SQL Id": 2208782157, "Planner Runtime": 1}, "explain_analyze_plan": {"Plan": {"Node Type": "Aggregate", "Strategy": "Sorted", "Startup Cost": 854429.38, "Total Cost": 854540.02, "Plan Rows": 3688, "Plan Width": 84, "Actual Startup Time": 27667.502, "Actual Total Time": 27700.852, "Actual Rows": 4, "Actual Loops": 1, "Group By Key": ["n1.n_name", "n2.n_name", "(date_part('year'::text, lineitem.l_shipdate))"], "Plans": [{"Node Type": "Sort", "Parent Relationship": "Outer", "Startup Cost": 854429.38, "Total Cost": 854438.6, "Plan Rows": 3688, "Plan Width": 76, "Actual Startup Time": 27656.32, "Actual Total Time": 27662.025, "Actual Rows": 58554, "Actual Loops": 1, "Sort Key": ["n1.n_name", "n2.n_name", "(date_part('year'::text, lineitem.l_shipdate))"], "Sort Method": "quicksort", "Sort Space Used": 10686, "Sort Space Type": "Memory", "Plans": [{"Node Type": "Nested Loop", "Parent Relationship": "Outer", "Join Type": "Inner", "Startup Cost": 0.0, "Total Cost": 854210.9, "Plan Rows": 3688, "Plan Width": 76, "Actual Startup Time": 0.393, "Actual Total Time": 27597.387, "Actual Rows": 58554, "Actual Loops": 1, "Inner Unique": true, "Join Filter": "(n1.n_nationkey = supplier.s_nationkey)", "Rows Removed by Join Filter": 1400596, "Plans": [{"Node Type": "Nested Loop", "Parent Relationship": "Outer", "Join Type": "Inner", "Startup Cost": 0.0, "Total Cost": 644493.13, "Plan Rows": 740786, "Plan Width": 88, "Actual Startup Time": 0.197, "Actual Total Time": 19611.219, "Actual Rows": 1459150, "Actual Loops": 1, "Inner Unique": false, "Plans": [{"Node Type": "Nested Loop", "Parent Relationship": "Outer", "Join Type": "Inner", "Startup Cost": 0.0, "Total Cost": 167755.5, "Plan Rows": 504972, "Plan Width": 64, "Actual Startup Time": 0.123, "Actual Total Time": 4070.217, "Actual Rows": 1200363, "Actual Loops": 1, "Inner Unique": false, "Plans": [{"Node Type": "Nested Loop", "Parent Relationship": "Outer", "Join Type": "Inner", "Startup Cost": 0.0, "Total Cost": 16632.98, "Plan Rows": 119904, "Plan Width": 64, "Actual Startup Time": 0.104, "Actual Total Time": 229.258, "Actual Rows": 119972, "Actual Loops": 1, "Inner Unique": false, "Plans": [{"Node Type": "Nested Loop", "Parent Relationship": "Outer", "Join Type": "Inner", "Startup Cost": 0.0, "Total Cost": 28.12, "Plan Rows": 2, "Plan Width": 60, "Actual Startup Time": 0.062, "Actual Total Time": 0.148, "Actual Rows": 2, "Actual Loops": 1, "Inner Unique": false, "Join Filter": "(((n1.n_name = 'JAPAN'::bpchar) AND (n2.n_name = 'INDIA'::bpchar)) OR ((n1.n_name = 'INDIA'::bpchar) AND (n2.n_name = 'JAPAN'::bpchar)))", "Rows Removed by Join Filter": 2, "Plans": [{"Node Type": "Index Scan", "Parent Relationship": "Outer", "Scan Direction": "Forward", "Index Name": "nation_pkey", "Relation Name": "nation", "Alias": "n1", "Startup Cost": 0.0, "Total Cost": 12.75, "Plan Rows": 25, "Plan Width": 30, "Actual Startup Time": 0.034, "Actual Total Time": 0.059, "Actual Rows": 2, "Actual Loops": 1, "Filter": "((n_name = 'JAPAN'::bpchar) OR (n_name = 'INDIA'::bpchar))", "Rows Removed by Filter": 23}, {"Node Type": "Materialize", "Parent Relationship": "Inner", "Startup Cost": 0.0, "Total Cost": 1.38, "Plan Rows": 25, "Plan Width": 30, "Actual Startup Time": 0.019, "Actual Total Time": 0.047, "Actual Rows": 4, "Actual Loops": 2, "Plans": [{"Node Type": "Seq Scan", "Parent Relationship": "Outer", "Relation Name": "nation", "Alias": "n2", "Startup Cost": 0.0, "Total Cost": 1.25, "Plan Rows": 25, "Plan Width": 30, "Actual Startup Time": 0.016, "Actual Total Time": 0.039, "Actual Rows": 2, "Actual Loops": 1, "Filter": "((n_name = 'INDIA'::bpchar) OR (n_name = 'JAPAN'::bpchar))", "Rows Removed by Filter": 23}]}]}, {"Node Type": "Index Scan", "Parent Relationship": "Inner", "Scan Direction": "Forward", "Index Name": "idx_customer_nationkey", "Relation Name": "customer", "Alias": "customer", "Startup Cost": 0.0, "Total Cost": 7702.43, "Plan Rows": 60000, "Plan Width": 12, "Actual Startup Time": 0.062, "Actual Total Time": 191.875, "Actual Rows": 119972, "Actual Loops": 2, "Index Cond": "(c_nationkey = n2.n_nationkey)", "Rows Removed by Index Recheck": 0}]}, {"Node Type": "Index Scan", "Parent Relationship": "Inner", "Scan Direction": "Forward", "Index Name": "idx_orders_custkey", "Relation Name": "orders", "Alias": "orders", "Startup Cost": 0.0, "Total Cost": 1.22, "Plan Rows": 4, "Plan Width": 16, "Actual Startup Time": 752.246, "Actual Total Time": 3474.76, "Actual Rows": 1200363, "Actual Loops": 119972, "Index Cond": "(o_custkey = customer.c_custkey)", "Rows Removed by Index Recheck": 0}]}, {"Node Type": "Index Scan", "Parent Relationship": "Inner", "Scan Direction": "Forward", "Index Name": "idx_lineitem_orderkey", "Relation Name": "lineitem", "Alias": "lineitem", "Startup Cost": 0.0, "Total Cost": 0.91, "Plan Rows": 3, "Plan Width": 40, "Actual Startup Time": 13361.18, "Actual Total Time": 14579.036, "Actual Rows": 1459150, "Actual Loops": 1200363, "Index Cond": "(l_orderkey = orders.o_orderkey)", "Rows Removed by Index Recheck": 0, "Filter": "((l_shipdate >= '1995-01-01 00:00:00'::timestamp(0) without time zone) AND (l_shipdate <= '1996-12-31 00:00:00'::timestamp(0) without time zone))", "Rows Removed by Filter": 3342563}]}, {"Node Type": "Index Scan", "Parent Relationship": "Inner", "Scan Direction": "Forward", "Index Name": "supplier_pkey", "Relation Name": "supplier", "Alias": "supplier", "Startup Cost": 0.0, "Total Cost": 0.27, "Plan Rows": 1, "Plan Width": 12, "Actual Startup Time": 6315.976, "Actual Total Time": 6799.004, "Actual Rows": 1459150, "Actual Loops": 1459150, "Index Cond": "(s_suppkey = lineitem.l_suppkey)", "Rows Removed by Index Recheck": 0}]}]}]}, "Triggers": [], "Planner Runtime": 1, "Total Runtime": 27701.328, "Unique SQL Id": 2208782157}}, "(1, 121)": {"explain_plan": {"Plan": {"Node Type": "Aggregate", "Strategy": "Sorted", "Startup Cost": 854440.88, "Total Cost": 854551.52, "Plan Rows": 3688, "Plan Width": 84, "Group By Key": ["n1.n_name", "n2.n_name", "(date_part('year'::text, lineitem.l_shipdate))"], "Plans": [{"Node Type": "Sort", "Parent Relationship": "Outer", "Startup Cost": 854440.88, "Total Cost": 854450.1, "Plan Rows": 3688, "Plan Width": 76, "Sort Key": ["n1.n_name", "n2.n_name", "(date_part('year'::text, lineitem.l_shipdate))"], "Plans": [{"Node Type": "Nested Loop", "Parent Relationship": "Outer", "Join Type": "Inner", "Startup Cost": 0.0, "Total Cost": 854222.4, "Plan Rows": 3688, "Plan Width": 76, "Inner Unique": true, "Join Filter": "(n1.n_nationkey = supplier.s_nationkey)", "Plans": [{"Node Type": "Nested Loop", "Parent Relationship": "Outer", "Join Type": "Inner", "Startup Cost": 0.0, "Total Cost": 644504.63, "Plan Rows": 740786, "Plan Width": 88, "Inner Unique": false, "Plans": [{"Node Type": "Nested Loop", "Parent Relationship": "Outer", "Join Type": "Inner", "Startup Cost": 0.0, "Total Cost": 167767.0, "Plan Rows": 504972, "Plan Width": 64, "Inner Unique": false, "Plans": [{"Node Type": "Nested Loop", "Parent Relationship": "Outer", "Join Type": "Inner", "Startup Cost": 0.0, "Total Cost": 16644.48, "Plan Rows": 119904, "Plan Width": 64, "Inner Unique": false, "Plans": [{"Node Type": "Nested Loop", "Parent Relationship": "Outer", "Join Type": "Inner", "Startup Cost": 0.0, "Total Cost": 39.62, "Plan Rows": 2, "Plan Width": 60, "Inner Unique": false, "Join Filter": "(((n1.n_name = 'JAPAN'::bpchar) AND (n2.n_name = 'INDIA'::bpchar)) OR ((n1.n_name = 'INDIA'::bpchar) AND (n2.n_name = 'JAPAN'::bpchar)))", "Plans": [{"Node Type": "Index Scan", "Parent Relationship": "Outer", "Scan Direction": "Forward", "Index Name": "nation_pkey", "Relation Name": "nation", "Alias": "n1", "Startup Cost": 0.0, "Total Cost": 12.75, "Plan Rows": 25, "Plan Width": 30, "Filter": "((n_name = 'JAPAN'::bpchar) OR (n_name = 'INDIA'::bpchar))"}, {"Node Type": "Materialize", "Parent Relationship": "Inner", "Startup Cost": 0.0, "Total Cost": 12.88, "Plan Rows": 25, "Plan Width": 30, "Plans": [{"Node Type": "Index Scan", "Parent Relationship": "Outer", "Scan Direction": "Forward", "Index Name": "nation_pkey", "Relation Name": "nation", "Alias": "n2", "Startup Cost": 0.0, "Total Cost": 12.75, "Plan Rows": 25, "Plan Width": 30, "Filter": "((n_name = 'INDIA'::bpchar) OR (n_name = 'JAPAN'::bpchar))"}]}]}, {"Node Type": "Index Scan", "Parent Relationship": "Inner", "Scan Direction": "Forward", "Index Name": "idx_customer_nationkey", "Relation Name": "customer", "Alias": "customer", "Startup Cost": 0.0, "Total Cost": 7702.43, "Plan Rows": 60000, "Plan Width": 12, "Index Cond": "(c_nationkey = n2.n_nationkey)"}]}, {"Node Type": "Index Scan", "Parent Relationship": "Inner", "Scan Direction": "Forward", "Index Name": "idx_orders_custkey", "Relation Name": "orders", "Alias": "orders", "Startup Cost": 0.0, "Total Cost": 1.22, "Plan Rows": 4, "Plan Width": 16, "Index Cond": "(o_custkey = customer.c_custkey)"}]}, {"Node Type": "Index Scan", "Parent Relationship": "Inner", "Scan Direction": "Forward", "Index Name": "idx_lineitem_orderkey", "Relation Name": "lineitem", "Alias": "lineitem", "Startup Cost": 0.0, "Total Cost": 0.91, "Plan Rows": 3, "Plan Width": 40, "Index Cond": "(l_orderkey = orders.o_orderkey)", "Filter": "((l_shipdate >= '1995-01-01 00:00:00'::timestamp(0) without time zone) AND (l_shipdate <= '1996-12-31 00:00:00'::timestamp(0) without time zone))"}]}, {"Node Type": "Index Scan", "Parent Relationship": "Inner", "Scan Direction": "Forward", "Index Name": "supplier_pkey", "Relation Name": "supplier", "Alias": "supplier", "Startup Cost": 0.0, "Total Cost": 0.27, "Plan Rows": 1, "Plan Width": 12, "Index Cond": "(s_suppkey = lineitem.l_suppkey)"}]}]}]}, "Unique SQL Id": 2208782157, "Planner Runtime": 1}, "explain_analyze_plan": {"Plan": {"Node Type": "Aggregate", "Strategy": "Sorted", "Startup Cost": 854440.88, "Total Cost": 854551.52, "Plan Rows": 3688, "Plan Width": 84, "Actual Startup Time": 27114.078, "Actual Total Time": 27149.287, "Actual Rows": 4, "Actual Loops": 1, "Group By Key": ["n1.n_name", "n2.n_name", "(date_part('year'::text, lineitem.l_shipdate))"], "Plans": [{"Node Type": "Sort", "Parent Relationship": "Outer", "Startup Cost": 854440.88, "Total Cost": 854450.1, "Plan Rows": 3688, "Plan Width": 76, "Actual Startup Time": 27101.812, "Actual Total Time": 27108.985, "Actual Rows": 58554, "Actual Loops": 1, "Sort Key": ["n1.n_name", "n2.n_name", "(date_part('year'::text, lineitem.l_shipdate))"], "Sort Method": "quicksort", "Sort Space Used": 10686, "Sort Space Type": "Memory", "Plans": [{"Node Type": "Nested Loop", "Parent Relationship": "Outer", "Join Type": "Inner", "Startup Cost": 0.0, "Total Cost": 854222.4, "Plan Rows": 3688, "Plan Width": 76, "Actual Startup Time": 0.274, "Actual Total Time": 27041.779, "Actual Rows": 58554, "Actual Loops": 1, "Inner Unique": true, "Join Filter": "(n1.n_nationkey = supplier.s_nationkey)", "Rows Removed by Join Filter": 1400596, "Plans": [{"Node Type": "Nested Loop", "Parent Relationship": "Outer", "Join Type": "Inner", "Startup Cost": 0.0, "Total Cost": 644504.63, "Plan Rows": 740786, "Plan Width": 88, "Actual Startup Time": 0.153, "Actual Total Time": 19121.888, "Actual Rows": 1459150, "Actual Loops": 1, "Inner Unique": false, "Plans": [{"Node Type": "Nested Loop", "Parent Relationship": "Outer", "Join Type": "Inner", "Startup Cost": 0.0, "Total Cost": 167767.0, "Plan Rows": 504972, "Plan Width": 64, "Actual Startup Time": 0.104, "Actual Total Time": 3943.532, "Actual Rows": 1200363, "Actual Loops": 1, "Inner Unique": false, "Plans": [{"Node Type": "Nested Loop", "Parent Relationship": "Outer", "Join Type": "Inner", "Startup Cost": 0.0, "Total Cost": 16644.48, "Plan Rows": 119904, "Plan Width": 64, "Actual Startup Time": 0.09, "Actual Total Time": 224.862, "Actual Rows": 119972, "Actual Loops": 1, "Inner Unique": false, "Plans": [{"Node Type": "Nested Loop", "Parent Relationship": "Outer", "Join Type": "Inner", "Startup Cost": 0.0, "Total Cost": 39.62, "Plan Rows": 2, "Plan Width": 60, "Actual Startup Time": 0.058, "Actual Total Time": 0.307, "Actual Rows": 2, "Actual Loops": 1, "Inner Unique": false, "Join Filter": "(((n1.n_name = 'JAPAN'::bpchar) AND (n2.n_name = 'INDIA'::bpchar)) OR ((n1.n_name = 'INDIA'::bpchar) AND (n2.n_name = 'JAPAN'::bpchar)))", "Rows Removed by Join Filter": 2, "Plans": [{"Node Type": "Index Scan", "Parent Relationship": "Outer", "Scan Direction": "Forward", "Index Name": "nation_pkey", "Relation Name": "nation", "Alias": "n1", "Startup Cost": 0.0, "Total Cost": 12.75, "Plan Rows": 25, "Plan Width": 30, "Actual Startup Time": 0.034, "Actual Total Time": 0.086, "Actual Rows": 2, "Actual Loops": 1, "Filter": "((n_name = 'JAPAN'::bpchar) OR (n_name = 'INDIA'::bpchar))", "Rows Removed by Filter": 23}, {"Node Type": "Materialize", "Parent Relationship": "Inner", "Startup Cost": 0.0, "Total Cost": 12.88, "Plan Rows": 25, "Plan Width": 30, "Actual Startup Time": 0.017, "Actual Total Time": 0.047, "Actual Rows": 4, "Actual Loops": 2, "Plans": [{"Node Type": "Index Scan", "Parent Relationship": "Outer", "Scan Direction": "Forward", "Index Name": "nation_pkey", "Relation Name": "nation", "Alias": "n2", "Startup Cost": 0.0, "Total Cost": 12.75, "Plan Rows": 25, "Plan Width": 30, "Actual Startup Time": 0.01, "Actual Total Time": 0.034, "Actual Rows": 2, "Actual Loops": 1, "Filter": "((n_name = 'INDIA'::bpchar) OR (n_name = 'JAPAN'::bpchar))", "Rows Removed by Filter": 23}]}]}, {"Node Type": "Index Scan", "Parent Relationship": "Inner", "Scan Direction": "Forward", "Index Name": "idx_customer_nationkey", "Relation Name": "customer", "Alias": "customer", "Startup Cost": 0.0, "Total Cost": 7702.43, "Plan Rows": 60000, "Plan Width": 12, "Actual Startup Time": 0.074, "Actual Total Time": 187.95, "Actual Rows": 119972, "Actual Loops": 2, "Index Cond": "(c_nationkey = n2.n_nationkey)", "Rows Removed by Index Recheck": 0}]}, {"Node Type": "Index Scan", "Parent Relationship": "Inner", "Scan Direction": "Forward", "Index Name": "idx_orders_custkey", "Relation Name": "orders", "Alias": "orders", "Startup Cost": 0.0, "Total Cost": 1.22, "Plan Rows": 4, "Plan Width": 16, "Actual Startup Time": 731.199, "Actual Total Time": 3356.094, "Actual Rows": 1200363, "Actual Loops": 119972, "Index Cond": "(o_custkey = customer.c_custkey)", "Rows Removed by Index Recheck": 0}]}, {"Node Type": "Index Scan", "Parent Relationship": "Inner", "Scan Direction": "Forward", "Index Name": "idx_lineitem_orderkey", "Relation Name": "lineitem", "Alias": "lineitem", "Startup Cost": 0.0, "Total Cost": 0.91, "Plan Rows": 3, "Plan Width": 40, "Actual Startup Time": 13009.933, "Actual Total Time": 14206.429, "Actual Rows": 1459150, "Actual Loops": 1200363, "Index Cond": "(l_orderkey = orders.o_orderkey)", "Rows Removed by Index Recheck": 0, "Filter": "((l_shipdate >= '1995-01-01 00:00:00'::timestamp(0) without time zone) AND (l_shipdate <= '1996-12-31 00:00:00'::timestamp(0) without time zone))", "Rows Removed by Filter": 3342563}]}, {"Node Type": "Index Scan", "Parent Relationship": "Inner", "Scan Direction": "Forward", "Index Name": "supplier_pkey", "Relation Name": "supplier", "Alias": "supplier", "Startup Cost": 0.0, "Total Cost": 0.27, "Plan Rows": 1, "Plan Width": 12, "Actual Startup Time": 6247.248, "Actual Total Time": 6737.791, "Actual Rows": 1459150, "Actual Loops": 1459150, "Index Cond": "(s_suppkey = lineitem.l_suppkey)", "Rows Removed by Index Recheck": 0}]}]}]}, "Triggers": [], "Planner Runtime": 1, "Total Runtime": 27149.746, "Unique SQL Id": 2208782157}}, "(1, 122)": {"explain_plan": {"Plan": {"Node Type": "Aggregate", "Strategy": "Sorted", "Startup Cost": 25342456421.75, "Total Cost": 25342456532.39, "Plan Rows": 3688, "Plan Width": 84, "Group By Key": ["n1.n_name", "n2.n_name", "(date_part('year'::text, lineitem.l_shipdate))"], "Plans": [{"Node Type": "Sort", "Parent Relationship": "Outer", "Startup Cost": 25342456421.75, "Total Cost": 25342456430.97, "Plan Rows": 3688, "Plan Width": 76, "Sort Key": ["n1.n_name", "n2.n_name", "(date_part('year'::text, lineitem.l_shipdate))"], "Plans": [{"Node Type": "Nested Loop", "Parent Relationship": "Outer", "Join Type": "Inner", "Startup Cost": 44.73, "Total Cost": 25342456203.26, "Plan Rows": 3688, "Plan Width": 76, "Inner Unique": false, "Join Filter": "((orders.o_custkey = customer.c_custkey) AND (n2.n_nationkey = customer.c_nationkey))", "Plans": [{"Node Type": "Seq Scan", "Parent Relationship": "Outer", "Relation Name": "customer", "Alias": "customer", "Startup Cost": 0.0, "Total Cost": 52126.0, "Plan Rows": 1500000, "Plan Width": 12}, {"Node Type": "Materialize", "Parent Relationship": "Inner", "Startup Cost": 44.73, "Total Cost": 22921970548.56, "Plan Rows": 92207, "Plan Width": 88, "Plans": [{"Node Type": "Nested Loop", "Parent Relationship": "Outer", "Join Type": "Inner", "Startup Cost": 44.73, "Total Cost": 22921970087.52, "Plan Rows": 92207, "Plan Width": 88, "Inner Unique": false, "Join Filter": "(lineitem.l_orderkey = orders.o_orderkey)", "Plans": [{"Node Type": "Seq Scan", "Parent Relationship": "Outer", "Relation Name": "orders", "Alias": "orders", "Startup Cost": 0.0, "Total Cost": 426413.79, "Plan Rows": 14999479, "Plan Width": 16}, {"Node Type": "Materialize", "Parent Relationship": "Inner", "Startup Cost": 44.73, "Total Cost": 2175689501.95, "Plan Rows": 92207, "Plan Width": 88, "Plans": [{"Node Type": "Nested Loop", "Parent Relationship": "Outer", "Join Type": "Inner", "Startup Cost": 44.73, "Total Cost": 2175689040.92, "Plan Rows": 92207, "Plan Width": 88, "Inner Unique": false, "Join Filter": "(supplier.s_suppkey = lineitem.l_suppkey)", "Plans": [{"Node Type": "Seq Scan", "Parent Relationship": "Outer", "Relation Name": "lineitem", "Alias": "lineitem", "Startup Cost": 44.73, "Total Cost": 2315050.5, "Plan Rows": 18124991, "Plan Width": 40, "Filter": "((l_shipdate >= '1995-01-01 00:00:00'::timestamp(0) without time zone) AND (l_shipdate <= '1996-12-31 00:00:00'::timestamp(0) without time zone)), (LLVM Optimized)"}, {"Node Type": "Materialize", "Parent Relationship": "Inner", "Startup Cost": 0.0, "Total Cost": 6339.6, "Plan Rows": 7994, "Plan Width": 64, "Plans": [{"Node Type": "Nested Loop", "Parent Relationship": "Outer", "Join Type": "Inner", "Startup Cost": 0.0, "Total Cost": 6299.63, "Plan Rows": 7994, "Plan Width": 64, "Inner Unique": false, "Join Filter": "(n1.n_nationkey = supplier.s_nationkey)", "Plans": [{"Node Type": "Seq Scan", "Parent Relationship": "Outer", "Relation Name": "supplier", "Alias": "supplier", "Startup Cost": 0.0, "Total Cost": 3283.0, "Plan Rows": 100000, "Plan Width": 12}, {"Node Type": "Materialize", "Parent Relationship": "Inner", "Startup Cost": 0.0, "Total Cost": 16.64, "Plan Rows": 2, "Plan Width": 60, "Plans": [{"Node Type": "Nested Loop", "Parent Relationship": "Outer", "Join Type": "Inner", "Startup Cost": 0.0, "Total Cost": 16.62, "Plan Rows": 2, "Plan Width": 60, "Inner Unique": false, "Join Filter": "(((n1.n_name = 'JAPAN'::bpchar) AND (n2.n_name = 'INDIA'::bpchar)) OR ((n1.n_name = 'INDIA'::bpchar) AND (n2.n_name = 'JAPAN'::bpchar)))", "Plans": [{"Node Type": "Seq Scan", "Parent Relationship": "Outer", "Relation Name": "nation", "Alias": "n1", "Startup Cost": 0.0, "Total Cost": 1.25, "Plan Rows": 25, "Plan Width": 30, "Filter": "((n_name = 'JAPAN'::bpchar) OR (n_name = 'INDIA'::bpchar))"}, {"Node Type": "Materialize", "Parent Relationship": "Inner", "Startup Cost": 0.0, "Total Cost": 1.38, "Plan Rows": 25, "Plan Width": 30, "Plans": [{"Node Type": "Seq Scan", "Parent Relationship": "Outer", "Relation Name": "nation", "Alias": "n2", "Startup Cost": 0.0, "Total Cost": 1.25, "Plan Rows": 25, "Plan Width": 30, "Filter": "((n_name = 'INDIA'::bpchar) OR (n_name = 'JAPAN'::bpchar))"}]}]}]}]}]}]}]}]}]}]}]}]}, "Unique SQL Id": 2208782157, "Planner Runtime": 1}, "explain_analyze_plan": null}, "(1, 123)": {"explain_plan": {"Plan": {"Node Type": "Aggregate", "Strategy": "Sorted", "Startup Cost": 6025775461631.13, "Total Cost": 6025775461741.77, "Plan Rows": 3688, "Plan Width": 84, "Group By Key": ["n1.n_name", "n2.n_name", "(date_part('year'::text, lineitem.l_shipdate))"], "Plans": [{"Node Type": "Sort", "Parent Relationship": "Outer", "Startup Cost": 6025775461631.13, "Total Cost": 6025775461640.35, "Plan Rows": 3688, "Plan Width": 76, "Sort Key": ["n1.n_name", "n2.n_name", "(date_part('year'::text, lineitem.l_shipdate))"], "Plans": [{"Node Type": "Nested Loop", "Parent Relationship": "Outer", "Join Type": "Inner", "Startup Cost": 60000000000.0, "Total Cost": 6025775461412.64, "Plan Rows": 3688, "Plan Width": 76, "Inner Unique": false, "Join Filter": "((orders.o_custkey = customer.c_custkey) AND (n2.n_nationkey = customer.c_nationkey))", "Plans": [{"Node Type": "Index Scan", "Parent Relationship": "Outer", "Scan Direction": "Forward", "Index Name": "customer_pkey", "Relation Name": "customer", "Alias": "customer", "Startup Cost": 10000000000.0, "Total Cost": 1000008076535.62, "Plan Rows": 1500000, "Plan Width": 12}, {"Node Type": "Materialize", "Parent Relationship": "Inner", "Startup Cost": 50000000000.0, "Total Cost": 5023346951348.32, "Plan Rows": 92207, "Plan Width": 88, "Plans": [{"Node Type": "Nested Loop", "Parent Relationship": "Outer", "Join Type": "Inner", "Startup Cost": 50000000000.0, "Total Cost": 5023346950887.28, "Plan Rows": 92207, "Plan Width": 88, "Inner Unique": true, "Join Filter": "(lineitem.l_orderkey = orders.o_orderkey)", "Plans": [{"Node Type": "Nested Loop", "Parent Relationship": "Outer", "Join Type": "Inner", "Startup Cost": 40000000000.0, "Total Cost": 4002527961142.79, "Plan Rows": 92207, "Plan Width": 88, "Inner Unique": false, "Join Filter": "(supplier.s_suppkey = lineitem.l_suppkey)", "Plans": [{"Node Type": "Nested Loop", "Parent Relationship": "Outer", "Join Type": "Inner", "Startup Cost": 30000000000.0, "Total Cost": 3000000539268.5, "Plan Rows": 7994, "Plan Width": 64, "Inner Unique": false, "Join Filter": "(n1.n_nationkey = supplier.s_nationkey)", "Plans": [{"Node Type": "Nested Loop", "Parent Relationship": "Outer", "Join Type": "Inner", "Startup Cost": 20000000000.0, "Total Cost": 2000000002564.12, "Plan Rows": 2, "Plan Width": 60, "Inner Unique": false, "Join Filter": "(((n1.n_name = 'JAPAN'::bpchar) AND (n2.n_name = 'INDIA'::bpchar)) OR ((n1.n_name = 'INDIA'::bpchar) AND (n2.n_name = 'JAPAN'::bpchar)))", "Plans": [{"Node Type": "Index Scan", "Parent Relationship": "Outer", "Scan Direction": "Forward", "Index Name": "nation_pkey", "Relation Name": "nation", "Alias": "n2", "Startup Cost": 10000000000.0, "Total Cost": 1000000001275.0, "Plan Rows": 25, "Plan Width": 30, "Filter": "((n_name = 'INDIA'::bpchar) OR (n_name = 'JAPAN'::bpchar))"}, {"Node Type": "Materialize", "Parent Relationship": "Inner", "Startup Cost": 10000000000.0, "Total Cost": 1000000001275.12, "Plan Rows": 25, "Plan Width": 30, "Plans": [{"Node Type": "Index Scan", "Parent Relationship": "Outer", "Scan Direction": "Forward", "Index Name": "nation_pkey", "Relation Name": "nation", "Alias": "n1", "Startup Cost": 10000000000.0, "Total Cost": 1000000001275.0, "Plan Rows": 25, "Plan Width": 30, "Filter": "((n_name = 'JAPAN'::bpchar) OR (n_name = 'INDIA'::bpchar))"}]}]}, {"Node Type": "Materialize", "Parent Relationship": "Inner", "Startup Cost": 10000000000.0, "Total Cost": 1000000533954.38, "Plan Rows": 100000, "Plan Width": 12, "Plans": [{"Node Type": "Index Scan", "Parent Relationship": "Outer", "Scan Direction": "Forward", "Index Name": "supplier_pkey", "Relation Name": "supplier", "Alias": "supplier", "Startup Cost": 10000000000.0, "Total Cost": 1000000533454.38, "Plan Rows": 100000, "Plan Width": 12}]}]}, {"Node Type": "Materialize", "Parent Relationship": "Inner", "Startup Cost": 10000000000.0, "Total Cost": 1000354099515.95, "Plan Rows": 18124991, "Plan Width": 40, "Plans": [{"Node Type": "Index Scan", "Parent Relationship": "Outer", "Scan Direction": "Forward", "Index Name": "idx_lineitem_orderkey", "Relation Name": "lineitem", "Alias": "lineitem", "Startup Cost": 10000000000.0, "Total Cost": 1000354008891.0, "Plan Rows": 18124991, "Plan Width": 40, "Filter": "((l_shipdate >= '1995-01-01 00:00:00'::timestamp(0) without time zone) AND (l_shipdate <= '1996-12-31 00:00:00'::timestamp(0) without time zone)), (LLVM Optimized)"}]}]}, {"Node Type": "Materialize", "Parent Relationship": "Inner", "Startup Cost": 10000000000.0, "Total Cost": 1000073172840.9, "Plan Rows": 14999479, "Plan Width": 16, "Plans": [{"Node Type": "Index Scan", "Parent Relationship": "Outer", "Scan Direction": "Forward", "Index Name": "orders_pkey", "Relation Name": "orders", "Alias": "orders", "Startup Cost": 10000000000.0, "Total Cost": 1000073097843.5, "Plan Rows": 14999479, "Plan Width": 16}]}]}]}]}]}]}, "Unique SQL Id": 2208782157, "Planner Runtime": 1}, "explain_analyze_plan": null}, "(1, 124)": {"explain_plan": {"Plan": {"Node Type": "Aggregate", "Strategy": "Sorted", "Startup Cost": 854429.38, "Total Cost": 854540.02, "Plan Rows": 3688, "Plan Width": 84, "Group By Key": ["n1.n_name", "n2.n_name", "(date_part('year'::text, lineitem.l_shipdate))"], "Plans": [{"Node Type": "Sort", "Parent Relationship": "Outer", "Startup Cost": 854429.38, "Total Cost": 854438.6, "Plan Rows": 3688, "Plan Width": 76, "Sort Key": ["n1.n_name", "n2.n_name", "(date_part('year'::text, lineitem.l_shipdate))"], "Plans": [{"Node Type": "Nested Loop", "Parent Relationship": "Outer", "Join Type": "Inner", "Startup Cost": 0.0, "Total Cost": 854210.9, "Plan Rows": 3688, "Plan Width": 76, "Inner Unique": true, "Join Filter": "(n1.n_nationkey = supplier.s_nationkey)", "Plans": [{"Node Type": "Nested Loop", "Parent Relationship": "Outer", "Join Type": "Inner", "Startup Cost": 0.0, "Total Cost": 644493.13, "Plan Rows": 740786, "Plan Width": 88, "Inner Unique": false, "Plans": [{"Node Type": "Nested Loop", "Parent Relationship": "Outer", "Join Type": "Inner", "Startup Cost": 0.0, "Total Cost": 167755.5, "Plan Rows": 504972, "Plan Width": 64, "Inner Unique": false, "Plans": [{"Node Type": "Nested Loop", "Parent Relationship": "Outer", "Join Type": "Inner", "Startup Cost": 0.0, "Total Cost": 16632.98, "Plan Rows": 119904, "Plan Width": 64, "Inner Unique": false, "Plans": [{"Node Type": "Nested Loop", "Parent Relationship": "Outer", "Join Type": "Inner", "Startup Cost": 0.0, "Total Cost": 28.12, "Plan Rows": 2, "Plan Width": 60, "Inner Unique": false, "Join Filter": "(((n1.n_name = 'JAPAN'::bpchar) AND (n2.n_name = 'INDIA'::bpchar)) OR ((n1.n_name = 'INDIA'::bpchar) AND (n2.n_name = 'JAPAN'::bpchar)))", "Plans": [{"Node Type": "Index Scan", "Parent Relationship": "Outer", "Scan Direction": "Forward", "Index Name": "nation_pkey", "Relation Name": "nation", "Alias": "n1", "Startup Cost": 0.0, "Total Cost": 12.75, "Plan Rows": 25, "Plan Width": 30, "Filter": "((n_name = 'JAPAN'::bpchar) OR (n_name = 'INDIA'::bpchar))"}, {"Node Type": "Materialize", "Parent Relationship": "Inner", "Startup Cost": 0.0, "Total Cost": 1.38, "Plan Rows": 25, "Plan Width": 30, "Plans": [{"Node Type": "Seq Scan", "Parent Relationship": "Outer", "Relation Name": "nation", "Alias": "n2", "Startup Cost": 0.0, "Total Cost": 1.25, "Plan Rows": 25, "Plan Width": 30, "Filter": "((n_name = 'INDIA'::bpchar) OR (n_name = 'JAPAN'::bpchar))"}]}]}, {"Node Type": "Index Scan", "Parent Relationship": "Inner", "Scan Direction": "Forward", "Index Name": "idx_customer_nationkey", "Relation Name": "customer", "Alias": "customer", "Startup Cost": 0.0, "Total Cost": 7702.43, "Plan Rows": 60000, "Plan Width": 12, "Index Cond": "(c_nationkey = n2.n_nationkey)"}]}, {"Node Type": "Index Scan", "Parent Relationship": "Inner", "Scan Direction": "Forward", "Index Name": "idx_orders_custkey", "Relation Name": "orders", "Alias": "orders", "Startup Cost": 0.0, "Total Cost": 1.22, "Plan Rows": 4, "Plan Width": 16, "Index Cond": "(o_custkey = customer.c_custkey)"}]}, {"Node Type": "Index Scan", "Parent Relationship": "Inner", "Scan Direction": "Forward", "Index Name": "idx_lineitem_orderkey", "Relation Name": "lineitem", "Alias": "lineitem", "Startup Cost": 0.0, "Total Cost": 0.91, "Plan Rows": 3, "Plan Width": 40, "Index Cond": "(l_orderkey = orders.o_orderkey)", "Filter": "((l_shipdate >= '1995-01-01 00:00:00'::timestamp(0) without time zone) AND (l_shipdate <= '1996-12-31 00:00:00'::timestamp(0) without time zone))"}]}, {"Node Type": "Index Scan", "Parent Relationship": "Inner", "Scan Direction": "Forward", "Index Name": "supplier_pkey", "Relation Name": "supplier", "Alias": "supplier", "Startup Cost": 0.0, "Total Cost": 0.27, "Plan Rows": 1, "Plan Width": 12, "Index Cond": "(s_suppkey = lineitem.l_suppkey)"}]}]}]}, "Unique SQL Id": 2208782157, "Planner Runtime": 1}, "explain_analyze_plan": {"Plan": {"Node Type": "Aggregate", "Strategy": "Sorted", "Startup Cost": 854429.38, "Total Cost": 854540.02, "Plan Rows": 3688, "Plan Width": 84, "Actual Startup Time": 27667.502, "Actual Total Time": 27700.852, "Actual Rows": 4, "Actual Loops": 1, "Group By Key": ["n1.n_name", "n2.n_name", "(date_part('year'::text, lineitem.l_shipdate))"], "Plans": [{"Node Type": "Sort", "Parent Relationship": "Outer", "Startup Cost": 854429.38, "Total Cost": 854438.6, "Plan Rows": 3688, "Plan Width": 76, "Actual Startup Time": 27656.32, "Actual Total Time": 27662.025, "Actual Rows": 58554, "Actual Loops": 1, "Sort Key": ["n1.n_name", "n2.n_name", "(date_part('year'::text, lineitem.l_shipdate))"], "Sort Method": "quicksort", "Sort Space Used": 10686, "Sort Space Type": "Memory", "Plans": [{"Node Type": "Nested Loop", "Parent Relationship": "Outer", "Join Type": "Inner", "Startup Cost": 0.0, "Total Cost": 854210.9, "Plan Rows": 3688, "Plan Width": 76, "Actual Startup Time": 0.393, "Actual Total Time": 27597.387, "Actual Rows": 58554, "Actual Loops": 1, "Inner Unique": true, "Join Filter": "(n1.n_nationkey = supplier.s_nationkey)", "Rows Removed by Join Filter": 1400596, "Plans": [{"Node Type": "Nested Loop", "Parent Relationship": "Outer", "Join Type": "Inner", "Startup Cost": 0.0, "Total Cost": 644493.13, "Plan Rows": 740786, "Plan Width": 88, "Actual Startup Time": 0.197, "Actual Total Time": 19611.219, "Actual Rows": 1459150, "Actual Loops": 1, "Inner Unique": false, "Plans": [{"Node Type": "Nested Loop", "Parent Relationship": "Outer", "Join Type": "Inner", "Startup Cost": 0.0, "Total Cost": 167755.5, "Plan Rows": 504972, "Plan Width": 64, "Actual Startup Time": 0.123, "Actual Total Time": 4070.217, "Actual Rows": 1200363, "Actual Loops": 1, "Inner Unique": false, "Plans": [{"Node Type": "Nested Loop", "Parent Relationship": "Outer", "Join Type": "Inner", "Startup Cost": 0.0, "Total Cost": 16632.98, "Plan Rows": 119904, "Plan Width": 64, "Actual Startup Time": 0.104, "Actual Total Time": 229.258, "Actual Rows": 119972, "Actual Loops": 1, "Inner Unique": false, "Plans": [{"Node Type": "Nested Loop", "Parent Relationship": "Outer", "Join Type": "Inner", "Startup Cost": 0.0, "Total Cost": 28.12, "Plan Rows": 2, "Plan Width": 60, "Actual Startup Time": 0.062, "Actual Total Time": 0.148, "Actual Rows": 2, "Actual Loops": 1, "Inner Unique": false, "Join Filter": "(((n1.n_name = 'JAPAN'::bpchar) AND (n2.n_name = 'INDIA'::bpchar)) OR ((n1.n_name = 'INDIA'::bpchar) AND (n2.n_name = 'JAPAN'::bpchar)))", "Rows Removed by Join Filter": 2, "Plans": [{"Node Type": "Index Scan", "Parent Relationship": "Outer", "Scan Direction": "Forward", "Index Name": "nation_pkey", "Relation Name": "nation", "Alias": "n1", "Startup Cost": 0.0, "Total Cost": 12.75, "Plan Rows": 25, "Plan Width": 30, "Actual Startup Time": 0.034, "Actual Total Time": 0.059, "Actual Rows": 2, "Actual Loops": 1, "Filter": "((n_name = 'JAPAN'::bpchar) OR (n_name = 'INDIA'::bpchar))", "Rows Removed by Filter": 23}, {"Node Type": "Materialize", "Parent Relationship": "Inner", "Startup Cost": 0.0, "Total Cost": 1.38, "Plan Rows": 25, "Plan Width": 30, "Actual Startup Time": 0.019, "Actual Total Time": 0.047, "Actual Rows": 4, "Actual Loops": 2, "Plans": [{"Node Type": "Seq Scan", "Parent Relationship": "Outer", "Relation Name": "nation", "Alias": "n2", "Startup Cost": 0.0, "Total Cost": 1.25, "Plan Rows": 25, "Plan Width": 30, "Actual Startup Time": 0.016, "Actual Total Time": 0.039, "Actual Rows": 2, "Actual Loops": 1, "Filter": "((n_name = 'INDIA'::bpchar) OR (n_name = 'JAPAN'::bpchar))", "Rows Removed by Filter": 23}]}]}, {"Node Type": "Index Scan", "Parent Relationship": "Inner", "Scan Direction": "Forward", "Index Name": "idx_customer_nationkey", "Relation Name": "customer", "Alias": "customer", "Startup Cost": 0.0, "Total Cost": 7702.43, "Plan Rows": 60000, "Plan Width": 12, "Actual Startup Time": 0.062, "Actual Total Time": 191.875, "Actual Rows": 119972, "Actual Loops": 2, "Index Cond": "(c_nationkey = n2.n_nationkey)", "Rows Removed by Index Recheck": 0}]}, {"Node Type": "Index Scan", "Parent Relationship": "Inner", "Scan Direction": "Forward", "Index Name": "idx_orders_custkey", "Relation Name": "orders", "Alias": "orders", "Startup Cost": 0.0, "Total Cost": 1.22, "Plan Rows": 4, "Plan Width": 16, "Actual Startup Time": 752.246, "Actual Total Time": 3474.76, "Actual Rows": 1200363, "Actual Loops": 119972, "Index Cond": "(o_custkey = customer.c_custkey)", "Rows Removed by Index Recheck": 0}]}, {"Node Type": "Index Scan", "Parent Relationship": "Inner", "Scan Direction": "Forward", "Index Name": "idx_lineitem_orderkey", "Relation Name": "lineitem", "Alias": "lineitem", "Startup Cost": 0.0, "Total Cost": 0.91, "Plan Rows": 3, "Plan Width": 40, "Actual Startup Time": 13361.18, "Actual Total Time": 14579.036, "Actual Rows": 1459150, "Actual Loops": 1200363, "Index Cond": "(l_orderkey = orders.o_orderkey)", "Rows Removed by Index Recheck": 0, "Filter": "((l_shipdate >= '1995-01-01 00:00:00'::timestamp(0) without time zone) AND (l_shipdate <= '1996-12-31 00:00:00'::timestamp(0) without time zone))", "Rows Removed by Filter": 3342563}]}, {"Node Type": "Index Scan", "Parent Relationship": "Inner", "Scan Direction": "Forward", "Index Name": "supplier_pkey", "Relation Name": "supplier", "Alias": "supplier", "Startup Cost": 0.0, "Total Cost": 0.27, "Plan Rows": 1, "Plan Width": 12, "Actual Startup Time": 6315.976, "Actual Total Time": 6799.004, "Actual Rows": 1459150, "Actual Loops": 1459150, "Index Cond": "(s_suppkey = lineitem.l_suppkey)", "Rows Removed by Index Recheck": 0}]}]}]}, "Triggers": [], "Planner Runtime": 1, "Total Runtime": 27701.328, "Unique SQL Id": 2208782157}}, "(1, 125)": {"explain_plan": {"Plan": {"Node Type": "Aggregate", "Strategy": "Sorted", "Startup Cost": 854440.88, "Total Cost": 854551.52, "Plan Rows": 3688, "Plan Width": 84, "Group By Key": ["n1.n_name", "n2.n_name", "(date_part('year'::text, lineitem.l_shipdate))"], "Plans": [{"Node Type": "Sort", "Parent Relationship": "Outer", "Startup Cost": 854440.88, "Total Cost": 854450.1, "Plan Rows": 3688, "Plan Width": 76, "Sort Key": ["n1.n_name", "n2.n_name", "(date_part('year'::text, lineitem.l_shipdate))"], "Plans": [{"Node Type": "Nested Loop", "Parent Relationship": "Outer", "Join Type": "Inner", "Startup Cost": 0.0, "Total Cost": 854222.4, "Plan Rows": 3688, "Plan Width": 76, "Inner Unique": true, "Join Filter": "(n1.n_nationkey = supplier.s_nationkey)", "Plans": [{"Node Type": "Nested Loop", "Parent Relationship": "Outer", "Join Type": "Inner", "Startup Cost": 0.0, "Total Cost": 644504.63, "Plan Rows": 740786, "Plan Width": 88, "Inner Unique": false, "Plans": [{"Node Type": "Nested Loop", "Parent Relationship": "Outer", "Join Type": "Inner", "Startup Cost": 0.0, "Total Cost": 167767.0, "Plan Rows": 504972, "Plan Width": 64, "Inner Unique": false, "Plans": [{"Node Type": "Nested Loop", "Parent Relationship": "Outer", "Join Type": "Inner", "Startup Cost": 0.0, "Total Cost": 16644.48, "Plan Rows": 119904, "Plan Width": 64, "Inner Unique": false, "Plans": [{"Node Type": "Nested Loop", "Parent Relationship": "Outer", "Join Type": "Inner", "Startup Cost": 0.0, "Total Cost": 39.62, "Plan Rows": 2, "Plan Width": 60, "Inner Unique": false, "Join Filter": "(((n1.n_name = 'JAPAN'::bpchar) AND (n2.n_name = 'INDIA'::bpchar)) OR ((n1.n_name = 'INDIA'::bpchar) AND (n2.n_name = 'JAPAN'::bpchar)))", "Plans": [{"Node Type": "Index Scan", "Parent Relationship": "Outer", "Scan Direction": "Forward", "Index Name": "nation_pkey", "Relation Name": "nation", "Alias": "n1", "Startup Cost": 0.0, "Total Cost": 12.75, "Plan Rows": 25, "Plan Width": 30, "Filter": "((n_name = 'JAPAN'::bpchar) OR (n_name = 'INDIA'::bpchar))"}, {"Node Type": "Materialize", "Parent Relationship": "Inner", "Startup Cost": 0.0, "Total Cost": 12.88, "Plan Rows": 25, "Plan Width": 30, "Plans": [{"Node Type": "Index Scan", "Parent Relationship": "Outer", "Scan Direction": "Forward", "Index Name": "nation_pkey", "Relation Name": "nation", "Alias": "n2", "Startup Cost": 0.0, "Total Cost": 12.75, "Plan Rows": 25, "Plan Width": 30, "Filter": "((n_name = 'INDIA'::bpchar) OR (n_name = 'JAPAN'::bpchar))"}]}]}, {"Node Type": "Index Scan", "Parent Relationship": "Inner", "Scan Direction": "Forward", "Index Name": "idx_customer_nationkey", "Relation Name": "customer", "Alias": "customer", "Startup Cost": 0.0, "Total Cost": 7702.43, "Plan Rows": 60000, "Plan Width": 12, "Index Cond": "(c_nationkey = n2.n_nationkey)"}]}, {"Node Type": "Index Scan", "Parent Relationship": "Inner", "Scan Direction": "Forward", "Index Name": "idx_orders_custkey", "Relation Name": "orders", "Alias": "orders", "Startup Cost": 0.0, "Total Cost": 1.22, "Plan Rows": 4, "Plan Width": 16, "Index Cond": "(o_custkey = customer.c_custkey)"}]}, {"Node Type": "Index Scan", "Parent Relationship": "Inner", "Scan Direction": "Forward", "Index Name": "idx_lineitem_orderkey", "Relation Name": "lineitem", "Alias": "lineitem", "Startup Cost": 0.0, "Total Cost": 0.91, "Plan Rows": 3, "Plan Width": 40, "Index Cond": "(l_orderkey = orders.o_orderkey)", "Filter": "((l_shipdate >= '1995-01-01 00:00:00'::timestamp(0) without time zone) AND (l_shipdate <= '1996-12-31 00:00:00'::timestamp(0) without time zone))"}]}, {"Node Type": "Index Scan", "Parent Relationship": "Inner", "Scan Direction": "Forward", "Index Name": "supplier_pkey", "Relation Name": "supplier", "Alias": "supplier", "Startup Cost": 0.0, "Total Cost": 0.27, "Plan Rows": 1, "Plan Width": 12, "Index Cond": "(s_suppkey = lineitem.l_suppkey)"}]}]}]}, "Unique SQL Id": 2208782157, "Planner Runtime": 1}, "explain_analyze_plan": {"Plan": {"Node Type": "Aggregate", "Strategy": "Sorted", "Startup Cost": 854440.88, "Total Cost": 854551.52, "Plan Rows": 3688, "Plan Width": 84, "Actual Startup Time": 27114.078, "Actual Total Time": 27149.287, "Actual Rows": 4, "Actual Loops": 1, "Group By Key": ["n1.n_name", "n2.n_name", "(date_part('year'::text, lineitem.l_shipdate))"], "Plans": [{"Node Type": "Sort", "Parent Relationship": "Outer", "Startup Cost": 854440.88, "Total Cost": 854450.1, "Plan Rows": 3688, "Plan Width": 76, "Actual Startup Time": 27101.812, "Actual Total Time": 27108.985, "Actual Rows": 58554, "Actual Loops": 1, "Sort Key": ["n1.n_name", "n2.n_name", "(date_part('year'::text, lineitem.l_shipdate))"], "Sort Method": "quicksort", "Sort Space Used": 10686, "Sort Space Type": "Memory", "Plans": [{"Node Type": "Nested Loop", "Parent Relationship": "Outer", "Join Type": "Inner", "Startup Cost": 0.0, "Total Cost": 854222.4, "Plan Rows": 3688, "Plan Width": 76, "Actual Startup Time": 0.274, "Actual Total Time": 27041.779, "Actual Rows": 58554, "Actual Loops": 1, "Inner Unique": true, "Join Filter": "(n1.n_nationkey = supplier.s_nationkey)", "Rows Removed by Join Filter": 1400596, "Plans": [{"Node Type": "Nested Loop", "Parent Relationship": "Outer", "Join Type": "Inner", "Startup Cost": 0.0, "Total Cost": 644504.63, "Plan Rows": 740786, "Plan Width": 88, "Actual Startup Time": 0.153, "Actual Total Time": 19121.888, "Actual Rows": 1459150, "Actual Loops": 1, "Inner Unique": false, "Plans": [{"Node Type": "Nested Loop", "Parent Relationship": "Outer", "Join Type": "Inner", "Startup Cost": 0.0, "Total Cost": 167767.0, "Plan Rows": 504972, "Plan Width": 64, "Actual Startup Time": 0.104, "Actual Total Time": 3943.532, "Actual Rows": 1200363, "Actual Loops": 1, "Inner Unique": false, "Plans": [{"Node Type": "Nested Loop", "Parent Relationship": "Outer", "Join Type": "Inner", "Startup Cost": 0.0, "Total Cost": 16644.48, "Plan Rows": 119904, "Plan Width": 64, "Actual Startup Time": 0.09, "Actual Total Time": 224.862, "Actual Rows": 119972, "Actual Loops": 1, "Inner Unique": false, "Plans": [{"Node Type": "Nested Loop", "Parent Relationship": "Outer", "Join Type": "Inner", "Startup Cost": 0.0, "Total Cost": 39.62, "Plan Rows": 2, "Plan Width": 60, "Actual Startup Time": 0.058, "Actual Total Time": 0.307, "Actual Rows": 2, "Actual Loops": 1, "Inner Unique": false, "Join Filter": "(((n1.n_name = 'JAPAN'::bpchar) AND (n2.n_name = 'INDIA'::bpchar)) OR ((n1.n_name = 'INDIA'::bpchar) AND (n2.n_name = 'JAPAN'::bpchar)))", "Rows Removed by Join Filter": 2, "Plans": [{"Node Type": "Index Scan", "Parent Relationship": "Outer", "Scan Direction": "Forward", "Index Name": "nation_pkey", "Relation Name": "nation", "Alias": "n1", "Startup Cost": 0.0, "Total Cost": 12.75, "Plan Rows": 25, "Plan Width": 30, "Actual Startup Time": 0.034, "Actual Total Time": 0.086, "Actual Rows": 2, "Actual Loops": 1, "Filter": "((n_name = 'JAPAN'::bpchar) OR (n_name = 'INDIA'::bpchar))", "Rows Removed by Filter": 23}, {"Node Type": "Materialize", "Parent Relationship": "Inner", "Startup Cost": 0.0, "Total Cost": 12.88, "Plan Rows": 25, "Plan Width": 30, "Actual Startup Time": 0.017, "Actual Total Time": 0.047, "Actual Rows": 4, "Actual Loops": 2, "Plans": [{"Node Type": "Index Scan", "Parent Relationship": "Outer", "Scan Direction": "Forward", "Index Name": "nation_pkey", "Relation Name": "nation", "Alias": "n2", "Startup Cost": 0.0, "Total Cost": 12.75, "Plan Rows": 25, "Plan Width": 30, "Actual Startup Time": 0.01, "Actual Total Time": 0.034, "Actual Rows": 2, "Actual Loops": 1, "Filter": "((n_name = 'INDIA'::bpchar) OR (n_name = 'JAPAN'::bpchar))", "Rows Removed by Filter": 23}]}]}, {"Node Type": "Index Scan", "Parent Relationship": "Inner", "Scan Direction": "Forward", "Index Name": "idx_customer_nationkey", "Relation Name": "customer", "Alias": "customer", "Startup Cost": 0.0, "Total Cost": 7702.43, "Plan Rows": 60000, "Plan Width": 12, "Actual Startup Time": 0.074, "Actual Total Time": 187.95, "Actual Rows": 119972, "Actual Loops": 2, "Index Cond": "(c_nationkey = n2.n_nationkey)", "Rows Removed by Index Recheck": 0}]}, {"Node Type": "Index Scan", "Parent Relationship": "Inner", "Scan Direction": "Forward", "Index Name": "idx_orders_custkey", "Relation Name": "orders", "Alias": "orders", "Startup Cost": 0.0, "Total Cost": 1.22, "Plan Rows": 4, "Plan Width": 16, "Actual Startup Time": 731.199, "Actual Total Time": 3356.094, "Actual Rows": 1200363, "Actual Loops": 119972, "Index Cond": "(o_custkey = customer.c_custkey)", "Rows Removed by Index Recheck": 0}]}, {"Node Type": "Index Scan", "Parent Relationship": "Inner", "Scan Direction": "Forward", "Index Name": "idx_lineitem_orderkey", "Relation Name": "lineitem", "Alias": "lineitem", "Startup Cost": 0.0, "Total Cost": 0.91, "Plan Rows": 3, "Plan Width": 40, "Actual Startup Time": 13009.933, "Actual Total Time": 14206.429, "Actual Rows": 1459150, "Actual Loops": 1200363, "Index Cond": "(l_orderkey = orders.o_orderkey)", "Rows Removed by Index Recheck": 0, "Filter": "((l_shipdate >= '1995-01-01 00:00:00'::timestamp(0) without time zone) AND (l_shipdate <= '1996-12-31 00:00:00'::timestamp(0) without time zone))", "Rows Removed by Filter": 3342563}]}, {"Node Type": "Index Scan", "Parent Relationship": "Inner", "Scan Direction": "Forward", "Index Name": "supplier_pkey", "Relation Name": "supplier", "Alias": "supplier", "Startup Cost": 0.0, "Total Cost": 0.27, "Plan Rows": 1, "Plan Width": 12, "Actual Startup Time": 6247.248, "Actual Total Time": 6737.791, "Actual Rows": 1459150, "Actual Loops": 1459150, "Index Cond": "(s_suppkey = lineitem.l_suppkey)", "Rows Removed by Index Recheck": 0}]}]}]}, "Triggers": [], "Planner Runtime": 1, "Total Runtime": 27149.746, "Unique SQL Id": 2208782157}}, "(1, 126)": {"explain_plan": {"Plan": {"Node Type": "Aggregate", "Strategy": "Sorted", "Startup Cost": 25342456421.75, "Total Cost": 25342456532.39, "Plan Rows": 3688, "Plan Width": 84, "Group By Key": ["n1.n_name", "n2.n_name", "(date_part('year'::text, lineitem.l_shipdate))"], "Plans": [{"Node Type": "Sort", "Parent Relationship": "Outer", "Startup Cost": 25342456421.75, "Total Cost": 25342456430.97, "Plan Rows": 3688, "Plan Width": 76, "Sort Key": ["n1.n_name", "n2.n_name", "(date_part('year'::text, lineitem.l_shipdate))"], "Plans": [{"Node Type": "Nested Loop", "Parent Relationship": "Outer", "Join Type": "Inner", "Startup Cost": 44.73, "Total Cost": 25342456203.26, "Plan Rows": 3688, "Plan Width": 76, "Inner Unique": false, "Join Filter": "((orders.o_custkey = customer.c_custkey) AND (n2.n_nationkey = customer.c_nationkey))", "Plans": [{"Node Type": "Seq Scan", "Parent Relationship": "Outer", "Relation Name": "customer", "Alias": "customer", "Startup Cost": 0.0, "Total Cost": 52126.0, "Plan Rows": 1500000, "Plan Width": 12}, {"Node Type": "Materialize", "Parent Relationship": "Inner", "Startup Cost": 44.73, "Total Cost": 22921970548.56, "Plan Rows": 92207, "Plan Width": 88, "Plans": [{"Node Type": "Nested Loop", "Parent Relationship": "Outer", "Join Type": "Inner", "Startup Cost": 44.73, "Total Cost": 22921970087.52, "Plan Rows": 92207, "Plan Width": 88, "Inner Unique": false, "Join Filter": "(lineitem.l_orderkey = orders.o_orderkey)", "Plans": [{"Node Type": "Seq Scan", "Parent Relationship": "Outer", "Relation Name": "orders", "Alias": "orders", "Startup Cost": 0.0, "Total Cost": 426413.79, "Plan Rows": 14999479, "Plan Width": 16}, {"Node Type": "Materialize", "Parent Relationship": "Inner", "Startup Cost": 44.73, "Total Cost": 2175689501.95, "Plan Rows": 92207, "Plan Width": 88, "Plans": [{"Node Type": "Nested Loop", "Parent Relationship": "Outer", "Join Type": "Inner", "Startup Cost": 44.73, "Total Cost": 2175689040.92, "Plan Rows": 92207, "Plan Width": 88, "Inner Unique": false, "Join Filter": "(supplier.s_suppkey = lineitem.l_suppkey)", "Plans": [{"Node Type": "Seq Scan", "Parent Relationship": "Outer", "Relation Name": "lineitem", "Alias": "lineitem", "Startup Cost": 44.73, "Total Cost": 2315050.5, "Plan Rows": 18124991, "Plan Width": 40, "Filter": "((l_shipdate >= '1995-01-01 00:00:00'::timestamp(0) without time zone) AND (l_shipdate <= '1996-12-31 00:00:00'::timestamp(0) without time zone)), (LLVM Optimized)"}, {"Node Type": "Materialize", "Parent Relationship": "Inner", "Startup Cost": 0.0, "Total Cost": 6339.6, "Plan Rows": 7994, "Plan Width": 64, "Plans": [{"Node Type": "Nested Loop", "Parent Relationship": "Outer", "Join Type": "Inner", "Startup Cost": 0.0, "Total Cost": 6299.63, "Plan Rows": 7994, "Plan Width": 64, "Inner Unique": false, "Join Filter": "(n1.n_nationkey = supplier.s_nationkey)", "Plans": [{"Node Type": "Seq Scan", "Parent Relationship": "Outer", "Relation Name": "supplier", "Alias": "supplier", "Startup Cost": 0.0, "Total Cost": 3283.0, "Plan Rows": 100000, "Plan Width": 12}, {"Node Type": "Materialize", "Parent Relationship": "Inner", "Startup Cost": 0.0, "Total Cost": 16.64, "Plan Rows": 2, "Plan Width": 60, "Plans": [{"Node Type": "Nested Loop", "Parent Relationship": "Outer", "Join Type": "Inner", "Startup Cost": 0.0, "Total Cost": 16.62, "Plan Rows": 2, "Plan Width": 60, "Inner Unique": false, "Join Filter": "(((n1.n_name = 'JAPAN'::bpchar) AND (n2.n_name = 'INDIA'::bpchar)) OR ((n1.n_name = 'INDIA'::bpchar) AND (n2.n_name = 'JAPAN'::bpchar)))", "Plans": [{"Node Type": "Seq Scan", "Parent Relationship": "Outer", "Relation Name": "nation", "Alias": "n1", "Startup Cost": 0.0, "Total Cost": 1.25, "Plan Rows": 25, "Plan Width": 30, "Filter": "((n_name = 'JAPAN'::bpchar) OR (n_name = 'INDIA'::bpchar))"}, {"Node Type": "Materialize", "Parent Relationship": "Inner", "Startup Cost": 0.0, "Total Cost": 1.38, "Plan Rows": 25, "Plan Width": 30, "Plans": [{"Node Type": "Seq Scan", "Parent Relationship": "Outer", "Relation Name": "nation", "Alias": "n2", "Startup Cost": 0.0, "Total Cost": 1.25, "Plan Rows": 25, "Plan Width": 30, "Filter": "((n_name = 'INDIA'::bpchar) OR (n_name = 'JAPAN'::bpchar))"}]}]}]}]}]}]}]}]}]}]}]}]}, "Unique SQL Id": 2208782157, "Planner Runtime": 1}, "explain_analyze_plan": null}, "(1, 127)": {"explain_plan": {"Plan": {"Node Type": "Aggregate", "Strategy": "Sorted", "Startup Cost": 6025775461631.13, "Total Cost": 6025775461741.77, "Plan Rows": 3688, "Plan Width": 84, "Group By Key": ["n1.n_name", "n2.n_name", "(date_part('year'::text, lineitem.l_shipdate))"], "Plans": [{"Node Type": "Sort", "Parent Relationship": "Outer", "Startup Cost": 6025775461631.13, "Total Cost": 6025775461640.35, "Plan Rows": 3688, "Plan Width": 76, "Sort Key": ["n1.n_name", "n2.n_name", "(date_part('year'::text, lineitem.l_shipdate))"], "Plans": [{"Node Type": "Nested Loop", "Parent Relationship": "Outer", "Join Type": "Inner", "Startup Cost": 60000000000.0, "Total Cost": 6025775461412.64, "Plan Rows": 3688, "Plan Width": 76, "Inner Unique": false, "Join Filter": "((orders.o_custkey = customer.c_custkey) AND (n2.n_nationkey = customer.c_nationkey))", "Plans": [{"Node Type": "Index Scan", "Parent Relationship": "Outer", "Scan Direction": "Forward", "Index Name": "customer_pkey", "Relation Name": "customer", "Alias": "customer", "Startup Cost": 10000000000.0, "Total Cost": 1000008076535.62, "Plan Rows": 1500000, "Plan Width": 12}, {"Node Type": "Materialize", "Parent Relationship": "Inner", "Startup Cost": 50000000000.0, "Total Cost": 5023346951348.32, "Plan Rows": 92207, "Plan Width": 88, "Plans": [{"Node Type": "Nested Loop", "Parent Relationship": "Outer", "Join Type": "Inner", "Startup Cost": 50000000000.0, "Total Cost": 5023346950887.28, "Plan Rows": 92207, "Plan Width": 88, "Inner Unique": true, "Join Filter": "(lineitem.l_orderkey = orders.o_orderkey)", "Plans": [{"Node Type": "Nested Loop", "Parent Relationship": "Outer", "Join Type": "Inner", "Startup Cost": 40000000000.0, "Total Cost": 4002527961142.79, "Plan Rows": 92207, "Plan Width": 88, "Inner Unique": false, "Join Filter": "(supplier.s_suppkey = lineitem.l_suppkey)", "Plans": [{"Node Type": "Nested Loop", "Parent Relationship": "Outer", "Join Type": "Inner", "Startup Cost": 30000000000.0, "Total Cost": 3000000539268.5, "Plan Rows": 7994, "Plan Width": 64, "Inner Unique": false, "Join Filter": "(n1.n_nationkey = supplier.s_nationkey)", "Plans": [{"Node Type": "Nested Loop", "Parent Relationship": "Outer", "Join Type": "Inner", "Startup Cost": 20000000000.0, "Total Cost": 2000000002564.12, "Plan Rows": 2, "Plan Width": 60, "Inner Unique": false, "Join Filter": "(((n1.n_name = 'JAPAN'::bpchar) AND (n2.n_name = 'INDIA'::bpchar)) OR ((n1.n_name = 'INDIA'::bpchar) AND (n2.n_name = 'JAPAN'::bpchar)))", "Plans": [{"Node Type": "Index Scan", "Parent Relationship": "Outer", "Scan Direction": "Forward", "Index Name": "nation_pkey", "Relation Name": "nation", "Alias": "n2", "Startup Cost": 10000000000.0, "Total Cost": 1000000001275.0, "Plan Rows": 25, "Plan Width": 30, "Filter": "((n_name = 'INDIA'::bpchar) OR (n_name = 'JAPAN'::bpchar))"}, {"Node Type": "Materialize", "Parent Relationship": "Inner", "Startup Cost": 10000000000.0, "Total Cost": 1000000001275.12, "Plan Rows": 25, "Plan Width": 30, "Plans": [{"Node Type": "Index Scan", "Parent Relationship": "Outer", "Scan Direction": "Forward", "Index Name": "nation_pkey", "Relation Name": "nation", "Alias": "n1", "Startup Cost": 10000000000.0, "Total Cost": 1000000001275.0, "Plan Rows": 25, "Plan Width": 30, "Filter": "((n_name = 'JAPAN'::bpchar) OR (n_name = 'INDIA'::bpchar))"}]}]}, {"Node Type": "Materialize", "Parent Relationship": "Inner", "Startup Cost": 10000000000.0, "Total Cost": 1000000533954.38, "Plan Rows": 100000, "Plan Width": 12, "Plans": [{"Node Type": "Index Scan", "Parent Relationship": "Outer", "Scan Direction": "Forward", "Index Name": "supplier_pkey", "Relation Name": "supplier", "Alias": "supplier", "Startup Cost": 10000000000.0, "Total Cost": 1000000533454.38, "Plan Rows": 100000, "Plan Width": 12}]}]}, {"Node Type": "Materialize", "Parent Relationship": "Inner", "Startup Cost": 10000000000.0, "Total Cost": 1000354099515.95, "Plan Rows": 18124991, "Plan Width": 40, "Plans": [{"Node Type": "Index Scan", "Parent Relationship": "Outer", "Scan Direction": "Forward", "Index Name": "idx_lineitem_orderkey", "Relation Name": "lineitem", "Alias": "lineitem", "Startup Cost": 10000000000.0, "Total Cost": 1000354008891.0, "Plan Rows": 18124991, "Plan Width": 40, "Filter": "((l_shipdate >= '1995-01-01 00:00:00'::timestamp(0) without time zone) AND (l_shipdate <= '1996-12-31 00:00:00'::timestamp(0) without time zone)), (LLVM Optimized)"}]}]}, {"Node Type": "Materialize", "Parent Relationship": "Inner", "Startup Cost": 10000000000.0, "Total Cost": 1000073172840.9, "Plan Rows": 14999479, "Plan Width": 16, "Plans": [{"Node Type": "Index Scan", "Parent Relationship": "Outer", "Scan Direction": "Forward", "Index Name": "orders_pkey", "Relation Name": "orders", "Alias": "orders", "Startup Cost": 10000000000.0, "Total Cost": 1000073097843.5, "Plan Rows": 14999479, "Plan Width": 16}]}]}]}]}]}]}, "Unique SQL Id": 2208782157, "Planner Runtime": 1}, "explain_analyze_plan": null}, "(16, 0)": {"explain_plan": {"Plan": {"Node Type": "Sort", "Startup Cost": 653440.12, "Total Cost": 653449.34, "Plan Rows": 3688, "Plan Width": 84, "Sort Key": ["n1.n_name", "n2.n_name", "(date_part('year'::text, lineitem.l_shipdate))"], "Plans": [{"Node Type": "Aggregate", "Strategy": "Hashed", "Parent Relationship": "Outer", "Startup Cost": 653175.54, "Total Cost": 653221.64, "Plan Rows": 3688, "Plan Width": 84, "Group By Key": ["n1.n_name", "n2.n_name", "date_part('year'::text, lineitem.l_shipdate)"], "Plans": [{"Node Type": "Hash Join", "Parent Relationship": "Outer", "Join Type": "Inner", "Startup Cost": 5813.37, "Total Cost": 653120.22, "Plan Rows": 3688, "Plan Width": 76, "Inner Unique": true, "Hash Cond": "((lineitem.l_suppkey = supplier.s_suppkey) AND (n1.n_nationkey = supplier.s_nationkey))", "Plans": [{"Node Type": "Nested Loop", "Parent Relationship": "Outer", "Join Type": "Inner", "Startup Cost": 1030.37, "Total Cost": 642753.24, "Plan Rows": 740786, "Plan Width": 88, "Inner Unique": false, "Plans": [{"Node Type": "Nested Loop", "Parent Relationship": "Outer", "Join Type": "Inner", "Startup Cost": 1030.37, "Total Cost": 166015.61, "Plan Rows": 504972, "Plan Width": 64, "Inner Unique": false, "Plans": [{"Node Type": "Nested Loop", "Parent Relationship": "Outer", "Join Type": "Inner", "Startup Cost": 1030.37, "Total Cost": 14893.09, "Plan Rows": 119904, "Plan Width": 64, "Inner Unique": false, "Plans": [{"Node Type": "Nested Loop", "Parent Relationship": "Outer", "Join Type": "Inner", "Startup Cost": 0.0, "Total Cost": 28.12, "Plan Rows": 2, "Plan Width": 60, "Inner Unique": false, "Join Filter": "(((n1.n_name = 'JAPAN'::bpchar) AND (n2.n_name = 'INDIA'::bpchar)) OR ((n1.n_name = 'INDIA'::bpchar) AND (n2.n_name = 'JAPAN'::bpchar)))", "Plans": [{"Node Type": "Index Scan", "Parent Relationship": "Outer", "Scan Direction": "Forward", "Index Name": "nation_pkey", "Relation Name": "nation", "Alias": "n1", "Startup Cost": 0.0, "Total Cost": 12.75, "Plan Rows": 25, "Plan Width": 30, "Filter": "((n_name = 'JAPAN'::bpchar) OR (n_name = 'INDIA'::bpchar))"}, {"Node Type": "Materialize", "Parent Relationship": "Inner", "Startup Cost": 0.0, "Total Cost": 1.38, "Plan Rows": 25, "Plan Width": 30, "Plans": [{"Node Type": "Seq Scan", "Parent Relationship": "Outer", "Relation Name": "nation", "Alias": "n2", "Startup Cost": 0.0, "Total Cost": 1.25, "Plan Rows": 25, "Plan Width": 30, "Filter": "((n_name = 'INDIA'::bpchar) OR (n_name = 'JAPAN'::bpchar))"}]}]}, {"Node Type": "Bitmap Heap Scan", "Parent Relationship": "Inner", "Relation Name": "customer", "Alias": "customer", "Startup Cost": 1030.37, "Total Cost": 6832.48, "Plan Rows": 60000, "Plan Width": 12, "Recheck Cond": "(c_nationkey = n2.n_nationkey)", "Plans": [{"Node Type": "Bitmap Index Scan", "Parent Relationship": "Outer", "Index Name": "idx_customer_nationkey", "Startup Cost": 0.0, "Total Cost": 1015.37, "Plan Rows": 60000, "Plan Width": 0, "Index Cond": "(c_nationkey = n2.n_nationkey)"}]}]}, {"Node Type": "Index Scan", "Parent Relationship": "Inner", "Scan Direction": "Forward", "Index Name": "idx_orders_custkey", "Relation Name": "orders", "Alias": "orders", "Startup Cost": 0.0, "Total Cost": 1.22, "Plan Rows": 4, "Plan Width": 16, "Index Cond": "(o_custkey = customer.c_custkey)"}]}, {"Node Type": "Index Scan", "Parent Relationship": "Inner", "Scan Direction": "Forward", "Index Name": "idx_lineitem_orderkey", "Relation Name": "lineitem", "Alias": "lineitem", "Startup Cost": 0.0, "Total Cost": 0.91, "Plan Rows": 3, "Plan Width": 40, "Index Cond": "(l_orderkey = orders.o_orderkey)", "Filter": "((l_shipdate >= '1995-01-01 00:00:00'::timestamp(0) without time zone) AND (l_shipdate <= '1996-12-31 00:00:00'::timestamp(0) without time zone))"}]}, {"Node Type": "Hash", "Parent Relationship": "Inner", "Startup Cost": 3283.0, "Total Cost": 3283.0, "Plan Rows": 100000, "Plan Width": 12, "Plans": [{"Node Type": "Seq Scan", "Parent Relationship": "Outer", "Relation Name": "supplier", "Alias": "supplier", "Startup Cost": 0.0, "Total Cost": 3283.0, "Plan Rows": 100000, "Plan Width": 12}]}]}]}]}, "Unique SQL Id": 2208782157, "Planner Runtime": 6}, "explain_analyze_plan": {"Plan": {"Node Type": "Sort", "Startup Cost": 653440.12, "Total Cost": 653449.34, "Plan Rows": 3688, "Plan Width": 84, "Actual Startup Time": 20103.797, "Actual Total Time": 20103.798, "Actual Rows": 4, "Actual Loops": 1, "Sort Key": ["n1.n_name", "n2.n_name", "(date_part('year'::text, lineitem.l_shipdate))"], "Sort Method": "quicksort", "Sort Space Used": 25, "Sort Space Type": "Memory", "Plans": [{"Node Type": "Aggregate", "Strategy": "Hashed", "Parent Relationship": "Outer", "Startup Cost": 653175.54, "Total Cost": 653221.64, "Plan Rows": 3688, "Plan Width": 84, "Actual Startup Time": 20103.746, "Actual Total Time": 20103.751, "Actual Rows": 4, "Actual Loops": 1, "Group By Key": ["n1.n_name", "n2.n_name", "date_part('year'::text, lineitem.l_shipdate)"], "Plans": [{"Node Type": "Hash Join", "Parent Relationship": "Outer", "Join Type": "Inner", "Startup Cost": 5813.37, "Total Cost": 653120.22, "Plan Rows": 3688, "Plan Width": 76, "Actual Startup Time": 85.042, "Actual Total Time": 19996.393, "Actual Rows": 58554, "Actual Loops": 1, "Inner Unique": true, "Hash Cond": "((lineitem.l_suppkey = supplier.s_suppkey) AND (n1.n_nationkey = supplier.s_nationkey))", "Plans": [{"Node Type": "Nested Loop", "Parent Relationship": "Outer", "Join Type": "Inner", "Startup Cost": 1030.37, "Total Cost": 642753.24, "Plan Rows": 740786, "Plan Width": 88, "Actual Startup Time": 17.925, "Actual Total Time": 19160.504, "Actual Rows": 1459150, "Actual Loops": 1, "Inner Unique": false, "Plans": [{"Node Type": "Nested Loop", "Parent Relationship": "Outer", "Join Type": "Inner", "Startup Cost": 1030.37, "Total Cost": 166015.61, "Plan Rows": 504972, "Plan Width": 64, "Actual Startup Time": 17.854, "Actual Total Time": 4038.633, "Actual Rows": 1200363, "Actual Loops": 1, "Inner Unique": false, "Plans": [{"Node Type": "Nested Loop", "Parent Relationship": "Outer", "Join Type": "Inner", "Startup Cost": 1030.37, "Total Cost": 14893.09, "Plan Rows": 119904, "Plan Width": 64, "Actual Startup Time": 17.831, "Actual Total Time": 288.377, "Actual Rows": 119972, "Actual Loops": 1, "Inner Unique": false, "Plans": [{"Node Type": "Nested Loop", "Parent Relationship": "Outer", "Join Type": "Inner", "Startup Cost": 0.0, "Total Cost": 28.12, "Plan Rows": 2, "Plan Width": 60, "Actual Startup Time": 0.065, "Actual Total Time": 0.193, "Actual Rows": 2, "Actual Loops": 1, "Inner Unique": false, "Join Filter": "(((n1.n_name = 'JAPAN'::bpchar) AND (n2.n_name = 'INDIA'::bpchar)) OR ((n1.n_name = 'INDIA'::bpchar) AND (n2.n_name = 'JAPAN'::bpchar)))", "Rows Removed by Join Filter": 2, "Plans": [{"Node Type": "Index Scan", "Parent Relationship": "Outer", "Scan Direction": "Forward", "Index Name": "nation_pkey", "Relation Name": "nation", "Alias": "n1", "Startup Cost": 0.0, "Total Cost": 12.75, "Plan Rows": 25, "Plan Width": 30, "Actual Startup Time": 0.027, "Actual Total Time": 0.056, "Actual Rows": 2, "Actual Loops": 1, "Filter": "((n_name = 'JAPAN'::bpchar) OR (n_name = 'INDIA'::bpchar))", "Rows Removed by Filter": 23}, {"Node Type": "Materialize", "Parent Relationship": "Inner", "Startup Cost": 0.0, "Total Cost": 1.38, "Plan Rows": 25, "Plan Width": 30, "Actual Startup Time": 0.029, "Actual Total Time": 0.076, "Actual Rows": 4, "Actual Loops": 2, "Plans": [{"Node Type": "Seq Scan", "Parent Relationship": "Outer", "Relation Name": "nation", "Alias": "n2", "Startup Cost": 0.0, "Total Cost": 1.25, "Plan Rows": 25, "Plan Width": 30, "Actual Startup Time": 0.019, "Actual Total Time": 0.04, "Actual Rows": 2, "Actual Loops": 1, "Filter": "((n_name = 'INDIA'::bpchar) OR (n_name = 'JAPAN'::bpchar))", "Rows Removed by Filter": 23}]}]}, {"Node Type": "Bitmap Heap Scan", "Parent Relationship": "Inner", "Relation Name": "customer", "Alias": "customer", "Startup Cost": 1030.37, "Total Cost": 6832.48, "Plan Rows": 60000, "Plan Width": 12, "Actual Startup Time": 38.608, "Actual Total Time": 257.954, "Actual Rows": 119972, "Actual Loops": 2, "Recheck Cond": "(c_nationkey = n2.n_nationkey)", "Rows Removed by Index Recheck": 0, "Exact Heap Blocks": 59938, "Lossy Heap Blocks": 59938, "Plans": [{"Node Type": "Bitmap Index Scan", "Parent Relationship": "Outer", "Index Name": "idx_customer_nationkey", "Startup Cost": 0.0, "Total Cost": 1015.37, "Plan Rows": 60000, "Plan Width": 0, "Actual Startup Time": 25.078, "Actual Total Time": 25.078, "Actual Rows": 119972, "Actual Loops": 2, "Index Cond": "(c_nationkey = n2.n_nationkey)"}]}]}, {"Node Type": "Index Scan", "Parent Relationship": "Inner", "Scan Direction": "Forward", "Index Name": "idx_orders_custkey", "Relation Name": "orders", "Alias": "orders", "Startup Cost": 0.0, "Total Cost": 1.22, "Plan Rows": 4, "Plan Width": 16, "Actual Startup Time": 739.615, "Actual Total Time": 3408.437, "Actual Rows": 1200363, "Actual Loops": 119972, "Index Cond": "(o_custkey = customer.c_custkey)", "Rows Removed by Index Recheck": 0}]}, {"Node Type": "Index Scan", "Parent Relationship": "Inner", "Scan Direction": "Forward", "Index Name": "idx_lineitem_orderkey", "Relation Name": "lineitem", "Alias": "lineitem", "Startup Cost": 0.0, "Total Cost": 0.91, "Plan Rows": 3, "Plan Width": 40, "Actual Startup Time": 12978.784, "Actual Total Time": 14155.996, "Actual Rows": 1459150, "Actual Loops": 1200363, "Index Cond": "(l_orderkey = orders.o_orderkey)", "Rows Removed by Index Recheck": 0, "Filter": "((l_shipdate >= '1995-01-01 00:00:00'::timestamp(0) without time zone) AND (l_shipdate <= '1996-12-31 00:00:00'::timestamp(0) without time zone))", "Rows Removed by Filter": 3342563}]}, {"Node Type": "Hash", "Parent Relationship": "Inner", "Startup Cost": 3283.0, "Total Cost": 3283.0, "Plan Rows": 100000, "Plan Width": 12, "Actual Startup Time": 66.855, "Actual Total Time": 66.855, "Actual Rows": 100000, "Actual Loops": 1, "Hash Buckets": 131072, "Hash Batches": 1, "Original Hash Batches": 1, "Peak Memory Usage": 4297, "Plans": [{"Node Type": "Seq Scan", "Parent Relationship": "Outer", "Relation Name": "supplier", "Alias": "supplier", "Startup Cost": 0.0, "Total Cost": 3283.0, "Plan Rows": 100000, "Plan Width": 12, "Actual Startup Time": 0.014, "Actual Total Time": 36.293, "Actual Rows": 100000, "Actual Loops": 1}]}]}]}]}, "Triggers": [], "Planner Runtime": 3, "Total Runtime": 20104.174, "Unique SQL Id": 2208782157}}, "(16, 1)": {"explain_plan": {"Plan": {"Node Type": "Sort", "Startup Cost": 655503.17, "Total Cost": 655512.39, "Plan Rows": 3688, "Plan Width": 84, "Sort Key": ["n1.n_name", "n2.n_name", "(date_part('year'::text, lineitem.l_shipdate))"], "Plans": [{"Node Type": "Aggregate", "Strategy": "Hashed", "Parent Relationship": "Outer", "Startup Cost": 655238.58, "Total Cost": 655284.68, "Plan Rows": 3688, "Plan Width": 84, "Group By Key": ["n1.n_name", "n2.n_name", "date_part('year'::text, lineitem.l_shipdate)"], "Plans": [{"Node Type": "Hash Join", "Parent Relationship": "Outer", "Join Type": "Inner", "Startup Cost": 7864.91, "Total Cost": 655183.26, "Plan Rows": 3688, "Plan Width": 76, "Inner Unique": true, "Hash Cond": "((lineitem.l_suppkey = supplier.s_suppkey) AND (n1.n_nationkey = supplier.s_nationkey))", "Plans": [{"Node Type": "Nested Loop", "Parent Relationship": "Outer", "Join Type": "Inner", "Startup Cost": 1030.37, "Total Cost": 642764.74, "Plan Rows": 740786, "Plan Width": 88, "Inner Unique": false, "Plans": [{"Node Type": "Nested Loop", "Parent Relationship": "Outer", "Join Type": "Inner", "Startup Cost": 1030.37, "Total Cost": 166027.11, "Plan Rows": 504972, "Plan Width": 64, "Inner Unique": false, "Plans": [{"Node Type": "Nested Loop", "Parent Relationship": "Outer", "Join Type": "Inner", "Startup Cost": 1030.37, "Total Cost": 14904.59, "Plan Rows": 119904, "Plan Width": 64, "Inner Unique": false, "Plans": [{"Node Type": "Nested Loop", "Parent Relationship": "Outer", "Join Type": "Inner", "Startup Cost": 0.0, "Total Cost": 39.62, "Plan Rows": 2, "Plan Width": 60, "Inner Unique": false, "Join Filter": "(((n1.n_name = 'JAPAN'::bpchar) AND (n2.n_name = 'INDIA'::bpchar)) OR ((n1.n_name = 'INDIA'::bpchar) AND (n2.n_name = 'JAPAN'::bpchar)))", "Plans": [{"Node Type": "Index Scan", "Parent Relationship": "Outer", "Scan Direction": "Forward", "Index Name": "nation_pkey", "Relation Name": "nation", "Alias": "n1", "Startup Cost": 0.0, "Total Cost": 12.75, "Plan Rows": 25, "Plan Width": 30, "Filter": "((n_name = 'JAPAN'::bpchar) OR (n_name = 'INDIA'::bpchar))"}, {"Node Type": "Materialize", "Parent Relationship": "Inner", "Startup Cost": 0.0, "Total Cost": 12.88, "Plan Rows": 25, "Plan Width": 30, "Plans": [{"Node Type": "Index Scan", "Parent Relationship": "Outer", "Scan Direction": "Forward", "Index Name": "nation_pkey", "Relation Name": "nation", "Alias": "n2", "Startup Cost": 0.0, "Total Cost": 12.75, "Plan Rows": 25, "Plan Width": 30, "Filter": "((n_name = 'INDIA'::bpchar) OR (n_name = 'JAPAN'::bpchar))"}]}]}, {"Node Type": "Bitmap Heap Scan", "Parent Relationship": "Inner", "Relation Name": "customer", "Alias": "customer", "Startup Cost": 1030.37, "Total Cost": 6832.48, "Plan Rows": 60000, "Plan Width": 12, "Recheck Cond": "(c_nationkey = n2.n_nationkey)", "Plans": [{"Node Type": "Bitmap Index Scan", "Parent Relationship": "Outer", "Index Name": "idx_customer_nationkey", "Startup Cost": 0.0, "Total Cost": 1015.37, "Plan Rows": 60000, "Plan Width": 0, "Index Cond": "(c_nationkey = n2.n_nationkey)"}]}]}, {"Node Type": "Index Scan", "Parent Relationship": "Inner", "Scan Direction": "Forward", "Index Name": "idx_orders_custkey", "Relation Name": "orders", "Alias": "orders", "Startup Cost": 0.0, "Total Cost": 1.22, "Plan Rows": 4, "Plan Width": 16, "Index Cond": "(o_custkey = customer.c_custkey)"}]}, {"Node Type": "Index Scan", "Parent Relationship": "Inner", "Scan Direction": "Forward", "Index Name": "idx_lineitem_orderkey", "Relation Name": "lineitem", "Alias": "lineitem", "Startup Cost": 0.0, "Total Cost": 0.91, "Plan Rows": 3, "Plan Width": 40, "Index Cond": "(l_orderkey = orders.o_orderkey)", "Filter": "((l_shipdate >= '1995-01-01 00:00:00'::timestamp(0) without time zone) AND (l_shipdate <= '1996-12-31 00:00:00'::timestamp(0) without time zone))"}]}, {"Node Type": "Hash", "Parent Relationship": "Inner", "Startup Cost": 5334.54, "Total Cost": 5334.54, "Plan Rows": 100000, "Plan Width": 12, "Plans": [{"Node Type": "Index Scan", "Parent Relationship": "Outer", "Scan Direction": "Forward", "Index Name": "supplier_pkey", "Relation Name": "supplier", "Alias": "supplier", "Startup Cost": 0.0, "Total Cost": 5334.54, "Plan Rows": 100000, "Plan Width": 12}]}]}]}]}, "Unique SQL Id": 2208782157, "Planner Runtime": 6}, "explain_analyze_plan": {"Plan": {"Node Type": "Sort", "Startup Cost": 655503.17, "Total Cost": 655512.39, "Plan Rows": 3688, "Plan Width": 84, "Actual Startup Time": 20132.714, "Actual Total Time": 20132.714, "Actual Rows": 4, "Actual Loops": 1, "Sort Key": ["n1.n_name", "n2.n_name", "(date_part('year'::text, lineitem.l_shipdate))"], "Sort Method": "quicksort", "Sort Space Used": 25, "Sort Space Type": "Memory", "Plans": [{"Node Type": "Aggregate", "Strategy": "Hashed", "Parent Relationship": "Outer", "Startup Cost": 655238.58, "Total Cost": 655284.68, "Plan Rows": 3688, "Plan Width": 84, "Actual Startup Time": 20132.663, "Actual Total Time": 20132.668, "Actual Rows": 4, "Actual Loops": 1, "Group By Key": ["n1.n_name", "n2.n_name", "date_part('year'::text, lineitem.l_shipdate)"], "Plans": [{"Node Type": "Hash Join", "Parent Relationship": "Outer", "Join Type": "Inner", "Startup Cost": 7864.91, "Total Cost": 655183.26, "Plan Rows": 3688, "Plan Width": 76, "Actual Startup Time": 116.644, "Actual Total Time": 20025.397, "Actual Rows": 58554, "Actual Loops": 1, "Inner Unique": true, "Hash Cond": "((lineitem.l_suppkey = supplier.s_suppkey) AND (n1.n_nationkey = supplier.s_nationkey))", "Plans": [{"Node Type": "Nested Loop", "Parent Relationship": "Outer", "Join Type": "Inner", "Startup Cost": 1030.37, "Total Cost": 642764.74, "Plan Rows": 740786, "Plan Width": 88, "Actual Startup Time": 17.988, "Actual Total Time": 19166.506, "Actual Rows": 1459150, "Actual Loops": 1, "Inner Unique": false, "Plans": [{"Node Type": "Nested Loop", "Parent Relationship": "Outer", "Join Type": "Inner", "Startup Cost": 1030.37, "Total Cost": 166027.11, "Plan Rows": 504972, "Plan Width": 64, "Actual Startup Time": 17.916, "Actual Total Time": 4054.291, "Actual Rows": 1200363, "Actual Loops": 1, "Inner Unique": false, "Plans": [{"Node Type": "Nested Loop", "Parent Relationship": "Outer", "Join Type": "Inner", "Startup Cost": 1030.37, "Total Cost": 14904.59, "Plan Rows": 119904, "Plan Width": 64, "Actual Startup Time": 17.889, "Actual Total Time": 280.841, "Actual Rows": 119972, "Actual Loops": 1, "Inner Unique": false, "Plans": [{"Node Type": "Nested Loop", "Parent Relationship": "Outer", "Join Type": "Inner", "Startup Cost": 0.0, "Total Cost": 39.62, "Plan Rows": 2, "Plan Width": 60, "Actual Startup Time": 0.058, "Actual Total Time": 0.227, "Actual Rows": 2, "Actual Loops": 1, "Inner Unique": false, "Join Filter": "(((n1.n_name = 'JAPAN'::bpchar) AND (n2.n_name = 'INDIA'::bpchar)) OR ((n1.n_name = 'INDIA'::bpchar) AND (n2.n_name = 'JAPAN'::bpchar)))", "Rows Removed by Join Filter": 2, "Plans": [{"Node Type": "Index Scan", "Parent Relationship": "Outer", "Scan Direction": "Forward", "Index Name": "nation_pkey", "Relation Name": "nation", "Alias": "n1", "Startup Cost": 0.0, "Total Cost": 12.75, "Plan Rows": 25, "Plan Width": 30, "Actual Startup Time": 0.027, "Actual Total Time": 0.065, "Actual Rows": 2, "Actual Loops": 1, "Filter": "((n_name = 'JAPAN'::bpchar) OR (n_name = 'INDIA'::bpchar))", "Rows Removed by Filter": 23}, {"Node Type": "Materialize", "Parent Relationship": "Inner", "Startup Cost": 0.0, "Total Cost": 12.88, "Plan Rows": 25, "Plan Width": 30, "Actual Startup Time": 0.021, "Actual Total Time": 0.11, "Actual Rows": 4, "Actual Loops": 2, "Plans": [{"Node Type": "Index Scan", "Parent Relationship": "Outer", "Scan Direction": "Forward", "Index Name": "nation_pkey", "Relation Name": "nation", "Alias": "n2", "Startup Cost": 0.0, "Total Cost": 12.75, "Plan Rows": 25, "Plan Width": 30, "Actual Startup Time": 0.011, "Actual Total Time": 0.029, "Actual Rows": 2, "Actual Loops": 1, "Filter": "((n_name = 'INDIA'::bpchar) OR (n_name = 'JAPAN'::bpchar))", "Rows Removed by Filter": 23}]}]}, {"Node Type": "Bitmap Heap Scan", "Parent Relationship": "Inner", "Relation Name": "customer", "Alias": "customer", "Startup Cost": 1030.37, "Total Cost": 6832.48, "Plan Rows": 60000, "Plan Width": 12, "Actual Startup Time": 35.683, "Actual Total Time": 251.285, "Actual Rows": 119972, "Actual Loops": 2, "Recheck Cond": "(c_nationkey = n2.n_nationkey)", "Rows Removed by Index Recheck": 0, "Exact Heap Blocks": 59938, "Lossy Heap Blocks": 59938, "Plans": [{"Node Type": "Bitmap Index Scan", "Parent Relationship": "Outer", "Index Name": "idx_customer_nationkey", "Startup Cost": 0.0, "Total Cost": 1015.37, "Plan Rows": 60000, "Plan Width": 0, "Actual Startup Time": 22.441, "Actual Total Time": 22.441, "Actual Rows": 119972, "Actual Loops": 2, "Index Cond": "(c_nationkey = n2.n_nationkey)"}]}]}, {"Node Type": "Index Scan", "Parent Relationship": "Inner", "Scan Direction": "Forward", "Index Name": "idx_orders_custkey", "Relation Name": "orders", "Alias": "orders", "Startup Cost": 0.0, "Total Cost": 1.22, "Plan Rows": 4, "Plan Width": 16, "Actual Startup Time": 739.24, "Actual Total Time": 3431.971, "Actual Rows": 1200363, "Actual Loops": 119972, "Index Cond": "(o_custkey = customer.c_custkey)", "Rows Removed by Index Recheck": 0}]}, {"Node Type": "Index Scan", "Parent Relationship": "Inner", "Scan Direction": "Forward", "Index Name": "idx_lineitem_orderkey", "Relation Name": "lineitem", "Alias": "lineitem", "Startup Cost": 0.0, "Total Cost": 0.91, "Plan Rows": 3, "Plan Width": 40, "Actual Startup Time": 12976.455, "Actual Total Time": 14145.662, "Actual Rows": 1459150, "Actual Loops": 1200363, "Index Cond": "(l_orderkey = orders.o_orderkey)", "Rows Removed by Index Recheck": 0, "Filter": "((l_shipdate >= '1995-01-01 00:00:00'::timestamp(0) without time zone) AND (l_shipdate <= '1996-12-31 00:00:00'::timestamp(0) without time zone))", "Rows Removed by Filter": 3342563}]}, {"Node Type": "Hash", "Parent Relationship": "Inner", "Startup Cost": 5334.54, "Total Cost": 5334.54, "Plan Rows": 100000, "Plan Width": 12, "Actual Startup Time": 98.387, "Actual Total Time": 98.387, "Actual Rows": 100000, "Actual Loops": 1, "Hash Buckets": 131072, "Hash Batches": 1, "Original Hash Batches": 1, "Peak Memory Usage": 4297, "Plans": [{"Node Type": "Index Scan", "Parent Relationship": "Outer", "Scan Direction": "Forward", "Index Name": "supplier_pkey", "Relation Name": "supplier", "Alias": "supplier", "Startup Cost": 0.0, "Total Cost": 5334.54, "Plan Rows": 100000, "Plan Width": 12, "Actual Startup Time": 0.023, "Actual Total Time": 65.883, "Actual Rows": 100000, "Actual Loops": 1}]}]}]}]}, "Triggers": [], "Planner Runtime": 3, "Total Runtime": 20133.041, "Unique SQL Id": 2208782157}}, "(16, 2)": {"explain_plan": {"Plan": {"Node Type": "Sort", "Startup Cost": 2821200.81, "Total Cost": 2821210.03, "Plan Rows": 3688, "Plan Width": 84, "Sort Key": ["n1.n_name", "n2.n_name", "(date_part('year'::text, lineitem.l_shipdate))"], "Plans": [{"Node Type": "Aggregate", "Strategy": "Hashed", "Parent Relationship": "Outer", "Startup Cost": 2820936.22, "Total Cost": 2820982.32, "Plan Rows": 3688, "Plan Width": 84, "Group By Key": ["n1.n_name", "n2.n_name", "date_part('year'::text, lineitem.l_shipdate)"], "Plans": [{"Node Type": "Hash Join", "Parent Relationship": "Outer", "Join Type": "Inner", "Startup Cost": 21163.77, "Total Cost": 2820880.9, "Plan Rows": 3688, "Plan Width": 76, "Inner Unique": true, "Hash Cond": "((lineitem.l_suppkey = supplier.s_suppkey) AND (n1.n_nationkey = supplier.s_nationkey))", "Plans": [{"Node Type": "Nested Loop", "Parent Relationship": "Outer", "Join Type": "Inner", "Startup Cost": 16380.77, "Total Cost": 2810513.92, "Plan Rows": 740786, "Plan Width": 88, "Inner Unique": false, "Plans": [{"Node Type": "Hash Join", "Parent Relationship": "Outer", "Join Type": "Inner", "Startup Cost": 16380.39, "Total Cost": 504091.94, "Plan Rows": 504972, "Plan Width": 64, "Inner Unique": false, "Hash Cond": "(orders.o_custkey = customer.c_custkey), (LLVM Optimized)", "Plans": [{"Node Type": "Seq Scan", "Parent Relationship": "Outer", "Relation Name": "orders", "Alias": "orders", "Startup Cost": 0.0, "Total Cost": 426413.79, "Plan Rows": 14999479, "Plan Width": 16}, {"Node Type": "Hash", "Parent Relationship": "Inner", "Startup Cost": 14881.59, "Total Cost": 14881.59, "Plan Rows": 119904, "Plan Width": 64, "Plans": [{"Node Type": "Nested Loop", "Parent Relationship": "Outer", "Join Type": "Inner", "Startup Cost": 1030.37, "Total Cost": 14881.59, "Plan Rows": 119904, "Plan Width": 64, "Inner Unique": false, "Plans": [{"Node Type": "Nested Loop", "Parent Relationship": "Outer", "Join Type": "Inner", "Startup Cost": 0.0, "Total Cost": 16.62, "Plan Rows": 2, "Plan Width": 60, "Inner Unique": false, "Join Filter": "(((n1.n_name = 'JAPAN'::bpchar) AND (n2.n_name = 'INDIA'::bpchar)) OR ((n1.n_name = 'INDIA'::bpchar) AND (n2.n_name = 'JAPAN'::bpchar)))", "Plans": [{"Node Type": "Seq Scan", "Parent Relationship": "Outer", "Relation Name": "nation", "Alias": "n1", "Startup Cost": 0.0, "Total Cost": 1.25, "Plan Rows": 25, "Plan Width": 30, "Filter": "((n_name = 'JAPAN'::bpchar) OR (n_name = 'INDIA'::bpchar))"}, {"Node Type": "Materialize", "Parent Relationship": "Inner", "Startup Cost": 0.0, "Total Cost": 1.38, "Plan Rows": 25, "Plan Width": 30, "Plans": [{"Node Type": "Seq Scan", "Parent Relationship": "Outer", "Relation Name": "nation", "Alias": "n2", "Startup Cost": 0.0, "Total Cost": 1.25, "Plan Rows": 25, "Plan Width": 30, "Filter": "((n_name = 'INDIA'::bpchar) OR (n_name = 'JAPAN'::bpchar))"}]}]}, {"Node Type": "Bitmap Heap Scan", "Parent Relationship": "Inner", "Relation Name": "customer", "Alias": "customer", "Startup Cost": 1030.37, "Total Cost": 6832.48, "Plan Rows": 60000, "Plan Width": 12, "Recheck Cond": "(c_nationkey = n2.n_nationkey)", "Plans": [{"Node Type": "Bitmap Index Scan", "Parent Relationship": "Outer", "Index Name": "idx_customer_nationkey", "Startup Cost": 0.0, "Total Cost": 1015.37, "Plan Rows": 60000, "Plan Width": 0, "Index Cond": "(c_nationkey = n2.n_nationkey)"}]}]}]}]}, {"Node Type": "Bitmap Heap Scan", "Parent Relationship": "Inner", "Relation Name": "lineitem", "Alias": "lineitem", "Startup Cost": 0.38, "Total Cost": 4.54, "Plan Rows": 3, "Plan Width": 40, "Recheck Cond": "(l_orderkey = orders.o_orderkey)", "Filter": "((l_shipdate >= '1995-01-01 00:00:00'::timestamp(0) without time zone) AND (l_shipdate <= '1996-12-31 00:00:00'::timestamp(0) without time zone))", "Plans": [{"Node Type": "Bitmap Index Scan", "Parent Relationship": "Outer", "Index Name": "idx_lineitem_orderkey", "Startup Cost": 0.0, "Total Cost": 0.38, "Plan Rows": 9, "Plan Width": 0, "Index Cond": "(l_orderkey = orders.o_orderkey)"}]}]}, {"Node Type": "Hash", "Parent Relationship": "Inner", "Startup Cost": 3283.0, "Total Cost": 3283.0, "Plan Rows": 100000, "Plan Width": 12, "Plans": [{"Node Type": "Seq Scan", "Parent Relationship": "Outer", "Relation Name": "supplier", "Alias": "supplier", "Startup Cost": 0.0, "Total Cost": 3283.0, "Plan Rows": 100000, "Plan Width": 12}]}]}]}]}, "Unique SQL Id": 2208782157, "Planner Runtime": 6}, "explain_analyze_plan": {"Plan": {"Node Type": "Sort", "Startup Cost": 2821200.81, "Total Cost": 2821210.03, "Plan Rows": 3688, "Plan Width": 84, "Actual Startup Time": 23607.962, "Actual Total Time": 23607.963, "Actual Rows": 4, "Actual Loops": 1, "Sort Key": ["n1.n_name", "n2.n_name", "(date_part('year'::text, lineitem.l_shipdate))"], "Sort Method": "quicksort", "Sort Space Used": 25, "Sort Space Type": "Memory", "Plans": [{"Node Type": "Aggregate", "Strategy": "Hashed", "Parent Relationship": "Outer", "Startup Cost": 2820936.22, "Total Cost": 2820982.32, "Plan Rows": 3688, "Plan Width": 84, "Actual Startup Time": 23607.866, "Actual Total Time": 23607.88, "Actual Rows": 4, "Actual Loops": 1, "Group By Key": ["n1.n_name", "n2.n_name", "date_part('year'::text, lineitem.l_shipdate)"], "Plans": [{"Node Type": "Hash Join", "Parent Relationship": "Outer", "Join Type": "Inner", "Startup Cost": 21163.77, "Total Cost": 2820880.9, "Plan Rows": 3688, "Plan Width": 76, "Actual Startup Time": 353.167, "Actual Total Time": 23499.575, "Actual Rows": 58554, "Actual Loops": 1, "Inner Unique": true, "Hash Cond": "((lineitem.l_suppkey = supplier.s_suppkey) AND (n1.n_nationkey = supplier.s_nationkey))", "Plans": [{"Node Type": "Nested Loop", "Parent Relationship": "Outer", "Join Type": "Inner", "Startup Cost": 16380.77, "Total Cost": 2810513.92, "Plan Rows": 740786, "Plan Width": 88, "Actual Startup Time": 285.55, "Actual Total Time": 22703.999, "Actual Rows": 1459150, "Actual Loops": 1, "Inner Unique": false, "Plans": [{"Node Type": "Hash Join", "Parent Relationship": "Outer", "Join Type": "Inner", "Startup Cost": 16380.39, "Total Cost": 504091.94, "Plan Rows": 504972, "Plan Width": 64, "Actual Startup Time": 285.449, "Actual Total Time": 9906.38, "Actual Rows": 1200363, "Actual Loops": 1, "Inner Unique": false, "Hash Cond": "(orders.o_custkey = customer.c_custkey), (LLVM Optimized, Jit Execute)", "Plans": [{"Node Type": "Seq Scan", "Parent Relationship": "Outer", "Relation Name": "orders", "Alias": "orders", "Startup Cost": 0.0, "Total Cost": 426413.79, "Plan Rows": 14999479, "Plan Width": 16, "Actual Startup Time": 0.013, "Actual Total Time": 4134.458, "Actual Rows": 15000000, "Actual Loops": 1}, {"Node Type": "Hash", "Parent Relationship": "Inner", "Startup Cost": 14881.59, "Total Cost": 14881.59, "Plan Rows": 119904, "Plan Width": 64, "Actual Startup Time": 285.288, "Actual Total Time": 285.288, "Actual Rows": 119972, "Actual Loops": 1, "Hash Buckets": 131072, "Hash Batches": 1, "Original Hash Batches": 1, "Peak Memory Usage": 11248, "Plans": [{"Node Type": "Nested Loop", "Parent Relationship": "Outer", "Join Type": "Inner", "Startup Cost": 1030.37, "Total Cost": 14881.59, "Plan Rows": 119904, "Plan Width": 64, "Actual Startup Time": 18.131, "Actual Total Time": 241.628, "Actual Rows": 119972, "Actual Loops": 1, "Inner Unique": false, "Plans": [{"Node Type": "Nested Loop", "Parent Relationship": "Outer", "Join Type": "Inner", "Startup Cost": 0.0, "Total Cost": 16.62, "Plan Rows": 2, "Plan Width": 60, "Actual Startup Time": 0.082, "Actual Total Time": 0.174, "Actual Rows": 2, "Actual Loops": 1, "Inner Unique": false, "Join Filter": "(((n1.n_name = 'JAPAN'::bpchar) AND (n2.n_name = 'INDIA'::bpchar)) OR ((n1.n_name = 'INDIA'::bpchar) AND (n2.n_name = 'JAPAN'::bpchar)))", "Rows Removed by Join Filter": 2, "Plans": [{"Node Type": "Seq Scan", "Parent Relationship": "Outer", "Relation Name": "nation", "Alias": "n1", "Startup Cost": 0.0, "Total Cost": 1.25, "Plan Rows": 25, "Plan Width": 30, "Actual Startup Time": 0.047, "Actual Total Time": 0.067, "Actual Rows": 2, "Actual Loops": 1, "Filter": "((n_name = 'JAPAN'::bpchar) OR (n_name = 'INDIA'::bpchar))", "Rows Removed by Filter": 23}, {"Node Type": "Materialize", "Parent Relationship": "Inner", "Startup Cost": 0.0, "Total Cost": 1.38, "Plan Rows": 25, "Plan Width": 30, "Actual Startup Time": 0.023, "Actual Total Time": 0.051, "Actual Rows": 4, "Actual Loops": 2, "Plans": [{"Node Type": "Seq Scan", "Parent Relationship": "Outer", "Relation Name": "nation", "Alias": "n2", "Startup Cost": 0.0, "Total Cost": 1.25, "Plan Rows": 25, "Plan Width": 30, "Actual Startup Time": 0.016, "Actual Total Time": 0.04, "Actual Rows": 2, "Actual Loops": 1, "Filter": "((n_name = 'INDIA'::bpchar) OR (n_name = 'JAPAN'::bpchar))", "Rows Removed by Filter": 23}]}]}, {"Node Type": "Bitmap Heap Scan", "Parent Relationship": "Inner", "Relation Name": "customer", "Alias": "customer", "Startup Cost": 1030.37, "Total Cost": 6832.48, "Plan Rows": 60000, "Plan Width": 12, "Actual Startup Time": 36.446, "Actual Total Time": 216.825, "Actual Rows": 119972, "Actual Loops": 2, "Recheck Cond": "(c_nationkey = n2.n_nationkey)", "Rows Removed by Index Recheck": 0, "Exact Heap Blocks": 59938, "Lossy Heap Blocks": 59938, "Plans": [{"Node Type": "Bitmap Index Scan", "Parent Relationship": "Outer", "Index Name": "idx_customer_nationkey", "Startup Cost": 0.0, "Total Cost": 1015.37, "Plan Rows": 60000, "Plan Width": 0, "Actual Startup Time": 23.277, "Actual Total Time": 23.277, "Actual Rows": 119972, "Actual Loops": 2, "Index Cond": "(c_nationkey = n2.n_nationkey)"}]}]}]}]}, {"Node Type": "Bitmap Heap Scan", "Parent Relationship": "Inner", "Relation Name": "lineitem", "Alias": "lineitem", "Startup Cost": 0.38, "Total Cost": 4.54, "Plan Rows": 3, "Plan Width": 40, "Actual Startup Time": 10439.608, "Actual Total Time": 11048.52, "Actual Rows": 1459150, "Actual Loops": 1200363, "Recheck Cond": "(l_orderkey = orders.o_orderkey)", "Rows Removed by Index Recheck": 0, "Filter": "((l_shipdate >= '1995-01-01 00:00:00'::timestamp(0) without time zone) AND (l_shipdate <= '1996-12-31 00:00:00'::timestamp(0) without time zone))", "Rows Removed by Filter": 3342563, "Exact Heap Blocks": 1285989, "Lossy Heap Blocks": 1285989, "Plans": [{"Node Type": "Bitmap Index Scan", "Parent Relationship": "Outer", "Index Name": "idx_lineitem_orderkey", "Startup Cost": 0.0, "Total Cost": 0.38, "Plan Rows": 9, "Plan Width": 0, "Actual Startup Time": 4962.424, "Actual Total Time": 4962.424, "Actual Rows": 4801713, "Actual Loops": 1200363, "Index Cond": "(l_orderkey = orders.o_orderkey)"}]}]}, {"Node Type": "Hash", "Parent Relationship": "Inner", "Startup Cost": 3283.0, "Total Cost": 3283.0, "Plan Rows": 100000, "Plan Width": 12, "Actual Startup Time": 67.261, "Actual Total Time": 67.261, "Actual Rows": 100000, "Actual Loops": 1, "Hash Buckets": 131072, "Hash Batches": 1, "Original Hash Batches": 1, "Peak Memory Usage": 4297, "Plans": [{"Node Type": "Seq Scan", "Parent Relationship": "Outer", "Relation Name": "supplier", "Alias": "supplier", "Startup Cost": 0.0, "Total Cost": 3283.0, "Plan Rows": 100000, "Plan Width": 12, "Actual Startup Time": 0.024, "Actual Total Time": 36.756, "Actual Rows": 100000, "Actual Loops": 1}]}]}]}]}, "Triggers": [], "Planner Runtime": 3, "Total Runtime": 23616.792, "Unique SQL Id": 2208782157}}, "(16, 3)": {"explain_plan": {"Plan": {"Node Type": "Sort", "Startup Cost": 99673674.43, "Total Cost": 99673683.65, "Plan Rows": 3688, "Plan Width": 84, "Sort Key": ["n1.n_name", "n2.n_name", "(date_part('year'::text, lineitem.l_shipdate))"], "Plans": [{"Node Type": "Aggregate", "Strategy": "Hashed", "Parent Relationship": "Outer", "Startup Cost": 99673409.84, "Total Cost": 99673455.94, "Plan Rows": 3688, "Plan Width": 84, "Group By Key": ["n1.n_name", "n2.n_name", "date_part('year'::text, lineitem.l_shipdate)"], "Plans": [{"Node Type": "Nested Loop", "Parent Relationship": "Outer", "Join Type": "Inner", "Startup Cost": 627986.71, "Total Cost": 99673354.52, "Plan Rows": 3688, "Plan Width": 76, "Inner Unique": true, "Join Filter": "(((n1.n_name = 'JAPAN'::bpchar) AND (n2.n_name = 'INDIA'::bpchar)) OR ((n1.n_name = 'INDIA'::bpchar) AND (n2.n_name = 'JAPAN'::bpchar)))", "Plans": [{"Node Type": "Nested Loop", "Parent Relationship": "Outer", "Join Type": "Inner", "Startup Cost": 627986.45, "Total Cost": 94724471.42, "Plan Rows": 1153515, "Plan Width": 54, "Inner Unique": true, "Plans": [{"Node Type": "Nested Loop", "Parent Relationship": "Outer", "Join Type": "Inner", "Startup Cost": 627986.2, "Total Cost": 89787046.56, "Plan Rows": 1153515, "Plan Width": 32, "Inner Unique": true, "Plans": [{"Node Type": "Nested Loop", "Parent Relationship": "Outer", "Join Type": "Inner", "Startup Cost": 627985.94, "Total Cost": 84848088.55, "Plan Rows": 1153515, "Plan Width": 36, "Inner Unique": true, "Plans": [{"Node Type": "Nested Loop", "Parent Relationship": "Outer", "Join Type": "Inner", "Startup Cost": 627985.67, "Total Cost": 79896146.0, "Plan Rows": 1153515, "Plan Width": 36, "Inner Unique": true, "Plans": [{"Node Type": "Bitmap Heap Scan", "Parent Relationship": "Outer", "Relation Name": "lineitem", "Alias": "lineitem", "Startup Cost": 627985.41, "Total Cost": 2315105.27, "Plan Rows": 18124991, "Plan Width": 40, "Recheck Cond": "((l_shipdate >= '1995-01-01 00:00:00'::timestamp(0) without time zone) AND (l_shipdate <= '1996-12-31 00:00:00'::timestamp(0) without time zone)), (LLVM Optimized)", "Plans": [{"Node Type": "Bitmap Index Scan", "Parent Relationship": "Outer", "Index Name": "idx_lineitem_shipdate", "Startup Cost": 0.0, "Total Cost": 623454.16, "Plan Rows": 18124991, "Plan Width": 0, "Index Cond": "((l_shipdate >= '1995-01-01 00:00:00'::timestamp(0) without time zone) AND (l_shipdate <= '1996-12-31 00:00:00'::timestamp(0) without time zone))"}]}, {"Node Type": "Bitmap Heap Scan", "Parent Relationship": "Inner", "Relation Name": "supplier", "Alias": "supplier", "Startup Cost": 0.26, "Total Cost": 4.27, "Plan Rows": 1, "Plan Width": 12, "Recheck Cond": "(s_suppkey = lineitem.l_suppkey)", "Plans": [{"Node Type": "Bitmap Index Scan", "Parent Relationship": "Outer", "Index Name": "supplier_pkey", "Startup Cost": 0.0, "Total Cost": 0.26, "Plan Rows": 1, "Plan Width": 0, "Index Cond": "(s_suppkey = lineitem.l_suppkey)"}]}]}, {"Node Type": "Bitmap Heap Scan", "Parent Relationship": "Inner", "Relation Name": "orders", "Alias": "orders", "Startup Cost": 0.27, "Total Cost": 4.28, "Plan Rows": 1, "Plan Width": 16, "Recheck Cond": "(o_orderkey = lineitem.l_orderkey)", "Plans": [{"Node Type": "Bitmap Index Scan", "Parent Relationship": "Outer", "Index Name": "orders_pkey", "Startup Cost": 0.0, "Total Cost": 0.27, "Plan Rows": 1, "Plan Width": 0, "Index Cond": "(o_orderkey = lineitem.l_orderkey)"}]}]}, {"Node Type": "Bitmap Heap Scan", "Parent Relationship": "Inner", "Relation Name": "customer", "Alias": "customer", "Startup Cost": 0.26, "Total Cost": 4.27, "Plan Rows": 1, "Plan Width": 12, "Recheck Cond": "(c_custkey = orders.o_custkey)", "Plans": [{"Node Type": "Bitmap Index Scan", "Parent Relationship": "Outer", "Index Name": "customer_pkey", "Startup Cost": 0.0, "Total Cost": 0.26, "Plan Rows": 1, "Plan Width": 0, "Index Cond": "(c_custkey = orders.o_custkey)"}]}]}, {"Node Type": "Bitmap Heap Scan", "Parent Relationship": "Inner", "Relation Name": "nation", "Alias": "n1", "Startup Cost": 0.26, "Total Cost": 4.27, "Plan Rows": 1, "Plan Width": 30, "Recheck Cond": "(n_nationkey = supplier.s_nationkey)", "Filter": "((n_name = 'JAPAN'::bpchar) OR (n_name = 'INDIA'::bpchar))", "Plans": [{"Node Type": "Bitmap Index Scan", "Parent Relationship": "Outer", "Index Name": "nation_pkey", "Startup Cost": 0.0, "Total Cost": 0.26, "Plan Rows": 1, "Plan Width": 0, "Index Cond": "(n_nationkey = supplier.s_nationkey)"}]}]}, {"Node Type": "Bitmap Heap Scan", "Parent Relationship": "Inner", "Relation Name": "nation", "Alias": "n2", "Startup Cost": 0.26, "Total Cost": 4.27, "Plan Rows": 1, "Plan Width": 30, "Recheck Cond": "(n_nationkey = customer.c_nationkey)", "Filter": "((n_name = 'INDIA'::bpchar) OR (n_name = 'JAPAN'::bpchar))", "Plans": [{"Node Type": "Bitmap Index Scan", "Parent Relationship": "Outer", "Index Name": "nation_pkey", "Startup Cost": 0.0, "Total Cost": 0.26, "Plan Rows": 1, "Plan Width": 0, "Index Cond": "(n_nationkey = customer.c_nationkey)"}]}]}]}]}, "Unique SQL Id": 2208782157, "Planner Runtime": 4}, "explain_analyze_plan": null}, "(16, 4)": {"explain_plan": {"Plan": {"Node Type": "Sort", "Startup Cost": 653440.12, "Total Cost": 653449.34, "Plan Rows": 3688, "Plan Width": 84, "Sort Key": ["n1.n_name", "n2.n_name", "(date_part('year'::text, lineitem.l_shipdate))"], "Plans": [{"Node Type": "Aggregate", "Strategy": "Hashed", "Parent Relationship": "Outer", "Startup Cost": 653175.54, "Total Cost": 653221.64, "Plan Rows": 3688, "Plan Width": 84, "Group By Key": ["n1.n_name", "n2.n_name", "date_part('year'::text, lineitem.l_shipdate)"], "Plans": [{"Node Type": "Hash Join", "Parent Relationship": "Outer", "Join Type": "Inner", "Startup Cost": 5813.37, "Total Cost": 653120.22, "Plan Rows": 3688, "Plan Width": 76, "Inner Unique": true, "Hash Cond": "((lineitem.l_suppkey = supplier.s_suppkey) AND (n1.n_nationkey = supplier.s_nationkey))", "Plans": [{"Node Type": "Nested Loop", "Parent Relationship": "Outer", "Join Type": "Inner", "Startup Cost": 1030.37, "Total Cost": 642753.24, "Plan Rows": 740786, "Plan Width": 88, "Inner Unique": false, "Plans": [{"Node Type": "Nested Loop", "Parent Relationship": "Outer", "Join Type": "Inner", "Startup Cost": 1030.37, "Total Cost": 166015.61, "Plan Rows": 504972, "Plan Width": 64, "Inner Unique": false, "Plans": [{"Node Type": "Nested Loop", "Parent Relationship": "Outer", "Join Type": "Inner", "Startup Cost": 1030.37, "Total Cost": 14893.09, "Plan Rows": 119904, "Plan Width": 64, "Inner Unique": false, "Plans": [{"Node Type": "Nested Loop", "Parent Relationship": "Outer", "Join Type": "Inner", "Startup Cost": 0.0, "Total Cost": 28.12, "Plan Rows": 2, "Plan Width": 60, "Inner Unique": false, "Join Filter": "(((n1.n_name = 'JAPAN'::bpchar) AND (n2.n_name = 'INDIA'::bpchar)) OR ((n1.n_name = 'INDIA'::bpchar) AND (n2.n_name = 'JAPAN'::bpchar)))", "Plans": [{"Node Type": "Index Scan", "Parent Relationship": "Outer", "Scan Direction": "Forward", "Index Name": "nation_pkey", "Relation Name": "nation", "Alias": "n1", "Startup Cost": 0.0, "Total Cost": 12.75, "Plan Rows": 25, "Plan Width": 30, "Filter": "((n_name = 'JAPAN'::bpchar) OR (n_name = 'INDIA'::bpchar))"}, {"Node Type": "Materialize", "Parent Relationship": "Inner", "Startup Cost": 0.0, "Total Cost": 1.38, "Plan Rows": 25, "Plan Width": 30, "Plans": [{"Node Type": "Seq Scan", "Parent Relationship": "Outer", "Relation Name": "nation", "Alias": "n2", "Startup Cost": 0.0, "Total Cost": 1.25, "Plan Rows": 25, "Plan Width": 30, "Filter": "((n_name = 'INDIA'::bpchar) OR (n_name = 'JAPAN'::bpchar))"}]}]}, {"Node Type": "Bitmap Heap Scan", "Parent Relationship": "Inner", "Relation Name": "customer", "Alias": "customer", "Startup Cost": 1030.37, "Total Cost": 6832.48, "Plan Rows": 60000, "Plan Width": 12, "Recheck Cond": "(c_nationkey = n2.n_nationkey)", "Plans": [{"Node Type": "Bitmap Index Scan", "Parent Relationship": "Outer", "Index Name": "idx_customer_nationkey", "Startup Cost": 0.0, "Total Cost": 1015.37, "Plan Rows": 60000, "Plan Width": 0, "Index Cond": "(c_nationkey = n2.n_nationkey)"}]}]}, {"Node Type": "Index Scan", "Parent Relationship": "Inner", "Scan Direction": "Forward", "Index Name": "idx_orders_custkey", "Relation Name": "orders", "Alias": "orders", "Startup Cost": 0.0, "Total Cost": 1.22, "Plan Rows": 4, "Plan Width": 16, "Index Cond": "(o_custkey = customer.c_custkey)"}]}, {"Node Type": "Index Scan", "Parent Relationship": "Inner", "Scan Direction": "Forward", "Index Name": "idx_lineitem_orderkey", "Relation Name": "lineitem", "Alias": "lineitem", "Startup Cost": 0.0, "Total Cost": 0.91, "Plan Rows": 3, "Plan Width": 40, "Index Cond": "(l_orderkey = orders.o_orderkey)", "Filter": "((l_shipdate >= '1995-01-01 00:00:00'::timestamp(0) without time zone) AND (l_shipdate <= '1996-12-31 00:00:00'::timestamp(0) without time zone))"}]}, {"Node Type": "Hash", "Parent Relationship": "Inner", "Startup Cost": 3283.0, "Total Cost": 3283.0, "Plan Rows": 100000, "Plan Width": 12, "Plans": [{"Node Type": "Seq Scan", "Parent Relationship": "Outer", "Relation Name": "supplier", "Alias": "supplier", "Startup Cost": 0.0, "Total Cost": 3283.0, "Plan Rows": 100000, "Plan Width": 12}]}]}]}]}, "Unique SQL Id": 2208782157, "Planner Runtime": 6}, "explain_analyze_plan": {"Plan": {"Node Type": "Sort", "Startup Cost": 653440.12, "Total Cost": 653449.34, "Plan Rows": 3688, "Plan Width": 84, "Actual Startup Time": 20103.797, "Actual Total Time": 20103.798, "Actual Rows": 4, "Actual Loops": 1, "Sort Key": ["n1.n_name", "n2.n_name", "(date_part('year'::text, lineitem.l_shipdate))"], "Sort Method": "quicksort", "Sort Space Used": 25, "Sort Space Type": "Memory", "Plans": [{"Node Type": "Aggregate", "Strategy": "Hashed", "Parent Relationship": "Outer", "Startup Cost": 653175.54, "Total Cost": 653221.64, "Plan Rows": 3688, "Plan Width": 84, "Actual Startup Time": 20103.746, "Actual Total Time": 20103.751, "Actual Rows": 4, "Actual Loops": 1, "Group By Key": ["n1.n_name", "n2.n_name", "date_part('year'::text, lineitem.l_shipdate)"], "Plans": [{"Node Type": "Hash Join", "Parent Relationship": "Outer", "Join Type": "Inner", "Startup Cost": 5813.37, "Total Cost": 653120.22, "Plan Rows": 3688, "Plan Width": 76, "Actual Startup Time": 85.042, "Actual Total Time": 19996.393, "Actual Rows": 58554, "Actual Loops": 1, "Inner Unique": true, "Hash Cond": "((lineitem.l_suppkey = supplier.s_suppkey) AND (n1.n_nationkey = supplier.s_nationkey))", "Plans": [{"Node Type": "Nested Loop", "Parent Relationship": "Outer", "Join Type": "Inner", "Startup Cost": 1030.37, "Total Cost": 642753.24, "Plan Rows": 740786, "Plan Width": 88, "Actual Startup Time": 17.925, "Actual Total Time": 19160.504, "Actual Rows": 1459150, "Actual Loops": 1, "Inner Unique": false, "Plans": [{"Node Type": "Nested Loop", "Parent Relationship": "Outer", "Join Type": "Inner", "Startup Cost": 1030.37, "Total Cost": 166015.61, "Plan Rows": 504972, "Plan Width": 64, "Actual Startup Time": 17.854, "Actual Total Time": 4038.633, "Actual Rows": 1200363, "Actual Loops": 1, "Inner Unique": false, "Plans": [{"Node Type": "Nested Loop", "Parent Relationship": "Outer", "Join Type": "Inner", "Startup Cost": 1030.37, "Total Cost": 14893.09, "Plan Rows": 119904, "Plan Width": 64, "Actual Startup Time": 17.831, "Actual Total Time": 288.377, "Actual Rows": 119972, "Actual Loops": 1, "Inner Unique": false, "Plans": [{"Node Type": "Nested Loop", "Parent Relationship": "Outer", "Join Type": "Inner", "Startup Cost": 0.0, "Total Cost": 28.12, "Plan Rows": 2, "Plan Width": 60, "Actual Startup Time": 0.065, "Actual Total Time": 0.193, "Actual Rows": 2, "Actual Loops": 1, "Inner Unique": false, "Join Filter": "(((n1.n_name = 'JAPAN'::bpchar) AND (n2.n_name = 'INDIA'::bpchar)) OR ((n1.n_name = 'INDIA'::bpchar) AND (n2.n_name = 'JAPAN'::bpchar)))", "Rows Removed by Join Filter": 2, "Plans": [{"Node Type": "Index Scan", "Parent Relationship": "Outer", "Scan Direction": "Forward", "Index Name": "nation_pkey", "Relation Name": "nation", "Alias": "n1", "Startup Cost": 0.0, "Total Cost": 12.75, "Plan Rows": 25, "Plan Width": 30, "Actual Startup Time": 0.027, "Actual Total Time": 0.056, "Actual Rows": 2, "Actual Loops": 1, "Filter": "((n_name = 'JAPAN'::bpchar) OR (n_name = 'INDIA'::bpchar))", "Rows Removed by Filter": 23}, {"Node Type": "Materialize", "Parent Relationship": "Inner", "Startup Cost": 0.0, "Total Cost": 1.38, "Plan Rows": 25, "Plan Width": 30, "Actual Startup Time": 0.029, "Actual Total Time": 0.076, "Actual Rows": 4, "Actual Loops": 2, "Plans": [{"Node Type": "Seq Scan", "Parent Relationship": "Outer", "Relation Name": "nation", "Alias": "n2", "Startup Cost": 0.0, "Total Cost": 1.25, "Plan Rows": 25, "Plan Width": 30, "Actual Startup Time": 0.019, "Actual Total Time": 0.04, "Actual Rows": 2, "Actual Loops": 1, "Filter": "((n_name = 'INDIA'::bpchar) OR (n_name = 'JAPAN'::bpchar))", "Rows Removed by Filter": 23}]}]}, {"Node Type": "Bitmap Heap Scan", "Parent Relationship": "Inner", "Relation Name": "customer", "Alias": "customer", "Startup Cost": 1030.37, "Total Cost": 6832.48, "Plan Rows": 60000, "Plan Width": 12, "Actual Startup Time": 38.608, "Actual Total Time": 257.954, "Actual Rows": 119972, "Actual Loops": 2, "Recheck Cond": "(c_nationkey = n2.n_nationkey)", "Rows Removed by Index Recheck": 0, "Exact Heap Blocks": 59938, "Lossy Heap Blocks": 59938, "Plans": [{"Node Type": "Bitmap Index Scan", "Parent Relationship": "Outer", "Index Name": "idx_customer_nationkey", "Startup Cost": 0.0, "Total Cost": 1015.37, "Plan Rows": 60000, "Plan Width": 0, "Actual Startup Time": 25.078, "Actual Total Time": 25.078, "Actual Rows": 119972, "Actual Loops": 2, "Index Cond": "(c_nationkey = n2.n_nationkey)"}]}]}, {"Node Type": "Index Scan", "Parent Relationship": "Inner", "Scan Direction": "Forward", "Index Name": "idx_orders_custkey", "Relation Name": "orders", "Alias": "orders", "Startup Cost": 0.0, "Total Cost": 1.22, "Plan Rows": 4, "Plan Width": 16, "Actual Startup Time": 739.615, "Actual Total Time": 3408.437, "Actual Rows": 1200363, "Actual Loops": 119972, "Index Cond": "(o_custkey = customer.c_custkey)", "Rows Removed by Index Recheck": 0}]}, {"Node Type": "Index Scan", "Parent Relationship": "Inner", "Scan Direction": "Forward", "Index Name": "idx_lineitem_orderkey", "Relation Name": "lineitem", "Alias": "lineitem", "Startup Cost": 0.0, "Total Cost": 0.91, "Plan Rows": 3, "Plan Width": 40, "Actual Startup Time": 12978.784, "Actual Total Time": 14155.996, "Actual Rows": 1459150, "Actual Loops": 1200363, "Index Cond": "(l_orderkey = orders.o_orderkey)", "Rows Removed by Index Recheck": 0, "Filter": "((l_shipdate >= '1995-01-01 00:00:00'::timestamp(0) without time zone) AND (l_shipdate <= '1996-12-31 00:00:00'::timestamp(0) without time zone))", "Rows Removed by Filter": 3342563}]}, {"Node Type": "Hash", "Parent Relationship": "Inner", "Startup Cost": 3283.0, "Total Cost": 3283.0, "Plan Rows": 100000, "Plan Width": 12, "Actual Startup Time": 66.855, "Actual Total Time": 66.855, "Actual Rows": 100000, "Actual Loops": 1, "Hash Buckets": 131072, "Hash Batches": 1, "Original Hash Batches": 1, "Peak Memory Usage": 4297, "Plans": [{"Node Type": "Seq Scan", "Parent Relationship": "Outer", "Relation Name": "supplier", "Alias": "supplier", "Startup Cost": 0.0, "Total Cost": 3283.0, "Plan Rows": 100000, "Plan Width": 12, "Actual Startup Time": 0.014, "Actual Total Time": 36.293, "Actual Rows": 100000, "Actual Loops": 1}]}]}]}]}, "Triggers": [], "Planner Runtime": 3, "Total Runtime": 20104.174, "Unique SQL Id": 2208782157}}, "(16, 5)": {"explain_plan": {"Plan": {"Node Type": "Sort", "Startup Cost": 655503.17, "Total Cost": 655512.39, "Plan Rows": 3688, "Plan Width": 84, "Sort Key": ["n1.n_name", "n2.n_name", "(date_part('year'::text, lineitem.l_shipdate))"], "Plans": [{"Node Type": "Aggregate", "Strategy": "Hashed", "Parent Relationship": "Outer", "Startup Cost": 655238.58, "Total Cost": 655284.68, "Plan Rows": 3688, "Plan Width": 84, "Group By Key": ["n1.n_name", "n2.n_name", "date_part('year'::text, lineitem.l_shipdate)"], "Plans": [{"Node Type": "Hash Join", "Parent Relationship": "Outer", "Join Type": "Inner", "Startup Cost": 7864.91, "Total Cost": 655183.26, "Plan Rows": 3688, "Plan Width": 76, "Inner Unique": true, "Hash Cond": "((lineitem.l_suppkey = supplier.s_suppkey) AND (n1.n_nationkey = supplier.s_nationkey))", "Plans": [{"Node Type": "Nested Loop", "Parent Relationship": "Outer", "Join Type": "Inner", "Startup Cost": 1030.37, "Total Cost": 642764.74, "Plan Rows": 740786, "Plan Width": 88, "Inner Unique": false, "Plans": [{"Node Type": "Nested Loop", "Parent Relationship": "Outer", "Join Type": "Inner", "Startup Cost": 1030.37, "Total Cost": 166027.11, "Plan Rows": 504972, "Plan Width": 64, "Inner Unique": false, "Plans": [{"Node Type": "Nested Loop", "Parent Relationship": "Outer", "Join Type": "Inner", "Startup Cost": 1030.37, "Total Cost": 14904.59, "Plan Rows": 119904, "Plan Width": 64, "Inner Unique": false, "Plans": [{"Node Type": "Nested Loop", "Parent Relationship": "Outer", "Join Type": "Inner", "Startup Cost": 0.0, "Total Cost": 39.62, "Plan Rows": 2, "Plan Width": 60, "Inner Unique": false, "Join Filter": "(((n1.n_name = 'JAPAN'::bpchar) AND (n2.n_name = 'INDIA'::bpchar)) OR ((n1.n_name = 'INDIA'::bpchar) AND (n2.n_name = 'JAPAN'::bpchar)))", "Plans": [{"Node Type": "Index Scan", "Parent Relationship": "Outer", "Scan Direction": "Forward", "Index Name": "nation_pkey", "Relation Name": "nation", "Alias": "n1", "Startup Cost": 0.0, "Total Cost": 12.75, "Plan Rows": 25, "Plan Width": 30, "Filter": "((n_name = 'JAPAN'::bpchar) OR (n_name = 'INDIA'::bpchar))"}, {"Node Type": "Materialize", "Parent Relationship": "Inner", "Startup Cost": 0.0, "Total Cost": 12.88, "Plan Rows": 25, "Plan Width": 30, "Plans": [{"Node Type": "Index Scan", "Parent Relationship": "Outer", "Scan Direction": "Forward", "Index Name": "nation_pkey", "Relation Name": "nation", "Alias": "n2", "Startup Cost": 0.0, "Total Cost": 12.75, "Plan Rows": 25, "Plan Width": 30, "Filter": "((n_name = 'INDIA'::bpchar) OR (n_name = 'JAPAN'::bpchar))"}]}]}, {"Node Type": "Bitmap Heap Scan", "Parent Relationship": "Inner", "Relation Name": "customer", "Alias": "customer", "Startup Cost": 1030.37, "Total Cost": 6832.48, "Plan Rows": 60000, "Plan Width": 12, "Recheck Cond": "(c_nationkey = n2.n_nationkey)", "Plans": [{"Node Type": "Bitmap Index Scan", "Parent Relationship": "Outer", "Index Name": "idx_customer_nationkey", "Startup Cost": 0.0, "Total Cost": 1015.37, "Plan Rows": 60000, "Plan Width": 0, "Index Cond": "(c_nationkey = n2.n_nationkey)"}]}]}, {"Node Type": "Index Scan", "Parent Relationship": "Inner", "Scan Direction": "Forward", "Index Name": "idx_orders_custkey", "Relation Name": "orders", "Alias": "orders", "Startup Cost": 0.0, "Total Cost": 1.22, "Plan Rows": 4, "Plan Width": 16, "Index Cond": "(o_custkey = customer.c_custkey)"}]}, {"Node Type": "Index Scan", "Parent Relationship": "Inner", "Scan Direction": "Forward", "Index Name": "idx_lineitem_orderkey", "Relation Name": "lineitem", "Alias": "lineitem", "Startup Cost": 0.0, "Total Cost": 0.91, "Plan Rows": 3, "Plan Width": 40, "Index Cond": "(l_orderkey = orders.o_orderkey)", "Filter": "((l_shipdate >= '1995-01-01 00:00:00'::timestamp(0) without time zone) AND (l_shipdate <= '1996-12-31 00:00:00'::timestamp(0) without time zone))"}]}, {"Node Type": "Hash", "Parent Relationship": "Inner", "Startup Cost": 5334.54, "Total Cost": 5334.54, "Plan Rows": 100000, "Plan Width": 12, "Plans": [{"Node Type": "Index Scan", "Parent Relationship": "Outer", "Scan Direction": "Forward", "Index Name": "supplier_pkey", "Relation Name": "supplier", "Alias": "supplier", "Startup Cost": 0.0, "Total Cost": 5334.54, "Plan Rows": 100000, "Plan Width": 12}]}]}]}]}, "Unique SQL Id": 2208782157, "Planner Runtime": 5}, "explain_analyze_plan": {"Plan": {"Node Type": "Sort", "Startup Cost": 655503.17, "Total Cost": 655512.39, "Plan Rows": 3688, "Plan Width": 84, "Actual Startup Time": 20132.714, "Actual Total Time": 20132.714, "Actual Rows": 4, "Actual Loops": 1, "Sort Key": ["n1.n_name", "n2.n_name", "(date_part('year'::text, lineitem.l_shipdate))"], "Sort Method": "quicksort", "Sort Space Used": 25, "Sort Space Type": "Memory", "Plans": [{"Node Type": "Aggregate", "Strategy": "Hashed", "Parent Relationship": "Outer", "Startup Cost": 655238.58, "Total Cost": 655284.68, "Plan Rows": 3688, "Plan Width": 84, "Actual Startup Time": 20132.663, "Actual Total Time": 20132.668, "Actual Rows": 4, "Actual Loops": 1, "Group By Key": ["n1.n_name", "n2.n_name", "date_part('year'::text, lineitem.l_shipdate)"], "Plans": [{"Node Type": "Hash Join", "Parent Relationship": "Outer", "Join Type": "Inner", "Startup Cost": 7864.91, "Total Cost": 655183.26, "Plan Rows": 3688, "Plan Width": 76, "Actual Startup Time": 116.644, "Actual Total Time": 20025.397, "Actual Rows": 58554, "Actual Loops": 1, "Inner Unique": true, "Hash Cond": "((lineitem.l_suppkey = supplier.s_suppkey) AND (n1.n_nationkey = supplier.s_nationkey))", "Plans": [{"Node Type": "Nested Loop", "Parent Relationship": "Outer", "Join Type": "Inner", "Startup Cost": 1030.37, "Total Cost": 642764.74, "Plan Rows": 740786, "Plan Width": 88, "Actual Startup Time": 17.988, "Actual Total Time": 19166.506, "Actual Rows": 1459150, "Actual Loops": 1, "Inner Unique": false, "Plans": [{"Node Type": "Nested Loop", "Parent Relationship": "Outer", "Join Type": "Inner", "Startup Cost": 1030.37, "Total Cost": 166027.11, "Plan Rows": 504972, "Plan Width": 64, "Actual Startup Time": 17.916, "Actual Total Time": 4054.291, "Actual Rows": 1200363, "Actual Loops": 1, "Inner Unique": false, "Plans": [{"Node Type": "Nested Loop", "Parent Relationship": "Outer", "Join Type": "Inner", "Startup Cost": 1030.37, "Total Cost": 14904.59, "Plan Rows": 119904, "Plan Width": 64, "Actual Startup Time": 17.889, "Actual Total Time": 280.841, "Actual Rows": 119972, "Actual Loops": 1, "Inner Unique": false, "Plans": [{"Node Type": "Nested Loop", "Parent Relationship": "Outer", "Join Type": "Inner", "Startup Cost": 0.0, "Total Cost": 39.62, "Plan Rows": 2, "Plan Width": 60, "Actual Startup Time": 0.058, "Actual Total Time": 0.227, "Actual Rows": 2, "Actual Loops": 1, "Inner Unique": false, "Join Filter": "(((n1.n_name = 'JAPAN'::bpchar) AND (n2.n_name = 'INDIA'::bpchar)) OR ((n1.n_name = 'INDIA'::bpchar) AND (n2.n_name = 'JAPAN'::bpchar)))", "Rows Removed by Join Filter": 2, "Plans": [{"Node Type": "Index Scan", "Parent Relationship": "Outer", "Scan Direction": "Forward", "Index Name": "nation_pkey", "Relation Name": "nation", "Alias": "n1", "Startup Cost": 0.0, "Total Cost": 12.75, "Plan Rows": 25, "Plan Width": 30, "Actual Startup Time": 0.027, "Actual Total Time": 0.065, "Actual Rows": 2, "Actual Loops": 1, "Filter": "((n_name = 'JAPAN'::bpchar) OR (n_name = 'INDIA'::bpchar))", "Rows Removed by Filter": 23}, {"Node Type": "Materialize", "Parent Relationship": "Inner", "Startup Cost": 0.0, "Total Cost": 12.88, "Plan Rows": 25, "Plan Width": 30, "Actual Startup Time": 0.021, "Actual Total Time": 0.11, "Actual Rows": 4, "Actual Loops": 2, "Plans": [{"Node Type": "Index Scan", "Parent Relationship": "Outer", "Scan Direction": "Forward", "Index Name": "nation_pkey", "Relation Name": "nation", "Alias": "n2", "Startup Cost": 0.0, "Total Cost": 12.75, "Plan Rows": 25, "Plan Width": 30, "Actual Startup Time": 0.011, "Actual Total Time": 0.029, "Actual Rows": 2, "Actual Loops": 1, "Filter": "((n_name = 'INDIA'::bpchar) OR (n_name = 'JAPAN'::bpchar))", "Rows Removed by Filter": 23}]}]}, {"Node Type": "Bitmap Heap Scan", "Parent Relationship": "Inner", "Relation Name": "customer", "Alias": "customer", "Startup Cost": 1030.37, "Total Cost": 6832.48, "Plan Rows": 60000, "Plan Width": 12, "Actual Startup Time": 35.683, "Actual Total Time": 251.285, "Actual Rows": 119972, "Actual Loops": 2, "Recheck Cond": "(c_nationkey = n2.n_nationkey)", "Rows Removed by Index Recheck": 0, "Exact Heap Blocks": 59938, "Lossy Heap Blocks": 59938, "Plans": [{"Node Type": "Bitmap Index Scan", "Parent Relationship": "Outer", "Index Name": "idx_customer_nationkey", "Startup Cost": 0.0, "Total Cost": 1015.37, "Plan Rows": 60000, "Plan Width": 0, "Actual Startup Time": 22.441, "Actual Total Time": 22.441, "Actual Rows": 119972, "Actual Loops": 2, "Index Cond": "(c_nationkey = n2.n_nationkey)"}]}]}, {"Node Type": "Index Scan", "Parent Relationship": "Inner", "Scan Direction": "Forward", "Index Name": "idx_orders_custkey", "Relation Name": "orders", "Alias": "orders", "Startup Cost": 0.0, "Total Cost": 1.22, "Plan Rows": 4, "Plan Width": 16, "Actual Startup Time": 739.24, "Actual Total Time": 3431.971, "Actual Rows": 1200363, "Actual Loops": 119972, "Index Cond": "(o_custkey = customer.c_custkey)", "Rows Removed by Index Recheck": 0}]}, {"Node Type": "Index Scan", "Parent Relationship": "Inner", "Scan Direction": "Forward", "Index Name": "idx_lineitem_orderkey", "Relation Name": "lineitem", "Alias": "lineitem", "Startup Cost": 0.0, "Total Cost": 0.91, "Plan Rows": 3, "Plan Width": 40, "Actual Startup Time": 12976.455, "Actual Total Time": 14145.662, "Actual Rows": 1459150, "Actual Loops": 1200363, "Index Cond": "(l_orderkey = orders.o_orderkey)", "Rows Removed by Index Recheck": 0, "Filter": "((l_shipdate >= '1995-01-01 00:00:00'::timestamp(0) without time zone) AND (l_shipdate <= '1996-12-31 00:00:00'::timestamp(0) without time zone))", "Rows Removed by Filter": 3342563}]}, {"Node Type": "Hash", "Parent Relationship": "Inner", "Startup Cost": 5334.54, "Total Cost": 5334.54, "Plan Rows": 100000, "Plan Width": 12, "Actual Startup Time": 98.387, "Actual Total Time": 98.387, "Actual Rows": 100000, "Actual Loops": 1, "Hash Buckets": 131072, "Hash Batches": 1, "Original Hash Batches": 1, "Peak Memory Usage": 4297, "Plans": [{"Node Type": "Index Scan", "Parent Relationship": "Outer", "Scan Direction": "Forward", "Index Name": "supplier_pkey", "Relation Name": "supplier", "Alias": "supplier", "Startup Cost": 0.0, "Total Cost": 5334.54, "Plan Rows": 100000, "Plan Width": 12, "Actual Startup Time": 0.023, "Actual Total Time": 65.883, "Actual Rows": 100000, "Actual Loops": 1}]}]}]}]}, "Triggers": [], "Planner Runtime": 3, "Total Runtime": 20133.041, "Unique SQL Id": 2208782157}}, "(16, 6)": {"explain_plan": {"Plan": {"Node Type": "Sort", "Startup Cost": 2821200.81, "Total Cost": 2821210.03, "Plan Rows": 3688, "Plan Width": 84, "Sort Key": ["n1.n_name", "n2.n_name", "(date_part('year'::text, lineitem.l_shipdate))"], "Plans": [{"Node Type": "Aggregate", "Strategy": "Hashed", "Parent Relationship": "Outer", "Startup Cost": 2820936.22, "Total Cost": 2820982.32, "Plan Rows": 3688, "Plan Width": 84, "Group By Key": ["n1.n_name", "n2.n_name", "date_part('year'::text, lineitem.l_shipdate)"], "Plans": [{"Node Type": "Hash Join", "Parent Relationship": "Outer", "Join Type": "Inner", "Startup Cost": 21163.77, "Total Cost": 2820880.9, "Plan Rows": 3688, "Plan Width": 76, "Inner Unique": true, "Hash Cond": "((lineitem.l_suppkey = supplier.s_suppkey) AND (n1.n_nationkey = supplier.s_nationkey))", "Plans": [{"Node Type": "Nested Loop", "Parent Relationship": "Outer", "Join Type": "Inner", "Startup Cost": 16380.77, "Total Cost": 2810513.92, "Plan Rows": 740786, "Plan Width": 88, "Inner Unique": false, "Plans": [{"Node Type": "Hash Join", "Parent Relationship": "Outer", "Join Type": "Inner", "Startup Cost": 16380.39, "Total Cost": 504091.94, "Plan Rows": 504972, "Plan Width": 64, "Inner Unique": false, "Hash Cond": "(orders.o_custkey = customer.c_custkey), (LLVM Optimized)", "Plans": [{"Node Type": "Seq Scan", "Parent Relationship": "Outer", "Relation Name": "orders", "Alias": "orders", "Startup Cost": 0.0, "Total Cost": 426413.79, "Plan Rows": 14999479, "Plan Width": 16}, {"Node Type": "Hash", "Parent Relationship": "Inner", "Startup Cost": 14881.59, "Total Cost": 14881.59, "Plan Rows": 119904, "Plan Width": 64, "Plans": [{"Node Type": "Nested Loop", "Parent Relationship": "Outer", "Join Type": "Inner", "Startup Cost": 1030.37, "Total Cost": 14881.59, "Plan Rows": 119904, "Plan Width": 64, "Inner Unique": false, "Plans": [{"Node Type": "Nested Loop", "Parent Relationship": "Outer", "Join Type": "Inner", "Startup Cost": 0.0, "Total Cost": 16.62, "Plan Rows": 2, "Plan Width": 60, "Inner Unique": false, "Join Filter": "(((n1.n_name = 'JAPAN'::bpchar) AND (n2.n_name = 'INDIA'::bpchar)) OR ((n1.n_name = 'INDIA'::bpchar) AND (n2.n_name = 'JAPAN'::bpchar)))", "Plans": [{"Node Type": "Seq Scan", "Parent Relationship": "Outer", "Relation Name": "nation", "Alias": "n1", "Startup Cost": 0.0, "Total Cost": 1.25, "Plan Rows": 25, "Plan Width": 30, "Filter": "((n_name = 'JAPAN'::bpchar) OR (n_name = 'INDIA'::bpchar))"}, {"Node Type": "Materialize", "Parent Relationship": "Inner", "Startup Cost": 0.0, "Total Cost": 1.38, "Plan Rows": 25, "Plan Width": 30, "Plans": [{"Node Type": "Seq Scan", "Parent Relationship": "Outer", "Relation Name": "nation", "Alias": "n2", "Startup Cost": 0.0, "Total Cost": 1.25, "Plan Rows": 25, "Plan Width": 30, "Filter": "((n_name = 'INDIA'::bpchar) OR (n_name = 'JAPAN'::bpchar))"}]}]}, {"Node Type": "Bitmap Heap Scan", "Parent Relationship": "Inner", "Relation Name": "customer", "Alias": "customer", "Startup Cost": 1030.37, "Total Cost": 6832.48, "Plan Rows": 60000, "Plan Width": 12, "Recheck Cond": "(c_nationkey = n2.n_nationkey)", "Plans": [{"Node Type": "Bitmap Index Scan", "Parent Relationship": "Outer", "Index Name": "idx_customer_nationkey", "Startup Cost": 0.0, "Total Cost": 1015.37, "Plan Rows": 60000, "Plan Width": 0, "Index Cond": "(c_nationkey = n2.n_nationkey)"}]}]}]}]}, {"Node Type": "Bitmap Heap Scan", "Parent Relationship": "Inner", "Relation Name": "lineitem", "Alias": "lineitem", "Startup Cost": 0.38, "Total Cost": 4.54, "Plan Rows": 3, "Plan Width": 40, "Recheck Cond": "(l_orderkey = orders.o_orderkey)", "Filter": "((l_shipdate >= '1995-01-01 00:00:00'::timestamp(0) without time zone) AND (l_shipdate <= '1996-12-31 00:00:00'::timestamp(0) without time zone))", "Plans": [{"Node Type": "Bitmap Index Scan", "Parent Relationship": "Outer", "Index Name": "idx_lineitem_orderkey", "Startup Cost": 0.0, "Total Cost": 0.38, "Plan Rows": 9, "Plan Width": 0, "Index Cond": "(l_orderkey = orders.o_orderkey)"}]}]}, {"Node Type": "Hash", "Parent Relationship": "Inner", "Startup Cost": 3283.0, "Total Cost": 3283.0, "Plan Rows": 100000, "Plan Width": 12, "Plans": [{"Node Type": "Seq Scan", "Parent Relationship": "Outer", "Relation Name": "supplier", "Alias": "supplier", "Startup Cost": 0.0, "Total Cost": 3283.0, "Plan Rows": 100000, "Plan Width": 12}]}]}]}]}, "Unique SQL Id": 2208782157, "Planner Runtime": 5}, "explain_analyze_plan": {"Plan": {"Node Type": "Sort", "Startup Cost": 2821200.81, "Total Cost": 2821210.03, "Plan Rows": 3688, "Plan Width": 84, "Actual Startup Time": 23607.962, "Actual Total Time": 23607.963, "Actual Rows": 4, "Actual Loops": 1, "Sort Key": ["n1.n_name", "n2.n_name", "(date_part('year'::text, lineitem.l_shipdate))"], "Sort Method": "quicksort", "Sort Space Used": 25, "Sort Space Type": "Memory", "Plans": [{"Node Type": "Aggregate", "Strategy": "Hashed", "Parent Relationship": "Outer", "Startup Cost": 2820936.22, "Total Cost": 2820982.32, "Plan Rows": 3688, "Plan Width": 84, "Actual Startup Time": 23607.866, "Actual Total Time": 23607.88, "Actual Rows": 4, "Actual Loops": 1, "Group By Key": ["n1.n_name", "n2.n_name", "date_part('year'::text, lineitem.l_shipdate)"], "Plans": [{"Node Type": "Hash Join", "Parent Relationship": "Outer", "Join Type": "Inner", "Startup Cost": 21163.77, "Total Cost": 2820880.9, "Plan Rows": 3688, "Plan Width": 76, "Actual Startup Time": 353.167, "Actual Total Time": 23499.575, "Actual Rows": 58554, "Actual Loops": 1, "Inner Unique": true, "Hash Cond": "((lineitem.l_suppkey = supplier.s_suppkey) AND (n1.n_nationkey = supplier.s_nationkey))", "Plans": [{"Node Type": "Nested Loop", "Parent Relationship": "Outer", "Join Type": "Inner", "Startup Cost": 16380.77, "Total Cost": 2810513.92, "Plan Rows": 740786, "Plan Width": 88, "Actual Startup Time": 285.55, "Actual Total Time": 22703.999, "Actual Rows": 1459150, "Actual Loops": 1, "Inner Unique": false, "Plans": [{"Node Type": "Hash Join", "Parent Relationship": "Outer", "Join Type": "Inner", "Startup Cost": 16380.39, "Total Cost": 504091.94, "Plan Rows": 504972, "Plan Width": 64, "Actual Startup Time": 285.449, "Actual Total Time": 9906.38, "Actual Rows": 1200363, "Actual Loops": 1, "Inner Unique": false, "Hash Cond": "(orders.o_custkey = customer.c_custkey), (LLVM Optimized, Jit Execute)", "Plans": [{"Node Type": "Seq Scan", "Parent Relationship": "Outer", "Relation Name": "orders", "Alias": "orders", "Startup Cost": 0.0, "Total Cost": 426413.79, "Plan Rows": 14999479, "Plan Width": 16, "Actual Startup Time": 0.013, "Actual Total Time": 4134.458, "Actual Rows": 15000000, "Actual Loops": 1}, {"Node Type": "Hash", "Parent Relationship": "Inner", "Startup Cost": 14881.59, "Total Cost": 14881.59, "Plan Rows": 119904, "Plan Width": 64, "Actual Startup Time": 285.288, "Actual Total Time": 285.288, "Actual Rows": 119972, "Actual Loops": 1, "Hash Buckets": 131072, "Hash Batches": 1, "Original Hash Batches": 1, "Peak Memory Usage": 11248, "Plans": [{"Node Type": "Nested Loop", "Parent Relationship": "Outer", "Join Type": "Inner", "Startup Cost": 1030.37, "Total Cost": 14881.59, "Plan Rows": 119904, "Plan Width": 64, "Actual Startup Time": 18.131, "Actual Total Time": 241.628, "Actual Rows": 119972, "Actual Loops": 1, "Inner Unique": false, "Plans": [{"Node Type": "Nested Loop", "Parent Relationship": "Outer", "Join Type": "Inner", "Startup Cost": 0.0, "Total Cost": 16.62, "Plan Rows": 2, "Plan Width": 60, "Actual Startup Time": 0.082, "Actual Total Time": 0.174, "Actual Rows": 2, "Actual Loops": 1, "Inner Unique": false, "Join Filter": "(((n1.n_name = 'JAPAN'::bpchar) AND (n2.n_name = 'INDIA'::bpchar)) OR ((n1.n_name = 'INDIA'::bpchar) AND (n2.n_name = 'JAPAN'::bpchar)))", "Rows Removed by Join Filter": 2, "Plans": [{"Node Type": "Seq Scan", "Parent Relationship": "Outer", "Relation Name": "nation", "Alias": "n1", "Startup Cost": 0.0, "Total Cost": 1.25, "Plan Rows": 25, "Plan Width": 30, "Actual Startup Time": 0.047, "Actual Total Time": 0.067, "Actual Rows": 2, "Actual Loops": 1, "Filter": "((n_name = 'JAPAN'::bpchar) OR (n_name = 'INDIA'::bpchar))", "Rows Removed by Filter": 23}, {"Node Type": "Materialize", "Parent Relationship": "Inner", "Startup Cost": 0.0, "Total Cost": 1.38, "Plan Rows": 25, "Plan Width": 30, "Actual Startup Time": 0.023, "Actual Total Time": 0.051, "Actual Rows": 4, "Actual Loops": 2, "Plans": [{"Node Type": "Seq Scan", "Parent Relationship": "Outer", "Relation Name": "nation", "Alias": "n2", "Startup Cost": 0.0, "Total Cost": 1.25, "Plan Rows": 25, "Plan Width": 30, "Actual Startup Time": 0.016, "Actual Total Time": 0.04, "Actual Rows": 2, "Actual Loops": 1, "Filter": "((n_name = 'INDIA'::bpchar) OR (n_name = 'JAPAN'::bpchar))", "Rows Removed by Filter": 23}]}]}, {"Node Type": "Bitmap Heap Scan", "Parent Relationship": "Inner", "Relation Name": "customer", "Alias": "customer", "Startup Cost": 1030.37, "Total Cost": 6832.48, "Plan Rows": 60000, "Plan Width": 12, "Actual Startup Time": 36.446, "Actual Total Time": 216.825, "Actual Rows": 119972, "Actual Loops": 2, "Recheck Cond": "(c_nationkey = n2.n_nationkey)", "Rows Removed by Index Recheck": 0, "Exact Heap Blocks": 59938, "Lossy Heap Blocks": 59938, "Plans": [{"Node Type": "Bitmap Index Scan", "Parent Relationship": "Outer", "Index Name": "idx_customer_nationkey", "Startup Cost": 0.0, "Total Cost": 1015.37, "Plan Rows": 60000, "Plan Width": 0, "Actual Startup Time": 23.277, "Actual Total Time": 23.277, "Actual Rows": 119972, "Actual Loops": 2, "Index Cond": "(c_nationkey = n2.n_nationkey)"}]}]}]}]}, {"Node Type": "Bitmap Heap Scan", "Parent Relationship": "Inner", "Relation Name": "lineitem", "Alias": "lineitem", "Startup Cost": 0.38, "Total Cost": 4.54, "Plan Rows": 3, "Plan Width": 40, "Actual Startup Time": 10439.608, "Actual Total Time": 11048.52, "Actual Rows": 1459150, "Actual Loops": 1200363, "Recheck Cond": "(l_orderkey = orders.o_orderkey)", "Rows Removed by Index Recheck": 0, "Filter": "((l_shipdate >= '1995-01-01 00:00:00'::timestamp(0) without time zone) AND (l_shipdate <= '1996-12-31 00:00:00'::timestamp(0) without time zone))", "Rows Removed by Filter": 3342563, "Exact Heap Blocks": 1285989, "Lossy Heap Blocks": 1285989, "Plans": [{"Node Type": "Bitmap Index Scan", "Parent Relationship": "Outer", "Index Name": "idx_lineitem_orderkey", "Startup Cost": 0.0, "Total Cost": 0.38, "Plan Rows": 9, "Plan Width": 0, "Actual Startup Time": 4962.424, "Actual Total Time": 4962.424, "Actual Rows": 4801713, "Actual Loops": 1200363, "Index Cond": "(l_orderkey = orders.o_orderkey)"}]}]}, {"Node Type": "Hash", "Parent Relationship": "Inner", "Startup Cost": 3283.0, "Total Cost": 3283.0, "Plan Rows": 100000, "Plan Width": 12, "Actual Startup Time": 67.261, "Actual Total Time": 67.261, "Actual Rows": 100000, "Actual Loops": 1, "Hash Buckets": 131072, "Hash Batches": 1, "Original Hash Batches": 1, "Peak Memory Usage": 4297, "Plans": [{"Node Type": "Seq Scan", "Parent Relationship": "Outer", "Relation Name": "supplier", "Alias": "supplier", "Startup Cost": 0.0, "Total Cost": 3283.0, "Plan Rows": 100000, "Plan Width": 12, "Actual Startup Time": 0.024, "Actual Total Time": 36.756, "Actual Rows": 100000, "Actual Loops": 1}]}]}]}]}, "Triggers": [], "Planner Runtime": 3, "Total Runtime": 23616.792, "Unique SQL Id": 2208782157}}, "(16, 7)": {"explain_plan": {"Plan": {"Node Type": "Sort", "Startup Cost": 99673674.43, "Total Cost": 99673683.65, "Plan Rows": 3688, "Plan Width": 84, "Sort Key": ["n1.n_name", "n2.n_name", "(date_part('year'::text, lineitem.l_shipdate))"], "Plans": [{"Node Type": "Aggregate", "Strategy": "Hashed", "Parent Relationship": "Outer", "Startup Cost": 99673409.84, "Total Cost": 99673455.94, "Plan Rows": 3688, "Plan Width": 84, "Group By Key": ["n1.n_name", "n2.n_name", "date_part('year'::text, lineitem.l_shipdate)"], "Plans": [{"Node Type": "Nested Loop", "Parent Relationship": "Outer", "Join Type": "Inner", "Startup Cost": 627986.71, "Total Cost": 99673354.52, "Plan Rows": 3688, "Plan Width": 76, "Inner Unique": true, "Join Filter": "(((n1.n_name = 'JAPAN'::bpchar) AND (n2.n_name = 'INDIA'::bpchar)) OR ((n1.n_name = 'INDIA'::bpchar) AND (n2.n_name = 'JAPAN'::bpchar)))", "Plans": [{"Node Type": "Nested Loop", "Parent Relationship": "Outer", "Join Type": "Inner", "Startup Cost": 627986.45, "Total Cost": 94724471.42, "Plan Rows": 1153515, "Plan Width": 54, "Inner Unique": true, "Plans": [{"Node Type": "Nested Loop", "Parent Relationship": "Outer", "Join Type": "Inner", "Startup Cost": 627986.2, "Total Cost": 89787046.56, "Plan Rows": 1153515, "Plan Width": 32, "Inner Unique": true, "Plans": [{"Node Type": "Nested Loop", "Parent Relationship": "Outer", "Join Type": "Inner", "Startup Cost": 627985.94, "Total Cost": 84848088.55, "Plan Rows": 1153515, "Plan Width": 36, "Inner Unique": true, "Plans": [{"Node Type": "Nested Loop", "Parent Relationship": "Outer", "Join Type": "Inner", "Startup Cost": 627985.67, "Total Cost": 79896146.0, "Plan Rows": 1153515, "Plan Width": 36, "Inner Unique": true, "Plans": [{"Node Type": "Bitmap Heap Scan", "Parent Relationship": "Outer", "Relation Name": "lineitem", "Alias": "lineitem", "Startup Cost": 627985.41, "Total Cost": 2315105.27, "Plan Rows": 18124991, "Plan Width": 40, "Recheck Cond": "((l_shipdate >= '1995-01-01 00:00:00'::timestamp(0) without time zone) AND (l_shipdate <= '1996-12-31 00:00:00'::timestamp(0) without time zone)), (LLVM Optimized)", "Plans": [{"Node Type": "Bitmap Index Scan", "Parent Relationship": "Outer", "Index Name": "idx_lineitem_shipdate", "Startup Cost": 0.0, "Total Cost": 623454.16, "Plan Rows": 18124991, "Plan Width": 0, "Index Cond": "((l_shipdate >= '1995-01-01 00:00:00'::timestamp(0) without time zone) AND (l_shipdate <= '1996-12-31 00:00:00'::timestamp(0) without time zone))"}]}, {"Node Type": "Bitmap Heap Scan", "Parent Relationship": "Inner", "Relation Name": "supplier", "Alias": "supplier", "Startup Cost": 0.26, "Total Cost": 4.27, "Plan Rows": 1, "Plan Width": 12, "Recheck Cond": "(s_suppkey = lineitem.l_suppkey)", "Plans": [{"Node Type": "Bitmap Index Scan", "Parent Relationship": "Outer", "Index Name": "supplier_pkey", "Startup Cost": 0.0, "Total Cost": 0.26, "Plan Rows": 1, "Plan Width": 0, "Index Cond": "(s_suppkey = lineitem.l_suppkey)"}]}]}, {"Node Type": "Bitmap Heap Scan", "Parent Relationship": "Inner", "Relation Name": "orders", "Alias": "orders", "Startup Cost": 0.27, "Total Cost": 4.28, "Plan Rows": 1, "Plan Width": 16, "Recheck Cond": "(o_orderkey = lineitem.l_orderkey)", "Plans": [{"Node Type": "Bitmap Index Scan", "Parent Relationship": "Outer", "Index Name": "orders_pkey", "Startup Cost": 0.0, "Total Cost": 0.27, "Plan Rows": 1, "Plan Width": 0, "Index Cond": "(o_orderkey = lineitem.l_orderkey)"}]}]}, {"Node Type": "Bitmap Heap Scan", "Parent Relationship": "Inner", "Relation Name": "customer", "Alias": "customer", "Startup Cost": 0.26, "Total Cost": 4.27, "Plan Rows": 1, "Plan Width": 12, "Recheck Cond": "(c_custkey = orders.o_custkey)", "Plans": [{"Node Type": "Bitmap Index Scan", "Parent Relationship": "Outer", "Index Name": "customer_pkey", "Startup Cost": 0.0, "Total Cost": 0.26, "Plan Rows": 1, "Plan Width": 0, "Index Cond": "(c_custkey = orders.o_custkey)"}]}]}, {"Node Type": "Bitmap Heap Scan", "Parent Relationship": "Inner", "Relation Name": "nation", "Alias": "n1", "Startup Cost": 0.26, "Total Cost": 4.27, "Plan Rows": 1, "Plan Width": 30, "Recheck Cond": "(n_nationkey = supplier.s_nationkey)", "Filter": "((n_name = 'JAPAN'::bpchar) OR (n_name = 'INDIA'::bpchar))", "Plans": [{"Node Type": "Bitmap Index Scan", "Parent Relationship": "Outer", "Index Name": "nation_pkey", "Startup Cost": 0.0, "Total Cost": 0.26, "Plan Rows": 1, "Plan Width": 0, "Index Cond": "(n_nationkey = supplier.s_nationkey)"}]}]}, {"Node Type": "Bitmap Heap Scan", "Parent Relationship": "Inner", "Relation Name": "nation", "Alias": "n2", "Startup Cost": 0.26, "Total Cost": 4.27, "Plan Rows": 1, "Plan Width": 30, "Recheck Cond": "(n_nationkey = customer.c_nationkey)", "Filter": "((n_name = 'INDIA'::bpchar) OR (n_name = 'JAPAN'::bpchar))", "Plans": [{"Node Type": "Bitmap Index Scan", "Parent Relationship": "Outer", "Index Name": "nation_pkey", "Startup Cost": 0.0, "Total Cost": 0.26, "Plan Rows": 1, "Plan Width": 0, "Index Cond": "(n_nationkey = customer.c_nationkey)"}]}]}]}]}, "Unique SQL Id": 2208782157, "Planner Runtime": 3}, "explain_analyze_plan": null}, "(16, 8)": {"explain_plan": {"Plan": {"Node Type": "Sort", "Startup Cost": 655180.01, "Total Cost": 655189.23, "Plan Rows": 3688, "Plan Width": 84, "Sort Key": ["n1.n_name", "n2.n_name", "(date_part('year'::text, lineitem.l_shipdate))"], "Plans": [{"Node Type": "Aggregate", "Strategy": "Hashed", "Parent Relationship": "Outer", "Startup Cost": 654915.42, "Total Cost": 654961.52, "Plan Rows": 3688, "Plan Width": 84, "Group By Key": ["n1.n_name", "n2.n_name", "date_part('year'::text, lineitem.l_shipdate)"], "Plans": [{"Node Type": "Hash Join", "Parent Relationship": "Outer", "Join Type": "Inner", "Startup Cost": 4783.0, "Total Cost": 654860.1, "Plan Rows": 3688, "Plan Width": 76, "Inner Unique": true, "Hash Cond": "((lineitem.l_suppkey = supplier.s_suppkey) AND (n1.n_nationkey = supplier.s_nationkey))", "Plans": [{"Node Type": "Nested Loop", "Parent Relationship": "Outer", "Join Type": "Inner", "Startup Cost": 0.0, "Total Cost": 644493.13, "Plan Rows": 740786, "Plan Width": 88, "Inner Unique": false, "Plans": [{"Node Type": "Nested Loop", "Parent Relationship": "Outer", "Join Type": "Inner", "Startup Cost": 0.0, "Total Cost": 167755.5, "Plan Rows": 504972, "Plan Width": 64, "Inner Unique": false, "Plans": [{"Node Type": "Nested Loop", "Parent Relationship": "Outer", "Join Type": "Inner", "Startup Cost": 0.0, "Total Cost": 16632.98, "Plan Rows": 119904, "Plan Width": 64, "Inner Unique": false, "Plans": [{"Node Type": "Nested Loop", "Parent Relationship": "Outer", "Join Type": "Inner", "Startup Cost": 0.0, "Total Cost": 28.12, "Plan Rows": 2, "Plan Width": 60, "Inner Unique": false, "Join Filter": "(((n1.n_name = 'JAPAN'::bpchar) AND (n2.n_name = 'INDIA'::bpchar)) OR ((n1.n_name = 'INDIA'::bpchar) AND (n2.n_name = 'JAPAN'::bpchar)))", "Plans": [{"Node Type": "Index Scan", "Parent Relationship": "Outer", "Scan Direction": "Forward", "Index Name": "nation_pkey", "Relation Name": "nation", "Alias": "n1", "Startup Cost": 0.0, "Total Cost": 12.75, "Plan Rows": 25, "Plan Width": 30, "Filter": "((n_name = 'JAPAN'::bpchar) OR (n_name = 'INDIA'::bpchar))"}, {"Node Type": "Materialize", "Parent Relationship": "Inner", "Startup Cost": 0.0, "Total Cost": 1.38, "Plan Rows": 25, "Plan Width": 30, "Plans": [{"Node Type": "Seq Scan", "Parent Relationship": "Outer", "Relation Name": "nation", "Alias": "n2", "Startup Cost": 0.0, "Total Cost": 1.25, "Plan Rows": 25, "Plan Width": 30, "Filter": "((n_name = 'INDIA'::bpchar) OR (n_name = 'JAPAN'::bpchar))"}]}]}, {"Node Type": "Index Scan", "Parent Relationship": "Inner", "Scan Direction": "Forward", "Index Name": "idx_customer_nationkey", "Relation Name": "customer", "Alias": "customer", "Startup Cost": 0.0, "Total Cost": 7702.43, "Plan Rows": 60000, "Plan Width": 12, "Index Cond": "(c_nationkey = n2.n_nationkey)"}]}, {"Node Type": "Index Scan", "Parent Relationship": "Inner", "Scan Direction": "Forward", "Index Name": "idx_orders_custkey", "Relation Name": "orders", "Alias": "orders", "Startup Cost": 0.0, "Total Cost": 1.22, "Plan Rows": 4, "Plan Width": 16, "Index Cond": "(o_custkey = customer.c_custkey)"}]}, {"Node Type": "Index Scan", "Parent Relationship": "Inner", "Scan Direction": "Forward", "Index Name": "idx_lineitem_orderkey", "Relation Name": "lineitem", "Alias": "lineitem", "Startup Cost": 0.0, "Total Cost": 0.91, "Plan Rows": 3, "Plan Width": 40, "Index Cond": "(l_orderkey = orders.o_orderkey)", "Filter": "((l_shipdate >= '1995-01-01 00:00:00'::timestamp(0) without time zone) AND (l_shipdate <= '1996-12-31 00:00:00'::timestamp(0) without time zone))"}]}, {"Node Type": "Hash", "Parent Relationship": "Inner", "Startup Cost": 3283.0, "Total Cost": 3283.0, "Plan Rows": 100000, "Plan Width": 12, "Plans": [{"Node Type": "Seq Scan", "Parent Relationship": "Outer", "Relation Name": "supplier", "Alias": "supplier", "Startup Cost": 0.0, "Total Cost": 3283.0, "Plan Rows": 100000, "Plan Width": 12}]}]}]}]}, "Unique SQL Id": 2208782157, "Planner Runtime": 5}, "explain_analyze_plan": {"Plan": {"Node Type": "Sort", "Startup Cost": 655180.01, "Total Cost": 655189.23, "Plan Rows": 3688, "Plan Width": 84, "Actual Startup Time": 20101.862, "Actual Total Time": 20101.863, "Actual Rows": 4, "Actual Loops": 1, "Sort Key": ["n1.n_name", "n2.n_name", "(date_part('year'::text, lineitem.l_shipdate))"], "Sort Method": "quicksort", "Sort Space Used": 25, "Sort Space Type": "Memory", "Plans": [{"Node Type": "Aggregate", "Strategy": "Hashed", "Parent Relationship": "Outer", "Startup Cost": 654915.42, "Total Cost": 654961.52, "Plan Rows": 3688, "Plan Width": 84, "Actual Startup Time": 20101.806, "Actual Total Time": 20101.811, "Actual Rows": 4, "Actual Loops": 1, "Group By Key": ["n1.n_name", "n2.n_name", "date_part('year'::text, lineitem.l_shipdate)"], "Plans": [{"Node Type": "Hash Join", "Parent Relationship": "Outer", "Join Type": "Inner", "Startup Cost": 4783.0, "Total Cost": 654860.1, "Plan Rows": 3688, "Plan Width": 76, "Actual Startup Time": 66.908, "Actual Total Time": 19998.057, "Actual Rows": 58554, "Actual Loops": 1, "Inner Unique": true, "Hash Cond": "((lineitem.l_suppkey = supplier.s_suppkey) AND (n1.n_nationkey = supplier.s_nationkey))", "Plans": [{"Node Type": "Nested Loop", "Parent Relationship": "Outer", "Join Type": "Inner", "Startup Cost": 0.0, "Total Cost": 644493.13, "Plan Rows": 740786, "Plan Width": 88, "Actual Startup Time": 0.174, "Actual Total Time": 19197.586, "Actual Rows": 1459150, "Actual Loops": 1, "Inner Unique": false, "Plans": [{"Node Type": "Nested Loop", "Parent Relationship": "Outer", "Join Type": "Inner", "Startup Cost": 0.0, "Total Cost": 167755.5, "Plan Rows": 504972, "Plan Width": 64, "Actual Startup Time": 0.116, "Actual Total Time": 3906.95, "Actual Rows": 1200363, "Actual Loops": 1, "Inner Unique": false, "Plans": [{"Node Type": "Nested Loop", "Parent Relationship": "Outer", "Join Type": "Inner", "Startup Cost": 0.0, "Total Cost": 16632.98, "Plan Rows": 119904, "Plan Width": 64, "Actual Startup Time": 0.105, "Actual Total Time": 217.394, "Actual Rows": 119972, "Actual Loops": 1, "Inner Unique": false, "Plans": [{"Node Type": "Nested Loop", "Parent Relationship": "Outer", "Join Type": "Inner", "Startup Cost": 0.0, "Total Cost": 28.12, "Plan Rows": 2, "Plan Width": 60, "Actual Startup Time": 0.071, "Actual Total Time": 0.282, "Actual Rows": 2, "Actual Loops": 1, "Inner Unique": false, "Join Filter": "(((n1.n_name = 'JAPAN'::bpchar) AND (n2.n_name = 'INDIA'::bpchar)) OR ((n1.n_name = 'INDIA'::bpchar) AND (n2.n_name = 'JAPAN'::bpchar)))", "Rows Removed by Join Filter": 2, "Plans": [{"Node Type": "Index Scan", "Parent Relationship": "Outer", "Scan Direction": "Forward", "Index Name": "nation_pkey", "Relation Name": "nation", "Alias": "n1", "Startup Cost": 0.0, "Total Cost": 12.75, "Plan Rows": 25, "Plan Width": 30, "Actual Startup Time": 0.03, "Actual Total Time": 0.075, "Actual Rows": 2, "Actual Loops": 1, "Filter": "((n_name = 'JAPAN'::bpchar) OR (n_name = 'INDIA'::bpchar))", "Rows Removed by Filter": 23}, {"Node Type": "Materialize", "Parent Relationship": "Inner", "Startup Cost": 0.0, "Total Cost": 1.38, "Plan Rows": 25, "Plan Width": 30, "Actual Startup Time": 0.031, "Actual Total Time": 0.128, "Actual Rows": 4, "Actual Loops": 2, "Plans": [{"Node Type": "Seq Scan", "Parent Relationship": "Outer", "Relation Name": "nation", "Alias": "n2", "Startup Cost": 0.0, "Total Cost": 1.25, "Plan Rows": 25, "Plan Width": 30, "Actual Startup Time": 0.02, "Actual Total Time": 0.039, "Actual Rows": 2, "Actual Loops": 1, "Filter": "((n_name = 'INDIA'::bpchar) OR (n_name = 'JAPAN'::bpchar))", "Rows Removed by Filter": 23}]}]}, {"Node Type": "Index Scan", "Parent Relationship": "Inner", "Scan Direction": "Forward", "Index Name": "idx_customer_nationkey", "Relation Name": "customer", "Alias": "customer", "Startup Cost": 0.0, "Total Cost": 7702.43, "Plan Rows": 60000, "Plan Width": 12, "Actual Startup Time": 0.051, "Actual Total Time": 183.595, "Actual Rows": 119972, "Actual Loops": 2, "Index Cond": "(c_nationkey = n2.n_nationkey)", "Rows Removed by Index Recheck": 0}]}, {"Node Type": "Index Scan", "Parent Relationship": "Inner", "Scan Direction": "Forward", "Index Name": "idx_orders_custkey", "Relation Name": "orders", "Alias": "orders", "Startup Cost": 0.0, "Total Cost": 1.22, "Plan Rows": 4, "Plan Width": 16, "Actual Startup Time": 734.9, "Actual Total Time": 3349.479, "Actual Rows": 1200363, "Actual Loops": 119972, "Index Cond": "(o_custkey = customer.c_custkey)", "Rows Removed by Index Recheck": 0}]}, {"Node Type": "Index Scan", "Parent Relationship": "Inner", "Scan Direction": "Forward", "Index Name": "idx_lineitem_orderkey", "Relation Name": "lineitem", "Alias": "lineitem", "Startup Cost": 0.0, "Total Cost": 0.91, "Plan Rows": 3, "Plan Width": 40, "Actual Startup Time": 13114.435, "Actual Total Time": 14307.284, "Actual Rows": 1459150, "Actual Loops": 1200363, "Index Cond": "(l_orderkey = orders.o_orderkey)", "Rows Removed by Index Recheck": 0, "Filter": "((l_shipdate >= '1995-01-01 00:00:00'::timestamp(0) without time zone) AND (l_shipdate <= '1996-12-31 00:00:00'::timestamp(0) without time zone))", "Rows Removed by Filter": 3342563}]}, {"Node Type": "Hash", "Parent Relationship": "Inner", "Startup Cost": 3283.0, "Total Cost": 3283.0, "Plan Rows": 100000, "Plan Width": 12, "Actual Startup Time": 66.467, "Actual Total Time": 66.467, "Actual Rows": 100000, "Actual Loops": 1, "Hash Buckets": 131072, "Hash Batches": 1, "Original Hash Batches": 1, "Peak Memory Usage": 4297, "Plans": [{"Node Type": "Seq Scan", "Parent Relationship": "Outer", "Relation Name": "supplier", "Alias": "supplier", "Startup Cost": 0.0, "Total Cost": 3283.0, "Plan Rows": 100000, "Plan Width": 12, "Actual Startup Time": 0.017, "Actual Total Time": 35.896, "Actual Rows": 100000, "Actual Loops": 1}]}]}]}]}, "Triggers": [], "Planner Runtime": 3, "Total Runtime": 20102.099, "Unique SQL Id": 2208782157}}, "(16, 9)": {"explain_plan": {"Plan": {"Node Type": "Sort", "Startup Cost": 657243.06, "Total Cost": 657252.28, "Plan Rows": 3688, "Plan Width": 84, "Sort Key": ["n1.n_name", "n2.n_name", "(date_part('year'::text, lineitem.l_shipdate))"], "Plans": [{"Node Type": "Aggregate", "Strategy": "Hashed", "Parent Relationship": "Outer", "Startup Cost": 656978.47, "Total Cost": 657024.57, "Plan Rows": 3688, "Plan Width": 84, "Group By Key": ["n1.n_name", "n2.n_name", "date_part('year'::text, lineitem.l_shipdate)"], "Plans": [{"Node Type": "Hash Join", "Parent Relationship": "Outer", "Join Type": "Inner", "Startup Cost": 6834.54, "Total Cost": 656923.15, "Plan Rows": 3688, "Plan Width": 76, "Inner Unique": true, "Hash Cond": "((lineitem.l_suppkey = supplier.s_suppkey) AND (n1.n_nationkey = supplier.s_nationkey))", "Plans": [{"Node Type": "Nested Loop", "Parent Relationship": "Outer", "Join Type": "Inner", "Startup Cost": 0.0, "Total Cost": 644504.63, "Plan Rows": 740786, "Plan Width": 88, "Inner Unique": false, "Plans": [{"Node Type": "Nested Loop", "Parent Relationship": "Outer", "Join Type": "Inner", "Startup Cost": 0.0, "Total Cost": 167767.0, "Plan Rows": 504972, "Plan Width": 64, "Inner Unique": false, "Plans": [{"Node Type": "Nested Loop", "Parent Relationship": "Outer", "Join Type": "Inner", "Startup Cost": 0.0, "Total Cost": 16644.48, "Plan Rows": 119904, "Plan Width": 64, "Inner Unique": false, "Plans": [{"Node Type": "Nested Loop", "Parent Relationship": "Outer", "Join Type": "Inner", "Startup Cost": 0.0, "Total Cost": 39.62, "Plan Rows": 2, "Plan Width": 60, "Inner Unique": false, "Join Filter": "(((n1.n_name = 'JAPAN'::bpchar) AND (n2.n_name = 'INDIA'::bpchar)) OR ((n1.n_name = 'INDIA'::bpchar) AND (n2.n_name = 'JAPAN'::bpchar)))", "Plans": [{"Node Type": "Index Scan", "Parent Relationship": "Outer", "Scan Direction": "Forward", "Index Name": "nation_pkey", "Relation Name": "nation", "Alias": "n1", "Startup Cost": 0.0, "Total Cost": 12.75, "Plan Rows": 25, "Plan Width": 30, "Filter": "((n_name = 'JAPAN'::bpchar) OR (n_name = 'INDIA'::bpchar))"}, {"Node Type": "Materialize", "Parent Relationship": "Inner", "Startup Cost": 0.0, "Total Cost": 12.88, "Plan Rows": 25, "Plan Width": 30, "Plans": [{"Node Type": "Index Scan", "Parent Relationship": "Outer", "Scan Direction": "Forward", "Index Name": "nation_pkey", "Relation Name": "nation", "Alias": "n2", "Startup Cost": 0.0, "Total Cost": 12.75, "Plan Rows": 25, "Plan Width": 30, "Filter": "((n_name = 'INDIA'::bpchar) OR (n_name = 'JAPAN'::bpchar))"}]}]}, {"Node Type": "Index Scan", "Parent Relationship": "Inner", "Scan Direction": "Forward", "Index Name": "idx_customer_nationkey", "Relation Name": "customer", "Alias": "customer", "Startup Cost": 0.0, "Total Cost": 7702.43, "Plan Rows": 60000, "Plan Width": 12, "Index Cond": "(c_nationkey = n2.n_nationkey)"}]}, {"Node Type": "Index Scan", "Parent Relationship": "Inner", "Scan Direction": "Forward", "Index Name": "idx_orders_custkey", "Relation Name": "orders", "Alias": "orders", "Startup Cost": 0.0, "Total Cost": 1.22, "Plan Rows": 4, "Plan Width": 16, "Index Cond": "(o_custkey = customer.c_custkey)"}]}, {"Node Type": "Index Scan", "Parent Relationship": "Inner", "Scan Direction": "Forward", "Index Name": "idx_lineitem_orderkey", "Relation Name": "lineitem", "Alias": "lineitem", "Startup Cost": 0.0, "Total Cost": 0.91, "Plan Rows": 3, "Plan Width": 40, "Index Cond": "(l_orderkey = orders.o_orderkey)", "Filter": "((l_shipdate >= '1995-01-01 00:00:00'::timestamp(0) without time zone) AND (l_shipdate <= '1996-12-31 00:00:00'::timestamp(0) without time zone))"}]}, {"Node Type": "Hash", "Parent Relationship": "Inner", "Startup Cost": 5334.54, "Total Cost": 5334.54, "Plan Rows": 100000, "Plan Width": 12, "Plans": [{"Node Type": "Index Scan", "Parent Relationship": "Outer", "Scan Direction": "Forward", "Index Name": "supplier_pkey", "Relation Name": "supplier", "Alias": "supplier", "Startup Cost": 0.0, "Total Cost": 5334.54, "Plan Rows": 100000, "Plan Width": 12}]}]}]}]}, "Unique SQL Id": 2208782157, "Planner Runtime": 5}, "explain_analyze_plan": {"Plan": {"Node Type": "Sort", "Startup Cost": 657243.06, "Total Cost": 657252.28, "Plan Rows": 3688, "Plan Width": 84, "Actual Startup Time": 20192.933, "Actual Total Time": 20192.934, "Actual Rows": 4, "Actual Loops": 1, "Sort Key": ["n1.n_name", "n2.n_name", "(date_part('year'::text, lineitem.l_shipdate))"], "Sort Method": "quicksort", "Sort Space Used": 25, "Sort Space Type": "Memory", "Plans": [{"Node Type": "Aggregate", "Strategy": "Hashed", "Parent Relationship": "Outer", "Startup Cost": 656978.47, "Total Cost": 657024.57, "Plan Rows": 3688, "Plan Width": 84, "Actual Startup Time": 20192.889, "Actual Total Time": 20192.895, "Actual Rows": 4, "Actual Loops": 1, "Group By Key": ["n1.n_name", "n2.n_name", "date_part('year'::text, lineitem.l_shipdate)"], "Plans": [{"Node Type": "Hash Join", "Parent Relationship": "Outer", "Join Type": "Inner", "Startup Cost": 6834.54, "Total Cost": 656923.15, "Plan Rows": 3688, "Plan Width": 76, "Actual Startup Time": 98.367, "Actual Total Time": 20087.363, "Actual Rows": 58554, "Actual Loops": 1, "Inner Unique": true, "Hash Cond": "((lineitem.l_suppkey = supplier.s_suppkey) AND (n1.n_nationkey = supplier.s_nationkey))", "Plans": [{"Node Type": "Nested Loop", "Parent Relationship": "Outer", "Join Type": "Inner", "Startup Cost": 0.0, "Total Cost": 644504.63, "Plan Rows": 740786, "Plan Width": 88, "Actual Startup Time": 0.151, "Actual Total Time": 19230.01, "Actual Rows": 1459150, "Actual Loops": 1, "Inner Unique": false, "Plans": [{"Node Type": "Nested Loop", "Parent Relationship": "Outer", "Join Type": "Inner", "Startup Cost": 0.0, "Total Cost": 167767.0, "Plan Rows": 504972, "Plan Width": 64, "Actual Startup Time": 0.093, "Actual Total Time": 4021.421, "Actual Rows": 1200363, "Actual Loops": 1, "Inner Unique": false, "Plans": [{"Node Type": "Nested Loop", "Parent Relationship": "Outer", "Join Type": "Inner", "Startup Cost": 0.0, "Total Cost": 16644.48, "Plan Rows": 119904, "Plan Width": 64, "Actual Startup Time": 0.081, "Actual Total Time": 223.075, "Actual Rows": 119972, "Actual Loops": 1, "Inner Unique": false, "Plans": [{"Node Type": "Nested Loop", "Parent Relationship": "Outer", "Join Type": "Inner", "Startup Cost": 0.0, "Total Cost": 39.62, "Plan Rows": 2, "Plan Width": 60, "Actual Startup Time": 0.05, "Actual Total Time": 0.214, "Actual Rows": 2, "Actual Loops": 1, "Inner Unique": false, "Join Filter": "(((n1.n_name = 'JAPAN'::bpchar) AND (n2.n_name = 'INDIA'::bpchar)) OR ((n1.n_name = 'INDIA'::bpchar) AND (n2.n_name = 'JAPAN'::bpchar)))", "Rows Removed by Join Filter": 2, "Plans": [{"Node Type": "Index Scan", "Parent Relationship": "Outer", "Scan Direction": "Forward", "Index Name": "nation_pkey", "Relation Name": "nation", "Alias": "n1", "Startup Cost": 0.0, "Total Cost": 12.75, "Plan Rows": 25, "Plan Width": 30, "Actual Startup Time": 0.027, "Actual Total Time": 0.059, "Actual Rows": 2, "Actual Loops": 1, "Filter": "((n_name = 'JAPAN'::bpchar) OR (n_name = 'INDIA'::bpchar))", "Rows Removed by Filter": 23}, {"Node Type": "Materialize", "Parent Relationship": "Inner", "Startup Cost": 0.0, "Total Cost": 12.88, "Plan Rows": 25, "Plan Width": 30, "Actual Startup Time": 0.015, "Actual Total Time": 0.053, "Actual Rows": 4, "Actual Loops": 2, "Plans": [{"Node Type": "Index Scan", "Parent Relationship": "Outer", "Scan Direction": "Forward", "Index Name": "nation_pkey", "Relation Name": "nation", "Alias": "n2", "Startup Cost": 0.0, "Total Cost": 12.75, "Plan Rows": 25, "Plan Width": 30, "Actual Startup Time": 0.01, "Actual Total Time": 0.042, "Actual Rows": 2, "Actual Loops": 1, "Filter": "((n_name = 'INDIA'::bpchar) OR (n_name = 'JAPAN'::bpchar))", "Rows Removed by Filter": 23}]}]}, {"Node Type": "Index Scan", "Parent Relationship": "Inner", "Scan Direction": "Forward", "Index Name": "idx_customer_nationkey", "Relation Name": "customer", "Alias": "customer", "Startup Cost": 0.0, "Total Cost": 7702.43, "Plan Rows": 60000, "Plan Width": 12, "Actual Startup Time": 0.052, "Actual Total Time": 187.081, "Actual Rows": 119972, "Actual Loops": 2, "Index Cond": "(c_nationkey = n2.n_nationkey)", "Rows Removed by Index Recheck": 0}]}, {"Node Type": "Index Scan", "Parent Relationship": "Inner", "Scan Direction": "Forward", "Index Name": "idx_orders_custkey", "Relation Name": "orders", "Alias": "orders", "Startup Cost": 0.0, "Total Cost": 1.22, "Plan Rows": 4, "Plan Width": 16, "Actual Startup Time": 742.261, "Actual Total Time": 3448.447, "Actual Rows": 1200363, "Actual Loops": 119972, "Index Cond": "(o_custkey = customer.c_custkey)", "Rows Removed by Index Recheck": 0}]}, {"Node Type": "Index Scan", "Parent Relationship": "Inner", "Scan Direction": "Forward", "Index Name": "idx_lineitem_orderkey", "Relation Name": "lineitem", "Alias": "lineitem", "Startup Cost": 0.0, "Total Cost": 0.91, "Plan Rows": 3, "Plan Width": 40, "Actual Startup Time": 13059.952, "Actual Total Time": 14241.321, "Actual Rows": 1459150, "Actual Loops": 1200363, "Index Cond": "(l_orderkey = orders.o_orderkey)", "Rows Removed by Index Recheck": 0, "Filter": "((l_shipdate >= '1995-01-01 00:00:00'::timestamp(0) without time zone) AND (l_shipdate <= '1996-12-31 00:00:00'::timestamp(0) without time zone))", "Rows Removed by Filter": 3342563}]}, {"Node Type": "Hash", "Parent Relationship": "Inner", "Startup Cost": 5334.54, "Total Cost": 5334.54, "Plan Rows": 100000, "Plan Width": 12, "Actual Startup Time": 97.954, "Actual Total Time": 97.954, "Actual Rows": 100000, "Actual Loops": 1, "Hash Buckets": 131072, "Hash Batches": 1, "Original Hash Batches": 1, "Peak Memory Usage": 4297, "Plans": [{"Node Type": "Index Scan", "Parent Relationship": "Outer", "Scan Direction": "Forward", "Index Name": "supplier_pkey", "Relation Name": "supplier", "Alias": "supplier", "Startup Cost": 0.0, "Total Cost": 5334.54, "Plan Rows": 100000, "Plan Width": 12, "Actual Startup Time": 0.02, "Actual Total Time": 65.869, "Actual Rows": 100000, "Actual Loops": 1}]}]}]}]}, "Triggers": [], "Planner Runtime": 3, "Total Runtime": 20193.168, "Unique SQL Id": 2208782157}}, "(16, 10)": {"explain_plan": {"Plan": {"Node Type": "Sort", "Startup Cost": 2961361.75, "Total Cost": 2961370.97, "Plan Rows": 3688, "Plan Width": 84, "Sort Key": ["n1.n_name", "n2.n_name", "(date_part('year'::text, lineitem.l_shipdate))"], "Plans": [{"Node Type": "Aggregate", "Strategy": "Hashed", "Parent Relationship": "Outer", "Startup Cost": 2961097.16, "Total Cost": 2961143.26, "Plan Rows": 3688, "Plan Width": 84, "Group By Key": ["n1.n_name", "n2.n_name", "date_part('year'::text, lineitem.l_shipdate)"], "Plans": [{"Node Type": "Hash Join", "Parent Relationship": "Outer", "Join Type": "Inner", "Startup Cost": 557677.13, "Total Cost": 2961041.84, "Plan Rows": 3688, "Plan Width": 76, "Inner Unique": true, "Hash Cond": "((lineitem.l_suppkey = supplier.s_suppkey) AND (n1.n_nationkey = supplier.s_nationkey))", "Plans": [{"Node Type": "Hash Join", "Parent Relationship": "Outer", "Join Type": "Inner", "Startup Cost": 552894.13, "Total Cost": 2950674.86, "Plan Rows": 740786, "Plan Width": 88, "Inner Unique": false, "Hash Cond": "(lineitem.l_orderkey = orders.o_orderkey), (LLVM Optimized)", "Plans": [{"Node Type": "Seq Scan", "Parent Relationship": "Outer", "Relation Name": "lineitem", "Alias": "lineitem", "Startup Cost": 44.6, "Total Cost": 2315050.5, "Plan Rows": 18124991, "Plan Width": 40, "Filter": "((l_shipdate >= '1995-01-01 00:00:00'::timestamp(0) without time zone) AND (l_shipdate <= '1996-12-31 00:00:00'::timestamp(0) without time zone)), (LLVM Optimized)"}, {"Node Type": "Hash", "Parent Relationship": "Inner", "Startup Cost": 546537.38, "Total Cost": 546537.38, "Plan Rows": 504972, "Plan Width": 64, "Plans": [{"Node Type": "Hash Join", "Parent Relationship": "Outer", "Join Type": "Inner", "Startup Cost": 58825.83, "Total Cost": 546537.38, "Plan Rows": 504972, "Plan Width": 64, "Inner Unique": false, "Hash Cond": "(orders.o_custkey = customer.c_custkey), (LLVM Optimized)", "Plans": [{"Node Type": "Seq Scan", "Parent Relationship": "Outer", "Relation Name": "orders", "Alias": "orders", "Startup Cost": 0.0, "Total Cost": 426413.79, "Plan Rows": 14999479, "Plan Width": 16}, {"Node Type": "Hash", "Parent Relationship": "Inner", "Startup Cost": 57327.03, "Total Cost": 57327.03, "Plan Rows": 119904, "Plan Width": 64, "Plans": [{"Node Type": "Hash Join", "Parent Relationship": "Outer", "Join Type": "Inner", "Startup Cost": 16.65, "Total Cost": 57327.03, "Plan Rows": 119904, "Plan Width": 64, "Inner Unique": false, "Hash Cond": "(customer.c_nationkey = n2.n_nationkey), (LLVM Optimized)", "Plans": [{"Node Type": "Seq Scan", "Parent Relationship": "Outer", "Relation Name": "customer", "Alias": "customer", "Startup Cost": 0.0, "Total Cost": 52126.0, "Plan Rows": 1500000, "Plan Width": 12}, {"Node Type": "Hash", "Parent Relationship": "Inner", "Startup Cost": 16.62, "Total Cost": 16.62, "Plan Rows": 2, "Plan Width": 60, "Plans": [{"Node Type": "Nested Loop", "Parent Relationship": "Outer", "Join Type": "Inner", "Startup Cost": 0.0, "Total Cost": 16.62, "Plan Rows": 2, "Plan Width": 60, "Inner Unique": false, "Join Filter": "(((n1.n_name = 'JAPAN'::bpchar) AND (n2.n_name = 'INDIA'::bpchar)) OR ((n1.n_name = 'INDIA'::bpchar) AND (n2.n_name = 'JAPAN'::bpchar)))", "Plans": [{"Node Type": "Seq Scan", "Parent Relationship": "Outer", "Relation Name": "nation", "Alias": "n1", "Startup Cost": 0.0, "Total Cost": 1.25, "Plan Rows": 25, "Plan Width": 30, "Filter": "((n_name = 'JAPAN'::bpchar) OR (n_name = 'INDIA'::bpchar))"}, {"Node Type": "Materialize", "Parent Relationship": "Inner", "Startup Cost": 0.0, "Total Cost": 1.38, "Plan Rows": 25, "Plan Width": 30, "Plans": [{"Node Type": "Seq Scan", "Parent Relationship": "Outer", "Relation Name": "nation", "Alias": "n2", "Startup Cost": 0.0, "Total Cost": 1.25, "Plan Rows": 25, "Plan Width": 30, "Filter": "((n_name = 'INDIA'::bpchar) OR (n_name = 'JAPAN'::bpchar))"}]}]}]}]}]}]}]}]}, {"Node Type": "Hash", "Parent Relationship": "Inner", "Startup Cost": 3283.0, "Total Cost": 3283.0, "Plan Rows": 100000, "Plan Width": 12, "Plans": [{"Node Type": "Seq Scan", "Parent Relationship": "Outer", "Relation Name": "supplier", "Alias": "supplier", "Startup Cost": 0.0, "Total Cost": 3283.0, "Plan Rows": 100000, "Plan Width": 12}]}]}]}]}, "Unique SQL Id": 2208782157, "Planner Runtime": 5}, "explain_analyze_plan": null}, "(16, 11)": {"explain_plan": {"Plan": {"Node Type": "Sort", "Startup Cost": 6023462968943.18, "Total Cost": 6023462968952.4, "Plan Rows": 3688, "Plan Width": 84, "Sort Key": ["n1.n_name", "n2.n_name", "(date_part('year'::text, lineitem.l_shipdate))"], "Plans": [{"Node Type": "Aggregate", "Strategy": "Hashed", "Parent Relationship": "Outer", "Startup Cost": 6023462968678.6, "Total Cost": 6023462968724.7, "Plan Rows": 3688, "Plan Width": 84, "Group By Key": ["n1.n_name", "n2.n_name", "date_part('year'::text, lineitem.l_shipdate)"], "Plans": [{"Node Type": "Merge Join", "Parent Relationship": "Outer", "Join Type": "Inner", "Startup Cost": 60000000000.0, "Total Cost": 6023462968623.28, "Plan Rows": 3688, "Plan Width": 76, "Inner Unique": true, "Merge Cond": "(n2.n_nationkey = customer.c_nationkey)", "Join Filter": "(orders.o_custkey = customer.c_custkey)", "Plans": [{"Node Type": "Nested Loop", "Parent Relationship": "Outer", "Join Type": "Inner", "Startup Cost": 50000000000.0, "Total Cost": 5023346950887.28, "Plan Rows": 92207, "Plan Width": 88, "Inner Unique": true, "Join Filter": "(lineitem.l_orderkey = orders.o_orderkey)", "Plans": [{"Node Type": "Nested Loop", "Parent Relationship": "Outer", "Join Type": "Inner", "Startup Cost": 40000000000.0, "Total Cost": 4002527961142.79, "Plan Rows": 92207, "Plan Width": 88, "Inner Unique": false, "Join Filter": "(supplier.s_suppkey = lineitem.l_suppkey)", "Plans": [{"Node Type": "Nested Loop", "Parent Relationship": "Outer", "Join Type": "Inner", "Startup Cost": 30000000000.0, "Total Cost": 3000000539268.5, "Plan Rows": 7994, "Plan Width": 64, "Inner Unique": false, "Join Filter": "(n1.n_nationkey = supplier.s_nationkey)", "Plans": [{"Node Type": "Nested Loop", "Parent Relationship": "Outer", "Join Type": "Inner", "Startup Cost": 20000000000.0, "Total Cost": 2000000002564.12, "Plan Rows": 2, "Plan Width": 60, "Inner Unique": false, "Join Filter": "(((n1.n_name = 'JAPAN'::bpchar) AND (n2.n_name = 'INDIA'::bpchar)) OR ((n1.n_name = 'INDIA'::bpchar) AND (n2.n_name = 'JAPAN'::bpchar)))", "Plans": [{"Node Type": "Index Scan", "Parent Relationship": "Outer", "Scan Direction": "Forward", "Index Name": "nation_pkey", "Relation Name": "nation", "Alias": "n2", "Startup Cost": 10000000000.0, "Total Cost": 1000000001275.0, "Plan Rows": 25, "Plan Width": 30, "Filter": "((n_name = 'INDIA'::bpchar) OR (n_name = 'JAPAN'::bpchar))"}, {"Node Type": "Materialize", "Parent Relationship": "Inner", "Startup Cost": 10000000000.0, "Total Cost": 1000000001275.12, "Plan Rows": 25, "Plan Width": 30, "Plans": [{"Node Type": "Index Scan", "Parent Relationship": "Outer", "Scan Direction": "Forward", "Index Name": "nation_pkey", "Relation Name": "nation", "Alias": "n1", "Startup Cost": 10000000000.0, "Total Cost": 1000000001275.0, "Plan Rows": 25, "Plan Width": 30, "Filter": "((n_name = 'JAPAN'::bpchar) OR (n_name = 'INDIA'::bpchar))"}]}]}, {"Node Type": "Materialize", "Parent Relationship": "Inner", "Startup Cost": 10000000000.0, "Total Cost": 1000000533954.38, "Plan Rows": 100000, "Plan Width": 12, "Plans": [{"Node Type": "Index Scan", "Parent Relationship": "Outer", "Scan Direction": "Forward", "Index Name": "supplier_pkey", "Relation Name": "supplier", "Alias": "supplier", "Startup Cost": 10000000000.0, "Total Cost": 1000000533454.38, "Plan Rows": 100000, "Plan Width": 12}]}]}, {"Node Type": "Materialize", "Parent Relationship": "Inner", "Startup Cost": 10000000000.0, "Total Cost": 1000354099515.95, "Plan Rows": 18124991, "Plan Width": 40, "Plans": [{"Node Type": "Index Scan", "Parent Relationship": "Outer", "Scan Direction": "Forward", "Index Name": "idx_lineitem_orderkey", "Relation Name": "lineitem", "Alias": "lineitem", "Startup Cost": 10000000000.0, "Total Cost": 1000354008891.0, "Plan Rows": 18124991, "Plan Width": 40, "Filter": "((l_shipdate >= '1995-01-01 00:00:00'::timestamp(0) without time zone) AND (l_shipdate <= '1996-12-31 00:00:00'::timestamp(0) without time zone)), (LLVM Optimized)"}]}]}, {"Node Type": "Materialize", "Parent Relationship": "Inner", "Startup Cost": 10000000000.0, "Total Cost": 1000073172840.9, "Plan Rows": 14999479, "Plan Width": 16, "Plans": [{"Node Type": "Index Scan", "Parent Relationship": "Outer", "Scan Direction": "Forward", "Index Name": "orders_pkey", "Relation Name": "orders", "Alias": "orders", "Startup Cost": 10000000000.0, "Total Cost": 1000073097843.5, "Plan Rows": 14999479, "Plan Width": 16}]}]}, {"Node Type": "Materialize", "Parent Relationship": "Inner", "Startup Cost": 10000000000.0, "Total Cost": 1000019203896.25, "Plan Rows": 1500000, "Plan Width": 12, "Plans": [{"Node Type": "Index Scan", "Parent Relationship": "Outer", "Scan Direction": "Forward", "Index Name": "idx_customer_nationkey", "Relation Name": "customer", "Alias": "customer", "Startup Cost": 10000000000.0, "Total Cost": 1000019200146.25, "Plan Rows": 1500000, "Plan Width": 12}]}]}]}]}, "Unique SQL Id": 2208782157, "Planner Runtime": 7}, "explain_analyze_plan": null}, "(16, 12)": {"explain_plan": {"Plan": {"Node Type": "Sort", "Startup Cost": 655180.01, "Total Cost": 655189.23, "Plan Rows": 3688, "Plan Width": 84, "Sort Key": ["n1.n_name", "n2.n_name", "(date_part('year'::text, lineitem.l_shipdate))"], "Plans": [{"Node Type": "Aggregate", "Strategy": "Hashed", "Parent Relationship": "Outer", "Startup Cost": 654915.42, "Total Cost": 654961.52, "Plan Rows": 3688, "Plan Width": 84, "Group By Key": ["n1.n_name", "n2.n_name", "date_part('year'::text, lineitem.l_shipdate)"], "Plans": [{"Node Type": "Hash Join", "Parent Relationship": "Outer", "Join Type": "Inner", "Startup Cost": 4783.0, "Total Cost": 654860.1, "Plan Rows": 3688, "Plan Width": 76, "Inner Unique": true, "Hash Cond": "((lineitem.l_suppkey = supplier.s_suppkey) AND (n1.n_nationkey = supplier.s_nationkey))", "Plans": [{"Node Type": "Nested Loop", "Parent Relationship": "Outer", "Join Type": "Inner", "Startup Cost": 0.0, "Total Cost": 644493.13, "Plan Rows": 740786, "Plan Width": 88, "Inner Unique": false, "Plans": [{"Node Type": "Nested Loop", "Parent Relationship": "Outer", "Join Type": "Inner", "Startup Cost": 0.0, "Total Cost": 167755.5, "Plan Rows": 504972, "Plan Width": 64, "Inner Unique": false, "Plans": [{"Node Type": "Nested Loop", "Parent Relationship": "Outer", "Join Type": "Inner", "Startup Cost": 0.0, "Total Cost": 16632.98, "Plan Rows": 119904, "Plan Width": 64, "Inner Unique": false, "Plans": [{"Node Type": "Nested Loop", "Parent Relationship": "Outer", "Join Type": "Inner", "Startup Cost": 0.0, "Total Cost": 28.12, "Plan Rows": 2, "Plan Width": 60, "Inner Unique": false, "Join Filter": "(((n1.n_name = 'JAPAN'::bpchar) AND (n2.n_name = 'INDIA'::bpchar)) OR ((n1.n_name = 'INDIA'::bpchar) AND (n2.n_name = 'JAPAN'::bpchar)))", "Plans": [{"Node Type": "Index Scan", "Parent Relationship": "Outer", "Scan Direction": "Forward", "Index Name": "nation_pkey", "Relation Name": "nation", "Alias": "n1", "Startup Cost": 0.0, "Total Cost": 12.75, "Plan Rows": 25, "Plan Width": 30, "Filter": "((n_name = 'JAPAN'::bpchar) OR (n_name = 'INDIA'::bpchar))"}, {"Node Type": "Materialize", "Parent Relationship": "Inner", "Startup Cost": 0.0, "Total Cost": 1.38, "Plan Rows": 25, "Plan Width": 30, "Plans": [{"Node Type": "Seq Scan", "Parent Relationship": "Outer", "Relation Name": "nation", "Alias": "n2", "Startup Cost": 0.0, "Total Cost": 1.25, "Plan Rows": 25, "Plan Width": 30, "Filter": "((n_name = 'INDIA'::bpchar) OR (n_name = 'JAPAN'::bpchar))"}]}]}, {"Node Type": "Index Scan", "Parent Relationship": "Inner", "Scan Direction": "Forward", "Index Name": "idx_customer_nationkey", "Relation Name": "customer", "Alias": "customer", "Startup Cost": 0.0, "Total Cost": 7702.43, "Plan Rows": 60000, "Plan Width": 12, "Index Cond": "(c_nationkey = n2.n_nationkey)"}]}, {"Node Type": "Index Scan", "Parent Relationship": "Inner", "Scan Direction": "Forward", "Index Name": "idx_orders_custkey", "Relation Name": "orders", "Alias": "orders", "Startup Cost": 0.0, "Total Cost": 1.22, "Plan Rows": 4, "Plan Width": 16, "Index Cond": "(o_custkey = customer.c_custkey)"}]}, {"Node Type": "Index Scan", "Parent Relationship": "Inner", "Scan Direction": "Forward", "Index Name": "idx_lineitem_orderkey", "Relation Name": "lineitem", "Alias": "lineitem", "Startup Cost": 0.0, "Total Cost": 0.91, "Plan Rows": 3, "Plan Width": 40, "Index Cond": "(l_orderkey = orders.o_orderkey)", "Filter": "((l_shipdate >= '1995-01-01 00:00:00'::timestamp(0) without time zone) AND (l_shipdate <= '1996-12-31 00:00:00'::timestamp(0) without time zone))"}]}, {"Node Type": "Hash", "Parent Relationship": "Inner", "Startup Cost": 3283.0, "Total Cost": 3283.0, "Plan Rows": 100000, "Plan Width": 12, "Plans": [{"Node Type": "Seq Scan", "Parent Relationship": "Outer", "Relation Name": "supplier", "Alias": "supplier", "Startup Cost": 0.0, "Total Cost": 3283.0, "Plan Rows": 100000, "Plan Width": 12}]}]}]}]}, "Unique SQL Id": 2208782157, "Planner Runtime": 5}, "explain_analyze_plan": {"Plan": {"Node Type": "Sort", "Startup Cost": 655180.01, "Total Cost": 655189.23, "Plan Rows": 3688, "Plan Width": 84, "Actual Startup Time": 20101.862, "Actual Total Time": 20101.863, "Actual Rows": 4, "Actual Loops": 1, "Sort Key": ["n1.n_name", "n2.n_name", "(date_part('year'::text, lineitem.l_shipdate))"], "Sort Method": "quicksort", "Sort Space Used": 25, "Sort Space Type": "Memory", "Plans": [{"Node Type": "Aggregate", "Strategy": "Hashed", "Parent Relationship": "Outer", "Startup Cost": 654915.42, "Total Cost": 654961.52, "Plan Rows": 3688, "Plan Width": 84, "Actual Startup Time": 20101.806, "Actual Total Time": 20101.811, "Actual Rows": 4, "Actual Loops": 1, "Group By Key": ["n1.n_name", "n2.n_name", "date_part('year'::text, lineitem.l_shipdate)"], "Plans": [{"Node Type": "Hash Join", "Parent Relationship": "Outer", "Join Type": "Inner", "Startup Cost": 4783.0, "Total Cost": 654860.1, "Plan Rows": 3688, "Plan Width": 76, "Actual Startup Time": 66.908, "Actual Total Time": 19998.057, "Actual Rows": 58554, "Actual Loops": 1, "Inner Unique": true, "Hash Cond": "((lineitem.l_suppkey = supplier.s_suppkey) AND (n1.n_nationkey = supplier.s_nationkey))", "Plans": [{"Node Type": "Nested Loop", "Parent Relationship": "Outer", "Join Type": "Inner", "Startup Cost": 0.0, "Total Cost": 644493.13, "Plan Rows": 740786, "Plan Width": 88, "Actual Startup Time": 0.174, "Actual Total Time": 19197.586, "Actual Rows": 1459150, "Actual Loops": 1, "Inner Unique": false, "Plans": [{"Node Type": "Nested Loop", "Parent Relationship": "Outer", "Join Type": "Inner", "Startup Cost": 0.0, "Total Cost": 167755.5, "Plan Rows": 504972, "Plan Width": 64, "Actual Startup Time": 0.116, "Actual Total Time": 3906.95, "Actual Rows": 1200363, "Actual Loops": 1, "Inner Unique": false, "Plans": [{"Node Type": "Nested Loop", "Parent Relationship": "Outer", "Join Type": "Inner", "Startup Cost": 0.0, "Total Cost": 16632.98, "Plan Rows": 119904, "Plan Width": 64, "Actual Startup Time": 0.105, "Actual Total Time": 217.394, "Actual Rows": 119972, "Actual Loops": 1, "Inner Unique": false, "Plans": [{"Node Type": "Nested Loop", "Parent Relationship": "Outer", "Join Type": "Inner", "Startup Cost": 0.0, "Total Cost": 28.12, "Plan Rows": 2, "Plan Width": 60, "Actual Startup Time": 0.071, "Actual Total Time": 0.282, "Actual Rows": 2, "Actual Loops": 1, "Inner Unique": false, "Join Filter": "(((n1.n_name = 'JAPAN'::bpchar) AND (n2.n_name = 'INDIA'::bpchar)) OR ((n1.n_name = 'INDIA'::bpchar) AND (n2.n_name = 'JAPAN'::bpchar)))", "Rows Removed by Join Filter": 2, "Plans": [{"Node Type": "Index Scan", "Parent Relationship": "Outer", "Scan Direction": "Forward", "Index Name": "nation_pkey", "Relation Name": "nation", "Alias": "n1", "Startup Cost": 0.0, "Total Cost": 12.75, "Plan Rows": 25, "Plan Width": 30, "Actual Startup Time": 0.03, "Actual Total Time": 0.075, "Actual Rows": 2, "Actual Loops": 1, "Filter": "((n_name = 'JAPAN'::bpchar) OR (n_name = 'INDIA'::bpchar))", "Rows Removed by Filter": 23}, {"Node Type": "Materialize", "Parent Relationship": "Inner", "Startup Cost": 0.0, "Total Cost": 1.38, "Plan Rows": 25, "Plan Width": 30, "Actual Startup Time": 0.031, "Actual Total Time": 0.128, "Actual Rows": 4, "Actual Loops": 2, "Plans": [{"Node Type": "Seq Scan", "Parent Relationship": "Outer", "Relation Name": "nation", "Alias": "n2", "Startup Cost": 0.0, "Total Cost": 1.25, "Plan Rows": 25, "Plan Width": 30, "Actual Startup Time": 0.02, "Actual Total Time": 0.039, "Actual Rows": 2, "Actual Loops": 1, "Filter": "((n_name = 'INDIA'::bpchar) OR (n_name = 'JAPAN'::bpchar))", "Rows Removed by Filter": 23}]}]}, {"Node Type": "Index Scan", "Parent Relationship": "Inner", "Scan Direction": "Forward", "Index Name": "idx_customer_nationkey", "Relation Name": "customer", "Alias": "customer", "Startup Cost": 0.0, "Total Cost": 7702.43, "Plan Rows": 60000, "Plan Width": 12, "Actual Startup Time": 0.051, "Actual Total Time": 183.595, "Actual Rows": 119972, "Actual Loops": 2, "Index Cond": "(c_nationkey = n2.n_nationkey)", "Rows Removed by Index Recheck": 0}]}, {"Node Type": "Index Scan", "Parent Relationship": "Inner", "Scan Direction": "Forward", "Index Name": "idx_orders_custkey", "Relation Name": "orders", "Alias": "orders", "Startup Cost": 0.0, "Total Cost": 1.22, "Plan Rows": 4, "Plan Width": 16, "Actual Startup Time": 734.9, "Actual Total Time": 3349.479, "Actual Rows": 1200363, "Actual Loops": 119972, "Index Cond": "(o_custkey = customer.c_custkey)", "Rows Removed by Index Recheck": 0}]}, {"Node Type": "Index Scan", "Parent Relationship": "Inner", "Scan Direction": "Forward", "Index Name": "idx_lineitem_orderkey", "Relation Name": "lineitem", "Alias": "lineitem", "Startup Cost": 0.0, "Total Cost": 0.91, "Plan Rows": 3, "Plan Width": 40, "Actual Startup Time": 13114.435, "Actual Total Time": 14307.284, "Actual Rows": 1459150, "Actual Loops": 1200363, "Index Cond": "(l_orderkey = orders.o_orderkey)", "Rows Removed by Index Recheck": 0, "Filter": "((l_shipdate >= '1995-01-01 00:00:00'::timestamp(0) without time zone) AND (l_shipdate <= '1996-12-31 00:00:00'::timestamp(0) without time zone))", "Rows Removed by Filter": 3342563}]}, {"Node Type": "Hash", "Parent Relationship": "Inner", "Startup Cost": 3283.0, "Total Cost": 3283.0, "Plan Rows": 100000, "Plan Width": 12, "Actual Startup Time": 66.467, "Actual Total Time": 66.467, "Actual Rows": 100000, "Actual Loops": 1, "Hash Buckets": 131072, "Hash Batches": 1, "Original Hash Batches": 1, "Peak Memory Usage": 4297, "Plans": [{"Node Type": "Seq Scan", "Parent Relationship": "Outer", "Relation Name": "supplier", "Alias": "supplier", "Startup Cost": 0.0, "Total Cost": 3283.0, "Plan Rows": 100000, "Plan Width": 12, "Actual Startup Time": 0.017, "Actual Total Time": 35.896, "Actual Rows": 100000, "Actual Loops": 1}]}]}]}]}, "Triggers": [], "Planner Runtime": 3, "Total Runtime": 20102.099, "Unique SQL Id": 2208782157}}, "(16, 13)": {"explain_plan": {"Plan": {"Node Type": "Sort", "Startup Cost": 657243.06, "Total Cost": 657252.28, "Plan Rows": 3688, "Plan Width": 84, "Sort Key": ["n1.n_name", "n2.n_name", "(date_part('year'::text, lineitem.l_shipdate))"], "Plans": [{"Node Type": "Aggregate", "Strategy": "Hashed", "Parent Relationship": "Outer", "Startup Cost": 656978.47, "Total Cost": 657024.57, "Plan Rows": 3688, "Plan Width": 84, "Group By Key": ["n1.n_name", "n2.n_name", "date_part('year'::text, lineitem.l_shipdate)"], "Plans": [{"Node Type": "Hash Join", "Parent Relationship": "Outer", "Join Type": "Inner", "Startup Cost": 6834.54, "Total Cost": 656923.15, "Plan Rows": 3688, "Plan Width": 76, "Inner Unique": true, "Hash Cond": "((lineitem.l_suppkey = supplier.s_suppkey) AND (n1.n_nationkey = supplier.s_nationkey))", "Plans": [{"Node Type": "Nested Loop", "Parent Relationship": "Outer", "Join Type": "Inner", "Startup Cost": 0.0, "Total Cost": 644504.63, "Plan Rows": 740786, "Plan Width": 88, "Inner Unique": false, "Plans": [{"Node Type": "Nested Loop", "Parent Relationship": "Outer", "Join Type": "Inner", "Startup Cost": 0.0, "Total Cost": 167767.0, "Plan Rows": 504972, "Plan Width": 64, "Inner Unique": false, "Plans": [{"Node Type": "Nested Loop", "Parent Relationship": "Outer", "Join Type": "Inner", "Startup Cost": 0.0, "Total Cost": 16644.48, "Plan Rows": 119904, "Plan Width": 64, "Inner Unique": false, "Plans": [{"Node Type": "Nested Loop", "Parent Relationship": "Outer", "Join Type": "Inner", "Startup Cost": 0.0, "Total Cost": 39.62, "Plan Rows": 2, "Plan Width": 60, "Inner Unique": false, "Join Filter": "(((n1.n_name = 'JAPAN'::bpchar) AND (n2.n_name = 'INDIA'::bpchar)) OR ((n1.n_name = 'INDIA'::bpchar) AND (n2.n_name = 'JAPAN'::bpchar)))", "Plans": [{"Node Type": "Index Scan", "Parent Relationship": "Outer", "Scan Direction": "Forward", "Index Name": "nation_pkey", "Relation Name": "nation", "Alias": "n1", "Startup Cost": 0.0, "Total Cost": 12.75, "Plan Rows": 25, "Plan Width": 30, "Filter": "((n_name = 'JAPAN'::bpchar) OR (n_name = 'INDIA'::bpchar))"}, {"Node Type": "Materialize", "Parent Relationship": "Inner", "Startup Cost": 0.0, "Total Cost": 12.88, "Plan Rows": 25, "Plan Width": 30, "Plans": [{"Node Type": "Index Scan", "Parent Relationship": "Outer", "Scan Direction": "Forward", "Index Name": "nation_pkey", "Relation Name": "nation", "Alias": "n2", "Startup Cost": 0.0, "Total Cost": 12.75, "Plan Rows": 25, "Plan Width": 30, "Filter": "((n_name = 'INDIA'::bpchar) OR (n_name = 'JAPAN'::bpchar))"}]}]}, {"Node Type": "Index Scan", "Parent Relationship": "Inner", "Scan Direction": "Forward", "Index Name": "idx_customer_nationkey", "Relation Name": "customer", "Alias": "customer", "Startup Cost": 0.0, "Total Cost": 7702.43, "Plan Rows": 60000, "Plan Width": 12, "Index Cond": "(c_nationkey = n2.n_nationkey)"}]}, {"Node Type": "Index Scan", "Parent Relationship": "Inner", "Scan Direction": "Forward", "Index Name": "idx_orders_custkey", "Relation Name": "orders", "Alias": "orders", "Startup Cost": 0.0, "Total Cost": 1.22, "Plan Rows": 4, "Plan Width": 16, "Index Cond": "(o_custkey = customer.c_custkey)"}]}, {"Node Type": "Index Scan", "Parent Relationship": "Inner", "Scan Direction": "Forward", "Index Name": "idx_lineitem_orderkey", "Relation Name": "lineitem", "Alias": "lineitem", "Startup Cost": 0.0, "Total Cost": 0.91, "Plan Rows": 3, "Plan Width": 40, "Index Cond": "(l_orderkey = orders.o_orderkey)", "Filter": "((l_shipdate >= '1995-01-01 00:00:00'::timestamp(0) without time zone) AND (l_shipdate <= '1996-12-31 00:00:00'::timestamp(0) without time zone))"}]}, {"Node Type": "Hash", "Parent Relationship": "Inner", "Startup Cost": 5334.54, "Total Cost": 5334.54, "Plan Rows": 100000, "Plan Width": 12, "Plans": [{"Node Type": "Index Scan", "Parent Relationship": "Outer", "Scan Direction": "Forward", "Index Name": "supplier_pkey", "Relation Name": "supplier", "Alias": "supplier", "Startup Cost": 0.0, "Total Cost": 5334.54, "Plan Rows": 100000, "Plan Width": 12}]}]}]}]}, "Unique SQL Id": 2208782157, "Planner Runtime": 4}, "explain_analyze_plan": {"Plan": {"Node Type": "Sort", "Startup Cost": 657243.06, "Total Cost": 657252.28, "Plan Rows": 3688, "Plan Width": 84, "Actual Startup Time": 20192.933, "Actual Total Time": 20192.934, "Actual Rows": 4, "Actual Loops": 1, "Sort Key": ["n1.n_name", "n2.n_name", "(date_part('year'::text, lineitem.l_shipdate))"], "Sort Method": "quicksort", "Sort Space Used": 25, "Sort Space Type": "Memory", "Plans": [{"Node Type": "Aggregate", "Strategy": "Hashed", "Parent Relationship": "Outer", "Startup Cost": 656978.47, "Total Cost": 657024.57, "Plan Rows": 3688, "Plan Width": 84, "Actual Startup Time": 20192.889, "Actual Total Time": 20192.895, "Actual Rows": 4, "Actual Loops": 1, "Group By Key": ["n1.n_name", "n2.n_name", "date_part('year'::text, lineitem.l_shipdate)"], "Plans": [{"Node Type": "Hash Join", "Parent Relationship": "Outer", "Join Type": "Inner", "Startup Cost": 6834.54, "Total Cost": 656923.15, "Plan Rows": 3688, "Plan Width": 76, "Actual Startup Time": 98.367, "Actual Total Time": 20087.363, "Actual Rows": 58554, "Actual Loops": 1, "Inner Unique": true, "Hash Cond": "((lineitem.l_suppkey = supplier.s_suppkey) AND (n1.n_nationkey = supplier.s_nationkey))", "Plans": [{"Node Type": "Nested Loop", "Parent Relationship": "Outer", "Join Type": "Inner", "Startup Cost": 0.0, "Total Cost": 644504.63, "Plan Rows": 740786, "Plan Width": 88, "Actual Startup Time": 0.151, "Actual Total Time": 19230.01, "Actual Rows": 1459150, "Actual Loops": 1, "Inner Unique": false, "Plans": [{"Node Type": "Nested Loop", "Parent Relationship": "Outer", "Join Type": "Inner", "Startup Cost": 0.0, "Total Cost": 167767.0, "Plan Rows": 504972, "Plan Width": 64, "Actual Startup Time": 0.093, "Actual Total Time": 4021.421, "Actual Rows": 1200363, "Actual Loops": 1, "Inner Unique": false, "Plans": [{"Node Type": "Nested Loop", "Parent Relationship": "Outer", "Join Type": "Inner", "Startup Cost": 0.0, "Total Cost": 16644.48, "Plan Rows": 119904, "Plan Width": 64, "Actual Startup Time": 0.081, "Actual Total Time": 223.075, "Actual Rows": 119972, "Actual Loops": 1, "Inner Unique": false, "Plans": [{"Node Type": "Nested Loop", "Parent Relationship": "Outer", "Join Type": "Inner", "Startup Cost": 0.0, "Total Cost": 39.62, "Plan Rows": 2, "Plan Width": 60, "Actual Startup Time": 0.05, "Actual Total Time": 0.214, "Actual Rows": 2, "Actual Loops": 1, "Inner Unique": false, "Join Filter": "(((n1.n_name = 'JAPAN'::bpchar) AND (n2.n_name = 'INDIA'::bpchar)) OR ((n1.n_name = 'INDIA'::bpchar) AND (n2.n_name = 'JAPAN'::bpchar)))", "Rows Removed by Join Filter": 2, "Plans": [{"Node Type": "Index Scan", "Parent Relationship": "Outer", "Scan Direction": "Forward", "Index Name": "nation_pkey", "Relation Name": "nation", "Alias": "n1", "Startup Cost": 0.0, "Total Cost": 12.75, "Plan Rows": 25, "Plan Width": 30, "Actual Startup Time": 0.027, "Actual Total Time": 0.059, "Actual Rows": 2, "Actual Loops": 1, "Filter": "((n_name = 'JAPAN'::bpchar) OR (n_name = 'INDIA'::bpchar))", "Rows Removed by Filter": 23}, {"Node Type": "Materialize", "Parent Relationship": "Inner", "Startup Cost": 0.0, "Total Cost": 12.88, "Plan Rows": 25, "Plan Width": 30, "Actual Startup Time": 0.015, "Actual Total Time": 0.053, "Actual Rows": 4, "Actual Loops": 2, "Plans": [{"Node Type": "Index Scan", "Parent Relationship": "Outer", "Scan Direction": "Forward", "Index Name": "nation_pkey", "Relation Name": "nation", "Alias": "n2", "Startup Cost": 0.0, "Total Cost": 12.75, "Plan Rows": 25, "Plan Width": 30, "Actual Startup Time": 0.01, "Actual Total Time": 0.042, "Actual Rows": 2, "Actual Loops": 1, "Filter": "((n_name = 'INDIA'::bpchar) OR (n_name = 'JAPAN'::bpchar))", "Rows Removed by Filter": 23}]}]}, {"Node Type": "Index Scan", "Parent Relationship": "Inner", "Scan Direction": "Forward", "Index Name": "idx_customer_nationkey", "Relation Name": "customer", "Alias": "customer", "Startup Cost": 0.0, "Total Cost": 7702.43, "Plan Rows": 60000, "Plan Width": 12, "Actual Startup Time": 0.052, "Actual Total Time": 187.081, "Actual Rows": 119972, "Actual Loops": 2, "Index Cond": "(c_nationkey = n2.n_nationkey)", "Rows Removed by Index Recheck": 0}]}, {"Node Type": "Index Scan", "Parent Relationship": "Inner", "Scan Direction": "Forward", "Index Name": "idx_orders_custkey", "Relation Name": "orders", "Alias": "orders", "Startup Cost": 0.0, "Total Cost": 1.22, "Plan Rows": 4, "Plan Width": 16, "Actual Startup Time": 742.261, "Actual Total Time": 3448.447, "Actual Rows": 1200363, "Actual Loops": 119972, "Index Cond": "(o_custkey = customer.c_custkey)", "Rows Removed by Index Recheck": 0}]}, {"Node Type": "Index Scan", "Parent Relationship": "Inner", "Scan Direction": "Forward", "Index Name": "idx_lineitem_orderkey", "Relation Name": "lineitem", "Alias": "lineitem", "Startup Cost": 0.0, "Total Cost": 0.91, "Plan Rows": 3, "Plan Width": 40, "Actual Startup Time": 13059.952, "Actual Total Time": 14241.321, "Actual Rows": 1459150, "Actual Loops": 1200363, "Index Cond": "(l_orderkey = orders.o_orderkey)", "Rows Removed by Index Recheck": 0, "Filter": "((l_shipdate >= '1995-01-01 00:00:00'::timestamp(0) without time zone) AND (l_shipdate <= '1996-12-31 00:00:00'::timestamp(0) without time zone))", "Rows Removed by Filter": 3342563}]}, {"Node Type": "Hash", "Parent Relationship": "Inner", "Startup Cost": 5334.54, "Total Cost": 5334.54, "Plan Rows": 100000, "Plan Width": 12, "Actual Startup Time": 97.954, "Actual Total Time": 97.954, "Actual Rows": 100000, "Actual Loops": 1, "Hash Buckets": 131072, "Hash Batches": 1, "Original Hash Batches": 1, "Peak Memory Usage": 4297, "Plans": [{"Node Type": "Index Scan", "Parent Relationship": "Outer", "Scan Direction": "Forward", "Index Name": "supplier_pkey", "Relation Name": "supplier", "Alias": "supplier", "Startup Cost": 0.0, "Total Cost": 5334.54, "Plan Rows": 100000, "Plan Width": 12, "Actual Startup Time": 0.02, "Actual Total Time": 65.869, "Actual Rows": 100000, "Actual Loops": 1}]}]}]}]}, "Triggers": [], "Planner Runtime": 3, "Total Runtime": 20193.168, "Unique SQL Id": 2208782157}}, "(16, 14)": {"explain_plan": {"Plan": {"Node Type": "Sort", "Startup Cost": 2961361.75, "Total Cost": 2961370.97, "Plan Rows": 3688, "Plan Width": 84, "Sort Key": ["n1.n_name", "n2.n_name", "(date_part('year'::text, lineitem.l_shipdate))"], "Plans": [{"Node Type": "Aggregate", "Strategy": "Hashed", "Parent Relationship": "Outer", "Startup Cost": 2961097.16, "Total Cost": 2961143.26, "Plan Rows": 3688, "Plan Width": 84, "Group By Key": ["n1.n_name", "n2.n_name", "date_part('year'::text, lineitem.l_shipdate)"], "Plans": [{"Node Type": "Hash Join", "Parent Relationship": "Outer", "Join Type": "Inner", "Startup Cost": 557677.13, "Total Cost": 2961041.84, "Plan Rows": 3688, "Plan Width": 76, "Inner Unique": true, "Hash Cond": "((lineitem.l_suppkey = supplier.s_suppkey) AND (n1.n_nationkey = supplier.s_nationkey))", "Plans": [{"Node Type": "Hash Join", "Parent Relationship": "Outer", "Join Type": "Inner", "Startup Cost": 552894.13, "Total Cost": 2950674.86, "Plan Rows": 740786, "Plan Width": 88, "Inner Unique": false, "Hash Cond": "(lineitem.l_orderkey = orders.o_orderkey), (LLVM Optimized)", "Plans": [{"Node Type": "Seq Scan", "Parent Relationship": "Outer", "Relation Name": "lineitem", "Alias": "lineitem", "Startup Cost": 44.6, "Total Cost": 2315050.5, "Plan Rows": 18124991, "Plan Width": 40, "Filter": "((l_shipdate >= '1995-01-01 00:00:00'::timestamp(0) without time zone) AND (l_shipdate <= '1996-12-31 00:00:00'::timestamp(0) without time zone)), (LLVM Optimized)"}, {"Node Type": "Hash", "Parent Relationship": "Inner", "Startup Cost": 546537.38, "Total Cost": 546537.38, "Plan Rows": 504972, "Plan Width": 64, "Plans": [{"Node Type": "Hash Join", "Parent Relationship": "Outer", "Join Type": "Inner", "Startup Cost": 58825.83, "Total Cost": 546537.38, "Plan Rows": 504972, "Plan Width": 64, "Inner Unique": false, "Hash Cond": "(orders.o_custkey = customer.c_custkey), (LLVM Optimized)", "Plans": [{"Node Type": "Seq Scan", "Parent Relationship": "Outer", "Relation Name": "orders", "Alias": "orders", "Startup Cost": 0.0, "Total Cost": 426413.79, "Plan Rows": 14999479, "Plan Width": 16}, {"Node Type": "Hash", "Parent Relationship": "Inner", "Startup Cost": 57327.03, "Total Cost": 57327.03, "Plan Rows": 119904, "Plan Width": 64, "Plans": [{"Node Type": "Hash Join", "Parent Relationship": "Outer", "Join Type": "Inner", "Startup Cost": 16.65, "Total Cost": 57327.03, "Plan Rows": 119904, "Plan Width": 64, "Inner Unique": false, "Hash Cond": "(customer.c_nationkey = n2.n_nationkey), (LLVM Optimized)", "Plans": [{"Node Type": "Seq Scan", "Parent Relationship": "Outer", "Relation Name": "customer", "Alias": "customer", "Startup Cost": 0.0, "Total Cost": 52126.0, "Plan Rows": 1500000, "Plan Width": 12}, {"Node Type": "Hash", "Parent Relationship": "Inner", "Startup Cost": 16.62, "Total Cost": 16.62, "Plan Rows": 2, "Plan Width": 60, "Plans": [{"Node Type": "Nested Loop", "Parent Relationship": "Outer", "Join Type": "Inner", "Startup Cost": 0.0, "Total Cost": 16.62, "Plan Rows": 2, "Plan Width": 60, "Inner Unique": false, "Join Filter": "(((n1.n_name = 'JAPAN'::bpchar) AND (n2.n_name = 'INDIA'::bpchar)) OR ((n1.n_name = 'INDIA'::bpchar) AND (n2.n_name = 'JAPAN'::bpchar)))", "Plans": [{"Node Type": "Seq Scan", "Parent Relationship": "Outer", "Relation Name": "nation", "Alias": "n1", "Startup Cost": 0.0, "Total Cost": 1.25, "Plan Rows": 25, "Plan Width": 30, "Filter": "((n_name = 'JAPAN'::bpchar) OR (n_name = 'INDIA'::bpchar))"}, {"Node Type": "Materialize", "Parent Relationship": "Inner", "Startup Cost": 0.0, "Total Cost": 1.38, "Plan Rows": 25, "Plan Width": 30, "Plans": [{"Node Type": "Seq Scan", "Parent Relationship": "Outer", "Relation Name": "nation", "Alias": "n2", "Startup Cost": 0.0, "Total Cost": 1.25, "Plan Rows": 25, "Plan Width": 30, "Filter": "((n_name = 'INDIA'::bpchar) OR (n_name = 'JAPAN'::bpchar))"}]}]}]}]}]}]}]}]}, {"Node Type": "Hash", "Parent Relationship": "Inner", "Startup Cost": 3283.0, "Total Cost": 3283.0, "Plan Rows": 100000, "Plan Width": 12, "Plans": [{"Node Type": "Seq Scan", "Parent Relationship": "Outer", "Relation Name": "supplier", "Alias": "supplier", "Startup Cost": 0.0, "Total Cost": 3283.0, "Plan Rows": 100000, "Plan Width": 12}]}]}]}]}, "Unique SQL Id": 2208782157, "Planner Runtime": 5}, "explain_analyze_plan": null}, "(16, 15)": {"explain_plan": {"Plan": {"Node Type": "Sort", "Startup Cost": 6023462968943.18, "Total Cost": 6023462968952.4, "Plan Rows": 3688, "Plan Width": 84, "Sort Key": ["n1.n_name", "n2.n_name", "(date_part('year'::text, lineitem.l_shipdate))"], "Plans": [{"Node Type": "Aggregate", "Strategy": "Hashed", "Parent Relationship": "Outer", "Startup Cost": 6023462968678.6, "Total Cost": 6023462968724.7, "Plan Rows": 3688, "Plan Width": 84, "Group By Key": ["n1.n_name", "n2.n_name", "date_part('year'::text, lineitem.l_shipdate)"], "Plans": [{"Node Type": "Merge Join", "Parent Relationship": "Outer", "Join Type": "Inner", "Startup Cost": 60000000000.0, "Total Cost": 6023462968623.28, "Plan Rows": 3688, "Plan Width": 76, "Inner Unique": true, "Merge Cond": "(n2.n_nationkey = customer.c_nationkey)", "Join Filter": "(orders.o_custkey = customer.c_custkey)", "Plans": [{"Node Type": "Nested Loop", "Parent Relationship": "Outer", "Join Type": "Inner", "Startup Cost": 50000000000.0, "Total Cost": 5023346950887.28, "Plan Rows": 92207, "Plan Width": 88, "Inner Unique": true, "Join Filter": "(lineitem.l_orderkey = orders.o_orderkey)", "Plans": [{"Node Type": "Nested Loop", "Parent Relationship": "Outer", "Join Type": "Inner", "Startup Cost": 40000000000.0, "Total Cost": 4002527961142.79, "Plan Rows": 92207, "Plan Width": 88, "Inner Unique": false, "Join Filter": "(supplier.s_suppkey = lineitem.l_suppkey)", "Plans": [{"Node Type": "Nested Loop", "Parent Relationship": "Outer", "Join Type": "Inner", "Startup Cost": 30000000000.0, "Total Cost": 3000000539268.5, "Plan Rows": 7994, "Plan Width": 64, "Inner Unique": false, "Join Filter": "(n1.n_nationkey = supplier.s_nationkey)", "Plans": [{"Node Type": "Nested Loop", "Parent Relationship": "Outer", "Join Type": "Inner", "Startup Cost": 20000000000.0, "Total Cost": 2000000002564.12, "Plan Rows": 2, "Plan Width": 60, "Inner Unique": false, "Join Filter": "(((n1.n_name = 'JAPAN'::bpchar) AND (n2.n_name = 'INDIA'::bpchar)) OR ((n1.n_name = 'INDIA'::bpchar) AND (n2.n_name = 'JAPAN'::bpchar)))", "Plans": [{"Node Type": "Index Scan", "Parent Relationship": "Outer", "Scan Direction": "Forward", "Index Name": "nation_pkey", "Relation Name": "nation", "Alias": "n2", "Startup Cost": 10000000000.0, "Total Cost": 1000000001275.0, "Plan Rows": 25, "Plan Width": 30, "Filter": "((n_name = 'INDIA'::bpchar) OR (n_name = 'JAPAN'::bpchar))"}, {"Node Type": "Materialize", "Parent Relationship": "Inner", "Startup Cost": 10000000000.0, "Total Cost": 1000000001275.12, "Plan Rows": 25, "Plan Width": 30, "Plans": [{"Node Type": "Index Scan", "Parent Relationship": "Outer", "Scan Direction": "Forward", "Index Name": "nation_pkey", "Relation Name": "nation", "Alias": "n1", "Startup Cost": 10000000000.0, "Total Cost": 1000000001275.0, "Plan Rows": 25, "Plan Width": 30, "Filter": "((n_name = 'JAPAN'::bpchar) OR (n_name = 'INDIA'::bpchar))"}]}]}, {"Node Type": "Materialize", "Parent Relationship": "Inner", "Startup Cost": 10000000000.0, "Total Cost": 1000000533954.38, "Plan Rows": 100000, "Plan Width": 12, "Plans": [{"Node Type": "Index Scan", "Parent Relationship": "Outer", "Scan Direction": "Forward", "Index Name": "supplier_pkey", "Relation Name": "supplier", "Alias": "supplier", "Startup Cost": 10000000000.0, "Total Cost": 1000000533454.38, "Plan Rows": 100000, "Plan Width": 12}]}]}, {"Node Type": "Materialize", "Parent Relationship": "Inner", "Startup Cost": 10000000000.0, "Total Cost": 1000354099515.95, "Plan Rows": 18124991, "Plan Width": 40, "Plans": [{"Node Type": "Index Scan", "Parent Relationship": "Outer", "Scan Direction": "Forward", "Index Name": "idx_lineitem_orderkey", "Relation Name": "lineitem", "Alias": "lineitem", "Startup Cost": 10000000000.0, "Total Cost": 1000354008891.0, "Plan Rows": 18124991, "Plan Width": 40, "Filter": "((l_shipdate >= '1995-01-01 00:00:00'::timestamp(0) without time zone) AND (l_shipdate <= '1996-12-31 00:00:00'::timestamp(0) without time zone)), (LLVM Optimized)"}]}]}, {"Node Type": "Materialize", "Parent Relationship": "Inner", "Startup Cost": 10000000000.0, "Total Cost": 1000073172840.9, "Plan Rows": 14999479, "Plan Width": 16, "Plans": [{"Node Type": "Index Scan", "Parent Relationship": "Outer", "Scan Direction": "Forward", "Index Name": "orders_pkey", "Relation Name": "orders", "Alias": "orders", "Startup Cost": 10000000000.0, "Total Cost": 1000073097843.5, "Plan Rows": 14999479, "Plan Width": 16}]}]}, {"Node Type": "Materialize", "Parent Relationship": "Inner", "Startup Cost": 10000000000.0, "Total Cost": 1000019203896.25, "Plan Rows": 1500000, "Plan Width": 12, "Plans": [{"Node Type": "Index Scan", "Parent Relationship": "Outer", "Scan Direction": "Forward", "Index Name": "idx_customer_nationkey", "Relation Name": "customer", "Alias": "customer", "Startup Cost": 10000000000.0, "Total Cost": 1000019200146.25, "Plan Rows": 1500000, "Plan Width": 12}]}]}]}]}, "Unique SQL Id": 2208782157, "Planner Runtime": 7}, "explain_analyze_plan": null}, "(16, 16)": {"explain_plan": {"Plan": {"Node Type": "Sort", "Startup Cost": 725181.63, "Total Cost": 725190.85, "Plan Rows": 3688, "Plan Width": 84, "Sort Key": ["n1.n_name", "n2.n_name", "(date_part('year'::text, lineitem.l_shipdate))"], "Plans": [{"Node Type": "Aggregate", "Strategy": "Hashed", "Parent Relationship": "Outer", "Startup Cost": 724917.04, "Total Cost": 724963.14, "Plan Rows": 3688, "Plan Width": 84, "Group By Key": ["n1.n_name", "n2.n_name", "date_part('year'::text, lineitem.l_shipdate)"], "Plans": [{"Node Type": "Merge Join", "Parent Relationship": "Outer", "Join Type": "Inner", "Startup Cost": 714975.42, "Total Cost": 724861.72, "Plan Rows": 3688, "Plan Width": 76, "Inner Unique": false, "Merge Cond": "(supplier.s_suppkey = lineitem.l_suppkey)", "Join Filter": "(n1.n_nationkey = supplier.s_nationkey)", "Plans": [{"Node Type": "Index Scan", "Parent Relationship": "Outer", "Scan Direction": "Forward", "Index Name": "supplier_pkey", "Relation Name": "supplier", "Alias": "supplier", "Startup Cost": 0.0, "Total Cost": 5334.54, "Plan Rows": 100000, "Plan Width": 12}, {"Node Type": "Sort", "Parent Relationship": "Inner", "Startup Cost": 714975.05, "Total Cost": 716827.02, "Plan Rows": 740786, "Plan Width": 88, "Sort Key": ["lineitem.l_suppkey"], "Plans": [{"Node Type": "Nested Loop", "Parent Relationship": "Outer", "Join Type": "Inner", "Startup Cost": 1030.37, "Total Cost": 642753.24, "Plan Rows": 740786, "Plan Width": 88, "Inner Unique": false, "Plans": [{"Node Type": "Nested Loop", "Parent Relationship": "Outer", "Join Type": "Inner", "Startup Cost": 1030.37, "Total Cost": 166015.61, "Plan Rows": 504972, "Plan Width": 64, "Inner Unique": false, "Plans": [{"Node Type": "Nested Loop", "Parent Relationship": "Outer", "Join Type": "Inner", "Startup Cost": 1030.37, "Total Cost": 14893.09, "Plan Rows": 119904, "Plan Width": 64, "Inner Unique": false, "Plans": [{"Node Type": "Nested Loop", "Parent Relationship": "Outer", "Join Type": "Inner", "Startup Cost": 0.0, "Total Cost": 28.12, "Plan Rows": 2, "Plan Width": 60, "Inner Unique": false, "Join Filter": "(((n1.n_name = 'JAPAN'::bpchar) AND (n2.n_name = 'INDIA'::bpchar)) OR ((n1.n_name = 'INDIA'::bpchar) AND (n2.n_name = 'JAPAN'::bpchar)))", "Plans": [{"Node Type": "Index Scan", "Parent Relationship": "Outer", "Scan Direction": "Forward", "Index Name": "nation_pkey", "Relation Name": "nation", "Alias": "n1", "Startup Cost": 0.0, "Total Cost": 12.75, "Plan Rows": 25, "Plan Width": 30, "Filter": "((n_name = 'JAPAN'::bpchar) OR (n_name = 'INDIA'::bpchar))"}, {"Node Type": "Materialize", "Parent Relationship": "Inner", "Startup Cost": 0.0, "Total Cost": 1.38, "Plan Rows": 25, "Plan Width": 30, "Plans": [{"Node Type": "Seq Scan", "Parent Relationship": "Outer", "Relation Name": "nation", "Alias": "n2", "Startup Cost": 0.0, "Total Cost": 1.25, "Plan Rows": 25, "Plan Width": 30, "Filter": "((n_name = 'INDIA'::bpchar) OR (n_name = 'JAPAN'::bpchar))"}]}]}, {"Node Type": "Bitmap Heap Scan", "Parent Relationship": "Inner", "Relation Name": "customer", "Alias": "customer", "Startup Cost": 1030.37, "Total Cost": 6832.48, "Plan Rows": 60000, "Plan Width": 12, "Recheck Cond": "(c_nationkey = n2.n_nationkey)", "Plans": [{"Node Type": "Bitmap Index Scan", "Parent Relationship": "Outer", "Index Name": "idx_customer_nationkey", "Startup Cost": 0.0, "Total Cost": 1015.37, "Plan Rows": 60000, "Plan Width": 0, "Index Cond": "(c_nationkey = n2.n_nationkey)"}]}]}, {"Node Type": "Index Scan", "Parent Relationship": "Inner", "Scan Direction": "Forward", "Index Name": "idx_orders_custkey", "Relation Name": "orders", "Alias": "orders", "Startup Cost": 0.0, "Total Cost": 1.22, "Plan Rows": 4, "Plan Width": 16, "Index Cond": "(o_custkey = customer.c_custkey)"}]}, {"Node Type": "Index Scan", "Parent Relationship": "Inner", "Scan Direction": "Forward", "Index Name": "idx_lineitem_orderkey", "Relation Name": "lineitem", "Alias": "lineitem", "Startup Cost": 0.0, "Total Cost": 0.91, "Plan Rows": 3, "Plan Width": 40, "Index Cond": "(l_orderkey = orders.o_orderkey)", "Filter": "((l_shipdate >= '1995-01-01 00:00:00'::timestamp(0) without time zone) AND (l_shipdate <= '1996-12-31 00:00:00'::timestamp(0) without time zone))"}]}]}]}]}]}, "Unique SQL Id": 2208782157, "Planner Runtime": 4}, "explain_analyze_plan": {"Plan": {"Node Type": "Sort", "Startup Cost": 725181.63, "Total Cost": 725190.85, "Plan Rows": 3688, "Plan Width": 84, "Actual Startup Time": 21300.084, "Actual Total Time": 21300.084, "Actual Rows": 4, "Actual Loops": 1, "Sort Key": ["n1.n_name", "n2.n_name", "(date_part('year'::text, lineitem.l_shipdate))"], "Sort Method": "quicksort", "Sort Space Used": 25, "Sort Space Type": "Memory", "Plans": [{"Node Type": "Aggregate", "Strategy": "Hashed", "Parent Relationship": "Outer", "Startup Cost": 724917.04, "Total Cost": 724963.14, "Plan Rows": 3688, "Plan Width": 84, "Actual Startup Time": 21300.04, "Actual Total Time": 21300.047, "Actual Rows": 4, "Actual Loops": 1, "Group By Key": ["n1.n_name", "n2.n_name", "date_part('year'::text, lineitem.l_shipdate)"], "Plans": [{"Node Type": "Merge Join", "Parent Relationship": "Outer", "Join Type": "Inner", "Startup Cost": 714975.42, "Total Cost": 724861.72, "Plan Rows": 3688, "Plan Width": 76, "Actual Startup Time": 20274.186, "Actual Total Time": 21240.502, "Actual Rows": 58554, "Actual Loops": 1, "Inner Unique": false, "Merge Cond": "(supplier.s_suppkey = lineitem.l_suppkey)", "Join Filter": "(n1.n_nationkey = supplier.s_nationkey)", "Rows Removed by Join Filter": 0, "Plans": [{"Node Type": "Index Scan", "Parent Relationship": "Outer", "Scan Direction": "Forward", "Index Name": "supplier_pkey", "Relation Name": "supplier", "Alias": "supplier", "Startup Cost": 0.0, "Total Cost": 5334.54, "Plan Rows": 100000, "Plan Width": 12, "Actual Startup Time": 0.024, "Actual Total Time": 63.614, "Actual Rows": 100000, "Actual Loops": 1}, {"Node Type": "Sort", "Parent Relationship": "Inner", "Startup Cost": 714975.05, "Total Cost": 716827.02, "Plan Rows": 740786, "Plan Width": 88, "Actual Startup Time": 20273.906, "Actual Total Time": 20626.134, "Actual Rows": 1459150, "Actual Loops": 1, "Sort Key": ["lineitem.l_suppkey"], "Sort Method": "quicksort", "Sort Space Used": 277145, "Sort Space Type": "Memory", "Plans": [{"Node Type": "Nested Loop", "Parent Relationship": "Outer", "Join Type": "Inner", "Startup Cost": 1030.37, "Total Cost": 642753.24, "Plan Rows": 740786, "Plan Width": 88, "Actual Startup Time": 21.279, "Actual Total Time": 19533.042, "Actual Rows": 1459150, "Actual Loops": 1, "Inner Unique": false, "Plans": [{"Node Type": "Nested Loop", "Parent Relationship": "Outer", "Join Type": "Inner", "Startup Cost": 1030.37, "Total Cost": 166015.61, "Plan Rows": 504972, "Plan Width": 64, "Actual Startup Time": 21.205, "Actual Total Time": 4234.573, "Actual Rows": 1200363, "Actual Loops": 1, "Inner Unique": false, "Plans": [{"Node Type": "Nested Loop", "Parent Relationship": "Outer", "Join Type": "Inner", "Startup Cost": 1030.37, "Total Cost": 14893.09, "Plan Rows": 119904, "Plan Width": 64, "Actual Startup Time": 21.186, "Actual Total Time": 291.847, "Actual Rows": 119972, "Actual Loops": 1, "Inner Unique": false, "Plans": [{"Node Type": "Nested Loop", "Parent Relationship": "Outer", "Join Type": "Inner", "Startup Cost": 0.0, "Total Cost": 28.12, "Plan Rows": 2, "Plan Width": 60, "Actual Startup Time": 0.049, "Actual Total Time": 0.153, "Actual Rows": 2, "Actual Loops": 1, "Inner Unique": false, "Join Filter": "(((n1.n_name = 'JAPAN'::bpchar) AND (n2.n_name = 'INDIA'::bpchar)) OR ((n1.n_name = 'INDIA'::bpchar) AND (n2.n_name = 'JAPAN'::bpchar)))", "Rows Removed by Join Filter": 2, "Plans": [{"Node Type": "Index Scan", "Parent Relationship": "Outer", "Scan Direction": "Forward", "Index Name": "nation_pkey", "Relation Name": "nation", "Alias": "n1", "Startup Cost": 0.0, "Total Cost": 12.75, "Plan Rows": 25, "Plan Width": 30, "Actual Startup Time": 0.016, "Actual Total Time": 0.045, "Actual Rows": 2, "Actual Loops": 1, "Filter": "((n_name = 'JAPAN'::bpchar) OR (n_name = 'INDIA'::bpchar))", "Rows Removed by Filter": 23}, {"Node Type": "Materialize", "Parent Relationship": "Inner", "Startup Cost": 0.0, "Total Cost": 1.38, "Plan Rows": 25, "Plan Width": 30, "Actual Startup Time": 0.025, "Actual Total Time": 0.055, "Actual Rows": 4, "Actual Loops": 2, "Plans": [{"Node Type": "Seq Scan", "Parent Relationship": "Outer", "Relation Name": "nation", "Alias": "n2", "Startup Cost": 0.0, "Total Cost": 1.25, "Plan Rows": 25, "Plan Width": 30, "Actual Startup Time": 0.016, "Actual Total Time": 0.038, "Actual Rows": 2, "Actual Loops": 1, "Filter": "((n_name = 'INDIA'::bpchar) OR (n_name = 'JAPAN'::bpchar))", "Rows Removed by Filter": 23}]}]}, {"Node Type": "Bitmap Heap Scan", "Parent Relationship": "Inner", "Relation Name": "customer", "Alias": "customer", "Startup Cost": 1030.37, "Total Cost": 6832.48, "Plan Rows": 60000, "Plan Width": 12, "Actual Startup Time": 42.487, "Actual Total Time": 260.895, "Actual Rows": 119972, "Actual Loops": 2, "Recheck Cond": "(c_nationkey = n2.n_nationkey)", "Rows Removed by Index Recheck": 0, "Exact Heap Blocks": 59938, "Lossy Heap Blocks": 59938, "Plans": [{"Node Type": "Bitmap Index Scan", "Parent Relationship": "Outer", "Index Name": "idx_customer_nationkey", "Startup Cost": 0.0, "Total Cost": 1015.37, "Plan Rows": 60000, "Plan Width": 0, "Actual Startup Time": 28.581, "Actual Total Time": 28.581, "Actual Rows": 119972, "Actual Loops": 2, "Index Cond": "(c_nationkey = n2.n_nationkey)"}]}]}, {"Node Type": "Index Scan", "Parent Relationship": "Inner", "Scan Direction": "Forward", "Index Name": "idx_orders_custkey", "Relation Name": "orders", "Alias": "orders", "Startup Cost": 0.0, "Total Cost": 1.22, "Plan Rows": 4, "Plan Width": 16, "Actual Startup Time": 755.622, "Actual Total Time": 3589.368, "Actual Rows": 1200363, "Actual Loops": 119972, "Index Cond": "(o_custkey = customer.c_custkey)", "Rows Removed by Index Recheck": 0}]}, {"Node Type": "Index Scan", "Parent Relationship": "Inner", "Scan Direction": "Forward", "Index Name": "idx_lineitem_orderkey", "Relation Name": "lineitem", "Alias": "lineitem", "Startup Cost": 0.0, "Total Cost": 0.91, "Plan Rows": 3, "Plan Width": 40, "Actual Startup Time": 13139.028, "Actual Total Time": 14323.189, "Actual Rows": 1459150, "Actual Loops": 1200363, "Index Cond": "(l_orderkey = orders.o_orderkey)", "Rows Removed by Index Recheck": 0, "Filter": "((l_shipdate >= '1995-01-01 00:00:00'::timestamp(0) without time zone) AND (l_shipdate <= '1996-12-31 00:00:00'::timestamp(0) without time zone))", "Rows Removed by Filter": 3342563}]}]}]}]}]}, "Triggers": [], "Planner Runtime": 4, "Total Runtime": 21300.448, "Unique SQL Id": 2208782157}}, "(16, 17)": {"explain_plan": {"Plan": {"Node Type": "Sort", "Startup Cost": 725193.13, "Total Cost": 725202.35, "Plan Rows": 3688, "Plan Width": 84, "Sort Key": ["n1.n_name", "n2.n_name", "(date_part('year'::text, lineitem.l_shipdate))"], "Plans": [{"Node Type": "Aggregate", "Strategy": "Hashed", "Parent Relationship": "Outer", "Startup Cost": 724928.54, "Total Cost": 724974.64, "Plan Rows": 3688, "Plan Width": 84, "Group By Key": ["n1.n_name", "n2.n_name", "date_part('year'::text, lineitem.l_shipdate)"], "Plans": [{"Node Type": "Merge Join", "Parent Relationship": "Outer", "Join Type": "Inner", "Startup Cost": 714986.92, "Total Cost": 724873.22, "Plan Rows": 3688, "Plan Width": 76, "Inner Unique": false, "Merge Cond": "(supplier.s_suppkey = lineitem.l_suppkey)", "Join Filter": "(n1.n_nationkey = supplier.s_nationkey)", "Plans": [{"Node Type": "Index Scan", "Parent Relationship": "Outer", "Scan Direction": "Forward", "Index Name": "supplier_pkey", "Relation Name": "supplier", "Alias": "supplier", "Startup Cost": 0.0, "Total Cost": 5334.54, "Plan Rows": 100000, "Plan Width": 12}, {"Node Type": "Sort", "Parent Relationship": "Inner", "Startup Cost": 714986.55, "Total Cost": 716838.52, "Plan Rows": 740786, "Plan Width": 88, "Sort Key": ["lineitem.l_suppkey"], "Plans": [{"Node Type": "Nested Loop", "Parent Relationship": "Outer", "Join Type": "Inner", "Startup Cost": 1030.37, "Total Cost": 642764.74, "Plan Rows": 740786, "Plan Width": 88, "Inner Unique": false, "Plans": [{"Node Type": "Nested Loop", "Parent Relationship": "Outer", "Join Type": "Inner", "Startup Cost": 1030.37, "Total Cost": 166027.11, "Plan Rows": 504972, "Plan Width": 64, "Inner Unique": false, "Plans": [{"Node Type": "Nested Loop", "Parent Relationship": "Outer", "Join Type": "Inner", "Startup Cost": 1030.37, "Total Cost": 14904.59, "Plan Rows": 119904, "Plan Width": 64, "Inner Unique": false, "Plans": [{"Node Type": "Nested Loop", "Parent Relationship": "Outer", "Join Type": "Inner", "Startup Cost": 0.0, "Total Cost": 39.62, "Plan Rows": 2, "Plan Width": 60, "Inner Unique": false, "Join Filter": "(((n1.n_name = 'JAPAN'::bpchar) AND (n2.n_name = 'INDIA'::bpchar)) OR ((n1.n_name = 'INDIA'::bpchar) AND (n2.n_name = 'JAPAN'::bpchar)))", "Plans": [{"Node Type": "Index Scan", "Parent Relationship": "Outer", "Scan Direction": "Forward", "Index Name": "nation_pkey", "Relation Name": "nation", "Alias": "n1", "Startup Cost": 0.0, "Total Cost": 12.75, "Plan Rows": 25, "Plan Width": 30, "Filter": "((n_name = 'JAPAN'::bpchar) OR (n_name = 'INDIA'::bpchar))"}, {"Node Type": "Materialize", "Parent Relationship": "Inner", "Startup Cost": 0.0, "Total Cost": 12.88, "Plan Rows": 25, "Plan Width": 30, "Plans": [{"Node Type": "Index Scan", "Parent Relationship": "Outer", "Scan Direction": "Forward", "Index Name": "nation_pkey", "Relation Name": "nation", "Alias": "n2", "Startup Cost": 0.0, "Total Cost": 12.75, "Plan Rows": 25, "Plan Width": 30, "Filter": "((n_name = 'INDIA'::bpchar) OR (n_name = 'JAPAN'::bpchar))"}]}]}, {"Node Type": "Bitmap Heap Scan", "Parent Relationship": "Inner", "Relation Name": "customer", "Alias": "customer", "Startup Cost": 1030.37, "Total Cost": 6832.48, "Plan Rows": 60000, "Plan Width": 12, "Recheck Cond": "(c_nationkey = n2.n_nationkey)", "Plans": [{"Node Type": "Bitmap Index Scan", "Parent Relationship": "Outer", "Index Name": "idx_customer_nationkey", "Startup Cost": 0.0, "Total Cost": 1015.37, "Plan Rows": 60000, "Plan Width": 0, "Index Cond": "(c_nationkey = n2.n_nationkey)"}]}]}, {"Node Type": "Index Scan", "Parent Relationship": "Inner", "Scan Direction": "Forward", "Index Name": "idx_orders_custkey", "Relation Name": "orders", "Alias": "orders", "Startup Cost": 0.0, "Total Cost": 1.22, "Plan Rows": 4, "Plan Width": 16, "Index Cond": "(o_custkey = customer.c_custkey)"}]}, {"Node Type": "Index Scan", "Parent Relationship": "Inner", "Scan Direction": "Forward", "Index Name": "idx_lineitem_orderkey", "Relation Name": "lineitem", "Alias": "lineitem", "Startup Cost": 0.0, "Total Cost": 0.91, "Plan Rows": 3, "Plan Width": 40, "Index Cond": "(l_orderkey = orders.o_orderkey)", "Filter": "((l_shipdate >= '1995-01-01 00:00:00'::timestamp(0) without time zone) AND (l_shipdate <= '1996-12-31 00:00:00'::timestamp(0) without time zone))"}]}]}]}]}]}, "Unique SQL Id": 2208782157, "Planner Runtime": 5}, "explain_analyze_plan": {"Plan": {"Node Type": "Sort", "Startup Cost": 725193.13, "Total Cost": 725202.35, "Plan Rows": 3688, "Plan Width": 84, "Actual Startup Time": 21458.025, "Actual Total Time": 21458.026, "Actual Rows": 4, "Actual Loops": 1, "Sort Key": ["n1.n_name", "n2.n_name", "(date_part('year'::text, lineitem.l_shipdate))"], "Sort Method": "quicksort", "Sort Space Used": 25, "Sort Space Type": "Memory", "Plans": [{"Node Type": "Aggregate", "Strategy": "Hashed", "Parent Relationship": "Outer", "Startup Cost": 724928.54, "Total Cost": 724974.64, "Plan Rows": 3688, "Plan Width": 84, "Actual Startup Time": 21457.982, "Actual Total Time": 21457.988, "Actual Rows": 4, "Actual Loops": 1, "Group By Key": ["n1.n_name", "n2.n_name", "date_part('year'::text, lineitem.l_shipdate)"], "Plans": [{"Node Type": "Merge Join", "Parent Relationship": "Outer", "Join Type": "Inner", "Startup Cost": 714986.92, "Total Cost": 724873.22, "Plan Rows": 3688, "Plan Width": 76, "Actual Startup Time": 20277.845, "Actual Total Time": 21398.727, "Actual Rows": 58554, "Actual Loops": 1, "Inner Unique": false, "Merge Cond": "(supplier.s_suppkey = lineitem.l_suppkey)", "Join Filter": "(n1.n_nationkey = supplier.s_nationkey)", "Rows Removed by Join Filter": 0, "Plans": [{"Node Type": "Index Scan", "Parent Relationship": "Outer", "Scan Direction": "Forward", "Index Name": "supplier_pkey", "Relation Name": "supplier", "Alias": "supplier", "Startup Cost": 0.0, "Total Cost": 5334.54, "Plan Rows": 100000, "Plan Width": 12, "Actual Startup Time": 0.022, "Actual Total Time": 72.982, "Actual Rows": 100000, "Actual Loops": 1}, {"Node Type": "Sort", "Parent Relationship": "Inner", "Startup Cost": 714986.55, "Total Cost": 716838.52, "Plan Rows": 740786, "Plan Width": 88, "Actual Startup Time": 20277.436, "Actual Total Time": 20745.604, "Actual Rows": 1459150, "Actual Loops": 1, "Sort Key": ["lineitem.l_suppkey"], "Sort Method": "quicksort", "Sort Space Used": 277145, "Sort Space Type": "Memory", "Plans": [{"Node Type": "Nested Loop", "Parent Relationship": "Outer", "Join Type": "Inner", "Startup Cost": 1030.37, "Total Cost": 642764.74, "Plan Rows": 740786, "Plan Width": 88, "Actual Startup Time": 21.542, "Actual Total Time": 19535.016, "Actual Rows": 1459150, "Actual Loops": 1, "Inner Unique": false, "Plans": [{"Node Type": "Nested Loop", "Parent Relationship": "Outer", "Join Type": "Inner", "Startup Cost": 1030.37, "Total Cost": 166027.11, "Plan Rows": 504972, "Plan Width": 64, "Actual Startup Time": 21.466, "Actual Total Time": 4245.867, "Actual Rows": 1200363, "Actual Loops": 1, "Inner Unique": false, "Plans": [{"Node Type": "Nested Loop", "Parent Relationship": "Outer", "Join Type": "Inner", "Startup Cost": 1030.37, "Total Cost": 14904.59, "Plan Rows": 119904, "Plan Width": 64, "Actual Startup Time": 21.448, "Actual Total Time": 292.966, "Actual Rows": 119972, "Actual Loops": 1, "Inner Unique": false, "Plans": [{"Node Type": "Nested Loop", "Parent Relationship": "Outer", "Join Type": "Inner", "Startup Cost": 0.0, "Total Cost": 39.62, "Plan Rows": 2, "Plan Width": 60, "Actual Startup Time": 0.039, "Actual Total Time": 0.199, "Actual Rows": 2, "Actual Loops": 1, "Inner Unique": false, "Join Filter": "(((n1.n_name = 'JAPAN'::bpchar) AND (n2.n_name = 'INDIA'::bpchar)) OR ((n1.n_name = 'INDIA'::bpchar) AND (n2.n_name = 'JAPAN'::bpchar)))", "Rows Removed by Join Filter": 2, "Plans": [{"Node Type": "Index Scan", "Parent Relationship": "Outer", "Scan Direction": "Forward", "Index Name": "nation_pkey", "Relation Name": "nation", "Alias": "n1", "Startup Cost": 0.0, "Total Cost": 12.75, "Plan Rows": 25, "Plan Width": 30, "Actual Startup Time": 0.016, "Actual Total Time": 0.042, "Actual Rows": 2, "Actual Loops": 1, "Filter": "((n_name = 'JAPAN'::bpchar) OR (n_name = 'INDIA'::bpchar))", "Rows Removed by Filter": 23}, {"Node Type": "Materialize", "Parent Relationship": "Inner", "Startup Cost": 0.0, "Total Cost": 12.88, "Plan Rows": 25, "Plan Width": 30, "Actual Startup Time": 0.014, "Actual Total Time": 0.043, "Actual Rows": 4, "Actual Loops": 2, "Plans": [{"Node Type": "Index Scan", "Parent Relationship": "Outer", "Scan Direction": "Forward", "Index Name": "nation_pkey", "Relation Name": "nation", "Alias": "n2", "Startup Cost": 0.0, "Total Cost": 12.75, "Plan Rows": 25, "Plan Width": 30, "Actual Startup Time": 0.011, "Actual Total Time": 0.034, "Actual Rows": 2, "Actual Loops": 1, "Filter": "((n_name = 'INDIA'::bpchar) OR (n_name = 'JAPAN'::bpchar))", "Rows Removed by Filter": 23}]}]}, {"Node Type": "Bitmap Heap Scan", "Parent Relationship": "Inner", "Relation Name": "customer", "Alias": "customer", "Startup Cost": 1030.37, "Total Cost": 6832.48, "Plan Rows": 60000, "Plan Width": 12, "Actual Startup Time": 43.024, "Actual Total Time": 262.061, "Actual Rows": 119972, "Actual Loops": 2, "Recheck Cond": "(c_nationkey = n2.n_nationkey)", "Rows Removed by Index Recheck": 0, "Exact Heap Blocks": 59938, "Lossy Heap Blocks": 59938, "Plans": [{"Node Type": "Bitmap Index Scan", "Parent Relationship": "Outer", "Index Name": "idx_customer_nationkey", "Startup Cost": 0.0, "Total Cost": 1015.37, "Plan Rows": 60000, "Plan Width": 0, "Actual Startup Time": 29.13, "Actual Total Time": 29.13, "Actual Rows": 119972, "Actual Loops": 2, "Index Cond": "(c_nationkey = n2.n_nationkey)"}]}]}, {"Node Type": "Index Scan", "Parent Relationship": "Inner", "Scan Direction": "Forward", "Index Name": "idx_orders_custkey", "Relation Name": "orders", "Alias": "orders", "Startup Cost": 0.0, "Total Cost": 1.22, "Plan Rows": 4, "Plan Width": 16, "Actual Startup Time": 753.97, "Actual Total Time": 3599.097, "Actual Rows": 1200363, "Actual Loops": 119972, "Index Cond": "(o_custkey = customer.c_custkey)", "Rows Removed by Index Recheck": 0}]}, {"Node Type": "Index Scan", "Parent Relationship": "Inner", "Scan Direction": "Forward", "Index Name": "idx_lineitem_orderkey", "Relation Name": "lineitem", "Alias": "lineitem", "Startup Cost": 0.0, "Total Cost": 0.91, "Plan Rows": 3, "Plan Width": 40, "Actual Startup Time": 13125.222, "Actual Total Time": 14306.156, "Actual Rows": 1459150, "Actual Loops": 1200363, "Index Cond": "(l_orderkey = orders.o_orderkey)", "Rows Removed by Index Recheck": 0, "Filter": "((l_shipdate >= '1995-01-01 00:00:00'::timestamp(0) without time zone) AND (l_shipdate <= '1996-12-31 00:00:00'::timestamp(0) without time zone))", "Rows Removed by Filter": 3342563}]}]}]}]}]}, "Triggers": [], "Planner Runtime": 4, "Total Runtime": 21458.404, "Unique SQL Id": 2208782157}}, "(16, 18)": {"explain_plan": {"Plan": {"Node Type": "Sort", "Startup Cost": 2954241.64, "Total Cost": 2954250.86, "Plan Rows": 3688, "Plan Width": 84, "Sort Key": ["n1.n_name", "n2.n_name", "(date_part('year'::text, lineitem.l_shipdate))"], "Plans": [{"Node Type": "Aggregate", "Strategy": "Hashed", "Parent Relationship": "Outer", "Startup Cost": 2953977.05, "Total Cost": 2954023.15, "Plan Rows": 3688, "Plan Width": 84, "Group By Key": ["n1.n_name", "n2.n_name", "date_part('year'::text, lineitem.l_shipdate)"], "Plans": [{"Node Type": "Merge Join", "Parent Relationship": "Outer", "Join Type": "Inner", "Startup Cost": 2947588.86, "Total Cost": 2953921.73, "Plan Rows": 3688, "Plan Width": 76, "Inner Unique": true, "Merge Cond": "((lineitem.l_suppkey = supplier.s_suppkey) AND (n1.n_nationkey = supplier.s_nationkey))", "Plans": [{"Node Type": "Sort", "Parent Relationship": "Outer", "Startup Cost": 2936000.49, "Total Cost": 2937852.45, "Plan Rows": 740786, "Plan Width": 88, "Sort Key": ["lineitem.l_suppkey", "n1.n_nationkey"], "Plans": [{"Node Type": "Nested Loop", "Parent Relationship": "Outer", "Join Type": "Inner", "Startup Cost": 1031.18, "Total Cost": 2863778.68, "Plan Rows": 740786, "Plan Width": 88, "Inner Unique": false, "Plans": [{"Node Type": "Nested Loop", "Parent Relationship": "Outer", "Join Type": "Inner", "Startup Cost": 1030.8, "Total Cost": 557356.7, "Plan Rows": 504972, "Plan Width": 64, "Inner Unique": false, "Plans": [{"Node Type": "Nested Loop", "Parent Relationship": "Outer", "Join Type": "Inner", "Startup Cost": 1030.37, "Total Cost": 14881.59, "Plan Rows": 119904, "Plan Width": 64, "Inner Unique": false, "Plans": [{"Node Type": "Nested Loop", "Parent Relationship": "Outer", "Join Type": "Inner", "Startup Cost": 0.0, "Total Cost": 16.62, "Plan Rows": 2, "Plan Width": 60, "Inner Unique": false, "Join Filter": "(((n1.n_name = 'JAPAN'::bpchar) AND (n2.n_name = 'INDIA'::bpchar)) OR ((n1.n_name = 'INDIA'::bpchar) AND (n2.n_name = 'JAPAN'::bpchar)))", "Plans": [{"Node Type": "Seq Scan", "Parent Relationship": "Outer", "Relation Name": "nation", "Alias": "n1", "Startup Cost": 0.0, "Total Cost": 1.25, "Plan Rows": 25, "Plan Width": 30, "Filter": "((n_name = 'JAPAN'::bpchar) OR (n_name = 'INDIA'::bpchar))"}, {"Node Type": "Materialize", "Parent Relationship": "Inner", "Startup Cost": 0.0, "Total Cost": 1.38, "Plan Rows": 25, "Plan Width": 30, "Plans": [{"Node Type": "Seq Scan", "Parent Relationship": "Outer", "Relation Name": "nation", "Alias": "n2", "Startup Cost": 0.0, "Total Cost": 1.25, "Plan Rows": 25, "Plan Width": 30, "Filter": "((n_name = 'INDIA'::bpchar) OR (n_name = 'JAPAN'::bpchar))"}]}]}, {"Node Type": "Bitmap Heap Scan", "Parent Relationship": "Inner", "Relation Name": "customer", "Alias": "customer", "Startup Cost": 1030.37, "Total Cost": 6832.48, "Plan Rows": 60000, "Plan Width": 12, "Recheck Cond": "(c_nationkey = n2.n_nationkey)", "Plans": [{"Node Type": "Bitmap Index Scan", "Parent Relationship": "Outer", "Index Name": "idx_customer_nationkey", "Startup Cost": 0.0, "Total Cost": 1015.37, "Plan Rows": 60000, "Plan Width": 0, "Index Cond": "(c_nationkey = n2.n_nationkey)"}]}]}, {"Node Type": "Bitmap Heap Scan", "Parent Relationship": "Inner", "Relation Name": "orders", "Alias": "orders", "Startup Cost": 0.43, "Total Cost": 4.48, "Plan Rows": 4, "Plan Width": 16, "Recheck Cond": "(o_custkey = customer.c_custkey)", "Plans": [{"Node Type": "Bitmap Index Scan", "Parent Relationship": "Outer", "Index Name": "idx_orders_custkey", "Startup Cost": 0.0, "Total Cost": 0.43, "Plan Rows": 4, "Plan Width": 0, "Index Cond": "(o_custkey = customer.c_custkey)"}]}]}, {"Node Type": "Bitmap Heap Scan", "Parent Relationship": "Inner", "Relation Name": "lineitem", "Alias": "lineitem", "Startup Cost": 0.38, "Total Cost": 4.54, "Plan Rows": 3, "Plan Width": 40, "Recheck Cond": "(l_orderkey = orders.o_orderkey)", "Filter": "((l_shipdate >= '1995-01-01 00:00:00'::timestamp(0) without time zone) AND (l_shipdate <= '1996-12-31 00:00:00'::timestamp(0) without time zone))", "Plans": [{"Node Type": "Bitmap Index Scan", "Parent Relationship": "Outer", "Index Name": "idx_lineitem_orderkey", "Startup Cost": 0.0, "Total Cost": 0.38, "Plan Rows": 9, "Plan Width": 0, "Index Cond": "(l_orderkey = orders.o_orderkey)"}]}]}]}, {"Node Type": "Sort", "Parent Relationship": "Inner", "Startup Cost": 11587.82, "Total Cost": 11837.82, "Plan Rows": 100000, "Plan Width": 12, "Sort Key": ["supplier.s_suppkey", "supplier.s_nationkey"], "Plans": [{"Node Type": "Seq Scan", "Parent Relationship": "Outer", "Relation Name": "supplier", "Alias": "supplier", "Startup Cost": 0.0, "Total Cost": 3283.0, "Plan Rows": 100000, "Plan Width": 12}]}]}]}]}, "Unique SQL Id": 2208782157, "Planner Runtime": 5}, "explain_analyze_plan": {"Plan": {"Node Type": "Sort", "Startup Cost": 2954241.64, "Total Cost": 2954250.86, "Plan Rows": 3688, "Plan Width": 84, "Actual Startup Time": 24734.5, "Actual Total Time": 24734.501, "Actual Rows": 4, "Actual Loops": 1, "Sort Key": ["n1.n_name", "n2.n_name", "(date_part('year'::text, lineitem.l_shipdate))"], "Sort Method": "quicksort", "Sort Space Used": 25, "Sort Space Type": "Memory", "Plans": [{"Node Type": "Aggregate", "Strategy": "Hashed", "Parent Relationship": "Outer", "Startup Cost": 2953977.05, "Total Cost": 2954023.15, "Plan Rows": 3688, "Plan Width": 84, "Actual Startup Time": 24734.453, "Actual Total Time": 24734.461, "Actual Rows": 4, "Actual Loops": 1, "Group By Key": ["n1.n_name", "n2.n_name", "date_part('year'::text, lineitem.l_shipdate)"], "Plans": [{"Node Type": "Merge Join", "Parent Relationship": "Outer", "Join Type": "Inner", "Startup Cost": 2947588.86, "Total Cost": 2953921.73, "Plan Rows": 3688, "Plan Width": 76, "Actual Startup Time": 23805.113, "Actual Total Time": 24675.729, "Actual Rows": 58554, "Actual Loops": 1, "Inner Unique": true, "Merge Cond": "((lineitem.l_suppkey = supplier.s_suppkey) AND (n1.n_nationkey = supplier.s_nationkey))", "Plans": [{"Node Type": "Sort", "Parent Relationship": "Outer", "Startup Cost": 2936000.49, "Total Cost": 2937852.45, "Plan Rows": 740786, "Plan Width": 88, "Actual Startup Time": 23729.372, "Actual Total Time": 24184.951, "Actual Rows": 1459145, "Actual Loops": 1, "Sort Key": ["lineitem.l_suppkey", "n1.n_nationkey"], "Sort Method": "quicksort", "Sort Space Used": 277145, "Sort Space Type": "Memory", "Plans": [{"Node Type": "Nested Loop", "Parent Relationship": "Outer", "Join Type": "Inner", "Startup Cost": 1031.18, "Total Cost": 2863778.68, "Plan Rows": 740786, "Plan Width": 88, "Actual Startup Time": 21.566, "Actual Total Time": 22248.42, "Actual Rows": 1459150, "Actual Loops": 1, "Inner Unique": false, "Plans": [{"Node Type": "Nested Loop", "Parent Relationship": "Outer", "Join Type": "Inner", "Startup Cost": 1030.8, "Total Cost": 557356.7, "Plan Rows": 504972, "Plan Width": 64, "Actual Startup Time": 21.482, "Actual Total Time": 5041.086, "Actual Rows": 1200363, "Actual Loops": 1, "Inner Unique": false, "Plans": [{"Node Type": "Nested Loop", "Parent Relationship": "Outer", "Join Type": "Inner", "Startup Cost": 1030.37, "Total Cost": 14881.59, "Plan Rows": 119904, "Plan Width": 64, "Actual Startup Time": 21.44, "Actual Total Time": 284.688, "Actual Rows": 119972, "Actual Loops": 1, "Inner Unique": false, "Plans": [{"Node Type": "Nested Loop", "Parent Relationship": "Outer", "Join Type": "Inner", "Startup Cost": 0.0, "Total Cost": 16.62, "Plan Rows": 2, "Plan Width": 60, "Actual Startup Time": 0.049, "Actual Total Time": 0.16, "Actual Rows": 2, "Actual Loops": 1, "Inner Unique": false, "Join Filter": "(((n1.n_name = 'JAPAN'::bpchar) AND (n2.n_name = 'INDIA'::bpchar)) OR ((n1.n_name = 'INDIA'::bpchar) AND (n2.n_name = 'JAPAN'::bpchar)))", "Rows Removed by Join Filter": 2, "Plans": [{"Node Type": "Seq Scan", "Parent Relationship": "Outer", "Relation Name": "nation", "Alias": "n1", "Startup Cost": 0.0, "Total Cost": 1.25, "Plan Rows": 25, "Plan Width": 30, "Actual Startup Time": 0.023, "Actual Total Time": 0.049, "Actual Rows": 2, "Actual Loops": 1, "Filter": "((n_name = 'JAPAN'::bpchar) OR (n_name = 'INDIA'::bpchar))", "Rows Removed by Filter": 23}, {"Node Type": "Materialize", "Parent Relationship": "Inner", "Startup Cost": 0.0, "Total Cost": 1.38, "Plan Rows": 25, "Plan Width": 30, "Actual Startup Time": 0.019, "Actual Total Time": 0.055, "Actual Rows": 4, "Actual Loops": 2, "Plans": [{"Node Type": "Seq Scan", "Parent Relationship": "Outer", "Relation Name": "nation", "Alias": "n2", "Startup Cost": 0.0, "Total Cost": 1.25, "Plan Rows": 25, "Plan Width": 30, "Actual Startup Time": 0.014, "Actual Total Time": 0.038, "Actual Rows": 2, "Actual Loops": 1, "Filter": "((n_name = 'INDIA'::bpchar) OR (n_name = 'JAPAN'::bpchar))", "Rows Removed by Filter": 23}]}]}, {"Node Type": "Bitmap Heap Scan", "Parent Relationship": "Inner", "Relation Name": "customer", "Alias": "customer", "Startup Cost": 1030.37, "Total Cost": 6832.48, "Plan Rows": 60000, "Plan Width": 12, "Actual Startup Time": 42.388, "Actual Total Time": 252.641, "Actual Rows": 119972, "Actual Loops": 2, "Recheck Cond": "(c_nationkey = n2.n_nationkey)", "Rows Removed by Index Recheck": 0, "Exact Heap Blocks": 59938, "Lossy Heap Blocks": 59938, "Plans": [{"Node Type": "Bitmap Index Scan", "Parent Relationship": "Outer", "Index Name": "idx_customer_nationkey", "Startup Cost": 0.0, "Total Cost": 1015.37, "Plan Rows": 60000, "Plan Width": 0, "Actual Startup Time": 28.589, "Actual Total Time": 28.589, "Actual Rows": 119972, "Actual Loops": 2, "Index Cond": "(c_nationkey = n2.n_nationkey)"}]}]}, {"Node Type": "Bitmap Heap Scan", "Parent Relationship": "Inner", "Relation Name": "orders", "Alias": "orders", "Startup Cost": 0.43, "Total Cost": 4.48, "Plan Rows": 4, "Plan Width": 16, "Actual Startup Time": 1163.874, "Actual Total Time": 4319.916, "Actual Rows": 1200363, "Actual Loops": 119972, "Recheck Cond": "(o_custkey = customer.c_custkey)", "Rows Removed by Index Recheck": 0, "Exact Heap Blocks": 1200331, "Lossy Heap Blocks": 1200331, "Plans": [{"Node Type": "Bitmap Index Scan", "Parent Relationship": "Outer", "Index Name": "idx_orders_custkey", "Startup Cost": 0.0, "Total Cost": 0.43, "Plan Rows": 4, "Plan Width": 0, "Actual Startup Time": 724.739, "Actual Total Time": 724.739, "Actual Rows": 1200363, "Actual Loops": 119972, "Index Cond": "(o_custkey = customer.c_custkey)"}]}]}, {"Node Type": "Bitmap Heap Scan", "Parent Relationship": "Inner", "Relation Name": "lineitem", "Alias": "lineitem", "Startup Cost": 0.38, "Total Cost": 4.54, "Plan Rows": 3, "Plan Width": 40, "Actual Startup Time": 14840.586, "Actual Total Time": 15455.689, "Actual Rows": 1459150, "Actual Loops": 1200363, "Recheck Cond": "(l_orderkey = orders.o_orderkey)", "Rows Removed by Index Recheck": 0, "Filter": "((l_shipdate >= '1995-01-01 00:00:00'::timestamp(0) without time zone) AND (l_shipdate <= '1996-12-31 00:00:00'::timestamp(0) without time zone))", "Rows Removed by Filter": 3342563, "Exact Heap Blocks": 1285989, "Lossy Heap Blocks": 1285989, "Plans": [{"Node Type": "Bitmap Index Scan", "Parent Relationship": "Outer", "Index Name": "idx_lineitem_orderkey", "Startup Cost": 0.0, "Total Cost": 0.38, "Plan Rows": 9, "Plan Width": 0, "Actual Startup Time": 8426.768, "Actual Total Time": 8426.768, "Actual Rows": 4801713, "Actual Loops": 1200363, "Index Cond": "(l_orderkey = orders.o_orderkey)"}]}]}]}, {"Node Type": "Sort", "Parent Relationship": "Inner", "Startup Cost": 11587.82, "Total Cost": 11837.82, "Plan Rows": 100000, "Plan Width": 12, "Actual Startup Time": 75.555, "Actual Total Time": 91.901, "Actual Rows": 100000, "Actual Loops": 1, "Sort Key": ["supplier.s_suppkey", "supplier.s_nationkey"], "Sort Method": "quicksort", "Sort Space Used": 12448, "Sort Space Type": "Memory", "Plans": [{"Node Type": "Seq Scan", "Parent Relationship": "Outer", "Relation Name": "supplier", "Alias": "supplier", "Startup Cost": 0.0, "Total Cost": 3283.0, "Plan Rows": 100000, "Plan Width": 12, "Actual Startup Time": 0.07, "Actual Total Time": 36.993, "Actual Rows": 100000, "Actual Loops": 1}]}]}]}]}, "Triggers": [], "Planner Runtime": 4, "Total Runtime": 24734.901, "Unique SQL Id": 2208782157}}, "(16, 19)": {"explain_plan": {"Plan": {"Node Type": "Sort", "Startup Cost": 99673674.43, "Total Cost": 99673683.65, "Plan Rows": 3688, "Plan Width": 84, "Sort Key": ["n1.n_name", "n2.n_name", "(date_part('year'::text, lineitem.l_shipdate))"], "Plans": [{"Node Type": "Aggregate", "Strategy": "Hashed", "Parent Relationship": "Outer", "Startup Cost": 99673409.84, "Total Cost": 99673455.94, "Plan Rows": 3688, "Plan Width": 84, "Group By Key": ["n1.n_name", "n2.n_name", "date_part('year'::text, lineitem.l_shipdate)"], "Plans": [{"Node Type": "Nested Loop", "Parent Relationship": "Outer", "Join Type": "Inner", "Startup Cost": 627986.71, "Total Cost": 99673354.52, "Plan Rows": 3688, "Plan Width": 76, "Inner Unique": true, "Join Filter": "(((n1.n_name = 'JAPAN'::bpchar) AND (n2.n_name = 'INDIA'::bpchar)) OR ((n1.n_name = 'INDIA'::bpchar) AND (n2.n_name = 'JAPAN'::bpchar)))", "Plans": [{"Node Type": "Nested Loop", "Parent Relationship": "Outer", "Join Type": "Inner", "Startup Cost": 627986.45, "Total Cost": 94724471.42, "Plan Rows": 1153515, "Plan Width": 54, "Inner Unique": true, "Plans": [{"Node Type": "Nested Loop", "Parent Relationship": "Outer", "Join Type": "Inner", "Startup Cost": 627986.2, "Total Cost": 89787046.56, "Plan Rows": 1153515, "Plan Width": 32, "Inner Unique": true, "Plans": [{"Node Type": "Nested Loop", "Parent Relationship": "Outer", "Join Type": "Inner", "Startup Cost": 627985.94, "Total Cost": 84848088.55, "Plan Rows": 1153515, "Plan Width": 36, "Inner Unique": true, "Plans": [{"Node Type": "Nested Loop", "Parent Relationship": "Outer", "Join Type": "Inner", "Startup Cost": 627985.67, "Total Cost": 79896146.0, "Plan Rows": 1153515, "Plan Width": 36, "Inner Unique": true, "Plans": [{"Node Type": "Bitmap Heap Scan", "Parent Relationship": "Outer", "Relation Name": "lineitem", "Alias": "lineitem", "Startup Cost": 627985.41, "Total Cost": 2315105.27, "Plan Rows": 18124991, "Plan Width": 40, "Recheck Cond": "((l_shipdate >= '1995-01-01 00:00:00'::timestamp(0) without time zone) AND (l_shipdate <= '1996-12-31 00:00:00'::timestamp(0) without time zone)), (LLVM Optimized)", "Plans": [{"Node Type": "Bitmap Index Scan", "Parent Relationship": "Outer", "Index Name": "idx_lineitem_shipdate", "Startup Cost": 0.0, "Total Cost": 623454.16, "Plan Rows": 18124991, "Plan Width": 0, "Index Cond": "((l_shipdate >= '1995-01-01 00:00:00'::timestamp(0) without time zone) AND (l_shipdate <= '1996-12-31 00:00:00'::timestamp(0) without time zone))"}]}, {"Node Type": "Bitmap Heap Scan", "Parent Relationship": "Inner", "Relation Name": "supplier", "Alias": "supplier", "Startup Cost": 0.26, "Total Cost": 4.27, "Plan Rows": 1, "Plan Width": 12, "Recheck Cond": "(s_suppkey = lineitem.l_suppkey)", "Plans": [{"Node Type": "Bitmap Index Scan", "Parent Relationship": "Outer", "Index Name": "supplier_pkey", "Startup Cost": 0.0, "Total Cost": 0.26, "Plan Rows": 1, "Plan Width": 0, "Index Cond": "(s_suppkey = lineitem.l_suppkey)"}]}]}, {"Node Type": "Bitmap Heap Scan", "Parent Relationship": "Inner", "Relation Name": "orders", "Alias": "orders", "Startup Cost": 0.27, "Total Cost": 4.28, "Plan Rows": 1, "Plan Width": 16, "Recheck Cond": "(o_orderkey = lineitem.l_orderkey)", "Plans": [{"Node Type": "Bitmap Index Scan", "Parent Relationship": "Outer", "Index Name": "orders_pkey", "Startup Cost": 0.0, "Total Cost": 0.27, "Plan Rows": 1, "Plan Width": 0, "Index Cond": "(o_orderkey = lineitem.l_orderkey)"}]}]}, {"Node Type": "Bitmap Heap Scan", "Parent Relationship": "Inner", "Relation Name": "customer", "Alias": "customer", "Startup Cost": 0.26, "Total Cost": 4.27, "Plan Rows": 1, "Plan Width": 12, "Recheck Cond": "(c_custkey = orders.o_custkey)", "Plans": [{"Node Type": "Bitmap Index Scan", "Parent Relationship": "Outer", "Index Name": "customer_pkey", "Startup Cost": 0.0, "Total Cost": 0.26, "Plan Rows": 1, "Plan Width": 0, "Index Cond": "(c_custkey = orders.o_custkey)"}]}]}, {"Node Type": "Bitmap Heap Scan", "Parent Relationship": "Inner", "Relation Name": "nation", "Alias": "n1", "Startup Cost": 0.26, "Total Cost": 4.27, "Plan Rows": 1, "Plan Width": 30, "Recheck Cond": "(n_nationkey = supplier.s_nationkey)", "Filter": "((n_name = 'JAPAN'::bpchar) OR (n_name = 'INDIA'::bpchar))", "Plans": [{"Node Type": "Bitmap Index Scan", "Parent Relationship": "Outer", "Index Name": "nation_pkey", "Startup Cost": 0.0, "Total Cost": 0.26, "Plan Rows": 1, "Plan Width": 0, "Index Cond": "(n_nationkey = supplier.s_nationkey)"}]}]}, {"Node Type": "Bitmap Heap Scan", "Parent Relationship": "Inner", "Relation Name": "nation", "Alias": "n2", "Startup Cost": 0.26, "Total Cost": 4.27, "Plan Rows": 1, "Plan Width": 30, "Recheck Cond": "(n_nationkey = customer.c_nationkey)", "Filter": "((n_name = 'INDIA'::bpchar) OR (n_name = 'JAPAN'::bpchar))", "Plans": [{"Node Type": "Bitmap Index Scan", "Parent Relationship": "Outer", "Index Name": "nation_pkey", "Startup Cost": 0.0, "Total Cost": 0.26, "Plan Rows": 1, "Plan Width": 0, "Index Cond": "(n_nationkey = customer.c_nationkey)"}]}]}]}]}, "Unique SQL Id": 2208782157, "Planner Runtime": 3}, "explain_analyze_plan": null}, "(16, 20)": {"explain_plan": {"Plan": {"Node Type": "Sort", "Startup Cost": 725181.63, "Total Cost": 725190.85, "Plan Rows": 3688, "Plan Width": 84, "Sort Key": ["n1.n_name", "n2.n_name", "(date_part('year'::text, lineitem.l_shipdate))"], "Plans": [{"Node Type": "Aggregate", "Strategy": "Hashed", "Parent Relationship": "Outer", "Startup Cost": 724917.04, "Total Cost": 724963.14, "Plan Rows": 3688, "Plan Width": 84, "Group By Key": ["n1.n_name", "n2.n_name", "date_part('year'::text, lineitem.l_shipdate)"], "Plans": [{"Node Type": "Merge Join", "Parent Relationship": "Outer", "Join Type": "Inner", "Startup Cost": 714975.42, "Total Cost": 724861.72, "Plan Rows": 3688, "Plan Width": 76, "Inner Unique": false, "Merge Cond": "(supplier.s_suppkey = lineitem.l_suppkey)", "Join Filter": "(n1.n_nationkey = supplier.s_nationkey)", "Plans": [{"Node Type": "Index Scan", "Parent Relationship": "Outer", "Scan Direction": "Forward", "Index Name": "supplier_pkey", "Relation Name": "supplier", "Alias": "supplier", "Startup Cost": 0.0, "Total Cost": 5334.54, "Plan Rows": 100000, "Plan Width": 12}, {"Node Type": "Sort", "Parent Relationship": "Inner", "Startup Cost": 714975.05, "Total Cost": 716827.02, "Plan Rows": 740786, "Plan Width": 88, "Sort Key": ["lineitem.l_suppkey"], "Plans": [{"Node Type": "Nested Loop", "Parent Relationship": "Outer", "Join Type": "Inner", "Startup Cost": 1030.37, "Total Cost": 642753.24, "Plan Rows": 740786, "Plan Width": 88, "Inner Unique": false, "Plans": [{"Node Type": "Nested Loop", "Parent Relationship": "Outer", "Join Type": "Inner", "Startup Cost": 1030.37, "Total Cost": 166015.61, "Plan Rows": 504972, "Plan Width": 64, "Inner Unique": false, "Plans": [{"Node Type": "Nested Loop", "Parent Relationship": "Outer", "Join Type": "Inner", "Startup Cost": 1030.37, "Total Cost": 14893.09, "Plan Rows": 119904, "Plan Width": 64, "Inner Unique": false, "Plans": [{"Node Type": "Nested Loop", "Parent Relationship": "Outer", "Join Type": "Inner", "Startup Cost": 0.0, "Total Cost": 28.12, "Plan Rows": 2, "Plan Width": 60, "Inner Unique": false, "Join Filter": "(((n1.n_name = 'JAPAN'::bpchar) AND (n2.n_name = 'INDIA'::bpchar)) OR ((n1.n_name = 'INDIA'::bpchar) AND (n2.n_name = 'JAPAN'::bpchar)))", "Plans": [{"Node Type": "Index Scan", "Parent Relationship": "Outer", "Scan Direction": "Forward", "Index Name": "nation_pkey", "Relation Name": "nation", "Alias": "n1", "Startup Cost": 0.0, "Total Cost": 12.75, "Plan Rows": 25, "Plan Width": 30, "Filter": "((n_name = 'JAPAN'::bpchar) OR (n_name = 'INDIA'::bpchar))"}, {"Node Type": "Materialize", "Parent Relationship": "Inner", "Startup Cost": 0.0, "Total Cost": 1.38, "Plan Rows": 25, "Plan Width": 30, "Plans": [{"Node Type": "Seq Scan", "Parent Relationship": "Outer", "Relation Name": "nation", "Alias": "n2", "Startup Cost": 0.0, "Total Cost": 1.25, "Plan Rows": 25, "Plan Width": 30, "Filter": "((n_name = 'INDIA'::bpchar) OR (n_name = 'JAPAN'::bpchar))"}]}]}, {"Node Type": "Bitmap Heap Scan", "Parent Relationship": "Inner", "Relation Name": "customer", "Alias": "customer", "Startup Cost": 1030.37, "Total Cost": 6832.48, "Plan Rows": 60000, "Plan Width": 12, "Recheck Cond": "(c_nationkey = n2.n_nationkey)", "Plans": [{"Node Type": "Bitmap Index Scan", "Parent Relationship": "Outer", "Index Name": "idx_customer_nationkey", "Startup Cost": 0.0, "Total Cost": 1015.37, "Plan Rows": 60000, "Plan Width": 0, "Index Cond": "(c_nationkey = n2.n_nationkey)"}]}]}, {"Node Type": "Index Scan", "Parent Relationship": "Inner", "Scan Direction": "Forward", "Index Name": "idx_orders_custkey", "Relation Name": "orders", "Alias": "orders", "Startup Cost": 0.0, "Total Cost": 1.22, "Plan Rows": 4, "Plan Width": 16, "Index Cond": "(o_custkey = customer.c_custkey)"}]}, {"Node Type": "Index Scan", "Parent Relationship": "Inner", "Scan Direction": "Forward", "Index Name": "idx_lineitem_orderkey", "Relation Name": "lineitem", "Alias": "lineitem", "Startup Cost": 0.0, "Total Cost": 0.91, "Plan Rows": 3, "Plan Width": 40, "Index Cond": "(l_orderkey = orders.o_orderkey)", "Filter": "((l_shipdate >= '1995-01-01 00:00:00'::timestamp(0) without time zone) AND (l_shipdate <= '1996-12-31 00:00:00'::timestamp(0) without time zone))"}]}]}]}]}]}, "Unique SQL Id": 2208782157, "Planner Runtime": 4}, "explain_analyze_plan": {"Plan": {"Node Type": "Sort", "Startup Cost": 725181.63, "Total Cost": 725190.85, "Plan Rows": 3688, "Plan Width": 84, "Actual Startup Time": 21300.084, "Actual Total Time": 21300.084, "Actual Rows": 4, "Actual Loops": 1, "Sort Key": ["n1.n_name", "n2.n_name", "(date_part('year'::text, lineitem.l_shipdate))"], "Sort Method": "quicksort", "Sort Space Used": 25, "Sort Space Type": "Memory", "Plans": [{"Node Type": "Aggregate", "Strategy": "Hashed", "Parent Relationship": "Outer", "Startup Cost": 724917.04, "Total Cost": 724963.14, "Plan Rows": 3688, "Plan Width": 84, "Actual Startup Time": 21300.04, "Actual Total Time": 21300.047, "Actual Rows": 4, "Actual Loops": 1, "Group By Key": ["n1.n_name", "n2.n_name", "date_part('year'::text, lineitem.l_shipdate)"], "Plans": [{"Node Type": "Merge Join", "Parent Relationship": "Outer", "Join Type": "Inner", "Startup Cost": 714975.42, "Total Cost": 724861.72, "Plan Rows": 3688, "Plan Width": 76, "Actual Startup Time": 20274.186, "Actual Total Time": 21240.502, "Actual Rows": 58554, "Actual Loops": 1, "Inner Unique": false, "Merge Cond": "(supplier.s_suppkey = lineitem.l_suppkey)", "Join Filter": "(n1.n_nationkey = supplier.s_nationkey)", "Rows Removed by Join Filter": 0, "Plans": [{"Node Type": "Index Scan", "Parent Relationship": "Outer", "Scan Direction": "Forward", "Index Name": "supplier_pkey", "Relation Name": "supplier", "Alias": "supplier", "Startup Cost": 0.0, "Total Cost": 5334.54, "Plan Rows": 100000, "Plan Width": 12, "Actual Startup Time": 0.024, "Actual Total Time": 63.614, "Actual Rows": 100000, "Actual Loops": 1}, {"Node Type": "Sort", "Parent Relationship": "Inner", "Startup Cost": 714975.05, "Total Cost": 716827.02, "Plan Rows": 740786, "Plan Width": 88, "Actual Startup Time": 20273.906, "Actual Total Time": 20626.134, "Actual Rows": 1459150, "Actual Loops": 1, "Sort Key": ["lineitem.l_suppkey"], "Sort Method": "quicksort", "Sort Space Used": 277145, "Sort Space Type": "Memory", "Plans": [{"Node Type": "Nested Loop", "Parent Relationship": "Outer", "Join Type": "Inner", "Startup Cost": 1030.37, "Total Cost": 642753.24, "Plan Rows": 740786, "Plan Width": 88, "Actual Startup Time": 21.279, "Actual Total Time": 19533.042, "Actual Rows": 1459150, "Actual Loops": 1, "Inner Unique": false, "Plans": [{"Node Type": "Nested Loop", "Parent Relationship": "Outer", "Join Type": "Inner", "Startup Cost": 1030.37, "Total Cost": 166015.61, "Plan Rows": 504972, "Plan Width": 64, "Actual Startup Time": 21.205, "Actual Total Time": 4234.573, "Actual Rows": 1200363, "Actual Loops": 1, "Inner Unique": false, "Plans": [{"Node Type": "Nested Loop", "Parent Relationship": "Outer", "Join Type": "Inner", "Startup Cost": 1030.37, "Total Cost": 14893.09, "Plan Rows": 119904, "Plan Width": 64, "Actual Startup Time": 21.186, "Actual Total Time": 291.847, "Actual Rows": 119972, "Actual Loops": 1, "Inner Unique": false, "Plans": [{"Node Type": "Nested Loop", "Parent Relationship": "Outer", "Join Type": "Inner", "Startup Cost": 0.0, "Total Cost": 28.12, "Plan Rows": 2, "Plan Width": 60, "Actual Startup Time": 0.049, "Actual Total Time": 0.153, "Actual Rows": 2, "Actual Loops": 1, "Inner Unique": false, "Join Filter": "(((n1.n_name = 'JAPAN'::bpchar) AND (n2.n_name = 'INDIA'::bpchar)) OR ((n1.n_name = 'INDIA'::bpchar) AND (n2.n_name = 'JAPAN'::bpchar)))", "Rows Removed by Join Filter": 2, "Plans": [{"Node Type": "Index Scan", "Parent Relationship": "Outer", "Scan Direction": "Forward", "Index Name": "nation_pkey", "Relation Name": "nation", "Alias": "n1", "Startup Cost": 0.0, "Total Cost": 12.75, "Plan Rows": 25, "Plan Width": 30, "Actual Startup Time": 0.016, "Actual Total Time": 0.045, "Actual Rows": 2, "Actual Loops": 1, "Filter": "((n_name = 'JAPAN'::bpchar) OR (n_name = 'INDIA'::bpchar))", "Rows Removed by Filter": 23}, {"Node Type": "Materialize", "Parent Relationship": "Inner", "Startup Cost": 0.0, "Total Cost": 1.38, "Plan Rows": 25, "Plan Width": 30, "Actual Startup Time": 0.025, "Actual Total Time": 0.055, "Actual Rows": 4, "Actual Loops": 2, "Plans": [{"Node Type": "Seq Scan", "Parent Relationship": "Outer", "Relation Name": "nation", "Alias": "n2", "Startup Cost": 0.0, "Total Cost": 1.25, "Plan Rows": 25, "Plan Width": 30, "Actual Startup Time": 0.016, "Actual Total Time": 0.038, "Actual Rows": 2, "Actual Loops": 1, "Filter": "((n_name = 'INDIA'::bpchar) OR (n_name = 'JAPAN'::bpchar))", "Rows Removed by Filter": 23}]}]}, {"Node Type": "Bitmap Heap Scan", "Parent Relationship": "Inner", "Relation Name": "customer", "Alias": "customer", "Startup Cost": 1030.37, "Total Cost": 6832.48, "Plan Rows": 60000, "Plan Width": 12, "Actual Startup Time": 42.487, "Actual Total Time": 260.895, "Actual Rows": 119972, "Actual Loops": 2, "Recheck Cond": "(c_nationkey = n2.n_nationkey)", "Rows Removed by Index Recheck": 0, "Exact Heap Blocks": 59938, "Lossy Heap Blocks": 59938, "Plans": [{"Node Type": "Bitmap Index Scan", "Parent Relationship": "Outer", "Index Name": "idx_customer_nationkey", "Startup Cost": 0.0, "Total Cost": 1015.37, "Plan Rows": 60000, "Plan Width": 0, "Actual Startup Time": 28.581, "Actual Total Time": 28.581, "Actual Rows": 119972, "Actual Loops": 2, "Index Cond": "(c_nationkey = n2.n_nationkey)"}]}]}, {"Node Type": "Index Scan", "Parent Relationship": "Inner", "Scan Direction": "Forward", "Index Name": "idx_orders_custkey", "Relation Name": "orders", "Alias": "orders", "Startup Cost": 0.0, "Total Cost": 1.22, "Plan Rows": 4, "Plan Width": 16, "Actual Startup Time": 755.622, "Actual Total Time": 3589.368, "Actual Rows": 1200363, "Actual Loops": 119972, "Index Cond": "(o_custkey = customer.c_custkey)", "Rows Removed by Index Recheck": 0}]}, {"Node Type": "Index Scan", "Parent Relationship": "Inner", "Scan Direction": "Forward", "Index Name": "idx_lineitem_orderkey", "Relation Name": "lineitem", "Alias": "lineitem", "Startup Cost": 0.0, "Total Cost": 0.91, "Plan Rows": 3, "Plan Width": 40, "Actual Startup Time": 13139.028, "Actual Total Time": 14323.189, "Actual Rows": 1459150, "Actual Loops": 1200363, "Index Cond": "(l_orderkey = orders.o_orderkey)", "Rows Removed by Index Recheck": 0, "Filter": "((l_shipdate >= '1995-01-01 00:00:00'::timestamp(0) without time zone) AND (l_shipdate <= '1996-12-31 00:00:00'::timestamp(0) without time zone))", "Rows Removed by Filter": 3342563}]}]}]}]}]}, "Triggers": [], "Planner Runtime": 4, "Total Runtime": 21300.448, "Unique SQL Id": 2208782157}}, "(16, 21)": {"explain_plan": {"Plan": {"Node Type": "Sort", "Startup Cost": 725193.13, "Total Cost": 725202.35, "Plan Rows": 3688, "Plan Width": 84, "Sort Key": ["n1.n_name", "n2.n_name", "(date_part('year'::text, lineitem.l_shipdate))"], "Plans": [{"Node Type": "Aggregate", "Strategy": "Hashed", "Parent Relationship": "Outer", "Startup Cost": 724928.54, "Total Cost": 724974.64, "Plan Rows": 3688, "Plan Width": 84, "Group By Key": ["n1.n_name", "n2.n_name", "date_part('year'::text, lineitem.l_shipdate)"], "Plans": [{"Node Type": "Merge Join", "Parent Relationship": "Outer", "Join Type": "Inner", "Startup Cost": 714986.92, "Total Cost": 724873.22, "Plan Rows": 3688, "Plan Width": 76, "Inner Unique": false, "Merge Cond": "(supplier.s_suppkey = lineitem.l_suppkey)", "Join Filter": "(n1.n_nationkey = supplier.s_nationkey)", "Plans": [{"Node Type": "Index Scan", "Parent Relationship": "Outer", "Scan Direction": "Forward", "Index Name": "supplier_pkey", "Relation Name": "supplier", "Alias": "supplier", "Startup Cost": 0.0, "Total Cost": 5334.54, "Plan Rows": 100000, "Plan Width": 12}, {"Node Type": "Sort", "Parent Relationship": "Inner", "Startup Cost": 714986.55, "Total Cost": 716838.52, "Plan Rows": 740786, "Plan Width": 88, "Sort Key": ["lineitem.l_suppkey"], "Plans": [{"Node Type": "Nested Loop", "Parent Relationship": "Outer", "Join Type": "Inner", "Startup Cost": 1030.37, "Total Cost": 642764.74, "Plan Rows": 740786, "Plan Width": 88, "Inner Unique": false, "Plans": [{"Node Type": "Nested Loop", "Parent Relationship": "Outer", "Join Type": "Inner", "Startup Cost": 1030.37, "Total Cost": 166027.11, "Plan Rows": 504972, "Plan Width": 64, "Inner Unique": false, "Plans": [{"Node Type": "Nested Loop", "Parent Relationship": "Outer", "Join Type": "Inner", "Startup Cost": 1030.37, "Total Cost": 14904.59, "Plan Rows": 119904, "Plan Width": 64, "Inner Unique": false, "Plans": [{"Node Type": "Nested Loop", "Parent Relationship": "Outer", "Join Type": "Inner", "Startup Cost": 0.0, "Total Cost": 39.62, "Plan Rows": 2, "Plan Width": 60, "Inner Unique": false, "Join Filter": "(((n1.n_name = 'JAPAN'::bpchar) AND (n2.n_name = 'INDIA'::bpchar)) OR ((n1.n_name = 'INDIA'::bpchar) AND (n2.n_name = 'JAPAN'::bpchar)))", "Plans": [{"Node Type": "Index Scan", "Parent Relationship": "Outer", "Scan Direction": "Forward", "Index Name": "nation_pkey", "Relation Name": "nation", "Alias": "n1", "Startup Cost": 0.0, "Total Cost": 12.75, "Plan Rows": 25, "Plan Width": 30, "Filter": "((n_name = 'JAPAN'::bpchar) OR (n_name = 'INDIA'::bpchar))"}, {"Node Type": "Materialize", "Parent Relationship": "Inner", "Startup Cost": 0.0, "Total Cost": 12.88, "Plan Rows": 25, "Plan Width": 30, "Plans": [{"Node Type": "Index Scan", "Parent Relationship": "Outer", "Scan Direction": "Forward", "Index Name": "nation_pkey", "Relation Name": "nation", "Alias": "n2", "Startup Cost": 0.0, "Total Cost": 12.75, "Plan Rows": 25, "Plan Width": 30, "Filter": "((n_name = 'INDIA'::bpchar) OR (n_name = 'JAPAN'::bpchar))"}]}]}, {"Node Type": "Bitmap Heap Scan", "Parent Relationship": "Inner", "Relation Name": "customer", "Alias": "customer", "Startup Cost": 1030.37, "Total Cost": 6832.48, "Plan Rows": 60000, "Plan Width": 12, "Recheck Cond": "(c_nationkey = n2.n_nationkey)", "Plans": [{"Node Type": "Bitmap Index Scan", "Parent Relationship": "Outer", "Index Name": "idx_customer_nationkey", "Startup Cost": 0.0, "Total Cost": 1015.37, "Plan Rows": 60000, "Plan Width": 0, "Index Cond": "(c_nationkey = n2.n_nationkey)"}]}]}, {"Node Type": "Index Scan", "Parent Relationship": "Inner", "Scan Direction": "Forward", "Index Name": "idx_orders_custkey", "Relation Name": "orders", "Alias": "orders", "Startup Cost": 0.0, "Total Cost": 1.22, "Plan Rows": 4, "Plan Width": 16, "Index Cond": "(o_custkey = customer.c_custkey)"}]}, {"Node Type": "Index Scan", "Parent Relationship": "Inner", "Scan Direction": "Forward", "Index Name": "idx_lineitem_orderkey", "Relation Name": "lineitem", "Alias": "lineitem", "Startup Cost": 0.0, "Total Cost": 0.91, "Plan Rows": 3, "Plan Width": 40, "Index Cond": "(l_orderkey = orders.o_orderkey)", "Filter": "((l_shipdate >= '1995-01-01 00:00:00'::timestamp(0) without time zone) AND (l_shipdate <= '1996-12-31 00:00:00'::timestamp(0) without time zone))"}]}]}]}]}]}, "Unique SQL Id": 2208782157, "Planner Runtime": 4}, "explain_analyze_plan": {"Plan": {"Node Type": "Sort", "Startup Cost": 725193.13, "Total Cost": 725202.35, "Plan Rows": 3688, "Plan Width": 84, "Actual Startup Time": 21458.025, "Actual Total Time": 21458.026, "Actual Rows": 4, "Actual Loops": 1, "Sort Key": ["n1.n_name", "n2.n_name", "(date_part('year'::text, lineitem.l_shipdate))"], "Sort Method": "quicksort", "Sort Space Used": 25, "Sort Space Type": "Memory", "Plans": [{"Node Type": "Aggregate", "Strategy": "Hashed", "Parent Relationship": "Outer", "Startup Cost": 724928.54, "Total Cost": 724974.64, "Plan Rows": 3688, "Plan Width": 84, "Actual Startup Time": 21457.982, "Actual Total Time": 21457.988, "Actual Rows": 4, "Actual Loops": 1, "Group By Key": ["n1.n_name", "n2.n_name", "date_part('year'::text, lineitem.l_shipdate)"], "Plans": [{"Node Type": "Merge Join", "Parent Relationship": "Outer", "Join Type": "Inner", "Startup Cost": 714986.92, "Total Cost": 724873.22, "Plan Rows": 3688, "Plan Width": 76, "Actual Startup Time": 20277.845, "Actual Total Time": 21398.727, "Actual Rows": 58554, "Actual Loops": 1, "Inner Unique": false, "Merge Cond": "(supplier.s_suppkey = lineitem.l_suppkey)", "Join Filter": "(n1.n_nationkey = supplier.s_nationkey)", "Rows Removed by Join Filter": 0, "Plans": [{"Node Type": "Index Scan", "Parent Relationship": "Outer", "Scan Direction": "Forward", "Index Name": "supplier_pkey", "Relation Name": "supplier", "Alias": "supplier", "Startup Cost": 0.0, "Total Cost": 5334.54, "Plan Rows": 100000, "Plan Width": 12, "Actual Startup Time": 0.022, "Actual Total Time": 72.982, "Actual Rows": 100000, "Actual Loops": 1}, {"Node Type": "Sort", "Parent Relationship": "Inner", "Startup Cost": 714986.55, "Total Cost": 716838.52, "Plan Rows": 740786, "Plan Width": 88, "Actual Startup Time": 20277.436, "Actual Total Time": 20745.604, "Actual Rows": 1459150, "Actual Loops": 1, "Sort Key": ["lineitem.l_suppkey"], "Sort Method": "quicksort", "Sort Space Used": 277145, "Sort Space Type": "Memory", "Plans": [{"Node Type": "Nested Loop", "Parent Relationship": "Outer", "Join Type": "Inner", "Startup Cost": 1030.37, "Total Cost": 642764.74, "Plan Rows": 740786, "Plan Width": 88, "Actual Startup Time": 21.542, "Actual Total Time": 19535.016, "Actual Rows": 1459150, "Actual Loops": 1, "Inner Unique": false, "Plans": [{"Node Type": "Nested Loop", "Parent Relationship": "Outer", "Join Type": "Inner", "Startup Cost": 1030.37, "Total Cost": 166027.11, "Plan Rows": 504972, "Plan Width": 64, "Actual Startup Time": 21.466, "Actual Total Time": 4245.867, "Actual Rows": 1200363, "Actual Loops": 1, "Inner Unique": false, "Plans": [{"Node Type": "Nested Loop", "Parent Relationship": "Outer", "Join Type": "Inner", "Startup Cost": 1030.37, "Total Cost": 14904.59, "Plan Rows": 119904, "Plan Width": 64, "Actual Startup Time": 21.448, "Actual Total Time": 292.966, "Actual Rows": 119972, "Actual Loops": 1, "Inner Unique": false, "Plans": [{"Node Type": "Nested Loop", "Parent Relationship": "Outer", "Join Type": "Inner", "Startup Cost": 0.0, "Total Cost": 39.62, "Plan Rows": 2, "Plan Width": 60, "Actual Startup Time": 0.039, "Actual Total Time": 0.199, "Actual Rows": 2, "Actual Loops": 1, "Inner Unique": false, "Join Filter": "(((n1.n_name = 'JAPAN'::bpchar) AND (n2.n_name = 'INDIA'::bpchar)) OR ((n1.n_name = 'INDIA'::bpchar) AND (n2.n_name = 'JAPAN'::bpchar)))", "Rows Removed by Join Filter": 2, "Plans": [{"Node Type": "Index Scan", "Parent Relationship": "Outer", "Scan Direction": "Forward", "Index Name": "nation_pkey", "Relation Name": "nation", "Alias": "n1", "Startup Cost": 0.0, "Total Cost": 12.75, "Plan Rows": 25, "Plan Width": 30, "Actual Startup Time": 0.016, "Actual Total Time": 0.042, "Actual Rows": 2, "Actual Loops": 1, "Filter": "((n_name = 'JAPAN'::bpchar) OR (n_name = 'INDIA'::bpchar))", "Rows Removed by Filter": 23}, {"Node Type": "Materialize", "Parent Relationship": "Inner", "Startup Cost": 0.0, "Total Cost": 12.88, "Plan Rows": 25, "Plan Width": 30, "Actual Startup Time": 0.014, "Actual Total Time": 0.043, "Actual Rows": 4, "Actual Loops": 2, "Plans": [{"Node Type": "Index Scan", "Parent Relationship": "Outer", "Scan Direction": "Forward", "Index Name": "nation_pkey", "Relation Name": "nation", "Alias": "n2", "Startup Cost": 0.0, "Total Cost": 12.75, "Plan Rows": 25, "Plan Width": 30, "Actual Startup Time": 0.011, "Actual Total Time": 0.034, "Actual Rows": 2, "Actual Loops": 1, "Filter": "((n_name = 'INDIA'::bpchar) OR (n_name = 'JAPAN'::bpchar))", "Rows Removed by Filter": 23}]}]}, {"Node Type": "Bitmap Heap Scan", "Parent Relationship": "Inner", "Relation Name": "customer", "Alias": "customer", "Startup Cost": 1030.37, "Total Cost": 6832.48, "Plan Rows": 60000, "Plan Width": 12, "Actual Startup Time": 43.024, "Actual Total Time": 262.061, "Actual Rows": 119972, "Actual Loops": 2, "Recheck Cond": "(c_nationkey = n2.n_nationkey)", "Rows Removed by Index Recheck": 0, "Exact Heap Blocks": 59938, "Lossy Heap Blocks": 59938, "Plans": [{"Node Type": "Bitmap Index Scan", "Parent Relationship": "Outer", "Index Name": "idx_customer_nationkey", "Startup Cost": 0.0, "Total Cost": 1015.37, "Plan Rows": 60000, "Plan Width": 0, "Actual Startup Time": 29.13, "Actual Total Time": 29.13, "Actual Rows": 119972, "Actual Loops": 2, "Index Cond": "(c_nationkey = n2.n_nationkey)"}]}]}, {"Node Type": "Index Scan", "Parent Relationship": "Inner", "Scan Direction": "Forward", "Index Name": "idx_orders_custkey", "Relation Name": "orders", "Alias": "orders", "Startup Cost": 0.0, "Total Cost": 1.22, "Plan Rows": 4, "Plan Width": 16, "Actual Startup Time": 753.97, "Actual Total Time": 3599.097, "Actual Rows": 1200363, "Actual Loops": 119972, "Index Cond": "(o_custkey = customer.c_custkey)", "Rows Removed by Index Recheck": 0}]}, {"Node Type": "Index Scan", "Parent Relationship": "Inner", "Scan Direction": "Forward", "Index Name": "idx_lineitem_orderkey", "Relation Name": "lineitem", "Alias": "lineitem", "Startup Cost": 0.0, "Total Cost": 0.91, "Plan Rows": 3, "Plan Width": 40, "Actual Startup Time": 13125.222, "Actual Total Time": 14306.156, "Actual Rows": 1459150, "Actual Loops": 1200363, "Index Cond": "(l_orderkey = orders.o_orderkey)", "Rows Removed by Index Recheck": 0, "Filter": "((l_shipdate >= '1995-01-01 00:00:00'::timestamp(0) without time zone) AND (l_shipdate <= '1996-12-31 00:00:00'::timestamp(0) without time zone))", "Rows Removed by Filter": 3342563}]}]}]}]}]}, "Triggers": [], "Planner Runtime": 4, "Total Runtime": 21458.404, "Unique SQL Id": 2208782157}}, "(16, 22)": {"explain_plan": {"Plan": {"Node Type": "Sort", "Startup Cost": 2954241.64, "Total Cost": 2954250.86, "Plan Rows": 3688, "Plan Width": 84, "Sort Key": ["n1.n_name", "n2.n_name", "(date_part('year'::text, lineitem.l_shipdate))"], "Plans": [{"Node Type": "Aggregate", "Strategy": "Hashed", "Parent Relationship": "Outer", "Startup Cost": 2953977.05, "Total Cost": 2954023.15, "Plan Rows": 3688, "Plan Width": 84, "Group By Key": ["n1.n_name", "n2.n_name", "date_part('year'::text, lineitem.l_shipdate)"], "Plans": [{"Node Type": "Merge Join", "Parent Relationship": "Outer", "Join Type": "Inner", "Startup Cost": 2947588.86, "Total Cost": 2953921.73, "Plan Rows": 3688, "Plan Width": 76, "Inner Unique": true, "Merge Cond": "((lineitem.l_suppkey = supplier.s_suppkey) AND (n1.n_nationkey = supplier.s_nationkey))", "Plans": [{"Node Type": "Sort", "Parent Relationship": "Outer", "Startup Cost": 2936000.49, "Total Cost": 2937852.45, "Plan Rows": 740786, "Plan Width": 88, "Sort Key": ["lineitem.l_suppkey", "n1.n_nationkey"], "Plans": [{"Node Type": "Nested Loop", "Parent Relationship": "Outer", "Join Type": "Inner", "Startup Cost": 1031.18, "Total Cost": 2863778.68, "Plan Rows": 740786, "Plan Width": 88, "Inner Unique": false, "Plans": [{"Node Type": "Nested Loop", "Parent Relationship": "Outer", "Join Type": "Inner", "Startup Cost": 1030.8, "Total Cost": 557356.7, "Plan Rows": 504972, "Plan Width": 64, "Inner Unique": false, "Plans": [{"Node Type": "Nested Loop", "Parent Relationship": "Outer", "Join Type": "Inner", "Startup Cost": 1030.37, "Total Cost": 14881.59, "Plan Rows": 119904, "Plan Width": 64, "Inner Unique": false, "Plans": [{"Node Type": "Nested Loop", "Parent Relationship": "Outer", "Join Type": "Inner", "Startup Cost": 0.0, "Total Cost": 16.62, "Plan Rows": 2, "Plan Width": 60, "Inner Unique": false, "Join Filter": "(((n1.n_name = 'JAPAN'::bpchar) AND (n2.n_name = 'INDIA'::bpchar)) OR ((n1.n_name = 'INDIA'::bpchar) AND (n2.n_name = 'JAPAN'::bpchar)))", "Plans": [{"Node Type": "Seq Scan", "Parent Relationship": "Outer", "Relation Name": "nation", "Alias": "n1", "Startup Cost": 0.0, "Total Cost": 1.25, "Plan Rows": 25, "Plan Width": 30, "Filter": "((n_name = 'JAPAN'::bpchar) OR (n_name = 'INDIA'::bpchar))"}, {"Node Type": "Materialize", "Parent Relationship": "Inner", "Startup Cost": 0.0, "Total Cost": 1.38, "Plan Rows": 25, "Plan Width": 30, "Plans": [{"Node Type": "Seq Scan", "Parent Relationship": "Outer", "Relation Name": "nation", "Alias": "n2", "Startup Cost": 0.0, "Total Cost": 1.25, "Plan Rows": 25, "Plan Width": 30, "Filter": "((n_name = 'INDIA'::bpchar) OR (n_name = 'JAPAN'::bpchar))"}]}]}, {"Node Type": "Bitmap Heap Scan", "Parent Relationship": "Inner", "Relation Name": "customer", "Alias": "customer", "Startup Cost": 1030.37, "Total Cost": 6832.48, "Plan Rows": 60000, "Plan Width": 12, "Recheck Cond": "(c_nationkey = n2.n_nationkey)", "Plans": [{"Node Type": "Bitmap Index Scan", "Parent Relationship": "Outer", "Index Name": "idx_customer_nationkey", "Startup Cost": 0.0, "Total Cost": 1015.37, "Plan Rows": 60000, "Plan Width": 0, "Index Cond": "(c_nationkey = n2.n_nationkey)"}]}]}, {"Node Type": "Bitmap Heap Scan", "Parent Relationship": "Inner", "Relation Name": "orders", "Alias": "orders", "Startup Cost": 0.43, "Total Cost": 4.48, "Plan Rows": 4, "Plan Width": 16, "Recheck Cond": "(o_custkey = customer.c_custkey)", "Plans": [{"Node Type": "Bitmap Index Scan", "Parent Relationship": "Outer", "Index Name": "idx_orders_custkey", "Startup Cost": 0.0, "Total Cost": 0.43, "Plan Rows": 4, "Plan Width": 0, "Index Cond": "(o_custkey = customer.c_custkey)"}]}]}, {"Node Type": "Bitmap Heap Scan", "Parent Relationship": "Inner", "Relation Name": "lineitem", "Alias": "lineitem", "Startup Cost": 0.38, "Total Cost": 4.54, "Plan Rows": 3, "Plan Width": 40, "Recheck Cond": "(l_orderkey = orders.o_orderkey)", "Filter": "((l_shipdate >= '1995-01-01 00:00:00'::timestamp(0) without time zone) AND (l_shipdate <= '1996-12-31 00:00:00'::timestamp(0) without time zone))", "Plans": [{"Node Type": "Bitmap Index Scan", "Parent Relationship": "Outer", "Index Name": "idx_lineitem_orderkey", "Startup Cost": 0.0, "Total Cost": 0.38, "Plan Rows": 9, "Plan Width": 0, "Index Cond": "(l_orderkey = orders.o_orderkey)"}]}]}]}, {"Node Type": "Sort", "Parent Relationship": "Inner", "Startup Cost": 11587.82, "Total Cost": 11837.82, "Plan Rows": 100000, "Plan Width": 12, "Sort Key": ["supplier.s_suppkey", "supplier.s_nationkey"], "Plans": [{"Node Type": "Seq Scan", "Parent Relationship": "Outer", "Relation Name": "supplier", "Alias": "supplier", "Startup Cost": 0.0, "Total Cost": 3283.0, "Plan Rows": 100000, "Plan Width": 12}]}]}]}]}, "Unique SQL Id": 2208782157, "Planner Runtime": 4}, "explain_analyze_plan": {"Plan": {"Node Type": "Sort", "Startup Cost": 2954241.64, "Total Cost": 2954250.86, "Plan Rows": 3688, "Plan Width": 84, "Actual Startup Time": 24734.5, "Actual Total Time": 24734.501, "Actual Rows": 4, "Actual Loops": 1, "Sort Key": ["n1.n_name", "n2.n_name", "(date_part('year'::text, lineitem.l_shipdate))"], "Sort Method": "quicksort", "Sort Space Used": 25, "Sort Space Type": "Memory", "Plans": [{"Node Type": "Aggregate", "Strategy": "Hashed", "Parent Relationship": "Outer", "Startup Cost": 2953977.05, "Total Cost": 2954023.15, "Plan Rows": 3688, "Plan Width": 84, "Actual Startup Time": 24734.453, "Actual Total Time": 24734.461, "Actual Rows": 4, "Actual Loops": 1, "Group By Key": ["n1.n_name", "n2.n_name", "date_part('year'::text, lineitem.l_shipdate)"], "Plans": [{"Node Type": "Merge Join", "Parent Relationship": "Outer", "Join Type": "Inner", "Startup Cost": 2947588.86, "Total Cost": 2953921.73, "Plan Rows": 3688, "Plan Width": 76, "Actual Startup Time": 23805.113, "Actual Total Time": 24675.729, "Actual Rows": 58554, "Actual Loops": 1, "Inner Unique": true, "Merge Cond": "((lineitem.l_suppkey = supplier.s_suppkey) AND (n1.n_nationkey = supplier.s_nationkey))", "Plans": [{"Node Type": "Sort", "Parent Relationship": "Outer", "Startup Cost": 2936000.49, "Total Cost": 2937852.45, "Plan Rows": 740786, "Plan Width": 88, "Actual Startup Time": 23729.372, "Actual Total Time": 24184.951, "Actual Rows": 1459145, "Actual Loops": 1, "Sort Key": ["lineitem.l_suppkey", "n1.n_nationkey"], "Sort Method": "quicksort", "Sort Space Used": 277145, "Sort Space Type": "Memory", "Plans": [{"Node Type": "Nested Loop", "Parent Relationship": "Outer", "Join Type": "Inner", "Startup Cost": 1031.18, "Total Cost": 2863778.68, "Plan Rows": 740786, "Plan Width": 88, "Actual Startup Time": 21.566, "Actual Total Time": 22248.42, "Actual Rows": 1459150, "Actual Loops": 1, "Inner Unique": false, "Plans": [{"Node Type": "Nested Loop", "Parent Relationship": "Outer", "Join Type": "Inner", "Startup Cost": 1030.8, "Total Cost": 557356.7, "Plan Rows": 504972, "Plan Width": 64, "Actual Startup Time": 21.482, "Actual Total Time": 5041.086, "Actual Rows": 1200363, "Actual Loops": 1, "Inner Unique": false, "Plans": [{"Node Type": "Nested Loop", "Parent Relationship": "Outer", "Join Type": "Inner", "Startup Cost": 1030.37, "Total Cost": 14881.59, "Plan Rows": 119904, "Plan Width": 64, "Actual Startup Time": 21.44, "Actual Total Time": 284.688, "Actual Rows": 119972, "Actual Loops": 1, "Inner Unique": false, "Plans": [{"Node Type": "Nested Loop", "Parent Relationship": "Outer", "Join Type": "Inner", "Startup Cost": 0.0, "Total Cost": 16.62, "Plan Rows": 2, "Plan Width": 60, "Actual Startup Time": 0.049, "Actual Total Time": 0.16, "Actual Rows": 2, "Actual Loops": 1, "Inner Unique": false, "Join Filter": "(((n1.n_name = 'JAPAN'::bpchar) AND (n2.n_name = 'INDIA'::bpchar)) OR ((n1.n_name = 'INDIA'::bpchar) AND (n2.n_name = 'JAPAN'::bpchar)))", "Rows Removed by Join Filter": 2, "Plans": [{"Node Type": "Seq Scan", "Parent Relationship": "Outer", "Relation Name": "nation", "Alias": "n1", "Startup Cost": 0.0, "Total Cost": 1.25, "Plan Rows": 25, "Plan Width": 30, "Actual Startup Time": 0.023, "Actual Total Time": 0.049, "Actual Rows": 2, "Actual Loops": 1, "Filter": "((n_name = 'JAPAN'::bpchar) OR (n_name = 'INDIA'::bpchar))", "Rows Removed by Filter": 23}, {"Node Type": "Materialize", "Parent Relationship": "Inner", "Startup Cost": 0.0, "Total Cost": 1.38, "Plan Rows": 25, "Plan Width": 30, "Actual Startup Time": 0.019, "Actual Total Time": 0.055, "Actual Rows": 4, "Actual Loops": 2, "Plans": [{"Node Type": "Seq Scan", "Parent Relationship": "Outer", "Relation Name": "nation", "Alias": "n2", "Startup Cost": 0.0, "Total Cost": 1.25, "Plan Rows": 25, "Plan Width": 30, "Actual Startup Time": 0.014, "Actual Total Time": 0.038, "Actual Rows": 2, "Actual Loops": 1, "Filter": "((n_name = 'INDIA'::bpchar) OR (n_name = 'JAPAN'::bpchar))", "Rows Removed by Filter": 23}]}]}, {"Node Type": "Bitmap Heap Scan", "Parent Relationship": "Inner", "Relation Name": "customer", "Alias": "customer", "Startup Cost": 1030.37, "Total Cost": 6832.48, "Plan Rows": 60000, "Plan Width": 12, "Actual Startup Time": 42.388, "Actual Total Time": 252.641, "Actual Rows": 119972, "Actual Loops": 2, "Recheck Cond": "(c_nationkey = n2.n_nationkey)", "Rows Removed by Index Recheck": 0, "Exact Heap Blocks": 59938, "Lossy Heap Blocks": 59938, "Plans": [{"Node Type": "Bitmap Index Scan", "Parent Relationship": "Outer", "Index Name": "idx_customer_nationkey", "Startup Cost": 0.0, "Total Cost": 1015.37, "Plan Rows": 60000, "Plan Width": 0, "Actual Startup Time": 28.589, "Actual Total Time": 28.589, "Actual Rows": 119972, "Actual Loops": 2, "Index Cond": "(c_nationkey = n2.n_nationkey)"}]}]}, {"Node Type": "Bitmap Heap Scan", "Parent Relationship": "Inner", "Relation Name": "orders", "Alias": "orders", "Startup Cost": 0.43, "Total Cost": 4.48, "Plan Rows": 4, "Plan Width": 16, "Actual Startup Time": 1163.874, "Actual Total Time": 4319.916, "Actual Rows": 1200363, "Actual Loops": 119972, "Recheck Cond": "(o_custkey = customer.c_custkey)", "Rows Removed by Index Recheck": 0, "Exact Heap Blocks": 1200331, "Lossy Heap Blocks": 1200331, "Plans": [{"Node Type": "Bitmap Index Scan", "Parent Relationship": "Outer", "Index Name": "idx_orders_custkey", "Startup Cost": 0.0, "Total Cost": 0.43, "Plan Rows": 4, "Plan Width": 0, "Actual Startup Time": 724.739, "Actual Total Time": 724.739, "Actual Rows": 1200363, "Actual Loops": 119972, "Index Cond": "(o_custkey = customer.c_custkey)"}]}]}, {"Node Type": "Bitmap Heap Scan", "Parent Relationship": "Inner", "Relation Name": "lineitem", "Alias": "lineitem", "Startup Cost": 0.38, "Total Cost": 4.54, "Plan Rows": 3, "Plan Width": 40, "Actual Startup Time": 14840.586, "Actual Total Time": 15455.689, "Actual Rows": 1459150, "Actual Loops": 1200363, "Recheck Cond": "(l_orderkey = orders.o_orderkey)", "Rows Removed by Index Recheck": 0, "Filter": "((l_shipdate >= '1995-01-01 00:00:00'::timestamp(0) without time zone) AND (l_shipdate <= '1996-12-31 00:00:00'::timestamp(0) without time zone))", "Rows Removed by Filter": 3342563, "Exact Heap Blocks": 1285989, "Lossy Heap Blocks": 1285989, "Plans": [{"Node Type": "Bitmap Index Scan", "Parent Relationship": "Outer", "Index Name": "idx_lineitem_orderkey", "Startup Cost": 0.0, "Total Cost": 0.38, "Plan Rows": 9, "Plan Width": 0, "Actual Startup Time": 8426.768, "Actual Total Time": 8426.768, "Actual Rows": 4801713, "Actual Loops": 1200363, "Index Cond": "(l_orderkey = orders.o_orderkey)"}]}]}]}, {"Node Type": "Sort", "Parent Relationship": "Inner", "Startup Cost": 11587.82, "Total Cost": 11837.82, "Plan Rows": 100000, "Plan Width": 12, "Actual Startup Time": 75.555, "Actual Total Time": 91.901, "Actual Rows": 100000, "Actual Loops": 1, "Sort Key": ["supplier.s_suppkey", "supplier.s_nationkey"], "Sort Method": "quicksort", "Sort Space Used": 12448, "Sort Space Type": "Memory", "Plans": [{"Node Type": "Seq Scan", "Parent Relationship": "Outer", "Relation Name": "supplier", "Alias": "supplier", "Startup Cost": 0.0, "Total Cost": 3283.0, "Plan Rows": 100000, "Plan Width": 12, "Actual Startup Time": 0.07, "Actual Total Time": 36.993, "Actual Rows": 100000, "Actual Loops": 1}]}]}]}]}, "Triggers": [], "Planner Runtime": 4, "Total Runtime": 24734.901, "Unique SQL Id": 2208782157}}, "(16, 23)": {"explain_plan": {"Plan": {"Node Type": "Sort", "Startup Cost": 99673674.43, "Total Cost": 99673683.65, "Plan Rows": 3688, "Plan Width": 84, "Sort Key": ["n1.n_name", "n2.n_name", "(date_part('year'::text, lineitem.l_shipdate))"], "Plans": [{"Node Type": "Aggregate", "Strategy": "Hashed", "Parent Relationship": "Outer", "Startup Cost": 99673409.84, "Total Cost": 99673455.94, "Plan Rows": 3688, "Plan Width": 84, "Group By Key": ["n1.n_name", "n2.n_name", "date_part('year'::text, lineitem.l_shipdate)"], "Plans": [{"Node Type": "Nested Loop", "Parent Relationship": "Outer", "Join Type": "Inner", "Startup Cost": 627986.71, "Total Cost": 99673354.52, "Plan Rows": 3688, "Plan Width": 76, "Inner Unique": true, "Join Filter": "(((n1.n_name = 'JAPAN'::bpchar) AND (n2.n_name = 'INDIA'::bpchar)) OR ((n1.n_name = 'INDIA'::bpchar) AND (n2.n_name = 'JAPAN'::bpchar)))", "Plans": [{"Node Type": "Nested Loop", "Parent Relationship": "Outer", "Join Type": "Inner", "Startup Cost": 627986.45, "Total Cost": 94724471.42, "Plan Rows": 1153515, "Plan Width": 54, "Inner Unique": true, "Plans": [{"Node Type": "Nested Loop", "Parent Relationship": "Outer", "Join Type": "Inner", "Startup Cost": 627986.2, "Total Cost": 89787046.56, "Plan Rows": 1153515, "Plan Width": 32, "Inner Unique": true, "Plans": [{"Node Type": "Nested Loop", "Parent Relationship": "Outer", "Join Type": "Inner", "Startup Cost": 627985.94, "Total Cost": 84848088.55, "Plan Rows": 1153515, "Plan Width": 36, "Inner Unique": true, "Plans": [{"Node Type": "Nested Loop", "Parent Relationship": "Outer", "Join Type": "Inner", "Startup Cost": 627985.67, "Total Cost": 79896146.0, "Plan Rows": 1153515, "Plan Width": 36, "Inner Unique": true, "Plans": [{"Node Type": "Bitmap Heap Scan", "Parent Relationship": "Outer", "Relation Name": "lineitem", "Alias": "lineitem", "Startup Cost": 627985.41, "Total Cost": 2315105.27, "Plan Rows": 18124991, "Plan Width": 40, "Recheck Cond": "((l_shipdate >= '1995-01-01 00:00:00'::timestamp(0) without time zone) AND (l_shipdate <= '1996-12-31 00:00:00'::timestamp(0) without time zone)), (LLVM Optimized)", "Plans": [{"Node Type": "Bitmap Index Scan", "Parent Relationship": "Outer", "Index Name": "idx_lineitem_shipdate", "Startup Cost": 0.0, "Total Cost": 623454.16, "Plan Rows": 18124991, "Plan Width": 0, "Index Cond": "((l_shipdate >= '1995-01-01 00:00:00'::timestamp(0) without time zone) AND (l_shipdate <= '1996-12-31 00:00:00'::timestamp(0) without time zone))"}]}, {"Node Type": "Bitmap Heap Scan", "Parent Relationship": "Inner", "Relation Name": "supplier", "Alias": "supplier", "Startup Cost": 0.26, "Total Cost": 4.27, "Plan Rows": 1, "Plan Width": 12, "Recheck Cond": "(s_suppkey = lineitem.l_suppkey)", "Plans": [{"Node Type": "Bitmap Index Scan", "Parent Relationship": "Outer", "Index Name": "supplier_pkey", "Startup Cost": 0.0, "Total Cost": 0.26, "Plan Rows": 1, "Plan Width": 0, "Index Cond": "(s_suppkey = lineitem.l_suppkey)"}]}]}, {"Node Type": "Bitmap Heap Scan", "Parent Relationship": "Inner", "Relation Name": "orders", "Alias": "orders", "Startup Cost": 0.27, "Total Cost": 4.28, "Plan Rows": 1, "Plan Width": 16, "Recheck Cond": "(o_orderkey = lineitem.l_orderkey)", "Plans": [{"Node Type": "Bitmap Index Scan", "Parent Relationship": "Outer", "Index Name": "orders_pkey", "Startup Cost": 0.0, "Total Cost": 0.27, "Plan Rows": 1, "Plan Width": 0, "Index Cond": "(o_orderkey = lineitem.l_orderkey)"}]}]}, {"Node Type": "Bitmap Heap Scan", "Parent Relationship": "Inner", "Relation Name": "customer", "Alias": "customer", "Startup Cost": 0.26, "Total Cost": 4.27, "Plan Rows": 1, "Plan Width": 12, "Recheck Cond": "(c_custkey = orders.o_custkey)", "Plans": [{"Node Type": "Bitmap Index Scan", "Parent Relationship": "Outer", "Index Name": "customer_pkey", "Startup Cost": 0.0, "Total Cost": 0.26, "Plan Rows": 1, "Plan Width": 0, "Index Cond": "(c_custkey = orders.o_custkey)"}]}]}, {"Node Type": "Bitmap Heap Scan", "Parent Relationship": "Inner", "Relation Name": "nation", "Alias": "n1", "Startup Cost": 0.26, "Total Cost": 4.27, "Plan Rows": 1, "Plan Width": 30, "Recheck Cond": "(n_nationkey = supplier.s_nationkey)", "Filter": "((n_name = 'JAPAN'::bpchar) OR (n_name = 'INDIA'::bpchar))", "Plans": [{"Node Type": "Bitmap Index Scan", "Parent Relationship": "Outer", "Index Name": "nation_pkey", "Startup Cost": 0.0, "Total Cost": 0.26, "Plan Rows": 1, "Plan Width": 0, "Index Cond": "(n_nationkey = supplier.s_nationkey)"}]}]}, {"Node Type": "Bitmap Heap Scan", "Parent Relationship": "Inner", "Relation Name": "nation", "Alias": "n2", "Startup Cost": 0.26, "Total Cost": 4.27, "Plan Rows": 1, "Plan Width": 30, "Recheck Cond": "(n_nationkey = customer.c_nationkey)", "Filter": "((n_name = 'INDIA'::bpchar) OR (n_name = 'JAPAN'::bpchar))", "Plans": [{"Node Type": "Bitmap Index Scan", "Parent Relationship": "Outer", "Index Name": "nation_pkey", "Startup Cost": 0.0, "Total Cost": 0.26, "Plan Rows": 1, "Plan Width": 0, "Index Cond": "(n_nationkey = customer.c_nationkey)"}]}]}]}]}, "Unique SQL Id": 2208782157, "Planner Runtime": 3}, "explain_analyze_plan": null}, "(16, 24)": {"explain_plan": {"Plan": {"Node Type": "Sort", "Startup Cost": 726921.52, "Total Cost": 726930.74, "Plan Rows": 3688, "Plan Width": 84, "Sort Key": ["n1.n_name", "n2.n_name", "(date_part('year'::text, lineitem.l_shipdate))"], "Plans": [{"Node Type": "Aggregate", "Strategy": "Hashed", "Parent Relationship": "Outer", "Startup Cost": 726656.93, "Total Cost": 726703.03, "Plan Rows": 3688, "Plan Width": 84, "Group By Key": ["n1.n_name", "n2.n_name", "date_part('year'::text, lineitem.l_shipdate)"], "Plans": [{"Node Type": "Merge Join", "Parent Relationship": "Outer", "Join Type": "Inner", "Startup Cost": 716715.31, "Total Cost": 726601.61, "Plan Rows": 3688, "Plan Width": 76, "Inner Unique": false, "Merge Cond": "(supplier.s_suppkey = lineitem.l_suppkey)", "Join Filter": "(n1.n_nationkey = supplier.s_nationkey)", "Plans": [{"Node Type": "Index Scan", "Parent Relationship": "Outer", "Scan Direction": "Forward", "Index Name": "supplier_pkey", "Relation Name": "supplier", "Alias": "supplier", "Startup Cost": 0.0, "Total Cost": 5334.54, "Plan Rows": 100000, "Plan Width": 12}, {"Node Type": "Sort", "Parent Relationship": "Inner", "Startup Cost": 716714.94, "Total Cost": 718566.9, "Plan Rows": 740786, "Plan Width": 88, "Sort Key": ["lineitem.l_suppkey"], "Plans": [{"Node Type": "Nested Loop", "Parent Relationship": "Outer", "Join Type": "Inner", "Startup Cost": 0.0, "Total Cost": 644493.13, "Plan Rows": 740786, "Plan Width": 88, "Inner Unique": false, "Plans": [{"Node Type": "Nested Loop", "Parent Relationship": "Outer", "Join Type": "Inner", "Startup Cost": 0.0, "Total Cost": 167755.5, "Plan Rows": 504972, "Plan Width": 64, "Inner Unique": false, "Plans": [{"Node Type": "Nested Loop", "Parent Relationship": "Outer", "Join Type": "Inner", "Startup Cost": 0.0, "Total Cost": 16632.98, "Plan Rows": 119904, "Plan Width": 64, "Inner Unique": false, "Plans": [{"Node Type": "Nested Loop", "Parent Relationship": "Outer", "Join Type": "Inner", "Startup Cost": 0.0, "Total Cost": 28.12, "Plan Rows": 2, "Plan Width": 60, "Inner Unique": false, "Join Filter": "(((n1.n_name = 'JAPAN'::bpchar) AND (n2.n_name = 'INDIA'::bpchar)) OR ((n1.n_name = 'INDIA'::bpchar) AND (n2.n_name = 'JAPAN'::bpchar)))", "Plans": [{"Node Type": "Index Scan", "Parent Relationship": "Outer", "Scan Direction": "Forward", "Index Name": "nation_pkey", "Relation Name": "nation", "Alias": "n1", "Startup Cost": 0.0, "Total Cost": 12.75, "Plan Rows": 25, "Plan Width": 30, "Filter": "((n_name = 'JAPAN'::bpchar) OR (n_name = 'INDIA'::bpchar))"}, {"Node Type": "Materialize", "Parent Relationship": "Inner", "Startup Cost": 0.0, "Total Cost": 1.38, "Plan Rows": 25, "Plan Width": 30, "Plans": [{"Node Type": "Seq Scan", "Parent Relationship": "Outer", "Relation Name": "nation", "Alias": "n2", "Startup Cost": 0.0, "Total Cost": 1.25, "Plan Rows": 25, "Plan Width": 30, "Filter": "((n_name = 'INDIA'::bpchar) OR (n_name = 'JAPAN'::bpchar))"}]}]}, {"Node Type": "Index Scan", "Parent Relationship": "Inner", "Scan Direction": "Forward", "Index Name": "idx_customer_nationkey", "Relation Name": "customer", "Alias": "customer", "Startup Cost": 0.0, "Total Cost": 7702.43, "Plan Rows": 60000, "Plan Width": 12, "Index Cond": "(c_nationkey = n2.n_nationkey)"}]}, {"Node Type": "Index Scan", "Parent Relationship": "Inner", "Scan Direction": "Forward", "Index Name": "idx_orders_custkey", "Relation Name": "orders", "Alias": "orders", "Startup Cost": 0.0, "Total Cost": 1.22, "Plan Rows": 4, "Plan Width": 16, "Index Cond": "(o_custkey = customer.c_custkey)"}]}, {"Node Type": "Index Scan", "Parent Relationship": "Inner", "Scan Direction": "Forward", "Index Name": "idx_lineitem_orderkey", "Relation Name": "lineitem", "Alias": "lineitem", "Startup Cost": 0.0, "Total Cost": 0.91, "Plan Rows": 3, "Plan Width": 40, "Index Cond": "(l_orderkey = orders.o_orderkey)", "Filter": "((l_shipdate >= '1995-01-01 00:00:00'::timestamp(0) without time zone) AND (l_shipdate <= '1996-12-31 00:00:00'::timestamp(0) without time zone))"}]}]}]}]}]}, "Unique SQL Id": 2208782157, "Planner Runtime": 4}, "explain_analyze_plan": {"Plan": {"Node Type": "Sort", "Startup Cost": 726921.52, "Total Cost": 726930.74, "Plan Rows": 3688, "Plan Width": 84, "Actual Startup Time": 21343.395, "Actual Total Time": 21343.396, "Actual Rows": 4, "Actual Loops": 1, "Sort Key": ["n1.n_name", "n2.n_name", "(date_part('year'::text, lineitem.l_shipdate))"], "Sort Method": "quicksort", "Sort Space Used": 25, "Sort Space Type": "Memory", "Plans": [{"Node Type": "Aggregate", "Strategy": "Hashed", "Parent Relationship": "Outer", "Startup Cost": 726656.93, "Total Cost": 726703.03, "Plan Rows": 3688, "Plan Width": 84, "Actual Startup Time": 21343.347, "Actual Total Time": 21343.357, "Actual Rows": 4, "Actual Loops": 1, "Group By Key": ["n1.n_name", "n2.n_name", "date_part('year'::text, lineitem.l_shipdate)"], "Plans": [{"Node Type": "Merge Join", "Parent Relationship": "Outer", "Join Type": "Inner", "Startup Cost": 716715.31, "Total Cost": 726601.61, "Plan Rows": 3688, "Plan Width": 76, "Actual Startup Time": 20203.776, "Actual Total Time": 21284.282, "Actual Rows": 58554, "Actual Loops": 1, "Inner Unique": false, "Merge Cond": "(supplier.s_suppkey = lineitem.l_suppkey)", "Join Filter": "(n1.n_nationkey = supplier.s_nationkey)", "Rows Removed by Join Filter": 0, "Plans": [{"Node Type": "Index Scan", "Parent Relationship": "Outer", "Scan Direction": "Forward", "Index Name": "supplier_pkey", "Relation Name": "supplier", "Alias": "supplier", "Startup Cost": 0.0, "Total Cost": 5334.54, "Plan Rows": 100000, "Plan Width": 12, "Actual Startup Time": 0.023, "Actual Total Time": 73.04, "Actual Rows": 100000, "Actual Loops": 1}, {"Node Type": "Sort", "Parent Relationship": "Inner", "Startup Cost": 716714.94, "Total Cost": 718566.9, "Plan Rows": 740786, "Plan Width": 88, "Actual Startup Time": 20203.405, "Actual Total Time": 20640.711, "Actual Rows": 1459150, "Actual Loops": 1, "Sort Key": ["lineitem.l_suppkey"], "Sort Method": "quicksort", "Sort Space Used": 277145, "Sort Space Type": "Memory", "Plans": [{"Node Type": "Nested Loop", "Parent Relationship": "Outer", "Join Type": "Inner", "Startup Cost": 0.0, "Total Cost": 644493.13, "Plan Rows": 740786, "Plan Width": 88, "Actual Startup Time": 0.175, "Actual Total Time": 19465.424, "Actual Rows": 1459150, "Actual Loops": 1, "Inner Unique": false, "Plans": [{"Node Type": "Nested Loop", "Parent Relationship": "Outer", "Join Type": "Inner", "Startup Cost": 0.0, "Total Cost": 167755.5, "Plan Rows": 504972, "Plan Width": 64, "Actual Startup Time": 0.107, "Actual Total Time": 4161.442, "Actual Rows": 1200363, "Actual Loops": 1, "Inner Unique": false, "Plans": [{"Node Type": "Nested Loop", "Parent Relationship": "Outer", "Join Type": "Inner", "Startup Cost": 0.0, "Total Cost": 16632.98, "Plan Rows": 119904, "Plan Width": 64, "Actual Startup Time": 0.094, "Actual Total Time": 224.791, "Actual Rows": 119972, "Actual Loops": 1, "Inner Unique": false, "Plans": [{"Node Type": "Nested Loop", "Parent Relationship": "Outer", "Join Type": "Inner", "Startup Cost": 0.0, "Total Cost": 28.12, "Plan Rows": 2, "Plan Width": 60, "Actual Startup Time": 0.053, "Actual Total Time": 0.16, "Actual Rows": 2, "Actual Loops": 1, "Inner Unique": false, "Join Filter": "(((n1.n_name = 'JAPAN'::bpchar) AND (n2.n_name = 'INDIA'::bpchar)) OR ((n1.n_name = 'INDIA'::bpchar) AND (n2.n_name = 'JAPAN'::bpchar)))", "Rows Removed by Join Filter": 2, "Plans": [{"Node Type": "Index Scan", "Parent Relationship": "Outer", "Scan Direction": "Forward", "Index Name": "nation_pkey", "Relation Name": "nation", "Alias": "n1", "Startup Cost": 0.0, "Total Cost": 12.75, "Plan Rows": 25, "Plan Width": 30, "Actual Startup Time": 0.016, "Actual Total Time": 0.048, "Actual Rows": 2, "Actual Loops": 1, "Filter": "((n_name = 'JAPAN'::bpchar) OR (n_name = 'INDIA'::bpchar))", "Rows Removed by Filter": 23}, {"Node Type": "Materialize", "Parent Relationship": "Inner", "Startup Cost": 0.0, "Total Cost": 1.38, "Plan Rows": 25, "Plan Width": 30, "Actual Startup Time": 0.029, "Actual Total Time": 0.057, "Actual Rows": 4, "Actual Loops": 2, "Plans": [{"Node Type": "Seq Scan", "Parent Relationship": "Outer", "Relation Name": "nation", "Alias": "n2", "Startup Cost": 0.0, "Total Cost": 1.25, "Plan Rows": 25, "Plan Width": 30, "Actual Startup Time": 0.021, "Actual Total Time": 0.044, "Actual Rows": 2, "Actual Loops": 1, "Filter": "((n_name = 'INDIA'::bpchar) OR (n_name = 'JAPAN'::bpchar))", "Rows Removed by Filter": 23}]}]}, {"Node Type": "Index Scan", "Parent Relationship": "Inner", "Scan Direction": "Forward", "Index Name": "idx_customer_nationkey", "Relation Name": "customer", "Alias": "customer", "Startup Cost": 0.0, "Total Cost": 7702.43, "Plan Rows": 60000, "Plan Width": 12, "Actual Startup Time": 0.059, "Actual Total Time": 191.417, "Actual Rows": 119972, "Actual Loops": 2, "Index Cond": "(c_nationkey = n2.n_nationkey)", "Rows Removed by Index Recheck": 0}]}, {"Node Type": "Index Scan", "Parent Relationship": "Inner", "Scan Direction": "Forward", "Index Name": "idx_orders_custkey", "Relation Name": "orders", "Alias": "orders", "Startup Cost": 0.0, "Total Cost": 1.22, "Plan Rows": 4, "Plan Width": 16, "Actual Startup Time": 750.454, "Actual Total Time": 3577.918, "Actual Rows": 1200363, "Actual Loops": 119972, "Index Cond": "(o_custkey = customer.c_custkey)", "Rows Removed by Index Recheck": 0}]}, {"Node Type": "Index Scan", "Parent Relationship": "Inner", "Scan Direction": "Forward", "Index Name": "idx_lineitem_orderkey", "Relation Name": "lineitem", "Alias": "lineitem", "Startup Cost": 0.0, "Total Cost": 0.91, "Plan Rows": 3, "Plan Width": 40, "Actual Startup Time": 13148.569, "Actual Total Time": 14323.412, "Actual Rows": 1459150, "Actual Loops": 1200363, "Index Cond": "(l_orderkey = orders.o_orderkey)", "Rows Removed by Index Recheck": 0, "Filter": "((l_shipdate >= '1995-01-01 00:00:00'::timestamp(0) without time zone) AND (l_shipdate <= '1996-12-31 00:00:00'::timestamp(0) without time zone))", "Rows Removed by Filter": 3342563}]}]}]}]}]}, "Triggers": [], "Planner Runtime": 5, "Total Runtime": 21343.658, "Unique SQL Id": 2208782157}}, "(16, 25)": {"explain_plan": {"Plan": {"Node Type": "Sort", "Startup Cost": 726933.02, "Total Cost": 726942.24, "Plan Rows": 3688, "Plan Width": 84, "Sort Key": ["n1.n_name", "n2.n_name", "(date_part('year'::text, lineitem.l_shipdate))"], "Plans": [{"Node Type": "Aggregate", "Strategy": "Hashed", "Parent Relationship": "Outer", "Startup Cost": 726668.43, "Total Cost": 726714.53, "Plan Rows": 3688, "Plan Width": 84, "Group By Key": ["n1.n_name", "n2.n_name", "date_part('year'::text, lineitem.l_shipdate)"], "Plans": [{"Node Type": "Merge Join", "Parent Relationship": "Outer", "Join Type": "Inner", "Startup Cost": 716726.81, "Total Cost": 726613.11, "Plan Rows": 3688, "Plan Width": 76, "Inner Unique": false, "Merge Cond": "(supplier.s_suppkey = lineitem.l_suppkey)", "Join Filter": "(n1.n_nationkey = supplier.s_nationkey)", "Plans": [{"Node Type": "Index Scan", "Parent Relationship": "Outer", "Scan Direction": "Forward", "Index Name": "supplier_pkey", "Relation Name": "supplier", "Alias": "supplier", "Startup Cost": 0.0, "Total Cost": 5334.54, "Plan Rows": 100000, "Plan Width": 12}, {"Node Type": "Sort", "Parent Relationship": "Inner", "Startup Cost": 716726.44, "Total Cost": 718578.4, "Plan Rows": 740786, "Plan Width": 88, "Sort Key": ["lineitem.l_suppkey"], "Plans": [{"Node Type": "Nested Loop", "Parent Relationship": "Outer", "Join Type": "Inner", "Startup Cost": 0.0, "Total Cost": 644504.63, "Plan Rows": 740786, "Plan Width": 88, "Inner Unique": false, "Plans": [{"Node Type": "Nested Loop", "Parent Relationship": "Outer", "Join Type": "Inner", "Startup Cost": 0.0, "Total Cost": 167767.0, "Plan Rows": 504972, "Plan Width": 64, "Inner Unique": false, "Plans": [{"Node Type": "Nested Loop", "Parent Relationship": "Outer", "Join Type": "Inner", "Startup Cost": 0.0, "Total Cost": 16644.48, "Plan Rows": 119904, "Plan Width": 64, "Inner Unique": false, "Plans": [{"Node Type": "Nested Loop", "Parent Relationship": "Outer", "Join Type": "Inner", "Startup Cost": 0.0, "Total Cost": 39.62, "Plan Rows": 2, "Plan Width": 60, "Inner Unique": false, "Join Filter": "(((n1.n_name = 'JAPAN'::bpchar) AND (n2.n_name = 'INDIA'::bpchar)) OR ((n1.n_name = 'INDIA'::bpchar) AND (n2.n_name = 'JAPAN'::bpchar)))", "Plans": [{"Node Type": "Index Scan", "Parent Relationship": "Outer", "Scan Direction": "Forward", "Index Name": "nation_pkey", "Relation Name": "nation", "Alias": "n1", "Startup Cost": 0.0, "Total Cost": 12.75, "Plan Rows": 25, "Plan Width": 30, "Filter": "((n_name = 'JAPAN'::bpchar) OR (n_name = 'INDIA'::bpchar))"}, {"Node Type": "Materialize", "Parent Relationship": "Inner", "Startup Cost": 0.0, "Total Cost": 12.88, "Plan Rows": 25, "Plan Width": 30, "Plans": [{"Node Type": "Index Scan", "Parent Relationship": "Outer", "Scan Direction": "Forward", "Index Name": "nation_pkey", "Relation Name": "nation", "Alias": "n2", "Startup Cost": 0.0, "Total Cost": 12.75, "Plan Rows": 25, "Plan Width": 30, "Filter": "((n_name = 'INDIA'::bpchar) OR (n_name = 'JAPAN'::bpchar))"}]}]}, {"Node Type": "Index Scan", "Parent Relationship": "Inner", "Scan Direction": "Forward", "Index Name": "idx_customer_nationkey", "Relation Name": "customer", "Alias": "customer", "Startup Cost": 0.0, "Total Cost": 7702.43, "Plan Rows": 60000, "Plan Width": 12, "Index Cond": "(c_nationkey = n2.n_nationkey)"}]}, {"Node Type": "Index Scan", "Parent Relationship": "Inner", "Scan Direction": "Forward", "Index Name": "idx_orders_custkey", "Relation Name": "orders", "Alias": "orders", "Startup Cost": 0.0, "Total Cost": 1.22, "Plan Rows": 4, "Plan Width": 16, "Index Cond": "(o_custkey = customer.c_custkey)"}]}, {"Node Type": "Index Scan", "Parent Relationship": "Inner", "Scan Direction": "Forward", "Index Name": "idx_lineitem_orderkey", "Relation Name": "lineitem", "Alias": "lineitem", "Startup Cost": 0.0, "Total Cost": 0.91, "Plan Rows": 3, "Plan Width": 40, "Index Cond": "(l_orderkey = orders.o_orderkey)", "Filter": "((l_shipdate >= '1995-01-01 00:00:00'::timestamp(0) without time zone) AND (l_shipdate <= '1996-12-31 00:00:00'::timestamp(0) without time zone))"}]}]}]}]}]}, "Unique SQL Id": 2208782157, "Planner Runtime": 4}, "explain_analyze_plan": {"Plan": {"Node Type": "Sort", "Startup Cost": 726933.02, "Total Cost": 726942.24, "Plan Rows": 3688, "Plan Width": 84, "Actual Startup Time": 21219.945, "Actual Total Time": 21219.945, "Actual Rows": 4, "Actual Loops": 1, "Sort Key": ["n1.n_name", "n2.n_name", "(date_part('year'::text, lineitem.l_shipdate))"], "Sort Method": "quicksort", "Sort Space Used": 25, "Sort Space Type": "Memory", "Plans": [{"Node Type": "Aggregate", "Strategy": "Hashed", "Parent Relationship": "Outer", "Startup Cost": 726668.43, "Total Cost": 726714.53, "Plan Rows": 3688, "Plan Width": 84, "Actual Startup Time": 21219.891, "Actual Total Time": 21219.898, "Actual Rows": 4, "Actual Loops": 1, "Group By Key": ["n1.n_name", "n2.n_name", "date_part('year'::text, lineitem.l_shipdate)"], "Plans": [{"Node Type": "Merge Join", "Parent Relationship": "Outer", "Join Type": "Inner", "Startup Cost": 716726.81, "Total Cost": 726613.11, "Plan Rows": 3688, "Plan Width": 76, "Actual Startup Time": 20088.973, "Actual Total Time": 21160.09, "Actual Rows": 58554, "Actual Loops": 1, "Inner Unique": false, "Merge Cond": "(supplier.s_suppkey = lineitem.l_suppkey)", "Join Filter": "(n1.n_nationkey = supplier.s_nationkey)", "Rows Removed by Join Filter": 0, "Plans": [{"Node Type": "Index Scan", "Parent Relationship": "Outer", "Scan Direction": "Forward", "Index Name": "supplier_pkey", "Relation Name": "supplier", "Alias": "supplier", "Startup Cost": 0.0, "Total Cost": 5334.54, "Plan Rows": 100000, "Plan Width": 12, "Actual Startup Time": 0.023, "Actual Total Time": 70.72, "Actual Rows": 100000, "Actual Loops": 1}, {"Node Type": "Sort", "Parent Relationship": "Inner", "Startup Cost": 716726.44, "Total Cost": 718578.4, "Plan Rows": 740786, "Plan Width": 88, "Actual Startup Time": 20088.632, "Actual Total Time": 20518.97, "Actual Rows": 1459150, "Actual Loops": 1, "Sort Key": ["lineitem.l_suppkey"], "Sort Method": "quicksort", "Sort Space Used": 277145, "Sort Space Type": "Memory", "Plans": [{"Node Type": "Nested Loop", "Parent Relationship": "Outer", "Join Type": "Inner", "Startup Cost": 0.0, "Total Cost": 644504.63, "Plan Rows": 740786, "Plan Width": 88, "Actual Startup Time": 0.16, "Actual Total Time": 19352.621, "Actual Rows": 1459150, "Actual Loops": 1, "Inner Unique": false, "Plans": [{"Node Type": "Nested Loop", "Parent Relationship": "Outer", "Join Type": "Inner", "Startup Cost": 0.0, "Total Cost": 167767.0, "Plan Rows": 504972, "Plan Width": 64, "Actual Startup Time": 0.094, "Actual Total Time": 4093.376, "Actual Rows": 1200363, "Actual Loops": 1, "Inner Unique": false, "Plans": [{"Node Type": "Nested Loop", "Parent Relationship": "Outer", "Join Type": "Inner", "Startup Cost": 0.0, "Total Cost": 16644.48, "Plan Rows": 119904, "Plan Width": 64, "Actual Startup Time": 0.082, "Actual Total Time": 217.671, "Actual Rows": 119972, "Actual Loops": 1, "Inner Unique": false, "Plans": [{"Node Type": "Nested Loop", "Parent Relationship": "Outer", "Join Type": "Inner", "Startup Cost": 0.0, "Total Cost": 39.62, "Plan Rows": 2, "Plan Width": 60, "Actual Startup Time": 0.041, "Actual Total Time": 0.147, "Actual Rows": 2, "Actual Loops": 1, "Inner Unique": false, "Join Filter": "(((n1.n_name = 'JAPAN'::bpchar) AND (n2.n_name = 'INDIA'::bpchar)) OR ((n1.n_name = 'INDIA'::bpchar) AND (n2.n_name = 'JAPAN'::bpchar)))", "Rows Removed by Join Filter": 2, "Plans": [{"Node Type": "Index Scan", "Parent Relationship": "Outer", "Scan Direction": "Forward", "Index Name": "nation_pkey", "Relation Name": "nation", "Alias": "n1", "Startup Cost": 0.0, "Total Cost": 12.75, "Plan Rows": 25, "Plan Width": 30, "Actual Startup Time": 0.017, "Actual Total Time": 0.045, "Actual Rows": 2, "Actual Loops": 1, "Filter": "((n_name = 'JAPAN'::bpchar) OR (n_name = 'INDIA'::bpchar))", "Rows Removed by Filter": 23}, {"Node Type": "Materialize", "Parent Relationship": "Inner", "Startup Cost": 0.0, "Total Cost": 12.88, "Plan Rows": 25, "Plan Width": 30, "Actual Startup Time": 0.015, "Actual Total Time": 0.04, "Actual Rows": 4, "Actual Loops": 2, "Plans": [{"Node Type": "Index Scan", "Parent Relationship": "Outer", "Scan Direction": "Forward", "Index Name": "nation_pkey", "Relation Name": "nation", "Alias": "n2", "Startup Cost": 0.0, "Total Cost": 12.75, "Plan Rows": 25, "Plan Width": 30, "Actual Startup Time": 0.011, "Actual Total Time": 0.033, "Actual Rows": 2, "Actual Loops": 1, "Filter": "((n_name = 'INDIA'::bpchar) OR (n_name = 'JAPAN'::bpchar))", "Rows Removed by Filter": 23}]}]}, {"Node Type": "Index Scan", "Parent Relationship": "Inner", "Scan Direction": "Forward", "Index Name": "idx_customer_nationkey", "Relation Name": "customer", "Alias": "customer", "Startup Cost": 0.0, "Total Cost": 7702.43, "Plan Rows": 60000, "Plan Width": 12, "Actual Startup Time": 0.062, "Actual Total Time": 185.454, "Actual Rows": 119972, "Actual Loops": 2, "Index Cond": "(c_nationkey = n2.n_nationkey)", "Rows Removed by Index Recheck": 0}]}, {"Node Type": "Index Scan", "Parent Relationship": "Inner", "Scan Direction": "Forward", "Index Name": "idx_orders_custkey", "Relation Name": "orders", "Alias": "orders", "Startup Cost": 0.0, "Total Cost": 1.22, "Plan Rows": 4, "Plan Width": 16, "Actual Startup Time": 747.359, "Actual Total Time": 3518.401, "Actual Rows": 1200363, "Actual Loops": 119972, "Index Cond": "(o_custkey = customer.c_custkey)", "Rows Removed by Index Recheck": 0}]}, {"Node Type": "Index Scan", "Parent Relationship": "Inner", "Scan Direction": "Forward", "Index Name": "idx_lineitem_orderkey", "Relation Name": "lineitem", "Alias": "lineitem", "Startup Cost": 0.0, "Total Cost": 0.91, "Plan Rows": 3, "Plan Width": 40, "Actual Startup Time": 13097.583, "Actual Total Time": 14275.84, "Actual Rows": 1459150, "Actual Loops": 1200363, "Index Cond": "(l_orderkey = orders.o_orderkey)", "Rows Removed by Index Recheck": 0, "Filter": "((l_shipdate >= '1995-01-01 00:00:00'::timestamp(0) without time zone) AND (l_shipdate <= '1996-12-31 00:00:00'::timestamp(0) without time zone))", "Rows Removed by Filter": 3342563}]}]}]}]}]}, "Triggers": [], "Planner Runtime": 4, "Total Runtime": 21220.223, "Unique SQL Id": 2208782157}}, "(16, 26)": {"explain_plan": {"Plan": {"Node Type": "Sort", "Startup Cost": 7122675.58, "Total Cost": 7122684.8, "Plan Rows": 3688, "Plan Width": 84, "Sort Key": ["n1.n_name", "n2.n_name", "(date_part('year'::text, lineitem.l_shipdate))"], "Plans": [{"Node Type": "Aggregate", "Strategy": "Hashed", "Parent Relationship": "Outer", "Startup Cost": 7122411.0, "Total Cost": 7122457.1, "Plan Rows": 3688, "Plan Width": 84, "Group By Key": ["n1.n_name", "n2.n_name", "date_part('year'::text, lineitem.l_shipdate)"], "Plans": [{"Node Type": "Merge Join", "Parent Relationship": "Outer", "Join Type": "Inner", "Startup Cost": 7110368.35, "Total Cost": 7122355.68, "Plan Rows": 3688, "Plan Width": 76, "Inner Unique": true, "Merge Cond": "((orders.o_custkey = customer.c_custkey) AND (n2.n_nationkey = customer.c_nationkey))", "Plans": [{"Node Type": "Sort", "Parent Relationship": "Outer", "Startup Cost": 6904368.06, "Total Cost": 6904598.58, "Plan Rows": 92207, "Plan Width": 88, "Sort Key": ["orders.o_custkey", "n2.n_nationkey"], "Plans": [{"Node Type": "Merge Join", "Parent Relationship": "Outer", "Join Type": "Inner", "Startup Cost": 6820386.67, "Total Cost": 6896764.4, "Plan Rows": 92207, "Plan Width": 88, "Inner Unique": true, "Merge Cond": "(lineitem.l_orderkey = orders.o_orderkey)", "Plans": [{"Node Type": "Sort", "Parent Relationship": "Outer", "Startup Cost": 4606151.54, "Total Cost": 4606382.06, "Plan Rows": 92207, "Plan Width": 88, "Sort Key": ["lineitem.l_orderkey"], "Plans": [{"Node Type": "Merge Join", "Parent Relationship": "Outer", "Join Type": "Inner", "Startup Cost": 4506978.84, "Total Cost": 4598547.88, "Plan Rows": 92207, "Plan Width": 88, "Inner Unique": false, "Merge Cond": "(supplier.s_suppkey = lineitem.l_suppkey)", "Plans": [{"Node Type": "Sort", "Parent Relationship": "Outer", "Startup Cost": 6817.83, "Total Cost": 6837.81, "Plan Rows": 7994, "Plan Width": 64, "Sort Key": ["supplier.s_suppkey"], "Plans": [{"Node Type": "Nested Loop", "Parent Relationship": "Outer", "Join Type": "Inner", "Startup Cost": 0.0, "Total Cost": 6299.63, "Plan Rows": 7994, "Plan Width": 64, "Inner Unique": false, "Join Filter": "(n1.n_nationkey = supplier.s_nationkey)", "Plans": [{"Node Type": "Seq Scan", "Parent Relationship": "Outer", "Relation Name": "supplier", "Alias": "supplier", "Startup Cost": 0.0, "Total Cost": 3283.0, "Plan Rows": 100000, "Plan Width": 12}, {"Node Type": "Materialize", "Parent Relationship": "Inner", "Startup Cost": 0.0, "Total Cost": 16.64, "Plan Rows": 2, "Plan Width": 60, "Plans": [{"Node Type": "Nested Loop", "Parent Relationship": "Outer", "Join Type": "Inner", "Startup Cost": 0.0, "Total Cost": 16.62, "Plan Rows": 2, "Plan Width": 60, "Inner Unique": false, "Join Filter": "(((n1.n_name = 'JAPAN'::bpchar) AND (n2.n_name = 'INDIA'::bpchar)) OR ((n1.n_name = 'INDIA'::bpchar) AND (n2.n_name = 'JAPAN'::bpchar)))", "Plans": [{"Node Type": "Seq Scan", "Parent Relationship": "Outer", "Relation Name": "nation", "Alias": "n1", "Startup Cost": 0.0, "Total Cost": 1.25, "Plan Rows": 25, "Plan Width": 30, "Filter": "((n_name = 'JAPAN'::bpchar) OR (n_name = 'INDIA'::bpchar))"}, {"Node Type": "Materialize", "Parent Relationship": "Inner", "Startup Cost": 0.0, "Total Cost": 1.38, "Plan Rows": 25, "Plan Width": 30, "Plans": [{"Node Type": "Seq Scan", "Parent Relationship": "Outer", "Relation Name": "nation", "Alias": "n2", "Startup Cost": 0.0, "Total Cost": 1.25, "Plan Rows": 25, "Plan Width": 30, "Filter": "((n_name = 'INDIA'::bpchar) OR (n_name = 'JAPAN'::bpchar))"}]}]}]}]}]}, {"Node Type": "Sort", "Parent Relationship": "Inner", "Startup Cost": 4500152.01, "Total Cost": 4545464.49, "Plan Rows": 18124991, "Plan Width": 40, "Sort Key": ["lineitem.l_suppkey"], "Plans": [{"Node Type": "Seq Scan", "Parent Relationship": "Outer", "Relation Name": "lineitem", "Alias": "lineitem", "Startup Cost": 44.6, "Total Cost": 2315050.5, "Plan Rows": 18124991, "Plan Width": 40, "Filter": "((l_shipdate >= '1995-01-01 00:00:00'::timestamp(0) without time zone) AND (l_shipdate <= '1996-12-31 00:00:00'::timestamp(0) without time zone)), (LLVM Optimized)"}]}]}]}, {"Node Type": "Sort", "Parent Relationship": "Inner", "Startup Cost": 2214232.37, "Total Cost": 2251731.07, "Plan Rows": 14999479, "Plan Width": 16, "Sort Key": ["orders.o_orderkey"], "Plans": [{"Node Type": "Seq Scan", "Parent Relationship": "Outer", "Relation Name": "orders", "Alias": "orders", "Startup Cost": 0.0, "Total Cost": 426413.79, "Plan Rows": 14999479, "Plan Width": 16}]}]}]}, {"Node Type": "Sort", "Parent Relationship": "Inner", "Startup Cost": 205999.98, "Total Cost": 209749.98, "Plan Rows": 1500000, "Plan Width": 12, "Sort Key": ["customer.c_custkey", "customer.c_nationkey"], "Plans": [{"Node Type": "Seq Scan", "Parent Relationship": "Outer", "Relation Name": "customer", "Alias": "customer", "Startup Cost": 0.0, "Total Cost": 52126.0, "Plan Rows": 1500000, "Plan Width": 12}]}]}]}]}, "Unique SQL Id": 2208782157, "Planner Runtime": 5}, "explain_analyze_plan": null}, "(16, 27)": {"explain_plan": {"Plan": {"Node Type": "Sort", "Startup Cost": 6023462968943.18, "Total Cost": 6023462968952.4, "Plan Rows": 3688, "Plan Width": 84, "Sort Key": ["n1.n_name", "n2.n_name", "(date_part('year'::text, lineitem.l_shipdate))"], "Plans": [{"Node Type": "Aggregate", "Strategy": "Hashed", "Parent Relationship": "Outer", "Startup Cost": 6023462968678.6, "Total Cost": 6023462968724.7, "Plan Rows": 3688, "Plan Width": 84, "Group By Key": ["n1.n_name", "n2.n_name", "date_part('year'::text, lineitem.l_shipdate)"], "Plans": [{"Node Type": "Merge Join", "Parent Relationship": "Outer", "Join Type": "Inner", "Startup Cost": 60000000000.0, "Total Cost": 6023462968623.28, "Plan Rows": 3688, "Plan Width": 76, "Inner Unique": true, "Merge Cond": "(n2.n_nationkey = customer.c_nationkey)", "Join Filter": "(orders.o_custkey = customer.c_custkey)", "Plans": [{"Node Type": "Nested Loop", "Parent Relationship": "Outer", "Join Type": "Inner", "Startup Cost": 50000000000.0, "Total Cost": 5023346950887.28, "Plan Rows": 92207, "Plan Width": 88, "Inner Unique": true, "Join Filter": "(lineitem.l_orderkey = orders.o_orderkey)", "Plans": [{"Node Type": "Nested Loop", "Parent Relationship": "Outer", "Join Type": "Inner", "Startup Cost": 40000000000.0, "Total Cost": 4002527961142.79, "Plan Rows": 92207, "Plan Width": 88, "Inner Unique": false, "Join Filter": "(supplier.s_suppkey = lineitem.l_suppkey)", "Plans": [{"Node Type": "Nested Loop", "Parent Relationship": "Outer", "Join Type": "Inner", "Startup Cost": 30000000000.0, "Total Cost": 3000000539268.5, "Plan Rows": 7994, "Plan Width": 64, "Inner Unique": false, "Join Filter": "(n1.n_nationkey = supplier.s_nationkey)", "Plans": [{"Node Type": "Nested Loop", "Parent Relationship": "Outer", "Join Type": "Inner", "Startup Cost": 20000000000.0, "Total Cost": 2000000002564.12, "Plan Rows": 2, "Plan Width": 60, "Inner Unique": false, "Join Filter": "(((n1.n_name = 'JAPAN'::bpchar) AND (n2.n_name = 'INDIA'::bpchar)) OR ((n1.n_name = 'INDIA'::bpchar) AND (n2.n_name = 'JAPAN'::bpchar)))", "Plans": [{"Node Type": "Index Scan", "Parent Relationship": "Outer", "Scan Direction": "Forward", "Index Name": "nation_pkey", "Relation Name": "nation", "Alias": "n2", "Startup Cost": 10000000000.0, "Total Cost": 1000000001275.0, "Plan Rows": 25, "Plan Width": 30, "Filter": "((n_name = 'INDIA'::bpchar) OR (n_name = 'JAPAN'::bpchar))"}, {"Node Type": "Materialize", "Parent Relationship": "Inner", "Startup Cost": 10000000000.0, "Total Cost": 1000000001275.12, "Plan Rows": 25, "Plan Width": 30, "Plans": [{"Node Type": "Index Scan", "Parent Relationship": "Outer", "Scan Direction": "Forward", "Index Name": "nation_pkey", "Relation Name": "nation", "Alias": "n1", "Startup Cost": 10000000000.0, "Total Cost": 1000000001275.0, "Plan Rows": 25, "Plan Width": 30, "Filter": "((n_name = 'JAPAN'::bpchar) OR (n_name = 'INDIA'::bpchar))"}]}]}, {"Node Type": "Materialize", "Parent Relationship": "Inner", "Startup Cost": 10000000000.0, "Total Cost": 1000000533954.38, "Plan Rows": 100000, "Plan Width": 12, "Plans": [{"Node Type": "Index Scan", "Parent Relationship": "Outer", "Scan Direction": "Forward", "Index Name": "supplier_pkey", "Relation Name": "supplier", "Alias": "supplier", "Startup Cost": 10000000000.0, "Total Cost": 1000000533454.38, "Plan Rows": 100000, "Plan Width": 12}]}]}, {"Node Type": "Materialize", "Parent Relationship": "Inner", "Startup Cost": 10000000000.0, "Total Cost": 1000354099515.95, "Plan Rows": 18124991, "Plan Width": 40, "Plans": [{"Node Type": "Index Scan", "Parent Relationship": "Outer", "Scan Direction": "Forward", "Index Name": "idx_lineitem_orderkey", "Relation Name": "lineitem", "Alias": "lineitem", "Startup Cost": 10000000000.0, "Total Cost": 1000354008891.0, "Plan Rows": 18124991, "Plan Width": 40, "Filter": "((l_shipdate >= '1995-01-01 00:00:00'::timestamp(0) without time zone) AND (l_shipdate <= '1996-12-31 00:00:00'::timestamp(0) without time zone)), (LLVM Optimized)"}]}]}, {"Node Type": "Materialize", "Parent Relationship": "Inner", "Startup Cost": 10000000000.0, "Total Cost": 1000073172840.9, "Plan Rows": 14999479, "Plan Width": 16, "Plans": [{"Node Type": "Index Scan", "Parent Relationship": "Outer", "Scan Direction": "Forward", "Index Name": "orders_pkey", "Relation Name": "orders", "Alias": "orders", "Startup Cost": 10000000000.0, "Total Cost": 1000073097843.5, "Plan Rows": 14999479, "Plan Width": 16}]}]}, {"Node Type": "Materialize", "Parent Relationship": "Inner", "Startup Cost": 10000000000.0, "Total Cost": 1000019203896.25, "Plan Rows": 1500000, "Plan Width": 12, "Plans": [{"Node Type": "Index Scan", "Parent Relationship": "Outer", "Scan Direction": "Forward", "Index Name": "idx_customer_nationkey", "Relation Name": "customer", "Alias": "customer", "Startup Cost": 10000000000.0, "Total Cost": 1000019200146.25, "Plan Rows": 1500000, "Plan Width": 12}]}]}]}]}, "Unique SQL Id": 2208782157, "Planner Runtime": 6}, "explain_analyze_plan": null}, "(16, 28)": {"explain_plan": {"Plan": {"Node Type": "Sort", "Startup Cost": 726921.52, "Total Cost": 726930.74, "Plan Rows": 3688, "Plan Width": 84, "Sort Key": ["n1.n_name", "n2.n_name", "(date_part('year'::text, lineitem.l_shipdate))"], "Plans": [{"Node Type": "Aggregate", "Strategy": "Hashed", "Parent Relationship": "Outer", "Startup Cost": 726656.93, "Total Cost": 726703.03, "Plan Rows": 3688, "Plan Width": 84, "Group By Key": ["n1.n_name", "n2.n_name", "date_part('year'::text, lineitem.l_shipdate)"], "Plans": [{"Node Type": "Merge Join", "Parent Relationship": "Outer", "Join Type": "Inner", "Startup Cost": 716715.31, "Total Cost": 726601.61, "Plan Rows": 3688, "Plan Width": 76, "Inner Unique": false, "Merge Cond": "(supplier.s_suppkey = lineitem.l_suppkey)", "Join Filter": "(n1.n_nationkey = supplier.s_nationkey)", "Plans": [{"Node Type": "Index Scan", "Parent Relationship": "Outer", "Scan Direction": "Forward", "Index Name": "supplier_pkey", "Relation Name": "supplier", "Alias": "supplier", "Startup Cost": 0.0, "Total Cost": 5334.54, "Plan Rows": 100000, "Plan Width": 12}, {"Node Type": "Sort", "Parent Relationship": "Inner", "Startup Cost": 716714.94, "Total Cost": 718566.9, "Plan Rows": 740786, "Plan Width": 88, "Sort Key": ["lineitem.l_suppkey"], "Plans": [{"Node Type": "Nested Loop", "Parent Relationship": "Outer", "Join Type": "Inner", "Startup Cost": 0.0, "Total Cost": 644493.13, "Plan Rows": 740786, "Plan Width": 88, "Inner Unique": false, "Plans": [{"Node Type": "Nested Loop", "Parent Relationship": "Outer", "Join Type": "Inner", "Startup Cost": 0.0, "Total Cost": 167755.5, "Plan Rows": 504972, "Plan Width": 64, "Inner Unique": false, "Plans": [{"Node Type": "Nested Loop", "Parent Relationship": "Outer", "Join Type": "Inner", "Startup Cost": 0.0, "Total Cost": 16632.98, "Plan Rows": 119904, "Plan Width": 64, "Inner Unique": false, "Plans": [{"Node Type": "Nested Loop", "Parent Relationship": "Outer", "Join Type": "Inner", "Startup Cost": 0.0, "Total Cost": 28.12, "Plan Rows": 2, "Plan Width": 60, "Inner Unique": false, "Join Filter": "(((n1.n_name = 'JAPAN'::bpchar) AND (n2.n_name = 'INDIA'::bpchar)) OR ((n1.n_name = 'INDIA'::bpchar) AND (n2.n_name = 'JAPAN'::bpchar)))", "Plans": [{"Node Type": "Index Scan", "Parent Relationship": "Outer", "Scan Direction": "Forward", "Index Name": "nation_pkey", "Relation Name": "nation", "Alias": "n1", "Startup Cost": 0.0, "Total Cost": 12.75, "Plan Rows": 25, "Plan Width": 30, "Filter": "((n_name = 'JAPAN'::bpchar) OR (n_name = 'INDIA'::bpchar))"}, {"Node Type": "Materialize", "Parent Relationship": "Inner", "Startup Cost": 0.0, "Total Cost": 1.38, "Plan Rows": 25, "Plan Width": 30, "Plans": [{"Node Type": "Seq Scan", "Parent Relationship": "Outer", "Relation Name": "nation", "Alias": "n2", "Startup Cost": 0.0, "Total Cost": 1.25, "Plan Rows": 25, "Plan Width": 30, "Filter": "((n_name = 'INDIA'::bpchar) OR (n_name = 'JAPAN'::bpchar))"}]}]}, {"Node Type": "Index Scan", "Parent Relationship": "Inner", "Scan Direction": "Forward", "Index Name": "idx_customer_nationkey", "Relation Name": "customer", "Alias": "customer", "Startup Cost": 0.0, "Total Cost": 7702.43, "Plan Rows": 60000, "Plan Width": 12, "Index Cond": "(c_nationkey = n2.n_nationkey)"}]}, {"Node Type": "Index Scan", "Parent Relationship": "Inner", "Scan Direction": "Forward", "Index Name": "idx_orders_custkey", "Relation Name": "orders", "Alias": "orders", "Startup Cost": 0.0, "Total Cost": 1.22, "Plan Rows": 4, "Plan Width": 16, "Index Cond": "(o_custkey = customer.c_custkey)"}]}, {"Node Type": "Index Scan", "Parent Relationship": "Inner", "Scan Direction": "Forward", "Index Name": "idx_lineitem_orderkey", "Relation Name": "lineitem", "Alias": "lineitem", "Startup Cost": 0.0, "Total Cost": 0.91, "Plan Rows": 3, "Plan Width": 40, "Index Cond": "(l_orderkey = orders.o_orderkey)", "Filter": "((l_shipdate >= '1995-01-01 00:00:00'::timestamp(0) without time zone) AND (l_shipdate <= '1996-12-31 00:00:00'::timestamp(0) without time zone))"}]}]}]}]}]}, "Unique SQL Id": 2208782157, "Planner Runtime": 4}, "explain_analyze_plan": {"Plan": {"Node Type": "Sort", "Startup Cost": 726921.52, "Total Cost": 726930.74, "Plan Rows": 3688, "Plan Width": 84, "Actual Startup Time": 21343.395, "Actual Total Time": 21343.396, "Actual Rows": 4, "Actual Loops": 1, "Sort Key": ["n1.n_name", "n2.n_name", "(date_part('year'::text, lineitem.l_shipdate))"], "Sort Method": "quicksort", "Sort Space Used": 25, "Sort Space Type": "Memory", "Plans": [{"Node Type": "Aggregate", "Strategy": "Hashed", "Parent Relationship": "Outer", "Startup Cost": 726656.93, "Total Cost": 726703.03, "Plan Rows": 3688, "Plan Width": 84, "Actual Startup Time": 21343.347, "Actual Total Time": 21343.357, "Actual Rows": 4, "Actual Loops": 1, "Group By Key": ["n1.n_name", "n2.n_name", "date_part('year'::text, lineitem.l_shipdate)"], "Plans": [{"Node Type": "Merge Join", "Parent Relationship": "Outer", "Join Type": "Inner", "Startup Cost": 716715.31, "Total Cost": 726601.61, "Plan Rows": 3688, "Plan Width": 76, "Actual Startup Time": 20203.776, "Actual Total Time": 21284.282, "Actual Rows": 58554, "Actual Loops": 1, "Inner Unique": false, "Merge Cond": "(supplier.s_suppkey = lineitem.l_suppkey)", "Join Filter": "(n1.n_nationkey = supplier.s_nationkey)", "Rows Removed by Join Filter": 0, "Plans": [{"Node Type": "Index Scan", "Parent Relationship": "Outer", "Scan Direction": "Forward", "Index Name": "supplier_pkey", "Relation Name": "supplier", "Alias": "supplier", "Startup Cost": 0.0, "Total Cost": 5334.54, "Plan Rows": 100000, "Plan Width": 12, "Actual Startup Time": 0.023, "Actual Total Time": 73.04, "Actual Rows": 100000, "Actual Loops": 1}, {"Node Type": "Sort", "Parent Relationship": "Inner", "Startup Cost": 716714.94, "Total Cost": 718566.9, "Plan Rows": 740786, "Plan Width": 88, "Actual Startup Time": 20203.405, "Actual Total Time": 20640.711, "Actual Rows": 1459150, "Actual Loops": 1, "Sort Key": ["lineitem.l_suppkey"], "Sort Method": "quicksort", "Sort Space Used": 277145, "Sort Space Type": "Memory", "Plans": [{"Node Type": "Nested Loop", "Parent Relationship": "Outer", "Join Type": "Inner", "Startup Cost": 0.0, "Total Cost": 644493.13, "Plan Rows": 740786, "Plan Width": 88, "Actual Startup Time": 0.175, "Actual Total Time": 19465.424, "Actual Rows": 1459150, "Actual Loops": 1, "Inner Unique": false, "Plans": [{"Node Type": "Nested Loop", "Parent Relationship": "Outer", "Join Type": "Inner", "Startup Cost": 0.0, "Total Cost": 167755.5, "Plan Rows": 504972, "Plan Width": 64, "Actual Startup Time": 0.107, "Actual Total Time": 4161.442, "Actual Rows": 1200363, "Actual Loops": 1, "Inner Unique": false, "Plans": [{"Node Type": "Nested Loop", "Parent Relationship": "Outer", "Join Type": "Inner", "Startup Cost": 0.0, "Total Cost": 16632.98, "Plan Rows": 119904, "Plan Width": 64, "Actual Startup Time": 0.094, "Actual Total Time": 224.791, "Actual Rows": 119972, "Actual Loops": 1, "Inner Unique": false, "Plans": [{"Node Type": "Nested Loop", "Parent Relationship": "Outer", "Join Type": "Inner", "Startup Cost": 0.0, "Total Cost": 28.12, "Plan Rows": 2, "Plan Width": 60, "Actual Startup Time": 0.053, "Actual Total Time": 0.16, "Actual Rows": 2, "Actual Loops": 1, "Inner Unique": false, "Join Filter": "(((n1.n_name = 'JAPAN'::bpchar) AND (n2.n_name = 'INDIA'::bpchar)) OR ((n1.n_name = 'INDIA'::bpchar) AND (n2.n_name = 'JAPAN'::bpchar)))", "Rows Removed by Join Filter": 2, "Plans": [{"Node Type": "Index Scan", "Parent Relationship": "Outer", "Scan Direction": "Forward", "Index Name": "nation_pkey", "Relation Name": "nation", "Alias": "n1", "Startup Cost": 0.0, "Total Cost": 12.75, "Plan Rows": 25, "Plan Width": 30, "Actual Startup Time": 0.016, "Actual Total Time": 0.048, "Actual Rows": 2, "Actual Loops": 1, "Filter": "((n_name = 'JAPAN'::bpchar) OR (n_name = 'INDIA'::bpchar))", "Rows Removed by Filter": 23}, {"Node Type": "Materialize", "Parent Relationship": "Inner", "Startup Cost": 0.0, "Total Cost": 1.38, "Plan Rows": 25, "Plan Width": 30, "Actual Startup Time": 0.029, "Actual Total Time": 0.057, "Actual Rows": 4, "Actual Loops": 2, "Plans": [{"Node Type": "Seq Scan", "Parent Relationship": "Outer", "Relation Name": "nation", "Alias": "n2", "Startup Cost": 0.0, "Total Cost": 1.25, "Plan Rows": 25, "Plan Width": 30, "Actual Startup Time": 0.021, "Actual Total Time": 0.044, "Actual Rows": 2, "Actual Loops": 1, "Filter": "((n_name = 'INDIA'::bpchar) OR (n_name = 'JAPAN'::bpchar))", "Rows Removed by Filter": 23}]}]}, {"Node Type": "Index Scan", "Parent Relationship": "Inner", "Scan Direction": "Forward", "Index Name": "idx_customer_nationkey", "Relation Name": "customer", "Alias": "customer", "Startup Cost": 0.0, "Total Cost": 7702.43, "Plan Rows": 60000, "Plan Width": 12, "Actual Startup Time": 0.059, "Actual Total Time": 191.417, "Actual Rows": 119972, "Actual Loops": 2, "Index Cond": "(c_nationkey = n2.n_nationkey)", "Rows Removed by Index Recheck": 0}]}, {"Node Type": "Index Scan", "Parent Relationship": "Inner", "Scan Direction": "Forward", "Index Name": "idx_orders_custkey", "Relation Name": "orders", "Alias": "orders", "Startup Cost": 0.0, "Total Cost": 1.22, "Plan Rows": 4, "Plan Width": 16, "Actual Startup Time": 750.454, "Actual Total Time": 3577.918, "Actual Rows": 1200363, "Actual Loops": 119972, "Index Cond": "(o_custkey = customer.c_custkey)", "Rows Removed by Index Recheck": 0}]}, {"Node Type": "Index Scan", "Parent Relationship": "Inner", "Scan Direction": "Forward", "Index Name": "idx_lineitem_orderkey", "Relation Name": "lineitem", "Alias": "lineitem", "Startup Cost": 0.0, "Total Cost": 0.91, "Plan Rows": 3, "Plan Width": 40, "Actual Startup Time": 13148.569, "Actual Total Time": 14323.412, "Actual Rows": 1459150, "Actual Loops": 1200363, "Index Cond": "(l_orderkey = orders.o_orderkey)", "Rows Removed by Index Recheck": 0, "Filter": "((l_shipdate >= '1995-01-01 00:00:00'::timestamp(0) without time zone) AND (l_shipdate <= '1996-12-31 00:00:00'::timestamp(0) without time zone))", "Rows Removed by Filter": 3342563}]}]}]}]}]}, "Triggers": [], "Planner Runtime": 5, "Total Runtime": 21343.658, "Unique SQL Id": 2208782157}}, "(16, 29)": {"explain_plan": {"Plan": {"Node Type": "Sort", "Startup Cost": 726933.02, "Total Cost": 726942.24, "Plan Rows": 3688, "Plan Width": 84, "Sort Key": ["n1.n_name", "n2.n_name", "(date_part('year'::text, lineitem.l_shipdate))"], "Plans": [{"Node Type": "Aggregate", "Strategy": "Hashed", "Parent Relationship": "Outer", "Startup Cost": 726668.43, "Total Cost": 726714.53, "Plan Rows": 3688, "Plan Width": 84, "Group By Key": ["n1.n_name", "n2.n_name", "date_part('year'::text, lineitem.l_shipdate)"], "Plans": [{"Node Type": "Merge Join", "Parent Relationship": "Outer", "Join Type": "Inner", "Startup Cost": 716726.81, "Total Cost": 726613.11, "Plan Rows": 3688, "Plan Width": 76, "Inner Unique": false, "Merge Cond": "(supplier.s_suppkey = lineitem.l_suppkey)", "Join Filter": "(n1.n_nationkey = supplier.s_nationkey)", "Plans": [{"Node Type": "Index Scan", "Parent Relationship": "Outer", "Scan Direction": "Forward", "Index Name": "supplier_pkey", "Relation Name": "supplier", "Alias": "supplier", "Startup Cost": 0.0, "Total Cost": 5334.54, "Plan Rows": 100000, "Plan Width": 12}, {"Node Type": "Sort", "Parent Relationship": "Inner", "Startup Cost": 716726.44, "Total Cost": 718578.4, "Plan Rows": 740786, "Plan Width": 88, "Sort Key": ["lineitem.l_suppkey"], "Plans": [{"Node Type": "Nested Loop", "Parent Relationship": "Outer", "Join Type": "Inner", "Startup Cost": 0.0, "Total Cost": 644504.63, "Plan Rows": 740786, "Plan Width": 88, "Inner Unique": false, "Plans": [{"Node Type": "Nested Loop", "Parent Relationship": "Outer", "Join Type": "Inner", "Startup Cost": 0.0, "Total Cost": 167767.0, "Plan Rows": 504972, "Plan Width": 64, "Inner Unique": false, "Plans": [{"Node Type": "Nested Loop", "Parent Relationship": "Outer", "Join Type": "Inner", "Startup Cost": 0.0, "Total Cost": 16644.48, "Plan Rows": 119904, "Plan Width": 64, "Inner Unique": false, "Plans": [{"Node Type": "Nested Loop", "Parent Relationship": "Outer", "Join Type": "Inner", "Startup Cost": 0.0, "Total Cost": 39.62, "Plan Rows": 2, "Plan Width": 60, "Inner Unique": false, "Join Filter": "(((n1.n_name = 'JAPAN'::bpchar) AND (n2.n_name = 'INDIA'::bpchar)) OR ((n1.n_name = 'INDIA'::bpchar) AND (n2.n_name = 'JAPAN'::bpchar)))", "Plans": [{"Node Type": "Index Scan", "Parent Relationship": "Outer", "Scan Direction": "Forward", "Index Name": "nation_pkey", "Relation Name": "nation", "Alias": "n1", "Startup Cost": 0.0, "Total Cost": 12.75, "Plan Rows": 25, "Plan Width": 30, "Filter": "((n_name = 'JAPAN'::bpchar) OR (n_name = 'INDIA'::bpchar))"}, {"Node Type": "Materialize", "Parent Relationship": "Inner", "Startup Cost": 0.0, "Total Cost": 12.88, "Plan Rows": 25, "Plan Width": 30, "Plans": [{"Node Type": "Index Scan", "Parent Relationship": "Outer", "Scan Direction": "Forward", "Index Name": "nation_pkey", "Relation Name": "nation", "Alias": "n2", "Startup Cost": 0.0, "Total Cost": 12.75, "Plan Rows": 25, "Plan Width": 30, "Filter": "((n_name = 'INDIA'::bpchar) OR (n_name = 'JAPAN'::bpchar))"}]}]}, {"Node Type": "Index Scan", "Parent Relationship": "Inner", "Scan Direction": "Forward", "Index Name": "idx_customer_nationkey", "Relation Name": "customer", "Alias": "customer", "Startup Cost": 0.0, "Total Cost": 7702.43, "Plan Rows": 60000, "Plan Width": 12, "Index Cond": "(c_nationkey = n2.n_nationkey)"}]}, {"Node Type": "Index Scan", "Parent Relationship": "Inner", "Scan Direction": "Forward", "Index Name": "idx_orders_custkey", "Relation Name": "orders", "Alias": "orders", "Startup Cost": 0.0, "Total Cost": 1.22, "Plan Rows": 4, "Plan Width": 16, "Index Cond": "(o_custkey = customer.c_custkey)"}]}, {"Node Type": "Index Scan", "Parent Relationship": "Inner", "Scan Direction": "Forward", "Index Name": "idx_lineitem_orderkey", "Relation Name": "lineitem", "Alias": "lineitem", "Startup Cost": 0.0, "Total Cost": 0.91, "Plan Rows": 3, "Plan Width": 40, "Index Cond": "(l_orderkey = orders.o_orderkey)", "Filter": "((l_shipdate >= '1995-01-01 00:00:00'::timestamp(0) without time zone) AND (l_shipdate <= '1996-12-31 00:00:00'::timestamp(0) without time zone))"}]}]}]}]}]}, "Unique SQL Id": 2208782157, "Planner Runtime": 4}, "explain_analyze_plan": {"Plan": {"Node Type": "Sort", "Startup Cost": 726933.02, "Total Cost": 726942.24, "Plan Rows": 3688, "Plan Width": 84, "Actual Startup Time": 21219.945, "Actual Total Time": 21219.945, "Actual Rows": 4, "Actual Loops": 1, "Sort Key": ["n1.n_name", "n2.n_name", "(date_part('year'::text, lineitem.l_shipdate))"], "Sort Method": "quicksort", "Sort Space Used": 25, "Sort Space Type": "Memory", "Plans": [{"Node Type": "Aggregate", "Strategy": "Hashed", "Parent Relationship": "Outer", "Startup Cost": 726668.43, "Total Cost": 726714.53, "Plan Rows": 3688, "Plan Width": 84, "Actual Startup Time": 21219.891, "Actual Total Time": 21219.898, "Actual Rows": 4, "Actual Loops": 1, "Group By Key": ["n1.n_name", "n2.n_name", "date_part('year'::text, lineitem.l_shipdate)"], "Plans": [{"Node Type": "Merge Join", "Parent Relationship": "Outer", "Join Type": "Inner", "Startup Cost": 716726.81, "Total Cost": 726613.11, "Plan Rows": 3688, "Plan Width": 76, "Actual Startup Time": 20088.973, "Actual Total Time": 21160.09, "Actual Rows": 58554, "Actual Loops": 1, "Inner Unique": false, "Merge Cond": "(supplier.s_suppkey = lineitem.l_suppkey)", "Join Filter": "(n1.n_nationkey = supplier.s_nationkey)", "Rows Removed by Join Filter": 0, "Plans": [{"Node Type": "Index Scan", "Parent Relationship": "Outer", "Scan Direction": "Forward", "Index Name": "supplier_pkey", "Relation Name": "supplier", "Alias": "supplier", "Startup Cost": 0.0, "Total Cost": 5334.54, "Plan Rows": 100000, "Plan Width": 12, "Actual Startup Time": 0.023, "Actual Total Time": 70.72, "Actual Rows": 100000, "Actual Loops": 1}, {"Node Type": "Sort", "Parent Relationship": "Inner", "Startup Cost": 716726.44, "Total Cost": 718578.4, "Plan Rows": 740786, "Plan Width": 88, "Actual Startup Time": 20088.632, "Actual Total Time": 20518.97, "Actual Rows": 1459150, "Actual Loops": 1, "Sort Key": ["lineitem.l_suppkey"], "Sort Method": "quicksort", "Sort Space Used": 277145, "Sort Space Type": "Memory", "Plans": [{"Node Type": "Nested Loop", "Parent Relationship": "Outer", "Join Type": "Inner", "Startup Cost": 0.0, "Total Cost": 644504.63, "Plan Rows": 740786, "Plan Width": 88, "Actual Startup Time": 0.16, "Actual Total Time": 19352.621, "Actual Rows": 1459150, "Actual Loops": 1, "Inner Unique": false, "Plans": [{"Node Type": "Nested Loop", "Parent Relationship": "Outer", "Join Type": "Inner", "Startup Cost": 0.0, "Total Cost": 167767.0, "Plan Rows": 504972, "Plan Width": 64, "Actual Startup Time": 0.094, "Actual Total Time": 4093.376, "Actual Rows": 1200363, "Actual Loops": 1, "Inner Unique": false, "Plans": [{"Node Type": "Nested Loop", "Parent Relationship": "Outer", "Join Type": "Inner", "Startup Cost": 0.0, "Total Cost": 16644.48, "Plan Rows": 119904, "Plan Width": 64, "Actual Startup Time": 0.082, "Actual Total Time": 217.671, "Actual Rows": 119972, "Actual Loops": 1, "Inner Unique": false, "Plans": [{"Node Type": "Nested Loop", "Parent Relationship": "Outer", "Join Type": "Inner", "Startup Cost": 0.0, "Total Cost": 39.62, "Plan Rows": 2, "Plan Width": 60, "Actual Startup Time": 0.041, "Actual Total Time": 0.147, "Actual Rows": 2, "Actual Loops": 1, "Inner Unique": false, "Join Filter": "(((n1.n_name = 'JAPAN'::bpchar) AND (n2.n_name = 'INDIA'::bpchar)) OR ((n1.n_name = 'INDIA'::bpchar) AND (n2.n_name = 'JAPAN'::bpchar)))", "Rows Removed by Join Filter": 2, "Plans": [{"Node Type": "Index Scan", "Parent Relationship": "Outer", "Scan Direction": "Forward", "Index Name": "nation_pkey", "Relation Name": "nation", "Alias": "n1", "Startup Cost": 0.0, "Total Cost": 12.75, "Plan Rows": 25, "Plan Width": 30, "Actual Startup Time": 0.017, "Actual Total Time": 0.045, "Actual Rows": 2, "Actual Loops": 1, "Filter": "((n_name = 'JAPAN'::bpchar) OR (n_name = 'INDIA'::bpchar))", "Rows Removed by Filter": 23}, {"Node Type": "Materialize", "Parent Relationship": "Inner", "Startup Cost": 0.0, "Total Cost": 12.88, "Plan Rows": 25, "Plan Width": 30, "Actual Startup Time": 0.015, "Actual Total Time": 0.04, "Actual Rows": 4, "Actual Loops": 2, "Plans": [{"Node Type": "Index Scan", "Parent Relationship": "Outer", "Scan Direction": "Forward", "Index Name": "nation_pkey", "Relation Name": "nation", "Alias": "n2", "Startup Cost": 0.0, "Total Cost": 12.75, "Plan Rows": 25, "Plan Width": 30, "Actual Startup Time": 0.011, "Actual Total Time": 0.033, "Actual Rows": 2, "Actual Loops": 1, "Filter": "((n_name = 'INDIA'::bpchar) OR (n_name = 'JAPAN'::bpchar))", "Rows Removed by Filter": 23}]}]}, {"Node Type": "Index Scan", "Parent Relationship": "Inner", "Scan Direction": "Forward", "Index Name": "idx_customer_nationkey", "Relation Name": "customer", "Alias": "customer", "Startup Cost": 0.0, "Total Cost": 7702.43, "Plan Rows": 60000, "Plan Width": 12, "Actual Startup Time": 0.062, "Actual Total Time": 185.454, "Actual Rows": 119972, "Actual Loops": 2, "Index Cond": "(c_nationkey = n2.n_nationkey)", "Rows Removed by Index Recheck": 0}]}, {"Node Type": "Index Scan", "Parent Relationship": "Inner", "Scan Direction": "Forward", "Index Name": "idx_orders_custkey", "Relation Name": "orders", "Alias": "orders", "Startup Cost": 0.0, "Total Cost": 1.22, "Plan Rows": 4, "Plan Width": 16, "Actual Startup Time": 747.359, "Actual Total Time": 3518.401, "Actual Rows": 1200363, "Actual Loops": 119972, "Index Cond": "(o_custkey = customer.c_custkey)", "Rows Removed by Index Recheck": 0}]}, {"Node Type": "Index Scan", "Parent Relationship": "Inner", "Scan Direction": "Forward", "Index Name": "idx_lineitem_orderkey", "Relation Name": "lineitem", "Alias": "lineitem", "Startup Cost": 0.0, "Total Cost": 0.91, "Plan Rows": 3, "Plan Width": 40, "Actual Startup Time": 13097.583, "Actual Total Time": 14275.84, "Actual Rows": 1459150, "Actual Loops": 1200363, "Index Cond": "(l_orderkey = orders.o_orderkey)", "Rows Removed by Index Recheck": 0, "Filter": "((l_shipdate >= '1995-01-01 00:00:00'::timestamp(0) without time zone) AND (l_shipdate <= '1996-12-31 00:00:00'::timestamp(0) without time zone))", "Rows Removed by Filter": 3342563}]}]}]}]}]}, "Triggers": [], "Planner Runtime": 4, "Total Runtime": 21220.223, "Unique SQL Id": 2208782157}}, "(16, 30)": {"explain_plan": {"Plan": {"Node Type": "Sort", "Startup Cost": 7122675.58, "Total Cost": 7122684.8, "Plan Rows": 3688, "Plan Width": 84, "Sort Key": ["n1.n_name", "n2.n_name", "(date_part('year'::text, lineitem.l_shipdate))"], "Plans": [{"Node Type": "Aggregate", "Strategy": "Hashed", "Parent Relationship": "Outer", "Startup Cost": 7122411.0, "Total Cost": 7122457.1, "Plan Rows": 3688, "Plan Width": 84, "Group By Key": ["n1.n_name", "n2.n_name", "date_part('year'::text, lineitem.l_shipdate)"], "Plans": [{"Node Type": "Merge Join", "Parent Relationship": "Outer", "Join Type": "Inner", "Startup Cost": 7110368.35, "Total Cost": 7122355.68, "Plan Rows": 3688, "Plan Width": 76, "Inner Unique": true, "Merge Cond": "((orders.o_custkey = customer.c_custkey) AND (n2.n_nationkey = customer.c_nationkey))", "Plans": [{"Node Type": "Sort", "Parent Relationship": "Outer", "Startup Cost": 6904368.06, "Total Cost": 6904598.58, "Plan Rows": 92207, "Plan Width": 88, "Sort Key": ["orders.o_custkey", "n2.n_nationkey"], "Plans": [{"Node Type": "Merge Join", "Parent Relationship": "Outer", "Join Type": "Inner", "Startup Cost": 6820386.67, "Total Cost": 6896764.4, "Plan Rows": 92207, "Plan Width": 88, "Inner Unique": true, "Merge Cond": "(lineitem.l_orderkey = orders.o_orderkey)", "Plans": [{"Node Type": "Sort", "Parent Relationship": "Outer", "Startup Cost": 4606151.54, "Total Cost": 4606382.06, "Plan Rows": 92207, "Plan Width": 88, "Sort Key": ["lineitem.l_orderkey"], "Plans": [{"Node Type": "Merge Join", "Parent Relationship": "Outer", "Join Type": "Inner", "Startup Cost": 4506978.84, "Total Cost": 4598547.88, "Plan Rows": 92207, "Plan Width": 88, "Inner Unique": false, "Merge Cond": "(supplier.s_suppkey = lineitem.l_suppkey)", "Plans": [{"Node Type": "Sort", "Parent Relationship": "Outer", "Startup Cost": 6817.83, "Total Cost": 6837.81, "Plan Rows": 7994, "Plan Width": 64, "Sort Key": ["supplier.s_suppkey"], "Plans": [{"Node Type": "Nested Loop", "Parent Relationship": "Outer", "Join Type": "Inner", "Startup Cost": 0.0, "Total Cost": 6299.63, "Plan Rows": 7994, "Plan Width": 64, "Inner Unique": false, "Join Filter": "(n1.n_nationkey = supplier.s_nationkey)", "Plans": [{"Node Type": "Seq Scan", "Parent Relationship": "Outer", "Relation Name": "supplier", "Alias": "supplier", "Startup Cost": 0.0, "Total Cost": 3283.0, "Plan Rows": 100000, "Plan Width": 12}, {"Node Type": "Materialize", "Parent Relationship": "Inner", "Startup Cost": 0.0, "Total Cost": 16.64, "Plan Rows": 2, "Plan Width": 60, "Plans": [{"Node Type": "Nested Loop", "Parent Relationship": "Outer", "Join Type": "Inner", "Startup Cost": 0.0, "Total Cost": 16.62, "Plan Rows": 2, "Plan Width": 60, "Inner Unique": false, "Join Filter": "(((n1.n_name = 'JAPAN'::bpchar) AND (n2.n_name = 'INDIA'::bpchar)) OR ((n1.n_name = 'INDIA'::bpchar) AND (n2.n_name = 'JAPAN'::bpchar)))", "Plans": [{"Node Type": "Seq Scan", "Parent Relationship": "Outer", "Relation Name": "nation", "Alias": "n1", "Startup Cost": 0.0, "Total Cost": 1.25, "Plan Rows": 25, "Plan Width": 30, "Filter": "((n_name = 'JAPAN'::bpchar) OR (n_name = 'INDIA'::bpchar))"}, {"Node Type": "Materialize", "Parent Relationship": "Inner", "Startup Cost": 0.0, "Total Cost": 1.38, "Plan Rows": 25, "Plan Width": 30, "Plans": [{"Node Type": "Seq Scan", "Parent Relationship": "Outer", "Relation Name": "nation", "Alias": "n2", "Startup Cost": 0.0, "Total Cost": 1.25, "Plan Rows": 25, "Plan Width": 30, "Filter": "((n_name = 'INDIA'::bpchar) OR (n_name = 'JAPAN'::bpchar))"}]}]}]}]}]}, {"Node Type": "Sort", "Parent Relationship": "Inner", "Startup Cost": 4500152.01, "Total Cost": 4545464.49, "Plan Rows": 18124991, "Plan Width": 40, "Sort Key": ["lineitem.l_suppkey"], "Plans": [{"Node Type": "Seq Scan", "Parent Relationship": "Outer", "Relation Name": "lineitem", "Alias": "lineitem", "Startup Cost": 44.6, "Total Cost": 2315050.5, "Plan Rows": 18124991, "Plan Width": 40, "Filter": "((l_shipdate >= '1995-01-01 00:00:00'::timestamp(0) without time zone) AND (l_shipdate <= '1996-12-31 00:00:00'::timestamp(0) without time zone)), (LLVM Optimized)"}]}]}]}, {"Node Type": "Sort", "Parent Relationship": "Inner", "Startup Cost": 2214232.37, "Total Cost": 2251731.07, "Plan Rows": 14999479, "Plan Width": 16, "Sort Key": ["orders.o_orderkey"], "Plans": [{"Node Type": "Seq Scan", "Parent Relationship": "Outer", "Relation Name": "orders", "Alias": "orders", "Startup Cost": 0.0, "Total Cost": 426413.79, "Plan Rows": 14999479, "Plan Width": 16}]}]}]}, {"Node Type": "Sort", "Parent Relationship": "Inner", "Startup Cost": 205999.98, "Total Cost": 209749.98, "Plan Rows": 1500000, "Plan Width": 12, "Sort Key": ["customer.c_custkey", "customer.c_nationkey"], "Plans": [{"Node Type": "Seq Scan", "Parent Relationship": "Outer", "Relation Name": "customer", "Alias": "customer", "Startup Cost": 0.0, "Total Cost": 52126.0, "Plan Rows": 1500000, "Plan Width": 12}]}]}]}]}, "Unique SQL Id": 2208782157, "Planner Runtime": 4}, "explain_analyze_plan": null}, "(16, 31)": {"explain_plan": {"Plan": {"Node Type": "Sort", "Startup Cost": 6023462968943.18, "Total Cost": 6023462968952.4, "Plan Rows": 3688, "Plan Width": 84, "Sort Key": ["n1.n_name", "n2.n_name", "(date_part('year'::text, lineitem.l_shipdate))"], "Plans": [{"Node Type": "Aggregate", "Strategy": "Hashed", "Parent Relationship": "Outer", "Startup Cost": 6023462968678.6, "Total Cost": 6023462968724.7, "Plan Rows": 3688, "Plan Width": 84, "Group By Key": ["n1.n_name", "n2.n_name", "date_part('year'::text, lineitem.l_shipdate)"], "Plans": [{"Node Type": "Merge Join", "Parent Relationship": "Outer", "Join Type": "Inner", "Startup Cost": 60000000000.0, "Total Cost": 6023462968623.28, "Plan Rows": 3688, "Plan Width": 76, "Inner Unique": true, "Merge Cond": "(n2.n_nationkey = customer.c_nationkey)", "Join Filter": "(orders.o_custkey = customer.c_custkey)", "Plans": [{"Node Type": "Nested Loop", "Parent Relationship": "Outer", "Join Type": "Inner", "Startup Cost": 50000000000.0, "Total Cost": 5023346950887.28, "Plan Rows": 92207, "Plan Width": 88, "Inner Unique": true, "Join Filter": "(lineitem.l_orderkey = orders.o_orderkey)", "Plans": [{"Node Type": "Nested Loop", "Parent Relationship": "Outer", "Join Type": "Inner", "Startup Cost": 40000000000.0, "Total Cost": 4002527961142.79, "Plan Rows": 92207, "Plan Width": 88, "Inner Unique": false, "Join Filter": "(supplier.s_suppkey = lineitem.l_suppkey)", "Plans": [{"Node Type": "Nested Loop", "Parent Relationship": "Outer", "Join Type": "Inner", "Startup Cost": 30000000000.0, "Total Cost": 3000000539268.5, "Plan Rows": 7994, "Plan Width": 64, "Inner Unique": false, "Join Filter": "(n1.n_nationkey = supplier.s_nationkey)", "Plans": [{"Node Type": "Nested Loop", "Parent Relationship": "Outer", "Join Type": "Inner", "Startup Cost": 20000000000.0, "Total Cost": 2000000002564.12, "Plan Rows": 2, "Plan Width": 60, "Inner Unique": false, "Join Filter": "(((n1.n_name = 'JAPAN'::bpchar) AND (n2.n_name = 'INDIA'::bpchar)) OR ((n1.n_name = 'INDIA'::bpchar) AND (n2.n_name = 'JAPAN'::bpchar)))", "Plans": [{"Node Type": "Index Scan", "Parent Relationship": "Outer", "Scan Direction": "Forward", "Index Name": "nation_pkey", "Relation Name": "nation", "Alias": "n2", "Startup Cost": 10000000000.0, "Total Cost": 1000000001275.0, "Plan Rows": 25, "Plan Width": 30, "Filter": "((n_name = 'INDIA'::bpchar) OR (n_name = 'JAPAN'::bpchar))"}, {"Node Type": "Materialize", "Parent Relationship": "Inner", "Startup Cost": 10000000000.0, "Total Cost": 1000000001275.12, "Plan Rows": 25, "Plan Width": 30, "Plans": [{"Node Type": "Index Scan", "Parent Relationship": "Outer", "Scan Direction": "Forward", "Index Name": "nation_pkey", "Relation Name": "nation", "Alias": "n1", "Startup Cost": 10000000000.0, "Total Cost": 1000000001275.0, "Plan Rows": 25, "Plan Width": 30, "Filter": "((n_name = 'JAPAN'::bpchar) OR (n_name = 'INDIA'::bpchar))"}]}]}, {"Node Type": "Materialize", "Parent Relationship": "Inner", "Startup Cost": 10000000000.0, "Total Cost": 1000000533954.38, "Plan Rows": 100000, "Plan Width": 12, "Plans": [{"Node Type": "Index Scan", "Parent Relationship": "Outer", "Scan Direction": "Forward", "Index Name": "supplier_pkey", "Relation Name": "supplier", "Alias": "supplier", "Startup Cost": 10000000000.0, "Total Cost": 1000000533454.38, "Plan Rows": 100000, "Plan Width": 12}]}]}, {"Node Type": "Materialize", "Parent Relationship": "Inner", "Startup Cost": 10000000000.0, "Total Cost": 1000354099515.95, "Plan Rows": 18124991, "Plan Width": 40, "Plans": [{"Node Type": "Index Scan", "Parent Relationship": "Outer", "Scan Direction": "Forward", "Index Name": "idx_lineitem_orderkey", "Relation Name": "lineitem", "Alias": "lineitem", "Startup Cost": 10000000000.0, "Total Cost": 1000354008891.0, "Plan Rows": 18124991, "Plan Width": 40, "Filter": "((l_shipdate >= '1995-01-01 00:00:00'::timestamp(0) without time zone) AND (l_shipdate <= '1996-12-31 00:00:00'::timestamp(0) without time zone)), (LLVM Optimized)"}]}]}, {"Node Type": "Materialize", "Parent Relationship": "Inner", "Startup Cost": 10000000000.0, "Total Cost": 1000073172840.9, "Plan Rows": 14999479, "Plan Width": 16, "Plans": [{"Node Type": "Index Scan", "Parent Relationship": "Outer", "Scan Direction": "Forward", "Index Name": "orders_pkey", "Relation Name": "orders", "Alias": "orders", "Startup Cost": 10000000000.0, "Total Cost": 1000073097843.5, "Plan Rows": 14999479, "Plan Width": 16}]}]}, {"Node Type": "Materialize", "Parent Relationship": "Inner", "Startup Cost": 10000000000.0, "Total Cost": 1000019203896.25, "Plan Rows": 1500000, "Plan Width": 12, "Plans": [{"Node Type": "Index Scan", "Parent Relationship": "Outer", "Scan Direction": "Forward", "Index Name": "idx_customer_nationkey", "Relation Name": "customer", "Alias": "customer", "Startup Cost": 10000000000.0, "Total Cost": 1000019200146.25, "Plan Rows": 1500000, "Plan Width": 12}]}]}]}]}, "Unique SQL Id": 2208782157, "Planner Runtime": 5}, "explain_analyze_plan": null}, "(16, 32)": {"explain_plan": {"Plan": {"Node Type": "Sort", "Startup Cost": 653440.12, "Total Cost": 653449.34, "Plan Rows": 3688, "Plan Width": 84, "Sort Key": ["n1.n_name", "n2.n_name", "(date_part('year'::text, lineitem.l_shipdate))"], "Plans": [{"Node Type": "Aggregate", "Strategy": "Hashed", "Parent Relationship": "Outer", "Startup Cost": 653175.54, "Total Cost": 653221.64, "Plan Rows": 3688, "Plan Width": 84, "Group By Key": ["n1.n_name", "n2.n_name", "date_part('year'::text, lineitem.l_shipdate)"], "Plans": [{"Node Type": "Hash Join", "Parent Relationship": "Outer", "Join Type": "Inner", "Startup Cost": 5813.37, "Total Cost": 653120.22, "Plan Rows": 3688, "Plan Width": 76, "Inner Unique": true, "Hash Cond": "((lineitem.l_suppkey = supplier.s_suppkey) AND (n1.n_nationkey = supplier.s_nationkey))", "Plans": [{"Node Type": "Nested Loop", "Parent Relationship": "Outer", "Join Type": "Inner", "Startup Cost": 1030.37, "Total Cost": 642753.24, "Plan Rows": 740786, "Plan Width": 88, "Inner Unique": false, "Plans": [{"Node Type": "Nested Loop", "Parent Relationship": "Outer", "Join Type": "Inner", "Startup Cost": 1030.37, "Total Cost": 166015.61, "Plan Rows": 504972, "Plan Width": 64, "Inner Unique": false, "Plans": [{"Node Type": "Nested Loop", "Parent Relationship": "Outer", "Join Type": "Inner", "Startup Cost": 1030.37, "Total Cost": 14893.09, "Plan Rows": 119904, "Plan Width": 64, "Inner Unique": false, "Plans": [{"Node Type": "Nested Loop", "Parent Relationship": "Outer", "Join Type": "Inner", "Startup Cost": 0.0, "Total Cost": 28.12, "Plan Rows": 2, "Plan Width": 60, "Inner Unique": false, "Join Filter": "(((n1.n_name = 'JAPAN'::bpchar) AND (n2.n_name = 'INDIA'::bpchar)) OR ((n1.n_name = 'INDIA'::bpchar) AND (n2.n_name = 'JAPAN'::bpchar)))", "Plans": [{"Node Type": "Index Scan", "Parent Relationship": "Outer", "Scan Direction": "Forward", "Index Name": "nation_pkey", "Relation Name": "nation", "Alias": "n1", "Startup Cost": 0.0, "Total Cost": 12.75, "Plan Rows": 25, "Plan Width": 30, "Filter": "((n_name = 'JAPAN'::bpchar) OR (n_name = 'INDIA'::bpchar))"}, {"Node Type": "Materialize", "Parent Relationship": "Inner", "Startup Cost": 0.0, "Total Cost": 1.38, "Plan Rows": 25, "Plan Width": 30, "Plans": [{"Node Type": "Seq Scan", "Parent Relationship": "Outer", "Relation Name": "nation", "Alias": "n2", "Startup Cost": 0.0, "Total Cost": 1.25, "Plan Rows": 25, "Plan Width": 30, "Filter": "((n_name = 'INDIA'::bpchar) OR (n_name = 'JAPAN'::bpchar))"}]}]}, {"Node Type": "Bitmap Heap Scan", "Parent Relationship": "Inner", "Relation Name": "customer", "Alias": "customer", "Startup Cost": 1030.37, "Total Cost": 6832.48, "Plan Rows": 60000, "Plan Width": 12, "Recheck Cond": "(c_nationkey = n2.n_nationkey)", "Plans": [{"Node Type": "Bitmap Index Scan", "Parent Relationship": "Outer", "Index Name": "idx_customer_nationkey", "Startup Cost": 0.0, "Total Cost": 1015.37, "Plan Rows": 60000, "Plan Width": 0, "Index Cond": "(c_nationkey = n2.n_nationkey)"}]}]}, {"Node Type": "Index Scan", "Parent Relationship": "Inner", "Scan Direction": "Forward", "Index Name": "idx_orders_custkey", "Relation Name": "orders", "Alias": "orders", "Startup Cost": 0.0, "Total Cost": 1.22, "Plan Rows": 4, "Plan Width": 16, "Index Cond": "(o_custkey = customer.c_custkey)"}]}, {"Node Type": "Index Scan", "Parent Relationship": "Inner", "Scan Direction": "Forward", "Index Name": "idx_lineitem_orderkey", "Relation Name": "lineitem", "Alias": "lineitem", "Startup Cost": 0.0, "Total Cost": 0.91, "Plan Rows": 3, "Plan Width": 40, "Index Cond": "(l_orderkey = orders.o_orderkey)", "Filter": "((l_shipdate >= '1995-01-01 00:00:00'::timestamp(0) without time zone) AND (l_shipdate <= '1996-12-31 00:00:00'::timestamp(0) without time zone))"}]}, {"Node Type": "Hash", "Parent Relationship": "Inner", "Startup Cost": 3283.0, "Total Cost": 3283.0, "Plan Rows": 100000, "Plan Width": 12, "Plans": [{"Node Type": "Seq Scan", "Parent Relationship": "Outer", "Relation Name": "supplier", "Alias": "supplier", "Startup Cost": 0.0, "Total Cost": 3283.0, "Plan Rows": 100000, "Plan Width": 12}]}]}]}]}, "Unique SQL Id": 2208782157, "Planner Runtime": 3}, "explain_analyze_plan": {"Plan": {"Node Type": "Sort", "Startup Cost": 653440.12, "Total Cost": 653449.34, "Plan Rows": 3688, "Plan Width": 84, "Actual Startup Time": 20103.797, "Actual Total Time": 20103.798, "Actual Rows": 4, "Actual Loops": 1, "Sort Key": ["n1.n_name", "n2.n_name", "(date_part('year'::text, lineitem.l_shipdate))"], "Sort Method": "quicksort", "Sort Space Used": 25, "Sort Space Type": "Memory", "Plans": [{"Node Type": "Aggregate", "Strategy": "Hashed", "Parent Relationship": "Outer", "Startup Cost": 653175.54, "Total Cost": 653221.64, "Plan Rows": 3688, "Plan Width": 84, "Actual Startup Time": 20103.746, "Actual Total Time": 20103.751, "Actual Rows": 4, "Actual Loops": 1, "Group By Key": ["n1.n_name", "n2.n_name", "date_part('year'::text, lineitem.l_shipdate)"], "Plans": [{"Node Type": "Hash Join", "Parent Relationship": "Outer", "Join Type": "Inner", "Startup Cost": 5813.37, "Total Cost": 653120.22, "Plan Rows": 3688, "Plan Width": 76, "Actual Startup Time": 85.042, "Actual Total Time": 19996.393, "Actual Rows": 58554, "Actual Loops": 1, "Inner Unique": true, "Hash Cond": "((lineitem.l_suppkey = supplier.s_suppkey) AND (n1.n_nationkey = supplier.s_nationkey))", "Plans": [{"Node Type": "Nested Loop", "Parent Relationship": "Outer", "Join Type": "Inner", "Startup Cost": 1030.37, "Total Cost": 642753.24, "Plan Rows": 740786, "Plan Width": 88, "Actual Startup Time": 17.925, "Actual Total Time": 19160.504, "Actual Rows": 1459150, "Actual Loops": 1, "Inner Unique": false, "Plans": [{"Node Type": "Nested Loop", "Parent Relationship": "Outer", "Join Type": "Inner", "Startup Cost": 1030.37, "Total Cost": 166015.61, "Plan Rows": 504972, "Plan Width": 64, "Actual Startup Time": 17.854, "Actual Total Time": 4038.633, "Actual Rows": 1200363, "Actual Loops": 1, "Inner Unique": false, "Plans": [{"Node Type": "Nested Loop", "Parent Relationship": "Outer", "Join Type": "Inner", "Startup Cost": 1030.37, "Total Cost": 14893.09, "Plan Rows": 119904, "Plan Width": 64, "Actual Startup Time": 17.831, "Actual Total Time": 288.377, "Actual Rows": 119972, "Actual Loops": 1, "Inner Unique": false, "Plans": [{"Node Type": "Nested Loop", "Parent Relationship": "Outer", "Join Type": "Inner", "Startup Cost": 0.0, "Total Cost": 28.12, "Plan Rows": 2, "Plan Width": 60, "Actual Startup Time": 0.065, "Actual Total Time": 0.193, "Actual Rows": 2, "Actual Loops": 1, "Inner Unique": false, "Join Filter": "(((n1.n_name = 'JAPAN'::bpchar) AND (n2.n_name = 'INDIA'::bpchar)) OR ((n1.n_name = 'INDIA'::bpchar) AND (n2.n_name = 'JAPAN'::bpchar)))", "Rows Removed by Join Filter": 2, "Plans": [{"Node Type": "Index Scan", "Parent Relationship": "Outer", "Scan Direction": "Forward", "Index Name": "nation_pkey", "Relation Name": "nation", "Alias": "n1", "Startup Cost": 0.0, "Total Cost": 12.75, "Plan Rows": 25, "Plan Width": 30, "Actual Startup Time": 0.027, "Actual Total Time": 0.056, "Actual Rows": 2, "Actual Loops": 1, "Filter": "((n_name = 'JAPAN'::bpchar) OR (n_name = 'INDIA'::bpchar))", "Rows Removed by Filter": 23}, {"Node Type": "Materialize", "Parent Relationship": "Inner", "Startup Cost": 0.0, "Total Cost": 1.38, "Plan Rows": 25, "Plan Width": 30, "Actual Startup Time": 0.029, "Actual Total Time": 0.076, "Actual Rows": 4, "Actual Loops": 2, "Plans": [{"Node Type": "Seq Scan", "Parent Relationship": "Outer", "Relation Name": "nation", "Alias": "n2", "Startup Cost": 0.0, "Total Cost": 1.25, "Plan Rows": 25, "Plan Width": 30, "Actual Startup Time": 0.019, "Actual Total Time": 0.04, "Actual Rows": 2, "Actual Loops": 1, "Filter": "((n_name = 'INDIA'::bpchar) OR (n_name = 'JAPAN'::bpchar))", "Rows Removed by Filter": 23}]}]}, {"Node Type": "Bitmap Heap Scan", "Parent Relationship": "Inner", "Relation Name": "customer", "Alias": "customer", "Startup Cost": 1030.37, "Total Cost": 6832.48, "Plan Rows": 60000, "Plan Width": 12, "Actual Startup Time": 38.608, "Actual Total Time": 257.954, "Actual Rows": 119972, "Actual Loops": 2, "Recheck Cond": "(c_nationkey = n2.n_nationkey)", "Rows Removed by Index Recheck": 0, "Exact Heap Blocks": 59938, "Lossy Heap Blocks": 59938, "Plans": [{"Node Type": "Bitmap Index Scan", "Parent Relationship": "Outer", "Index Name": "idx_customer_nationkey", "Startup Cost": 0.0, "Total Cost": 1015.37, "Plan Rows": 60000, "Plan Width": 0, "Actual Startup Time": 25.078, "Actual Total Time": 25.078, "Actual Rows": 119972, "Actual Loops": 2, "Index Cond": "(c_nationkey = n2.n_nationkey)"}]}]}, {"Node Type": "Index Scan", "Parent Relationship": "Inner", "Scan Direction": "Forward", "Index Name": "idx_orders_custkey", "Relation Name": "orders", "Alias": "orders", "Startup Cost": 0.0, "Total Cost": 1.22, "Plan Rows": 4, "Plan Width": 16, "Actual Startup Time": 739.615, "Actual Total Time": 3408.437, "Actual Rows": 1200363, "Actual Loops": 119972, "Index Cond": "(o_custkey = customer.c_custkey)", "Rows Removed by Index Recheck": 0}]}, {"Node Type": "Index Scan", "Parent Relationship": "Inner", "Scan Direction": "Forward", "Index Name": "idx_lineitem_orderkey", "Relation Name": "lineitem", "Alias": "lineitem", "Startup Cost": 0.0, "Total Cost": 0.91, "Plan Rows": 3, "Plan Width": 40, "Actual Startup Time": 12978.784, "Actual Total Time": 14155.996, "Actual Rows": 1459150, "Actual Loops": 1200363, "Index Cond": "(l_orderkey = orders.o_orderkey)", "Rows Removed by Index Recheck": 0, "Filter": "((l_shipdate >= '1995-01-01 00:00:00'::timestamp(0) without time zone) AND (l_shipdate <= '1996-12-31 00:00:00'::timestamp(0) without time zone))", "Rows Removed by Filter": 3342563}]}, {"Node Type": "Hash", "Parent Relationship": "Inner", "Startup Cost": 3283.0, "Total Cost": 3283.0, "Plan Rows": 100000, "Plan Width": 12, "Actual Startup Time": 66.855, "Actual Total Time": 66.855, "Actual Rows": 100000, "Actual Loops": 1, "Hash Buckets": 131072, "Hash Batches": 1, "Original Hash Batches": 1, "Peak Memory Usage": 4297, "Plans": [{"Node Type": "Seq Scan", "Parent Relationship": "Outer", "Relation Name": "supplier", "Alias": "supplier", "Startup Cost": 0.0, "Total Cost": 3283.0, "Plan Rows": 100000, "Plan Width": 12, "Actual Startup Time": 0.014, "Actual Total Time": 36.293, "Actual Rows": 100000, "Actual Loops": 1}]}]}]}]}, "Triggers": [], "Planner Runtime": 3, "Total Runtime": 20104.174, "Unique SQL Id": 2208782157}}, "(16, 33)": {"explain_plan": {"Plan": {"Node Type": "Sort", "Startup Cost": 655503.17, "Total Cost": 655512.39, "Plan Rows": 3688, "Plan Width": 84, "Sort Key": ["n1.n_name", "n2.n_name", "(date_part('year'::text, lineitem.l_shipdate))"], "Plans": [{"Node Type": "Aggregate", "Strategy": "Hashed", "Parent Relationship": "Outer", "Startup Cost": 655238.58, "Total Cost": 655284.68, "Plan Rows": 3688, "Plan Width": 84, "Group By Key": ["n1.n_name", "n2.n_name", "date_part('year'::text, lineitem.l_shipdate)"], "Plans": [{"Node Type": "Hash Join", "Parent Relationship": "Outer", "Join Type": "Inner", "Startup Cost": 7864.91, "Total Cost": 655183.26, "Plan Rows": 3688, "Plan Width": 76, "Inner Unique": true, "Hash Cond": "((lineitem.l_suppkey = supplier.s_suppkey) AND (n1.n_nationkey = supplier.s_nationkey))", "Plans": [{"Node Type": "Nested Loop", "Parent Relationship": "Outer", "Join Type": "Inner", "Startup Cost": 1030.37, "Total Cost": 642764.74, "Plan Rows": 740786, "Plan Width": 88, "Inner Unique": false, "Plans": [{"Node Type": "Nested Loop", "Parent Relationship": "Outer", "Join Type": "Inner", "Startup Cost": 1030.37, "Total Cost": 166027.11, "Plan Rows": 504972, "Plan Width": 64, "Inner Unique": false, "Plans": [{"Node Type": "Nested Loop", "Parent Relationship": "Outer", "Join Type": "Inner", "Startup Cost": 1030.37, "Total Cost": 14904.59, "Plan Rows": 119904, "Plan Width": 64, "Inner Unique": false, "Plans": [{"Node Type": "Nested Loop", "Parent Relationship": "Outer", "Join Type": "Inner", "Startup Cost": 0.0, "Total Cost": 39.62, "Plan Rows": 2, "Plan Width": 60, "Inner Unique": false, "Join Filter": "(((n1.n_name = 'JAPAN'::bpchar) AND (n2.n_name = 'INDIA'::bpchar)) OR ((n1.n_name = 'INDIA'::bpchar) AND (n2.n_name = 'JAPAN'::bpchar)))", "Plans": [{"Node Type": "Index Scan", "Parent Relationship": "Outer", "Scan Direction": "Forward", "Index Name": "nation_pkey", "Relation Name": "nation", "Alias": "n1", "Startup Cost": 0.0, "Total Cost": 12.75, "Plan Rows": 25, "Plan Width": 30, "Filter": "((n_name = 'JAPAN'::bpchar) OR (n_name = 'INDIA'::bpchar))"}, {"Node Type": "Materialize", "Parent Relationship": "Inner", "Startup Cost": 0.0, "Total Cost": 12.88, "Plan Rows": 25, "Plan Width": 30, "Plans": [{"Node Type": "Index Scan", "Parent Relationship": "Outer", "Scan Direction": "Forward", "Index Name": "nation_pkey", "Relation Name": "nation", "Alias": "n2", "Startup Cost": 0.0, "Total Cost": 12.75, "Plan Rows": 25, "Plan Width": 30, "Filter": "((n_name = 'INDIA'::bpchar) OR (n_name = 'JAPAN'::bpchar))"}]}]}, {"Node Type": "Bitmap Heap Scan", "Parent Relationship": "Inner", "Relation Name": "customer", "Alias": "customer", "Startup Cost": 1030.37, "Total Cost": 6832.48, "Plan Rows": 60000, "Plan Width": 12, "Recheck Cond": "(c_nationkey = n2.n_nationkey)", "Plans": [{"Node Type": "Bitmap Index Scan", "Parent Relationship": "Outer", "Index Name": "idx_customer_nationkey", "Startup Cost": 0.0, "Total Cost": 1015.37, "Plan Rows": 60000, "Plan Width": 0, "Index Cond": "(c_nationkey = n2.n_nationkey)"}]}]}, {"Node Type": "Index Scan", "Parent Relationship": "Inner", "Scan Direction": "Forward", "Index Name": "idx_orders_custkey", "Relation Name": "orders", "Alias": "orders", "Startup Cost": 0.0, "Total Cost": 1.22, "Plan Rows": 4, "Plan Width": 16, "Index Cond": "(o_custkey = customer.c_custkey)"}]}, {"Node Type": "Index Scan", "Parent Relationship": "Inner", "Scan Direction": "Forward", "Index Name": "idx_lineitem_orderkey", "Relation Name": "lineitem", "Alias": "lineitem", "Startup Cost": 0.0, "Total Cost": 0.91, "Plan Rows": 3, "Plan Width": 40, "Index Cond": "(l_orderkey = orders.o_orderkey)", "Filter": "((l_shipdate >= '1995-01-01 00:00:00'::timestamp(0) without time zone) AND (l_shipdate <= '1996-12-31 00:00:00'::timestamp(0) without time zone))"}]}, {"Node Type": "Hash", "Parent Relationship": "Inner", "Startup Cost": 5334.54, "Total Cost": 5334.54, "Plan Rows": 100000, "Plan Width": 12, "Plans": [{"Node Type": "Index Scan", "Parent Relationship": "Outer", "Scan Direction": "Forward", "Index Name": "supplier_pkey", "Relation Name": "supplier", "Alias": "supplier", "Startup Cost": 0.0, "Total Cost": 5334.54, "Plan Rows": 100000, "Plan Width": 12}]}]}]}]}, "Unique SQL Id": 2208782157, "Planner Runtime": 3}, "explain_analyze_plan": {"Plan": {"Node Type": "Sort", "Startup Cost": 655503.17, "Total Cost": 655512.39, "Plan Rows": 3688, "Plan Width": 84, "Actual Startup Time": 20132.714, "Actual Total Time": 20132.714, "Actual Rows": 4, "Actual Loops": 1, "Sort Key": ["n1.n_name", "n2.n_name", "(date_part('year'::text, lineitem.l_shipdate))"], "Sort Method": "quicksort", "Sort Space Used": 25, "Sort Space Type": "Memory", "Plans": [{"Node Type": "Aggregate", "Strategy": "Hashed", "Parent Relationship": "Outer", "Startup Cost": 655238.58, "Total Cost": 655284.68, "Plan Rows": 3688, "Plan Width": 84, "Actual Startup Time": 20132.663, "Actual Total Time": 20132.668, "Actual Rows": 4, "Actual Loops": 1, "Group By Key": ["n1.n_name", "n2.n_name", "date_part('year'::text, lineitem.l_shipdate)"], "Plans": [{"Node Type": "Hash Join", "Parent Relationship": "Outer", "Join Type": "Inner", "Startup Cost": 7864.91, "Total Cost": 655183.26, "Plan Rows": 3688, "Plan Width": 76, "Actual Startup Time": 116.644, "Actual Total Time": 20025.397, "Actual Rows": 58554, "Actual Loops": 1, "Inner Unique": true, "Hash Cond": "((lineitem.l_suppkey = supplier.s_suppkey) AND (n1.n_nationkey = supplier.s_nationkey))", "Plans": [{"Node Type": "Nested Loop", "Parent Relationship": "Outer", "Join Type": "Inner", "Startup Cost": 1030.37, "Total Cost": 642764.74, "Plan Rows": 740786, "Plan Width": 88, "Actual Startup Time": 17.988, "Actual Total Time": 19166.506, "Actual Rows": 1459150, "Actual Loops": 1, "Inner Unique": false, "Plans": [{"Node Type": "Nested Loop", "Parent Relationship": "Outer", "Join Type": "Inner", "Startup Cost": 1030.37, "Total Cost": 166027.11, "Plan Rows": 504972, "Plan Width": 64, "Actual Startup Time": 17.916, "Actual Total Time": 4054.291, "Actual Rows": 1200363, "Actual Loops": 1, "Inner Unique": false, "Plans": [{"Node Type": "Nested Loop", "Parent Relationship": "Outer", "Join Type": "Inner", "Startup Cost": 1030.37, "Total Cost": 14904.59, "Plan Rows": 119904, "Plan Width": 64, "Actual Startup Time": 17.889, "Actual Total Time": 280.841, "Actual Rows": 119972, "Actual Loops": 1, "Inner Unique": false, "Plans": [{"Node Type": "Nested Loop", "Parent Relationship": "Outer", "Join Type": "Inner", "Startup Cost": 0.0, "Total Cost": 39.62, "Plan Rows": 2, "Plan Width": 60, "Actual Startup Time": 0.058, "Actual Total Time": 0.227, "Actual Rows": 2, "Actual Loops": 1, "Inner Unique": false, "Join Filter": "(((n1.n_name = 'JAPAN'::bpchar) AND (n2.n_name = 'INDIA'::bpchar)) OR ((n1.n_name = 'INDIA'::bpchar) AND (n2.n_name = 'JAPAN'::bpchar)))", "Rows Removed by Join Filter": 2, "Plans": [{"Node Type": "Index Scan", "Parent Relationship": "Outer", "Scan Direction": "Forward", "Index Name": "nation_pkey", "Relation Name": "nation", "Alias": "n1", "Startup Cost": 0.0, "Total Cost": 12.75, "Plan Rows": 25, "Plan Width": 30, "Actual Startup Time": 0.027, "Actual Total Time": 0.065, "Actual Rows": 2, "Actual Loops": 1, "Filter": "((n_name = 'JAPAN'::bpchar) OR (n_name = 'INDIA'::bpchar))", "Rows Removed by Filter": 23}, {"Node Type": "Materialize", "Parent Relationship": "Inner", "Startup Cost": 0.0, "Total Cost": 12.88, "Plan Rows": 25, "Plan Width": 30, "Actual Startup Time": 0.021, "Actual Total Time": 0.11, "Actual Rows": 4, "Actual Loops": 2, "Plans": [{"Node Type": "Index Scan", "Parent Relationship": "Outer", "Scan Direction": "Forward", "Index Name": "nation_pkey", "Relation Name": "nation", "Alias": "n2", "Startup Cost": 0.0, "Total Cost": 12.75, "Plan Rows": 25, "Plan Width": 30, "Actual Startup Time": 0.011, "Actual Total Time": 0.029, "Actual Rows": 2, "Actual Loops": 1, "Filter": "((n_name = 'INDIA'::bpchar) OR (n_name = 'JAPAN'::bpchar))", "Rows Removed by Filter": 23}]}]}, {"Node Type": "Bitmap Heap Scan", "Parent Relationship": "Inner", "Relation Name": "customer", "Alias": "customer", "Startup Cost": 1030.37, "Total Cost": 6832.48, "Plan Rows": 60000, "Plan Width": 12, "Actual Startup Time": 35.683, "Actual Total Time": 251.285, "Actual Rows": 119972, "Actual Loops": 2, "Recheck Cond": "(c_nationkey = n2.n_nationkey)", "Rows Removed by Index Recheck": 0, "Exact Heap Blocks": 59938, "Lossy Heap Blocks": 59938, "Plans": [{"Node Type": "Bitmap Index Scan", "Parent Relationship": "Outer", "Index Name": "idx_customer_nationkey", "Startup Cost": 0.0, "Total Cost": 1015.37, "Plan Rows": 60000, "Plan Width": 0, "Actual Startup Time": 22.441, "Actual Total Time": 22.441, "Actual Rows": 119972, "Actual Loops": 2, "Index Cond": "(c_nationkey = n2.n_nationkey)"}]}]}, {"Node Type": "Index Scan", "Parent Relationship": "Inner", "Scan Direction": "Forward", "Index Name": "idx_orders_custkey", "Relation Name": "orders", "Alias": "orders", "Startup Cost": 0.0, "Total Cost": 1.22, "Plan Rows": 4, "Plan Width": 16, "Actual Startup Time": 739.24, "Actual Total Time": 3431.971, "Actual Rows": 1200363, "Actual Loops": 119972, "Index Cond": "(o_custkey = customer.c_custkey)", "Rows Removed by Index Recheck": 0}]}, {"Node Type": "Index Scan", "Parent Relationship": "Inner", "Scan Direction": "Forward", "Index Name": "idx_lineitem_orderkey", "Relation Name": "lineitem", "Alias": "lineitem", "Startup Cost": 0.0, "Total Cost": 0.91, "Plan Rows": 3, "Plan Width": 40, "Actual Startup Time": 12976.455, "Actual Total Time": 14145.662, "Actual Rows": 1459150, "Actual Loops": 1200363, "Index Cond": "(l_orderkey = orders.o_orderkey)", "Rows Removed by Index Recheck": 0, "Filter": "((l_shipdate >= '1995-01-01 00:00:00'::timestamp(0) without time zone) AND (l_shipdate <= '1996-12-31 00:00:00'::timestamp(0) without time zone))", "Rows Removed by Filter": 3342563}]}, {"Node Type": "Hash", "Parent Relationship": "Inner", "Startup Cost": 5334.54, "Total Cost": 5334.54, "Plan Rows": 100000, "Plan Width": 12, "Actual Startup Time": 98.387, "Actual Total Time": 98.387, "Actual Rows": 100000, "Actual Loops": 1, "Hash Buckets": 131072, "Hash Batches": 1, "Original Hash Batches": 1, "Peak Memory Usage": 4297, "Plans": [{"Node Type": "Index Scan", "Parent Relationship": "Outer", "Scan Direction": "Forward", "Index Name": "supplier_pkey", "Relation Name": "supplier", "Alias": "supplier", "Startup Cost": 0.0, "Total Cost": 5334.54, "Plan Rows": 100000, "Plan Width": 12, "Actual Startup Time": 0.023, "Actual Total Time": 65.883, "Actual Rows": 100000, "Actual Loops": 1}]}]}]}]}, "Triggers": [], "Planner Runtime": 3, "Total Runtime": 20133.041, "Unique SQL Id": 2208782157}}, "(16, 34)": {"explain_plan": {"Plan": {"Node Type": "Sort", "Startup Cost": 2821200.81, "Total Cost": 2821210.03, "Plan Rows": 3688, "Plan Width": 84, "Sort Key": ["n1.n_name", "n2.n_name", "(date_part('year'::text, lineitem.l_shipdate))"], "Plans": [{"Node Type": "Aggregate", "Strategy": "Hashed", "Parent Relationship": "Outer", "Startup Cost": 2820936.22, "Total Cost": 2820982.32, "Plan Rows": 3688, "Plan Width": 84, "Group By Key": ["n1.n_name", "n2.n_name", "date_part('year'::text, lineitem.l_shipdate)"], "Plans": [{"Node Type": "Hash Join", "Parent Relationship": "Outer", "Join Type": "Inner", "Startup Cost": 21163.77, "Total Cost": 2820880.9, "Plan Rows": 3688, "Plan Width": 76, "Inner Unique": true, "Hash Cond": "((lineitem.l_suppkey = supplier.s_suppkey) AND (n1.n_nationkey = supplier.s_nationkey))", "Plans": [{"Node Type": "Nested Loop", "Parent Relationship": "Outer", "Join Type": "Inner", "Startup Cost": 16380.77, "Total Cost": 2810513.92, "Plan Rows": 740786, "Plan Width": 88, "Inner Unique": false, "Plans": [{"Node Type": "Hash Join", "Parent Relationship": "Outer", "Join Type": "Inner", "Startup Cost": 16380.39, "Total Cost": 504091.94, "Plan Rows": 504972, "Plan Width": 64, "Inner Unique": false, "Hash Cond": "(orders.o_custkey = customer.c_custkey), (LLVM Optimized)", "Plans": [{"Node Type": "Seq Scan", "Parent Relationship": "Outer", "Relation Name": "orders", "Alias": "orders", "Startup Cost": 0.0, "Total Cost": 426413.79, "Plan Rows": 14999479, "Plan Width": 16}, {"Node Type": "Hash", "Parent Relationship": "Inner", "Startup Cost": 14881.59, "Total Cost": 14881.59, "Plan Rows": 119904, "Plan Width": 64, "Plans": [{"Node Type": "Nested Loop", "Parent Relationship": "Outer", "Join Type": "Inner", "Startup Cost": 1030.37, "Total Cost": 14881.59, "Plan Rows": 119904, "Plan Width": 64, "Inner Unique": false, "Plans": [{"Node Type": "Nested Loop", "Parent Relationship": "Outer", "Join Type": "Inner", "Startup Cost": 0.0, "Total Cost": 16.62, "Plan Rows": 2, "Plan Width": 60, "Inner Unique": false, "Join Filter": "(((n1.n_name = 'JAPAN'::bpchar) AND (n2.n_name = 'INDIA'::bpchar)) OR ((n1.n_name = 'INDIA'::bpchar) AND (n2.n_name = 'JAPAN'::bpchar)))", "Plans": [{"Node Type": "Seq Scan", "Parent Relationship": "Outer", "Relation Name": "nation", "Alias": "n1", "Startup Cost": 0.0, "Total Cost": 1.25, "Plan Rows": 25, "Plan Width": 30, "Filter": "((n_name = 'JAPAN'::bpchar) OR (n_name = 'INDIA'::bpchar))"}, {"Node Type": "Materialize", "Parent Relationship": "Inner", "Startup Cost": 0.0, "Total Cost": 1.38, "Plan Rows": 25, "Plan Width": 30, "Plans": [{"Node Type": "Seq Scan", "Parent Relationship": "Outer", "Relation Name": "nation", "Alias": "n2", "Startup Cost": 0.0, "Total Cost": 1.25, "Plan Rows": 25, "Plan Width": 30, "Filter": "((n_name = 'INDIA'::bpchar) OR (n_name = 'JAPAN'::bpchar))"}]}]}, {"Node Type": "Bitmap Heap Scan", "Parent Relationship": "Inner", "Relation Name": "customer", "Alias": "customer", "Startup Cost": 1030.37, "Total Cost": 6832.48, "Plan Rows": 60000, "Plan Width": 12, "Recheck Cond": "(c_nationkey = n2.n_nationkey)", "Plans": [{"Node Type": "Bitmap Index Scan", "Parent Relationship": "Outer", "Index Name": "idx_customer_nationkey", "Startup Cost": 0.0, "Total Cost": 1015.37, "Plan Rows": 60000, "Plan Width": 0, "Index Cond": "(c_nationkey = n2.n_nationkey)"}]}]}]}]}, {"Node Type": "Bitmap Heap Scan", "Parent Relationship": "Inner", "Relation Name": "lineitem", "Alias": "lineitem", "Startup Cost": 0.38, "Total Cost": 4.54, "Plan Rows": 3, "Plan Width": 40, "Recheck Cond": "(l_orderkey = orders.o_orderkey)", "Filter": "((l_shipdate >= '1995-01-01 00:00:00'::timestamp(0) without time zone) AND (l_shipdate <= '1996-12-31 00:00:00'::timestamp(0) without time zone))", "Plans": [{"Node Type": "Bitmap Index Scan", "Parent Relationship": "Outer", "Index Name": "idx_lineitem_orderkey", "Startup Cost": 0.0, "Total Cost": 0.38, "Plan Rows": 9, "Plan Width": 0, "Index Cond": "(l_orderkey = orders.o_orderkey)"}]}]}, {"Node Type": "Hash", "Parent Relationship": "Inner", "Startup Cost": 3283.0, "Total Cost": 3283.0, "Plan Rows": 100000, "Plan Width": 12, "Plans": [{"Node Type": "Seq Scan", "Parent Relationship": "Outer", "Relation Name": "supplier", "Alias": "supplier", "Startup Cost": 0.0, "Total Cost": 3283.0, "Plan Rows": 100000, "Plan Width": 12}]}]}]}]}, "Unique SQL Id": 2208782157, "Planner Runtime": 3}, "explain_analyze_plan": {"Plan": {"Node Type": "Sort", "Startup Cost": 2821200.81, "Total Cost": 2821210.03, "Plan Rows": 3688, "Plan Width": 84, "Actual Startup Time": 23607.962, "Actual Total Time": 23607.963, "Actual Rows": 4, "Actual Loops": 1, "Sort Key": ["n1.n_name", "n2.n_name", "(date_part('year'::text, lineitem.l_shipdate))"], "Sort Method": "quicksort", "Sort Space Used": 25, "Sort Space Type": "Memory", "Plans": [{"Node Type": "Aggregate", "Strategy": "Hashed", "Parent Relationship": "Outer", "Startup Cost": 2820936.22, "Total Cost": 2820982.32, "Plan Rows": 3688, "Plan Width": 84, "Actual Startup Time": 23607.866, "Actual Total Time": 23607.88, "Actual Rows": 4, "Actual Loops": 1, "Group By Key": ["n1.n_name", "n2.n_name", "date_part('year'::text, lineitem.l_shipdate)"], "Plans": [{"Node Type": "Hash Join", "Parent Relationship": "Outer", "Join Type": "Inner", "Startup Cost": 21163.77, "Total Cost": 2820880.9, "Plan Rows": 3688, "Plan Width": 76, "Actual Startup Time": 353.167, "Actual Total Time": 23499.575, "Actual Rows": 58554, "Actual Loops": 1, "Inner Unique": true, "Hash Cond": "((lineitem.l_suppkey = supplier.s_suppkey) AND (n1.n_nationkey = supplier.s_nationkey))", "Plans": [{"Node Type": "Nested Loop", "Parent Relationship": "Outer", "Join Type": "Inner", "Startup Cost": 16380.77, "Total Cost": 2810513.92, "Plan Rows": 740786, "Plan Width": 88, "Actual Startup Time": 285.55, "Actual Total Time": 22703.999, "Actual Rows": 1459150, "Actual Loops": 1, "Inner Unique": false, "Plans": [{"Node Type": "Hash Join", "Parent Relationship": "Outer", "Join Type": "Inner", "Startup Cost": 16380.39, "Total Cost": 504091.94, "Plan Rows": 504972, "Plan Width": 64, "Actual Startup Time": 285.449, "Actual Total Time": 9906.38, "Actual Rows": 1200363, "Actual Loops": 1, "Inner Unique": false, "Hash Cond": "(orders.o_custkey = customer.c_custkey), (LLVM Optimized, Jit Execute)", "Plans": [{"Node Type": "Seq Scan", "Parent Relationship": "Outer", "Relation Name": "orders", "Alias": "orders", "Startup Cost": 0.0, "Total Cost": 426413.79, "Plan Rows": 14999479, "Plan Width": 16, "Actual Startup Time": 0.013, "Actual Total Time": 4134.458, "Actual Rows": 15000000, "Actual Loops": 1}, {"Node Type": "Hash", "Parent Relationship": "Inner", "Startup Cost": 14881.59, "Total Cost": 14881.59, "Plan Rows": 119904, "Plan Width": 64, "Actual Startup Time": 285.288, "Actual Total Time": 285.288, "Actual Rows": 119972, "Actual Loops": 1, "Hash Buckets": 131072, "Hash Batches": 1, "Original Hash Batches": 1, "Peak Memory Usage": 11248, "Plans": [{"Node Type": "Nested Loop", "Parent Relationship": "Outer", "Join Type": "Inner", "Startup Cost": 1030.37, "Total Cost": 14881.59, "Plan Rows": 119904, "Plan Width": 64, "Actual Startup Time": 18.131, "Actual Total Time": 241.628, "Actual Rows": 119972, "Actual Loops": 1, "Inner Unique": false, "Plans": [{"Node Type": "Nested Loop", "Parent Relationship": "Outer", "Join Type": "Inner", "Startup Cost": 0.0, "Total Cost": 16.62, "Plan Rows": 2, "Plan Width": 60, "Actual Startup Time": 0.082, "Actual Total Time": 0.174, "Actual Rows": 2, "Actual Loops": 1, "Inner Unique": false, "Join Filter": "(((n1.n_name = 'JAPAN'::bpchar) AND (n2.n_name = 'INDIA'::bpchar)) OR ((n1.n_name = 'INDIA'::bpchar) AND (n2.n_name = 'JAPAN'::bpchar)))", "Rows Removed by Join Filter": 2, "Plans": [{"Node Type": "Seq Scan", "Parent Relationship": "Outer", "Relation Name": "nation", "Alias": "n1", "Startup Cost": 0.0, "Total Cost": 1.25, "Plan Rows": 25, "Plan Width": 30, "Actual Startup Time": 0.047, "Actual Total Time": 0.067, "Actual Rows": 2, "Actual Loops": 1, "Filter": "((n_name = 'JAPAN'::bpchar) OR (n_name = 'INDIA'::bpchar))", "Rows Removed by Filter": 23}, {"Node Type": "Materialize", "Parent Relationship": "Inner", "Startup Cost": 0.0, "Total Cost": 1.38, "Plan Rows": 25, "Plan Width": 30, "Actual Startup Time": 0.023, "Actual Total Time": 0.051, "Actual Rows": 4, "Actual Loops": 2, "Plans": [{"Node Type": "Seq Scan", "Parent Relationship": "Outer", "Relation Name": "nation", "Alias": "n2", "Startup Cost": 0.0, "Total Cost": 1.25, "Plan Rows": 25, "Plan Width": 30, "Actual Startup Time": 0.016, "Actual Total Time": 0.04, "Actual Rows": 2, "Actual Loops": 1, "Filter": "((n_name = 'INDIA'::bpchar) OR (n_name = 'JAPAN'::bpchar))", "Rows Removed by Filter": 23}]}]}, {"Node Type": "Bitmap Heap Scan", "Parent Relationship": "Inner", "Relation Name": "customer", "Alias": "customer", "Startup Cost": 1030.37, "Total Cost": 6832.48, "Plan Rows": 60000, "Plan Width": 12, "Actual Startup Time": 36.446, "Actual Total Time": 216.825, "Actual Rows": 119972, "Actual Loops": 2, "Recheck Cond": "(c_nationkey = n2.n_nationkey)", "Rows Removed by Index Recheck": 0, "Exact Heap Blocks": 59938, "Lossy Heap Blocks": 59938, "Plans": [{"Node Type": "Bitmap Index Scan", "Parent Relationship": "Outer", "Index Name": "idx_customer_nationkey", "Startup Cost": 0.0, "Total Cost": 1015.37, "Plan Rows": 60000, "Plan Width": 0, "Actual Startup Time": 23.277, "Actual Total Time": 23.277, "Actual Rows": 119972, "Actual Loops": 2, "Index Cond": "(c_nationkey = n2.n_nationkey)"}]}]}]}]}, {"Node Type": "Bitmap Heap Scan", "Parent Relationship": "Inner", "Relation Name": "lineitem", "Alias": "lineitem", "Startup Cost": 0.38, "Total Cost": 4.54, "Plan Rows": 3, "Plan Width": 40, "Actual Startup Time": 10439.608, "Actual Total Time": 11048.52, "Actual Rows": 1459150, "Actual Loops": 1200363, "Recheck Cond": "(l_orderkey = orders.o_orderkey)", "Rows Removed by Index Recheck": 0, "Filter": "((l_shipdate >= '1995-01-01 00:00:00'::timestamp(0) without time zone) AND (l_shipdate <= '1996-12-31 00:00:00'::timestamp(0) without time zone))", "Rows Removed by Filter": 3342563, "Exact Heap Blocks": 1285989, "Lossy Heap Blocks": 1285989, "Plans": [{"Node Type": "Bitmap Index Scan", "Parent Relationship": "Outer", "Index Name": "idx_lineitem_orderkey", "Startup Cost": 0.0, "Total Cost": 0.38, "Plan Rows": 9, "Plan Width": 0, "Actual Startup Time": 4962.424, "Actual Total Time": 4962.424, "Actual Rows": 4801713, "Actual Loops": 1200363, "Index Cond": "(l_orderkey = orders.o_orderkey)"}]}]}, {"Node Type": "Hash", "Parent Relationship": "Inner", "Startup Cost": 3283.0, "Total Cost": 3283.0, "Plan Rows": 100000, "Plan Width": 12, "Actual Startup Time": 67.261, "Actual Total Time": 67.261, "Actual Rows": 100000, "Actual Loops": 1, "Hash Buckets": 131072, "Hash Batches": 1, "Original Hash Batches": 1, "Peak Memory Usage": 4297, "Plans": [{"Node Type": "Seq Scan", "Parent Relationship": "Outer", "Relation Name": "supplier", "Alias": "supplier", "Startup Cost": 0.0, "Total Cost": 3283.0, "Plan Rows": 100000, "Plan Width": 12, "Actual Startup Time": 0.024, "Actual Total Time": 36.756, "Actual Rows": 100000, "Actual Loops": 1}]}]}]}]}, "Triggers": [], "Planner Runtime": 3, "Total Runtime": 23616.792, "Unique SQL Id": 2208782157}}, "(16, 35)": {"explain_plan": {"Plan": {"Node Type": "Sort", "Startup Cost": 99673674.43, "Total Cost": 99673683.65, "Plan Rows": 3688, "Plan Width": 84, "Sort Key": ["n1.n_name", "n2.n_name", "(date_part('year'::text, lineitem.l_shipdate))"], "Plans": [{"Node Type": "Aggregate", "Strategy": "Hashed", "Parent Relationship": "Outer", "Startup Cost": 99673409.84, "Total Cost": 99673455.94, "Plan Rows": 3688, "Plan Width": 84, "Group By Key": ["n1.n_name", "n2.n_name", "date_part('year'::text, lineitem.l_shipdate)"], "Plans": [{"Node Type": "Nested Loop", "Parent Relationship": "Outer", "Join Type": "Inner", "Startup Cost": 627986.71, "Total Cost": 99673354.52, "Plan Rows": 3688, "Plan Width": 76, "Inner Unique": true, "Join Filter": "(((n1.n_name = 'JAPAN'::bpchar) AND (n2.n_name = 'INDIA'::bpchar)) OR ((n1.n_name = 'INDIA'::bpchar) AND (n2.n_name = 'JAPAN'::bpchar)))", "Plans": [{"Node Type": "Nested Loop", "Parent Relationship": "Outer", "Join Type": "Inner", "Startup Cost": 627986.45, "Total Cost": 94724471.42, "Plan Rows": 1153515, "Plan Width": 54, "Inner Unique": true, "Plans": [{"Node Type": "Nested Loop", "Parent Relationship": "Outer", "Join Type": "Inner", "Startup Cost": 627986.2, "Total Cost": 89787046.56, "Plan Rows": 1153515, "Plan Width": 32, "Inner Unique": true, "Plans": [{"Node Type": "Nested Loop", "Parent Relationship": "Outer", "Join Type": "Inner", "Startup Cost": 627985.94, "Total Cost": 84848088.55, "Plan Rows": 1153515, "Plan Width": 36, "Inner Unique": true, "Plans": [{"Node Type": "Nested Loop", "Parent Relationship": "Outer", "Join Type": "Inner", "Startup Cost": 627985.67, "Total Cost": 79896146.0, "Plan Rows": 1153515, "Plan Width": 36, "Inner Unique": true, "Plans": [{"Node Type": "Bitmap Heap Scan", "Parent Relationship": "Outer", "Relation Name": "lineitem", "Alias": "lineitem", "Startup Cost": 627985.41, "Total Cost": 2315105.27, "Plan Rows": 18124991, "Plan Width": 40, "Recheck Cond": "((l_shipdate >= '1995-01-01 00:00:00'::timestamp(0) without time zone) AND (l_shipdate <= '1996-12-31 00:00:00'::timestamp(0) without time zone)), (LLVM Optimized)", "Plans": [{"Node Type": "Bitmap Index Scan", "Parent Relationship": "Outer", "Index Name": "idx_lineitem_shipdate", "Startup Cost": 0.0, "Total Cost": 623454.16, "Plan Rows": 18124991, "Plan Width": 0, "Index Cond": "((l_shipdate >= '1995-01-01 00:00:00'::timestamp(0) without time zone) AND (l_shipdate <= '1996-12-31 00:00:00'::timestamp(0) without time zone))"}]}, {"Node Type": "Bitmap Heap Scan", "Parent Relationship": "Inner", "Relation Name": "supplier", "Alias": "supplier", "Startup Cost": 0.26, "Total Cost": 4.27, "Plan Rows": 1, "Plan Width": 12, "Recheck Cond": "(s_suppkey = lineitem.l_suppkey)", "Plans": [{"Node Type": "Bitmap Index Scan", "Parent Relationship": "Outer", "Index Name": "supplier_pkey", "Startup Cost": 0.0, "Total Cost": 0.26, "Plan Rows": 1, "Plan Width": 0, "Index Cond": "(s_suppkey = lineitem.l_suppkey)"}]}]}, {"Node Type": "Bitmap Heap Scan", "Parent Relationship": "Inner", "Relation Name": "orders", "Alias": "orders", "Startup Cost": 0.27, "Total Cost": 4.28, "Plan Rows": 1, "Plan Width": 16, "Recheck Cond": "(o_orderkey = lineitem.l_orderkey)", "Plans": [{"Node Type": "Bitmap Index Scan", "Parent Relationship": "Outer", "Index Name": "orders_pkey", "Startup Cost": 0.0, "Total Cost": 0.27, "Plan Rows": 1, "Plan Width": 0, "Index Cond": "(o_orderkey = lineitem.l_orderkey)"}]}]}, {"Node Type": "Bitmap Heap Scan", "Parent Relationship": "Inner", "Relation Name": "customer", "Alias": "customer", "Startup Cost": 0.26, "Total Cost": 4.27, "Plan Rows": 1, "Plan Width": 12, "Recheck Cond": "(c_custkey = orders.o_custkey)", "Plans": [{"Node Type": "Bitmap Index Scan", "Parent Relationship": "Outer", "Index Name": "customer_pkey", "Startup Cost": 0.0, "Total Cost": 0.26, "Plan Rows": 1, "Plan Width": 0, "Index Cond": "(c_custkey = orders.o_custkey)"}]}]}, {"Node Type": "Bitmap Heap Scan", "Parent Relationship": "Inner", "Relation Name": "nation", "Alias": "n1", "Startup Cost": 0.26, "Total Cost": 4.27, "Plan Rows": 1, "Plan Width": 30, "Recheck Cond": "(n_nationkey = supplier.s_nationkey)", "Filter": "((n_name = 'JAPAN'::bpchar) OR (n_name = 'INDIA'::bpchar))", "Plans": [{"Node Type": "Bitmap Index Scan", "Parent Relationship": "Outer", "Index Name": "nation_pkey", "Startup Cost": 0.0, "Total Cost": 0.26, "Plan Rows": 1, "Plan Width": 0, "Index Cond": "(n_nationkey = supplier.s_nationkey)"}]}]}, {"Node Type": "Bitmap Heap Scan", "Parent Relationship": "Inner", "Relation Name": "nation", "Alias": "n2", "Startup Cost": 0.26, "Total Cost": 4.27, "Plan Rows": 1, "Plan Width": 30, "Recheck Cond": "(n_nationkey = customer.c_nationkey)", "Filter": "((n_name = 'INDIA'::bpchar) OR (n_name = 'JAPAN'::bpchar))", "Plans": [{"Node Type": "Bitmap Index Scan", "Parent Relationship": "Outer", "Index Name": "nation_pkey", "Startup Cost": 0.0, "Total Cost": 0.26, "Plan Rows": 1, "Plan Width": 0, "Index Cond": "(n_nationkey = customer.c_nationkey)"}]}]}]}]}, "Unique SQL Id": 2208782157, "Planner Runtime": 2}, "explain_analyze_plan": null}, "(16, 36)": {"explain_plan": {"Plan": {"Node Type": "Sort", "Startup Cost": 653440.12, "Total Cost": 653449.34, "Plan Rows": 3688, "Plan Width": 84, "Sort Key": ["n1.n_name", "n2.n_name", "(date_part('year'::text, lineitem.l_shipdate))"], "Plans": [{"Node Type": "Aggregate", "Strategy": "Hashed", "Parent Relationship": "Outer", "Startup Cost": 653175.54, "Total Cost": 653221.64, "Plan Rows": 3688, "Plan Width": 84, "Group By Key": ["n1.n_name", "n2.n_name", "date_part('year'::text, lineitem.l_shipdate)"], "Plans": [{"Node Type": "Hash Join", "Parent Relationship": "Outer", "Join Type": "Inner", "Startup Cost": 5813.37, "Total Cost": 653120.22, "Plan Rows": 3688, "Plan Width": 76, "Inner Unique": true, "Hash Cond": "((lineitem.l_suppkey = supplier.s_suppkey) AND (n1.n_nationkey = supplier.s_nationkey))", "Plans": [{"Node Type": "Nested Loop", "Parent Relationship": "Outer", "Join Type": "Inner", "Startup Cost": 1030.37, "Total Cost": 642753.24, "Plan Rows": 740786, "Plan Width": 88, "Inner Unique": false, "Plans": [{"Node Type": "Nested Loop", "Parent Relationship": "Outer", "Join Type": "Inner", "Startup Cost": 1030.37, "Total Cost": 166015.61, "Plan Rows": 504972, "Plan Width": 64, "Inner Unique": false, "Plans": [{"Node Type": "Nested Loop", "Parent Relationship": "Outer", "Join Type": "Inner", "Startup Cost": 1030.37, "Total Cost": 14893.09, "Plan Rows": 119904, "Plan Width": 64, "Inner Unique": false, "Plans": [{"Node Type": "Nested Loop", "Parent Relationship": "Outer", "Join Type": "Inner", "Startup Cost": 0.0, "Total Cost": 28.12, "Plan Rows": 2, "Plan Width": 60, "Inner Unique": false, "Join Filter": "(((n1.n_name = 'JAPAN'::bpchar) AND (n2.n_name = 'INDIA'::bpchar)) OR ((n1.n_name = 'INDIA'::bpchar) AND (n2.n_name = 'JAPAN'::bpchar)))", "Plans": [{"Node Type": "Index Scan", "Parent Relationship": "Outer", "Scan Direction": "Forward", "Index Name": "nation_pkey", "Relation Name": "nation", "Alias": "n1", "Startup Cost": 0.0, "Total Cost": 12.75, "Plan Rows": 25, "Plan Width": 30, "Filter": "((n_name = 'JAPAN'::bpchar) OR (n_name = 'INDIA'::bpchar))"}, {"Node Type": "Materialize", "Parent Relationship": "Inner", "Startup Cost": 0.0, "Total Cost": 1.38, "Plan Rows": 25, "Plan Width": 30, "Plans": [{"Node Type": "Seq Scan", "Parent Relationship": "Outer", "Relation Name": "nation", "Alias": "n2", "Startup Cost": 0.0, "Total Cost": 1.25, "Plan Rows": 25, "Plan Width": 30, "Filter": "((n_name = 'INDIA'::bpchar) OR (n_name = 'JAPAN'::bpchar))"}]}]}, {"Node Type": "Bitmap Heap Scan", "Parent Relationship": "Inner", "Relation Name": "customer", "Alias": "customer", "Startup Cost": 1030.37, "Total Cost": 6832.48, "Plan Rows": 60000, "Plan Width": 12, "Recheck Cond": "(c_nationkey = n2.n_nationkey)", "Plans": [{"Node Type": "Bitmap Index Scan", "Parent Relationship": "Outer", "Index Name": "idx_customer_nationkey", "Startup Cost": 0.0, "Total Cost": 1015.37, "Plan Rows": 60000, "Plan Width": 0, "Index Cond": "(c_nationkey = n2.n_nationkey)"}]}]}, {"Node Type": "Index Scan", "Parent Relationship": "Inner", "Scan Direction": "Forward", "Index Name": "idx_orders_custkey", "Relation Name": "orders", "Alias": "orders", "Startup Cost": 0.0, "Total Cost": 1.22, "Plan Rows": 4, "Plan Width": 16, "Index Cond": "(o_custkey = customer.c_custkey)"}]}, {"Node Type": "Index Scan", "Parent Relationship": "Inner", "Scan Direction": "Forward", "Index Name": "idx_lineitem_orderkey", "Relation Name": "lineitem", "Alias": "lineitem", "Startup Cost": 0.0, "Total Cost": 0.91, "Plan Rows": 3, "Plan Width": 40, "Index Cond": "(l_orderkey = orders.o_orderkey)", "Filter": "((l_shipdate >= '1995-01-01 00:00:00'::timestamp(0) without time zone) AND (l_shipdate <= '1996-12-31 00:00:00'::timestamp(0) without time zone))"}]}, {"Node Type": "Hash", "Parent Relationship": "Inner", "Startup Cost": 3283.0, "Total Cost": 3283.0, "Plan Rows": 100000, "Plan Width": 12, "Plans": [{"Node Type": "Seq Scan", "Parent Relationship": "Outer", "Relation Name": "supplier", "Alias": "supplier", "Startup Cost": 0.0, "Total Cost": 3283.0, "Plan Rows": 100000, "Plan Width": 12}]}]}]}]}, "Unique SQL Id": 2208782157, "Planner Runtime": 3}, "explain_analyze_plan": {"Plan": {"Node Type": "Sort", "Startup Cost": 653440.12, "Total Cost": 653449.34, "Plan Rows": 3688, "Plan Width": 84, "Actual Startup Time": 20103.797, "Actual Total Time": 20103.798, "Actual Rows": 4, "Actual Loops": 1, "Sort Key": ["n1.n_name", "n2.n_name", "(date_part('year'::text, lineitem.l_shipdate))"], "Sort Method": "quicksort", "Sort Space Used": 25, "Sort Space Type": "Memory", "Plans": [{"Node Type": "Aggregate", "Strategy": "Hashed", "Parent Relationship": "Outer", "Startup Cost": 653175.54, "Total Cost": 653221.64, "Plan Rows": 3688, "Plan Width": 84, "Actual Startup Time": 20103.746, "Actual Total Time": 20103.751, "Actual Rows": 4, "Actual Loops": 1, "Group By Key": ["n1.n_name", "n2.n_name", "date_part('year'::text, lineitem.l_shipdate)"], "Plans": [{"Node Type": "Hash Join", "Parent Relationship": "Outer", "Join Type": "Inner", "Startup Cost": 5813.37, "Total Cost": 653120.22, "Plan Rows": 3688, "Plan Width": 76, "Actual Startup Time": 85.042, "Actual Total Time": 19996.393, "Actual Rows": 58554, "Actual Loops": 1, "Inner Unique": true, "Hash Cond": "((lineitem.l_suppkey = supplier.s_suppkey) AND (n1.n_nationkey = supplier.s_nationkey))", "Plans": [{"Node Type": "Nested Loop", "Parent Relationship": "Outer", "Join Type": "Inner", "Startup Cost": 1030.37, "Total Cost": 642753.24, "Plan Rows": 740786, "Plan Width": 88, "Actual Startup Time": 17.925, "Actual Total Time": 19160.504, "Actual Rows": 1459150, "Actual Loops": 1, "Inner Unique": false, "Plans": [{"Node Type": "Nested Loop", "Parent Relationship": "Outer", "Join Type": "Inner", "Startup Cost": 1030.37, "Total Cost": 166015.61, "Plan Rows": 504972, "Plan Width": 64, "Actual Startup Time": 17.854, "Actual Total Time": 4038.633, "Actual Rows": 1200363, "Actual Loops": 1, "Inner Unique": false, "Plans": [{"Node Type": "Nested Loop", "Parent Relationship": "Outer", "Join Type": "Inner", "Startup Cost": 1030.37, "Total Cost": 14893.09, "Plan Rows": 119904, "Plan Width": 64, "Actual Startup Time": 17.831, "Actual Total Time": 288.377, "Actual Rows": 119972, "Actual Loops": 1, "Inner Unique": false, "Plans": [{"Node Type": "Nested Loop", "Parent Relationship": "Outer", "Join Type": "Inner", "Startup Cost": 0.0, "Total Cost": 28.12, "Plan Rows": 2, "Plan Width": 60, "Actual Startup Time": 0.065, "Actual Total Time": 0.193, "Actual Rows": 2, "Actual Loops": 1, "Inner Unique": false, "Join Filter": "(((n1.n_name = 'JAPAN'::bpchar) AND (n2.n_name = 'INDIA'::bpchar)) OR ((n1.n_name = 'INDIA'::bpchar) AND (n2.n_name = 'JAPAN'::bpchar)))", "Rows Removed by Join Filter": 2, "Plans": [{"Node Type": "Index Scan", "Parent Relationship": "Outer", "Scan Direction": "Forward", "Index Name": "nation_pkey", "Relation Name": "nation", "Alias": "n1", "Startup Cost": 0.0, "Total Cost": 12.75, "Plan Rows": 25, "Plan Width": 30, "Actual Startup Time": 0.027, "Actual Total Time": 0.056, "Actual Rows": 2, "Actual Loops": 1, "Filter": "((n_name = 'JAPAN'::bpchar) OR (n_name = 'INDIA'::bpchar))", "Rows Removed by Filter": 23}, {"Node Type": "Materialize", "Parent Relationship": "Inner", "Startup Cost": 0.0, "Total Cost": 1.38, "Plan Rows": 25, "Plan Width": 30, "Actual Startup Time": 0.029, "Actual Total Time": 0.076, "Actual Rows": 4, "Actual Loops": 2, "Plans": [{"Node Type": "Seq Scan", "Parent Relationship": "Outer", "Relation Name": "nation", "Alias": "n2", "Startup Cost": 0.0, "Total Cost": 1.25, "Plan Rows": 25, "Plan Width": 30, "Actual Startup Time": 0.019, "Actual Total Time": 0.04, "Actual Rows": 2, "Actual Loops": 1, "Filter": "((n_name = 'INDIA'::bpchar) OR (n_name = 'JAPAN'::bpchar))", "Rows Removed by Filter": 23}]}]}, {"Node Type": "Bitmap Heap Scan", "Parent Relationship": "Inner", "Relation Name": "customer", "Alias": "customer", "Startup Cost": 1030.37, "Total Cost": 6832.48, "Plan Rows": 60000, "Plan Width": 12, "Actual Startup Time": 38.608, "Actual Total Time": 257.954, "Actual Rows": 119972, "Actual Loops": 2, "Recheck Cond": "(c_nationkey = n2.n_nationkey)", "Rows Removed by Index Recheck": 0, "Exact Heap Blocks": 59938, "Lossy Heap Blocks": 59938, "Plans": [{"Node Type": "Bitmap Index Scan", "Parent Relationship": "Outer", "Index Name": "idx_customer_nationkey", "Startup Cost": 0.0, "Total Cost": 1015.37, "Plan Rows": 60000, "Plan Width": 0, "Actual Startup Time": 25.078, "Actual Total Time": 25.078, "Actual Rows": 119972, "Actual Loops": 2, "Index Cond": "(c_nationkey = n2.n_nationkey)"}]}]}, {"Node Type": "Index Scan", "Parent Relationship": "Inner", "Scan Direction": "Forward", "Index Name": "idx_orders_custkey", "Relation Name": "orders", "Alias": "orders", "Startup Cost": 0.0, "Total Cost": 1.22, "Plan Rows": 4, "Plan Width": 16, "Actual Startup Time": 739.615, "Actual Total Time": 3408.437, "Actual Rows": 1200363, "Actual Loops": 119972, "Index Cond": "(o_custkey = customer.c_custkey)", "Rows Removed by Index Recheck": 0}]}, {"Node Type": "Index Scan", "Parent Relationship": "Inner", "Scan Direction": "Forward", "Index Name": "idx_lineitem_orderkey", "Relation Name": "lineitem", "Alias": "lineitem", "Startup Cost": 0.0, "Total Cost": 0.91, "Plan Rows": 3, "Plan Width": 40, "Actual Startup Time": 12978.784, "Actual Total Time": 14155.996, "Actual Rows": 1459150, "Actual Loops": 1200363, "Index Cond": "(l_orderkey = orders.o_orderkey)", "Rows Removed by Index Recheck": 0, "Filter": "((l_shipdate >= '1995-01-01 00:00:00'::timestamp(0) without time zone) AND (l_shipdate <= '1996-12-31 00:00:00'::timestamp(0) without time zone))", "Rows Removed by Filter": 3342563}]}, {"Node Type": "Hash", "Parent Relationship": "Inner", "Startup Cost": 3283.0, "Total Cost": 3283.0, "Plan Rows": 100000, "Plan Width": 12, "Actual Startup Time": 66.855, "Actual Total Time": 66.855, "Actual Rows": 100000, "Actual Loops": 1, "Hash Buckets": 131072, "Hash Batches": 1, "Original Hash Batches": 1, "Peak Memory Usage": 4297, "Plans": [{"Node Type": "Seq Scan", "Parent Relationship": "Outer", "Relation Name": "supplier", "Alias": "supplier", "Startup Cost": 0.0, "Total Cost": 3283.0, "Plan Rows": 100000, "Plan Width": 12, "Actual Startup Time": 0.014, "Actual Total Time": 36.293, "Actual Rows": 100000, "Actual Loops": 1}]}]}]}]}, "Triggers": [], "Planner Runtime": 3, "Total Runtime": 20104.174, "Unique SQL Id": 2208782157}}, "(16, 37)": {"explain_plan": {"Plan": {"Node Type": "Sort", "Startup Cost": 655503.17, "Total Cost": 655512.39, "Plan Rows": 3688, "Plan Width": 84, "Sort Key": ["n1.n_name", "n2.n_name", "(date_part('year'::text, lineitem.l_shipdate))"], "Plans": [{"Node Type": "Aggregate", "Strategy": "Hashed", "Parent Relationship": "Outer", "Startup Cost": 655238.58, "Total Cost": 655284.68, "Plan Rows": 3688, "Plan Width": 84, "Group By Key": ["n1.n_name", "n2.n_name", "date_part('year'::text, lineitem.l_shipdate)"], "Plans": [{"Node Type": "Hash Join", "Parent Relationship": "Outer", "Join Type": "Inner", "Startup Cost": 7864.91, "Total Cost": 655183.26, "Plan Rows": 3688, "Plan Width": 76, "Inner Unique": true, "Hash Cond": "((lineitem.l_suppkey = supplier.s_suppkey) AND (n1.n_nationkey = supplier.s_nationkey))", "Plans": [{"Node Type": "Nested Loop", "Parent Relationship": "Outer", "Join Type": "Inner", "Startup Cost": 1030.37, "Total Cost": 642764.74, "Plan Rows": 740786, "Plan Width": 88, "Inner Unique": false, "Plans": [{"Node Type": "Nested Loop", "Parent Relationship": "Outer", "Join Type": "Inner", "Startup Cost": 1030.37, "Total Cost": 166027.11, "Plan Rows": 504972, "Plan Width": 64, "Inner Unique": false, "Plans": [{"Node Type": "Nested Loop", "Parent Relationship": "Outer", "Join Type": "Inner", "Startup Cost": 1030.37, "Total Cost": 14904.59, "Plan Rows": 119904, "Plan Width": 64, "Inner Unique": false, "Plans": [{"Node Type": "Nested Loop", "Parent Relationship": "Outer", "Join Type": "Inner", "Startup Cost": 0.0, "Total Cost": 39.62, "Plan Rows": 2, "Plan Width": 60, "Inner Unique": false, "Join Filter": "(((n1.n_name = 'JAPAN'::bpchar) AND (n2.n_name = 'INDIA'::bpchar)) OR ((n1.n_name = 'INDIA'::bpchar) AND (n2.n_name = 'JAPAN'::bpchar)))", "Plans": [{"Node Type": "Index Scan", "Parent Relationship": "Outer", "Scan Direction": "Forward", "Index Name": "nation_pkey", "Relation Name": "nation", "Alias": "n1", "Startup Cost": 0.0, "Total Cost": 12.75, "Plan Rows": 25, "Plan Width": 30, "Filter": "((n_name = 'JAPAN'::bpchar) OR (n_name = 'INDIA'::bpchar))"}, {"Node Type": "Materialize", "Parent Relationship": "Inner", "Startup Cost": 0.0, "Total Cost": 12.88, "Plan Rows": 25, "Plan Width": 30, "Plans": [{"Node Type": "Index Scan", "Parent Relationship": "Outer", "Scan Direction": "Forward", "Index Name": "nation_pkey", "Relation Name": "nation", "Alias": "n2", "Startup Cost": 0.0, "Total Cost": 12.75, "Plan Rows": 25, "Plan Width": 30, "Filter": "((n_name = 'INDIA'::bpchar) OR (n_name = 'JAPAN'::bpchar))"}]}]}, {"Node Type": "Bitmap Heap Scan", "Parent Relationship": "Inner", "Relation Name": "customer", "Alias": "customer", "Startup Cost": 1030.37, "Total Cost": 6832.48, "Plan Rows": 60000, "Plan Width": 12, "Recheck Cond": "(c_nationkey = n2.n_nationkey)", "Plans": [{"Node Type": "Bitmap Index Scan", "Parent Relationship": "Outer", "Index Name": "idx_customer_nationkey", "Startup Cost": 0.0, "Total Cost": 1015.37, "Plan Rows": 60000, "Plan Width": 0, "Index Cond": "(c_nationkey = n2.n_nationkey)"}]}]}, {"Node Type": "Index Scan", "Parent Relationship": "Inner", "Scan Direction": "Forward", "Index Name": "idx_orders_custkey", "Relation Name": "orders", "Alias": "orders", "Startup Cost": 0.0, "Total Cost": 1.22, "Plan Rows": 4, "Plan Width": 16, "Index Cond": "(o_custkey = customer.c_custkey)"}]}, {"Node Type": "Index Scan", "Parent Relationship": "Inner", "Scan Direction": "Forward", "Index Name": "idx_lineitem_orderkey", "Relation Name": "lineitem", "Alias": "lineitem", "Startup Cost": 0.0, "Total Cost": 0.91, "Plan Rows": 3, "Plan Width": 40, "Index Cond": "(l_orderkey = orders.o_orderkey)", "Filter": "((l_shipdate >= '1995-01-01 00:00:00'::timestamp(0) without time zone) AND (l_shipdate <= '1996-12-31 00:00:00'::timestamp(0) without time zone))"}]}, {"Node Type": "Hash", "Parent Relationship": "Inner", "Startup Cost": 5334.54, "Total Cost": 5334.54, "Plan Rows": 100000, "Plan Width": 12, "Plans": [{"Node Type": "Index Scan", "Parent Relationship": "Outer", "Scan Direction": "Forward", "Index Name": "supplier_pkey", "Relation Name": "supplier", "Alias": "supplier", "Startup Cost": 0.0, "Total Cost": 5334.54, "Plan Rows": 100000, "Plan Width": 12}]}]}]}]}, "Unique SQL Id": 2208782157, "Planner Runtime": 3}, "explain_analyze_plan": {"Plan": {"Node Type": "Sort", "Startup Cost": 655503.17, "Total Cost": 655512.39, "Plan Rows": 3688, "Plan Width": 84, "Actual Startup Time": 20132.714, "Actual Total Time": 20132.714, "Actual Rows": 4, "Actual Loops": 1, "Sort Key": ["n1.n_name", "n2.n_name", "(date_part('year'::text, lineitem.l_shipdate))"], "Sort Method": "quicksort", "Sort Space Used": 25, "Sort Space Type": "Memory", "Plans": [{"Node Type": "Aggregate", "Strategy": "Hashed", "Parent Relationship": "Outer", "Startup Cost": 655238.58, "Total Cost": 655284.68, "Plan Rows": 3688, "Plan Width": 84, "Actual Startup Time": 20132.663, "Actual Total Time": 20132.668, "Actual Rows": 4, "Actual Loops": 1, "Group By Key": ["n1.n_name", "n2.n_name", "date_part('year'::text, lineitem.l_shipdate)"], "Plans": [{"Node Type": "Hash Join", "Parent Relationship": "Outer", "Join Type": "Inner", "Startup Cost": 7864.91, "Total Cost": 655183.26, "Plan Rows": 3688, "Plan Width": 76, "Actual Startup Time": 116.644, "Actual Total Time": 20025.397, "Actual Rows": 58554, "Actual Loops": 1, "Inner Unique": true, "Hash Cond": "((lineitem.l_suppkey = supplier.s_suppkey) AND (n1.n_nationkey = supplier.s_nationkey))", "Plans": [{"Node Type": "Nested Loop", "Parent Relationship": "Outer", "Join Type": "Inner", "Startup Cost": 1030.37, "Total Cost": 642764.74, "Plan Rows": 740786, "Plan Width": 88, "Actual Startup Time": 17.988, "Actual Total Time": 19166.506, "Actual Rows": 1459150, "Actual Loops": 1, "Inner Unique": false, "Plans": [{"Node Type": "Nested Loop", "Parent Relationship": "Outer", "Join Type": "Inner", "Startup Cost": 1030.37, "Total Cost": 166027.11, "Plan Rows": 504972, "Plan Width": 64, "Actual Startup Time": 17.916, "Actual Total Time": 4054.291, "Actual Rows": 1200363, "Actual Loops": 1, "Inner Unique": false, "Plans": [{"Node Type": "Nested Loop", "Parent Relationship": "Outer", "Join Type": "Inner", "Startup Cost": 1030.37, "Total Cost": 14904.59, "Plan Rows": 119904, "Plan Width": 64, "Actual Startup Time": 17.889, "Actual Total Time": 280.841, "Actual Rows": 119972, "Actual Loops": 1, "Inner Unique": false, "Plans": [{"Node Type": "Nested Loop", "Parent Relationship": "Outer", "Join Type": "Inner", "Startup Cost": 0.0, "Total Cost": 39.62, "Plan Rows": 2, "Plan Width": 60, "Actual Startup Time": 0.058, "Actual Total Time": 0.227, "Actual Rows": 2, "Actual Loops": 1, "Inner Unique": false, "Join Filter": "(((n1.n_name = 'JAPAN'::bpchar) AND (n2.n_name = 'INDIA'::bpchar)) OR ((n1.n_name = 'INDIA'::bpchar) AND (n2.n_name = 'JAPAN'::bpchar)))", "Rows Removed by Join Filter": 2, "Plans": [{"Node Type": "Index Scan", "Parent Relationship": "Outer", "Scan Direction": "Forward", "Index Name": "nation_pkey", "Relation Name": "nation", "Alias": "n1", "Startup Cost": 0.0, "Total Cost": 12.75, "Plan Rows": 25, "Plan Width": 30, "Actual Startup Time": 0.027, "Actual Total Time": 0.065, "Actual Rows": 2, "Actual Loops": 1, "Filter": "((n_name = 'JAPAN'::bpchar) OR (n_name = 'INDIA'::bpchar))", "Rows Removed by Filter": 23}, {"Node Type": "Materialize", "Parent Relationship": "Inner", "Startup Cost": 0.0, "Total Cost": 12.88, "Plan Rows": 25, "Plan Width": 30, "Actual Startup Time": 0.021, "Actual Total Time": 0.11, "Actual Rows": 4, "Actual Loops": 2, "Plans": [{"Node Type": "Index Scan", "Parent Relationship": "Outer", "Scan Direction": "Forward", "Index Name": "nation_pkey", "Relation Name": "nation", "Alias": "n2", "Startup Cost": 0.0, "Total Cost": 12.75, "Plan Rows": 25, "Plan Width": 30, "Actual Startup Time": 0.011, "Actual Total Time": 0.029, "Actual Rows": 2, "Actual Loops": 1, "Filter": "((n_name = 'INDIA'::bpchar) OR (n_name = 'JAPAN'::bpchar))", "Rows Removed by Filter": 23}]}]}, {"Node Type": "Bitmap Heap Scan", "Parent Relationship": "Inner", "Relation Name": "customer", "Alias": "customer", "Startup Cost": 1030.37, "Total Cost": 6832.48, "Plan Rows": 60000, "Plan Width": 12, "Actual Startup Time": 35.683, "Actual Total Time": 251.285, "Actual Rows": 119972, "Actual Loops": 2, "Recheck Cond": "(c_nationkey = n2.n_nationkey)", "Rows Removed by Index Recheck": 0, "Exact Heap Blocks": 59938, "Lossy Heap Blocks": 59938, "Plans": [{"Node Type": "Bitmap Index Scan", "Parent Relationship": "Outer", "Index Name": "idx_customer_nationkey", "Startup Cost": 0.0, "Total Cost": 1015.37, "Plan Rows": 60000, "Plan Width": 0, "Actual Startup Time": 22.441, "Actual Total Time": 22.441, "Actual Rows": 119972, "Actual Loops": 2, "Index Cond": "(c_nationkey = n2.n_nationkey)"}]}]}, {"Node Type": "Index Scan", "Parent Relationship": "Inner", "Scan Direction": "Forward", "Index Name": "idx_orders_custkey", "Relation Name": "orders", "Alias": "orders", "Startup Cost": 0.0, "Total Cost": 1.22, "Plan Rows": 4, "Plan Width": 16, "Actual Startup Time": 739.24, "Actual Total Time": 3431.971, "Actual Rows": 1200363, "Actual Loops": 119972, "Index Cond": "(o_custkey = customer.c_custkey)", "Rows Removed by Index Recheck": 0}]}, {"Node Type": "Index Scan", "Parent Relationship": "Inner", "Scan Direction": "Forward", "Index Name": "idx_lineitem_orderkey", "Relation Name": "lineitem", "Alias": "lineitem", "Startup Cost": 0.0, "Total Cost": 0.91, "Plan Rows": 3, "Plan Width": 40, "Actual Startup Time": 12976.455, "Actual Total Time": 14145.662, "Actual Rows": 1459150, "Actual Loops": 1200363, "Index Cond": "(l_orderkey = orders.o_orderkey)", "Rows Removed by Index Recheck": 0, "Filter": "((l_shipdate >= '1995-01-01 00:00:00'::timestamp(0) without time zone) AND (l_shipdate <= '1996-12-31 00:00:00'::timestamp(0) without time zone))", "Rows Removed by Filter": 3342563}]}, {"Node Type": "Hash", "Parent Relationship": "Inner", "Startup Cost": 5334.54, "Total Cost": 5334.54, "Plan Rows": 100000, "Plan Width": 12, "Actual Startup Time": 98.387, "Actual Total Time": 98.387, "Actual Rows": 100000, "Actual Loops": 1, "Hash Buckets": 131072, "Hash Batches": 1, "Original Hash Batches": 1, "Peak Memory Usage": 4297, "Plans": [{"Node Type": "Index Scan", "Parent Relationship": "Outer", "Scan Direction": "Forward", "Index Name": "supplier_pkey", "Relation Name": "supplier", "Alias": "supplier", "Startup Cost": 0.0, "Total Cost": 5334.54, "Plan Rows": 100000, "Plan Width": 12, "Actual Startup Time": 0.023, "Actual Total Time": 65.883, "Actual Rows": 100000, "Actual Loops": 1}]}]}]}]}, "Triggers": [], "Planner Runtime": 3, "Total Runtime": 20133.041, "Unique SQL Id": 2208782157}}, "(16, 38)": {"explain_plan": {"Plan": {"Node Type": "Sort", "Startup Cost": 2821200.81, "Total Cost": 2821210.03, "Plan Rows": 3688, "Plan Width": 84, "Sort Key": ["n1.n_name", "n2.n_name", "(date_part('year'::text, lineitem.l_shipdate))"], "Plans": [{"Node Type": "Aggregate", "Strategy": "Hashed", "Parent Relationship": "Outer", "Startup Cost": 2820936.22, "Total Cost": 2820982.32, "Plan Rows": 3688, "Plan Width": 84, "Group By Key": ["n1.n_name", "n2.n_name", "date_part('year'::text, lineitem.l_shipdate)"], "Plans": [{"Node Type": "Hash Join", "Parent Relationship": "Outer", "Join Type": "Inner", "Startup Cost": 21163.77, "Total Cost": 2820880.9, "Plan Rows": 3688, "Plan Width": 76, "Inner Unique": true, "Hash Cond": "((lineitem.l_suppkey = supplier.s_suppkey) AND (n1.n_nationkey = supplier.s_nationkey))", "Plans": [{"Node Type": "Nested Loop", "Parent Relationship": "Outer", "Join Type": "Inner", "Startup Cost": 16380.77, "Total Cost": 2810513.92, "Plan Rows": 740786, "Plan Width": 88, "Inner Unique": false, "Plans": [{"Node Type": "Hash Join", "Parent Relationship": "Outer", "Join Type": "Inner", "Startup Cost": 16380.39, "Total Cost": 504091.94, "Plan Rows": 504972, "Plan Width": 64, "Inner Unique": false, "Hash Cond": "(orders.o_custkey = customer.c_custkey), (LLVM Optimized)", "Plans": [{"Node Type": "Seq Scan", "Parent Relationship": "Outer", "Relation Name": "orders", "Alias": "orders", "Startup Cost": 0.0, "Total Cost": 426413.79, "Plan Rows": 14999479, "Plan Width": 16}, {"Node Type": "Hash", "Parent Relationship": "Inner", "Startup Cost": 14881.59, "Total Cost": 14881.59, "Plan Rows": 119904, "Plan Width": 64, "Plans": [{"Node Type": "Nested Loop", "Parent Relationship": "Outer", "Join Type": "Inner", "Startup Cost": 1030.37, "Total Cost": 14881.59, "Plan Rows": 119904, "Plan Width": 64, "Inner Unique": false, "Plans": [{"Node Type": "Nested Loop", "Parent Relationship": "Outer", "Join Type": "Inner", "Startup Cost": 0.0, "Total Cost": 16.62, "Plan Rows": 2, "Plan Width": 60, "Inner Unique": false, "Join Filter": "(((n1.n_name = 'JAPAN'::bpchar) AND (n2.n_name = 'INDIA'::bpchar)) OR ((n1.n_name = 'INDIA'::bpchar) AND (n2.n_name = 'JAPAN'::bpchar)))", "Plans": [{"Node Type": "Seq Scan", "Parent Relationship": "Outer", "Relation Name": "nation", "Alias": "n1", "Startup Cost": 0.0, "Total Cost": 1.25, "Plan Rows": 25, "Plan Width": 30, "Filter": "((n_name = 'JAPAN'::bpchar) OR (n_name = 'INDIA'::bpchar))"}, {"Node Type": "Materialize", "Parent Relationship": "Inner", "Startup Cost": 0.0, "Total Cost": 1.38, "Plan Rows": 25, "Plan Width": 30, "Plans": [{"Node Type": "Seq Scan", "Parent Relationship": "Outer", "Relation Name": "nation", "Alias": "n2", "Startup Cost": 0.0, "Total Cost": 1.25, "Plan Rows": 25, "Plan Width": 30, "Filter": "((n_name = 'INDIA'::bpchar) OR (n_name = 'JAPAN'::bpchar))"}]}]}, {"Node Type": "Bitmap Heap Scan", "Parent Relationship": "Inner", "Relation Name": "customer", "Alias": "customer", "Startup Cost": 1030.37, "Total Cost": 6832.48, "Plan Rows": 60000, "Plan Width": 12, "Recheck Cond": "(c_nationkey = n2.n_nationkey)", "Plans": [{"Node Type": "Bitmap Index Scan", "Parent Relationship": "Outer", "Index Name": "idx_customer_nationkey", "Startup Cost": 0.0, "Total Cost": 1015.37, "Plan Rows": 60000, "Plan Width": 0, "Index Cond": "(c_nationkey = n2.n_nationkey)"}]}]}]}]}, {"Node Type": "Bitmap Heap Scan", "Parent Relationship": "Inner", "Relation Name": "lineitem", "Alias": "lineitem", "Startup Cost": 0.38, "Total Cost": 4.54, "Plan Rows": 3, "Plan Width": 40, "Recheck Cond": "(l_orderkey = orders.o_orderkey)", "Filter": "((l_shipdate >= '1995-01-01 00:00:00'::timestamp(0) without time zone) AND (l_shipdate <= '1996-12-31 00:00:00'::timestamp(0) without time zone))", "Plans": [{"Node Type": "Bitmap Index Scan", "Parent Relationship": "Outer", "Index Name": "idx_lineitem_orderkey", "Startup Cost": 0.0, "Total Cost": 0.38, "Plan Rows": 9, "Plan Width": 0, "Index Cond": "(l_orderkey = orders.o_orderkey)"}]}]}, {"Node Type": "Hash", "Parent Relationship": "Inner", "Startup Cost": 3283.0, "Total Cost": 3283.0, "Plan Rows": 100000, "Plan Width": 12, "Plans": [{"Node Type": "Seq Scan", "Parent Relationship": "Outer", "Relation Name": "supplier", "Alias": "supplier", "Startup Cost": 0.0, "Total Cost": 3283.0, "Plan Rows": 100000, "Plan Width": 12}]}]}]}]}, "Unique SQL Id": 2208782157, "Planner Runtime": 3}, "explain_analyze_plan": {"Plan": {"Node Type": "Sort", "Startup Cost": 2821200.81, "Total Cost": 2821210.03, "Plan Rows": 3688, "Plan Width": 84, "Actual Startup Time": 23607.962, "Actual Total Time": 23607.963, "Actual Rows": 4, "Actual Loops": 1, "Sort Key": ["n1.n_name", "n2.n_name", "(date_part('year'::text, lineitem.l_shipdate))"], "Sort Method": "quicksort", "Sort Space Used": 25, "Sort Space Type": "Memory", "Plans": [{"Node Type": "Aggregate", "Strategy": "Hashed", "Parent Relationship": "Outer", "Startup Cost": 2820936.22, "Total Cost": 2820982.32, "Plan Rows": 3688, "Plan Width": 84, "Actual Startup Time": 23607.866, "Actual Total Time": 23607.88, "Actual Rows": 4, "Actual Loops": 1, "Group By Key": ["n1.n_name", "n2.n_name", "date_part('year'::text, lineitem.l_shipdate)"], "Plans": [{"Node Type": "Hash Join", "Parent Relationship": "Outer", "Join Type": "Inner", "Startup Cost": 21163.77, "Total Cost": 2820880.9, "Plan Rows": 3688, "Plan Width": 76, "Actual Startup Time": 353.167, "Actual Total Time": 23499.575, "Actual Rows": 58554, "Actual Loops": 1, "Inner Unique": true, "Hash Cond": "((lineitem.l_suppkey = supplier.s_suppkey) AND (n1.n_nationkey = supplier.s_nationkey))", "Plans": [{"Node Type": "Nested Loop", "Parent Relationship": "Outer", "Join Type": "Inner", "Startup Cost": 16380.77, "Total Cost": 2810513.92, "Plan Rows": 740786, "Plan Width": 88, "Actual Startup Time": 285.55, "Actual Total Time": 22703.999, "Actual Rows": 1459150, "Actual Loops": 1, "Inner Unique": false, "Plans": [{"Node Type": "Hash Join", "Parent Relationship": "Outer", "Join Type": "Inner", "Startup Cost": 16380.39, "Total Cost": 504091.94, "Plan Rows": 504972, "Plan Width": 64, "Actual Startup Time": 285.449, "Actual Total Time": 9906.38, "Actual Rows": 1200363, "Actual Loops": 1, "Inner Unique": false, "Hash Cond": "(orders.o_custkey = customer.c_custkey), (LLVM Optimized, Jit Execute)", "Plans": [{"Node Type": "Seq Scan", "Parent Relationship": "Outer", "Relation Name": "orders", "Alias": "orders", "Startup Cost": 0.0, "Total Cost": 426413.79, "Plan Rows": 14999479, "Plan Width": 16, "Actual Startup Time": 0.013, "Actual Total Time": 4134.458, "Actual Rows": 15000000, "Actual Loops": 1}, {"Node Type": "Hash", "Parent Relationship": "Inner", "Startup Cost": 14881.59, "Total Cost": 14881.59, "Plan Rows": 119904, "Plan Width": 64, "Actual Startup Time": 285.288, "Actual Total Time": 285.288, "Actual Rows": 119972, "Actual Loops": 1, "Hash Buckets": 131072, "Hash Batches": 1, "Original Hash Batches": 1, "Peak Memory Usage": 11248, "Plans": [{"Node Type": "Nested Loop", "Parent Relationship": "Outer", "Join Type": "Inner", "Startup Cost": 1030.37, "Total Cost": 14881.59, "Plan Rows": 119904, "Plan Width": 64, "Actual Startup Time": 18.131, "Actual Total Time": 241.628, "Actual Rows": 119972, "Actual Loops": 1, "Inner Unique": false, "Plans": [{"Node Type": "Nested Loop", "Parent Relationship": "Outer", "Join Type": "Inner", "Startup Cost": 0.0, "Total Cost": 16.62, "Plan Rows": 2, "Plan Width": 60, "Actual Startup Time": 0.082, "Actual Total Time": 0.174, "Actual Rows": 2, "Actual Loops": 1, "Inner Unique": false, "Join Filter": "(((n1.n_name = 'JAPAN'::bpchar) AND (n2.n_name = 'INDIA'::bpchar)) OR ((n1.n_name = 'INDIA'::bpchar) AND (n2.n_name = 'JAPAN'::bpchar)))", "Rows Removed by Join Filter": 2, "Plans": [{"Node Type": "Seq Scan", "Parent Relationship": "Outer", "Relation Name": "nation", "Alias": "n1", "Startup Cost": 0.0, "Total Cost": 1.25, "Plan Rows": 25, "Plan Width": 30, "Actual Startup Time": 0.047, "Actual Total Time": 0.067, "Actual Rows": 2, "Actual Loops": 1, "Filter": "((n_name = 'JAPAN'::bpchar) OR (n_name = 'INDIA'::bpchar))", "Rows Removed by Filter": 23}, {"Node Type": "Materialize", "Parent Relationship": "Inner", "Startup Cost": 0.0, "Total Cost": 1.38, "Plan Rows": 25, "Plan Width": 30, "Actual Startup Time": 0.023, "Actual Total Time": 0.051, "Actual Rows": 4, "Actual Loops": 2, "Plans": [{"Node Type": "Seq Scan", "Parent Relationship": "Outer", "Relation Name": "nation", "Alias": "n2", "Startup Cost": 0.0, "Total Cost": 1.25, "Plan Rows": 25, "Plan Width": 30, "Actual Startup Time": 0.016, "Actual Total Time": 0.04, "Actual Rows": 2, "Actual Loops": 1, "Filter": "((n_name = 'INDIA'::bpchar) OR (n_name = 'JAPAN'::bpchar))", "Rows Removed by Filter": 23}]}]}, {"Node Type": "Bitmap Heap Scan", "Parent Relationship": "Inner", "Relation Name": "customer", "Alias": "customer", "Startup Cost": 1030.37, "Total Cost": 6832.48, "Plan Rows": 60000, "Plan Width": 12, "Actual Startup Time": 36.446, "Actual Total Time": 216.825, "Actual Rows": 119972, "Actual Loops": 2, "Recheck Cond": "(c_nationkey = n2.n_nationkey)", "Rows Removed by Index Recheck": 0, "Exact Heap Blocks": 59938, "Lossy Heap Blocks": 59938, "Plans": [{"Node Type": "Bitmap Index Scan", "Parent Relationship": "Outer", "Index Name": "idx_customer_nationkey", "Startup Cost": 0.0, "Total Cost": 1015.37, "Plan Rows": 60000, "Plan Width": 0, "Actual Startup Time": 23.277, "Actual Total Time": 23.277, "Actual Rows": 119972, "Actual Loops": 2, "Index Cond": "(c_nationkey = n2.n_nationkey)"}]}]}]}]}, {"Node Type": "Bitmap Heap Scan", "Parent Relationship": "Inner", "Relation Name": "lineitem", "Alias": "lineitem", "Startup Cost": 0.38, "Total Cost": 4.54, "Plan Rows": 3, "Plan Width": 40, "Actual Startup Time": 10439.608, "Actual Total Time": 11048.52, "Actual Rows": 1459150, "Actual Loops": 1200363, "Recheck Cond": "(l_orderkey = orders.o_orderkey)", "Rows Removed by Index Recheck": 0, "Filter": "((l_shipdate >= '1995-01-01 00:00:00'::timestamp(0) without time zone) AND (l_shipdate <= '1996-12-31 00:00:00'::timestamp(0) without time zone))", "Rows Removed by Filter": 3342563, "Exact Heap Blocks": 1285989, "Lossy Heap Blocks": 1285989, "Plans": [{"Node Type": "Bitmap Index Scan", "Parent Relationship": "Outer", "Index Name": "idx_lineitem_orderkey", "Startup Cost": 0.0, "Total Cost": 0.38, "Plan Rows": 9, "Plan Width": 0, "Actual Startup Time": 4962.424, "Actual Total Time": 4962.424, "Actual Rows": 4801713, "Actual Loops": 1200363, "Index Cond": "(l_orderkey = orders.o_orderkey)"}]}]}, {"Node Type": "Hash", "Parent Relationship": "Inner", "Startup Cost": 3283.0, "Total Cost": 3283.0, "Plan Rows": 100000, "Plan Width": 12, "Actual Startup Time": 67.261, "Actual Total Time": 67.261, "Actual Rows": 100000, "Actual Loops": 1, "Hash Buckets": 131072, "Hash Batches": 1, "Original Hash Batches": 1, "Peak Memory Usage": 4297, "Plans": [{"Node Type": "Seq Scan", "Parent Relationship": "Outer", "Relation Name": "supplier", "Alias": "supplier", "Startup Cost": 0.0, "Total Cost": 3283.0, "Plan Rows": 100000, "Plan Width": 12, "Actual Startup Time": 0.024, "Actual Total Time": 36.756, "Actual Rows": 100000, "Actual Loops": 1}]}]}]}]}, "Triggers": [], "Planner Runtime": 3, "Total Runtime": 23616.792, "Unique SQL Id": 2208782157}}, "(16, 39)": {"explain_plan": {"Plan": {"Node Type": "Sort", "Startup Cost": 99673674.43, "Total Cost": 99673683.65, "Plan Rows": 3688, "Plan Width": 84, "Sort Key": ["n1.n_name", "n2.n_name", "(date_part('year'::text, lineitem.l_shipdate))"], "Plans": [{"Node Type": "Aggregate", "Strategy": "Hashed", "Parent Relationship": "Outer", "Startup Cost": 99673409.84, "Total Cost": 99673455.94, "Plan Rows": 3688, "Plan Width": 84, "Group By Key": ["n1.n_name", "n2.n_name", "date_part('year'::text, lineitem.l_shipdate)"], "Plans": [{"Node Type": "Nested Loop", "Parent Relationship": "Outer", "Join Type": "Inner", "Startup Cost": 627986.71, "Total Cost": 99673354.52, "Plan Rows": 3688, "Plan Width": 76, "Inner Unique": true, "Join Filter": "(((n1.n_name = 'JAPAN'::bpchar) AND (n2.n_name = 'INDIA'::bpchar)) OR ((n1.n_name = 'INDIA'::bpchar) AND (n2.n_name = 'JAPAN'::bpchar)))", "Plans": [{"Node Type": "Nested Loop", "Parent Relationship": "Outer", "Join Type": "Inner", "Startup Cost": 627986.45, "Total Cost": 94724471.42, "Plan Rows": 1153515, "Plan Width": 54, "Inner Unique": true, "Plans": [{"Node Type": "Nested Loop", "Parent Relationship": "Outer", "Join Type": "Inner", "Startup Cost": 627986.2, "Total Cost": 89787046.56, "Plan Rows": 1153515, "Plan Width": 32, "Inner Unique": true, "Plans": [{"Node Type": "Nested Loop", "Parent Relationship": "Outer", "Join Type": "Inner", "Startup Cost": 627985.94, "Total Cost": 84848088.55, "Plan Rows": 1153515, "Plan Width": 36, "Inner Unique": true, "Plans": [{"Node Type": "Nested Loop", "Parent Relationship": "Outer", "Join Type": "Inner", "Startup Cost": 627985.67, "Total Cost": 79896146.0, "Plan Rows": 1153515, "Plan Width": 36, "Inner Unique": true, "Plans": [{"Node Type": "Bitmap Heap Scan", "Parent Relationship": "Outer", "Relation Name": "lineitem", "Alias": "lineitem", "Startup Cost": 627985.41, "Total Cost": 2315105.27, "Plan Rows": 18124991, "Plan Width": 40, "Recheck Cond": "((l_shipdate >= '1995-01-01 00:00:00'::timestamp(0) without time zone) AND (l_shipdate <= '1996-12-31 00:00:00'::timestamp(0) without time zone)), (LLVM Optimized)", "Plans": [{"Node Type": "Bitmap Index Scan", "Parent Relationship": "Outer", "Index Name": "idx_lineitem_shipdate", "Startup Cost": 0.0, "Total Cost": 623454.16, "Plan Rows": 18124991, "Plan Width": 0, "Index Cond": "((l_shipdate >= '1995-01-01 00:00:00'::timestamp(0) without time zone) AND (l_shipdate <= '1996-12-31 00:00:00'::timestamp(0) without time zone))"}]}, {"Node Type": "Bitmap Heap Scan", "Parent Relationship": "Inner", "Relation Name": "supplier", "Alias": "supplier", "Startup Cost": 0.26, "Total Cost": 4.27, "Plan Rows": 1, "Plan Width": 12, "Recheck Cond": "(s_suppkey = lineitem.l_suppkey)", "Plans": [{"Node Type": "Bitmap Index Scan", "Parent Relationship": "Outer", "Index Name": "supplier_pkey", "Startup Cost": 0.0, "Total Cost": 0.26, "Plan Rows": 1, "Plan Width": 0, "Index Cond": "(s_suppkey = lineitem.l_suppkey)"}]}]}, {"Node Type": "Bitmap Heap Scan", "Parent Relationship": "Inner", "Relation Name": "orders", "Alias": "orders", "Startup Cost": 0.27, "Total Cost": 4.28, "Plan Rows": 1, "Plan Width": 16, "Recheck Cond": "(o_orderkey = lineitem.l_orderkey)", "Plans": [{"Node Type": "Bitmap Index Scan", "Parent Relationship": "Outer", "Index Name": "orders_pkey", "Startup Cost": 0.0, "Total Cost": 0.27, "Plan Rows": 1, "Plan Width": 0, "Index Cond": "(o_orderkey = lineitem.l_orderkey)"}]}]}, {"Node Type": "Bitmap Heap Scan", "Parent Relationship": "Inner", "Relation Name": "customer", "Alias": "customer", "Startup Cost": 0.26, "Total Cost": 4.27, "Plan Rows": 1, "Plan Width": 12, "Recheck Cond": "(c_custkey = orders.o_custkey)", "Plans": [{"Node Type": "Bitmap Index Scan", "Parent Relationship": "Outer", "Index Name": "customer_pkey", "Startup Cost": 0.0, "Total Cost": 0.26, "Plan Rows": 1, "Plan Width": 0, "Index Cond": "(c_custkey = orders.o_custkey)"}]}]}, {"Node Type": "Bitmap Heap Scan", "Parent Relationship": "Inner", "Relation Name": "nation", "Alias": "n1", "Startup Cost": 0.26, "Total Cost": 4.27, "Plan Rows": 1, "Plan Width": 30, "Recheck Cond": "(n_nationkey = supplier.s_nationkey)", "Filter": "((n_name = 'JAPAN'::bpchar) OR (n_name = 'INDIA'::bpchar))", "Plans": [{"Node Type": "Bitmap Index Scan", "Parent Relationship": "Outer", "Index Name": "nation_pkey", "Startup Cost": 0.0, "Total Cost": 0.26, "Plan Rows": 1, "Plan Width": 0, "Index Cond": "(n_nationkey = supplier.s_nationkey)"}]}]}, {"Node Type": "Bitmap Heap Scan", "Parent Relationship": "Inner", "Relation Name": "nation", "Alias": "n2", "Startup Cost": 0.26, "Total Cost": 4.27, "Plan Rows": 1, "Plan Width": 30, "Recheck Cond": "(n_nationkey = customer.c_nationkey)", "Filter": "((n_name = 'INDIA'::bpchar) OR (n_name = 'JAPAN'::bpchar))", "Plans": [{"Node Type": "Bitmap Index Scan", "Parent Relationship": "Outer", "Index Name": "nation_pkey", "Startup Cost": 0.0, "Total Cost": 0.26, "Plan Rows": 1, "Plan Width": 0, "Index Cond": "(n_nationkey = customer.c_nationkey)"}]}]}]}]}, "Unique SQL Id": 2208782157, "Planner Runtime": 2}, "explain_analyze_plan": null}, "(16, 40)": {"explain_plan": {"Plan": {"Node Type": "Sort", "Startup Cost": 655180.01, "Total Cost": 655189.23, "Plan Rows": 3688, "Plan Width": 84, "Sort Key": ["n1.n_name", "n2.n_name", "(date_part('year'::text, lineitem.l_shipdate))"], "Plans": [{"Node Type": "Aggregate", "Strategy": "Hashed", "Parent Relationship": "Outer", "Startup Cost": 654915.42, "Total Cost": 654961.52, "Plan Rows": 3688, "Plan Width": 84, "Group By Key": ["n1.n_name", "n2.n_name", "date_part('year'::text, lineitem.l_shipdate)"], "Plans": [{"Node Type": "Hash Join", "Parent Relationship": "Outer", "Join Type": "Inner", "Startup Cost": 4783.0, "Total Cost": 654860.1, "Plan Rows": 3688, "Plan Width": 76, "Inner Unique": true, "Hash Cond": "((lineitem.l_suppkey = supplier.s_suppkey) AND (n1.n_nationkey = supplier.s_nationkey))", "Plans": [{"Node Type": "Nested Loop", "Parent Relationship": "Outer", "Join Type": "Inner", "Startup Cost": 0.0, "Total Cost": 644493.13, "Plan Rows": 740786, "Plan Width": 88, "Inner Unique": false, "Plans": [{"Node Type": "Nested Loop", "Parent Relationship": "Outer", "Join Type": "Inner", "Startup Cost": 0.0, "Total Cost": 167755.5, "Plan Rows": 504972, "Plan Width": 64, "Inner Unique": false, "Plans": [{"Node Type": "Nested Loop", "Parent Relationship": "Outer", "Join Type": "Inner", "Startup Cost": 0.0, "Total Cost": 16632.98, "Plan Rows": 119904, "Plan Width": 64, "Inner Unique": false, "Plans": [{"Node Type": "Nested Loop", "Parent Relationship": "Outer", "Join Type": "Inner", "Startup Cost": 0.0, "Total Cost": 28.12, "Plan Rows": 2, "Plan Width": 60, "Inner Unique": false, "Join Filter": "(((n1.n_name = 'JAPAN'::bpchar) AND (n2.n_name = 'INDIA'::bpchar)) OR ((n1.n_name = 'INDIA'::bpchar) AND (n2.n_name = 'JAPAN'::bpchar)))", "Plans": [{"Node Type": "Index Scan", "Parent Relationship": "Outer", "Scan Direction": "Forward", "Index Name": "nation_pkey", "Relation Name": "nation", "Alias": "n1", "Startup Cost": 0.0, "Total Cost": 12.75, "Plan Rows": 25, "Plan Width": 30, "Filter": "((n_name = 'JAPAN'::bpchar) OR (n_name = 'INDIA'::bpchar))"}, {"Node Type": "Materialize", "Parent Relationship": "Inner", "Startup Cost": 0.0, "Total Cost": 1.38, "Plan Rows": 25, "Plan Width": 30, "Plans": [{"Node Type": "Seq Scan", "Parent Relationship": "Outer", "Relation Name": "nation", "Alias": "n2", "Startup Cost": 0.0, "Total Cost": 1.25, "Plan Rows": 25, "Plan Width": 30, "Filter": "((n_name = 'INDIA'::bpchar) OR (n_name = 'JAPAN'::bpchar))"}]}]}, {"Node Type": "Index Scan", "Parent Relationship": "Inner", "Scan Direction": "Forward", "Index Name": "idx_customer_nationkey", "Relation Name": "customer", "Alias": "customer", "Startup Cost": 0.0, "Total Cost": 7702.43, "Plan Rows": 60000, "Plan Width": 12, "Index Cond": "(c_nationkey = n2.n_nationkey)"}]}, {"Node Type": "Index Scan", "Parent Relationship": "Inner", "Scan Direction": "Forward", "Index Name": "idx_orders_custkey", "Relation Name": "orders", "Alias": "orders", "Startup Cost": 0.0, "Total Cost": 1.22, "Plan Rows": 4, "Plan Width": 16, "Index Cond": "(o_custkey = customer.c_custkey)"}]}, {"Node Type": "Index Scan", "Parent Relationship": "Inner", "Scan Direction": "Forward", "Index Name": "idx_lineitem_orderkey", "Relation Name": "lineitem", "Alias": "lineitem", "Startup Cost": 0.0, "Total Cost": 0.91, "Plan Rows": 3, "Plan Width": 40, "Index Cond": "(l_orderkey = orders.o_orderkey)", "Filter": "((l_shipdate >= '1995-01-01 00:00:00'::timestamp(0) without time zone) AND (l_shipdate <= '1996-12-31 00:00:00'::timestamp(0) without time zone))"}]}, {"Node Type": "Hash", "Parent Relationship": "Inner", "Startup Cost": 3283.0, "Total Cost": 3283.0, "Plan Rows": 100000, "Plan Width": 12, "Plans": [{"Node Type": "Seq Scan", "Parent Relationship": "Outer", "Relation Name": "supplier", "Alias": "supplier", "Startup Cost": 0.0, "Total Cost": 3283.0, "Plan Rows": 100000, "Plan Width": 12}]}]}]}]}, "Unique SQL Id": 2208782157, "Planner Runtime": 3}, "explain_analyze_plan": {"Plan": {"Node Type": "Sort", "Startup Cost": 655180.01, "Total Cost": 655189.23, "Plan Rows": 3688, "Plan Width": 84, "Actual Startup Time": 20101.862, "Actual Total Time": 20101.863, "Actual Rows": 4, "Actual Loops": 1, "Sort Key": ["n1.n_name", "n2.n_name", "(date_part('year'::text, lineitem.l_shipdate))"], "Sort Method": "quicksort", "Sort Space Used": 25, "Sort Space Type": "Memory", "Plans": [{"Node Type": "Aggregate", "Strategy": "Hashed", "Parent Relationship": "Outer", "Startup Cost": 654915.42, "Total Cost": 654961.52, "Plan Rows": 3688, "Plan Width": 84, "Actual Startup Time": 20101.806, "Actual Total Time": 20101.811, "Actual Rows": 4, "Actual Loops": 1, "Group By Key": ["n1.n_name", "n2.n_name", "date_part('year'::text, lineitem.l_shipdate)"], "Plans": [{"Node Type": "Hash Join", "Parent Relationship": "Outer", "Join Type": "Inner", "Startup Cost": 4783.0, "Total Cost": 654860.1, "Plan Rows": 3688, "Plan Width": 76, "Actual Startup Time": 66.908, "Actual Total Time": 19998.057, "Actual Rows": 58554, "Actual Loops": 1, "Inner Unique": true, "Hash Cond": "((lineitem.l_suppkey = supplier.s_suppkey) AND (n1.n_nationkey = supplier.s_nationkey))", "Plans": [{"Node Type": "Nested Loop", "Parent Relationship": "Outer", "Join Type": "Inner", "Startup Cost": 0.0, "Total Cost": 644493.13, "Plan Rows": 740786, "Plan Width": 88, "Actual Startup Time": 0.174, "Actual Total Time": 19197.586, "Actual Rows": 1459150, "Actual Loops": 1, "Inner Unique": false, "Plans": [{"Node Type": "Nested Loop", "Parent Relationship": "Outer", "Join Type": "Inner", "Startup Cost": 0.0, "Total Cost": 167755.5, "Plan Rows": 504972, "Plan Width": 64, "Actual Startup Time": 0.116, "Actual Total Time": 3906.95, "Actual Rows": 1200363, "Actual Loops": 1, "Inner Unique": false, "Plans": [{"Node Type": "Nested Loop", "Parent Relationship": "Outer", "Join Type": "Inner", "Startup Cost": 0.0, "Total Cost": 16632.98, "Plan Rows": 119904, "Plan Width": 64, "Actual Startup Time": 0.105, "Actual Total Time": 217.394, "Actual Rows": 119972, "Actual Loops": 1, "Inner Unique": false, "Plans": [{"Node Type": "Nested Loop", "Parent Relationship": "Outer", "Join Type": "Inner", "Startup Cost": 0.0, "Total Cost": 28.12, "Plan Rows": 2, "Plan Width": 60, "Actual Startup Time": 0.071, "Actual Total Time": 0.282, "Actual Rows": 2, "Actual Loops": 1, "Inner Unique": false, "Join Filter": "(((n1.n_name = 'JAPAN'::bpchar) AND (n2.n_name = 'INDIA'::bpchar)) OR ((n1.n_name = 'INDIA'::bpchar) AND (n2.n_name = 'JAPAN'::bpchar)))", "Rows Removed by Join Filter": 2, "Plans": [{"Node Type": "Index Scan", "Parent Relationship": "Outer", "Scan Direction": "Forward", "Index Name": "nation_pkey", "Relation Name": "nation", "Alias": "n1", "Startup Cost": 0.0, "Total Cost": 12.75, "Plan Rows": 25, "Plan Width": 30, "Actual Startup Time": 0.03, "Actual Total Time": 0.075, "Actual Rows": 2, "Actual Loops": 1, "Filter": "((n_name = 'JAPAN'::bpchar) OR (n_name = 'INDIA'::bpchar))", "Rows Removed by Filter": 23}, {"Node Type": "Materialize", "Parent Relationship": "Inner", "Startup Cost": 0.0, "Total Cost": 1.38, "Plan Rows": 25, "Plan Width": 30, "Actual Startup Time": 0.031, "Actual Total Time": 0.128, "Actual Rows": 4, "Actual Loops": 2, "Plans": [{"Node Type": "Seq Scan", "Parent Relationship": "Outer", "Relation Name": "nation", "Alias": "n2", "Startup Cost": 0.0, "Total Cost": 1.25, "Plan Rows": 25, "Plan Width": 30, "Actual Startup Time": 0.02, "Actual Total Time": 0.039, "Actual Rows": 2, "Actual Loops": 1, "Filter": "((n_name = 'INDIA'::bpchar) OR (n_name = 'JAPAN'::bpchar))", "Rows Removed by Filter": 23}]}]}, {"Node Type": "Index Scan", "Parent Relationship": "Inner", "Scan Direction": "Forward", "Index Name": "idx_customer_nationkey", "Relation Name": "customer", "Alias": "customer", "Startup Cost": 0.0, "Total Cost": 7702.43, "Plan Rows": 60000, "Plan Width": 12, "Actual Startup Time": 0.051, "Actual Total Time": 183.595, "Actual Rows": 119972, "Actual Loops": 2, "Index Cond": "(c_nationkey = n2.n_nationkey)", "Rows Removed by Index Recheck": 0}]}, {"Node Type": "Index Scan", "Parent Relationship": "Inner", "Scan Direction": "Forward", "Index Name": "idx_orders_custkey", "Relation Name": "orders", "Alias": "orders", "Startup Cost": 0.0, "Total Cost": 1.22, "Plan Rows": 4, "Plan Width": 16, "Actual Startup Time": 734.9, "Actual Total Time": 3349.479, "Actual Rows": 1200363, "Actual Loops": 119972, "Index Cond": "(o_custkey = customer.c_custkey)", "Rows Removed by Index Recheck": 0}]}, {"Node Type": "Index Scan", "Parent Relationship": "Inner", "Scan Direction": "Forward", "Index Name": "idx_lineitem_orderkey", "Relation Name": "lineitem", "Alias": "lineitem", "Startup Cost": 0.0, "Total Cost": 0.91, "Plan Rows": 3, "Plan Width": 40, "Actual Startup Time": 13114.435, "Actual Total Time": 14307.284, "Actual Rows": 1459150, "Actual Loops": 1200363, "Index Cond": "(l_orderkey = orders.o_orderkey)", "Rows Removed by Index Recheck": 0, "Filter": "((l_shipdate >= '1995-01-01 00:00:00'::timestamp(0) without time zone) AND (l_shipdate <= '1996-12-31 00:00:00'::timestamp(0) without time zone))", "Rows Removed by Filter": 3342563}]}, {"Node Type": "Hash", "Parent Relationship": "Inner", "Startup Cost": 3283.0, "Total Cost": 3283.0, "Plan Rows": 100000, "Plan Width": 12, "Actual Startup Time": 66.467, "Actual Total Time": 66.467, "Actual Rows": 100000, "Actual Loops": 1, "Hash Buckets": 131072, "Hash Batches": 1, "Original Hash Batches": 1, "Peak Memory Usage": 4297, "Plans": [{"Node Type": "Seq Scan", "Parent Relationship": "Outer", "Relation Name": "supplier", "Alias": "supplier", "Startup Cost": 0.0, "Total Cost": 3283.0, "Plan Rows": 100000, "Plan Width": 12, "Actual Startup Time": 0.017, "Actual Total Time": 35.896, "Actual Rows": 100000, "Actual Loops": 1}]}]}]}]}, "Triggers": [], "Planner Runtime": 3, "Total Runtime": 20102.099, "Unique SQL Id": 2208782157}}, "(16, 41)": {"explain_plan": {"Plan": {"Node Type": "Sort", "Startup Cost": 657243.06, "Total Cost": 657252.28, "Plan Rows": 3688, "Plan Width": 84, "Sort Key": ["n1.n_name", "n2.n_name", "(date_part('year'::text, lineitem.l_shipdate))"], "Plans": [{"Node Type": "Aggregate", "Strategy": "Hashed", "Parent Relationship": "Outer", "Startup Cost": 656978.47, "Total Cost": 657024.57, "Plan Rows": 3688, "Plan Width": 84, "Group By Key": ["n1.n_name", "n2.n_name", "date_part('year'::text, lineitem.l_shipdate)"], "Plans": [{"Node Type": "Hash Join", "Parent Relationship": "Outer", "Join Type": "Inner", "Startup Cost": 6834.54, "Total Cost": 656923.15, "Plan Rows": 3688, "Plan Width": 76, "Inner Unique": true, "Hash Cond": "((lineitem.l_suppkey = supplier.s_suppkey) AND (n1.n_nationkey = supplier.s_nationkey))", "Plans": [{"Node Type": "Nested Loop", "Parent Relationship": "Outer", "Join Type": "Inner", "Startup Cost": 0.0, "Total Cost": 644504.63, "Plan Rows": 740786, "Plan Width": 88, "Inner Unique": false, "Plans": [{"Node Type": "Nested Loop", "Parent Relationship": "Outer", "Join Type": "Inner", "Startup Cost": 0.0, "Total Cost": 167767.0, "Plan Rows": 504972, "Plan Width": 64, "Inner Unique": false, "Plans": [{"Node Type": "Nested Loop", "Parent Relationship": "Outer", "Join Type": "Inner", "Startup Cost": 0.0, "Total Cost": 16644.48, "Plan Rows": 119904, "Plan Width": 64, "Inner Unique": false, "Plans": [{"Node Type": "Nested Loop", "Parent Relationship": "Outer", "Join Type": "Inner", "Startup Cost": 0.0, "Total Cost": 39.62, "Plan Rows": 2, "Plan Width": 60, "Inner Unique": false, "Join Filter": "(((n1.n_name = 'JAPAN'::bpchar) AND (n2.n_name = 'INDIA'::bpchar)) OR ((n1.n_name = 'INDIA'::bpchar) AND (n2.n_name = 'JAPAN'::bpchar)))", "Plans": [{"Node Type": "Index Scan", "Parent Relationship": "Outer", "Scan Direction": "Forward", "Index Name": "nation_pkey", "Relation Name": "nation", "Alias": "n1", "Startup Cost": 0.0, "Total Cost": 12.75, "Plan Rows": 25, "Plan Width": 30, "Filter": "((n_name = 'JAPAN'::bpchar) OR (n_name = 'INDIA'::bpchar))"}, {"Node Type": "Materialize", "Parent Relationship": "Inner", "Startup Cost": 0.0, "Total Cost": 12.88, "Plan Rows": 25, "Plan Width": 30, "Plans": [{"Node Type": "Index Scan", "Parent Relationship": "Outer", "Scan Direction": "Forward", "Index Name": "nation_pkey", "Relation Name": "nation", "Alias": "n2", "Startup Cost": 0.0, "Total Cost": 12.75, "Plan Rows": 25, "Plan Width": 30, "Filter": "((n_name = 'INDIA'::bpchar) OR (n_name = 'JAPAN'::bpchar))"}]}]}, {"Node Type": "Index Scan", "Parent Relationship": "Inner", "Scan Direction": "Forward", "Index Name": "idx_customer_nationkey", "Relation Name": "customer", "Alias": "customer", "Startup Cost": 0.0, "Total Cost": 7702.43, "Plan Rows": 60000, "Plan Width": 12, "Index Cond": "(c_nationkey = n2.n_nationkey)"}]}, {"Node Type": "Index Scan", "Parent Relationship": "Inner", "Scan Direction": "Forward", "Index Name": "idx_orders_custkey", "Relation Name": "orders", "Alias": "orders", "Startup Cost": 0.0, "Total Cost": 1.22, "Plan Rows": 4, "Plan Width": 16, "Index Cond": "(o_custkey = customer.c_custkey)"}]}, {"Node Type": "Index Scan", "Parent Relationship": "Inner", "Scan Direction": "Forward", "Index Name": "idx_lineitem_orderkey", "Relation Name": "lineitem", "Alias": "lineitem", "Startup Cost": 0.0, "Total Cost": 0.91, "Plan Rows": 3, "Plan Width": 40, "Index Cond": "(l_orderkey = orders.o_orderkey)", "Filter": "((l_shipdate >= '1995-01-01 00:00:00'::timestamp(0) without time zone) AND (l_shipdate <= '1996-12-31 00:00:00'::timestamp(0) without time zone))"}]}, {"Node Type": "Hash", "Parent Relationship": "Inner", "Startup Cost": 5334.54, "Total Cost": 5334.54, "Plan Rows": 100000, "Plan Width": 12, "Plans": [{"Node Type": "Index Scan", "Parent Relationship": "Outer", "Scan Direction": "Forward", "Index Name": "supplier_pkey", "Relation Name": "supplier", "Alias": "supplier", "Startup Cost": 0.0, "Total Cost": 5334.54, "Plan Rows": 100000, "Plan Width": 12}]}]}]}]}, "Unique SQL Id": 2208782157, "Planner Runtime": 3}, "explain_analyze_plan": {"Plan": {"Node Type": "Sort", "Startup Cost": 657243.06, "Total Cost": 657252.28, "Plan Rows": 3688, "Plan Width": 84, "Actual Startup Time": 20192.933, "Actual Total Time": 20192.934, "Actual Rows": 4, "Actual Loops": 1, "Sort Key": ["n1.n_name", "n2.n_name", "(date_part('year'::text, lineitem.l_shipdate))"], "Sort Method": "quicksort", "Sort Space Used": 25, "Sort Space Type": "Memory", "Plans": [{"Node Type": "Aggregate", "Strategy": "Hashed", "Parent Relationship": "Outer", "Startup Cost": 656978.47, "Total Cost": 657024.57, "Plan Rows": 3688, "Plan Width": 84, "Actual Startup Time": 20192.889, "Actual Total Time": 20192.895, "Actual Rows": 4, "Actual Loops": 1, "Group By Key": ["n1.n_name", "n2.n_name", "date_part('year'::text, lineitem.l_shipdate)"], "Plans": [{"Node Type": "Hash Join", "Parent Relationship": "Outer", "Join Type": "Inner", "Startup Cost": 6834.54, "Total Cost": 656923.15, "Plan Rows": 3688, "Plan Width": 76, "Actual Startup Time": 98.367, "Actual Total Time": 20087.363, "Actual Rows": 58554, "Actual Loops": 1, "Inner Unique": true, "Hash Cond": "((lineitem.l_suppkey = supplier.s_suppkey) AND (n1.n_nationkey = supplier.s_nationkey))", "Plans": [{"Node Type": "Nested Loop", "Parent Relationship": "Outer", "Join Type": "Inner", "Startup Cost": 0.0, "Total Cost": 644504.63, "Plan Rows": 740786, "Plan Width": 88, "Actual Startup Time": 0.151, "Actual Total Time": 19230.01, "Actual Rows": 1459150, "Actual Loops": 1, "Inner Unique": false, "Plans": [{"Node Type": "Nested Loop", "Parent Relationship": "Outer", "Join Type": "Inner", "Startup Cost": 0.0, "Total Cost": 167767.0, "Plan Rows": 504972, "Plan Width": 64, "Actual Startup Time": 0.093, "Actual Total Time": 4021.421, "Actual Rows": 1200363, "Actual Loops": 1, "Inner Unique": false, "Plans": [{"Node Type": "Nested Loop", "Parent Relationship": "Outer", "Join Type": "Inner", "Startup Cost": 0.0, "Total Cost": 16644.48, "Plan Rows": 119904, "Plan Width": 64, "Actual Startup Time": 0.081, "Actual Total Time": 223.075, "Actual Rows": 119972, "Actual Loops": 1, "Inner Unique": false, "Plans": [{"Node Type": "Nested Loop", "Parent Relationship": "Outer", "Join Type": "Inner", "Startup Cost": 0.0, "Total Cost": 39.62, "Plan Rows": 2, "Plan Width": 60, "Actual Startup Time": 0.05, "Actual Total Time": 0.214, "Actual Rows": 2, "Actual Loops": 1, "Inner Unique": false, "Join Filter": "(((n1.n_name = 'JAPAN'::bpchar) AND (n2.n_name = 'INDIA'::bpchar)) OR ((n1.n_name = 'INDIA'::bpchar) AND (n2.n_name = 'JAPAN'::bpchar)))", "Rows Removed by Join Filter": 2, "Plans": [{"Node Type": "Index Scan", "Parent Relationship": "Outer", "Scan Direction": "Forward", "Index Name": "nation_pkey", "Relation Name": "nation", "Alias": "n1", "Startup Cost": 0.0, "Total Cost": 12.75, "Plan Rows": 25, "Plan Width": 30, "Actual Startup Time": 0.027, "Actual Total Time": 0.059, "Actual Rows": 2, "Actual Loops": 1, "Filter": "((n_name = 'JAPAN'::bpchar) OR (n_name = 'INDIA'::bpchar))", "Rows Removed by Filter": 23}, {"Node Type": "Materialize", "Parent Relationship": "Inner", "Startup Cost": 0.0, "Total Cost": 12.88, "Plan Rows": 25, "Plan Width": 30, "Actual Startup Time": 0.015, "Actual Total Time": 0.053, "Actual Rows": 4, "Actual Loops": 2, "Plans": [{"Node Type": "Index Scan", "Parent Relationship": "Outer", "Scan Direction": "Forward", "Index Name": "nation_pkey", "Relation Name": "nation", "Alias": "n2", "Startup Cost": 0.0, "Total Cost": 12.75, "Plan Rows": 25, "Plan Width": 30, "Actual Startup Time": 0.01, "Actual Total Time": 0.042, "Actual Rows": 2, "Actual Loops": 1, "Filter": "((n_name = 'INDIA'::bpchar) OR (n_name = 'JAPAN'::bpchar))", "Rows Removed by Filter": 23}]}]}, {"Node Type": "Index Scan", "Parent Relationship": "Inner", "Scan Direction": "Forward", "Index Name": "idx_customer_nationkey", "Relation Name": "customer", "Alias": "customer", "Startup Cost": 0.0, "Total Cost": 7702.43, "Plan Rows": 60000, "Plan Width": 12, "Actual Startup Time": 0.052, "Actual Total Time": 187.081, "Actual Rows": 119972, "Actual Loops": 2, "Index Cond": "(c_nationkey = n2.n_nationkey)", "Rows Removed by Index Recheck": 0}]}, {"Node Type": "Index Scan", "Parent Relationship": "Inner", "Scan Direction": "Forward", "Index Name": "idx_orders_custkey", "Relation Name": "orders", "Alias": "orders", "Startup Cost": 0.0, "Total Cost": 1.22, "Plan Rows": 4, "Plan Width": 16, "Actual Startup Time": 742.261, "Actual Total Time": 3448.447, "Actual Rows": 1200363, "Actual Loops": 119972, "Index Cond": "(o_custkey = customer.c_custkey)", "Rows Removed by Index Recheck": 0}]}, {"Node Type": "Index Scan", "Parent Relationship": "Inner", "Scan Direction": "Forward", "Index Name": "idx_lineitem_orderkey", "Relation Name": "lineitem", "Alias": "lineitem", "Startup Cost": 0.0, "Total Cost": 0.91, "Plan Rows": 3, "Plan Width": 40, "Actual Startup Time": 13059.952, "Actual Total Time": 14241.321, "Actual Rows": 1459150, "Actual Loops": 1200363, "Index Cond": "(l_orderkey = orders.o_orderkey)", "Rows Removed by Index Recheck": 0, "Filter": "((l_shipdate >= '1995-01-01 00:00:00'::timestamp(0) without time zone) AND (l_shipdate <= '1996-12-31 00:00:00'::timestamp(0) without time zone))", "Rows Removed by Filter": 3342563}]}, {"Node Type": "Hash", "Parent Relationship": "Inner", "Startup Cost": 5334.54, "Total Cost": 5334.54, "Plan Rows": 100000, "Plan Width": 12, "Actual Startup Time": 97.954, "Actual Total Time": 97.954, "Actual Rows": 100000, "Actual Loops": 1, "Hash Buckets": 131072, "Hash Batches": 1, "Original Hash Batches": 1, "Peak Memory Usage": 4297, "Plans": [{"Node Type": "Index Scan", "Parent Relationship": "Outer", "Scan Direction": "Forward", "Index Name": "supplier_pkey", "Relation Name": "supplier", "Alias": "supplier", "Startup Cost": 0.0, "Total Cost": 5334.54, "Plan Rows": 100000, "Plan Width": 12, "Actual Startup Time": 0.02, "Actual Total Time": 65.869, "Actual Rows": 100000, "Actual Loops": 1}]}]}]}]}, "Triggers": [], "Planner Runtime": 3, "Total Runtime": 20193.168, "Unique SQL Id": 2208782157}}, "(16, 42)": {"explain_plan": {"Plan": {"Node Type": "Sort", "Startup Cost": 2961361.75, "Total Cost": 2961370.97, "Plan Rows": 3688, "Plan Width": 84, "Sort Key": ["n1.n_name", "n2.n_name", "(date_part('year'::text, lineitem.l_shipdate))"], "Plans": [{"Node Type": "Aggregate", "Strategy": "Hashed", "Parent Relationship": "Outer", "Startup Cost": 2961097.16, "Total Cost": 2961143.26, "Plan Rows": 3688, "Plan Width": 84, "Group By Key": ["n1.n_name", "n2.n_name", "date_part('year'::text, lineitem.l_shipdate)"], "Plans": [{"Node Type": "Hash Join", "Parent Relationship": "Outer", "Join Type": "Inner", "Startup Cost": 557677.13, "Total Cost": 2961041.84, "Plan Rows": 3688, "Plan Width": 76, "Inner Unique": true, "Hash Cond": "((lineitem.l_suppkey = supplier.s_suppkey) AND (n1.n_nationkey = supplier.s_nationkey))", "Plans": [{"Node Type": "Hash Join", "Parent Relationship": "Outer", "Join Type": "Inner", "Startup Cost": 552894.13, "Total Cost": 2950674.86, "Plan Rows": 740786, "Plan Width": 88, "Inner Unique": false, "Hash Cond": "(lineitem.l_orderkey = orders.o_orderkey), (LLVM Optimized)", "Plans": [{"Node Type": "Seq Scan", "Parent Relationship": "Outer", "Relation Name": "lineitem", "Alias": "lineitem", "Startup Cost": 44.6, "Total Cost": 2315050.5, "Plan Rows": 18124991, "Plan Width": 40, "Filter": "((l_shipdate >= '1995-01-01 00:00:00'::timestamp(0) without time zone) AND (l_shipdate <= '1996-12-31 00:00:00'::timestamp(0) without time zone)), (LLVM Optimized)"}, {"Node Type": "Hash", "Parent Relationship": "Inner", "Startup Cost": 546537.38, "Total Cost": 546537.38, "Plan Rows": 504972, "Plan Width": 64, "Plans": [{"Node Type": "Hash Join", "Parent Relationship": "Outer", "Join Type": "Inner", "Startup Cost": 58825.83, "Total Cost": 546537.38, "Plan Rows": 504972, "Plan Width": 64, "Inner Unique": false, "Hash Cond": "(orders.o_custkey = customer.c_custkey), (LLVM Optimized)", "Plans": [{"Node Type": "Seq Scan", "Parent Relationship": "Outer", "Relation Name": "orders", "Alias": "orders", "Startup Cost": 0.0, "Total Cost": 426413.79, "Plan Rows": 14999479, "Plan Width": 16}, {"Node Type": "Hash", "Parent Relationship": "Inner", "Startup Cost": 57327.03, "Total Cost": 57327.03, "Plan Rows": 119904, "Plan Width": 64, "Plans": [{"Node Type": "Hash Join", "Parent Relationship": "Outer", "Join Type": "Inner", "Startup Cost": 16.65, "Total Cost": 57327.03, "Plan Rows": 119904, "Plan Width": 64, "Inner Unique": false, "Hash Cond": "(customer.c_nationkey = n2.n_nationkey), (LLVM Optimized)", "Plans": [{"Node Type": "Seq Scan", "Parent Relationship": "Outer", "Relation Name": "customer", "Alias": "customer", "Startup Cost": 0.0, "Total Cost": 52126.0, "Plan Rows": 1500000, "Plan Width": 12}, {"Node Type": "Hash", "Parent Relationship": "Inner", "Startup Cost": 16.62, "Total Cost": 16.62, "Plan Rows": 2, "Plan Width": 60, "Plans": [{"Node Type": "Nested Loop", "Parent Relationship": "Outer", "Join Type": "Inner", "Startup Cost": 0.0, "Total Cost": 16.62, "Plan Rows": 2, "Plan Width": 60, "Inner Unique": false, "Join Filter": "(((n1.n_name = 'JAPAN'::bpchar) AND (n2.n_name = 'INDIA'::bpchar)) OR ((n1.n_name = 'INDIA'::bpchar) AND (n2.n_name = 'JAPAN'::bpchar)))", "Plans": [{"Node Type": "Seq Scan", "Parent Relationship": "Outer", "Relation Name": "nation", "Alias": "n1", "Startup Cost": 0.0, "Total Cost": 1.25, "Plan Rows": 25, "Plan Width": 30, "Filter": "((n_name = 'JAPAN'::bpchar) OR (n_name = 'INDIA'::bpchar))"}, {"Node Type": "Materialize", "Parent Relationship": "Inner", "Startup Cost": 0.0, "Total Cost": 1.38, "Plan Rows": 25, "Plan Width": 30, "Plans": [{"Node Type": "Seq Scan", "Parent Relationship": "Outer", "Relation Name": "nation", "Alias": "n2", "Startup Cost": 0.0, "Total Cost": 1.25, "Plan Rows": 25, "Plan Width": 30, "Filter": "((n_name = 'INDIA'::bpchar) OR (n_name = 'JAPAN'::bpchar))"}]}]}]}]}]}]}]}]}, {"Node Type": "Hash", "Parent Relationship": "Inner", "Startup Cost": 3283.0, "Total Cost": 3283.0, "Plan Rows": 100000, "Plan Width": 12, "Plans": [{"Node Type": "Seq Scan", "Parent Relationship": "Outer", "Relation Name": "supplier", "Alias": "supplier", "Startup Cost": 0.0, "Total Cost": 3283.0, "Plan Rows": 100000, "Plan Width": 12}]}]}]}]}, "Unique SQL Id": 2208782157, "Planner Runtime": 3}, "explain_analyze_plan": null}, "(16, 43)": {"explain_plan": {"Plan": {"Node Type": "Sort", "Startup Cost": 6025775461732.55, "Total Cost": 6025775461741.77, "Plan Rows": 3688, "Plan Width": 84, "Sort Key": ["n1.n_name", "n2.n_name", "(date_part('year'::text, lineitem.l_shipdate))"], "Plans": [{"Node Type": "Aggregate", "Strategy": "Hashed", "Parent Relationship": "Outer", "Startup Cost": 6025775461467.96, "Total Cost": 6025775461514.06, "Plan Rows": 3688, "Plan Width": 84, "Group By Key": ["n1.n_name", "n2.n_name", "date_part('year'::text, lineitem.l_shipdate)"], "Plans": [{"Node Type": "Nested Loop", "Parent Relationship": "Outer", "Join Type": "Inner", "Startup Cost": 60000000000.0, "Total Cost": 6025775461412.64, "Plan Rows": 3688, "Plan Width": 76, "Inner Unique": false, "Join Filter": "((orders.o_custkey = customer.c_custkey) AND (n2.n_nationkey = customer.c_nationkey))", "Plans": [{"Node Type": "Index Scan", "Parent Relationship": "Outer", "Scan Direction": "Forward", "Index Name": "customer_pkey", "Relation Name": "customer", "Alias": "customer", "Startup Cost": 10000000000.0, "Total Cost": 1000008076535.62, "Plan Rows": 1500000, "Plan Width": 12}, {"Node Type": "Materialize", "Parent Relationship": "Inner", "Startup Cost": 50000000000.0, "Total Cost": 5023346951348.32, "Plan Rows": 92207, "Plan Width": 88, "Plans": [{"Node Type": "Nested Loop", "Parent Relationship": "Outer", "Join Type": "Inner", "Startup Cost": 50000000000.0, "Total Cost": 5023346950887.28, "Plan Rows": 92207, "Plan Width": 88, "Inner Unique": true, "Join Filter": "(lineitem.l_orderkey = orders.o_orderkey)", "Plans": [{"Node Type": "Nested Loop", "Parent Relationship": "Outer", "Join Type": "Inner", "Startup Cost": 40000000000.0, "Total Cost": 4002527961142.79, "Plan Rows": 92207, "Plan Width": 88, "Inner Unique": false, "Join Filter": "(supplier.s_suppkey = lineitem.l_suppkey)", "Plans": [{"Node Type": "Nested Loop", "Parent Relationship": "Outer", "Join Type": "Inner", "Startup Cost": 30000000000.0, "Total Cost": 3000000539268.5, "Plan Rows": 7994, "Plan Width": 64, "Inner Unique": false, "Join Filter": "(n1.n_nationkey = supplier.s_nationkey)", "Plans": [{"Node Type": "Nested Loop", "Parent Relationship": "Outer", "Join Type": "Inner", "Startup Cost": 20000000000.0, "Total Cost": 2000000002564.12, "Plan Rows": 2, "Plan Width": 60, "Inner Unique": false, "Join Filter": "(((n1.n_name = 'JAPAN'::bpchar) AND (n2.n_name = 'INDIA'::bpchar)) OR ((n1.n_name = 'INDIA'::bpchar) AND (n2.n_name = 'JAPAN'::bpchar)))", "Plans": [{"Node Type": "Index Scan", "Parent Relationship": "Outer", "Scan Direction": "Forward", "Index Name": "nation_pkey", "Relation Name": "nation", "Alias": "n2", "Startup Cost": 10000000000.0, "Total Cost": 1000000001275.0, "Plan Rows": 25, "Plan Width": 30, "Filter": "((n_name = 'INDIA'::bpchar) OR (n_name = 'JAPAN'::bpchar))"}, {"Node Type": "Materialize", "Parent Relationship": "Inner", "Startup Cost": 10000000000.0, "Total Cost": 1000000001275.12, "Plan Rows": 25, "Plan Width": 30, "Plans": [{"Node Type": "Index Scan", "Parent Relationship": "Outer", "Scan Direction": "Forward", "Index Name": "nation_pkey", "Relation Name": "nation", "Alias": "n1", "Startup Cost": 10000000000.0, "Total Cost": 1000000001275.0, "Plan Rows": 25, "Plan Width": 30, "Filter": "((n_name = 'JAPAN'::bpchar) OR (n_name = 'INDIA'::bpchar))"}]}]}, {"Node Type": "Materialize", "Parent Relationship": "Inner", "Startup Cost": 10000000000.0, "Total Cost": 1000000533954.38, "Plan Rows": 100000, "Plan Width": 12, "Plans": [{"Node Type": "Index Scan", "Parent Relationship": "Outer", "Scan Direction": "Forward", "Index Name": "supplier_pkey", "Relation Name": "supplier", "Alias": "supplier", "Startup Cost": 10000000000.0, "Total Cost": 1000000533454.38, "Plan Rows": 100000, "Plan Width": 12}]}]}, {"Node Type": "Materialize", "Parent Relationship": "Inner", "Startup Cost": 10000000000.0, "Total Cost": 1000354099515.95, "Plan Rows": 18124991, "Plan Width": 40, "Plans": [{"Node Type": "Index Scan", "Parent Relationship": "Outer", "Scan Direction": "Forward", "Index Name": "idx_lineitem_orderkey", "Relation Name": "lineitem", "Alias": "lineitem", "Startup Cost": 10000000000.0, "Total Cost": 1000354008891.0, "Plan Rows": 18124991, "Plan Width": 40, "Filter": "((l_shipdate >= '1995-01-01 00:00:00'::timestamp(0) without time zone) AND (l_shipdate <= '1996-12-31 00:00:00'::timestamp(0) without time zone)), (LLVM Optimized)"}]}]}, {"Node Type": "Materialize", "Parent Relationship": "Inner", "Startup Cost": 10000000000.0, "Total Cost": 1000073172840.9, "Plan Rows": 14999479, "Plan Width": 16, "Plans": [{"Node Type": "Index Scan", "Parent Relationship": "Outer", "Scan Direction": "Forward", "Index Name": "orders_pkey", "Relation Name": "orders", "Alias": "orders", "Startup Cost": 10000000000.0, "Total Cost": 1000073097843.5, "Plan Rows": 14999479, "Plan Width": 16}]}]}]}]}]}]}, "Unique SQL Id": 2208782157, "Planner Runtime": 3}, "explain_analyze_plan": null}, "(16, 44)": {"explain_plan": {"Plan": {"Node Type": "Sort", "Startup Cost": 655180.01, "Total Cost": 655189.23, "Plan Rows": 3688, "Plan Width": 84, "Sort Key": ["n1.n_name", "n2.n_name", "(date_part('year'::text, lineitem.l_shipdate))"], "Plans": [{"Node Type": "Aggregate", "Strategy": "Hashed", "Parent Relationship": "Outer", "Startup Cost": 654915.42, "Total Cost": 654961.52, "Plan Rows": 3688, "Plan Width": 84, "Group By Key": ["n1.n_name", "n2.n_name", "date_part('year'::text, lineitem.l_shipdate)"], "Plans": [{"Node Type": "Hash Join", "Parent Relationship": "Outer", "Join Type": "Inner", "Startup Cost": 4783.0, "Total Cost": 654860.1, "Plan Rows": 3688, "Plan Width": 76, "Inner Unique": true, "Hash Cond": "((lineitem.l_suppkey = supplier.s_suppkey) AND (n1.n_nationkey = supplier.s_nationkey))", "Plans": [{"Node Type": "Nested Loop", "Parent Relationship": "Outer", "Join Type": "Inner", "Startup Cost": 0.0, "Total Cost": 644493.13, "Plan Rows": 740786, "Plan Width": 88, "Inner Unique": false, "Plans": [{"Node Type": "Nested Loop", "Parent Relationship": "Outer", "Join Type": "Inner", "Startup Cost": 0.0, "Total Cost": 167755.5, "Plan Rows": 504972, "Plan Width": 64, "Inner Unique": false, "Plans": [{"Node Type": "Nested Loop", "Parent Relationship": "Outer", "Join Type": "Inner", "Startup Cost": 0.0, "Total Cost": 16632.98, "Plan Rows": 119904, "Plan Width": 64, "Inner Unique": false, "Plans": [{"Node Type": "Nested Loop", "Parent Relationship": "Outer", "Join Type": "Inner", "Startup Cost": 0.0, "Total Cost": 28.12, "Plan Rows": 2, "Plan Width": 60, "Inner Unique": false, "Join Filter": "(((n1.n_name = 'JAPAN'::bpchar) AND (n2.n_name = 'INDIA'::bpchar)) OR ((n1.n_name = 'INDIA'::bpchar) AND (n2.n_name = 'JAPAN'::bpchar)))", "Plans": [{"Node Type": "Index Scan", "Parent Relationship": "Outer", "Scan Direction": "Forward", "Index Name": "nation_pkey", "Relation Name": "nation", "Alias": "n1", "Startup Cost": 0.0, "Total Cost": 12.75, "Plan Rows": 25, "Plan Width": 30, "Filter": "((n_name = 'JAPAN'::bpchar) OR (n_name = 'INDIA'::bpchar))"}, {"Node Type": "Materialize", "Parent Relationship": "Inner", "Startup Cost": 0.0, "Total Cost": 1.38, "Plan Rows": 25, "Plan Width": 30, "Plans": [{"Node Type": "Seq Scan", "Parent Relationship": "Outer", "Relation Name": "nation", "Alias": "n2", "Startup Cost": 0.0, "Total Cost": 1.25, "Plan Rows": 25, "Plan Width": 30, "Filter": "((n_name = 'INDIA'::bpchar) OR (n_name = 'JAPAN'::bpchar))"}]}]}, {"Node Type": "Index Scan", "Parent Relationship": "Inner", "Scan Direction": "Forward", "Index Name": "idx_customer_nationkey", "Relation Name": "customer", "Alias": "customer", "Startup Cost": 0.0, "Total Cost": 7702.43, "Plan Rows": 60000, "Plan Width": 12, "Index Cond": "(c_nationkey = n2.n_nationkey)"}]}, {"Node Type": "Index Scan", "Parent Relationship": "Inner", "Scan Direction": "Forward", "Index Name": "idx_orders_custkey", "Relation Name": "orders", "Alias": "orders", "Startup Cost": 0.0, "Total Cost": 1.22, "Plan Rows": 4, "Plan Width": 16, "Index Cond": "(o_custkey = customer.c_custkey)"}]}, {"Node Type": "Index Scan", "Parent Relationship": "Inner", "Scan Direction": "Forward", "Index Name": "idx_lineitem_orderkey", "Relation Name": "lineitem", "Alias": "lineitem", "Startup Cost": 0.0, "Total Cost": 0.91, "Plan Rows": 3, "Plan Width": 40, "Index Cond": "(l_orderkey = orders.o_orderkey)", "Filter": "((l_shipdate >= '1995-01-01 00:00:00'::timestamp(0) without time zone) AND (l_shipdate <= '1996-12-31 00:00:00'::timestamp(0) without time zone))"}]}, {"Node Type": "Hash", "Parent Relationship": "Inner", "Startup Cost": 3283.0, "Total Cost": 3283.0, "Plan Rows": 100000, "Plan Width": 12, "Plans": [{"Node Type": "Seq Scan", "Parent Relationship": "Outer", "Relation Name": "supplier", "Alias": "supplier", "Startup Cost": 0.0, "Total Cost": 3283.0, "Plan Rows": 100000, "Plan Width": 12}]}]}]}]}, "Unique SQL Id": 2208782157, "Planner Runtime": 3}, "explain_analyze_plan": {"Plan": {"Node Type": "Sort", "Startup Cost": 655180.01, "Total Cost": 655189.23, "Plan Rows": 3688, "Plan Width": 84, "Actual Startup Time": 20101.862, "Actual Total Time": 20101.863, "Actual Rows": 4, "Actual Loops": 1, "Sort Key": ["n1.n_name", "n2.n_name", "(date_part('year'::text, lineitem.l_shipdate))"], "Sort Method": "quicksort", "Sort Space Used": 25, "Sort Space Type": "Memory", "Plans": [{"Node Type": "Aggregate", "Strategy": "Hashed", "Parent Relationship": "Outer", "Startup Cost": 654915.42, "Total Cost": 654961.52, "Plan Rows": 3688, "Plan Width": 84, "Actual Startup Time": 20101.806, "Actual Total Time": 20101.811, "Actual Rows": 4, "Actual Loops": 1, "Group By Key": ["n1.n_name", "n2.n_name", "date_part('year'::text, lineitem.l_shipdate)"], "Plans": [{"Node Type": "Hash Join", "Parent Relationship": "Outer", "Join Type": "Inner", "Startup Cost": 4783.0, "Total Cost": 654860.1, "Plan Rows": 3688, "Plan Width": 76, "Actual Startup Time": 66.908, "Actual Total Time": 19998.057, "Actual Rows": 58554, "Actual Loops": 1, "Inner Unique": true, "Hash Cond": "((lineitem.l_suppkey = supplier.s_suppkey) AND (n1.n_nationkey = supplier.s_nationkey))", "Plans": [{"Node Type": "Nested Loop", "Parent Relationship": "Outer", "Join Type": "Inner", "Startup Cost": 0.0, "Total Cost": 644493.13, "Plan Rows": 740786, "Plan Width": 88, "Actual Startup Time": 0.174, "Actual Total Time": 19197.586, "Actual Rows": 1459150, "Actual Loops": 1, "Inner Unique": false, "Plans": [{"Node Type": "Nested Loop", "Parent Relationship": "Outer", "Join Type": "Inner", "Startup Cost": 0.0, "Total Cost": 167755.5, "Plan Rows": 504972, "Plan Width": 64, "Actual Startup Time": 0.116, "Actual Total Time": 3906.95, "Actual Rows": 1200363, "Actual Loops": 1, "Inner Unique": false, "Plans": [{"Node Type": "Nested Loop", "Parent Relationship": "Outer", "Join Type": "Inner", "Startup Cost": 0.0, "Total Cost": 16632.98, "Plan Rows": 119904, "Plan Width": 64, "Actual Startup Time": 0.105, "Actual Total Time": 217.394, "Actual Rows": 119972, "Actual Loops": 1, "Inner Unique": false, "Plans": [{"Node Type": "Nested Loop", "Parent Relationship": "Outer", "Join Type": "Inner", "Startup Cost": 0.0, "Total Cost": 28.12, "Plan Rows": 2, "Plan Width": 60, "Actual Startup Time": 0.071, "Actual Total Time": 0.282, "Actual Rows": 2, "Actual Loops": 1, "Inner Unique": false, "Join Filter": "(((n1.n_name = 'JAPAN'::bpchar) AND (n2.n_name = 'INDIA'::bpchar)) OR ((n1.n_name = 'INDIA'::bpchar) AND (n2.n_name = 'JAPAN'::bpchar)))", "Rows Removed by Join Filter": 2, "Plans": [{"Node Type": "Index Scan", "Parent Relationship": "Outer", "Scan Direction": "Forward", "Index Name": "nation_pkey", "Relation Name": "nation", "Alias": "n1", "Startup Cost": 0.0, "Total Cost": 12.75, "Plan Rows": 25, "Plan Width": 30, "Actual Startup Time": 0.03, "Actual Total Time": 0.075, "Actual Rows": 2, "Actual Loops": 1, "Filter": "((n_name = 'JAPAN'::bpchar) OR (n_name = 'INDIA'::bpchar))", "Rows Removed by Filter": 23}, {"Node Type": "Materialize", "Parent Relationship": "Inner", "Startup Cost": 0.0, "Total Cost": 1.38, "Plan Rows": 25, "Plan Width": 30, "Actual Startup Time": 0.031, "Actual Total Time": 0.128, "Actual Rows": 4, "Actual Loops": 2, "Plans": [{"Node Type": "Seq Scan", "Parent Relationship": "Outer", "Relation Name": "nation", "Alias": "n2", "Startup Cost": 0.0, "Total Cost": 1.25, "Plan Rows": 25, "Plan Width": 30, "Actual Startup Time": 0.02, "Actual Total Time": 0.039, "Actual Rows": 2, "Actual Loops": 1, "Filter": "((n_name = 'INDIA'::bpchar) OR (n_name = 'JAPAN'::bpchar))", "Rows Removed by Filter": 23}]}]}, {"Node Type": "Index Scan", "Parent Relationship": "Inner", "Scan Direction": "Forward", "Index Name": "idx_customer_nationkey", "Relation Name": "customer", "Alias": "customer", "Startup Cost": 0.0, "Total Cost": 7702.43, "Plan Rows": 60000, "Plan Width": 12, "Actual Startup Time": 0.051, "Actual Total Time": 183.595, "Actual Rows": 119972, "Actual Loops": 2, "Index Cond": "(c_nationkey = n2.n_nationkey)", "Rows Removed by Index Recheck": 0}]}, {"Node Type": "Index Scan", "Parent Relationship": "Inner", "Scan Direction": "Forward", "Index Name": "idx_orders_custkey", "Relation Name": "orders", "Alias": "orders", "Startup Cost": 0.0, "Total Cost": 1.22, "Plan Rows": 4, "Plan Width": 16, "Actual Startup Time": 734.9, "Actual Total Time": 3349.479, "Actual Rows": 1200363, "Actual Loops": 119972, "Index Cond": "(o_custkey = customer.c_custkey)", "Rows Removed by Index Recheck": 0}]}, {"Node Type": "Index Scan", "Parent Relationship": "Inner", "Scan Direction": "Forward", "Index Name": "idx_lineitem_orderkey", "Relation Name": "lineitem", "Alias": "lineitem", "Startup Cost": 0.0, "Total Cost": 0.91, "Plan Rows": 3, "Plan Width": 40, "Actual Startup Time": 13114.435, "Actual Total Time": 14307.284, "Actual Rows": 1459150, "Actual Loops": 1200363, "Index Cond": "(l_orderkey = orders.o_orderkey)", "Rows Removed by Index Recheck": 0, "Filter": "((l_shipdate >= '1995-01-01 00:00:00'::timestamp(0) without time zone) AND (l_shipdate <= '1996-12-31 00:00:00'::timestamp(0) without time zone))", "Rows Removed by Filter": 3342563}]}, {"Node Type": "Hash", "Parent Relationship": "Inner", "Startup Cost": 3283.0, "Total Cost": 3283.0, "Plan Rows": 100000, "Plan Width": 12, "Actual Startup Time": 66.467, "Actual Total Time": 66.467, "Actual Rows": 100000, "Actual Loops": 1, "Hash Buckets": 131072, "Hash Batches": 1, "Original Hash Batches": 1, "Peak Memory Usage": 4297, "Plans": [{"Node Type": "Seq Scan", "Parent Relationship": "Outer", "Relation Name": "supplier", "Alias": "supplier", "Startup Cost": 0.0, "Total Cost": 3283.0, "Plan Rows": 100000, "Plan Width": 12, "Actual Startup Time": 0.017, "Actual Total Time": 35.896, "Actual Rows": 100000, "Actual Loops": 1}]}]}]}]}, "Triggers": [], "Planner Runtime": 3, "Total Runtime": 20102.099, "Unique SQL Id": 2208782157}}, "(16, 45)": {"explain_plan": {"Plan": {"Node Type": "Sort", "Startup Cost": 657243.06, "Total Cost": 657252.28, "Plan Rows": 3688, "Plan Width": 84, "Sort Key": ["n1.n_name", "n2.n_name", "(date_part('year'::text, lineitem.l_shipdate))"], "Plans": [{"Node Type": "Aggregate", "Strategy": "Hashed", "Parent Relationship": "Outer", "Startup Cost": 656978.47, "Total Cost": 657024.57, "Plan Rows": 3688, "Plan Width": 84, "Group By Key": ["n1.n_name", "n2.n_name", "date_part('year'::text, lineitem.l_shipdate)"], "Plans": [{"Node Type": "Hash Join", "Parent Relationship": "Outer", "Join Type": "Inner", "Startup Cost": 6834.54, "Total Cost": 656923.15, "Plan Rows": 3688, "Plan Width": 76, "Inner Unique": true, "Hash Cond": "((lineitem.l_suppkey = supplier.s_suppkey) AND (n1.n_nationkey = supplier.s_nationkey))", "Plans": [{"Node Type": "Nested Loop", "Parent Relationship": "Outer", "Join Type": "Inner", "Startup Cost": 0.0, "Total Cost": 644504.63, "Plan Rows": 740786, "Plan Width": 88, "Inner Unique": false, "Plans": [{"Node Type": "Nested Loop", "Parent Relationship": "Outer", "Join Type": "Inner", "Startup Cost": 0.0, "Total Cost": 167767.0, "Plan Rows": 504972, "Plan Width": 64, "Inner Unique": false, "Plans": [{"Node Type": "Nested Loop", "Parent Relationship": "Outer", "Join Type": "Inner", "Startup Cost": 0.0, "Total Cost": 16644.48, "Plan Rows": 119904, "Plan Width": 64, "Inner Unique": false, "Plans": [{"Node Type": "Nested Loop", "Parent Relationship": "Outer", "Join Type": "Inner", "Startup Cost": 0.0, "Total Cost": 39.62, "Plan Rows": 2, "Plan Width": 60, "Inner Unique": false, "Join Filter": "(((n1.n_name = 'JAPAN'::bpchar) AND (n2.n_name = 'INDIA'::bpchar)) OR ((n1.n_name = 'INDIA'::bpchar) AND (n2.n_name = 'JAPAN'::bpchar)))", "Plans": [{"Node Type": "Index Scan", "Parent Relationship": "Outer", "Scan Direction": "Forward", "Index Name": "nation_pkey", "Relation Name": "nation", "Alias": "n1", "Startup Cost": 0.0, "Total Cost": 12.75, "Plan Rows": 25, "Plan Width": 30, "Filter": "((n_name = 'JAPAN'::bpchar) OR (n_name = 'INDIA'::bpchar))"}, {"Node Type": "Materialize", "Parent Relationship": "Inner", "Startup Cost": 0.0, "Total Cost": 12.88, "Plan Rows": 25, "Plan Width": 30, "Plans": [{"Node Type": "Index Scan", "Parent Relationship": "Outer", "Scan Direction": "Forward", "Index Name": "nation_pkey", "Relation Name": "nation", "Alias": "n2", "Startup Cost": 0.0, "Total Cost": 12.75, "Plan Rows": 25, "Plan Width": 30, "Filter": "((n_name = 'INDIA'::bpchar) OR (n_name = 'JAPAN'::bpchar))"}]}]}, {"Node Type": "Index Scan", "Parent Relationship": "Inner", "Scan Direction": "Forward", "Index Name": "idx_customer_nationkey", "Relation Name": "customer", "Alias": "customer", "Startup Cost": 0.0, "Total Cost": 7702.43, "Plan Rows": 60000, "Plan Width": 12, "Index Cond": "(c_nationkey = n2.n_nationkey)"}]}, {"Node Type": "Index Scan", "Parent Relationship": "Inner", "Scan Direction": "Forward", "Index Name": "idx_orders_custkey", "Relation Name": "orders", "Alias": "orders", "Startup Cost": 0.0, "Total Cost": 1.22, "Plan Rows": 4, "Plan Width": 16, "Index Cond": "(o_custkey = customer.c_custkey)"}]}, {"Node Type": "Index Scan", "Parent Relationship": "Inner", "Scan Direction": "Forward", "Index Name": "idx_lineitem_orderkey", "Relation Name": "lineitem", "Alias": "lineitem", "Startup Cost": 0.0, "Total Cost": 0.91, "Plan Rows": 3, "Plan Width": 40, "Index Cond": "(l_orderkey = orders.o_orderkey)", "Filter": "((l_shipdate >= '1995-01-01 00:00:00'::timestamp(0) without time zone) AND (l_shipdate <= '1996-12-31 00:00:00'::timestamp(0) without time zone))"}]}, {"Node Type": "Hash", "Parent Relationship": "Inner", "Startup Cost": 5334.54, "Total Cost": 5334.54, "Plan Rows": 100000, "Plan Width": 12, "Plans": [{"Node Type": "Index Scan", "Parent Relationship": "Outer", "Scan Direction": "Forward", "Index Name": "supplier_pkey", "Relation Name": "supplier", "Alias": "supplier", "Startup Cost": 0.0, "Total Cost": 5334.54, "Plan Rows": 100000, "Plan Width": 12}]}]}]}]}, "Unique SQL Id": 2208782157, "Planner Runtime": 3}, "explain_analyze_plan": {"Plan": {"Node Type": "Sort", "Startup Cost": 657243.06, "Total Cost": 657252.28, "Plan Rows": 3688, "Plan Width": 84, "Actual Startup Time": 20192.933, "Actual Total Time": 20192.934, "Actual Rows": 4, "Actual Loops": 1, "Sort Key": ["n1.n_name", "n2.n_name", "(date_part('year'::text, lineitem.l_shipdate))"], "Sort Method": "quicksort", "Sort Space Used": 25, "Sort Space Type": "Memory", "Plans": [{"Node Type": "Aggregate", "Strategy": "Hashed", "Parent Relationship": "Outer", "Startup Cost": 656978.47, "Total Cost": 657024.57, "Plan Rows": 3688, "Plan Width": 84, "Actual Startup Time": 20192.889, "Actual Total Time": 20192.895, "Actual Rows": 4, "Actual Loops": 1, "Group By Key": ["n1.n_name", "n2.n_name", "date_part('year'::text, lineitem.l_shipdate)"], "Plans": [{"Node Type": "Hash Join", "Parent Relationship": "Outer", "Join Type": "Inner", "Startup Cost": 6834.54, "Total Cost": 656923.15, "Plan Rows": 3688, "Plan Width": 76, "Actual Startup Time": 98.367, "Actual Total Time": 20087.363, "Actual Rows": 58554, "Actual Loops": 1, "Inner Unique": true, "Hash Cond": "((lineitem.l_suppkey = supplier.s_suppkey) AND (n1.n_nationkey = supplier.s_nationkey))", "Plans": [{"Node Type": "Nested Loop", "Parent Relationship": "Outer", "Join Type": "Inner", "Startup Cost": 0.0, "Total Cost": 644504.63, "Plan Rows": 740786, "Plan Width": 88, "Actual Startup Time": 0.151, "Actual Total Time": 19230.01, "Actual Rows": 1459150, "Actual Loops": 1, "Inner Unique": false, "Plans": [{"Node Type": "Nested Loop", "Parent Relationship": "Outer", "Join Type": "Inner", "Startup Cost": 0.0, "Total Cost": 167767.0, "Plan Rows": 504972, "Plan Width": 64, "Actual Startup Time": 0.093, "Actual Total Time": 4021.421, "Actual Rows": 1200363, "Actual Loops": 1, "Inner Unique": false, "Plans": [{"Node Type": "Nested Loop", "Parent Relationship": "Outer", "Join Type": "Inner", "Startup Cost": 0.0, "Total Cost": 16644.48, "Plan Rows": 119904, "Plan Width": 64, "Actual Startup Time": 0.081, "Actual Total Time": 223.075, "Actual Rows": 119972, "Actual Loops": 1, "Inner Unique": false, "Plans": [{"Node Type": "Nested Loop", "Parent Relationship": "Outer", "Join Type": "Inner", "Startup Cost": 0.0, "Total Cost": 39.62, "Plan Rows": 2, "Plan Width": 60, "Actual Startup Time": 0.05, "Actual Total Time": 0.214, "Actual Rows": 2, "Actual Loops": 1, "Inner Unique": false, "Join Filter": "(((n1.n_name = 'JAPAN'::bpchar) AND (n2.n_name = 'INDIA'::bpchar)) OR ((n1.n_name = 'INDIA'::bpchar) AND (n2.n_name = 'JAPAN'::bpchar)))", "Rows Removed by Join Filter": 2, "Plans": [{"Node Type": "Index Scan", "Parent Relationship": "Outer", "Scan Direction": "Forward", "Index Name": "nation_pkey", "Relation Name": "nation", "Alias": "n1", "Startup Cost": 0.0, "Total Cost": 12.75, "Plan Rows": 25, "Plan Width": 30, "Actual Startup Time": 0.027, "Actual Total Time": 0.059, "Actual Rows": 2, "Actual Loops": 1, "Filter": "((n_name = 'JAPAN'::bpchar) OR (n_name = 'INDIA'::bpchar))", "Rows Removed by Filter": 23}, {"Node Type": "Materialize", "Parent Relationship": "Inner", "Startup Cost": 0.0, "Total Cost": 12.88, "Plan Rows": 25, "Plan Width": 30, "Actual Startup Time": 0.015, "Actual Total Time": 0.053, "Actual Rows": 4, "Actual Loops": 2, "Plans": [{"Node Type": "Index Scan", "Parent Relationship": "Outer", "Scan Direction": "Forward", "Index Name": "nation_pkey", "Relation Name": "nation", "Alias": "n2", "Startup Cost": 0.0, "Total Cost": 12.75, "Plan Rows": 25, "Plan Width": 30, "Actual Startup Time": 0.01, "Actual Total Time": 0.042, "Actual Rows": 2, "Actual Loops": 1, "Filter": "((n_name = 'INDIA'::bpchar) OR (n_name = 'JAPAN'::bpchar))", "Rows Removed by Filter": 23}]}]}, {"Node Type": "Index Scan", "Parent Relationship": "Inner", "Scan Direction": "Forward", "Index Name": "idx_customer_nationkey", "Relation Name": "customer", "Alias": "customer", "Startup Cost": 0.0, "Total Cost": 7702.43, "Plan Rows": 60000, "Plan Width": 12, "Actual Startup Time": 0.052, "Actual Total Time": 187.081, "Actual Rows": 119972, "Actual Loops": 2, "Index Cond": "(c_nationkey = n2.n_nationkey)", "Rows Removed by Index Recheck": 0}]}, {"Node Type": "Index Scan", "Parent Relationship": "Inner", "Scan Direction": "Forward", "Index Name": "idx_orders_custkey", "Relation Name": "orders", "Alias": "orders", "Startup Cost": 0.0, "Total Cost": 1.22, "Plan Rows": 4, "Plan Width": 16, "Actual Startup Time": 742.261, "Actual Total Time": 3448.447, "Actual Rows": 1200363, "Actual Loops": 119972, "Index Cond": "(o_custkey = customer.c_custkey)", "Rows Removed by Index Recheck": 0}]}, {"Node Type": "Index Scan", "Parent Relationship": "Inner", "Scan Direction": "Forward", "Index Name": "idx_lineitem_orderkey", "Relation Name": "lineitem", "Alias": "lineitem", "Startup Cost": 0.0, "Total Cost": 0.91, "Plan Rows": 3, "Plan Width": 40, "Actual Startup Time": 13059.952, "Actual Total Time": 14241.321, "Actual Rows": 1459150, "Actual Loops": 1200363, "Index Cond": "(l_orderkey = orders.o_orderkey)", "Rows Removed by Index Recheck": 0, "Filter": "((l_shipdate >= '1995-01-01 00:00:00'::timestamp(0) without time zone) AND (l_shipdate <= '1996-12-31 00:00:00'::timestamp(0) without time zone))", "Rows Removed by Filter": 3342563}]}, {"Node Type": "Hash", "Parent Relationship": "Inner", "Startup Cost": 5334.54, "Total Cost": 5334.54, "Plan Rows": 100000, "Plan Width": 12, "Actual Startup Time": 97.954, "Actual Total Time": 97.954, "Actual Rows": 100000, "Actual Loops": 1, "Hash Buckets": 131072, "Hash Batches": 1, "Original Hash Batches": 1, "Peak Memory Usage": 4297, "Plans": [{"Node Type": "Index Scan", "Parent Relationship": "Outer", "Scan Direction": "Forward", "Index Name": "supplier_pkey", "Relation Name": "supplier", "Alias": "supplier", "Startup Cost": 0.0, "Total Cost": 5334.54, "Plan Rows": 100000, "Plan Width": 12, "Actual Startup Time": 0.02, "Actual Total Time": 65.869, "Actual Rows": 100000, "Actual Loops": 1}]}]}]}]}, "Triggers": [], "Planner Runtime": 3, "Total Runtime": 20193.168, "Unique SQL Id": 2208782157}}, "(16, 46)": {"explain_plan": {"Plan": {"Node Type": "Sort", "Startup Cost": 2961361.75, "Total Cost": 2961370.97, "Plan Rows": 3688, "Plan Width": 84, "Sort Key": ["n1.n_name", "n2.n_name", "(date_part('year'::text, lineitem.l_shipdate))"], "Plans": [{"Node Type": "Aggregate", "Strategy": "Hashed", "Parent Relationship": "Outer", "Startup Cost": 2961097.16, "Total Cost": 2961143.26, "Plan Rows": 3688, "Plan Width": 84, "Group By Key": ["n1.n_name", "n2.n_name", "date_part('year'::text, lineitem.l_shipdate)"], "Plans": [{"Node Type": "Hash Join", "Parent Relationship": "Outer", "Join Type": "Inner", "Startup Cost": 557677.13, "Total Cost": 2961041.84, "Plan Rows": 3688, "Plan Width": 76, "Inner Unique": true, "Hash Cond": "((lineitem.l_suppkey = supplier.s_suppkey) AND (n1.n_nationkey = supplier.s_nationkey))", "Plans": [{"Node Type": "Hash Join", "Parent Relationship": "Outer", "Join Type": "Inner", "Startup Cost": 552894.13, "Total Cost": 2950674.86, "Plan Rows": 740786, "Plan Width": 88, "Inner Unique": false, "Hash Cond": "(lineitem.l_orderkey = orders.o_orderkey), (LLVM Optimized)", "Plans": [{"Node Type": "Seq Scan", "Parent Relationship": "Outer", "Relation Name": "lineitem", "Alias": "lineitem", "Startup Cost": 44.6, "Total Cost": 2315050.5, "Plan Rows": 18124991, "Plan Width": 40, "Filter": "((l_shipdate >= '1995-01-01 00:00:00'::timestamp(0) without time zone) AND (l_shipdate <= '1996-12-31 00:00:00'::timestamp(0) without time zone)), (LLVM Optimized)"}, {"Node Type": "Hash", "Parent Relationship": "Inner", "Startup Cost": 546537.38, "Total Cost": 546537.38, "Plan Rows": 504972, "Plan Width": 64, "Plans": [{"Node Type": "Hash Join", "Parent Relationship": "Outer", "Join Type": "Inner", "Startup Cost": 58825.83, "Total Cost": 546537.38, "Plan Rows": 504972, "Plan Width": 64, "Inner Unique": false, "Hash Cond": "(orders.o_custkey = customer.c_custkey), (LLVM Optimized)", "Plans": [{"Node Type": "Seq Scan", "Parent Relationship": "Outer", "Relation Name": "orders", "Alias": "orders", "Startup Cost": 0.0, "Total Cost": 426413.79, "Plan Rows": 14999479, "Plan Width": 16}, {"Node Type": "Hash", "Parent Relationship": "Inner", "Startup Cost": 57327.03, "Total Cost": 57327.03, "Plan Rows": 119904, "Plan Width": 64, "Plans": [{"Node Type": "Hash Join", "Parent Relationship": "Outer", "Join Type": "Inner", "Startup Cost": 16.65, "Total Cost": 57327.03, "Plan Rows": 119904, "Plan Width": 64, "Inner Unique": false, "Hash Cond": "(customer.c_nationkey = n2.n_nationkey), (LLVM Optimized)", "Plans": [{"Node Type": "Seq Scan", "Parent Relationship": "Outer", "Relation Name": "customer", "Alias": "customer", "Startup Cost": 0.0, "Total Cost": 52126.0, "Plan Rows": 1500000, "Plan Width": 12}, {"Node Type": "Hash", "Parent Relationship": "Inner", "Startup Cost": 16.62, "Total Cost": 16.62, "Plan Rows": 2, "Plan Width": 60, "Plans": [{"Node Type": "Nested Loop", "Parent Relationship": "Outer", "Join Type": "Inner", "Startup Cost": 0.0, "Total Cost": 16.62, "Plan Rows": 2, "Plan Width": 60, "Inner Unique": false, "Join Filter": "(((n1.n_name = 'JAPAN'::bpchar) AND (n2.n_name = 'INDIA'::bpchar)) OR ((n1.n_name = 'INDIA'::bpchar) AND (n2.n_name = 'JAPAN'::bpchar)))", "Plans": [{"Node Type": "Seq Scan", "Parent Relationship": "Outer", "Relation Name": "nation", "Alias": "n1", "Startup Cost": 0.0, "Total Cost": 1.25, "Plan Rows": 25, "Plan Width": 30, "Filter": "((n_name = 'JAPAN'::bpchar) OR (n_name = 'INDIA'::bpchar))"}, {"Node Type": "Materialize", "Parent Relationship": "Inner", "Startup Cost": 0.0, "Total Cost": 1.38, "Plan Rows": 25, "Plan Width": 30, "Plans": [{"Node Type": "Seq Scan", "Parent Relationship": "Outer", "Relation Name": "nation", "Alias": "n2", "Startup Cost": 0.0, "Total Cost": 1.25, "Plan Rows": 25, "Plan Width": 30, "Filter": "((n_name = 'INDIA'::bpchar) OR (n_name = 'JAPAN'::bpchar))"}]}]}]}]}]}]}]}]}, {"Node Type": "Hash", "Parent Relationship": "Inner", "Startup Cost": 3283.0, "Total Cost": 3283.0, "Plan Rows": 100000, "Plan Width": 12, "Plans": [{"Node Type": "Seq Scan", "Parent Relationship": "Outer", "Relation Name": "supplier", "Alias": "supplier", "Startup Cost": 0.0, "Total Cost": 3283.0, "Plan Rows": 100000, "Plan Width": 12}]}]}]}]}, "Unique SQL Id": 2208782157, "Planner Runtime": 3}, "explain_analyze_plan": null}, "(16, 47)": {"explain_plan": {"Plan": {"Node Type": "Sort", "Startup Cost": 6025775461732.55, "Total Cost": 6025775461741.77, "Plan Rows": 3688, "Plan Width": 84, "Sort Key": ["n1.n_name", "n2.n_name", "(date_part('year'::text, lineitem.l_shipdate))"], "Plans": [{"Node Type": "Aggregate", "Strategy": "Hashed", "Parent Relationship": "Outer", "Startup Cost": 6025775461467.96, "Total Cost": 6025775461514.06, "Plan Rows": 3688, "Plan Width": 84, "Group By Key": ["n1.n_name", "n2.n_name", "date_part('year'::text, lineitem.l_shipdate)"], "Plans": [{"Node Type": "Nested Loop", "Parent Relationship": "Outer", "Join Type": "Inner", "Startup Cost": 60000000000.0, "Total Cost": 6025775461412.64, "Plan Rows": 3688, "Plan Width": 76, "Inner Unique": false, "Join Filter": "((orders.o_custkey = customer.c_custkey) AND (n2.n_nationkey = customer.c_nationkey))", "Plans": [{"Node Type": "Index Scan", "Parent Relationship": "Outer", "Scan Direction": "Forward", "Index Name": "customer_pkey", "Relation Name": "customer", "Alias": "customer", "Startup Cost": 10000000000.0, "Total Cost": 1000008076535.62, "Plan Rows": 1500000, "Plan Width": 12}, {"Node Type": "Materialize", "Parent Relationship": "Inner", "Startup Cost": 50000000000.0, "Total Cost": 5023346951348.32, "Plan Rows": 92207, "Plan Width": 88, "Plans": [{"Node Type": "Nested Loop", "Parent Relationship": "Outer", "Join Type": "Inner", "Startup Cost": 50000000000.0, "Total Cost": 5023346950887.28, "Plan Rows": 92207, "Plan Width": 88, "Inner Unique": true, "Join Filter": "(lineitem.l_orderkey = orders.o_orderkey)", "Plans": [{"Node Type": "Nested Loop", "Parent Relationship": "Outer", "Join Type": "Inner", "Startup Cost": 40000000000.0, "Total Cost": 4002527961142.79, "Plan Rows": 92207, "Plan Width": 88, "Inner Unique": false, "Join Filter": "(supplier.s_suppkey = lineitem.l_suppkey)", "Plans": [{"Node Type": "Nested Loop", "Parent Relationship": "Outer", "Join Type": "Inner", "Startup Cost": 30000000000.0, "Total Cost": 3000000539268.5, "Plan Rows": 7994, "Plan Width": 64, "Inner Unique": false, "Join Filter": "(n1.n_nationkey = supplier.s_nationkey)", "Plans": [{"Node Type": "Nested Loop", "Parent Relationship": "Outer", "Join Type": "Inner", "Startup Cost": 20000000000.0, "Total Cost": 2000000002564.12, "Plan Rows": 2, "Plan Width": 60, "Inner Unique": false, "Join Filter": "(((n1.n_name = 'JAPAN'::bpchar) AND (n2.n_name = 'INDIA'::bpchar)) OR ((n1.n_name = 'INDIA'::bpchar) AND (n2.n_name = 'JAPAN'::bpchar)))", "Plans": [{"Node Type": "Index Scan", "Parent Relationship": "Outer", "Scan Direction": "Forward", "Index Name": "nation_pkey", "Relation Name": "nation", "Alias": "n2", "Startup Cost": 10000000000.0, "Total Cost": 1000000001275.0, "Plan Rows": 25, "Plan Width": 30, "Filter": "((n_name = 'INDIA'::bpchar) OR (n_name = 'JAPAN'::bpchar))"}, {"Node Type": "Materialize", "Parent Relationship": "Inner", "Startup Cost": 10000000000.0, "Total Cost": 1000000001275.12, "Plan Rows": 25, "Plan Width": 30, "Plans": [{"Node Type": "Index Scan", "Parent Relationship": "Outer", "Scan Direction": "Forward", "Index Name": "nation_pkey", "Relation Name": "nation", "Alias": "n1", "Startup Cost": 10000000000.0, "Total Cost": 1000000001275.0, "Plan Rows": 25, "Plan Width": 30, "Filter": "((n_name = 'JAPAN'::bpchar) OR (n_name = 'INDIA'::bpchar))"}]}]}, {"Node Type": "Materialize", "Parent Relationship": "Inner", "Startup Cost": 10000000000.0, "Total Cost": 1000000533954.38, "Plan Rows": 100000, "Plan Width": 12, "Plans": [{"Node Type": "Index Scan", "Parent Relationship": "Outer", "Scan Direction": "Forward", "Index Name": "supplier_pkey", "Relation Name": "supplier", "Alias": "supplier", "Startup Cost": 10000000000.0, "Total Cost": 1000000533454.38, "Plan Rows": 100000, "Plan Width": 12}]}]}, {"Node Type": "Materialize", "Parent Relationship": "Inner", "Startup Cost": 10000000000.0, "Total Cost": 1000354099515.95, "Plan Rows": 18124991, "Plan Width": 40, "Plans": [{"Node Type": "Index Scan", "Parent Relationship": "Outer", "Scan Direction": "Forward", "Index Name": "idx_lineitem_orderkey", "Relation Name": "lineitem", "Alias": "lineitem", "Startup Cost": 10000000000.0, "Total Cost": 1000354008891.0, "Plan Rows": 18124991, "Plan Width": 40, "Filter": "((l_shipdate >= '1995-01-01 00:00:00'::timestamp(0) without time zone) AND (l_shipdate <= '1996-12-31 00:00:00'::timestamp(0) without time zone)), (LLVM Optimized)"}]}]}, {"Node Type": "Materialize", "Parent Relationship": "Inner", "Startup Cost": 10000000000.0, "Total Cost": 1000073172840.9, "Plan Rows": 14999479, "Plan Width": 16, "Plans": [{"Node Type": "Index Scan", "Parent Relationship": "Outer", "Scan Direction": "Forward", "Index Name": "orders_pkey", "Relation Name": "orders", "Alias": "orders", "Startup Cost": 10000000000.0, "Total Cost": 1000073097843.5, "Plan Rows": 14999479, "Plan Width": 16}]}]}]}]}]}]}, "Unique SQL Id": 2208782157, "Planner Runtime": 3}, "explain_analyze_plan": null}, "(16, 48)": {"explain_plan": {"Plan": {"Node Type": "Sort", "Startup Cost": 852790.92, "Total Cost": 852800.14, "Plan Rows": 3688, "Plan Width": 84, "Sort Key": ["n1.n_name", "n2.n_name", "(date_part('year'::text, lineitem.l_shipdate))"], "Plans": [{"Node Type": "Aggregate", "Strategy": "Hashed", "Parent Relationship": "Outer", "Startup Cost": 852526.33, "Total Cost": 852572.43, "Plan Rows": 3688, "Plan Width": 84, "Group By Key": ["n1.n_name", "n2.n_name", "date_part('year'::text, lineitem.l_shipdate)"], "Plans": [{"Node Type": "Nested Loop", "Parent Relationship": "Outer", "Join Type": "Inner", "Startup Cost": 1030.37, "Total Cost": 852471.01, "Plan Rows": 3688, "Plan Width": 76, "Inner Unique": true, "Join Filter": "(n1.n_nationkey = supplier.s_nationkey)", "Plans": [{"Node Type": "Nested Loop", "Parent Relationship": "Outer", "Join Type": "Inner", "Startup Cost": 1030.37, "Total Cost": 642753.24, "Plan Rows": 740786, "Plan Width": 88, "Inner Unique": false, "Plans": [{"Node Type": "Nested Loop", "Parent Relationship": "Outer", "Join Type": "Inner", "Startup Cost": 1030.37, "Total Cost": 166015.61, "Plan Rows": 504972, "Plan Width": 64, "Inner Unique": false, "Plans": [{"Node Type": "Nested Loop", "Parent Relationship": "Outer", "Join Type": "Inner", "Startup Cost": 1030.37, "Total Cost": 14893.09, "Plan Rows": 119904, "Plan Width": 64, "Inner Unique": false, "Plans": [{"Node Type": "Nested Loop", "Parent Relationship": "Outer", "Join Type": "Inner", "Startup Cost": 0.0, "Total Cost": 28.12, "Plan Rows": 2, "Plan Width": 60, "Inner Unique": false, "Join Filter": "(((n1.n_name = 'JAPAN'::bpchar) AND (n2.n_name = 'INDIA'::bpchar)) OR ((n1.n_name = 'INDIA'::bpchar) AND (n2.n_name = 'JAPAN'::bpchar)))", "Plans": [{"Node Type": "Index Scan", "Parent Relationship": "Outer", "Scan Direction": "Forward", "Index Name": "nation_pkey", "Relation Name": "nation", "Alias": "n1", "Startup Cost": 0.0, "Total Cost": 12.75, "Plan Rows": 25, "Plan Width": 30, "Filter": "((n_name = 'JAPAN'::bpchar) OR (n_name = 'INDIA'::bpchar))"}, {"Node Type": "Materialize", "Parent Relationship": "Inner", "Startup Cost": 0.0, "Total Cost": 1.38, "Plan Rows": 25, "Plan Width": 30, "Plans": [{"Node Type": "Seq Scan", "Parent Relationship": "Outer", "Relation Name": "nation", "Alias": "n2", "Startup Cost": 0.0, "Total Cost": 1.25, "Plan Rows": 25, "Plan Width": 30, "Filter": "((n_name = 'INDIA'::bpchar) OR (n_name = 'JAPAN'::bpchar))"}]}]}, {"Node Type": "Bitmap Heap Scan", "Parent Relationship": "Inner", "Relation Name": "customer", "Alias": "customer", "Startup Cost": 1030.37, "Total Cost": 6832.48, "Plan Rows": 60000, "Plan Width": 12, "Recheck Cond": "(c_nationkey = n2.n_nationkey)", "Plans": [{"Node Type": "Bitmap Index Scan", "Parent Relationship": "Outer", "Index Name": "idx_customer_nationkey", "Startup Cost": 0.0, "Total Cost": 1015.37, "Plan Rows": 60000, "Plan Width": 0, "Index Cond": "(c_nationkey = n2.n_nationkey)"}]}]}, {"Node Type": "Index Scan", "Parent Relationship": "Inner", "Scan Direction": "Forward", "Index Name": "idx_orders_custkey", "Relation Name": "orders", "Alias": "orders", "Startup Cost": 0.0, "Total Cost": 1.22, "Plan Rows": 4, "Plan Width": 16, "Index Cond": "(o_custkey = customer.c_custkey)"}]}, {"Node Type": "Index Scan", "Parent Relationship": "Inner", "Scan Direction": "Forward", "Index Name": "idx_lineitem_orderkey", "Relation Name": "lineitem", "Alias": "lineitem", "Startup Cost": 0.0, "Total Cost": 0.91, "Plan Rows": 3, "Plan Width": 40, "Index Cond": "(l_orderkey = orders.o_orderkey)", "Filter": "((l_shipdate >= '1995-01-01 00:00:00'::timestamp(0) without time zone) AND (l_shipdate <= '1996-12-31 00:00:00'::timestamp(0) without time zone))"}]}, {"Node Type": "Index Scan", "Parent Relationship": "Inner", "Scan Direction": "Forward", "Index Name": "supplier_pkey", "Relation Name": "supplier", "Alias": "supplier", "Startup Cost": 0.0, "Total Cost": 0.27, "Plan Rows": 1, "Plan Width": 12, "Index Cond": "(s_suppkey = lineitem.l_suppkey)"}]}]}]}, "Unique SQL Id": 2208782157, "Planner Runtime": 2}, "explain_analyze_plan": {"Plan": {"Node Type": "Sort", "Startup Cost": 852790.92, "Total Cost": 852800.14, "Plan Rows": 3688, "Plan Width": 84, "Actual Startup Time": 27951.026, "Actual Total Time": 27951.026, "Actual Rows": 4, "Actual Loops": 1, "Sort Key": ["n1.n_name", "n2.n_name", "(date_part('year'::text, lineitem.l_shipdate))"], "Sort Method": "quicksort", "Sort Space Used": 25, "Sort Space Type": "Memory", "Plans": [{"Node Type": "Aggregate", "Strategy": "Hashed", "Parent Relationship": "Outer", "Startup Cost": 852526.33, "Total Cost": 852572.43, "Plan Rows": 3688, "Plan Width": 84, "Actual Startup Time": 27950.95, "Actual Total Time": 27950.959, "Actual Rows": 4, "Actual Loops": 1, "Group By Key": ["n1.n_name", "n2.n_name", "date_part('year'::text, lineitem.l_shipdate)"], "Plans": [{"Node Type": "Nested Loop", "Parent Relationship": "Outer", "Join Type": "Inner", "Startup Cost": 1030.37, "Total Cost": 852471.01, "Plan Rows": 3688, "Plan Width": 76, "Actual Startup Time": 19.295, "Actual Total Time": 27831.01, "Actual Rows": 58554, "Actual Loops": 1, "Inner Unique": true, "Join Filter": "(n1.n_nationkey = supplier.s_nationkey)", "Rows Removed by Join Filter": 1400596, "Plans": [{"Node Type": "Nested Loop", "Parent Relationship": "Outer", "Join Type": "Inner", "Startup Cost": 1030.37, "Total Cost": 642753.24, "Plan Rows": 740786, "Plan Width": 88, "Actual Startup Time": 19.137, "Actual Total Time": 19741.197, "Actual Rows": 1459150, "Actual Loops": 1, "Inner Unique": false, "Plans": [{"Node Type": "Nested Loop", "Parent Relationship": "Outer", "Join Type": "Inner", "Startup Cost": 1030.37, "Total Cost": 166015.61, "Plan Rows": 504972, "Plan Width": 64, "Actual Startup Time": 19.048, "Actual Total Time": 4109.486, "Actual Rows": 1200363, "Actual Loops": 1, "Inner Unique": false, "Plans": [{"Node Type": "Nested Loop", "Parent Relationship": "Outer", "Join Type": "Inner", "Startup Cost": 1030.37, "Total Cost": 14893.09, "Plan Rows": 119904, "Plan Width": 64, "Actual Startup Time": 19.005, "Actual Total Time": 301.596, "Actual Rows": 119972, "Actual Loops": 1, "Inner Unique": false, "Plans": [{"Node Type": "Nested Loop", "Parent Relationship": "Outer", "Join Type": "Inner", "Startup Cost": 0.0, "Total Cost": 28.12, "Plan Rows": 2, "Plan Width": 60, "Actual Startup Time": 0.078, "Actual Total Time": 0.301, "Actual Rows": 2, "Actual Loops": 1, "Inner Unique": false, "Join Filter": "(((n1.n_name = 'JAPAN'::bpchar) AND (n2.n_name = 'INDIA'::bpchar)) OR ((n1.n_name = 'INDIA'::bpchar) AND (n2.n_name = 'JAPAN'::bpchar)))", "Rows Removed by Join Filter": 2, "Plans": [{"Node Type": "Index Scan", "Parent Relationship": "Outer", "Scan Direction": "Forward", "Index Name": "nation_pkey", "Relation Name": "nation", "Alias": "n1", "Startup Cost": 0.0, "Total Cost": 12.75, "Plan Rows": 25, "Plan Width": 30, "Actual Startup Time": 0.044, "Actual Total Time": 0.083, "Actual Rows": 2, "Actual Loops": 1, "Filter": "((n_name = 'JAPAN'::bpchar) OR (n_name = 'INDIA'::bpchar))", "Rows Removed by Filter": 23}, {"Node Type": "Materialize", "Parent Relationship": "Inner", "Startup Cost": 0.0, "Total Cost": 1.38, "Plan Rows": 25, "Plan Width": 30, "Actual Startup Time": 0.027, "Actual Total Time": 0.159, "Actual Rows": 4, "Actual Loops": 2, "Plans": [{"Node Type": "Seq Scan", "Parent Relationship": "Outer", "Relation Name": "nation", "Alias": "n2", "Startup Cost": 0.0, "Total Cost": 1.25, "Plan Rows": 25, "Plan Width": 30, "Actual Startup Time": 0.02, "Actual Total Time": 0.146, "Actual Rows": 2, "Actual Loops": 1, "Filter": "((n_name = 'INDIA'::bpchar) OR (n_name = 'JAPAN'::bpchar))", "Rows Removed by Filter": 23}]}]}, {"Node Type": "Bitmap Heap Scan", "Parent Relationship": "Inner", "Relation Name": "customer", "Alias": "customer", "Startup Cost": 1030.37, "Total Cost": 6832.48, "Plan Rows": 60000, "Plan Width": 12, "Actual Startup Time": 36.958, "Actual Total Time": 268.919, "Actual Rows": 119972, "Actual Loops": 2, "Recheck Cond": "(c_nationkey = n2.n_nationkey)", "Rows Removed by Index Recheck": 0, "Exact Heap Blocks": 59938, "Lossy Heap Blocks": 59938, "Plans": [{"Node Type": "Bitmap Index Scan", "Parent Relationship": "Outer", "Index Name": "idx_customer_nationkey", "Startup Cost": 0.0, "Total Cost": 1015.37, "Plan Rows": 60000, "Plan Width": 0, "Actual Startup Time": 23.453, "Actual Total Time": 23.453, "Actual Rows": 119972, "Actual Loops": 2, "Index Cond": "(c_nationkey = n2.n_nationkey)"}]}]}, {"Node Type": "Index Scan", "Parent Relationship": "Inner", "Scan Direction": "Forward", "Index Name": "idx_orders_custkey", "Relation Name": "orders", "Alias": "orders", "Startup Cost": 0.0, "Total Cost": 1.22, "Plan Rows": 4, "Plan Width": 16, "Actual Startup Time": 758.798, "Actual Total Time": 3439.601, "Actual Rows": 1200363, "Actual Loops": 119972, "Index Cond": "(o_custkey = customer.c_custkey)", "Rows Removed by Index Recheck": 0}]}, {"Node Type": "Index Scan", "Parent Relationship": "Inner", "Scan Direction": "Forward", "Index Name": "idx_lineitem_orderkey", "Relation Name": "lineitem", "Alias": "lineitem", "Startup Cost": 0.0, "Total Cost": 0.91, "Plan Rows": 3, "Plan Width": 40, "Actual Startup Time": 13410.666, "Actual Total Time": 14644.329, "Actual Rows": 1459150, "Actual Loops": 1200363, "Index Cond": "(l_orderkey = orders.o_orderkey)", "Rows Removed by Index Recheck": 0, "Filter": "((l_shipdate >= '1995-01-01 00:00:00'::timestamp(0) without time zone) AND (l_shipdate <= '1996-12-31 00:00:00'::timestamp(0) without time zone))", "Rows Removed by Filter": 3342563}]}, {"Node Type": "Index Scan", "Parent Relationship": "Inner", "Scan Direction": "Forward", "Index Name": "supplier_pkey", "Relation Name": "supplier", "Alias": "supplier", "Startup Cost": 0.0, "Total Cost": 0.27, "Plan Rows": 1, "Plan Width": 12, "Actual Startup Time": 6388.383, "Actual Total Time": 6879.154, "Actual Rows": 1459150, "Actual Loops": 1459150, "Index Cond": "(s_suppkey = lineitem.l_suppkey)", "Rows Removed by Index Recheck": 0}]}]}]}, "Triggers": [], "Planner Runtime": 2, "Total Runtime": 27951.398, "Unique SQL Id": 2208782157}}, "(16, 49)": {"explain_plan": {"Plan": {"Node Type": "Sort", "Startup Cost": 852802.42, "Total Cost": 852811.64, "Plan Rows": 3688, "Plan Width": 84, "Sort Key": ["n1.n_name", "n2.n_name", "(date_part('year'::text, lineitem.l_shipdate))"], "Plans": [{"Node Type": "Aggregate", "Strategy": "Hashed", "Parent Relationship": "Outer", "Startup Cost": 852537.83, "Total Cost": 852583.93, "Plan Rows": 3688, "Plan Width": 84, "Group By Key": ["n1.n_name", "n2.n_name", "date_part('year'::text, lineitem.l_shipdate)"], "Plans": [{"Node Type": "Nested Loop", "Parent Relationship": "Outer", "Join Type": "Inner", "Startup Cost": 1030.37, "Total Cost": 852482.51, "Plan Rows": 3688, "Plan Width": 76, "Inner Unique": true, "Join Filter": "(n1.n_nationkey = supplier.s_nationkey)", "Plans": [{"Node Type": "Nested Loop", "Parent Relationship": "Outer", "Join Type": "Inner", "Startup Cost": 1030.37, "Total Cost": 642764.74, "Plan Rows": 740786, "Plan Width": 88, "Inner Unique": false, "Plans": [{"Node Type": "Nested Loop", "Parent Relationship": "Outer", "Join Type": "Inner", "Startup Cost": 1030.37, "Total Cost": 166027.11, "Plan Rows": 504972, "Plan Width": 64, "Inner Unique": false, "Plans": [{"Node Type": "Nested Loop", "Parent Relationship": "Outer", "Join Type": "Inner", "Startup Cost": 1030.37, "Total Cost": 14904.59, "Plan Rows": 119904, "Plan Width": 64, "Inner Unique": false, "Plans": [{"Node Type": "Nested Loop", "Parent Relationship": "Outer", "Join Type": "Inner", "Startup Cost": 0.0, "Total Cost": 39.62, "Plan Rows": 2, "Plan Width": 60, "Inner Unique": false, "Join Filter": "(((n1.n_name = 'JAPAN'::bpchar) AND (n2.n_name = 'INDIA'::bpchar)) OR ((n1.n_name = 'INDIA'::bpchar) AND (n2.n_name = 'JAPAN'::bpchar)))", "Plans": [{"Node Type": "Index Scan", "Parent Relationship": "Outer", "Scan Direction": "Forward", "Index Name": "nation_pkey", "Relation Name": "nation", "Alias": "n1", "Startup Cost": 0.0, "Total Cost": 12.75, "Plan Rows": 25, "Plan Width": 30, "Filter": "((n_name = 'JAPAN'::bpchar) OR (n_name = 'INDIA'::bpchar))"}, {"Node Type": "Materialize", "Parent Relationship": "Inner", "Startup Cost": 0.0, "Total Cost": 12.88, "Plan Rows": 25, "Plan Width": 30, "Plans": [{"Node Type": "Index Scan", "Parent Relationship": "Outer", "Scan Direction": "Forward", "Index Name": "nation_pkey", "Relation Name": "nation", "Alias": "n2", "Startup Cost": 0.0, "Total Cost": 12.75, "Plan Rows": 25, "Plan Width": 30, "Filter": "((n_name = 'INDIA'::bpchar) OR (n_name = 'JAPAN'::bpchar))"}]}]}, {"Node Type": "Bitmap Heap Scan", "Parent Relationship": "Inner", "Relation Name": "customer", "Alias": "customer", "Startup Cost": 1030.37, "Total Cost": 6832.48, "Plan Rows": 60000, "Plan Width": 12, "Recheck Cond": "(c_nationkey = n2.n_nationkey)", "Plans": [{"Node Type": "Bitmap Index Scan", "Parent Relationship": "Outer", "Index Name": "idx_customer_nationkey", "Startup Cost": 0.0, "Total Cost": 1015.37, "Plan Rows": 60000, "Plan Width": 0, "Index Cond": "(c_nationkey = n2.n_nationkey)"}]}]}, {"Node Type": "Index Scan", "Parent Relationship": "Inner", "Scan Direction": "Forward", "Index Name": "idx_orders_custkey", "Relation Name": "orders", "Alias": "orders", "Startup Cost": 0.0, "Total Cost": 1.22, "Plan Rows": 4, "Plan Width": 16, "Index Cond": "(o_custkey = customer.c_custkey)"}]}, {"Node Type": "Index Scan", "Parent Relationship": "Inner", "Scan Direction": "Forward", "Index Name": "idx_lineitem_orderkey", "Relation Name": "lineitem", "Alias": "lineitem", "Startup Cost": 0.0, "Total Cost": 0.91, "Plan Rows": 3, "Plan Width": 40, "Index Cond": "(l_orderkey = orders.o_orderkey)", "Filter": "((l_shipdate >= '1995-01-01 00:00:00'::timestamp(0) without time zone) AND (l_shipdate <= '1996-12-31 00:00:00'::timestamp(0) without time zone))"}]}, {"Node Type": "Index Scan", "Parent Relationship": "Inner", "Scan Direction": "Forward", "Index Name": "supplier_pkey", "Relation Name": "supplier", "Alias": "supplier", "Startup Cost": 0.0, "Total Cost": 0.27, "Plan Rows": 1, "Plan Width": 12, "Index Cond": "(s_suppkey = lineitem.l_suppkey)"}]}]}]}, "Unique SQL Id": 2208782157, "Planner Runtime": 2}, "explain_analyze_plan": {"Plan": {"Node Type": "Sort", "Startup Cost": 852802.42, "Total Cost": 852811.64, "Plan Rows": 3688, "Plan Width": 84, "Actual Startup Time": 28282.261, "Actual Total Time": 28282.261, "Actual Rows": 4, "Actual Loops": 1, "Sort Key": ["n1.n_name", "n2.n_name", "(date_part('year'::text, lineitem.l_shipdate))"], "Sort Method": "quicksort", "Sort Space Used": 25, "Sort Space Type": "Memory", "Plans": [{"Node Type": "Aggregate", "Strategy": "Hashed", "Parent Relationship": "Outer", "Startup Cost": 852537.83, "Total Cost": 852583.93, "Plan Rows": 3688, "Plan Width": 84, "Actual Startup Time": 28282.12, "Actual Total Time": 28282.138, "Actual Rows": 4, "Actual Loops": 1, "Group By Key": ["n1.n_name", "n2.n_name", "date_part('year'::text, lineitem.l_shipdate)"], "Plans": [{"Node Type": "Nested Loop", "Parent Relationship": "Outer", "Join Type": "Inner", "Startup Cost": 1030.37, "Total Cost": 852482.51, "Plan Rows": 3688, "Plan Width": 76, "Actual Startup Time": 21.112, "Actual Total Time": 28163.917, "Actual Rows": 58554, "Actual Loops": 1, "Inner Unique": true, "Join Filter": "(n1.n_nationkey = supplier.s_nationkey)", "Rows Removed by Join Filter": 1400596, "Plans": [{"Node Type": "Nested Loop", "Parent Relationship": "Outer", "Join Type": "Inner", "Startup Cost": 1030.37, "Total Cost": 642764.74, "Plan Rows": 740786, "Plan Width": 88, "Actual Startup Time": 20.965, "Actual Total Time": 19973.658, "Actual Rows": 1459150, "Actual Loops": 1, "Inner Unique": false, "Plans": [{"Node Type": "Nested Loop", "Parent Relationship": "Outer", "Join Type": "Inner", "Startup Cost": 1030.37, "Total Cost": 166027.11, "Plan Rows": 504972, "Plan Width": 64, "Actual Startup Time": 20.904, "Actual Total Time": 4322.35, "Actual Rows": 1200363, "Actual Loops": 1, "Inner Unique": false, "Plans": [{"Node Type": "Nested Loop", "Parent Relationship": "Outer", "Join Type": "Inner", "Startup Cost": 1030.37, "Total Cost": 14904.59, "Plan Rows": 119904, "Plan Width": 64, "Actual Startup Time": 20.886, "Actual Total Time": 302.984, "Actual Rows": 119972, "Actual Loops": 1, "Inner Unique": false, "Plans": [{"Node Type": "Nested Loop", "Parent Relationship": "Outer", "Join Type": "Inner", "Startup Cost": 0.0, "Total Cost": 39.62, "Plan Rows": 2, "Plan Width": 60, "Actual Startup Time": 0.051, "Actual Total Time": 0.161, "Actual Rows": 2, "Actual Loops": 1, "Inner Unique": false, "Join Filter": "(((n1.n_name = 'JAPAN'::bpchar) AND (n2.n_name = 'INDIA'::bpchar)) OR ((n1.n_name = 'INDIA'::bpchar) AND (n2.n_name = 'JAPAN'::bpchar)))", "Rows Removed by Join Filter": 2, "Plans": [{"Node Type": "Index Scan", "Parent Relationship": "Outer", "Scan Direction": "Forward", "Index Name": "nation_pkey", "Relation Name": "nation", "Alias": "n1", "Startup Cost": 0.0, "Total Cost": 12.75, "Plan Rows": 25, "Plan Width": 30, "Actual Startup Time": 0.027, "Actual Total Time": 0.053, "Actual Rows": 2, "Actual Loops": 1, "Filter": "((n_name = 'JAPAN'::bpchar) OR (n_name = 'INDIA'::bpchar))", "Rows Removed by Filter": 23}, {"Node Type": "Materialize", "Parent Relationship": "Inner", "Startup Cost": 0.0, "Total Cost": 12.88, "Plan Rows": 25, "Plan Width": 30, "Actual Startup Time": 0.014, "Actual Total Time": 0.047, "Actual Rows": 4, "Actual Loops": 2, "Plans": [{"Node Type": "Index Scan", "Parent Relationship": "Outer", "Scan Direction": "Forward", "Index Name": "nation_pkey", "Relation Name": "nation", "Alias": "n2", "Startup Cost": 0.0, "Total Cost": 12.75, "Plan Rows": 25, "Plan Width": 30, "Actual Startup Time": 0.011, "Actual Total Time": 0.039, "Actual Rows": 2, "Actual Loops": 1, "Filter": "((n_name = 'INDIA'::bpchar) OR (n_name = 'JAPAN'::bpchar))", "Rows Removed by Filter": 23}]}]}, {"Node Type": "Bitmap Heap Scan", "Parent Relationship": "Inner", "Relation Name": "customer", "Alias": "customer", "Startup Cost": 1030.37, "Total Cost": 6832.48, "Plan Rows": 60000, "Plan Width": 12, "Actual Startup Time": 41.567, "Actual Total Time": 269.462, "Actual Rows": 119972, "Actual Loops": 2, "Recheck Cond": "(c_nationkey = n2.n_nationkey)", "Rows Removed by Index Recheck": 0, "Exact Heap Blocks": 59938, "Lossy Heap Blocks": 59938, "Plans": [{"Node Type": "Bitmap Index Scan", "Parent Relationship": "Outer", "Index Name": "idx_customer_nationkey", "Startup Cost": 0.0, "Total Cost": 1015.37, "Plan Rows": 60000, "Plan Width": 0, "Actual Startup Time": 27.774, "Actual Total Time": 27.774, "Actual Rows": 119972, "Actual Loops": 2, "Index Cond": "(c_nationkey = n2.n_nationkey)"}]}]}, {"Node Type": "Index Scan", "Parent Relationship": "Inner", "Scan Direction": "Forward", "Index Name": "idx_orders_custkey", "Relation Name": "orders", "Alias": "orders", "Startup Cost": 0.0, "Total Cost": 1.22, "Plan Rows": 4, "Plan Width": 16, "Actual Startup Time": 762.772, "Actual Total Time": 3656.64, "Actual Rows": 1200363, "Actual Loops": 119972, "Index Cond": "(o_custkey = customer.c_custkey)", "Rows Removed by Index Recheck": 0}]}, {"Node Type": "Index Scan", "Parent Relationship": "Inner", "Scan Direction": "Forward", "Index Name": "idx_lineitem_orderkey", "Relation Name": "lineitem", "Alias": "lineitem", "Startup Cost": 0.0, "Total Cost": 0.91, "Plan Rows": 3, "Plan Width": 40, "Actual Startup Time": 13443.982, "Actual Total Time": 14658.2, "Actual Rows": 1459150, "Actual Loops": 1200363, "Index Cond": "(l_orderkey = orders.o_orderkey)", "Rows Removed by Index Recheck": 0, "Filter": "((l_shipdate >= '1995-01-01 00:00:00'::timestamp(0) without time zone) AND (l_shipdate <= '1996-12-31 00:00:00'::timestamp(0) without time zone))", "Rows Removed by Filter": 3342563}]}, {"Node Type": "Index Scan", "Parent Relationship": "Inner", "Scan Direction": "Forward", "Index Name": "supplier_pkey", "Relation Name": "supplier", "Alias": "supplier", "Startup Cost": 0.0, "Total Cost": 0.27, "Plan Rows": 1, "Plan Width": 12, "Actual Startup Time": 6504.079, "Actual Total Time": 6990.832, "Actual Rows": 1459150, "Actual Loops": 1459150, "Index Cond": "(s_suppkey = lineitem.l_suppkey)", "Rows Removed by Index Recheck": 0}]}]}]}, "Triggers": [], "Planner Runtime": 2, "Total Runtime": 28282.694, "Unique SQL Id": 2208782157}}, "(16, 50)": {"explain_plan": {"Plan": {"Node Type": "Sort", "Startup Cost": 6036772.32, "Total Cost": 6036781.54, "Plan Rows": 3688, "Plan Width": 84, "Sort Key": ["n1.n_name", "n2.n_name", "(date_part('year'::text, lineitem.l_shipdate))"], "Plans": [{"Node Type": "Aggregate", "Strategy": "Hashed", "Parent Relationship": "Outer", "Startup Cost": 6036507.73, "Total Cost": 6036553.83, "Plan Rows": 3688, "Plan Width": 84, "Group By Key": ["n1.n_name", "n2.n_name", "date_part('year'::text, lineitem.l_shipdate)"], "Plans": [{"Node Type": "Nested Loop", "Parent Relationship": "Outer", "Join Type": "Inner", "Startup Cost": 1031.44, "Total Cost": 6036452.41, "Plan Rows": 3688, "Plan Width": 76, "Inner Unique": true, "Join Filter": "(n1.n_nationkey = supplier.s_nationkey)", "Plans": [{"Node Type": "Nested Loop", "Parent Relationship": "Outer", "Join Type": "Inner", "Startup Cost": 1031.18, "Total Cost": 2863778.68, "Plan Rows": 740786, "Plan Width": 88, "Inner Unique": false, "Plans": [{"Node Type": "Nested Loop", "Parent Relationship": "Outer", "Join Type": "Inner", "Startup Cost": 1030.8, "Total Cost": 557356.7, "Plan Rows": 504972, "Plan Width": 64, "Inner Unique": false, "Plans": [{"Node Type": "Nested Loop", "Parent Relationship": "Outer", "Join Type": "Inner", "Startup Cost": 1030.37, "Total Cost": 14881.59, "Plan Rows": 119904, "Plan Width": 64, "Inner Unique": false, "Plans": [{"Node Type": "Nested Loop", "Parent Relationship": "Outer", "Join Type": "Inner", "Startup Cost": 0.0, "Total Cost": 16.62, "Plan Rows": 2, "Plan Width": 60, "Inner Unique": false, "Join Filter": "(((n1.n_name = 'JAPAN'::bpchar) AND (n2.n_name = 'INDIA'::bpchar)) OR ((n1.n_name = 'INDIA'::bpchar) AND (n2.n_name = 'JAPAN'::bpchar)))", "Plans": [{"Node Type": "Seq Scan", "Parent Relationship": "Outer", "Relation Name": "nation", "Alias": "n1", "Startup Cost": 0.0, "Total Cost": 1.25, "Plan Rows": 25, "Plan Width": 30, "Filter": "((n_name = 'JAPAN'::bpchar) OR (n_name = 'INDIA'::bpchar))"}, {"Node Type": "Materialize", "Parent Relationship": "Inner", "Startup Cost": 0.0, "Total Cost": 1.38, "Plan Rows": 25, "Plan Width": 30, "Plans": [{"Node Type": "Seq Scan", "Parent Relationship": "Outer", "Relation Name": "nation", "Alias": "n2", "Startup Cost": 0.0, "Total Cost": 1.25, "Plan Rows": 25, "Plan Width": 30, "Filter": "((n_name = 'INDIA'::bpchar) OR (n_name = 'JAPAN'::bpchar))"}]}]}, {"Node Type": "Bitmap Heap Scan", "Parent Relationship": "Inner", "Relation Name": "customer", "Alias": "customer", "Startup Cost": 1030.37, "Total Cost": 6832.48, "Plan Rows": 60000, "Plan Width": 12, "Recheck Cond": "(c_nationkey = n2.n_nationkey)", "Plans": [{"Node Type": "Bitmap Index Scan", "Parent Relationship": "Outer", "Index Name": "idx_customer_nationkey", "Startup Cost": 0.0, "Total Cost": 1015.37, "Plan Rows": 60000, "Plan Width": 0, "Index Cond": "(c_nationkey = n2.n_nationkey)"}]}]}, {"Node Type": "Bitmap Heap Scan", "Parent Relationship": "Inner", "Relation Name": "orders", "Alias": "orders", "Startup Cost": 0.43, "Total Cost": 4.48, "Plan Rows": 4, "Plan Width": 16, "Recheck Cond": "(o_custkey = customer.c_custkey)", "Plans": [{"Node Type": "Bitmap Index Scan", "Parent Relationship": "Outer", "Index Name": "idx_orders_custkey", "Startup Cost": 0.0, "Total Cost": 0.43, "Plan Rows": 4, "Plan Width": 0, "Index Cond": "(o_custkey = customer.c_custkey)"}]}]}, {"Node Type": "Bitmap Heap Scan", "Parent Relationship": "Inner", "Relation Name": "lineitem", "Alias": "lineitem", "Startup Cost": 0.38, "Total Cost": 4.54, "Plan Rows": 3, "Plan Width": 40, "Recheck Cond": "(l_orderkey = orders.o_orderkey)", "Filter": "((l_shipdate >= '1995-01-01 00:00:00'::timestamp(0) without time zone) AND (l_shipdate <= '1996-12-31 00:00:00'::timestamp(0) without time zone))", "Plans": [{"Node Type": "Bitmap Index Scan", "Parent Relationship": "Outer", "Index Name": "idx_lineitem_orderkey", "Startup Cost": 0.0, "Total Cost": 0.38, "Plan Rows": 9, "Plan Width": 0, "Index Cond": "(l_orderkey = orders.o_orderkey)"}]}]}, {"Node Type": "Bitmap Heap Scan", "Parent Relationship": "Inner", "Relation Name": "supplier", "Alias": "supplier", "Startup Cost": 0.26, "Total Cost": 4.27, "Plan Rows": 1, "Plan Width": 12, "Recheck Cond": "(s_suppkey = lineitem.l_suppkey)", "Plans": [{"Node Type": "Bitmap Index Scan", "Parent Relationship": "Outer", "Index Name": "supplier_pkey", "Startup Cost": 0.0, "Total Cost": 0.26, "Plan Rows": 1, "Plan Width": 0, "Index Cond": "(s_suppkey = lineitem.l_suppkey)"}]}]}]}]}, "Unique SQL Id": 2208782157, "Planner Runtime": 3}, "explain_analyze_plan": {"Plan": {"Node Type": "Sort", "Startup Cost": 6036772.32, "Total Cost": 6036781.54, "Plan Rows": 3688, "Plan Width": 84, "Actual Startup Time": 33430.019, "Actual Total Time": 33430.02, "Actual Rows": 4, "Actual Loops": 1, "Sort Key": ["n1.n_name", "n2.n_name", "(date_part('year'::text, lineitem.l_shipdate))"], "Sort Method": "quicksort", "Sort Space Used": 25, "Sort Space Type": "Memory", "Plans": [{"Node Type": "Aggregate", "Strategy": "Hashed", "Parent Relationship": "Outer", "Startup Cost": 6036507.73, "Total Cost": 6036553.83, "Plan Rows": 3688, "Plan Width": 84, "Actual Startup Time": 33429.956, "Actual Total Time": 33429.965, "Actual Rows": 4, "Actual Loops": 1, "Group By Key": ["n1.n_name", "n2.n_name", "date_part('year'::text, lineitem.l_shipdate)"], "Plans": [{"Node Type": "Nested Loop", "Parent Relationship": "Outer", "Join Type": "Inner", "Startup Cost": 1031.44, "Total Cost": 6036452.41, "Plan Rows": 3688, "Plan Width": 76, "Actual Startup Time": 23.026, "Actual Total Time": 33289.314, "Actual Rows": 58554, "Actual Loops": 1, "Inner Unique": true, "Join Filter": "(n1.n_nationkey = supplier.s_nationkey)", "Rows Removed by Join Filter": 1400596, "Plans": [{"Node Type": "Nested Loop", "Parent Relationship": "Outer", "Join Type": "Inner", "Startup Cost": 1031.18, "Total Cost": 2863778.68, "Plan Rows": 740786, "Plan Width": 88, "Actual Startup Time": 22.799, "Actual Total Time": 22859.343, "Actual Rows": 1459150, "Actual Loops": 1, "Inner Unique": false, "Plans": [{"Node Type": "Nested Loop", "Parent Relationship": "Outer", "Join Type": "Inner", "Startup Cost": 1030.8, "Total Cost": 557356.7, "Plan Rows": 504972, "Plan Width": 64, "Actual Startup Time": 22.689, "Actual Total Time": 5307.255, "Actual Rows": 1200363, "Actual Loops": 1, "Inner Unique": false, "Plans": [{"Node Type": "Nested Loop", "Parent Relationship": "Outer", "Join Type": "Inner", "Startup Cost": 1030.37, "Total Cost": 14881.59, "Plan Rows": 119904, "Plan Width": 64, "Actual Startup Time": 22.631, "Actual Total Time": 304.24, "Actual Rows": 119972, "Actual Loops": 1, "Inner Unique": false, "Plans": [{"Node Type": "Nested Loop", "Parent Relationship": "Outer", "Join Type": "Inner", "Startup Cost": 0.0, "Total Cost": 16.62, "Plan Rows": 2, "Plan Width": 60, "Actual Startup Time": 0.06, "Actual Total Time": 0.159, "Actual Rows": 2, "Actual Loops": 1, "Inner Unique": false, "Join Filter": "(((n1.n_name = 'JAPAN'::bpchar) AND (n2.n_name = 'INDIA'::bpchar)) OR ((n1.n_name = 'INDIA'::bpchar) AND (n2.n_name = 'JAPAN'::bpchar)))", "Rows Removed by Join Filter": 2, "Plans": [{"Node Type": "Seq Scan", "Parent Relationship": "Outer", "Relation Name": "nation", "Alias": "n1", "Startup Cost": 0.0, "Total Cost": 1.25, "Plan Rows": 25, "Plan Width": 30, "Actual Startup Time": 0.032, "Actual Total Time": 0.057, "Actual Rows": 2, "Actual Loops": 1, "Filter": "((n_name = 'JAPAN'::bpchar) OR (n_name = 'INDIA'::bpchar))", "Rows Removed by Filter": 23}, {"Node Type": "Materialize", "Parent Relationship": "Inner", "Startup Cost": 0.0, "Total Cost": 1.38, "Plan Rows": 25, "Plan Width": 30, "Actual Startup Time": 0.019, "Actual Total Time": 0.045, "Actual Rows": 4, "Actual Loops": 2, "Plans": [{"Node Type": "Seq Scan", "Parent Relationship": "Outer", "Relation Name": "nation", "Alias": "n2", "Startup Cost": 0.0, "Total Cost": 1.25, "Plan Rows": 25, "Plan Width": 30, "Actual Startup Time": 0.017, "Actual Total Time": 0.04, "Actual Rows": 2, "Actual Loops": 1, "Filter": "((n_name = 'INDIA'::bpchar) OR (n_name = 'JAPAN'::bpchar))", "Rows Removed by Filter": 23}]}]}, {"Node Type": "Bitmap Heap Scan", "Parent Relationship": "Inner", "Relation Name": "customer", "Alias": "customer", "Startup Cost": 1030.37, "Total Cost": 6832.48, "Plan Rows": 60000, "Plan Width": 12, "Actual Startup Time": 43.401, "Actual Total Time": 267.129, "Actual Rows": 119972, "Actual Loops": 2, "Recheck Cond": "(c_nationkey = n2.n_nationkey)", "Rows Removed by Index Recheck": 0, "Exact Heap Blocks": 59938, "Lossy Heap Blocks": 59938, "Plans": [{"Node Type": "Bitmap Index Scan", "Parent Relationship": "Outer", "Index Name": "idx_customer_nationkey", "Startup Cost": 0.0, "Total Cost": 1015.37, "Plan Rows": 60000, "Plan Width": 0, "Actual Startup Time": 29.484, "Actual Total Time": 29.484, "Actual Rows": 119972, "Actual Loops": 2, "Index Cond": "(c_nationkey = n2.n_nationkey)"}]}]}, {"Node Type": "Bitmap Heap Scan", "Parent Relationship": "Inner", "Relation Name": "orders", "Alias": "orders", "Startup Cost": 0.43, "Total Cost": 4.48, "Plan Rows": 4, "Plan Width": 16, "Actual Startup Time": 1225.371, "Actual Total Time": 4543.565, "Actual Rows": 1200363, "Actual Loops": 119972, "Recheck Cond": "(o_custkey = customer.c_custkey)", "Rows Removed by Index Recheck": 0, "Exact Heap Blocks": 1200331, "Lossy Heap Blocks": 1200331, "Plans": [{"Node Type": "Bitmap Index Scan", "Parent Relationship": "Outer", "Index Name": "idx_orders_custkey", "Startup Cost": 0.0, "Total Cost": 0.43, "Plan Rows": 4, "Plan Width": 0, "Actual Startup Time": 744.33, "Actual Total Time": 744.33, "Actual Rows": 1200363, "Actual Loops": 119972, "Index Cond": "(o_custkey = customer.c_custkey)"}]}]}, {"Node Type": "Bitmap Heap Scan", "Parent Relationship": "Inner", "Relation Name": "lineitem", "Alias": "lineitem", "Startup Cost": 0.38, "Total Cost": 4.54, "Plan Rows": 3, "Plan Width": 40, "Actual Startup Time": 15106.381, "Actual Total Time": 15760.273, "Actual Rows": 1459150, "Actual Loops": 1200363, "Recheck Cond": "(l_orderkey = orders.o_orderkey)", "Rows Removed by Index Recheck": 0, "Filter": "((l_shipdate >= '1995-01-01 00:00:00'::timestamp(0) without time zone) AND (l_shipdate <= '1996-12-31 00:00:00'::timestamp(0) without time zone))", "Rows Removed by Filter": 3342563, "Exact Heap Blocks": 1285989, "Lossy Heap Blocks": 1285989, "Plans": [{"Node Type": "Bitmap Index Scan", "Parent Relationship": "Outer", "Index Name": "idx_lineitem_orderkey", "Startup Cost": 0.0, "Total Cost": 0.38, "Plan Rows": 9, "Plan Width": 0, "Actual Startup Time": 8653.732, "Actual Total Time": 8653.732, "Actual Rows": 4801713, "Actual Loops": 1200363, "Index Cond": "(l_orderkey = orders.o_orderkey)"}]}]}, {"Node Type": "Bitmap Heap Scan", "Parent Relationship": "Inner", "Relation Name": "supplier", "Alias": "supplier", "Startup Cost": 0.26, "Total Cost": 4.27, "Plan Rows": 1, "Plan Width": 12, "Actual Startup Time": 7978.191, "Actual Total Time": 8183.261, "Actual Rows": 1459150, "Actual Loops": 1459150, "Recheck Cond": "(s_suppkey = lineitem.l_suppkey)", "Rows Removed by Index Recheck": 0, "Exact Heap Blocks": 1459150, "Lossy Heap Blocks": 1459150, "Plans": [{"Node Type": "Bitmap Index Scan", "Parent Relationship": "Outer", "Index Name": "supplier_pkey", "Startup Cost": 0.0, "Total Cost": 0.26, "Plan Rows": 1, "Plan Width": 0, "Actual Startup Time": 4176.26, "Actual Total Time": 4176.26, "Actual Rows": 1459150, "Actual Loops": 1459150, "Index Cond": "(s_suppkey = lineitem.l_suppkey)"}]}]}]}]}, "Triggers": [], "Planner Runtime": 2, "Total Runtime": 33430.436, "Unique SQL Id": 2208782157}}, "(16, 51)": {"explain_plan": {"Plan": {"Node Type": "Sort", "Startup Cost": 99673674.43, "Total Cost": 99673683.65, "Plan Rows": 3688, "Plan Width": 84, "Sort Key": ["n1.n_name", "n2.n_name", "(date_part('year'::text, lineitem.l_shipdate))"], "Plans": [{"Node Type": "Aggregate", "Strategy": "Hashed", "Parent Relationship": "Outer", "Startup Cost": 99673409.84, "Total Cost": 99673455.94, "Plan Rows": 3688, "Plan Width": 84, "Group By Key": ["n1.n_name", "n2.n_name", "date_part('year'::text, lineitem.l_shipdate)"], "Plans": [{"Node Type": "Nested Loop", "Parent Relationship": "Outer", "Join Type": "Inner", "Startup Cost": 627986.71, "Total Cost": 99673354.52, "Plan Rows": 3688, "Plan Width": 76, "Inner Unique": true, "Join Filter": "(((n1.n_name = 'JAPAN'::bpchar) AND (n2.n_name = 'INDIA'::bpchar)) OR ((n1.n_name = 'INDIA'::bpchar) AND (n2.n_name = 'JAPAN'::bpchar)))", "Plans": [{"Node Type": "Nested Loop", "Parent Relationship": "Outer", "Join Type": "Inner", "Startup Cost": 627986.45, "Total Cost": 94724471.42, "Plan Rows": 1153515, "Plan Width": 54, "Inner Unique": true, "Plans": [{"Node Type": "Nested Loop", "Parent Relationship": "Outer", "Join Type": "Inner", "Startup Cost": 627986.2, "Total Cost": 89787046.56, "Plan Rows": 1153515, "Plan Width": 32, "Inner Unique": true, "Plans": [{"Node Type": "Nested Loop", "Parent Relationship": "Outer", "Join Type": "Inner", "Startup Cost": 627985.94, "Total Cost": 84848088.55, "Plan Rows": 1153515, "Plan Width": 36, "Inner Unique": true, "Plans": [{"Node Type": "Nested Loop", "Parent Relationship": "Outer", "Join Type": "Inner", "Startup Cost": 627985.67, "Total Cost": 79896146.0, "Plan Rows": 1153515, "Plan Width": 36, "Inner Unique": true, "Plans": [{"Node Type": "Bitmap Heap Scan", "Parent Relationship": "Outer", "Relation Name": "lineitem", "Alias": "lineitem", "Startup Cost": 627985.41, "Total Cost": 2315105.27, "Plan Rows": 18124991, "Plan Width": 40, "Recheck Cond": "((l_shipdate >= '1995-01-01 00:00:00'::timestamp(0) without time zone) AND (l_shipdate <= '1996-12-31 00:00:00'::timestamp(0) without time zone)), (LLVM Optimized)", "Plans": [{"Node Type": "Bitmap Index Scan", "Parent Relationship": "Outer", "Index Name": "idx_lineitem_shipdate", "Startup Cost": 0.0, "Total Cost": 623454.16, "Plan Rows": 18124991, "Plan Width": 0, "Index Cond": "((l_shipdate >= '1995-01-01 00:00:00'::timestamp(0) without time zone) AND (l_shipdate <= '1996-12-31 00:00:00'::timestamp(0) without time zone))"}]}, {"Node Type": "Bitmap Heap Scan", "Parent Relationship": "Inner", "Relation Name": "supplier", "Alias": "supplier", "Startup Cost": 0.26, "Total Cost": 4.27, "Plan Rows": 1, "Plan Width": 12, "Recheck Cond": "(s_suppkey = lineitem.l_suppkey)", "Plans": [{"Node Type": "Bitmap Index Scan", "Parent Relationship": "Outer", "Index Name": "supplier_pkey", "Startup Cost": 0.0, "Total Cost": 0.26, "Plan Rows": 1, "Plan Width": 0, "Index Cond": "(s_suppkey = lineitem.l_suppkey)"}]}]}, {"Node Type": "Bitmap Heap Scan", "Parent Relationship": "Inner", "Relation Name": "orders", "Alias": "orders", "Startup Cost": 0.27, "Total Cost": 4.28, "Plan Rows": 1, "Plan Width": 16, "Recheck Cond": "(o_orderkey = lineitem.l_orderkey)", "Plans": [{"Node Type": "Bitmap Index Scan", "Parent Relationship": "Outer", "Index Name": "orders_pkey", "Startup Cost": 0.0, "Total Cost": 0.27, "Plan Rows": 1, "Plan Width": 0, "Index Cond": "(o_orderkey = lineitem.l_orderkey)"}]}]}, {"Node Type": "Bitmap Heap Scan", "Parent Relationship": "Inner", "Relation Name": "customer", "Alias": "customer", "Startup Cost": 0.26, "Total Cost": 4.27, "Plan Rows": 1, "Plan Width": 12, "Recheck Cond": "(c_custkey = orders.o_custkey)", "Plans": [{"Node Type": "Bitmap Index Scan", "Parent Relationship": "Outer", "Index Name": "customer_pkey", "Startup Cost": 0.0, "Total Cost": 0.26, "Plan Rows": 1, "Plan Width": 0, "Index Cond": "(c_custkey = orders.o_custkey)"}]}]}, {"Node Type": "Bitmap Heap Scan", "Parent Relationship": "Inner", "Relation Name": "nation", "Alias": "n1", "Startup Cost": 0.26, "Total Cost": 4.27, "Plan Rows": 1, "Plan Width": 30, "Recheck Cond": "(n_nationkey = supplier.s_nationkey)", "Filter": "((n_name = 'JAPAN'::bpchar) OR (n_name = 'INDIA'::bpchar))", "Plans": [{"Node Type": "Bitmap Index Scan", "Parent Relationship": "Outer", "Index Name": "nation_pkey", "Startup Cost": 0.0, "Total Cost": 0.26, "Plan Rows": 1, "Plan Width": 0, "Index Cond": "(n_nationkey = supplier.s_nationkey)"}]}]}, {"Node Type": "Bitmap Heap Scan", "Parent Relationship": "Inner", "Relation Name": "nation", "Alias": "n2", "Startup Cost": 0.26, "Total Cost": 4.27, "Plan Rows": 1, "Plan Width": 30, "Recheck Cond": "(n_nationkey = customer.c_nationkey)", "Filter": "((n_name = 'INDIA'::bpchar) OR (n_name = 'JAPAN'::bpchar))", "Plans": [{"Node Type": "Bitmap Index Scan", "Parent Relationship": "Outer", "Index Name": "nation_pkey", "Startup Cost": 0.0, "Total Cost": 0.26, "Plan Rows": 1, "Plan Width": 0, "Index Cond": "(n_nationkey = customer.c_nationkey)"}]}]}]}]}, "Unique SQL Id": 2208782157, "Planner Runtime": 2}, "explain_analyze_plan": null}, "(16, 52)": {"explain_plan": {"Plan": {"Node Type": "Sort", "Startup Cost": 852790.92, "Total Cost": 852800.14, "Plan Rows": 3688, "Plan Width": 84, "Sort Key": ["n1.n_name", "n2.n_name", "(date_part('year'::text, lineitem.l_shipdate))"], "Plans": [{"Node Type": "Aggregate", "Strategy": "Hashed", "Parent Relationship": "Outer", "Startup Cost": 852526.33, "Total Cost": 852572.43, "Plan Rows": 3688, "Plan Width": 84, "Group By Key": ["n1.n_name", "n2.n_name", "date_part('year'::text, lineitem.l_shipdate)"], "Plans": [{"Node Type": "Nested Loop", "Parent Relationship": "Outer", "Join Type": "Inner", "Startup Cost": 1030.37, "Total Cost": 852471.01, "Plan Rows": 3688, "Plan Width": 76, "Inner Unique": true, "Join Filter": "(n1.n_nationkey = supplier.s_nationkey)", "Plans": [{"Node Type": "Nested Loop", "Parent Relationship": "Outer", "Join Type": "Inner", "Startup Cost": 1030.37, "Total Cost": 642753.24, "Plan Rows": 740786, "Plan Width": 88, "Inner Unique": false, "Plans": [{"Node Type": "Nested Loop", "Parent Relationship": "Outer", "Join Type": "Inner", "Startup Cost": 1030.37, "Total Cost": 166015.61, "Plan Rows": 504972, "Plan Width": 64, "Inner Unique": false, "Plans": [{"Node Type": "Nested Loop", "Parent Relationship": "Outer", "Join Type": "Inner", "Startup Cost": 1030.37, "Total Cost": 14893.09, "Plan Rows": 119904, "Plan Width": 64, "Inner Unique": false, "Plans": [{"Node Type": "Nested Loop", "Parent Relationship": "Outer", "Join Type": "Inner", "Startup Cost": 0.0, "Total Cost": 28.12, "Plan Rows": 2, "Plan Width": 60, "Inner Unique": false, "Join Filter": "(((n1.n_name = 'JAPAN'::bpchar) AND (n2.n_name = 'INDIA'::bpchar)) OR ((n1.n_name = 'INDIA'::bpchar) AND (n2.n_name = 'JAPAN'::bpchar)))", "Plans": [{"Node Type": "Index Scan", "Parent Relationship": "Outer", "Scan Direction": "Forward", "Index Name": "nation_pkey", "Relation Name": "nation", "Alias": "n1", "Startup Cost": 0.0, "Total Cost": 12.75, "Plan Rows": 25, "Plan Width": 30, "Filter": "((n_name = 'JAPAN'::bpchar) OR (n_name = 'INDIA'::bpchar))"}, {"Node Type": "Materialize", "Parent Relationship": "Inner", "Startup Cost": 0.0, "Total Cost": 1.38, "Plan Rows": 25, "Plan Width": 30, "Plans": [{"Node Type": "Seq Scan", "Parent Relationship": "Outer", "Relation Name": "nation", "Alias": "n2", "Startup Cost": 0.0, "Total Cost": 1.25, "Plan Rows": 25, "Plan Width": 30, "Filter": "((n_name = 'INDIA'::bpchar) OR (n_name = 'JAPAN'::bpchar))"}]}]}, {"Node Type": "Bitmap Heap Scan", "Parent Relationship": "Inner", "Relation Name": "customer", "Alias": "customer", "Startup Cost": 1030.37, "Total Cost": 6832.48, "Plan Rows": 60000, "Plan Width": 12, "Recheck Cond": "(c_nationkey = n2.n_nationkey)", "Plans": [{"Node Type": "Bitmap Index Scan", "Parent Relationship": "Outer", "Index Name": "idx_customer_nationkey", "Startup Cost": 0.0, "Total Cost": 1015.37, "Plan Rows": 60000, "Plan Width": 0, "Index Cond": "(c_nationkey = n2.n_nationkey)"}]}]}, {"Node Type": "Index Scan", "Parent Relationship": "Inner", "Scan Direction": "Forward", "Index Name": "idx_orders_custkey", "Relation Name": "orders", "Alias": "orders", "Startup Cost": 0.0, "Total Cost": 1.22, "Plan Rows": 4, "Plan Width": 16, "Index Cond": "(o_custkey = customer.c_custkey)"}]}, {"Node Type": "Index Scan", "Parent Relationship": "Inner", "Scan Direction": "Forward", "Index Name": "idx_lineitem_orderkey", "Relation Name": "lineitem", "Alias": "lineitem", "Startup Cost": 0.0, "Total Cost": 0.91, "Plan Rows": 3, "Plan Width": 40, "Index Cond": "(l_orderkey = orders.o_orderkey)", "Filter": "((l_shipdate >= '1995-01-01 00:00:00'::timestamp(0) without time zone) AND (l_shipdate <= '1996-12-31 00:00:00'::timestamp(0) without time zone))"}]}, {"Node Type": "Index Scan", "Parent Relationship": "Inner", "Scan Direction": "Forward", "Index Name": "supplier_pkey", "Relation Name": "supplier", "Alias": "supplier", "Startup Cost": 0.0, "Total Cost": 0.27, "Plan Rows": 1, "Plan Width": 12, "Index Cond": "(s_suppkey = lineitem.l_suppkey)"}]}]}]}, "Unique SQL Id": 2208782157, "Planner Runtime": 2}, "explain_analyze_plan": {"Plan": {"Node Type": "Sort", "Startup Cost": 852790.92, "Total Cost": 852800.14, "Plan Rows": 3688, "Plan Width": 84, "Actual Startup Time": 27951.026, "Actual Total Time": 27951.026, "Actual Rows": 4, "Actual Loops": 1, "Sort Key": ["n1.n_name", "n2.n_name", "(date_part('year'::text, lineitem.l_shipdate))"], "Sort Method": "quicksort", "Sort Space Used": 25, "Sort Space Type": "Memory", "Plans": [{"Node Type": "Aggregate", "Strategy": "Hashed", "Parent Relationship": "Outer", "Startup Cost": 852526.33, "Total Cost": 852572.43, "Plan Rows": 3688, "Plan Width": 84, "Actual Startup Time": 27950.95, "Actual Total Time": 27950.959, "Actual Rows": 4, "Actual Loops": 1, "Group By Key": ["n1.n_name", "n2.n_name", "date_part('year'::text, lineitem.l_shipdate)"], "Plans": [{"Node Type": "Nested Loop", "Parent Relationship": "Outer", "Join Type": "Inner", "Startup Cost": 1030.37, "Total Cost": 852471.01, "Plan Rows": 3688, "Plan Width": 76, "Actual Startup Time": 19.295, "Actual Total Time": 27831.01, "Actual Rows": 58554, "Actual Loops": 1, "Inner Unique": true, "Join Filter": "(n1.n_nationkey = supplier.s_nationkey)", "Rows Removed by Join Filter": 1400596, "Plans": [{"Node Type": "Nested Loop", "Parent Relationship": "Outer", "Join Type": "Inner", "Startup Cost": 1030.37, "Total Cost": 642753.24, "Plan Rows": 740786, "Plan Width": 88, "Actual Startup Time": 19.137, "Actual Total Time": 19741.197, "Actual Rows": 1459150, "Actual Loops": 1, "Inner Unique": false, "Plans": [{"Node Type": "Nested Loop", "Parent Relationship": "Outer", "Join Type": "Inner", "Startup Cost": 1030.37, "Total Cost": 166015.61, "Plan Rows": 504972, "Plan Width": 64, "Actual Startup Time": 19.048, "Actual Total Time": 4109.486, "Actual Rows": 1200363, "Actual Loops": 1, "Inner Unique": false, "Plans": [{"Node Type": "Nested Loop", "Parent Relationship": "Outer", "Join Type": "Inner", "Startup Cost": 1030.37, "Total Cost": 14893.09, "Plan Rows": 119904, "Plan Width": 64, "Actual Startup Time": 19.005, "Actual Total Time": 301.596, "Actual Rows": 119972, "Actual Loops": 1, "Inner Unique": false, "Plans": [{"Node Type": "Nested Loop", "Parent Relationship": "Outer", "Join Type": "Inner", "Startup Cost": 0.0, "Total Cost": 28.12, "Plan Rows": 2, "Plan Width": 60, "Actual Startup Time": 0.078, "Actual Total Time": 0.301, "Actual Rows": 2, "Actual Loops": 1, "Inner Unique": false, "Join Filter": "(((n1.n_name = 'JAPAN'::bpchar) AND (n2.n_name = 'INDIA'::bpchar)) OR ((n1.n_name = 'INDIA'::bpchar) AND (n2.n_name = 'JAPAN'::bpchar)))", "Rows Removed by Join Filter": 2, "Plans": [{"Node Type": "Index Scan", "Parent Relationship": "Outer", "Scan Direction": "Forward", "Index Name": "nation_pkey", "Relation Name": "nation", "Alias": "n1", "Startup Cost": 0.0, "Total Cost": 12.75, "Plan Rows": 25, "Plan Width": 30, "Actual Startup Time": 0.044, "Actual Total Time": 0.083, "Actual Rows": 2, "Actual Loops": 1, "Filter": "((n_name = 'JAPAN'::bpchar) OR (n_name = 'INDIA'::bpchar))", "Rows Removed by Filter": 23}, {"Node Type": "Materialize", "Parent Relationship": "Inner", "Startup Cost": 0.0, "Total Cost": 1.38, "Plan Rows": 25, "Plan Width": 30, "Actual Startup Time": 0.027, "Actual Total Time": 0.159, "Actual Rows": 4, "Actual Loops": 2, "Plans": [{"Node Type": "Seq Scan", "Parent Relationship": "Outer", "Relation Name": "nation", "Alias": "n2", "Startup Cost": 0.0, "Total Cost": 1.25, "Plan Rows": 25, "Plan Width": 30, "Actual Startup Time": 0.02, "Actual Total Time": 0.146, "Actual Rows": 2, "Actual Loops": 1, "Filter": "((n_name = 'INDIA'::bpchar) OR (n_name = 'JAPAN'::bpchar))", "Rows Removed by Filter": 23}]}]}, {"Node Type": "Bitmap Heap Scan", "Parent Relationship": "Inner", "Relation Name": "customer", "Alias": "customer", "Startup Cost": 1030.37, "Total Cost": 6832.48, "Plan Rows": 60000, "Plan Width": 12, "Actual Startup Time": 36.958, "Actual Total Time": 268.919, "Actual Rows": 119972, "Actual Loops": 2, "Recheck Cond": "(c_nationkey = n2.n_nationkey)", "Rows Removed by Index Recheck": 0, "Exact Heap Blocks": 59938, "Lossy Heap Blocks": 59938, "Plans": [{"Node Type": "Bitmap Index Scan", "Parent Relationship": "Outer", "Index Name": "idx_customer_nationkey", "Startup Cost": 0.0, "Total Cost": 1015.37, "Plan Rows": 60000, "Plan Width": 0, "Actual Startup Time": 23.453, "Actual Total Time": 23.453, "Actual Rows": 119972, "Actual Loops": 2, "Index Cond": "(c_nationkey = n2.n_nationkey)"}]}]}, {"Node Type": "Index Scan", "Parent Relationship": "Inner", "Scan Direction": "Forward", "Index Name": "idx_orders_custkey", "Relation Name": "orders", "Alias": "orders", "Startup Cost": 0.0, "Total Cost": 1.22, "Plan Rows": 4, "Plan Width": 16, "Actual Startup Time": 758.798, "Actual Total Time": 3439.601, "Actual Rows": 1200363, "Actual Loops": 119972, "Index Cond": "(o_custkey = customer.c_custkey)", "Rows Removed by Index Recheck": 0}]}, {"Node Type": "Index Scan", "Parent Relationship": "Inner", "Scan Direction": "Forward", "Index Name": "idx_lineitem_orderkey", "Relation Name": "lineitem", "Alias": "lineitem", "Startup Cost": 0.0, "Total Cost": 0.91, "Plan Rows": 3, "Plan Width": 40, "Actual Startup Time": 13410.666, "Actual Total Time": 14644.329, "Actual Rows": 1459150, "Actual Loops": 1200363, "Index Cond": "(l_orderkey = orders.o_orderkey)", "Rows Removed by Index Recheck": 0, "Filter": "((l_shipdate >= '1995-01-01 00:00:00'::timestamp(0) without time zone) AND (l_shipdate <= '1996-12-31 00:00:00'::timestamp(0) without time zone))", "Rows Removed by Filter": 3342563}]}, {"Node Type": "Index Scan", "Parent Relationship": "Inner", "Scan Direction": "Forward", "Index Name": "supplier_pkey", "Relation Name": "supplier", "Alias": "supplier", "Startup Cost": 0.0, "Total Cost": 0.27, "Plan Rows": 1, "Plan Width": 12, "Actual Startup Time": 6388.383, "Actual Total Time": 6879.154, "Actual Rows": 1459150, "Actual Loops": 1459150, "Index Cond": "(s_suppkey = lineitem.l_suppkey)", "Rows Removed by Index Recheck": 0}]}]}]}, "Triggers": [], "Planner Runtime": 2, "Total Runtime": 27951.398, "Unique SQL Id": 2208782157}}, "(16, 53)": {"explain_plan": {"Plan": {"Node Type": "Sort", "Startup Cost": 852802.42, "Total Cost": 852811.64, "Plan Rows": 3688, "Plan Width": 84, "Sort Key": ["n1.n_name", "n2.n_name", "(date_part('year'::text, lineitem.l_shipdate))"], "Plans": [{"Node Type": "Aggregate", "Strategy": "Hashed", "Parent Relationship": "Outer", "Startup Cost": 852537.83, "Total Cost": 852583.93, "Plan Rows": 3688, "Plan Width": 84, "Group By Key": ["n1.n_name", "n2.n_name", "date_part('year'::text, lineitem.l_shipdate)"], "Plans": [{"Node Type": "Nested Loop", "Parent Relationship": "Outer", "Join Type": "Inner", "Startup Cost": 1030.37, "Total Cost": 852482.51, "Plan Rows": 3688, "Plan Width": 76, "Inner Unique": true, "Join Filter": "(n1.n_nationkey = supplier.s_nationkey)", "Plans": [{"Node Type": "Nested Loop", "Parent Relationship": "Outer", "Join Type": "Inner", "Startup Cost": 1030.37, "Total Cost": 642764.74, "Plan Rows": 740786, "Plan Width": 88, "Inner Unique": false, "Plans": [{"Node Type": "Nested Loop", "Parent Relationship": "Outer", "Join Type": "Inner", "Startup Cost": 1030.37, "Total Cost": 166027.11, "Plan Rows": 504972, "Plan Width": 64, "Inner Unique": false, "Plans": [{"Node Type": "Nested Loop", "Parent Relationship": "Outer", "Join Type": "Inner", "Startup Cost": 1030.37, "Total Cost": 14904.59, "Plan Rows": 119904, "Plan Width": 64, "Inner Unique": false, "Plans": [{"Node Type": "Nested Loop", "Parent Relationship": "Outer", "Join Type": "Inner", "Startup Cost": 0.0, "Total Cost": 39.62, "Plan Rows": 2, "Plan Width": 60, "Inner Unique": false, "Join Filter": "(((n1.n_name = 'JAPAN'::bpchar) AND (n2.n_name = 'INDIA'::bpchar)) OR ((n1.n_name = 'INDIA'::bpchar) AND (n2.n_name = 'JAPAN'::bpchar)))", "Plans": [{"Node Type": "Index Scan", "Parent Relationship": "Outer", "Scan Direction": "Forward", "Index Name": "nation_pkey", "Relation Name": "nation", "Alias": "n1", "Startup Cost": 0.0, "Total Cost": 12.75, "Plan Rows": 25, "Plan Width": 30, "Filter": "((n_name = 'JAPAN'::bpchar) OR (n_name = 'INDIA'::bpchar))"}, {"Node Type": "Materialize", "Parent Relationship": "Inner", "Startup Cost": 0.0, "Total Cost": 12.88, "Plan Rows": 25, "Plan Width": 30, "Plans": [{"Node Type": "Index Scan", "Parent Relationship": "Outer", "Scan Direction": "Forward", "Index Name": "nation_pkey", "Relation Name": "nation", "Alias": "n2", "Startup Cost": 0.0, "Total Cost": 12.75, "Plan Rows": 25, "Plan Width": 30, "Filter": "((n_name = 'INDIA'::bpchar) OR (n_name = 'JAPAN'::bpchar))"}]}]}, {"Node Type": "Bitmap Heap Scan", "Parent Relationship": "Inner", "Relation Name": "customer", "Alias": "customer", "Startup Cost": 1030.37, "Total Cost": 6832.48, "Plan Rows": 60000, "Plan Width": 12, "Recheck Cond": "(c_nationkey = n2.n_nationkey)", "Plans": [{"Node Type": "Bitmap Index Scan", "Parent Relationship": "Outer", "Index Name": "idx_customer_nationkey", "Startup Cost": 0.0, "Total Cost": 1015.37, "Plan Rows": 60000, "Plan Width": 0, "Index Cond": "(c_nationkey = n2.n_nationkey)"}]}]}, {"Node Type": "Index Scan", "Parent Relationship": "Inner", "Scan Direction": "Forward", "Index Name": "idx_orders_custkey", "Relation Name": "orders", "Alias": "orders", "Startup Cost": 0.0, "Total Cost": 1.22, "Plan Rows": 4, "Plan Width": 16, "Index Cond": "(o_custkey = customer.c_custkey)"}]}, {"Node Type": "Index Scan", "Parent Relationship": "Inner", "Scan Direction": "Forward", "Index Name": "idx_lineitem_orderkey", "Relation Name": "lineitem", "Alias": "lineitem", "Startup Cost": 0.0, "Total Cost": 0.91, "Plan Rows": 3, "Plan Width": 40, "Index Cond": "(l_orderkey = orders.o_orderkey)", "Filter": "((l_shipdate >= '1995-01-01 00:00:00'::timestamp(0) without time zone) AND (l_shipdate <= '1996-12-31 00:00:00'::timestamp(0) without time zone))"}]}, {"Node Type": "Index Scan", "Parent Relationship": "Inner", "Scan Direction": "Forward", "Index Name": "supplier_pkey", "Relation Name": "supplier", "Alias": "supplier", "Startup Cost": 0.0, "Total Cost": 0.27, "Plan Rows": 1, "Plan Width": 12, "Index Cond": "(s_suppkey = lineitem.l_suppkey)"}]}]}]}, "Unique SQL Id": 2208782157, "Planner Runtime": 2}, "explain_analyze_plan": {"Plan": {"Node Type": "Sort", "Startup Cost": 852802.42, "Total Cost": 852811.64, "Plan Rows": 3688, "Plan Width": 84, "Actual Startup Time": 28282.261, "Actual Total Time": 28282.261, "Actual Rows": 4, "Actual Loops": 1, "Sort Key": ["n1.n_name", "n2.n_name", "(date_part('year'::text, lineitem.l_shipdate))"], "Sort Method": "quicksort", "Sort Space Used": 25, "Sort Space Type": "Memory", "Plans": [{"Node Type": "Aggregate", "Strategy": "Hashed", "Parent Relationship": "Outer", "Startup Cost": 852537.83, "Total Cost": 852583.93, "Plan Rows": 3688, "Plan Width": 84, "Actual Startup Time": 28282.12, "Actual Total Time": 28282.138, "Actual Rows": 4, "Actual Loops": 1, "Group By Key": ["n1.n_name", "n2.n_name", "date_part('year'::text, lineitem.l_shipdate)"], "Plans": [{"Node Type": "Nested Loop", "Parent Relationship": "Outer", "Join Type": "Inner", "Startup Cost": 1030.37, "Total Cost": 852482.51, "Plan Rows": 3688, "Plan Width": 76, "Actual Startup Time": 21.112, "Actual Total Time": 28163.917, "Actual Rows": 58554, "Actual Loops": 1, "Inner Unique": true, "Join Filter": "(n1.n_nationkey = supplier.s_nationkey)", "Rows Removed by Join Filter": 1400596, "Plans": [{"Node Type": "Nested Loop", "Parent Relationship": "Outer", "Join Type": "Inner", "Startup Cost": 1030.37, "Total Cost": 642764.74, "Plan Rows": 740786, "Plan Width": 88, "Actual Startup Time": 20.965, "Actual Total Time": 19973.658, "Actual Rows": 1459150, "Actual Loops": 1, "Inner Unique": false, "Plans": [{"Node Type": "Nested Loop", "Parent Relationship": "Outer", "Join Type": "Inner", "Startup Cost": 1030.37, "Total Cost": 166027.11, "Plan Rows": 504972, "Plan Width": 64, "Actual Startup Time": 20.904, "Actual Total Time": 4322.35, "Actual Rows": 1200363, "Actual Loops": 1, "Inner Unique": false, "Plans": [{"Node Type": "Nested Loop", "Parent Relationship": "Outer", "Join Type": "Inner", "Startup Cost": 1030.37, "Total Cost": 14904.59, "Plan Rows": 119904, "Plan Width": 64, "Actual Startup Time": 20.886, "Actual Total Time": 302.984, "Actual Rows": 119972, "Actual Loops": 1, "Inner Unique": false, "Plans": [{"Node Type": "Nested Loop", "Parent Relationship": "Outer", "Join Type": "Inner", "Startup Cost": 0.0, "Total Cost": 39.62, "Plan Rows": 2, "Plan Width": 60, "Actual Startup Time": 0.051, "Actual Total Time": 0.161, "Actual Rows": 2, "Actual Loops": 1, "Inner Unique": false, "Join Filter": "(((n1.n_name = 'JAPAN'::bpchar) AND (n2.n_name = 'INDIA'::bpchar)) OR ((n1.n_name = 'INDIA'::bpchar) AND (n2.n_name = 'JAPAN'::bpchar)))", "Rows Removed by Join Filter": 2, "Plans": [{"Node Type": "Index Scan", "Parent Relationship": "Outer", "Scan Direction": "Forward", "Index Name": "nation_pkey", "Relation Name": "nation", "Alias": "n1", "Startup Cost": 0.0, "Total Cost": 12.75, "Plan Rows": 25, "Plan Width": 30, "Actual Startup Time": 0.027, "Actual Total Time": 0.053, "Actual Rows": 2, "Actual Loops": 1, "Filter": "((n_name = 'JAPAN'::bpchar) OR (n_name = 'INDIA'::bpchar))", "Rows Removed by Filter": 23}, {"Node Type": "Materialize", "Parent Relationship": "Inner", "Startup Cost": 0.0, "Total Cost": 12.88, "Plan Rows": 25, "Plan Width": 30, "Actual Startup Time": 0.014, "Actual Total Time": 0.047, "Actual Rows": 4, "Actual Loops": 2, "Plans": [{"Node Type": "Index Scan", "Parent Relationship": "Outer", "Scan Direction": "Forward", "Index Name": "nation_pkey", "Relation Name": "nation", "Alias": "n2", "Startup Cost": 0.0, "Total Cost": 12.75, "Plan Rows": 25, "Plan Width": 30, "Actual Startup Time": 0.011, "Actual Total Time": 0.039, "Actual Rows": 2, "Actual Loops": 1, "Filter": "((n_name = 'INDIA'::bpchar) OR (n_name = 'JAPAN'::bpchar))", "Rows Removed by Filter": 23}]}]}, {"Node Type": "Bitmap Heap Scan", "Parent Relationship": "Inner", "Relation Name": "customer", "Alias": "customer", "Startup Cost": 1030.37, "Total Cost": 6832.48, "Plan Rows": 60000, "Plan Width": 12, "Actual Startup Time": 41.567, "Actual Total Time": 269.462, "Actual Rows": 119972, "Actual Loops": 2, "Recheck Cond": "(c_nationkey = n2.n_nationkey)", "Rows Removed by Index Recheck": 0, "Exact Heap Blocks": 59938, "Lossy Heap Blocks": 59938, "Plans": [{"Node Type": "Bitmap Index Scan", "Parent Relationship": "Outer", "Index Name": "idx_customer_nationkey", "Startup Cost": 0.0, "Total Cost": 1015.37, "Plan Rows": 60000, "Plan Width": 0, "Actual Startup Time": 27.774, "Actual Total Time": 27.774, "Actual Rows": 119972, "Actual Loops": 2, "Index Cond": "(c_nationkey = n2.n_nationkey)"}]}]}, {"Node Type": "Index Scan", "Parent Relationship": "Inner", "Scan Direction": "Forward", "Index Name": "idx_orders_custkey", "Relation Name": "orders", "Alias": "orders", "Startup Cost": 0.0, "Total Cost": 1.22, "Plan Rows": 4, "Plan Width": 16, "Actual Startup Time": 762.772, "Actual Total Time": 3656.64, "Actual Rows": 1200363, "Actual Loops": 119972, "Index Cond": "(o_custkey = customer.c_custkey)", "Rows Removed by Index Recheck": 0}]}, {"Node Type": "Index Scan", "Parent Relationship": "Inner", "Scan Direction": "Forward", "Index Name": "idx_lineitem_orderkey", "Relation Name": "lineitem", "Alias": "lineitem", "Startup Cost": 0.0, "Total Cost": 0.91, "Plan Rows": 3, "Plan Width": 40, "Actual Startup Time": 13443.982, "Actual Total Time": 14658.2, "Actual Rows": 1459150, "Actual Loops": 1200363, "Index Cond": "(l_orderkey = orders.o_orderkey)", "Rows Removed by Index Recheck": 0, "Filter": "((l_shipdate >= '1995-01-01 00:00:00'::timestamp(0) without time zone) AND (l_shipdate <= '1996-12-31 00:00:00'::timestamp(0) without time zone))", "Rows Removed by Filter": 3342563}]}, {"Node Type": "Index Scan", "Parent Relationship": "Inner", "Scan Direction": "Forward", "Index Name": "supplier_pkey", "Relation Name": "supplier", "Alias": "supplier", "Startup Cost": 0.0, "Total Cost": 0.27, "Plan Rows": 1, "Plan Width": 12, "Actual Startup Time": 6504.079, "Actual Total Time": 6990.832, "Actual Rows": 1459150, "Actual Loops": 1459150, "Index Cond": "(s_suppkey = lineitem.l_suppkey)", "Rows Removed by Index Recheck": 0}]}]}]}, "Triggers": [], "Planner Runtime": 2, "Total Runtime": 28282.694, "Unique SQL Id": 2208782157}}, "(16, 54)": {"explain_plan": {"Plan": {"Node Type": "Sort", "Startup Cost": 6036772.32, "Total Cost": 6036781.54, "Plan Rows": 3688, "Plan Width": 84, "Sort Key": ["n1.n_name", "n2.n_name", "(date_part('year'::text, lineitem.l_shipdate))"], "Plans": [{"Node Type": "Aggregate", "Strategy": "Hashed", "Parent Relationship": "Outer", "Startup Cost": 6036507.73, "Total Cost": 6036553.83, "Plan Rows": 3688, "Plan Width": 84, "Group By Key": ["n1.n_name", "n2.n_name", "date_part('year'::text, lineitem.l_shipdate)"], "Plans": [{"Node Type": "Nested Loop", "Parent Relationship": "Outer", "Join Type": "Inner", "Startup Cost": 1031.44, "Total Cost": 6036452.41, "Plan Rows": 3688, "Plan Width": 76, "Inner Unique": true, "Join Filter": "(n1.n_nationkey = supplier.s_nationkey)", "Plans": [{"Node Type": "Nested Loop", "Parent Relationship": "Outer", "Join Type": "Inner", "Startup Cost": 1031.18, "Total Cost": 2863778.68, "Plan Rows": 740786, "Plan Width": 88, "Inner Unique": false, "Plans": [{"Node Type": "Nested Loop", "Parent Relationship": "Outer", "Join Type": "Inner", "Startup Cost": 1030.8, "Total Cost": 557356.7, "Plan Rows": 504972, "Plan Width": 64, "Inner Unique": false, "Plans": [{"Node Type": "Nested Loop", "Parent Relationship": "Outer", "Join Type": "Inner", "Startup Cost": 1030.37, "Total Cost": 14881.59, "Plan Rows": 119904, "Plan Width": 64, "Inner Unique": false, "Plans": [{"Node Type": "Nested Loop", "Parent Relationship": "Outer", "Join Type": "Inner", "Startup Cost": 0.0, "Total Cost": 16.62, "Plan Rows": 2, "Plan Width": 60, "Inner Unique": false, "Join Filter": "(((n1.n_name = 'JAPAN'::bpchar) AND (n2.n_name = 'INDIA'::bpchar)) OR ((n1.n_name = 'INDIA'::bpchar) AND (n2.n_name = 'JAPAN'::bpchar)))", "Plans": [{"Node Type": "Seq Scan", "Parent Relationship": "Outer", "Relation Name": "nation", "Alias": "n1", "Startup Cost": 0.0, "Total Cost": 1.25, "Plan Rows": 25, "Plan Width": 30, "Filter": "((n_name = 'JAPAN'::bpchar) OR (n_name = 'INDIA'::bpchar))"}, {"Node Type": "Materialize", "Parent Relationship": "Inner", "Startup Cost": 0.0, "Total Cost": 1.38, "Plan Rows": 25, "Plan Width": 30, "Plans": [{"Node Type": "Seq Scan", "Parent Relationship": "Outer", "Relation Name": "nation", "Alias": "n2", "Startup Cost": 0.0, "Total Cost": 1.25, "Plan Rows": 25, "Plan Width": 30, "Filter": "((n_name = 'INDIA'::bpchar) OR (n_name = 'JAPAN'::bpchar))"}]}]}, {"Node Type": "Bitmap Heap Scan", "Parent Relationship": "Inner", "Relation Name": "customer", "Alias": "customer", "Startup Cost": 1030.37, "Total Cost": 6832.48, "Plan Rows": 60000, "Plan Width": 12, "Recheck Cond": "(c_nationkey = n2.n_nationkey)", "Plans": [{"Node Type": "Bitmap Index Scan", "Parent Relationship": "Outer", "Index Name": "idx_customer_nationkey", "Startup Cost": 0.0, "Total Cost": 1015.37, "Plan Rows": 60000, "Plan Width": 0, "Index Cond": "(c_nationkey = n2.n_nationkey)"}]}]}, {"Node Type": "Bitmap Heap Scan", "Parent Relationship": "Inner", "Relation Name": "orders", "Alias": "orders", "Startup Cost": 0.43, "Total Cost": 4.48, "Plan Rows": 4, "Plan Width": 16, "Recheck Cond": "(o_custkey = customer.c_custkey)", "Plans": [{"Node Type": "Bitmap Index Scan", "Parent Relationship": "Outer", "Index Name": "idx_orders_custkey", "Startup Cost": 0.0, "Total Cost": 0.43, "Plan Rows": 4, "Plan Width": 0, "Index Cond": "(o_custkey = customer.c_custkey)"}]}]}, {"Node Type": "Bitmap Heap Scan", "Parent Relationship": "Inner", "Relation Name": "lineitem", "Alias": "lineitem", "Startup Cost": 0.38, "Total Cost": 4.54, "Plan Rows": 3, "Plan Width": 40, "Recheck Cond": "(l_orderkey = orders.o_orderkey)", "Filter": "((l_shipdate >= '1995-01-01 00:00:00'::timestamp(0) without time zone) AND (l_shipdate <= '1996-12-31 00:00:00'::timestamp(0) without time zone))", "Plans": [{"Node Type": "Bitmap Index Scan", "Parent Relationship": "Outer", "Index Name": "idx_lineitem_orderkey", "Startup Cost": 0.0, "Total Cost": 0.38, "Plan Rows": 9, "Plan Width": 0, "Index Cond": "(l_orderkey = orders.o_orderkey)"}]}]}, {"Node Type": "Bitmap Heap Scan", "Parent Relationship": "Inner", "Relation Name": "supplier", "Alias": "supplier", "Startup Cost": 0.26, "Total Cost": 4.27, "Plan Rows": 1, "Plan Width": 12, "Recheck Cond": "(s_suppkey = lineitem.l_suppkey)", "Plans": [{"Node Type": "Bitmap Index Scan", "Parent Relationship": "Outer", "Index Name": "supplier_pkey", "Startup Cost": 0.0, "Total Cost": 0.26, "Plan Rows": 1, "Plan Width": 0, "Index Cond": "(s_suppkey = lineitem.l_suppkey)"}]}]}]}]}, "Unique SQL Id": 2208782157, "Planner Runtime": 2}, "explain_analyze_plan": {"Plan": {"Node Type": "Sort", "Startup Cost": 6036772.32, "Total Cost": 6036781.54, "Plan Rows": 3688, "Plan Width": 84, "Actual Startup Time": 33430.019, "Actual Total Time": 33430.02, "Actual Rows": 4, "Actual Loops": 1, "Sort Key": ["n1.n_name", "n2.n_name", "(date_part('year'::text, lineitem.l_shipdate))"], "Sort Method": "quicksort", "Sort Space Used": 25, "Sort Space Type": "Memory", "Plans": [{"Node Type": "Aggregate", "Strategy": "Hashed", "Parent Relationship": "Outer", "Startup Cost": 6036507.73, "Total Cost": 6036553.83, "Plan Rows": 3688, "Plan Width": 84, "Actual Startup Time": 33429.956, "Actual Total Time": 33429.965, "Actual Rows": 4, "Actual Loops": 1, "Group By Key": ["n1.n_name", "n2.n_name", "date_part('year'::text, lineitem.l_shipdate)"], "Plans": [{"Node Type": "Nested Loop", "Parent Relationship": "Outer", "Join Type": "Inner", "Startup Cost": 1031.44, "Total Cost": 6036452.41, "Plan Rows": 3688, "Plan Width": 76, "Actual Startup Time": 23.026, "Actual Total Time": 33289.314, "Actual Rows": 58554, "Actual Loops": 1, "Inner Unique": true, "Join Filter": "(n1.n_nationkey = supplier.s_nationkey)", "Rows Removed by Join Filter": 1400596, "Plans": [{"Node Type": "Nested Loop", "Parent Relationship": "Outer", "Join Type": "Inner", "Startup Cost": 1031.18, "Total Cost": 2863778.68, "Plan Rows": 740786, "Plan Width": 88, "Actual Startup Time": 22.799, "Actual Total Time": 22859.343, "Actual Rows": 1459150, "Actual Loops": 1, "Inner Unique": false, "Plans": [{"Node Type": "Nested Loop", "Parent Relationship": "Outer", "Join Type": "Inner", "Startup Cost": 1030.8, "Total Cost": 557356.7, "Plan Rows": 504972, "Plan Width": 64, "Actual Startup Time": 22.689, "Actual Total Time": 5307.255, "Actual Rows": 1200363, "Actual Loops": 1, "Inner Unique": false, "Plans": [{"Node Type": "Nested Loop", "Parent Relationship": "Outer", "Join Type": "Inner", "Startup Cost": 1030.37, "Total Cost": 14881.59, "Plan Rows": 119904, "Plan Width": 64, "Actual Startup Time": 22.631, "Actual Total Time": 304.24, "Actual Rows": 119972, "Actual Loops": 1, "Inner Unique": false, "Plans": [{"Node Type": "Nested Loop", "Parent Relationship": "Outer", "Join Type": "Inner", "Startup Cost": 0.0, "Total Cost": 16.62, "Plan Rows": 2, "Plan Width": 60, "Actual Startup Time": 0.06, "Actual Total Time": 0.159, "Actual Rows": 2, "Actual Loops": 1, "Inner Unique": false, "Join Filter": "(((n1.n_name = 'JAPAN'::bpchar) AND (n2.n_name = 'INDIA'::bpchar)) OR ((n1.n_name = 'INDIA'::bpchar) AND (n2.n_name = 'JAPAN'::bpchar)))", "Rows Removed by Join Filter": 2, "Plans": [{"Node Type": "Seq Scan", "Parent Relationship": "Outer", "Relation Name": "nation", "Alias": "n1", "Startup Cost": 0.0, "Total Cost": 1.25, "Plan Rows": 25, "Plan Width": 30, "Actual Startup Time": 0.032, "Actual Total Time": 0.057, "Actual Rows": 2, "Actual Loops": 1, "Filter": "((n_name = 'JAPAN'::bpchar) OR (n_name = 'INDIA'::bpchar))", "Rows Removed by Filter": 23}, {"Node Type": "Materialize", "Parent Relationship": "Inner", "Startup Cost": 0.0, "Total Cost": 1.38, "Plan Rows": 25, "Plan Width": 30, "Actual Startup Time": 0.019, "Actual Total Time": 0.045, "Actual Rows": 4, "Actual Loops": 2, "Plans": [{"Node Type": "Seq Scan", "Parent Relationship": "Outer", "Relation Name": "nation", "Alias": "n2", "Startup Cost": 0.0, "Total Cost": 1.25, "Plan Rows": 25, "Plan Width": 30, "Actual Startup Time": 0.017, "Actual Total Time": 0.04, "Actual Rows": 2, "Actual Loops": 1, "Filter": "((n_name = 'INDIA'::bpchar) OR (n_name = 'JAPAN'::bpchar))", "Rows Removed by Filter": 23}]}]}, {"Node Type": "Bitmap Heap Scan", "Parent Relationship": "Inner", "Relation Name": "customer", "Alias": "customer", "Startup Cost": 1030.37, "Total Cost": 6832.48, "Plan Rows": 60000, "Plan Width": 12, "Actual Startup Time": 43.401, "Actual Total Time": 267.129, "Actual Rows": 119972, "Actual Loops": 2, "Recheck Cond": "(c_nationkey = n2.n_nationkey)", "Rows Removed by Index Recheck": 0, "Exact Heap Blocks": 59938, "Lossy Heap Blocks": 59938, "Plans": [{"Node Type": "Bitmap Index Scan", "Parent Relationship": "Outer", "Index Name": "idx_customer_nationkey", "Startup Cost": 0.0, "Total Cost": 1015.37, "Plan Rows": 60000, "Plan Width": 0, "Actual Startup Time": 29.484, "Actual Total Time": 29.484, "Actual Rows": 119972, "Actual Loops": 2, "Index Cond": "(c_nationkey = n2.n_nationkey)"}]}]}, {"Node Type": "Bitmap Heap Scan", "Parent Relationship": "Inner", "Relation Name": "orders", "Alias": "orders", "Startup Cost": 0.43, "Total Cost": 4.48, "Plan Rows": 4, "Plan Width": 16, "Actual Startup Time": 1225.371, "Actual Total Time": 4543.565, "Actual Rows": 1200363, "Actual Loops": 119972, "Recheck Cond": "(o_custkey = customer.c_custkey)", "Rows Removed by Index Recheck": 0, "Exact Heap Blocks": 1200331, "Lossy Heap Blocks": 1200331, "Plans": [{"Node Type": "Bitmap Index Scan", "Parent Relationship": "Outer", "Index Name": "idx_orders_custkey", "Startup Cost": 0.0, "Total Cost": 0.43, "Plan Rows": 4, "Plan Width": 0, "Actual Startup Time": 744.33, "Actual Total Time": 744.33, "Actual Rows": 1200363, "Actual Loops": 119972, "Index Cond": "(o_custkey = customer.c_custkey)"}]}]}, {"Node Type": "Bitmap Heap Scan", "Parent Relationship": "Inner", "Relation Name": "lineitem", "Alias": "lineitem", "Startup Cost": 0.38, "Total Cost": 4.54, "Plan Rows": 3, "Plan Width": 40, "Actual Startup Time": 15106.381, "Actual Total Time": 15760.273, "Actual Rows": 1459150, "Actual Loops": 1200363, "Recheck Cond": "(l_orderkey = orders.o_orderkey)", "Rows Removed by Index Recheck": 0, "Filter": "((l_shipdate >= '1995-01-01 00:00:00'::timestamp(0) without time zone) AND (l_shipdate <= '1996-12-31 00:00:00'::timestamp(0) without time zone))", "Rows Removed by Filter": 3342563, "Exact Heap Blocks": 1285989, "Lossy Heap Blocks": 1285989, "Plans": [{"Node Type": "Bitmap Index Scan", "Parent Relationship": "Outer", "Index Name": "idx_lineitem_orderkey", "Startup Cost": 0.0, "Total Cost": 0.38, "Plan Rows": 9, "Plan Width": 0, "Actual Startup Time": 8653.732, "Actual Total Time": 8653.732, "Actual Rows": 4801713, "Actual Loops": 1200363, "Index Cond": "(l_orderkey = orders.o_orderkey)"}]}]}, {"Node Type": "Bitmap Heap Scan", "Parent Relationship": "Inner", "Relation Name": "supplier", "Alias": "supplier", "Startup Cost": 0.26, "Total Cost": 4.27, "Plan Rows": 1, "Plan Width": 12, "Actual Startup Time": 7978.191, "Actual Total Time": 8183.261, "Actual Rows": 1459150, "Actual Loops": 1459150, "Recheck Cond": "(s_suppkey = lineitem.l_suppkey)", "Rows Removed by Index Recheck": 0, "Exact Heap Blocks": 1459150, "Lossy Heap Blocks": 1459150, "Plans": [{"Node Type": "Bitmap Index Scan", "Parent Relationship": "Outer", "Index Name": "supplier_pkey", "Startup Cost": 0.0, "Total Cost": 0.26, "Plan Rows": 1, "Plan Width": 0, "Actual Startup Time": 4176.26, "Actual Total Time": 4176.26, "Actual Rows": 1459150, "Actual Loops": 1459150, "Index Cond": "(s_suppkey = lineitem.l_suppkey)"}]}]}]}]}, "Triggers": [], "Planner Runtime": 2, "Total Runtime": 33430.436, "Unique SQL Id": 2208782157}}, "(16, 55)": {"explain_plan": {"Plan": {"Node Type": "Sort", "Startup Cost": 99673674.43, "Total Cost": 99673683.65, "Plan Rows": 3688, "Plan Width": 84, "Sort Key": ["n1.n_name", "n2.n_name", "(date_part('year'::text, lineitem.l_shipdate))"], "Plans": [{"Node Type": "Aggregate", "Strategy": "Hashed", "Parent Relationship": "Outer", "Startup Cost": 99673409.84, "Total Cost": 99673455.94, "Plan Rows": 3688, "Plan Width": 84, "Group By Key": ["n1.n_name", "n2.n_name", "date_part('year'::text, lineitem.l_shipdate)"], "Plans": [{"Node Type": "Nested Loop", "Parent Relationship": "Outer", "Join Type": "Inner", "Startup Cost": 627986.71, "Total Cost": 99673354.52, "Plan Rows": 3688, "Plan Width": 76, "Inner Unique": true, "Join Filter": "(((n1.n_name = 'JAPAN'::bpchar) AND (n2.n_name = 'INDIA'::bpchar)) OR ((n1.n_name = 'INDIA'::bpchar) AND (n2.n_name = 'JAPAN'::bpchar)))", "Plans": [{"Node Type": "Nested Loop", "Parent Relationship": "Outer", "Join Type": "Inner", "Startup Cost": 627986.45, "Total Cost": 94724471.42, "Plan Rows": 1153515, "Plan Width": 54, "Inner Unique": true, "Plans": [{"Node Type": "Nested Loop", "Parent Relationship": "Outer", "Join Type": "Inner", "Startup Cost": 627986.2, "Total Cost": 89787046.56, "Plan Rows": 1153515, "Plan Width": 32, "Inner Unique": true, "Plans": [{"Node Type": "Nested Loop", "Parent Relationship": "Outer", "Join Type": "Inner", "Startup Cost": 627985.94, "Total Cost": 84848088.55, "Plan Rows": 1153515, "Plan Width": 36, "Inner Unique": true, "Plans": [{"Node Type": "Nested Loop", "Parent Relationship": "Outer", "Join Type": "Inner", "Startup Cost": 627985.67, "Total Cost": 79896146.0, "Plan Rows": 1153515, "Plan Width": 36, "Inner Unique": true, "Plans": [{"Node Type": "Bitmap Heap Scan", "Parent Relationship": "Outer", "Relation Name": "lineitem", "Alias": "lineitem", "Startup Cost": 627985.41, "Total Cost": 2315105.27, "Plan Rows": 18124991, "Plan Width": 40, "Recheck Cond": "((l_shipdate >= '1995-01-01 00:00:00'::timestamp(0) without time zone) AND (l_shipdate <= '1996-12-31 00:00:00'::timestamp(0) without time zone)), (LLVM Optimized)", "Plans": [{"Node Type": "Bitmap Index Scan", "Parent Relationship": "Outer", "Index Name": "idx_lineitem_shipdate", "Startup Cost": 0.0, "Total Cost": 623454.16, "Plan Rows": 18124991, "Plan Width": 0, "Index Cond": "((l_shipdate >= '1995-01-01 00:00:00'::timestamp(0) without time zone) AND (l_shipdate <= '1996-12-31 00:00:00'::timestamp(0) without time zone))"}]}, {"Node Type": "Bitmap Heap Scan", "Parent Relationship": "Inner", "Relation Name": "supplier", "Alias": "supplier", "Startup Cost": 0.26, "Total Cost": 4.27, "Plan Rows": 1, "Plan Width": 12, "Recheck Cond": "(s_suppkey = lineitem.l_suppkey)", "Plans": [{"Node Type": "Bitmap Index Scan", "Parent Relationship": "Outer", "Index Name": "supplier_pkey", "Startup Cost": 0.0, "Total Cost": 0.26, "Plan Rows": 1, "Plan Width": 0, "Index Cond": "(s_suppkey = lineitem.l_suppkey)"}]}]}, {"Node Type": "Bitmap Heap Scan", "Parent Relationship": "Inner", "Relation Name": "orders", "Alias": "orders", "Startup Cost": 0.27, "Total Cost": 4.28, "Plan Rows": 1, "Plan Width": 16, "Recheck Cond": "(o_orderkey = lineitem.l_orderkey)", "Plans": [{"Node Type": "Bitmap Index Scan", "Parent Relationship": "Outer", "Index Name": "orders_pkey", "Startup Cost": 0.0, "Total Cost": 0.27, "Plan Rows": 1, "Plan Width": 0, "Index Cond": "(o_orderkey = lineitem.l_orderkey)"}]}]}, {"Node Type": "Bitmap Heap Scan", "Parent Relationship": "Inner", "Relation Name": "customer", "Alias": "customer", "Startup Cost": 0.26, "Total Cost": 4.27, "Plan Rows": 1, "Plan Width": 12, "Recheck Cond": "(c_custkey = orders.o_custkey)", "Plans": [{"Node Type": "Bitmap Index Scan", "Parent Relationship": "Outer", "Index Name": "customer_pkey", "Startup Cost": 0.0, "Total Cost": 0.26, "Plan Rows": 1, "Plan Width": 0, "Index Cond": "(c_custkey = orders.o_custkey)"}]}]}, {"Node Type": "Bitmap Heap Scan", "Parent Relationship": "Inner", "Relation Name": "nation", "Alias": "n1", "Startup Cost": 0.26, "Total Cost": 4.27, "Plan Rows": 1, "Plan Width": 30, "Recheck Cond": "(n_nationkey = supplier.s_nationkey)", "Filter": "((n_name = 'JAPAN'::bpchar) OR (n_name = 'INDIA'::bpchar))", "Plans": [{"Node Type": "Bitmap Index Scan", "Parent Relationship": "Outer", "Index Name": "nation_pkey", "Startup Cost": 0.0, "Total Cost": 0.26, "Plan Rows": 1, "Plan Width": 0, "Index Cond": "(n_nationkey = supplier.s_nationkey)"}]}]}, {"Node Type": "Bitmap Heap Scan", "Parent Relationship": "Inner", "Relation Name": "nation", "Alias": "n2", "Startup Cost": 0.26, "Total Cost": 4.27, "Plan Rows": 1, "Plan Width": 30, "Recheck Cond": "(n_nationkey = customer.c_nationkey)", "Filter": "((n_name = 'INDIA'::bpchar) OR (n_name = 'JAPAN'::bpchar))", "Plans": [{"Node Type": "Bitmap Index Scan", "Parent Relationship": "Outer", "Index Name": "nation_pkey", "Startup Cost": 0.0, "Total Cost": 0.26, "Plan Rows": 1, "Plan Width": 0, "Index Cond": "(n_nationkey = customer.c_nationkey)"}]}]}]}]}, "Unique SQL Id": 2208782157, "Planner Runtime": 1}, "explain_analyze_plan": null}, "(16, 56)": {"explain_plan": {"Plan": {"Node Type": "Sort", "Startup Cost": 854530.8, "Total Cost": 854540.02, "Plan Rows": 3688, "Plan Width": 84, "Sort Key": ["n1.n_name", "n2.n_name", "(date_part('year'::text, lineitem.l_shipdate))"], "Plans": [{"Node Type": "Aggregate", "Strategy": "Hashed", "Parent Relationship": "Outer", "Startup Cost": 854266.22, "Total Cost": 854312.32, "Plan Rows": 3688, "Plan Width": 84, "Group By Key": ["n1.n_name", "n2.n_name", "date_part('year'::text, lineitem.l_shipdate)"], "Plans": [{"Node Type": "Nested Loop", "Parent Relationship": "Outer", "Join Type": "Inner", "Startup Cost": 0.0, "Total Cost": 854210.9, "Plan Rows": 3688, "Plan Width": 76, "Inner Unique": true, "Join Filter": "(n1.n_nationkey = supplier.s_nationkey)", "Plans": [{"Node Type": "Nested Loop", "Parent Relationship": "Outer", "Join Type": "Inner", "Startup Cost": 0.0, "Total Cost": 644493.13, "Plan Rows": 740786, "Plan Width": 88, "Inner Unique": false, "Plans": [{"Node Type": "Nested Loop", "Parent Relationship": "Outer", "Join Type": "Inner", "Startup Cost": 0.0, "Total Cost": 167755.5, "Plan Rows": 504972, "Plan Width": 64, "Inner Unique": false, "Plans": [{"Node Type": "Nested Loop", "Parent Relationship": "Outer", "Join Type": "Inner", "Startup Cost": 0.0, "Total Cost": 16632.98, "Plan Rows": 119904, "Plan Width": 64, "Inner Unique": false, "Plans": [{"Node Type": "Nested Loop", "Parent Relationship": "Outer", "Join Type": "Inner", "Startup Cost": 0.0, "Total Cost": 28.12, "Plan Rows": 2, "Plan Width": 60, "Inner Unique": false, "Join Filter": "(((n1.n_name = 'JAPAN'::bpchar) AND (n2.n_name = 'INDIA'::bpchar)) OR ((n1.n_name = 'INDIA'::bpchar) AND (n2.n_name = 'JAPAN'::bpchar)))", "Plans": [{"Node Type": "Index Scan", "Parent Relationship": "Outer", "Scan Direction": "Forward", "Index Name": "nation_pkey", "Relation Name": "nation", "Alias": "n1", "Startup Cost": 0.0, "Total Cost": 12.75, "Plan Rows": 25, "Plan Width": 30, "Filter": "((n_name = 'JAPAN'::bpchar) OR (n_name = 'INDIA'::bpchar))"}, {"Node Type": "Materialize", "Parent Relationship": "Inner", "Startup Cost": 0.0, "Total Cost": 1.38, "Plan Rows": 25, "Plan Width": 30, "Plans": [{"Node Type": "Seq Scan", "Parent Relationship": "Outer", "Relation Name": "nation", "Alias": "n2", "Startup Cost": 0.0, "Total Cost": 1.25, "Plan Rows": 25, "Plan Width": 30, "Filter": "((n_name = 'INDIA'::bpchar) OR (n_name = 'JAPAN'::bpchar))"}]}]}, {"Node Type": "Index Scan", "Parent Relationship": "Inner", "Scan Direction": "Forward", "Index Name": "idx_customer_nationkey", "Relation Name": "customer", "Alias": "customer", "Startup Cost": 0.0, "Total Cost": 7702.43, "Plan Rows": 60000, "Plan Width": 12, "Index Cond": "(c_nationkey = n2.n_nationkey)"}]}, {"Node Type": "Index Scan", "Parent Relationship": "Inner", "Scan Direction": "Forward", "Index Name": "idx_orders_custkey", "Relation Name": "orders", "Alias": "orders", "Startup Cost": 0.0, "Total Cost": 1.22, "Plan Rows": 4, "Plan Width": 16, "Index Cond": "(o_custkey = customer.c_custkey)"}]}, {"Node Type": "Index Scan", "Parent Relationship": "Inner", "Scan Direction": "Forward", "Index Name": "idx_lineitem_orderkey", "Relation Name": "lineitem", "Alias": "lineitem", "Startup Cost": 0.0, "Total Cost": 0.91, "Plan Rows": 3, "Plan Width": 40, "Index Cond": "(l_orderkey = orders.o_orderkey)", "Filter": "((l_shipdate >= '1995-01-01 00:00:00'::timestamp(0) without time zone) AND (l_shipdate <= '1996-12-31 00:00:00'::timestamp(0) without time zone))"}]}, {"Node Type": "Index Scan", "Parent Relationship": "Inner", "Scan Direction": "Forward", "Index Name": "supplier_pkey", "Relation Name": "supplier", "Alias": "supplier", "Startup Cost": 0.0, "Total Cost": 0.27, "Plan Rows": 1, "Plan Width": 12, "Index Cond": "(s_suppkey = lineitem.l_suppkey)"}]}]}]}, "Unique SQL Id": 2208782157, "Planner Runtime": 2}, "explain_analyze_plan": {"Plan": {"Node Type": "Sort", "Startup Cost": 854530.8, "Total Cost": 854540.02, "Plan Rows": 3688, "Plan Width": 84, "Actual Startup Time": 28122.781, "Actual Total Time": 28122.782, "Actual Rows": 4, "Actual Loops": 1, "Sort Key": ["n1.n_name", "n2.n_name", "(date_part('year'::text, lineitem.l_shipdate))"], "Sort Method": "quicksort", "Sort Space Used": 25, "Sort Space Type": "Memory", "Plans": [{"Node Type": "Aggregate", "Strategy": "Hashed", "Parent Relationship": "Outer", "Startup Cost": 854266.22, "Total Cost": 854312.32, "Plan Rows": 3688, "Plan Width": 84, "Actual Startup Time": 28122.741, "Actual Total Time": 28122.747, "Actual Rows": 4, "Actual Loops": 1, "Group By Key": ["n1.n_name", "n2.n_name", "date_part('year'::text, lineitem.l_shipdate)"], "Plans": [{"Node Type": "Nested Loop", "Parent Relationship": "Outer", "Join Type": "Inner", "Startup Cost": 0.0, "Total Cost": 854210.9, "Plan Rows": 3688, "Plan Width": 76, "Actual Startup Time": 0.366, "Actual Total Time": 28003.402, "Actual Rows": 58554, "Actual Loops": 1, "Inner Unique": true, "Join Filter": "(n1.n_nationkey = supplier.s_nationkey)", "Rows Removed by Join Filter": 1400596, "Plans": [{"Node Type": "Nested Loop", "Parent Relationship": "Outer", "Join Type": "Inner", "Startup Cost": 0.0, "Total Cost": 644493.13, "Plan Rows": 740786, "Plan Width": 88, "Actual Startup Time": 0.189, "Actual Total Time": 19861.197, "Actual Rows": 1459150, "Actual Loops": 1, "Inner Unique": false, "Plans": [{"Node Type": "Nested Loop", "Parent Relationship": "Outer", "Join Type": "Inner", "Startup Cost": 0.0, "Total Cost": 167755.5, "Plan Rows": 504972, "Plan Width": 64, "Actual Startup Time": 0.125, "Actual Total Time": 4287.725, "Actual Rows": 1200363, "Actual Loops": 1, "Inner Unique": false, "Plans": [{"Node Type": "Nested Loop", "Parent Relationship": "Outer", "Join Type": "Inner", "Startup Cost": 0.0, "Total Cost": 16632.98, "Plan Rows": 119904, "Plan Width": 64, "Actual Startup Time": 0.108, "Actual Total Time": 231.405, "Actual Rows": 119972, "Actual Loops": 1, "Inner Unique": false, "Plans": [{"Node Type": "Nested Loop", "Parent Relationship": "Outer", "Join Type": "Inner", "Startup Cost": 0.0, "Total Cost": 28.12, "Plan Rows": 2, "Plan Width": 60, "Actual Startup Time": 0.061, "Actual Total Time": 0.241, "Actual Rows": 2, "Actual Loops": 1, "Inner Unique": false, "Join Filter": "(((n1.n_name = 'JAPAN'::bpchar) AND (n2.n_name = 'INDIA'::bpchar)) OR ((n1.n_name = 'INDIA'::bpchar) AND (n2.n_name = 'JAPAN'::bpchar)))", "Rows Removed by Join Filter": 2, "Plans": [{"Node Type": "Index Scan", "Parent Relationship": "Outer", "Scan Direction": "Forward", "Index Name": "nation_pkey", "Relation Name": "nation", "Alias": "n1", "Startup Cost": 0.0, "Total Cost": 12.75, "Plan Rows": 25, "Plan Width": 30, "Actual Startup Time": 0.031, "Actual Total Time": 0.06, "Actual Rows": 2, "Actual Loops": 1, "Filter": "((n_name = 'JAPAN'::bpchar) OR (n_name = 'INDIA'::bpchar))", "Rows Removed by Filter": 23}, {"Node Type": "Materialize", "Parent Relationship": "Inner", "Startup Cost": 0.0, "Total Cost": 1.38, "Plan Rows": 25, "Plan Width": 30, "Actual Startup Time": 0.02, "Actual Total Time": 0.045, "Actual Rows": 4, "Actual Loops": 2, "Plans": [{"Node Type": "Seq Scan", "Parent Relationship": "Outer", "Relation Name": "nation", "Alias": "n2", "Startup Cost": 0.0, "Total Cost": 1.25, "Plan Rows": 25, "Plan Width": 30, "Actual Startup Time": 0.018, "Actual Total Time": 0.037, "Actual Rows": 2, "Actual Loops": 1, "Filter": "((n_name = 'INDIA'::bpchar) OR (n_name = 'JAPAN'::bpchar))", "Rows Removed by Filter": 23}]}]}, {"Node Type": "Index Scan", "Parent Relationship": "Inner", "Scan Direction": "Forward", "Index Name": "idx_customer_nationkey", "Relation Name": "customer", "Alias": "customer", "Startup Cost": 0.0, "Total Cost": 7702.43, "Plan Rows": 60000, "Plan Width": 12, "Actual Startup Time": 0.083, "Actual Total Time": 194.751, "Actual Rows": 119972, "Actual Loops": 2, "Index Cond": "(c_nationkey = n2.n_nationkey)", "Rows Removed by Index Recheck": 0}]}, {"Node Type": "Index Scan", "Parent Relationship": "Inner", "Scan Direction": "Forward", "Index Name": "idx_orders_custkey", "Relation Name": "orders", "Alias": "orders", "Startup Cost": 0.0, "Total Cost": 1.22, "Plan Rows": 4, "Plan Width": 16, "Actual Startup Time": 755.364, "Actual Total Time": 3688.889, "Actual Rows": 1200363, "Actual Loops": 119972, "Index Cond": "(o_custkey = customer.c_custkey)", "Rows Removed by Index Recheck": 0}]}, {"Node Type": "Index Scan", "Parent Relationship": "Inner", "Scan Direction": "Forward", "Index Name": "idx_lineitem_orderkey", "Relation Name": "lineitem", "Alias": "lineitem", "Startup Cost": 0.0, "Total Cost": 0.91, "Plan Rows": 3, "Plan Width": 40, "Actual Startup Time": 13375.681, "Actual Total Time": 14580.641, "Actual Rows": 1459150, "Actual Loops": 1200363, "Index Cond": "(l_orderkey = orders.o_orderkey)", "Rows Removed by Index Recheck": 0, "Filter": "((l_shipdate >= '1995-01-01 00:00:00'::timestamp(0) without time zone) AND (l_shipdate <= '1996-12-31 00:00:00'::timestamp(0) without time zone))", "Rows Removed by Filter": 3342563}]}, {"Node Type": "Index Scan", "Parent Relationship": "Inner", "Scan Direction": "Forward", "Index Name": "supplier_pkey", "Relation Name": "supplier", "Alias": "supplier", "Startup Cost": 0.0, "Total Cost": 0.27, "Plan Rows": 1, "Plan Width": 12, "Actual Startup Time": 6446.813, "Actual Total Time": 6935.809, "Actual Rows": 1459150, "Actual Loops": 1459150, "Index Cond": "(s_suppkey = lineitem.l_suppkey)", "Rows Removed by Index Recheck": 0}]}]}]}, "Triggers": [], "Planner Runtime": 2, "Total Runtime": 28123.018, "Unique SQL Id": 2208782157}}, "(16, 57)": {"explain_plan": {"Plan": {"Node Type": "Sort", "Startup Cost": 854542.3, "Total Cost": 854551.52, "Plan Rows": 3688, "Plan Width": 84, "Sort Key": ["n1.n_name", "n2.n_name", "(date_part('year'::text, lineitem.l_shipdate))"], "Plans": [{"Node Type": "Aggregate", "Strategy": "Hashed", "Parent Relationship": "Outer", "Startup Cost": 854277.72, "Total Cost": 854323.82, "Plan Rows": 3688, "Plan Width": 84, "Group By Key": ["n1.n_name", "n2.n_name", "date_part('year'::text, lineitem.l_shipdate)"], "Plans": [{"Node Type": "Nested Loop", "Parent Relationship": "Outer", "Join Type": "Inner", "Startup Cost": 0.0, "Total Cost": 854222.4, "Plan Rows": 3688, "Plan Width": 76, "Inner Unique": true, "Join Filter": "(n1.n_nationkey = supplier.s_nationkey)", "Plans": [{"Node Type": "Nested Loop", "Parent Relationship": "Outer", "Join Type": "Inner", "Startup Cost": 0.0, "Total Cost": 644504.63, "Plan Rows": 740786, "Plan Width": 88, "Inner Unique": false, "Plans": [{"Node Type": "Nested Loop", "Parent Relationship": "Outer", "Join Type": "Inner", "Startup Cost": 0.0, "Total Cost": 167767.0, "Plan Rows": 504972, "Plan Width": 64, "Inner Unique": false, "Plans": [{"Node Type": "Nested Loop", "Parent Relationship": "Outer", "Join Type": "Inner", "Startup Cost": 0.0, "Total Cost": 16644.48, "Plan Rows": 119904, "Plan Width": 64, "Inner Unique": false, "Plans": [{"Node Type": "Nested Loop", "Parent Relationship": "Outer", "Join Type": "Inner", "Startup Cost": 0.0, "Total Cost": 39.62, "Plan Rows": 2, "Plan Width": 60, "Inner Unique": false, "Join Filter": "(((n1.n_name = 'JAPAN'::bpchar) AND (n2.n_name = 'INDIA'::bpchar)) OR ((n1.n_name = 'INDIA'::bpchar) AND (n2.n_name = 'JAPAN'::bpchar)))", "Plans": [{"Node Type": "Index Scan", "Parent Relationship": "Outer", "Scan Direction": "Forward", "Index Name": "nation_pkey", "Relation Name": "nation", "Alias": "n1", "Startup Cost": 0.0, "Total Cost": 12.75, "Plan Rows": 25, "Plan Width": 30, "Filter": "((n_name = 'JAPAN'::bpchar) OR (n_name = 'INDIA'::bpchar))"}, {"Node Type": "Materialize", "Parent Relationship": "Inner", "Startup Cost": 0.0, "Total Cost": 12.88, "Plan Rows": 25, "Plan Width": 30, "Plans": [{"Node Type": "Index Scan", "Parent Relationship": "Outer", "Scan Direction": "Forward", "Index Name": "nation_pkey", "Relation Name": "nation", "Alias": "n2", "Startup Cost": 0.0, "Total Cost": 12.75, "Plan Rows": 25, "Plan Width": 30, "Filter": "((n_name = 'INDIA'::bpchar) OR (n_name = 'JAPAN'::bpchar))"}]}]}, {"Node Type": "Index Scan", "Parent Relationship": "Inner", "Scan Direction": "Forward", "Index Name": "idx_customer_nationkey", "Relation Name": "customer", "Alias": "customer", "Startup Cost": 0.0, "Total Cost": 7702.43, "Plan Rows": 60000, "Plan Width": 12, "Index Cond": "(c_nationkey = n2.n_nationkey)"}]}, {"Node Type": "Index Scan", "Parent Relationship": "Inner", "Scan Direction": "Forward", "Index Name": "idx_orders_custkey", "Relation Name": "orders", "Alias": "orders", "Startup Cost": 0.0, "Total Cost": 1.22, "Plan Rows": 4, "Plan Width": 16, "Index Cond": "(o_custkey = customer.c_custkey)"}]}, {"Node Type": "Index Scan", "Parent Relationship": "Inner", "Scan Direction": "Forward", "Index Name": "idx_lineitem_orderkey", "Relation Name": "lineitem", "Alias": "lineitem", "Startup Cost": 0.0, "Total Cost": 0.91, "Plan Rows": 3, "Plan Width": 40, "Index Cond": "(l_orderkey = orders.o_orderkey)", "Filter": "((l_shipdate >= '1995-01-01 00:00:00'::timestamp(0) without time zone) AND (l_shipdate <= '1996-12-31 00:00:00'::timestamp(0) without time zone))"}]}, {"Node Type": "Index Scan", "Parent Relationship": "Inner", "Scan Direction": "Forward", "Index Name": "supplier_pkey", "Relation Name": "supplier", "Alias": "supplier", "Startup Cost": 0.0, "Total Cost": 0.27, "Plan Rows": 1, "Plan Width": 12, "Index Cond": "(s_suppkey = lineitem.l_suppkey)"}]}]}]}, "Unique SQL Id": 2208782157, "Planner Runtime": 2}, "explain_analyze_plan": {"Plan": {"Node Type": "Sort", "Startup Cost": 854542.3, "Total Cost": 854551.52, "Plan Rows": 3688, "Plan Width": 84, "Actual Startup Time": 28224.387, "Actual Total Time": 28224.388, "Actual Rows": 4, "Actual Loops": 1, "Sort Key": ["n1.n_name", "n2.n_name", "(date_part('year'::text, lineitem.l_shipdate))"], "Sort Method": "quicksort", "Sort Space Used": 25, "Sort Space Type": "Memory", "Plans": [{"Node Type": "Aggregate", "Strategy": "Hashed", "Parent Relationship": "Outer", "Startup Cost": 854277.72, "Total Cost": 854323.82, "Plan Rows": 3688, "Plan Width": 84, "Actual Startup Time": 28224.234, "Actual Total Time": 28224.251, "Actual Rows": 4, "Actual Loops": 1, "Group By Key": ["n1.n_name", "n2.n_name", "date_part('year'::text, lineitem.l_shipdate)"], "Plans": [{"Node Type": "Nested Loop", "Parent Relationship": "Outer", "Join Type": "Inner", "Startup Cost": 0.0, "Total Cost": 854222.4, "Plan Rows": 3688, "Plan Width": 76, "Actual Startup Time": 0.287, "Actual Total Time": 28104.372, "Actual Rows": 58554, "Actual Loops": 1, "Inner Unique": true, "Join Filter": "(n1.n_nationkey = supplier.s_nationkey)", "Rows Removed by Join Filter": 1400596, "Plans": [{"Node Type": "Nested Loop", "Parent Relationship": "Outer", "Join Type": "Inner", "Startup Cost": 0.0, "Total Cost": 644504.63, "Plan Rows": 740786, "Plan Width": 88, "Actual Startup Time": 0.158, "Actual Total Time": 19926.257, "Actual Rows": 1459150, "Actual Loops": 1, "Inner Unique": false, "Plans": [{"Node Type": "Nested Loop", "Parent Relationship": "Outer", "Join Type": "Inner", "Startup Cost": 0.0, "Total Cost": 167767.0, "Plan Rows": 504972, "Plan Width": 64, "Actual Startup Time": 0.107, "Actual Total Time": 4294.097, "Actual Rows": 1200363, "Actual Loops": 1, "Inner Unique": false, "Plans": [{"Node Type": "Nested Loop", "Parent Relationship": "Outer", "Join Type": "Inner", "Startup Cost": 0.0, "Total Cost": 16644.48, "Plan Rows": 119904, "Plan Width": 64, "Actual Startup Time": 0.093, "Actual Total Time": 228.578, "Actual Rows": 119972, "Actual Loops": 1, "Inner Unique": false, "Plans": [{"Node Type": "Nested Loop", "Parent Relationship": "Outer", "Join Type": "Inner", "Startup Cost": 0.0, "Total Cost": 39.62, "Plan Rows": 2, "Plan Width": 60, "Actual Startup Time": 0.049, "Actual Total Time": 0.286, "Actual Rows": 2, "Actual Loops": 1, "Inner Unique": false, "Join Filter": "(((n1.n_name = 'JAPAN'::bpchar) AND (n2.n_name = 'INDIA'::bpchar)) OR ((n1.n_name = 'INDIA'::bpchar) AND (n2.n_name = 'JAPAN'::bpchar)))", "Rows Removed by Join Filter": 2, "Plans": [{"Node Type": "Index Scan", "Parent Relationship": "Outer", "Scan Direction": "Forward", "Index Name": "nation_pkey", "Relation Name": "nation", "Alias": "n1", "Startup Cost": 0.0, "Total Cost": 12.75, "Plan Rows": 25, "Plan Width": 30, "Actual Startup Time": 0.026, "Actual Total Time": 0.179, "Actual Rows": 2, "Actual Loops": 1, "Filter": "((n_name = 'JAPAN'::bpchar) OR (n_name = 'INDIA'::bpchar))", "Rows Removed by Filter": 23}, {"Node Type": "Materialize", "Parent Relationship": "Inner", "Startup Cost": 0.0, "Total Cost": 12.88, "Plan Rows": 25, "Plan Width": 30, "Actual Startup Time": 0.015, "Actual Total Time": 0.039, "Actual Rows": 4, "Actual Loops": 2, "Plans": [{"Node Type": "Index Scan", "Parent Relationship": "Outer", "Scan Direction": "Forward", "Index Name": "nation_pkey", "Relation Name": "nation", "Alias": "n2", "Startup Cost": 0.0, "Total Cost": 12.75, "Plan Rows": 25, "Plan Width": 30, "Actual Startup Time": 0.011, "Actual Total Time": 0.03, "Actual Rows": 2, "Actual Loops": 1, "Filter": "((n_name = 'INDIA'::bpchar) OR (n_name = 'JAPAN'::bpchar))", "Rows Removed by Filter": 23}]}]}, {"Node Type": "Index Scan", "Parent Relationship": "Inner", "Scan Direction": "Forward", "Index Name": "idx_customer_nationkey", "Relation Name": "customer", "Alias": "customer", "Startup Cost": 0.0, "Total Cost": 7702.43, "Plan Rows": 60000, "Plan Width": 12, "Actual Startup Time": 0.079, "Actual Total Time": 191.533, "Actual Rows": 119972, "Actual Loops": 2, "Index Cond": "(c_nationkey = n2.n_nationkey)", "Rows Removed by Index Recheck": 0}]}, {"Node Type": "Index Scan", "Parent Relationship": "Inner", "Scan Direction": "Forward", "Index Name": "idx_orders_custkey", "Relation Name": "orders", "Alias": "orders", "Startup Cost": 0.0, "Total Cost": 1.22, "Plan Rows": 4, "Plan Width": 16, "Actual Startup Time": 758.407, "Actual Total Time": 3690.79, "Actual Rows": 1200363, "Actual Loops": 119972, "Index Cond": "(o_custkey = customer.c_custkey)", "Rows Removed by Index Recheck": 0}]}, {"Node Type": "Index Scan", "Parent Relationship": "Inner", "Scan Direction": "Forward", "Index Name": "idx_lineitem_orderkey", "Relation Name": "lineitem", "Alias": "lineitem", "Startup Cost": 0.0, "Total Cost": 0.91, "Plan Rows": 3, "Plan Width": 40, "Actual Startup Time": 13418.347, "Actual Total Time": 14638.452, "Actual Rows": 1459150, "Actual Loops": 1200363, "Index Cond": "(l_orderkey = orders.o_orderkey)", "Rows Removed by Index Recheck": 0, "Filter": "((l_shipdate >= '1995-01-01 00:00:00'::timestamp(0) without time zone) AND (l_shipdate <= '1996-12-31 00:00:00'::timestamp(0) without time zone))", "Rows Removed by Filter": 3342563}]}, {"Node Type": "Index Scan", "Parent Relationship": "Inner", "Scan Direction": "Forward", "Index Name": "supplier_pkey", "Relation Name": "supplier", "Alias": "supplier", "Startup Cost": 0.0, "Total Cost": 0.27, "Plan Rows": 1, "Plan Width": 12, "Actual Startup Time": 6462.502, "Actual Total Time": 6955.698, "Actual Rows": 1459150, "Actual Loops": 1459150, "Index Cond": "(s_suppkey = lineitem.l_suppkey)", "Rows Removed by Index Recheck": 0}]}]}]}, "Triggers": [], "Planner Runtime": 1, "Total Runtime": 28224.669, "Unique SQL Id": 2208782157}}, "(16, 58)": {"explain_plan": {"Plan": {"Node Type": "Sort", "Startup Cost": 25342456523.17, "Total Cost": 25342456532.39, "Plan Rows": 3688, "Plan Width": 84, "Sort Key": ["n1.n_name", "n2.n_name", "(date_part('year'::text, lineitem.l_shipdate))"], "Plans": [{"Node Type": "Aggregate", "Strategy": "Hashed", "Parent Relationship": "Outer", "Startup Cost": 25342456258.58, "Total Cost": 25342456304.68, "Plan Rows": 3688, "Plan Width": 84, "Group By Key": ["n1.n_name", "n2.n_name", "date_part('year'::text, lineitem.l_shipdate)"], "Plans": [{"Node Type": "Nested Loop", "Parent Relationship": "Outer", "Join Type": "Inner", "Startup Cost": 44.6, "Total Cost": 25342456203.26, "Plan Rows": 3688, "Plan Width": 76, "Inner Unique": false, "Join Filter": "((orders.o_custkey = customer.c_custkey) AND (n2.n_nationkey = customer.c_nationkey))", "Plans": [{"Node Type": "Seq Scan", "Parent Relationship": "Outer", "Relation Name": "customer", "Alias": "customer", "Startup Cost": 0.0, "Total Cost": 52126.0, "Plan Rows": 1500000, "Plan Width": 12}, {"Node Type": "Materialize", "Parent Relationship": "Inner", "Startup Cost": 44.6, "Total Cost": 22921970548.56, "Plan Rows": 92207, "Plan Width": 88, "Plans": [{"Node Type": "Nested Loop", "Parent Relationship": "Outer", "Join Type": "Inner", "Startup Cost": 44.6, "Total Cost": 22921970087.52, "Plan Rows": 92207, "Plan Width": 88, "Inner Unique": false, "Join Filter": "(lineitem.l_orderkey = orders.o_orderkey)", "Plans": [{"Node Type": "Seq Scan", "Parent Relationship": "Outer", "Relation Name": "orders", "Alias": "orders", "Startup Cost": 0.0, "Total Cost": 426413.79, "Plan Rows": 14999479, "Plan Width": 16}, {"Node Type": "Materialize", "Parent Relationship": "Inner", "Startup Cost": 44.6, "Total Cost": 2175689501.95, "Plan Rows": 92207, "Plan Width": 88, "Plans": [{"Node Type": "Nested Loop", "Parent Relationship": "Outer", "Join Type": "Inner", "Startup Cost": 44.6, "Total Cost": 2175689040.92, "Plan Rows": 92207, "Plan Width": 88, "Inner Unique": false, "Join Filter": "(supplier.s_suppkey = lineitem.l_suppkey)", "Plans": [{"Node Type": "Seq Scan", "Parent Relationship": "Outer", "Relation Name": "lineitem", "Alias": "lineitem", "Startup Cost": 44.6, "Total Cost": 2315050.5, "Plan Rows": 18124991, "Plan Width": 40, "Filter": "((l_shipdate >= '1995-01-01 00:00:00'::timestamp(0) without time zone) AND (l_shipdate <= '1996-12-31 00:00:00'::timestamp(0) without time zone)), (LLVM Optimized)"}, {"Node Type": "Materialize", "Parent Relationship": "Inner", "Startup Cost": 0.0, "Total Cost": 6339.6, "Plan Rows": 7994, "Plan Width": 64, "Plans": [{"Node Type": "Nested Loop", "Parent Relationship": "Outer", "Join Type": "Inner", "Startup Cost": 0.0, "Total Cost": 6299.63, "Plan Rows": 7994, "Plan Width": 64, "Inner Unique": false, "Join Filter": "(n1.n_nationkey = supplier.s_nationkey)", "Plans": [{"Node Type": "Seq Scan", "Parent Relationship": "Outer", "Relation Name": "supplier", "Alias": "supplier", "Startup Cost": 0.0, "Total Cost": 3283.0, "Plan Rows": 100000, "Plan Width": 12}, {"Node Type": "Materialize", "Parent Relationship": "Inner", "Startup Cost": 0.0, "Total Cost": 16.64, "Plan Rows": 2, "Plan Width": 60, "Plans": [{"Node Type": "Nested Loop", "Parent Relationship": "Outer", "Join Type": "Inner", "Startup Cost": 0.0, "Total Cost": 16.62, "Plan Rows": 2, "Plan Width": 60, "Inner Unique": false, "Join Filter": "(((n1.n_name = 'JAPAN'::bpchar) AND (n2.n_name = 'INDIA'::bpchar)) OR ((n1.n_name = 'INDIA'::bpchar) AND (n2.n_name = 'JAPAN'::bpchar)))", "Plans": [{"Node Type": "Seq Scan", "Parent Relationship": "Outer", "Relation Name": "nation", "Alias": "n1", "Startup Cost": 0.0, "Total Cost": 1.25, "Plan Rows": 25, "Plan Width": 30, "Filter": "((n_name = 'JAPAN'::bpchar) OR (n_name = 'INDIA'::bpchar))"}, {"Node Type": "Materialize", "Parent Relationship": "Inner", "Startup Cost": 0.0, "Total Cost": 1.38, "Plan Rows": 25, "Plan Width": 30, "Plans": [{"Node Type": "Seq Scan", "Parent Relationship": "Outer", "Relation Name": "nation", "Alias": "n2", "Startup Cost": 0.0, "Total Cost": 1.25, "Plan Rows": 25, "Plan Width": 30, "Filter": "((n_name = 'INDIA'::bpchar) OR (n_name = 'JAPAN'::bpchar))"}]}]}]}]}]}]}]}]}]}]}]}]}, "Unique SQL Id": 2208782157, "Planner Runtime": 2}, "explain_analyze_plan": null}, "(16, 59)": {"explain_plan": {"Plan": {"Node Type": "Sort", "Startup Cost": 6025775461732.55, "Total Cost": 6025775461741.77, "Plan Rows": 3688, "Plan Width": 84, "Sort Key": ["n1.n_name", "n2.n_name", "(date_part('year'::text, lineitem.l_shipdate))"], "Plans": [{"Node Type": "Aggregate", "Strategy": "Hashed", "Parent Relationship": "Outer", "Startup Cost": 6025775461467.96, "Total Cost": 6025775461514.06, "Plan Rows": 3688, "Plan Width": 84, "Group By Key": ["n1.n_name", "n2.n_name", "date_part('year'::text, lineitem.l_shipdate)"], "Plans": [{"Node Type": "Nested Loop", "Parent Relationship": "Outer", "Join Type": "Inner", "Startup Cost": 60000000000.0, "Total Cost": 6025775461412.64, "Plan Rows": 3688, "Plan Width": 76, "Inner Unique": false, "Join Filter": "((orders.o_custkey = customer.c_custkey) AND (n2.n_nationkey = customer.c_nationkey))", "Plans": [{"Node Type": "Index Scan", "Parent Relationship": "Outer", "Scan Direction": "Forward", "Index Name": "customer_pkey", "Relation Name": "customer", "Alias": "customer", "Startup Cost": 10000000000.0, "Total Cost": 1000008076535.62, "Plan Rows": 1500000, "Plan Width": 12}, {"Node Type": "Materialize", "Parent Relationship": "Inner", "Startup Cost": 50000000000.0, "Total Cost": 5023346951348.32, "Plan Rows": 92207, "Plan Width": 88, "Plans": [{"Node Type": "Nested Loop", "Parent Relationship": "Outer", "Join Type": "Inner", "Startup Cost": 50000000000.0, "Total Cost": 5023346950887.28, "Plan Rows": 92207, "Plan Width": 88, "Inner Unique": true, "Join Filter": "(lineitem.l_orderkey = orders.o_orderkey)", "Plans": [{"Node Type": "Nested Loop", "Parent Relationship": "Outer", "Join Type": "Inner", "Startup Cost": 40000000000.0, "Total Cost": 4002527961142.79, "Plan Rows": 92207, "Plan Width": 88, "Inner Unique": false, "Join Filter": "(supplier.s_suppkey = lineitem.l_suppkey)", "Plans": [{"Node Type": "Nested Loop", "Parent Relationship": "Outer", "Join Type": "Inner", "Startup Cost": 30000000000.0, "Total Cost": 3000000539268.5, "Plan Rows": 7994, "Plan Width": 64, "Inner Unique": false, "Join Filter": "(n1.n_nationkey = supplier.s_nationkey)", "Plans": [{"Node Type": "Nested Loop", "Parent Relationship": "Outer", "Join Type": "Inner", "Startup Cost": 20000000000.0, "Total Cost": 2000000002564.12, "Plan Rows": 2, "Plan Width": 60, "Inner Unique": false, "Join Filter": "(((n1.n_name = 'JAPAN'::bpchar) AND (n2.n_name = 'INDIA'::bpchar)) OR ((n1.n_name = 'INDIA'::bpchar) AND (n2.n_name = 'JAPAN'::bpchar)))", "Plans": [{"Node Type": "Index Scan", "Parent Relationship": "Outer", "Scan Direction": "Forward", "Index Name": "nation_pkey", "Relation Name": "nation", "Alias": "n2", "Startup Cost": 10000000000.0, "Total Cost": 1000000001275.0, "Plan Rows": 25, "Plan Width": 30, "Filter": "((n_name = 'INDIA'::bpchar) OR (n_name = 'JAPAN'::bpchar))"}, {"Node Type": "Materialize", "Parent Relationship": "Inner", "Startup Cost": 10000000000.0, "Total Cost": 1000000001275.12, "Plan Rows": 25, "Plan Width": 30, "Plans": [{"Node Type": "Index Scan", "Parent Relationship": "Outer", "Scan Direction": "Forward", "Index Name": "nation_pkey", "Relation Name": "nation", "Alias": "n1", "Startup Cost": 10000000000.0, "Total Cost": 1000000001275.0, "Plan Rows": 25, "Plan Width": 30, "Filter": "((n_name = 'JAPAN'::bpchar) OR (n_name = 'INDIA'::bpchar))"}]}]}, {"Node Type": "Materialize", "Parent Relationship": "Inner", "Startup Cost": 10000000000.0, "Total Cost": 1000000533954.38, "Plan Rows": 100000, "Plan Width": 12, "Plans": [{"Node Type": "Index Scan", "Parent Relationship": "Outer", "Scan Direction": "Forward", "Index Name": "supplier_pkey", "Relation Name": "supplier", "Alias": "supplier", "Startup Cost": 10000000000.0, "Total Cost": 1000000533454.38, "Plan Rows": 100000, "Plan Width": 12}]}]}, {"Node Type": "Materialize", "Parent Relationship": "Inner", "Startup Cost": 10000000000.0, "Total Cost": 1000354099515.95, "Plan Rows": 18124991, "Plan Width": 40, "Plans": [{"Node Type": "Index Scan", "Parent Relationship": "Outer", "Scan Direction": "Forward", "Index Name": "idx_lineitem_orderkey", "Relation Name": "lineitem", "Alias": "lineitem", "Startup Cost": 10000000000.0, "Total Cost": 1000354008891.0, "Plan Rows": 18124991, "Plan Width": 40, "Filter": "((l_shipdate >= '1995-01-01 00:00:00'::timestamp(0) without time zone) AND (l_shipdate <= '1996-12-31 00:00:00'::timestamp(0) without time zone)), (LLVM Optimized)"}]}]}, {"Node Type": "Materialize", "Parent Relationship": "Inner", "Startup Cost": 10000000000.0, "Total Cost": 1000073172840.9, "Plan Rows": 14999479, "Plan Width": 16, "Plans": [{"Node Type": "Index Scan", "Parent Relationship": "Outer", "Scan Direction": "Forward", "Index Name": "orders_pkey", "Relation Name": "orders", "Alias": "orders", "Startup Cost": 10000000000.0, "Total Cost": 1000073097843.5, "Plan Rows": 14999479, "Plan Width": 16}]}]}]}]}]}]}, "Unique SQL Id": 2208782157, "Planner Runtime": 2}, "explain_analyze_plan": null}, "(16, 60)": {"explain_plan": {"Plan": {"Node Type": "Sort", "Startup Cost": 854530.8, "Total Cost": 854540.02, "Plan Rows": 3688, "Plan Width": 84, "Sort Key": ["n1.n_name", "n2.n_name", "(date_part('year'::text, lineitem.l_shipdate))"], "Plans": [{"Node Type": "Aggregate", "Strategy": "Hashed", "Parent Relationship": "Outer", "Startup Cost": 854266.22, "Total Cost": 854312.32, "Plan Rows": 3688, "Plan Width": 84, "Group By Key": ["n1.n_name", "n2.n_name", "date_part('year'::text, lineitem.l_shipdate)"], "Plans": [{"Node Type": "Nested Loop", "Parent Relationship": "Outer", "Join Type": "Inner", "Startup Cost": 0.0, "Total Cost": 854210.9, "Plan Rows": 3688, "Plan Width": 76, "Inner Unique": true, "Join Filter": "(n1.n_nationkey = supplier.s_nationkey)", "Plans": [{"Node Type": "Nested Loop", "Parent Relationship": "Outer", "Join Type": "Inner", "Startup Cost": 0.0, "Total Cost": 644493.13, "Plan Rows": 740786, "Plan Width": 88, "Inner Unique": false, "Plans": [{"Node Type": "Nested Loop", "Parent Relationship": "Outer", "Join Type": "Inner", "Startup Cost": 0.0, "Total Cost": 167755.5, "Plan Rows": 504972, "Plan Width": 64, "Inner Unique": false, "Plans": [{"Node Type": "Nested Loop", "Parent Relationship": "Outer", "Join Type": "Inner", "Startup Cost": 0.0, "Total Cost": 16632.98, "Plan Rows": 119904, "Plan Width": 64, "Inner Unique": false, "Plans": [{"Node Type": "Nested Loop", "Parent Relationship": "Outer", "Join Type": "Inner", "Startup Cost": 0.0, "Total Cost": 28.12, "Plan Rows": 2, "Plan Width": 60, "Inner Unique": false, "Join Filter": "(((n1.n_name = 'JAPAN'::bpchar) AND (n2.n_name = 'INDIA'::bpchar)) OR ((n1.n_name = 'INDIA'::bpchar) AND (n2.n_name = 'JAPAN'::bpchar)))", "Plans": [{"Node Type": "Index Scan", "Parent Relationship": "Outer", "Scan Direction": "Forward", "Index Name": "nation_pkey", "Relation Name": "nation", "Alias": "n1", "Startup Cost": 0.0, "Total Cost": 12.75, "Plan Rows": 25, "Plan Width": 30, "Filter": "((n_name = 'JAPAN'::bpchar) OR (n_name = 'INDIA'::bpchar))"}, {"Node Type": "Materialize", "Parent Relationship": "Inner", "Startup Cost": 0.0, "Total Cost": 1.38, "Plan Rows": 25, "Plan Width": 30, "Plans": [{"Node Type": "Seq Scan", "Parent Relationship": "Outer", "Relation Name": "nation", "Alias": "n2", "Startup Cost": 0.0, "Total Cost": 1.25, "Plan Rows": 25, "Plan Width": 30, "Filter": "((n_name = 'INDIA'::bpchar) OR (n_name = 'JAPAN'::bpchar))"}]}]}, {"Node Type": "Index Scan", "Parent Relationship": "Inner", "Scan Direction": "Forward", "Index Name": "idx_customer_nationkey", "Relation Name": "customer", "Alias": "customer", "Startup Cost": 0.0, "Total Cost": 7702.43, "Plan Rows": 60000, "Plan Width": 12, "Index Cond": "(c_nationkey = n2.n_nationkey)"}]}, {"Node Type": "Index Scan", "Parent Relationship": "Inner", "Scan Direction": "Forward", "Index Name": "idx_orders_custkey", "Relation Name": "orders", "Alias": "orders", "Startup Cost": 0.0, "Total Cost": 1.22, "Plan Rows": 4, "Plan Width": 16, "Index Cond": "(o_custkey = customer.c_custkey)"}]}, {"Node Type": "Index Scan", "Parent Relationship": "Inner", "Scan Direction": "Forward", "Index Name": "idx_lineitem_orderkey", "Relation Name": "lineitem", "Alias": "lineitem", "Startup Cost": 0.0, "Total Cost": 0.91, "Plan Rows": 3, "Plan Width": 40, "Index Cond": "(l_orderkey = orders.o_orderkey)", "Filter": "((l_shipdate >= '1995-01-01 00:00:00'::timestamp(0) without time zone) AND (l_shipdate <= '1996-12-31 00:00:00'::timestamp(0) without time zone))"}]}, {"Node Type": "Index Scan", "Parent Relationship": "Inner", "Scan Direction": "Forward", "Index Name": "supplier_pkey", "Relation Name": "supplier", "Alias": "supplier", "Startup Cost": 0.0, "Total Cost": 0.27, "Plan Rows": 1, "Plan Width": 12, "Index Cond": "(s_suppkey = lineitem.l_suppkey)"}]}]}]}, "Unique SQL Id": 2208782157, "Planner Runtime": 2}, "explain_analyze_plan": {"Plan": {"Node Type": "Sort", "Startup Cost": 854530.8, "Total Cost": 854540.02, "Plan Rows": 3688, "Plan Width": 84, "Actual Startup Time": 28122.781, "Actual Total Time": 28122.782, "Actual Rows": 4, "Actual Loops": 1, "Sort Key": ["n1.n_name", "n2.n_name", "(date_part('year'::text, lineitem.l_shipdate))"], "Sort Method": "quicksort", "Sort Space Used": 25, "Sort Space Type": "Memory", "Plans": [{"Node Type": "Aggregate", "Strategy": "Hashed", "Parent Relationship": "Outer", "Startup Cost": 854266.22, "Total Cost": 854312.32, "Plan Rows": 3688, "Plan Width": 84, "Actual Startup Time": 28122.741, "Actual Total Time": 28122.747, "Actual Rows": 4, "Actual Loops": 1, "Group By Key": ["n1.n_name", "n2.n_name", "date_part('year'::text, lineitem.l_shipdate)"], "Plans": [{"Node Type": "Nested Loop", "Parent Relationship": "Outer", "Join Type": "Inner", "Startup Cost": 0.0, "Total Cost": 854210.9, "Plan Rows": 3688, "Plan Width": 76, "Actual Startup Time": 0.366, "Actual Total Time": 28003.402, "Actual Rows": 58554, "Actual Loops": 1, "Inner Unique": true, "Join Filter": "(n1.n_nationkey = supplier.s_nationkey)", "Rows Removed by Join Filter": 1400596, "Plans": [{"Node Type": "Nested Loop", "Parent Relationship": "Outer", "Join Type": "Inner", "Startup Cost": 0.0, "Total Cost": 644493.13, "Plan Rows": 740786, "Plan Width": 88, "Actual Startup Time": 0.189, "Actual Total Time": 19861.197, "Actual Rows": 1459150, "Actual Loops": 1, "Inner Unique": false, "Plans": [{"Node Type": "Nested Loop", "Parent Relationship": "Outer", "Join Type": "Inner", "Startup Cost": 0.0, "Total Cost": 167755.5, "Plan Rows": 504972, "Plan Width": 64, "Actual Startup Time": 0.125, "Actual Total Time": 4287.725, "Actual Rows": 1200363, "Actual Loops": 1, "Inner Unique": false, "Plans": [{"Node Type": "Nested Loop", "Parent Relationship": "Outer", "Join Type": "Inner", "Startup Cost": 0.0, "Total Cost": 16632.98, "Plan Rows": 119904, "Plan Width": 64, "Actual Startup Time": 0.108, "Actual Total Time": 231.405, "Actual Rows": 119972, "Actual Loops": 1, "Inner Unique": false, "Plans": [{"Node Type": "Nested Loop", "Parent Relationship": "Outer", "Join Type": "Inner", "Startup Cost": 0.0, "Total Cost": 28.12, "Plan Rows": 2, "Plan Width": 60, "Actual Startup Time": 0.061, "Actual Total Time": 0.241, "Actual Rows": 2, "Actual Loops": 1, "Inner Unique": false, "Join Filter": "(((n1.n_name = 'JAPAN'::bpchar) AND (n2.n_name = 'INDIA'::bpchar)) OR ((n1.n_name = 'INDIA'::bpchar) AND (n2.n_name = 'JAPAN'::bpchar)))", "Rows Removed by Join Filter": 2, "Plans": [{"Node Type": "Index Scan", "Parent Relationship": "Outer", "Scan Direction": "Forward", "Index Name": "nation_pkey", "Relation Name": "nation", "Alias": "n1", "Startup Cost": 0.0, "Total Cost": 12.75, "Plan Rows": 25, "Plan Width": 30, "Actual Startup Time": 0.031, "Actual Total Time": 0.06, "Actual Rows": 2, "Actual Loops": 1, "Filter": "((n_name = 'JAPAN'::bpchar) OR (n_name = 'INDIA'::bpchar))", "Rows Removed by Filter": 23}, {"Node Type": "Materialize", "Parent Relationship": "Inner", "Startup Cost": 0.0, "Total Cost": 1.38, "Plan Rows": 25, "Plan Width": 30, "Actual Startup Time": 0.02, "Actual Total Time": 0.045, "Actual Rows": 4, "Actual Loops": 2, "Plans": [{"Node Type": "Seq Scan", "Parent Relationship": "Outer", "Relation Name": "nation", "Alias": "n2", "Startup Cost": 0.0, "Total Cost": 1.25, "Plan Rows": 25, "Plan Width": 30, "Actual Startup Time": 0.018, "Actual Total Time": 0.037, "Actual Rows": 2, "Actual Loops": 1, "Filter": "((n_name = 'INDIA'::bpchar) OR (n_name = 'JAPAN'::bpchar))", "Rows Removed by Filter": 23}]}]}, {"Node Type": "Index Scan", "Parent Relationship": "Inner", "Scan Direction": "Forward", "Index Name": "idx_customer_nationkey", "Relation Name": "customer", "Alias": "customer", "Startup Cost": 0.0, "Total Cost": 7702.43, "Plan Rows": 60000, "Plan Width": 12, "Actual Startup Time": 0.083, "Actual Total Time": 194.751, "Actual Rows": 119972, "Actual Loops": 2, "Index Cond": "(c_nationkey = n2.n_nationkey)", "Rows Removed by Index Recheck": 0}]}, {"Node Type": "Index Scan", "Parent Relationship": "Inner", "Scan Direction": "Forward", "Index Name": "idx_orders_custkey", "Relation Name": "orders", "Alias": "orders", "Startup Cost": 0.0, "Total Cost": 1.22, "Plan Rows": 4, "Plan Width": 16, "Actual Startup Time": 755.364, "Actual Total Time": 3688.889, "Actual Rows": 1200363, "Actual Loops": 119972, "Index Cond": "(o_custkey = customer.c_custkey)", "Rows Removed by Index Recheck": 0}]}, {"Node Type": "Index Scan", "Parent Relationship": "Inner", "Scan Direction": "Forward", "Index Name": "idx_lineitem_orderkey", "Relation Name": "lineitem", "Alias": "lineitem", "Startup Cost": 0.0, "Total Cost": 0.91, "Plan Rows": 3, "Plan Width": 40, "Actual Startup Time": 13375.681, "Actual Total Time": 14580.641, "Actual Rows": 1459150, "Actual Loops": 1200363, "Index Cond": "(l_orderkey = orders.o_orderkey)", "Rows Removed by Index Recheck": 0, "Filter": "((l_shipdate >= '1995-01-01 00:00:00'::timestamp(0) without time zone) AND (l_shipdate <= '1996-12-31 00:00:00'::timestamp(0) without time zone))", "Rows Removed by Filter": 3342563}]}, {"Node Type": "Index Scan", "Parent Relationship": "Inner", "Scan Direction": "Forward", "Index Name": "supplier_pkey", "Relation Name": "supplier", "Alias": "supplier", "Startup Cost": 0.0, "Total Cost": 0.27, "Plan Rows": 1, "Plan Width": 12, "Actual Startup Time": 6446.813, "Actual Total Time": 6935.809, "Actual Rows": 1459150, "Actual Loops": 1459150, "Index Cond": "(s_suppkey = lineitem.l_suppkey)", "Rows Removed by Index Recheck": 0}]}]}]}, "Triggers": [], "Planner Runtime": 2, "Total Runtime": 28123.018, "Unique SQL Id": 2208782157}}, "(16, 61)": {"explain_plan": {"Plan": {"Node Type": "Sort", "Startup Cost": 854542.3, "Total Cost": 854551.52, "Plan Rows": 3688, "Plan Width": 84, "Sort Key": ["n1.n_name", "n2.n_name", "(date_part('year'::text, lineitem.l_shipdate))"], "Plans": [{"Node Type": "Aggregate", "Strategy": "Hashed", "Parent Relationship": "Outer", "Startup Cost": 854277.72, "Total Cost": 854323.82, "Plan Rows": 3688, "Plan Width": 84, "Group By Key": ["n1.n_name", "n2.n_name", "date_part('year'::text, lineitem.l_shipdate)"], "Plans": [{"Node Type": "Nested Loop", "Parent Relationship": "Outer", "Join Type": "Inner", "Startup Cost": 0.0, "Total Cost": 854222.4, "Plan Rows": 3688, "Plan Width": 76, "Inner Unique": true, "Join Filter": "(n1.n_nationkey = supplier.s_nationkey)", "Plans": [{"Node Type": "Nested Loop", "Parent Relationship": "Outer", "Join Type": "Inner", "Startup Cost": 0.0, "Total Cost": 644504.63, "Plan Rows": 740786, "Plan Width": 88, "Inner Unique": false, "Plans": [{"Node Type": "Nested Loop", "Parent Relationship": "Outer", "Join Type": "Inner", "Startup Cost": 0.0, "Total Cost": 167767.0, "Plan Rows": 504972, "Plan Width": 64, "Inner Unique": false, "Plans": [{"Node Type": "Nested Loop", "Parent Relationship": "Outer", "Join Type": "Inner", "Startup Cost": 0.0, "Total Cost": 16644.48, "Plan Rows": 119904, "Plan Width": 64, "Inner Unique": false, "Plans": [{"Node Type": "Nested Loop", "Parent Relationship": "Outer", "Join Type": "Inner", "Startup Cost": 0.0, "Total Cost": 39.62, "Plan Rows": 2, "Plan Width": 60, "Inner Unique": false, "Join Filter": "(((n1.n_name = 'JAPAN'::bpchar) AND (n2.n_name = 'INDIA'::bpchar)) OR ((n1.n_name = 'INDIA'::bpchar) AND (n2.n_name = 'JAPAN'::bpchar)))", "Plans": [{"Node Type": "Index Scan", "Parent Relationship": "Outer", "Scan Direction": "Forward", "Index Name": "nation_pkey", "Relation Name": "nation", "Alias": "n1", "Startup Cost": 0.0, "Total Cost": 12.75, "Plan Rows": 25, "Plan Width": 30, "Filter": "((n_name = 'JAPAN'::bpchar) OR (n_name = 'INDIA'::bpchar))"}, {"Node Type": "Materialize", "Parent Relationship": "Inner", "Startup Cost": 0.0, "Total Cost": 12.88, "Plan Rows": 25, "Plan Width": 30, "Plans": [{"Node Type": "Index Scan", "Parent Relationship": "Outer", "Scan Direction": "Forward", "Index Name": "nation_pkey", "Relation Name": "nation", "Alias": "n2", "Startup Cost": 0.0, "Total Cost": 12.75, "Plan Rows": 25, "Plan Width": 30, "Filter": "((n_name = 'INDIA'::bpchar) OR (n_name = 'JAPAN'::bpchar))"}]}]}, {"Node Type": "Index Scan", "Parent Relationship": "Inner", "Scan Direction": "Forward", "Index Name": "idx_customer_nationkey", "Relation Name": "customer", "Alias": "customer", "Startup Cost": 0.0, "Total Cost": 7702.43, "Plan Rows": 60000, "Plan Width": 12, "Index Cond": "(c_nationkey = n2.n_nationkey)"}]}, {"Node Type": "Index Scan", "Parent Relationship": "Inner", "Scan Direction": "Forward", "Index Name": "idx_orders_custkey", "Relation Name": "orders", "Alias": "orders", "Startup Cost": 0.0, "Total Cost": 1.22, "Plan Rows": 4, "Plan Width": 16, "Index Cond": "(o_custkey = customer.c_custkey)"}]}, {"Node Type": "Index Scan", "Parent Relationship": "Inner", "Scan Direction": "Forward", "Index Name": "idx_lineitem_orderkey", "Relation Name": "lineitem", "Alias": "lineitem", "Startup Cost": 0.0, "Total Cost": 0.91, "Plan Rows": 3, "Plan Width": 40, "Index Cond": "(l_orderkey = orders.o_orderkey)", "Filter": "((l_shipdate >= '1995-01-01 00:00:00'::timestamp(0) without time zone) AND (l_shipdate <= '1996-12-31 00:00:00'::timestamp(0) without time zone))"}]}, {"Node Type": "Index Scan", "Parent Relationship": "Inner", "Scan Direction": "Forward", "Index Name": "supplier_pkey", "Relation Name": "supplier", "Alias": "supplier", "Startup Cost": 0.0, "Total Cost": 0.27, "Plan Rows": 1, "Plan Width": 12, "Index Cond": "(s_suppkey = lineitem.l_suppkey)"}]}]}]}, "Unique SQL Id": 2208782157, "Planner Runtime": 1}, "explain_analyze_plan": {"Plan": {"Node Type": "Sort", "Startup Cost": 854542.3, "Total Cost": 854551.52, "Plan Rows": 3688, "Plan Width": 84, "Actual Startup Time": 28224.387, "Actual Total Time": 28224.388, "Actual Rows": 4, "Actual Loops": 1, "Sort Key": ["n1.n_name", "n2.n_name", "(date_part('year'::text, lineitem.l_shipdate))"], "Sort Method": "quicksort", "Sort Space Used": 25, "Sort Space Type": "Memory", "Plans": [{"Node Type": "Aggregate", "Strategy": "Hashed", "Parent Relationship": "Outer", "Startup Cost": 854277.72, "Total Cost": 854323.82, "Plan Rows": 3688, "Plan Width": 84, "Actual Startup Time": 28224.234, "Actual Total Time": 28224.251, "Actual Rows": 4, "Actual Loops": 1, "Group By Key": ["n1.n_name", "n2.n_name", "date_part('year'::text, lineitem.l_shipdate)"], "Plans": [{"Node Type": "Nested Loop", "Parent Relationship": "Outer", "Join Type": "Inner", "Startup Cost": 0.0, "Total Cost": 854222.4, "Plan Rows": 3688, "Plan Width": 76, "Actual Startup Time": 0.287, "Actual Total Time": 28104.372, "Actual Rows": 58554, "Actual Loops": 1, "Inner Unique": true, "Join Filter": "(n1.n_nationkey = supplier.s_nationkey)", "Rows Removed by Join Filter": 1400596, "Plans": [{"Node Type": "Nested Loop", "Parent Relationship": "Outer", "Join Type": "Inner", "Startup Cost": 0.0, "Total Cost": 644504.63, "Plan Rows": 740786, "Plan Width": 88, "Actual Startup Time": 0.158, "Actual Total Time": 19926.257, "Actual Rows": 1459150, "Actual Loops": 1, "Inner Unique": false, "Plans": [{"Node Type": "Nested Loop", "Parent Relationship": "Outer", "Join Type": "Inner", "Startup Cost": 0.0, "Total Cost": 167767.0, "Plan Rows": 504972, "Plan Width": 64, "Actual Startup Time": 0.107, "Actual Total Time": 4294.097, "Actual Rows": 1200363, "Actual Loops": 1, "Inner Unique": false, "Plans": [{"Node Type": "Nested Loop", "Parent Relationship": "Outer", "Join Type": "Inner", "Startup Cost": 0.0, "Total Cost": 16644.48, "Plan Rows": 119904, "Plan Width": 64, "Actual Startup Time": 0.093, "Actual Total Time": 228.578, "Actual Rows": 119972, "Actual Loops": 1, "Inner Unique": false, "Plans": [{"Node Type": "Nested Loop", "Parent Relationship": "Outer", "Join Type": "Inner", "Startup Cost": 0.0, "Total Cost": 39.62, "Plan Rows": 2, "Plan Width": 60, "Actual Startup Time": 0.049, "Actual Total Time": 0.286, "Actual Rows": 2, "Actual Loops": 1, "Inner Unique": false, "Join Filter": "(((n1.n_name = 'JAPAN'::bpchar) AND (n2.n_name = 'INDIA'::bpchar)) OR ((n1.n_name = 'INDIA'::bpchar) AND (n2.n_name = 'JAPAN'::bpchar)))", "Rows Removed by Join Filter": 2, "Plans": [{"Node Type": "Index Scan", "Parent Relationship": "Outer", "Scan Direction": "Forward", "Index Name": "nation_pkey", "Relation Name": "nation", "Alias": "n1", "Startup Cost": 0.0, "Total Cost": 12.75, "Plan Rows": 25, "Plan Width": 30, "Actual Startup Time": 0.026, "Actual Total Time": 0.179, "Actual Rows": 2, "Actual Loops": 1, "Filter": "((n_name = 'JAPAN'::bpchar) OR (n_name = 'INDIA'::bpchar))", "Rows Removed by Filter": 23}, {"Node Type": "Materialize", "Parent Relationship": "Inner", "Startup Cost": 0.0, "Total Cost": 12.88, "Plan Rows": 25, "Plan Width": 30, "Actual Startup Time": 0.015, "Actual Total Time": 0.039, "Actual Rows": 4, "Actual Loops": 2, "Plans": [{"Node Type": "Index Scan", "Parent Relationship": "Outer", "Scan Direction": "Forward", "Index Name": "nation_pkey", "Relation Name": "nation", "Alias": "n2", "Startup Cost": 0.0, "Total Cost": 12.75, "Plan Rows": 25, "Plan Width": 30, "Actual Startup Time": 0.011, "Actual Total Time": 0.03, "Actual Rows": 2, "Actual Loops": 1, "Filter": "((n_name = 'INDIA'::bpchar) OR (n_name = 'JAPAN'::bpchar))", "Rows Removed by Filter": 23}]}]}, {"Node Type": "Index Scan", "Parent Relationship": "Inner", "Scan Direction": "Forward", "Index Name": "idx_customer_nationkey", "Relation Name": "customer", "Alias": "customer", "Startup Cost": 0.0, "Total Cost": 7702.43, "Plan Rows": 60000, "Plan Width": 12, "Actual Startup Time": 0.079, "Actual Total Time": 191.533, "Actual Rows": 119972, "Actual Loops": 2, "Index Cond": "(c_nationkey = n2.n_nationkey)", "Rows Removed by Index Recheck": 0}]}, {"Node Type": "Index Scan", "Parent Relationship": "Inner", "Scan Direction": "Forward", "Index Name": "idx_orders_custkey", "Relation Name": "orders", "Alias": "orders", "Startup Cost": 0.0, "Total Cost": 1.22, "Plan Rows": 4, "Plan Width": 16, "Actual Startup Time": 758.407, "Actual Total Time": 3690.79, "Actual Rows": 1200363, "Actual Loops": 119972, "Index Cond": "(o_custkey = customer.c_custkey)", "Rows Removed by Index Recheck": 0}]}, {"Node Type": "Index Scan", "Parent Relationship": "Inner", "Scan Direction": "Forward", "Index Name": "idx_lineitem_orderkey", "Relation Name": "lineitem", "Alias": "lineitem", "Startup Cost": 0.0, "Total Cost": 0.91, "Plan Rows": 3, "Plan Width": 40, "Actual Startup Time": 13418.347, "Actual Total Time": 14638.452, "Actual Rows": 1459150, "Actual Loops": 1200363, "Index Cond": "(l_orderkey = orders.o_orderkey)", "Rows Removed by Index Recheck": 0, "Filter": "((l_shipdate >= '1995-01-01 00:00:00'::timestamp(0) without time zone) AND (l_shipdate <= '1996-12-31 00:00:00'::timestamp(0) without time zone))", "Rows Removed by Filter": 3342563}]}, {"Node Type": "Index Scan", "Parent Relationship": "Inner", "Scan Direction": "Forward", "Index Name": "supplier_pkey", "Relation Name": "supplier", "Alias": "supplier", "Startup Cost": 0.0, "Total Cost": 0.27, "Plan Rows": 1, "Plan Width": 12, "Actual Startup Time": 6462.502, "Actual Total Time": 6955.698, "Actual Rows": 1459150, "Actual Loops": 1459150, "Index Cond": "(s_suppkey = lineitem.l_suppkey)", "Rows Removed by Index Recheck": 0}]}]}]}, "Triggers": [], "Planner Runtime": 1, "Total Runtime": 28224.669, "Unique SQL Id": 2208782157}}, "(16, 62)": {"explain_plan": {"Plan": {"Node Type": "Sort", "Startup Cost": 25342456523.17, "Total Cost": 25342456532.39, "Plan Rows": 3688, "Plan Width": 84, "Sort Key": ["n1.n_name", "n2.n_name", "(date_part('year'::text, lineitem.l_shipdate))"], "Plans": [{"Node Type": "Aggregate", "Strategy": "Hashed", "Parent Relationship": "Outer", "Startup Cost": 25342456258.58, "Total Cost": 25342456304.68, "Plan Rows": 3688, "Plan Width": 84, "Group By Key": ["n1.n_name", "n2.n_name", "date_part('year'::text, lineitem.l_shipdate)"], "Plans": [{"Node Type": "Nested Loop", "Parent Relationship": "Outer", "Join Type": "Inner", "Startup Cost": 44.6, "Total Cost": 25342456203.26, "Plan Rows": 3688, "Plan Width": 76, "Inner Unique": false, "Join Filter": "((orders.o_custkey = customer.c_custkey) AND (n2.n_nationkey = customer.c_nationkey))", "Plans": [{"Node Type": "Seq Scan", "Parent Relationship": "Outer", "Relation Name": "customer", "Alias": "customer", "Startup Cost": 0.0, "Total Cost": 52126.0, "Plan Rows": 1500000, "Plan Width": 12}, {"Node Type": "Materialize", "Parent Relationship": "Inner", "Startup Cost": 44.6, "Total Cost": 22921970548.56, "Plan Rows": 92207, "Plan Width": 88, "Plans": [{"Node Type": "Nested Loop", "Parent Relationship": "Outer", "Join Type": "Inner", "Startup Cost": 44.6, "Total Cost": 22921970087.52, "Plan Rows": 92207, "Plan Width": 88, "Inner Unique": false, "Join Filter": "(lineitem.l_orderkey = orders.o_orderkey)", "Plans": [{"Node Type": "Seq Scan", "Parent Relationship": "Outer", "Relation Name": "orders", "Alias": "orders", "Startup Cost": 0.0, "Total Cost": 426413.79, "Plan Rows": 14999479, "Plan Width": 16}, {"Node Type": "Materialize", "Parent Relationship": "Inner", "Startup Cost": 44.6, "Total Cost": 2175689501.95, "Plan Rows": 92207, "Plan Width": 88, "Plans": [{"Node Type": "Nested Loop", "Parent Relationship": "Outer", "Join Type": "Inner", "Startup Cost": 44.6, "Total Cost": 2175689040.92, "Plan Rows": 92207, "Plan Width": 88, "Inner Unique": false, "Join Filter": "(supplier.s_suppkey = lineitem.l_suppkey)", "Plans": [{"Node Type": "Seq Scan", "Parent Relationship": "Outer", "Relation Name": "lineitem", "Alias": "lineitem", "Startup Cost": 44.6, "Total Cost": 2315050.5, "Plan Rows": 18124991, "Plan Width": 40, "Filter": "((l_shipdate >= '1995-01-01 00:00:00'::timestamp(0) without time zone) AND (l_shipdate <= '1996-12-31 00:00:00'::timestamp(0) without time zone)), (LLVM Optimized)"}, {"Node Type": "Materialize", "Parent Relationship": "Inner", "Startup Cost": 0.0, "Total Cost": 6339.6, "Plan Rows": 7994, "Plan Width": 64, "Plans": [{"Node Type": "Nested Loop", "Parent Relationship": "Outer", "Join Type": "Inner", "Startup Cost": 0.0, "Total Cost": 6299.63, "Plan Rows": 7994, "Plan Width": 64, "Inner Unique": false, "Join Filter": "(n1.n_nationkey = supplier.s_nationkey)", "Plans": [{"Node Type": "Seq Scan", "Parent Relationship": "Outer", "Relation Name": "supplier", "Alias": "supplier", "Startup Cost": 0.0, "Total Cost": 3283.0, "Plan Rows": 100000, "Plan Width": 12}, {"Node Type": "Materialize", "Parent Relationship": "Inner", "Startup Cost": 0.0, "Total Cost": 16.64, "Plan Rows": 2, "Plan Width": 60, "Plans": [{"Node Type": "Nested Loop", "Parent Relationship": "Outer", "Join Type": "Inner", "Startup Cost": 0.0, "Total Cost": 16.62, "Plan Rows": 2, "Plan Width": 60, "Inner Unique": false, "Join Filter": "(((n1.n_name = 'JAPAN'::bpchar) AND (n2.n_name = 'INDIA'::bpchar)) OR ((n1.n_name = 'INDIA'::bpchar) AND (n2.n_name = 'JAPAN'::bpchar)))", "Plans": [{"Node Type": "Seq Scan", "Parent Relationship": "Outer", "Relation Name": "nation", "Alias": "n1", "Startup Cost": 0.0, "Total Cost": 1.25, "Plan Rows": 25, "Plan Width": 30, "Filter": "((n_name = 'JAPAN'::bpchar) OR (n_name = 'INDIA'::bpchar))"}, {"Node Type": "Materialize", "Parent Relationship": "Inner", "Startup Cost": 0.0, "Total Cost": 1.38, "Plan Rows": 25, "Plan Width": 30, "Plans": [{"Node Type": "Seq Scan", "Parent Relationship": "Outer", "Relation Name": "nation", "Alias": "n2", "Startup Cost": 0.0, "Total Cost": 1.25, "Plan Rows": 25, "Plan Width": 30, "Filter": "((n_name = 'INDIA'::bpchar) OR (n_name = 'JAPAN'::bpchar))"}]}]}]}]}]}]}]}]}]}]}]}]}, "Unique SQL Id": 2208782157, "Planner Runtime": 2}, "explain_analyze_plan": null}, "(16, 63)": {"explain_plan": {"Plan": {"Node Type": "Sort", "Startup Cost": 6025775461732.55, "Total Cost": 6025775461741.77, "Plan Rows": 3688, "Plan Width": 84, "Sort Key": ["n1.n_name", "n2.n_name", "(date_part('year'::text, lineitem.l_shipdate))"], "Plans": [{"Node Type": "Aggregate", "Strategy": "Hashed", "Parent Relationship": "Outer", "Startup Cost": 6025775461467.96, "Total Cost": 6025775461514.06, "Plan Rows": 3688, "Plan Width": 84, "Group By Key": ["n1.n_name", "n2.n_name", "date_part('year'::text, lineitem.l_shipdate)"], "Plans": [{"Node Type": "Nested Loop", "Parent Relationship": "Outer", "Join Type": "Inner", "Startup Cost": 60000000000.0, "Total Cost": 6025775461412.64, "Plan Rows": 3688, "Plan Width": 76, "Inner Unique": false, "Join Filter": "((orders.o_custkey = customer.c_custkey) AND (n2.n_nationkey = customer.c_nationkey))", "Plans": [{"Node Type": "Index Scan", "Parent Relationship": "Outer", "Scan Direction": "Forward", "Index Name": "customer_pkey", "Relation Name": "customer", "Alias": "customer", "Startup Cost": 10000000000.0, "Total Cost": 1000008076535.62, "Plan Rows": 1500000, "Plan Width": 12}, {"Node Type": "Materialize", "Parent Relationship": "Inner", "Startup Cost": 50000000000.0, "Total Cost": 5023346951348.32, "Plan Rows": 92207, "Plan Width": 88, "Plans": [{"Node Type": "Nested Loop", "Parent Relationship": "Outer", "Join Type": "Inner", "Startup Cost": 50000000000.0, "Total Cost": 5023346950887.28, "Plan Rows": 92207, "Plan Width": 88, "Inner Unique": true, "Join Filter": "(lineitem.l_orderkey = orders.o_orderkey)", "Plans": [{"Node Type": "Nested Loop", "Parent Relationship": "Outer", "Join Type": "Inner", "Startup Cost": 40000000000.0, "Total Cost": 4002527961142.79, "Plan Rows": 92207, "Plan Width": 88, "Inner Unique": false, "Join Filter": "(supplier.s_suppkey = lineitem.l_suppkey)", "Plans": [{"Node Type": "Nested Loop", "Parent Relationship": "Outer", "Join Type": "Inner", "Startup Cost": 30000000000.0, "Total Cost": 3000000539268.5, "Plan Rows": 7994, "Plan Width": 64, "Inner Unique": false, "Join Filter": "(n1.n_nationkey = supplier.s_nationkey)", "Plans": [{"Node Type": "Nested Loop", "Parent Relationship": "Outer", "Join Type": "Inner", "Startup Cost": 20000000000.0, "Total Cost": 2000000002564.12, "Plan Rows": 2, "Plan Width": 60, "Inner Unique": false, "Join Filter": "(((n1.n_name = 'JAPAN'::bpchar) AND (n2.n_name = 'INDIA'::bpchar)) OR ((n1.n_name = 'INDIA'::bpchar) AND (n2.n_name = 'JAPAN'::bpchar)))", "Plans": [{"Node Type": "Index Scan", "Parent Relationship": "Outer", "Scan Direction": "Forward", "Index Name": "nation_pkey", "Relation Name": "nation", "Alias": "n2", "Startup Cost": 10000000000.0, "Total Cost": 1000000001275.0, "Plan Rows": 25, "Plan Width": 30, "Filter": "((n_name = 'INDIA'::bpchar) OR (n_name = 'JAPAN'::bpchar))"}, {"Node Type": "Materialize", "Parent Relationship": "Inner", "Startup Cost": 10000000000.0, "Total Cost": 1000000001275.12, "Plan Rows": 25, "Plan Width": 30, "Plans": [{"Node Type": "Index Scan", "Parent Relationship": "Outer", "Scan Direction": "Forward", "Index Name": "nation_pkey", "Relation Name": "nation", "Alias": "n1", "Startup Cost": 10000000000.0, "Total Cost": 1000000001275.0, "Plan Rows": 25, "Plan Width": 30, "Filter": "((n_name = 'JAPAN'::bpchar) OR (n_name = 'INDIA'::bpchar))"}]}]}, {"Node Type": "Materialize", "Parent Relationship": "Inner", "Startup Cost": 10000000000.0, "Total Cost": 1000000533954.38, "Plan Rows": 100000, "Plan Width": 12, "Plans": [{"Node Type": "Index Scan", "Parent Relationship": "Outer", "Scan Direction": "Forward", "Index Name": "supplier_pkey", "Relation Name": "supplier", "Alias": "supplier", "Startup Cost": 10000000000.0, "Total Cost": 1000000533454.38, "Plan Rows": 100000, "Plan Width": 12}]}]}, {"Node Type": "Materialize", "Parent Relationship": "Inner", "Startup Cost": 10000000000.0, "Total Cost": 1000354099515.95, "Plan Rows": 18124991, "Plan Width": 40, "Plans": [{"Node Type": "Index Scan", "Parent Relationship": "Outer", "Scan Direction": "Forward", "Index Name": "idx_lineitem_orderkey", "Relation Name": "lineitem", "Alias": "lineitem", "Startup Cost": 10000000000.0, "Total Cost": 1000354008891.0, "Plan Rows": 18124991, "Plan Width": 40, "Filter": "((l_shipdate >= '1995-01-01 00:00:00'::timestamp(0) without time zone) AND (l_shipdate <= '1996-12-31 00:00:00'::timestamp(0) without time zone)), (LLVM Optimized)"}]}]}, {"Node Type": "Materialize", "Parent Relationship": "Inner", "Startup Cost": 10000000000.0, "Total Cost": 1000073172840.9, "Plan Rows": 14999479, "Plan Width": 16, "Plans": [{"Node Type": "Index Scan", "Parent Relationship": "Outer", "Scan Direction": "Forward", "Index Name": "orders_pkey", "Relation Name": "orders", "Alias": "orders", "Startup Cost": 10000000000.0, "Total Cost": 1000073097843.5, "Plan Rows": 14999479, "Plan Width": 16}]}]}]}]}]}]}, "Unique SQL Id": 2208782157, "Planner Runtime": 1}, "explain_analyze_plan": null}, "(16, 64)": {"explain_plan": {"Plan": {"Node Type": "Sort", "Startup Cost": 653440.12, "Total Cost": 653449.34, "Plan Rows": 3688, "Plan Width": 84, "Sort Key": ["n1.n_name", "n2.n_name", "(date_part('year'::text, lineitem.l_shipdate))"], "Plans": [{"Node Type": "Aggregate", "Strategy": "Hashed", "Parent Relationship": "Outer", "Startup Cost": 653175.54, "Total Cost": 653221.64, "Plan Rows": 3688, "Plan Width": 84, "Group By Key": ["n1.n_name", "n2.n_name", "date_part('year'::text, lineitem.l_shipdate)"], "Plans": [{"Node Type": "Hash Join", "Parent Relationship": "Outer", "Join Type": "Inner", "Startup Cost": 5813.37, "Total Cost": 653120.22, "Plan Rows": 3688, "Plan Width": 76, "Inner Unique": true, "Hash Cond": "((lineitem.l_suppkey = supplier.s_suppkey) AND (n1.n_nationkey = supplier.s_nationkey))", "Plans": [{"Node Type": "Nested Loop", "Parent Relationship": "Outer", "Join Type": "Inner", "Startup Cost": 1030.37, "Total Cost": 642753.24, "Plan Rows": 740786, "Plan Width": 88, "Inner Unique": false, "Plans": [{"Node Type": "Nested Loop", "Parent Relationship": "Outer", "Join Type": "Inner", "Startup Cost": 1030.37, "Total Cost": 166015.61, "Plan Rows": 504972, "Plan Width": 64, "Inner Unique": false, "Plans": [{"Node Type": "Nested Loop", "Parent Relationship": "Outer", "Join Type": "Inner", "Startup Cost": 1030.37, "Total Cost": 14893.09, "Plan Rows": 119904, "Plan Width": 64, "Inner Unique": false, "Plans": [{"Node Type": "Nested Loop", "Parent Relationship": "Outer", "Join Type": "Inner", "Startup Cost": 0.0, "Total Cost": 28.12, "Plan Rows": 2, "Plan Width": 60, "Inner Unique": false, "Join Filter": "(((n1.n_name = 'JAPAN'::bpchar) AND (n2.n_name = 'INDIA'::bpchar)) OR ((n1.n_name = 'INDIA'::bpchar) AND (n2.n_name = 'JAPAN'::bpchar)))", "Plans": [{"Node Type": "Index Scan", "Parent Relationship": "Outer", "Scan Direction": "Forward", "Index Name": "nation_pkey", "Relation Name": "nation", "Alias": "n1", "Startup Cost": 0.0, "Total Cost": 12.75, "Plan Rows": 25, "Plan Width": 30, "Filter": "((n_name = 'JAPAN'::bpchar) OR (n_name = 'INDIA'::bpchar))"}, {"Node Type": "Materialize", "Parent Relationship": "Inner", "Startup Cost": 0.0, "Total Cost": 1.38, "Plan Rows": 25, "Plan Width": 30, "Plans": [{"Node Type": "Seq Scan", "Parent Relationship": "Outer", "Relation Name": "nation", "Alias": "n2", "Startup Cost": 0.0, "Total Cost": 1.25, "Plan Rows": 25, "Plan Width": 30, "Filter": "((n_name = 'INDIA'::bpchar) OR (n_name = 'JAPAN'::bpchar))"}]}]}, {"Node Type": "Bitmap Heap Scan", "Parent Relationship": "Inner", "Relation Name": "customer", "Alias": "customer", "Startup Cost": 1030.37, "Total Cost": 6832.48, "Plan Rows": 60000, "Plan Width": 12, "Recheck Cond": "(c_nationkey = n2.n_nationkey)", "Plans": [{"Node Type": "Bitmap Index Scan", "Parent Relationship": "Outer", "Index Name": "idx_customer_nationkey", "Startup Cost": 0.0, "Total Cost": 1015.37, "Plan Rows": 60000, "Plan Width": 0, "Index Cond": "(c_nationkey = n2.n_nationkey)"}]}]}, {"Node Type": "Index Scan", "Parent Relationship": "Inner", "Scan Direction": "Forward", "Index Name": "idx_orders_custkey", "Relation Name": "orders", "Alias": "orders", "Startup Cost": 0.0, "Total Cost": 1.22, "Plan Rows": 4, "Plan Width": 16, "Index Cond": "(o_custkey = customer.c_custkey)"}]}, {"Node Type": "Index Scan", "Parent Relationship": "Inner", "Scan Direction": "Forward", "Index Name": "idx_lineitem_orderkey", "Relation Name": "lineitem", "Alias": "lineitem", "Startup Cost": 0.0, "Total Cost": 0.91, "Plan Rows": 3, "Plan Width": 40, "Index Cond": "(l_orderkey = orders.o_orderkey)", "Filter": "((l_shipdate >= '1995-01-01 00:00:00'::timestamp(0) without time zone) AND (l_shipdate <= '1996-12-31 00:00:00'::timestamp(0) without time zone))"}]}, {"Node Type": "Hash", "Parent Relationship": "Inner", "Startup Cost": 3283.0, "Total Cost": 3283.0, "Plan Rows": 100000, "Plan Width": 12, "Plans": [{"Node Type": "Seq Scan", "Parent Relationship": "Outer", "Relation Name": "supplier", "Alias": "supplier", "Startup Cost": 0.0, "Total Cost": 3283.0, "Plan Rows": 100000, "Plan Width": 12}]}]}]}]}, "Unique SQL Id": 2208782157, "Planner Runtime": 5}, "explain_analyze_plan": {"Plan": {"Node Type": "Sort", "Startup Cost": 653440.12, "Total Cost": 653449.34, "Plan Rows": 3688, "Plan Width": 84, "Actual Startup Time": 20103.797, "Actual Total Time": 20103.798, "Actual Rows": 4, "Actual Loops": 1, "Sort Key": ["n1.n_name", "n2.n_name", "(date_part('year'::text, lineitem.l_shipdate))"], "Sort Method": "quicksort", "Sort Space Used": 25, "Sort Space Type": "Memory", "Plans": [{"Node Type": "Aggregate", "Strategy": "Hashed", "Parent Relationship": "Outer", "Startup Cost": 653175.54, "Total Cost": 653221.64, "Plan Rows": 3688, "Plan Width": 84, "Actual Startup Time": 20103.746, "Actual Total Time": 20103.751, "Actual Rows": 4, "Actual Loops": 1, "Group By Key": ["n1.n_name", "n2.n_name", "date_part('year'::text, lineitem.l_shipdate)"], "Plans": [{"Node Type": "Hash Join", "Parent Relationship": "Outer", "Join Type": "Inner", "Startup Cost": 5813.37, "Total Cost": 653120.22, "Plan Rows": 3688, "Plan Width": 76, "Actual Startup Time": 85.042, "Actual Total Time": 19996.393, "Actual Rows": 58554, "Actual Loops": 1, "Inner Unique": true, "Hash Cond": "((lineitem.l_suppkey = supplier.s_suppkey) AND (n1.n_nationkey = supplier.s_nationkey))", "Plans": [{"Node Type": "Nested Loop", "Parent Relationship": "Outer", "Join Type": "Inner", "Startup Cost": 1030.37, "Total Cost": 642753.24, "Plan Rows": 740786, "Plan Width": 88, "Actual Startup Time": 17.925, "Actual Total Time": 19160.504, "Actual Rows": 1459150, "Actual Loops": 1, "Inner Unique": false, "Plans": [{"Node Type": "Nested Loop", "Parent Relationship": "Outer", "Join Type": "Inner", "Startup Cost": 1030.37, "Total Cost": 166015.61, "Plan Rows": 504972, "Plan Width": 64, "Actual Startup Time": 17.854, "Actual Total Time": 4038.633, "Actual Rows": 1200363, "Actual Loops": 1, "Inner Unique": false, "Plans": [{"Node Type": "Nested Loop", "Parent Relationship": "Outer", "Join Type": "Inner", "Startup Cost": 1030.37, "Total Cost": 14893.09, "Plan Rows": 119904, "Plan Width": 64, "Actual Startup Time": 17.831, "Actual Total Time": 288.377, "Actual Rows": 119972, "Actual Loops": 1, "Inner Unique": false, "Plans": [{"Node Type": "Nested Loop", "Parent Relationship": "Outer", "Join Type": "Inner", "Startup Cost": 0.0, "Total Cost": 28.12, "Plan Rows": 2, "Plan Width": 60, "Actual Startup Time": 0.065, "Actual Total Time": 0.193, "Actual Rows": 2, "Actual Loops": 1, "Inner Unique": false, "Join Filter": "(((n1.n_name = 'JAPAN'::bpchar) AND (n2.n_name = 'INDIA'::bpchar)) OR ((n1.n_name = 'INDIA'::bpchar) AND (n2.n_name = 'JAPAN'::bpchar)))", "Rows Removed by Join Filter": 2, "Plans": [{"Node Type": "Index Scan", "Parent Relationship": "Outer", "Scan Direction": "Forward", "Index Name": "nation_pkey", "Relation Name": "nation", "Alias": "n1", "Startup Cost": 0.0, "Total Cost": 12.75, "Plan Rows": 25, "Plan Width": 30, "Actual Startup Time": 0.027, "Actual Total Time": 0.056, "Actual Rows": 2, "Actual Loops": 1, "Filter": "((n_name = 'JAPAN'::bpchar) OR (n_name = 'INDIA'::bpchar))", "Rows Removed by Filter": 23}, {"Node Type": "Materialize", "Parent Relationship": "Inner", "Startup Cost": 0.0, "Total Cost": 1.38, "Plan Rows": 25, "Plan Width": 30, "Actual Startup Time": 0.029, "Actual Total Time": 0.076, "Actual Rows": 4, "Actual Loops": 2, "Plans": [{"Node Type": "Seq Scan", "Parent Relationship": "Outer", "Relation Name": "nation", "Alias": "n2", "Startup Cost": 0.0, "Total Cost": 1.25, "Plan Rows": 25, "Plan Width": 30, "Actual Startup Time": 0.019, "Actual Total Time": 0.04, "Actual Rows": 2, "Actual Loops": 1, "Filter": "((n_name = 'INDIA'::bpchar) OR (n_name = 'JAPAN'::bpchar))", "Rows Removed by Filter": 23}]}]}, {"Node Type": "Bitmap Heap Scan", "Parent Relationship": "Inner", "Relation Name": "customer", "Alias": "customer", "Startup Cost": 1030.37, "Total Cost": 6832.48, "Plan Rows": 60000, "Plan Width": 12, "Actual Startup Time": 38.608, "Actual Total Time": 257.954, "Actual Rows": 119972, "Actual Loops": 2, "Recheck Cond": "(c_nationkey = n2.n_nationkey)", "Rows Removed by Index Recheck": 0, "Exact Heap Blocks": 59938, "Lossy Heap Blocks": 59938, "Plans": [{"Node Type": "Bitmap Index Scan", "Parent Relationship": "Outer", "Index Name": "idx_customer_nationkey", "Startup Cost": 0.0, "Total Cost": 1015.37, "Plan Rows": 60000, "Plan Width": 0, "Actual Startup Time": 25.078, "Actual Total Time": 25.078, "Actual Rows": 119972, "Actual Loops": 2, "Index Cond": "(c_nationkey = n2.n_nationkey)"}]}]}, {"Node Type": "Index Scan", "Parent Relationship": "Inner", "Scan Direction": "Forward", "Index Name": "idx_orders_custkey", "Relation Name": "orders", "Alias": "orders", "Startup Cost": 0.0, "Total Cost": 1.22, "Plan Rows": 4, "Plan Width": 16, "Actual Startup Time": 739.615, "Actual Total Time": 3408.437, "Actual Rows": 1200363, "Actual Loops": 119972, "Index Cond": "(o_custkey = customer.c_custkey)", "Rows Removed by Index Recheck": 0}]}, {"Node Type": "Index Scan", "Parent Relationship": "Inner", "Scan Direction": "Forward", "Index Name": "idx_lineitem_orderkey", "Relation Name": "lineitem", "Alias": "lineitem", "Startup Cost": 0.0, "Total Cost": 0.91, "Plan Rows": 3, "Plan Width": 40, "Actual Startup Time": 12978.784, "Actual Total Time": 14155.996, "Actual Rows": 1459150, "Actual Loops": 1200363, "Index Cond": "(l_orderkey = orders.o_orderkey)", "Rows Removed by Index Recheck": 0, "Filter": "((l_shipdate >= '1995-01-01 00:00:00'::timestamp(0) without time zone) AND (l_shipdate <= '1996-12-31 00:00:00'::timestamp(0) without time zone))", "Rows Removed by Filter": 3342563}]}, {"Node Type": "Hash", "Parent Relationship": "Inner", "Startup Cost": 3283.0, "Total Cost": 3283.0, "Plan Rows": 100000, "Plan Width": 12, "Actual Startup Time": 66.855, "Actual Total Time": 66.855, "Actual Rows": 100000, "Actual Loops": 1, "Hash Buckets": 131072, "Hash Batches": 1, "Original Hash Batches": 1, "Peak Memory Usage": 4297, "Plans": [{"Node Type": "Seq Scan", "Parent Relationship": "Outer", "Relation Name": "supplier", "Alias": "supplier", "Startup Cost": 0.0, "Total Cost": 3283.0, "Plan Rows": 100000, "Plan Width": 12, "Actual Startup Time": 0.014, "Actual Total Time": 36.293, "Actual Rows": 100000, "Actual Loops": 1}]}]}]}]}, "Triggers": [], "Planner Runtime": 3, "Total Runtime": 20104.174, "Unique SQL Id": 2208782157}}, "(16, 65)": {"explain_plan": {"Plan": {"Node Type": "Sort", "Startup Cost": 655503.17, "Total Cost": 655512.39, "Plan Rows": 3688, "Plan Width": 84, "Sort Key": ["n1.n_name", "n2.n_name", "(date_part('year'::text, lineitem.l_shipdate))"], "Plans": [{"Node Type": "Aggregate", "Strategy": "Hashed", "Parent Relationship": "Outer", "Startup Cost": 655238.58, "Total Cost": 655284.68, "Plan Rows": 3688, "Plan Width": 84, "Group By Key": ["n1.n_name", "n2.n_name", "date_part('year'::text, lineitem.l_shipdate)"], "Plans": [{"Node Type": "Hash Join", "Parent Relationship": "Outer", "Join Type": "Inner", "Startup Cost": 7864.91, "Total Cost": 655183.26, "Plan Rows": 3688, "Plan Width": 76, "Inner Unique": true, "Hash Cond": "((lineitem.l_suppkey = supplier.s_suppkey) AND (n1.n_nationkey = supplier.s_nationkey))", "Plans": [{"Node Type": "Nested Loop", "Parent Relationship": "Outer", "Join Type": "Inner", "Startup Cost": 1030.37, "Total Cost": 642764.74, "Plan Rows": 740786, "Plan Width": 88, "Inner Unique": false, "Plans": [{"Node Type": "Nested Loop", "Parent Relationship": "Outer", "Join Type": "Inner", "Startup Cost": 1030.37, "Total Cost": 166027.11, "Plan Rows": 504972, "Plan Width": 64, "Inner Unique": false, "Plans": [{"Node Type": "Nested Loop", "Parent Relationship": "Outer", "Join Type": "Inner", "Startup Cost": 1030.37, "Total Cost": 14904.59, "Plan Rows": 119904, "Plan Width": 64, "Inner Unique": false, "Plans": [{"Node Type": "Nested Loop", "Parent Relationship": "Outer", "Join Type": "Inner", "Startup Cost": 0.0, "Total Cost": 39.62, "Plan Rows": 2, "Plan Width": 60, "Inner Unique": false, "Join Filter": "(((n1.n_name = 'JAPAN'::bpchar) AND (n2.n_name = 'INDIA'::bpchar)) OR ((n1.n_name = 'INDIA'::bpchar) AND (n2.n_name = 'JAPAN'::bpchar)))", "Plans": [{"Node Type": "Index Scan", "Parent Relationship": "Outer", "Scan Direction": "Forward", "Index Name": "nation_pkey", "Relation Name": "nation", "Alias": "n1", "Startup Cost": 0.0, "Total Cost": 12.75, "Plan Rows": 25, "Plan Width": 30, "Filter": "((n_name = 'JAPAN'::bpchar) OR (n_name = 'INDIA'::bpchar))"}, {"Node Type": "Materialize", "Parent Relationship": "Inner", "Startup Cost": 0.0, "Total Cost": 12.88, "Plan Rows": 25, "Plan Width": 30, "Plans": [{"Node Type": "Index Scan", "Parent Relationship": "Outer", "Scan Direction": "Forward", "Index Name": "nation_pkey", "Relation Name": "nation", "Alias": "n2", "Startup Cost": 0.0, "Total Cost": 12.75, "Plan Rows": 25, "Plan Width": 30, "Filter": "((n_name = 'INDIA'::bpchar) OR (n_name = 'JAPAN'::bpchar))"}]}]}, {"Node Type": "Bitmap Heap Scan", "Parent Relationship": "Inner", "Relation Name": "customer", "Alias": "customer", "Startup Cost": 1030.37, "Total Cost": 6832.48, "Plan Rows": 60000, "Plan Width": 12, "Recheck Cond": "(c_nationkey = n2.n_nationkey)", "Plans": [{"Node Type": "Bitmap Index Scan", "Parent Relationship": "Outer", "Index Name": "idx_customer_nationkey", "Startup Cost": 0.0, "Total Cost": 1015.37, "Plan Rows": 60000, "Plan Width": 0, "Index Cond": "(c_nationkey = n2.n_nationkey)"}]}]}, {"Node Type": "Index Scan", "Parent Relationship": "Inner", "Scan Direction": "Forward", "Index Name": "idx_orders_custkey", "Relation Name": "orders", "Alias": "orders", "Startup Cost": 0.0, "Total Cost": 1.22, "Plan Rows": 4, "Plan Width": 16, "Index Cond": "(o_custkey = customer.c_custkey)"}]}, {"Node Type": "Index Scan", "Parent Relationship": "Inner", "Scan Direction": "Forward", "Index Name": "idx_lineitem_orderkey", "Relation Name": "lineitem", "Alias": "lineitem", "Startup Cost": 0.0, "Total Cost": 0.91, "Plan Rows": 3, "Plan Width": 40, "Index Cond": "(l_orderkey = orders.o_orderkey)", "Filter": "((l_shipdate >= '1995-01-01 00:00:00'::timestamp(0) without time zone) AND (l_shipdate <= '1996-12-31 00:00:00'::timestamp(0) without time zone))"}]}, {"Node Type": "Hash", "Parent Relationship": "Inner", "Startup Cost": 5334.54, "Total Cost": 5334.54, "Plan Rows": 100000, "Plan Width": 12, "Plans": [{"Node Type": "Index Scan", "Parent Relationship": "Outer", "Scan Direction": "Forward", "Index Name": "supplier_pkey", "Relation Name": "supplier", "Alias": "supplier", "Startup Cost": 0.0, "Total Cost": 5334.54, "Plan Rows": 100000, "Plan Width": 12}]}]}]}]}, "Unique SQL Id": 2208782157, "Planner Runtime": 5}, "explain_analyze_plan": {"Plan": {"Node Type": "Sort", "Startup Cost": 655503.17, "Total Cost": 655512.39, "Plan Rows": 3688, "Plan Width": 84, "Actual Startup Time": 20132.714, "Actual Total Time": 20132.714, "Actual Rows": 4, "Actual Loops": 1, "Sort Key": ["n1.n_name", "n2.n_name", "(date_part('year'::text, lineitem.l_shipdate))"], "Sort Method": "quicksort", "Sort Space Used": 25, "Sort Space Type": "Memory", "Plans": [{"Node Type": "Aggregate", "Strategy": "Hashed", "Parent Relationship": "Outer", "Startup Cost": 655238.58, "Total Cost": 655284.68, "Plan Rows": 3688, "Plan Width": 84, "Actual Startup Time": 20132.663, "Actual Total Time": 20132.668, "Actual Rows": 4, "Actual Loops": 1, "Group By Key": ["n1.n_name", "n2.n_name", "date_part('year'::text, lineitem.l_shipdate)"], "Plans": [{"Node Type": "Hash Join", "Parent Relationship": "Outer", "Join Type": "Inner", "Startup Cost": 7864.91, "Total Cost": 655183.26, "Plan Rows": 3688, "Plan Width": 76, "Actual Startup Time": 116.644, "Actual Total Time": 20025.397, "Actual Rows": 58554, "Actual Loops": 1, "Inner Unique": true, "Hash Cond": "((lineitem.l_suppkey = supplier.s_suppkey) AND (n1.n_nationkey = supplier.s_nationkey))", "Plans": [{"Node Type": "Nested Loop", "Parent Relationship": "Outer", "Join Type": "Inner", "Startup Cost": 1030.37, "Total Cost": 642764.74, "Plan Rows": 740786, "Plan Width": 88, "Actual Startup Time": 17.988, "Actual Total Time": 19166.506, "Actual Rows": 1459150, "Actual Loops": 1, "Inner Unique": false, "Plans": [{"Node Type": "Nested Loop", "Parent Relationship": "Outer", "Join Type": "Inner", "Startup Cost": 1030.37, "Total Cost": 166027.11, "Plan Rows": 504972, "Plan Width": 64, "Actual Startup Time": 17.916, "Actual Total Time": 4054.291, "Actual Rows": 1200363, "Actual Loops": 1, "Inner Unique": false, "Plans": [{"Node Type": "Nested Loop", "Parent Relationship": "Outer", "Join Type": "Inner", "Startup Cost": 1030.37, "Total Cost": 14904.59, "Plan Rows": 119904, "Plan Width": 64, "Actual Startup Time": 17.889, "Actual Total Time": 280.841, "Actual Rows": 119972, "Actual Loops": 1, "Inner Unique": false, "Plans": [{"Node Type": "Nested Loop", "Parent Relationship": "Outer", "Join Type": "Inner", "Startup Cost": 0.0, "Total Cost": 39.62, "Plan Rows": 2, "Plan Width": 60, "Actual Startup Time": 0.058, "Actual Total Time": 0.227, "Actual Rows": 2, "Actual Loops": 1, "Inner Unique": false, "Join Filter": "(((n1.n_name = 'JAPAN'::bpchar) AND (n2.n_name = 'INDIA'::bpchar)) OR ((n1.n_name = 'INDIA'::bpchar) AND (n2.n_name = 'JAPAN'::bpchar)))", "Rows Removed by Join Filter": 2, "Plans": [{"Node Type": "Index Scan", "Parent Relationship": "Outer", "Scan Direction": "Forward", "Index Name": "nation_pkey", "Relation Name": "nation", "Alias": "n1", "Startup Cost": 0.0, "Total Cost": 12.75, "Plan Rows": 25, "Plan Width": 30, "Actual Startup Time": 0.027, "Actual Total Time": 0.065, "Actual Rows": 2, "Actual Loops": 1, "Filter": "((n_name = 'JAPAN'::bpchar) OR (n_name = 'INDIA'::bpchar))", "Rows Removed by Filter": 23}, {"Node Type": "Materialize", "Parent Relationship": "Inner", "Startup Cost": 0.0, "Total Cost": 12.88, "Plan Rows": 25, "Plan Width": 30, "Actual Startup Time": 0.021, "Actual Total Time": 0.11, "Actual Rows": 4, "Actual Loops": 2, "Plans": [{"Node Type": "Index Scan", "Parent Relationship": "Outer", "Scan Direction": "Forward", "Index Name": "nation_pkey", "Relation Name": "nation", "Alias": "n2", "Startup Cost": 0.0, "Total Cost": 12.75, "Plan Rows": 25, "Plan Width": 30, "Actual Startup Time": 0.011, "Actual Total Time": 0.029, "Actual Rows": 2, "Actual Loops": 1, "Filter": "((n_name = 'INDIA'::bpchar) OR (n_name = 'JAPAN'::bpchar))", "Rows Removed by Filter": 23}]}]}, {"Node Type": "Bitmap Heap Scan", "Parent Relationship": "Inner", "Relation Name": "customer", "Alias": "customer", "Startup Cost": 1030.37, "Total Cost": 6832.48, "Plan Rows": 60000, "Plan Width": 12, "Actual Startup Time": 35.683, "Actual Total Time": 251.285, "Actual Rows": 119972, "Actual Loops": 2, "Recheck Cond": "(c_nationkey = n2.n_nationkey)", "Rows Removed by Index Recheck": 0, "Exact Heap Blocks": 59938, "Lossy Heap Blocks": 59938, "Plans": [{"Node Type": "Bitmap Index Scan", "Parent Relationship": "Outer", "Index Name": "idx_customer_nationkey", "Startup Cost": 0.0, "Total Cost": 1015.37, "Plan Rows": 60000, "Plan Width": 0, "Actual Startup Time": 22.441, "Actual Total Time": 22.441, "Actual Rows": 119972, "Actual Loops": 2, "Index Cond": "(c_nationkey = n2.n_nationkey)"}]}]}, {"Node Type": "Index Scan", "Parent Relationship": "Inner", "Scan Direction": "Forward", "Index Name": "idx_orders_custkey", "Relation Name": "orders", "Alias": "orders", "Startup Cost": 0.0, "Total Cost": 1.22, "Plan Rows": 4, "Plan Width": 16, "Actual Startup Time": 739.24, "Actual Total Time": 3431.971, "Actual Rows": 1200363, "Actual Loops": 119972, "Index Cond": "(o_custkey = customer.c_custkey)", "Rows Removed by Index Recheck": 0}]}, {"Node Type": "Index Scan", "Parent Relationship": "Inner", "Scan Direction": "Forward", "Index Name": "idx_lineitem_orderkey", "Relation Name": "lineitem", "Alias": "lineitem", "Startup Cost": 0.0, "Total Cost": 0.91, "Plan Rows": 3, "Plan Width": 40, "Actual Startup Time": 12976.455, "Actual Total Time": 14145.662, "Actual Rows": 1459150, "Actual Loops": 1200363, "Index Cond": "(l_orderkey = orders.o_orderkey)", "Rows Removed by Index Recheck": 0, "Filter": "((l_shipdate >= '1995-01-01 00:00:00'::timestamp(0) without time zone) AND (l_shipdate <= '1996-12-31 00:00:00'::timestamp(0) without time zone))", "Rows Removed by Filter": 3342563}]}, {"Node Type": "Hash", "Parent Relationship": "Inner", "Startup Cost": 5334.54, "Total Cost": 5334.54, "Plan Rows": 100000, "Plan Width": 12, "Actual Startup Time": 98.387, "Actual Total Time": 98.387, "Actual Rows": 100000, "Actual Loops": 1, "Hash Buckets": 131072, "Hash Batches": 1, "Original Hash Batches": 1, "Peak Memory Usage": 4297, "Plans": [{"Node Type": "Index Scan", "Parent Relationship": "Outer", "Scan Direction": "Forward", "Index Name": "supplier_pkey", "Relation Name": "supplier", "Alias": "supplier", "Startup Cost": 0.0, "Total Cost": 5334.54, "Plan Rows": 100000, "Plan Width": 12, "Actual Startup Time": 0.023, "Actual Total Time": 65.883, "Actual Rows": 100000, "Actual Loops": 1}]}]}]}]}, "Triggers": [], "Planner Runtime": 3, "Total Runtime": 20133.041, "Unique SQL Id": 2208782157}}, "(16, 66)": {"explain_plan": {"Plan": {"Node Type": "Sort", "Startup Cost": 2821200.81, "Total Cost": 2821210.03, "Plan Rows": 3688, "Plan Width": 84, "Sort Key": ["n1.n_name", "n2.n_name", "(date_part('year'::text, lineitem.l_shipdate))"], "Plans": [{"Node Type": "Aggregate", "Strategy": "Hashed", "Parent Relationship": "Outer", "Startup Cost": 2820936.22, "Total Cost": 2820982.32, "Plan Rows": 3688, "Plan Width": 84, "Group By Key": ["n1.n_name", "n2.n_name", "date_part('year'::text, lineitem.l_shipdate)"], "Plans": [{"Node Type": "Hash Join", "Parent Relationship": "Outer", "Join Type": "Inner", "Startup Cost": 21163.77, "Total Cost": 2820880.9, "Plan Rows": 3688, "Plan Width": 76, "Inner Unique": true, "Hash Cond": "((lineitem.l_suppkey = supplier.s_suppkey) AND (n1.n_nationkey = supplier.s_nationkey))", "Plans": [{"Node Type": "Nested Loop", "Parent Relationship": "Outer", "Join Type": "Inner", "Startup Cost": 16380.77, "Total Cost": 2810513.92, "Plan Rows": 740786, "Plan Width": 88, "Inner Unique": false, "Plans": [{"Node Type": "Hash Join", "Parent Relationship": "Outer", "Join Type": "Inner", "Startup Cost": 16380.39, "Total Cost": 504091.94, "Plan Rows": 504972, "Plan Width": 64, "Inner Unique": false, "Hash Cond": "(orders.o_custkey = customer.c_custkey), (LLVM Optimized)", "Plans": [{"Node Type": "Seq Scan", "Parent Relationship": "Outer", "Relation Name": "orders", "Alias": "orders", "Startup Cost": 0.0, "Total Cost": 426413.79, "Plan Rows": 14999479, "Plan Width": 16}, {"Node Type": "Hash", "Parent Relationship": "Inner", "Startup Cost": 14881.59, "Total Cost": 14881.59, "Plan Rows": 119904, "Plan Width": 64, "Plans": [{"Node Type": "Nested Loop", "Parent Relationship": "Outer", "Join Type": "Inner", "Startup Cost": 1030.37, "Total Cost": 14881.59, "Plan Rows": 119904, "Plan Width": 64, "Inner Unique": false, "Plans": [{"Node Type": "Nested Loop", "Parent Relationship": "Outer", "Join Type": "Inner", "Startup Cost": 0.0, "Total Cost": 16.62, "Plan Rows": 2, "Plan Width": 60, "Inner Unique": false, "Join Filter": "(((n1.n_name = 'JAPAN'::bpchar) AND (n2.n_name = 'INDIA'::bpchar)) OR ((n1.n_name = 'INDIA'::bpchar) AND (n2.n_name = 'JAPAN'::bpchar)))", "Plans": [{"Node Type": "Seq Scan", "Parent Relationship": "Outer", "Relation Name": "nation", "Alias": "n1", "Startup Cost": 0.0, "Total Cost": 1.25, "Plan Rows": 25, "Plan Width": 30, "Filter": "((n_name = 'JAPAN'::bpchar) OR (n_name = 'INDIA'::bpchar))"}, {"Node Type": "Materialize", "Parent Relationship": "Inner", "Startup Cost": 0.0, "Total Cost": 1.38, "Plan Rows": 25, "Plan Width": 30, "Plans": [{"Node Type": "Seq Scan", "Parent Relationship": "Outer", "Relation Name": "nation", "Alias": "n2", "Startup Cost": 0.0, "Total Cost": 1.25, "Plan Rows": 25, "Plan Width": 30, "Filter": "((n_name = 'INDIA'::bpchar) OR (n_name = 'JAPAN'::bpchar))"}]}]}, {"Node Type": "Bitmap Heap Scan", "Parent Relationship": "Inner", "Relation Name": "customer", "Alias": "customer", "Startup Cost": 1030.37, "Total Cost": 6832.48, "Plan Rows": 60000, "Plan Width": 12, "Recheck Cond": "(c_nationkey = n2.n_nationkey)", "Plans": [{"Node Type": "Bitmap Index Scan", "Parent Relationship": "Outer", "Index Name": "idx_customer_nationkey", "Startup Cost": 0.0, "Total Cost": 1015.37, "Plan Rows": 60000, "Plan Width": 0, "Index Cond": "(c_nationkey = n2.n_nationkey)"}]}]}]}]}, {"Node Type": "Bitmap Heap Scan", "Parent Relationship": "Inner", "Relation Name": "lineitem", "Alias": "lineitem", "Startup Cost": 0.38, "Total Cost": 4.54, "Plan Rows": 3, "Plan Width": 40, "Recheck Cond": "(l_orderkey = orders.o_orderkey)", "Filter": "((l_shipdate >= '1995-01-01 00:00:00'::timestamp(0) without time zone) AND (l_shipdate <= '1996-12-31 00:00:00'::timestamp(0) without time zone))", "Plans": [{"Node Type": "Bitmap Index Scan", "Parent Relationship": "Outer", "Index Name": "idx_lineitem_orderkey", "Startup Cost": 0.0, "Total Cost": 0.38, "Plan Rows": 9, "Plan Width": 0, "Index Cond": "(l_orderkey = orders.o_orderkey)"}]}]}, {"Node Type": "Hash", "Parent Relationship": "Inner", "Startup Cost": 3283.0, "Total Cost": 3283.0, "Plan Rows": 100000, "Plan Width": 12, "Plans": [{"Node Type": "Seq Scan", "Parent Relationship": "Outer", "Relation Name": "supplier", "Alias": "supplier", "Startup Cost": 0.0, "Total Cost": 3283.0, "Plan Rows": 100000, "Plan Width": 12}]}]}]}]}, "Unique SQL Id": 2208782157, "Planner Runtime": 5}, "explain_analyze_plan": {"Plan": {"Node Type": "Sort", "Startup Cost": 2821200.81, "Total Cost": 2821210.03, "Plan Rows": 3688, "Plan Width": 84, "Actual Startup Time": 23607.962, "Actual Total Time": 23607.963, "Actual Rows": 4, "Actual Loops": 1, "Sort Key": ["n1.n_name", "n2.n_name", "(date_part('year'::text, lineitem.l_shipdate))"], "Sort Method": "quicksort", "Sort Space Used": 25, "Sort Space Type": "Memory", "Plans": [{"Node Type": "Aggregate", "Strategy": "Hashed", "Parent Relationship": "Outer", "Startup Cost": 2820936.22, "Total Cost": 2820982.32, "Plan Rows": 3688, "Plan Width": 84, "Actual Startup Time": 23607.866, "Actual Total Time": 23607.88, "Actual Rows": 4, "Actual Loops": 1, "Group By Key": ["n1.n_name", "n2.n_name", "date_part('year'::text, lineitem.l_shipdate)"], "Plans": [{"Node Type": "Hash Join", "Parent Relationship": "Outer", "Join Type": "Inner", "Startup Cost": 21163.77, "Total Cost": 2820880.9, "Plan Rows": 3688, "Plan Width": 76, "Actual Startup Time": 353.167, "Actual Total Time": 23499.575, "Actual Rows": 58554, "Actual Loops": 1, "Inner Unique": true, "Hash Cond": "((lineitem.l_suppkey = supplier.s_suppkey) AND (n1.n_nationkey = supplier.s_nationkey))", "Plans": [{"Node Type": "Nested Loop", "Parent Relationship": "Outer", "Join Type": "Inner", "Startup Cost": 16380.77, "Total Cost": 2810513.92, "Plan Rows": 740786, "Plan Width": 88, "Actual Startup Time": 285.55, "Actual Total Time": 22703.999, "Actual Rows": 1459150, "Actual Loops": 1, "Inner Unique": false, "Plans": [{"Node Type": "Hash Join", "Parent Relationship": "Outer", "Join Type": "Inner", "Startup Cost": 16380.39, "Total Cost": 504091.94, "Plan Rows": 504972, "Plan Width": 64, "Actual Startup Time": 285.449, "Actual Total Time": 9906.38, "Actual Rows": 1200363, "Actual Loops": 1, "Inner Unique": false, "Hash Cond": "(orders.o_custkey = customer.c_custkey), (LLVM Optimized, Jit Execute)", "Plans": [{"Node Type": "Seq Scan", "Parent Relationship": "Outer", "Relation Name": "orders", "Alias": "orders", "Startup Cost": 0.0, "Total Cost": 426413.79, "Plan Rows": 14999479, "Plan Width": 16, "Actual Startup Time": 0.013, "Actual Total Time": 4134.458, "Actual Rows": 15000000, "Actual Loops": 1}, {"Node Type": "Hash", "Parent Relationship": "Inner", "Startup Cost": 14881.59, "Total Cost": 14881.59, "Plan Rows": 119904, "Plan Width": 64, "Actual Startup Time": 285.288, "Actual Total Time": 285.288, "Actual Rows": 119972, "Actual Loops": 1, "Hash Buckets": 131072, "Hash Batches": 1, "Original Hash Batches": 1, "Peak Memory Usage": 11248, "Plans": [{"Node Type": "Nested Loop", "Parent Relationship": "Outer", "Join Type": "Inner", "Startup Cost": 1030.37, "Total Cost": 14881.59, "Plan Rows": 119904, "Plan Width": 64, "Actual Startup Time": 18.131, "Actual Total Time": 241.628, "Actual Rows": 119972, "Actual Loops": 1, "Inner Unique": false, "Plans": [{"Node Type": "Nested Loop", "Parent Relationship": "Outer", "Join Type": "Inner", "Startup Cost": 0.0, "Total Cost": 16.62, "Plan Rows": 2, "Plan Width": 60, "Actual Startup Time": 0.082, "Actual Total Time": 0.174, "Actual Rows": 2, "Actual Loops": 1, "Inner Unique": false, "Join Filter": "(((n1.n_name = 'JAPAN'::bpchar) AND (n2.n_name = 'INDIA'::bpchar)) OR ((n1.n_name = 'INDIA'::bpchar) AND (n2.n_name = 'JAPAN'::bpchar)))", "Rows Removed by Join Filter": 2, "Plans": [{"Node Type": "Seq Scan", "Parent Relationship": "Outer", "Relation Name": "nation", "Alias": "n1", "Startup Cost": 0.0, "Total Cost": 1.25, "Plan Rows": 25, "Plan Width": 30, "Actual Startup Time": 0.047, "Actual Total Time": 0.067, "Actual Rows": 2, "Actual Loops": 1, "Filter": "((n_name = 'JAPAN'::bpchar) OR (n_name = 'INDIA'::bpchar))", "Rows Removed by Filter": 23}, {"Node Type": "Materialize", "Parent Relationship": "Inner", "Startup Cost": 0.0, "Total Cost": 1.38, "Plan Rows": 25, "Plan Width": 30, "Actual Startup Time": 0.023, "Actual Total Time": 0.051, "Actual Rows": 4, "Actual Loops": 2, "Plans": [{"Node Type": "Seq Scan", "Parent Relationship": "Outer", "Relation Name": "nation", "Alias": "n2", "Startup Cost": 0.0, "Total Cost": 1.25, "Plan Rows": 25, "Plan Width": 30, "Actual Startup Time": 0.016, "Actual Total Time": 0.04, "Actual Rows": 2, "Actual Loops": 1, "Filter": "((n_name = 'INDIA'::bpchar) OR (n_name = 'JAPAN'::bpchar))", "Rows Removed by Filter": 23}]}]}, {"Node Type": "Bitmap Heap Scan", "Parent Relationship": "Inner", "Relation Name": "customer", "Alias": "customer", "Startup Cost": 1030.37, "Total Cost": 6832.48, "Plan Rows": 60000, "Plan Width": 12, "Actual Startup Time": 36.446, "Actual Total Time": 216.825, "Actual Rows": 119972, "Actual Loops": 2, "Recheck Cond": "(c_nationkey = n2.n_nationkey)", "Rows Removed by Index Recheck": 0, "Exact Heap Blocks": 59938, "Lossy Heap Blocks": 59938, "Plans": [{"Node Type": "Bitmap Index Scan", "Parent Relationship": "Outer", "Index Name": "idx_customer_nationkey", "Startup Cost": 0.0, "Total Cost": 1015.37, "Plan Rows": 60000, "Plan Width": 0, "Actual Startup Time": 23.277, "Actual Total Time": 23.277, "Actual Rows": 119972, "Actual Loops": 2, "Index Cond": "(c_nationkey = n2.n_nationkey)"}]}]}]}]}, {"Node Type": "Bitmap Heap Scan", "Parent Relationship": "Inner", "Relation Name": "lineitem", "Alias": "lineitem", "Startup Cost": 0.38, "Total Cost": 4.54, "Plan Rows": 3, "Plan Width": 40, "Actual Startup Time": 10439.608, "Actual Total Time": 11048.52, "Actual Rows": 1459150, "Actual Loops": 1200363, "Recheck Cond": "(l_orderkey = orders.o_orderkey)", "Rows Removed by Index Recheck": 0, "Filter": "((l_shipdate >= '1995-01-01 00:00:00'::timestamp(0) without time zone) AND (l_shipdate <= '1996-12-31 00:00:00'::timestamp(0) without time zone))", "Rows Removed by Filter": 3342563, "Exact Heap Blocks": 1285989, "Lossy Heap Blocks": 1285989, "Plans": [{"Node Type": "Bitmap Index Scan", "Parent Relationship": "Outer", "Index Name": "idx_lineitem_orderkey", "Startup Cost": 0.0, "Total Cost": 0.38, "Plan Rows": 9, "Plan Width": 0, "Actual Startup Time": 4962.424, "Actual Total Time": 4962.424, "Actual Rows": 4801713, "Actual Loops": 1200363, "Index Cond": "(l_orderkey = orders.o_orderkey)"}]}]}, {"Node Type": "Hash", "Parent Relationship": "Inner", "Startup Cost": 3283.0, "Total Cost": 3283.0, "Plan Rows": 100000, "Plan Width": 12, "Actual Startup Time": 67.261, "Actual Total Time": 67.261, "Actual Rows": 100000, "Actual Loops": 1, "Hash Buckets": 131072, "Hash Batches": 1, "Original Hash Batches": 1, "Peak Memory Usage": 4297, "Plans": [{"Node Type": "Seq Scan", "Parent Relationship": "Outer", "Relation Name": "supplier", "Alias": "supplier", "Startup Cost": 0.0, "Total Cost": 3283.0, "Plan Rows": 100000, "Plan Width": 12, "Actual Startup Time": 0.024, "Actual Total Time": 36.756, "Actual Rows": 100000, "Actual Loops": 1}]}]}]}]}, "Triggers": [], "Planner Runtime": 3, "Total Runtime": 23616.792, "Unique SQL Id": 2208782157}}, "(16, 67)": {"explain_plan": {"Plan": {"Node Type": "Sort", "Startup Cost": 99673674.43, "Total Cost": 99673683.65, "Plan Rows": 3688, "Plan Width": 84, "Sort Key": ["n1.n_name", "n2.n_name", "(date_part('year'::text, lineitem.l_shipdate))"], "Plans": [{"Node Type": "Aggregate", "Strategy": "Hashed", "Parent Relationship": "Outer", "Startup Cost": 99673409.84, "Total Cost": 99673455.94, "Plan Rows": 3688, "Plan Width": 84, "Group By Key": ["n1.n_name", "n2.n_name", "date_part('year'::text, lineitem.l_shipdate)"], "Plans": [{"Node Type": "Nested Loop", "Parent Relationship": "Outer", "Join Type": "Inner", "Startup Cost": 627986.71, "Total Cost": 99673354.52, "Plan Rows": 3688, "Plan Width": 76, "Inner Unique": true, "Join Filter": "(((n1.n_name = 'JAPAN'::bpchar) AND (n2.n_name = 'INDIA'::bpchar)) OR ((n1.n_name = 'INDIA'::bpchar) AND (n2.n_name = 'JAPAN'::bpchar)))", "Plans": [{"Node Type": "Nested Loop", "Parent Relationship": "Outer", "Join Type": "Inner", "Startup Cost": 627986.45, "Total Cost": 94724471.42, "Plan Rows": 1153515, "Plan Width": 54, "Inner Unique": true, "Plans": [{"Node Type": "Nested Loop", "Parent Relationship": "Outer", "Join Type": "Inner", "Startup Cost": 627986.2, "Total Cost": 89787046.56, "Plan Rows": 1153515, "Plan Width": 32, "Inner Unique": true, "Plans": [{"Node Type": "Nested Loop", "Parent Relationship": "Outer", "Join Type": "Inner", "Startup Cost": 627985.94, "Total Cost": 84848088.55, "Plan Rows": 1153515, "Plan Width": 36, "Inner Unique": true, "Plans": [{"Node Type": "Nested Loop", "Parent Relationship": "Outer", "Join Type": "Inner", "Startup Cost": 627985.67, "Total Cost": 79896146.0, "Plan Rows": 1153515, "Plan Width": 36, "Inner Unique": true, "Plans": [{"Node Type": "Bitmap Heap Scan", "Parent Relationship": "Outer", "Relation Name": "lineitem", "Alias": "lineitem", "Startup Cost": 627985.41, "Total Cost": 2315105.27, "Plan Rows": 18124991, "Plan Width": 40, "Recheck Cond": "((l_shipdate >= '1995-01-01 00:00:00'::timestamp(0) without time zone) AND (l_shipdate <= '1996-12-31 00:00:00'::timestamp(0) without time zone)), (LLVM Optimized)", "Plans": [{"Node Type": "Bitmap Index Scan", "Parent Relationship": "Outer", "Index Name": "idx_lineitem_shipdate", "Startup Cost": 0.0, "Total Cost": 623454.16, "Plan Rows": 18124991, "Plan Width": 0, "Index Cond": "((l_shipdate >= '1995-01-01 00:00:00'::timestamp(0) without time zone) AND (l_shipdate <= '1996-12-31 00:00:00'::timestamp(0) without time zone))"}]}, {"Node Type": "Bitmap Heap Scan", "Parent Relationship": "Inner", "Relation Name": "supplier", "Alias": "supplier", "Startup Cost": 0.26, "Total Cost": 4.27, "Plan Rows": 1, "Plan Width": 12, "Recheck Cond": "(s_suppkey = lineitem.l_suppkey)", "Plans": [{"Node Type": "Bitmap Index Scan", "Parent Relationship": "Outer", "Index Name": "supplier_pkey", "Startup Cost": 0.0, "Total Cost": 0.26, "Plan Rows": 1, "Plan Width": 0, "Index Cond": "(s_suppkey = lineitem.l_suppkey)"}]}]}, {"Node Type": "Bitmap Heap Scan", "Parent Relationship": "Inner", "Relation Name": "orders", "Alias": "orders", "Startup Cost": 0.27, "Total Cost": 4.28, "Plan Rows": 1, "Plan Width": 16, "Recheck Cond": "(o_orderkey = lineitem.l_orderkey)", "Plans": [{"Node Type": "Bitmap Index Scan", "Parent Relationship": "Outer", "Index Name": "orders_pkey", "Startup Cost": 0.0, "Total Cost": 0.27, "Plan Rows": 1, "Plan Width": 0, "Index Cond": "(o_orderkey = lineitem.l_orderkey)"}]}]}, {"Node Type": "Bitmap Heap Scan", "Parent Relationship": "Inner", "Relation Name": "customer", "Alias": "customer", "Startup Cost": 0.26, "Total Cost": 4.27, "Plan Rows": 1, "Plan Width": 12, "Recheck Cond": "(c_custkey = orders.o_custkey)", "Plans": [{"Node Type": "Bitmap Index Scan", "Parent Relationship": "Outer", "Index Name": "customer_pkey", "Startup Cost": 0.0, "Total Cost": 0.26, "Plan Rows": 1, "Plan Width": 0, "Index Cond": "(c_custkey = orders.o_custkey)"}]}]}, {"Node Type": "Bitmap Heap Scan", "Parent Relationship": "Inner", "Relation Name": "nation", "Alias": "n1", "Startup Cost": 0.26, "Total Cost": 4.27, "Plan Rows": 1, "Plan Width": 30, "Recheck Cond": "(n_nationkey = supplier.s_nationkey)", "Filter": "((n_name = 'JAPAN'::bpchar) OR (n_name = 'INDIA'::bpchar))", "Plans": [{"Node Type": "Bitmap Index Scan", "Parent Relationship": "Outer", "Index Name": "nation_pkey", "Startup Cost": 0.0, "Total Cost": 0.26, "Plan Rows": 1, "Plan Width": 0, "Index Cond": "(n_nationkey = supplier.s_nationkey)"}]}]}, {"Node Type": "Bitmap Heap Scan", "Parent Relationship": "Inner", "Relation Name": "nation", "Alias": "n2", "Startup Cost": 0.26, "Total Cost": 4.27, "Plan Rows": 1, "Plan Width": 30, "Recheck Cond": "(n_nationkey = customer.c_nationkey)", "Filter": "((n_name = 'INDIA'::bpchar) OR (n_name = 'JAPAN'::bpchar))", "Plans": [{"Node Type": "Bitmap Index Scan", "Parent Relationship": "Outer", "Index Name": "nation_pkey", "Startup Cost": 0.0, "Total Cost": 0.26, "Plan Rows": 1, "Plan Width": 0, "Index Cond": "(n_nationkey = customer.c_nationkey)"}]}]}]}]}, "Unique SQL Id": 2208782157, "Planner Runtime": 3}, "explain_analyze_plan": null}, "(16, 68)": {"explain_plan": {"Plan": {"Node Type": "Sort", "Startup Cost": 653440.12, "Total Cost": 653449.34, "Plan Rows": 3688, "Plan Width": 84, "Sort Key": ["n1.n_name", "n2.n_name", "(date_part('year'::text, lineitem.l_shipdate))"], "Plans": [{"Node Type": "Aggregate", "Strategy": "Hashed", "Parent Relationship": "Outer", "Startup Cost": 653175.54, "Total Cost": 653221.64, "Plan Rows": 3688, "Plan Width": 84, "Group By Key": ["n1.n_name", "n2.n_name", "date_part('year'::text, lineitem.l_shipdate)"], "Plans": [{"Node Type": "Hash Join", "Parent Relationship": "Outer", "Join Type": "Inner", "Startup Cost": 5813.37, "Total Cost": 653120.22, "Plan Rows": 3688, "Plan Width": 76, "Inner Unique": true, "Hash Cond": "((lineitem.l_suppkey = supplier.s_suppkey) AND (n1.n_nationkey = supplier.s_nationkey))", "Plans": [{"Node Type": "Nested Loop", "Parent Relationship": "Outer", "Join Type": "Inner", "Startup Cost": 1030.37, "Total Cost": 642753.24, "Plan Rows": 740786, "Plan Width": 88, "Inner Unique": false, "Plans": [{"Node Type": "Nested Loop", "Parent Relationship": "Outer", "Join Type": "Inner", "Startup Cost": 1030.37, "Total Cost": 166015.61, "Plan Rows": 504972, "Plan Width": 64, "Inner Unique": false, "Plans": [{"Node Type": "Nested Loop", "Parent Relationship": "Outer", "Join Type": "Inner", "Startup Cost": 1030.37, "Total Cost": 14893.09, "Plan Rows": 119904, "Plan Width": 64, "Inner Unique": false, "Plans": [{"Node Type": "Nested Loop", "Parent Relationship": "Outer", "Join Type": "Inner", "Startup Cost": 0.0, "Total Cost": 28.12, "Plan Rows": 2, "Plan Width": 60, "Inner Unique": false, "Join Filter": "(((n1.n_name = 'JAPAN'::bpchar) AND (n2.n_name = 'INDIA'::bpchar)) OR ((n1.n_name = 'INDIA'::bpchar) AND (n2.n_name = 'JAPAN'::bpchar)))", "Plans": [{"Node Type": "Index Scan", "Parent Relationship": "Outer", "Scan Direction": "Forward", "Index Name": "nation_pkey", "Relation Name": "nation", "Alias": "n1", "Startup Cost": 0.0, "Total Cost": 12.75, "Plan Rows": 25, "Plan Width": 30, "Filter": "((n_name = 'JAPAN'::bpchar) OR (n_name = 'INDIA'::bpchar))"}, {"Node Type": "Materialize", "Parent Relationship": "Inner", "Startup Cost": 0.0, "Total Cost": 1.38, "Plan Rows": 25, "Plan Width": 30, "Plans": [{"Node Type": "Seq Scan", "Parent Relationship": "Outer", "Relation Name": "nation", "Alias": "n2", "Startup Cost": 0.0, "Total Cost": 1.25, "Plan Rows": 25, "Plan Width": 30, "Filter": "((n_name = 'INDIA'::bpchar) OR (n_name = 'JAPAN'::bpchar))"}]}]}, {"Node Type": "Bitmap Heap Scan", "Parent Relationship": "Inner", "Relation Name": "customer", "Alias": "customer", "Startup Cost": 1030.37, "Total Cost": 6832.48, "Plan Rows": 60000, "Plan Width": 12, "Recheck Cond": "(c_nationkey = n2.n_nationkey)", "Plans": [{"Node Type": "Bitmap Index Scan", "Parent Relationship": "Outer", "Index Name": "idx_customer_nationkey", "Startup Cost": 0.0, "Total Cost": 1015.37, "Plan Rows": 60000, "Plan Width": 0, "Index Cond": "(c_nationkey = n2.n_nationkey)"}]}]}, {"Node Type": "Index Scan", "Parent Relationship": "Inner", "Scan Direction": "Forward", "Index Name": "idx_orders_custkey", "Relation Name": "orders", "Alias": "orders", "Startup Cost": 0.0, "Total Cost": 1.22, "Plan Rows": 4, "Plan Width": 16, "Index Cond": "(o_custkey = customer.c_custkey)"}]}, {"Node Type": "Index Scan", "Parent Relationship": "Inner", "Scan Direction": "Forward", "Index Name": "idx_lineitem_orderkey", "Relation Name": "lineitem", "Alias": "lineitem", "Startup Cost": 0.0, "Total Cost": 0.91, "Plan Rows": 3, "Plan Width": 40, "Index Cond": "(l_orderkey = orders.o_orderkey)", "Filter": "((l_shipdate >= '1995-01-01 00:00:00'::timestamp(0) without time zone) AND (l_shipdate <= '1996-12-31 00:00:00'::timestamp(0) without time zone))"}]}, {"Node Type": "Hash", "Parent Relationship": "Inner", "Startup Cost": 3283.0, "Total Cost": 3283.0, "Plan Rows": 100000, "Plan Width": 12, "Plans": [{"Node Type": "Seq Scan", "Parent Relationship": "Outer", "Relation Name": "supplier", "Alias": "supplier", "Startup Cost": 0.0, "Total Cost": 3283.0, "Plan Rows": 100000, "Plan Width": 12}]}]}]}]}, "Unique SQL Id": 2208782157, "Planner Runtime": 5}, "explain_analyze_plan": {"Plan": {"Node Type": "Sort", "Startup Cost": 653440.12, "Total Cost": 653449.34, "Plan Rows": 3688, "Plan Width": 84, "Actual Startup Time": 20103.797, "Actual Total Time": 20103.798, "Actual Rows": 4, "Actual Loops": 1, "Sort Key": ["n1.n_name", "n2.n_name", "(date_part('year'::text, lineitem.l_shipdate))"], "Sort Method": "quicksort", "Sort Space Used": 25, "Sort Space Type": "Memory", "Plans": [{"Node Type": "Aggregate", "Strategy": "Hashed", "Parent Relationship": "Outer", "Startup Cost": 653175.54, "Total Cost": 653221.64, "Plan Rows": 3688, "Plan Width": 84, "Actual Startup Time": 20103.746, "Actual Total Time": 20103.751, "Actual Rows": 4, "Actual Loops": 1, "Group By Key": ["n1.n_name", "n2.n_name", "date_part('year'::text, lineitem.l_shipdate)"], "Plans": [{"Node Type": "Hash Join", "Parent Relationship": "Outer", "Join Type": "Inner", "Startup Cost": 5813.37, "Total Cost": 653120.22, "Plan Rows": 3688, "Plan Width": 76, "Actual Startup Time": 85.042, "Actual Total Time": 19996.393, "Actual Rows": 58554, "Actual Loops": 1, "Inner Unique": true, "Hash Cond": "((lineitem.l_suppkey = supplier.s_suppkey) AND (n1.n_nationkey = supplier.s_nationkey))", "Plans": [{"Node Type": "Nested Loop", "Parent Relationship": "Outer", "Join Type": "Inner", "Startup Cost": 1030.37, "Total Cost": 642753.24, "Plan Rows": 740786, "Plan Width": 88, "Actual Startup Time": 17.925, "Actual Total Time": 19160.504, "Actual Rows": 1459150, "Actual Loops": 1, "Inner Unique": false, "Plans": [{"Node Type": "Nested Loop", "Parent Relationship": "Outer", "Join Type": "Inner", "Startup Cost": 1030.37, "Total Cost": 166015.61, "Plan Rows": 504972, "Plan Width": 64, "Actual Startup Time": 17.854, "Actual Total Time": 4038.633, "Actual Rows": 1200363, "Actual Loops": 1, "Inner Unique": false, "Plans": [{"Node Type": "Nested Loop", "Parent Relationship": "Outer", "Join Type": "Inner", "Startup Cost": 1030.37, "Total Cost": 14893.09, "Plan Rows": 119904, "Plan Width": 64, "Actual Startup Time": 17.831, "Actual Total Time": 288.377, "Actual Rows": 119972, "Actual Loops": 1, "Inner Unique": false, "Plans": [{"Node Type": "Nested Loop", "Parent Relationship": "Outer", "Join Type": "Inner", "Startup Cost": 0.0, "Total Cost": 28.12, "Plan Rows": 2, "Plan Width": 60, "Actual Startup Time": 0.065, "Actual Total Time": 0.193, "Actual Rows": 2, "Actual Loops": 1, "Inner Unique": false, "Join Filter": "(((n1.n_name = 'JAPAN'::bpchar) AND (n2.n_name = 'INDIA'::bpchar)) OR ((n1.n_name = 'INDIA'::bpchar) AND (n2.n_name = 'JAPAN'::bpchar)))", "Rows Removed by Join Filter": 2, "Plans": [{"Node Type": "Index Scan", "Parent Relationship": "Outer", "Scan Direction": "Forward", "Index Name": "nation_pkey", "Relation Name": "nation", "Alias": "n1", "Startup Cost": 0.0, "Total Cost": 12.75, "Plan Rows": 25, "Plan Width": 30, "Actual Startup Time": 0.027, "Actual Total Time": 0.056, "Actual Rows": 2, "Actual Loops": 1, "Filter": "((n_name = 'JAPAN'::bpchar) OR (n_name = 'INDIA'::bpchar))", "Rows Removed by Filter": 23}, {"Node Type": "Materialize", "Parent Relationship": "Inner", "Startup Cost": 0.0, "Total Cost": 1.38, "Plan Rows": 25, "Plan Width": 30, "Actual Startup Time": 0.029, "Actual Total Time": 0.076, "Actual Rows": 4, "Actual Loops": 2, "Plans": [{"Node Type": "Seq Scan", "Parent Relationship": "Outer", "Relation Name": "nation", "Alias": "n2", "Startup Cost": 0.0, "Total Cost": 1.25, "Plan Rows": 25, "Plan Width": 30, "Actual Startup Time": 0.019, "Actual Total Time": 0.04, "Actual Rows": 2, "Actual Loops": 1, "Filter": "((n_name = 'INDIA'::bpchar) OR (n_name = 'JAPAN'::bpchar))", "Rows Removed by Filter": 23}]}]}, {"Node Type": "Bitmap Heap Scan", "Parent Relationship": "Inner", "Relation Name": "customer", "Alias": "customer", "Startup Cost": 1030.37, "Total Cost": 6832.48, "Plan Rows": 60000, "Plan Width": 12, "Actual Startup Time": 38.608, "Actual Total Time": 257.954, "Actual Rows": 119972, "Actual Loops": 2, "Recheck Cond": "(c_nationkey = n2.n_nationkey)", "Rows Removed by Index Recheck": 0, "Exact Heap Blocks": 59938, "Lossy Heap Blocks": 59938, "Plans": [{"Node Type": "Bitmap Index Scan", "Parent Relationship": "Outer", "Index Name": "idx_customer_nationkey", "Startup Cost": 0.0, "Total Cost": 1015.37, "Plan Rows": 60000, "Plan Width": 0, "Actual Startup Time": 25.078, "Actual Total Time": 25.078, "Actual Rows": 119972, "Actual Loops": 2, "Index Cond": "(c_nationkey = n2.n_nationkey)"}]}]}, {"Node Type": "Index Scan", "Parent Relationship": "Inner", "Scan Direction": "Forward", "Index Name": "idx_orders_custkey", "Relation Name": "orders", "Alias": "orders", "Startup Cost": 0.0, "Total Cost": 1.22, "Plan Rows": 4, "Plan Width": 16, "Actual Startup Time": 739.615, "Actual Total Time": 3408.437, "Actual Rows": 1200363, "Actual Loops": 119972, "Index Cond": "(o_custkey = customer.c_custkey)", "Rows Removed by Index Recheck": 0}]}, {"Node Type": "Index Scan", "Parent Relationship": "Inner", "Scan Direction": "Forward", "Index Name": "idx_lineitem_orderkey", "Relation Name": "lineitem", "Alias": "lineitem", "Startup Cost": 0.0, "Total Cost": 0.91, "Plan Rows": 3, "Plan Width": 40, "Actual Startup Time": 12978.784, "Actual Total Time": 14155.996, "Actual Rows": 1459150, "Actual Loops": 1200363, "Index Cond": "(l_orderkey = orders.o_orderkey)", "Rows Removed by Index Recheck": 0, "Filter": "((l_shipdate >= '1995-01-01 00:00:00'::timestamp(0) without time zone) AND (l_shipdate <= '1996-12-31 00:00:00'::timestamp(0) without time zone))", "Rows Removed by Filter": 3342563}]}, {"Node Type": "Hash", "Parent Relationship": "Inner", "Startup Cost": 3283.0, "Total Cost": 3283.0, "Plan Rows": 100000, "Plan Width": 12, "Actual Startup Time": 66.855, "Actual Total Time": 66.855, "Actual Rows": 100000, "Actual Loops": 1, "Hash Buckets": 131072, "Hash Batches": 1, "Original Hash Batches": 1, "Peak Memory Usage": 4297, "Plans": [{"Node Type": "Seq Scan", "Parent Relationship": "Outer", "Relation Name": "supplier", "Alias": "supplier", "Startup Cost": 0.0, "Total Cost": 3283.0, "Plan Rows": 100000, "Plan Width": 12, "Actual Startup Time": 0.014, "Actual Total Time": 36.293, "Actual Rows": 100000, "Actual Loops": 1}]}]}]}]}, "Triggers": [], "Planner Runtime": 3, "Total Runtime": 20104.174, "Unique SQL Id": 2208782157}}, "(16, 69)": {"explain_plan": {"Plan": {"Node Type": "Sort", "Startup Cost": 655503.17, "Total Cost": 655512.39, "Plan Rows": 3688, "Plan Width": 84, "Sort Key": ["n1.n_name", "n2.n_name", "(date_part('year'::text, lineitem.l_shipdate))"], "Plans": [{"Node Type": "Aggregate", "Strategy": "Hashed", "Parent Relationship": "Outer", "Startup Cost": 655238.58, "Total Cost": 655284.68, "Plan Rows": 3688, "Plan Width": 84, "Group By Key": ["n1.n_name", "n2.n_name", "date_part('year'::text, lineitem.l_shipdate)"], "Plans": [{"Node Type": "Hash Join", "Parent Relationship": "Outer", "Join Type": "Inner", "Startup Cost": 7864.91, "Total Cost": 655183.26, "Plan Rows": 3688, "Plan Width": 76, "Inner Unique": true, "Hash Cond": "((lineitem.l_suppkey = supplier.s_suppkey) AND (n1.n_nationkey = supplier.s_nationkey))", "Plans": [{"Node Type": "Nested Loop", "Parent Relationship": "Outer", "Join Type": "Inner", "Startup Cost": 1030.37, "Total Cost": 642764.74, "Plan Rows": 740786, "Plan Width": 88, "Inner Unique": false, "Plans": [{"Node Type": "Nested Loop", "Parent Relationship": "Outer", "Join Type": "Inner", "Startup Cost": 1030.37, "Total Cost": 166027.11, "Plan Rows": 504972, "Plan Width": 64, "Inner Unique": false, "Plans": [{"Node Type": "Nested Loop", "Parent Relationship": "Outer", "Join Type": "Inner", "Startup Cost": 1030.37, "Total Cost": 14904.59, "Plan Rows": 119904, "Plan Width": 64, "Inner Unique": false, "Plans": [{"Node Type": "Nested Loop", "Parent Relationship": "Outer", "Join Type": "Inner", "Startup Cost": 0.0, "Total Cost": 39.62, "Plan Rows": 2, "Plan Width": 60, "Inner Unique": false, "Join Filter": "(((n1.n_name = 'JAPAN'::bpchar) AND (n2.n_name = 'INDIA'::bpchar)) OR ((n1.n_name = 'INDIA'::bpchar) AND (n2.n_name = 'JAPAN'::bpchar)))", "Plans": [{"Node Type": "Index Scan", "Parent Relationship": "Outer", "Scan Direction": "Forward", "Index Name": "nation_pkey", "Relation Name": "nation", "Alias": "n1", "Startup Cost": 0.0, "Total Cost": 12.75, "Plan Rows": 25, "Plan Width": 30, "Filter": "((n_name = 'JAPAN'::bpchar) OR (n_name = 'INDIA'::bpchar))"}, {"Node Type": "Materialize", "Parent Relationship": "Inner", "Startup Cost": 0.0, "Total Cost": 12.88, "Plan Rows": 25, "Plan Width": 30, "Plans": [{"Node Type": "Index Scan", "Parent Relationship": "Outer", "Scan Direction": "Forward", "Index Name": "nation_pkey", "Relation Name": "nation", "Alias": "n2", "Startup Cost": 0.0, "Total Cost": 12.75, "Plan Rows": 25, "Plan Width": 30, "Filter": "((n_name = 'INDIA'::bpchar) OR (n_name = 'JAPAN'::bpchar))"}]}]}, {"Node Type": "Bitmap Heap Scan", "Parent Relationship": "Inner", "Relation Name": "customer", "Alias": "customer", "Startup Cost": 1030.37, "Total Cost": 6832.48, "Plan Rows": 60000, "Plan Width": 12, "Recheck Cond": "(c_nationkey = n2.n_nationkey)", "Plans": [{"Node Type": "Bitmap Index Scan", "Parent Relationship": "Outer", "Index Name": "idx_customer_nationkey", "Startup Cost": 0.0, "Total Cost": 1015.37, "Plan Rows": 60000, "Plan Width": 0, "Index Cond": "(c_nationkey = n2.n_nationkey)"}]}]}, {"Node Type": "Index Scan", "Parent Relationship": "Inner", "Scan Direction": "Forward", "Index Name": "idx_orders_custkey", "Relation Name": "orders", "Alias": "orders", "Startup Cost": 0.0, "Total Cost": 1.22, "Plan Rows": 4, "Plan Width": 16, "Index Cond": "(o_custkey = customer.c_custkey)"}]}, {"Node Type": "Index Scan", "Parent Relationship": "Inner", "Scan Direction": "Forward", "Index Name": "idx_lineitem_orderkey", "Relation Name": "lineitem", "Alias": "lineitem", "Startup Cost": 0.0, "Total Cost": 0.91, "Plan Rows": 3, "Plan Width": 40, "Index Cond": "(l_orderkey = orders.o_orderkey)", "Filter": "((l_shipdate >= '1995-01-01 00:00:00'::timestamp(0) without time zone) AND (l_shipdate <= '1996-12-31 00:00:00'::timestamp(0) without time zone))"}]}, {"Node Type": "Hash", "Parent Relationship": "Inner", "Startup Cost": 5334.54, "Total Cost": 5334.54, "Plan Rows": 100000, "Plan Width": 12, "Plans": [{"Node Type": "Index Scan", "Parent Relationship": "Outer", "Scan Direction": "Forward", "Index Name": "supplier_pkey", "Relation Name": "supplier", "Alias": "supplier", "Startup Cost": 0.0, "Total Cost": 5334.54, "Plan Rows": 100000, "Plan Width": 12}]}]}]}]}, "Unique SQL Id": 2208782157, "Planner Runtime": 5}, "explain_analyze_plan": {"Plan": {"Node Type": "Sort", "Startup Cost": 655503.17, "Total Cost": 655512.39, "Plan Rows": 3688, "Plan Width": 84, "Actual Startup Time": 20132.714, "Actual Total Time": 20132.714, "Actual Rows": 4, "Actual Loops": 1, "Sort Key": ["n1.n_name", "n2.n_name", "(date_part('year'::text, lineitem.l_shipdate))"], "Sort Method": "quicksort", "Sort Space Used": 25, "Sort Space Type": "Memory", "Plans": [{"Node Type": "Aggregate", "Strategy": "Hashed", "Parent Relationship": "Outer", "Startup Cost": 655238.58, "Total Cost": 655284.68, "Plan Rows": 3688, "Plan Width": 84, "Actual Startup Time": 20132.663, "Actual Total Time": 20132.668, "Actual Rows": 4, "Actual Loops": 1, "Group By Key": ["n1.n_name", "n2.n_name", "date_part('year'::text, lineitem.l_shipdate)"], "Plans": [{"Node Type": "Hash Join", "Parent Relationship": "Outer", "Join Type": "Inner", "Startup Cost": 7864.91, "Total Cost": 655183.26, "Plan Rows": 3688, "Plan Width": 76, "Actual Startup Time": 116.644, "Actual Total Time": 20025.397, "Actual Rows": 58554, "Actual Loops": 1, "Inner Unique": true, "Hash Cond": "((lineitem.l_suppkey = supplier.s_suppkey) AND (n1.n_nationkey = supplier.s_nationkey))", "Plans": [{"Node Type": "Nested Loop", "Parent Relationship": "Outer", "Join Type": "Inner", "Startup Cost": 1030.37, "Total Cost": 642764.74, "Plan Rows": 740786, "Plan Width": 88, "Actual Startup Time": 17.988, "Actual Total Time": 19166.506, "Actual Rows": 1459150, "Actual Loops": 1, "Inner Unique": false, "Plans": [{"Node Type": "Nested Loop", "Parent Relationship": "Outer", "Join Type": "Inner", "Startup Cost": 1030.37, "Total Cost": 166027.11, "Plan Rows": 504972, "Plan Width": 64, "Actual Startup Time": 17.916, "Actual Total Time": 4054.291, "Actual Rows": 1200363, "Actual Loops": 1, "Inner Unique": false, "Plans": [{"Node Type": "Nested Loop", "Parent Relationship": "Outer", "Join Type": "Inner", "Startup Cost": 1030.37, "Total Cost": 14904.59, "Plan Rows": 119904, "Plan Width": 64, "Actual Startup Time": 17.889, "Actual Total Time": 280.841, "Actual Rows": 119972, "Actual Loops": 1, "Inner Unique": false, "Plans": [{"Node Type": "Nested Loop", "Parent Relationship": "Outer", "Join Type": "Inner", "Startup Cost": 0.0, "Total Cost": 39.62, "Plan Rows": 2, "Plan Width": 60, "Actual Startup Time": 0.058, "Actual Total Time": 0.227, "Actual Rows": 2, "Actual Loops": 1, "Inner Unique": false, "Join Filter": "(((n1.n_name = 'JAPAN'::bpchar) AND (n2.n_name = 'INDIA'::bpchar)) OR ((n1.n_name = 'INDIA'::bpchar) AND (n2.n_name = 'JAPAN'::bpchar)))", "Rows Removed by Join Filter": 2, "Plans": [{"Node Type": "Index Scan", "Parent Relationship": "Outer", "Scan Direction": "Forward", "Index Name": "nation_pkey", "Relation Name": "nation", "Alias": "n1", "Startup Cost": 0.0, "Total Cost": 12.75, "Plan Rows": 25, "Plan Width": 30, "Actual Startup Time": 0.027, "Actual Total Time": 0.065, "Actual Rows": 2, "Actual Loops": 1, "Filter": "((n_name = 'JAPAN'::bpchar) OR (n_name = 'INDIA'::bpchar))", "Rows Removed by Filter": 23}, {"Node Type": "Materialize", "Parent Relationship": "Inner", "Startup Cost": 0.0, "Total Cost": 12.88, "Plan Rows": 25, "Plan Width": 30, "Actual Startup Time": 0.021, "Actual Total Time": 0.11, "Actual Rows": 4, "Actual Loops": 2, "Plans": [{"Node Type": "Index Scan", "Parent Relationship": "Outer", "Scan Direction": "Forward", "Index Name": "nation_pkey", "Relation Name": "nation", "Alias": "n2", "Startup Cost": 0.0, "Total Cost": 12.75, "Plan Rows": 25, "Plan Width": 30, "Actual Startup Time": 0.011, "Actual Total Time": 0.029, "Actual Rows": 2, "Actual Loops": 1, "Filter": "((n_name = 'INDIA'::bpchar) OR (n_name = 'JAPAN'::bpchar))", "Rows Removed by Filter": 23}]}]}, {"Node Type": "Bitmap Heap Scan", "Parent Relationship": "Inner", "Relation Name": "customer", "Alias": "customer", "Startup Cost": 1030.37, "Total Cost": 6832.48, "Plan Rows": 60000, "Plan Width": 12, "Actual Startup Time": 35.683, "Actual Total Time": 251.285, "Actual Rows": 119972, "Actual Loops": 2, "Recheck Cond": "(c_nationkey = n2.n_nationkey)", "Rows Removed by Index Recheck": 0, "Exact Heap Blocks": 59938, "Lossy Heap Blocks": 59938, "Plans": [{"Node Type": "Bitmap Index Scan", "Parent Relationship": "Outer", "Index Name": "idx_customer_nationkey", "Startup Cost": 0.0, "Total Cost": 1015.37, "Plan Rows": 60000, "Plan Width": 0, "Actual Startup Time": 22.441, "Actual Total Time": 22.441, "Actual Rows": 119972, "Actual Loops": 2, "Index Cond": "(c_nationkey = n2.n_nationkey)"}]}]}, {"Node Type": "Index Scan", "Parent Relationship": "Inner", "Scan Direction": "Forward", "Index Name": "idx_orders_custkey", "Relation Name": "orders", "Alias": "orders", "Startup Cost": 0.0, "Total Cost": 1.22, "Plan Rows": 4, "Plan Width": 16, "Actual Startup Time": 739.24, "Actual Total Time": 3431.971, "Actual Rows": 1200363, "Actual Loops": 119972, "Index Cond": "(o_custkey = customer.c_custkey)", "Rows Removed by Index Recheck": 0}]}, {"Node Type": "Index Scan", "Parent Relationship": "Inner", "Scan Direction": "Forward", "Index Name": "idx_lineitem_orderkey", "Relation Name": "lineitem", "Alias": "lineitem", "Startup Cost": 0.0, "Total Cost": 0.91, "Plan Rows": 3, "Plan Width": 40, "Actual Startup Time": 12976.455, "Actual Total Time": 14145.662, "Actual Rows": 1459150, "Actual Loops": 1200363, "Index Cond": "(l_orderkey = orders.o_orderkey)", "Rows Removed by Index Recheck": 0, "Filter": "((l_shipdate >= '1995-01-01 00:00:00'::timestamp(0) without time zone) AND (l_shipdate <= '1996-12-31 00:00:00'::timestamp(0) without time zone))", "Rows Removed by Filter": 3342563}]}, {"Node Type": "Hash", "Parent Relationship": "Inner", "Startup Cost": 5334.54, "Total Cost": 5334.54, "Plan Rows": 100000, "Plan Width": 12, "Actual Startup Time": 98.387, "Actual Total Time": 98.387, "Actual Rows": 100000, "Actual Loops": 1, "Hash Buckets": 131072, "Hash Batches": 1, "Original Hash Batches": 1, "Peak Memory Usage": 4297, "Plans": [{"Node Type": "Index Scan", "Parent Relationship": "Outer", "Scan Direction": "Forward", "Index Name": "supplier_pkey", "Relation Name": "supplier", "Alias": "supplier", "Startup Cost": 0.0, "Total Cost": 5334.54, "Plan Rows": 100000, "Plan Width": 12, "Actual Startup Time": 0.023, "Actual Total Time": 65.883, "Actual Rows": 100000, "Actual Loops": 1}]}]}]}]}, "Triggers": [], "Planner Runtime": 3, "Total Runtime": 20133.041, "Unique SQL Id": 2208782157}}, "(16, 70)": {"explain_plan": {"Plan": {"Node Type": "Sort", "Startup Cost": 2821200.81, "Total Cost": 2821210.03, "Plan Rows": 3688, "Plan Width": 84, "Sort Key": ["n1.n_name", "n2.n_name", "(date_part('year'::text, lineitem.l_shipdate))"], "Plans": [{"Node Type": "Aggregate", "Strategy": "Hashed", "Parent Relationship": "Outer", "Startup Cost": 2820936.22, "Total Cost": 2820982.32, "Plan Rows": 3688, "Plan Width": 84, "Group By Key": ["n1.n_name", "n2.n_name", "date_part('year'::text, lineitem.l_shipdate)"], "Plans": [{"Node Type": "Hash Join", "Parent Relationship": "Outer", "Join Type": "Inner", "Startup Cost": 21163.77, "Total Cost": 2820880.9, "Plan Rows": 3688, "Plan Width": 76, "Inner Unique": true, "Hash Cond": "((lineitem.l_suppkey = supplier.s_suppkey) AND (n1.n_nationkey = supplier.s_nationkey))", "Plans": [{"Node Type": "Nested Loop", "Parent Relationship": "Outer", "Join Type": "Inner", "Startup Cost": 16380.77, "Total Cost": 2810513.92, "Plan Rows": 740786, "Plan Width": 88, "Inner Unique": false, "Plans": [{"Node Type": "Hash Join", "Parent Relationship": "Outer", "Join Type": "Inner", "Startup Cost": 16380.39, "Total Cost": 504091.94, "Plan Rows": 504972, "Plan Width": 64, "Inner Unique": false, "Hash Cond": "(orders.o_custkey = customer.c_custkey), (LLVM Optimized)", "Plans": [{"Node Type": "Seq Scan", "Parent Relationship": "Outer", "Relation Name": "orders", "Alias": "orders", "Startup Cost": 0.0, "Total Cost": 426413.79, "Plan Rows": 14999479, "Plan Width": 16}, {"Node Type": "Hash", "Parent Relationship": "Inner", "Startup Cost": 14881.59, "Total Cost": 14881.59, "Plan Rows": 119904, "Plan Width": 64, "Plans": [{"Node Type": "Nested Loop", "Parent Relationship": "Outer", "Join Type": "Inner", "Startup Cost": 1030.37, "Total Cost": 14881.59, "Plan Rows": 119904, "Plan Width": 64, "Inner Unique": false, "Plans": [{"Node Type": "Nested Loop", "Parent Relationship": "Outer", "Join Type": "Inner", "Startup Cost": 0.0, "Total Cost": 16.62, "Plan Rows": 2, "Plan Width": 60, "Inner Unique": false, "Join Filter": "(((n1.n_name = 'JAPAN'::bpchar) AND (n2.n_name = 'INDIA'::bpchar)) OR ((n1.n_name = 'INDIA'::bpchar) AND (n2.n_name = 'JAPAN'::bpchar)))", "Plans": [{"Node Type": "Seq Scan", "Parent Relationship": "Outer", "Relation Name": "nation", "Alias": "n1", "Startup Cost": 0.0, "Total Cost": 1.25, "Plan Rows": 25, "Plan Width": 30, "Filter": "((n_name = 'JAPAN'::bpchar) OR (n_name = 'INDIA'::bpchar))"}, {"Node Type": "Materialize", "Parent Relationship": "Inner", "Startup Cost": 0.0, "Total Cost": 1.38, "Plan Rows": 25, "Plan Width": 30, "Plans": [{"Node Type": "Seq Scan", "Parent Relationship": "Outer", "Relation Name": "nation", "Alias": "n2", "Startup Cost": 0.0, "Total Cost": 1.25, "Plan Rows": 25, "Plan Width": 30, "Filter": "((n_name = 'INDIA'::bpchar) OR (n_name = 'JAPAN'::bpchar))"}]}]}, {"Node Type": "Bitmap Heap Scan", "Parent Relationship": "Inner", "Relation Name": "customer", "Alias": "customer", "Startup Cost": 1030.37, "Total Cost": 6832.48, "Plan Rows": 60000, "Plan Width": 12, "Recheck Cond": "(c_nationkey = n2.n_nationkey)", "Plans": [{"Node Type": "Bitmap Index Scan", "Parent Relationship": "Outer", "Index Name": "idx_customer_nationkey", "Startup Cost": 0.0, "Total Cost": 1015.37, "Plan Rows": 60000, "Plan Width": 0, "Index Cond": "(c_nationkey = n2.n_nationkey)"}]}]}]}]}, {"Node Type": "Bitmap Heap Scan", "Parent Relationship": "Inner", "Relation Name": "lineitem", "Alias": "lineitem", "Startup Cost": 0.38, "Total Cost": 4.54, "Plan Rows": 3, "Plan Width": 40, "Recheck Cond": "(l_orderkey = orders.o_orderkey)", "Filter": "((l_shipdate >= '1995-01-01 00:00:00'::timestamp(0) without time zone) AND (l_shipdate <= '1996-12-31 00:00:00'::timestamp(0) without time zone))", "Plans": [{"Node Type": "Bitmap Index Scan", "Parent Relationship": "Outer", "Index Name": "idx_lineitem_orderkey", "Startup Cost": 0.0, "Total Cost": 0.38, "Plan Rows": 9, "Plan Width": 0, "Index Cond": "(l_orderkey = orders.o_orderkey)"}]}]}, {"Node Type": "Hash", "Parent Relationship": "Inner", "Startup Cost": 3283.0, "Total Cost": 3283.0, "Plan Rows": 100000, "Plan Width": 12, "Plans": [{"Node Type": "Seq Scan", "Parent Relationship": "Outer", "Relation Name": "supplier", "Alias": "supplier", "Startup Cost": 0.0, "Total Cost": 3283.0, "Plan Rows": 100000, "Plan Width": 12}]}]}]}]}, "Unique SQL Id": 2208782157, "Planner Runtime": 5}, "explain_analyze_plan": {"Plan": {"Node Type": "Sort", "Startup Cost": 2821200.81, "Total Cost": 2821210.03, "Plan Rows": 3688, "Plan Width": 84, "Actual Startup Time": 23607.962, "Actual Total Time": 23607.963, "Actual Rows": 4, "Actual Loops": 1, "Sort Key": ["n1.n_name", "n2.n_name", "(date_part('year'::text, lineitem.l_shipdate))"], "Sort Method": "quicksort", "Sort Space Used": 25, "Sort Space Type": "Memory", "Plans": [{"Node Type": "Aggregate", "Strategy": "Hashed", "Parent Relationship": "Outer", "Startup Cost": 2820936.22, "Total Cost": 2820982.32, "Plan Rows": 3688, "Plan Width": 84, "Actual Startup Time": 23607.866, "Actual Total Time": 23607.88, "Actual Rows": 4, "Actual Loops": 1, "Group By Key": ["n1.n_name", "n2.n_name", "date_part('year'::text, lineitem.l_shipdate)"], "Plans": [{"Node Type": "Hash Join", "Parent Relationship": "Outer", "Join Type": "Inner", "Startup Cost": 21163.77, "Total Cost": 2820880.9, "Plan Rows": 3688, "Plan Width": 76, "Actual Startup Time": 353.167, "Actual Total Time": 23499.575, "Actual Rows": 58554, "Actual Loops": 1, "Inner Unique": true, "Hash Cond": "((lineitem.l_suppkey = supplier.s_suppkey) AND (n1.n_nationkey = supplier.s_nationkey))", "Plans": [{"Node Type": "Nested Loop", "Parent Relationship": "Outer", "Join Type": "Inner", "Startup Cost": 16380.77, "Total Cost": 2810513.92, "Plan Rows": 740786, "Plan Width": 88, "Actual Startup Time": 285.55, "Actual Total Time": 22703.999, "Actual Rows": 1459150, "Actual Loops": 1, "Inner Unique": false, "Plans": [{"Node Type": "Hash Join", "Parent Relationship": "Outer", "Join Type": "Inner", "Startup Cost": 16380.39, "Total Cost": 504091.94, "Plan Rows": 504972, "Plan Width": 64, "Actual Startup Time": 285.449, "Actual Total Time": 9906.38, "Actual Rows": 1200363, "Actual Loops": 1, "Inner Unique": false, "Hash Cond": "(orders.o_custkey = customer.c_custkey), (LLVM Optimized, Jit Execute)", "Plans": [{"Node Type": "Seq Scan", "Parent Relationship": "Outer", "Relation Name": "orders", "Alias": "orders", "Startup Cost": 0.0, "Total Cost": 426413.79, "Plan Rows": 14999479, "Plan Width": 16, "Actual Startup Time": 0.013, "Actual Total Time": 4134.458, "Actual Rows": 15000000, "Actual Loops": 1}, {"Node Type": "Hash", "Parent Relationship": "Inner", "Startup Cost": 14881.59, "Total Cost": 14881.59, "Plan Rows": 119904, "Plan Width": 64, "Actual Startup Time": 285.288, "Actual Total Time": 285.288, "Actual Rows": 119972, "Actual Loops": 1, "Hash Buckets": 131072, "Hash Batches": 1, "Original Hash Batches": 1, "Peak Memory Usage": 11248, "Plans": [{"Node Type": "Nested Loop", "Parent Relationship": "Outer", "Join Type": "Inner", "Startup Cost": 1030.37, "Total Cost": 14881.59, "Plan Rows": 119904, "Plan Width": 64, "Actual Startup Time": 18.131, "Actual Total Time": 241.628, "Actual Rows": 119972, "Actual Loops": 1, "Inner Unique": false, "Plans": [{"Node Type": "Nested Loop", "Parent Relationship": "Outer", "Join Type": "Inner", "Startup Cost": 0.0, "Total Cost": 16.62, "Plan Rows": 2, "Plan Width": 60, "Actual Startup Time": 0.082, "Actual Total Time": 0.174, "Actual Rows": 2, "Actual Loops": 1, "Inner Unique": false, "Join Filter": "(((n1.n_name = 'JAPAN'::bpchar) AND (n2.n_name = 'INDIA'::bpchar)) OR ((n1.n_name = 'INDIA'::bpchar) AND (n2.n_name = 'JAPAN'::bpchar)))", "Rows Removed by Join Filter": 2, "Plans": [{"Node Type": "Seq Scan", "Parent Relationship": "Outer", "Relation Name": "nation", "Alias": "n1", "Startup Cost": 0.0, "Total Cost": 1.25, "Plan Rows": 25, "Plan Width": 30, "Actual Startup Time": 0.047, "Actual Total Time": 0.067, "Actual Rows": 2, "Actual Loops": 1, "Filter": "((n_name = 'JAPAN'::bpchar) OR (n_name = 'INDIA'::bpchar))", "Rows Removed by Filter": 23}, {"Node Type": "Materialize", "Parent Relationship": "Inner", "Startup Cost": 0.0, "Total Cost": 1.38, "Plan Rows": 25, "Plan Width": 30, "Actual Startup Time": 0.023, "Actual Total Time": 0.051, "Actual Rows": 4, "Actual Loops": 2, "Plans": [{"Node Type": "Seq Scan", "Parent Relationship": "Outer", "Relation Name": "nation", "Alias": "n2", "Startup Cost": 0.0, "Total Cost": 1.25, "Plan Rows": 25, "Plan Width": 30, "Actual Startup Time": 0.016, "Actual Total Time": 0.04, "Actual Rows": 2, "Actual Loops": 1, "Filter": "((n_name = 'INDIA'::bpchar) OR (n_name = 'JAPAN'::bpchar))", "Rows Removed by Filter": 23}]}]}, {"Node Type": "Bitmap Heap Scan", "Parent Relationship": "Inner", "Relation Name": "customer", "Alias": "customer", "Startup Cost": 1030.37, "Total Cost": 6832.48, "Plan Rows": 60000, "Plan Width": 12, "Actual Startup Time": 36.446, "Actual Total Time": 216.825, "Actual Rows": 119972, "Actual Loops": 2, "Recheck Cond": "(c_nationkey = n2.n_nationkey)", "Rows Removed by Index Recheck": 0, "Exact Heap Blocks": 59938, "Lossy Heap Blocks": 59938, "Plans": [{"Node Type": "Bitmap Index Scan", "Parent Relationship": "Outer", "Index Name": "idx_customer_nationkey", "Startup Cost": 0.0, "Total Cost": 1015.37, "Plan Rows": 60000, "Plan Width": 0, "Actual Startup Time": 23.277, "Actual Total Time": 23.277, "Actual Rows": 119972, "Actual Loops": 2, "Index Cond": "(c_nationkey = n2.n_nationkey)"}]}]}]}]}, {"Node Type": "Bitmap Heap Scan", "Parent Relationship": "Inner", "Relation Name": "lineitem", "Alias": "lineitem", "Startup Cost": 0.38, "Total Cost": 4.54, "Plan Rows": 3, "Plan Width": 40, "Actual Startup Time": 10439.608, "Actual Total Time": 11048.52, "Actual Rows": 1459150, "Actual Loops": 1200363, "Recheck Cond": "(l_orderkey = orders.o_orderkey)", "Rows Removed by Index Recheck": 0, "Filter": "((l_shipdate >= '1995-01-01 00:00:00'::timestamp(0) without time zone) AND (l_shipdate <= '1996-12-31 00:00:00'::timestamp(0) without time zone))", "Rows Removed by Filter": 3342563, "Exact Heap Blocks": 1285989, "Lossy Heap Blocks": 1285989, "Plans": [{"Node Type": "Bitmap Index Scan", "Parent Relationship": "Outer", "Index Name": "idx_lineitem_orderkey", "Startup Cost": 0.0, "Total Cost": 0.38, "Plan Rows": 9, "Plan Width": 0, "Actual Startup Time": 4962.424, "Actual Total Time": 4962.424, "Actual Rows": 4801713, "Actual Loops": 1200363, "Index Cond": "(l_orderkey = orders.o_orderkey)"}]}]}, {"Node Type": "Hash", "Parent Relationship": "Inner", "Startup Cost": 3283.0, "Total Cost": 3283.0, "Plan Rows": 100000, "Plan Width": 12, "Actual Startup Time": 67.261, "Actual Total Time": 67.261, "Actual Rows": 100000, "Actual Loops": 1, "Hash Buckets": 131072, "Hash Batches": 1, "Original Hash Batches": 1, "Peak Memory Usage": 4297, "Plans": [{"Node Type": "Seq Scan", "Parent Relationship": "Outer", "Relation Name": "supplier", "Alias": "supplier", "Startup Cost": 0.0, "Total Cost": 3283.0, "Plan Rows": 100000, "Plan Width": 12, "Actual Startup Time": 0.024, "Actual Total Time": 36.756, "Actual Rows": 100000, "Actual Loops": 1}]}]}]}]}, "Triggers": [], "Planner Runtime": 3, "Total Runtime": 23616.792, "Unique SQL Id": 2208782157}}, "(16, 71)": {"explain_plan": {"Plan": {"Node Type": "Sort", "Startup Cost": 99673674.43, "Total Cost": 99673683.65, "Plan Rows": 3688, "Plan Width": 84, "Sort Key": ["n1.n_name", "n2.n_name", "(date_part('year'::text, lineitem.l_shipdate))"], "Plans": [{"Node Type": "Aggregate", "Strategy": "Hashed", "Parent Relationship": "Outer", "Startup Cost": 99673409.84, "Total Cost": 99673455.94, "Plan Rows": 3688, "Plan Width": 84, "Group By Key": ["n1.n_name", "n2.n_name", "date_part('year'::text, lineitem.l_shipdate)"], "Plans": [{"Node Type": "Nested Loop", "Parent Relationship": "Outer", "Join Type": "Inner", "Startup Cost": 627986.71, "Total Cost": 99673354.52, "Plan Rows": 3688, "Plan Width": 76, "Inner Unique": true, "Join Filter": "(((n1.n_name = 'JAPAN'::bpchar) AND (n2.n_name = 'INDIA'::bpchar)) OR ((n1.n_name = 'INDIA'::bpchar) AND (n2.n_name = 'JAPAN'::bpchar)))", "Plans": [{"Node Type": "Nested Loop", "Parent Relationship": "Outer", "Join Type": "Inner", "Startup Cost": 627986.45, "Total Cost": 94724471.42, "Plan Rows": 1153515, "Plan Width": 54, "Inner Unique": true, "Plans": [{"Node Type": "Nested Loop", "Parent Relationship": "Outer", "Join Type": "Inner", "Startup Cost": 627986.2, "Total Cost": 89787046.56, "Plan Rows": 1153515, "Plan Width": 32, "Inner Unique": true, "Plans": [{"Node Type": "Nested Loop", "Parent Relationship": "Outer", "Join Type": "Inner", "Startup Cost": 627985.94, "Total Cost": 84848088.55, "Plan Rows": 1153515, "Plan Width": 36, "Inner Unique": true, "Plans": [{"Node Type": "Nested Loop", "Parent Relationship": "Outer", "Join Type": "Inner", "Startup Cost": 627985.67, "Total Cost": 79896146.0, "Plan Rows": 1153515, "Plan Width": 36, "Inner Unique": true, "Plans": [{"Node Type": "Bitmap Heap Scan", "Parent Relationship": "Outer", "Relation Name": "lineitem", "Alias": "lineitem", "Startup Cost": 627985.41, "Total Cost": 2315105.27, "Plan Rows": 18124991, "Plan Width": 40, "Recheck Cond": "((l_shipdate >= '1995-01-01 00:00:00'::timestamp(0) without time zone) AND (l_shipdate <= '1996-12-31 00:00:00'::timestamp(0) without time zone)), (LLVM Optimized)", "Plans": [{"Node Type": "Bitmap Index Scan", "Parent Relationship": "Outer", "Index Name": "idx_lineitem_shipdate", "Startup Cost": 0.0, "Total Cost": 623454.16, "Plan Rows": 18124991, "Plan Width": 0, "Index Cond": "((l_shipdate >= '1995-01-01 00:00:00'::timestamp(0) without time zone) AND (l_shipdate <= '1996-12-31 00:00:00'::timestamp(0) without time zone))"}]}, {"Node Type": "Bitmap Heap Scan", "Parent Relationship": "Inner", "Relation Name": "supplier", "Alias": "supplier", "Startup Cost": 0.26, "Total Cost": 4.27, "Plan Rows": 1, "Plan Width": 12, "Recheck Cond": "(s_suppkey = lineitem.l_suppkey)", "Plans": [{"Node Type": "Bitmap Index Scan", "Parent Relationship": "Outer", "Index Name": "supplier_pkey", "Startup Cost": 0.0, "Total Cost": 0.26, "Plan Rows": 1, "Plan Width": 0, "Index Cond": "(s_suppkey = lineitem.l_suppkey)"}]}]}, {"Node Type": "Bitmap Heap Scan", "Parent Relationship": "Inner", "Relation Name": "orders", "Alias": "orders", "Startup Cost": 0.27, "Total Cost": 4.28, "Plan Rows": 1, "Plan Width": 16, "Recheck Cond": "(o_orderkey = lineitem.l_orderkey)", "Plans": [{"Node Type": "Bitmap Index Scan", "Parent Relationship": "Outer", "Index Name": "orders_pkey", "Startup Cost": 0.0, "Total Cost": 0.27, "Plan Rows": 1, "Plan Width": 0, "Index Cond": "(o_orderkey = lineitem.l_orderkey)"}]}]}, {"Node Type": "Bitmap Heap Scan", "Parent Relationship": "Inner", "Relation Name": "customer", "Alias": "customer", "Startup Cost": 0.26, "Total Cost": 4.27, "Plan Rows": 1, "Plan Width": 12, "Recheck Cond": "(c_custkey = orders.o_custkey)", "Plans": [{"Node Type": "Bitmap Index Scan", "Parent Relationship": "Outer", "Index Name": "customer_pkey", "Startup Cost": 0.0, "Total Cost": 0.26, "Plan Rows": 1, "Plan Width": 0, "Index Cond": "(c_custkey = orders.o_custkey)"}]}]}, {"Node Type": "Bitmap Heap Scan", "Parent Relationship": "Inner", "Relation Name": "nation", "Alias": "n1", "Startup Cost": 0.26, "Total Cost": 4.27, "Plan Rows": 1, "Plan Width": 30, "Recheck Cond": "(n_nationkey = supplier.s_nationkey)", "Filter": "((n_name = 'JAPAN'::bpchar) OR (n_name = 'INDIA'::bpchar))", "Plans": [{"Node Type": "Bitmap Index Scan", "Parent Relationship": "Outer", "Index Name": "nation_pkey", "Startup Cost": 0.0, "Total Cost": 0.26, "Plan Rows": 1, "Plan Width": 0, "Index Cond": "(n_nationkey = supplier.s_nationkey)"}]}]}, {"Node Type": "Bitmap Heap Scan", "Parent Relationship": "Inner", "Relation Name": "nation", "Alias": "n2", "Startup Cost": 0.26, "Total Cost": 4.27, "Plan Rows": 1, "Plan Width": 30, "Recheck Cond": "(n_nationkey = customer.c_nationkey)", "Filter": "((n_name = 'INDIA'::bpchar) OR (n_name = 'JAPAN'::bpchar))", "Plans": [{"Node Type": "Bitmap Index Scan", "Parent Relationship": "Outer", "Index Name": "nation_pkey", "Startup Cost": 0.0, "Total Cost": 0.26, "Plan Rows": 1, "Plan Width": 0, "Index Cond": "(n_nationkey = customer.c_nationkey)"}]}]}]}]}, "Unique SQL Id": 2208782157, "Planner Runtime": 3}, "explain_analyze_plan": null}, "(16, 72)": {"explain_plan": {"Plan": {"Node Type": "Sort", "Startup Cost": 655180.01, "Total Cost": 655189.23, "Plan Rows": 3688, "Plan Width": 84, "Sort Key": ["n1.n_name", "n2.n_name", "(date_part('year'::text, lineitem.l_shipdate))"], "Plans": [{"Node Type": "Aggregate", "Strategy": "Hashed", "Parent Relationship": "Outer", "Startup Cost": 654915.42, "Total Cost": 654961.52, "Plan Rows": 3688, "Plan Width": 84, "Group By Key": ["n1.n_name", "n2.n_name", "date_part('year'::text, lineitem.l_shipdate)"], "Plans": [{"Node Type": "Hash Join", "Parent Relationship": "Outer", "Join Type": "Inner", "Startup Cost": 4783.0, "Total Cost": 654860.1, "Plan Rows": 3688, "Plan Width": 76, "Inner Unique": true, "Hash Cond": "((lineitem.l_suppkey = supplier.s_suppkey) AND (n1.n_nationkey = supplier.s_nationkey))", "Plans": [{"Node Type": "Nested Loop", "Parent Relationship": "Outer", "Join Type": "Inner", "Startup Cost": 0.0, "Total Cost": 644493.13, "Plan Rows": 740786, "Plan Width": 88, "Inner Unique": false, "Plans": [{"Node Type": "Nested Loop", "Parent Relationship": "Outer", "Join Type": "Inner", "Startup Cost": 0.0, "Total Cost": 167755.5, "Plan Rows": 504972, "Plan Width": 64, "Inner Unique": false, "Plans": [{"Node Type": "Nested Loop", "Parent Relationship": "Outer", "Join Type": "Inner", "Startup Cost": 0.0, "Total Cost": 16632.98, "Plan Rows": 119904, "Plan Width": 64, "Inner Unique": false, "Plans": [{"Node Type": "Nested Loop", "Parent Relationship": "Outer", "Join Type": "Inner", "Startup Cost": 0.0, "Total Cost": 28.12, "Plan Rows": 2, "Plan Width": 60, "Inner Unique": false, "Join Filter": "(((n1.n_name = 'JAPAN'::bpchar) AND (n2.n_name = 'INDIA'::bpchar)) OR ((n1.n_name = 'INDIA'::bpchar) AND (n2.n_name = 'JAPAN'::bpchar)))", "Plans": [{"Node Type": "Index Scan", "Parent Relationship": "Outer", "Scan Direction": "Forward", "Index Name": "nation_pkey", "Relation Name": "nation", "Alias": "n1", "Startup Cost": 0.0, "Total Cost": 12.75, "Plan Rows": 25, "Plan Width": 30, "Filter": "((n_name = 'JAPAN'::bpchar) OR (n_name = 'INDIA'::bpchar))"}, {"Node Type": "Materialize", "Parent Relationship": "Inner", "Startup Cost": 0.0, "Total Cost": 1.38, "Plan Rows": 25, "Plan Width": 30, "Plans": [{"Node Type": "Seq Scan", "Parent Relationship": "Outer", "Relation Name": "nation", "Alias": "n2", "Startup Cost": 0.0, "Total Cost": 1.25, "Plan Rows": 25, "Plan Width": 30, "Filter": "((n_name = 'INDIA'::bpchar) OR (n_name = 'JAPAN'::bpchar))"}]}]}, {"Node Type": "Index Scan", "Parent Relationship": "Inner", "Scan Direction": "Forward", "Index Name": "idx_customer_nationkey", "Relation Name": "customer", "Alias": "customer", "Startup Cost": 0.0, "Total Cost": 7702.43, "Plan Rows": 60000, "Plan Width": 12, "Index Cond": "(c_nationkey = n2.n_nationkey)"}]}, {"Node Type": "Index Scan", "Parent Relationship": "Inner", "Scan Direction": "Forward", "Index Name": "idx_orders_custkey", "Relation Name": "orders", "Alias": "orders", "Startup Cost": 0.0, "Total Cost": 1.22, "Plan Rows": 4, "Plan Width": 16, "Index Cond": "(o_custkey = customer.c_custkey)"}]}, {"Node Type": "Index Scan", "Parent Relationship": "Inner", "Scan Direction": "Forward", "Index Name": "idx_lineitem_orderkey", "Relation Name": "lineitem", "Alias": "lineitem", "Startup Cost": 0.0, "Total Cost": 0.91, "Plan Rows": 3, "Plan Width": 40, "Index Cond": "(l_orderkey = orders.o_orderkey)", "Filter": "((l_shipdate >= '1995-01-01 00:00:00'::timestamp(0) without time zone) AND (l_shipdate <= '1996-12-31 00:00:00'::timestamp(0) without time zone))"}]}, {"Node Type": "Hash", "Parent Relationship": "Inner", "Startup Cost": 3283.0, "Total Cost": 3283.0, "Plan Rows": 100000, "Plan Width": 12, "Plans": [{"Node Type": "Seq Scan", "Parent Relationship": "Outer", "Relation Name": "supplier", "Alias": "supplier", "Startup Cost": 0.0, "Total Cost": 3283.0, "Plan Rows": 100000, "Plan Width": 12}]}]}]}]}, "Unique SQL Id": 2208782157, "Planner Runtime": 5}, "explain_analyze_plan": {"Plan": {"Node Type": "Sort", "Startup Cost": 655180.01, "Total Cost": 655189.23, "Plan Rows": 3688, "Plan Width": 84, "Actual Startup Time": 20101.862, "Actual Total Time": 20101.863, "Actual Rows": 4, "Actual Loops": 1, "Sort Key": ["n1.n_name", "n2.n_name", "(date_part('year'::text, lineitem.l_shipdate))"], "Sort Method": "quicksort", "Sort Space Used": 25, "Sort Space Type": "Memory", "Plans": [{"Node Type": "Aggregate", "Strategy": "Hashed", "Parent Relationship": "Outer", "Startup Cost": 654915.42, "Total Cost": 654961.52, "Plan Rows": 3688, "Plan Width": 84, "Actual Startup Time": 20101.806, "Actual Total Time": 20101.811, "Actual Rows": 4, "Actual Loops": 1, "Group By Key": ["n1.n_name", "n2.n_name", "date_part('year'::text, lineitem.l_shipdate)"], "Plans": [{"Node Type": "Hash Join", "Parent Relationship": "Outer", "Join Type": "Inner", "Startup Cost": 4783.0, "Total Cost": 654860.1, "Plan Rows": 3688, "Plan Width": 76, "Actual Startup Time": 66.908, "Actual Total Time": 19998.057, "Actual Rows": 58554, "Actual Loops": 1, "Inner Unique": true, "Hash Cond": "((lineitem.l_suppkey = supplier.s_suppkey) AND (n1.n_nationkey = supplier.s_nationkey))", "Plans": [{"Node Type": "Nested Loop", "Parent Relationship": "Outer", "Join Type": "Inner", "Startup Cost": 0.0, "Total Cost": 644493.13, "Plan Rows": 740786, "Plan Width": 88, "Actual Startup Time": 0.174, "Actual Total Time": 19197.586, "Actual Rows": 1459150, "Actual Loops": 1, "Inner Unique": false, "Plans": [{"Node Type": "Nested Loop", "Parent Relationship": "Outer", "Join Type": "Inner", "Startup Cost": 0.0, "Total Cost": 167755.5, "Plan Rows": 504972, "Plan Width": 64, "Actual Startup Time": 0.116, "Actual Total Time": 3906.95, "Actual Rows": 1200363, "Actual Loops": 1, "Inner Unique": false, "Plans": [{"Node Type": "Nested Loop", "Parent Relationship": "Outer", "Join Type": "Inner", "Startup Cost": 0.0, "Total Cost": 16632.98, "Plan Rows": 119904, "Plan Width": 64, "Actual Startup Time": 0.105, "Actual Total Time": 217.394, "Actual Rows": 119972, "Actual Loops": 1, "Inner Unique": false, "Plans": [{"Node Type": "Nested Loop", "Parent Relationship": "Outer", "Join Type": "Inner", "Startup Cost": 0.0, "Total Cost": 28.12, "Plan Rows": 2, "Plan Width": 60, "Actual Startup Time": 0.071, "Actual Total Time": 0.282, "Actual Rows": 2, "Actual Loops": 1, "Inner Unique": false, "Join Filter": "(((n1.n_name = 'JAPAN'::bpchar) AND (n2.n_name = 'INDIA'::bpchar)) OR ((n1.n_name = 'INDIA'::bpchar) AND (n2.n_name = 'JAPAN'::bpchar)))", "Rows Removed by Join Filter": 2, "Plans": [{"Node Type": "Index Scan", "Parent Relationship": "Outer", "Scan Direction": "Forward", "Index Name": "nation_pkey", "Relation Name": "nation", "Alias": "n1", "Startup Cost": 0.0, "Total Cost": 12.75, "Plan Rows": 25, "Plan Width": 30, "Actual Startup Time": 0.03, "Actual Total Time": 0.075, "Actual Rows": 2, "Actual Loops": 1, "Filter": "((n_name = 'JAPAN'::bpchar) OR (n_name = 'INDIA'::bpchar))", "Rows Removed by Filter": 23}, {"Node Type": "Materialize", "Parent Relationship": "Inner", "Startup Cost": 0.0, "Total Cost": 1.38, "Plan Rows": 25, "Plan Width": 30, "Actual Startup Time": 0.031, "Actual Total Time": 0.128, "Actual Rows": 4, "Actual Loops": 2, "Plans": [{"Node Type": "Seq Scan", "Parent Relationship": "Outer", "Relation Name": "nation", "Alias": "n2", "Startup Cost": 0.0, "Total Cost": 1.25, "Plan Rows": 25, "Plan Width": 30, "Actual Startup Time": 0.02, "Actual Total Time": 0.039, "Actual Rows": 2, "Actual Loops": 1, "Filter": "((n_name = 'INDIA'::bpchar) OR (n_name = 'JAPAN'::bpchar))", "Rows Removed by Filter": 23}]}]}, {"Node Type": "Index Scan", "Parent Relationship": "Inner", "Scan Direction": "Forward", "Index Name": "idx_customer_nationkey", "Relation Name": "customer", "Alias": "customer", "Startup Cost": 0.0, "Total Cost": 7702.43, "Plan Rows": 60000, "Plan Width": 12, "Actual Startup Time": 0.051, "Actual Total Time": 183.595, "Actual Rows": 119972, "Actual Loops": 2, "Index Cond": "(c_nationkey = n2.n_nationkey)", "Rows Removed by Index Recheck": 0}]}, {"Node Type": "Index Scan", "Parent Relationship": "Inner", "Scan Direction": "Forward", "Index Name": "idx_orders_custkey", "Relation Name": "orders", "Alias": "orders", "Startup Cost": 0.0, "Total Cost": 1.22, "Plan Rows": 4, "Plan Width": 16, "Actual Startup Time": 734.9, "Actual Total Time": 3349.479, "Actual Rows": 1200363, "Actual Loops": 119972, "Index Cond": "(o_custkey = customer.c_custkey)", "Rows Removed by Index Recheck": 0}]}, {"Node Type": "Index Scan", "Parent Relationship": "Inner", "Scan Direction": "Forward", "Index Name": "idx_lineitem_orderkey", "Relation Name": "lineitem", "Alias": "lineitem", "Startup Cost": 0.0, "Total Cost": 0.91, "Plan Rows": 3, "Plan Width": 40, "Actual Startup Time": 13114.435, "Actual Total Time": 14307.284, "Actual Rows": 1459150, "Actual Loops": 1200363, "Index Cond": "(l_orderkey = orders.o_orderkey)", "Rows Removed by Index Recheck": 0, "Filter": "((l_shipdate >= '1995-01-01 00:00:00'::timestamp(0) without time zone) AND (l_shipdate <= '1996-12-31 00:00:00'::timestamp(0) without time zone))", "Rows Removed by Filter": 3342563}]}, {"Node Type": "Hash", "Parent Relationship": "Inner", "Startup Cost": 3283.0, "Total Cost": 3283.0, "Plan Rows": 100000, "Plan Width": 12, "Actual Startup Time": 66.467, "Actual Total Time": 66.467, "Actual Rows": 100000, "Actual Loops": 1, "Hash Buckets": 131072, "Hash Batches": 1, "Original Hash Batches": 1, "Peak Memory Usage": 4297, "Plans": [{"Node Type": "Seq Scan", "Parent Relationship": "Outer", "Relation Name": "supplier", "Alias": "supplier", "Startup Cost": 0.0, "Total Cost": 3283.0, "Plan Rows": 100000, "Plan Width": 12, "Actual Startup Time": 0.017, "Actual Total Time": 35.896, "Actual Rows": 100000, "Actual Loops": 1}]}]}]}]}, "Triggers": [], "Planner Runtime": 3, "Total Runtime": 20102.099, "Unique SQL Id": 2208782157}}, "(16, 73)": {"explain_plan": {"Plan": {"Node Type": "Sort", "Startup Cost": 657243.06, "Total Cost": 657252.28, "Plan Rows": 3688, "Plan Width": 84, "Sort Key": ["n1.n_name", "n2.n_name", "(date_part('year'::text, lineitem.l_shipdate))"], "Plans": [{"Node Type": "Aggregate", "Strategy": "Hashed", "Parent Relationship": "Outer", "Startup Cost": 656978.47, "Total Cost": 657024.57, "Plan Rows": 3688, "Plan Width": 84, "Group By Key": ["n1.n_name", "n2.n_name", "date_part('year'::text, lineitem.l_shipdate)"], "Plans": [{"Node Type": "Hash Join", "Parent Relationship": "Outer", "Join Type": "Inner", "Startup Cost": 6834.54, "Total Cost": 656923.15, "Plan Rows": 3688, "Plan Width": 76, "Inner Unique": true, "Hash Cond": "((lineitem.l_suppkey = supplier.s_suppkey) AND (n1.n_nationkey = supplier.s_nationkey))", "Plans": [{"Node Type": "Nested Loop", "Parent Relationship": "Outer", "Join Type": "Inner", "Startup Cost": 0.0, "Total Cost": 644504.63, "Plan Rows": 740786, "Plan Width": 88, "Inner Unique": false, "Plans": [{"Node Type": "Nested Loop", "Parent Relationship": "Outer", "Join Type": "Inner", "Startup Cost": 0.0, "Total Cost": 167767.0, "Plan Rows": 504972, "Plan Width": 64, "Inner Unique": false, "Plans": [{"Node Type": "Nested Loop", "Parent Relationship": "Outer", "Join Type": "Inner", "Startup Cost": 0.0, "Total Cost": 16644.48, "Plan Rows": 119904, "Plan Width": 64, "Inner Unique": false, "Plans": [{"Node Type": "Nested Loop", "Parent Relationship": "Outer", "Join Type": "Inner", "Startup Cost": 0.0, "Total Cost": 39.62, "Plan Rows": 2, "Plan Width": 60, "Inner Unique": false, "Join Filter": "(((n1.n_name = 'JAPAN'::bpchar) AND (n2.n_name = 'INDIA'::bpchar)) OR ((n1.n_name = 'INDIA'::bpchar) AND (n2.n_name = 'JAPAN'::bpchar)))", "Plans": [{"Node Type": "Index Scan", "Parent Relationship": "Outer", "Scan Direction": "Forward", "Index Name": "nation_pkey", "Relation Name": "nation", "Alias": "n1", "Startup Cost": 0.0, "Total Cost": 12.75, "Plan Rows": 25, "Plan Width": 30, "Filter": "((n_name = 'JAPAN'::bpchar) OR (n_name = 'INDIA'::bpchar))"}, {"Node Type": "Materialize", "Parent Relationship": "Inner", "Startup Cost": 0.0, "Total Cost": 12.88, "Plan Rows": 25, "Plan Width": 30, "Plans": [{"Node Type": "Index Scan", "Parent Relationship": "Outer", "Scan Direction": "Forward", "Index Name": "nation_pkey", "Relation Name": "nation", "Alias": "n2", "Startup Cost": 0.0, "Total Cost": 12.75, "Plan Rows": 25, "Plan Width": 30, "Filter": "((n_name = 'INDIA'::bpchar) OR (n_name = 'JAPAN'::bpchar))"}]}]}, {"Node Type": "Index Scan", "Parent Relationship": "Inner", "Scan Direction": "Forward", "Index Name": "idx_customer_nationkey", "Relation Name": "customer", "Alias": "customer", "Startup Cost": 0.0, "Total Cost": 7702.43, "Plan Rows": 60000, "Plan Width": 12, "Index Cond": "(c_nationkey = n2.n_nationkey)"}]}, {"Node Type": "Index Scan", "Parent Relationship": "Inner", "Scan Direction": "Forward", "Index Name": "idx_orders_custkey", "Relation Name": "orders", "Alias": "orders", "Startup Cost": 0.0, "Total Cost": 1.22, "Plan Rows": 4, "Plan Width": 16, "Index Cond": "(o_custkey = customer.c_custkey)"}]}, {"Node Type": "Index Scan", "Parent Relationship": "Inner", "Scan Direction": "Forward", "Index Name": "idx_lineitem_orderkey", "Relation Name": "lineitem", "Alias": "lineitem", "Startup Cost": 0.0, "Total Cost": 0.91, "Plan Rows": 3, "Plan Width": 40, "Index Cond": "(l_orderkey = orders.o_orderkey)", "Filter": "((l_shipdate >= '1995-01-01 00:00:00'::timestamp(0) without time zone) AND (l_shipdate <= '1996-12-31 00:00:00'::timestamp(0) without time zone))"}]}, {"Node Type": "Hash", "Parent Relationship": "Inner", "Startup Cost": 5334.54, "Total Cost": 5334.54, "Plan Rows": 100000, "Plan Width": 12, "Plans": [{"Node Type": "Index Scan", "Parent Relationship": "Outer", "Scan Direction": "Forward", "Index Name": "supplier_pkey", "Relation Name": "supplier", "Alias": "supplier", "Startup Cost": 0.0, "Total Cost": 5334.54, "Plan Rows": 100000, "Plan Width": 12}]}]}]}]}, "Unique SQL Id": 2208782157, "Planner Runtime": 4}, "explain_analyze_plan": {"Plan": {"Node Type": "Sort", "Startup Cost": 657243.06, "Total Cost": 657252.28, "Plan Rows": 3688, "Plan Width": 84, "Actual Startup Time": 20192.933, "Actual Total Time": 20192.934, "Actual Rows": 4, "Actual Loops": 1, "Sort Key": ["n1.n_name", "n2.n_name", "(date_part('year'::text, lineitem.l_shipdate))"], "Sort Method": "quicksort", "Sort Space Used": 25, "Sort Space Type": "Memory", "Plans": [{"Node Type": "Aggregate", "Strategy": "Hashed", "Parent Relationship": "Outer", "Startup Cost": 656978.47, "Total Cost": 657024.57, "Plan Rows": 3688, "Plan Width": 84, "Actual Startup Time": 20192.889, "Actual Total Time": 20192.895, "Actual Rows": 4, "Actual Loops": 1, "Group By Key": ["n1.n_name", "n2.n_name", "date_part('year'::text, lineitem.l_shipdate)"], "Plans": [{"Node Type": "Hash Join", "Parent Relationship": "Outer", "Join Type": "Inner", "Startup Cost": 6834.54, "Total Cost": 656923.15, "Plan Rows": 3688, "Plan Width": 76, "Actual Startup Time": 98.367, "Actual Total Time": 20087.363, "Actual Rows": 58554, "Actual Loops": 1, "Inner Unique": true, "Hash Cond": "((lineitem.l_suppkey = supplier.s_suppkey) AND (n1.n_nationkey = supplier.s_nationkey))", "Plans": [{"Node Type": "Nested Loop", "Parent Relationship": "Outer", "Join Type": "Inner", "Startup Cost": 0.0, "Total Cost": 644504.63, "Plan Rows": 740786, "Plan Width": 88, "Actual Startup Time": 0.151, "Actual Total Time": 19230.01, "Actual Rows": 1459150, "Actual Loops": 1, "Inner Unique": false, "Plans": [{"Node Type": "Nested Loop", "Parent Relationship": "Outer", "Join Type": "Inner", "Startup Cost": 0.0, "Total Cost": 167767.0, "Plan Rows": 504972, "Plan Width": 64, "Actual Startup Time": 0.093, "Actual Total Time": 4021.421, "Actual Rows": 1200363, "Actual Loops": 1, "Inner Unique": false, "Plans": [{"Node Type": "Nested Loop", "Parent Relationship": "Outer", "Join Type": "Inner", "Startup Cost": 0.0, "Total Cost": 16644.48, "Plan Rows": 119904, "Plan Width": 64, "Actual Startup Time": 0.081, "Actual Total Time": 223.075, "Actual Rows": 119972, "Actual Loops": 1, "Inner Unique": false, "Plans": [{"Node Type": "Nested Loop", "Parent Relationship": "Outer", "Join Type": "Inner", "Startup Cost": 0.0, "Total Cost": 39.62, "Plan Rows": 2, "Plan Width": 60, "Actual Startup Time": 0.05, "Actual Total Time": 0.214, "Actual Rows": 2, "Actual Loops": 1, "Inner Unique": false, "Join Filter": "(((n1.n_name = 'JAPAN'::bpchar) AND (n2.n_name = 'INDIA'::bpchar)) OR ((n1.n_name = 'INDIA'::bpchar) AND (n2.n_name = 'JAPAN'::bpchar)))", "Rows Removed by Join Filter": 2, "Plans": [{"Node Type": "Index Scan", "Parent Relationship": "Outer", "Scan Direction": "Forward", "Index Name": "nation_pkey", "Relation Name": "nation", "Alias": "n1", "Startup Cost": 0.0, "Total Cost": 12.75, "Plan Rows": 25, "Plan Width": 30, "Actual Startup Time": 0.027, "Actual Total Time": 0.059, "Actual Rows": 2, "Actual Loops": 1, "Filter": "((n_name = 'JAPAN'::bpchar) OR (n_name = 'INDIA'::bpchar))", "Rows Removed by Filter": 23}, {"Node Type": "Materialize", "Parent Relationship": "Inner", "Startup Cost": 0.0, "Total Cost": 12.88, "Plan Rows": 25, "Plan Width": 30, "Actual Startup Time": 0.015, "Actual Total Time": 0.053, "Actual Rows": 4, "Actual Loops": 2, "Plans": [{"Node Type": "Index Scan", "Parent Relationship": "Outer", "Scan Direction": "Forward", "Index Name": "nation_pkey", "Relation Name": "nation", "Alias": "n2", "Startup Cost": 0.0, "Total Cost": 12.75, "Plan Rows": 25, "Plan Width": 30, "Actual Startup Time": 0.01, "Actual Total Time": 0.042, "Actual Rows": 2, "Actual Loops": 1, "Filter": "((n_name = 'INDIA'::bpchar) OR (n_name = 'JAPAN'::bpchar))", "Rows Removed by Filter": 23}]}]}, {"Node Type": "Index Scan", "Parent Relationship": "Inner", "Scan Direction": "Forward", "Index Name": "idx_customer_nationkey", "Relation Name": "customer", "Alias": "customer", "Startup Cost": 0.0, "Total Cost": 7702.43, "Plan Rows": 60000, "Plan Width": 12, "Actual Startup Time": 0.052, "Actual Total Time": 187.081, "Actual Rows": 119972, "Actual Loops": 2, "Index Cond": "(c_nationkey = n2.n_nationkey)", "Rows Removed by Index Recheck": 0}]}, {"Node Type": "Index Scan", "Parent Relationship": "Inner", "Scan Direction": "Forward", "Index Name": "idx_orders_custkey", "Relation Name": "orders", "Alias": "orders", "Startup Cost": 0.0, "Total Cost": 1.22, "Plan Rows": 4, "Plan Width": 16, "Actual Startup Time": 742.261, "Actual Total Time": 3448.447, "Actual Rows": 1200363, "Actual Loops": 119972, "Index Cond": "(o_custkey = customer.c_custkey)", "Rows Removed by Index Recheck": 0}]}, {"Node Type": "Index Scan", "Parent Relationship": "Inner", "Scan Direction": "Forward", "Index Name": "idx_lineitem_orderkey", "Relation Name": "lineitem", "Alias": "lineitem", "Startup Cost": 0.0, "Total Cost": 0.91, "Plan Rows": 3, "Plan Width": 40, "Actual Startup Time": 13059.952, "Actual Total Time": 14241.321, "Actual Rows": 1459150, "Actual Loops": 1200363, "Index Cond": "(l_orderkey = orders.o_orderkey)", "Rows Removed by Index Recheck": 0, "Filter": "((l_shipdate >= '1995-01-01 00:00:00'::timestamp(0) without time zone) AND (l_shipdate <= '1996-12-31 00:00:00'::timestamp(0) without time zone))", "Rows Removed by Filter": 3342563}]}, {"Node Type": "Hash", "Parent Relationship": "Inner", "Startup Cost": 5334.54, "Total Cost": 5334.54, "Plan Rows": 100000, "Plan Width": 12, "Actual Startup Time": 97.954, "Actual Total Time": 97.954, "Actual Rows": 100000, "Actual Loops": 1, "Hash Buckets": 131072, "Hash Batches": 1, "Original Hash Batches": 1, "Peak Memory Usage": 4297, "Plans": [{"Node Type": "Index Scan", "Parent Relationship": "Outer", "Scan Direction": "Forward", "Index Name": "supplier_pkey", "Relation Name": "supplier", "Alias": "supplier", "Startup Cost": 0.0, "Total Cost": 5334.54, "Plan Rows": 100000, "Plan Width": 12, "Actual Startup Time": 0.02, "Actual Total Time": 65.869, "Actual Rows": 100000, "Actual Loops": 1}]}]}]}]}, "Triggers": [], "Planner Runtime": 3, "Total Runtime": 20193.168, "Unique SQL Id": 2208782157}}, "(16, 74)": {"explain_plan": {"Plan": {"Node Type": "Sort", "Startup Cost": 2961361.75, "Total Cost": 2961370.97, "Plan Rows": 3688, "Plan Width": 84, "Sort Key": ["n1.n_name", "n2.n_name", "(date_part('year'::text, lineitem.l_shipdate))"], "Plans": [{"Node Type": "Aggregate", "Strategy": "Hashed", "Parent Relationship": "Outer", "Startup Cost": 2961097.16, "Total Cost": 2961143.26, "Plan Rows": 3688, "Plan Width": 84, "Group By Key": ["n1.n_name", "n2.n_name", "date_part('year'::text, lineitem.l_shipdate)"], "Plans": [{"Node Type": "Hash Join", "Parent Relationship": "Outer", "Join Type": "Inner", "Startup Cost": 557677.13, "Total Cost": 2961041.84, "Plan Rows": 3688, "Plan Width": 76, "Inner Unique": true, "Hash Cond": "((lineitem.l_suppkey = supplier.s_suppkey) AND (n1.n_nationkey = supplier.s_nationkey))", "Plans": [{"Node Type": "Hash Join", "Parent Relationship": "Outer", "Join Type": "Inner", "Startup Cost": 552894.13, "Total Cost": 2950674.86, "Plan Rows": 740786, "Plan Width": 88, "Inner Unique": false, "Hash Cond": "(lineitem.l_orderkey = orders.o_orderkey), (LLVM Optimized)", "Plans": [{"Node Type": "Seq Scan", "Parent Relationship": "Outer", "Relation Name": "lineitem", "Alias": "lineitem", "Startup Cost": 44.6, "Total Cost": 2315050.5, "Plan Rows": 18124991, "Plan Width": 40, "Filter": "((l_shipdate >= '1995-01-01 00:00:00'::timestamp(0) without time zone) AND (l_shipdate <= '1996-12-31 00:00:00'::timestamp(0) without time zone)), (LLVM Optimized)"}, {"Node Type": "Hash", "Parent Relationship": "Inner", "Startup Cost": 546537.38, "Total Cost": 546537.38, "Plan Rows": 504972, "Plan Width": 64, "Plans": [{"Node Type": "Hash Join", "Parent Relationship": "Outer", "Join Type": "Inner", "Startup Cost": 58825.83, "Total Cost": 546537.38, "Plan Rows": 504972, "Plan Width": 64, "Inner Unique": false, "Hash Cond": "(orders.o_custkey = customer.c_custkey), (LLVM Optimized)", "Plans": [{"Node Type": "Seq Scan", "Parent Relationship": "Outer", "Relation Name": "orders", "Alias": "orders", "Startup Cost": 0.0, "Total Cost": 426413.79, "Plan Rows": 14999479, "Plan Width": 16}, {"Node Type": "Hash", "Parent Relationship": "Inner", "Startup Cost": 57327.03, "Total Cost": 57327.03, "Plan Rows": 119904, "Plan Width": 64, "Plans": [{"Node Type": "Hash Join", "Parent Relationship": "Outer", "Join Type": "Inner", "Startup Cost": 16.65, "Total Cost": 57327.03, "Plan Rows": 119904, "Plan Width": 64, "Inner Unique": false, "Hash Cond": "(customer.c_nationkey = n2.n_nationkey), (LLVM Optimized)", "Plans": [{"Node Type": "Seq Scan", "Parent Relationship": "Outer", "Relation Name": "customer", "Alias": "customer", "Startup Cost": 0.0, "Total Cost": 52126.0, "Plan Rows": 1500000, "Plan Width": 12}, {"Node Type": "Hash", "Parent Relationship": "Inner", "Startup Cost": 16.62, "Total Cost": 16.62, "Plan Rows": 2, "Plan Width": 60, "Plans": [{"Node Type": "Nested Loop", "Parent Relationship": "Outer", "Join Type": "Inner", "Startup Cost": 0.0, "Total Cost": 16.62, "Plan Rows": 2, "Plan Width": 60, "Inner Unique": false, "Join Filter": "(((n1.n_name = 'JAPAN'::bpchar) AND (n2.n_name = 'INDIA'::bpchar)) OR ((n1.n_name = 'INDIA'::bpchar) AND (n2.n_name = 'JAPAN'::bpchar)))", "Plans": [{"Node Type": "Seq Scan", "Parent Relationship": "Outer", "Relation Name": "nation", "Alias": "n1", "Startup Cost": 0.0, "Total Cost": 1.25, "Plan Rows": 25, "Plan Width": 30, "Filter": "((n_name = 'JAPAN'::bpchar) OR (n_name = 'INDIA'::bpchar))"}, {"Node Type": "Materialize", "Parent Relationship": "Inner", "Startup Cost": 0.0, "Total Cost": 1.38, "Plan Rows": 25, "Plan Width": 30, "Plans": [{"Node Type": "Seq Scan", "Parent Relationship": "Outer", "Relation Name": "nation", "Alias": "n2", "Startup Cost": 0.0, "Total Cost": 1.25, "Plan Rows": 25, "Plan Width": 30, "Filter": "((n_name = 'INDIA'::bpchar) OR (n_name = 'JAPAN'::bpchar))"}]}]}]}]}]}]}]}]}, {"Node Type": "Hash", "Parent Relationship": "Inner", "Startup Cost": 3283.0, "Total Cost": 3283.0, "Plan Rows": 100000, "Plan Width": 12, "Plans": [{"Node Type": "Seq Scan", "Parent Relationship": "Outer", "Relation Name": "supplier", "Alias": "supplier", "Startup Cost": 0.0, "Total Cost": 3283.0, "Plan Rows": 100000, "Plan Width": 12}]}]}]}]}, "Unique SQL Id": 2208782157, "Planner Runtime": 4}, "explain_analyze_plan": null}, "(16, 75)": {"explain_plan": {"Plan": {"Node Type": "Sort", "Startup Cost": 6000528499692.61, "Total Cost": 6000528499701.83, "Plan Rows": 3688, "Plan Width": 84, "Sort Key": ["n1.n_name", "n2.n_name", "(date_part('year'::text, lineitem.l_shipdate))"], "Plans": [{"Node Type": "Aggregate", "Strategy": "Hashed", "Parent Relationship": "Outer", "Startup Cost": 6000528499428.02, "Total Cost": 6000528499474.12, "Plan Rows": 3688, "Plan Width": 84, "Group By Key": ["n1.n_name", "n2.n_name", "date_part('year'::text, lineitem.l_shipdate)"], "Plans": [{"Node Type": "Merge Join", "Parent Relationship": "Outer", "Join Type": "Inner", "Startup Cost": 2040036905929.45, "Total Cost": 6000528499372.7, "Plan Rows": 3688, "Plan Width": 76, "Inner Unique": true, "Merge Cond": "(n2.n_nationkey = customer.c_nationkey)", "Join Filter": "(orders.o_custkey = customer.c_custkey)", "Plans": [{"Node Type": "Nested Loop", "Parent Relationship": "Outer", "Join Type": "Inner", "Startup Cost": 2030036905929.45, "Total Cost": 5000412481636.71, "Plan Rows": 92207, "Plan Width": 88, "Inner Unique": false, "Join Filter": "(((n1.n_name = 'JAPAN'::bpchar) AND (n2.n_name = 'INDIA'::bpchar)) OR ((n1.n_name = 'INDIA'::bpchar) AND (n2.n_name = 'JAPAN'::bpchar)))", "Plans": [{"Node Type": "Index Scan", "Parent Relationship": "Outer", "Scan Direction": "Forward", "Index Name": "nation_pkey", "Relation Name": "nation", "Alias": "n2", "Startup Cost": 10000000000.0, "Total Cost": 1000000001275.0, "Plan Rows": 25, "Plan Width": 30, "Filter": "((n_name = 'INDIA'::bpchar) OR (n_name = 'JAPAN'::bpchar))"}, {"Node Type": "Materialize", "Parent Relationship": "Inner", "Startup Cost": 2020036905929.45, "Total Cost": 4000411834393.31, "Plan Rows": 1153515, "Plan Width": 58, "Plans": [{"Node Type": "Hash Join", "Parent Relationship": "Outer", "Join Type": "Inner", "Startup Cost": 2020036905929.45, "Total Cost": 4000411828625.73, "Plan Rows": 1153515, "Plan Width": 58, "Inner Unique": true, "Hash Cond": "(supplier.s_nationkey = n1.n_nationkey), (LLVM Optimized)", "Plans": [{"Node Type": "Hash Join", "Parent Relationship": "Outer", "Join Type": "Inner", "Startup Cost": 1020036904654.13, "Total Cost": 3000411811489.59, "Plan Rows": 1153515, "Plan Width": 36, "Inner Unique": true, "Hash Cond": "(lineitem.l_suppkey = supplier.s_suppkey), (LLVM Optimized)", "Plans": [{"Node Type": "Merge Join", "Parent Relationship": "Outer", "Join Type": "Inner", "Startup Cost": 20036369949.75, "Total Cost": 2000411197281.34, "Plan Rows": 18124991, "Plan Width": 40, "Inner Unique": false, "Merge Cond": "(orders.o_orderkey = lineitem.l_orderkey)", "Plans": [{"Node Type": "Index Scan", "Parent Relationship": "Outer", "Scan Direction": "Forward", "Index Name": "orders_pkey", "Relation Name": "orders", "Alias": "orders", "Startup Cost": 10000000000.0, "Total Cost": 1000073097843.5, "Plan Rows": 14999479, "Plan Width": 16}, {"Node Type": "Index Scan", "Parent Relationship": "Inner", "Scan Direction": "Forward", "Index Name": "idx_lineitem_orderkey", "Relation Name": "lineitem", "Alias": "lineitem", "Startup Cost": 10000000000.0, "Total Cost": 1000354008891.0, "Plan Rows": 18124991, "Plan Width": 40, "Filter": "((l_shipdate >= '1995-01-01 00:00:00'::timestamp(0) without time zone) AND (l_shipdate <= '1996-12-31 00:00:00'::timestamp(0) without time zone)), (LLVM Optimized)"}]}, {"Node Type": "Hash", "Parent Relationship": "Inner", "Startup Cost": 1000000533454.38, "Total Cost": 1000000533454.38, "Plan Rows": 100000, "Plan Width": 12, "Plans": [{"Node Type": "Index Scan", "Parent Relationship": "Outer", "Scan Direction": "Forward", "Index Name": "supplier_pkey", "Relation Name": "supplier", "Alias": "supplier", "Startup Cost": 10000000000.0, "Total Cost": 1000000533454.38, "Plan Rows": 100000, "Plan Width": 12}]}]}, {"Node Type": "Hash", "Parent Relationship": "Inner", "Startup Cost": 1000000001275.0, "Total Cost": 1000000001275.0, "Plan Rows": 25, "Plan Width": 30, "Plans": [{"Node Type": "Index Scan", "Parent Relationship": "Outer", "Scan Direction": "Forward", "Index Name": "nation_pkey", "Relation Name": "nation", "Alias": "n1", "Startup Cost": 10000000000.0, "Total Cost": 1000000001275.0, "Plan Rows": 25, "Plan Width": 30, "Filter": "((n_name = 'JAPAN'::bpchar) OR (n_name = 'INDIA'::bpchar))"}]}]}]}]}, {"Node Type": "Materialize", "Parent Relationship": "Inner", "Startup Cost": 10000000000.0, "Total Cost": 1000019203896.25, "Plan Rows": 1500000, "Plan Width": 12, "Plans": [{"Node Type": "Index Scan", "Parent Relationship": "Outer", "Scan Direction": "Forward", "Index Name": "idx_customer_nationkey", "Relation Name": "customer", "Alias": "customer", "Startup Cost": 10000000000.0, "Total Cost": 1000019200146.25, "Plan Rows": 1500000, "Plan Width": 12}]}]}]}]}, "Unique SQL Id": 2208782157, "Planner Runtime": 8}, "explain_analyze_plan": null}, "(16, 76)": {"explain_plan": {"Plan": {"Node Type": "Sort", "Startup Cost": 655180.01, "Total Cost": 655189.23, "Plan Rows": 3688, "Plan Width": 84, "Sort Key": ["n1.n_name", "n2.n_name", "(date_part('year'::text, lineitem.l_shipdate))"], "Plans": [{"Node Type": "Aggregate", "Strategy": "Hashed", "Parent Relationship": "Outer", "Startup Cost": 654915.42, "Total Cost": 654961.52, "Plan Rows": 3688, "Plan Width": 84, "Group By Key": ["n1.n_name", "n2.n_name", "date_part('year'::text, lineitem.l_shipdate)"], "Plans": [{"Node Type": "Hash Join", "Parent Relationship": "Outer", "Join Type": "Inner", "Startup Cost": 4783.0, "Total Cost": 654860.1, "Plan Rows": 3688, "Plan Width": 76, "Inner Unique": true, "Hash Cond": "((lineitem.l_suppkey = supplier.s_suppkey) AND (n1.n_nationkey = supplier.s_nationkey))", "Plans": [{"Node Type": "Nested Loop", "Parent Relationship": "Outer", "Join Type": "Inner", "Startup Cost": 0.0, "Total Cost": 644493.13, "Plan Rows": 740786, "Plan Width": 88, "Inner Unique": false, "Plans": [{"Node Type": "Nested Loop", "Parent Relationship": "Outer", "Join Type": "Inner", "Startup Cost": 0.0, "Total Cost": 167755.5, "Plan Rows": 504972, "Plan Width": 64, "Inner Unique": false, "Plans": [{"Node Type": "Nested Loop", "Parent Relationship": "Outer", "Join Type": "Inner", "Startup Cost": 0.0, "Total Cost": 16632.98, "Plan Rows": 119904, "Plan Width": 64, "Inner Unique": false, "Plans": [{"Node Type": "Nested Loop", "Parent Relationship": "Outer", "Join Type": "Inner", "Startup Cost": 0.0, "Total Cost": 28.12, "Plan Rows": 2, "Plan Width": 60, "Inner Unique": false, "Join Filter": "(((n1.n_name = 'JAPAN'::bpchar) AND (n2.n_name = 'INDIA'::bpchar)) OR ((n1.n_name = 'INDIA'::bpchar) AND (n2.n_name = 'JAPAN'::bpchar)))", "Plans": [{"Node Type": "Index Scan", "Parent Relationship": "Outer", "Scan Direction": "Forward", "Index Name": "nation_pkey", "Relation Name": "nation", "Alias": "n1", "Startup Cost": 0.0, "Total Cost": 12.75, "Plan Rows": 25, "Plan Width": 30, "Filter": "((n_name = 'JAPAN'::bpchar) OR (n_name = 'INDIA'::bpchar))"}, {"Node Type": "Materialize", "Parent Relationship": "Inner", "Startup Cost": 0.0, "Total Cost": 1.38, "Plan Rows": 25, "Plan Width": 30, "Plans": [{"Node Type": "Seq Scan", "Parent Relationship": "Outer", "Relation Name": "nation", "Alias": "n2", "Startup Cost": 0.0, "Total Cost": 1.25, "Plan Rows": 25, "Plan Width": 30, "Filter": "((n_name = 'INDIA'::bpchar) OR (n_name = 'JAPAN'::bpchar))"}]}]}, {"Node Type": "Index Scan", "Parent Relationship": "Inner", "Scan Direction": "Forward", "Index Name": "idx_customer_nationkey", "Relation Name": "customer", "Alias": "customer", "Startup Cost": 0.0, "Total Cost": 7702.43, "Plan Rows": 60000, "Plan Width": 12, "Index Cond": "(c_nationkey = n2.n_nationkey)"}]}, {"Node Type": "Index Scan", "Parent Relationship": "Inner", "Scan Direction": "Forward", "Index Name": "idx_orders_custkey", "Relation Name": "orders", "Alias": "orders", "Startup Cost": 0.0, "Total Cost": 1.22, "Plan Rows": 4, "Plan Width": 16, "Index Cond": "(o_custkey = customer.c_custkey)"}]}, {"Node Type": "Index Scan", "Parent Relationship": "Inner", "Scan Direction": "Forward", "Index Name": "idx_lineitem_orderkey", "Relation Name": "lineitem", "Alias": "lineitem", "Startup Cost": 0.0, "Total Cost": 0.91, "Plan Rows": 3, "Plan Width": 40, "Index Cond": "(l_orderkey = orders.o_orderkey)", "Filter": "((l_shipdate >= '1995-01-01 00:00:00'::timestamp(0) without time zone) AND (l_shipdate <= '1996-12-31 00:00:00'::timestamp(0) without time zone))"}]}, {"Node Type": "Hash", "Parent Relationship": "Inner", "Startup Cost": 3283.0, "Total Cost": 3283.0, "Plan Rows": 100000, "Plan Width": 12, "Plans": [{"Node Type": "Seq Scan", "Parent Relationship": "Outer", "Relation Name": "supplier", "Alias": "supplier", "Startup Cost": 0.0, "Total Cost": 3283.0, "Plan Rows": 100000, "Plan Width": 12}]}]}]}]}, "Unique SQL Id": 2208782157, "Planner Runtime": 5}, "explain_analyze_plan": {"Plan": {"Node Type": "Sort", "Startup Cost": 655180.01, "Total Cost": 655189.23, "Plan Rows": 3688, "Plan Width": 84, "Actual Startup Time": 20101.862, "Actual Total Time": 20101.863, "Actual Rows": 4, "Actual Loops": 1, "Sort Key": ["n1.n_name", "n2.n_name", "(date_part('year'::text, lineitem.l_shipdate))"], "Sort Method": "quicksort", "Sort Space Used": 25, "Sort Space Type": "Memory", "Plans": [{"Node Type": "Aggregate", "Strategy": "Hashed", "Parent Relationship": "Outer", "Startup Cost": 654915.42, "Total Cost": 654961.52, "Plan Rows": 3688, "Plan Width": 84, "Actual Startup Time": 20101.806, "Actual Total Time": 20101.811, "Actual Rows": 4, "Actual Loops": 1, "Group By Key": ["n1.n_name", "n2.n_name", "date_part('year'::text, lineitem.l_shipdate)"], "Plans": [{"Node Type": "Hash Join", "Parent Relationship": "Outer", "Join Type": "Inner", "Startup Cost": 4783.0, "Total Cost": 654860.1, "Plan Rows": 3688, "Plan Width": 76, "Actual Startup Time": 66.908, "Actual Total Time": 19998.057, "Actual Rows": 58554, "Actual Loops": 1, "Inner Unique": true, "Hash Cond": "((lineitem.l_suppkey = supplier.s_suppkey) AND (n1.n_nationkey = supplier.s_nationkey))", "Plans": [{"Node Type": "Nested Loop", "Parent Relationship": "Outer", "Join Type": "Inner", "Startup Cost": 0.0, "Total Cost": 644493.13, "Plan Rows": 740786, "Plan Width": 88, "Actual Startup Time": 0.174, "Actual Total Time": 19197.586, "Actual Rows": 1459150, "Actual Loops": 1, "Inner Unique": false, "Plans": [{"Node Type": "Nested Loop", "Parent Relationship": "Outer", "Join Type": "Inner", "Startup Cost": 0.0, "Total Cost": 167755.5, "Plan Rows": 504972, "Plan Width": 64, "Actual Startup Time": 0.116, "Actual Total Time": 3906.95, "Actual Rows": 1200363, "Actual Loops": 1, "Inner Unique": false, "Plans": [{"Node Type": "Nested Loop", "Parent Relationship": "Outer", "Join Type": "Inner", "Startup Cost": 0.0, "Total Cost": 16632.98, "Plan Rows": 119904, "Plan Width": 64, "Actual Startup Time": 0.105, "Actual Total Time": 217.394, "Actual Rows": 119972, "Actual Loops": 1, "Inner Unique": false, "Plans": [{"Node Type": "Nested Loop", "Parent Relationship": "Outer", "Join Type": "Inner", "Startup Cost": 0.0, "Total Cost": 28.12, "Plan Rows": 2, "Plan Width": 60, "Actual Startup Time": 0.071, "Actual Total Time": 0.282, "Actual Rows": 2, "Actual Loops": 1, "Inner Unique": false, "Join Filter": "(((n1.n_name = 'JAPAN'::bpchar) AND (n2.n_name = 'INDIA'::bpchar)) OR ((n1.n_name = 'INDIA'::bpchar) AND (n2.n_name = 'JAPAN'::bpchar)))", "Rows Removed by Join Filter": 2, "Plans": [{"Node Type": "Index Scan", "Parent Relationship": "Outer", "Scan Direction": "Forward", "Index Name": "nation_pkey", "Relation Name": "nation", "Alias": "n1", "Startup Cost": 0.0, "Total Cost": 12.75, "Plan Rows": 25, "Plan Width": 30, "Actual Startup Time": 0.03, "Actual Total Time": 0.075, "Actual Rows": 2, "Actual Loops": 1, "Filter": "((n_name = 'JAPAN'::bpchar) OR (n_name = 'INDIA'::bpchar))", "Rows Removed by Filter": 23}, {"Node Type": "Materialize", "Parent Relationship": "Inner", "Startup Cost": 0.0, "Total Cost": 1.38, "Plan Rows": 25, "Plan Width": 30, "Actual Startup Time": 0.031, "Actual Total Time": 0.128, "Actual Rows": 4, "Actual Loops": 2, "Plans": [{"Node Type": "Seq Scan", "Parent Relationship": "Outer", "Relation Name": "nation", "Alias": "n2", "Startup Cost": 0.0, "Total Cost": 1.25, "Plan Rows": 25, "Plan Width": 30, "Actual Startup Time": 0.02, "Actual Total Time": 0.039, "Actual Rows": 2, "Actual Loops": 1, "Filter": "((n_name = 'INDIA'::bpchar) OR (n_name = 'JAPAN'::bpchar))", "Rows Removed by Filter": 23}]}]}, {"Node Type": "Index Scan", "Parent Relationship": "Inner", "Scan Direction": "Forward", "Index Name": "idx_customer_nationkey", "Relation Name": "customer", "Alias": "customer", "Startup Cost": 0.0, "Total Cost": 7702.43, "Plan Rows": 60000, "Plan Width": 12, "Actual Startup Time": 0.051, "Actual Total Time": 183.595, "Actual Rows": 119972, "Actual Loops": 2, "Index Cond": "(c_nationkey = n2.n_nationkey)", "Rows Removed by Index Recheck": 0}]}, {"Node Type": "Index Scan", "Parent Relationship": "Inner", "Scan Direction": "Forward", "Index Name": "idx_orders_custkey", "Relation Name": "orders", "Alias": "orders", "Startup Cost": 0.0, "Total Cost": 1.22, "Plan Rows": 4, "Plan Width": 16, "Actual Startup Time": 734.9, "Actual Total Time": 3349.479, "Actual Rows": 1200363, "Actual Loops": 119972, "Index Cond": "(o_custkey = customer.c_custkey)", "Rows Removed by Index Recheck": 0}]}, {"Node Type": "Index Scan", "Parent Relationship": "Inner", "Scan Direction": "Forward", "Index Name": "idx_lineitem_orderkey", "Relation Name": "lineitem", "Alias": "lineitem", "Startup Cost": 0.0, "Total Cost": 0.91, "Plan Rows": 3, "Plan Width": 40, "Actual Startup Time": 13114.435, "Actual Total Time": 14307.284, "Actual Rows": 1459150, "Actual Loops": 1200363, "Index Cond": "(l_orderkey = orders.o_orderkey)", "Rows Removed by Index Recheck": 0, "Filter": "((l_shipdate >= '1995-01-01 00:00:00'::timestamp(0) without time zone) AND (l_shipdate <= '1996-12-31 00:00:00'::timestamp(0) without time zone))", "Rows Removed by Filter": 3342563}]}, {"Node Type": "Hash", "Parent Relationship": "Inner", "Startup Cost": 3283.0, "Total Cost": 3283.0, "Plan Rows": 100000, "Plan Width": 12, "Actual Startup Time": 66.467, "Actual Total Time": 66.467, "Actual Rows": 100000, "Actual Loops": 1, "Hash Buckets": 131072, "Hash Batches": 1, "Original Hash Batches": 1, "Peak Memory Usage": 4297, "Plans": [{"Node Type": "Seq Scan", "Parent Relationship": "Outer", "Relation Name": "supplier", "Alias": "supplier", "Startup Cost": 0.0, "Total Cost": 3283.0, "Plan Rows": 100000, "Plan Width": 12, "Actual Startup Time": 0.017, "Actual Total Time": 35.896, "Actual Rows": 100000, "Actual Loops": 1}]}]}]}]}, "Triggers": [], "Planner Runtime": 3, "Total Runtime": 20102.099, "Unique SQL Id": 2208782157}}, "(16, 77)": {"explain_plan": {"Plan": {"Node Type": "Sort", "Startup Cost": 657243.06, "Total Cost": 657252.28, "Plan Rows": 3688, "Plan Width": 84, "Sort Key": ["n1.n_name", "n2.n_name", "(date_part('year'::text, lineitem.l_shipdate))"], "Plans": [{"Node Type": "Aggregate", "Strategy": "Hashed", "Parent Relationship": "Outer", "Startup Cost": 656978.47, "Total Cost": 657024.57, "Plan Rows": 3688, "Plan Width": 84, "Group By Key": ["n1.n_name", "n2.n_name", "date_part('year'::text, lineitem.l_shipdate)"], "Plans": [{"Node Type": "Hash Join", "Parent Relationship": "Outer", "Join Type": "Inner", "Startup Cost": 6834.54, "Total Cost": 656923.15, "Plan Rows": 3688, "Plan Width": 76, "Inner Unique": true, "Hash Cond": "((lineitem.l_suppkey = supplier.s_suppkey) AND (n1.n_nationkey = supplier.s_nationkey))", "Plans": [{"Node Type": "Nested Loop", "Parent Relationship": "Outer", "Join Type": "Inner", "Startup Cost": 0.0, "Total Cost": 644504.63, "Plan Rows": 740786, "Plan Width": 88, "Inner Unique": false, "Plans": [{"Node Type": "Nested Loop", "Parent Relationship": "Outer", "Join Type": "Inner", "Startup Cost": 0.0, "Total Cost": 167767.0, "Plan Rows": 504972, "Plan Width": 64, "Inner Unique": false, "Plans": [{"Node Type": "Nested Loop", "Parent Relationship": "Outer", "Join Type": "Inner", "Startup Cost": 0.0, "Total Cost": 16644.48, "Plan Rows": 119904, "Plan Width": 64, "Inner Unique": false, "Plans": [{"Node Type": "Nested Loop", "Parent Relationship": "Outer", "Join Type": "Inner", "Startup Cost": 0.0, "Total Cost": 39.62, "Plan Rows": 2, "Plan Width": 60, "Inner Unique": false, "Join Filter": "(((n1.n_name = 'JAPAN'::bpchar) AND (n2.n_name = 'INDIA'::bpchar)) OR ((n1.n_name = 'INDIA'::bpchar) AND (n2.n_name = 'JAPAN'::bpchar)))", "Plans": [{"Node Type": "Index Scan", "Parent Relationship": "Outer", "Scan Direction": "Forward", "Index Name": "nation_pkey", "Relation Name": "nation", "Alias": "n1", "Startup Cost": 0.0, "Total Cost": 12.75, "Plan Rows": 25, "Plan Width": 30, "Filter": "((n_name = 'JAPAN'::bpchar) OR (n_name = 'INDIA'::bpchar))"}, {"Node Type": "Materialize", "Parent Relationship": "Inner", "Startup Cost": 0.0, "Total Cost": 12.88, "Plan Rows": 25, "Plan Width": 30, "Plans": [{"Node Type": "Index Scan", "Parent Relationship": "Outer", "Scan Direction": "Forward", "Index Name": "nation_pkey", "Relation Name": "nation", "Alias": "n2", "Startup Cost": 0.0, "Total Cost": 12.75, "Plan Rows": 25, "Plan Width": 30, "Filter": "((n_name = 'INDIA'::bpchar) OR (n_name = 'JAPAN'::bpchar))"}]}]}, {"Node Type": "Index Scan", "Parent Relationship": "Inner", "Scan Direction": "Forward", "Index Name": "idx_customer_nationkey", "Relation Name": "customer", "Alias": "customer", "Startup Cost": 0.0, "Total Cost": 7702.43, "Plan Rows": 60000, "Plan Width": 12, "Index Cond": "(c_nationkey = n2.n_nationkey)"}]}, {"Node Type": "Index Scan", "Parent Relationship": "Inner", "Scan Direction": "Forward", "Index Name": "idx_orders_custkey", "Relation Name": "orders", "Alias": "orders", "Startup Cost": 0.0, "Total Cost": 1.22, "Plan Rows": 4, "Plan Width": 16, "Index Cond": "(o_custkey = customer.c_custkey)"}]}, {"Node Type": "Index Scan", "Parent Relationship": "Inner", "Scan Direction": "Forward", "Index Name": "idx_lineitem_orderkey", "Relation Name": "lineitem", "Alias": "lineitem", "Startup Cost": 0.0, "Total Cost": 0.91, "Plan Rows": 3, "Plan Width": 40, "Index Cond": "(l_orderkey = orders.o_orderkey)", "Filter": "((l_shipdate >= '1995-01-01 00:00:00'::timestamp(0) without time zone) AND (l_shipdate <= '1996-12-31 00:00:00'::timestamp(0) without time zone))"}]}, {"Node Type": "Hash", "Parent Relationship": "Inner", "Startup Cost": 5334.54, "Total Cost": 5334.54, "Plan Rows": 100000, "Plan Width": 12, "Plans": [{"Node Type": "Index Scan", "Parent Relationship": "Outer", "Scan Direction": "Forward", "Index Name": "supplier_pkey", "Relation Name": "supplier", "Alias": "supplier", "Startup Cost": 0.0, "Total Cost": 5334.54, "Plan Rows": 100000, "Plan Width": 12}]}]}]}]}, "Unique SQL Id": 2208782157, "Planner Runtime": 4}, "explain_analyze_plan": {"Plan": {"Node Type": "Sort", "Startup Cost": 657243.06, "Total Cost": 657252.28, "Plan Rows": 3688, "Plan Width": 84, "Actual Startup Time": 20192.933, "Actual Total Time": 20192.934, "Actual Rows": 4, "Actual Loops": 1, "Sort Key": ["n1.n_name", "n2.n_name", "(date_part('year'::text, lineitem.l_shipdate))"], "Sort Method": "quicksort", "Sort Space Used": 25, "Sort Space Type": "Memory", "Plans": [{"Node Type": "Aggregate", "Strategy": "Hashed", "Parent Relationship": "Outer", "Startup Cost": 656978.47, "Total Cost": 657024.57, "Plan Rows": 3688, "Plan Width": 84, "Actual Startup Time": 20192.889, "Actual Total Time": 20192.895, "Actual Rows": 4, "Actual Loops": 1, "Group By Key": ["n1.n_name", "n2.n_name", "date_part('year'::text, lineitem.l_shipdate)"], "Plans": [{"Node Type": "Hash Join", "Parent Relationship": "Outer", "Join Type": "Inner", "Startup Cost": 6834.54, "Total Cost": 656923.15, "Plan Rows": 3688, "Plan Width": 76, "Actual Startup Time": 98.367, "Actual Total Time": 20087.363, "Actual Rows": 58554, "Actual Loops": 1, "Inner Unique": true, "Hash Cond": "((lineitem.l_suppkey = supplier.s_suppkey) AND (n1.n_nationkey = supplier.s_nationkey))", "Plans": [{"Node Type": "Nested Loop", "Parent Relationship": "Outer", "Join Type": "Inner", "Startup Cost": 0.0, "Total Cost": 644504.63, "Plan Rows": 740786, "Plan Width": 88, "Actual Startup Time": 0.151, "Actual Total Time": 19230.01, "Actual Rows": 1459150, "Actual Loops": 1, "Inner Unique": false, "Plans": [{"Node Type": "Nested Loop", "Parent Relationship": "Outer", "Join Type": "Inner", "Startup Cost": 0.0, "Total Cost": 167767.0, "Plan Rows": 504972, "Plan Width": 64, "Actual Startup Time": 0.093, "Actual Total Time": 4021.421, "Actual Rows": 1200363, "Actual Loops": 1, "Inner Unique": false, "Plans": [{"Node Type": "Nested Loop", "Parent Relationship": "Outer", "Join Type": "Inner", "Startup Cost": 0.0, "Total Cost": 16644.48, "Plan Rows": 119904, "Plan Width": 64, "Actual Startup Time": 0.081, "Actual Total Time": 223.075, "Actual Rows": 119972, "Actual Loops": 1, "Inner Unique": false, "Plans": [{"Node Type": "Nested Loop", "Parent Relationship": "Outer", "Join Type": "Inner", "Startup Cost": 0.0, "Total Cost": 39.62, "Plan Rows": 2, "Plan Width": 60, "Actual Startup Time": 0.05, "Actual Total Time": 0.214, "Actual Rows": 2, "Actual Loops": 1, "Inner Unique": false, "Join Filter": "(((n1.n_name = 'JAPAN'::bpchar) AND (n2.n_name = 'INDIA'::bpchar)) OR ((n1.n_name = 'INDIA'::bpchar) AND (n2.n_name = 'JAPAN'::bpchar)))", "Rows Removed by Join Filter": 2, "Plans": [{"Node Type": "Index Scan", "Parent Relationship": "Outer", "Scan Direction": "Forward", "Index Name": "nation_pkey", "Relation Name": "nation", "Alias": "n1", "Startup Cost": 0.0, "Total Cost": 12.75, "Plan Rows": 25, "Plan Width": 30, "Actual Startup Time": 0.027, "Actual Total Time": 0.059, "Actual Rows": 2, "Actual Loops": 1, "Filter": "((n_name = 'JAPAN'::bpchar) OR (n_name = 'INDIA'::bpchar))", "Rows Removed by Filter": 23}, {"Node Type": "Materialize", "Parent Relationship": "Inner", "Startup Cost": 0.0, "Total Cost": 12.88, "Plan Rows": 25, "Plan Width": 30, "Actual Startup Time": 0.015, "Actual Total Time": 0.053, "Actual Rows": 4, "Actual Loops": 2, "Plans": [{"Node Type": "Index Scan", "Parent Relationship": "Outer", "Scan Direction": "Forward", "Index Name": "nation_pkey", "Relation Name": "nation", "Alias": "n2", "Startup Cost": 0.0, "Total Cost": 12.75, "Plan Rows": 25, "Plan Width": 30, "Actual Startup Time": 0.01, "Actual Total Time": 0.042, "Actual Rows": 2, "Actual Loops": 1, "Filter": "((n_name = 'INDIA'::bpchar) OR (n_name = 'JAPAN'::bpchar))", "Rows Removed by Filter": 23}]}]}, {"Node Type": "Index Scan", "Parent Relationship": "Inner", "Scan Direction": "Forward", "Index Name": "idx_customer_nationkey", "Relation Name": "customer", "Alias": "customer", "Startup Cost": 0.0, "Total Cost": 7702.43, "Plan Rows": 60000, "Plan Width": 12, "Actual Startup Time": 0.052, "Actual Total Time": 187.081, "Actual Rows": 119972, "Actual Loops": 2, "Index Cond": "(c_nationkey = n2.n_nationkey)", "Rows Removed by Index Recheck": 0}]}, {"Node Type": "Index Scan", "Parent Relationship": "Inner", "Scan Direction": "Forward", "Index Name": "idx_orders_custkey", "Relation Name": "orders", "Alias": "orders", "Startup Cost": 0.0, "Total Cost": 1.22, "Plan Rows": 4, "Plan Width": 16, "Actual Startup Time": 742.261, "Actual Total Time": 3448.447, "Actual Rows": 1200363, "Actual Loops": 119972, "Index Cond": "(o_custkey = customer.c_custkey)", "Rows Removed by Index Recheck": 0}]}, {"Node Type": "Index Scan", "Parent Relationship": "Inner", "Scan Direction": "Forward", "Index Name": "idx_lineitem_orderkey", "Relation Name": "lineitem", "Alias": "lineitem", "Startup Cost": 0.0, "Total Cost": 0.91, "Plan Rows": 3, "Plan Width": 40, "Actual Startup Time": 13059.952, "Actual Total Time": 14241.321, "Actual Rows": 1459150, "Actual Loops": 1200363, "Index Cond": "(l_orderkey = orders.o_orderkey)", "Rows Removed by Index Recheck": 0, "Filter": "((l_shipdate >= '1995-01-01 00:00:00'::timestamp(0) without time zone) AND (l_shipdate <= '1996-12-31 00:00:00'::timestamp(0) without time zone))", "Rows Removed by Filter": 3342563}]}, {"Node Type": "Hash", "Parent Relationship": "Inner", "Startup Cost": 5334.54, "Total Cost": 5334.54, "Plan Rows": 100000, "Plan Width": 12, "Actual Startup Time": 97.954, "Actual Total Time": 97.954, "Actual Rows": 100000, "Actual Loops": 1, "Hash Buckets": 131072, "Hash Batches": 1, "Original Hash Batches": 1, "Peak Memory Usage": 4297, "Plans": [{"Node Type": "Index Scan", "Parent Relationship": "Outer", "Scan Direction": "Forward", "Index Name": "supplier_pkey", "Relation Name": "supplier", "Alias": "supplier", "Startup Cost": 0.0, "Total Cost": 5334.54, "Plan Rows": 100000, "Plan Width": 12, "Actual Startup Time": 0.02, "Actual Total Time": 65.869, "Actual Rows": 100000, "Actual Loops": 1}]}]}]}]}, "Triggers": [], "Planner Runtime": 3, "Total Runtime": 20193.168, "Unique SQL Id": 2208782157}}, "(16, 78)": {"explain_plan": {"Plan": {"Node Type": "Sort", "Startup Cost": 2961361.75, "Total Cost": 2961370.97, "Plan Rows": 3688, "Plan Width": 84, "Sort Key": ["n1.n_name", "n2.n_name", "(date_part('year'::text, lineitem.l_shipdate))"], "Plans": [{"Node Type": "Aggregate", "Strategy": "Hashed", "Parent Relationship": "Outer", "Startup Cost": 2961097.16, "Total Cost": 2961143.26, "Plan Rows": 3688, "Plan Width": 84, "Group By Key": ["n1.n_name", "n2.n_name", "date_part('year'::text, lineitem.l_shipdate)"], "Plans": [{"Node Type": "Hash Join", "Parent Relationship": "Outer", "Join Type": "Inner", "Startup Cost": 557677.13, "Total Cost": 2961041.84, "Plan Rows": 3688, "Plan Width": 76, "Inner Unique": true, "Hash Cond": "((lineitem.l_suppkey = supplier.s_suppkey) AND (n1.n_nationkey = supplier.s_nationkey))", "Plans": [{"Node Type": "Hash Join", "Parent Relationship": "Outer", "Join Type": "Inner", "Startup Cost": 552894.13, "Total Cost": 2950674.86, "Plan Rows": 740786, "Plan Width": 88, "Inner Unique": false, "Hash Cond": "(lineitem.l_orderkey = orders.o_orderkey), (LLVM Optimized)", "Plans": [{"Node Type": "Seq Scan", "Parent Relationship": "Outer", "Relation Name": "lineitem", "Alias": "lineitem", "Startup Cost": 44.6, "Total Cost": 2315050.5, "Plan Rows": 18124991, "Plan Width": 40, "Filter": "((l_shipdate >= '1995-01-01 00:00:00'::timestamp(0) without time zone) AND (l_shipdate <= '1996-12-31 00:00:00'::timestamp(0) without time zone)), (LLVM Optimized)"}, {"Node Type": "Hash", "Parent Relationship": "Inner", "Startup Cost": 546537.38, "Total Cost": 546537.38, "Plan Rows": 504972, "Plan Width": 64, "Plans": [{"Node Type": "Hash Join", "Parent Relationship": "Outer", "Join Type": "Inner", "Startup Cost": 58825.83, "Total Cost": 546537.38, "Plan Rows": 504972, "Plan Width": 64, "Inner Unique": false, "Hash Cond": "(orders.o_custkey = customer.c_custkey), (LLVM Optimized)", "Plans": [{"Node Type": "Seq Scan", "Parent Relationship": "Outer", "Relation Name": "orders", "Alias": "orders", "Startup Cost": 0.0, "Total Cost": 426413.79, "Plan Rows": 14999479, "Plan Width": 16}, {"Node Type": "Hash", "Parent Relationship": "Inner", "Startup Cost": 57327.03, "Total Cost": 57327.03, "Plan Rows": 119904, "Plan Width": 64, "Plans": [{"Node Type": "Hash Join", "Parent Relationship": "Outer", "Join Type": "Inner", "Startup Cost": 16.65, "Total Cost": 57327.03, "Plan Rows": 119904, "Plan Width": 64, "Inner Unique": false, "Hash Cond": "(customer.c_nationkey = n2.n_nationkey), (LLVM Optimized)", "Plans": [{"Node Type": "Seq Scan", "Parent Relationship": "Outer", "Relation Name": "customer", "Alias": "customer", "Startup Cost": 0.0, "Total Cost": 52126.0, "Plan Rows": 1500000, "Plan Width": 12}, {"Node Type": "Hash", "Parent Relationship": "Inner", "Startup Cost": 16.62, "Total Cost": 16.62, "Plan Rows": 2, "Plan Width": 60, "Plans": [{"Node Type": "Nested Loop", "Parent Relationship": "Outer", "Join Type": "Inner", "Startup Cost": 0.0, "Total Cost": 16.62, "Plan Rows": 2, "Plan Width": 60, "Inner Unique": false, "Join Filter": "(((n1.n_name = 'JAPAN'::bpchar) AND (n2.n_name = 'INDIA'::bpchar)) OR ((n1.n_name = 'INDIA'::bpchar) AND (n2.n_name = 'JAPAN'::bpchar)))", "Plans": [{"Node Type": "Seq Scan", "Parent Relationship": "Outer", "Relation Name": "nation", "Alias": "n1", "Startup Cost": 0.0, "Total Cost": 1.25, "Plan Rows": 25, "Plan Width": 30, "Filter": "((n_name = 'JAPAN'::bpchar) OR (n_name = 'INDIA'::bpchar))"}, {"Node Type": "Materialize", "Parent Relationship": "Inner", "Startup Cost": 0.0, "Total Cost": 1.38, "Plan Rows": 25, "Plan Width": 30, "Plans": [{"Node Type": "Seq Scan", "Parent Relationship": "Outer", "Relation Name": "nation", "Alias": "n2", "Startup Cost": 0.0, "Total Cost": 1.25, "Plan Rows": 25, "Plan Width": 30, "Filter": "((n_name = 'INDIA'::bpchar) OR (n_name = 'JAPAN'::bpchar))"}]}]}]}]}]}]}]}]}, {"Node Type": "Hash", "Parent Relationship": "Inner", "Startup Cost": 3283.0, "Total Cost": 3283.0, "Plan Rows": 100000, "Plan Width": 12, "Plans": [{"Node Type": "Seq Scan", "Parent Relationship": "Outer", "Relation Name": "supplier", "Alias": "supplier", "Startup Cost": 0.0, "Total Cost": 3283.0, "Plan Rows": 100000, "Plan Width": 12}]}]}]}]}, "Unique SQL Id": 2208782157, "Planner Runtime": 4}, "explain_analyze_plan": null}, "(16, 79)": {"explain_plan": {"Plan": {"Node Type": "Sort", "Startup Cost": 6000528499692.61, "Total Cost": 6000528499701.83, "Plan Rows": 3688, "Plan Width": 84, "Sort Key": ["n1.n_name", "n2.n_name", "(date_part('year'::text, lineitem.l_shipdate))"], "Plans": [{"Node Type": "Aggregate", "Strategy": "Hashed", "Parent Relationship": "Outer", "Startup Cost": 6000528499428.02, "Total Cost": 6000528499474.12, "Plan Rows": 3688, "Plan Width": 84, "Group By Key": ["n1.n_name", "n2.n_name", "date_part('year'::text, lineitem.l_shipdate)"], "Plans": [{"Node Type": "Merge Join", "Parent Relationship": "Outer", "Join Type": "Inner", "Startup Cost": 2040036905929.45, "Total Cost": 6000528499372.7, "Plan Rows": 3688, "Plan Width": 76, "Inner Unique": true, "Merge Cond": "(n2.n_nationkey = customer.c_nationkey)", "Join Filter": "(orders.o_custkey = customer.c_custkey)", "Plans": [{"Node Type": "Nested Loop", "Parent Relationship": "Outer", "Join Type": "Inner", "Startup Cost": 2030036905929.45, "Total Cost": 5000412481636.71, "Plan Rows": 92207, "Plan Width": 88, "Inner Unique": false, "Join Filter": "(((n1.n_name = 'JAPAN'::bpchar) AND (n2.n_name = 'INDIA'::bpchar)) OR ((n1.n_name = 'INDIA'::bpchar) AND (n2.n_name = 'JAPAN'::bpchar)))", "Plans": [{"Node Type": "Index Scan", "Parent Relationship": "Outer", "Scan Direction": "Forward", "Index Name": "nation_pkey", "Relation Name": "nation", "Alias": "n2", "Startup Cost": 10000000000.0, "Total Cost": 1000000001275.0, "Plan Rows": 25, "Plan Width": 30, "Filter": "((n_name = 'INDIA'::bpchar) OR (n_name = 'JAPAN'::bpchar))"}, {"Node Type": "Materialize", "Parent Relationship": "Inner", "Startup Cost": 2020036905929.45, "Total Cost": 4000411834393.31, "Plan Rows": 1153515, "Plan Width": 58, "Plans": [{"Node Type": "Hash Join", "Parent Relationship": "Outer", "Join Type": "Inner", "Startup Cost": 2020036905929.45, "Total Cost": 4000411828625.73, "Plan Rows": 1153515, "Plan Width": 58, "Inner Unique": true, "Hash Cond": "(supplier.s_nationkey = n1.n_nationkey), (LLVM Optimized)", "Plans": [{"Node Type": "Hash Join", "Parent Relationship": "Outer", "Join Type": "Inner", "Startup Cost": 1020036904654.13, "Total Cost": 3000411811489.59, "Plan Rows": 1153515, "Plan Width": 36, "Inner Unique": true, "Hash Cond": "(lineitem.l_suppkey = supplier.s_suppkey), (LLVM Optimized)", "Plans": [{"Node Type": "Merge Join", "Parent Relationship": "Outer", "Join Type": "Inner", "Startup Cost": 20036369949.75, "Total Cost": 2000411197281.34, "Plan Rows": 18124991, "Plan Width": 40, "Inner Unique": false, "Merge Cond": "(orders.o_orderkey = lineitem.l_orderkey)", "Plans": [{"Node Type": "Index Scan", "Parent Relationship": "Outer", "Scan Direction": "Forward", "Index Name": "orders_pkey", "Relation Name": "orders", "Alias": "orders", "Startup Cost": 10000000000.0, "Total Cost": 1000073097843.5, "Plan Rows": 14999479, "Plan Width": 16}, {"Node Type": "Index Scan", "Parent Relationship": "Inner", "Scan Direction": "Forward", "Index Name": "idx_lineitem_orderkey", "Relation Name": "lineitem", "Alias": "lineitem", "Startup Cost": 10000000000.0, "Total Cost": 1000354008891.0, "Plan Rows": 18124991, "Plan Width": 40, "Filter": "((l_shipdate >= '1995-01-01 00:00:00'::timestamp(0) without time zone) AND (l_shipdate <= '1996-12-31 00:00:00'::timestamp(0) without time zone)), (LLVM Optimized)"}]}, {"Node Type": "Hash", "Parent Relationship": "Inner", "Startup Cost": 1000000533454.38, "Total Cost": 1000000533454.38, "Plan Rows": 100000, "Plan Width": 12, "Plans": [{"Node Type": "Index Scan", "Parent Relationship": "Outer", "Scan Direction": "Forward", "Index Name": "supplier_pkey", "Relation Name": "supplier", "Alias": "supplier", "Startup Cost": 10000000000.0, "Total Cost": 1000000533454.38, "Plan Rows": 100000, "Plan Width": 12}]}]}, {"Node Type": "Hash", "Parent Relationship": "Inner", "Startup Cost": 1000000001275.0, "Total Cost": 1000000001275.0, "Plan Rows": 25, "Plan Width": 30, "Plans": [{"Node Type": "Index Scan", "Parent Relationship": "Outer", "Scan Direction": "Forward", "Index Name": "nation_pkey", "Relation Name": "nation", "Alias": "n1", "Startup Cost": 10000000000.0, "Total Cost": 1000000001275.0, "Plan Rows": 25, "Plan Width": 30, "Filter": "((n_name = 'JAPAN'::bpchar) OR (n_name = 'INDIA'::bpchar))"}]}]}]}]}, {"Node Type": "Materialize", "Parent Relationship": "Inner", "Startup Cost": 10000000000.0, "Total Cost": 1000019203896.25, "Plan Rows": 1500000, "Plan Width": 12, "Plans": [{"Node Type": "Index Scan", "Parent Relationship": "Outer", "Scan Direction": "Forward", "Index Name": "idx_customer_nationkey", "Relation Name": "customer", "Alias": "customer", "Startup Cost": 10000000000.0, "Total Cost": 1000019200146.25, "Plan Rows": 1500000, "Plan Width": 12}]}]}]}]}, "Unique SQL Id": 2208782157, "Planner Runtime": 8}, "explain_analyze_plan": null}, "(16, 80)": {"explain_plan": {"Plan": {"Node Type": "Sort", "Startup Cost": 725181.63, "Total Cost": 725190.85, "Plan Rows": 3688, "Plan Width": 84, "Sort Key": ["n1.n_name", "n2.n_name", "(date_part('year'::text, lineitem.l_shipdate))"], "Plans": [{"Node Type": "Aggregate", "Strategy": "Hashed", "Parent Relationship": "Outer", "Startup Cost": 724917.04, "Total Cost": 724963.14, "Plan Rows": 3688, "Plan Width": 84, "Group By Key": ["n1.n_name", "n2.n_name", "date_part('year'::text, lineitem.l_shipdate)"], "Plans": [{"Node Type": "Merge Join", "Parent Relationship": "Outer", "Join Type": "Inner", "Startup Cost": 714975.42, "Total Cost": 724861.72, "Plan Rows": 3688, "Plan Width": 76, "Inner Unique": false, "Merge Cond": "(supplier.s_suppkey = lineitem.l_suppkey)", "Join Filter": "(n1.n_nationkey = supplier.s_nationkey)", "Plans": [{"Node Type": "Index Scan", "Parent Relationship": "Outer", "Scan Direction": "Forward", "Index Name": "supplier_pkey", "Relation Name": "supplier", "Alias": "supplier", "Startup Cost": 0.0, "Total Cost": 5334.54, "Plan Rows": 100000, "Plan Width": 12}, {"Node Type": "Sort", "Parent Relationship": "Inner", "Startup Cost": 714975.05, "Total Cost": 716827.02, "Plan Rows": 740786, "Plan Width": 88, "Sort Key": ["lineitem.l_suppkey"], "Plans": [{"Node Type": "Nested Loop", "Parent Relationship": "Outer", "Join Type": "Inner", "Startup Cost": 1030.37, "Total Cost": 642753.24, "Plan Rows": 740786, "Plan Width": 88, "Inner Unique": false, "Plans": [{"Node Type": "Nested Loop", "Parent Relationship": "Outer", "Join Type": "Inner", "Startup Cost": 1030.37, "Total Cost": 166015.61, "Plan Rows": 504972, "Plan Width": 64, "Inner Unique": false, "Plans": [{"Node Type": "Nested Loop", "Parent Relationship": "Outer", "Join Type": "Inner", "Startup Cost": 1030.37, "Total Cost": 14893.09, "Plan Rows": 119904, "Plan Width": 64, "Inner Unique": false, "Plans": [{"Node Type": "Nested Loop", "Parent Relationship": "Outer", "Join Type": "Inner", "Startup Cost": 0.0, "Total Cost": 28.12, "Plan Rows": 2, "Plan Width": 60, "Inner Unique": false, "Join Filter": "(((n1.n_name = 'JAPAN'::bpchar) AND (n2.n_name = 'INDIA'::bpchar)) OR ((n1.n_name = 'INDIA'::bpchar) AND (n2.n_name = 'JAPAN'::bpchar)))", "Plans": [{"Node Type": "Index Scan", "Parent Relationship": "Outer", "Scan Direction": "Forward", "Index Name": "nation_pkey", "Relation Name": "nation", "Alias": "n1", "Startup Cost": 0.0, "Total Cost": 12.75, "Plan Rows": 25, "Plan Width": 30, "Filter": "((n_name = 'JAPAN'::bpchar) OR (n_name = 'INDIA'::bpchar))"}, {"Node Type": "Materialize", "Parent Relationship": "Inner", "Startup Cost": 0.0, "Total Cost": 1.38, "Plan Rows": 25, "Plan Width": 30, "Plans": [{"Node Type": "Seq Scan", "Parent Relationship": "Outer", "Relation Name": "nation", "Alias": "n2", "Startup Cost": 0.0, "Total Cost": 1.25, "Plan Rows": 25, "Plan Width": 30, "Filter": "((n_name = 'INDIA'::bpchar) OR (n_name = 'JAPAN'::bpchar))"}]}]}, {"Node Type": "Bitmap Heap Scan", "Parent Relationship": "Inner", "Relation Name": "customer", "Alias": "customer", "Startup Cost": 1030.37, "Total Cost": 6832.48, "Plan Rows": 60000, "Plan Width": 12, "Recheck Cond": "(c_nationkey = n2.n_nationkey)", "Plans": [{"Node Type": "Bitmap Index Scan", "Parent Relationship": "Outer", "Index Name": "idx_customer_nationkey", "Startup Cost": 0.0, "Total Cost": 1015.37, "Plan Rows": 60000, "Plan Width": 0, "Index Cond": "(c_nationkey = n2.n_nationkey)"}]}]}, {"Node Type": "Index Scan", "Parent Relationship": "Inner", "Scan Direction": "Forward", "Index Name": "idx_orders_custkey", "Relation Name": "orders", "Alias": "orders", "Startup Cost": 0.0, "Total Cost": 1.22, "Plan Rows": 4, "Plan Width": 16, "Index Cond": "(o_custkey = customer.c_custkey)"}]}, {"Node Type": "Index Scan", "Parent Relationship": "Inner", "Scan Direction": "Forward", "Index Name": "idx_lineitem_orderkey", "Relation Name": "lineitem", "Alias": "lineitem", "Startup Cost": 0.0, "Total Cost": 0.91, "Plan Rows": 3, "Plan Width": 40, "Index Cond": "(l_orderkey = orders.o_orderkey)", "Filter": "((l_shipdate >= '1995-01-01 00:00:00'::timestamp(0) without time zone) AND (l_shipdate <= '1996-12-31 00:00:00'::timestamp(0) without time zone))"}]}]}]}]}]}, "Unique SQL Id": 2208782157, "Planner Runtime": 4}, "explain_analyze_plan": {"Plan": {"Node Type": "Sort", "Startup Cost": 725181.63, "Total Cost": 725190.85, "Plan Rows": 3688, "Plan Width": 84, "Actual Startup Time": 21300.084, "Actual Total Time": 21300.084, "Actual Rows": 4, "Actual Loops": 1, "Sort Key": ["n1.n_name", "n2.n_name", "(date_part('year'::text, lineitem.l_shipdate))"], "Sort Method": "quicksort", "Sort Space Used": 25, "Sort Space Type": "Memory", "Plans": [{"Node Type": "Aggregate", "Strategy": "Hashed", "Parent Relationship": "Outer", "Startup Cost": 724917.04, "Total Cost": 724963.14, "Plan Rows": 3688, "Plan Width": 84, "Actual Startup Time": 21300.04, "Actual Total Time": 21300.047, "Actual Rows": 4, "Actual Loops": 1, "Group By Key": ["n1.n_name", "n2.n_name", "date_part('year'::text, lineitem.l_shipdate)"], "Plans": [{"Node Type": "Merge Join", "Parent Relationship": "Outer", "Join Type": "Inner", "Startup Cost": 714975.42, "Total Cost": 724861.72, "Plan Rows": 3688, "Plan Width": 76, "Actual Startup Time": 20274.186, "Actual Total Time": 21240.502, "Actual Rows": 58554, "Actual Loops": 1, "Inner Unique": false, "Merge Cond": "(supplier.s_suppkey = lineitem.l_suppkey)", "Join Filter": "(n1.n_nationkey = supplier.s_nationkey)", "Rows Removed by Join Filter": 0, "Plans": [{"Node Type": "Index Scan", "Parent Relationship": "Outer", "Scan Direction": "Forward", "Index Name": "supplier_pkey", "Relation Name": "supplier", "Alias": "supplier", "Startup Cost": 0.0, "Total Cost": 5334.54, "Plan Rows": 100000, "Plan Width": 12, "Actual Startup Time": 0.024, "Actual Total Time": 63.614, "Actual Rows": 100000, "Actual Loops": 1}, {"Node Type": "Sort", "Parent Relationship": "Inner", "Startup Cost": 714975.05, "Total Cost": 716827.02, "Plan Rows": 740786, "Plan Width": 88, "Actual Startup Time": 20273.906, "Actual Total Time": 20626.134, "Actual Rows": 1459150, "Actual Loops": 1, "Sort Key": ["lineitem.l_suppkey"], "Sort Method": "quicksort", "Sort Space Used": 277145, "Sort Space Type": "Memory", "Plans": [{"Node Type": "Nested Loop", "Parent Relationship": "Outer", "Join Type": "Inner", "Startup Cost": 1030.37, "Total Cost": 642753.24, "Plan Rows": 740786, "Plan Width": 88, "Actual Startup Time": 21.279, "Actual Total Time": 19533.042, "Actual Rows": 1459150, "Actual Loops": 1, "Inner Unique": false, "Plans": [{"Node Type": "Nested Loop", "Parent Relationship": "Outer", "Join Type": "Inner", "Startup Cost": 1030.37, "Total Cost": 166015.61, "Plan Rows": 504972, "Plan Width": 64, "Actual Startup Time": 21.205, "Actual Total Time": 4234.573, "Actual Rows": 1200363, "Actual Loops": 1, "Inner Unique": false, "Plans": [{"Node Type": "Nested Loop", "Parent Relationship": "Outer", "Join Type": "Inner", "Startup Cost": 1030.37, "Total Cost": 14893.09, "Plan Rows": 119904, "Plan Width": 64, "Actual Startup Time": 21.186, "Actual Total Time": 291.847, "Actual Rows": 119972, "Actual Loops": 1, "Inner Unique": false, "Plans": [{"Node Type": "Nested Loop", "Parent Relationship": "Outer", "Join Type": "Inner", "Startup Cost": 0.0, "Total Cost": 28.12, "Plan Rows": 2, "Plan Width": 60, "Actual Startup Time": 0.049, "Actual Total Time": 0.153, "Actual Rows": 2, "Actual Loops": 1, "Inner Unique": false, "Join Filter": "(((n1.n_name = 'JAPAN'::bpchar) AND (n2.n_name = 'INDIA'::bpchar)) OR ((n1.n_name = 'INDIA'::bpchar) AND (n2.n_name = 'JAPAN'::bpchar)))", "Rows Removed by Join Filter": 2, "Plans": [{"Node Type": "Index Scan", "Parent Relationship": "Outer", "Scan Direction": "Forward", "Index Name": "nation_pkey", "Relation Name": "nation", "Alias": "n1", "Startup Cost": 0.0, "Total Cost": 12.75, "Plan Rows": 25, "Plan Width": 30, "Actual Startup Time": 0.016, "Actual Total Time": 0.045, "Actual Rows": 2, "Actual Loops": 1, "Filter": "((n_name = 'JAPAN'::bpchar) OR (n_name = 'INDIA'::bpchar))", "Rows Removed by Filter": 23}, {"Node Type": "Materialize", "Parent Relationship": "Inner", "Startup Cost": 0.0, "Total Cost": 1.38, "Plan Rows": 25, "Plan Width": 30, "Actual Startup Time": 0.025, "Actual Total Time": 0.055, "Actual Rows": 4, "Actual Loops": 2, "Plans": [{"Node Type": "Seq Scan", "Parent Relationship": "Outer", "Relation Name": "nation", "Alias": "n2", "Startup Cost": 0.0, "Total Cost": 1.25, "Plan Rows": 25, "Plan Width": 30, "Actual Startup Time": 0.016, "Actual Total Time": 0.038, "Actual Rows": 2, "Actual Loops": 1, "Filter": "((n_name = 'INDIA'::bpchar) OR (n_name = 'JAPAN'::bpchar))", "Rows Removed by Filter": 23}]}]}, {"Node Type": "Bitmap Heap Scan", "Parent Relationship": "Inner", "Relation Name": "customer", "Alias": "customer", "Startup Cost": 1030.37, "Total Cost": 6832.48, "Plan Rows": 60000, "Plan Width": 12, "Actual Startup Time": 42.487, "Actual Total Time": 260.895, "Actual Rows": 119972, "Actual Loops": 2, "Recheck Cond": "(c_nationkey = n2.n_nationkey)", "Rows Removed by Index Recheck": 0, "Exact Heap Blocks": 59938, "Lossy Heap Blocks": 59938, "Plans": [{"Node Type": "Bitmap Index Scan", "Parent Relationship": "Outer", "Index Name": "idx_customer_nationkey", "Startup Cost": 0.0, "Total Cost": 1015.37, "Plan Rows": 60000, "Plan Width": 0, "Actual Startup Time": 28.581, "Actual Total Time": 28.581, "Actual Rows": 119972, "Actual Loops": 2, "Index Cond": "(c_nationkey = n2.n_nationkey)"}]}]}, {"Node Type": "Index Scan", "Parent Relationship": "Inner", "Scan Direction": "Forward", "Index Name": "idx_orders_custkey", "Relation Name": "orders", "Alias": "orders", "Startup Cost": 0.0, "Total Cost": 1.22, "Plan Rows": 4, "Plan Width": 16, "Actual Startup Time": 755.622, "Actual Total Time": 3589.368, "Actual Rows": 1200363, "Actual Loops": 119972, "Index Cond": "(o_custkey = customer.c_custkey)", "Rows Removed by Index Recheck": 0}]}, {"Node Type": "Index Scan", "Parent Relationship": "Inner", "Scan Direction": "Forward", "Index Name": "idx_lineitem_orderkey", "Relation Name": "lineitem", "Alias": "lineitem", "Startup Cost": 0.0, "Total Cost": 0.91, "Plan Rows": 3, "Plan Width": 40, "Actual Startup Time": 13139.028, "Actual Total Time": 14323.189, "Actual Rows": 1459150, "Actual Loops": 1200363, "Index Cond": "(l_orderkey = orders.o_orderkey)", "Rows Removed by Index Recheck": 0, "Filter": "((l_shipdate >= '1995-01-01 00:00:00'::timestamp(0) without time zone) AND (l_shipdate <= '1996-12-31 00:00:00'::timestamp(0) without time zone))", "Rows Removed by Filter": 3342563}]}]}]}]}]}, "Triggers": [], "Planner Runtime": 4, "Total Runtime": 21300.448, "Unique SQL Id": 2208782157}}, "(16, 81)": {"explain_plan": {"Plan": {"Node Type": "Sort", "Startup Cost": 725193.13, "Total Cost": 725202.35, "Plan Rows": 3688, "Plan Width": 84, "Sort Key": ["n1.n_name", "n2.n_name", "(date_part('year'::text, lineitem.l_shipdate))"], "Plans": [{"Node Type": "Aggregate", "Strategy": "Hashed", "Parent Relationship": "Outer", "Startup Cost": 724928.54, "Total Cost": 724974.64, "Plan Rows": 3688, "Plan Width": 84, "Group By Key": ["n1.n_name", "n2.n_name", "date_part('year'::text, lineitem.l_shipdate)"], "Plans": [{"Node Type": "Merge Join", "Parent Relationship": "Outer", "Join Type": "Inner", "Startup Cost": 714986.92, "Total Cost": 724873.22, "Plan Rows": 3688, "Plan Width": 76, "Inner Unique": false, "Merge Cond": "(supplier.s_suppkey = lineitem.l_suppkey)", "Join Filter": "(n1.n_nationkey = supplier.s_nationkey)", "Plans": [{"Node Type": "Index Scan", "Parent Relationship": "Outer", "Scan Direction": "Forward", "Index Name": "supplier_pkey", "Relation Name": "supplier", "Alias": "supplier", "Startup Cost": 0.0, "Total Cost": 5334.54, "Plan Rows": 100000, "Plan Width": 12}, {"Node Type": "Sort", "Parent Relationship": "Inner", "Startup Cost": 714986.55, "Total Cost": 716838.52, "Plan Rows": 740786, "Plan Width": 88, "Sort Key": ["lineitem.l_suppkey"], "Plans": [{"Node Type": "Nested Loop", "Parent Relationship": "Outer", "Join Type": "Inner", "Startup Cost": 1030.37, "Total Cost": 642764.74, "Plan Rows": 740786, "Plan Width": 88, "Inner Unique": false, "Plans": [{"Node Type": "Nested Loop", "Parent Relationship": "Outer", "Join Type": "Inner", "Startup Cost": 1030.37, "Total Cost": 166027.11, "Plan Rows": 504972, "Plan Width": 64, "Inner Unique": false, "Plans": [{"Node Type": "Nested Loop", "Parent Relationship": "Outer", "Join Type": "Inner", "Startup Cost": 1030.37, "Total Cost": 14904.59, "Plan Rows": 119904, "Plan Width": 64, "Inner Unique": false, "Plans": [{"Node Type": "Nested Loop", "Parent Relationship": "Outer", "Join Type": "Inner", "Startup Cost": 0.0, "Total Cost": 39.62, "Plan Rows": 2, "Plan Width": 60, "Inner Unique": false, "Join Filter": "(((n1.n_name = 'JAPAN'::bpchar) AND (n2.n_name = 'INDIA'::bpchar)) OR ((n1.n_name = 'INDIA'::bpchar) AND (n2.n_name = 'JAPAN'::bpchar)))", "Plans": [{"Node Type": "Index Scan", "Parent Relationship": "Outer", "Scan Direction": "Forward", "Index Name": "nation_pkey", "Relation Name": "nation", "Alias": "n1", "Startup Cost": 0.0, "Total Cost": 12.75, "Plan Rows": 25, "Plan Width": 30, "Filter": "((n_name = 'JAPAN'::bpchar) OR (n_name = 'INDIA'::bpchar))"}, {"Node Type": "Materialize", "Parent Relationship": "Inner", "Startup Cost": 0.0, "Total Cost": 12.88, "Plan Rows": 25, "Plan Width": 30, "Plans": [{"Node Type": "Index Scan", "Parent Relationship": "Outer", "Scan Direction": "Forward", "Index Name": "nation_pkey", "Relation Name": "nation", "Alias": "n2", "Startup Cost": 0.0, "Total Cost": 12.75, "Plan Rows": 25, "Plan Width": 30, "Filter": "((n_name = 'INDIA'::bpchar) OR (n_name = 'JAPAN'::bpchar))"}]}]}, {"Node Type": "Bitmap Heap Scan", "Parent Relationship": "Inner", "Relation Name": "customer", "Alias": "customer", "Startup Cost": 1030.37, "Total Cost": 6832.48, "Plan Rows": 60000, "Plan Width": 12, "Recheck Cond": "(c_nationkey = n2.n_nationkey)", "Plans": [{"Node Type": "Bitmap Index Scan", "Parent Relationship": "Outer", "Index Name": "idx_customer_nationkey", "Startup Cost": 0.0, "Total Cost": 1015.37, "Plan Rows": 60000, "Plan Width": 0, "Index Cond": "(c_nationkey = n2.n_nationkey)"}]}]}, {"Node Type": "Index Scan", "Parent Relationship": "Inner", "Scan Direction": "Forward", "Index Name": "idx_orders_custkey", "Relation Name": "orders", "Alias": "orders", "Startup Cost": 0.0, "Total Cost": 1.22, "Plan Rows": 4, "Plan Width": 16, "Index Cond": "(o_custkey = customer.c_custkey)"}]}, {"Node Type": "Index Scan", "Parent Relationship": "Inner", "Scan Direction": "Forward", "Index Name": "idx_lineitem_orderkey", "Relation Name": "lineitem", "Alias": "lineitem", "Startup Cost": 0.0, "Total Cost": 0.91, "Plan Rows": 3, "Plan Width": 40, "Index Cond": "(l_orderkey = orders.o_orderkey)", "Filter": "((l_shipdate >= '1995-01-01 00:00:00'::timestamp(0) without time zone) AND (l_shipdate <= '1996-12-31 00:00:00'::timestamp(0) without time zone))"}]}]}]}]}]}, "Unique SQL Id": 2208782157, "Planner Runtime": 4}, "explain_analyze_plan": {"Plan": {"Node Type": "Sort", "Startup Cost": 725193.13, "Total Cost": 725202.35, "Plan Rows": 3688, "Plan Width": 84, "Actual Startup Time": 21458.025, "Actual Total Time": 21458.026, "Actual Rows": 4, "Actual Loops": 1, "Sort Key": ["n1.n_name", "n2.n_name", "(date_part('year'::text, lineitem.l_shipdate))"], "Sort Method": "quicksort", "Sort Space Used": 25, "Sort Space Type": "Memory", "Plans": [{"Node Type": "Aggregate", "Strategy": "Hashed", "Parent Relationship": "Outer", "Startup Cost": 724928.54, "Total Cost": 724974.64, "Plan Rows": 3688, "Plan Width": 84, "Actual Startup Time": 21457.982, "Actual Total Time": 21457.988, "Actual Rows": 4, "Actual Loops": 1, "Group By Key": ["n1.n_name", "n2.n_name", "date_part('year'::text, lineitem.l_shipdate)"], "Plans": [{"Node Type": "Merge Join", "Parent Relationship": "Outer", "Join Type": "Inner", "Startup Cost": 714986.92, "Total Cost": 724873.22, "Plan Rows": 3688, "Plan Width": 76, "Actual Startup Time": 20277.845, "Actual Total Time": 21398.727, "Actual Rows": 58554, "Actual Loops": 1, "Inner Unique": false, "Merge Cond": "(supplier.s_suppkey = lineitem.l_suppkey)", "Join Filter": "(n1.n_nationkey = supplier.s_nationkey)", "Rows Removed by Join Filter": 0, "Plans": [{"Node Type": "Index Scan", "Parent Relationship": "Outer", "Scan Direction": "Forward", "Index Name": "supplier_pkey", "Relation Name": "supplier", "Alias": "supplier", "Startup Cost": 0.0, "Total Cost": 5334.54, "Plan Rows": 100000, "Plan Width": 12, "Actual Startup Time": 0.022, "Actual Total Time": 72.982, "Actual Rows": 100000, "Actual Loops": 1}, {"Node Type": "Sort", "Parent Relationship": "Inner", "Startup Cost": 714986.55, "Total Cost": 716838.52, "Plan Rows": 740786, "Plan Width": 88, "Actual Startup Time": 20277.436, "Actual Total Time": 20745.604, "Actual Rows": 1459150, "Actual Loops": 1, "Sort Key": ["lineitem.l_suppkey"], "Sort Method": "quicksort", "Sort Space Used": 277145, "Sort Space Type": "Memory", "Plans": [{"Node Type": "Nested Loop", "Parent Relationship": "Outer", "Join Type": "Inner", "Startup Cost": 1030.37, "Total Cost": 642764.74, "Plan Rows": 740786, "Plan Width": 88, "Actual Startup Time": 21.542, "Actual Total Time": 19535.016, "Actual Rows": 1459150, "Actual Loops": 1, "Inner Unique": false, "Plans": [{"Node Type": "Nested Loop", "Parent Relationship": "Outer", "Join Type": "Inner", "Startup Cost": 1030.37, "Total Cost": 166027.11, "Plan Rows": 504972, "Plan Width": 64, "Actual Startup Time": 21.466, "Actual Total Time": 4245.867, "Actual Rows": 1200363, "Actual Loops": 1, "Inner Unique": false, "Plans": [{"Node Type": "Nested Loop", "Parent Relationship": "Outer", "Join Type": "Inner", "Startup Cost": 1030.37, "Total Cost": 14904.59, "Plan Rows": 119904, "Plan Width": 64, "Actual Startup Time": 21.448, "Actual Total Time": 292.966, "Actual Rows": 119972, "Actual Loops": 1, "Inner Unique": false, "Plans": [{"Node Type": "Nested Loop", "Parent Relationship": "Outer", "Join Type": "Inner", "Startup Cost": 0.0, "Total Cost": 39.62, "Plan Rows": 2, "Plan Width": 60, "Actual Startup Time": 0.039, "Actual Total Time": 0.199, "Actual Rows": 2, "Actual Loops": 1, "Inner Unique": false, "Join Filter": "(((n1.n_name = 'JAPAN'::bpchar) AND (n2.n_name = 'INDIA'::bpchar)) OR ((n1.n_name = 'INDIA'::bpchar) AND (n2.n_name = 'JAPAN'::bpchar)))", "Rows Removed by Join Filter": 2, "Plans": [{"Node Type": "Index Scan", "Parent Relationship": "Outer", "Scan Direction": "Forward", "Index Name": "nation_pkey", "Relation Name": "nation", "Alias": "n1", "Startup Cost": 0.0, "Total Cost": 12.75, "Plan Rows": 25, "Plan Width": 30, "Actual Startup Time": 0.016, "Actual Total Time": 0.042, "Actual Rows": 2, "Actual Loops": 1, "Filter": "((n_name = 'JAPAN'::bpchar) OR (n_name = 'INDIA'::bpchar))", "Rows Removed by Filter": 23}, {"Node Type": "Materialize", "Parent Relationship": "Inner", "Startup Cost": 0.0, "Total Cost": 12.88, "Plan Rows": 25, "Plan Width": 30, "Actual Startup Time": 0.014, "Actual Total Time": 0.043, "Actual Rows": 4, "Actual Loops": 2, "Plans": [{"Node Type": "Index Scan", "Parent Relationship": "Outer", "Scan Direction": "Forward", "Index Name": "nation_pkey", "Relation Name": "nation", "Alias": "n2", "Startup Cost": 0.0, "Total Cost": 12.75, "Plan Rows": 25, "Plan Width": 30, "Actual Startup Time": 0.011, "Actual Total Time": 0.034, "Actual Rows": 2, "Actual Loops": 1, "Filter": "((n_name = 'INDIA'::bpchar) OR (n_name = 'JAPAN'::bpchar))", "Rows Removed by Filter": 23}]}]}, {"Node Type": "Bitmap Heap Scan", "Parent Relationship": "Inner", "Relation Name": "customer", "Alias": "customer", "Startup Cost": 1030.37, "Total Cost": 6832.48, "Plan Rows": 60000, "Plan Width": 12, "Actual Startup Time": 43.024, "Actual Total Time": 262.061, "Actual Rows": 119972, "Actual Loops": 2, "Recheck Cond": "(c_nationkey = n2.n_nationkey)", "Rows Removed by Index Recheck": 0, "Exact Heap Blocks": 59938, "Lossy Heap Blocks": 59938, "Plans": [{"Node Type": "Bitmap Index Scan", "Parent Relationship": "Outer", "Index Name": "idx_customer_nationkey", "Startup Cost": 0.0, "Total Cost": 1015.37, "Plan Rows": 60000, "Plan Width": 0, "Actual Startup Time": 29.13, "Actual Total Time": 29.13, "Actual Rows": 119972, "Actual Loops": 2, "Index Cond": "(c_nationkey = n2.n_nationkey)"}]}]}, {"Node Type": "Index Scan", "Parent Relationship": "Inner", "Scan Direction": "Forward", "Index Name": "idx_orders_custkey", "Relation Name": "orders", "Alias": "orders", "Startup Cost": 0.0, "Total Cost": 1.22, "Plan Rows": 4, "Plan Width": 16, "Actual Startup Time": 753.97, "Actual Total Time": 3599.097, "Actual Rows": 1200363, "Actual Loops": 119972, "Index Cond": "(o_custkey = customer.c_custkey)", "Rows Removed by Index Recheck": 0}]}, {"Node Type": "Index Scan", "Parent Relationship": "Inner", "Scan Direction": "Forward", "Index Name": "idx_lineitem_orderkey", "Relation Name": "lineitem", "Alias": "lineitem", "Startup Cost": 0.0, "Total Cost": 0.91, "Plan Rows": 3, "Plan Width": 40, "Actual Startup Time": 13125.222, "Actual Total Time": 14306.156, "Actual Rows": 1459150, "Actual Loops": 1200363, "Index Cond": "(l_orderkey = orders.o_orderkey)", "Rows Removed by Index Recheck": 0, "Filter": "((l_shipdate >= '1995-01-01 00:00:00'::timestamp(0) without time zone) AND (l_shipdate <= '1996-12-31 00:00:00'::timestamp(0) without time zone))", "Rows Removed by Filter": 3342563}]}]}]}]}]}, "Triggers": [], "Planner Runtime": 4, "Total Runtime": 21458.404, "Unique SQL Id": 2208782157}}, "(16, 82)": {"explain_plan": {"Plan": {"Node Type": "Sort", "Startup Cost": 2954241.64, "Total Cost": 2954250.86, "Plan Rows": 3688, "Plan Width": 84, "Sort Key": ["n1.n_name", "n2.n_name", "(date_part('year'::text, lineitem.l_shipdate))"], "Plans": [{"Node Type": "Aggregate", "Strategy": "Hashed", "Parent Relationship": "Outer", "Startup Cost": 2953977.05, "Total Cost": 2954023.15, "Plan Rows": 3688, "Plan Width": 84, "Group By Key": ["n1.n_name", "n2.n_name", "date_part('year'::text, lineitem.l_shipdate)"], "Plans": [{"Node Type": "Merge Join", "Parent Relationship": "Outer", "Join Type": "Inner", "Startup Cost": 2947588.86, "Total Cost": 2953921.73, "Plan Rows": 3688, "Plan Width": 76, "Inner Unique": true, "Merge Cond": "((lineitem.l_suppkey = supplier.s_suppkey) AND (n1.n_nationkey = supplier.s_nationkey))", "Plans": [{"Node Type": "Sort", "Parent Relationship": "Outer", "Startup Cost": 2936000.49, "Total Cost": 2937852.45, "Plan Rows": 740786, "Plan Width": 88, "Sort Key": ["lineitem.l_suppkey", "n1.n_nationkey"], "Plans": [{"Node Type": "Nested Loop", "Parent Relationship": "Outer", "Join Type": "Inner", "Startup Cost": 1031.18, "Total Cost": 2863778.68, "Plan Rows": 740786, "Plan Width": 88, "Inner Unique": false, "Plans": [{"Node Type": "Nested Loop", "Parent Relationship": "Outer", "Join Type": "Inner", "Startup Cost": 1030.8, "Total Cost": 557356.7, "Plan Rows": 504972, "Plan Width": 64, "Inner Unique": false, "Plans": [{"Node Type": "Nested Loop", "Parent Relationship": "Outer", "Join Type": "Inner", "Startup Cost": 1030.37, "Total Cost": 14881.59, "Plan Rows": 119904, "Plan Width": 64, "Inner Unique": false, "Plans": [{"Node Type": "Nested Loop", "Parent Relationship": "Outer", "Join Type": "Inner", "Startup Cost": 0.0, "Total Cost": 16.62, "Plan Rows": 2, "Plan Width": 60, "Inner Unique": false, "Join Filter": "(((n1.n_name = 'JAPAN'::bpchar) AND (n2.n_name = 'INDIA'::bpchar)) OR ((n1.n_name = 'INDIA'::bpchar) AND (n2.n_name = 'JAPAN'::bpchar)))", "Plans": [{"Node Type": "Seq Scan", "Parent Relationship": "Outer", "Relation Name": "nation", "Alias": "n1", "Startup Cost": 0.0, "Total Cost": 1.25, "Plan Rows": 25, "Plan Width": 30, "Filter": "((n_name = 'JAPAN'::bpchar) OR (n_name = 'INDIA'::bpchar))"}, {"Node Type": "Materialize", "Parent Relationship": "Inner", "Startup Cost": 0.0, "Total Cost": 1.38, "Plan Rows": 25, "Plan Width": 30, "Plans": [{"Node Type": "Seq Scan", "Parent Relationship": "Outer", "Relation Name": "nation", "Alias": "n2", "Startup Cost": 0.0, "Total Cost": 1.25, "Plan Rows": 25, "Plan Width": 30, "Filter": "((n_name = 'INDIA'::bpchar) OR (n_name = 'JAPAN'::bpchar))"}]}]}, {"Node Type": "Bitmap Heap Scan", "Parent Relationship": "Inner", "Relation Name": "customer", "Alias": "customer", "Startup Cost": 1030.37, "Total Cost": 6832.48, "Plan Rows": 60000, "Plan Width": 12, "Recheck Cond": "(c_nationkey = n2.n_nationkey)", "Plans": [{"Node Type": "Bitmap Index Scan", "Parent Relationship": "Outer", "Index Name": "idx_customer_nationkey", "Startup Cost": 0.0, "Total Cost": 1015.37, "Plan Rows": 60000, "Plan Width": 0, "Index Cond": "(c_nationkey = n2.n_nationkey)"}]}]}, {"Node Type": "Bitmap Heap Scan", "Parent Relationship": "Inner", "Relation Name": "orders", "Alias": "orders", "Startup Cost": 0.43, "Total Cost": 4.48, "Plan Rows": 4, "Plan Width": 16, "Recheck Cond": "(o_custkey = customer.c_custkey)", "Plans": [{"Node Type": "Bitmap Index Scan", "Parent Relationship": "Outer", "Index Name": "idx_orders_custkey", "Startup Cost": 0.0, "Total Cost": 0.43, "Plan Rows": 4, "Plan Width": 0, "Index Cond": "(o_custkey = customer.c_custkey)"}]}]}, {"Node Type": "Bitmap Heap Scan", "Parent Relationship": "Inner", "Relation Name": "lineitem", "Alias": "lineitem", "Startup Cost": 0.38, "Total Cost": 4.54, "Plan Rows": 3, "Plan Width": 40, "Recheck Cond": "(l_orderkey = orders.o_orderkey)", "Filter": "((l_shipdate >= '1995-01-01 00:00:00'::timestamp(0) without time zone) AND (l_shipdate <= '1996-12-31 00:00:00'::timestamp(0) without time zone))", "Plans": [{"Node Type": "Bitmap Index Scan", "Parent Relationship": "Outer", "Index Name": "idx_lineitem_orderkey", "Startup Cost": 0.0, "Total Cost": 0.38, "Plan Rows": 9, "Plan Width": 0, "Index Cond": "(l_orderkey = orders.o_orderkey)"}]}]}]}, {"Node Type": "Sort", "Parent Relationship": "Inner", "Startup Cost": 11587.82, "Total Cost": 11837.82, "Plan Rows": 100000, "Plan Width": 12, "Sort Key": ["supplier.s_suppkey", "supplier.s_nationkey"], "Plans": [{"Node Type": "Seq Scan", "Parent Relationship": "Outer", "Relation Name": "supplier", "Alias": "supplier", "Startup Cost": 0.0, "Total Cost": 3283.0, "Plan Rows": 100000, "Plan Width": 12}]}]}]}]}, "Unique SQL Id": 2208782157, "Planner Runtime": 4}, "explain_analyze_plan": {"Plan": {"Node Type": "Sort", "Startup Cost": 2954241.64, "Total Cost": 2954250.86, "Plan Rows": 3688, "Plan Width": 84, "Actual Startup Time": 24734.5, "Actual Total Time": 24734.501, "Actual Rows": 4, "Actual Loops": 1, "Sort Key": ["n1.n_name", "n2.n_name", "(date_part('year'::text, lineitem.l_shipdate))"], "Sort Method": "quicksort", "Sort Space Used": 25, "Sort Space Type": "Memory", "Plans": [{"Node Type": "Aggregate", "Strategy": "Hashed", "Parent Relationship": "Outer", "Startup Cost": 2953977.05, "Total Cost": 2954023.15, "Plan Rows": 3688, "Plan Width": 84, "Actual Startup Time": 24734.453, "Actual Total Time": 24734.461, "Actual Rows": 4, "Actual Loops": 1, "Group By Key": ["n1.n_name", "n2.n_name", "date_part('year'::text, lineitem.l_shipdate)"], "Plans": [{"Node Type": "Merge Join", "Parent Relationship": "Outer", "Join Type": "Inner", "Startup Cost": 2947588.86, "Total Cost": 2953921.73, "Plan Rows": 3688, "Plan Width": 76, "Actual Startup Time": 23805.113, "Actual Total Time": 24675.729, "Actual Rows": 58554, "Actual Loops": 1, "Inner Unique": true, "Merge Cond": "((lineitem.l_suppkey = supplier.s_suppkey) AND (n1.n_nationkey = supplier.s_nationkey))", "Plans": [{"Node Type": "Sort", "Parent Relationship": "Outer", "Startup Cost": 2936000.49, "Total Cost": 2937852.45, "Plan Rows": 740786, "Plan Width": 88, "Actual Startup Time": 23729.372, "Actual Total Time": 24184.951, "Actual Rows": 1459145, "Actual Loops": 1, "Sort Key": ["lineitem.l_suppkey", "n1.n_nationkey"], "Sort Method": "quicksort", "Sort Space Used": 277145, "Sort Space Type": "Memory", "Plans": [{"Node Type": "Nested Loop", "Parent Relationship": "Outer", "Join Type": "Inner", "Startup Cost": 1031.18, "Total Cost": 2863778.68, "Plan Rows": 740786, "Plan Width": 88, "Actual Startup Time": 21.566, "Actual Total Time": 22248.42, "Actual Rows": 1459150, "Actual Loops": 1, "Inner Unique": false, "Plans": [{"Node Type": "Nested Loop", "Parent Relationship": "Outer", "Join Type": "Inner", "Startup Cost": 1030.8, "Total Cost": 557356.7, "Plan Rows": 504972, "Plan Width": 64, "Actual Startup Time": 21.482, "Actual Total Time": 5041.086, "Actual Rows": 1200363, "Actual Loops": 1, "Inner Unique": false, "Plans": [{"Node Type": "Nested Loop", "Parent Relationship": "Outer", "Join Type": "Inner", "Startup Cost": 1030.37, "Total Cost": 14881.59, "Plan Rows": 119904, "Plan Width": 64, "Actual Startup Time": 21.44, "Actual Total Time": 284.688, "Actual Rows": 119972, "Actual Loops": 1, "Inner Unique": false, "Plans": [{"Node Type": "Nested Loop", "Parent Relationship": "Outer", "Join Type": "Inner", "Startup Cost": 0.0, "Total Cost": 16.62, "Plan Rows": 2, "Plan Width": 60, "Actual Startup Time": 0.049, "Actual Total Time": 0.16, "Actual Rows": 2, "Actual Loops": 1, "Inner Unique": false, "Join Filter": "(((n1.n_name = 'JAPAN'::bpchar) AND (n2.n_name = 'INDIA'::bpchar)) OR ((n1.n_name = 'INDIA'::bpchar) AND (n2.n_name = 'JAPAN'::bpchar)))", "Rows Removed by Join Filter": 2, "Plans": [{"Node Type": "Seq Scan", "Parent Relationship": "Outer", "Relation Name": "nation", "Alias": "n1", "Startup Cost": 0.0, "Total Cost": 1.25, "Plan Rows": 25, "Plan Width": 30, "Actual Startup Time": 0.023, "Actual Total Time": 0.049, "Actual Rows": 2, "Actual Loops": 1, "Filter": "((n_name = 'JAPAN'::bpchar) OR (n_name = 'INDIA'::bpchar))", "Rows Removed by Filter": 23}, {"Node Type": "Materialize", "Parent Relationship": "Inner", "Startup Cost": 0.0, "Total Cost": 1.38, "Plan Rows": 25, "Plan Width": 30, "Actual Startup Time": 0.019, "Actual Total Time": 0.055, "Actual Rows": 4, "Actual Loops": 2, "Plans": [{"Node Type": "Seq Scan", "Parent Relationship": "Outer", "Relation Name": "nation", "Alias": "n2", "Startup Cost": 0.0, "Total Cost": 1.25, "Plan Rows": 25, "Plan Width": 30, "Actual Startup Time": 0.014, "Actual Total Time": 0.038, "Actual Rows": 2, "Actual Loops": 1, "Filter": "((n_name = 'INDIA'::bpchar) OR (n_name = 'JAPAN'::bpchar))", "Rows Removed by Filter": 23}]}]}, {"Node Type": "Bitmap Heap Scan", "Parent Relationship": "Inner", "Relation Name": "customer", "Alias": "customer", "Startup Cost": 1030.37, "Total Cost": 6832.48, "Plan Rows": 60000, "Plan Width": 12, "Actual Startup Time": 42.388, "Actual Total Time": 252.641, "Actual Rows": 119972, "Actual Loops": 2, "Recheck Cond": "(c_nationkey = n2.n_nationkey)", "Rows Removed by Index Recheck": 0, "Exact Heap Blocks": 59938, "Lossy Heap Blocks": 59938, "Plans": [{"Node Type": "Bitmap Index Scan", "Parent Relationship": "Outer", "Index Name": "idx_customer_nationkey", "Startup Cost": 0.0, "Total Cost": 1015.37, "Plan Rows": 60000, "Plan Width": 0, "Actual Startup Time": 28.589, "Actual Total Time": 28.589, "Actual Rows": 119972, "Actual Loops": 2, "Index Cond": "(c_nationkey = n2.n_nationkey)"}]}]}, {"Node Type": "Bitmap Heap Scan", "Parent Relationship": "Inner", "Relation Name": "orders", "Alias": "orders", "Startup Cost": 0.43, "Total Cost": 4.48, "Plan Rows": 4, "Plan Width": 16, "Actual Startup Time": 1163.874, "Actual Total Time": 4319.916, "Actual Rows": 1200363, "Actual Loops": 119972, "Recheck Cond": "(o_custkey = customer.c_custkey)", "Rows Removed by Index Recheck": 0, "Exact Heap Blocks": 1200331, "Lossy Heap Blocks": 1200331, "Plans": [{"Node Type": "Bitmap Index Scan", "Parent Relationship": "Outer", "Index Name": "idx_orders_custkey", "Startup Cost": 0.0, "Total Cost": 0.43, "Plan Rows": 4, "Plan Width": 0, "Actual Startup Time": 724.739, "Actual Total Time": 724.739, "Actual Rows": 1200363, "Actual Loops": 119972, "Index Cond": "(o_custkey = customer.c_custkey)"}]}]}, {"Node Type": "Bitmap Heap Scan", "Parent Relationship": "Inner", "Relation Name": "lineitem", "Alias": "lineitem", "Startup Cost": 0.38, "Total Cost": 4.54, "Plan Rows": 3, "Plan Width": 40, "Actual Startup Time": 14840.586, "Actual Total Time": 15455.689, "Actual Rows": 1459150, "Actual Loops": 1200363, "Recheck Cond": "(l_orderkey = orders.o_orderkey)", "Rows Removed by Index Recheck": 0, "Filter": "((l_shipdate >= '1995-01-01 00:00:00'::timestamp(0) without time zone) AND (l_shipdate <= '1996-12-31 00:00:00'::timestamp(0) without time zone))", "Rows Removed by Filter": 3342563, "Exact Heap Blocks": 1285989, "Lossy Heap Blocks": 1285989, "Plans": [{"Node Type": "Bitmap Index Scan", "Parent Relationship": "Outer", "Index Name": "idx_lineitem_orderkey", "Startup Cost": 0.0, "Total Cost": 0.38, "Plan Rows": 9, "Plan Width": 0, "Actual Startup Time": 8426.768, "Actual Total Time": 8426.768, "Actual Rows": 4801713, "Actual Loops": 1200363, "Index Cond": "(l_orderkey = orders.o_orderkey)"}]}]}]}, {"Node Type": "Sort", "Parent Relationship": "Inner", "Startup Cost": 11587.82, "Total Cost": 11837.82, "Plan Rows": 100000, "Plan Width": 12, "Actual Startup Time": 75.555, "Actual Total Time": 91.901, "Actual Rows": 100000, "Actual Loops": 1, "Sort Key": ["supplier.s_suppkey", "supplier.s_nationkey"], "Sort Method": "quicksort", "Sort Space Used": 12448, "Sort Space Type": "Memory", "Plans": [{"Node Type": "Seq Scan", "Parent Relationship": "Outer", "Relation Name": "supplier", "Alias": "supplier", "Startup Cost": 0.0, "Total Cost": 3283.0, "Plan Rows": 100000, "Plan Width": 12, "Actual Startup Time": 0.07, "Actual Total Time": 36.993, "Actual Rows": 100000, "Actual Loops": 1}]}]}]}]}, "Triggers": [], "Planner Runtime": 4, "Total Runtime": 24734.901, "Unique SQL Id": 2208782157}}, "(16, 83)": {"explain_plan": {"Plan": {"Node Type": "Sort", "Startup Cost": 99673674.43, "Total Cost": 99673683.65, "Plan Rows": 3688, "Plan Width": 84, "Sort Key": ["n1.n_name", "n2.n_name", "(date_part('year'::text, lineitem.l_shipdate))"], "Plans": [{"Node Type": "Aggregate", "Strategy": "Hashed", "Parent Relationship": "Outer", "Startup Cost": 99673409.84, "Total Cost": 99673455.94, "Plan Rows": 3688, "Plan Width": 84, "Group By Key": ["n1.n_name", "n2.n_name", "date_part('year'::text, lineitem.l_shipdate)"], "Plans": [{"Node Type": "Nested Loop", "Parent Relationship": "Outer", "Join Type": "Inner", "Startup Cost": 627986.71, "Total Cost": 99673354.52, "Plan Rows": 3688, "Plan Width": 76, "Inner Unique": true, "Join Filter": "(((n1.n_name = 'JAPAN'::bpchar) AND (n2.n_name = 'INDIA'::bpchar)) OR ((n1.n_name = 'INDIA'::bpchar) AND (n2.n_name = 'JAPAN'::bpchar)))", "Plans": [{"Node Type": "Nested Loop", "Parent Relationship": "Outer", "Join Type": "Inner", "Startup Cost": 627986.45, "Total Cost": 94724471.42, "Plan Rows": 1153515, "Plan Width": 54, "Inner Unique": true, "Plans": [{"Node Type": "Nested Loop", "Parent Relationship": "Outer", "Join Type": "Inner", "Startup Cost": 627986.2, "Total Cost": 89787046.56, "Plan Rows": 1153515, "Plan Width": 32, "Inner Unique": true, "Plans": [{"Node Type": "Nested Loop", "Parent Relationship": "Outer", "Join Type": "Inner", "Startup Cost": 627985.94, "Total Cost": 84848088.55, "Plan Rows": 1153515, "Plan Width": 36, "Inner Unique": true, "Plans": [{"Node Type": "Nested Loop", "Parent Relationship": "Outer", "Join Type": "Inner", "Startup Cost": 627985.67, "Total Cost": 79896146.0, "Plan Rows": 1153515, "Plan Width": 36, "Inner Unique": true, "Plans": [{"Node Type": "Bitmap Heap Scan", "Parent Relationship": "Outer", "Relation Name": "lineitem", "Alias": "lineitem", "Startup Cost": 627985.41, "Total Cost": 2315105.27, "Plan Rows": 18124991, "Plan Width": 40, "Recheck Cond": "((l_shipdate >= '1995-01-01 00:00:00'::timestamp(0) without time zone) AND (l_shipdate <= '1996-12-31 00:00:00'::timestamp(0) without time zone)), (LLVM Optimized)", "Plans": [{"Node Type": "Bitmap Index Scan", "Parent Relationship": "Outer", "Index Name": "idx_lineitem_shipdate", "Startup Cost": 0.0, "Total Cost": 623454.16, "Plan Rows": 18124991, "Plan Width": 0, "Index Cond": "((l_shipdate >= '1995-01-01 00:00:00'::timestamp(0) without time zone) AND (l_shipdate <= '1996-12-31 00:00:00'::timestamp(0) without time zone))"}]}, {"Node Type": "Bitmap Heap Scan", "Parent Relationship": "Inner", "Relation Name": "supplier", "Alias": "supplier", "Startup Cost": 0.26, "Total Cost": 4.27, "Plan Rows": 1, "Plan Width": 12, "Recheck Cond": "(s_suppkey = lineitem.l_suppkey)", "Plans": [{"Node Type": "Bitmap Index Scan", "Parent Relationship": "Outer", "Index Name": "supplier_pkey", "Startup Cost": 0.0, "Total Cost": 0.26, "Plan Rows": 1, "Plan Width": 0, "Index Cond": "(s_suppkey = lineitem.l_suppkey)"}]}]}, {"Node Type": "Bitmap Heap Scan", "Parent Relationship": "Inner", "Relation Name": "orders", "Alias": "orders", "Startup Cost": 0.27, "Total Cost": 4.28, "Plan Rows": 1, "Plan Width": 16, "Recheck Cond": "(o_orderkey = lineitem.l_orderkey)", "Plans": [{"Node Type": "Bitmap Index Scan", "Parent Relationship": "Outer", "Index Name": "orders_pkey", "Startup Cost": 0.0, "Total Cost": 0.27, "Plan Rows": 1, "Plan Width": 0, "Index Cond": "(o_orderkey = lineitem.l_orderkey)"}]}]}, {"Node Type": "Bitmap Heap Scan", "Parent Relationship": "Inner", "Relation Name": "customer", "Alias": "customer", "Startup Cost": 0.26, "Total Cost": 4.27, "Plan Rows": 1, "Plan Width": 12, "Recheck Cond": "(c_custkey = orders.o_custkey)", "Plans": [{"Node Type": "Bitmap Index Scan", "Parent Relationship": "Outer", "Index Name": "customer_pkey", "Startup Cost": 0.0, "Total Cost": 0.26, "Plan Rows": 1, "Plan Width": 0, "Index Cond": "(c_custkey = orders.o_custkey)"}]}]}, {"Node Type": "Bitmap Heap Scan", "Parent Relationship": "Inner", "Relation Name": "nation", "Alias": "n1", "Startup Cost": 0.26, "Total Cost": 4.27, "Plan Rows": 1, "Plan Width": 30, "Recheck Cond": "(n_nationkey = supplier.s_nationkey)", "Filter": "((n_name = 'JAPAN'::bpchar) OR (n_name = 'INDIA'::bpchar))", "Plans": [{"Node Type": "Bitmap Index Scan", "Parent Relationship": "Outer", "Index Name": "nation_pkey", "Startup Cost": 0.0, "Total Cost": 0.26, "Plan Rows": 1, "Plan Width": 0, "Index Cond": "(n_nationkey = supplier.s_nationkey)"}]}]}, {"Node Type": "Bitmap Heap Scan", "Parent Relationship": "Inner", "Relation Name": "nation", "Alias": "n2", "Startup Cost": 0.26, "Total Cost": 4.27, "Plan Rows": 1, "Plan Width": 30, "Recheck Cond": "(n_nationkey = customer.c_nationkey)", "Filter": "((n_name = 'INDIA'::bpchar) OR (n_name = 'JAPAN'::bpchar))", "Plans": [{"Node Type": "Bitmap Index Scan", "Parent Relationship": "Outer", "Index Name": "nation_pkey", "Startup Cost": 0.0, "Total Cost": 0.26, "Plan Rows": 1, "Plan Width": 0, "Index Cond": "(n_nationkey = customer.c_nationkey)"}]}]}]}]}, "Unique SQL Id": 2208782157, "Planner Runtime": 3}, "explain_analyze_plan": null}, "(16, 84)": {"explain_plan": {"Plan": {"Node Type": "Sort", "Startup Cost": 725181.63, "Total Cost": 725190.85, "Plan Rows": 3688, "Plan Width": 84, "Sort Key": ["n1.n_name", "n2.n_name", "(date_part('year'::text, lineitem.l_shipdate))"], "Plans": [{"Node Type": "Aggregate", "Strategy": "Hashed", "Parent Relationship": "Outer", "Startup Cost": 724917.04, "Total Cost": 724963.14, "Plan Rows": 3688, "Plan Width": 84, "Group By Key": ["n1.n_name", "n2.n_name", "date_part('year'::text, lineitem.l_shipdate)"], "Plans": [{"Node Type": "Merge Join", "Parent Relationship": "Outer", "Join Type": "Inner", "Startup Cost": 714975.42, "Total Cost": 724861.72, "Plan Rows": 3688, "Plan Width": 76, "Inner Unique": false, "Merge Cond": "(supplier.s_suppkey = lineitem.l_suppkey)", "Join Filter": "(n1.n_nationkey = supplier.s_nationkey)", "Plans": [{"Node Type": "Index Scan", "Parent Relationship": "Outer", "Scan Direction": "Forward", "Index Name": "supplier_pkey", "Relation Name": "supplier", "Alias": "supplier", "Startup Cost": 0.0, "Total Cost": 5334.54, "Plan Rows": 100000, "Plan Width": 12}, {"Node Type": "Sort", "Parent Relationship": "Inner", "Startup Cost": 714975.05, "Total Cost": 716827.02, "Plan Rows": 740786, "Plan Width": 88, "Sort Key": ["lineitem.l_suppkey"], "Plans": [{"Node Type": "Nested Loop", "Parent Relationship": "Outer", "Join Type": "Inner", "Startup Cost": 1030.37, "Total Cost": 642753.24, "Plan Rows": 740786, "Plan Width": 88, "Inner Unique": false, "Plans": [{"Node Type": "Nested Loop", "Parent Relationship": "Outer", "Join Type": "Inner", "Startup Cost": 1030.37, "Total Cost": 166015.61, "Plan Rows": 504972, "Plan Width": 64, "Inner Unique": false, "Plans": [{"Node Type": "Nested Loop", "Parent Relationship": "Outer", "Join Type": "Inner", "Startup Cost": 1030.37, "Total Cost": 14893.09, "Plan Rows": 119904, "Plan Width": 64, "Inner Unique": false, "Plans": [{"Node Type": "Nested Loop", "Parent Relationship": "Outer", "Join Type": "Inner", "Startup Cost": 0.0, "Total Cost": 28.12, "Plan Rows": 2, "Plan Width": 60, "Inner Unique": false, "Join Filter": "(((n1.n_name = 'JAPAN'::bpchar) AND (n2.n_name = 'INDIA'::bpchar)) OR ((n1.n_name = 'INDIA'::bpchar) AND (n2.n_name = 'JAPAN'::bpchar)))", "Plans": [{"Node Type": "Index Scan", "Parent Relationship": "Outer", "Scan Direction": "Forward", "Index Name": "nation_pkey", "Relation Name": "nation", "Alias": "n1", "Startup Cost": 0.0, "Total Cost": 12.75, "Plan Rows": 25, "Plan Width": 30, "Filter": "((n_name = 'JAPAN'::bpchar) OR (n_name = 'INDIA'::bpchar))"}, {"Node Type": "Materialize", "Parent Relationship": "Inner", "Startup Cost": 0.0, "Total Cost": 1.38, "Plan Rows": 25, "Plan Width": 30, "Plans": [{"Node Type": "Seq Scan", "Parent Relationship": "Outer", "Relation Name": "nation", "Alias": "n2", "Startup Cost": 0.0, "Total Cost": 1.25, "Plan Rows": 25, "Plan Width": 30, "Filter": "((n_name = 'INDIA'::bpchar) OR (n_name = 'JAPAN'::bpchar))"}]}]}, {"Node Type": "Bitmap Heap Scan", "Parent Relationship": "Inner", "Relation Name": "customer", "Alias": "customer", "Startup Cost": 1030.37, "Total Cost": 6832.48, "Plan Rows": 60000, "Plan Width": 12, "Recheck Cond": "(c_nationkey = n2.n_nationkey)", "Plans": [{"Node Type": "Bitmap Index Scan", "Parent Relationship": "Outer", "Index Name": "idx_customer_nationkey", "Startup Cost": 0.0, "Total Cost": 1015.37, "Plan Rows": 60000, "Plan Width": 0, "Index Cond": "(c_nationkey = n2.n_nationkey)"}]}]}, {"Node Type": "Index Scan", "Parent Relationship": "Inner", "Scan Direction": "Forward", "Index Name": "idx_orders_custkey", "Relation Name": "orders", "Alias": "orders", "Startup Cost": 0.0, "Total Cost": 1.22, "Plan Rows": 4, "Plan Width": 16, "Index Cond": "(o_custkey = customer.c_custkey)"}]}, {"Node Type": "Index Scan", "Parent Relationship": "Inner", "Scan Direction": "Forward", "Index Name": "idx_lineitem_orderkey", "Relation Name": "lineitem", "Alias": "lineitem", "Startup Cost": 0.0, "Total Cost": 0.91, "Plan Rows": 3, "Plan Width": 40, "Index Cond": "(l_orderkey = orders.o_orderkey)", "Filter": "((l_shipdate >= '1995-01-01 00:00:00'::timestamp(0) without time zone) AND (l_shipdate <= '1996-12-31 00:00:00'::timestamp(0) without time zone))"}]}]}]}]}]}, "Unique SQL Id": 2208782157, "Planner Runtime": 4}, "explain_analyze_plan": {"Plan": {"Node Type": "Sort", "Startup Cost": 725181.63, "Total Cost": 725190.85, "Plan Rows": 3688, "Plan Width": 84, "Actual Startup Time": 21300.084, "Actual Total Time": 21300.084, "Actual Rows": 4, "Actual Loops": 1, "Sort Key": ["n1.n_name", "n2.n_name", "(date_part('year'::text, lineitem.l_shipdate))"], "Sort Method": "quicksort", "Sort Space Used": 25, "Sort Space Type": "Memory", "Plans": [{"Node Type": "Aggregate", "Strategy": "Hashed", "Parent Relationship": "Outer", "Startup Cost": 724917.04, "Total Cost": 724963.14, "Plan Rows": 3688, "Plan Width": 84, "Actual Startup Time": 21300.04, "Actual Total Time": 21300.047, "Actual Rows": 4, "Actual Loops": 1, "Group By Key": ["n1.n_name", "n2.n_name", "date_part('year'::text, lineitem.l_shipdate)"], "Plans": [{"Node Type": "Merge Join", "Parent Relationship": "Outer", "Join Type": "Inner", "Startup Cost": 714975.42, "Total Cost": 724861.72, "Plan Rows": 3688, "Plan Width": 76, "Actual Startup Time": 20274.186, "Actual Total Time": 21240.502, "Actual Rows": 58554, "Actual Loops": 1, "Inner Unique": false, "Merge Cond": "(supplier.s_suppkey = lineitem.l_suppkey)", "Join Filter": "(n1.n_nationkey = supplier.s_nationkey)", "Rows Removed by Join Filter": 0, "Plans": [{"Node Type": "Index Scan", "Parent Relationship": "Outer", "Scan Direction": "Forward", "Index Name": "supplier_pkey", "Relation Name": "supplier", "Alias": "supplier", "Startup Cost": 0.0, "Total Cost": 5334.54, "Plan Rows": 100000, "Plan Width": 12, "Actual Startup Time": 0.024, "Actual Total Time": 63.614, "Actual Rows": 100000, "Actual Loops": 1}, {"Node Type": "Sort", "Parent Relationship": "Inner", "Startup Cost": 714975.05, "Total Cost": 716827.02, "Plan Rows": 740786, "Plan Width": 88, "Actual Startup Time": 20273.906, "Actual Total Time": 20626.134, "Actual Rows": 1459150, "Actual Loops": 1, "Sort Key": ["lineitem.l_suppkey"], "Sort Method": "quicksort", "Sort Space Used": 277145, "Sort Space Type": "Memory", "Plans": [{"Node Type": "Nested Loop", "Parent Relationship": "Outer", "Join Type": "Inner", "Startup Cost": 1030.37, "Total Cost": 642753.24, "Plan Rows": 740786, "Plan Width": 88, "Actual Startup Time": 21.279, "Actual Total Time": 19533.042, "Actual Rows": 1459150, "Actual Loops": 1, "Inner Unique": false, "Plans": [{"Node Type": "Nested Loop", "Parent Relationship": "Outer", "Join Type": "Inner", "Startup Cost": 1030.37, "Total Cost": 166015.61, "Plan Rows": 504972, "Plan Width": 64, "Actual Startup Time": 21.205, "Actual Total Time": 4234.573, "Actual Rows": 1200363, "Actual Loops": 1, "Inner Unique": false, "Plans": [{"Node Type": "Nested Loop", "Parent Relationship": "Outer", "Join Type": "Inner", "Startup Cost": 1030.37, "Total Cost": 14893.09, "Plan Rows": 119904, "Plan Width": 64, "Actual Startup Time": 21.186, "Actual Total Time": 291.847, "Actual Rows": 119972, "Actual Loops": 1, "Inner Unique": false, "Plans": [{"Node Type": "Nested Loop", "Parent Relationship": "Outer", "Join Type": "Inner", "Startup Cost": 0.0, "Total Cost": 28.12, "Plan Rows": 2, "Plan Width": 60, "Actual Startup Time": 0.049, "Actual Total Time": 0.153, "Actual Rows": 2, "Actual Loops": 1, "Inner Unique": false, "Join Filter": "(((n1.n_name = 'JAPAN'::bpchar) AND (n2.n_name = 'INDIA'::bpchar)) OR ((n1.n_name = 'INDIA'::bpchar) AND (n2.n_name = 'JAPAN'::bpchar)))", "Rows Removed by Join Filter": 2, "Plans": [{"Node Type": "Index Scan", "Parent Relationship": "Outer", "Scan Direction": "Forward", "Index Name": "nation_pkey", "Relation Name": "nation", "Alias": "n1", "Startup Cost": 0.0, "Total Cost": 12.75, "Plan Rows": 25, "Plan Width": 30, "Actual Startup Time": 0.016, "Actual Total Time": 0.045, "Actual Rows": 2, "Actual Loops": 1, "Filter": "((n_name = 'JAPAN'::bpchar) OR (n_name = 'INDIA'::bpchar))", "Rows Removed by Filter": 23}, {"Node Type": "Materialize", "Parent Relationship": "Inner", "Startup Cost": 0.0, "Total Cost": 1.38, "Plan Rows": 25, "Plan Width": 30, "Actual Startup Time": 0.025, "Actual Total Time": 0.055, "Actual Rows": 4, "Actual Loops": 2, "Plans": [{"Node Type": "Seq Scan", "Parent Relationship": "Outer", "Relation Name": "nation", "Alias": "n2", "Startup Cost": 0.0, "Total Cost": 1.25, "Plan Rows": 25, "Plan Width": 30, "Actual Startup Time": 0.016, "Actual Total Time": 0.038, "Actual Rows": 2, "Actual Loops": 1, "Filter": "((n_name = 'INDIA'::bpchar) OR (n_name = 'JAPAN'::bpchar))", "Rows Removed by Filter": 23}]}]}, {"Node Type": "Bitmap Heap Scan", "Parent Relationship": "Inner", "Relation Name": "customer", "Alias": "customer", "Startup Cost": 1030.37, "Total Cost": 6832.48, "Plan Rows": 60000, "Plan Width": 12, "Actual Startup Time": 42.487, "Actual Total Time": 260.895, "Actual Rows": 119972, "Actual Loops": 2, "Recheck Cond": "(c_nationkey = n2.n_nationkey)", "Rows Removed by Index Recheck": 0, "Exact Heap Blocks": 59938, "Lossy Heap Blocks": 59938, "Plans": [{"Node Type": "Bitmap Index Scan", "Parent Relationship": "Outer", "Index Name": "idx_customer_nationkey", "Startup Cost": 0.0, "Total Cost": 1015.37, "Plan Rows": 60000, "Plan Width": 0, "Actual Startup Time": 28.581, "Actual Total Time": 28.581, "Actual Rows": 119972, "Actual Loops": 2, "Index Cond": "(c_nationkey = n2.n_nationkey)"}]}]}, {"Node Type": "Index Scan", "Parent Relationship": "Inner", "Scan Direction": "Forward", "Index Name": "idx_orders_custkey", "Relation Name": "orders", "Alias": "orders", "Startup Cost": 0.0, "Total Cost": 1.22, "Plan Rows": 4, "Plan Width": 16, "Actual Startup Time": 755.622, "Actual Total Time": 3589.368, "Actual Rows": 1200363, "Actual Loops": 119972, "Index Cond": "(o_custkey = customer.c_custkey)", "Rows Removed by Index Recheck": 0}]}, {"Node Type": "Index Scan", "Parent Relationship": "Inner", "Scan Direction": "Forward", "Index Name": "idx_lineitem_orderkey", "Relation Name": "lineitem", "Alias": "lineitem", "Startup Cost": 0.0, "Total Cost": 0.91, "Plan Rows": 3, "Plan Width": 40, "Actual Startup Time": 13139.028, "Actual Total Time": 14323.189, "Actual Rows": 1459150, "Actual Loops": 1200363, "Index Cond": "(l_orderkey = orders.o_orderkey)", "Rows Removed by Index Recheck": 0, "Filter": "((l_shipdate >= '1995-01-01 00:00:00'::timestamp(0) without time zone) AND (l_shipdate <= '1996-12-31 00:00:00'::timestamp(0) without time zone))", "Rows Removed by Filter": 3342563}]}]}]}]}]}, "Triggers": [], "Planner Runtime": 4, "Total Runtime": 21300.448, "Unique SQL Id": 2208782157}}, "(16, 85)": {"explain_plan": {"Plan": {"Node Type": "Sort", "Startup Cost": 725193.13, "Total Cost": 725202.35, "Plan Rows": 3688, "Plan Width": 84, "Sort Key": ["n1.n_name", "n2.n_name", "(date_part('year'::text, lineitem.l_shipdate))"], "Plans": [{"Node Type": "Aggregate", "Strategy": "Hashed", "Parent Relationship": "Outer", "Startup Cost": 724928.54, "Total Cost": 724974.64, "Plan Rows": 3688, "Plan Width": 84, "Group By Key": ["n1.n_name", "n2.n_name", "date_part('year'::text, lineitem.l_shipdate)"], "Plans": [{"Node Type": "Merge Join", "Parent Relationship": "Outer", "Join Type": "Inner", "Startup Cost": 714986.92, "Total Cost": 724873.22, "Plan Rows": 3688, "Plan Width": 76, "Inner Unique": false, "Merge Cond": "(supplier.s_suppkey = lineitem.l_suppkey)", "Join Filter": "(n1.n_nationkey = supplier.s_nationkey)", "Plans": [{"Node Type": "Index Scan", "Parent Relationship": "Outer", "Scan Direction": "Forward", "Index Name": "supplier_pkey", "Relation Name": "supplier", "Alias": "supplier", "Startup Cost": 0.0, "Total Cost": 5334.54, "Plan Rows": 100000, "Plan Width": 12}, {"Node Type": "Sort", "Parent Relationship": "Inner", "Startup Cost": 714986.55, "Total Cost": 716838.52, "Plan Rows": 740786, "Plan Width": 88, "Sort Key": ["lineitem.l_suppkey"], "Plans": [{"Node Type": "Nested Loop", "Parent Relationship": "Outer", "Join Type": "Inner", "Startup Cost": 1030.37, "Total Cost": 642764.74, "Plan Rows": 740786, "Plan Width": 88, "Inner Unique": false, "Plans": [{"Node Type": "Nested Loop", "Parent Relationship": "Outer", "Join Type": "Inner", "Startup Cost": 1030.37, "Total Cost": 166027.11, "Plan Rows": 504972, "Plan Width": 64, "Inner Unique": false, "Plans": [{"Node Type": "Nested Loop", "Parent Relationship": "Outer", "Join Type": "Inner", "Startup Cost": 1030.37, "Total Cost": 14904.59, "Plan Rows": 119904, "Plan Width": 64, "Inner Unique": false, "Plans": [{"Node Type": "Nested Loop", "Parent Relationship": "Outer", "Join Type": "Inner", "Startup Cost": 0.0, "Total Cost": 39.62, "Plan Rows": 2, "Plan Width": 60, "Inner Unique": false, "Join Filter": "(((n1.n_name = 'JAPAN'::bpchar) AND (n2.n_name = 'INDIA'::bpchar)) OR ((n1.n_name = 'INDIA'::bpchar) AND (n2.n_name = 'JAPAN'::bpchar)))", "Plans": [{"Node Type": "Index Scan", "Parent Relationship": "Outer", "Scan Direction": "Forward", "Index Name": "nation_pkey", "Relation Name": "nation", "Alias": "n1", "Startup Cost": 0.0, "Total Cost": 12.75, "Plan Rows": 25, "Plan Width": 30, "Filter": "((n_name = 'JAPAN'::bpchar) OR (n_name = 'INDIA'::bpchar))"}, {"Node Type": "Materialize", "Parent Relationship": "Inner", "Startup Cost": 0.0, "Total Cost": 12.88, "Plan Rows": 25, "Plan Width": 30, "Plans": [{"Node Type": "Index Scan", "Parent Relationship": "Outer", "Scan Direction": "Forward", "Index Name": "nation_pkey", "Relation Name": "nation", "Alias": "n2", "Startup Cost": 0.0, "Total Cost": 12.75, "Plan Rows": 25, "Plan Width": 30, "Filter": "((n_name = 'INDIA'::bpchar) OR (n_name = 'JAPAN'::bpchar))"}]}]}, {"Node Type": "Bitmap Heap Scan", "Parent Relationship": "Inner", "Relation Name": "customer", "Alias": "customer", "Startup Cost": 1030.37, "Total Cost": 6832.48, "Plan Rows": 60000, "Plan Width": 12, "Recheck Cond": "(c_nationkey = n2.n_nationkey)", "Plans": [{"Node Type": "Bitmap Index Scan", "Parent Relationship": "Outer", "Index Name": "idx_customer_nationkey", "Startup Cost": 0.0, "Total Cost": 1015.37, "Plan Rows": 60000, "Plan Width": 0, "Index Cond": "(c_nationkey = n2.n_nationkey)"}]}]}, {"Node Type": "Index Scan", "Parent Relationship": "Inner", "Scan Direction": "Forward", "Index Name": "idx_orders_custkey", "Relation Name": "orders", "Alias": "orders", "Startup Cost": 0.0, "Total Cost": 1.22, "Plan Rows": 4, "Plan Width": 16, "Index Cond": "(o_custkey = customer.c_custkey)"}]}, {"Node Type": "Index Scan", "Parent Relationship": "Inner", "Scan Direction": "Forward", "Index Name": "idx_lineitem_orderkey", "Relation Name": "lineitem", "Alias": "lineitem", "Startup Cost": 0.0, "Total Cost": 0.91, "Plan Rows": 3, "Plan Width": 40, "Index Cond": "(l_orderkey = orders.o_orderkey)", "Filter": "((l_shipdate >= '1995-01-01 00:00:00'::timestamp(0) without time zone) AND (l_shipdate <= '1996-12-31 00:00:00'::timestamp(0) without time zone))"}]}]}]}]}]}, "Unique SQL Id": 2208782157, "Planner Runtime": 4}, "explain_analyze_plan": {"Plan": {"Node Type": "Sort", "Startup Cost": 725193.13, "Total Cost": 725202.35, "Plan Rows": 3688, "Plan Width": 84, "Actual Startup Time": 21458.025, "Actual Total Time": 21458.026, "Actual Rows": 4, "Actual Loops": 1, "Sort Key": ["n1.n_name", "n2.n_name", "(date_part('year'::text, lineitem.l_shipdate))"], "Sort Method": "quicksort", "Sort Space Used": 25, "Sort Space Type": "Memory", "Plans": [{"Node Type": "Aggregate", "Strategy": "Hashed", "Parent Relationship": "Outer", "Startup Cost": 724928.54, "Total Cost": 724974.64, "Plan Rows": 3688, "Plan Width": 84, "Actual Startup Time": 21457.982, "Actual Total Time": 21457.988, "Actual Rows": 4, "Actual Loops": 1, "Group By Key": ["n1.n_name", "n2.n_name", "date_part('year'::text, lineitem.l_shipdate)"], "Plans": [{"Node Type": "Merge Join", "Parent Relationship": "Outer", "Join Type": "Inner", "Startup Cost": 714986.92, "Total Cost": 724873.22, "Plan Rows": 3688, "Plan Width": 76, "Actual Startup Time": 20277.845, "Actual Total Time": 21398.727, "Actual Rows": 58554, "Actual Loops": 1, "Inner Unique": false, "Merge Cond": "(supplier.s_suppkey = lineitem.l_suppkey)", "Join Filter": "(n1.n_nationkey = supplier.s_nationkey)", "Rows Removed by Join Filter": 0, "Plans": [{"Node Type": "Index Scan", "Parent Relationship": "Outer", "Scan Direction": "Forward", "Index Name": "supplier_pkey", "Relation Name": "supplier", "Alias": "supplier", "Startup Cost": 0.0, "Total Cost": 5334.54, "Plan Rows": 100000, "Plan Width": 12, "Actual Startup Time": 0.022, "Actual Total Time": 72.982, "Actual Rows": 100000, "Actual Loops": 1}, {"Node Type": "Sort", "Parent Relationship": "Inner", "Startup Cost": 714986.55, "Total Cost": 716838.52, "Plan Rows": 740786, "Plan Width": 88, "Actual Startup Time": 20277.436, "Actual Total Time": 20745.604, "Actual Rows": 1459150, "Actual Loops": 1, "Sort Key": ["lineitem.l_suppkey"], "Sort Method": "quicksort", "Sort Space Used": 277145, "Sort Space Type": "Memory", "Plans": [{"Node Type": "Nested Loop", "Parent Relationship": "Outer", "Join Type": "Inner", "Startup Cost": 1030.37, "Total Cost": 642764.74, "Plan Rows": 740786, "Plan Width": 88, "Actual Startup Time": 21.542, "Actual Total Time": 19535.016, "Actual Rows": 1459150, "Actual Loops": 1, "Inner Unique": false, "Plans": [{"Node Type": "Nested Loop", "Parent Relationship": "Outer", "Join Type": "Inner", "Startup Cost": 1030.37, "Total Cost": 166027.11, "Plan Rows": 504972, "Plan Width": 64, "Actual Startup Time": 21.466, "Actual Total Time": 4245.867, "Actual Rows": 1200363, "Actual Loops": 1, "Inner Unique": false, "Plans": [{"Node Type": "Nested Loop", "Parent Relationship": "Outer", "Join Type": "Inner", "Startup Cost": 1030.37, "Total Cost": 14904.59, "Plan Rows": 119904, "Plan Width": 64, "Actual Startup Time": 21.448, "Actual Total Time": 292.966, "Actual Rows": 119972, "Actual Loops": 1, "Inner Unique": false, "Plans": [{"Node Type": "Nested Loop", "Parent Relationship": "Outer", "Join Type": "Inner", "Startup Cost": 0.0, "Total Cost": 39.62, "Plan Rows": 2, "Plan Width": 60, "Actual Startup Time": 0.039, "Actual Total Time": 0.199, "Actual Rows": 2, "Actual Loops": 1, "Inner Unique": false, "Join Filter": "(((n1.n_name = 'JAPAN'::bpchar) AND (n2.n_name = 'INDIA'::bpchar)) OR ((n1.n_name = 'INDIA'::bpchar) AND (n2.n_name = 'JAPAN'::bpchar)))", "Rows Removed by Join Filter": 2, "Plans": [{"Node Type": "Index Scan", "Parent Relationship": "Outer", "Scan Direction": "Forward", "Index Name": "nation_pkey", "Relation Name": "nation", "Alias": "n1", "Startup Cost": 0.0, "Total Cost": 12.75, "Plan Rows": 25, "Plan Width": 30, "Actual Startup Time": 0.016, "Actual Total Time": 0.042, "Actual Rows": 2, "Actual Loops": 1, "Filter": "((n_name = 'JAPAN'::bpchar) OR (n_name = 'INDIA'::bpchar))", "Rows Removed by Filter": 23}, {"Node Type": "Materialize", "Parent Relationship": "Inner", "Startup Cost": 0.0, "Total Cost": 12.88, "Plan Rows": 25, "Plan Width": 30, "Actual Startup Time": 0.014, "Actual Total Time": 0.043, "Actual Rows": 4, "Actual Loops": 2, "Plans": [{"Node Type": "Index Scan", "Parent Relationship": "Outer", "Scan Direction": "Forward", "Index Name": "nation_pkey", "Relation Name": "nation", "Alias": "n2", "Startup Cost": 0.0, "Total Cost": 12.75, "Plan Rows": 25, "Plan Width": 30, "Actual Startup Time": 0.011, "Actual Total Time": 0.034, "Actual Rows": 2, "Actual Loops": 1, "Filter": "((n_name = 'INDIA'::bpchar) OR (n_name = 'JAPAN'::bpchar))", "Rows Removed by Filter": 23}]}]}, {"Node Type": "Bitmap Heap Scan", "Parent Relationship": "Inner", "Relation Name": "customer", "Alias": "customer", "Startup Cost": 1030.37, "Total Cost": 6832.48, "Plan Rows": 60000, "Plan Width": 12, "Actual Startup Time": 43.024, "Actual Total Time": 262.061, "Actual Rows": 119972, "Actual Loops": 2, "Recheck Cond": "(c_nationkey = n2.n_nationkey)", "Rows Removed by Index Recheck": 0, "Exact Heap Blocks": 59938, "Lossy Heap Blocks": 59938, "Plans": [{"Node Type": "Bitmap Index Scan", "Parent Relationship": "Outer", "Index Name": "idx_customer_nationkey", "Startup Cost": 0.0, "Total Cost": 1015.37, "Plan Rows": 60000, "Plan Width": 0, "Actual Startup Time": 29.13, "Actual Total Time": 29.13, "Actual Rows": 119972, "Actual Loops": 2, "Index Cond": "(c_nationkey = n2.n_nationkey)"}]}]}, {"Node Type": "Index Scan", "Parent Relationship": "Inner", "Scan Direction": "Forward", "Index Name": "idx_orders_custkey", "Relation Name": "orders", "Alias": "orders", "Startup Cost": 0.0, "Total Cost": 1.22, "Plan Rows": 4, "Plan Width": 16, "Actual Startup Time": 753.97, "Actual Total Time": 3599.097, "Actual Rows": 1200363, "Actual Loops": 119972, "Index Cond": "(o_custkey = customer.c_custkey)", "Rows Removed by Index Recheck": 0}]}, {"Node Type": "Index Scan", "Parent Relationship": "Inner", "Scan Direction": "Forward", "Index Name": "idx_lineitem_orderkey", "Relation Name": "lineitem", "Alias": "lineitem", "Startup Cost": 0.0, "Total Cost": 0.91, "Plan Rows": 3, "Plan Width": 40, "Actual Startup Time": 13125.222, "Actual Total Time": 14306.156, "Actual Rows": 1459150, "Actual Loops": 1200363, "Index Cond": "(l_orderkey = orders.o_orderkey)", "Rows Removed by Index Recheck": 0, "Filter": "((l_shipdate >= '1995-01-01 00:00:00'::timestamp(0) without time zone) AND (l_shipdate <= '1996-12-31 00:00:00'::timestamp(0) without time zone))", "Rows Removed by Filter": 3342563}]}]}]}]}]}, "Triggers": [], "Planner Runtime": 4, "Total Runtime": 21458.404, "Unique SQL Id": 2208782157}}, "(16, 86)": {"explain_plan": {"Plan": {"Node Type": "Sort", "Startup Cost": 2954241.64, "Total Cost": 2954250.86, "Plan Rows": 3688, "Plan Width": 84, "Sort Key": ["n1.n_name", "n2.n_name", "(date_part('year'::text, lineitem.l_shipdate))"], "Plans": [{"Node Type": "Aggregate", "Strategy": "Hashed", "Parent Relationship": "Outer", "Startup Cost": 2953977.05, "Total Cost": 2954023.15, "Plan Rows": 3688, "Plan Width": 84, "Group By Key": ["n1.n_name", "n2.n_name", "date_part('year'::text, lineitem.l_shipdate)"], "Plans": [{"Node Type": "Merge Join", "Parent Relationship": "Outer", "Join Type": "Inner", "Startup Cost": 2947588.86, "Total Cost": 2953921.73, "Plan Rows": 3688, "Plan Width": 76, "Inner Unique": true, "Merge Cond": "((lineitem.l_suppkey = supplier.s_suppkey) AND (n1.n_nationkey = supplier.s_nationkey))", "Plans": [{"Node Type": "Sort", "Parent Relationship": "Outer", "Startup Cost": 2936000.49, "Total Cost": 2937852.45, "Plan Rows": 740786, "Plan Width": 88, "Sort Key": ["lineitem.l_suppkey", "n1.n_nationkey"], "Plans": [{"Node Type": "Nested Loop", "Parent Relationship": "Outer", "Join Type": "Inner", "Startup Cost": 1031.18, "Total Cost": 2863778.68, "Plan Rows": 740786, "Plan Width": 88, "Inner Unique": false, "Plans": [{"Node Type": "Nested Loop", "Parent Relationship": "Outer", "Join Type": "Inner", "Startup Cost": 1030.8, "Total Cost": 557356.7, "Plan Rows": 504972, "Plan Width": 64, "Inner Unique": false, "Plans": [{"Node Type": "Nested Loop", "Parent Relationship": "Outer", "Join Type": "Inner", "Startup Cost": 1030.37, "Total Cost": 14881.59, "Plan Rows": 119904, "Plan Width": 64, "Inner Unique": false, "Plans": [{"Node Type": "Nested Loop", "Parent Relationship": "Outer", "Join Type": "Inner", "Startup Cost": 0.0, "Total Cost": 16.62, "Plan Rows": 2, "Plan Width": 60, "Inner Unique": false, "Join Filter": "(((n1.n_name = 'JAPAN'::bpchar) AND (n2.n_name = 'INDIA'::bpchar)) OR ((n1.n_name = 'INDIA'::bpchar) AND (n2.n_name = 'JAPAN'::bpchar)))", "Plans": [{"Node Type": "Seq Scan", "Parent Relationship": "Outer", "Relation Name": "nation", "Alias": "n1", "Startup Cost": 0.0, "Total Cost": 1.25, "Plan Rows": 25, "Plan Width": 30, "Filter": "((n_name = 'JAPAN'::bpchar) OR (n_name = 'INDIA'::bpchar))"}, {"Node Type": "Materialize", "Parent Relationship": "Inner", "Startup Cost": 0.0, "Total Cost": 1.38, "Plan Rows": 25, "Plan Width": 30, "Plans": [{"Node Type": "Seq Scan", "Parent Relationship": "Outer", "Relation Name": "nation", "Alias": "n2", "Startup Cost": 0.0, "Total Cost": 1.25, "Plan Rows": 25, "Plan Width": 30, "Filter": "((n_name = 'INDIA'::bpchar) OR (n_name = 'JAPAN'::bpchar))"}]}]}, {"Node Type": "Bitmap Heap Scan", "Parent Relationship": "Inner", "Relation Name": "customer", "Alias": "customer", "Startup Cost": 1030.37, "Total Cost": 6832.48, "Plan Rows": 60000, "Plan Width": 12, "Recheck Cond": "(c_nationkey = n2.n_nationkey)", "Plans": [{"Node Type": "Bitmap Index Scan", "Parent Relationship": "Outer", "Index Name": "idx_customer_nationkey", "Startup Cost": 0.0, "Total Cost": 1015.37, "Plan Rows": 60000, "Plan Width": 0, "Index Cond": "(c_nationkey = n2.n_nationkey)"}]}]}, {"Node Type": "Bitmap Heap Scan", "Parent Relationship": "Inner", "Relation Name": "orders", "Alias": "orders", "Startup Cost": 0.43, "Total Cost": 4.48, "Plan Rows": 4, "Plan Width": 16, "Recheck Cond": "(o_custkey = customer.c_custkey)", "Plans": [{"Node Type": "Bitmap Index Scan", "Parent Relationship": "Outer", "Index Name": "idx_orders_custkey", "Startup Cost": 0.0, "Total Cost": 0.43, "Plan Rows": 4, "Plan Width": 0, "Index Cond": "(o_custkey = customer.c_custkey)"}]}]}, {"Node Type": "Bitmap Heap Scan", "Parent Relationship": "Inner", "Relation Name": "lineitem", "Alias": "lineitem", "Startup Cost": 0.38, "Total Cost": 4.54, "Plan Rows": 3, "Plan Width": 40, "Recheck Cond": "(l_orderkey = orders.o_orderkey)", "Filter": "((l_shipdate >= '1995-01-01 00:00:00'::timestamp(0) without time zone) AND (l_shipdate <= '1996-12-31 00:00:00'::timestamp(0) without time zone))", "Plans": [{"Node Type": "Bitmap Index Scan", "Parent Relationship": "Outer", "Index Name": "idx_lineitem_orderkey", "Startup Cost": 0.0, "Total Cost": 0.38, "Plan Rows": 9, "Plan Width": 0, "Index Cond": "(l_orderkey = orders.o_orderkey)"}]}]}]}, {"Node Type": "Sort", "Parent Relationship": "Inner", "Startup Cost": 11587.82, "Total Cost": 11837.82, "Plan Rows": 100000, "Plan Width": 12, "Sort Key": ["supplier.s_suppkey", "supplier.s_nationkey"], "Plans": [{"Node Type": "Seq Scan", "Parent Relationship": "Outer", "Relation Name": "supplier", "Alias": "supplier", "Startup Cost": 0.0, "Total Cost": 3283.0, "Plan Rows": 100000, "Plan Width": 12}]}]}]}]}, "Unique SQL Id": 2208782157, "Planner Runtime": 4}, "explain_analyze_plan": {"Plan": {"Node Type": "Sort", "Startup Cost": 2954241.64, "Total Cost": 2954250.86, "Plan Rows": 3688, "Plan Width": 84, "Actual Startup Time": 24734.5, "Actual Total Time": 24734.501, "Actual Rows": 4, "Actual Loops": 1, "Sort Key": ["n1.n_name", "n2.n_name", "(date_part('year'::text, lineitem.l_shipdate))"], "Sort Method": "quicksort", "Sort Space Used": 25, "Sort Space Type": "Memory", "Plans": [{"Node Type": "Aggregate", "Strategy": "Hashed", "Parent Relationship": "Outer", "Startup Cost": 2953977.05, "Total Cost": 2954023.15, "Plan Rows": 3688, "Plan Width": 84, "Actual Startup Time": 24734.453, "Actual Total Time": 24734.461, "Actual Rows": 4, "Actual Loops": 1, "Group By Key": ["n1.n_name", "n2.n_name", "date_part('year'::text, lineitem.l_shipdate)"], "Plans": [{"Node Type": "Merge Join", "Parent Relationship": "Outer", "Join Type": "Inner", "Startup Cost": 2947588.86, "Total Cost": 2953921.73, "Plan Rows": 3688, "Plan Width": 76, "Actual Startup Time": 23805.113, "Actual Total Time": 24675.729, "Actual Rows": 58554, "Actual Loops": 1, "Inner Unique": true, "Merge Cond": "((lineitem.l_suppkey = supplier.s_suppkey) AND (n1.n_nationkey = supplier.s_nationkey))", "Plans": [{"Node Type": "Sort", "Parent Relationship": "Outer", "Startup Cost": 2936000.49, "Total Cost": 2937852.45, "Plan Rows": 740786, "Plan Width": 88, "Actual Startup Time": 23729.372, "Actual Total Time": 24184.951, "Actual Rows": 1459145, "Actual Loops": 1, "Sort Key": ["lineitem.l_suppkey", "n1.n_nationkey"], "Sort Method": "quicksort", "Sort Space Used": 277145, "Sort Space Type": "Memory", "Plans": [{"Node Type": "Nested Loop", "Parent Relationship": "Outer", "Join Type": "Inner", "Startup Cost": 1031.18, "Total Cost": 2863778.68, "Plan Rows": 740786, "Plan Width": 88, "Actual Startup Time": 21.566, "Actual Total Time": 22248.42, "Actual Rows": 1459150, "Actual Loops": 1, "Inner Unique": false, "Plans": [{"Node Type": "Nested Loop", "Parent Relationship": "Outer", "Join Type": "Inner", "Startup Cost": 1030.8, "Total Cost": 557356.7, "Plan Rows": 504972, "Plan Width": 64, "Actual Startup Time": 21.482, "Actual Total Time": 5041.086, "Actual Rows": 1200363, "Actual Loops": 1, "Inner Unique": false, "Plans": [{"Node Type": "Nested Loop", "Parent Relationship": "Outer", "Join Type": "Inner", "Startup Cost": 1030.37, "Total Cost": 14881.59, "Plan Rows": 119904, "Plan Width": 64, "Actual Startup Time": 21.44, "Actual Total Time": 284.688, "Actual Rows": 119972, "Actual Loops": 1, "Inner Unique": false, "Plans": [{"Node Type": "Nested Loop", "Parent Relationship": "Outer", "Join Type": "Inner", "Startup Cost": 0.0, "Total Cost": 16.62, "Plan Rows": 2, "Plan Width": 60, "Actual Startup Time": 0.049, "Actual Total Time": 0.16, "Actual Rows": 2, "Actual Loops": 1, "Inner Unique": false, "Join Filter": "(((n1.n_name = 'JAPAN'::bpchar) AND (n2.n_name = 'INDIA'::bpchar)) OR ((n1.n_name = 'INDIA'::bpchar) AND (n2.n_name = 'JAPAN'::bpchar)))", "Rows Removed by Join Filter": 2, "Plans": [{"Node Type": "Seq Scan", "Parent Relationship": "Outer", "Relation Name": "nation", "Alias": "n1", "Startup Cost": 0.0, "Total Cost": 1.25, "Plan Rows": 25, "Plan Width": 30, "Actual Startup Time": 0.023, "Actual Total Time": 0.049, "Actual Rows": 2, "Actual Loops": 1, "Filter": "((n_name = 'JAPAN'::bpchar) OR (n_name = 'INDIA'::bpchar))", "Rows Removed by Filter": 23}, {"Node Type": "Materialize", "Parent Relationship": "Inner", "Startup Cost": 0.0, "Total Cost": 1.38, "Plan Rows": 25, "Plan Width": 30, "Actual Startup Time": 0.019, "Actual Total Time": 0.055, "Actual Rows": 4, "Actual Loops": 2, "Plans": [{"Node Type": "Seq Scan", "Parent Relationship": "Outer", "Relation Name": "nation", "Alias": "n2", "Startup Cost": 0.0, "Total Cost": 1.25, "Plan Rows": 25, "Plan Width": 30, "Actual Startup Time": 0.014, "Actual Total Time": 0.038, "Actual Rows": 2, "Actual Loops": 1, "Filter": "((n_name = 'INDIA'::bpchar) OR (n_name = 'JAPAN'::bpchar))", "Rows Removed by Filter": 23}]}]}, {"Node Type": "Bitmap Heap Scan", "Parent Relationship": "Inner", "Relation Name": "customer", "Alias": "customer", "Startup Cost": 1030.37, "Total Cost": 6832.48, "Plan Rows": 60000, "Plan Width": 12, "Actual Startup Time": 42.388, "Actual Total Time": 252.641, "Actual Rows": 119972, "Actual Loops": 2, "Recheck Cond": "(c_nationkey = n2.n_nationkey)", "Rows Removed by Index Recheck": 0, "Exact Heap Blocks": 59938, "Lossy Heap Blocks": 59938, "Plans": [{"Node Type": "Bitmap Index Scan", "Parent Relationship": "Outer", "Index Name": "idx_customer_nationkey", "Startup Cost": 0.0, "Total Cost": 1015.37, "Plan Rows": 60000, "Plan Width": 0, "Actual Startup Time": 28.589, "Actual Total Time": 28.589, "Actual Rows": 119972, "Actual Loops": 2, "Index Cond": "(c_nationkey = n2.n_nationkey)"}]}]}, {"Node Type": "Bitmap Heap Scan", "Parent Relationship": "Inner", "Relation Name": "orders", "Alias": "orders", "Startup Cost": 0.43, "Total Cost": 4.48, "Plan Rows": 4, "Plan Width": 16, "Actual Startup Time": 1163.874, "Actual Total Time": 4319.916, "Actual Rows": 1200363, "Actual Loops": 119972, "Recheck Cond": "(o_custkey = customer.c_custkey)", "Rows Removed by Index Recheck": 0, "Exact Heap Blocks": 1200331, "Lossy Heap Blocks": 1200331, "Plans": [{"Node Type": "Bitmap Index Scan", "Parent Relationship": "Outer", "Index Name": "idx_orders_custkey", "Startup Cost": 0.0, "Total Cost": 0.43, "Plan Rows": 4, "Plan Width": 0, "Actual Startup Time": 724.739, "Actual Total Time": 724.739, "Actual Rows": 1200363, "Actual Loops": 119972, "Index Cond": "(o_custkey = customer.c_custkey)"}]}]}, {"Node Type": "Bitmap Heap Scan", "Parent Relationship": "Inner", "Relation Name": "lineitem", "Alias": "lineitem", "Startup Cost": 0.38, "Total Cost": 4.54, "Plan Rows": 3, "Plan Width": 40, "Actual Startup Time": 14840.586, "Actual Total Time": 15455.689, "Actual Rows": 1459150, "Actual Loops": 1200363, "Recheck Cond": "(l_orderkey = orders.o_orderkey)", "Rows Removed by Index Recheck": 0, "Filter": "((l_shipdate >= '1995-01-01 00:00:00'::timestamp(0) without time zone) AND (l_shipdate <= '1996-12-31 00:00:00'::timestamp(0) without time zone))", "Rows Removed by Filter": 3342563, "Exact Heap Blocks": 1285989, "Lossy Heap Blocks": 1285989, "Plans": [{"Node Type": "Bitmap Index Scan", "Parent Relationship": "Outer", "Index Name": "idx_lineitem_orderkey", "Startup Cost": 0.0, "Total Cost": 0.38, "Plan Rows": 9, "Plan Width": 0, "Actual Startup Time": 8426.768, "Actual Total Time": 8426.768, "Actual Rows": 4801713, "Actual Loops": 1200363, "Index Cond": "(l_orderkey = orders.o_orderkey)"}]}]}]}, {"Node Type": "Sort", "Parent Relationship": "Inner", "Startup Cost": 11587.82, "Total Cost": 11837.82, "Plan Rows": 100000, "Plan Width": 12, "Actual Startup Time": 75.555, "Actual Total Time": 91.901, "Actual Rows": 100000, "Actual Loops": 1, "Sort Key": ["supplier.s_suppkey", "supplier.s_nationkey"], "Sort Method": "quicksort", "Sort Space Used": 12448, "Sort Space Type": "Memory", "Plans": [{"Node Type": "Seq Scan", "Parent Relationship": "Outer", "Relation Name": "supplier", "Alias": "supplier", "Startup Cost": 0.0, "Total Cost": 3283.0, "Plan Rows": 100000, "Plan Width": 12, "Actual Startup Time": 0.07, "Actual Total Time": 36.993, "Actual Rows": 100000, "Actual Loops": 1}]}]}]}]}, "Triggers": [], "Planner Runtime": 4, "Total Runtime": 24734.901, "Unique SQL Id": 2208782157}}, "(16, 87)": {"explain_plan": {"Plan": {"Node Type": "Sort", "Startup Cost": 99673674.43, "Total Cost": 99673683.65, "Plan Rows": 3688, "Plan Width": 84, "Sort Key": ["n1.n_name", "n2.n_name", "(date_part('year'::text, lineitem.l_shipdate))"], "Plans": [{"Node Type": "Aggregate", "Strategy": "Hashed", "Parent Relationship": "Outer", "Startup Cost": 99673409.84, "Total Cost": 99673455.94, "Plan Rows": 3688, "Plan Width": 84, "Group By Key": ["n1.n_name", "n2.n_name", "date_part('year'::text, lineitem.l_shipdate)"], "Plans": [{"Node Type": "Nested Loop", "Parent Relationship": "Outer", "Join Type": "Inner", "Startup Cost": 627986.71, "Total Cost": 99673354.52, "Plan Rows": 3688, "Plan Width": 76, "Inner Unique": true, "Join Filter": "(((n1.n_name = 'JAPAN'::bpchar) AND (n2.n_name = 'INDIA'::bpchar)) OR ((n1.n_name = 'INDIA'::bpchar) AND (n2.n_name = 'JAPAN'::bpchar)))", "Plans": [{"Node Type": "Nested Loop", "Parent Relationship": "Outer", "Join Type": "Inner", "Startup Cost": 627986.45, "Total Cost": 94724471.42, "Plan Rows": 1153515, "Plan Width": 54, "Inner Unique": true, "Plans": [{"Node Type": "Nested Loop", "Parent Relationship": "Outer", "Join Type": "Inner", "Startup Cost": 627986.2, "Total Cost": 89787046.56, "Plan Rows": 1153515, "Plan Width": 32, "Inner Unique": true, "Plans": [{"Node Type": "Nested Loop", "Parent Relationship": "Outer", "Join Type": "Inner", "Startup Cost": 627985.94, "Total Cost": 84848088.55, "Plan Rows": 1153515, "Plan Width": 36, "Inner Unique": true, "Plans": [{"Node Type": "Nested Loop", "Parent Relationship": "Outer", "Join Type": "Inner", "Startup Cost": 627985.67, "Total Cost": 79896146.0, "Plan Rows": 1153515, "Plan Width": 36, "Inner Unique": true, "Plans": [{"Node Type": "Bitmap Heap Scan", "Parent Relationship": "Outer", "Relation Name": "lineitem", "Alias": "lineitem", "Startup Cost": 627985.41, "Total Cost": 2315105.27, "Plan Rows": 18124991, "Plan Width": 40, "Recheck Cond": "((l_shipdate >= '1995-01-01 00:00:00'::timestamp(0) without time zone) AND (l_shipdate <= '1996-12-31 00:00:00'::timestamp(0) without time zone)), (LLVM Optimized)", "Plans": [{"Node Type": "Bitmap Index Scan", "Parent Relationship": "Outer", "Index Name": "idx_lineitem_shipdate", "Startup Cost": 0.0, "Total Cost": 623454.16, "Plan Rows": 18124991, "Plan Width": 0, "Index Cond": "((l_shipdate >= '1995-01-01 00:00:00'::timestamp(0) without time zone) AND (l_shipdate <= '1996-12-31 00:00:00'::timestamp(0) without time zone))"}]}, {"Node Type": "Bitmap Heap Scan", "Parent Relationship": "Inner", "Relation Name": "supplier", "Alias": "supplier", "Startup Cost": 0.26, "Total Cost": 4.27, "Plan Rows": 1, "Plan Width": 12, "Recheck Cond": "(s_suppkey = lineitem.l_suppkey)", "Plans": [{"Node Type": "Bitmap Index Scan", "Parent Relationship": "Outer", "Index Name": "supplier_pkey", "Startup Cost": 0.0, "Total Cost": 0.26, "Plan Rows": 1, "Plan Width": 0, "Index Cond": "(s_suppkey = lineitem.l_suppkey)"}]}]}, {"Node Type": "Bitmap Heap Scan", "Parent Relationship": "Inner", "Relation Name": "orders", "Alias": "orders", "Startup Cost": 0.27, "Total Cost": 4.28, "Plan Rows": 1, "Plan Width": 16, "Recheck Cond": "(o_orderkey = lineitem.l_orderkey)", "Plans": [{"Node Type": "Bitmap Index Scan", "Parent Relationship": "Outer", "Index Name": "orders_pkey", "Startup Cost": 0.0, "Total Cost": 0.27, "Plan Rows": 1, "Plan Width": 0, "Index Cond": "(o_orderkey = lineitem.l_orderkey)"}]}]}, {"Node Type": "Bitmap Heap Scan", "Parent Relationship": "Inner", "Relation Name": "customer", "Alias": "customer", "Startup Cost": 0.26, "Total Cost": 4.27, "Plan Rows": 1, "Plan Width": 12, "Recheck Cond": "(c_custkey = orders.o_custkey)", "Plans": [{"Node Type": "Bitmap Index Scan", "Parent Relationship": "Outer", "Index Name": "customer_pkey", "Startup Cost": 0.0, "Total Cost": 0.26, "Plan Rows": 1, "Plan Width": 0, "Index Cond": "(c_custkey = orders.o_custkey)"}]}]}, {"Node Type": "Bitmap Heap Scan", "Parent Relationship": "Inner", "Relation Name": "nation", "Alias": "n1", "Startup Cost": 0.26, "Total Cost": 4.27, "Plan Rows": 1, "Plan Width": 30, "Recheck Cond": "(n_nationkey = supplier.s_nationkey)", "Filter": "((n_name = 'JAPAN'::bpchar) OR (n_name = 'INDIA'::bpchar))", "Plans": [{"Node Type": "Bitmap Index Scan", "Parent Relationship": "Outer", "Index Name": "nation_pkey", "Startup Cost": 0.0, "Total Cost": 0.26, "Plan Rows": 1, "Plan Width": 0, "Index Cond": "(n_nationkey = supplier.s_nationkey)"}]}]}, {"Node Type": "Bitmap Heap Scan", "Parent Relationship": "Inner", "Relation Name": "nation", "Alias": "n2", "Startup Cost": 0.26, "Total Cost": 4.27, "Plan Rows": 1, "Plan Width": 30, "Recheck Cond": "(n_nationkey = customer.c_nationkey)", "Filter": "((n_name = 'INDIA'::bpchar) OR (n_name = 'JAPAN'::bpchar))", "Plans": [{"Node Type": "Bitmap Index Scan", "Parent Relationship": "Outer", "Index Name": "nation_pkey", "Startup Cost": 0.0, "Total Cost": 0.26, "Plan Rows": 1, "Plan Width": 0, "Index Cond": "(n_nationkey = customer.c_nationkey)"}]}]}]}]}, "Unique SQL Id": 2208782157, "Planner Runtime": 3}, "explain_analyze_plan": null}, "(16, 88)": {"explain_plan": {"Plan": {"Node Type": "Sort", "Startup Cost": 726921.52, "Total Cost": 726930.74, "Plan Rows": 3688, "Plan Width": 84, "Sort Key": ["n1.n_name", "n2.n_name", "(date_part('year'::text, lineitem.l_shipdate))"], "Plans": [{"Node Type": "Aggregate", "Strategy": "Hashed", "Parent Relationship": "Outer", "Startup Cost": 726656.93, "Total Cost": 726703.03, "Plan Rows": 3688, "Plan Width": 84, "Group By Key": ["n1.n_name", "n2.n_name", "date_part('year'::text, lineitem.l_shipdate)"], "Plans": [{"Node Type": "Merge Join", "Parent Relationship": "Outer", "Join Type": "Inner", "Startup Cost": 716715.31, "Total Cost": 726601.61, "Plan Rows": 3688, "Plan Width": 76, "Inner Unique": false, "Merge Cond": "(supplier.s_suppkey = lineitem.l_suppkey)", "Join Filter": "(n1.n_nationkey = supplier.s_nationkey)", "Plans": [{"Node Type": "Index Scan", "Parent Relationship": "Outer", "Scan Direction": "Forward", "Index Name": "supplier_pkey", "Relation Name": "supplier", "Alias": "supplier", "Startup Cost": 0.0, "Total Cost": 5334.54, "Plan Rows": 100000, "Plan Width": 12}, {"Node Type": "Sort", "Parent Relationship": "Inner", "Startup Cost": 716714.94, "Total Cost": 718566.9, "Plan Rows": 740786, "Plan Width": 88, "Sort Key": ["lineitem.l_suppkey"], "Plans": [{"Node Type": "Nested Loop", "Parent Relationship": "Outer", "Join Type": "Inner", "Startup Cost": 0.0, "Total Cost": 644493.13, "Plan Rows": 740786, "Plan Width": 88, "Inner Unique": false, "Plans": [{"Node Type": "Nested Loop", "Parent Relationship": "Outer", "Join Type": "Inner", "Startup Cost": 0.0, "Total Cost": 167755.5, "Plan Rows": 504972, "Plan Width": 64, "Inner Unique": false, "Plans": [{"Node Type": "Nested Loop", "Parent Relationship": "Outer", "Join Type": "Inner", "Startup Cost": 0.0, "Total Cost": 16632.98, "Plan Rows": 119904, "Plan Width": 64, "Inner Unique": false, "Plans": [{"Node Type": "Nested Loop", "Parent Relationship": "Outer", "Join Type": "Inner", "Startup Cost": 0.0, "Total Cost": 28.12, "Plan Rows": 2, "Plan Width": 60, "Inner Unique": false, "Join Filter": "(((n1.n_name = 'JAPAN'::bpchar) AND (n2.n_name = 'INDIA'::bpchar)) OR ((n1.n_name = 'INDIA'::bpchar) AND (n2.n_name = 'JAPAN'::bpchar)))", "Plans": [{"Node Type": "Index Scan", "Parent Relationship": "Outer", "Scan Direction": "Forward", "Index Name": "nation_pkey", "Relation Name": "nation", "Alias": "n1", "Startup Cost": 0.0, "Total Cost": 12.75, "Plan Rows": 25, "Plan Width": 30, "Filter": "((n_name = 'JAPAN'::bpchar) OR (n_name = 'INDIA'::bpchar))"}, {"Node Type": "Materialize", "Parent Relationship": "Inner", "Startup Cost": 0.0, "Total Cost": 1.38, "Plan Rows": 25, "Plan Width": 30, "Plans": [{"Node Type": "Seq Scan", "Parent Relationship": "Outer", "Relation Name": "nation", "Alias": "n2", "Startup Cost": 0.0, "Total Cost": 1.25, "Plan Rows": 25, "Plan Width": 30, "Filter": "((n_name = 'INDIA'::bpchar) OR (n_name = 'JAPAN'::bpchar))"}]}]}, {"Node Type": "Index Scan", "Parent Relationship": "Inner", "Scan Direction": "Forward", "Index Name": "idx_customer_nationkey", "Relation Name": "customer", "Alias": "customer", "Startup Cost": 0.0, "Total Cost": 7702.43, "Plan Rows": 60000, "Plan Width": 12, "Index Cond": "(c_nationkey = n2.n_nationkey)"}]}, {"Node Type": "Index Scan", "Parent Relationship": "Inner", "Scan Direction": "Forward", "Index Name": "idx_orders_custkey", "Relation Name": "orders", "Alias": "orders", "Startup Cost": 0.0, "Total Cost": 1.22, "Plan Rows": 4, "Plan Width": 16, "Index Cond": "(o_custkey = customer.c_custkey)"}]}, {"Node Type": "Index Scan", "Parent Relationship": "Inner", "Scan Direction": "Forward", "Index Name": "idx_lineitem_orderkey", "Relation Name": "lineitem", "Alias": "lineitem", "Startup Cost": 0.0, "Total Cost": 0.91, "Plan Rows": 3, "Plan Width": 40, "Index Cond": "(l_orderkey = orders.o_orderkey)", "Filter": "((l_shipdate >= '1995-01-01 00:00:00'::timestamp(0) without time zone) AND (l_shipdate <= '1996-12-31 00:00:00'::timestamp(0) without time zone))"}]}]}]}]}]}, "Unique SQL Id": 2208782157, "Planner Runtime": 4}, "explain_analyze_plan": {"Plan": {"Node Type": "Sort", "Startup Cost": 726921.52, "Total Cost": 726930.74, "Plan Rows": 3688, "Plan Width": 84, "Actual Startup Time": 21343.395, "Actual Total Time": 21343.396, "Actual Rows": 4, "Actual Loops": 1, "Sort Key": ["n1.n_name", "n2.n_name", "(date_part('year'::text, lineitem.l_shipdate))"], "Sort Method": "quicksort", "Sort Space Used": 25, "Sort Space Type": "Memory", "Plans": [{"Node Type": "Aggregate", "Strategy": "Hashed", "Parent Relationship": "Outer", "Startup Cost": 726656.93, "Total Cost": 726703.03, "Plan Rows": 3688, "Plan Width": 84, "Actual Startup Time": 21343.347, "Actual Total Time": 21343.357, "Actual Rows": 4, "Actual Loops": 1, "Group By Key": ["n1.n_name", "n2.n_name", "date_part('year'::text, lineitem.l_shipdate)"], "Plans": [{"Node Type": "Merge Join", "Parent Relationship": "Outer", "Join Type": "Inner", "Startup Cost": 716715.31, "Total Cost": 726601.61, "Plan Rows": 3688, "Plan Width": 76, "Actual Startup Time": 20203.776, "Actual Total Time": 21284.282, "Actual Rows": 58554, "Actual Loops": 1, "Inner Unique": false, "Merge Cond": "(supplier.s_suppkey = lineitem.l_suppkey)", "Join Filter": "(n1.n_nationkey = supplier.s_nationkey)", "Rows Removed by Join Filter": 0, "Plans": [{"Node Type": "Index Scan", "Parent Relationship": "Outer", "Scan Direction": "Forward", "Index Name": "supplier_pkey", "Relation Name": "supplier", "Alias": "supplier", "Startup Cost": 0.0, "Total Cost": 5334.54, "Plan Rows": 100000, "Plan Width": 12, "Actual Startup Time": 0.023, "Actual Total Time": 73.04, "Actual Rows": 100000, "Actual Loops": 1}, {"Node Type": "Sort", "Parent Relationship": "Inner", "Startup Cost": 716714.94, "Total Cost": 718566.9, "Plan Rows": 740786, "Plan Width": 88, "Actual Startup Time": 20203.405, "Actual Total Time": 20640.711, "Actual Rows": 1459150, "Actual Loops": 1, "Sort Key": ["lineitem.l_suppkey"], "Sort Method": "quicksort", "Sort Space Used": 277145, "Sort Space Type": "Memory", "Plans": [{"Node Type": "Nested Loop", "Parent Relationship": "Outer", "Join Type": "Inner", "Startup Cost": 0.0, "Total Cost": 644493.13, "Plan Rows": 740786, "Plan Width": 88, "Actual Startup Time": 0.175, "Actual Total Time": 19465.424, "Actual Rows": 1459150, "Actual Loops": 1, "Inner Unique": false, "Plans": [{"Node Type": "Nested Loop", "Parent Relationship": "Outer", "Join Type": "Inner", "Startup Cost": 0.0, "Total Cost": 167755.5, "Plan Rows": 504972, "Plan Width": 64, "Actual Startup Time": 0.107, "Actual Total Time": 4161.442, "Actual Rows": 1200363, "Actual Loops": 1, "Inner Unique": false, "Plans": [{"Node Type": "Nested Loop", "Parent Relationship": "Outer", "Join Type": "Inner", "Startup Cost": 0.0, "Total Cost": 16632.98, "Plan Rows": 119904, "Plan Width": 64, "Actual Startup Time": 0.094, "Actual Total Time": 224.791, "Actual Rows": 119972, "Actual Loops": 1, "Inner Unique": false, "Plans": [{"Node Type": "Nested Loop", "Parent Relationship": "Outer", "Join Type": "Inner", "Startup Cost": 0.0, "Total Cost": 28.12, "Plan Rows": 2, "Plan Width": 60, "Actual Startup Time": 0.053, "Actual Total Time": 0.16, "Actual Rows": 2, "Actual Loops": 1, "Inner Unique": false, "Join Filter": "(((n1.n_name = 'JAPAN'::bpchar) AND (n2.n_name = 'INDIA'::bpchar)) OR ((n1.n_name = 'INDIA'::bpchar) AND (n2.n_name = 'JAPAN'::bpchar)))", "Rows Removed by Join Filter": 2, "Plans": [{"Node Type": "Index Scan", "Parent Relationship": "Outer", "Scan Direction": "Forward", "Index Name": "nation_pkey", "Relation Name": "nation", "Alias": "n1", "Startup Cost": 0.0, "Total Cost": 12.75, "Plan Rows": 25, "Plan Width": 30, "Actual Startup Time": 0.016, "Actual Total Time": 0.048, "Actual Rows": 2, "Actual Loops": 1, "Filter": "((n_name = 'JAPAN'::bpchar) OR (n_name = 'INDIA'::bpchar))", "Rows Removed by Filter": 23}, {"Node Type": "Materialize", "Parent Relationship": "Inner", "Startup Cost": 0.0, "Total Cost": 1.38, "Plan Rows": 25, "Plan Width": 30, "Actual Startup Time": 0.029, "Actual Total Time": 0.057, "Actual Rows": 4, "Actual Loops": 2, "Plans": [{"Node Type": "Seq Scan", "Parent Relationship": "Outer", "Relation Name": "nation", "Alias": "n2", "Startup Cost": 0.0, "Total Cost": 1.25, "Plan Rows": 25, "Plan Width": 30, "Actual Startup Time": 0.021, "Actual Total Time": 0.044, "Actual Rows": 2, "Actual Loops": 1, "Filter": "((n_name = 'INDIA'::bpchar) OR (n_name = 'JAPAN'::bpchar))", "Rows Removed by Filter": 23}]}]}, {"Node Type": "Index Scan", "Parent Relationship": "Inner", "Scan Direction": "Forward", "Index Name": "idx_customer_nationkey", "Relation Name": "customer", "Alias": "customer", "Startup Cost": 0.0, "Total Cost": 7702.43, "Plan Rows": 60000, "Plan Width": 12, "Actual Startup Time": 0.059, "Actual Total Time": 191.417, "Actual Rows": 119972, "Actual Loops": 2, "Index Cond": "(c_nationkey = n2.n_nationkey)", "Rows Removed by Index Recheck": 0}]}, {"Node Type": "Index Scan", "Parent Relationship": "Inner", "Scan Direction": "Forward", "Index Name": "idx_orders_custkey", "Relation Name": "orders", "Alias": "orders", "Startup Cost": 0.0, "Total Cost": 1.22, "Plan Rows": 4, "Plan Width": 16, "Actual Startup Time": 750.454, "Actual Total Time": 3577.918, "Actual Rows": 1200363, "Actual Loops": 119972, "Index Cond": "(o_custkey = customer.c_custkey)", "Rows Removed by Index Recheck": 0}]}, {"Node Type": "Index Scan", "Parent Relationship": "Inner", "Scan Direction": "Forward", "Index Name": "idx_lineitem_orderkey", "Relation Name": "lineitem", "Alias": "lineitem", "Startup Cost": 0.0, "Total Cost": 0.91, "Plan Rows": 3, "Plan Width": 40, "Actual Startup Time": 13148.569, "Actual Total Time": 14323.412, "Actual Rows": 1459150, "Actual Loops": 1200363, "Index Cond": "(l_orderkey = orders.o_orderkey)", "Rows Removed by Index Recheck": 0, "Filter": "((l_shipdate >= '1995-01-01 00:00:00'::timestamp(0) without time zone) AND (l_shipdate <= '1996-12-31 00:00:00'::timestamp(0) without time zone))", "Rows Removed by Filter": 3342563}]}]}]}]}]}, "Triggers": [], "Planner Runtime": 5, "Total Runtime": 21343.658, "Unique SQL Id": 2208782157}}, "(16, 89)": {"explain_plan": {"Plan": {"Node Type": "Sort", "Startup Cost": 726933.02, "Total Cost": 726942.24, "Plan Rows": 3688, "Plan Width": 84, "Sort Key": ["n1.n_name", "n2.n_name", "(date_part('year'::text, lineitem.l_shipdate))"], "Plans": [{"Node Type": "Aggregate", "Strategy": "Hashed", "Parent Relationship": "Outer", "Startup Cost": 726668.43, "Total Cost": 726714.53, "Plan Rows": 3688, "Plan Width": 84, "Group By Key": ["n1.n_name", "n2.n_name", "date_part('year'::text, lineitem.l_shipdate)"], "Plans": [{"Node Type": "Merge Join", "Parent Relationship": "Outer", "Join Type": "Inner", "Startup Cost": 716726.81, "Total Cost": 726613.11, "Plan Rows": 3688, "Plan Width": 76, "Inner Unique": false, "Merge Cond": "(supplier.s_suppkey = lineitem.l_suppkey)", "Join Filter": "(n1.n_nationkey = supplier.s_nationkey)", "Plans": [{"Node Type": "Index Scan", "Parent Relationship": "Outer", "Scan Direction": "Forward", "Index Name": "supplier_pkey", "Relation Name": "supplier", "Alias": "supplier", "Startup Cost": 0.0, "Total Cost": 5334.54, "Plan Rows": 100000, "Plan Width": 12}, {"Node Type": "Sort", "Parent Relationship": "Inner", "Startup Cost": 716726.44, "Total Cost": 718578.4, "Plan Rows": 740786, "Plan Width": 88, "Sort Key": ["lineitem.l_suppkey"], "Plans": [{"Node Type": "Nested Loop", "Parent Relationship": "Outer", "Join Type": "Inner", "Startup Cost": 0.0, "Total Cost": 644504.63, "Plan Rows": 740786, "Plan Width": 88, "Inner Unique": false, "Plans": [{"Node Type": "Nested Loop", "Parent Relationship": "Outer", "Join Type": "Inner", "Startup Cost": 0.0, "Total Cost": 167767.0, "Plan Rows": 504972, "Plan Width": 64, "Inner Unique": false, "Plans": [{"Node Type": "Nested Loop", "Parent Relationship": "Outer", "Join Type": "Inner", "Startup Cost": 0.0, "Total Cost": 16644.48, "Plan Rows": 119904, "Plan Width": 64, "Inner Unique": false, "Plans": [{"Node Type": "Nested Loop", "Parent Relationship": "Outer", "Join Type": "Inner", "Startup Cost": 0.0, "Total Cost": 39.62, "Plan Rows": 2, "Plan Width": 60, "Inner Unique": false, "Join Filter": "(((n1.n_name = 'JAPAN'::bpchar) AND (n2.n_name = 'INDIA'::bpchar)) OR ((n1.n_name = 'INDIA'::bpchar) AND (n2.n_name = 'JAPAN'::bpchar)))", "Plans": [{"Node Type": "Index Scan", "Parent Relationship": "Outer", "Scan Direction": "Forward", "Index Name": "nation_pkey", "Relation Name": "nation", "Alias": "n1", "Startup Cost": 0.0, "Total Cost": 12.75, "Plan Rows": 25, "Plan Width": 30, "Filter": "((n_name = 'JAPAN'::bpchar) OR (n_name = 'INDIA'::bpchar))"}, {"Node Type": "Materialize", "Parent Relationship": "Inner", "Startup Cost": 0.0, "Total Cost": 12.88, "Plan Rows": 25, "Plan Width": 30, "Plans": [{"Node Type": "Index Scan", "Parent Relationship": "Outer", "Scan Direction": "Forward", "Index Name": "nation_pkey", "Relation Name": "nation", "Alias": "n2", "Startup Cost": 0.0, "Total Cost": 12.75, "Plan Rows": 25, "Plan Width": 30, "Filter": "((n_name = 'INDIA'::bpchar) OR (n_name = 'JAPAN'::bpchar))"}]}]}, {"Node Type": "Index Scan", "Parent Relationship": "Inner", "Scan Direction": "Forward", "Index Name": "idx_customer_nationkey", "Relation Name": "customer", "Alias": "customer", "Startup Cost": 0.0, "Total Cost": 7702.43, "Plan Rows": 60000, "Plan Width": 12, "Index Cond": "(c_nationkey = n2.n_nationkey)"}]}, {"Node Type": "Index Scan", "Parent Relationship": "Inner", "Scan Direction": "Forward", "Index Name": "idx_orders_custkey", "Relation Name": "orders", "Alias": "orders", "Startup Cost": 0.0, "Total Cost": 1.22, "Plan Rows": 4, "Plan Width": 16, "Index Cond": "(o_custkey = customer.c_custkey)"}]}, {"Node Type": "Index Scan", "Parent Relationship": "Inner", "Scan Direction": "Forward", "Index Name": "idx_lineitem_orderkey", "Relation Name": "lineitem", "Alias": "lineitem", "Startup Cost": 0.0, "Total Cost": 0.91, "Plan Rows": 3, "Plan Width": 40, "Index Cond": "(l_orderkey = orders.o_orderkey)", "Filter": "((l_shipdate >= '1995-01-01 00:00:00'::timestamp(0) without time zone) AND (l_shipdate <= '1996-12-31 00:00:00'::timestamp(0) without time zone))"}]}]}]}]}]}, "Unique SQL Id": 2208782157, "Planner Runtime": 4}, "explain_analyze_plan": {"Plan": {"Node Type": "Sort", "Startup Cost": 726933.02, "Total Cost": 726942.24, "Plan Rows": 3688, "Plan Width": 84, "Actual Startup Time": 21219.945, "Actual Total Time": 21219.945, "Actual Rows": 4, "Actual Loops": 1, "Sort Key": ["n1.n_name", "n2.n_name", "(date_part('year'::text, lineitem.l_shipdate))"], "Sort Method": "quicksort", "Sort Space Used": 25, "Sort Space Type": "Memory", "Plans": [{"Node Type": "Aggregate", "Strategy": "Hashed", "Parent Relationship": "Outer", "Startup Cost": 726668.43, "Total Cost": 726714.53, "Plan Rows": 3688, "Plan Width": 84, "Actual Startup Time": 21219.891, "Actual Total Time": 21219.898, "Actual Rows": 4, "Actual Loops": 1, "Group By Key": ["n1.n_name", "n2.n_name", "date_part('year'::text, lineitem.l_shipdate)"], "Plans": [{"Node Type": "Merge Join", "Parent Relationship": "Outer", "Join Type": "Inner", "Startup Cost": 716726.81, "Total Cost": 726613.11, "Plan Rows": 3688, "Plan Width": 76, "Actual Startup Time": 20088.973, "Actual Total Time": 21160.09, "Actual Rows": 58554, "Actual Loops": 1, "Inner Unique": false, "Merge Cond": "(supplier.s_suppkey = lineitem.l_suppkey)", "Join Filter": "(n1.n_nationkey = supplier.s_nationkey)", "Rows Removed by Join Filter": 0, "Plans": [{"Node Type": "Index Scan", "Parent Relationship": "Outer", "Scan Direction": "Forward", "Index Name": "supplier_pkey", "Relation Name": "supplier", "Alias": "supplier", "Startup Cost": 0.0, "Total Cost": 5334.54, "Plan Rows": 100000, "Plan Width": 12, "Actual Startup Time": 0.023, "Actual Total Time": 70.72, "Actual Rows": 100000, "Actual Loops": 1}, {"Node Type": "Sort", "Parent Relationship": "Inner", "Startup Cost": 716726.44, "Total Cost": 718578.4, "Plan Rows": 740786, "Plan Width": 88, "Actual Startup Time": 20088.632, "Actual Total Time": 20518.97, "Actual Rows": 1459150, "Actual Loops": 1, "Sort Key": ["lineitem.l_suppkey"], "Sort Method": "quicksort", "Sort Space Used": 277145, "Sort Space Type": "Memory", "Plans": [{"Node Type": "Nested Loop", "Parent Relationship": "Outer", "Join Type": "Inner", "Startup Cost": 0.0, "Total Cost": 644504.63, "Plan Rows": 740786, "Plan Width": 88, "Actual Startup Time": 0.16, "Actual Total Time": 19352.621, "Actual Rows": 1459150, "Actual Loops": 1, "Inner Unique": false, "Plans": [{"Node Type": "Nested Loop", "Parent Relationship": "Outer", "Join Type": "Inner", "Startup Cost": 0.0, "Total Cost": 167767.0, "Plan Rows": 504972, "Plan Width": 64, "Actual Startup Time": 0.094, "Actual Total Time": 4093.376, "Actual Rows": 1200363, "Actual Loops": 1, "Inner Unique": false, "Plans": [{"Node Type": "Nested Loop", "Parent Relationship": "Outer", "Join Type": "Inner", "Startup Cost": 0.0, "Total Cost": 16644.48, "Plan Rows": 119904, "Plan Width": 64, "Actual Startup Time": 0.082, "Actual Total Time": 217.671, "Actual Rows": 119972, "Actual Loops": 1, "Inner Unique": false, "Plans": [{"Node Type": "Nested Loop", "Parent Relationship": "Outer", "Join Type": "Inner", "Startup Cost": 0.0, "Total Cost": 39.62, "Plan Rows": 2, "Plan Width": 60, "Actual Startup Time": 0.041, "Actual Total Time": 0.147, "Actual Rows": 2, "Actual Loops": 1, "Inner Unique": false, "Join Filter": "(((n1.n_name = 'JAPAN'::bpchar) AND (n2.n_name = 'INDIA'::bpchar)) OR ((n1.n_name = 'INDIA'::bpchar) AND (n2.n_name = 'JAPAN'::bpchar)))", "Rows Removed by Join Filter": 2, "Plans": [{"Node Type": "Index Scan", "Parent Relationship": "Outer", "Scan Direction": "Forward", "Index Name": "nation_pkey", "Relation Name": "nation", "Alias": "n1", "Startup Cost": 0.0, "Total Cost": 12.75, "Plan Rows": 25, "Plan Width": 30, "Actual Startup Time": 0.017, "Actual Total Time": 0.045, "Actual Rows": 2, "Actual Loops": 1, "Filter": "((n_name = 'JAPAN'::bpchar) OR (n_name = 'INDIA'::bpchar))", "Rows Removed by Filter": 23}, {"Node Type": "Materialize", "Parent Relationship": "Inner", "Startup Cost": 0.0, "Total Cost": 12.88, "Plan Rows": 25, "Plan Width": 30, "Actual Startup Time": 0.015, "Actual Total Time": 0.04, "Actual Rows": 4, "Actual Loops": 2, "Plans": [{"Node Type": "Index Scan", "Parent Relationship": "Outer", "Scan Direction": "Forward", "Index Name": "nation_pkey", "Relation Name": "nation", "Alias": "n2", "Startup Cost": 0.0, "Total Cost": 12.75, "Plan Rows": 25, "Plan Width": 30, "Actual Startup Time": 0.011, "Actual Total Time": 0.033, "Actual Rows": 2, "Actual Loops": 1, "Filter": "((n_name = 'INDIA'::bpchar) OR (n_name = 'JAPAN'::bpchar))", "Rows Removed by Filter": 23}]}]}, {"Node Type": "Index Scan", "Parent Relationship": "Inner", "Scan Direction": "Forward", "Index Name": "idx_customer_nationkey", "Relation Name": "customer", "Alias": "customer", "Startup Cost": 0.0, "Total Cost": 7702.43, "Plan Rows": 60000, "Plan Width": 12, "Actual Startup Time": 0.062, "Actual Total Time": 185.454, "Actual Rows": 119972, "Actual Loops": 2, "Index Cond": "(c_nationkey = n2.n_nationkey)", "Rows Removed by Index Recheck": 0}]}, {"Node Type": "Index Scan", "Parent Relationship": "Inner", "Scan Direction": "Forward", "Index Name": "idx_orders_custkey", "Relation Name": "orders", "Alias": "orders", "Startup Cost": 0.0, "Total Cost": 1.22, "Plan Rows": 4, "Plan Width": 16, "Actual Startup Time": 747.359, "Actual Total Time": 3518.401, "Actual Rows": 1200363, "Actual Loops": 119972, "Index Cond": "(o_custkey = customer.c_custkey)", "Rows Removed by Index Recheck": 0}]}, {"Node Type": "Index Scan", "Parent Relationship": "Inner", "Scan Direction": "Forward", "Index Name": "idx_lineitem_orderkey", "Relation Name": "lineitem", "Alias": "lineitem", "Startup Cost": 0.0, "Total Cost": 0.91, "Plan Rows": 3, "Plan Width": 40, "Actual Startup Time": 13097.583, "Actual Total Time": 14275.84, "Actual Rows": 1459150, "Actual Loops": 1200363, "Index Cond": "(l_orderkey = orders.o_orderkey)", "Rows Removed by Index Recheck": 0, "Filter": "((l_shipdate >= '1995-01-01 00:00:00'::timestamp(0) without time zone) AND (l_shipdate <= '1996-12-31 00:00:00'::timestamp(0) without time zone))", "Rows Removed by Filter": 3342563}]}]}]}]}]}, "Triggers": [], "Planner Runtime": 4, "Total Runtime": 21220.223, "Unique SQL Id": 2208782157}}, "(16, 90)": {"explain_plan": {"Plan": {"Node Type": "Sort", "Startup Cost": 7128560.42, "Total Cost": 7128569.64, "Plan Rows": 3688, "Plan Width": 84, "Sort Key": ["n1.n_name", "n2.n_name", "(date_part('year'::text, lineitem.l_shipdate))"], "Plans": [{"Node Type": "Aggregate", "Strategy": "Hashed", "Parent Relationship": "Outer", "Startup Cost": 7128295.83, "Total Cost": 7128341.93, "Plan Rows": 3688, "Plan Width": 84, "Group By Key": ["n1.n_name", "n2.n_name", "date_part('year'::text, lineitem.l_shipdate)"], "Plans": [{"Node Type": "Merge Join", "Parent Relationship": "Outer", "Join Type": "Inner", "Startup Cost": 7116253.19, "Total Cost": 7128240.51, "Plan Rows": 3688, "Plan Width": 76, "Inner Unique": true, "Merge Cond": "((orders.o_custkey = customer.c_custkey) AND (n2.n_nationkey = customer.c_nationkey))", "Plans": [{"Node Type": "Sort", "Parent Relationship": "Outer", "Startup Cost": 6910252.9, "Total Cost": 6910483.42, "Plan Rows": 92207, "Plan Width": 88, "Sort Key": ["orders.o_custkey", "n2.n_nationkey"], "Plans": [{"Node Type": "Merge Join", "Parent Relationship": "Outer", "Join Type": "Inner", "Startup Cost": 6826271.5, "Total Cost": 6902649.24, "Plan Rows": 92207, "Plan Width": 88, "Inner Unique": true, "Merge Cond": "(lineitem.l_orderkey = orders.o_orderkey)", "Plans": [{"Node Type": "Sort", "Parent Relationship": "Outer", "Startup Cost": 4612036.38, "Total Cost": 4612266.9, "Plan Rows": 92207, "Plan Width": 88, "Sort Key": ["lineitem.l_orderkey"], "Plans": [{"Node Type": "Merge Join", "Parent Relationship": "Outer", "Join Type": "Inner", "Startup Cost": 4512863.67, "Total Cost": 4604432.72, "Plan Rows": 92207, "Plan Width": 88, "Inner Unique": false, "Merge Cond": "(supplier.s_suppkey = lineitem.l_suppkey)", "Plans": [{"Node Type": "Sort", "Parent Relationship": "Outer", "Startup Cost": 12702.66, "Total Cost": 12722.65, "Plan Rows": 7994, "Plan Width": 64, "Sort Key": ["supplier.s_suppkey"], "Plans": [{"Node Type": "Merge Join", "Parent Relationship": "Outer", "Join Type": "Inner", "Startup Cost": 11604.46, "Total Cost": 12184.47, "Plan Rows": 7994, "Plan Width": 64, "Inner Unique": false, "Merge Cond": "(n1.n_nationkey = supplier.s_nationkey)", "Plans": [{"Node Type": "Sort", "Parent Relationship": "Outer", "Startup Cost": 16.64, "Total Cost": 16.64, "Plan Rows": 2, "Plan Width": 60, "Sort Key": ["n1.n_nationkey"], "Plans": [{"Node Type": "Nested Loop", "Parent Relationship": "Outer", "Join Type": "Inner", "Startup Cost": 0.0, "Total Cost": 16.62, "Plan Rows": 2, "Plan Width": 60, "Inner Unique": false, "Join Filter": "(((n1.n_name = 'JAPAN'::bpchar) AND (n2.n_name = 'INDIA'::bpchar)) OR ((n1.n_name = 'INDIA'::bpchar) AND (n2.n_name = 'JAPAN'::bpchar)))", "Plans": [{"Node Type": "Seq Scan", "Parent Relationship": "Outer", "Relation Name": "nation", "Alias": "n1", "Startup Cost": 0.0, "Total Cost": 1.25, "Plan Rows": 25, "Plan Width": 30, "Filter": "((n_name = 'JAPAN'::bpchar) OR (n_name = 'INDIA'::bpchar))"}, {"Node Type": "Materialize", "Parent Relationship": "Inner", "Startup Cost": 0.0, "Total Cost": 1.38, "Plan Rows": 25, "Plan Width": 30, "Plans": [{"Node Type": "Seq Scan", "Parent Relationship": "Outer", "Relation Name": "nation", "Alias": "n2", "Startup Cost": 0.0, "Total Cost": 1.25, "Plan Rows": 25, "Plan Width": 30, "Filter": "((n_name = 'INDIA'::bpchar) OR (n_name = 'JAPAN'::bpchar))"}]}]}]}, {"Node Type": "Sort", "Parent Relationship": "Inner", "Startup Cost": 11587.82, "Total Cost": 11837.82, "Plan Rows": 100000, "Plan Width": 12, "Sort Key": ["supplier.s_nationkey"], "Plans": [{"Node Type": "Seq Scan", "Parent Relationship": "Outer", "Relation Name": "supplier", "Alias": "supplier", "Startup Cost": 0.0, "Total Cost": 3283.0, "Plan Rows": 100000, "Plan Width": 12}]}]}]}, {"Node Type": "Sort", "Parent Relationship": "Inner", "Startup Cost": 4500152.01, "Total Cost": 4545464.49, "Plan Rows": 18124991, "Plan Width": 40, "Sort Key": ["lineitem.l_suppkey"], "Plans": [{"Node Type": "Seq Scan", "Parent Relationship": "Outer", "Relation Name": "lineitem", "Alias": "lineitem", "Startup Cost": 44.6, "Total Cost": 2315050.5, "Plan Rows": 18124991, "Plan Width": 40, "Filter": "((l_shipdate >= '1995-01-01 00:00:00'::timestamp(0) without time zone) AND (l_shipdate <= '1996-12-31 00:00:00'::timestamp(0) without time zone)), (LLVM Optimized)"}]}]}]}, {"Node Type": "Sort", "Parent Relationship": "Inner", "Startup Cost": 2214232.37, "Total Cost": 2251731.07, "Plan Rows": 14999479, "Plan Width": 16, "Sort Key": ["orders.o_orderkey"], "Plans": [{"Node Type": "Seq Scan", "Parent Relationship": "Outer", "Relation Name": "orders", "Alias": "orders", "Startup Cost": 0.0, "Total Cost": 426413.79, "Plan Rows": 14999479, "Plan Width": 16}]}]}]}, {"Node Type": "Sort", "Parent Relationship": "Inner", "Startup Cost": 205999.98, "Total Cost": 209749.98, "Plan Rows": 1500000, "Plan Width": 12, "Sort Key": ["customer.c_custkey", "customer.c_nationkey"], "Plans": [{"Node Type": "Seq Scan", "Parent Relationship": "Outer", "Relation Name": "customer", "Alias": "customer", "Startup Cost": 0.0, "Total Cost": 52126.0, "Plan Rows": 1500000, "Plan Width": 12}]}]}]}]}, "Unique SQL Id": 2208782157, "Planner Runtime": 4}, "explain_analyze_plan": null}, "(16, 91)": {"explain_plan": {"Plan": {"Node Type": "Sort", "Startup Cost": 6000546904427.79, "Total Cost": 6000546904437.01, "Plan Rows": 3688, "Plan Width": 84, "Sort Key": ["n1.n_name", "n2.n_name", "(date_part('year'::text, lineitem.l_shipdate))"], "Plans": [{"Node Type": "Aggregate", "Strategy": "Hashed", "Parent Relationship": "Outer", "Startup Cost": 6000546904163.2, "Total Cost": 6000546904209.3, "Plan Rows": 3688, "Plan Width": 84, "Group By Key": ["n1.n_name", "n2.n_name", "date_part('year'::text, lineitem.l_shipdate)"], "Plans": [{"Node Type": "Merge Join", "Parent Relationship": "Outer", "Join Type": "Inner", "Startup Cost": 3030393450665.84, "Total Cost": 6000546904107.88, "Plan Rows": 3688, "Plan Width": 76, "Inner Unique": true, "Merge Cond": "(n2.n_nationkey = customer.c_nationkey)", "Join Filter": "(orders.o_custkey = customer.c_custkey)", "Plans": [{"Node Type": "Nested Loop", "Parent Relationship": "Outer", "Join Type": "Inner", "Startup Cost": 3020393450665.84, "Total Cost": 5000430886371.89, "Plan Rows": 92207, "Plan Width": 88, "Inner Unique": false, "Join Filter": "(((n1.n_name = 'JAPAN'::bpchar) AND (n2.n_name = 'INDIA'::bpchar)) OR ((n1.n_name = 'INDIA'::bpchar) AND (n2.n_name = 'JAPAN'::bpchar)))", "Plans": [{"Node Type": "Index Scan", "Parent Relationship": "Outer", "Scan Direction": "Forward", "Index Name": "nation_pkey", "Relation Name": "nation", "Alias": "n2", "Startup Cost": 10000000000.0, "Total Cost": 1000000001275.0, "Plan Rows": 25, "Plan Width": 30, "Filter": "((n_name = 'INDIA'::bpchar) OR (n_name = 'JAPAN'::bpchar))"}, {"Node Type": "Materialize", "Parent Relationship": "Inner", "Startup Cost": 3010393450665.84, "Total Cost": 4000430239128.49, "Plan Rows": 1153515, "Plan Width": 58, "Plans": [{"Node Type": "Merge Join", "Parent Relationship": "Outer", "Join Type": "Inner", "Startup Cost": 3010393450665.84, "Total Cost": 4000430233360.91, "Plan Rows": 1153515, "Plan Width": 58, "Inner Unique": true, "Merge Cond": "(lineitem.l_orderkey = orders.o_orderkey)", "Plans": [{"Node Type": "Sort", "Parent Relationship": "Outer", "Startup Cost": 3000357080716.08, "Total Cost": 3000357083599.87, "Plan Rows": 1153515, "Plan Width": 58, "Sort Key": ["lineitem.l_orderkey"], "Plans": [{"Node Type": "Merge Join", "Parent Relationship": "Outer", "Join Type": "Inner", "Startup Cost": 2010356945993.15, "Total Cost": 3000356964570.93, "Plan Rows": 1153515, "Plan Width": 58, "Inner Unique": false, "Merge Cond": "(n1.n_nationkey = supplier.s_nationkey)", "Plans": [{"Node Type": "Index Scan", "Parent Relationship": "Outer", "Scan Direction": "Forward", "Index Name": "nation_pkey", "Relation Name": "nation", "Alias": "n1", "Startup Cost": 10000000000.0, "Total Cost": 1000000001275.0, "Plan Rows": 25, "Plan Width": 30, "Filter": "((n_name = 'JAPAN'::bpchar) OR (n_name = 'INDIA'::bpchar))"}, {"Node Type": "Sort", "Parent Relationship": "Inner", "Startup Cost": 2000356945993.15, "Total Cost": 2000356948876.93, "Plan Rows": 1153515, "Plan Width": 36, "Sort Key": ["supplier.s_nationkey"], "Plans": [{"Node Type": "Merge Join", "Parent Relationship": "Outer", "Join Type": "Inner", "Startup Cost": 1010356194001.51, "Total Cost": 2000356829848.0, "Plan Rows": 1153515, "Plan Width": 36, "Inner Unique": false, "Merge Cond": "(supplier.s_suppkey = lineitem.l_suppkey)", "Plans": [{"Node Type": "Index Scan", "Parent Relationship": "Outer", "Scan Direction": "Forward", "Index Name": "supplier_pkey", "Relation Name": "supplier", "Alias": "supplier", "Startup Cost": 10000000000.0, "Total Cost": 1000000533454.38, "Plan Rows": 100000, "Plan Width": 12}, {"Node Type": "Sort", "Parent Relationship": "Inner", "Startup Cost": 1000356193992.51, "Total Cost": 1000356239304.99, "Plan Rows": 18124991, "Plan Width": 40, "Sort Key": ["lineitem.l_suppkey"], "Plans": [{"Node Type": "Index Scan", "Parent Relationship": "Outer", "Scan Direction": "Forward", "Index Name": "idx_lineitem_orderkey", "Relation Name": "lineitem", "Alias": "lineitem", "Startup Cost": 10000000000.0, "Total Cost": 1000354008891.0, "Plan Rows": 18124991, "Plan Width": 40, "Filter": "((l_shipdate >= '1995-01-01 00:00:00'::timestamp(0) without time zone) AND (l_shipdate <= '1996-12-31 00:00:00'::timestamp(0) without time zone)), (LLVM Optimized)"}]}]}]}]}]}, {"Node Type": "Index Scan", "Parent Relationship": "Inner", "Scan Direction": "Forward", "Index Name": "orders_pkey", "Relation Name": "orders", "Alias": "orders", "Startup Cost": 10000000000.0, "Total Cost": 1000073097843.5, "Plan Rows": 14999479, "Plan Width": 16}]}]}]}, {"Node Type": "Materialize", "Parent Relationship": "Inner", "Startup Cost": 10000000000.0, "Total Cost": 1000019203896.25, "Plan Rows": 1500000, "Plan Width": 12, "Plans": [{"Node Type": "Index Scan", "Parent Relationship": "Outer", "Scan Direction": "Forward", "Index Name": "idx_customer_nationkey", "Relation Name": "customer", "Alias": "customer", "Startup Cost": 10000000000.0, "Total Cost": 1000019200146.25, "Plan Rows": 1500000, "Plan Width": 12}]}]}]}]}, "Unique SQL Id": 2208782157, "Planner Runtime": 7}, "explain_analyze_plan": null}, "(16, 92)": {"explain_plan": {"Plan": {"Node Type": "Sort", "Startup Cost": 726921.52, "Total Cost": 726930.74, "Plan Rows": 3688, "Plan Width": 84, "Sort Key": ["n1.n_name", "n2.n_name", "(date_part('year'::text, lineitem.l_shipdate))"], "Plans": [{"Node Type": "Aggregate", "Strategy": "Hashed", "Parent Relationship": "Outer", "Startup Cost": 726656.93, "Total Cost": 726703.03, "Plan Rows": 3688, "Plan Width": 84, "Group By Key": ["n1.n_name", "n2.n_name", "date_part('year'::text, lineitem.l_shipdate)"], "Plans": [{"Node Type": "Merge Join", "Parent Relationship": "Outer", "Join Type": "Inner", "Startup Cost": 716715.31, "Total Cost": 726601.61, "Plan Rows": 3688, "Plan Width": 76, "Inner Unique": false, "Merge Cond": "(supplier.s_suppkey = lineitem.l_suppkey)", "Join Filter": "(n1.n_nationkey = supplier.s_nationkey)", "Plans": [{"Node Type": "Index Scan", "Parent Relationship": "Outer", "Scan Direction": "Forward", "Index Name": "supplier_pkey", "Relation Name": "supplier", "Alias": "supplier", "Startup Cost": 0.0, "Total Cost": 5334.54, "Plan Rows": 100000, "Plan Width": 12}, {"Node Type": "Sort", "Parent Relationship": "Inner", "Startup Cost": 716714.94, "Total Cost": 718566.9, "Plan Rows": 740786, "Plan Width": 88, "Sort Key": ["lineitem.l_suppkey"], "Plans": [{"Node Type": "Nested Loop", "Parent Relationship": "Outer", "Join Type": "Inner", "Startup Cost": 0.0, "Total Cost": 644493.13, "Plan Rows": 740786, "Plan Width": 88, "Inner Unique": false, "Plans": [{"Node Type": "Nested Loop", "Parent Relationship": "Outer", "Join Type": "Inner", "Startup Cost": 0.0, "Total Cost": 167755.5, "Plan Rows": 504972, "Plan Width": 64, "Inner Unique": false, "Plans": [{"Node Type": "Nested Loop", "Parent Relationship": "Outer", "Join Type": "Inner", "Startup Cost": 0.0, "Total Cost": 16632.98, "Plan Rows": 119904, "Plan Width": 64, "Inner Unique": false, "Plans": [{"Node Type": "Nested Loop", "Parent Relationship": "Outer", "Join Type": "Inner", "Startup Cost": 0.0, "Total Cost": 28.12, "Plan Rows": 2, "Plan Width": 60, "Inner Unique": false, "Join Filter": "(((n1.n_name = 'JAPAN'::bpchar) AND (n2.n_name = 'INDIA'::bpchar)) OR ((n1.n_name = 'INDIA'::bpchar) AND (n2.n_name = 'JAPAN'::bpchar)))", "Plans": [{"Node Type": "Index Scan", "Parent Relationship": "Outer", "Scan Direction": "Forward", "Index Name": "nation_pkey", "Relation Name": "nation", "Alias": "n1", "Startup Cost": 0.0, "Total Cost": 12.75, "Plan Rows": 25, "Plan Width": 30, "Filter": "((n_name = 'JAPAN'::bpchar) OR (n_name = 'INDIA'::bpchar))"}, {"Node Type": "Materialize", "Parent Relationship": "Inner", "Startup Cost": 0.0, "Total Cost": 1.38, "Plan Rows": 25, "Plan Width": 30, "Plans": [{"Node Type": "Seq Scan", "Parent Relationship": "Outer", "Relation Name": "nation", "Alias": "n2", "Startup Cost": 0.0, "Total Cost": 1.25, "Plan Rows": 25, "Plan Width": 30, "Filter": "((n_name = 'INDIA'::bpchar) OR (n_name = 'JAPAN'::bpchar))"}]}]}, {"Node Type": "Index Scan", "Parent Relationship": "Inner", "Scan Direction": "Forward", "Index Name": "idx_customer_nationkey", "Relation Name": "customer", "Alias": "customer", "Startup Cost": 0.0, "Total Cost": 7702.43, "Plan Rows": 60000, "Plan Width": 12, "Index Cond": "(c_nationkey = n2.n_nationkey)"}]}, {"Node Type": "Index Scan", "Parent Relationship": "Inner", "Scan Direction": "Forward", "Index Name": "idx_orders_custkey", "Relation Name": "orders", "Alias": "orders", "Startup Cost": 0.0, "Total Cost": 1.22, "Plan Rows": 4, "Plan Width": 16, "Index Cond": "(o_custkey = customer.c_custkey)"}]}, {"Node Type": "Index Scan", "Parent Relationship": "Inner", "Scan Direction": "Forward", "Index Name": "idx_lineitem_orderkey", "Relation Name": "lineitem", "Alias": "lineitem", "Startup Cost": 0.0, "Total Cost": 0.91, "Plan Rows": 3, "Plan Width": 40, "Index Cond": "(l_orderkey = orders.o_orderkey)", "Filter": "((l_shipdate >= '1995-01-01 00:00:00'::timestamp(0) without time zone) AND (l_shipdate <= '1996-12-31 00:00:00'::timestamp(0) without time zone))"}]}]}]}]}]}, "Unique SQL Id": 2208782157, "Planner Runtime": 5}, "explain_analyze_plan": {"Plan": {"Node Type": "Sort", "Startup Cost": 726921.52, "Total Cost": 726930.74, "Plan Rows": 3688, "Plan Width": 84, "Actual Startup Time": 21343.395, "Actual Total Time": 21343.396, "Actual Rows": 4, "Actual Loops": 1, "Sort Key": ["n1.n_name", "n2.n_name", "(date_part('year'::text, lineitem.l_shipdate))"], "Sort Method": "quicksort", "Sort Space Used": 25, "Sort Space Type": "Memory", "Plans": [{"Node Type": "Aggregate", "Strategy": "Hashed", "Parent Relationship": "Outer", "Startup Cost": 726656.93, "Total Cost": 726703.03, "Plan Rows": 3688, "Plan Width": 84, "Actual Startup Time": 21343.347, "Actual Total Time": 21343.357, "Actual Rows": 4, "Actual Loops": 1, "Group By Key": ["n1.n_name", "n2.n_name", "date_part('year'::text, lineitem.l_shipdate)"], "Plans": [{"Node Type": "Merge Join", "Parent Relationship": "Outer", "Join Type": "Inner", "Startup Cost": 716715.31, "Total Cost": 726601.61, "Plan Rows": 3688, "Plan Width": 76, "Actual Startup Time": 20203.776, "Actual Total Time": 21284.282, "Actual Rows": 58554, "Actual Loops": 1, "Inner Unique": false, "Merge Cond": "(supplier.s_suppkey = lineitem.l_suppkey)", "Join Filter": "(n1.n_nationkey = supplier.s_nationkey)", "Rows Removed by Join Filter": 0, "Plans": [{"Node Type": "Index Scan", "Parent Relationship": "Outer", "Scan Direction": "Forward", "Index Name": "supplier_pkey", "Relation Name": "supplier", "Alias": "supplier", "Startup Cost": 0.0, "Total Cost": 5334.54, "Plan Rows": 100000, "Plan Width": 12, "Actual Startup Time": 0.023, "Actual Total Time": 73.04, "Actual Rows": 100000, "Actual Loops": 1}, {"Node Type": "Sort", "Parent Relationship": "Inner", "Startup Cost": 716714.94, "Total Cost": 718566.9, "Plan Rows": 740786, "Plan Width": 88, "Actual Startup Time": 20203.405, "Actual Total Time": 20640.711, "Actual Rows": 1459150, "Actual Loops": 1, "Sort Key": ["lineitem.l_suppkey"], "Sort Method": "quicksort", "Sort Space Used": 277145, "Sort Space Type": "Memory", "Plans": [{"Node Type": "Nested Loop", "Parent Relationship": "Outer", "Join Type": "Inner", "Startup Cost": 0.0, "Total Cost": 644493.13, "Plan Rows": 740786, "Plan Width": 88, "Actual Startup Time": 0.175, "Actual Total Time": 19465.424, "Actual Rows": 1459150, "Actual Loops": 1, "Inner Unique": false, "Plans": [{"Node Type": "Nested Loop", "Parent Relationship": "Outer", "Join Type": "Inner", "Startup Cost": 0.0, "Total Cost": 167755.5, "Plan Rows": 504972, "Plan Width": 64, "Actual Startup Time": 0.107, "Actual Total Time": 4161.442, "Actual Rows": 1200363, "Actual Loops": 1, "Inner Unique": false, "Plans": [{"Node Type": "Nested Loop", "Parent Relationship": "Outer", "Join Type": "Inner", "Startup Cost": 0.0, "Total Cost": 16632.98, "Plan Rows": 119904, "Plan Width": 64, "Actual Startup Time": 0.094, "Actual Total Time": 224.791, "Actual Rows": 119972, "Actual Loops": 1, "Inner Unique": false, "Plans": [{"Node Type": "Nested Loop", "Parent Relationship": "Outer", "Join Type": "Inner", "Startup Cost": 0.0, "Total Cost": 28.12, "Plan Rows": 2, "Plan Width": 60, "Actual Startup Time": 0.053, "Actual Total Time": 0.16, "Actual Rows": 2, "Actual Loops": 1, "Inner Unique": false, "Join Filter": "(((n1.n_name = 'JAPAN'::bpchar) AND (n2.n_name = 'INDIA'::bpchar)) OR ((n1.n_name = 'INDIA'::bpchar) AND (n2.n_name = 'JAPAN'::bpchar)))", "Rows Removed by Join Filter": 2, "Plans": [{"Node Type": "Index Scan", "Parent Relationship": "Outer", "Scan Direction": "Forward", "Index Name": "nation_pkey", "Relation Name": "nation", "Alias": "n1", "Startup Cost": 0.0, "Total Cost": 12.75, "Plan Rows": 25, "Plan Width": 30, "Actual Startup Time": 0.016, "Actual Total Time": 0.048, "Actual Rows": 2, "Actual Loops": 1, "Filter": "((n_name = 'JAPAN'::bpchar) OR (n_name = 'INDIA'::bpchar))", "Rows Removed by Filter": 23}, {"Node Type": "Materialize", "Parent Relationship": "Inner", "Startup Cost": 0.0, "Total Cost": 1.38, "Plan Rows": 25, "Plan Width": 30, "Actual Startup Time": 0.029, "Actual Total Time": 0.057, "Actual Rows": 4, "Actual Loops": 2, "Plans": [{"Node Type": "Seq Scan", "Parent Relationship": "Outer", "Relation Name": "nation", "Alias": "n2", "Startup Cost": 0.0, "Total Cost": 1.25, "Plan Rows": 25, "Plan Width": 30, "Actual Startup Time": 0.021, "Actual Total Time": 0.044, "Actual Rows": 2, "Actual Loops": 1, "Filter": "((n_name = 'INDIA'::bpchar) OR (n_name = 'JAPAN'::bpchar))", "Rows Removed by Filter": 23}]}]}, {"Node Type": "Index Scan", "Parent Relationship": "Inner", "Scan Direction": "Forward", "Index Name": "idx_customer_nationkey", "Relation Name": "customer", "Alias": "customer", "Startup Cost": 0.0, "Total Cost": 7702.43, "Plan Rows": 60000, "Plan Width": 12, "Actual Startup Time": 0.059, "Actual Total Time": 191.417, "Actual Rows": 119972, "Actual Loops": 2, "Index Cond": "(c_nationkey = n2.n_nationkey)", "Rows Removed by Index Recheck": 0}]}, {"Node Type": "Index Scan", "Parent Relationship": "Inner", "Scan Direction": "Forward", "Index Name": "idx_orders_custkey", "Relation Name": "orders", "Alias": "orders", "Startup Cost": 0.0, "Total Cost": 1.22, "Plan Rows": 4, "Plan Width": 16, "Actual Startup Time": 750.454, "Actual Total Time": 3577.918, "Actual Rows": 1200363, "Actual Loops": 119972, "Index Cond": "(o_custkey = customer.c_custkey)", "Rows Removed by Index Recheck": 0}]}, {"Node Type": "Index Scan", "Parent Relationship": "Inner", "Scan Direction": "Forward", "Index Name": "idx_lineitem_orderkey", "Relation Name": "lineitem", "Alias": "lineitem", "Startup Cost": 0.0, "Total Cost": 0.91, "Plan Rows": 3, "Plan Width": 40, "Actual Startup Time": 13148.569, "Actual Total Time": 14323.412, "Actual Rows": 1459150, "Actual Loops": 1200363, "Index Cond": "(l_orderkey = orders.o_orderkey)", "Rows Removed by Index Recheck": 0, "Filter": "((l_shipdate >= '1995-01-01 00:00:00'::timestamp(0) without time zone) AND (l_shipdate <= '1996-12-31 00:00:00'::timestamp(0) without time zone))", "Rows Removed by Filter": 3342563}]}]}]}]}]}, "Triggers": [], "Planner Runtime": 5, "Total Runtime": 21343.658, "Unique SQL Id": 2208782157}}, "(16, 93)": {"explain_plan": {"Plan": {"Node Type": "Sort", "Startup Cost": 726933.02, "Total Cost": 726942.24, "Plan Rows": 3688, "Plan Width": 84, "Sort Key": ["n1.n_name", "n2.n_name", "(date_part('year'::text, lineitem.l_shipdate))"], "Plans": [{"Node Type": "Aggregate", "Strategy": "Hashed", "Parent Relationship": "Outer", "Startup Cost": 726668.43, "Total Cost": 726714.53, "Plan Rows": 3688, "Plan Width": 84, "Group By Key": ["n1.n_name", "n2.n_name", "date_part('year'::text, lineitem.l_shipdate)"], "Plans": [{"Node Type": "Merge Join", "Parent Relationship": "Outer", "Join Type": "Inner", "Startup Cost": 716726.81, "Total Cost": 726613.11, "Plan Rows": 3688, "Plan Width": 76, "Inner Unique": false, "Merge Cond": "(supplier.s_suppkey = lineitem.l_suppkey)", "Join Filter": "(n1.n_nationkey = supplier.s_nationkey)", "Plans": [{"Node Type": "Index Scan", "Parent Relationship": "Outer", "Scan Direction": "Forward", "Index Name": "supplier_pkey", "Relation Name": "supplier", "Alias": "supplier", "Startup Cost": 0.0, "Total Cost": 5334.54, "Plan Rows": 100000, "Plan Width": 12}, {"Node Type": "Sort", "Parent Relationship": "Inner", "Startup Cost": 716726.44, "Total Cost": 718578.4, "Plan Rows": 740786, "Plan Width": 88, "Sort Key": ["lineitem.l_suppkey"], "Plans": [{"Node Type": "Nested Loop", "Parent Relationship": "Outer", "Join Type": "Inner", "Startup Cost": 0.0, "Total Cost": 644504.63, "Plan Rows": 740786, "Plan Width": 88, "Inner Unique": false, "Plans": [{"Node Type": "Nested Loop", "Parent Relationship": "Outer", "Join Type": "Inner", "Startup Cost": 0.0, "Total Cost": 167767.0, "Plan Rows": 504972, "Plan Width": 64, "Inner Unique": false, "Plans": [{"Node Type": "Nested Loop", "Parent Relationship": "Outer", "Join Type": "Inner", "Startup Cost": 0.0, "Total Cost": 16644.48, "Plan Rows": 119904, "Plan Width": 64, "Inner Unique": false, "Plans": [{"Node Type": "Nested Loop", "Parent Relationship": "Outer", "Join Type": "Inner", "Startup Cost": 0.0, "Total Cost": 39.62, "Plan Rows": 2, "Plan Width": 60, "Inner Unique": false, "Join Filter": "(((n1.n_name = 'JAPAN'::bpchar) AND (n2.n_name = 'INDIA'::bpchar)) OR ((n1.n_name = 'INDIA'::bpchar) AND (n2.n_name = 'JAPAN'::bpchar)))", "Plans": [{"Node Type": "Index Scan", "Parent Relationship": "Outer", "Scan Direction": "Forward", "Index Name": "nation_pkey", "Relation Name": "nation", "Alias": "n1", "Startup Cost": 0.0, "Total Cost": 12.75, "Plan Rows": 25, "Plan Width": 30, "Filter": "((n_name = 'JAPAN'::bpchar) OR (n_name = 'INDIA'::bpchar))"}, {"Node Type": "Materialize", "Parent Relationship": "Inner", "Startup Cost": 0.0, "Total Cost": 12.88, "Plan Rows": 25, "Plan Width": 30, "Plans": [{"Node Type": "Index Scan", "Parent Relationship": "Outer", "Scan Direction": "Forward", "Index Name": "nation_pkey", "Relation Name": "nation", "Alias": "n2", "Startup Cost": 0.0, "Total Cost": 12.75, "Plan Rows": 25, "Plan Width": 30, "Filter": "((n_name = 'INDIA'::bpchar) OR (n_name = 'JAPAN'::bpchar))"}]}]}, {"Node Type": "Index Scan", "Parent Relationship": "Inner", "Scan Direction": "Forward", "Index Name": "idx_customer_nationkey", "Relation Name": "customer", "Alias": "customer", "Startup Cost": 0.0, "Total Cost": 7702.43, "Plan Rows": 60000, "Plan Width": 12, "Index Cond": "(c_nationkey = n2.n_nationkey)"}]}, {"Node Type": "Index Scan", "Parent Relationship": "Inner", "Scan Direction": "Forward", "Index Name": "idx_orders_custkey", "Relation Name": "orders", "Alias": "orders", "Startup Cost": 0.0, "Total Cost": 1.22, "Plan Rows": 4, "Plan Width": 16, "Index Cond": "(o_custkey = customer.c_custkey)"}]}, {"Node Type": "Index Scan", "Parent Relationship": "Inner", "Scan Direction": "Forward", "Index Name": "idx_lineitem_orderkey", "Relation Name": "lineitem", "Alias": "lineitem", "Startup Cost": 0.0, "Total Cost": 0.91, "Plan Rows": 3, "Plan Width": 40, "Index Cond": "(l_orderkey = orders.o_orderkey)", "Filter": "((l_shipdate >= '1995-01-01 00:00:00'::timestamp(0) without time zone) AND (l_shipdate <= '1996-12-31 00:00:00'::timestamp(0) without time zone))"}]}]}]}]}]}, "Unique SQL Id": 2208782157, "Planner Runtime": 4}, "explain_analyze_plan": {"Plan": {"Node Type": "Sort", "Startup Cost": 726933.02, "Total Cost": 726942.24, "Plan Rows": 3688, "Plan Width": 84, "Actual Startup Time": 21219.945, "Actual Total Time": 21219.945, "Actual Rows": 4, "Actual Loops": 1, "Sort Key": ["n1.n_name", "n2.n_name", "(date_part('year'::text, lineitem.l_shipdate))"], "Sort Method": "quicksort", "Sort Space Used": 25, "Sort Space Type": "Memory", "Plans": [{"Node Type": "Aggregate", "Strategy": "Hashed", "Parent Relationship": "Outer", "Startup Cost": 726668.43, "Total Cost": 726714.53, "Plan Rows": 3688, "Plan Width": 84, "Actual Startup Time": 21219.891, "Actual Total Time": 21219.898, "Actual Rows": 4, "Actual Loops": 1, "Group By Key": ["n1.n_name", "n2.n_name", "date_part('year'::text, lineitem.l_shipdate)"], "Plans": [{"Node Type": "Merge Join", "Parent Relationship": "Outer", "Join Type": "Inner", "Startup Cost": 716726.81, "Total Cost": 726613.11, "Plan Rows": 3688, "Plan Width": 76, "Actual Startup Time": 20088.973, "Actual Total Time": 21160.09, "Actual Rows": 58554, "Actual Loops": 1, "Inner Unique": false, "Merge Cond": "(supplier.s_suppkey = lineitem.l_suppkey)", "Join Filter": "(n1.n_nationkey = supplier.s_nationkey)", "Rows Removed by Join Filter": 0, "Plans": [{"Node Type": "Index Scan", "Parent Relationship": "Outer", "Scan Direction": "Forward", "Index Name": "supplier_pkey", "Relation Name": "supplier", "Alias": "supplier", "Startup Cost": 0.0, "Total Cost": 5334.54, "Plan Rows": 100000, "Plan Width": 12, "Actual Startup Time": 0.023, "Actual Total Time": 70.72, "Actual Rows": 100000, "Actual Loops": 1}, {"Node Type": "Sort", "Parent Relationship": "Inner", "Startup Cost": 716726.44, "Total Cost": 718578.4, "Plan Rows": 740786, "Plan Width": 88, "Actual Startup Time": 20088.632, "Actual Total Time": 20518.97, "Actual Rows": 1459150, "Actual Loops": 1, "Sort Key": ["lineitem.l_suppkey"], "Sort Method": "quicksort", "Sort Space Used": 277145, "Sort Space Type": "Memory", "Plans": [{"Node Type": "Nested Loop", "Parent Relationship": "Outer", "Join Type": "Inner", "Startup Cost": 0.0, "Total Cost": 644504.63, "Plan Rows": 740786, "Plan Width": 88, "Actual Startup Time": 0.16, "Actual Total Time": 19352.621, "Actual Rows": 1459150, "Actual Loops": 1, "Inner Unique": false, "Plans": [{"Node Type": "Nested Loop", "Parent Relationship": "Outer", "Join Type": "Inner", "Startup Cost": 0.0, "Total Cost": 167767.0, "Plan Rows": 504972, "Plan Width": 64, "Actual Startup Time": 0.094, "Actual Total Time": 4093.376, "Actual Rows": 1200363, "Actual Loops": 1, "Inner Unique": false, "Plans": [{"Node Type": "Nested Loop", "Parent Relationship": "Outer", "Join Type": "Inner", "Startup Cost": 0.0, "Total Cost": 16644.48, "Plan Rows": 119904, "Plan Width": 64, "Actual Startup Time": 0.082, "Actual Total Time": 217.671, "Actual Rows": 119972, "Actual Loops": 1, "Inner Unique": false, "Plans": [{"Node Type": "Nested Loop", "Parent Relationship": "Outer", "Join Type": "Inner", "Startup Cost": 0.0, "Total Cost": 39.62, "Plan Rows": 2, "Plan Width": 60, "Actual Startup Time": 0.041, "Actual Total Time": 0.147, "Actual Rows": 2, "Actual Loops": 1, "Inner Unique": false, "Join Filter": "(((n1.n_name = 'JAPAN'::bpchar) AND (n2.n_name = 'INDIA'::bpchar)) OR ((n1.n_name = 'INDIA'::bpchar) AND (n2.n_name = 'JAPAN'::bpchar)))", "Rows Removed by Join Filter": 2, "Plans": [{"Node Type": "Index Scan", "Parent Relationship": "Outer", "Scan Direction": "Forward", "Index Name": "nation_pkey", "Relation Name": "nation", "Alias": "n1", "Startup Cost": 0.0, "Total Cost": 12.75, "Plan Rows": 25, "Plan Width": 30, "Actual Startup Time": 0.017, "Actual Total Time": 0.045, "Actual Rows": 2, "Actual Loops": 1, "Filter": "((n_name = 'JAPAN'::bpchar) OR (n_name = 'INDIA'::bpchar))", "Rows Removed by Filter": 23}, {"Node Type": "Materialize", "Parent Relationship": "Inner", "Startup Cost": 0.0, "Total Cost": 12.88, "Plan Rows": 25, "Plan Width": 30, "Actual Startup Time": 0.015, "Actual Total Time": 0.04, "Actual Rows": 4, "Actual Loops": 2, "Plans": [{"Node Type": "Index Scan", "Parent Relationship": "Outer", "Scan Direction": "Forward", "Index Name": "nation_pkey", "Relation Name": "nation", "Alias": "n2", "Startup Cost": 0.0, "Total Cost": 12.75, "Plan Rows": 25, "Plan Width": 30, "Actual Startup Time": 0.011, "Actual Total Time": 0.033, "Actual Rows": 2, "Actual Loops": 1, "Filter": "((n_name = 'INDIA'::bpchar) OR (n_name = 'JAPAN'::bpchar))", "Rows Removed by Filter": 23}]}]}, {"Node Type": "Index Scan", "Parent Relationship": "Inner", "Scan Direction": "Forward", "Index Name": "idx_customer_nationkey", "Relation Name": "customer", "Alias": "customer", "Startup Cost": 0.0, "Total Cost": 7702.43, "Plan Rows": 60000, "Plan Width": 12, "Actual Startup Time": 0.062, "Actual Total Time": 185.454, "Actual Rows": 119972, "Actual Loops": 2, "Index Cond": "(c_nationkey = n2.n_nationkey)", "Rows Removed by Index Recheck": 0}]}, {"Node Type": "Index Scan", "Parent Relationship": "Inner", "Scan Direction": "Forward", "Index Name": "idx_orders_custkey", "Relation Name": "orders", "Alias": "orders", "Startup Cost": 0.0, "Total Cost": 1.22, "Plan Rows": 4, "Plan Width": 16, "Actual Startup Time": 747.359, "Actual Total Time": 3518.401, "Actual Rows": 1200363, "Actual Loops": 119972, "Index Cond": "(o_custkey = customer.c_custkey)", "Rows Removed by Index Recheck": 0}]}, {"Node Type": "Index Scan", "Parent Relationship": "Inner", "Scan Direction": "Forward", "Index Name": "idx_lineitem_orderkey", "Relation Name": "lineitem", "Alias": "lineitem", "Startup Cost": 0.0, "Total Cost": 0.91, "Plan Rows": 3, "Plan Width": 40, "Actual Startup Time": 13097.583, "Actual Total Time": 14275.84, "Actual Rows": 1459150, "Actual Loops": 1200363, "Index Cond": "(l_orderkey = orders.o_orderkey)", "Rows Removed by Index Recheck": 0, "Filter": "((l_shipdate >= '1995-01-01 00:00:00'::timestamp(0) without time zone) AND (l_shipdate <= '1996-12-31 00:00:00'::timestamp(0) without time zone))", "Rows Removed by Filter": 3342563}]}]}]}]}]}, "Triggers": [], "Planner Runtime": 4, "Total Runtime": 21220.223, "Unique SQL Id": 2208782157}}, "(16, 94)": {"explain_plan": {"Plan": {"Node Type": "Sort", "Startup Cost": 7128560.42, "Total Cost": 7128569.64, "Plan Rows": 3688, "Plan Width": 84, "Sort Key": ["n1.n_name", "n2.n_name", "(date_part('year'::text, lineitem.l_shipdate))"], "Plans": [{"Node Type": "Aggregate", "Strategy": "Hashed", "Parent Relationship": "Outer", "Startup Cost": 7128295.83, "Total Cost": 7128341.93, "Plan Rows": 3688, "Plan Width": 84, "Group By Key": ["n1.n_name", "n2.n_name", "date_part('year'::text, lineitem.l_shipdate)"], "Plans": [{"Node Type": "Merge Join", "Parent Relationship": "Outer", "Join Type": "Inner", "Startup Cost": 7116253.19, "Total Cost": 7128240.51, "Plan Rows": 3688, "Plan Width": 76, "Inner Unique": true, "Merge Cond": "((orders.o_custkey = customer.c_custkey) AND (n2.n_nationkey = customer.c_nationkey))", "Plans": [{"Node Type": "Sort", "Parent Relationship": "Outer", "Startup Cost": 6910252.9, "Total Cost": 6910483.42, "Plan Rows": 92207, "Plan Width": 88, "Sort Key": ["orders.o_custkey", "n2.n_nationkey"], "Plans": [{"Node Type": "Merge Join", "Parent Relationship": "Outer", "Join Type": "Inner", "Startup Cost": 6826271.5, "Total Cost": 6902649.24, "Plan Rows": 92207, "Plan Width": 88, "Inner Unique": true, "Merge Cond": "(lineitem.l_orderkey = orders.o_orderkey)", "Plans": [{"Node Type": "Sort", "Parent Relationship": "Outer", "Startup Cost": 4612036.38, "Total Cost": 4612266.9, "Plan Rows": 92207, "Plan Width": 88, "Sort Key": ["lineitem.l_orderkey"], "Plans": [{"Node Type": "Merge Join", "Parent Relationship": "Outer", "Join Type": "Inner", "Startup Cost": 4512863.67, "Total Cost": 4604432.72, "Plan Rows": 92207, "Plan Width": 88, "Inner Unique": false, "Merge Cond": "(supplier.s_suppkey = lineitem.l_suppkey)", "Plans": [{"Node Type": "Sort", "Parent Relationship": "Outer", "Startup Cost": 12702.66, "Total Cost": 12722.65, "Plan Rows": 7994, "Plan Width": 64, "Sort Key": ["supplier.s_suppkey"], "Plans": [{"Node Type": "Merge Join", "Parent Relationship": "Outer", "Join Type": "Inner", "Startup Cost": 11604.46, "Total Cost": 12184.47, "Plan Rows": 7994, "Plan Width": 64, "Inner Unique": false, "Merge Cond": "(n1.n_nationkey = supplier.s_nationkey)", "Plans": [{"Node Type": "Sort", "Parent Relationship": "Outer", "Startup Cost": 16.64, "Total Cost": 16.64, "Plan Rows": 2, "Plan Width": 60, "Sort Key": ["n1.n_nationkey"], "Plans": [{"Node Type": "Nested Loop", "Parent Relationship": "Outer", "Join Type": "Inner", "Startup Cost": 0.0, "Total Cost": 16.62, "Plan Rows": 2, "Plan Width": 60, "Inner Unique": false, "Join Filter": "(((n1.n_name = 'JAPAN'::bpchar) AND (n2.n_name = 'INDIA'::bpchar)) OR ((n1.n_name = 'INDIA'::bpchar) AND (n2.n_name = 'JAPAN'::bpchar)))", "Plans": [{"Node Type": "Seq Scan", "Parent Relationship": "Outer", "Relation Name": "nation", "Alias": "n1", "Startup Cost": 0.0, "Total Cost": 1.25, "Plan Rows": 25, "Plan Width": 30, "Filter": "((n_name = 'JAPAN'::bpchar) OR (n_name = 'INDIA'::bpchar))"}, {"Node Type": "Materialize", "Parent Relationship": "Inner", "Startup Cost": 0.0, "Total Cost": 1.38, "Plan Rows": 25, "Plan Width": 30, "Plans": [{"Node Type": "Seq Scan", "Parent Relationship": "Outer", "Relation Name": "nation", "Alias": "n2", "Startup Cost": 0.0, "Total Cost": 1.25, "Plan Rows": 25, "Plan Width": 30, "Filter": "((n_name = 'INDIA'::bpchar) OR (n_name = 'JAPAN'::bpchar))"}]}]}]}, {"Node Type": "Sort", "Parent Relationship": "Inner", "Startup Cost": 11587.82, "Total Cost": 11837.82, "Plan Rows": 100000, "Plan Width": 12, "Sort Key": ["supplier.s_nationkey"], "Plans": [{"Node Type": "Seq Scan", "Parent Relationship": "Outer", "Relation Name": "supplier", "Alias": "supplier", "Startup Cost": 0.0, "Total Cost": 3283.0, "Plan Rows": 100000, "Plan Width": 12}]}]}]}, {"Node Type": "Sort", "Parent Relationship": "Inner", "Startup Cost": 4500152.01, "Total Cost": 4545464.49, "Plan Rows": 18124991, "Plan Width": 40, "Sort Key": ["lineitem.l_suppkey"], "Plans": [{"Node Type": "Seq Scan", "Parent Relationship": "Outer", "Relation Name": "lineitem", "Alias": "lineitem", "Startup Cost": 44.6, "Total Cost": 2315050.5, "Plan Rows": 18124991, "Plan Width": 40, "Filter": "((l_shipdate >= '1995-01-01 00:00:00'::timestamp(0) without time zone) AND (l_shipdate <= '1996-12-31 00:00:00'::timestamp(0) without time zone)), (LLVM Optimized)"}]}]}]}, {"Node Type": "Sort", "Parent Relationship": "Inner", "Startup Cost": 2214232.37, "Total Cost": 2251731.07, "Plan Rows": 14999479, "Plan Width": 16, "Sort Key": ["orders.o_orderkey"], "Plans": [{"Node Type": "Seq Scan", "Parent Relationship": "Outer", "Relation Name": "orders", "Alias": "orders", "Startup Cost": 0.0, "Total Cost": 426413.79, "Plan Rows": 14999479, "Plan Width": 16}]}]}]}, {"Node Type": "Sort", "Parent Relationship": "Inner", "Startup Cost": 205999.98, "Total Cost": 209749.98, "Plan Rows": 1500000, "Plan Width": 12, "Sort Key": ["customer.c_custkey", "customer.c_nationkey"], "Plans": [{"Node Type": "Seq Scan", "Parent Relationship": "Outer", "Relation Name": "customer", "Alias": "customer", "Startup Cost": 0.0, "Total Cost": 52126.0, "Plan Rows": 1500000, "Plan Width": 12}]}]}]}]}, "Unique SQL Id": 2208782157, "Planner Runtime": 4}, "explain_analyze_plan": null}, "(16, 95)": {"explain_plan": {"Plan": {"Node Type": "Sort", "Startup Cost": 6000546904427.79, "Total Cost": 6000546904437.01, "Plan Rows": 3688, "Plan Width": 84, "Sort Key": ["n1.n_name", "n2.n_name", "(date_part('year'::text, lineitem.l_shipdate))"], "Plans": [{"Node Type": "Aggregate", "Strategy": "Hashed", "Parent Relationship": "Outer", "Startup Cost": 6000546904163.2, "Total Cost": 6000546904209.3, "Plan Rows": 3688, "Plan Width": 84, "Group By Key": ["n1.n_name", "n2.n_name", "date_part('year'::text, lineitem.l_shipdate)"], "Plans": [{"Node Type": "Merge Join", "Parent Relationship": "Outer", "Join Type": "Inner", "Startup Cost": 3030393450665.84, "Total Cost": 6000546904107.88, "Plan Rows": 3688, "Plan Width": 76, "Inner Unique": true, "Merge Cond": "(n2.n_nationkey = customer.c_nationkey)", "Join Filter": "(orders.o_custkey = customer.c_custkey)", "Plans": [{"Node Type": "Nested Loop", "Parent Relationship": "Outer", "Join Type": "Inner", "Startup Cost": 3020393450665.84, "Total Cost": 5000430886371.89, "Plan Rows": 92207, "Plan Width": 88, "Inner Unique": false, "Join Filter": "(((n1.n_name = 'JAPAN'::bpchar) AND (n2.n_name = 'INDIA'::bpchar)) OR ((n1.n_name = 'INDIA'::bpchar) AND (n2.n_name = 'JAPAN'::bpchar)))", "Plans": [{"Node Type": "Index Scan", "Parent Relationship": "Outer", "Scan Direction": "Forward", "Index Name": "nation_pkey", "Relation Name": "nation", "Alias": "n2", "Startup Cost": 10000000000.0, "Total Cost": 1000000001275.0, "Plan Rows": 25, "Plan Width": 30, "Filter": "((n_name = 'INDIA'::bpchar) OR (n_name = 'JAPAN'::bpchar))"}, {"Node Type": "Materialize", "Parent Relationship": "Inner", "Startup Cost": 3010393450665.84, "Total Cost": 4000430239128.49, "Plan Rows": 1153515, "Plan Width": 58, "Plans": [{"Node Type": "Merge Join", "Parent Relationship": "Outer", "Join Type": "Inner", "Startup Cost": 3010393450665.84, "Total Cost": 4000430233360.91, "Plan Rows": 1153515, "Plan Width": 58, "Inner Unique": true, "Merge Cond": "(lineitem.l_orderkey = orders.o_orderkey)", "Plans": [{"Node Type": "Sort", "Parent Relationship": "Outer", "Startup Cost": 3000357080716.08, "Total Cost": 3000357083599.87, "Plan Rows": 1153515, "Plan Width": 58, "Sort Key": ["lineitem.l_orderkey"], "Plans": [{"Node Type": "Merge Join", "Parent Relationship": "Outer", "Join Type": "Inner", "Startup Cost": 2010356945993.15, "Total Cost": 3000356964570.93, "Plan Rows": 1153515, "Plan Width": 58, "Inner Unique": false, "Merge Cond": "(n1.n_nationkey = supplier.s_nationkey)", "Plans": [{"Node Type": "Index Scan", "Parent Relationship": "Outer", "Scan Direction": "Forward", "Index Name": "nation_pkey", "Relation Name": "nation", "Alias": "n1", "Startup Cost": 10000000000.0, "Total Cost": 1000000001275.0, "Plan Rows": 25, "Plan Width": 30, "Filter": "((n_name = 'JAPAN'::bpchar) OR (n_name = 'INDIA'::bpchar))"}, {"Node Type": "Sort", "Parent Relationship": "Inner", "Startup Cost": 2000356945993.15, "Total Cost": 2000356948876.93, "Plan Rows": 1153515, "Plan Width": 36, "Sort Key": ["supplier.s_nationkey"], "Plans": [{"Node Type": "Merge Join", "Parent Relationship": "Outer", "Join Type": "Inner", "Startup Cost": 1010356194001.51, "Total Cost": 2000356829848.0, "Plan Rows": 1153515, "Plan Width": 36, "Inner Unique": false, "Merge Cond": "(supplier.s_suppkey = lineitem.l_suppkey)", "Plans": [{"Node Type": "Index Scan", "Parent Relationship": "Outer", "Scan Direction": "Forward", "Index Name": "supplier_pkey", "Relation Name": "supplier", "Alias": "supplier", "Startup Cost": 10000000000.0, "Total Cost": 1000000533454.38, "Plan Rows": 100000, "Plan Width": 12}, {"Node Type": "Sort", "Parent Relationship": "Inner", "Startup Cost": 1000356193992.51, "Total Cost": 1000356239304.99, "Plan Rows": 18124991, "Plan Width": 40, "Sort Key": ["lineitem.l_suppkey"], "Plans": [{"Node Type": "Index Scan", "Parent Relationship": "Outer", "Scan Direction": "Forward", "Index Name": "idx_lineitem_orderkey", "Relation Name": "lineitem", "Alias": "lineitem", "Startup Cost": 10000000000.0, "Total Cost": 1000354008891.0, "Plan Rows": 18124991, "Plan Width": 40, "Filter": "((l_shipdate >= '1995-01-01 00:00:00'::timestamp(0) without time zone) AND (l_shipdate <= '1996-12-31 00:00:00'::timestamp(0) without time zone)), (LLVM Optimized)"}]}]}]}]}]}, {"Node Type": "Index Scan", "Parent Relationship": "Inner", "Scan Direction": "Forward", "Index Name": "orders_pkey", "Relation Name": "orders", "Alias": "orders", "Startup Cost": 10000000000.0, "Total Cost": 1000073097843.5, "Plan Rows": 14999479, "Plan Width": 16}]}]}]}, {"Node Type": "Materialize", "Parent Relationship": "Inner", "Startup Cost": 10000000000.0, "Total Cost": 1000019203896.25, "Plan Rows": 1500000, "Plan Width": 12, "Plans": [{"Node Type": "Index Scan", "Parent Relationship": "Outer", "Scan Direction": "Forward", "Index Name": "idx_customer_nationkey", "Relation Name": "customer", "Alias": "customer", "Startup Cost": 10000000000.0, "Total Cost": 1000019200146.25, "Plan Rows": 1500000, "Plan Width": 12}]}]}]}]}, "Unique SQL Id": 2208782157, "Planner Runtime": 7}, "explain_analyze_plan": null}, "(16, 96)": {"explain_plan": {"Plan": {"Node Type": "Sort", "Startup Cost": 653440.12, "Total Cost": 653449.34, "Plan Rows": 3688, "Plan Width": 84, "Sort Key": ["n1.n_name", "n2.n_name", "(date_part('year'::text, lineitem.l_shipdate))"], "Plans": [{"Node Type": "Aggregate", "Strategy": "Hashed", "Parent Relationship": "Outer", "Startup Cost": 653175.54, "Total Cost": 653221.64, "Plan Rows": 3688, "Plan Width": 84, "Group By Key": ["n1.n_name", "n2.n_name", "date_part('year'::text, lineitem.l_shipdate)"], "Plans": [{"Node Type": "Hash Join", "Parent Relationship": "Outer", "Join Type": "Inner", "Startup Cost": 5813.37, "Total Cost": 653120.22, "Plan Rows": 3688, "Plan Width": 76, "Inner Unique": true, "Hash Cond": "((lineitem.l_suppkey = supplier.s_suppkey) AND (n1.n_nationkey = supplier.s_nationkey))", "Plans": [{"Node Type": "Nested Loop", "Parent Relationship": "Outer", "Join Type": "Inner", "Startup Cost": 1030.37, "Total Cost": 642753.24, "Plan Rows": 740786, "Plan Width": 88, "Inner Unique": false, "Plans": [{"Node Type": "Nested Loop", "Parent Relationship": "Outer", "Join Type": "Inner", "Startup Cost": 1030.37, "Total Cost": 166015.61, "Plan Rows": 504972, "Plan Width": 64, "Inner Unique": false, "Plans": [{"Node Type": "Nested Loop", "Parent Relationship": "Outer", "Join Type": "Inner", "Startup Cost": 1030.37, "Total Cost": 14893.09, "Plan Rows": 119904, "Plan Width": 64, "Inner Unique": false, "Plans": [{"Node Type": "Nested Loop", "Parent Relationship": "Outer", "Join Type": "Inner", "Startup Cost": 0.0, "Total Cost": 28.12, "Plan Rows": 2, "Plan Width": 60, "Inner Unique": false, "Join Filter": "(((n1.n_name = 'JAPAN'::bpchar) AND (n2.n_name = 'INDIA'::bpchar)) OR ((n1.n_name = 'INDIA'::bpchar) AND (n2.n_name = 'JAPAN'::bpchar)))", "Plans": [{"Node Type": "Index Scan", "Parent Relationship": "Outer", "Scan Direction": "Forward", "Index Name": "nation_pkey", "Relation Name": "nation", "Alias": "n1", "Startup Cost": 0.0, "Total Cost": 12.75, "Plan Rows": 25, "Plan Width": 30, "Filter": "((n_name = 'JAPAN'::bpchar) OR (n_name = 'INDIA'::bpchar))"}, {"Node Type": "Materialize", "Parent Relationship": "Inner", "Startup Cost": 0.0, "Total Cost": 1.38, "Plan Rows": 25, "Plan Width": 30, "Plans": [{"Node Type": "Seq Scan", "Parent Relationship": "Outer", "Relation Name": "nation", "Alias": "n2", "Startup Cost": 0.0, "Total Cost": 1.25, "Plan Rows": 25, "Plan Width": 30, "Filter": "((n_name = 'INDIA'::bpchar) OR (n_name = 'JAPAN'::bpchar))"}]}]}, {"Node Type": "Bitmap Heap Scan", "Parent Relationship": "Inner", "Relation Name": "customer", "Alias": "customer", "Startup Cost": 1030.37, "Total Cost": 6832.48, "Plan Rows": 60000, "Plan Width": 12, "Recheck Cond": "(c_nationkey = n2.n_nationkey)", "Plans": [{"Node Type": "Bitmap Index Scan", "Parent Relationship": "Outer", "Index Name": "idx_customer_nationkey", "Startup Cost": 0.0, "Total Cost": 1015.37, "Plan Rows": 60000, "Plan Width": 0, "Index Cond": "(c_nationkey = n2.n_nationkey)"}]}]}, {"Node Type": "Index Scan", "Parent Relationship": "Inner", "Scan Direction": "Forward", "Index Name": "idx_orders_custkey", "Relation Name": "orders", "Alias": "orders", "Startup Cost": 0.0, "Total Cost": 1.22, "Plan Rows": 4, "Plan Width": 16, "Index Cond": "(o_custkey = customer.c_custkey)"}]}, {"Node Type": "Index Scan", "Parent Relationship": "Inner", "Scan Direction": "Forward", "Index Name": "idx_lineitem_orderkey", "Relation Name": "lineitem", "Alias": "lineitem", "Startup Cost": 0.0, "Total Cost": 0.91, "Plan Rows": 3, "Plan Width": 40, "Index Cond": "(l_orderkey = orders.o_orderkey)", "Filter": "((l_shipdate >= '1995-01-01 00:00:00'::timestamp(0) without time zone) AND (l_shipdate <= '1996-12-31 00:00:00'::timestamp(0) without time zone))"}]}, {"Node Type": "Hash", "Parent Relationship": "Inner", "Startup Cost": 3283.0, "Total Cost": 3283.0, "Plan Rows": 100000, "Plan Width": 12, "Plans": [{"Node Type": "Seq Scan", "Parent Relationship": "Outer", "Relation Name": "supplier", "Alias": "supplier", "Startup Cost": 0.0, "Total Cost": 3283.0, "Plan Rows": 100000, "Plan Width": 12}]}]}]}]}, "Unique SQL Id": 2208782157, "Planner Runtime": 3}, "explain_analyze_plan": {"Plan": {"Node Type": "Sort", "Startup Cost": 653440.12, "Total Cost": 653449.34, "Plan Rows": 3688, "Plan Width": 84, "Actual Startup Time": 20103.797, "Actual Total Time": 20103.798, "Actual Rows": 4, "Actual Loops": 1, "Sort Key": ["n1.n_name", "n2.n_name", "(date_part('year'::text, lineitem.l_shipdate))"], "Sort Method": "quicksort", "Sort Space Used": 25, "Sort Space Type": "Memory", "Plans": [{"Node Type": "Aggregate", "Strategy": "Hashed", "Parent Relationship": "Outer", "Startup Cost": 653175.54, "Total Cost": 653221.64, "Plan Rows": 3688, "Plan Width": 84, "Actual Startup Time": 20103.746, "Actual Total Time": 20103.751, "Actual Rows": 4, "Actual Loops": 1, "Group By Key": ["n1.n_name", "n2.n_name", "date_part('year'::text, lineitem.l_shipdate)"], "Plans": [{"Node Type": "Hash Join", "Parent Relationship": "Outer", "Join Type": "Inner", "Startup Cost": 5813.37, "Total Cost": 653120.22, "Plan Rows": 3688, "Plan Width": 76, "Actual Startup Time": 85.042, "Actual Total Time": 19996.393, "Actual Rows": 58554, "Actual Loops": 1, "Inner Unique": true, "Hash Cond": "((lineitem.l_suppkey = supplier.s_suppkey) AND (n1.n_nationkey = supplier.s_nationkey))", "Plans": [{"Node Type": "Nested Loop", "Parent Relationship": "Outer", "Join Type": "Inner", "Startup Cost": 1030.37, "Total Cost": 642753.24, "Plan Rows": 740786, "Plan Width": 88, "Actual Startup Time": 17.925, "Actual Total Time": 19160.504, "Actual Rows": 1459150, "Actual Loops": 1, "Inner Unique": false, "Plans": [{"Node Type": "Nested Loop", "Parent Relationship": "Outer", "Join Type": "Inner", "Startup Cost": 1030.37, "Total Cost": 166015.61, "Plan Rows": 504972, "Plan Width": 64, "Actual Startup Time": 17.854, "Actual Total Time": 4038.633, "Actual Rows": 1200363, "Actual Loops": 1, "Inner Unique": false, "Plans": [{"Node Type": "Nested Loop", "Parent Relationship": "Outer", "Join Type": "Inner", "Startup Cost": 1030.37, "Total Cost": 14893.09, "Plan Rows": 119904, "Plan Width": 64, "Actual Startup Time": 17.831, "Actual Total Time": 288.377, "Actual Rows": 119972, "Actual Loops": 1, "Inner Unique": false, "Plans": [{"Node Type": "Nested Loop", "Parent Relationship": "Outer", "Join Type": "Inner", "Startup Cost": 0.0, "Total Cost": 28.12, "Plan Rows": 2, "Plan Width": 60, "Actual Startup Time": 0.065, "Actual Total Time": 0.193, "Actual Rows": 2, "Actual Loops": 1, "Inner Unique": false, "Join Filter": "(((n1.n_name = 'JAPAN'::bpchar) AND (n2.n_name = 'INDIA'::bpchar)) OR ((n1.n_name = 'INDIA'::bpchar) AND (n2.n_name = 'JAPAN'::bpchar)))", "Rows Removed by Join Filter": 2, "Plans": [{"Node Type": "Index Scan", "Parent Relationship": "Outer", "Scan Direction": "Forward", "Index Name": "nation_pkey", "Relation Name": "nation", "Alias": "n1", "Startup Cost": 0.0, "Total Cost": 12.75, "Plan Rows": 25, "Plan Width": 30, "Actual Startup Time": 0.027, "Actual Total Time": 0.056, "Actual Rows": 2, "Actual Loops": 1, "Filter": "((n_name = 'JAPAN'::bpchar) OR (n_name = 'INDIA'::bpchar))", "Rows Removed by Filter": 23}, {"Node Type": "Materialize", "Parent Relationship": "Inner", "Startup Cost": 0.0, "Total Cost": 1.38, "Plan Rows": 25, "Plan Width": 30, "Actual Startup Time": 0.029, "Actual Total Time": 0.076, "Actual Rows": 4, "Actual Loops": 2, "Plans": [{"Node Type": "Seq Scan", "Parent Relationship": "Outer", "Relation Name": "nation", "Alias": "n2", "Startup Cost": 0.0, "Total Cost": 1.25, "Plan Rows": 25, "Plan Width": 30, "Actual Startup Time": 0.019, "Actual Total Time": 0.04, "Actual Rows": 2, "Actual Loops": 1, "Filter": "((n_name = 'INDIA'::bpchar) OR (n_name = 'JAPAN'::bpchar))", "Rows Removed by Filter": 23}]}]}, {"Node Type": "Bitmap Heap Scan", "Parent Relationship": "Inner", "Relation Name": "customer", "Alias": "customer", "Startup Cost": 1030.37, "Total Cost": 6832.48, "Plan Rows": 60000, "Plan Width": 12, "Actual Startup Time": 38.608, "Actual Total Time": 257.954, "Actual Rows": 119972, "Actual Loops": 2, "Recheck Cond": "(c_nationkey = n2.n_nationkey)", "Rows Removed by Index Recheck": 0, "Exact Heap Blocks": 59938, "Lossy Heap Blocks": 59938, "Plans": [{"Node Type": "Bitmap Index Scan", "Parent Relationship": "Outer", "Index Name": "idx_customer_nationkey", "Startup Cost": 0.0, "Total Cost": 1015.37, "Plan Rows": 60000, "Plan Width": 0, "Actual Startup Time": 25.078, "Actual Total Time": 25.078, "Actual Rows": 119972, "Actual Loops": 2, "Index Cond": "(c_nationkey = n2.n_nationkey)"}]}]}, {"Node Type": "Index Scan", "Parent Relationship": "Inner", "Scan Direction": "Forward", "Index Name": "idx_orders_custkey", "Relation Name": "orders", "Alias": "orders", "Startup Cost": 0.0, "Total Cost": 1.22, "Plan Rows": 4, "Plan Width": 16, "Actual Startup Time": 739.615, "Actual Total Time": 3408.437, "Actual Rows": 1200363, "Actual Loops": 119972, "Index Cond": "(o_custkey = customer.c_custkey)", "Rows Removed by Index Recheck": 0}]}, {"Node Type": "Index Scan", "Parent Relationship": "Inner", "Scan Direction": "Forward", "Index Name": "idx_lineitem_orderkey", "Relation Name": "lineitem", "Alias": "lineitem", "Startup Cost": 0.0, "Total Cost": 0.91, "Plan Rows": 3, "Plan Width": 40, "Actual Startup Time": 12978.784, "Actual Total Time": 14155.996, "Actual Rows": 1459150, "Actual Loops": 1200363, "Index Cond": "(l_orderkey = orders.o_orderkey)", "Rows Removed by Index Recheck": 0, "Filter": "((l_shipdate >= '1995-01-01 00:00:00'::timestamp(0) without time zone) AND (l_shipdate <= '1996-12-31 00:00:00'::timestamp(0) without time zone))", "Rows Removed by Filter": 3342563}]}, {"Node Type": "Hash", "Parent Relationship": "Inner", "Startup Cost": 3283.0, "Total Cost": 3283.0, "Plan Rows": 100000, "Plan Width": 12, "Actual Startup Time": 66.855, "Actual Total Time": 66.855, "Actual Rows": 100000, "Actual Loops": 1, "Hash Buckets": 131072, "Hash Batches": 1, "Original Hash Batches": 1, "Peak Memory Usage": 4297, "Plans": [{"Node Type": "Seq Scan", "Parent Relationship": "Outer", "Relation Name": "supplier", "Alias": "supplier", "Startup Cost": 0.0, "Total Cost": 3283.0, "Plan Rows": 100000, "Plan Width": 12, "Actual Startup Time": 0.014, "Actual Total Time": 36.293, "Actual Rows": 100000, "Actual Loops": 1}]}]}]}]}, "Triggers": [], "Planner Runtime": 3, "Total Runtime": 20104.174, "Unique SQL Id": 2208782157}}, "(16, 97)": {"explain_plan": {"Plan": {"Node Type": "Sort", "Startup Cost": 655503.17, "Total Cost": 655512.39, "Plan Rows": 3688, "Plan Width": 84, "Sort Key": ["n1.n_name", "n2.n_name", "(date_part('year'::text, lineitem.l_shipdate))"], "Plans": [{"Node Type": "Aggregate", "Strategy": "Hashed", "Parent Relationship": "Outer", "Startup Cost": 655238.58, "Total Cost": 655284.68, "Plan Rows": 3688, "Plan Width": 84, "Group By Key": ["n1.n_name", "n2.n_name", "date_part('year'::text, lineitem.l_shipdate)"], "Plans": [{"Node Type": "Hash Join", "Parent Relationship": "Outer", "Join Type": "Inner", "Startup Cost": 7864.91, "Total Cost": 655183.26, "Plan Rows": 3688, "Plan Width": 76, "Inner Unique": true, "Hash Cond": "((lineitem.l_suppkey = supplier.s_suppkey) AND (n1.n_nationkey = supplier.s_nationkey))", "Plans": [{"Node Type": "Nested Loop", "Parent Relationship": "Outer", "Join Type": "Inner", "Startup Cost": 1030.37, "Total Cost": 642764.74, "Plan Rows": 740786, "Plan Width": 88, "Inner Unique": false, "Plans": [{"Node Type": "Nested Loop", "Parent Relationship": "Outer", "Join Type": "Inner", "Startup Cost": 1030.37, "Total Cost": 166027.11, "Plan Rows": 504972, "Plan Width": 64, "Inner Unique": false, "Plans": [{"Node Type": "Nested Loop", "Parent Relationship": "Outer", "Join Type": "Inner", "Startup Cost": 1030.37, "Total Cost": 14904.59, "Plan Rows": 119904, "Plan Width": 64, "Inner Unique": false, "Plans": [{"Node Type": "Nested Loop", "Parent Relationship": "Outer", "Join Type": "Inner", "Startup Cost": 0.0, "Total Cost": 39.62, "Plan Rows": 2, "Plan Width": 60, "Inner Unique": false, "Join Filter": "(((n1.n_name = 'JAPAN'::bpchar) AND (n2.n_name = 'INDIA'::bpchar)) OR ((n1.n_name = 'INDIA'::bpchar) AND (n2.n_name = 'JAPAN'::bpchar)))", "Plans": [{"Node Type": "Index Scan", "Parent Relationship": "Outer", "Scan Direction": "Forward", "Index Name": "nation_pkey", "Relation Name": "nation", "Alias": "n1", "Startup Cost": 0.0, "Total Cost": 12.75, "Plan Rows": 25, "Plan Width": 30, "Filter": "((n_name = 'JAPAN'::bpchar) OR (n_name = 'INDIA'::bpchar))"}, {"Node Type": "Materialize", "Parent Relationship": "Inner", "Startup Cost": 0.0, "Total Cost": 12.88, "Plan Rows": 25, "Plan Width": 30, "Plans": [{"Node Type": "Index Scan", "Parent Relationship": "Outer", "Scan Direction": "Forward", "Index Name": "nation_pkey", "Relation Name": "nation", "Alias": "n2", "Startup Cost": 0.0, "Total Cost": 12.75, "Plan Rows": 25, "Plan Width": 30, "Filter": "((n_name = 'INDIA'::bpchar) OR (n_name = 'JAPAN'::bpchar))"}]}]}, {"Node Type": "Bitmap Heap Scan", "Parent Relationship": "Inner", "Relation Name": "customer", "Alias": "customer", "Startup Cost": 1030.37, "Total Cost": 6832.48, "Plan Rows": 60000, "Plan Width": 12, "Recheck Cond": "(c_nationkey = n2.n_nationkey)", "Plans": [{"Node Type": "Bitmap Index Scan", "Parent Relationship": "Outer", "Index Name": "idx_customer_nationkey", "Startup Cost": 0.0, "Total Cost": 1015.37, "Plan Rows": 60000, "Plan Width": 0, "Index Cond": "(c_nationkey = n2.n_nationkey)"}]}]}, {"Node Type": "Index Scan", "Parent Relationship": "Inner", "Scan Direction": "Forward", "Index Name": "idx_orders_custkey", "Relation Name": "orders", "Alias": "orders", "Startup Cost": 0.0, "Total Cost": 1.22, "Plan Rows": 4, "Plan Width": 16, "Index Cond": "(o_custkey = customer.c_custkey)"}]}, {"Node Type": "Index Scan", "Parent Relationship": "Inner", "Scan Direction": "Forward", "Index Name": "idx_lineitem_orderkey", "Relation Name": "lineitem", "Alias": "lineitem", "Startup Cost": 0.0, "Total Cost": 0.91, "Plan Rows": 3, "Plan Width": 40, "Index Cond": "(l_orderkey = orders.o_orderkey)", "Filter": "((l_shipdate >= '1995-01-01 00:00:00'::timestamp(0) without time zone) AND (l_shipdate <= '1996-12-31 00:00:00'::timestamp(0) without time zone))"}]}, {"Node Type": "Hash", "Parent Relationship": "Inner", "Startup Cost": 5334.54, "Total Cost": 5334.54, "Plan Rows": 100000, "Plan Width": 12, "Plans": [{"Node Type": "Index Scan", "Parent Relationship": "Outer", "Scan Direction": "Forward", "Index Name": "supplier_pkey", "Relation Name": "supplier", "Alias": "supplier", "Startup Cost": 0.0, "Total Cost": 5334.54, "Plan Rows": 100000, "Plan Width": 12}]}]}]}]}, "Unique SQL Id": 2208782157, "Planner Runtime": 3}, "explain_analyze_plan": {"Plan": {"Node Type": "Sort", "Startup Cost": 655503.17, "Total Cost": 655512.39, "Plan Rows": 3688, "Plan Width": 84, "Actual Startup Time": 20132.714, "Actual Total Time": 20132.714, "Actual Rows": 4, "Actual Loops": 1, "Sort Key": ["n1.n_name", "n2.n_name", "(date_part('year'::text, lineitem.l_shipdate))"], "Sort Method": "quicksort", "Sort Space Used": 25, "Sort Space Type": "Memory", "Plans": [{"Node Type": "Aggregate", "Strategy": "Hashed", "Parent Relationship": "Outer", "Startup Cost": 655238.58, "Total Cost": 655284.68, "Plan Rows": 3688, "Plan Width": 84, "Actual Startup Time": 20132.663, "Actual Total Time": 20132.668, "Actual Rows": 4, "Actual Loops": 1, "Group By Key": ["n1.n_name", "n2.n_name", "date_part('year'::text, lineitem.l_shipdate)"], "Plans": [{"Node Type": "Hash Join", "Parent Relationship": "Outer", "Join Type": "Inner", "Startup Cost": 7864.91, "Total Cost": 655183.26, "Plan Rows": 3688, "Plan Width": 76, "Actual Startup Time": 116.644, "Actual Total Time": 20025.397, "Actual Rows": 58554, "Actual Loops": 1, "Inner Unique": true, "Hash Cond": "((lineitem.l_suppkey = supplier.s_suppkey) AND (n1.n_nationkey = supplier.s_nationkey))", "Plans": [{"Node Type": "Nested Loop", "Parent Relationship": "Outer", "Join Type": "Inner", "Startup Cost": 1030.37, "Total Cost": 642764.74, "Plan Rows": 740786, "Plan Width": 88, "Actual Startup Time": 17.988, "Actual Total Time": 19166.506, "Actual Rows": 1459150, "Actual Loops": 1, "Inner Unique": false, "Plans": [{"Node Type": "Nested Loop", "Parent Relationship": "Outer", "Join Type": "Inner", "Startup Cost": 1030.37, "Total Cost": 166027.11, "Plan Rows": 504972, "Plan Width": 64, "Actual Startup Time": 17.916, "Actual Total Time": 4054.291, "Actual Rows": 1200363, "Actual Loops": 1, "Inner Unique": false, "Plans": [{"Node Type": "Nested Loop", "Parent Relationship": "Outer", "Join Type": "Inner", "Startup Cost": 1030.37, "Total Cost": 14904.59, "Plan Rows": 119904, "Plan Width": 64, "Actual Startup Time": 17.889, "Actual Total Time": 280.841, "Actual Rows": 119972, "Actual Loops": 1, "Inner Unique": false, "Plans": [{"Node Type": "Nested Loop", "Parent Relationship": "Outer", "Join Type": "Inner", "Startup Cost": 0.0, "Total Cost": 39.62, "Plan Rows": 2, "Plan Width": 60, "Actual Startup Time": 0.058, "Actual Total Time": 0.227, "Actual Rows": 2, "Actual Loops": 1, "Inner Unique": false, "Join Filter": "(((n1.n_name = 'JAPAN'::bpchar) AND (n2.n_name = 'INDIA'::bpchar)) OR ((n1.n_name = 'INDIA'::bpchar) AND (n2.n_name = 'JAPAN'::bpchar)))", "Rows Removed by Join Filter": 2, "Plans": [{"Node Type": "Index Scan", "Parent Relationship": "Outer", "Scan Direction": "Forward", "Index Name": "nation_pkey", "Relation Name": "nation", "Alias": "n1", "Startup Cost": 0.0, "Total Cost": 12.75, "Plan Rows": 25, "Plan Width": 30, "Actual Startup Time": 0.027, "Actual Total Time": 0.065, "Actual Rows": 2, "Actual Loops": 1, "Filter": "((n_name = 'JAPAN'::bpchar) OR (n_name = 'INDIA'::bpchar))", "Rows Removed by Filter": 23}, {"Node Type": "Materialize", "Parent Relationship": "Inner", "Startup Cost": 0.0, "Total Cost": 12.88, "Plan Rows": 25, "Plan Width": 30, "Actual Startup Time": 0.021, "Actual Total Time": 0.11, "Actual Rows": 4, "Actual Loops": 2, "Plans": [{"Node Type": "Index Scan", "Parent Relationship": "Outer", "Scan Direction": "Forward", "Index Name": "nation_pkey", "Relation Name": "nation", "Alias": "n2", "Startup Cost": 0.0, "Total Cost": 12.75, "Plan Rows": 25, "Plan Width": 30, "Actual Startup Time": 0.011, "Actual Total Time": 0.029, "Actual Rows": 2, "Actual Loops": 1, "Filter": "((n_name = 'INDIA'::bpchar) OR (n_name = 'JAPAN'::bpchar))", "Rows Removed by Filter": 23}]}]}, {"Node Type": "Bitmap Heap Scan", "Parent Relationship": "Inner", "Relation Name": "customer", "Alias": "customer", "Startup Cost": 1030.37, "Total Cost": 6832.48, "Plan Rows": 60000, "Plan Width": 12, "Actual Startup Time": 35.683, "Actual Total Time": 251.285, "Actual Rows": 119972, "Actual Loops": 2, "Recheck Cond": "(c_nationkey = n2.n_nationkey)", "Rows Removed by Index Recheck": 0, "Exact Heap Blocks": 59938, "Lossy Heap Blocks": 59938, "Plans": [{"Node Type": "Bitmap Index Scan", "Parent Relationship": "Outer", "Index Name": "idx_customer_nationkey", "Startup Cost": 0.0, "Total Cost": 1015.37, "Plan Rows": 60000, "Plan Width": 0, "Actual Startup Time": 22.441, "Actual Total Time": 22.441, "Actual Rows": 119972, "Actual Loops": 2, "Index Cond": "(c_nationkey = n2.n_nationkey)"}]}]}, {"Node Type": "Index Scan", "Parent Relationship": "Inner", "Scan Direction": "Forward", "Index Name": "idx_orders_custkey", "Relation Name": "orders", "Alias": "orders", "Startup Cost": 0.0, "Total Cost": 1.22, "Plan Rows": 4, "Plan Width": 16, "Actual Startup Time": 739.24, "Actual Total Time": 3431.971, "Actual Rows": 1200363, "Actual Loops": 119972, "Index Cond": "(o_custkey = customer.c_custkey)", "Rows Removed by Index Recheck": 0}]}, {"Node Type": "Index Scan", "Parent Relationship": "Inner", "Scan Direction": "Forward", "Index Name": "idx_lineitem_orderkey", "Relation Name": "lineitem", "Alias": "lineitem", "Startup Cost": 0.0, "Total Cost": 0.91, "Plan Rows": 3, "Plan Width": 40, "Actual Startup Time": 12976.455, "Actual Total Time": 14145.662, "Actual Rows": 1459150, "Actual Loops": 1200363, "Index Cond": "(l_orderkey = orders.o_orderkey)", "Rows Removed by Index Recheck": 0, "Filter": "((l_shipdate >= '1995-01-01 00:00:00'::timestamp(0) without time zone) AND (l_shipdate <= '1996-12-31 00:00:00'::timestamp(0) without time zone))", "Rows Removed by Filter": 3342563}]}, {"Node Type": "Hash", "Parent Relationship": "Inner", "Startup Cost": 5334.54, "Total Cost": 5334.54, "Plan Rows": 100000, "Plan Width": 12, "Actual Startup Time": 98.387, "Actual Total Time": 98.387, "Actual Rows": 100000, "Actual Loops": 1, "Hash Buckets": 131072, "Hash Batches": 1, "Original Hash Batches": 1, "Peak Memory Usage": 4297, "Plans": [{"Node Type": "Index Scan", "Parent Relationship": "Outer", "Scan Direction": "Forward", "Index Name": "supplier_pkey", "Relation Name": "supplier", "Alias": "supplier", "Startup Cost": 0.0, "Total Cost": 5334.54, "Plan Rows": 100000, "Plan Width": 12, "Actual Startup Time": 0.023, "Actual Total Time": 65.883, "Actual Rows": 100000, "Actual Loops": 1}]}]}]}]}, "Triggers": [], "Planner Runtime": 3, "Total Runtime": 20133.041, "Unique SQL Id": 2208782157}}, "(16, 98)": {"explain_plan": {"Plan": {"Node Type": "Sort", "Startup Cost": 2821200.81, "Total Cost": 2821210.03, "Plan Rows": 3688, "Plan Width": 84, "Sort Key": ["n1.n_name", "n2.n_name", "(date_part('year'::text, lineitem.l_shipdate))"], "Plans": [{"Node Type": "Aggregate", "Strategy": "Hashed", "Parent Relationship": "Outer", "Startup Cost": 2820936.22, "Total Cost": 2820982.32, "Plan Rows": 3688, "Plan Width": 84, "Group By Key": ["n1.n_name", "n2.n_name", "date_part('year'::text, lineitem.l_shipdate)"], "Plans": [{"Node Type": "Hash Join", "Parent Relationship": "Outer", "Join Type": "Inner", "Startup Cost": 21163.77, "Total Cost": 2820880.9, "Plan Rows": 3688, "Plan Width": 76, "Inner Unique": true, "Hash Cond": "((lineitem.l_suppkey = supplier.s_suppkey) AND (n1.n_nationkey = supplier.s_nationkey))", "Plans": [{"Node Type": "Nested Loop", "Parent Relationship": "Outer", "Join Type": "Inner", "Startup Cost": 16380.77, "Total Cost": 2810513.92, "Plan Rows": 740786, "Plan Width": 88, "Inner Unique": false, "Plans": [{"Node Type": "Hash Join", "Parent Relationship": "Outer", "Join Type": "Inner", "Startup Cost": 16380.39, "Total Cost": 504091.94, "Plan Rows": 504972, "Plan Width": 64, "Inner Unique": false, "Hash Cond": "(orders.o_custkey = customer.c_custkey), (LLVM Optimized)", "Plans": [{"Node Type": "Seq Scan", "Parent Relationship": "Outer", "Relation Name": "orders", "Alias": "orders", "Startup Cost": 0.0, "Total Cost": 426413.79, "Plan Rows": 14999479, "Plan Width": 16}, {"Node Type": "Hash", "Parent Relationship": "Inner", "Startup Cost": 14881.59, "Total Cost": 14881.59, "Plan Rows": 119904, "Plan Width": 64, "Plans": [{"Node Type": "Nested Loop", "Parent Relationship": "Outer", "Join Type": "Inner", "Startup Cost": 1030.37, "Total Cost": 14881.59, "Plan Rows": 119904, "Plan Width": 64, "Inner Unique": false, "Plans": [{"Node Type": "Nested Loop", "Parent Relationship": "Outer", "Join Type": "Inner", "Startup Cost": 0.0, "Total Cost": 16.62, "Plan Rows": 2, "Plan Width": 60, "Inner Unique": false, "Join Filter": "(((n1.n_name = 'JAPAN'::bpchar) AND (n2.n_name = 'INDIA'::bpchar)) OR ((n1.n_name = 'INDIA'::bpchar) AND (n2.n_name = 'JAPAN'::bpchar)))", "Plans": [{"Node Type": "Seq Scan", "Parent Relationship": "Outer", "Relation Name": "nation", "Alias": "n1", "Startup Cost": 0.0, "Total Cost": 1.25, "Plan Rows": 25, "Plan Width": 30, "Filter": "((n_name = 'JAPAN'::bpchar) OR (n_name = 'INDIA'::bpchar))"}, {"Node Type": "Materialize", "Parent Relationship": "Inner", "Startup Cost": 0.0, "Total Cost": 1.38, "Plan Rows": 25, "Plan Width": 30, "Plans": [{"Node Type": "Seq Scan", "Parent Relationship": "Outer", "Relation Name": "nation", "Alias": "n2", "Startup Cost": 0.0, "Total Cost": 1.25, "Plan Rows": 25, "Plan Width": 30, "Filter": "((n_name = 'INDIA'::bpchar) OR (n_name = 'JAPAN'::bpchar))"}]}]}, {"Node Type": "Bitmap Heap Scan", "Parent Relationship": "Inner", "Relation Name": "customer", "Alias": "customer", "Startup Cost": 1030.37, "Total Cost": 6832.48, "Plan Rows": 60000, "Plan Width": 12, "Recheck Cond": "(c_nationkey = n2.n_nationkey)", "Plans": [{"Node Type": "Bitmap Index Scan", "Parent Relationship": "Outer", "Index Name": "idx_customer_nationkey", "Startup Cost": 0.0, "Total Cost": 1015.37, "Plan Rows": 60000, "Plan Width": 0, "Index Cond": "(c_nationkey = n2.n_nationkey)"}]}]}]}]}, {"Node Type": "Bitmap Heap Scan", "Parent Relationship": "Inner", "Relation Name": "lineitem", "Alias": "lineitem", "Startup Cost": 0.38, "Total Cost": 4.54, "Plan Rows": 3, "Plan Width": 40, "Recheck Cond": "(l_orderkey = orders.o_orderkey)", "Filter": "((l_shipdate >= '1995-01-01 00:00:00'::timestamp(0) without time zone) AND (l_shipdate <= '1996-12-31 00:00:00'::timestamp(0) without time zone))", "Plans": [{"Node Type": "Bitmap Index Scan", "Parent Relationship": "Outer", "Index Name": "idx_lineitem_orderkey", "Startup Cost": 0.0, "Total Cost": 0.38, "Plan Rows": 9, "Plan Width": 0, "Index Cond": "(l_orderkey = orders.o_orderkey)"}]}]}, {"Node Type": "Hash", "Parent Relationship": "Inner", "Startup Cost": 3283.0, "Total Cost": 3283.0, "Plan Rows": 100000, "Plan Width": 12, "Plans": [{"Node Type": "Seq Scan", "Parent Relationship": "Outer", "Relation Name": "supplier", "Alias": "supplier", "Startup Cost": 0.0, "Total Cost": 3283.0, "Plan Rows": 100000, "Plan Width": 12}]}]}]}]}, "Unique SQL Id": 2208782157, "Planner Runtime": 4}, "explain_analyze_plan": {"Plan": {"Node Type": "Sort", "Startup Cost": 2821200.81, "Total Cost": 2821210.03, "Plan Rows": 3688, "Plan Width": 84, "Actual Startup Time": 23607.962, "Actual Total Time": 23607.963, "Actual Rows": 4, "Actual Loops": 1, "Sort Key": ["n1.n_name", "n2.n_name", "(date_part('year'::text, lineitem.l_shipdate))"], "Sort Method": "quicksort", "Sort Space Used": 25, "Sort Space Type": "Memory", "Plans": [{"Node Type": "Aggregate", "Strategy": "Hashed", "Parent Relationship": "Outer", "Startup Cost": 2820936.22, "Total Cost": 2820982.32, "Plan Rows": 3688, "Plan Width": 84, "Actual Startup Time": 23607.866, "Actual Total Time": 23607.88, "Actual Rows": 4, "Actual Loops": 1, "Group By Key": ["n1.n_name", "n2.n_name", "date_part('year'::text, lineitem.l_shipdate)"], "Plans": [{"Node Type": "Hash Join", "Parent Relationship": "Outer", "Join Type": "Inner", "Startup Cost": 21163.77, "Total Cost": 2820880.9, "Plan Rows": 3688, "Plan Width": 76, "Actual Startup Time": 353.167, "Actual Total Time": 23499.575, "Actual Rows": 58554, "Actual Loops": 1, "Inner Unique": true, "Hash Cond": "((lineitem.l_suppkey = supplier.s_suppkey) AND (n1.n_nationkey = supplier.s_nationkey))", "Plans": [{"Node Type": "Nested Loop", "Parent Relationship": "Outer", "Join Type": "Inner", "Startup Cost": 16380.77, "Total Cost": 2810513.92, "Plan Rows": 740786, "Plan Width": 88, "Actual Startup Time": 285.55, "Actual Total Time": 22703.999, "Actual Rows": 1459150, "Actual Loops": 1, "Inner Unique": false, "Plans": [{"Node Type": "Hash Join", "Parent Relationship": "Outer", "Join Type": "Inner", "Startup Cost": 16380.39, "Total Cost": 504091.94, "Plan Rows": 504972, "Plan Width": 64, "Actual Startup Time": 285.449, "Actual Total Time": 9906.38, "Actual Rows": 1200363, "Actual Loops": 1, "Inner Unique": false, "Hash Cond": "(orders.o_custkey = customer.c_custkey), (LLVM Optimized, Jit Execute)", "Plans": [{"Node Type": "Seq Scan", "Parent Relationship": "Outer", "Relation Name": "orders", "Alias": "orders", "Startup Cost": 0.0, "Total Cost": 426413.79, "Plan Rows": 14999479, "Plan Width": 16, "Actual Startup Time": 0.013, "Actual Total Time": 4134.458, "Actual Rows": 15000000, "Actual Loops": 1}, {"Node Type": "Hash", "Parent Relationship": "Inner", "Startup Cost": 14881.59, "Total Cost": 14881.59, "Plan Rows": 119904, "Plan Width": 64, "Actual Startup Time": 285.288, "Actual Total Time": 285.288, "Actual Rows": 119972, "Actual Loops": 1, "Hash Buckets": 131072, "Hash Batches": 1, "Original Hash Batches": 1, "Peak Memory Usage": 11248, "Plans": [{"Node Type": "Nested Loop", "Parent Relationship": "Outer", "Join Type": "Inner", "Startup Cost": 1030.37, "Total Cost": 14881.59, "Plan Rows": 119904, "Plan Width": 64, "Actual Startup Time": 18.131, "Actual Total Time": 241.628, "Actual Rows": 119972, "Actual Loops": 1, "Inner Unique": false, "Plans": [{"Node Type": "Nested Loop", "Parent Relationship": "Outer", "Join Type": "Inner", "Startup Cost": 0.0, "Total Cost": 16.62, "Plan Rows": 2, "Plan Width": 60, "Actual Startup Time": 0.082, "Actual Total Time": 0.174, "Actual Rows": 2, "Actual Loops": 1, "Inner Unique": false, "Join Filter": "(((n1.n_name = 'JAPAN'::bpchar) AND (n2.n_name = 'INDIA'::bpchar)) OR ((n1.n_name = 'INDIA'::bpchar) AND (n2.n_name = 'JAPAN'::bpchar)))", "Rows Removed by Join Filter": 2, "Plans": [{"Node Type": "Seq Scan", "Parent Relationship": "Outer", "Relation Name": "nation", "Alias": "n1", "Startup Cost": 0.0, "Total Cost": 1.25, "Plan Rows": 25, "Plan Width": 30, "Actual Startup Time": 0.047, "Actual Total Time": 0.067, "Actual Rows": 2, "Actual Loops": 1, "Filter": "((n_name = 'JAPAN'::bpchar) OR (n_name = 'INDIA'::bpchar))", "Rows Removed by Filter": 23}, {"Node Type": "Materialize", "Parent Relationship": "Inner", "Startup Cost": 0.0, "Total Cost": 1.38, "Plan Rows": 25, "Plan Width": 30, "Actual Startup Time": 0.023, "Actual Total Time": 0.051, "Actual Rows": 4, "Actual Loops": 2, "Plans": [{"Node Type": "Seq Scan", "Parent Relationship": "Outer", "Relation Name": "nation", "Alias": "n2", "Startup Cost": 0.0, "Total Cost": 1.25, "Plan Rows": 25, "Plan Width": 30, "Actual Startup Time": 0.016, "Actual Total Time": 0.04, "Actual Rows": 2, "Actual Loops": 1, "Filter": "((n_name = 'INDIA'::bpchar) OR (n_name = 'JAPAN'::bpchar))", "Rows Removed by Filter": 23}]}]}, {"Node Type": "Bitmap Heap Scan", "Parent Relationship": "Inner", "Relation Name": "customer", "Alias": "customer", "Startup Cost": 1030.37, "Total Cost": 6832.48, "Plan Rows": 60000, "Plan Width": 12, "Actual Startup Time": 36.446, "Actual Total Time": 216.825, "Actual Rows": 119972, "Actual Loops": 2, "Recheck Cond": "(c_nationkey = n2.n_nationkey)", "Rows Removed by Index Recheck": 0, "Exact Heap Blocks": 59938, "Lossy Heap Blocks": 59938, "Plans": [{"Node Type": "Bitmap Index Scan", "Parent Relationship": "Outer", "Index Name": "idx_customer_nationkey", "Startup Cost": 0.0, "Total Cost": 1015.37, "Plan Rows": 60000, "Plan Width": 0, "Actual Startup Time": 23.277, "Actual Total Time": 23.277, "Actual Rows": 119972, "Actual Loops": 2, "Index Cond": "(c_nationkey = n2.n_nationkey)"}]}]}]}]}, {"Node Type": "Bitmap Heap Scan", "Parent Relationship": "Inner", "Relation Name": "lineitem", "Alias": "lineitem", "Startup Cost": 0.38, "Total Cost": 4.54, "Plan Rows": 3, "Plan Width": 40, "Actual Startup Time": 10439.608, "Actual Total Time": 11048.52, "Actual Rows": 1459150, "Actual Loops": 1200363, "Recheck Cond": "(l_orderkey = orders.o_orderkey)", "Rows Removed by Index Recheck": 0, "Filter": "((l_shipdate >= '1995-01-01 00:00:00'::timestamp(0) without time zone) AND (l_shipdate <= '1996-12-31 00:00:00'::timestamp(0) without time zone))", "Rows Removed by Filter": 3342563, "Exact Heap Blocks": 1285989, "Lossy Heap Blocks": 1285989, "Plans": [{"Node Type": "Bitmap Index Scan", "Parent Relationship": "Outer", "Index Name": "idx_lineitem_orderkey", "Startup Cost": 0.0, "Total Cost": 0.38, "Plan Rows": 9, "Plan Width": 0, "Actual Startup Time": 4962.424, "Actual Total Time": 4962.424, "Actual Rows": 4801713, "Actual Loops": 1200363, "Index Cond": "(l_orderkey = orders.o_orderkey)"}]}]}, {"Node Type": "Hash", "Parent Relationship": "Inner", "Startup Cost": 3283.0, "Total Cost": 3283.0, "Plan Rows": 100000, "Plan Width": 12, "Actual Startup Time": 67.261, "Actual Total Time": 67.261, "Actual Rows": 100000, "Actual Loops": 1, "Hash Buckets": 131072, "Hash Batches": 1, "Original Hash Batches": 1, "Peak Memory Usage": 4297, "Plans": [{"Node Type": "Seq Scan", "Parent Relationship": "Outer", "Relation Name": "supplier", "Alias": "supplier", "Startup Cost": 0.0, "Total Cost": 3283.0, "Plan Rows": 100000, "Plan Width": 12, "Actual Startup Time": 0.024, "Actual Total Time": 36.756, "Actual Rows": 100000, "Actual Loops": 1}]}]}]}]}, "Triggers": [], "Planner Runtime": 3, "Total Runtime": 23616.792, "Unique SQL Id": 2208782157}}, "(16, 99)": {"explain_plan": {"Plan": {"Node Type": "Sort", "Startup Cost": 99673674.43, "Total Cost": 99673683.65, "Plan Rows": 3688, "Plan Width": 84, "Sort Key": ["n1.n_name", "n2.n_name", "(date_part('year'::text, lineitem.l_shipdate))"], "Plans": [{"Node Type": "Aggregate", "Strategy": "Hashed", "Parent Relationship": "Outer", "Startup Cost": 99673409.84, "Total Cost": 99673455.94, "Plan Rows": 3688, "Plan Width": 84, "Group By Key": ["n1.n_name", "n2.n_name", "date_part('year'::text, lineitem.l_shipdate)"], "Plans": [{"Node Type": "Nested Loop", "Parent Relationship": "Outer", "Join Type": "Inner", "Startup Cost": 627986.71, "Total Cost": 99673354.52, "Plan Rows": 3688, "Plan Width": 76, "Inner Unique": true, "Join Filter": "(((n1.n_name = 'JAPAN'::bpchar) AND (n2.n_name = 'INDIA'::bpchar)) OR ((n1.n_name = 'INDIA'::bpchar) AND (n2.n_name = 'JAPAN'::bpchar)))", "Plans": [{"Node Type": "Nested Loop", "Parent Relationship": "Outer", "Join Type": "Inner", "Startup Cost": 627986.45, "Total Cost": 94724471.42, "Plan Rows": 1153515, "Plan Width": 54, "Inner Unique": true, "Plans": [{"Node Type": "Nested Loop", "Parent Relationship": "Outer", "Join Type": "Inner", "Startup Cost": 627986.2, "Total Cost": 89787046.56, "Plan Rows": 1153515, "Plan Width": 32, "Inner Unique": true, "Plans": [{"Node Type": "Nested Loop", "Parent Relationship": "Outer", "Join Type": "Inner", "Startup Cost": 627985.94, "Total Cost": 84848088.55, "Plan Rows": 1153515, "Plan Width": 36, "Inner Unique": true, "Plans": [{"Node Type": "Nested Loop", "Parent Relationship": "Outer", "Join Type": "Inner", "Startup Cost": 627985.67, "Total Cost": 79896146.0, "Plan Rows": 1153515, "Plan Width": 36, "Inner Unique": true, "Plans": [{"Node Type": "Bitmap Heap Scan", "Parent Relationship": "Outer", "Relation Name": "lineitem", "Alias": "lineitem", "Startup Cost": 627985.41, "Total Cost": 2315105.27, "Plan Rows": 18124991, "Plan Width": 40, "Recheck Cond": "((l_shipdate >= '1995-01-01 00:00:00'::timestamp(0) without time zone) AND (l_shipdate <= '1996-12-31 00:00:00'::timestamp(0) without time zone)), (LLVM Optimized)", "Plans": [{"Node Type": "Bitmap Index Scan", "Parent Relationship": "Outer", "Index Name": "idx_lineitem_shipdate", "Startup Cost": 0.0, "Total Cost": 623454.16, "Plan Rows": 18124991, "Plan Width": 0, "Index Cond": "((l_shipdate >= '1995-01-01 00:00:00'::timestamp(0) without time zone) AND (l_shipdate <= '1996-12-31 00:00:00'::timestamp(0) without time zone))"}]}, {"Node Type": "Bitmap Heap Scan", "Parent Relationship": "Inner", "Relation Name": "supplier", "Alias": "supplier", "Startup Cost": 0.26, "Total Cost": 4.27, "Plan Rows": 1, "Plan Width": 12, "Recheck Cond": "(s_suppkey = lineitem.l_suppkey)", "Plans": [{"Node Type": "Bitmap Index Scan", "Parent Relationship": "Outer", "Index Name": "supplier_pkey", "Startup Cost": 0.0, "Total Cost": 0.26, "Plan Rows": 1, "Plan Width": 0, "Index Cond": "(s_suppkey = lineitem.l_suppkey)"}]}]}, {"Node Type": "Bitmap Heap Scan", "Parent Relationship": "Inner", "Relation Name": "orders", "Alias": "orders", "Startup Cost": 0.27, "Total Cost": 4.28, "Plan Rows": 1, "Plan Width": 16, "Recheck Cond": "(o_orderkey = lineitem.l_orderkey)", "Plans": [{"Node Type": "Bitmap Index Scan", "Parent Relationship": "Outer", "Index Name": "orders_pkey", "Startup Cost": 0.0, "Total Cost": 0.27, "Plan Rows": 1, "Plan Width": 0, "Index Cond": "(o_orderkey = lineitem.l_orderkey)"}]}]}, {"Node Type": "Bitmap Heap Scan", "Parent Relationship": "Inner", "Relation Name": "customer", "Alias": "customer", "Startup Cost": 0.26, "Total Cost": 4.27, "Plan Rows": 1, "Plan Width": 12, "Recheck Cond": "(c_custkey = orders.o_custkey)", "Plans": [{"Node Type": "Bitmap Index Scan", "Parent Relationship": "Outer", "Index Name": "customer_pkey", "Startup Cost": 0.0, "Total Cost": 0.26, "Plan Rows": 1, "Plan Width": 0, "Index Cond": "(c_custkey = orders.o_custkey)"}]}]}, {"Node Type": "Bitmap Heap Scan", "Parent Relationship": "Inner", "Relation Name": "nation", "Alias": "n1", "Startup Cost": 0.26, "Total Cost": 4.27, "Plan Rows": 1, "Plan Width": 30, "Recheck Cond": "(n_nationkey = supplier.s_nationkey)", "Filter": "((n_name = 'JAPAN'::bpchar) OR (n_name = 'INDIA'::bpchar))", "Plans": [{"Node Type": "Bitmap Index Scan", "Parent Relationship": "Outer", "Index Name": "nation_pkey", "Startup Cost": 0.0, "Total Cost": 0.26, "Plan Rows": 1, "Plan Width": 0, "Index Cond": "(n_nationkey = supplier.s_nationkey)"}]}]}, {"Node Type": "Bitmap Heap Scan", "Parent Relationship": "Inner", "Relation Name": "nation", "Alias": "n2", "Startup Cost": 0.26, "Total Cost": 4.27, "Plan Rows": 1, "Plan Width": 30, "Recheck Cond": "(n_nationkey = customer.c_nationkey)", "Filter": "((n_name = 'INDIA'::bpchar) OR (n_name = 'JAPAN'::bpchar))", "Plans": [{"Node Type": "Bitmap Index Scan", "Parent Relationship": "Outer", "Index Name": "nation_pkey", "Startup Cost": 0.0, "Total Cost": 0.26, "Plan Rows": 1, "Plan Width": 0, "Index Cond": "(n_nationkey = customer.c_nationkey)"}]}]}]}]}, "Unique SQL Id": 2208782157, "Planner Runtime": 2}, "explain_analyze_plan": null}, "(16, 100)": {"explain_plan": {"Plan": {"Node Type": "Sort", "Startup Cost": 653440.12, "Total Cost": 653449.34, "Plan Rows": 3688, "Plan Width": 84, "Sort Key": ["n1.n_name", "n2.n_name", "(date_part('year'::text, lineitem.l_shipdate))"], "Plans": [{"Node Type": "Aggregate", "Strategy": "Hashed", "Parent Relationship": "Outer", "Startup Cost": 653175.54, "Total Cost": 653221.64, "Plan Rows": 3688, "Plan Width": 84, "Group By Key": ["n1.n_name", "n2.n_name", "date_part('year'::text, lineitem.l_shipdate)"], "Plans": [{"Node Type": "Hash Join", "Parent Relationship": "Outer", "Join Type": "Inner", "Startup Cost": 5813.37, "Total Cost": 653120.22, "Plan Rows": 3688, "Plan Width": 76, "Inner Unique": true, "Hash Cond": "((lineitem.l_suppkey = supplier.s_suppkey) AND (n1.n_nationkey = supplier.s_nationkey))", "Plans": [{"Node Type": "Nested Loop", "Parent Relationship": "Outer", "Join Type": "Inner", "Startup Cost": 1030.37, "Total Cost": 642753.24, "Plan Rows": 740786, "Plan Width": 88, "Inner Unique": false, "Plans": [{"Node Type": "Nested Loop", "Parent Relationship": "Outer", "Join Type": "Inner", "Startup Cost": 1030.37, "Total Cost": 166015.61, "Plan Rows": 504972, "Plan Width": 64, "Inner Unique": false, "Plans": [{"Node Type": "Nested Loop", "Parent Relationship": "Outer", "Join Type": "Inner", "Startup Cost": 1030.37, "Total Cost": 14893.09, "Plan Rows": 119904, "Plan Width": 64, "Inner Unique": false, "Plans": [{"Node Type": "Nested Loop", "Parent Relationship": "Outer", "Join Type": "Inner", "Startup Cost": 0.0, "Total Cost": 28.12, "Plan Rows": 2, "Plan Width": 60, "Inner Unique": false, "Join Filter": "(((n1.n_name = 'JAPAN'::bpchar) AND (n2.n_name = 'INDIA'::bpchar)) OR ((n1.n_name = 'INDIA'::bpchar) AND (n2.n_name = 'JAPAN'::bpchar)))", "Plans": [{"Node Type": "Index Scan", "Parent Relationship": "Outer", "Scan Direction": "Forward", "Index Name": "nation_pkey", "Relation Name": "nation", "Alias": "n1", "Startup Cost": 0.0, "Total Cost": 12.75, "Plan Rows": 25, "Plan Width": 30, "Filter": "((n_name = 'JAPAN'::bpchar) OR (n_name = 'INDIA'::bpchar))"}, {"Node Type": "Materialize", "Parent Relationship": "Inner", "Startup Cost": 0.0, "Total Cost": 1.38, "Plan Rows": 25, "Plan Width": 30, "Plans": [{"Node Type": "Seq Scan", "Parent Relationship": "Outer", "Relation Name": "nation", "Alias": "n2", "Startup Cost": 0.0, "Total Cost": 1.25, "Plan Rows": 25, "Plan Width": 30, "Filter": "((n_name = 'INDIA'::bpchar) OR (n_name = 'JAPAN'::bpchar))"}]}]}, {"Node Type": "Bitmap Heap Scan", "Parent Relationship": "Inner", "Relation Name": "customer", "Alias": "customer", "Startup Cost": 1030.37, "Total Cost": 6832.48, "Plan Rows": 60000, "Plan Width": 12, "Recheck Cond": "(c_nationkey = n2.n_nationkey)", "Plans": [{"Node Type": "Bitmap Index Scan", "Parent Relationship": "Outer", "Index Name": "idx_customer_nationkey", "Startup Cost": 0.0, "Total Cost": 1015.37, "Plan Rows": 60000, "Plan Width": 0, "Index Cond": "(c_nationkey = n2.n_nationkey)"}]}]}, {"Node Type": "Index Scan", "Parent Relationship": "Inner", "Scan Direction": "Forward", "Index Name": "idx_orders_custkey", "Relation Name": "orders", "Alias": "orders", "Startup Cost": 0.0, "Total Cost": 1.22, "Plan Rows": 4, "Plan Width": 16, "Index Cond": "(o_custkey = customer.c_custkey)"}]}, {"Node Type": "Index Scan", "Parent Relationship": "Inner", "Scan Direction": "Forward", "Index Name": "idx_lineitem_orderkey", "Relation Name": "lineitem", "Alias": "lineitem", "Startup Cost": 0.0, "Total Cost": 0.91, "Plan Rows": 3, "Plan Width": 40, "Index Cond": "(l_orderkey = orders.o_orderkey)", "Filter": "((l_shipdate >= '1995-01-01 00:00:00'::timestamp(0) without time zone) AND (l_shipdate <= '1996-12-31 00:00:00'::timestamp(0) without time zone))"}]}, {"Node Type": "Hash", "Parent Relationship": "Inner", "Startup Cost": 3283.0, "Total Cost": 3283.0, "Plan Rows": 100000, "Plan Width": 12, "Plans": [{"Node Type": "Seq Scan", "Parent Relationship": "Outer", "Relation Name": "supplier", "Alias": "supplier", "Startup Cost": 0.0, "Total Cost": 3283.0, "Plan Rows": 100000, "Plan Width": 12}]}]}]}]}, "Unique SQL Id": 2208782157, "Planner Runtime": 3}, "explain_analyze_plan": {"Plan": {"Node Type": "Sort", "Startup Cost": 653440.12, "Total Cost": 653449.34, "Plan Rows": 3688, "Plan Width": 84, "Actual Startup Time": 20103.797, "Actual Total Time": 20103.798, "Actual Rows": 4, "Actual Loops": 1, "Sort Key": ["n1.n_name", "n2.n_name", "(date_part('year'::text, lineitem.l_shipdate))"], "Sort Method": "quicksort", "Sort Space Used": 25, "Sort Space Type": "Memory", "Plans": [{"Node Type": "Aggregate", "Strategy": "Hashed", "Parent Relationship": "Outer", "Startup Cost": 653175.54, "Total Cost": 653221.64, "Plan Rows": 3688, "Plan Width": 84, "Actual Startup Time": 20103.746, "Actual Total Time": 20103.751, "Actual Rows": 4, "Actual Loops": 1, "Group By Key": ["n1.n_name", "n2.n_name", "date_part('year'::text, lineitem.l_shipdate)"], "Plans": [{"Node Type": "Hash Join", "Parent Relationship": "Outer", "Join Type": "Inner", "Startup Cost": 5813.37, "Total Cost": 653120.22, "Plan Rows": 3688, "Plan Width": 76, "Actual Startup Time": 85.042, "Actual Total Time": 19996.393, "Actual Rows": 58554, "Actual Loops": 1, "Inner Unique": true, "Hash Cond": "((lineitem.l_suppkey = supplier.s_suppkey) AND (n1.n_nationkey = supplier.s_nationkey))", "Plans": [{"Node Type": "Nested Loop", "Parent Relationship": "Outer", "Join Type": "Inner", "Startup Cost": 1030.37, "Total Cost": 642753.24, "Plan Rows": 740786, "Plan Width": 88, "Actual Startup Time": 17.925, "Actual Total Time": 19160.504, "Actual Rows": 1459150, "Actual Loops": 1, "Inner Unique": false, "Plans": [{"Node Type": "Nested Loop", "Parent Relationship": "Outer", "Join Type": "Inner", "Startup Cost": 1030.37, "Total Cost": 166015.61, "Plan Rows": 504972, "Plan Width": 64, "Actual Startup Time": 17.854, "Actual Total Time": 4038.633, "Actual Rows": 1200363, "Actual Loops": 1, "Inner Unique": false, "Plans": [{"Node Type": "Nested Loop", "Parent Relationship": "Outer", "Join Type": "Inner", "Startup Cost": 1030.37, "Total Cost": 14893.09, "Plan Rows": 119904, "Plan Width": 64, "Actual Startup Time": 17.831, "Actual Total Time": 288.377, "Actual Rows": 119972, "Actual Loops": 1, "Inner Unique": false, "Plans": [{"Node Type": "Nested Loop", "Parent Relationship": "Outer", "Join Type": "Inner", "Startup Cost": 0.0, "Total Cost": 28.12, "Plan Rows": 2, "Plan Width": 60, "Actual Startup Time": 0.065, "Actual Total Time": 0.193, "Actual Rows": 2, "Actual Loops": 1, "Inner Unique": false, "Join Filter": "(((n1.n_name = 'JAPAN'::bpchar) AND (n2.n_name = 'INDIA'::bpchar)) OR ((n1.n_name = 'INDIA'::bpchar) AND (n2.n_name = 'JAPAN'::bpchar)))", "Rows Removed by Join Filter": 2, "Plans": [{"Node Type": "Index Scan", "Parent Relationship": "Outer", "Scan Direction": "Forward", "Index Name": "nation_pkey", "Relation Name": "nation", "Alias": "n1", "Startup Cost": 0.0, "Total Cost": 12.75, "Plan Rows": 25, "Plan Width": 30, "Actual Startup Time": 0.027, "Actual Total Time": 0.056, "Actual Rows": 2, "Actual Loops": 1, "Filter": "((n_name = 'JAPAN'::bpchar) OR (n_name = 'INDIA'::bpchar))", "Rows Removed by Filter": 23}, {"Node Type": "Materialize", "Parent Relationship": "Inner", "Startup Cost": 0.0, "Total Cost": 1.38, "Plan Rows": 25, "Plan Width": 30, "Actual Startup Time": 0.029, "Actual Total Time": 0.076, "Actual Rows": 4, "Actual Loops": 2, "Plans": [{"Node Type": "Seq Scan", "Parent Relationship": "Outer", "Relation Name": "nation", "Alias": "n2", "Startup Cost": 0.0, "Total Cost": 1.25, "Plan Rows": 25, "Plan Width": 30, "Actual Startup Time": 0.019, "Actual Total Time": 0.04, "Actual Rows": 2, "Actual Loops": 1, "Filter": "((n_name = 'INDIA'::bpchar) OR (n_name = 'JAPAN'::bpchar))", "Rows Removed by Filter": 23}]}]}, {"Node Type": "Bitmap Heap Scan", "Parent Relationship": "Inner", "Relation Name": "customer", "Alias": "customer", "Startup Cost": 1030.37, "Total Cost": 6832.48, "Plan Rows": 60000, "Plan Width": 12, "Actual Startup Time": 38.608, "Actual Total Time": 257.954, "Actual Rows": 119972, "Actual Loops": 2, "Recheck Cond": "(c_nationkey = n2.n_nationkey)", "Rows Removed by Index Recheck": 0, "Exact Heap Blocks": 59938, "Lossy Heap Blocks": 59938, "Plans": [{"Node Type": "Bitmap Index Scan", "Parent Relationship": "Outer", "Index Name": "idx_customer_nationkey", "Startup Cost": 0.0, "Total Cost": 1015.37, "Plan Rows": 60000, "Plan Width": 0, "Actual Startup Time": 25.078, "Actual Total Time": 25.078, "Actual Rows": 119972, "Actual Loops": 2, "Index Cond": "(c_nationkey = n2.n_nationkey)"}]}]}, {"Node Type": "Index Scan", "Parent Relationship": "Inner", "Scan Direction": "Forward", "Index Name": "idx_orders_custkey", "Relation Name": "orders", "Alias": "orders", "Startup Cost": 0.0, "Total Cost": 1.22, "Plan Rows": 4, "Plan Width": 16, "Actual Startup Time": 739.615, "Actual Total Time": 3408.437, "Actual Rows": 1200363, "Actual Loops": 119972, "Index Cond": "(o_custkey = customer.c_custkey)", "Rows Removed by Index Recheck": 0}]}, {"Node Type": "Index Scan", "Parent Relationship": "Inner", "Scan Direction": "Forward", "Index Name": "idx_lineitem_orderkey", "Relation Name": "lineitem", "Alias": "lineitem", "Startup Cost": 0.0, "Total Cost": 0.91, "Plan Rows": 3, "Plan Width": 40, "Actual Startup Time": 12978.784, "Actual Total Time": 14155.996, "Actual Rows": 1459150, "Actual Loops": 1200363, "Index Cond": "(l_orderkey = orders.o_orderkey)", "Rows Removed by Index Recheck": 0, "Filter": "((l_shipdate >= '1995-01-01 00:00:00'::timestamp(0) without time zone) AND (l_shipdate <= '1996-12-31 00:00:00'::timestamp(0) without time zone))", "Rows Removed by Filter": 3342563}]}, {"Node Type": "Hash", "Parent Relationship": "Inner", "Startup Cost": 3283.0, "Total Cost": 3283.0, "Plan Rows": 100000, "Plan Width": 12, "Actual Startup Time": 66.855, "Actual Total Time": 66.855, "Actual Rows": 100000, "Actual Loops": 1, "Hash Buckets": 131072, "Hash Batches": 1, "Original Hash Batches": 1, "Peak Memory Usage": 4297, "Plans": [{"Node Type": "Seq Scan", "Parent Relationship": "Outer", "Relation Name": "supplier", "Alias": "supplier", "Startup Cost": 0.0, "Total Cost": 3283.0, "Plan Rows": 100000, "Plan Width": 12, "Actual Startup Time": 0.014, "Actual Total Time": 36.293, "Actual Rows": 100000, "Actual Loops": 1}]}]}]}]}, "Triggers": [], "Planner Runtime": 3, "Total Runtime": 20104.174, "Unique SQL Id": 2208782157}}, "(16, 101)": {"explain_plan": {"Plan": {"Node Type": "Sort", "Startup Cost": 655503.17, "Total Cost": 655512.39, "Plan Rows": 3688, "Plan Width": 84, "Sort Key": ["n1.n_name", "n2.n_name", "(date_part('year'::text, lineitem.l_shipdate))"], "Plans": [{"Node Type": "Aggregate", "Strategy": "Hashed", "Parent Relationship": "Outer", "Startup Cost": 655238.58, "Total Cost": 655284.68, "Plan Rows": 3688, "Plan Width": 84, "Group By Key": ["n1.n_name", "n2.n_name", "date_part('year'::text, lineitem.l_shipdate)"], "Plans": [{"Node Type": "Hash Join", "Parent Relationship": "Outer", "Join Type": "Inner", "Startup Cost": 7864.91, "Total Cost": 655183.26, "Plan Rows": 3688, "Plan Width": 76, "Inner Unique": true, "Hash Cond": "((lineitem.l_suppkey = supplier.s_suppkey) AND (n1.n_nationkey = supplier.s_nationkey))", "Plans": [{"Node Type": "Nested Loop", "Parent Relationship": "Outer", "Join Type": "Inner", "Startup Cost": 1030.37, "Total Cost": 642764.74, "Plan Rows": 740786, "Plan Width": 88, "Inner Unique": false, "Plans": [{"Node Type": "Nested Loop", "Parent Relationship": "Outer", "Join Type": "Inner", "Startup Cost": 1030.37, "Total Cost": 166027.11, "Plan Rows": 504972, "Plan Width": 64, "Inner Unique": false, "Plans": [{"Node Type": "Nested Loop", "Parent Relationship": "Outer", "Join Type": "Inner", "Startup Cost": 1030.37, "Total Cost": 14904.59, "Plan Rows": 119904, "Plan Width": 64, "Inner Unique": false, "Plans": [{"Node Type": "Nested Loop", "Parent Relationship": "Outer", "Join Type": "Inner", "Startup Cost": 0.0, "Total Cost": 39.62, "Plan Rows": 2, "Plan Width": 60, "Inner Unique": false, "Join Filter": "(((n1.n_name = 'JAPAN'::bpchar) AND (n2.n_name = 'INDIA'::bpchar)) OR ((n1.n_name = 'INDIA'::bpchar) AND (n2.n_name = 'JAPAN'::bpchar)))", "Plans": [{"Node Type": "Index Scan", "Parent Relationship": "Outer", "Scan Direction": "Forward", "Index Name": "nation_pkey", "Relation Name": "nation", "Alias": "n1", "Startup Cost": 0.0, "Total Cost": 12.75, "Plan Rows": 25, "Plan Width": 30, "Filter": "((n_name = 'JAPAN'::bpchar) OR (n_name = 'INDIA'::bpchar))"}, {"Node Type": "Materialize", "Parent Relationship": "Inner", "Startup Cost": 0.0, "Total Cost": 12.88, "Plan Rows": 25, "Plan Width": 30, "Plans": [{"Node Type": "Index Scan", "Parent Relationship": "Outer", "Scan Direction": "Forward", "Index Name": "nation_pkey", "Relation Name": "nation", "Alias": "n2", "Startup Cost": 0.0, "Total Cost": 12.75, "Plan Rows": 25, "Plan Width": 30, "Filter": "((n_name = 'INDIA'::bpchar) OR (n_name = 'JAPAN'::bpchar))"}]}]}, {"Node Type": "Bitmap Heap Scan", "Parent Relationship": "Inner", "Relation Name": "customer", "Alias": "customer", "Startup Cost": 1030.37, "Total Cost": 6832.48, "Plan Rows": 60000, "Plan Width": 12, "Recheck Cond": "(c_nationkey = n2.n_nationkey)", "Plans": [{"Node Type": "Bitmap Index Scan", "Parent Relationship": "Outer", "Index Name": "idx_customer_nationkey", "Startup Cost": 0.0, "Total Cost": 1015.37, "Plan Rows": 60000, "Plan Width": 0, "Index Cond": "(c_nationkey = n2.n_nationkey)"}]}]}, {"Node Type": "Index Scan", "Parent Relationship": "Inner", "Scan Direction": "Forward", "Index Name": "idx_orders_custkey", "Relation Name": "orders", "Alias": "orders", "Startup Cost": 0.0, "Total Cost": 1.22, "Plan Rows": 4, "Plan Width": 16, "Index Cond": "(o_custkey = customer.c_custkey)"}]}, {"Node Type": "Index Scan", "Parent Relationship": "Inner", "Scan Direction": "Forward", "Index Name": "idx_lineitem_orderkey", "Relation Name": "lineitem", "Alias": "lineitem", "Startup Cost": 0.0, "Total Cost": 0.91, "Plan Rows": 3, "Plan Width": 40, "Index Cond": "(l_orderkey = orders.o_orderkey)", "Filter": "((l_shipdate >= '1995-01-01 00:00:00'::timestamp(0) without time zone) AND (l_shipdate <= '1996-12-31 00:00:00'::timestamp(0) without time zone))"}]}, {"Node Type": "Hash", "Parent Relationship": "Inner", "Startup Cost": 5334.54, "Total Cost": 5334.54, "Plan Rows": 100000, "Plan Width": 12, "Plans": [{"Node Type": "Index Scan", "Parent Relationship": "Outer", "Scan Direction": "Forward", "Index Name": "supplier_pkey", "Relation Name": "supplier", "Alias": "supplier", "Startup Cost": 0.0, "Total Cost": 5334.54, "Plan Rows": 100000, "Plan Width": 12}]}]}]}]}, "Unique SQL Id": 2208782157, "Planner Runtime": 3}, "explain_analyze_plan": {"Plan": {"Node Type": "Sort", "Startup Cost": 655503.17, "Total Cost": 655512.39, "Plan Rows": 3688, "Plan Width": 84, "Actual Startup Time": 20132.714, "Actual Total Time": 20132.714, "Actual Rows": 4, "Actual Loops": 1, "Sort Key": ["n1.n_name", "n2.n_name", "(date_part('year'::text, lineitem.l_shipdate))"], "Sort Method": "quicksort", "Sort Space Used": 25, "Sort Space Type": "Memory", "Plans": [{"Node Type": "Aggregate", "Strategy": "Hashed", "Parent Relationship": "Outer", "Startup Cost": 655238.58, "Total Cost": 655284.68, "Plan Rows": 3688, "Plan Width": 84, "Actual Startup Time": 20132.663, "Actual Total Time": 20132.668, "Actual Rows": 4, "Actual Loops": 1, "Group By Key": ["n1.n_name", "n2.n_name", "date_part('year'::text, lineitem.l_shipdate)"], "Plans": [{"Node Type": "Hash Join", "Parent Relationship": "Outer", "Join Type": "Inner", "Startup Cost": 7864.91, "Total Cost": 655183.26, "Plan Rows": 3688, "Plan Width": 76, "Actual Startup Time": 116.644, "Actual Total Time": 20025.397, "Actual Rows": 58554, "Actual Loops": 1, "Inner Unique": true, "Hash Cond": "((lineitem.l_suppkey = supplier.s_suppkey) AND (n1.n_nationkey = supplier.s_nationkey))", "Plans": [{"Node Type": "Nested Loop", "Parent Relationship": "Outer", "Join Type": "Inner", "Startup Cost": 1030.37, "Total Cost": 642764.74, "Plan Rows": 740786, "Plan Width": 88, "Actual Startup Time": 17.988, "Actual Total Time": 19166.506, "Actual Rows": 1459150, "Actual Loops": 1, "Inner Unique": false, "Plans": [{"Node Type": "Nested Loop", "Parent Relationship": "Outer", "Join Type": "Inner", "Startup Cost": 1030.37, "Total Cost": 166027.11, "Plan Rows": 504972, "Plan Width": 64, "Actual Startup Time": 17.916, "Actual Total Time": 4054.291, "Actual Rows": 1200363, "Actual Loops": 1, "Inner Unique": false, "Plans": [{"Node Type": "Nested Loop", "Parent Relationship": "Outer", "Join Type": "Inner", "Startup Cost": 1030.37, "Total Cost": 14904.59, "Plan Rows": 119904, "Plan Width": 64, "Actual Startup Time": 17.889, "Actual Total Time": 280.841, "Actual Rows": 119972, "Actual Loops": 1, "Inner Unique": false, "Plans": [{"Node Type": "Nested Loop", "Parent Relationship": "Outer", "Join Type": "Inner", "Startup Cost": 0.0, "Total Cost": 39.62, "Plan Rows": 2, "Plan Width": 60, "Actual Startup Time": 0.058, "Actual Total Time": 0.227, "Actual Rows": 2, "Actual Loops": 1, "Inner Unique": false, "Join Filter": "(((n1.n_name = 'JAPAN'::bpchar) AND (n2.n_name = 'INDIA'::bpchar)) OR ((n1.n_name = 'INDIA'::bpchar) AND (n2.n_name = 'JAPAN'::bpchar)))", "Rows Removed by Join Filter": 2, "Plans": [{"Node Type": "Index Scan", "Parent Relationship": "Outer", "Scan Direction": "Forward", "Index Name": "nation_pkey", "Relation Name": "nation", "Alias": "n1", "Startup Cost": 0.0, "Total Cost": 12.75, "Plan Rows": 25, "Plan Width": 30, "Actual Startup Time": 0.027, "Actual Total Time": 0.065, "Actual Rows": 2, "Actual Loops": 1, "Filter": "((n_name = 'JAPAN'::bpchar) OR (n_name = 'INDIA'::bpchar))", "Rows Removed by Filter": 23}, {"Node Type": "Materialize", "Parent Relationship": "Inner", "Startup Cost": 0.0, "Total Cost": 12.88, "Plan Rows": 25, "Plan Width": 30, "Actual Startup Time": 0.021, "Actual Total Time": 0.11, "Actual Rows": 4, "Actual Loops": 2, "Plans": [{"Node Type": "Index Scan", "Parent Relationship": "Outer", "Scan Direction": "Forward", "Index Name": "nation_pkey", "Relation Name": "nation", "Alias": "n2", "Startup Cost": 0.0, "Total Cost": 12.75, "Plan Rows": 25, "Plan Width": 30, "Actual Startup Time": 0.011, "Actual Total Time": 0.029, "Actual Rows": 2, "Actual Loops": 1, "Filter": "((n_name = 'INDIA'::bpchar) OR (n_name = 'JAPAN'::bpchar))", "Rows Removed by Filter": 23}]}]}, {"Node Type": "Bitmap Heap Scan", "Parent Relationship": "Inner", "Relation Name": "customer", "Alias": "customer", "Startup Cost": 1030.37, "Total Cost": 6832.48, "Plan Rows": 60000, "Plan Width": 12, "Actual Startup Time": 35.683, "Actual Total Time": 251.285, "Actual Rows": 119972, "Actual Loops": 2, "Recheck Cond": "(c_nationkey = n2.n_nationkey)", "Rows Removed by Index Recheck": 0, "Exact Heap Blocks": 59938, "Lossy Heap Blocks": 59938, "Plans": [{"Node Type": "Bitmap Index Scan", "Parent Relationship": "Outer", "Index Name": "idx_customer_nationkey", "Startup Cost": 0.0, "Total Cost": 1015.37, "Plan Rows": 60000, "Plan Width": 0, "Actual Startup Time": 22.441, "Actual Total Time": 22.441, "Actual Rows": 119972, "Actual Loops": 2, "Index Cond": "(c_nationkey = n2.n_nationkey)"}]}]}, {"Node Type": "Index Scan", "Parent Relationship": "Inner", "Scan Direction": "Forward", "Index Name": "idx_orders_custkey", "Relation Name": "orders", "Alias": "orders", "Startup Cost": 0.0, "Total Cost": 1.22, "Plan Rows": 4, "Plan Width": 16, "Actual Startup Time": 739.24, "Actual Total Time": 3431.971, "Actual Rows": 1200363, "Actual Loops": 119972, "Index Cond": "(o_custkey = customer.c_custkey)", "Rows Removed by Index Recheck": 0}]}, {"Node Type": "Index Scan", "Parent Relationship": "Inner", "Scan Direction": "Forward", "Index Name": "idx_lineitem_orderkey", "Relation Name": "lineitem", "Alias": "lineitem", "Startup Cost": 0.0, "Total Cost": 0.91, "Plan Rows": 3, "Plan Width": 40, "Actual Startup Time": 12976.455, "Actual Total Time": 14145.662, "Actual Rows": 1459150, "Actual Loops": 1200363, "Index Cond": "(l_orderkey = orders.o_orderkey)", "Rows Removed by Index Recheck": 0, "Filter": "((l_shipdate >= '1995-01-01 00:00:00'::timestamp(0) without time zone) AND (l_shipdate <= '1996-12-31 00:00:00'::timestamp(0) without time zone))", "Rows Removed by Filter": 3342563}]}, {"Node Type": "Hash", "Parent Relationship": "Inner", "Startup Cost": 5334.54, "Total Cost": 5334.54, "Plan Rows": 100000, "Plan Width": 12, "Actual Startup Time": 98.387, "Actual Total Time": 98.387, "Actual Rows": 100000, "Actual Loops": 1, "Hash Buckets": 131072, "Hash Batches": 1, "Original Hash Batches": 1, "Peak Memory Usage": 4297, "Plans": [{"Node Type": "Index Scan", "Parent Relationship": "Outer", "Scan Direction": "Forward", "Index Name": "supplier_pkey", "Relation Name": "supplier", "Alias": "supplier", "Startup Cost": 0.0, "Total Cost": 5334.54, "Plan Rows": 100000, "Plan Width": 12, "Actual Startup Time": 0.023, "Actual Total Time": 65.883, "Actual Rows": 100000, "Actual Loops": 1}]}]}]}]}, "Triggers": [], "Planner Runtime": 3, "Total Runtime": 20133.041, "Unique SQL Id": 2208782157}}, "(16, 102)": {"explain_plan": {"Plan": {"Node Type": "Sort", "Startup Cost": 2821200.81, "Total Cost": 2821210.03, "Plan Rows": 3688, "Plan Width": 84, "Sort Key": ["n1.n_name", "n2.n_name", "(date_part('year'::text, lineitem.l_shipdate))"], "Plans": [{"Node Type": "Aggregate", "Strategy": "Hashed", "Parent Relationship": "Outer", "Startup Cost": 2820936.22, "Total Cost": 2820982.32, "Plan Rows": 3688, "Plan Width": 84, "Group By Key": ["n1.n_name", "n2.n_name", "date_part('year'::text, lineitem.l_shipdate)"], "Plans": [{"Node Type": "Hash Join", "Parent Relationship": "Outer", "Join Type": "Inner", "Startup Cost": 21163.77, "Total Cost": 2820880.9, "Plan Rows": 3688, "Plan Width": 76, "Inner Unique": true, "Hash Cond": "((lineitem.l_suppkey = supplier.s_suppkey) AND (n1.n_nationkey = supplier.s_nationkey))", "Plans": [{"Node Type": "Nested Loop", "Parent Relationship": "Outer", "Join Type": "Inner", "Startup Cost": 16380.77, "Total Cost": 2810513.92, "Plan Rows": 740786, "Plan Width": 88, "Inner Unique": false, "Plans": [{"Node Type": "Hash Join", "Parent Relationship": "Outer", "Join Type": "Inner", "Startup Cost": 16380.39, "Total Cost": 504091.94, "Plan Rows": 504972, "Plan Width": 64, "Inner Unique": false, "Hash Cond": "(orders.o_custkey = customer.c_custkey), (LLVM Optimized)", "Plans": [{"Node Type": "Seq Scan", "Parent Relationship": "Outer", "Relation Name": "orders", "Alias": "orders", "Startup Cost": 0.0, "Total Cost": 426413.79, "Plan Rows": 14999479, "Plan Width": 16}, {"Node Type": "Hash", "Parent Relationship": "Inner", "Startup Cost": 14881.59, "Total Cost": 14881.59, "Plan Rows": 119904, "Plan Width": 64, "Plans": [{"Node Type": "Nested Loop", "Parent Relationship": "Outer", "Join Type": "Inner", "Startup Cost": 1030.37, "Total Cost": 14881.59, "Plan Rows": 119904, "Plan Width": 64, "Inner Unique": false, "Plans": [{"Node Type": "Nested Loop", "Parent Relationship": "Outer", "Join Type": "Inner", "Startup Cost": 0.0, "Total Cost": 16.62, "Plan Rows": 2, "Plan Width": 60, "Inner Unique": false, "Join Filter": "(((n1.n_name = 'JAPAN'::bpchar) AND (n2.n_name = 'INDIA'::bpchar)) OR ((n1.n_name = 'INDIA'::bpchar) AND (n2.n_name = 'JAPAN'::bpchar)))", "Plans": [{"Node Type": "Seq Scan", "Parent Relationship": "Outer", "Relation Name": "nation", "Alias": "n1", "Startup Cost": 0.0, "Total Cost": 1.25, "Plan Rows": 25, "Plan Width": 30, "Filter": "((n_name = 'JAPAN'::bpchar) OR (n_name = 'INDIA'::bpchar))"}, {"Node Type": "Materialize", "Parent Relationship": "Inner", "Startup Cost": 0.0, "Total Cost": 1.38, "Plan Rows": 25, "Plan Width": 30, "Plans": [{"Node Type": "Seq Scan", "Parent Relationship": "Outer", "Relation Name": "nation", "Alias": "n2", "Startup Cost": 0.0, "Total Cost": 1.25, "Plan Rows": 25, "Plan Width": 30, "Filter": "((n_name = 'INDIA'::bpchar) OR (n_name = 'JAPAN'::bpchar))"}]}]}, {"Node Type": "Bitmap Heap Scan", "Parent Relationship": "Inner", "Relation Name": "customer", "Alias": "customer", "Startup Cost": 1030.37, "Total Cost": 6832.48, "Plan Rows": 60000, "Plan Width": 12, "Recheck Cond": "(c_nationkey = n2.n_nationkey)", "Plans": [{"Node Type": "Bitmap Index Scan", "Parent Relationship": "Outer", "Index Name": "idx_customer_nationkey", "Startup Cost": 0.0, "Total Cost": 1015.37, "Plan Rows": 60000, "Plan Width": 0, "Index Cond": "(c_nationkey = n2.n_nationkey)"}]}]}]}]}, {"Node Type": "Bitmap Heap Scan", "Parent Relationship": "Inner", "Relation Name": "lineitem", "Alias": "lineitem", "Startup Cost": 0.38, "Total Cost": 4.54, "Plan Rows": 3, "Plan Width": 40, "Recheck Cond": "(l_orderkey = orders.o_orderkey)", "Filter": "((l_shipdate >= '1995-01-01 00:00:00'::timestamp(0) without time zone) AND (l_shipdate <= '1996-12-31 00:00:00'::timestamp(0) without time zone))", "Plans": [{"Node Type": "Bitmap Index Scan", "Parent Relationship": "Outer", "Index Name": "idx_lineitem_orderkey", "Startup Cost": 0.0, "Total Cost": 0.38, "Plan Rows": 9, "Plan Width": 0, "Index Cond": "(l_orderkey = orders.o_orderkey)"}]}]}, {"Node Type": "Hash", "Parent Relationship": "Inner", "Startup Cost": 3283.0, "Total Cost": 3283.0, "Plan Rows": 100000, "Plan Width": 12, "Plans": [{"Node Type": "Seq Scan", "Parent Relationship": "Outer", "Relation Name": "supplier", "Alias": "supplier", "Startup Cost": 0.0, "Total Cost": 3283.0, "Plan Rows": 100000, "Plan Width": 12}]}]}]}]}, "Unique SQL Id": 2208782157, "Planner Runtime": 3}, "explain_analyze_plan": {"Plan": {"Node Type": "Sort", "Startup Cost": 2821200.81, "Total Cost": 2821210.03, "Plan Rows": 3688, "Plan Width": 84, "Actual Startup Time": 23607.962, "Actual Total Time": 23607.963, "Actual Rows": 4, "Actual Loops": 1, "Sort Key": ["n1.n_name", "n2.n_name", "(date_part('year'::text, lineitem.l_shipdate))"], "Sort Method": "quicksort", "Sort Space Used": 25, "Sort Space Type": "Memory", "Plans": [{"Node Type": "Aggregate", "Strategy": "Hashed", "Parent Relationship": "Outer", "Startup Cost": 2820936.22, "Total Cost": 2820982.32, "Plan Rows": 3688, "Plan Width": 84, "Actual Startup Time": 23607.866, "Actual Total Time": 23607.88, "Actual Rows": 4, "Actual Loops": 1, "Group By Key": ["n1.n_name", "n2.n_name", "date_part('year'::text, lineitem.l_shipdate)"], "Plans": [{"Node Type": "Hash Join", "Parent Relationship": "Outer", "Join Type": "Inner", "Startup Cost": 21163.77, "Total Cost": 2820880.9, "Plan Rows": 3688, "Plan Width": 76, "Actual Startup Time": 353.167, "Actual Total Time": 23499.575, "Actual Rows": 58554, "Actual Loops": 1, "Inner Unique": true, "Hash Cond": "((lineitem.l_suppkey = supplier.s_suppkey) AND (n1.n_nationkey = supplier.s_nationkey))", "Plans": [{"Node Type": "Nested Loop", "Parent Relationship": "Outer", "Join Type": "Inner", "Startup Cost": 16380.77, "Total Cost": 2810513.92, "Plan Rows": 740786, "Plan Width": 88, "Actual Startup Time": 285.55, "Actual Total Time": 22703.999, "Actual Rows": 1459150, "Actual Loops": 1, "Inner Unique": false, "Plans": [{"Node Type": "Hash Join", "Parent Relationship": "Outer", "Join Type": "Inner", "Startup Cost": 16380.39, "Total Cost": 504091.94, "Plan Rows": 504972, "Plan Width": 64, "Actual Startup Time": 285.449, "Actual Total Time": 9906.38, "Actual Rows": 1200363, "Actual Loops": 1, "Inner Unique": false, "Hash Cond": "(orders.o_custkey = customer.c_custkey), (LLVM Optimized, Jit Execute)", "Plans": [{"Node Type": "Seq Scan", "Parent Relationship": "Outer", "Relation Name": "orders", "Alias": "orders", "Startup Cost": 0.0, "Total Cost": 426413.79, "Plan Rows": 14999479, "Plan Width": 16, "Actual Startup Time": 0.013, "Actual Total Time": 4134.458, "Actual Rows": 15000000, "Actual Loops": 1}, {"Node Type": "Hash", "Parent Relationship": "Inner", "Startup Cost": 14881.59, "Total Cost": 14881.59, "Plan Rows": 119904, "Plan Width": 64, "Actual Startup Time": 285.288, "Actual Total Time": 285.288, "Actual Rows": 119972, "Actual Loops": 1, "Hash Buckets": 131072, "Hash Batches": 1, "Original Hash Batches": 1, "Peak Memory Usage": 11248, "Plans": [{"Node Type": "Nested Loop", "Parent Relationship": "Outer", "Join Type": "Inner", "Startup Cost": 1030.37, "Total Cost": 14881.59, "Plan Rows": 119904, "Plan Width": 64, "Actual Startup Time": 18.131, "Actual Total Time": 241.628, "Actual Rows": 119972, "Actual Loops": 1, "Inner Unique": false, "Plans": [{"Node Type": "Nested Loop", "Parent Relationship": "Outer", "Join Type": "Inner", "Startup Cost": 0.0, "Total Cost": 16.62, "Plan Rows": 2, "Plan Width": 60, "Actual Startup Time": 0.082, "Actual Total Time": 0.174, "Actual Rows": 2, "Actual Loops": 1, "Inner Unique": false, "Join Filter": "(((n1.n_name = 'JAPAN'::bpchar) AND (n2.n_name = 'INDIA'::bpchar)) OR ((n1.n_name = 'INDIA'::bpchar) AND (n2.n_name = 'JAPAN'::bpchar)))", "Rows Removed by Join Filter": 2, "Plans": [{"Node Type": "Seq Scan", "Parent Relationship": "Outer", "Relation Name": "nation", "Alias": "n1", "Startup Cost": 0.0, "Total Cost": 1.25, "Plan Rows": 25, "Plan Width": 30, "Actual Startup Time": 0.047, "Actual Total Time": 0.067, "Actual Rows": 2, "Actual Loops": 1, "Filter": "((n_name = 'JAPAN'::bpchar) OR (n_name = 'INDIA'::bpchar))", "Rows Removed by Filter": 23}, {"Node Type": "Materialize", "Parent Relationship": "Inner", "Startup Cost": 0.0, "Total Cost": 1.38, "Plan Rows": 25, "Plan Width": 30, "Actual Startup Time": 0.023, "Actual Total Time": 0.051, "Actual Rows": 4, "Actual Loops": 2, "Plans": [{"Node Type": "Seq Scan", "Parent Relationship": "Outer", "Relation Name": "nation", "Alias": "n2", "Startup Cost": 0.0, "Total Cost": 1.25, "Plan Rows": 25, "Plan Width": 30, "Actual Startup Time": 0.016, "Actual Total Time": 0.04, "Actual Rows": 2, "Actual Loops": 1, "Filter": "((n_name = 'INDIA'::bpchar) OR (n_name = 'JAPAN'::bpchar))", "Rows Removed by Filter": 23}]}]}, {"Node Type": "Bitmap Heap Scan", "Parent Relationship": "Inner", "Relation Name": "customer", "Alias": "customer", "Startup Cost": 1030.37, "Total Cost": 6832.48, "Plan Rows": 60000, "Plan Width": 12, "Actual Startup Time": 36.446, "Actual Total Time": 216.825, "Actual Rows": 119972, "Actual Loops": 2, "Recheck Cond": "(c_nationkey = n2.n_nationkey)", "Rows Removed by Index Recheck": 0, "Exact Heap Blocks": 59938, "Lossy Heap Blocks": 59938, "Plans": [{"Node Type": "Bitmap Index Scan", "Parent Relationship": "Outer", "Index Name": "idx_customer_nationkey", "Startup Cost": 0.0, "Total Cost": 1015.37, "Plan Rows": 60000, "Plan Width": 0, "Actual Startup Time": 23.277, "Actual Total Time": 23.277, "Actual Rows": 119972, "Actual Loops": 2, "Index Cond": "(c_nationkey = n2.n_nationkey)"}]}]}]}]}, {"Node Type": "Bitmap Heap Scan", "Parent Relationship": "Inner", "Relation Name": "lineitem", "Alias": "lineitem", "Startup Cost": 0.38, "Total Cost": 4.54, "Plan Rows": 3, "Plan Width": 40, "Actual Startup Time": 10439.608, "Actual Total Time": 11048.52, "Actual Rows": 1459150, "Actual Loops": 1200363, "Recheck Cond": "(l_orderkey = orders.o_orderkey)", "Rows Removed by Index Recheck": 0, "Filter": "((l_shipdate >= '1995-01-01 00:00:00'::timestamp(0) without time zone) AND (l_shipdate <= '1996-12-31 00:00:00'::timestamp(0) without time zone))", "Rows Removed by Filter": 3342563, "Exact Heap Blocks": 1285989, "Lossy Heap Blocks": 1285989, "Plans": [{"Node Type": "Bitmap Index Scan", "Parent Relationship": "Outer", "Index Name": "idx_lineitem_orderkey", "Startup Cost": 0.0, "Total Cost": 0.38, "Plan Rows": 9, "Plan Width": 0, "Actual Startup Time": 4962.424, "Actual Total Time": 4962.424, "Actual Rows": 4801713, "Actual Loops": 1200363, "Index Cond": "(l_orderkey = orders.o_orderkey)"}]}]}, {"Node Type": "Hash", "Parent Relationship": "Inner", "Startup Cost": 3283.0, "Total Cost": 3283.0, "Plan Rows": 100000, "Plan Width": 12, "Actual Startup Time": 67.261, "Actual Total Time": 67.261, "Actual Rows": 100000, "Actual Loops": 1, "Hash Buckets": 131072, "Hash Batches": 1, "Original Hash Batches": 1, "Peak Memory Usage": 4297, "Plans": [{"Node Type": "Seq Scan", "Parent Relationship": "Outer", "Relation Name": "supplier", "Alias": "supplier", "Startup Cost": 0.0, "Total Cost": 3283.0, "Plan Rows": 100000, "Plan Width": 12, "Actual Startup Time": 0.024, "Actual Total Time": 36.756, "Actual Rows": 100000, "Actual Loops": 1}]}]}]}]}, "Triggers": [], "Planner Runtime": 3, "Total Runtime": 23616.792, "Unique SQL Id": 2208782157}}, "(16, 103)": {"explain_plan": {"Plan": {"Node Type": "Sort", "Startup Cost": 99673674.43, "Total Cost": 99673683.65, "Plan Rows": 3688, "Plan Width": 84, "Sort Key": ["n1.n_name", "n2.n_name", "(date_part('year'::text, lineitem.l_shipdate))"], "Plans": [{"Node Type": "Aggregate", "Strategy": "Hashed", "Parent Relationship": "Outer", "Startup Cost": 99673409.84, "Total Cost": 99673455.94, "Plan Rows": 3688, "Plan Width": 84, "Group By Key": ["n1.n_name", "n2.n_name", "date_part('year'::text, lineitem.l_shipdate)"], "Plans": [{"Node Type": "Nested Loop", "Parent Relationship": "Outer", "Join Type": "Inner", "Startup Cost": 627986.71, "Total Cost": 99673354.52, "Plan Rows": 3688, "Plan Width": 76, "Inner Unique": true, "Join Filter": "(((n1.n_name = 'JAPAN'::bpchar) AND (n2.n_name = 'INDIA'::bpchar)) OR ((n1.n_name = 'INDIA'::bpchar) AND (n2.n_name = 'JAPAN'::bpchar)))", "Plans": [{"Node Type": "Nested Loop", "Parent Relationship": "Outer", "Join Type": "Inner", "Startup Cost": 627986.45, "Total Cost": 94724471.42, "Plan Rows": 1153515, "Plan Width": 54, "Inner Unique": true, "Plans": [{"Node Type": "Nested Loop", "Parent Relationship": "Outer", "Join Type": "Inner", "Startup Cost": 627986.2, "Total Cost": 89787046.56, "Plan Rows": 1153515, "Plan Width": 32, "Inner Unique": true, "Plans": [{"Node Type": "Nested Loop", "Parent Relationship": "Outer", "Join Type": "Inner", "Startup Cost": 627985.94, "Total Cost": 84848088.55, "Plan Rows": 1153515, "Plan Width": 36, "Inner Unique": true, "Plans": [{"Node Type": "Nested Loop", "Parent Relationship": "Outer", "Join Type": "Inner", "Startup Cost": 627985.67, "Total Cost": 79896146.0, "Plan Rows": 1153515, "Plan Width": 36, "Inner Unique": true, "Plans": [{"Node Type": "Bitmap Heap Scan", "Parent Relationship": "Outer", "Relation Name": "lineitem", "Alias": "lineitem", "Startup Cost": 627985.41, "Total Cost": 2315105.27, "Plan Rows": 18124991, "Plan Width": 40, "Recheck Cond": "((l_shipdate >= '1995-01-01 00:00:00'::timestamp(0) without time zone) AND (l_shipdate <= '1996-12-31 00:00:00'::timestamp(0) without time zone)), (LLVM Optimized)", "Plans": [{"Node Type": "Bitmap Index Scan", "Parent Relationship": "Outer", "Index Name": "idx_lineitem_shipdate", "Startup Cost": 0.0, "Total Cost": 623454.16, "Plan Rows": 18124991, "Plan Width": 0, "Index Cond": "((l_shipdate >= '1995-01-01 00:00:00'::timestamp(0) without time zone) AND (l_shipdate <= '1996-12-31 00:00:00'::timestamp(0) without time zone))"}]}, {"Node Type": "Bitmap Heap Scan", "Parent Relationship": "Inner", "Relation Name": "supplier", "Alias": "supplier", "Startup Cost": 0.26, "Total Cost": 4.27, "Plan Rows": 1, "Plan Width": 12, "Recheck Cond": "(s_suppkey = lineitem.l_suppkey)", "Plans": [{"Node Type": "Bitmap Index Scan", "Parent Relationship": "Outer", "Index Name": "supplier_pkey", "Startup Cost": 0.0, "Total Cost": 0.26, "Plan Rows": 1, "Plan Width": 0, "Index Cond": "(s_suppkey = lineitem.l_suppkey)"}]}]}, {"Node Type": "Bitmap Heap Scan", "Parent Relationship": "Inner", "Relation Name": "orders", "Alias": "orders", "Startup Cost": 0.27, "Total Cost": 4.28, "Plan Rows": 1, "Plan Width": 16, "Recheck Cond": "(o_orderkey = lineitem.l_orderkey)", "Plans": [{"Node Type": "Bitmap Index Scan", "Parent Relationship": "Outer", "Index Name": "orders_pkey", "Startup Cost": 0.0, "Total Cost": 0.27, "Plan Rows": 1, "Plan Width": 0, "Index Cond": "(o_orderkey = lineitem.l_orderkey)"}]}]}, {"Node Type": "Bitmap Heap Scan", "Parent Relationship": "Inner", "Relation Name": "customer", "Alias": "customer", "Startup Cost": 0.26, "Total Cost": 4.27, "Plan Rows": 1, "Plan Width": 12, "Recheck Cond": "(c_custkey = orders.o_custkey)", "Plans": [{"Node Type": "Bitmap Index Scan", "Parent Relationship": "Outer", "Index Name": "customer_pkey", "Startup Cost": 0.0, "Total Cost": 0.26, "Plan Rows": 1, "Plan Width": 0, "Index Cond": "(c_custkey = orders.o_custkey)"}]}]}, {"Node Type": "Bitmap Heap Scan", "Parent Relationship": "Inner", "Relation Name": "nation", "Alias": "n1", "Startup Cost": 0.26, "Total Cost": 4.27, "Plan Rows": 1, "Plan Width": 30, "Recheck Cond": "(n_nationkey = supplier.s_nationkey)", "Filter": "((n_name = 'JAPAN'::bpchar) OR (n_name = 'INDIA'::bpchar))", "Plans": [{"Node Type": "Bitmap Index Scan", "Parent Relationship": "Outer", "Index Name": "nation_pkey", "Startup Cost": 0.0, "Total Cost": 0.26, "Plan Rows": 1, "Plan Width": 0, "Index Cond": "(n_nationkey = supplier.s_nationkey)"}]}]}, {"Node Type": "Bitmap Heap Scan", "Parent Relationship": "Inner", "Relation Name": "nation", "Alias": "n2", "Startup Cost": 0.26, "Total Cost": 4.27, "Plan Rows": 1, "Plan Width": 30, "Recheck Cond": "(n_nationkey = customer.c_nationkey)", "Filter": "((n_name = 'INDIA'::bpchar) OR (n_name = 'JAPAN'::bpchar))", "Plans": [{"Node Type": "Bitmap Index Scan", "Parent Relationship": "Outer", "Index Name": "nation_pkey", "Startup Cost": 0.0, "Total Cost": 0.26, "Plan Rows": 1, "Plan Width": 0, "Index Cond": "(n_nationkey = customer.c_nationkey)"}]}]}]}]}, "Unique SQL Id": 2208782157, "Planner Runtime": 2}, "explain_analyze_plan": null}, "(16, 104)": {"explain_plan": {"Plan": {"Node Type": "Sort", "Startup Cost": 655180.01, "Total Cost": 655189.23, "Plan Rows": 3688, "Plan Width": 84, "Sort Key": ["n1.n_name", "n2.n_name", "(date_part('year'::text, lineitem.l_shipdate))"], "Plans": [{"Node Type": "Aggregate", "Strategy": "Hashed", "Parent Relationship": "Outer", "Startup Cost": 654915.42, "Total Cost": 654961.52, "Plan Rows": 3688, "Plan Width": 84, "Group By Key": ["n1.n_name", "n2.n_name", "date_part('year'::text, lineitem.l_shipdate)"], "Plans": [{"Node Type": "Hash Join", "Parent Relationship": "Outer", "Join Type": "Inner", "Startup Cost": 4783.0, "Total Cost": 654860.1, "Plan Rows": 3688, "Plan Width": 76, "Inner Unique": true, "Hash Cond": "((lineitem.l_suppkey = supplier.s_suppkey) AND (n1.n_nationkey = supplier.s_nationkey))", "Plans": [{"Node Type": "Nested Loop", "Parent Relationship": "Outer", "Join Type": "Inner", "Startup Cost": 0.0, "Total Cost": 644493.13, "Plan Rows": 740786, "Plan Width": 88, "Inner Unique": false, "Plans": [{"Node Type": "Nested Loop", "Parent Relationship": "Outer", "Join Type": "Inner", "Startup Cost": 0.0, "Total Cost": 167755.5, "Plan Rows": 504972, "Plan Width": 64, "Inner Unique": false, "Plans": [{"Node Type": "Nested Loop", "Parent Relationship": "Outer", "Join Type": "Inner", "Startup Cost": 0.0, "Total Cost": 16632.98, "Plan Rows": 119904, "Plan Width": 64, "Inner Unique": false, "Plans": [{"Node Type": "Nested Loop", "Parent Relationship": "Outer", "Join Type": "Inner", "Startup Cost": 0.0, "Total Cost": 28.12, "Plan Rows": 2, "Plan Width": 60, "Inner Unique": false, "Join Filter": "(((n1.n_name = 'JAPAN'::bpchar) AND (n2.n_name = 'INDIA'::bpchar)) OR ((n1.n_name = 'INDIA'::bpchar) AND (n2.n_name = 'JAPAN'::bpchar)))", "Plans": [{"Node Type": "Index Scan", "Parent Relationship": "Outer", "Scan Direction": "Forward", "Index Name": "nation_pkey", "Relation Name": "nation", "Alias": "n1", "Startup Cost": 0.0, "Total Cost": 12.75, "Plan Rows": 25, "Plan Width": 30, "Filter": "((n_name = 'JAPAN'::bpchar) OR (n_name = 'INDIA'::bpchar))"}, {"Node Type": "Materialize", "Parent Relationship": "Inner", "Startup Cost": 0.0, "Total Cost": 1.38, "Plan Rows": 25, "Plan Width": 30, "Plans": [{"Node Type": "Seq Scan", "Parent Relationship": "Outer", "Relation Name": "nation", "Alias": "n2", "Startup Cost": 0.0, "Total Cost": 1.25, "Plan Rows": 25, "Plan Width": 30, "Filter": "((n_name = 'INDIA'::bpchar) OR (n_name = 'JAPAN'::bpchar))"}]}]}, {"Node Type": "Index Scan", "Parent Relationship": "Inner", "Scan Direction": "Forward", "Index Name": "idx_customer_nationkey", "Relation Name": "customer", "Alias": "customer", "Startup Cost": 0.0, "Total Cost": 7702.43, "Plan Rows": 60000, "Plan Width": 12, "Index Cond": "(c_nationkey = n2.n_nationkey)"}]}, {"Node Type": "Index Scan", "Parent Relationship": "Inner", "Scan Direction": "Forward", "Index Name": "idx_orders_custkey", "Relation Name": "orders", "Alias": "orders", "Startup Cost": 0.0, "Total Cost": 1.22, "Plan Rows": 4, "Plan Width": 16, "Index Cond": "(o_custkey = customer.c_custkey)"}]}, {"Node Type": "Index Scan", "Parent Relationship": "Inner", "Scan Direction": "Forward", "Index Name": "idx_lineitem_orderkey", "Relation Name": "lineitem", "Alias": "lineitem", "Startup Cost": 0.0, "Total Cost": 0.91, "Plan Rows": 3, "Plan Width": 40, "Index Cond": "(l_orderkey = orders.o_orderkey)", "Filter": "((l_shipdate >= '1995-01-01 00:00:00'::timestamp(0) without time zone) AND (l_shipdate <= '1996-12-31 00:00:00'::timestamp(0) without time zone))"}]}, {"Node Type": "Hash", "Parent Relationship": "Inner", "Startup Cost": 3283.0, "Total Cost": 3283.0, "Plan Rows": 100000, "Plan Width": 12, "Plans": [{"Node Type": "Seq Scan", "Parent Relationship": "Outer", "Relation Name": "supplier", "Alias": "supplier", "Startup Cost": 0.0, "Total Cost": 3283.0, "Plan Rows": 100000, "Plan Width": 12}]}]}]}]}, "Unique SQL Id": 2208782157, "Planner Runtime": 3}, "explain_analyze_plan": {"Plan": {"Node Type": "Sort", "Startup Cost": 655180.01, "Total Cost": 655189.23, "Plan Rows": 3688, "Plan Width": 84, "Actual Startup Time": 20101.862, "Actual Total Time": 20101.863, "Actual Rows": 4, "Actual Loops": 1, "Sort Key": ["n1.n_name", "n2.n_name", "(date_part('year'::text, lineitem.l_shipdate))"], "Sort Method": "quicksort", "Sort Space Used": 25, "Sort Space Type": "Memory", "Plans": [{"Node Type": "Aggregate", "Strategy": "Hashed", "Parent Relationship": "Outer", "Startup Cost": 654915.42, "Total Cost": 654961.52, "Plan Rows": 3688, "Plan Width": 84, "Actual Startup Time": 20101.806, "Actual Total Time": 20101.811, "Actual Rows": 4, "Actual Loops": 1, "Group By Key": ["n1.n_name", "n2.n_name", "date_part('year'::text, lineitem.l_shipdate)"], "Plans": [{"Node Type": "Hash Join", "Parent Relationship": "Outer", "Join Type": "Inner", "Startup Cost": 4783.0, "Total Cost": 654860.1, "Plan Rows": 3688, "Plan Width": 76, "Actual Startup Time": 66.908, "Actual Total Time": 19998.057, "Actual Rows": 58554, "Actual Loops": 1, "Inner Unique": true, "Hash Cond": "((lineitem.l_suppkey = supplier.s_suppkey) AND (n1.n_nationkey = supplier.s_nationkey))", "Plans": [{"Node Type": "Nested Loop", "Parent Relationship": "Outer", "Join Type": "Inner", "Startup Cost": 0.0, "Total Cost": 644493.13, "Plan Rows": 740786, "Plan Width": 88, "Actual Startup Time": 0.174, "Actual Total Time": 19197.586, "Actual Rows": 1459150, "Actual Loops": 1, "Inner Unique": false, "Plans": [{"Node Type": "Nested Loop", "Parent Relationship": "Outer", "Join Type": "Inner", "Startup Cost": 0.0, "Total Cost": 167755.5, "Plan Rows": 504972, "Plan Width": 64, "Actual Startup Time": 0.116, "Actual Total Time": 3906.95, "Actual Rows": 1200363, "Actual Loops": 1, "Inner Unique": false, "Plans": [{"Node Type": "Nested Loop", "Parent Relationship": "Outer", "Join Type": "Inner", "Startup Cost": 0.0, "Total Cost": 16632.98, "Plan Rows": 119904, "Plan Width": 64, "Actual Startup Time": 0.105, "Actual Total Time": 217.394, "Actual Rows": 119972, "Actual Loops": 1, "Inner Unique": false, "Plans": [{"Node Type": "Nested Loop", "Parent Relationship": "Outer", "Join Type": "Inner", "Startup Cost": 0.0, "Total Cost": 28.12, "Plan Rows": 2, "Plan Width": 60, "Actual Startup Time": 0.071, "Actual Total Time": 0.282, "Actual Rows": 2, "Actual Loops": 1, "Inner Unique": false, "Join Filter": "(((n1.n_name = 'JAPAN'::bpchar) AND (n2.n_name = 'INDIA'::bpchar)) OR ((n1.n_name = 'INDIA'::bpchar) AND (n2.n_name = 'JAPAN'::bpchar)))", "Rows Removed by Join Filter": 2, "Plans": [{"Node Type": "Index Scan", "Parent Relationship": "Outer", "Scan Direction": "Forward", "Index Name": "nation_pkey", "Relation Name": "nation", "Alias": "n1", "Startup Cost": 0.0, "Total Cost": 12.75, "Plan Rows": 25, "Plan Width": 30, "Actual Startup Time": 0.03, "Actual Total Time": 0.075, "Actual Rows": 2, "Actual Loops": 1, "Filter": "((n_name = 'JAPAN'::bpchar) OR (n_name = 'INDIA'::bpchar))", "Rows Removed by Filter": 23}, {"Node Type": "Materialize", "Parent Relationship": "Inner", "Startup Cost": 0.0, "Total Cost": 1.38, "Plan Rows": 25, "Plan Width": 30, "Actual Startup Time": 0.031, "Actual Total Time": 0.128, "Actual Rows": 4, "Actual Loops": 2, "Plans": [{"Node Type": "Seq Scan", "Parent Relationship": "Outer", "Relation Name": "nation", "Alias": "n2", "Startup Cost": 0.0, "Total Cost": 1.25, "Plan Rows": 25, "Plan Width": 30, "Actual Startup Time": 0.02, "Actual Total Time": 0.039, "Actual Rows": 2, "Actual Loops": 1, "Filter": "((n_name = 'INDIA'::bpchar) OR (n_name = 'JAPAN'::bpchar))", "Rows Removed by Filter": 23}]}]}, {"Node Type": "Index Scan", "Parent Relationship": "Inner", "Scan Direction": "Forward", "Index Name": "idx_customer_nationkey", "Relation Name": "customer", "Alias": "customer", "Startup Cost": 0.0, "Total Cost": 7702.43, "Plan Rows": 60000, "Plan Width": 12, "Actual Startup Time": 0.051, "Actual Total Time": 183.595, "Actual Rows": 119972, "Actual Loops": 2, "Index Cond": "(c_nationkey = n2.n_nationkey)", "Rows Removed by Index Recheck": 0}]}, {"Node Type": "Index Scan", "Parent Relationship": "Inner", "Scan Direction": "Forward", "Index Name": "idx_orders_custkey", "Relation Name": "orders", "Alias": "orders", "Startup Cost": 0.0, "Total Cost": 1.22, "Plan Rows": 4, "Plan Width": 16, "Actual Startup Time": 734.9, "Actual Total Time": 3349.479, "Actual Rows": 1200363, "Actual Loops": 119972, "Index Cond": "(o_custkey = customer.c_custkey)", "Rows Removed by Index Recheck": 0}]}, {"Node Type": "Index Scan", "Parent Relationship": "Inner", "Scan Direction": "Forward", "Index Name": "idx_lineitem_orderkey", "Relation Name": "lineitem", "Alias": "lineitem", "Startup Cost": 0.0, "Total Cost": 0.91, "Plan Rows": 3, "Plan Width": 40, "Actual Startup Time": 13114.435, "Actual Total Time": 14307.284, "Actual Rows": 1459150, "Actual Loops": 1200363, "Index Cond": "(l_orderkey = orders.o_orderkey)", "Rows Removed by Index Recheck": 0, "Filter": "((l_shipdate >= '1995-01-01 00:00:00'::timestamp(0) without time zone) AND (l_shipdate <= '1996-12-31 00:00:00'::timestamp(0) without time zone))", "Rows Removed by Filter": 3342563}]}, {"Node Type": "Hash", "Parent Relationship": "Inner", "Startup Cost": 3283.0, "Total Cost": 3283.0, "Plan Rows": 100000, "Plan Width": 12, "Actual Startup Time": 66.467, "Actual Total Time": 66.467, "Actual Rows": 100000, "Actual Loops": 1, "Hash Buckets": 131072, "Hash Batches": 1, "Original Hash Batches": 1, "Peak Memory Usage": 4297, "Plans": [{"Node Type": "Seq Scan", "Parent Relationship": "Outer", "Relation Name": "supplier", "Alias": "supplier", "Startup Cost": 0.0, "Total Cost": 3283.0, "Plan Rows": 100000, "Plan Width": 12, "Actual Startup Time": 0.017, "Actual Total Time": 35.896, "Actual Rows": 100000, "Actual Loops": 1}]}]}]}]}, "Triggers": [], "Planner Runtime": 3, "Total Runtime": 20102.099, "Unique SQL Id": 2208782157}}, "(16, 105)": {"explain_plan": {"Plan": {"Node Type": "Sort", "Startup Cost": 657243.06, "Total Cost": 657252.28, "Plan Rows": 3688, "Plan Width": 84, "Sort Key": ["n1.n_name", "n2.n_name", "(date_part('year'::text, lineitem.l_shipdate))"], "Plans": [{"Node Type": "Aggregate", "Strategy": "Hashed", "Parent Relationship": "Outer", "Startup Cost": 656978.47, "Total Cost": 657024.57, "Plan Rows": 3688, "Plan Width": 84, "Group By Key": ["n1.n_name", "n2.n_name", "date_part('year'::text, lineitem.l_shipdate)"], "Plans": [{"Node Type": "Hash Join", "Parent Relationship": "Outer", "Join Type": "Inner", "Startup Cost": 6834.54, "Total Cost": 656923.15, "Plan Rows": 3688, "Plan Width": 76, "Inner Unique": true, "Hash Cond": "((lineitem.l_suppkey = supplier.s_suppkey) AND (n1.n_nationkey = supplier.s_nationkey))", "Plans": [{"Node Type": "Nested Loop", "Parent Relationship": "Outer", "Join Type": "Inner", "Startup Cost": 0.0, "Total Cost": 644504.63, "Plan Rows": 740786, "Plan Width": 88, "Inner Unique": false, "Plans": [{"Node Type": "Nested Loop", "Parent Relationship": "Outer", "Join Type": "Inner", "Startup Cost": 0.0, "Total Cost": 167767.0, "Plan Rows": 504972, "Plan Width": 64, "Inner Unique": false, "Plans": [{"Node Type": "Nested Loop", "Parent Relationship": "Outer", "Join Type": "Inner", "Startup Cost": 0.0, "Total Cost": 16644.48, "Plan Rows": 119904, "Plan Width": 64, "Inner Unique": false, "Plans": [{"Node Type": "Nested Loop", "Parent Relationship": "Outer", "Join Type": "Inner", "Startup Cost": 0.0, "Total Cost": 39.62, "Plan Rows": 2, "Plan Width": 60, "Inner Unique": false, "Join Filter": "(((n1.n_name = 'JAPAN'::bpchar) AND (n2.n_name = 'INDIA'::bpchar)) OR ((n1.n_name = 'INDIA'::bpchar) AND (n2.n_name = 'JAPAN'::bpchar)))", "Plans": [{"Node Type": "Index Scan", "Parent Relationship": "Outer", "Scan Direction": "Forward", "Index Name": "nation_pkey", "Relation Name": "nation", "Alias": "n1", "Startup Cost": 0.0, "Total Cost": 12.75, "Plan Rows": 25, "Plan Width": 30, "Filter": "((n_name = 'JAPAN'::bpchar) OR (n_name = 'INDIA'::bpchar))"}, {"Node Type": "Materialize", "Parent Relationship": "Inner", "Startup Cost": 0.0, "Total Cost": 12.88, "Plan Rows": 25, "Plan Width": 30, "Plans": [{"Node Type": "Index Scan", "Parent Relationship": "Outer", "Scan Direction": "Forward", "Index Name": "nation_pkey", "Relation Name": "nation", "Alias": "n2", "Startup Cost": 0.0, "Total Cost": 12.75, "Plan Rows": 25, "Plan Width": 30, "Filter": "((n_name = 'INDIA'::bpchar) OR (n_name = 'JAPAN'::bpchar))"}]}]}, {"Node Type": "Index Scan", "Parent Relationship": "Inner", "Scan Direction": "Forward", "Index Name": "idx_customer_nationkey", "Relation Name": "customer", "Alias": "customer", "Startup Cost": 0.0, "Total Cost": 7702.43, "Plan Rows": 60000, "Plan Width": 12, "Index Cond": "(c_nationkey = n2.n_nationkey)"}]}, {"Node Type": "Index Scan", "Parent Relationship": "Inner", "Scan Direction": "Forward", "Index Name": "idx_orders_custkey", "Relation Name": "orders", "Alias": "orders", "Startup Cost": 0.0, "Total Cost": 1.22, "Plan Rows": 4, "Plan Width": 16, "Index Cond": "(o_custkey = customer.c_custkey)"}]}, {"Node Type": "Index Scan", "Parent Relationship": "Inner", "Scan Direction": "Forward", "Index Name": "idx_lineitem_orderkey", "Relation Name": "lineitem", "Alias": "lineitem", "Startup Cost": 0.0, "Total Cost": 0.91, "Plan Rows": 3, "Plan Width": 40, "Index Cond": "(l_orderkey = orders.o_orderkey)", "Filter": "((l_shipdate >= '1995-01-01 00:00:00'::timestamp(0) without time zone) AND (l_shipdate <= '1996-12-31 00:00:00'::timestamp(0) without time zone))"}]}, {"Node Type": "Hash", "Parent Relationship": "Inner", "Startup Cost": 5334.54, "Total Cost": 5334.54, "Plan Rows": 100000, "Plan Width": 12, "Plans": [{"Node Type": "Index Scan", "Parent Relationship": "Outer", "Scan Direction": "Forward", "Index Name": "supplier_pkey", "Relation Name": "supplier", "Alias": "supplier", "Startup Cost": 0.0, "Total Cost": 5334.54, "Plan Rows": 100000, "Plan Width": 12}]}]}]}]}, "Unique SQL Id": 2208782157, "Planner Runtime": 3}, "explain_analyze_plan": {"Plan": {"Node Type": "Sort", "Startup Cost": 657243.06, "Total Cost": 657252.28, "Plan Rows": 3688, "Plan Width": 84, "Actual Startup Time": 20192.933, "Actual Total Time": 20192.934, "Actual Rows": 4, "Actual Loops": 1, "Sort Key": ["n1.n_name", "n2.n_name", "(date_part('year'::text, lineitem.l_shipdate))"], "Sort Method": "quicksort", "Sort Space Used": 25, "Sort Space Type": "Memory", "Plans": [{"Node Type": "Aggregate", "Strategy": "Hashed", "Parent Relationship": "Outer", "Startup Cost": 656978.47, "Total Cost": 657024.57, "Plan Rows": 3688, "Plan Width": 84, "Actual Startup Time": 20192.889, "Actual Total Time": 20192.895, "Actual Rows": 4, "Actual Loops": 1, "Group By Key": ["n1.n_name", "n2.n_name", "date_part('year'::text, lineitem.l_shipdate)"], "Plans": [{"Node Type": "Hash Join", "Parent Relationship": "Outer", "Join Type": "Inner", "Startup Cost": 6834.54, "Total Cost": 656923.15, "Plan Rows": 3688, "Plan Width": 76, "Actual Startup Time": 98.367, "Actual Total Time": 20087.363, "Actual Rows": 58554, "Actual Loops": 1, "Inner Unique": true, "Hash Cond": "((lineitem.l_suppkey = supplier.s_suppkey) AND (n1.n_nationkey = supplier.s_nationkey))", "Plans": [{"Node Type": "Nested Loop", "Parent Relationship": "Outer", "Join Type": "Inner", "Startup Cost": 0.0, "Total Cost": 644504.63, "Plan Rows": 740786, "Plan Width": 88, "Actual Startup Time": 0.151, "Actual Total Time": 19230.01, "Actual Rows": 1459150, "Actual Loops": 1, "Inner Unique": false, "Plans": [{"Node Type": "Nested Loop", "Parent Relationship": "Outer", "Join Type": "Inner", "Startup Cost": 0.0, "Total Cost": 167767.0, "Plan Rows": 504972, "Plan Width": 64, "Actual Startup Time": 0.093, "Actual Total Time": 4021.421, "Actual Rows": 1200363, "Actual Loops": 1, "Inner Unique": false, "Plans": [{"Node Type": "Nested Loop", "Parent Relationship": "Outer", "Join Type": "Inner", "Startup Cost": 0.0, "Total Cost": 16644.48, "Plan Rows": 119904, "Plan Width": 64, "Actual Startup Time": 0.081, "Actual Total Time": 223.075, "Actual Rows": 119972, "Actual Loops": 1, "Inner Unique": false, "Plans": [{"Node Type": "Nested Loop", "Parent Relationship": "Outer", "Join Type": "Inner", "Startup Cost": 0.0, "Total Cost": 39.62, "Plan Rows": 2, "Plan Width": 60, "Actual Startup Time": 0.05, "Actual Total Time": 0.214, "Actual Rows": 2, "Actual Loops": 1, "Inner Unique": false, "Join Filter": "(((n1.n_name = 'JAPAN'::bpchar) AND (n2.n_name = 'INDIA'::bpchar)) OR ((n1.n_name = 'INDIA'::bpchar) AND (n2.n_name = 'JAPAN'::bpchar)))", "Rows Removed by Join Filter": 2, "Plans": [{"Node Type": "Index Scan", "Parent Relationship": "Outer", "Scan Direction": "Forward", "Index Name": "nation_pkey", "Relation Name": "nation", "Alias": "n1", "Startup Cost": 0.0, "Total Cost": 12.75, "Plan Rows": 25, "Plan Width": 30, "Actual Startup Time": 0.027, "Actual Total Time": 0.059, "Actual Rows": 2, "Actual Loops": 1, "Filter": "((n_name = 'JAPAN'::bpchar) OR (n_name = 'INDIA'::bpchar))", "Rows Removed by Filter": 23}, {"Node Type": "Materialize", "Parent Relationship": "Inner", "Startup Cost": 0.0, "Total Cost": 12.88, "Plan Rows": 25, "Plan Width": 30, "Actual Startup Time": 0.015, "Actual Total Time": 0.053, "Actual Rows": 4, "Actual Loops": 2, "Plans": [{"Node Type": "Index Scan", "Parent Relationship": "Outer", "Scan Direction": "Forward", "Index Name": "nation_pkey", "Relation Name": "nation", "Alias": "n2", "Startup Cost": 0.0, "Total Cost": 12.75, "Plan Rows": 25, "Plan Width": 30, "Actual Startup Time": 0.01, "Actual Total Time": 0.042, "Actual Rows": 2, "Actual Loops": 1, "Filter": "((n_name = 'INDIA'::bpchar) OR (n_name = 'JAPAN'::bpchar))", "Rows Removed by Filter": 23}]}]}, {"Node Type": "Index Scan", "Parent Relationship": "Inner", "Scan Direction": "Forward", "Index Name": "idx_customer_nationkey", "Relation Name": "customer", "Alias": "customer", "Startup Cost": 0.0, "Total Cost": 7702.43, "Plan Rows": 60000, "Plan Width": 12, "Actual Startup Time": 0.052, "Actual Total Time": 187.081, "Actual Rows": 119972, "Actual Loops": 2, "Index Cond": "(c_nationkey = n2.n_nationkey)", "Rows Removed by Index Recheck": 0}]}, {"Node Type": "Index Scan", "Parent Relationship": "Inner", "Scan Direction": "Forward", "Index Name": "idx_orders_custkey", "Relation Name": "orders", "Alias": "orders", "Startup Cost": 0.0, "Total Cost": 1.22, "Plan Rows": 4, "Plan Width": 16, "Actual Startup Time": 742.261, "Actual Total Time": 3448.447, "Actual Rows": 1200363, "Actual Loops": 119972, "Index Cond": "(o_custkey = customer.c_custkey)", "Rows Removed by Index Recheck": 0}]}, {"Node Type": "Index Scan", "Parent Relationship": "Inner", "Scan Direction": "Forward", "Index Name": "idx_lineitem_orderkey", "Relation Name": "lineitem", "Alias": "lineitem", "Startup Cost": 0.0, "Total Cost": 0.91, "Plan Rows": 3, "Plan Width": 40, "Actual Startup Time": 13059.952, "Actual Total Time": 14241.321, "Actual Rows": 1459150, "Actual Loops": 1200363, "Index Cond": "(l_orderkey = orders.o_orderkey)", "Rows Removed by Index Recheck": 0, "Filter": "((l_shipdate >= '1995-01-01 00:00:00'::timestamp(0) without time zone) AND (l_shipdate <= '1996-12-31 00:00:00'::timestamp(0) without time zone))", "Rows Removed by Filter": 3342563}]}, {"Node Type": "Hash", "Parent Relationship": "Inner", "Startup Cost": 5334.54, "Total Cost": 5334.54, "Plan Rows": 100000, "Plan Width": 12, "Actual Startup Time": 97.954, "Actual Total Time": 97.954, "Actual Rows": 100000, "Actual Loops": 1, "Hash Buckets": 131072, "Hash Batches": 1, "Original Hash Batches": 1, "Peak Memory Usage": 4297, "Plans": [{"Node Type": "Index Scan", "Parent Relationship": "Outer", "Scan Direction": "Forward", "Index Name": "supplier_pkey", "Relation Name": "supplier", "Alias": "supplier", "Startup Cost": 0.0, "Total Cost": 5334.54, "Plan Rows": 100000, "Plan Width": 12, "Actual Startup Time": 0.02, "Actual Total Time": 65.869, "Actual Rows": 100000, "Actual Loops": 1}]}]}]}]}, "Triggers": [], "Planner Runtime": 3, "Total Runtime": 20193.168, "Unique SQL Id": 2208782157}}, "(16, 106)": {"explain_plan": {"Plan": {"Node Type": "Sort", "Startup Cost": 2961361.75, "Total Cost": 2961370.97, "Plan Rows": 3688, "Plan Width": 84, "Sort Key": ["n1.n_name", "n2.n_name", "(date_part('year'::text, lineitem.l_shipdate))"], "Plans": [{"Node Type": "Aggregate", "Strategy": "Hashed", "Parent Relationship": "Outer", "Startup Cost": 2961097.16, "Total Cost": 2961143.26, "Plan Rows": 3688, "Plan Width": 84, "Group By Key": ["n1.n_name", "n2.n_name", "date_part('year'::text, lineitem.l_shipdate)"], "Plans": [{"Node Type": "Hash Join", "Parent Relationship": "Outer", "Join Type": "Inner", "Startup Cost": 557677.13, "Total Cost": 2961041.84, "Plan Rows": 3688, "Plan Width": 76, "Inner Unique": true, "Hash Cond": "((lineitem.l_suppkey = supplier.s_suppkey) AND (n1.n_nationkey = supplier.s_nationkey))", "Plans": [{"Node Type": "Hash Join", "Parent Relationship": "Outer", "Join Type": "Inner", "Startup Cost": 552894.13, "Total Cost": 2950674.86, "Plan Rows": 740786, "Plan Width": 88, "Inner Unique": false, "Hash Cond": "(lineitem.l_orderkey = orders.o_orderkey), (LLVM Optimized)", "Plans": [{"Node Type": "Seq Scan", "Parent Relationship": "Outer", "Relation Name": "lineitem", "Alias": "lineitem", "Startup Cost": 44.6, "Total Cost": 2315050.5, "Plan Rows": 18124991, "Plan Width": 40, "Filter": "((l_shipdate >= '1995-01-01 00:00:00'::timestamp(0) without time zone) AND (l_shipdate <= '1996-12-31 00:00:00'::timestamp(0) without time zone)), (LLVM Optimized)"}, {"Node Type": "Hash", "Parent Relationship": "Inner", "Startup Cost": 546537.38, "Total Cost": 546537.38, "Plan Rows": 504972, "Plan Width": 64, "Plans": [{"Node Type": "Hash Join", "Parent Relationship": "Outer", "Join Type": "Inner", "Startup Cost": 58825.83, "Total Cost": 546537.38, "Plan Rows": 504972, "Plan Width": 64, "Inner Unique": false, "Hash Cond": "(orders.o_custkey = customer.c_custkey), (LLVM Optimized)", "Plans": [{"Node Type": "Seq Scan", "Parent Relationship": "Outer", "Relation Name": "orders", "Alias": "orders", "Startup Cost": 0.0, "Total Cost": 426413.79, "Plan Rows": 14999479, "Plan Width": 16}, {"Node Type": "Hash", "Parent Relationship": "Inner", "Startup Cost": 57327.03, "Total Cost": 57327.03, "Plan Rows": 119904, "Plan Width": 64, "Plans": [{"Node Type": "Hash Join", "Parent Relationship": "Outer", "Join Type": "Inner", "Startup Cost": 16.65, "Total Cost": 57327.03, "Plan Rows": 119904, "Plan Width": 64, "Inner Unique": false, "Hash Cond": "(customer.c_nationkey = n2.n_nationkey), (LLVM Optimized)", "Plans": [{"Node Type": "Seq Scan", "Parent Relationship": "Outer", "Relation Name": "customer", "Alias": "customer", "Startup Cost": 0.0, "Total Cost": 52126.0, "Plan Rows": 1500000, "Plan Width": 12}, {"Node Type": "Hash", "Parent Relationship": "Inner", "Startup Cost": 16.62, "Total Cost": 16.62, "Plan Rows": 2, "Plan Width": 60, "Plans": [{"Node Type": "Nested Loop", "Parent Relationship": "Outer", "Join Type": "Inner", "Startup Cost": 0.0, "Total Cost": 16.62, "Plan Rows": 2, "Plan Width": 60, "Inner Unique": false, "Join Filter": "(((n1.n_name = 'JAPAN'::bpchar) AND (n2.n_name = 'INDIA'::bpchar)) OR ((n1.n_name = 'INDIA'::bpchar) AND (n2.n_name = 'JAPAN'::bpchar)))", "Plans": [{"Node Type": "Seq Scan", "Parent Relationship": "Outer", "Relation Name": "nation", "Alias": "n1", "Startup Cost": 0.0, "Total Cost": 1.25, "Plan Rows": 25, "Plan Width": 30, "Filter": "((n_name = 'JAPAN'::bpchar) OR (n_name = 'INDIA'::bpchar))"}, {"Node Type": "Materialize", "Parent Relationship": "Inner", "Startup Cost": 0.0, "Total Cost": 1.38, "Plan Rows": 25, "Plan Width": 30, "Plans": [{"Node Type": "Seq Scan", "Parent Relationship": "Outer", "Relation Name": "nation", "Alias": "n2", "Startup Cost": 0.0, "Total Cost": 1.25, "Plan Rows": 25, "Plan Width": 30, "Filter": "((n_name = 'INDIA'::bpchar) OR (n_name = 'JAPAN'::bpchar))"}]}]}]}]}]}]}]}]}, {"Node Type": "Hash", "Parent Relationship": "Inner", "Startup Cost": 3283.0, "Total Cost": 3283.0, "Plan Rows": 100000, "Plan Width": 12, "Plans": [{"Node Type": "Seq Scan", "Parent Relationship": "Outer", "Relation Name": "supplier", "Alias": "supplier", "Startup Cost": 0.0, "Total Cost": 3283.0, "Plan Rows": 100000, "Plan Width": 12}]}]}]}]}, "Unique SQL Id": 2208782157, "Planner Runtime": 3}, "explain_analyze_plan": null}, "(16, 107)": {"explain_plan": {"Plan": {"Node Type": "Sort", "Startup Cost": 6000436694537.37, "Total Cost": 6000436694546.58, "Plan Rows": 3688, "Plan Width": 84, "Sort Key": ["n1.n_name", "n2.n_name", "(date_part('year'::text, lineitem.l_shipdate))"], "Plans": [{"Node Type": "Aggregate", "Strategy": "Hashed", "Parent Relationship": "Outer", "Startup Cost": 6000436694272.78, "Total Cost": 6000436694318.88, "Plan Rows": 3688, "Plan Width": 84, "Group By Key": ["n1.n_name", "n2.n_name", "date_part('year'::text, lineitem.l_shipdate)"], "Plans": [{"Node Type": "Hash Join", "Parent Relationship": "Outer", "Join Type": "Inner", "Startup Cost": 4020081920352.3, "Total Cost": 6000436694217.46, "Plan Rows": 3688, "Plan Width": 76, "Inner Unique": true, "Hash Cond": "((orders.o_custkey = customer.c_custkey) AND (n2.n_nationkey = customer.c_nationkey))", "Plans": [{"Node Type": "Nested Loop", "Parent Relationship": "Outer", "Join Type": "Inner", "Startup Cost": 3020073821316.68, "Total Cost": 5000428594444.18, "Plan Rows": 92207, "Plan Width": 88, "Inner Unique": false, "Join Filter": "(((n1.n_name = 'JAPAN'::bpchar) AND (n2.n_name = 'INDIA'::bpchar)) OR ((n1.n_name = 'INDIA'::bpchar) AND (n2.n_name = 'JAPAN'::bpchar)))", "Plans": [{"Node Type": "Index Scan", "Parent Relationship": "Outer", "Scan Direction": "Forward", "Index Name": "nation_pkey", "Relation Name": "nation", "Alias": "n2", "Startup Cost": 10000000000.0, "Total Cost": 1000000001275.0, "Plan Rows": 25, "Plan Width": 30, "Filter": "((n_name = 'INDIA'::bpchar) OR (n_name = 'JAPAN'::bpchar))"}, {"Node Type": "Materialize", "Parent Relationship": "Inner", "Startup Cost": 3010073821316.68, "Total Cost": 4000427947200.78, "Plan Rows": 1153515, "Plan Width": 58, "Plans": [{"Node Type": "Hash Join", "Parent Relationship": "Outer", "Join Type": "Inner", "Startup Cost": 3010073821316.68, "Total Cost": 4000427941433.21, "Plan Rows": 1153515, "Plan Width": 58, "Inner Unique": true, "Hash Cond": "(supplier.s_nationkey = n1.n_nationkey), (LLVM Optimized)", "Plans": [{"Node Type": "Hash Join", "Parent Relationship": "Outer", "Join Type": "Inner", "Startup Cost": 2010073820041.37, "Total Cost": 3000427924297.06, "Plan Rows": 1153515, "Plan Width": 36, "Inner Unique": true, "Hash Cond": "(lineitem.l_orderkey = orders.o_orderkey), (LLVM Optimized)", "Plans": [{"Node Type": "Hash Join", "Parent Relationship": "Outer", "Join Type": "Inner", "Startup Cost": 1010000534704.38, "Total Cost": 2000354623099.25, "Plan Rows": 1153515, "Plan Width": 36, "Inner Unique": true, "Hash Cond": "(lineitem.l_suppkey = supplier.s_suppkey), (LLVM Optimized)", "Plans": [{"Node Type": "Index Scan", "Parent Relationship": "Outer", "Scan Direction": "Forward", "Index Name": "idx_lineitem_orderkey", "Relation Name": "lineitem", "Alias": "lineitem", "Startup Cost": 10000000000.0, "Total Cost": 1000354008891.0, "Plan Rows": 18124991, "Plan Width": 40, "Filter": "((l_shipdate >= '1995-01-01 00:00:00'::timestamp(0) without time zone) AND (l_shipdate <= '1996-12-31 00:00:00'::timestamp(0) without time zone)), (LLVM Optimized)"}, {"Node Type": "Hash", "Parent Relationship": "Inner", "Startup Cost": 1000000533454.38, "Total Cost": 1000000533454.38, "Plan Rows": 100000, "Plan Width": 12, "Plans": [{"Node Type": "Index Scan", "Parent Relationship": "Outer", "Scan Direction": "Forward", "Index Name": "supplier_pkey", "Relation Name": "supplier", "Alias": "supplier", "Startup Cost": 10000000000.0, "Total Cost": 1000000533454.38, "Plan Rows": 100000, "Plan Width": 12}]}]}, {"Node Type": "Hash", "Parent Relationship": "Inner", "Startup Cost": 1000073097843.5, "Total Cost": 1000073097843.5, "Plan Rows": 14999479, "Plan Width": 16, "Plans": [{"Node Type": "Index Scan", "Parent Relationship": "Outer", "Scan Direction": "Forward", "Index Name": "orders_pkey", "Relation Name": "orders", "Alias": "orders", "Startup Cost": 10000000000.0, "Total Cost": 1000073097843.5, "Plan Rows": 14999479, "Plan Width": 16}]}]}, {"Node Type": "Hash", "Parent Relationship": "Inner", "Startup Cost": 1000000001275.0, "Total Cost": 1000000001275.0, "Plan Rows": 25, "Plan Width": 30, "Plans": [{"Node Type": "Index Scan", "Parent Relationship": "Outer", "Scan Direction": "Forward", "Index Name": "nation_pkey", "Relation Name": "nation", "Alias": "n1", "Startup Cost": 10000000000.0, "Total Cost": 1000000001275.0, "Plan Rows": 25, "Plan Width": 30, "Filter": "((n_name = 'JAPAN'::bpchar) OR (n_name = 'INDIA'::bpchar))"}]}]}]}]}, {"Node Type": "Hash", "Parent Relationship": "Inner", "Startup Cost": 1000008076535.62, "Total Cost": 1000008076535.62, "Plan Rows": 1500000, "Plan Width": 12, "Plans": [{"Node Type": "Index Scan", "Parent Relationship": "Outer", "Scan Direction": "Forward", "Index Name": "customer_pkey", "Relation Name": "customer", "Alias": "customer", "Startup Cost": 10000000000.0, "Total Cost": 1000008076535.62, "Plan Rows": 1500000, "Plan Width": 12}]}]}]}]}, "Unique SQL Id": 2208782157, "Planner Runtime": 5}, "explain_analyze_plan": null}, "(16, 108)": {"explain_plan": {"Plan": {"Node Type": "Sort", "Startup Cost": 655180.01, "Total Cost": 655189.23, "Plan Rows": 3688, "Plan Width": 84, "Sort Key": ["n1.n_name", "n2.n_name", "(date_part('year'::text, lineitem.l_shipdate))"], "Plans": [{"Node Type": "Aggregate", "Strategy": "Hashed", "Parent Relationship": "Outer", "Startup Cost": 654915.42, "Total Cost": 654961.52, "Plan Rows": 3688, "Plan Width": 84, "Group By Key": ["n1.n_name", "n2.n_name", "date_part('year'::text, lineitem.l_shipdate)"], "Plans": [{"Node Type": "Hash Join", "Parent Relationship": "Outer", "Join Type": "Inner", "Startup Cost": 4783.0, "Total Cost": 654860.1, "Plan Rows": 3688, "Plan Width": 76, "Inner Unique": true, "Hash Cond": "((lineitem.l_suppkey = supplier.s_suppkey) AND (n1.n_nationkey = supplier.s_nationkey))", "Plans": [{"Node Type": "Nested Loop", "Parent Relationship": "Outer", "Join Type": "Inner", "Startup Cost": 0.0, "Total Cost": 644493.13, "Plan Rows": 740786, "Plan Width": 88, "Inner Unique": false, "Plans": [{"Node Type": "Nested Loop", "Parent Relationship": "Outer", "Join Type": "Inner", "Startup Cost": 0.0, "Total Cost": 167755.5, "Plan Rows": 504972, "Plan Width": 64, "Inner Unique": false, "Plans": [{"Node Type": "Nested Loop", "Parent Relationship": "Outer", "Join Type": "Inner", "Startup Cost": 0.0, "Total Cost": 16632.98, "Plan Rows": 119904, "Plan Width": 64, "Inner Unique": false, "Plans": [{"Node Type": "Nested Loop", "Parent Relationship": "Outer", "Join Type": "Inner", "Startup Cost": 0.0, "Total Cost": 28.12, "Plan Rows": 2, "Plan Width": 60, "Inner Unique": false, "Join Filter": "(((n1.n_name = 'JAPAN'::bpchar) AND (n2.n_name = 'INDIA'::bpchar)) OR ((n1.n_name = 'INDIA'::bpchar) AND (n2.n_name = 'JAPAN'::bpchar)))", "Plans": [{"Node Type": "Index Scan", "Parent Relationship": "Outer", "Scan Direction": "Forward", "Index Name": "nation_pkey", "Relation Name": "nation", "Alias": "n1", "Startup Cost": 0.0, "Total Cost": 12.75, "Plan Rows": 25, "Plan Width": 30, "Filter": "((n_name = 'JAPAN'::bpchar) OR (n_name = 'INDIA'::bpchar))"}, {"Node Type": "Materialize", "Parent Relationship": "Inner", "Startup Cost": 0.0, "Total Cost": 1.38, "Plan Rows": 25, "Plan Width": 30, "Plans": [{"Node Type": "Seq Scan", "Parent Relationship": "Outer", "Relation Name": "nation", "Alias": "n2", "Startup Cost": 0.0, "Total Cost": 1.25, "Plan Rows": 25, "Plan Width": 30, "Filter": "((n_name = 'INDIA'::bpchar) OR (n_name = 'JAPAN'::bpchar))"}]}]}, {"Node Type": "Index Scan", "Parent Relationship": "Inner", "Scan Direction": "Forward", "Index Name": "idx_customer_nationkey", "Relation Name": "customer", "Alias": "customer", "Startup Cost": 0.0, "Total Cost": 7702.43, "Plan Rows": 60000, "Plan Width": 12, "Index Cond": "(c_nationkey = n2.n_nationkey)"}]}, {"Node Type": "Index Scan", "Parent Relationship": "Inner", "Scan Direction": "Forward", "Index Name": "idx_orders_custkey", "Relation Name": "orders", "Alias": "orders", "Startup Cost": 0.0, "Total Cost": 1.22, "Plan Rows": 4, "Plan Width": 16, "Index Cond": "(o_custkey = customer.c_custkey)"}]}, {"Node Type": "Index Scan", "Parent Relationship": "Inner", "Scan Direction": "Forward", "Index Name": "idx_lineitem_orderkey", "Relation Name": "lineitem", "Alias": "lineitem", "Startup Cost": 0.0, "Total Cost": 0.91, "Plan Rows": 3, "Plan Width": 40, "Index Cond": "(l_orderkey = orders.o_orderkey)", "Filter": "((l_shipdate >= '1995-01-01 00:00:00'::timestamp(0) without time zone) AND (l_shipdate <= '1996-12-31 00:00:00'::timestamp(0) without time zone))"}]}, {"Node Type": "Hash", "Parent Relationship": "Inner", "Startup Cost": 3283.0, "Total Cost": 3283.0, "Plan Rows": 100000, "Plan Width": 12, "Plans": [{"Node Type": "Seq Scan", "Parent Relationship": "Outer", "Relation Name": "supplier", "Alias": "supplier", "Startup Cost": 0.0, "Total Cost": 3283.0, "Plan Rows": 100000, "Plan Width": 12}]}]}]}]}, "Unique SQL Id": 2208782157, "Planner Runtime": 3}, "explain_analyze_plan": {"Plan": {"Node Type": "Sort", "Startup Cost": 655180.01, "Total Cost": 655189.23, "Plan Rows": 3688, "Plan Width": 84, "Actual Startup Time": 20101.862, "Actual Total Time": 20101.863, "Actual Rows": 4, "Actual Loops": 1, "Sort Key": ["n1.n_name", "n2.n_name", "(date_part('year'::text, lineitem.l_shipdate))"], "Sort Method": "quicksort", "Sort Space Used": 25, "Sort Space Type": "Memory", "Plans": [{"Node Type": "Aggregate", "Strategy": "Hashed", "Parent Relationship": "Outer", "Startup Cost": 654915.42, "Total Cost": 654961.52, "Plan Rows": 3688, "Plan Width": 84, "Actual Startup Time": 20101.806, "Actual Total Time": 20101.811, "Actual Rows": 4, "Actual Loops": 1, "Group By Key": ["n1.n_name", "n2.n_name", "date_part('year'::text, lineitem.l_shipdate)"], "Plans": [{"Node Type": "Hash Join", "Parent Relationship": "Outer", "Join Type": "Inner", "Startup Cost": 4783.0, "Total Cost": 654860.1, "Plan Rows": 3688, "Plan Width": 76, "Actual Startup Time": 66.908, "Actual Total Time": 19998.057, "Actual Rows": 58554, "Actual Loops": 1, "Inner Unique": true, "Hash Cond": "((lineitem.l_suppkey = supplier.s_suppkey) AND (n1.n_nationkey = supplier.s_nationkey))", "Plans": [{"Node Type": "Nested Loop", "Parent Relationship": "Outer", "Join Type": "Inner", "Startup Cost": 0.0, "Total Cost": 644493.13, "Plan Rows": 740786, "Plan Width": 88, "Actual Startup Time": 0.174, "Actual Total Time": 19197.586, "Actual Rows": 1459150, "Actual Loops": 1, "Inner Unique": false, "Plans": [{"Node Type": "Nested Loop", "Parent Relationship": "Outer", "Join Type": "Inner", "Startup Cost": 0.0, "Total Cost": 167755.5, "Plan Rows": 504972, "Plan Width": 64, "Actual Startup Time": 0.116, "Actual Total Time": 3906.95, "Actual Rows": 1200363, "Actual Loops": 1, "Inner Unique": false, "Plans": [{"Node Type": "Nested Loop", "Parent Relationship": "Outer", "Join Type": "Inner", "Startup Cost": 0.0, "Total Cost": 16632.98, "Plan Rows": 119904, "Plan Width": 64, "Actual Startup Time": 0.105, "Actual Total Time": 217.394, "Actual Rows": 119972, "Actual Loops": 1, "Inner Unique": false, "Plans": [{"Node Type": "Nested Loop", "Parent Relationship": "Outer", "Join Type": "Inner", "Startup Cost": 0.0, "Total Cost": 28.12, "Plan Rows": 2, "Plan Width": 60, "Actual Startup Time": 0.071, "Actual Total Time": 0.282, "Actual Rows": 2, "Actual Loops": 1, "Inner Unique": false, "Join Filter": "(((n1.n_name = 'JAPAN'::bpchar) AND (n2.n_name = 'INDIA'::bpchar)) OR ((n1.n_name = 'INDIA'::bpchar) AND (n2.n_name = 'JAPAN'::bpchar)))", "Rows Removed by Join Filter": 2, "Plans": [{"Node Type": "Index Scan", "Parent Relationship": "Outer", "Scan Direction": "Forward", "Index Name": "nation_pkey", "Relation Name": "nation", "Alias": "n1", "Startup Cost": 0.0, "Total Cost": 12.75, "Plan Rows": 25, "Plan Width": 30, "Actual Startup Time": 0.03, "Actual Total Time": 0.075, "Actual Rows": 2, "Actual Loops": 1, "Filter": "((n_name = 'JAPAN'::bpchar) OR (n_name = 'INDIA'::bpchar))", "Rows Removed by Filter": 23}, {"Node Type": "Materialize", "Parent Relationship": "Inner", "Startup Cost": 0.0, "Total Cost": 1.38, "Plan Rows": 25, "Plan Width": 30, "Actual Startup Time": 0.031, "Actual Total Time": 0.128, "Actual Rows": 4, "Actual Loops": 2, "Plans": [{"Node Type": "Seq Scan", "Parent Relationship": "Outer", "Relation Name": "nation", "Alias": "n2", "Startup Cost": 0.0, "Total Cost": 1.25, "Plan Rows": 25, "Plan Width": 30, "Actual Startup Time": 0.02, "Actual Total Time": 0.039, "Actual Rows": 2, "Actual Loops": 1, "Filter": "((n_name = 'INDIA'::bpchar) OR (n_name = 'JAPAN'::bpchar))", "Rows Removed by Filter": 23}]}]}, {"Node Type": "Index Scan", "Parent Relationship": "Inner", "Scan Direction": "Forward", "Index Name": "idx_customer_nationkey", "Relation Name": "customer", "Alias": "customer", "Startup Cost": 0.0, "Total Cost": 7702.43, "Plan Rows": 60000, "Plan Width": 12, "Actual Startup Time": 0.051, "Actual Total Time": 183.595, "Actual Rows": 119972, "Actual Loops": 2, "Index Cond": "(c_nationkey = n2.n_nationkey)", "Rows Removed by Index Recheck": 0}]}, {"Node Type": "Index Scan", "Parent Relationship": "Inner", "Scan Direction": "Forward", "Index Name": "idx_orders_custkey", "Relation Name": "orders", "Alias": "orders", "Startup Cost": 0.0, "Total Cost": 1.22, "Plan Rows": 4, "Plan Width": 16, "Actual Startup Time": 734.9, "Actual Total Time": 3349.479, "Actual Rows": 1200363, "Actual Loops": 119972, "Index Cond": "(o_custkey = customer.c_custkey)", "Rows Removed by Index Recheck": 0}]}, {"Node Type": "Index Scan", "Parent Relationship": "Inner", "Scan Direction": "Forward", "Index Name": "idx_lineitem_orderkey", "Relation Name": "lineitem", "Alias": "lineitem", "Startup Cost": 0.0, "Total Cost": 0.91, "Plan Rows": 3, "Plan Width": 40, "Actual Startup Time": 13114.435, "Actual Total Time": 14307.284, "Actual Rows": 1459150, "Actual Loops": 1200363, "Index Cond": "(l_orderkey = orders.o_orderkey)", "Rows Removed by Index Recheck": 0, "Filter": "((l_shipdate >= '1995-01-01 00:00:00'::timestamp(0) without time zone) AND (l_shipdate <= '1996-12-31 00:00:00'::timestamp(0) without time zone))", "Rows Removed by Filter": 3342563}]}, {"Node Type": "Hash", "Parent Relationship": "Inner", "Startup Cost": 3283.0, "Total Cost": 3283.0, "Plan Rows": 100000, "Plan Width": 12, "Actual Startup Time": 66.467, "Actual Total Time": 66.467, "Actual Rows": 100000, "Actual Loops": 1, "Hash Buckets": 131072, "Hash Batches": 1, "Original Hash Batches": 1, "Peak Memory Usage": 4297, "Plans": [{"Node Type": "Seq Scan", "Parent Relationship": "Outer", "Relation Name": "supplier", "Alias": "supplier", "Startup Cost": 0.0, "Total Cost": 3283.0, "Plan Rows": 100000, "Plan Width": 12, "Actual Startup Time": 0.017, "Actual Total Time": 35.896, "Actual Rows": 100000, "Actual Loops": 1}]}]}]}]}, "Triggers": [], "Planner Runtime": 3, "Total Runtime": 20102.099, "Unique SQL Id": 2208782157}}, "(16, 109)": {"explain_plan": {"Plan": {"Node Type": "Sort", "Startup Cost": 657243.06, "Total Cost": 657252.28, "Plan Rows": 3688, "Plan Width": 84, "Sort Key": ["n1.n_name", "n2.n_name", "(date_part('year'::text, lineitem.l_shipdate))"], "Plans": [{"Node Type": "Aggregate", "Strategy": "Hashed", "Parent Relationship": "Outer", "Startup Cost": 656978.47, "Total Cost": 657024.57, "Plan Rows": 3688, "Plan Width": 84, "Group By Key": ["n1.n_name", "n2.n_name", "date_part('year'::text, lineitem.l_shipdate)"], "Plans": [{"Node Type": "Hash Join", "Parent Relationship": "Outer", "Join Type": "Inner", "Startup Cost": 6834.54, "Total Cost": 656923.15, "Plan Rows": 3688, "Plan Width": 76, "Inner Unique": true, "Hash Cond": "((lineitem.l_suppkey = supplier.s_suppkey) AND (n1.n_nationkey = supplier.s_nationkey))", "Plans": [{"Node Type": "Nested Loop", "Parent Relationship": "Outer", "Join Type": "Inner", "Startup Cost": 0.0, "Total Cost": 644504.63, "Plan Rows": 740786, "Plan Width": 88, "Inner Unique": false, "Plans": [{"Node Type": "Nested Loop", "Parent Relationship": "Outer", "Join Type": "Inner", "Startup Cost": 0.0, "Total Cost": 167767.0, "Plan Rows": 504972, "Plan Width": 64, "Inner Unique": false, "Plans": [{"Node Type": "Nested Loop", "Parent Relationship": "Outer", "Join Type": "Inner", "Startup Cost": 0.0, "Total Cost": 16644.48, "Plan Rows": 119904, "Plan Width": 64, "Inner Unique": false, "Plans": [{"Node Type": "Nested Loop", "Parent Relationship": "Outer", "Join Type": "Inner", "Startup Cost": 0.0, "Total Cost": 39.62, "Plan Rows": 2, "Plan Width": 60, "Inner Unique": false, "Join Filter": "(((n1.n_name = 'JAPAN'::bpchar) AND (n2.n_name = 'INDIA'::bpchar)) OR ((n1.n_name = 'INDIA'::bpchar) AND (n2.n_name = 'JAPAN'::bpchar)))", "Plans": [{"Node Type": "Index Scan", "Parent Relationship": "Outer", "Scan Direction": "Forward", "Index Name": "nation_pkey", "Relation Name": "nation", "Alias": "n1", "Startup Cost": 0.0, "Total Cost": 12.75, "Plan Rows": 25, "Plan Width": 30, "Filter": "((n_name = 'JAPAN'::bpchar) OR (n_name = 'INDIA'::bpchar))"}, {"Node Type": "Materialize", "Parent Relationship": "Inner", "Startup Cost": 0.0, "Total Cost": 12.88, "Plan Rows": 25, "Plan Width": 30, "Plans": [{"Node Type": "Index Scan", "Parent Relationship": "Outer", "Scan Direction": "Forward", "Index Name": "nation_pkey", "Relation Name": "nation", "Alias": "n2", "Startup Cost": 0.0, "Total Cost": 12.75, "Plan Rows": 25, "Plan Width": 30, "Filter": "((n_name = 'INDIA'::bpchar) OR (n_name = 'JAPAN'::bpchar))"}]}]}, {"Node Type": "Index Scan", "Parent Relationship": "Inner", "Scan Direction": "Forward", "Index Name": "idx_customer_nationkey", "Relation Name": "customer", "Alias": "customer", "Startup Cost": 0.0, "Total Cost": 7702.43, "Plan Rows": 60000, "Plan Width": 12, "Index Cond": "(c_nationkey = n2.n_nationkey)"}]}, {"Node Type": "Index Scan", "Parent Relationship": "Inner", "Scan Direction": "Forward", "Index Name": "idx_orders_custkey", "Relation Name": "orders", "Alias": "orders", "Startup Cost": 0.0, "Total Cost": 1.22, "Plan Rows": 4, "Plan Width": 16, "Index Cond": "(o_custkey = customer.c_custkey)"}]}, {"Node Type": "Index Scan", "Parent Relationship": "Inner", "Scan Direction": "Forward", "Index Name": "idx_lineitem_orderkey", "Relation Name": "lineitem", "Alias": "lineitem", "Startup Cost": 0.0, "Total Cost": 0.91, "Plan Rows": 3, "Plan Width": 40, "Index Cond": "(l_orderkey = orders.o_orderkey)", "Filter": "((l_shipdate >= '1995-01-01 00:00:00'::timestamp(0) without time zone) AND (l_shipdate <= '1996-12-31 00:00:00'::timestamp(0) without time zone))"}]}, {"Node Type": "Hash", "Parent Relationship": "Inner", "Startup Cost": 5334.54, "Total Cost": 5334.54, "Plan Rows": 100000, "Plan Width": 12, "Plans": [{"Node Type": "Index Scan", "Parent Relationship": "Outer", "Scan Direction": "Forward", "Index Name": "supplier_pkey", "Relation Name": "supplier", "Alias": "supplier", "Startup Cost": 0.0, "Total Cost": 5334.54, "Plan Rows": 100000, "Plan Width": 12}]}]}]}]}, "Unique SQL Id": 2208782157, "Planner Runtime": 3}, "explain_analyze_plan": {"Plan": {"Node Type": "Sort", "Startup Cost": 657243.06, "Total Cost": 657252.28, "Plan Rows": 3688, "Plan Width": 84, "Actual Startup Time": 20192.933, "Actual Total Time": 20192.934, "Actual Rows": 4, "Actual Loops": 1, "Sort Key": ["n1.n_name", "n2.n_name", "(date_part('year'::text, lineitem.l_shipdate))"], "Sort Method": "quicksort", "Sort Space Used": 25, "Sort Space Type": "Memory", "Plans": [{"Node Type": "Aggregate", "Strategy": "Hashed", "Parent Relationship": "Outer", "Startup Cost": 656978.47, "Total Cost": 657024.57, "Plan Rows": 3688, "Plan Width": 84, "Actual Startup Time": 20192.889, "Actual Total Time": 20192.895, "Actual Rows": 4, "Actual Loops": 1, "Group By Key": ["n1.n_name", "n2.n_name", "date_part('year'::text, lineitem.l_shipdate)"], "Plans": [{"Node Type": "Hash Join", "Parent Relationship": "Outer", "Join Type": "Inner", "Startup Cost": 6834.54, "Total Cost": 656923.15, "Plan Rows": 3688, "Plan Width": 76, "Actual Startup Time": 98.367, "Actual Total Time": 20087.363, "Actual Rows": 58554, "Actual Loops": 1, "Inner Unique": true, "Hash Cond": "((lineitem.l_suppkey = supplier.s_suppkey) AND (n1.n_nationkey = supplier.s_nationkey))", "Plans": [{"Node Type": "Nested Loop", "Parent Relationship": "Outer", "Join Type": "Inner", "Startup Cost": 0.0, "Total Cost": 644504.63, "Plan Rows": 740786, "Plan Width": 88, "Actual Startup Time": 0.151, "Actual Total Time": 19230.01, "Actual Rows": 1459150, "Actual Loops": 1, "Inner Unique": false, "Plans": [{"Node Type": "Nested Loop", "Parent Relationship": "Outer", "Join Type": "Inner", "Startup Cost": 0.0, "Total Cost": 167767.0, "Plan Rows": 504972, "Plan Width": 64, "Actual Startup Time": 0.093, "Actual Total Time": 4021.421, "Actual Rows": 1200363, "Actual Loops": 1, "Inner Unique": false, "Plans": [{"Node Type": "Nested Loop", "Parent Relationship": "Outer", "Join Type": "Inner", "Startup Cost": 0.0, "Total Cost": 16644.48, "Plan Rows": 119904, "Plan Width": 64, "Actual Startup Time": 0.081, "Actual Total Time": 223.075, "Actual Rows": 119972, "Actual Loops": 1, "Inner Unique": false, "Plans": [{"Node Type": "Nested Loop", "Parent Relationship": "Outer", "Join Type": "Inner", "Startup Cost": 0.0, "Total Cost": 39.62, "Plan Rows": 2, "Plan Width": 60, "Actual Startup Time": 0.05, "Actual Total Time": 0.214, "Actual Rows": 2, "Actual Loops": 1, "Inner Unique": false, "Join Filter": "(((n1.n_name = 'JAPAN'::bpchar) AND (n2.n_name = 'INDIA'::bpchar)) OR ((n1.n_name = 'INDIA'::bpchar) AND (n2.n_name = 'JAPAN'::bpchar)))", "Rows Removed by Join Filter": 2, "Plans": [{"Node Type": "Index Scan", "Parent Relationship": "Outer", "Scan Direction": "Forward", "Index Name": "nation_pkey", "Relation Name": "nation", "Alias": "n1", "Startup Cost": 0.0, "Total Cost": 12.75, "Plan Rows": 25, "Plan Width": 30, "Actual Startup Time": 0.027, "Actual Total Time": 0.059, "Actual Rows": 2, "Actual Loops": 1, "Filter": "((n_name = 'JAPAN'::bpchar) OR (n_name = 'INDIA'::bpchar))", "Rows Removed by Filter": 23}, {"Node Type": "Materialize", "Parent Relationship": "Inner", "Startup Cost": 0.0, "Total Cost": 12.88, "Plan Rows": 25, "Plan Width": 30, "Actual Startup Time": 0.015, "Actual Total Time": 0.053, "Actual Rows": 4, "Actual Loops": 2, "Plans": [{"Node Type": "Index Scan", "Parent Relationship": "Outer", "Scan Direction": "Forward", "Index Name": "nation_pkey", "Relation Name": "nation", "Alias": "n2", "Startup Cost": 0.0, "Total Cost": 12.75, "Plan Rows": 25, "Plan Width": 30, "Actual Startup Time": 0.01, "Actual Total Time": 0.042, "Actual Rows": 2, "Actual Loops": 1, "Filter": "((n_name = 'INDIA'::bpchar) OR (n_name = 'JAPAN'::bpchar))", "Rows Removed by Filter": 23}]}]}, {"Node Type": "Index Scan", "Parent Relationship": "Inner", "Scan Direction": "Forward", "Index Name": "idx_customer_nationkey", "Relation Name": "customer", "Alias": "customer", "Startup Cost": 0.0, "Total Cost": 7702.43, "Plan Rows": 60000, "Plan Width": 12, "Actual Startup Time": 0.052, "Actual Total Time": 187.081, "Actual Rows": 119972, "Actual Loops": 2, "Index Cond": "(c_nationkey = n2.n_nationkey)", "Rows Removed by Index Recheck": 0}]}, {"Node Type": "Index Scan", "Parent Relationship": "Inner", "Scan Direction": "Forward", "Index Name": "idx_orders_custkey", "Relation Name": "orders", "Alias": "orders", "Startup Cost": 0.0, "Total Cost": 1.22, "Plan Rows": 4, "Plan Width": 16, "Actual Startup Time": 742.261, "Actual Total Time": 3448.447, "Actual Rows": 1200363, "Actual Loops": 119972, "Index Cond": "(o_custkey = customer.c_custkey)", "Rows Removed by Index Recheck": 0}]}, {"Node Type": "Index Scan", "Parent Relationship": "Inner", "Scan Direction": "Forward", "Index Name": "idx_lineitem_orderkey", "Relation Name": "lineitem", "Alias": "lineitem", "Startup Cost": 0.0, "Total Cost": 0.91, "Plan Rows": 3, "Plan Width": 40, "Actual Startup Time": 13059.952, "Actual Total Time": 14241.321, "Actual Rows": 1459150, "Actual Loops": 1200363, "Index Cond": "(l_orderkey = orders.o_orderkey)", "Rows Removed by Index Recheck": 0, "Filter": "((l_shipdate >= '1995-01-01 00:00:00'::timestamp(0) without time zone) AND (l_shipdate <= '1996-12-31 00:00:00'::timestamp(0) without time zone))", "Rows Removed by Filter": 3342563}]}, {"Node Type": "Hash", "Parent Relationship": "Inner", "Startup Cost": 5334.54, "Total Cost": 5334.54, "Plan Rows": 100000, "Plan Width": 12, "Actual Startup Time": 97.954, "Actual Total Time": 97.954, "Actual Rows": 100000, "Actual Loops": 1, "Hash Buckets": 131072, "Hash Batches": 1, "Original Hash Batches": 1, "Peak Memory Usage": 4297, "Plans": [{"Node Type": "Index Scan", "Parent Relationship": "Outer", "Scan Direction": "Forward", "Index Name": "supplier_pkey", "Relation Name": "supplier", "Alias": "supplier", "Startup Cost": 0.0, "Total Cost": 5334.54, "Plan Rows": 100000, "Plan Width": 12, "Actual Startup Time": 0.02, "Actual Total Time": 65.869, "Actual Rows": 100000, "Actual Loops": 1}]}]}]}]}, "Triggers": [], "Planner Runtime": 3, "Total Runtime": 20193.168, "Unique SQL Id": 2208782157}}, "(16, 110)": {"explain_plan": {"Plan": {"Node Type": "Sort", "Startup Cost": 2961361.75, "Total Cost": 2961370.97, "Plan Rows": 3688, "Plan Width": 84, "Sort Key": ["n1.n_name", "n2.n_name", "(date_part('year'::text, lineitem.l_shipdate))"], "Plans": [{"Node Type": "Aggregate", "Strategy": "Hashed", "Parent Relationship": "Outer", "Startup Cost": 2961097.16, "Total Cost": 2961143.26, "Plan Rows": 3688, "Plan Width": 84, "Group By Key": ["n1.n_name", "n2.n_name", "date_part('year'::text, lineitem.l_shipdate)"], "Plans": [{"Node Type": "Hash Join", "Parent Relationship": "Outer", "Join Type": "Inner", "Startup Cost": 557677.13, "Total Cost": 2961041.84, "Plan Rows": 3688, "Plan Width": 76, "Inner Unique": true, "Hash Cond": "((lineitem.l_suppkey = supplier.s_suppkey) AND (n1.n_nationkey = supplier.s_nationkey))", "Plans": [{"Node Type": "Hash Join", "Parent Relationship": "Outer", "Join Type": "Inner", "Startup Cost": 552894.13, "Total Cost": 2950674.86, "Plan Rows": 740786, "Plan Width": 88, "Inner Unique": false, "Hash Cond": "(lineitem.l_orderkey = orders.o_orderkey), (LLVM Optimized)", "Plans": [{"Node Type": "Seq Scan", "Parent Relationship": "Outer", "Relation Name": "lineitem", "Alias": "lineitem", "Startup Cost": 44.6, "Total Cost": 2315050.5, "Plan Rows": 18124991, "Plan Width": 40, "Filter": "((l_shipdate >= '1995-01-01 00:00:00'::timestamp(0) without time zone) AND (l_shipdate <= '1996-12-31 00:00:00'::timestamp(0) without time zone)), (LLVM Optimized)"}, {"Node Type": "Hash", "Parent Relationship": "Inner", "Startup Cost": 546537.38, "Total Cost": 546537.38, "Plan Rows": 504972, "Plan Width": 64, "Plans": [{"Node Type": "Hash Join", "Parent Relationship": "Outer", "Join Type": "Inner", "Startup Cost": 58825.83, "Total Cost": 546537.38, "Plan Rows": 504972, "Plan Width": 64, "Inner Unique": false, "Hash Cond": "(orders.o_custkey = customer.c_custkey), (LLVM Optimized)", "Plans": [{"Node Type": "Seq Scan", "Parent Relationship": "Outer", "Relation Name": "orders", "Alias": "orders", "Startup Cost": 0.0, "Total Cost": 426413.79, "Plan Rows": 14999479, "Plan Width": 16}, {"Node Type": "Hash", "Parent Relationship": "Inner", "Startup Cost": 57327.03, "Total Cost": 57327.03, "Plan Rows": 119904, "Plan Width": 64, "Plans": [{"Node Type": "Hash Join", "Parent Relationship": "Outer", "Join Type": "Inner", "Startup Cost": 16.65, "Total Cost": 57327.03, "Plan Rows": 119904, "Plan Width": 64, "Inner Unique": false, "Hash Cond": "(customer.c_nationkey = n2.n_nationkey), (LLVM Optimized)", "Plans": [{"Node Type": "Seq Scan", "Parent Relationship": "Outer", "Relation Name": "customer", "Alias": "customer", "Startup Cost": 0.0, "Total Cost": 52126.0, "Plan Rows": 1500000, "Plan Width": 12}, {"Node Type": "Hash", "Parent Relationship": "Inner", "Startup Cost": 16.62, "Total Cost": 16.62, "Plan Rows": 2, "Plan Width": 60, "Plans": [{"Node Type": "Nested Loop", "Parent Relationship": "Outer", "Join Type": "Inner", "Startup Cost": 0.0, "Total Cost": 16.62, "Plan Rows": 2, "Plan Width": 60, "Inner Unique": false, "Join Filter": "(((n1.n_name = 'JAPAN'::bpchar) AND (n2.n_name = 'INDIA'::bpchar)) OR ((n1.n_name = 'INDIA'::bpchar) AND (n2.n_name = 'JAPAN'::bpchar)))", "Plans": [{"Node Type": "Seq Scan", "Parent Relationship": "Outer", "Relation Name": "nation", "Alias": "n1", "Startup Cost": 0.0, "Total Cost": 1.25, "Plan Rows": 25, "Plan Width": 30, "Filter": "((n_name = 'JAPAN'::bpchar) OR (n_name = 'INDIA'::bpchar))"}, {"Node Type": "Materialize", "Parent Relationship": "Inner", "Startup Cost": 0.0, "Total Cost": 1.38, "Plan Rows": 25, "Plan Width": 30, "Plans": [{"Node Type": "Seq Scan", "Parent Relationship": "Outer", "Relation Name": "nation", "Alias": "n2", "Startup Cost": 0.0, "Total Cost": 1.25, "Plan Rows": 25, "Plan Width": 30, "Filter": "((n_name = 'INDIA'::bpchar) OR (n_name = 'JAPAN'::bpchar))"}]}]}]}]}]}]}]}]}, {"Node Type": "Hash", "Parent Relationship": "Inner", "Startup Cost": 3283.0, "Total Cost": 3283.0, "Plan Rows": 100000, "Plan Width": 12, "Plans": [{"Node Type": "Seq Scan", "Parent Relationship": "Outer", "Relation Name": "supplier", "Alias": "supplier", "Startup Cost": 0.0, "Total Cost": 3283.0, "Plan Rows": 100000, "Plan Width": 12}]}]}]}]}, "Unique SQL Id": 2208782157, "Planner Runtime": 3}, "explain_analyze_plan": null}, "(16, 111)": {"explain_plan": {"Plan": {"Node Type": "Sort", "Startup Cost": 6000436694537.37, "Total Cost": 6000436694546.58, "Plan Rows": 3688, "Plan Width": 84, "Sort Key": ["n1.n_name", "n2.n_name", "(date_part('year'::text, lineitem.l_shipdate))"], "Plans": [{"Node Type": "Aggregate", "Strategy": "Hashed", "Parent Relationship": "Outer", "Startup Cost": 6000436694272.78, "Total Cost": 6000436694318.88, "Plan Rows": 3688, "Plan Width": 84, "Group By Key": ["n1.n_name", "n2.n_name", "date_part('year'::text, lineitem.l_shipdate)"], "Plans": [{"Node Type": "Hash Join", "Parent Relationship": "Outer", "Join Type": "Inner", "Startup Cost": 4020081920352.3, "Total Cost": 6000436694217.46, "Plan Rows": 3688, "Plan Width": 76, "Inner Unique": true, "Hash Cond": "((orders.o_custkey = customer.c_custkey) AND (n2.n_nationkey = customer.c_nationkey))", "Plans": [{"Node Type": "Nested Loop", "Parent Relationship": "Outer", "Join Type": "Inner", "Startup Cost": 3020073821316.68, "Total Cost": 5000428594444.18, "Plan Rows": 92207, "Plan Width": 88, "Inner Unique": false, "Join Filter": "(((n1.n_name = 'JAPAN'::bpchar) AND (n2.n_name = 'INDIA'::bpchar)) OR ((n1.n_name = 'INDIA'::bpchar) AND (n2.n_name = 'JAPAN'::bpchar)))", "Plans": [{"Node Type": "Index Scan", "Parent Relationship": "Outer", "Scan Direction": "Forward", "Index Name": "nation_pkey", "Relation Name": "nation", "Alias": "n2", "Startup Cost": 10000000000.0, "Total Cost": 1000000001275.0, "Plan Rows": 25, "Plan Width": 30, "Filter": "((n_name = 'INDIA'::bpchar) OR (n_name = 'JAPAN'::bpchar))"}, {"Node Type": "Materialize", "Parent Relationship": "Inner", "Startup Cost": 3010073821316.68, "Total Cost": 4000427947200.78, "Plan Rows": 1153515, "Plan Width": 58, "Plans": [{"Node Type": "Hash Join", "Parent Relationship": "Outer", "Join Type": "Inner", "Startup Cost": 3010073821316.68, "Total Cost": 4000427941433.21, "Plan Rows": 1153515, "Plan Width": 58, "Inner Unique": true, "Hash Cond": "(supplier.s_nationkey = n1.n_nationkey), (LLVM Optimized)", "Plans": [{"Node Type": "Hash Join", "Parent Relationship": "Outer", "Join Type": "Inner", "Startup Cost": 2010073820041.37, "Total Cost": 3000427924297.06, "Plan Rows": 1153515, "Plan Width": 36, "Inner Unique": true, "Hash Cond": "(lineitem.l_orderkey = orders.o_orderkey), (LLVM Optimized)", "Plans": [{"Node Type": "Hash Join", "Parent Relationship": "Outer", "Join Type": "Inner", "Startup Cost": 1010000534704.38, "Total Cost": 2000354623099.25, "Plan Rows": 1153515, "Plan Width": 36, "Inner Unique": true, "Hash Cond": "(lineitem.l_suppkey = supplier.s_suppkey), (LLVM Optimized)", "Plans": [{"Node Type": "Index Scan", "Parent Relationship": "Outer", "Scan Direction": "Forward", "Index Name": "idx_lineitem_orderkey", "Relation Name": "lineitem", "Alias": "lineitem", "Startup Cost": 10000000000.0, "Total Cost": 1000354008891.0, "Plan Rows": 18124991, "Plan Width": 40, "Filter": "((l_shipdate >= '1995-01-01 00:00:00'::timestamp(0) without time zone) AND (l_shipdate <= '1996-12-31 00:00:00'::timestamp(0) without time zone)), (LLVM Optimized)"}, {"Node Type": "Hash", "Parent Relationship": "Inner", "Startup Cost": 1000000533454.38, "Total Cost": 1000000533454.38, "Plan Rows": 100000, "Plan Width": 12, "Plans": [{"Node Type": "Index Scan", "Parent Relationship": "Outer", "Scan Direction": "Forward", "Index Name": "supplier_pkey", "Relation Name": "supplier", "Alias": "supplier", "Startup Cost": 10000000000.0, "Total Cost": 1000000533454.38, "Plan Rows": 100000, "Plan Width": 12}]}]}, {"Node Type": "Hash", "Parent Relationship": "Inner", "Startup Cost": 1000073097843.5, "Total Cost": 1000073097843.5, "Plan Rows": 14999479, "Plan Width": 16, "Plans": [{"Node Type": "Index Scan", "Parent Relationship": "Outer", "Scan Direction": "Forward", "Index Name": "orders_pkey", "Relation Name": "orders", "Alias": "orders", "Startup Cost": 10000000000.0, "Total Cost": 1000073097843.5, "Plan Rows": 14999479, "Plan Width": 16}]}]}, {"Node Type": "Hash", "Parent Relationship": "Inner", "Startup Cost": 1000000001275.0, "Total Cost": 1000000001275.0, "Plan Rows": 25, "Plan Width": 30, "Plans": [{"Node Type": "Index Scan", "Parent Relationship": "Outer", "Scan Direction": "Forward", "Index Name": "nation_pkey", "Relation Name": "nation", "Alias": "n1", "Startup Cost": 10000000000.0, "Total Cost": 1000000001275.0, "Plan Rows": 25, "Plan Width": 30, "Filter": "((n_name = 'JAPAN'::bpchar) OR (n_name = 'INDIA'::bpchar))"}]}]}]}]}, {"Node Type": "Hash", "Parent Relationship": "Inner", "Startup Cost": 1000008076535.62, "Total Cost": 1000008076535.62, "Plan Rows": 1500000, "Plan Width": 12, "Plans": [{"Node Type": "Index Scan", "Parent Relationship": "Outer", "Scan Direction": "Forward", "Index Name": "customer_pkey", "Relation Name": "customer", "Alias": "customer", "Startup Cost": 10000000000.0, "Total Cost": 1000008076535.62, "Plan Rows": 1500000, "Plan Width": 12}]}]}]}]}, "Unique SQL Id": 2208782157, "Planner Runtime": 5}, "explain_analyze_plan": null}, "(16, 112)": {"explain_plan": {"Plan": {"Node Type": "Sort", "Startup Cost": 852790.92, "Total Cost": 852800.14, "Plan Rows": 3688, "Plan Width": 84, "Sort Key": ["n1.n_name", "n2.n_name", "(date_part('year'::text, lineitem.l_shipdate))"], "Plans": [{"Node Type": "Aggregate", "Strategy": "Hashed", "Parent Relationship": "Outer", "Startup Cost": 852526.33, "Total Cost": 852572.43, "Plan Rows": 3688, "Plan Width": 84, "Group By Key": ["n1.n_name", "n2.n_name", "date_part('year'::text, lineitem.l_shipdate)"], "Plans": [{"Node Type": "Nested Loop", "Parent Relationship": "Outer", "Join Type": "Inner", "Startup Cost": 1030.37, "Total Cost": 852471.01, "Plan Rows": 3688, "Plan Width": 76, "Inner Unique": true, "Join Filter": "(n1.n_nationkey = supplier.s_nationkey)", "Plans": [{"Node Type": "Nested Loop", "Parent Relationship": "Outer", "Join Type": "Inner", "Startup Cost": 1030.37, "Total Cost": 642753.24, "Plan Rows": 740786, "Plan Width": 88, "Inner Unique": false, "Plans": [{"Node Type": "Nested Loop", "Parent Relationship": "Outer", "Join Type": "Inner", "Startup Cost": 1030.37, "Total Cost": 166015.61, "Plan Rows": 504972, "Plan Width": 64, "Inner Unique": false, "Plans": [{"Node Type": "Nested Loop", "Parent Relationship": "Outer", "Join Type": "Inner", "Startup Cost": 1030.37, "Total Cost": 14893.09, "Plan Rows": 119904, "Plan Width": 64, "Inner Unique": false, "Plans": [{"Node Type": "Nested Loop", "Parent Relationship": "Outer", "Join Type": "Inner", "Startup Cost": 0.0, "Total Cost": 28.12, "Plan Rows": 2, "Plan Width": 60, "Inner Unique": false, "Join Filter": "(((n1.n_name = 'JAPAN'::bpchar) AND (n2.n_name = 'INDIA'::bpchar)) OR ((n1.n_name = 'INDIA'::bpchar) AND (n2.n_name = 'JAPAN'::bpchar)))", "Plans": [{"Node Type": "Index Scan", "Parent Relationship": "Outer", "Scan Direction": "Forward", "Index Name": "nation_pkey", "Relation Name": "nation", "Alias": "n1", "Startup Cost": 0.0, "Total Cost": 12.75, "Plan Rows": 25, "Plan Width": 30, "Filter": "((n_name = 'JAPAN'::bpchar) OR (n_name = 'INDIA'::bpchar))"}, {"Node Type": "Materialize", "Parent Relationship": "Inner", "Startup Cost": 0.0, "Total Cost": 1.38, "Plan Rows": 25, "Plan Width": 30, "Plans": [{"Node Type": "Seq Scan", "Parent Relationship": "Outer", "Relation Name": "nation", "Alias": "n2", "Startup Cost": 0.0, "Total Cost": 1.25, "Plan Rows": 25, "Plan Width": 30, "Filter": "((n_name = 'INDIA'::bpchar) OR (n_name = 'JAPAN'::bpchar))"}]}]}, {"Node Type": "Bitmap Heap Scan", "Parent Relationship": "Inner", "Relation Name": "customer", "Alias": "customer", "Startup Cost": 1030.37, "Total Cost": 6832.48, "Plan Rows": 60000, "Plan Width": 12, "Recheck Cond": "(c_nationkey = n2.n_nationkey)", "Plans": [{"Node Type": "Bitmap Index Scan", "Parent Relationship": "Outer", "Index Name": "idx_customer_nationkey", "Startup Cost": 0.0, "Total Cost": 1015.37, "Plan Rows": 60000, "Plan Width": 0, "Index Cond": "(c_nationkey = n2.n_nationkey)"}]}]}, {"Node Type": "Index Scan", "Parent Relationship": "Inner", "Scan Direction": "Forward", "Index Name": "idx_orders_custkey", "Relation Name": "orders", "Alias": "orders", "Startup Cost": 0.0, "Total Cost": 1.22, "Plan Rows": 4, "Plan Width": 16, "Index Cond": "(o_custkey = customer.c_custkey)"}]}, {"Node Type": "Index Scan", "Parent Relationship": "Inner", "Scan Direction": "Forward", "Index Name": "idx_lineitem_orderkey", "Relation Name": "lineitem", "Alias": "lineitem", "Startup Cost": 0.0, "Total Cost": 0.91, "Plan Rows": 3, "Plan Width": 40, "Index Cond": "(l_orderkey = orders.o_orderkey)", "Filter": "((l_shipdate >= '1995-01-01 00:00:00'::timestamp(0) without time zone) AND (l_shipdate <= '1996-12-31 00:00:00'::timestamp(0) without time zone))"}]}, {"Node Type": "Index Scan", "Parent Relationship": "Inner", "Scan Direction": "Forward", "Index Name": "supplier_pkey", "Relation Name": "supplier", "Alias": "supplier", "Startup Cost": 0.0, "Total Cost": 0.27, "Plan Rows": 1, "Plan Width": 12, "Index Cond": "(s_suppkey = lineitem.l_suppkey)"}]}]}]}, "Unique SQL Id": 2208782157, "Planner Runtime": 2}, "explain_analyze_plan": {"Plan": {"Node Type": "Sort", "Startup Cost": 852790.92, "Total Cost": 852800.14, "Plan Rows": 3688, "Plan Width": 84, "Actual Startup Time": 27951.026, "Actual Total Time": 27951.026, "Actual Rows": 4, "Actual Loops": 1, "Sort Key": ["n1.n_name", "n2.n_name", "(date_part('year'::text, lineitem.l_shipdate))"], "Sort Method": "quicksort", "Sort Space Used": 25, "Sort Space Type": "Memory", "Plans": [{"Node Type": "Aggregate", "Strategy": "Hashed", "Parent Relationship": "Outer", "Startup Cost": 852526.33, "Total Cost": 852572.43, "Plan Rows": 3688, "Plan Width": 84, "Actual Startup Time": 27950.95, "Actual Total Time": 27950.959, "Actual Rows": 4, "Actual Loops": 1, "Group By Key": ["n1.n_name", "n2.n_name", "date_part('year'::text, lineitem.l_shipdate)"], "Plans": [{"Node Type": "Nested Loop", "Parent Relationship": "Outer", "Join Type": "Inner", "Startup Cost": 1030.37, "Total Cost": 852471.01, "Plan Rows": 3688, "Plan Width": 76, "Actual Startup Time": 19.295, "Actual Total Time": 27831.01, "Actual Rows": 58554, "Actual Loops": 1, "Inner Unique": true, "Join Filter": "(n1.n_nationkey = supplier.s_nationkey)", "Rows Removed by Join Filter": 1400596, "Plans": [{"Node Type": "Nested Loop", "Parent Relationship": "Outer", "Join Type": "Inner", "Startup Cost": 1030.37, "Total Cost": 642753.24, "Plan Rows": 740786, "Plan Width": 88, "Actual Startup Time": 19.137, "Actual Total Time": 19741.197, "Actual Rows": 1459150, "Actual Loops": 1, "Inner Unique": false, "Plans": [{"Node Type": "Nested Loop", "Parent Relationship": "Outer", "Join Type": "Inner", "Startup Cost": 1030.37, "Total Cost": 166015.61, "Plan Rows": 504972, "Plan Width": 64, "Actual Startup Time": 19.048, "Actual Total Time": 4109.486, "Actual Rows": 1200363, "Actual Loops": 1, "Inner Unique": false, "Plans": [{"Node Type": "Nested Loop", "Parent Relationship": "Outer", "Join Type": "Inner", "Startup Cost": 1030.37, "Total Cost": 14893.09, "Plan Rows": 119904, "Plan Width": 64, "Actual Startup Time": 19.005, "Actual Total Time": 301.596, "Actual Rows": 119972, "Actual Loops": 1, "Inner Unique": false, "Plans": [{"Node Type": "Nested Loop", "Parent Relationship": "Outer", "Join Type": "Inner", "Startup Cost": 0.0, "Total Cost": 28.12, "Plan Rows": 2, "Plan Width": 60, "Actual Startup Time": 0.078, "Actual Total Time": 0.301, "Actual Rows": 2, "Actual Loops": 1, "Inner Unique": false, "Join Filter": "(((n1.n_name = 'JAPAN'::bpchar) AND (n2.n_name = 'INDIA'::bpchar)) OR ((n1.n_name = 'INDIA'::bpchar) AND (n2.n_name = 'JAPAN'::bpchar)))", "Rows Removed by Join Filter": 2, "Plans": [{"Node Type": "Index Scan", "Parent Relationship": "Outer", "Scan Direction": "Forward", "Index Name": "nation_pkey", "Relation Name": "nation", "Alias": "n1", "Startup Cost": 0.0, "Total Cost": 12.75, "Plan Rows": 25, "Plan Width": 30, "Actual Startup Time": 0.044, "Actual Total Time": 0.083, "Actual Rows": 2, "Actual Loops": 1, "Filter": "((n_name = 'JAPAN'::bpchar) OR (n_name = 'INDIA'::bpchar))", "Rows Removed by Filter": 23}, {"Node Type": "Materialize", "Parent Relationship": "Inner", "Startup Cost": 0.0, "Total Cost": 1.38, "Plan Rows": 25, "Plan Width": 30, "Actual Startup Time": 0.027, "Actual Total Time": 0.159, "Actual Rows": 4, "Actual Loops": 2, "Plans": [{"Node Type": "Seq Scan", "Parent Relationship": "Outer", "Relation Name": "nation", "Alias": "n2", "Startup Cost": 0.0, "Total Cost": 1.25, "Plan Rows": 25, "Plan Width": 30, "Actual Startup Time": 0.02, "Actual Total Time": 0.146, "Actual Rows": 2, "Actual Loops": 1, "Filter": "((n_name = 'INDIA'::bpchar) OR (n_name = 'JAPAN'::bpchar))", "Rows Removed by Filter": 23}]}]}, {"Node Type": "Bitmap Heap Scan", "Parent Relationship": "Inner", "Relation Name": "customer", "Alias": "customer", "Startup Cost": 1030.37, "Total Cost": 6832.48, "Plan Rows": 60000, "Plan Width": 12, "Actual Startup Time": 36.958, "Actual Total Time": 268.919, "Actual Rows": 119972, "Actual Loops": 2, "Recheck Cond": "(c_nationkey = n2.n_nationkey)", "Rows Removed by Index Recheck": 0, "Exact Heap Blocks": 59938, "Lossy Heap Blocks": 59938, "Plans": [{"Node Type": "Bitmap Index Scan", "Parent Relationship": "Outer", "Index Name": "idx_customer_nationkey", "Startup Cost": 0.0, "Total Cost": 1015.37, "Plan Rows": 60000, "Plan Width": 0, "Actual Startup Time": 23.453, "Actual Total Time": 23.453, "Actual Rows": 119972, "Actual Loops": 2, "Index Cond": "(c_nationkey = n2.n_nationkey)"}]}]}, {"Node Type": "Index Scan", "Parent Relationship": "Inner", "Scan Direction": "Forward", "Index Name": "idx_orders_custkey", "Relation Name": "orders", "Alias": "orders", "Startup Cost": 0.0, "Total Cost": 1.22, "Plan Rows": 4, "Plan Width": 16, "Actual Startup Time": 758.798, "Actual Total Time": 3439.601, "Actual Rows": 1200363, "Actual Loops": 119972, "Index Cond": "(o_custkey = customer.c_custkey)", "Rows Removed by Index Recheck": 0}]}, {"Node Type": "Index Scan", "Parent Relationship": "Inner", "Scan Direction": "Forward", "Index Name": "idx_lineitem_orderkey", "Relation Name": "lineitem", "Alias": "lineitem", "Startup Cost": 0.0, "Total Cost": 0.91, "Plan Rows": 3, "Plan Width": 40, "Actual Startup Time": 13410.666, "Actual Total Time": 14644.329, "Actual Rows": 1459150, "Actual Loops": 1200363, "Index Cond": "(l_orderkey = orders.o_orderkey)", "Rows Removed by Index Recheck": 0, "Filter": "((l_shipdate >= '1995-01-01 00:00:00'::timestamp(0) without time zone) AND (l_shipdate <= '1996-12-31 00:00:00'::timestamp(0) without time zone))", "Rows Removed by Filter": 3342563}]}, {"Node Type": "Index Scan", "Parent Relationship": "Inner", "Scan Direction": "Forward", "Index Name": "supplier_pkey", "Relation Name": "supplier", "Alias": "supplier", "Startup Cost": 0.0, "Total Cost": 0.27, "Plan Rows": 1, "Plan Width": 12, "Actual Startup Time": 6388.383, "Actual Total Time": 6879.154, "Actual Rows": 1459150, "Actual Loops": 1459150, "Index Cond": "(s_suppkey = lineitem.l_suppkey)", "Rows Removed by Index Recheck": 0}]}]}]}, "Triggers": [], "Planner Runtime": 2, "Total Runtime": 27951.398, "Unique SQL Id": 2208782157}}, "(16, 113)": {"explain_plan": {"Plan": {"Node Type": "Sort", "Startup Cost": 852802.42, "Total Cost": 852811.64, "Plan Rows": 3688, "Plan Width": 84, "Sort Key": ["n1.n_name", "n2.n_name", "(date_part('year'::text, lineitem.l_shipdate))"], "Plans": [{"Node Type": "Aggregate", "Strategy": "Hashed", "Parent Relationship": "Outer", "Startup Cost": 852537.83, "Total Cost": 852583.93, "Plan Rows": 3688, "Plan Width": 84, "Group By Key": ["n1.n_name", "n2.n_name", "date_part('year'::text, lineitem.l_shipdate)"], "Plans": [{"Node Type": "Nested Loop", "Parent Relationship": "Outer", "Join Type": "Inner", "Startup Cost": 1030.37, "Total Cost": 852482.51, "Plan Rows": 3688, "Plan Width": 76, "Inner Unique": true, "Join Filter": "(n1.n_nationkey = supplier.s_nationkey)", "Plans": [{"Node Type": "Nested Loop", "Parent Relationship": "Outer", "Join Type": "Inner", "Startup Cost": 1030.37, "Total Cost": 642764.74, "Plan Rows": 740786, "Plan Width": 88, "Inner Unique": false, "Plans": [{"Node Type": "Nested Loop", "Parent Relationship": "Outer", "Join Type": "Inner", "Startup Cost": 1030.37, "Total Cost": 166027.11, "Plan Rows": 504972, "Plan Width": 64, "Inner Unique": false, "Plans": [{"Node Type": "Nested Loop", "Parent Relationship": "Outer", "Join Type": "Inner", "Startup Cost": 1030.37, "Total Cost": 14904.59, "Plan Rows": 119904, "Plan Width": 64, "Inner Unique": false, "Plans": [{"Node Type": "Nested Loop", "Parent Relationship": "Outer", "Join Type": "Inner", "Startup Cost": 0.0, "Total Cost": 39.62, "Plan Rows": 2, "Plan Width": 60, "Inner Unique": false, "Join Filter": "(((n1.n_name = 'JAPAN'::bpchar) AND (n2.n_name = 'INDIA'::bpchar)) OR ((n1.n_name = 'INDIA'::bpchar) AND (n2.n_name = 'JAPAN'::bpchar)))", "Plans": [{"Node Type": "Index Scan", "Parent Relationship": "Outer", "Scan Direction": "Forward", "Index Name": "nation_pkey", "Relation Name": "nation", "Alias": "n1", "Startup Cost": 0.0, "Total Cost": 12.75, "Plan Rows": 25, "Plan Width": 30, "Filter": "((n_name = 'JAPAN'::bpchar) OR (n_name = 'INDIA'::bpchar))"}, {"Node Type": "Materialize", "Parent Relationship": "Inner", "Startup Cost": 0.0, "Total Cost": 12.88, "Plan Rows": 25, "Plan Width": 30, "Plans": [{"Node Type": "Index Scan", "Parent Relationship": "Outer", "Scan Direction": "Forward", "Index Name": "nation_pkey", "Relation Name": "nation", "Alias": "n2", "Startup Cost": 0.0, "Total Cost": 12.75, "Plan Rows": 25, "Plan Width": 30, "Filter": "((n_name = 'INDIA'::bpchar) OR (n_name = 'JAPAN'::bpchar))"}]}]}, {"Node Type": "Bitmap Heap Scan", "Parent Relationship": "Inner", "Relation Name": "customer", "Alias": "customer", "Startup Cost": 1030.37, "Total Cost": 6832.48, "Plan Rows": 60000, "Plan Width": 12, "Recheck Cond": "(c_nationkey = n2.n_nationkey)", "Plans": [{"Node Type": "Bitmap Index Scan", "Parent Relationship": "Outer", "Index Name": "idx_customer_nationkey", "Startup Cost": 0.0, "Total Cost": 1015.37, "Plan Rows": 60000, "Plan Width": 0, "Index Cond": "(c_nationkey = n2.n_nationkey)"}]}]}, {"Node Type": "Index Scan", "Parent Relationship": "Inner", "Scan Direction": "Forward", "Index Name": "idx_orders_custkey", "Relation Name": "orders", "Alias": "orders", "Startup Cost": 0.0, "Total Cost": 1.22, "Plan Rows": 4, "Plan Width": 16, "Index Cond": "(o_custkey = customer.c_custkey)"}]}, {"Node Type": "Index Scan", "Parent Relationship": "Inner", "Scan Direction": "Forward", "Index Name": "idx_lineitem_orderkey", "Relation Name": "lineitem", "Alias": "lineitem", "Startup Cost": 0.0, "Total Cost": 0.91, "Plan Rows": 3, "Plan Width": 40, "Index Cond": "(l_orderkey = orders.o_orderkey)", "Filter": "((l_shipdate >= '1995-01-01 00:00:00'::timestamp(0) without time zone) AND (l_shipdate <= '1996-12-31 00:00:00'::timestamp(0) without time zone))"}]}, {"Node Type": "Index Scan", "Parent Relationship": "Inner", "Scan Direction": "Forward", "Index Name": "supplier_pkey", "Relation Name": "supplier", "Alias": "supplier", "Startup Cost": 0.0, "Total Cost": 0.27, "Plan Rows": 1, "Plan Width": 12, "Index Cond": "(s_suppkey = lineitem.l_suppkey)"}]}]}]}, "Unique SQL Id": 2208782157, "Planner Runtime": 2}, "explain_analyze_plan": {"Plan": {"Node Type": "Sort", "Startup Cost": 852802.42, "Total Cost": 852811.64, "Plan Rows": 3688, "Plan Width": 84, "Actual Startup Time": 28282.261, "Actual Total Time": 28282.261, "Actual Rows": 4, "Actual Loops": 1, "Sort Key": ["n1.n_name", "n2.n_name", "(date_part('year'::text, lineitem.l_shipdate))"], "Sort Method": "quicksort", "Sort Space Used": 25, "Sort Space Type": "Memory", "Plans": [{"Node Type": "Aggregate", "Strategy": "Hashed", "Parent Relationship": "Outer", "Startup Cost": 852537.83, "Total Cost": 852583.93, "Plan Rows": 3688, "Plan Width": 84, "Actual Startup Time": 28282.12, "Actual Total Time": 28282.138, "Actual Rows": 4, "Actual Loops": 1, "Group By Key": ["n1.n_name", "n2.n_name", "date_part('year'::text, lineitem.l_shipdate)"], "Plans": [{"Node Type": "Nested Loop", "Parent Relationship": "Outer", "Join Type": "Inner", "Startup Cost": 1030.37, "Total Cost": 852482.51, "Plan Rows": 3688, "Plan Width": 76, "Actual Startup Time": 21.112, "Actual Total Time": 28163.917, "Actual Rows": 58554, "Actual Loops": 1, "Inner Unique": true, "Join Filter": "(n1.n_nationkey = supplier.s_nationkey)", "Rows Removed by Join Filter": 1400596, "Plans": [{"Node Type": "Nested Loop", "Parent Relationship": "Outer", "Join Type": "Inner", "Startup Cost": 1030.37, "Total Cost": 642764.74, "Plan Rows": 740786, "Plan Width": 88, "Actual Startup Time": 20.965, "Actual Total Time": 19973.658, "Actual Rows": 1459150, "Actual Loops": 1, "Inner Unique": false, "Plans": [{"Node Type": "Nested Loop", "Parent Relationship": "Outer", "Join Type": "Inner", "Startup Cost": 1030.37, "Total Cost": 166027.11, "Plan Rows": 504972, "Plan Width": 64, "Actual Startup Time": 20.904, "Actual Total Time": 4322.35, "Actual Rows": 1200363, "Actual Loops": 1, "Inner Unique": false, "Plans": [{"Node Type": "Nested Loop", "Parent Relationship": "Outer", "Join Type": "Inner", "Startup Cost": 1030.37, "Total Cost": 14904.59, "Plan Rows": 119904, "Plan Width": 64, "Actual Startup Time": 20.886, "Actual Total Time": 302.984, "Actual Rows": 119972, "Actual Loops": 1, "Inner Unique": false, "Plans": [{"Node Type": "Nested Loop", "Parent Relationship": "Outer", "Join Type": "Inner", "Startup Cost": 0.0, "Total Cost": 39.62, "Plan Rows": 2, "Plan Width": 60, "Actual Startup Time": 0.051, "Actual Total Time": 0.161, "Actual Rows": 2, "Actual Loops": 1, "Inner Unique": false, "Join Filter": "(((n1.n_name = 'JAPAN'::bpchar) AND (n2.n_name = 'INDIA'::bpchar)) OR ((n1.n_name = 'INDIA'::bpchar) AND (n2.n_name = 'JAPAN'::bpchar)))", "Rows Removed by Join Filter": 2, "Plans": [{"Node Type": "Index Scan", "Parent Relationship": "Outer", "Scan Direction": "Forward", "Index Name": "nation_pkey", "Relation Name": "nation", "Alias": "n1", "Startup Cost": 0.0, "Total Cost": 12.75, "Plan Rows": 25, "Plan Width": 30, "Actual Startup Time": 0.027, "Actual Total Time": 0.053, "Actual Rows": 2, "Actual Loops": 1, "Filter": "((n_name = 'JAPAN'::bpchar) OR (n_name = 'INDIA'::bpchar))", "Rows Removed by Filter": 23}, {"Node Type": "Materialize", "Parent Relationship": "Inner", "Startup Cost": 0.0, "Total Cost": 12.88, "Plan Rows": 25, "Plan Width": 30, "Actual Startup Time": 0.014, "Actual Total Time": 0.047, "Actual Rows": 4, "Actual Loops": 2, "Plans": [{"Node Type": "Index Scan", "Parent Relationship": "Outer", "Scan Direction": "Forward", "Index Name": "nation_pkey", "Relation Name": "nation", "Alias": "n2", "Startup Cost": 0.0, "Total Cost": 12.75, "Plan Rows": 25, "Plan Width": 30, "Actual Startup Time": 0.011, "Actual Total Time": 0.039, "Actual Rows": 2, "Actual Loops": 1, "Filter": "((n_name = 'INDIA'::bpchar) OR (n_name = 'JAPAN'::bpchar))", "Rows Removed by Filter": 23}]}]}, {"Node Type": "Bitmap Heap Scan", "Parent Relationship": "Inner", "Relation Name": "customer", "Alias": "customer", "Startup Cost": 1030.37, "Total Cost": 6832.48, "Plan Rows": 60000, "Plan Width": 12, "Actual Startup Time": 41.567, "Actual Total Time": 269.462, "Actual Rows": 119972, "Actual Loops": 2, "Recheck Cond": "(c_nationkey = n2.n_nationkey)", "Rows Removed by Index Recheck": 0, "Exact Heap Blocks": 59938, "Lossy Heap Blocks": 59938, "Plans": [{"Node Type": "Bitmap Index Scan", "Parent Relationship": "Outer", "Index Name": "idx_customer_nationkey", "Startup Cost": 0.0, "Total Cost": 1015.37, "Plan Rows": 60000, "Plan Width": 0, "Actual Startup Time": 27.774, "Actual Total Time": 27.774, "Actual Rows": 119972, "Actual Loops": 2, "Index Cond": "(c_nationkey = n2.n_nationkey)"}]}]}, {"Node Type": "Index Scan", "Parent Relationship": "Inner", "Scan Direction": "Forward", "Index Name": "idx_orders_custkey", "Relation Name": "orders", "Alias": "orders", "Startup Cost": 0.0, "Total Cost": 1.22, "Plan Rows": 4, "Plan Width": 16, "Actual Startup Time": 762.772, "Actual Total Time": 3656.64, "Actual Rows": 1200363, "Actual Loops": 119972, "Index Cond": "(o_custkey = customer.c_custkey)", "Rows Removed by Index Recheck": 0}]}, {"Node Type": "Index Scan", "Parent Relationship": "Inner", "Scan Direction": "Forward", "Index Name": "idx_lineitem_orderkey", "Relation Name": "lineitem", "Alias": "lineitem", "Startup Cost": 0.0, "Total Cost": 0.91, "Plan Rows": 3, "Plan Width": 40, "Actual Startup Time": 13443.982, "Actual Total Time": 14658.2, "Actual Rows": 1459150, "Actual Loops": 1200363, "Index Cond": "(l_orderkey = orders.o_orderkey)", "Rows Removed by Index Recheck": 0, "Filter": "((l_shipdate >= '1995-01-01 00:00:00'::timestamp(0) without time zone) AND (l_shipdate <= '1996-12-31 00:00:00'::timestamp(0) without time zone))", "Rows Removed by Filter": 3342563}]}, {"Node Type": "Index Scan", "Parent Relationship": "Inner", "Scan Direction": "Forward", "Index Name": "supplier_pkey", "Relation Name": "supplier", "Alias": "supplier", "Startup Cost": 0.0, "Total Cost": 0.27, "Plan Rows": 1, "Plan Width": 12, "Actual Startup Time": 6504.079, "Actual Total Time": 6990.832, "Actual Rows": 1459150, "Actual Loops": 1459150, "Index Cond": "(s_suppkey = lineitem.l_suppkey)", "Rows Removed by Index Recheck": 0}]}]}]}, "Triggers": [], "Planner Runtime": 2, "Total Runtime": 28282.694, "Unique SQL Id": 2208782157}}, "(16, 114)": {"explain_plan": {"Plan": {"Node Type": "Sort", "Startup Cost": 6036772.32, "Total Cost": 6036781.54, "Plan Rows": 3688, "Plan Width": 84, "Sort Key": ["n1.n_name", "n2.n_name", "(date_part('year'::text, lineitem.l_shipdate))"], "Plans": [{"Node Type": "Aggregate", "Strategy": "Hashed", "Parent Relationship": "Outer", "Startup Cost": 6036507.73, "Total Cost": 6036553.83, "Plan Rows": 3688, "Plan Width": 84, "Group By Key": ["n1.n_name", "n2.n_name", "date_part('year'::text, lineitem.l_shipdate)"], "Plans": [{"Node Type": "Nested Loop", "Parent Relationship": "Outer", "Join Type": "Inner", "Startup Cost": 1031.44, "Total Cost": 6036452.41, "Plan Rows": 3688, "Plan Width": 76, "Inner Unique": true, "Join Filter": "(n1.n_nationkey = supplier.s_nationkey)", "Plans": [{"Node Type": "Nested Loop", "Parent Relationship": "Outer", "Join Type": "Inner", "Startup Cost": 1031.18, "Total Cost": 2863778.68, "Plan Rows": 740786, "Plan Width": 88, "Inner Unique": false, "Plans": [{"Node Type": "Nested Loop", "Parent Relationship": "Outer", "Join Type": "Inner", "Startup Cost": 1030.8, "Total Cost": 557356.7, "Plan Rows": 504972, "Plan Width": 64, "Inner Unique": false, "Plans": [{"Node Type": "Nested Loop", "Parent Relationship": "Outer", "Join Type": "Inner", "Startup Cost": 1030.37, "Total Cost": 14881.59, "Plan Rows": 119904, "Plan Width": 64, "Inner Unique": false, "Plans": [{"Node Type": "Nested Loop", "Parent Relationship": "Outer", "Join Type": "Inner", "Startup Cost": 0.0, "Total Cost": 16.62, "Plan Rows": 2, "Plan Width": 60, "Inner Unique": false, "Join Filter": "(((n1.n_name = 'JAPAN'::bpchar) AND (n2.n_name = 'INDIA'::bpchar)) OR ((n1.n_name = 'INDIA'::bpchar) AND (n2.n_name = 'JAPAN'::bpchar)))", "Plans": [{"Node Type": "Seq Scan", "Parent Relationship": "Outer", "Relation Name": "nation", "Alias": "n1", "Startup Cost": 0.0, "Total Cost": 1.25, "Plan Rows": 25, "Plan Width": 30, "Filter": "((n_name = 'JAPAN'::bpchar) OR (n_name = 'INDIA'::bpchar))"}, {"Node Type": "Materialize", "Parent Relationship": "Inner", "Startup Cost": 0.0, "Total Cost": 1.38, "Plan Rows": 25, "Plan Width": 30, "Plans": [{"Node Type": "Seq Scan", "Parent Relationship": "Outer", "Relation Name": "nation", "Alias": "n2", "Startup Cost": 0.0, "Total Cost": 1.25, "Plan Rows": 25, "Plan Width": 30, "Filter": "((n_name = 'INDIA'::bpchar) OR (n_name = 'JAPAN'::bpchar))"}]}]}, {"Node Type": "Bitmap Heap Scan", "Parent Relationship": "Inner", "Relation Name": "customer", "Alias": "customer", "Startup Cost": 1030.37, "Total Cost": 6832.48, "Plan Rows": 60000, "Plan Width": 12, "Recheck Cond": "(c_nationkey = n2.n_nationkey)", "Plans": [{"Node Type": "Bitmap Index Scan", "Parent Relationship": "Outer", "Index Name": "idx_customer_nationkey", "Startup Cost": 0.0, "Total Cost": 1015.37, "Plan Rows": 60000, "Plan Width": 0, "Index Cond": "(c_nationkey = n2.n_nationkey)"}]}]}, {"Node Type": "Bitmap Heap Scan", "Parent Relationship": "Inner", "Relation Name": "orders", "Alias": "orders", "Startup Cost": 0.43, "Total Cost": 4.48, "Plan Rows": 4, "Plan Width": 16, "Recheck Cond": "(o_custkey = customer.c_custkey)", "Plans": [{"Node Type": "Bitmap Index Scan", "Parent Relationship": "Outer", "Index Name": "idx_orders_custkey", "Startup Cost": 0.0, "Total Cost": 0.43, "Plan Rows": 4, "Plan Width": 0, "Index Cond": "(o_custkey = customer.c_custkey)"}]}]}, {"Node Type": "Bitmap Heap Scan", "Parent Relationship": "Inner", "Relation Name": "lineitem", "Alias": "lineitem", "Startup Cost": 0.38, "Total Cost": 4.54, "Plan Rows": 3, "Plan Width": 40, "Recheck Cond": "(l_orderkey = orders.o_orderkey)", "Filter": "((l_shipdate >= '1995-01-01 00:00:00'::timestamp(0) without time zone) AND (l_shipdate <= '1996-12-31 00:00:00'::timestamp(0) without time zone))", "Plans": [{"Node Type": "Bitmap Index Scan", "Parent Relationship": "Outer", "Index Name": "idx_lineitem_orderkey", "Startup Cost": 0.0, "Total Cost": 0.38, "Plan Rows": 9, "Plan Width": 0, "Index Cond": "(l_orderkey = orders.o_orderkey)"}]}]}, {"Node Type": "Bitmap Heap Scan", "Parent Relationship": "Inner", "Relation Name": "supplier", "Alias": "supplier", "Startup Cost": 0.26, "Total Cost": 4.27, "Plan Rows": 1, "Plan Width": 12, "Recheck Cond": "(s_suppkey = lineitem.l_suppkey)", "Plans": [{"Node Type": "Bitmap Index Scan", "Parent Relationship": "Outer", "Index Name": "supplier_pkey", "Startup Cost": 0.0, "Total Cost": 0.26, "Plan Rows": 1, "Plan Width": 0, "Index Cond": "(s_suppkey = lineitem.l_suppkey)"}]}]}]}]}, "Unique SQL Id": 2208782157, "Planner Runtime": 2}, "explain_analyze_plan": {"Plan": {"Node Type": "Sort", "Startup Cost": 6036772.32, "Total Cost": 6036781.54, "Plan Rows": 3688, "Plan Width": 84, "Actual Startup Time": 33430.019, "Actual Total Time": 33430.02, "Actual Rows": 4, "Actual Loops": 1, "Sort Key": ["n1.n_name", "n2.n_name", "(date_part('year'::text, lineitem.l_shipdate))"], "Sort Method": "quicksort", "Sort Space Used": 25, "Sort Space Type": "Memory", "Plans": [{"Node Type": "Aggregate", "Strategy": "Hashed", "Parent Relationship": "Outer", "Startup Cost": 6036507.73, "Total Cost": 6036553.83, "Plan Rows": 3688, "Plan Width": 84, "Actual Startup Time": 33429.956, "Actual Total Time": 33429.965, "Actual Rows": 4, "Actual Loops": 1, "Group By Key": ["n1.n_name", "n2.n_name", "date_part('year'::text, lineitem.l_shipdate)"], "Plans": [{"Node Type": "Nested Loop", "Parent Relationship": "Outer", "Join Type": "Inner", "Startup Cost": 1031.44, "Total Cost": 6036452.41, "Plan Rows": 3688, "Plan Width": 76, "Actual Startup Time": 23.026, "Actual Total Time": 33289.314, "Actual Rows": 58554, "Actual Loops": 1, "Inner Unique": true, "Join Filter": "(n1.n_nationkey = supplier.s_nationkey)", "Rows Removed by Join Filter": 1400596, "Plans": [{"Node Type": "Nested Loop", "Parent Relationship": "Outer", "Join Type": "Inner", "Startup Cost": 1031.18, "Total Cost": 2863778.68, "Plan Rows": 740786, "Plan Width": 88, "Actual Startup Time": 22.799, "Actual Total Time": 22859.343, "Actual Rows": 1459150, "Actual Loops": 1, "Inner Unique": false, "Plans": [{"Node Type": "Nested Loop", "Parent Relationship": "Outer", "Join Type": "Inner", "Startup Cost": 1030.8, "Total Cost": 557356.7, "Plan Rows": 504972, "Plan Width": 64, "Actual Startup Time": 22.689, "Actual Total Time": 5307.255, "Actual Rows": 1200363, "Actual Loops": 1, "Inner Unique": false, "Plans": [{"Node Type": "Nested Loop", "Parent Relationship": "Outer", "Join Type": "Inner", "Startup Cost": 1030.37, "Total Cost": 14881.59, "Plan Rows": 119904, "Plan Width": 64, "Actual Startup Time": 22.631, "Actual Total Time": 304.24, "Actual Rows": 119972, "Actual Loops": 1, "Inner Unique": false, "Plans": [{"Node Type": "Nested Loop", "Parent Relationship": "Outer", "Join Type": "Inner", "Startup Cost": 0.0, "Total Cost": 16.62, "Plan Rows": 2, "Plan Width": 60, "Actual Startup Time": 0.06, "Actual Total Time": 0.159, "Actual Rows": 2, "Actual Loops": 1, "Inner Unique": false, "Join Filter": "(((n1.n_name = 'JAPAN'::bpchar) AND (n2.n_name = 'INDIA'::bpchar)) OR ((n1.n_name = 'INDIA'::bpchar) AND (n2.n_name = 'JAPAN'::bpchar)))", "Rows Removed by Join Filter": 2, "Plans": [{"Node Type": "Seq Scan", "Parent Relationship": "Outer", "Relation Name": "nation", "Alias": "n1", "Startup Cost": 0.0, "Total Cost": 1.25, "Plan Rows": 25, "Plan Width": 30, "Actual Startup Time": 0.032, "Actual Total Time": 0.057, "Actual Rows": 2, "Actual Loops": 1, "Filter": "((n_name = 'JAPAN'::bpchar) OR (n_name = 'INDIA'::bpchar))", "Rows Removed by Filter": 23}, {"Node Type": "Materialize", "Parent Relationship": "Inner", "Startup Cost": 0.0, "Total Cost": 1.38, "Plan Rows": 25, "Plan Width": 30, "Actual Startup Time": 0.019, "Actual Total Time": 0.045, "Actual Rows": 4, "Actual Loops": 2, "Plans": [{"Node Type": "Seq Scan", "Parent Relationship": "Outer", "Relation Name": "nation", "Alias": "n2", "Startup Cost": 0.0, "Total Cost": 1.25, "Plan Rows": 25, "Plan Width": 30, "Actual Startup Time": 0.017, "Actual Total Time": 0.04, "Actual Rows": 2, "Actual Loops": 1, "Filter": "((n_name = 'INDIA'::bpchar) OR (n_name = 'JAPAN'::bpchar))", "Rows Removed by Filter": 23}]}]}, {"Node Type": "Bitmap Heap Scan", "Parent Relationship": "Inner", "Relation Name": "customer", "Alias": "customer", "Startup Cost": 1030.37, "Total Cost": 6832.48, "Plan Rows": 60000, "Plan Width": 12, "Actual Startup Time": 43.401, "Actual Total Time": 267.129, "Actual Rows": 119972, "Actual Loops": 2, "Recheck Cond": "(c_nationkey = n2.n_nationkey)", "Rows Removed by Index Recheck": 0, "Exact Heap Blocks": 59938, "Lossy Heap Blocks": 59938, "Plans": [{"Node Type": "Bitmap Index Scan", "Parent Relationship": "Outer", "Index Name": "idx_customer_nationkey", "Startup Cost": 0.0, "Total Cost": 1015.37, "Plan Rows": 60000, "Plan Width": 0, "Actual Startup Time": 29.484, "Actual Total Time": 29.484, "Actual Rows": 119972, "Actual Loops": 2, "Index Cond": "(c_nationkey = n2.n_nationkey)"}]}]}, {"Node Type": "Bitmap Heap Scan", "Parent Relationship": "Inner", "Relation Name": "orders", "Alias": "orders", "Startup Cost": 0.43, "Total Cost": 4.48, "Plan Rows": 4, "Plan Width": 16, "Actual Startup Time": 1225.371, "Actual Total Time": 4543.565, "Actual Rows": 1200363, "Actual Loops": 119972, "Recheck Cond": "(o_custkey = customer.c_custkey)", "Rows Removed by Index Recheck": 0, "Exact Heap Blocks": 1200331, "Lossy Heap Blocks": 1200331, "Plans": [{"Node Type": "Bitmap Index Scan", "Parent Relationship": "Outer", "Index Name": "idx_orders_custkey", "Startup Cost": 0.0, "Total Cost": 0.43, "Plan Rows": 4, "Plan Width": 0, "Actual Startup Time": 744.33, "Actual Total Time": 744.33, "Actual Rows": 1200363, "Actual Loops": 119972, "Index Cond": "(o_custkey = customer.c_custkey)"}]}]}, {"Node Type": "Bitmap Heap Scan", "Parent Relationship": "Inner", "Relation Name": "lineitem", "Alias": "lineitem", "Startup Cost": 0.38, "Total Cost": 4.54, "Plan Rows": 3, "Plan Width": 40, "Actual Startup Time": 15106.381, "Actual Total Time": 15760.273, "Actual Rows": 1459150, "Actual Loops": 1200363, "Recheck Cond": "(l_orderkey = orders.o_orderkey)", "Rows Removed by Index Recheck": 0, "Filter": "((l_shipdate >= '1995-01-01 00:00:00'::timestamp(0) without time zone) AND (l_shipdate <= '1996-12-31 00:00:00'::timestamp(0) without time zone))", "Rows Removed by Filter": 3342563, "Exact Heap Blocks": 1285989, "Lossy Heap Blocks": 1285989, "Plans": [{"Node Type": "Bitmap Index Scan", "Parent Relationship": "Outer", "Index Name": "idx_lineitem_orderkey", "Startup Cost": 0.0, "Total Cost": 0.38, "Plan Rows": 9, "Plan Width": 0, "Actual Startup Time": 8653.732, "Actual Total Time": 8653.732, "Actual Rows": 4801713, "Actual Loops": 1200363, "Index Cond": "(l_orderkey = orders.o_orderkey)"}]}]}, {"Node Type": "Bitmap Heap Scan", "Parent Relationship": "Inner", "Relation Name": "supplier", "Alias": "supplier", "Startup Cost": 0.26, "Total Cost": 4.27, "Plan Rows": 1, "Plan Width": 12, "Actual Startup Time": 7978.191, "Actual Total Time": 8183.261, "Actual Rows": 1459150, "Actual Loops": 1459150, "Recheck Cond": "(s_suppkey = lineitem.l_suppkey)", "Rows Removed by Index Recheck": 0, "Exact Heap Blocks": 1459150, "Lossy Heap Blocks": 1459150, "Plans": [{"Node Type": "Bitmap Index Scan", "Parent Relationship": "Outer", "Index Name": "supplier_pkey", "Startup Cost": 0.0, "Total Cost": 0.26, "Plan Rows": 1, "Plan Width": 0, "Actual Startup Time": 4176.26, "Actual Total Time": 4176.26, "Actual Rows": 1459150, "Actual Loops": 1459150, "Index Cond": "(s_suppkey = lineitem.l_suppkey)"}]}]}]}]}, "Triggers": [], "Planner Runtime": 2, "Total Runtime": 33430.436, "Unique SQL Id": 2208782157}}, "(16, 115)": {"explain_plan": {"Plan": {"Node Type": "Sort", "Startup Cost": 99673674.43, "Total Cost": 99673683.65, "Plan Rows": 3688, "Plan Width": 84, "Sort Key": ["n1.n_name", "n2.n_name", "(date_part('year'::text, lineitem.l_shipdate))"], "Plans": [{"Node Type": "Aggregate", "Strategy": "Hashed", "Parent Relationship": "Outer", "Startup Cost": 99673409.84, "Total Cost": 99673455.94, "Plan Rows": 3688, "Plan Width": 84, "Group By Key": ["n1.n_name", "n2.n_name", "date_part('year'::text, lineitem.l_shipdate)"], "Plans": [{"Node Type": "Nested Loop", "Parent Relationship": "Outer", "Join Type": "Inner", "Startup Cost": 627986.71, "Total Cost": 99673354.52, "Plan Rows": 3688, "Plan Width": 76, "Inner Unique": true, "Join Filter": "(((n1.n_name = 'JAPAN'::bpchar) AND (n2.n_name = 'INDIA'::bpchar)) OR ((n1.n_name = 'INDIA'::bpchar) AND (n2.n_name = 'JAPAN'::bpchar)))", "Plans": [{"Node Type": "Nested Loop", "Parent Relationship": "Outer", "Join Type": "Inner", "Startup Cost": 627986.45, "Total Cost": 94724471.42, "Plan Rows": 1153515, "Plan Width": 54, "Inner Unique": true, "Plans": [{"Node Type": "Nested Loop", "Parent Relationship": "Outer", "Join Type": "Inner", "Startup Cost": 627986.2, "Total Cost": 89787046.56, "Plan Rows": 1153515, "Plan Width": 32, "Inner Unique": true, "Plans": [{"Node Type": "Nested Loop", "Parent Relationship": "Outer", "Join Type": "Inner", "Startup Cost": 627985.94, "Total Cost": 84848088.55, "Plan Rows": 1153515, "Plan Width": 36, "Inner Unique": true, "Plans": [{"Node Type": "Nested Loop", "Parent Relationship": "Outer", "Join Type": "Inner", "Startup Cost": 627985.67, "Total Cost": 79896146.0, "Plan Rows": 1153515, "Plan Width": 36, "Inner Unique": true, "Plans": [{"Node Type": "Bitmap Heap Scan", "Parent Relationship": "Outer", "Relation Name": "lineitem", "Alias": "lineitem", "Startup Cost": 627985.41, "Total Cost": 2315105.27, "Plan Rows": 18124991, "Plan Width": 40, "Recheck Cond": "((l_shipdate >= '1995-01-01 00:00:00'::timestamp(0) without time zone) AND (l_shipdate <= '1996-12-31 00:00:00'::timestamp(0) without time zone)), (LLVM Optimized)", "Plans": [{"Node Type": "Bitmap Index Scan", "Parent Relationship": "Outer", "Index Name": "idx_lineitem_shipdate", "Startup Cost": 0.0, "Total Cost": 623454.16, "Plan Rows": 18124991, "Plan Width": 0, "Index Cond": "((l_shipdate >= '1995-01-01 00:00:00'::timestamp(0) without time zone) AND (l_shipdate <= '1996-12-31 00:00:00'::timestamp(0) without time zone))"}]}, {"Node Type": "Bitmap Heap Scan", "Parent Relationship": "Inner", "Relation Name": "supplier", "Alias": "supplier", "Startup Cost": 0.26, "Total Cost": 4.27, "Plan Rows": 1, "Plan Width": 12, "Recheck Cond": "(s_suppkey = lineitem.l_suppkey)", "Plans": [{"Node Type": "Bitmap Index Scan", "Parent Relationship": "Outer", "Index Name": "supplier_pkey", "Startup Cost": 0.0, "Total Cost": 0.26, "Plan Rows": 1, "Plan Width": 0, "Index Cond": "(s_suppkey = lineitem.l_suppkey)"}]}]}, {"Node Type": "Bitmap Heap Scan", "Parent Relationship": "Inner", "Relation Name": "orders", "Alias": "orders", "Startup Cost": 0.27, "Total Cost": 4.28, "Plan Rows": 1, "Plan Width": 16, "Recheck Cond": "(o_orderkey = lineitem.l_orderkey)", "Plans": [{"Node Type": "Bitmap Index Scan", "Parent Relationship": "Outer", "Index Name": "orders_pkey", "Startup Cost": 0.0, "Total Cost": 0.27, "Plan Rows": 1, "Plan Width": 0, "Index Cond": "(o_orderkey = lineitem.l_orderkey)"}]}]}, {"Node Type": "Bitmap Heap Scan", "Parent Relationship": "Inner", "Relation Name": "customer", "Alias": "customer", "Startup Cost": 0.26, "Total Cost": 4.27, "Plan Rows": 1, "Plan Width": 12, "Recheck Cond": "(c_custkey = orders.o_custkey)", "Plans": [{"Node Type": "Bitmap Index Scan", "Parent Relationship": "Outer", "Index Name": "customer_pkey", "Startup Cost": 0.0, "Total Cost": 0.26, "Plan Rows": 1, "Plan Width": 0, "Index Cond": "(c_custkey = orders.o_custkey)"}]}]}, {"Node Type": "Bitmap Heap Scan", "Parent Relationship": "Inner", "Relation Name": "nation", "Alias": "n1", "Startup Cost": 0.26, "Total Cost": 4.27, "Plan Rows": 1, "Plan Width": 30, "Recheck Cond": "(n_nationkey = supplier.s_nationkey)", "Filter": "((n_name = 'JAPAN'::bpchar) OR (n_name = 'INDIA'::bpchar))", "Plans": [{"Node Type": "Bitmap Index Scan", "Parent Relationship": "Outer", "Index Name": "nation_pkey", "Startup Cost": 0.0, "Total Cost": 0.26, "Plan Rows": 1, "Plan Width": 0, "Index Cond": "(n_nationkey = supplier.s_nationkey)"}]}]}, {"Node Type": "Bitmap Heap Scan", "Parent Relationship": "Inner", "Relation Name": "nation", "Alias": "n2", "Startup Cost": 0.26, "Total Cost": 4.27, "Plan Rows": 1, "Plan Width": 30, "Recheck Cond": "(n_nationkey = customer.c_nationkey)", "Filter": "((n_name = 'INDIA'::bpchar) OR (n_name = 'JAPAN'::bpchar))", "Plans": [{"Node Type": "Bitmap Index Scan", "Parent Relationship": "Outer", "Index Name": "nation_pkey", "Startup Cost": 0.0, "Total Cost": 0.26, "Plan Rows": 1, "Plan Width": 0, "Index Cond": "(n_nationkey = customer.c_nationkey)"}]}]}]}]}, "Unique SQL Id": 2208782157, "Planner Runtime": 1}, "explain_analyze_plan": null}, "(16, 116)": {"explain_plan": {"Plan": {"Node Type": "Sort", "Startup Cost": 852790.92, "Total Cost": 852800.14, "Plan Rows": 3688, "Plan Width": 84, "Sort Key": ["n1.n_name", "n2.n_name", "(date_part('year'::text, lineitem.l_shipdate))"], "Plans": [{"Node Type": "Aggregate", "Strategy": "Hashed", "Parent Relationship": "Outer", "Startup Cost": 852526.33, "Total Cost": 852572.43, "Plan Rows": 3688, "Plan Width": 84, "Group By Key": ["n1.n_name", "n2.n_name", "date_part('year'::text, lineitem.l_shipdate)"], "Plans": [{"Node Type": "Nested Loop", "Parent Relationship": "Outer", "Join Type": "Inner", "Startup Cost": 1030.37, "Total Cost": 852471.01, "Plan Rows": 3688, "Plan Width": 76, "Inner Unique": true, "Join Filter": "(n1.n_nationkey = supplier.s_nationkey)", "Plans": [{"Node Type": "Nested Loop", "Parent Relationship": "Outer", "Join Type": "Inner", "Startup Cost": 1030.37, "Total Cost": 642753.24, "Plan Rows": 740786, "Plan Width": 88, "Inner Unique": false, "Plans": [{"Node Type": "Nested Loop", "Parent Relationship": "Outer", "Join Type": "Inner", "Startup Cost": 1030.37, "Total Cost": 166015.61, "Plan Rows": 504972, "Plan Width": 64, "Inner Unique": false, "Plans": [{"Node Type": "Nested Loop", "Parent Relationship": "Outer", "Join Type": "Inner", "Startup Cost": 1030.37, "Total Cost": 14893.09, "Plan Rows": 119904, "Plan Width": 64, "Inner Unique": false, "Plans": [{"Node Type": "Nested Loop", "Parent Relationship": "Outer", "Join Type": "Inner", "Startup Cost": 0.0, "Total Cost": 28.12, "Plan Rows": 2, "Plan Width": 60, "Inner Unique": false, "Join Filter": "(((n1.n_name = 'JAPAN'::bpchar) AND (n2.n_name = 'INDIA'::bpchar)) OR ((n1.n_name = 'INDIA'::bpchar) AND (n2.n_name = 'JAPAN'::bpchar)))", "Plans": [{"Node Type": "Index Scan", "Parent Relationship": "Outer", "Scan Direction": "Forward", "Index Name": "nation_pkey", "Relation Name": "nation", "Alias": "n1", "Startup Cost": 0.0, "Total Cost": 12.75, "Plan Rows": 25, "Plan Width": 30, "Filter": "((n_name = 'JAPAN'::bpchar) OR (n_name = 'INDIA'::bpchar))"}, {"Node Type": "Materialize", "Parent Relationship": "Inner", "Startup Cost": 0.0, "Total Cost": 1.38, "Plan Rows": 25, "Plan Width": 30, "Plans": [{"Node Type": "Seq Scan", "Parent Relationship": "Outer", "Relation Name": "nation", "Alias": "n2", "Startup Cost": 0.0, "Total Cost": 1.25, "Plan Rows": 25, "Plan Width": 30, "Filter": "((n_name = 'INDIA'::bpchar) OR (n_name = 'JAPAN'::bpchar))"}]}]}, {"Node Type": "Bitmap Heap Scan", "Parent Relationship": "Inner", "Relation Name": "customer", "Alias": "customer", "Startup Cost": 1030.37, "Total Cost": 6832.48, "Plan Rows": 60000, "Plan Width": 12, "Recheck Cond": "(c_nationkey = n2.n_nationkey)", "Plans": [{"Node Type": "Bitmap Index Scan", "Parent Relationship": "Outer", "Index Name": "idx_customer_nationkey", "Startup Cost": 0.0, "Total Cost": 1015.37, "Plan Rows": 60000, "Plan Width": 0, "Index Cond": "(c_nationkey = n2.n_nationkey)"}]}]}, {"Node Type": "Index Scan", "Parent Relationship": "Inner", "Scan Direction": "Forward", "Index Name": "idx_orders_custkey", "Relation Name": "orders", "Alias": "orders", "Startup Cost": 0.0, "Total Cost": 1.22, "Plan Rows": 4, "Plan Width": 16, "Index Cond": "(o_custkey = customer.c_custkey)"}]}, {"Node Type": "Index Scan", "Parent Relationship": "Inner", "Scan Direction": "Forward", "Index Name": "idx_lineitem_orderkey", "Relation Name": "lineitem", "Alias": "lineitem", "Startup Cost": 0.0, "Total Cost": 0.91, "Plan Rows": 3, "Plan Width": 40, "Index Cond": "(l_orderkey = orders.o_orderkey)", "Filter": "((l_shipdate >= '1995-01-01 00:00:00'::timestamp(0) without time zone) AND (l_shipdate <= '1996-12-31 00:00:00'::timestamp(0) without time zone))"}]}, {"Node Type": "Index Scan", "Parent Relationship": "Inner", "Scan Direction": "Forward", "Index Name": "supplier_pkey", "Relation Name": "supplier", "Alias": "supplier", "Startup Cost": 0.0, "Total Cost": 0.27, "Plan Rows": 1, "Plan Width": 12, "Index Cond": "(s_suppkey = lineitem.l_suppkey)"}]}]}]}, "Unique SQL Id": 2208782157, "Planner Runtime": 2}, "explain_analyze_plan": {"Plan": {"Node Type": "Sort", "Startup Cost": 852790.92, "Total Cost": 852800.14, "Plan Rows": 3688, "Plan Width": 84, "Actual Startup Time": 27951.026, "Actual Total Time": 27951.026, "Actual Rows": 4, "Actual Loops": 1, "Sort Key": ["n1.n_name", "n2.n_name", "(date_part('year'::text, lineitem.l_shipdate))"], "Sort Method": "quicksort", "Sort Space Used": 25, "Sort Space Type": "Memory", "Plans": [{"Node Type": "Aggregate", "Strategy": "Hashed", "Parent Relationship": "Outer", "Startup Cost": 852526.33, "Total Cost": 852572.43, "Plan Rows": 3688, "Plan Width": 84, "Actual Startup Time": 27950.95, "Actual Total Time": 27950.959, "Actual Rows": 4, "Actual Loops": 1, "Group By Key": ["n1.n_name", "n2.n_name", "date_part('year'::text, lineitem.l_shipdate)"], "Plans": [{"Node Type": "Nested Loop", "Parent Relationship": "Outer", "Join Type": "Inner", "Startup Cost": 1030.37, "Total Cost": 852471.01, "Plan Rows": 3688, "Plan Width": 76, "Actual Startup Time": 19.295, "Actual Total Time": 27831.01, "Actual Rows": 58554, "Actual Loops": 1, "Inner Unique": true, "Join Filter": "(n1.n_nationkey = supplier.s_nationkey)", "Rows Removed by Join Filter": 1400596, "Plans": [{"Node Type": "Nested Loop", "Parent Relationship": "Outer", "Join Type": "Inner", "Startup Cost": 1030.37, "Total Cost": 642753.24, "Plan Rows": 740786, "Plan Width": 88, "Actual Startup Time": 19.137, "Actual Total Time": 19741.197, "Actual Rows": 1459150, "Actual Loops": 1, "Inner Unique": false, "Plans": [{"Node Type": "Nested Loop", "Parent Relationship": "Outer", "Join Type": "Inner", "Startup Cost": 1030.37, "Total Cost": 166015.61, "Plan Rows": 504972, "Plan Width": 64, "Actual Startup Time": 19.048, "Actual Total Time": 4109.486, "Actual Rows": 1200363, "Actual Loops": 1, "Inner Unique": false, "Plans": [{"Node Type": "Nested Loop", "Parent Relationship": "Outer", "Join Type": "Inner", "Startup Cost": 1030.37, "Total Cost": 14893.09, "Plan Rows": 119904, "Plan Width": 64, "Actual Startup Time": 19.005, "Actual Total Time": 301.596, "Actual Rows": 119972, "Actual Loops": 1, "Inner Unique": false, "Plans": [{"Node Type": "Nested Loop", "Parent Relationship": "Outer", "Join Type": "Inner", "Startup Cost": 0.0, "Total Cost": 28.12, "Plan Rows": 2, "Plan Width": 60, "Actual Startup Time": 0.078, "Actual Total Time": 0.301, "Actual Rows": 2, "Actual Loops": 1, "Inner Unique": false, "Join Filter": "(((n1.n_name = 'JAPAN'::bpchar) AND (n2.n_name = 'INDIA'::bpchar)) OR ((n1.n_name = 'INDIA'::bpchar) AND (n2.n_name = 'JAPAN'::bpchar)))", "Rows Removed by Join Filter": 2, "Plans": [{"Node Type": "Index Scan", "Parent Relationship": "Outer", "Scan Direction": "Forward", "Index Name": "nation_pkey", "Relation Name": "nation", "Alias": "n1", "Startup Cost": 0.0, "Total Cost": 12.75, "Plan Rows": 25, "Plan Width": 30, "Actual Startup Time": 0.044, "Actual Total Time": 0.083, "Actual Rows": 2, "Actual Loops": 1, "Filter": "((n_name = 'JAPAN'::bpchar) OR (n_name = 'INDIA'::bpchar))", "Rows Removed by Filter": 23}, {"Node Type": "Materialize", "Parent Relationship": "Inner", "Startup Cost": 0.0, "Total Cost": 1.38, "Plan Rows": 25, "Plan Width": 30, "Actual Startup Time": 0.027, "Actual Total Time": 0.159, "Actual Rows": 4, "Actual Loops": 2, "Plans": [{"Node Type": "Seq Scan", "Parent Relationship": "Outer", "Relation Name": "nation", "Alias": "n2", "Startup Cost": 0.0, "Total Cost": 1.25, "Plan Rows": 25, "Plan Width": 30, "Actual Startup Time": 0.02, "Actual Total Time": 0.146, "Actual Rows": 2, "Actual Loops": 1, "Filter": "((n_name = 'INDIA'::bpchar) OR (n_name = 'JAPAN'::bpchar))", "Rows Removed by Filter": 23}]}]}, {"Node Type": "Bitmap Heap Scan", "Parent Relationship": "Inner", "Relation Name": "customer", "Alias": "customer", "Startup Cost": 1030.37, "Total Cost": 6832.48, "Plan Rows": 60000, "Plan Width": 12, "Actual Startup Time": 36.958, "Actual Total Time": 268.919, "Actual Rows": 119972, "Actual Loops": 2, "Recheck Cond": "(c_nationkey = n2.n_nationkey)", "Rows Removed by Index Recheck": 0, "Exact Heap Blocks": 59938, "Lossy Heap Blocks": 59938, "Plans": [{"Node Type": "Bitmap Index Scan", "Parent Relationship": "Outer", "Index Name": "idx_customer_nationkey", "Startup Cost": 0.0, "Total Cost": 1015.37, "Plan Rows": 60000, "Plan Width": 0, "Actual Startup Time": 23.453, "Actual Total Time": 23.453, "Actual Rows": 119972, "Actual Loops": 2, "Index Cond": "(c_nationkey = n2.n_nationkey)"}]}]}, {"Node Type": "Index Scan", "Parent Relationship": "Inner", "Scan Direction": "Forward", "Index Name": "idx_orders_custkey", "Relation Name": "orders", "Alias": "orders", "Startup Cost": 0.0, "Total Cost": 1.22, "Plan Rows": 4, "Plan Width": 16, "Actual Startup Time": 758.798, "Actual Total Time": 3439.601, "Actual Rows": 1200363, "Actual Loops": 119972, "Index Cond": "(o_custkey = customer.c_custkey)", "Rows Removed by Index Recheck": 0}]}, {"Node Type": "Index Scan", "Parent Relationship": "Inner", "Scan Direction": "Forward", "Index Name": "idx_lineitem_orderkey", "Relation Name": "lineitem", "Alias": "lineitem", "Startup Cost": 0.0, "Total Cost": 0.91, "Plan Rows": 3, "Plan Width": 40, "Actual Startup Time": 13410.666, "Actual Total Time": 14644.329, "Actual Rows": 1459150, "Actual Loops": 1200363, "Index Cond": "(l_orderkey = orders.o_orderkey)", "Rows Removed by Index Recheck": 0, "Filter": "((l_shipdate >= '1995-01-01 00:00:00'::timestamp(0) without time zone) AND (l_shipdate <= '1996-12-31 00:00:00'::timestamp(0) without time zone))", "Rows Removed by Filter": 3342563}]}, {"Node Type": "Index Scan", "Parent Relationship": "Inner", "Scan Direction": "Forward", "Index Name": "supplier_pkey", "Relation Name": "supplier", "Alias": "supplier", "Startup Cost": 0.0, "Total Cost": 0.27, "Plan Rows": 1, "Plan Width": 12, "Actual Startup Time": 6388.383, "Actual Total Time": 6879.154, "Actual Rows": 1459150, "Actual Loops": 1459150, "Index Cond": "(s_suppkey = lineitem.l_suppkey)", "Rows Removed by Index Recheck": 0}]}]}]}, "Triggers": [], "Planner Runtime": 2, "Total Runtime": 27951.398, "Unique SQL Id": 2208782157}}, "(16, 117)": {"explain_plan": {"Plan": {"Node Type": "Sort", "Startup Cost": 852802.42, "Total Cost": 852811.64, "Plan Rows": 3688, "Plan Width": 84, "Sort Key": ["n1.n_name", "n2.n_name", "(date_part('year'::text, lineitem.l_shipdate))"], "Plans": [{"Node Type": "Aggregate", "Strategy": "Hashed", "Parent Relationship": "Outer", "Startup Cost": 852537.83, "Total Cost": 852583.93, "Plan Rows": 3688, "Plan Width": 84, "Group By Key": ["n1.n_name", "n2.n_name", "date_part('year'::text, lineitem.l_shipdate)"], "Plans": [{"Node Type": "Nested Loop", "Parent Relationship": "Outer", "Join Type": "Inner", "Startup Cost": 1030.37, "Total Cost": 852482.51, "Plan Rows": 3688, "Plan Width": 76, "Inner Unique": true, "Join Filter": "(n1.n_nationkey = supplier.s_nationkey)", "Plans": [{"Node Type": "Nested Loop", "Parent Relationship": "Outer", "Join Type": "Inner", "Startup Cost": 1030.37, "Total Cost": 642764.74, "Plan Rows": 740786, "Plan Width": 88, "Inner Unique": false, "Plans": [{"Node Type": "Nested Loop", "Parent Relationship": "Outer", "Join Type": "Inner", "Startup Cost": 1030.37, "Total Cost": 166027.11, "Plan Rows": 504972, "Plan Width": 64, "Inner Unique": false, "Plans": [{"Node Type": "Nested Loop", "Parent Relationship": "Outer", "Join Type": "Inner", "Startup Cost": 1030.37, "Total Cost": 14904.59, "Plan Rows": 119904, "Plan Width": 64, "Inner Unique": false, "Plans": [{"Node Type": "Nested Loop", "Parent Relationship": "Outer", "Join Type": "Inner", "Startup Cost": 0.0, "Total Cost": 39.62, "Plan Rows": 2, "Plan Width": 60, "Inner Unique": false, "Join Filter": "(((n1.n_name = 'JAPAN'::bpchar) AND (n2.n_name = 'INDIA'::bpchar)) OR ((n1.n_name = 'INDIA'::bpchar) AND (n2.n_name = 'JAPAN'::bpchar)))", "Plans": [{"Node Type": "Index Scan", "Parent Relationship": "Outer", "Scan Direction": "Forward", "Index Name": "nation_pkey", "Relation Name": "nation", "Alias": "n1", "Startup Cost": 0.0, "Total Cost": 12.75, "Plan Rows": 25, "Plan Width": 30, "Filter": "((n_name = 'JAPAN'::bpchar) OR (n_name = 'INDIA'::bpchar))"}, {"Node Type": "Materialize", "Parent Relationship": "Inner", "Startup Cost": 0.0, "Total Cost": 12.88, "Plan Rows": 25, "Plan Width": 30, "Plans": [{"Node Type": "Index Scan", "Parent Relationship": "Outer", "Scan Direction": "Forward", "Index Name": "nation_pkey", "Relation Name": "nation", "Alias": "n2", "Startup Cost": 0.0, "Total Cost": 12.75, "Plan Rows": 25, "Plan Width": 30, "Filter": "((n_name = 'INDIA'::bpchar) OR (n_name = 'JAPAN'::bpchar))"}]}]}, {"Node Type": "Bitmap Heap Scan", "Parent Relationship": "Inner", "Relation Name": "customer", "Alias": "customer", "Startup Cost": 1030.37, "Total Cost": 6832.48, "Plan Rows": 60000, "Plan Width": 12, "Recheck Cond": "(c_nationkey = n2.n_nationkey)", "Plans": [{"Node Type": "Bitmap Index Scan", "Parent Relationship": "Outer", "Index Name": "idx_customer_nationkey", "Startup Cost": 0.0, "Total Cost": 1015.37, "Plan Rows": 60000, "Plan Width": 0, "Index Cond": "(c_nationkey = n2.n_nationkey)"}]}]}, {"Node Type": "Index Scan", "Parent Relationship": "Inner", "Scan Direction": "Forward", "Index Name": "idx_orders_custkey", "Relation Name": "orders", "Alias": "orders", "Startup Cost": 0.0, "Total Cost": 1.22, "Plan Rows": 4, "Plan Width": 16, "Index Cond": "(o_custkey = customer.c_custkey)"}]}, {"Node Type": "Index Scan", "Parent Relationship": "Inner", "Scan Direction": "Forward", "Index Name": "idx_lineitem_orderkey", "Relation Name": "lineitem", "Alias": "lineitem", "Startup Cost": 0.0, "Total Cost": 0.91, "Plan Rows": 3, "Plan Width": 40, "Index Cond": "(l_orderkey = orders.o_orderkey)", "Filter": "((l_shipdate >= '1995-01-01 00:00:00'::timestamp(0) without time zone) AND (l_shipdate <= '1996-12-31 00:00:00'::timestamp(0) without time zone))"}]}, {"Node Type": "Index Scan", "Parent Relationship": "Inner", "Scan Direction": "Forward", "Index Name": "supplier_pkey", "Relation Name": "supplier", "Alias": "supplier", "Startup Cost": 0.0, "Total Cost": 0.27, "Plan Rows": 1, "Plan Width": 12, "Index Cond": "(s_suppkey = lineitem.l_suppkey)"}]}]}]}, "Unique SQL Id": 2208782157, "Planner Runtime": 2}, "explain_analyze_plan": {"Plan": {"Node Type": "Sort", "Startup Cost": 852802.42, "Total Cost": 852811.64, "Plan Rows": 3688, "Plan Width": 84, "Actual Startup Time": 28282.261, "Actual Total Time": 28282.261, "Actual Rows": 4, "Actual Loops": 1, "Sort Key": ["n1.n_name", "n2.n_name", "(date_part('year'::text, lineitem.l_shipdate))"], "Sort Method": "quicksort", "Sort Space Used": 25, "Sort Space Type": "Memory", "Plans": [{"Node Type": "Aggregate", "Strategy": "Hashed", "Parent Relationship": "Outer", "Startup Cost": 852537.83, "Total Cost": 852583.93, "Plan Rows": 3688, "Plan Width": 84, "Actual Startup Time": 28282.12, "Actual Total Time": 28282.138, "Actual Rows": 4, "Actual Loops": 1, "Group By Key": ["n1.n_name", "n2.n_name", "date_part('year'::text, lineitem.l_shipdate)"], "Plans": [{"Node Type": "Nested Loop", "Parent Relationship": "Outer", "Join Type": "Inner", "Startup Cost": 1030.37, "Total Cost": 852482.51, "Plan Rows": 3688, "Plan Width": 76, "Actual Startup Time": 21.112, "Actual Total Time": 28163.917, "Actual Rows": 58554, "Actual Loops": 1, "Inner Unique": true, "Join Filter": "(n1.n_nationkey = supplier.s_nationkey)", "Rows Removed by Join Filter": 1400596, "Plans": [{"Node Type": "Nested Loop", "Parent Relationship": "Outer", "Join Type": "Inner", "Startup Cost": 1030.37, "Total Cost": 642764.74, "Plan Rows": 740786, "Plan Width": 88, "Actual Startup Time": 20.965, "Actual Total Time": 19973.658, "Actual Rows": 1459150, "Actual Loops": 1, "Inner Unique": false, "Plans": [{"Node Type": "Nested Loop", "Parent Relationship": "Outer", "Join Type": "Inner", "Startup Cost": 1030.37, "Total Cost": 166027.11, "Plan Rows": 504972, "Plan Width": 64, "Actual Startup Time": 20.904, "Actual Total Time": 4322.35, "Actual Rows": 1200363, "Actual Loops": 1, "Inner Unique": false, "Plans": [{"Node Type": "Nested Loop", "Parent Relationship": "Outer", "Join Type": "Inner", "Startup Cost": 1030.37, "Total Cost": 14904.59, "Plan Rows": 119904, "Plan Width": 64, "Actual Startup Time": 20.886, "Actual Total Time": 302.984, "Actual Rows": 119972, "Actual Loops": 1, "Inner Unique": false, "Plans": [{"Node Type": "Nested Loop", "Parent Relationship": "Outer", "Join Type": "Inner", "Startup Cost": 0.0, "Total Cost": 39.62, "Plan Rows": 2, "Plan Width": 60, "Actual Startup Time": 0.051, "Actual Total Time": 0.161, "Actual Rows": 2, "Actual Loops": 1, "Inner Unique": false, "Join Filter": "(((n1.n_name = 'JAPAN'::bpchar) AND (n2.n_name = 'INDIA'::bpchar)) OR ((n1.n_name = 'INDIA'::bpchar) AND (n2.n_name = 'JAPAN'::bpchar)))", "Rows Removed by Join Filter": 2, "Plans": [{"Node Type": "Index Scan", "Parent Relationship": "Outer", "Scan Direction": "Forward", "Index Name": "nation_pkey", "Relation Name": "nation", "Alias": "n1", "Startup Cost": 0.0, "Total Cost": 12.75, "Plan Rows": 25, "Plan Width": 30, "Actual Startup Time": 0.027, "Actual Total Time": 0.053, "Actual Rows": 2, "Actual Loops": 1, "Filter": "((n_name = 'JAPAN'::bpchar) OR (n_name = 'INDIA'::bpchar))", "Rows Removed by Filter": 23}, {"Node Type": "Materialize", "Parent Relationship": "Inner", "Startup Cost": 0.0, "Total Cost": 12.88, "Plan Rows": 25, "Plan Width": 30, "Actual Startup Time": 0.014, "Actual Total Time": 0.047, "Actual Rows": 4, "Actual Loops": 2, "Plans": [{"Node Type": "Index Scan", "Parent Relationship": "Outer", "Scan Direction": "Forward", "Index Name": "nation_pkey", "Relation Name": "nation", "Alias": "n2", "Startup Cost": 0.0, "Total Cost": 12.75, "Plan Rows": 25, "Plan Width": 30, "Actual Startup Time": 0.011, "Actual Total Time": 0.039, "Actual Rows": 2, "Actual Loops": 1, "Filter": "((n_name = 'INDIA'::bpchar) OR (n_name = 'JAPAN'::bpchar))", "Rows Removed by Filter": 23}]}]}, {"Node Type": "Bitmap Heap Scan", "Parent Relationship": "Inner", "Relation Name": "customer", "Alias": "customer", "Startup Cost": 1030.37, "Total Cost": 6832.48, "Plan Rows": 60000, "Plan Width": 12, "Actual Startup Time": 41.567, "Actual Total Time": 269.462, "Actual Rows": 119972, "Actual Loops": 2, "Recheck Cond": "(c_nationkey = n2.n_nationkey)", "Rows Removed by Index Recheck": 0, "Exact Heap Blocks": 59938, "Lossy Heap Blocks": 59938, "Plans": [{"Node Type": "Bitmap Index Scan", "Parent Relationship": "Outer", "Index Name": "idx_customer_nationkey", "Startup Cost": 0.0, "Total Cost": 1015.37, "Plan Rows": 60000, "Plan Width": 0, "Actual Startup Time": 27.774, "Actual Total Time": 27.774, "Actual Rows": 119972, "Actual Loops": 2, "Index Cond": "(c_nationkey = n2.n_nationkey)"}]}]}, {"Node Type": "Index Scan", "Parent Relationship": "Inner", "Scan Direction": "Forward", "Index Name": "idx_orders_custkey", "Relation Name": "orders", "Alias": "orders", "Startup Cost": 0.0, "Total Cost": 1.22, "Plan Rows": 4, "Plan Width": 16, "Actual Startup Time": 762.772, "Actual Total Time": 3656.64, "Actual Rows": 1200363, "Actual Loops": 119972, "Index Cond": "(o_custkey = customer.c_custkey)", "Rows Removed by Index Recheck": 0}]}, {"Node Type": "Index Scan", "Parent Relationship": "Inner", "Scan Direction": "Forward", "Index Name": "idx_lineitem_orderkey", "Relation Name": "lineitem", "Alias": "lineitem", "Startup Cost": 0.0, "Total Cost": 0.91, "Plan Rows": 3, "Plan Width": 40, "Actual Startup Time": 13443.982, "Actual Total Time": 14658.2, "Actual Rows": 1459150, "Actual Loops": 1200363, "Index Cond": "(l_orderkey = orders.o_orderkey)", "Rows Removed by Index Recheck": 0, "Filter": "((l_shipdate >= '1995-01-01 00:00:00'::timestamp(0) without time zone) AND (l_shipdate <= '1996-12-31 00:00:00'::timestamp(0) without time zone))", "Rows Removed by Filter": 3342563}]}, {"Node Type": "Index Scan", "Parent Relationship": "Inner", "Scan Direction": "Forward", "Index Name": "supplier_pkey", "Relation Name": "supplier", "Alias": "supplier", "Startup Cost": 0.0, "Total Cost": 0.27, "Plan Rows": 1, "Plan Width": 12, "Actual Startup Time": 6504.079, "Actual Total Time": 6990.832, "Actual Rows": 1459150, "Actual Loops": 1459150, "Index Cond": "(s_suppkey = lineitem.l_suppkey)", "Rows Removed by Index Recheck": 0}]}]}]}, "Triggers": [], "Planner Runtime": 2, "Total Runtime": 28282.694, "Unique SQL Id": 2208782157}}, "(16, 118)": {"explain_plan": {"Plan": {"Node Type": "Sort", "Startup Cost": 6036772.32, "Total Cost": 6036781.54, "Plan Rows": 3688, "Plan Width": 84, "Sort Key": ["n1.n_name", "n2.n_name", "(date_part('year'::text, lineitem.l_shipdate))"], "Plans": [{"Node Type": "Aggregate", "Strategy": "Hashed", "Parent Relationship": "Outer", "Startup Cost": 6036507.73, "Total Cost": 6036553.83, "Plan Rows": 3688, "Plan Width": 84, "Group By Key": ["n1.n_name", "n2.n_name", "date_part('year'::text, lineitem.l_shipdate)"], "Plans": [{"Node Type": "Nested Loop", "Parent Relationship": "Outer", "Join Type": "Inner", "Startup Cost": 1031.44, "Total Cost": 6036452.41, "Plan Rows": 3688, "Plan Width": 76, "Inner Unique": true, "Join Filter": "(n1.n_nationkey = supplier.s_nationkey)", "Plans": [{"Node Type": "Nested Loop", "Parent Relationship": "Outer", "Join Type": "Inner", "Startup Cost": 1031.18, "Total Cost": 2863778.68, "Plan Rows": 740786, "Plan Width": 88, "Inner Unique": false, "Plans": [{"Node Type": "Nested Loop", "Parent Relationship": "Outer", "Join Type": "Inner", "Startup Cost": 1030.8, "Total Cost": 557356.7, "Plan Rows": 504972, "Plan Width": 64, "Inner Unique": false, "Plans": [{"Node Type": "Nested Loop", "Parent Relationship": "Outer", "Join Type": "Inner", "Startup Cost": 1030.37, "Total Cost": 14881.59, "Plan Rows": 119904, "Plan Width": 64, "Inner Unique": false, "Plans": [{"Node Type": "Nested Loop", "Parent Relationship": "Outer", "Join Type": "Inner", "Startup Cost": 0.0, "Total Cost": 16.62, "Plan Rows": 2, "Plan Width": 60, "Inner Unique": false, "Join Filter": "(((n1.n_name = 'JAPAN'::bpchar) AND (n2.n_name = 'INDIA'::bpchar)) OR ((n1.n_name = 'INDIA'::bpchar) AND (n2.n_name = 'JAPAN'::bpchar)))", "Plans": [{"Node Type": "Seq Scan", "Parent Relationship": "Outer", "Relation Name": "nation", "Alias": "n1", "Startup Cost": 0.0, "Total Cost": 1.25, "Plan Rows": 25, "Plan Width": 30, "Filter": "((n_name = 'JAPAN'::bpchar) OR (n_name = 'INDIA'::bpchar))"}, {"Node Type": "Materialize", "Parent Relationship": "Inner", "Startup Cost": 0.0, "Total Cost": 1.38, "Plan Rows": 25, "Plan Width": 30, "Plans": [{"Node Type": "Seq Scan", "Parent Relationship": "Outer", "Relation Name": "nation", "Alias": "n2", "Startup Cost": 0.0, "Total Cost": 1.25, "Plan Rows": 25, "Plan Width": 30, "Filter": "((n_name = 'INDIA'::bpchar) OR (n_name = 'JAPAN'::bpchar))"}]}]}, {"Node Type": "Bitmap Heap Scan", "Parent Relationship": "Inner", "Relation Name": "customer", "Alias": "customer", "Startup Cost": 1030.37, "Total Cost": 6832.48, "Plan Rows": 60000, "Plan Width": 12, "Recheck Cond": "(c_nationkey = n2.n_nationkey)", "Plans": [{"Node Type": "Bitmap Index Scan", "Parent Relationship": "Outer", "Index Name": "idx_customer_nationkey", "Startup Cost": 0.0, "Total Cost": 1015.37, "Plan Rows": 60000, "Plan Width": 0, "Index Cond": "(c_nationkey = n2.n_nationkey)"}]}]}, {"Node Type": "Bitmap Heap Scan", "Parent Relationship": "Inner", "Relation Name": "orders", "Alias": "orders", "Startup Cost": 0.43, "Total Cost": 4.48, "Plan Rows": 4, "Plan Width": 16, "Recheck Cond": "(o_custkey = customer.c_custkey)", "Plans": [{"Node Type": "Bitmap Index Scan", "Parent Relationship": "Outer", "Index Name": "idx_orders_custkey", "Startup Cost": 0.0, "Total Cost": 0.43, "Plan Rows": 4, "Plan Width": 0, "Index Cond": "(o_custkey = customer.c_custkey)"}]}]}, {"Node Type": "Bitmap Heap Scan", "Parent Relationship": "Inner", "Relation Name": "lineitem", "Alias": "lineitem", "Startup Cost": 0.38, "Total Cost": 4.54, "Plan Rows": 3, "Plan Width": 40, "Recheck Cond": "(l_orderkey = orders.o_orderkey)", "Filter": "((l_shipdate >= '1995-01-01 00:00:00'::timestamp(0) without time zone) AND (l_shipdate <= '1996-12-31 00:00:00'::timestamp(0) without time zone))", "Plans": [{"Node Type": "Bitmap Index Scan", "Parent Relationship": "Outer", "Index Name": "idx_lineitem_orderkey", "Startup Cost": 0.0, "Total Cost": 0.38, "Plan Rows": 9, "Plan Width": 0, "Index Cond": "(l_orderkey = orders.o_orderkey)"}]}]}, {"Node Type": "Bitmap Heap Scan", "Parent Relationship": "Inner", "Relation Name": "supplier", "Alias": "supplier", "Startup Cost": 0.26, "Total Cost": 4.27, "Plan Rows": 1, "Plan Width": 12, "Recheck Cond": "(s_suppkey = lineitem.l_suppkey)", "Plans": [{"Node Type": "Bitmap Index Scan", "Parent Relationship": "Outer", "Index Name": "supplier_pkey", "Startup Cost": 0.0, "Total Cost": 0.26, "Plan Rows": 1, "Plan Width": 0, "Index Cond": "(s_suppkey = lineitem.l_suppkey)"}]}]}]}]}, "Unique SQL Id": 2208782157, "Planner Runtime": 2}, "explain_analyze_plan": {"Plan": {"Node Type": "Sort", "Startup Cost": 6036772.32, "Total Cost": 6036781.54, "Plan Rows": 3688, "Plan Width": 84, "Actual Startup Time": 33430.019, "Actual Total Time": 33430.02, "Actual Rows": 4, "Actual Loops": 1, "Sort Key": ["n1.n_name", "n2.n_name", "(date_part('year'::text, lineitem.l_shipdate))"], "Sort Method": "quicksort", "Sort Space Used": 25, "Sort Space Type": "Memory", "Plans": [{"Node Type": "Aggregate", "Strategy": "Hashed", "Parent Relationship": "Outer", "Startup Cost": 6036507.73, "Total Cost": 6036553.83, "Plan Rows": 3688, "Plan Width": 84, "Actual Startup Time": 33429.956, "Actual Total Time": 33429.965, "Actual Rows": 4, "Actual Loops": 1, "Group By Key": ["n1.n_name", "n2.n_name", "date_part('year'::text, lineitem.l_shipdate)"], "Plans": [{"Node Type": "Nested Loop", "Parent Relationship": "Outer", "Join Type": "Inner", "Startup Cost": 1031.44, "Total Cost": 6036452.41, "Plan Rows": 3688, "Plan Width": 76, "Actual Startup Time": 23.026, "Actual Total Time": 33289.314, "Actual Rows": 58554, "Actual Loops": 1, "Inner Unique": true, "Join Filter": "(n1.n_nationkey = supplier.s_nationkey)", "Rows Removed by Join Filter": 1400596, "Plans": [{"Node Type": "Nested Loop", "Parent Relationship": "Outer", "Join Type": "Inner", "Startup Cost": 1031.18, "Total Cost": 2863778.68, "Plan Rows": 740786, "Plan Width": 88, "Actual Startup Time": 22.799, "Actual Total Time": 22859.343, "Actual Rows": 1459150, "Actual Loops": 1, "Inner Unique": false, "Plans": [{"Node Type": "Nested Loop", "Parent Relationship": "Outer", "Join Type": "Inner", "Startup Cost": 1030.8, "Total Cost": 557356.7, "Plan Rows": 504972, "Plan Width": 64, "Actual Startup Time": 22.689, "Actual Total Time": 5307.255, "Actual Rows": 1200363, "Actual Loops": 1, "Inner Unique": false, "Plans": [{"Node Type": "Nested Loop", "Parent Relationship": "Outer", "Join Type": "Inner", "Startup Cost": 1030.37, "Total Cost": 14881.59, "Plan Rows": 119904, "Plan Width": 64, "Actual Startup Time": 22.631, "Actual Total Time": 304.24, "Actual Rows": 119972, "Actual Loops": 1, "Inner Unique": false, "Plans": [{"Node Type": "Nested Loop", "Parent Relationship": "Outer", "Join Type": "Inner", "Startup Cost": 0.0, "Total Cost": 16.62, "Plan Rows": 2, "Plan Width": 60, "Actual Startup Time": 0.06, "Actual Total Time": 0.159, "Actual Rows": 2, "Actual Loops": 1, "Inner Unique": false, "Join Filter": "(((n1.n_name = 'JAPAN'::bpchar) AND (n2.n_name = 'INDIA'::bpchar)) OR ((n1.n_name = 'INDIA'::bpchar) AND (n2.n_name = 'JAPAN'::bpchar)))", "Rows Removed by Join Filter": 2, "Plans": [{"Node Type": "Seq Scan", "Parent Relationship": "Outer", "Relation Name": "nation", "Alias": "n1", "Startup Cost": 0.0, "Total Cost": 1.25, "Plan Rows": 25, "Plan Width": 30, "Actual Startup Time": 0.032, "Actual Total Time": 0.057, "Actual Rows": 2, "Actual Loops": 1, "Filter": "((n_name = 'JAPAN'::bpchar) OR (n_name = 'INDIA'::bpchar))", "Rows Removed by Filter": 23}, {"Node Type": "Materialize", "Parent Relationship": "Inner", "Startup Cost": 0.0, "Total Cost": 1.38, "Plan Rows": 25, "Plan Width": 30, "Actual Startup Time": 0.019, "Actual Total Time": 0.045, "Actual Rows": 4, "Actual Loops": 2, "Plans": [{"Node Type": "Seq Scan", "Parent Relationship": "Outer", "Relation Name": "nation", "Alias": "n2", "Startup Cost": 0.0, "Total Cost": 1.25, "Plan Rows": 25, "Plan Width": 30, "Actual Startup Time": 0.017, "Actual Total Time": 0.04, "Actual Rows": 2, "Actual Loops": 1, "Filter": "((n_name = 'INDIA'::bpchar) OR (n_name = 'JAPAN'::bpchar))", "Rows Removed by Filter": 23}]}]}, {"Node Type": "Bitmap Heap Scan", "Parent Relationship": "Inner", "Relation Name": "customer", "Alias": "customer", "Startup Cost": 1030.37, "Total Cost": 6832.48, "Plan Rows": 60000, "Plan Width": 12, "Actual Startup Time": 43.401, "Actual Total Time": 267.129, "Actual Rows": 119972, "Actual Loops": 2, "Recheck Cond": "(c_nationkey = n2.n_nationkey)", "Rows Removed by Index Recheck": 0, "Exact Heap Blocks": 59938, "Lossy Heap Blocks": 59938, "Plans": [{"Node Type": "Bitmap Index Scan", "Parent Relationship": "Outer", "Index Name": "idx_customer_nationkey", "Startup Cost": 0.0, "Total Cost": 1015.37, "Plan Rows": 60000, "Plan Width": 0, "Actual Startup Time": 29.484, "Actual Total Time": 29.484, "Actual Rows": 119972, "Actual Loops": 2, "Index Cond": "(c_nationkey = n2.n_nationkey)"}]}]}, {"Node Type": "Bitmap Heap Scan", "Parent Relationship": "Inner", "Relation Name": "orders", "Alias": "orders", "Startup Cost": 0.43, "Total Cost": 4.48, "Plan Rows": 4, "Plan Width": 16, "Actual Startup Time": 1225.371, "Actual Total Time": 4543.565, "Actual Rows": 1200363, "Actual Loops": 119972, "Recheck Cond": "(o_custkey = customer.c_custkey)", "Rows Removed by Index Recheck": 0, "Exact Heap Blocks": 1200331, "Lossy Heap Blocks": 1200331, "Plans": [{"Node Type": "Bitmap Index Scan", "Parent Relationship": "Outer", "Index Name": "idx_orders_custkey", "Startup Cost": 0.0, "Total Cost": 0.43, "Plan Rows": 4, "Plan Width": 0, "Actual Startup Time": 744.33, "Actual Total Time": 744.33, "Actual Rows": 1200363, "Actual Loops": 119972, "Index Cond": "(o_custkey = customer.c_custkey)"}]}]}, {"Node Type": "Bitmap Heap Scan", "Parent Relationship": "Inner", "Relation Name": "lineitem", "Alias": "lineitem", "Startup Cost": 0.38, "Total Cost": 4.54, "Plan Rows": 3, "Plan Width": 40, "Actual Startup Time": 15106.381, "Actual Total Time": 15760.273, "Actual Rows": 1459150, "Actual Loops": 1200363, "Recheck Cond": "(l_orderkey = orders.o_orderkey)", "Rows Removed by Index Recheck": 0, "Filter": "((l_shipdate >= '1995-01-01 00:00:00'::timestamp(0) without time zone) AND (l_shipdate <= '1996-12-31 00:00:00'::timestamp(0) without time zone))", "Rows Removed by Filter": 3342563, "Exact Heap Blocks": 1285989, "Lossy Heap Blocks": 1285989, "Plans": [{"Node Type": "Bitmap Index Scan", "Parent Relationship": "Outer", "Index Name": "idx_lineitem_orderkey", "Startup Cost": 0.0, "Total Cost": 0.38, "Plan Rows": 9, "Plan Width": 0, "Actual Startup Time": 8653.732, "Actual Total Time": 8653.732, "Actual Rows": 4801713, "Actual Loops": 1200363, "Index Cond": "(l_orderkey = orders.o_orderkey)"}]}]}, {"Node Type": "Bitmap Heap Scan", "Parent Relationship": "Inner", "Relation Name": "supplier", "Alias": "supplier", "Startup Cost": 0.26, "Total Cost": 4.27, "Plan Rows": 1, "Plan Width": 12, "Actual Startup Time": 7978.191, "Actual Total Time": 8183.261, "Actual Rows": 1459150, "Actual Loops": 1459150, "Recheck Cond": "(s_suppkey = lineitem.l_suppkey)", "Rows Removed by Index Recheck": 0, "Exact Heap Blocks": 1459150, "Lossy Heap Blocks": 1459150, "Plans": [{"Node Type": "Bitmap Index Scan", "Parent Relationship": "Outer", "Index Name": "supplier_pkey", "Startup Cost": 0.0, "Total Cost": 0.26, "Plan Rows": 1, "Plan Width": 0, "Actual Startup Time": 4176.26, "Actual Total Time": 4176.26, "Actual Rows": 1459150, "Actual Loops": 1459150, "Index Cond": "(s_suppkey = lineitem.l_suppkey)"}]}]}]}]}, "Triggers": [], "Planner Runtime": 2, "Total Runtime": 33430.436, "Unique SQL Id": 2208782157}}, "(16, 119)": {"explain_plan": {"Plan": {"Node Type": "Sort", "Startup Cost": 99673674.43, "Total Cost": 99673683.65, "Plan Rows": 3688, "Plan Width": 84, "Sort Key": ["n1.n_name", "n2.n_name", "(date_part('year'::text, lineitem.l_shipdate))"], "Plans": [{"Node Type": "Aggregate", "Strategy": "Hashed", "Parent Relationship": "Outer", "Startup Cost": 99673409.84, "Total Cost": 99673455.94, "Plan Rows": 3688, "Plan Width": 84, "Group By Key": ["n1.n_name", "n2.n_name", "date_part('year'::text, lineitem.l_shipdate)"], "Plans": [{"Node Type": "Nested Loop", "Parent Relationship": "Outer", "Join Type": "Inner", "Startup Cost": 627986.71, "Total Cost": 99673354.52, "Plan Rows": 3688, "Plan Width": 76, "Inner Unique": true, "Join Filter": "(((n1.n_name = 'JAPAN'::bpchar) AND (n2.n_name = 'INDIA'::bpchar)) OR ((n1.n_name = 'INDIA'::bpchar) AND (n2.n_name = 'JAPAN'::bpchar)))", "Plans": [{"Node Type": "Nested Loop", "Parent Relationship": "Outer", "Join Type": "Inner", "Startup Cost": 627986.45, "Total Cost": 94724471.42, "Plan Rows": 1153515, "Plan Width": 54, "Inner Unique": true, "Plans": [{"Node Type": "Nested Loop", "Parent Relationship": "Outer", "Join Type": "Inner", "Startup Cost": 627986.2, "Total Cost": 89787046.56, "Plan Rows": 1153515, "Plan Width": 32, "Inner Unique": true, "Plans": [{"Node Type": "Nested Loop", "Parent Relationship": "Outer", "Join Type": "Inner", "Startup Cost": 627985.94, "Total Cost": 84848088.55, "Plan Rows": 1153515, "Plan Width": 36, "Inner Unique": true, "Plans": [{"Node Type": "Nested Loop", "Parent Relationship": "Outer", "Join Type": "Inner", "Startup Cost": 627985.67, "Total Cost": 79896146.0, "Plan Rows": 1153515, "Plan Width": 36, "Inner Unique": true, "Plans": [{"Node Type": "Bitmap Heap Scan", "Parent Relationship": "Outer", "Relation Name": "lineitem", "Alias": "lineitem", "Startup Cost": 627985.41, "Total Cost": 2315105.27, "Plan Rows": 18124991, "Plan Width": 40, "Recheck Cond": "((l_shipdate >= '1995-01-01 00:00:00'::timestamp(0) without time zone) AND (l_shipdate <= '1996-12-31 00:00:00'::timestamp(0) without time zone)), (LLVM Optimized)", "Plans": [{"Node Type": "Bitmap Index Scan", "Parent Relationship": "Outer", "Index Name": "idx_lineitem_shipdate", "Startup Cost": 0.0, "Total Cost": 623454.16, "Plan Rows": 18124991, "Plan Width": 0, "Index Cond": "((l_shipdate >= '1995-01-01 00:00:00'::timestamp(0) without time zone) AND (l_shipdate <= '1996-12-31 00:00:00'::timestamp(0) without time zone))"}]}, {"Node Type": "Bitmap Heap Scan", "Parent Relationship": "Inner", "Relation Name": "supplier", "Alias": "supplier", "Startup Cost": 0.26, "Total Cost": 4.27, "Plan Rows": 1, "Plan Width": 12, "Recheck Cond": "(s_suppkey = lineitem.l_suppkey)", "Plans": [{"Node Type": "Bitmap Index Scan", "Parent Relationship": "Outer", "Index Name": "supplier_pkey", "Startup Cost": 0.0, "Total Cost": 0.26, "Plan Rows": 1, "Plan Width": 0, "Index Cond": "(s_suppkey = lineitem.l_suppkey)"}]}]}, {"Node Type": "Bitmap Heap Scan", "Parent Relationship": "Inner", "Relation Name": "orders", "Alias": "orders", "Startup Cost": 0.27, "Total Cost": 4.28, "Plan Rows": 1, "Plan Width": 16, "Recheck Cond": "(o_orderkey = lineitem.l_orderkey)", "Plans": [{"Node Type": "Bitmap Index Scan", "Parent Relationship": "Outer", "Index Name": "orders_pkey", "Startup Cost": 0.0, "Total Cost": 0.27, "Plan Rows": 1, "Plan Width": 0, "Index Cond": "(o_orderkey = lineitem.l_orderkey)"}]}]}, {"Node Type": "Bitmap Heap Scan", "Parent Relationship": "Inner", "Relation Name": "customer", "Alias": "customer", "Startup Cost": 0.26, "Total Cost": 4.27, "Plan Rows": 1, "Plan Width": 12, "Recheck Cond": "(c_custkey = orders.o_custkey)", "Plans": [{"Node Type": "Bitmap Index Scan", "Parent Relationship": "Outer", "Index Name": "customer_pkey", "Startup Cost": 0.0, "Total Cost": 0.26, "Plan Rows": 1, "Plan Width": 0, "Index Cond": "(c_custkey = orders.o_custkey)"}]}]}, {"Node Type": "Bitmap Heap Scan", "Parent Relationship": "Inner", "Relation Name": "nation", "Alias": "n1", "Startup Cost": 0.26, "Total Cost": 4.27, "Plan Rows": 1, "Plan Width": 30, "Recheck Cond": "(n_nationkey = supplier.s_nationkey)", "Filter": "((n_name = 'JAPAN'::bpchar) OR (n_name = 'INDIA'::bpchar))", "Plans": [{"Node Type": "Bitmap Index Scan", "Parent Relationship": "Outer", "Index Name": "nation_pkey", "Startup Cost": 0.0, "Total Cost": 0.26, "Plan Rows": 1, "Plan Width": 0, "Index Cond": "(n_nationkey = supplier.s_nationkey)"}]}]}, {"Node Type": "Bitmap Heap Scan", "Parent Relationship": "Inner", "Relation Name": "nation", "Alias": "n2", "Startup Cost": 0.26, "Total Cost": 4.27, "Plan Rows": 1, "Plan Width": 30, "Recheck Cond": "(n_nationkey = customer.c_nationkey)", "Filter": "((n_name = 'INDIA'::bpchar) OR (n_name = 'JAPAN'::bpchar))", "Plans": [{"Node Type": "Bitmap Index Scan", "Parent Relationship": "Outer", "Index Name": "nation_pkey", "Startup Cost": 0.0, "Total Cost": 0.26, "Plan Rows": 1, "Plan Width": 0, "Index Cond": "(n_nationkey = customer.c_nationkey)"}]}]}]}]}, "Unique SQL Id": 2208782157, "Planner Runtime": 1}, "explain_analyze_plan": null}, "(16, 120)": {"explain_plan": {"Plan": {"Node Type": "Sort", "Startup Cost": 854530.8, "Total Cost": 854540.02, "Plan Rows": 3688, "Plan Width": 84, "Sort Key": ["n1.n_name", "n2.n_name", "(date_part('year'::text, lineitem.l_shipdate))"], "Plans": [{"Node Type": "Aggregate", "Strategy": "Hashed", "Parent Relationship": "Outer", "Startup Cost": 854266.22, "Total Cost": 854312.32, "Plan Rows": 3688, "Plan Width": 84, "Group By Key": ["n1.n_name", "n2.n_name", "date_part('year'::text, lineitem.l_shipdate)"], "Plans": [{"Node Type": "Nested Loop", "Parent Relationship": "Outer", "Join Type": "Inner", "Startup Cost": 0.0, "Total Cost": 854210.9, "Plan Rows": 3688, "Plan Width": 76, "Inner Unique": true, "Join Filter": "(n1.n_nationkey = supplier.s_nationkey)", "Plans": [{"Node Type": "Nested Loop", "Parent Relationship": "Outer", "Join Type": "Inner", "Startup Cost": 0.0, "Total Cost": 644493.13, "Plan Rows": 740786, "Plan Width": 88, "Inner Unique": false, "Plans": [{"Node Type": "Nested Loop", "Parent Relationship": "Outer", "Join Type": "Inner", "Startup Cost": 0.0, "Total Cost": 167755.5, "Plan Rows": 504972, "Plan Width": 64, "Inner Unique": false, "Plans": [{"Node Type": "Nested Loop", "Parent Relationship": "Outer", "Join Type": "Inner", "Startup Cost": 0.0, "Total Cost": 16632.98, "Plan Rows": 119904, "Plan Width": 64, "Inner Unique": false, "Plans": [{"Node Type": "Nested Loop", "Parent Relationship": "Outer", "Join Type": "Inner", "Startup Cost": 0.0, "Total Cost": 28.12, "Plan Rows": 2, "Plan Width": 60, "Inner Unique": false, "Join Filter": "(((n1.n_name = 'JAPAN'::bpchar) AND (n2.n_name = 'INDIA'::bpchar)) OR ((n1.n_name = 'INDIA'::bpchar) AND (n2.n_name = 'JAPAN'::bpchar)))", "Plans": [{"Node Type": "Index Scan", "Parent Relationship": "Outer", "Scan Direction": "Forward", "Index Name": "nation_pkey", "Relation Name": "nation", "Alias": "n1", "Startup Cost": 0.0, "Total Cost": 12.75, "Plan Rows": 25, "Plan Width": 30, "Filter": "((n_name = 'JAPAN'::bpchar) OR (n_name = 'INDIA'::bpchar))"}, {"Node Type": "Materialize", "Parent Relationship": "Inner", "Startup Cost": 0.0, "Total Cost": 1.38, "Plan Rows": 25, "Plan Width": 30, "Plans": [{"Node Type": "Seq Scan", "Parent Relationship": "Outer", "Relation Name": "nation", "Alias": "n2", "Startup Cost": 0.0, "Total Cost": 1.25, "Plan Rows": 25, "Plan Width": 30, "Filter": "((n_name = 'INDIA'::bpchar) OR (n_name = 'JAPAN'::bpchar))"}]}]}, {"Node Type": "Index Scan", "Parent Relationship": "Inner", "Scan Direction": "Forward", "Index Name": "idx_customer_nationkey", "Relation Name": "customer", "Alias": "customer", "Startup Cost": 0.0, "Total Cost": 7702.43, "Plan Rows": 60000, "Plan Width": 12, "Index Cond": "(c_nationkey = n2.n_nationkey)"}]}, {"Node Type": "Index Scan", "Parent Relationship": "Inner", "Scan Direction": "Forward", "Index Name": "idx_orders_custkey", "Relation Name": "orders", "Alias": "orders", "Startup Cost": 0.0, "Total Cost": 1.22, "Plan Rows": 4, "Plan Width": 16, "Index Cond": "(o_custkey = customer.c_custkey)"}]}, {"Node Type": "Index Scan", "Parent Relationship": "Inner", "Scan Direction": "Forward", "Index Name": "idx_lineitem_orderkey", "Relation Name": "lineitem", "Alias": "lineitem", "Startup Cost": 0.0, "Total Cost": 0.91, "Plan Rows": 3, "Plan Width": 40, "Index Cond": "(l_orderkey = orders.o_orderkey)", "Filter": "((l_shipdate >= '1995-01-01 00:00:00'::timestamp(0) without time zone) AND (l_shipdate <= '1996-12-31 00:00:00'::timestamp(0) without time zone))"}]}, {"Node Type": "Index Scan", "Parent Relationship": "Inner", "Scan Direction": "Forward", "Index Name": "supplier_pkey", "Relation Name": "supplier", "Alias": "supplier", "Startup Cost": 0.0, "Total Cost": 0.27, "Plan Rows": 1, "Plan Width": 12, "Index Cond": "(s_suppkey = lineitem.l_suppkey)"}]}]}]}, "Unique SQL Id": 2208782157, "Planner Runtime": 2}, "explain_analyze_plan": {"Plan": {"Node Type": "Sort", "Startup Cost": 854530.8, "Total Cost": 854540.02, "Plan Rows": 3688, "Plan Width": 84, "Actual Startup Time": 28122.781, "Actual Total Time": 28122.782, "Actual Rows": 4, "Actual Loops": 1, "Sort Key": ["n1.n_name", "n2.n_name", "(date_part('year'::text, lineitem.l_shipdate))"], "Sort Method": "quicksort", "Sort Space Used": 25, "Sort Space Type": "Memory", "Plans": [{"Node Type": "Aggregate", "Strategy": "Hashed", "Parent Relationship": "Outer", "Startup Cost": 854266.22, "Total Cost": 854312.32, "Plan Rows": 3688, "Plan Width": 84, "Actual Startup Time": 28122.741, "Actual Total Time": 28122.747, "Actual Rows": 4, "Actual Loops": 1, "Group By Key": ["n1.n_name", "n2.n_name", "date_part('year'::text, lineitem.l_shipdate)"], "Plans": [{"Node Type": "Nested Loop", "Parent Relationship": "Outer", "Join Type": "Inner", "Startup Cost": 0.0, "Total Cost": 854210.9, "Plan Rows": 3688, "Plan Width": 76, "Actual Startup Time": 0.366, "Actual Total Time": 28003.402, "Actual Rows": 58554, "Actual Loops": 1, "Inner Unique": true, "Join Filter": "(n1.n_nationkey = supplier.s_nationkey)", "Rows Removed by Join Filter": 1400596, "Plans": [{"Node Type": "Nested Loop", "Parent Relationship": "Outer", "Join Type": "Inner", "Startup Cost": 0.0, "Total Cost": 644493.13, "Plan Rows": 740786, "Plan Width": 88, "Actual Startup Time": 0.189, "Actual Total Time": 19861.197, "Actual Rows": 1459150, "Actual Loops": 1, "Inner Unique": false, "Plans": [{"Node Type": "Nested Loop", "Parent Relationship": "Outer", "Join Type": "Inner", "Startup Cost": 0.0, "Total Cost": 167755.5, "Plan Rows": 504972, "Plan Width": 64, "Actual Startup Time": 0.125, "Actual Total Time": 4287.725, "Actual Rows": 1200363, "Actual Loops": 1, "Inner Unique": false, "Plans": [{"Node Type": "Nested Loop", "Parent Relationship": "Outer", "Join Type": "Inner", "Startup Cost": 0.0, "Total Cost": 16632.98, "Plan Rows": 119904, "Plan Width": 64, "Actual Startup Time": 0.108, "Actual Total Time": 231.405, "Actual Rows": 119972, "Actual Loops": 1, "Inner Unique": false, "Plans": [{"Node Type": "Nested Loop", "Parent Relationship": "Outer", "Join Type": "Inner", "Startup Cost": 0.0, "Total Cost": 28.12, "Plan Rows": 2, "Plan Width": 60, "Actual Startup Time": 0.061, "Actual Total Time": 0.241, "Actual Rows": 2, "Actual Loops": 1, "Inner Unique": false, "Join Filter": "(((n1.n_name = 'JAPAN'::bpchar) AND (n2.n_name = 'INDIA'::bpchar)) OR ((n1.n_name = 'INDIA'::bpchar) AND (n2.n_name = 'JAPAN'::bpchar)))", "Rows Removed by Join Filter": 2, "Plans": [{"Node Type": "Index Scan", "Parent Relationship": "Outer", "Scan Direction": "Forward", "Index Name": "nation_pkey", "Relation Name": "nation", "Alias": "n1", "Startup Cost": 0.0, "Total Cost": 12.75, "Plan Rows": 25, "Plan Width": 30, "Actual Startup Time": 0.031, "Actual Total Time": 0.06, "Actual Rows": 2, "Actual Loops": 1, "Filter": "((n_name = 'JAPAN'::bpchar) OR (n_name = 'INDIA'::bpchar))", "Rows Removed by Filter": 23}, {"Node Type": "Materialize", "Parent Relationship": "Inner", "Startup Cost": 0.0, "Total Cost": 1.38, "Plan Rows": 25, "Plan Width": 30, "Actual Startup Time": 0.02, "Actual Total Time": 0.045, "Actual Rows": 4, "Actual Loops": 2, "Plans": [{"Node Type": "Seq Scan", "Parent Relationship": "Outer", "Relation Name": "nation", "Alias": "n2", "Startup Cost": 0.0, "Total Cost": 1.25, "Plan Rows": 25, "Plan Width": 30, "Actual Startup Time": 0.018, "Actual Total Time": 0.037, "Actual Rows": 2, "Actual Loops": 1, "Filter": "((n_name = 'INDIA'::bpchar) OR (n_name = 'JAPAN'::bpchar))", "Rows Removed by Filter": 23}]}]}, {"Node Type": "Index Scan", "Parent Relationship": "Inner", "Scan Direction": "Forward", "Index Name": "idx_customer_nationkey", "Relation Name": "customer", "Alias": "customer", "Startup Cost": 0.0, "Total Cost": 7702.43, "Plan Rows": 60000, "Plan Width": 12, "Actual Startup Time": 0.083, "Actual Total Time": 194.751, "Actual Rows": 119972, "Actual Loops": 2, "Index Cond": "(c_nationkey = n2.n_nationkey)", "Rows Removed by Index Recheck": 0}]}, {"Node Type": "Index Scan", "Parent Relationship": "Inner", "Scan Direction": "Forward", "Index Name": "idx_orders_custkey", "Relation Name": "orders", "Alias": "orders", "Startup Cost": 0.0, "Total Cost": 1.22, "Plan Rows": 4, "Plan Width": 16, "Actual Startup Time": 755.364, "Actual Total Time": 3688.889, "Actual Rows": 1200363, "Actual Loops": 119972, "Index Cond": "(o_custkey = customer.c_custkey)", "Rows Removed by Index Recheck": 0}]}, {"Node Type": "Index Scan", "Parent Relationship": "Inner", "Scan Direction": "Forward", "Index Name": "idx_lineitem_orderkey", "Relation Name": "lineitem", "Alias": "lineitem", "Startup Cost": 0.0, "Total Cost": 0.91, "Plan Rows": 3, "Plan Width": 40, "Actual Startup Time": 13375.681, "Actual Total Time": 14580.641, "Actual Rows": 1459150, "Actual Loops": 1200363, "Index Cond": "(l_orderkey = orders.o_orderkey)", "Rows Removed by Index Recheck": 0, "Filter": "((l_shipdate >= '1995-01-01 00:00:00'::timestamp(0) without time zone) AND (l_shipdate <= '1996-12-31 00:00:00'::timestamp(0) without time zone))", "Rows Removed by Filter": 3342563}]}, {"Node Type": "Index Scan", "Parent Relationship": "Inner", "Scan Direction": "Forward", "Index Name": "supplier_pkey", "Relation Name": "supplier", "Alias": "supplier", "Startup Cost": 0.0, "Total Cost": 0.27, "Plan Rows": 1, "Plan Width": 12, "Actual Startup Time": 6446.813, "Actual Total Time": 6935.809, "Actual Rows": 1459150, "Actual Loops": 1459150, "Index Cond": "(s_suppkey = lineitem.l_suppkey)", "Rows Removed by Index Recheck": 0}]}]}]}, "Triggers": [], "Planner Runtime": 2, "Total Runtime": 28123.018, "Unique SQL Id": 2208782157}}, "(16, 121)": {"explain_plan": {"Plan": {"Node Type": "Sort", "Startup Cost": 854542.3, "Total Cost": 854551.52, "Plan Rows": 3688, "Plan Width": 84, "Sort Key": ["n1.n_name", "n2.n_name", "(date_part('year'::text, lineitem.l_shipdate))"], "Plans": [{"Node Type": "Aggregate", "Strategy": "Hashed", "Parent Relationship": "Outer", "Startup Cost": 854277.72, "Total Cost": 854323.82, "Plan Rows": 3688, "Plan Width": 84, "Group By Key": ["n1.n_name", "n2.n_name", "date_part('year'::text, lineitem.l_shipdate)"], "Plans": [{"Node Type": "Nested Loop", "Parent Relationship": "Outer", "Join Type": "Inner", "Startup Cost": 0.0, "Total Cost": 854222.4, "Plan Rows": 3688, "Plan Width": 76, "Inner Unique": true, "Join Filter": "(n1.n_nationkey = supplier.s_nationkey)", "Plans": [{"Node Type": "Nested Loop", "Parent Relationship": "Outer", "Join Type": "Inner", "Startup Cost": 0.0, "Total Cost": 644504.63, "Plan Rows": 740786, "Plan Width": 88, "Inner Unique": false, "Plans": [{"Node Type": "Nested Loop", "Parent Relationship": "Outer", "Join Type": "Inner", "Startup Cost": 0.0, "Total Cost": 167767.0, "Plan Rows": 504972, "Plan Width": 64, "Inner Unique": false, "Plans": [{"Node Type": "Nested Loop", "Parent Relationship": "Outer", "Join Type": "Inner", "Startup Cost": 0.0, "Total Cost": 16644.48, "Plan Rows": 119904, "Plan Width": 64, "Inner Unique": false, "Plans": [{"Node Type": "Nested Loop", "Parent Relationship": "Outer", "Join Type": "Inner", "Startup Cost": 0.0, "Total Cost": 39.62, "Plan Rows": 2, "Plan Width": 60, "Inner Unique": false, "Join Filter": "(((n1.n_name = 'JAPAN'::bpchar) AND (n2.n_name = 'INDIA'::bpchar)) OR ((n1.n_name = 'INDIA'::bpchar) AND (n2.n_name = 'JAPAN'::bpchar)))", "Plans": [{"Node Type": "Index Scan", "Parent Relationship": "Outer", "Scan Direction": "Forward", "Index Name": "nation_pkey", "Relation Name": "nation", "Alias": "n1", "Startup Cost": 0.0, "Total Cost": 12.75, "Plan Rows": 25, "Plan Width": 30, "Filter": "((n_name = 'JAPAN'::bpchar) OR (n_name = 'INDIA'::bpchar))"}, {"Node Type": "Materialize", "Parent Relationship": "Inner", "Startup Cost": 0.0, "Total Cost": 12.88, "Plan Rows": 25, "Plan Width": 30, "Plans": [{"Node Type": "Index Scan", "Parent Relationship": "Outer", "Scan Direction": "Forward", "Index Name": "nation_pkey", "Relation Name": "nation", "Alias": "n2", "Startup Cost": 0.0, "Total Cost": 12.75, "Plan Rows": 25, "Plan Width": 30, "Filter": "((n_name = 'INDIA'::bpchar) OR (n_name = 'JAPAN'::bpchar))"}]}]}, {"Node Type": "Index Scan", "Parent Relationship": "Inner", "Scan Direction": "Forward", "Index Name": "idx_customer_nationkey", "Relation Name": "customer", "Alias": "customer", "Startup Cost": 0.0, "Total Cost": 7702.43, "Plan Rows": 60000, "Plan Width": 12, "Index Cond": "(c_nationkey = n2.n_nationkey)"}]}, {"Node Type": "Index Scan", "Parent Relationship": "Inner", "Scan Direction": "Forward", "Index Name": "idx_orders_custkey", "Relation Name": "orders", "Alias": "orders", "Startup Cost": 0.0, "Total Cost": 1.22, "Plan Rows": 4, "Plan Width": 16, "Index Cond": "(o_custkey = customer.c_custkey)"}]}, {"Node Type": "Index Scan", "Parent Relationship": "Inner", "Scan Direction": "Forward", "Index Name": "idx_lineitem_orderkey", "Relation Name": "lineitem", "Alias": "lineitem", "Startup Cost": 0.0, "Total Cost": 0.91, "Plan Rows": 3, "Plan Width": 40, "Index Cond": "(l_orderkey = orders.o_orderkey)", "Filter": "((l_shipdate >= '1995-01-01 00:00:00'::timestamp(0) without time zone) AND (l_shipdate <= '1996-12-31 00:00:00'::timestamp(0) without time zone))"}]}, {"Node Type": "Index Scan", "Parent Relationship": "Inner", "Scan Direction": "Forward", "Index Name": "supplier_pkey", "Relation Name": "supplier", "Alias": "supplier", "Startup Cost": 0.0, "Total Cost": 0.27, "Plan Rows": 1, "Plan Width": 12, "Index Cond": "(s_suppkey = lineitem.l_suppkey)"}]}]}]}, "Unique SQL Id": 2208782157, "Planner Runtime": 2}, "explain_analyze_plan": {"Plan": {"Node Type": "Sort", "Startup Cost": 854542.3, "Total Cost": 854551.52, "Plan Rows": 3688, "Plan Width": 84, "Actual Startup Time": 28224.387, "Actual Total Time": 28224.388, "Actual Rows": 4, "Actual Loops": 1, "Sort Key": ["n1.n_name", "n2.n_name", "(date_part('year'::text, lineitem.l_shipdate))"], "Sort Method": "quicksort", "Sort Space Used": 25, "Sort Space Type": "Memory", "Plans": [{"Node Type": "Aggregate", "Strategy": "Hashed", "Parent Relationship": "Outer", "Startup Cost": 854277.72, "Total Cost": 854323.82, "Plan Rows": 3688, "Plan Width": 84, "Actual Startup Time": 28224.234, "Actual Total Time": 28224.251, "Actual Rows": 4, "Actual Loops": 1, "Group By Key": ["n1.n_name", "n2.n_name", "date_part('year'::text, lineitem.l_shipdate)"], "Plans": [{"Node Type": "Nested Loop", "Parent Relationship": "Outer", "Join Type": "Inner", "Startup Cost": 0.0, "Total Cost": 854222.4, "Plan Rows": 3688, "Plan Width": 76, "Actual Startup Time": 0.287, "Actual Total Time": 28104.372, "Actual Rows": 58554, "Actual Loops": 1, "Inner Unique": true, "Join Filter": "(n1.n_nationkey = supplier.s_nationkey)", "Rows Removed by Join Filter": 1400596, "Plans": [{"Node Type": "Nested Loop", "Parent Relationship": "Outer", "Join Type": "Inner", "Startup Cost": 0.0, "Total Cost": 644504.63, "Plan Rows": 740786, "Plan Width": 88, "Actual Startup Time": 0.158, "Actual Total Time": 19926.257, "Actual Rows": 1459150, "Actual Loops": 1, "Inner Unique": false, "Plans": [{"Node Type": "Nested Loop", "Parent Relationship": "Outer", "Join Type": "Inner", "Startup Cost": 0.0, "Total Cost": 167767.0, "Plan Rows": 504972, "Plan Width": 64, "Actual Startup Time": 0.107, "Actual Total Time": 4294.097, "Actual Rows": 1200363, "Actual Loops": 1, "Inner Unique": false, "Plans": [{"Node Type": "Nested Loop", "Parent Relationship": "Outer", "Join Type": "Inner", "Startup Cost": 0.0, "Total Cost": 16644.48, "Plan Rows": 119904, "Plan Width": 64, "Actual Startup Time": 0.093, "Actual Total Time": 228.578, "Actual Rows": 119972, "Actual Loops": 1, "Inner Unique": false, "Plans": [{"Node Type": "Nested Loop", "Parent Relationship": "Outer", "Join Type": "Inner", "Startup Cost": 0.0, "Total Cost": 39.62, "Plan Rows": 2, "Plan Width": 60, "Actual Startup Time": 0.049, "Actual Total Time": 0.286, "Actual Rows": 2, "Actual Loops": 1, "Inner Unique": false, "Join Filter": "(((n1.n_name = 'JAPAN'::bpchar) AND (n2.n_name = 'INDIA'::bpchar)) OR ((n1.n_name = 'INDIA'::bpchar) AND (n2.n_name = 'JAPAN'::bpchar)))", "Rows Removed by Join Filter": 2, "Plans": [{"Node Type": "Index Scan", "Parent Relationship": "Outer", "Scan Direction": "Forward", "Index Name": "nation_pkey", "Relation Name": "nation", "Alias": "n1", "Startup Cost": 0.0, "Total Cost": 12.75, "Plan Rows": 25, "Plan Width": 30, "Actual Startup Time": 0.026, "Actual Total Time": 0.179, "Actual Rows": 2, "Actual Loops": 1, "Filter": "((n_name = 'JAPAN'::bpchar) OR (n_name = 'INDIA'::bpchar))", "Rows Removed by Filter": 23}, {"Node Type": "Materialize", "Parent Relationship": "Inner", "Startup Cost": 0.0, "Total Cost": 12.88, "Plan Rows": 25, "Plan Width": 30, "Actual Startup Time": 0.015, "Actual Total Time": 0.039, "Actual Rows": 4, "Actual Loops": 2, "Plans": [{"Node Type": "Index Scan", "Parent Relationship": "Outer", "Scan Direction": "Forward", "Index Name": "nation_pkey", "Relation Name": "nation", "Alias": "n2", "Startup Cost": 0.0, "Total Cost": 12.75, "Plan Rows": 25, "Plan Width": 30, "Actual Startup Time": 0.011, "Actual Total Time": 0.03, "Actual Rows": 2, "Actual Loops": 1, "Filter": "((n_name = 'INDIA'::bpchar) OR (n_name = 'JAPAN'::bpchar))", "Rows Removed by Filter": 23}]}]}, {"Node Type": "Index Scan", "Parent Relationship": "Inner", "Scan Direction": "Forward", "Index Name": "idx_customer_nationkey", "Relation Name": "customer", "Alias": "customer", "Startup Cost": 0.0, "Total Cost": 7702.43, "Plan Rows": 60000, "Plan Width": 12, "Actual Startup Time": 0.079, "Actual Total Time": 191.533, "Actual Rows": 119972, "Actual Loops": 2, "Index Cond": "(c_nationkey = n2.n_nationkey)", "Rows Removed by Index Recheck": 0}]}, {"Node Type": "Index Scan", "Parent Relationship": "Inner", "Scan Direction": "Forward", "Index Name": "idx_orders_custkey", "Relation Name": "orders", "Alias": "orders", "Startup Cost": 0.0, "Total Cost": 1.22, "Plan Rows": 4, "Plan Width": 16, "Actual Startup Time": 758.407, "Actual Total Time": 3690.79, "Actual Rows": 1200363, "Actual Loops": 119972, "Index Cond": "(o_custkey = customer.c_custkey)", "Rows Removed by Index Recheck": 0}]}, {"Node Type": "Index Scan", "Parent Relationship": "Inner", "Scan Direction": "Forward", "Index Name": "idx_lineitem_orderkey", "Relation Name": "lineitem", "Alias": "lineitem", "Startup Cost": 0.0, "Total Cost": 0.91, "Plan Rows": 3, "Plan Width": 40, "Actual Startup Time": 13418.347, "Actual Total Time": 14638.452, "Actual Rows": 1459150, "Actual Loops": 1200363, "Index Cond": "(l_orderkey = orders.o_orderkey)", "Rows Removed by Index Recheck": 0, "Filter": "((l_shipdate >= '1995-01-01 00:00:00'::timestamp(0) without time zone) AND (l_shipdate <= '1996-12-31 00:00:00'::timestamp(0) without time zone))", "Rows Removed by Filter": 3342563}]}, {"Node Type": "Index Scan", "Parent Relationship": "Inner", "Scan Direction": "Forward", "Index Name": "supplier_pkey", "Relation Name": "supplier", "Alias": "supplier", "Startup Cost": 0.0, "Total Cost": 0.27, "Plan Rows": 1, "Plan Width": 12, "Actual Startup Time": 6462.502, "Actual Total Time": 6955.698, "Actual Rows": 1459150, "Actual Loops": 1459150, "Index Cond": "(s_suppkey = lineitem.l_suppkey)", "Rows Removed by Index Recheck": 0}]}]}]}, "Triggers": [], "Planner Runtime": 1, "Total Runtime": 28224.669, "Unique SQL Id": 2208782157}}, "(16, 122)": {"explain_plan": {"Plan": {"Node Type": "Sort", "Startup Cost": 25342456523.17, "Total Cost": 25342456532.39, "Plan Rows": 3688, "Plan Width": 84, "Sort Key": ["n1.n_name", "n2.n_name", "(date_part('year'::text, lineitem.l_shipdate))"], "Plans": [{"Node Type": "Aggregate", "Strategy": "Hashed", "Parent Relationship": "Outer", "Startup Cost": 25342456258.58, "Total Cost": 25342456304.68, "Plan Rows": 3688, "Plan Width": 84, "Group By Key": ["n1.n_name", "n2.n_name", "date_part('year'::text, lineitem.l_shipdate)"], "Plans": [{"Node Type": "Nested Loop", "Parent Relationship": "Outer", "Join Type": "Inner", "Startup Cost": 44.6, "Total Cost": 25342456203.26, "Plan Rows": 3688, "Plan Width": 76, "Inner Unique": false, "Join Filter": "((orders.o_custkey = customer.c_custkey) AND (n2.n_nationkey = customer.c_nationkey))", "Plans": [{"Node Type": "Seq Scan", "Parent Relationship": "Outer", "Relation Name": "customer", "Alias": "customer", "Startup Cost": 0.0, "Total Cost": 52126.0, "Plan Rows": 1500000, "Plan Width": 12}, {"Node Type": "Materialize", "Parent Relationship": "Inner", "Startup Cost": 44.6, "Total Cost": 22921970548.56, "Plan Rows": 92207, "Plan Width": 88, "Plans": [{"Node Type": "Nested Loop", "Parent Relationship": "Outer", "Join Type": "Inner", "Startup Cost": 44.6, "Total Cost": 22921970087.52, "Plan Rows": 92207, "Plan Width": 88, "Inner Unique": false, "Join Filter": "(lineitem.l_orderkey = orders.o_orderkey)", "Plans": [{"Node Type": "Seq Scan", "Parent Relationship": "Outer", "Relation Name": "orders", "Alias": "orders", "Startup Cost": 0.0, "Total Cost": 426413.79, "Plan Rows": 14999479, "Plan Width": 16}, {"Node Type": "Materialize", "Parent Relationship": "Inner", "Startup Cost": 44.6, "Total Cost": 2175689501.95, "Plan Rows": 92207, "Plan Width": 88, "Plans": [{"Node Type": "Nested Loop", "Parent Relationship": "Outer", "Join Type": "Inner", "Startup Cost": 44.6, "Total Cost": 2175689040.92, "Plan Rows": 92207, "Plan Width": 88, "Inner Unique": false, "Join Filter": "(supplier.s_suppkey = lineitem.l_suppkey)", "Plans": [{"Node Type": "Seq Scan", "Parent Relationship": "Outer", "Relation Name": "lineitem", "Alias": "lineitem", "Startup Cost": 44.6, "Total Cost": 2315050.5, "Plan Rows": 18124991, "Plan Width": 40, "Filter": "((l_shipdate >= '1995-01-01 00:00:00'::timestamp(0) without time zone) AND (l_shipdate <= '1996-12-31 00:00:00'::timestamp(0) without time zone)), (LLVM Optimized)"}, {"Node Type": "Materialize", "Parent Relationship": "Inner", "Startup Cost": 0.0, "Total Cost": 6339.6, "Plan Rows": 7994, "Plan Width": 64, "Plans": [{"Node Type": "Nested Loop", "Parent Relationship": "Outer", "Join Type": "Inner", "Startup Cost": 0.0, "Total Cost": 6299.63, "Plan Rows": 7994, "Plan Width": 64, "Inner Unique": false, "Join Filter": "(n1.n_nationkey = supplier.s_nationkey)", "Plans": [{"Node Type": "Seq Scan", "Parent Relationship": "Outer", "Relation Name": "supplier", "Alias": "supplier", "Startup Cost": 0.0, "Total Cost": 3283.0, "Plan Rows": 100000, "Plan Width": 12}, {"Node Type": "Materialize", "Parent Relationship": "Inner", "Startup Cost": 0.0, "Total Cost": 16.64, "Plan Rows": 2, "Plan Width": 60, "Plans": [{"Node Type": "Nested Loop", "Parent Relationship": "Outer", "Join Type": "Inner", "Startup Cost": 0.0, "Total Cost": 16.62, "Plan Rows": 2, "Plan Width": 60, "Inner Unique": false, "Join Filter": "(((n1.n_name = 'JAPAN'::bpchar) AND (n2.n_name = 'INDIA'::bpchar)) OR ((n1.n_name = 'INDIA'::bpchar) AND (n2.n_name = 'JAPAN'::bpchar)))", "Plans": [{"Node Type": "Seq Scan", "Parent Relationship": "Outer", "Relation Name": "nation", "Alias": "n1", "Startup Cost": 0.0, "Total Cost": 1.25, "Plan Rows": 25, "Plan Width": 30, "Filter": "((n_name = 'JAPAN'::bpchar) OR (n_name = 'INDIA'::bpchar))"}, {"Node Type": "Materialize", "Parent Relationship": "Inner", "Startup Cost": 0.0, "Total Cost": 1.38, "Plan Rows": 25, "Plan Width": 30, "Plans": [{"Node Type": "Seq Scan", "Parent Relationship": "Outer", "Relation Name": "nation", "Alias": "n2", "Startup Cost": 0.0, "Total Cost": 1.25, "Plan Rows": 25, "Plan Width": 30, "Filter": "((n_name = 'INDIA'::bpchar) OR (n_name = 'JAPAN'::bpchar))"}]}]}]}]}]}]}]}]}]}]}]}]}, "Unique SQL Id": 2208782157, "Planner Runtime": 2}, "explain_analyze_plan": null}, "(16, 123)": {"explain_plan": {"Plan": {"Node Type": "Sort", "Startup Cost": 6025775461732.55, "Total Cost": 6025775461741.77, "Plan Rows": 3688, "Plan Width": 84, "Sort Key": ["n1.n_name", "n2.n_name", "(date_part('year'::text, lineitem.l_shipdate))"], "Plans": [{"Node Type": "Aggregate", "Strategy": "Hashed", "Parent Relationship": "Outer", "Startup Cost": 6025775461467.96, "Total Cost": 6025775461514.06, "Plan Rows": 3688, "Plan Width": 84, "Group By Key": ["n1.n_name", "n2.n_name", "date_part('year'::text, lineitem.l_shipdate)"], "Plans": [{"Node Type": "Nested Loop", "Parent Relationship": "Outer", "Join Type": "Inner", "Startup Cost": 60000000000.0, "Total Cost": 6025775461412.64, "Plan Rows": 3688, "Plan Width": 76, "Inner Unique": false, "Join Filter": "((orders.o_custkey = customer.c_custkey) AND (n2.n_nationkey = customer.c_nationkey))", "Plans": [{"Node Type": "Index Scan", "Parent Relationship": "Outer", "Scan Direction": "Forward", "Index Name": "customer_pkey", "Relation Name": "customer", "Alias": "customer", "Startup Cost": 10000000000.0, "Total Cost": 1000008076535.62, "Plan Rows": 1500000, "Plan Width": 12}, {"Node Type": "Materialize", "Parent Relationship": "Inner", "Startup Cost": 50000000000.0, "Total Cost": 5023346951348.32, "Plan Rows": 92207, "Plan Width": 88, "Plans": [{"Node Type": "Nested Loop", "Parent Relationship": "Outer", "Join Type": "Inner", "Startup Cost": 50000000000.0, "Total Cost": 5023346950887.28, "Plan Rows": 92207, "Plan Width": 88, "Inner Unique": true, "Join Filter": "(lineitem.l_orderkey = orders.o_orderkey)", "Plans": [{"Node Type": "Nested Loop", "Parent Relationship": "Outer", "Join Type": "Inner", "Startup Cost": 40000000000.0, "Total Cost": 4002527961142.79, "Plan Rows": 92207, "Plan Width": 88, "Inner Unique": false, "Join Filter": "(supplier.s_suppkey = lineitem.l_suppkey)", "Plans": [{"Node Type": "Nested Loop", "Parent Relationship": "Outer", "Join Type": "Inner", "Startup Cost": 30000000000.0, "Total Cost": 3000000539268.5, "Plan Rows": 7994, "Plan Width": 64, "Inner Unique": false, "Join Filter": "(n1.n_nationkey = supplier.s_nationkey)", "Plans": [{"Node Type": "Nested Loop", "Parent Relationship": "Outer", "Join Type": "Inner", "Startup Cost": 20000000000.0, "Total Cost": 2000000002564.12, "Plan Rows": 2, "Plan Width": 60, "Inner Unique": false, "Join Filter": "(((n1.n_name = 'JAPAN'::bpchar) AND (n2.n_name = 'INDIA'::bpchar)) OR ((n1.n_name = 'INDIA'::bpchar) AND (n2.n_name = 'JAPAN'::bpchar)))", "Plans": [{"Node Type": "Index Scan", "Parent Relationship": "Outer", "Scan Direction": "Forward", "Index Name": "nation_pkey", "Relation Name": "nation", "Alias": "n2", "Startup Cost": 10000000000.0, "Total Cost": 1000000001275.0, "Plan Rows": 25, "Plan Width": 30, "Filter": "((n_name = 'INDIA'::bpchar) OR (n_name = 'JAPAN'::bpchar))"}, {"Node Type": "Materialize", "Parent Relationship": "Inner", "Startup Cost": 10000000000.0, "Total Cost": 1000000001275.12, "Plan Rows": 25, "Plan Width": 30, "Plans": [{"Node Type": "Index Scan", "Parent Relationship": "Outer", "Scan Direction": "Forward", "Index Name": "nation_pkey", "Relation Name": "nation", "Alias": "n1", "Startup Cost": 10000000000.0, "Total Cost": 1000000001275.0, "Plan Rows": 25, "Plan Width": 30, "Filter": "((n_name = 'JAPAN'::bpchar) OR (n_name = 'INDIA'::bpchar))"}]}]}, {"Node Type": "Materialize", "Parent Relationship": "Inner", "Startup Cost": 10000000000.0, "Total Cost": 1000000533954.38, "Plan Rows": 100000, "Plan Width": 12, "Plans": [{"Node Type": "Index Scan", "Parent Relationship": "Outer", "Scan Direction": "Forward", "Index Name": "supplier_pkey", "Relation Name": "supplier", "Alias": "supplier", "Startup Cost": 10000000000.0, "Total Cost": 1000000533454.38, "Plan Rows": 100000, "Plan Width": 12}]}]}, {"Node Type": "Materialize", "Parent Relationship": "Inner", "Startup Cost": 10000000000.0, "Total Cost": 1000354099515.95, "Plan Rows": 18124991, "Plan Width": 40, "Plans": [{"Node Type": "Index Scan", "Parent Relationship": "Outer", "Scan Direction": "Forward", "Index Name": "idx_lineitem_orderkey", "Relation Name": "lineitem", "Alias": "lineitem", "Startup Cost": 10000000000.0, "Total Cost": 1000354008891.0, "Plan Rows": 18124991, "Plan Width": 40, "Filter": "((l_shipdate >= '1995-01-01 00:00:00'::timestamp(0) without time zone) AND (l_shipdate <= '1996-12-31 00:00:00'::timestamp(0) without time zone)), (LLVM Optimized)"}]}]}, {"Node Type": "Materialize", "Parent Relationship": "Inner", "Startup Cost": 10000000000.0, "Total Cost": 1000073172840.9, "Plan Rows": 14999479, "Plan Width": 16, "Plans": [{"Node Type": "Index Scan", "Parent Relationship": "Outer", "Scan Direction": "Forward", "Index Name": "orders_pkey", "Relation Name": "orders", "Alias": "orders", "Startup Cost": 10000000000.0, "Total Cost": 1000073097843.5, "Plan Rows": 14999479, "Plan Width": 16}]}]}]}]}]}]}, "Unique SQL Id": 2208782157, "Planner Runtime": 1}, "explain_analyze_plan": null}, "(16, 124)": {"explain_plan": {"Plan": {"Node Type": "Sort", "Startup Cost": 854530.8, "Total Cost": 854540.02, "Plan Rows": 3688, "Plan Width": 84, "Sort Key": ["n1.n_name", "n2.n_name", "(date_part('year'::text, lineitem.l_shipdate))"], "Plans": [{"Node Type": "Aggregate", "Strategy": "Hashed", "Parent Relationship": "Outer", "Startup Cost": 854266.22, "Total Cost": 854312.32, "Plan Rows": 3688, "Plan Width": 84, "Group By Key": ["n1.n_name", "n2.n_name", "date_part('year'::text, lineitem.l_shipdate)"], "Plans": [{"Node Type": "Nested Loop", "Parent Relationship": "Outer", "Join Type": "Inner", "Startup Cost": 0.0, "Total Cost": 854210.9, "Plan Rows": 3688, "Plan Width": 76, "Inner Unique": true, "Join Filter": "(n1.n_nationkey = supplier.s_nationkey)", "Plans": [{"Node Type": "Nested Loop", "Parent Relationship": "Outer", "Join Type": "Inner", "Startup Cost": 0.0, "Total Cost": 644493.13, "Plan Rows": 740786, "Plan Width": 88, "Inner Unique": false, "Plans": [{"Node Type": "Nested Loop", "Parent Relationship": "Outer", "Join Type": "Inner", "Startup Cost": 0.0, "Total Cost": 167755.5, "Plan Rows": 504972, "Plan Width": 64, "Inner Unique": false, "Plans": [{"Node Type": "Nested Loop", "Parent Relationship": "Outer", "Join Type": "Inner", "Startup Cost": 0.0, "Total Cost": 16632.98, "Plan Rows": 119904, "Plan Width": 64, "Inner Unique": false, "Plans": [{"Node Type": "Nested Loop", "Parent Relationship": "Outer", "Join Type": "Inner", "Startup Cost": 0.0, "Total Cost": 28.12, "Plan Rows": 2, "Plan Width": 60, "Inner Unique": false, "Join Filter": "(((n1.n_name = 'JAPAN'::bpchar) AND (n2.n_name = 'INDIA'::bpchar)) OR ((n1.n_name = 'INDIA'::bpchar) AND (n2.n_name = 'JAPAN'::bpchar)))", "Plans": [{"Node Type": "Index Scan", "Parent Relationship": "Outer", "Scan Direction": "Forward", "Index Name": "nation_pkey", "Relation Name": "nation", "Alias": "n1", "Startup Cost": 0.0, "Total Cost": 12.75, "Plan Rows": 25, "Plan Width": 30, "Filter": "((n_name = 'JAPAN'::bpchar) OR (n_name = 'INDIA'::bpchar))"}, {"Node Type": "Materialize", "Parent Relationship": "Inner", "Startup Cost": 0.0, "Total Cost": 1.38, "Plan Rows": 25, "Plan Width": 30, "Plans": [{"Node Type": "Seq Scan", "Parent Relationship": "Outer", "Relation Name": "nation", "Alias": "n2", "Startup Cost": 0.0, "Total Cost": 1.25, "Plan Rows": 25, "Plan Width": 30, "Filter": "((n_name = 'INDIA'::bpchar) OR (n_name = 'JAPAN'::bpchar))"}]}]}, {"Node Type": "Index Scan", "Parent Relationship": "Inner", "Scan Direction": "Forward", "Index Name": "idx_customer_nationkey", "Relation Name": "customer", "Alias": "customer", "Startup Cost": 0.0, "Total Cost": 7702.43, "Plan Rows": 60000, "Plan Width": 12, "Index Cond": "(c_nationkey = n2.n_nationkey)"}]}, {"Node Type": "Index Scan", "Parent Relationship": "Inner", "Scan Direction": "Forward", "Index Name": "idx_orders_custkey", "Relation Name": "orders", "Alias": "orders", "Startup Cost": 0.0, "Total Cost": 1.22, "Plan Rows": 4, "Plan Width": 16, "Index Cond": "(o_custkey = customer.c_custkey)"}]}, {"Node Type": "Index Scan", "Parent Relationship": "Inner", "Scan Direction": "Forward", "Index Name": "idx_lineitem_orderkey", "Relation Name": "lineitem", "Alias": "lineitem", "Startup Cost": 0.0, "Total Cost": 0.91, "Plan Rows": 3, "Plan Width": 40, "Index Cond": "(l_orderkey = orders.o_orderkey)", "Filter": "((l_shipdate >= '1995-01-01 00:00:00'::timestamp(0) without time zone) AND (l_shipdate <= '1996-12-31 00:00:00'::timestamp(0) without time zone))"}]}, {"Node Type": "Index Scan", "Parent Relationship": "Inner", "Scan Direction": "Forward", "Index Name": "supplier_pkey", "Relation Name": "supplier", "Alias": "supplier", "Startup Cost": 0.0, "Total Cost": 0.27, "Plan Rows": 1, "Plan Width": 12, "Index Cond": "(s_suppkey = lineitem.l_suppkey)"}]}]}]}, "Unique SQL Id": 2208782157, "Planner Runtime": 2}, "explain_analyze_plan": {"Plan": {"Node Type": "Sort", "Startup Cost": 854530.8, "Total Cost": 854540.02, "Plan Rows": 3688, "Plan Width": 84, "Actual Startup Time": 28122.781, "Actual Total Time": 28122.782, "Actual Rows": 4, "Actual Loops": 1, "Sort Key": ["n1.n_name", "n2.n_name", "(date_part('year'::text, lineitem.l_shipdate))"], "Sort Method": "quicksort", "Sort Space Used": 25, "Sort Space Type": "Memory", "Plans": [{"Node Type": "Aggregate", "Strategy": "Hashed", "Parent Relationship": "Outer", "Startup Cost": 854266.22, "Total Cost": 854312.32, "Plan Rows": 3688, "Plan Width": 84, "Actual Startup Time": 28122.741, "Actual Total Time": 28122.747, "Actual Rows": 4, "Actual Loops": 1, "Group By Key": ["n1.n_name", "n2.n_name", "date_part('year'::text, lineitem.l_shipdate)"], "Plans": [{"Node Type": "Nested Loop", "Parent Relationship": "Outer", "Join Type": "Inner", "Startup Cost": 0.0, "Total Cost": 854210.9, "Plan Rows": 3688, "Plan Width": 76, "Actual Startup Time": 0.366, "Actual Total Time": 28003.402, "Actual Rows": 58554, "Actual Loops": 1, "Inner Unique": true, "Join Filter": "(n1.n_nationkey = supplier.s_nationkey)", "Rows Removed by Join Filter": 1400596, "Plans": [{"Node Type": "Nested Loop", "Parent Relationship": "Outer", "Join Type": "Inner", "Startup Cost": 0.0, "Total Cost": 644493.13, "Plan Rows": 740786, "Plan Width": 88, "Actual Startup Time": 0.189, "Actual Total Time": 19861.197, "Actual Rows": 1459150, "Actual Loops": 1, "Inner Unique": false, "Plans": [{"Node Type": "Nested Loop", "Parent Relationship": "Outer", "Join Type": "Inner", "Startup Cost": 0.0, "Total Cost": 167755.5, "Plan Rows": 504972, "Plan Width": 64, "Actual Startup Time": 0.125, "Actual Total Time": 4287.725, "Actual Rows": 1200363, "Actual Loops": 1, "Inner Unique": false, "Plans": [{"Node Type": "Nested Loop", "Parent Relationship": "Outer", "Join Type": "Inner", "Startup Cost": 0.0, "Total Cost": 16632.98, "Plan Rows": 119904, "Plan Width": 64, "Actual Startup Time": 0.108, "Actual Total Time": 231.405, "Actual Rows": 119972, "Actual Loops": 1, "Inner Unique": false, "Plans": [{"Node Type": "Nested Loop", "Parent Relationship": "Outer", "Join Type": "Inner", "Startup Cost": 0.0, "Total Cost": 28.12, "Plan Rows": 2, "Plan Width": 60, "Actual Startup Time": 0.061, "Actual Total Time": 0.241, "Actual Rows": 2, "Actual Loops": 1, "Inner Unique": false, "Join Filter": "(((n1.n_name = 'JAPAN'::bpchar) AND (n2.n_name = 'INDIA'::bpchar)) OR ((n1.n_name = 'INDIA'::bpchar) AND (n2.n_name = 'JAPAN'::bpchar)))", "Rows Removed by Join Filter": 2, "Plans": [{"Node Type": "Index Scan", "Parent Relationship": "Outer", "Scan Direction": "Forward", "Index Name": "nation_pkey", "Relation Name": "nation", "Alias": "n1", "Startup Cost": 0.0, "Total Cost": 12.75, "Plan Rows": 25, "Plan Width": 30, "Actual Startup Time": 0.031, "Actual Total Time": 0.06, "Actual Rows": 2, "Actual Loops": 1, "Filter": "((n_name = 'JAPAN'::bpchar) OR (n_name = 'INDIA'::bpchar))", "Rows Removed by Filter": 23}, {"Node Type": "Materialize", "Parent Relationship": "Inner", "Startup Cost": 0.0, "Total Cost": 1.38, "Plan Rows": 25, "Plan Width": 30, "Actual Startup Time": 0.02, "Actual Total Time": 0.045, "Actual Rows": 4, "Actual Loops": 2, "Plans": [{"Node Type": "Seq Scan", "Parent Relationship": "Outer", "Relation Name": "nation", "Alias": "n2", "Startup Cost": 0.0, "Total Cost": 1.25, "Plan Rows": 25, "Plan Width": 30, "Actual Startup Time": 0.018, "Actual Total Time": 0.037, "Actual Rows": 2, "Actual Loops": 1, "Filter": "((n_name = 'INDIA'::bpchar) OR (n_name = 'JAPAN'::bpchar))", "Rows Removed by Filter": 23}]}]}, {"Node Type": "Index Scan", "Parent Relationship": "Inner", "Scan Direction": "Forward", "Index Name": "idx_customer_nationkey", "Relation Name": "customer", "Alias": "customer", "Startup Cost": 0.0, "Total Cost": 7702.43, "Plan Rows": 60000, "Plan Width": 12, "Actual Startup Time": 0.083, "Actual Total Time": 194.751, "Actual Rows": 119972, "Actual Loops": 2, "Index Cond": "(c_nationkey = n2.n_nationkey)", "Rows Removed by Index Recheck": 0}]}, {"Node Type": "Index Scan", "Parent Relationship": "Inner", "Scan Direction": "Forward", "Index Name": "idx_orders_custkey", "Relation Name": "orders", "Alias": "orders", "Startup Cost": 0.0, "Total Cost": 1.22, "Plan Rows": 4, "Plan Width": 16, "Actual Startup Time": 755.364, "Actual Total Time": 3688.889, "Actual Rows": 1200363, "Actual Loops": 119972, "Index Cond": "(o_custkey = customer.c_custkey)", "Rows Removed by Index Recheck": 0}]}, {"Node Type": "Index Scan", "Parent Relationship": "Inner", "Scan Direction": "Forward", "Index Name": "idx_lineitem_orderkey", "Relation Name": "lineitem", "Alias": "lineitem", "Startup Cost": 0.0, "Total Cost": 0.91, "Plan Rows": 3, "Plan Width": 40, "Actual Startup Time": 13375.681, "Actual Total Time": 14580.641, "Actual Rows": 1459150, "Actual Loops": 1200363, "Index Cond": "(l_orderkey = orders.o_orderkey)", "Rows Removed by Index Recheck": 0, "Filter": "((l_shipdate >= '1995-01-01 00:00:00'::timestamp(0) without time zone) AND (l_shipdate <= '1996-12-31 00:00:00'::timestamp(0) without time zone))", "Rows Removed by Filter": 3342563}]}, {"Node Type": "Index Scan", "Parent Relationship": "Inner", "Scan Direction": "Forward", "Index Name": "supplier_pkey", "Relation Name": "supplier", "Alias": "supplier", "Startup Cost": 0.0, "Total Cost": 0.27, "Plan Rows": 1, "Plan Width": 12, "Actual Startup Time": 6446.813, "Actual Total Time": 6935.809, "Actual Rows": 1459150, "Actual Loops": 1459150, "Index Cond": "(s_suppkey = lineitem.l_suppkey)", "Rows Removed by Index Recheck": 0}]}]}]}, "Triggers": [], "Planner Runtime": 2, "Total Runtime": 28123.018, "Unique SQL Id": 2208782157}}, "(16, 125)": {"explain_plan": {"Plan": {"Node Type": "Sort", "Startup Cost": 854542.3, "Total Cost": 854551.52, "Plan Rows": 3688, "Plan Width": 84, "Sort Key": ["n1.n_name", "n2.n_name", "(date_part('year'::text, lineitem.l_shipdate))"], "Plans": [{"Node Type": "Aggregate", "Strategy": "Hashed", "Parent Relationship": "Outer", "Startup Cost": 854277.72, "Total Cost": 854323.82, "Plan Rows": 3688, "Plan Width": 84, "Group By Key": ["n1.n_name", "n2.n_name", "date_part('year'::text, lineitem.l_shipdate)"], "Plans": [{"Node Type": "Nested Loop", "Parent Relationship": "Outer", "Join Type": "Inner", "Startup Cost": 0.0, "Total Cost": 854222.4, "Plan Rows": 3688, "Plan Width": 76, "Inner Unique": true, "Join Filter": "(n1.n_nationkey = supplier.s_nationkey)", "Plans": [{"Node Type": "Nested Loop", "Parent Relationship": "Outer", "Join Type": "Inner", "Startup Cost": 0.0, "Total Cost": 644504.63, "Plan Rows": 740786, "Plan Width": 88, "Inner Unique": false, "Plans": [{"Node Type": "Nested Loop", "Parent Relationship": "Outer", "Join Type": "Inner", "Startup Cost": 0.0, "Total Cost": 167767.0, "Plan Rows": 504972, "Plan Width": 64, "Inner Unique": false, "Plans": [{"Node Type": "Nested Loop", "Parent Relationship": "Outer", "Join Type": "Inner", "Startup Cost": 0.0, "Total Cost": 16644.48, "Plan Rows": 119904, "Plan Width": 64, "Inner Unique": false, "Plans": [{"Node Type": "Nested Loop", "Parent Relationship": "Outer", "Join Type": "Inner", "Startup Cost": 0.0, "Total Cost": 39.62, "Plan Rows": 2, "Plan Width": 60, "Inner Unique": false, "Join Filter": "(((n1.n_name = 'JAPAN'::bpchar) AND (n2.n_name = 'INDIA'::bpchar)) OR ((n1.n_name = 'INDIA'::bpchar) AND (n2.n_name = 'JAPAN'::bpchar)))", "Plans": [{"Node Type": "Index Scan", "Parent Relationship": "Outer", "Scan Direction": "Forward", "Index Name": "nation_pkey", "Relation Name": "nation", "Alias": "n1", "Startup Cost": 0.0, "Total Cost": 12.75, "Plan Rows": 25, "Plan Width": 30, "Filter": "((n_name = 'JAPAN'::bpchar) OR (n_name = 'INDIA'::bpchar))"}, {"Node Type": "Materialize", "Parent Relationship": "Inner", "Startup Cost": 0.0, "Total Cost": 12.88, "Plan Rows": 25, "Plan Width": 30, "Plans": [{"Node Type": "Index Scan", "Parent Relationship": "Outer", "Scan Direction": "Forward", "Index Name": "nation_pkey", "Relation Name": "nation", "Alias": "n2", "Startup Cost": 0.0, "Total Cost": 12.75, "Plan Rows": 25, "Plan Width": 30, "Filter": "((n_name = 'INDIA'::bpchar) OR (n_name = 'JAPAN'::bpchar))"}]}]}, {"Node Type": "Index Scan", "Parent Relationship": "Inner", "Scan Direction": "Forward", "Index Name": "idx_customer_nationkey", "Relation Name": "customer", "Alias": "customer", "Startup Cost": 0.0, "Total Cost": 7702.43, "Plan Rows": 60000, "Plan Width": 12, "Index Cond": "(c_nationkey = n2.n_nationkey)"}]}, {"Node Type": "Index Scan", "Parent Relationship": "Inner", "Scan Direction": "Forward", "Index Name": "idx_orders_custkey", "Relation Name": "orders", "Alias": "orders", "Startup Cost": 0.0, "Total Cost": 1.22, "Plan Rows": 4, "Plan Width": 16, "Index Cond": "(o_custkey = customer.c_custkey)"}]}, {"Node Type": "Index Scan", "Parent Relationship": "Inner", "Scan Direction": "Forward", "Index Name": "idx_lineitem_orderkey", "Relation Name": "lineitem", "Alias": "lineitem", "Startup Cost": 0.0, "Total Cost": 0.91, "Plan Rows": 3, "Plan Width": 40, "Index Cond": "(l_orderkey = orders.o_orderkey)", "Filter": "((l_shipdate >= '1995-01-01 00:00:00'::timestamp(0) without time zone) AND (l_shipdate <= '1996-12-31 00:00:00'::timestamp(0) without time zone))"}]}, {"Node Type": "Index Scan", "Parent Relationship": "Inner", "Scan Direction": "Forward", "Index Name": "supplier_pkey", "Relation Name": "supplier", "Alias": "supplier", "Startup Cost": 0.0, "Total Cost": 0.27, "Plan Rows": 1, "Plan Width": 12, "Index Cond": "(s_suppkey = lineitem.l_suppkey)"}]}]}]}, "Unique SQL Id": 2208782157, "Planner Runtime": 1}, "explain_analyze_plan": {"Plan": {"Node Type": "Sort", "Startup Cost": 854542.3, "Total Cost": 854551.52, "Plan Rows": 3688, "Plan Width": 84, "Actual Startup Time": 28224.387, "Actual Total Time": 28224.388, "Actual Rows": 4, "Actual Loops": 1, "Sort Key": ["n1.n_name", "n2.n_name", "(date_part('year'::text, lineitem.l_shipdate))"], "Sort Method": "quicksort", "Sort Space Used": 25, "Sort Space Type": "Memory", "Plans": [{"Node Type": "Aggregate", "Strategy": "Hashed", "Parent Relationship": "Outer", "Startup Cost": 854277.72, "Total Cost": 854323.82, "Plan Rows": 3688, "Plan Width": 84, "Actual Startup Time": 28224.234, "Actual Total Time": 28224.251, "Actual Rows": 4, "Actual Loops": 1, "Group By Key": ["n1.n_name", "n2.n_name", "date_part('year'::text, lineitem.l_shipdate)"], "Plans": [{"Node Type": "Nested Loop", "Parent Relationship": "Outer", "Join Type": "Inner", "Startup Cost": 0.0, "Total Cost": 854222.4, "Plan Rows": 3688, "Plan Width": 76, "Actual Startup Time": 0.287, "Actual Total Time": 28104.372, "Actual Rows": 58554, "Actual Loops": 1, "Inner Unique": true, "Join Filter": "(n1.n_nationkey = supplier.s_nationkey)", "Rows Removed by Join Filter": 1400596, "Plans": [{"Node Type": "Nested Loop", "Parent Relationship": "Outer", "Join Type": "Inner", "Startup Cost": 0.0, "Total Cost": 644504.63, "Plan Rows": 740786, "Plan Width": 88, "Actual Startup Time": 0.158, "Actual Total Time": 19926.257, "Actual Rows": 1459150, "Actual Loops": 1, "Inner Unique": false, "Plans": [{"Node Type": "Nested Loop", "Parent Relationship": "Outer", "Join Type": "Inner", "Startup Cost": 0.0, "Total Cost": 167767.0, "Plan Rows": 504972, "Plan Width": 64, "Actual Startup Time": 0.107, "Actual Total Time": 4294.097, "Actual Rows": 1200363, "Actual Loops": 1, "Inner Unique": false, "Plans": [{"Node Type": "Nested Loop", "Parent Relationship": "Outer", "Join Type": "Inner", "Startup Cost": 0.0, "Total Cost": 16644.48, "Plan Rows": 119904, "Plan Width": 64, "Actual Startup Time": 0.093, "Actual Total Time": 228.578, "Actual Rows": 119972, "Actual Loops": 1, "Inner Unique": false, "Plans": [{"Node Type": "Nested Loop", "Parent Relationship": "Outer", "Join Type": "Inner", "Startup Cost": 0.0, "Total Cost": 39.62, "Plan Rows": 2, "Plan Width": 60, "Actual Startup Time": 0.049, "Actual Total Time": 0.286, "Actual Rows": 2, "Actual Loops": 1, "Inner Unique": false, "Join Filter": "(((n1.n_name = 'JAPAN'::bpchar) AND (n2.n_name = 'INDIA'::bpchar)) OR ((n1.n_name = 'INDIA'::bpchar) AND (n2.n_name = 'JAPAN'::bpchar)))", "Rows Removed by Join Filter": 2, "Plans": [{"Node Type": "Index Scan", "Parent Relationship": "Outer", "Scan Direction": "Forward", "Index Name": "nation_pkey", "Relation Name": "nation", "Alias": "n1", "Startup Cost": 0.0, "Total Cost": 12.75, "Plan Rows": 25, "Plan Width": 30, "Actual Startup Time": 0.026, "Actual Total Time": 0.179, "Actual Rows": 2, "Actual Loops": 1, "Filter": "((n_name = 'JAPAN'::bpchar) OR (n_name = 'INDIA'::bpchar))", "Rows Removed by Filter": 23}, {"Node Type": "Materialize", "Parent Relationship": "Inner", "Startup Cost": 0.0, "Total Cost": 12.88, "Plan Rows": 25, "Plan Width": 30, "Actual Startup Time": 0.015, "Actual Total Time": 0.039, "Actual Rows": 4, "Actual Loops": 2, "Plans": [{"Node Type": "Index Scan", "Parent Relationship": "Outer", "Scan Direction": "Forward", "Index Name": "nation_pkey", "Relation Name": "nation", "Alias": "n2", "Startup Cost": 0.0, "Total Cost": 12.75, "Plan Rows": 25, "Plan Width": 30, "Actual Startup Time": 0.011, "Actual Total Time": 0.03, "Actual Rows": 2, "Actual Loops": 1, "Filter": "((n_name = 'INDIA'::bpchar) OR (n_name = 'JAPAN'::bpchar))", "Rows Removed by Filter": 23}]}]}, {"Node Type": "Index Scan", "Parent Relationship": "Inner", "Scan Direction": "Forward", "Index Name": "idx_customer_nationkey", "Relation Name": "customer", "Alias": "customer", "Startup Cost": 0.0, "Total Cost": 7702.43, "Plan Rows": 60000, "Plan Width": 12, "Actual Startup Time": 0.079, "Actual Total Time": 191.533, "Actual Rows": 119972, "Actual Loops": 2, "Index Cond": "(c_nationkey = n2.n_nationkey)", "Rows Removed by Index Recheck": 0}]}, {"Node Type": "Index Scan", "Parent Relationship": "Inner", "Scan Direction": "Forward", "Index Name": "idx_orders_custkey", "Relation Name": "orders", "Alias": "orders", "Startup Cost": 0.0, "Total Cost": 1.22, "Plan Rows": 4, "Plan Width": 16, "Actual Startup Time": 758.407, "Actual Total Time": 3690.79, "Actual Rows": 1200363, "Actual Loops": 119972, "Index Cond": "(o_custkey = customer.c_custkey)", "Rows Removed by Index Recheck": 0}]}, {"Node Type": "Index Scan", "Parent Relationship": "Inner", "Scan Direction": "Forward", "Index Name": "idx_lineitem_orderkey", "Relation Name": "lineitem", "Alias": "lineitem", "Startup Cost": 0.0, "Total Cost": 0.91, "Plan Rows": 3, "Plan Width": 40, "Actual Startup Time": 13418.347, "Actual Total Time": 14638.452, "Actual Rows": 1459150, "Actual Loops": 1200363, "Index Cond": "(l_orderkey = orders.o_orderkey)", "Rows Removed by Index Recheck": 0, "Filter": "((l_shipdate >= '1995-01-01 00:00:00'::timestamp(0) without time zone) AND (l_shipdate <= '1996-12-31 00:00:00'::timestamp(0) without time zone))", "Rows Removed by Filter": 3342563}]}, {"Node Type": "Index Scan", "Parent Relationship": "Inner", "Scan Direction": "Forward", "Index Name": "supplier_pkey", "Relation Name": "supplier", "Alias": "supplier", "Startup Cost": 0.0, "Total Cost": 0.27, "Plan Rows": 1, "Plan Width": 12, "Actual Startup Time": 6462.502, "Actual Total Time": 6955.698, "Actual Rows": 1459150, "Actual Loops": 1459150, "Index Cond": "(s_suppkey = lineitem.l_suppkey)", "Rows Removed by Index Recheck": 0}]}]}]}, "Triggers": [], "Planner Runtime": 1, "Total Runtime": 28224.669, "Unique SQL Id": 2208782157}}, "(16, 126)": {"explain_plan": {"Plan": {"Node Type": "Sort", "Startup Cost": 25342456523.17, "Total Cost": 25342456532.39, "Plan Rows": 3688, "Plan Width": 84, "Sort Key": ["n1.n_name", "n2.n_name", "(date_part('year'::text, lineitem.l_shipdate))"], "Plans": [{"Node Type": "Aggregate", "Strategy": "Hashed", "Parent Relationship": "Outer", "Startup Cost": 25342456258.58, "Total Cost": 25342456304.68, "Plan Rows": 3688, "Plan Width": 84, "Group By Key": ["n1.n_name", "n2.n_name", "date_part('year'::text, lineitem.l_shipdate)"], "Plans": [{"Node Type": "Nested Loop", "Parent Relationship": "Outer", "Join Type": "Inner", "Startup Cost": 44.6, "Total Cost": 25342456203.26, "Plan Rows": 3688, "Plan Width": 76, "Inner Unique": false, "Join Filter": "((orders.o_custkey = customer.c_custkey) AND (n2.n_nationkey = customer.c_nationkey))", "Plans": [{"Node Type": "Seq Scan", "Parent Relationship": "Outer", "Relation Name": "customer", "Alias": "customer", "Startup Cost": 0.0, "Total Cost": 52126.0, "Plan Rows": 1500000, "Plan Width": 12}, {"Node Type": "Materialize", "Parent Relationship": "Inner", "Startup Cost": 44.6, "Total Cost": 22921970548.56, "Plan Rows": 92207, "Plan Width": 88, "Plans": [{"Node Type": "Nested Loop", "Parent Relationship": "Outer", "Join Type": "Inner", "Startup Cost": 44.6, "Total Cost": 22921970087.52, "Plan Rows": 92207, "Plan Width": 88, "Inner Unique": false, "Join Filter": "(lineitem.l_orderkey = orders.o_orderkey)", "Plans": [{"Node Type": "Seq Scan", "Parent Relationship": "Outer", "Relation Name": "orders", "Alias": "orders", "Startup Cost": 0.0, "Total Cost": 426413.79, "Plan Rows": 14999479, "Plan Width": 16}, {"Node Type": "Materialize", "Parent Relationship": "Inner", "Startup Cost": 44.6, "Total Cost": 2175689501.95, "Plan Rows": 92207, "Plan Width": 88, "Plans": [{"Node Type": "Nested Loop", "Parent Relationship": "Outer", "Join Type": "Inner", "Startup Cost": 44.6, "Total Cost": 2175689040.92, "Plan Rows": 92207, "Plan Width": 88, "Inner Unique": false, "Join Filter": "(supplier.s_suppkey = lineitem.l_suppkey)", "Plans": [{"Node Type": "Seq Scan", "Parent Relationship": "Outer", "Relation Name": "lineitem", "Alias": "lineitem", "Startup Cost": 44.6, "Total Cost": 2315050.5, "Plan Rows": 18124991, "Plan Width": 40, "Filter": "((l_shipdate >= '1995-01-01 00:00:00'::timestamp(0) without time zone) AND (l_shipdate <= '1996-12-31 00:00:00'::timestamp(0) without time zone)), (LLVM Optimized)"}, {"Node Type": "Materialize", "Parent Relationship": "Inner", "Startup Cost": 0.0, "Total Cost": 6339.6, "Plan Rows": 7994, "Plan Width": 64, "Plans": [{"Node Type": "Nested Loop", "Parent Relationship": "Outer", "Join Type": "Inner", "Startup Cost": 0.0, "Total Cost": 6299.63, "Plan Rows": 7994, "Plan Width": 64, "Inner Unique": false, "Join Filter": "(n1.n_nationkey = supplier.s_nationkey)", "Plans": [{"Node Type": "Seq Scan", "Parent Relationship": "Outer", "Relation Name": "supplier", "Alias": "supplier", "Startup Cost": 0.0, "Total Cost": 3283.0, "Plan Rows": 100000, "Plan Width": 12}, {"Node Type": "Materialize", "Parent Relationship": "Inner", "Startup Cost": 0.0, "Total Cost": 16.64, "Plan Rows": 2, "Plan Width": 60, "Plans": [{"Node Type": "Nested Loop", "Parent Relationship": "Outer", "Join Type": "Inner", "Startup Cost": 0.0, "Total Cost": 16.62, "Plan Rows": 2, "Plan Width": 60, "Inner Unique": false, "Join Filter": "(((n1.n_name = 'JAPAN'::bpchar) AND (n2.n_name = 'INDIA'::bpchar)) OR ((n1.n_name = 'INDIA'::bpchar) AND (n2.n_name = 'JAPAN'::bpchar)))", "Plans": [{"Node Type": "Seq Scan", "Parent Relationship": "Outer", "Relation Name": "nation", "Alias": "n1", "Startup Cost": 0.0, "Total Cost": 1.25, "Plan Rows": 25, "Plan Width": 30, "Filter": "((n_name = 'JAPAN'::bpchar) OR (n_name = 'INDIA'::bpchar))"}, {"Node Type": "Materialize", "Parent Relationship": "Inner", "Startup Cost": 0.0, "Total Cost": 1.38, "Plan Rows": 25, "Plan Width": 30, "Plans": [{"Node Type": "Seq Scan", "Parent Relationship": "Outer", "Relation Name": "nation", "Alias": "n2", "Startup Cost": 0.0, "Total Cost": 1.25, "Plan Rows": 25, "Plan Width": 30, "Filter": "((n_name = 'INDIA'::bpchar) OR (n_name = 'JAPAN'::bpchar))"}]}]}]}]}]}]}]}]}]}]}]}]}, "Unique SQL Id": 2208782157, "Planner Runtime": 2}, "explain_analyze_plan": null}, "(16, 127)": {"explain_plan": {"Plan": {"Node Type": "Sort", "Startup Cost": 6025775461732.55, "Total Cost": 6025775461741.77, "Plan Rows": 3688, "Plan Width": 84, "Sort Key": ["n1.n_name", "n2.n_name", "(date_part('year'::text, lineitem.l_shipdate))"], "Plans": [{"Node Type": "Aggregate", "Strategy": "Hashed", "Parent Relationship": "Outer", "Startup Cost": 6025775461467.96, "Total Cost": 6025775461514.06, "Plan Rows": 3688, "Plan Width": 84, "Group By Key": ["n1.n_name", "n2.n_name", "date_part('year'::text, lineitem.l_shipdate)"], "Plans": [{"Node Type": "Nested Loop", "Parent Relationship": "Outer", "Join Type": "Inner", "Startup Cost": 60000000000.0, "Total Cost": 6025775461412.64, "Plan Rows": 3688, "Plan Width": 76, "Inner Unique": false, "Join Filter": "((orders.o_custkey = customer.c_custkey) AND (n2.n_nationkey = customer.c_nationkey))", "Plans": [{"Node Type": "Index Scan", "Parent Relationship": "Outer", "Scan Direction": "Forward", "Index Name": "customer_pkey", "Relation Name": "customer", "Alias": "customer", "Startup Cost": 10000000000.0, "Total Cost": 1000008076535.62, "Plan Rows": 1500000, "Plan Width": 12}, {"Node Type": "Materialize", "Parent Relationship": "Inner", "Startup Cost": 50000000000.0, "Total Cost": 5023346951348.32, "Plan Rows": 92207, "Plan Width": 88, "Plans": [{"Node Type": "Nested Loop", "Parent Relationship": "Outer", "Join Type": "Inner", "Startup Cost": 50000000000.0, "Total Cost": 5023346950887.28, "Plan Rows": 92207, "Plan Width": 88, "Inner Unique": true, "Join Filter": "(lineitem.l_orderkey = orders.o_orderkey)", "Plans": [{"Node Type": "Nested Loop", "Parent Relationship": "Outer", "Join Type": "Inner", "Startup Cost": 40000000000.0, "Total Cost": 4002527961142.79, "Plan Rows": 92207, "Plan Width": 88, "Inner Unique": false, "Join Filter": "(supplier.s_suppkey = lineitem.l_suppkey)", "Plans": [{"Node Type": "Nested Loop", "Parent Relationship": "Outer", "Join Type": "Inner", "Startup Cost": 30000000000.0, "Total Cost": 3000000539268.5, "Plan Rows": 7994, "Plan Width": 64, "Inner Unique": false, "Join Filter": "(n1.n_nationkey = supplier.s_nationkey)", "Plans": [{"Node Type": "Nested Loop", "Parent Relationship": "Outer", "Join Type": "Inner", "Startup Cost": 20000000000.0, "Total Cost": 2000000002564.12, "Plan Rows": 2, "Plan Width": 60, "Inner Unique": false, "Join Filter": "(((n1.n_name = 'JAPAN'::bpchar) AND (n2.n_name = 'INDIA'::bpchar)) OR ((n1.n_name = 'INDIA'::bpchar) AND (n2.n_name = 'JAPAN'::bpchar)))", "Plans": [{"Node Type": "Index Scan", "Parent Relationship": "Outer", "Scan Direction": "Forward", "Index Name": "nation_pkey", "Relation Name": "nation", "Alias": "n2", "Startup Cost": 10000000000.0, "Total Cost": 1000000001275.0, "Plan Rows": 25, "Plan Width": 30, "Filter": "((n_name = 'INDIA'::bpchar) OR (n_name = 'JAPAN'::bpchar))"}, {"Node Type": "Materialize", "Parent Relationship": "Inner", "Startup Cost": 10000000000.0, "Total Cost": 1000000001275.12, "Plan Rows": 25, "Plan Width": 30, "Plans": [{"Node Type": "Index Scan", "Parent Relationship": "Outer", "Scan Direction": "Forward", "Index Name": "nation_pkey", "Relation Name": "nation", "Alias": "n1", "Startup Cost": 10000000000.0, "Total Cost": 1000000001275.0, "Plan Rows": 25, "Plan Width": 30, "Filter": "((n_name = 'JAPAN'::bpchar) OR (n_name = 'INDIA'::bpchar))"}]}]}, {"Node Type": "Materialize", "Parent Relationship": "Inner", "Startup Cost": 10000000000.0, "Total Cost": 1000000533954.38, "Plan Rows": 100000, "Plan Width": 12, "Plans": [{"Node Type": "Index Scan", "Parent Relationship": "Outer", "Scan Direction": "Forward", "Index Name": "supplier_pkey", "Relation Name": "supplier", "Alias": "supplier", "Startup Cost": 10000000000.0, "Total Cost": 1000000533454.38, "Plan Rows": 100000, "Plan Width": 12}]}]}, {"Node Type": "Materialize", "Parent Relationship": "Inner", "Startup Cost": 10000000000.0, "Total Cost": 1000354099515.95, "Plan Rows": 18124991, "Plan Width": 40, "Plans": [{"Node Type": "Index Scan", "Parent Relationship": "Outer", "Scan Direction": "Forward", "Index Name": "idx_lineitem_orderkey", "Relation Name": "lineitem", "Alias": "lineitem", "Startup Cost": 10000000000.0, "Total Cost": 1000354008891.0, "Plan Rows": 18124991, "Plan Width": 40, "Filter": "((l_shipdate >= '1995-01-01 00:00:00'::timestamp(0) without time zone) AND (l_shipdate <= '1996-12-31 00:00:00'::timestamp(0) without time zone)), (LLVM Optimized)"}]}]}, {"Node Type": "Materialize", "Parent Relationship": "Inner", "Startup Cost": 10000000000.0, "Total Cost": 1000073172840.9, "Plan Rows": 14999479, "Plan Width": 16, "Plans": [{"Node Type": "Index Scan", "Parent Relationship": "Outer", "Scan Direction": "Forward", "Index Name": "orders_pkey", "Relation Name": "orders", "Alias": "orders", "Startup Cost": 10000000000.0, "Total Cost": 1000073097843.5, "Plan Rows": 14999479, "Plan Width": 16}]}]}]}]}]}]}, "Unique SQL Id": 2208782157, "Planner Runtime": 1}, "explain_analyze_plan": null}, "(64, 0)": {"explain_plan": {"Plan": {"Node Type": "Sort", "Startup Cost": 653440.12, "Total Cost": 653449.34, "Plan Rows": 3688, "Plan Width": 84, "Sort Key": ["n1.n_name", "n2.n_name", "(date_part('year'::text, lineitem.l_shipdate))"], "Plans": [{"Node Type": "Aggregate", "Strategy": "Hashed", "Parent Relationship": "Outer", "Startup Cost": 653175.54, "Total Cost": 653221.64, "Plan Rows": 3688, "Plan Width": 84, "Group By Key": ["n1.n_name", "n2.n_name", "date_part('year'::text, lineitem.l_shipdate)"], "Plans": [{"Node Type": "Hash Join", "Parent Relationship": "Outer", "Join Type": "Inner", "Startup Cost": 5813.37, "Total Cost": 653120.22, "Plan Rows": 3688, "Plan Width": 76, "Inner Unique": true, "Hash Cond": "((lineitem.l_suppkey = supplier.s_suppkey) AND (n1.n_nationkey = supplier.s_nationkey))", "Plans": [{"Node Type": "Nested Loop", "Parent Relationship": "Outer", "Join Type": "Inner", "Startup Cost": 1030.37, "Total Cost": 642753.24, "Plan Rows": 740786, "Plan Width": 88, "Inner Unique": false, "Plans": [{"Node Type": "Nested Loop", "Parent Relationship": "Outer", "Join Type": "Inner", "Startup Cost": 1030.37, "Total Cost": 166015.61, "Plan Rows": 504972, "Plan Width": 64, "Inner Unique": false, "Plans": [{"Node Type": "Nested Loop", "Parent Relationship": "Outer", "Join Type": "Inner", "Startup Cost": 1030.37, "Total Cost": 14893.09, "Plan Rows": 119904, "Plan Width": 64, "Inner Unique": false, "Plans": [{"Node Type": "Nested Loop", "Parent Relationship": "Outer", "Join Type": "Inner", "Startup Cost": 0.0, "Total Cost": 28.12, "Plan Rows": 2, "Plan Width": 60, "Inner Unique": false, "Join Filter": "(((n1.n_name = 'JAPAN'::bpchar) AND (n2.n_name = 'INDIA'::bpchar)) OR ((n1.n_name = 'INDIA'::bpchar) AND (n2.n_name = 'JAPAN'::bpchar)))", "Plans": [{"Node Type": "Index Scan", "Parent Relationship": "Outer", "Scan Direction": "Forward", "Index Name": "nation_pkey", "Relation Name": "nation", "Alias": "n1", "Startup Cost": 0.0, "Total Cost": 12.75, "Plan Rows": 25, "Plan Width": 30, "Filter": "((n_name = 'JAPAN'::bpchar) OR (n_name = 'INDIA'::bpchar))"}, {"Node Type": "Materialize", "Parent Relationship": "Inner", "Startup Cost": 0.0, "Total Cost": 1.38, "Plan Rows": 25, "Plan Width": 30, "Plans": [{"Node Type": "Seq Scan", "Parent Relationship": "Outer", "Relation Name": "nation", "Alias": "n2", "Startup Cost": 0.0, "Total Cost": 1.25, "Plan Rows": 25, "Plan Width": 30, "Filter": "((n_name = 'INDIA'::bpchar) OR (n_name = 'JAPAN'::bpchar))"}]}]}, {"Node Type": "Bitmap Heap Scan", "Parent Relationship": "Inner", "Relation Name": "customer", "Alias": "customer", "Startup Cost": 1030.37, "Total Cost": 6832.48, "Plan Rows": 60000, "Plan Width": 12, "Recheck Cond": "(c_nationkey = n2.n_nationkey)", "Plans": [{"Node Type": "Bitmap Index Scan", "Parent Relationship": "Outer", "Index Name": "idx_customer_nationkey", "Startup Cost": 0.0, "Total Cost": 1015.37, "Plan Rows": 60000, "Plan Width": 0, "Index Cond": "(c_nationkey = n2.n_nationkey)"}]}]}, {"Node Type": "Index Scan", "Parent Relationship": "Inner", "Scan Direction": "Forward", "Index Name": "idx_orders_custkey", "Relation Name": "orders", "Alias": "orders", "Startup Cost": 0.0, "Total Cost": 1.22, "Plan Rows": 4, "Plan Width": 16, "Index Cond": "(o_custkey = customer.c_custkey)"}]}, {"Node Type": "Index Scan", "Parent Relationship": "Inner", "Scan Direction": "Forward", "Index Name": "idx_lineitem_orderkey", "Relation Name": "lineitem", "Alias": "lineitem", "Startup Cost": 0.0, "Total Cost": 0.91, "Plan Rows": 3, "Plan Width": 40, "Index Cond": "(l_orderkey = orders.o_orderkey)", "Filter": "((l_shipdate >= '1995-01-01 00:00:00'::timestamp(0) without time zone) AND (l_shipdate <= '1996-12-31 00:00:00'::timestamp(0) without time zone))"}]}, {"Node Type": "Hash", "Parent Relationship": "Inner", "Startup Cost": 3283.0, "Total Cost": 3283.0, "Plan Rows": 100000, "Plan Width": 12, "Plans": [{"Node Type": "Seq Scan", "Parent Relationship": "Outer", "Relation Name": "supplier", "Alias": "supplier", "Startup Cost": 0.0, "Total Cost": 3283.0, "Plan Rows": 100000, "Plan Width": 12}]}]}]}]}, "Unique SQL Id": 2208782157, "Planner Runtime": 5}, "explain_analyze_plan": {"Plan": {"Node Type": "Sort", "Startup Cost": 653440.12, "Total Cost": 653449.34, "Plan Rows": 3688, "Plan Width": 84, "Actual Startup Time": 19902.508, "Actual Total Time": 19902.509, "Actual Rows": 4, "Actual Loops": 1, "Sort Key": ["n1.n_name", "n2.n_name", "(date_part('year'::text, lineitem.l_shipdate))"], "Sort Method": "quicksort", "Sort Space Used": 25, "Sort Space Type": "Memory", "Plans": [{"Node Type": "Aggregate", "Strategy": "Hashed", "Parent Relationship": "Outer", "Startup Cost": 653175.54, "Total Cost": 653221.64, "Plan Rows": 3688, "Plan Width": 84, "Actual Startup Time": 19902.464, "Actual Total Time": 19902.469, "Actual Rows": 4, "Actual Loops": 1, "Group By Key": ["n1.n_name", "n2.n_name", "date_part('year'::text, lineitem.l_shipdate)"], "Plans": [{"Node Type": "Hash Join", "Parent Relationship": "Outer", "Join Type": "Inner", "Startup Cost": 5813.37, "Total Cost": 653120.22, "Plan Rows": 3688, "Plan Width": 76, "Actual Startup Time": 89.509, "Actual Total Time": 19798.021, "Actual Rows": 58554, "Actual Loops": 1, "Inner Unique": true, "Hash Cond": "((lineitem.l_suppkey = supplier.s_suppkey) AND (n1.n_nationkey = supplier.s_nationkey))", "Plans": [{"Node Type": "Nested Loop", "Parent Relationship": "Outer", "Join Type": "Inner", "Startup Cost": 1030.37, "Total Cost": 642753.24, "Plan Rows": 740786, "Plan Width": 88, "Actual Startup Time": 18.132, "Actual Total Time": 18971.637, "Actual Rows": 1459150, "Actual Loops": 1, "Inner Unique": false, "Plans": [{"Node Type": "Nested Loop", "Parent Relationship": "Outer", "Join Type": "Inner", "Startup Cost": 1030.37, "Total Cost": 166015.61, "Plan Rows": 504972, "Plan Width": 64, "Actual Startup Time": 18.049, "Actual Total Time": 3932.099, "Actual Rows": 1200363, "Actual Loops": 1, "Inner Unique": false, "Plans": [{"Node Type": "Nested Loop", "Parent Relationship": "Outer", "Join Type": "Inner", "Startup Cost": 1030.37, "Total Cost": 14893.09, "Plan Rows": 119904, "Plan Width": 64, "Actual Startup Time": 18.018, "Actual Total Time": 279.492, "Actual Rows": 119972, "Actual Loops": 1, "Inner Unique": false, "Plans": [{"Node Type": "Nested Loop", "Parent Relationship": "Outer", "Join Type": "Inner", "Startup Cost": 0.0, "Total Cost": 28.12, "Plan Rows": 2, "Plan Width": 60, "Actual Startup Time": 0.056, "Actual Total Time": 0.32, "Actual Rows": 2, "Actual Loops": 1, "Inner Unique": false, "Join Filter": "(((n1.n_name = 'JAPAN'::bpchar) AND (n2.n_name = 'INDIA'::bpchar)) OR ((n1.n_name = 'INDIA'::bpchar) AND (n2.n_name = 'JAPAN'::bpchar)))", "Rows Removed by Join Filter": 2, "Plans": [{"Node Type": "Index Scan", "Parent Relationship": "Outer", "Scan Direction": "Forward", "Index Name": "nation_pkey", "Relation Name": "nation", "Alias": "n1", "Startup Cost": 0.0, "Total Cost": 12.75, "Plan Rows": 25, "Plan Width": 30, "Actual Startup Time": 0.023, "Actual Total Time": 0.058, "Actual Rows": 2, "Actual Loops": 1, "Filter": "((n_name = 'JAPAN'::bpchar) OR (n_name = 'INDIA'::bpchar))", "Rows Removed by Filter": 23}, {"Node Type": "Materialize", "Parent Relationship": "Inner", "Startup Cost": 0.0, "Total Cost": 1.38, "Plan Rows": 25, "Plan Width": 30, "Actual Startup Time": 0.025, "Actual Total Time": 0.206, "Actual Rows": 4, "Actual Loops": 2, "Plans": [{"Node Type": "Seq Scan", "Parent Relationship": "Outer", "Relation Name": "nation", "Alias": "n2", "Startup Cost": 0.0, "Total Cost": 1.25, "Plan Rows": 25, "Plan Width": 30, "Actual Startup Time": 0.016, "Actual Total Time": 0.032, "Actual Rows": 2, "Actual Loops": 1, "Filter": "((n_name = 'INDIA'::bpchar) OR (n_name = 'JAPAN'::bpchar))", "Rows Removed by Filter": 23}]}]}, {"Node Type": "Bitmap Heap Scan", "Parent Relationship": "Inner", "Relation Name": "customer", "Alias": "customer", "Startup Cost": 1030.37, "Total Cost": 6832.48, "Plan Rows": 60000, "Plan Width": 12, "Actual Startup Time": 36.173, "Actual Total Time": 249.567, "Actual Rows": 119972, "Actual Loops": 2, "Recheck Cond": "(c_nationkey = n2.n_nationkey)", "Rows Removed by Index Recheck": 0, "Exact Heap Blocks": 59938, "Lossy Heap Blocks": 59938, "Plans": [{"Node Type": "Bitmap Index Scan", "Parent Relationship": "Outer", "Index Name": "idx_customer_nationkey", "Startup Cost": 0.0, "Total Cost": 1015.37, "Plan Rows": 60000, "Plan Width": 0, "Actual Startup Time": 22.983, "Actual Total Time": 22.983, "Actual Rows": 119972, "Actual Loops": 2, "Index Cond": "(c_nationkey = n2.n_nationkey)"}]}]}, {"Node Type": "Index Scan", "Parent Relationship": "Inner", "Scan Direction": "Forward", "Index Name": "idx_orders_custkey", "Relation Name": "orders", "Alias": "orders", "Startup Cost": 0.0, "Total Cost": 1.22, "Plan Rows": 4, "Plan Width": 16, "Actual Startup Time": 724.391, "Actual Total Time": 3299.643, "Actual Rows": 1200363, "Actual Loops": 119972, "Index Cond": "(o_custkey = customer.c_custkey)", "Rows Removed by Index Recheck": 0}]}, {"Node Type": "Index Scan", "Parent Relationship": "Inner", "Scan Direction": "Forward", "Index Name": "idx_lineitem_orderkey", "Relation Name": "lineitem", "Alias": "lineitem", "Startup Cost": 0.0, "Total Cost": 0.91, "Plan Rows": 3, "Plan Width": 40, "Actual Startup Time": 12888.705, "Actual Total Time": 14075.474, "Actual Rows": 1459150, "Actual Loops": 1200363, "Index Cond": "(l_orderkey = orders.o_orderkey)", "Rows Removed by Index Recheck": 0, "Filter": "((l_shipdate >= '1995-01-01 00:00:00'::timestamp(0) without time zone) AND (l_shipdate <= '1996-12-31 00:00:00'::timestamp(0) without time zone))", "Rows Removed by Filter": 3342563}]}, {"Node Type": "Hash", "Parent Relationship": "Inner", "Startup Cost": 3283.0, "Total Cost": 3283.0, "Plan Rows": 100000, "Plan Width": 12, "Actual Startup Time": 71.106, "Actual Total Time": 71.106, "Actual Rows": 100000, "Actual Loops": 1, "Hash Buckets": 131072, "Hash Batches": 1, "Original Hash Batches": 1, "Peak Memory Usage": 4297, "Plans": [{"Node Type": "Seq Scan", "Parent Relationship": "Outer", "Relation Name": "supplier", "Alias": "supplier", "Startup Cost": 0.0, "Total Cost": 3283.0, "Plan Rows": 100000, "Plan Width": 12, "Actual Startup Time": 0.014, "Actual Total Time": 40.736, "Actual Rows": 100000, "Actual Loops": 1}]}]}]}]}, "Triggers": [], "Planner Runtime": 3, "Total Runtime": 19902.814, "Unique SQL Id": 2208782157}}, "(64, 1)": {"explain_plan": {"Plan": {"Node Type": "Sort", "Startup Cost": 655503.17, "Total Cost": 655512.39, "Plan Rows": 3688, "Plan Width": 84, "Sort Key": ["n1.n_name", "n2.n_name", "(date_part('year'::text, lineitem.l_shipdate))"], "Plans": [{"Node Type": "Aggregate", "Strategy": "Hashed", "Parent Relationship": "Outer", "Startup Cost": 655238.58, "Total Cost": 655284.68, "Plan Rows": 3688, "Plan Width": 84, "Group By Key": ["n1.n_name", "n2.n_name", "date_part('year'::text, lineitem.l_shipdate)"], "Plans": [{"Node Type": "Hash Join", "Parent Relationship": "Outer", "Join Type": "Inner", "Startup Cost": 7864.91, "Total Cost": 655183.26, "Plan Rows": 3688, "Plan Width": 76, "Inner Unique": true, "Hash Cond": "((lineitem.l_suppkey = supplier.s_suppkey) AND (n1.n_nationkey = supplier.s_nationkey))", "Plans": [{"Node Type": "Nested Loop", "Parent Relationship": "Outer", "Join Type": "Inner", "Startup Cost": 1030.37, "Total Cost": 642764.74, "Plan Rows": 740786, "Plan Width": 88, "Inner Unique": false, "Plans": [{"Node Type": "Nested Loop", "Parent Relationship": "Outer", "Join Type": "Inner", "Startup Cost": 1030.37, "Total Cost": 166027.11, "Plan Rows": 504972, "Plan Width": 64, "Inner Unique": false, "Plans": [{"Node Type": "Nested Loop", "Parent Relationship": "Outer", "Join Type": "Inner", "Startup Cost": 1030.37, "Total Cost": 14904.59, "Plan Rows": 119904, "Plan Width": 64, "Inner Unique": false, "Plans": [{"Node Type": "Nested Loop", "Parent Relationship": "Outer", "Join Type": "Inner", "Startup Cost": 0.0, "Total Cost": 39.62, "Plan Rows": 2, "Plan Width": 60, "Inner Unique": false, "Join Filter": "(((n1.n_name = 'JAPAN'::bpchar) AND (n2.n_name = 'INDIA'::bpchar)) OR ((n1.n_name = 'INDIA'::bpchar) AND (n2.n_name = 'JAPAN'::bpchar)))", "Plans": [{"Node Type": "Index Scan", "Parent Relationship": "Outer", "Scan Direction": "Forward", "Index Name": "nation_pkey", "Relation Name": "nation", "Alias": "n1", "Startup Cost": 0.0, "Total Cost": 12.75, "Plan Rows": 25, "Plan Width": 30, "Filter": "((n_name = 'JAPAN'::bpchar) OR (n_name = 'INDIA'::bpchar))"}, {"Node Type": "Materialize", "Parent Relationship": "Inner", "Startup Cost": 0.0, "Total Cost": 12.88, "Plan Rows": 25, "Plan Width": 30, "Plans": [{"Node Type": "Index Scan", "Parent Relationship": "Outer", "Scan Direction": "Forward", "Index Name": "nation_pkey", "Relation Name": "nation", "Alias": "n2", "Startup Cost": 0.0, "Total Cost": 12.75, "Plan Rows": 25, "Plan Width": 30, "Filter": "((n_name = 'INDIA'::bpchar) OR (n_name = 'JAPAN'::bpchar))"}]}]}, {"Node Type": "Bitmap Heap Scan", "Parent Relationship": "Inner", "Relation Name": "customer", "Alias": "customer", "Startup Cost": 1030.37, "Total Cost": 6832.48, "Plan Rows": 60000, "Plan Width": 12, "Recheck Cond": "(c_nationkey = n2.n_nationkey)", "Plans": [{"Node Type": "Bitmap Index Scan", "Parent Relationship": "Outer", "Index Name": "idx_customer_nationkey", "Startup Cost": 0.0, "Total Cost": 1015.37, "Plan Rows": 60000, "Plan Width": 0, "Index Cond": "(c_nationkey = n2.n_nationkey)"}]}]}, {"Node Type": "Index Scan", "Parent Relationship": "Inner", "Scan Direction": "Forward", "Index Name": "idx_orders_custkey", "Relation Name": "orders", "Alias": "orders", "Startup Cost": 0.0, "Total Cost": 1.22, "Plan Rows": 4, "Plan Width": 16, "Index Cond": "(o_custkey = customer.c_custkey)"}]}, {"Node Type": "Index Scan", "Parent Relationship": "Inner", "Scan Direction": "Forward", "Index Name": "idx_lineitem_orderkey", "Relation Name": "lineitem", "Alias": "lineitem", "Startup Cost": 0.0, "Total Cost": 0.91, "Plan Rows": 3, "Plan Width": 40, "Index Cond": "(l_orderkey = orders.o_orderkey)", "Filter": "((l_shipdate >= '1995-01-01 00:00:00'::timestamp(0) without time zone) AND (l_shipdate <= '1996-12-31 00:00:00'::timestamp(0) without time zone))"}]}, {"Node Type": "Hash", "Parent Relationship": "Inner", "Startup Cost": 5334.54, "Total Cost": 5334.54, "Plan Rows": 100000, "Plan Width": 12, "Plans": [{"Node Type": "Index Scan", "Parent Relationship": "Outer", "Scan Direction": "Forward", "Index Name": "supplier_pkey", "Relation Name": "supplier", "Alias": "supplier", "Startup Cost": 0.0, "Total Cost": 5334.54, "Plan Rows": 100000, "Plan Width": 12}]}]}]}]}, "Unique SQL Id": 2208782157, "Planner Runtime": 5}, "explain_analyze_plan": {"Plan": {"Node Type": "Sort", "Startup Cost": 655503.17, "Total Cost": 655512.39, "Plan Rows": 3688, "Plan Width": 84, "Actual Startup Time": 20265.933, "Actual Total Time": 20265.933, "Actual Rows": 4, "Actual Loops": 1, "Sort Key": ["n1.n_name", "n2.n_name", "(date_part('year'::text, lineitem.l_shipdate))"], "Sort Method": "quicksort", "Sort Space Used": 25, "Sort Space Type": "Memory", "Plans": [{"Node Type": "Aggregate", "Strategy": "Hashed", "Parent Relationship": "Outer", "Startup Cost": 655238.58, "Total Cost": 655284.68, "Plan Rows": 3688, "Plan Width": 84, "Actual Startup Time": 20265.889, "Actual Total Time": 20265.895, "Actual Rows": 4, "Actual Loops": 1, "Group By Key": ["n1.n_name", "n2.n_name", "date_part('year'::text, lineitem.l_shipdate)"], "Plans": [{"Node Type": "Hash Join", "Parent Relationship": "Outer", "Join Type": "Inner", "Startup Cost": 7864.91, "Total Cost": 655183.26, "Plan Rows": 3688, "Plan Width": 76, "Actual Startup Time": 130.678, "Actual Total Time": 20164.418, "Actual Rows": 58554, "Actual Loops": 1, "Inner Unique": true, "Hash Cond": "((lineitem.l_suppkey = supplier.s_suppkey) AND (n1.n_nationkey = supplier.s_nationkey))", "Plans": [{"Node Type": "Nested Loop", "Parent Relationship": "Outer", "Join Type": "Inner", "Startup Cost": 1030.37, "Total Cost": 642764.74, "Plan Rows": 740786, "Plan Width": 88, "Actual Startup Time": 18.121, "Actual Total Time": 19351.546, "Actual Rows": 1459150, "Actual Loops": 1, "Inner Unique": false, "Plans": [{"Node Type": "Nested Loop", "Parent Relationship": "Outer", "Join Type": "Inner", "Startup Cost": 1030.37, "Total Cost": 166027.11, "Plan Rows": 504972, "Plan Width": 64, "Actual Startup Time": 18.033, "Actual Total Time": 4154.387, "Actual Rows": 1200363, "Actual Loops": 1, "Inner Unique": false, "Plans": [{"Node Type": "Nested Loop", "Parent Relationship": "Outer", "Join Type": "Inner", "Startup Cost": 1030.37, "Total Cost": 14904.59, "Plan Rows": 119904, "Plan Width": 64, "Actual Startup Time": 18.001, "Actual Total Time": 287.281, "Actual Rows": 119972, "Actual Loops": 1, "Inner Unique": false, "Plans": [{"Node Type": "Nested Loop", "Parent Relationship": "Outer", "Join Type": "Inner", "Startup Cost": 0.0, "Total Cost": 39.62, "Plan Rows": 2, "Plan Width": 60, "Actual Startup Time": 0.051, "Actual Total Time": 0.158, "Actual Rows": 2, "Actual Loops": 1, "Inner Unique": false, "Join Filter": "(((n1.n_name = 'JAPAN'::bpchar) AND (n2.n_name = 'INDIA'::bpchar)) OR ((n1.n_name = 'INDIA'::bpchar) AND (n2.n_name = 'JAPAN'::bpchar)))", "Rows Removed by Join Filter": 2, "Plans": [{"Node Type": "Index Scan", "Parent Relationship": "Outer", "Scan Direction": "Forward", "Index Name": "nation_pkey", "Relation Name": "nation", "Alias": "n1", "Startup Cost": 0.0, "Total Cost": 12.75, "Plan Rows": 25, "Plan Width": 30, "Actual Startup Time": 0.023, "Actual Total Time": 0.045, "Actual Rows": 2, "Actual Loops": 1, "Filter": "((n_name = 'JAPAN'::bpchar) OR (n_name = 'INDIA'::bpchar))", "Rows Removed by Filter": 23}, {"Node Type": "Materialize", "Parent Relationship": "Inner", "Startup Cost": 0.0, "Total Cost": 12.88, "Plan Rows": 25, "Plan Width": 30, "Actual Startup Time": 0.019, "Actual Total Time": 0.056, "Actual Rows": 4, "Actual Loops": 2, "Plans": [{"Node Type": "Index Scan", "Parent Relationship": "Outer", "Scan Direction": "Forward", "Index Name": "nation_pkey", "Relation Name": "nation", "Alias": "n2", "Startup Cost": 0.0, "Total Cost": 12.75, "Plan Rows": 25, "Plan Width": 30, "Actual Startup Time": 0.01, "Actual Total Time": 0.036, "Actual Rows": 2, "Actual Loops": 1, "Filter": "((n_name = 'INDIA'::bpchar) OR (n_name = 'JAPAN'::bpchar))", "Rows Removed by Filter": 23}]}]}, {"Node Type": "Bitmap Heap Scan", "Parent Relationship": "Inner", "Relation Name": "customer", "Alias": "customer", "Startup Cost": 1030.37, "Total Cost": 6832.48, "Plan Rows": 60000, "Plan Width": 12, "Actual Startup Time": 35.918, "Actual Total Time": 258.886, "Actual Rows": 119972, "Actual Loops": 2, "Recheck Cond": "(c_nationkey = n2.n_nationkey)", "Rows Removed by Index Recheck": 0, "Exact Heap Blocks": 59938, "Lossy Heap Blocks": 59938, "Plans": [{"Node Type": "Bitmap Index Scan", "Parent Relationship": "Outer", "Index Name": "idx_customer_nationkey", "Startup Cost": 0.0, "Total Cost": 1015.37, "Plan Rows": 60000, "Plan Width": 0, "Actual Startup Time": 22.743, "Actual Total Time": 22.743, "Actual Rows": 119972, "Actual Loops": 2, "Index Cond": "(c_nationkey = n2.n_nationkey)"}]}]}, {"Node Type": "Index Scan", "Parent Relationship": "Inner", "Scan Direction": "Forward", "Index Name": "idx_orders_custkey", "Relation Name": "orders", "Alias": "orders", "Startup Cost": 0.0, "Total Cost": 1.22, "Plan Rows": 4, "Plan Width": 16, "Actual Startup Time": 757.084, "Actual Total Time": 3520.551, "Actual Rows": 1200363, "Actual Loops": 119972, "Index Cond": "(o_custkey = customer.c_custkey)", "Rows Removed by Index Recheck": 0}]}, {"Node Type": "Index Scan", "Parent Relationship": "Inner", "Scan Direction": "Forward", "Index Name": "idx_lineitem_orderkey", "Relation Name": "lineitem", "Alias": "lineitem", "Startup Cost": 0.0, "Total Cost": 0.91, "Plan Rows": 3, "Plan Width": 40, "Actual Startup Time": 13074.494, "Actual Total Time": 14226.286, "Actual Rows": 1459150, "Actual Loops": 1200363, "Index Cond": "(l_orderkey = orders.o_orderkey)", "Rows Removed by Index Recheck": 0, "Filter": "((l_shipdate >= '1995-01-01 00:00:00'::timestamp(0) without time zone) AND (l_shipdate <= '1996-12-31 00:00:00'::timestamp(0) without time zone))", "Rows Removed by Filter": 3342563}]}, {"Node Type": "Hash", "Parent Relationship": "Inner", "Startup Cost": 5334.54, "Total Cost": 5334.54, "Plan Rows": 100000, "Plan Width": 12, "Actual Startup Time": 112.295, "Actual Total Time": 112.295, "Actual Rows": 100000, "Actual Loops": 1, "Hash Buckets": 131072, "Hash Batches": 1, "Original Hash Batches": 1, "Peak Memory Usage": 4297, "Plans": [{"Node Type": "Index Scan", "Parent Relationship": "Outer", "Scan Direction": "Forward", "Index Name": "supplier_pkey", "Relation Name": "supplier", "Alias": "supplier", "Startup Cost": 0.0, "Total Cost": 5334.54, "Plan Rows": 100000, "Plan Width": 12, "Actual Startup Time": 0.021, "Actual Total Time": 79.988, "Actual Rows": 100000, "Actual Loops": 1}]}]}]}]}, "Triggers": [], "Planner Runtime": 3, "Total Runtime": 20266.249, "Unique SQL Id": 2208782157}}, "(64, 2)": {"explain_plan": {"Plan": {"Node Type": "Sort", "Startup Cost": 2821200.81, "Total Cost": 2821210.03, "Plan Rows": 3688, "Plan Width": 84, "Sort Key": ["n1.n_name", "n2.n_name", "(date_part('year'::text, lineitem.l_shipdate))"], "Plans": [{"Node Type": "Aggregate", "Strategy": "Hashed", "Parent Relationship": "Outer", "Startup Cost": 2820936.22, "Total Cost": 2820982.32, "Plan Rows": 3688, "Plan Width": 84, "Group By Key": ["n1.n_name", "n2.n_name", "date_part('year'::text, lineitem.l_shipdate)"], "Plans": [{"Node Type": "Hash Join", "Parent Relationship": "Outer", "Join Type": "Inner", "Startup Cost": 21163.77, "Total Cost": 2820880.9, "Plan Rows": 3688, "Plan Width": 76, "Inner Unique": true, "Hash Cond": "((lineitem.l_suppkey = supplier.s_suppkey) AND (n1.n_nationkey = supplier.s_nationkey))", "Plans": [{"Node Type": "Nested Loop", "Parent Relationship": "Outer", "Join Type": "Inner", "Startup Cost": 16380.77, "Total Cost": 2810513.92, "Plan Rows": 740786, "Plan Width": 88, "Inner Unique": false, "Plans": [{"Node Type": "Hash Join", "Parent Relationship": "Outer", "Join Type": "Inner", "Startup Cost": 16380.39, "Total Cost": 504091.94, "Plan Rows": 504972, "Plan Width": 64, "Inner Unique": false, "Hash Cond": "(orders.o_custkey = customer.c_custkey), (LLVM Optimized)", "Plans": [{"Node Type": "Seq Scan", "Parent Relationship": "Outer", "Relation Name": "orders", "Alias": "orders", "Startup Cost": 0.0, "Total Cost": 426413.79, "Plan Rows": 14999479, "Plan Width": 16}, {"Node Type": "Hash", "Parent Relationship": "Inner", "Startup Cost": 14881.59, "Total Cost": 14881.59, "Plan Rows": 119904, "Plan Width": 64, "Plans": [{"Node Type": "Nested Loop", "Parent Relationship": "Outer", "Join Type": "Inner", "Startup Cost": 1030.37, "Total Cost": 14881.59, "Plan Rows": 119904, "Plan Width": 64, "Inner Unique": false, "Plans": [{"Node Type": "Nested Loop", "Parent Relationship": "Outer", "Join Type": "Inner", "Startup Cost": 0.0, "Total Cost": 16.62, "Plan Rows": 2, "Plan Width": 60, "Inner Unique": false, "Join Filter": "(((n1.n_name = 'JAPAN'::bpchar) AND (n2.n_name = 'INDIA'::bpchar)) OR ((n1.n_name = 'INDIA'::bpchar) AND (n2.n_name = 'JAPAN'::bpchar)))", "Plans": [{"Node Type": "Seq Scan", "Parent Relationship": "Outer", "Relation Name": "nation", "Alias": "n1", "Startup Cost": 0.0, "Total Cost": 1.25, "Plan Rows": 25, "Plan Width": 30, "Filter": "((n_name = 'JAPAN'::bpchar) OR (n_name = 'INDIA'::bpchar))"}, {"Node Type": "Materialize", "Parent Relationship": "Inner", "Startup Cost": 0.0, "Total Cost": 1.38, "Plan Rows": 25, "Plan Width": 30, "Plans": [{"Node Type": "Seq Scan", "Parent Relationship": "Outer", "Relation Name": "nation", "Alias": "n2", "Startup Cost": 0.0, "Total Cost": 1.25, "Plan Rows": 25, "Plan Width": 30, "Filter": "((n_name = 'INDIA'::bpchar) OR (n_name = 'JAPAN'::bpchar))"}]}]}, {"Node Type": "Bitmap Heap Scan", "Parent Relationship": "Inner", "Relation Name": "customer", "Alias": "customer", "Startup Cost": 1030.37, "Total Cost": 6832.48, "Plan Rows": 60000, "Plan Width": 12, "Recheck Cond": "(c_nationkey = n2.n_nationkey)", "Plans": [{"Node Type": "Bitmap Index Scan", "Parent Relationship": "Outer", "Index Name": "idx_customer_nationkey", "Startup Cost": 0.0, "Total Cost": 1015.37, "Plan Rows": 60000, "Plan Width": 0, "Index Cond": "(c_nationkey = n2.n_nationkey)"}]}]}]}]}, {"Node Type": "Bitmap Heap Scan", "Parent Relationship": "Inner", "Relation Name": "lineitem", "Alias": "lineitem", "Startup Cost": 0.38, "Total Cost": 4.54, "Plan Rows": 3, "Plan Width": 40, "Recheck Cond": "(l_orderkey = orders.o_orderkey)", "Filter": "((l_shipdate >= '1995-01-01 00:00:00'::timestamp(0) without time zone) AND (l_shipdate <= '1996-12-31 00:00:00'::timestamp(0) without time zone))", "Plans": [{"Node Type": "Bitmap Index Scan", "Parent Relationship": "Outer", "Index Name": "idx_lineitem_orderkey", "Startup Cost": 0.0, "Total Cost": 0.38, "Plan Rows": 9, "Plan Width": 0, "Index Cond": "(l_orderkey = orders.o_orderkey)"}]}]}, {"Node Type": "Hash", "Parent Relationship": "Inner", "Startup Cost": 3283.0, "Total Cost": 3283.0, "Plan Rows": 100000, "Plan Width": 12, "Plans": [{"Node Type": "Seq Scan", "Parent Relationship": "Outer", "Relation Name": "supplier", "Alias": "supplier", "Startup Cost": 0.0, "Total Cost": 3283.0, "Plan Rows": 100000, "Plan Width": 12}]}]}]}]}, "Unique SQL Id": 2208782157, "Planner Runtime": 5}, "explain_analyze_plan": {"Plan": {"Node Type": "Sort", "Startup Cost": 2821200.81, "Total Cost": 2821210.03, "Plan Rows": 3688, "Plan Width": 84, "Actual Startup Time": 23175.664, "Actual Total Time": 23175.664, "Actual Rows": 4, "Actual Loops": 1, "Sort Key": ["n1.n_name", "n2.n_name", "(date_part('year'::text, lineitem.l_shipdate))"], "Sort Method": "quicksort", "Sort Space Used": 25, "Sort Space Type": "Memory", "Plans": [{"Node Type": "Aggregate", "Strategy": "Hashed", "Parent Relationship": "Outer", "Startup Cost": 2820936.22, "Total Cost": 2820982.32, "Plan Rows": 3688, "Plan Width": 84, "Actual Startup Time": 23175.566, "Actual Total Time": 23175.57, "Actual Rows": 4, "Actual Loops": 1, "Group By Key": ["n1.n_name", "n2.n_name", "date_part('year'::text, lineitem.l_shipdate)"], "Plans": [{"Node Type": "Hash Join", "Parent Relationship": "Outer", "Join Type": "Inner", "Startup Cost": 21163.77, "Total Cost": 2820880.9, "Plan Rows": 3688, "Plan Width": 76, "Actual Startup Time": 395.766, "Actual Total Time": 23069.164, "Actual Rows": 58554, "Actual Loops": 1, "Inner Unique": true, "Hash Cond": "((lineitem.l_suppkey = supplier.s_suppkey) AND (n1.n_nationkey = supplier.s_nationkey))", "Plans": [{"Node Type": "Nested Loop", "Parent Relationship": "Outer", "Join Type": "Inner", "Startup Cost": 16380.77, "Total Cost": 2810513.92, "Plan Rows": 740786, "Plan Width": 88, "Actual Startup Time": 324.273, "Actual Total Time": 22339.874, "Actual Rows": 1459150, "Actual Loops": 1, "Inner Unique": false, "Plans": [{"Node Type": "Hash Join", "Parent Relationship": "Outer", "Join Type": "Inner", "Startup Cost": 16380.39, "Total Cost": 504091.94, "Plan Rows": 504972, "Plan Width": 64, "Actual Startup Time": 324.196, "Actual Total Time": 9507.906, "Actual Rows": 1200363, "Actual Loops": 1, "Inner Unique": false, "Hash Cond": "(orders.o_custkey = customer.c_custkey), (LLVM Optimized, Jit Execute)", "Plans": [{"Node Type": "Seq Scan", "Parent Relationship": "Outer", "Relation Name": "orders", "Alias": "orders", "Startup Cost": 0.0, "Total Cost": 426413.79, "Plan Rows": 14999479, "Plan Width": 16, "Actual Startup Time": 0.021, "Actual Total Time": 4197.437, "Actual Rows": 15000000, "Actual Loops": 1}, {"Node Type": "Hash", "Parent Relationship": "Inner", "Startup Cost": 14881.59, "Total Cost": 14881.59, "Plan Rows": 119904, "Plan Width": 64, "Actual Startup Time": 324.037, "Actual Total Time": 324.037, "Actual Rows": 119972, "Actual Loops": 1, "Hash Buckets": 131072, "Hash Batches": 1, "Original Hash Batches": 1, "Peak Memory Usage": 11248, "Plans": [{"Node Type": "Nested Loop", "Parent Relationship": "Outer", "Join Type": "Inner", "Startup Cost": 1030.37, "Total Cost": 14881.59, "Plan Rows": 119904, "Plan Width": 64, "Actual Startup Time": 18.16, "Actual Total Time": 281.037, "Actual Rows": 119972, "Actual Loops": 1, "Inner Unique": false, "Plans": [{"Node Type": "Nested Loop", "Parent Relationship": "Outer", "Join Type": "Inner", "Startup Cost": 0.0, "Total Cost": 16.62, "Plan Rows": 2, "Plan Width": 60, "Actual Startup Time": 0.068, "Actual Total Time": 0.136, "Actual Rows": 2, "Actual Loops": 1, "Inner Unique": false, "Join Filter": "(((n1.n_name = 'JAPAN'::bpchar) AND (n2.n_name = 'INDIA'::bpchar)) OR ((n1.n_name = 'INDIA'::bpchar) AND (n2.n_name = 'JAPAN'::bpchar)))", "Rows Removed by Join Filter": 2, "Plans": [{"Node Type": "Seq Scan", "Parent Relationship": "Outer", "Relation Name": "nation", "Alias": "n1", "Startup Cost": 0.0, "Total Cost": 1.25, "Plan Rows": 25, "Plan Width": 30, "Actual Startup Time": 0.033, "Actual Total Time": 0.05, "Actual Rows": 2, "Actual Loops": 1, "Filter": "((n_name = 'JAPAN'::bpchar) OR (n_name = 'INDIA'::bpchar))", "Rows Removed by Filter": 23}, {"Node Type": "Materialize", "Parent Relationship": "Inner", "Startup Cost": 0.0, "Total Cost": 1.38, "Plan Rows": 25, "Plan Width": 30, "Actual Startup Time": 0.026, "Actual Total Time": 0.048, "Actual Rows": 4, "Actual Loops": 2, "Plans": [{"Node Type": "Seq Scan", "Parent Relationship": "Outer", "Relation Name": "nation", "Alias": "n2", "Startup Cost": 0.0, "Total Cost": 1.25, "Plan Rows": 25, "Plan Width": 30, "Actual Startup Time": 0.02, "Actual Total Time": 0.039, "Actual Rows": 2, "Actual Loops": 1, "Filter": "((n_name = 'INDIA'::bpchar) OR (n_name = 'JAPAN'::bpchar))", "Rows Removed by Filter": 23}]}]}, {"Node Type": "Bitmap Heap Scan", "Parent Relationship": "Inner", "Relation Name": "customer", "Alias": "customer", "Startup Cost": 1030.37, "Total Cost": 6832.48, "Plan Rows": 60000, "Plan Width": 12, "Actual Startup Time": 36.07, "Actual Total Time": 256.52, "Actual Rows": 119972, "Actual Loops": 2, "Recheck Cond": "(c_nationkey = n2.n_nationkey)", "Rows Removed by Index Recheck": 0, "Exact Heap Blocks": 59938, "Lossy Heap Blocks": 59938, "Plans": [{"Node Type": "Bitmap Index Scan", "Parent Relationship": "Outer", "Index Name": "idx_customer_nationkey", "Startup Cost": 0.0, "Total Cost": 1015.37, "Plan Rows": 60000, "Plan Width": 0, "Actual Startup Time": 22.953, "Actual Total Time": 22.953, "Actual Rows": 119972, "Actual Loops": 2, "Index Cond": "(c_nationkey = n2.n_nationkey)"}]}]}]}]}, {"Node Type": "Bitmap Heap Scan", "Parent Relationship": "Inner", "Relation Name": "lineitem", "Alias": "lineitem", "Startup Cost": 0.38, "Total Cost": 4.54, "Plan Rows": 3, "Plan Width": 40, "Actual Startup Time": 10487.362, "Actual Total Time": 11099.797, "Actual Rows": 1459150, "Actual Loops": 1200363, "Recheck Cond": "(l_orderkey = orders.o_orderkey)", "Rows Removed by Index Recheck": 0, "Filter": "((l_shipdate >= '1995-01-01 00:00:00'::timestamp(0) without time zone) AND (l_shipdate <= '1996-12-31 00:00:00'::timestamp(0) without time zone))", "Rows Removed by Filter": 3342563, "Exact Heap Blocks": 1285989, "Lossy Heap Blocks": 1285989, "Plans": [{"Node Type": "Bitmap Index Scan", "Parent Relationship": "Outer", "Index Name": "idx_lineitem_orderkey", "Startup Cost": 0.0, "Total Cost": 0.38, "Plan Rows": 9, "Plan Width": 0, "Actual Startup Time": 5016.967, "Actual Total Time": 5016.967, "Actual Rows": 4801713, "Actual Loops": 1200363, "Index Cond": "(l_orderkey = orders.o_orderkey)"}]}]}, {"Node Type": "Hash", "Parent Relationship": "Inner", "Startup Cost": 3283.0, "Total Cost": 3283.0, "Plan Rows": 100000, "Plan Width": 12, "Actual Startup Time": 71.13, "Actual Total Time": 71.13, "Actual Rows": 100000, "Actual Loops": 1, "Hash Buckets": 131072, "Hash Batches": 1, "Original Hash Batches": 1, "Peak Memory Usage": 4297, "Plans": [{"Node Type": "Seq Scan", "Parent Relationship": "Outer", "Relation Name": "supplier", "Alias": "supplier", "Startup Cost": 0.0, "Total Cost": 3283.0, "Plan Rows": 100000, "Plan Width": 12, "Actual Startup Time": 0.017, "Actual Total Time": 40.852, "Actual Rows": 100000, "Actual Loops": 1}]}]}]}]}, "Triggers": [], "Planner Runtime": 3, "Total Runtime": 23184.623, "Unique SQL Id": 2208782157}}, "(64, 3)": {"explain_plan": {"Plan": {"Node Type": "Sort", "Startup Cost": 99673674.43, "Total Cost": 99673683.65, "Plan Rows": 3688, "Plan Width": 84, "Sort Key": ["n1.n_name", "n2.n_name", "(date_part('year'::text, lineitem.l_shipdate))"], "Plans": [{"Node Type": "Aggregate", "Strategy": "Hashed", "Parent Relationship": "Outer", "Startup Cost": 99673409.84, "Total Cost": 99673455.94, "Plan Rows": 3688, "Plan Width": 84, "Group By Key": ["n1.n_name", "n2.n_name", "date_part('year'::text, lineitem.l_shipdate)"], "Plans": [{"Node Type": "Nested Loop", "Parent Relationship": "Outer", "Join Type": "Inner", "Startup Cost": 627986.71, "Total Cost": 99673354.52, "Plan Rows": 3688, "Plan Width": 76, "Inner Unique": true, "Join Filter": "(((n1.n_name = 'JAPAN'::bpchar) AND (n2.n_name = 'INDIA'::bpchar)) OR ((n1.n_name = 'INDIA'::bpchar) AND (n2.n_name = 'JAPAN'::bpchar)))", "Plans": [{"Node Type": "Nested Loop", "Parent Relationship": "Outer", "Join Type": "Inner", "Startup Cost": 627986.45, "Total Cost": 94724471.42, "Plan Rows": 1153515, "Plan Width": 54, "Inner Unique": true, "Plans": [{"Node Type": "Nested Loop", "Parent Relationship": "Outer", "Join Type": "Inner", "Startup Cost": 627986.2, "Total Cost": 89787046.56, "Plan Rows": 1153515, "Plan Width": 32, "Inner Unique": true, "Plans": [{"Node Type": "Nested Loop", "Parent Relationship": "Outer", "Join Type": "Inner", "Startup Cost": 627985.94, "Total Cost": 84848088.55, "Plan Rows": 1153515, "Plan Width": 36, "Inner Unique": true, "Plans": [{"Node Type": "Nested Loop", "Parent Relationship": "Outer", "Join Type": "Inner", "Startup Cost": 627985.67, "Total Cost": 79896146.0, "Plan Rows": 1153515, "Plan Width": 36, "Inner Unique": true, "Plans": [{"Node Type": "Bitmap Heap Scan", "Parent Relationship": "Outer", "Relation Name": "lineitem", "Alias": "lineitem", "Startup Cost": 627985.41, "Total Cost": 2315105.27, "Plan Rows": 18124991, "Plan Width": 40, "Recheck Cond": "((l_shipdate >= '1995-01-01 00:00:00'::timestamp(0) without time zone) AND (l_shipdate <= '1996-12-31 00:00:00'::timestamp(0) without time zone)), (LLVM Optimized)", "Plans": [{"Node Type": "Bitmap Index Scan", "Parent Relationship": "Outer", "Index Name": "idx_lineitem_shipdate", "Startup Cost": 0.0, "Total Cost": 623454.16, "Plan Rows": 18124991, "Plan Width": 0, "Index Cond": "((l_shipdate >= '1995-01-01 00:00:00'::timestamp(0) without time zone) AND (l_shipdate <= '1996-12-31 00:00:00'::timestamp(0) without time zone))"}]}, {"Node Type": "Bitmap Heap Scan", "Parent Relationship": "Inner", "Relation Name": "supplier", "Alias": "supplier", "Startup Cost": 0.26, "Total Cost": 4.27, "Plan Rows": 1, "Plan Width": 12, "Recheck Cond": "(s_suppkey = lineitem.l_suppkey)", "Plans": [{"Node Type": "Bitmap Index Scan", "Parent Relationship": "Outer", "Index Name": "supplier_pkey", "Startup Cost": 0.0, "Total Cost": 0.26, "Plan Rows": 1, "Plan Width": 0, "Index Cond": "(s_suppkey = lineitem.l_suppkey)"}]}]}, {"Node Type": "Bitmap Heap Scan", "Parent Relationship": "Inner", "Relation Name": "orders", "Alias": "orders", "Startup Cost": 0.27, "Total Cost": 4.28, "Plan Rows": 1, "Plan Width": 16, "Recheck Cond": "(o_orderkey = lineitem.l_orderkey)", "Plans": [{"Node Type": "Bitmap Index Scan", "Parent Relationship": "Outer", "Index Name": "orders_pkey", "Startup Cost": 0.0, "Total Cost": 0.27, "Plan Rows": 1, "Plan Width": 0, "Index Cond": "(o_orderkey = lineitem.l_orderkey)"}]}]}, {"Node Type": "Bitmap Heap Scan", "Parent Relationship": "Inner", "Relation Name": "customer", "Alias": "customer", "Startup Cost": 0.26, "Total Cost": 4.27, "Plan Rows": 1, "Plan Width": 12, "Recheck Cond": "(c_custkey = orders.o_custkey)", "Plans": [{"Node Type": "Bitmap Index Scan", "Parent Relationship": "Outer", "Index Name": "customer_pkey", "Startup Cost": 0.0, "Total Cost": 0.26, "Plan Rows": 1, "Plan Width": 0, "Index Cond": "(c_custkey = orders.o_custkey)"}]}]}, {"Node Type": "Bitmap Heap Scan", "Parent Relationship": "Inner", "Relation Name": "nation", "Alias": "n1", "Startup Cost": 0.26, "Total Cost": 4.27, "Plan Rows": 1, "Plan Width": 30, "Recheck Cond": "(n_nationkey = supplier.s_nationkey)", "Filter": "((n_name = 'JAPAN'::bpchar) OR (n_name = 'INDIA'::bpchar))", "Plans": [{"Node Type": "Bitmap Index Scan", "Parent Relationship": "Outer", "Index Name": "nation_pkey", "Startup Cost": 0.0, "Total Cost": 0.26, "Plan Rows": 1, "Plan Width": 0, "Index Cond": "(n_nationkey = supplier.s_nationkey)"}]}]}, {"Node Type": "Bitmap Heap Scan", "Parent Relationship": "Inner", "Relation Name": "nation", "Alias": "n2", "Startup Cost": 0.26, "Total Cost": 4.27, "Plan Rows": 1, "Plan Width": 30, "Recheck Cond": "(n_nationkey = customer.c_nationkey)", "Filter": "((n_name = 'INDIA'::bpchar) OR (n_name = 'JAPAN'::bpchar))", "Plans": [{"Node Type": "Bitmap Index Scan", "Parent Relationship": "Outer", "Index Name": "nation_pkey", "Startup Cost": 0.0, "Total Cost": 0.26, "Plan Rows": 1, "Plan Width": 0, "Index Cond": "(n_nationkey = customer.c_nationkey)"}]}]}]}]}, "Unique SQL Id": 2208782157, "Planner Runtime": 3}, "explain_analyze_plan": null}, "(64, 4)": {"explain_plan": {"Plan": {"Node Type": "Sort", "Startup Cost": 653440.12, "Total Cost": 653449.34, "Plan Rows": 3688, "Plan Width": 84, "Sort Key": ["n1.n_name", "n2.n_name", "(date_part('year'::text, lineitem.l_shipdate))"], "Plans": [{"Node Type": "Aggregate", "Strategy": "Hashed", "Parent Relationship": "Outer", "Startup Cost": 653175.54, "Total Cost": 653221.64, "Plan Rows": 3688, "Plan Width": 84, "Group By Key": ["n1.n_name", "n2.n_name", "date_part('year'::text, lineitem.l_shipdate)"], "Plans": [{"Node Type": "Hash Join", "Parent Relationship": "Outer", "Join Type": "Inner", "Startup Cost": 5813.37, "Total Cost": 653120.22, "Plan Rows": 3688, "Plan Width": 76, "Inner Unique": true, "Hash Cond": "((lineitem.l_suppkey = supplier.s_suppkey) AND (n1.n_nationkey = supplier.s_nationkey))", "Plans": [{"Node Type": "Nested Loop", "Parent Relationship": "Outer", "Join Type": "Inner", "Startup Cost": 1030.37, "Total Cost": 642753.24, "Plan Rows": 740786, "Plan Width": 88, "Inner Unique": false, "Plans": [{"Node Type": "Nested Loop", "Parent Relationship": "Outer", "Join Type": "Inner", "Startup Cost": 1030.37, "Total Cost": 166015.61, "Plan Rows": 504972, "Plan Width": 64, "Inner Unique": false, "Plans": [{"Node Type": "Nested Loop", "Parent Relationship": "Outer", "Join Type": "Inner", "Startup Cost": 1030.37, "Total Cost": 14893.09, "Plan Rows": 119904, "Plan Width": 64, "Inner Unique": false, "Plans": [{"Node Type": "Nested Loop", "Parent Relationship": "Outer", "Join Type": "Inner", "Startup Cost": 0.0, "Total Cost": 28.12, "Plan Rows": 2, "Plan Width": 60, "Inner Unique": false, "Join Filter": "(((n1.n_name = 'JAPAN'::bpchar) AND (n2.n_name = 'INDIA'::bpchar)) OR ((n1.n_name = 'INDIA'::bpchar) AND (n2.n_name = 'JAPAN'::bpchar)))", "Plans": [{"Node Type": "Index Scan", "Parent Relationship": "Outer", "Scan Direction": "Forward", "Index Name": "nation_pkey", "Relation Name": "nation", "Alias": "n1", "Startup Cost": 0.0, "Total Cost": 12.75, "Plan Rows": 25, "Plan Width": 30, "Filter": "((n_name = 'JAPAN'::bpchar) OR (n_name = 'INDIA'::bpchar))"}, {"Node Type": "Materialize", "Parent Relationship": "Inner", "Startup Cost": 0.0, "Total Cost": 1.38, "Plan Rows": 25, "Plan Width": 30, "Plans": [{"Node Type": "Seq Scan", "Parent Relationship": "Outer", "Relation Name": "nation", "Alias": "n2", "Startup Cost": 0.0, "Total Cost": 1.25, "Plan Rows": 25, "Plan Width": 30, "Filter": "((n_name = 'INDIA'::bpchar) OR (n_name = 'JAPAN'::bpchar))"}]}]}, {"Node Type": "Bitmap Heap Scan", "Parent Relationship": "Inner", "Relation Name": "customer", "Alias": "customer", "Startup Cost": 1030.37, "Total Cost": 6832.48, "Plan Rows": 60000, "Plan Width": 12, "Recheck Cond": "(c_nationkey = n2.n_nationkey)", "Plans": [{"Node Type": "Bitmap Index Scan", "Parent Relationship": "Outer", "Index Name": "idx_customer_nationkey", "Startup Cost": 0.0, "Total Cost": 1015.37, "Plan Rows": 60000, "Plan Width": 0, "Index Cond": "(c_nationkey = n2.n_nationkey)"}]}]}, {"Node Type": "Index Scan", "Parent Relationship": "Inner", "Scan Direction": "Forward", "Index Name": "idx_orders_custkey", "Relation Name": "orders", "Alias": "orders", "Startup Cost": 0.0, "Total Cost": 1.22, "Plan Rows": 4, "Plan Width": 16, "Index Cond": "(o_custkey = customer.c_custkey)"}]}, {"Node Type": "Index Scan", "Parent Relationship": "Inner", "Scan Direction": "Forward", "Index Name": "idx_lineitem_orderkey", "Relation Name": "lineitem", "Alias": "lineitem", "Startup Cost": 0.0, "Total Cost": 0.91, "Plan Rows": 3, "Plan Width": 40, "Index Cond": "(l_orderkey = orders.o_orderkey)", "Filter": "((l_shipdate >= '1995-01-01 00:00:00'::timestamp(0) without time zone) AND (l_shipdate <= '1996-12-31 00:00:00'::timestamp(0) without time zone))"}]}, {"Node Type": "Hash", "Parent Relationship": "Inner", "Startup Cost": 3283.0, "Total Cost": 3283.0, "Plan Rows": 100000, "Plan Width": 12, "Plans": [{"Node Type": "Seq Scan", "Parent Relationship": "Outer", "Relation Name": "supplier", "Alias": "supplier", "Startup Cost": 0.0, "Total Cost": 3283.0, "Plan Rows": 100000, "Plan Width": 12}]}]}]}]}, "Unique SQL Id": 2208782157, "Planner Runtime": 5}, "explain_analyze_plan": {"Plan": {"Node Type": "Sort", "Startup Cost": 653440.12, "Total Cost": 653449.34, "Plan Rows": 3688, "Plan Width": 84, "Actual Startup Time": 19902.508, "Actual Total Time": 19902.509, "Actual Rows": 4, "Actual Loops": 1, "Sort Key": ["n1.n_name", "n2.n_name", "(date_part('year'::text, lineitem.l_shipdate))"], "Sort Method": "quicksort", "Sort Space Used": 25, "Sort Space Type": "Memory", "Plans": [{"Node Type": "Aggregate", "Strategy": "Hashed", "Parent Relationship": "Outer", "Startup Cost": 653175.54, "Total Cost": 653221.64, "Plan Rows": 3688, "Plan Width": 84, "Actual Startup Time": 19902.464, "Actual Total Time": 19902.469, "Actual Rows": 4, "Actual Loops": 1, "Group By Key": ["n1.n_name", "n2.n_name", "date_part('year'::text, lineitem.l_shipdate)"], "Plans": [{"Node Type": "Hash Join", "Parent Relationship": "Outer", "Join Type": "Inner", "Startup Cost": 5813.37, "Total Cost": 653120.22, "Plan Rows": 3688, "Plan Width": 76, "Actual Startup Time": 89.509, "Actual Total Time": 19798.021, "Actual Rows": 58554, "Actual Loops": 1, "Inner Unique": true, "Hash Cond": "((lineitem.l_suppkey = supplier.s_suppkey) AND (n1.n_nationkey = supplier.s_nationkey))", "Plans": [{"Node Type": "Nested Loop", "Parent Relationship": "Outer", "Join Type": "Inner", "Startup Cost": 1030.37, "Total Cost": 642753.24, "Plan Rows": 740786, "Plan Width": 88, "Actual Startup Time": 18.132, "Actual Total Time": 18971.637, "Actual Rows": 1459150, "Actual Loops": 1, "Inner Unique": false, "Plans": [{"Node Type": "Nested Loop", "Parent Relationship": "Outer", "Join Type": "Inner", "Startup Cost": 1030.37, "Total Cost": 166015.61, "Plan Rows": 504972, "Plan Width": 64, "Actual Startup Time": 18.049, "Actual Total Time": 3932.099, "Actual Rows": 1200363, "Actual Loops": 1, "Inner Unique": false, "Plans": [{"Node Type": "Nested Loop", "Parent Relationship": "Outer", "Join Type": "Inner", "Startup Cost": 1030.37, "Total Cost": 14893.09, "Plan Rows": 119904, "Plan Width": 64, "Actual Startup Time": 18.018, "Actual Total Time": 279.492, "Actual Rows": 119972, "Actual Loops": 1, "Inner Unique": false, "Plans": [{"Node Type": "Nested Loop", "Parent Relationship": "Outer", "Join Type": "Inner", "Startup Cost": 0.0, "Total Cost": 28.12, "Plan Rows": 2, "Plan Width": 60, "Actual Startup Time": 0.056, "Actual Total Time": 0.32, "Actual Rows": 2, "Actual Loops": 1, "Inner Unique": false, "Join Filter": "(((n1.n_name = 'JAPAN'::bpchar) AND (n2.n_name = 'INDIA'::bpchar)) OR ((n1.n_name = 'INDIA'::bpchar) AND (n2.n_name = 'JAPAN'::bpchar)))", "Rows Removed by Join Filter": 2, "Plans": [{"Node Type": "Index Scan", "Parent Relationship": "Outer", "Scan Direction": "Forward", "Index Name": "nation_pkey", "Relation Name": "nation", "Alias": "n1", "Startup Cost": 0.0, "Total Cost": 12.75, "Plan Rows": 25, "Plan Width": 30, "Actual Startup Time": 0.023, "Actual Total Time": 0.058, "Actual Rows": 2, "Actual Loops": 1, "Filter": "((n_name = 'JAPAN'::bpchar) OR (n_name = 'INDIA'::bpchar))", "Rows Removed by Filter": 23}, {"Node Type": "Materialize", "Parent Relationship": "Inner", "Startup Cost": 0.0, "Total Cost": 1.38, "Plan Rows": 25, "Plan Width": 30, "Actual Startup Time": 0.025, "Actual Total Time": 0.206, "Actual Rows": 4, "Actual Loops": 2, "Plans": [{"Node Type": "Seq Scan", "Parent Relationship": "Outer", "Relation Name": "nation", "Alias": "n2", "Startup Cost": 0.0, "Total Cost": 1.25, "Plan Rows": 25, "Plan Width": 30, "Actual Startup Time": 0.016, "Actual Total Time": 0.032, "Actual Rows": 2, "Actual Loops": 1, "Filter": "((n_name = 'INDIA'::bpchar) OR (n_name = 'JAPAN'::bpchar))", "Rows Removed by Filter": 23}]}]}, {"Node Type": "Bitmap Heap Scan", "Parent Relationship": "Inner", "Relation Name": "customer", "Alias": "customer", "Startup Cost": 1030.37, "Total Cost": 6832.48, "Plan Rows": 60000, "Plan Width": 12, "Actual Startup Time": 36.173, "Actual Total Time": 249.567, "Actual Rows": 119972, "Actual Loops": 2, "Recheck Cond": "(c_nationkey = n2.n_nationkey)", "Rows Removed by Index Recheck": 0, "Exact Heap Blocks": 59938, "Lossy Heap Blocks": 59938, "Plans": [{"Node Type": "Bitmap Index Scan", "Parent Relationship": "Outer", "Index Name": "idx_customer_nationkey", "Startup Cost": 0.0, "Total Cost": 1015.37, "Plan Rows": 60000, "Plan Width": 0, "Actual Startup Time": 22.983, "Actual Total Time": 22.983, "Actual Rows": 119972, "Actual Loops": 2, "Index Cond": "(c_nationkey = n2.n_nationkey)"}]}]}, {"Node Type": "Index Scan", "Parent Relationship": "Inner", "Scan Direction": "Forward", "Index Name": "idx_orders_custkey", "Relation Name": "orders", "Alias": "orders", "Startup Cost": 0.0, "Total Cost": 1.22, "Plan Rows": 4, "Plan Width": 16, "Actual Startup Time": 724.391, "Actual Total Time": 3299.643, "Actual Rows": 1200363, "Actual Loops": 119972, "Index Cond": "(o_custkey = customer.c_custkey)", "Rows Removed by Index Recheck": 0}]}, {"Node Type": "Index Scan", "Parent Relationship": "Inner", "Scan Direction": "Forward", "Index Name": "idx_lineitem_orderkey", "Relation Name": "lineitem", "Alias": "lineitem", "Startup Cost": 0.0, "Total Cost": 0.91, "Plan Rows": 3, "Plan Width": 40, "Actual Startup Time": 12888.705, "Actual Total Time": 14075.474, "Actual Rows": 1459150, "Actual Loops": 1200363, "Index Cond": "(l_orderkey = orders.o_orderkey)", "Rows Removed by Index Recheck": 0, "Filter": "((l_shipdate >= '1995-01-01 00:00:00'::timestamp(0) without time zone) AND (l_shipdate <= '1996-12-31 00:00:00'::timestamp(0) without time zone))", "Rows Removed by Filter": 3342563}]}, {"Node Type": "Hash", "Parent Relationship": "Inner", "Startup Cost": 3283.0, "Total Cost": 3283.0, "Plan Rows": 100000, "Plan Width": 12, "Actual Startup Time": 71.106, "Actual Total Time": 71.106, "Actual Rows": 100000, "Actual Loops": 1, "Hash Buckets": 131072, "Hash Batches": 1, "Original Hash Batches": 1, "Peak Memory Usage": 4297, "Plans": [{"Node Type": "Seq Scan", "Parent Relationship": "Outer", "Relation Name": "supplier", "Alias": "supplier", "Startup Cost": 0.0, "Total Cost": 3283.0, "Plan Rows": 100000, "Plan Width": 12, "Actual Startup Time": 0.014, "Actual Total Time": 40.736, "Actual Rows": 100000, "Actual Loops": 1}]}]}]}]}, "Triggers": [], "Planner Runtime": 3, "Total Runtime": 19902.814, "Unique SQL Id": 2208782157}}, "(64, 5)": {"explain_plan": {"Plan": {"Node Type": "Sort", "Startup Cost": 655503.17, "Total Cost": 655512.39, "Plan Rows": 3688, "Plan Width": 84, "Sort Key": ["n1.n_name", "n2.n_name", "(date_part('year'::text, lineitem.l_shipdate))"], "Plans": [{"Node Type": "Aggregate", "Strategy": "Hashed", "Parent Relationship": "Outer", "Startup Cost": 655238.58, "Total Cost": 655284.68, "Plan Rows": 3688, "Plan Width": 84, "Group By Key": ["n1.n_name", "n2.n_name", "date_part('year'::text, lineitem.l_shipdate)"], "Plans": [{"Node Type": "Hash Join", "Parent Relationship": "Outer", "Join Type": "Inner", "Startup Cost": 7864.91, "Total Cost": 655183.26, "Plan Rows": 3688, "Plan Width": 76, "Inner Unique": true, "Hash Cond": "((lineitem.l_suppkey = supplier.s_suppkey) AND (n1.n_nationkey = supplier.s_nationkey))", "Plans": [{"Node Type": "Nested Loop", "Parent Relationship": "Outer", "Join Type": "Inner", "Startup Cost": 1030.37, "Total Cost": 642764.74, "Plan Rows": 740786, "Plan Width": 88, "Inner Unique": false, "Plans": [{"Node Type": "Nested Loop", "Parent Relationship": "Outer", "Join Type": "Inner", "Startup Cost": 1030.37, "Total Cost": 166027.11, "Plan Rows": 504972, "Plan Width": 64, "Inner Unique": false, "Plans": [{"Node Type": "Nested Loop", "Parent Relationship": "Outer", "Join Type": "Inner", "Startup Cost": 1030.37, "Total Cost": 14904.59, "Plan Rows": 119904, "Plan Width": 64, "Inner Unique": false, "Plans": [{"Node Type": "Nested Loop", "Parent Relationship": "Outer", "Join Type": "Inner", "Startup Cost": 0.0, "Total Cost": 39.62, "Plan Rows": 2, "Plan Width": 60, "Inner Unique": false, "Join Filter": "(((n1.n_name = 'JAPAN'::bpchar) AND (n2.n_name = 'INDIA'::bpchar)) OR ((n1.n_name = 'INDIA'::bpchar) AND (n2.n_name = 'JAPAN'::bpchar)))", "Plans": [{"Node Type": "Index Scan", "Parent Relationship": "Outer", "Scan Direction": "Forward", "Index Name": "nation_pkey", "Relation Name": "nation", "Alias": "n1", "Startup Cost": 0.0, "Total Cost": 12.75, "Plan Rows": 25, "Plan Width": 30, "Filter": "((n_name = 'JAPAN'::bpchar) OR (n_name = 'INDIA'::bpchar))"}, {"Node Type": "Materialize", "Parent Relationship": "Inner", "Startup Cost": 0.0, "Total Cost": 12.88, "Plan Rows": 25, "Plan Width": 30, "Plans": [{"Node Type": "Index Scan", "Parent Relationship": "Outer", "Scan Direction": "Forward", "Index Name": "nation_pkey", "Relation Name": "nation", "Alias": "n2", "Startup Cost": 0.0, "Total Cost": 12.75, "Plan Rows": 25, "Plan Width": 30, "Filter": "((n_name = 'INDIA'::bpchar) OR (n_name = 'JAPAN'::bpchar))"}]}]}, {"Node Type": "Bitmap Heap Scan", "Parent Relationship": "Inner", "Relation Name": "customer", "Alias": "customer", "Startup Cost": 1030.37, "Total Cost": 6832.48, "Plan Rows": 60000, "Plan Width": 12, "Recheck Cond": "(c_nationkey = n2.n_nationkey)", "Plans": [{"Node Type": "Bitmap Index Scan", "Parent Relationship": "Outer", "Index Name": "idx_customer_nationkey", "Startup Cost": 0.0, "Total Cost": 1015.37, "Plan Rows": 60000, "Plan Width": 0, "Index Cond": "(c_nationkey = n2.n_nationkey)"}]}]}, {"Node Type": "Index Scan", "Parent Relationship": "Inner", "Scan Direction": "Forward", "Index Name": "idx_orders_custkey", "Relation Name": "orders", "Alias": "orders", "Startup Cost": 0.0, "Total Cost": 1.22, "Plan Rows": 4, "Plan Width": 16, "Index Cond": "(o_custkey = customer.c_custkey)"}]}, {"Node Type": "Index Scan", "Parent Relationship": "Inner", "Scan Direction": "Forward", "Index Name": "idx_lineitem_orderkey", "Relation Name": "lineitem", "Alias": "lineitem", "Startup Cost": 0.0, "Total Cost": 0.91, "Plan Rows": 3, "Plan Width": 40, "Index Cond": "(l_orderkey = orders.o_orderkey)", "Filter": "((l_shipdate >= '1995-01-01 00:00:00'::timestamp(0) without time zone) AND (l_shipdate <= '1996-12-31 00:00:00'::timestamp(0) without time zone))"}]}, {"Node Type": "Hash", "Parent Relationship": "Inner", "Startup Cost": 5334.54, "Total Cost": 5334.54, "Plan Rows": 100000, "Plan Width": 12, "Plans": [{"Node Type": "Index Scan", "Parent Relationship": "Outer", "Scan Direction": "Forward", "Index Name": "supplier_pkey", "Relation Name": "supplier", "Alias": "supplier", "Startup Cost": 0.0, "Total Cost": 5334.54, "Plan Rows": 100000, "Plan Width": 12}]}]}]}]}, "Unique SQL Id": 2208782157, "Planner Runtime": 5}, "explain_analyze_plan": {"Plan": {"Node Type": "Sort", "Startup Cost": 655503.17, "Total Cost": 655512.39, "Plan Rows": 3688, "Plan Width": 84, "Actual Startup Time": 20265.933, "Actual Total Time": 20265.933, "Actual Rows": 4, "Actual Loops": 1, "Sort Key": ["n1.n_name", "n2.n_name", "(date_part('year'::text, lineitem.l_shipdate))"], "Sort Method": "quicksort", "Sort Space Used": 25, "Sort Space Type": "Memory", "Plans": [{"Node Type": "Aggregate", "Strategy": "Hashed", "Parent Relationship": "Outer", "Startup Cost": 655238.58, "Total Cost": 655284.68, "Plan Rows": 3688, "Plan Width": 84, "Actual Startup Time": 20265.889, "Actual Total Time": 20265.895, "Actual Rows": 4, "Actual Loops": 1, "Group By Key": ["n1.n_name", "n2.n_name", "date_part('year'::text, lineitem.l_shipdate)"], "Plans": [{"Node Type": "Hash Join", "Parent Relationship": "Outer", "Join Type": "Inner", "Startup Cost": 7864.91, "Total Cost": 655183.26, "Plan Rows": 3688, "Plan Width": 76, "Actual Startup Time": 130.678, "Actual Total Time": 20164.418, "Actual Rows": 58554, "Actual Loops": 1, "Inner Unique": true, "Hash Cond": "((lineitem.l_suppkey = supplier.s_suppkey) AND (n1.n_nationkey = supplier.s_nationkey))", "Plans": [{"Node Type": "Nested Loop", "Parent Relationship": "Outer", "Join Type": "Inner", "Startup Cost": 1030.37, "Total Cost": 642764.74, "Plan Rows": 740786, "Plan Width": 88, "Actual Startup Time": 18.121, "Actual Total Time": 19351.546, "Actual Rows": 1459150, "Actual Loops": 1, "Inner Unique": false, "Plans": [{"Node Type": "Nested Loop", "Parent Relationship": "Outer", "Join Type": "Inner", "Startup Cost": 1030.37, "Total Cost": 166027.11, "Plan Rows": 504972, "Plan Width": 64, "Actual Startup Time": 18.033, "Actual Total Time": 4154.387, "Actual Rows": 1200363, "Actual Loops": 1, "Inner Unique": false, "Plans": [{"Node Type": "Nested Loop", "Parent Relationship": "Outer", "Join Type": "Inner", "Startup Cost": 1030.37, "Total Cost": 14904.59, "Plan Rows": 119904, "Plan Width": 64, "Actual Startup Time": 18.001, "Actual Total Time": 287.281, "Actual Rows": 119972, "Actual Loops": 1, "Inner Unique": false, "Plans": [{"Node Type": "Nested Loop", "Parent Relationship": "Outer", "Join Type": "Inner", "Startup Cost": 0.0, "Total Cost": 39.62, "Plan Rows": 2, "Plan Width": 60, "Actual Startup Time": 0.051, "Actual Total Time": 0.158, "Actual Rows": 2, "Actual Loops": 1, "Inner Unique": false, "Join Filter": "(((n1.n_name = 'JAPAN'::bpchar) AND (n2.n_name = 'INDIA'::bpchar)) OR ((n1.n_name = 'INDIA'::bpchar) AND (n2.n_name = 'JAPAN'::bpchar)))", "Rows Removed by Join Filter": 2, "Plans": [{"Node Type": "Index Scan", "Parent Relationship": "Outer", "Scan Direction": "Forward", "Index Name": "nation_pkey", "Relation Name": "nation", "Alias": "n1", "Startup Cost": 0.0, "Total Cost": 12.75, "Plan Rows": 25, "Plan Width": 30, "Actual Startup Time": 0.023, "Actual Total Time": 0.045, "Actual Rows": 2, "Actual Loops": 1, "Filter": "((n_name = 'JAPAN'::bpchar) OR (n_name = 'INDIA'::bpchar))", "Rows Removed by Filter": 23}, {"Node Type": "Materialize", "Parent Relationship": "Inner", "Startup Cost": 0.0, "Total Cost": 12.88, "Plan Rows": 25, "Plan Width": 30, "Actual Startup Time": 0.019, "Actual Total Time": 0.056, "Actual Rows": 4, "Actual Loops": 2, "Plans": [{"Node Type": "Index Scan", "Parent Relationship": "Outer", "Scan Direction": "Forward", "Index Name": "nation_pkey", "Relation Name": "nation", "Alias": "n2", "Startup Cost": 0.0, "Total Cost": 12.75, "Plan Rows": 25, "Plan Width": 30, "Actual Startup Time": 0.01, "Actual Total Time": 0.036, "Actual Rows": 2, "Actual Loops": 1, "Filter": "((n_name = 'INDIA'::bpchar) OR (n_name = 'JAPAN'::bpchar))", "Rows Removed by Filter": 23}]}]}, {"Node Type": "Bitmap Heap Scan", "Parent Relationship": "Inner", "Relation Name": "customer", "Alias": "customer", "Startup Cost": 1030.37, "Total Cost": 6832.48, "Plan Rows": 60000, "Plan Width": 12, "Actual Startup Time": 35.918, "Actual Total Time": 258.886, "Actual Rows": 119972, "Actual Loops": 2, "Recheck Cond": "(c_nationkey = n2.n_nationkey)", "Rows Removed by Index Recheck": 0, "Exact Heap Blocks": 59938, "Lossy Heap Blocks": 59938, "Plans": [{"Node Type": "Bitmap Index Scan", "Parent Relationship": "Outer", "Index Name": "idx_customer_nationkey", "Startup Cost": 0.0, "Total Cost": 1015.37, "Plan Rows": 60000, "Plan Width": 0, "Actual Startup Time": 22.743, "Actual Total Time": 22.743, "Actual Rows": 119972, "Actual Loops": 2, "Index Cond": "(c_nationkey = n2.n_nationkey)"}]}]}, {"Node Type": "Index Scan", "Parent Relationship": "Inner", "Scan Direction": "Forward", "Index Name": "idx_orders_custkey", "Relation Name": "orders", "Alias": "orders", "Startup Cost": 0.0, "Total Cost": 1.22, "Plan Rows": 4, "Plan Width": 16, "Actual Startup Time": 757.084, "Actual Total Time": 3520.551, "Actual Rows": 1200363, "Actual Loops": 119972, "Index Cond": "(o_custkey = customer.c_custkey)", "Rows Removed by Index Recheck": 0}]}, {"Node Type": "Index Scan", "Parent Relationship": "Inner", "Scan Direction": "Forward", "Index Name": "idx_lineitem_orderkey", "Relation Name": "lineitem", "Alias": "lineitem", "Startup Cost": 0.0, "Total Cost": 0.91, "Plan Rows": 3, "Plan Width": 40, "Actual Startup Time": 13074.494, "Actual Total Time": 14226.286, "Actual Rows": 1459150, "Actual Loops": 1200363, "Index Cond": "(l_orderkey = orders.o_orderkey)", "Rows Removed by Index Recheck": 0, "Filter": "((l_shipdate >= '1995-01-01 00:00:00'::timestamp(0) without time zone) AND (l_shipdate <= '1996-12-31 00:00:00'::timestamp(0) without time zone))", "Rows Removed by Filter": 3342563}]}, {"Node Type": "Hash", "Parent Relationship": "Inner", "Startup Cost": 5334.54, "Total Cost": 5334.54, "Plan Rows": 100000, "Plan Width": 12, "Actual Startup Time": 112.295, "Actual Total Time": 112.295, "Actual Rows": 100000, "Actual Loops": 1, "Hash Buckets": 131072, "Hash Batches": 1, "Original Hash Batches": 1, "Peak Memory Usage": 4297, "Plans": [{"Node Type": "Index Scan", "Parent Relationship": "Outer", "Scan Direction": "Forward", "Index Name": "supplier_pkey", "Relation Name": "supplier", "Alias": "supplier", "Startup Cost": 0.0, "Total Cost": 5334.54, "Plan Rows": 100000, "Plan Width": 12, "Actual Startup Time": 0.021, "Actual Total Time": 79.988, "Actual Rows": 100000, "Actual Loops": 1}]}]}]}]}, "Triggers": [], "Planner Runtime": 3, "Total Runtime": 20266.249, "Unique SQL Id": 2208782157}}, "(64, 6)": {"explain_plan": {"Plan": {"Node Type": "Sort", "Startup Cost": 2821200.81, "Total Cost": 2821210.03, "Plan Rows": 3688, "Plan Width": 84, "Sort Key": ["n1.n_name", "n2.n_name", "(date_part('year'::text, lineitem.l_shipdate))"], "Plans": [{"Node Type": "Aggregate", "Strategy": "Hashed", "Parent Relationship": "Outer", "Startup Cost": 2820936.22, "Total Cost": 2820982.32, "Plan Rows": 3688, "Plan Width": 84, "Group By Key": ["n1.n_name", "n2.n_name", "date_part('year'::text, lineitem.l_shipdate)"], "Plans": [{"Node Type": "Hash Join", "Parent Relationship": "Outer", "Join Type": "Inner", "Startup Cost": 21163.77, "Total Cost": 2820880.9, "Plan Rows": 3688, "Plan Width": 76, "Inner Unique": true, "Hash Cond": "((lineitem.l_suppkey = supplier.s_suppkey) AND (n1.n_nationkey = supplier.s_nationkey))", "Plans": [{"Node Type": "Nested Loop", "Parent Relationship": "Outer", "Join Type": "Inner", "Startup Cost": 16380.77, "Total Cost": 2810513.92, "Plan Rows": 740786, "Plan Width": 88, "Inner Unique": false, "Plans": [{"Node Type": "Hash Join", "Parent Relationship": "Outer", "Join Type": "Inner", "Startup Cost": 16380.39, "Total Cost": 504091.94, "Plan Rows": 504972, "Plan Width": 64, "Inner Unique": false, "Hash Cond": "(orders.o_custkey = customer.c_custkey), (LLVM Optimized)", "Plans": [{"Node Type": "Seq Scan", "Parent Relationship": "Outer", "Relation Name": "orders", "Alias": "orders", "Startup Cost": 0.0, "Total Cost": 426413.79, "Plan Rows": 14999479, "Plan Width": 16}, {"Node Type": "Hash", "Parent Relationship": "Inner", "Startup Cost": 14881.59, "Total Cost": 14881.59, "Plan Rows": 119904, "Plan Width": 64, "Plans": [{"Node Type": "Nested Loop", "Parent Relationship": "Outer", "Join Type": "Inner", "Startup Cost": 1030.37, "Total Cost": 14881.59, "Plan Rows": 119904, "Plan Width": 64, "Inner Unique": false, "Plans": [{"Node Type": "Nested Loop", "Parent Relationship": "Outer", "Join Type": "Inner", "Startup Cost": 0.0, "Total Cost": 16.62, "Plan Rows": 2, "Plan Width": 60, "Inner Unique": false, "Join Filter": "(((n1.n_name = 'JAPAN'::bpchar) AND (n2.n_name = 'INDIA'::bpchar)) OR ((n1.n_name = 'INDIA'::bpchar) AND (n2.n_name = 'JAPAN'::bpchar)))", "Plans": [{"Node Type": "Seq Scan", "Parent Relationship": "Outer", "Relation Name": "nation", "Alias": "n1", "Startup Cost": 0.0, "Total Cost": 1.25, "Plan Rows": 25, "Plan Width": 30, "Filter": "((n_name = 'JAPAN'::bpchar) OR (n_name = 'INDIA'::bpchar))"}, {"Node Type": "Materialize", "Parent Relationship": "Inner", "Startup Cost": 0.0, "Total Cost": 1.38, "Plan Rows": 25, "Plan Width": 30, "Plans": [{"Node Type": "Seq Scan", "Parent Relationship": "Outer", "Relation Name": "nation", "Alias": "n2", "Startup Cost": 0.0, "Total Cost": 1.25, "Plan Rows": 25, "Plan Width": 30, "Filter": "((n_name = 'INDIA'::bpchar) OR (n_name = 'JAPAN'::bpchar))"}]}]}, {"Node Type": "Bitmap Heap Scan", "Parent Relationship": "Inner", "Relation Name": "customer", "Alias": "customer", "Startup Cost": 1030.37, "Total Cost": 6832.48, "Plan Rows": 60000, "Plan Width": 12, "Recheck Cond": "(c_nationkey = n2.n_nationkey)", "Plans": [{"Node Type": "Bitmap Index Scan", "Parent Relationship": "Outer", "Index Name": "idx_customer_nationkey", "Startup Cost": 0.0, "Total Cost": 1015.37, "Plan Rows": 60000, "Plan Width": 0, "Index Cond": "(c_nationkey = n2.n_nationkey)"}]}]}]}]}, {"Node Type": "Bitmap Heap Scan", "Parent Relationship": "Inner", "Relation Name": "lineitem", "Alias": "lineitem", "Startup Cost": 0.38, "Total Cost": 4.54, "Plan Rows": 3, "Plan Width": 40, "Recheck Cond": "(l_orderkey = orders.o_orderkey)", "Filter": "((l_shipdate >= '1995-01-01 00:00:00'::timestamp(0) without time zone) AND (l_shipdate <= '1996-12-31 00:00:00'::timestamp(0) without time zone))", "Plans": [{"Node Type": "Bitmap Index Scan", "Parent Relationship": "Outer", "Index Name": "idx_lineitem_orderkey", "Startup Cost": 0.0, "Total Cost": 0.38, "Plan Rows": 9, "Plan Width": 0, "Index Cond": "(l_orderkey = orders.o_orderkey)"}]}]}, {"Node Type": "Hash", "Parent Relationship": "Inner", "Startup Cost": 3283.0, "Total Cost": 3283.0, "Plan Rows": 100000, "Plan Width": 12, "Plans": [{"Node Type": "Seq Scan", "Parent Relationship": "Outer", "Relation Name": "supplier", "Alias": "supplier", "Startup Cost": 0.0, "Total Cost": 3283.0, "Plan Rows": 100000, "Plan Width": 12}]}]}]}]}, "Unique SQL Id": 2208782157, "Planner Runtime": 5}, "explain_analyze_plan": {"Plan": {"Node Type": "Sort", "Startup Cost": 2821200.81, "Total Cost": 2821210.03, "Plan Rows": 3688, "Plan Width": 84, "Actual Startup Time": 23175.664, "Actual Total Time": 23175.664, "Actual Rows": 4, "Actual Loops": 1, "Sort Key": ["n1.n_name", "n2.n_name", "(date_part('year'::text, lineitem.l_shipdate))"], "Sort Method": "quicksort", "Sort Space Used": 25, "Sort Space Type": "Memory", "Plans": [{"Node Type": "Aggregate", "Strategy": "Hashed", "Parent Relationship": "Outer", "Startup Cost": 2820936.22, "Total Cost": 2820982.32, "Plan Rows": 3688, "Plan Width": 84, "Actual Startup Time": 23175.566, "Actual Total Time": 23175.57, "Actual Rows": 4, "Actual Loops": 1, "Group By Key": ["n1.n_name", "n2.n_name", "date_part('year'::text, lineitem.l_shipdate)"], "Plans": [{"Node Type": "Hash Join", "Parent Relationship": "Outer", "Join Type": "Inner", "Startup Cost": 21163.77, "Total Cost": 2820880.9, "Plan Rows": 3688, "Plan Width": 76, "Actual Startup Time": 395.766, "Actual Total Time": 23069.164, "Actual Rows": 58554, "Actual Loops": 1, "Inner Unique": true, "Hash Cond": "((lineitem.l_suppkey = supplier.s_suppkey) AND (n1.n_nationkey = supplier.s_nationkey))", "Plans": [{"Node Type": "Nested Loop", "Parent Relationship": "Outer", "Join Type": "Inner", "Startup Cost": 16380.77, "Total Cost": 2810513.92, "Plan Rows": 740786, "Plan Width": 88, "Actual Startup Time": 324.273, "Actual Total Time": 22339.874, "Actual Rows": 1459150, "Actual Loops": 1, "Inner Unique": false, "Plans": [{"Node Type": "Hash Join", "Parent Relationship": "Outer", "Join Type": "Inner", "Startup Cost": 16380.39, "Total Cost": 504091.94, "Plan Rows": 504972, "Plan Width": 64, "Actual Startup Time": 324.196, "Actual Total Time": 9507.906, "Actual Rows": 1200363, "Actual Loops": 1, "Inner Unique": false, "Hash Cond": "(orders.o_custkey = customer.c_custkey), (LLVM Optimized, Jit Execute)", "Plans": [{"Node Type": "Seq Scan", "Parent Relationship": "Outer", "Relation Name": "orders", "Alias": "orders", "Startup Cost": 0.0, "Total Cost": 426413.79, "Plan Rows": 14999479, "Plan Width": 16, "Actual Startup Time": 0.021, "Actual Total Time": 4197.437, "Actual Rows": 15000000, "Actual Loops": 1}, {"Node Type": "Hash", "Parent Relationship": "Inner", "Startup Cost": 14881.59, "Total Cost": 14881.59, "Plan Rows": 119904, "Plan Width": 64, "Actual Startup Time": 324.037, "Actual Total Time": 324.037, "Actual Rows": 119972, "Actual Loops": 1, "Hash Buckets": 131072, "Hash Batches": 1, "Original Hash Batches": 1, "Peak Memory Usage": 11248, "Plans": [{"Node Type": "Nested Loop", "Parent Relationship": "Outer", "Join Type": "Inner", "Startup Cost": 1030.37, "Total Cost": 14881.59, "Plan Rows": 119904, "Plan Width": 64, "Actual Startup Time": 18.16, "Actual Total Time": 281.037, "Actual Rows": 119972, "Actual Loops": 1, "Inner Unique": false, "Plans": [{"Node Type": "Nested Loop", "Parent Relationship": "Outer", "Join Type": "Inner", "Startup Cost": 0.0, "Total Cost": 16.62, "Plan Rows": 2, "Plan Width": 60, "Actual Startup Time": 0.068, "Actual Total Time": 0.136, "Actual Rows": 2, "Actual Loops": 1, "Inner Unique": false, "Join Filter": "(((n1.n_name = 'JAPAN'::bpchar) AND (n2.n_name = 'INDIA'::bpchar)) OR ((n1.n_name = 'INDIA'::bpchar) AND (n2.n_name = 'JAPAN'::bpchar)))", "Rows Removed by Join Filter": 2, "Plans": [{"Node Type": "Seq Scan", "Parent Relationship": "Outer", "Relation Name": "nation", "Alias": "n1", "Startup Cost": 0.0, "Total Cost": 1.25, "Plan Rows": 25, "Plan Width": 30, "Actual Startup Time": 0.033, "Actual Total Time": 0.05, "Actual Rows": 2, "Actual Loops": 1, "Filter": "((n_name = 'JAPAN'::bpchar) OR (n_name = 'INDIA'::bpchar))", "Rows Removed by Filter": 23}, {"Node Type": "Materialize", "Parent Relationship": "Inner", "Startup Cost": 0.0, "Total Cost": 1.38, "Plan Rows": 25, "Plan Width": 30, "Actual Startup Time": 0.026, "Actual Total Time": 0.048, "Actual Rows": 4, "Actual Loops": 2, "Plans": [{"Node Type": "Seq Scan", "Parent Relationship": "Outer", "Relation Name": "nation", "Alias": "n2", "Startup Cost": 0.0, "Total Cost": 1.25, "Plan Rows": 25, "Plan Width": 30, "Actual Startup Time": 0.02, "Actual Total Time": 0.039, "Actual Rows": 2, "Actual Loops": 1, "Filter": "((n_name = 'INDIA'::bpchar) OR (n_name = 'JAPAN'::bpchar))", "Rows Removed by Filter": 23}]}]}, {"Node Type": "Bitmap Heap Scan", "Parent Relationship": "Inner", "Relation Name": "customer", "Alias": "customer", "Startup Cost": 1030.37, "Total Cost": 6832.48, "Plan Rows": 60000, "Plan Width": 12, "Actual Startup Time": 36.07, "Actual Total Time": 256.52, "Actual Rows": 119972, "Actual Loops": 2, "Recheck Cond": "(c_nationkey = n2.n_nationkey)", "Rows Removed by Index Recheck": 0, "Exact Heap Blocks": 59938, "Lossy Heap Blocks": 59938, "Plans": [{"Node Type": "Bitmap Index Scan", "Parent Relationship": "Outer", "Index Name": "idx_customer_nationkey", "Startup Cost": 0.0, "Total Cost": 1015.37, "Plan Rows": 60000, "Plan Width": 0, "Actual Startup Time": 22.953, "Actual Total Time": 22.953, "Actual Rows": 119972, "Actual Loops": 2, "Index Cond": "(c_nationkey = n2.n_nationkey)"}]}]}]}]}, {"Node Type": "Bitmap Heap Scan", "Parent Relationship": "Inner", "Relation Name": "lineitem", "Alias": "lineitem", "Startup Cost": 0.38, "Total Cost": 4.54, "Plan Rows": 3, "Plan Width": 40, "Actual Startup Time": 10487.362, "Actual Total Time": 11099.797, "Actual Rows": 1459150, "Actual Loops": 1200363, "Recheck Cond": "(l_orderkey = orders.o_orderkey)", "Rows Removed by Index Recheck": 0, "Filter": "((l_shipdate >= '1995-01-01 00:00:00'::timestamp(0) without time zone) AND (l_shipdate <= '1996-12-31 00:00:00'::timestamp(0) without time zone))", "Rows Removed by Filter": 3342563, "Exact Heap Blocks": 1285989, "Lossy Heap Blocks": 1285989, "Plans": [{"Node Type": "Bitmap Index Scan", "Parent Relationship": "Outer", "Index Name": "idx_lineitem_orderkey", "Startup Cost": 0.0, "Total Cost": 0.38, "Plan Rows": 9, "Plan Width": 0, "Actual Startup Time": 5016.967, "Actual Total Time": 5016.967, "Actual Rows": 4801713, "Actual Loops": 1200363, "Index Cond": "(l_orderkey = orders.o_orderkey)"}]}]}, {"Node Type": "Hash", "Parent Relationship": "Inner", "Startup Cost": 3283.0, "Total Cost": 3283.0, "Plan Rows": 100000, "Plan Width": 12, "Actual Startup Time": 71.13, "Actual Total Time": 71.13, "Actual Rows": 100000, "Actual Loops": 1, "Hash Buckets": 131072, "Hash Batches": 1, "Original Hash Batches": 1, "Peak Memory Usage": 4297, "Plans": [{"Node Type": "Seq Scan", "Parent Relationship": "Outer", "Relation Name": "supplier", "Alias": "supplier", "Startup Cost": 0.0, "Total Cost": 3283.0, "Plan Rows": 100000, "Plan Width": 12, "Actual Startup Time": 0.017, "Actual Total Time": 40.852, "Actual Rows": 100000, "Actual Loops": 1}]}]}]}]}, "Triggers": [], "Planner Runtime": 3, "Total Runtime": 23184.623, "Unique SQL Id": 2208782157}}, "(64, 7)": {"explain_plan": {"Plan": {"Node Type": "Sort", "Startup Cost": 99673674.43, "Total Cost": 99673683.65, "Plan Rows": 3688, "Plan Width": 84, "Sort Key": ["n1.n_name", "n2.n_name", "(date_part('year'::text, lineitem.l_shipdate))"], "Plans": [{"Node Type": "Aggregate", "Strategy": "Hashed", "Parent Relationship": "Outer", "Startup Cost": 99673409.84, "Total Cost": 99673455.94, "Plan Rows": 3688, "Plan Width": 84, "Group By Key": ["n1.n_name", "n2.n_name", "date_part('year'::text, lineitem.l_shipdate)"], "Plans": [{"Node Type": "Nested Loop", "Parent Relationship": "Outer", "Join Type": "Inner", "Startup Cost": 627986.71, "Total Cost": 99673354.52, "Plan Rows": 3688, "Plan Width": 76, "Inner Unique": true, "Join Filter": "(((n1.n_name = 'JAPAN'::bpchar) AND (n2.n_name = 'INDIA'::bpchar)) OR ((n1.n_name = 'INDIA'::bpchar) AND (n2.n_name = 'JAPAN'::bpchar)))", "Plans": [{"Node Type": "Nested Loop", "Parent Relationship": "Outer", "Join Type": "Inner", "Startup Cost": 627986.45, "Total Cost": 94724471.42, "Plan Rows": 1153515, "Plan Width": 54, "Inner Unique": true, "Plans": [{"Node Type": "Nested Loop", "Parent Relationship": "Outer", "Join Type": "Inner", "Startup Cost": 627986.2, "Total Cost": 89787046.56, "Plan Rows": 1153515, "Plan Width": 32, "Inner Unique": true, "Plans": [{"Node Type": "Nested Loop", "Parent Relationship": "Outer", "Join Type": "Inner", "Startup Cost": 627985.94, "Total Cost": 84848088.55, "Plan Rows": 1153515, "Plan Width": 36, "Inner Unique": true, "Plans": [{"Node Type": "Nested Loop", "Parent Relationship": "Outer", "Join Type": "Inner", "Startup Cost": 627985.67, "Total Cost": 79896146.0, "Plan Rows": 1153515, "Plan Width": 36, "Inner Unique": true, "Plans": [{"Node Type": "Bitmap Heap Scan", "Parent Relationship": "Outer", "Relation Name": "lineitem", "Alias": "lineitem", "Startup Cost": 627985.41, "Total Cost": 2315105.27, "Plan Rows": 18124991, "Plan Width": 40, "Recheck Cond": "((l_shipdate >= '1995-01-01 00:00:00'::timestamp(0) without time zone) AND (l_shipdate <= '1996-12-31 00:00:00'::timestamp(0) without time zone)), (LLVM Optimized)", "Plans": [{"Node Type": "Bitmap Index Scan", "Parent Relationship": "Outer", "Index Name": "idx_lineitem_shipdate", "Startup Cost": 0.0, "Total Cost": 623454.16, "Plan Rows": 18124991, "Plan Width": 0, "Index Cond": "((l_shipdate >= '1995-01-01 00:00:00'::timestamp(0) without time zone) AND (l_shipdate <= '1996-12-31 00:00:00'::timestamp(0) without time zone))"}]}, {"Node Type": "Bitmap Heap Scan", "Parent Relationship": "Inner", "Relation Name": "supplier", "Alias": "supplier", "Startup Cost": 0.26, "Total Cost": 4.27, "Plan Rows": 1, "Plan Width": 12, "Recheck Cond": "(s_suppkey = lineitem.l_suppkey)", "Plans": [{"Node Type": "Bitmap Index Scan", "Parent Relationship": "Outer", "Index Name": "supplier_pkey", "Startup Cost": 0.0, "Total Cost": 0.26, "Plan Rows": 1, "Plan Width": 0, "Index Cond": "(s_suppkey = lineitem.l_suppkey)"}]}]}, {"Node Type": "Bitmap Heap Scan", "Parent Relationship": "Inner", "Relation Name": "orders", "Alias": "orders", "Startup Cost": 0.27, "Total Cost": 4.28, "Plan Rows": 1, "Plan Width": 16, "Recheck Cond": "(o_orderkey = lineitem.l_orderkey)", "Plans": [{"Node Type": "Bitmap Index Scan", "Parent Relationship": "Outer", "Index Name": "orders_pkey", "Startup Cost": 0.0, "Total Cost": 0.27, "Plan Rows": 1, "Plan Width": 0, "Index Cond": "(o_orderkey = lineitem.l_orderkey)"}]}]}, {"Node Type": "Bitmap Heap Scan", "Parent Relationship": "Inner", "Relation Name": "customer", "Alias": "customer", "Startup Cost": 0.26, "Total Cost": 4.27, "Plan Rows": 1, "Plan Width": 12, "Recheck Cond": "(c_custkey = orders.o_custkey)", "Plans": [{"Node Type": "Bitmap Index Scan", "Parent Relationship": "Outer", "Index Name": "customer_pkey", "Startup Cost": 0.0, "Total Cost": 0.26, "Plan Rows": 1, "Plan Width": 0, "Index Cond": "(c_custkey = orders.o_custkey)"}]}]}, {"Node Type": "Bitmap Heap Scan", "Parent Relationship": "Inner", "Relation Name": "nation", "Alias": "n1", "Startup Cost": 0.26, "Total Cost": 4.27, "Plan Rows": 1, "Plan Width": 30, "Recheck Cond": "(n_nationkey = supplier.s_nationkey)", "Filter": "((n_name = 'JAPAN'::bpchar) OR (n_name = 'INDIA'::bpchar))", "Plans": [{"Node Type": "Bitmap Index Scan", "Parent Relationship": "Outer", "Index Name": "nation_pkey", "Startup Cost": 0.0, "Total Cost": 0.26, "Plan Rows": 1, "Plan Width": 0, "Index Cond": "(n_nationkey = supplier.s_nationkey)"}]}]}, {"Node Type": "Bitmap Heap Scan", "Parent Relationship": "Inner", "Relation Name": "nation", "Alias": "n2", "Startup Cost": 0.26, "Total Cost": 4.27, "Plan Rows": 1, "Plan Width": 30, "Recheck Cond": "(n_nationkey = customer.c_nationkey)", "Filter": "((n_name = 'INDIA'::bpchar) OR (n_name = 'JAPAN'::bpchar))", "Plans": [{"Node Type": "Bitmap Index Scan", "Parent Relationship": "Outer", "Index Name": "nation_pkey", "Startup Cost": 0.0, "Total Cost": 0.26, "Plan Rows": 1, "Plan Width": 0, "Index Cond": "(n_nationkey = customer.c_nationkey)"}]}]}]}]}, "Unique SQL Id": 2208782157, "Planner Runtime": 3}, "explain_analyze_plan": null}, "(64, 8)": {"explain_plan": {"Plan": {"Node Type": "Sort", "Startup Cost": 655180.01, "Total Cost": 655189.23, "Plan Rows": 3688, "Plan Width": 84, "Sort Key": ["n1.n_name", "n2.n_name", "(date_part('year'::text, lineitem.l_shipdate))"], "Plans": [{"Node Type": "Aggregate", "Strategy": "Hashed", "Parent Relationship": "Outer", "Startup Cost": 654915.42, "Total Cost": 654961.52, "Plan Rows": 3688, "Plan Width": 84, "Group By Key": ["n1.n_name", "n2.n_name", "date_part('year'::text, lineitem.l_shipdate)"], "Plans": [{"Node Type": "Hash Join", "Parent Relationship": "Outer", "Join Type": "Inner", "Startup Cost": 4783.0, "Total Cost": 654860.1, "Plan Rows": 3688, "Plan Width": 76, "Inner Unique": true, "Hash Cond": "((lineitem.l_suppkey = supplier.s_suppkey) AND (n1.n_nationkey = supplier.s_nationkey))", "Plans": [{"Node Type": "Nested Loop", "Parent Relationship": "Outer", "Join Type": "Inner", "Startup Cost": 0.0, "Total Cost": 644493.13, "Plan Rows": 740786, "Plan Width": 88, "Inner Unique": false, "Plans": [{"Node Type": "Nested Loop", "Parent Relationship": "Outer", "Join Type": "Inner", "Startup Cost": 0.0, "Total Cost": 167755.5, "Plan Rows": 504972, "Plan Width": 64, "Inner Unique": false, "Plans": [{"Node Type": "Nested Loop", "Parent Relationship": "Outer", "Join Type": "Inner", "Startup Cost": 0.0, "Total Cost": 16632.98, "Plan Rows": 119904, "Plan Width": 64, "Inner Unique": false, "Plans": [{"Node Type": "Nested Loop", "Parent Relationship": "Outer", "Join Type": "Inner", "Startup Cost": 0.0, "Total Cost": 28.12, "Plan Rows": 2, "Plan Width": 60, "Inner Unique": false, "Join Filter": "(((n1.n_name = 'JAPAN'::bpchar) AND (n2.n_name = 'INDIA'::bpchar)) OR ((n1.n_name = 'INDIA'::bpchar) AND (n2.n_name = 'JAPAN'::bpchar)))", "Plans": [{"Node Type": "Index Scan", "Parent Relationship": "Outer", "Scan Direction": "Forward", "Index Name": "nation_pkey", "Relation Name": "nation", "Alias": "n1", "Startup Cost": 0.0, "Total Cost": 12.75, "Plan Rows": 25, "Plan Width": 30, "Filter": "((n_name = 'JAPAN'::bpchar) OR (n_name = 'INDIA'::bpchar))"}, {"Node Type": "Materialize", "Parent Relationship": "Inner", "Startup Cost": 0.0, "Total Cost": 1.38, "Plan Rows": 25, "Plan Width": 30, "Plans": [{"Node Type": "Seq Scan", "Parent Relationship": "Outer", "Relation Name": "nation", "Alias": "n2", "Startup Cost": 0.0, "Total Cost": 1.25, "Plan Rows": 25, "Plan Width": 30, "Filter": "((n_name = 'INDIA'::bpchar) OR (n_name = 'JAPAN'::bpchar))"}]}]}, {"Node Type": "Index Scan", "Parent Relationship": "Inner", "Scan Direction": "Forward", "Index Name": "idx_customer_nationkey", "Relation Name": "customer", "Alias": "customer", "Startup Cost": 0.0, "Total Cost": 7702.43, "Plan Rows": 60000, "Plan Width": 12, "Index Cond": "(c_nationkey = n2.n_nationkey)"}]}, {"Node Type": "Index Scan", "Parent Relationship": "Inner", "Scan Direction": "Forward", "Index Name": "idx_orders_custkey", "Relation Name": "orders", "Alias": "orders", "Startup Cost": 0.0, "Total Cost": 1.22, "Plan Rows": 4, "Plan Width": 16, "Index Cond": "(o_custkey = customer.c_custkey)"}]}, {"Node Type": "Index Scan", "Parent Relationship": "Inner", "Scan Direction": "Forward", "Index Name": "idx_lineitem_orderkey", "Relation Name": "lineitem", "Alias": "lineitem", "Startup Cost": 0.0, "Total Cost": 0.91, "Plan Rows": 3, "Plan Width": 40, "Index Cond": "(l_orderkey = orders.o_orderkey)", "Filter": "((l_shipdate >= '1995-01-01 00:00:00'::timestamp(0) without time zone) AND (l_shipdate <= '1996-12-31 00:00:00'::timestamp(0) without time zone))"}]}, {"Node Type": "Hash", "Parent Relationship": "Inner", "Startup Cost": 3283.0, "Total Cost": 3283.0, "Plan Rows": 100000, "Plan Width": 12, "Plans": [{"Node Type": "Seq Scan", "Parent Relationship": "Outer", "Relation Name": "supplier", "Alias": "supplier", "Startup Cost": 0.0, "Total Cost": 3283.0, "Plan Rows": 100000, "Plan Width": 12}]}]}]}]}, "Unique SQL Id": 2208782157, "Planner Runtime": 5}, "explain_analyze_plan": {"Plan": {"Node Type": "Sort", "Startup Cost": 655180.01, "Total Cost": 655189.23, "Plan Rows": 3688, "Plan Width": 84, "Actual Startup Time": 20315.297, "Actual Total Time": 20315.297, "Actual Rows": 4, "Actual Loops": 1, "Sort Key": ["n1.n_name", "n2.n_name", "(date_part('year'::text, lineitem.l_shipdate))"], "Sort Method": "quicksort", "Sort Space Used": 25, "Sort Space Type": "Memory", "Plans": [{"Node Type": "Aggregate", "Strategy": "Hashed", "Parent Relationship": "Outer", "Startup Cost": 654915.42, "Total Cost": 654961.52, "Plan Rows": 3688, "Plan Width": 84, "Actual Startup Time": 20315.255, "Actual Total Time": 20315.259, "Actual Rows": 4, "Actual Loops": 1, "Group By Key": ["n1.n_name", "n2.n_name", "date_part('year'::text, lineitem.l_shipdate)"], "Plans": [{"Node Type": "Hash Join", "Parent Relationship": "Outer", "Join Type": "Inner", "Startup Cost": 4783.0, "Total Cost": 654860.1, "Plan Rows": 3688, "Plan Width": 76, "Actual Startup Time": 69.016, "Actual Total Time": 20216.881, "Actual Rows": 58554, "Actual Loops": 1, "Inner Unique": true, "Hash Cond": "((lineitem.l_suppkey = supplier.s_suppkey) AND (n1.n_nationkey = supplier.s_nationkey))", "Plans": [{"Node Type": "Nested Loop", "Parent Relationship": "Outer", "Join Type": "Inner", "Startup Cost": 0.0, "Total Cost": 644493.13, "Plan Rows": 740786, "Plan Width": 88, "Actual Startup Time": 0.177, "Actual Total Time": 19476.148, "Actual Rows": 1459150, "Actual Loops": 1, "Inner Unique": false, "Plans": [{"Node Type": "Nested Loop", "Parent Relationship": "Outer", "Join Type": "Inner", "Startup Cost": 0.0, "Total Cost": 167755.5, "Plan Rows": 504972, "Plan Width": 64, "Actual Startup Time": 0.106, "Actual Total Time": 4191.716, "Actual Rows": 1200363, "Actual Loops": 1, "Inner Unique": false, "Plans": [{"Node Type": "Nested Loop", "Parent Relationship": "Outer", "Join Type": "Inner", "Startup Cost": 0.0, "Total Cost": 16632.98, "Plan Rows": 119904, "Plan Width": 64, "Actual Startup Time": 0.094, "Actual Total Time": 227.921, "Actual Rows": 119972, "Actual Loops": 1, "Inner Unique": false, "Plans": [{"Node Type": "Nested Loop", "Parent Relationship": "Outer", "Join Type": "Inner", "Startup Cost": 0.0, "Total Cost": 28.12, "Plan Rows": 2, "Plan Width": 60, "Actual Startup Time": 0.058, "Actual Total Time": 0.245, "Actual Rows": 2, "Actual Loops": 1, "Inner Unique": false, "Join Filter": "(((n1.n_name = 'JAPAN'::bpchar) AND (n2.n_name = 'INDIA'::bpchar)) OR ((n1.n_name = 'INDIA'::bpchar) AND (n2.n_name = 'JAPAN'::bpchar)))", "Rows Removed by Join Filter": 2, "Plans": [{"Node Type": "Index Scan", "Parent Relationship": "Outer", "Scan Direction": "Forward", "Index Name": "nation_pkey", "Relation Name": "nation", "Alias": "n1", "Startup Cost": 0.0, "Total Cost": 12.75, "Plan Rows": 25, "Plan Width": 30, "Actual Startup Time": 0.021, "Actual Total Time": 0.053, "Actual Rows": 2, "Actual Loops": 1, "Filter": "((n_name = 'JAPAN'::bpchar) OR (n_name = 'INDIA'::bpchar))", "Rows Removed by Filter": 23}, {"Node Type": "Materialize", "Parent Relationship": "Inner", "Startup Cost": 0.0, "Total Cost": 1.38, "Plan Rows": 25, "Plan Width": 30, "Actual Startup Time": 0.028, "Actual Total Time": 0.056, "Actual Rows": 4, "Actual Loops": 2, "Plans": [{"Node Type": "Seq Scan", "Parent Relationship": "Outer", "Relation Name": "nation", "Alias": "n2", "Startup Cost": 0.0, "Total Cost": 1.25, "Plan Rows": 25, "Plan Width": 30, "Actual Startup Time": 0.021, "Actual Total Time": 0.043, "Actual Rows": 2, "Actual Loops": 1, "Filter": "((n_name = 'INDIA'::bpchar) OR (n_name = 'JAPAN'::bpchar))", "Rows Removed by Filter": 23}]}]}, {"Node Type": "Index Scan", "Parent Relationship": "Inner", "Scan Direction": "Forward", "Index Name": "idx_customer_nationkey", "Relation Name": "customer", "Alias": "customer", "Startup Cost": 0.0, "Total Cost": 7702.43, "Plan Rows": 60000, "Plan Width": 12, "Actual Startup Time": 0.062, "Actual Total Time": 195.075, "Actual Rows": 119972, "Actual Loops": 2, "Index Cond": "(c_nationkey = n2.n_nationkey)", "Rows Removed by Index Recheck": 0}]}, {"Node Type": "Index Scan", "Parent Relationship": "Inner", "Scan Direction": "Forward", "Index Name": "idx_orders_custkey", "Relation Name": "orders", "Alias": "orders", "Startup Cost": 0.0, "Total Cost": 1.22, "Plan Rows": 4, "Plan Width": 16, "Actual Startup Time": 771.687, "Actual Total Time": 3621.827, "Actual Rows": 1200363, "Actual Loops": 119972, "Index Cond": "(o_custkey = customer.c_custkey)", "Rows Removed by Index Recheck": 0}]}, {"Node Type": "Index Scan", "Parent Relationship": "Inner", "Scan Direction": "Forward", "Index Name": "idx_lineitem_orderkey", "Relation Name": "lineitem", "Alias": "lineitem", "Startup Cost": 0.0, "Total Cost": 0.91, "Plan Rows": 3, "Plan Width": 40, "Actual Startup Time": 13170.471, "Actual Total Time": 14318.898, "Actual Rows": 1459150, "Actual Loops": 1200363, "Index Cond": "(l_orderkey = orders.o_orderkey)", "Rows Removed by Index Recheck": 0, "Filter": "((l_shipdate >= '1995-01-01 00:00:00'::timestamp(0) without time zone) AND (l_shipdate <= '1996-12-31 00:00:00'::timestamp(0) without time zone))", "Rows Removed by Filter": 3342563}]}, {"Node Type": "Hash", "Parent Relationship": "Inner", "Startup Cost": 3283.0, "Total Cost": 3283.0, "Plan Rows": 100000, "Plan Width": 12, "Actual Startup Time": 68.584, "Actual Total Time": 68.584, "Actual Rows": 100000, "Actual Loops": 1, "Hash Buckets": 131072, "Hash Batches": 1, "Original Hash Batches": 1, "Peak Memory Usage": 4297, "Plans": [{"Node Type": "Seq Scan", "Parent Relationship": "Outer", "Relation Name": "supplier", "Alias": "supplier", "Startup Cost": 0.0, "Total Cost": 3283.0, "Plan Rows": 100000, "Plan Width": 12, "Actual Startup Time": 0.01, "Actual Total Time": 38.364, "Actual Rows": 100000, "Actual Loops": 1}]}]}]}]}, "Triggers": [], "Planner Runtime": 3, "Total Runtime": 20315.502, "Unique SQL Id": 2208782157}}, "(64, 9)": {"explain_plan": {"Plan": {"Node Type": "Sort", "Startup Cost": 657243.06, "Total Cost": 657252.28, "Plan Rows": 3688, "Plan Width": 84, "Sort Key": ["n1.n_name", "n2.n_name", "(date_part('year'::text, lineitem.l_shipdate))"], "Plans": [{"Node Type": "Aggregate", "Strategy": "Hashed", "Parent Relationship": "Outer", "Startup Cost": 656978.47, "Total Cost": 657024.57, "Plan Rows": 3688, "Plan Width": 84, "Group By Key": ["n1.n_name", "n2.n_name", "date_part('year'::text, lineitem.l_shipdate)"], "Plans": [{"Node Type": "Hash Join", "Parent Relationship": "Outer", "Join Type": "Inner", "Startup Cost": 6834.54, "Total Cost": 656923.15, "Plan Rows": 3688, "Plan Width": 76, "Inner Unique": true, "Hash Cond": "((lineitem.l_suppkey = supplier.s_suppkey) AND (n1.n_nationkey = supplier.s_nationkey))", "Plans": [{"Node Type": "Nested Loop", "Parent Relationship": "Outer", "Join Type": "Inner", "Startup Cost": 0.0, "Total Cost": 644504.63, "Plan Rows": 740786, "Plan Width": 88, "Inner Unique": false, "Plans": [{"Node Type": "Nested Loop", "Parent Relationship": "Outer", "Join Type": "Inner", "Startup Cost": 0.0, "Total Cost": 167767.0, "Plan Rows": 504972, "Plan Width": 64, "Inner Unique": false, "Plans": [{"Node Type": "Nested Loop", "Parent Relationship": "Outer", "Join Type": "Inner", "Startup Cost": 0.0, "Total Cost": 16644.48, "Plan Rows": 119904, "Plan Width": 64, "Inner Unique": false, "Plans": [{"Node Type": "Nested Loop", "Parent Relationship": "Outer", "Join Type": "Inner", "Startup Cost": 0.0, "Total Cost": 39.62, "Plan Rows": 2, "Plan Width": 60, "Inner Unique": false, "Join Filter": "(((n1.n_name = 'JAPAN'::bpchar) AND (n2.n_name = 'INDIA'::bpchar)) OR ((n1.n_name = 'INDIA'::bpchar) AND (n2.n_name = 'JAPAN'::bpchar)))", "Plans": [{"Node Type": "Index Scan", "Parent Relationship": "Outer", "Scan Direction": "Forward", "Index Name": "nation_pkey", "Relation Name": "nation", "Alias": "n1", "Startup Cost": 0.0, "Total Cost": 12.75, "Plan Rows": 25, "Plan Width": 30, "Filter": "((n_name = 'JAPAN'::bpchar) OR (n_name = 'INDIA'::bpchar))"}, {"Node Type": "Materialize", "Parent Relationship": "Inner", "Startup Cost": 0.0, "Total Cost": 12.88, "Plan Rows": 25, "Plan Width": 30, "Plans": [{"Node Type": "Index Scan", "Parent Relationship": "Outer", "Scan Direction": "Forward", "Index Name": "nation_pkey", "Relation Name": "nation", "Alias": "n2", "Startup Cost": 0.0, "Total Cost": 12.75, "Plan Rows": 25, "Plan Width": 30, "Filter": "((n_name = 'INDIA'::bpchar) OR (n_name = 'JAPAN'::bpchar))"}]}]}, {"Node Type": "Index Scan", "Parent Relationship": "Inner", "Scan Direction": "Forward", "Index Name": "idx_customer_nationkey", "Relation Name": "customer", "Alias": "customer", "Startup Cost": 0.0, "Total Cost": 7702.43, "Plan Rows": 60000, "Plan Width": 12, "Index Cond": "(c_nationkey = n2.n_nationkey)"}]}, {"Node Type": "Index Scan", "Parent Relationship": "Inner", "Scan Direction": "Forward", "Index Name": "idx_orders_custkey", "Relation Name": "orders", "Alias": "orders", "Startup Cost": 0.0, "Total Cost": 1.22, "Plan Rows": 4, "Plan Width": 16, "Index Cond": "(o_custkey = customer.c_custkey)"}]}, {"Node Type": "Index Scan", "Parent Relationship": "Inner", "Scan Direction": "Forward", "Index Name": "idx_lineitem_orderkey", "Relation Name": "lineitem", "Alias": "lineitem", "Startup Cost": 0.0, "Total Cost": 0.91, "Plan Rows": 3, "Plan Width": 40, "Index Cond": "(l_orderkey = orders.o_orderkey)", "Filter": "((l_shipdate >= '1995-01-01 00:00:00'::timestamp(0) without time zone) AND (l_shipdate <= '1996-12-31 00:00:00'::timestamp(0) without time zone))"}]}, {"Node Type": "Hash", "Parent Relationship": "Inner", "Startup Cost": 5334.54, "Total Cost": 5334.54, "Plan Rows": 100000, "Plan Width": 12, "Plans": [{"Node Type": "Index Scan", "Parent Relationship": "Outer", "Scan Direction": "Forward", "Index Name": "supplier_pkey", "Relation Name": "supplier", "Alias": "supplier", "Startup Cost": 0.0, "Total Cost": 5334.54, "Plan Rows": 100000, "Plan Width": 12}]}]}]}]}, "Unique SQL Id": 2208782157, "Planner Runtime": 5}, "explain_analyze_plan": {"Plan": {"Node Type": "Sort", "Startup Cost": 657243.06, "Total Cost": 657252.28, "Plan Rows": 3688, "Plan Width": 84, "Actual Startup Time": 20341.0, "Actual Total Time": 20341.0, "Actual Rows": 4, "Actual Loops": 1, "Sort Key": ["n1.n_name", "n2.n_name", "(date_part('year'::text, lineitem.l_shipdate))"], "Sort Method": "quicksort", "Sort Space Used": 25, "Sort Space Type": "Memory", "Plans": [{"Node Type": "Aggregate", "Strategy": "Hashed", "Parent Relationship": "Outer", "Startup Cost": 656978.47, "Total Cost": 657024.57, "Plan Rows": 3688, "Plan Width": 84, "Actual Startup Time": 20340.963, "Actual Total Time": 20340.968, "Actual Rows": 4, "Actual Loops": 1, "Group By Key": ["n1.n_name", "n2.n_name", "date_part('year'::text, lineitem.l_shipdate)"], "Plans": [{"Node Type": "Hash Join", "Parent Relationship": "Outer", "Join Type": "Inner", "Startup Cost": 6834.54, "Total Cost": 656923.15, "Plan Rows": 3688, "Plan Width": 76, "Actual Startup Time": 111.463, "Actual Total Time": 20242.064, "Actual Rows": 58554, "Actual Loops": 1, "Inner Unique": true, "Hash Cond": "((lineitem.l_suppkey = supplier.s_suppkey) AND (n1.n_nationkey = supplier.s_nationkey))", "Plans": [{"Node Type": "Nested Loop", "Parent Relationship": "Outer", "Join Type": "Inner", "Startup Cost": 0.0, "Total Cost": 644504.63, "Plan Rows": 740786, "Plan Width": 88, "Actual Startup Time": 0.156, "Actual Total Time": 19442.806, "Actual Rows": 1459150, "Actual Loops": 1, "Inner Unique": false, "Plans": [{"Node Type": "Nested Loop", "Parent Relationship": "Outer", "Join Type": "Inner", "Startup Cost": 0.0, "Total Cost": 167767.0, "Plan Rows": 504972, "Plan Width": 64, "Actual Startup Time": 0.104, "Actual Total Time": 4180.41, "Actual Rows": 1200363, "Actual Loops": 1, "Inner Unique": false, "Plans": [{"Node Type": "Nested Loop", "Parent Relationship": "Outer", "Join Type": "Inner", "Startup Cost": 0.0, "Total Cost": 16644.48, "Plan Rows": 119904, "Plan Width": 64, "Actual Startup Time": 0.091, "Actual Total Time": 229.651, "Actual Rows": 119972, "Actual Loops": 1, "Inner Unique": false, "Plans": [{"Node Type": "Nested Loop", "Parent Relationship": "Outer", "Join Type": "Inner", "Startup Cost": 0.0, "Total Cost": 39.62, "Plan Rows": 2, "Plan Width": 60, "Actual Startup Time": 0.057, "Actual Total Time": 0.282, "Actual Rows": 2, "Actual Loops": 1, "Inner Unique": false, "Join Filter": "(((n1.n_name = 'JAPAN'::bpchar) AND (n2.n_name = 'INDIA'::bpchar)) OR ((n1.n_name = 'INDIA'::bpchar) AND (n2.n_name = 'JAPAN'::bpchar)))", "Rows Removed by Join Filter": 2, "Plans": [{"Node Type": "Index Scan", "Parent Relationship": "Outer", "Scan Direction": "Forward", "Index Name": "nation_pkey", "Relation Name": "nation", "Alias": "n1", "Startup Cost": 0.0, "Total Cost": 12.75, "Plan Rows": 25, "Plan Width": 30, "Actual Startup Time": 0.023, "Actual Total Time": 0.046, "Actual Rows": 2, "Actual Loops": 1, "Filter": "((n_name = 'JAPAN'::bpchar) OR (n_name = 'INDIA'::bpchar))", "Rows Removed by Filter": 23}, {"Node Type": "Materialize", "Parent Relationship": "Inner", "Startup Cost": 0.0, "Total Cost": 12.88, "Plan Rows": 25, "Plan Width": 30, "Actual Startup Time": 0.026, "Actual Total Time": 0.192, "Actual Rows": 4, "Actual Loops": 2, "Plans": [{"Node Type": "Index Scan", "Parent Relationship": "Outer", "Scan Direction": "Forward", "Index Name": "nation_pkey", "Relation Name": "nation", "Alias": "n2", "Startup Cost": 0.0, "Total Cost": 12.75, "Plan Rows": 25, "Plan Width": 30, "Actual Startup Time": 0.011, "Actual Total Time": 0.046, "Actual Rows": 2, "Actual Loops": 1, "Filter": "((n_name = 'INDIA'::bpchar) OR (n_name = 'JAPAN'::bpchar))", "Rows Removed by Filter": 23}]}]}, {"Node Type": "Index Scan", "Parent Relationship": "Inner", "Scan Direction": "Forward", "Index Name": "idx_customer_nationkey", "Relation Name": "customer", "Alias": "customer", "Startup Cost": 0.0, "Total Cost": 7702.43, "Plan Rows": 60000, "Plan Width": 12, "Actual Startup Time": 0.061, "Actual Total Time": 194.905, "Actual Rows": 119972, "Actual Loops": 2, "Index Cond": "(c_nationkey = n2.n_nationkey)", "Rows Removed by Index Recheck": 0}]}, {"Node Type": "Index Scan", "Parent Relationship": "Inner", "Scan Direction": "Forward", "Index Name": "idx_orders_custkey", "Relation Name": "orders", "Alias": "orders", "Startup Cost": 0.0, "Total Cost": 1.22, "Plan Rows": 4, "Plan Width": 16, "Actual Startup Time": 770.574, "Actual Total Time": 3603.0, "Actual Rows": 1200363, "Actual Loops": 119972, "Index Cond": "(o_custkey = customer.c_custkey)", "Rows Removed by Index Recheck": 0}]}, {"Node Type": "Index Scan", "Parent Relationship": "Inner", "Scan Direction": "Forward", "Index Name": "idx_lineitem_orderkey", "Relation Name": "lineitem", "Alias": "lineitem", "Startup Cost": 0.0, "Total Cost": 0.91, "Plan Rows": 3, "Plan Width": 40, "Actual Startup Time": 13140.934, "Actual Total Time": 14293.094, "Actual Rows": 1459150, "Actual Loops": 1200363, "Index Cond": "(l_orderkey = orders.o_orderkey)", "Rows Removed by Index Recheck": 0, "Filter": "((l_shipdate >= '1995-01-01 00:00:00'::timestamp(0) without time zone) AND (l_shipdate <= '1996-12-31 00:00:00'::timestamp(0) without time zone))", "Rows Removed by Filter": 3342563}]}, {"Node Type": "Hash", "Parent Relationship": "Inner", "Startup Cost": 5334.54, "Total Cost": 5334.54, "Plan Rows": 100000, "Plan Width": 12, "Actual Startup Time": 111.044, "Actual Total Time": 111.044, "Actual Rows": 100000, "Actual Loops": 1, "Hash Buckets": 131072, "Hash Batches": 1, "Original Hash Batches": 1, "Peak Memory Usage": 4297, "Plans": [{"Node Type": "Index Scan", "Parent Relationship": "Outer", "Scan Direction": "Forward", "Index Name": "supplier_pkey", "Relation Name": "supplier", "Alias": "supplier", "Startup Cost": 0.0, "Total Cost": 5334.54, "Plan Rows": 100000, "Plan Width": 12, "Actual Startup Time": 0.018, "Actual Total Time": 78.364, "Actual Rows": 100000, "Actual Loops": 1}]}]}]}]}, "Triggers": [], "Planner Runtime": 2, "Total Runtime": 20341.211, "Unique SQL Id": 2208782157}}, "(64, 10)": {"explain_plan": {"Plan": {"Node Type": "Sort", "Startup Cost": 2961361.75, "Total Cost": 2961370.97, "Plan Rows": 3688, "Plan Width": 84, "Sort Key": ["n1.n_name", "n2.n_name", "(date_part('year'::text, lineitem.l_shipdate))"], "Plans": [{"Node Type": "Aggregate", "Strategy": "Hashed", "Parent Relationship": "Outer", "Startup Cost": 2961097.16, "Total Cost": 2961143.26, "Plan Rows": 3688, "Plan Width": 84, "Group By Key": ["n1.n_name", "n2.n_name", "date_part('year'::text, lineitem.l_shipdate)"], "Plans": [{"Node Type": "Hash Join", "Parent Relationship": "Outer", "Join Type": "Inner", "Startup Cost": 557677.12, "Total Cost": 2961041.84, "Plan Rows": 3688, "Plan Width": 76, "Inner Unique": true, "Hash Cond": "((lineitem.l_suppkey = supplier.s_suppkey) AND (n1.n_nationkey = supplier.s_nationkey))", "Plans": [{"Node Type": "Hash Join", "Parent Relationship": "Outer", "Join Type": "Inner", "Startup Cost": 552894.12, "Total Cost": 2950674.86, "Plan Rows": 740786, "Plan Width": 88, "Inner Unique": false, "Hash Cond": "(lineitem.l_orderkey = orders.o_orderkey), (LLVM Optimized)", "Plans": [{"Node Type": "Seq Scan", "Parent Relationship": "Outer", "Relation Name": "lineitem", "Alias": "lineitem", "Startup Cost": 44.59, "Total Cost": 2315050.5, "Plan Rows": 18124991, "Plan Width": 40, "Filter": "((l_shipdate >= '1995-01-01 00:00:00'::timestamp(0) without time zone) AND (l_shipdate <= '1996-12-31 00:00:00'::timestamp(0) without time zone)), (LLVM Optimized)"}, {"Node Type": "Hash", "Parent Relationship": "Inner", "Startup Cost": 546537.38, "Total Cost": 546537.38, "Plan Rows": 504972, "Plan Width": 64, "Plans": [{"Node Type": "Hash Join", "Parent Relationship": "Outer", "Join Type": "Inner", "Startup Cost": 58825.83, "Total Cost": 546537.38, "Plan Rows": 504972, "Plan Width": 64, "Inner Unique": false, "Hash Cond": "(orders.o_custkey = customer.c_custkey), (LLVM Optimized)", "Plans": [{"Node Type": "Seq Scan", "Parent Relationship": "Outer", "Relation Name": "orders", "Alias": "orders", "Startup Cost": 0.0, "Total Cost": 426413.79, "Plan Rows": 14999479, "Plan Width": 16}, {"Node Type": "Hash", "Parent Relationship": "Inner", "Startup Cost": 57327.03, "Total Cost": 57327.03, "Plan Rows": 119904, "Plan Width": 64, "Plans": [{"Node Type": "Hash Join", "Parent Relationship": "Outer", "Join Type": "Inner", "Startup Cost": 16.65, "Total Cost": 57327.03, "Plan Rows": 119904, "Plan Width": 64, "Inner Unique": false, "Hash Cond": "(customer.c_nationkey = n2.n_nationkey), (LLVM Optimized)", "Plans": [{"Node Type": "Seq Scan", "Parent Relationship": "Outer", "Relation Name": "customer", "Alias": "customer", "Startup Cost": 0.0, "Total Cost": 52126.0, "Plan Rows": 1500000, "Plan Width": 12}, {"Node Type": "Hash", "Parent Relationship": "Inner", "Startup Cost": 16.62, "Total Cost": 16.62, "Plan Rows": 2, "Plan Width": 60, "Plans": [{"Node Type": "Nested Loop", "Parent Relationship": "Outer", "Join Type": "Inner", "Startup Cost": 0.0, "Total Cost": 16.62, "Plan Rows": 2, "Plan Width": 60, "Inner Unique": false, "Join Filter": "(((n1.n_name = 'JAPAN'::bpchar) AND (n2.n_name = 'INDIA'::bpchar)) OR ((n1.n_name = 'INDIA'::bpchar) AND (n2.n_name = 'JAPAN'::bpchar)))", "Plans": [{"Node Type": "Seq Scan", "Parent Relationship": "Outer", "Relation Name": "nation", "Alias": "n1", "Startup Cost": 0.0, "Total Cost": 1.25, "Plan Rows": 25, "Plan Width": 30, "Filter": "((n_name = 'JAPAN'::bpchar) OR (n_name = 'INDIA'::bpchar))"}, {"Node Type": "Materialize", "Parent Relationship": "Inner", "Startup Cost": 0.0, "Total Cost": 1.38, "Plan Rows": 25, "Plan Width": 30, "Plans": [{"Node Type": "Seq Scan", "Parent Relationship": "Outer", "Relation Name": "nation", "Alias": "n2", "Startup Cost": 0.0, "Total Cost": 1.25, "Plan Rows": 25, "Plan Width": 30, "Filter": "((n_name = 'INDIA'::bpchar) OR (n_name = 'JAPAN'::bpchar))"}]}]}]}]}]}]}]}]}, {"Node Type": "Hash", "Parent Relationship": "Inner", "Startup Cost": 3283.0, "Total Cost": 3283.0, "Plan Rows": 100000, "Plan Width": 12, "Plans": [{"Node Type": "Seq Scan", "Parent Relationship": "Outer", "Relation Name": "supplier", "Alias": "supplier", "Startup Cost": 0.0, "Total Cost": 3283.0, "Plan Rows": 100000, "Plan Width": 12}]}]}]}]}, "Unique SQL Id": 2208782157, "Planner Runtime": 5}, "explain_analyze_plan": {"Plan": {"Node Type": "Sort", "Startup Cost": 2961361.75, "Total Cost": 2961370.97, "Plan Rows": 3688, "Plan Width": 84, "Actual Startup Time": 39087.97, "Actual Total Time": 39087.97, "Actual Rows": 4, "Actual Loops": 1, "Sort Key": ["n1.n_name", "n2.n_name", "(date_part('year'::text, lineitem.l_shipdate))"], "Sort Method": "quicksort", "Sort Space Used": 25, "Sort Space Type": "Memory", "Plans": [{"Node Type": "Aggregate", "Strategy": "Hashed", "Parent Relationship": "Outer", "Startup Cost": 2961097.16, "Total Cost": 2961143.26, "Plan Rows": 3688, "Plan Width": 84, "Actual Startup Time": 39087.928, "Actual Total Time": 39087.933, "Actual Rows": 4, "Actual Loops": 1, "Group By Key": ["n1.n_name", "n2.n_name", "date_part('year'::text, lineitem.l_shipdate)"], "Plans": [{"Node Type": "Hash Join", "Parent Relationship": "Outer", "Join Type": "Inner", "Startup Cost": 557677.12, "Total Cost": 2961041.84, "Plan Rows": 3688, "Plan Width": 76, "Actual Startup Time": 9937.976, "Actual Total Time": 38999.287, "Actual Rows": 58554, "Actual Loops": 1, "Inner Unique": true, "Hash Cond": "((lineitem.l_suppkey = supplier.s_suppkey) AND (n1.n_nationkey = supplier.s_nationkey))", "Plans": [{"Node Type": "Hash Join", "Parent Relationship": "Outer", "Join Type": "Inner", "Startup Cost": 552894.12, "Total Cost": 2950674.86, "Plan Rows": 740786, "Plan Width": 88, "Actual Startup Time": 9866.385, "Actual Total Time": 38269.641, "Actual Rows": 1459150, "Actual Loops": 1, "Inner Unique": false, "Hash Cond": "(lineitem.l_orderkey = orders.o_orderkey), (LLVM Optimized, Jit Execute)", "Plans": [{"Node Type": "Seq Scan", "Parent Relationship": "Outer", "Relation Name": "lineitem", "Alias": "lineitem", "Startup Cost": 44.59, "Total Cost": 2315050.5, "Plan Rows": 18124991, "Plan Width": 40, "Actual Startup Time": 0.027, "Actual Total Time": 22462.218, "Actual Rows": 18230325, "Actual Loops": 1, "Filter": "((l_shipdate >= '1995-01-01 00:00:00'::timestamp(0) without time zone) AND (l_shipdate <= '1996-12-31 00:00:00'::timestamp(0) without time zone)), (LLVM Optimized, Jit Execute)", "Rows Removed by Filter": 41755727}, {"Node Type": "Hash", "Parent Relationship": "Inner", "Startup Cost": 546537.38, "Total Cost": 546537.38, "Plan Rows": 504972, "Plan Width": 64, "Actual Startup Time": 9865.556, "Actual Total Time": 9865.556, "Actual Rows": 1200363, "Actual Loops": 1, "Hash Buckets": 524288, "Hash Batches": 1, "Original Hash Batches": 1, "Peak Memory Usage": 112535, "Plans": [{"Node Type": "Hash Join", "Parent Relationship": "Outer", "Join Type": "Inner", "Startup Cost": 58825.83, "Total Cost": 546537.38, "Plan Rows": 504972, "Plan Width": 64, "Actual Startup Time": 838.758, "Actual Total Time": 9389.715, "Actual Rows": 1200363, "Actual Loops": 1, "Inner Unique": false, "Hash Cond": "(orders.o_custkey = customer.c_custkey), (LLVM Optimized, Jit Execute)", "Plans": [{"Node Type": "Seq Scan", "Parent Relationship": "Outer", "Relation Name": "orders", "Alias": "orders", "Startup Cost": 0.0, "Total Cost": 426413.79, "Plan Rows": 14999479, "Plan Width": 16, "Actual Startup Time": 0.026, "Actual Total Time": 4232.637, "Actual Rows": 15000000, "Actual Loops": 1}, {"Node Type": "Hash", "Parent Relationship": "Inner", "Startup Cost": 57327.03, "Total Cost": 57327.03, "Plan Rows": 119904, "Plan Width": 64, "Actual Startup Time": 838.604, "Actual Total Time": 838.604, "Actual Rows": 119972, "Actual Loops": 1, "Hash Buckets": 131072, "Hash Batches": 1, "Original Hash Batches": 1, "Peak Memory Usage": 11248, "Plans": [{"Node Type": "Hash Join", "Parent Relationship": "Outer", "Join Type": "Inner", "Startup Cost": 16.65, "Total Cost": 57327.03, "Plan Rows": 119904, "Plan Width": 64, "Actual Startup Time": 0.125, "Actual Total Time": 795.819, "Actual Rows": 119972, "Actual Loops": 1, "Inner Unique": false, "Hash Cond": "(customer.c_nationkey = n2.n_nationkey), (LLVM Optimized, Jit Execute)", "Plans": [{"Node Type": "Seq Scan", "Parent Relationship": "Outer", "Relation Name": "customer", "Alias": "customer", "Startup Cost": 0.0, "Total Cost": 52126.0, "Plan Rows": 1500000, "Plan Width": 12, "Actual Startup Time": 0.012, "Actual Total Time": 476.1, "Actual Rows": 1500000, "Actual Loops": 1}, {"Node Type": "Hash", "Parent Relationship": "Inner", "Startup Cost": 16.62, "Total Cost": 16.62, "Plan Rows": 2, "Plan Width": 60, "Actual Startup Time": 0.077, "Actual Total Time": 0.077, "Actual Rows": 2, "Actual Loops": 1, "Hash Buckets": 32768, "Hash Batches": 1, "Original Hash Batches": 1, "Peak Memory Usage": 1, "Plans": [{"Node Type": "Nested Loop", "Parent Relationship": "Outer", "Join Type": "Inner", "Startup Cost": 0.0, "Total Cost": 16.62, "Plan Rows": 2, "Plan Width": 60, "Actual Startup Time": 0.053, "Actual Total Time": 0.072, "Actual Rows": 2, "Actual Loops": 1, "Inner Unique": false, "Join Filter": "(((n1.n_name = 'JAPAN'::bpchar) AND (n2.n_name = 'INDIA'::bpchar)) OR ((n1.n_name = 'INDIA'::bpchar) AND (n2.n_name = 'JAPAN'::bpchar)))", "Rows Removed by Join Filter": 2, "Plans": [{"Node Type": "Seq Scan", "Parent Relationship": "Outer", "Relation Name": "nation", "Alias": "n1", "Startup Cost": 0.0, "Total Cost": 1.25, "Plan Rows": 25, "Plan Width": 30, "Actual Startup Time": 0.023, "Actual Total Time": 0.029, "Actual Rows": 2, "Actual Loops": 1, "Filter": "((n_name = 'JAPAN'::bpchar) OR (n_name = 'INDIA'::bpchar))", "Rows Removed by Filter": 23}, {"Node Type": "Materialize", "Parent Relationship": "Inner", "Startup Cost": 0.0, "Total Cost": 1.38, "Plan Rows": 25, "Plan Width": 30, "Actual Startup Time": 0.017, "Actual Total Time": 0.025, "Actual Rows": 4, "Actual Loops": 2, "Plans": [{"Node Type": "Seq Scan", "Parent Relationship": "Outer", "Relation Name": "nation", "Alias": "n2", "Startup Cost": 0.0, "Total Cost": 1.25, "Plan Rows": 25, "Plan Width": 30, "Actual Startup Time": 0.013, "Actual Total Time": 0.021, "Actual Rows": 2, "Actual Loops": 1, "Filter": "((n_name = 'INDIA'::bpchar) OR (n_name = 'JAPAN'::bpchar))", "Rows Removed by Filter": 23}]}]}]}]}]}]}]}]}, {"Node Type": "Hash", "Parent Relationship": "Inner", "Startup Cost": 3283.0, "Total Cost": 3283.0, "Plan Rows": 100000, "Plan Width": 12, "Actual Startup Time": 70.725, "Actual Total Time": 70.725, "Actual Rows": 100000, "Actual Loops": 1, "Hash Buckets": 131072, "Hash Batches": 1, "Original Hash Batches": 1, "Peak Memory Usage": 4297, "Plans": [{"Node Type": "Seq Scan", "Parent Relationship": "Outer", "Relation Name": "supplier", "Alias": "supplier", "Startup Cost": 0.0, "Total Cost": 3283.0, "Plan Rows": 100000, "Plan Width": 12, "Actual Startup Time": 0.017, "Actual Total Time": 40.465, "Actual Rows": 100000, "Actual Loops": 1}]}]}]}]}, "Triggers": [], "Planner Runtime": 3, "Total Runtime": 39097.696, "Unique SQL Id": 2208782157}}, "(64, 11)": {"explain_plan": {"Plan": {"Node Type": "Sort", "Startup Cost": 6023462968943.18, "Total Cost": 6023462968952.4, "Plan Rows": 3688, "Plan Width": 84, "Sort Key": ["n1.n_name", "n2.n_name", "(date_part('year'::text, lineitem.l_shipdate))"], "Plans": [{"Node Type": "Aggregate", "Strategy": "Hashed", "Parent Relationship": "Outer", "Startup Cost": 6023462968678.6, "Total Cost": 6023462968724.7, "Plan Rows": 3688, "Plan Width": 84, "Group By Key": ["n1.n_name", "n2.n_name", "date_part('year'::text, lineitem.l_shipdate)"], "Plans": [{"Node Type": "Merge Join", "Parent Relationship": "Outer", "Join Type": "Inner", "Startup Cost": 60000000000.0, "Total Cost": 6023462968623.28, "Plan Rows": 3688, "Plan Width": 76, "Inner Unique": true, "Merge Cond": "(n2.n_nationkey = customer.c_nationkey)", "Join Filter": "(orders.o_custkey = customer.c_custkey)", "Plans": [{"Node Type": "Nested Loop", "Parent Relationship": "Outer", "Join Type": "Inner", "Startup Cost": 50000000000.0, "Total Cost": 5023346950887.28, "Plan Rows": 92207, "Plan Width": 88, "Inner Unique": true, "Join Filter": "(lineitem.l_orderkey = orders.o_orderkey)", "Plans": [{"Node Type": "Nested Loop", "Parent Relationship": "Outer", "Join Type": "Inner", "Startup Cost": 40000000000.0, "Total Cost": 4002527961142.79, "Plan Rows": 92207, "Plan Width": 88, "Inner Unique": false, "Join Filter": "(supplier.s_suppkey = lineitem.l_suppkey)", "Plans": [{"Node Type": "Nested Loop", "Parent Relationship": "Outer", "Join Type": "Inner", "Startup Cost": 30000000000.0, "Total Cost": 3000000539268.5, "Plan Rows": 7994, "Plan Width": 64, "Inner Unique": false, "Join Filter": "(n1.n_nationkey = supplier.s_nationkey)", "Plans": [{"Node Type": "Nested Loop", "Parent Relationship": "Outer", "Join Type": "Inner", "Startup Cost": 20000000000.0, "Total Cost": 2000000002564.12, "Plan Rows": 2, "Plan Width": 60, "Inner Unique": false, "Join Filter": "(((n1.n_name = 'JAPAN'::bpchar) AND (n2.n_name = 'INDIA'::bpchar)) OR ((n1.n_name = 'INDIA'::bpchar) AND (n2.n_name = 'JAPAN'::bpchar)))", "Plans": [{"Node Type": "Index Scan", "Parent Relationship": "Outer", "Scan Direction": "Forward", "Index Name": "nation_pkey", "Relation Name": "nation", "Alias": "n2", "Startup Cost": 10000000000.0, "Total Cost": 1000000001275.0, "Plan Rows": 25, "Plan Width": 30, "Filter": "((n_name = 'INDIA'::bpchar) OR (n_name = 'JAPAN'::bpchar))"}, {"Node Type": "Materialize", "Parent Relationship": "Inner", "Startup Cost": 10000000000.0, "Total Cost": 1000000001275.12, "Plan Rows": 25, "Plan Width": 30, "Plans": [{"Node Type": "Index Scan", "Parent Relationship": "Outer", "Scan Direction": "Forward", "Index Name": "nation_pkey", "Relation Name": "nation", "Alias": "n1", "Startup Cost": 10000000000.0, "Total Cost": 1000000001275.0, "Plan Rows": 25, "Plan Width": 30, "Filter": "((n_name = 'JAPAN'::bpchar) OR (n_name = 'INDIA'::bpchar))"}]}]}, {"Node Type": "Materialize", "Parent Relationship": "Inner", "Startup Cost": 10000000000.0, "Total Cost": 1000000533954.38, "Plan Rows": 100000, "Plan Width": 12, "Plans": [{"Node Type": "Index Scan", "Parent Relationship": "Outer", "Scan Direction": "Forward", "Index Name": "supplier_pkey", "Relation Name": "supplier", "Alias": "supplier", "Startup Cost": 10000000000.0, "Total Cost": 1000000533454.38, "Plan Rows": 100000, "Plan Width": 12}]}]}, {"Node Type": "Materialize", "Parent Relationship": "Inner", "Startup Cost": 10000000000.0, "Total Cost": 1000354099515.95, "Plan Rows": 18124991, "Plan Width": 40, "Plans": [{"Node Type": "Index Scan", "Parent Relationship": "Outer", "Scan Direction": "Forward", "Index Name": "idx_lineitem_orderkey", "Relation Name": "lineitem", "Alias": "lineitem", "Startup Cost": 10000000000.0, "Total Cost": 1000354008891.0, "Plan Rows": 18124991, "Plan Width": 40, "Filter": "((l_shipdate >= '1995-01-01 00:00:00'::timestamp(0) without time zone) AND (l_shipdate <= '1996-12-31 00:00:00'::timestamp(0) without time zone)), (LLVM Optimized)"}]}]}, {"Node Type": "Materialize", "Parent Relationship": "Inner", "Startup Cost": 10000000000.0, "Total Cost": 1000073172840.9, "Plan Rows": 14999479, "Plan Width": 16, "Plans": [{"Node Type": "Index Scan", "Parent Relationship": "Outer", "Scan Direction": "Forward", "Index Name": "orders_pkey", "Relation Name": "orders", "Alias": "orders", "Startup Cost": 10000000000.0, "Total Cost": 1000073097843.5, "Plan Rows": 14999479, "Plan Width": 16}]}]}, {"Node Type": "Materialize", "Parent Relationship": "Inner", "Startup Cost": 10000000000.0, "Total Cost": 1000019203896.25, "Plan Rows": 1500000, "Plan Width": 12, "Plans": [{"Node Type": "Index Scan", "Parent Relationship": "Outer", "Scan Direction": "Forward", "Index Name": "idx_customer_nationkey", "Relation Name": "customer", "Alias": "customer", "Startup Cost": 10000000000.0, "Total Cost": 1000019200146.25, "Plan Rows": 1500000, "Plan Width": 12}]}]}]}]}, "Unique SQL Id": 2208782157, "Planner Runtime": 7}, "explain_analyze_plan": null}, "(64, 12)": {"explain_plan": {"Plan": {"Node Type": "Sort", "Startup Cost": 655180.01, "Total Cost": 655189.23, "Plan Rows": 3688, "Plan Width": 84, "Sort Key": ["n1.n_name", "n2.n_name", "(date_part('year'::text, lineitem.l_shipdate))"], "Plans": [{"Node Type": "Aggregate", "Strategy": "Hashed", "Parent Relationship": "Outer", "Startup Cost": 654915.42, "Total Cost": 654961.52, "Plan Rows": 3688, "Plan Width": 84, "Group By Key": ["n1.n_name", "n2.n_name", "date_part('year'::text, lineitem.l_shipdate)"], "Plans": [{"Node Type": "Hash Join", "Parent Relationship": "Outer", "Join Type": "Inner", "Startup Cost": 4783.0, "Total Cost": 654860.1, "Plan Rows": 3688, "Plan Width": 76, "Inner Unique": true, "Hash Cond": "((lineitem.l_suppkey = supplier.s_suppkey) AND (n1.n_nationkey = supplier.s_nationkey))", "Plans": [{"Node Type": "Nested Loop", "Parent Relationship": "Outer", "Join Type": "Inner", "Startup Cost": 0.0, "Total Cost": 644493.13, "Plan Rows": 740786, "Plan Width": 88, "Inner Unique": false, "Plans": [{"Node Type": "Nested Loop", "Parent Relationship": "Outer", "Join Type": "Inner", "Startup Cost": 0.0, "Total Cost": 167755.5, "Plan Rows": 504972, "Plan Width": 64, "Inner Unique": false, "Plans": [{"Node Type": "Nested Loop", "Parent Relationship": "Outer", "Join Type": "Inner", "Startup Cost": 0.0, "Total Cost": 16632.98, "Plan Rows": 119904, "Plan Width": 64, "Inner Unique": false, "Plans": [{"Node Type": "Nested Loop", "Parent Relationship": "Outer", "Join Type": "Inner", "Startup Cost": 0.0, "Total Cost": 28.12, "Plan Rows": 2, "Plan Width": 60, "Inner Unique": false, "Join Filter": "(((n1.n_name = 'JAPAN'::bpchar) AND (n2.n_name = 'INDIA'::bpchar)) OR ((n1.n_name = 'INDIA'::bpchar) AND (n2.n_name = 'JAPAN'::bpchar)))", "Plans": [{"Node Type": "Index Scan", "Parent Relationship": "Outer", "Scan Direction": "Forward", "Index Name": "nation_pkey", "Relation Name": "nation", "Alias": "n1", "Startup Cost": 0.0, "Total Cost": 12.75, "Plan Rows": 25, "Plan Width": 30, "Filter": "((n_name = 'JAPAN'::bpchar) OR (n_name = 'INDIA'::bpchar))"}, {"Node Type": "Materialize", "Parent Relationship": "Inner", "Startup Cost": 0.0, "Total Cost": 1.38, "Plan Rows": 25, "Plan Width": 30, "Plans": [{"Node Type": "Seq Scan", "Parent Relationship": "Outer", "Relation Name": "nation", "Alias": "n2", "Startup Cost": 0.0, "Total Cost": 1.25, "Plan Rows": 25, "Plan Width": 30, "Filter": "((n_name = 'INDIA'::bpchar) OR (n_name = 'JAPAN'::bpchar))"}]}]}, {"Node Type": "Index Scan", "Parent Relationship": "Inner", "Scan Direction": "Forward", "Index Name": "idx_customer_nationkey", "Relation Name": "customer", "Alias": "customer", "Startup Cost": 0.0, "Total Cost": 7702.43, "Plan Rows": 60000, "Plan Width": 12, "Index Cond": "(c_nationkey = n2.n_nationkey)"}]}, {"Node Type": "Index Scan", "Parent Relationship": "Inner", "Scan Direction": "Forward", "Index Name": "idx_orders_custkey", "Relation Name": "orders", "Alias": "orders", "Startup Cost": 0.0, "Total Cost": 1.22, "Plan Rows": 4, "Plan Width": 16, "Index Cond": "(o_custkey = customer.c_custkey)"}]}, {"Node Type": "Index Scan", "Parent Relationship": "Inner", "Scan Direction": "Forward", "Index Name": "idx_lineitem_orderkey", "Relation Name": "lineitem", "Alias": "lineitem", "Startup Cost": 0.0, "Total Cost": 0.91, "Plan Rows": 3, "Plan Width": 40, "Index Cond": "(l_orderkey = orders.o_orderkey)", "Filter": "((l_shipdate >= '1995-01-01 00:00:00'::timestamp(0) without time zone) AND (l_shipdate <= '1996-12-31 00:00:00'::timestamp(0) without time zone))"}]}, {"Node Type": "Hash", "Parent Relationship": "Inner", "Startup Cost": 3283.0, "Total Cost": 3283.0, "Plan Rows": 100000, "Plan Width": 12, "Plans": [{"Node Type": "Seq Scan", "Parent Relationship": "Outer", "Relation Name": "supplier", "Alias": "supplier", "Startup Cost": 0.0, "Total Cost": 3283.0, "Plan Rows": 100000, "Plan Width": 12}]}]}]}]}, "Unique SQL Id": 2208782157, "Planner Runtime": 5}, "explain_analyze_plan": {"Plan": {"Node Type": "Sort", "Startup Cost": 655180.01, "Total Cost": 655189.23, "Plan Rows": 3688, "Plan Width": 84, "Actual Startup Time": 20315.297, "Actual Total Time": 20315.297, "Actual Rows": 4, "Actual Loops": 1, "Sort Key": ["n1.n_name", "n2.n_name", "(date_part('year'::text, lineitem.l_shipdate))"], "Sort Method": "quicksort", "Sort Space Used": 25, "Sort Space Type": "Memory", "Plans": [{"Node Type": "Aggregate", "Strategy": "Hashed", "Parent Relationship": "Outer", "Startup Cost": 654915.42, "Total Cost": 654961.52, "Plan Rows": 3688, "Plan Width": 84, "Actual Startup Time": 20315.255, "Actual Total Time": 20315.259, "Actual Rows": 4, "Actual Loops": 1, "Group By Key": ["n1.n_name", "n2.n_name", "date_part('year'::text, lineitem.l_shipdate)"], "Plans": [{"Node Type": "Hash Join", "Parent Relationship": "Outer", "Join Type": "Inner", "Startup Cost": 4783.0, "Total Cost": 654860.1, "Plan Rows": 3688, "Plan Width": 76, "Actual Startup Time": 69.016, "Actual Total Time": 20216.881, "Actual Rows": 58554, "Actual Loops": 1, "Inner Unique": true, "Hash Cond": "((lineitem.l_suppkey = supplier.s_suppkey) AND (n1.n_nationkey = supplier.s_nationkey))", "Plans": [{"Node Type": "Nested Loop", "Parent Relationship": "Outer", "Join Type": "Inner", "Startup Cost": 0.0, "Total Cost": 644493.13, "Plan Rows": 740786, "Plan Width": 88, "Actual Startup Time": 0.177, "Actual Total Time": 19476.148, "Actual Rows": 1459150, "Actual Loops": 1, "Inner Unique": false, "Plans": [{"Node Type": "Nested Loop", "Parent Relationship": "Outer", "Join Type": "Inner", "Startup Cost": 0.0, "Total Cost": 167755.5, "Plan Rows": 504972, "Plan Width": 64, "Actual Startup Time": 0.106, "Actual Total Time": 4191.716, "Actual Rows": 1200363, "Actual Loops": 1, "Inner Unique": false, "Plans": [{"Node Type": "Nested Loop", "Parent Relationship": "Outer", "Join Type": "Inner", "Startup Cost": 0.0, "Total Cost": 16632.98, "Plan Rows": 119904, "Plan Width": 64, "Actual Startup Time": 0.094, "Actual Total Time": 227.921, "Actual Rows": 119972, "Actual Loops": 1, "Inner Unique": false, "Plans": [{"Node Type": "Nested Loop", "Parent Relationship": "Outer", "Join Type": "Inner", "Startup Cost": 0.0, "Total Cost": 28.12, "Plan Rows": 2, "Plan Width": 60, "Actual Startup Time": 0.058, "Actual Total Time": 0.245, "Actual Rows": 2, "Actual Loops": 1, "Inner Unique": false, "Join Filter": "(((n1.n_name = 'JAPAN'::bpchar) AND (n2.n_name = 'INDIA'::bpchar)) OR ((n1.n_name = 'INDIA'::bpchar) AND (n2.n_name = 'JAPAN'::bpchar)))", "Rows Removed by Join Filter": 2, "Plans": [{"Node Type": "Index Scan", "Parent Relationship": "Outer", "Scan Direction": "Forward", "Index Name": "nation_pkey", "Relation Name": "nation", "Alias": "n1", "Startup Cost": 0.0, "Total Cost": 12.75, "Plan Rows": 25, "Plan Width": 30, "Actual Startup Time": 0.021, "Actual Total Time": 0.053, "Actual Rows": 2, "Actual Loops": 1, "Filter": "((n_name = 'JAPAN'::bpchar) OR (n_name = 'INDIA'::bpchar))", "Rows Removed by Filter": 23}, {"Node Type": "Materialize", "Parent Relationship": "Inner", "Startup Cost": 0.0, "Total Cost": 1.38, "Plan Rows": 25, "Plan Width": 30, "Actual Startup Time": 0.028, "Actual Total Time": 0.056, "Actual Rows": 4, "Actual Loops": 2, "Plans": [{"Node Type": "Seq Scan", "Parent Relationship": "Outer", "Relation Name": "nation", "Alias": "n2", "Startup Cost": 0.0, "Total Cost": 1.25, "Plan Rows": 25, "Plan Width": 30, "Actual Startup Time": 0.021, "Actual Total Time": 0.043, "Actual Rows": 2, "Actual Loops": 1, "Filter": "((n_name = 'INDIA'::bpchar) OR (n_name = 'JAPAN'::bpchar))", "Rows Removed by Filter": 23}]}]}, {"Node Type": "Index Scan", "Parent Relationship": "Inner", "Scan Direction": "Forward", "Index Name": "idx_customer_nationkey", "Relation Name": "customer", "Alias": "customer", "Startup Cost": 0.0, "Total Cost": 7702.43, "Plan Rows": 60000, "Plan Width": 12, "Actual Startup Time": 0.062, "Actual Total Time": 195.075, "Actual Rows": 119972, "Actual Loops": 2, "Index Cond": "(c_nationkey = n2.n_nationkey)", "Rows Removed by Index Recheck": 0}]}, {"Node Type": "Index Scan", "Parent Relationship": "Inner", "Scan Direction": "Forward", "Index Name": "idx_orders_custkey", "Relation Name": "orders", "Alias": "orders", "Startup Cost": 0.0, "Total Cost": 1.22, "Plan Rows": 4, "Plan Width": 16, "Actual Startup Time": 771.687, "Actual Total Time": 3621.827, "Actual Rows": 1200363, "Actual Loops": 119972, "Index Cond": "(o_custkey = customer.c_custkey)", "Rows Removed by Index Recheck": 0}]}, {"Node Type": "Index Scan", "Parent Relationship": "Inner", "Scan Direction": "Forward", "Index Name": "idx_lineitem_orderkey", "Relation Name": "lineitem", "Alias": "lineitem", "Startup Cost": 0.0, "Total Cost": 0.91, "Plan Rows": 3, "Plan Width": 40, "Actual Startup Time": 13170.471, "Actual Total Time": 14318.898, "Actual Rows": 1459150, "Actual Loops": 1200363, "Index Cond": "(l_orderkey = orders.o_orderkey)", "Rows Removed by Index Recheck": 0, "Filter": "((l_shipdate >= '1995-01-01 00:00:00'::timestamp(0) without time zone) AND (l_shipdate <= '1996-12-31 00:00:00'::timestamp(0) without time zone))", "Rows Removed by Filter": 3342563}]}, {"Node Type": "Hash", "Parent Relationship": "Inner", "Startup Cost": 3283.0, "Total Cost": 3283.0, "Plan Rows": 100000, "Plan Width": 12, "Actual Startup Time": 68.584, "Actual Total Time": 68.584, "Actual Rows": 100000, "Actual Loops": 1, "Hash Buckets": 131072, "Hash Batches": 1, "Original Hash Batches": 1, "Peak Memory Usage": 4297, "Plans": [{"Node Type": "Seq Scan", "Parent Relationship": "Outer", "Relation Name": "supplier", "Alias": "supplier", "Startup Cost": 0.0, "Total Cost": 3283.0, "Plan Rows": 100000, "Plan Width": 12, "Actual Startup Time": 0.01, "Actual Total Time": 38.364, "Actual Rows": 100000, "Actual Loops": 1}]}]}]}]}, "Triggers": [], "Planner Runtime": 3, "Total Runtime": 20315.502, "Unique SQL Id": 2208782157}}, "(64, 13)": {"explain_plan": {"Plan": {"Node Type": "Sort", "Startup Cost": 657243.06, "Total Cost": 657252.28, "Plan Rows": 3688, "Plan Width": 84, "Sort Key": ["n1.n_name", "n2.n_name", "(date_part('year'::text, lineitem.l_shipdate))"], "Plans": [{"Node Type": "Aggregate", "Strategy": "Hashed", "Parent Relationship": "Outer", "Startup Cost": 656978.47, "Total Cost": 657024.57, "Plan Rows": 3688, "Plan Width": 84, "Group By Key": ["n1.n_name", "n2.n_name", "date_part('year'::text, lineitem.l_shipdate)"], "Plans": [{"Node Type": "Hash Join", "Parent Relationship": "Outer", "Join Type": "Inner", "Startup Cost": 6834.54, "Total Cost": 656923.15, "Plan Rows": 3688, "Plan Width": 76, "Inner Unique": true, "Hash Cond": "((lineitem.l_suppkey = supplier.s_suppkey) AND (n1.n_nationkey = supplier.s_nationkey))", "Plans": [{"Node Type": "Nested Loop", "Parent Relationship": "Outer", "Join Type": "Inner", "Startup Cost": 0.0, "Total Cost": 644504.63, "Plan Rows": 740786, "Plan Width": 88, "Inner Unique": false, "Plans": [{"Node Type": "Nested Loop", "Parent Relationship": "Outer", "Join Type": "Inner", "Startup Cost": 0.0, "Total Cost": 167767.0, "Plan Rows": 504972, "Plan Width": 64, "Inner Unique": false, "Plans": [{"Node Type": "Nested Loop", "Parent Relationship": "Outer", "Join Type": "Inner", "Startup Cost": 0.0, "Total Cost": 16644.48, "Plan Rows": 119904, "Plan Width": 64, "Inner Unique": false, "Plans": [{"Node Type": "Nested Loop", "Parent Relationship": "Outer", "Join Type": "Inner", "Startup Cost": 0.0, "Total Cost": 39.62, "Plan Rows": 2, "Plan Width": 60, "Inner Unique": false, "Join Filter": "(((n1.n_name = 'JAPAN'::bpchar) AND (n2.n_name = 'INDIA'::bpchar)) OR ((n1.n_name = 'INDIA'::bpchar) AND (n2.n_name = 'JAPAN'::bpchar)))", "Plans": [{"Node Type": "Index Scan", "Parent Relationship": "Outer", "Scan Direction": "Forward", "Index Name": "nation_pkey", "Relation Name": "nation", "Alias": "n1", "Startup Cost": 0.0, "Total Cost": 12.75, "Plan Rows": 25, "Plan Width": 30, "Filter": "((n_name = 'JAPAN'::bpchar) OR (n_name = 'INDIA'::bpchar))"}, {"Node Type": "Materialize", "Parent Relationship": "Inner", "Startup Cost": 0.0, "Total Cost": 12.88, "Plan Rows": 25, "Plan Width": 30, "Plans": [{"Node Type": "Index Scan", "Parent Relationship": "Outer", "Scan Direction": "Forward", "Index Name": "nation_pkey", "Relation Name": "nation", "Alias": "n2", "Startup Cost": 0.0, "Total Cost": 12.75, "Plan Rows": 25, "Plan Width": 30, "Filter": "((n_name = 'INDIA'::bpchar) OR (n_name = 'JAPAN'::bpchar))"}]}]}, {"Node Type": "Index Scan", "Parent Relationship": "Inner", "Scan Direction": "Forward", "Index Name": "idx_customer_nationkey", "Relation Name": "customer", "Alias": "customer", "Startup Cost": 0.0, "Total Cost": 7702.43, "Plan Rows": 60000, "Plan Width": 12, "Index Cond": "(c_nationkey = n2.n_nationkey)"}]}, {"Node Type": "Index Scan", "Parent Relationship": "Inner", "Scan Direction": "Forward", "Index Name": "idx_orders_custkey", "Relation Name": "orders", "Alias": "orders", "Startup Cost": 0.0, "Total Cost": 1.22, "Plan Rows": 4, "Plan Width": 16, "Index Cond": "(o_custkey = customer.c_custkey)"}]}, {"Node Type": "Index Scan", "Parent Relationship": "Inner", "Scan Direction": "Forward", "Index Name": "idx_lineitem_orderkey", "Relation Name": "lineitem", "Alias": "lineitem", "Startup Cost": 0.0, "Total Cost": 0.91, "Plan Rows": 3, "Plan Width": 40, "Index Cond": "(l_orderkey = orders.o_orderkey)", "Filter": "((l_shipdate >= '1995-01-01 00:00:00'::timestamp(0) without time zone) AND (l_shipdate <= '1996-12-31 00:00:00'::timestamp(0) without time zone))"}]}, {"Node Type": "Hash", "Parent Relationship": "Inner", "Startup Cost": 5334.54, "Total Cost": 5334.54, "Plan Rows": 100000, "Plan Width": 12, "Plans": [{"Node Type": "Index Scan", "Parent Relationship": "Outer", "Scan Direction": "Forward", "Index Name": "supplier_pkey", "Relation Name": "supplier", "Alias": "supplier", "Startup Cost": 0.0, "Total Cost": 5334.54, "Plan Rows": 100000, "Plan Width": 12}]}]}]}]}, "Unique SQL Id": 2208782157, "Planner Runtime": 4}, "explain_analyze_plan": {"Plan": {"Node Type": "Sort", "Startup Cost": 657243.06, "Total Cost": 657252.28, "Plan Rows": 3688, "Plan Width": 84, "Actual Startup Time": 20341.0, "Actual Total Time": 20341.0, "Actual Rows": 4, "Actual Loops": 1, "Sort Key": ["n1.n_name", "n2.n_name", "(date_part('year'::text, lineitem.l_shipdate))"], "Sort Method": "quicksort", "Sort Space Used": 25, "Sort Space Type": "Memory", "Plans": [{"Node Type": "Aggregate", "Strategy": "Hashed", "Parent Relationship": "Outer", "Startup Cost": 656978.47, "Total Cost": 657024.57, "Plan Rows": 3688, "Plan Width": 84, "Actual Startup Time": 20340.963, "Actual Total Time": 20340.968, "Actual Rows": 4, "Actual Loops": 1, "Group By Key": ["n1.n_name", "n2.n_name", "date_part('year'::text, lineitem.l_shipdate)"], "Plans": [{"Node Type": "Hash Join", "Parent Relationship": "Outer", "Join Type": "Inner", "Startup Cost": 6834.54, "Total Cost": 656923.15, "Plan Rows": 3688, "Plan Width": 76, "Actual Startup Time": 111.463, "Actual Total Time": 20242.064, "Actual Rows": 58554, "Actual Loops": 1, "Inner Unique": true, "Hash Cond": "((lineitem.l_suppkey = supplier.s_suppkey) AND (n1.n_nationkey = supplier.s_nationkey))", "Plans": [{"Node Type": "Nested Loop", "Parent Relationship": "Outer", "Join Type": "Inner", "Startup Cost": 0.0, "Total Cost": 644504.63, "Plan Rows": 740786, "Plan Width": 88, "Actual Startup Time": 0.156, "Actual Total Time": 19442.806, "Actual Rows": 1459150, "Actual Loops": 1, "Inner Unique": false, "Plans": [{"Node Type": "Nested Loop", "Parent Relationship": "Outer", "Join Type": "Inner", "Startup Cost": 0.0, "Total Cost": 167767.0, "Plan Rows": 504972, "Plan Width": 64, "Actual Startup Time": 0.104, "Actual Total Time": 4180.41, "Actual Rows": 1200363, "Actual Loops": 1, "Inner Unique": false, "Plans": [{"Node Type": "Nested Loop", "Parent Relationship": "Outer", "Join Type": "Inner", "Startup Cost": 0.0, "Total Cost": 16644.48, "Plan Rows": 119904, "Plan Width": 64, "Actual Startup Time": 0.091, "Actual Total Time": 229.651, "Actual Rows": 119972, "Actual Loops": 1, "Inner Unique": false, "Plans": [{"Node Type": "Nested Loop", "Parent Relationship": "Outer", "Join Type": "Inner", "Startup Cost": 0.0, "Total Cost": 39.62, "Plan Rows": 2, "Plan Width": 60, "Actual Startup Time": 0.057, "Actual Total Time": 0.282, "Actual Rows": 2, "Actual Loops": 1, "Inner Unique": false, "Join Filter": "(((n1.n_name = 'JAPAN'::bpchar) AND (n2.n_name = 'INDIA'::bpchar)) OR ((n1.n_name = 'INDIA'::bpchar) AND (n2.n_name = 'JAPAN'::bpchar)))", "Rows Removed by Join Filter": 2, "Plans": [{"Node Type": "Index Scan", "Parent Relationship": "Outer", "Scan Direction": "Forward", "Index Name": "nation_pkey", "Relation Name": "nation", "Alias": "n1", "Startup Cost": 0.0, "Total Cost": 12.75, "Plan Rows": 25, "Plan Width": 30, "Actual Startup Time": 0.023, "Actual Total Time": 0.046, "Actual Rows": 2, "Actual Loops": 1, "Filter": "((n_name = 'JAPAN'::bpchar) OR (n_name = 'INDIA'::bpchar))", "Rows Removed by Filter": 23}, {"Node Type": "Materialize", "Parent Relationship": "Inner", "Startup Cost": 0.0, "Total Cost": 12.88, "Plan Rows": 25, "Plan Width": 30, "Actual Startup Time": 0.026, "Actual Total Time": 0.192, "Actual Rows": 4, "Actual Loops": 2, "Plans": [{"Node Type": "Index Scan", "Parent Relationship": "Outer", "Scan Direction": "Forward", "Index Name": "nation_pkey", "Relation Name": "nation", "Alias": "n2", "Startup Cost": 0.0, "Total Cost": 12.75, "Plan Rows": 25, "Plan Width": 30, "Actual Startup Time": 0.011, "Actual Total Time": 0.046, "Actual Rows": 2, "Actual Loops": 1, "Filter": "((n_name = 'INDIA'::bpchar) OR (n_name = 'JAPAN'::bpchar))", "Rows Removed by Filter": 23}]}]}, {"Node Type": "Index Scan", "Parent Relationship": "Inner", "Scan Direction": "Forward", "Index Name": "idx_customer_nationkey", "Relation Name": "customer", "Alias": "customer", "Startup Cost": 0.0, "Total Cost": 7702.43, "Plan Rows": 60000, "Plan Width": 12, "Actual Startup Time": 0.061, "Actual Total Time": 194.905, "Actual Rows": 119972, "Actual Loops": 2, "Index Cond": "(c_nationkey = n2.n_nationkey)", "Rows Removed by Index Recheck": 0}]}, {"Node Type": "Index Scan", "Parent Relationship": "Inner", "Scan Direction": "Forward", "Index Name": "idx_orders_custkey", "Relation Name": "orders", "Alias": "orders", "Startup Cost": 0.0, "Total Cost": 1.22, "Plan Rows": 4, "Plan Width": 16, "Actual Startup Time": 770.574, "Actual Total Time": 3603.0, "Actual Rows": 1200363, "Actual Loops": 119972, "Index Cond": "(o_custkey = customer.c_custkey)", "Rows Removed by Index Recheck": 0}]}, {"Node Type": "Index Scan", "Parent Relationship": "Inner", "Scan Direction": "Forward", "Index Name": "idx_lineitem_orderkey", "Relation Name": "lineitem", "Alias": "lineitem", "Startup Cost": 0.0, "Total Cost": 0.91, "Plan Rows": 3, "Plan Width": 40, "Actual Startup Time": 13140.934, "Actual Total Time": 14293.094, "Actual Rows": 1459150, "Actual Loops": 1200363, "Index Cond": "(l_orderkey = orders.o_orderkey)", "Rows Removed by Index Recheck": 0, "Filter": "((l_shipdate >= '1995-01-01 00:00:00'::timestamp(0) without time zone) AND (l_shipdate <= '1996-12-31 00:00:00'::timestamp(0) without time zone))", "Rows Removed by Filter": 3342563}]}, {"Node Type": "Hash", "Parent Relationship": "Inner", "Startup Cost": 5334.54, "Total Cost": 5334.54, "Plan Rows": 100000, "Plan Width": 12, "Actual Startup Time": 111.044, "Actual Total Time": 111.044, "Actual Rows": 100000, "Actual Loops": 1, "Hash Buckets": 131072, "Hash Batches": 1, "Original Hash Batches": 1, "Peak Memory Usage": 4297, "Plans": [{"Node Type": "Index Scan", "Parent Relationship": "Outer", "Scan Direction": "Forward", "Index Name": "supplier_pkey", "Relation Name": "supplier", "Alias": "supplier", "Startup Cost": 0.0, "Total Cost": 5334.54, "Plan Rows": 100000, "Plan Width": 12, "Actual Startup Time": 0.018, "Actual Total Time": 78.364, "Actual Rows": 100000, "Actual Loops": 1}]}]}]}]}, "Triggers": [], "Planner Runtime": 2, "Total Runtime": 20341.211, "Unique SQL Id": 2208782157}}, "(64, 14)": {"explain_plan": {"Plan": {"Node Type": "Sort", "Startup Cost": 2961361.75, "Total Cost": 2961370.97, "Plan Rows": 3688, "Plan Width": 84, "Sort Key": ["n1.n_name", "n2.n_name", "(date_part('year'::text, lineitem.l_shipdate))"], "Plans": [{"Node Type": "Aggregate", "Strategy": "Hashed", "Parent Relationship": "Outer", "Startup Cost": 2961097.16, "Total Cost": 2961143.26, "Plan Rows": 3688, "Plan Width": 84, "Group By Key": ["n1.n_name", "n2.n_name", "date_part('year'::text, lineitem.l_shipdate)"], "Plans": [{"Node Type": "Hash Join", "Parent Relationship": "Outer", "Join Type": "Inner", "Startup Cost": 557677.12, "Total Cost": 2961041.84, "Plan Rows": 3688, "Plan Width": 76, "Inner Unique": true, "Hash Cond": "((lineitem.l_suppkey = supplier.s_suppkey) AND (n1.n_nationkey = supplier.s_nationkey))", "Plans": [{"Node Type": "Hash Join", "Parent Relationship": "Outer", "Join Type": "Inner", "Startup Cost": 552894.12, "Total Cost": 2950674.86, "Plan Rows": 740786, "Plan Width": 88, "Inner Unique": false, "Hash Cond": "(lineitem.l_orderkey = orders.o_orderkey), (LLVM Optimized)", "Plans": [{"Node Type": "Seq Scan", "Parent Relationship": "Outer", "Relation Name": "lineitem", "Alias": "lineitem", "Startup Cost": 44.59, "Total Cost": 2315050.5, "Plan Rows": 18124991, "Plan Width": 40, "Filter": "((l_shipdate >= '1995-01-01 00:00:00'::timestamp(0) without time zone) AND (l_shipdate <= '1996-12-31 00:00:00'::timestamp(0) without time zone)), (LLVM Optimized)"}, {"Node Type": "Hash", "Parent Relationship": "Inner", "Startup Cost": 546537.38, "Total Cost": 546537.38, "Plan Rows": 504972, "Plan Width": 64, "Plans": [{"Node Type": "Hash Join", "Parent Relationship": "Outer", "Join Type": "Inner", "Startup Cost": 58825.83, "Total Cost": 546537.38, "Plan Rows": 504972, "Plan Width": 64, "Inner Unique": false, "Hash Cond": "(orders.o_custkey = customer.c_custkey), (LLVM Optimized)", "Plans": [{"Node Type": "Seq Scan", "Parent Relationship": "Outer", "Relation Name": "orders", "Alias": "orders", "Startup Cost": 0.0, "Total Cost": 426413.79, "Plan Rows": 14999479, "Plan Width": 16}, {"Node Type": "Hash", "Parent Relationship": "Inner", "Startup Cost": 57327.03, "Total Cost": 57327.03, "Plan Rows": 119904, "Plan Width": 64, "Plans": [{"Node Type": "Hash Join", "Parent Relationship": "Outer", "Join Type": "Inner", "Startup Cost": 16.65, "Total Cost": 57327.03, "Plan Rows": 119904, "Plan Width": 64, "Inner Unique": false, "Hash Cond": "(customer.c_nationkey = n2.n_nationkey), (LLVM Optimized)", "Plans": [{"Node Type": "Seq Scan", "Parent Relationship": "Outer", "Relation Name": "customer", "Alias": "customer", "Startup Cost": 0.0, "Total Cost": 52126.0, "Plan Rows": 1500000, "Plan Width": 12}, {"Node Type": "Hash", "Parent Relationship": "Inner", "Startup Cost": 16.62, "Total Cost": 16.62, "Plan Rows": 2, "Plan Width": 60, "Plans": [{"Node Type": "Nested Loop", "Parent Relationship": "Outer", "Join Type": "Inner", "Startup Cost": 0.0, "Total Cost": 16.62, "Plan Rows": 2, "Plan Width": 60, "Inner Unique": false, "Join Filter": "(((n1.n_name = 'JAPAN'::bpchar) AND (n2.n_name = 'INDIA'::bpchar)) OR ((n1.n_name = 'INDIA'::bpchar) AND (n2.n_name = 'JAPAN'::bpchar)))", "Plans": [{"Node Type": "Seq Scan", "Parent Relationship": "Outer", "Relation Name": "nation", "Alias": "n1", "Startup Cost": 0.0, "Total Cost": 1.25, "Plan Rows": 25, "Plan Width": 30, "Filter": "((n_name = 'JAPAN'::bpchar) OR (n_name = 'INDIA'::bpchar))"}, {"Node Type": "Materialize", "Parent Relationship": "Inner", "Startup Cost": 0.0, "Total Cost": 1.38, "Plan Rows": 25, "Plan Width": 30, "Plans": [{"Node Type": "Seq Scan", "Parent Relationship": "Outer", "Relation Name": "nation", "Alias": "n2", "Startup Cost": 0.0, "Total Cost": 1.25, "Plan Rows": 25, "Plan Width": 30, "Filter": "((n_name = 'INDIA'::bpchar) OR (n_name = 'JAPAN'::bpchar))"}]}]}]}]}]}]}]}]}, {"Node Type": "Hash", "Parent Relationship": "Inner", "Startup Cost": 3283.0, "Total Cost": 3283.0, "Plan Rows": 100000, "Plan Width": 12, "Plans": [{"Node Type": "Seq Scan", "Parent Relationship": "Outer", "Relation Name": "supplier", "Alias": "supplier", "Startup Cost": 0.0, "Total Cost": 3283.0, "Plan Rows": 100000, "Plan Width": 12}]}]}]}]}, "Unique SQL Id": 2208782157, "Planner Runtime": 5}, "explain_analyze_plan": {"Plan": {"Node Type": "Sort", "Startup Cost": 2961361.75, "Total Cost": 2961370.97, "Plan Rows": 3688, "Plan Width": 84, "Actual Startup Time": 39087.97, "Actual Total Time": 39087.97, "Actual Rows": 4, "Actual Loops": 1, "Sort Key": ["n1.n_name", "n2.n_name", "(date_part('year'::text, lineitem.l_shipdate))"], "Sort Method": "quicksort", "Sort Space Used": 25, "Sort Space Type": "Memory", "Plans": [{"Node Type": "Aggregate", "Strategy": "Hashed", "Parent Relationship": "Outer", "Startup Cost": 2961097.16, "Total Cost": 2961143.26, "Plan Rows": 3688, "Plan Width": 84, "Actual Startup Time": 39087.928, "Actual Total Time": 39087.933, "Actual Rows": 4, "Actual Loops": 1, "Group By Key": ["n1.n_name", "n2.n_name", "date_part('year'::text, lineitem.l_shipdate)"], "Plans": [{"Node Type": "Hash Join", "Parent Relationship": "Outer", "Join Type": "Inner", "Startup Cost": 557677.12, "Total Cost": 2961041.84, "Plan Rows": 3688, "Plan Width": 76, "Actual Startup Time": 9937.976, "Actual Total Time": 38999.287, "Actual Rows": 58554, "Actual Loops": 1, "Inner Unique": true, "Hash Cond": "((lineitem.l_suppkey = supplier.s_suppkey) AND (n1.n_nationkey = supplier.s_nationkey))", "Plans": [{"Node Type": "Hash Join", "Parent Relationship": "Outer", "Join Type": "Inner", "Startup Cost": 552894.12, "Total Cost": 2950674.86, "Plan Rows": 740786, "Plan Width": 88, "Actual Startup Time": 9866.385, "Actual Total Time": 38269.641, "Actual Rows": 1459150, "Actual Loops": 1, "Inner Unique": false, "Hash Cond": "(lineitem.l_orderkey = orders.o_orderkey), (LLVM Optimized, Jit Execute)", "Plans": [{"Node Type": "Seq Scan", "Parent Relationship": "Outer", "Relation Name": "lineitem", "Alias": "lineitem", "Startup Cost": 44.59, "Total Cost": 2315050.5, "Plan Rows": 18124991, "Plan Width": 40, "Actual Startup Time": 0.027, "Actual Total Time": 22462.218, "Actual Rows": 18230325, "Actual Loops": 1, "Filter": "((l_shipdate >= '1995-01-01 00:00:00'::timestamp(0) without time zone) AND (l_shipdate <= '1996-12-31 00:00:00'::timestamp(0) without time zone)), (LLVM Optimized, Jit Execute)", "Rows Removed by Filter": 41755727}, {"Node Type": "Hash", "Parent Relationship": "Inner", "Startup Cost": 546537.38, "Total Cost": 546537.38, "Plan Rows": 504972, "Plan Width": 64, "Actual Startup Time": 9865.556, "Actual Total Time": 9865.556, "Actual Rows": 1200363, "Actual Loops": 1, "Hash Buckets": 524288, "Hash Batches": 1, "Original Hash Batches": 1, "Peak Memory Usage": 112535, "Plans": [{"Node Type": "Hash Join", "Parent Relationship": "Outer", "Join Type": "Inner", "Startup Cost": 58825.83, "Total Cost": 546537.38, "Plan Rows": 504972, "Plan Width": 64, "Actual Startup Time": 838.758, "Actual Total Time": 9389.715, "Actual Rows": 1200363, "Actual Loops": 1, "Inner Unique": false, "Hash Cond": "(orders.o_custkey = customer.c_custkey), (LLVM Optimized, Jit Execute)", "Plans": [{"Node Type": "Seq Scan", "Parent Relationship": "Outer", "Relation Name": "orders", "Alias": "orders", "Startup Cost": 0.0, "Total Cost": 426413.79, "Plan Rows": 14999479, "Plan Width": 16, "Actual Startup Time": 0.026, "Actual Total Time": 4232.637, "Actual Rows": 15000000, "Actual Loops": 1}, {"Node Type": "Hash", "Parent Relationship": "Inner", "Startup Cost": 57327.03, "Total Cost": 57327.03, "Plan Rows": 119904, "Plan Width": 64, "Actual Startup Time": 838.604, "Actual Total Time": 838.604, "Actual Rows": 119972, "Actual Loops": 1, "Hash Buckets": 131072, "Hash Batches": 1, "Original Hash Batches": 1, "Peak Memory Usage": 11248, "Plans": [{"Node Type": "Hash Join", "Parent Relationship": "Outer", "Join Type": "Inner", "Startup Cost": 16.65, "Total Cost": 57327.03, "Plan Rows": 119904, "Plan Width": 64, "Actual Startup Time": 0.125, "Actual Total Time": 795.819, "Actual Rows": 119972, "Actual Loops": 1, "Inner Unique": false, "Hash Cond": "(customer.c_nationkey = n2.n_nationkey), (LLVM Optimized, Jit Execute)", "Plans": [{"Node Type": "Seq Scan", "Parent Relationship": "Outer", "Relation Name": "customer", "Alias": "customer", "Startup Cost": 0.0, "Total Cost": 52126.0, "Plan Rows": 1500000, "Plan Width": 12, "Actual Startup Time": 0.012, "Actual Total Time": 476.1, "Actual Rows": 1500000, "Actual Loops": 1}, {"Node Type": "Hash", "Parent Relationship": "Inner", "Startup Cost": 16.62, "Total Cost": 16.62, "Plan Rows": 2, "Plan Width": 60, "Actual Startup Time": 0.077, "Actual Total Time": 0.077, "Actual Rows": 2, "Actual Loops": 1, "Hash Buckets": 32768, "Hash Batches": 1, "Original Hash Batches": 1, "Peak Memory Usage": 1, "Plans": [{"Node Type": "Nested Loop", "Parent Relationship": "Outer", "Join Type": "Inner", "Startup Cost": 0.0, "Total Cost": 16.62, "Plan Rows": 2, "Plan Width": 60, "Actual Startup Time": 0.053, "Actual Total Time": 0.072, "Actual Rows": 2, "Actual Loops": 1, "Inner Unique": false, "Join Filter": "(((n1.n_name = 'JAPAN'::bpchar) AND (n2.n_name = 'INDIA'::bpchar)) OR ((n1.n_name = 'INDIA'::bpchar) AND (n2.n_name = 'JAPAN'::bpchar)))", "Rows Removed by Join Filter": 2, "Plans": [{"Node Type": "Seq Scan", "Parent Relationship": "Outer", "Relation Name": "nation", "Alias": "n1", "Startup Cost": 0.0, "Total Cost": 1.25, "Plan Rows": 25, "Plan Width": 30, "Actual Startup Time": 0.023, "Actual Total Time": 0.029, "Actual Rows": 2, "Actual Loops": 1, "Filter": "((n_name = 'JAPAN'::bpchar) OR (n_name = 'INDIA'::bpchar))", "Rows Removed by Filter": 23}, {"Node Type": "Materialize", "Parent Relationship": "Inner", "Startup Cost": 0.0, "Total Cost": 1.38, "Plan Rows": 25, "Plan Width": 30, "Actual Startup Time": 0.017, "Actual Total Time": 0.025, "Actual Rows": 4, "Actual Loops": 2, "Plans": [{"Node Type": "Seq Scan", "Parent Relationship": "Outer", "Relation Name": "nation", "Alias": "n2", "Startup Cost": 0.0, "Total Cost": 1.25, "Plan Rows": 25, "Plan Width": 30, "Actual Startup Time": 0.013, "Actual Total Time": 0.021, "Actual Rows": 2, "Actual Loops": 1, "Filter": "((n_name = 'INDIA'::bpchar) OR (n_name = 'JAPAN'::bpchar))", "Rows Removed by Filter": 23}]}]}]}]}]}]}]}]}, {"Node Type": "Hash", "Parent Relationship": "Inner", "Startup Cost": 3283.0, "Total Cost": 3283.0, "Plan Rows": 100000, "Plan Width": 12, "Actual Startup Time": 70.725, "Actual Total Time": 70.725, "Actual Rows": 100000, "Actual Loops": 1, "Hash Buckets": 131072, "Hash Batches": 1, "Original Hash Batches": 1, "Peak Memory Usage": 4297, "Plans": [{"Node Type": "Seq Scan", "Parent Relationship": "Outer", "Relation Name": "supplier", "Alias": "supplier", "Startup Cost": 0.0, "Total Cost": 3283.0, "Plan Rows": 100000, "Plan Width": 12, "Actual Startup Time": 0.017, "Actual Total Time": 40.465, "Actual Rows": 100000, "Actual Loops": 1}]}]}]}]}, "Triggers": [], "Planner Runtime": 3, "Total Runtime": 39097.696, "Unique SQL Id": 2208782157}}, "(64, 15)": {"explain_plan": {"Plan": {"Node Type": "Sort", "Startup Cost": 6023462968943.18, "Total Cost": 6023462968952.4, "Plan Rows": 3688, "Plan Width": 84, "Sort Key": ["n1.n_name", "n2.n_name", "(date_part('year'::text, lineitem.l_shipdate))"], "Plans": [{"Node Type": "Aggregate", "Strategy": "Hashed", "Parent Relationship": "Outer", "Startup Cost": 6023462968678.6, "Total Cost": 6023462968724.7, "Plan Rows": 3688, "Plan Width": 84, "Group By Key": ["n1.n_name", "n2.n_name", "date_part('year'::text, lineitem.l_shipdate)"], "Plans": [{"Node Type": "Merge Join", "Parent Relationship": "Outer", "Join Type": "Inner", "Startup Cost": 60000000000.0, "Total Cost": 6023462968623.28, "Plan Rows": 3688, "Plan Width": 76, "Inner Unique": true, "Merge Cond": "(n2.n_nationkey = customer.c_nationkey)", "Join Filter": "(orders.o_custkey = customer.c_custkey)", "Plans": [{"Node Type": "Nested Loop", "Parent Relationship": "Outer", "Join Type": "Inner", "Startup Cost": 50000000000.0, "Total Cost": 5023346950887.28, "Plan Rows": 92207, "Plan Width": 88, "Inner Unique": true, "Join Filter": "(lineitem.l_orderkey = orders.o_orderkey)", "Plans": [{"Node Type": "Nested Loop", "Parent Relationship": "Outer", "Join Type": "Inner", "Startup Cost": 40000000000.0, "Total Cost": 4002527961142.79, "Plan Rows": 92207, "Plan Width": 88, "Inner Unique": false, "Join Filter": "(supplier.s_suppkey = lineitem.l_suppkey)", "Plans": [{"Node Type": "Nested Loop", "Parent Relationship": "Outer", "Join Type": "Inner", "Startup Cost": 30000000000.0, "Total Cost": 3000000539268.5, "Plan Rows": 7994, "Plan Width": 64, "Inner Unique": false, "Join Filter": "(n1.n_nationkey = supplier.s_nationkey)", "Plans": [{"Node Type": "Nested Loop", "Parent Relationship": "Outer", "Join Type": "Inner", "Startup Cost": 20000000000.0, "Total Cost": 2000000002564.12, "Plan Rows": 2, "Plan Width": 60, "Inner Unique": false, "Join Filter": "(((n1.n_name = 'JAPAN'::bpchar) AND (n2.n_name = 'INDIA'::bpchar)) OR ((n1.n_name = 'INDIA'::bpchar) AND (n2.n_name = 'JAPAN'::bpchar)))", "Plans": [{"Node Type": "Index Scan", "Parent Relationship": "Outer", "Scan Direction": "Forward", "Index Name": "nation_pkey", "Relation Name": "nation", "Alias": "n2", "Startup Cost": 10000000000.0, "Total Cost": 1000000001275.0, "Plan Rows": 25, "Plan Width": 30, "Filter": "((n_name = 'INDIA'::bpchar) OR (n_name = 'JAPAN'::bpchar))"}, {"Node Type": "Materialize", "Parent Relationship": "Inner", "Startup Cost": 10000000000.0, "Total Cost": 1000000001275.12, "Plan Rows": 25, "Plan Width": 30, "Plans": [{"Node Type": "Index Scan", "Parent Relationship": "Outer", "Scan Direction": "Forward", "Index Name": "nation_pkey", "Relation Name": "nation", "Alias": "n1", "Startup Cost": 10000000000.0, "Total Cost": 1000000001275.0, "Plan Rows": 25, "Plan Width": 30, "Filter": "((n_name = 'JAPAN'::bpchar) OR (n_name = 'INDIA'::bpchar))"}]}]}, {"Node Type": "Materialize", "Parent Relationship": "Inner", "Startup Cost": 10000000000.0, "Total Cost": 1000000533954.38, "Plan Rows": 100000, "Plan Width": 12, "Plans": [{"Node Type": "Index Scan", "Parent Relationship": "Outer", "Scan Direction": "Forward", "Index Name": "supplier_pkey", "Relation Name": "supplier", "Alias": "supplier", "Startup Cost": 10000000000.0, "Total Cost": 1000000533454.38, "Plan Rows": 100000, "Plan Width": 12}]}]}, {"Node Type": "Materialize", "Parent Relationship": "Inner", "Startup Cost": 10000000000.0, "Total Cost": 1000354099515.95, "Plan Rows": 18124991, "Plan Width": 40, "Plans": [{"Node Type": "Index Scan", "Parent Relationship": "Outer", "Scan Direction": "Forward", "Index Name": "idx_lineitem_orderkey", "Relation Name": "lineitem", "Alias": "lineitem", "Startup Cost": 10000000000.0, "Total Cost": 1000354008891.0, "Plan Rows": 18124991, "Plan Width": 40, "Filter": "((l_shipdate >= '1995-01-01 00:00:00'::timestamp(0) without time zone) AND (l_shipdate <= '1996-12-31 00:00:00'::timestamp(0) without time zone)), (LLVM Optimized)"}]}]}, {"Node Type": "Materialize", "Parent Relationship": "Inner", "Startup Cost": 10000000000.0, "Total Cost": 1000073172840.9, "Plan Rows": 14999479, "Plan Width": 16, "Plans": [{"Node Type": "Index Scan", "Parent Relationship": "Outer", "Scan Direction": "Forward", "Index Name": "orders_pkey", "Relation Name": "orders", "Alias": "orders", "Startup Cost": 10000000000.0, "Total Cost": 1000073097843.5, "Plan Rows": 14999479, "Plan Width": 16}]}]}, {"Node Type": "Materialize", "Parent Relationship": "Inner", "Startup Cost": 10000000000.0, "Total Cost": 1000019203896.25, "Plan Rows": 1500000, "Plan Width": 12, "Plans": [{"Node Type": "Index Scan", "Parent Relationship": "Outer", "Scan Direction": "Forward", "Index Name": "idx_customer_nationkey", "Relation Name": "customer", "Alias": "customer", "Startup Cost": 10000000000.0, "Total Cost": 1000019200146.25, "Plan Rows": 1500000, "Plan Width": 12}]}]}]}]}, "Unique SQL Id": 2208782157, "Planner Runtime": 7}, "explain_analyze_plan": null}, "(64, 16)": {"explain_plan": {"Plan": {"Node Type": "Sort", "Startup Cost": 725181.63, "Total Cost": 725190.85, "Plan Rows": 3688, "Plan Width": 84, "Sort Key": ["n1.n_name", "n2.n_name", "(date_part('year'::text, lineitem.l_shipdate))"], "Plans": [{"Node Type": "Aggregate", "Strategy": "Hashed", "Parent Relationship": "Outer", "Startup Cost": 724917.04, "Total Cost": 724963.14, "Plan Rows": 3688, "Plan Width": 84, "Group By Key": ["n1.n_name", "n2.n_name", "date_part('year'::text, lineitem.l_shipdate)"], "Plans": [{"Node Type": "Merge Join", "Parent Relationship": "Outer", "Join Type": "Inner", "Startup Cost": 714975.42, "Total Cost": 724861.72, "Plan Rows": 3688, "Plan Width": 76, "Inner Unique": false, "Merge Cond": "(supplier.s_suppkey = lineitem.l_suppkey)", "Join Filter": "(n1.n_nationkey = supplier.s_nationkey)", "Plans": [{"Node Type": "Index Scan", "Parent Relationship": "Outer", "Scan Direction": "Forward", "Index Name": "supplier_pkey", "Relation Name": "supplier", "Alias": "supplier", "Startup Cost": 0.0, "Total Cost": 5334.54, "Plan Rows": 100000, "Plan Width": 12}, {"Node Type": "Sort", "Parent Relationship": "Inner", "Startup Cost": 714975.05, "Total Cost": 716827.02, "Plan Rows": 740786, "Plan Width": 88, "Sort Key": ["lineitem.l_suppkey"], "Plans": [{"Node Type": "Nested Loop", "Parent Relationship": "Outer", "Join Type": "Inner", "Startup Cost": 1030.37, "Total Cost": 642753.24, "Plan Rows": 740786, "Plan Width": 88, "Inner Unique": false, "Plans": [{"Node Type": "Nested Loop", "Parent Relationship": "Outer", "Join Type": "Inner", "Startup Cost": 1030.37, "Total Cost": 166015.61, "Plan Rows": 504972, "Plan Width": 64, "Inner Unique": false, "Plans": [{"Node Type": "Nested Loop", "Parent Relationship": "Outer", "Join Type": "Inner", "Startup Cost": 1030.37, "Total Cost": 14893.09, "Plan Rows": 119904, "Plan Width": 64, "Inner Unique": false, "Plans": [{"Node Type": "Nested Loop", "Parent Relationship": "Outer", "Join Type": "Inner", "Startup Cost": 0.0, "Total Cost": 28.12, "Plan Rows": 2, "Plan Width": 60, "Inner Unique": false, "Join Filter": "(((n1.n_name = 'JAPAN'::bpchar) AND (n2.n_name = 'INDIA'::bpchar)) OR ((n1.n_name = 'INDIA'::bpchar) AND (n2.n_name = 'JAPAN'::bpchar)))", "Plans": [{"Node Type": "Index Scan", "Parent Relationship": "Outer", "Scan Direction": "Forward", "Index Name": "nation_pkey", "Relation Name": "nation", "Alias": "n1", "Startup Cost": 0.0, "Total Cost": 12.75, "Plan Rows": 25, "Plan Width": 30, "Filter": "((n_name = 'JAPAN'::bpchar) OR (n_name = 'INDIA'::bpchar))"}, {"Node Type": "Materialize", "Parent Relationship": "Inner", "Startup Cost": 0.0, "Total Cost": 1.38, "Plan Rows": 25, "Plan Width": 30, "Plans": [{"Node Type": "Seq Scan", "Parent Relationship": "Outer", "Relation Name": "nation", "Alias": "n2", "Startup Cost": 0.0, "Total Cost": 1.25, "Plan Rows": 25, "Plan Width": 30, "Filter": "((n_name = 'INDIA'::bpchar) OR (n_name = 'JAPAN'::bpchar))"}]}]}, {"Node Type": "Bitmap Heap Scan", "Parent Relationship": "Inner", "Relation Name": "customer", "Alias": "customer", "Startup Cost": 1030.37, "Total Cost": 6832.48, "Plan Rows": 60000, "Plan Width": 12, "Recheck Cond": "(c_nationkey = n2.n_nationkey)", "Plans": [{"Node Type": "Bitmap Index Scan", "Parent Relationship": "Outer", "Index Name": "idx_customer_nationkey", "Startup Cost": 0.0, "Total Cost": 1015.37, "Plan Rows": 60000, "Plan Width": 0, "Index Cond": "(c_nationkey = n2.n_nationkey)"}]}]}, {"Node Type": "Index Scan", "Parent Relationship": "Inner", "Scan Direction": "Forward", "Index Name": "idx_orders_custkey", "Relation Name": "orders", "Alias": "orders", "Startup Cost": 0.0, "Total Cost": 1.22, "Plan Rows": 4, "Plan Width": 16, "Index Cond": "(o_custkey = customer.c_custkey)"}]}, {"Node Type": "Index Scan", "Parent Relationship": "Inner", "Scan Direction": "Forward", "Index Name": "idx_lineitem_orderkey", "Relation Name": "lineitem", "Alias": "lineitem", "Startup Cost": 0.0, "Total Cost": 0.91, "Plan Rows": 3, "Plan Width": 40, "Index Cond": "(l_orderkey = orders.o_orderkey)", "Filter": "((l_shipdate >= '1995-01-01 00:00:00'::timestamp(0) without time zone) AND (l_shipdate <= '1996-12-31 00:00:00'::timestamp(0) without time zone))"}]}]}]}]}]}, "Unique SQL Id": 2208782157, "Planner Runtime": 4}, "explain_analyze_plan": {"Plan": {"Node Type": "Sort", "Startup Cost": 725181.63, "Total Cost": 725190.85, "Plan Rows": 3688, "Plan Width": 84, "Actual Startup Time": 21529.951, "Actual Total Time": 21529.952, "Actual Rows": 4, "Actual Loops": 1, "Sort Key": ["n1.n_name", "n2.n_name", "(date_part('year'::text, lineitem.l_shipdate))"], "Sort Method": "quicksort", "Sort Space Used": 25, "Sort Space Type": "Memory", "Plans": [{"Node Type": "Aggregate", "Strategy": "Hashed", "Parent Relationship": "Outer", "Startup Cost": 724917.04, "Total Cost": 724963.14, "Plan Rows": 3688, "Plan Width": 84, "Actual Startup Time": 21529.911, "Actual Total Time": 21529.917, "Actual Rows": 4, "Actual Loops": 1, "Group By Key": ["n1.n_name", "n2.n_name", "date_part('year'::text, lineitem.l_shipdate)"], "Plans": [{"Node Type": "Merge Join", "Parent Relationship": "Outer", "Join Type": "Inner", "Startup Cost": 714975.42, "Total Cost": 724861.72, "Plan Rows": 3688, "Plan Width": 76, "Actual Startup Time": 20440.403, "Actual Total Time": 21469.46, "Actual Rows": 58554, "Actual Loops": 1, "Inner Unique": false, "Merge Cond": "(supplier.s_suppkey = lineitem.l_suppkey)", "Join Filter": "(n1.n_nationkey = supplier.s_nationkey)", "Rows Removed by Join Filter": 0, "Plans": [{"Node Type": "Index Scan", "Parent Relationship": "Outer", "Scan Direction": "Forward", "Index Name": "supplier_pkey", "Relation Name": "supplier", "Alias": "supplier", "Startup Cost": 0.0, "Total Cost": 5334.54, "Plan Rows": 100000, "Plan Width": 12, "Actual Startup Time": 0.023, "Actual Total Time": 65.815, "Actual Rows": 100000, "Actual Loops": 1}, {"Node Type": "Sort", "Parent Relationship": "Inner", "Startup Cost": 714975.05, "Total Cost": 716827.02, "Plan Rows": 740786, "Plan Width": 88, "Actual Startup Time": 20439.087, "Actual Total Time": 20845.435, "Actual Rows": 1459150, "Actual Loops": 1, "Sort Key": ["lineitem.l_suppkey"], "Sort Method": "quicksort", "Sort Space Used": 277145, "Sort Space Type": "Memory", "Plans": [{"Node Type": "Nested Loop", "Parent Relationship": "Outer", "Join Type": "Inner", "Startup Cost": 1030.37, "Total Cost": 642753.24, "Plan Rows": 740786, "Plan Width": 88, "Actual Startup Time": 18.034, "Actual Total Time": 19719.002, "Actual Rows": 1459150, "Actual Loops": 1, "Inner Unique": false, "Plans": [{"Node Type": "Nested Loop", "Parent Relationship": "Outer", "Join Type": "Inner", "Startup Cost": 1030.37, "Total Cost": 166015.61, "Plan Rows": 504972, "Plan Width": 64, "Actual Startup Time": 17.946, "Actual Total Time": 4281.636, "Actual Rows": 1200363, "Actual Loops": 1, "Inner Unique": false, "Plans": [{"Node Type": "Nested Loop", "Parent Relationship": "Outer", "Join Type": "Inner", "Startup Cost": 1030.37, "Total Cost": 14893.09, "Plan Rows": 119904, "Plan Width": 64, "Actual Startup Time": 17.918, "Actual Total Time": 293.782, "Actual Rows": 119972, "Actual Loops": 1, "Inner Unique": false, "Plans": [{"Node Type": "Nested Loop", "Parent Relationship": "Outer", "Join Type": "Inner", "Startup Cost": 0.0, "Total Cost": 28.12, "Plan Rows": 2, "Plan Width": 60, "Actual Startup Time": 0.054, "Actual Total Time": 0.138, "Actual Rows": 2, "Actual Loops": 1, "Inner Unique": false, "Join Filter": "(((n1.n_name = 'JAPAN'::bpchar) AND (n2.n_name = 'INDIA'::bpchar)) OR ((n1.n_name = 'INDIA'::bpchar) AND (n2.n_name = 'JAPAN'::bpchar)))", "Rows Removed by Join Filter": 2, "Plans": [{"Node Type": "Index Scan", "Parent Relationship": "Outer", "Scan Direction": "Forward", "Index Name": "nation_pkey", "Relation Name": "nation", "Alias": "n1", "Startup Cost": 0.0, "Total Cost": 12.75, "Plan Rows": 25, "Plan Width": 30, "Actual Startup Time": 0.017, "Actual Total Time": 0.044, "Actual Rows": 2, "Actual Loops": 1, "Filter": "((n_name = 'JAPAN'::bpchar) OR (n_name = 'INDIA'::bpchar))", "Rows Removed by Filter": 23}, {"Node Type": "Materialize", "Parent Relationship": "Inner", "Startup Cost": 0.0, "Total Cost": 1.38, "Plan Rows": 25, "Plan Width": 30, "Actual Startup Time": 0.03, "Actual Total Time": 0.054, "Actual Rows": 4, "Actual Loops": 2, "Plans": [{"Node Type": "Seq Scan", "Parent Relationship": "Outer", "Relation Name": "nation", "Alias": "n2", "Startup Cost": 0.0, "Total Cost": 1.25, "Plan Rows": 25, "Plan Width": 30, "Actual Startup Time": 0.022, "Actual Total Time": 0.04, "Actual Rows": 2, "Actual Loops": 1, "Filter": "((n_name = 'INDIA'::bpchar) OR (n_name = 'JAPAN'::bpchar))", "Rows Removed by Filter": 23}]}]}, {"Node Type": "Bitmap Heap Scan", "Parent Relationship": "Inner", "Relation Name": "customer", "Alias": "customer", "Startup Cost": 1030.37, "Total Cost": 6832.48, "Plan Rows": 60000, "Plan Width": 12, "Actual Startup Time": 35.81, "Actual Total Time": 264.556, "Actual Rows": 119972, "Actual Loops": 2, "Recheck Cond": "(c_nationkey = n2.n_nationkey)", "Rows Removed by Index Recheck": 0, "Exact Heap Blocks": 59938, "Lossy Heap Blocks": 59938, "Plans": [{"Node Type": "Bitmap Index Scan", "Parent Relationship": "Outer", "Index Name": "idx_customer_nationkey", "Startup Cost": 0.0, "Total Cost": 1015.37, "Plan Rows": 60000, "Plan Width": 0, "Actual Startup Time": 22.624, "Actual Total Time": 22.624, "Actual Rows": 119972, "Actual Loops": 2, "Index Cond": "(c_nationkey = n2.n_nationkey)"}]}]}, {"Node Type": "Index Scan", "Parent Relationship": "Inner", "Scan Direction": "Forward", "Index Name": "idx_orders_custkey", "Relation Name": "orders", "Alias": "orders", "Startup Cost": 0.0, "Total Cost": 1.22, "Plan Rows": 4, "Plan Width": 16, "Actual Startup Time": 789.213, "Actual Total Time": 3636.336, "Actual Rows": 1200363, "Actual Loops": 119972, "Index Cond": "(o_custkey = customer.c_custkey)", "Rows Removed by Index Recheck": 0}]}, {"Node Type": "Index Scan", "Parent Relationship": "Inner", "Scan Direction": "Forward", "Index Name": "idx_lineitem_orderkey", "Relation Name": "lineitem", "Alias": "lineitem", "Startup Cost": 0.0, "Total Cost": 0.91, "Plan Rows": 3, "Plan Width": 40, "Actual Startup Time": 13308.045, "Actual Total Time": 14466.896, "Actual Rows": 1459150, "Actual Loops": 1200363, "Index Cond": "(l_orderkey = orders.o_orderkey)", "Rows Removed by Index Recheck": 0, "Filter": "((l_shipdate >= '1995-01-01 00:00:00'::timestamp(0) without time zone) AND (l_shipdate <= '1996-12-31 00:00:00'::timestamp(0) without time zone))", "Rows Removed by Filter": 3342563}]}]}]}]}]}, "Triggers": [], "Planner Runtime": 4, "Total Runtime": 21530.248, "Unique SQL Id": 2208782157}}, "(64, 17)": {"explain_plan": {"Plan": {"Node Type": "Sort", "Startup Cost": 725193.13, "Total Cost": 725202.35, "Plan Rows": 3688, "Plan Width": 84, "Sort Key": ["n1.n_name", "n2.n_name", "(date_part('year'::text, lineitem.l_shipdate))"], "Plans": [{"Node Type": "Aggregate", "Strategy": "Hashed", "Parent Relationship": "Outer", "Startup Cost": 724928.54, "Total Cost": 724974.64, "Plan Rows": 3688, "Plan Width": 84, "Group By Key": ["n1.n_name", "n2.n_name", "date_part('year'::text, lineitem.l_shipdate)"], "Plans": [{"Node Type": "Merge Join", "Parent Relationship": "Outer", "Join Type": "Inner", "Startup Cost": 714986.92, "Total Cost": 724873.22, "Plan Rows": 3688, "Plan Width": 76, "Inner Unique": false, "Merge Cond": "(supplier.s_suppkey = lineitem.l_suppkey)", "Join Filter": "(n1.n_nationkey = supplier.s_nationkey)", "Plans": [{"Node Type": "Index Scan", "Parent Relationship": "Outer", "Scan Direction": "Forward", "Index Name": "supplier_pkey", "Relation Name": "supplier", "Alias": "supplier", "Startup Cost": 0.0, "Total Cost": 5334.54, "Plan Rows": 100000, "Plan Width": 12}, {"Node Type": "Sort", "Parent Relationship": "Inner", "Startup Cost": 714986.55, "Total Cost": 716838.52, "Plan Rows": 740786, "Plan Width": 88, "Sort Key": ["lineitem.l_suppkey"], "Plans": [{"Node Type": "Nested Loop", "Parent Relationship": "Outer", "Join Type": "Inner", "Startup Cost": 1030.37, "Total Cost": 642764.74, "Plan Rows": 740786, "Plan Width": 88, "Inner Unique": false, "Plans": [{"Node Type": "Nested Loop", "Parent Relationship": "Outer", "Join Type": "Inner", "Startup Cost": 1030.37, "Total Cost": 166027.11, "Plan Rows": 504972, "Plan Width": 64, "Inner Unique": false, "Plans": [{"Node Type": "Nested Loop", "Parent Relationship": "Outer", "Join Type": "Inner", "Startup Cost": 1030.37, "Total Cost": 14904.59, "Plan Rows": 119904, "Plan Width": 64, "Inner Unique": false, "Plans": [{"Node Type": "Nested Loop", "Parent Relationship": "Outer", "Join Type": "Inner", "Startup Cost": 0.0, "Total Cost": 39.62, "Plan Rows": 2, "Plan Width": 60, "Inner Unique": false, "Join Filter": "(((n1.n_name = 'JAPAN'::bpchar) AND (n2.n_name = 'INDIA'::bpchar)) OR ((n1.n_name = 'INDIA'::bpchar) AND (n2.n_name = 'JAPAN'::bpchar)))", "Plans": [{"Node Type": "Index Scan", "Parent Relationship": "Outer", "Scan Direction": "Forward", "Index Name": "nation_pkey", "Relation Name": "nation", "Alias": "n1", "Startup Cost": 0.0, "Total Cost": 12.75, "Plan Rows": 25, "Plan Width": 30, "Filter": "((n_name = 'JAPAN'::bpchar) OR (n_name = 'INDIA'::bpchar))"}, {"Node Type": "Materialize", "Parent Relationship": "Inner", "Startup Cost": 0.0, "Total Cost": 12.88, "Plan Rows": 25, "Plan Width": 30, "Plans": [{"Node Type": "Index Scan", "Parent Relationship": "Outer", "Scan Direction": "Forward", "Index Name": "nation_pkey", "Relation Name": "nation", "Alias": "n2", "Startup Cost": 0.0, "Total Cost": 12.75, "Plan Rows": 25, "Plan Width": 30, "Filter": "((n_name = 'INDIA'::bpchar) OR (n_name = 'JAPAN'::bpchar))"}]}]}, {"Node Type": "Bitmap Heap Scan", "Parent Relationship": "Inner", "Relation Name": "customer", "Alias": "customer", "Startup Cost": 1030.37, "Total Cost": 6832.48, "Plan Rows": 60000, "Plan Width": 12, "Recheck Cond": "(c_nationkey = n2.n_nationkey)", "Plans": [{"Node Type": "Bitmap Index Scan", "Parent Relationship": "Outer", "Index Name": "idx_customer_nationkey", "Startup Cost": 0.0, "Total Cost": 1015.37, "Plan Rows": 60000, "Plan Width": 0, "Index Cond": "(c_nationkey = n2.n_nationkey)"}]}]}, {"Node Type": "Index Scan", "Parent Relationship": "Inner", "Scan Direction": "Forward", "Index Name": "idx_orders_custkey", "Relation Name": "orders", "Alias": "orders", "Startup Cost": 0.0, "Total Cost": 1.22, "Plan Rows": 4, "Plan Width": 16, "Index Cond": "(o_custkey = customer.c_custkey)"}]}, {"Node Type": "Index Scan", "Parent Relationship": "Inner", "Scan Direction": "Forward", "Index Name": "idx_lineitem_orderkey", "Relation Name": "lineitem", "Alias": "lineitem", "Startup Cost": 0.0, "Total Cost": 0.91, "Plan Rows": 3, "Plan Width": 40, "Index Cond": "(l_orderkey = orders.o_orderkey)", "Filter": "((l_shipdate >= '1995-01-01 00:00:00'::timestamp(0) without time zone) AND (l_shipdate <= '1996-12-31 00:00:00'::timestamp(0) without time zone))"}]}]}]}]}]}, "Unique SQL Id": 2208782157, "Planner Runtime": 4}, "explain_analyze_plan": {"Plan": {"Node Type": "Sort", "Startup Cost": 725193.13, "Total Cost": 725202.35, "Plan Rows": 3688, "Plan Width": 84, "Actual Startup Time": 21777.941, "Actual Total Time": 21777.942, "Actual Rows": 4, "Actual Loops": 1, "Sort Key": ["n1.n_name", "n2.n_name", "(date_part('year'::text, lineitem.l_shipdate))"], "Sort Method": "quicksort", "Sort Space Used": 25, "Sort Space Type": "Memory", "Plans": [{"Node Type": "Aggregate", "Strategy": "Hashed", "Parent Relationship": "Outer", "Startup Cost": 724928.54, "Total Cost": 724974.64, "Plan Rows": 3688, "Plan Width": 84, "Actual Startup Time": 21777.908, "Actual Total Time": 21777.912, "Actual Rows": 4, "Actual Loops": 1, "Group By Key": ["n1.n_name", "n2.n_name", "date_part('year'::text, lineitem.l_shipdate)"], "Plans": [{"Node Type": "Merge Join", "Parent Relationship": "Outer", "Join Type": "Inner", "Startup Cost": 714986.92, "Total Cost": 724873.22, "Plan Rows": 3688, "Plan Width": 76, "Actual Startup Time": 20784.793, "Actual Total Time": 21718.105, "Actual Rows": 58554, "Actual Loops": 1, "Inner Unique": false, "Merge Cond": "(supplier.s_suppkey = lineitem.l_suppkey)", "Join Filter": "(n1.n_nationkey = supplier.s_nationkey)", "Rows Removed by Join Filter": 0, "Plans": [{"Node Type": "Index Scan", "Parent Relationship": "Outer", "Scan Direction": "Forward", "Index Name": "supplier_pkey", "Relation Name": "supplier", "Alias": "supplier", "Startup Cost": 0.0, "Total Cost": 5334.54, "Plan Rows": 100000, "Plan Width": 12, "Actual Startup Time": 0.022, "Actual Total Time": 73.211, "Actual Rows": 100000, "Actual Loops": 1}, {"Node Type": "Sort", "Parent Relationship": "Inner", "Startup Cost": 714986.55, "Total Cost": 716838.52, "Plan Rows": 740786, "Plan Width": 88, "Actual Startup Time": 20784.221, "Actual Total Time": 21101.364, "Actual Rows": 1459150, "Actual Loops": 1, "Sort Key": ["lineitem.l_suppkey"], "Sort Method": "quicksort", "Sort Space Used": 277145, "Sort Space Type": "Memory", "Plans": [{"Node Type": "Nested Loop", "Parent Relationship": "Outer", "Join Type": "Inner", "Startup Cost": 1030.37, "Total Cost": 642764.74, "Plan Rows": 740786, "Plan Width": 88, "Actual Startup Time": 18.018, "Actual Total Time": 20058.965, "Actual Rows": 1459150, "Actual Loops": 1, "Inner Unique": false, "Plans": [{"Node Type": "Nested Loop", "Parent Relationship": "Outer", "Join Type": "Inner", "Startup Cost": 1030.37, "Total Cost": 166027.11, "Plan Rows": 504972, "Plan Width": 64, "Actual Startup Time": 17.926, "Actual Total Time": 4463.317, "Actual Rows": 1200363, "Actual Loops": 1, "Inner Unique": false, "Plans": [{"Node Type": "Nested Loop", "Parent Relationship": "Outer", "Join Type": "Inner", "Startup Cost": 1030.37, "Total Cost": 14904.59, "Plan Rows": 119904, "Plan Width": 64, "Actual Startup Time": 17.896, "Actual Total Time": 303.538, "Actual Rows": 119972, "Actual Loops": 1, "Inner Unique": false, "Plans": [{"Node Type": "Nested Loop", "Parent Relationship": "Outer", "Join Type": "Inner", "Startup Cost": 0.0, "Total Cost": 39.62, "Plan Rows": 2, "Plan Width": 60, "Actual Startup Time": 0.038, "Actual Total Time": 0.197, "Actual Rows": 2, "Actual Loops": 1, "Inner Unique": false, "Join Filter": "(((n1.n_name = 'JAPAN'::bpchar) AND (n2.n_name = 'INDIA'::bpchar)) OR ((n1.n_name = 'INDIA'::bpchar) AND (n2.n_name = 'JAPAN'::bpchar)))", "Rows Removed by Join Filter": 2, "Plans": [{"Node Type": "Index Scan", "Parent Relationship": "Outer", "Scan Direction": "Forward", "Index Name": "nation_pkey", "Relation Name": "nation", "Alias": "n1", "Startup Cost": 0.0, "Total Cost": 12.75, "Plan Rows": 25, "Plan Width": 30, "Actual Startup Time": 0.015, "Actual Total Time": 0.04, "Actual Rows": 2, "Actual Loops": 1, "Filter": "((n_name = 'JAPAN'::bpchar) OR (n_name = 'INDIA'::bpchar))", "Rows Removed by Filter": 23}, {"Node Type": "Materialize", "Parent Relationship": "Inner", "Startup Cost": 0.0, "Total Cost": 12.88, "Plan Rows": 25, "Plan Width": 30, "Actual Startup Time": 0.015, "Actual Total Time": 0.103, "Actual Rows": 4, "Actual Loops": 2, "Plans": [{"Node Type": "Index Scan", "Parent Relationship": "Outer", "Scan Direction": "Forward", "Index Name": "nation_pkey", "Relation Name": "nation", "Alias": "n2", "Startup Cost": 0.0, "Total Cost": 12.75, "Plan Rows": 25, "Plan Width": 30, "Actual Startup Time": 0.011, "Actual Total Time": 0.048, "Actual Rows": 2, "Actual Loops": 1, "Filter": "((n_name = 'INDIA'::bpchar) OR (n_name = 'JAPAN'::bpchar))", "Rows Removed by Filter": 23}]}]}, {"Node Type": "Bitmap Heap Scan", "Parent Relationship": "Inner", "Relation Name": "customer", "Alias": "customer", "Startup Cost": 1030.37, "Total Cost": 6832.48, "Plan Rows": 60000, "Plan Width": 12, "Actual Startup Time": 36.008, "Actual Total Time": 273.837, "Actual Rows": 119972, "Actual Loops": 2, "Recheck Cond": "(c_nationkey = n2.n_nationkey)", "Rows Removed by Index Recheck": 0, "Exact Heap Blocks": 59938, "Lossy Heap Blocks": 59938, "Plans": [{"Node Type": "Bitmap Index Scan", "Parent Relationship": "Outer", "Index Name": "idx_customer_nationkey", "Startup Cost": 0.0, "Total Cost": 1015.37, "Plan Rows": 60000, "Plan Width": 0, "Actual Startup Time": 22.804, "Actual Total Time": 22.804, "Actual Rows": 119972, "Actual Loops": 2, "Index Cond": "(c_nationkey = n2.n_nationkey)"}]}]}, {"Node Type": "Index Scan", "Parent Relationship": "Inner", "Scan Direction": "Forward", "Index Name": "idx_orders_custkey", "Relation Name": "orders", "Alias": "orders", "Startup Cost": 0.0, "Total Cost": 1.22, "Plan Rows": 4, "Plan Width": 16, "Actual Startup Time": 820.319, "Actual Total Time": 3813.353, "Actual Rows": 1200363, "Actual Loops": 119972, "Index Cond": "(o_custkey = customer.c_custkey)", "Rows Removed by Index Recheck": 0}]}, {"Node Type": "Index Scan", "Parent Relationship": "Inner", "Scan Direction": "Forward", "Index Name": "idx_lineitem_orderkey", "Relation Name": "lineitem", "Alias": "lineitem", "Startup Cost": 0.0, "Total Cost": 0.91, "Plan Rows": 3, "Plan Width": 40, "Actual Startup Time": 13488.617, "Actual Total Time": 14621.41, "Actual Rows": 1459150, "Actual Loops": 1200363, "Index Cond": "(l_orderkey = orders.o_orderkey)", "Rows Removed by Index Recheck": 0, "Filter": "((l_shipdate >= '1995-01-01 00:00:00'::timestamp(0) without time zone) AND (l_shipdate <= '1996-12-31 00:00:00'::timestamp(0) without time zone))", "Rows Removed by Filter": 3342563}]}]}]}]}]}, "Triggers": [], "Planner Runtime": 4, "Total Runtime": 21778.241, "Unique SQL Id": 2208782157}}, "(64, 18)": {"explain_plan": {"Plan": {"Node Type": "Sort", "Startup Cost": 2954241.64, "Total Cost": 2954250.86, "Plan Rows": 3688, "Plan Width": 84, "Sort Key": ["n1.n_name", "n2.n_name", "(date_part('year'::text, lineitem.l_shipdate))"], "Plans": [{"Node Type": "Aggregate", "Strategy": "Hashed", "Parent Relationship": "Outer", "Startup Cost": 2953977.05, "Total Cost": 2954023.15, "Plan Rows": 3688, "Plan Width": 84, "Group By Key": ["n1.n_name", "n2.n_name", "date_part('year'::text, lineitem.l_shipdate)"], "Plans": [{"Node Type": "Merge Join", "Parent Relationship": "Outer", "Join Type": "Inner", "Startup Cost": 2947588.86, "Total Cost": 2953921.73, "Plan Rows": 3688, "Plan Width": 76, "Inner Unique": true, "Merge Cond": "((lineitem.l_suppkey = supplier.s_suppkey) AND (n1.n_nationkey = supplier.s_nationkey))", "Plans": [{"Node Type": "Sort", "Parent Relationship": "Outer", "Startup Cost": 2936000.49, "Total Cost": 2937852.45, "Plan Rows": 740786, "Plan Width": 88, "Sort Key": ["lineitem.l_suppkey", "n1.n_nationkey"], "Plans": [{"Node Type": "Nested Loop", "Parent Relationship": "Outer", "Join Type": "Inner", "Startup Cost": 1031.18, "Total Cost": 2863778.68, "Plan Rows": 740786, "Plan Width": 88, "Inner Unique": false, "Plans": [{"Node Type": "Nested Loop", "Parent Relationship": "Outer", "Join Type": "Inner", "Startup Cost": 1030.8, "Total Cost": 557356.7, "Plan Rows": 504972, "Plan Width": 64, "Inner Unique": false, "Plans": [{"Node Type": "Nested Loop", "Parent Relationship": "Outer", "Join Type": "Inner", "Startup Cost": 1030.37, "Total Cost": 14881.59, "Plan Rows": 119904, "Plan Width": 64, "Inner Unique": false, "Plans": [{"Node Type": "Nested Loop", "Parent Relationship": "Outer", "Join Type": "Inner", "Startup Cost": 0.0, "Total Cost": 16.62, "Plan Rows": 2, "Plan Width": 60, "Inner Unique": false, "Join Filter": "(((n1.n_name = 'JAPAN'::bpchar) AND (n2.n_name = 'INDIA'::bpchar)) OR ((n1.n_name = 'INDIA'::bpchar) AND (n2.n_name = 'JAPAN'::bpchar)))", "Plans": [{"Node Type": "Seq Scan", "Parent Relationship": "Outer", "Relation Name": "nation", "Alias": "n1", "Startup Cost": 0.0, "Total Cost": 1.25, "Plan Rows": 25, "Plan Width": 30, "Filter": "((n_name = 'JAPAN'::bpchar) OR (n_name = 'INDIA'::bpchar))"}, {"Node Type": "Materialize", "Parent Relationship": "Inner", "Startup Cost": 0.0, "Total Cost": 1.38, "Plan Rows": 25, "Plan Width": 30, "Plans": [{"Node Type": "Seq Scan", "Parent Relationship": "Outer", "Relation Name": "nation", "Alias": "n2", "Startup Cost": 0.0, "Total Cost": 1.25, "Plan Rows": 25, "Plan Width": 30, "Filter": "((n_name = 'INDIA'::bpchar) OR (n_name = 'JAPAN'::bpchar))"}]}]}, {"Node Type": "Bitmap Heap Scan", "Parent Relationship": "Inner", "Relation Name": "customer", "Alias": "customer", "Startup Cost": 1030.37, "Total Cost": 6832.48, "Plan Rows": 60000, "Plan Width": 12, "Recheck Cond": "(c_nationkey = n2.n_nationkey)", "Plans": [{"Node Type": "Bitmap Index Scan", "Parent Relationship": "Outer", "Index Name": "idx_customer_nationkey", "Startup Cost": 0.0, "Total Cost": 1015.37, "Plan Rows": 60000, "Plan Width": 0, "Index Cond": "(c_nationkey = n2.n_nationkey)"}]}]}, {"Node Type": "Bitmap Heap Scan", "Parent Relationship": "Inner", "Relation Name": "orders", "Alias": "orders", "Startup Cost": 0.43, "Total Cost": 4.48, "Plan Rows": 4, "Plan Width": 16, "Recheck Cond": "(o_custkey = customer.c_custkey)", "Plans": [{"Node Type": "Bitmap Index Scan", "Parent Relationship": "Outer", "Index Name": "idx_orders_custkey", "Startup Cost": 0.0, "Total Cost": 0.43, "Plan Rows": 4, "Plan Width": 0, "Index Cond": "(o_custkey = customer.c_custkey)"}]}]}, {"Node Type": "Bitmap Heap Scan", "Parent Relationship": "Inner", "Relation Name": "lineitem", "Alias": "lineitem", "Startup Cost": 0.38, "Total Cost": 4.54, "Plan Rows": 3, "Plan Width": 40, "Recheck Cond": "(l_orderkey = orders.o_orderkey)", "Filter": "((l_shipdate >= '1995-01-01 00:00:00'::timestamp(0) without time zone) AND (l_shipdate <= '1996-12-31 00:00:00'::timestamp(0) without time zone))", "Plans": [{"Node Type": "Bitmap Index Scan", "Parent Relationship": "Outer", "Index Name": "idx_lineitem_orderkey", "Startup Cost": 0.0, "Total Cost": 0.38, "Plan Rows": 9, "Plan Width": 0, "Index Cond": "(l_orderkey = orders.o_orderkey)"}]}]}]}, {"Node Type": "Sort", "Parent Relationship": "Inner", "Startup Cost": 11587.82, "Total Cost": 11837.82, "Plan Rows": 100000, "Plan Width": 12, "Sort Key": ["supplier.s_suppkey", "supplier.s_nationkey"], "Plans": [{"Node Type": "Seq Scan", "Parent Relationship": "Outer", "Relation Name": "supplier", "Alias": "supplier", "Startup Cost": 0.0, "Total Cost": 3283.0, "Plan Rows": 100000, "Plan Width": 12}]}]}]}]}, "Unique SQL Id": 2208782157, "Planner Runtime": 5}, "explain_analyze_plan": {"Plan": {"Node Type": "Sort", "Startup Cost": 2954241.64, "Total Cost": 2954250.86, "Plan Rows": 3688, "Plan Width": 84, "Actual Startup Time": 24444.903, "Actual Total Time": 24444.903, "Actual Rows": 4, "Actual Loops": 1, "Sort Key": ["n1.n_name", "n2.n_name", "(date_part('year'::text, lineitem.l_shipdate))"], "Sort Method": "quicksort", "Sort Space Used": 25, "Sort Space Type": "Memory", "Plans": [{"Node Type": "Aggregate", "Strategy": "Hashed", "Parent Relationship": "Outer", "Startup Cost": 2953977.05, "Total Cost": 2954023.15, "Plan Rows": 3688, "Plan Width": 84, "Actual Startup Time": 24444.864, "Actual Total Time": 24444.869, "Actual Rows": 4, "Actual Loops": 1, "Group By Key": ["n1.n_name", "n2.n_name", "date_part('year'::text, lineitem.l_shipdate)"], "Plans": [{"Node Type": "Merge Join", "Parent Relationship": "Outer", "Join Type": "Inner", "Startup Cost": 2947588.86, "Total Cost": 2953921.73, "Plan Rows": 3688, "Plan Width": 76, "Actual Startup Time": 23602.195, "Actual Total Time": 24386.364, "Actual Rows": 58554, "Actual Loops": 1, "Inner Unique": true, "Merge Cond": "((lineitem.l_suppkey = supplier.s_suppkey) AND (n1.n_nationkey = supplier.s_nationkey))", "Plans": [{"Node Type": "Sort", "Parent Relationship": "Outer", "Startup Cost": 2936000.49, "Total Cost": 2937852.45, "Plan Rows": 740786, "Plan Width": 88, "Actual Startup Time": 23526.682, "Actual Total Time": 23918.064, "Actual Rows": 1459145, "Actual Loops": 1, "Sort Key": ["lineitem.l_suppkey", "n1.n_nationkey"], "Sort Method": "quicksort", "Sort Space Used": 277145, "Sort Space Type": "Memory", "Plans": [{"Node Type": "Nested Loop", "Parent Relationship": "Outer", "Join Type": "Inner", "Startup Cost": 1031.18, "Total Cost": 2863778.68, "Plan Rows": 740786, "Plan Width": 88, "Actual Startup Time": 18.048, "Actual Total Time": 22227.174, "Actual Rows": 1459150, "Actual Loops": 1, "Inner Unique": false, "Plans": [{"Node Type": "Nested Loop", "Parent Relationship": "Outer", "Join Type": "Inner", "Startup Cost": 1030.8, "Total Cost": 557356.7, "Plan Rows": 504972, "Plan Width": 64, "Actual Startup Time": 17.953, "Actual Total Time": 5015.502, "Actual Rows": 1200363, "Actual Loops": 1, "Inner Unique": false, "Plans": [{"Node Type": "Nested Loop", "Parent Relationship": "Outer", "Join Type": "Inner", "Startup Cost": 1030.37, "Total Cost": 14881.59, "Plan Rows": 119904, "Plan Width": 64, "Actual Startup Time": 17.906, "Actual Total Time": 283.983, "Actual Rows": 119972, "Actual Loops": 1, "Inner Unique": false, "Plans": [{"Node Type": "Nested Loop", "Parent Relationship": "Outer", "Join Type": "Inner", "Startup Cost": 0.0, "Total Cost": 16.62, "Plan Rows": 2, "Plan Width": 60, "Actual Startup Time": 0.049, "Actual Total Time": 0.199, "Actual Rows": 2, "Actual Loops": 1, "Inner Unique": false, "Join Filter": "(((n1.n_name = 'JAPAN'::bpchar) AND (n2.n_name = 'INDIA'::bpchar)) OR ((n1.n_name = 'INDIA'::bpchar) AND (n2.n_name = 'JAPAN'::bpchar)))", "Rows Removed by Join Filter": 2, "Plans": [{"Node Type": "Seq Scan", "Parent Relationship": "Outer", "Relation Name": "nation", "Alias": "n1", "Startup Cost": 0.0, "Total Cost": 1.25, "Plan Rows": 25, "Plan Width": 30, "Actual Startup Time": 0.022, "Actual Total Time": 0.041, "Actual Rows": 2, "Actual Loops": 1, "Filter": "((n_name = 'JAPAN'::bpchar) OR (n_name = 'INDIA'::bpchar))", "Rows Removed by Filter": 23}, {"Node Type": "Materialize", "Parent Relationship": "Inner", "Startup Cost": 0.0, "Total Cost": 1.38, "Plan Rows": 25, "Plan Width": 30, "Actual Startup Time": 0.019, "Actual Total Time": 0.106, "Actual Rows": 4, "Actual Loops": 2, "Plans": [{"Node Type": "Seq Scan", "Parent Relationship": "Outer", "Relation Name": "nation", "Alias": "n2", "Startup Cost": 0.0, "Total Cost": 1.25, "Plan Rows": 25, "Plan Width": 30, "Actual Startup Time": 0.012, "Actual Total Time": 0.027, "Actual Rows": 2, "Actual Loops": 1, "Filter": "((n_name = 'INDIA'::bpchar) OR (n_name = 'JAPAN'::bpchar))", "Rows Removed by Filter": 23}]}]}, {"Node Type": "Bitmap Heap Scan", "Parent Relationship": "Inner", "Relation Name": "customer", "Alias": "customer", "Startup Cost": 1030.37, "Total Cost": 6832.48, "Plan Rows": 60000, "Plan Width": 12, "Actual Startup Time": 35.808, "Actual Total Time": 251.497, "Actual Rows": 119972, "Actual Loops": 2, "Recheck Cond": "(c_nationkey = n2.n_nationkey)", "Rows Removed by Index Recheck": 0, "Exact Heap Blocks": 59938, "Lossy Heap Blocks": 59938, "Plans": [{"Node Type": "Bitmap Index Scan", "Parent Relationship": "Outer", "Index Name": "idx_customer_nationkey", "Startup Cost": 0.0, "Total Cost": 1015.37, "Plan Rows": 60000, "Plan Width": 0, "Actual Startup Time": 22.633, "Actual Total Time": 22.633, "Actual Rows": 119972, "Actual Loops": 2, "Index Cond": "(c_nationkey = n2.n_nationkey)"}]}]}, {"Node Type": "Bitmap Heap Scan", "Parent Relationship": "Inner", "Relation Name": "orders", "Alias": "orders", "Startup Cost": 0.43, "Total Cost": 4.48, "Plan Rows": 4, "Plan Width": 16, "Actual Startup Time": 1169.859, "Actual Total Time": 4305.21, "Actual Rows": 1200363, "Actual Loops": 119972, "Recheck Cond": "(o_custkey = customer.c_custkey)", "Rows Removed by Index Recheck": 0, "Exact Heap Blocks": 1200331, "Lossy Heap Blocks": 1200331, "Plans": [{"Node Type": "Bitmap Index Scan", "Parent Relationship": "Outer", "Index Name": "idx_orders_custkey", "Startup Cost": 0.0, "Total Cost": 0.43, "Plan Rows": 4, "Plan Width": 0, "Actual Startup Time": 731.139, "Actual Total Time": 731.139, "Actual Rows": 1200363, "Actual Loops": 119972, "Index Cond": "(o_custkey = customer.c_custkey)"}]}]}, {"Node Type": "Bitmap Heap Scan", "Parent Relationship": "Inner", "Relation Name": "lineitem", "Alias": "lineitem", "Startup Cost": 0.38, "Total Cost": 4.54, "Plan Rows": 3, "Plan Width": 40, "Actual Startup Time": 14879.797, "Actual Total Time": 15498.13, "Actual Rows": 1459150, "Actual Loops": 1200363, "Recheck Cond": "(l_orderkey = orders.o_orderkey)", "Rows Removed by Index Recheck": 0, "Filter": "((l_shipdate >= '1995-01-01 00:00:00'::timestamp(0) without time zone) AND (l_shipdate <= '1996-12-31 00:00:00'::timestamp(0) without time zone))", "Rows Removed by Filter": 3342563, "Exact Heap Blocks": 1285989, "Lossy Heap Blocks": 1285989, "Plans": [{"Node Type": "Bitmap Index Scan", "Parent Relationship": "Outer", "Index Name": "idx_lineitem_orderkey", "Startup Cost": 0.0, "Total Cost": 0.38, "Plan Rows": 9, "Plan Width": 0, "Actual Startup Time": 8530.994, "Actual Total Time": 8530.994, "Actual Rows": 4801713, "Actual Loops": 1200363, "Index Cond": "(l_orderkey = orders.o_orderkey)"}]}]}]}, {"Node Type": "Sort", "Parent Relationship": "Inner", "Startup Cost": 11587.82, "Total Cost": 11837.82, "Plan Rows": 100000, "Plan Width": 12, "Actual Startup Time": 75.377, "Actual Total Time": 90.218, "Actual Rows": 100000, "Actual Loops": 1, "Sort Key": ["supplier.s_suppkey", "supplier.s_nationkey"], "Sort Method": "quicksort", "Sort Space Used": 12448, "Sort Space Type": "Memory", "Plans": [{"Node Type": "Seq Scan", "Parent Relationship": "Outer", "Relation Name": "supplier", "Alias": "supplier", "Startup Cost": 0.0, "Total Cost": 3283.0, "Plan Rows": 100000, "Plan Width": 12, "Actual Startup Time": 0.045, "Actual Total Time": 37.975, "Actual Rows": 100000, "Actual Loops": 1}]}]}]}]}, "Triggers": [], "Planner Runtime": 4, "Total Runtime": 24445.202, "Unique SQL Id": 2208782157}}, "(64, 19)": {"explain_plan": {"Plan": {"Node Type": "Sort", "Startup Cost": 99673674.43, "Total Cost": 99673683.65, "Plan Rows": 3688, "Plan Width": 84, "Sort Key": ["n1.n_name", "n2.n_name", "(date_part('year'::text, lineitem.l_shipdate))"], "Plans": [{"Node Type": "Aggregate", "Strategy": "Hashed", "Parent Relationship": "Outer", "Startup Cost": 99673409.84, "Total Cost": 99673455.94, "Plan Rows": 3688, "Plan Width": 84, "Group By Key": ["n1.n_name", "n2.n_name", "date_part('year'::text, lineitem.l_shipdate)"], "Plans": [{"Node Type": "Nested Loop", "Parent Relationship": "Outer", "Join Type": "Inner", "Startup Cost": 627986.71, "Total Cost": 99673354.52, "Plan Rows": 3688, "Plan Width": 76, "Inner Unique": true, "Join Filter": "(((n1.n_name = 'JAPAN'::bpchar) AND (n2.n_name = 'INDIA'::bpchar)) OR ((n1.n_name = 'INDIA'::bpchar) AND (n2.n_name = 'JAPAN'::bpchar)))", "Plans": [{"Node Type": "Nested Loop", "Parent Relationship": "Outer", "Join Type": "Inner", "Startup Cost": 627986.45, "Total Cost": 94724471.42, "Plan Rows": 1153515, "Plan Width": 54, "Inner Unique": true, "Plans": [{"Node Type": "Nested Loop", "Parent Relationship": "Outer", "Join Type": "Inner", "Startup Cost": 627986.2, "Total Cost": 89787046.56, "Plan Rows": 1153515, "Plan Width": 32, "Inner Unique": true, "Plans": [{"Node Type": "Nested Loop", "Parent Relationship": "Outer", "Join Type": "Inner", "Startup Cost": 627985.94, "Total Cost": 84848088.55, "Plan Rows": 1153515, "Plan Width": 36, "Inner Unique": true, "Plans": [{"Node Type": "Nested Loop", "Parent Relationship": "Outer", "Join Type": "Inner", "Startup Cost": 627985.67, "Total Cost": 79896146.0, "Plan Rows": 1153515, "Plan Width": 36, "Inner Unique": true, "Plans": [{"Node Type": "Bitmap Heap Scan", "Parent Relationship": "Outer", "Relation Name": "lineitem", "Alias": "lineitem", "Startup Cost": 627985.41, "Total Cost": 2315105.27, "Plan Rows": 18124991, "Plan Width": 40, "Recheck Cond": "((l_shipdate >= '1995-01-01 00:00:00'::timestamp(0) without time zone) AND (l_shipdate <= '1996-12-31 00:00:00'::timestamp(0) without time zone)), (LLVM Optimized)", "Plans": [{"Node Type": "Bitmap Index Scan", "Parent Relationship": "Outer", "Index Name": "idx_lineitem_shipdate", "Startup Cost": 0.0, "Total Cost": 623454.16, "Plan Rows": 18124991, "Plan Width": 0, "Index Cond": "((l_shipdate >= '1995-01-01 00:00:00'::timestamp(0) without time zone) AND (l_shipdate <= '1996-12-31 00:00:00'::timestamp(0) without time zone))"}]}, {"Node Type": "Bitmap Heap Scan", "Parent Relationship": "Inner", "Relation Name": "supplier", "Alias": "supplier", "Startup Cost": 0.26, "Total Cost": 4.27, "Plan Rows": 1, "Plan Width": 12, "Recheck Cond": "(s_suppkey = lineitem.l_suppkey)", "Plans": [{"Node Type": "Bitmap Index Scan", "Parent Relationship": "Outer", "Index Name": "supplier_pkey", "Startup Cost": 0.0, "Total Cost": 0.26, "Plan Rows": 1, "Plan Width": 0, "Index Cond": "(s_suppkey = lineitem.l_suppkey)"}]}]}, {"Node Type": "Bitmap Heap Scan", "Parent Relationship": "Inner", "Relation Name": "orders", "Alias": "orders", "Startup Cost": 0.27, "Total Cost": 4.28, "Plan Rows": 1, "Plan Width": 16, "Recheck Cond": "(o_orderkey = lineitem.l_orderkey)", "Plans": [{"Node Type": "Bitmap Index Scan", "Parent Relationship": "Outer", "Index Name": "orders_pkey", "Startup Cost": 0.0, "Total Cost": 0.27, "Plan Rows": 1, "Plan Width": 0, "Index Cond": "(o_orderkey = lineitem.l_orderkey)"}]}]}, {"Node Type": "Bitmap Heap Scan", "Parent Relationship": "Inner", "Relation Name": "customer", "Alias": "customer", "Startup Cost": 0.26, "Total Cost": 4.27, "Plan Rows": 1, "Plan Width": 12, "Recheck Cond": "(c_custkey = orders.o_custkey)", "Plans": [{"Node Type": "Bitmap Index Scan", "Parent Relationship": "Outer", "Index Name": "customer_pkey", "Startup Cost": 0.0, "Total Cost": 0.26, "Plan Rows": 1, "Plan Width": 0, "Index Cond": "(c_custkey = orders.o_custkey)"}]}]}, {"Node Type": "Bitmap Heap Scan", "Parent Relationship": "Inner", "Relation Name": "nation", "Alias": "n1", "Startup Cost": 0.26, "Total Cost": 4.27, "Plan Rows": 1, "Plan Width": 30, "Recheck Cond": "(n_nationkey = supplier.s_nationkey)", "Filter": "((n_name = 'JAPAN'::bpchar) OR (n_name = 'INDIA'::bpchar))", "Plans": [{"Node Type": "Bitmap Index Scan", "Parent Relationship": "Outer", "Index Name": "nation_pkey", "Startup Cost": 0.0, "Total Cost": 0.26, "Plan Rows": 1, "Plan Width": 0, "Index Cond": "(n_nationkey = supplier.s_nationkey)"}]}]}, {"Node Type": "Bitmap Heap Scan", "Parent Relationship": "Inner", "Relation Name": "nation", "Alias": "n2", "Startup Cost": 0.26, "Total Cost": 4.27, "Plan Rows": 1, "Plan Width": 30, "Recheck Cond": "(n_nationkey = customer.c_nationkey)", "Filter": "((n_name = 'INDIA'::bpchar) OR (n_name = 'JAPAN'::bpchar))", "Plans": [{"Node Type": "Bitmap Index Scan", "Parent Relationship": "Outer", "Index Name": "nation_pkey", "Startup Cost": 0.0, "Total Cost": 0.26, "Plan Rows": 1, "Plan Width": 0, "Index Cond": "(n_nationkey = customer.c_nationkey)"}]}]}]}]}, "Unique SQL Id": 2208782157, "Planner Runtime": 3}, "explain_analyze_plan": null}, "(64, 20)": {"explain_plan": {"Plan": {"Node Type": "Sort", "Startup Cost": 725181.63, "Total Cost": 725190.85, "Plan Rows": 3688, "Plan Width": 84, "Sort Key": ["n1.n_name", "n2.n_name", "(date_part('year'::text, lineitem.l_shipdate))"], "Plans": [{"Node Type": "Aggregate", "Strategy": "Hashed", "Parent Relationship": "Outer", "Startup Cost": 724917.04, "Total Cost": 724963.14, "Plan Rows": 3688, "Plan Width": 84, "Group By Key": ["n1.n_name", "n2.n_name", "date_part('year'::text, lineitem.l_shipdate)"], "Plans": [{"Node Type": "Merge Join", "Parent Relationship": "Outer", "Join Type": "Inner", "Startup Cost": 714975.42, "Total Cost": 724861.72, "Plan Rows": 3688, "Plan Width": 76, "Inner Unique": false, "Merge Cond": "(supplier.s_suppkey = lineitem.l_suppkey)", "Join Filter": "(n1.n_nationkey = supplier.s_nationkey)", "Plans": [{"Node Type": "Index Scan", "Parent Relationship": "Outer", "Scan Direction": "Forward", "Index Name": "supplier_pkey", "Relation Name": "supplier", "Alias": "supplier", "Startup Cost": 0.0, "Total Cost": 5334.54, "Plan Rows": 100000, "Plan Width": 12}, {"Node Type": "Sort", "Parent Relationship": "Inner", "Startup Cost": 714975.05, "Total Cost": 716827.02, "Plan Rows": 740786, "Plan Width": 88, "Sort Key": ["lineitem.l_suppkey"], "Plans": [{"Node Type": "Nested Loop", "Parent Relationship": "Outer", "Join Type": "Inner", "Startup Cost": 1030.37, "Total Cost": 642753.24, "Plan Rows": 740786, "Plan Width": 88, "Inner Unique": false, "Plans": [{"Node Type": "Nested Loop", "Parent Relationship": "Outer", "Join Type": "Inner", "Startup Cost": 1030.37, "Total Cost": 166015.61, "Plan Rows": 504972, "Plan Width": 64, "Inner Unique": false, "Plans": [{"Node Type": "Nested Loop", "Parent Relationship": "Outer", "Join Type": "Inner", "Startup Cost": 1030.37, "Total Cost": 14893.09, "Plan Rows": 119904, "Plan Width": 64, "Inner Unique": false, "Plans": [{"Node Type": "Nested Loop", "Parent Relationship": "Outer", "Join Type": "Inner", "Startup Cost": 0.0, "Total Cost": 28.12, "Plan Rows": 2, "Plan Width": 60, "Inner Unique": false, "Join Filter": "(((n1.n_name = 'JAPAN'::bpchar) AND (n2.n_name = 'INDIA'::bpchar)) OR ((n1.n_name = 'INDIA'::bpchar) AND (n2.n_name = 'JAPAN'::bpchar)))", "Plans": [{"Node Type": "Index Scan", "Parent Relationship": "Outer", "Scan Direction": "Forward", "Index Name": "nation_pkey", "Relation Name": "nation", "Alias": "n1", "Startup Cost": 0.0, "Total Cost": 12.75, "Plan Rows": 25, "Plan Width": 30, "Filter": "((n_name = 'JAPAN'::bpchar) OR (n_name = 'INDIA'::bpchar))"}, {"Node Type": "Materialize", "Parent Relationship": "Inner", "Startup Cost": 0.0, "Total Cost": 1.38, "Plan Rows": 25, "Plan Width": 30, "Plans": [{"Node Type": "Seq Scan", "Parent Relationship": "Outer", "Relation Name": "nation", "Alias": "n2", "Startup Cost": 0.0, "Total Cost": 1.25, "Plan Rows": 25, "Plan Width": 30, "Filter": "((n_name = 'INDIA'::bpchar) OR (n_name = 'JAPAN'::bpchar))"}]}]}, {"Node Type": "Bitmap Heap Scan", "Parent Relationship": "Inner", "Relation Name": "customer", "Alias": "customer", "Startup Cost": 1030.37, "Total Cost": 6832.48, "Plan Rows": 60000, "Plan Width": 12, "Recheck Cond": "(c_nationkey = n2.n_nationkey)", "Plans": [{"Node Type": "Bitmap Index Scan", "Parent Relationship": "Outer", "Index Name": "idx_customer_nationkey", "Startup Cost": 0.0, "Total Cost": 1015.37, "Plan Rows": 60000, "Plan Width": 0, "Index Cond": "(c_nationkey = n2.n_nationkey)"}]}]}, {"Node Type": "Index Scan", "Parent Relationship": "Inner", "Scan Direction": "Forward", "Index Name": "idx_orders_custkey", "Relation Name": "orders", "Alias": "orders", "Startup Cost": 0.0, "Total Cost": 1.22, "Plan Rows": 4, "Plan Width": 16, "Index Cond": "(o_custkey = customer.c_custkey)"}]}, {"Node Type": "Index Scan", "Parent Relationship": "Inner", "Scan Direction": "Forward", "Index Name": "idx_lineitem_orderkey", "Relation Name": "lineitem", "Alias": "lineitem", "Startup Cost": 0.0, "Total Cost": 0.91, "Plan Rows": 3, "Plan Width": 40, "Index Cond": "(l_orderkey = orders.o_orderkey)", "Filter": "((l_shipdate >= '1995-01-01 00:00:00'::timestamp(0) without time zone) AND (l_shipdate <= '1996-12-31 00:00:00'::timestamp(0) without time zone))"}]}]}]}]}]}, "Unique SQL Id": 2208782157, "Planner Runtime": 5}, "explain_analyze_plan": {"Plan": {"Node Type": "Sort", "Startup Cost": 725181.63, "Total Cost": 725190.85, "Plan Rows": 3688, "Plan Width": 84, "Actual Startup Time": 21529.951, "Actual Total Time": 21529.952, "Actual Rows": 4, "Actual Loops": 1, "Sort Key": ["n1.n_name", "n2.n_name", "(date_part('year'::text, lineitem.l_shipdate))"], "Sort Method": "quicksort", "Sort Space Used": 25, "Sort Space Type": "Memory", "Plans": [{"Node Type": "Aggregate", "Strategy": "Hashed", "Parent Relationship": "Outer", "Startup Cost": 724917.04, "Total Cost": 724963.14, "Plan Rows": 3688, "Plan Width": 84, "Actual Startup Time": 21529.911, "Actual Total Time": 21529.917, "Actual Rows": 4, "Actual Loops": 1, "Group By Key": ["n1.n_name", "n2.n_name", "date_part('year'::text, lineitem.l_shipdate)"], "Plans": [{"Node Type": "Merge Join", "Parent Relationship": "Outer", "Join Type": "Inner", "Startup Cost": 714975.42, "Total Cost": 724861.72, "Plan Rows": 3688, "Plan Width": 76, "Actual Startup Time": 20440.403, "Actual Total Time": 21469.46, "Actual Rows": 58554, "Actual Loops": 1, "Inner Unique": false, "Merge Cond": "(supplier.s_suppkey = lineitem.l_suppkey)", "Join Filter": "(n1.n_nationkey = supplier.s_nationkey)", "Rows Removed by Join Filter": 0, "Plans": [{"Node Type": "Index Scan", "Parent Relationship": "Outer", "Scan Direction": "Forward", "Index Name": "supplier_pkey", "Relation Name": "supplier", "Alias": "supplier", "Startup Cost": 0.0, "Total Cost": 5334.54, "Plan Rows": 100000, "Plan Width": 12, "Actual Startup Time": 0.023, "Actual Total Time": 65.815, "Actual Rows": 100000, "Actual Loops": 1}, {"Node Type": "Sort", "Parent Relationship": "Inner", "Startup Cost": 714975.05, "Total Cost": 716827.02, "Plan Rows": 740786, "Plan Width": 88, "Actual Startup Time": 20439.087, "Actual Total Time": 20845.435, "Actual Rows": 1459150, "Actual Loops": 1, "Sort Key": ["lineitem.l_suppkey"], "Sort Method": "quicksort", "Sort Space Used": 277145, "Sort Space Type": "Memory", "Plans": [{"Node Type": "Nested Loop", "Parent Relationship": "Outer", "Join Type": "Inner", "Startup Cost": 1030.37, "Total Cost": 642753.24, "Plan Rows": 740786, "Plan Width": 88, "Actual Startup Time": 18.034, "Actual Total Time": 19719.002, "Actual Rows": 1459150, "Actual Loops": 1, "Inner Unique": false, "Plans": [{"Node Type": "Nested Loop", "Parent Relationship": "Outer", "Join Type": "Inner", "Startup Cost": 1030.37, "Total Cost": 166015.61, "Plan Rows": 504972, "Plan Width": 64, "Actual Startup Time": 17.946, "Actual Total Time": 4281.636, "Actual Rows": 1200363, "Actual Loops": 1, "Inner Unique": false, "Plans": [{"Node Type": "Nested Loop", "Parent Relationship": "Outer", "Join Type": "Inner", "Startup Cost": 1030.37, "Total Cost": 14893.09, "Plan Rows": 119904, "Plan Width": 64, "Actual Startup Time": 17.918, "Actual Total Time": 293.782, "Actual Rows": 119972, "Actual Loops": 1, "Inner Unique": false, "Plans": [{"Node Type": "Nested Loop", "Parent Relationship": "Outer", "Join Type": "Inner", "Startup Cost": 0.0, "Total Cost": 28.12, "Plan Rows": 2, "Plan Width": 60, "Actual Startup Time": 0.054, "Actual Total Time": 0.138, "Actual Rows": 2, "Actual Loops": 1, "Inner Unique": false, "Join Filter": "(((n1.n_name = 'JAPAN'::bpchar) AND (n2.n_name = 'INDIA'::bpchar)) OR ((n1.n_name = 'INDIA'::bpchar) AND (n2.n_name = 'JAPAN'::bpchar)))", "Rows Removed by Join Filter": 2, "Plans": [{"Node Type": "Index Scan", "Parent Relationship": "Outer", "Scan Direction": "Forward", "Index Name": "nation_pkey", "Relation Name": "nation", "Alias": "n1", "Startup Cost": 0.0, "Total Cost": 12.75, "Plan Rows": 25, "Plan Width": 30, "Actual Startup Time": 0.017, "Actual Total Time": 0.044, "Actual Rows": 2, "Actual Loops": 1, "Filter": "((n_name = 'JAPAN'::bpchar) OR (n_name = 'INDIA'::bpchar))", "Rows Removed by Filter": 23}, {"Node Type": "Materialize", "Parent Relationship": "Inner", "Startup Cost": 0.0, "Total Cost": 1.38, "Plan Rows": 25, "Plan Width": 30, "Actual Startup Time": 0.03, "Actual Total Time": 0.054, "Actual Rows": 4, "Actual Loops": 2, "Plans": [{"Node Type": "Seq Scan", "Parent Relationship": "Outer", "Relation Name": "nation", "Alias": "n2", "Startup Cost": 0.0, "Total Cost": 1.25, "Plan Rows": 25, "Plan Width": 30, "Actual Startup Time": 0.022, "Actual Total Time": 0.04, "Actual Rows": 2, "Actual Loops": 1, "Filter": "((n_name = 'INDIA'::bpchar) OR (n_name = 'JAPAN'::bpchar))", "Rows Removed by Filter": 23}]}]}, {"Node Type": "Bitmap Heap Scan", "Parent Relationship": "Inner", "Relation Name": "customer", "Alias": "customer", "Startup Cost": 1030.37, "Total Cost": 6832.48, "Plan Rows": 60000, "Plan Width": 12, "Actual Startup Time": 35.81, "Actual Total Time": 264.556, "Actual Rows": 119972, "Actual Loops": 2, "Recheck Cond": "(c_nationkey = n2.n_nationkey)", "Rows Removed by Index Recheck": 0, "Exact Heap Blocks": 59938, "Lossy Heap Blocks": 59938, "Plans": [{"Node Type": "Bitmap Index Scan", "Parent Relationship": "Outer", "Index Name": "idx_customer_nationkey", "Startup Cost": 0.0, "Total Cost": 1015.37, "Plan Rows": 60000, "Plan Width": 0, "Actual Startup Time": 22.624, "Actual Total Time": 22.624, "Actual Rows": 119972, "Actual Loops": 2, "Index Cond": "(c_nationkey = n2.n_nationkey)"}]}]}, {"Node Type": "Index Scan", "Parent Relationship": "Inner", "Scan Direction": "Forward", "Index Name": "idx_orders_custkey", "Relation Name": "orders", "Alias": "orders", "Startup Cost": 0.0, "Total Cost": 1.22, "Plan Rows": 4, "Plan Width": 16, "Actual Startup Time": 789.213, "Actual Total Time": 3636.336, "Actual Rows": 1200363, "Actual Loops": 119972, "Index Cond": "(o_custkey = customer.c_custkey)", "Rows Removed by Index Recheck": 0}]}, {"Node Type": "Index Scan", "Parent Relationship": "Inner", "Scan Direction": "Forward", "Index Name": "idx_lineitem_orderkey", "Relation Name": "lineitem", "Alias": "lineitem", "Startup Cost": 0.0, "Total Cost": 0.91, "Plan Rows": 3, "Plan Width": 40, "Actual Startup Time": 13308.045, "Actual Total Time": 14466.896, "Actual Rows": 1459150, "Actual Loops": 1200363, "Index Cond": "(l_orderkey = orders.o_orderkey)", "Rows Removed by Index Recheck": 0, "Filter": "((l_shipdate >= '1995-01-01 00:00:00'::timestamp(0) without time zone) AND (l_shipdate <= '1996-12-31 00:00:00'::timestamp(0) without time zone))", "Rows Removed by Filter": 3342563}]}]}]}]}]}, "Triggers": [], "Planner Runtime": 4, "Total Runtime": 21530.248, "Unique SQL Id": 2208782157}}, "(64, 21)": {"explain_plan": {"Plan": {"Node Type": "Sort", "Startup Cost": 725193.13, "Total Cost": 725202.35, "Plan Rows": 3688, "Plan Width": 84, "Sort Key": ["n1.n_name", "n2.n_name", "(date_part('year'::text, lineitem.l_shipdate))"], "Plans": [{"Node Type": "Aggregate", "Strategy": "Hashed", "Parent Relationship": "Outer", "Startup Cost": 724928.54, "Total Cost": 724974.64, "Plan Rows": 3688, "Plan Width": 84, "Group By Key": ["n1.n_name", "n2.n_name", "date_part('year'::text, lineitem.l_shipdate)"], "Plans": [{"Node Type": "Merge Join", "Parent Relationship": "Outer", "Join Type": "Inner", "Startup Cost": 714986.92, "Total Cost": 724873.22, "Plan Rows": 3688, "Plan Width": 76, "Inner Unique": false, "Merge Cond": "(supplier.s_suppkey = lineitem.l_suppkey)", "Join Filter": "(n1.n_nationkey = supplier.s_nationkey)", "Plans": [{"Node Type": "Index Scan", "Parent Relationship": "Outer", "Scan Direction": "Forward", "Index Name": "supplier_pkey", "Relation Name": "supplier", "Alias": "supplier", "Startup Cost": 0.0, "Total Cost": 5334.54, "Plan Rows": 100000, "Plan Width": 12}, {"Node Type": "Sort", "Parent Relationship": "Inner", "Startup Cost": 714986.55, "Total Cost": 716838.52, "Plan Rows": 740786, "Plan Width": 88, "Sort Key": ["lineitem.l_suppkey"], "Plans": [{"Node Type": "Nested Loop", "Parent Relationship": "Outer", "Join Type": "Inner", "Startup Cost": 1030.37, "Total Cost": 642764.74, "Plan Rows": 740786, "Plan Width": 88, "Inner Unique": false, "Plans": [{"Node Type": "Nested Loop", "Parent Relationship": "Outer", "Join Type": "Inner", "Startup Cost": 1030.37, "Total Cost": 166027.11, "Plan Rows": 504972, "Plan Width": 64, "Inner Unique": false, "Plans": [{"Node Type": "Nested Loop", "Parent Relationship": "Outer", "Join Type": "Inner", "Startup Cost": 1030.37, "Total Cost": 14904.59, "Plan Rows": 119904, "Plan Width": 64, "Inner Unique": false, "Plans": [{"Node Type": "Nested Loop", "Parent Relationship": "Outer", "Join Type": "Inner", "Startup Cost": 0.0, "Total Cost": 39.62, "Plan Rows": 2, "Plan Width": 60, "Inner Unique": false, "Join Filter": "(((n1.n_name = 'JAPAN'::bpchar) AND (n2.n_name = 'INDIA'::bpchar)) OR ((n1.n_name = 'INDIA'::bpchar) AND (n2.n_name = 'JAPAN'::bpchar)))", "Plans": [{"Node Type": "Index Scan", "Parent Relationship": "Outer", "Scan Direction": "Forward", "Index Name": "nation_pkey", "Relation Name": "nation", "Alias": "n1", "Startup Cost": 0.0, "Total Cost": 12.75, "Plan Rows": 25, "Plan Width": 30, "Filter": "((n_name = 'JAPAN'::bpchar) OR (n_name = 'INDIA'::bpchar))"}, {"Node Type": "Materialize", "Parent Relationship": "Inner", "Startup Cost": 0.0, "Total Cost": 12.88, "Plan Rows": 25, "Plan Width": 30, "Plans": [{"Node Type": "Index Scan", "Parent Relationship": "Outer", "Scan Direction": "Forward", "Index Name": "nation_pkey", "Relation Name": "nation", "Alias": "n2", "Startup Cost": 0.0, "Total Cost": 12.75, "Plan Rows": 25, "Plan Width": 30, "Filter": "((n_name = 'INDIA'::bpchar) OR (n_name = 'JAPAN'::bpchar))"}]}]}, {"Node Type": "Bitmap Heap Scan", "Parent Relationship": "Inner", "Relation Name": "customer", "Alias": "customer", "Startup Cost": 1030.37, "Total Cost": 6832.48, "Plan Rows": 60000, "Plan Width": 12, "Recheck Cond": "(c_nationkey = n2.n_nationkey)", "Plans": [{"Node Type": "Bitmap Index Scan", "Parent Relationship": "Outer", "Index Name": "idx_customer_nationkey", "Startup Cost": 0.0, "Total Cost": 1015.37, "Plan Rows": 60000, "Plan Width": 0, "Index Cond": "(c_nationkey = n2.n_nationkey)"}]}]}, {"Node Type": "Index Scan", "Parent Relationship": "Inner", "Scan Direction": "Forward", "Index Name": "idx_orders_custkey", "Relation Name": "orders", "Alias": "orders", "Startup Cost": 0.0, "Total Cost": 1.22, "Plan Rows": 4, "Plan Width": 16, "Index Cond": "(o_custkey = customer.c_custkey)"}]}, {"Node Type": "Index Scan", "Parent Relationship": "Inner", "Scan Direction": "Forward", "Index Name": "idx_lineitem_orderkey", "Relation Name": "lineitem", "Alias": "lineitem", "Startup Cost": 0.0, "Total Cost": 0.91, "Plan Rows": 3, "Plan Width": 40, "Index Cond": "(l_orderkey = orders.o_orderkey)", "Filter": "((l_shipdate >= '1995-01-01 00:00:00'::timestamp(0) without time zone) AND (l_shipdate <= '1996-12-31 00:00:00'::timestamp(0) without time zone))"}]}]}]}]}]}, "Unique SQL Id": 2208782157, "Planner Runtime": 4}, "explain_analyze_plan": {"Plan": {"Node Type": "Sort", "Startup Cost": 725193.13, "Total Cost": 725202.35, "Plan Rows": 3688, "Plan Width": 84, "Actual Startup Time": 21777.941, "Actual Total Time": 21777.942, "Actual Rows": 4, "Actual Loops": 1, "Sort Key": ["n1.n_name", "n2.n_name", "(date_part('year'::text, lineitem.l_shipdate))"], "Sort Method": "quicksort", "Sort Space Used": 25, "Sort Space Type": "Memory", "Plans": [{"Node Type": "Aggregate", "Strategy": "Hashed", "Parent Relationship": "Outer", "Startup Cost": 724928.54, "Total Cost": 724974.64, "Plan Rows": 3688, "Plan Width": 84, "Actual Startup Time": 21777.908, "Actual Total Time": 21777.912, "Actual Rows": 4, "Actual Loops": 1, "Group By Key": ["n1.n_name", "n2.n_name", "date_part('year'::text, lineitem.l_shipdate)"], "Plans": [{"Node Type": "Merge Join", "Parent Relationship": "Outer", "Join Type": "Inner", "Startup Cost": 714986.92, "Total Cost": 724873.22, "Plan Rows": 3688, "Plan Width": 76, "Actual Startup Time": 20784.793, "Actual Total Time": 21718.105, "Actual Rows": 58554, "Actual Loops": 1, "Inner Unique": false, "Merge Cond": "(supplier.s_suppkey = lineitem.l_suppkey)", "Join Filter": "(n1.n_nationkey = supplier.s_nationkey)", "Rows Removed by Join Filter": 0, "Plans": [{"Node Type": "Index Scan", "Parent Relationship": "Outer", "Scan Direction": "Forward", "Index Name": "supplier_pkey", "Relation Name": "supplier", "Alias": "supplier", "Startup Cost": 0.0, "Total Cost": 5334.54, "Plan Rows": 100000, "Plan Width": 12, "Actual Startup Time": 0.022, "Actual Total Time": 73.211, "Actual Rows": 100000, "Actual Loops": 1}, {"Node Type": "Sort", "Parent Relationship": "Inner", "Startup Cost": 714986.55, "Total Cost": 716838.52, "Plan Rows": 740786, "Plan Width": 88, "Actual Startup Time": 20784.221, "Actual Total Time": 21101.364, "Actual Rows": 1459150, "Actual Loops": 1, "Sort Key": ["lineitem.l_suppkey"], "Sort Method": "quicksort", "Sort Space Used": 277145, "Sort Space Type": "Memory", "Plans": [{"Node Type": "Nested Loop", "Parent Relationship": "Outer", "Join Type": "Inner", "Startup Cost": 1030.37, "Total Cost": 642764.74, "Plan Rows": 740786, "Plan Width": 88, "Actual Startup Time": 18.018, "Actual Total Time": 20058.965, "Actual Rows": 1459150, "Actual Loops": 1, "Inner Unique": false, "Plans": [{"Node Type": "Nested Loop", "Parent Relationship": "Outer", "Join Type": "Inner", "Startup Cost": 1030.37, "Total Cost": 166027.11, "Plan Rows": 504972, "Plan Width": 64, "Actual Startup Time": 17.926, "Actual Total Time": 4463.317, "Actual Rows": 1200363, "Actual Loops": 1, "Inner Unique": false, "Plans": [{"Node Type": "Nested Loop", "Parent Relationship": "Outer", "Join Type": "Inner", "Startup Cost": 1030.37, "Total Cost": 14904.59, "Plan Rows": 119904, "Plan Width": 64, "Actual Startup Time": 17.896, "Actual Total Time": 303.538, "Actual Rows": 119972, "Actual Loops": 1, "Inner Unique": false, "Plans": [{"Node Type": "Nested Loop", "Parent Relationship": "Outer", "Join Type": "Inner", "Startup Cost": 0.0, "Total Cost": 39.62, "Plan Rows": 2, "Plan Width": 60, "Actual Startup Time": 0.038, "Actual Total Time": 0.197, "Actual Rows": 2, "Actual Loops": 1, "Inner Unique": false, "Join Filter": "(((n1.n_name = 'JAPAN'::bpchar) AND (n2.n_name = 'INDIA'::bpchar)) OR ((n1.n_name = 'INDIA'::bpchar) AND (n2.n_name = 'JAPAN'::bpchar)))", "Rows Removed by Join Filter": 2, "Plans": [{"Node Type": "Index Scan", "Parent Relationship": "Outer", "Scan Direction": "Forward", "Index Name": "nation_pkey", "Relation Name": "nation", "Alias": "n1", "Startup Cost": 0.0, "Total Cost": 12.75, "Plan Rows": 25, "Plan Width": 30, "Actual Startup Time": 0.015, "Actual Total Time": 0.04, "Actual Rows": 2, "Actual Loops": 1, "Filter": "((n_name = 'JAPAN'::bpchar) OR (n_name = 'INDIA'::bpchar))", "Rows Removed by Filter": 23}, {"Node Type": "Materialize", "Parent Relationship": "Inner", "Startup Cost": 0.0, "Total Cost": 12.88, "Plan Rows": 25, "Plan Width": 30, "Actual Startup Time": 0.015, "Actual Total Time": 0.103, "Actual Rows": 4, "Actual Loops": 2, "Plans": [{"Node Type": "Index Scan", "Parent Relationship": "Outer", "Scan Direction": "Forward", "Index Name": "nation_pkey", "Relation Name": "nation", "Alias": "n2", "Startup Cost": 0.0, "Total Cost": 12.75, "Plan Rows": 25, "Plan Width": 30, "Actual Startup Time": 0.011, "Actual Total Time": 0.048, "Actual Rows": 2, "Actual Loops": 1, "Filter": "((n_name = 'INDIA'::bpchar) OR (n_name = 'JAPAN'::bpchar))", "Rows Removed by Filter": 23}]}]}, {"Node Type": "Bitmap Heap Scan", "Parent Relationship": "Inner", "Relation Name": "customer", "Alias": "customer", "Startup Cost": 1030.37, "Total Cost": 6832.48, "Plan Rows": 60000, "Plan Width": 12, "Actual Startup Time": 36.008, "Actual Total Time": 273.837, "Actual Rows": 119972, "Actual Loops": 2, "Recheck Cond": "(c_nationkey = n2.n_nationkey)", "Rows Removed by Index Recheck": 0, "Exact Heap Blocks": 59938, "Lossy Heap Blocks": 59938, "Plans": [{"Node Type": "Bitmap Index Scan", "Parent Relationship": "Outer", "Index Name": "idx_customer_nationkey", "Startup Cost": 0.0, "Total Cost": 1015.37, "Plan Rows": 60000, "Plan Width": 0, "Actual Startup Time": 22.804, "Actual Total Time": 22.804, "Actual Rows": 119972, "Actual Loops": 2, "Index Cond": "(c_nationkey = n2.n_nationkey)"}]}]}, {"Node Type": "Index Scan", "Parent Relationship": "Inner", "Scan Direction": "Forward", "Index Name": "idx_orders_custkey", "Relation Name": "orders", "Alias": "orders", "Startup Cost": 0.0, "Total Cost": 1.22, "Plan Rows": 4, "Plan Width": 16, "Actual Startup Time": 820.319, "Actual Total Time": 3813.353, "Actual Rows": 1200363, "Actual Loops": 119972, "Index Cond": "(o_custkey = customer.c_custkey)", "Rows Removed by Index Recheck": 0}]}, {"Node Type": "Index Scan", "Parent Relationship": "Inner", "Scan Direction": "Forward", "Index Name": "idx_lineitem_orderkey", "Relation Name": "lineitem", "Alias": "lineitem", "Startup Cost": 0.0, "Total Cost": 0.91, "Plan Rows": 3, "Plan Width": 40, "Actual Startup Time": 13488.617, "Actual Total Time": 14621.41, "Actual Rows": 1459150, "Actual Loops": 1200363, "Index Cond": "(l_orderkey = orders.o_orderkey)", "Rows Removed by Index Recheck": 0, "Filter": "((l_shipdate >= '1995-01-01 00:00:00'::timestamp(0) without time zone) AND (l_shipdate <= '1996-12-31 00:00:00'::timestamp(0) without time zone))", "Rows Removed by Filter": 3342563}]}]}]}]}]}, "Triggers": [], "Planner Runtime": 4, "Total Runtime": 21778.241, "Unique SQL Id": 2208782157}}, "(64, 22)": {"explain_plan": {"Plan": {"Node Type": "Sort", "Startup Cost": 2954241.64, "Total Cost": 2954250.86, "Plan Rows": 3688, "Plan Width": 84, "Sort Key": ["n1.n_name", "n2.n_name", "(date_part('year'::text, lineitem.l_shipdate))"], "Plans": [{"Node Type": "Aggregate", "Strategy": "Hashed", "Parent Relationship": "Outer", "Startup Cost": 2953977.05, "Total Cost": 2954023.15, "Plan Rows": 3688, "Plan Width": 84, "Group By Key": ["n1.n_name", "n2.n_name", "date_part('year'::text, lineitem.l_shipdate)"], "Plans": [{"Node Type": "Merge Join", "Parent Relationship": "Outer", "Join Type": "Inner", "Startup Cost": 2947588.86, "Total Cost": 2953921.73, "Plan Rows": 3688, "Plan Width": 76, "Inner Unique": true, "Merge Cond": "((lineitem.l_suppkey = supplier.s_suppkey) AND (n1.n_nationkey = supplier.s_nationkey))", "Plans": [{"Node Type": "Sort", "Parent Relationship": "Outer", "Startup Cost": 2936000.49, "Total Cost": 2937852.45, "Plan Rows": 740786, "Plan Width": 88, "Sort Key": ["lineitem.l_suppkey", "n1.n_nationkey"], "Plans": [{"Node Type": "Nested Loop", "Parent Relationship": "Outer", "Join Type": "Inner", "Startup Cost": 1031.18, "Total Cost": 2863778.68, "Plan Rows": 740786, "Plan Width": 88, "Inner Unique": false, "Plans": [{"Node Type": "Nested Loop", "Parent Relationship": "Outer", "Join Type": "Inner", "Startup Cost": 1030.8, "Total Cost": 557356.7, "Plan Rows": 504972, "Plan Width": 64, "Inner Unique": false, "Plans": [{"Node Type": "Nested Loop", "Parent Relationship": "Outer", "Join Type": "Inner", "Startup Cost": 1030.37, "Total Cost": 14881.59, "Plan Rows": 119904, "Plan Width": 64, "Inner Unique": false, "Plans": [{"Node Type": "Nested Loop", "Parent Relationship": "Outer", "Join Type": "Inner", "Startup Cost": 0.0, "Total Cost": 16.62, "Plan Rows": 2, "Plan Width": 60, "Inner Unique": false, "Join Filter": "(((n1.n_name = 'JAPAN'::bpchar) AND (n2.n_name = 'INDIA'::bpchar)) OR ((n1.n_name = 'INDIA'::bpchar) AND (n2.n_name = 'JAPAN'::bpchar)))", "Plans": [{"Node Type": "Seq Scan", "Parent Relationship": "Outer", "Relation Name": "nation", "Alias": "n1", "Startup Cost": 0.0, "Total Cost": 1.25, "Plan Rows": 25, "Plan Width": 30, "Filter": "((n_name = 'JAPAN'::bpchar) OR (n_name = 'INDIA'::bpchar))"}, {"Node Type": "Materialize", "Parent Relationship": "Inner", "Startup Cost": 0.0, "Total Cost": 1.38, "Plan Rows": 25, "Plan Width": 30, "Plans": [{"Node Type": "Seq Scan", "Parent Relationship": "Outer", "Relation Name": "nation", "Alias": "n2", "Startup Cost": 0.0, "Total Cost": 1.25, "Plan Rows": 25, "Plan Width": 30, "Filter": "((n_name = 'INDIA'::bpchar) OR (n_name = 'JAPAN'::bpchar))"}]}]}, {"Node Type": "Bitmap Heap Scan", "Parent Relationship": "Inner", "Relation Name": "customer", "Alias": "customer", "Startup Cost": 1030.37, "Total Cost": 6832.48, "Plan Rows": 60000, "Plan Width": 12, "Recheck Cond": "(c_nationkey = n2.n_nationkey)", "Plans": [{"Node Type": "Bitmap Index Scan", "Parent Relationship": "Outer", "Index Name": "idx_customer_nationkey", "Startup Cost": 0.0, "Total Cost": 1015.37, "Plan Rows": 60000, "Plan Width": 0, "Index Cond": "(c_nationkey = n2.n_nationkey)"}]}]}, {"Node Type": "Bitmap Heap Scan", "Parent Relationship": "Inner", "Relation Name": "orders", "Alias": "orders", "Startup Cost": 0.43, "Total Cost": 4.48, "Plan Rows": 4, "Plan Width": 16, "Recheck Cond": "(o_custkey = customer.c_custkey)", "Plans": [{"Node Type": "Bitmap Index Scan", "Parent Relationship": "Outer", "Index Name": "idx_orders_custkey", "Startup Cost": 0.0, "Total Cost": 0.43, "Plan Rows": 4, "Plan Width": 0, "Index Cond": "(o_custkey = customer.c_custkey)"}]}]}, {"Node Type": "Bitmap Heap Scan", "Parent Relationship": "Inner", "Relation Name": "lineitem", "Alias": "lineitem", "Startup Cost": 0.38, "Total Cost": 4.54, "Plan Rows": 3, "Plan Width": 40, "Recheck Cond": "(l_orderkey = orders.o_orderkey)", "Filter": "((l_shipdate >= '1995-01-01 00:00:00'::timestamp(0) without time zone) AND (l_shipdate <= '1996-12-31 00:00:00'::timestamp(0) without time zone))", "Plans": [{"Node Type": "Bitmap Index Scan", "Parent Relationship": "Outer", "Index Name": "idx_lineitem_orderkey", "Startup Cost": 0.0, "Total Cost": 0.38, "Plan Rows": 9, "Plan Width": 0, "Index Cond": "(l_orderkey = orders.o_orderkey)"}]}]}]}, {"Node Type": "Sort", "Parent Relationship": "Inner", "Startup Cost": 11587.82, "Total Cost": 11837.82, "Plan Rows": 100000, "Plan Width": 12, "Sort Key": ["supplier.s_suppkey", "supplier.s_nationkey"], "Plans": [{"Node Type": "Seq Scan", "Parent Relationship": "Outer", "Relation Name": "supplier", "Alias": "supplier", "Startup Cost": 0.0, "Total Cost": 3283.0, "Plan Rows": 100000, "Plan Width": 12}]}]}]}]}, "Unique SQL Id": 2208782157, "Planner Runtime": 4}, "explain_analyze_plan": {"Plan": {"Node Type": "Sort", "Startup Cost": 2954241.64, "Total Cost": 2954250.86, "Plan Rows": 3688, "Plan Width": 84, "Actual Startup Time": 24444.903, "Actual Total Time": 24444.903, "Actual Rows": 4, "Actual Loops": 1, "Sort Key": ["n1.n_name", "n2.n_name", "(date_part('year'::text, lineitem.l_shipdate))"], "Sort Method": "quicksort", "Sort Space Used": 25, "Sort Space Type": "Memory", "Plans": [{"Node Type": "Aggregate", "Strategy": "Hashed", "Parent Relationship": "Outer", "Startup Cost": 2953977.05, "Total Cost": 2954023.15, "Plan Rows": 3688, "Plan Width": 84, "Actual Startup Time": 24444.864, "Actual Total Time": 24444.869, "Actual Rows": 4, "Actual Loops": 1, "Group By Key": ["n1.n_name", "n2.n_name", "date_part('year'::text, lineitem.l_shipdate)"], "Plans": [{"Node Type": "Merge Join", "Parent Relationship": "Outer", "Join Type": "Inner", "Startup Cost": 2947588.86, "Total Cost": 2953921.73, "Plan Rows": 3688, "Plan Width": 76, "Actual Startup Time": 23602.195, "Actual Total Time": 24386.364, "Actual Rows": 58554, "Actual Loops": 1, "Inner Unique": true, "Merge Cond": "((lineitem.l_suppkey = supplier.s_suppkey) AND (n1.n_nationkey = supplier.s_nationkey))", "Plans": [{"Node Type": "Sort", "Parent Relationship": "Outer", "Startup Cost": 2936000.49, "Total Cost": 2937852.45, "Plan Rows": 740786, "Plan Width": 88, "Actual Startup Time": 23526.682, "Actual Total Time": 23918.064, "Actual Rows": 1459145, "Actual Loops": 1, "Sort Key": ["lineitem.l_suppkey", "n1.n_nationkey"], "Sort Method": "quicksort", "Sort Space Used": 277145, "Sort Space Type": "Memory", "Plans": [{"Node Type": "Nested Loop", "Parent Relationship": "Outer", "Join Type": "Inner", "Startup Cost": 1031.18, "Total Cost": 2863778.68, "Plan Rows": 740786, "Plan Width": 88, "Actual Startup Time": 18.048, "Actual Total Time": 22227.174, "Actual Rows": 1459150, "Actual Loops": 1, "Inner Unique": false, "Plans": [{"Node Type": "Nested Loop", "Parent Relationship": "Outer", "Join Type": "Inner", "Startup Cost": 1030.8, "Total Cost": 557356.7, "Plan Rows": 504972, "Plan Width": 64, "Actual Startup Time": 17.953, "Actual Total Time": 5015.502, "Actual Rows": 1200363, "Actual Loops": 1, "Inner Unique": false, "Plans": [{"Node Type": "Nested Loop", "Parent Relationship": "Outer", "Join Type": "Inner", "Startup Cost": 1030.37, "Total Cost": 14881.59, "Plan Rows": 119904, "Plan Width": 64, "Actual Startup Time": 17.906, "Actual Total Time": 283.983, "Actual Rows": 119972, "Actual Loops": 1, "Inner Unique": false, "Plans": [{"Node Type": "Nested Loop", "Parent Relationship": "Outer", "Join Type": "Inner", "Startup Cost": 0.0, "Total Cost": 16.62, "Plan Rows": 2, "Plan Width": 60, "Actual Startup Time": 0.049, "Actual Total Time": 0.199, "Actual Rows": 2, "Actual Loops": 1, "Inner Unique": false, "Join Filter": "(((n1.n_name = 'JAPAN'::bpchar) AND (n2.n_name = 'INDIA'::bpchar)) OR ((n1.n_name = 'INDIA'::bpchar) AND (n2.n_name = 'JAPAN'::bpchar)))", "Rows Removed by Join Filter": 2, "Plans": [{"Node Type": "Seq Scan", "Parent Relationship": "Outer", "Relation Name": "nation", "Alias": "n1", "Startup Cost": 0.0, "Total Cost": 1.25, "Plan Rows": 25, "Plan Width": 30, "Actual Startup Time": 0.022, "Actual Total Time": 0.041, "Actual Rows": 2, "Actual Loops": 1, "Filter": "((n_name = 'JAPAN'::bpchar) OR (n_name = 'INDIA'::bpchar))", "Rows Removed by Filter": 23}, {"Node Type": "Materialize", "Parent Relationship": "Inner", "Startup Cost": 0.0, "Total Cost": 1.38, "Plan Rows": 25, "Plan Width": 30, "Actual Startup Time": 0.019, "Actual Total Time": 0.106, "Actual Rows": 4, "Actual Loops": 2, "Plans": [{"Node Type": "Seq Scan", "Parent Relationship": "Outer", "Relation Name": "nation", "Alias": "n2", "Startup Cost": 0.0, "Total Cost": 1.25, "Plan Rows": 25, "Plan Width": 30, "Actual Startup Time": 0.012, "Actual Total Time": 0.027, "Actual Rows": 2, "Actual Loops": 1, "Filter": "((n_name = 'INDIA'::bpchar) OR (n_name = 'JAPAN'::bpchar))", "Rows Removed by Filter": 23}]}]}, {"Node Type": "Bitmap Heap Scan", "Parent Relationship": "Inner", "Relation Name": "customer", "Alias": "customer", "Startup Cost": 1030.37, "Total Cost": 6832.48, "Plan Rows": 60000, "Plan Width": 12, "Actual Startup Time": 35.808, "Actual Total Time": 251.497, "Actual Rows": 119972, "Actual Loops": 2, "Recheck Cond": "(c_nationkey = n2.n_nationkey)", "Rows Removed by Index Recheck": 0, "Exact Heap Blocks": 59938, "Lossy Heap Blocks": 59938, "Plans": [{"Node Type": "Bitmap Index Scan", "Parent Relationship": "Outer", "Index Name": "idx_customer_nationkey", "Startup Cost": 0.0, "Total Cost": 1015.37, "Plan Rows": 60000, "Plan Width": 0, "Actual Startup Time": 22.633, "Actual Total Time": 22.633, "Actual Rows": 119972, "Actual Loops": 2, "Index Cond": "(c_nationkey = n2.n_nationkey)"}]}]}, {"Node Type": "Bitmap Heap Scan", "Parent Relationship": "Inner", "Relation Name": "orders", "Alias": "orders", "Startup Cost": 0.43, "Total Cost": 4.48, "Plan Rows": 4, "Plan Width": 16, "Actual Startup Time": 1169.859, "Actual Total Time": 4305.21, "Actual Rows": 1200363, "Actual Loops": 119972, "Recheck Cond": "(o_custkey = customer.c_custkey)", "Rows Removed by Index Recheck": 0, "Exact Heap Blocks": 1200331, "Lossy Heap Blocks": 1200331, "Plans": [{"Node Type": "Bitmap Index Scan", "Parent Relationship": "Outer", "Index Name": "idx_orders_custkey", "Startup Cost": 0.0, "Total Cost": 0.43, "Plan Rows": 4, "Plan Width": 0, "Actual Startup Time": 731.139, "Actual Total Time": 731.139, "Actual Rows": 1200363, "Actual Loops": 119972, "Index Cond": "(o_custkey = customer.c_custkey)"}]}]}, {"Node Type": "Bitmap Heap Scan", "Parent Relationship": "Inner", "Relation Name": "lineitem", "Alias": "lineitem", "Startup Cost": 0.38, "Total Cost": 4.54, "Plan Rows": 3, "Plan Width": 40, "Actual Startup Time": 14879.797, "Actual Total Time": 15498.13, "Actual Rows": 1459150, "Actual Loops": 1200363, "Recheck Cond": "(l_orderkey = orders.o_orderkey)", "Rows Removed by Index Recheck": 0, "Filter": "((l_shipdate >= '1995-01-01 00:00:00'::timestamp(0) without time zone) AND (l_shipdate <= '1996-12-31 00:00:00'::timestamp(0) without time zone))", "Rows Removed by Filter": 3342563, "Exact Heap Blocks": 1285989, "Lossy Heap Blocks": 1285989, "Plans": [{"Node Type": "Bitmap Index Scan", "Parent Relationship": "Outer", "Index Name": "idx_lineitem_orderkey", "Startup Cost": 0.0, "Total Cost": 0.38, "Plan Rows": 9, "Plan Width": 0, "Actual Startup Time": 8530.994, "Actual Total Time": 8530.994, "Actual Rows": 4801713, "Actual Loops": 1200363, "Index Cond": "(l_orderkey = orders.o_orderkey)"}]}]}]}, {"Node Type": "Sort", "Parent Relationship": "Inner", "Startup Cost": 11587.82, "Total Cost": 11837.82, "Plan Rows": 100000, "Plan Width": 12, "Actual Startup Time": 75.377, "Actual Total Time": 90.218, "Actual Rows": 100000, "Actual Loops": 1, "Sort Key": ["supplier.s_suppkey", "supplier.s_nationkey"], "Sort Method": "quicksort", "Sort Space Used": 12448, "Sort Space Type": "Memory", "Plans": [{"Node Type": "Seq Scan", "Parent Relationship": "Outer", "Relation Name": "supplier", "Alias": "supplier", "Startup Cost": 0.0, "Total Cost": 3283.0, "Plan Rows": 100000, "Plan Width": 12, "Actual Startup Time": 0.045, "Actual Total Time": 37.975, "Actual Rows": 100000, "Actual Loops": 1}]}]}]}]}, "Triggers": [], "Planner Runtime": 4, "Total Runtime": 24445.202, "Unique SQL Id": 2208782157}}, "(64, 23)": {"explain_plan": {"Plan": {"Node Type": "Sort", "Startup Cost": 99673674.43, "Total Cost": 99673683.65, "Plan Rows": 3688, "Plan Width": 84, "Sort Key": ["n1.n_name", "n2.n_name", "(date_part('year'::text, lineitem.l_shipdate))"], "Plans": [{"Node Type": "Aggregate", "Strategy": "Hashed", "Parent Relationship": "Outer", "Startup Cost": 99673409.84, "Total Cost": 99673455.94, "Plan Rows": 3688, "Plan Width": 84, "Group By Key": ["n1.n_name", "n2.n_name", "date_part('year'::text, lineitem.l_shipdate)"], "Plans": [{"Node Type": "Nested Loop", "Parent Relationship": "Outer", "Join Type": "Inner", "Startup Cost": 627986.71, "Total Cost": 99673354.52, "Plan Rows": 3688, "Plan Width": 76, "Inner Unique": true, "Join Filter": "(((n1.n_name = 'JAPAN'::bpchar) AND (n2.n_name = 'INDIA'::bpchar)) OR ((n1.n_name = 'INDIA'::bpchar) AND (n2.n_name = 'JAPAN'::bpchar)))", "Plans": [{"Node Type": "Nested Loop", "Parent Relationship": "Outer", "Join Type": "Inner", "Startup Cost": 627986.45, "Total Cost": 94724471.42, "Plan Rows": 1153515, "Plan Width": 54, "Inner Unique": true, "Plans": [{"Node Type": "Nested Loop", "Parent Relationship": "Outer", "Join Type": "Inner", "Startup Cost": 627986.2, "Total Cost": 89787046.56, "Plan Rows": 1153515, "Plan Width": 32, "Inner Unique": true, "Plans": [{"Node Type": "Nested Loop", "Parent Relationship": "Outer", "Join Type": "Inner", "Startup Cost": 627985.94, "Total Cost": 84848088.55, "Plan Rows": 1153515, "Plan Width": 36, "Inner Unique": true, "Plans": [{"Node Type": "Nested Loop", "Parent Relationship": "Outer", "Join Type": "Inner", "Startup Cost": 627985.67, "Total Cost": 79896146.0, "Plan Rows": 1153515, "Plan Width": 36, "Inner Unique": true, "Plans": [{"Node Type": "Bitmap Heap Scan", "Parent Relationship": "Outer", "Relation Name": "lineitem", "Alias": "lineitem", "Startup Cost": 627985.41, "Total Cost": 2315105.27, "Plan Rows": 18124991, "Plan Width": 40, "Recheck Cond": "((l_shipdate >= '1995-01-01 00:00:00'::timestamp(0) without time zone) AND (l_shipdate <= '1996-12-31 00:00:00'::timestamp(0) without time zone)), (LLVM Optimized)", "Plans": [{"Node Type": "Bitmap Index Scan", "Parent Relationship": "Outer", "Index Name": "idx_lineitem_shipdate", "Startup Cost": 0.0, "Total Cost": 623454.16, "Plan Rows": 18124991, "Plan Width": 0, "Index Cond": "((l_shipdate >= '1995-01-01 00:00:00'::timestamp(0) without time zone) AND (l_shipdate <= '1996-12-31 00:00:00'::timestamp(0) without time zone))"}]}, {"Node Type": "Bitmap Heap Scan", "Parent Relationship": "Inner", "Relation Name": "supplier", "Alias": "supplier", "Startup Cost": 0.26, "Total Cost": 4.27, "Plan Rows": 1, "Plan Width": 12, "Recheck Cond": "(s_suppkey = lineitem.l_suppkey)", "Plans": [{"Node Type": "Bitmap Index Scan", "Parent Relationship": "Outer", "Index Name": "supplier_pkey", "Startup Cost": 0.0, "Total Cost": 0.26, "Plan Rows": 1, "Plan Width": 0, "Index Cond": "(s_suppkey = lineitem.l_suppkey)"}]}]}, {"Node Type": "Bitmap Heap Scan", "Parent Relationship": "Inner", "Relation Name": "orders", "Alias": "orders", "Startup Cost": 0.27, "Total Cost": 4.28, "Plan Rows": 1, "Plan Width": 16, "Recheck Cond": "(o_orderkey = lineitem.l_orderkey)", "Plans": [{"Node Type": "Bitmap Index Scan", "Parent Relationship": "Outer", "Index Name": "orders_pkey", "Startup Cost": 0.0, "Total Cost": 0.27, "Plan Rows": 1, "Plan Width": 0, "Index Cond": "(o_orderkey = lineitem.l_orderkey)"}]}]}, {"Node Type": "Bitmap Heap Scan", "Parent Relationship": "Inner", "Relation Name": "customer", "Alias": "customer", "Startup Cost": 0.26, "Total Cost": 4.27, "Plan Rows": 1, "Plan Width": 12, "Recheck Cond": "(c_custkey = orders.o_custkey)", "Plans": [{"Node Type": "Bitmap Index Scan", "Parent Relationship": "Outer", "Index Name": "customer_pkey", "Startup Cost": 0.0, "Total Cost": 0.26, "Plan Rows": 1, "Plan Width": 0, "Index Cond": "(c_custkey = orders.o_custkey)"}]}]}, {"Node Type": "Bitmap Heap Scan", "Parent Relationship": "Inner", "Relation Name": "nation", "Alias": "n1", "Startup Cost": 0.26, "Total Cost": 4.27, "Plan Rows": 1, "Plan Width": 30, "Recheck Cond": "(n_nationkey = supplier.s_nationkey)", "Filter": "((n_name = 'JAPAN'::bpchar) OR (n_name = 'INDIA'::bpchar))", "Plans": [{"Node Type": "Bitmap Index Scan", "Parent Relationship": "Outer", "Index Name": "nation_pkey", "Startup Cost": 0.0, "Total Cost": 0.26, "Plan Rows": 1, "Plan Width": 0, "Index Cond": "(n_nationkey = supplier.s_nationkey)"}]}]}, {"Node Type": "Bitmap Heap Scan", "Parent Relationship": "Inner", "Relation Name": "nation", "Alias": "n2", "Startup Cost": 0.26, "Total Cost": 4.27, "Plan Rows": 1, "Plan Width": 30, "Recheck Cond": "(n_nationkey = customer.c_nationkey)", "Filter": "((n_name = 'INDIA'::bpchar) OR (n_name = 'JAPAN'::bpchar))", "Plans": [{"Node Type": "Bitmap Index Scan", "Parent Relationship": "Outer", "Index Name": "nation_pkey", "Startup Cost": 0.0, "Total Cost": 0.26, "Plan Rows": 1, "Plan Width": 0, "Index Cond": "(n_nationkey = customer.c_nationkey)"}]}]}]}]}, "Unique SQL Id": 2208782157, "Planner Runtime": 3}, "explain_analyze_plan": null}, "(64, 24)": {"explain_plan": {"Plan": {"Node Type": "Sort", "Startup Cost": 726921.52, "Total Cost": 726930.74, "Plan Rows": 3688, "Plan Width": 84, "Sort Key": ["n1.n_name", "n2.n_name", "(date_part('year'::text, lineitem.l_shipdate))"], "Plans": [{"Node Type": "Aggregate", "Strategy": "Hashed", "Parent Relationship": "Outer", "Startup Cost": 726656.93, "Total Cost": 726703.03, "Plan Rows": 3688, "Plan Width": 84, "Group By Key": ["n1.n_name", "n2.n_name", "date_part('year'::text, lineitem.l_shipdate)"], "Plans": [{"Node Type": "Merge Join", "Parent Relationship": "Outer", "Join Type": "Inner", "Startup Cost": 716715.31, "Total Cost": 726601.61, "Plan Rows": 3688, "Plan Width": 76, "Inner Unique": false, "Merge Cond": "(supplier.s_suppkey = lineitem.l_suppkey)", "Join Filter": "(n1.n_nationkey = supplier.s_nationkey)", "Plans": [{"Node Type": "Index Scan", "Parent Relationship": "Outer", "Scan Direction": "Forward", "Index Name": "supplier_pkey", "Relation Name": "supplier", "Alias": "supplier", "Startup Cost": 0.0, "Total Cost": 5334.54, "Plan Rows": 100000, "Plan Width": 12}, {"Node Type": "Sort", "Parent Relationship": "Inner", "Startup Cost": 716714.94, "Total Cost": 718566.9, "Plan Rows": 740786, "Plan Width": 88, "Sort Key": ["lineitem.l_suppkey"], "Plans": [{"Node Type": "Nested Loop", "Parent Relationship": "Outer", "Join Type": "Inner", "Startup Cost": 0.0, "Total Cost": 644493.13, "Plan Rows": 740786, "Plan Width": 88, "Inner Unique": false, "Plans": [{"Node Type": "Nested Loop", "Parent Relationship": "Outer", "Join Type": "Inner", "Startup Cost": 0.0, "Total Cost": 167755.5, "Plan Rows": 504972, "Plan Width": 64, "Inner Unique": false, "Plans": [{"Node Type": "Nested Loop", "Parent Relationship": "Outer", "Join Type": "Inner", "Startup Cost": 0.0, "Total Cost": 16632.98, "Plan Rows": 119904, "Plan Width": 64, "Inner Unique": false, "Plans": [{"Node Type": "Nested Loop", "Parent Relationship": "Outer", "Join Type": "Inner", "Startup Cost": 0.0, "Total Cost": 28.12, "Plan Rows": 2, "Plan Width": 60, "Inner Unique": false, "Join Filter": "(((n1.n_name = 'JAPAN'::bpchar) AND (n2.n_name = 'INDIA'::bpchar)) OR ((n1.n_name = 'INDIA'::bpchar) AND (n2.n_name = 'JAPAN'::bpchar)))", "Plans": [{"Node Type": "Index Scan", "Parent Relationship": "Outer", "Scan Direction": "Forward", "Index Name": "nation_pkey", "Relation Name": "nation", "Alias": "n1", "Startup Cost": 0.0, "Total Cost": 12.75, "Plan Rows": 25, "Plan Width": 30, "Filter": "((n_name = 'JAPAN'::bpchar) OR (n_name = 'INDIA'::bpchar))"}, {"Node Type": "Materialize", "Parent Relationship": "Inner", "Startup Cost": 0.0, "Total Cost": 1.38, "Plan Rows": 25, "Plan Width": 30, "Plans": [{"Node Type": "Seq Scan", "Parent Relationship": "Outer", "Relation Name": "nation", "Alias": "n2", "Startup Cost": 0.0, "Total Cost": 1.25, "Plan Rows": 25, "Plan Width": 30, "Filter": "((n_name = 'INDIA'::bpchar) OR (n_name = 'JAPAN'::bpchar))"}]}]}, {"Node Type": "Index Scan", "Parent Relationship": "Inner", "Scan Direction": "Forward", "Index Name": "idx_customer_nationkey", "Relation Name": "customer", "Alias": "customer", "Startup Cost": 0.0, "Total Cost": 7702.43, "Plan Rows": 60000, "Plan Width": 12, "Index Cond": "(c_nationkey = n2.n_nationkey)"}]}, {"Node Type": "Index Scan", "Parent Relationship": "Inner", "Scan Direction": "Forward", "Index Name": "idx_orders_custkey", "Relation Name": "orders", "Alias": "orders", "Startup Cost": 0.0, "Total Cost": 1.22, "Plan Rows": 4, "Plan Width": 16, "Index Cond": "(o_custkey = customer.c_custkey)"}]}, {"Node Type": "Index Scan", "Parent Relationship": "Inner", "Scan Direction": "Forward", "Index Name": "idx_lineitem_orderkey", "Relation Name": "lineitem", "Alias": "lineitem", "Startup Cost": 0.0, "Total Cost": 0.91, "Plan Rows": 3, "Plan Width": 40, "Index Cond": "(l_orderkey = orders.o_orderkey)", "Filter": "((l_shipdate >= '1995-01-01 00:00:00'::timestamp(0) without time zone) AND (l_shipdate <= '1996-12-31 00:00:00'::timestamp(0) without time zone))"}]}]}]}]}]}, "Unique SQL Id": 2208782157, "Planner Runtime": 4}, "explain_analyze_plan": {"Plan": {"Node Type": "Sort", "Startup Cost": 726921.52, "Total Cost": 726930.74, "Plan Rows": 3688, "Plan Width": 84, "Actual Startup Time": 21223.122, "Actual Total Time": 21223.122, "Actual Rows": 4, "Actual Loops": 1, "Sort Key": ["n1.n_name", "n2.n_name", "(date_part('year'::text, lineitem.l_shipdate))"], "Sort Method": "quicksort", "Sort Space Used": 25, "Sort Space Type": "Memory", "Plans": [{"Node Type": "Aggregate", "Strategy": "Hashed", "Parent Relationship": "Outer", "Startup Cost": 726656.93, "Total Cost": 726703.03, "Plan Rows": 3688, "Plan Width": 84, "Actual Startup Time": 21223.081, "Actual Total Time": 21223.087, "Actual Rows": 4, "Actual Loops": 1, "Group By Key": ["n1.n_name", "n2.n_name", "date_part('year'::text, lineitem.l_shipdate)"], "Plans": [{"Node Type": "Merge Join", "Parent Relationship": "Outer", "Join Type": "Inner", "Startup Cost": 716715.31, "Total Cost": 726601.61, "Plan Rows": 3688, "Plan Width": 76, "Actual Startup Time": 20167.391, "Actual Total Time": 21163.183, "Actual Rows": 58554, "Actual Loops": 1, "Inner Unique": false, "Merge Cond": "(supplier.s_suppkey = lineitem.l_suppkey)", "Join Filter": "(n1.n_nationkey = supplier.s_nationkey)", "Rows Removed by Join Filter": 0, "Plans": [{"Node Type": "Index Scan", "Parent Relationship": "Outer", "Scan Direction": "Forward", "Index Name": "supplier_pkey", "Relation Name": "supplier", "Alias": "supplier", "Startup Cost": 0.0, "Total Cost": 5334.54, "Plan Rows": 100000, "Plan Width": 12, "Actual Startup Time": 0.023, "Actual Total Time": 70.686, "Actual Rows": 100000, "Actual Loops": 1}, {"Node Type": "Sort", "Parent Relationship": "Inner", "Startup Cost": 716714.94, "Total Cost": 718566.9, "Plan Rows": 740786, "Plan Width": 88, "Actual Startup Time": 20165.776, "Actual Total Time": 20539.559, "Actual Rows": 1459150, "Actual Loops": 1, "Sort Key": ["lineitem.l_suppkey"], "Sort Method": "quicksort", "Sort Space Used": 277145, "Sort Space Type": "Memory", "Plans": [{"Node Type": "Nested Loop", "Parent Relationship": "Outer", "Join Type": "Inner", "Startup Cost": 0.0, "Total Cost": 644493.13, "Plan Rows": 740786, "Plan Width": 88, "Actual Startup Time": 0.176, "Actual Total Time": 19442.261, "Actual Rows": 1459150, "Actual Loops": 1, "Inner Unique": false, "Plans": [{"Node Type": "Nested Loop", "Parent Relationship": "Outer", "Join Type": "Inner", "Startup Cost": 0.0, "Total Cost": 167755.5, "Plan Rows": 504972, "Plan Width": 64, "Actual Startup Time": 0.1, "Actual Total Time": 4092.544, "Actual Rows": 1200363, "Actual Loops": 1, "Inner Unique": false, "Plans": [{"Node Type": "Nested Loop", "Parent Relationship": "Outer", "Join Type": "Inner", "Startup Cost": 0.0, "Total Cost": 16632.98, "Plan Rows": 119904, "Plan Width": 64, "Actual Startup Time": 0.087, "Actual Total Time": 221.616, "Actual Rows": 119972, "Actual Loops": 1, "Inner Unique": false, "Plans": [{"Node Type": "Nested Loop", "Parent Relationship": "Outer", "Join Type": "Inner", "Startup Cost": 0.0, "Total Cost": 28.12, "Plan Rows": 2, "Plan Width": 60, "Actual Startup Time": 0.052, "Actual Total Time": 0.158, "Actual Rows": 2, "Actual Loops": 1, "Inner Unique": false, "Join Filter": "(((n1.n_name = 'JAPAN'::bpchar) AND (n2.n_name = 'INDIA'::bpchar)) OR ((n1.n_name = 'INDIA'::bpchar) AND (n2.n_name = 'JAPAN'::bpchar)))", "Rows Removed by Join Filter": 2, "Plans": [{"Node Type": "Index Scan", "Parent Relationship": "Outer", "Scan Direction": "Forward", "Index Name": "nation_pkey", "Relation Name": "nation", "Alias": "n1", "Startup Cost": 0.0, "Total Cost": 12.75, "Plan Rows": 25, "Plan Width": 30, "Actual Startup Time": 0.015, "Actual Total Time": 0.045, "Actual Rows": 2, "Actual Loops": 1, "Filter": "((n_name = 'JAPAN'::bpchar) OR (n_name = 'INDIA'::bpchar))", "Rows Removed by Filter": 23}, {"Node Type": "Materialize", "Parent Relationship": "Inner", "Startup Cost": 0.0, "Total Cost": 1.38, "Plan Rows": 25, "Plan Width": 30, "Actual Startup Time": 0.028, "Actual Total Time": 0.056, "Actual Rows": 4, "Actual Loops": 2, "Plans": [{"Node Type": "Seq Scan", "Parent Relationship": "Outer", "Relation Name": "nation", "Alias": "n2", "Startup Cost": 0.0, "Total Cost": 1.25, "Plan Rows": 25, "Plan Width": 30, "Actual Startup Time": 0.018, "Actual Total Time": 0.034, "Actual Rows": 2, "Actual Loops": 1, "Filter": "((n_name = 'INDIA'::bpchar) OR (n_name = 'JAPAN'::bpchar))", "Rows Removed by Filter": 23}]}]}, {"Node Type": "Index Scan", "Parent Relationship": "Inner", "Scan Direction": "Forward", "Index Name": "idx_customer_nationkey", "Relation Name": "customer", "Alias": "customer", "Startup Cost": 0.0, "Total Cost": 7702.43, "Plan Rows": 60000, "Plan Width": 12, "Actual Startup Time": 0.053, "Actual Total Time": 190.403, "Actual Rows": 119972, "Actual Loops": 2, "Index Cond": "(c_nationkey = n2.n_nationkey)", "Rows Removed by Index Recheck": 0}]}, {"Node Type": "Index Scan", "Parent Relationship": "Inner", "Scan Direction": "Forward", "Index Name": "idx_orders_custkey", "Relation Name": "orders", "Alias": "orders", "Startup Cost": 0.0, "Total Cost": 1.22, "Plan Rows": 4, "Plan Width": 16, "Actual Startup Time": 759.882, "Actual Total Time": 3509.583, "Actual Rows": 1200363, "Actual Loops": 119972, "Index Cond": "(o_custkey = customer.c_custkey)", "Rows Removed by Index Recheck": 0}]}, {"Node Type": "Index Scan", "Parent Relationship": "Inner", "Scan Direction": "Forward", "Index Name": "idx_lineitem_orderkey", "Relation Name": "lineitem", "Alias": "lineitem", "Startup Cost": 0.0, "Total Cost": 0.91, "Plan Rows": 3, "Plan Width": 40, "Actual Startup Time": 13198.143, "Actual Total Time": 14366.087, "Actual Rows": 1459150, "Actual Loops": 1200363, "Index Cond": "(l_orderkey = orders.o_orderkey)", "Rows Removed by Index Recheck": 0, "Filter": "((l_shipdate >= '1995-01-01 00:00:00'::timestamp(0) without time zone) AND (l_shipdate <= '1996-12-31 00:00:00'::timestamp(0) without time zone))", "Rows Removed by Filter": 3342563}]}]}]}]}]}, "Triggers": [], "Planner Runtime": 4, "Total Runtime": 21223.343, "Unique SQL Id": 2208782157}}, "(64, 25)": {"explain_plan": {"Plan": {"Node Type": "Sort", "Startup Cost": 726933.02, "Total Cost": 726942.24, "Plan Rows": 3688, "Plan Width": 84, "Sort Key": ["n1.n_name", "n2.n_name", "(date_part('year'::text, lineitem.l_shipdate))"], "Plans": [{"Node Type": "Aggregate", "Strategy": "Hashed", "Parent Relationship": "Outer", "Startup Cost": 726668.43, "Total Cost": 726714.53, "Plan Rows": 3688, "Plan Width": 84, "Group By Key": ["n1.n_name", "n2.n_name", "date_part('year'::text, lineitem.l_shipdate)"], "Plans": [{"Node Type": "Merge Join", "Parent Relationship": "Outer", "Join Type": "Inner", "Startup Cost": 716726.81, "Total Cost": 726613.11, "Plan Rows": 3688, "Plan Width": 76, "Inner Unique": false, "Merge Cond": "(supplier.s_suppkey = lineitem.l_suppkey)", "Join Filter": "(n1.n_nationkey = supplier.s_nationkey)", "Plans": [{"Node Type": "Index Scan", "Parent Relationship": "Outer", "Scan Direction": "Forward", "Index Name": "supplier_pkey", "Relation Name": "supplier", "Alias": "supplier", "Startup Cost": 0.0, "Total Cost": 5334.54, "Plan Rows": 100000, "Plan Width": 12}, {"Node Type": "Sort", "Parent Relationship": "Inner", "Startup Cost": 716726.44, "Total Cost": 718578.4, "Plan Rows": 740786, "Plan Width": 88, "Sort Key": ["lineitem.l_suppkey"], "Plans": [{"Node Type": "Nested Loop", "Parent Relationship": "Outer", "Join Type": "Inner", "Startup Cost": 0.0, "Total Cost": 644504.63, "Plan Rows": 740786, "Plan Width": 88, "Inner Unique": false, "Plans": [{"Node Type": "Nested Loop", "Parent Relationship": "Outer", "Join Type": "Inner", "Startup Cost": 0.0, "Total Cost": 167767.0, "Plan Rows": 504972, "Plan Width": 64, "Inner Unique": false, "Plans": [{"Node Type": "Nested Loop", "Parent Relationship": "Outer", "Join Type": "Inner", "Startup Cost": 0.0, "Total Cost": 16644.48, "Plan Rows": 119904, "Plan Width": 64, "Inner Unique": false, "Plans": [{"Node Type": "Nested Loop", "Parent Relationship": "Outer", "Join Type": "Inner", "Startup Cost": 0.0, "Total Cost": 39.62, "Plan Rows": 2, "Plan Width": 60, "Inner Unique": false, "Join Filter": "(((n1.n_name = 'JAPAN'::bpchar) AND (n2.n_name = 'INDIA'::bpchar)) OR ((n1.n_name = 'INDIA'::bpchar) AND (n2.n_name = 'JAPAN'::bpchar)))", "Plans": [{"Node Type": "Index Scan", "Parent Relationship": "Outer", "Scan Direction": "Forward", "Index Name": "nation_pkey", "Relation Name": "nation", "Alias": "n1", "Startup Cost": 0.0, "Total Cost": 12.75, "Plan Rows": 25, "Plan Width": 30, "Filter": "((n_name = 'JAPAN'::bpchar) OR (n_name = 'INDIA'::bpchar))"}, {"Node Type": "Materialize", "Parent Relationship": "Inner", "Startup Cost": 0.0, "Total Cost": 12.88, "Plan Rows": 25, "Plan Width": 30, "Plans": [{"Node Type": "Index Scan", "Parent Relationship": "Outer", "Scan Direction": "Forward", "Index Name": "nation_pkey", "Relation Name": "nation", "Alias": "n2", "Startup Cost": 0.0, "Total Cost": 12.75, "Plan Rows": 25, "Plan Width": 30, "Filter": "((n_name = 'INDIA'::bpchar) OR (n_name = 'JAPAN'::bpchar))"}]}]}, {"Node Type": "Index Scan", "Parent Relationship": "Inner", "Scan Direction": "Forward", "Index Name": "idx_customer_nationkey", "Relation Name": "customer", "Alias": "customer", "Startup Cost": 0.0, "Total Cost": 7702.43, "Plan Rows": 60000, "Plan Width": 12, "Index Cond": "(c_nationkey = n2.n_nationkey)"}]}, {"Node Type": "Index Scan", "Parent Relationship": "Inner", "Scan Direction": "Forward", "Index Name": "idx_orders_custkey", "Relation Name": "orders", "Alias": "orders", "Startup Cost": 0.0, "Total Cost": 1.22, "Plan Rows": 4, "Plan Width": 16, "Index Cond": "(o_custkey = customer.c_custkey)"}]}, {"Node Type": "Index Scan", "Parent Relationship": "Inner", "Scan Direction": "Forward", "Index Name": "idx_lineitem_orderkey", "Relation Name": "lineitem", "Alias": "lineitem", "Startup Cost": 0.0, "Total Cost": 0.91, "Plan Rows": 3, "Plan Width": 40, "Index Cond": "(l_orderkey = orders.o_orderkey)", "Filter": "((l_shipdate >= '1995-01-01 00:00:00'::timestamp(0) without time zone) AND (l_shipdate <= '1996-12-31 00:00:00'::timestamp(0) without time zone))"}]}]}]}]}]}, "Unique SQL Id": 2208782157, "Planner Runtime": 4}, "explain_analyze_plan": {"Plan": {"Node Type": "Sort", "Startup Cost": 726933.02, "Total Cost": 726942.24, "Plan Rows": 3688, "Plan Width": 84, "Actual Startup Time": 21603.05, "Actual Total Time": 21603.05, "Actual Rows": 4, "Actual Loops": 1, "Sort Key": ["n1.n_name", "n2.n_name", "(date_part('year'::text, lineitem.l_shipdate))"], "Sort Method": "quicksort", "Sort Space Used": 25, "Sort Space Type": "Memory", "Plans": [{"Node Type": "Aggregate", "Strategy": "Hashed", "Parent Relationship": "Outer", "Startup Cost": 726668.43, "Total Cost": 726714.53, "Plan Rows": 3688, "Plan Width": 84, "Actual Startup Time": 21603.013, "Actual Total Time": 21603.019, "Actual Rows": 4, "Actual Loops": 1, "Group By Key": ["n1.n_name", "n2.n_name", "date_part('year'::text, lineitem.l_shipdate)"], "Plans": [{"Node Type": "Merge Join", "Parent Relationship": "Outer", "Join Type": "Inner", "Startup Cost": 716726.81, "Total Cost": 726613.11, "Plan Rows": 3688, "Plan Width": 76, "Actual Startup Time": 20527.326, "Actual Total Time": 21542.994, "Actual Rows": 58554, "Actual Loops": 1, "Inner Unique": false, "Merge Cond": "(supplier.s_suppkey = lineitem.l_suppkey)", "Join Filter": "(n1.n_nationkey = supplier.s_nationkey)", "Rows Removed by Join Filter": 0, "Plans": [{"Node Type": "Index Scan", "Parent Relationship": "Outer", "Scan Direction": "Forward", "Index Name": "supplier_pkey", "Relation Name": "supplier", "Alias": "supplier", "Startup Cost": 0.0, "Total Cost": 5334.54, "Plan Rows": 100000, "Plan Width": 12, "Actual Startup Time": 0.021, "Actual Total Time": 63.339, "Actual Rows": 100000, "Actual Loops": 1}, {"Node Type": "Sort", "Parent Relationship": "Inner", "Startup Cost": 716726.44, "Total Cost": 718578.4, "Plan Rows": 740786, "Plan Width": 88, "Actual Startup Time": 20526.806, "Actual Total Time": 20914.321, "Actual Rows": 1459150, "Actual Loops": 1, "Sort Key": ["lineitem.l_suppkey"], "Sort Method": "quicksort", "Sort Space Used": 277145, "Sort Space Type": "Memory", "Plans": [{"Node Type": "Nested Loop", "Parent Relationship": "Outer", "Join Type": "Inner", "Startup Cost": 0.0, "Total Cost": 644504.63, "Plan Rows": 740786, "Plan Width": 88, "Actual Startup Time": 0.168, "Actual Total Time": 19805.05, "Actual Rows": 1459150, "Actual Loops": 1, "Inner Unique": false, "Plans": [{"Node Type": "Nested Loop", "Parent Relationship": "Outer", "Join Type": "Inner", "Startup Cost": 0.0, "Total Cost": 167767.0, "Plan Rows": 504972, "Plan Width": 64, "Actual Startup Time": 0.098, "Actual Total Time": 4274.954, "Actual Rows": 1200363, "Actual Loops": 1, "Inner Unique": false, "Plans": [{"Node Type": "Nested Loop", "Parent Relationship": "Outer", "Join Type": "Inner", "Startup Cost": 0.0, "Total Cost": 16644.48, "Plan Rows": 119904, "Plan Width": 64, "Actual Startup Time": 0.085, "Actual Total Time": 233.749, "Actual Rows": 119972, "Actual Loops": 1, "Inner Unique": false, "Plans": [{"Node Type": "Nested Loop", "Parent Relationship": "Outer", "Join Type": "Inner", "Startup Cost": 0.0, "Total Cost": 39.62, "Plan Rows": 2, "Plan Width": 60, "Actual Startup Time": 0.047, "Actual Total Time": 0.235, "Actual Rows": 2, "Actual Loops": 1, "Inner Unique": false, "Join Filter": "(((n1.n_name = 'JAPAN'::bpchar) AND (n2.n_name = 'INDIA'::bpchar)) OR ((n1.n_name = 'INDIA'::bpchar) AND (n2.n_name = 'JAPAN'::bpchar)))", "Rows Removed by Join Filter": 2, "Plans": [{"Node Type": "Index Scan", "Parent Relationship": "Outer", "Scan Direction": "Forward", "Index Name": "nation_pkey", "Relation Name": "nation", "Alias": "n1", "Startup Cost": 0.0, "Total Cost": 12.75, "Plan Rows": 25, "Plan Width": 30, "Actual Startup Time": 0.017, "Actual Total Time": 0.047, "Actual Rows": 2, "Actual Loops": 1, "Filter": "((n_name = 'JAPAN'::bpchar) OR (n_name = 'INDIA'::bpchar))", "Rows Removed by Filter": 23}, {"Node Type": "Materialize", "Parent Relationship": "Inner", "Startup Cost": 0.0, "Total Cost": 12.88, "Plan Rows": 25, "Plan Width": 30, "Actual Startup Time": 0.022, "Actual Total Time": 0.145, "Actual Rows": 4, "Actual Loops": 2, "Plans": [{"Node Type": "Index Scan", "Parent Relationship": "Outer", "Scan Direction": "Forward", "Index Name": "nation_pkey", "Relation Name": "nation", "Alias": "n2", "Startup Cost": 0.0, "Total Cost": 12.75, "Plan Rows": 25, "Plan Width": 30, "Actual Startup Time": 0.011, "Actual Total Time": 0.051, "Actual Rows": 2, "Actual Loops": 1, "Filter": "((n_name = 'INDIA'::bpchar) OR (n_name = 'JAPAN'::bpchar))", "Rows Removed by Filter": 23}]}]}, {"Node Type": "Index Scan", "Parent Relationship": "Inner", "Scan Direction": "Forward", "Index Name": "idx_customer_nationkey", "Relation Name": "customer", "Alias": "customer", "Startup Cost": 0.0, "Total Cost": 7702.43, "Plan Rows": 60000, "Plan Width": 12, "Actual Startup Time": 0.062, "Actual Total Time": 200.221, "Actual Rows": 119972, "Actual Loops": 2, "Index Cond": "(c_nationkey = n2.n_nationkey)", "Rows Removed by Index Recheck": 0}]}, {"Node Type": "Index Scan", "Parent Relationship": "Inner", "Scan Direction": "Forward", "Index Name": "idx_orders_custkey", "Relation Name": "orders", "Alias": "orders", "Startup Cost": 0.0, "Total Cost": 1.22, "Plan Rows": 4, "Plan Width": 16, "Actual Startup Time": 786.639, "Actual Total Time": 3690.003, "Actual Rows": 1200363, "Actual Loops": 119972, "Index Cond": "(o_custkey = customer.c_custkey)", "Rows Removed by Index Recheck": 0}]}, {"Node Type": "Index Scan", "Parent Relationship": "Inner", "Scan Direction": "Forward", "Index Name": "idx_lineitem_orderkey", "Relation Name": "lineitem", "Alias": "lineitem", "Startup Cost": 0.0, "Total Cost": 0.91, "Plan Rows": 3, "Plan Width": 40, "Actual Startup Time": 13401.571, "Actual Total Time": 14550.105, "Actual Rows": 1459150, "Actual Loops": 1200363, "Index Cond": "(l_orderkey = orders.o_orderkey)", "Rows Removed by Index Recheck": 0, "Filter": "((l_shipdate >= '1995-01-01 00:00:00'::timestamp(0) without time zone) AND (l_shipdate <= '1996-12-31 00:00:00'::timestamp(0) without time zone))", "Rows Removed by Filter": 3342563}]}]}]}]}]}, "Triggers": [], "Planner Runtime": 4, "Total Runtime": 21603.271, "Unique SQL Id": 2208782157}}, "(64, 26)": {"explain_plan": {"Plan": {"Node Type": "Sort", "Startup Cost": 7122675.58, "Total Cost": 7122684.8, "Plan Rows": 3688, "Plan Width": 84, "Sort Key": ["n1.n_name", "n2.n_name", "(date_part('year'::text, lineitem.l_shipdate))"], "Plans": [{"Node Type": "Aggregate", "Strategy": "Hashed", "Parent Relationship": "Outer", "Startup Cost": 7122411.0, "Total Cost": 7122457.1, "Plan Rows": 3688, "Plan Width": 84, "Group By Key": ["n1.n_name", "n2.n_name", "date_part('year'::text, lineitem.l_shipdate)"], "Plans": [{"Node Type": "Merge Join", "Parent Relationship": "Outer", "Join Type": "Inner", "Startup Cost": 7110368.35, "Total Cost": 7122355.68, "Plan Rows": 3688, "Plan Width": 76, "Inner Unique": true, "Merge Cond": "((orders.o_custkey = customer.c_custkey) AND (n2.n_nationkey = customer.c_nationkey))", "Plans": [{"Node Type": "Sort", "Parent Relationship": "Outer", "Startup Cost": 6904368.06, "Total Cost": 6904598.58, "Plan Rows": 92207, "Plan Width": 88, "Sort Key": ["orders.o_custkey", "n2.n_nationkey"], "Plans": [{"Node Type": "Merge Join", "Parent Relationship": "Outer", "Join Type": "Inner", "Startup Cost": 6820386.67, "Total Cost": 6896764.4, "Plan Rows": 92207, "Plan Width": 88, "Inner Unique": true, "Merge Cond": "(lineitem.l_orderkey = orders.o_orderkey)", "Plans": [{"Node Type": "Sort", "Parent Relationship": "Outer", "Startup Cost": 4606151.54, "Total Cost": 4606382.06, "Plan Rows": 92207, "Plan Width": 88, "Sort Key": ["lineitem.l_orderkey"], "Plans": [{"Node Type": "Merge Join", "Parent Relationship": "Outer", "Join Type": "Inner", "Startup Cost": 4506978.84, "Total Cost": 4598547.88, "Plan Rows": 92207, "Plan Width": 88, "Inner Unique": false, "Merge Cond": "(supplier.s_suppkey = lineitem.l_suppkey)", "Plans": [{"Node Type": "Sort", "Parent Relationship": "Outer", "Startup Cost": 6817.83, "Total Cost": 6837.81, "Plan Rows": 7994, "Plan Width": 64, "Sort Key": ["supplier.s_suppkey"], "Plans": [{"Node Type": "Nested Loop", "Parent Relationship": "Outer", "Join Type": "Inner", "Startup Cost": 0.0, "Total Cost": 6299.63, "Plan Rows": 7994, "Plan Width": 64, "Inner Unique": false, "Join Filter": "(n1.n_nationkey = supplier.s_nationkey)", "Plans": [{"Node Type": "Seq Scan", "Parent Relationship": "Outer", "Relation Name": "supplier", "Alias": "supplier", "Startup Cost": 0.0, "Total Cost": 3283.0, "Plan Rows": 100000, "Plan Width": 12}, {"Node Type": "Materialize", "Parent Relationship": "Inner", "Startup Cost": 0.0, "Total Cost": 16.64, "Plan Rows": 2, "Plan Width": 60, "Plans": [{"Node Type": "Nested Loop", "Parent Relationship": "Outer", "Join Type": "Inner", "Startup Cost": 0.0, "Total Cost": 16.62, "Plan Rows": 2, "Plan Width": 60, "Inner Unique": false, "Join Filter": "(((n1.n_name = 'JAPAN'::bpchar) AND (n2.n_name = 'INDIA'::bpchar)) OR ((n1.n_name = 'INDIA'::bpchar) AND (n2.n_name = 'JAPAN'::bpchar)))", "Plans": [{"Node Type": "Seq Scan", "Parent Relationship": "Outer", "Relation Name": "nation", "Alias": "n1", "Startup Cost": 0.0, "Total Cost": 1.25, "Plan Rows": 25, "Plan Width": 30, "Filter": "((n_name = 'JAPAN'::bpchar) OR (n_name = 'INDIA'::bpchar))"}, {"Node Type": "Materialize", "Parent Relationship": "Inner", "Startup Cost": 0.0, "Total Cost": 1.38, "Plan Rows": 25, "Plan Width": 30, "Plans": [{"Node Type": "Seq Scan", "Parent Relationship": "Outer", "Relation Name": "nation", "Alias": "n2", "Startup Cost": 0.0, "Total Cost": 1.25, "Plan Rows": 25, "Plan Width": 30, "Filter": "((n_name = 'INDIA'::bpchar) OR (n_name = 'JAPAN'::bpchar))"}]}]}]}]}]}, {"Node Type": "Sort", "Parent Relationship": "Inner", "Startup Cost": 4500152.01, "Total Cost": 4545464.49, "Plan Rows": 18124991, "Plan Width": 40, "Sort Key": ["lineitem.l_suppkey"], "Plans": [{"Node Type": "Seq Scan", "Parent Relationship": "Outer", "Relation Name": "lineitem", "Alias": "lineitem", "Startup Cost": 44.59, "Total Cost": 2315050.5, "Plan Rows": 18124991, "Plan Width": 40, "Filter": "((l_shipdate >= '1995-01-01 00:00:00'::timestamp(0) without time zone) AND (l_shipdate <= '1996-12-31 00:00:00'::timestamp(0) without time zone)), (LLVM Optimized)"}]}]}]}, {"Node Type": "Sort", "Parent Relationship": "Inner", "Startup Cost": 2214232.37, "Total Cost": 2251731.07, "Plan Rows": 14999479, "Plan Width": 16, "Sort Key": ["orders.o_orderkey"], "Plans": [{"Node Type": "Seq Scan", "Parent Relationship": "Outer", "Relation Name": "orders", "Alias": "orders", "Startup Cost": 0.0, "Total Cost": 426413.79, "Plan Rows": 14999479, "Plan Width": 16}]}]}]}, {"Node Type": "Sort", "Parent Relationship": "Inner", "Startup Cost": 205999.98, "Total Cost": 209749.98, "Plan Rows": 1500000, "Plan Width": 12, "Sort Key": ["customer.c_custkey", "customer.c_nationkey"], "Plans": [{"Node Type": "Seq Scan", "Parent Relationship": "Outer", "Relation Name": "customer", "Alias": "customer", "Startup Cost": 0.0, "Total Cost": 52126.0, "Plan Rows": 1500000, "Plan Width": 12}]}]}]}]}, "Unique SQL Id": 2208782157, "Planner Runtime": 4}, "explain_analyze_plan": null}, "(64, 27)": {"explain_plan": {"Plan": {"Node Type": "Sort", "Startup Cost": 6023462968943.18, "Total Cost": 6023462968952.4, "Plan Rows": 3688, "Plan Width": 84, "Sort Key": ["n1.n_name", "n2.n_name", "(date_part('year'::text, lineitem.l_shipdate))"], "Plans": [{"Node Type": "Aggregate", "Strategy": "Hashed", "Parent Relationship": "Outer", "Startup Cost": 6023462968678.6, "Total Cost": 6023462968724.7, "Plan Rows": 3688, "Plan Width": 84, "Group By Key": ["n1.n_name", "n2.n_name", "date_part('year'::text, lineitem.l_shipdate)"], "Plans": [{"Node Type": "Merge Join", "Parent Relationship": "Outer", "Join Type": "Inner", "Startup Cost": 60000000000.0, "Total Cost": 6023462968623.28, "Plan Rows": 3688, "Plan Width": 76, "Inner Unique": true, "Merge Cond": "(n2.n_nationkey = customer.c_nationkey)", "Join Filter": "(orders.o_custkey = customer.c_custkey)", "Plans": [{"Node Type": "Nested Loop", "Parent Relationship": "Outer", "Join Type": "Inner", "Startup Cost": 50000000000.0, "Total Cost": 5023346950887.28, "Plan Rows": 92207, "Plan Width": 88, "Inner Unique": true, "Join Filter": "(lineitem.l_orderkey = orders.o_orderkey)", "Plans": [{"Node Type": "Nested Loop", "Parent Relationship": "Outer", "Join Type": "Inner", "Startup Cost": 40000000000.0, "Total Cost": 4002527961142.79, "Plan Rows": 92207, "Plan Width": 88, "Inner Unique": false, "Join Filter": "(supplier.s_suppkey = lineitem.l_suppkey)", "Plans": [{"Node Type": "Nested Loop", "Parent Relationship": "Outer", "Join Type": "Inner", "Startup Cost": 30000000000.0, "Total Cost": 3000000539268.5, "Plan Rows": 7994, "Plan Width": 64, "Inner Unique": false, "Join Filter": "(n1.n_nationkey = supplier.s_nationkey)", "Plans": [{"Node Type": "Nested Loop", "Parent Relationship": "Outer", "Join Type": "Inner", "Startup Cost": 20000000000.0, "Total Cost": 2000000002564.12, "Plan Rows": 2, "Plan Width": 60, "Inner Unique": false, "Join Filter": "(((n1.n_name = 'JAPAN'::bpchar) AND (n2.n_name = 'INDIA'::bpchar)) OR ((n1.n_name = 'INDIA'::bpchar) AND (n2.n_name = 'JAPAN'::bpchar)))", "Plans": [{"Node Type": "Index Scan", "Parent Relationship": "Outer", "Scan Direction": "Forward", "Index Name": "nation_pkey", "Relation Name": "nation", "Alias": "n2", "Startup Cost": 10000000000.0, "Total Cost": 1000000001275.0, "Plan Rows": 25, "Plan Width": 30, "Filter": "((n_name = 'INDIA'::bpchar) OR (n_name = 'JAPAN'::bpchar))"}, {"Node Type": "Materialize", "Parent Relationship": "Inner", "Startup Cost": 10000000000.0, "Total Cost": 1000000001275.12, "Plan Rows": 25, "Plan Width": 30, "Plans": [{"Node Type": "Index Scan", "Parent Relationship": "Outer", "Scan Direction": "Forward", "Index Name": "nation_pkey", "Relation Name": "nation", "Alias": "n1", "Startup Cost": 10000000000.0, "Total Cost": 1000000001275.0, "Plan Rows": 25, "Plan Width": 30, "Filter": "((n_name = 'JAPAN'::bpchar) OR (n_name = 'INDIA'::bpchar))"}]}]}, {"Node Type": "Materialize", "Parent Relationship": "Inner", "Startup Cost": 10000000000.0, "Total Cost": 1000000533954.38, "Plan Rows": 100000, "Plan Width": 12, "Plans": [{"Node Type": "Index Scan", "Parent Relationship": "Outer", "Scan Direction": "Forward", "Index Name": "supplier_pkey", "Relation Name": "supplier", "Alias": "supplier", "Startup Cost": 10000000000.0, "Total Cost": 1000000533454.38, "Plan Rows": 100000, "Plan Width": 12}]}]}, {"Node Type": "Materialize", "Parent Relationship": "Inner", "Startup Cost": 10000000000.0, "Total Cost": 1000354099515.95, "Plan Rows": 18124991, "Plan Width": 40, "Plans": [{"Node Type": "Index Scan", "Parent Relationship": "Outer", "Scan Direction": "Forward", "Index Name": "idx_lineitem_orderkey", "Relation Name": "lineitem", "Alias": "lineitem", "Startup Cost": 10000000000.0, "Total Cost": 1000354008891.0, "Plan Rows": 18124991, "Plan Width": 40, "Filter": "((l_shipdate >= '1995-01-01 00:00:00'::timestamp(0) without time zone) AND (l_shipdate <= '1996-12-31 00:00:00'::timestamp(0) without time zone)), (LLVM Optimized)"}]}]}, {"Node Type": "Materialize", "Parent Relationship": "Inner", "Startup Cost": 10000000000.0, "Total Cost": 1000073172840.9, "Plan Rows": 14999479, "Plan Width": 16, "Plans": [{"Node Type": "Index Scan", "Parent Relationship": "Outer", "Scan Direction": "Forward", "Index Name": "orders_pkey", "Relation Name": "orders", "Alias": "orders", "Startup Cost": 10000000000.0, "Total Cost": 1000073097843.5, "Plan Rows": 14999479, "Plan Width": 16}]}]}, {"Node Type": "Materialize", "Parent Relationship": "Inner", "Startup Cost": 10000000000.0, "Total Cost": 1000019203896.25, "Plan Rows": 1500000, "Plan Width": 12, "Plans": [{"Node Type": "Index Scan", "Parent Relationship": "Outer", "Scan Direction": "Forward", "Index Name": "idx_customer_nationkey", "Relation Name": "customer", "Alias": "customer", "Startup Cost": 10000000000.0, "Total Cost": 1000019200146.25, "Plan Rows": 1500000, "Plan Width": 12}]}]}]}]}, "Unique SQL Id": 2208782157, "Planner Runtime": 6}, "explain_analyze_plan": null}, "(64, 28)": {"explain_plan": {"Plan": {"Node Type": "Sort", "Startup Cost": 726921.52, "Total Cost": 726930.74, "Plan Rows": 3688, "Plan Width": 84, "Sort Key": ["n1.n_name", "n2.n_name", "(date_part('year'::text, lineitem.l_shipdate))"], "Plans": [{"Node Type": "Aggregate", "Strategy": "Hashed", "Parent Relationship": "Outer", "Startup Cost": 726656.93, "Total Cost": 726703.03, "Plan Rows": 3688, "Plan Width": 84, "Group By Key": ["n1.n_name", "n2.n_name", "date_part('year'::text, lineitem.l_shipdate)"], "Plans": [{"Node Type": "Merge Join", "Parent Relationship": "Outer", "Join Type": "Inner", "Startup Cost": 716715.31, "Total Cost": 726601.61, "Plan Rows": 3688, "Plan Width": 76, "Inner Unique": false, "Merge Cond": "(supplier.s_suppkey = lineitem.l_suppkey)", "Join Filter": "(n1.n_nationkey = supplier.s_nationkey)", "Plans": [{"Node Type": "Index Scan", "Parent Relationship": "Outer", "Scan Direction": "Forward", "Index Name": "supplier_pkey", "Relation Name": "supplier", "Alias": "supplier", "Startup Cost": 0.0, "Total Cost": 5334.54, "Plan Rows": 100000, "Plan Width": 12}, {"Node Type": "Sort", "Parent Relationship": "Inner", "Startup Cost": 716714.94, "Total Cost": 718566.9, "Plan Rows": 740786, "Plan Width": 88, "Sort Key": ["lineitem.l_suppkey"], "Plans": [{"Node Type": "Nested Loop", "Parent Relationship": "Outer", "Join Type": "Inner", "Startup Cost": 0.0, "Total Cost": 644493.13, "Plan Rows": 740786, "Plan Width": 88, "Inner Unique": false, "Plans": [{"Node Type": "Nested Loop", "Parent Relationship": "Outer", "Join Type": "Inner", "Startup Cost": 0.0, "Total Cost": 167755.5, "Plan Rows": 504972, "Plan Width": 64, "Inner Unique": false, "Plans": [{"Node Type": "Nested Loop", "Parent Relationship": "Outer", "Join Type": "Inner", "Startup Cost": 0.0, "Total Cost": 16632.98, "Plan Rows": 119904, "Plan Width": 64, "Inner Unique": false, "Plans": [{"Node Type": "Nested Loop", "Parent Relationship": "Outer", "Join Type": "Inner", "Startup Cost": 0.0, "Total Cost": 28.12, "Plan Rows": 2, "Plan Width": 60, "Inner Unique": false, "Join Filter": "(((n1.n_name = 'JAPAN'::bpchar) AND (n2.n_name = 'INDIA'::bpchar)) OR ((n1.n_name = 'INDIA'::bpchar) AND (n2.n_name = 'JAPAN'::bpchar)))", "Plans": [{"Node Type": "Index Scan", "Parent Relationship": "Outer", "Scan Direction": "Forward", "Index Name": "nation_pkey", "Relation Name": "nation", "Alias": "n1", "Startup Cost": 0.0, "Total Cost": 12.75, "Plan Rows": 25, "Plan Width": 30, "Filter": "((n_name = 'JAPAN'::bpchar) OR (n_name = 'INDIA'::bpchar))"}, {"Node Type": "Materialize", "Parent Relationship": "Inner", "Startup Cost": 0.0, "Total Cost": 1.38, "Plan Rows": 25, "Plan Width": 30, "Plans": [{"Node Type": "Seq Scan", "Parent Relationship": "Outer", "Relation Name": "nation", "Alias": "n2", "Startup Cost": 0.0, "Total Cost": 1.25, "Plan Rows": 25, "Plan Width": 30, "Filter": "((n_name = 'INDIA'::bpchar) OR (n_name = 'JAPAN'::bpchar))"}]}]}, {"Node Type": "Index Scan", "Parent Relationship": "Inner", "Scan Direction": "Forward", "Index Name": "idx_customer_nationkey", "Relation Name": "customer", "Alias": "customer", "Startup Cost": 0.0, "Total Cost": 7702.43, "Plan Rows": 60000, "Plan Width": 12, "Index Cond": "(c_nationkey = n2.n_nationkey)"}]}, {"Node Type": "Index Scan", "Parent Relationship": "Inner", "Scan Direction": "Forward", "Index Name": "idx_orders_custkey", "Relation Name": "orders", "Alias": "orders", "Startup Cost": 0.0, "Total Cost": 1.22, "Plan Rows": 4, "Plan Width": 16, "Index Cond": "(o_custkey = customer.c_custkey)"}]}, {"Node Type": "Index Scan", "Parent Relationship": "Inner", "Scan Direction": "Forward", "Index Name": "idx_lineitem_orderkey", "Relation Name": "lineitem", "Alias": "lineitem", "Startup Cost": 0.0, "Total Cost": 0.91, "Plan Rows": 3, "Plan Width": 40, "Index Cond": "(l_orderkey = orders.o_orderkey)", "Filter": "((l_shipdate >= '1995-01-01 00:00:00'::timestamp(0) without time zone) AND (l_shipdate <= '1996-12-31 00:00:00'::timestamp(0) without time zone))"}]}]}]}]}]}, "Unique SQL Id": 2208782157, "Planner Runtime": 4}, "explain_analyze_plan": {"Plan": {"Node Type": "Sort", "Startup Cost": 726921.52, "Total Cost": 726930.74, "Plan Rows": 3688, "Plan Width": 84, "Actual Startup Time": 21223.122, "Actual Total Time": 21223.122, "Actual Rows": 4, "Actual Loops": 1, "Sort Key": ["n1.n_name", "n2.n_name", "(date_part('year'::text, lineitem.l_shipdate))"], "Sort Method": "quicksort", "Sort Space Used": 25, "Sort Space Type": "Memory", "Plans": [{"Node Type": "Aggregate", "Strategy": "Hashed", "Parent Relationship": "Outer", "Startup Cost": 726656.93, "Total Cost": 726703.03, "Plan Rows": 3688, "Plan Width": 84, "Actual Startup Time": 21223.081, "Actual Total Time": 21223.087, "Actual Rows": 4, "Actual Loops": 1, "Group By Key": ["n1.n_name", "n2.n_name", "date_part('year'::text, lineitem.l_shipdate)"], "Plans": [{"Node Type": "Merge Join", "Parent Relationship": "Outer", "Join Type": "Inner", "Startup Cost": 716715.31, "Total Cost": 726601.61, "Plan Rows": 3688, "Plan Width": 76, "Actual Startup Time": 20167.391, "Actual Total Time": 21163.183, "Actual Rows": 58554, "Actual Loops": 1, "Inner Unique": false, "Merge Cond": "(supplier.s_suppkey = lineitem.l_suppkey)", "Join Filter": "(n1.n_nationkey = supplier.s_nationkey)", "Rows Removed by Join Filter": 0, "Plans": [{"Node Type": "Index Scan", "Parent Relationship": "Outer", "Scan Direction": "Forward", "Index Name": "supplier_pkey", "Relation Name": "supplier", "Alias": "supplier", "Startup Cost": 0.0, "Total Cost": 5334.54, "Plan Rows": 100000, "Plan Width": 12, "Actual Startup Time": 0.023, "Actual Total Time": 70.686, "Actual Rows": 100000, "Actual Loops": 1}, {"Node Type": "Sort", "Parent Relationship": "Inner", "Startup Cost": 716714.94, "Total Cost": 718566.9, "Plan Rows": 740786, "Plan Width": 88, "Actual Startup Time": 20165.776, "Actual Total Time": 20539.559, "Actual Rows": 1459150, "Actual Loops": 1, "Sort Key": ["lineitem.l_suppkey"], "Sort Method": "quicksort", "Sort Space Used": 277145, "Sort Space Type": "Memory", "Plans": [{"Node Type": "Nested Loop", "Parent Relationship": "Outer", "Join Type": "Inner", "Startup Cost": 0.0, "Total Cost": 644493.13, "Plan Rows": 740786, "Plan Width": 88, "Actual Startup Time": 0.176, "Actual Total Time": 19442.261, "Actual Rows": 1459150, "Actual Loops": 1, "Inner Unique": false, "Plans": [{"Node Type": "Nested Loop", "Parent Relationship": "Outer", "Join Type": "Inner", "Startup Cost": 0.0, "Total Cost": 167755.5, "Plan Rows": 504972, "Plan Width": 64, "Actual Startup Time": 0.1, "Actual Total Time": 4092.544, "Actual Rows": 1200363, "Actual Loops": 1, "Inner Unique": false, "Plans": [{"Node Type": "Nested Loop", "Parent Relationship": "Outer", "Join Type": "Inner", "Startup Cost": 0.0, "Total Cost": 16632.98, "Plan Rows": 119904, "Plan Width": 64, "Actual Startup Time": 0.087, "Actual Total Time": 221.616, "Actual Rows": 119972, "Actual Loops": 1, "Inner Unique": false, "Plans": [{"Node Type": "Nested Loop", "Parent Relationship": "Outer", "Join Type": "Inner", "Startup Cost": 0.0, "Total Cost": 28.12, "Plan Rows": 2, "Plan Width": 60, "Actual Startup Time": 0.052, "Actual Total Time": 0.158, "Actual Rows": 2, "Actual Loops": 1, "Inner Unique": false, "Join Filter": "(((n1.n_name = 'JAPAN'::bpchar) AND (n2.n_name = 'INDIA'::bpchar)) OR ((n1.n_name = 'INDIA'::bpchar) AND (n2.n_name = 'JAPAN'::bpchar)))", "Rows Removed by Join Filter": 2, "Plans": [{"Node Type": "Index Scan", "Parent Relationship": "Outer", "Scan Direction": "Forward", "Index Name": "nation_pkey", "Relation Name": "nation", "Alias": "n1", "Startup Cost": 0.0, "Total Cost": 12.75, "Plan Rows": 25, "Plan Width": 30, "Actual Startup Time": 0.015, "Actual Total Time": 0.045, "Actual Rows": 2, "Actual Loops": 1, "Filter": "((n_name = 'JAPAN'::bpchar) OR (n_name = 'INDIA'::bpchar))", "Rows Removed by Filter": 23}, {"Node Type": "Materialize", "Parent Relationship": "Inner", "Startup Cost": 0.0, "Total Cost": 1.38, "Plan Rows": 25, "Plan Width": 30, "Actual Startup Time": 0.028, "Actual Total Time": 0.056, "Actual Rows": 4, "Actual Loops": 2, "Plans": [{"Node Type": "Seq Scan", "Parent Relationship": "Outer", "Relation Name": "nation", "Alias": "n2", "Startup Cost": 0.0, "Total Cost": 1.25, "Plan Rows": 25, "Plan Width": 30, "Actual Startup Time": 0.018, "Actual Total Time": 0.034, "Actual Rows": 2, "Actual Loops": 1, "Filter": "((n_name = 'INDIA'::bpchar) OR (n_name = 'JAPAN'::bpchar))", "Rows Removed by Filter": 23}]}]}, {"Node Type": "Index Scan", "Parent Relationship": "Inner", "Scan Direction": "Forward", "Index Name": "idx_customer_nationkey", "Relation Name": "customer", "Alias": "customer", "Startup Cost": 0.0, "Total Cost": 7702.43, "Plan Rows": 60000, "Plan Width": 12, "Actual Startup Time": 0.053, "Actual Total Time": 190.403, "Actual Rows": 119972, "Actual Loops": 2, "Index Cond": "(c_nationkey = n2.n_nationkey)", "Rows Removed by Index Recheck": 0}]}, {"Node Type": "Index Scan", "Parent Relationship": "Inner", "Scan Direction": "Forward", "Index Name": "idx_orders_custkey", "Relation Name": "orders", "Alias": "orders", "Startup Cost": 0.0, "Total Cost": 1.22, "Plan Rows": 4, "Plan Width": 16, "Actual Startup Time": 759.882, "Actual Total Time": 3509.583, "Actual Rows": 1200363, "Actual Loops": 119972, "Index Cond": "(o_custkey = customer.c_custkey)", "Rows Removed by Index Recheck": 0}]}, {"Node Type": "Index Scan", "Parent Relationship": "Inner", "Scan Direction": "Forward", "Index Name": "idx_lineitem_orderkey", "Relation Name": "lineitem", "Alias": "lineitem", "Startup Cost": 0.0, "Total Cost": 0.91, "Plan Rows": 3, "Plan Width": 40, "Actual Startup Time": 13198.143, "Actual Total Time": 14366.087, "Actual Rows": 1459150, "Actual Loops": 1200363, "Index Cond": "(l_orderkey = orders.o_orderkey)", "Rows Removed by Index Recheck": 0, "Filter": "((l_shipdate >= '1995-01-01 00:00:00'::timestamp(0) without time zone) AND (l_shipdate <= '1996-12-31 00:00:00'::timestamp(0) without time zone))", "Rows Removed by Filter": 3342563}]}]}]}]}]}, "Triggers": [], "Planner Runtime": 4, "Total Runtime": 21223.343, "Unique SQL Id": 2208782157}}, "(64, 29)": {"explain_plan": {"Plan": {"Node Type": "Sort", "Startup Cost": 726933.02, "Total Cost": 726942.24, "Plan Rows": 3688, "Plan Width": 84, "Sort Key": ["n1.n_name", "n2.n_name", "(date_part('year'::text, lineitem.l_shipdate))"], "Plans": [{"Node Type": "Aggregate", "Strategy": "Hashed", "Parent Relationship": "Outer", "Startup Cost": 726668.43, "Total Cost": 726714.53, "Plan Rows": 3688, "Plan Width": 84, "Group By Key": ["n1.n_name", "n2.n_name", "date_part('year'::text, lineitem.l_shipdate)"], "Plans": [{"Node Type": "Merge Join", "Parent Relationship": "Outer", "Join Type": "Inner", "Startup Cost": 716726.81, "Total Cost": 726613.11, "Plan Rows": 3688, "Plan Width": 76, "Inner Unique": false, "Merge Cond": "(supplier.s_suppkey = lineitem.l_suppkey)", "Join Filter": "(n1.n_nationkey = supplier.s_nationkey)", "Plans": [{"Node Type": "Index Scan", "Parent Relationship": "Outer", "Scan Direction": "Forward", "Index Name": "supplier_pkey", "Relation Name": "supplier", "Alias": "supplier", "Startup Cost": 0.0, "Total Cost": 5334.54, "Plan Rows": 100000, "Plan Width": 12}, {"Node Type": "Sort", "Parent Relationship": "Inner", "Startup Cost": 716726.44, "Total Cost": 718578.4, "Plan Rows": 740786, "Plan Width": 88, "Sort Key": ["lineitem.l_suppkey"], "Plans": [{"Node Type": "Nested Loop", "Parent Relationship": "Outer", "Join Type": "Inner", "Startup Cost": 0.0, "Total Cost": 644504.63, "Plan Rows": 740786, "Plan Width": 88, "Inner Unique": false, "Plans": [{"Node Type": "Nested Loop", "Parent Relationship": "Outer", "Join Type": "Inner", "Startup Cost": 0.0, "Total Cost": 167767.0, "Plan Rows": 504972, "Plan Width": 64, "Inner Unique": false, "Plans": [{"Node Type": "Nested Loop", "Parent Relationship": "Outer", "Join Type": "Inner", "Startup Cost": 0.0, "Total Cost": 16644.48, "Plan Rows": 119904, "Plan Width": 64, "Inner Unique": false, "Plans": [{"Node Type": "Nested Loop", "Parent Relationship": "Outer", "Join Type": "Inner", "Startup Cost": 0.0, "Total Cost": 39.62, "Plan Rows": 2, "Plan Width": 60, "Inner Unique": false, "Join Filter": "(((n1.n_name = 'JAPAN'::bpchar) AND (n2.n_name = 'INDIA'::bpchar)) OR ((n1.n_name = 'INDIA'::bpchar) AND (n2.n_name = 'JAPAN'::bpchar)))", "Plans": [{"Node Type": "Index Scan", "Parent Relationship": "Outer", "Scan Direction": "Forward", "Index Name": "nation_pkey", "Relation Name": "nation", "Alias": "n1", "Startup Cost": 0.0, "Total Cost": 12.75, "Plan Rows": 25, "Plan Width": 30, "Filter": "((n_name = 'JAPAN'::bpchar) OR (n_name = 'INDIA'::bpchar))"}, {"Node Type": "Materialize", "Parent Relationship": "Inner", "Startup Cost": 0.0, "Total Cost": 12.88, "Plan Rows": 25, "Plan Width": 30, "Plans": [{"Node Type": "Index Scan", "Parent Relationship": "Outer", "Scan Direction": "Forward", "Index Name": "nation_pkey", "Relation Name": "nation", "Alias": "n2", "Startup Cost": 0.0, "Total Cost": 12.75, "Plan Rows": 25, "Plan Width": 30, "Filter": "((n_name = 'INDIA'::bpchar) OR (n_name = 'JAPAN'::bpchar))"}]}]}, {"Node Type": "Index Scan", "Parent Relationship": "Inner", "Scan Direction": "Forward", "Index Name": "idx_customer_nationkey", "Relation Name": "customer", "Alias": "customer", "Startup Cost": 0.0, "Total Cost": 7702.43, "Plan Rows": 60000, "Plan Width": 12, "Index Cond": "(c_nationkey = n2.n_nationkey)"}]}, {"Node Type": "Index Scan", "Parent Relationship": "Inner", "Scan Direction": "Forward", "Index Name": "idx_orders_custkey", "Relation Name": "orders", "Alias": "orders", "Startup Cost": 0.0, "Total Cost": 1.22, "Plan Rows": 4, "Plan Width": 16, "Index Cond": "(o_custkey = customer.c_custkey)"}]}, {"Node Type": "Index Scan", "Parent Relationship": "Inner", "Scan Direction": "Forward", "Index Name": "idx_lineitem_orderkey", "Relation Name": "lineitem", "Alias": "lineitem", "Startup Cost": 0.0, "Total Cost": 0.91, "Plan Rows": 3, "Plan Width": 40, "Index Cond": "(l_orderkey = orders.o_orderkey)", "Filter": "((l_shipdate >= '1995-01-01 00:00:00'::timestamp(0) without time zone) AND (l_shipdate <= '1996-12-31 00:00:00'::timestamp(0) without time zone))"}]}]}]}]}]}, "Unique SQL Id": 2208782157, "Planner Runtime": 4}, "explain_analyze_plan": {"Plan": {"Node Type": "Sort", "Startup Cost": 726933.02, "Total Cost": 726942.24, "Plan Rows": 3688, "Plan Width": 84, "Actual Startup Time": 21603.05, "Actual Total Time": 21603.05, "Actual Rows": 4, "Actual Loops": 1, "Sort Key": ["n1.n_name", "n2.n_name", "(date_part('year'::text, lineitem.l_shipdate))"], "Sort Method": "quicksort", "Sort Space Used": 25, "Sort Space Type": "Memory", "Plans": [{"Node Type": "Aggregate", "Strategy": "Hashed", "Parent Relationship": "Outer", "Startup Cost": 726668.43, "Total Cost": 726714.53, "Plan Rows": 3688, "Plan Width": 84, "Actual Startup Time": 21603.013, "Actual Total Time": 21603.019, "Actual Rows": 4, "Actual Loops": 1, "Group By Key": ["n1.n_name", "n2.n_name", "date_part('year'::text, lineitem.l_shipdate)"], "Plans": [{"Node Type": "Merge Join", "Parent Relationship": "Outer", "Join Type": "Inner", "Startup Cost": 716726.81, "Total Cost": 726613.11, "Plan Rows": 3688, "Plan Width": 76, "Actual Startup Time": 20527.326, "Actual Total Time": 21542.994, "Actual Rows": 58554, "Actual Loops": 1, "Inner Unique": false, "Merge Cond": "(supplier.s_suppkey = lineitem.l_suppkey)", "Join Filter": "(n1.n_nationkey = supplier.s_nationkey)", "Rows Removed by Join Filter": 0, "Plans": [{"Node Type": "Index Scan", "Parent Relationship": "Outer", "Scan Direction": "Forward", "Index Name": "supplier_pkey", "Relation Name": "supplier", "Alias": "supplier", "Startup Cost": 0.0, "Total Cost": 5334.54, "Plan Rows": 100000, "Plan Width": 12, "Actual Startup Time": 0.021, "Actual Total Time": 63.339, "Actual Rows": 100000, "Actual Loops": 1}, {"Node Type": "Sort", "Parent Relationship": "Inner", "Startup Cost": 716726.44, "Total Cost": 718578.4, "Plan Rows": 740786, "Plan Width": 88, "Actual Startup Time": 20526.806, "Actual Total Time": 20914.321, "Actual Rows": 1459150, "Actual Loops": 1, "Sort Key": ["lineitem.l_suppkey"], "Sort Method": "quicksort", "Sort Space Used": 277145, "Sort Space Type": "Memory", "Plans": [{"Node Type": "Nested Loop", "Parent Relationship": "Outer", "Join Type": "Inner", "Startup Cost": 0.0, "Total Cost": 644504.63, "Plan Rows": 740786, "Plan Width": 88, "Actual Startup Time": 0.168, "Actual Total Time": 19805.05, "Actual Rows": 1459150, "Actual Loops": 1, "Inner Unique": false, "Plans": [{"Node Type": "Nested Loop", "Parent Relationship": "Outer", "Join Type": "Inner", "Startup Cost": 0.0, "Total Cost": 167767.0, "Plan Rows": 504972, "Plan Width": 64, "Actual Startup Time": 0.098, "Actual Total Time": 4274.954, "Actual Rows": 1200363, "Actual Loops": 1, "Inner Unique": false, "Plans": [{"Node Type": "Nested Loop", "Parent Relationship": "Outer", "Join Type": "Inner", "Startup Cost": 0.0, "Total Cost": 16644.48, "Plan Rows": 119904, "Plan Width": 64, "Actual Startup Time": 0.085, "Actual Total Time": 233.749, "Actual Rows": 119972, "Actual Loops": 1, "Inner Unique": false, "Plans": [{"Node Type": "Nested Loop", "Parent Relationship": "Outer", "Join Type": "Inner", "Startup Cost": 0.0, "Total Cost": 39.62, "Plan Rows": 2, "Plan Width": 60, "Actual Startup Time": 0.047, "Actual Total Time": 0.235, "Actual Rows": 2, "Actual Loops": 1, "Inner Unique": false, "Join Filter": "(((n1.n_name = 'JAPAN'::bpchar) AND (n2.n_name = 'INDIA'::bpchar)) OR ((n1.n_name = 'INDIA'::bpchar) AND (n2.n_name = 'JAPAN'::bpchar)))", "Rows Removed by Join Filter": 2, "Plans": [{"Node Type": "Index Scan", "Parent Relationship": "Outer", "Scan Direction": "Forward", "Index Name": "nation_pkey", "Relation Name": "nation", "Alias": "n1", "Startup Cost": 0.0, "Total Cost": 12.75, "Plan Rows": 25, "Plan Width": 30, "Actual Startup Time": 0.017, "Actual Total Time": 0.047, "Actual Rows": 2, "Actual Loops": 1, "Filter": "((n_name = 'JAPAN'::bpchar) OR (n_name = 'INDIA'::bpchar))", "Rows Removed by Filter": 23}, {"Node Type": "Materialize", "Parent Relationship": "Inner", "Startup Cost": 0.0, "Total Cost": 12.88, "Plan Rows": 25, "Plan Width": 30, "Actual Startup Time": 0.022, "Actual Total Time": 0.145, "Actual Rows": 4, "Actual Loops": 2, "Plans": [{"Node Type": "Index Scan", "Parent Relationship": "Outer", "Scan Direction": "Forward", "Index Name": "nation_pkey", "Relation Name": "nation", "Alias": "n2", "Startup Cost": 0.0, "Total Cost": 12.75, "Plan Rows": 25, "Plan Width": 30, "Actual Startup Time": 0.011, "Actual Total Time": 0.051, "Actual Rows": 2, "Actual Loops": 1, "Filter": "((n_name = 'INDIA'::bpchar) OR (n_name = 'JAPAN'::bpchar))", "Rows Removed by Filter": 23}]}]}, {"Node Type": "Index Scan", "Parent Relationship": "Inner", "Scan Direction": "Forward", "Index Name": "idx_customer_nationkey", "Relation Name": "customer", "Alias": "customer", "Startup Cost": 0.0, "Total Cost": 7702.43, "Plan Rows": 60000, "Plan Width": 12, "Actual Startup Time": 0.062, "Actual Total Time": 200.221, "Actual Rows": 119972, "Actual Loops": 2, "Index Cond": "(c_nationkey = n2.n_nationkey)", "Rows Removed by Index Recheck": 0}]}, {"Node Type": "Index Scan", "Parent Relationship": "Inner", "Scan Direction": "Forward", "Index Name": "idx_orders_custkey", "Relation Name": "orders", "Alias": "orders", "Startup Cost": 0.0, "Total Cost": 1.22, "Plan Rows": 4, "Plan Width": 16, "Actual Startup Time": 786.639, "Actual Total Time": 3690.003, "Actual Rows": 1200363, "Actual Loops": 119972, "Index Cond": "(o_custkey = customer.c_custkey)", "Rows Removed by Index Recheck": 0}]}, {"Node Type": "Index Scan", "Parent Relationship": "Inner", "Scan Direction": "Forward", "Index Name": "idx_lineitem_orderkey", "Relation Name": "lineitem", "Alias": "lineitem", "Startup Cost": 0.0, "Total Cost": 0.91, "Plan Rows": 3, "Plan Width": 40, "Actual Startup Time": 13401.571, "Actual Total Time": 14550.105, "Actual Rows": 1459150, "Actual Loops": 1200363, "Index Cond": "(l_orderkey = orders.o_orderkey)", "Rows Removed by Index Recheck": 0, "Filter": "((l_shipdate >= '1995-01-01 00:00:00'::timestamp(0) without time zone) AND (l_shipdate <= '1996-12-31 00:00:00'::timestamp(0) without time zone))", "Rows Removed by Filter": 3342563}]}]}]}]}]}, "Triggers": [], "Planner Runtime": 4, "Total Runtime": 21603.271, "Unique SQL Id": 2208782157}}, "(64, 30)": {"explain_plan": {"Plan": {"Node Type": "Sort", "Startup Cost": 7122675.58, "Total Cost": 7122684.8, "Plan Rows": 3688, "Plan Width": 84, "Sort Key": ["n1.n_name", "n2.n_name", "(date_part('year'::text, lineitem.l_shipdate))"], "Plans": [{"Node Type": "Aggregate", "Strategy": "Hashed", "Parent Relationship": "Outer", "Startup Cost": 7122411.0, "Total Cost": 7122457.1, "Plan Rows": 3688, "Plan Width": 84, "Group By Key": ["n1.n_name", "n2.n_name", "date_part('year'::text, lineitem.l_shipdate)"], "Plans": [{"Node Type": "Merge Join", "Parent Relationship": "Outer", "Join Type": "Inner", "Startup Cost": 7110368.35, "Total Cost": 7122355.68, "Plan Rows": 3688, "Plan Width": 76, "Inner Unique": true, "Merge Cond": "((orders.o_custkey = customer.c_custkey) AND (n2.n_nationkey = customer.c_nationkey))", "Plans": [{"Node Type": "Sort", "Parent Relationship": "Outer", "Startup Cost": 6904368.06, "Total Cost": 6904598.58, "Plan Rows": 92207, "Plan Width": 88, "Sort Key": ["orders.o_custkey", "n2.n_nationkey"], "Plans": [{"Node Type": "Merge Join", "Parent Relationship": "Outer", "Join Type": "Inner", "Startup Cost": 6820386.67, "Total Cost": 6896764.4, "Plan Rows": 92207, "Plan Width": 88, "Inner Unique": true, "Merge Cond": "(lineitem.l_orderkey = orders.o_orderkey)", "Plans": [{"Node Type": "Sort", "Parent Relationship": "Outer", "Startup Cost": 4606151.54, "Total Cost": 4606382.06, "Plan Rows": 92207, "Plan Width": 88, "Sort Key": ["lineitem.l_orderkey"], "Plans": [{"Node Type": "Merge Join", "Parent Relationship": "Outer", "Join Type": "Inner", "Startup Cost": 4506978.84, "Total Cost": 4598547.88, "Plan Rows": 92207, "Plan Width": 88, "Inner Unique": false, "Merge Cond": "(supplier.s_suppkey = lineitem.l_suppkey)", "Plans": [{"Node Type": "Sort", "Parent Relationship": "Outer", "Startup Cost": 6817.83, "Total Cost": 6837.81, "Plan Rows": 7994, "Plan Width": 64, "Sort Key": ["supplier.s_suppkey"], "Plans": [{"Node Type": "Nested Loop", "Parent Relationship": "Outer", "Join Type": "Inner", "Startup Cost": 0.0, "Total Cost": 6299.63, "Plan Rows": 7994, "Plan Width": 64, "Inner Unique": false, "Join Filter": "(n1.n_nationkey = supplier.s_nationkey)", "Plans": [{"Node Type": "Seq Scan", "Parent Relationship": "Outer", "Relation Name": "supplier", "Alias": "supplier", "Startup Cost": 0.0, "Total Cost": 3283.0, "Plan Rows": 100000, "Plan Width": 12}, {"Node Type": "Materialize", "Parent Relationship": "Inner", "Startup Cost": 0.0, "Total Cost": 16.64, "Plan Rows": 2, "Plan Width": 60, "Plans": [{"Node Type": "Nested Loop", "Parent Relationship": "Outer", "Join Type": "Inner", "Startup Cost": 0.0, "Total Cost": 16.62, "Plan Rows": 2, "Plan Width": 60, "Inner Unique": false, "Join Filter": "(((n1.n_name = 'JAPAN'::bpchar) AND (n2.n_name = 'INDIA'::bpchar)) OR ((n1.n_name = 'INDIA'::bpchar) AND (n2.n_name = 'JAPAN'::bpchar)))", "Plans": [{"Node Type": "Seq Scan", "Parent Relationship": "Outer", "Relation Name": "nation", "Alias": "n1", "Startup Cost": 0.0, "Total Cost": 1.25, "Plan Rows": 25, "Plan Width": 30, "Filter": "((n_name = 'JAPAN'::bpchar) OR (n_name = 'INDIA'::bpchar))"}, {"Node Type": "Materialize", "Parent Relationship": "Inner", "Startup Cost": 0.0, "Total Cost": 1.38, "Plan Rows": 25, "Plan Width": 30, "Plans": [{"Node Type": "Seq Scan", "Parent Relationship": "Outer", "Relation Name": "nation", "Alias": "n2", "Startup Cost": 0.0, "Total Cost": 1.25, "Plan Rows": 25, "Plan Width": 30, "Filter": "((n_name = 'INDIA'::bpchar) OR (n_name = 'JAPAN'::bpchar))"}]}]}]}]}]}, {"Node Type": "Sort", "Parent Relationship": "Inner", "Startup Cost": 4500152.01, "Total Cost": 4545464.49, "Plan Rows": 18124991, "Plan Width": 40, "Sort Key": ["lineitem.l_suppkey"], "Plans": [{"Node Type": "Seq Scan", "Parent Relationship": "Outer", "Relation Name": "lineitem", "Alias": "lineitem", "Startup Cost": 44.59, "Total Cost": 2315050.5, "Plan Rows": 18124991, "Plan Width": 40, "Filter": "((l_shipdate >= '1995-01-01 00:00:00'::timestamp(0) without time zone) AND (l_shipdate <= '1996-12-31 00:00:00'::timestamp(0) without time zone)), (LLVM Optimized)"}]}]}]}, {"Node Type": "Sort", "Parent Relationship": "Inner", "Startup Cost": 2214232.37, "Total Cost": 2251731.07, "Plan Rows": 14999479, "Plan Width": 16, "Sort Key": ["orders.o_orderkey"], "Plans": [{"Node Type": "Seq Scan", "Parent Relationship": "Outer", "Relation Name": "orders", "Alias": "orders", "Startup Cost": 0.0, "Total Cost": 426413.79, "Plan Rows": 14999479, "Plan Width": 16}]}]}]}, {"Node Type": "Sort", "Parent Relationship": "Inner", "Startup Cost": 205999.98, "Total Cost": 209749.98, "Plan Rows": 1500000, "Plan Width": 12, "Sort Key": ["customer.c_custkey", "customer.c_nationkey"], "Plans": [{"Node Type": "Seq Scan", "Parent Relationship": "Outer", "Relation Name": "customer", "Alias": "customer", "Startup Cost": 0.0, "Total Cost": 52126.0, "Plan Rows": 1500000, "Plan Width": 12}]}]}]}]}, "Unique SQL Id": 2208782157, "Planner Runtime": 4}, "explain_analyze_plan": null}, "(64, 31)": {"explain_plan": {"Plan": {"Node Type": "Sort", "Startup Cost": 6023462968943.18, "Total Cost": 6023462968952.4, "Plan Rows": 3688, "Plan Width": 84, "Sort Key": ["n1.n_name", "n2.n_name", "(date_part('year'::text, lineitem.l_shipdate))"], "Plans": [{"Node Type": "Aggregate", "Strategy": "Hashed", "Parent Relationship": "Outer", "Startup Cost": 6023462968678.6, "Total Cost": 6023462968724.7, "Plan Rows": 3688, "Plan Width": 84, "Group By Key": ["n1.n_name", "n2.n_name", "date_part('year'::text, lineitem.l_shipdate)"], "Plans": [{"Node Type": "Merge Join", "Parent Relationship": "Outer", "Join Type": "Inner", "Startup Cost": 60000000000.0, "Total Cost": 6023462968623.28, "Plan Rows": 3688, "Plan Width": 76, "Inner Unique": true, "Merge Cond": "(n2.n_nationkey = customer.c_nationkey)", "Join Filter": "(orders.o_custkey = customer.c_custkey)", "Plans": [{"Node Type": "Nested Loop", "Parent Relationship": "Outer", "Join Type": "Inner", "Startup Cost": 50000000000.0, "Total Cost": 5023346950887.28, "Plan Rows": 92207, "Plan Width": 88, "Inner Unique": true, "Join Filter": "(lineitem.l_orderkey = orders.o_orderkey)", "Plans": [{"Node Type": "Nested Loop", "Parent Relationship": "Outer", "Join Type": "Inner", "Startup Cost": 40000000000.0, "Total Cost": 4002527961142.79, "Plan Rows": 92207, "Plan Width": 88, "Inner Unique": false, "Join Filter": "(supplier.s_suppkey = lineitem.l_suppkey)", "Plans": [{"Node Type": "Nested Loop", "Parent Relationship": "Outer", "Join Type": "Inner", "Startup Cost": 30000000000.0, "Total Cost": 3000000539268.5, "Plan Rows": 7994, "Plan Width": 64, "Inner Unique": false, "Join Filter": "(n1.n_nationkey = supplier.s_nationkey)", "Plans": [{"Node Type": "Nested Loop", "Parent Relationship": "Outer", "Join Type": "Inner", "Startup Cost": 20000000000.0, "Total Cost": 2000000002564.12, "Plan Rows": 2, "Plan Width": 60, "Inner Unique": false, "Join Filter": "(((n1.n_name = 'JAPAN'::bpchar) AND (n2.n_name = 'INDIA'::bpchar)) OR ((n1.n_name = 'INDIA'::bpchar) AND (n2.n_name = 'JAPAN'::bpchar)))", "Plans": [{"Node Type": "Index Scan", "Parent Relationship": "Outer", "Scan Direction": "Forward", "Index Name": "nation_pkey", "Relation Name": "nation", "Alias": "n2", "Startup Cost": 10000000000.0, "Total Cost": 1000000001275.0, "Plan Rows": 25, "Plan Width": 30, "Filter": "((n_name = 'INDIA'::bpchar) OR (n_name = 'JAPAN'::bpchar))"}, {"Node Type": "Materialize", "Parent Relationship": "Inner", "Startup Cost": 10000000000.0, "Total Cost": 1000000001275.12, "Plan Rows": 25, "Plan Width": 30, "Plans": [{"Node Type": "Index Scan", "Parent Relationship": "Outer", "Scan Direction": "Forward", "Index Name": "nation_pkey", "Relation Name": "nation", "Alias": "n1", "Startup Cost": 10000000000.0, "Total Cost": 1000000001275.0, "Plan Rows": 25, "Plan Width": 30, "Filter": "((n_name = 'JAPAN'::bpchar) OR (n_name = 'INDIA'::bpchar))"}]}]}, {"Node Type": "Materialize", "Parent Relationship": "Inner", "Startup Cost": 10000000000.0, "Total Cost": 1000000533954.38, "Plan Rows": 100000, "Plan Width": 12, "Plans": [{"Node Type": "Index Scan", "Parent Relationship": "Outer", "Scan Direction": "Forward", "Index Name": "supplier_pkey", "Relation Name": "supplier", "Alias": "supplier", "Startup Cost": 10000000000.0, "Total Cost": 1000000533454.38, "Plan Rows": 100000, "Plan Width": 12}]}]}, {"Node Type": "Materialize", "Parent Relationship": "Inner", "Startup Cost": 10000000000.0, "Total Cost": 1000354099515.95, "Plan Rows": 18124991, "Plan Width": 40, "Plans": [{"Node Type": "Index Scan", "Parent Relationship": "Outer", "Scan Direction": "Forward", "Index Name": "idx_lineitem_orderkey", "Relation Name": "lineitem", "Alias": "lineitem", "Startup Cost": 10000000000.0, "Total Cost": 1000354008891.0, "Plan Rows": 18124991, "Plan Width": 40, "Filter": "((l_shipdate >= '1995-01-01 00:00:00'::timestamp(0) without time zone) AND (l_shipdate <= '1996-12-31 00:00:00'::timestamp(0) without time zone)), (LLVM Optimized)"}]}]}, {"Node Type": "Materialize", "Parent Relationship": "Inner", "Startup Cost": 10000000000.0, "Total Cost": 1000073172840.9, "Plan Rows": 14999479, "Plan Width": 16, "Plans": [{"Node Type": "Index Scan", "Parent Relationship": "Outer", "Scan Direction": "Forward", "Index Name": "orders_pkey", "Relation Name": "orders", "Alias": "orders", "Startup Cost": 10000000000.0, "Total Cost": 1000073097843.5, "Plan Rows": 14999479, "Plan Width": 16}]}]}, {"Node Type": "Materialize", "Parent Relationship": "Inner", "Startup Cost": 10000000000.0, "Total Cost": 1000019203896.25, "Plan Rows": 1500000, "Plan Width": 12, "Plans": [{"Node Type": "Index Scan", "Parent Relationship": "Outer", "Scan Direction": "Forward", "Index Name": "idx_customer_nationkey", "Relation Name": "customer", "Alias": "customer", "Startup Cost": 10000000000.0, "Total Cost": 1000019200146.25, "Plan Rows": 1500000, "Plan Width": 12}]}]}]}]}, "Unique SQL Id": 2208782157, "Planner Runtime": 5}, "explain_analyze_plan": null}, "(64, 32)": {"explain_plan": {"Plan": {"Node Type": "Sort", "Startup Cost": 653440.12, "Total Cost": 653449.34, "Plan Rows": 3688, "Plan Width": 84, "Sort Key": ["n1.n_name", "n2.n_name", "(date_part('year'::text, lineitem.l_shipdate))"], "Plans": [{"Node Type": "Aggregate", "Strategy": "Hashed", "Parent Relationship": "Outer", "Startup Cost": 653175.54, "Total Cost": 653221.64, "Plan Rows": 3688, "Plan Width": 84, "Group By Key": ["n1.n_name", "n2.n_name", "date_part('year'::text, lineitem.l_shipdate)"], "Plans": [{"Node Type": "Hash Join", "Parent Relationship": "Outer", "Join Type": "Inner", "Startup Cost": 5813.37, "Total Cost": 653120.22, "Plan Rows": 3688, "Plan Width": 76, "Inner Unique": true, "Hash Cond": "((lineitem.l_suppkey = supplier.s_suppkey) AND (n1.n_nationkey = supplier.s_nationkey))", "Plans": [{"Node Type": "Nested Loop", "Parent Relationship": "Outer", "Join Type": "Inner", "Startup Cost": 1030.37, "Total Cost": 642753.24, "Plan Rows": 740786, "Plan Width": 88, "Inner Unique": false, "Plans": [{"Node Type": "Nested Loop", "Parent Relationship": "Outer", "Join Type": "Inner", "Startup Cost": 1030.37, "Total Cost": 166015.61, "Plan Rows": 504972, "Plan Width": 64, "Inner Unique": false, "Plans": [{"Node Type": "Nested Loop", "Parent Relationship": "Outer", "Join Type": "Inner", "Startup Cost": 1030.37, "Total Cost": 14893.09, "Plan Rows": 119904, "Plan Width": 64, "Inner Unique": false, "Plans": [{"Node Type": "Nested Loop", "Parent Relationship": "Outer", "Join Type": "Inner", "Startup Cost": 0.0, "Total Cost": 28.12, "Plan Rows": 2, "Plan Width": 60, "Inner Unique": false, "Join Filter": "(((n1.n_name = 'JAPAN'::bpchar) AND (n2.n_name = 'INDIA'::bpchar)) OR ((n1.n_name = 'INDIA'::bpchar) AND (n2.n_name = 'JAPAN'::bpchar)))", "Plans": [{"Node Type": "Index Scan", "Parent Relationship": "Outer", "Scan Direction": "Forward", "Index Name": "nation_pkey", "Relation Name": "nation", "Alias": "n1", "Startup Cost": 0.0, "Total Cost": 12.75, "Plan Rows": 25, "Plan Width": 30, "Filter": "((n_name = 'JAPAN'::bpchar) OR (n_name = 'INDIA'::bpchar))"}, {"Node Type": "Materialize", "Parent Relationship": "Inner", "Startup Cost": 0.0, "Total Cost": 1.38, "Plan Rows": 25, "Plan Width": 30, "Plans": [{"Node Type": "Seq Scan", "Parent Relationship": "Outer", "Relation Name": "nation", "Alias": "n2", "Startup Cost": 0.0, "Total Cost": 1.25, "Plan Rows": 25, "Plan Width": 30, "Filter": "((n_name = 'INDIA'::bpchar) OR (n_name = 'JAPAN'::bpchar))"}]}]}, {"Node Type": "Bitmap Heap Scan", "Parent Relationship": "Inner", "Relation Name": "customer", "Alias": "customer", "Startup Cost": 1030.37, "Total Cost": 6832.48, "Plan Rows": 60000, "Plan Width": 12, "Recheck Cond": "(c_nationkey = n2.n_nationkey)", "Plans": [{"Node Type": "Bitmap Index Scan", "Parent Relationship": "Outer", "Index Name": "idx_customer_nationkey", "Startup Cost": 0.0, "Total Cost": 1015.37, "Plan Rows": 60000, "Plan Width": 0, "Index Cond": "(c_nationkey = n2.n_nationkey)"}]}]}, {"Node Type": "Index Scan", "Parent Relationship": "Inner", "Scan Direction": "Forward", "Index Name": "idx_orders_custkey", "Relation Name": "orders", "Alias": "orders", "Startup Cost": 0.0, "Total Cost": 1.22, "Plan Rows": 4, "Plan Width": 16, "Index Cond": "(o_custkey = customer.c_custkey)"}]}, {"Node Type": "Index Scan", "Parent Relationship": "Inner", "Scan Direction": "Forward", "Index Name": "idx_lineitem_orderkey", "Relation Name": "lineitem", "Alias": "lineitem", "Startup Cost": 0.0, "Total Cost": 0.91, "Plan Rows": 3, "Plan Width": 40, "Index Cond": "(l_orderkey = orders.o_orderkey)", "Filter": "((l_shipdate >= '1995-01-01 00:00:00'::timestamp(0) without time zone) AND (l_shipdate <= '1996-12-31 00:00:00'::timestamp(0) without time zone))"}]}, {"Node Type": "Hash", "Parent Relationship": "Inner", "Startup Cost": 3283.0, "Total Cost": 3283.0, "Plan Rows": 100000, "Plan Width": 12, "Plans": [{"Node Type": "Seq Scan", "Parent Relationship": "Outer", "Relation Name": "supplier", "Alias": "supplier", "Startup Cost": 0.0, "Total Cost": 3283.0, "Plan Rows": 100000, "Plan Width": 12}]}]}]}]}, "Unique SQL Id": 2208782157, "Planner Runtime": 3}, "explain_analyze_plan": {"Plan": {"Node Type": "Sort", "Startup Cost": 653440.12, "Total Cost": 653449.34, "Plan Rows": 3688, "Plan Width": 84, "Actual Startup Time": 19902.508, "Actual Total Time": 19902.509, "Actual Rows": 4, "Actual Loops": 1, "Sort Key": ["n1.n_name", "n2.n_name", "(date_part('year'::text, lineitem.l_shipdate))"], "Sort Method": "quicksort", "Sort Space Used": 25, "Sort Space Type": "Memory", "Plans": [{"Node Type": "Aggregate", "Strategy": "Hashed", "Parent Relationship": "Outer", "Startup Cost": 653175.54, "Total Cost": 653221.64, "Plan Rows": 3688, "Plan Width": 84, "Actual Startup Time": 19902.464, "Actual Total Time": 19902.469, "Actual Rows": 4, "Actual Loops": 1, "Group By Key": ["n1.n_name", "n2.n_name", "date_part('year'::text, lineitem.l_shipdate)"], "Plans": [{"Node Type": "Hash Join", "Parent Relationship": "Outer", "Join Type": "Inner", "Startup Cost": 5813.37, "Total Cost": 653120.22, "Plan Rows": 3688, "Plan Width": 76, "Actual Startup Time": 89.509, "Actual Total Time": 19798.021, "Actual Rows": 58554, "Actual Loops": 1, "Inner Unique": true, "Hash Cond": "((lineitem.l_suppkey = supplier.s_suppkey) AND (n1.n_nationkey = supplier.s_nationkey))", "Plans": [{"Node Type": "Nested Loop", "Parent Relationship": "Outer", "Join Type": "Inner", "Startup Cost": 1030.37, "Total Cost": 642753.24, "Plan Rows": 740786, "Plan Width": 88, "Actual Startup Time": 18.132, "Actual Total Time": 18971.637, "Actual Rows": 1459150, "Actual Loops": 1, "Inner Unique": false, "Plans": [{"Node Type": "Nested Loop", "Parent Relationship": "Outer", "Join Type": "Inner", "Startup Cost": 1030.37, "Total Cost": 166015.61, "Plan Rows": 504972, "Plan Width": 64, "Actual Startup Time": 18.049, "Actual Total Time": 3932.099, "Actual Rows": 1200363, "Actual Loops": 1, "Inner Unique": false, "Plans": [{"Node Type": "Nested Loop", "Parent Relationship": "Outer", "Join Type": "Inner", "Startup Cost": 1030.37, "Total Cost": 14893.09, "Plan Rows": 119904, "Plan Width": 64, "Actual Startup Time": 18.018, "Actual Total Time": 279.492, "Actual Rows": 119972, "Actual Loops": 1, "Inner Unique": false, "Plans": [{"Node Type": "Nested Loop", "Parent Relationship": "Outer", "Join Type": "Inner", "Startup Cost": 0.0, "Total Cost": 28.12, "Plan Rows": 2, "Plan Width": 60, "Actual Startup Time": 0.056, "Actual Total Time": 0.32, "Actual Rows": 2, "Actual Loops": 1, "Inner Unique": false, "Join Filter": "(((n1.n_name = 'JAPAN'::bpchar) AND (n2.n_name = 'INDIA'::bpchar)) OR ((n1.n_name = 'INDIA'::bpchar) AND (n2.n_name = 'JAPAN'::bpchar)))", "Rows Removed by Join Filter": 2, "Plans": [{"Node Type": "Index Scan", "Parent Relationship": "Outer", "Scan Direction": "Forward", "Index Name": "nation_pkey", "Relation Name": "nation", "Alias": "n1", "Startup Cost": 0.0, "Total Cost": 12.75, "Plan Rows": 25, "Plan Width": 30, "Actual Startup Time": 0.023, "Actual Total Time": 0.058, "Actual Rows": 2, "Actual Loops": 1, "Filter": "((n_name = 'JAPAN'::bpchar) OR (n_name = 'INDIA'::bpchar))", "Rows Removed by Filter": 23}, {"Node Type": "Materialize", "Parent Relationship": "Inner", "Startup Cost": 0.0, "Total Cost": 1.38, "Plan Rows": 25, "Plan Width": 30, "Actual Startup Time": 0.025, "Actual Total Time": 0.206, "Actual Rows": 4, "Actual Loops": 2, "Plans": [{"Node Type": "Seq Scan", "Parent Relationship": "Outer", "Relation Name": "nation", "Alias": "n2", "Startup Cost": 0.0, "Total Cost": 1.25, "Plan Rows": 25, "Plan Width": 30, "Actual Startup Time": 0.016, "Actual Total Time": 0.032, "Actual Rows": 2, "Actual Loops": 1, "Filter": "((n_name = 'INDIA'::bpchar) OR (n_name = 'JAPAN'::bpchar))", "Rows Removed by Filter": 23}]}]}, {"Node Type": "Bitmap Heap Scan", "Parent Relationship": "Inner", "Relation Name": "customer", "Alias": "customer", "Startup Cost": 1030.37, "Total Cost": 6832.48, "Plan Rows": 60000, "Plan Width": 12, "Actual Startup Time": 36.173, "Actual Total Time": 249.567, "Actual Rows": 119972, "Actual Loops": 2, "Recheck Cond": "(c_nationkey = n2.n_nationkey)", "Rows Removed by Index Recheck": 0, "Exact Heap Blocks": 59938, "Lossy Heap Blocks": 59938, "Plans": [{"Node Type": "Bitmap Index Scan", "Parent Relationship": "Outer", "Index Name": "idx_customer_nationkey", "Startup Cost": 0.0, "Total Cost": 1015.37, "Plan Rows": 60000, "Plan Width": 0, "Actual Startup Time": 22.983, "Actual Total Time": 22.983, "Actual Rows": 119972, "Actual Loops": 2, "Index Cond": "(c_nationkey = n2.n_nationkey)"}]}]}, {"Node Type": "Index Scan", "Parent Relationship": "Inner", "Scan Direction": "Forward", "Index Name": "idx_orders_custkey", "Relation Name": "orders", "Alias": "orders", "Startup Cost": 0.0, "Total Cost": 1.22, "Plan Rows": 4, "Plan Width": 16, "Actual Startup Time": 724.391, "Actual Total Time": 3299.643, "Actual Rows": 1200363, "Actual Loops": 119972, "Index Cond": "(o_custkey = customer.c_custkey)", "Rows Removed by Index Recheck": 0}]}, {"Node Type": "Index Scan", "Parent Relationship": "Inner", "Scan Direction": "Forward", "Index Name": "idx_lineitem_orderkey", "Relation Name": "lineitem", "Alias": "lineitem", "Startup Cost": 0.0, "Total Cost": 0.91, "Plan Rows": 3, "Plan Width": 40, "Actual Startup Time": 12888.705, "Actual Total Time": 14075.474, "Actual Rows": 1459150, "Actual Loops": 1200363, "Index Cond": "(l_orderkey = orders.o_orderkey)", "Rows Removed by Index Recheck": 0, "Filter": "((l_shipdate >= '1995-01-01 00:00:00'::timestamp(0) without time zone) AND (l_shipdate <= '1996-12-31 00:00:00'::timestamp(0) without time zone))", "Rows Removed by Filter": 3342563}]}, {"Node Type": "Hash", "Parent Relationship": "Inner", "Startup Cost": 3283.0, "Total Cost": 3283.0, "Plan Rows": 100000, "Plan Width": 12, "Actual Startup Time": 71.106, "Actual Total Time": 71.106, "Actual Rows": 100000, "Actual Loops": 1, "Hash Buckets": 131072, "Hash Batches": 1, "Original Hash Batches": 1, "Peak Memory Usage": 4297, "Plans": [{"Node Type": "Seq Scan", "Parent Relationship": "Outer", "Relation Name": "supplier", "Alias": "supplier", "Startup Cost": 0.0, "Total Cost": 3283.0, "Plan Rows": 100000, "Plan Width": 12, "Actual Startup Time": 0.014, "Actual Total Time": 40.736, "Actual Rows": 100000, "Actual Loops": 1}]}]}]}]}, "Triggers": [], "Planner Runtime": 3, "Total Runtime": 19902.814, "Unique SQL Id": 2208782157}}, "(64, 33)": {"explain_plan": {"Plan": {"Node Type": "Sort", "Startup Cost": 655503.17, "Total Cost": 655512.39, "Plan Rows": 3688, "Plan Width": 84, "Sort Key": ["n1.n_name", "n2.n_name", "(date_part('year'::text, lineitem.l_shipdate))"], "Plans": [{"Node Type": "Aggregate", "Strategy": "Hashed", "Parent Relationship": "Outer", "Startup Cost": 655238.58, "Total Cost": 655284.68, "Plan Rows": 3688, "Plan Width": 84, "Group By Key": ["n1.n_name", "n2.n_name", "date_part('year'::text, lineitem.l_shipdate)"], "Plans": [{"Node Type": "Hash Join", "Parent Relationship": "Outer", "Join Type": "Inner", "Startup Cost": 7864.91, "Total Cost": 655183.26, "Plan Rows": 3688, "Plan Width": 76, "Inner Unique": true, "Hash Cond": "((lineitem.l_suppkey = supplier.s_suppkey) AND (n1.n_nationkey = supplier.s_nationkey))", "Plans": [{"Node Type": "Nested Loop", "Parent Relationship": "Outer", "Join Type": "Inner", "Startup Cost": 1030.37, "Total Cost": 642764.74, "Plan Rows": 740786, "Plan Width": 88, "Inner Unique": false, "Plans": [{"Node Type": "Nested Loop", "Parent Relationship": "Outer", "Join Type": "Inner", "Startup Cost": 1030.37, "Total Cost": 166027.11, "Plan Rows": 504972, "Plan Width": 64, "Inner Unique": false, "Plans": [{"Node Type": "Nested Loop", "Parent Relationship": "Outer", "Join Type": "Inner", "Startup Cost": 1030.37, "Total Cost": 14904.59, "Plan Rows": 119904, "Plan Width": 64, "Inner Unique": false, "Plans": [{"Node Type": "Nested Loop", "Parent Relationship": "Outer", "Join Type": "Inner", "Startup Cost": 0.0, "Total Cost": 39.62, "Plan Rows": 2, "Plan Width": 60, "Inner Unique": false, "Join Filter": "(((n1.n_name = 'JAPAN'::bpchar) AND (n2.n_name = 'INDIA'::bpchar)) OR ((n1.n_name = 'INDIA'::bpchar) AND (n2.n_name = 'JAPAN'::bpchar)))", "Plans": [{"Node Type": "Index Scan", "Parent Relationship": "Outer", "Scan Direction": "Forward", "Index Name": "nation_pkey", "Relation Name": "nation", "Alias": "n1", "Startup Cost": 0.0, "Total Cost": 12.75, "Plan Rows": 25, "Plan Width": 30, "Filter": "((n_name = 'JAPAN'::bpchar) OR (n_name = 'INDIA'::bpchar))"}, {"Node Type": "Materialize", "Parent Relationship": "Inner", "Startup Cost": 0.0, "Total Cost": 12.88, "Plan Rows": 25, "Plan Width": 30, "Plans": [{"Node Type": "Index Scan", "Parent Relationship": "Outer", "Scan Direction": "Forward", "Index Name": "nation_pkey", "Relation Name": "nation", "Alias": "n2", "Startup Cost": 0.0, "Total Cost": 12.75, "Plan Rows": 25, "Plan Width": 30, "Filter": "((n_name = 'INDIA'::bpchar) OR (n_name = 'JAPAN'::bpchar))"}]}]}, {"Node Type": "Bitmap Heap Scan", "Parent Relationship": "Inner", "Relation Name": "customer", "Alias": "customer", "Startup Cost": 1030.37, "Total Cost": 6832.48, "Plan Rows": 60000, "Plan Width": 12, "Recheck Cond": "(c_nationkey = n2.n_nationkey)", "Plans": [{"Node Type": "Bitmap Index Scan", "Parent Relationship": "Outer", "Index Name": "idx_customer_nationkey", "Startup Cost": 0.0, "Total Cost": 1015.37, "Plan Rows": 60000, "Plan Width": 0, "Index Cond": "(c_nationkey = n2.n_nationkey)"}]}]}, {"Node Type": "Index Scan", "Parent Relationship": "Inner", "Scan Direction": "Forward", "Index Name": "idx_orders_custkey", "Relation Name": "orders", "Alias": "orders", "Startup Cost": 0.0, "Total Cost": 1.22, "Plan Rows": 4, "Plan Width": 16, "Index Cond": "(o_custkey = customer.c_custkey)"}]}, {"Node Type": "Index Scan", "Parent Relationship": "Inner", "Scan Direction": "Forward", "Index Name": "idx_lineitem_orderkey", "Relation Name": "lineitem", "Alias": "lineitem", "Startup Cost": 0.0, "Total Cost": 0.91, "Plan Rows": 3, "Plan Width": 40, "Index Cond": "(l_orderkey = orders.o_orderkey)", "Filter": "((l_shipdate >= '1995-01-01 00:00:00'::timestamp(0) without time zone) AND (l_shipdate <= '1996-12-31 00:00:00'::timestamp(0) without time zone))"}]}, {"Node Type": "Hash", "Parent Relationship": "Inner", "Startup Cost": 5334.54, "Total Cost": 5334.54, "Plan Rows": 100000, "Plan Width": 12, "Plans": [{"Node Type": "Index Scan", "Parent Relationship": "Outer", "Scan Direction": "Forward", "Index Name": "supplier_pkey", "Relation Name": "supplier", "Alias": "supplier", "Startup Cost": 0.0, "Total Cost": 5334.54, "Plan Rows": 100000, "Plan Width": 12}]}]}]}]}, "Unique SQL Id": 2208782157, "Planner Runtime": 3}, "explain_analyze_plan": {"Plan": {"Node Type": "Sort", "Startup Cost": 655503.17, "Total Cost": 655512.39, "Plan Rows": 3688, "Plan Width": 84, "Actual Startup Time": 20265.933, "Actual Total Time": 20265.933, "Actual Rows": 4, "Actual Loops": 1, "Sort Key": ["n1.n_name", "n2.n_name", "(date_part('year'::text, lineitem.l_shipdate))"], "Sort Method": "quicksort", "Sort Space Used": 25, "Sort Space Type": "Memory", "Plans": [{"Node Type": "Aggregate", "Strategy": "Hashed", "Parent Relationship": "Outer", "Startup Cost": 655238.58, "Total Cost": 655284.68, "Plan Rows": 3688, "Plan Width": 84, "Actual Startup Time": 20265.889, "Actual Total Time": 20265.895, "Actual Rows": 4, "Actual Loops": 1, "Group By Key": ["n1.n_name", "n2.n_name", "date_part('year'::text, lineitem.l_shipdate)"], "Plans": [{"Node Type": "Hash Join", "Parent Relationship": "Outer", "Join Type": "Inner", "Startup Cost": 7864.91, "Total Cost": 655183.26, "Plan Rows": 3688, "Plan Width": 76, "Actual Startup Time": 130.678, "Actual Total Time": 20164.418, "Actual Rows": 58554, "Actual Loops": 1, "Inner Unique": true, "Hash Cond": "((lineitem.l_suppkey = supplier.s_suppkey) AND (n1.n_nationkey = supplier.s_nationkey))", "Plans": [{"Node Type": "Nested Loop", "Parent Relationship": "Outer", "Join Type": "Inner", "Startup Cost": 1030.37, "Total Cost": 642764.74, "Plan Rows": 740786, "Plan Width": 88, "Actual Startup Time": 18.121, "Actual Total Time": 19351.546, "Actual Rows": 1459150, "Actual Loops": 1, "Inner Unique": false, "Plans": [{"Node Type": "Nested Loop", "Parent Relationship": "Outer", "Join Type": "Inner", "Startup Cost": 1030.37, "Total Cost": 166027.11, "Plan Rows": 504972, "Plan Width": 64, "Actual Startup Time": 18.033, "Actual Total Time": 4154.387, "Actual Rows": 1200363, "Actual Loops": 1, "Inner Unique": false, "Plans": [{"Node Type": "Nested Loop", "Parent Relationship": "Outer", "Join Type": "Inner", "Startup Cost": 1030.37, "Total Cost": 14904.59, "Plan Rows": 119904, "Plan Width": 64, "Actual Startup Time": 18.001, "Actual Total Time": 287.281, "Actual Rows": 119972, "Actual Loops": 1, "Inner Unique": false, "Plans": [{"Node Type": "Nested Loop", "Parent Relationship": "Outer", "Join Type": "Inner", "Startup Cost": 0.0, "Total Cost": 39.62, "Plan Rows": 2, "Plan Width": 60, "Actual Startup Time": 0.051, "Actual Total Time": 0.158, "Actual Rows": 2, "Actual Loops": 1, "Inner Unique": false, "Join Filter": "(((n1.n_name = 'JAPAN'::bpchar) AND (n2.n_name = 'INDIA'::bpchar)) OR ((n1.n_name = 'INDIA'::bpchar) AND (n2.n_name = 'JAPAN'::bpchar)))", "Rows Removed by Join Filter": 2, "Plans": [{"Node Type": "Index Scan", "Parent Relationship": "Outer", "Scan Direction": "Forward", "Index Name": "nation_pkey", "Relation Name": "nation", "Alias": "n1", "Startup Cost": 0.0, "Total Cost": 12.75, "Plan Rows": 25, "Plan Width": 30, "Actual Startup Time": 0.023, "Actual Total Time": 0.045, "Actual Rows": 2, "Actual Loops": 1, "Filter": "((n_name = 'JAPAN'::bpchar) OR (n_name = 'INDIA'::bpchar))", "Rows Removed by Filter": 23}, {"Node Type": "Materialize", "Parent Relationship": "Inner", "Startup Cost": 0.0, "Total Cost": 12.88, "Plan Rows": 25, "Plan Width": 30, "Actual Startup Time": 0.019, "Actual Total Time": 0.056, "Actual Rows": 4, "Actual Loops": 2, "Plans": [{"Node Type": "Index Scan", "Parent Relationship": "Outer", "Scan Direction": "Forward", "Index Name": "nation_pkey", "Relation Name": "nation", "Alias": "n2", "Startup Cost": 0.0, "Total Cost": 12.75, "Plan Rows": 25, "Plan Width": 30, "Actual Startup Time": 0.01, "Actual Total Time": 0.036, "Actual Rows": 2, "Actual Loops": 1, "Filter": "((n_name = 'INDIA'::bpchar) OR (n_name = 'JAPAN'::bpchar))", "Rows Removed by Filter": 23}]}]}, {"Node Type": "Bitmap Heap Scan", "Parent Relationship": "Inner", "Relation Name": "customer", "Alias": "customer", "Startup Cost": 1030.37, "Total Cost": 6832.48, "Plan Rows": 60000, "Plan Width": 12, "Actual Startup Time": 35.918, "Actual Total Time": 258.886, "Actual Rows": 119972, "Actual Loops": 2, "Recheck Cond": "(c_nationkey = n2.n_nationkey)", "Rows Removed by Index Recheck": 0, "Exact Heap Blocks": 59938, "Lossy Heap Blocks": 59938, "Plans": [{"Node Type": "Bitmap Index Scan", "Parent Relationship": "Outer", "Index Name": "idx_customer_nationkey", "Startup Cost": 0.0, "Total Cost": 1015.37, "Plan Rows": 60000, "Plan Width": 0, "Actual Startup Time": 22.743, "Actual Total Time": 22.743, "Actual Rows": 119972, "Actual Loops": 2, "Index Cond": "(c_nationkey = n2.n_nationkey)"}]}]}, {"Node Type": "Index Scan", "Parent Relationship": "Inner", "Scan Direction": "Forward", "Index Name": "idx_orders_custkey", "Relation Name": "orders", "Alias": "orders", "Startup Cost": 0.0, "Total Cost": 1.22, "Plan Rows": 4, "Plan Width": 16, "Actual Startup Time": 757.084, "Actual Total Time": 3520.551, "Actual Rows": 1200363, "Actual Loops": 119972, "Index Cond": "(o_custkey = customer.c_custkey)", "Rows Removed by Index Recheck": 0}]}, {"Node Type": "Index Scan", "Parent Relationship": "Inner", "Scan Direction": "Forward", "Index Name": "idx_lineitem_orderkey", "Relation Name": "lineitem", "Alias": "lineitem", "Startup Cost": 0.0, "Total Cost": 0.91, "Plan Rows": 3, "Plan Width": 40, "Actual Startup Time": 13074.494, "Actual Total Time": 14226.286, "Actual Rows": 1459150, "Actual Loops": 1200363, "Index Cond": "(l_orderkey = orders.o_orderkey)", "Rows Removed by Index Recheck": 0, "Filter": "((l_shipdate >= '1995-01-01 00:00:00'::timestamp(0) without time zone) AND (l_shipdate <= '1996-12-31 00:00:00'::timestamp(0) without time zone))", "Rows Removed by Filter": 3342563}]}, {"Node Type": "Hash", "Parent Relationship": "Inner", "Startup Cost": 5334.54, "Total Cost": 5334.54, "Plan Rows": 100000, "Plan Width": 12, "Actual Startup Time": 112.295, "Actual Total Time": 112.295, "Actual Rows": 100000, "Actual Loops": 1, "Hash Buckets": 131072, "Hash Batches": 1, "Original Hash Batches": 1, "Peak Memory Usage": 4297, "Plans": [{"Node Type": "Index Scan", "Parent Relationship": "Outer", "Scan Direction": "Forward", "Index Name": "supplier_pkey", "Relation Name": "supplier", "Alias": "supplier", "Startup Cost": 0.0, "Total Cost": 5334.54, "Plan Rows": 100000, "Plan Width": 12, "Actual Startup Time": 0.021, "Actual Total Time": 79.988, "Actual Rows": 100000, "Actual Loops": 1}]}]}]}]}, "Triggers": [], "Planner Runtime": 3, "Total Runtime": 20266.249, "Unique SQL Id": 2208782157}}, "(64, 34)": {"explain_plan": {"Plan": {"Node Type": "Sort", "Startup Cost": 2821200.81, "Total Cost": 2821210.03, "Plan Rows": 3688, "Plan Width": 84, "Sort Key": ["n1.n_name", "n2.n_name", "(date_part('year'::text, lineitem.l_shipdate))"], "Plans": [{"Node Type": "Aggregate", "Strategy": "Hashed", "Parent Relationship": "Outer", "Startup Cost": 2820936.22, "Total Cost": 2820982.32, "Plan Rows": 3688, "Plan Width": 84, "Group By Key": ["n1.n_name", "n2.n_name", "date_part('year'::text, lineitem.l_shipdate)"], "Plans": [{"Node Type": "Hash Join", "Parent Relationship": "Outer", "Join Type": "Inner", "Startup Cost": 21163.77, "Total Cost": 2820880.9, "Plan Rows": 3688, "Plan Width": 76, "Inner Unique": true, "Hash Cond": "((lineitem.l_suppkey = supplier.s_suppkey) AND (n1.n_nationkey = supplier.s_nationkey))", "Plans": [{"Node Type": "Nested Loop", "Parent Relationship": "Outer", "Join Type": "Inner", "Startup Cost": 16380.77, "Total Cost": 2810513.92, "Plan Rows": 740786, "Plan Width": 88, "Inner Unique": false, "Plans": [{"Node Type": "Hash Join", "Parent Relationship": "Outer", "Join Type": "Inner", "Startup Cost": 16380.39, "Total Cost": 504091.94, "Plan Rows": 504972, "Plan Width": 64, "Inner Unique": false, "Hash Cond": "(orders.o_custkey = customer.c_custkey), (LLVM Optimized)", "Plans": [{"Node Type": "Seq Scan", "Parent Relationship": "Outer", "Relation Name": "orders", "Alias": "orders", "Startup Cost": 0.0, "Total Cost": 426413.79, "Plan Rows": 14999479, "Plan Width": 16}, {"Node Type": "Hash", "Parent Relationship": "Inner", "Startup Cost": 14881.59, "Total Cost": 14881.59, "Plan Rows": 119904, "Plan Width": 64, "Plans": [{"Node Type": "Nested Loop", "Parent Relationship": "Outer", "Join Type": "Inner", "Startup Cost": 1030.37, "Total Cost": 14881.59, "Plan Rows": 119904, "Plan Width": 64, "Inner Unique": false, "Plans": [{"Node Type": "Nested Loop", "Parent Relationship": "Outer", "Join Type": "Inner", "Startup Cost": 0.0, "Total Cost": 16.62, "Plan Rows": 2, "Plan Width": 60, "Inner Unique": false, "Join Filter": "(((n1.n_name = 'JAPAN'::bpchar) AND (n2.n_name = 'INDIA'::bpchar)) OR ((n1.n_name = 'INDIA'::bpchar) AND (n2.n_name = 'JAPAN'::bpchar)))", "Plans": [{"Node Type": "Seq Scan", "Parent Relationship": "Outer", "Relation Name": "nation", "Alias": "n1", "Startup Cost": 0.0, "Total Cost": 1.25, "Plan Rows": 25, "Plan Width": 30, "Filter": "((n_name = 'JAPAN'::bpchar) OR (n_name = 'INDIA'::bpchar))"}, {"Node Type": "Materialize", "Parent Relationship": "Inner", "Startup Cost": 0.0, "Total Cost": 1.38, "Plan Rows": 25, "Plan Width": 30, "Plans": [{"Node Type": "Seq Scan", "Parent Relationship": "Outer", "Relation Name": "nation", "Alias": "n2", "Startup Cost": 0.0, "Total Cost": 1.25, "Plan Rows": 25, "Plan Width": 30, "Filter": "((n_name = 'INDIA'::bpchar) OR (n_name = 'JAPAN'::bpchar))"}]}]}, {"Node Type": "Bitmap Heap Scan", "Parent Relationship": "Inner", "Relation Name": "customer", "Alias": "customer", "Startup Cost": 1030.37, "Total Cost": 6832.48, "Plan Rows": 60000, "Plan Width": 12, "Recheck Cond": "(c_nationkey = n2.n_nationkey)", "Plans": [{"Node Type": "Bitmap Index Scan", "Parent Relationship": "Outer", "Index Name": "idx_customer_nationkey", "Startup Cost": 0.0, "Total Cost": 1015.37, "Plan Rows": 60000, "Plan Width": 0, "Index Cond": "(c_nationkey = n2.n_nationkey)"}]}]}]}]}, {"Node Type": "Bitmap Heap Scan", "Parent Relationship": "Inner", "Relation Name": "lineitem", "Alias": "lineitem", "Startup Cost": 0.38, "Total Cost": 4.54, "Plan Rows": 3, "Plan Width": 40, "Recheck Cond": "(l_orderkey = orders.o_orderkey)", "Filter": "((l_shipdate >= '1995-01-01 00:00:00'::timestamp(0) without time zone) AND (l_shipdate <= '1996-12-31 00:00:00'::timestamp(0) without time zone))", "Plans": [{"Node Type": "Bitmap Index Scan", "Parent Relationship": "Outer", "Index Name": "idx_lineitem_orderkey", "Startup Cost": 0.0, "Total Cost": 0.38, "Plan Rows": 9, "Plan Width": 0, "Index Cond": "(l_orderkey = orders.o_orderkey)"}]}]}, {"Node Type": "Hash", "Parent Relationship": "Inner", "Startup Cost": 3283.0, "Total Cost": 3283.0, "Plan Rows": 100000, "Plan Width": 12, "Plans": [{"Node Type": "Seq Scan", "Parent Relationship": "Outer", "Relation Name": "supplier", "Alias": "supplier", "Startup Cost": 0.0, "Total Cost": 3283.0, "Plan Rows": 100000, "Plan Width": 12}]}]}]}]}, "Unique SQL Id": 2208782157, "Planner Runtime": 3}, "explain_analyze_plan": {"Plan": {"Node Type": "Sort", "Startup Cost": 2821200.81, "Total Cost": 2821210.03, "Plan Rows": 3688, "Plan Width": 84, "Actual Startup Time": 23175.664, "Actual Total Time": 23175.664, "Actual Rows": 4, "Actual Loops": 1, "Sort Key": ["n1.n_name", "n2.n_name", "(date_part('year'::text, lineitem.l_shipdate))"], "Sort Method": "quicksort", "Sort Space Used": 25, "Sort Space Type": "Memory", "Plans": [{"Node Type": "Aggregate", "Strategy": "Hashed", "Parent Relationship": "Outer", "Startup Cost": 2820936.22, "Total Cost": 2820982.32, "Plan Rows": 3688, "Plan Width": 84, "Actual Startup Time": 23175.566, "Actual Total Time": 23175.57, "Actual Rows": 4, "Actual Loops": 1, "Group By Key": ["n1.n_name", "n2.n_name", "date_part('year'::text, lineitem.l_shipdate)"], "Plans": [{"Node Type": "Hash Join", "Parent Relationship": "Outer", "Join Type": "Inner", "Startup Cost": 21163.77, "Total Cost": 2820880.9, "Plan Rows": 3688, "Plan Width": 76, "Actual Startup Time": 395.766, "Actual Total Time": 23069.164, "Actual Rows": 58554, "Actual Loops": 1, "Inner Unique": true, "Hash Cond": "((lineitem.l_suppkey = supplier.s_suppkey) AND (n1.n_nationkey = supplier.s_nationkey))", "Plans": [{"Node Type": "Nested Loop", "Parent Relationship": "Outer", "Join Type": "Inner", "Startup Cost": 16380.77, "Total Cost": 2810513.92, "Plan Rows": 740786, "Plan Width": 88, "Actual Startup Time": 324.273, "Actual Total Time": 22339.874, "Actual Rows": 1459150, "Actual Loops": 1, "Inner Unique": false, "Plans": [{"Node Type": "Hash Join", "Parent Relationship": "Outer", "Join Type": "Inner", "Startup Cost": 16380.39, "Total Cost": 504091.94, "Plan Rows": 504972, "Plan Width": 64, "Actual Startup Time": 324.196, "Actual Total Time": 9507.906, "Actual Rows": 1200363, "Actual Loops": 1, "Inner Unique": false, "Hash Cond": "(orders.o_custkey = customer.c_custkey), (LLVM Optimized, Jit Execute)", "Plans": [{"Node Type": "Seq Scan", "Parent Relationship": "Outer", "Relation Name": "orders", "Alias": "orders", "Startup Cost": 0.0, "Total Cost": 426413.79, "Plan Rows": 14999479, "Plan Width": 16, "Actual Startup Time": 0.021, "Actual Total Time": 4197.437, "Actual Rows": 15000000, "Actual Loops": 1}, {"Node Type": "Hash", "Parent Relationship": "Inner", "Startup Cost": 14881.59, "Total Cost": 14881.59, "Plan Rows": 119904, "Plan Width": 64, "Actual Startup Time": 324.037, "Actual Total Time": 324.037, "Actual Rows": 119972, "Actual Loops": 1, "Hash Buckets": 131072, "Hash Batches": 1, "Original Hash Batches": 1, "Peak Memory Usage": 11248, "Plans": [{"Node Type": "Nested Loop", "Parent Relationship": "Outer", "Join Type": "Inner", "Startup Cost": 1030.37, "Total Cost": 14881.59, "Plan Rows": 119904, "Plan Width": 64, "Actual Startup Time": 18.16, "Actual Total Time": 281.037, "Actual Rows": 119972, "Actual Loops": 1, "Inner Unique": false, "Plans": [{"Node Type": "Nested Loop", "Parent Relationship": "Outer", "Join Type": "Inner", "Startup Cost": 0.0, "Total Cost": 16.62, "Plan Rows": 2, "Plan Width": 60, "Actual Startup Time": 0.068, "Actual Total Time": 0.136, "Actual Rows": 2, "Actual Loops": 1, "Inner Unique": false, "Join Filter": "(((n1.n_name = 'JAPAN'::bpchar) AND (n2.n_name = 'INDIA'::bpchar)) OR ((n1.n_name = 'INDIA'::bpchar) AND (n2.n_name = 'JAPAN'::bpchar)))", "Rows Removed by Join Filter": 2, "Plans": [{"Node Type": "Seq Scan", "Parent Relationship": "Outer", "Relation Name": "nation", "Alias": "n1", "Startup Cost": 0.0, "Total Cost": 1.25, "Plan Rows": 25, "Plan Width": 30, "Actual Startup Time": 0.033, "Actual Total Time": 0.05, "Actual Rows": 2, "Actual Loops": 1, "Filter": "((n_name = 'JAPAN'::bpchar) OR (n_name = 'INDIA'::bpchar))", "Rows Removed by Filter": 23}, {"Node Type": "Materialize", "Parent Relationship": "Inner", "Startup Cost": 0.0, "Total Cost": 1.38, "Plan Rows": 25, "Plan Width": 30, "Actual Startup Time": 0.026, "Actual Total Time": 0.048, "Actual Rows": 4, "Actual Loops": 2, "Plans": [{"Node Type": "Seq Scan", "Parent Relationship": "Outer", "Relation Name": "nation", "Alias": "n2", "Startup Cost": 0.0, "Total Cost": 1.25, "Plan Rows": 25, "Plan Width": 30, "Actual Startup Time": 0.02, "Actual Total Time": 0.039, "Actual Rows": 2, "Actual Loops": 1, "Filter": "((n_name = 'INDIA'::bpchar) OR (n_name = 'JAPAN'::bpchar))", "Rows Removed by Filter": 23}]}]}, {"Node Type": "Bitmap Heap Scan", "Parent Relationship": "Inner", "Relation Name": "customer", "Alias": "customer", "Startup Cost": 1030.37, "Total Cost": 6832.48, "Plan Rows": 60000, "Plan Width": 12, "Actual Startup Time": 36.07, "Actual Total Time": 256.52, "Actual Rows": 119972, "Actual Loops": 2, "Recheck Cond": "(c_nationkey = n2.n_nationkey)", "Rows Removed by Index Recheck": 0, "Exact Heap Blocks": 59938, "Lossy Heap Blocks": 59938, "Plans": [{"Node Type": "Bitmap Index Scan", "Parent Relationship": "Outer", "Index Name": "idx_customer_nationkey", "Startup Cost": 0.0, "Total Cost": 1015.37, "Plan Rows": 60000, "Plan Width": 0, "Actual Startup Time": 22.953, "Actual Total Time": 22.953, "Actual Rows": 119972, "Actual Loops": 2, "Index Cond": "(c_nationkey = n2.n_nationkey)"}]}]}]}]}, {"Node Type": "Bitmap Heap Scan", "Parent Relationship": "Inner", "Relation Name": "lineitem", "Alias": "lineitem", "Startup Cost": 0.38, "Total Cost": 4.54, "Plan Rows": 3, "Plan Width": 40, "Actual Startup Time": 10487.362, "Actual Total Time": 11099.797, "Actual Rows": 1459150, "Actual Loops": 1200363, "Recheck Cond": "(l_orderkey = orders.o_orderkey)", "Rows Removed by Index Recheck": 0, "Filter": "((l_shipdate >= '1995-01-01 00:00:00'::timestamp(0) without time zone) AND (l_shipdate <= '1996-12-31 00:00:00'::timestamp(0) without time zone))", "Rows Removed by Filter": 3342563, "Exact Heap Blocks": 1285989, "Lossy Heap Blocks": 1285989, "Plans": [{"Node Type": "Bitmap Index Scan", "Parent Relationship": "Outer", "Index Name": "idx_lineitem_orderkey", "Startup Cost": 0.0, "Total Cost": 0.38, "Plan Rows": 9, "Plan Width": 0, "Actual Startup Time": 5016.967, "Actual Total Time": 5016.967, "Actual Rows": 4801713, "Actual Loops": 1200363, "Index Cond": "(l_orderkey = orders.o_orderkey)"}]}]}, {"Node Type": "Hash", "Parent Relationship": "Inner", "Startup Cost": 3283.0, "Total Cost": 3283.0, "Plan Rows": 100000, "Plan Width": 12, "Actual Startup Time": 71.13, "Actual Total Time": 71.13, "Actual Rows": 100000, "Actual Loops": 1, "Hash Buckets": 131072, "Hash Batches": 1, "Original Hash Batches": 1, "Peak Memory Usage": 4297, "Plans": [{"Node Type": "Seq Scan", "Parent Relationship": "Outer", "Relation Name": "supplier", "Alias": "supplier", "Startup Cost": 0.0, "Total Cost": 3283.0, "Plan Rows": 100000, "Plan Width": 12, "Actual Startup Time": 0.017, "Actual Total Time": 40.852, "Actual Rows": 100000, "Actual Loops": 1}]}]}]}]}, "Triggers": [], "Planner Runtime": 3, "Total Runtime": 23184.623, "Unique SQL Id": 2208782157}}, "(64, 35)": {"explain_plan": {"Plan": {"Node Type": "Sort", "Startup Cost": 99673674.43, "Total Cost": 99673683.65, "Plan Rows": 3688, "Plan Width": 84, "Sort Key": ["n1.n_name", "n2.n_name", "(date_part('year'::text, lineitem.l_shipdate))"], "Plans": [{"Node Type": "Aggregate", "Strategy": "Hashed", "Parent Relationship": "Outer", "Startup Cost": 99673409.84, "Total Cost": 99673455.94, "Plan Rows": 3688, "Plan Width": 84, "Group By Key": ["n1.n_name", "n2.n_name", "date_part('year'::text, lineitem.l_shipdate)"], "Plans": [{"Node Type": "Nested Loop", "Parent Relationship": "Outer", "Join Type": "Inner", "Startup Cost": 627986.71, "Total Cost": 99673354.52, "Plan Rows": 3688, "Plan Width": 76, "Inner Unique": true, "Join Filter": "(((n1.n_name = 'JAPAN'::bpchar) AND (n2.n_name = 'INDIA'::bpchar)) OR ((n1.n_name = 'INDIA'::bpchar) AND (n2.n_name = 'JAPAN'::bpchar)))", "Plans": [{"Node Type": "Nested Loop", "Parent Relationship": "Outer", "Join Type": "Inner", "Startup Cost": 627986.45, "Total Cost": 94724471.42, "Plan Rows": 1153515, "Plan Width": 54, "Inner Unique": true, "Plans": [{"Node Type": "Nested Loop", "Parent Relationship": "Outer", "Join Type": "Inner", "Startup Cost": 627986.2, "Total Cost": 89787046.56, "Plan Rows": 1153515, "Plan Width": 32, "Inner Unique": true, "Plans": [{"Node Type": "Nested Loop", "Parent Relationship": "Outer", "Join Type": "Inner", "Startup Cost": 627985.94, "Total Cost": 84848088.55, "Plan Rows": 1153515, "Plan Width": 36, "Inner Unique": true, "Plans": [{"Node Type": "Nested Loop", "Parent Relationship": "Outer", "Join Type": "Inner", "Startup Cost": 627985.67, "Total Cost": 79896146.0, "Plan Rows": 1153515, "Plan Width": 36, "Inner Unique": true, "Plans": [{"Node Type": "Bitmap Heap Scan", "Parent Relationship": "Outer", "Relation Name": "lineitem", "Alias": "lineitem", "Startup Cost": 627985.41, "Total Cost": 2315105.27, "Plan Rows": 18124991, "Plan Width": 40, "Recheck Cond": "((l_shipdate >= '1995-01-01 00:00:00'::timestamp(0) without time zone) AND (l_shipdate <= '1996-12-31 00:00:00'::timestamp(0) without time zone)), (LLVM Optimized)", "Plans": [{"Node Type": "Bitmap Index Scan", "Parent Relationship": "Outer", "Index Name": "idx_lineitem_shipdate", "Startup Cost": 0.0, "Total Cost": 623454.16, "Plan Rows": 18124991, "Plan Width": 0, "Index Cond": "((l_shipdate >= '1995-01-01 00:00:00'::timestamp(0) without time zone) AND (l_shipdate <= '1996-12-31 00:00:00'::timestamp(0) without time zone))"}]}, {"Node Type": "Bitmap Heap Scan", "Parent Relationship": "Inner", "Relation Name": "supplier", "Alias": "supplier", "Startup Cost": 0.26, "Total Cost": 4.27, "Plan Rows": 1, "Plan Width": 12, "Recheck Cond": "(s_suppkey = lineitem.l_suppkey)", "Plans": [{"Node Type": "Bitmap Index Scan", "Parent Relationship": "Outer", "Index Name": "supplier_pkey", "Startup Cost": 0.0, "Total Cost": 0.26, "Plan Rows": 1, "Plan Width": 0, "Index Cond": "(s_suppkey = lineitem.l_suppkey)"}]}]}, {"Node Type": "Bitmap Heap Scan", "Parent Relationship": "Inner", "Relation Name": "orders", "Alias": "orders", "Startup Cost": 0.27, "Total Cost": 4.28, "Plan Rows": 1, "Plan Width": 16, "Recheck Cond": "(o_orderkey = lineitem.l_orderkey)", "Plans": [{"Node Type": "Bitmap Index Scan", "Parent Relationship": "Outer", "Index Name": "orders_pkey", "Startup Cost": 0.0, "Total Cost": 0.27, "Plan Rows": 1, "Plan Width": 0, "Index Cond": "(o_orderkey = lineitem.l_orderkey)"}]}]}, {"Node Type": "Bitmap Heap Scan", "Parent Relationship": "Inner", "Relation Name": "customer", "Alias": "customer", "Startup Cost": 0.26, "Total Cost": 4.27, "Plan Rows": 1, "Plan Width": 12, "Recheck Cond": "(c_custkey = orders.o_custkey)", "Plans": [{"Node Type": "Bitmap Index Scan", "Parent Relationship": "Outer", "Index Name": "customer_pkey", "Startup Cost": 0.0, "Total Cost": 0.26, "Plan Rows": 1, "Plan Width": 0, "Index Cond": "(c_custkey = orders.o_custkey)"}]}]}, {"Node Type": "Bitmap Heap Scan", "Parent Relationship": "Inner", "Relation Name": "nation", "Alias": "n1", "Startup Cost": 0.26, "Total Cost": 4.27, "Plan Rows": 1, "Plan Width": 30, "Recheck Cond": "(n_nationkey = supplier.s_nationkey)", "Filter": "((n_name = 'JAPAN'::bpchar) OR (n_name = 'INDIA'::bpchar))", "Plans": [{"Node Type": "Bitmap Index Scan", "Parent Relationship": "Outer", "Index Name": "nation_pkey", "Startup Cost": 0.0, "Total Cost": 0.26, "Plan Rows": 1, "Plan Width": 0, "Index Cond": "(n_nationkey = supplier.s_nationkey)"}]}]}, {"Node Type": "Bitmap Heap Scan", "Parent Relationship": "Inner", "Relation Name": "nation", "Alias": "n2", "Startup Cost": 0.26, "Total Cost": 4.27, "Plan Rows": 1, "Plan Width": 30, "Recheck Cond": "(n_nationkey = customer.c_nationkey)", "Filter": "((n_name = 'INDIA'::bpchar) OR (n_name = 'JAPAN'::bpchar))", "Plans": [{"Node Type": "Bitmap Index Scan", "Parent Relationship": "Outer", "Index Name": "nation_pkey", "Startup Cost": 0.0, "Total Cost": 0.26, "Plan Rows": 1, "Plan Width": 0, "Index Cond": "(n_nationkey = customer.c_nationkey)"}]}]}]}]}, "Unique SQL Id": 2208782157, "Planner Runtime": 2}, "explain_analyze_plan": null}, "(64, 36)": {"explain_plan": {"Plan": {"Node Type": "Sort", "Startup Cost": 653440.12, "Total Cost": 653449.34, "Plan Rows": 3688, "Plan Width": 84, "Sort Key": ["n1.n_name", "n2.n_name", "(date_part('year'::text, lineitem.l_shipdate))"], "Plans": [{"Node Type": "Aggregate", "Strategy": "Hashed", "Parent Relationship": "Outer", "Startup Cost": 653175.54, "Total Cost": 653221.64, "Plan Rows": 3688, "Plan Width": 84, "Group By Key": ["n1.n_name", "n2.n_name", "date_part('year'::text, lineitem.l_shipdate)"], "Plans": [{"Node Type": "Hash Join", "Parent Relationship": "Outer", "Join Type": "Inner", "Startup Cost": 5813.37, "Total Cost": 653120.22, "Plan Rows": 3688, "Plan Width": 76, "Inner Unique": true, "Hash Cond": "((lineitem.l_suppkey = supplier.s_suppkey) AND (n1.n_nationkey = supplier.s_nationkey))", "Plans": [{"Node Type": "Nested Loop", "Parent Relationship": "Outer", "Join Type": "Inner", "Startup Cost": 1030.37, "Total Cost": 642753.24, "Plan Rows": 740786, "Plan Width": 88, "Inner Unique": false, "Plans": [{"Node Type": "Nested Loop", "Parent Relationship": "Outer", "Join Type": "Inner", "Startup Cost": 1030.37, "Total Cost": 166015.61, "Plan Rows": 504972, "Plan Width": 64, "Inner Unique": false, "Plans": [{"Node Type": "Nested Loop", "Parent Relationship": "Outer", "Join Type": "Inner", "Startup Cost": 1030.37, "Total Cost": 14893.09, "Plan Rows": 119904, "Plan Width": 64, "Inner Unique": false, "Plans": [{"Node Type": "Nested Loop", "Parent Relationship": "Outer", "Join Type": "Inner", "Startup Cost": 0.0, "Total Cost": 28.12, "Plan Rows": 2, "Plan Width": 60, "Inner Unique": false, "Join Filter": "(((n1.n_name = 'JAPAN'::bpchar) AND (n2.n_name = 'INDIA'::bpchar)) OR ((n1.n_name = 'INDIA'::bpchar) AND (n2.n_name = 'JAPAN'::bpchar)))", "Plans": [{"Node Type": "Index Scan", "Parent Relationship": "Outer", "Scan Direction": "Forward", "Index Name": "nation_pkey", "Relation Name": "nation", "Alias": "n1", "Startup Cost": 0.0, "Total Cost": 12.75, "Plan Rows": 25, "Plan Width": 30, "Filter": "((n_name = 'JAPAN'::bpchar) OR (n_name = 'INDIA'::bpchar))"}, {"Node Type": "Materialize", "Parent Relationship": "Inner", "Startup Cost": 0.0, "Total Cost": 1.38, "Plan Rows": 25, "Plan Width": 30, "Plans": [{"Node Type": "Seq Scan", "Parent Relationship": "Outer", "Relation Name": "nation", "Alias": "n2", "Startup Cost": 0.0, "Total Cost": 1.25, "Plan Rows": 25, "Plan Width": 30, "Filter": "((n_name = 'INDIA'::bpchar) OR (n_name = 'JAPAN'::bpchar))"}]}]}, {"Node Type": "Bitmap Heap Scan", "Parent Relationship": "Inner", "Relation Name": "customer", "Alias": "customer", "Startup Cost": 1030.37, "Total Cost": 6832.48, "Plan Rows": 60000, "Plan Width": 12, "Recheck Cond": "(c_nationkey = n2.n_nationkey)", "Plans": [{"Node Type": "Bitmap Index Scan", "Parent Relationship": "Outer", "Index Name": "idx_customer_nationkey", "Startup Cost": 0.0, "Total Cost": 1015.37, "Plan Rows": 60000, "Plan Width": 0, "Index Cond": "(c_nationkey = n2.n_nationkey)"}]}]}, {"Node Type": "Index Scan", "Parent Relationship": "Inner", "Scan Direction": "Forward", "Index Name": "idx_orders_custkey", "Relation Name": "orders", "Alias": "orders", "Startup Cost": 0.0, "Total Cost": 1.22, "Plan Rows": 4, "Plan Width": 16, "Index Cond": "(o_custkey = customer.c_custkey)"}]}, {"Node Type": "Index Scan", "Parent Relationship": "Inner", "Scan Direction": "Forward", "Index Name": "idx_lineitem_orderkey", "Relation Name": "lineitem", "Alias": "lineitem", "Startup Cost": 0.0, "Total Cost": 0.91, "Plan Rows": 3, "Plan Width": 40, "Index Cond": "(l_orderkey = orders.o_orderkey)", "Filter": "((l_shipdate >= '1995-01-01 00:00:00'::timestamp(0) without time zone) AND (l_shipdate <= '1996-12-31 00:00:00'::timestamp(0) without time zone))"}]}, {"Node Type": "Hash", "Parent Relationship": "Inner", "Startup Cost": 3283.0, "Total Cost": 3283.0, "Plan Rows": 100000, "Plan Width": 12, "Plans": [{"Node Type": "Seq Scan", "Parent Relationship": "Outer", "Relation Name": "supplier", "Alias": "supplier", "Startup Cost": 0.0, "Total Cost": 3283.0, "Plan Rows": 100000, "Plan Width": 12}]}]}]}]}, "Unique SQL Id": 2208782157, "Planner Runtime": 3}, "explain_analyze_plan": {"Plan": {"Node Type": "Sort", "Startup Cost": 653440.12, "Total Cost": 653449.34, "Plan Rows": 3688, "Plan Width": 84, "Actual Startup Time": 19902.508, "Actual Total Time": 19902.509, "Actual Rows": 4, "Actual Loops": 1, "Sort Key": ["n1.n_name", "n2.n_name", "(date_part('year'::text, lineitem.l_shipdate))"], "Sort Method": "quicksort", "Sort Space Used": 25, "Sort Space Type": "Memory", "Plans": [{"Node Type": "Aggregate", "Strategy": "Hashed", "Parent Relationship": "Outer", "Startup Cost": 653175.54, "Total Cost": 653221.64, "Plan Rows": 3688, "Plan Width": 84, "Actual Startup Time": 19902.464, "Actual Total Time": 19902.469, "Actual Rows": 4, "Actual Loops": 1, "Group By Key": ["n1.n_name", "n2.n_name", "date_part('year'::text, lineitem.l_shipdate)"], "Plans": [{"Node Type": "Hash Join", "Parent Relationship": "Outer", "Join Type": "Inner", "Startup Cost": 5813.37, "Total Cost": 653120.22, "Plan Rows": 3688, "Plan Width": 76, "Actual Startup Time": 89.509, "Actual Total Time": 19798.021, "Actual Rows": 58554, "Actual Loops": 1, "Inner Unique": true, "Hash Cond": "((lineitem.l_suppkey = supplier.s_suppkey) AND (n1.n_nationkey = supplier.s_nationkey))", "Plans": [{"Node Type": "Nested Loop", "Parent Relationship": "Outer", "Join Type": "Inner", "Startup Cost": 1030.37, "Total Cost": 642753.24, "Plan Rows": 740786, "Plan Width": 88, "Actual Startup Time": 18.132, "Actual Total Time": 18971.637, "Actual Rows": 1459150, "Actual Loops": 1, "Inner Unique": false, "Plans": [{"Node Type": "Nested Loop", "Parent Relationship": "Outer", "Join Type": "Inner", "Startup Cost": 1030.37, "Total Cost": 166015.61, "Plan Rows": 504972, "Plan Width": 64, "Actual Startup Time": 18.049, "Actual Total Time": 3932.099, "Actual Rows": 1200363, "Actual Loops": 1, "Inner Unique": false, "Plans": [{"Node Type": "Nested Loop", "Parent Relationship": "Outer", "Join Type": "Inner", "Startup Cost": 1030.37, "Total Cost": 14893.09, "Plan Rows": 119904, "Plan Width": 64, "Actual Startup Time": 18.018, "Actual Total Time": 279.492, "Actual Rows": 119972, "Actual Loops": 1, "Inner Unique": false, "Plans": [{"Node Type": "Nested Loop", "Parent Relationship": "Outer", "Join Type": "Inner", "Startup Cost": 0.0, "Total Cost": 28.12, "Plan Rows": 2, "Plan Width": 60, "Actual Startup Time": 0.056, "Actual Total Time": 0.32, "Actual Rows": 2, "Actual Loops": 1, "Inner Unique": false, "Join Filter": "(((n1.n_name = 'JAPAN'::bpchar) AND (n2.n_name = 'INDIA'::bpchar)) OR ((n1.n_name = 'INDIA'::bpchar) AND (n2.n_name = 'JAPAN'::bpchar)))", "Rows Removed by Join Filter": 2, "Plans": [{"Node Type": "Index Scan", "Parent Relationship": "Outer", "Scan Direction": "Forward", "Index Name": "nation_pkey", "Relation Name": "nation", "Alias": "n1", "Startup Cost": 0.0, "Total Cost": 12.75, "Plan Rows": 25, "Plan Width": 30, "Actual Startup Time": 0.023, "Actual Total Time": 0.058, "Actual Rows": 2, "Actual Loops": 1, "Filter": "((n_name = 'JAPAN'::bpchar) OR (n_name = 'INDIA'::bpchar))", "Rows Removed by Filter": 23}, {"Node Type": "Materialize", "Parent Relationship": "Inner", "Startup Cost": 0.0, "Total Cost": 1.38, "Plan Rows": 25, "Plan Width": 30, "Actual Startup Time": 0.025, "Actual Total Time": 0.206, "Actual Rows": 4, "Actual Loops": 2, "Plans": [{"Node Type": "Seq Scan", "Parent Relationship": "Outer", "Relation Name": "nation", "Alias": "n2", "Startup Cost": 0.0, "Total Cost": 1.25, "Plan Rows": 25, "Plan Width": 30, "Actual Startup Time": 0.016, "Actual Total Time": 0.032, "Actual Rows": 2, "Actual Loops": 1, "Filter": "((n_name = 'INDIA'::bpchar) OR (n_name = 'JAPAN'::bpchar))", "Rows Removed by Filter": 23}]}]}, {"Node Type": "Bitmap Heap Scan", "Parent Relationship": "Inner", "Relation Name": "customer", "Alias": "customer", "Startup Cost": 1030.37, "Total Cost": 6832.48, "Plan Rows": 60000, "Plan Width": 12, "Actual Startup Time": 36.173, "Actual Total Time": 249.567, "Actual Rows": 119972, "Actual Loops": 2, "Recheck Cond": "(c_nationkey = n2.n_nationkey)", "Rows Removed by Index Recheck": 0, "Exact Heap Blocks": 59938, "Lossy Heap Blocks": 59938, "Plans": [{"Node Type": "Bitmap Index Scan", "Parent Relationship": "Outer", "Index Name": "idx_customer_nationkey", "Startup Cost": 0.0, "Total Cost": 1015.37, "Plan Rows": 60000, "Plan Width": 0, "Actual Startup Time": 22.983, "Actual Total Time": 22.983, "Actual Rows": 119972, "Actual Loops": 2, "Index Cond": "(c_nationkey = n2.n_nationkey)"}]}]}, {"Node Type": "Index Scan", "Parent Relationship": "Inner", "Scan Direction": "Forward", "Index Name": "idx_orders_custkey", "Relation Name": "orders", "Alias": "orders", "Startup Cost": 0.0, "Total Cost": 1.22, "Plan Rows": 4, "Plan Width": 16, "Actual Startup Time": 724.391, "Actual Total Time": 3299.643, "Actual Rows": 1200363, "Actual Loops": 119972, "Index Cond": "(o_custkey = customer.c_custkey)", "Rows Removed by Index Recheck": 0}]}, {"Node Type": "Index Scan", "Parent Relationship": "Inner", "Scan Direction": "Forward", "Index Name": "idx_lineitem_orderkey", "Relation Name": "lineitem", "Alias": "lineitem", "Startup Cost": 0.0, "Total Cost": 0.91, "Plan Rows": 3, "Plan Width": 40, "Actual Startup Time": 12888.705, "Actual Total Time": 14075.474, "Actual Rows": 1459150, "Actual Loops": 1200363, "Index Cond": "(l_orderkey = orders.o_orderkey)", "Rows Removed by Index Recheck": 0, "Filter": "((l_shipdate >= '1995-01-01 00:00:00'::timestamp(0) without time zone) AND (l_shipdate <= '1996-12-31 00:00:00'::timestamp(0) without time zone))", "Rows Removed by Filter": 3342563}]}, {"Node Type": "Hash", "Parent Relationship": "Inner", "Startup Cost": 3283.0, "Total Cost": 3283.0, "Plan Rows": 100000, "Plan Width": 12, "Actual Startup Time": 71.106, "Actual Total Time": 71.106, "Actual Rows": 100000, "Actual Loops": 1, "Hash Buckets": 131072, "Hash Batches": 1, "Original Hash Batches": 1, "Peak Memory Usage": 4297, "Plans": [{"Node Type": "Seq Scan", "Parent Relationship": "Outer", "Relation Name": "supplier", "Alias": "supplier", "Startup Cost": 0.0, "Total Cost": 3283.0, "Plan Rows": 100000, "Plan Width": 12, "Actual Startup Time": 0.014, "Actual Total Time": 40.736, "Actual Rows": 100000, "Actual Loops": 1}]}]}]}]}, "Triggers": [], "Planner Runtime": 3, "Total Runtime": 19902.814, "Unique SQL Id": 2208782157}}, "(64, 37)": {"explain_plan": {"Plan": {"Node Type": "Sort", "Startup Cost": 655503.17, "Total Cost": 655512.39, "Plan Rows": 3688, "Plan Width": 84, "Sort Key": ["n1.n_name", "n2.n_name", "(date_part('year'::text, lineitem.l_shipdate))"], "Plans": [{"Node Type": "Aggregate", "Strategy": "Hashed", "Parent Relationship": "Outer", "Startup Cost": 655238.58, "Total Cost": 655284.68, "Plan Rows": 3688, "Plan Width": 84, "Group By Key": ["n1.n_name", "n2.n_name", "date_part('year'::text, lineitem.l_shipdate)"], "Plans": [{"Node Type": "Hash Join", "Parent Relationship": "Outer", "Join Type": "Inner", "Startup Cost": 7864.91, "Total Cost": 655183.26, "Plan Rows": 3688, "Plan Width": 76, "Inner Unique": true, "Hash Cond": "((lineitem.l_suppkey = supplier.s_suppkey) AND (n1.n_nationkey = supplier.s_nationkey))", "Plans": [{"Node Type": "Nested Loop", "Parent Relationship": "Outer", "Join Type": "Inner", "Startup Cost": 1030.37, "Total Cost": 642764.74, "Plan Rows": 740786, "Plan Width": 88, "Inner Unique": false, "Plans": [{"Node Type": "Nested Loop", "Parent Relationship": "Outer", "Join Type": "Inner", "Startup Cost": 1030.37, "Total Cost": 166027.11, "Plan Rows": 504972, "Plan Width": 64, "Inner Unique": false, "Plans": [{"Node Type": "Nested Loop", "Parent Relationship": "Outer", "Join Type": "Inner", "Startup Cost": 1030.37, "Total Cost": 14904.59, "Plan Rows": 119904, "Plan Width": 64, "Inner Unique": false, "Plans": [{"Node Type": "Nested Loop", "Parent Relationship": "Outer", "Join Type": "Inner", "Startup Cost": 0.0, "Total Cost": 39.62, "Plan Rows": 2, "Plan Width": 60, "Inner Unique": false, "Join Filter": "(((n1.n_name = 'JAPAN'::bpchar) AND (n2.n_name = 'INDIA'::bpchar)) OR ((n1.n_name = 'INDIA'::bpchar) AND (n2.n_name = 'JAPAN'::bpchar)))", "Plans": [{"Node Type": "Index Scan", "Parent Relationship": "Outer", "Scan Direction": "Forward", "Index Name": "nation_pkey", "Relation Name": "nation", "Alias": "n1", "Startup Cost": 0.0, "Total Cost": 12.75, "Plan Rows": 25, "Plan Width": 30, "Filter": "((n_name = 'JAPAN'::bpchar) OR (n_name = 'INDIA'::bpchar))"}, {"Node Type": "Materialize", "Parent Relationship": "Inner", "Startup Cost": 0.0, "Total Cost": 12.88, "Plan Rows": 25, "Plan Width": 30, "Plans": [{"Node Type": "Index Scan", "Parent Relationship": "Outer", "Scan Direction": "Forward", "Index Name": "nation_pkey", "Relation Name": "nation", "Alias": "n2", "Startup Cost": 0.0, "Total Cost": 12.75, "Plan Rows": 25, "Plan Width": 30, "Filter": "((n_name = 'INDIA'::bpchar) OR (n_name = 'JAPAN'::bpchar))"}]}]}, {"Node Type": "Bitmap Heap Scan", "Parent Relationship": "Inner", "Relation Name": "customer", "Alias": "customer", "Startup Cost": 1030.37, "Total Cost": 6832.48, "Plan Rows": 60000, "Plan Width": 12, "Recheck Cond": "(c_nationkey = n2.n_nationkey)", "Plans": [{"Node Type": "Bitmap Index Scan", "Parent Relationship": "Outer", "Index Name": "idx_customer_nationkey", "Startup Cost": 0.0, "Total Cost": 1015.37, "Plan Rows": 60000, "Plan Width": 0, "Index Cond": "(c_nationkey = n2.n_nationkey)"}]}]}, {"Node Type": "Index Scan", "Parent Relationship": "Inner", "Scan Direction": "Forward", "Index Name": "idx_orders_custkey", "Relation Name": "orders", "Alias": "orders", "Startup Cost": 0.0, "Total Cost": 1.22, "Plan Rows": 4, "Plan Width": 16, "Index Cond": "(o_custkey = customer.c_custkey)"}]}, {"Node Type": "Index Scan", "Parent Relationship": "Inner", "Scan Direction": "Forward", "Index Name": "idx_lineitem_orderkey", "Relation Name": "lineitem", "Alias": "lineitem", "Startup Cost": 0.0, "Total Cost": 0.91, "Plan Rows": 3, "Plan Width": 40, "Index Cond": "(l_orderkey = orders.o_orderkey)", "Filter": "((l_shipdate >= '1995-01-01 00:00:00'::timestamp(0) without time zone) AND (l_shipdate <= '1996-12-31 00:00:00'::timestamp(0) without time zone))"}]}, {"Node Type": "Hash", "Parent Relationship": "Inner", "Startup Cost": 5334.54, "Total Cost": 5334.54, "Plan Rows": 100000, "Plan Width": 12, "Plans": [{"Node Type": "Index Scan", "Parent Relationship": "Outer", "Scan Direction": "Forward", "Index Name": "supplier_pkey", "Relation Name": "supplier", "Alias": "supplier", "Startup Cost": 0.0, "Total Cost": 5334.54, "Plan Rows": 100000, "Plan Width": 12}]}]}]}]}, "Unique SQL Id": 2208782157, "Planner Runtime": 3}, "explain_analyze_plan": {"Plan": {"Node Type": "Sort", "Startup Cost": 655503.17, "Total Cost": 655512.39, "Plan Rows": 3688, "Plan Width": 84, "Actual Startup Time": 20265.933, "Actual Total Time": 20265.933, "Actual Rows": 4, "Actual Loops": 1, "Sort Key": ["n1.n_name", "n2.n_name", "(date_part('year'::text, lineitem.l_shipdate))"], "Sort Method": "quicksort", "Sort Space Used": 25, "Sort Space Type": "Memory", "Plans": [{"Node Type": "Aggregate", "Strategy": "Hashed", "Parent Relationship": "Outer", "Startup Cost": 655238.58, "Total Cost": 655284.68, "Plan Rows": 3688, "Plan Width": 84, "Actual Startup Time": 20265.889, "Actual Total Time": 20265.895, "Actual Rows": 4, "Actual Loops": 1, "Group By Key": ["n1.n_name", "n2.n_name", "date_part('year'::text, lineitem.l_shipdate)"], "Plans": [{"Node Type": "Hash Join", "Parent Relationship": "Outer", "Join Type": "Inner", "Startup Cost": 7864.91, "Total Cost": 655183.26, "Plan Rows": 3688, "Plan Width": 76, "Actual Startup Time": 130.678, "Actual Total Time": 20164.418, "Actual Rows": 58554, "Actual Loops": 1, "Inner Unique": true, "Hash Cond": "((lineitem.l_suppkey = supplier.s_suppkey) AND (n1.n_nationkey = supplier.s_nationkey))", "Plans": [{"Node Type": "Nested Loop", "Parent Relationship": "Outer", "Join Type": "Inner", "Startup Cost": 1030.37, "Total Cost": 642764.74, "Plan Rows": 740786, "Plan Width": 88, "Actual Startup Time": 18.121, "Actual Total Time": 19351.546, "Actual Rows": 1459150, "Actual Loops": 1, "Inner Unique": false, "Plans": [{"Node Type": "Nested Loop", "Parent Relationship": "Outer", "Join Type": "Inner", "Startup Cost": 1030.37, "Total Cost": 166027.11, "Plan Rows": 504972, "Plan Width": 64, "Actual Startup Time": 18.033, "Actual Total Time": 4154.387, "Actual Rows": 1200363, "Actual Loops": 1, "Inner Unique": false, "Plans": [{"Node Type": "Nested Loop", "Parent Relationship": "Outer", "Join Type": "Inner", "Startup Cost": 1030.37, "Total Cost": 14904.59, "Plan Rows": 119904, "Plan Width": 64, "Actual Startup Time": 18.001, "Actual Total Time": 287.281, "Actual Rows": 119972, "Actual Loops": 1, "Inner Unique": false, "Plans": [{"Node Type": "Nested Loop", "Parent Relationship": "Outer", "Join Type": "Inner", "Startup Cost": 0.0, "Total Cost": 39.62, "Plan Rows": 2, "Plan Width": 60, "Actual Startup Time": 0.051, "Actual Total Time": 0.158, "Actual Rows": 2, "Actual Loops": 1, "Inner Unique": false, "Join Filter": "(((n1.n_name = 'JAPAN'::bpchar) AND (n2.n_name = 'INDIA'::bpchar)) OR ((n1.n_name = 'INDIA'::bpchar) AND (n2.n_name = 'JAPAN'::bpchar)))", "Rows Removed by Join Filter": 2, "Plans": [{"Node Type": "Index Scan", "Parent Relationship": "Outer", "Scan Direction": "Forward", "Index Name": "nation_pkey", "Relation Name": "nation", "Alias": "n1", "Startup Cost": 0.0, "Total Cost": 12.75, "Plan Rows": 25, "Plan Width": 30, "Actual Startup Time": 0.023, "Actual Total Time": 0.045, "Actual Rows": 2, "Actual Loops": 1, "Filter": "((n_name = 'JAPAN'::bpchar) OR (n_name = 'INDIA'::bpchar))", "Rows Removed by Filter": 23}, {"Node Type": "Materialize", "Parent Relationship": "Inner", "Startup Cost": 0.0, "Total Cost": 12.88, "Plan Rows": 25, "Plan Width": 30, "Actual Startup Time": 0.019, "Actual Total Time": 0.056, "Actual Rows": 4, "Actual Loops": 2, "Plans": [{"Node Type": "Index Scan", "Parent Relationship": "Outer", "Scan Direction": "Forward", "Index Name": "nation_pkey", "Relation Name": "nation", "Alias": "n2", "Startup Cost": 0.0, "Total Cost": 12.75, "Plan Rows": 25, "Plan Width": 30, "Actual Startup Time": 0.01, "Actual Total Time": 0.036, "Actual Rows": 2, "Actual Loops": 1, "Filter": "((n_name = 'INDIA'::bpchar) OR (n_name = 'JAPAN'::bpchar))", "Rows Removed by Filter": 23}]}]}, {"Node Type": "Bitmap Heap Scan", "Parent Relationship": "Inner", "Relation Name": "customer", "Alias": "customer", "Startup Cost": 1030.37, "Total Cost": 6832.48, "Plan Rows": 60000, "Plan Width": 12, "Actual Startup Time": 35.918, "Actual Total Time": 258.886, "Actual Rows": 119972, "Actual Loops": 2, "Recheck Cond": "(c_nationkey = n2.n_nationkey)", "Rows Removed by Index Recheck": 0, "Exact Heap Blocks": 59938, "Lossy Heap Blocks": 59938, "Plans": [{"Node Type": "Bitmap Index Scan", "Parent Relationship": "Outer", "Index Name": "idx_customer_nationkey", "Startup Cost": 0.0, "Total Cost": 1015.37, "Plan Rows": 60000, "Plan Width": 0, "Actual Startup Time": 22.743, "Actual Total Time": 22.743, "Actual Rows": 119972, "Actual Loops": 2, "Index Cond": "(c_nationkey = n2.n_nationkey)"}]}]}, {"Node Type": "Index Scan", "Parent Relationship": "Inner", "Scan Direction": "Forward", "Index Name": "idx_orders_custkey", "Relation Name": "orders", "Alias": "orders", "Startup Cost": 0.0, "Total Cost": 1.22, "Plan Rows": 4, "Plan Width": 16, "Actual Startup Time": 757.084, "Actual Total Time": 3520.551, "Actual Rows": 1200363, "Actual Loops": 119972, "Index Cond": "(o_custkey = customer.c_custkey)", "Rows Removed by Index Recheck": 0}]}, {"Node Type": "Index Scan", "Parent Relationship": "Inner", "Scan Direction": "Forward", "Index Name": "idx_lineitem_orderkey", "Relation Name": "lineitem", "Alias": "lineitem", "Startup Cost": 0.0, "Total Cost": 0.91, "Plan Rows": 3, "Plan Width": 40, "Actual Startup Time": 13074.494, "Actual Total Time": 14226.286, "Actual Rows": 1459150, "Actual Loops": 1200363, "Index Cond": "(l_orderkey = orders.o_orderkey)", "Rows Removed by Index Recheck": 0, "Filter": "((l_shipdate >= '1995-01-01 00:00:00'::timestamp(0) without time zone) AND (l_shipdate <= '1996-12-31 00:00:00'::timestamp(0) without time zone))", "Rows Removed by Filter": 3342563}]}, {"Node Type": "Hash", "Parent Relationship": "Inner", "Startup Cost": 5334.54, "Total Cost": 5334.54, "Plan Rows": 100000, "Plan Width": 12, "Actual Startup Time": 112.295, "Actual Total Time": 112.295, "Actual Rows": 100000, "Actual Loops": 1, "Hash Buckets": 131072, "Hash Batches": 1, "Original Hash Batches": 1, "Peak Memory Usage": 4297, "Plans": [{"Node Type": "Index Scan", "Parent Relationship": "Outer", "Scan Direction": "Forward", "Index Name": "supplier_pkey", "Relation Name": "supplier", "Alias": "supplier", "Startup Cost": 0.0, "Total Cost": 5334.54, "Plan Rows": 100000, "Plan Width": 12, "Actual Startup Time": 0.021, "Actual Total Time": 79.988, "Actual Rows": 100000, "Actual Loops": 1}]}]}]}]}, "Triggers": [], "Planner Runtime": 3, "Total Runtime": 20266.249, "Unique SQL Id": 2208782157}}, "(64, 38)": {"explain_plan": {"Plan": {"Node Type": "Sort", "Startup Cost": 2821200.81, "Total Cost": 2821210.03, "Plan Rows": 3688, "Plan Width": 84, "Sort Key": ["n1.n_name", "n2.n_name", "(date_part('year'::text, lineitem.l_shipdate))"], "Plans": [{"Node Type": "Aggregate", "Strategy": "Hashed", "Parent Relationship": "Outer", "Startup Cost": 2820936.22, "Total Cost": 2820982.32, "Plan Rows": 3688, "Plan Width": 84, "Group By Key": ["n1.n_name", "n2.n_name", "date_part('year'::text, lineitem.l_shipdate)"], "Plans": [{"Node Type": "Hash Join", "Parent Relationship": "Outer", "Join Type": "Inner", "Startup Cost": 21163.77, "Total Cost": 2820880.9, "Plan Rows": 3688, "Plan Width": 76, "Inner Unique": true, "Hash Cond": "((lineitem.l_suppkey = supplier.s_suppkey) AND (n1.n_nationkey = supplier.s_nationkey))", "Plans": [{"Node Type": "Nested Loop", "Parent Relationship": "Outer", "Join Type": "Inner", "Startup Cost": 16380.77, "Total Cost": 2810513.92, "Plan Rows": 740786, "Plan Width": 88, "Inner Unique": false, "Plans": [{"Node Type": "Hash Join", "Parent Relationship": "Outer", "Join Type": "Inner", "Startup Cost": 16380.39, "Total Cost": 504091.94, "Plan Rows": 504972, "Plan Width": 64, "Inner Unique": false, "Hash Cond": "(orders.o_custkey = customer.c_custkey), (LLVM Optimized)", "Plans": [{"Node Type": "Seq Scan", "Parent Relationship": "Outer", "Relation Name": "orders", "Alias": "orders", "Startup Cost": 0.0, "Total Cost": 426413.79, "Plan Rows": 14999479, "Plan Width": 16}, {"Node Type": "Hash", "Parent Relationship": "Inner", "Startup Cost": 14881.59, "Total Cost": 14881.59, "Plan Rows": 119904, "Plan Width": 64, "Plans": [{"Node Type": "Nested Loop", "Parent Relationship": "Outer", "Join Type": "Inner", "Startup Cost": 1030.37, "Total Cost": 14881.59, "Plan Rows": 119904, "Plan Width": 64, "Inner Unique": false, "Plans": [{"Node Type": "Nested Loop", "Parent Relationship": "Outer", "Join Type": "Inner", "Startup Cost": 0.0, "Total Cost": 16.62, "Plan Rows": 2, "Plan Width": 60, "Inner Unique": false, "Join Filter": "(((n1.n_name = 'JAPAN'::bpchar) AND (n2.n_name = 'INDIA'::bpchar)) OR ((n1.n_name = 'INDIA'::bpchar) AND (n2.n_name = 'JAPAN'::bpchar)))", "Plans": [{"Node Type": "Seq Scan", "Parent Relationship": "Outer", "Relation Name": "nation", "Alias": "n1", "Startup Cost": 0.0, "Total Cost": 1.25, "Plan Rows": 25, "Plan Width": 30, "Filter": "((n_name = 'JAPAN'::bpchar) OR (n_name = 'INDIA'::bpchar))"}, {"Node Type": "Materialize", "Parent Relationship": "Inner", "Startup Cost": 0.0, "Total Cost": 1.38, "Plan Rows": 25, "Plan Width": 30, "Plans": [{"Node Type": "Seq Scan", "Parent Relationship": "Outer", "Relation Name": "nation", "Alias": "n2", "Startup Cost": 0.0, "Total Cost": 1.25, "Plan Rows": 25, "Plan Width": 30, "Filter": "((n_name = 'INDIA'::bpchar) OR (n_name = 'JAPAN'::bpchar))"}]}]}, {"Node Type": "Bitmap Heap Scan", "Parent Relationship": "Inner", "Relation Name": "customer", "Alias": "customer", "Startup Cost": 1030.37, "Total Cost": 6832.48, "Plan Rows": 60000, "Plan Width": 12, "Recheck Cond": "(c_nationkey = n2.n_nationkey)", "Plans": [{"Node Type": "Bitmap Index Scan", "Parent Relationship": "Outer", "Index Name": "idx_customer_nationkey", "Startup Cost": 0.0, "Total Cost": 1015.37, "Plan Rows": 60000, "Plan Width": 0, "Index Cond": "(c_nationkey = n2.n_nationkey)"}]}]}]}]}, {"Node Type": "Bitmap Heap Scan", "Parent Relationship": "Inner", "Relation Name": "lineitem", "Alias": "lineitem", "Startup Cost": 0.38, "Total Cost": 4.54, "Plan Rows": 3, "Plan Width": 40, "Recheck Cond": "(l_orderkey = orders.o_orderkey)", "Filter": "((l_shipdate >= '1995-01-01 00:00:00'::timestamp(0) without time zone) AND (l_shipdate <= '1996-12-31 00:00:00'::timestamp(0) without time zone))", "Plans": [{"Node Type": "Bitmap Index Scan", "Parent Relationship": "Outer", "Index Name": "idx_lineitem_orderkey", "Startup Cost": 0.0, "Total Cost": 0.38, "Plan Rows": 9, "Plan Width": 0, "Index Cond": "(l_orderkey = orders.o_orderkey)"}]}]}, {"Node Type": "Hash", "Parent Relationship": "Inner", "Startup Cost": 3283.0, "Total Cost": 3283.0, "Plan Rows": 100000, "Plan Width": 12, "Plans": [{"Node Type": "Seq Scan", "Parent Relationship": "Outer", "Relation Name": "supplier", "Alias": "supplier", "Startup Cost": 0.0, "Total Cost": 3283.0, "Plan Rows": 100000, "Plan Width": 12}]}]}]}]}, "Unique SQL Id": 2208782157, "Planner Runtime": 3}, "explain_analyze_plan": {"Plan": {"Node Type": "Sort", "Startup Cost": 2821200.81, "Total Cost": 2821210.03, "Plan Rows": 3688, "Plan Width": 84, "Actual Startup Time": 23175.664, "Actual Total Time": 23175.664, "Actual Rows": 4, "Actual Loops": 1, "Sort Key": ["n1.n_name", "n2.n_name", "(date_part('year'::text, lineitem.l_shipdate))"], "Sort Method": "quicksort", "Sort Space Used": 25, "Sort Space Type": "Memory", "Plans": [{"Node Type": "Aggregate", "Strategy": "Hashed", "Parent Relationship": "Outer", "Startup Cost": 2820936.22, "Total Cost": 2820982.32, "Plan Rows": 3688, "Plan Width": 84, "Actual Startup Time": 23175.566, "Actual Total Time": 23175.57, "Actual Rows": 4, "Actual Loops": 1, "Group By Key": ["n1.n_name", "n2.n_name", "date_part('year'::text, lineitem.l_shipdate)"], "Plans": [{"Node Type": "Hash Join", "Parent Relationship": "Outer", "Join Type": "Inner", "Startup Cost": 21163.77, "Total Cost": 2820880.9, "Plan Rows": 3688, "Plan Width": 76, "Actual Startup Time": 395.766, "Actual Total Time": 23069.164, "Actual Rows": 58554, "Actual Loops": 1, "Inner Unique": true, "Hash Cond": "((lineitem.l_suppkey = supplier.s_suppkey) AND (n1.n_nationkey = supplier.s_nationkey))", "Plans": [{"Node Type": "Nested Loop", "Parent Relationship": "Outer", "Join Type": "Inner", "Startup Cost": 16380.77, "Total Cost": 2810513.92, "Plan Rows": 740786, "Plan Width": 88, "Actual Startup Time": 324.273, "Actual Total Time": 22339.874, "Actual Rows": 1459150, "Actual Loops": 1, "Inner Unique": false, "Plans": [{"Node Type": "Hash Join", "Parent Relationship": "Outer", "Join Type": "Inner", "Startup Cost": 16380.39, "Total Cost": 504091.94, "Plan Rows": 504972, "Plan Width": 64, "Actual Startup Time": 324.196, "Actual Total Time": 9507.906, "Actual Rows": 1200363, "Actual Loops": 1, "Inner Unique": false, "Hash Cond": "(orders.o_custkey = customer.c_custkey), (LLVM Optimized, Jit Execute)", "Plans": [{"Node Type": "Seq Scan", "Parent Relationship": "Outer", "Relation Name": "orders", "Alias": "orders", "Startup Cost": 0.0, "Total Cost": 426413.79, "Plan Rows": 14999479, "Plan Width": 16, "Actual Startup Time": 0.021, "Actual Total Time": 4197.437, "Actual Rows": 15000000, "Actual Loops": 1}, {"Node Type": "Hash", "Parent Relationship": "Inner", "Startup Cost": 14881.59, "Total Cost": 14881.59, "Plan Rows": 119904, "Plan Width": 64, "Actual Startup Time": 324.037, "Actual Total Time": 324.037, "Actual Rows": 119972, "Actual Loops": 1, "Hash Buckets": 131072, "Hash Batches": 1, "Original Hash Batches": 1, "Peak Memory Usage": 11248, "Plans": [{"Node Type": "Nested Loop", "Parent Relationship": "Outer", "Join Type": "Inner", "Startup Cost": 1030.37, "Total Cost": 14881.59, "Plan Rows": 119904, "Plan Width": 64, "Actual Startup Time": 18.16, "Actual Total Time": 281.037, "Actual Rows": 119972, "Actual Loops": 1, "Inner Unique": false, "Plans": [{"Node Type": "Nested Loop", "Parent Relationship": "Outer", "Join Type": "Inner", "Startup Cost": 0.0, "Total Cost": 16.62, "Plan Rows": 2, "Plan Width": 60, "Actual Startup Time": 0.068, "Actual Total Time": 0.136, "Actual Rows": 2, "Actual Loops": 1, "Inner Unique": false, "Join Filter": "(((n1.n_name = 'JAPAN'::bpchar) AND (n2.n_name = 'INDIA'::bpchar)) OR ((n1.n_name = 'INDIA'::bpchar) AND (n2.n_name = 'JAPAN'::bpchar)))", "Rows Removed by Join Filter": 2, "Plans": [{"Node Type": "Seq Scan", "Parent Relationship": "Outer", "Relation Name": "nation", "Alias": "n1", "Startup Cost": 0.0, "Total Cost": 1.25, "Plan Rows": 25, "Plan Width": 30, "Actual Startup Time": 0.033, "Actual Total Time": 0.05, "Actual Rows": 2, "Actual Loops": 1, "Filter": "((n_name = 'JAPAN'::bpchar) OR (n_name = 'INDIA'::bpchar))", "Rows Removed by Filter": 23}, {"Node Type": "Materialize", "Parent Relationship": "Inner", "Startup Cost": 0.0, "Total Cost": 1.38, "Plan Rows": 25, "Plan Width": 30, "Actual Startup Time": 0.026, "Actual Total Time": 0.048, "Actual Rows": 4, "Actual Loops": 2, "Plans": [{"Node Type": "Seq Scan", "Parent Relationship": "Outer", "Relation Name": "nation", "Alias": "n2", "Startup Cost": 0.0, "Total Cost": 1.25, "Plan Rows": 25, "Plan Width": 30, "Actual Startup Time": 0.02, "Actual Total Time": 0.039, "Actual Rows": 2, "Actual Loops": 1, "Filter": "((n_name = 'INDIA'::bpchar) OR (n_name = 'JAPAN'::bpchar))", "Rows Removed by Filter": 23}]}]}, {"Node Type": "Bitmap Heap Scan", "Parent Relationship": "Inner", "Relation Name": "customer", "Alias": "customer", "Startup Cost": 1030.37, "Total Cost": 6832.48, "Plan Rows": 60000, "Plan Width": 12, "Actual Startup Time": 36.07, "Actual Total Time": 256.52, "Actual Rows": 119972, "Actual Loops": 2, "Recheck Cond": "(c_nationkey = n2.n_nationkey)", "Rows Removed by Index Recheck": 0, "Exact Heap Blocks": 59938, "Lossy Heap Blocks": 59938, "Plans": [{"Node Type": "Bitmap Index Scan", "Parent Relationship": "Outer", "Index Name": "idx_customer_nationkey", "Startup Cost": 0.0, "Total Cost": 1015.37, "Plan Rows": 60000, "Plan Width": 0, "Actual Startup Time": 22.953, "Actual Total Time": 22.953, "Actual Rows": 119972, "Actual Loops": 2, "Index Cond": "(c_nationkey = n2.n_nationkey)"}]}]}]}]}, {"Node Type": "Bitmap Heap Scan", "Parent Relationship": "Inner", "Relation Name": "lineitem", "Alias": "lineitem", "Startup Cost": 0.38, "Total Cost": 4.54, "Plan Rows": 3, "Plan Width": 40, "Actual Startup Time": 10487.362, "Actual Total Time": 11099.797, "Actual Rows": 1459150, "Actual Loops": 1200363, "Recheck Cond": "(l_orderkey = orders.o_orderkey)", "Rows Removed by Index Recheck": 0, "Filter": "((l_shipdate >= '1995-01-01 00:00:00'::timestamp(0) without time zone) AND (l_shipdate <= '1996-12-31 00:00:00'::timestamp(0) without time zone))", "Rows Removed by Filter": 3342563, "Exact Heap Blocks": 1285989, "Lossy Heap Blocks": 1285989, "Plans": [{"Node Type": "Bitmap Index Scan", "Parent Relationship": "Outer", "Index Name": "idx_lineitem_orderkey", "Startup Cost": 0.0, "Total Cost": 0.38, "Plan Rows": 9, "Plan Width": 0, "Actual Startup Time": 5016.967, "Actual Total Time": 5016.967, "Actual Rows": 4801713, "Actual Loops": 1200363, "Index Cond": "(l_orderkey = orders.o_orderkey)"}]}]}, {"Node Type": "Hash", "Parent Relationship": "Inner", "Startup Cost": 3283.0, "Total Cost": 3283.0, "Plan Rows": 100000, "Plan Width": 12, "Actual Startup Time": 71.13, "Actual Total Time": 71.13, "Actual Rows": 100000, "Actual Loops": 1, "Hash Buckets": 131072, "Hash Batches": 1, "Original Hash Batches": 1, "Peak Memory Usage": 4297, "Plans": [{"Node Type": "Seq Scan", "Parent Relationship": "Outer", "Relation Name": "supplier", "Alias": "supplier", "Startup Cost": 0.0, "Total Cost": 3283.0, "Plan Rows": 100000, "Plan Width": 12, "Actual Startup Time": 0.017, "Actual Total Time": 40.852, "Actual Rows": 100000, "Actual Loops": 1}]}]}]}]}, "Triggers": [], "Planner Runtime": 3, "Total Runtime": 23184.623, "Unique SQL Id": 2208782157}}, "(64, 39)": {"explain_plan": {"Plan": {"Node Type": "Sort", "Startup Cost": 99673674.43, "Total Cost": 99673683.65, "Plan Rows": 3688, "Plan Width": 84, "Sort Key": ["n1.n_name", "n2.n_name", "(date_part('year'::text, lineitem.l_shipdate))"], "Plans": [{"Node Type": "Aggregate", "Strategy": "Hashed", "Parent Relationship": "Outer", "Startup Cost": 99673409.84, "Total Cost": 99673455.94, "Plan Rows": 3688, "Plan Width": 84, "Group By Key": ["n1.n_name", "n2.n_name", "date_part('year'::text, lineitem.l_shipdate)"], "Plans": [{"Node Type": "Nested Loop", "Parent Relationship": "Outer", "Join Type": "Inner", "Startup Cost": 627986.71, "Total Cost": 99673354.52, "Plan Rows": 3688, "Plan Width": 76, "Inner Unique": true, "Join Filter": "(((n1.n_name = 'JAPAN'::bpchar) AND (n2.n_name = 'INDIA'::bpchar)) OR ((n1.n_name = 'INDIA'::bpchar) AND (n2.n_name = 'JAPAN'::bpchar)))", "Plans": [{"Node Type": "Nested Loop", "Parent Relationship": "Outer", "Join Type": "Inner", "Startup Cost": 627986.45, "Total Cost": 94724471.42, "Plan Rows": 1153515, "Plan Width": 54, "Inner Unique": true, "Plans": [{"Node Type": "Nested Loop", "Parent Relationship": "Outer", "Join Type": "Inner", "Startup Cost": 627986.2, "Total Cost": 89787046.56, "Plan Rows": 1153515, "Plan Width": 32, "Inner Unique": true, "Plans": [{"Node Type": "Nested Loop", "Parent Relationship": "Outer", "Join Type": "Inner", "Startup Cost": 627985.94, "Total Cost": 84848088.55, "Plan Rows": 1153515, "Plan Width": 36, "Inner Unique": true, "Plans": [{"Node Type": "Nested Loop", "Parent Relationship": "Outer", "Join Type": "Inner", "Startup Cost": 627985.67, "Total Cost": 79896146.0, "Plan Rows": 1153515, "Plan Width": 36, "Inner Unique": true, "Plans": [{"Node Type": "Bitmap Heap Scan", "Parent Relationship": "Outer", "Relation Name": "lineitem", "Alias": "lineitem", "Startup Cost": 627985.41, "Total Cost": 2315105.27, "Plan Rows": 18124991, "Plan Width": 40, "Recheck Cond": "((l_shipdate >= '1995-01-01 00:00:00'::timestamp(0) without time zone) AND (l_shipdate <= '1996-12-31 00:00:00'::timestamp(0) without time zone)), (LLVM Optimized)", "Plans": [{"Node Type": "Bitmap Index Scan", "Parent Relationship": "Outer", "Index Name": "idx_lineitem_shipdate", "Startup Cost": 0.0, "Total Cost": 623454.16, "Plan Rows": 18124991, "Plan Width": 0, "Index Cond": "((l_shipdate >= '1995-01-01 00:00:00'::timestamp(0) without time zone) AND (l_shipdate <= '1996-12-31 00:00:00'::timestamp(0) without time zone))"}]}, {"Node Type": "Bitmap Heap Scan", "Parent Relationship": "Inner", "Relation Name": "supplier", "Alias": "supplier", "Startup Cost": 0.26, "Total Cost": 4.27, "Plan Rows": 1, "Plan Width": 12, "Recheck Cond": "(s_suppkey = lineitem.l_suppkey)", "Plans": [{"Node Type": "Bitmap Index Scan", "Parent Relationship": "Outer", "Index Name": "supplier_pkey", "Startup Cost": 0.0, "Total Cost": 0.26, "Plan Rows": 1, "Plan Width": 0, "Index Cond": "(s_suppkey = lineitem.l_suppkey)"}]}]}, {"Node Type": "Bitmap Heap Scan", "Parent Relationship": "Inner", "Relation Name": "orders", "Alias": "orders", "Startup Cost": 0.27, "Total Cost": 4.28, "Plan Rows": 1, "Plan Width": 16, "Recheck Cond": "(o_orderkey = lineitem.l_orderkey)", "Plans": [{"Node Type": "Bitmap Index Scan", "Parent Relationship": "Outer", "Index Name": "orders_pkey", "Startup Cost": 0.0, "Total Cost": 0.27, "Plan Rows": 1, "Plan Width": 0, "Index Cond": "(o_orderkey = lineitem.l_orderkey)"}]}]}, {"Node Type": "Bitmap Heap Scan", "Parent Relationship": "Inner", "Relation Name": "customer", "Alias": "customer", "Startup Cost": 0.26, "Total Cost": 4.27, "Plan Rows": 1, "Plan Width": 12, "Recheck Cond": "(c_custkey = orders.o_custkey)", "Plans": [{"Node Type": "Bitmap Index Scan", "Parent Relationship": "Outer", "Index Name": "customer_pkey", "Startup Cost": 0.0, "Total Cost": 0.26, "Plan Rows": 1, "Plan Width": 0, "Index Cond": "(c_custkey = orders.o_custkey)"}]}]}, {"Node Type": "Bitmap Heap Scan", "Parent Relationship": "Inner", "Relation Name": "nation", "Alias": "n1", "Startup Cost": 0.26, "Total Cost": 4.27, "Plan Rows": 1, "Plan Width": 30, "Recheck Cond": "(n_nationkey = supplier.s_nationkey)", "Filter": "((n_name = 'JAPAN'::bpchar) OR (n_name = 'INDIA'::bpchar))", "Plans": [{"Node Type": "Bitmap Index Scan", "Parent Relationship": "Outer", "Index Name": "nation_pkey", "Startup Cost": 0.0, "Total Cost": 0.26, "Plan Rows": 1, "Plan Width": 0, "Index Cond": "(n_nationkey = supplier.s_nationkey)"}]}]}, {"Node Type": "Bitmap Heap Scan", "Parent Relationship": "Inner", "Relation Name": "nation", "Alias": "n2", "Startup Cost": 0.26, "Total Cost": 4.27, "Plan Rows": 1, "Plan Width": 30, "Recheck Cond": "(n_nationkey = customer.c_nationkey)", "Filter": "((n_name = 'INDIA'::bpchar) OR (n_name = 'JAPAN'::bpchar))", "Plans": [{"Node Type": "Bitmap Index Scan", "Parent Relationship": "Outer", "Index Name": "nation_pkey", "Startup Cost": 0.0, "Total Cost": 0.26, "Plan Rows": 1, "Plan Width": 0, "Index Cond": "(n_nationkey = customer.c_nationkey)"}]}]}]}]}, "Unique SQL Id": 2208782157, "Planner Runtime": 2}, "explain_analyze_plan": null}, "(64, 40)": {"explain_plan": {"Plan": {"Node Type": "Sort", "Startup Cost": 655180.01, "Total Cost": 655189.23, "Plan Rows": 3688, "Plan Width": 84, "Sort Key": ["n1.n_name", "n2.n_name", "(date_part('year'::text, lineitem.l_shipdate))"], "Plans": [{"Node Type": "Aggregate", "Strategy": "Hashed", "Parent Relationship": "Outer", "Startup Cost": 654915.42, "Total Cost": 654961.52, "Plan Rows": 3688, "Plan Width": 84, "Group By Key": ["n1.n_name", "n2.n_name", "date_part('year'::text, lineitem.l_shipdate)"], "Plans": [{"Node Type": "Hash Join", "Parent Relationship": "Outer", "Join Type": "Inner", "Startup Cost": 4783.0, "Total Cost": 654860.1, "Plan Rows": 3688, "Plan Width": 76, "Inner Unique": true, "Hash Cond": "((lineitem.l_suppkey = supplier.s_suppkey) AND (n1.n_nationkey = supplier.s_nationkey))", "Plans": [{"Node Type": "Nested Loop", "Parent Relationship": "Outer", "Join Type": "Inner", "Startup Cost": 0.0, "Total Cost": 644493.13, "Plan Rows": 740786, "Plan Width": 88, "Inner Unique": false, "Plans": [{"Node Type": "Nested Loop", "Parent Relationship": "Outer", "Join Type": "Inner", "Startup Cost": 0.0, "Total Cost": 167755.5, "Plan Rows": 504972, "Plan Width": 64, "Inner Unique": false, "Plans": [{"Node Type": "Nested Loop", "Parent Relationship": "Outer", "Join Type": "Inner", "Startup Cost": 0.0, "Total Cost": 16632.98, "Plan Rows": 119904, "Plan Width": 64, "Inner Unique": false, "Plans": [{"Node Type": "Nested Loop", "Parent Relationship": "Outer", "Join Type": "Inner", "Startup Cost": 0.0, "Total Cost": 28.12, "Plan Rows": 2, "Plan Width": 60, "Inner Unique": false, "Join Filter": "(((n1.n_name = 'JAPAN'::bpchar) AND (n2.n_name = 'INDIA'::bpchar)) OR ((n1.n_name = 'INDIA'::bpchar) AND (n2.n_name = 'JAPAN'::bpchar)))", "Plans": [{"Node Type": "Index Scan", "Parent Relationship": "Outer", "Scan Direction": "Forward", "Index Name": "nation_pkey", "Relation Name": "nation", "Alias": "n1", "Startup Cost": 0.0, "Total Cost": 12.75, "Plan Rows": 25, "Plan Width": 30, "Filter": "((n_name = 'JAPAN'::bpchar) OR (n_name = 'INDIA'::bpchar))"}, {"Node Type": "Materialize", "Parent Relationship": "Inner", "Startup Cost": 0.0, "Total Cost": 1.38, "Plan Rows": 25, "Plan Width": 30, "Plans": [{"Node Type": "Seq Scan", "Parent Relationship": "Outer", "Relation Name": "nation", "Alias": "n2", "Startup Cost": 0.0, "Total Cost": 1.25, "Plan Rows": 25, "Plan Width": 30, "Filter": "((n_name = 'INDIA'::bpchar) OR (n_name = 'JAPAN'::bpchar))"}]}]}, {"Node Type": "Index Scan", "Parent Relationship": "Inner", "Scan Direction": "Forward", "Index Name": "idx_customer_nationkey", "Relation Name": "customer", "Alias": "customer", "Startup Cost": 0.0, "Total Cost": 7702.43, "Plan Rows": 60000, "Plan Width": 12, "Index Cond": "(c_nationkey = n2.n_nationkey)"}]}, {"Node Type": "Index Scan", "Parent Relationship": "Inner", "Scan Direction": "Forward", "Index Name": "idx_orders_custkey", "Relation Name": "orders", "Alias": "orders", "Startup Cost": 0.0, "Total Cost": 1.22, "Plan Rows": 4, "Plan Width": 16, "Index Cond": "(o_custkey = customer.c_custkey)"}]}, {"Node Type": "Index Scan", "Parent Relationship": "Inner", "Scan Direction": "Forward", "Index Name": "idx_lineitem_orderkey", "Relation Name": "lineitem", "Alias": "lineitem", "Startup Cost": 0.0, "Total Cost": 0.91, "Plan Rows": 3, "Plan Width": 40, "Index Cond": "(l_orderkey = orders.o_orderkey)", "Filter": "((l_shipdate >= '1995-01-01 00:00:00'::timestamp(0) without time zone) AND (l_shipdate <= '1996-12-31 00:00:00'::timestamp(0) without time zone))"}]}, {"Node Type": "Hash", "Parent Relationship": "Inner", "Startup Cost": 3283.0, "Total Cost": 3283.0, "Plan Rows": 100000, "Plan Width": 12, "Plans": [{"Node Type": "Seq Scan", "Parent Relationship": "Outer", "Relation Name": "supplier", "Alias": "supplier", "Startup Cost": 0.0, "Total Cost": 3283.0, "Plan Rows": 100000, "Plan Width": 12}]}]}]}]}, "Unique SQL Id": 2208782157, "Planner Runtime": 3}, "explain_analyze_plan": {"Plan": {"Node Type": "Sort", "Startup Cost": 655180.01, "Total Cost": 655189.23, "Plan Rows": 3688, "Plan Width": 84, "Actual Startup Time": 20315.297, "Actual Total Time": 20315.297, "Actual Rows": 4, "Actual Loops": 1, "Sort Key": ["n1.n_name", "n2.n_name", "(date_part('year'::text, lineitem.l_shipdate))"], "Sort Method": "quicksort", "Sort Space Used": 25, "Sort Space Type": "Memory", "Plans": [{"Node Type": "Aggregate", "Strategy": "Hashed", "Parent Relationship": "Outer", "Startup Cost": 654915.42, "Total Cost": 654961.52, "Plan Rows": 3688, "Plan Width": 84, "Actual Startup Time": 20315.255, "Actual Total Time": 20315.259, "Actual Rows": 4, "Actual Loops": 1, "Group By Key": ["n1.n_name", "n2.n_name", "date_part('year'::text, lineitem.l_shipdate)"], "Plans": [{"Node Type": "Hash Join", "Parent Relationship": "Outer", "Join Type": "Inner", "Startup Cost": 4783.0, "Total Cost": 654860.1, "Plan Rows": 3688, "Plan Width": 76, "Actual Startup Time": 69.016, "Actual Total Time": 20216.881, "Actual Rows": 58554, "Actual Loops": 1, "Inner Unique": true, "Hash Cond": "((lineitem.l_suppkey = supplier.s_suppkey) AND (n1.n_nationkey = supplier.s_nationkey))", "Plans": [{"Node Type": "Nested Loop", "Parent Relationship": "Outer", "Join Type": "Inner", "Startup Cost": 0.0, "Total Cost": 644493.13, "Plan Rows": 740786, "Plan Width": 88, "Actual Startup Time": 0.177, "Actual Total Time": 19476.148, "Actual Rows": 1459150, "Actual Loops": 1, "Inner Unique": false, "Plans": [{"Node Type": "Nested Loop", "Parent Relationship": "Outer", "Join Type": "Inner", "Startup Cost": 0.0, "Total Cost": 167755.5, "Plan Rows": 504972, "Plan Width": 64, "Actual Startup Time": 0.106, "Actual Total Time": 4191.716, "Actual Rows": 1200363, "Actual Loops": 1, "Inner Unique": false, "Plans": [{"Node Type": "Nested Loop", "Parent Relationship": "Outer", "Join Type": "Inner", "Startup Cost": 0.0, "Total Cost": 16632.98, "Plan Rows": 119904, "Plan Width": 64, "Actual Startup Time": 0.094, "Actual Total Time": 227.921, "Actual Rows": 119972, "Actual Loops": 1, "Inner Unique": false, "Plans": [{"Node Type": "Nested Loop", "Parent Relationship": "Outer", "Join Type": "Inner", "Startup Cost": 0.0, "Total Cost": 28.12, "Plan Rows": 2, "Plan Width": 60, "Actual Startup Time": 0.058, "Actual Total Time": 0.245, "Actual Rows": 2, "Actual Loops": 1, "Inner Unique": false, "Join Filter": "(((n1.n_name = 'JAPAN'::bpchar) AND (n2.n_name = 'INDIA'::bpchar)) OR ((n1.n_name = 'INDIA'::bpchar) AND (n2.n_name = 'JAPAN'::bpchar)))", "Rows Removed by Join Filter": 2, "Plans": [{"Node Type": "Index Scan", "Parent Relationship": "Outer", "Scan Direction": "Forward", "Index Name": "nation_pkey", "Relation Name": "nation", "Alias": "n1", "Startup Cost": 0.0, "Total Cost": 12.75, "Plan Rows": 25, "Plan Width": 30, "Actual Startup Time": 0.021, "Actual Total Time": 0.053, "Actual Rows": 2, "Actual Loops": 1, "Filter": "((n_name = 'JAPAN'::bpchar) OR (n_name = 'INDIA'::bpchar))", "Rows Removed by Filter": 23}, {"Node Type": "Materialize", "Parent Relationship": "Inner", "Startup Cost": 0.0, "Total Cost": 1.38, "Plan Rows": 25, "Plan Width": 30, "Actual Startup Time": 0.028, "Actual Total Time": 0.056, "Actual Rows": 4, "Actual Loops": 2, "Plans": [{"Node Type": "Seq Scan", "Parent Relationship": "Outer", "Relation Name": "nation", "Alias": "n2", "Startup Cost": 0.0, "Total Cost": 1.25, "Plan Rows": 25, "Plan Width": 30, "Actual Startup Time": 0.021, "Actual Total Time": 0.043, "Actual Rows": 2, "Actual Loops": 1, "Filter": "((n_name = 'INDIA'::bpchar) OR (n_name = 'JAPAN'::bpchar))", "Rows Removed by Filter": 23}]}]}, {"Node Type": "Index Scan", "Parent Relationship": "Inner", "Scan Direction": "Forward", "Index Name": "idx_customer_nationkey", "Relation Name": "customer", "Alias": "customer", "Startup Cost": 0.0, "Total Cost": 7702.43, "Plan Rows": 60000, "Plan Width": 12, "Actual Startup Time": 0.062, "Actual Total Time": 195.075, "Actual Rows": 119972, "Actual Loops": 2, "Index Cond": "(c_nationkey = n2.n_nationkey)", "Rows Removed by Index Recheck": 0}]}, {"Node Type": "Index Scan", "Parent Relationship": "Inner", "Scan Direction": "Forward", "Index Name": "idx_orders_custkey", "Relation Name": "orders", "Alias": "orders", "Startup Cost": 0.0, "Total Cost": 1.22, "Plan Rows": 4, "Plan Width": 16, "Actual Startup Time": 771.687, "Actual Total Time": 3621.827, "Actual Rows": 1200363, "Actual Loops": 119972, "Index Cond": "(o_custkey = customer.c_custkey)", "Rows Removed by Index Recheck": 0}]}, {"Node Type": "Index Scan", "Parent Relationship": "Inner", "Scan Direction": "Forward", "Index Name": "idx_lineitem_orderkey", "Relation Name": "lineitem", "Alias": "lineitem", "Startup Cost": 0.0, "Total Cost": 0.91, "Plan Rows": 3, "Plan Width": 40, "Actual Startup Time": 13170.471, "Actual Total Time": 14318.898, "Actual Rows": 1459150, "Actual Loops": 1200363, "Index Cond": "(l_orderkey = orders.o_orderkey)", "Rows Removed by Index Recheck": 0, "Filter": "((l_shipdate >= '1995-01-01 00:00:00'::timestamp(0) without time zone) AND (l_shipdate <= '1996-12-31 00:00:00'::timestamp(0) without time zone))", "Rows Removed by Filter": 3342563}]}, {"Node Type": "Hash", "Parent Relationship": "Inner", "Startup Cost": 3283.0, "Total Cost": 3283.0, "Plan Rows": 100000, "Plan Width": 12, "Actual Startup Time": 68.584, "Actual Total Time": 68.584, "Actual Rows": 100000, "Actual Loops": 1, "Hash Buckets": 131072, "Hash Batches": 1, "Original Hash Batches": 1, "Peak Memory Usage": 4297, "Plans": [{"Node Type": "Seq Scan", "Parent Relationship": "Outer", "Relation Name": "supplier", "Alias": "supplier", "Startup Cost": 0.0, "Total Cost": 3283.0, "Plan Rows": 100000, "Plan Width": 12, "Actual Startup Time": 0.01, "Actual Total Time": 38.364, "Actual Rows": 100000, "Actual Loops": 1}]}]}]}]}, "Triggers": [], "Planner Runtime": 3, "Total Runtime": 20315.502, "Unique SQL Id": 2208782157}}, "(64, 41)": {"explain_plan": {"Plan": {"Node Type": "Sort", "Startup Cost": 657243.06, "Total Cost": 657252.28, "Plan Rows": 3688, "Plan Width": 84, "Sort Key": ["n1.n_name", "n2.n_name", "(date_part('year'::text, lineitem.l_shipdate))"], "Plans": [{"Node Type": "Aggregate", "Strategy": "Hashed", "Parent Relationship": "Outer", "Startup Cost": 656978.47, "Total Cost": 657024.57, "Plan Rows": 3688, "Plan Width": 84, "Group By Key": ["n1.n_name", "n2.n_name", "date_part('year'::text, lineitem.l_shipdate)"], "Plans": [{"Node Type": "Hash Join", "Parent Relationship": "Outer", "Join Type": "Inner", "Startup Cost": 6834.54, "Total Cost": 656923.15, "Plan Rows": 3688, "Plan Width": 76, "Inner Unique": true, "Hash Cond": "((lineitem.l_suppkey = supplier.s_suppkey) AND (n1.n_nationkey = supplier.s_nationkey))", "Plans": [{"Node Type": "Nested Loop", "Parent Relationship": "Outer", "Join Type": "Inner", "Startup Cost": 0.0, "Total Cost": 644504.63, "Plan Rows": 740786, "Plan Width": 88, "Inner Unique": false, "Plans": [{"Node Type": "Nested Loop", "Parent Relationship": "Outer", "Join Type": "Inner", "Startup Cost": 0.0, "Total Cost": 167767.0, "Plan Rows": 504972, "Plan Width": 64, "Inner Unique": false, "Plans": [{"Node Type": "Nested Loop", "Parent Relationship": "Outer", "Join Type": "Inner", "Startup Cost": 0.0, "Total Cost": 16644.48, "Plan Rows": 119904, "Plan Width": 64, "Inner Unique": false, "Plans": [{"Node Type": "Nested Loop", "Parent Relationship": "Outer", "Join Type": "Inner", "Startup Cost": 0.0, "Total Cost": 39.62, "Plan Rows": 2, "Plan Width": 60, "Inner Unique": false, "Join Filter": "(((n1.n_name = 'JAPAN'::bpchar) AND (n2.n_name = 'INDIA'::bpchar)) OR ((n1.n_name = 'INDIA'::bpchar) AND (n2.n_name = 'JAPAN'::bpchar)))", "Plans": [{"Node Type": "Index Scan", "Parent Relationship": "Outer", "Scan Direction": "Forward", "Index Name": "nation_pkey", "Relation Name": "nation", "Alias": "n1", "Startup Cost": 0.0, "Total Cost": 12.75, "Plan Rows": 25, "Plan Width": 30, "Filter": "((n_name = 'JAPAN'::bpchar) OR (n_name = 'INDIA'::bpchar))"}, {"Node Type": "Materialize", "Parent Relationship": "Inner", "Startup Cost": 0.0, "Total Cost": 12.88, "Plan Rows": 25, "Plan Width": 30, "Plans": [{"Node Type": "Index Scan", "Parent Relationship": "Outer", "Scan Direction": "Forward", "Index Name": "nation_pkey", "Relation Name": "nation", "Alias": "n2", "Startup Cost": 0.0, "Total Cost": 12.75, "Plan Rows": 25, "Plan Width": 30, "Filter": "((n_name = 'INDIA'::bpchar) OR (n_name = 'JAPAN'::bpchar))"}]}]}, {"Node Type": "Index Scan", "Parent Relationship": "Inner", "Scan Direction": "Forward", "Index Name": "idx_customer_nationkey", "Relation Name": "customer", "Alias": "customer", "Startup Cost": 0.0, "Total Cost": 7702.43, "Plan Rows": 60000, "Plan Width": 12, "Index Cond": "(c_nationkey = n2.n_nationkey)"}]}, {"Node Type": "Index Scan", "Parent Relationship": "Inner", "Scan Direction": "Forward", "Index Name": "idx_orders_custkey", "Relation Name": "orders", "Alias": "orders", "Startup Cost": 0.0, "Total Cost": 1.22, "Plan Rows": 4, "Plan Width": 16, "Index Cond": "(o_custkey = customer.c_custkey)"}]}, {"Node Type": "Index Scan", "Parent Relationship": "Inner", "Scan Direction": "Forward", "Index Name": "idx_lineitem_orderkey", "Relation Name": "lineitem", "Alias": "lineitem", "Startup Cost": 0.0, "Total Cost": 0.91, "Plan Rows": 3, "Plan Width": 40, "Index Cond": "(l_orderkey = orders.o_orderkey)", "Filter": "((l_shipdate >= '1995-01-01 00:00:00'::timestamp(0) without time zone) AND (l_shipdate <= '1996-12-31 00:00:00'::timestamp(0) without time zone))"}]}, {"Node Type": "Hash", "Parent Relationship": "Inner", "Startup Cost": 5334.54, "Total Cost": 5334.54, "Plan Rows": 100000, "Plan Width": 12, "Plans": [{"Node Type": "Index Scan", "Parent Relationship": "Outer", "Scan Direction": "Forward", "Index Name": "supplier_pkey", "Relation Name": "supplier", "Alias": "supplier", "Startup Cost": 0.0, "Total Cost": 5334.54, "Plan Rows": 100000, "Plan Width": 12}]}]}]}]}, "Unique SQL Id": 2208782157, "Planner Runtime": 2}, "explain_analyze_plan": {"Plan": {"Node Type": "Sort", "Startup Cost": 657243.06, "Total Cost": 657252.28, "Plan Rows": 3688, "Plan Width": 84, "Actual Startup Time": 20341.0, "Actual Total Time": 20341.0, "Actual Rows": 4, "Actual Loops": 1, "Sort Key": ["n1.n_name", "n2.n_name", "(date_part('year'::text, lineitem.l_shipdate))"], "Sort Method": "quicksort", "Sort Space Used": 25, "Sort Space Type": "Memory", "Plans": [{"Node Type": "Aggregate", "Strategy": "Hashed", "Parent Relationship": "Outer", "Startup Cost": 656978.47, "Total Cost": 657024.57, "Plan Rows": 3688, "Plan Width": 84, "Actual Startup Time": 20340.963, "Actual Total Time": 20340.968, "Actual Rows": 4, "Actual Loops": 1, "Group By Key": ["n1.n_name", "n2.n_name", "date_part('year'::text, lineitem.l_shipdate)"], "Plans": [{"Node Type": "Hash Join", "Parent Relationship": "Outer", "Join Type": "Inner", "Startup Cost": 6834.54, "Total Cost": 656923.15, "Plan Rows": 3688, "Plan Width": 76, "Actual Startup Time": 111.463, "Actual Total Time": 20242.064, "Actual Rows": 58554, "Actual Loops": 1, "Inner Unique": true, "Hash Cond": "((lineitem.l_suppkey = supplier.s_suppkey) AND (n1.n_nationkey = supplier.s_nationkey))", "Plans": [{"Node Type": "Nested Loop", "Parent Relationship": "Outer", "Join Type": "Inner", "Startup Cost": 0.0, "Total Cost": 644504.63, "Plan Rows": 740786, "Plan Width": 88, "Actual Startup Time": 0.156, "Actual Total Time": 19442.806, "Actual Rows": 1459150, "Actual Loops": 1, "Inner Unique": false, "Plans": [{"Node Type": "Nested Loop", "Parent Relationship": "Outer", "Join Type": "Inner", "Startup Cost": 0.0, "Total Cost": 167767.0, "Plan Rows": 504972, "Plan Width": 64, "Actual Startup Time": 0.104, "Actual Total Time": 4180.41, "Actual Rows": 1200363, "Actual Loops": 1, "Inner Unique": false, "Plans": [{"Node Type": "Nested Loop", "Parent Relationship": "Outer", "Join Type": "Inner", "Startup Cost": 0.0, "Total Cost": 16644.48, "Plan Rows": 119904, "Plan Width": 64, "Actual Startup Time": 0.091, "Actual Total Time": 229.651, "Actual Rows": 119972, "Actual Loops": 1, "Inner Unique": false, "Plans": [{"Node Type": "Nested Loop", "Parent Relationship": "Outer", "Join Type": "Inner", "Startup Cost": 0.0, "Total Cost": 39.62, "Plan Rows": 2, "Plan Width": 60, "Actual Startup Time": 0.057, "Actual Total Time": 0.282, "Actual Rows": 2, "Actual Loops": 1, "Inner Unique": false, "Join Filter": "(((n1.n_name = 'JAPAN'::bpchar) AND (n2.n_name = 'INDIA'::bpchar)) OR ((n1.n_name = 'INDIA'::bpchar) AND (n2.n_name = 'JAPAN'::bpchar)))", "Rows Removed by Join Filter": 2, "Plans": [{"Node Type": "Index Scan", "Parent Relationship": "Outer", "Scan Direction": "Forward", "Index Name": "nation_pkey", "Relation Name": "nation", "Alias": "n1", "Startup Cost": 0.0, "Total Cost": 12.75, "Plan Rows": 25, "Plan Width": 30, "Actual Startup Time": 0.023, "Actual Total Time": 0.046, "Actual Rows": 2, "Actual Loops": 1, "Filter": "((n_name = 'JAPAN'::bpchar) OR (n_name = 'INDIA'::bpchar))", "Rows Removed by Filter": 23}, {"Node Type": "Materialize", "Parent Relationship": "Inner", "Startup Cost": 0.0, "Total Cost": 12.88, "Plan Rows": 25, "Plan Width": 30, "Actual Startup Time": 0.026, "Actual Total Time": 0.192, "Actual Rows": 4, "Actual Loops": 2, "Plans": [{"Node Type": "Index Scan", "Parent Relationship": "Outer", "Scan Direction": "Forward", "Index Name": "nation_pkey", "Relation Name": "nation", "Alias": "n2", "Startup Cost": 0.0, "Total Cost": 12.75, "Plan Rows": 25, "Plan Width": 30, "Actual Startup Time": 0.011, "Actual Total Time": 0.046, "Actual Rows": 2, "Actual Loops": 1, "Filter": "((n_name = 'INDIA'::bpchar) OR (n_name = 'JAPAN'::bpchar))", "Rows Removed by Filter": 23}]}]}, {"Node Type": "Index Scan", "Parent Relationship": "Inner", "Scan Direction": "Forward", "Index Name": "idx_customer_nationkey", "Relation Name": "customer", "Alias": "customer", "Startup Cost": 0.0, "Total Cost": 7702.43, "Plan Rows": 60000, "Plan Width": 12, "Actual Startup Time": 0.061, "Actual Total Time": 194.905, "Actual Rows": 119972, "Actual Loops": 2, "Index Cond": "(c_nationkey = n2.n_nationkey)", "Rows Removed by Index Recheck": 0}]}, {"Node Type": "Index Scan", "Parent Relationship": "Inner", "Scan Direction": "Forward", "Index Name": "idx_orders_custkey", "Relation Name": "orders", "Alias": "orders", "Startup Cost": 0.0, "Total Cost": 1.22, "Plan Rows": 4, "Plan Width": 16, "Actual Startup Time": 770.574, "Actual Total Time": 3603.0, "Actual Rows": 1200363, "Actual Loops": 119972, "Index Cond": "(o_custkey = customer.c_custkey)", "Rows Removed by Index Recheck": 0}]}, {"Node Type": "Index Scan", "Parent Relationship": "Inner", "Scan Direction": "Forward", "Index Name": "idx_lineitem_orderkey", "Relation Name": "lineitem", "Alias": "lineitem", "Startup Cost": 0.0, "Total Cost": 0.91, "Plan Rows": 3, "Plan Width": 40, "Actual Startup Time": 13140.934, "Actual Total Time": 14293.094, "Actual Rows": 1459150, "Actual Loops": 1200363, "Index Cond": "(l_orderkey = orders.o_orderkey)", "Rows Removed by Index Recheck": 0, "Filter": "((l_shipdate >= '1995-01-01 00:00:00'::timestamp(0) without time zone) AND (l_shipdate <= '1996-12-31 00:00:00'::timestamp(0) without time zone))", "Rows Removed by Filter": 3342563}]}, {"Node Type": "Hash", "Parent Relationship": "Inner", "Startup Cost": 5334.54, "Total Cost": 5334.54, "Plan Rows": 100000, "Plan Width": 12, "Actual Startup Time": 111.044, "Actual Total Time": 111.044, "Actual Rows": 100000, "Actual Loops": 1, "Hash Buckets": 131072, "Hash Batches": 1, "Original Hash Batches": 1, "Peak Memory Usage": 4297, "Plans": [{"Node Type": "Index Scan", "Parent Relationship": "Outer", "Scan Direction": "Forward", "Index Name": "supplier_pkey", "Relation Name": "supplier", "Alias": "supplier", "Startup Cost": 0.0, "Total Cost": 5334.54, "Plan Rows": 100000, "Plan Width": 12, "Actual Startup Time": 0.018, "Actual Total Time": 78.364, "Actual Rows": 100000, "Actual Loops": 1}]}]}]}]}, "Triggers": [], "Planner Runtime": 2, "Total Runtime": 20341.211, "Unique SQL Id": 2208782157}}, "(64, 42)": {"explain_plan": {"Plan": {"Node Type": "Sort", "Startup Cost": 2961361.75, "Total Cost": 2961370.97, "Plan Rows": 3688, "Plan Width": 84, "Sort Key": ["n1.n_name", "n2.n_name", "(date_part('year'::text, lineitem.l_shipdate))"], "Plans": [{"Node Type": "Aggregate", "Strategy": "Hashed", "Parent Relationship": "Outer", "Startup Cost": 2961097.16, "Total Cost": 2961143.26, "Plan Rows": 3688, "Plan Width": 84, "Group By Key": ["n1.n_name", "n2.n_name", "date_part('year'::text, lineitem.l_shipdate)"], "Plans": [{"Node Type": "Hash Join", "Parent Relationship": "Outer", "Join Type": "Inner", "Startup Cost": 557677.12, "Total Cost": 2961041.84, "Plan Rows": 3688, "Plan Width": 76, "Inner Unique": true, "Hash Cond": "((lineitem.l_suppkey = supplier.s_suppkey) AND (n1.n_nationkey = supplier.s_nationkey))", "Plans": [{"Node Type": "Hash Join", "Parent Relationship": "Outer", "Join Type": "Inner", "Startup Cost": 552894.12, "Total Cost": 2950674.86, "Plan Rows": 740786, "Plan Width": 88, "Inner Unique": false, "Hash Cond": "(lineitem.l_orderkey = orders.o_orderkey), (LLVM Optimized)", "Plans": [{"Node Type": "Seq Scan", "Parent Relationship": "Outer", "Relation Name": "lineitem", "Alias": "lineitem", "Startup Cost": 44.59, "Total Cost": 2315050.5, "Plan Rows": 18124991, "Plan Width": 40, "Filter": "((l_shipdate >= '1995-01-01 00:00:00'::timestamp(0) without time zone) AND (l_shipdate <= '1996-12-31 00:00:00'::timestamp(0) without time zone)), (LLVM Optimized)"}, {"Node Type": "Hash", "Parent Relationship": "Inner", "Startup Cost": 546537.38, "Total Cost": 546537.38, "Plan Rows": 504972, "Plan Width": 64, "Plans": [{"Node Type": "Hash Join", "Parent Relationship": "Outer", "Join Type": "Inner", "Startup Cost": 58825.83, "Total Cost": 546537.38, "Plan Rows": 504972, "Plan Width": 64, "Inner Unique": false, "Hash Cond": "(orders.o_custkey = customer.c_custkey), (LLVM Optimized)", "Plans": [{"Node Type": "Seq Scan", "Parent Relationship": "Outer", "Relation Name": "orders", "Alias": "orders", "Startup Cost": 0.0, "Total Cost": 426413.79, "Plan Rows": 14999479, "Plan Width": 16}, {"Node Type": "Hash", "Parent Relationship": "Inner", "Startup Cost": 57327.03, "Total Cost": 57327.03, "Plan Rows": 119904, "Plan Width": 64, "Plans": [{"Node Type": "Hash Join", "Parent Relationship": "Outer", "Join Type": "Inner", "Startup Cost": 16.65, "Total Cost": 57327.03, "Plan Rows": 119904, "Plan Width": 64, "Inner Unique": false, "Hash Cond": "(customer.c_nationkey = n2.n_nationkey), (LLVM Optimized)", "Plans": [{"Node Type": "Seq Scan", "Parent Relationship": "Outer", "Relation Name": "customer", "Alias": "customer", "Startup Cost": 0.0, "Total Cost": 52126.0, "Plan Rows": 1500000, "Plan Width": 12}, {"Node Type": "Hash", "Parent Relationship": "Inner", "Startup Cost": 16.62, "Total Cost": 16.62, "Plan Rows": 2, "Plan Width": 60, "Plans": [{"Node Type": "Nested Loop", "Parent Relationship": "Outer", "Join Type": "Inner", "Startup Cost": 0.0, "Total Cost": 16.62, "Plan Rows": 2, "Plan Width": 60, "Inner Unique": false, "Join Filter": "(((n1.n_name = 'JAPAN'::bpchar) AND (n2.n_name = 'INDIA'::bpchar)) OR ((n1.n_name = 'INDIA'::bpchar) AND (n2.n_name = 'JAPAN'::bpchar)))", "Plans": [{"Node Type": "Seq Scan", "Parent Relationship": "Outer", "Relation Name": "nation", "Alias": "n1", "Startup Cost": 0.0, "Total Cost": 1.25, "Plan Rows": 25, "Plan Width": 30, "Filter": "((n_name = 'JAPAN'::bpchar) OR (n_name = 'INDIA'::bpchar))"}, {"Node Type": "Materialize", "Parent Relationship": "Inner", "Startup Cost": 0.0, "Total Cost": 1.38, "Plan Rows": 25, "Plan Width": 30, "Plans": [{"Node Type": "Seq Scan", "Parent Relationship": "Outer", "Relation Name": "nation", "Alias": "n2", "Startup Cost": 0.0, "Total Cost": 1.25, "Plan Rows": 25, "Plan Width": 30, "Filter": "((n_name = 'INDIA'::bpchar) OR (n_name = 'JAPAN'::bpchar))"}]}]}]}]}]}]}]}]}, {"Node Type": "Hash", "Parent Relationship": "Inner", "Startup Cost": 3283.0, "Total Cost": 3283.0, "Plan Rows": 100000, "Plan Width": 12, "Plans": [{"Node Type": "Seq Scan", "Parent Relationship": "Outer", "Relation Name": "supplier", "Alias": "supplier", "Startup Cost": 0.0, "Total Cost": 3283.0, "Plan Rows": 100000, "Plan Width": 12}]}]}]}]}, "Unique SQL Id": 2208782157, "Planner Runtime": 3}, "explain_analyze_plan": {"Plan": {"Node Type": "Sort", "Startup Cost": 2961361.75, "Total Cost": 2961370.97, "Plan Rows": 3688, "Plan Width": 84, "Actual Startup Time": 39087.97, "Actual Total Time": 39087.97, "Actual Rows": 4, "Actual Loops": 1, "Sort Key": ["n1.n_name", "n2.n_name", "(date_part('year'::text, lineitem.l_shipdate))"], "Sort Method": "quicksort", "Sort Space Used": 25, "Sort Space Type": "Memory", "Plans": [{"Node Type": "Aggregate", "Strategy": "Hashed", "Parent Relationship": "Outer", "Startup Cost": 2961097.16, "Total Cost": 2961143.26, "Plan Rows": 3688, "Plan Width": 84, "Actual Startup Time": 39087.928, "Actual Total Time": 39087.933, "Actual Rows": 4, "Actual Loops": 1, "Group By Key": ["n1.n_name", "n2.n_name", "date_part('year'::text, lineitem.l_shipdate)"], "Plans": [{"Node Type": "Hash Join", "Parent Relationship": "Outer", "Join Type": "Inner", "Startup Cost": 557677.12, "Total Cost": 2961041.84, "Plan Rows": 3688, "Plan Width": 76, "Actual Startup Time": 9937.976, "Actual Total Time": 38999.287, "Actual Rows": 58554, "Actual Loops": 1, "Inner Unique": true, "Hash Cond": "((lineitem.l_suppkey = supplier.s_suppkey) AND (n1.n_nationkey = supplier.s_nationkey))", "Plans": [{"Node Type": "Hash Join", "Parent Relationship": "Outer", "Join Type": "Inner", "Startup Cost": 552894.12, "Total Cost": 2950674.86, "Plan Rows": 740786, "Plan Width": 88, "Actual Startup Time": 9866.385, "Actual Total Time": 38269.641, "Actual Rows": 1459150, "Actual Loops": 1, "Inner Unique": false, "Hash Cond": "(lineitem.l_orderkey = orders.o_orderkey), (LLVM Optimized, Jit Execute)", "Plans": [{"Node Type": "Seq Scan", "Parent Relationship": "Outer", "Relation Name": "lineitem", "Alias": "lineitem", "Startup Cost": 44.59, "Total Cost": 2315050.5, "Plan Rows": 18124991, "Plan Width": 40, "Actual Startup Time": 0.027, "Actual Total Time": 22462.218, "Actual Rows": 18230325, "Actual Loops": 1, "Filter": "((l_shipdate >= '1995-01-01 00:00:00'::timestamp(0) without time zone) AND (l_shipdate <= '1996-12-31 00:00:00'::timestamp(0) without time zone)), (LLVM Optimized, Jit Execute)", "Rows Removed by Filter": 41755727}, {"Node Type": "Hash", "Parent Relationship": "Inner", "Startup Cost": 546537.38, "Total Cost": 546537.38, "Plan Rows": 504972, "Plan Width": 64, "Actual Startup Time": 9865.556, "Actual Total Time": 9865.556, "Actual Rows": 1200363, "Actual Loops": 1, "Hash Buckets": 524288, "Hash Batches": 1, "Original Hash Batches": 1, "Peak Memory Usage": 112535, "Plans": [{"Node Type": "Hash Join", "Parent Relationship": "Outer", "Join Type": "Inner", "Startup Cost": 58825.83, "Total Cost": 546537.38, "Plan Rows": 504972, "Plan Width": 64, "Actual Startup Time": 838.758, "Actual Total Time": 9389.715, "Actual Rows": 1200363, "Actual Loops": 1, "Inner Unique": false, "Hash Cond": "(orders.o_custkey = customer.c_custkey), (LLVM Optimized, Jit Execute)", "Plans": [{"Node Type": "Seq Scan", "Parent Relationship": "Outer", "Relation Name": "orders", "Alias": "orders", "Startup Cost": 0.0, "Total Cost": 426413.79, "Plan Rows": 14999479, "Plan Width": 16, "Actual Startup Time": 0.026, "Actual Total Time": 4232.637, "Actual Rows": 15000000, "Actual Loops": 1}, {"Node Type": "Hash", "Parent Relationship": "Inner", "Startup Cost": 57327.03, "Total Cost": 57327.03, "Plan Rows": 119904, "Plan Width": 64, "Actual Startup Time": 838.604, "Actual Total Time": 838.604, "Actual Rows": 119972, "Actual Loops": 1, "Hash Buckets": 131072, "Hash Batches": 1, "Original Hash Batches": 1, "Peak Memory Usage": 11248, "Plans": [{"Node Type": "Hash Join", "Parent Relationship": "Outer", "Join Type": "Inner", "Startup Cost": 16.65, "Total Cost": 57327.03, "Plan Rows": 119904, "Plan Width": 64, "Actual Startup Time": 0.125, "Actual Total Time": 795.819, "Actual Rows": 119972, "Actual Loops": 1, "Inner Unique": false, "Hash Cond": "(customer.c_nationkey = n2.n_nationkey), (LLVM Optimized, Jit Execute)", "Plans": [{"Node Type": "Seq Scan", "Parent Relationship": "Outer", "Relation Name": "customer", "Alias": "customer", "Startup Cost": 0.0, "Total Cost": 52126.0, "Plan Rows": 1500000, "Plan Width": 12, "Actual Startup Time": 0.012, "Actual Total Time": 476.1, "Actual Rows": 1500000, "Actual Loops": 1}, {"Node Type": "Hash", "Parent Relationship": "Inner", "Startup Cost": 16.62, "Total Cost": 16.62, "Plan Rows": 2, "Plan Width": 60, "Actual Startup Time": 0.077, "Actual Total Time": 0.077, "Actual Rows": 2, "Actual Loops": 1, "Hash Buckets": 32768, "Hash Batches": 1, "Original Hash Batches": 1, "Peak Memory Usage": 1, "Plans": [{"Node Type": "Nested Loop", "Parent Relationship": "Outer", "Join Type": "Inner", "Startup Cost": 0.0, "Total Cost": 16.62, "Plan Rows": 2, "Plan Width": 60, "Actual Startup Time": 0.053, "Actual Total Time": 0.072, "Actual Rows": 2, "Actual Loops": 1, "Inner Unique": false, "Join Filter": "(((n1.n_name = 'JAPAN'::bpchar) AND (n2.n_name = 'INDIA'::bpchar)) OR ((n1.n_name = 'INDIA'::bpchar) AND (n2.n_name = 'JAPAN'::bpchar)))", "Rows Removed by Join Filter": 2, "Plans": [{"Node Type": "Seq Scan", "Parent Relationship": "Outer", "Relation Name": "nation", "Alias": "n1", "Startup Cost": 0.0, "Total Cost": 1.25, "Plan Rows": 25, "Plan Width": 30, "Actual Startup Time": 0.023, "Actual Total Time": 0.029, "Actual Rows": 2, "Actual Loops": 1, "Filter": "((n_name = 'JAPAN'::bpchar) OR (n_name = 'INDIA'::bpchar))", "Rows Removed by Filter": 23}, {"Node Type": "Materialize", "Parent Relationship": "Inner", "Startup Cost": 0.0, "Total Cost": 1.38, "Plan Rows": 25, "Plan Width": 30, "Actual Startup Time": 0.017, "Actual Total Time": 0.025, "Actual Rows": 4, "Actual Loops": 2, "Plans": [{"Node Type": "Seq Scan", "Parent Relationship": "Outer", "Relation Name": "nation", "Alias": "n2", "Startup Cost": 0.0, "Total Cost": 1.25, "Plan Rows": 25, "Plan Width": 30, "Actual Startup Time": 0.013, "Actual Total Time": 0.021, "Actual Rows": 2, "Actual Loops": 1, "Filter": "((n_name = 'INDIA'::bpchar) OR (n_name = 'JAPAN'::bpchar))", "Rows Removed by Filter": 23}]}]}]}]}]}]}]}]}, {"Node Type": "Hash", "Parent Relationship": "Inner", "Startup Cost": 3283.0, "Total Cost": 3283.0, "Plan Rows": 100000, "Plan Width": 12, "Actual Startup Time": 70.725, "Actual Total Time": 70.725, "Actual Rows": 100000, "Actual Loops": 1, "Hash Buckets": 131072, "Hash Batches": 1, "Original Hash Batches": 1, "Peak Memory Usage": 4297, "Plans": [{"Node Type": "Seq Scan", "Parent Relationship": "Outer", "Relation Name": "supplier", "Alias": "supplier", "Startup Cost": 0.0, "Total Cost": 3283.0, "Plan Rows": 100000, "Plan Width": 12, "Actual Startup Time": 0.017, "Actual Total Time": 40.465, "Actual Rows": 100000, "Actual Loops": 1}]}]}]}]}, "Triggers": [], "Planner Runtime": 3, "Total Runtime": 39097.696, "Unique SQL Id": 2208782157}}, "(64, 43)": {"explain_plan": {"Plan": {"Node Type": "Sort", "Startup Cost": 6025775461732.55, "Total Cost": 6025775461741.77, "Plan Rows": 3688, "Plan Width": 84, "Sort Key": ["n1.n_name", "n2.n_name", "(date_part('year'::text, lineitem.l_shipdate))"], "Plans": [{"Node Type": "Aggregate", "Strategy": "Hashed", "Parent Relationship": "Outer", "Startup Cost": 6025775461467.96, "Total Cost": 6025775461514.06, "Plan Rows": 3688, "Plan Width": 84, "Group By Key": ["n1.n_name", "n2.n_name", "date_part('year'::text, lineitem.l_shipdate)"], "Plans": [{"Node Type": "Nested Loop", "Parent Relationship": "Outer", "Join Type": "Inner", "Startup Cost": 60000000000.0, "Total Cost": 6025775461412.64, "Plan Rows": 3688, "Plan Width": 76, "Inner Unique": false, "Join Filter": "((orders.o_custkey = customer.c_custkey) AND (n2.n_nationkey = customer.c_nationkey))", "Plans": [{"Node Type": "Index Scan", "Parent Relationship": "Outer", "Scan Direction": "Forward", "Index Name": "customer_pkey", "Relation Name": "customer", "Alias": "customer", "Startup Cost": 10000000000.0, "Total Cost": 1000008076535.62, "Plan Rows": 1500000, "Plan Width": 12}, {"Node Type": "Materialize", "Parent Relationship": "Inner", "Startup Cost": 50000000000.0, "Total Cost": 5023346951348.32, "Plan Rows": 92207, "Plan Width": 88, "Plans": [{"Node Type": "Nested Loop", "Parent Relationship": "Outer", "Join Type": "Inner", "Startup Cost": 50000000000.0, "Total Cost": 5023346950887.28, "Plan Rows": 92207, "Plan Width": 88, "Inner Unique": true, "Join Filter": "(lineitem.l_orderkey = orders.o_orderkey)", "Plans": [{"Node Type": "Nested Loop", "Parent Relationship": "Outer", "Join Type": "Inner", "Startup Cost": 40000000000.0, "Total Cost": 4002527961142.79, "Plan Rows": 92207, "Plan Width": 88, "Inner Unique": false, "Join Filter": "(supplier.s_suppkey = lineitem.l_suppkey)", "Plans": [{"Node Type": "Nested Loop", "Parent Relationship": "Outer", "Join Type": "Inner", "Startup Cost": 30000000000.0, "Total Cost": 3000000539268.5, "Plan Rows": 7994, "Plan Width": 64, "Inner Unique": false, "Join Filter": "(n1.n_nationkey = supplier.s_nationkey)", "Plans": [{"Node Type": "Nested Loop", "Parent Relationship": "Outer", "Join Type": "Inner", "Startup Cost": 20000000000.0, "Total Cost": 2000000002564.12, "Plan Rows": 2, "Plan Width": 60, "Inner Unique": false, "Join Filter": "(((n1.n_name = 'JAPAN'::bpchar) AND (n2.n_name = 'INDIA'::bpchar)) OR ((n1.n_name = 'INDIA'::bpchar) AND (n2.n_name = 'JAPAN'::bpchar)))", "Plans": [{"Node Type": "Index Scan", "Parent Relationship": "Outer", "Scan Direction": "Forward", "Index Name": "nation_pkey", "Relation Name": "nation", "Alias": "n2", "Startup Cost": 10000000000.0, "Total Cost": 1000000001275.0, "Plan Rows": 25, "Plan Width": 30, "Filter": "((n_name = 'INDIA'::bpchar) OR (n_name = 'JAPAN'::bpchar))"}, {"Node Type": "Materialize", "Parent Relationship": "Inner", "Startup Cost": 10000000000.0, "Total Cost": 1000000001275.12, "Plan Rows": 25, "Plan Width": 30, "Plans": [{"Node Type": "Index Scan", "Parent Relationship": "Outer", "Scan Direction": "Forward", "Index Name": "nation_pkey", "Relation Name": "nation", "Alias": "n1", "Startup Cost": 10000000000.0, "Total Cost": 1000000001275.0, "Plan Rows": 25, "Plan Width": 30, "Filter": "((n_name = 'JAPAN'::bpchar) OR (n_name = 'INDIA'::bpchar))"}]}]}, {"Node Type": "Materialize", "Parent Relationship": "Inner", "Startup Cost": 10000000000.0, "Total Cost": 1000000533954.38, "Plan Rows": 100000, "Plan Width": 12, "Plans": [{"Node Type": "Index Scan", "Parent Relationship": "Outer", "Scan Direction": "Forward", "Index Name": "supplier_pkey", "Relation Name": "supplier", "Alias": "supplier", "Startup Cost": 10000000000.0, "Total Cost": 1000000533454.38, "Plan Rows": 100000, "Plan Width": 12}]}]}, {"Node Type": "Materialize", "Parent Relationship": "Inner", "Startup Cost": 10000000000.0, "Total Cost": 1000354099515.95, "Plan Rows": 18124991, "Plan Width": 40, "Plans": [{"Node Type": "Index Scan", "Parent Relationship": "Outer", "Scan Direction": "Forward", "Index Name": "idx_lineitem_orderkey", "Relation Name": "lineitem", "Alias": "lineitem", "Startup Cost": 10000000000.0, "Total Cost": 1000354008891.0, "Plan Rows": 18124991, "Plan Width": 40, "Filter": "((l_shipdate >= '1995-01-01 00:00:00'::timestamp(0) without time zone) AND (l_shipdate <= '1996-12-31 00:00:00'::timestamp(0) without time zone)), (LLVM Optimized)"}]}]}, {"Node Type": "Materialize", "Parent Relationship": "Inner", "Startup Cost": 10000000000.0, "Total Cost": 1000073172840.9, "Plan Rows": 14999479, "Plan Width": 16, "Plans": [{"Node Type": "Index Scan", "Parent Relationship": "Outer", "Scan Direction": "Forward", "Index Name": "orders_pkey", "Relation Name": "orders", "Alias": "orders", "Startup Cost": 10000000000.0, "Total Cost": 1000073097843.5, "Plan Rows": 14999479, "Plan Width": 16}]}]}]}]}]}]}, "Unique SQL Id": 2208782157, "Planner Runtime": 3}, "explain_analyze_plan": null}, "(64, 44)": {"explain_plan": {"Plan": {"Node Type": "Sort", "Startup Cost": 655180.01, "Total Cost": 655189.23, "Plan Rows": 3688, "Plan Width": 84, "Sort Key": ["n1.n_name", "n2.n_name", "(date_part('year'::text, lineitem.l_shipdate))"], "Plans": [{"Node Type": "Aggregate", "Strategy": "Hashed", "Parent Relationship": "Outer", "Startup Cost": 654915.42, "Total Cost": 654961.52, "Plan Rows": 3688, "Plan Width": 84, "Group By Key": ["n1.n_name", "n2.n_name", "date_part('year'::text, lineitem.l_shipdate)"], "Plans": [{"Node Type": "Hash Join", "Parent Relationship": "Outer", "Join Type": "Inner", "Startup Cost": 4783.0, "Total Cost": 654860.1, "Plan Rows": 3688, "Plan Width": 76, "Inner Unique": true, "Hash Cond": "((lineitem.l_suppkey = supplier.s_suppkey) AND (n1.n_nationkey = supplier.s_nationkey))", "Plans": [{"Node Type": "Nested Loop", "Parent Relationship": "Outer", "Join Type": "Inner", "Startup Cost": 0.0, "Total Cost": 644493.13, "Plan Rows": 740786, "Plan Width": 88, "Inner Unique": false, "Plans": [{"Node Type": "Nested Loop", "Parent Relationship": "Outer", "Join Type": "Inner", "Startup Cost": 0.0, "Total Cost": 167755.5, "Plan Rows": 504972, "Plan Width": 64, "Inner Unique": false, "Plans": [{"Node Type": "Nested Loop", "Parent Relationship": "Outer", "Join Type": "Inner", "Startup Cost": 0.0, "Total Cost": 16632.98, "Plan Rows": 119904, "Plan Width": 64, "Inner Unique": false, "Plans": [{"Node Type": "Nested Loop", "Parent Relationship": "Outer", "Join Type": "Inner", "Startup Cost": 0.0, "Total Cost": 28.12, "Plan Rows": 2, "Plan Width": 60, "Inner Unique": false, "Join Filter": "(((n1.n_name = 'JAPAN'::bpchar) AND (n2.n_name = 'INDIA'::bpchar)) OR ((n1.n_name = 'INDIA'::bpchar) AND (n2.n_name = 'JAPAN'::bpchar)))", "Plans": [{"Node Type": "Index Scan", "Parent Relationship": "Outer", "Scan Direction": "Forward", "Index Name": "nation_pkey", "Relation Name": "nation", "Alias": "n1", "Startup Cost": 0.0, "Total Cost": 12.75, "Plan Rows": 25, "Plan Width": 30, "Filter": "((n_name = 'JAPAN'::bpchar) OR (n_name = 'INDIA'::bpchar))"}, {"Node Type": "Materialize", "Parent Relationship": "Inner", "Startup Cost": 0.0, "Total Cost": 1.38, "Plan Rows": 25, "Plan Width": 30, "Plans": [{"Node Type": "Seq Scan", "Parent Relationship": "Outer", "Relation Name": "nation", "Alias": "n2", "Startup Cost": 0.0, "Total Cost": 1.25, "Plan Rows": 25, "Plan Width": 30, "Filter": "((n_name = 'INDIA'::bpchar) OR (n_name = 'JAPAN'::bpchar))"}]}]}, {"Node Type": "Index Scan", "Parent Relationship": "Inner", "Scan Direction": "Forward", "Index Name": "idx_customer_nationkey", "Relation Name": "customer", "Alias": "customer", "Startup Cost": 0.0, "Total Cost": 7702.43, "Plan Rows": 60000, "Plan Width": 12, "Index Cond": "(c_nationkey = n2.n_nationkey)"}]}, {"Node Type": "Index Scan", "Parent Relationship": "Inner", "Scan Direction": "Forward", "Index Name": "idx_orders_custkey", "Relation Name": "orders", "Alias": "orders", "Startup Cost": 0.0, "Total Cost": 1.22, "Plan Rows": 4, "Plan Width": 16, "Index Cond": "(o_custkey = customer.c_custkey)"}]}, {"Node Type": "Index Scan", "Parent Relationship": "Inner", "Scan Direction": "Forward", "Index Name": "idx_lineitem_orderkey", "Relation Name": "lineitem", "Alias": "lineitem", "Startup Cost": 0.0, "Total Cost": 0.91, "Plan Rows": 3, "Plan Width": 40, "Index Cond": "(l_orderkey = orders.o_orderkey)", "Filter": "((l_shipdate >= '1995-01-01 00:00:00'::timestamp(0) without time zone) AND (l_shipdate <= '1996-12-31 00:00:00'::timestamp(0) without time zone))"}]}, {"Node Type": "Hash", "Parent Relationship": "Inner", "Startup Cost": 3283.0, "Total Cost": 3283.0, "Plan Rows": 100000, "Plan Width": 12, "Plans": [{"Node Type": "Seq Scan", "Parent Relationship": "Outer", "Relation Name": "supplier", "Alias": "supplier", "Startup Cost": 0.0, "Total Cost": 3283.0, "Plan Rows": 100000, "Plan Width": 12}]}]}]}]}, "Unique SQL Id": 2208782157, "Planner Runtime": 3}, "explain_analyze_plan": {"Plan": {"Node Type": "Sort", "Startup Cost": 655180.01, "Total Cost": 655189.23, "Plan Rows": 3688, "Plan Width": 84, "Actual Startup Time": 20315.297, "Actual Total Time": 20315.297, "Actual Rows": 4, "Actual Loops": 1, "Sort Key": ["n1.n_name", "n2.n_name", "(date_part('year'::text, lineitem.l_shipdate))"], "Sort Method": "quicksort", "Sort Space Used": 25, "Sort Space Type": "Memory", "Plans": [{"Node Type": "Aggregate", "Strategy": "Hashed", "Parent Relationship": "Outer", "Startup Cost": 654915.42, "Total Cost": 654961.52, "Plan Rows": 3688, "Plan Width": 84, "Actual Startup Time": 20315.255, "Actual Total Time": 20315.259, "Actual Rows": 4, "Actual Loops": 1, "Group By Key": ["n1.n_name", "n2.n_name", "date_part('year'::text, lineitem.l_shipdate)"], "Plans": [{"Node Type": "Hash Join", "Parent Relationship": "Outer", "Join Type": "Inner", "Startup Cost": 4783.0, "Total Cost": 654860.1, "Plan Rows": 3688, "Plan Width": 76, "Actual Startup Time": 69.016, "Actual Total Time": 20216.881, "Actual Rows": 58554, "Actual Loops": 1, "Inner Unique": true, "Hash Cond": "((lineitem.l_suppkey = supplier.s_suppkey) AND (n1.n_nationkey = supplier.s_nationkey))", "Plans": [{"Node Type": "Nested Loop", "Parent Relationship": "Outer", "Join Type": "Inner", "Startup Cost": 0.0, "Total Cost": 644493.13, "Plan Rows": 740786, "Plan Width": 88, "Actual Startup Time": 0.177, "Actual Total Time": 19476.148, "Actual Rows": 1459150, "Actual Loops": 1, "Inner Unique": false, "Plans": [{"Node Type": "Nested Loop", "Parent Relationship": "Outer", "Join Type": "Inner", "Startup Cost": 0.0, "Total Cost": 167755.5, "Plan Rows": 504972, "Plan Width": 64, "Actual Startup Time": 0.106, "Actual Total Time": 4191.716, "Actual Rows": 1200363, "Actual Loops": 1, "Inner Unique": false, "Plans": [{"Node Type": "Nested Loop", "Parent Relationship": "Outer", "Join Type": "Inner", "Startup Cost": 0.0, "Total Cost": 16632.98, "Plan Rows": 119904, "Plan Width": 64, "Actual Startup Time": 0.094, "Actual Total Time": 227.921, "Actual Rows": 119972, "Actual Loops": 1, "Inner Unique": false, "Plans": [{"Node Type": "Nested Loop", "Parent Relationship": "Outer", "Join Type": "Inner", "Startup Cost": 0.0, "Total Cost": 28.12, "Plan Rows": 2, "Plan Width": 60, "Actual Startup Time": 0.058, "Actual Total Time": 0.245, "Actual Rows": 2, "Actual Loops": 1, "Inner Unique": false, "Join Filter": "(((n1.n_name = 'JAPAN'::bpchar) AND (n2.n_name = 'INDIA'::bpchar)) OR ((n1.n_name = 'INDIA'::bpchar) AND (n2.n_name = 'JAPAN'::bpchar)))", "Rows Removed by Join Filter": 2, "Plans": [{"Node Type": "Index Scan", "Parent Relationship": "Outer", "Scan Direction": "Forward", "Index Name": "nation_pkey", "Relation Name": "nation", "Alias": "n1", "Startup Cost": 0.0, "Total Cost": 12.75, "Plan Rows": 25, "Plan Width": 30, "Actual Startup Time": 0.021, "Actual Total Time": 0.053, "Actual Rows": 2, "Actual Loops": 1, "Filter": "((n_name = 'JAPAN'::bpchar) OR (n_name = 'INDIA'::bpchar))", "Rows Removed by Filter": 23}, {"Node Type": "Materialize", "Parent Relationship": "Inner", "Startup Cost": 0.0, "Total Cost": 1.38, "Plan Rows": 25, "Plan Width": 30, "Actual Startup Time": 0.028, "Actual Total Time": 0.056, "Actual Rows": 4, "Actual Loops": 2, "Plans": [{"Node Type": "Seq Scan", "Parent Relationship": "Outer", "Relation Name": "nation", "Alias": "n2", "Startup Cost": 0.0, "Total Cost": 1.25, "Plan Rows": 25, "Plan Width": 30, "Actual Startup Time": 0.021, "Actual Total Time": 0.043, "Actual Rows": 2, "Actual Loops": 1, "Filter": "((n_name = 'INDIA'::bpchar) OR (n_name = 'JAPAN'::bpchar))", "Rows Removed by Filter": 23}]}]}, {"Node Type": "Index Scan", "Parent Relationship": "Inner", "Scan Direction": "Forward", "Index Name": "idx_customer_nationkey", "Relation Name": "customer", "Alias": "customer", "Startup Cost": 0.0, "Total Cost": 7702.43, "Plan Rows": 60000, "Plan Width": 12, "Actual Startup Time": 0.062, "Actual Total Time": 195.075, "Actual Rows": 119972, "Actual Loops": 2, "Index Cond": "(c_nationkey = n2.n_nationkey)", "Rows Removed by Index Recheck": 0}]}, {"Node Type": "Index Scan", "Parent Relationship": "Inner", "Scan Direction": "Forward", "Index Name": "idx_orders_custkey", "Relation Name": "orders", "Alias": "orders", "Startup Cost": 0.0, "Total Cost": 1.22, "Plan Rows": 4, "Plan Width": 16, "Actual Startup Time": 771.687, "Actual Total Time": 3621.827, "Actual Rows": 1200363, "Actual Loops": 119972, "Index Cond": "(o_custkey = customer.c_custkey)", "Rows Removed by Index Recheck": 0}]}, {"Node Type": "Index Scan", "Parent Relationship": "Inner", "Scan Direction": "Forward", "Index Name": "idx_lineitem_orderkey", "Relation Name": "lineitem", "Alias": "lineitem", "Startup Cost": 0.0, "Total Cost": 0.91, "Plan Rows": 3, "Plan Width": 40, "Actual Startup Time": 13170.471, "Actual Total Time": 14318.898, "Actual Rows": 1459150, "Actual Loops": 1200363, "Index Cond": "(l_orderkey = orders.o_orderkey)", "Rows Removed by Index Recheck": 0, "Filter": "((l_shipdate >= '1995-01-01 00:00:00'::timestamp(0) without time zone) AND (l_shipdate <= '1996-12-31 00:00:00'::timestamp(0) without time zone))", "Rows Removed by Filter": 3342563}]}, {"Node Type": "Hash", "Parent Relationship": "Inner", "Startup Cost": 3283.0, "Total Cost": 3283.0, "Plan Rows": 100000, "Plan Width": 12, "Actual Startup Time": 68.584, "Actual Total Time": 68.584, "Actual Rows": 100000, "Actual Loops": 1, "Hash Buckets": 131072, "Hash Batches": 1, "Original Hash Batches": 1, "Peak Memory Usage": 4297, "Plans": [{"Node Type": "Seq Scan", "Parent Relationship": "Outer", "Relation Name": "supplier", "Alias": "supplier", "Startup Cost": 0.0, "Total Cost": 3283.0, "Plan Rows": 100000, "Plan Width": 12, "Actual Startup Time": 0.01, "Actual Total Time": 38.364, "Actual Rows": 100000, "Actual Loops": 1}]}]}]}]}, "Triggers": [], "Planner Runtime": 3, "Total Runtime": 20315.502, "Unique SQL Id": 2208782157}}, "(64, 45)": {"explain_plan": {"Plan": {"Node Type": "Sort", "Startup Cost": 657243.06, "Total Cost": 657252.28, "Plan Rows": 3688, "Plan Width": 84, "Sort Key": ["n1.n_name", "n2.n_name", "(date_part('year'::text, lineitem.l_shipdate))"], "Plans": [{"Node Type": "Aggregate", "Strategy": "Hashed", "Parent Relationship": "Outer", "Startup Cost": 656978.47, "Total Cost": 657024.57, "Plan Rows": 3688, "Plan Width": 84, "Group By Key": ["n1.n_name", "n2.n_name", "date_part('year'::text, lineitem.l_shipdate)"], "Plans": [{"Node Type": "Hash Join", "Parent Relationship": "Outer", "Join Type": "Inner", "Startup Cost": 6834.54, "Total Cost": 656923.15, "Plan Rows": 3688, "Plan Width": 76, "Inner Unique": true, "Hash Cond": "((lineitem.l_suppkey = supplier.s_suppkey) AND (n1.n_nationkey = supplier.s_nationkey))", "Plans": [{"Node Type": "Nested Loop", "Parent Relationship": "Outer", "Join Type": "Inner", "Startup Cost": 0.0, "Total Cost": 644504.63, "Plan Rows": 740786, "Plan Width": 88, "Inner Unique": false, "Plans": [{"Node Type": "Nested Loop", "Parent Relationship": "Outer", "Join Type": "Inner", "Startup Cost": 0.0, "Total Cost": 167767.0, "Plan Rows": 504972, "Plan Width": 64, "Inner Unique": false, "Plans": [{"Node Type": "Nested Loop", "Parent Relationship": "Outer", "Join Type": "Inner", "Startup Cost": 0.0, "Total Cost": 16644.48, "Plan Rows": 119904, "Plan Width": 64, "Inner Unique": false, "Plans": [{"Node Type": "Nested Loop", "Parent Relationship": "Outer", "Join Type": "Inner", "Startup Cost": 0.0, "Total Cost": 39.62, "Plan Rows": 2, "Plan Width": 60, "Inner Unique": false, "Join Filter": "(((n1.n_name = 'JAPAN'::bpchar) AND (n2.n_name = 'INDIA'::bpchar)) OR ((n1.n_name = 'INDIA'::bpchar) AND (n2.n_name = 'JAPAN'::bpchar)))", "Plans": [{"Node Type": "Index Scan", "Parent Relationship": "Outer", "Scan Direction": "Forward", "Index Name": "nation_pkey", "Relation Name": "nation", "Alias": "n1", "Startup Cost": 0.0, "Total Cost": 12.75, "Plan Rows": 25, "Plan Width": 30, "Filter": "((n_name = 'JAPAN'::bpchar) OR (n_name = 'INDIA'::bpchar))"}, {"Node Type": "Materialize", "Parent Relationship": "Inner", "Startup Cost": 0.0, "Total Cost": 12.88, "Plan Rows": 25, "Plan Width": 30, "Plans": [{"Node Type": "Index Scan", "Parent Relationship": "Outer", "Scan Direction": "Forward", "Index Name": "nation_pkey", "Relation Name": "nation", "Alias": "n2", "Startup Cost": 0.0, "Total Cost": 12.75, "Plan Rows": 25, "Plan Width": 30, "Filter": "((n_name = 'INDIA'::bpchar) OR (n_name = 'JAPAN'::bpchar))"}]}]}, {"Node Type": "Index Scan", "Parent Relationship": "Inner", "Scan Direction": "Forward", "Index Name": "idx_customer_nationkey", "Relation Name": "customer", "Alias": "customer", "Startup Cost": 0.0, "Total Cost": 7702.43, "Plan Rows": 60000, "Plan Width": 12, "Index Cond": "(c_nationkey = n2.n_nationkey)"}]}, {"Node Type": "Index Scan", "Parent Relationship": "Inner", "Scan Direction": "Forward", "Index Name": "idx_orders_custkey", "Relation Name": "orders", "Alias": "orders", "Startup Cost": 0.0, "Total Cost": 1.22, "Plan Rows": 4, "Plan Width": 16, "Index Cond": "(o_custkey = customer.c_custkey)"}]}, {"Node Type": "Index Scan", "Parent Relationship": "Inner", "Scan Direction": "Forward", "Index Name": "idx_lineitem_orderkey", "Relation Name": "lineitem", "Alias": "lineitem", "Startup Cost": 0.0, "Total Cost": 0.91, "Plan Rows": 3, "Plan Width": 40, "Index Cond": "(l_orderkey = orders.o_orderkey)", "Filter": "((l_shipdate >= '1995-01-01 00:00:00'::timestamp(0) without time zone) AND (l_shipdate <= '1996-12-31 00:00:00'::timestamp(0) without time zone))"}]}, {"Node Type": "Hash", "Parent Relationship": "Inner", "Startup Cost": 5334.54, "Total Cost": 5334.54, "Plan Rows": 100000, "Plan Width": 12, "Plans": [{"Node Type": "Index Scan", "Parent Relationship": "Outer", "Scan Direction": "Forward", "Index Name": "supplier_pkey", "Relation Name": "supplier", "Alias": "supplier", "Startup Cost": 0.0, "Total Cost": 5334.54, "Plan Rows": 100000, "Plan Width": 12}]}]}]}]}, "Unique SQL Id": 2208782157, "Planner Runtime": 2}, "explain_analyze_plan": {"Plan": {"Node Type": "Sort", "Startup Cost": 657243.06, "Total Cost": 657252.28, "Plan Rows": 3688, "Plan Width": 84, "Actual Startup Time": 20341.0, "Actual Total Time": 20341.0, "Actual Rows": 4, "Actual Loops": 1, "Sort Key": ["n1.n_name", "n2.n_name", "(date_part('year'::text, lineitem.l_shipdate))"], "Sort Method": "quicksort", "Sort Space Used": 25, "Sort Space Type": "Memory", "Plans": [{"Node Type": "Aggregate", "Strategy": "Hashed", "Parent Relationship": "Outer", "Startup Cost": 656978.47, "Total Cost": 657024.57, "Plan Rows": 3688, "Plan Width": 84, "Actual Startup Time": 20340.963, "Actual Total Time": 20340.968, "Actual Rows": 4, "Actual Loops": 1, "Group By Key": ["n1.n_name", "n2.n_name", "date_part('year'::text, lineitem.l_shipdate)"], "Plans": [{"Node Type": "Hash Join", "Parent Relationship": "Outer", "Join Type": "Inner", "Startup Cost": 6834.54, "Total Cost": 656923.15, "Plan Rows": 3688, "Plan Width": 76, "Actual Startup Time": 111.463, "Actual Total Time": 20242.064, "Actual Rows": 58554, "Actual Loops": 1, "Inner Unique": true, "Hash Cond": "((lineitem.l_suppkey = supplier.s_suppkey) AND (n1.n_nationkey = supplier.s_nationkey))", "Plans": [{"Node Type": "Nested Loop", "Parent Relationship": "Outer", "Join Type": "Inner", "Startup Cost": 0.0, "Total Cost": 644504.63, "Plan Rows": 740786, "Plan Width": 88, "Actual Startup Time": 0.156, "Actual Total Time": 19442.806, "Actual Rows": 1459150, "Actual Loops": 1, "Inner Unique": false, "Plans": [{"Node Type": "Nested Loop", "Parent Relationship": "Outer", "Join Type": "Inner", "Startup Cost": 0.0, "Total Cost": 167767.0, "Plan Rows": 504972, "Plan Width": 64, "Actual Startup Time": 0.104, "Actual Total Time": 4180.41, "Actual Rows": 1200363, "Actual Loops": 1, "Inner Unique": false, "Plans": [{"Node Type": "Nested Loop", "Parent Relationship": "Outer", "Join Type": "Inner", "Startup Cost": 0.0, "Total Cost": 16644.48, "Plan Rows": 119904, "Plan Width": 64, "Actual Startup Time": 0.091, "Actual Total Time": 229.651, "Actual Rows": 119972, "Actual Loops": 1, "Inner Unique": false, "Plans": [{"Node Type": "Nested Loop", "Parent Relationship": "Outer", "Join Type": "Inner", "Startup Cost": 0.0, "Total Cost": 39.62, "Plan Rows": 2, "Plan Width": 60, "Actual Startup Time": 0.057, "Actual Total Time": 0.282, "Actual Rows": 2, "Actual Loops": 1, "Inner Unique": false, "Join Filter": "(((n1.n_name = 'JAPAN'::bpchar) AND (n2.n_name = 'INDIA'::bpchar)) OR ((n1.n_name = 'INDIA'::bpchar) AND (n2.n_name = 'JAPAN'::bpchar)))", "Rows Removed by Join Filter": 2, "Plans": [{"Node Type": "Index Scan", "Parent Relationship": "Outer", "Scan Direction": "Forward", "Index Name": "nation_pkey", "Relation Name": "nation", "Alias": "n1", "Startup Cost": 0.0, "Total Cost": 12.75, "Plan Rows": 25, "Plan Width": 30, "Actual Startup Time": 0.023, "Actual Total Time": 0.046, "Actual Rows": 2, "Actual Loops": 1, "Filter": "((n_name = 'JAPAN'::bpchar) OR (n_name = 'INDIA'::bpchar))", "Rows Removed by Filter": 23}, {"Node Type": "Materialize", "Parent Relationship": "Inner", "Startup Cost": 0.0, "Total Cost": 12.88, "Plan Rows": 25, "Plan Width": 30, "Actual Startup Time": 0.026, "Actual Total Time": 0.192, "Actual Rows": 4, "Actual Loops": 2, "Plans": [{"Node Type": "Index Scan", "Parent Relationship": "Outer", "Scan Direction": "Forward", "Index Name": "nation_pkey", "Relation Name": "nation", "Alias": "n2", "Startup Cost": 0.0, "Total Cost": 12.75, "Plan Rows": 25, "Plan Width": 30, "Actual Startup Time": 0.011, "Actual Total Time": 0.046, "Actual Rows": 2, "Actual Loops": 1, "Filter": "((n_name = 'INDIA'::bpchar) OR (n_name = 'JAPAN'::bpchar))", "Rows Removed by Filter": 23}]}]}, {"Node Type": "Index Scan", "Parent Relationship": "Inner", "Scan Direction": "Forward", "Index Name": "idx_customer_nationkey", "Relation Name": "customer", "Alias": "customer", "Startup Cost": 0.0, "Total Cost": 7702.43, "Plan Rows": 60000, "Plan Width": 12, "Actual Startup Time": 0.061, "Actual Total Time": 194.905, "Actual Rows": 119972, "Actual Loops": 2, "Index Cond": "(c_nationkey = n2.n_nationkey)", "Rows Removed by Index Recheck": 0}]}, {"Node Type": "Index Scan", "Parent Relationship": "Inner", "Scan Direction": "Forward", "Index Name": "idx_orders_custkey", "Relation Name": "orders", "Alias": "orders", "Startup Cost": 0.0, "Total Cost": 1.22, "Plan Rows": 4, "Plan Width": 16, "Actual Startup Time": 770.574, "Actual Total Time": 3603.0, "Actual Rows": 1200363, "Actual Loops": 119972, "Index Cond": "(o_custkey = customer.c_custkey)", "Rows Removed by Index Recheck": 0}]}, {"Node Type": "Index Scan", "Parent Relationship": "Inner", "Scan Direction": "Forward", "Index Name": "idx_lineitem_orderkey", "Relation Name": "lineitem", "Alias": "lineitem", "Startup Cost": 0.0, "Total Cost": 0.91, "Plan Rows": 3, "Plan Width": 40, "Actual Startup Time": 13140.934, "Actual Total Time": 14293.094, "Actual Rows": 1459150, "Actual Loops": 1200363, "Index Cond": "(l_orderkey = orders.o_orderkey)", "Rows Removed by Index Recheck": 0, "Filter": "((l_shipdate >= '1995-01-01 00:00:00'::timestamp(0) without time zone) AND (l_shipdate <= '1996-12-31 00:00:00'::timestamp(0) without time zone))", "Rows Removed by Filter": 3342563}]}, {"Node Type": "Hash", "Parent Relationship": "Inner", "Startup Cost": 5334.54, "Total Cost": 5334.54, "Plan Rows": 100000, "Plan Width": 12, "Actual Startup Time": 111.044, "Actual Total Time": 111.044, "Actual Rows": 100000, "Actual Loops": 1, "Hash Buckets": 131072, "Hash Batches": 1, "Original Hash Batches": 1, "Peak Memory Usage": 4297, "Plans": [{"Node Type": "Index Scan", "Parent Relationship": "Outer", "Scan Direction": "Forward", "Index Name": "supplier_pkey", "Relation Name": "supplier", "Alias": "supplier", "Startup Cost": 0.0, "Total Cost": 5334.54, "Plan Rows": 100000, "Plan Width": 12, "Actual Startup Time": 0.018, "Actual Total Time": 78.364, "Actual Rows": 100000, "Actual Loops": 1}]}]}]}]}, "Triggers": [], "Planner Runtime": 2, "Total Runtime": 20341.211, "Unique SQL Id": 2208782157}}, "(64, 46)": {"explain_plan": {"Plan": {"Node Type": "Sort", "Startup Cost": 2961361.75, "Total Cost": 2961370.97, "Plan Rows": 3688, "Plan Width": 84, "Sort Key": ["n1.n_name", "n2.n_name", "(date_part('year'::text, lineitem.l_shipdate))"], "Plans": [{"Node Type": "Aggregate", "Strategy": "Hashed", "Parent Relationship": "Outer", "Startup Cost": 2961097.16, "Total Cost": 2961143.26, "Plan Rows": 3688, "Plan Width": 84, "Group By Key": ["n1.n_name", "n2.n_name", "date_part('year'::text, lineitem.l_shipdate)"], "Plans": [{"Node Type": "Hash Join", "Parent Relationship": "Outer", "Join Type": "Inner", "Startup Cost": 557677.12, "Total Cost": 2961041.84, "Plan Rows": 3688, "Plan Width": 76, "Inner Unique": true, "Hash Cond": "((lineitem.l_suppkey = supplier.s_suppkey) AND (n1.n_nationkey = supplier.s_nationkey))", "Plans": [{"Node Type": "Hash Join", "Parent Relationship": "Outer", "Join Type": "Inner", "Startup Cost": 552894.12, "Total Cost": 2950674.86, "Plan Rows": 740786, "Plan Width": 88, "Inner Unique": false, "Hash Cond": "(lineitem.l_orderkey = orders.o_orderkey), (LLVM Optimized)", "Plans": [{"Node Type": "Seq Scan", "Parent Relationship": "Outer", "Relation Name": "lineitem", "Alias": "lineitem", "Startup Cost": 44.59, "Total Cost": 2315050.5, "Plan Rows": 18124991, "Plan Width": 40, "Filter": "((l_shipdate >= '1995-01-01 00:00:00'::timestamp(0) without time zone) AND (l_shipdate <= '1996-12-31 00:00:00'::timestamp(0) without time zone)), (LLVM Optimized)"}, {"Node Type": "Hash", "Parent Relationship": "Inner", "Startup Cost": 546537.38, "Total Cost": 546537.38, "Plan Rows": 504972, "Plan Width": 64, "Plans": [{"Node Type": "Hash Join", "Parent Relationship": "Outer", "Join Type": "Inner", "Startup Cost": 58825.83, "Total Cost": 546537.38, "Plan Rows": 504972, "Plan Width": 64, "Inner Unique": false, "Hash Cond": "(orders.o_custkey = customer.c_custkey), (LLVM Optimized)", "Plans": [{"Node Type": "Seq Scan", "Parent Relationship": "Outer", "Relation Name": "orders", "Alias": "orders", "Startup Cost": 0.0, "Total Cost": 426413.79, "Plan Rows": 14999479, "Plan Width": 16}, {"Node Type": "Hash", "Parent Relationship": "Inner", "Startup Cost": 57327.03, "Total Cost": 57327.03, "Plan Rows": 119904, "Plan Width": 64, "Plans": [{"Node Type": "Hash Join", "Parent Relationship": "Outer", "Join Type": "Inner", "Startup Cost": 16.65, "Total Cost": 57327.03, "Plan Rows": 119904, "Plan Width": 64, "Inner Unique": false, "Hash Cond": "(customer.c_nationkey = n2.n_nationkey), (LLVM Optimized)", "Plans": [{"Node Type": "Seq Scan", "Parent Relationship": "Outer", "Relation Name": "customer", "Alias": "customer", "Startup Cost": 0.0, "Total Cost": 52126.0, "Plan Rows": 1500000, "Plan Width": 12}, {"Node Type": "Hash", "Parent Relationship": "Inner", "Startup Cost": 16.62, "Total Cost": 16.62, "Plan Rows": 2, "Plan Width": 60, "Plans": [{"Node Type": "Nested Loop", "Parent Relationship": "Outer", "Join Type": "Inner", "Startup Cost": 0.0, "Total Cost": 16.62, "Plan Rows": 2, "Plan Width": 60, "Inner Unique": false, "Join Filter": "(((n1.n_name = 'JAPAN'::bpchar) AND (n2.n_name = 'INDIA'::bpchar)) OR ((n1.n_name = 'INDIA'::bpchar) AND (n2.n_name = 'JAPAN'::bpchar)))", "Plans": [{"Node Type": "Seq Scan", "Parent Relationship": "Outer", "Relation Name": "nation", "Alias": "n1", "Startup Cost": 0.0, "Total Cost": 1.25, "Plan Rows": 25, "Plan Width": 30, "Filter": "((n_name = 'JAPAN'::bpchar) OR (n_name = 'INDIA'::bpchar))"}, {"Node Type": "Materialize", "Parent Relationship": "Inner", "Startup Cost": 0.0, "Total Cost": 1.38, "Plan Rows": 25, "Plan Width": 30, "Plans": [{"Node Type": "Seq Scan", "Parent Relationship": "Outer", "Relation Name": "nation", "Alias": "n2", "Startup Cost": 0.0, "Total Cost": 1.25, "Plan Rows": 25, "Plan Width": 30, "Filter": "((n_name = 'INDIA'::bpchar) OR (n_name = 'JAPAN'::bpchar))"}]}]}]}]}]}]}]}]}, {"Node Type": "Hash", "Parent Relationship": "Inner", "Startup Cost": 3283.0, "Total Cost": 3283.0, "Plan Rows": 100000, "Plan Width": 12, "Plans": [{"Node Type": "Seq Scan", "Parent Relationship": "Outer", "Relation Name": "supplier", "Alias": "supplier", "Startup Cost": 0.0, "Total Cost": 3283.0, "Plan Rows": 100000, "Plan Width": 12}]}]}]}]}, "Unique SQL Id": 2208782157, "Planner Runtime": 3}, "explain_analyze_plan": {"Plan": {"Node Type": "Sort", "Startup Cost": 2961361.75, "Total Cost": 2961370.97, "Plan Rows": 3688, "Plan Width": 84, "Actual Startup Time": 39087.97, "Actual Total Time": 39087.97, "Actual Rows": 4, "Actual Loops": 1, "Sort Key": ["n1.n_name", "n2.n_name", "(date_part('year'::text, lineitem.l_shipdate))"], "Sort Method": "quicksort", "Sort Space Used": 25, "Sort Space Type": "Memory", "Plans": [{"Node Type": "Aggregate", "Strategy": "Hashed", "Parent Relationship": "Outer", "Startup Cost": 2961097.16, "Total Cost": 2961143.26, "Plan Rows": 3688, "Plan Width": 84, "Actual Startup Time": 39087.928, "Actual Total Time": 39087.933, "Actual Rows": 4, "Actual Loops": 1, "Group By Key": ["n1.n_name", "n2.n_name", "date_part('year'::text, lineitem.l_shipdate)"], "Plans": [{"Node Type": "Hash Join", "Parent Relationship": "Outer", "Join Type": "Inner", "Startup Cost": 557677.12, "Total Cost": 2961041.84, "Plan Rows": 3688, "Plan Width": 76, "Actual Startup Time": 9937.976, "Actual Total Time": 38999.287, "Actual Rows": 58554, "Actual Loops": 1, "Inner Unique": true, "Hash Cond": "((lineitem.l_suppkey = supplier.s_suppkey) AND (n1.n_nationkey = supplier.s_nationkey))", "Plans": [{"Node Type": "Hash Join", "Parent Relationship": "Outer", "Join Type": "Inner", "Startup Cost": 552894.12, "Total Cost": 2950674.86, "Plan Rows": 740786, "Plan Width": 88, "Actual Startup Time": 9866.385, "Actual Total Time": 38269.641, "Actual Rows": 1459150, "Actual Loops": 1, "Inner Unique": false, "Hash Cond": "(lineitem.l_orderkey = orders.o_orderkey), (LLVM Optimized, Jit Execute)", "Plans": [{"Node Type": "Seq Scan", "Parent Relationship": "Outer", "Relation Name": "lineitem", "Alias": "lineitem", "Startup Cost": 44.59, "Total Cost": 2315050.5, "Plan Rows": 18124991, "Plan Width": 40, "Actual Startup Time": 0.027, "Actual Total Time": 22462.218, "Actual Rows": 18230325, "Actual Loops": 1, "Filter": "((l_shipdate >= '1995-01-01 00:00:00'::timestamp(0) without time zone) AND (l_shipdate <= '1996-12-31 00:00:00'::timestamp(0) without time zone)), (LLVM Optimized, Jit Execute)", "Rows Removed by Filter": 41755727}, {"Node Type": "Hash", "Parent Relationship": "Inner", "Startup Cost": 546537.38, "Total Cost": 546537.38, "Plan Rows": 504972, "Plan Width": 64, "Actual Startup Time": 9865.556, "Actual Total Time": 9865.556, "Actual Rows": 1200363, "Actual Loops": 1, "Hash Buckets": 524288, "Hash Batches": 1, "Original Hash Batches": 1, "Peak Memory Usage": 112535, "Plans": [{"Node Type": "Hash Join", "Parent Relationship": "Outer", "Join Type": "Inner", "Startup Cost": 58825.83, "Total Cost": 546537.38, "Plan Rows": 504972, "Plan Width": 64, "Actual Startup Time": 838.758, "Actual Total Time": 9389.715, "Actual Rows": 1200363, "Actual Loops": 1, "Inner Unique": false, "Hash Cond": "(orders.o_custkey = customer.c_custkey), (LLVM Optimized, Jit Execute)", "Plans": [{"Node Type": "Seq Scan", "Parent Relationship": "Outer", "Relation Name": "orders", "Alias": "orders", "Startup Cost": 0.0, "Total Cost": 426413.79, "Plan Rows": 14999479, "Plan Width": 16, "Actual Startup Time": 0.026, "Actual Total Time": 4232.637, "Actual Rows": 15000000, "Actual Loops": 1}, {"Node Type": "Hash", "Parent Relationship": "Inner", "Startup Cost": 57327.03, "Total Cost": 57327.03, "Plan Rows": 119904, "Plan Width": 64, "Actual Startup Time": 838.604, "Actual Total Time": 838.604, "Actual Rows": 119972, "Actual Loops": 1, "Hash Buckets": 131072, "Hash Batches": 1, "Original Hash Batches": 1, "Peak Memory Usage": 11248, "Plans": [{"Node Type": "Hash Join", "Parent Relationship": "Outer", "Join Type": "Inner", "Startup Cost": 16.65, "Total Cost": 57327.03, "Plan Rows": 119904, "Plan Width": 64, "Actual Startup Time": 0.125, "Actual Total Time": 795.819, "Actual Rows": 119972, "Actual Loops": 1, "Inner Unique": false, "Hash Cond": "(customer.c_nationkey = n2.n_nationkey), (LLVM Optimized, Jit Execute)", "Plans": [{"Node Type": "Seq Scan", "Parent Relationship": "Outer", "Relation Name": "customer", "Alias": "customer", "Startup Cost": 0.0, "Total Cost": 52126.0, "Plan Rows": 1500000, "Plan Width": 12, "Actual Startup Time": 0.012, "Actual Total Time": 476.1, "Actual Rows": 1500000, "Actual Loops": 1}, {"Node Type": "Hash", "Parent Relationship": "Inner", "Startup Cost": 16.62, "Total Cost": 16.62, "Plan Rows": 2, "Plan Width": 60, "Actual Startup Time": 0.077, "Actual Total Time": 0.077, "Actual Rows": 2, "Actual Loops": 1, "Hash Buckets": 32768, "Hash Batches": 1, "Original Hash Batches": 1, "Peak Memory Usage": 1, "Plans": [{"Node Type": "Nested Loop", "Parent Relationship": "Outer", "Join Type": "Inner", "Startup Cost": 0.0, "Total Cost": 16.62, "Plan Rows": 2, "Plan Width": 60, "Actual Startup Time": 0.053, "Actual Total Time": 0.072, "Actual Rows": 2, "Actual Loops": 1, "Inner Unique": false, "Join Filter": "(((n1.n_name = 'JAPAN'::bpchar) AND (n2.n_name = 'INDIA'::bpchar)) OR ((n1.n_name = 'INDIA'::bpchar) AND (n2.n_name = 'JAPAN'::bpchar)))", "Rows Removed by Join Filter": 2, "Plans": [{"Node Type": "Seq Scan", "Parent Relationship": "Outer", "Relation Name": "nation", "Alias": "n1", "Startup Cost": 0.0, "Total Cost": 1.25, "Plan Rows": 25, "Plan Width": 30, "Actual Startup Time": 0.023, "Actual Total Time": 0.029, "Actual Rows": 2, "Actual Loops": 1, "Filter": "((n_name = 'JAPAN'::bpchar) OR (n_name = 'INDIA'::bpchar))", "Rows Removed by Filter": 23}, {"Node Type": "Materialize", "Parent Relationship": "Inner", "Startup Cost": 0.0, "Total Cost": 1.38, "Plan Rows": 25, "Plan Width": 30, "Actual Startup Time": 0.017, "Actual Total Time": 0.025, "Actual Rows": 4, "Actual Loops": 2, "Plans": [{"Node Type": "Seq Scan", "Parent Relationship": "Outer", "Relation Name": "nation", "Alias": "n2", "Startup Cost": 0.0, "Total Cost": 1.25, "Plan Rows": 25, "Plan Width": 30, "Actual Startup Time": 0.013, "Actual Total Time": 0.021, "Actual Rows": 2, "Actual Loops": 1, "Filter": "((n_name = 'INDIA'::bpchar) OR (n_name = 'JAPAN'::bpchar))", "Rows Removed by Filter": 23}]}]}]}]}]}]}]}]}, {"Node Type": "Hash", "Parent Relationship": "Inner", "Startup Cost": 3283.0, "Total Cost": 3283.0, "Plan Rows": 100000, "Plan Width": 12, "Actual Startup Time": 70.725, "Actual Total Time": 70.725, "Actual Rows": 100000, "Actual Loops": 1, "Hash Buckets": 131072, "Hash Batches": 1, "Original Hash Batches": 1, "Peak Memory Usage": 4297, "Plans": [{"Node Type": "Seq Scan", "Parent Relationship": "Outer", "Relation Name": "supplier", "Alias": "supplier", "Startup Cost": 0.0, "Total Cost": 3283.0, "Plan Rows": 100000, "Plan Width": 12, "Actual Startup Time": 0.017, "Actual Total Time": 40.465, "Actual Rows": 100000, "Actual Loops": 1}]}]}]}]}, "Triggers": [], "Planner Runtime": 3, "Total Runtime": 39097.696, "Unique SQL Id": 2208782157}}, "(64, 47)": {"explain_plan": {"Plan": {"Node Type": "Sort", "Startup Cost": 6025775461732.55, "Total Cost": 6025775461741.77, "Plan Rows": 3688, "Plan Width": 84, "Sort Key": ["n1.n_name", "n2.n_name", "(date_part('year'::text, lineitem.l_shipdate))"], "Plans": [{"Node Type": "Aggregate", "Strategy": "Hashed", "Parent Relationship": "Outer", "Startup Cost": 6025775461467.96, "Total Cost": 6025775461514.06, "Plan Rows": 3688, "Plan Width": 84, "Group By Key": ["n1.n_name", "n2.n_name", "date_part('year'::text, lineitem.l_shipdate)"], "Plans": [{"Node Type": "Nested Loop", "Parent Relationship": "Outer", "Join Type": "Inner", "Startup Cost": 60000000000.0, "Total Cost": 6025775461412.64, "Plan Rows": 3688, "Plan Width": 76, "Inner Unique": false, "Join Filter": "((orders.o_custkey = customer.c_custkey) AND (n2.n_nationkey = customer.c_nationkey))", "Plans": [{"Node Type": "Index Scan", "Parent Relationship": "Outer", "Scan Direction": "Forward", "Index Name": "customer_pkey", "Relation Name": "customer", "Alias": "customer", "Startup Cost": 10000000000.0, "Total Cost": 1000008076535.62, "Plan Rows": 1500000, "Plan Width": 12}, {"Node Type": "Materialize", "Parent Relationship": "Inner", "Startup Cost": 50000000000.0, "Total Cost": 5023346951348.32, "Plan Rows": 92207, "Plan Width": 88, "Plans": [{"Node Type": "Nested Loop", "Parent Relationship": "Outer", "Join Type": "Inner", "Startup Cost": 50000000000.0, "Total Cost": 5023346950887.28, "Plan Rows": 92207, "Plan Width": 88, "Inner Unique": true, "Join Filter": "(lineitem.l_orderkey = orders.o_orderkey)", "Plans": [{"Node Type": "Nested Loop", "Parent Relationship": "Outer", "Join Type": "Inner", "Startup Cost": 40000000000.0, "Total Cost": 4002527961142.79, "Plan Rows": 92207, "Plan Width": 88, "Inner Unique": false, "Join Filter": "(supplier.s_suppkey = lineitem.l_suppkey)", "Plans": [{"Node Type": "Nested Loop", "Parent Relationship": "Outer", "Join Type": "Inner", "Startup Cost": 30000000000.0, "Total Cost": 3000000539268.5, "Plan Rows": 7994, "Plan Width": 64, "Inner Unique": false, "Join Filter": "(n1.n_nationkey = supplier.s_nationkey)", "Plans": [{"Node Type": "Nested Loop", "Parent Relationship": "Outer", "Join Type": "Inner", "Startup Cost": 20000000000.0, "Total Cost": 2000000002564.12, "Plan Rows": 2, "Plan Width": 60, "Inner Unique": false, "Join Filter": "(((n1.n_name = 'JAPAN'::bpchar) AND (n2.n_name = 'INDIA'::bpchar)) OR ((n1.n_name = 'INDIA'::bpchar) AND (n2.n_name = 'JAPAN'::bpchar)))", "Plans": [{"Node Type": "Index Scan", "Parent Relationship": "Outer", "Scan Direction": "Forward", "Index Name": "nation_pkey", "Relation Name": "nation", "Alias": "n2", "Startup Cost": 10000000000.0, "Total Cost": 1000000001275.0, "Plan Rows": 25, "Plan Width": 30, "Filter": "((n_name = 'INDIA'::bpchar) OR (n_name = 'JAPAN'::bpchar))"}, {"Node Type": "Materialize", "Parent Relationship": "Inner", "Startup Cost": 10000000000.0, "Total Cost": 1000000001275.12, "Plan Rows": 25, "Plan Width": 30, "Plans": [{"Node Type": "Index Scan", "Parent Relationship": "Outer", "Scan Direction": "Forward", "Index Name": "nation_pkey", "Relation Name": "nation", "Alias": "n1", "Startup Cost": 10000000000.0, "Total Cost": 1000000001275.0, "Plan Rows": 25, "Plan Width": 30, "Filter": "((n_name = 'JAPAN'::bpchar) OR (n_name = 'INDIA'::bpchar))"}]}]}, {"Node Type": "Materialize", "Parent Relationship": "Inner", "Startup Cost": 10000000000.0, "Total Cost": 1000000533954.38, "Plan Rows": 100000, "Plan Width": 12, "Plans": [{"Node Type": "Index Scan", "Parent Relationship": "Outer", "Scan Direction": "Forward", "Index Name": "supplier_pkey", "Relation Name": "supplier", "Alias": "supplier", "Startup Cost": 10000000000.0, "Total Cost": 1000000533454.38, "Plan Rows": 100000, "Plan Width": 12}]}]}, {"Node Type": "Materialize", "Parent Relationship": "Inner", "Startup Cost": 10000000000.0, "Total Cost": 1000354099515.95, "Plan Rows": 18124991, "Plan Width": 40, "Plans": [{"Node Type": "Index Scan", "Parent Relationship": "Outer", "Scan Direction": "Forward", "Index Name": "idx_lineitem_orderkey", "Relation Name": "lineitem", "Alias": "lineitem", "Startup Cost": 10000000000.0, "Total Cost": 1000354008891.0, "Plan Rows": 18124991, "Plan Width": 40, "Filter": "((l_shipdate >= '1995-01-01 00:00:00'::timestamp(0) without time zone) AND (l_shipdate <= '1996-12-31 00:00:00'::timestamp(0) without time zone)), (LLVM Optimized)"}]}]}, {"Node Type": "Materialize", "Parent Relationship": "Inner", "Startup Cost": 10000000000.0, "Total Cost": 1000073172840.9, "Plan Rows": 14999479, "Plan Width": 16, "Plans": [{"Node Type": "Index Scan", "Parent Relationship": "Outer", "Scan Direction": "Forward", "Index Name": "orders_pkey", "Relation Name": "orders", "Alias": "orders", "Startup Cost": 10000000000.0, "Total Cost": 1000073097843.5, "Plan Rows": 14999479, "Plan Width": 16}]}]}]}]}]}]}, "Unique SQL Id": 2208782157, "Planner Runtime": 3}, "explain_analyze_plan": null}, "(64, 48)": {"explain_plan": {"Plan": {"Node Type": "Sort", "Startup Cost": 852790.92, "Total Cost": 852800.14, "Plan Rows": 3688, "Plan Width": 84, "Sort Key": ["n1.n_name", "n2.n_name", "(date_part('year'::text, lineitem.l_shipdate))"], "Plans": [{"Node Type": "Aggregate", "Strategy": "Hashed", "Parent Relationship": "Outer", "Startup Cost": 852526.33, "Total Cost": 852572.43, "Plan Rows": 3688, "Plan Width": 84, "Group By Key": ["n1.n_name", "n2.n_name", "date_part('year'::text, lineitem.l_shipdate)"], "Plans": [{"Node Type": "Nested Loop", "Parent Relationship": "Outer", "Join Type": "Inner", "Startup Cost": 1030.37, "Total Cost": 852471.01, "Plan Rows": 3688, "Plan Width": 76, "Inner Unique": true, "Join Filter": "(n1.n_nationkey = supplier.s_nationkey)", "Plans": [{"Node Type": "Nested Loop", "Parent Relationship": "Outer", "Join Type": "Inner", "Startup Cost": 1030.37, "Total Cost": 642753.24, "Plan Rows": 740786, "Plan Width": 88, "Inner Unique": false, "Plans": [{"Node Type": "Nested Loop", "Parent Relationship": "Outer", "Join Type": "Inner", "Startup Cost": 1030.37, "Total Cost": 166015.61, "Plan Rows": 504972, "Plan Width": 64, "Inner Unique": false, "Plans": [{"Node Type": "Nested Loop", "Parent Relationship": "Outer", "Join Type": "Inner", "Startup Cost": 1030.37, "Total Cost": 14893.09, "Plan Rows": 119904, "Plan Width": 64, "Inner Unique": false, "Plans": [{"Node Type": "Nested Loop", "Parent Relationship": "Outer", "Join Type": "Inner", "Startup Cost": 0.0, "Total Cost": 28.12, "Plan Rows": 2, "Plan Width": 60, "Inner Unique": false, "Join Filter": "(((n1.n_name = 'JAPAN'::bpchar) AND (n2.n_name = 'INDIA'::bpchar)) OR ((n1.n_name = 'INDIA'::bpchar) AND (n2.n_name = 'JAPAN'::bpchar)))", "Plans": [{"Node Type": "Index Scan", "Parent Relationship": "Outer", "Scan Direction": "Forward", "Index Name": "nation_pkey", "Relation Name": "nation", "Alias": "n1", "Startup Cost": 0.0, "Total Cost": 12.75, "Plan Rows": 25, "Plan Width": 30, "Filter": "((n_name = 'JAPAN'::bpchar) OR (n_name = 'INDIA'::bpchar))"}, {"Node Type": "Materialize", "Parent Relationship": "Inner", "Startup Cost": 0.0, "Total Cost": 1.38, "Plan Rows": 25, "Plan Width": 30, "Plans": [{"Node Type": "Seq Scan", "Parent Relationship": "Outer", "Relation Name": "nation", "Alias": "n2", "Startup Cost": 0.0, "Total Cost": 1.25, "Plan Rows": 25, "Plan Width": 30, "Filter": "((n_name = 'INDIA'::bpchar) OR (n_name = 'JAPAN'::bpchar))"}]}]}, {"Node Type": "Bitmap Heap Scan", "Parent Relationship": "Inner", "Relation Name": "customer", "Alias": "customer", "Startup Cost": 1030.37, "Total Cost": 6832.48, "Plan Rows": 60000, "Plan Width": 12, "Recheck Cond": "(c_nationkey = n2.n_nationkey)", "Plans": [{"Node Type": "Bitmap Index Scan", "Parent Relationship": "Outer", "Index Name": "idx_customer_nationkey", "Startup Cost": 0.0, "Total Cost": 1015.37, "Plan Rows": 60000, "Plan Width": 0, "Index Cond": "(c_nationkey = n2.n_nationkey)"}]}]}, {"Node Type": "Index Scan", "Parent Relationship": "Inner", "Scan Direction": "Forward", "Index Name": "idx_orders_custkey", "Relation Name": "orders", "Alias": "orders", "Startup Cost": 0.0, "Total Cost": 1.22, "Plan Rows": 4, "Plan Width": 16, "Index Cond": "(o_custkey = customer.c_custkey)"}]}, {"Node Type": "Index Scan", "Parent Relationship": "Inner", "Scan Direction": "Forward", "Index Name": "idx_lineitem_orderkey", "Relation Name": "lineitem", "Alias": "lineitem", "Startup Cost": 0.0, "Total Cost": 0.91, "Plan Rows": 3, "Plan Width": 40, "Index Cond": "(l_orderkey = orders.o_orderkey)", "Filter": "((l_shipdate >= '1995-01-01 00:00:00'::timestamp(0) without time zone) AND (l_shipdate <= '1996-12-31 00:00:00'::timestamp(0) without time zone))"}]}, {"Node Type": "Index Scan", "Parent Relationship": "Inner", "Scan Direction": "Forward", "Index Name": "supplier_pkey", "Relation Name": "supplier", "Alias": "supplier", "Startup Cost": 0.0, "Total Cost": 0.27, "Plan Rows": 1, "Plan Width": 12, "Index Cond": "(s_suppkey = lineitem.l_suppkey)"}]}]}]}, "Unique SQL Id": 2208782157, "Planner Runtime": 2}, "explain_analyze_plan": {"Plan": {"Node Type": "Sort", "Startup Cost": 852790.92, "Total Cost": 852800.14, "Plan Rows": 3688, "Plan Width": 84, "Actual Startup Time": 28496.679, "Actual Total Time": 28496.68, "Actual Rows": 4, "Actual Loops": 1, "Sort Key": ["n1.n_name", "n2.n_name", "(date_part('year'::text, lineitem.l_shipdate))"], "Sort Method": "quicksort", "Sort Space Used": 25, "Sort Space Type": "Memory", "Plans": [{"Node Type": "Aggregate", "Strategy": "Hashed", "Parent Relationship": "Outer", "Startup Cost": 852526.33, "Total Cost": 852572.43, "Plan Rows": 3688, "Plan Width": 84, "Actual Startup Time": 28496.619, "Actual Total Time": 28496.625, "Actual Rows": 4, "Actual Loops": 1, "Group By Key": ["n1.n_name", "n2.n_name", "date_part('year'::text, lineitem.l_shipdate)"], "Plans": [{"Node Type": "Nested Loop", "Parent Relationship": "Outer", "Join Type": "Inner", "Startup Cost": 1030.37, "Total Cost": 852471.01, "Plan Rows": 3688, "Plan Width": 76, "Actual Startup Time": 18.394, "Actual Total Time": 28383.513, "Actual Rows": 58554, "Actual Loops": 1, "Inner Unique": true, "Join Filter": "(n1.n_nationkey = supplier.s_nationkey)", "Rows Removed by Join Filter": 1400596, "Plans": [{"Node Type": "Nested Loop", "Parent Relationship": "Outer", "Join Type": "Inner", "Startup Cost": 1030.37, "Total Cost": 642753.24, "Plan Rows": 740786, "Plan Width": 88, "Actual Startup Time": 18.204, "Actual Total Time": 20243.77, "Actual Rows": 1459150, "Actual Loops": 1, "Inner Unique": false, "Plans": [{"Node Type": "Nested Loop", "Parent Relationship": "Outer", "Join Type": "Inner", "Startup Cost": 1030.37, "Total Cost": 166015.61, "Plan Rows": 504972, "Plan Width": 64, "Actual Startup Time": 18.113, "Actual Total Time": 4407.183, "Actual Rows": 1200363, "Actual Loops": 1, "Inner Unique": false, "Plans": [{"Node Type": "Nested Loop", "Parent Relationship": "Outer", "Join Type": "Inner", "Startup Cost": 1030.37, "Total Cost": 14893.09, "Plan Rows": 119904, "Plan Width": 64, "Actual Startup Time": 18.079, "Actual Total Time": 308.06, "Actual Rows": 119972, "Actual Loops": 1, "Inner Unique": false, "Plans": [{"Node Type": "Nested Loop", "Parent Relationship": "Outer", "Join Type": "Inner", "Startup Cost": 0.0, "Total Cost": 28.12, "Plan Rows": 2, "Plan Width": 60, "Actual Startup Time": 0.067, "Actual Total Time": 0.164, "Actual Rows": 2, "Actual Loops": 1, "Inner Unique": false, "Join Filter": "(((n1.n_name = 'JAPAN'::bpchar) AND (n2.n_name = 'INDIA'::bpchar)) OR ((n1.n_name = 'INDIA'::bpchar) AND (n2.n_name = 'JAPAN'::bpchar)))", "Rows Removed by Join Filter": 2, "Plans": [{"Node Type": "Index Scan", "Parent Relationship": "Outer", "Scan Direction": "Forward", "Index Name": "nation_pkey", "Relation Name": "nation", "Alias": "n1", "Startup Cost": 0.0, "Total Cost": 12.75, "Plan Rows": 25, "Plan Width": 30, "Actual Startup Time": 0.034, "Actual Total Time": 0.059, "Actual Rows": 2, "Actual Loops": 1, "Filter": "((n_name = 'JAPAN'::bpchar) OR (n_name = 'INDIA'::bpchar))", "Rows Removed by Filter": 23}, {"Node Type": "Materialize", "Parent Relationship": "Inner", "Startup Cost": 0.0, "Total Cost": 1.38, "Plan Rows": 25, "Plan Width": 30, "Actual Startup Time": 0.026, "Actual Total Time": 0.052, "Actual Rows": 4, "Actual Loops": 2, "Plans": [{"Node Type": "Seq Scan", "Parent Relationship": "Outer", "Relation Name": "nation", "Alias": "n2", "Startup Cost": 0.0, "Total Cost": 1.25, "Plan Rows": 25, "Plan Width": 30, "Actual Startup Time": 0.02, "Actual Total Time": 0.042, "Actual Rows": 2, "Actual Loops": 1, "Filter": "((n_name = 'INDIA'::bpchar) OR (n_name = 'JAPAN'::bpchar))", "Rows Removed by Filter": 23}]}]}, {"Node Type": "Bitmap Heap Scan", "Parent Relationship": "Inner", "Relation Name": "customer", "Alias": "customer", "Startup Cost": 1030.37, "Total Cost": 6832.48, "Plan Rows": 60000, "Plan Width": 12, "Actual Startup Time": 36.15, "Actual Total Time": 277.324, "Actual Rows": 119972, "Actual Loops": 2, "Recheck Cond": "(c_nationkey = n2.n_nationkey)", "Rows Removed by Index Recheck": 0, "Exact Heap Blocks": 59938, "Lossy Heap Blocks": 59938, "Plans": [{"Node Type": "Bitmap Index Scan", "Parent Relationship": "Outer", "Index Name": "idx_customer_nationkey", "Startup Cost": 0.0, "Total Cost": 1015.37, "Plan Rows": 60000, "Plan Width": 0, "Actual Startup Time": 22.983, "Actual Total Time": 22.983, "Actual Rows": 119972, "Actual Loops": 2, "Index Cond": "(c_nationkey = n2.n_nationkey)"}]}]}, {"Node Type": "Index Scan", "Parent Relationship": "Inner", "Scan Direction": "Forward", "Index Name": "idx_orders_custkey", "Relation Name": "orders", "Alias": "orders", "Startup Cost": 0.0, "Total Cost": 1.22, "Plan Rows": 4, "Plan Width": 16, "Actual Startup Time": 810.341, "Actual Total Time": 3734.234, "Actual Rows": 1200363, "Actual Loops": 119972, "Index Cond": "(o_custkey = customer.c_custkey)", "Rows Removed by Index Recheck": 0}]}, {"Node Type": "Index Scan", "Parent Relationship": "Inner", "Scan Direction": "Forward", "Index Name": "idx_lineitem_orderkey", "Relation Name": "lineitem", "Alias": "lineitem", "Startup Cost": 0.0, "Total Cost": 0.91, "Plan Rows": 3, "Plan Width": 40, "Actual Startup Time": 13657.957, "Actual Total Time": 14846.05, "Actual Rows": 1459150, "Actual Loops": 1200363, "Index Cond": "(l_orderkey = orders.o_orderkey)", "Rows Removed by Index Recheck": 0, "Filter": "((l_shipdate >= '1995-01-01 00:00:00'::timestamp(0) without time zone) AND (l_shipdate <= '1996-12-31 00:00:00'::timestamp(0) without time zone))", "Rows Removed by Filter": 3342563}]}, {"Node Type": "Index Scan", "Parent Relationship": "Inner", "Scan Direction": "Forward", "Index Name": "supplier_pkey", "Relation Name": "supplier", "Alias": "supplier", "Startup Cost": 0.0, "Total Cost": 0.27, "Plan Rows": 1, "Plan Width": 12, "Actual Startup Time": 6456.613, "Actual Total Time": 6949.952, "Actual Rows": 1459150, "Actual Loops": 1459150, "Index Cond": "(s_suppkey = lineitem.l_suppkey)", "Rows Removed by Index Recheck": 0}]}]}]}, "Triggers": [], "Planner Runtime": 2, "Total Runtime": 28496.985, "Unique SQL Id": 2208782157}}, "(64, 49)": {"explain_plan": {"Plan": {"Node Type": "Sort", "Startup Cost": 852802.42, "Total Cost": 852811.64, "Plan Rows": 3688, "Plan Width": 84, "Sort Key": ["n1.n_name", "n2.n_name", "(date_part('year'::text, lineitem.l_shipdate))"], "Plans": [{"Node Type": "Aggregate", "Strategy": "Hashed", "Parent Relationship": "Outer", "Startup Cost": 852537.83, "Total Cost": 852583.93, "Plan Rows": 3688, "Plan Width": 84, "Group By Key": ["n1.n_name", "n2.n_name", "date_part('year'::text, lineitem.l_shipdate)"], "Plans": [{"Node Type": "Nested Loop", "Parent Relationship": "Outer", "Join Type": "Inner", "Startup Cost": 1030.37, "Total Cost": 852482.51, "Plan Rows": 3688, "Plan Width": 76, "Inner Unique": true, "Join Filter": "(n1.n_nationkey = supplier.s_nationkey)", "Plans": [{"Node Type": "Nested Loop", "Parent Relationship": "Outer", "Join Type": "Inner", "Startup Cost": 1030.37, "Total Cost": 642764.74, "Plan Rows": 740786, "Plan Width": 88, "Inner Unique": false, "Plans": [{"Node Type": "Nested Loop", "Parent Relationship": "Outer", "Join Type": "Inner", "Startup Cost": 1030.37, "Total Cost": 166027.11, "Plan Rows": 504972, "Plan Width": 64, "Inner Unique": false, "Plans": [{"Node Type": "Nested Loop", "Parent Relationship": "Outer", "Join Type": "Inner", "Startup Cost": 1030.37, "Total Cost": 14904.59, "Plan Rows": 119904, "Plan Width": 64, "Inner Unique": false, "Plans": [{"Node Type": "Nested Loop", "Parent Relationship": "Outer", "Join Type": "Inner", "Startup Cost": 0.0, "Total Cost": 39.62, "Plan Rows": 2, "Plan Width": 60, "Inner Unique": false, "Join Filter": "(((n1.n_name = 'JAPAN'::bpchar) AND (n2.n_name = 'INDIA'::bpchar)) OR ((n1.n_name = 'INDIA'::bpchar) AND (n2.n_name = 'JAPAN'::bpchar)))", "Plans": [{"Node Type": "Index Scan", "Parent Relationship": "Outer", "Scan Direction": "Forward", "Index Name": "nation_pkey", "Relation Name": "nation", "Alias": "n1", "Startup Cost": 0.0, "Total Cost": 12.75, "Plan Rows": 25, "Plan Width": 30, "Filter": "((n_name = 'JAPAN'::bpchar) OR (n_name = 'INDIA'::bpchar))"}, {"Node Type": "Materialize", "Parent Relationship": "Inner", "Startup Cost": 0.0, "Total Cost": 12.88, "Plan Rows": 25, "Plan Width": 30, "Plans": [{"Node Type": "Index Scan", "Parent Relationship": "Outer", "Scan Direction": "Forward", "Index Name": "nation_pkey", "Relation Name": "nation", "Alias": "n2", "Startup Cost": 0.0, "Total Cost": 12.75, "Plan Rows": 25, "Plan Width": 30, "Filter": "((n_name = 'INDIA'::bpchar) OR (n_name = 'JAPAN'::bpchar))"}]}]}, {"Node Type": "Bitmap Heap Scan", "Parent Relationship": "Inner", "Relation Name": "customer", "Alias": "customer", "Startup Cost": 1030.37, "Total Cost": 6832.48, "Plan Rows": 60000, "Plan Width": 12, "Recheck Cond": "(c_nationkey = n2.n_nationkey)", "Plans": [{"Node Type": "Bitmap Index Scan", "Parent Relationship": "Outer", "Index Name": "idx_customer_nationkey", "Startup Cost": 0.0, "Total Cost": 1015.37, "Plan Rows": 60000, "Plan Width": 0, "Index Cond": "(c_nationkey = n2.n_nationkey)"}]}]}, {"Node Type": "Index Scan", "Parent Relationship": "Inner", "Scan Direction": "Forward", "Index Name": "idx_orders_custkey", "Relation Name": "orders", "Alias": "orders", "Startup Cost": 0.0, "Total Cost": 1.22, "Plan Rows": 4, "Plan Width": 16, "Index Cond": "(o_custkey = customer.c_custkey)"}]}, {"Node Type": "Index Scan", "Parent Relationship": "Inner", "Scan Direction": "Forward", "Index Name": "idx_lineitem_orderkey", "Relation Name": "lineitem", "Alias": "lineitem", "Startup Cost": 0.0, "Total Cost": 0.91, "Plan Rows": 3, "Plan Width": 40, "Index Cond": "(l_orderkey = orders.o_orderkey)", "Filter": "((l_shipdate >= '1995-01-01 00:00:00'::timestamp(0) without time zone) AND (l_shipdate <= '1996-12-31 00:00:00'::timestamp(0) without time zone))"}]}, {"Node Type": "Index Scan", "Parent Relationship": "Inner", "Scan Direction": "Forward", "Index Name": "supplier_pkey", "Relation Name": "supplier", "Alias": "supplier", "Startup Cost": 0.0, "Total Cost": 0.27, "Plan Rows": 1, "Plan Width": 12, "Index Cond": "(s_suppkey = lineitem.l_suppkey)"}]}]}]}, "Unique SQL Id": 2208782157, "Planner Runtime": 2}, "explain_analyze_plan": {"Plan": {"Node Type": "Sort", "Startup Cost": 852802.42, "Total Cost": 852811.64, "Plan Rows": 3688, "Plan Width": 84, "Actual Startup Time": 28491.572, "Actual Total Time": 28491.572, "Actual Rows": 4, "Actual Loops": 1, "Sort Key": ["n1.n_name", "n2.n_name", "(date_part('year'::text, lineitem.l_shipdate))"], "Sort Method": "quicksort", "Sort Space Used": 25, "Sort Space Type": "Memory", "Plans": [{"Node Type": "Aggregate", "Strategy": "Hashed", "Parent Relationship": "Outer", "Startup Cost": 852537.83, "Total Cost": 852583.93, "Plan Rows": 3688, "Plan Width": 84, "Actual Startup Time": 28491.523, "Actual Total Time": 28491.527, "Actual Rows": 4, "Actual Loops": 1, "Group By Key": ["n1.n_name", "n2.n_name", "date_part('year'::text, lineitem.l_shipdate)"], "Plans": [{"Node Type": "Nested Loop", "Parent Relationship": "Outer", "Join Type": "Inner", "Startup Cost": 1030.37, "Total Cost": 852482.51, "Plan Rows": 3688, "Plan Width": 76, "Actual Startup Time": 18.127, "Actual Total Time": 28377.729, "Actual Rows": 58554, "Actual Loops": 1, "Inner Unique": true, "Join Filter": "(n1.n_nationkey = supplier.s_nationkey)", "Rows Removed by Join Filter": 1400596, "Plans": [{"Node Type": "Nested Loop", "Parent Relationship": "Outer", "Join Type": "Inner", "Startup Cost": 1030.37, "Total Cost": 642764.74, "Plan Rows": 740786, "Plan Width": 88, "Actual Startup Time": 17.979, "Actual Total Time": 20212.209, "Actual Rows": 1459150, "Actual Loops": 1, "Inner Unique": false, "Plans": [{"Node Type": "Nested Loop", "Parent Relationship": "Outer", "Join Type": "Inner", "Startup Cost": 1030.37, "Total Cost": 166027.11, "Plan Rows": 504972, "Plan Width": 64, "Actual Startup Time": 17.905, "Actual Total Time": 4387.012, "Actual Rows": 1200363, "Actual Loops": 1, "Inner Unique": false, "Plans": [{"Node Type": "Nested Loop", "Parent Relationship": "Outer", "Join Type": "Inner", "Startup Cost": 1030.37, "Total Cost": 14904.59, "Plan Rows": 119904, "Plan Width": 64, "Actual Startup Time": 17.874, "Actual Total Time": 310.247, "Actual Rows": 119972, "Actual Loops": 1, "Inner Unique": false, "Plans": [{"Node Type": "Nested Loop", "Parent Relationship": "Outer", "Join Type": "Inner", "Startup Cost": 0.0, "Total Cost": 39.62, "Plan Rows": 2, "Plan Width": 60, "Actual Startup Time": 0.057, "Actual Total Time": 0.238, "Actual Rows": 2, "Actual Loops": 1, "Inner Unique": false, "Join Filter": "(((n1.n_name = 'JAPAN'::bpchar) AND (n2.n_name = 'INDIA'::bpchar)) OR ((n1.n_name = 'INDIA'::bpchar) AND (n2.n_name = 'JAPAN'::bpchar)))", "Rows Removed by Join Filter": 2, "Plans": [{"Node Type": "Index Scan", "Parent Relationship": "Outer", "Scan Direction": "Forward", "Index Name": "nation_pkey", "Relation Name": "nation", "Alias": "n1", "Startup Cost": 0.0, "Total Cost": 12.75, "Plan Rows": 25, "Plan Width": 30, "Actual Startup Time": 0.029, "Actual Total Time": 0.067, "Actual Rows": 2, "Actual Loops": 1, "Filter": "((n_name = 'JAPAN'::bpchar) OR (n_name = 'INDIA'::bpchar))", "Rows Removed by Filter": 23}, {"Node Type": "Materialize", "Parent Relationship": "Inner", "Startup Cost": 0.0, "Total Cost": 12.88, "Plan Rows": 25, "Plan Width": 30, "Actual Startup Time": 0.02, "Actual Total Time": 0.115, "Actual Rows": 4, "Actual Loops": 2, "Plans": [{"Node Type": "Index Scan", "Parent Relationship": "Outer", "Scan Direction": "Forward", "Index Name": "nation_pkey", "Relation Name": "nation", "Alias": "n2", "Startup Cost": 0.0, "Total Cost": 12.75, "Plan Rows": 25, "Plan Width": 30, "Actual Startup Time": 0.011, "Actual Total Time": 0.101, "Actual Rows": 2, "Actual Loops": 1, "Filter": "((n_name = 'INDIA'::bpchar) OR (n_name = 'JAPAN'::bpchar))", "Rows Removed by Filter": 23}]}]}, {"Node Type": "Bitmap Heap Scan", "Parent Relationship": "Inner", "Relation Name": "customer", "Alias": "customer", "Startup Cost": 1030.37, "Total Cost": 6832.48, "Plan Rows": 60000, "Plan Width": 12, "Actual Startup Time": 36.406, "Actual Total Time": 279.492, "Actual Rows": 119972, "Actual Loops": 2, "Recheck Cond": "(c_nationkey = n2.n_nationkey)", "Rows Removed by Index Recheck": 0, "Exact Heap Blocks": 59938, "Lossy Heap Blocks": 59938, "Plans": [{"Node Type": "Bitmap Index Scan", "Parent Relationship": "Outer", "Index Name": "idx_customer_nationkey", "Startup Cost": 0.0, "Total Cost": 1015.37, "Plan Rows": 60000, "Plan Width": 0, "Actual Startup Time": 23.219, "Actual Total Time": 23.219, "Actual Rows": 119972, "Actual Loops": 2, "Index Cond": "(c_nationkey = n2.n_nationkey)"}]}]}, {"Node Type": "Index Scan", "Parent Relationship": "Inner", "Scan Direction": "Forward", "Index Name": "idx_orders_custkey", "Relation Name": "orders", "Alias": "orders", "Startup Cost": 0.0, "Total Cost": 1.22, "Plan Rows": 4, "Plan Width": 16, "Actual Startup Time": 802.739, "Actual Total Time": 3710.852, "Actual Rows": 1200363, "Actual Loops": 119972, "Index Cond": "(o_custkey = customer.c_custkey)", "Rows Removed by Index Recheck": 0}]}, {"Node Type": "Index Scan", "Parent Relationship": "Inner", "Scan Direction": "Forward", "Index Name": "idx_lineitem_orderkey", "Relation Name": "lineitem", "Alias": "lineitem", "Startup Cost": 0.0, "Total Cost": 0.91, "Plan Rows": 3, "Plan Width": 40, "Actual Startup Time": 13644.368, "Actual Total Time": 14846.543, "Actual Rows": 1459150, "Actual Loops": 1200363, "Index Cond": "(l_orderkey = orders.o_orderkey)", "Rows Removed by Index Recheck": 0, "Filter": "((l_shipdate >= '1995-01-01 00:00:00'::timestamp(0) without time zone) AND (l_shipdate <= '1996-12-31 00:00:00'::timestamp(0) without time zone))", "Rows Removed by Filter": 3342563}]}, {"Node Type": "Index Scan", "Parent Relationship": "Inner", "Scan Direction": "Forward", "Index Name": "supplier_pkey", "Relation Name": "supplier", "Alias": "supplier", "Startup Cost": 0.0, "Total Cost": 0.27, "Plan Rows": 1, "Plan Width": 12, "Actual Startup Time": 6492.7, "Actual Total Time": 6985.023, "Actual Rows": 1459150, "Actual Loops": 1459150, "Index Cond": "(s_suppkey = lineitem.l_suppkey)", "Rows Removed by Index Recheck": 0}]}]}]}, "Triggers": [], "Planner Runtime": 2, "Total Runtime": 28491.878, "Unique SQL Id": 2208782157}}, "(64, 50)": {"explain_plan": {"Plan": {"Node Type": "Sort", "Startup Cost": 6036772.32, "Total Cost": 6036781.54, "Plan Rows": 3688, "Plan Width": 84, "Sort Key": ["n1.n_name", "n2.n_name", "(date_part('year'::text, lineitem.l_shipdate))"], "Plans": [{"Node Type": "Aggregate", "Strategy": "Hashed", "Parent Relationship": "Outer", "Startup Cost": 6036507.73, "Total Cost": 6036553.83, "Plan Rows": 3688, "Plan Width": 84, "Group By Key": ["n1.n_name", "n2.n_name", "date_part('year'::text, lineitem.l_shipdate)"], "Plans": [{"Node Type": "Nested Loop", "Parent Relationship": "Outer", "Join Type": "Inner", "Startup Cost": 1031.44, "Total Cost": 6036452.41, "Plan Rows": 3688, "Plan Width": 76, "Inner Unique": true, "Join Filter": "(n1.n_nationkey = supplier.s_nationkey)", "Plans": [{"Node Type": "Nested Loop", "Parent Relationship": "Outer", "Join Type": "Inner", "Startup Cost": 1031.18, "Total Cost": 2863778.68, "Plan Rows": 740786, "Plan Width": 88, "Inner Unique": false, "Plans": [{"Node Type": "Nested Loop", "Parent Relationship": "Outer", "Join Type": "Inner", "Startup Cost": 1030.8, "Total Cost": 557356.7, "Plan Rows": 504972, "Plan Width": 64, "Inner Unique": false, "Plans": [{"Node Type": "Nested Loop", "Parent Relationship": "Outer", "Join Type": "Inner", "Startup Cost": 1030.37, "Total Cost": 14881.59, "Plan Rows": 119904, "Plan Width": 64, "Inner Unique": false, "Plans": [{"Node Type": "Nested Loop", "Parent Relationship": "Outer", "Join Type": "Inner", "Startup Cost": 0.0, "Total Cost": 16.62, "Plan Rows": 2, "Plan Width": 60, "Inner Unique": false, "Join Filter": "(((n1.n_name = 'JAPAN'::bpchar) AND (n2.n_name = 'INDIA'::bpchar)) OR ((n1.n_name = 'INDIA'::bpchar) AND (n2.n_name = 'JAPAN'::bpchar)))", "Plans": [{"Node Type": "Seq Scan", "Parent Relationship": "Outer", "Relation Name": "nation", "Alias": "n1", "Startup Cost": 0.0, "Total Cost": 1.25, "Plan Rows": 25, "Plan Width": 30, "Filter": "((n_name = 'JAPAN'::bpchar) OR (n_name = 'INDIA'::bpchar))"}, {"Node Type": "Materialize", "Parent Relationship": "Inner", "Startup Cost": 0.0, "Total Cost": 1.38, "Plan Rows": 25, "Plan Width": 30, "Plans": [{"Node Type": "Seq Scan", "Parent Relationship": "Outer", "Relation Name": "nation", "Alias": "n2", "Startup Cost": 0.0, "Total Cost": 1.25, "Plan Rows": 25, "Plan Width": 30, "Filter": "((n_name = 'INDIA'::bpchar) OR (n_name = 'JAPAN'::bpchar))"}]}]}, {"Node Type": "Bitmap Heap Scan", "Parent Relationship": "Inner", "Relation Name": "customer", "Alias": "customer", "Startup Cost": 1030.37, "Total Cost": 6832.48, "Plan Rows": 60000, "Plan Width": 12, "Recheck Cond": "(c_nationkey = n2.n_nationkey)", "Plans": [{"Node Type": "Bitmap Index Scan", "Parent Relationship": "Outer", "Index Name": "idx_customer_nationkey", "Startup Cost": 0.0, "Total Cost": 1015.37, "Plan Rows": 60000, "Plan Width": 0, "Index Cond": "(c_nationkey = n2.n_nationkey)"}]}]}, {"Node Type": "Bitmap Heap Scan", "Parent Relationship": "Inner", "Relation Name": "orders", "Alias": "orders", "Startup Cost": 0.43, "Total Cost": 4.48, "Plan Rows": 4, "Plan Width": 16, "Recheck Cond": "(o_custkey = customer.c_custkey)", "Plans": [{"Node Type": "Bitmap Index Scan", "Parent Relationship": "Outer", "Index Name": "idx_orders_custkey", "Startup Cost": 0.0, "Total Cost": 0.43, "Plan Rows": 4, "Plan Width": 0, "Index Cond": "(o_custkey = customer.c_custkey)"}]}]}, {"Node Type": "Bitmap Heap Scan", "Parent Relationship": "Inner", "Relation Name": "lineitem", "Alias": "lineitem", "Startup Cost": 0.38, "Total Cost": 4.54, "Plan Rows": 3, "Plan Width": 40, "Recheck Cond": "(l_orderkey = orders.o_orderkey)", "Filter": "((l_shipdate >= '1995-01-01 00:00:00'::timestamp(0) without time zone) AND (l_shipdate <= '1996-12-31 00:00:00'::timestamp(0) without time zone))", "Plans": [{"Node Type": "Bitmap Index Scan", "Parent Relationship": "Outer", "Index Name": "idx_lineitem_orderkey", "Startup Cost": 0.0, "Total Cost": 0.38, "Plan Rows": 9, "Plan Width": 0, "Index Cond": "(l_orderkey = orders.o_orderkey)"}]}]}, {"Node Type": "Bitmap Heap Scan", "Parent Relationship": "Inner", "Relation Name": "supplier", "Alias": "supplier", "Startup Cost": 0.26, "Total Cost": 4.27, "Plan Rows": 1, "Plan Width": 12, "Recheck Cond": "(s_suppkey = lineitem.l_suppkey)", "Plans": [{"Node Type": "Bitmap Index Scan", "Parent Relationship": "Outer", "Index Name": "supplier_pkey", "Startup Cost": 0.0, "Total Cost": 0.26, "Plan Rows": 1, "Plan Width": 0, "Index Cond": "(s_suppkey = lineitem.l_suppkey)"}]}]}]}]}, "Unique SQL Id": 2208782157, "Planner Runtime": 2}, "explain_analyze_plan": {"Plan": {"Node Type": "Sort", "Startup Cost": 6036772.32, "Total Cost": 6036781.54, "Plan Rows": 3688, "Plan Width": 84, "Actual Startup Time": 33170.14, "Actual Total Time": 33170.14, "Actual Rows": 4, "Actual Loops": 1, "Sort Key": ["n1.n_name", "n2.n_name", "(date_part('year'::text, lineitem.l_shipdate))"], "Sort Method": "quicksort", "Sort Space Used": 25, "Sort Space Type": "Memory", "Plans": [{"Node Type": "Aggregate", "Strategy": "Hashed", "Parent Relationship": "Outer", "Startup Cost": 6036507.73, "Total Cost": 6036553.83, "Plan Rows": 3688, "Plan Width": 84, "Actual Startup Time": 33170.08, "Actual Total Time": 33170.086, "Actual Rows": 4, "Actual Loops": 1, "Group By Key": ["n1.n_name", "n2.n_name", "date_part('year'::text, lineitem.l_shipdate)"], "Plans": [{"Node Type": "Nested Loop", "Parent Relationship": "Outer", "Join Type": "Inner", "Startup Cost": 1031.44, "Total Cost": 6036452.41, "Plan Rows": 3688, "Plan Width": 76, "Actual Startup Time": 18.321, "Actual Total Time": 33032.328, "Actual Rows": 58554, "Actual Loops": 1, "Inner Unique": true, "Join Filter": "(n1.n_nationkey = supplier.s_nationkey)", "Rows Removed by Join Filter": 1400596, "Plans": [{"Node Type": "Nested Loop", "Parent Relationship": "Outer", "Join Type": "Inner", "Startup Cost": 1031.18, "Total Cost": 2863778.68, "Plan Rows": 740786, "Plan Width": 88, "Actual Startup Time": 18.147, "Actual Total Time": 22761.319, "Actual Rows": 1459150, "Actual Loops": 1, "Inner Unique": false, "Plans": [{"Node Type": "Nested Loop", "Parent Relationship": "Outer", "Join Type": "Inner", "Startup Cost": 1030.8, "Total Cost": 557356.7, "Plan Rows": 504972, "Plan Width": 64, "Actual Startup Time": 18.062, "Actual Total Time": 5153.849, "Actual Rows": 1200363, "Actual Loops": 1, "Inner Unique": false, "Plans": [{"Node Type": "Nested Loop", "Parent Relationship": "Outer", "Join Type": "Inner", "Startup Cost": 1030.37, "Total Cost": 14881.59, "Plan Rows": 119904, "Plan Width": 64, "Actual Startup Time": 18.014, "Actual Total Time": 296.584, "Actual Rows": 119972, "Actual Loops": 1, "Inner Unique": false, "Plans": [{"Node Type": "Nested Loop", "Parent Relationship": "Outer", "Join Type": "Inner", "Startup Cost": 0.0, "Total Cost": 16.62, "Plan Rows": 2, "Plan Width": 60, "Actual Startup Time": 0.047, "Actual Total Time": 0.232, "Actual Rows": 2, "Actual Loops": 1, "Inner Unique": false, "Join Filter": "(((n1.n_name = 'JAPAN'::bpchar) AND (n2.n_name = 'INDIA'::bpchar)) OR ((n1.n_name = 'INDIA'::bpchar) AND (n2.n_name = 'JAPAN'::bpchar)))", "Rows Removed by Join Filter": 2, "Plans": [{"Node Type": "Seq Scan", "Parent Relationship": "Outer", "Relation Name": "nation", "Alias": "n1", "Startup Cost": 0.0, "Total Cost": 1.25, "Plan Rows": 25, "Plan Width": 30, "Actual Startup Time": 0.023, "Actual Total Time": 0.04, "Actual Rows": 2, "Actual Loops": 1, "Filter": "((n_name = 'JAPAN'::bpchar) OR (n_name = 'INDIA'::bpchar))", "Rows Removed by Filter": 23}, {"Node Type": "Materialize", "Parent Relationship": "Inner", "Startup Cost": 0.0, "Total Cost": 1.38, "Plan Rows": 25, "Plan Width": 30, "Actual Startup Time": 0.016, "Actual Total Time": 0.043, "Actual Rows": 4, "Actual Loops": 2, "Plans": [{"Node Type": "Seq Scan", "Parent Relationship": "Outer", "Relation Name": "nation", "Alias": "n2", "Startup Cost": 0.0, "Total Cost": 1.25, "Plan Rows": 25, "Plan Width": 30, "Actual Startup Time": 0.012, "Actual Total Time": 0.034, "Actual Rows": 2, "Actual Loops": 1, "Filter": "((n_name = 'INDIA'::bpchar) OR (n_name = 'JAPAN'::bpchar))", "Rows Removed by Filter": 23}]}]}, {"Node Type": "Bitmap Heap Scan", "Parent Relationship": "Inner", "Relation Name": "customer", "Alias": "customer", "Startup Cost": 1030.37, "Total Cost": 6832.48, "Plan Rows": 60000, "Plan Width": 12, "Actual Startup Time": 36.199, "Actual Total Time": 263.723, "Actual Rows": 119972, "Actual Loops": 2, "Recheck Cond": "(c_nationkey = n2.n_nationkey)", "Rows Removed by Index Recheck": 0, "Exact Heap Blocks": 59938, "Lossy Heap Blocks": 59938, "Plans": [{"Node Type": "Bitmap Index Scan", "Parent Relationship": "Outer", "Index Name": "idx_customer_nationkey", "Startup Cost": 0.0, "Total Cost": 1015.37, "Plan Rows": 60000, "Plan Width": 0, "Actual Startup Time": 22.965, "Actual Total Time": 22.965, "Actual Rows": 119972, "Actual Loops": 2, "Index Cond": "(c_nationkey = n2.n_nationkey)"}]}]}, {"Node Type": "Bitmap Heap Scan", "Parent Relationship": "Inner", "Relation Name": "orders", "Alias": "orders", "Startup Cost": 0.43, "Total Cost": 4.48, "Plan Rows": 4, "Plan Width": 16, "Actual Startup Time": 1231.476, "Actual Total Time": 4414.779, "Actual Rows": 1200363, "Actual Loops": 119972, "Recheck Cond": "(o_custkey = customer.c_custkey)", "Rows Removed by Index Recheck": 0, "Exact Heap Blocks": 1200331, "Lossy Heap Blocks": 1200331, "Plans": [{"Node Type": "Bitmap Index Scan", "Parent Relationship": "Outer", "Index Name": "idx_orders_custkey", "Startup Cost": 0.0, "Total Cost": 0.43, "Plan Rows": 4, "Plan Width": 0, "Actual Startup Time": 762.093, "Actual Total Time": 762.093, "Actual Rows": 1200363, "Actual Loops": 119972, "Index Cond": "(o_custkey = customer.c_custkey)"}]}]}, {"Node Type": "Bitmap Heap Scan", "Parent Relationship": "Inner", "Relation Name": "lineitem", "Alias": "lineitem", "Startup Cost": 0.38, "Total Cost": 4.54, "Plan Rows": 3, "Plan Width": 40, "Actual Startup Time": 15186.991, "Actual Total Time": 15837.83, "Actual Rows": 1459150, "Actual Loops": 1200363, "Recheck Cond": "(l_orderkey = orders.o_orderkey)", "Rows Removed by Index Recheck": 0, "Filter": "((l_shipdate >= '1995-01-01 00:00:00'::timestamp(0) without time zone) AND (l_shipdate <= '1996-12-31 00:00:00'::timestamp(0) without time zone))", "Rows Removed by Filter": 3342563, "Exact Heap Blocks": 1285989, "Lossy Heap Blocks": 1285989, "Plans": [{"Node Type": "Bitmap Index Scan", "Parent Relationship": "Outer", "Index Name": "idx_lineitem_orderkey", "Startup Cost": 0.0, "Total Cost": 0.38, "Plan Rows": 9, "Plan Width": 0, "Actual Startup Time": 8765.983, "Actual Total Time": 8765.983, "Actual Rows": 4801713, "Actual Loops": 1200363, "Index Cond": "(l_orderkey = orders.o_orderkey)"}]}]}, {"Node Type": "Bitmap Heap Scan", "Parent Relationship": "Inner", "Relation Name": "supplier", "Alias": "supplier", "Startup Cost": 0.26, "Total Cost": 4.27, "Plan Rows": 1, "Plan Width": 12, "Actual Startup Time": 7845.355, "Actual Total Time": 8050.794, "Actual Rows": 1459150, "Actual Loops": 1459150, "Recheck Cond": "(s_suppkey = lineitem.l_suppkey)", "Rows Removed by Index Recheck": 0, "Exact Heap Blocks": 1459150, "Lossy Heap Blocks": 1459150, "Plans": [{"Node Type": "Bitmap Index Scan", "Parent Relationship": "Outer", "Index Name": "supplier_pkey", "Startup Cost": 0.0, "Total Cost": 0.26, "Plan Rows": 1, "Plan Width": 0, "Actual Startup Time": 4084.256, "Actual Total Time": 4084.256, "Actual Rows": 1459150, "Actual Loops": 1459150, "Index Cond": "(s_suppkey = lineitem.l_suppkey)"}]}]}]}]}, "Triggers": [], "Planner Runtime": 2, "Total Runtime": 33170.455, "Unique SQL Id": 2208782157}}, "(64, 51)": {"explain_plan": {"Plan": {"Node Type": "Sort", "Startup Cost": 99673674.43, "Total Cost": 99673683.65, "Plan Rows": 3688, "Plan Width": 84, "Sort Key": ["n1.n_name", "n2.n_name", "(date_part('year'::text, lineitem.l_shipdate))"], "Plans": [{"Node Type": "Aggregate", "Strategy": "Hashed", "Parent Relationship": "Outer", "Startup Cost": 99673409.84, "Total Cost": 99673455.94, "Plan Rows": 3688, "Plan Width": 84, "Group By Key": ["n1.n_name", "n2.n_name", "date_part('year'::text, lineitem.l_shipdate)"], "Plans": [{"Node Type": "Nested Loop", "Parent Relationship": "Outer", "Join Type": "Inner", "Startup Cost": 627986.71, "Total Cost": 99673354.52, "Plan Rows": 3688, "Plan Width": 76, "Inner Unique": true, "Join Filter": "(((n1.n_name = 'JAPAN'::bpchar) AND (n2.n_name = 'INDIA'::bpchar)) OR ((n1.n_name = 'INDIA'::bpchar) AND (n2.n_name = 'JAPAN'::bpchar)))", "Plans": [{"Node Type": "Nested Loop", "Parent Relationship": "Outer", "Join Type": "Inner", "Startup Cost": 627986.45, "Total Cost": 94724471.42, "Plan Rows": 1153515, "Plan Width": 54, "Inner Unique": true, "Plans": [{"Node Type": "Nested Loop", "Parent Relationship": "Outer", "Join Type": "Inner", "Startup Cost": 627986.2, "Total Cost": 89787046.56, "Plan Rows": 1153515, "Plan Width": 32, "Inner Unique": true, "Plans": [{"Node Type": "Nested Loop", "Parent Relationship": "Outer", "Join Type": "Inner", "Startup Cost": 627985.94, "Total Cost": 84848088.55, "Plan Rows": 1153515, "Plan Width": 36, "Inner Unique": true, "Plans": [{"Node Type": "Nested Loop", "Parent Relationship": "Outer", "Join Type": "Inner", "Startup Cost": 627985.67, "Total Cost": 79896146.0, "Plan Rows": 1153515, "Plan Width": 36, "Inner Unique": true, "Plans": [{"Node Type": "Bitmap Heap Scan", "Parent Relationship": "Outer", "Relation Name": "lineitem", "Alias": "lineitem", "Startup Cost": 627985.41, "Total Cost": 2315105.27, "Plan Rows": 18124991, "Plan Width": 40, "Recheck Cond": "((l_shipdate >= '1995-01-01 00:00:00'::timestamp(0) without time zone) AND (l_shipdate <= '1996-12-31 00:00:00'::timestamp(0) without time zone)), (LLVM Optimized)", "Plans": [{"Node Type": "Bitmap Index Scan", "Parent Relationship": "Outer", "Index Name": "idx_lineitem_shipdate", "Startup Cost": 0.0, "Total Cost": 623454.16, "Plan Rows": 18124991, "Plan Width": 0, "Index Cond": "((l_shipdate >= '1995-01-01 00:00:00'::timestamp(0) without time zone) AND (l_shipdate <= '1996-12-31 00:00:00'::timestamp(0) without time zone))"}]}, {"Node Type": "Bitmap Heap Scan", "Parent Relationship": "Inner", "Relation Name": "supplier", "Alias": "supplier", "Startup Cost": 0.26, "Total Cost": 4.27, "Plan Rows": 1, "Plan Width": 12, "Recheck Cond": "(s_suppkey = lineitem.l_suppkey)", "Plans": [{"Node Type": "Bitmap Index Scan", "Parent Relationship": "Outer", "Index Name": "supplier_pkey", "Startup Cost": 0.0, "Total Cost": 0.26, "Plan Rows": 1, "Plan Width": 0, "Index Cond": "(s_suppkey = lineitem.l_suppkey)"}]}]}, {"Node Type": "Bitmap Heap Scan", "Parent Relationship": "Inner", "Relation Name": "orders", "Alias": "orders", "Startup Cost": 0.27, "Total Cost": 4.28, "Plan Rows": 1, "Plan Width": 16, "Recheck Cond": "(o_orderkey = lineitem.l_orderkey)", "Plans": [{"Node Type": "Bitmap Index Scan", "Parent Relationship": "Outer", "Index Name": "orders_pkey", "Startup Cost": 0.0, "Total Cost": 0.27, "Plan Rows": 1, "Plan Width": 0, "Index Cond": "(o_orderkey = lineitem.l_orderkey)"}]}]}, {"Node Type": "Bitmap Heap Scan", "Parent Relationship": "Inner", "Relation Name": "customer", "Alias": "customer", "Startup Cost": 0.26, "Total Cost": 4.27, "Plan Rows": 1, "Plan Width": 12, "Recheck Cond": "(c_custkey = orders.o_custkey)", "Plans": [{"Node Type": "Bitmap Index Scan", "Parent Relationship": "Outer", "Index Name": "customer_pkey", "Startup Cost": 0.0, "Total Cost": 0.26, "Plan Rows": 1, "Plan Width": 0, "Index Cond": "(c_custkey = orders.o_custkey)"}]}]}, {"Node Type": "Bitmap Heap Scan", "Parent Relationship": "Inner", "Relation Name": "nation", "Alias": "n1", "Startup Cost": 0.26, "Total Cost": 4.27, "Plan Rows": 1, "Plan Width": 30, "Recheck Cond": "(n_nationkey = supplier.s_nationkey)", "Filter": "((n_name = 'JAPAN'::bpchar) OR (n_name = 'INDIA'::bpchar))", "Plans": [{"Node Type": "Bitmap Index Scan", "Parent Relationship": "Outer", "Index Name": "nation_pkey", "Startup Cost": 0.0, "Total Cost": 0.26, "Plan Rows": 1, "Plan Width": 0, "Index Cond": "(n_nationkey = supplier.s_nationkey)"}]}]}, {"Node Type": "Bitmap Heap Scan", "Parent Relationship": "Inner", "Relation Name": "nation", "Alias": "n2", "Startup Cost": 0.26, "Total Cost": 4.27, "Plan Rows": 1, "Plan Width": 30, "Recheck Cond": "(n_nationkey = customer.c_nationkey)", "Filter": "((n_name = 'INDIA'::bpchar) OR (n_name = 'JAPAN'::bpchar))", "Plans": [{"Node Type": "Bitmap Index Scan", "Parent Relationship": "Outer", "Index Name": "nation_pkey", "Startup Cost": 0.0, "Total Cost": 0.26, "Plan Rows": 1, "Plan Width": 0, "Index Cond": "(n_nationkey = customer.c_nationkey)"}]}]}]}]}, "Unique SQL Id": 2208782157, "Planner Runtime": 2}, "explain_analyze_plan": null}, "(64, 52)": {"explain_plan": {"Plan": {"Node Type": "Sort", "Startup Cost": 852790.92, "Total Cost": 852800.14, "Plan Rows": 3688, "Plan Width": 84, "Sort Key": ["n1.n_name", "n2.n_name", "(date_part('year'::text, lineitem.l_shipdate))"], "Plans": [{"Node Type": "Aggregate", "Strategy": "Hashed", "Parent Relationship": "Outer", "Startup Cost": 852526.33, "Total Cost": 852572.43, "Plan Rows": 3688, "Plan Width": 84, "Group By Key": ["n1.n_name", "n2.n_name", "date_part('year'::text, lineitem.l_shipdate)"], "Plans": [{"Node Type": "Nested Loop", "Parent Relationship": "Outer", "Join Type": "Inner", "Startup Cost": 1030.37, "Total Cost": 852471.01, "Plan Rows": 3688, "Plan Width": 76, "Inner Unique": true, "Join Filter": "(n1.n_nationkey = supplier.s_nationkey)", "Plans": [{"Node Type": "Nested Loop", "Parent Relationship": "Outer", "Join Type": "Inner", "Startup Cost": 1030.37, "Total Cost": 642753.24, "Plan Rows": 740786, "Plan Width": 88, "Inner Unique": false, "Plans": [{"Node Type": "Nested Loop", "Parent Relationship": "Outer", "Join Type": "Inner", "Startup Cost": 1030.37, "Total Cost": 166015.61, "Plan Rows": 504972, "Plan Width": 64, "Inner Unique": false, "Plans": [{"Node Type": "Nested Loop", "Parent Relationship": "Outer", "Join Type": "Inner", "Startup Cost": 1030.37, "Total Cost": 14893.09, "Plan Rows": 119904, "Plan Width": 64, "Inner Unique": false, "Plans": [{"Node Type": "Nested Loop", "Parent Relationship": "Outer", "Join Type": "Inner", "Startup Cost": 0.0, "Total Cost": 28.12, "Plan Rows": 2, "Plan Width": 60, "Inner Unique": false, "Join Filter": "(((n1.n_name = 'JAPAN'::bpchar) AND (n2.n_name = 'INDIA'::bpchar)) OR ((n1.n_name = 'INDIA'::bpchar) AND (n2.n_name = 'JAPAN'::bpchar)))", "Plans": [{"Node Type": "Index Scan", "Parent Relationship": "Outer", "Scan Direction": "Forward", "Index Name": "nation_pkey", "Relation Name": "nation", "Alias": "n1", "Startup Cost": 0.0, "Total Cost": 12.75, "Plan Rows": 25, "Plan Width": 30, "Filter": "((n_name = 'JAPAN'::bpchar) OR (n_name = 'INDIA'::bpchar))"}, {"Node Type": "Materialize", "Parent Relationship": "Inner", "Startup Cost": 0.0, "Total Cost": 1.38, "Plan Rows": 25, "Plan Width": 30, "Plans": [{"Node Type": "Seq Scan", "Parent Relationship": "Outer", "Relation Name": "nation", "Alias": "n2", "Startup Cost": 0.0, "Total Cost": 1.25, "Plan Rows": 25, "Plan Width": 30, "Filter": "((n_name = 'INDIA'::bpchar) OR (n_name = 'JAPAN'::bpchar))"}]}]}, {"Node Type": "Bitmap Heap Scan", "Parent Relationship": "Inner", "Relation Name": "customer", "Alias": "customer", "Startup Cost": 1030.37, "Total Cost": 6832.48, "Plan Rows": 60000, "Plan Width": 12, "Recheck Cond": "(c_nationkey = n2.n_nationkey)", "Plans": [{"Node Type": "Bitmap Index Scan", "Parent Relationship": "Outer", "Index Name": "idx_customer_nationkey", "Startup Cost": 0.0, "Total Cost": 1015.37, "Plan Rows": 60000, "Plan Width": 0, "Index Cond": "(c_nationkey = n2.n_nationkey)"}]}]}, {"Node Type": "Index Scan", "Parent Relationship": "Inner", "Scan Direction": "Forward", "Index Name": "idx_orders_custkey", "Relation Name": "orders", "Alias": "orders", "Startup Cost": 0.0, "Total Cost": 1.22, "Plan Rows": 4, "Plan Width": 16, "Index Cond": "(o_custkey = customer.c_custkey)"}]}, {"Node Type": "Index Scan", "Parent Relationship": "Inner", "Scan Direction": "Forward", "Index Name": "idx_lineitem_orderkey", "Relation Name": "lineitem", "Alias": "lineitem", "Startup Cost": 0.0, "Total Cost": 0.91, "Plan Rows": 3, "Plan Width": 40, "Index Cond": "(l_orderkey = orders.o_orderkey)", "Filter": "((l_shipdate >= '1995-01-01 00:00:00'::timestamp(0) without time zone) AND (l_shipdate <= '1996-12-31 00:00:00'::timestamp(0) without time zone))"}]}, {"Node Type": "Index Scan", "Parent Relationship": "Inner", "Scan Direction": "Forward", "Index Name": "supplier_pkey", "Relation Name": "supplier", "Alias": "supplier", "Startup Cost": 0.0, "Total Cost": 0.27, "Plan Rows": 1, "Plan Width": 12, "Index Cond": "(s_suppkey = lineitem.l_suppkey)"}]}]}]}, "Unique SQL Id": 2208782157, "Planner Runtime": 2}, "explain_analyze_plan": {"Plan": {"Node Type": "Sort", "Startup Cost": 852790.92, "Total Cost": 852800.14, "Plan Rows": 3688, "Plan Width": 84, "Actual Startup Time": 28496.679, "Actual Total Time": 28496.68, "Actual Rows": 4, "Actual Loops": 1, "Sort Key": ["n1.n_name", "n2.n_name", "(date_part('year'::text, lineitem.l_shipdate))"], "Sort Method": "quicksort", "Sort Space Used": 25, "Sort Space Type": "Memory", "Plans": [{"Node Type": "Aggregate", "Strategy": "Hashed", "Parent Relationship": "Outer", "Startup Cost": 852526.33, "Total Cost": 852572.43, "Plan Rows": 3688, "Plan Width": 84, "Actual Startup Time": 28496.619, "Actual Total Time": 28496.625, "Actual Rows": 4, "Actual Loops": 1, "Group By Key": ["n1.n_name", "n2.n_name", "date_part('year'::text, lineitem.l_shipdate)"], "Plans": [{"Node Type": "Nested Loop", "Parent Relationship": "Outer", "Join Type": "Inner", "Startup Cost": 1030.37, "Total Cost": 852471.01, "Plan Rows": 3688, "Plan Width": 76, "Actual Startup Time": 18.394, "Actual Total Time": 28383.513, "Actual Rows": 58554, "Actual Loops": 1, "Inner Unique": true, "Join Filter": "(n1.n_nationkey = supplier.s_nationkey)", "Rows Removed by Join Filter": 1400596, "Plans": [{"Node Type": "Nested Loop", "Parent Relationship": "Outer", "Join Type": "Inner", "Startup Cost": 1030.37, "Total Cost": 642753.24, "Plan Rows": 740786, "Plan Width": 88, "Actual Startup Time": 18.204, "Actual Total Time": 20243.77, "Actual Rows": 1459150, "Actual Loops": 1, "Inner Unique": false, "Plans": [{"Node Type": "Nested Loop", "Parent Relationship": "Outer", "Join Type": "Inner", "Startup Cost": 1030.37, "Total Cost": 166015.61, "Plan Rows": 504972, "Plan Width": 64, "Actual Startup Time": 18.113, "Actual Total Time": 4407.183, "Actual Rows": 1200363, "Actual Loops": 1, "Inner Unique": false, "Plans": [{"Node Type": "Nested Loop", "Parent Relationship": "Outer", "Join Type": "Inner", "Startup Cost": 1030.37, "Total Cost": 14893.09, "Plan Rows": 119904, "Plan Width": 64, "Actual Startup Time": 18.079, "Actual Total Time": 308.06, "Actual Rows": 119972, "Actual Loops": 1, "Inner Unique": false, "Plans": [{"Node Type": "Nested Loop", "Parent Relationship": "Outer", "Join Type": "Inner", "Startup Cost": 0.0, "Total Cost": 28.12, "Plan Rows": 2, "Plan Width": 60, "Actual Startup Time": 0.067, "Actual Total Time": 0.164, "Actual Rows": 2, "Actual Loops": 1, "Inner Unique": false, "Join Filter": "(((n1.n_name = 'JAPAN'::bpchar) AND (n2.n_name = 'INDIA'::bpchar)) OR ((n1.n_name = 'INDIA'::bpchar) AND (n2.n_name = 'JAPAN'::bpchar)))", "Rows Removed by Join Filter": 2, "Plans": [{"Node Type": "Index Scan", "Parent Relationship": "Outer", "Scan Direction": "Forward", "Index Name": "nation_pkey", "Relation Name": "nation", "Alias": "n1", "Startup Cost": 0.0, "Total Cost": 12.75, "Plan Rows": 25, "Plan Width": 30, "Actual Startup Time": 0.034, "Actual Total Time": 0.059, "Actual Rows": 2, "Actual Loops": 1, "Filter": "((n_name = 'JAPAN'::bpchar) OR (n_name = 'INDIA'::bpchar))", "Rows Removed by Filter": 23}, {"Node Type": "Materialize", "Parent Relationship": "Inner", "Startup Cost": 0.0, "Total Cost": 1.38, "Plan Rows": 25, "Plan Width": 30, "Actual Startup Time": 0.026, "Actual Total Time": 0.052, "Actual Rows": 4, "Actual Loops": 2, "Plans": [{"Node Type": "Seq Scan", "Parent Relationship": "Outer", "Relation Name": "nation", "Alias": "n2", "Startup Cost": 0.0, "Total Cost": 1.25, "Plan Rows": 25, "Plan Width": 30, "Actual Startup Time": 0.02, "Actual Total Time": 0.042, "Actual Rows": 2, "Actual Loops": 1, "Filter": "((n_name = 'INDIA'::bpchar) OR (n_name = 'JAPAN'::bpchar))", "Rows Removed by Filter": 23}]}]}, {"Node Type": "Bitmap Heap Scan", "Parent Relationship": "Inner", "Relation Name": "customer", "Alias": "customer", "Startup Cost": 1030.37, "Total Cost": 6832.48, "Plan Rows": 60000, "Plan Width": 12, "Actual Startup Time": 36.15, "Actual Total Time": 277.324, "Actual Rows": 119972, "Actual Loops": 2, "Recheck Cond": "(c_nationkey = n2.n_nationkey)", "Rows Removed by Index Recheck": 0, "Exact Heap Blocks": 59938, "Lossy Heap Blocks": 59938, "Plans": [{"Node Type": "Bitmap Index Scan", "Parent Relationship": "Outer", "Index Name": "idx_customer_nationkey", "Startup Cost": 0.0, "Total Cost": 1015.37, "Plan Rows": 60000, "Plan Width": 0, "Actual Startup Time": 22.983, "Actual Total Time": 22.983, "Actual Rows": 119972, "Actual Loops": 2, "Index Cond": "(c_nationkey = n2.n_nationkey)"}]}]}, {"Node Type": "Index Scan", "Parent Relationship": "Inner", "Scan Direction": "Forward", "Index Name": "idx_orders_custkey", "Relation Name": "orders", "Alias": "orders", "Startup Cost": 0.0, "Total Cost": 1.22, "Plan Rows": 4, "Plan Width": 16, "Actual Startup Time": 810.341, "Actual Total Time": 3734.234, "Actual Rows": 1200363, "Actual Loops": 119972, "Index Cond": "(o_custkey = customer.c_custkey)", "Rows Removed by Index Recheck": 0}]}, {"Node Type": "Index Scan", "Parent Relationship": "Inner", "Scan Direction": "Forward", "Index Name": "idx_lineitem_orderkey", "Relation Name": "lineitem", "Alias": "lineitem", "Startup Cost": 0.0, "Total Cost": 0.91, "Plan Rows": 3, "Plan Width": 40, "Actual Startup Time": 13657.957, "Actual Total Time": 14846.05, "Actual Rows": 1459150, "Actual Loops": 1200363, "Index Cond": "(l_orderkey = orders.o_orderkey)", "Rows Removed by Index Recheck": 0, "Filter": "((l_shipdate >= '1995-01-01 00:00:00'::timestamp(0) without time zone) AND (l_shipdate <= '1996-12-31 00:00:00'::timestamp(0) without time zone))", "Rows Removed by Filter": 3342563}]}, {"Node Type": "Index Scan", "Parent Relationship": "Inner", "Scan Direction": "Forward", "Index Name": "supplier_pkey", "Relation Name": "supplier", "Alias": "supplier", "Startup Cost": 0.0, "Total Cost": 0.27, "Plan Rows": 1, "Plan Width": 12, "Actual Startup Time": 6456.613, "Actual Total Time": 6949.952, "Actual Rows": 1459150, "Actual Loops": 1459150, "Index Cond": "(s_suppkey = lineitem.l_suppkey)", "Rows Removed by Index Recheck": 0}]}]}]}, "Triggers": [], "Planner Runtime": 2, "Total Runtime": 28496.985, "Unique SQL Id": 2208782157}}, "(64, 53)": {"explain_plan": {"Plan": {"Node Type": "Sort", "Startup Cost": 852802.42, "Total Cost": 852811.64, "Plan Rows": 3688, "Plan Width": 84, "Sort Key": ["n1.n_name", "n2.n_name", "(date_part('year'::text, lineitem.l_shipdate))"], "Plans": [{"Node Type": "Aggregate", "Strategy": "Hashed", "Parent Relationship": "Outer", "Startup Cost": 852537.83, "Total Cost": 852583.93, "Plan Rows": 3688, "Plan Width": 84, "Group By Key": ["n1.n_name", "n2.n_name", "date_part('year'::text, lineitem.l_shipdate)"], "Plans": [{"Node Type": "Nested Loop", "Parent Relationship": "Outer", "Join Type": "Inner", "Startup Cost": 1030.37, "Total Cost": 852482.51, "Plan Rows": 3688, "Plan Width": 76, "Inner Unique": true, "Join Filter": "(n1.n_nationkey = supplier.s_nationkey)", "Plans": [{"Node Type": "Nested Loop", "Parent Relationship": "Outer", "Join Type": "Inner", "Startup Cost": 1030.37, "Total Cost": 642764.74, "Plan Rows": 740786, "Plan Width": 88, "Inner Unique": false, "Plans": [{"Node Type": "Nested Loop", "Parent Relationship": "Outer", "Join Type": "Inner", "Startup Cost": 1030.37, "Total Cost": 166027.11, "Plan Rows": 504972, "Plan Width": 64, "Inner Unique": false, "Plans": [{"Node Type": "Nested Loop", "Parent Relationship": "Outer", "Join Type": "Inner", "Startup Cost": 1030.37, "Total Cost": 14904.59, "Plan Rows": 119904, "Plan Width": 64, "Inner Unique": false, "Plans": [{"Node Type": "Nested Loop", "Parent Relationship": "Outer", "Join Type": "Inner", "Startup Cost": 0.0, "Total Cost": 39.62, "Plan Rows": 2, "Plan Width": 60, "Inner Unique": false, "Join Filter": "(((n1.n_name = 'JAPAN'::bpchar) AND (n2.n_name = 'INDIA'::bpchar)) OR ((n1.n_name = 'INDIA'::bpchar) AND (n2.n_name = 'JAPAN'::bpchar)))", "Plans": [{"Node Type": "Index Scan", "Parent Relationship": "Outer", "Scan Direction": "Forward", "Index Name": "nation_pkey", "Relation Name": "nation", "Alias": "n1", "Startup Cost": 0.0, "Total Cost": 12.75, "Plan Rows": 25, "Plan Width": 30, "Filter": "((n_name = 'JAPAN'::bpchar) OR (n_name = 'INDIA'::bpchar))"}, {"Node Type": "Materialize", "Parent Relationship": "Inner", "Startup Cost": 0.0, "Total Cost": 12.88, "Plan Rows": 25, "Plan Width": 30, "Plans": [{"Node Type": "Index Scan", "Parent Relationship": "Outer", "Scan Direction": "Forward", "Index Name": "nation_pkey", "Relation Name": "nation", "Alias": "n2", "Startup Cost": 0.0, "Total Cost": 12.75, "Plan Rows": 25, "Plan Width": 30, "Filter": "((n_name = 'INDIA'::bpchar) OR (n_name = 'JAPAN'::bpchar))"}]}]}, {"Node Type": "Bitmap Heap Scan", "Parent Relationship": "Inner", "Relation Name": "customer", "Alias": "customer", "Startup Cost": 1030.37, "Total Cost": 6832.48, "Plan Rows": 60000, "Plan Width": 12, "Recheck Cond": "(c_nationkey = n2.n_nationkey)", "Plans": [{"Node Type": "Bitmap Index Scan", "Parent Relationship": "Outer", "Index Name": "idx_customer_nationkey", "Startup Cost": 0.0, "Total Cost": 1015.37, "Plan Rows": 60000, "Plan Width": 0, "Index Cond": "(c_nationkey = n2.n_nationkey)"}]}]}, {"Node Type": "Index Scan", "Parent Relationship": "Inner", "Scan Direction": "Forward", "Index Name": "idx_orders_custkey", "Relation Name": "orders", "Alias": "orders", "Startup Cost": 0.0, "Total Cost": 1.22, "Plan Rows": 4, "Plan Width": 16, "Index Cond": "(o_custkey = customer.c_custkey)"}]}, {"Node Type": "Index Scan", "Parent Relationship": "Inner", "Scan Direction": "Forward", "Index Name": "idx_lineitem_orderkey", "Relation Name": "lineitem", "Alias": "lineitem", "Startup Cost": 0.0, "Total Cost": 0.91, "Plan Rows": 3, "Plan Width": 40, "Index Cond": "(l_orderkey = orders.o_orderkey)", "Filter": "((l_shipdate >= '1995-01-01 00:00:00'::timestamp(0) without time zone) AND (l_shipdate <= '1996-12-31 00:00:00'::timestamp(0) without time zone))"}]}, {"Node Type": "Index Scan", "Parent Relationship": "Inner", "Scan Direction": "Forward", "Index Name": "supplier_pkey", "Relation Name": "supplier", "Alias": "supplier", "Startup Cost": 0.0, "Total Cost": 0.27, "Plan Rows": 1, "Plan Width": 12, "Index Cond": "(s_suppkey = lineitem.l_suppkey)"}]}]}]}, "Unique SQL Id": 2208782157, "Planner Runtime": 2}, "explain_analyze_plan": {"Plan": {"Node Type": "Sort", "Startup Cost": 852802.42, "Total Cost": 852811.64, "Plan Rows": 3688, "Plan Width": 84, "Actual Startup Time": 28491.572, "Actual Total Time": 28491.572, "Actual Rows": 4, "Actual Loops": 1, "Sort Key": ["n1.n_name", "n2.n_name", "(date_part('year'::text, lineitem.l_shipdate))"], "Sort Method": "quicksort", "Sort Space Used": 25, "Sort Space Type": "Memory", "Plans": [{"Node Type": "Aggregate", "Strategy": "Hashed", "Parent Relationship": "Outer", "Startup Cost": 852537.83, "Total Cost": 852583.93, "Plan Rows": 3688, "Plan Width": 84, "Actual Startup Time": 28491.523, "Actual Total Time": 28491.527, "Actual Rows": 4, "Actual Loops": 1, "Group By Key": ["n1.n_name", "n2.n_name", "date_part('year'::text, lineitem.l_shipdate)"], "Plans": [{"Node Type": "Nested Loop", "Parent Relationship": "Outer", "Join Type": "Inner", "Startup Cost": 1030.37, "Total Cost": 852482.51, "Plan Rows": 3688, "Plan Width": 76, "Actual Startup Time": 18.127, "Actual Total Time": 28377.729, "Actual Rows": 58554, "Actual Loops": 1, "Inner Unique": true, "Join Filter": "(n1.n_nationkey = supplier.s_nationkey)", "Rows Removed by Join Filter": 1400596, "Plans": [{"Node Type": "Nested Loop", "Parent Relationship": "Outer", "Join Type": "Inner", "Startup Cost": 1030.37, "Total Cost": 642764.74, "Plan Rows": 740786, "Plan Width": 88, "Actual Startup Time": 17.979, "Actual Total Time": 20212.209, "Actual Rows": 1459150, "Actual Loops": 1, "Inner Unique": false, "Plans": [{"Node Type": "Nested Loop", "Parent Relationship": "Outer", "Join Type": "Inner", "Startup Cost": 1030.37, "Total Cost": 166027.11, "Plan Rows": 504972, "Plan Width": 64, "Actual Startup Time": 17.905, "Actual Total Time": 4387.012, "Actual Rows": 1200363, "Actual Loops": 1, "Inner Unique": false, "Plans": [{"Node Type": "Nested Loop", "Parent Relationship": "Outer", "Join Type": "Inner", "Startup Cost": 1030.37, "Total Cost": 14904.59, "Plan Rows": 119904, "Plan Width": 64, "Actual Startup Time": 17.874, "Actual Total Time": 310.247, "Actual Rows": 119972, "Actual Loops": 1, "Inner Unique": false, "Plans": [{"Node Type": "Nested Loop", "Parent Relationship": "Outer", "Join Type": "Inner", "Startup Cost": 0.0, "Total Cost": 39.62, "Plan Rows": 2, "Plan Width": 60, "Actual Startup Time": 0.057, "Actual Total Time": 0.238, "Actual Rows": 2, "Actual Loops": 1, "Inner Unique": false, "Join Filter": "(((n1.n_name = 'JAPAN'::bpchar) AND (n2.n_name = 'INDIA'::bpchar)) OR ((n1.n_name = 'INDIA'::bpchar) AND (n2.n_name = 'JAPAN'::bpchar)))", "Rows Removed by Join Filter": 2, "Plans": [{"Node Type": "Index Scan", "Parent Relationship": "Outer", "Scan Direction": "Forward", "Index Name": "nation_pkey", "Relation Name": "nation", "Alias": "n1", "Startup Cost": 0.0, "Total Cost": 12.75, "Plan Rows": 25, "Plan Width": 30, "Actual Startup Time": 0.029, "Actual Total Time": 0.067, "Actual Rows": 2, "Actual Loops": 1, "Filter": "((n_name = 'JAPAN'::bpchar) OR (n_name = 'INDIA'::bpchar))", "Rows Removed by Filter": 23}, {"Node Type": "Materialize", "Parent Relationship": "Inner", "Startup Cost": 0.0, "Total Cost": 12.88, "Plan Rows": 25, "Plan Width": 30, "Actual Startup Time": 0.02, "Actual Total Time": 0.115, "Actual Rows": 4, "Actual Loops": 2, "Plans": [{"Node Type": "Index Scan", "Parent Relationship": "Outer", "Scan Direction": "Forward", "Index Name": "nation_pkey", "Relation Name": "nation", "Alias": "n2", "Startup Cost": 0.0, "Total Cost": 12.75, "Plan Rows": 25, "Plan Width": 30, "Actual Startup Time": 0.011, "Actual Total Time": 0.101, "Actual Rows": 2, "Actual Loops": 1, "Filter": "((n_name = 'INDIA'::bpchar) OR (n_name = 'JAPAN'::bpchar))", "Rows Removed by Filter": 23}]}]}, {"Node Type": "Bitmap Heap Scan", "Parent Relationship": "Inner", "Relation Name": "customer", "Alias": "customer", "Startup Cost": 1030.37, "Total Cost": 6832.48, "Plan Rows": 60000, "Plan Width": 12, "Actual Startup Time": 36.406, "Actual Total Time": 279.492, "Actual Rows": 119972, "Actual Loops": 2, "Recheck Cond": "(c_nationkey = n2.n_nationkey)", "Rows Removed by Index Recheck": 0, "Exact Heap Blocks": 59938, "Lossy Heap Blocks": 59938, "Plans": [{"Node Type": "Bitmap Index Scan", "Parent Relationship": "Outer", "Index Name": "idx_customer_nationkey", "Startup Cost": 0.0, "Total Cost": 1015.37, "Plan Rows": 60000, "Plan Width": 0, "Actual Startup Time": 23.219, "Actual Total Time": 23.219, "Actual Rows": 119972, "Actual Loops": 2, "Index Cond": "(c_nationkey = n2.n_nationkey)"}]}]}, {"Node Type": "Index Scan", "Parent Relationship": "Inner", "Scan Direction": "Forward", "Index Name": "idx_orders_custkey", "Relation Name": "orders", "Alias": "orders", "Startup Cost": 0.0, "Total Cost": 1.22, "Plan Rows": 4, "Plan Width": 16, "Actual Startup Time": 802.739, "Actual Total Time": 3710.852, "Actual Rows": 1200363, "Actual Loops": 119972, "Index Cond": "(o_custkey = customer.c_custkey)", "Rows Removed by Index Recheck": 0}]}, {"Node Type": "Index Scan", "Parent Relationship": "Inner", "Scan Direction": "Forward", "Index Name": "idx_lineitem_orderkey", "Relation Name": "lineitem", "Alias": "lineitem", "Startup Cost": 0.0, "Total Cost": 0.91, "Plan Rows": 3, "Plan Width": 40, "Actual Startup Time": 13644.368, "Actual Total Time": 14846.543, "Actual Rows": 1459150, "Actual Loops": 1200363, "Index Cond": "(l_orderkey = orders.o_orderkey)", "Rows Removed by Index Recheck": 0, "Filter": "((l_shipdate >= '1995-01-01 00:00:00'::timestamp(0) without time zone) AND (l_shipdate <= '1996-12-31 00:00:00'::timestamp(0) without time zone))", "Rows Removed by Filter": 3342563}]}, {"Node Type": "Index Scan", "Parent Relationship": "Inner", "Scan Direction": "Forward", "Index Name": "supplier_pkey", "Relation Name": "supplier", "Alias": "supplier", "Startup Cost": 0.0, "Total Cost": 0.27, "Plan Rows": 1, "Plan Width": 12, "Actual Startup Time": 6492.7, "Actual Total Time": 6985.023, "Actual Rows": 1459150, "Actual Loops": 1459150, "Index Cond": "(s_suppkey = lineitem.l_suppkey)", "Rows Removed by Index Recheck": 0}]}]}]}, "Triggers": [], "Planner Runtime": 2, "Total Runtime": 28491.878, "Unique SQL Id": 2208782157}}, "(64, 54)": {"explain_plan": {"Plan": {"Node Type": "Sort", "Startup Cost": 6036772.32, "Total Cost": 6036781.54, "Plan Rows": 3688, "Plan Width": 84, "Sort Key": ["n1.n_name", "n2.n_name", "(date_part('year'::text, lineitem.l_shipdate))"], "Plans": [{"Node Type": "Aggregate", "Strategy": "Hashed", "Parent Relationship": "Outer", "Startup Cost": 6036507.73, "Total Cost": 6036553.83, "Plan Rows": 3688, "Plan Width": 84, "Group By Key": ["n1.n_name", "n2.n_name", "date_part('year'::text, lineitem.l_shipdate)"], "Plans": [{"Node Type": "Nested Loop", "Parent Relationship": "Outer", "Join Type": "Inner", "Startup Cost": 1031.44, "Total Cost": 6036452.41, "Plan Rows": 3688, "Plan Width": 76, "Inner Unique": true, "Join Filter": "(n1.n_nationkey = supplier.s_nationkey)", "Plans": [{"Node Type": "Nested Loop", "Parent Relationship": "Outer", "Join Type": "Inner", "Startup Cost": 1031.18, "Total Cost": 2863778.68, "Plan Rows": 740786, "Plan Width": 88, "Inner Unique": false, "Plans": [{"Node Type": "Nested Loop", "Parent Relationship": "Outer", "Join Type": "Inner", "Startup Cost": 1030.8, "Total Cost": 557356.7, "Plan Rows": 504972, "Plan Width": 64, "Inner Unique": false, "Plans": [{"Node Type": "Nested Loop", "Parent Relationship": "Outer", "Join Type": "Inner", "Startup Cost": 1030.37, "Total Cost": 14881.59, "Plan Rows": 119904, "Plan Width": 64, "Inner Unique": false, "Plans": [{"Node Type": "Nested Loop", "Parent Relationship": "Outer", "Join Type": "Inner", "Startup Cost": 0.0, "Total Cost": 16.62, "Plan Rows": 2, "Plan Width": 60, "Inner Unique": false, "Join Filter": "(((n1.n_name = 'JAPAN'::bpchar) AND (n2.n_name = 'INDIA'::bpchar)) OR ((n1.n_name = 'INDIA'::bpchar) AND (n2.n_name = 'JAPAN'::bpchar)))", "Plans": [{"Node Type": "Seq Scan", "Parent Relationship": "Outer", "Relation Name": "nation", "Alias": "n1", "Startup Cost": 0.0, "Total Cost": 1.25, "Plan Rows": 25, "Plan Width": 30, "Filter": "((n_name = 'JAPAN'::bpchar) OR (n_name = 'INDIA'::bpchar))"}, {"Node Type": "Materialize", "Parent Relationship": "Inner", "Startup Cost": 0.0, "Total Cost": 1.38, "Plan Rows": 25, "Plan Width": 30, "Plans": [{"Node Type": "Seq Scan", "Parent Relationship": "Outer", "Relation Name": "nation", "Alias": "n2", "Startup Cost": 0.0, "Total Cost": 1.25, "Plan Rows": 25, "Plan Width": 30, "Filter": "((n_name = 'INDIA'::bpchar) OR (n_name = 'JAPAN'::bpchar))"}]}]}, {"Node Type": "Bitmap Heap Scan", "Parent Relationship": "Inner", "Relation Name": "customer", "Alias": "customer", "Startup Cost": 1030.37, "Total Cost": 6832.48, "Plan Rows": 60000, "Plan Width": 12, "Recheck Cond": "(c_nationkey = n2.n_nationkey)", "Plans": [{"Node Type": "Bitmap Index Scan", "Parent Relationship": "Outer", "Index Name": "idx_customer_nationkey", "Startup Cost": 0.0, "Total Cost": 1015.37, "Plan Rows": 60000, "Plan Width": 0, "Index Cond": "(c_nationkey = n2.n_nationkey)"}]}]}, {"Node Type": "Bitmap Heap Scan", "Parent Relationship": "Inner", "Relation Name": "orders", "Alias": "orders", "Startup Cost": 0.43, "Total Cost": 4.48, "Plan Rows": 4, "Plan Width": 16, "Recheck Cond": "(o_custkey = customer.c_custkey)", "Plans": [{"Node Type": "Bitmap Index Scan", "Parent Relationship": "Outer", "Index Name": "idx_orders_custkey", "Startup Cost": 0.0, "Total Cost": 0.43, "Plan Rows": 4, "Plan Width": 0, "Index Cond": "(o_custkey = customer.c_custkey)"}]}]}, {"Node Type": "Bitmap Heap Scan", "Parent Relationship": "Inner", "Relation Name": "lineitem", "Alias": "lineitem", "Startup Cost": 0.38, "Total Cost": 4.54, "Plan Rows": 3, "Plan Width": 40, "Recheck Cond": "(l_orderkey = orders.o_orderkey)", "Filter": "((l_shipdate >= '1995-01-01 00:00:00'::timestamp(0) without time zone) AND (l_shipdate <= '1996-12-31 00:00:00'::timestamp(0) without time zone))", "Plans": [{"Node Type": "Bitmap Index Scan", "Parent Relationship": "Outer", "Index Name": "idx_lineitem_orderkey", "Startup Cost": 0.0, "Total Cost": 0.38, "Plan Rows": 9, "Plan Width": 0, "Index Cond": "(l_orderkey = orders.o_orderkey)"}]}]}, {"Node Type": "Bitmap Heap Scan", "Parent Relationship": "Inner", "Relation Name": "supplier", "Alias": "supplier", "Startup Cost": 0.26, "Total Cost": 4.27, "Plan Rows": 1, "Plan Width": 12, "Recheck Cond": "(s_suppkey = lineitem.l_suppkey)", "Plans": [{"Node Type": "Bitmap Index Scan", "Parent Relationship": "Outer", "Index Name": "supplier_pkey", "Startup Cost": 0.0, "Total Cost": 0.26, "Plan Rows": 1, "Plan Width": 0, "Index Cond": "(s_suppkey = lineitem.l_suppkey)"}]}]}]}]}, "Unique SQL Id": 2208782157, "Planner Runtime": 2}, "explain_analyze_plan": {"Plan": {"Node Type": "Sort", "Startup Cost": 6036772.32, "Total Cost": 6036781.54, "Plan Rows": 3688, "Plan Width": 84, "Actual Startup Time": 33170.14, "Actual Total Time": 33170.14, "Actual Rows": 4, "Actual Loops": 1, "Sort Key": ["n1.n_name", "n2.n_name", "(date_part('year'::text, lineitem.l_shipdate))"], "Sort Method": "quicksort", "Sort Space Used": 25, "Sort Space Type": "Memory", "Plans": [{"Node Type": "Aggregate", "Strategy": "Hashed", "Parent Relationship": "Outer", "Startup Cost": 6036507.73, "Total Cost": 6036553.83, "Plan Rows": 3688, "Plan Width": 84, "Actual Startup Time": 33170.08, "Actual Total Time": 33170.086, "Actual Rows": 4, "Actual Loops": 1, "Group By Key": ["n1.n_name", "n2.n_name", "date_part('year'::text, lineitem.l_shipdate)"], "Plans": [{"Node Type": "Nested Loop", "Parent Relationship": "Outer", "Join Type": "Inner", "Startup Cost": 1031.44, "Total Cost": 6036452.41, "Plan Rows": 3688, "Plan Width": 76, "Actual Startup Time": 18.321, "Actual Total Time": 33032.328, "Actual Rows": 58554, "Actual Loops": 1, "Inner Unique": true, "Join Filter": "(n1.n_nationkey = supplier.s_nationkey)", "Rows Removed by Join Filter": 1400596, "Plans": [{"Node Type": "Nested Loop", "Parent Relationship": "Outer", "Join Type": "Inner", "Startup Cost": 1031.18, "Total Cost": 2863778.68, "Plan Rows": 740786, "Plan Width": 88, "Actual Startup Time": 18.147, "Actual Total Time": 22761.319, "Actual Rows": 1459150, "Actual Loops": 1, "Inner Unique": false, "Plans": [{"Node Type": "Nested Loop", "Parent Relationship": "Outer", "Join Type": "Inner", "Startup Cost": 1030.8, "Total Cost": 557356.7, "Plan Rows": 504972, "Plan Width": 64, "Actual Startup Time": 18.062, "Actual Total Time": 5153.849, "Actual Rows": 1200363, "Actual Loops": 1, "Inner Unique": false, "Plans": [{"Node Type": "Nested Loop", "Parent Relationship": "Outer", "Join Type": "Inner", "Startup Cost": 1030.37, "Total Cost": 14881.59, "Plan Rows": 119904, "Plan Width": 64, "Actual Startup Time": 18.014, "Actual Total Time": 296.584, "Actual Rows": 119972, "Actual Loops": 1, "Inner Unique": false, "Plans": [{"Node Type": "Nested Loop", "Parent Relationship": "Outer", "Join Type": "Inner", "Startup Cost": 0.0, "Total Cost": 16.62, "Plan Rows": 2, "Plan Width": 60, "Actual Startup Time": 0.047, "Actual Total Time": 0.232, "Actual Rows": 2, "Actual Loops": 1, "Inner Unique": false, "Join Filter": "(((n1.n_name = 'JAPAN'::bpchar) AND (n2.n_name = 'INDIA'::bpchar)) OR ((n1.n_name = 'INDIA'::bpchar) AND (n2.n_name = 'JAPAN'::bpchar)))", "Rows Removed by Join Filter": 2, "Plans": [{"Node Type": "Seq Scan", "Parent Relationship": "Outer", "Relation Name": "nation", "Alias": "n1", "Startup Cost": 0.0, "Total Cost": 1.25, "Plan Rows": 25, "Plan Width": 30, "Actual Startup Time": 0.023, "Actual Total Time": 0.04, "Actual Rows": 2, "Actual Loops": 1, "Filter": "((n_name = 'JAPAN'::bpchar) OR (n_name = 'INDIA'::bpchar))", "Rows Removed by Filter": 23}, {"Node Type": "Materialize", "Parent Relationship": "Inner", "Startup Cost": 0.0, "Total Cost": 1.38, "Plan Rows": 25, "Plan Width": 30, "Actual Startup Time": 0.016, "Actual Total Time": 0.043, "Actual Rows": 4, "Actual Loops": 2, "Plans": [{"Node Type": "Seq Scan", "Parent Relationship": "Outer", "Relation Name": "nation", "Alias": "n2", "Startup Cost": 0.0, "Total Cost": 1.25, "Plan Rows": 25, "Plan Width": 30, "Actual Startup Time": 0.012, "Actual Total Time": 0.034, "Actual Rows": 2, "Actual Loops": 1, "Filter": "((n_name = 'INDIA'::bpchar) OR (n_name = 'JAPAN'::bpchar))", "Rows Removed by Filter": 23}]}]}, {"Node Type": "Bitmap Heap Scan", "Parent Relationship": "Inner", "Relation Name": "customer", "Alias": "customer", "Startup Cost": 1030.37, "Total Cost": 6832.48, "Plan Rows": 60000, "Plan Width": 12, "Actual Startup Time": 36.199, "Actual Total Time": 263.723, "Actual Rows": 119972, "Actual Loops": 2, "Recheck Cond": "(c_nationkey = n2.n_nationkey)", "Rows Removed by Index Recheck": 0, "Exact Heap Blocks": 59938, "Lossy Heap Blocks": 59938, "Plans": [{"Node Type": "Bitmap Index Scan", "Parent Relationship": "Outer", "Index Name": "idx_customer_nationkey", "Startup Cost": 0.0, "Total Cost": 1015.37, "Plan Rows": 60000, "Plan Width": 0, "Actual Startup Time": 22.965, "Actual Total Time": 22.965, "Actual Rows": 119972, "Actual Loops": 2, "Index Cond": "(c_nationkey = n2.n_nationkey)"}]}]}, {"Node Type": "Bitmap Heap Scan", "Parent Relationship": "Inner", "Relation Name": "orders", "Alias": "orders", "Startup Cost": 0.43, "Total Cost": 4.48, "Plan Rows": 4, "Plan Width": 16, "Actual Startup Time": 1231.476, "Actual Total Time": 4414.779, "Actual Rows": 1200363, "Actual Loops": 119972, "Recheck Cond": "(o_custkey = customer.c_custkey)", "Rows Removed by Index Recheck": 0, "Exact Heap Blocks": 1200331, "Lossy Heap Blocks": 1200331, "Plans": [{"Node Type": "Bitmap Index Scan", "Parent Relationship": "Outer", "Index Name": "idx_orders_custkey", "Startup Cost": 0.0, "Total Cost": 0.43, "Plan Rows": 4, "Plan Width": 0, "Actual Startup Time": 762.093, "Actual Total Time": 762.093, "Actual Rows": 1200363, "Actual Loops": 119972, "Index Cond": "(o_custkey = customer.c_custkey)"}]}]}, {"Node Type": "Bitmap Heap Scan", "Parent Relationship": "Inner", "Relation Name": "lineitem", "Alias": "lineitem", "Startup Cost": 0.38, "Total Cost": 4.54, "Plan Rows": 3, "Plan Width": 40, "Actual Startup Time": 15186.991, "Actual Total Time": 15837.83, "Actual Rows": 1459150, "Actual Loops": 1200363, "Recheck Cond": "(l_orderkey = orders.o_orderkey)", "Rows Removed by Index Recheck": 0, "Filter": "((l_shipdate >= '1995-01-01 00:00:00'::timestamp(0) without time zone) AND (l_shipdate <= '1996-12-31 00:00:00'::timestamp(0) without time zone))", "Rows Removed by Filter": 3342563, "Exact Heap Blocks": 1285989, "Lossy Heap Blocks": 1285989, "Plans": [{"Node Type": "Bitmap Index Scan", "Parent Relationship": "Outer", "Index Name": "idx_lineitem_orderkey", "Startup Cost": 0.0, "Total Cost": 0.38, "Plan Rows": 9, "Plan Width": 0, "Actual Startup Time": 8765.983, "Actual Total Time": 8765.983, "Actual Rows": 4801713, "Actual Loops": 1200363, "Index Cond": "(l_orderkey = orders.o_orderkey)"}]}]}, {"Node Type": "Bitmap Heap Scan", "Parent Relationship": "Inner", "Relation Name": "supplier", "Alias": "supplier", "Startup Cost": 0.26, "Total Cost": 4.27, "Plan Rows": 1, "Plan Width": 12, "Actual Startup Time": 7845.355, "Actual Total Time": 8050.794, "Actual Rows": 1459150, "Actual Loops": 1459150, "Recheck Cond": "(s_suppkey = lineitem.l_suppkey)", "Rows Removed by Index Recheck": 0, "Exact Heap Blocks": 1459150, "Lossy Heap Blocks": 1459150, "Plans": [{"Node Type": "Bitmap Index Scan", "Parent Relationship": "Outer", "Index Name": "supplier_pkey", "Startup Cost": 0.0, "Total Cost": 0.26, "Plan Rows": 1, "Plan Width": 0, "Actual Startup Time": 4084.256, "Actual Total Time": 4084.256, "Actual Rows": 1459150, "Actual Loops": 1459150, "Index Cond": "(s_suppkey = lineitem.l_suppkey)"}]}]}]}]}, "Triggers": [], "Planner Runtime": 2, "Total Runtime": 33170.455, "Unique SQL Id": 2208782157}}, "(64, 55)": {"explain_plan": {"Plan": {"Node Type": "Sort", "Startup Cost": 99673674.43, "Total Cost": 99673683.65, "Plan Rows": 3688, "Plan Width": 84, "Sort Key": ["n1.n_name", "n2.n_name", "(date_part('year'::text, lineitem.l_shipdate))"], "Plans": [{"Node Type": "Aggregate", "Strategy": "Hashed", "Parent Relationship": "Outer", "Startup Cost": 99673409.84, "Total Cost": 99673455.94, "Plan Rows": 3688, "Plan Width": 84, "Group By Key": ["n1.n_name", "n2.n_name", "date_part('year'::text, lineitem.l_shipdate)"], "Plans": [{"Node Type": "Nested Loop", "Parent Relationship": "Outer", "Join Type": "Inner", "Startup Cost": 627986.71, "Total Cost": 99673354.52, "Plan Rows": 3688, "Plan Width": 76, "Inner Unique": true, "Join Filter": "(((n1.n_name = 'JAPAN'::bpchar) AND (n2.n_name = 'INDIA'::bpchar)) OR ((n1.n_name = 'INDIA'::bpchar) AND (n2.n_name = 'JAPAN'::bpchar)))", "Plans": [{"Node Type": "Nested Loop", "Parent Relationship": "Outer", "Join Type": "Inner", "Startup Cost": 627986.45, "Total Cost": 94724471.42, "Plan Rows": 1153515, "Plan Width": 54, "Inner Unique": true, "Plans": [{"Node Type": "Nested Loop", "Parent Relationship": "Outer", "Join Type": "Inner", "Startup Cost": 627986.2, "Total Cost": 89787046.56, "Plan Rows": 1153515, "Plan Width": 32, "Inner Unique": true, "Plans": [{"Node Type": "Nested Loop", "Parent Relationship": "Outer", "Join Type": "Inner", "Startup Cost": 627985.94, "Total Cost": 84848088.55, "Plan Rows": 1153515, "Plan Width": 36, "Inner Unique": true, "Plans": [{"Node Type": "Nested Loop", "Parent Relationship": "Outer", "Join Type": "Inner", "Startup Cost": 627985.67, "Total Cost": 79896146.0, "Plan Rows": 1153515, "Plan Width": 36, "Inner Unique": true, "Plans": [{"Node Type": "Bitmap Heap Scan", "Parent Relationship": "Outer", "Relation Name": "lineitem", "Alias": "lineitem", "Startup Cost": 627985.41, "Total Cost": 2315105.27, "Plan Rows": 18124991, "Plan Width": 40, "Recheck Cond": "((l_shipdate >= '1995-01-01 00:00:00'::timestamp(0) without time zone) AND (l_shipdate <= '1996-12-31 00:00:00'::timestamp(0) without time zone)), (LLVM Optimized)", "Plans": [{"Node Type": "Bitmap Index Scan", "Parent Relationship": "Outer", "Index Name": "idx_lineitem_shipdate", "Startup Cost": 0.0, "Total Cost": 623454.16, "Plan Rows": 18124991, "Plan Width": 0, "Index Cond": "((l_shipdate >= '1995-01-01 00:00:00'::timestamp(0) without time zone) AND (l_shipdate <= '1996-12-31 00:00:00'::timestamp(0) without time zone))"}]}, {"Node Type": "Bitmap Heap Scan", "Parent Relationship": "Inner", "Relation Name": "supplier", "Alias": "supplier", "Startup Cost": 0.26, "Total Cost": 4.27, "Plan Rows": 1, "Plan Width": 12, "Recheck Cond": "(s_suppkey = lineitem.l_suppkey)", "Plans": [{"Node Type": "Bitmap Index Scan", "Parent Relationship": "Outer", "Index Name": "supplier_pkey", "Startup Cost": 0.0, "Total Cost": 0.26, "Plan Rows": 1, "Plan Width": 0, "Index Cond": "(s_suppkey = lineitem.l_suppkey)"}]}]}, {"Node Type": "Bitmap Heap Scan", "Parent Relationship": "Inner", "Relation Name": "orders", "Alias": "orders", "Startup Cost": 0.27, "Total Cost": 4.28, "Plan Rows": 1, "Plan Width": 16, "Recheck Cond": "(o_orderkey = lineitem.l_orderkey)", "Plans": [{"Node Type": "Bitmap Index Scan", "Parent Relationship": "Outer", "Index Name": "orders_pkey", "Startup Cost": 0.0, "Total Cost": 0.27, "Plan Rows": 1, "Plan Width": 0, "Index Cond": "(o_orderkey = lineitem.l_orderkey)"}]}]}, {"Node Type": "Bitmap Heap Scan", "Parent Relationship": "Inner", "Relation Name": "customer", "Alias": "customer", "Startup Cost": 0.26, "Total Cost": 4.27, "Plan Rows": 1, "Plan Width": 12, "Recheck Cond": "(c_custkey = orders.o_custkey)", "Plans": [{"Node Type": "Bitmap Index Scan", "Parent Relationship": "Outer", "Index Name": "customer_pkey", "Startup Cost": 0.0, "Total Cost": 0.26, "Plan Rows": 1, "Plan Width": 0, "Index Cond": "(c_custkey = orders.o_custkey)"}]}]}, {"Node Type": "Bitmap Heap Scan", "Parent Relationship": "Inner", "Relation Name": "nation", "Alias": "n1", "Startup Cost": 0.26, "Total Cost": 4.27, "Plan Rows": 1, "Plan Width": 30, "Recheck Cond": "(n_nationkey = supplier.s_nationkey)", "Filter": "((n_name = 'JAPAN'::bpchar) OR (n_name = 'INDIA'::bpchar))", "Plans": [{"Node Type": "Bitmap Index Scan", "Parent Relationship": "Outer", "Index Name": "nation_pkey", "Startup Cost": 0.0, "Total Cost": 0.26, "Plan Rows": 1, "Plan Width": 0, "Index Cond": "(n_nationkey = supplier.s_nationkey)"}]}]}, {"Node Type": "Bitmap Heap Scan", "Parent Relationship": "Inner", "Relation Name": "nation", "Alias": "n2", "Startup Cost": 0.26, "Total Cost": 4.27, "Plan Rows": 1, "Plan Width": 30, "Recheck Cond": "(n_nationkey = customer.c_nationkey)", "Filter": "((n_name = 'INDIA'::bpchar) OR (n_name = 'JAPAN'::bpchar))", "Plans": [{"Node Type": "Bitmap Index Scan", "Parent Relationship": "Outer", "Index Name": "nation_pkey", "Startup Cost": 0.0, "Total Cost": 0.26, "Plan Rows": 1, "Plan Width": 0, "Index Cond": "(n_nationkey = customer.c_nationkey)"}]}]}]}]}, "Unique SQL Id": 2208782157, "Planner Runtime": 1}, "explain_analyze_plan": null}, "(64, 56)": {"explain_plan": {"Plan": {"Node Type": "Sort", "Startup Cost": 854530.8, "Total Cost": 854540.02, "Plan Rows": 3688, "Plan Width": 84, "Sort Key": ["n1.n_name", "n2.n_name", "(date_part('year'::text, lineitem.l_shipdate))"], "Plans": [{"Node Type": "Aggregate", "Strategy": "Hashed", "Parent Relationship": "Outer", "Startup Cost": 854266.22, "Total Cost": 854312.32, "Plan Rows": 3688, "Plan Width": 84, "Group By Key": ["n1.n_name", "n2.n_name", "date_part('year'::text, lineitem.l_shipdate)"], "Plans": [{"Node Type": "Nested Loop", "Parent Relationship": "Outer", "Join Type": "Inner", "Startup Cost": 0.0, "Total Cost": 854210.9, "Plan Rows": 3688, "Plan Width": 76, "Inner Unique": true, "Join Filter": "(n1.n_nationkey = supplier.s_nationkey)", "Plans": [{"Node Type": "Nested Loop", "Parent Relationship": "Outer", "Join Type": "Inner", "Startup Cost": 0.0, "Total Cost": 644493.13, "Plan Rows": 740786, "Plan Width": 88, "Inner Unique": false, "Plans": [{"Node Type": "Nested Loop", "Parent Relationship": "Outer", "Join Type": "Inner", "Startup Cost": 0.0, "Total Cost": 167755.5, "Plan Rows": 504972, "Plan Width": 64, "Inner Unique": false, "Plans": [{"Node Type": "Nested Loop", "Parent Relationship": "Outer", "Join Type": "Inner", "Startup Cost": 0.0, "Total Cost": 16632.98, "Plan Rows": 119904, "Plan Width": 64, "Inner Unique": false, "Plans": [{"Node Type": "Nested Loop", "Parent Relationship": "Outer", "Join Type": "Inner", "Startup Cost": 0.0, "Total Cost": 28.12, "Plan Rows": 2, "Plan Width": 60, "Inner Unique": false, "Join Filter": "(((n1.n_name = 'JAPAN'::bpchar) AND (n2.n_name = 'INDIA'::bpchar)) OR ((n1.n_name = 'INDIA'::bpchar) AND (n2.n_name = 'JAPAN'::bpchar)))", "Plans": [{"Node Type": "Index Scan", "Parent Relationship": "Outer", "Scan Direction": "Forward", "Index Name": "nation_pkey", "Relation Name": "nation", "Alias": "n1", "Startup Cost": 0.0, "Total Cost": 12.75, "Plan Rows": 25, "Plan Width": 30, "Filter": "((n_name = 'JAPAN'::bpchar) OR (n_name = 'INDIA'::bpchar))"}, {"Node Type": "Materialize", "Parent Relationship": "Inner", "Startup Cost": 0.0, "Total Cost": 1.38, "Plan Rows": 25, "Plan Width": 30, "Plans": [{"Node Type": "Seq Scan", "Parent Relationship": "Outer", "Relation Name": "nation", "Alias": "n2", "Startup Cost": 0.0, "Total Cost": 1.25, "Plan Rows": 25, "Plan Width": 30, "Filter": "((n_name = 'INDIA'::bpchar) OR (n_name = 'JAPAN'::bpchar))"}]}]}, {"Node Type": "Index Scan", "Parent Relationship": "Inner", "Scan Direction": "Forward", "Index Name": "idx_customer_nationkey", "Relation Name": "customer", "Alias": "customer", "Startup Cost": 0.0, "Total Cost": 7702.43, "Plan Rows": 60000, "Plan Width": 12, "Index Cond": "(c_nationkey = n2.n_nationkey)"}]}, {"Node Type": "Index Scan", "Parent Relationship": "Inner", "Scan Direction": "Forward", "Index Name": "idx_orders_custkey", "Relation Name": "orders", "Alias": "orders", "Startup Cost": 0.0, "Total Cost": 1.22, "Plan Rows": 4, "Plan Width": 16, "Index Cond": "(o_custkey = customer.c_custkey)"}]}, {"Node Type": "Index Scan", "Parent Relationship": "Inner", "Scan Direction": "Forward", "Index Name": "idx_lineitem_orderkey", "Relation Name": "lineitem", "Alias": "lineitem", "Startup Cost": 0.0, "Total Cost": 0.91, "Plan Rows": 3, "Plan Width": 40, "Index Cond": "(l_orderkey = orders.o_orderkey)", "Filter": "((l_shipdate >= '1995-01-01 00:00:00'::timestamp(0) without time zone) AND (l_shipdate <= '1996-12-31 00:00:00'::timestamp(0) without time zone))"}]}, {"Node Type": "Index Scan", "Parent Relationship": "Inner", "Scan Direction": "Forward", "Index Name": "supplier_pkey", "Relation Name": "supplier", "Alias": "supplier", "Startup Cost": 0.0, "Total Cost": 0.27, "Plan Rows": 1, "Plan Width": 12, "Index Cond": "(s_suppkey = lineitem.l_suppkey)"}]}]}]}, "Unique SQL Id": 2208782157, "Planner Runtime": 2}, "explain_analyze_plan": {"Plan": {"Node Type": "Sort", "Startup Cost": 854530.8, "Total Cost": 854540.02, "Plan Rows": 3688, "Plan Width": 84, "Actual Startup Time": 28536.346, "Actual Total Time": 28536.346, "Actual Rows": 4, "Actual Loops": 1, "Sort Key": ["n1.n_name", "n2.n_name", "(date_part('year'::text, lineitem.l_shipdate))"], "Sort Method": "quicksort", "Sort Space Used": 25, "Sort Space Type": "Memory", "Plans": [{"Node Type": "Aggregate", "Strategy": "Hashed", "Parent Relationship": "Outer", "Startup Cost": 854266.22, "Total Cost": 854312.32, "Plan Rows": 3688, "Plan Width": 84, "Actual Startup Time": 28536.292, "Actual Total Time": 28536.298, "Actual Rows": 4, "Actual Loops": 1, "Group By Key": ["n1.n_name", "n2.n_name", "date_part('year'::text, lineitem.l_shipdate)"], "Plans": [{"Node Type": "Nested Loop", "Parent Relationship": "Outer", "Join Type": "Inner", "Startup Cost": 0.0, "Total Cost": 854210.9, "Plan Rows": 3688, "Plan Width": 76, "Actual Startup Time": 0.315, "Actual Total Time": 28427.343, "Actual Rows": 58554, "Actual Loops": 1, "Inner Unique": true, "Join Filter": "(n1.n_nationkey = supplier.s_nationkey)", "Rows Removed by Join Filter": 1400596, "Plans": [{"Node Type": "Nested Loop", "Parent Relationship": "Outer", "Join Type": "Inner", "Startup Cost": 0.0, "Total Cost": 644493.13, "Plan Rows": 740786, "Plan Width": 88, "Actual Startup Time": 0.183, "Actual Total Time": 20266.744, "Actual Rows": 1459150, "Actual Loops": 1, "Inner Unique": false, "Plans": [{"Node Type": "Nested Loop", "Parent Relationship": "Outer", "Join Type": "Inner", "Startup Cost": 0.0, "Total Cost": 167755.5, "Plan Rows": 504972, "Plan Width": 64, "Actual Startup Time": 0.128, "Actual Total Time": 4396.158, "Actual Rows": 1200363, "Actual Loops": 1, "Inner Unique": false, "Plans": [{"Node Type": "Nested Loop", "Parent Relationship": "Outer", "Join Type": "Inner", "Startup Cost": 0.0, "Total Cost": 16632.98, "Plan Rows": 119904, "Plan Width": 64, "Actual Startup Time": 0.11, "Actual Total Time": 241.733, "Actual Rows": 119972, "Actual Loops": 1, "Inner Unique": false, "Plans": [{"Node Type": "Nested Loop", "Parent Relationship": "Outer", "Join Type": "Inner", "Startup Cost": 0.0, "Total Cost": 28.12, "Plan Rows": 2, "Plan Width": 60, "Actual Startup Time": 0.067, "Actual Total Time": 0.323, "Actual Rows": 2, "Actual Loops": 1, "Inner Unique": false, "Join Filter": "(((n1.n_name = 'JAPAN'::bpchar) AND (n2.n_name = 'INDIA'::bpchar)) OR ((n1.n_name = 'INDIA'::bpchar) AND (n2.n_name = 'JAPAN'::bpchar)))", "Rows Removed by Join Filter": 2, "Plans": [{"Node Type": "Index Scan", "Parent Relationship": "Outer", "Scan Direction": "Forward", "Index Name": "nation_pkey", "Relation Name": "nation", "Alias": "n1", "Startup Cost": 0.0, "Total Cost": 12.75, "Plan Rows": 25, "Plan Width": 30, "Actual Startup Time": 0.031, "Actual Total Time": 0.072, "Actual Rows": 2, "Actual Loops": 1, "Filter": "((n_name = 'JAPAN'::bpchar) OR (n_name = 'INDIA'::bpchar))", "Rows Removed by Filter": 23}, {"Node Type": "Materialize", "Parent Relationship": "Inner", "Startup Cost": 0.0, "Total Cost": 1.38, "Plan Rows": 25, "Plan Width": 30, "Actual Startup Time": 0.028, "Actual Total Time": 0.131, "Actual Rows": 4, "Actual Loops": 2, "Plans": [{"Node Type": "Seq Scan", "Parent Relationship": "Outer", "Relation Name": "nation", "Alias": "n2", "Startup Cost": 0.0, "Total Cost": 1.25, "Plan Rows": 25, "Plan Width": 30, "Actual Startup Time": 0.023, "Actual Total Time": 0.119, "Actual Rows": 2, "Actual Loops": 1, "Filter": "((n_name = 'INDIA'::bpchar) OR (n_name = 'JAPAN'::bpchar))", "Rows Removed by Filter": 23}]}]}, {"Node Type": "Index Scan", "Parent Relationship": "Inner", "Scan Direction": "Forward", "Index Name": "idx_customer_nationkey", "Relation Name": "customer", "Alias": "customer", "Startup Cost": 0.0, "Total Cost": 7702.43, "Plan Rows": 60000, "Plan Width": 12, "Actual Startup Time": 0.07, "Actual Total Time": 206.83, "Actual Rows": 119972, "Actual Loops": 2, "Index Cond": "(c_nationkey = n2.n_nationkey)", "Rows Removed by Index Recheck": 0}]}, {"Node Type": "Index Scan", "Parent Relationship": "Inner", "Scan Direction": "Forward", "Index Name": "idx_orders_custkey", "Relation Name": "orders", "Alias": "orders", "Startup Cost": 0.0, "Total Cost": 1.22, "Plan Rows": 4, "Plan Width": 16, "Actual Startup Time": 814.537, "Actual Total Time": 3794.351, "Actual Rows": 1200363, "Actual Loops": 119972, "Index Cond": "(o_custkey = customer.c_custkey)", "Rows Removed by Index Recheck": 0}]}, {"Node Type": "Index Scan", "Parent Relationship": "Inner", "Scan Direction": "Forward", "Index Name": "idx_lineitem_orderkey", "Relation Name": "lineitem", "Alias": "lineitem", "Startup Cost": 0.0, "Total Cost": 0.91, "Plan Rows": 3, "Plan Width": 40, "Actual Startup Time": 13708.653, "Actual Total Time": 14899.392, "Actual Rows": 1459150, "Actual Loops": 1200363, "Index Cond": "(l_orderkey = orders.o_orderkey)", "Rows Removed by Index Recheck": 0, "Filter": "((l_shipdate >= '1995-01-01 00:00:00'::timestamp(0) without time zone) AND (l_shipdate <= '1996-12-31 00:00:00'::timestamp(0) without time zone))", "Rows Removed by Filter": 3342563}]}, {"Node Type": "Index Scan", "Parent Relationship": "Inner", "Scan Direction": "Forward", "Index Name": "supplier_pkey", "Relation Name": "supplier", "Alias": "supplier", "Startup Cost": 0.0, "Total Cost": 0.27, "Plan Rows": 1, "Plan Width": 12, "Actual Startup Time": 6487.978, "Actual Total Time": 6972.847, "Actual Rows": 1459150, "Actual Loops": 1459150, "Index Cond": "(s_suppkey = lineitem.l_suppkey)", "Rows Removed by Index Recheck": 0}]}]}]}, "Triggers": [], "Planner Runtime": 2, "Total Runtime": 28536.561, "Unique SQL Id": 2208782157}}, "(64, 57)": {"explain_plan": {"Plan": {"Node Type": "Sort", "Startup Cost": 854542.3, "Total Cost": 854551.52, "Plan Rows": 3688, "Plan Width": 84, "Sort Key": ["n1.n_name", "n2.n_name", "(date_part('year'::text, lineitem.l_shipdate))"], "Plans": [{"Node Type": "Aggregate", "Strategy": "Hashed", "Parent Relationship": "Outer", "Startup Cost": 854277.72, "Total Cost": 854323.82, "Plan Rows": 3688, "Plan Width": 84, "Group By Key": ["n1.n_name", "n2.n_name", "date_part('year'::text, lineitem.l_shipdate)"], "Plans": [{"Node Type": "Nested Loop", "Parent Relationship": "Outer", "Join Type": "Inner", "Startup Cost": 0.0, "Total Cost": 854222.4, "Plan Rows": 3688, "Plan Width": 76, "Inner Unique": true, "Join Filter": "(n1.n_nationkey = supplier.s_nationkey)", "Plans": [{"Node Type": "Nested Loop", "Parent Relationship": "Outer", "Join Type": "Inner", "Startup Cost": 0.0, "Total Cost": 644504.63, "Plan Rows": 740786, "Plan Width": 88, "Inner Unique": false, "Plans": [{"Node Type": "Nested Loop", "Parent Relationship": "Outer", "Join Type": "Inner", "Startup Cost": 0.0, "Total Cost": 167767.0, "Plan Rows": 504972, "Plan Width": 64, "Inner Unique": false, "Plans": [{"Node Type": "Nested Loop", "Parent Relationship": "Outer", "Join Type": "Inner", "Startup Cost": 0.0, "Total Cost": 16644.48, "Plan Rows": 119904, "Plan Width": 64, "Inner Unique": false, "Plans": [{"Node Type": "Nested Loop", "Parent Relationship": "Outer", "Join Type": "Inner", "Startup Cost": 0.0, "Total Cost": 39.62, "Plan Rows": 2, "Plan Width": 60, "Inner Unique": false, "Join Filter": "(((n1.n_name = 'JAPAN'::bpchar) AND (n2.n_name = 'INDIA'::bpchar)) OR ((n1.n_name = 'INDIA'::bpchar) AND (n2.n_name = 'JAPAN'::bpchar)))", "Plans": [{"Node Type": "Index Scan", "Parent Relationship": "Outer", "Scan Direction": "Forward", "Index Name": "nation_pkey", "Relation Name": "nation", "Alias": "n1", "Startup Cost": 0.0, "Total Cost": 12.75, "Plan Rows": 25, "Plan Width": 30, "Filter": "((n_name = 'JAPAN'::bpchar) OR (n_name = 'INDIA'::bpchar))"}, {"Node Type": "Materialize", "Parent Relationship": "Inner", "Startup Cost": 0.0, "Total Cost": 12.88, "Plan Rows": 25, "Plan Width": 30, "Plans": [{"Node Type": "Index Scan", "Parent Relationship": "Outer", "Scan Direction": "Forward", "Index Name": "nation_pkey", "Relation Name": "nation", "Alias": "n2", "Startup Cost": 0.0, "Total Cost": 12.75, "Plan Rows": 25, "Plan Width": 30, "Filter": "((n_name = 'INDIA'::bpchar) OR (n_name = 'JAPAN'::bpchar))"}]}]}, {"Node Type": "Index Scan", "Parent Relationship": "Inner", "Scan Direction": "Forward", "Index Name": "idx_customer_nationkey", "Relation Name": "customer", "Alias": "customer", "Startup Cost": 0.0, "Total Cost": 7702.43, "Plan Rows": 60000, "Plan Width": 12, "Index Cond": "(c_nationkey = n2.n_nationkey)"}]}, {"Node Type": "Index Scan", "Parent Relationship": "Inner", "Scan Direction": "Forward", "Index Name": "idx_orders_custkey", "Relation Name": "orders", "Alias": "orders", "Startup Cost": 0.0, "Total Cost": 1.22, "Plan Rows": 4, "Plan Width": 16, "Index Cond": "(o_custkey = customer.c_custkey)"}]}, {"Node Type": "Index Scan", "Parent Relationship": "Inner", "Scan Direction": "Forward", "Index Name": "idx_lineitem_orderkey", "Relation Name": "lineitem", "Alias": "lineitem", "Startup Cost": 0.0, "Total Cost": 0.91, "Plan Rows": 3, "Plan Width": 40, "Index Cond": "(l_orderkey = orders.o_orderkey)", "Filter": "((l_shipdate >= '1995-01-01 00:00:00'::timestamp(0) without time zone) AND (l_shipdate <= '1996-12-31 00:00:00'::timestamp(0) without time zone))"}]}, {"Node Type": "Index Scan", "Parent Relationship": "Inner", "Scan Direction": "Forward", "Index Name": "supplier_pkey", "Relation Name": "supplier", "Alias": "supplier", "Startup Cost": 0.0, "Total Cost": 0.27, "Plan Rows": 1, "Plan Width": 12, "Index Cond": "(s_suppkey = lineitem.l_suppkey)"}]}]}]}, "Unique SQL Id": 2208782157, "Planner Runtime": 2}, "explain_analyze_plan": {"Plan": {"Node Type": "Sort", "Startup Cost": 854542.3, "Total Cost": 854551.52, "Plan Rows": 3688, "Plan Width": 84, "Actual Startup Time": 28525.933, "Actual Total Time": 28525.934, "Actual Rows": 4, "Actual Loops": 1, "Sort Key": ["n1.n_name", "n2.n_name", "(date_part('year'::text, lineitem.l_shipdate))"], "Sort Method": "quicksort", "Sort Space Used": 25, "Sort Space Type": "Memory", "Plans": [{"Node Type": "Aggregate", "Strategy": "Hashed", "Parent Relationship": "Outer", "Startup Cost": 854277.72, "Total Cost": 854323.82, "Plan Rows": 3688, "Plan Width": 84, "Actual Startup Time": 28525.842, "Actual Total Time": 28525.847, "Actual Rows": 4, "Actual Loops": 1, "Group By Key": ["n1.n_name", "n2.n_name", "date_part('year'::text, lineitem.l_shipdate)"], "Plans": [{"Node Type": "Nested Loop", "Parent Relationship": "Outer", "Join Type": "Inner", "Startup Cost": 0.0, "Total Cost": 854222.4, "Plan Rows": 3688, "Plan Width": 76, "Actual Startup Time": 0.418, "Actual Total Time": 28416.54, "Actual Rows": 58554, "Actual Loops": 1, "Inner Unique": true, "Join Filter": "(n1.n_nationkey = supplier.s_nationkey)", "Rows Removed by Join Filter": 1400596, "Plans": [{"Node Type": "Nested Loop", "Parent Relationship": "Outer", "Join Type": "Inner", "Startup Cost": 0.0, "Total Cost": 644504.63, "Plan Rows": 740786, "Plan Width": 88, "Actual Startup Time": 0.21, "Actual Total Time": 20215.203, "Actual Rows": 1459150, "Actual Loops": 1, "Inner Unique": false, "Plans": [{"Node Type": "Nested Loop", "Parent Relationship": "Outer", "Join Type": "Inner", "Startup Cost": 0.0, "Total Cost": 167767.0, "Plan Rows": 504972, "Plan Width": 64, "Actual Startup Time": 0.125, "Actual Total Time": 4332.984, "Actual Rows": 1200363, "Actual Loops": 1, "Inner Unique": false, "Plans": [{"Node Type": "Nested Loop", "Parent Relationship": "Outer", "Join Type": "Inner", "Startup Cost": 0.0, "Total Cost": 16644.48, "Plan Rows": 119904, "Plan Width": 64, "Actual Startup Time": 0.102, "Actual Total Time": 237.618, "Actual Rows": 119972, "Actual Loops": 1, "Inner Unique": false, "Plans": [{"Node Type": "Nested Loop", "Parent Relationship": "Outer", "Join Type": "Inner", "Startup Cost": 0.0, "Total Cost": 39.62, "Plan Rows": 2, "Plan Width": 60, "Actual Startup Time": 0.061, "Actual Total Time": 0.252, "Actual Rows": 2, "Actual Loops": 1, "Inner Unique": false, "Join Filter": "(((n1.n_name = 'JAPAN'::bpchar) AND (n2.n_name = 'INDIA'::bpchar)) OR ((n1.n_name = 'INDIA'::bpchar) AND (n2.n_name = 'JAPAN'::bpchar)))", "Rows Removed by Join Filter": 2, "Plans": [{"Node Type": "Index Scan", "Parent Relationship": "Outer", "Scan Direction": "Forward", "Index Name": "nation_pkey", "Relation Name": "nation", "Alias": "n1", "Startup Cost": 0.0, "Total Cost": 12.75, "Plan Rows": 25, "Plan Width": 30, "Actual Startup Time": 0.032, "Actual Total Time": 0.075, "Actual Rows": 2, "Actual Loops": 1, "Filter": "((n_name = 'JAPAN'::bpchar) OR (n_name = 'INDIA'::bpchar))", "Rows Removed by Filter": 23}, {"Node Type": "Materialize", "Parent Relationship": "Inner", "Startup Cost": 0.0, "Total Cost": 12.88, "Plan Rows": 25, "Plan Width": 30, "Actual Startup Time": 0.021, "Actual Total Time": 0.127, "Actual Rows": 4, "Actual Loops": 2, "Plans": [{"Node Type": "Index Scan", "Parent Relationship": "Outer", "Scan Direction": "Forward", "Index Name": "nation_pkey", "Relation Name": "nation", "Alias": "n2", "Startup Cost": 0.0, "Total Cost": 12.75, "Plan Rows": 25, "Plan Width": 30, "Actual Startup Time": 0.011, "Actual Total Time": 0.029, "Actual Rows": 2, "Actual Loops": 1, "Filter": "((n_name = 'INDIA'::bpchar) OR (n_name = 'JAPAN'::bpchar))", "Rows Removed by Filter": 23}]}]}, {"Node Type": "Index Scan", "Parent Relationship": "Inner", "Scan Direction": "Forward", "Index Name": "idx_customer_nationkey", "Relation Name": "customer", "Alias": "customer", "Startup Cost": 0.0, "Total Cost": 7702.43, "Plan Rows": 60000, "Plan Width": 12, "Actual Startup Time": 0.058, "Actual Total Time": 202.881, "Actual Rows": 119972, "Actual Loops": 2, "Index Cond": "(c_nationkey = n2.n_nationkey)", "Rows Removed by Index Recheck": 0}]}, {"Node Type": "Index Scan", "Parent Relationship": "Inner", "Scan Direction": "Forward", "Index Name": "idx_orders_custkey", "Relation Name": "orders", "Alias": "orders", "Startup Cost": 0.0, "Total Cost": 1.22, "Plan Rows": 4, "Plan Width": 16, "Actual Startup Time": 800.201, "Actual Total Time": 3729.077, "Actual Rows": 1200363, "Actual Loops": 119972, "Index Cond": "(o_custkey = customer.c_custkey)", "Rows Removed by Index Recheck": 0}]}, {"Node Type": "Index Scan", "Parent Relationship": "Inner", "Scan Direction": "Forward", "Index Name": "idx_lineitem_orderkey", "Relation Name": "lineitem", "Alias": "lineitem", "Startup Cost": 0.0, "Total Cost": 0.91, "Plan Rows": 3, "Plan Width": 40, "Actual Startup Time": 13689.707, "Actual Total Time": 14892.613, "Actual Rows": 1459150, "Actual Loops": 1200363, "Index Cond": "(l_orderkey = orders.o_orderkey)", "Rows Removed by Index Recheck": 0, "Filter": "((l_shipdate >= '1995-01-01 00:00:00'::timestamp(0) without time zone) AND (l_shipdate <= '1996-12-31 00:00:00'::timestamp(0) without time zone))", "Rows Removed by Filter": 3342563}]}, {"Node Type": "Index Scan", "Parent Relationship": "Inner", "Scan Direction": "Forward", "Index Name": "supplier_pkey", "Relation Name": "supplier", "Alias": "supplier", "Startup Cost": 0.0, "Total Cost": 0.27, "Plan Rows": 1, "Plan Width": 12, "Actual Startup Time": 6503.818, "Actual Total Time": 6992.908, "Actual Rows": 1459150, "Actual Loops": 1459150, "Index Cond": "(s_suppkey = lineitem.l_suppkey)", "Rows Removed by Index Recheck": 0}]}]}]}, "Triggers": [], "Planner Runtime": 1, "Total Runtime": 28526.238, "Unique SQL Id": 2208782157}}, "(64, 58)": {"explain_plan": {"Plan": {"Node Type": "Sort", "Startup Cost": 25342456523.17, "Total Cost": 25342456532.39, "Plan Rows": 3688, "Plan Width": 84, "Sort Key": ["n1.n_name", "n2.n_name", "(date_part('year'::text, lineitem.l_shipdate))"], "Plans": [{"Node Type": "Aggregate", "Strategy": "Hashed", "Parent Relationship": "Outer", "Startup Cost": 25342456258.58, "Total Cost": 25342456304.68, "Plan Rows": 3688, "Plan Width": 84, "Group By Key": ["n1.n_name", "n2.n_name", "date_part('year'::text, lineitem.l_shipdate)"], "Plans": [{"Node Type": "Nested Loop", "Parent Relationship": "Outer", "Join Type": "Inner", "Startup Cost": 44.59, "Total Cost": 25342456203.26, "Plan Rows": 3688, "Plan Width": 76, "Inner Unique": false, "Join Filter": "((orders.o_custkey = customer.c_custkey) AND (n2.n_nationkey = customer.c_nationkey))", "Plans": [{"Node Type": "Seq Scan", "Parent Relationship": "Outer", "Relation Name": "customer", "Alias": "customer", "Startup Cost": 0.0, "Total Cost": 52126.0, "Plan Rows": 1500000, "Plan Width": 12}, {"Node Type": "Materialize", "Parent Relationship": "Inner", "Startup Cost": 44.59, "Total Cost": 22921970548.56, "Plan Rows": 92207, "Plan Width": 88, "Plans": [{"Node Type": "Nested Loop", "Parent Relationship": "Outer", "Join Type": "Inner", "Startup Cost": 44.59, "Total Cost": 22921970087.52, "Plan Rows": 92207, "Plan Width": 88, "Inner Unique": false, "Join Filter": "(lineitem.l_orderkey = orders.o_orderkey)", "Plans": [{"Node Type": "Seq Scan", "Parent Relationship": "Outer", "Relation Name": "orders", "Alias": "orders", "Startup Cost": 0.0, "Total Cost": 426413.79, "Plan Rows": 14999479, "Plan Width": 16}, {"Node Type": "Materialize", "Parent Relationship": "Inner", "Startup Cost": 44.59, "Total Cost": 2175689501.95, "Plan Rows": 92207, "Plan Width": 88, "Plans": [{"Node Type": "Nested Loop", "Parent Relationship": "Outer", "Join Type": "Inner", "Startup Cost": 44.59, "Total Cost": 2175689040.92, "Plan Rows": 92207, "Plan Width": 88, "Inner Unique": false, "Join Filter": "(supplier.s_suppkey = lineitem.l_suppkey)", "Plans": [{"Node Type": "Seq Scan", "Parent Relationship": "Outer", "Relation Name": "lineitem", "Alias": "lineitem", "Startup Cost": 44.59, "Total Cost": 2315050.5, "Plan Rows": 18124991, "Plan Width": 40, "Filter": "((l_shipdate >= '1995-01-01 00:00:00'::timestamp(0) without time zone) AND (l_shipdate <= '1996-12-31 00:00:00'::timestamp(0) without time zone)), (LLVM Optimized)"}, {"Node Type": "Materialize", "Parent Relationship": "Inner", "Startup Cost": 0.0, "Total Cost": 6339.6, "Plan Rows": 7994, "Plan Width": 64, "Plans": [{"Node Type": "Nested Loop", "Parent Relationship": "Outer", "Join Type": "Inner", "Startup Cost": 0.0, "Total Cost": 6299.63, "Plan Rows": 7994, "Plan Width": 64, "Inner Unique": false, "Join Filter": "(n1.n_nationkey = supplier.s_nationkey)", "Plans": [{"Node Type": "Seq Scan", "Parent Relationship": "Outer", "Relation Name": "supplier", "Alias": "supplier", "Startup Cost": 0.0, "Total Cost": 3283.0, "Plan Rows": 100000, "Plan Width": 12}, {"Node Type": "Materialize", "Parent Relationship": "Inner", "Startup Cost": 0.0, "Total Cost": 16.64, "Plan Rows": 2, "Plan Width": 60, "Plans": [{"Node Type": "Nested Loop", "Parent Relationship": "Outer", "Join Type": "Inner", "Startup Cost": 0.0, "Total Cost": 16.62, "Plan Rows": 2, "Plan Width": 60, "Inner Unique": false, "Join Filter": "(((n1.n_name = 'JAPAN'::bpchar) AND (n2.n_name = 'INDIA'::bpchar)) OR ((n1.n_name = 'INDIA'::bpchar) AND (n2.n_name = 'JAPAN'::bpchar)))", "Plans": [{"Node Type": "Seq Scan", "Parent Relationship": "Outer", "Relation Name": "nation", "Alias": "n1", "Startup Cost": 0.0, "Total Cost": 1.25, "Plan Rows": 25, "Plan Width": 30, "Filter": "((n_name = 'JAPAN'::bpchar) OR (n_name = 'INDIA'::bpchar))"}, {"Node Type": "Materialize", "Parent Relationship": "Inner", "Startup Cost": 0.0, "Total Cost": 1.38, "Plan Rows": 25, "Plan Width": 30, "Plans": [{"Node Type": "Seq Scan", "Parent Relationship": "Outer", "Relation Name": "nation", "Alias": "n2", "Startup Cost": 0.0, "Total Cost": 1.25, "Plan Rows": 25, "Plan Width": 30, "Filter": "((n_name = 'INDIA'::bpchar) OR (n_name = 'JAPAN'::bpchar))"}]}]}]}]}]}]}]}]}]}]}]}]}, "Unique SQL Id": 2208782157, "Planner Runtime": 2}, "explain_analyze_plan": null}, "(64, 59)": {"explain_plan": {"Plan": {"Node Type": "Sort", "Startup Cost": 6025775461732.55, "Total Cost": 6025775461741.77, "Plan Rows": 3688, "Plan Width": 84, "Sort Key": ["n1.n_name", "n2.n_name", "(date_part('year'::text, lineitem.l_shipdate))"], "Plans": [{"Node Type": "Aggregate", "Strategy": "Hashed", "Parent Relationship": "Outer", "Startup Cost": 6025775461467.96, "Total Cost": 6025775461514.06, "Plan Rows": 3688, "Plan Width": 84, "Group By Key": ["n1.n_name", "n2.n_name", "date_part('year'::text, lineitem.l_shipdate)"], "Plans": [{"Node Type": "Nested Loop", "Parent Relationship": "Outer", "Join Type": "Inner", "Startup Cost": 60000000000.0, "Total Cost": 6025775461412.64, "Plan Rows": 3688, "Plan Width": 76, "Inner Unique": false, "Join Filter": "((orders.o_custkey = customer.c_custkey) AND (n2.n_nationkey = customer.c_nationkey))", "Plans": [{"Node Type": "Index Scan", "Parent Relationship": "Outer", "Scan Direction": "Forward", "Index Name": "customer_pkey", "Relation Name": "customer", "Alias": "customer", "Startup Cost": 10000000000.0, "Total Cost": 1000008076535.62, "Plan Rows": 1500000, "Plan Width": 12}, {"Node Type": "Materialize", "Parent Relationship": "Inner", "Startup Cost": 50000000000.0, "Total Cost": 5023346951348.32, "Plan Rows": 92207, "Plan Width": 88, "Plans": [{"Node Type": "Nested Loop", "Parent Relationship": "Outer", "Join Type": "Inner", "Startup Cost": 50000000000.0, "Total Cost": 5023346950887.28, "Plan Rows": 92207, "Plan Width": 88, "Inner Unique": true, "Join Filter": "(lineitem.l_orderkey = orders.o_orderkey)", "Plans": [{"Node Type": "Nested Loop", "Parent Relationship": "Outer", "Join Type": "Inner", "Startup Cost": 40000000000.0, "Total Cost": 4002527961142.79, "Plan Rows": 92207, "Plan Width": 88, "Inner Unique": false, "Join Filter": "(supplier.s_suppkey = lineitem.l_suppkey)", "Plans": [{"Node Type": "Nested Loop", "Parent Relationship": "Outer", "Join Type": "Inner", "Startup Cost": 30000000000.0, "Total Cost": 3000000539268.5, "Plan Rows": 7994, "Plan Width": 64, "Inner Unique": false, "Join Filter": "(n1.n_nationkey = supplier.s_nationkey)", "Plans": [{"Node Type": "Nested Loop", "Parent Relationship": "Outer", "Join Type": "Inner", "Startup Cost": 20000000000.0, "Total Cost": 2000000002564.12, "Plan Rows": 2, "Plan Width": 60, "Inner Unique": false, "Join Filter": "(((n1.n_name = 'JAPAN'::bpchar) AND (n2.n_name = 'INDIA'::bpchar)) OR ((n1.n_name = 'INDIA'::bpchar) AND (n2.n_name = 'JAPAN'::bpchar)))", "Plans": [{"Node Type": "Index Scan", "Parent Relationship": "Outer", "Scan Direction": "Forward", "Index Name": "nation_pkey", "Relation Name": "nation", "Alias": "n2", "Startup Cost": 10000000000.0, "Total Cost": 1000000001275.0, "Plan Rows": 25, "Plan Width": 30, "Filter": "((n_name = 'INDIA'::bpchar) OR (n_name = 'JAPAN'::bpchar))"}, {"Node Type": "Materialize", "Parent Relationship": "Inner", "Startup Cost": 10000000000.0, "Total Cost": 1000000001275.12, "Plan Rows": 25, "Plan Width": 30, "Plans": [{"Node Type": "Index Scan", "Parent Relationship": "Outer", "Scan Direction": "Forward", "Index Name": "nation_pkey", "Relation Name": "nation", "Alias": "n1", "Startup Cost": 10000000000.0, "Total Cost": 1000000001275.0, "Plan Rows": 25, "Plan Width": 30, "Filter": "((n_name = 'JAPAN'::bpchar) OR (n_name = 'INDIA'::bpchar))"}]}]}, {"Node Type": "Materialize", "Parent Relationship": "Inner", "Startup Cost": 10000000000.0, "Total Cost": 1000000533954.38, "Plan Rows": 100000, "Plan Width": 12, "Plans": [{"Node Type": "Index Scan", "Parent Relationship": "Outer", "Scan Direction": "Forward", "Index Name": "supplier_pkey", "Relation Name": "supplier", "Alias": "supplier", "Startup Cost": 10000000000.0, "Total Cost": 1000000533454.38, "Plan Rows": 100000, "Plan Width": 12}]}]}, {"Node Type": "Materialize", "Parent Relationship": "Inner", "Startup Cost": 10000000000.0, "Total Cost": 1000354099515.95, "Plan Rows": 18124991, "Plan Width": 40, "Plans": [{"Node Type": "Index Scan", "Parent Relationship": "Outer", "Scan Direction": "Forward", "Index Name": "idx_lineitem_orderkey", "Relation Name": "lineitem", "Alias": "lineitem", "Startup Cost": 10000000000.0, "Total Cost": 1000354008891.0, "Plan Rows": 18124991, "Plan Width": 40, "Filter": "((l_shipdate >= '1995-01-01 00:00:00'::timestamp(0) without time zone) AND (l_shipdate <= '1996-12-31 00:00:00'::timestamp(0) without time zone)), (LLVM Optimized)"}]}]}, {"Node Type": "Materialize", "Parent Relationship": "Inner", "Startup Cost": 10000000000.0, "Total Cost": 1000073172840.9, "Plan Rows": 14999479, "Plan Width": 16, "Plans": [{"Node Type": "Index Scan", "Parent Relationship": "Outer", "Scan Direction": "Forward", "Index Name": "orders_pkey", "Relation Name": "orders", "Alias": "orders", "Startup Cost": 10000000000.0, "Total Cost": 1000073097843.5, "Plan Rows": 14999479, "Plan Width": 16}]}]}]}]}]}]}, "Unique SQL Id": 2208782157, "Planner Runtime": 2}, "explain_analyze_plan": null}, "(64, 60)": {"explain_plan": {"Plan": {"Node Type": "Sort", "Startup Cost": 854530.8, "Total Cost": 854540.02, "Plan Rows": 3688, "Plan Width": 84, "Sort Key": ["n1.n_name", "n2.n_name", "(date_part('year'::text, lineitem.l_shipdate))"], "Plans": [{"Node Type": "Aggregate", "Strategy": "Hashed", "Parent Relationship": "Outer", "Startup Cost": 854266.22, "Total Cost": 854312.32, "Plan Rows": 3688, "Plan Width": 84, "Group By Key": ["n1.n_name", "n2.n_name", "date_part('year'::text, lineitem.l_shipdate)"], "Plans": [{"Node Type": "Nested Loop", "Parent Relationship": "Outer", "Join Type": "Inner", "Startup Cost": 0.0, "Total Cost": 854210.9, "Plan Rows": 3688, "Plan Width": 76, "Inner Unique": true, "Join Filter": "(n1.n_nationkey = supplier.s_nationkey)", "Plans": [{"Node Type": "Nested Loop", "Parent Relationship": "Outer", "Join Type": "Inner", "Startup Cost": 0.0, "Total Cost": 644493.13, "Plan Rows": 740786, "Plan Width": 88, "Inner Unique": false, "Plans": [{"Node Type": "Nested Loop", "Parent Relationship": "Outer", "Join Type": "Inner", "Startup Cost": 0.0, "Total Cost": 167755.5, "Plan Rows": 504972, "Plan Width": 64, "Inner Unique": false, "Plans": [{"Node Type": "Nested Loop", "Parent Relationship": "Outer", "Join Type": "Inner", "Startup Cost": 0.0, "Total Cost": 16632.98, "Plan Rows": 119904, "Plan Width": 64, "Inner Unique": false, "Plans": [{"Node Type": "Nested Loop", "Parent Relationship": "Outer", "Join Type": "Inner", "Startup Cost": 0.0, "Total Cost": 28.12, "Plan Rows": 2, "Plan Width": 60, "Inner Unique": false, "Join Filter": "(((n1.n_name = 'JAPAN'::bpchar) AND (n2.n_name = 'INDIA'::bpchar)) OR ((n1.n_name = 'INDIA'::bpchar) AND (n2.n_name = 'JAPAN'::bpchar)))", "Plans": [{"Node Type": "Index Scan", "Parent Relationship": "Outer", "Scan Direction": "Forward", "Index Name": "nation_pkey", "Relation Name": "nation", "Alias": "n1", "Startup Cost": 0.0, "Total Cost": 12.75, "Plan Rows": 25, "Plan Width": 30, "Filter": "((n_name = 'JAPAN'::bpchar) OR (n_name = 'INDIA'::bpchar))"}, {"Node Type": "Materialize", "Parent Relationship": "Inner", "Startup Cost": 0.0, "Total Cost": 1.38, "Plan Rows": 25, "Plan Width": 30, "Plans": [{"Node Type": "Seq Scan", "Parent Relationship": "Outer", "Relation Name": "nation", "Alias": "n2", "Startup Cost": 0.0, "Total Cost": 1.25, "Plan Rows": 25, "Plan Width": 30, "Filter": "((n_name = 'INDIA'::bpchar) OR (n_name = 'JAPAN'::bpchar))"}]}]}, {"Node Type": "Index Scan", "Parent Relationship": "Inner", "Scan Direction": "Forward", "Index Name": "idx_customer_nationkey", "Relation Name": "customer", "Alias": "customer", "Startup Cost": 0.0, "Total Cost": 7702.43, "Plan Rows": 60000, "Plan Width": 12, "Index Cond": "(c_nationkey = n2.n_nationkey)"}]}, {"Node Type": "Index Scan", "Parent Relationship": "Inner", "Scan Direction": "Forward", "Index Name": "idx_orders_custkey", "Relation Name": "orders", "Alias": "orders", "Startup Cost": 0.0, "Total Cost": 1.22, "Plan Rows": 4, "Plan Width": 16, "Index Cond": "(o_custkey = customer.c_custkey)"}]}, {"Node Type": "Index Scan", "Parent Relationship": "Inner", "Scan Direction": "Forward", "Index Name": "idx_lineitem_orderkey", "Relation Name": "lineitem", "Alias": "lineitem", "Startup Cost": 0.0, "Total Cost": 0.91, "Plan Rows": 3, "Plan Width": 40, "Index Cond": "(l_orderkey = orders.o_orderkey)", "Filter": "((l_shipdate >= '1995-01-01 00:00:00'::timestamp(0) without time zone) AND (l_shipdate <= '1996-12-31 00:00:00'::timestamp(0) without time zone))"}]}, {"Node Type": "Index Scan", "Parent Relationship": "Inner", "Scan Direction": "Forward", "Index Name": "supplier_pkey", "Relation Name": "supplier", "Alias": "supplier", "Startup Cost": 0.0, "Total Cost": 0.27, "Plan Rows": 1, "Plan Width": 12, "Index Cond": "(s_suppkey = lineitem.l_suppkey)"}]}]}]}, "Unique SQL Id": 2208782157, "Planner Runtime": 2}, "explain_analyze_plan": {"Plan": {"Node Type": "Sort", "Startup Cost": 854530.8, "Total Cost": 854540.02, "Plan Rows": 3688, "Plan Width": 84, "Actual Startup Time": 28536.346, "Actual Total Time": 28536.346, "Actual Rows": 4, "Actual Loops": 1, "Sort Key": ["n1.n_name", "n2.n_name", "(date_part('year'::text, lineitem.l_shipdate))"], "Sort Method": "quicksort", "Sort Space Used": 25, "Sort Space Type": "Memory", "Plans": [{"Node Type": "Aggregate", "Strategy": "Hashed", "Parent Relationship": "Outer", "Startup Cost": 854266.22, "Total Cost": 854312.32, "Plan Rows": 3688, "Plan Width": 84, "Actual Startup Time": 28536.292, "Actual Total Time": 28536.298, "Actual Rows": 4, "Actual Loops": 1, "Group By Key": ["n1.n_name", "n2.n_name", "date_part('year'::text, lineitem.l_shipdate)"], "Plans": [{"Node Type": "Nested Loop", "Parent Relationship": "Outer", "Join Type": "Inner", "Startup Cost": 0.0, "Total Cost": 854210.9, "Plan Rows": 3688, "Plan Width": 76, "Actual Startup Time": 0.315, "Actual Total Time": 28427.343, "Actual Rows": 58554, "Actual Loops": 1, "Inner Unique": true, "Join Filter": "(n1.n_nationkey = supplier.s_nationkey)", "Rows Removed by Join Filter": 1400596, "Plans": [{"Node Type": "Nested Loop", "Parent Relationship": "Outer", "Join Type": "Inner", "Startup Cost": 0.0, "Total Cost": 644493.13, "Plan Rows": 740786, "Plan Width": 88, "Actual Startup Time": 0.183, "Actual Total Time": 20266.744, "Actual Rows": 1459150, "Actual Loops": 1, "Inner Unique": false, "Plans": [{"Node Type": "Nested Loop", "Parent Relationship": "Outer", "Join Type": "Inner", "Startup Cost": 0.0, "Total Cost": 167755.5, "Plan Rows": 504972, "Plan Width": 64, "Actual Startup Time": 0.128, "Actual Total Time": 4396.158, "Actual Rows": 1200363, "Actual Loops": 1, "Inner Unique": false, "Plans": [{"Node Type": "Nested Loop", "Parent Relationship": "Outer", "Join Type": "Inner", "Startup Cost": 0.0, "Total Cost": 16632.98, "Plan Rows": 119904, "Plan Width": 64, "Actual Startup Time": 0.11, "Actual Total Time": 241.733, "Actual Rows": 119972, "Actual Loops": 1, "Inner Unique": false, "Plans": [{"Node Type": "Nested Loop", "Parent Relationship": "Outer", "Join Type": "Inner", "Startup Cost": 0.0, "Total Cost": 28.12, "Plan Rows": 2, "Plan Width": 60, "Actual Startup Time": 0.067, "Actual Total Time": 0.323, "Actual Rows": 2, "Actual Loops": 1, "Inner Unique": false, "Join Filter": "(((n1.n_name = 'JAPAN'::bpchar) AND (n2.n_name = 'INDIA'::bpchar)) OR ((n1.n_name = 'INDIA'::bpchar) AND (n2.n_name = 'JAPAN'::bpchar)))", "Rows Removed by Join Filter": 2, "Plans": [{"Node Type": "Index Scan", "Parent Relationship": "Outer", "Scan Direction": "Forward", "Index Name": "nation_pkey", "Relation Name": "nation", "Alias": "n1", "Startup Cost": 0.0, "Total Cost": 12.75, "Plan Rows": 25, "Plan Width": 30, "Actual Startup Time": 0.031, "Actual Total Time": 0.072, "Actual Rows": 2, "Actual Loops": 1, "Filter": "((n_name = 'JAPAN'::bpchar) OR (n_name = 'INDIA'::bpchar))", "Rows Removed by Filter": 23}, {"Node Type": "Materialize", "Parent Relationship": "Inner", "Startup Cost": 0.0, "Total Cost": 1.38, "Plan Rows": 25, "Plan Width": 30, "Actual Startup Time": 0.028, "Actual Total Time": 0.131, "Actual Rows": 4, "Actual Loops": 2, "Plans": [{"Node Type": "Seq Scan", "Parent Relationship": "Outer", "Relation Name": "nation", "Alias": "n2", "Startup Cost": 0.0, "Total Cost": 1.25, "Plan Rows": 25, "Plan Width": 30, "Actual Startup Time": 0.023, "Actual Total Time": 0.119, "Actual Rows": 2, "Actual Loops": 1, "Filter": "((n_name = 'INDIA'::bpchar) OR (n_name = 'JAPAN'::bpchar))", "Rows Removed by Filter": 23}]}]}, {"Node Type": "Index Scan", "Parent Relationship": "Inner", "Scan Direction": "Forward", "Index Name": "idx_customer_nationkey", "Relation Name": "customer", "Alias": "customer", "Startup Cost": 0.0, "Total Cost": 7702.43, "Plan Rows": 60000, "Plan Width": 12, "Actual Startup Time": 0.07, "Actual Total Time": 206.83, "Actual Rows": 119972, "Actual Loops": 2, "Index Cond": "(c_nationkey = n2.n_nationkey)", "Rows Removed by Index Recheck": 0}]}, {"Node Type": "Index Scan", "Parent Relationship": "Inner", "Scan Direction": "Forward", "Index Name": "idx_orders_custkey", "Relation Name": "orders", "Alias": "orders", "Startup Cost": 0.0, "Total Cost": 1.22, "Plan Rows": 4, "Plan Width": 16, "Actual Startup Time": 814.537, "Actual Total Time": 3794.351, "Actual Rows": 1200363, "Actual Loops": 119972, "Index Cond": "(o_custkey = customer.c_custkey)", "Rows Removed by Index Recheck": 0}]}, {"Node Type": "Index Scan", "Parent Relationship": "Inner", "Scan Direction": "Forward", "Index Name": "idx_lineitem_orderkey", "Relation Name": "lineitem", "Alias": "lineitem", "Startup Cost": 0.0, "Total Cost": 0.91, "Plan Rows": 3, "Plan Width": 40, "Actual Startup Time": 13708.653, "Actual Total Time": 14899.392, "Actual Rows": 1459150, "Actual Loops": 1200363, "Index Cond": "(l_orderkey = orders.o_orderkey)", "Rows Removed by Index Recheck": 0, "Filter": "((l_shipdate >= '1995-01-01 00:00:00'::timestamp(0) without time zone) AND (l_shipdate <= '1996-12-31 00:00:00'::timestamp(0) without time zone))", "Rows Removed by Filter": 3342563}]}, {"Node Type": "Index Scan", "Parent Relationship": "Inner", "Scan Direction": "Forward", "Index Name": "supplier_pkey", "Relation Name": "supplier", "Alias": "supplier", "Startup Cost": 0.0, "Total Cost": 0.27, "Plan Rows": 1, "Plan Width": 12, "Actual Startup Time": 6487.978, "Actual Total Time": 6972.847, "Actual Rows": 1459150, "Actual Loops": 1459150, "Index Cond": "(s_suppkey = lineitem.l_suppkey)", "Rows Removed by Index Recheck": 0}]}]}]}, "Triggers": [], "Planner Runtime": 2, "Total Runtime": 28536.561, "Unique SQL Id": 2208782157}}, "(64, 61)": {"explain_plan": {"Plan": {"Node Type": "Sort", "Startup Cost": 854542.3, "Total Cost": 854551.52, "Plan Rows": 3688, "Plan Width": 84, "Sort Key": ["n1.n_name", "n2.n_name", "(date_part('year'::text, lineitem.l_shipdate))"], "Plans": [{"Node Type": "Aggregate", "Strategy": "Hashed", "Parent Relationship": "Outer", "Startup Cost": 854277.72, "Total Cost": 854323.82, "Plan Rows": 3688, "Plan Width": 84, "Group By Key": ["n1.n_name", "n2.n_name", "date_part('year'::text, lineitem.l_shipdate)"], "Plans": [{"Node Type": "Nested Loop", "Parent Relationship": "Outer", "Join Type": "Inner", "Startup Cost": 0.0, "Total Cost": 854222.4, "Plan Rows": 3688, "Plan Width": 76, "Inner Unique": true, "Join Filter": "(n1.n_nationkey = supplier.s_nationkey)", "Plans": [{"Node Type": "Nested Loop", "Parent Relationship": "Outer", "Join Type": "Inner", "Startup Cost": 0.0, "Total Cost": 644504.63, "Plan Rows": 740786, "Plan Width": 88, "Inner Unique": false, "Plans": [{"Node Type": "Nested Loop", "Parent Relationship": "Outer", "Join Type": "Inner", "Startup Cost": 0.0, "Total Cost": 167767.0, "Plan Rows": 504972, "Plan Width": 64, "Inner Unique": false, "Plans": [{"Node Type": "Nested Loop", "Parent Relationship": "Outer", "Join Type": "Inner", "Startup Cost": 0.0, "Total Cost": 16644.48, "Plan Rows": 119904, "Plan Width": 64, "Inner Unique": false, "Plans": [{"Node Type": "Nested Loop", "Parent Relationship": "Outer", "Join Type": "Inner", "Startup Cost": 0.0, "Total Cost": 39.62, "Plan Rows": 2, "Plan Width": 60, "Inner Unique": false, "Join Filter": "(((n1.n_name = 'JAPAN'::bpchar) AND (n2.n_name = 'INDIA'::bpchar)) OR ((n1.n_name = 'INDIA'::bpchar) AND (n2.n_name = 'JAPAN'::bpchar)))", "Plans": [{"Node Type": "Index Scan", "Parent Relationship": "Outer", "Scan Direction": "Forward", "Index Name": "nation_pkey", "Relation Name": "nation", "Alias": "n1", "Startup Cost": 0.0, "Total Cost": 12.75, "Plan Rows": 25, "Plan Width": 30, "Filter": "((n_name = 'JAPAN'::bpchar) OR (n_name = 'INDIA'::bpchar))"}, {"Node Type": "Materialize", "Parent Relationship": "Inner", "Startup Cost": 0.0, "Total Cost": 12.88, "Plan Rows": 25, "Plan Width": 30, "Plans": [{"Node Type": "Index Scan", "Parent Relationship": "Outer", "Scan Direction": "Forward", "Index Name": "nation_pkey", "Relation Name": "nation", "Alias": "n2", "Startup Cost": 0.0, "Total Cost": 12.75, "Plan Rows": 25, "Plan Width": 30, "Filter": "((n_name = 'INDIA'::bpchar) OR (n_name = 'JAPAN'::bpchar))"}]}]}, {"Node Type": "Index Scan", "Parent Relationship": "Inner", "Scan Direction": "Forward", "Index Name": "idx_customer_nationkey", "Relation Name": "customer", "Alias": "customer", "Startup Cost": 0.0, "Total Cost": 7702.43, "Plan Rows": 60000, "Plan Width": 12, "Index Cond": "(c_nationkey = n2.n_nationkey)"}]}, {"Node Type": "Index Scan", "Parent Relationship": "Inner", "Scan Direction": "Forward", "Index Name": "idx_orders_custkey", "Relation Name": "orders", "Alias": "orders", "Startup Cost": 0.0, "Total Cost": 1.22, "Plan Rows": 4, "Plan Width": 16, "Index Cond": "(o_custkey = customer.c_custkey)"}]}, {"Node Type": "Index Scan", "Parent Relationship": "Inner", "Scan Direction": "Forward", "Index Name": "idx_lineitem_orderkey", "Relation Name": "lineitem", "Alias": "lineitem", "Startup Cost": 0.0, "Total Cost": 0.91, "Plan Rows": 3, "Plan Width": 40, "Index Cond": "(l_orderkey = orders.o_orderkey)", "Filter": "((l_shipdate >= '1995-01-01 00:00:00'::timestamp(0) without time zone) AND (l_shipdate <= '1996-12-31 00:00:00'::timestamp(0) without time zone))"}]}, {"Node Type": "Index Scan", "Parent Relationship": "Inner", "Scan Direction": "Forward", "Index Name": "supplier_pkey", "Relation Name": "supplier", "Alias": "supplier", "Startup Cost": 0.0, "Total Cost": 0.27, "Plan Rows": 1, "Plan Width": 12, "Index Cond": "(s_suppkey = lineitem.l_suppkey)"}]}]}]}, "Unique SQL Id": 2208782157, "Planner Runtime": 1}, "explain_analyze_plan": {"Plan": {"Node Type": "Sort", "Startup Cost": 854542.3, "Total Cost": 854551.52, "Plan Rows": 3688, "Plan Width": 84, "Actual Startup Time": 28525.933, "Actual Total Time": 28525.934, "Actual Rows": 4, "Actual Loops": 1, "Sort Key": ["n1.n_name", "n2.n_name", "(date_part('year'::text, lineitem.l_shipdate))"], "Sort Method": "quicksort", "Sort Space Used": 25, "Sort Space Type": "Memory", "Plans": [{"Node Type": "Aggregate", "Strategy": "Hashed", "Parent Relationship": "Outer", "Startup Cost": 854277.72, "Total Cost": 854323.82, "Plan Rows": 3688, "Plan Width": 84, "Actual Startup Time": 28525.842, "Actual Total Time": 28525.847, "Actual Rows": 4, "Actual Loops": 1, "Group By Key": ["n1.n_name", "n2.n_name", "date_part('year'::text, lineitem.l_shipdate)"], "Plans": [{"Node Type": "Nested Loop", "Parent Relationship": "Outer", "Join Type": "Inner", "Startup Cost": 0.0, "Total Cost": 854222.4, "Plan Rows": 3688, "Plan Width": 76, "Actual Startup Time": 0.418, "Actual Total Time": 28416.54, "Actual Rows": 58554, "Actual Loops": 1, "Inner Unique": true, "Join Filter": "(n1.n_nationkey = supplier.s_nationkey)", "Rows Removed by Join Filter": 1400596, "Plans": [{"Node Type": "Nested Loop", "Parent Relationship": "Outer", "Join Type": "Inner", "Startup Cost": 0.0, "Total Cost": 644504.63, "Plan Rows": 740786, "Plan Width": 88, "Actual Startup Time": 0.21, "Actual Total Time": 20215.203, "Actual Rows": 1459150, "Actual Loops": 1, "Inner Unique": false, "Plans": [{"Node Type": "Nested Loop", "Parent Relationship": "Outer", "Join Type": "Inner", "Startup Cost": 0.0, "Total Cost": 167767.0, "Plan Rows": 504972, "Plan Width": 64, "Actual Startup Time": 0.125, "Actual Total Time": 4332.984, "Actual Rows": 1200363, "Actual Loops": 1, "Inner Unique": false, "Plans": [{"Node Type": "Nested Loop", "Parent Relationship": "Outer", "Join Type": "Inner", "Startup Cost": 0.0, "Total Cost": 16644.48, "Plan Rows": 119904, "Plan Width": 64, "Actual Startup Time": 0.102, "Actual Total Time": 237.618, "Actual Rows": 119972, "Actual Loops": 1, "Inner Unique": false, "Plans": [{"Node Type": "Nested Loop", "Parent Relationship": "Outer", "Join Type": "Inner", "Startup Cost": 0.0, "Total Cost": 39.62, "Plan Rows": 2, "Plan Width": 60, "Actual Startup Time": 0.061, "Actual Total Time": 0.252, "Actual Rows": 2, "Actual Loops": 1, "Inner Unique": false, "Join Filter": "(((n1.n_name = 'JAPAN'::bpchar) AND (n2.n_name = 'INDIA'::bpchar)) OR ((n1.n_name = 'INDIA'::bpchar) AND (n2.n_name = 'JAPAN'::bpchar)))", "Rows Removed by Join Filter": 2, "Plans": [{"Node Type": "Index Scan", "Parent Relationship": "Outer", "Scan Direction": "Forward", "Index Name": "nation_pkey", "Relation Name": "nation", "Alias": "n1", "Startup Cost": 0.0, "Total Cost": 12.75, "Plan Rows": 25, "Plan Width": 30, "Actual Startup Time": 0.032, "Actual Total Time": 0.075, "Actual Rows": 2, "Actual Loops": 1, "Filter": "((n_name = 'JAPAN'::bpchar) OR (n_name = 'INDIA'::bpchar))", "Rows Removed by Filter": 23}, {"Node Type": "Materialize", "Parent Relationship": "Inner", "Startup Cost": 0.0, "Total Cost": 12.88, "Plan Rows": 25, "Plan Width": 30, "Actual Startup Time": 0.021, "Actual Total Time": 0.127, "Actual Rows": 4, "Actual Loops": 2, "Plans": [{"Node Type": "Index Scan", "Parent Relationship": "Outer", "Scan Direction": "Forward", "Index Name": "nation_pkey", "Relation Name": "nation", "Alias": "n2", "Startup Cost": 0.0, "Total Cost": 12.75, "Plan Rows": 25, "Plan Width": 30, "Actual Startup Time": 0.011, "Actual Total Time": 0.029, "Actual Rows": 2, "Actual Loops": 1, "Filter": "((n_name = 'INDIA'::bpchar) OR (n_name = 'JAPAN'::bpchar))", "Rows Removed by Filter": 23}]}]}, {"Node Type": "Index Scan", "Parent Relationship": "Inner", "Scan Direction": "Forward", "Index Name": "idx_customer_nationkey", "Relation Name": "customer", "Alias": "customer", "Startup Cost": 0.0, "Total Cost": 7702.43, "Plan Rows": 60000, "Plan Width": 12, "Actual Startup Time": 0.058, "Actual Total Time": 202.881, "Actual Rows": 119972, "Actual Loops": 2, "Index Cond": "(c_nationkey = n2.n_nationkey)", "Rows Removed by Index Recheck": 0}]}, {"Node Type": "Index Scan", "Parent Relationship": "Inner", "Scan Direction": "Forward", "Index Name": "idx_orders_custkey", "Relation Name": "orders", "Alias": "orders", "Startup Cost": 0.0, "Total Cost": 1.22, "Plan Rows": 4, "Plan Width": 16, "Actual Startup Time": 800.201, "Actual Total Time": 3729.077, "Actual Rows": 1200363, "Actual Loops": 119972, "Index Cond": "(o_custkey = customer.c_custkey)", "Rows Removed by Index Recheck": 0}]}, {"Node Type": "Index Scan", "Parent Relationship": "Inner", "Scan Direction": "Forward", "Index Name": "idx_lineitem_orderkey", "Relation Name": "lineitem", "Alias": "lineitem", "Startup Cost": 0.0, "Total Cost": 0.91, "Plan Rows": 3, "Plan Width": 40, "Actual Startup Time": 13689.707, "Actual Total Time": 14892.613, "Actual Rows": 1459150, "Actual Loops": 1200363, "Index Cond": "(l_orderkey = orders.o_orderkey)", "Rows Removed by Index Recheck": 0, "Filter": "((l_shipdate >= '1995-01-01 00:00:00'::timestamp(0) without time zone) AND (l_shipdate <= '1996-12-31 00:00:00'::timestamp(0) without time zone))", "Rows Removed by Filter": 3342563}]}, {"Node Type": "Index Scan", "Parent Relationship": "Inner", "Scan Direction": "Forward", "Index Name": "supplier_pkey", "Relation Name": "supplier", "Alias": "supplier", "Startup Cost": 0.0, "Total Cost": 0.27, "Plan Rows": 1, "Plan Width": 12, "Actual Startup Time": 6503.818, "Actual Total Time": 6992.908, "Actual Rows": 1459150, "Actual Loops": 1459150, "Index Cond": "(s_suppkey = lineitem.l_suppkey)", "Rows Removed by Index Recheck": 0}]}]}]}, "Triggers": [], "Planner Runtime": 1, "Total Runtime": 28526.238, "Unique SQL Id": 2208782157}}, "(64, 62)": {"explain_plan": {"Plan": {"Node Type": "Sort", "Startup Cost": 25342456523.17, "Total Cost": 25342456532.39, "Plan Rows": 3688, "Plan Width": 84, "Sort Key": ["n1.n_name", "n2.n_name", "(date_part('year'::text, lineitem.l_shipdate))"], "Plans": [{"Node Type": "Aggregate", "Strategy": "Hashed", "Parent Relationship": "Outer", "Startup Cost": 25342456258.58, "Total Cost": 25342456304.68, "Plan Rows": 3688, "Plan Width": 84, "Group By Key": ["n1.n_name", "n2.n_name", "date_part('year'::text, lineitem.l_shipdate)"], "Plans": [{"Node Type": "Nested Loop", "Parent Relationship": "Outer", "Join Type": "Inner", "Startup Cost": 44.59, "Total Cost": 25342456203.26, "Plan Rows": 3688, "Plan Width": 76, "Inner Unique": false, "Join Filter": "((orders.o_custkey = customer.c_custkey) AND (n2.n_nationkey = customer.c_nationkey))", "Plans": [{"Node Type": "Seq Scan", "Parent Relationship": "Outer", "Relation Name": "customer", "Alias": "customer", "Startup Cost": 0.0, "Total Cost": 52126.0, "Plan Rows": 1500000, "Plan Width": 12}, {"Node Type": "Materialize", "Parent Relationship": "Inner", "Startup Cost": 44.59, "Total Cost": 22921970548.56, "Plan Rows": 92207, "Plan Width": 88, "Plans": [{"Node Type": "Nested Loop", "Parent Relationship": "Outer", "Join Type": "Inner", "Startup Cost": 44.59, "Total Cost": 22921970087.52, "Plan Rows": 92207, "Plan Width": 88, "Inner Unique": false, "Join Filter": "(lineitem.l_orderkey = orders.o_orderkey)", "Plans": [{"Node Type": "Seq Scan", "Parent Relationship": "Outer", "Relation Name": "orders", "Alias": "orders", "Startup Cost": 0.0, "Total Cost": 426413.79, "Plan Rows": 14999479, "Plan Width": 16}, {"Node Type": "Materialize", "Parent Relationship": "Inner", "Startup Cost": 44.59, "Total Cost": 2175689501.95, "Plan Rows": 92207, "Plan Width": 88, "Plans": [{"Node Type": "Nested Loop", "Parent Relationship": "Outer", "Join Type": "Inner", "Startup Cost": 44.59, "Total Cost": 2175689040.92, "Plan Rows": 92207, "Plan Width": 88, "Inner Unique": false, "Join Filter": "(supplier.s_suppkey = lineitem.l_suppkey)", "Plans": [{"Node Type": "Seq Scan", "Parent Relationship": "Outer", "Relation Name": "lineitem", "Alias": "lineitem", "Startup Cost": 44.59, "Total Cost": 2315050.5, "Plan Rows": 18124991, "Plan Width": 40, "Filter": "((l_shipdate >= '1995-01-01 00:00:00'::timestamp(0) without time zone) AND (l_shipdate <= '1996-12-31 00:00:00'::timestamp(0) without time zone)), (LLVM Optimized)"}, {"Node Type": "Materialize", "Parent Relationship": "Inner", "Startup Cost": 0.0, "Total Cost": 6339.6, "Plan Rows": 7994, "Plan Width": 64, "Plans": [{"Node Type": "Nested Loop", "Parent Relationship": "Outer", "Join Type": "Inner", "Startup Cost": 0.0, "Total Cost": 6299.63, "Plan Rows": 7994, "Plan Width": 64, "Inner Unique": false, "Join Filter": "(n1.n_nationkey = supplier.s_nationkey)", "Plans": [{"Node Type": "Seq Scan", "Parent Relationship": "Outer", "Relation Name": "supplier", "Alias": "supplier", "Startup Cost": 0.0, "Total Cost": 3283.0, "Plan Rows": 100000, "Plan Width": 12}, {"Node Type": "Materialize", "Parent Relationship": "Inner", "Startup Cost": 0.0, "Total Cost": 16.64, "Plan Rows": 2, "Plan Width": 60, "Plans": [{"Node Type": "Nested Loop", "Parent Relationship": "Outer", "Join Type": "Inner", "Startup Cost": 0.0, "Total Cost": 16.62, "Plan Rows": 2, "Plan Width": 60, "Inner Unique": false, "Join Filter": "(((n1.n_name = 'JAPAN'::bpchar) AND (n2.n_name = 'INDIA'::bpchar)) OR ((n1.n_name = 'INDIA'::bpchar) AND (n2.n_name = 'JAPAN'::bpchar)))", "Plans": [{"Node Type": "Seq Scan", "Parent Relationship": "Outer", "Relation Name": "nation", "Alias": "n1", "Startup Cost": 0.0, "Total Cost": 1.25, "Plan Rows": 25, "Plan Width": 30, "Filter": "((n_name = 'JAPAN'::bpchar) OR (n_name = 'INDIA'::bpchar))"}, {"Node Type": "Materialize", "Parent Relationship": "Inner", "Startup Cost": 0.0, "Total Cost": 1.38, "Plan Rows": 25, "Plan Width": 30, "Plans": [{"Node Type": "Seq Scan", "Parent Relationship": "Outer", "Relation Name": "nation", "Alias": "n2", "Startup Cost": 0.0, "Total Cost": 1.25, "Plan Rows": 25, "Plan Width": 30, "Filter": "((n_name = 'INDIA'::bpchar) OR (n_name = 'JAPAN'::bpchar))"}]}]}]}]}]}]}]}]}]}]}]}]}, "Unique SQL Id": 2208782157, "Planner Runtime": 2}, "explain_analyze_plan": null}, "(64, 63)": {"explain_plan": {"Plan": {"Node Type": "Sort", "Startup Cost": 6025775461732.55, "Total Cost": 6025775461741.77, "Plan Rows": 3688, "Plan Width": 84, "Sort Key": ["n1.n_name", "n2.n_name", "(date_part('year'::text, lineitem.l_shipdate))"], "Plans": [{"Node Type": "Aggregate", "Strategy": "Hashed", "Parent Relationship": "Outer", "Startup Cost": 6025775461467.96, "Total Cost": 6025775461514.06, "Plan Rows": 3688, "Plan Width": 84, "Group By Key": ["n1.n_name", "n2.n_name", "date_part('year'::text, lineitem.l_shipdate)"], "Plans": [{"Node Type": "Nested Loop", "Parent Relationship": "Outer", "Join Type": "Inner", "Startup Cost": 60000000000.0, "Total Cost": 6025775461412.64, "Plan Rows": 3688, "Plan Width": 76, "Inner Unique": false, "Join Filter": "((orders.o_custkey = customer.c_custkey) AND (n2.n_nationkey = customer.c_nationkey))", "Plans": [{"Node Type": "Index Scan", "Parent Relationship": "Outer", "Scan Direction": "Forward", "Index Name": "customer_pkey", "Relation Name": "customer", "Alias": "customer", "Startup Cost": 10000000000.0, "Total Cost": 1000008076535.62, "Plan Rows": 1500000, "Plan Width": 12}, {"Node Type": "Materialize", "Parent Relationship": "Inner", "Startup Cost": 50000000000.0, "Total Cost": 5023346951348.32, "Plan Rows": 92207, "Plan Width": 88, "Plans": [{"Node Type": "Nested Loop", "Parent Relationship": "Outer", "Join Type": "Inner", "Startup Cost": 50000000000.0, "Total Cost": 5023346950887.28, "Plan Rows": 92207, "Plan Width": 88, "Inner Unique": true, "Join Filter": "(lineitem.l_orderkey = orders.o_orderkey)", "Plans": [{"Node Type": "Nested Loop", "Parent Relationship": "Outer", "Join Type": "Inner", "Startup Cost": 40000000000.0, "Total Cost": 4002527961142.79, "Plan Rows": 92207, "Plan Width": 88, "Inner Unique": false, "Join Filter": "(supplier.s_suppkey = lineitem.l_suppkey)", "Plans": [{"Node Type": "Nested Loop", "Parent Relationship": "Outer", "Join Type": "Inner", "Startup Cost": 30000000000.0, "Total Cost": 3000000539268.5, "Plan Rows": 7994, "Plan Width": 64, "Inner Unique": false, "Join Filter": "(n1.n_nationkey = supplier.s_nationkey)", "Plans": [{"Node Type": "Nested Loop", "Parent Relationship": "Outer", "Join Type": "Inner", "Startup Cost": 20000000000.0, "Total Cost": 2000000002564.12, "Plan Rows": 2, "Plan Width": 60, "Inner Unique": false, "Join Filter": "(((n1.n_name = 'JAPAN'::bpchar) AND (n2.n_name = 'INDIA'::bpchar)) OR ((n1.n_name = 'INDIA'::bpchar) AND (n2.n_name = 'JAPAN'::bpchar)))", "Plans": [{"Node Type": "Index Scan", "Parent Relationship": "Outer", "Scan Direction": "Forward", "Index Name": "nation_pkey", "Relation Name": "nation", "Alias": "n2", "Startup Cost": 10000000000.0, "Total Cost": 1000000001275.0, "Plan Rows": 25, "Plan Width": 30, "Filter": "((n_name = 'INDIA'::bpchar) OR (n_name = 'JAPAN'::bpchar))"}, {"Node Type": "Materialize", "Parent Relationship": "Inner", "Startup Cost": 10000000000.0, "Total Cost": 1000000001275.12, "Plan Rows": 25, "Plan Width": 30, "Plans": [{"Node Type": "Index Scan", "Parent Relationship": "Outer", "Scan Direction": "Forward", "Index Name": "nation_pkey", "Relation Name": "nation", "Alias": "n1", "Startup Cost": 10000000000.0, "Total Cost": 1000000001275.0, "Plan Rows": 25, "Plan Width": 30, "Filter": "((n_name = 'JAPAN'::bpchar) OR (n_name = 'INDIA'::bpchar))"}]}]}, {"Node Type": "Materialize", "Parent Relationship": "Inner", "Startup Cost": 10000000000.0, "Total Cost": 1000000533954.38, "Plan Rows": 100000, "Plan Width": 12, "Plans": [{"Node Type": "Index Scan", "Parent Relationship": "Outer", "Scan Direction": "Forward", "Index Name": "supplier_pkey", "Relation Name": "supplier", "Alias": "supplier", "Startup Cost": 10000000000.0, "Total Cost": 1000000533454.38, "Plan Rows": 100000, "Plan Width": 12}]}]}, {"Node Type": "Materialize", "Parent Relationship": "Inner", "Startup Cost": 10000000000.0, "Total Cost": 1000354099515.95, "Plan Rows": 18124991, "Plan Width": 40, "Plans": [{"Node Type": "Index Scan", "Parent Relationship": "Outer", "Scan Direction": "Forward", "Index Name": "idx_lineitem_orderkey", "Relation Name": "lineitem", "Alias": "lineitem", "Startup Cost": 10000000000.0, "Total Cost": 1000354008891.0, "Plan Rows": 18124991, "Plan Width": 40, "Filter": "((l_shipdate >= '1995-01-01 00:00:00'::timestamp(0) without time zone) AND (l_shipdate <= '1996-12-31 00:00:00'::timestamp(0) without time zone)), (LLVM Optimized)"}]}]}, {"Node Type": "Materialize", "Parent Relationship": "Inner", "Startup Cost": 10000000000.0, "Total Cost": 1000073172840.9, "Plan Rows": 14999479, "Plan Width": 16, "Plans": [{"Node Type": "Index Scan", "Parent Relationship": "Outer", "Scan Direction": "Forward", "Index Name": "orders_pkey", "Relation Name": "orders", "Alias": "orders", "Startup Cost": 10000000000.0, "Total Cost": 1000073097843.5, "Plan Rows": 14999479, "Plan Width": 16}]}]}]}]}]}]}, "Unique SQL Id": 2208782157, "Planner Runtime": 1}, "explain_analyze_plan": null}, "(64, 64)": {"explain_plan": {"Plan": {"Node Type": "Sort", "Startup Cost": 653440.12, "Total Cost": 653449.34, "Plan Rows": 3688, "Plan Width": 84, "Sort Key": ["n1.n_name", "n2.n_name", "(date_part('year'::text, lineitem.l_shipdate))"], "Plans": [{"Node Type": "Aggregate", "Strategy": "Hashed", "Parent Relationship": "Outer", "Startup Cost": 653175.54, "Total Cost": 653221.64, "Plan Rows": 3688, "Plan Width": 84, "Group By Key": ["n1.n_name", "n2.n_name", "date_part('year'::text, lineitem.l_shipdate)"], "Plans": [{"Node Type": "Hash Join", "Parent Relationship": "Outer", "Join Type": "Inner", "Startup Cost": 5813.37, "Total Cost": 653120.22, "Plan Rows": 3688, "Plan Width": 76, "Inner Unique": true, "Hash Cond": "((lineitem.l_suppkey = supplier.s_suppkey) AND (n1.n_nationkey = supplier.s_nationkey))", "Plans": [{"Node Type": "Nested Loop", "Parent Relationship": "Outer", "Join Type": "Inner", "Startup Cost": 1030.37, "Total Cost": 642753.24, "Plan Rows": 740786, "Plan Width": 88, "Inner Unique": false, "Plans": [{"Node Type": "Nested Loop", "Parent Relationship": "Outer", "Join Type": "Inner", "Startup Cost": 1030.37, "Total Cost": 166015.61, "Plan Rows": 504972, "Plan Width": 64, "Inner Unique": false, "Plans": [{"Node Type": "Nested Loop", "Parent Relationship": "Outer", "Join Type": "Inner", "Startup Cost": 1030.37, "Total Cost": 14893.09, "Plan Rows": 119904, "Plan Width": 64, "Inner Unique": false, "Plans": [{"Node Type": "Nested Loop", "Parent Relationship": "Outer", "Join Type": "Inner", "Startup Cost": 0.0, "Total Cost": 28.12, "Plan Rows": 2, "Plan Width": 60, "Inner Unique": false, "Join Filter": "(((n1.n_name = 'JAPAN'::bpchar) AND (n2.n_name = 'INDIA'::bpchar)) OR ((n1.n_name = 'INDIA'::bpchar) AND (n2.n_name = 'JAPAN'::bpchar)))", "Plans": [{"Node Type": "Index Scan", "Parent Relationship": "Outer", "Scan Direction": "Forward", "Index Name": "nation_pkey", "Relation Name": "nation", "Alias": "n1", "Startup Cost": 0.0, "Total Cost": 12.75, "Plan Rows": 25, "Plan Width": 30, "Filter": "((n_name = 'JAPAN'::bpchar) OR (n_name = 'INDIA'::bpchar))"}, {"Node Type": "Materialize", "Parent Relationship": "Inner", "Startup Cost": 0.0, "Total Cost": 1.38, "Plan Rows": 25, "Plan Width": 30, "Plans": [{"Node Type": "Seq Scan", "Parent Relationship": "Outer", "Relation Name": "nation", "Alias": "n2", "Startup Cost": 0.0, "Total Cost": 1.25, "Plan Rows": 25, "Plan Width": 30, "Filter": "((n_name = 'INDIA'::bpchar) OR (n_name = 'JAPAN'::bpchar))"}]}]}, {"Node Type": "Bitmap Heap Scan", "Parent Relationship": "Inner", "Relation Name": "customer", "Alias": "customer", "Startup Cost": 1030.37, "Total Cost": 6832.48, "Plan Rows": 60000, "Plan Width": 12, "Recheck Cond": "(c_nationkey = n2.n_nationkey)", "Plans": [{"Node Type": "Bitmap Index Scan", "Parent Relationship": "Outer", "Index Name": "idx_customer_nationkey", "Startup Cost": 0.0, "Total Cost": 1015.37, "Plan Rows": 60000, "Plan Width": 0, "Index Cond": "(c_nationkey = n2.n_nationkey)"}]}]}, {"Node Type": "Index Scan", "Parent Relationship": "Inner", "Scan Direction": "Forward", "Index Name": "idx_orders_custkey", "Relation Name": "orders", "Alias": "orders", "Startup Cost": 0.0, "Total Cost": 1.22, "Plan Rows": 4, "Plan Width": 16, "Index Cond": "(o_custkey = customer.c_custkey)"}]}, {"Node Type": "Index Scan", "Parent Relationship": "Inner", "Scan Direction": "Forward", "Index Name": "idx_lineitem_orderkey", "Relation Name": "lineitem", "Alias": "lineitem", "Startup Cost": 0.0, "Total Cost": 0.91, "Plan Rows": 3, "Plan Width": 40, "Index Cond": "(l_orderkey = orders.o_orderkey)", "Filter": "((l_shipdate >= '1995-01-01 00:00:00'::timestamp(0) without time zone) AND (l_shipdate <= '1996-12-31 00:00:00'::timestamp(0) without time zone))"}]}, {"Node Type": "Hash", "Parent Relationship": "Inner", "Startup Cost": 3283.0, "Total Cost": 3283.0, "Plan Rows": 100000, "Plan Width": 12, "Plans": [{"Node Type": "Seq Scan", "Parent Relationship": "Outer", "Relation Name": "supplier", "Alias": "supplier", "Startup Cost": 0.0, "Total Cost": 3283.0, "Plan Rows": 100000, "Plan Width": 12}]}]}]}]}, "Unique SQL Id": 2208782157, "Planner Runtime": 5}, "explain_analyze_plan": {"Plan": {"Node Type": "Sort", "Startup Cost": 653440.12, "Total Cost": 653449.34, "Plan Rows": 3688, "Plan Width": 84, "Actual Startup Time": 19902.508, "Actual Total Time": 19902.509, "Actual Rows": 4, "Actual Loops": 1, "Sort Key": ["n1.n_name", "n2.n_name", "(date_part('year'::text, lineitem.l_shipdate))"], "Sort Method": "quicksort", "Sort Space Used": 25, "Sort Space Type": "Memory", "Plans": [{"Node Type": "Aggregate", "Strategy": "Hashed", "Parent Relationship": "Outer", "Startup Cost": 653175.54, "Total Cost": 653221.64, "Plan Rows": 3688, "Plan Width": 84, "Actual Startup Time": 19902.464, "Actual Total Time": 19902.469, "Actual Rows": 4, "Actual Loops": 1, "Group By Key": ["n1.n_name", "n2.n_name", "date_part('year'::text, lineitem.l_shipdate)"], "Plans": [{"Node Type": "Hash Join", "Parent Relationship": "Outer", "Join Type": "Inner", "Startup Cost": 5813.37, "Total Cost": 653120.22, "Plan Rows": 3688, "Plan Width": 76, "Actual Startup Time": 89.509, "Actual Total Time": 19798.021, "Actual Rows": 58554, "Actual Loops": 1, "Inner Unique": true, "Hash Cond": "((lineitem.l_suppkey = supplier.s_suppkey) AND (n1.n_nationkey = supplier.s_nationkey))", "Plans": [{"Node Type": "Nested Loop", "Parent Relationship": "Outer", "Join Type": "Inner", "Startup Cost": 1030.37, "Total Cost": 642753.24, "Plan Rows": 740786, "Plan Width": 88, "Actual Startup Time": 18.132, "Actual Total Time": 18971.637, "Actual Rows": 1459150, "Actual Loops": 1, "Inner Unique": false, "Plans": [{"Node Type": "Nested Loop", "Parent Relationship": "Outer", "Join Type": "Inner", "Startup Cost": 1030.37, "Total Cost": 166015.61, "Plan Rows": 504972, "Plan Width": 64, "Actual Startup Time": 18.049, "Actual Total Time": 3932.099, "Actual Rows": 1200363, "Actual Loops": 1, "Inner Unique": false, "Plans": [{"Node Type": "Nested Loop", "Parent Relationship": "Outer", "Join Type": "Inner", "Startup Cost": 1030.37, "Total Cost": 14893.09, "Plan Rows": 119904, "Plan Width": 64, "Actual Startup Time": 18.018, "Actual Total Time": 279.492, "Actual Rows": 119972, "Actual Loops": 1, "Inner Unique": false, "Plans": [{"Node Type": "Nested Loop", "Parent Relationship": "Outer", "Join Type": "Inner", "Startup Cost": 0.0, "Total Cost": 28.12, "Plan Rows": 2, "Plan Width": 60, "Actual Startup Time": 0.056, "Actual Total Time": 0.32, "Actual Rows": 2, "Actual Loops": 1, "Inner Unique": false, "Join Filter": "(((n1.n_name = 'JAPAN'::bpchar) AND (n2.n_name = 'INDIA'::bpchar)) OR ((n1.n_name = 'INDIA'::bpchar) AND (n2.n_name = 'JAPAN'::bpchar)))", "Rows Removed by Join Filter": 2, "Plans": [{"Node Type": "Index Scan", "Parent Relationship": "Outer", "Scan Direction": "Forward", "Index Name": "nation_pkey", "Relation Name": "nation", "Alias": "n1", "Startup Cost": 0.0, "Total Cost": 12.75, "Plan Rows": 25, "Plan Width": 30, "Actual Startup Time": 0.023, "Actual Total Time": 0.058, "Actual Rows": 2, "Actual Loops": 1, "Filter": "((n_name = 'JAPAN'::bpchar) OR (n_name = 'INDIA'::bpchar))", "Rows Removed by Filter": 23}, {"Node Type": "Materialize", "Parent Relationship": "Inner", "Startup Cost": 0.0, "Total Cost": 1.38, "Plan Rows": 25, "Plan Width": 30, "Actual Startup Time": 0.025, "Actual Total Time": 0.206, "Actual Rows": 4, "Actual Loops": 2, "Plans": [{"Node Type": "Seq Scan", "Parent Relationship": "Outer", "Relation Name": "nation", "Alias": "n2", "Startup Cost": 0.0, "Total Cost": 1.25, "Plan Rows": 25, "Plan Width": 30, "Actual Startup Time": 0.016, "Actual Total Time": 0.032, "Actual Rows": 2, "Actual Loops": 1, "Filter": "((n_name = 'INDIA'::bpchar) OR (n_name = 'JAPAN'::bpchar))", "Rows Removed by Filter": 23}]}]}, {"Node Type": "Bitmap Heap Scan", "Parent Relationship": "Inner", "Relation Name": "customer", "Alias": "customer", "Startup Cost": 1030.37, "Total Cost": 6832.48, "Plan Rows": 60000, "Plan Width": 12, "Actual Startup Time": 36.173, "Actual Total Time": 249.567, "Actual Rows": 119972, "Actual Loops": 2, "Recheck Cond": "(c_nationkey = n2.n_nationkey)", "Rows Removed by Index Recheck": 0, "Exact Heap Blocks": 59938, "Lossy Heap Blocks": 59938, "Plans": [{"Node Type": "Bitmap Index Scan", "Parent Relationship": "Outer", "Index Name": "idx_customer_nationkey", "Startup Cost": 0.0, "Total Cost": 1015.37, "Plan Rows": 60000, "Plan Width": 0, "Actual Startup Time": 22.983, "Actual Total Time": 22.983, "Actual Rows": 119972, "Actual Loops": 2, "Index Cond": "(c_nationkey = n2.n_nationkey)"}]}]}, {"Node Type": "Index Scan", "Parent Relationship": "Inner", "Scan Direction": "Forward", "Index Name": "idx_orders_custkey", "Relation Name": "orders", "Alias": "orders", "Startup Cost": 0.0, "Total Cost": 1.22, "Plan Rows": 4, "Plan Width": 16, "Actual Startup Time": 724.391, "Actual Total Time": 3299.643, "Actual Rows": 1200363, "Actual Loops": 119972, "Index Cond": "(o_custkey = customer.c_custkey)", "Rows Removed by Index Recheck": 0}]}, {"Node Type": "Index Scan", "Parent Relationship": "Inner", "Scan Direction": "Forward", "Index Name": "idx_lineitem_orderkey", "Relation Name": "lineitem", "Alias": "lineitem", "Startup Cost": 0.0, "Total Cost": 0.91, "Plan Rows": 3, "Plan Width": 40, "Actual Startup Time": 12888.705, "Actual Total Time": 14075.474, "Actual Rows": 1459150, "Actual Loops": 1200363, "Index Cond": "(l_orderkey = orders.o_orderkey)", "Rows Removed by Index Recheck": 0, "Filter": "((l_shipdate >= '1995-01-01 00:00:00'::timestamp(0) without time zone) AND (l_shipdate <= '1996-12-31 00:00:00'::timestamp(0) without time zone))", "Rows Removed by Filter": 3342563}]}, {"Node Type": "Hash", "Parent Relationship": "Inner", "Startup Cost": 3283.0, "Total Cost": 3283.0, "Plan Rows": 100000, "Plan Width": 12, "Actual Startup Time": 71.106, "Actual Total Time": 71.106, "Actual Rows": 100000, "Actual Loops": 1, "Hash Buckets": 131072, "Hash Batches": 1, "Original Hash Batches": 1, "Peak Memory Usage": 4297, "Plans": [{"Node Type": "Seq Scan", "Parent Relationship": "Outer", "Relation Name": "supplier", "Alias": "supplier", "Startup Cost": 0.0, "Total Cost": 3283.0, "Plan Rows": 100000, "Plan Width": 12, "Actual Startup Time": 0.014, "Actual Total Time": 40.736, "Actual Rows": 100000, "Actual Loops": 1}]}]}]}]}, "Triggers": [], "Planner Runtime": 3, "Total Runtime": 19902.814, "Unique SQL Id": 2208782157}}, "(64, 65)": {"explain_plan": {"Plan": {"Node Type": "Sort", "Startup Cost": 655503.17, "Total Cost": 655512.39, "Plan Rows": 3688, "Plan Width": 84, "Sort Key": ["n1.n_name", "n2.n_name", "(date_part('year'::text, lineitem.l_shipdate))"], "Plans": [{"Node Type": "Aggregate", "Strategy": "Hashed", "Parent Relationship": "Outer", "Startup Cost": 655238.58, "Total Cost": 655284.68, "Plan Rows": 3688, "Plan Width": 84, "Group By Key": ["n1.n_name", "n2.n_name", "date_part('year'::text, lineitem.l_shipdate)"], "Plans": [{"Node Type": "Hash Join", "Parent Relationship": "Outer", "Join Type": "Inner", "Startup Cost": 7864.91, "Total Cost": 655183.26, "Plan Rows": 3688, "Plan Width": 76, "Inner Unique": true, "Hash Cond": "((lineitem.l_suppkey = supplier.s_suppkey) AND (n1.n_nationkey = supplier.s_nationkey))", "Plans": [{"Node Type": "Nested Loop", "Parent Relationship": "Outer", "Join Type": "Inner", "Startup Cost": 1030.37, "Total Cost": 642764.74, "Plan Rows": 740786, "Plan Width": 88, "Inner Unique": false, "Plans": [{"Node Type": "Nested Loop", "Parent Relationship": "Outer", "Join Type": "Inner", "Startup Cost": 1030.37, "Total Cost": 166027.11, "Plan Rows": 504972, "Plan Width": 64, "Inner Unique": false, "Plans": [{"Node Type": "Nested Loop", "Parent Relationship": "Outer", "Join Type": "Inner", "Startup Cost": 1030.37, "Total Cost": 14904.59, "Plan Rows": 119904, "Plan Width": 64, "Inner Unique": false, "Plans": [{"Node Type": "Nested Loop", "Parent Relationship": "Outer", "Join Type": "Inner", "Startup Cost": 0.0, "Total Cost": 39.62, "Plan Rows": 2, "Plan Width": 60, "Inner Unique": false, "Join Filter": "(((n1.n_name = 'JAPAN'::bpchar) AND (n2.n_name = 'INDIA'::bpchar)) OR ((n1.n_name = 'INDIA'::bpchar) AND (n2.n_name = 'JAPAN'::bpchar)))", "Plans": [{"Node Type": "Index Scan", "Parent Relationship": "Outer", "Scan Direction": "Forward", "Index Name": "nation_pkey", "Relation Name": "nation", "Alias": "n1", "Startup Cost": 0.0, "Total Cost": 12.75, "Plan Rows": 25, "Plan Width": 30, "Filter": "((n_name = 'JAPAN'::bpchar) OR (n_name = 'INDIA'::bpchar))"}, {"Node Type": "Materialize", "Parent Relationship": "Inner", "Startup Cost": 0.0, "Total Cost": 12.88, "Plan Rows": 25, "Plan Width": 30, "Plans": [{"Node Type": "Index Scan", "Parent Relationship": "Outer", "Scan Direction": "Forward", "Index Name": "nation_pkey", "Relation Name": "nation", "Alias": "n2", "Startup Cost": 0.0, "Total Cost": 12.75, "Plan Rows": 25, "Plan Width": 30, "Filter": "((n_name = 'INDIA'::bpchar) OR (n_name = 'JAPAN'::bpchar))"}]}]}, {"Node Type": "Bitmap Heap Scan", "Parent Relationship": "Inner", "Relation Name": "customer", "Alias": "customer", "Startup Cost": 1030.37, "Total Cost": 6832.48, "Plan Rows": 60000, "Plan Width": 12, "Recheck Cond": "(c_nationkey = n2.n_nationkey)", "Plans": [{"Node Type": "Bitmap Index Scan", "Parent Relationship": "Outer", "Index Name": "idx_customer_nationkey", "Startup Cost": 0.0, "Total Cost": 1015.37, "Plan Rows": 60000, "Plan Width": 0, "Index Cond": "(c_nationkey = n2.n_nationkey)"}]}]}, {"Node Type": "Index Scan", "Parent Relationship": "Inner", "Scan Direction": "Forward", "Index Name": "idx_orders_custkey", "Relation Name": "orders", "Alias": "orders", "Startup Cost": 0.0, "Total Cost": 1.22, "Plan Rows": 4, "Plan Width": 16, "Index Cond": "(o_custkey = customer.c_custkey)"}]}, {"Node Type": "Index Scan", "Parent Relationship": "Inner", "Scan Direction": "Forward", "Index Name": "idx_lineitem_orderkey", "Relation Name": "lineitem", "Alias": "lineitem", "Startup Cost": 0.0, "Total Cost": 0.91, "Plan Rows": 3, "Plan Width": 40, "Index Cond": "(l_orderkey = orders.o_orderkey)", "Filter": "((l_shipdate >= '1995-01-01 00:00:00'::timestamp(0) without time zone) AND (l_shipdate <= '1996-12-31 00:00:00'::timestamp(0) without time zone))"}]}, {"Node Type": "Hash", "Parent Relationship": "Inner", "Startup Cost": 5334.54, "Total Cost": 5334.54, "Plan Rows": 100000, "Plan Width": 12, "Plans": [{"Node Type": "Index Scan", "Parent Relationship": "Outer", "Scan Direction": "Forward", "Index Name": "supplier_pkey", "Relation Name": "supplier", "Alias": "supplier", "Startup Cost": 0.0, "Total Cost": 5334.54, "Plan Rows": 100000, "Plan Width": 12}]}]}]}]}, "Unique SQL Id": 2208782157, "Planner Runtime": 5}, "explain_analyze_plan": {"Plan": {"Node Type": "Sort", "Startup Cost": 655503.17, "Total Cost": 655512.39, "Plan Rows": 3688, "Plan Width": 84, "Actual Startup Time": 20265.933, "Actual Total Time": 20265.933, "Actual Rows": 4, "Actual Loops": 1, "Sort Key": ["n1.n_name", "n2.n_name", "(date_part('year'::text, lineitem.l_shipdate))"], "Sort Method": "quicksort", "Sort Space Used": 25, "Sort Space Type": "Memory", "Plans": [{"Node Type": "Aggregate", "Strategy": "Hashed", "Parent Relationship": "Outer", "Startup Cost": 655238.58, "Total Cost": 655284.68, "Plan Rows": 3688, "Plan Width": 84, "Actual Startup Time": 20265.889, "Actual Total Time": 20265.895, "Actual Rows": 4, "Actual Loops": 1, "Group By Key": ["n1.n_name", "n2.n_name", "date_part('year'::text, lineitem.l_shipdate)"], "Plans": [{"Node Type": "Hash Join", "Parent Relationship": "Outer", "Join Type": "Inner", "Startup Cost": 7864.91, "Total Cost": 655183.26, "Plan Rows": 3688, "Plan Width": 76, "Actual Startup Time": 130.678, "Actual Total Time": 20164.418, "Actual Rows": 58554, "Actual Loops": 1, "Inner Unique": true, "Hash Cond": "((lineitem.l_suppkey = supplier.s_suppkey) AND (n1.n_nationkey = supplier.s_nationkey))", "Plans": [{"Node Type": "Nested Loop", "Parent Relationship": "Outer", "Join Type": "Inner", "Startup Cost": 1030.37, "Total Cost": 642764.74, "Plan Rows": 740786, "Plan Width": 88, "Actual Startup Time": 18.121, "Actual Total Time": 19351.546, "Actual Rows": 1459150, "Actual Loops": 1, "Inner Unique": false, "Plans": [{"Node Type": "Nested Loop", "Parent Relationship": "Outer", "Join Type": "Inner", "Startup Cost": 1030.37, "Total Cost": 166027.11, "Plan Rows": 504972, "Plan Width": 64, "Actual Startup Time": 18.033, "Actual Total Time": 4154.387, "Actual Rows": 1200363, "Actual Loops": 1, "Inner Unique": false, "Plans": [{"Node Type": "Nested Loop", "Parent Relationship": "Outer", "Join Type": "Inner", "Startup Cost": 1030.37, "Total Cost": 14904.59, "Plan Rows": 119904, "Plan Width": 64, "Actual Startup Time": 18.001, "Actual Total Time": 287.281, "Actual Rows": 119972, "Actual Loops": 1, "Inner Unique": false, "Plans": [{"Node Type": "Nested Loop", "Parent Relationship": "Outer", "Join Type": "Inner", "Startup Cost": 0.0, "Total Cost": 39.62, "Plan Rows": 2, "Plan Width": 60, "Actual Startup Time": 0.051, "Actual Total Time": 0.158, "Actual Rows": 2, "Actual Loops": 1, "Inner Unique": false, "Join Filter": "(((n1.n_name = 'JAPAN'::bpchar) AND (n2.n_name = 'INDIA'::bpchar)) OR ((n1.n_name = 'INDIA'::bpchar) AND (n2.n_name = 'JAPAN'::bpchar)))", "Rows Removed by Join Filter": 2, "Plans": [{"Node Type": "Index Scan", "Parent Relationship": "Outer", "Scan Direction": "Forward", "Index Name": "nation_pkey", "Relation Name": "nation", "Alias": "n1", "Startup Cost": 0.0, "Total Cost": 12.75, "Plan Rows": 25, "Plan Width": 30, "Actual Startup Time": 0.023, "Actual Total Time": 0.045, "Actual Rows": 2, "Actual Loops": 1, "Filter": "((n_name = 'JAPAN'::bpchar) OR (n_name = 'INDIA'::bpchar))", "Rows Removed by Filter": 23}, {"Node Type": "Materialize", "Parent Relationship": "Inner", "Startup Cost": 0.0, "Total Cost": 12.88, "Plan Rows": 25, "Plan Width": 30, "Actual Startup Time": 0.019, "Actual Total Time": 0.056, "Actual Rows": 4, "Actual Loops": 2, "Plans": [{"Node Type": "Index Scan", "Parent Relationship": "Outer", "Scan Direction": "Forward", "Index Name": "nation_pkey", "Relation Name": "nation", "Alias": "n2", "Startup Cost": 0.0, "Total Cost": 12.75, "Plan Rows": 25, "Plan Width": 30, "Actual Startup Time": 0.01, "Actual Total Time": 0.036, "Actual Rows": 2, "Actual Loops": 1, "Filter": "((n_name = 'INDIA'::bpchar) OR (n_name = 'JAPAN'::bpchar))", "Rows Removed by Filter": 23}]}]}, {"Node Type": "Bitmap Heap Scan", "Parent Relationship": "Inner", "Relation Name": "customer", "Alias": "customer", "Startup Cost": 1030.37, "Total Cost": 6832.48, "Plan Rows": 60000, "Plan Width": 12, "Actual Startup Time": 35.918, "Actual Total Time": 258.886, "Actual Rows": 119972, "Actual Loops": 2, "Recheck Cond": "(c_nationkey = n2.n_nationkey)", "Rows Removed by Index Recheck": 0, "Exact Heap Blocks": 59938, "Lossy Heap Blocks": 59938, "Plans": [{"Node Type": "Bitmap Index Scan", "Parent Relationship": "Outer", "Index Name": "idx_customer_nationkey", "Startup Cost": 0.0, "Total Cost": 1015.37, "Plan Rows": 60000, "Plan Width": 0, "Actual Startup Time": 22.743, "Actual Total Time": 22.743, "Actual Rows": 119972, "Actual Loops": 2, "Index Cond": "(c_nationkey = n2.n_nationkey)"}]}]}, {"Node Type": "Index Scan", "Parent Relationship": "Inner", "Scan Direction": "Forward", "Index Name": "idx_orders_custkey", "Relation Name": "orders", "Alias": "orders", "Startup Cost": 0.0, "Total Cost": 1.22, "Plan Rows": 4, "Plan Width": 16, "Actual Startup Time": 757.084, "Actual Total Time": 3520.551, "Actual Rows": 1200363, "Actual Loops": 119972, "Index Cond": "(o_custkey = customer.c_custkey)", "Rows Removed by Index Recheck": 0}]}, {"Node Type": "Index Scan", "Parent Relationship": "Inner", "Scan Direction": "Forward", "Index Name": "idx_lineitem_orderkey", "Relation Name": "lineitem", "Alias": "lineitem", "Startup Cost": 0.0, "Total Cost": 0.91, "Plan Rows": 3, "Plan Width": 40, "Actual Startup Time": 13074.494, "Actual Total Time": 14226.286, "Actual Rows": 1459150, "Actual Loops": 1200363, "Index Cond": "(l_orderkey = orders.o_orderkey)", "Rows Removed by Index Recheck": 0, "Filter": "((l_shipdate >= '1995-01-01 00:00:00'::timestamp(0) without time zone) AND (l_shipdate <= '1996-12-31 00:00:00'::timestamp(0) without time zone))", "Rows Removed by Filter": 3342563}]}, {"Node Type": "Hash", "Parent Relationship": "Inner", "Startup Cost": 5334.54, "Total Cost": 5334.54, "Plan Rows": 100000, "Plan Width": 12, "Actual Startup Time": 112.295, "Actual Total Time": 112.295, "Actual Rows": 100000, "Actual Loops": 1, "Hash Buckets": 131072, "Hash Batches": 1, "Original Hash Batches": 1, "Peak Memory Usage": 4297, "Plans": [{"Node Type": "Index Scan", "Parent Relationship": "Outer", "Scan Direction": "Forward", "Index Name": "supplier_pkey", "Relation Name": "supplier", "Alias": "supplier", "Startup Cost": 0.0, "Total Cost": 5334.54, "Plan Rows": 100000, "Plan Width": 12, "Actual Startup Time": 0.021, "Actual Total Time": 79.988, "Actual Rows": 100000, "Actual Loops": 1}]}]}]}]}, "Triggers": [], "Planner Runtime": 3, "Total Runtime": 20266.249, "Unique SQL Id": 2208782157}}, "(64, 66)": {"explain_plan": {"Plan": {"Node Type": "Sort", "Startup Cost": 2821200.81, "Total Cost": 2821210.03, "Plan Rows": 3688, "Plan Width": 84, "Sort Key": ["n1.n_name", "n2.n_name", "(date_part('year'::text, lineitem.l_shipdate))"], "Plans": [{"Node Type": "Aggregate", "Strategy": "Hashed", "Parent Relationship": "Outer", "Startup Cost": 2820936.22, "Total Cost": 2820982.32, "Plan Rows": 3688, "Plan Width": 84, "Group By Key": ["n1.n_name", "n2.n_name", "date_part('year'::text, lineitem.l_shipdate)"], "Plans": [{"Node Type": "Hash Join", "Parent Relationship": "Outer", "Join Type": "Inner", "Startup Cost": 21163.77, "Total Cost": 2820880.9, "Plan Rows": 3688, "Plan Width": 76, "Inner Unique": true, "Hash Cond": "((lineitem.l_suppkey = supplier.s_suppkey) AND (n1.n_nationkey = supplier.s_nationkey))", "Plans": [{"Node Type": "Nested Loop", "Parent Relationship": "Outer", "Join Type": "Inner", "Startup Cost": 16380.77, "Total Cost": 2810513.92, "Plan Rows": 740786, "Plan Width": 88, "Inner Unique": false, "Plans": [{"Node Type": "Hash Join", "Parent Relationship": "Outer", "Join Type": "Inner", "Startup Cost": 16380.39, "Total Cost": 504091.94, "Plan Rows": 504972, "Plan Width": 64, "Inner Unique": false, "Hash Cond": "(orders.o_custkey = customer.c_custkey), (LLVM Optimized)", "Plans": [{"Node Type": "Seq Scan", "Parent Relationship": "Outer", "Relation Name": "orders", "Alias": "orders", "Startup Cost": 0.0, "Total Cost": 426413.79, "Plan Rows": 14999479, "Plan Width": 16}, {"Node Type": "Hash", "Parent Relationship": "Inner", "Startup Cost": 14881.59, "Total Cost": 14881.59, "Plan Rows": 119904, "Plan Width": 64, "Plans": [{"Node Type": "Nested Loop", "Parent Relationship": "Outer", "Join Type": "Inner", "Startup Cost": 1030.37, "Total Cost": 14881.59, "Plan Rows": 119904, "Plan Width": 64, "Inner Unique": false, "Plans": [{"Node Type": "Nested Loop", "Parent Relationship": "Outer", "Join Type": "Inner", "Startup Cost": 0.0, "Total Cost": 16.62, "Plan Rows": 2, "Plan Width": 60, "Inner Unique": false, "Join Filter": "(((n1.n_name = 'JAPAN'::bpchar) AND (n2.n_name = 'INDIA'::bpchar)) OR ((n1.n_name = 'INDIA'::bpchar) AND (n2.n_name = 'JAPAN'::bpchar)))", "Plans": [{"Node Type": "Seq Scan", "Parent Relationship": "Outer", "Relation Name": "nation", "Alias": "n1", "Startup Cost": 0.0, "Total Cost": 1.25, "Plan Rows": 25, "Plan Width": 30, "Filter": "((n_name = 'JAPAN'::bpchar) OR (n_name = 'INDIA'::bpchar))"}, {"Node Type": "Materialize", "Parent Relationship": "Inner", "Startup Cost": 0.0, "Total Cost": 1.38, "Plan Rows": 25, "Plan Width": 30, "Plans": [{"Node Type": "Seq Scan", "Parent Relationship": "Outer", "Relation Name": "nation", "Alias": "n2", "Startup Cost": 0.0, "Total Cost": 1.25, "Plan Rows": 25, "Plan Width": 30, "Filter": "((n_name = 'INDIA'::bpchar) OR (n_name = 'JAPAN'::bpchar))"}]}]}, {"Node Type": "Bitmap Heap Scan", "Parent Relationship": "Inner", "Relation Name": "customer", "Alias": "customer", "Startup Cost": 1030.37, "Total Cost": 6832.48, "Plan Rows": 60000, "Plan Width": 12, "Recheck Cond": "(c_nationkey = n2.n_nationkey)", "Plans": [{"Node Type": "Bitmap Index Scan", "Parent Relationship": "Outer", "Index Name": "idx_customer_nationkey", "Startup Cost": 0.0, "Total Cost": 1015.37, "Plan Rows": 60000, "Plan Width": 0, "Index Cond": "(c_nationkey = n2.n_nationkey)"}]}]}]}]}, {"Node Type": "Bitmap Heap Scan", "Parent Relationship": "Inner", "Relation Name": "lineitem", "Alias": "lineitem", "Startup Cost": 0.38, "Total Cost": 4.54, "Plan Rows": 3, "Plan Width": 40, "Recheck Cond": "(l_orderkey = orders.o_orderkey)", "Filter": "((l_shipdate >= '1995-01-01 00:00:00'::timestamp(0) without time zone) AND (l_shipdate <= '1996-12-31 00:00:00'::timestamp(0) without time zone))", "Plans": [{"Node Type": "Bitmap Index Scan", "Parent Relationship": "Outer", "Index Name": "idx_lineitem_orderkey", "Startup Cost": 0.0, "Total Cost": 0.38, "Plan Rows": 9, "Plan Width": 0, "Index Cond": "(l_orderkey = orders.o_orderkey)"}]}]}, {"Node Type": "Hash", "Parent Relationship": "Inner", "Startup Cost": 3283.0, "Total Cost": 3283.0, "Plan Rows": 100000, "Plan Width": 12, "Plans": [{"Node Type": "Seq Scan", "Parent Relationship": "Outer", "Relation Name": "supplier", "Alias": "supplier", "Startup Cost": 0.0, "Total Cost": 3283.0, "Plan Rows": 100000, "Plan Width": 12}]}]}]}]}, "Unique SQL Id": 2208782157, "Planner Runtime": 5}, "explain_analyze_plan": {"Plan": {"Node Type": "Sort", "Startup Cost": 2821200.81, "Total Cost": 2821210.03, "Plan Rows": 3688, "Plan Width": 84, "Actual Startup Time": 23175.664, "Actual Total Time": 23175.664, "Actual Rows": 4, "Actual Loops": 1, "Sort Key": ["n1.n_name", "n2.n_name", "(date_part('year'::text, lineitem.l_shipdate))"], "Sort Method": "quicksort", "Sort Space Used": 25, "Sort Space Type": "Memory", "Plans": [{"Node Type": "Aggregate", "Strategy": "Hashed", "Parent Relationship": "Outer", "Startup Cost": 2820936.22, "Total Cost": 2820982.32, "Plan Rows": 3688, "Plan Width": 84, "Actual Startup Time": 23175.566, "Actual Total Time": 23175.57, "Actual Rows": 4, "Actual Loops": 1, "Group By Key": ["n1.n_name", "n2.n_name", "date_part('year'::text, lineitem.l_shipdate)"], "Plans": [{"Node Type": "Hash Join", "Parent Relationship": "Outer", "Join Type": "Inner", "Startup Cost": 21163.77, "Total Cost": 2820880.9, "Plan Rows": 3688, "Plan Width": 76, "Actual Startup Time": 395.766, "Actual Total Time": 23069.164, "Actual Rows": 58554, "Actual Loops": 1, "Inner Unique": true, "Hash Cond": "((lineitem.l_suppkey = supplier.s_suppkey) AND (n1.n_nationkey = supplier.s_nationkey))", "Plans": [{"Node Type": "Nested Loop", "Parent Relationship": "Outer", "Join Type": "Inner", "Startup Cost": 16380.77, "Total Cost": 2810513.92, "Plan Rows": 740786, "Plan Width": 88, "Actual Startup Time": 324.273, "Actual Total Time": 22339.874, "Actual Rows": 1459150, "Actual Loops": 1, "Inner Unique": false, "Plans": [{"Node Type": "Hash Join", "Parent Relationship": "Outer", "Join Type": "Inner", "Startup Cost": 16380.39, "Total Cost": 504091.94, "Plan Rows": 504972, "Plan Width": 64, "Actual Startup Time": 324.196, "Actual Total Time": 9507.906, "Actual Rows": 1200363, "Actual Loops": 1, "Inner Unique": false, "Hash Cond": "(orders.o_custkey = customer.c_custkey), (LLVM Optimized, Jit Execute)", "Plans": [{"Node Type": "Seq Scan", "Parent Relationship": "Outer", "Relation Name": "orders", "Alias": "orders", "Startup Cost": 0.0, "Total Cost": 426413.79, "Plan Rows": 14999479, "Plan Width": 16, "Actual Startup Time": 0.021, "Actual Total Time": 4197.437, "Actual Rows": 15000000, "Actual Loops": 1}, {"Node Type": "Hash", "Parent Relationship": "Inner", "Startup Cost": 14881.59, "Total Cost": 14881.59, "Plan Rows": 119904, "Plan Width": 64, "Actual Startup Time": 324.037, "Actual Total Time": 324.037, "Actual Rows": 119972, "Actual Loops": 1, "Hash Buckets": 131072, "Hash Batches": 1, "Original Hash Batches": 1, "Peak Memory Usage": 11248, "Plans": [{"Node Type": "Nested Loop", "Parent Relationship": "Outer", "Join Type": "Inner", "Startup Cost": 1030.37, "Total Cost": 14881.59, "Plan Rows": 119904, "Plan Width": 64, "Actual Startup Time": 18.16, "Actual Total Time": 281.037, "Actual Rows": 119972, "Actual Loops": 1, "Inner Unique": false, "Plans": [{"Node Type": "Nested Loop", "Parent Relationship": "Outer", "Join Type": "Inner", "Startup Cost": 0.0, "Total Cost": 16.62, "Plan Rows": 2, "Plan Width": 60, "Actual Startup Time": 0.068, "Actual Total Time": 0.136, "Actual Rows": 2, "Actual Loops": 1, "Inner Unique": false, "Join Filter": "(((n1.n_name = 'JAPAN'::bpchar) AND (n2.n_name = 'INDIA'::bpchar)) OR ((n1.n_name = 'INDIA'::bpchar) AND (n2.n_name = 'JAPAN'::bpchar)))", "Rows Removed by Join Filter": 2, "Plans": [{"Node Type": "Seq Scan", "Parent Relationship": "Outer", "Relation Name": "nation", "Alias": "n1", "Startup Cost": 0.0, "Total Cost": 1.25, "Plan Rows": 25, "Plan Width": 30, "Actual Startup Time": 0.033, "Actual Total Time": 0.05, "Actual Rows": 2, "Actual Loops": 1, "Filter": "((n_name = 'JAPAN'::bpchar) OR (n_name = 'INDIA'::bpchar))", "Rows Removed by Filter": 23}, {"Node Type": "Materialize", "Parent Relationship": "Inner", "Startup Cost": 0.0, "Total Cost": 1.38, "Plan Rows": 25, "Plan Width": 30, "Actual Startup Time": 0.026, "Actual Total Time": 0.048, "Actual Rows": 4, "Actual Loops": 2, "Plans": [{"Node Type": "Seq Scan", "Parent Relationship": "Outer", "Relation Name": "nation", "Alias": "n2", "Startup Cost": 0.0, "Total Cost": 1.25, "Plan Rows": 25, "Plan Width": 30, "Actual Startup Time": 0.02, "Actual Total Time": 0.039, "Actual Rows": 2, "Actual Loops": 1, "Filter": "((n_name = 'INDIA'::bpchar) OR (n_name = 'JAPAN'::bpchar))", "Rows Removed by Filter": 23}]}]}, {"Node Type": "Bitmap Heap Scan", "Parent Relationship": "Inner", "Relation Name": "customer", "Alias": "customer", "Startup Cost": 1030.37, "Total Cost": 6832.48, "Plan Rows": 60000, "Plan Width": 12, "Actual Startup Time": 36.07, "Actual Total Time": 256.52, "Actual Rows": 119972, "Actual Loops": 2, "Recheck Cond": "(c_nationkey = n2.n_nationkey)", "Rows Removed by Index Recheck": 0, "Exact Heap Blocks": 59938, "Lossy Heap Blocks": 59938, "Plans": [{"Node Type": "Bitmap Index Scan", "Parent Relationship": "Outer", "Index Name": "idx_customer_nationkey", "Startup Cost": 0.0, "Total Cost": 1015.37, "Plan Rows": 60000, "Plan Width": 0, "Actual Startup Time": 22.953, "Actual Total Time": 22.953, "Actual Rows": 119972, "Actual Loops": 2, "Index Cond": "(c_nationkey = n2.n_nationkey)"}]}]}]}]}, {"Node Type": "Bitmap Heap Scan", "Parent Relationship": "Inner", "Relation Name": "lineitem", "Alias": "lineitem", "Startup Cost": 0.38, "Total Cost": 4.54, "Plan Rows": 3, "Plan Width": 40, "Actual Startup Time": 10487.362, "Actual Total Time": 11099.797, "Actual Rows": 1459150, "Actual Loops": 1200363, "Recheck Cond": "(l_orderkey = orders.o_orderkey)", "Rows Removed by Index Recheck": 0, "Filter": "((l_shipdate >= '1995-01-01 00:00:00'::timestamp(0) without time zone) AND (l_shipdate <= '1996-12-31 00:00:00'::timestamp(0) without time zone))", "Rows Removed by Filter": 3342563, "Exact Heap Blocks": 1285989, "Lossy Heap Blocks": 1285989, "Plans": [{"Node Type": "Bitmap Index Scan", "Parent Relationship": "Outer", "Index Name": "idx_lineitem_orderkey", "Startup Cost": 0.0, "Total Cost": 0.38, "Plan Rows": 9, "Plan Width": 0, "Actual Startup Time": 5016.967, "Actual Total Time": 5016.967, "Actual Rows": 4801713, "Actual Loops": 1200363, "Index Cond": "(l_orderkey = orders.o_orderkey)"}]}]}, {"Node Type": "Hash", "Parent Relationship": "Inner", "Startup Cost": 3283.0, "Total Cost": 3283.0, "Plan Rows": 100000, "Plan Width": 12, "Actual Startup Time": 71.13, "Actual Total Time": 71.13, "Actual Rows": 100000, "Actual Loops": 1, "Hash Buckets": 131072, "Hash Batches": 1, "Original Hash Batches": 1, "Peak Memory Usage": 4297, "Plans": [{"Node Type": "Seq Scan", "Parent Relationship": "Outer", "Relation Name": "supplier", "Alias": "supplier", "Startup Cost": 0.0, "Total Cost": 3283.0, "Plan Rows": 100000, "Plan Width": 12, "Actual Startup Time": 0.017, "Actual Total Time": 40.852, "Actual Rows": 100000, "Actual Loops": 1}]}]}]}]}, "Triggers": [], "Planner Runtime": 3, "Total Runtime": 23184.623, "Unique SQL Id": 2208782157}}, "(64, 67)": {"explain_plan": {"Plan": {"Node Type": "Sort", "Startup Cost": 99673674.43, "Total Cost": 99673683.65, "Plan Rows": 3688, "Plan Width": 84, "Sort Key": ["n1.n_name", "n2.n_name", "(date_part('year'::text, lineitem.l_shipdate))"], "Plans": [{"Node Type": "Aggregate", "Strategy": "Hashed", "Parent Relationship": "Outer", "Startup Cost": 99673409.84, "Total Cost": 99673455.94, "Plan Rows": 3688, "Plan Width": 84, "Group By Key": ["n1.n_name", "n2.n_name", "date_part('year'::text, lineitem.l_shipdate)"], "Plans": [{"Node Type": "Nested Loop", "Parent Relationship": "Outer", "Join Type": "Inner", "Startup Cost": 627986.71, "Total Cost": 99673354.52, "Plan Rows": 3688, "Plan Width": 76, "Inner Unique": true, "Join Filter": "(((n1.n_name = 'JAPAN'::bpchar) AND (n2.n_name = 'INDIA'::bpchar)) OR ((n1.n_name = 'INDIA'::bpchar) AND (n2.n_name = 'JAPAN'::bpchar)))", "Plans": [{"Node Type": "Nested Loop", "Parent Relationship": "Outer", "Join Type": "Inner", "Startup Cost": 627986.45, "Total Cost": 94724471.42, "Plan Rows": 1153515, "Plan Width": 54, "Inner Unique": true, "Plans": [{"Node Type": "Nested Loop", "Parent Relationship": "Outer", "Join Type": "Inner", "Startup Cost": 627986.2, "Total Cost": 89787046.56, "Plan Rows": 1153515, "Plan Width": 32, "Inner Unique": true, "Plans": [{"Node Type": "Nested Loop", "Parent Relationship": "Outer", "Join Type": "Inner", "Startup Cost": 627985.94, "Total Cost": 84848088.55, "Plan Rows": 1153515, "Plan Width": 36, "Inner Unique": true, "Plans": [{"Node Type": "Nested Loop", "Parent Relationship": "Outer", "Join Type": "Inner", "Startup Cost": 627985.67, "Total Cost": 79896146.0, "Plan Rows": 1153515, "Plan Width": 36, "Inner Unique": true, "Plans": [{"Node Type": "Bitmap Heap Scan", "Parent Relationship": "Outer", "Relation Name": "lineitem", "Alias": "lineitem", "Startup Cost": 627985.41, "Total Cost": 2315105.27, "Plan Rows": 18124991, "Plan Width": 40, "Recheck Cond": "((l_shipdate >= '1995-01-01 00:00:00'::timestamp(0) without time zone) AND (l_shipdate <= '1996-12-31 00:00:00'::timestamp(0) without time zone)), (LLVM Optimized)", "Plans": [{"Node Type": "Bitmap Index Scan", "Parent Relationship": "Outer", "Index Name": "idx_lineitem_shipdate", "Startup Cost": 0.0, "Total Cost": 623454.16, "Plan Rows": 18124991, "Plan Width": 0, "Index Cond": "((l_shipdate >= '1995-01-01 00:00:00'::timestamp(0) without time zone) AND (l_shipdate <= '1996-12-31 00:00:00'::timestamp(0) without time zone))"}]}, {"Node Type": "Bitmap Heap Scan", "Parent Relationship": "Inner", "Relation Name": "supplier", "Alias": "supplier", "Startup Cost": 0.26, "Total Cost": 4.27, "Plan Rows": 1, "Plan Width": 12, "Recheck Cond": "(s_suppkey = lineitem.l_suppkey)", "Plans": [{"Node Type": "Bitmap Index Scan", "Parent Relationship": "Outer", "Index Name": "supplier_pkey", "Startup Cost": 0.0, "Total Cost": 0.26, "Plan Rows": 1, "Plan Width": 0, "Index Cond": "(s_suppkey = lineitem.l_suppkey)"}]}]}, {"Node Type": "Bitmap Heap Scan", "Parent Relationship": "Inner", "Relation Name": "orders", "Alias": "orders", "Startup Cost": 0.27, "Total Cost": 4.28, "Plan Rows": 1, "Plan Width": 16, "Recheck Cond": "(o_orderkey = lineitem.l_orderkey)", "Plans": [{"Node Type": "Bitmap Index Scan", "Parent Relationship": "Outer", "Index Name": "orders_pkey", "Startup Cost": 0.0, "Total Cost": 0.27, "Plan Rows": 1, "Plan Width": 0, "Index Cond": "(o_orderkey = lineitem.l_orderkey)"}]}]}, {"Node Type": "Bitmap Heap Scan", "Parent Relationship": "Inner", "Relation Name": "customer", "Alias": "customer", "Startup Cost": 0.26, "Total Cost": 4.27, "Plan Rows": 1, "Plan Width": 12, "Recheck Cond": "(c_custkey = orders.o_custkey)", "Plans": [{"Node Type": "Bitmap Index Scan", "Parent Relationship": "Outer", "Index Name": "customer_pkey", "Startup Cost": 0.0, "Total Cost": 0.26, "Plan Rows": 1, "Plan Width": 0, "Index Cond": "(c_custkey = orders.o_custkey)"}]}]}, {"Node Type": "Bitmap Heap Scan", "Parent Relationship": "Inner", "Relation Name": "nation", "Alias": "n1", "Startup Cost": 0.26, "Total Cost": 4.27, "Plan Rows": 1, "Plan Width": 30, "Recheck Cond": "(n_nationkey = supplier.s_nationkey)", "Filter": "((n_name = 'JAPAN'::bpchar) OR (n_name = 'INDIA'::bpchar))", "Plans": [{"Node Type": "Bitmap Index Scan", "Parent Relationship": "Outer", "Index Name": "nation_pkey", "Startup Cost": 0.0, "Total Cost": 0.26, "Plan Rows": 1, "Plan Width": 0, "Index Cond": "(n_nationkey = supplier.s_nationkey)"}]}]}, {"Node Type": "Bitmap Heap Scan", "Parent Relationship": "Inner", "Relation Name": "nation", "Alias": "n2", "Startup Cost": 0.26, "Total Cost": 4.27, "Plan Rows": 1, "Plan Width": 30, "Recheck Cond": "(n_nationkey = customer.c_nationkey)", "Filter": "((n_name = 'INDIA'::bpchar) OR (n_name = 'JAPAN'::bpchar))", "Plans": [{"Node Type": "Bitmap Index Scan", "Parent Relationship": "Outer", "Index Name": "nation_pkey", "Startup Cost": 0.0, "Total Cost": 0.26, "Plan Rows": 1, "Plan Width": 0, "Index Cond": "(n_nationkey = customer.c_nationkey)"}]}]}]}]}, "Unique SQL Id": 2208782157, "Planner Runtime": 3}, "explain_analyze_plan": null}, "(64, 68)": {"explain_plan": {"Plan": {"Node Type": "Sort", "Startup Cost": 653440.12, "Total Cost": 653449.34, "Plan Rows": 3688, "Plan Width": 84, "Sort Key": ["n1.n_name", "n2.n_name", "(date_part('year'::text, lineitem.l_shipdate))"], "Plans": [{"Node Type": "Aggregate", "Strategy": "Hashed", "Parent Relationship": "Outer", "Startup Cost": 653175.54, "Total Cost": 653221.64, "Plan Rows": 3688, "Plan Width": 84, "Group By Key": ["n1.n_name", "n2.n_name", "date_part('year'::text, lineitem.l_shipdate)"], "Plans": [{"Node Type": "Hash Join", "Parent Relationship": "Outer", "Join Type": "Inner", "Startup Cost": 5813.37, "Total Cost": 653120.22, "Plan Rows": 3688, "Plan Width": 76, "Inner Unique": true, "Hash Cond": "((lineitem.l_suppkey = supplier.s_suppkey) AND (n1.n_nationkey = supplier.s_nationkey))", "Plans": [{"Node Type": "Nested Loop", "Parent Relationship": "Outer", "Join Type": "Inner", "Startup Cost": 1030.37, "Total Cost": 642753.24, "Plan Rows": 740786, "Plan Width": 88, "Inner Unique": false, "Plans": [{"Node Type": "Nested Loop", "Parent Relationship": "Outer", "Join Type": "Inner", "Startup Cost": 1030.37, "Total Cost": 166015.61, "Plan Rows": 504972, "Plan Width": 64, "Inner Unique": false, "Plans": [{"Node Type": "Nested Loop", "Parent Relationship": "Outer", "Join Type": "Inner", "Startup Cost": 1030.37, "Total Cost": 14893.09, "Plan Rows": 119904, "Plan Width": 64, "Inner Unique": false, "Plans": [{"Node Type": "Nested Loop", "Parent Relationship": "Outer", "Join Type": "Inner", "Startup Cost": 0.0, "Total Cost": 28.12, "Plan Rows": 2, "Plan Width": 60, "Inner Unique": false, "Join Filter": "(((n1.n_name = 'JAPAN'::bpchar) AND (n2.n_name = 'INDIA'::bpchar)) OR ((n1.n_name = 'INDIA'::bpchar) AND (n2.n_name = 'JAPAN'::bpchar)))", "Plans": [{"Node Type": "Index Scan", "Parent Relationship": "Outer", "Scan Direction": "Forward", "Index Name": "nation_pkey", "Relation Name": "nation", "Alias": "n1", "Startup Cost": 0.0, "Total Cost": 12.75, "Plan Rows": 25, "Plan Width": 30, "Filter": "((n_name = 'JAPAN'::bpchar) OR (n_name = 'INDIA'::bpchar))"}, {"Node Type": "Materialize", "Parent Relationship": "Inner", "Startup Cost": 0.0, "Total Cost": 1.38, "Plan Rows": 25, "Plan Width": 30, "Plans": [{"Node Type": "Seq Scan", "Parent Relationship": "Outer", "Relation Name": "nation", "Alias": "n2", "Startup Cost": 0.0, "Total Cost": 1.25, "Plan Rows": 25, "Plan Width": 30, "Filter": "((n_name = 'INDIA'::bpchar) OR (n_name = 'JAPAN'::bpchar))"}]}]}, {"Node Type": "Bitmap Heap Scan", "Parent Relationship": "Inner", "Relation Name": "customer", "Alias": "customer", "Startup Cost": 1030.37, "Total Cost": 6832.48, "Plan Rows": 60000, "Plan Width": 12, "Recheck Cond": "(c_nationkey = n2.n_nationkey)", "Plans": [{"Node Type": "Bitmap Index Scan", "Parent Relationship": "Outer", "Index Name": "idx_customer_nationkey", "Startup Cost": 0.0, "Total Cost": 1015.37, "Plan Rows": 60000, "Plan Width": 0, "Index Cond": "(c_nationkey = n2.n_nationkey)"}]}]}, {"Node Type": "Index Scan", "Parent Relationship": "Inner", "Scan Direction": "Forward", "Index Name": "idx_orders_custkey", "Relation Name": "orders", "Alias": "orders", "Startup Cost": 0.0, "Total Cost": 1.22, "Plan Rows": 4, "Plan Width": 16, "Index Cond": "(o_custkey = customer.c_custkey)"}]}, {"Node Type": "Index Scan", "Parent Relationship": "Inner", "Scan Direction": "Forward", "Index Name": "idx_lineitem_orderkey", "Relation Name": "lineitem", "Alias": "lineitem", "Startup Cost": 0.0, "Total Cost": 0.91, "Plan Rows": 3, "Plan Width": 40, "Index Cond": "(l_orderkey = orders.o_orderkey)", "Filter": "((l_shipdate >= '1995-01-01 00:00:00'::timestamp(0) without time zone) AND (l_shipdate <= '1996-12-31 00:00:00'::timestamp(0) without time zone))"}]}, {"Node Type": "Hash", "Parent Relationship": "Inner", "Startup Cost": 3283.0, "Total Cost": 3283.0, "Plan Rows": 100000, "Plan Width": 12, "Plans": [{"Node Type": "Seq Scan", "Parent Relationship": "Outer", "Relation Name": "supplier", "Alias": "supplier", "Startup Cost": 0.0, "Total Cost": 3283.0, "Plan Rows": 100000, "Plan Width": 12}]}]}]}]}, "Unique SQL Id": 2208782157, "Planner Runtime": 5}, "explain_analyze_plan": {"Plan": {"Node Type": "Sort", "Startup Cost": 653440.12, "Total Cost": 653449.34, "Plan Rows": 3688, "Plan Width": 84, "Actual Startup Time": 19902.508, "Actual Total Time": 19902.509, "Actual Rows": 4, "Actual Loops": 1, "Sort Key": ["n1.n_name", "n2.n_name", "(date_part('year'::text, lineitem.l_shipdate))"], "Sort Method": "quicksort", "Sort Space Used": 25, "Sort Space Type": "Memory", "Plans": [{"Node Type": "Aggregate", "Strategy": "Hashed", "Parent Relationship": "Outer", "Startup Cost": 653175.54, "Total Cost": 653221.64, "Plan Rows": 3688, "Plan Width": 84, "Actual Startup Time": 19902.464, "Actual Total Time": 19902.469, "Actual Rows": 4, "Actual Loops": 1, "Group By Key": ["n1.n_name", "n2.n_name", "date_part('year'::text, lineitem.l_shipdate)"], "Plans": [{"Node Type": "Hash Join", "Parent Relationship": "Outer", "Join Type": "Inner", "Startup Cost": 5813.37, "Total Cost": 653120.22, "Plan Rows": 3688, "Plan Width": 76, "Actual Startup Time": 89.509, "Actual Total Time": 19798.021, "Actual Rows": 58554, "Actual Loops": 1, "Inner Unique": true, "Hash Cond": "((lineitem.l_suppkey = supplier.s_suppkey) AND (n1.n_nationkey = supplier.s_nationkey))", "Plans": [{"Node Type": "Nested Loop", "Parent Relationship": "Outer", "Join Type": "Inner", "Startup Cost": 1030.37, "Total Cost": 642753.24, "Plan Rows": 740786, "Plan Width": 88, "Actual Startup Time": 18.132, "Actual Total Time": 18971.637, "Actual Rows": 1459150, "Actual Loops": 1, "Inner Unique": false, "Plans": [{"Node Type": "Nested Loop", "Parent Relationship": "Outer", "Join Type": "Inner", "Startup Cost": 1030.37, "Total Cost": 166015.61, "Plan Rows": 504972, "Plan Width": 64, "Actual Startup Time": 18.049, "Actual Total Time": 3932.099, "Actual Rows": 1200363, "Actual Loops": 1, "Inner Unique": false, "Plans": [{"Node Type": "Nested Loop", "Parent Relationship": "Outer", "Join Type": "Inner", "Startup Cost": 1030.37, "Total Cost": 14893.09, "Plan Rows": 119904, "Plan Width": 64, "Actual Startup Time": 18.018, "Actual Total Time": 279.492, "Actual Rows": 119972, "Actual Loops": 1, "Inner Unique": false, "Plans": [{"Node Type": "Nested Loop", "Parent Relationship": "Outer", "Join Type": "Inner", "Startup Cost": 0.0, "Total Cost": 28.12, "Plan Rows": 2, "Plan Width": 60, "Actual Startup Time": 0.056, "Actual Total Time": 0.32, "Actual Rows": 2, "Actual Loops": 1, "Inner Unique": false, "Join Filter": "(((n1.n_name = 'JAPAN'::bpchar) AND (n2.n_name = 'INDIA'::bpchar)) OR ((n1.n_name = 'INDIA'::bpchar) AND (n2.n_name = 'JAPAN'::bpchar)))", "Rows Removed by Join Filter": 2, "Plans": [{"Node Type": "Index Scan", "Parent Relationship": "Outer", "Scan Direction": "Forward", "Index Name": "nation_pkey", "Relation Name": "nation", "Alias": "n1", "Startup Cost": 0.0, "Total Cost": 12.75, "Plan Rows": 25, "Plan Width": 30, "Actual Startup Time": 0.023, "Actual Total Time": 0.058, "Actual Rows": 2, "Actual Loops": 1, "Filter": "((n_name = 'JAPAN'::bpchar) OR (n_name = 'INDIA'::bpchar))", "Rows Removed by Filter": 23}, {"Node Type": "Materialize", "Parent Relationship": "Inner", "Startup Cost": 0.0, "Total Cost": 1.38, "Plan Rows": 25, "Plan Width": 30, "Actual Startup Time": 0.025, "Actual Total Time": 0.206, "Actual Rows": 4, "Actual Loops": 2, "Plans": [{"Node Type": "Seq Scan", "Parent Relationship": "Outer", "Relation Name": "nation", "Alias": "n2", "Startup Cost": 0.0, "Total Cost": 1.25, "Plan Rows": 25, "Plan Width": 30, "Actual Startup Time": 0.016, "Actual Total Time": 0.032, "Actual Rows": 2, "Actual Loops": 1, "Filter": "((n_name = 'INDIA'::bpchar) OR (n_name = 'JAPAN'::bpchar))", "Rows Removed by Filter": 23}]}]}, {"Node Type": "Bitmap Heap Scan", "Parent Relationship": "Inner", "Relation Name": "customer", "Alias": "customer", "Startup Cost": 1030.37, "Total Cost": 6832.48, "Plan Rows": 60000, "Plan Width": 12, "Actual Startup Time": 36.173, "Actual Total Time": 249.567, "Actual Rows": 119972, "Actual Loops": 2, "Recheck Cond": "(c_nationkey = n2.n_nationkey)", "Rows Removed by Index Recheck": 0, "Exact Heap Blocks": 59938, "Lossy Heap Blocks": 59938, "Plans": [{"Node Type": "Bitmap Index Scan", "Parent Relationship": "Outer", "Index Name": "idx_customer_nationkey", "Startup Cost": 0.0, "Total Cost": 1015.37, "Plan Rows": 60000, "Plan Width": 0, "Actual Startup Time": 22.983, "Actual Total Time": 22.983, "Actual Rows": 119972, "Actual Loops": 2, "Index Cond": "(c_nationkey = n2.n_nationkey)"}]}]}, {"Node Type": "Index Scan", "Parent Relationship": "Inner", "Scan Direction": "Forward", "Index Name": "idx_orders_custkey", "Relation Name": "orders", "Alias": "orders", "Startup Cost": 0.0, "Total Cost": 1.22, "Plan Rows": 4, "Plan Width": 16, "Actual Startup Time": 724.391, "Actual Total Time": 3299.643, "Actual Rows": 1200363, "Actual Loops": 119972, "Index Cond": "(o_custkey = customer.c_custkey)", "Rows Removed by Index Recheck": 0}]}, {"Node Type": "Index Scan", "Parent Relationship": "Inner", "Scan Direction": "Forward", "Index Name": "idx_lineitem_orderkey", "Relation Name": "lineitem", "Alias": "lineitem", "Startup Cost": 0.0, "Total Cost": 0.91, "Plan Rows": 3, "Plan Width": 40, "Actual Startup Time": 12888.705, "Actual Total Time": 14075.474, "Actual Rows": 1459150, "Actual Loops": 1200363, "Index Cond": "(l_orderkey = orders.o_orderkey)", "Rows Removed by Index Recheck": 0, "Filter": "((l_shipdate >= '1995-01-01 00:00:00'::timestamp(0) without time zone) AND (l_shipdate <= '1996-12-31 00:00:00'::timestamp(0) without time zone))", "Rows Removed by Filter": 3342563}]}, {"Node Type": "Hash", "Parent Relationship": "Inner", "Startup Cost": 3283.0, "Total Cost": 3283.0, "Plan Rows": 100000, "Plan Width": 12, "Actual Startup Time": 71.106, "Actual Total Time": 71.106, "Actual Rows": 100000, "Actual Loops": 1, "Hash Buckets": 131072, "Hash Batches": 1, "Original Hash Batches": 1, "Peak Memory Usage": 4297, "Plans": [{"Node Type": "Seq Scan", "Parent Relationship": "Outer", "Relation Name": "supplier", "Alias": "supplier", "Startup Cost": 0.0, "Total Cost": 3283.0, "Plan Rows": 100000, "Plan Width": 12, "Actual Startup Time": 0.014, "Actual Total Time": 40.736, "Actual Rows": 100000, "Actual Loops": 1}]}]}]}]}, "Triggers": [], "Planner Runtime": 3, "Total Runtime": 19902.814, "Unique SQL Id": 2208782157}}, "(64, 69)": {"explain_plan": {"Plan": {"Node Type": "Sort", "Startup Cost": 655503.17, "Total Cost": 655512.39, "Plan Rows": 3688, "Plan Width": 84, "Sort Key": ["n1.n_name", "n2.n_name", "(date_part('year'::text, lineitem.l_shipdate))"], "Plans": [{"Node Type": "Aggregate", "Strategy": "Hashed", "Parent Relationship": "Outer", "Startup Cost": 655238.58, "Total Cost": 655284.68, "Plan Rows": 3688, "Plan Width": 84, "Group By Key": ["n1.n_name", "n2.n_name", "date_part('year'::text, lineitem.l_shipdate)"], "Plans": [{"Node Type": "Hash Join", "Parent Relationship": "Outer", "Join Type": "Inner", "Startup Cost": 7864.91, "Total Cost": 655183.26, "Plan Rows": 3688, "Plan Width": 76, "Inner Unique": true, "Hash Cond": "((lineitem.l_suppkey = supplier.s_suppkey) AND (n1.n_nationkey = supplier.s_nationkey))", "Plans": [{"Node Type": "Nested Loop", "Parent Relationship": "Outer", "Join Type": "Inner", "Startup Cost": 1030.37, "Total Cost": 642764.74, "Plan Rows": 740786, "Plan Width": 88, "Inner Unique": false, "Plans": [{"Node Type": "Nested Loop", "Parent Relationship": "Outer", "Join Type": "Inner", "Startup Cost": 1030.37, "Total Cost": 166027.11, "Plan Rows": 504972, "Plan Width": 64, "Inner Unique": false, "Plans": [{"Node Type": "Nested Loop", "Parent Relationship": "Outer", "Join Type": "Inner", "Startup Cost": 1030.37, "Total Cost": 14904.59, "Plan Rows": 119904, "Plan Width": 64, "Inner Unique": false, "Plans": [{"Node Type": "Nested Loop", "Parent Relationship": "Outer", "Join Type": "Inner", "Startup Cost": 0.0, "Total Cost": 39.62, "Plan Rows": 2, "Plan Width": 60, "Inner Unique": false, "Join Filter": "(((n1.n_name = 'JAPAN'::bpchar) AND (n2.n_name = 'INDIA'::bpchar)) OR ((n1.n_name = 'INDIA'::bpchar) AND (n2.n_name = 'JAPAN'::bpchar)))", "Plans": [{"Node Type": "Index Scan", "Parent Relationship": "Outer", "Scan Direction": "Forward", "Index Name": "nation_pkey", "Relation Name": "nation", "Alias": "n1", "Startup Cost": 0.0, "Total Cost": 12.75, "Plan Rows": 25, "Plan Width": 30, "Filter": "((n_name = 'JAPAN'::bpchar) OR (n_name = 'INDIA'::bpchar))"}, {"Node Type": "Materialize", "Parent Relationship": "Inner", "Startup Cost": 0.0, "Total Cost": 12.88, "Plan Rows": 25, "Plan Width": 30, "Plans": [{"Node Type": "Index Scan", "Parent Relationship": "Outer", "Scan Direction": "Forward", "Index Name": "nation_pkey", "Relation Name": "nation", "Alias": "n2", "Startup Cost": 0.0, "Total Cost": 12.75, "Plan Rows": 25, "Plan Width": 30, "Filter": "((n_name = 'INDIA'::bpchar) OR (n_name = 'JAPAN'::bpchar))"}]}]}, {"Node Type": "Bitmap Heap Scan", "Parent Relationship": "Inner", "Relation Name": "customer", "Alias": "customer", "Startup Cost": 1030.37, "Total Cost": 6832.48, "Plan Rows": 60000, "Plan Width": 12, "Recheck Cond": "(c_nationkey = n2.n_nationkey)", "Plans": [{"Node Type": "Bitmap Index Scan", "Parent Relationship": "Outer", "Index Name": "idx_customer_nationkey", "Startup Cost": 0.0, "Total Cost": 1015.37, "Plan Rows": 60000, "Plan Width": 0, "Index Cond": "(c_nationkey = n2.n_nationkey)"}]}]}, {"Node Type": "Index Scan", "Parent Relationship": "Inner", "Scan Direction": "Forward", "Index Name": "idx_orders_custkey", "Relation Name": "orders", "Alias": "orders", "Startup Cost": 0.0, "Total Cost": 1.22, "Plan Rows": 4, "Plan Width": 16, "Index Cond": "(o_custkey = customer.c_custkey)"}]}, {"Node Type": "Index Scan", "Parent Relationship": "Inner", "Scan Direction": "Forward", "Index Name": "idx_lineitem_orderkey", "Relation Name": "lineitem", "Alias": "lineitem", "Startup Cost": 0.0, "Total Cost": 0.91, "Plan Rows": 3, "Plan Width": 40, "Index Cond": "(l_orderkey = orders.o_orderkey)", "Filter": "((l_shipdate >= '1995-01-01 00:00:00'::timestamp(0) without time zone) AND (l_shipdate <= '1996-12-31 00:00:00'::timestamp(0) without time zone))"}]}, {"Node Type": "Hash", "Parent Relationship": "Inner", "Startup Cost": 5334.54, "Total Cost": 5334.54, "Plan Rows": 100000, "Plan Width": 12, "Plans": [{"Node Type": "Index Scan", "Parent Relationship": "Outer", "Scan Direction": "Forward", "Index Name": "supplier_pkey", "Relation Name": "supplier", "Alias": "supplier", "Startup Cost": 0.0, "Total Cost": 5334.54, "Plan Rows": 100000, "Plan Width": 12}]}]}]}]}, "Unique SQL Id": 2208782157, "Planner Runtime": 5}, "explain_analyze_plan": {"Plan": {"Node Type": "Sort", "Startup Cost": 655503.17, "Total Cost": 655512.39, "Plan Rows": 3688, "Plan Width": 84, "Actual Startup Time": 20265.933, "Actual Total Time": 20265.933, "Actual Rows": 4, "Actual Loops": 1, "Sort Key": ["n1.n_name", "n2.n_name", "(date_part('year'::text, lineitem.l_shipdate))"], "Sort Method": "quicksort", "Sort Space Used": 25, "Sort Space Type": "Memory", "Plans": [{"Node Type": "Aggregate", "Strategy": "Hashed", "Parent Relationship": "Outer", "Startup Cost": 655238.58, "Total Cost": 655284.68, "Plan Rows": 3688, "Plan Width": 84, "Actual Startup Time": 20265.889, "Actual Total Time": 20265.895, "Actual Rows": 4, "Actual Loops": 1, "Group By Key": ["n1.n_name", "n2.n_name", "date_part('year'::text, lineitem.l_shipdate)"], "Plans": [{"Node Type": "Hash Join", "Parent Relationship": "Outer", "Join Type": "Inner", "Startup Cost": 7864.91, "Total Cost": 655183.26, "Plan Rows": 3688, "Plan Width": 76, "Actual Startup Time": 130.678, "Actual Total Time": 20164.418, "Actual Rows": 58554, "Actual Loops": 1, "Inner Unique": true, "Hash Cond": "((lineitem.l_suppkey = supplier.s_suppkey) AND (n1.n_nationkey = supplier.s_nationkey))", "Plans": [{"Node Type": "Nested Loop", "Parent Relationship": "Outer", "Join Type": "Inner", "Startup Cost": 1030.37, "Total Cost": 642764.74, "Plan Rows": 740786, "Plan Width": 88, "Actual Startup Time": 18.121, "Actual Total Time": 19351.546, "Actual Rows": 1459150, "Actual Loops": 1, "Inner Unique": false, "Plans": [{"Node Type": "Nested Loop", "Parent Relationship": "Outer", "Join Type": "Inner", "Startup Cost": 1030.37, "Total Cost": 166027.11, "Plan Rows": 504972, "Plan Width": 64, "Actual Startup Time": 18.033, "Actual Total Time": 4154.387, "Actual Rows": 1200363, "Actual Loops": 1, "Inner Unique": false, "Plans": [{"Node Type": "Nested Loop", "Parent Relationship": "Outer", "Join Type": "Inner", "Startup Cost": 1030.37, "Total Cost": 14904.59, "Plan Rows": 119904, "Plan Width": 64, "Actual Startup Time": 18.001, "Actual Total Time": 287.281, "Actual Rows": 119972, "Actual Loops": 1, "Inner Unique": false, "Plans": [{"Node Type": "Nested Loop", "Parent Relationship": "Outer", "Join Type": "Inner", "Startup Cost": 0.0, "Total Cost": 39.62, "Plan Rows": 2, "Plan Width": 60, "Actual Startup Time": 0.051, "Actual Total Time": 0.158, "Actual Rows": 2, "Actual Loops": 1, "Inner Unique": false, "Join Filter": "(((n1.n_name = 'JAPAN'::bpchar) AND (n2.n_name = 'INDIA'::bpchar)) OR ((n1.n_name = 'INDIA'::bpchar) AND (n2.n_name = 'JAPAN'::bpchar)))", "Rows Removed by Join Filter": 2, "Plans": [{"Node Type": "Index Scan", "Parent Relationship": "Outer", "Scan Direction": "Forward", "Index Name": "nation_pkey", "Relation Name": "nation", "Alias": "n1", "Startup Cost": 0.0, "Total Cost": 12.75, "Plan Rows": 25, "Plan Width": 30, "Actual Startup Time": 0.023, "Actual Total Time": 0.045, "Actual Rows": 2, "Actual Loops": 1, "Filter": "((n_name = 'JAPAN'::bpchar) OR (n_name = 'INDIA'::bpchar))", "Rows Removed by Filter": 23}, {"Node Type": "Materialize", "Parent Relationship": "Inner", "Startup Cost": 0.0, "Total Cost": 12.88, "Plan Rows": 25, "Plan Width": 30, "Actual Startup Time": 0.019, "Actual Total Time": 0.056, "Actual Rows": 4, "Actual Loops": 2, "Plans": [{"Node Type": "Index Scan", "Parent Relationship": "Outer", "Scan Direction": "Forward", "Index Name": "nation_pkey", "Relation Name": "nation", "Alias": "n2", "Startup Cost": 0.0, "Total Cost": 12.75, "Plan Rows": 25, "Plan Width": 30, "Actual Startup Time": 0.01, "Actual Total Time": 0.036, "Actual Rows": 2, "Actual Loops": 1, "Filter": "((n_name = 'INDIA'::bpchar) OR (n_name = 'JAPAN'::bpchar))", "Rows Removed by Filter": 23}]}]}, {"Node Type": "Bitmap Heap Scan", "Parent Relationship": "Inner", "Relation Name": "customer", "Alias": "customer", "Startup Cost": 1030.37, "Total Cost": 6832.48, "Plan Rows": 60000, "Plan Width": 12, "Actual Startup Time": 35.918, "Actual Total Time": 258.886, "Actual Rows": 119972, "Actual Loops": 2, "Recheck Cond": "(c_nationkey = n2.n_nationkey)", "Rows Removed by Index Recheck": 0, "Exact Heap Blocks": 59938, "Lossy Heap Blocks": 59938, "Plans": [{"Node Type": "Bitmap Index Scan", "Parent Relationship": "Outer", "Index Name": "idx_customer_nationkey", "Startup Cost": 0.0, "Total Cost": 1015.37, "Plan Rows": 60000, "Plan Width": 0, "Actual Startup Time": 22.743, "Actual Total Time": 22.743, "Actual Rows": 119972, "Actual Loops": 2, "Index Cond": "(c_nationkey = n2.n_nationkey)"}]}]}, {"Node Type": "Index Scan", "Parent Relationship": "Inner", "Scan Direction": "Forward", "Index Name": "idx_orders_custkey", "Relation Name": "orders", "Alias": "orders", "Startup Cost": 0.0, "Total Cost": 1.22, "Plan Rows": 4, "Plan Width": 16, "Actual Startup Time": 757.084, "Actual Total Time": 3520.551, "Actual Rows": 1200363, "Actual Loops": 119972, "Index Cond": "(o_custkey = customer.c_custkey)", "Rows Removed by Index Recheck": 0}]}, {"Node Type": "Index Scan", "Parent Relationship": "Inner", "Scan Direction": "Forward", "Index Name": "idx_lineitem_orderkey", "Relation Name": "lineitem", "Alias": "lineitem", "Startup Cost": 0.0, "Total Cost": 0.91, "Plan Rows": 3, "Plan Width": 40, "Actual Startup Time": 13074.494, "Actual Total Time": 14226.286, "Actual Rows": 1459150, "Actual Loops": 1200363, "Index Cond": "(l_orderkey = orders.o_orderkey)", "Rows Removed by Index Recheck": 0, "Filter": "((l_shipdate >= '1995-01-01 00:00:00'::timestamp(0) without time zone) AND (l_shipdate <= '1996-12-31 00:00:00'::timestamp(0) without time zone))", "Rows Removed by Filter": 3342563}]}, {"Node Type": "Hash", "Parent Relationship": "Inner", "Startup Cost": 5334.54, "Total Cost": 5334.54, "Plan Rows": 100000, "Plan Width": 12, "Actual Startup Time": 112.295, "Actual Total Time": 112.295, "Actual Rows": 100000, "Actual Loops": 1, "Hash Buckets": 131072, "Hash Batches": 1, "Original Hash Batches": 1, "Peak Memory Usage": 4297, "Plans": [{"Node Type": "Index Scan", "Parent Relationship": "Outer", "Scan Direction": "Forward", "Index Name": "supplier_pkey", "Relation Name": "supplier", "Alias": "supplier", "Startup Cost": 0.0, "Total Cost": 5334.54, "Plan Rows": 100000, "Plan Width": 12, "Actual Startup Time": 0.021, "Actual Total Time": 79.988, "Actual Rows": 100000, "Actual Loops": 1}]}]}]}]}, "Triggers": [], "Planner Runtime": 3, "Total Runtime": 20266.249, "Unique SQL Id": 2208782157}}, "(64, 70)": {"explain_plan": {"Plan": {"Node Type": "Sort", "Startup Cost": 2821200.81, "Total Cost": 2821210.03, "Plan Rows": 3688, "Plan Width": 84, "Sort Key": ["n1.n_name", "n2.n_name", "(date_part('year'::text, lineitem.l_shipdate))"], "Plans": [{"Node Type": "Aggregate", "Strategy": "Hashed", "Parent Relationship": "Outer", "Startup Cost": 2820936.22, "Total Cost": 2820982.32, "Plan Rows": 3688, "Plan Width": 84, "Group By Key": ["n1.n_name", "n2.n_name", "date_part('year'::text, lineitem.l_shipdate)"], "Plans": [{"Node Type": "Hash Join", "Parent Relationship": "Outer", "Join Type": "Inner", "Startup Cost": 21163.77, "Total Cost": 2820880.9, "Plan Rows": 3688, "Plan Width": 76, "Inner Unique": true, "Hash Cond": "((lineitem.l_suppkey = supplier.s_suppkey) AND (n1.n_nationkey = supplier.s_nationkey))", "Plans": [{"Node Type": "Nested Loop", "Parent Relationship": "Outer", "Join Type": "Inner", "Startup Cost": 16380.77, "Total Cost": 2810513.92, "Plan Rows": 740786, "Plan Width": 88, "Inner Unique": false, "Plans": [{"Node Type": "Hash Join", "Parent Relationship": "Outer", "Join Type": "Inner", "Startup Cost": 16380.39, "Total Cost": 504091.94, "Plan Rows": 504972, "Plan Width": 64, "Inner Unique": false, "Hash Cond": "(orders.o_custkey = customer.c_custkey), (LLVM Optimized)", "Plans": [{"Node Type": "Seq Scan", "Parent Relationship": "Outer", "Relation Name": "orders", "Alias": "orders", "Startup Cost": 0.0, "Total Cost": 426413.79, "Plan Rows": 14999479, "Plan Width": 16}, {"Node Type": "Hash", "Parent Relationship": "Inner", "Startup Cost": 14881.59, "Total Cost": 14881.59, "Plan Rows": 119904, "Plan Width": 64, "Plans": [{"Node Type": "Nested Loop", "Parent Relationship": "Outer", "Join Type": "Inner", "Startup Cost": 1030.37, "Total Cost": 14881.59, "Plan Rows": 119904, "Plan Width": 64, "Inner Unique": false, "Plans": [{"Node Type": "Nested Loop", "Parent Relationship": "Outer", "Join Type": "Inner", "Startup Cost": 0.0, "Total Cost": 16.62, "Plan Rows": 2, "Plan Width": 60, "Inner Unique": false, "Join Filter": "(((n1.n_name = 'JAPAN'::bpchar) AND (n2.n_name = 'INDIA'::bpchar)) OR ((n1.n_name = 'INDIA'::bpchar) AND (n2.n_name = 'JAPAN'::bpchar)))", "Plans": [{"Node Type": "Seq Scan", "Parent Relationship": "Outer", "Relation Name": "nation", "Alias": "n1", "Startup Cost": 0.0, "Total Cost": 1.25, "Plan Rows": 25, "Plan Width": 30, "Filter": "((n_name = 'JAPAN'::bpchar) OR (n_name = 'INDIA'::bpchar))"}, {"Node Type": "Materialize", "Parent Relationship": "Inner", "Startup Cost": 0.0, "Total Cost": 1.38, "Plan Rows": 25, "Plan Width": 30, "Plans": [{"Node Type": "Seq Scan", "Parent Relationship": "Outer", "Relation Name": "nation", "Alias": "n2", "Startup Cost": 0.0, "Total Cost": 1.25, "Plan Rows": 25, "Plan Width": 30, "Filter": "((n_name = 'INDIA'::bpchar) OR (n_name = 'JAPAN'::bpchar))"}]}]}, {"Node Type": "Bitmap Heap Scan", "Parent Relationship": "Inner", "Relation Name": "customer", "Alias": "customer", "Startup Cost": 1030.37, "Total Cost": 6832.48, "Plan Rows": 60000, "Plan Width": 12, "Recheck Cond": "(c_nationkey = n2.n_nationkey)", "Plans": [{"Node Type": "Bitmap Index Scan", "Parent Relationship": "Outer", "Index Name": "idx_customer_nationkey", "Startup Cost": 0.0, "Total Cost": 1015.37, "Plan Rows": 60000, "Plan Width": 0, "Index Cond": "(c_nationkey = n2.n_nationkey)"}]}]}]}]}, {"Node Type": "Bitmap Heap Scan", "Parent Relationship": "Inner", "Relation Name": "lineitem", "Alias": "lineitem", "Startup Cost": 0.38, "Total Cost": 4.54, "Plan Rows": 3, "Plan Width": 40, "Recheck Cond": "(l_orderkey = orders.o_orderkey)", "Filter": "((l_shipdate >= '1995-01-01 00:00:00'::timestamp(0) without time zone) AND (l_shipdate <= '1996-12-31 00:00:00'::timestamp(0) without time zone))", "Plans": [{"Node Type": "Bitmap Index Scan", "Parent Relationship": "Outer", "Index Name": "idx_lineitem_orderkey", "Startup Cost": 0.0, "Total Cost": 0.38, "Plan Rows": 9, "Plan Width": 0, "Index Cond": "(l_orderkey = orders.o_orderkey)"}]}]}, {"Node Type": "Hash", "Parent Relationship": "Inner", "Startup Cost": 3283.0, "Total Cost": 3283.0, "Plan Rows": 100000, "Plan Width": 12, "Plans": [{"Node Type": "Seq Scan", "Parent Relationship": "Outer", "Relation Name": "supplier", "Alias": "supplier", "Startup Cost": 0.0, "Total Cost": 3283.0, "Plan Rows": 100000, "Plan Width": 12}]}]}]}]}, "Unique SQL Id": 2208782157, "Planner Runtime": 5}, "explain_analyze_plan": {"Plan": {"Node Type": "Sort", "Startup Cost": 2821200.81, "Total Cost": 2821210.03, "Plan Rows": 3688, "Plan Width": 84, "Actual Startup Time": 23175.664, "Actual Total Time": 23175.664, "Actual Rows": 4, "Actual Loops": 1, "Sort Key": ["n1.n_name", "n2.n_name", "(date_part('year'::text, lineitem.l_shipdate))"], "Sort Method": "quicksort", "Sort Space Used": 25, "Sort Space Type": "Memory", "Plans": [{"Node Type": "Aggregate", "Strategy": "Hashed", "Parent Relationship": "Outer", "Startup Cost": 2820936.22, "Total Cost": 2820982.32, "Plan Rows": 3688, "Plan Width": 84, "Actual Startup Time": 23175.566, "Actual Total Time": 23175.57, "Actual Rows": 4, "Actual Loops": 1, "Group By Key": ["n1.n_name", "n2.n_name", "date_part('year'::text, lineitem.l_shipdate)"], "Plans": [{"Node Type": "Hash Join", "Parent Relationship": "Outer", "Join Type": "Inner", "Startup Cost": 21163.77, "Total Cost": 2820880.9, "Plan Rows": 3688, "Plan Width": 76, "Actual Startup Time": 395.766, "Actual Total Time": 23069.164, "Actual Rows": 58554, "Actual Loops": 1, "Inner Unique": true, "Hash Cond": "((lineitem.l_suppkey = supplier.s_suppkey) AND (n1.n_nationkey = supplier.s_nationkey))", "Plans": [{"Node Type": "Nested Loop", "Parent Relationship": "Outer", "Join Type": "Inner", "Startup Cost": 16380.77, "Total Cost": 2810513.92, "Plan Rows": 740786, "Plan Width": 88, "Actual Startup Time": 324.273, "Actual Total Time": 22339.874, "Actual Rows": 1459150, "Actual Loops": 1, "Inner Unique": false, "Plans": [{"Node Type": "Hash Join", "Parent Relationship": "Outer", "Join Type": "Inner", "Startup Cost": 16380.39, "Total Cost": 504091.94, "Plan Rows": 504972, "Plan Width": 64, "Actual Startup Time": 324.196, "Actual Total Time": 9507.906, "Actual Rows": 1200363, "Actual Loops": 1, "Inner Unique": false, "Hash Cond": "(orders.o_custkey = customer.c_custkey), (LLVM Optimized, Jit Execute)", "Plans": [{"Node Type": "Seq Scan", "Parent Relationship": "Outer", "Relation Name": "orders", "Alias": "orders", "Startup Cost": 0.0, "Total Cost": 426413.79, "Plan Rows": 14999479, "Plan Width": 16, "Actual Startup Time": 0.021, "Actual Total Time": 4197.437, "Actual Rows": 15000000, "Actual Loops": 1}, {"Node Type": "Hash", "Parent Relationship": "Inner", "Startup Cost": 14881.59, "Total Cost": 14881.59, "Plan Rows": 119904, "Plan Width": 64, "Actual Startup Time": 324.037, "Actual Total Time": 324.037, "Actual Rows": 119972, "Actual Loops": 1, "Hash Buckets": 131072, "Hash Batches": 1, "Original Hash Batches": 1, "Peak Memory Usage": 11248, "Plans": [{"Node Type": "Nested Loop", "Parent Relationship": "Outer", "Join Type": "Inner", "Startup Cost": 1030.37, "Total Cost": 14881.59, "Plan Rows": 119904, "Plan Width": 64, "Actual Startup Time": 18.16, "Actual Total Time": 281.037, "Actual Rows": 119972, "Actual Loops": 1, "Inner Unique": false, "Plans": [{"Node Type": "Nested Loop", "Parent Relationship": "Outer", "Join Type": "Inner", "Startup Cost": 0.0, "Total Cost": 16.62, "Plan Rows": 2, "Plan Width": 60, "Actual Startup Time": 0.068, "Actual Total Time": 0.136, "Actual Rows": 2, "Actual Loops": 1, "Inner Unique": false, "Join Filter": "(((n1.n_name = 'JAPAN'::bpchar) AND (n2.n_name = 'INDIA'::bpchar)) OR ((n1.n_name = 'INDIA'::bpchar) AND (n2.n_name = 'JAPAN'::bpchar)))", "Rows Removed by Join Filter": 2, "Plans": [{"Node Type": "Seq Scan", "Parent Relationship": "Outer", "Relation Name": "nation", "Alias": "n1", "Startup Cost": 0.0, "Total Cost": 1.25, "Plan Rows": 25, "Plan Width": 30, "Actual Startup Time": 0.033, "Actual Total Time": 0.05, "Actual Rows": 2, "Actual Loops": 1, "Filter": "((n_name = 'JAPAN'::bpchar) OR (n_name = 'INDIA'::bpchar))", "Rows Removed by Filter": 23}, {"Node Type": "Materialize", "Parent Relationship": "Inner", "Startup Cost": 0.0, "Total Cost": 1.38, "Plan Rows": 25, "Plan Width": 30, "Actual Startup Time": 0.026, "Actual Total Time": 0.048, "Actual Rows": 4, "Actual Loops": 2, "Plans": [{"Node Type": "Seq Scan", "Parent Relationship": "Outer", "Relation Name": "nation", "Alias": "n2", "Startup Cost": 0.0, "Total Cost": 1.25, "Plan Rows": 25, "Plan Width": 30, "Actual Startup Time": 0.02, "Actual Total Time": 0.039, "Actual Rows": 2, "Actual Loops": 1, "Filter": "((n_name = 'INDIA'::bpchar) OR (n_name = 'JAPAN'::bpchar))", "Rows Removed by Filter": 23}]}]}, {"Node Type": "Bitmap Heap Scan", "Parent Relationship": "Inner", "Relation Name": "customer", "Alias": "customer", "Startup Cost": 1030.37, "Total Cost": 6832.48, "Plan Rows": 60000, "Plan Width": 12, "Actual Startup Time": 36.07, "Actual Total Time": 256.52, "Actual Rows": 119972, "Actual Loops": 2, "Recheck Cond": "(c_nationkey = n2.n_nationkey)", "Rows Removed by Index Recheck": 0, "Exact Heap Blocks": 59938, "Lossy Heap Blocks": 59938, "Plans": [{"Node Type": "Bitmap Index Scan", "Parent Relationship": "Outer", "Index Name": "idx_customer_nationkey", "Startup Cost": 0.0, "Total Cost": 1015.37, "Plan Rows": 60000, "Plan Width": 0, "Actual Startup Time": 22.953, "Actual Total Time": 22.953, "Actual Rows": 119972, "Actual Loops": 2, "Index Cond": "(c_nationkey = n2.n_nationkey)"}]}]}]}]}, {"Node Type": "Bitmap Heap Scan", "Parent Relationship": "Inner", "Relation Name": "lineitem", "Alias": "lineitem", "Startup Cost": 0.38, "Total Cost": 4.54, "Plan Rows": 3, "Plan Width": 40, "Actual Startup Time": 10487.362, "Actual Total Time": 11099.797, "Actual Rows": 1459150, "Actual Loops": 1200363, "Recheck Cond": "(l_orderkey = orders.o_orderkey)", "Rows Removed by Index Recheck": 0, "Filter": "((l_shipdate >= '1995-01-01 00:00:00'::timestamp(0) without time zone) AND (l_shipdate <= '1996-12-31 00:00:00'::timestamp(0) without time zone))", "Rows Removed by Filter": 3342563, "Exact Heap Blocks": 1285989, "Lossy Heap Blocks": 1285989, "Plans": [{"Node Type": "Bitmap Index Scan", "Parent Relationship": "Outer", "Index Name": "idx_lineitem_orderkey", "Startup Cost": 0.0, "Total Cost": 0.38, "Plan Rows": 9, "Plan Width": 0, "Actual Startup Time": 5016.967, "Actual Total Time": 5016.967, "Actual Rows": 4801713, "Actual Loops": 1200363, "Index Cond": "(l_orderkey = orders.o_orderkey)"}]}]}, {"Node Type": "Hash", "Parent Relationship": "Inner", "Startup Cost": 3283.0, "Total Cost": 3283.0, "Plan Rows": 100000, "Plan Width": 12, "Actual Startup Time": 71.13, "Actual Total Time": 71.13, "Actual Rows": 100000, "Actual Loops": 1, "Hash Buckets": 131072, "Hash Batches": 1, "Original Hash Batches": 1, "Peak Memory Usage": 4297, "Plans": [{"Node Type": "Seq Scan", "Parent Relationship": "Outer", "Relation Name": "supplier", "Alias": "supplier", "Startup Cost": 0.0, "Total Cost": 3283.0, "Plan Rows": 100000, "Plan Width": 12, "Actual Startup Time": 0.017, "Actual Total Time": 40.852, "Actual Rows": 100000, "Actual Loops": 1}]}]}]}]}, "Triggers": [], "Planner Runtime": 3, "Total Runtime": 23184.623, "Unique SQL Id": 2208782157}}, "(64, 71)": {"explain_plan": {"Plan": {"Node Type": "Sort", "Startup Cost": 99673674.43, "Total Cost": 99673683.65, "Plan Rows": 3688, "Plan Width": 84, "Sort Key": ["n1.n_name", "n2.n_name", "(date_part('year'::text, lineitem.l_shipdate))"], "Plans": [{"Node Type": "Aggregate", "Strategy": "Hashed", "Parent Relationship": "Outer", "Startup Cost": 99673409.84, "Total Cost": 99673455.94, "Plan Rows": 3688, "Plan Width": 84, "Group By Key": ["n1.n_name", "n2.n_name", "date_part('year'::text, lineitem.l_shipdate)"], "Plans": [{"Node Type": "Nested Loop", "Parent Relationship": "Outer", "Join Type": "Inner", "Startup Cost": 627986.71, "Total Cost": 99673354.52, "Plan Rows": 3688, "Plan Width": 76, "Inner Unique": true, "Join Filter": "(((n1.n_name = 'JAPAN'::bpchar) AND (n2.n_name = 'INDIA'::bpchar)) OR ((n1.n_name = 'INDIA'::bpchar) AND (n2.n_name = 'JAPAN'::bpchar)))", "Plans": [{"Node Type": "Nested Loop", "Parent Relationship": "Outer", "Join Type": "Inner", "Startup Cost": 627986.45, "Total Cost": 94724471.42, "Plan Rows": 1153515, "Plan Width": 54, "Inner Unique": true, "Plans": [{"Node Type": "Nested Loop", "Parent Relationship": "Outer", "Join Type": "Inner", "Startup Cost": 627986.2, "Total Cost": 89787046.56, "Plan Rows": 1153515, "Plan Width": 32, "Inner Unique": true, "Plans": [{"Node Type": "Nested Loop", "Parent Relationship": "Outer", "Join Type": "Inner", "Startup Cost": 627985.94, "Total Cost": 84848088.55, "Plan Rows": 1153515, "Plan Width": 36, "Inner Unique": true, "Plans": [{"Node Type": "Nested Loop", "Parent Relationship": "Outer", "Join Type": "Inner", "Startup Cost": 627985.67, "Total Cost": 79896146.0, "Plan Rows": 1153515, "Plan Width": 36, "Inner Unique": true, "Plans": [{"Node Type": "Bitmap Heap Scan", "Parent Relationship": "Outer", "Relation Name": "lineitem", "Alias": "lineitem", "Startup Cost": 627985.41, "Total Cost": 2315105.27, "Plan Rows": 18124991, "Plan Width": 40, "Recheck Cond": "((l_shipdate >= '1995-01-01 00:00:00'::timestamp(0) without time zone) AND (l_shipdate <= '1996-12-31 00:00:00'::timestamp(0) without time zone)), (LLVM Optimized)", "Plans": [{"Node Type": "Bitmap Index Scan", "Parent Relationship": "Outer", "Index Name": "idx_lineitem_shipdate", "Startup Cost": 0.0, "Total Cost": 623454.16, "Plan Rows": 18124991, "Plan Width": 0, "Index Cond": "((l_shipdate >= '1995-01-01 00:00:00'::timestamp(0) without time zone) AND (l_shipdate <= '1996-12-31 00:00:00'::timestamp(0) without time zone))"}]}, {"Node Type": "Bitmap Heap Scan", "Parent Relationship": "Inner", "Relation Name": "supplier", "Alias": "supplier", "Startup Cost": 0.26, "Total Cost": 4.27, "Plan Rows": 1, "Plan Width": 12, "Recheck Cond": "(s_suppkey = lineitem.l_suppkey)", "Plans": [{"Node Type": "Bitmap Index Scan", "Parent Relationship": "Outer", "Index Name": "supplier_pkey", "Startup Cost": 0.0, "Total Cost": 0.26, "Plan Rows": 1, "Plan Width": 0, "Index Cond": "(s_suppkey = lineitem.l_suppkey)"}]}]}, {"Node Type": "Bitmap Heap Scan", "Parent Relationship": "Inner", "Relation Name": "orders", "Alias": "orders", "Startup Cost": 0.27, "Total Cost": 4.28, "Plan Rows": 1, "Plan Width": 16, "Recheck Cond": "(o_orderkey = lineitem.l_orderkey)", "Plans": [{"Node Type": "Bitmap Index Scan", "Parent Relationship": "Outer", "Index Name": "orders_pkey", "Startup Cost": 0.0, "Total Cost": 0.27, "Plan Rows": 1, "Plan Width": 0, "Index Cond": "(o_orderkey = lineitem.l_orderkey)"}]}]}, {"Node Type": "Bitmap Heap Scan", "Parent Relationship": "Inner", "Relation Name": "customer", "Alias": "customer", "Startup Cost": 0.26, "Total Cost": 4.27, "Plan Rows": 1, "Plan Width": 12, "Recheck Cond": "(c_custkey = orders.o_custkey)", "Plans": [{"Node Type": "Bitmap Index Scan", "Parent Relationship": "Outer", "Index Name": "customer_pkey", "Startup Cost": 0.0, "Total Cost": 0.26, "Plan Rows": 1, "Plan Width": 0, "Index Cond": "(c_custkey = orders.o_custkey)"}]}]}, {"Node Type": "Bitmap Heap Scan", "Parent Relationship": "Inner", "Relation Name": "nation", "Alias": "n1", "Startup Cost": 0.26, "Total Cost": 4.27, "Plan Rows": 1, "Plan Width": 30, "Recheck Cond": "(n_nationkey = supplier.s_nationkey)", "Filter": "((n_name = 'JAPAN'::bpchar) OR (n_name = 'INDIA'::bpchar))", "Plans": [{"Node Type": "Bitmap Index Scan", "Parent Relationship": "Outer", "Index Name": "nation_pkey", "Startup Cost": 0.0, "Total Cost": 0.26, "Plan Rows": 1, "Plan Width": 0, "Index Cond": "(n_nationkey = supplier.s_nationkey)"}]}]}, {"Node Type": "Bitmap Heap Scan", "Parent Relationship": "Inner", "Relation Name": "nation", "Alias": "n2", "Startup Cost": 0.26, "Total Cost": 4.27, "Plan Rows": 1, "Plan Width": 30, "Recheck Cond": "(n_nationkey = customer.c_nationkey)", "Filter": "((n_name = 'INDIA'::bpchar) OR (n_name = 'JAPAN'::bpchar))", "Plans": [{"Node Type": "Bitmap Index Scan", "Parent Relationship": "Outer", "Index Name": "nation_pkey", "Startup Cost": 0.0, "Total Cost": 0.26, "Plan Rows": 1, "Plan Width": 0, "Index Cond": "(n_nationkey = customer.c_nationkey)"}]}]}]}]}, "Unique SQL Id": 2208782157, "Planner Runtime": 3}, "explain_analyze_plan": null}, "(64, 72)": {"explain_plan": {"Plan": {"Node Type": "Sort", "Startup Cost": 655180.01, "Total Cost": 655189.23, "Plan Rows": 3688, "Plan Width": 84, "Sort Key": ["n1.n_name", "n2.n_name", "(date_part('year'::text, lineitem.l_shipdate))"], "Plans": [{"Node Type": "Aggregate", "Strategy": "Hashed", "Parent Relationship": "Outer", "Startup Cost": 654915.42, "Total Cost": 654961.52, "Plan Rows": 3688, "Plan Width": 84, "Group By Key": ["n1.n_name", "n2.n_name", "date_part('year'::text, lineitem.l_shipdate)"], "Plans": [{"Node Type": "Hash Join", "Parent Relationship": "Outer", "Join Type": "Inner", "Startup Cost": 4783.0, "Total Cost": 654860.1, "Plan Rows": 3688, "Plan Width": 76, "Inner Unique": true, "Hash Cond": "((lineitem.l_suppkey = supplier.s_suppkey) AND (n1.n_nationkey = supplier.s_nationkey))", "Plans": [{"Node Type": "Nested Loop", "Parent Relationship": "Outer", "Join Type": "Inner", "Startup Cost": 0.0, "Total Cost": 644493.13, "Plan Rows": 740786, "Plan Width": 88, "Inner Unique": false, "Plans": [{"Node Type": "Nested Loop", "Parent Relationship": "Outer", "Join Type": "Inner", "Startup Cost": 0.0, "Total Cost": 167755.5, "Plan Rows": 504972, "Plan Width": 64, "Inner Unique": false, "Plans": [{"Node Type": "Nested Loop", "Parent Relationship": "Outer", "Join Type": "Inner", "Startup Cost": 0.0, "Total Cost": 16632.98, "Plan Rows": 119904, "Plan Width": 64, "Inner Unique": false, "Plans": [{"Node Type": "Nested Loop", "Parent Relationship": "Outer", "Join Type": "Inner", "Startup Cost": 0.0, "Total Cost": 28.12, "Plan Rows": 2, "Plan Width": 60, "Inner Unique": false, "Join Filter": "(((n1.n_name = 'JAPAN'::bpchar) AND (n2.n_name = 'INDIA'::bpchar)) OR ((n1.n_name = 'INDIA'::bpchar) AND (n2.n_name = 'JAPAN'::bpchar)))", "Plans": [{"Node Type": "Index Scan", "Parent Relationship": "Outer", "Scan Direction": "Forward", "Index Name": "nation_pkey", "Relation Name": "nation", "Alias": "n1", "Startup Cost": 0.0, "Total Cost": 12.75, "Plan Rows": 25, "Plan Width": 30, "Filter": "((n_name = 'JAPAN'::bpchar) OR (n_name = 'INDIA'::bpchar))"}, {"Node Type": "Materialize", "Parent Relationship": "Inner", "Startup Cost": 0.0, "Total Cost": 1.38, "Plan Rows": 25, "Plan Width": 30, "Plans": [{"Node Type": "Seq Scan", "Parent Relationship": "Outer", "Relation Name": "nation", "Alias": "n2", "Startup Cost": 0.0, "Total Cost": 1.25, "Plan Rows": 25, "Plan Width": 30, "Filter": "((n_name = 'INDIA'::bpchar) OR (n_name = 'JAPAN'::bpchar))"}]}]}, {"Node Type": "Index Scan", "Parent Relationship": "Inner", "Scan Direction": "Forward", "Index Name": "idx_customer_nationkey", "Relation Name": "customer", "Alias": "customer", "Startup Cost": 0.0, "Total Cost": 7702.43, "Plan Rows": 60000, "Plan Width": 12, "Index Cond": "(c_nationkey = n2.n_nationkey)"}]}, {"Node Type": "Index Scan", "Parent Relationship": "Inner", "Scan Direction": "Forward", "Index Name": "idx_orders_custkey", "Relation Name": "orders", "Alias": "orders", "Startup Cost": 0.0, "Total Cost": 1.22, "Plan Rows": 4, "Plan Width": 16, "Index Cond": "(o_custkey = customer.c_custkey)"}]}, {"Node Type": "Index Scan", "Parent Relationship": "Inner", "Scan Direction": "Forward", "Index Name": "idx_lineitem_orderkey", "Relation Name": "lineitem", "Alias": "lineitem", "Startup Cost": 0.0, "Total Cost": 0.91, "Plan Rows": 3, "Plan Width": 40, "Index Cond": "(l_orderkey = orders.o_orderkey)", "Filter": "((l_shipdate >= '1995-01-01 00:00:00'::timestamp(0) without time zone) AND (l_shipdate <= '1996-12-31 00:00:00'::timestamp(0) without time zone))"}]}, {"Node Type": "Hash", "Parent Relationship": "Inner", "Startup Cost": 3283.0, "Total Cost": 3283.0, "Plan Rows": 100000, "Plan Width": 12, "Plans": [{"Node Type": "Seq Scan", "Parent Relationship": "Outer", "Relation Name": "supplier", "Alias": "supplier", "Startup Cost": 0.0, "Total Cost": 3283.0, "Plan Rows": 100000, "Plan Width": 12}]}]}]}]}, "Unique SQL Id": 2208782157, "Planner Runtime": 5}, "explain_analyze_plan": {"Plan": {"Node Type": "Sort", "Startup Cost": 655180.01, "Total Cost": 655189.23, "Plan Rows": 3688, "Plan Width": 84, "Actual Startup Time": 20315.297, "Actual Total Time": 20315.297, "Actual Rows": 4, "Actual Loops": 1, "Sort Key": ["n1.n_name", "n2.n_name", "(date_part('year'::text, lineitem.l_shipdate))"], "Sort Method": "quicksort", "Sort Space Used": 25, "Sort Space Type": "Memory", "Plans": [{"Node Type": "Aggregate", "Strategy": "Hashed", "Parent Relationship": "Outer", "Startup Cost": 654915.42, "Total Cost": 654961.52, "Plan Rows": 3688, "Plan Width": 84, "Actual Startup Time": 20315.255, "Actual Total Time": 20315.259, "Actual Rows": 4, "Actual Loops": 1, "Group By Key": ["n1.n_name", "n2.n_name", "date_part('year'::text, lineitem.l_shipdate)"], "Plans": [{"Node Type": "Hash Join", "Parent Relationship": "Outer", "Join Type": "Inner", "Startup Cost": 4783.0, "Total Cost": 654860.1, "Plan Rows": 3688, "Plan Width": 76, "Actual Startup Time": 69.016, "Actual Total Time": 20216.881, "Actual Rows": 58554, "Actual Loops": 1, "Inner Unique": true, "Hash Cond": "((lineitem.l_suppkey = supplier.s_suppkey) AND (n1.n_nationkey = supplier.s_nationkey))", "Plans": [{"Node Type": "Nested Loop", "Parent Relationship": "Outer", "Join Type": "Inner", "Startup Cost": 0.0, "Total Cost": 644493.13, "Plan Rows": 740786, "Plan Width": 88, "Actual Startup Time": 0.177, "Actual Total Time": 19476.148, "Actual Rows": 1459150, "Actual Loops": 1, "Inner Unique": false, "Plans": [{"Node Type": "Nested Loop", "Parent Relationship": "Outer", "Join Type": "Inner", "Startup Cost": 0.0, "Total Cost": 167755.5, "Plan Rows": 504972, "Plan Width": 64, "Actual Startup Time": 0.106, "Actual Total Time": 4191.716, "Actual Rows": 1200363, "Actual Loops": 1, "Inner Unique": false, "Plans": [{"Node Type": "Nested Loop", "Parent Relationship": "Outer", "Join Type": "Inner", "Startup Cost": 0.0, "Total Cost": 16632.98, "Plan Rows": 119904, "Plan Width": 64, "Actual Startup Time": 0.094, "Actual Total Time": 227.921, "Actual Rows": 119972, "Actual Loops": 1, "Inner Unique": false, "Plans": [{"Node Type": "Nested Loop", "Parent Relationship": "Outer", "Join Type": "Inner", "Startup Cost": 0.0, "Total Cost": 28.12, "Plan Rows": 2, "Plan Width": 60, "Actual Startup Time": 0.058, "Actual Total Time": 0.245, "Actual Rows": 2, "Actual Loops": 1, "Inner Unique": false, "Join Filter": "(((n1.n_name = 'JAPAN'::bpchar) AND (n2.n_name = 'INDIA'::bpchar)) OR ((n1.n_name = 'INDIA'::bpchar) AND (n2.n_name = 'JAPAN'::bpchar)))", "Rows Removed by Join Filter": 2, "Plans": [{"Node Type": "Index Scan", "Parent Relationship": "Outer", "Scan Direction": "Forward", "Index Name": "nation_pkey", "Relation Name": "nation", "Alias": "n1", "Startup Cost": 0.0, "Total Cost": 12.75, "Plan Rows": 25, "Plan Width": 30, "Actual Startup Time": 0.021, "Actual Total Time": 0.053, "Actual Rows": 2, "Actual Loops": 1, "Filter": "((n_name = 'JAPAN'::bpchar) OR (n_name = 'INDIA'::bpchar))", "Rows Removed by Filter": 23}, {"Node Type": "Materialize", "Parent Relationship": "Inner", "Startup Cost": 0.0, "Total Cost": 1.38, "Plan Rows": 25, "Plan Width": 30, "Actual Startup Time": 0.028, "Actual Total Time": 0.056, "Actual Rows": 4, "Actual Loops": 2, "Plans": [{"Node Type": "Seq Scan", "Parent Relationship": "Outer", "Relation Name": "nation", "Alias": "n2", "Startup Cost": 0.0, "Total Cost": 1.25, "Plan Rows": 25, "Plan Width": 30, "Actual Startup Time": 0.021, "Actual Total Time": 0.043, "Actual Rows": 2, "Actual Loops": 1, "Filter": "((n_name = 'INDIA'::bpchar) OR (n_name = 'JAPAN'::bpchar))", "Rows Removed by Filter": 23}]}]}, {"Node Type": "Index Scan", "Parent Relationship": "Inner", "Scan Direction": "Forward", "Index Name": "idx_customer_nationkey", "Relation Name": "customer", "Alias": "customer", "Startup Cost": 0.0, "Total Cost": 7702.43, "Plan Rows": 60000, "Plan Width": 12, "Actual Startup Time": 0.062, "Actual Total Time": 195.075, "Actual Rows": 119972, "Actual Loops": 2, "Index Cond": "(c_nationkey = n2.n_nationkey)", "Rows Removed by Index Recheck": 0}]}, {"Node Type": "Index Scan", "Parent Relationship": "Inner", "Scan Direction": "Forward", "Index Name": "idx_orders_custkey", "Relation Name": "orders", "Alias": "orders", "Startup Cost": 0.0, "Total Cost": 1.22, "Plan Rows": 4, "Plan Width": 16, "Actual Startup Time": 771.687, "Actual Total Time": 3621.827, "Actual Rows": 1200363, "Actual Loops": 119972, "Index Cond": "(o_custkey = customer.c_custkey)", "Rows Removed by Index Recheck": 0}]}, {"Node Type": "Index Scan", "Parent Relationship": "Inner", "Scan Direction": "Forward", "Index Name": "idx_lineitem_orderkey", "Relation Name": "lineitem", "Alias": "lineitem", "Startup Cost": 0.0, "Total Cost": 0.91, "Plan Rows": 3, "Plan Width": 40, "Actual Startup Time": 13170.471, "Actual Total Time": 14318.898, "Actual Rows": 1459150, "Actual Loops": 1200363, "Index Cond": "(l_orderkey = orders.o_orderkey)", "Rows Removed by Index Recheck": 0, "Filter": "((l_shipdate >= '1995-01-01 00:00:00'::timestamp(0) without time zone) AND (l_shipdate <= '1996-12-31 00:00:00'::timestamp(0) without time zone))", "Rows Removed by Filter": 3342563}]}, {"Node Type": "Hash", "Parent Relationship": "Inner", "Startup Cost": 3283.0, "Total Cost": 3283.0, "Plan Rows": 100000, "Plan Width": 12, "Actual Startup Time": 68.584, "Actual Total Time": 68.584, "Actual Rows": 100000, "Actual Loops": 1, "Hash Buckets": 131072, "Hash Batches": 1, "Original Hash Batches": 1, "Peak Memory Usage": 4297, "Plans": [{"Node Type": "Seq Scan", "Parent Relationship": "Outer", "Relation Name": "supplier", "Alias": "supplier", "Startup Cost": 0.0, "Total Cost": 3283.0, "Plan Rows": 100000, "Plan Width": 12, "Actual Startup Time": 0.01, "Actual Total Time": 38.364, "Actual Rows": 100000, "Actual Loops": 1}]}]}]}]}, "Triggers": [], "Planner Runtime": 3, "Total Runtime": 20315.502, "Unique SQL Id": 2208782157}}, "(64, 73)": {"explain_plan": {"Plan": {"Node Type": "Sort", "Startup Cost": 657243.06, "Total Cost": 657252.28, "Plan Rows": 3688, "Plan Width": 84, "Sort Key": ["n1.n_name", "n2.n_name", "(date_part('year'::text, lineitem.l_shipdate))"], "Plans": [{"Node Type": "Aggregate", "Strategy": "Hashed", "Parent Relationship": "Outer", "Startup Cost": 656978.47, "Total Cost": 657024.57, "Plan Rows": 3688, "Plan Width": 84, "Group By Key": ["n1.n_name", "n2.n_name", "date_part('year'::text, lineitem.l_shipdate)"], "Plans": [{"Node Type": "Hash Join", "Parent Relationship": "Outer", "Join Type": "Inner", "Startup Cost": 6834.54, "Total Cost": 656923.15, "Plan Rows": 3688, "Plan Width": 76, "Inner Unique": true, "Hash Cond": "((lineitem.l_suppkey = supplier.s_suppkey) AND (n1.n_nationkey = supplier.s_nationkey))", "Plans": [{"Node Type": "Nested Loop", "Parent Relationship": "Outer", "Join Type": "Inner", "Startup Cost": 0.0, "Total Cost": 644504.63, "Plan Rows": 740786, "Plan Width": 88, "Inner Unique": false, "Plans": [{"Node Type": "Nested Loop", "Parent Relationship": "Outer", "Join Type": "Inner", "Startup Cost": 0.0, "Total Cost": 167767.0, "Plan Rows": 504972, "Plan Width": 64, "Inner Unique": false, "Plans": [{"Node Type": "Nested Loop", "Parent Relationship": "Outer", "Join Type": "Inner", "Startup Cost": 0.0, "Total Cost": 16644.48, "Plan Rows": 119904, "Plan Width": 64, "Inner Unique": false, "Plans": [{"Node Type": "Nested Loop", "Parent Relationship": "Outer", "Join Type": "Inner", "Startup Cost": 0.0, "Total Cost": 39.62, "Plan Rows": 2, "Plan Width": 60, "Inner Unique": false, "Join Filter": "(((n1.n_name = 'JAPAN'::bpchar) AND (n2.n_name = 'INDIA'::bpchar)) OR ((n1.n_name = 'INDIA'::bpchar) AND (n2.n_name = 'JAPAN'::bpchar)))", "Plans": [{"Node Type": "Index Scan", "Parent Relationship": "Outer", "Scan Direction": "Forward", "Index Name": "nation_pkey", "Relation Name": "nation", "Alias": "n1", "Startup Cost": 0.0, "Total Cost": 12.75, "Plan Rows": 25, "Plan Width": 30, "Filter": "((n_name = 'JAPAN'::bpchar) OR (n_name = 'INDIA'::bpchar))"}, {"Node Type": "Materialize", "Parent Relationship": "Inner", "Startup Cost": 0.0, "Total Cost": 12.88, "Plan Rows": 25, "Plan Width": 30, "Plans": [{"Node Type": "Index Scan", "Parent Relationship": "Outer", "Scan Direction": "Forward", "Index Name": "nation_pkey", "Relation Name": "nation", "Alias": "n2", "Startup Cost": 0.0, "Total Cost": 12.75, "Plan Rows": 25, "Plan Width": 30, "Filter": "((n_name = 'INDIA'::bpchar) OR (n_name = 'JAPAN'::bpchar))"}]}]}, {"Node Type": "Index Scan", "Parent Relationship": "Inner", "Scan Direction": "Forward", "Index Name": "idx_customer_nationkey", "Relation Name": "customer", "Alias": "customer", "Startup Cost": 0.0, "Total Cost": 7702.43, "Plan Rows": 60000, "Plan Width": 12, "Index Cond": "(c_nationkey = n2.n_nationkey)"}]}, {"Node Type": "Index Scan", "Parent Relationship": "Inner", "Scan Direction": "Forward", "Index Name": "idx_orders_custkey", "Relation Name": "orders", "Alias": "orders", "Startup Cost": 0.0, "Total Cost": 1.22, "Plan Rows": 4, "Plan Width": 16, "Index Cond": "(o_custkey = customer.c_custkey)"}]}, {"Node Type": "Index Scan", "Parent Relationship": "Inner", "Scan Direction": "Forward", "Index Name": "idx_lineitem_orderkey", "Relation Name": "lineitem", "Alias": "lineitem", "Startup Cost": 0.0, "Total Cost": 0.91, "Plan Rows": 3, "Plan Width": 40, "Index Cond": "(l_orderkey = orders.o_orderkey)", "Filter": "((l_shipdate >= '1995-01-01 00:00:00'::timestamp(0) without time zone) AND (l_shipdate <= '1996-12-31 00:00:00'::timestamp(0) without time zone))"}]}, {"Node Type": "Hash", "Parent Relationship": "Inner", "Startup Cost": 5334.54, "Total Cost": 5334.54, "Plan Rows": 100000, "Plan Width": 12, "Plans": [{"Node Type": "Index Scan", "Parent Relationship": "Outer", "Scan Direction": "Forward", "Index Name": "supplier_pkey", "Relation Name": "supplier", "Alias": "supplier", "Startup Cost": 0.0, "Total Cost": 5334.54, "Plan Rows": 100000, "Plan Width": 12}]}]}]}]}, "Unique SQL Id": 2208782157, "Planner Runtime": 4}, "explain_analyze_plan": {"Plan": {"Node Type": "Sort", "Startup Cost": 657243.06, "Total Cost": 657252.28, "Plan Rows": 3688, "Plan Width": 84, "Actual Startup Time": 20341.0, "Actual Total Time": 20341.0, "Actual Rows": 4, "Actual Loops": 1, "Sort Key": ["n1.n_name", "n2.n_name", "(date_part('year'::text, lineitem.l_shipdate))"], "Sort Method": "quicksort", "Sort Space Used": 25, "Sort Space Type": "Memory", "Plans": [{"Node Type": "Aggregate", "Strategy": "Hashed", "Parent Relationship": "Outer", "Startup Cost": 656978.47, "Total Cost": 657024.57, "Plan Rows": 3688, "Plan Width": 84, "Actual Startup Time": 20340.963, "Actual Total Time": 20340.968, "Actual Rows": 4, "Actual Loops": 1, "Group By Key": ["n1.n_name", "n2.n_name", "date_part('year'::text, lineitem.l_shipdate)"], "Plans": [{"Node Type": "Hash Join", "Parent Relationship": "Outer", "Join Type": "Inner", "Startup Cost": 6834.54, "Total Cost": 656923.15, "Plan Rows": 3688, "Plan Width": 76, "Actual Startup Time": 111.463, "Actual Total Time": 20242.064, "Actual Rows": 58554, "Actual Loops": 1, "Inner Unique": true, "Hash Cond": "((lineitem.l_suppkey = supplier.s_suppkey) AND (n1.n_nationkey = supplier.s_nationkey))", "Plans": [{"Node Type": "Nested Loop", "Parent Relationship": "Outer", "Join Type": "Inner", "Startup Cost": 0.0, "Total Cost": 644504.63, "Plan Rows": 740786, "Plan Width": 88, "Actual Startup Time": 0.156, "Actual Total Time": 19442.806, "Actual Rows": 1459150, "Actual Loops": 1, "Inner Unique": false, "Plans": [{"Node Type": "Nested Loop", "Parent Relationship": "Outer", "Join Type": "Inner", "Startup Cost": 0.0, "Total Cost": 167767.0, "Plan Rows": 504972, "Plan Width": 64, "Actual Startup Time": 0.104, "Actual Total Time": 4180.41, "Actual Rows": 1200363, "Actual Loops": 1, "Inner Unique": false, "Plans": [{"Node Type": "Nested Loop", "Parent Relationship": "Outer", "Join Type": "Inner", "Startup Cost": 0.0, "Total Cost": 16644.48, "Plan Rows": 119904, "Plan Width": 64, "Actual Startup Time": 0.091, "Actual Total Time": 229.651, "Actual Rows": 119972, "Actual Loops": 1, "Inner Unique": false, "Plans": [{"Node Type": "Nested Loop", "Parent Relationship": "Outer", "Join Type": "Inner", "Startup Cost": 0.0, "Total Cost": 39.62, "Plan Rows": 2, "Plan Width": 60, "Actual Startup Time": 0.057, "Actual Total Time": 0.282, "Actual Rows": 2, "Actual Loops": 1, "Inner Unique": false, "Join Filter": "(((n1.n_name = 'JAPAN'::bpchar) AND (n2.n_name = 'INDIA'::bpchar)) OR ((n1.n_name = 'INDIA'::bpchar) AND (n2.n_name = 'JAPAN'::bpchar)))", "Rows Removed by Join Filter": 2, "Plans": [{"Node Type": "Index Scan", "Parent Relationship": "Outer", "Scan Direction": "Forward", "Index Name": "nation_pkey", "Relation Name": "nation", "Alias": "n1", "Startup Cost": 0.0, "Total Cost": 12.75, "Plan Rows": 25, "Plan Width": 30, "Actual Startup Time": 0.023, "Actual Total Time": 0.046, "Actual Rows": 2, "Actual Loops": 1, "Filter": "((n_name = 'JAPAN'::bpchar) OR (n_name = 'INDIA'::bpchar))", "Rows Removed by Filter": 23}, {"Node Type": "Materialize", "Parent Relationship": "Inner", "Startup Cost": 0.0, "Total Cost": 12.88, "Plan Rows": 25, "Plan Width": 30, "Actual Startup Time": 0.026, "Actual Total Time": 0.192, "Actual Rows": 4, "Actual Loops": 2, "Plans": [{"Node Type": "Index Scan", "Parent Relationship": "Outer", "Scan Direction": "Forward", "Index Name": "nation_pkey", "Relation Name": "nation", "Alias": "n2", "Startup Cost": 0.0, "Total Cost": 12.75, "Plan Rows": 25, "Plan Width": 30, "Actual Startup Time": 0.011, "Actual Total Time": 0.046, "Actual Rows": 2, "Actual Loops": 1, "Filter": "((n_name = 'INDIA'::bpchar) OR (n_name = 'JAPAN'::bpchar))", "Rows Removed by Filter": 23}]}]}, {"Node Type": "Index Scan", "Parent Relationship": "Inner", "Scan Direction": "Forward", "Index Name": "idx_customer_nationkey", "Relation Name": "customer", "Alias": "customer", "Startup Cost": 0.0, "Total Cost": 7702.43, "Plan Rows": 60000, "Plan Width": 12, "Actual Startup Time": 0.061, "Actual Total Time": 194.905, "Actual Rows": 119972, "Actual Loops": 2, "Index Cond": "(c_nationkey = n2.n_nationkey)", "Rows Removed by Index Recheck": 0}]}, {"Node Type": "Index Scan", "Parent Relationship": "Inner", "Scan Direction": "Forward", "Index Name": "idx_orders_custkey", "Relation Name": "orders", "Alias": "orders", "Startup Cost": 0.0, "Total Cost": 1.22, "Plan Rows": 4, "Plan Width": 16, "Actual Startup Time": 770.574, "Actual Total Time": 3603.0, "Actual Rows": 1200363, "Actual Loops": 119972, "Index Cond": "(o_custkey = customer.c_custkey)", "Rows Removed by Index Recheck": 0}]}, {"Node Type": "Index Scan", "Parent Relationship": "Inner", "Scan Direction": "Forward", "Index Name": "idx_lineitem_orderkey", "Relation Name": "lineitem", "Alias": "lineitem", "Startup Cost": 0.0, "Total Cost": 0.91, "Plan Rows": 3, "Plan Width": 40, "Actual Startup Time": 13140.934, "Actual Total Time": 14293.094, "Actual Rows": 1459150, "Actual Loops": 1200363, "Index Cond": "(l_orderkey = orders.o_orderkey)", "Rows Removed by Index Recheck": 0, "Filter": "((l_shipdate >= '1995-01-01 00:00:00'::timestamp(0) without time zone) AND (l_shipdate <= '1996-12-31 00:00:00'::timestamp(0) without time zone))", "Rows Removed by Filter": 3342563}]}, {"Node Type": "Hash", "Parent Relationship": "Inner", "Startup Cost": 5334.54, "Total Cost": 5334.54, "Plan Rows": 100000, "Plan Width": 12, "Actual Startup Time": 111.044, "Actual Total Time": 111.044, "Actual Rows": 100000, "Actual Loops": 1, "Hash Buckets": 131072, "Hash Batches": 1, "Original Hash Batches": 1, "Peak Memory Usage": 4297, "Plans": [{"Node Type": "Index Scan", "Parent Relationship": "Outer", "Scan Direction": "Forward", "Index Name": "supplier_pkey", "Relation Name": "supplier", "Alias": "supplier", "Startup Cost": 0.0, "Total Cost": 5334.54, "Plan Rows": 100000, "Plan Width": 12, "Actual Startup Time": 0.018, "Actual Total Time": 78.364, "Actual Rows": 100000, "Actual Loops": 1}]}]}]}]}, "Triggers": [], "Planner Runtime": 2, "Total Runtime": 20341.211, "Unique SQL Id": 2208782157}}, "(64, 74)": {"explain_plan": {"Plan": {"Node Type": "Sort", "Startup Cost": 2961361.75, "Total Cost": 2961370.97, "Plan Rows": 3688, "Plan Width": 84, "Sort Key": ["n1.n_name", "n2.n_name", "(date_part('year'::text, lineitem.l_shipdate))"], "Plans": [{"Node Type": "Aggregate", "Strategy": "Hashed", "Parent Relationship": "Outer", "Startup Cost": 2961097.16, "Total Cost": 2961143.26, "Plan Rows": 3688, "Plan Width": 84, "Group By Key": ["n1.n_name", "n2.n_name", "date_part('year'::text, lineitem.l_shipdate)"], "Plans": [{"Node Type": "Hash Join", "Parent Relationship": "Outer", "Join Type": "Inner", "Startup Cost": 557677.12, "Total Cost": 2961041.84, "Plan Rows": 3688, "Plan Width": 76, "Inner Unique": true, "Hash Cond": "((lineitem.l_suppkey = supplier.s_suppkey) AND (n1.n_nationkey = supplier.s_nationkey))", "Plans": [{"Node Type": "Hash Join", "Parent Relationship": "Outer", "Join Type": "Inner", "Startup Cost": 552894.12, "Total Cost": 2950674.86, "Plan Rows": 740786, "Plan Width": 88, "Inner Unique": false, "Hash Cond": "(lineitem.l_orderkey = orders.o_orderkey), (LLVM Optimized)", "Plans": [{"Node Type": "Seq Scan", "Parent Relationship": "Outer", "Relation Name": "lineitem", "Alias": "lineitem", "Startup Cost": 44.59, "Total Cost": 2315050.5, "Plan Rows": 18124991, "Plan Width": 40, "Filter": "((l_shipdate >= '1995-01-01 00:00:00'::timestamp(0) without time zone) AND (l_shipdate <= '1996-12-31 00:00:00'::timestamp(0) without time zone)), (LLVM Optimized)"}, {"Node Type": "Hash", "Parent Relationship": "Inner", "Startup Cost": 546537.38, "Total Cost": 546537.38, "Plan Rows": 504972, "Plan Width": 64, "Plans": [{"Node Type": "Hash Join", "Parent Relationship": "Outer", "Join Type": "Inner", "Startup Cost": 58825.83, "Total Cost": 546537.38, "Plan Rows": 504972, "Plan Width": 64, "Inner Unique": false, "Hash Cond": "(orders.o_custkey = customer.c_custkey), (LLVM Optimized)", "Plans": [{"Node Type": "Seq Scan", "Parent Relationship": "Outer", "Relation Name": "orders", "Alias": "orders", "Startup Cost": 0.0, "Total Cost": 426413.79, "Plan Rows": 14999479, "Plan Width": 16}, {"Node Type": "Hash", "Parent Relationship": "Inner", "Startup Cost": 57327.03, "Total Cost": 57327.03, "Plan Rows": 119904, "Plan Width": 64, "Plans": [{"Node Type": "Hash Join", "Parent Relationship": "Outer", "Join Type": "Inner", "Startup Cost": 16.65, "Total Cost": 57327.03, "Plan Rows": 119904, "Plan Width": 64, "Inner Unique": false, "Hash Cond": "(customer.c_nationkey = n2.n_nationkey), (LLVM Optimized)", "Plans": [{"Node Type": "Seq Scan", "Parent Relationship": "Outer", "Relation Name": "customer", "Alias": "customer", "Startup Cost": 0.0, "Total Cost": 52126.0, "Plan Rows": 1500000, "Plan Width": 12}, {"Node Type": "Hash", "Parent Relationship": "Inner", "Startup Cost": 16.62, "Total Cost": 16.62, "Plan Rows": 2, "Plan Width": 60, "Plans": [{"Node Type": "Nested Loop", "Parent Relationship": "Outer", "Join Type": "Inner", "Startup Cost": 0.0, "Total Cost": 16.62, "Plan Rows": 2, "Plan Width": 60, "Inner Unique": false, "Join Filter": "(((n1.n_name = 'JAPAN'::bpchar) AND (n2.n_name = 'INDIA'::bpchar)) OR ((n1.n_name = 'INDIA'::bpchar) AND (n2.n_name = 'JAPAN'::bpchar)))", "Plans": [{"Node Type": "Seq Scan", "Parent Relationship": "Outer", "Relation Name": "nation", "Alias": "n1", "Startup Cost": 0.0, "Total Cost": 1.25, "Plan Rows": 25, "Plan Width": 30, "Filter": "((n_name = 'JAPAN'::bpchar) OR (n_name = 'INDIA'::bpchar))"}, {"Node Type": "Materialize", "Parent Relationship": "Inner", "Startup Cost": 0.0, "Total Cost": 1.38, "Plan Rows": 25, "Plan Width": 30, "Plans": [{"Node Type": "Seq Scan", "Parent Relationship": "Outer", "Relation Name": "nation", "Alias": "n2", "Startup Cost": 0.0, "Total Cost": 1.25, "Plan Rows": 25, "Plan Width": 30, "Filter": "((n_name = 'INDIA'::bpchar) OR (n_name = 'JAPAN'::bpchar))"}]}]}]}]}]}]}]}]}, {"Node Type": "Hash", "Parent Relationship": "Inner", "Startup Cost": 3283.0, "Total Cost": 3283.0, "Plan Rows": 100000, "Plan Width": 12, "Plans": [{"Node Type": "Seq Scan", "Parent Relationship": "Outer", "Relation Name": "supplier", "Alias": "supplier", "Startup Cost": 0.0, "Total Cost": 3283.0, "Plan Rows": 100000, "Plan Width": 12}]}]}]}]}, "Unique SQL Id": 2208782157, "Planner Runtime": 4}, "explain_analyze_plan": {"Plan": {"Node Type": "Sort", "Startup Cost": 2961361.75, "Total Cost": 2961370.97, "Plan Rows": 3688, "Plan Width": 84, "Actual Startup Time": 39087.97, "Actual Total Time": 39087.97, "Actual Rows": 4, "Actual Loops": 1, "Sort Key": ["n1.n_name", "n2.n_name", "(date_part('year'::text, lineitem.l_shipdate))"], "Sort Method": "quicksort", "Sort Space Used": 25, "Sort Space Type": "Memory", "Plans": [{"Node Type": "Aggregate", "Strategy": "Hashed", "Parent Relationship": "Outer", "Startup Cost": 2961097.16, "Total Cost": 2961143.26, "Plan Rows": 3688, "Plan Width": 84, "Actual Startup Time": 39087.928, "Actual Total Time": 39087.933, "Actual Rows": 4, "Actual Loops": 1, "Group By Key": ["n1.n_name", "n2.n_name", "date_part('year'::text, lineitem.l_shipdate)"], "Plans": [{"Node Type": "Hash Join", "Parent Relationship": "Outer", "Join Type": "Inner", "Startup Cost": 557677.12, "Total Cost": 2961041.84, "Plan Rows": 3688, "Plan Width": 76, "Actual Startup Time": 9937.976, "Actual Total Time": 38999.287, "Actual Rows": 58554, "Actual Loops": 1, "Inner Unique": true, "Hash Cond": "((lineitem.l_suppkey = supplier.s_suppkey) AND (n1.n_nationkey = supplier.s_nationkey))", "Plans": [{"Node Type": "Hash Join", "Parent Relationship": "Outer", "Join Type": "Inner", "Startup Cost": 552894.12, "Total Cost": 2950674.86, "Plan Rows": 740786, "Plan Width": 88, "Actual Startup Time": 9866.385, "Actual Total Time": 38269.641, "Actual Rows": 1459150, "Actual Loops": 1, "Inner Unique": false, "Hash Cond": "(lineitem.l_orderkey = orders.o_orderkey), (LLVM Optimized, Jit Execute)", "Plans": [{"Node Type": "Seq Scan", "Parent Relationship": "Outer", "Relation Name": "lineitem", "Alias": "lineitem", "Startup Cost": 44.59, "Total Cost": 2315050.5, "Plan Rows": 18124991, "Plan Width": 40, "Actual Startup Time": 0.027, "Actual Total Time": 22462.218, "Actual Rows": 18230325, "Actual Loops": 1, "Filter": "((l_shipdate >= '1995-01-01 00:00:00'::timestamp(0) without time zone) AND (l_shipdate <= '1996-12-31 00:00:00'::timestamp(0) without time zone)), (LLVM Optimized, Jit Execute)", "Rows Removed by Filter": 41755727}, {"Node Type": "Hash", "Parent Relationship": "Inner", "Startup Cost": 546537.38, "Total Cost": 546537.38, "Plan Rows": 504972, "Plan Width": 64, "Actual Startup Time": 9865.556, "Actual Total Time": 9865.556, "Actual Rows": 1200363, "Actual Loops": 1, "Hash Buckets": 524288, "Hash Batches": 1, "Original Hash Batches": 1, "Peak Memory Usage": 112535, "Plans": [{"Node Type": "Hash Join", "Parent Relationship": "Outer", "Join Type": "Inner", "Startup Cost": 58825.83, "Total Cost": 546537.38, "Plan Rows": 504972, "Plan Width": 64, "Actual Startup Time": 838.758, "Actual Total Time": 9389.715, "Actual Rows": 1200363, "Actual Loops": 1, "Inner Unique": false, "Hash Cond": "(orders.o_custkey = customer.c_custkey), (LLVM Optimized, Jit Execute)", "Plans": [{"Node Type": "Seq Scan", "Parent Relationship": "Outer", "Relation Name": "orders", "Alias": "orders", "Startup Cost": 0.0, "Total Cost": 426413.79, "Plan Rows": 14999479, "Plan Width": 16, "Actual Startup Time": 0.026, "Actual Total Time": 4232.637, "Actual Rows": 15000000, "Actual Loops": 1}, {"Node Type": "Hash", "Parent Relationship": "Inner", "Startup Cost": 57327.03, "Total Cost": 57327.03, "Plan Rows": 119904, "Plan Width": 64, "Actual Startup Time": 838.604, "Actual Total Time": 838.604, "Actual Rows": 119972, "Actual Loops": 1, "Hash Buckets": 131072, "Hash Batches": 1, "Original Hash Batches": 1, "Peak Memory Usage": 11248, "Plans": [{"Node Type": "Hash Join", "Parent Relationship": "Outer", "Join Type": "Inner", "Startup Cost": 16.65, "Total Cost": 57327.03, "Plan Rows": 119904, "Plan Width": 64, "Actual Startup Time": 0.125, "Actual Total Time": 795.819, "Actual Rows": 119972, "Actual Loops": 1, "Inner Unique": false, "Hash Cond": "(customer.c_nationkey = n2.n_nationkey), (LLVM Optimized, Jit Execute)", "Plans": [{"Node Type": "Seq Scan", "Parent Relationship": "Outer", "Relation Name": "customer", "Alias": "customer", "Startup Cost": 0.0, "Total Cost": 52126.0, "Plan Rows": 1500000, "Plan Width": 12, "Actual Startup Time": 0.012, "Actual Total Time": 476.1, "Actual Rows": 1500000, "Actual Loops": 1}, {"Node Type": "Hash", "Parent Relationship": "Inner", "Startup Cost": 16.62, "Total Cost": 16.62, "Plan Rows": 2, "Plan Width": 60, "Actual Startup Time": 0.077, "Actual Total Time": 0.077, "Actual Rows": 2, "Actual Loops": 1, "Hash Buckets": 32768, "Hash Batches": 1, "Original Hash Batches": 1, "Peak Memory Usage": 1, "Plans": [{"Node Type": "Nested Loop", "Parent Relationship": "Outer", "Join Type": "Inner", "Startup Cost": 0.0, "Total Cost": 16.62, "Plan Rows": 2, "Plan Width": 60, "Actual Startup Time": 0.053, "Actual Total Time": 0.072, "Actual Rows": 2, "Actual Loops": 1, "Inner Unique": false, "Join Filter": "(((n1.n_name = 'JAPAN'::bpchar) AND (n2.n_name = 'INDIA'::bpchar)) OR ((n1.n_name = 'INDIA'::bpchar) AND (n2.n_name = 'JAPAN'::bpchar)))", "Rows Removed by Join Filter": 2, "Plans": [{"Node Type": "Seq Scan", "Parent Relationship": "Outer", "Relation Name": "nation", "Alias": "n1", "Startup Cost": 0.0, "Total Cost": 1.25, "Plan Rows": 25, "Plan Width": 30, "Actual Startup Time": 0.023, "Actual Total Time": 0.029, "Actual Rows": 2, "Actual Loops": 1, "Filter": "((n_name = 'JAPAN'::bpchar) OR (n_name = 'INDIA'::bpchar))", "Rows Removed by Filter": 23}, {"Node Type": "Materialize", "Parent Relationship": "Inner", "Startup Cost": 0.0, "Total Cost": 1.38, "Plan Rows": 25, "Plan Width": 30, "Actual Startup Time": 0.017, "Actual Total Time": 0.025, "Actual Rows": 4, "Actual Loops": 2, "Plans": [{"Node Type": "Seq Scan", "Parent Relationship": "Outer", "Relation Name": "nation", "Alias": "n2", "Startup Cost": 0.0, "Total Cost": 1.25, "Plan Rows": 25, "Plan Width": 30, "Actual Startup Time": 0.013, "Actual Total Time": 0.021, "Actual Rows": 2, "Actual Loops": 1, "Filter": "((n_name = 'INDIA'::bpchar) OR (n_name = 'JAPAN'::bpchar))", "Rows Removed by Filter": 23}]}]}]}]}]}]}]}]}, {"Node Type": "Hash", "Parent Relationship": "Inner", "Startup Cost": 3283.0, "Total Cost": 3283.0, "Plan Rows": 100000, "Plan Width": 12, "Actual Startup Time": 70.725, "Actual Total Time": 70.725, "Actual Rows": 100000, "Actual Loops": 1, "Hash Buckets": 131072, "Hash Batches": 1, "Original Hash Batches": 1, "Peak Memory Usage": 4297, "Plans": [{"Node Type": "Seq Scan", "Parent Relationship": "Outer", "Relation Name": "supplier", "Alias": "supplier", "Startup Cost": 0.0, "Total Cost": 3283.0, "Plan Rows": 100000, "Plan Width": 12, "Actual Startup Time": 0.017, "Actual Total Time": 40.465, "Actual Rows": 100000, "Actual Loops": 1}]}]}]}]}, "Triggers": [], "Planner Runtime": 3, "Total Runtime": 39097.696, "Unique SQL Id": 2208782157}}, "(64, 75)": {"explain_plan": {"Plan": {"Node Type": "Sort", "Startup Cost": 6000528499692.61, "Total Cost": 6000528499701.83, "Plan Rows": 3688, "Plan Width": 84, "Sort Key": ["n1.n_name", "n2.n_name", "(date_part('year'::text, lineitem.l_shipdate))"], "Plans": [{"Node Type": "Aggregate", "Strategy": "Hashed", "Parent Relationship": "Outer", "Startup Cost": 6000528499428.02, "Total Cost": 6000528499474.12, "Plan Rows": 3688, "Plan Width": 84, "Group By Key": ["n1.n_name", "n2.n_name", "date_part('year'::text, lineitem.l_shipdate)"], "Plans": [{"Node Type": "Merge Join", "Parent Relationship": "Outer", "Join Type": "Inner", "Startup Cost": 2040036905929.45, "Total Cost": 6000528499372.7, "Plan Rows": 3688, "Plan Width": 76, "Inner Unique": true, "Merge Cond": "(n2.n_nationkey = customer.c_nationkey)", "Join Filter": "(orders.o_custkey = customer.c_custkey)", "Plans": [{"Node Type": "Nested Loop", "Parent Relationship": "Outer", "Join Type": "Inner", "Startup Cost": 2030036905929.45, "Total Cost": 5000412481636.71, "Plan Rows": 92207, "Plan Width": 88, "Inner Unique": false, "Join Filter": "(((n1.n_name = 'JAPAN'::bpchar) AND (n2.n_name = 'INDIA'::bpchar)) OR ((n1.n_name = 'INDIA'::bpchar) AND (n2.n_name = 'JAPAN'::bpchar)))", "Plans": [{"Node Type": "Index Scan", "Parent Relationship": "Outer", "Scan Direction": "Forward", "Index Name": "nation_pkey", "Relation Name": "nation", "Alias": "n2", "Startup Cost": 10000000000.0, "Total Cost": 1000000001275.0, "Plan Rows": 25, "Plan Width": 30, "Filter": "((n_name = 'INDIA'::bpchar) OR (n_name = 'JAPAN'::bpchar))"}, {"Node Type": "Materialize", "Parent Relationship": "Inner", "Startup Cost": 2020036905929.45, "Total Cost": 4000411834393.31, "Plan Rows": 1153515, "Plan Width": 58, "Plans": [{"Node Type": "Hash Join", "Parent Relationship": "Outer", "Join Type": "Inner", "Startup Cost": 2020036905929.45, "Total Cost": 4000411828625.73, "Plan Rows": 1153515, "Plan Width": 58, "Inner Unique": true, "Hash Cond": "(supplier.s_nationkey = n1.n_nationkey), (LLVM Optimized)", "Plans": [{"Node Type": "Hash Join", "Parent Relationship": "Outer", "Join Type": "Inner", "Startup Cost": 1020036904654.13, "Total Cost": 3000411811489.59, "Plan Rows": 1153515, "Plan Width": 36, "Inner Unique": true, "Hash Cond": "(lineitem.l_suppkey = supplier.s_suppkey), (LLVM Optimized)", "Plans": [{"Node Type": "Merge Join", "Parent Relationship": "Outer", "Join Type": "Inner", "Startup Cost": 20036369949.75, "Total Cost": 2000411197281.34, "Plan Rows": 18124991, "Plan Width": 40, "Inner Unique": false, "Merge Cond": "(orders.o_orderkey = lineitem.l_orderkey)", "Plans": [{"Node Type": "Index Scan", "Parent Relationship": "Outer", "Scan Direction": "Forward", "Index Name": "orders_pkey", "Relation Name": "orders", "Alias": "orders", "Startup Cost": 10000000000.0, "Total Cost": 1000073097843.5, "Plan Rows": 14999479, "Plan Width": 16}, {"Node Type": "Index Scan", "Parent Relationship": "Inner", "Scan Direction": "Forward", "Index Name": "idx_lineitem_orderkey", "Relation Name": "lineitem", "Alias": "lineitem", "Startup Cost": 10000000000.0, "Total Cost": 1000354008891.0, "Plan Rows": 18124991, "Plan Width": 40, "Filter": "((l_shipdate >= '1995-01-01 00:00:00'::timestamp(0) without time zone) AND (l_shipdate <= '1996-12-31 00:00:00'::timestamp(0) without time zone)), (LLVM Optimized)"}]}, {"Node Type": "Hash", "Parent Relationship": "Inner", "Startup Cost": 1000000533454.38, "Total Cost": 1000000533454.38, "Plan Rows": 100000, "Plan Width": 12, "Plans": [{"Node Type": "Index Scan", "Parent Relationship": "Outer", "Scan Direction": "Forward", "Index Name": "supplier_pkey", "Relation Name": "supplier", "Alias": "supplier", "Startup Cost": 10000000000.0, "Total Cost": 1000000533454.38, "Plan Rows": 100000, "Plan Width": 12}]}]}, {"Node Type": "Hash", "Parent Relationship": "Inner", "Startup Cost": 1000000001275.0, "Total Cost": 1000000001275.0, "Plan Rows": 25, "Plan Width": 30, "Plans": [{"Node Type": "Index Scan", "Parent Relationship": "Outer", "Scan Direction": "Forward", "Index Name": "nation_pkey", "Relation Name": "nation", "Alias": "n1", "Startup Cost": 10000000000.0, "Total Cost": 1000000001275.0, "Plan Rows": 25, "Plan Width": 30, "Filter": "((n_name = 'JAPAN'::bpchar) OR (n_name = 'INDIA'::bpchar))"}]}]}]}]}, {"Node Type": "Materialize", "Parent Relationship": "Inner", "Startup Cost": 10000000000.0, "Total Cost": 1000019203896.25, "Plan Rows": 1500000, "Plan Width": 12, "Plans": [{"Node Type": "Index Scan", "Parent Relationship": "Outer", "Scan Direction": "Forward", "Index Name": "idx_customer_nationkey", "Relation Name": "customer", "Alias": "customer", "Startup Cost": 10000000000.0, "Total Cost": 1000019200146.25, "Plan Rows": 1500000, "Plan Width": 12}]}]}]}]}, "Unique SQL Id": 2208782157, "Planner Runtime": 8}, "explain_analyze_plan": null}, "(64, 76)": {"explain_plan": {"Plan": {"Node Type": "Sort", "Startup Cost": 655180.01, "Total Cost": 655189.23, "Plan Rows": 3688, "Plan Width": 84, "Sort Key": ["n1.n_name", "n2.n_name", "(date_part('year'::text, lineitem.l_shipdate))"], "Plans": [{"Node Type": "Aggregate", "Strategy": "Hashed", "Parent Relationship": "Outer", "Startup Cost": 654915.42, "Total Cost": 654961.52, "Plan Rows": 3688, "Plan Width": 84, "Group By Key": ["n1.n_name", "n2.n_name", "date_part('year'::text, lineitem.l_shipdate)"], "Plans": [{"Node Type": "Hash Join", "Parent Relationship": "Outer", "Join Type": "Inner", "Startup Cost": 4783.0, "Total Cost": 654860.1, "Plan Rows": 3688, "Plan Width": 76, "Inner Unique": true, "Hash Cond": "((lineitem.l_suppkey = supplier.s_suppkey) AND (n1.n_nationkey = supplier.s_nationkey))", "Plans": [{"Node Type": "Nested Loop", "Parent Relationship": "Outer", "Join Type": "Inner", "Startup Cost": 0.0, "Total Cost": 644493.13, "Plan Rows": 740786, "Plan Width": 88, "Inner Unique": false, "Plans": [{"Node Type": "Nested Loop", "Parent Relationship": "Outer", "Join Type": "Inner", "Startup Cost": 0.0, "Total Cost": 167755.5, "Plan Rows": 504972, "Plan Width": 64, "Inner Unique": false, "Plans": [{"Node Type": "Nested Loop", "Parent Relationship": "Outer", "Join Type": "Inner", "Startup Cost": 0.0, "Total Cost": 16632.98, "Plan Rows": 119904, "Plan Width": 64, "Inner Unique": false, "Plans": [{"Node Type": "Nested Loop", "Parent Relationship": "Outer", "Join Type": "Inner", "Startup Cost": 0.0, "Total Cost": 28.12, "Plan Rows": 2, "Plan Width": 60, "Inner Unique": false, "Join Filter": "(((n1.n_name = 'JAPAN'::bpchar) AND (n2.n_name = 'INDIA'::bpchar)) OR ((n1.n_name = 'INDIA'::bpchar) AND (n2.n_name = 'JAPAN'::bpchar)))", "Plans": [{"Node Type": "Index Scan", "Parent Relationship": "Outer", "Scan Direction": "Forward", "Index Name": "nation_pkey", "Relation Name": "nation", "Alias": "n1", "Startup Cost": 0.0, "Total Cost": 12.75, "Plan Rows": 25, "Plan Width": 30, "Filter": "((n_name = 'JAPAN'::bpchar) OR (n_name = 'INDIA'::bpchar))"}, {"Node Type": "Materialize", "Parent Relationship": "Inner", "Startup Cost": 0.0, "Total Cost": 1.38, "Plan Rows": 25, "Plan Width": 30, "Plans": [{"Node Type": "Seq Scan", "Parent Relationship": "Outer", "Relation Name": "nation", "Alias": "n2", "Startup Cost": 0.0, "Total Cost": 1.25, "Plan Rows": 25, "Plan Width": 30, "Filter": "((n_name = 'INDIA'::bpchar) OR (n_name = 'JAPAN'::bpchar))"}]}]}, {"Node Type": "Index Scan", "Parent Relationship": "Inner", "Scan Direction": "Forward", "Index Name": "idx_customer_nationkey", "Relation Name": "customer", "Alias": "customer", "Startup Cost": 0.0, "Total Cost": 7702.43, "Plan Rows": 60000, "Plan Width": 12, "Index Cond": "(c_nationkey = n2.n_nationkey)"}]}, {"Node Type": "Index Scan", "Parent Relationship": "Inner", "Scan Direction": "Forward", "Index Name": "idx_orders_custkey", "Relation Name": "orders", "Alias": "orders", "Startup Cost": 0.0, "Total Cost": 1.22, "Plan Rows": 4, "Plan Width": 16, "Index Cond": "(o_custkey = customer.c_custkey)"}]}, {"Node Type": "Index Scan", "Parent Relationship": "Inner", "Scan Direction": "Forward", "Index Name": "idx_lineitem_orderkey", "Relation Name": "lineitem", "Alias": "lineitem", "Startup Cost": 0.0, "Total Cost": 0.91, "Plan Rows": 3, "Plan Width": 40, "Index Cond": "(l_orderkey = orders.o_orderkey)", "Filter": "((l_shipdate >= '1995-01-01 00:00:00'::timestamp(0) without time zone) AND (l_shipdate <= '1996-12-31 00:00:00'::timestamp(0) without time zone))"}]}, {"Node Type": "Hash", "Parent Relationship": "Inner", "Startup Cost": 3283.0, "Total Cost": 3283.0, "Plan Rows": 100000, "Plan Width": 12, "Plans": [{"Node Type": "Seq Scan", "Parent Relationship": "Outer", "Relation Name": "supplier", "Alias": "supplier", "Startup Cost": 0.0, "Total Cost": 3283.0, "Plan Rows": 100000, "Plan Width": 12}]}]}]}]}, "Unique SQL Id": 2208782157, "Planner Runtime": 5}, "explain_analyze_plan": {"Plan": {"Node Type": "Sort", "Startup Cost": 655180.01, "Total Cost": 655189.23, "Plan Rows": 3688, "Plan Width": 84, "Actual Startup Time": 20315.297, "Actual Total Time": 20315.297, "Actual Rows": 4, "Actual Loops": 1, "Sort Key": ["n1.n_name", "n2.n_name", "(date_part('year'::text, lineitem.l_shipdate))"], "Sort Method": "quicksort", "Sort Space Used": 25, "Sort Space Type": "Memory", "Plans": [{"Node Type": "Aggregate", "Strategy": "Hashed", "Parent Relationship": "Outer", "Startup Cost": 654915.42, "Total Cost": 654961.52, "Plan Rows": 3688, "Plan Width": 84, "Actual Startup Time": 20315.255, "Actual Total Time": 20315.259, "Actual Rows": 4, "Actual Loops": 1, "Group By Key": ["n1.n_name", "n2.n_name", "date_part('year'::text, lineitem.l_shipdate)"], "Plans": [{"Node Type": "Hash Join", "Parent Relationship": "Outer", "Join Type": "Inner", "Startup Cost": 4783.0, "Total Cost": 654860.1, "Plan Rows": 3688, "Plan Width": 76, "Actual Startup Time": 69.016, "Actual Total Time": 20216.881, "Actual Rows": 58554, "Actual Loops": 1, "Inner Unique": true, "Hash Cond": "((lineitem.l_suppkey = supplier.s_suppkey) AND (n1.n_nationkey = supplier.s_nationkey))", "Plans": [{"Node Type": "Nested Loop", "Parent Relationship": "Outer", "Join Type": "Inner", "Startup Cost": 0.0, "Total Cost": 644493.13, "Plan Rows": 740786, "Plan Width": 88, "Actual Startup Time": 0.177, "Actual Total Time": 19476.148, "Actual Rows": 1459150, "Actual Loops": 1, "Inner Unique": false, "Plans": [{"Node Type": "Nested Loop", "Parent Relationship": "Outer", "Join Type": "Inner", "Startup Cost": 0.0, "Total Cost": 167755.5, "Plan Rows": 504972, "Plan Width": 64, "Actual Startup Time": 0.106, "Actual Total Time": 4191.716, "Actual Rows": 1200363, "Actual Loops": 1, "Inner Unique": false, "Plans": [{"Node Type": "Nested Loop", "Parent Relationship": "Outer", "Join Type": "Inner", "Startup Cost": 0.0, "Total Cost": 16632.98, "Plan Rows": 119904, "Plan Width": 64, "Actual Startup Time": 0.094, "Actual Total Time": 227.921, "Actual Rows": 119972, "Actual Loops": 1, "Inner Unique": false, "Plans": [{"Node Type": "Nested Loop", "Parent Relationship": "Outer", "Join Type": "Inner", "Startup Cost": 0.0, "Total Cost": 28.12, "Plan Rows": 2, "Plan Width": 60, "Actual Startup Time": 0.058, "Actual Total Time": 0.245, "Actual Rows": 2, "Actual Loops": 1, "Inner Unique": false, "Join Filter": "(((n1.n_name = 'JAPAN'::bpchar) AND (n2.n_name = 'INDIA'::bpchar)) OR ((n1.n_name = 'INDIA'::bpchar) AND (n2.n_name = 'JAPAN'::bpchar)))", "Rows Removed by Join Filter": 2, "Plans": [{"Node Type": "Index Scan", "Parent Relationship": "Outer", "Scan Direction": "Forward", "Index Name": "nation_pkey", "Relation Name": "nation", "Alias": "n1", "Startup Cost": 0.0, "Total Cost": 12.75, "Plan Rows": 25, "Plan Width": 30, "Actual Startup Time": 0.021, "Actual Total Time": 0.053, "Actual Rows": 2, "Actual Loops": 1, "Filter": "((n_name = 'JAPAN'::bpchar) OR (n_name = 'INDIA'::bpchar))", "Rows Removed by Filter": 23}, {"Node Type": "Materialize", "Parent Relationship": "Inner", "Startup Cost": 0.0, "Total Cost": 1.38, "Plan Rows": 25, "Plan Width": 30, "Actual Startup Time": 0.028, "Actual Total Time": 0.056, "Actual Rows": 4, "Actual Loops": 2, "Plans": [{"Node Type": "Seq Scan", "Parent Relationship": "Outer", "Relation Name": "nation", "Alias": "n2", "Startup Cost": 0.0, "Total Cost": 1.25, "Plan Rows": 25, "Plan Width": 30, "Actual Startup Time": 0.021, "Actual Total Time": 0.043, "Actual Rows": 2, "Actual Loops": 1, "Filter": "((n_name = 'INDIA'::bpchar) OR (n_name = 'JAPAN'::bpchar))", "Rows Removed by Filter": 23}]}]}, {"Node Type": "Index Scan", "Parent Relationship": "Inner", "Scan Direction": "Forward", "Index Name": "idx_customer_nationkey", "Relation Name": "customer", "Alias": "customer", "Startup Cost": 0.0, "Total Cost": 7702.43, "Plan Rows": 60000, "Plan Width": 12, "Actual Startup Time": 0.062, "Actual Total Time": 195.075, "Actual Rows": 119972, "Actual Loops": 2, "Index Cond": "(c_nationkey = n2.n_nationkey)", "Rows Removed by Index Recheck": 0}]}, {"Node Type": "Index Scan", "Parent Relationship": "Inner", "Scan Direction": "Forward", "Index Name": "idx_orders_custkey", "Relation Name": "orders", "Alias": "orders", "Startup Cost": 0.0, "Total Cost": 1.22, "Plan Rows": 4, "Plan Width": 16, "Actual Startup Time": 771.687, "Actual Total Time": 3621.827, "Actual Rows": 1200363, "Actual Loops": 119972, "Index Cond": "(o_custkey = customer.c_custkey)", "Rows Removed by Index Recheck": 0}]}, {"Node Type": "Index Scan", "Parent Relationship": "Inner", "Scan Direction": "Forward", "Index Name": "idx_lineitem_orderkey", "Relation Name": "lineitem", "Alias": "lineitem", "Startup Cost": 0.0, "Total Cost": 0.91, "Plan Rows": 3, "Plan Width": 40, "Actual Startup Time": 13170.471, "Actual Total Time": 14318.898, "Actual Rows": 1459150, "Actual Loops": 1200363, "Index Cond": "(l_orderkey = orders.o_orderkey)", "Rows Removed by Index Recheck": 0, "Filter": "((l_shipdate >= '1995-01-01 00:00:00'::timestamp(0) without time zone) AND (l_shipdate <= '1996-12-31 00:00:00'::timestamp(0) without time zone))", "Rows Removed by Filter": 3342563}]}, {"Node Type": "Hash", "Parent Relationship": "Inner", "Startup Cost": 3283.0, "Total Cost": 3283.0, "Plan Rows": 100000, "Plan Width": 12, "Actual Startup Time": 68.584, "Actual Total Time": 68.584, "Actual Rows": 100000, "Actual Loops": 1, "Hash Buckets": 131072, "Hash Batches": 1, "Original Hash Batches": 1, "Peak Memory Usage": 4297, "Plans": [{"Node Type": "Seq Scan", "Parent Relationship": "Outer", "Relation Name": "supplier", "Alias": "supplier", "Startup Cost": 0.0, "Total Cost": 3283.0, "Plan Rows": 100000, "Plan Width": 12, "Actual Startup Time": 0.01, "Actual Total Time": 38.364, "Actual Rows": 100000, "Actual Loops": 1}]}]}]}]}, "Triggers": [], "Planner Runtime": 3, "Total Runtime": 20315.502, "Unique SQL Id": 2208782157}}, "(64, 77)": {"explain_plan": {"Plan": {"Node Type": "Sort", "Startup Cost": 657243.06, "Total Cost": 657252.28, "Plan Rows": 3688, "Plan Width": 84, "Sort Key": ["n1.n_name", "n2.n_name", "(date_part('year'::text, lineitem.l_shipdate))"], "Plans": [{"Node Type": "Aggregate", "Strategy": "Hashed", "Parent Relationship": "Outer", "Startup Cost": 656978.47, "Total Cost": 657024.57, "Plan Rows": 3688, "Plan Width": 84, "Group By Key": ["n1.n_name", "n2.n_name", "date_part('year'::text, lineitem.l_shipdate)"], "Plans": [{"Node Type": "Hash Join", "Parent Relationship": "Outer", "Join Type": "Inner", "Startup Cost": 6834.54, "Total Cost": 656923.15, "Plan Rows": 3688, "Plan Width": 76, "Inner Unique": true, "Hash Cond": "((lineitem.l_suppkey = supplier.s_suppkey) AND (n1.n_nationkey = supplier.s_nationkey))", "Plans": [{"Node Type": "Nested Loop", "Parent Relationship": "Outer", "Join Type": "Inner", "Startup Cost": 0.0, "Total Cost": 644504.63, "Plan Rows": 740786, "Plan Width": 88, "Inner Unique": false, "Plans": [{"Node Type": "Nested Loop", "Parent Relationship": "Outer", "Join Type": "Inner", "Startup Cost": 0.0, "Total Cost": 167767.0, "Plan Rows": 504972, "Plan Width": 64, "Inner Unique": false, "Plans": [{"Node Type": "Nested Loop", "Parent Relationship": "Outer", "Join Type": "Inner", "Startup Cost": 0.0, "Total Cost": 16644.48, "Plan Rows": 119904, "Plan Width": 64, "Inner Unique": false, "Plans": [{"Node Type": "Nested Loop", "Parent Relationship": "Outer", "Join Type": "Inner", "Startup Cost": 0.0, "Total Cost": 39.62, "Plan Rows": 2, "Plan Width": 60, "Inner Unique": false, "Join Filter": "(((n1.n_name = 'JAPAN'::bpchar) AND (n2.n_name = 'INDIA'::bpchar)) OR ((n1.n_name = 'INDIA'::bpchar) AND (n2.n_name = 'JAPAN'::bpchar)))", "Plans": [{"Node Type": "Index Scan", "Parent Relationship": "Outer", "Scan Direction": "Forward", "Index Name": "nation_pkey", "Relation Name": "nation", "Alias": "n1", "Startup Cost": 0.0, "Total Cost": 12.75, "Plan Rows": 25, "Plan Width": 30, "Filter": "((n_name = 'JAPAN'::bpchar) OR (n_name = 'INDIA'::bpchar))"}, {"Node Type": "Materialize", "Parent Relationship": "Inner", "Startup Cost": 0.0, "Total Cost": 12.88, "Plan Rows": 25, "Plan Width": 30, "Plans": [{"Node Type": "Index Scan", "Parent Relationship": "Outer", "Scan Direction": "Forward", "Index Name": "nation_pkey", "Relation Name": "nation", "Alias": "n2", "Startup Cost": 0.0, "Total Cost": 12.75, "Plan Rows": 25, "Plan Width": 30, "Filter": "((n_name = 'INDIA'::bpchar) OR (n_name = 'JAPAN'::bpchar))"}]}]}, {"Node Type": "Index Scan", "Parent Relationship": "Inner", "Scan Direction": "Forward", "Index Name": "idx_customer_nationkey", "Relation Name": "customer", "Alias": "customer", "Startup Cost": 0.0, "Total Cost": 7702.43, "Plan Rows": 60000, "Plan Width": 12, "Index Cond": "(c_nationkey = n2.n_nationkey)"}]}, {"Node Type": "Index Scan", "Parent Relationship": "Inner", "Scan Direction": "Forward", "Index Name": "idx_orders_custkey", "Relation Name": "orders", "Alias": "orders", "Startup Cost": 0.0, "Total Cost": 1.22, "Plan Rows": 4, "Plan Width": 16, "Index Cond": "(o_custkey = customer.c_custkey)"}]}, {"Node Type": "Index Scan", "Parent Relationship": "Inner", "Scan Direction": "Forward", "Index Name": "idx_lineitem_orderkey", "Relation Name": "lineitem", "Alias": "lineitem", "Startup Cost": 0.0, "Total Cost": 0.91, "Plan Rows": 3, "Plan Width": 40, "Index Cond": "(l_orderkey = orders.o_orderkey)", "Filter": "((l_shipdate >= '1995-01-01 00:00:00'::timestamp(0) without time zone) AND (l_shipdate <= '1996-12-31 00:00:00'::timestamp(0) without time zone))"}]}, {"Node Type": "Hash", "Parent Relationship": "Inner", "Startup Cost": 5334.54, "Total Cost": 5334.54, "Plan Rows": 100000, "Plan Width": 12, "Plans": [{"Node Type": "Index Scan", "Parent Relationship": "Outer", "Scan Direction": "Forward", "Index Name": "supplier_pkey", "Relation Name": "supplier", "Alias": "supplier", "Startup Cost": 0.0, "Total Cost": 5334.54, "Plan Rows": 100000, "Plan Width": 12}]}]}]}]}, "Unique SQL Id": 2208782157, "Planner Runtime": 4}, "explain_analyze_plan": {"Plan": {"Node Type": "Sort", "Startup Cost": 657243.06, "Total Cost": 657252.28, "Plan Rows": 3688, "Plan Width": 84, "Actual Startup Time": 20341.0, "Actual Total Time": 20341.0, "Actual Rows": 4, "Actual Loops": 1, "Sort Key": ["n1.n_name", "n2.n_name", "(date_part('year'::text, lineitem.l_shipdate))"], "Sort Method": "quicksort", "Sort Space Used": 25, "Sort Space Type": "Memory", "Plans": [{"Node Type": "Aggregate", "Strategy": "Hashed", "Parent Relationship": "Outer", "Startup Cost": 656978.47, "Total Cost": 657024.57, "Plan Rows": 3688, "Plan Width": 84, "Actual Startup Time": 20340.963, "Actual Total Time": 20340.968, "Actual Rows": 4, "Actual Loops": 1, "Group By Key": ["n1.n_name", "n2.n_name", "date_part('year'::text, lineitem.l_shipdate)"], "Plans": [{"Node Type": "Hash Join", "Parent Relationship": "Outer", "Join Type": "Inner", "Startup Cost": 6834.54, "Total Cost": 656923.15, "Plan Rows": 3688, "Plan Width": 76, "Actual Startup Time": 111.463, "Actual Total Time": 20242.064, "Actual Rows": 58554, "Actual Loops": 1, "Inner Unique": true, "Hash Cond": "((lineitem.l_suppkey = supplier.s_suppkey) AND (n1.n_nationkey = supplier.s_nationkey))", "Plans": [{"Node Type": "Nested Loop", "Parent Relationship": "Outer", "Join Type": "Inner", "Startup Cost": 0.0, "Total Cost": 644504.63, "Plan Rows": 740786, "Plan Width": 88, "Actual Startup Time": 0.156, "Actual Total Time": 19442.806, "Actual Rows": 1459150, "Actual Loops": 1, "Inner Unique": false, "Plans": [{"Node Type": "Nested Loop", "Parent Relationship": "Outer", "Join Type": "Inner", "Startup Cost": 0.0, "Total Cost": 167767.0, "Plan Rows": 504972, "Plan Width": 64, "Actual Startup Time": 0.104, "Actual Total Time": 4180.41, "Actual Rows": 1200363, "Actual Loops": 1, "Inner Unique": false, "Plans": [{"Node Type": "Nested Loop", "Parent Relationship": "Outer", "Join Type": "Inner", "Startup Cost": 0.0, "Total Cost": 16644.48, "Plan Rows": 119904, "Plan Width": 64, "Actual Startup Time": 0.091, "Actual Total Time": 229.651, "Actual Rows": 119972, "Actual Loops": 1, "Inner Unique": false, "Plans": [{"Node Type": "Nested Loop", "Parent Relationship": "Outer", "Join Type": "Inner", "Startup Cost": 0.0, "Total Cost": 39.62, "Plan Rows": 2, "Plan Width": 60, "Actual Startup Time": 0.057, "Actual Total Time": 0.282, "Actual Rows": 2, "Actual Loops": 1, "Inner Unique": false, "Join Filter": "(((n1.n_name = 'JAPAN'::bpchar) AND (n2.n_name = 'INDIA'::bpchar)) OR ((n1.n_name = 'INDIA'::bpchar) AND (n2.n_name = 'JAPAN'::bpchar)))", "Rows Removed by Join Filter": 2, "Plans": [{"Node Type": "Index Scan", "Parent Relationship": "Outer", "Scan Direction": "Forward", "Index Name": "nation_pkey", "Relation Name": "nation", "Alias": "n1", "Startup Cost": 0.0, "Total Cost": 12.75, "Plan Rows": 25, "Plan Width": 30, "Actual Startup Time": 0.023, "Actual Total Time": 0.046, "Actual Rows": 2, "Actual Loops": 1, "Filter": "((n_name = 'JAPAN'::bpchar) OR (n_name = 'INDIA'::bpchar))", "Rows Removed by Filter": 23}, {"Node Type": "Materialize", "Parent Relationship": "Inner", "Startup Cost": 0.0, "Total Cost": 12.88, "Plan Rows": 25, "Plan Width": 30, "Actual Startup Time": 0.026, "Actual Total Time": 0.192, "Actual Rows": 4, "Actual Loops": 2, "Plans": [{"Node Type": "Index Scan", "Parent Relationship": "Outer", "Scan Direction": "Forward", "Index Name": "nation_pkey", "Relation Name": "nation", "Alias": "n2", "Startup Cost": 0.0, "Total Cost": 12.75, "Plan Rows": 25, "Plan Width": 30, "Actual Startup Time": 0.011, "Actual Total Time": 0.046, "Actual Rows": 2, "Actual Loops": 1, "Filter": "((n_name = 'INDIA'::bpchar) OR (n_name = 'JAPAN'::bpchar))", "Rows Removed by Filter": 23}]}]}, {"Node Type": "Index Scan", "Parent Relationship": "Inner", "Scan Direction": "Forward", "Index Name": "idx_customer_nationkey", "Relation Name": "customer", "Alias": "customer", "Startup Cost": 0.0, "Total Cost": 7702.43, "Plan Rows": 60000, "Plan Width": 12, "Actual Startup Time": 0.061, "Actual Total Time": 194.905, "Actual Rows": 119972, "Actual Loops": 2, "Index Cond": "(c_nationkey = n2.n_nationkey)", "Rows Removed by Index Recheck": 0}]}, {"Node Type": "Index Scan", "Parent Relationship": "Inner", "Scan Direction": "Forward", "Index Name": "idx_orders_custkey", "Relation Name": "orders", "Alias": "orders", "Startup Cost": 0.0, "Total Cost": 1.22, "Plan Rows": 4, "Plan Width": 16, "Actual Startup Time": 770.574, "Actual Total Time": 3603.0, "Actual Rows": 1200363, "Actual Loops": 119972, "Index Cond": "(o_custkey = customer.c_custkey)", "Rows Removed by Index Recheck": 0}]}, {"Node Type": "Index Scan", "Parent Relationship": "Inner", "Scan Direction": "Forward", "Index Name": "idx_lineitem_orderkey", "Relation Name": "lineitem", "Alias": "lineitem", "Startup Cost": 0.0, "Total Cost": 0.91, "Plan Rows": 3, "Plan Width": 40, "Actual Startup Time": 13140.934, "Actual Total Time": 14293.094, "Actual Rows": 1459150, "Actual Loops": 1200363, "Index Cond": "(l_orderkey = orders.o_orderkey)", "Rows Removed by Index Recheck": 0, "Filter": "((l_shipdate >= '1995-01-01 00:00:00'::timestamp(0) without time zone) AND (l_shipdate <= '1996-12-31 00:00:00'::timestamp(0) without time zone))", "Rows Removed by Filter": 3342563}]}, {"Node Type": "Hash", "Parent Relationship": "Inner", "Startup Cost": 5334.54, "Total Cost": 5334.54, "Plan Rows": 100000, "Plan Width": 12, "Actual Startup Time": 111.044, "Actual Total Time": 111.044, "Actual Rows": 100000, "Actual Loops": 1, "Hash Buckets": 131072, "Hash Batches": 1, "Original Hash Batches": 1, "Peak Memory Usage": 4297, "Plans": [{"Node Type": "Index Scan", "Parent Relationship": "Outer", "Scan Direction": "Forward", "Index Name": "supplier_pkey", "Relation Name": "supplier", "Alias": "supplier", "Startup Cost": 0.0, "Total Cost": 5334.54, "Plan Rows": 100000, "Plan Width": 12, "Actual Startup Time": 0.018, "Actual Total Time": 78.364, "Actual Rows": 100000, "Actual Loops": 1}]}]}]}]}, "Triggers": [], "Planner Runtime": 2, "Total Runtime": 20341.211, "Unique SQL Id": 2208782157}}, "(64, 78)": {"explain_plan": {"Plan": {"Node Type": "Sort", "Startup Cost": 2961361.75, "Total Cost": 2961370.97, "Plan Rows": 3688, "Plan Width": 84, "Sort Key": ["n1.n_name", "n2.n_name", "(date_part('year'::text, lineitem.l_shipdate))"], "Plans": [{"Node Type": "Aggregate", "Strategy": "Hashed", "Parent Relationship": "Outer", "Startup Cost": 2961097.16, "Total Cost": 2961143.26, "Plan Rows": 3688, "Plan Width": 84, "Group By Key": ["n1.n_name", "n2.n_name", "date_part('year'::text, lineitem.l_shipdate)"], "Plans": [{"Node Type": "Hash Join", "Parent Relationship": "Outer", "Join Type": "Inner", "Startup Cost": 557677.12, "Total Cost": 2961041.84, "Plan Rows": 3688, "Plan Width": 76, "Inner Unique": true, "Hash Cond": "((lineitem.l_suppkey = supplier.s_suppkey) AND (n1.n_nationkey = supplier.s_nationkey))", "Plans": [{"Node Type": "Hash Join", "Parent Relationship": "Outer", "Join Type": "Inner", "Startup Cost": 552894.12, "Total Cost": 2950674.86, "Plan Rows": 740786, "Plan Width": 88, "Inner Unique": false, "Hash Cond": "(lineitem.l_orderkey = orders.o_orderkey), (LLVM Optimized)", "Plans": [{"Node Type": "Seq Scan", "Parent Relationship": "Outer", "Relation Name": "lineitem", "Alias": "lineitem", "Startup Cost": 44.59, "Total Cost": 2315050.5, "Plan Rows": 18124991, "Plan Width": 40, "Filter": "((l_shipdate >= '1995-01-01 00:00:00'::timestamp(0) without time zone) AND (l_shipdate <= '1996-12-31 00:00:00'::timestamp(0) without time zone)), (LLVM Optimized)"}, {"Node Type": "Hash", "Parent Relationship": "Inner", "Startup Cost": 546537.38, "Total Cost": 546537.38, "Plan Rows": 504972, "Plan Width": 64, "Plans": [{"Node Type": "Hash Join", "Parent Relationship": "Outer", "Join Type": "Inner", "Startup Cost": 58825.83, "Total Cost": 546537.38, "Plan Rows": 504972, "Plan Width": 64, "Inner Unique": false, "Hash Cond": "(orders.o_custkey = customer.c_custkey), (LLVM Optimized)", "Plans": [{"Node Type": "Seq Scan", "Parent Relationship": "Outer", "Relation Name": "orders", "Alias": "orders", "Startup Cost": 0.0, "Total Cost": 426413.79, "Plan Rows": 14999479, "Plan Width": 16}, {"Node Type": "Hash", "Parent Relationship": "Inner", "Startup Cost": 57327.03, "Total Cost": 57327.03, "Plan Rows": 119904, "Plan Width": 64, "Plans": [{"Node Type": "Hash Join", "Parent Relationship": "Outer", "Join Type": "Inner", "Startup Cost": 16.65, "Total Cost": 57327.03, "Plan Rows": 119904, "Plan Width": 64, "Inner Unique": false, "Hash Cond": "(customer.c_nationkey = n2.n_nationkey), (LLVM Optimized)", "Plans": [{"Node Type": "Seq Scan", "Parent Relationship": "Outer", "Relation Name": "customer", "Alias": "customer", "Startup Cost": 0.0, "Total Cost": 52126.0, "Plan Rows": 1500000, "Plan Width": 12}, {"Node Type": "Hash", "Parent Relationship": "Inner", "Startup Cost": 16.62, "Total Cost": 16.62, "Plan Rows": 2, "Plan Width": 60, "Plans": [{"Node Type": "Nested Loop", "Parent Relationship": "Outer", "Join Type": "Inner", "Startup Cost": 0.0, "Total Cost": 16.62, "Plan Rows": 2, "Plan Width": 60, "Inner Unique": false, "Join Filter": "(((n1.n_name = 'JAPAN'::bpchar) AND (n2.n_name = 'INDIA'::bpchar)) OR ((n1.n_name = 'INDIA'::bpchar) AND (n2.n_name = 'JAPAN'::bpchar)))", "Plans": [{"Node Type": "Seq Scan", "Parent Relationship": "Outer", "Relation Name": "nation", "Alias": "n1", "Startup Cost": 0.0, "Total Cost": 1.25, "Plan Rows": 25, "Plan Width": 30, "Filter": "((n_name = 'JAPAN'::bpchar) OR (n_name = 'INDIA'::bpchar))"}, {"Node Type": "Materialize", "Parent Relationship": "Inner", "Startup Cost": 0.0, "Total Cost": 1.38, "Plan Rows": 25, "Plan Width": 30, "Plans": [{"Node Type": "Seq Scan", "Parent Relationship": "Outer", "Relation Name": "nation", "Alias": "n2", "Startup Cost": 0.0, "Total Cost": 1.25, "Plan Rows": 25, "Plan Width": 30, "Filter": "((n_name = 'INDIA'::bpchar) OR (n_name = 'JAPAN'::bpchar))"}]}]}]}]}]}]}]}]}, {"Node Type": "Hash", "Parent Relationship": "Inner", "Startup Cost": 3283.0, "Total Cost": 3283.0, "Plan Rows": 100000, "Plan Width": 12, "Plans": [{"Node Type": "Seq Scan", "Parent Relationship": "Outer", "Relation Name": "supplier", "Alias": "supplier", "Startup Cost": 0.0, "Total Cost": 3283.0, "Plan Rows": 100000, "Plan Width": 12}]}]}]}]}, "Unique SQL Id": 2208782157, "Planner Runtime": 4}, "explain_analyze_plan": {"Plan": {"Node Type": "Sort", "Startup Cost": 2961361.75, "Total Cost": 2961370.97, "Plan Rows": 3688, "Plan Width": 84, "Actual Startup Time": 39087.97, "Actual Total Time": 39087.97, "Actual Rows": 4, "Actual Loops": 1, "Sort Key": ["n1.n_name", "n2.n_name", "(date_part('year'::text, lineitem.l_shipdate))"], "Sort Method": "quicksort", "Sort Space Used": 25, "Sort Space Type": "Memory", "Plans": [{"Node Type": "Aggregate", "Strategy": "Hashed", "Parent Relationship": "Outer", "Startup Cost": 2961097.16, "Total Cost": 2961143.26, "Plan Rows": 3688, "Plan Width": 84, "Actual Startup Time": 39087.928, "Actual Total Time": 39087.933, "Actual Rows": 4, "Actual Loops": 1, "Group By Key": ["n1.n_name", "n2.n_name", "date_part('year'::text, lineitem.l_shipdate)"], "Plans": [{"Node Type": "Hash Join", "Parent Relationship": "Outer", "Join Type": "Inner", "Startup Cost": 557677.12, "Total Cost": 2961041.84, "Plan Rows": 3688, "Plan Width": 76, "Actual Startup Time": 9937.976, "Actual Total Time": 38999.287, "Actual Rows": 58554, "Actual Loops": 1, "Inner Unique": true, "Hash Cond": "((lineitem.l_suppkey = supplier.s_suppkey) AND (n1.n_nationkey = supplier.s_nationkey))", "Plans": [{"Node Type": "Hash Join", "Parent Relationship": "Outer", "Join Type": "Inner", "Startup Cost": 552894.12, "Total Cost": 2950674.86, "Plan Rows": 740786, "Plan Width": 88, "Actual Startup Time": 9866.385, "Actual Total Time": 38269.641, "Actual Rows": 1459150, "Actual Loops": 1, "Inner Unique": false, "Hash Cond": "(lineitem.l_orderkey = orders.o_orderkey), (LLVM Optimized, Jit Execute)", "Plans": [{"Node Type": "Seq Scan", "Parent Relationship": "Outer", "Relation Name": "lineitem", "Alias": "lineitem", "Startup Cost": 44.59, "Total Cost": 2315050.5, "Plan Rows": 18124991, "Plan Width": 40, "Actual Startup Time": 0.027, "Actual Total Time": 22462.218, "Actual Rows": 18230325, "Actual Loops": 1, "Filter": "((l_shipdate >= '1995-01-01 00:00:00'::timestamp(0) without time zone) AND (l_shipdate <= '1996-12-31 00:00:00'::timestamp(0) without time zone)), (LLVM Optimized, Jit Execute)", "Rows Removed by Filter": 41755727}, {"Node Type": "Hash", "Parent Relationship": "Inner", "Startup Cost": 546537.38, "Total Cost": 546537.38, "Plan Rows": 504972, "Plan Width": 64, "Actual Startup Time": 9865.556, "Actual Total Time": 9865.556, "Actual Rows": 1200363, "Actual Loops": 1, "Hash Buckets": 524288, "Hash Batches": 1, "Original Hash Batches": 1, "Peak Memory Usage": 112535, "Plans": [{"Node Type": "Hash Join", "Parent Relationship": "Outer", "Join Type": "Inner", "Startup Cost": 58825.83, "Total Cost": 546537.38, "Plan Rows": 504972, "Plan Width": 64, "Actual Startup Time": 838.758, "Actual Total Time": 9389.715, "Actual Rows": 1200363, "Actual Loops": 1, "Inner Unique": false, "Hash Cond": "(orders.o_custkey = customer.c_custkey), (LLVM Optimized, Jit Execute)", "Plans": [{"Node Type": "Seq Scan", "Parent Relationship": "Outer", "Relation Name": "orders", "Alias": "orders", "Startup Cost": 0.0, "Total Cost": 426413.79, "Plan Rows": 14999479, "Plan Width": 16, "Actual Startup Time": 0.026, "Actual Total Time": 4232.637, "Actual Rows": 15000000, "Actual Loops": 1}, {"Node Type": "Hash", "Parent Relationship": "Inner", "Startup Cost": 57327.03, "Total Cost": 57327.03, "Plan Rows": 119904, "Plan Width": 64, "Actual Startup Time": 838.604, "Actual Total Time": 838.604, "Actual Rows": 119972, "Actual Loops": 1, "Hash Buckets": 131072, "Hash Batches": 1, "Original Hash Batches": 1, "Peak Memory Usage": 11248, "Plans": [{"Node Type": "Hash Join", "Parent Relationship": "Outer", "Join Type": "Inner", "Startup Cost": 16.65, "Total Cost": 57327.03, "Plan Rows": 119904, "Plan Width": 64, "Actual Startup Time": 0.125, "Actual Total Time": 795.819, "Actual Rows": 119972, "Actual Loops": 1, "Inner Unique": false, "Hash Cond": "(customer.c_nationkey = n2.n_nationkey), (LLVM Optimized, Jit Execute)", "Plans": [{"Node Type": "Seq Scan", "Parent Relationship": "Outer", "Relation Name": "customer", "Alias": "customer", "Startup Cost": 0.0, "Total Cost": 52126.0, "Plan Rows": 1500000, "Plan Width": 12, "Actual Startup Time": 0.012, "Actual Total Time": 476.1, "Actual Rows": 1500000, "Actual Loops": 1}, {"Node Type": "Hash", "Parent Relationship": "Inner", "Startup Cost": 16.62, "Total Cost": 16.62, "Plan Rows": 2, "Plan Width": 60, "Actual Startup Time": 0.077, "Actual Total Time": 0.077, "Actual Rows": 2, "Actual Loops": 1, "Hash Buckets": 32768, "Hash Batches": 1, "Original Hash Batches": 1, "Peak Memory Usage": 1, "Plans": [{"Node Type": "Nested Loop", "Parent Relationship": "Outer", "Join Type": "Inner", "Startup Cost": 0.0, "Total Cost": 16.62, "Plan Rows": 2, "Plan Width": 60, "Actual Startup Time": 0.053, "Actual Total Time": 0.072, "Actual Rows": 2, "Actual Loops": 1, "Inner Unique": false, "Join Filter": "(((n1.n_name = 'JAPAN'::bpchar) AND (n2.n_name = 'INDIA'::bpchar)) OR ((n1.n_name = 'INDIA'::bpchar) AND (n2.n_name = 'JAPAN'::bpchar)))", "Rows Removed by Join Filter": 2, "Plans": [{"Node Type": "Seq Scan", "Parent Relationship": "Outer", "Relation Name": "nation", "Alias": "n1", "Startup Cost": 0.0, "Total Cost": 1.25, "Plan Rows": 25, "Plan Width": 30, "Actual Startup Time": 0.023, "Actual Total Time": 0.029, "Actual Rows": 2, "Actual Loops": 1, "Filter": "((n_name = 'JAPAN'::bpchar) OR (n_name = 'INDIA'::bpchar))", "Rows Removed by Filter": 23}, {"Node Type": "Materialize", "Parent Relationship": "Inner", "Startup Cost": 0.0, "Total Cost": 1.38, "Plan Rows": 25, "Plan Width": 30, "Actual Startup Time": 0.017, "Actual Total Time": 0.025, "Actual Rows": 4, "Actual Loops": 2, "Plans": [{"Node Type": "Seq Scan", "Parent Relationship": "Outer", "Relation Name": "nation", "Alias": "n2", "Startup Cost": 0.0, "Total Cost": 1.25, "Plan Rows": 25, "Plan Width": 30, "Actual Startup Time": 0.013, "Actual Total Time": 0.021, "Actual Rows": 2, "Actual Loops": 1, "Filter": "((n_name = 'INDIA'::bpchar) OR (n_name = 'JAPAN'::bpchar))", "Rows Removed by Filter": 23}]}]}]}]}]}]}]}]}, {"Node Type": "Hash", "Parent Relationship": "Inner", "Startup Cost": 3283.0, "Total Cost": 3283.0, "Plan Rows": 100000, "Plan Width": 12, "Actual Startup Time": 70.725, "Actual Total Time": 70.725, "Actual Rows": 100000, "Actual Loops": 1, "Hash Buckets": 131072, "Hash Batches": 1, "Original Hash Batches": 1, "Peak Memory Usage": 4297, "Plans": [{"Node Type": "Seq Scan", "Parent Relationship": "Outer", "Relation Name": "supplier", "Alias": "supplier", "Startup Cost": 0.0, "Total Cost": 3283.0, "Plan Rows": 100000, "Plan Width": 12, "Actual Startup Time": 0.017, "Actual Total Time": 40.465, "Actual Rows": 100000, "Actual Loops": 1}]}]}]}]}, "Triggers": [], "Planner Runtime": 3, "Total Runtime": 39097.696, "Unique SQL Id": 2208782157}}, "(64, 79)": {"explain_plan": {"Plan": {"Node Type": "Sort", "Startup Cost": 6000528499692.61, "Total Cost": 6000528499701.83, "Plan Rows": 3688, "Plan Width": 84, "Sort Key": ["n1.n_name", "n2.n_name", "(date_part('year'::text, lineitem.l_shipdate))"], "Plans": [{"Node Type": "Aggregate", "Strategy": "Hashed", "Parent Relationship": "Outer", "Startup Cost": 6000528499428.02, "Total Cost": 6000528499474.12, "Plan Rows": 3688, "Plan Width": 84, "Group By Key": ["n1.n_name", "n2.n_name", "date_part('year'::text, lineitem.l_shipdate)"], "Plans": [{"Node Type": "Merge Join", "Parent Relationship": "Outer", "Join Type": "Inner", "Startup Cost": 2040036905929.45, "Total Cost": 6000528499372.7, "Plan Rows": 3688, "Plan Width": 76, "Inner Unique": true, "Merge Cond": "(n2.n_nationkey = customer.c_nationkey)", "Join Filter": "(orders.o_custkey = customer.c_custkey)", "Plans": [{"Node Type": "Nested Loop", "Parent Relationship": "Outer", "Join Type": "Inner", "Startup Cost": 2030036905929.45, "Total Cost": 5000412481636.71, "Plan Rows": 92207, "Plan Width": 88, "Inner Unique": false, "Join Filter": "(((n1.n_name = 'JAPAN'::bpchar) AND (n2.n_name = 'INDIA'::bpchar)) OR ((n1.n_name = 'INDIA'::bpchar) AND (n2.n_name = 'JAPAN'::bpchar)))", "Plans": [{"Node Type": "Index Scan", "Parent Relationship": "Outer", "Scan Direction": "Forward", "Index Name": "nation_pkey", "Relation Name": "nation", "Alias": "n2", "Startup Cost": 10000000000.0, "Total Cost": 1000000001275.0, "Plan Rows": 25, "Plan Width": 30, "Filter": "((n_name = 'INDIA'::bpchar) OR (n_name = 'JAPAN'::bpchar))"}, {"Node Type": "Materialize", "Parent Relationship": "Inner", "Startup Cost": 2020036905929.45, "Total Cost": 4000411834393.31, "Plan Rows": 1153515, "Plan Width": 58, "Plans": [{"Node Type": "Hash Join", "Parent Relationship": "Outer", "Join Type": "Inner", "Startup Cost": 2020036905929.45, "Total Cost": 4000411828625.73, "Plan Rows": 1153515, "Plan Width": 58, "Inner Unique": true, "Hash Cond": "(supplier.s_nationkey = n1.n_nationkey), (LLVM Optimized)", "Plans": [{"Node Type": "Hash Join", "Parent Relationship": "Outer", "Join Type": "Inner", "Startup Cost": 1020036904654.13, "Total Cost": 3000411811489.59, "Plan Rows": 1153515, "Plan Width": 36, "Inner Unique": true, "Hash Cond": "(lineitem.l_suppkey = supplier.s_suppkey), (LLVM Optimized)", "Plans": [{"Node Type": "Merge Join", "Parent Relationship": "Outer", "Join Type": "Inner", "Startup Cost": 20036369949.75, "Total Cost": 2000411197281.34, "Plan Rows": 18124991, "Plan Width": 40, "Inner Unique": false, "Merge Cond": "(orders.o_orderkey = lineitem.l_orderkey)", "Plans": [{"Node Type": "Index Scan", "Parent Relationship": "Outer", "Scan Direction": "Forward", "Index Name": "orders_pkey", "Relation Name": "orders", "Alias": "orders", "Startup Cost": 10000000000.0, "Total Cost": 1000073097843.5, "Plan Rows": 14999479, "Plan Width": 16}, {"Node Type": "Index Scan", "Parent Relationship": "Inner", "Scan Direction": "Forward", "Index Name": "idx_lineitem_orderkey", "Relation Name": "lineitem", "Alias": "lineitem", "Startup Cost": 10000000000.0, "Total Cost": 1000354008891.0, "Plan Rows": 18124991, "Plan Width": 40, "Filter": "((l_shipdate >= '1995-01-01 00:00:00'::timestamp(0) without time zone) AND (l_shipdate <= '1996-12-31 00:00:00'::timestamp(0) without time zone)), (LLVM Optimized)"}]}, {"Node Type": "Hash", "Parent Relationship": "Inner", "Startup Cost": 1000000533454.38, "Total Cost": 1000000533454.38, "Plan Rows": 100000, "Plan Width": 12, "Plans": [{"Node Type": "Index Scan", "Parent Relationship": "Outer", "Scan Direction": "Forward", "Index Name": "supplier_pkey", "Relation Name": "supplier", "Alias": "supplier", "Startup Cost": 10000000000.0, "Total Cost": 1000000533454.38, "Plan Rows": 100000, "Plan Width": 12}]}]}, {"Node Type": "Hash", "Parent Relationship": "Inner", "Startup Cost": 1000000001275.0, "Total Cost": 1000000001275.0, "Plan Rows": 25, "Plan Width": 30, "Plans": [{"Node Type": "Index Scan", "Parent Relationship": "Outer", "Scan Direction": "Forward", "Index Name": "nation_pkey", "Relation Name": "nation", "Alias": "n1", "Startup Cost": 10000000000.0, "Total Cost": 1000000001275.0, "Plan Rows": 25, "Plan Width": 30, "Filter": "((n_name = 'JAPAN'::bpchar) OR (n_name = 'INDIA'::bpchar))"}]}]}]}]}, {"Node Type": "Materialize", "Parent Relationship": "Inner", "Startup Cost": 10000000000.0, "Total Cost": 1000019203896.25, "Plan Rows": 1500000, "Plan Width": 12, "Plans": [{"Node Type": "Index Scan", "Parent Relationship": "Outer", "Scan Direction": "Forward", "Index Name": "idx_customer_nationkey", "Relation Name": "customer", "Alias": "customer", "Startup Cost": 10000000000.0, "Total Cost": 1000019200146.25, "Plan Rows": 1500000, "Plan Width": 12}]}]}]}]}, "Unique SQL Id": 2208782157, "Planner Runtime": 8}, "explain_analyze_plan": null}, "(64, 80)": {"explain_plan": {"Plan": {"Node Type": "Sort", "Startup Cost": 725181.63, "Total Cost": 725190.85, "Plan Rows": 3688, "Plan Width": 84, "Sort Key": ["n1.n_name", "n2.n_name", "(date_part('year'::text, lineitem.l_shipdate))"], "Plans": [{"Node Type": "Aggregate", "Strategy": "Hashed", "Parent Relationship": "Outer", "Startup Cost": 724917.04, "Total Cost": 724963.14, "Plan Rows": 3688, "Plan Width": 84, "Group By Key": ["n1.n_name", "n2.n_name", "date_part('year'::text, lineitem.l_shipdate)"], "Plans": [{"Node Type": "Merge Join", "Parent Relationship": "Outer", "Join Type": "Inner", "Startup Cost": 714975.42, "Total Cost": 724861.72, "Plan Rows": 3688, "Plan Width": 76, "Inner Unique": false, "Merge Cond": "(supplier.s_suppkey = lineitem.l_suppkey)", "Join Filter": "(n1.n_nationkey = supplier.s_nationkey)", "Plans": [{"Node Type": "Index Scan", "Parent Relationship": "Outer", "Scan Direction": "Forward", "Index Name": "supplier_pkey", "Relation Name": "supplier", "Alias": "supplier", "Startup Cost": 0.0, "Total Cost": 5334.54, "Plan Rows": 100000, "Plan Width": 12}, {"Node Type": "Sort", "Parent Relationship": "Inner", "Startup Cost": 714975.05, "Total Cost": 716827.02, "Plan Rows": 740786, "Plan Width": 88, "Sort Key": ["lineitem.l_suppkey"], "Plans": [{"Node Type": "Nested Loop", "Parent Relationship": "Outer", "Join Type": "Inner", "Startup Cost": 1030.37, "Total Cost": 642753.24, "Plan Rows": 740786, "Plan Width": 88, "Inner Unique": false, "Plans": [{"Node Type": "Nested Loop", "Parent Relationship": "Outer", "Join Type": "Inner", "Startup Cost": 1030.37, "Total Cost": 166015.61, "Plan Rows": 504972, "Plan Width": 64, "Inner Unique": false, "Plans": [{"Node Type": "Nested Loop", "Parent Relationship": "Outer", "Join Type": "Inner", "Startup Cost": 1030.37, "Total Cost": 14893.09, "Plan Rows": 119904, "Plan Width": 64, "Inner Unique": false, "Plans": [{"Node Type": "Nested Loop", "Parent Relationship": "Outer", "Join Type": "Inner", "Startup Cost": 0.0, "Total Cost": 28.12, "Plan Rows": 2, "Plan Width": 60, "Inner Unique": false, "Join Filter": "(((n1.n_name = 'JAPAN'::bpchar) AND (n2.n_name = 'INDIA'::bpchar)) OR ((n1.n_name = 'INDIA'::bpchar) AND (n2.n_name = 'JAPAN'::bpchar)))", "Plans": [{"Node Type": "Index Scan", "Parent Relationship": "Outer", "Scan Direction": "Forward", "Index Name": "nation_pkey", "Relation Name": "nation", "Alias": "n1", "Startup Cost": 0.0, "Total Cost": 12.75, "Plan Rows": 25, "Plan Width": 30, "Filter": "((n_name = 'JAPAN'::bpchar) OR (n_name = 'INDIA'::bpchar))"}, {"Node Type": "Materialize", "Parent Relationship": "Inner", "Startup Cost": 0.0, "Total Cost": 1.38, "Plan Rows": 25, "Plan Width": 30, "Plans": [{"Node Type": "Seq Scan", "Parent Relationship": "Outer", "Relation Name": "nation", "Alias": "n2", "Startup Cost": 0.0, "Total Cost": 1.25, "Plan Rows": 25, "Plan Width": 30, "Filter": "((n_name = 'INDIA'::bpchar) OR (n_name = 'JAPAN'::bpchar))"}]}]}, {"Node Type": "Bitmap Heap Scan", "Parent Relationship": "Inner", "Relation Name": "customer", "Alias": "customer", "Startup Cost": 1030.37, "Total Cost": 6832.48, "Plan Rows": 60000, "Plan Width": 12, "Recheck Cond": "(c_nationkey = n2.n_nationkey)", "Plans": [{"Node Type": "Bitmap Index Scan", "Parent Relationship": "Outer", "Index Name": "idx_customer_nationkey", "Startup Cost": 0.0, "Total Cost": 1015.37, "Plan Rows": 60000, "Plan Width": 0, "Index Cond": "(c_nationkey = n2.n_nationkey)"}]}]}, {"Node Type": "Index Scan", "Parent Relationship": "Inner", "Scan Direction": "Forward", "Index Name": "idx_orders_custkey", "Relation Name": "orders", "Alias": "orders", "Startup Cost": 0.0, "Total Cost": 1.22, "Plan Rows": 4, "Plan Width": 16, "Index Cond": "(o_custkey = customer.c_custkey)"}]}, {"Node Type": "Index Scan", "Parent Relationship": "Inner", "Scan Direction": "Forward", "Index Name": "idx_lineitem_orderkey", "Relation Name": "lineitem", "Alias": "lineitem", "Startup Cost": 0.0, "Total Cost": 0.91, "Plan Rows": 3, "Plan Width": 40, "Index Cond": "(l_orderkey = orders.o_orderkey)", "Filter": "((l_shipdate >= '1995-01-01 00:00:00'::timestamp(0) without time zone) AND (l_shipdate <= '1996-12-31 00:00:00'::timestamp(0) without time zone))"}]}]}]}]}]}, "Unique SQL Id": 2208782157, "Planner Runtime": 4}, "explain_analyze_plan": {"Plan": {"Node Type": "Sort", "Startup Cost": 725181.63, "Total Cost": 725190.85, "Plan Rows": 3688, "Plan Width": 84, "Actual Startup Time": 21529.951, "Actual Total Time": 21529.952, "Actual Rows": 4, "Actual Loops": 1, "Sort Key": ["n1.n_name", "n2.n_name", "(date_part('year'::text, lineitem.l_shipdate))"], "Sort Method": "quicksort", "Sort Space Used": 25, "Sort Space Type": "Memory", "Plans": [{"Node Type": "Aggregate", "Strategy": "Hashed", "Parent Relationship": "Outer", "Startup Cost": 724917.04, "Total Cost": 724963.14, "Plan Rows": 3688, "Plan Width": 84, "Actual Startup Time": 21529.911, "Actual Total Time": 21529.917, "Actual Rows": 4, "Actual Loops": 1, "Group By Key": ["n1.n_name", "n2.n_name", "date_part('year'::text, lineitem.l_shipdate)"], "Plans": [{"Node Type": "Merge Join", "Parent Relationship": "Outer", "Join Type": "Inner", "Startup Cost": 714975.42, "Total Cost": 724861.72, "Plan Rows": 3688, "Plan Width": 76, "Actual Startup Time": 20440.403, "Actual Total Time": 21469.46, "Actual Rows": 58554, "Actual Loops": 1, "Inner Unique": false, "Merge Cond": "(supplier.s_suppkey = lineitem.l_suppkey)", "Join Filter": "(n1.n_nationkey = supplier.s_nationkey)", "Rows Removed by Join Filter": 0, "Plans": [{"Node Type": "Index Scan", "Parent Relationship": "Outer", "Scan Direction": "Forward", "Index Name": "supplier_pkey", "Relation Name": "supplier", "Alias": "supplier", "Startup Cost": 0.0, "Total Cost": 5334.54, "Plan Rows": 100000, "Plan Width": 12, "Actual Startup Time": 0.023, "Actual Total Time": 65.815, "Actual Rows": 100000, "Actual Loops": 1}, {"Node Type": "Sort", "Parent Relationship": "Inner", "Startup Cost": 714975.05, "Total Cost": 716827.02, "Plan Rows": 740786, "Plan Width": 88, "Actual Startup Time": 20439.087, "Actual Total Time": 20845.435, "Actual Rows": 1459150, "Actual Loops": 1, "Sort Key": ["lineitem.l_suppkey"], "Sort Method": "quicksort", "Sort Space Used": 277145, "Sort Space Type": "Memory", "Plans": [{"Node Type": "Nested Loop", "Parent Relationship": "Outer", "Join Type": "Inner", "Startup Cost": 1030.37, "Total Cost": 642753.24, "Plan Rows": 740786, "Plan Width": 88, "Actual Startup Time": 18.034, "Actual Total Time": 19719.002, "Actual Rows": 1459150, "Actual Loops": 1, "Inner Unique": false, "Plans": [{"Node Type": "Nested Loop", "Parent Relationship": "Outer", "Join Type": "Inner", "Startup Cost": 1030.37, "Total Cost": 166015.61, "Plan Rows": 504972, "Plan Width": 64, "Actual Startup Time": 17.946, "Actual Total Time": 4281.636, "Actual Rows": 1200363, "Actual Loops": 1, "Inner Unique": false, "Plans": [{"Node Type": "Nested Loop", "Parent Relationship": "Outer", "Join Type": "Inner", "Startup Cost": 1030.37, "Total Cost": 14893.09, "Plan Rows": 119904, "Plan Width": 64, "Actual Startup Time": 17.918, "Actual Total Time": 293.782, "Actual Rows": 119972, "Actual Loops": 1, "Inner Unique": false, "Plans": [{"Node Type": "Nested Loop", "Parent Relationship": "Outer", "Join Type": "Inner", "Startup Cost": 0.0, "Total Cost": 28.12, "Plan Rows": 2, "Plan Width": 60, "Actual Startup Time": 0.054, "Actual Total Time": 0.138, "Actual Rows": 2, "Actual Loops": 1, "Inner Unique": false, "Join Filter": "(((n1.n_name = 'JAPAN'::bpchar) AND (n2.n_name = 'INDIA'::bpchar)) OR ((n1.n_name = 'INDIA'::bpchar) AND (n2.n_name = 'JAPAN'::bpchar)))", "Rows Removed by Join Filter": 2, "Plans": [{"Node Type": "Index Scan", "Parent Relationship": "Outer", "Scan Direction": "Forward", "Index Name": "nation_pkey", "Relation Name": "nation", "Alias": "n1", "Startup Cost": 0.0, "Total Cost": 12.75, "Plan Rows": 25, "Plan Width": 30, "Actual Startup Time": 0.017, "Actual Total Time": 0.044, "Actual Rows": 2, "Actual Loops": 1, "Filter": "((n_name = 'JAPAN'::bpchar) OR (n_name = 'INDIA'::bpchar))", "Rows Removed by Filter": 23}, {"Node Type": "Materialize", "Parent Relationship": "Inner", "Startup Cost": 0.0, "Total Cost": 1.38, "Plan Rows": 25, "Plan Width": 30, "Actual Startup Time": 0.03, "Actual Total Time": 0.054, "Actual Rows": 4, "Actual Loops": 2, "Plans": [{"Node Type": "Seq Scan", "Parent Relationship": "Outer", "Relation Name": "nation", "Alias": "n2", "Startup Cost": 0.0, "Total Cost": 1.25, "Plan Rows": 25, "Plan Width": 30, "Actual Startup Time": 0.022, "Actual Total Time": 0.04, "Actual Rows": 2, "Actual Loops": 1, "Filter": "((n_name = 'INDIA'::bpchar) OR (n_name = 'JAPAN'::bpchar))", "Rows Removed by Filter": 23}]}]}, {"Node Type": "Bitmap Heap Scan", "Parent Relationship": "Inner", "Relation Name": "customer", "Alias": "customer", "Startup Cost": 1030.37, "Total Cost": 6832.48, "Plan Rows": 60000, "Plan Width": 12, "Actual Startup Time": 35.81, "Actual Total Time": 264.556, "Actual Rows": 119972, "Actual Loops": 2, "Recheck Cond": "(c_nationkey = n2.n_nationkey)", "Rows Removed by Index Recheck": 0, "Exact Heap Blocks": 59938, "Lossy Heap Blocks": 59938, "Plans": [{"Node Type": "Bitmap Index Scan", "Parent Relationship": "Outer", "Index Name": "idx_customer_nationkey", "Startup Cost": 0.0, "Total Cost": 1015.37, "Plan Rows": 60000, "Plan Width": 0, "Actual Startup Time": 22.624, "Actual Total Time": 22.624, "Actual Rows": 119972, "Actual Loops": 2, "Index Cond": "(c_nationkey = n2.n_nationkey)"}]}]}, {"Node Type": "Index Scan", "Parent Relationship": "Inner", "Scan Direction": "Forward", "Index Name": "idx_orders_custkey", "Relation Name": "orders", "Alias": "orders", "Startup Cost": 0.0, "Total Cost": 1.22, "Plan Rows": 4, "Plan Width": 16, "Actual Startup Time": 789.213, "Actual Total Time": 3636.336, "Actual Rows": 1200363, "Actual Loops": 119972, "Index Cond": "(o_custkey = customer.c_custkey)", "Rows Removed by Index Recheck": 0}]}, {"Node Type": "Index Scan", "Parent Relationship": "Inner", "Scan Direction": "Forward", "Index Name": "idx_lineitem_orderkey", "Relation Name": "lineitem", "Alias": "lineitem", "Startup Cost": 0.0, "Total Cost": 0.91, "Plan Rows": 3, "Plan Width": 40, "Actual Startup Time": 13308.045, "Actual Total Time": 14466.896, "Actual Rows": 1459150, "Actual Loops": 1200363, "Index Cond": "(l_orderkey = orders.o_orderkey)", "Rows Removed by Index Recheck": 0, "Filter": "((l_shipdate >= '1995-01-01 00:00:00'::timestamp(0) without time zone) AND (l_shipdate <= '1996-12-31 00:00:00'::timestamp(0) without time zone))", "Rows Removed by Filter": 3342563}]}]}]}]}]}, "Triggers": [], "Planner Runtime": 4, "Total Runtime": 21530.248, "Unique SQL Id": 2208782157}}, "(64, 81)": {"explain_plan": {"Plan": {"Node Type": "Sort", "Startup Cost": 725193.13, "Total Cost": 725202.35, "Plan Rows": 3688, "Plan Width": 84, "Sort Key": ["n1.n_name", "n2.n_name", "(date_part('year'::text, lineitem.l_shipdate))"], "Plans": [{"Node Type": "Aggregate", "Strategy": "Hashed", "Parent Relationship": "Outer", "Startup Cost": 724928.54, "Total Cost": 724974.64, "Plan Rows": 3688, "Plan Width": 84, "Group By Key": ["n1.n_name", "n2.n_name", "date_part('year'::text, lineitem.l_shipdate)"], "Plans": [{"Node Type": "Merge Join", "Parent Relationship": "Outer", "Join Type": "Inner", "Startup Cost": 714986.92, "Total Cost": 724873.22, "Plan Rows": 3688, "Plan Width": 76, "Inner Unique": false, "Merge Cond": "(supplier.s_suppkey = lineitem.l_suppkey)", "Join Filter": "(n1.n_nationkey = supplier.s_nationkey)", "Plans": [{"Node Type": "Index Scan", "Parent Relationship": "Outer", "Scan Direction": "Forward", "Index Name": "supplier_pkey", "Relation Name": "supplier", "Alias": "supplier", "Startup Cost": 0.0, "Total Cost": 5334.54, "Plan Rows": 100000, "Plan Width": 12}, {"Node Type": "Sort", "Parent Relationship": "Inner", "Startup Cost": 714986.55, "Total Cost": 716838.52, "Plan Rows": 740786, "Plan Width": 88, "Sort Key": ["lineitem.l_suppkey"], "Plans": [{"Node Type": "Nested Loop", "Parent Relationship": "Outer", "Join Type": "Inner", "Startup Cost": 1030.37, "Total Cost": 642764.74, "Plan Rows": 740786, "Plan Width": 88, "Inner Unique": false, "Plans": [{"Node Type": "Nested Loop", "Parent Relationship": "Outer", "Join Type": "Inner", "Startup Cost": 1030.37, "Total Cost": 166027.11, "Plan Rows": 504972, "Plan Width": 64, "Inner Unique": false, "Plans": [{"Node Type": "Nested Loop", "Parent Relationship": "Outer", "Join Type": "Inner", "Startup Cost": 1030.37, "Total Cost": 14904.59, "Plan Rows": 119904, "Plan Width": 64, "Inner Unique": false, "Plans": [{"Node Type": "Nested Loop", "Parent Relationship": "Outer", "Join Type": "Inner", "Startup Cost": 0.0, "Total Cost": 39.62, "Plan Rows": 2, "Plan Width": 60, "Inner Unique": false, "Join Filter": "(((n1.n_name = 'JAPAN'::bpchar) AND (n2.n_name = 'INDIA'::bpchar)) OR ((n1.n_name = 'INDIA'::bpchar) AND (n2.n_name = 'JAPAN'::bpchar)))", "Plans": [{"Node Type": "Index Scan", "Parent Relationship": "Outer", "Scan Direction": "Forward", "Index Name": "nation_pkey", "Relation Name": "nation", "Alias": "n1", "Startup Cost": 0.0, "Total Cost": 12.75, "Plan Rows": 25, "Plan Width": 30, "Filter": "((n_name = 'JAPAN'::bpchar) OR (n_name = 'INDIA'::bpchar))"}, {"Node Type": "Materialize", "Parent Relationship": "Inner", "Startup Cost": 0.0, "Total Cost": 12.88, "Plan Rows": 25, "Plan Width": 30, "Plans": [{"Node Type": "Index Scan", "Parent Relationship": "Outer", "Scan Direction": "Forward", "Index Name": "nation_pkey", "Relation Name": "nation", "Alias": "n2", "Startup Cost": 0.0, "Total Cost": 12.75, "Plan Rows": 25, "Plan Width": 30, "Filter": "((n_name = 'INDIA'::bpchar) OR (n_name = 'JAPAN'::bpchar))"}]}]}, {"Node Type": "Bitmap Heap Scan", "Parent Relationship": "Inner", "Relation Name": "customer", "Alias": "customer", "Startup Cost": 1030.37, "Total Cost": 6832.48, "Plan Rows": 60000, "Plan Width": 12, "Recheck Cond": "(c_nationkey = n2.n_nationkey)", "Plans": [{"Node Type": "Bitmap Index Scan", "Parent Relationship": "Outer", "Index Name": "idx_customer_nationkey", "Startup Cost": 0.0, "Total Cost": 1015.37, "Plan Rows": 60000, "Plan Width": 0, "Index Cond": "(c_nationkey = n2.n_nationkey)"}]}]}, {"Node Type": "Index Scan", "Parent Relationship": "Inner", "Scan Direction": "Forward", "Index Name": "idx_orders_custkey", "Relation Name": "orders", "Alias": "orders", "Startup Cost": 0.0, "Total Cost": 1.22, "Plan Rows": 4, "Plan Width": 16, "Index Cond": "(o_custkey = customer.c_custkey)"}]}, {"Node Type": "Index Scan", "Parent Relationship": "Inner", "Scan Direction": "Forward", "Index Name": "idx_lineitem_orderkey", "Relation Name": "lineitem", "Alias": "lineitem", "Startup Cost": 0.0, "Total Cost": 0.91, "Plan Rows": 3, "Plan Width": 40, "Index Cond": "(l_orderkey = orders.o_orderkey)", "Filter": "((l_shipdate >= '1995-01-01 00:00:00'::timestamp(0) without time zone) AND (l_shipdate <= '1996-12-31 00:00:00'::timestamp(0) without time zone))"}]}]}]}]}]}, "Unique SQL Id": 2208782157, "Planner Runtime": 4}, "explain_analyze_plan": {"Plan": {"Node Type": "Sort", "Startup Cost": 725193.13, "Total Cost": 725202.35, "Plan Rows": 3688, "Plan Width": 84, "Actual Startup Time": 21777.941, "Actual Total Time": 21777.942, "Actual Rows": 4, "Actual Loops": 1, "Sort Key": ["n1.n_name", "n2.n_name", "(date_part('year'::text, lineitem.l_shipdate))"], "Sort Method": "quicksort", "Sort Space Used": 25, "Sort Space Type": "Memory", "Plans": [{"Node Type": "Aggregate", "Strategy": "Hashed", "Parent Relationship": "Outer", "Startup Cost": 724928.54, "Total Cost": 724974.64, "Plan Rows": 3688, "Plan Width": 84, "Actual Startup Time": 21777.908, "Actual Total Time": 21777.912, "Actual Rows": 4, "Actual Loops": 1, "Group By Key": ["n1.n_name", "n2.n_name", "date_part('year'::text, lineitem.l_shipdate)"], "Plans": [{"Node Type": "Merge Join", "Parent Relationship": "Outer", "Join Type": "Inner", "Startup Cost": 714986.92, "Total Cost": 724873.22, "Plan Rows": 3688, "Plan Width": 76, "Actual Startup Time": 20784.793, "Actual Total Time": 21718.105, "Actual Rows": 58554, "Actual Loops": 1, "Inner Unique": false, "Merge Cond": "(supplier.s_suppkey = lineitem.l_suppkey)", "Join Filter": "(n1.n_nationkey = supplier.s_nationkey)", "Rows Removed by Join Filter": 0, "Plans": [{"Node Type": "Index Scan", "Parent Relationship": "Outer", "Scan Direction": "Forward", "Index Name": "supplier_pkey", "Relation Name": "supplier", "Alias": "supplier", "Startup Cost": 0.0, "Total Cost": 5334.54, "Plan Rows": 100000, "Plan Width": 12, "Actual Startup Time": 0.022, "Actual Total Time": 73.211, "Actual Rows": 100000, "Actual Loops": 1}, {"Node Type": "Sort", "Parent Relationship": "Inner", "Startup Cost": 714986.55, "Total Cost": 716838.52, "Plan Rows": 740786, "Plan Width": 88, "Actual Startup Time": 20784.221, "Actual Total Time": 21101.364, "Actual Rows": 1459150, "Actual Loops": 1, "Sort Key": ["lineitem.l_suppkey"], "Sort Method": "quicksort", "Sort Space Used": 277145, "Sort Space Type": "Memory", "Plans": [{"Node Type": "Nested Loop", "Parent Relationship": "Outer", "Join Type": "Inner", "Startup Cost": 1030.37, "Total Cost": 642764.74, "Plan Rows": 740786, "Plan Width": 88, "Actual Startup Time": 18.018, "Actual Total Time": 20058.965, "Actual Rows": 1459150, "Actual Loops": 1, "Inner Unique": false, "Plans": [{"Node Type": "Nested Loop", "Parent Relationship": "Outer", "Join Type": "Inner", "Startup Cost": 1030.37, "Total Cost": 166027.11, "Plan Rows": 504972, "Plan Width": 64, "Actual Startup Time": 17.926, "Actual Total Time": 4463.317, "Actual Rows": 1200363, "Actual Loops": 1, "Inner Unique": false, "Plans": [{"Node Type": "Nested Loop", "Parent Relationship": "Outer", "Join Type": "Inner", "Startup Cost": 1030.37, "Total Cost": 14904.59, "Plan Rows": 119904, "Plan Width": 64, "Actual Startup Time": 17.896, "Actual Total Time": 303.538, "Actual Rows": 119972, "Actual Loops": 1, "Inner Unique": false, "Plans": [{"Node Type": "Nested Loop", "Parent Relationship": "Outer", "Join Type": "Inner", "Startup Cost": 0.0, "Total Cost": 39.62, "Plan Rows": 2, "Plan Width": 60, "Actual Startup Time": 0.038, "Actual Total Time": 0.197, "Actual Rows": 2, "Actual Loops": 1, "Inner Unique": false, "Join Filter": "(((n1.n_name = 'JAPAN'::bpchar) AND (n2.n_name = 'INDIA'::bpchar)) OR ((n1.n_name = 'INDIA'::bpchar) AND (n2.n_name = 'JAPAN'::bpchar)))", "Rows Removed by Join Filter": 2, "Plans": [{"Node Type": "Index Scan", "Parent Relationship": "Outer", "Scan Direction": "Forward", "Index Name": "nation_pkey", "Relation Name": "nation", "Alias": "n1", "Startup Cost": 0.0, "Total Cost": 12.75, "Plan Rows": 25, "Plan Width": 30, "Actual Startup Time": 0.015, "Actual Total Time": 0.04, "Actual Rows": 2, "Actual Loops": 1, "Filter": "((n_name = 'JAPAN'::bpchar) OR (n_name = 'INDIA'::bpchar))", "Rows Removed by Filter": 23}, {"Node Type": "Materialize", "Parent Relationship": "Inner", "Startup Cost": 0.0, "Total Cost": 12.88, "Plan Rows": 25, "Plan Width": 30, "Actual Startup Time": 0.015, "Actual Total Time": 0.103, "Actual Rows": 4, "Actual Loops": 2, "Plans": [{"Node Type": "Index Scan", "Parent Relationship": "Outer", "Scan Direction": "Forward", "Index Name": "nation_pkey", "Relation Name": "nation", "Alias": "n2", "Startup Cost": 0.0, "Total Cost": 12.75, "Plan Rows": 25, "Plan Width": 30, "Actual Startup Time": 0.011, "Actual Total Time": 0.048, "Actual Rows": 2, "Actual Loops": 1, "Filter": "((n_name = 'INDIA'::bpchar) OR (n_name = 'JAPAN'::bpchar))", "Rows Removed by Filter": 23}]}]}, {"Node Type": "Bitmap Heap Scan", "Parent Relationship": "Inner", "Relation Name": "customer", "Alias": "customer", "Startup Cost": 1030.37, "Total Cost": 6832.48, "Plan Rows": 60000, "Plan Width": 12, "Actual Startup Time": 36.008, "Actual Total Time": 273.837, "Actual Rows": 119972, "Actual Loops": 2, "Recheck Cond": "(c_nationkey = n2.n_nationkey)", "Rows Removed by Index Recheck": 0, "Exact Heap Blocks": 59938, "Lossy Heap Blocks": 59938, "Plans": [{"Node Type": "Bitmap Index Scan", "Parent Relationship": "Outer", "Index Name": "idx_customer_nationkey", "Startup Cost": 0.0, "Total Cost": 1015.37, "Plan Rows": 60000, "Plan Width": 0, "Actual Startup Time": 22.804, "Actual Total Time": 22.804, "Actual Rows": 119972, "Actual Loops": 2, "Index Cond": "(c_nationkey = n2.n_nationkey)"}]}]}, {"Node Type": "Index Scan", "Parent Relationship": "Inner", "Scan Direction": "Forward", "Index Name": "idx_orders_custkey", "Relation Name": "orders", "Alias": "orders", "Startup Cost": 0.0, "Total Cost": 1.22, "Plan Rows": 4, "Plan Width": 16, "Actual Startup Time": 820.319, "Actual Total Time": 3813.353, "Actual Rows": 1200363, "Actual Loops": 119972, "Index Cond": "(o_custkey = customer.c_custkey)", "Rows Removed by Index Recheck": 0}]}, {"Node Type": "Index Scan", "Parent Relationship": "Inner", "Scan Direction": "Forward", "Index Name": "idx_lineitem_orderkey", "Relation Name": "lineitem", "Alias": "lineitem", "Startup Cost": 0.0, "Total Cost": 0.91, "Plan Rows": 3, "Plan Width": 40, "Actual Startup Time": 13488.617, "Actual Total Time": 14621.41, "Actual Rows": 1459150, "Actual Loops": 1200363, "Index Cond": "(l_orderkey = orders.o_orderkey)", "Rows Removed by Index Recheck": 0, "Filter": "((l_shipdate >= '1995-01-01 00:00:00'::timestamp(0) without time zone) AND (l_shipdate <= '1996-12-31 00:00:00'::timestamp(0) without time zone))", "Rows Removed by Filter": 3342563}]}]}]}]}]}, "Triggers": [], "Planner Runtime": 4, "Total Runtime": 21778.241, "Unique SQL Id": 2208782157}}, "(64, 82)": {"explain_plan": {"Plan": {"Node Type": "Sort", "Startup Cost": 2954241.64, "Total Cost": 2954250.86, "Plan Rows": 3688, "Plan Width": 84, "Sort Key": ["n1.n_name", "n2.n_name", "(date_part('year'::text, lineitem.l_shipdate))"], "Plans": [{"Node Type": "Aggregate", "Strategy": "Hashed", "Parent Relationship": "Outer", "Startup Cost": 2953977.05, "Total Cost": 2954023.15, "Plan Rows": 3688, "Plan Width": 84, "Group By Key": ["n1.n_name", "n2.n_name", "date_part('year'::text, lineitem.l_shipdate)"], "Plans": [{"Node Type": "Merge Join", "Parent Relationship": "Outer", "Join Type": "Inner", "Startup Cost": 2947588.86, "Total Cost": 2953921.73, "Plan Rows": 3688, "Plan Width": 76, "Inner Unique": true, "Merge Cond": "((lineitem.l_suppkey = supplier.s_suppkey) AND (n1.n_nationkey = supplier.s_nationkey))", "Plans": [{"Node Type": "Sort", "Parent Relationship": "Outer", "Startup Cost": 2936000.49, "Total Cost": 2937852.45, "Plan Rows": 740786, "Plan Width": 88, "Sort Key": ["lineitem.l_suppkey", "n1.n_nationkey"], "Plans": [{"Node Type": "Nested Loop", "Parent Relationship": "Outer", "Join Type": "Inner", "Startup Cost": 1031.18, "Total Cost": 2863778.68, "Plan Rows": 740786, "Plan Width": 88, "Inner Unique": false, "Plans": [{"Node Type": "Nested Loop", "Parent Relationship": "Outer", "Join Type": "Inner", "Startup Cost": 1030.8, "Total Cost": 557356.7, "Plan Rows": 504972, "Plan Width": 64, "Inner Unique": false, "Plans": [{"Node Type": "Nested Loop", "Parent Relationship": "Outer", "Join Type": "Inner", "Startup Cost": 1030.37, "Total Cost": 14881.59, "Plan Rows": 119904, "Plan Width": 64, "Inner Unique": false, "Plans": [{"Node Type": "Nested Loop", "Parent Relationship": "Outer", "Join Type": "Inner", "Startup Cost": 0.0, "Total Cost": 16.62, "Plan Rows": 2, "Plan Width": 60, "Inner Unique": false, "Join Filter": "(((n1.n_name = 'JAPAN'::bpchar) AND (n2.n_name = 'INDIA'::bpchar)) OR ((n1.n_name = 'INDIA'::bpchar) AND (n2.n_name = 'JAPAN'::bpchar)))", "Plans": [{"Node Type": "Seq Scan", "Parent Relationship": "Outer", "Relation Name": "nation", "Alias": "n1", "Startup Cost": 0.0, "Total Cost": 1.25, "Plan Rows": 25, "Plan Width": 30, "Filter": "((n_name = 'JAPAN'::bpchar) OR (n_name = 'INDIA'::bpchar))"}, {"Node Type": "Materialize", "Parent Relationship": "Inner", "Startup Cost": 0.0, "Total Cost": 1.38, "Plan Rows": 25, "Plan Width": 30, "Plans": [{"Node Type": "Seq Scan", "Parent Relationship": "Outer", "Relation Name": "nation", "Alias": "n2", "Startup Cost": 0.0, "Total Cost": 1.25, "Plan Rows": 25, "Plan Width": 30, "Filter": "((n_name = 'INDIA'::bpchar) OR (n_name = 'JAPAN'::bpchar))"}]}]}, {"Node Type": "Bitmap Heap Scan", "Parent Relationship": "Inner", "Relation Name": "customer", "Alias": "customer", "Startup Cost": 1030.37, "Total Cost": 6832.48, "Plan Rows": 60000, "Plan Width": 12, "Recheck Cond": "(c_nationkey = n2.n_nationkey)", "Plans": [{"Node Type": "Bitmap Index Scan", "Parent Relationship": "Outer", "Index Name": "idx_customer_nationkey", "Startup Cost": 0.0, "Total Cost": 1015.37, "Plan Rows": 60000, "Plan Width": 0, "Index Cond": "(c_nationkey = n2.n_nationkey)"}]}]}, {"Node Type": "Bitmap Heap Scan", "Parent Relationship": "Inner", "Relation Name": "orders", "Alias": "orders", "Startup Cost": 0.43, "Total Cost": 4.48, "Plan Rows": 4, "Plan Width": 16, "Recheck Cond": "(o_custkey = customer.c_custkey)", "Plans": [{"Node Type": "Bitmap Index Scan", "Parent Relationship": "Outer", "Index Name": "idx_orders_custkey", "Startup Cost": 0.0, "Total Cost": 0.43, "Plan Rows": 4, "Plan Width": 0, "Index Cond": "(o_custkey = customer.c_custkey)"}]}]}, {"Node Type": "Bitmap Heap Scan", "Parent Relationship": "Inner", "Relation Name": "lineitem", "Alias": "lineitem", "Startup Cost": 0.38, "Total Cost": 4.54, "Plan Rows": 3, "Plan Width": 40, "Recheck Cond": "(l_orderkey = orders.o_orderkey)", "Filter": "((l_shipdate >= '1995-01-01 00:00:00'::timestamp(0) without time zone) AND (l_shipdate <= '1996-12-31 00:00:00'::timestamp(0) without time zone))", "Plans": [{"Node Type": "Bitmap Index Scan", "Parent Relationship": "Outer", "Index Name": "idx_lineitem_orderkey", "Startup Cost": 0.0, "Total Cost": 0.38, "Plan Rows": 9, "Plan Width": 0, "Index Cond": "(l_orderkey = orders.o_orderkey)"}]}]}]}, {"Node Type": "Sort", "Parent Relationship": "Inner", "Startup Cost": 11587.82, "Total Cost": 11837.82, "Plan Rows": 100000, "Plan Width": 12, "Sort Key": ["supplier.s_suppkey", "supplier.s_nationkey"], "Plans": [{"Node Type": "Seq Scan", "Parent Relationship": "Outer", "Relation Name": "supplier", "Alias": "supplier", "Startup Cost": 0.0, "Total Cost": 3283.0, "Plan Rows": 100000, "Plan Width": 12}]}]}]}]}, "Unique SQL Id": 2208782157, "Planner Runtime": 4}, "explain_analyze_plan": {"Plan": {"Node Type": "Sort", "Startup Cost": 2954241.64, "Total Cost": 2954250.86, "Plan Rows": 3688, "Plan Width": 84, "Actual Startup Time": 24444.903, "Actual Total Time": 24444.903, "Actual Rows": 4, "Actual Loops": 1, "Sort Key": ["n1.n_name", "n2.n_name", "(date_part('year'::text, lineitem.l_shipdate))"], "Sort Method": "quicksort", "Sort Space Used": 25, "Sort Space Type": "Memory", "Plans": [{"Node Type": "Aggregate", "Strategy": "Hashed", "Parent Relationship": "Outer", "Startup Cost": 2953977.05, "Total Cost": 2954023.15, "Plan Rows": 3688, "Plan Width": 84, "Actual Startup Time": 24444.864, "Actual Total Time": 24444.869, "Actual Rows": 4, "Actual Loops": 1, "Group By Key": ["n1.n_name", "n2.n_name", "date_part('year'::text, lineitem.l_shipdate)"], "Plans": [{"Node Type": "Merge Join", "Parent Relationship": "Outer", "Join Type": "Inner", "Startup Cost": 2947588.86, "Total Cost": 2953921.73, "Plan Rows": 3688, "Plan Width": 76, "Actual Startup Time": 23602.195, "Actual Total Time": 24386.364, "Actual Rows": 58554, "Actual Loops": 1, "Inner Unique": true, "Merge Cond": "((lineitem.l_suppkey = supplier.s_suppkey) AND (n1.n_nationkey = supplier.s_nationkey))", "Plans": [{"Node Type": "Sort", "Parent Relationship": "Outer", "Startup Cost": 2936000.49, "Total Cost": 2937852.45, "Plan Rows": 740786, "Plan Width": 88, "Actual Startup Time": 23526.682, "Actual Total Time": 23918.064, "Actual Rows": 1459145, "Actual Loops": 1, "Sort Key": ["lineitem.l_suppkey", "n1.n_nationkey"], "Sort Method": "quicksort", "Sort Space Used": 277145, "Sort Space Type": "Memory", "Plans": [{"Node Type": "Nested Loop", "Parent Relationship": "Outer", "Join Type": "Inner", "Startup Cost": 1031.18, "Total Cost": 2863778.68, "Plan Rows": 740786, "Plan Width": 88, "Actual Startup Time": 18.048, "Actual Total Time": 22227.174, "Actual Rows": 1459150, "Actual Loops": 1, "Inner Unique": false, "Plans": [{"Node Type": "Nested Loop", "Parent Relationship": "Outer", "Join Type": "Inner", "Startup Cost": 1030.8, "Total Cost": 557356.7, "Plan Rows": 504972, "Plan Width": 64, "Actual Startup Time": 17.953, "Actual Total Time": 5015.502, "Actual Rows": 1200363, "Actual Loops": 1, "Inner Unique": false, "Plans": [{"Node Type": "Nested Loop", "Parent Relationship": "Outer", "Join Type": "Inner", "Startup Cost": 1030.37, "Total Cost": 14881.59, "Plan Rows": 119904, "Plan Width": 64, "Actual Startup Time": 17.906, "Actual Total Time": 283.983, "Actual Rows": 119972, "Actual Loops": 1, "Inner Unique": false, "Plans": [{"Node Type": "Nested Loop", "Parent Relationship": "Outer", "Join Type": "Inner", "Startup Cost": 0.0, "Total Cost": 16.62, "Plan Rows": 2, "Plan Width": 60, "Actual Startup Time": 0.049, "Actual Total Time": 0.199, "Actual Rows": 2, "Actual Loops": 1, "Inner Unique": false, "Join Filter": "(((n1.n_name = 'JAPAN'::bpchar) AND (n2.n_name = 'INDIA'::bpchar)) OR ((n1.n_name = 'INDIA'::bpchar) AND (n2.n_name = 'JAPAN'::bpchar)))", "Rows Removed by Join Filter": 2, "Plans": [{"Node Type": "Seq Scan", "Parent Relationship": "Outer", "Relation Name": "nation", "Alias": "n1", "Startup Cost": 0.0, "Total Cost": 1.25, "Plan Rows": 25, "Plan Width": 30, "Actual Startup Time": 0.022, "Actual Total Time": 0.041, "Actual Rows": 2, "Actual Loops": 1, "Filter": "((n_name = 'JAPAN'::bpchar) OR (n_name = 'INDIA'::bpchar))", "Rows Removed by Filter": 23}, {"Node Type": "Materialize", "Parent Relationship": "Inner", "Startup Cost": 0.0, "Total Cost": 1.38, "Plan Rows": 25, "Plan Width": 30, "Actual Startup Time": 0.019, "Actual Total Time": 0.106, "Actual Rows": 4, "Actual Loops": 2, "Plans": [{"Node Type": "Seq Scan", "Parent Relationship": "Outer", "Relation Name": "nation", "Alias": "n2", "Startup Cost": 0.0, "Total Cost": 1.25, "Plan Rows": 25, "Plan Width": 30, "Actual Startup Time": 0.012, "Actual Total Time": 0.027, "Actual Rows": 2, "Actual Loops": 1, "Filter": "((n_name = 'INDIA'::bpchar) OR (n_name = 'JAPAN'::bpchar))", "Rows Removed by Filter": 23}]}]}, {"Node Type": "Bitmap Heap Scan", "Parent Relationship": "Inner", "Relation Name": "customer", "Alias": "customer", "Startup Cost": 1030.37, "Total Cost": 6832.48, "Plan Rows": 60000, "Plan Width": 12, "Actual Startup Time": 35.808, "Actual Total Time": 251.497, "Actual Rows": 119972, "Actual Loops": 2, "Recheck Cond": "(c_nationkey = n2.n_nationkey)", "Rows Removed by Index Recheck": 0, "Exact Heap Blocks": 59938, "Lossy Heap Blocks": 59938, "Plans": [{"Node Type": "Bitmap Index Scan", "Parent Relationship": "Outer", "Index Name": "idx_customer_nationkey", "Startup Cost": 0.0, "Total Cost": 1015.37, "Plan Rows": 60000, "Plan Width": 0, "Actual Startup Time": 22.633, "Actual Total Time": 22.633, "Actual Rows": 119972, "Actual Loops": 2, "Index Cond": "(c_nationkey = n2.n_nationkey)"}]}]}, {"Node Type": "Bitmap Heap Scan", "Parent Relationship": "Inner", "Relation Name": "orders", "Alias": "orders", "Startup Cost": 0.43, "Total Cost": 4.48, "Plan Rows": 4, "Plan Width": 16, "Actual Startup Time": 1169.859, "Actual Total Time": 4305.21, "Actual Rows": 1200363, "Actual Loops": 119972, "Recheck Cond": "(o_custkey = customer.c_custkey)", "Rows Removed by Index Recheck": 0, "Exact Heap Blocks": 1200331, "Lossy Heap Blocks": 1200331, "Plans": [{"Node Type": "Bitmap Index Scan", "Parent Relationship": "Outer", "Index Name": "idx_orders_custkey", "Startup Cost": 0.0, "Total Cost": 0.43, "Plan Rows": 4, "Plan Width": 0, "Actual Startup Time": 731.139, "Actual Total Time": 731.139, "Actual Rows": 1200363, "Actual Loops": 119972, "Index Cond": "(o_custkey = customer.c_custkey)"}]}]}, {"Node Type": "Bitmap Heap Scan", "Parent Relationship": "Inner", "Relation Name": "lineitem", "Alias": "lineitem", "Startup Cost": 0.38, "Total Cost": 4.54, "Plan Rows": 3, "Plan Width": 40, "Actual Startup Time": 14879.797, "Actual Total Time": 15498.13, "Actual Rows": 1459150, "Actual Loops": 1200363, "Recheck Cond": "(l_orderkey = orders.o_orderkey)", "Rows Removed by Index Recheck": 0, "Filter": "((l_shipdate >= '1995-01-01 00:00:00'::timestamp(0) without time zone) AND (l_shipdate <= '1996-12-31 00:00:00'::timestamp(0) without time zone))", "Rows Removed by Filter": 3342563, "Exact Heap Blocks": 1285989, "Lossy Heap Blocks": 1285989, "Plans": [{"Node Type": "Bitmap Index Scan", "Parent Relationship": "Outer", "Index Name": "idx_lineitem_orderkey", "Startup Cost": 0.0, "Total Cost": 0.38, "Plan Rows": 9, "Plan Width": 0, "Actual Startup Time": 8530.994, "Actual Total Time": 8530.994, "Actual Rows": 4801713, "Actual Loops": 1200363, "Index Cond": "(l_orderkey = orders.o_orderkey)"}]}]}]}, {"Node Type": "Sort", "Parent Relationship": "Inner", "Startup Cost": 11587.82, "Total Cost": 11837.82, "Plan Rows": 100000, "Plan Width": 12, "Actual Startup Time": 75.377, "Actual Total Time": 90.218, "Actual Rows": 100000, "Actual Loops": 1, "Sort Key": ["supplier.s_suppkey", "supplier.s_nationkey"], "Sort Method": "quicksort", "Sort Space Used": 12448, "Sort Space Type": "Memory", "Plans": [{"Node Type": "Seq Scan", "Parent Relationship": "Outer", "Relation Name": "supplier", "Alias": "supplier", "Startup Cost": 0.0, "Total Cost": 3283.0, "Plan Rows": 100000, "Plan Width": 12, "Actual Startup Time": 0.045, "Actual Total Time": 37.975, "Actual Rows": 100000, "Actual Loops": 1}]}]}]}]}, "Triggers": [], "Planner Runtime": 4, "Total Runtime": 24445.202, "Unique SQL Id": 2208782157}}, "(64, 83)": {"explain_plan": {"Plan": {"Node Type": "Sort", "Startup Cost": 99673674.43, "Total Cost": 99673683.65, "Plan Rows": 3688, "Plan Width": 84, "Sort Key": ["n1.n_name", "n2.n_name", "(date_part('year'::text, lineitem.l_shipdate))"], "Plans": [{"Node Type": "Aggregate", "Strategy": "Hashed", "Parent Relationship": "Outer", "Startup Cost": 99673409.84, "Total Cost": 99673455.94, "Plan Rows": 3688, "Plan Width": 84, "Group By Key": ["n1.n_name", "n2.n_name", "date_part('year'::text, lineitem.l_shipdate)"], "Plans": [{"Node Type": "Nested Loop", "Parent Relationship": "Outer", "Join Type": "Inner", "Startup Cost": 627986.71, "Total Cost": 99673354.52, "Plan Rows": 3688, "Plan Width": 76, "Inner Unique": true, "Join Filter": "(((n1.n_name = 'JAPAN'::bpchar) AND (n2.n_name = 'INDIA'::bpchar)) OR ((n1.n_name = 'INDIA'::bpchar) AND (n2.n_name = 'JAPAN'::bpchar)))", "Plans": [{"Node Type": "Nested Loop", "Parent Relationship": "Outer", "Join Type": "Inner", "Startup Cost": 627986.45, "Total Cost": 94724471.42, "Plan Rows": 1153515, "Plan Width": 54, "Inner Unique": true, "Plans": [{"Node Type": "Nested Loop", "Parent Relationship": "Outer", "Join Type": "Inner", "Startup Cost": 627986.2, "Total Cost": 89787046.56, "Plan Rows": 1153515, "Plan Width": 32, "Inner Unique": true, "Plans": [{"Node Type": "Nested Loop", "Parent Relationship": "Outer", "Join Type": "Inner", "Startup Cost": 627985.94, "Total Cost": 84848088.55, "Plan Rows": 1153515, "Plan Width": 36, "Inner Unique": true, "Plans": [{"Node Type": "Nested Loop", "Parent Relationship": "Outer", "Join Type": "Inner", "Startup Cost": 627985.67, "Total Cost": 79896146.0, "Plan Rows": 1153515, "Plan Width": 36, "Inner Unique": true, "Plans": [{"Node Type": "Bitmap Heap Scan", "Parent Relationship": "Outer", "Relation Name": "lineitem", "Alias": "lineitem", "Startup Cost": 627985.41, "Total Cost": 2315105.27, "Plan Rows": 18124991, "Plan Width": 40, "Recheck Cond": "((l_shipdate >= '1995-01-01 00:00:00'::timestamp(0) without time zone) AND (l_shipdate <= '1996-12-31 00:00:00'::timestamp(0) without time zone)), (LLVM Optimized)", "Plans": [{"Node Type": "Bitmap Index Scan", "Parent Relationship": "Outer", "Index Name": "idx_lineitem_shipdate", "Startup Cost": 0.0, "Total Cost": 623454.16, "Plan Rows": 18124991, "Plan Width": 0, "Index Cond": "((l_shipdate >= '1995-01-01 00:00:00'::timestamp(0) without time zone) AND (l_shipdate <= '1996-12-31 00:00:00'::timestamp(0) without time zone))"}]}, {"Node Type": "Bitmap Heap Scan", "Parent Relationship": "Inner", "Relation Name": "supplier", "Alias": "supplier", "Startup Cost": 0.26, "Total Cost": 4.27, "Plan Rows": 1, "Plan Width": 12, "Recheck Cond": "(s_suppkey = lineitem.l_suppkey)", "Plans": [{"Node Type": "Bitmap Index Scan", "Parent Relationship": "Outer", "Index Name": "supplier_pkey", "Startup Cost": 0.0, "Total Cost": 0.26, "Plan Rows": 1, "Plan Width": 0, "Index Cond": "(s_suppkey = lineitem.l_suppkey)"}]}]}, {"Node Type": "Bitmap Heap Scan", "Parent Relationship": "Inner", "Relation Name": "orders", "Alias": "orders", "Startup Cost": 0.27, "Total Cost": 4.28, "Plan Rows": 1, "Plan Width": 16, "Recheck Cond": "(o_orderkey = lineitem.l_orderkey)", "Plans": [{"Node Type": "Bitmap Index Scan", "Parent Relationship": "Outer", "Index Name": "orders_pkey", "Startup Cost": 0.0, "Total Cost": 0.27, "Plan Rows": 1, "Plan Width": 0, "Index Cond": "(o_orderkey = lineitem.l_orderkey)"}]}]}, {"Node Type": "Bitmap Heap Scan", "Parent Relationship": "Inner", "Relation Name": "customer", "Alias": "customer", "Startup Cost": 0.26, "Total Cost": 4.27, "Plan Rows": 1, "Plan Width": 12, "Recheck Cond": "(c_custkey = orders.o_custkey)", "Plans": [{"Node Type": "Bitmap Index Scan", "Parent Relationship": "Outer", "Index Name": "customer_pkey", "Startup Cost": 0.0, "Total Cost": 0.26, "Plan Rows": 1, "Plan Width": 0, "Index Cond": "(c_custkey = orders.o_custkey)"}]}]}, {"Node Type": "Bitmap Heap Scan", "Parent Relationship": "Inner", "Relation Name": "nation", "Alias": "n1", "Startup Cost": 0.26, "Total Cost": 4.27, "Plan Rows": 1, "Plan Width": 30, "Recheck Cond": "(n_nationkey = supplier.s_nationkey)", "Filter": "((n_name = 'JAPAN'::bpchar) OR (n_name = 'INDIA'::bpchar))", "Plans": [{"Node Type": "Bitmap Index Scan", "Parent Relationship": "Outer", "Index Name": "nation_pkey", "Startup Cost": 0.0, "Total Cost": 0.26, "Plan Rows": 1, "Plan Width": 0, "Index Cond": "(n_nationkey = supplier.s_nationkey)"}]}]}, {"Node Type": "Bitmap Heap Scan", "Parent Relationship": "Inner", "Relation Name": "nation", "Alias": "n2", "Startup Cost": 0.26, "Total Cost": 4.27, "Plan Rows": 1, "Plan Width": 30, "Recheck Cond": "(n_nationkey = customer.c_nationkey)", "Filter": "((n_name = 'INDIA'::bpchar) OR (n_name = 'JAPAN'::bpchar))", "Plans": [{"Node Type": "Bitmap Index Scan", "Parent Relationship": "Outer", "Index Name": "nation_pkey", "Startup Cost": 0.0, "Total Cost": 0.26, "Plan Rows": 1, "Plan Width": 0, "Index Cond": "(n_nationkey = customer.c_nationkey)"}]}]}]}]}, "Unique SQL Id": 2208782157, "Planner Runtime": 3}, "explain_analyze_plan": null}, "(64, 84)": {"explain_plan": {"Plan": {"Node Type": "Sort", "Startup Cost": 725181.63, "Total Cost": 725190.85, "Plan Rows": 3688, "Plan Width": 84, "Sort Key": ["n1.n_name", "n2.n_name", "(date_part('year'::text, lineitem.l_shipdate))"], "Plans": [{"Node Type": "Aggregate", "Strategy": "Hashed", "Parent Relationship": "Outer", "Startup Cost": 724917.04, "Total Cost": 724963.14, "Plan Rows": 3688, "Plan Width": 84, "Group By Key": ["n1.n_name", "n2.n_name", "date_part('year'::text, lineitem.l_shipdate)"], "Plans": [{"Node Type": "Merge Join", "Parent Relationship": "Outer", "Join Type": "Inner", "Startup Cost": 714975.42, "Total Cost": 724861.72, "Plan Rows": 3688, "Plan Width": 76, "Inner Unique": false, "Merge Cond": "(supplier.s_suppkey = lineitem.l_suppkey)", "Join Filter": "(n1.n_nationkey = supplier.s_nationkey)", "Plans": [{"Node Type": "Index Scan", "Parent Relationship": "Outer", "Scan Direction": "Forward", "Index Name": "supplier_pkey", "Relation Name": "supplier", "Alias": "supplier", "Startup Cost": 0.0, "Total Cost": 5334.54, "Plan Rows": 100000, "Plan Width": 12}, {"Node Type": "Sort", "Parent Relationship": "Inner", "Startup Cost": 714975.05, "Total Cost": 716827.02, "Plan Rows": 740786, "Plan Width": 88, "Sort Key": ["lineitem.l_suppkey"], "Plans": [{"Node Type": "Nested Loop", "Parent Relationship": "Outer", "Join Type": "Inner", "Startup Cost": 1030.37, "Total Cost": 642753.24, "Plan Rows": 740786, "Plan Width": 88, "Inner Unique": false, "Plans": [{"Node Type": "Nested Loop", "Parent Relationship": "Outer", "Join Type": "Inner", "Startup Cost": 1030.37, "Total Cost": 166015.61, "Plan Rows": 504972, "Plan Width": 64, "Inner Unique": false, "Plans": [{"Node Type": "Nested Loop", "Parent Relationship": "Outer", "Join Type": "Inner", "Startup Cost": 1030.37, "Total Cost": 14893.09, "Plan Rows": 119904, "Plan Width": 64, "Inner Unique": false, "Plans": [{"Node Type": "Nested Loop", "Parent Relationship": "Outer", "Join Type": "Inner", "Startup Cost": 0.0, "Total Cost": 28.12, "Plan Rows": 2, "Plan Width": 60, "Inner Unique": false, "Join Filter": "(((n1.n_name = 'JAPAN'::bpchar) AND (n2.n_name = 'INDIA'::bpchar)) OR ((n1.n_name = 'INDIA'::bpchar) AND (n2.n_name = 'JAPAN'::bpchar)))", "Plans": [{"Node Type": "Index Scan", "Parent Relationship": "Outer", "Scan Direction": "Forward", "Index Name": "nation_pkey", "Relation Name": "nation", "Alias": "n1", "Startup Cost": 0.0, "Total Cost": 12.75, "Plan Rows": 25, "Plan Width": 30, "Filter": "((n_name = 'JAPAN'::bpchar) OR (n_name = 'INDIA'::bpchar))"}, {"Node Type": "Materialize", "Parent Relationship": "Inner", "Startup Cost": 0.0, "Total Cost": 1.38, "Plan Rows": 25, "Plan Width": 30, "Plans": [{"Node Type": "Seq Scan", "Parent Relationship": "Outer", "Relation Name": "nation", "Alias": "n2", "Startup Cost": 0.0, "Total Cost": 1.25, "Plan Rows": 25, "Plan Width": 30, "Filter": "((n_name = 'INDIA'::bpchar) OR (n_name = 'JAPAN'::bpchar))"}]}]}, {"Node Type": "Bitmap Heap Scan", "Parent Relationship": "Inner", "Relation Name": "customer", "Alias": "customer", "Startup Cost": 1030.37, "Total Cost": 6832.48, "Plan Rows": 60000, "Plan Width": 12, "Recheck Cond": "(c_nationkey = n2.n_nationkey)", "Plans": [{"Node Type": "Bitmap Index Scan", "Parent Relationship": "Outer", "Index Name": "idx_customer_nationkey", "Startup Cost": 0.0, "Total Cost": 1015.37, "Plan Rows": 60000, "Plan Width": 0, "Index Cond": "(c_nationkey = n2.n_nationkey)"}]}]}, {"Node Type": "Index Scan", "Parent Relationship": "Inner", "Scan Direction": "Forward", "Index Name": "idx_orders_custkey", "Relation Name": "orders", "Alias": "orders", "Startup Cost": 0.0, "Total Cost": 1.22, "Plan Rows": 4, "Plan Width": 16, "Index Cond": "(o_custkey = customer.c_custkey)"}]}, {"Node Type": "Index Scan", "Parent Relationship": "Inner", "Scan Direction": "Forward", "Index Name": "idx_lineitem_orderkey", "Relation Name": "lineitem", "Alias": "lineitem", "Startup Cost": 0.0, "Total Cost": 0.91, "Plan Rows": 3, "Plan Width": 40, "Index Cond": "(l_orderkey = orders.o_orderkey)", "Filter": "((l_shipdate >= '1995-01-01 00:00:00'::timestamp(0) without time zone) AND (l_shipdate <= '1996-12-31 00:00:00'::timestamp(0) without time zone))"}]}]}]}]}]}, "Unique SQL Id": 2208782157, "Planner Runtime": 4}, "explain_analyze_plan": {"Plan": {"Node Type": "Sort", "Startup Cost": 725181.63, "Total Cost": 725190.85, "Plan Rows": 3688, "Plan Width": 84, "Actual Startup Time": 21529.951, "Actual Total Time": 21529.952, "Actual Rows": 4, "Actual Loops": 1, "Sort Key": ["n1.n_name", "n2.n_name", "(date_part('year'::text, lineitem.l_shipdate))"], "Sort Method": "quicksort", "Sort Space Used": 25, "Sort Space Type": "Memory", "Plans": [{"Node Type": "Aggregate", "Strategy": "Hashed", "Parent Relationship": "Outer", "Startup Cost": 724917.04, "Total Cost": 724963.14, "Plan Rows": 3688, "Plan Width": 84, "Actual Startup Time": 21529.911, "Actual Total Time": 21529.917, "Actual Rows": 4, "Actual Loops": 1, "Group By Key": ["n1.n_name", "n2.n_name", "date_part('year'::text, lineitem.l_shipdate)"], "Plans": [{"Node Type": "Merge Join", "Parent Relationship": "Outer", "Join Type": "Inner", "Startup Cost": 714975.42, "Total Cost": 724861.72, "Plan Rows": 3688, "Plan Width": 76, "Actual Startup Time": 20440.403, "Actual Total Time": 21469.46, "Actual Rows": 58554, "Actual Loops": 1, "Inner Unique": false, "Merge Cond": "(supplier.s_suppkey = lineitem.l_suppkey)", "Join Filter": "(n1.n_nationkey = supplier.s_nationkey)", "Rows Removed by Join Filter": 0, "Plans": [{"Node Type": "Index Scan", "Parent Relationship": "Outer", "Scan Direction": "Forward", "Index Name": "supplier_pkey", "Relation Name": "supplier", "Alias": "supplier", "Startup Cost": 0.0, "Total Cost": 5334.54, "Plan Rows": 100000, "Plan Width": 12, "Actual Startup Time": 0.023, "Actual Total Time": 65.815, "Actual Rows": 100000, "Actual Loops": 1}, {"Node Type": "Sort", "Parent Relationship": "Inner", "Startup Cost": 714975.05, "Total Cost": 716827.02, "Plan Rows": 740786, "Plan Width": 88, "Actual Startup Time": 20439.087, "Actual Total Time": 20845.435, "Actual Rows": 1459150, "Actual Loops": 1, "Sort Key": ["lineitem.l_suppkey"], "Sort Method": "quicksort", "Sort Space Used": 277145, "Sort Space Type": "Memory", "Plans": [{"Node Type": "Nested Loop", "Parent Relationship": "Outer", "Join Type": "Inner", "Startup Cost": 1030.37, "Total Cost": 642753.24, "Plan Rows": 740786, "Plan Width": 88, "Actual Startup Time": 18.034, "Actual Total Time": 19719.002, "Actual Rows": 1459150, "Actual Loops": 1, "Inner Unique": false, "Plans": [{"Node Type": "Nested Loop", "Parent Relationship": "Outer", "Join Type": "Inner", "Startup Cost": 1030.37, "Total Cost": 166015.61, "Plan Rows": 504972, "Plan Width": 64, "Actual Startup Time": 17.946, "Actual Total Time": 4281.636, "Actual Rows": 1200363, "Actual Loops": 1, "Inner Unique": false, "Plans": [{"Node Type": "Nested Loop", "Parent Relationship": "Outer", "Join Type": "Inner", "Startup Cost": 1030.37, "Total Cost": 14893.09, "Plan Rows": 119904, "Plan Width": 64, "Actual Startup Time": 17.918, "Actual Total Time": 293.782, "Actual Rows": 119972, "Actual Loops": 1, "Inner Unique": false, "Plans": [{"Node Type": "Nested Loop", "Parent Relationship": "Outer", "Join Type": "Inner", "Startup Cost": 0.0, "Total Cost": 28.12, "Plan Rows": 2, "Plan Width": 60, "Actual Startup Time": 0.054, "Actual Total Time": 0.138, "Actual Rows": 2, "Actual Loops": 1, "Inner Unique": false, "Join Filter": "(((n1.n_name = 'JAPAN'::bpchar) AND (n2.n_name = 'INDIA'::bpchar)) OR ((n1.n_name = 'INDIA'::bpchar) AND (n2.n_name = 'JAPAN'::bpchar)))", "Rows Removed by Join Filter": 2, "Plans": [{"Node Type": "Index Scan", "Parent Relationship": "Outer", "Scan Direction": "Forward", "Index Name": "nation_pkey", "Relation Name": "nation", "Alias": "n1", "Startup Cost": 0.0, "Total Cost": 12.75, "Plan Rows": 25, "Plan Width": 30, "Actual Startup Time": 0.017, "Actual Total Time": 0.044, "Actual Rows": 2, "Actual Loops": 1, "Filter": "((n_name = 'JAPAN'::bpchar) OR (n_name = 'INDIA'::bpchar))", "Rows Removed by Filter": 23}, {"Node Type": "Materialize", "Parent Relationship": "Inner", "Startup Cost": 0.0, "Total Cost": 1.38, "Plan Rows": 25, "Plan Width": 30, "Actual Startup Time": 0.03, "Actual Total Time": 0.054, "Actual Rows": 4, "Actual Loops": 2, "Plans": [{"Node Type": "Seq Scan", "Parent Relationship": "Outer", "Relation Name": "nation", "Alias": "n2", "Startup Cost": 0.0, "Total Cost": 1.25, "Plan Rows": 25, "Plan Width": 30, "Actual Startup Time": 0.022, "Actual Total Time": 0.04, "Actual Rows": 2, "Actual Loops": 1, "Filter": "((n_name = 'INDIA'::bpchar) OR (n_name = 'JAPAN'::bpchar))", "Rows Removed by Filter": 23}]}]}, {"Node Type": "Bitmap Heap Scan", "Parent Relationship": "Inner", "Relation Name": "customer", "Alias": "customer", "Startup Cost": 1030.37, "Total Cost": 6832.48, "Plan Rows": 60000, "Plan Width": 12, "Actual Startup Time": 35.81, "Actual Total Time": 264.556, "Actual Rows": 119972, "Actual Loops": 2, "Recheck Cond": "(c_nationkey = n2.n_nationkey)", "Rows Removed by Index Recheck": 0, "Exact Heap Blocks": 59938, "Lossy Heap Blocks": 59938, "Plans": [{"Node Type": "Bitmap Index Scan", "Parent Relationship": "Outer", "Index Name": "idx_customer_nationkey", "Startup Cost": 0.0, "Total Cost": 1015.37, "Plan Rows": 60000, "Plan Width": 0, "Actual Startup Time": 22.624, "Actual Total Time": 22.624, "Actual Rows": 119972, "Actual Loops": 2, "Index Cond": "(c_nationkey = n2.n_nationkey)"}]}]}, {"Node Type": "Index Scan", "Parent Relationship": "Inner", "Scan Direction": "Forward", "Index Name": "idx_orders_custkey", "Relation Name": "orders", "Alias": "orders", "Startup Cost": 0.0, "Total Cost": 1.22, "Plan Rows": 4, "Plan Width": 16, "Actual Startup Time": 789.213, "Actual Total Time": 3636.336, "Actual Rows": 1200363, "Actual Loops": 119972, "Index Cond": "(o_custkey = customer.c_custkey)", "Rows Removed by Index Recheck": 0}]}, {"Node Type": "Index Scan", "Parent Relationship": "Inner", "Scan Direction": "Forward", "Index Name": "idx_lineitem_orderkey", "Relation Name": "lineitem", "Alias": "lineitem", "Startup Cost": 0.0, "Total Cost": 0.91, "Plan Rows": 3, "Plan Width": 40, "Actual Startup Time": 13308.045, "Actual Total Time": 14466.896, "Actual Rows": 1459150, "Actual Loops": 1200363, "Index Cond": "(l_orderkey = orders.o_orderkey)", "Rows Removed by Index Recheck": 0, "Filter": "((l_shipdate >= '1995-01-01 00:00:00'::timestamp(0) without time zone) AND (l_shipdate <= '1996-12-31 00:00:00'::timestamp(0) without time zone))", "Rows Removed by Filter": 3342563}]}]}]}]}]}, "Triggers": [], "Planner Runtime": 4, "Total Runtime": 21530.248, "Unique SQL Id": 2208782157}}, "(64, 85)": {"explain_plan": {"Plan": {"Node Type": "Sort", "Startup Cost": 725193.13, "Total Cost": 725202.35, "Plan Rows": 3688, "Plan Width": 84, "Sort Key": ["n1.n_name", "n2.n_name", "(date_part('year'::text, lineitem.l_shipdate))"], "Plans": [{"Node Type": "Aggregate", "Strategy": "Hashed", "Parent Relationship": "Outer", "Startup Cost": 724928.54, "Total Cost": 724974.64, "Plan Rows": 3688, "Plan Width": 84, "Group By Key": ["n1.n_name", "n2.n_name", "date_part('year'::text, lineitem.l_shipdate)"], "Plans": [{"Node Type": "Merge Join", "Parent Relationship": "Outer", "Join Type": "Inner", "Startup Cost": 714986.92, "Total Cost": 724873.22, "Plan Rows": 3688, "Plan Width": 76, "Inner Unique": false, "Merge Cond": "(supplier.s_suppkey = lineitem.l_suppkey)", "Join Filter": "(n1.n_nationkey = supplier.s_nationkey)", "Plans": [{"Node Type": "Index Scan", "Parent Relationship": "Outer", "Scan Direction": "Forward", "Index Name": "supplier_pkey", "Relation Name": "supplier", "Alias": "supplier", "Startup Cost": 0.0, "Total Cost": 5334.54, "Plan Rows": 100000, "Plan Width": 12}, {"Node Type": "Sort", "Parent Relationship": "Inner", "Startup Cost": 714986.55, "Total Cost": 716838.52, "Plan Rows": 740786, "Plan Width": 88, "Sort Key": ["lineitem.l_suppkey"], "Plans": [{"Node Type": "Nested Loop", "Parent Relationship": "Outer", "Join Type": "Inner", "Startup Cost": 1030.37, "Total Cost": 642764.74, "Plan Rows": 740786, "Plan Width": 88, "Inner Unique": false, "Plans": [{"Node Type": "Nested Loop", "Parent Relationship": "Outer", "Join Type": "Inner", "Startup Cost": 1030.37, "Total Cost": 166027.11, "Plan Rows": 504972, "Plan Width": 64, "Inner Unique": false, "Plans": [{"Node Type": "Nested Loop", "Parent Relationship": "Outer", "Join Type": "Inner", "Startup Cost": 1030.37, "Total Cost": 14904.59, "Plan Rows": 119904, "Plan Width": 64, "Inner Unique": false, "Plans": [{"Node Type": "Nested Loop", "Parent Relationship": "Outer", "Join Type": "Inner", "Startup Cost": 0.0, "Total Cost": 39.62, "Plan Rows": 2, "Plan Width": 60, "Inner Unique": false, "Join Filter": "(((n1.n_name = 'JAPAN'::bpchar) AND (n2.n_name = 'INDIA'::bpchar)) OR ((n1.n_name = 'INDIA'::bpchar) AND (n2.n_name = 'JAPAN'::bpchar)))", "Plans": [{"Node Type": "Index Scan", "Parent Relationship": "Outer", "Scan Direction": "Forward", "Index Name": "nation_pkey", "Relation Name": "nation", "Alias": "n1", "Startup Cost": 0.0, "Total Cost": 12.75, "Plan Rows": 25, "Plan Width": 30, "Filter": "((n_name = 'JAPAN'::bpchar) OR (n_name = 'INDIA'::bpchar))"}, {"Node Type": "Materialize", "Parent Relationship": "Inner", "Startup Cost": 0.0, "Total Cost": 12.88, "Plan Rows": 25, "Plan Width": 30, "Plans": [{"Node Type": "Index Scan", "Parent Relationship": "Outer", "Scan Direction": "Forward", "Index Name": "nation_pkey", "Relation Name": "nation", "Alias": "n2", "Startup Cost": 0.0, "Total Cost": 12.75, "Plan Rows": 25, "Plan Width": 30, "Filter": "((n_name = 'INDIA'::bpchar) OR (n_name = 'JAPAN'::bpchar))"}]}]}, {"Node Type": "Bitmap Heap Scan", "Parent Relationship": "Inner", "Relation Name": "customer", "Alias": "customer", "Startup Cost": 1030.37, "Total Cost": 6832.48, "Plan Rows": 60000, "Plan Width": 12, "Recheck Cond": "(c_nationkey = n2.n_nationkey)", "Plans": [{"Node Type": "Bitmap Index Scan", "Parent Relationship": "Outer", "Index Name": "idx_customer_nationkey", "Startup Cost": 0.0, "Total Cost": 1015.37, "Plan Rows": 60000, "Plan Width": 0, "Index Cond": "(c_nationkey = n2.n_nationkey)"}]}]}, {"Node Type": "Index Scan", "Parent Relationship": "Inner", "Scan Direction": "Forward", "Index Name": "idx_orders_custkey", "Relation Name": "orders", "Alias": "orders", "Startup Cost": 0.0, "Total Cost": 1.22, "Plan Rows": 4, "Plan Width": 16, "Index Cond": "(o_custkey = customer.c_custkey)"}]}, {"Node Type": "Index Scan", "Parent Relationship": "Inner", "Scan Direction": "Forward", "Index Name": "idx_lineitem_orderkey", "Relation Name": "lineitem", "Alias": "lineitem", "Startup Cost": 0.0, "Total Cost": 0.91, "Plan Rows": 3, "Plan Width": 40, "Index Cond": "(l_orderkey = orders.o_orderkey)", "Filter": "((l_shipdate >= '1995-01-01 00:00:00'::timestamp(0) without time zone) AND (l_shipdate <= '1996-12-31 00:00:00'::timestamp(0) without time zone))"}]}]}]}]}]}, "Unique SQL Id": 2208782157, "Planner Runtime": 4}, "explain_analyze_plan": {"Plan": {"Node Type": "Sort", "Startup Cost": 725193.13, "Total Cost": 725202.35, "Plan Rows": 3688, "Plan Width": 84, "Actual Startup Time": 21777.941, "Actual Total Time": 21777.942, "Actual Rows": 4, "Actual Loops": 1, "Sort Key": ["n1.n_name", "n2.n_name", "(date_part('year'::text, lineitem.l_shipdate))"], "Sort Method": "quicksort", "Sort Space Used": 25, "Sort Space Type": "Memory", "Plans": [{"Node Type": "Aggregate", "Strategy": "Hashed", "Parent Relationship": "Outer", "Startup Cost": 724928.54, "Total Cost": 724974.64, "Plan Rows": 3688, "Plan Width": 84, "Actual Startup Time": 21777.908, "Actual Total Time": 21777.912, "Actual Rows": 4, "Actual Loops": 1, "Group By Key": ["n1.n_name", "n2.n_name", "date_part('year'::text, lineitem.l_shipdate)"], "Plans": [{"Node Type": "Merge Join", "Parent Relationship": "Outer", "Join Type": "Inner", "Startup Cost": 714986.92, "Total Cost": 724873.22, "Plan Rows": 3688, "Plan Width": 76, "Actual Startup Time": 20784.793, "Actual Total Time": 21718.105, "Actual Rows": 58554, "Actual Loops": 1, "Inner Unique": false, "Merge Cond": "(supplier.s_suppkey = lineitem.l_suppkey)", "Join Filter": "(n1.n_nationkey = supplier.s_nationkey)", "Rows Removed by Join Filter": 0, "Plans": [{"Node Type": "Index Scan", "Parent Relationship": "Outer", "Scan Direction": "Forward", "Index Name": "supplier_pkey", "Relation Name": "supplier", "Alias": "supplier", "Startup Cost": 0.0, "Total Cost": 5334.54, "Plan Rows": 100000, "Plan Width": 12, "Actual Startup Time": 0.022, "Actual Total Time": 73.211, "Actual Rows": 100000, "Actual Loops": 1}, {"Node Type": "Sort", "Parent Relationship": "Inner", "Startup Cost": 714986.55, "Total Cost": 716838.52, "Plan Rows": 740786, "Plan Width": 88, "Actual Startup Time": 20784.221, "Actual Total Time": 21101.364, "Actual Rows": 1459150, "Actual Loops": 1, "Sort Key": ["lineitem.l_suppkey"], "Sort Method": "quicksort", "Sort Space Used": 277145, "Sort Space Type": "Memory", "Plans": [{"Node Type": "Nested Loop", "Parent Relationship": "Outer", "Join Type": "Inner", "Startup Cost": 1030.37, "Total Cost": 642764.74, "Plan Rows": 740786, "Plan Width": 88, "Actual Startup Time": 18.018, "Actual Total Time": 20058.965, "Actual Rows": 1459150, "Actual Loops": 1, "Inner Unique": false, "Plans": [{"Node Type": "Nested Loop", "Parent Relationship": "Outer", "Join Type": "Inner", "Startup Cost": 1030.37, "Total Cost": 166027.11, "Plan Rows": 504972, "Plan Width": 64, "Actual Startup Time": 17.926, "Actual Total Time": 4463.317, "Actual Rows": 1200363, "Actual Loops": 1, "Inner Unique": false, "Plans": [{"Node Type": "Nested Loop", "Parent Relationship": "Outer", "Join Type": "Inner", "Startup Cost": 1030.37, "Total Cost": 14904.59, "Plan Rows": 119904, "Plan Width": 64, "Actual Startup Time": 17.896, "Actual Total Time": 303.538, "Actual Rows": 119972, "Actual Loops": 1, "Inner Unique": false, "Plans": [{"Node Type": "Nested Loop", "Parent Relationship": "Outer", "Join Type": "Inner", "Startup Cost": 0.0, "Total Cost": 39.62, "Plan Rows": 2, "Plan Width": 60, "Actual Startup Time": 0.038, "Actual Total Time": 0.197, "Actual Rows": 2, "Actual Loops": 1, "Inner Unique": false, "Join Filter": "(((n1.n_name = 'JAPAN'::bpchar) AND (n2.n_name = 'INDIA'::bpchar)) OR ((n1.n_name = 'INDIA'::bpchar) AND (n2.n_name = 'JAPAN'::bpchar)))", "Rows Removed by Join Filter": 2, "Plans": [{"Node Type": "Index Scan", "Parent Relationship": "Outer", "Scan Direction": "Forward", "Index Name": "nation_pkey", "Relation Name": "nation", "Alias": "n1", "Startup Cost": 0.0, "Total Cost": 12.75, "Plan Rows": 25, "Plan Width": 30, "Actual Startup Time": 0.015, "Actual Total Time": 0.04, "Actual Rows": 2, "Actual Loops": 1, "Filter": "((n_name = 'JAPAN'::bpchar) OR (n_name = 'INDIA'::bpchar))", "Rows Removed by Filter": 23}, {"Node Type": "Materialize", "Parent Relationship": "Inner", "Startup Cost": 0.0, "Total Cost": 12.88, "Plan Rows": 25, "Plan Width": 30, "Actual Startup Time": 0.015, "Actual Total Time": 0.103, "Actual Rows": 4, "Actual Loops": 2, "Plans": [{"Node Type": "Index Scan", "Parent Relationship": "Outer", "Scan Direction": "Forward", "Index Name": "nation_pkey", "Relation Name": "nation", "Alias": "n2", "Startup Cost": 0.0, "Total Cost": 12.75, "Plan Rows": 25, "Plan Width": 30, "Actual Startup Time": 0.011, "Actual Total Time": 0.048, "Actual Rows": 2, "Actual Loops": 1, "Filter": "((n_name = 'INDIA'::bpchar) OR (n_name = 'JAPAN'::bpchar))", "Rows Removed by Filter": 23}]}]}, {"Node Type": "Bitmap Heap Scan", "Parent Relationship": "Inner", "Relation Name": "customer", "Alias": "customer", "Startup Cost": 1030.37, "Total Cost": 6832.48, "Plan Rows": 60000, "Plan Width": 12, "Actual Startup Time": 36.008, "Actual Total Time": 273.837, "Actual Rows": 119972, "Actual Loops": 2, "Recheck Cond": "(c_nationkey = n2.n_nationkey)", "Rows Removed by Index Recheck": 0, "Exact Heap Blocks": 59938, "Lossy Heap Blocks": 59938, "Plans": [{"Node Type": "Bitmap Index Scan", "Parent Relationship": "Outer", "Index Name": "idx_customer_nationkey", "Startup Cost": 0.0, "Total Cost": 1015.37, "Plan Rows": 60000, "Plan Width": 0, "Actual Startup Time": 22.804, "Actual Total Time": 22.804, "Actual Rows": 119972, "Actual Loops": 2, "Index Cond": "(c_nationkey = n2.n_nationkey)"}]}]}, {"Node Type": "Index Scan", "Parent Relationship": "Inner", "Scan Direction": "Forward", "Index Name": "idx_orders_custkey", "Relation Name": "orders", "Alias": "orders", "Startup Cost": 0.0, "Total Cost": 1.22, "Plan Rows": 4, "Plan Width": 16, "Actual Startup Time": 820.319, "Actual Total Time": 3813.353, "Actual Rows": 1200363, "Actual Loops": 119972, "Index Cond": "(o_custkey = customer.c_custkey)", "Rows Removed by Index Recheck": 0}]}, {"Node Type": "Index Scan", "Parent Relationship": "Inner", "Scan Direction": "Forward", "Index Name": "idx_lineitem_orderkey", "Relation Name": "lineitem", "Alias": "lineitem", "Startup Cost": 0.0, "Total Cost": 0.91, "Plan Rows": 3, "Plan Width": 40, "Actual Startup Time": 13488.617, "Actual Total Time": 14621.41, "Actual Rows": 1459150, "Actual Loops": 1200363, "Index Cond": "(l_orderkey = orders.o_orderkey)", "Rows Removed by Index Recheck": 0, "Filter": "((l_shipdate >= '1995-01-01 00:00:00'::timestamp(0) without time zone) AND (l_shipdate <= '1996-12-31 00:00:00'::timestamp(0) without time zone))", "Rows Removed by Filter": 3342563}]}]}]}]}]}, "Triggers": [], "Planner Runtime": 4, "Total Runtime": 21778.241, "Unique SQL Id": 2208782157}}, "(64, 86)": {"explain_plan": {"Plan": {"Node Type": "Sort", "Startup Cost": 2954241.64, "Total Cost": 2954250.86, "Plan Rows": 3688, "Plan Width": 84, "Sort Key": ["n1.n_name", "n2.n_name", "(date_part('year'::text, lineitem.l_shipdate))"], "Plans": [{"Node Type": "Aggregate", "Strategy": "Hashed", "Parent Relationship": "Outer", "Startup Cost": 2953977.05, "Total Cost": 2954023.15, "Plan Rows": 3688, "Plan Width": 84, "Group By Key": ["n1.n_name", "n2.n_name", "date_part('year'::text, lineitem.l_shipdate)"], "Plans": [{"Node Type": "Merge Join", "Parent Relationship": "Outer", "Join Type": "Inner", "Startup Cost": 2947588.86, "Total Cost": 2953921.73, "Plan Rows": 3688, "Plan Width": 76, "Inner Unique": true, "Merge Cond": "((lineitem.l_suppkey = supplier.s_suppkey) AND (n1.n_nationkey = supplier.s_nationkey))", "Plans": [{"Node Type": "Sort", "Parent Relationship": "Outer", "Startup Cost": 2936000.49, "Total Cost": 2937852.45, "Plan Rows": 740786, "Plan Width": 88, "Sort Key": ["lineitem.l_suppkey", "n1.n_nationkey"], "Plans": [{"Node Type": "Nested Loop", "Parent Relationship": "Outer", "Join Type": "Inner", "Startup Cost": 1031.18, "Total Cost": 2863778.68, "Plan Rows": 740786, "Plan Width": 88, "Inner Unique": false, "Plans": [{"Node Type": "Nested Loop", "Parent Relationship": "Outer", "Join Type": "Inner", "Startup Cost": 1030.8, "Total Cost": 557356.7, "Plan Rows": 504972, "Plan Width": 64, "Inner Unique": false, "Plans": [{"Node Type": "Nested Loop", "Parent Relationship": "Outer", "Join Type": "Inner", "Startup Cost": 1030.37, "Total Cost": 14881.59, "Plan Rows": 119904, "Plan Width": 64, "Inner Unique": false, "Plans": [{"Node Type": "Nested Loop", "Parent Relationship": "Outer", "Join Type": "Inner", "Startup Cost": 0.0, "Total Cost": 16.62, "Plan Rows": 2, "Plan Width": 60, "Inner Unique": false, "Join Filter": "(((n1.n_name = 'JAPAN'::bpchar) AND (n2.n_name = 'INDIA'::bpchar)) OR ((n1.n_name = 'INDIA'::bpchar) AND (n2.n_name = 'JAPAN'::bpchar)))", "Plans": [{"Node Type": "Seq Scan", "Parent Relationship": "Outer", "Relation Name": "nation", "Alias": "n1", "Startup Cost": 0.0, "Total Cost": 1.25, "Plan Rows": 25, "Plan Width": 30, "Filter": "((n_name = 'JAPAN'::bpchar) OR (n_name = 'INDIA'::bpchar))"}, {"Node Type": "Materialize", "Parent Relationship": "Inner", "Startup Cost": 0.0, "Total Cost": 1.38, "Plan Rows": 25, "Plan Width": 30, "Plans": [{"Node Type": "Seq Scan", "Parent Relationship": "Outer", "Relation Name": "nation", "Alias": "n2", "Startup Cost": 0.0, "Total Cost": 1.25, "Plan Rows": 25, "Plan Width": 30, "Filter": "((n_name = 'INDIA'::bpchar) OR (n_name = 'JAPAN'::bpchar))"}]}]}, {"Node Type": "Bitmap Heap Scan", "Parent Relationship": "Inner", "Relation Name": "customer", "Alias": "customer", "Startup Cost": 1030.37, "Total Cost": 6832.48, "Plan Rows": 60000, "Plan Width": 12, "Recheck Cond": "(c_nationkey = n2.n_nationkey)", "Plans": [{"Node Type": "Bitmap Index Scan", "Parent Relationship": "Outer", "Index Name": "idx_customer_nationkey", "Startup Cost": 0.0, "Total Cost": 1015.37, "Plan Rows": 60000, "Plan Width": 0, "Index Cond": "(c_nationkey = n2.n_nationkey)"}]}]}, {"Node Type": "Bitmap Heap Scan", "Parent Relationship": "Inner", "Relation Name": "orders", "Alias": "orders", "Startup Cost": 0.43, "Total Cost": 4.48, "Plan Rows": 4, "Plan Width": 16, "Recheck Cond": "(o_custkey = customer.c_custkey)", "Plans": [{"Node Type": "Bitmap Index Scan", "Parent Relationship": "Outer", "Index Name": "idx_orders_custkey", "Startup Cost": 0.0, "Total Cost": 0.43, "Plan Rows": 4, "Plan Width": 0, "Index Cond": "(o_custkey = customer.c_custkey)"}]}]}, {"Node Type": "Bitmap Heap Scan", "Parent Relationship": "Inner", "Relation Name": "lineitem", "Alias": "lineitem", "Startup Cost": 0.38, "Total Cost": 4.54, "Plan Rows": 3, "Plan Width": 40, "Recheck Cond": "(l_orderkey = orders.o_orderkey)", "Filter": "((l_shipdate >= '1995-01-01 00:00:00'::timestamp(0) without time zone) AND (l_shipdate <= '1996-12-31 00:00:00'::timestamp(0) without time zone))", "Plans": [{"Node Type": "Bitmap Index Scan", "Parent Relationship": "Outer", "Index Name": "idx_lineitem_orderkey", "Startup Cost": 0.0, "Total Cost": 0.38, "Plan Rows": 9, "Plan Width": 0, "Index Cond": "(l_orderkey = orders.o_orderkey)"}]}]}]}, {"Node Type": "Sort", "Parent Relationship": "Inner", "Startup Cost": 11587.82, "Total Cost": 11837.82, "Plan Rows": 100000, "Plan Width": 12, "Sort Key": ["supplier.s_suppkey", "supplier.s_nationkey"], "Plans": [{"Node Type": "Seq Scan", "Parent Relationship": "Outer", "Relation Name": "supplier", "Alias": "supplier", "Startup Cost": 0.0, "Total Cost": 3283.0, "Plan Rows": 100000, "Plan Width": 12}]}]}]}]}, "Unique SQL Id": 2208782157, "Planner Runtime": 4}, "explain_analyze_plan": {"Plan": {"Node Type": "Sort", "Startup Cost": 2954241.64, "Total Cost": 2954250.86, "Plan Rows": 3688, "Plan Width": 84, "Actual Startup Time": 24444.903, "Actual Total Time": 24444.903, "Actual Rows": 4, "Actual Loops": 1, "Sort Key": ["n1.n_name", "n2.n_name", "(date_part('year'::text, lineitem.l_shipdate))"], "Sort Method": "quicksort", "Sort Space Used": 25, "Sort Space Type": "Memory", "Plans": [{"Node Type": "Aggregate", "Strategy": "Hashed", "Parent Relationship": "Outer", "Startup Cost": 2953977.05, "Total Cost": 2954023.15, "Plan Rows": 3688, "Plan Width": 84, "Actual Startup Time": 24444.864, "Actual Total Time": 24444.869, "Actual Rows": 4, "Actual Loops": 1, "Group By Key": ["n1.n_name", "n2.n_name", "date_part('year'::text, lineitem.l_shipdate)"], "Plans": [{"Node Type": "Merge Join", "Parent Relationship": "Outer", "Join Type": "Inner", "Startup Cost": 2947588.86, "Total Cost": 2953921.73, "Plan Rows": 3688, "Plan Width": 76, "Actual Startup Time": 23602.195, "Actual Total Time": 24386.364, "Actual Rows": 58554, "Actual Loops": 1, "Inner Unique": true, "Merge Cond": "((lineitem.l_suppkey = supplier.s_suppkey) AND (n1.n_nationkey = supplier.s_nationkey))", "Plans": [{"Node Type": "Sort", "Parent Relationship": "Outer", "Startup Cost": 2936000.49, "Total Cost": 2937852.45, "Plan Rows": 740786, "Plan Width": 88, "Actual Startup Time": 23526.682, "Actual Total Time": 23918.064, "Actual Rows": 1459145, "Actual Loops": 1, "Sort Key": ["lineitem.l_suppkey", "n1.n_nationkey"], "Sort Method": "quicksort", "Sort Space Used": 277145, "Sort Space Type": "Memory", "Plans": [{"Node Type": "Nested Loop", "Parent Relationship": "Outer", "Join Type": "Inner", "Startup Cost": 1031.18, "Total Cost": 2863778.68, "Plan Rows": 740786, "Plan Width": 88, "Actual Startup Time": 18.048, "Actual Total Time": 22227.174, "Actual Rows": 1459150, "Actual Loops": 1, "Inner Unique": false, "Plans": [{"Node Type": "Nested Loop", "Parent Relationship": "Outer", "Join Type": "Inner", "Startup Cost": 1030.8, "Total Cost": 557356.7, "Plan Rows": 504972, "Plan Width": 64, "Actual Startup Time": 17.953, "Actual Total Time": 5015.502, "Actual Rows": 1200363, "Actual Loops": 1, "Inner Unique": false, "Plans": [{"Node Type": "Nested Loop", "Parent Relationship": "Outer", "Join Type": "Inner", "Startup Cost": 1030.37, "Total Cost": 14881.59, "Plan Rows": 119904, "Plan Width": 64, "Actual Startup Time": 17.906, "Actual Total Time": 283.983, "Actual Rows": 119972, "Actual Loops": 1, "Inner Unique": false, "Plans": [{"Node Type": "Nested Loop", "Parent Relationship": "Outer", "Join Type": "Inner", "Startup Cost": 0.0, "Total Cost": 16.62, "Plan Rows": 2, "Plan Width": 60, "Actual Startup Time": 0.049, "Actual Total Time": 0.199, "Actual Rows": 2, "Actual Loops": 1, "Inner Unique": false, "Join Filter": "(((n1.n_name = 'JAPAN'::bpchar) AND (n2.n_name = 'INDIA'::bpchar)) OR ((n1.n_name = 'INDIA'::bpchar) AND (n2.n_name = 'JAPAN'::bpchar)))", "Rows Removed by Join Filter": 2, "Plans": [{"Node Type": "Seq Scan", "Parent Relationship": "Outer", "Relation Name": "nation", "Alias": "n1", "Startup Cost": 0.0, "Total Cost": 1.25, "Plan Rows": 25, "Plan Width": 30, "Actual Startup Time": 0.022, "Actual Total Time": 0.041, "Actual Rows": 2, "Actual Loops": 1, "Filter": "((n_name = 'JAPAN'::bpchar) OR (n_name = 'INDIA'::bpchar))", "Rows Removed by Filter": 23}, {"Node Type": "Materialize", "Parent Relationship": "Inner", "Startup Cost": 0.0, "Total Cost": 1.38, "Plan Rows": 25, "Plan Width": 30, "Actual Startup Time": 0.019, "Actual Total Time": 0.106, "Actual Rows": 4, "Actual Loops": 2, "Plans": [{"Node Type": "Seq Scan", "Parent Relationship": "Outer", "Relation Name": "nation", "Alias": "n2", "Startup Cost": 0.0, "Total Cost": 1.25, "Plan Rows": 25, "Plan Width": 30, "Actual Startup Time": 0.012, "Actual Total Time": 0.027, "Actual Rows": 2, "Actual Loops": 1, "Filter": "((n_name = 'INDIA'::bpchar) OR (n_name = 'JAPAN'::bpchar))", "Rows Removed by Filter": 23}]}]}, {"Node Type": "Bitmap Heap Scan", "Parent Relationship": "Inner", "Relation Name": "customer", "Alias": "customer", "Startup Cost": 1030.37, "Total Cost": 6832.48, "Plan Rows": 60000, "Plan Width": 12, "Actual Startup Time": 35.808, "Actual Total Time": 251.497, "Actual Rows": 119972, "Actual Loops": 2, "Recheck Cond": "(c_nationkey = n2.n_nationkey)", "Rows Removed by Index Recheck": 0, "Exact Heap Blocks": 59938, "Lossy Heap Blocks": 59938, "Plans": [{"Node Type": "Bitmap Index Scan", "Parent Relationship": "Outer", "Index Name": "idx_customer_nationkey", "Startup Cost": 0.0, "Total Cost": 1015.37, "Plan Rows": 60000, "Plan Width": 0, "Actual Startup Time": 22.633, "Actual Total Time": 22.633, "Actual Rows": 119972, "Actual Loops": 2, "Index Cond": "(c_nationkey = n2.n_nationkey)"}]}]}, {"Node Type": "Bitmap Heap Scan", "Parent Relationship": "Inner", "Relation Name": "orders", "Alias": "orders", "Startup Cost": 0.43, "Total Cost": 4.48, "Plan Rows": 4, "Plan Width": 16, "Actual Startup Time": 1169.859, "Actual Total Time": 4305.21, "Actual Rows": 1200363, "Actual Loops": 119972, "Recheck Cond": "(o_custkey = customer.c_custkey)", "Rows Removed by Index Recheck": 0, "Exact Heap Blocks": 1200331, "Lossy Heap Blocks": 1200331, "Plans": [{"Node Type": "Bitmap Index Scan", "Parent Relationship": "Outer", "Index Name": "idx_orders_custkey", "Startup Cost": 0.0, "Total Cost": 0.43, "Plan Rows": 4, "Plan Width": 0, "Actual Startup Time": 731.139, "Actual Total Time": 731.139, "Actual Rows": 1200363, "Actual Loops": 119972, "Index Cond": "(o_custkey = customer.c_custkey)"}]}]}, {"Node Type": "Bitmap Heap Scan", "Parent Relationship": "Inner", "Relation Name": "lineitem", "Alias": "lineitem", "Startup Cost": 0.38, "Total Cost": 4.54, "Plan Rows": 3, "Plan Width": 40, "Actual Startup Time": 14879.797, "Actual Total Time": 15498.13, "Actual Rows": 1459150, "Actual Loops": 1200363, "Recheck Cond": "(l_orderkey = orders.o_orderkey)", "Rows Removed by Index Recheck": 0, "Filter": "((l_shipdate >= '1995-01-01 00:00:00'::timestamp(0) without time zone) AND (l_shipdate <= '1996-12-31 00:00:00'::timestamp(0) without time zone))", "Rows Removed by Filter": 3342563, "Exact Heap Blocks": 1285989, "Lossy Heap Blocks": 1285989, "Plans": [{"Node Type": "Bitmap Index Scan", "Parent Relationship": "Outer", "Index Name": "idx_lineitem_orderkey", "Startup Cost": 0.0, "Total Cost": 0.38, "Plan Rows": 9, "Plan Width": 0, "Actual Startup Time": 8530.994, "Actual Total Time": 8530.994, "Actual Rows": 4801713, "Actual Loops": 1200363, "Index Cond": "(l_orderkey = orders.o_orderkey)"}]}]}]}, {"Node Type": "Sort", "Parent Relationship": "Inner", "Startup Cost": 11587.82, "Total Cost": 11837.82, "Plan Rows": 100000, "Plan Width": 12, "Actual Startup Time": 75.377, "Actual Total Time": 90.218, "Actual Rows": 100000, "Actual Loops": 1, "Sort Key": ["supplier.s_suppkey", "supplier.s_nationkey"], "Sort Method": "quicksort", "Sort Space Used": 12448, "Sort Space Type": "Memory", "Plans": [{"Node Type": "Seq Scan", "Parent Relationship": "Outer", "Relation Name": "supplier", "Alias": "supplier", "Startup Cost": 0.0, "Total Cost": 3283.0, "Plan Rows": 100000, "Plan Width": 12, "Actual Startup Time": 0.045, "Actual Total Time": 37.975, "Actual Rows": 100000, "Actual Loops": 1}]}]}]}]}, "Triggers": [], "Planner Runtime": 4, "Total Runtime": 24445.202, "Unique SQL Id": 2208782157}}, "(64, 87)": {"explain_plan": {"Plan": {"Node Type": "Sort", "Startup Cost": 99673674.43, "Total Cost": 99673683.65, "Plan Rows": 3688, "Plan Width": 84, "Sort Key": ["n1.n_name", "n2.n_name", "(date_part('year'::text, lineitem.l_shipdate))"], "Plans": [{"Node Type": "Aggregate", "Strategy": "Hashed", "Parent Relationship": "Outer", "Startup Cost": 99673409.84, "Total Cost": 99673455.94, "Plan Rows": 3688, "Plan Width": 84, "Group By Key": ["n1.n_name", "n2.n_name", "date_part('year'::text, lineitem.l_shipdate)"], "Plans": [{"Node Type": "Nested Loop", "Parent Relationship": "Outer", "Join Type": "Inner", "Startup Cost": 627986.71, "Total Cost": 99673354.52, "Plan Rows": 3688, "Plan Width": 76, "Inner Unique": true, "Join Filter": "(((n1.n_name = 'JAPAN'::bpchar) AND (n2.n_name = 'INDIA'::bpchar)) OR ((n1.n_name = 'INDIA'::bpchar) AND (n2.n_name = 'JAPAN'::bpchar)))", "Plans": [{"Node Type": "Nested Loop", "Parent Relationship": "Outer", "Join Type": "Inner", "Startup Cost": 627986.45, "Total Cost": 94724471.42, "Plan Rows": 1153515, "Plan Width": 54, "Inner Unique": true, "Plans": [{"Node Type": "Nested Loop", "Parent Relationship": "Outer", "Join Type": "Inner", "Startup Cost": 627986.2, "Total Cost": 89787046.56, "Plan Rows": 1153515, "Plan Width": 32, "Inner Unique": true, "Plans": [{"Node Type": "Nested Loop", "Parent Relationship": "Outer", "Join Type": "Inner", "Startup Cost": 627985.94, "Total Cost": 84848088.55, "Plan Rows": 1153515, "Plan Width": 36, "Inner Unique": true, "Plans": [{"Node Type": "Nested Loop", "Parent Relationship": "Outer", "Join Type": "Inner", "Startup Cost": 627985.67, "Total Cost": 79896146.0, "Plan Rows": 1153515, "Plan Width": 36, "Inner Unique": true, "Plans": [{"Node Type": "Bitmap Heap Scan", "Parent Relationship": "Outer", "Relation Name": "lineitem", "Alias": "lineitem", "Startup Cost": 627985.41, "Total Cost": 2315105.27, "Plan Rows": 18124991, "Plan Width": 40, "Recheck Cond": "((l_shipdate >= '1995-01-01 00:00:00'::timestamp(0) without time zone) AND (l_shipdate <= '1996-12-31 00:00:00'::timestamp(0) without time zone)), (LLVM Optimized)", "Plans": [{"Node Type": "Bitmap Index Scan", "Parent Relationship": "Outer", "Index Name": "idx_lineitem_shipdate", "Startup Cost": 0.0, "Total Cost": 623454.16, "Plan Rows": 18124991, "Plan Width": 0, "Index Cond": "((l_shipdate >= '1995-01-01 00:00:00'::timestamp(0) without time zone) AND (l_shipdate <= '1996-12-31 00:00:00'::timestamp(0) without time zone))"}]}, {"Node Type": "Bitmap Heap Scan", "Parent Relationship": "Inner", "Relation Name": "supplier", "Alias": "supplier", "Startup Cost": 0.26, "Total Cost": 4.27, "Plan Rows": 1, "Plan Width": 12, "Recheck Cond": "(s_suppkey = lineitem.l_suppkey)", "Plans": [{"Node Type": "Bitmap Index Scan", "Parent Relationship": "Outer", "Index Name": "supplier_pkey", "Startup Cost": 0.0, "Total Cost": 0.26, "Plan Rows": 1, "Plan Width": 0, "Index Cond": "(s_suppkey = lineitem.l_suppkey)"}]}]}, {"Node Type": "Bitmap Heap Scan", "Parent Relationship": "Inner", "Relation Name": "orders", "Alias": "orders", "Startup Cost": 0.27, "Total Cost": 4.28, "Plan Rows": 1, "Plan Width": 16, "Recheck Cond": "(o_orderkey = lineitem.l_orderkey)", "Plans": [{"Node Type": "Bitmap Index Scan", "Parent Relationship": "Outer", "Index Name": "orders_pkey", "Startup Cost": 0.0, "Total Cost": 0.27, "Plan Rows": 1, "Plan Width": 0, "Index Cond": "(o_orderkey = lineitem.l_orderkey)"}]}]}, {"Node Type": "Bitmap Heap Scan", "Parent Relationship": "Inner", "Relation Name": "customer", "Alias": "customer", "Startup Cost": 0.26, "Total Cost": 4.27, "Plan Rows": 1, "Plan Width": 12, "Recheck Cond": "(c_custkey = orders.o_custkey)", "Plans": [{"Node Type": "Bitmap Index Scan", "Parent Relationship": "Outer", "Index Name": "customer_pkey", "Startup Cost": 0.0, "Total Cost": 0.26, "Plan Rows": 1, "Plan Width": 0, "Index Cond": "(c_custkey = orders.o_custkey)"}]}]}, {"Node Type": "Bitmap Heap Scan", "Parent Relationship": "Inner", "Relation Name": "nation", "Alias": "n1", "Startup Cost": 0.26, "Total Cost": 4.27, "Plan Rows": 1, "Plan Width": 30, "Recheck Cond": "(n_nationkey = supplier.s_nationkey)", "Filter": "((n_name = 'JAPAN'::bpchar) OR (n_name = 'INDIA'::bpchar))", "Plans": [{"Node Type": "Bitmap Index Scan", "Parent Relationship": "Outer", "Index Name": "nation_pkey", "Startup Cost": 0.0, "Total Cost": 0.26, "Plan Rows": 1, "Plan Width": 0, "Index Cond": "(n_nationkey = supplier.s_nationkey)"}]}]}, {"Node Type": "Bitmap Heap Scan", "Parent Relationship": "Inner", "Relation Name": "nation", "Alias": "n2", "Startup Cost": 0.26, "Total Cost": 4.27, "Plan Rows": 1, "Plan Width": 30, "Recheck Cond": "(n_nationkey = customer.c_nationkey)", "Filter": "((n_name = 'INDIA'::bpchar) OR (n_name = 'JAPAN'::bpchar))", "Plans": [{"Node Type": "Bitmap Index Scan", "Parent Relationship": "Outer", "Index Name": "nation_pkey", "Startup Cost": 0.0, "Total Cost": 0.26, "Plan Rows": 1, "Plan Width": 0, "Index Cond": "(n_nationkey = customer.c_nationkey)"}]}]}]}]}, "Unique SQL Id": 2208782157, "Planner Runtime": 3}, "explain_analyze_plan": null}, "(64, 88)": {"explain_plan": {"Plan": {"Node Type": "Sort", "Startup Cost": 726921.52, "Total Cost": 726930.74, "Plan Rows": 3688, "Plan Width": 84, "Sort Key": ["n1.n_name", "n2.n_name", "(date_part('year'::text, lineitem.l_shipdate))"], "Plans": [{"Node Type": "Aggregate", "Strategy": "Hashed", "Parent Relationship": "Outer", "Startup Cost": 726656.93, "Total Cost": 726703.03, "Plan Rows": 3688, "Plan Width": 84, "Group By Key": ["n1.n_name", "n2.n_name", "date_part('year'::text, lineitem.l_shipdate)"], "Plans": [{"Node Type": "Merge Join", "Parent Relationship": "Outer", "Join Type": "Inner", "Startup Cost": 716715.31, "Total Cost": 726601.61, "Plan Rows": 3688, "Plan Width": 76, "Inner Unique": false, "Merge Cond": "(supplier.s_suppkey = lineitem.l_suppkey)", "Join Filter": "(n1.n_nationkey = supplier.s_nationkey)", "Plans": [{"Node Type": "Index Scan", "Parent Relationship": "Outer", "Scan Direction": "Forward", "Index Name": "supplier_pkey", "Relation Name": "supplier", "Alias": "supplier", "Startup Cost": 0.0, "Total Cost": 5334.54, "Plan Rows": 100000, "Plan Width": 12}, {"Node Type": "Sort", "Parent Relationship": "Inner", "Startup Cost": 716714.94, "Total Cost": 718566.9, "Plan Rows": 740786, "Plan Width": 88, "Sort Key": ["lineitem.l_suppkey"], "Plans": [{"Node Type": "Nested Loop", "Parent Relationship": "Outer", "Join Type": "Inner", "Startup Cost": 0.0, "Total Cost": 644493.13, "Plan Rows": 740786, "Plan Width": 88, "Inner Unique": false, "Plans": [{"Node Type": "Nested Loop", "Parent Relationship": "Outer", "Join Type": "Inner", "Startup Cost": 0.0, "Total Cost": 167755.5, "Plan Rows": 504972, "Plan Width": 64, "Inner Unique": false, "Plans": [{"Node Type": "Nested Loop", "Parent Relationship": "Outer", "Join Type": "Inner", "Startup Cost": 0.0, "Total Cost": 16632.98, "Plan Rows": 119904, "Plan Width": 64, "Inner Unique": false, "Plans": [{"Node Type": "Nested Loop", "Parent Relationship": "Outer", "Join Type": "Inner", "Startup Cost": 0.0, "Total Cost": 28.12, "Plan Rows": 2, "Plan Width": 60, "Inner Unique": false, "Join Filter": "(((n1.n_name = 'JAPAN'::bpchar) AND (n2.n_name = 'INDIA'::bpchar)) OR ((n1.n_name = 'INDIA'::bpchar) AND (n2.n_name = 'JAPAN'::bpchar)))", "Plans": [{"Node Type": "Index Scan", "Parent Relationship": "Outer", "Scan Direction": "Forward", "Index Name": "nation_pkey", "Relation Name": "nation", "Alias": "n1", "Startup Cost": 0.0, "Total Cost": 12.75, "Plan Rows": 25, "Plan Width": 30, "Filter": "((n_name = 'JAPAN'::bpchar) OR (n_name = 'INDIA'::bpchar))"}, {"Node Type": "Materialize", "Parent Relationship": "Inner", "Startup Cost": 0.0, "Total Cost": 1.38, "Plan Rows": 25, "Plan Width": 30, "Plans": [{"Node Type": "Seq Scan", "Parent Relationship": "Outer", "Relation Name": "nation", "Alias": "n2", "Startup Cost": 0.0, "Total Cost": 1.25, "Plan Rows": 25, "Plan Width": 30, "Filter": "((n_name = 'INDIA'::bpchar) OR (n_name = 'JAPAN'::bpchar))"}]}]}, {"Node Type": "Index Scan", "Parent Relationship": "Inner", "Scan Direction": "Forward", "Index Name": "idx_customer_nationkey", "Relation Name": "customer", "Alias": "customer", "Startup Cost": 0.0, "Total Cost": 7702.43, "Plan Rows": 60000, "Plan Width": 12, "Index Cond": "(c_nationkey = n2.n_nationkey)"}]}, {"Node Type": "Index Scan", "Parent Relationship": "Inner", "Scan Direction": "Forward", "Index Name": "idx_orders_custkey", "Relation Name": "orders", "Alias": "orders", "Startup Cost": 0.0, "Total Cost": 1.22, "Plan Rows": 4, "Plan Width": 16, "Index Cond": "(o_custkey = customer.c_custkey)"}]}, {"Node Type": "Index Scan", "Parent Relationship": "Inner", "Scan Direction": "Forward", "Index Name": "idx_lineitem_orderkey", "Relation Name": "lineitem", "Alias": "lineitem", "Startup Cost": 0.0, "Total Cost": 0.91, "Plan Rows": 3, "Plan Width": 40, "Index Cond": "(l_orderkey = orders.o_orderkey)", "Filter": "((l_shipdate >= '1995-01-01 00:00:00'::timestamp(0) without time zone) AND (l_shipdate <= '1996-12-31 00:00:00'::timestamp(0) without time zone))"}]}]}]}]}]}, "Unique SQL Id": 2208782157, "Planner Runtime": 4}, "explain_analyze_plan": {"Plan": {"Node Type": "Sort", "Startup Cost": 726921.52, "Total Cost": 726930.74, "Plan Rows": 3688, "Plan Width": 84, "Actual Startup Time": 21223.122, "Actual Total Time": 21223.122, "Actual Rows": 4, "Actual Loops": 1, "Sort Key": ["n1.n_name", "n2.n_name", "(date_part('year'::text, lineitem.l_shipdate))"], "Sort Method": "quicksort", "Sort Space Used": 25, "Sort Space Type": "Memory", "Plans": [{"Node Type": "Aggregate", "Strategy": "Hashed", "Parent Relationship": "Outer", "Startup Cost": 726656.93, "Total Cost": 726703.03, "Plan Rows": 3688, "Plan Width": 84, "Actual Startup Time": 21223.081, "Actual Total Time": 21223.087, "Actual Rows": 4, "Actual Loops": 1, "Group By Key": ["n1.n_name", "n2.n_name", "date_part('year'::text, lineitem.l_shipdate)"], "Plans": [{"Node Type": "Merge Join", "Parent Relationship": "Outer", "Join Type": "Inner", "Startup Cost": 716715.31, "Total Cost": 726601.61, "Plan Rows": 3688, "Plan Width": 76, "Actual Startup Time": 20167.391, "Actual Total Time": 21163.183, "Actual Rows": 58554, "Actual Loops": 1, "Inner Unique": false, "Merge Cond": "(supplier.s_suppkey = lineitem.l_suppkey)", "Join Filter": "(n1.n_nationkey = supplier.s_nationkey)", "Rows Removed by Join Filter": 0, "Plans": [{"Node Type": "Index Scan", "Parent Relationship": "Outer", "Scan Direction": "Forward", "Index Name": "supplier_pkey", "Relation Name": "supplier", "Alias": "supplier", "Startup Cost": 0.0, "Total Cost": 5334.54, "Plan Rows": 100000, "Plan Width": 12, "Actual Startup Time": 0.023, "Actual Total Time": 70.686, "Actual Rows": 100000, "Actual Loops": 1}, {"Node Type": "Sort", "Parent Relationship": "Inner", "Startup Cost": 716714.94, "Total Cost": 718566.9, "Plan Rows": 740786, "Plan Width": 88, "Actual Startup Time": 20165.776, "Actual Total Time": 20539.559, "Actual Rows": 1459150, "Actual Loops": 1, "Sort Key": ["lineitem.l_suppkey"], "Sort Method": "quicksort", "Sort Space Used": 277145, "Sort Space Type": "Memory", "Plans": [{"Node Type": "Nested Loop", "Parent Relationship": "Outer", "Join Type": "Inner", "Startup Cost": 0.0, "Total Cost": 644493.13, "Plan Rows": 740786, "Plan Width": 88, "Actual Startup Time": 0.176, "Actual Total Time": 19442.261, "Actual Rows": 1459150, "Actual Loops": 1, "Inner Unique": false, "Plans": [{"Node Type": "Nested Loop", "Parent Relationship": "Outer", "Join Type": "Inner", "Startup Cost": 0.0, "Total Cost": 167755.5, "Plan Rows": 504972, "Plan Width": 64, "Actual Startup Time": 0.1, "Actual Total Time": 4092.544, "Actual Rows": 1200363, "Actual Loops": 1, "Inner Unique": false, "Plans": [{"Node Type": "Nested Loop", "Parent Relationship": "Outer", "Join Type": "Inner", "Startup Cost": 0.0, "Total Cost": 16632.98, "Plan Rows": 119904, "Plan Width": 64, "Actual Startup Time": 0.087, "Actual Total Time": 221.616, "Actual Rows": 119972, "Actual Loops": 1, "Inner Unique": false, "Plans": [{"Node Type": "Nested Loop", "Parent Relationship": "Outer", "Join Type": "Inner", "Startup Cost": 0.0, "Total Cost": 28.12, "Plan Rows": 2, "Plan Width": 60, "Actual Startup Time": 0.052, "Actual Total Time": 0.158, "Actual Rows": 2, "Actual Loops": 1, "Inner Unique": false, "Join Filter": "(((n1.n_name = 'JAPAN'::bpchar) AND (n2.n_name = 'INDIA'::bpchar)) OR ((n1.n_name = 'INDIA'::bpchar) AND (n2.n_name = 'JAPAN'::bpchar)))", "Rows Removed by Join Filter": 2, "Plans": [{"Node Type": "Index Scan", "Parent Relationship": "Outer", "Scan Direction": "Forward", "Index Name": "nation_pkey", "Relation Name": "nation", "Alias": "n1", "Startup Cost": 0.0, "Total Cost": 12.75, "Plan Rows": 25, "Plan Width": 30, "Actual Startup Time": 0.015, "Actual Total Time": 0.045, "Actual Rows": 2, "Actual Loops": 1, "Filter": "((n_name = 'JAPAN'::bpchar) OR (n_name = 'INDIA'::bpchar))", "Rows Removed by Filter": 23}, {"Node Type": "Materialize", "Parent Relationship": "Inner", "Startup Cost": 0.0, "Total Cost": 1.38, "Plan Rows": 25, "Plan Width": 30, "Actual Startup Time": 0.028, "Actual Total Time": 0.056, "Actual Rows": 4, "Actual Loops": 2, "Plans": [{"Node Type": "Seq Scan", "Parent Relationship": "Outer", "Relation Name": "nation", "Alias": "n2", "Startup Cost": 0.0, "Total Cost": 1.25, "Plan Rows": 25, "Plan Width": 30, "Actual Startup Time": 0.018, "Actual Total Time": 0.034, "Actual Rows": 2, "Actual Loops": 1, "Filter": "((n_name = 'INDIA'::bpchar) OR (n_name = 'JAPAN'::bpchar))", "Rows Removed by Filter": 23}]}]}, {"Node Type": "Index Scan", "Parent Relationship": "Inner", "Scan Direction": "Forward", "Index Name": "idx_customer_nationkey", "Relation Name": "customer", "Alias": "customer", "Startup Cost": 0.0, "Total Cost": 7702.43, "Plan Rows": 60000, "Plan Width": 12, "Actual Startup Time": 0.053, "Actual Total Time": 190.403, "Actual Rows": 119972, "Actual Loops": 2, "Index Cond": "(c_nationkey = n2.n_nationkey)", "Rows Removed by Index Recheck": 0}]}, {"Node Type": "Index Scan", "Parent Relationship": "Inner", "Scan Direction": "Forward", "Index Name": "idx_orders_custkey", "Relation Name": "orders", "Alias": "orders", "Startup Cost": 0.0, "Total Cost": 1.22, "Plan Rows": 4, "Plan Width": 16, "Actual Startup Time": 759.882, "Actual Total Time": 3509.583, "Actual Rows": 1200363, "Actual Loops": 119972, "Index Cond": "(o_custkey = customer.c_custkey)", "Rows Removed by Index Recheck": 0}]}, {"Node Type": "Index Scan", "Parent Relationship": "Inner", "Scan Direction": "Forward", "Index Name": "idx_lineitem_orderkey", "Relation Name": "lineitem", "Alias": "lineitem", "Startup Cost": 0.0, "Total Cost": 0.91, "Plan Rows": 3, "Plan Width": 40, "Actual Startup Time": 13198.143, "Actual Total Time": 14366.087, "Actual Rows": 1459150, "Actual Loops": 1200363, "Index Cond": "(l_orderkey = orders.o_orderkey)", "Rows Removed by Index Recheck": 0, "Filter": "((l_shipdate >= '1995-01-01 00:00:00'::timestamp(0) without time zone) AND (l_shipdate <= '1996-12-31 00:00:00'::timestamp(0) without time zone))", "Rows Removed by Filter": 3342563}]}]}]}]}]}, "Triggers": [], "Planner Runtime": 4, "Total Runtime": 21223.343, "Unique SQL Id": 2208782157}}, "(64, 89)": {"explain_plan": {"Plan": {"Node Type": "Sort", "Startup Cost": 726933.02, "Total Cost": 726942.24, "Plan Rows": 3688, "Plan Width": 84, "Sort Key": ["n1.n_name", "n2.n_name", "(date_part('year'::text, lineitem.l_shipdate))"], "Plans": [{"Node Type": "Aggregate", "Strategy": "Hashed", "Parent Relationship": "Outer", "Startup Cost": 726668.43, "Total Cost": 726714.53, "Plan Rows": 3688, "Plan Width": 84, "Group By Key": ["n1.n_name", "n2.n_name", "date_part('year'::text, lineitem.l_shipdate)"], "Plans": [{"Node Type": "Merge Join", "Parent Relationship": "Outer", "Join Type": "Inner", "Startup Cost": 716726.81, "Total Cost": 726613.11, "Plan Rows": 3688, "Plan Width": 76, "Inner Unique": false, "Merge Cond": "(supplier.s_suppkey = lineitem.l_suppkey)", "Join Filter": "(n1.n_nationkey = supplier.s_nationkey)", "Plans": [{"Node Type": "Index Scan", "Parent Relationship": "Outer", "Scan Direction": "Forward", "Index Name": "supplier_pkey", "Relation Name": "supplier", "Alias": "supplier", "Startup Cost": 0.0, "Total Cost": 5334.54, "Plan Rows": 100000, "Plan Width": 12}, {"Node Type": "Sort", "Parent Relationship": "Inner", "Startup Cost": 716726.44, "Total Cost": 718578.4, "Plan Rows": 740786, "Plan Width": 88, "Sort Key": ["lineitem.l_suppkey"], "Plans": [{"Node Type": "Nested Loop", "Parent Relationship": "Outer", "Join Type": "Inner", "Startup Cost": 0.0, "Total Cost": 644504.63, "Plan Rows": 740786, "Plan Width": 88, "Inner Unique": false, "Plans": [{"Node Type": "Nested Loop", "Parent Relationship": "Outer", "Join Type": "Inner", "Startup Cost": 0.0, "Total Cost": 167767.0, "Plan Rows": 504972, "Plan Width": 64, "Inner Unique": false, "Plans": [{"Node Type": "Nested Loop", "Parent Relationship": "Outer", "Join Type": "Inner", "Startup Cost": 0.0, "Total Cost": 16644.48, "Plan Rows": 119904, "Plan Width": 64, "Inner Unique": false, "Plans": [{"Node Type": "Nested Loop", "Parent Relationship": "Outer", "Join Type": "Inner", "Startup Cost": 0.0, "Total Cost": 39.62, "Plan Rows": 2, "Plan Width": 60, "Inner Unique": false, "Join Filter": "(((n1.n_name = 'JAPAN'::bpchar) AND (n2.n_name = 'INDIA'::bpchar)) OR ((n1.n_name = 'INDIA'::bpchar) AND (n2.n_name = 'JAPAN'::bpchar)))", "Plans": [{"Node Type": "Index Scan", "Parent Relationship": "Outer", "Scan Direction": "Forward", "Index Name": "nation_pkey", "Relation Name": "nation", "Alias": "n1", "Startup Cost": 0.0, "Total Cost": 12.75, "Plan Rows": 25, "Plan Width": 30, "Filter": "((n_name = 'JAPAN'::bpchar) OR (n_name = 'INDIA'::bpchar))"}, {"Node Type": "Materialize", "Parent Relationship": "Inner", "Startup Cost": 0.0, "Total Cost": 12.88, "Plan Rows": 25, "Plan Width": 30, "Plans": [{"Node Type": "Index Scan", "Parent Relationship": "Outer", "Scan Direction": "Forward", "Index Name": "nation_pkey", "Relation Name": "nation", "Alias": "n2", "Startup Cost": 0.0, "Total Cost": 12.75, "Plan Rows": 25, "Plan Width": 30, "Filter": "((n_name = 'INDIA'::bpchar) OR (n_name = 'JAPAN'::bpchar))"}]}]}, {"Node Type": "Index Scan", "Parent Relationship": "Inner", "Scan Direction": "Forward", "Index Name": "idx_customer_nationkey", "Relation Name": "customer", "Alias": "customer", "Startup Cost": 0.0, "Total Cost": 7702.43, "Plan Rows": 60000, "Plan Width": 12, "Index Cond": "(c_nationkey = n2.n_nationkey)"}]}, {"Node Type": "Index Scan", "Parent Relationship": "Inner", "Scan Direction": "Forward", "Index Name": "idx_orders_custkey", "Relation Name": "orders", "Alias": "orders", "Startup Cost": 0.0, "Total Cost": 1.22, "Plan Rows": 4, "Plan Width": 16, "Index Cond": "(o_custkey = customer.c_custkey)"}]}, {"Node Type": "Index Scan", "Parent Relationship": "Inner", "Scan Direction": "Forward", "Index Name": "idx_lineitem_orderkey", "Relation Name": "lineitem", "Alias": "lineitem", "Startup Cost": 0.0, "Total Cost": 0.91, "Plan Rows": 3, "Plan Width": 40, "Index Cond": "(l_orderkey = orders.o_orderkey)", "Filter": "((l_shipdate >= '1995-01-01 00:00:00'::timestamp(0) without time zone) AND (l_shipdate <= '1996-12-31 00:00:00'::timestamp(0) without time zone))"}]}]}]}]}]}, "Unique SQL Id": 2208782157, "Planner Runtime": 4}, "explain_analyze_plan": {"Plan": {"Node Type": "Sort", "Startup Cost": 726933.02, "Total Cost": 726942.24, "Plan Rows": 3688, "Plan Width": 84, "Actual Startup Time": 21603.05, "Actual Total Time": 21603.05, "Actual Rows": 4, "Actual Loops": 1, "Sort Key": ["n1.n_name", "n2.n_name", "(date_part('year'::text, lineitem.l_shipdate))"], "Sort Method": "quicksort", "Sort Space Used": 25, "Sort Space Type": "Memory", "Plans": [{"Node Type": "Aggregate", "Strategy": "Hashed", "Parent Relationship": "Outer", "Startup Cost": 726668.43, "Total Cost": 726714.53, "Plan Rows": 3688, "Plan Width": 84, "Actual Startup Time": 21603.013, "Actual Total Time": 21603.019, "Actual Rows": 4, "Actual Loops": 1, "Group By Key": ["n1.n_name", "n2.n_name", "date_part('year'::text, lineitem.l_shipdate)"], "Plans": [{"Node Type": "Merge Join", "Parent Relationship": "Outer", "Join Type": "Inner", "Startup Cost": 716726.81, "Total Cost": 726613.11, "Plan Rows": 3688, "Plan Width": 76, "Actual Startup Time": 20527.326, "Actual Total Time": 21542.994, "Actual Rows": 58554, "Actual Loops": 1, "Inner Unique": false, "Merge Cond": "(supplier.s_suppkey = lineitem.l_suppkey)", "Join Filter": "(n1.n_nationkey = supplier.s_nationkey)", "Rows Removed by Join Filter": 0, "Plans": [{"Node Type": "Index Scan", "Parent Relationship": "Outer", "Scan Direction": "Forward", "Index Name": "supplier_pkey", "Relation Name": "supplier", "Alias": "supplier", "Startup Cost": 0.0, "Total Cost": 5334.54, "Plan Rows": 100000, "Plan Width": 12, "Actual Startup Time": 0.021, "Actual Total Time": 63.339, "Actual Rows": 100000, "Actual Loops": 1}, {"Node Type": "Sort", "Parent Relationship": "Inner", "Startup Cost": 716726.44, "Total Cost": 718578.4, "Plan Rows": 740786, "Plan Width": 88, "Actual Startup Time": 20526.806, "Actual Total Time": 20914.321, "Actual Rows": 1459150, "Actual Loops": 1, "Sort Key": ["lineitem.l_suppkey"], "Sort Method": "quicksort", "Sort Space Used": 277145, "Sort Space Type": "Memory", "Plans": [{"Node Type": "Nested Loop", "Parent Relationship": "Outer", "Join Type": "Inner", "Startup Cost": 0.0, "Total Cost": 644504.63, "Plan Rows": 740786, "Plan Width": 88, "Actual Startup Time": 0.168, "Actual Total Time": 19805.05, "Actual Rows": 1459150, "Actual Loops": 1, "Inner Unique": false, "Plans": [{"Node Type": "Nested Loop", "Parent Relationship": "Outer", "Join Type": "Inner", "Startup Cost": 0.0, "Total Cost": 167767.0, "Plan Rows": 504972, "Plan Width": 64, "Actual Startup Time": 0.098, "Actual Total Time": 4274.954, "Actual Rows": 1200363, "Actual Loops": 1, "Inner Unique": false, "Plans": [{"Node Type": "Nested Loop", "Parent Relationship": "Outer", "Join Type": "Inner", "Startup Cost": 0.0, "Total Cost": 16644.48, "Plan Rows": 119904, "Plan Width": 64, "Actual Startup Time": 0.085, "Actual Total Time": 233.749, "Actual Rows": 119972, "Actual Loops": 1, "Inner Unique": false, "Plans": [{"Node Type": "Nested Loop", "Parent Relationship": "Outer", "Join Type": "Inner", "Startup Cost": 0.0, "Total Cost": 39.62, "Plan Rows": 2, "Plan Width": 60, "Actual Startup Time": 0.047, "Actual Total Time": 0.235, "Actual Rows": 2, "Actual Loops": 1, "Inner Unique": false, "Join Filter": "(((n1.n_name = 'JAPAN'::bpchar) AND (n2.n_name = 'INDIA'::bpchar)) OR ((n1.n_name = 'INDIA'::bpchar) AND (n2.n_name = 'JAPAN'::bpchar)))", "Rows Removed by Join Filter": 2, "Plans": [{"Node Type": "Index Scan", "Parent Relationship": "Outer", "Scan Direction": "Forward", "Index Name": "nation_pkey", "Relation Name": "nation", "Alias": "n1", "Startup Cost": 0.0, "Total Cost": 12.75, "Plan Rows": 25, "Plan Width": 30, "Actual Startup Time": 0.017, "Actual Total Time": 0.047, "Actual Rows": 2, "Actual Loops": 1, "Filter": "((n_name = 'JAPAN'::bpchar) OR (n_name = 'INDIA'::bpchar))", "Rows Removed by Filter": 23}, {"Node Type": "Materialize", "Parent Relationship": "Inner", "Startup Cost": 0.0, "Total Cost": 12.88, "Plan Rows": 25, "Plan Width": 30, "Actual Startup Time": 0.022, "Actual Total Time": 0.145, "Actual Rows": 4, "Actual Loops": 2, "Plans": [{"Node Type": "Index Scan", "Parent Relationship": "Outer", "Scan Direction": "Forward", "Index Name": "nation_pkey", "Relation Name": "nation", "Alias": "n2", "Startup Cost": 0.0, "Total Cost": 12.75, "Plan Rows": 25, "Plan Width": 30, "Actual Startup Time": 0.011, "Actual Total Time": 0.051, "Actual Rows": 2, "Actual Loops": 1, "Filter": "((n_name = 'INDIA'::bpchar) OR (n_name = 'JAPAN'::bpchar))", "Rows Removed by Filter": 23}]}]}, {"Node Type": "Index Scan", "Parent Relationship": "Inner", "Scan Direction": "Forward", "Index Name": "idx_customer_nationkey", "Relation Name": "customer", "Alias": "customer", "Startup Cost": 0.0, "Total Cost": 7702.43, "Plan Rows": 60000, "Plan Width": 12, "Actual Startup Time": 0.062, "Actual Total Time": 200.221, "Actual Rows": 119972, "Actual Loops": 2, "Index Cond": "(c_nationkey = n2.n_nationkey)", "Rows Removed by Index Recheck": 0}]}, {"Node Type": "Index Scan", "Parent Relationship": "Inner", "Scan Direction": "Forward", "Index Name": "idx_orders_custkey", "Relation Name": "orders", "Alias": "orders", "Startup Cost": 0.0, "Total Cost": 1.22, "Plan Rows": 4, "Plan Width": 16, "Actual Startup Time": 786.639, "Actual Total Time": 3690.003, "Actual Rows": 1200363, "Actual Loops": 119972, "Index Cond": "(o_custkey = customer.c_custkey)", "Rows Removed by Index Recheck": 0}]}, {"Node Type": "Index Scan", "Parent Relationship": "Inner", "Scan Direction": "Forward", "Index Name": "idx_lineitem_orderkey", "Relation Name": "lineitem", "Alias": "lineitem", "Startup Cost": 0.0, "Total Cost": 0.91, "Plan Rows": 3, "Plan Width": 40, "Actual Startup Time": 13401.571, "Actual Total Time": 14550.105, "Actual Rows": 1459150, "Actual Loops": 1200363, "Index Cond": "(l_orderkey = orders.o_orderkey)", "Rows Removed by Index Recheck": 0, "Filter": "((l_shipdate >= '1995-01-01 00:00:00'::timestamp(0) without time zone) AND (l_shipdate <= '1996-12-31 00:00:00'::timestamp(0) without time zone))", "Rows Removed by Filter": 3342563}]}]}]}]}]}, "Triggers": [], "Planner Runtime": 4, "Total Runtime": 21603.271, "Unique SQL Id": 2208782157}}, "(64, 90)": {"explain_plan": {"Plan": {"Node Type": "Sort", "Startup Cost": 7128560.42, "Total Cost": 7128569.64, "Plan Rows": 3688, "Plan Width": 84, "Sort Key": ["n1.n_name", "n2.n_name", "(date_part('year'::text, lineitem.l_shipdate))"], "Plans": [{"Node Type": "Aggregate", "Strategy": "Hashed", "Parent Relationship": "Outer", "Startup Cost": 7128295.83, "Total Cost": 7128341.93, "Plan Rows": 3688, "Plan Width": 84, "Group By Key": ["n1.n_name", "n2.n_name", "date_part('year'::text, lineitem.l_shipdate)"], "Plans": [{"Node Type": "Merge Join", "Parent Relationship": "Outer", "Join Type": "Inner", "Startup Cost": 7116253.19, "Total Cost": 7128240.51, "Plan Rows": 3688, "Plan Width": 76, "Inner Unique": true, "Merge Cond": "((orders.o_custkey = customer.c_custkey) AND (n2.n_nationkey = customer.c_nationkey))", "Plans": [{"Node Type": "Sort", "Parent Relationship": "Outer", "Startup Cost": 6910252.9, "Total Cost": 6910483.42, "Plan Rows": 92207, "Plan Width": 88, "Sort Key": ["orders.o_custkey", "n2.n_nationkey"], "Plans": [{"Node Type": "Merge Join", "Parent Relationship": "Outer", "Join Type": "Inner", "Startup Cost": 6826271.5, "Total Cost": 6902649.24, "Plan Rows": 92207, "Plan Width": 88, "Inner Unique": true, "Merge Cond": "(lineitem.l_orderkey = orders.o_orderkey)", "Plans": [{"Node Type": "Sort", "Parent Relationship": "Outer", "Startup Cost": 4612036.38, "Total Cost": 4612266.9, "Plan Rows": 92207, "Plan Width": 88, "Sort Key": ["lineitem.l_orderkey"], "Plans": [{"Node Type": "Merge Join", "Parent Relationship": "Outer", "Join Type": "Inner", "Startup Cost": 4512863.67, "Total Cost": 4604432.72, "Plan Rows": 92207, "Plan Width": 88, "Inner Unique": false, "Merge Cond": "(supplier.s_suppkey = lineitem.l_suppkey)", "Plans": [{"Node Type": "Sort", "Parent Relationship": "Outer", "Startup Cost": 12702.66, "Total Cost": 12722.65, "Plan Rows": 7994, "Plan Width": 64, "Sort Key": ["supplier.s_suppkey"], "Plans": [{"Node Type": "Merge Join", "Parent Relationship": "Outer", "Join Type": "Inner", "Startup Cost": 11604.46, "Total Cost": 12184.47, "Plan Rows": 7994, "Plan Width": 64, "Inner Unique": false, "Merge Cond": "(n1.n_nationkey = supplier.s_nationkey)", "Plans": [{"Node Type": "Sort", "Parent Relationship": "Outer", "Startup Cost": 16.64, "Total Cost": 16.64, "Plan Rows": 2, "Plan Width": 60, "Sort Key": ["n1.n_nationkey"], "Plans": [{"Node Type": "Nested Loop", "Parent Relationship": "Outer", "Join Type": "Inner", "Startup Cost": 0.0, "Total Cost": 16.62, "Plan Rows": 2, "Plan Width": 60, "Inner Unique": false, "Join Filter": "(((n1.n_name = 'JAPAN'::bpchar) AND (n2.n_name = 'INDIA'::bpchar)) OR ((n1.n_name = 'INDIA'::bpchar) AND (n2.n_name = 'JAPAN'::bpchar)))", "Plans": [{"Node Type": "Seq Scan", "Parent Relationship": "Outer", "Relation Name": "nation", "Alias": "n1", "Startup Cost": 0.0, "Total Cost": 1.25, "Plan Rows": 25, "Plan Width": 30, "Filter": "((n_name = 'JAPAN'::bpchar) OR (n_name = 'INDIA'::bpchar))"}, {"Node Type": "Materialize", "Parent Relationship": "Inner", "Startup Cost": 0.0, "Total Cost": 1.38, "Plan Rows": 25, "Plan Width": 30, "Plans": [{"Node Type": "Seq Scan", "Parent Relationship": "Outer", "Relation Name": "nation", "Alias": "n2", "Startup Cost": 0.0, "Total Cost": 1.25, "Plan Rows": 25, "Plan Width": 30, "Filter": "((n_name = 'INDIA'::bpchar) OR (n_name = 'JAPAN'::bpchar))"}]}]}]}, {"Node Type": "Sort", "Parent Relationship": "Inner", "Startup Cost": 11587.82, "Total Cost": 11837.82, "Plan Rows": 100000, "Plan Width": 12, "Sort Key": ["supplier.s_nationkey"], "Plans": [{"Node Type": "Seq Scan", "Parent Relationship": "Outer", "Relation Name": "supplier", "Alias": "supplier", "Startup Cost": 0.0, "Total Cost": 3283.0, "Plan Rows": 100000, "Plan Width": 12}]}]}]}, {"Node Type": "Sort", "Parent Relationship": "Inner", "Startup Cost": 4500152.01, "Total Cost": 4545464.49, "Plan Rows": 18124991, "Plan Width": 40, "Sort Key": ["lineitem.l_suppkey"], "Plans": [{"Node Type": "Seq Scan", "Parent Relationship": "Outer", "Relation Name": "lineitem", "Alias": "lineitem", "Startup Cost": 44.59, "Total Cost": 2315050.5, "Plan Rows": 18124991, "Plan Width": 40, "Filter": "((l_shipdate >= '1995-01-01 00:00:00'::timestamp(0) without time zone) AND (l_shipdate <= '1996-12-31 00:00:00'::timestamp(0) without time zone)), (LLVM Optimized)"}]}]}]}, {"Node Type": "Sort", "Parent Relationship": "Inner", "Startup Cost": 2214232.37, "Total Cost": 2251731.07, "Plan Rows": 14999479, "Plan Width": 16, "Sort Key": ["orders.o_orderkey"], "Plans": [{"Node Type": "Seq Scan", "Parent Relationship": "Outer", "Relation Name": "orders", "Alias": "orders", "Startup Cost": 0.0, "Total Cost": 426413.79, "Plan Rows": 14999479, "Plan Width": 16}]}]}]}, {"Node Type": "Sort", "Parent Relationship": "Inner", "Startup Cost": 205999.98, "Total Cost": 209749.98, "Plan Rows": 1500000, "Plan Width": 12, "Sort Key": ["customer.c_custkey", "customer.c_nationkey"], "Plans": [{"Node Type": "Seq Scan", "Parent Relationship": "Outer", "Relation Name": "customer", "Alias": "customer", "Startup Cost": 0.0, "Total Cost": 52126.0, "Plan Rows": 1500000, "Plan Width": 12}]}]}]}]}, "Unique SQL Id": 2208782157, "Planner Runtime": 4}, "explain_analyze_plan": null}, "(64, 91)": {"explain_plan": {"Plan": {"Node Type": "Sort", "Startup Cost": 6000546904427.79, "Total Cost": 6000546904437.01, "Plan Rows": 3688, "Plan Width": 84, "Sort Key": ["n1.n_name", "n2.n_name", "(date_part('year'::text, lineitem.l_shipdate))"], "Plans": [{"Node Type": "Aggregate", "Strategy": "Hashed", "Parent Relationship": "Outer", "Startup Cost": 6000546904163.2, "Total Cost": 6000546904209.3, "Plan Rows": 3688, "Plan Width": 84, "Group By Key": ["n1.n_name", "n2.n_name", "date_part('year'::text, lineitem.l_shipdate)"], "Plans": [{"Node Type": "Merge Join", "Parent Relationship": "Outer", "Join Type": "Inner", "Startup Cost": 3030393450665.84, "Total Cost": 6000546904107.88, "Plan Rows": 3688, "Plan Width": 76, "Inner Unique": true, "Merge Cond": "(n2.n_nationkey = customer.c_nationkey)", "Join Filter": "(orders.o_custkey = customer.c_custkey)", "Plans": [{"Node Type": "Nested Loop", "Parent Relationship": "Outer", "Join Type": "Inner", "Startup Cost": 3020393450665.84, "Total Cost": 5000430886371.89, "Plan Rows": 92207, "Plan Width": 88, "Inner Unique": false, "Join Filter": "(((n1.n_name = 'JAPAN'::bpchar) AND (n2.n_name = 'INDIA'::bpchar)) OR ((n1.n_name = 'INDIA'::bpchar) AND (n2.n_name = 'JAPAN'::bpchar)))", "Plans": [{"Node Type": "Index Scan", "Parent Relationship": "Outer", "Scan Direction": "Forward", "Index Name": "nation_pkey", "Relation Name": "nation", "Alias": "n2", "Startup Cost": 10000000000.0, "Total Cost": 1000000001275.0, "Plan Rows": 25, "Plan Width": 30, "Filter": "((n_name = 'INDIA'::bpchar) OR (n_name = 'JAPAN'::bpchar))"}, {"Node Type": "Materialize", "Parent Relationship": "Inner", "Startup Cost": 3010393450665.84, "Total Cost": 4000430239128.49, "Plan Rows": 1153515, "Plan Width": 58, "Plans": [{"Node Type": "Merge Join", "Parent Relationship": "Outer", "Join Type": "Inner", "Startup Cost": 3010393450665.84, "Total Cost": 4000430233360.91, "Plan Rows": 1153515, "Plan Width": 58, "Inner Unique": true, "Merge Cond": "(lineitem.l_orderkey = orders.o_orderkey)", "Plans": [{"Node Type": "Sort", "Parent Relationship": "Outer", "Startup Cost": 3000357080716.08, "Total Cost": 3000357083599.87, "Plan Rows": 1153515, "Plan Width": 58, "Sort Key": ["lineitem.l_orderkey"], "Plans": [{"Node Type": "Merge Join", "Parent Relationship": "Outer", "Join Type": "Inner", "Startup Cost": 2010356945993.15, "Total Cost": 3000356964570.93, "Plan Rows": 1153515, "Plan Width": 58, "Inner Unique": false, "Merge Cond": "(n1.n_nationkey = supplier.s_nationkey)", "Plans": [{"Node Type": "Index Scan", "Parent Relationship": "Outer", "Scan Direction": "Forward", "Index Name": "nation_pkey", "Relation Name": "nation", "Alias": "n1", "Startup Cost": 10000000000.0, "Total Cost": 1000000001275.0, "Plan Rows": 25, "Plan Width": 30, "Filter": "((n_name = 'JAPAN'::bpchar) OR (n_name = 'INDIA'::bpchar))"}, {"Node Type": "Sort", "Parent Relationship": "Inner", "Startup Cost": 2000356945993.15, "Total Cost": 2000356948876.93, "Plan Rows": 1153515, "Plan Width": 36, "Sort Key": ["supplier.s_nationkey"], "Plans": [{"Node Type": "Merge Join", "Parent Relationship": "Outer", "Join Type": "Inner", "Startup Cost": 1010356194001.51, "Total Cost": 2000356829848.0, "Plan Rows": 1153515, "Plan Width": 36, "Inner Unique": false, "Merge Cond": "(supplier.s_suppkey = lineitem.l_suppkey)", "Plans": [{"Node Type": "Index Scan", "Parent Relationship": "Outer", "Scan Direction": "Forward", "Index Name": "supplier_pkey", "Relation Name": "supplier", "Alias": "supplier", "Startup Cost": 10000000000.0, "Total Cost": 1000000533454.38, "Plan Rows": 100000, "Plan Width": 12}, {"Node Type": "Sort", "Parent Relationship": "Inner", "Startup Cost": 1000356193992.51, "Total Cost": 1000356239304.99, "Plan Rows": 18124991, "Plan Width": 40, "Sort Key": ["lineitem.l_suppkey"], "Plans": [{"Node Type": "Index Scan", "Parent Relationship": "Outer", "Scan Direction": "Forward", "Index Name": "idx_lineitem_orderkey", "Relation Name": "lineitem", "Alias": "lineitem", "Startup Cost": 10000000000.0, "Total Cost": 1000354008891.0, "Plan Rows": 18124991, "Plan Width": 40, "Filter": "((l_shipdate >= '1995-01-01 00:00:00'::timestamp(0) without time zone) AND (l_shipdate <= '1996-12-31 00:00:00'::timestamp(0) without time zone)), (LLVM Optimized)"}]}]}]}]}]}, {"Node Type": "Index Scan", "Parent Relationship": "Inner", "Scan Direction": "Forward", "Index Name": "orders_pkey", "Relation Name": "orders", "Alias": "orders", "Startup Cost": 10000000000.0, "Total Cost": 1000073097843.5, "Plan Rows": 14999479, "Plan Width": 16}]}]}]}, {"Node Type": "Materialize", "Parent Relationship": "Inner", "Startup Cost": 10000000000.0, "Total Cost": 1000019203896.25, "Plan Rows": 1500000, "Plan Width": 12, "Plans": [{"Node Type": "Index Scan", "Parent Relationship": "Outer", "Scan Direction": "Forward", "Index Name": "idx_customer_nationkey", "Relation Name": "customer", "Alias": "customer", "Startup Cost": 10000000000.0, "Total Cost": 1000019200146.25, "Plan Rows": 1500000, "Plan Width": 12}]}]}]}]}, "Unique SQL Id": 2208782157, "Planner Runtime": 7}, "explain_analyze_plan": null}, "(64, 92)": {"explain_plan": {"Plan": {"Node Type": "Sort", "Startup Cost": 726921.52, "Total Cost": 726930.74, "Plan Rows": 3688, "Plan Width": 84, "Sort Key": ["n1.n_name", "n2.n_name", "(date_part('year'::text, lineitem.l_shipdate))"], "Plans": [{"Node Type": "Aggregate", "Strategy": "Hashed", "Parent Relationship": "Outer", "Startup Cost": 726656.93, "Total Cost": 726703.03, "Plan Rows": 3688, "Plan Width": 84, "Group By Key": ["n1.n_name", "n2.n_name", "date_part('year'::text, lineitem.l_shipdate)"], "Plans": [{"Node Type": "Merge Join", "Parent Relationship": "Outer", "Join Type": "Inner", "Startup Cost": 716715.31, "Total Cost": 726601.61, "Plan Rows": 3688, "Plan Width": 76, "Inner Unique": false, "Merge Cond": "(supplier.s_suppkey = lineitem.l_suppkey)", "Join Filter": "(n1.n_nationkey = supplier.s_nationkey)", "Plans": [{"Node Type": "Index Scan", "Parent Relationship": "Outer", "Scan Direction": "Forward", "Index Name": "supplier_pkey", "Relation Name": "supplier", "Alias": "supplier", "Startup Cost": 0.0, "Total Cost": 5334.54, "Plan Rows": 100000, "Plan Width": 12}, {"Node Type": "Sort", "Parent Relationship": "Inner", "Startup Cost": 716714.94, "Total Cost": 718566.9, "Plan Rows": 740786, "Plan Width": 88, "Sort Key": ["lineitem.l_suppkey"], "Plans": [{"Node Type": "Nested Loop", "Parent Relationship": "Outer", "Join Type": "Inner", "Startup Cost": 0.0, "Total Cost": 644493.13, "Plan Rows": 740786, "Plan Width": 88, "Inner Unique": false, "Plans": [{"Node Type": "Nested Loop", "Parent Relationship": "Outer", "Join Type": "Inner", "Startup Cost": 0.0, "Total Cost": 167755.5, "Plan Rows": 504972, "Plan Width": 64, "Inner Unique": false, "Plans": [{"Node Type": "Nested Loop", "Parent Relationship": "Outer", "Join Type": "Inner", "Startup Cost": 0.0, "Total Cost": 16632.98, "Plan Rows": 119904, "Plan Width": 64, "Inner Unique": false, "Plans": [{"Node Type": "Nested Loop", "Parent Relationship": "Outer", "Join Type": "Inner", "Startup Cost": 0.0, "Total Cost": 28.12, "Plan Rows": 2, "Plan Width": 60, "Inner Unique": false, "Join Filter": "(((n1.n_name = 'JAPAN'::bpchar) AND (n2.n_name = 'INDIA'::bpchar)) OR ((n1.n_name = 'INDIA'::bpchar) AND (n2.n_name = 'JAPAN'::bpchar)))", "Plans": [{"Node Type": "Index Scan", "Parent Relationship": "Outer", "Scan Direction": "Forward", "Index Name": "nation_pkey", "Relation Name": "nation", "Alias": "n1", "Startup Cost": 0.0, "Total Cost": 12.75, "Plan Rows": 25, "Plan Width": 30, "Filter": "((n_name = 'JAPAN'::bpchar) OR (n_name = 'INDIA'::bpchar))"}, {"Node Type": "Materialize", "Parent Relationship": "Inner", "Startup Cost": 0.0, "Total Cost": 1.38, "Plan Rows": 25, "Plan Width": 30, "Plans": [{"Node Type": "Seq Scan", "Parent Relationship": "Outer", "Relation Name": "nation", "Alias": "n2", "Startup Cost": 0.0, "Total Cost": 1.25, "Plan Rows": 25, "Plan Width": 30, "Filter": "((n_name = 'INDIA'::bpchar) OR (n_name = 'JAPAN'::bpchar))"}]}]}, {"Node Type": "Index Scan", "Parent Relationship": "Inner", "Scan Direction": "Forward", "Index Name": "idx_customer_nationkey", "Relation Name": "customer", "Alias": "customer", "Startup Cost": 0.0, "Total Cost": 7702.43, "Plan Rows": 60000, "Plan Width": 12, "Index Cond": "(c_nationkey = n2.n_nationkey)"}]}, {"Node Type": "Index Scan", "Parent Relationship": "Inner", "Scan Direction": "Forward", "Index Name": "idx_orders_custkey", "Relation Name": "orders", "Alias": "orders", "Startup Cost": 0.0, "Total Cost": 1.22, "Plan Rows": 4, "Plan Width": 16, "Index Cond": "(o_custkey = customer.c_custkey)"}]}, {"Node Type": "Index Scan", "Parent Relationship": "Inner", "Scan Direction": "Forward", "Index Name": "idx_lineitem_orderkey", "Relation Name": "lineitem", "Alias": "lineitem", "Startup Cost": 0.0, "Total Cost": 0.91, "Plan Rows": 3, "Plan Width": 40, "Index Cond": "(l_orderkey = orders.o_orderkey)", "Filter": "((l_shipdate >= '1995-01-01 00:00:00'::timestamp(0) without time zone) AND (l_shipdate <= '1996-12-31 00:00:00'::timestamp(0) without time zone))"}]}]}]}]}]}, "Unique SQL Id": 2208782157, "Planner Runtime": 4}, "explain_analyze_plan": {"Plan": {"Node Type": "Sort", "Startup Cost": 726921.52, "Total Cost": 726930.74, "Plan Rows": 3688, "Plan Width": 84, "Actual Startup Time": 21223.122, "Actual Total Time": 21223.122, "Actual Rows": 4, "Actual Loops": 1, "Sort Key": ["n1.n_name", "n2.n_name", "(date_part('year'::text, lineitem.l_shipdate))"], "Sort Method": "quicksort", "Sort Space Used": 25, "Sort Space Type": "Memory", "Plans": [{"Node Type": "Aggregate", "Strategy": "Hashed", "Parent Relationship": "Outer", "Startup Cost": 726656.93, "Total Cost": 726703.03, "Plan Rows": 3688, "Plan Width": 84, "Actual Startup Time": 21223.081, "Actual Total Time": 21223.087, "Actual Rows": 4, "Actual Loops": 1, "Group By Key": ["n1.n_name", "n2.n_name", "date_part('year'::text, lineitem.l_shipdate)"], "Plans": [{"Node Type": "Merge Join", "Parent Relationship": "Outer", "Join Type": "Inner", "Startup Cost": 716715.31, "Total Cost": 726601.61, "Plan Rows": 3688, "Plan Width": 76, "Actual Startup Time": 20167.391, "Actual Total Time": 21163.183, "Actual Rows": 58554, "Actual Loops": 1, "Inner Unique": false, "Merge Cond": "(supplier.s_suppkey = lineitem.l_suppkey)", "Join Filter": "(n1.n_nationkey = supplier.s_nationkey)", "Rows Removed by Join Filter": 0, "Plans": [{"Node Type": "Index Scan", "Parent Relationship": "Outer", "Scan Direction": "Forward", "Index Name": "supplier_pkey", "Relation Name": "supplier", "Alias": "supplier", "Startup Cost": 0.0, "Total Cost": 5334.54, "Plan Rows": 100000, "Plan Width": 12, "Actual Startup Time": 0.023, "Actual Total Time": 70.686, "Actual Rows": 100000, "Actual Loops": 1}, {"Node Type": "Sort", "Parent Relationship": "Inner", "Startup Cost": 716714.94, "Total Cost": 718566.9, "Plan Rows": 740786, "Plan Width": 88, "Actual Startup Time": 20165.776, "Actual Total Time": 20539.559, "Actual Rows": 1459150, "Actual Loops": 1, "Sort Key": ["lineitem.l_suppkey"], "Sort Method": "quicksort", "Sort Space Used": 277145, "Sort Space Type": "Memory", "Plans": [{"Node Type": "Nested Loop", "Parent Relationship": "Outer", "Join Type": "Inner", "Startup Cost": 0.0, "Total Cost": 644493.13, "Plan Rows": 740786, "Plan Width": 88, "Actual Startup Time": 0.176, "Actual Total Time": 19442.261, "Actual Rows": 1459150, "Actual Loops": 1, "Inner Unique": false, "Plans": [{"Node Type": "Nested Loop", "Parent Relationship": "Outer", "Join Type": "Inner", "Startup Cost": 0.0, "Total Cost": 167755.5, "Plan Rows": 504972, "Plan Width": 64, "Actual Startup Time": 0.1, "Actual Total Time": 4092.544, "Actual Rows": 1200363, "Actual Loops": 1, "Inner Unique": false, "Plans": [{"Node Type": "Nested Loop", "Parent Relationship": "Outer", "Join Type": "Inner", "Startup Cost": 0.0, "Total Cost": 16632.98, "Plan Rows": 119904, "Plan Width": 64, "Actual Startup Time": 0.087, "Actual Total Time": 221.616, "Actual Rows": 119972, "Actual Loops": 1, "Inner Unique": false, "Plans": [{"Node Type": "Nested Loop", "Parent Relationship": "Outer", "Join Type": "Inner", "Startup Cost": 0.0, "Total Cost": 28.12, "Plan Rows": 2, "Plan Width": 60, "Actual Startup Time": 0.052, "Actual Total Time": 0.158, "Actual Rows": 2, "Actual Loops": 1, "Inner Unique": false, "Join Filter": "(((n1.n_name = 'JAPAN'::bpchar) AND (n2.n_name = 'INDIA'::bpchar)) OR ((n1.n_name = 'INDIA'::bpchar) AND (n2.n_name = 'JAPAN'::bpchar)))", "Rows Removed by Join Filter": 2, "Plans": [{"Node Type": "Index Scan", "Parent Relationship": "Outer", "Scan Direction": "Forward", "Index Name": "nation_pkey", "Relation Name": "nation", "Alias": "n1", "Startup Cost": 0.0, "Total Cost": 12.75, "Plan Rows": 25, "Plan Width": 30, "Actual Startup Time": 0.015, "Actual Total Time": 0.045, "Actual Rows": 2, "Actual Loops": 1, "Filter": "((n_name = 'JAPAN'::bpchar) OR (n_name = 'INDIA'::bpchar))", "Rows Removed by Filter": 23}, {"Node Type": "Materialize", "Parent Relationship": "Inner", "Startup Cost": 0.0, "Total Cost": 1.38, "Plan Rows": 25, "Plan Width": 30, "Actual Startup Time": 0.028, "Actual Total Time": 0.056, "Actual Rows": 4, "Actual Loops": 2, "Plans": [{"Node Type": "Seq Scan", "Parent Relationship": "Outer", "Relation Name": "nation", "Alias": "n2", "Startup Cost": 0.0, "Total Cost": 1.25, "Plan Rows": 25, "Plan Width": 30, "Actual Startup Time": 0.018, "Actual Total Time": 0.034, "Actual Rows": 2, "Actual Loops": 1, "Filter": "((n_name = 'INDIA'::bpchar) OR (n_name = 'JAPAN'::bpchar))", "Rows Removed by Filter": 23}]}]}, {"Node Type": "Index Scan", "Parent Relationship": "Inner", "Scan Direction": "Forward", "Index Name": "idx_customer_nationkey", "Relation Name": "customer", "Alias": "customer", "Startup Cost": 0.0, "Total Cost": 7702.43, "Plan Rows": 60000, "Plan Width": 12, "Actual Startup Time": 0.053, "Actual Total Time": 190.403, "Actual Rows": 119972, "Actual Loops": 2, "Index Cond": "(c_nationkey = n2.n_nationkey)", "Rows Removed by Index Recheck": 0}]}, {"Node Type": "Index Scan", "Parent Relationship": "Inner", "Scan Direction": "Forward", "Index Name": "idx_orders_custkey", "Relation Name": "orders", "Alias": "orders", "Startup Cost": 0.0, "Total Cost": 1.22, "Plan Rows": 4, "Plan Width": 16, "Actual Startup Time": 759.882, "Actual Total Time": 3509.583, "Actual Rows": 1200363, "Actual Loops": 119972, "Index Cond": "(o_custkey = customer.c_custkey)", "Rows Removed by Index Recheck": 0}]}, {"Node Type": "Index Scan", "Parent Relationship": "Inner", "Scan Direction": "Forward", "Index Name": "idx_lineitem_orderkey", "Relation Name": "lineitem", "Alias": "lineitem", "Startup Cost": 0.0, "Total Cost": 0.91, "Plan Rows": 3, "Plan Width": 40, "Actual Startup Time": 13198.143, "Actual Total Time": 14366.087, "Actual Rows": 1459150, "Actual Loops": 1200363, "Index Cond": "(l_orderkey = orders.o_orderkey)", "Rows Removed by Index Recheck": 0, "Filter": "((l_shipdate >= '1995-01-01 00:00:00'::timestamp(0) without time zone) AND (l_shipdate <= '1996-12-31 00:00:00'::timestamp(0) without time zone))", "Rows Removed by Filter": 3342563}]}]}]}]}]}, "Triggers": [], "Planner Runtime": 4, "Total Runtime": 21223.343, "Unique SQL Id": 2208782157}}, "(64, 93)": {"explain_plan": {"Plan": {"Node Type": "Sort", "Startup Cost": 726933.02, "Total Cost": 726942.24, "Plan Rows": 3688, "Plan Width": 84, "Sort Key": ["n1.n_name", "n2.n_name", "(date_part('year'::text, lineitem.l_shipdate))"], "Plans": [{"Node Type": "Aggregate", "Strategy": "Hashed", "Parent Relationship": "Outer", "Startup Cost": 726668.43, "Total Cost": 726714.53, "Plan Rows": 3688, "Plan Width": 84, "Group By Key": ["n1.n_name", "n2.n_name", "date_part('year'::text, lineitem.l_shipdate)"], "Plans": [{"Node Type": "Merge Join", "Parent Relationship": "Outer", "Join Type": "Inner", "Startup Cost": 716726.81, "Total Cost": 726613.11, "Plan Rows": 3688, "Plan Width": 76, "Inner Unique": false, "Merge Cond": "(supplier.s_suppkey = lineitem.l_suppkey)", "Join Filter": "(n1.n_nationkey = supplier.s_nationkey)", "Plans": [{"Node Type": "Index Scan", "Parent Relationship": "Outer", "Scan Direction": "Forward", "Index Name": "supplier_pkey", "Relation Name": "supplier", "Alias": "supplier", "Startup Cost": 0.0, "Total Cost": 5334.54, "Plan Rows": 100000, "Plan Width": 12}, {"Node Type": "Sort", "Parent Relationship": "Inner", "Startup Cost": 716726.44, "Total Cost": 718578.4, "Plan Rows": 740786, "Plan Width": 88, "Sort Key": ["lineitem.l_suppkey"], "Plans": [{"Node Type": "Nested Loop", "Parent Relationship": "Outer", "Join Type": "Inner", "Startup Cost": 0.0, "Total Cost": 644504.63, "Plan Rows": 740786, "Plan Width": 88, "Inner Unique": false, "Plans": [{"Node Type": "Nested Loop", "Parent Relationship": "Outer", "Join Type": "Inner", "Startup Cost": 0.0, "Total Cost": 167767.0, "Plan Rows": 504972, "Plan Width": 64, "Inner Unique": false, "Plans": [{"Node Type": "Nested Loop", "Parent Relationship": "Outer", "Join Type": "Inner", "Startup Cost": 0.0, "Total Cost": 16644.48, "Plan Rows": 119904, "Plan Width": 64, "Inner Unique": false, "Plans": [{"Node Type": "Nested Loop", "Parent Relationship": "Outer", "Join Type": "Inner", "Startup Cost": 0.0, "Total Cost": 39.62, "Plan Rows": 2, "Plan Width": 60, "Inner Unique": false, "Join Filter": "(((n1.n_name = 'JAPAN'::bpchar) AND (n2.n_name = 'INDIA'::bpchar)) OR ((n1.n_name = 'INDIA'::bpchar) AND (n2.n_name = 'JAPAN'::bpchar)))", "Plans": [{"Node Type": "Index Scan", "Parent Relationship": "Outer", "Scan Direction": "Forward", "Index Name": "nation_pkey", "Relation Name": "nation", "Alias": "n1", "Startup Cost": 0.0, "Total Cost": 12.75, "Plan Rows": 25, "Plan Width": 30, "Filter": "((n_name = 'JAPAN'::bpchar) OR (n_name = 'INDIA'::bpchar))"}, {"Node Type": "Materialize", "Parent Relationship": "Inner", "Startup Cost": 0.0, "Total Cost": 12.88, "Plan Rows": 25, "Plan Width": 30, "Plans": [{"Node Type": "Index Scan", "Parent Relationship": "Outer", "Scan Direction": "Forward", "Index Name": "nation_pkey", "Relation Name": "nation", "Alias": "n2", "Startup Cost": 0.0, "Total Cost": 12.75, "Plan Rows": 25, "Plan Width": 30, "Filter": "((n_name = 'INDIA'::bpchar) OR (n_name = 'JAPAN'::bpchar))"}]}]}, {"Node Type": "Index Scan", "Parent Relationship": "Inner", "Scan Direction": "Forward", "Index Name": "idx_customer_nationkey", "Relation Name": "customer", "Alias": "customer", "Startup Cost": 0.0, "Total Cost": 7702.43, "Plan Rows": 60000, "Plan Width": 12, "Index Cond": "(c_nationkey = n2.n_nationkey)"}]}, {"Node Type": "Index Scan", "Parent Relationship": "Inner", "Scan Direction": "Forward", "Index Name": "idx_orders_custkey", "Relation Name": "orders", "Alias": "orders", "Startup Cost": 0.0, "Total Cost": 1.22, "Plan Rows": 4, "Plan Width": 16, "Index Cond": "(o_custkey = customer.c_custkey)"}]}, {"Node Type": "Index Scan", "Parent Relationship": "Inner", "Scan Direction": "Forward", "Index Name": "idx_lineitem_orderkey", "Relation Name": "lineitem", "Alias": "lineitem", "Startup Cost": 0.0, "Total Cost": 0.91, "Plan Rows": 3, "Plan Width": 40, "Index Cond": "(l_orderkey = orders.o_orderkey)", "Filter": "((l_shipdate >= '1995-01-01 00:00:00'::timestamp(0) without time zone) AND (l_shipdate <= '1996-12-31 00:00:00'::timestamp(0) without time zone))"}]}]}]}]}]}, "Unique SQL Id": 2208782157, "Planner Runtime": 4}, "explain_analyze_plan": {"Plan": {"Node Type": "Sort", "Startup Cost": 726933.02, "Total Cost": 726942.24, "Plan Rows": 3688, "Plan Width": 84, "Actual Startup Time": 21603.05, "Actual Total Time": 21603.05, "Actual Rows": 4, "Actual Loops": 1, "Sort Key": ["n1.n_name", "n2.n_name", "(date_part('year'::text, lineitem.l_shipdate))"], "Sort Method": "quicksort", "Sort Space Used": 25, "Sort Space Type": "Memory", "Plans": [{"Node Type": "Aggregate", "Strategy": "Hashed", "Parent Relationship": "Outer", "Startup Cost": 726668.43, "Total Cost": 726714.53, "Plan Rows": 3688, "Plan Width": 84, "Actual Startup Time": 21603.013, "Actual Total Time": 21603.019, "Actual Rows": 4, "Actual Loops": 1, "Group By Key": ["n1.n_name", "n2.n_name", "date_part('year'::text, lineitem.l_shipdate)"], "Plans": [{"Node Type": "Merge Join", "Parent Relationship": "Outer", "Join Type": "Inner", "Startup Cost": 716726.81, "Total Cost": 726613.11, "Plan Rows": 3688, "Plan Width": 76, "Actual Startup Time": 20527.326, "Actual Total Time": 21542.994, "Actual Rows": 58554, "Actual Loops": 1, "Inner Unique": false, "Merge Cond": "(supplier.s_suppkey = lineitem.l_suppkey)", "Join Filter": "(n1.n_nationkey = supplier.s_nationkey)", "Rows Removed by Join Filter": 0, "Plans": [{"Node Type": "Index Scan", "Parent Relationship": "Outer", "Scan Direction": "Forward", "Index Name": "supplier_pkey", "Relation Name": "supplier", "Alias": "supplier", "Startup Cost": 0.0, "Total Cost": 5334.54, "Plan Rows": 100000, "Plan Width": 12, "Actual Startup Time": 0.021, "Actual Total Time": 63.339, "Actual Rows": 100000, "Actual Loops": 1}, {"Node Type": "Sort", "Parent Relationship": "Inner", "Startup Cost": 716726.44, "Total Cost": 718578.4, "Plan Rows": 740786, "Plan Width": 88, "Actual Startup Time": 20526.806, "Actual Total Time": 20914.321, "Actual Rows": 1459150, "Actual Loops": 1, "Sort Key": ["lineitem.l_suppkey"], "Sort Method": "quicksort", "Sort Space Used": 277145, "Sort Space Type": "Memory", "Plans": [{"Node Type": "Nested Loop", "Parent Relationship": "Outer", "Join Type": "Inner", "Startup Cost": 0.0, "Total Cost": 644504.63, "Plan Rows": 740786, "Plan Width": 88, "Actual Startup Time": 0.168, "Actual Total Time": 19805.05, "Actual Rows": 1459150, "Actual Loops": 1, "Inner Unique": false, "Plans": [{"Node Type": "Nested Loop", "Parent Relationship": "Outer", "Join Type": "Inner", "Startup Cost": 0.0, "Total Cost": 167767.0, "Plan Rows": 504972, "Plan Width": 64, "Actual Startup Time": 0.098, "Actual Total Time": 4274.954, "Actual Rows": 1200363, "Actual Loops": 1, "Inner Unique": false, "Plans": [{"Node Type": "Nested Loop", "Parent Relationship": "Outer", "Join Type": "Inner", "Startup Cost": 0.0, "Total Cost": 16644.48, "Plan Rows": 119904, "Plan Width": 64, "Actual Startup Time": 0.085, "Actual Total Time": 233.749, "Actual Rows": 119972, "Actual Loops": 1, "Inner Unique": false, "Plans": [{"Node Type": "Nested Loop", "Parent Relationship": "Outer", "Join Type": "Inner", "Startup Cost": 0.0, "Total Cost": 39.62, "Plan Rows": 2, "Plan Width": 60, "Actual Startup Time": 0.047, "Actual Total Time": 0.235, "Actual Rows": 2, "Actual Loops": 1, "Inner Unique": false, "Join Filter": "(((n1.n_name = 'JAPAN'::bpchar) AND (n2.n_name = 'INDIA'::bpchar)) OR ((n1.n_name = 'INDIA'::bpchar) AND (n2.n_name = 'JAPAN'::bpchar)))", "Rows Removed by Join Filter": 2, "Plans": [{"Node Type": "Index Scan", "Parent Relationship": "Outer", "Scan Direction": "Forward", "Index Name": "nation_pkey", "Relation Name": "nation", "Alias": "n1", "Startup Cost": 0.0, "Total Cost": 12.75, "Plan Rows": 25, "Plan Width": 30, "Actual Startup Time": 0.017, "Actual Total Time": 0.047, "Actual Rows": 2, "Actual Loops": 1, "Filter": "((n_name = 'JAPAN'::bpchar) OR (n_name = 'INDIA'::bpchar))", "Rows Removed by Filter": 23}, {"Node Type": "Materialize", "Parent Relationship": "Inner", "Startup Cost": 0.0, "Total Cost": 12.88, "Plan Rows": 25, "Plan Width": 30, "Actual Startup Time": 0.022, "Actual Total Time": 0.145, "Actual Rows": 4, "Actual Loops": 2, "Plans": [{"Node Type": "Index Scan", "Parent Relationship": "Outer", "Scan Direction": "Forward", "Index Name": "nation_pkey", "Relation Name": "nation", "Alias": "n2", "Startup Cost": 0.0, "Total Cost": 12.75, "Plan Rows": 25, "Plan Width": 30, "Actual Startup Time": 0.011, "Actual Total Time": 0.051, "Actual Rows": 2, "Actual Loops": 1, "Filter": "((n_name = 'INDIA'::bpchar) OR (n_name = 'JAPAN'::bpchar))", "Rows Removed by Filter": 23}]}]}, {"Node Type": "Index Scan", "Parent Relationship": "Inner", "Scan Direction": "Forward", "Index Name": "idx_customer_nationkey", "Relation Name": "customer", "Alias": "customer", "Startup Cost": 0.0, "Total Cost": 7702.43, "Plan Rows": 60000, "Plan Width": 12, "Actual Startup Time": 0.062, "Actual Total Time": 200.221, "Actual Rows": 119972, "Actual Loops": 2, "Index Cond": "(c_nationkey = n2.n_nationkey)", "Rows Removed by Index Recheck": 0}]}, {"Node Type": "Index Scan", "Parent Relationship": "Inner", "Scan Direction": "Forward", "Index Name": "idx_orders_custkey", "Relation Name": "orders", "Alias": "orders", "Startup Cost": 0.0, "Total Cost": 1.22, "Plan Rows": 4, "Plan Width": 16, "Actual Startup Time": 786.639, "Actual Total Time": 3690.003, "Actual Rows": 1200363, "Actual Loops": 119972, "Index Cond": "(o_custkey = customer.c_custkey)", "Rows Removed by Index Recheck": 0}]}, {"Node Type": "Index Scan", "Parent Relationship": "Inner", "Scan Direction": "Forward", "Index Name": "idx_lineitem_orderkey", "Relation Name": "lineitem", "Alias": "lineitem", "Startup Cost": 0.0, "Total Cost": 0.91, "Plan Rows": 3, "Plan Width": 40, "Actual Startup Time": 13401.571, "Actual Total Time": 14550.105, "Actual Rows": 1459150, "Actual Loops": 1200363, "Index Cond": "(l_orderkey = orders.o_orderkey)", "Rows Removed by Index Recheck": 0, "Filter": "((l_shipdate >= '1995-01-01 00:00:00'::timestamp(0) without time zone) AND (l_shipdate <= '1996-12-31 00:00:00'::timestamp(0) without time zone))", "Rows Removed by Filter": 3342563}]}]}]}]}]}, "Triggers": [], "Planner Runtime": 4, "Total Runtime": 21603.271, "Unique SQL Id": 2208782157}}, "(64, 94)": {"explain_plan": {"Plan": {"Node Type": "Sort", "Startup Cost": 7128560.42, "Total Cost": 7128569.64, "Plan Rows": 3688, "Plan Width": 84, "Sort Key": ["n1.n_name", "n2.n_name", "(date_part('year'::text, lineitem.l_shipdate))"], "Plans": [{"Node Type": "Aggregate", "Strategy": "Hashed", "Parent Relationship": "Outer", "Startup Cost": 7128295.83, "Total Cost": 7128341.93, "Plan Rows": 3688, "Plan Width": 84, "Group By Key": ["n1.n_name", "n2.n_name", "date_part('year'::text, lineitem.l_shipdate)"], "Plans": [{"Node Type": "Merge Join", "Parent Relationship": "Outer", "Join Type": "Inner", "Startup Cost": 7116253.19, "Total Cost": 7128240.51, "Plan Rows": 3688, "Plan Width": 76, "Inner Unique": true, "Merge Cond": "((orders.o_custkey = customer.c_custkey) AND (n2.n_nationkey = customer.c_nationkey))", "Plans": [{"Node Type": "Sort", "Parent Relationship": "Outer", "Startup Cost": 6910252.9, "Total Cost": 6910483.42, "Plan Rows": 92207, "Plan Width": 88, "Sort Key": ["orders.o_custkey", "n2.n_nationkey"], "Plans": [{"Node Type": "Merge Join", "Parent Relationship": "Outer", "Join Type": "Inner", "Startup Cost": 6826271.5, "Total Cost": 6902649.24, "Plan Rows": 92207, "Plan Width": 88, "Inner Unique": true, "Merge Cond": "(lineitem.l_orderkey = orders.o_orderkey)", "Plans": [{"Node Type": "Sort", "Parent Relationship": "Outer", "Startup Cost": 4612036.38, "Total Cost": 4612266.9, "Plan Rows": 92207, "Plan Width": 88, "Sort Key": ["lineitem.l_orderkey"], "Plans": [{"Node Type": "Merge Join", "Parent Relationship": "Outer", "Join Type": "Inner", "Startup Cost": 4512863.67, "Total Cost": 4604432.72, "Plan Rows": 92207, "Plan Width": 88, "Inner Unique": false, "Merge Cond": "(supplier.s_suppkey = lineitem.l_suppkey)", "Plans": [{"Node Type": "Sort", "Parent Relationship": "Outer", "Startup Cost": 12702.66, "Total Cost": 12722.65, "Plan Rows": 7994, "Plan Width": 64, "Sort Key": ["supplier.s_suppkey"], "Plans": [{"Node Type": "Merge Join", "Parent Relationship": "Outer", "Join Type": "Inner", "Startup Cost": 11604.46, "Total Cost": 12184.47, "Plan Rows": 7994, "Plan Width": 64, "Inner Unique": false, "Merge Cond": "(n1.n_nationkey = supplier.s_nationkey)", "Plans": [{"Node Type": "Sort", "Parent Relationship": "Outer", "Startup Cost": 16.64, "Total Cost": 16.64, "Plan Rows": 2, "Plan Width": 60, "Sort Key": ["n1.n_nationkey"], "Plans": [{"Node Type": "Nested Loop", "Parent Relationship": "Outer", "Join Type": "Inner", "Startup Cost": 0.0, "Total Cost": 16.62, "Plan Rows": 2, "Plan Width": 60, "Inner Unique": false, "Join Filter": "(((n1.n_name = 'JAPAN'::bpchar) AND (n2.n_name = 'INDIA'::bpchar)) OR ((n1.n_name = 'INDIA'::bpchar) AND (n2.n_name = 'JAPAN'::bpchar)))", "Plans": [{"Node Type": "Seq Scan", "Parent Relationship": "Outer", "Relation Name": "nation", "Alias": "n1", "Startup Cost": 0.0, "Total Cost": 1.25, "Plan Rows": 25, "Plan Width": 30, "Filter": "((n_name = 'JAPAN'::bpchar) OR (n_name = 'INDIA'::bpchar))"}, {"Node Type": "Materialize", "Parent Relationship": "Inner", "Startup Cost": 0.0, "Total Cost": 1.38, "Plan Rows": 25, "Plan Width": 30, "Plans": [{"Node Type": "Seq Scan", "Parent Relationship": "Outer", "Relation Name": "nation", "Alias": "n2", "Startup Cost": 0.0, "Total Cost": 1.25, "Plan Rows": 25, "Plan Width": 30, "Filter": "((n_name = 'INDIA'::bpchar) OR (n_name = 'JAPAN'::bpchar))"}]}]}]}, {"Node Type": "Sort", "Parent Relationship": "Inner", "Startup Cost": 11587.82, "Total Cost": 11837.82, "Plan Rows": 100000, "Plan Width": 12, "Sort Key": ["supplier.s_nationkey"], "Plans": [{"Node Type": "Seq Scan", "Parent Relationship": "Outer", "Relation Name": "supplier", "Alias": "supplier", "Startup Cost": 0.0, "Total Cost": 3283.0, "Plan Rows": 100000, "Plan Width": 12}]}]}]}, {"Node Type": "Sort", "Parent Relationship": "Inner", "Startup Cost": 4500152.01, "Total Cost": 4545464.49, "Plan Rows": 18124991, "Plan Width": 40, "Sort Key": ["lineitem.l_suppkey"], "Plans": [{"Node Type": "Seq Scan", "Parent Relationship": "Outer", "Relation Name": "lineitem", "Alias": "lineitem", "Startup Cost": 44.59, "Total Cost": 2315050.5, "Plan Rows": 18124991, "Plan Width": 40, "Filter": "((l_shipdate >= '1995-01-01 00:00:00'::timestamp(0) without time zone) AND (l_shipdate <= '1996-12-31 00:00:00'::timestamp(0) without time zone)), (LLVM Optimized)"}]}]}]}, {"Node Type": "Sort", "Parent Relationship": "Inner", "Startup Cost": 2214232.37, "Total Cost": 2251731.07, "Plan Rows": 14999479, "Plan Width": 16, "Sort Key": ["orders.o_orderkey"], "Plans": [{"Node Type": "Seq Scan", "Parent Relationship": "Outer", "Relation Name": "orders", "Alias": "orders", "Startup Cost": 0.0, "Total Cost": 426413.79, "Plan Rows": 14999479, "Plan Width": 16}]}]}]}, {"Node Type": "Sort", "Parent Relationship": "Inner", "Startup Cost": 205999.98, "Total Cost": 209749.98, "Plan Rows": 1500000, "Plan Width": 12, "Sort Key": ["customer.c_custkey", "customer.c_nationkey"], "Plans": [{"Node Type": "Seq Scan", "Parent Relationship": "Outer", "Relation Name": "customer", "Alias": "customer", "Startup Cost": 0.0, "Total Cost": 52126.0, "Plan Rows": 1500000, "Plan Width": 12}]}]}]}]}, "Unique SQL Id": 2208782157, "Planner Runtime": 4}, "explain_analyze_plan": null}, "(64, 95)": {"explain_plan": {"Plan": {"Node Type": "Sort", "Startup Cost": 6000546904427.79, "Total Cost": 6000546904437.01, "Plan Rows": 3688, "Plan Width": 84, "Sort Key": ["n1.n_name", "n2.n_name", "(date_part('year'::text, lineitem.l_shipdate))"], "Plans": [{"Node Type": "Aggregate", "Strategy": "Hashed", "Parent Relationship": "Outer", "Startup Cost": 6000546904163.2, "Total Cost": 6000546904209.3, "Plan Rows": 3688, "Plan Width": 84, "Group By Key": ["n1.n_name", "n2.n_name", "date_part('year'::text, lineitem.l_shipdate)"], "Plans": [{"Node Type": "Merge Join", "Parent Relationship": "Outer", "Join Type": "Inner", "Startup Cost": 3030393450665.84, "Total Cost": 6000546904107.88, "Plan Rows": 3688, "Plan Width": 76, "Inner Unique": true, "Merge Cond": "(n2.n_nationkey = customer.c_nationkey)", "Join Filter": "(orders.o_custkey = customer.c_custkey)", "Plans": [{"Node Type": "Nested Loop", "Parent Relationship": "Outer", "Join Type": "Inner", "Startup Cost": 3020393450665.84, "Total Cost": 5000430886371.89, "Plan Rows": 92207, "Plan Width": 88, "Inner Unique": false, "Join Filter": "(((n1.n_name = 'JAPAN'::bpchar) AND (n2.n_name = 'INDIA'::bpchar)) OR ((n1.n_name = 'INDIA'::bpchar) AND (n2.n_name = 'JAPAN'::bpchar)))", "Plans": [{"Node Type": "Index Scan", "Parent Relationship": "Outer", "Scan Direction": "Forward", "Index Name": "nation_pkey", "Relation Name": "nation", "Alias": "n2", "Startup Cost": 10000000000.0, "Total Cost": 1000000001275.0, "Plan Rows": 25, "Plan Width": 30, "Filter": "((n_name = 'INDIA'::bpchar) OR (n_name = 'JAPAN'::bpchar))"}, {"Node Type": "Materialize", "Parent Relationship": "Inner", "Startup Cost": 3010393450665.84, "Total Cost": 4000430239128.49, "Plan Rows": 1153515, "Plan Width": 58, "Plans": [{"Node Type": "Merge Join", "Parent Relationship": "Outer", "Join Type": "Inner", "Startup Cost": 3010393450665.84, "Total Cost": 4000430233360.91, "Plan Rows": 1153515, "Plan Width": 58, "Inner Unique": true, "Merge Cond": "(lineitem.l_orderkey = orders.o_orderkey)", "Plans": [{"Node Type": "Sort", "Parent Relationship": "Outer", "Startup Cost": 3000357080716.08, "Total Cost": 3000357083599.87, "Plan Rows": 1153515, "Plan Width": 58, "Sort Key": ["lineitem.l_orderkey"], "Plans": [{"Node Type": "Merge Join", "Parent Relationship": "Outer", "Join Type": "Inner", "Startup Cost": 2010356945993.15, "Total Cost": 3000356964570.93, "Plan Rows": 1153515, "Plan Width": 58, "Inner Unique": false, "Merge Cond": "(n1.n_nationkey = supplier.s_nationkey)", "Plans": [{"Node Type": "Index Scan", "Parent Relationship": "Outer", "Scan Direction": "Forward", "Index Name": "nation_pkey", "Relation Name": "nation", "Alias": "n1", "Startup Cost": 10000000000.0, "Total Cost": 1000000001275.0, "Plan Rows": 25, "Plan Width": 30, "Filter": "((n_name = 'JAPAN'::bpchar) OR (n_name = 'INDIA'::bpchar))"}, {"Node Type": "Sort", "Parent Relationship": "Inner", "Startup Cost": 2000356945993.15, "Total Cost": 2000356948876.93, "Plan Rows": 1153515, "Plan Width": 36, "Sort Key": ["supplier.s_nationkey"], "Plans": [{"Node Type": "Merge Join", "Parent Relationship": "Outer", "Join Type": "Inner", "Startup Cost": 1010356194001.51, "Total Cost": 2000356829848.0, "Plan Rows": 1153515, "Plan Width": 36, "Inner Unique": false, "Merge Cond": "(supplier.s_suppkey = lineitem.l_suppkey)", "Plans": [{"Node Type": "Index Scan", "Parent Relationship": "Outer", "Scan Direction": "Forward", "Index Name": "supplier_pkey", "Relation Name": "supplier", "Alias": "supplier", "Startup Cost": 10000000000.0, "Total Cost": 1000000533454.38, "Plan Rows": 100000, "Plan Width": 12}, {"Node Type": "Sort", "Parent Relationship": "Inner", "Startup Cost": 1000356193992.51, "Total Cost": 1000356239304.99, "Plan Rows": 18124991, "Plan Width": 40, "Sort Key": ["lineitem.l_suppkey"], "Plans": [{"Node Type": "Index Scan", "Parent Relationship": "Outer", "Scan Direction": "Forward", "Index Name": "idx_lineitem_orderkey", "Relation Name": "lineitem", "Alias": "lineitem", "Startup Cost": 10000000000.0, "Total Cost": 1000354008891.0, "Plan Rows": 18124991, "Plan Width": 40, "Filter": "((l_shipdate >= '1995-01-01 00:00:00'::timestamp(0) without time zone) AND (l_shipdate <= '1996-12-31 00:00:00'::timestamp(0) without time zone)), (LLVM Optimized)"}]}]}]}]}]}, {"Node Type": "Index Scan", "Parent Relationship": "Inner", "Scan Direction": "Forward", "Index Name": "orders_pkey", "Relation Name": "orders", "Alias": "orders", "Startup Cost": 10000000000.0, "Total Cost": 1000073097843.5, "Plan Rows": 14999479, "Plan Width": 16}]}]}]}, {"Node Type": "Materialize", "Parent Relationship": "Inner", "Startup Cost": 10000000000.0, "Total Cost": 1000019203896.25, "Plan Rows": 1500000, "Plan Width": 12, "Plans": [{"Node Type": "Index Scan", "Parent Relationship": "Outer", "Scan Direction": "Forward", "Index Name": "idx_customer_nationkey", "Relation Name": "customer", "Alias": "customer", "Startup Cost": 10000000000.0, "Total Cost": 1000019200146.25, "Plan Rows": 1500000, "Plan Width": 12}]}]}]}]}, "Unique SQL Id": 2208782157, "Planner Runtime": 7}, "explain_analyze_plan": null}, "(64, 96)": {"explain_plan": {"Plan": {"Node Type": "Sort", "Startup Cost": 653440.12, "Total Cost": 653449.34, "Plan Rows": 3688, "Plan Width": 84, "Sort Key": ["n1.n_name", "n2.n_name", "(date_part('year'::text, lineitem.l_shipdate))"], "Plans": [{"Node Type": "Aggregate", "Strategy": "Hashed", "Parent Relationship": "Outer", "Startup Cost": 653175.54, "Total Cost": 653221.64, "Plan Rows": 3688, "Plan Width": 84, "Group By Key": ["n1.n_name", "n2.n_name", "date_part('year'::text, lineitem.l_shipdate)"], "Plans": [{"Node Type": "Hash Join", "Parent Relationship": "Outer", "Join Type": "Inner", "Startup Cost": 5813.37, "Total Cost": 653120.22, "Plan Rows": 3688, "Plan Width": 76, "Inner Unique": true, "Hash Cond": "((lineitem.l_suppkey = supplier.s_suppkey) AND (n1.n_nationkey = supplier.s_nationkey))", "Plans": [{"Node Type": "Nested Loop", "Parent Relationship": "Outer", "Join Type": "Inner", "Startup Cost": 1030.37, "Total Cost": 642753.24, "Plan Rows": 740786, "Plan Width": 88, "Inner Unique": false, "Plans": [{"Node Type": "Nested Loop", "Parent Relationship": "Outer", "Join Type": "Inner", "Startup Cost": 1030.37, "Total Cost": 166015.61, "Plan Rows": 504972, "Plan Width": 64, "Inner Unique": false, "Plans": [{"Node Type": "Nested Loop", "Parent Relationship": "Outer", "Join Type": "Inner", "Startup Cost": 1030.37, "Total Cost": 14893.09, "Plan Rows": 119904, "Plan Width": 64, "Inner Unique": false, "Plans": [{"Node Type": "Nested Loop", "Parent Relationship": "Outer", "Join Type": "Inner", "Startup Cost": 0.0, "Total Cost": 28.12, "Plan Rows": 2, "Plan Width": 60, "Inner Unique": false, "Join Filter": "(((n1.n_name = 'JAPAN'::bpchar) AND (n2.n_name = 'INDIA'::bpchar)) OR ((n1.n_name = 'INDIA'::bpchar) AND (n2.n_name = 'JAPAN'::bpchar)))", "Plans": [{"Node Type": "Index Scan", "Parent Relationship": "Outer", "Scan Direction": "Forward", "Index Name": "nation_pkey", "Relation Name": "nation", "Alias": "n1", "Startup Cost": 0.0, "Total Cost": 12.75, "Plan Rows": 25, "Plan Width": 30, "Filter": "((n_name = 'JAPAN'::bpchar) OR (n_name = 'INDIA'::bpchar))"}, {"Node Type": "Materialize", "Parent Relationship": "Inner", "Startup Cost": 0.0, "Total Cost": 1.38, "Plan Rows": 25, "Plan Width": 30, "Plans": [{"Node Type": "Seq Scan", "Parent Relationship": "Outer", "Relation Name": "nation", "Alias": "n2", "Startup Cost": 0.0, "Total Cost": 1.25, "Plan Rows": 25, "Plan Width": 30, "Filter": "((n_name = 'INDIA'::bpchar) OR (n_name = 'JAPAN'::bpchar))"}]}]}, {"Node Type": "Bitmap Heap Scan", "Parent Relationship": "Inner", "Relation Name": "customer", "Alias": "customer", "Startup Cost": 1030.37, "Total Cost": 6832.48, "Plan Rows": 60000, "Plan Width": 12, "Recheck Cond": "(c_nationkey = n2.n_nationkey)", "Plans": [{"Node Type": "Bitmap Index Scan", "Parent Relationship": "Outer", "Index Name": "idx_customer_nationkey", "Startup Cost": 0.0, "Total Cost": 1015.37, "Plan Rows": 60000, "Plan Width": 0, "Index Cond": "(c_nationkey = n2.n_nationkey)"}]}]}, {"Node Type": "Index Scan", "Parent Relationship": "Inner", "Scan Direction": "Forward", "Index Name": "idx_orders_custkey", "Relation Name": "orders", "Alias": "orders", "Startup Cost": 0.0, "Total Cost": 1.22, "Plan Rows": 4, "Plan Width": 16, "Index Cond": "(o_custkey = customer.c_custkey)"}]}, {"Node Type": "Index Scan", "Parent Relationship": "Inner", "Scan Direction": "Forward", "Index Name": "idx_lineitem_orderkey", "Relation Name": "lineitem", "Alias": "lineitem", "Startup Cost": 0.0, "Total Cost": 0.91, "Plan Rows": 3, "Plan Width": 40, "Index Cond": "(l_orderkey = orders.o_orderkey)", "Filter": "((l_shipdate >= '1995-01-01 00:00:00'::timestamp(0) without time zone) AND (l_shipdate <= '1996-12-31 00:00:00'::timestamp(0) without time zone))"}]}, {"Node Type": "Hash", "Parent Relationship": "Inner", "Startup Cost": 3283.0, "Total Cost": 3283.0, "Plan Rows": 100000, "Plan Width": 12, "Plans": [{"Node Type": "Seq Scan", "Parent Relationship": "Outer", "Relation Name": "supplier", "Alias": "supplier", "Startup Cost": 0.0, "Total Cost": 3283.0, "Plan Rows": 100000, "Plan Width": 12}]}]}]}]}, "Unique SQL Id": 2208782157, "Planner Runtime": 3}, "explain_analyze_plan": {"Plan": {"Node Type": "Sort", "Startup Cost": 653440.12, "Total Cost": 653449.34, "Plan Rows": 3688, "Plan Width": 84, "Actual Startup Time": 19902.508, "Actual Total Time": 19902.509, "Actual Rows": 4, "Actual Loops": 1, "Sort Key": ["n1.n_name", "n2.n_name", "(date_part('year'::text, lineitem.l_shipdate))"], "Sort Method": "quicksort", "Sort Space Used": 25, "Sort Space Type": "Memory", "Plans": [{"Node Type": "Aggregate", "Strategy": "Hashed", "Parent Relationship": "Outer", "Startup Cost": 653175.54, "Total Cost": 653221.64, "Plan Rows": 3688, "Plan Width": 84, "Actual Startup Time": 19902.464, "Actual Total Time": 19902.469, "Actual Rows": 4, "Actual Loops": 1, "Group By Key": ["n1.n_name", "n2.n_name", "date_part('year'::text, lineitem.l_shipdate)"], "Plans": [{"Node Type": "Hash Join", "Parent Relationship": "Outer", "Join Type": "Inner", "Startup Cost": 5813.37, "Total Cost": 653120.22, "Plan Rows": 3688, "Plan Width": 76, "Actual Startup Time": 89.509, "Actual Total Time": 19798.021, "Actual Rows": 58554, "Actual Loops": 1, "Inner Unique": true, "Hash Cond": "((lineitem.l_suppkey = supplier.s_suppkey) AND (n1.n_nationkey = supplier.s_nationkey))", "Plans": [{"Node Type": "Nested Loop", "Parent Relationship": "Outer", "Join Type": "Inner", "Startup Cost": 1030.37, "Total Cost": 642753.24, "Plan Rows": 740786, "Plan Width": 88, "Actual Startup Time": 18.132, "Actual Total Time": 18971.637, "Actual Rows": 1459150, "Actual Loops": 1, "Inner Unique": false, "Plans": [{"Node Type": "Nested Loop", "Parent Relationship": "Outer", "Join Type": "Inner", "Startup Cost": 1030.37, "Total Cost": 166015.61, "Plan Rows": 504972, "Plan Width": 64, "Actual Startup Time": 18.049, "Actual Total Time": 3932.099, "Actual Rows": 1200363, "Actual Loops": 1, "Inner Unique": false, "Plans": [{"Node Type": "Nested Loop", "Parent Relationship": "Outer", "Join Type": "Inner", "Startup Cost": 1030.37, "Total Cost": 14893.09, "Plan Rows": 119904, "Plan Width": 64, "Actual Startup Time": 18.018, "Actual Total Time": 279.492, "Actual Rows": 119972, "Actual Loops": 1, "Inner Unique": false, "Plans": [{"Node Type": "Nested Loop", "Parent Relationship": "Outer", "Join Type": "Inner", "Startup Cost": 0.0, "Total Cost": 28.12, "Plan Rows": 2, "Plan Width": 60, "Actual Startup Time": 0.056, "Actual Total Time": 0.32, "Actual Rows": 2, "Actual Loops": 1, "Inner Unique": false, "Join Filter": "(((n1.n_name = 'JAPAN'::bpchar) AND (n2.n_name = 'INDIA'::bpchar)) OR ((n1.n_name = 'INDIA'::bpchar) AND (n2.n_name = 'JAPAN'::bpchar)))", "Rows Removed by Join Filter": 2, "Plans": [{"Node Type": "Index Scan", "Parent Relationship": "Outer", "Scan Direction": "Forward", "Index Name": "nation_pkey", "Relation Name": "nation", "Alias": "n1", "Startup Cost": 0.0, "Total Cost": 12.75, "Plan Rows": 25, "Plan Width": 30, "Actual Startup Time": 0.023, "Actual Total Time": 0.058, "Actual Rows": 2, "Actual Loops": 1, "Filter": "((n_name = 'JAPAN'::bpchar) OR (n_name = 'INDIA'::bpchar))", "Rows Removed by Filter": 23}, {"Node Type": "Materialize", "Parent Relationship": "Inner", "Startup Cost": 0.0, "Total Cost": 1.38, "Plan Rows": 25, "Plan Width": 30, "Actual Startup Time": 0.025, "Actual Total Time": 0.206, "Actual Rows": 4, "Actual Loops": 2, "Plans": [{"Node Type": "Seq Scan", "Parent Relationship": "Outer", "Relation Name": "nation", "Alias": "n2", "Startup Cost": 0.0, "Total Cost": 1.25, "Plan Rows": 25, "Plan Width": 30, "Actual Startup Time": 0.016, "Actual Total Time": 0.032, "Actual Rows": 2, "Actual Loops": 1, "Filter": "((n_name = 'INDIA'::bpchar) OR (n_name = 'JAPAN'::bpchar))", "Rows Removed by Filter": 23}]}]}, {"Node Type": "Bitmap Heap Scan", "Parent Relationship": "Inner", "Relation Name": "customer", "Alias": "customer", "Startup Cost": 1030.37, "Total Cost": 6832.48, "Plan Rows": 60000, "Plan Width": 12, "Actual Startup Time": 36.173, "Actual Total Time": 249.567, "Actual Rows": 119972, "Actual Loops": 2, "Recheck Cond": "(c_nationkey = n2.n_nationkey)", "Rows Removed by Index Recheck": 0, "Exact Heap Blocks": 59938, "Lossy Heap Blocks": 59938, "Plans": [{"Node Type": "Bitmap Index Scan", "Parent Relationship": "Outer", "Index Name": "idx_customer_nationkey", "Startup Cost": 0.0, "Total Cost": 1015.37, "Plan Rows": 60000, "Plan Width": 0, "Actual Startup Time": 22.983, "Actual Total Time": 22.983, "Actual Rows": 119972, "Actual Loops": 2, "Index Cond": "(c_nationkey = n2.n_nationkey)"}]}]}, {"Node Type": "Index Scan", "Parent Relationship": "Inner", "Scan Direction": "Forward", "Index Name": "idx_orders_custkey", "Relation Name": "orders", "Alias": "orders", "Startup Cost": 0.0, "Total Cost": 1.22, "Plan Rows": 4, "Plan Width": 16, "Actual Startup Time": 724.391, "Actual Total Time": 3299.643, "Actual Rows": 1200363, "Actual Loops": 119972, "Index Cond": "(o_custkey = customer.c_custkey)", "Rows Removed by Index Recheck": 0}]}, {"Node Type": "Index Scan", "Parent Relationship": "Inner", "Scan Direction": "Forward", "Index Name": "idx_lineitem_orderkey", "Relation Name": "lineitem", "Alias": "lineitem", "Startup Cost": 0.0, "Total Cost": 0.91, "Plan Rows": 3, "Plan Width": 40, "Actual Startup Time": 12888.705, "Actual Total Time": 14075.474, "Actual Rows": 1459150, "Actual Loops": 1200363, "Index Cond": "(l_orderkey = orders.o_orderkey)", "Rows Removed by Index Recheck": 0, "Filter": "((l_shipdate >= '1995-01-01 00:00:00'::timestamp(0) without time zone) AND (l_shipdate <= '1996-12-31 00:00:00'::timestamp(0) without time zone))", "Rows Removed by Filter": 3342563}]}, {"Node Type": "Hash", "Parent Relationship": "Inner", "Startup Cost": 3283.0, "Total Cost": 3283.0, "Plan Rows": 100000, "Plan Width": 12, "Actual Startup Time": 71.106, "Actual Total Time": 71.106, "Actual Rows": 100000, "Actual Loops": 1, "Hash Buckets": 131072, "Hash Batches": 1, "Original Hash Batches": 1, "Peak Memory Usage": 4297, "Plans": [{"Node Type": "Seq Scan", "Parent Relationship": "Outer", "Relation Name": "supplier", "Alias": "supplier", "Startup Cost": 0.0, "Total Cost": 3283.0, "Plan Rows": 100000, "Plan Width": 12, "Actual Startup Time": 0.014, "Actual Total Time": 40.736, "Actual Rows": 100000, "Actual Loops": 1}]}]}]}]}, "Triggers": [], "Planner Runtime": 3, "Total Runtime": 19902.814, "Unique SQL Id": 2208782157}}, "(64, 97)": {"explain_plan": {"Plan": {"Node Type": "Sort", "Startup Cost": 655503.17, "Total Cost": 655512.39, "Plan Rows": 3688, "Plan Width": 84, "Sort Key": ["n1.n_name", "n2.n_name", "(date_part('year'::text, lineitem.l_shipdate))"], "Plans": [{"Node Type": "Aggregate", "Strategy": "Hashed", "Parent Relationship": "Outer", "Startup Cost": 655238.58, "Total Cost": 655284.68, "Plan Rows": 3688, "Plan Width": 84, "Group By Key": ["n1.n_name", "n2.n_name", "date_part('year'::text, lineitem.l_shipdate)"], "Plans": [{"Node Type": "Hash Join", "Parent Relationship": "Outer", "Join Type": "Inner", "Startup Cost": 7864.91, "Total Cost": 655183.26, "Plan Rows": 3688, "Plan Width": 76, "Inner Unique": true, "Hash Cond": "((lineitem.l_suppkey = supplier.s_suppkey) AND (n1.n_nationkey = supplier.s_nationkey))", "Plans": [{"Node Type": "Nested Loop", "Parent Relationship": "Outer", "Join Type": "Inner", "Startup Cost": 1030.37, "Total Cost": 642764.74, "Plan Rows": 740786, "Plan Width": 88, "Inner Unique": false, "Plans": [{"Node Type": "Nested Loop", "Parent Relationship": "Outer", "Join Type": "Inner", "Startup Cost": 1030.37, "Total Cost": 166027.11, "Plan Rows": 504972, "Plan Width": 64, "Inner Unique": false, "Plans": [{"Node Type": "Nested Loop", "Parent Relationship": "Outer", "Join Type": "Inner", "Startup Cost": 1030.37, "Total Cost": 14904.59, "Plan Rows": 119904, "Plan Width": 64, "Inner Unique": false, "Plans": [{"Node Type": "Nested Loop", "Parent Relationship": "Outer", "Join Type": "Inner", "Startup Cost": 0.0, "Total Cost": 39.62, "Plan Rows": 2, "Plan Width": 60, "Inner Unique": false, "Join Filter": "(((n1.n_name = 'JAPAN'::bpchar) AND (n2.n_name = 'INDIA'::bpchar)) OR ((n1.n_name = 'INDIA'::bpchar) AND (n2.n_name = 'JAPAN'::bpchar)))", "Plans": [{"Node Type": "Index Scan", "Parent Relationship": "Outer", "Scan Direction": "Forward", "Index Name": "nation_pkey", "Relation Name": "nation", "Alias": "n1", "Startup Cost": 0.0, "Total Cost": 12.75, "Plan Rows": 25, "Plan Width": 30, "Filter": "((n_name = 'JAPAN'::bpchar) OR (n_name = 'INDIA'::bpchar))"}, {"Node Type": "Materialize", "Parent Relationship": "Inner", "Startup Cost": 0.0, "Total Cost": 12.88, "Plan Rows": 25, "Plan Width": 30, "Plans": [{"Node Type": "Index Scan", "Parent Relationship": "Outer", "Scan Direction": "Forward", "Index Name": "nation_pkey", "Relation Name": "nation", "Alias": "n2", "Startup Cost": 0.0, "Total Cost": 12.75, "Plan Rows": 25, "Plan Width": 30, "Filter": "((n_name = 'INDIA'::bpchar) OR (n_name = 'JAPAN'::bpchar))"}]}]}, {"Node Type": "Bitmap Heap Scan", "Parent Relationship": "Inner", "Relation Name": "customer", "Alias": "customer", "Startup Cost": 1030.37, "Total Cost": 6832.48, "Plan Rows": 60000, "Plan Width": 12, "Recheck Cond": "(c_nationkey = n2.n_nationkey)", "Plans": [{"Node Type": "Bitmap Index Scan", "Parent Relationship": "Outer", "Index Name": "idx_customer_nationkey", "Startup Cost": 0.0, "Total Cost": 1015.37, "Plan Rows": 60000, "Plan Width": 0, "Index Cond": "(c_nationkey = n2.n_nationkey)"}]}]}, {"Node Type": "Index Scan", "Parent Relationship": "Inner", "Scan Direction": "Forward", "Index Name": "idx_orders_custkey", "Relation Name": "orders", "Alias": "orders", "Startup Cost": 0.0, "Total Cost": 1.22, "Plan Rows": 4, "Plan Width": 16, "Index Cond": "(o_custkey = customer.c_custkey)"}]}, {"Node Type": "Index Scan", "Parent Relationship": "Inner", "Scan Direction": "Forward", "Index Name": "idx_lineitem_orderkey", "Relation Name": "lineitem", "Alias": "lineitem", "Startup Cost": 0.0, "Total Cost": 0.91, "Plan Rows": 3, "Plan Width": 40, "Index Cond": "(l_orderkey = orders.o_orderkey)", "Filter": "((l_shipdate >= '1995-01-01 00:00:00'::timestamp(0) without time zone) AND (l_shipdate <= '1996-12-31 00:00:00'::timestamp(0) without time zone))"}]}, {"Node Type": "Hash", "Parent Relationship": "Inner", "Startup Cost": 5334.54, "Total Cost": 5334.54, "Plan Rows": 100000, "Plan Width": 12, "Plans": [{"Node Type": "Index Scan", "Parent Relationship": "Outer", "Scan Direction": "Forward", "Index Name": "supplier_pkey", "Relation Name": "supplier", "Alias": "supplier", "Startup Cost": 0.0, "Total Cost": 5334.54, "Plan Rows": 100000, "Plan Width": 12}]}]}]}]}, "Unique SQL Id": 2208782157, "Planner Runtime": 3}, "explain_analyze_plan": {"Plan": {"Node Type": "Sort", "Startup Cost": 655503.17, "Total Cost": 655512.39, "Plan Rows": 3688, "Plan Width": 84, "Actual Startup Time": 20265.933, "Actual Total Time": 20265.933, "Actual Rows": 4, "Actual Loops": 1, "Sort Key": ["n1.n_name", "n2.n_name", "(date_part('year'::text, lineitem.l_shipdate))"], "Sort Method": "quicksort", "Sort Space Used": 25, "Sort Space Type": "Memory", "Plans": [{"Node Type": "Aggregate", "Strategy": "Hashed", "Parent Relationship": "Outer", "Startup Cost": 655238.58, "Total Cost": 655284.68, "Plan Rows": 3688, "Plan Width": 84, "Actual Startup Time": 20265.889, "Actual Total Time": 20265.895, "Actual Rows": 4, "Actual Loops": 1, "Group By Key": ["n1.n_name", "n2.n_name", "date_part('year'::text, lineitem.l_shipdate)"], "Plans": [{"Node Type": "Hash Join", "Parent Relationship": "Outer", "Join Type": "Inner", "Startup Cost": 7864.91, "Total Cost": 655183.26, "Plan Rows": 3688, "Plan Width": 76, "Actual Startup Time": 130.678, "Actual Total Time": 20164.418, "Actual Rows": 58554, "Actual Loops": 1, "Inner Unique": true, "Hash Cond": "((lineitem.l_suppkey = supplier.s_suppkey) AND (n1.n_nationkey = supplier.s_nationkey))", "Plans": [{"Node Type": "Nested Loop", "Parent Relationship": "Outer", "Join Type": "Inner", "Startup Cost": 1030.37, "Total Cost": 642764.74, "Plan Rows": 740786, "Plan Width": 88, "Actual Startup Time": 18.121, "Actual Total Time": 19351.546, "Actual Rows": 1459150, "Actual Loops": 1, "Inner Unique": false, "Plans": [{"Node Type": "Nested Loop", "Parent Relationship": "Outer", "Join Type": "Inner", "Startup Cost": 1030.37, "Total Cost": 166027.11, "Plan Rows": 504972, "Plan Width": 64, "Actual Startup Time": 18.033, "Actual Total Time": 4154.387, "Actual Rows": 1200363, "Actual Loops": 1, "Inner Unique": false, "Plans": [{"Node Type": "Nested Loop", "Parent Relationship": "Outer", "Join Type": "Inner", "Startup Cost": 1030.37, "Total Cost": 14904.59, "Plan Rows": 119904, "Plan Width": 64, "Actual Startup Time": 18.001, "Actual Total Time": 287.281, "Actual Rows": 119972, "Actual Loops": 1, "Inner Unique": false, "Plans": [{"Node Type": "Nested Loop", "Parent Relationship": "Outer", "Join Type": "Inner", "Startup Cost": 0.0, "Total Cost": 39.62, "Plan Rows": 2, "Plan Width": 60, "Actual Startup Time": 0.051, "Actual Total Time": 0.158, "Actual Rows": 2, "Actual Loops": 1, "Inner Unique": false, "Join Filter": "(((n1.n_name = 'JAPAN'::bpchar) AND (n2.n_name = 'INDIA'::bpchar)) OR ((n1.n_name = 'INDIA'::bpchar) AND (n2.n_name = 'JAPAN'::bpchar)))", "Rows Removed by Join Filter": 2, "Plans": [{"Node Type": "Index Scan", "Parent Relationship": "Outer", "Scan Direction": "Forward", "Index Name": "nation_pkey", "Relation Name": "nation", "Alias": "n1", "Startup Cost": 0.0, "Total Cost": 12.75, "Plan Rows": 25, "Plan Width": 30, "Actual Startup Time": 0.023, "Actual Total Time": 0.045, "Actual Rows": 2, "Actual Loops": 1, "Filter": "((n_name = 'JAPAN'::bpchar) OR (n_name = 'INDIA'::bpchar))", "Rows Removed by Filter": 23}, {"Node Type": "Materialize", "Parent Relationship": "Inner", "Startup Cost": 0.0, "Total Cost": 12.88, "Plan Rows": 25, "Plan Width": 30, "Actual Startup Time": 0.019, "Actual Total Time": 0.056, "Actual Rows": 4, "Actual Loops": 2, "Plans": [{"Node Type": "Index Scan", "Parent Relationship": "Outer", "Scan Direction": "Forward", "Index Name": "nation_pkey", "Relation Name": "nation", "Alias": "n2", "Startup Cost": 0.0, "Total Cost": 12.75, "Plan Rows": 25, "Plan Width": 30, "Actual Startup Time": 0.01, "Actual Total Time": 0.036, "Actual Rows": 2, "Actual Loops": 1, "Filter": "((n_name = 'INDIA'::bpchar) OR (n_name = 'JAPAN'::bpchar))", "Rows Removed by Filter": 23}]}]}, {"Node Type": "Bitmap Heap Scan", "Parent Relationship": "Inner", "Relation Name": "customer", "Alias": "customer", "Startup Cost": 1030.37, "Total Cost": 6832.48, "Plan Rows": 60000, "Plan Width": 12, "Actual Startup Time": 35.918, "Actual Total Time": 258.886, "Actual Rows": 119972, "Actual Loops": 2, "Recheck Cond": "(c_nationkey = n2.n_nationkey)", "Rows Removed by Index Recheck": 0, "Exact Heap Blocks": 59938, "Lossy Heap Blocks": 59938, "Plans": [{"Node Type": "Bitmap Index Scan", "Parent Relationship": "Outer", "Index Name": "idx_customer_nationkey", "Startup Cost": 0.0, "Total Cost": 1015.37, "Plan Rows": 60000, "Plan Width": 0, "Actual Startup Time": 22.743, "Actual Total Time": 22.743, "Actual Rows": 119972, "Actual Loops": 2, "Index Cond": "(c_nationkey = n2.n_nationkey)"}]}]}, {"Node Type": "Index Scan", "Parent Relationship": "Inner", "Scan Direction": "Forward", "Index Name": "idx_orders_custkey", "Relation Name": "orders", "Alias": "orders", "Startup Cost": 0.0, "Total Cost": 1.22, "Plan Rows": 4, "Plan Width": 16, "Actual Startup Time": 757.084, "Actual Total Time": 3520.551, "Actual Rows": 1200363, "Actual Loops": 119972, "Index Cond": "(o_custkey = customer.c_custkey)", "Rows Removed by Index Recheck": 0}]}, {"Node Type": "Index Scan", "Parent Relationship": "Inner", "Scan Direction": "Forward", "Index Name": "idx_lineitem_orderkey", "Relation Name": "lineitem", "Alias": "lineitem", "Startup Cost": 0.0, "Total Cost": 0.91, "Plan Rows": 3, "Plan Width": 40, "Actual Startup Time": 13074.494, "Actual Total Time": 14226.286, "Actual Rows": 1459150, "Actual Loops": 1200363, "Index Cond": "(l_orderkey = orders.o_orderkey)", "Rows Removed by Index Recheck": 0, "Filter": "((l_shipdate >= '1995-01-01 00:00:00'::timestamp(0) without time zone) AND (l_shipdate <= '1996-12-31 00:00:00'::timestamp(0) without time zone))", "Rows Removed by Filter": 3342563}]}, {"Node Type": "Hash", "Parent Relationship": "Inner", "Startup Cost": 5334.54, "Total Cost": 5334.54, "Plan Rows": 100000, "Plan Width": 12, "Actual Startup Time": 112.295, "Actual Total Time": 112.295, "Actual Rows": 100000, "Actual Loops": 1, "Hash Buckets": 131072, "Hash Batches": 1, "Original Hash Batches": 1, "Peak Memory Usage": 4297, "Plans": [{"Node Type": "Index Scan", "Parent Relationship": "Outer", "Scan Direction": "Forward", "Index Name": "supplier_pkey", "Relation Name": "supplier", "Alias": "supplier", "Startup Cost": 0.0, "Total Cost": 5334.54, "Plan Rows": 100000, "Plan Width": 12, "Actual Startup Time": 0.021, "Actual Total Time": 79.988, "Actual Rows": 100000, "Actual Loops": 1}]}]}]}]}, "Triggers": [], "Planner Runtime": 3, "Total Runtime": 20266.249, "Unique SQL Id": 2208782157}}, "(64, 98)": {"explain_plan": {"Plan": {"Node Type": "Sort", "Startup Cost": 2821200.81, "Total Cost": 2821210.03, "Plan Rows": 3688, "Plan Width": 84, "Sort Key": ["n1.n_name", "n2.n_name", "(date_part('year'::text, lineitem.l_shipdate))"], "Plans": [{"Node Type": "Aggregate", "Strategy": "Hashed", "Parent Relationship": "Outer", "Startup Cost": 2820936.22, "Total Cost": 2820982.32, "Plan Rows": 3688, "Plan Width": 84, "Group By Key": ["n1.n_name", "n2.n_name", "date_part('year'::text, lineitem.l_shipdate)"], "Plans": [{"Node Type": "Hash Join", "Parent Relationship": "Outer", "Join Type": "Inner", "Startup Cost": 21163.77, "Total Cost": 2820880.9, "Plan Rows": 3688, "Plan Width": 76, "Inner Unique": true, "Hash Cond": "((lineitem.l_suppkey = supplier.s_suppkey) AND (n1.n_nationkey = supplier.s_nationkey))", "Plans": [{"Node Type": "Nested Loop", "Parent Relationship": "Outer", "Join Type": "Inner", "Startup Cost": 16380.77, "Total Cost": 2810513.92, "Plan Rows": 740786, "Plan Width": 88, "Inner Unique": false, "Plans": [{"Node Type": "Hash Join", "Parent Relationship": "Outer", "Join Type": "Inner", "Startup Cost": 16380.39, "Total Cost": 504091.94, "Plan Rows": 504972, "Plan Width": 64, "Inner Unique": false, "Hash Cond": "(orders.o_custkey = customer.c_custkey), (LLVM Optimized)", "Plans": [{"Node Type": "Seq Scan", "Parent Relationship": "Outer", "Relation Name": "orders", "Alias": "orders", "Startup Cost": 0.0, "Total Cost": 426413.79, "Plan Rows": 14999479, "Plan Width": 16}, {"Node Type": "Hash", "Parent Relationship": "Inner", "Startup Cost": 14881.59, "Total Cost": 14881.59, "Plan Rows": 119904, "Plan Width": 64, "Plans": [{"Node Type": "Nested Loop", "Parent Relationship": "Outer", "Join Type": "Inner", "Startup Cost": 1030.37, "Total Cost": 14881.59, "Plan Rows": 119904, "Plan Width": 64, "Inner Unique": false, "Plans": [{"Node Type": "Nested Loop", "Parent Relationship": "Outer", "Join Type": "Inner", "Startup Cost": 0.0, "Total Cost": 16.62, "Plan Rows": 2, "Plan Width": 60, "Inner Unique": false, "Join Filter": "(((n1.n_name = 'JAPAN'::bpchar) AND (n2.n_name = 'INDIA'::bpchar)) OR ((n1.n_name = 'INDIA'::bpchar) AND (n2.n_name = 'JAPAN'::bpchar)))", "Plans": [{"Node Type": "Seq Scan", "Parent Relationship": "Outer", "Relation Name": "nation", "Alias": "n1", "Startup Cost": 0.0, "Total Cost": 1.25, "Plan Rows": 25, "Plan Width": 30, "Filter": "((n_name = 'JAPAN'::bpchar) OR (n_name = 'INDIA'::bpchar))"}, {"Node Type": "Materialize", "Parent Relationship": "Inner", "Startup Cost": 0.0, "Total Cost": 1.38, "Plan Rows": 25, "Plan Width": 30, "Plans": [{"Node Type": "Seq Scan", "Parent Relationship": "Outer", "Relation Name": "nation", "Alias": "n2", "Startup Cost": 0.0, "Total Cost": 1.25, "Plan Rows": 25, "Plan Width": 30, "Filter": "((n_name = 'INDIA'::bpchar) OR (n_name = 'JAPAN'::bpchar))"}]}]}, {"Node Type": "Bitmap Heap Scan", "Parent Relationship": "Inner", "Relation Name": "customer", "Alias": "customer", "Startup Cost": 1030.37, "Total Cost": 6832.48, "Plan Rows": 60000, "Plan Width": 12, "Recheck Cond": "(c_nationkey = n2.n_nationkey)", "Plans": [{"Node Type": "Bitmap Index Scan", "Parent Relationship": "Outer", "Index Name": "idx_customer_nationkey", "Startup Cost": 0.0, "Total Cost": 1015.37, "Plan Rows": 60000, "Plan Width": 0, "Index Cond": "(c_nationkey = n2.n_nationkey)"}]}]}]}]}, {"Node Type": "Bitmap Heap Scan", "Parent Relationship": "Inner", "Relation Name": "lineitem", "Alias": "lineitem", "Startup Cost": 0.38, "Total Cost": 4.54, "Plan Rows": 3, "Plan Width": 40, "Recheck Cond": "(l_orderkey = orders.o_orderkey)", "Filter": "((l_shipdate >= '1995-01-01 00:00:00'::timestamp(0) without time zone) AND (l_shipdate <= '1996-12-31 00:00:00'::timestamp(0) without time zone))", "Plans": [{"Node Type": "Bitmap Index Scan", "Parent Relationship": "Outer", "Index Name": "idx_lineitem_orderkey", "Startup Cost": 0.0, "Total Cost": 0.38, "Plan Rows": 9, "Plan Width": 0, "Index Cond": "(l_orderkey = orders.o_orderkey)"}]}]}, {"Node Type": "Hash", "Parent Relationship": "Inner", "Startup Cost": 3283.0, "Total Cost": 3283.0, "Plan Rows": 100000, "Plan Width": 12, "Plans": [{"Node Type": "Seq Scan", "Parent Relationship": "Outer", "Relation Name": "supplier", "Alias": "supplier", "Startup Cost": 0.0, "Total Cost": 3283.0, "Plan Rows": 100000, "Plan Width": 12}]}]}]}]}, "Unique SQL Id": 2208782157, "Planner Runtime": 3}, "explain_analyze_plan": {"Plan": {"Node Type": "Sort", "Startup Cost": 2821200.81, "Total Cost": 2821210.03, "Plan Rows": 3688, "Plan Width": 84, "Actual Startup Time": 23175.664, "Actual Total Time": 23175.664, "Actual Rows": 4, "Actual Loops": 1, "Sort Key": ["n1.n_name", "n2.n_name", "(date_part('year'::text, lineitem.l_shipdate))"], "Sort Method": "quicksort", "Sort Space Used": 25, "Sort Space Type": "Memory", "Plans": [{"Node Type": "Aggregate", "Strategy": "Hashed", "Parent Relationship": "Outer", "Startup Cost": 2820936.22, "Total Cost": 2820982.32, "Plan Rows": 3688, "Plan Width": 84, "Actual Startup Time": 23175.566, "Actual Total Time": 23175.57, "Actual Rows": 4, "Actual Loops": 1, "Group By Key": ["n1.n_name", "n2.n_name", "date_part('year'::text, lineitem.l_shipdate)"], "Plans": [{"Node Type": "Hash Join", "Parent Relationship": "Outer", "Join Type": "Inner", "Startup Cost": 21163.77, "Total Cost": 2820880.9, "Plan Rows": 3688, "Plan Width": 76, "Actual Startup Time": 395.766, "Actual Total Time": 23069.164, "Actual Rows": 58554, "Actual Loops": 1, "Inner Unique": true, "Hash Cond": "((lineitem.l_suppkey = supplier.s_suppkey) AND (n1.n_nationkey = supplier.s_nationkey))", "Plans": [{"Node Type": "Nested Loop", "Parent Relationship": "Outer", "Join Type": "Inner", "Startup Cost": 16380.77, "Total Cost": 2810513.92, "Plan Rows": 740786, "Plan Width": 88, "Actual Startup Time": 324.273, "Actual Total Time": 22339.874, "Actual Rows": 1459150, "Actual Loops": 1, "Inner Unique": false, "Plans": [{"Node Type": "Hash Join", "Parent Relationship": "Outer", "Join Type": "Inner", "Startup Cost": 16380.39, "Total Cost": 504091.94, "Plan Rows": 504972, "Plan Width": 64, "Actual Startup Time": 324.196, "Actual Total Time": 9507.906, "Actual Rows": 1200363, "Actual Loops": 1, "Inner Unique": false, "Hash Cond": "(orders.o_custkey = customer.c_custkey), (LLVM Optimized, Jit Execute)", "Plans": [{"Node Type": "Seq Scan", "Parent Relationship": "Outer", "Relation Name": "orders", "Alias": "orders", "Startup Cost": 0.0, "Total Cost": 426413.79, "Plan Rows": 14999479, "Plan Width": 16, "Actual Startup Time": 0.021, "Actual Total Time": 4197.437, "Actual Rows": 15000000, "Actual Loops": 1}, {"Node Type": "Hash", "Parent Relationship": "Inner", "Startup Cost": 14881.59, "Total Cost": 14881.59, "Plan Rows": 119904, "Plan Width": 64, "Actual Startup Time": 324.037, "Actual Total Time": 324.037, "Actual Rows": 119972, "Actual Loops": 1, "Hash Buckets": 131072, "Hash Batches": 1, "Original Hash Batches": 1, "Peak Memory Usage": 11248, "Plans": [{"Node Type": "Nested Loop", "Parent Relationship": "Outer", "Join Type": "Inner", "Startup Cost": 1030.37, "Total Cost": 14881.59, "Plan Rows": 119904, "Plan Width": 64, "Actual Startup Time": 18.16, "Actual Total Time": 281.037, "Actual Rows": 119972, "Actual Loops": 1, "Inner Unique": false, "Plans": [{"Node Type": "Nested Loop", "Parent Relationship": "Outer", "Join Type": "Inner", "Startup Cost": 0.0, "Total Cost": 16.62, "Plan Rows": 2, "Plan Width": 60, "Actual Startup Time": 0.068, "Actual Total Time": 0.136, "Actual Rows": 2, "Actual Loops": 1, "Inner Unique": false, "Join Filter": "(((n1.n_name = 'JAPAN'::bpchar) AND (n2.n_name = 'INDIA'::bpchar)) OR ((n1.n_name = 'INDIA'::bpchar) AND (n2.n_name = 'JAPAN'::bpchar)))", "Rows Removed by Join Filter": 2, "Plans": [{"Node Type": "Seq Scan", "Parent Relationship": "Outer", "Relation Name": "nation", "Alias": "n1", "Startup Cost": 0.0, "Total Cost": 1.25, "Plan Rows": 25, "Plan Width": 30, "Actual Startup Time": 0.033, "Actual Total Time": 0.05, "Actual Rows": 2, "Actual Loops": 1, "Filter": "((n_name = 'JAPAN'::bpchar) OR (n_name = 'INDIA'::bpchar))", "Rows Removed by Filter": 23}, {"Node Type": "Materialize", "Parent Relationship": "Inner", "Startup Cost": 0.0, "Total Cost": 1.38, "Plan Rows": 25, "Plan Width": 30, "Actual Startup Time": 0.026, "Actual Total Time": 0.048, "Actual Rows": 4, "Actual Loops": 2, "Plans": [{"Node Type": "Seq Scan", "Parent Relationship": "Outer", "Relation Name": "nation", "Alias": "n2", "Startup Cost": 0.0, "Total Cost": 1.25, "Plan Rows": 25, "Plan Width": 30, "Actual Startup Time": 0.02, "Actual Total Time": 0.039, "Actual Rows": 2, "Actual Loops": 1, "Filter": "((n_name = 'INDIA'::bpchar) OR (n_name = 'JAPAN'::bpchar))", "Rows Removed by Filter": 23}]}]}, {"Node Type": "Bitmap Heap Scan", "Parent Relationship": "Inner", "Relation Name": "customer", "Alias": "customer", "Startup Cost": 1030.37, "Total Cost": 6832.48, "Plan Rows": 60000, "Plan Width": 12, "Actual Startup Time": 36.07, "Actual Total Time": 256.52, "Actual Rows": 119972, "Actual Loops": 2, "Recheck Cond": "(c_nationkey = n2.n_nationkey)", "Rows Removed by Index Recheck": 0, "Exact Heap Blocks": 59938, "Lossy Heap Blocks": 59938, "Plans": [{"Node Type": "Bitmap Index Scan", "Parent Relationship": "Outer", "Index Name": "idx_customer_nationkey", "Startup Cost": 0.0, "Total Cost": 1015.37, "Plan Rows": 60000, "Plan Width": 0, "Actual Startup Time": 22.953, "Actual Total Time": 22.953, "Actual Rows": 119972, "Actual Loops": 2, "Index Cond": "(c_nationkey = n2.n_nationkey)"}]}]}]}]}, {"Node Type": "Bitmap Heap Scan", "Parent Relationship": "Inner", "Relation Name": "lineitem", "Alias": "lineitem", "Startup Cost": 0.38, "Total Cost": 4.54, "Plan Rows": 3, "Plan Width": 40, "Actual Startup Time": 10487.362, "Actual Total Time": 11099.797, "Actual Rows": 1459150, "Actual Loops": 1200363, "Recheck Cond": "(l_orderkey = orders.o_orderkey)", "Rows Removed by Index Recheck": 0, "Filter": "((l_shipdate >= '1995-01-01 00:00:00'::timestamp(0) without time zone) AND (l_shipdate <= '1996-12-31 00:00:00'::timestamp(0) without time zone))", "Rows Removed by Filter": 3342563, "Exact Heap Blocks": 1285989, "Lossy Heap Blocks": 1285989, "Plans": [{"Node Type": "Bitmap Index Scan", "Parent Relationship": "Outer", "Index Name": "idx_lineitem_orderkey", "Startup Cost": 0.0, "Total Cost": 0.38, "Plan Rows": 9, "Plan Width": 0, "Actual Startup Time": 5016.967, "Actual Total Time": 5016.967, "Actual Rows": 4801713, "Actual Loops": 1200363, "Index Cond": "(l_orderkey = orders.o_orderkey)"}]}]}, {"Node Type": "Hash", "Parent Relationship": "Inner", "Startup Cost": 3283.0, "Total Cost": 3283.0, "Plan Rows": 100000, "Plan Width": 12, "Actual Startup Time": 71.13, "Actual Total Time": 71.13, "Actual Rows": 100000, "Actual Loops": 1, "Hash Buckets": 131072, "Hash Batches": 1, "Original Hash Batches": 1, "Peak Memory Usage": 4297, "Plans": [{"Node Type": "Seq Scan", "Parent Relationship": "Outer", "Relation Name": "supplier", "Alias": "supplier", "Startup Cost": 0.0, "Total Cost": 3283.0, "Plan Rows": 100000, "Plan Width": 12, "Actual Startup Time": 0.017, "Actual Total Time": 40.852, "Actual Rows": 100000, "Actual Loops": 1}]}]}]}]}, "Triggers": [], "Planner Runtime": 3, "Total Runtime": 23184.623, "Unique SQL Id": 2208782157}}, "(64, 99)": {"explain_plan": {"Plan": {"Node Type": "Sort", "Startup Cost": 99673674.43, "Total Cost": 99673683.65, "Plan Rows": 3688, "Plan Width": 84, "Sort Key": ["n1.n_name", "n2.n_name", "(date_part('year'::text, lineitem.l_shipdate))"], "Plans": [{"Node Type": "Aggregate", "Strategy": "Hashed", "Parent Relationship": "Outer", "Startup Cost": 99673409.84, "Total Cost": 99673455.94, "Plan Rows": 3688, "Plan Width": 84, "Group By Key": ["n1.n_name", "n2.n_name", "date_part('year'::text, lineitem.l_shipdate)"], "Plans": [{"Node Type": "Nested Loop", "Parent Relationship": "Outer", "Join Type": "Inner", "Startup Cost": 627986.71, "Total Cost": 99673354.52, "Plan Rows": 3688, "Plan Width": 76, "Inner Unique": true, "Join Filter": "(((n1.n_name = 'JAPAN'::bpchar) AND (n2.n_name = 'INDIA'::bpchar)) OR ((n1.n_name = 'INDIA'::bpchar) AND (n2.n_name = 'JAPAN'::bpchar)))", "Plans": [{"Node Type": "Nested Loop", "Parent Relationship": "Outer", "Join Type": "Inner", "Startup Cost": 627986.45, "Total Cost": 94724471.42, "Plan Rows": 1153515, "Plan Width": 54, "Inner Unique": true, "Plans": [{"Node Type": "Nested Loop", "Parent Relationship": "Outer", "Join Type": "Inner", "Startup Cost": 627986.2, "Total Cost": 89787046.56, "Plan Rows": 1153515, "Plan Width": 32, "Inner Unique": true, "Plans": [{"Node Type": "Nested Loop", "Parent Relationship": "Outer", "Join Type": "Inner", "Startup Cost": 627985.94, "Total Cost": 84848088.55, "Plan Rows": 1153515, "Plan Width": 36, "Inner Unique": true, "Plans": [{"Node Type": "Nested Loop", "Parent Relationship": "Outer", "Join Type": "Inner", "Startup Cost": 627985.67, "Total Cost": 79896146.0, "Plan Rows": 1153515, "Plan Width": 36, "Inner Unique": true, "Plans": [{"Node Type": "Bitmap Heap Scan", "Parent Relationship": "Outer", "Relation Name": "lineitem", "Alias": "lineitem", "Startup Cost": 627985.41, "Total Cost": 2315105.27, "Plan Rows": 18124991, "Plan Width": 40, "Recheck Cond": "((l_shipdate >= '1995-01-01 00:00:00'::timestamp(0) without time zone) AND (l_shipdate <= '1996-12-31 00:00:00'::timestamp(0) without time zone)), (LLVM Optimized)", "Plans": [{"Node Type": "Bitmap Index Scan", "Parent Relationship": "Outer", "Index Name": "idx_lineitem_shipdate", "Startup Cost": 0.0, "Total Cost": 623454.16, "Plan Rows": 18124991, "Plan Width": 0, "Index Cond": "((l_shipdate >= '1995-01-01 00:00:00'::timestamp(0) without time zone) AND (l_shipdate <= '1996-12-31 00:00:00'::timestamp(0) without time zone))"}]}, {"Node Type": "Bitmap Heap Scan", "Parent Relationship": "Inner", "Relation Name": "supplier", "Alias": "supplier", "Startup Cost": 0.26, "Total Cost": 4.27, "Plan Rows": 1, "Plan Width": 12, "Recheck Cond": "(s_suppkey = lineitem.l_suppkey)", "Plans": [{"Node Type": "Bitmap Index Scan", "Parent Relationship": "Outer", "Index Name": "supplier_pkey", "Startup Cost": 0.0, "Total Cost": 0.26, "Plan Rows": 1, "Plan Width": 0, "Index Cond": "(s_suppkey = lineitem.l_suppkey)"}]}]}, {"Node Type": "Bitmap Heap Scan", "Parent Relationship": "Inner", "Relation Name": "orders", "Alias": "orders", "Startup Cost": 0.27, "Total Cost": 4.28, "Plan Rows": 1, "Plan Width": 16, "Recheck Cond": "(o_orderkey = lineitem.l_orderkey)", "Plans": [{"Node Type": "Bitmap Index Scan", "Parent Relationship": "Outer", "Index Name": "orders_pkey", "Startup Cost": 0.0, "Total Cost": 0.27, "Plan Rows": 1, "Plan Width": 0, "Index Cond": "(o_orderkey = lineitem.l_orderkey)"}]}]}, {"Node Type": "Bitmap Heap Scan", "Parent Relationship": "Inner", "Relation Name": "customer", "Alias": "customer", "Startup Cost": 0.26, "Total Cost": 4.27, "Plan Rows": 1, "Plan Width": 12, "Recheck Cond": "(c_custkey = orders.o_custkey)", "Plans": [{"Node Type": "Bitmap Index Scan", "Parent Relationship": "Outer", "Index Name": "customer_pkey", "Startup Cost": 0.0, "Total Cost": 0.26, "Plan Rows": 1, "Plan Width": 0, "Index Cond": "(c_custkey = orders.o_custkey)"}]}]}, {"Node Type": "Bitmap Heap Scan", "Parent Relationship": "Inner", "Relation Name": "nation", "Alias": "n1", "Startup Cost": 0.26, "Total Cost": 4.27, "Plan Rows": 1, "Plan Width": 30, "Recheck Cond": "(n_nationkey = supplier.s_nationkey)", "Filter": "((n_name = 'JAPAN'::bpchar) OR (n_name = 'INDIA'::bpchar))", "Plans": [{"Node Type": "Bitmap Index Scan", "Parent Relationship": "Outer", "Index Name": "nation_pkey", "Startup Cost": 0.0, "Total Cost": 0.26, "Plan Rows": 1, "Plan Width": 0, "Index Cond": "(n_nationkey = supplier.s_nationkey)"}]}]}, {"Node Type": "Bitmap Heap Scan", "Parent Relationship": "Inner", "Relation Name": "nation", "Alias": "n2", "Startup Cost": 0.26, "Total Cost": 4.27, "Plan Rows": 1, "Plan Width": 30, "Recheck Cond": "(n_nationkey = customer.c_nationkey)", "Filter": "((n_name = 'INDIA'::bpchar) OR (n_name = 'JAPAN'::bpchar))", "Plans": [{"Node Type": "Bitmap Index Scan", "Parent Relationship": "Outer", "Index Name": "nation_pkey", "Startup Cost": 0.0, "Total Cost": 0.26, "Plan Rows": 1, "Plan Width": 0, "Index Cond": "(n_nationkey = customer.c_nationkey)"}]}]}]}]}, "Unique SQL Id": 2208782157, "Planner Runtime": 2}, "explain_analyze_plan": null}, "(64, 100)": {"explain_plan": {"Plan": {"Node Type": "Sort", "Startup Cost": 653440.12, "Total Cost": 653449.34, "Plan Rows": 3688, "Plan Width": 84, "Sort Key": ["n1.n_name", "n2.n_name", "(date_part('year'::text, lineitem.l_shipdate))"], "Plans": [{"Node Type": "Aggregate", "Strategy": "Hashed", "Parent Relationship": "Outer", "Startup Cost": 653175.54, "Total Cost": 653221.64, "Plan Rows": 3688, "Plan Width": 84, "Group By Key": ["n1.n_name", "n2.n_name", "date_part('year'::text, lineitem.l_shipdate)"], "Plans": [{"Node Type": "Hash Join", "Parent Relationship": "Outer", "Join Type": "Inner", "Startup Cost": 5813.37, "Total Cost": 653120.22, "Plan Rows": 3688, "Plan Width": 76, "Inner Unique": true, "Hash Cond": "((lineitem.l_suppkey = supplier.s_suppkey) AND (n1.n_nationkey = supplier.s_nationkey))", "Plans": [{"Node Type": "Nested Loop", "Parent Relationship": "Outer", "Join Type": "Inner", "Startup Cost": 1030.37, "Total Cost": 642753.24, "Plan Rows": 740786, "Plan Width": 88, "Inner Unique": false, "Plans": [{"Node Type": "Nested Loop", "Parent Relationship": "Outer", "Join Type": "Inner", "Startup Cost": 1030.37, "Total Cost": 166015.61, "Plan Rows": 504972, "Plan Width": 64, "Inner Unique": false, "Plans": [{"Node Type": "Nested Loop", "Parent Relationship": "Outer", "Join Type": "Inner", "Startup Cost": 1030.37, "Total Cost": 14893.09, "Plan Rows": 119904, "Plan Width": 64, "Inner Unique": false, "Plans": [{"Node Type": "Nested Loop", "Parent Relationship": "Outer", "Join Type": "Inner", "Startup Cost": 0.0, "Total Cost": 28.12, "Plan Rows": 2, "Plan Width": 60, "Inner Unique": false, "Join Filter": "(((n1.n_name = 'JAPAN'::bpchar) AND (n2.n_name = 'INDIA'::bpchar)) OR ((n1.n_name = 'INDIA'::bpchar) AND (n2.n_name = 'JAPAN'::bpchar)))", "Plans": [{"Node Type": "Index Scan", "Parent Relationship": "Outer", "Scan Direction": "Forward", "Index Name": "nation_pkey", "Relation Name": "nation", "Alias": "n1", "Startup Cost": 0.0, "Total Cost": 12.75, "Plan Rows": 25, "Plan Width": 30, "Filter": "((n_name = 'JAPAN'::bpchar) OR (n_name = 'INDIA'::bpchar))"}, {"Node Type": "Materialize", "Parent Relationship": "Inner", "Startup Cost": 0.0, "Total Cost": 1.38, "Plan Rows": 25, "Plan Width": 30, "Plans": [{"Node Type": "Seq Scan", "Parent Relationship": "Outer", "Relation Name": "nation", "Alias": "n2", "Startup Cost": 0.0, "Total Cost": 1.25, "Plan Rows": 25, "Plan Width": 30, "Filter": "((n_name = 'INDIA'::bpchar) OR (n_name = 'JAPAN'::bpchar))"}]}]}, {"Node Type": "Bitmap Heap Scan", "Parent Relationship": "Inner", "Relation Name": "customer", "Alias": "customer", "Startup Cost": 1030.37, "Total Cost": 6832.48, "Plan Rows": 60000, "Plan Width": 12, "Recheck Cond": "(c_nationkey = n2.n_nationkey)", "Plans": [{"Node Type": "Bitmap Index Scan", "Parent Relationship": "Outer", "Index Name": "idx_customer_nationkey", "Startup Cost": 0.0, "Total Cost": 1015.37, "Plan Rows": 60000, "Plan Width": 0, "Index Cond": "(c_nationkey = n2.n_nationkey)"}]}]}, {"Node Type": "Index Scan", "Parent Relationship": "Inner", "Scan Direction": "Forward", "Index Name": "idx_orders_custkey", "Relation Name": "orders", "Alias": "orders", "Startup Cost": 0.0, "Total Cost": 1.22, "Plan Rows": 4, "Plan Width": 16, "Index Cond": "(o_custkey = customer.c_custkey)"}]}, {"Node Type": "Index Scan", "Parent Relationship": "Inner", "Scan Direction": "Forward", "Index Name": "idx_lineitem_orderkey", "Relation Name": "lineitem", "Alias": "lineitem", "Startup Cost": 0.0, "Total Cost": 0.91, "Plan Rows": 3, "Plan Width": 40, "Index Cond": "(l_orderkey = orders.o_orderkey)", "Filter": "((l_shipdate >= '1995-01-01 00:00:00'::timestamp(0) without time zone) AND (l_shipdate <= '1996-12-31 00:00:00'::timestamp(0) without time zone))"}]}, {"Node Type": "Hash", "Parent Relationship": "Inner", "Startup Cost": 3283.0, "Total Cost": 3283.0, "Plan Rows": 100000, "Plan Width": 12, "Plans": [{"Node Type": "Seq Scan", "Parent Relationship": "Outer", "Relation Name": "supplier", "Alias": "supplier", "Startup Cost": 0.0, "Total Cost": 3283.0, "Plan Rows": 100000, "Plan Width": 12}]}]}]}]}, "Unique SQL Id": 2208782157, "Planner Runtime": 3}, "explain_analyze_plan": {"Plan": {"Node Type": "Sort", "Startup Cost": 653440.12, "Total Cost": 653449.34, "Plan Rows": 3688, "Plan Width": 84, "Actual Startup Time": 19902.508, "Actual Total Time": 19902.509, "Actual Rows": 4, "Actual Loops": 1, "Sort Key": ["n1.n_name", "n2.n_name", "(date_part('year'::text, lineitem.l_shipdate))"], "Sort Method": "quicksort", "Sort Space Used": 25, "Sort Space Type": "Memory", "Plans": [{"Node Type": "Aggregate", "Strategy": "Hashed", "Parent Relationship": "Outer", "Startup Cost": 653175.54, "Total Cost": 653221.64, "Plan Rows": 3688, "Plan Width": 84, "Actual Startup Time": 19902.464, "Actual Total Time": 19902.469, "Actual Rows": 4, "Actual Loops": 1, "Group By Key": ["n1.n_name", "n2.n_name", "date_part('year'::text, lineitem.l_shipdate)"], "Plans": [{"Node Type": "Hash Join", "Parent Relationship": "Outer", "Join Type": "Inner", "Startup Cost": 5813.37, "Total Cost": 653120.22, "Plan Rows": 3688, "Plan Width": 76, "Actual Startup Time": 89.509, "Actual Total Time": 19798.021, "Actual Rows": 58554, "Actual Loops": 1, "Inner Unique": true, "Hash Cond": "((lineitem.l_suppkey = supplier.s_suppkey) AND (n1.n_nationkey = supplier.s_nationkey))", "Plans": [{"Node Type": "Nested Loop", "Parent Relationship": "Outer", "Join Type": "Inner", "Startup Cost": 1030.37, "Total Cost": 642753.24, "Plan Rows": 740786, "Plan Width": 88, "Actual Startup Time": 18.132, "Actual Total Time": 18971.637, "Actual Rows": 1459150, "Actual Loops": 1, "Inner Unique": false, "Plans": [{"Node Type": "Nested Loop", "Parent Relationship": "Outer", "Join Type": "Inner", "Startup Cost": 1030.37, "Total Cost": 166015.61, "Plan Rows": 504972, "Plan Width": 64, "Actual Startup Time": 18.049, "Actual Total Time": 3932.099, "Actual Rows": 1200363, "Actual Loops": 1, "Inner Unique": false, "Plans": [{"Node Type": "Nested Loop", "Parent Relationship": "Outer", "Join Type": "Inner", "Startup Cost": 1030.37, "Total Cost": 14893.09, "Plan Rows": 119904, "Plan Width": 64, "Actual Startup Time": 18.018, "Actual Total Time": 279.492, "Actual Rows": 119972, "Actual Loops": 1, "Inner Unique": false, "Plans": [{"Node Type": "Nested Loop", "Parent Relationship": "Outer", "Join Type": "Inner", "Startup Cost": 0.0, "Total Cost": 28.12, "Plan Rows": 2, "Plan Width": 60, "Actual Startup Time": 0.056, "Actual Total Time": 0.32, "Actual Rows": 2, "Actual Loops": 1, "Inner Unique": false, "Join Filter": "(((n1.n_name = 'JAPAN'::bpchar) AND (n2.n_name = 'INDIA'::bpchar)) OR ((n1.n_name = 'INDIA'::bpchar) AND (n2.n_name = 'JAPAN'::bpchar)))", "Rows Removed by Join Filter": 2, "Plans": [{"Node Type": "Index Scan", "Parent Relationship": "Outer", "Scan Direction": "Forward", "Index Name": "nation_pkey", "Relation Name": "nation", "Alias": "n1", "Startup Cost": 0.0, "Total Cost": 12.75, "Plan Rows": 25, "Plan Width": 30, "Actual Startup Time": 0.023, "Actual Total Time": 0.058, "Actual Rows": 2, "Actual Loops": 1, "Filter": "((n_name = 'JAPAN'::bpchar) OR (n_name = 'INDIA'::bpchar))", "Rows Removed by Filter": 23}, {"Node Type": "Materialize", "Parent Relationship": "Inner", "Startup Cost": 0.0, "Total Cost": 1.38, "Plan Rows": 25, "Plan Width": 30, "Actual Startup Time": 0.025, "Actual Total Time": 0.206, "Actual Rows": 4, "Actual Loops": 2, "Plans": [{"Node Type": "Seq Scan", "Parent Relationship": "Outer", "Relation Name": "nation", "Alias": "n2", "Startup Cost": 0.0, "Total Cost": 1.25, "Plan Rows": 25, "Plan Width": 30, "Actual Startup Time": 0.016, "Actual Total Time": 0.032, "Actual Rows": 2, "Actual Loops": 1, "Filter": "((n_name = 'INDIA'::bpchar) OR (n_name = 'JAPAN'::bpchar))", "Rows Removed by Filter": 23}]}]}, {"Node Type": "Bitmap Heap Scan", "Parent Relationship": "Inner", "Relation Name": "customer", "Alias": "customer", "Startup Cost": 1030.37, "Total Cost": 6832.48, "Plan Rows": 60000, "Plan Width": 12, "Actual Startup Time": 36.173, "Actual Total Time": 249.567, "Actual Rows": 119972, "Actual Loops": 2, "Recheck Cond": "(c_nationkey = n2.n_nationkey)", "Rows Removed by Index Recheck": 0, "Exact Heap Blocks": 59938, "Lossy Heap Blocks": 59938, "Plans": [{"Node Type": "Bitmap Index Scan", "Parent Relationship": "Outer", "Index Name": "idx_customer_nationkey", "Startup Cost": 0.0, "Total Cost": 1015.37, "Plan Rows": 60000, "Plan Width": 0, "Actual Startup Time": 22.983, "Actual Total Time": 22.983, "Actual Rows": 119972, "Actual Loops": 2, "Index Cond": "(c_nationkey = n2.n_nationkey)"}]}]}, {"Node Type": "Index Scan", "Parent Relationship": "Inner", "Scan Direction": "Forward", "Index Name": "idx_orders_custkey", "Relation Name": "orders", "Alias": "orders", "Startup Cost": 0.0, "Total Cost": 1.22, "Plan Rows": 4, "Plan Width": 16, "Actual Startup Time": 724.391, "Actual Total Time": 3299.643, "Actual Rows": 1200363, "Actual Loops": 119972, "Index Cond": "(o_custkey = customer.c_custkey)", "Rows Removed by Index Recheck": 0}]}, {"Node Type": "Index Scan", "Parent Relationship": "Inner", "Scan Direction": "Forward", "Index Name": "idx_lineitem_orderkey", "Relation Name": "lineitem", "Alias": "lineitem", "Startup Cost": 0.0, "Total Cost": 0.91, "Plan Rows": 3, "Plan Width": 40, "Actual Startup Time": 12888.705, "Actual Total Time": 14075.474, "Actual Rows": 1459150, "Actual Loops": 1200363, "Index Cond": "(l_orderkey = orders.o_orderkey)", "Rows Removed by Index Recheck": 0, "Filter": "((l_shipdate >= '1995-01-01 00:00:00'::timestamp(0) without time zone) AND (l_shipdate <= '1996-12-31 00:00:00'::timestamp(0) without time zone))", "Rows Removed by Filter": 3342563}]}, {"Node Type": "Hash", "Parent Relationship": "Inner", "Startup Cost": 3283.0, "Total Cost": 3283.0, "Plan Rows": 100000, "Plan Width": 12, "Actual Startup Time": 71.106, "Actual Total Time": 71.106, "Actual Rows": 100000, "Actual Loops": 1, "Hash Buckets": 131072, "Hash Batches": 1, "Original Hash Batches": 1, "Peak Memory Usage": 4297, "Plans": [{"Node Type": "Seq Scan", "Parent Relationship": "Outer", "Relation Name": "supplier", "Alias": "supplier", "Startup Cost": 0.0, "Total Cost": 3283.0, "Plan Rows": 100000, "Plan Width": 12, "Actual Startup Time": 0.014, "Actual Total Time": 40.736, "Actual Rows": 100000, "Actual Loops": 1}]}]}]}]}, "Triggers": [], "Planner Runtime": 3, "Total Runtime": 19902.814, "Unique SQL Id": 2208782157}}, "(64, 101)": {"explain_plan": {"Plan": {"Node Type": "Sort", "Startup Cost": 655503.17, "Total Cost": 655512.39, "Plan Rows": 3688, "Plan Width": 84, "Sort Key": ["n1.n_name", "n2.n_name", "(date_part('year'::text, lineitem.l_shipdate))"], "Plans": [{"Node Type": "Aggregate", "Strategy": "Hashed", "Parent Relationship": "Outer", "Startup Cost": 655238.58, "Total Cost": 655284.68, "Plan Rows": 3688, "Plan Width": 84, "Group By Key": ["n1.n_name", "n2.n_name", "date_part('year'::text, lineitem.l_shipdate)"], "Plans": [{"Node Type": "Hash Join", "Parent Relationship": "Outer", "Join Type": "Inner", "Startup Cost": 7864.91, "Total Cost": 655183.26, "Plan Rows": 3688, "Plan Width": 76, "Inner Unique": true, "Hash Cond": "((lineitem.l_suppkey = supplier.s_suppkey) AND (n1.n_nationkey = supplier.s_nationkey))", "Plans": [{"Node Type": "Nested Loop", "Parent Relationship": "Outer", "Join Type": "Inner", "Startup Cost": 1030.37, "Total Cost": 642764.74, "Plan Rows": 740786, "Plan Width": 88, "Inner Unique": false, "Plans": [{"Node Type": "Nested Loop", "Parent Relationship": "Outer", "Join Type": "Inner", "Startup Cost": 1030.37, "Total Cost": 166027.11, "Plan Rows": 504972, "Plan Width": 64, "Inner Unique": false, "Plans": [{"Node Type": "Nested Loop", "Parent Relationship": "Outer", "Join Type": "Inner", "Startup Cost": 1030.37, "Total Cost": 14904.59, "Plan Rows": 119904, "Plan Width": 64, "Inner Unique": false, "Plans": [{"Node Type": "Nested Loop", "Parent Relationship": "Outer", "Join Type": "Inner", "Startup Cost": 0.0, "Total Cost": 39.62, "Plan Rows": 2, "Plan Width": 60, "Inner Unique": false, "Join Filter": "(((n1.n_name = 'JAPAN'::bpchar) AND (n2.n_name = 'INDIA'::bpchar)) OR ((n1.n_name = 'INDIA'::bpchar) AND (n2.n_name = 'JAPAN'::bpchar)))", "Plans": [{"Node Type": "Index Scan", "Parent Relationship": "Outer", "Scan Direction": "Forward", "Index Name": "nation_pkey", "Relation Name": "nation", "Alias": "n1", "Startup Cost": 0.0, "Total Cost": 12.75, "Plan Rows": 25, "Plan Width": 30, "Filter": "((n_name = 'JAPAN'::bpchar) OR (n_name = 'INDIA'::bpchar))"}, {"Node Type": "Materialize", "Parent Relationship": "Inner", "Startup Cost": 0.0, "Total Cost": 12.88, "Plan Rows": 25, "Plan Width": 30, "Plans": [{"Node Type": "Index Scan", "Parent Relationship": "Outer", "Scan Direction": "Forward", "Index Name": "nation_pkey", "Relation Name": "nation", "Alias": "n2", "Startup Cost": 0.0, "Total Cost": 12.75, "Plan Rows": 25, "Plan Width": 30, "Filter": "((n_name = 'INDIA'::bpchar) OR (n_name = 'JAPAN'::bpchar))"}]}]}, {"Node Type": "Bitmap Heap Scan", "Parent Relationship": "Inner", "Relation Name": "customer", "Alias": "customer", "Startup Cost": 1030.37, "Total Cost": 6832.48, "Plan Rows": 60000, "Plan Width": 12, "Recheck Cond": "(c_nationkey = n2.n_nationkey)", "Plans": [{"Node Type": "Bitmap Index Scan", "Parent Relationship": "Outer", "Index Name": "idx_customer_nationkey", "Startup Cost": 0.0, "Total Cost": 1015.37, "Plan Rows": 60000, "Plan Width": 0, "Index Cond": "(c_nationkey = n2.n_nationkey)"}]}]}, {"Node Type": "Index Scan", "Parent Relationship": "Inner", "Scan Direction": "Forward", "Index Name": "idx_orders_custkey", "Relation Name": "orders", "Alias": "orders", "Startup Cost": 0.0, "Total Cost": 1.22, "Plan Rows": 4, "Plan Width": 16, "Index Cond": "(o_custkey = customer.c_custkey)"}]}, {"Node Type": "Index Scan", "Parent Relationship": "Inner", "Scan Direction": "Forward", "Index Name": "idx_lineitem_orderkey", "Relation Name": "lineitem", "Alias": "lineitem", "Startup Cost": 0.0, "Total Cost": 0.91, "Plan Rows": 3, "Plan Width": 40, "Index Cond": "(l_orderkey = orders.o_orderkey)", "Filter": "((l_shipdate >= '1995-01-01 00:00:00'::timestamp(0) without time zone) AND (l_shipdate <= '1996-12-31 00:00:00'::timestamp(0) without time zone))"}]}, {"Node Type": "Hash", "Parent Relationship": "Inner", "Startup Cost": 5334.54, "Total Cost": 5334.54, "Plan Rows": 100000, "Plan Width": 12, "Plans": [{"Node Type": "Index Scan", "Parent Relationship": "Outer", "Scan Direction": "Forward", "Index Name": "supplier_pkey", "Relation Name": "supplier", "Alias": "supplier", "Startup Cost": 0.0, "Total Cost": 5334.54, "Plan Rows": 100000, "Plan Width": 12}]}]}]}]}, "Unique SQL Id": 2208782157, "Planner Runtime": 3}, "explain_analyze_plan": {"Plan": {"Node Type": "Sort", "Startup Cost": 655503.17, "Total Cost": 655512.39, "Plan Rows": 3688, "Plan Width": 84, "Actual Startup Time": 20265.933, "Actual Total Time": 20265.933, "Actual Rows": 4, "Actual Loops": 1, "Sort Key": ["n1.n_name", "n2.n_name", "(date_part('year'::text, lineitem.l_shipdate))"], "Sort Method": "quicksort", "Sort Space Used": 25, "Sort Space Type": "Memory", "Plans": [{"Node Type": "Aggregate", "Strategy": "Hashed", "Parent Relationship": "Outer", "Startup Cost": 655238.58, "Total Cost": 655284.68, "Plan Rows": 3688, "Plan Width": 84, "Actual Startup Time": 20265.889, "Actual Total Time": 20265.895, "Actual Rows": 4, "Actual Loops": 1, "Group By Key": ["n1.n_name", "n2.n_name", "date_part('year'::text, lineitem.l_shipdate)"], "Plans": [{"Node Type": "Hash Join", "Parent Relationship": "Outer", "Join Type": "Inner", "Startup Cost": 7864.91, "Total Cost": 655183.26, "Plan Rows": 3688, "Plan Width": 76, "Actual Startup Time": 130.678, "Actual Total Time": 20164.418, "Actual Rows": 58554, "Actual Loops": 1, "Inner Unique": true, "Hash Cond": "((lineitem.l_suppkey = supplier.s_suppkey) AND (n1.n_nationkey = supplier.s_nationkey))", "Plans": [{"Node Type": "Nested Loop", "Parent Relationship": "Outer", "Join Type": "Inner", "Startup Cost": 1030.37, "Total Cost": 642764.74, "Plan Rows": 740786, "Plan Width": 88, "Actual Startup Time": 18.121, "Actual Total Time": 19351.546, "Actual Rows": 1459150, "Actual Loops": 1, "Inner Unique": false, "Plans": [{"Node Type": "Nested Loop", "Parent Relationship": "Outer", "Join Type": "Inner", "Startup Cost": 1030.37, "Total Cost": 166027.11, "Plan Rows": 504972, "Plan Width": 64, "Actual Startup Time": 18.033, "Actual Total Time": 4154.387, "Actual Rows": 1200363, "Actual Loops": 1, "Inner Unique": false, "Plans": [{"Node Type": "Nested Loop", "Parent Relationship": "Outer", "Join Type": "Inner", "Startup Cost": 1030.37, "Total Cost": 14904.59, "Plan Rows": 119904, "Plan Width": 64, "Actual Startup Time": 18.001, "Actual Total Time": 287.281, "Actual Rows": 119972, "Actual Loops": 1, "Inner Unique": false, "Plans": [{"Node Type": "Nested Loop", "Parent Relationship": "Outer", "Join Type": "Inner", "Startup Cost": 0.0, "Total Cost": 39.62, "Plan Rows": 2, "Plan Width": 60, "Actual Startup Time": 0.051, "Actual Total Time": 0.158, "Actual Rows": 2, "Actual Loops": 1, "Inner Unique": false, "Join Filter": "(((n1.n_name = 'JAPAN'::bpchar) AND (n2.n_name = 'INDIA'::bpchar)) OR ((n1.n_name = 'INDIA'::bpchar) AND (n2.n_name = 'JAPAN'::bpchar)))", "Rows Removed by Join Filter": 2, "Plans": [{"Node Type": "Index Scan", "Parent Relationship": "Outer", "Scan Direction": "Forward", "Index Name": "nation_pkey", "Relation Name": "nation", "Alias": "n1", "Startup Cost": 0.0, "Total Cost": 12.75, "Plan Rows": 25, "Plan Width": 30, "Actual Startup Time": 0.023, "Actual Total Time": 0.045, "Actual Rows": 2, "Actual Loops": 1, "Filter": "((n_name = 'JAPAN'::bpchar) OR (n_name = 'INDIA'::bpchar))", "Rows Removed by Filter": 23}, {"Node Type": "Materialize", "Parent Relationship": "Inner", "Startup Cost": 0.0, "Total Cost": 12.88, "Plan Rows": 25, "Plan Width": 30, "Actual Startup Time": 0.019, "Actual Total Time": 0.056, "Actual Rows": 4, "Actual Loops": 2, "Plans": [{"Node Type": "Index Scan", "Parent Relationship": "Outer", "Scan Direction": "Forward", "Index Name": "nation_pkey", "Relation Name": "nation", "Alias": "n2", "Startup Cost": 0.0, "Total Cost": 12.75, "Plan Rows": 25, "Plan Width": 30, "Actual Startup Time": 0.01, "Actual Total Time": 0.036, "Actual Rows": 2, "Actual Loops": 1, "Filter": "((n_name = 'INDIA'::bpchar) OR (n_name = 'JAPAN'::bpchar))", "Rows Removed by Filter": 23}]}]}, {"Node Type": "Bitmap Heap Scan", "Parent Relationship": "Inner", "Relation Name": "customer", "Alias": "customer", "Startup Cost": 1030.37, "Total Cost": 6832.48, "Plan Rows": 60000, "Plan Width": 12, "Actual Startup Time": 35.918, "Actual Total Time": 258.886, "Actual Rows": 119972, "Actual Loops": 2, "Recheck Cond": "(c_nationkey = n2.n_nationkey)", "Rows Removed by Index Recheck": 0, "Exact Heap Blocks": 59938, "Lossy Heap Blocks": 59938, "Plans": [{"Node Type": "Bitmap Index Scan", "Parent Relationship": "Outer", "Index Name": "idx_customer_nationkey", "Startup Cost": 0.0, "Total Cost": 1015.37, "Plan Rows": 60000, "Plan Width": 0, "Actual Startup Time": 22.743, "Actual Total Time": 22.743, "Actual Rows": 119972, "Actual Loops": 2, "Index Cond": "(c_nationkey = n2.n_nationkey)"}]}]}, {"Node Type": "Index Scan", "Parent Relationship": "Inner", "Scan Direction": "Forward", "Index Name": "idx_orders_custkey", "Relation Name": "orders", "Alias": "orders", "Startup Cost": 0.0, "Total Cost": 1.22, "Plan Rows": 4, "Plan Width": 16, "Actual Startup Time": 757.084, "Actual Total Time": 3520.551, "Actual Rows": 1200363, "Actual Loops": 119972, "Index Cond": "(o_custkey = customer.c_custkey)", "Rows Removed by Index Recheck": 0}]}, {"Node Type": "Index Scan", "Parent Relationship": "Inner", "Scan Direction": "Forward", "Index Name": "idx_lineitem_orderkey", "Relation Name": "lineitem", "Alias": "lineitem", "Startup Cost": 0.0, "Total Cost": 0.91, "Plan Rows": 3, "Plan Width": 40, "Actual Startup Time": 13074.494, "Actual Total Time": 14226.286, "Actual Rows": 1459150, "Actual Loops": 1200363, "Index Cond": "(l_orderkey = orders.o_orderkey)", "Rows Removed by Index Recheck": 0, "Filter": "((l_shipdate >= '1995-01-01 00:00:00'::timestamp(0) without time zone) AND (l_shipdate <= '1996-12-31 00:00:00'::timestamp(0) without time zone))", "Rows Removed by Filter": 3342563}]}, {"Node Type": "Hash", "Parent Relationship": "Inner", "Startup Cost": 5334.54, "Total Cost": 5334.54, "Plan Rows": 100000, "Plan Width": 12, "Actual Startup Time": 112.295, "Actual Total Time": 112.295, "Actual Rows": 100000, "Actual Loops": 1, "Hash Buckets": 131072, "Hash Batches": 1, "Original Hash Batches": 1, "Peak Memory Usage": 4297, "Plans": [{"Node Type": "Index Scan", "Parent Relationship": "Outer", "Scan Direction": "Forward", "Index Name": "supplier_pkey", "Relation Name": "supplier", "Alias": "supplier", "Startup Cost": 0.0, "Total Cost": 5334.54, "Plan Rows": 100000, "Plan Width": 12, "Actual Startup Time": 0.021, "Actual Total Time": 79.988, "Actual Rows": 100000, "Actual Loops": 1}]}]}]}]}, "Triggers": [], "Planner Runtime": 3, "Total Runtime": 20266.249, "Unique SQL Id": 2208782157}}, "(64, 102)": {"explain_plan": {"Plan": {"Node Type": "Sort", "Startup Cost": 2821200.81, "Total Cost": 2821210.03, "Plan Rows": 3688, "Plan Width": 84, "Sort Key": ["n1.n_name", "n2.n_name", "(date_part('year'::text, lineitem.l_shipdate))"], "Plans": [{"Node Type": "Aggregate", "Strategy": "Hashed", "Parent Relationship": "Outer", "Startup Cost": 2820936.22, "Total Cost": 2820982.32, "Plan Rows": 3688, "Plan Width": 84, "Group By Key": ["n1.n_name", "n2.n_name", "date_part('year'::text, lineitem.l_shipdate)"], "Plans": [{"Node Type": "Hash Join", "Parent Relationship": "Outer", "Join Type": "Inner", "Startup Cost": 21163.77, "Total Cost": 2820880.9, "Plan Rows": 3688, "Plan Width": 76, "Inner Unique": true, "Hash Cond": "((lineitem.l_suppkey = supplier.s_suppkey) AND (n1.n_nationkey = supplier.s_nationkey))", "Plans": [{"Node Type": "Nested Loop", "Parent Relationship": "Outer", "Join Type": "Inner", "Startup Cost": 16380.77, "Total Cost": 2810513.92, "Plan Rows": 740786, "Plan Width": 88, "Inner Unique": false, "Plans": [{"Node Type": "Hash Join", "Parent Relationship": "Outer", "Join Type": "Inner", "Startup Cost": 16380.39, "Total Cost": 504091.94, "Plan Rows": 504972, "Plan Width": 64, "Inner Unique": false, "Hash Cond": "(orders.o_custkey = customer.c_custkey), (LLVM Optimized)", "Plans": [{"Node Type": "Seq Scan", "Parent Relationship": "Outer", "Relation Name": "orders", "Alias": "orders", "Startup Cost": 0.0, "Total Cost": 426413.79, "Plan Rows": 14999479, "Plan Width": 16}, {"Node Type": "Hash", "Parent Relationship": "Inner", "Startup Cost": 14881.59, "Total Cost": 14881.59, "Plan Rows": 119904, "Plan Width": 64, "Plans": [{"Node Type": "Nested Loop", "Parent Relationship": "Outer", "Join Type": "Inner", "Startup Cost": 1030.37, "Total Cost": 14881.59, "Plan Rows": 119904, "Plan Width": 64, "Inner Unique": false, "Plans": [{"Node Type": "Nested Loop", "Parent Relationship": "Outer", "Join Type": "Inner", "Startup Cost": 0.0, "Total Cost": 16.62, "Plan Rows": 2, "Plan Width": 60, "Inner Unique": false, "Join Filter": "(((n1.n_name = 'JAPAN'::bpchar) AND (n2.n_name = 'INDIA'::bpchar)) OR ((n1.n_name = 'INDIA'::bpchar) AND (n2.n_name = 'JAPAN'::bpchar)))", "Plans": [{"Node Type": "Seq Scan", "Parent Relationship": "Outer", "Relation Name": "nation", "Alias": "n1", "Startup Cost": 0.0, "Total Cost": 1.25, "Plan Rows": 25, "Plan Width": 30, "Filter": "((n_name = 'JAPAN'::bpchar) OR (n_name = 'INDIA'::bpchar))"}, {"Node Type": "Materialize", "Parent Relationship": "Inner", "Startup Cost": 0.0, "Total Cost": 1.38, "Plan Rows": 25, "Plan Width": 30, "Plans": [{"Node Type": "Seq Scan", "Parent Relationship": "Outer", "Relation Name": "nation", "Alias": "n2", "Startup Cost": 0.0, "Total Cost": 1.25, "Plan Rows": 25, "Plan Width": 30, "Filter": "((n_name = 'INDIA'::bpchar) OR (n_name = 'JAPAN'::bpchar))"}]}]}, {"Node Type": "Bitmap Heap Scan", "Parent Relationship": "Inner", "Relation Name": "customer", "Alias": "customer", "Startup Cost": 1030.37, "Total Cost": 6832.48, "Plan Rows": 60000, "Plan Width": 12, "Recheck Cond": "(c_nationkey = n2.n_nationkey)", "Plans": [{"Node Type": "Bitmap Index Scan", "Parent Relationship": "Outer", "Index Name": "idx_customer_nationkey", "Startup Cost": 0.0, "Total Cost": 1015.37, "Plan Rows": 60000, "Plan Width": 0, "Index Cond": "(c_nationkey = n2.n_nationkey)"}]}]}]}]}, {"Node Type": "Bitmap Heap Scan", "Parent Relationship": "Inner", "Relation Name": "lineitem", "Alias": "lineitem", "Startup Cost": 0.38, "Total Cost": 4.54, "Plan Rows": 3, "Plan Width": 40, "Recheck Cond": "(l_orderkey = orders.o_orderkey)", "Filter": "((l_shipdate >= '1995-01-01 00:00:00'::timestamp(0) without time zone) AND (l_shipdate <= '1996-12-31 00:00:00'::timestamp(0) without time zone))", "Plans": [{"Node Type": "Bitmap Index Scan", "Parent Relationship": "Outer", "Index Name": "idx_lineitem_orderkey", "Startup Cost": 0.0, "Total Cost": 0.38, "Plan Rows": 9, "Plan Width": 0, "Index Cond": "(l_orderkey = orders.o_orderkey)"}]}]}, {"Node Type": "Hash", "Parent Relationship": "Inner", "Startup Cost": 3283.0, "Total Cost": 3283.0, "Plan Rows": 100000, "Plan Width": 12, "Plans": [{"Node Type": "Seq Scan", "Parent Relationship": "Outer", "Relation Name": "supplier", "Alias": "supplier", "Startup Cost": 0.0, "Total Cost": 3283.0, "Plan Rows": 100000, "Plan Width": 12}]}]}]}]}, "Unique SQL Id": 2208782157, "Planner Runtime": 3}, "explain_analyze_plan": {"Plan": {"Node Type": "Sort", "Startup Cost": 2821200.81, "Total Cost": 2821210.03, "Plan Rows": 3688, "Plan Width": 84, "Actual Startup Time": 23175.664, "Actual Total Time": 23175.664, "Actual Rows": 4, "Actual Loops": 1, "Sort Key": ["n1.n_name", "n2.n_name", "(date_part('year'::text, lineitem.l_shipdate))"], "Sort Method": "quicksort", "Sort Space Used": 25, "Sort Space Type": "Memory", "Plans": [{"Node Type": "Aggregate", "Strategy": "Hashed", "Parent Relationship": "Outer", "Startup Cost": 2820936.22, "Total Cost": 2820982.32, "Plan Rows": 3688, "Plan Width": 84, "Actual Startup Time": 23175.566, "Actual Total Time": 23175.57, "Actual Rows": 4, "Actual Loops": 1, "Group By Key": ["n1.n_name", "n2.n_name", "date_part('year'::text, lineitem.l_shipdate)"], "Plans": [{"Node Type": "Hash Join", "Parent Relationship": "Outer", "Join Type": "Inner", "Startup Cost": 21163.77, "Total Cost": 2820880.9, "Plan Rows": 3688, "Plan Width": 76, "Actual Startup Time": 395.766, "Actual Total Time": 23069.164, "Actual Rows": 58554, "Actual Loops": 1, "Inner Unique": true, "Hash Cond": "((lineitem.l_suppkey = supplier.s_suppkey) AND (n1.n_nationkey = supplier.s_nationkey))", "Plans": [{"Node Type": "Nested Loop", "Parent Relationship": "Outer", "Join Type": "Inner", "Startup Cost": 16380.77, "Total Cost": 2810513.92, "Plan Rows": 740786, "Plan Width": 88, "Actual Startup Time": 324.273, "Actual Total Time": 22339.874, "Actual Rows": 1459150, "Actual Loops": 1, "Inner Unique": false, "Plans": [{"Node Type": "Hash Join", "Parent Relationship": "Outer", "Join Type": "Inner", "Startup Cost": 16380.39, "Total Cost": 504091.94, "Plan Rows": 504972, "Plan Width": 64, "Actual Startup Time": 324.196, "Actual Total Time": 9507.906, "Actual Rows": 1200363, "Actual Loops": 1, "Inner Unique": false, "Hash Cond": "(orders.o_custkey = customer.c_custkey), (LLVM Optimized, Jit Execute)", "Plans": [{"Node Type": "Seq Scan", "Parent Relationship": "Outer", "Relation Name": "orders", "Alias": "orders", "Startup Cost": 0.0, "Total Cost": 426413.79, "Plan Rows": 14999479, "Plan Width": 16, "Actual Startup Time": 0.021, "Actual Total Time": 4197.437, "Actual Rows": 15000000, "Actual Loops": 1}, {"Node Type": "Hash", "Parent Relationship": "Inner", "Startup Cost": 14881.59, "Total Cost": 14881.59, "Plan Rows": 119904, "Plan Width": 64, "Actual Startup Time": 324.037, "Actual Total Time": 324.037, "Actual Rows": 119972, "Actual Loops": 1, "Hash Buckets": 131072, "Hash Batches": 1, "Original Hash Batches": 1, "Peak Memory Usage": 11248, "Plans": [{"Node Type": "Nested Loop", "Parent Relationship": "Outer", "Join Type": "Inner", "Startup Cost": 1030.37, "Total Cost": 14881.59, "Plan Rows": 119904, "Plan Width": 64, "Actual Startup Time": 18.16, "Actual Total Time": 281.037, "Actual Rows": 119972, "Actual Loops": 1, "Inner Unique": false, "Plans": [{"Node Type": "Nested Loop", "Parent Relationship": "Outer", "Join Type": "Inner", "Startup Cost": 0.0, "Total Cost": 16.62, "Plan Rows": 2, "Plan Width": 60, "Actual Startup Time": 0.068, "Actual Total Time": 0.136, "Actual Rows": 2, "Actual Loops": 1, "Inner Unique": false, "Join Filter": "(((n1.n_name = 'JAPAN'::bpchar) AND (n2.n_name = 'INDIA'::bpchar)) OR ((n1.n_name = 'INDIA'::bpchar) AND (n2.n_name = 'JAPAN'::bpchar)))", "Rows Removed by Join Filter": 2, "Plans": [{"Node Type": "Seq Scan", "Parent Relationship": "Outer", "Relation Name": "nation", "Alias": "n1", "Startup Cost": 0.0, "Total Cost": 1.25, "Plan Rows": 25, "Plan Width": 30, "Actual Startup Time": 0.033, "Actual Total Time": 0.05, "Actual Rows": 2, "Actual Loops": 1, "Filter": "((n_name = 'JAPAN'::bpchar) OR (n_name = 'INDIA'::bpchar))", "Rows Removed by Filter": 23}, {"Node Type": "Materialize", "Parent Relationship": "Inner", "Startup Cost": 0.0, "Total Cost": 1.38, "Plan Rows": 25, "Plan Width": 30, "Actual Startup Time": 0.026, "Actual Total Time": 0.048, "Actual Rows": 4, "Actual Loops": 2, "Plans": [{"Node Type": "Seq Scan", "Parent Relationship": "Outer", "Relation Name": "nation", "Alias": "n2", "Startup Cost": 0.0, "Total Cost": 1.25, "Plan Rows": 25, "Plan Width": 30, "Actual Startup Time": 0.02, "Actual Total Time": 0.039, "Actual Rows": 2, "Actual Loops": 1, "Filter": "((n_name = 'INDIA'::bpchar) OR (n_name = 'JAPAN'::bpchar))", "Rows Removed by Filter": 23}]}]}, {"Node Type": "Bitmap Heap Scan", "Parent Relationship": "Inner", "Relation Name": "customer", "Alias": "customer", "Startup Cost": 1030.37, "Total Cost": 6832.48, "Plan Rows": 60000, "Plan Width": 12, "Actual Startup Time": 36.07, "Actual Total Time": 256.52, "Actual Rows": 119972, "Actual Loops": 2, "Recheck Cond": "(c_nationkey = n2.n_nationkey)", "Rows Removed by Index Recheck": 0, "Exact Heap Blocks": 59938, "Lossy Heap Blocks": 59938, "Plans": [{"Node Type": "Bitmap Index Scan", "Parent Relationship": "Outer", "Index Name": "idx_customer_nationkey", "Startup Cost": 0.0, "Total Cost": 1015.37, "Plan Rows": 60000, "Plan Width": 0, "Actual Startup Time": 22.953, "Actual Total Time": 22.953, "Actual Rows": 119972, "Actual Loops": 2, "Index Cond": "(c_nationkey = n2.n_nationkey)"}]}]}]}]}, {"Node Type": "Bitmap Heap Scan", "Parent Relationship": "Inner", "Relation Name": "lineitem", "Alias": "lineitem", "Startup Cost": 0.38, "Total Cost": 4.54, "Plan Rows": 3, "Plan Width": 40, "Actual Startup Time": 10487.362, "Actual Total Time": 11099.797, "Actual Rows": 1459150, "Actual Loops": 1200363, "Recheck Cond": "(l_orderkey = orders.o_orderkey)", "Rows Removed by Index Recheck": 0, "Filter": "((l_shipdate >= '1995-01-01 00:00:00'::timestamp(0) without time zone) AND (l_shipdate <= '1996-12-31 00:00:00'::timestamp(0) without time zone))", "Rows Removed by Filter": 3342563, "Exact Heap Blocks": 1285989, "Lossy Heap Blocks": 1285989, "Plans": [{"Node Type": "Bitmap Index Scan", "Parent Relationship": "Outer", "Index Name": "idx_lineitem_orderkey", "Startup Cost": 0.0, "Total Cost": 0.38, "Plan Rows": 9, "Plan Width": 0, "Actual Startup Time": 5016.967, "Actual Total Time": 5016.967, "Actual Rows": 4801713, "Actual Loops": 1200363, "Index Cond": "(l_orderkey = orders.o_orderkey)"}]}]}, {"Node Type": "Hash", "Parent Relationship": "Inner", "Startup Cost": 3283.0, "Total Cost": 3283.0, "Plan Rows": 100000, "Plan Width": 12, "Actual Startup Time": 71.13, "Actual Total Time": 71.13, "Actual Rows": 100000, "Actual Loops": 1, "Hash Buckets": 131072, "Hash Batches": 1, "Original Hash Batches": 1, "Peak Memory Usage": 4297, "Plans": [{"Node Type": "Seq Scan", "Parent Relationship": "Outer", "Relation Name": "supplier", "Alias": "supplier", "Startup Cost": 0.0, "Total Cost": 3283.0, "Plan Rows": 100000, "Plan Width": 12, "Actual Startup Time": 0.017, "Actual Total Time": 40.852, "Actual Rows": 100000, "Actual Loops": 1}]}]}]}]}, "Triggers": [], "Planner Runtime": 3, "Total Runtime": 23184.623, "Unique SQL Id": 2208782157}}, "(64, 103)": {"explain_plan": {"Plan": {"Node Type": "Sort", "Startup Cost": 99673674.43, "Total Cost": 99673683.65, "Plan Rows": 3688, "Plan Width": 84, "Sort Key": ["n1.n_name", "n2.n_name", "(date_part('year'::text, lineitem.l_shipdate))"], "Plans": [{"Node Type": "Aggregate", "Strategy": "Hashed", "Parent Relationship": "Outer", "Startup Cost": 99673409.84, "Total Cost": 99673455.94, "Plan Rows": 3688, "Plan Width": 84, "Group By Key": ["n1.n_name", "n2.n_name", "date_part('year'::text, lineitem.l_shipdate)"], "Plans": [{"Node Type": "Nested Loop", "Parent Relationship": "Outer", "Join Type": "Inner", "Startup Cost": 627986.71, "Total Cost": 99673354.52, "Plan Rows": 3688, "Plan Width": 76, "Inner Unique": true, "Join Filter": "(((n1.n_name = 'JAPAN'::bpchar) AND (n2.n_name = 'INDIA'::bpchar)) OR ((n1.n_name = 'INDIA'::bpchar) AND (n2.n_name = 'JAPAN'::bpchar)))", "Plans": [{"Node Type": "Nested Loop", "Parent Relationship": "Outer", "Join Type": "Inner", "Startup Cost": 627986.45, "Total Cost": 94724471.42, "Plan Rows": 1153515, "Plan Width": 54, "Inner Unique": true, "Plans": [{"Node Type": "Nested Loop", "Parent Relationship": "Outer", "Join Type": "Inner", "Startup Cost": 627986.2, "Total Cost": 89787046.56, "Plan Rows": 1153515, "Plan Width": 32, "Inner Unique": true, "Plans": [{"Node Type": "Nested Loop", "Parent Relationship": "Outer", "Join Type": "Inner", "Startup Cost": 627985.94, "Total Cost": 84848088.55, "Plan Rows": 1153515, "Plan Width": 36, "Inner Unique": true, "Plans": [{"Node Type": "Nested Loop", "Parent Relationship": "Outer", "Join Type": "Inner", "Startup Cost": 627985.67, "Total Cost": 79896146.0, "Plan Rows": 1153515, "Plan Width": 36, "Inner Unique": true, "Plans": [{"Node Type": "Bitmap Heap Scan", "Parent Relationship": "Outer", "Relation Name": "lineitem", "Alias": "lineitem", "Startup Cost": 627985.41, "Total Cost": 2315105.27, "Plan Rows": 18124991, "Plan Width": 40, "Recheck Cond": "((l_shipdate >= '1995-01-01 00:00:00'::timestamp(0) without time zone) AND (l_shipdate <= '1996-12-31 00:00:00'::timestamp(0) without time zone)), (LLVM Optimized)", "Plans": [{"Node Type": "Bitmap Index Scan", "Parent Relationship": "Outer", "Index Name": "idx_lineitem_shipdate", "Startup Cost": 0.0, "Total Cost": 623454.16, "Plan Rows": 18124991, "Plan Width": 0, "Index Cond": "((l_shipdate >= '1995-01-01 00:00:00'::timestamp(0) without time zone) AND (l_shipdate <= '1996-12-31 00:00:00'::timestamp(0) without time zone))"}]}, {"Node Type": "Bitmap Heap Scan", "Parent Relationship": "Inner", "Relation Name": "supplier", "Alias": "supplier", "Startup Cost": 0.26, "Total Cost": 4.27, "Plan Rows": 1, "Plan Width": 12, "Recheck Cond": "(s_suppkey = lineitem.l_suppkey)", "Plans": [{"Node Type": "Bitmap Index Scan", "Parent Relationship": "Outer", "Index Name": "supplier_pkey", "Startup Cost": 0.0, "Total Cost": 0.26, "Plan Rows": 1, "Plan Width": 0, "Index Cond": "(s_suppkey = lineitem.l_suppkey)"}]}]}, {"Node Type": "Bitmap Heap Scan", "Parent Relationship": "Inner", "Relation Name": "orders", "Alias": "orders", "Startup Cost": 0.27, "Total Cost": 4.28, "Plan Rows": 1, "Plan Width": 16, "Recheck Cond": "(o_orderkey = lineitem.l_orderkey)", "Plans": [{"Node Type": "Bitmap Index Scan", "Parent Relationship": "Outer", "Index Name": "orders_pkey", "Startup Cost": 0.0, "Total Cost": 0.27, "Plan Rows": 1, "Plan Width": 0, "Index Cond": "(o_orderkey = lineitem.l_orderkey)"}]}]}, {"Node Type": "Bitmap Heap Scan", "Parent Relationship": "Inner", "Relation Name": "customer", "Alias": "customer", "Startup Cost": 0.26, "Total Cost": 4.27, "Plan Rows": 1, "Plan Width": 12, "Recheck Cond": "(c_custkey = orders.o_custkey)", "Plans": [{"Node Type": "Bitmap Index Scan", "Parent Relationship": "Outer", "Index Name": "customer_pkey", "Startup Cost": 0.0, "Total Cost": 0.26, "Plan Rows": 1, "Plan Width": 0, "Index Cond": "(c_custkey = orders.o_custkey)"}]}]}, {"Node Type": "Bitmap Heap Scan", "Parent Relationship": "Inner", "Relation Name": "nation", "Alias": "n1", "Startup Cost": 0.26, "Total Cost": 4.27, "Plan Rows": 1, "Plan Width": 30, "Recheck Cond": "(n_nationkey = supplier.s_nationkey)", "Filter": "((n_name = 'JAPAN'::bpchar) OR (n_name = 'INDIA'::bpchar))", "Plans": [{"Node Type": "Bitmap Index Scan", "Parent Relationship": "Outer", "Index Name": "nation_pkey", "Startup Cost": 0.0, "Total Cost": 0.26, "Plan Rows": 1, "Plan Width": 0, "Index Cond": "(n_nationkey = supplier.s_nationkey)"}]}]}, {"Node Type": "Bitmap Heap Scan", "Parent Relationship": "Inner", "Relation Name": "nation", "Alias": "n2", "Startup Cost": 0.26, "Total Cost": 4.27, "Plan Rows": 1, "Plan Width": 30, "Recheck Cond": "(n_nationkey = customer.c_nationkey)", "Filter": "((n_name = 'INDIA'::bpchar) OR (n_name = 'JAPAN'::bpchar))", "Plans": [{"Node Type": "Bitmap Index Scan", "Parent Relationship": "Outer", "Index Name": "nation_pkey", "Startup Cost": 0.0, "Total Cost": 0.26, "Plan Rows": 1, "Plan Width": 0, "Index Cond": "(n_nationkey = customer.c_nationkey)"}]}]}]}]}, "Unique SQL Id": 2208782157, "Planner Runtime": 2}, "explain_analyze_plan": null}, "(64, 104)": {"explain_plan": {"Plan": {"Node Type": "Sort", "Startup Cost": 655180.01, "Total Cost": 655189.23, "Plan Rows": 3688, "Plan Width": 84, "Sort Key": ["n1.n_name", "n2.n_name", "(date_part('year'::text, lineitem.l_shipdate))"], "Plans": [{"Node Type": "Aggregate", "Strategy": "Hashed", "Parent Relationship": "Outer", "Startup Cost": 654915.42, "Total Cost": 654961.52, "Plan Rows": 3688, "Plan Width": 84, "Group By Key": ["n1.n_name", "n2.n_name", "date_part('year'::text, lineitem.l_shipdate)"], "Plans": [{"Node Type": "Hash Join", "Parent Relationship": "Outer", "Join Type": "Inner", "Startup Cost": 4783.0, "Total Cost": 654860.1, "Plan Rows": 3688, "Plan Width": 76, "Inner Unique": true, "Hash Cond": "((lineitem.l_suppkey = supplier.s_suppkey) AND (n1.n_nationkey = supplier.s_nationkey))", "Plans": [{"Node Type": "Nested Loop", "Parent Relationship": "Outer", "Join Type": "Inner", "Startup Cost": 0.0, "Total Cost": 644493.13, "Plan Rows": 740786, "Plan Width": 88, "Inner Unique": false, "Plans": [{"Node Type": "Nested Loop", "Parent Relationship": "Outer", "Join Type": "Inner", "Startup Cost": 0.0, "Total Cost": 167755.5, "Plan Rows": 504972, "Plan Width": 64, "Inner Unique": false, "Plans": [{"Node Type": "Nested Loop", "Parent Relationship": "Outer", "Join Type": "Inner", "Startup Cost": 0.0, "Total Cost": 16632.98, "Plan Rows": 119904, "Plan Width": 64, "Inner Unique": false, "Plans": [{"Node Type": "Nested Loop", "Parent Relationship": "Outer", "Join Type": "Inner", "Startup Cost": 0.0, "Total Cost": 28.12, "Plan Rows": 2, "Plan Width": 60, "Inner Unique": false, "Join Filter": "(((n1.n_name = 'JAPAN'::bpchar) AND (n2.n_name = 'INDIA'::bpchar)) OR ((n1.n_name = 'INDIA'::bpchar) AND (n2.n_name = 'JAPAN'::bpchar)))", "Plans": [{"Node Type": "Index Scan", "Parent Relationship": "Outer", "Scan Direction": "Forward", "Index Name": "nation_pkey", "Relation Name": "nation", "Alias": "n1", "Startup Cost": 0.0, "Total Cost": 12.75, "Plan Rows": 25, "Plan Width": 30, "Filter": "((n_name = 'JAPAN'::bpchar) OR (n_name = 'INDIA'::bpchar))"}, {"Node Type": "Materialize", "Parent Relationship": "Inner", "Startup Cost": 0.0, "Total Cost": 1.38, "Plan Rows": 25, "Plan Width": 30, "Plans": [{"Node Type": "Seq Scan", "Parent Relationship": "Outer", "Relation Name": "nation", "Alias": "n2", "Startup Cost": 0.0, "Total Cost": 1.25, "Plan Rows": 25, "Plan Width": 30, "Filter": "((n_name = 'INDIA'::bpchar) OR (n_name = 'JAPAN'::bpchar))"}]}]}, {"Node Type": "Index Scan", "Parent Relationship": "Inner", "Scan Direction": "Forward", "Index Name": "idx_customer_nationkey", "Relation Name": "customer", "Alias": "customer", "Startup Cost": 0.0, "Total Cost": 7702.43, "Plan Rows": 60000, "Plan Width": 12, "Index Cond": "(c_nationkey = n2.n_nationkey)"}]}, {"Node Type": "Index Scan", "Parent Relationship": "Inner", "Scan Direction": "Forward", "Index Name": "idx_orders_custkey", "Relation Name": "orders", "Alias": "orders", "Startup Cost": 0.0, "Total Cost": 1.22, "Plan Rows": 4, "Plan Width": 16, "Index Cond": "(o_custkey = customer.c_custkey)"}]}, {"Node Type": "Index Scan", "Parent Relationship": "Inner", "Scan Direction": "Forward", "Index Name": "idx_lineitem_orderkey", "Relation Name": "lineitem", "Alias": "lineitem", "Startup Cost": 0.0, "Total Cost": 0.91, "Plan Rows": 3, "Plan Width": 40, "Index Cond": "(l_orderkey = orders.o_orderkey)", "Filter": "((l_shipdate >= '1995-01-01 00:00:00'::timestamp(0) without time zone) AND (l_shipdate <= '1996-12-31 00:00:00'::timestamp(0) without time zone))"}]}, {"Node Type": "Hash", "Parent Relationship": "Inner", "Startup Cost": 3283.0, "Total Cost": 3283.0, "Plan Rows": 100000, "Plan Width": 12, "Plans": [{"Node Type": "Seq Scan", "Parent Relationship": "Outer", "Relation Name": "supplier", "Alias": "supplier", "Startup Cost": 0.0, "Total Cost": 3283.0, "Plan Rows": 100000, "Plan Width": 12}]}]}]}]}, "Unique SQL Id": 2208782157, "Planner Runtime": 3}, "explain_analyze_plan": {"Plan": {"Node Type": "Sort", "Startup Cost": 655180.01, "Total Cost": 655189.23, "Plan Rows": 3688, "Plan Width": 84, "Actual Startup Time": 20315.297, "Actual Total Time": 20315.297, "Actual Rows": 4, "Actual Loops": 1, "Sort Key": ["n1.n_name", "n2.n_name", "(date_part('year'::text, lineitem.l_shipdate))"], "Sort Method": "quicksort", "Sort Space Used": 25, "Sort Space Type": "Memory", "Plans": [{"Node Type": "Aggregate", "Strategy": "Hashed", "Parent Relationship": "Outer", "Startup Cost": 654915.42, "Total Cost": 654961.52, "Plan Rows": 3688, "Plan Width": 84, "Actual Startup Time": 20315.255, "Actual Total Time": 20315.259, "Actual Rows": 4, "Actual Loops": 1, "Group By Key": ["n1.n_name", "n2.n_name", "date_part('year'::text, lineitem.l_shipdate)"], "Plans": [{"Node Type": "Hash Join", "Parent Relationship": "Outer", "Join Type": "Inner", "Startup Cost": 4783.0, "Total Cost": 654860.1, "Plan Rows": 3688, "Plan Width": 76, "Actual Startup Time": 69.016, "Actual Total Time": 20216.881, "Actual Rows": 58554, "Actual Loops": 1, "Inner Unique": true, "Hash Cond": "((lineitem.l_suppkey = supplier.s_suppkey) AND (n1.n_nationkey = supplier.s_nationkey))", "Plans": [{"Node Type": "Nested Loop", "Parent Relationship": "Outer", "Join Type": "Inner", "Startup Cost": 0.0, "Total Cost": 644493.13, "Plan Rows": 740786, "Plan Width": 88, "Actual Startup Time": 0.177, "Actual Total Time": 19476.148, "Actual Rows": 1459150, "Actual Loops": 1, "Inner Unique": false, "Plans": [{"Node Type": "Nested Loop", "Parent Relationship": "Outer", "Join Type": "Inner", "Startup Cost": 0.0, "Total Cost": 167755.5, "Plan Rows": 504972, "Plan Width": 64, "Actual Startup Time": 0.106, "Actual Total Time": 4191.716, "Actual Rows": 1200363, "Actual Loops": 1, "Inner Unique": false, "Plans": [{"Node Type": "Nested Loop", "Parent Relationship": "Outer", "Join Type": "Inner", "Startup Cost": 0.0, "Total Cost": 16632.98, "Plan Rows": 119904, "Plan Width": 64, "Actual Startup Time": 0.094, "Actual Total Time": 227.921, "Actual Rows": 119972, "Actual Loops": 1, "Inner Unique": false, "Plans": [{"Node Type": "Nested Loop", "Parent Relationship": "Outer", "Join Type": "Inner", "Startup Cost": 0.0, "Total Cost": 28.12, "Plan Rows": 2, "Plan Width": 60, "Actual Startup Time": 0.058, "Actual Total Time": 0.245, "Actual Rows": 2, "Actual Loops": 1, "Inner Unique": false, "Join Filter": "(((n1.n_name = 'JAPAN'::bpchar) AND (n2.n_name = 'INDIA'::bpchar)) OR ((n1.n_name = 'INDIA'::bpchar) AND (n2.n_name = 'JAPAN'::bpchar)))", "Rows Removed by Join Filter": 2, "Plans": [{"Node Type": "Index Scan", "Parent Relationship": "Outer", "Scan Direction": "Forward", "Index Name": "nation_pkey", "Relation Name": "nation", "Alias": "n1", "Startup Cost": 0.0, "Total Cost": 12.75, "Plan Rows": 25, "Plan Width": 30, "Actual Startup Time": 0.021, "Actual Total Time": 0.053, "Actual Rows": 2, "Actual Loops": 1, "Filter": "((n_name = 'JAPAN'::bpchar) OR (n_name = 'INDIA'::bpchar))", "Rows Removed by Filter": 23}, {"Node Type": "Materialize", "Parent Relationship": "Inner", "Startup Cost": 0.0, "Total Cost": 1.38, "Plan Rows": 25, "Plan Width": 30, "Actual Startup Time": 0.028, "Actual Total Time": 0.056, "Actual Rows": 4, "Actual Loops": 2, "Plans": [{"Node Type": "Seq Scan", "Parent Relationship": "Outer", "Relation Name": "nation", "Alias": "n2", "Startup Cost": 0.0, "Total Cost": 1.25, "Plan Rows": 25, "Plan Width": 30, "Actual Startup Time": 0.021, "Actual Total Time": 0.043, "Actual Rows": 2, "Actual Loops": 1, "Filter": "((n_name = 'INDIA'::bpchar) OR (n_name = 'JAPAN'::bpchar))", "Rows Removed by Filter": 23}]}]}, {"Node Type": "Index Scan", "Parent Relationship": "Inner", "Scan Direction": "Forward", "Index Name": "idx_customer_nationkey", "Relation Name": "customer", "Alias": "customer", "Startup Cost": 0.0, "Total Cost": 7702.43, "Plan Rows": 60000, "Plan Width": 12, "Actual Startup Time": 0.062, "Actual Total Time": 195.075, "Actual Rows": 119972, "Actual Loops": 2, "Index Cond": "(c_nationkey = n2.n_nationkey)", "Rows Removed by Index Recheck": 0}]}, {"Node Type": "Index Scan", "Parent Relationship": "Inner", "Scan Direction": "Forward", "Index Name": "idx_orders_custkey", "Relation Name": "orders", "Alias": "orders", "Startup Cost": 0.0, "Total Cost": 1.22, "Plan Rows": 4, "Plan Width": 16, "Actual Startup Time": 771.687, "Actual Total Time": 3621.827, "Actual Rows": 1200363, "Actual Loops": 119972, "Index Cond": "(o_custkey = customer.c_custkey)", "Rows Removed by Index Recheck": 0}]}, {"Node Type": "Index Scan", "Parent Relationship": "Inner", "Scan Direction": "Forward", "Index Name": "idx_lineitem_orderkey", "Relation Name": "lineitem", "Alias": "lineitem", "Startup Cost": 0.0, "Total Cost": 0.91, "Plan Rows": 3, "Plan Width": 40, "Actual Startup Time": 13170.471, "Actual Total Time": 14318.898, "Actual Rows": 1459150, "Actual Loops": 1200363, "Index Cond": "(l_orderkey = orders.o_orderkey)", "Rows Removed by Index Recheck": 0, "Filter": "((l_shipdate >= '1995-01-01 00:00:00'::timestamp(0) without time zone) AND (l_shipdate <= '1996-12-31 00:00:00'::timestamp(0) without time zone))", "Rows Removed by Filter": 3342563}]}, {"Node Type": "Hash", "Parent Relationship": "Inner", "Startup Cost": 3283.0, "Total Cost": 3283.0, "Plan Rows": 100000, "Plan Width": 12, "Actual Startup Time": 68.584, "Actual Total Time": 68.584, "Actual Rows": 100000, "Actual Loops": 1, "Hash Buckets": 131072, "Hash Batches": 1, "Original Hash Batches": 1, "Peak Memory Usage": 4297, "Plans": [{"Node Type": "Seq Scan", "Parent Relationship": "Outer", "Relation Name": "supplier", "Alias": "supplier", "Startup Cost": 0.0, "Total Cost": 3283.0, "Plan Rows": 100000, "Plan Width": 12, "Actual Startup Time": 0.01, "Actual Total Time": 38.364, "Actual Rows": 100000, "Actual Loops": 1}]}]}]}]}, "Triggers": [], "Planner Runtime": 3, "Total Runtime": 20315.502, "Unique SQL Id": 2208782157}}, "(64, 105)": {"explain_plan": {"Plan": {"Node Type": "Sort", "Startup Cost": 657243.06, "Total Cost": 657252.28, "Plan Rows": 3688, "Plan Width": 84, "Sort Key": ["n1.n_name", "n2.n_name", "(date_part('year'::text, lineitem.l_shipdate))"], "Plans": [{"Node Type": "Aggregate", "Strategy": "Hashed", "Parent Relationship": "Outer", "Startup Cost": 656978.47, "Total Cost": 657024.57, "Plan Rows": 3688, "Plan Width": 84, "Group By Key": ["n1.n_name", "n2.n_name", "date_part('year'::text, lineitem.l_shipdate)"], "Plans": [{"Node Type": "Hash Join", "Parent Relationship": "Outer", "Join Type": "Inner", "Startup Cost": 6834.54, "Total Cost": 656923.15, "Plan Rows": 3688, "Plan Width": 76, "Inner Unique": true, "Hash Cond": "((lineitem.l_suppkey = supplier.s_suppkey) AND (n1.n_nationkey = supplier.s_nationkey))", "Plans": [{"Node Type": "Nested Loop", "Parent Relationship": "Outer", "Join Type": "Inner", "Startup Cost": 0.0, "Total Cost": 644504.63, "Plan Rows": 740786, "Plan Width": 88, "Inner Unique": false, "Plans": [{"Node Type": "Nested Loop", "Parent Relationship": "Outer", "Join Type": "Inner", "Startup Cost": 0.0, "Total Cost": 167767.0, "Plan Rows": 504972, "Plan Width": 64, "Inner Unique": false, "Plans": [{"Node Type": "Nested Loop", "Parent Relationship": "Outer", "Join Type": "Inner", "Startup Cost": 0.0, "Total Cost": 16644.48, "Plan Rows": 119904, "Plan Width": 64, "Inner Unique": false, "Plans": [{"Node Type": "Nested Loop", "Parent Relationship": "Outer", "Join Type": "Inner", "Startup Cost": 0.0, "Total Cost": 39.62, "Plan Rows": 2, "Plan Width": 60, "Inner Unique": false, "Join Filter": "(((n1.n_name = 'JAPAN'::bpchar) AND (n2.n_name = 'INDIA'::bpchar)) OR ((n1.n_name = 'INDIA'::bpchar) AND (n2.n_name = 'JAPAN'::bpchar)))", "Plans": [{"Node Type": "Index Scan", "Parent Relationship": "Outer", "Scan Direction": "Forward", "Index Name": "nation_pkey", "Relation Name": "nation", "Alias": "n1", "Startup Cost": 0.0, "Total Cost": 12.75, "Plan Rows": 25, "Plan Width": 30, "Filter": "((n_name = 'JAPAN'::bpchar) OR (n_name = 'INDIA'::bpchar))"}, {"Node Type": "Materialize", "Parent Relationship": "Inner", "Startup Cost": 0.0, "Total Cost": 12.88, "Plan Rows": 25, "Plan Width": 30, "Plans": [{"Node Type": "Index Scan", "Parent Relationship": "Outer", "Scan Direction": "Forward", "Index Name": "nation_pkey", "Relation Name": "nation", "Alias": "n2", "Startup Cost": 0.0, "Total Cost": 12.75, "Plan Rows": 25, "Plan Width": 30, "Filter": "((n_name = 'INDIA'::bpchar) OR (n_name = 'JAPAN'::bpchar))"}]}]}, {"Node Type": "Index Scan", "Parent Relationship": "Inner", "Scan Direction": "Forward", "Index Name": "idx_customer_nationkey", "Relation Name": "customer", "Alias": "customer", "Startup Cost": 0.0, "Total Cost": 7702.43, "Plan Rows": 60000, "Plan Width": 12, "Index Cond": "(c_nationkey = n2.n_nationkey)"}]}, {"Node Type": "Index Scan", "Parent Relationship": "Inner", "Scan Direction": "Forward", "Index Name": "idx_orders_custkey", "Relation Name": "orders", "Alias": "orders", "Startup Cost": 0.0, "Total Cost": 1.22, "Plan Rows": 4, "Plan Width": 16, "Index Cond": "(o_custkey = customer.c_custkey)"}]}, {"Node Type": "Index Scan", "Parent Relationship": "Inner", "Scan Direction": "Forward", "Index Name": "idx_lineitem_orderkey", "Relation Name": "lineitem", "Alias": "lineitem", "Startup Cost": 0.0, "Total Cost": 0.91, "Plan Rows": 3, "Plan Width": 40, "Index Cond": "(l_orderkey = orders.o_orderkey)", "Filter": "((l_shipdate >= '1995-01-01 00:00:00'::timestamp(0) without time zone) AND (l_shipdate <= '1996-12-31 00:00:00'::timestamp(0) without time zone))"}]}, {"Node Type": "Hash", "Parent Relationship": "Inner", "Startup Cost": 5334.54, "Total Cost": 5334.54, "Plan Rows": 100000, "Plan Width": 12, "Plans": [{"Node Type": "Index Scan", "Parent Relationship": "Outer", "Scan Direction": "Forward", "Index Name": "supplier_pkey", "Relation Name": "supplier", "Alias": "supplier", "Startup Cost": 0.0, "Total Cost": 5334.54, "Plan Rows": 100000, "Plan Width": 12}]}]}]}]}, "Unique SQL Id": 2208782157, "Planner Runtime": 3}, "explain_analyze_plan": {"Plan": {"Node Type": "Sort", "Startup Cost": 657243.06, "Total Cost": 657252.28, "Plan Rows": 3688, "Plan Width": 84, "Actual Startup Time": 20341.0, "Actual Total Time": 20341.0, "Actual Rows": 4, "Actual Loops": 1, "Sort Key": ["n1.n_name", "n2.n_name", "(date_part('year'::text, lineitem.l_shipdate))"], "Sort Method": "quicksort", "Sort Space Used": 25, "Sort Space Type": "Memory", "Plans": [{"Node Type": "Aggregate", "Strategy": "Hashed", "Parent Relationship": "Outer", "Startup Cost": 656978.47, "Total Cost": 657024.57, "Plan Rows": 3688, "Plan Width": 84, "Actual Startup Time": 20340.963, "Actual Total Time": 20340.968, "Actual Rows": 4, "Actual Loops": 1, "Group By Key": ["n1.n_name", "n2.n_name", "date_part('year'::text, lineitem.l_shipdate)"], "Plans": [{"Node Type": "Hash Join", "Parent Relationship": "Outer", "Join Type": "Inner", "Startup Cost": 6834.54, "Total Cost": 656923.15, "Plan Rows": 3688, "Plan Width": 76, "Actual Startup Time": 111.463, "Actual Total Time": 20242.064, "Actual Rows": 58554, "Actual Loops": 1, "Inner Unique": true, "Hash Cond": "((lineitem.l_suppkey = supplier.s_suppkey) AND (n1.n_nationkey = supplier.s_nationkey))", "Plans": [{"Node Type": "Nested Loop", "Parent Relationship": "Outer", "Join Type": "Inner", "Startup Cost": 0.0, "Total Cost": 644504.63, "Plan Rows": 740786, "Plan Width": 88, "Actual Startup Time": 0.156, "Actual Total Time": 19442.806, "Actual Rows": 1459150, "Actual Loops": 1, "Inner Unique": false, "Plans": [{"Node Type": "Nested Loop", "Parent Relationship": "Outer", "Join Type": "Inner", "Startup Cost": 0.0, "Total Cost": 167767.0, "Plan Rows": 504972, "Plan Width": 64, "Actual Startup Time": 0.104, "Actual Total Time": 4180.41, "Actual Rows": 1200363, "Actual Loops": 1, "Inner Unique": false, "Plans": [{"Node Type": "Nested Loop", "Parent Relationship": "Outer", "Join Type": "Inner", "Startup Cost": 0.0, "Total Cost": 16644.48, "Plan Rows": 119904, "Plan Width": 64, "Actual Startup Time": 0.091, "Actual Total Time": 229.651, "Actual Rows": 119972, "Actual Loops": 1, "Inner Unique": false, "Plans": [{"Node Type": "Nested Loop", "Parent Relationship": "Outer", "Join Type": "Inner", "Startup Cost": 0.0, "Total Cost": 39.62, "Plan Rows": 2, "Plan Width": 60, "Actual Startup Time": 0.057, "Actual Total Time": 0.282, "Actual Rows": 2, "Actual Loops": 1, "Inner Unique": false, "Join Filter": "(((n1.n_name = 'JAPAN'::bpchar) AND (n2.n_name = 'INDIA'::bpchar)) OR ((n1.n_name = 'INDIA'::bpchar) AND (n2.n_name = 'JAPAN'::bpchar)))", "Rows Removed by Join Filter": 2, "Plans": [{"Node Type": "Index Scan", "Parent Relationship": "Outer", "Scan Direction": "Forward", "Index Name": "nation_pkey", "Relation Name": "nation", "Alias": "n1", "Startup Cost": 0.0, "Total Cost": 12.75, "Plan Rows": 25, "Plan Width": 30, "Actual Startup Time": 0.023, "Actual Total Time": 0.046, "Actual Rows": 2, "Actual Loops": 1, "Filter": "((n_name = 'JAPAN'::bpchar) OR (n_name = 'INDIA'::bpchar))", "Rows Removed by Filter": 23}, {"Node Type": "Materialize", "Parent Relationship": "Inner", "Startup Cost": 0.0, "Total Cost": 12.88, "Plan Rows": 25, "Plan Width": 30, "Actual Startup Time": 0.026, "Actual Total Time": 0.192, "Actual Rows": 4, "Actual Loops": 2, "Plans": [{"Node Type": "Index Scan", "Parent Relationship": "Outer", "Scan Direction": "Forward", "Index Name": "nation_pkey", "Relation Name": "nation", "Alias": "n2", "Startup Cost": 0.0, "Total Cost": 12.75, "Plan Rows": 25, "Plan Width": 30, "Actual Startup Time": 0.011, "Actual Total Time": 0.046, "Actual Rows": 2, "Actual Loops": 1, "Filter": "((n_name = 'INDIA'::bpchar) OR (n_name = 'JAPAN'::bpchar))", "Rows Removed by Filter": 23}]}]}, {"Node Type": "Index Scan", "Parent Relationship": "Inner", "Scan Direction": "Forward", "Index Name": "idx_customer_nationkey", "Relation Name": "customer", "Alias": "customer", "Startup Cost": 0.0, "Total Cost": 7702.43, "Plan Rows": 60000, "Plan Width": 12, "Actual Startup Time": 0.061, "Actual Total Time": 194.905, "Actual Rows": 119972, "Actual Loops": 2, "Index Cond": "(c_nationkey = n2.n_nationkey)", "Rows Removed by Index Recheck": 0}]}, {"Node Type": "Index Scan", "Parent Relationship": "Inner", "Scan Direction": "Forward", "Index Name": "idx_orders_custkey", "Relation Name": "orders", "Alias": "orders", "Startup Cost": 0.0, "Total Cost": 1.22, "Plan Rows": 4, "Plan Width": 16, "Actual Startup Time": 770.574, "Actual Total Time": 3603.0, "Actual Rows": 1200363, "Actual Loops": 119972, "Index Cond": "(o_custkey = customer.c_custkey)", "Rows Removed by Index Recheck": 0}]}, {"Node Type": "Index Scan", "Parent Relationship": "Inner", "Scan Direction": "Forward", "Index Name": "idx_lineitem_orderkey", "Relation Name": "lineitem", "Alias": "lineitem", "Startup Cost": 0.0, "Total Cost": 0.91, "Plan Rows": 3, "Plan Width": 40, "Actual Startup Time": 13140.934, "Actual Total Time": 14293.094, "Actual Rows": 1459150, "Actual Loops": 1200363, "Index Cond": "(l_orderkey = orders.o_orderkey)", "Rows Removed by Index Recheck": 0, "Filter": "((l_shipdate >= '1995-01-01 00:00:00'::timestamp(0) without time zone) AND (l_shipdate <= '1996-12-31 00:00:00'::timestamp(0) without time zone))", "Rows Removed by Filter": 3342563}]}, {"Node Type": "Hash", "Parent Relationship": "Inner", "Startup Cost": 5334.54, "Total Cost": 5334.54, "Plan Rows": 100000, "Plan Width": 12, "Actual Startup Time": 111.044, "Actual Total Time": 111.044, "Actual Rows": 100000, "Actual Loops": 1, "Hash Buckets": 131072, "Hash Batches": 1, "Original Hash Batches": 1, "Peak Memory Usage": 4297, "Plans": [{"Node Type": "Index Scan", "Parent Relationship": "Outer", "Scan Direction": "Forward", "Index Name": "supplier_pkey", "Relation Name": "supplier", "Alias": "supplier", "Startup Cost": 0.0, "Total Cost": 5334.54, "Plan Rows": 100000, "Plan Width": 12, "Actual Startup Time": 0.018, "Actual Total Time": 78.364, "Actual Rows": 100000, "Actual Loops": 1}]}]}]}]}, "Triggers": [], "Planner Runtime": 2, "Total Runtime": 20341.211, "Unique SQL Id": 2208782157}}, "(64, 106)": {"explain_plan": {"Plan": {"Node Type": "Sort", "Startup Cost": 2961361.75, "Total Cost": 2961370.97, "Plan Rows": 3688, "Plan Width": 84, "Sort Key": ["n1.n_name", "n2.n_name", "(date_part('year'::text, lineitem.l_shipdate))"], "Plans": [{"Node Type": "Aggregate", "Strategy": "Hashed", "Parent Relationship": "Outer", "Startup Cost": 2961097.16, "Total Cost": 2961143.26, "Plan Rows": 3688, "Plan Width": 84, "Group By Key": ["n1.n_name", "n2.n_name", "date_part('year'::text, lineitem.l_shipdate)"], "Plans": [{"Node Type": "Hash Join", "Parent Relationship": "Outer", "Join Type": "Inner", "Startup Cost": 557677.12, "Total Cost": 2961041.84, "Plan Rows": 3688, "Plan Width": 76, "Inner Unique": true, "Hash Cond": "((lineitem.l_suppkey = supplier.s_suppkey) AND (n1.n_nationkey = supplier.s_nationkey))", "Plans": [{"Node Type": "Hash Join", "Parent Relationship": "Outer", "Join Type": "Inner", "Startup Cost": 552894.12, "Total Cost": 2950674.86, "Plan Rows": 740786, "Plan Width": 88, "Inner Unique": false, "Hash Cond": "(lineitem.l_orderkey = orders.o_orderkey), (LLVM Optimized)", "Plans": [{"Node Type": "Seq Scan", "Parent Relationship": "Outer", "Relation Name": "lineitem", "Alias": "lineitem", "Startup Cost": 44.59, "Total Cost": 2315050.5, "Plan Rows": 18124991, "Plan Width": 40, "Filter": "((l_shipdate >= '1995-01-01 00:00:00'::timestamp(0) without time zone) AND (l_shipdate <= '1996-12-31 00:00:00'::timestamp(0) without time zone)), (LLVM Optimized)"}, {"Node Type": "Hash", "Parent Relationship": "Inner", "Startup Cost": 546537.38, "Total Cost": 546537.38, "Plan Rows": 504972, "Plan Width": 64, "Plans": [{"Node Type": "Hash Join", "Parent Relationship": "Outer", "Join Type": "Inner", "Startup Cost": 58825.83, "Total Cost": 546537.38, "Plan Rows": 504972, "Plan Width": 64, "Inner Unique": false, "Hash Cond": "(orders.o_custkey = customer.c_custkey), (LLVM Optimized)", "Plans": [{"Node Type": "Seq Scan", "Parent Relationship": "Outer", "Relation Name": "orders", "Alias": "orders", "Startup Cost": 0.0, "Total Cost": 426413.79, "Plan Rows": 14999479, "Plan Width": 16}, {"Node Type": "Hash", "Parent Relationship": "Inner", "Startup Cost": 57327.03, "Total Cost": 57327.03, "Plan Rows": 119904, "Plan Width": 64, "Plans": [{"Node Type": "Hash Join", "Parent Relationship": "Outer", "Join Type": "Inner", "Startup Cost": 16.65, "Total Cost": 57327.03, "Plan Rows": 119904, "Plan Width": 64, "Inner Unique": false, "Hash Cond": "(customer.c_nationkey = n2.n_nationkey), (LLVM Optimized)", "Plans": [{"Node Type": "Seq Scan", "Parent Relationship": "Outer", "Relation Name": "customer", "Alias": "customer", "Startup Cost": 0.0, "Total Cost": 52126.0, "Plan Rows": 1500000, "Plan Width": 12}, {"Node Type": "Hash", "Parent Relationship": "Inner", "Startup Cost": 16.62, "Total Cost": 16.62, "Plan Rows": 2, "Plan Width": 60, "Plans": [{"Node Type": "Nested Loop", "Parent Relationship": "Outer", "Join Type": "Inner", "Startup Cost": 0.0, "Total Cost": 16.62, "Plan Rows": 2, "Plan Width": 60, "Inner Unique": false, "Join Filter": "(((n1.n_name = 'JAPAN'::bpchar) AND (n2.n_name = 'INDIA'::bpchar)) OR ((n1.n_name = 'INDIA'::bpchar) AND (n2.n_name = 'JAPAN'::bpchar)))", "Plans": [{"Node Type": "Seq Scan", "Parent Relationship": "Outer", "Relation Name": "nation", "Alias": "n1", "Startup Cost": 0.0, "Total Cost": 1.25, "Plan Rows": 25, "Plan Width": 30, "Filter": "((n_name = 'JAPAN'::bpchar) OR (n_name = 'INDIA'::bpchar))"}, {"Node Type": "Materialize", "Parent Relationship": "Inner", "Startup Cost": 0.0, "Total Cost": 1.38, "Plan Rows": 25, "Plan Width": 30, "Plans": [{"Node Type": "Seq Scan", "Parent Relationship": "Outer", "Relation Name": "nation", "Alias": "n2", "Startup Cost": 0.0, "Total Cost": 1.25, "Plan Rows": 25, "Plan Width": 30, "Filter": "((n_name = 'INDIA'::bpchar) OR (n_name = 'JAPAN'::bpchar))"}]}]}]}]}]}]}]}]}, {"Node Type": "Hash", "Parent Relationship": "Inner", "Startup Cost": 3283.0, "Total Cost": 3283.0, "Plan Rows": 100000, "Plan Width": 12, "Plans": [{"Node Type": "Seq Scan", "Parent Relationship": "Outer", "Relation Name": "supplier", "Alias": "supplier", "Startup Cost": 0.0, "Total Cost": 3283.0, "Plan Rows": 100000, "Plan Width": 12}]}]}]}]}, "Unique SQL Id": 2208782157, "Planner Runtime": 3}, "explain_analyze_plan": {"Plan": {"Node Type": "Sort", "Startup Cost": 2961361.75, "Total Cost": 2961370.97, "Plan Rows": 3688, "Plan Width": 84, "Actual Startup Time": 39087.97, "Actual Total Time": 39087.97, "Actual Rows": 4, "Actual Loops": 1, "Sort Key": ["n1.n_name", "n2.n_name", "(date_part('year'::text, lineitem.l_shipdate))"], "Sort Method": "quicksort", "Sort Space Used": 25, "Sort Space Type": "Memory", "Plans": [{"Node Type": "Aggregate", "Strategy": "Hashed", "Parent Relationship": "Outer", "Startup Cost": 2961097.16, "Total Cost": 2961143.26, "Plan Rows": 3688, "Plan Width": 84, "Actual Startup Time": 39087.928, "Actual Total Time": 39087.933, "Actual Rows": 4, "Actual Loops": 1, "Group By Key": ["n1.n_name", "n2.n_name", "date_part('year'::text, lineitem.l_shipdate)"], "Plans": [{"Node Type": "Hash Join", "Parent Relationship": "Outer", "Join Type": "Inner", "Startup Cost": 557677.12, "Total Cost": 2961041.84, "Plan Rows": 3688, "Plan Width": 76, "Actual Startup Time": 9937.976, "Actual Total Time": 38999.287, "Actual Rows": 58554, "Actual Loops": 1, "Inner Unique": true, "Hash Cond": "((lineitem.l_suppkey = supplier.s_suppkey) AND (n1.n_nationkey = supplier.s_nationkey))", "Plans": [{"Node Type": "Hash Join", "Parent Relationship": "Outer", "Join Type": "Inner", "Startup Cost": 552894.12, "Total Cost": 2950674.86, "Plan Rows": 740786, "Plan Width": 88, "Actual Startup Time": 9866.385, "Actual Total Time": 38269.641, "Actual Rows": 1459150, "Actual Loops": 1, "Inner Unique": false, "Hash Cond": "(lineitem.l_orderkey = orders.o_orderkey), (LLVM Optimized, Jit Execute)", "Plans": [{"Node Type": "Seq Scan", "Parent Relationship": "Outer", "Relation Name": "lineitem", "Alias": "lineitem", "Startup Cost": 44.59, "Total Cost": 2315050.5, "Plan Rows": 18124991, "Plan Width": 40, "Actual Startup Time": 0.027, "Actual Total Time": 22462.218, "Actual Rows": 18230325, "Actual Loops": 1, "Filter": "((l_shipdate >= '1995-01-01 00:00:00'::timestamp(0) without time zone) AND (l_shipdate <= '1996-12-31 00:00:00'::timestamp(0) without time zone)), (LLVM Optimized, Jit Execute)", "Rows Removed by Filter": 41755727}, {"Node Type": "Hash", "Parent Relationship": "Inner", "Startup Cost": 546537.38, "Total Cost": 546537.38, "Plan Rows": 504972, "Plan Width": 64, "Actual Startup Time": 9865.556, "Actual Total Time": 9865.556, "Actual Rows": 1200363, "Actual Loops": 1, "Hash Buckets": 524288, "Hash Batches": 1, "Original Hash Batches": 1, "Peak Memory Usage": 112535, "Plans": [{"Node Type": "Hash Join", "Parent Relationship": "Outer", "Join Type": "Inner", "Startup Cost": 58825.83, "Total Cost": 546537.38, "Plan Rows": 504972, "Plan Width": 64, "Actual Startup Time": 838.758, "Actual Total Time": 9389.715, "Actual Rows": 1200363, "Actual Loops": 1, "Inner Unique": false, "Hash Cond": "(orders.o_custkey = customer.c_custkey), (LLVM Optimized, Jit Execute)", "Plans": [{"Node Type": "Seq Scan", "Parent Relationship": "Outer", "Relation Name": "orders", "Alias": "orders", "Startup Cost": 0.0, "Total Cost": 426413.79, "Plan Rows": 14999479, "Plan Width": 16, "Actual Startup Time": 0.026, "Actual Total Time": 4232.637, "Actual Rows": 15000000, "Actual Loops": 1}, {"Node Type": "Hash", "Parent Relationship": "Inner", "Startup Cost": 57327.03, "Total Cost": 57327.03, "Plan Rows": 119904, "Plan Width": 64, "Actual Startup Time": 838.604, "Actual Total Time": 838.604, "Actual Rows": 119972, "Actual Loops": 1, "Hash Buckets": 131072, "Hash Batches": 1, "Original Hash Batches": 1, "Peak Memory Usage": 11248, "Plans": [{"Node Type": "Hash Join", "Parent Relationship": "Outer", "Join Type": "Inner", "Startup Cost": 16.65, "Total Cost": 57327.03, "Plan Rows": 119904, "Plan Width": 64, "Actual Startup Time": 0.125, "Actual Total Time": 795.819, "Actual Rows": 119972, "Actual Loops": 1, "Inner Unique": false, "Hash Cond": "(customer.c_nationkey = n2.n_nationkey), (LLVM Optimized, Jit Execute)", "Plans": [{"Node Type": "Seq Scan", "Parent Relationship": "Outer", "Relation Name": "customer", "Alias": "customer", "Startup Cost": 0.0, "Total Cost": 52126.0, "Plan Rows": 1500000, "Plan Width": 12, "Actual Startup Time": 0.012, "Actual Total Time": 476.1, "Actual Rows": 1500000, "Actual Loops": 1}, {"Node Type": "Hash", "Parent Relationship": "Inner", "Startup Cost": 16.62, "Total Cost": 16.62, "Plan Rows": 2, "Plan Width": 60, "Actual Startup Time": 0.077, "Actual Total Time": 0.077, "Actual Rows": 2, "Actual Loops": 1, "Hash Buckets": 32768, "Hash Batches": 1, "Original Hash Batches": 1, "Peak Memory Usage": 1, "Plans": [{"Node Type": "Nested Loop", "Parent Relationship": "Outer", "Join Type": "Inner", "Startup Cost": 0.0, "Total Cost": 16.62, "Plan Rows": 2, "Plan Width": 60, "Actual Startup Time": 0.053, "Actual Total Time": 0.072, "Actual Rows": 2, "Actual Loops": 1, "Inner Unique": false, "Join Filter": "(((n1.n_name = 'JAPAN'::bpchar) AND (n2.n_name = 'INDIA'::bpchar)) OR ((n1.n_name = 'INDIA'::bpchar) AND (n2.n_name = 'JAPAN'::bpchar)))", "Rows Removed by Join Filter": 2, "Plans": [{"Node Type": "Seq Scan", "Parent Relationship": "Outer", "Relation Name": "nation", "Alias": "n1", "Startup Cost": 0.0, "Total Cost": 1.25, "Plan Rows": 25, "Plan Width": 30, "Actual Startup Time": 0.023, "Actual Total Time": 0.029, "Actual Rows": 2, "Actual Loops": 1, "Filter": "((n_name = 'JAPAN'::bpchar) OR (n_name = 'INDIA'::bpchar))", "Rows Removed by Filter": 23}, {"Node Type": "Materialize", "Parent Relationship": "Inner", "Startup Cost": 0.0, "Total Cost": 1.38, "Plan Rows": 25, "Plan Width": 30, "Actual Startup Time": 0.017, "Actual Total Time": 0.025, "Actual Rows": 4, "Actual Loops": 2, "Plans": [{"Node Type": "Seq Scan", "Parent Relationship": "Outer", "Relation Name": "nation", "Alias": "n2", "Startup Cost": 0.0, "Total Cost": 1.25, "Plan Rows": 25, "Plan Width": 30, "Actual Startup Time": 0.013, "Actual Total Time": 0.021, "Actual Rows": 2, "Actual Loops": 1, "Filter": "((n_name = 'INDIA'::bpchar) OR (n_name = 'JAPAN'::bpchar))", "Rows Removed by Filter": 23}]}]}]}]}]}]}]}]}, {"Node Type": "Hash", "Parent Relationship": "Inner", "Startup Cost": 3283.0, "Total Cost": 3283.0, "Plan Rows": 100000, "Plan Width": 12, "Actual Startup Time": 70.725, "Actual Total Time": 70.725, "Actual Rows": 100000, "Actual Loops": 1, "Hash Buckets": 131072, "Hash Batches": 1, "Original Hash Batches": 1, "Peak Memory Usage": 4297, "Plans": [{"Node Type": "Seq Scan", "Parent Relationship": "Outer", "Relation Name": "supplier", "Alias": "supplier", "Startup Cost": 0.0, "Total Cost": 3283.0, "Plan Rows": 100000, "Plan Width": 12, "Actual Startup Time": 0.017, "Actual Total Time": 40.465, "Actual Rows": 100000, "Actual Loops": 1}]}]}]}]}, "Triggers": [], "Planner Runtime": 3, "Total Runtime": 39097.696, "Unique SQL Id": 2208782157}}, "(64, 107)": {"explain_plan": {"Plan": {"Node Type": "Sort", "Startup Cost": 6000436694537.37, "Total Cost": 6000436694546.58, "Plan Rows": 3688, "Plan Width": 84, "Sort Key": ["n1.n_name", "n2.n_name", "(date_part('year'::text, lineitem.l_shipdate))"], "Plans": [{"Node Type": "Aggregate", "Strategy": "Hashed", "Parent Relationship": "Outer", "Startup Cost": 6000436694272.78, "Total Cost": 6000436694318.88, "Plan Rows": 3688, "Plan Width": 84, "Group By Key": ["n1.n_name", "n2.n_name", "date_part('year'::text, lineitem.l_shipdate)"], "Plans": [{"Node Type": "Hash Join", "Parent Relationship": "Outer", "Join Type": "Inner", "Startup Cost": 4020081920352.3, "Total Cost": 6000436694217.46, "Plan Rows": 3688, "Plan Width": 76, "Inner Unique": true, "Hash Cond": "((orders.o_custkey = customer.c_custkey) AND (n2.n_nationkey = customer.c_nationkey))", "Plans": [{"Node Type": "Nested Loop", "Parent Relationship": "Outer", "Join Type": "Inner", "Startup Cost": 3020073821316.68, "Total Cost": 5000428594444.18, "Plan Rows": 92207, "Plan Width": 88, "Inner Unique": false, "Join Filter": "(((n1.n_name = 'JAPAN'::bpchar) AND (n2.n_name = 'INDIA'::bpchar)) OR ((n1.n_name = 'INDIA'::bpchar) AND (n2.n_name = 'JAPAN'::bpchar)))", "Plans": [{"Node Type": "Index Scan", "Parent Relationship": "Outer", "Scan Direction": "Forward", "Index Name": "nation_pkey", "Relation Name": "nation", "Alias": "n2", "Startup Cost": 10000000000.0, "Total Cost": 1000000001275.0, "Plan Rows": 25, "Plan Width": 30, "Filter": "((n_name = 'INDIA'::bpchar) OR (n_name = 'JAPAN'::bpchar))"}, {"Node Type": "Materialize", "Parent Relationship": "Inner", "Startup Cost": 3010073821316.68, "Total Cost": 4000427947200.78, "Plan Rows": 1153515, "Plan Width": 58, "Plans": [{"Node Type": "Hash Join", "Parent Relationship": "Outer", "Join Type": "Inner", "Startup Cost": 3010073821316.68, "Total Cost": 4000427941433.21, "Plan Rows": 1153515, "Plan Width": 58, "Inner Unique": true, "Hash Cond": "(supplier.s_nationkey = n1.n_nationkey), (LLVM Optimized)", "Plans": [{"Node Type": "Hash Join", "Parent Relationship": "Outer", "Join Type": "Inner", "Startup Cost": 2010073820041.37, "Total Cost": 3000427924297.06, "Plan Rows": 1153515, "Plan Width": 36, "Inner Unique": true, "Hash Cond": "(lineitem.l_orderkey = orders.o_orderkey), (LLVM Optimized)", "Plans": [{"Node Type": "Hash Join", "Parent Relationship": "Outer", "Join Type": "Inner", "Startup Cost": 1010000534704.38, "Total Cost": 2000354623099.25, "Plan Rows": 1153515, "Plan Width": 36, "Inner Unique": true, "Hash Cond": "(lineitem.l_suppkey = supplier.s_suppkey), (LLVM Optimized)", "Plans": [{"Node Type": "Index Scan", "Parent Relationship": "Outer", "Scan Direction": "Forward", "Index Name": "idx_lineitem_orderkey", "Relation Name": "lineitem", "Alias": "lineitem", "Startup Cost": 10000000000.0, "Total Cost": 1000354008891.0, "Plan Rows": 18124991, "Plan Width": 40, "Filter": "((l_shipdate >= '1995-01-01 00:00:00'::timestamp(0) without time zone) AND (l_shipdate <= '1996-12-31 00:00:00'::timestamp(0) without time zone)), (LLVM Optimized)"}, {"Node Type": "Hash", "Parent Relationship": "Inner", "Startup Cost": 1000000533454.38, "Total Cost": 1000000533454.38, "Plan Rows": 100000, "Plan Width": 12, "Plans": [{"Node Type": "Index Scan", "Parent Relationship": "Outer", "Scan Direction": "Forward", "Index Name": "supplier_pkey", "Relation Name": "supplier", "Alias": "supplier", "Startup Cost": 10000000000.0, "Total Cost": 1000000533454.38, "Plan Rows": 100000, "Plan Width": 12}]}]}, {"Node Type": "Hash", "Parent Relationship": "Inner", "Startup Cost": 1000073097843.5, "Total Cost": 1000073097843.5, "Plan Rows": 14999479, "Plan Width": 16, "Plans": [{"Node Type": "Index Scan", "Parent Relationship": "Outer", "Scan Direction": "Forward", "Index Name": "orders_pkey", "Relation Name": "orders", "Alias": "orders", "Startup Cost": 10000000000.0, "Total Cost": 1000073097843.5, "Plan Rows": 14999479, "Plan Width": 16}]}]}, {"Node Type": "Hash", "Parent Relationship": "Inner", "Startup Cost": 1000000001275.0, "Total Cost": 1000000001275.0, "Plan Rows": 25, "Plan Width": 30, "Plans": [{"Node Type": "Index Scan", "Parent Relationship": "Outer", "Scan Direction": "Forward", "Index Name": "nation_pkey", "Relation Name": "nation", "Alias": "n1", "Startup Cost": 10000000000.0, "Total Cost": 1000000001275.0, "Plan Rows": 25, "Plan Width": 30, "Filter": "((n_name = 'JAPAN'::bpchar) OR (n_name = 'INDIA'::bpchar))"}]}]}]}]}, {"Node Type": "Hash", "Parent Relationship": "Inner", "Startup Cost": 1000008076535.62, "Total Cost": 1000008076535.62, "Plan Rows": 1500000, "Plan Width": 12, "Plans": [{"Node Type": "Index Scan", "Parent Relationship": "Outer", "Scan Direction": "Forward", "Index Name": "customer_pkey", "Relation Name": "customer", "Alias": "customer", "Startup Cost": 10000000000.0, "Total Cost": 1000008076535.62, "Plan Rows": 1500000, "Plan Width": 12}]}]}]}]}, "Unique SQL Id": 2208782157, "Planner Runtime": 5}, "explain_analyze_plan": null}, "(64, 108)": {"explain_plan": {"Plan": {"Node Type": "Sort", "Startup Cost": 655180.01, "Total Cost": 655189.23, "Plan Rows": 3688, "Plan Width": 84, "Sort Key": ["n1.n_name", "n2.n_name", "(date_part('year'::text, lineitem.l_shipdate))"], "Plans": [{"Node Type": "Aggregate", "Strategy": "Hashed", "Parent Relationship": "Outer", "Startup Cost": 654915.42, "Total Cost": 654961.52, "Plan Rows": 3688, "Plan Width": 84, "Group By Key": ["n1.n_name", "n2.n_name", "date_part('year'::text, lineitem.l_shipdate)"], "Plans": [{"Node Type": "Hash Join", "Parent Relationship": "Outer", "Join Type": "Inner", "Startup Cost": 4783.0, "Total Cost": 654860.1, "Plan Rows": 3688, "Plan Width": 76, "Inner Unique": true, "Hash Cond": "((lineitem.l_suppkey = supplier.s_suppkey) AND (n1.n_nationkey = supplier.s_nationkey))", "Plans": [{"Node Type": "Nested Loop", "Parent Relationship": "Outer", "Join Type": "Inner", "Startup Cost": 0.0, "Total Cost": 644493.13, "Plan Rows": 740786, "Plan Width": 88, "Inner Unique": false, "Plans": [{"Node Type": "Nested Loop", "Parent Relationship": "Outer", "Join Type": "Inner", "Startup Cost": 0.0, "Total Cost": 167755.5, "Plan Rows": 504972, "Plan Width": 64, "Inner Unique": false, "Plans": [{"Node Type": "Nested Loop", "Parent Relationship": "Outer", "Join Type": "Inner", "Startup Cost": 0.0, "Total Cost": 16632.98, "Plan Rows": 119904, "Plan Width": 64, "Inner Unique": false, "Plans": [{"Node Type": "Nested Loop", "Parent Relationship": "Outer", "Join Type": "Inner", "Startup Cost": 0.0, "Total Cost": 28.12, "Plan Rows": 2, "Plan Width": 60, "Inner Unique": false, "Join Filter": "(((n1.n_name = 'JAPAN'::bpchar) AND (n2.n_name = 'INDIA'::bpchar)) OR ((n1.n_name = 'INDIA'::bpchar) AND (n2.n_name = 'JAPAN'::bpchar)))", "Plans": [{"Node Type": "Index Scan", "Parent Relationship": "Outer", "Scan Direction": "Forward", "Index Name": "nation_pkey", "Relation Name": "nation", "Alias": "n1", "Startup Cost": 0.0, "Total Cost": 12.75, "Plan Rows": 25, "Plan Width": 30, "Filter": "((n_name = 'JAPAN'::bpchar) OR (n_name = 'INDIA'::bpchar))"}, {"Node Type": "Materialize", "Parent Relationship": "Inner", "Startup Cost": 0.0, "Total Cost": 1.38, "Plan Rows": 25, "Plan Width": 30, "Plans": [{"Node Type": "Seq Scan", "Parent Relationship": "Outer", "Relation Name": "nation", "Alias": "n2", "Startup Cost": 0.0, "Total Cost": 1.25, "Plan Rows": 25, "Plan Width": 30, "Filter": "((n_name = 'INDIA'::bpchar) OR (n_name = 'JAPAN'::bpchar))"}]}]}, {"Node Type": "Index Scan", "Parent Relationship": "Inner", "Scan Direction": "Forward", "Index Name": "idx_customer_nationkey", "Relation Name": "customer", "Alias": "customer", "Startup Cost": 0.0, "Total Cost": 7702.43, "Plan Rows": 60000, "Plan Width": 12, "Index Cond": "(c_nationkey = n2.n_nationkey)"}]}, {"Node Type": "Index Scan", "Parent Relationship": "Inner", "Scan Direction": "Forward", "Index Name": "idx_orders_custkey", "Relation Name": "orders", "Alias": "orders", "Startup Cost": 0.0, "Total Cost": 1.22, "Plan Rows": 4, "Plan Width": 16, "Index Cond": "(o_custkey = customer.c_custkey)"}]}, {"Node Type": "Index Scan", "Parent Relationship": "Inner", "Scan Direction": "Forward", "Index Name": "idx_lineitem_orderkey", "Relation Name": "lineitem", "Alias": "lineitem", "Startup Cost": 0.0, "Total Cost": 0.91, "Plan Rows": 3, "Plan Width": 40, "Index Cond": "(l_orderkey = orders.o_orderkey)", "Filter": "((l_shipdate >= '1995-01-01 00:00:00'::timestamp(0) without time zone) AND (l_shipdate <= '1996-12-31 00:00:00'::timestamp(0) without time zone))"}]}, {"Node Type": "Hash", "Parent Relationship": "Inner", "Startup Cost": 3283.0, "Total Cost": 3283.0, "Plan Rows": 100000, "Plan Width": 12, "Plans": [{"Node Type": "Seq Scan", "Parent Relationship": "Outer", "Relation Name": "supplier", "Alias": "supplier", "Startup Cost": 0.0, "Total Cost": 3283.0, "Plan Rows": 100000, "Plan Width": 12}]}]}]}]}, "Unique SQL Id": 2208782157, "Planner Runtime": 3}, "explain_analyze_plan": {"Plan": {"Node Type": "Sort", "Startup Cost": 655180.01, "Total Cost": 655189.23, "Plan Rows": 3688, "Plan Width": 84, "Actual Startup Time": 20315.297, "Actual Total Time": 20315.297, "Actual Rows": 4, "Actual Loops": 1, "Sort Key": ["n1.n_name", "n2.n_name", "(date_part('year'::text, lineitem.l_shipdate))"], "Sort Method": "quicksort", "Sort Space Used": 25, "Sort Space Type": "Memory", "Plans": [{"Node Type": "Aggregate", "Strategy": "Hashed", "Parent Relationship": "Outer", "Startup Cost": 654915.42, "Total Cost": 654961.52, "Plan Rows": 3688, "Plan Width": 84, "Actual Startup Time": 20315.255, "Actual Total Time": 20315.259, "Actual Rows": 4, "Actual Loops": 1, "Group By Key": ["n1.n_name", "n2.n_name", "date_part('year'::text, lineitem.l_shipdate)"], "Plans": [{"Node Type": "Hash Join", "Parent Relationship": "Outer", "Join Type": "Inner", "Startup Cost": 4783.0, "Total Cost": 654860.1, "Plan Rows": 3688, "Plan Width": 76, "Actual Startup Time": 69.016, "Actual Total Time": 20216.881, "Actual Rows": 58554, "Actual Loops": 1, "Inner Unique": true, "Hash Cond": "((lineitem.l_suppkey = supplier.s_suppkey) AND (n1.n_nationkey = supplier.s_nationkey))", "Plans": [{"Node Type": "Nested Loop", "Parent Relationship": "Outer", "Join Type": "Inner", "Startup Cost": 0.0, "Total Cost": 644493.13, "Plan Rows": 740786, "Plan Width": 88, "Actual Startup Time": 0.177, "Actual Total Time": 19476.148, "Actual Rows": 1459150, "Actual Loops": 1, "Inner Unique": false, "Plans": [{"Node Type": "Nested Loop", "Parent Relationship": "Outer", "Join Type": "Inner", "Startup Cost": 0.0, "Total Cost": 167755.5, "Plan Rows": 504972, "Plan Width": 64, "Actual Startup Time": 0.106, "Actual Total Time": 4191.716, "Actual Rows": 1200363, "Actual Loops": 1, "Inner Unique": false, "Plans": [{"Node Type": "Nested Loop", "Parent Relationship": "Outer", "Join Type": "Inner", "Startup Cost": 0.0, "Total Cost": 16632.98, "Plan Rows": 119904, "Plan Width": 64, "Actual Startup Time": 0.094, "Actual Total Time": 227.921, "Actual Rows": 119972, "Actual Loops": 1, "Inner Unique": false, "Plans": [{"Node Type": "Nested Loop", "Parent Relationship": "Outer", "Join Type": "Inner", "Startup Cost": 0.0, "Total Cost": 28.12, "Plan Rows": 2, "Plan Width": 60, "Actual Startup Time": 0.058, "Actual Total Time": 0.245, "Actual Rows": 2, "Actual Loops": 1, "Inner Unique": false, "Join Filter": "(((n1.n_name = 'JAPAN'::bpchar) AND (n2.n_name = 'INDIA'::bpchar)) OR ((n1.n_name = 'INDIA'::bpchar) AND (n2.n_name = 'JAPAN'::bpchar)))", "Rows Removed by Join Filter": 2, "Plans": [{"Node Type": "Index Scan", "Parent Relationship": "Outer", "Scan Direction": "Forward", "Index Name": "nation_pkey", "Relation Name": "nation", "Alias": "n1", "Startup Cost": 0.0, "Total Cost": 12.75, "Plan Rows": 25, "Plan Width": 30, "Actual Startup Time": 0.021, "Actual Total Time": 0.053, "Actual Rows": 2, "Actual Loops": 1, "Filter": "((n_name = 'JAPAN'::bpchar) OR (n_name = 'INDIA'::bpchar))", "Rows Removed by Filter": 23}, {"Node Type": "Materialize", "Parent Relationship": "Inner", "Startup Cost": 0.0, "Total Cost": 1.38, "Plan Rows": 25, "Plan Width": 30, "Actual Startup Time": 0.028, "Actual Total Time": 0.056, "Actual Rows": 4, "Actual Loops": 2, "Plans": [{"Node Type": "Seq Scan", "Parent Relationship": "Outer", "Relation Name": "nation", "Alias": "n2", "Startup Cost": 0.0, "Total Cost": 1.25, "Plan Rows": 25, "Plan Width": 30, "Actual Startup Time": 0.021, "Actual Total Time": 0.043, "Actual Rows": 2, "Actual Loops": 1, "Filter": "((n_name = 'INDIA'::bpchar) OR (n_name = 'JAPAN'::bpchar))", "Rows Removed by Filter": 23}]}]}, {"Node Type": "Index Scan", "Parent Relationship": "Inner", "Scan Direction": "Forward", "Index Name": "idx_customer_nationkey", "Relation Name": "customer", "Alias": "customer", "Startup Cost": 0.0, "Total Cost": 7702.43, "Plan Rows": 60000, "Plan Width": 12, "Actual Startup Time": 0.062, "Actual Total Time": 195.075, "Actual Rows": 119972, "Actual Loops": 2, "Index Cond": "(c_nationkey = n2.n_nationkey)", "Rows Removed by Index Recheck": 0}]}, {"Node Type": "Index Scan", "Parent Relationship": "Inner", "Scan Direction": "Forward", "Index Name": "idx_orders_custkey", "Relation Name": "orders", "Alias": "orders", "Startup Cost": 0.0, "Total Cost": 1.22, "Plan Rows": 4, "Plan Width": 16, "Actual Startup Time": 771.687, "Actual Total Time": 3621.827, "Actual Rows": 1200363, "Actual Loops": 119972, "Index Cond": "(o_custkey = customer.c_custkey)", "Rows Removed by Index Recheck": 0}]}, {"Node Type": "Index Scan", "Parent Relationship": "Inner", "Scan Direction": "Forward", "Index Name": "idx_lineitem_orderkey", "Relation Name": "lineitem", "Alias": "lineitem", "Startup Cost": 0.0, "Total Cost": 0.91, "Plan Rows": 3, "Plan Width": 40, "Actual Startup Time": 13170.471, "Actual Total Time": 14318.898, "Actual Rows": 1459150, "Actual Loops": 1200363, "Index Cond": "(l_orderkey = orders.o_orderkey)", "Rows Removed by Index Recheck": 0, "Filter": "((l_shipdate >= '1995-01-01 00:00:00'::timestamp(0) without time zone) AND (l_shipdate <= '1996-12-31 00:00:00'::timestamp(0) without time zone))", "Rows Removed by Filter": 3342563}]}, {"Node Type": "Hash", "Parent Relationship": "Inner", "Startup Cost": 3283.0, "Total Cost": 3283.0, "Plan Rows": 100000, "Plan Width": 12, "Actual Startup Time": 68.584, "Actual Total Time": 68.584, "Actual Rows": 100000, "Actual Loops": 1, "Hash Buckets": 131072, "Hash Batches": 1, "Original Hash Batches": 1, "Peak Memory Usage": 4297, "Plans": [{"Node Type": "Seq Scan", "Parent Relationship": "Outer", "Relation Name": "supplier", "Alias": "supplier", "Startup Cost": 0.0, "Total Cost": 3283.0, "Plan Rows": 100000, "Plan Width": 12, "Actual Startup Time": 0.01, "Actual Total Time": 38.364, "Actual Rows": 100000, "Actual Loops": 1}]}]}]}]}, "Triggers": [], "Planner Runtime": 3, "Total Runtime": 20315.502, "Unique SQL Id": 2208782157}}, "(64, 109)": {"explain_plan": {"Plan": {"Node Type": "Sort", "Startup Cost": 657243.06, "Total Cost": 657252.28, "Plan Rows": 3688, "Plan Width": 84, "Sort Key": ["n1.n_name", "n2.n_name", "(date_part('year'::text, lineitem.l_shipdate))"], "Plans": [{"Node Type": "Aggregate", "Strategy": "Hashed", "Parent Relationship": "Outer", "Startup Cost": 656978.47, "Total Cost": 657024.57, "Plan Rows": 3688, "Plan Width": 84, "Group By Key": ["n1.n_name", "n2.n_name", "date_part('year'::text, lineitem.l_shipdate)"], "Plans": [{"Node Type": "Hash Join", "Parent Relationship": "Outer", "Join Type": "Inner", "Startup Cost": 6834.54, "Total Cost": 656923.15, "Plan Rows": 3688, "Plan Width": 76, "Inner Unique": true, "Hash Cond": "((lineitem.l_suppkey = supplier.s_suppkey) AND (n1.n_nationkey = supplier.s_nationkey))", "Plans": [{"Node Type": "Nested Loop", "Parent Relationship": "Outer", "Join Type": "Inner", "Startup Cost": 0.0, "Total Cost": 644504.63, "Plan Rows": 740786, "Plan Width": 88, "Inner Unique": false, "Plans": [{"Node Type": "Nested Loop", "Parent Relationship": "Outer", "Join Type": "Inner", "Startup Cost": 0.0, "Total Cost": 167767.0, "Plan Rows": 504972, "Plan Width": 64, "Inner Unique": false, "Plans": [{"Node Type": "Nested Loop", "Parent Relationship": "Outer", "Join Type": "Inner", "Startup Cost": 0.0, "Total Cost": 16644.48, "Plan Rows": 119904, "Plan Width": 64, "Inner Unique": false, "Plans": [{"Node Type": "Nested Loop", "Parent Relationship": "Outer", "Join Type": "Inner", "Startup Cost": 0.0, "Total Cost": 39.62, "Plan Rows": 2, "Plan Width": 60, "Inner Unique": false, "Join Filter": "(((n1.n_name = 'JAPAN'::bpchar) AND (n2.n_name = 'INDIA'::bpchar)) OR ((n1.n_name = 'INDIA'::bpchar) AND (n2.n_name = 'JAPAN'::bpchar)))", "Plans": [{"Node Type": "Index Scan", "Parent Relationship": "Outer", "Scan Direction": "Forward", "Index Name": "nation_pkey", "Relation Name": "nation", "Alias": "n1", "Startup Cost": 0.0, "Total Cost": 12.75, "Plan Rows": 25, "Plan Width": 30, "Filter": "((n_name = 'JAPAN'::bpchar) OR (n_name = 'INDIA'::bpchar))"}, {"Node Type": "Materialize", "Parent Relationship": "Inner", "Startup Cost": 0.0, "Total Cost": 12.88, "Plan Rows": 25, "Plan Width": 30, "Plans": [{"Node Type": "Index Scan", "Parent Relationship": "Outer", "Scan Direction": "Forward", "Index Name": "nation_pkey", "Relation Name": "nation", "Alias": "n2", "Startup Cost": 0.0, "Total Cost": 12.75, "Plan Rows": 25, "Plan Width": 30, "Filter": "((n_name = 'INDIA'::bpchar) OR (n_name = 'JAPAN'::bpchar))"}]}]}, {"Node Type": "Index Scan", "Parent Relationship": "Inner", "Scan Direction": "Forward", "Index Name": "idx_customer_nationkey", "Relation Name": "customer", "Alias": "customer", "Startup Cost": 0.0, "Total Cost": 7702.43, "Plan Rows": 60000, "Plan Width": 12, "Index Cond": "(c_nationkey = n2.n_nationkey)"}]}, {"Node Type": "Index Scan", "Parent Relationship": "Inner", "Scan Direction": "Forward", "Index Name": "idx_orders_custkey", "Relation Name": "orders", "Alias": "orders", "Startup Cost": 0.0, "Total Cost": 1.22, "Plan Rows": 4, "Plan Width": 16, "Index Cond": "(o_custkey = customer.c_custkey)"}]}, {"Node Type": "Index Scan", "Parent Relationship": "Inner", "Scan Direction": "Forward", "Index Name": "idx_lineitem_orderkey", "Relation Name": "lineitem", "Alias": "lineitem", "Startup Cost": 0.0, "Total Cost": 0.91, "Plan Rows": 3, "Plan Width": 40, "Index Cond": "(l_orderkey = orders.o_orderkey)", "Filter": "((l_shipdate >= '1995-01-01 00:00:00'::timestamp(0) without time zone) AND (l_shipdate <= '1996-12-31 00:00:00'::timestamp(0) without time zone))"}]}, {"Node Type": "Hash", "Parent Relationship": "Inner", "Startup Cost": 5334.54, "Total Cost": 5334.54, "Plan Rows": 100000, "Plan Width": 12, "Plans": [{"Node Type": "Index Scan", "Parent Relationship": "Outer", "Scan Direction": "Forward", "Index Name": "supplier_pkey", "Relation Name": "supplier", "Alias": "supplier", "Startup Cost": 0.0, "Total Cost": 5334.54, "Plan Rows": 100000, "Plan Width": 12}]}]}]}]}, "Unique SQL Id": 2208782157, "Planner Runtime": 2}, "explain_analyze_plan": {"Plan": {"Node Type": "Sort", "Startup Cost": 657243.06, "Total Cost": 657252.28, "Plan Rows": 3688, "Plan Width": 84, "Actual Startup Time": 20341.0, "Actual Total Time": 20341.0, "Actual Rows": 4, "Actual Loops": 1, "Sort Key": ["n1.n_name", "n2.n_name", "(date_part('year'::text, lineitem.l_shipdate))"], "Sort Method": "quicksort", "Sort Space Used": 25, "Sort Space Type": "Memory", "Plans": [{"Node Type": "Aggregate", "Strategy": "Hashed", "Parent Relationship": "Outer", "Startup Cost": 656978.47, "Total Cost": 657024.57, "Plan Rows": 3688, "Plan Width": 84, "Actual Startup Time": 20340.963, "Actual Total Time": 20340.968, "Actual Rows": 4, "Actual Loops": 1, "Group By Key": ["n1.n_name", "n2.n_name", "date_part('year'::text, lineitem.l_shipdate)"], "Plans": [{"Node Type": "Hash Join", "Parent Relationship": "Outer", "Join Type": "Inner", "Startup Cost": 6834.54, "Total Cost": 656923.15, "Plan Rows": 3688, "Plan Width": 76, "Actual Startup Time": 111.463, "Actual Total Time": 20242.064, "Actual Rows": 58554, "Actual Loops": 1, "Inner Unique": true, "Hash Cond": "((lineitem.l_suppkey = supplier.s_suppkey) AND (n1.n_nationkey = supplier.s_nationkey))", "Plans": [{"Node Type": "Nested Loop", "Parent Relationship": "Outer", "Join Type": "Inner", "Startup Cost": 0.0, "Total Cost": 644504.63, "Plan Rows": 740786, "Plan Width": 88, "Actual Startup Time": 0.156, "Actual Total Time": 19442.806, "Actual Rows": 1459150, "Actual Loops": 1, "Inner Unique": false, "Plans": [{"Node Type": "Nested Loop", "Parent Relationship": "Outer", "Join Type": "Inner", "Startup Cost": 0.0, "Total Cost": 167767.0, "Plan Rows": 504972, "Plan Width": 64, "Actual Startup Time": 0.104, "Actual Total Time": 4180.41, "Actual Rows": 1200363, "Actual Loops": 1, "Inner Unique": false, "Plans": [{"Node Type": "Nested Loop", "Parent Relationship": "Outer", "Join Type": "Inner", "Startup Cost": 0.0, "Total Cost": 16644.48, "Plan Rows": 119904, "Plan Width": 64, "Actual Startup Time": 0.091, "Actual Total Time": 229.651, "Actual Rows": 119972, "Actual Loops": 1, "Inner Unique": false, "Plans": [{"Node Type": "Nested Loop", "Parent Relationship": "Outer", "Join Type": "Inner", "Startup Cost": 0.0, "Total Cost": 39.62, "Plan Rows": 2, "Plan Width": 60, "Actual Startup Time": 0.057, "Actual Total Time": 0.282, "Actual Rows": 2, "Actual Loops": 1, "Inner Unique": false, "Join Filter": "(((n1.n_name = 'JAPAN'::bpchar) AND (n2.n_name = 'INDIA'::bpchar)) OR ((n1.n_name = 'INDIA'::bpchar) AND (n2.n_name = 'JAPAN'::bpchar)))", "Rows Removed by Join Filter": 2, "Plans": [{"Node Type": "Index Scan", "Parent Relationship": "Outer", "Scan Direction": "Forward", "Index Name": "nation_pkey", "Relation Name": "nation", "Alias": "n1", "Startup Cost": 0.0, "Total Cost": 12.75, "Plan Rows": 25, "Plan Width": 30, "Actual Startup Time": 0.023, "Actual Total Time": 0.046, "Actual Rows": 2, "Actual Loops": 1, "Filter": "((n_name = 'JAPAN'::bpchar) OR (n_name = 'INDIA'::bpchar))", "Rows Removed by Filter": 23}, {"Node Type": "Materialize", "Parent Relationship": "Inner", "Startup Cost": 0.0, "Total Cost": 12.88, "Plan Rows": 25, "Plan Width": 30, "Actual Startup Time": 0.026, "Actual Total Time": 0.192, "Actual Rows": 4, "Actual Loops": 2, "Plans": [{"Node Type": "Index Scan", "Parent Relationship": "Outer", "Scan Direction": "Forward", "Index Name": "nation_pkey", "Relation Name": "nation", "Alias": "n2", "Startup Cost": 0.0, "Total Cost": 12.75, "Plan Rows": 25, "Plan Width": 30, "Actual Startup Time": 0.011, "Actual Total Time": 0.046, "Actual Rows": 2, "Actual Loops": 1, "Filter": "((n_name = 'INDIA'::bpchar) OR (n_name = 'JAPAN'::bpchar))", "Rows Removed by Filter": 23}]}]}, {"Node Type": "Index Scan", "Parent Relationship": "Inner", "Scan Direction": "Forward", "Index Name": "idx_customer_nationkey", "Relation Name": "customer", "Alias": "customer", "Startup Cost": 0.0, "Total Cost": 7702.43, "Plan Rows": 60000, "Plan Width": 12, "Actual Startup Time": 0.061, "Actual Total Time": 194.905, "Actual Rows": 119972, "Actual Loops": 2, "Index Cond": "(c_nationkey = n2.n_nationkey)", "Rows Removed by Index Recheck": 0}]}, {"Node Type": "Index Scan", "Parent Relationship": "Inner", "Scan Direction": "Forward", "Index Name": "idx_orders_custkey", "Relation Name": "orders", "Alias": "orders", "Startup Cost": 0.0, "Total Cost": 1.22, "Plan Rows": 4, "Plan Width": 16, "Actual Startup Time": 770.574, "Actual Total Time": 3603.0, "Actual Rows": 1200363, "Actual Loops": 119972, "Index Cond": "(o_custkey = customer.c_custkey)", "Rows Removed by Index Recheck": 0}]}, {"Node Type": "Index Scan", "Parent Relationship": "Inner", "Scan Direction": "Forward", "Index Name": "idx_lineitem_orderkey", "Relation Name": "lineitem", "Alias": "lineitem", "Startup Cost": 0.0, "Total Cost": 0.91, "Plan Rows": 3, "Plan Width": 40, "Actual Startup Time": 13140.934, "Actual Total Time": 14293.094, "Actual Rows": 1459150, "Actual Loops": 1200363, "Index Cond": "(l_orderkey = orders.o_orderkey)", "Rows Removed by Index Recheck": 0, "Filter": "((l_shipdate >= '1995-01-01 00:00:00'::timestamp(0) without time zone) AND (l_shipdate <= '1996-12-31 00:00:00'::timestamp(0) without time zone))", "Rows Removed by Filter": 3342563}]}, {"Node Type": "Hash", "Parent Relationship": "Inner", "Startup Cost": 5334.54, "Total Cost": 5334.54, "Plan Rows": 100000, "Plan Width": 12, "Actual Startup Time": 111.044, "Actual Total Time": 111.044, "Actual Rows": 100000, "Actual Loops": 1, "Hash Buckets": 131072, "Hash Batches": 1, "Original Hash Batches": 1, "Peak Memory Usage": 4297, "Plans": [{"Node Type": "Index Scan", "Parent Relationship": "Outer", "Scan Direction": "Forward", "Index Name": "supplier_pkey", "Relation Name": "supplier", "Alias": "supplier", "Startup Cost": 0.0, "Total Cost": 5334.54, "Plan Rows": 100000, "Plan Width": 12, "Actual Startup Time": 0.018, "Actual Total Time": 78.364, "Actual Rows": 100000, "Actual Loops": 1}]}]}]}]}, "Triggers": [], "Planner Runtime": 2, "Total Runtime": 20341.211, "Unique SQL Id": 2208782157}}, "(64, 110)": {"explain_plan": {"Plan": {"Node Type": "Sort", "Startup Cost": 2961361.75, "Total Cost": 2961370.97, "Plan Rows": 3688, "Plan Width": 84, "Sort Key": ["n1.n_name", "n2.n_name", "(date_part('year'::text, lineitem.l_shipdate))"], "Plans": [{"Node Type": "Aggregate", "Strategy": "Hashed", "Parent Relationship": "Outer", "Startup Cost": 2961097.16, "Total Cost": 2961143.26, "Plan Rows": 3688, "Plan Width": 84, "Group By Key": ["n1.n_name", "n2.n_name", "date_part('year'::text, lineitem.l_shipdate)"], "Plans": [{"Node Type": "Hash Join", "Parent Relationship": "Outer", "Join Type": "Inner", "Startup Cost": 557677.12, "Total Cost": 2961041.84, "Plan Rows": 3688, "Plan Width": 76, "Inner Unique": true, "Hash Cond": "((lineitem.l_suppkey = supplier.s_suppkey) AND (n1.n_nationkey = supplier.s_nationkey))", "Plans": [{"Node Type": "Hash Join", "Parent Relationship": "Outer", "Join Type": "Inner", "Startup Cost": 552894.12, "Total Cost": 2950674.86, "Plan Rows": 740786, "Plan Width": 88, "Inner Unique": false, "Hash Cond": "(lineitem.l_orderkey = orders.o_orderkey), (LLVM Optimized)", "Plans": [{"Node Type": "Seq Scan", "Parent Relationship": "Outer", "Relation Name": "lineitem", "Alias": "lineitem", "Startup Cost": 44.59, "Total Cost": 2315050.5, "Plan Rows": 18124991, "Plan Width": 40, "Filter": "((l_shipdate >= '1995-01-01 00:00:00'::timestamp(0) without time zone) AND (l_shipdate <= '1996-12-31 00:00:00'::timestamp(0) without time zone)), (LLVM Optimized)"}, {"Node Type": "Hash", "Parent Relationship": "Inner", "Startup Cost": 546537.38, "Total Cost": 546537.38, "Plan Rows": 504972, "Plan Width": 64, "Plans": [{"Node Type": "Hash Join", "Parent Relationship": "Outer", "Join Type": "Inner", "Startup Cost": 58825.83, "Total Cost": 546537.38, "Plan Rows": 504972, "Plan Width": 64, "Inner Unique": false, "Hash Cond": "(orders.o_custkey = customer.c_custkey), (LLVM Optimized)", "Plans": [{"Node Type": "Seq Scan", "Parent Relationship": "Outer", "Relation Name": "orders", "Alias": "orders", "Startup Cost": 0.0, "Total Cost": 426413.79, "Plan Rows": 14999479, "Plan Width": 16}, {"Node Type": "Hash", "Parent Relationship": "Inner", "Startup Cost": 57327.03, "Total Cost": 57327.03, "Plan Rows": 119904, "Plan Width": 64, "Plans": [{"Node Type": "Hash Join", "Parent Relationship": "Outer", "Join Type": "Inner", "Startup Cost": 16.65, "Total Cost": 57327.03, "Plan Rows": 119904, "Plan Width": 64, "Inner Unique": false, "Hash Cond": "(customer.c_nationkey = n2.n_nationkey), (LLVM Optimized)", "Plans": [{"Node Type": "Seq Scan", "Parent Relationship": "Outer", "Relation Name": "customer", "Alias": "customer", "Startup Cost": 0.0, "Total Cost": 52126.0, "Plan Rows": 1500000, "Plan Width": 12}, {"Node Type": "Hash", "Parent Relationship": "Inner", "Startup Cost": 16.62, "Total Cost": 16.62, "Plan Rows": 2, "Plan Width": 60, "Plans": [{"Node Type": "Nested Loop", "Parent Relationship": "Outer", "Join Type": "Inner", "Startup Cost": 0.0, "Total Cost": 16.62, "Plan Rows": 2, "Plan Width": 60, "Inner Unique": false, "Join Filter": "(((n1.n_name = 'JAPAN'::bpchar) AND (n2.n_name = 'INDIA'::bpchar)) OR ((n1.n_name = 'INDIA'::bpchar) AND (n2.n_name = 'JAPAN'::bpchar)))", "Plans": [{"Node Type": "Seq Scan", "Parent Relationship": "Outer", "Relation Name": "nation", "Alias": "n1", "Startup Cost": 0.0, "Total Cost": 1.25, "Plan Rows": 25, "Plan Width": 30, "Filter": "((n_name = 'JAPAN'::bpchar) OR (n_name = 'INDIA'::bpchar))"}, {"Node Type": "Materialize", "Parent Relationship": "Inner", "Startup Cost": 0.0, "Total Cost": 1.38, "Plan Rows": 25, "Plan Width": 30, "Plans": [{"Node Type": "Seq Scan", "Parent Relationship": "Outer", "Relation Name": "nation", "Alias": "n2", "Startup Cost": 0.0, "Total Cost": 1.25, "Plan Rows": 25, "Plan Width": 30, "Filter": "((n_name = 'INDIA'::bpchar) OR (n_name = 'JAPAN'::bpchar))"}]}]}]}]}]}]}]}]}, {"Node Type": "Hash", "Parent Relationship": "Inner", "Startup Cost": 3283.0, "Total Cost": 3283.0, "Plan Rows": 100000, "Plan Width": 12, "Plans": [{"Node Type": "Seq Scan", "Parent Relationship": "Outer", "Relation Name": "supplier", "Alias": "supplier", "Startup Cost": 0.0, "Total Cost": 3283.0, "Plan Rows": 100000, "Plan Width": 12}]}]}]}]}, "Unique SQL Id": 2208782157, "Planner Runtime": 3}, "explain_analyze_plan": {"Plan": {"Node Type": "Sort", "Startup Cost": 2961361.75, "Total Cost": 2961370.97, "Plan Rows": 3688, "Plan Width": 84, "Actual Startup Time": 39087.97, "Actual Total Time": 39087.97, "Actual Rows": 4, "Actual Loops": 1, "Sort Key": ["n1.n_name", "n2.n_name", "(date_part('year'::text, lineitem.l_shipdate))"], "Sort Method": "quicksort", "Sort Space Used": 25, "Sort Space Type": "Memory", "Plans": [{"Node Type": "Aggregate", "Strategy": "Hashed", "Parent Relationship": "Outer", "Startup Cost": 2961097.16, "Total Cost": 2961143.26, "Plan Rows": 3688, "Plan Width": 84, "Actual Startup Time": 39087.928, "Actual Total Time": 39087.933, "Actual Rows": 4, "Actual Loops": 1, "Group By Key": ["n1.n_name", "n2.n_name", "date_part('year'::text, lineitem.l_shipdate)"], "Plans": [{"Node Type": "Hash Join", "Parent Relationship": "Outer", "Join Type": "Inner", "Startup Cost": 557677.12, "Total Cost": 2961041.84, "Plan Rows": 3688, "Plan Width": 76, "Actual Startup Time": 9937.976, "Actual Total Time": 38999.287, "Actual Rows": 58554, "Actual Loops": 1, "Inner Unique": true, "Hash Cond": "((lineitem.l_suppkey = supplier.s_suppkey) AND (n1.n_nationkey = supplier.s_nationkey))", "Plans": [{"Node Type": "Hash Join", "Parent Relationship": "Outer", "Join Type": "Inner", "Startup Cost": 552894.12, "Total Cost": 2950674.86, "Plan Rows": 740786, "Plan Width": 88, "Actual Startup Time": 9866.385, "Actual Total Time": 38269.641, "Actual Rows": 1459150, "Actual Loops": 1, "Inner Unique": false, "Hash Cond": "(lineitem.l_orderkey = orders.o_orderkey), (LLVM Optimized, Jit Execute)", "Plans": [{"Node Type": "Seq Scan", "Parent Relationship": "Outer", "Relation Name": "lineitem", "Alias": "lineitem", "Startup Cost": 44.59, "Total Cost": 2315050.5, "Plan Rows": 18124991, "Plan Width": 40, "Actual Startup Time": 0.027, "Actual Total Time": 22462.218, "Actual Rows": 18230325, "Actual Loops": 1, "Filter": "((l_shipdate >= '1995-01-01 00:00:00'::timestamp(0) without time zone) AND (l_shipdate <= '1996-12-31 00:00:00'::timestamp(0) without time zone)), (LLVM Optimized, Jit Execute)", "Rows Removed by Filter": 41755727}, {"Node Type": "Hash", "Parent Relationship": "Inner", "Startup Cost": 546537.38, "Total Cost": 546537.38, "Plan Rows": 504972, "Plan Width": 64, "Actual Startup Time": 9865.556, "Actual Total Time": 9865.556, "Actual Rows": 1200363, "Actual Loops": 1, "Hash Buckets": 524288, "Hash Batches": 1, "Original Hash Batches": 1, "Peak Memory Usage": 112535, "Plans": [{"Node Type": "Hash Join", "Parent Relationship": "Outer", "Join Type": "Inner", "Startup Cost": 58825.83, "Total Cost": 546537.38, "Plan Rows": 504972, "Plan Width": 64, "Actual Startup Time": 838.758, "Actual Total Time": 9389.715, "Actual Rows": 1200363, "Actual Loops": 1, "Inner Unique": false, "Hash Cond": "(orders.o_custkey = customer.c_custkey), (LLVM Optimized, Jit Execute)", "Plans": [{"Node Type": "Seq Scan", "Parent Relationship": "Outer", "Relation Name": "orders", "Alias": "orders", "Startup Cost": 0.0, "Total Cost": 426413.79, "Plan Rows": 14999479, "Plan Width": 16, "Actual Startup Time": 0.026, "Actual Total Time": 4232.637, "Actual Rows": 15000000, "Actual Loops": 1}, {"Node Type": "Hash", "Parent Relationship": "Inner", "Startup Cost": 57327.03, "Total Cost": 57327.03, "Plan Rows": 119904, "Plan Width": 64, "Actual Startup Time": 838.604, "Actual Total Time": 838.604, "Actual Rows": 119972, "Actual Loops": 1, "Hash Buckets": 131072, "Hash Batches": 1, "Original Hash Batches": 1, "Peak Memory Usage": 11248, "Plans": [{"Node Type": "Hash Join", "Parent Relationship": "Outer", "Join Type": "Inner", "Startup Cost": 16.65, "Total Cost": 57327.03, "Plan Rows": 119904, "Plan Width": 64, "Actual Startup Time": 0.125, "Actual Total Time": 795.819, "Actual Rows": 119972, "Actual Loops": 1, "Inner Unique": false, "Hash Cond": "(customer.c_nationkey = n2.n_nationkey), (LLVM Optimized, Jit Execute)", "Plans": [{"Node Type": "Seq Scan", "Parent Relationship": "Outer", "Relation Name": "customer", "Alias": "customer", "Startup Cost": 0.0, "Total Cost": 52126.0, "Plan Rows": 1500000, "Plan Width": 12, "Actual Startup Time": 0.012, "Actual Total Time": 476.1, "Actual Rows": 1500000, "Actual Loops": 1}, {"Node Type": "Hash", "Parent Relationship": "Inner", "Startup Cost": 16.62, "Total Cost": 16.62, "Plan Rows": 2, "Plan Width": 60, "Actual Startup Time": 0.077, "Actual Total Time": 0.077, "Actual Rows": 2, "Actual Loops": 1, "Hash Buckets": 32768, "Hash Batches": 1, "Original Hash Batches": 1, "Peak Memory Usage": 1, "Plans": [{"Node Type": "Nested Loop", "Parent Relationship": "Outer", "Join Type": "Inner", "Startup Cost": 0.0, "Total Cost": 16.62, "Plan Rows": 2, "Plan Width": 60, "Actual Startup Time": 0.053, "Actual Total Time": 0.072, "Actual Rows": 2, "Actual Loops": 1, "Inner Unique": false, "Join Filter": "(((n1.n_name = 'JAPAN'::bpchar) AND (n2.n_name = 'INDIA'::bpchar)) OR ((n1.n_name = 'INDIA'::bpchar) AND (n2.n_name = 'JAPAN'::bpchar)))", "Rows Removed by Join Filter": 2, "Plans": [{"Node Type": "Seq Scan", "Parent Relationship": "Outer", "Relation Name": "nation", "Alias": "n1", "Startup Cost": 0.0, "Total Cost": 1.25, "Plan Rows": 25, "Plan Width": 30, "Actual Startup Time": 0.023, "Actual Total Time": 0.029, "Actual Rows": 2, "Actual Loops": 1, "Filter": "((n_name = 'JAPAN'::bpchar) OR (n_name = 'INDIA'::bpchar))", "Rows Removed by Filter": 23}, {"Node Type": "Materialize", "Parent Relationship": "Inner", "Startup Cost": 0.0, "Total Cost": 1.38, "Plan Rows": 25, "Plan Width": 30, "Actual Startup Time": 0.017, "Actual Total Time": 0.025, "Actual Rows": 4, "Actual Loops": 2, "Plans": [{"Node Type": "Seq Scan", "Parent Relationship": "Outer", "Relation Name": "nation", "Alias": "n2", "Startup Cost": 0.0, "Total Cost": 1.25, "Plan Rows": 25, "Plan Width": 30, "Actual Startup Time": 0.013, "Actual Total Time": 0.021, "Actual Rows": 2, "Actual Loops": 1, "Filter": "((n_name = 'INDIA'::bpchar) OR (n_name = 'JAPAN'::bpchar))", "Rows Removed by Filter": 23}]}]}]}]}]}]}]}]}, {"Node Type": "Hash", "Parent Relationship": "Inner", "Startup Cost": 3283.0, "Total Cost": 3283.0, "Plan Rows": 100000, "Plan Width": 12, "Actual Startup Time": 70.725, "Actual Total Time": 70.725, "Actual Rows": 100000, "Actual Loops": 1, "Hash Buckets": 131072, "Hash Batches": 1, "Original Hash Batches": 1, "Peak Memory Usage": 4297, "Plans": [{"Node Type": "Seq Scan", "Parent Relationship": "Outer", "Relation Name": "supplier", "Alias": "supplier", "Startup Cost": 0.0, "Total Cost": 3283.0, "Plan Rows": 100000, "Plan Width": 12, "Actual Startup Time": 0.017, "Actual Total Time": 40.465, "Actual Rows": 100000, "Actual Loops": 1}]}]}]}]}, "Triggers": [], "Planner Runtime": 3, "Total Runtime": 39097.696, "Unique SQL Id": 2208782157}}, "(64, 111)": {"explain_plan": {"Plan": {"Node Type": "Sort", "Startup Cost": 6000436694537.37, "Total Cost": 6000436694546.58, "Plan Rows": 3688, "Plan Width": 84, "Sort Key": ["n1.n_name", "n2.n_name", "(date_part('year'::text, lineitem.l_shipdate))"], "Plans": [{"Node Type": "Aggregate", "Strategy": "Hashed", "Parent Relationship": "Outer", "Startup Cost": 6000436694272.78, "Total Cost": 6000436694318.88, "Plan Rows": 3688, "Plan Width": 84, "Group By Key": ["n1.n_name", "n2.n_name", "date_part('year'::text, lineitem.l_shipdate)"], "Plans": [{"Node Type": "Hash Join", "Parent Relationship": "Outer", "Join Type": "Inner", "Startup Cost": 4020081920352.3, "Total Cost": 6000436694217.46, "Plan Rows": 3688, "Plan Width": 76, "Inner Unique": true, "Hash Cond": "((orders.o_custkey = customer.c_custkey) AND (n2.n_nationkey = customer.c_nationkey))", "Plans": [{"Node Type": "Nested Loop", "Parent Relationship": "Outer", "Join Type": "Inner", "Startup Cost": 3020073821316.68, "Total Cost": 5000428594444.18, "Plan Rows": 92207, "Plan Width": 88, "Inner Unique": false, "Join Filter": "(((n1.n_name = 'JAPAN'::bpchar) AND (n2.n_name = 'INDIA'::bpchar)) OR ((n1.n_name = 'INDIA'::bpchar) AND (n2.n_name = 'JAPAN'::bpchar)))", "Plans": [{"Node Type": "Index Scan", "Parent Relationship": "Outer", "Scan Direction": "Forward", "Index Name": "nation_pkey", "Relation Name": "nation", "Alias": "n2", "Startup Cost": 10000000000.0, "Total Cost": 1000000001275.0, "Plan Rows": 25, "Plan Width": 30, "Filter": "((n_name = 'INDIA'::bpchar) OR (n_name = 'JAPAN'::bpchar))"}, {"Node Type": "Materialize", "Parent Relationship": "Inner", "Startup Cost": 3010073821316.68, "Total Cost": 4000427947200.78, "Plan Rows": 1153515, "Plan Width": 58, "Plans": [{"Node Type": "Hash Join", "Parent Relationship": "Outer", "Join Type": "Inner", "Startup Cost": 3010073821316.68, "Total Cost": 4000427941433.21, "Plan Rows": 1153515, "Plan Width": 58, "Inner Unique": true, "Hash Cond": "(supplier.s_nationkey = n1.n_nationkey), (LLVM Optimized)", "Plans": [{"Node Type": "Hash Join", "Parent Relationship": "Outer", "Join Type": "Inner", "Startup Cost": 2010073820041.37, "Total Cost": 3000427924297.06, "Plan Rows": 1153515, "Plan Width": 36, "Inner Unique": true, "Hash Cond": "(lineitem.l_orderkey = orders.o_orderkey), (LLVM Optimized)", "Plans": [{"Node Type": "Hash Join", "Parent Relationship": "Outer", "Join Type": "Inner", "Startup Cost": 1010000534704.38, "Total Cost": 2000354623099.25, "Plan Rows": 1153515, "Plan Width": 36, "Inner Unique": true, "Hash Cond": "(lineitem.l_suppkey = supplier.s_suppkey), (LLVM Optimized)", "Plans": [{"Node Type": "Index Scan", "Parent Relationship": "Outer", "Scan Direction": "Forward", "Index Name": "idx_lineitem_orderkey", "Relation Name": "lineitem", "Alias": "lineitem", "Startup Cost": 10000000000.0, "Total Cost": 1000354008891.0, "Plan Rows": 18124991, "Plan Width": 40, "Filter": "((l_shipdate >= '1995-01-01 00:00:00'::timestamp(0) without time zone) AND (l_shipdate <= '1996-12-31 00:00:00'::timestamp(0) without time zone)), (LLVM Optimized)"}, {"Node Type": "Hash", "Parent Relationship": "Inner", "Startup Cost": 1000000533454.38, "Total Cost": 1000000533454.38, "Plan Rows": 100000, "Plan Width": 12, "Plans": [{"Node Type": "Index Scan", "Parent Relationship": "Outer", "Scan Direction": "Forward", "Index Name": "supplier_pkey", "Relation Name": "supplier", "Alias": "supplier", "Startup Cost": 10000000000.0, "Total Cost": 1000000533454.38, "Plan Rows": 100000, "Plan Width": 12}]}]}, {"Node Type": "Hash", "Parent Relationship": "Inner", "Startup Cost": 1000073097843.5, "Total Cost": 1000073097843.5, "Plan Rows": 14999479, "Plan Width": 16, "Plans": [{"Node Type": "Index Scan", "Parent Relationship": "Outer", "Scan Direction": "Forward", "Index Name": "orders_pkey", "Relation Name": "orders", "Alias": "orders", "Startup Cost": 10000000000.0, "Total Cost": 1000073097843.5, "Plan Rows": 14999479, "Plan Width": 16}]}]}, {"Node Type": "Hash", "Parent Relationship": "Inner", "Startup Cost": 1000000001275.0, "Total Cost": 1000000001275.0, "Plan Rows": 25, "Plan Width": 30, "Plans": [{"Node Type": "Index Scan", "Parent Relationship": "Outer", "Scan Direction": "Forward", "Index Name": "nation_pkey", "Relation Name": "nation", "Alias": "n1", "Startup Cost": 10000000000.0, "Total Cost": 1000000001275.0, "Plan Rows": 25, "Plan Width": 30, "Filter": "((n_name = 'JAPAN'::bpchar) OR (n_name = 'INDIA'::bpchar))"}]}]}]}]}, {"Node Type": "Hash", "Parent Relationship": "Inner", "Startup Cost": 1000008076535.62, "Total Cost": 1000008076535.62, "Plan Rows": 1500000, "Plan Width": 12, "Plans": [{"Node Type": "Index Scan", "Parent Relationship": "Outer", "Scan Direction": "Forward", "Index Name": "customer_pkey", "Relation Name": "customer", "Alias": "customer", "Startup Cost": 10000000000.0, "Total Cost": 1000008076535.62, "Plan Rows": 1500000, "Plan Width": 12}]}]}]}]}, "Unique SQL Id": 2208782157, "Planner Runtime": 5}, "explain_analyze_plan": null}, "(64, 112)": {"explain_plan": {"Plan": {"Node Type": "Sort", "Startup Cost": 852790.92, "Total Cost": 852800.14, "Plan Rows": 3688, "Plan Width": 84, "Sort Key": ["n1.n_name", "n2.n_name", "(date_part('year'::text, lineitem.l_shipdate))"], "Plans": [{"Node Type": "Aggregate", "Strategy": "Hashed", "Parent Relationship": "Outer", "Startup Cost": 852526.33, "Total Cost": 852572.43, "Plan Rows": 3688, "Plan Width": 84, "Group By Key": ["n1.n_name", "n2.n_name", "date_part('year'::text, lineitem.l_shipdate)"], "Plans": [{"Node Type": "Nested Loop", "Parent Relationship": "Outer", "Join Type": "Inner", "Startup Cost": 1030.37, "Total Cost": 852471.01, "Plan Rows": 3688, "Plan Width": 76, "Inner Unique": true, "Join Filter": "(n1.n_nationkey = supplier.s_nationkey)", "Plans": [{"Node Type": "Nested Loop", "Parent Relationship": "Outer", "Join Type": "Inner", "Startup Cost": 1030.37, "Total Cost": 642753.24, "Plan Rows": 740786, "Plan Width": 88, "Inner Unique": false, "Plans": [{"Node Type": "Nested Loop", "Parent Relationship": "Outer", "Join Type": "Inner", "Startup Cost": 1030.37, "Total Cost": 166015.61, "Plan Rows": 504972, "Plan Width": 64, "Inner Unique": false, "Plans": [{"Node Type": "Nested Loop", "Parent Relationship": "Outer", "Join Type": "Inner", "Startup Cost": 1030.37, "Total Cost": 14893.09, "Plan Rows": 119904, "Plan Width": 64, "Inner Unique": false, "Plans": [{"Node Type": "Nested Loop", "Parent Relationship": "Outer", "Join Type": "Inner", "Startup Cost": 0.0, "Total Cost": 28.12, "Plan Rows": 2, "Plan Width": 60, "Inner Unique": false, "Join Filter": "(((n1.n_name = 'JAPAN'::bpchar) AND (n2.n_name = 'INDIA'::bpchar)) OR ((n1.n_name = 'INDIA'::bpchar) AND (n2.n_name = 'JAPAN'::bpchar)))", "Plans": [{"Node Type": "Index Scan", "Parent Relationship": "Outer", "Scan Direction": "Forward", "Index Name": "nation_pkey", "Relation Name": "nation", "Alias": "n1", "Startup Cost": 0.0, "Total Cost": 12.75, "Plan Rows": 25, "Plan Width": 30, "Filter": "((n_name = 'JAPAN'::bpchar) OR (n_name = 'INDIA'::bpchar))"}, {"Node Type": "Materialize", "Parent Relationship": "Inner", "Startup Cost": 0.0, "Total Cost": 1.38, "Plan Rows": 25, "Plan Width": 30, "Plans": [{"Node Type": "Seq Scan", "Parent Relationship": "Outer", "Relation Name": "nation", "Alias": "n2", "Startup Cost": 0.0, "Total Cost": 1.25, "Plan Rows": 25, "Plan Width": 30, "Filter": "((n_name = 'INDIA'::bpchar) OR (n_name = 'JAPAN'::bpchar))"}]}]}, {"Node Type": "Bitmap Heap Scan", "Parent Relationship": "Inner", "Relation Name": "customer", "Alias": "customer", "Startup Cost": 1030.37, "Total Cost": 6832.48, "Plan Rows": 60000, "Plan Width": 12, "Recheck Cond": "(c_nationkey = n2.n_nationkey)", "Plans": [{"Node Type": "Bitmap Index Scan", "Parent Relationship": "Outer", "Index Name": "idx_customer_nationkey", "Startup Cost": 0.0, "Total Cost": 1015.37, "Plan Rows": 60000, "Plan Width": 0, "Index Cond": "(c_nationkey = n2.n_nationkey)"}]}]}, {"Node Type": "Index Scan", "Parent Relationship": "Inner", "Scan Direction": "Forward", "Index Name": "idx_orders_custkey", "Relation Name": "orders", "Alias": "orders", "Startup Cost": 0.0, "Total Cost": 1.22, "Plan Rows": 4, "Plan Width": 16, "Index Cond": "(o_custkey = customer.c_custkey)"}]}, {"Node Type": "Index Scan", "Parent Relationship": "Inner", "Scan Direction": "Forward", "Index Name": "idx_lineitem_orderkey", "Relation Name": "lineitem", "Alias": "lineitem", "Startup Cost": 0.0, "Total Cost": 0.91, "Plan Rows": 3, "Plan Width": 40, "Index Cond": "(l_orderkey = orders.o_orderkey)", "Filter": "((l_shipdate >= '1995-01-01 00:00:00'::timestamp(0) without time zone) AND (l_shipdate <= '1996-12-31 00:00:00'::timestamp(0) without time zone))"}]}, {"Node Type": "Index Scan", "Parent Relationship": "Inner", "Scan Direction": "Forward", "Index Name": "supplier_pkey", "Relation Name": "supplier", "Alias": "supplier", "Startup Cost": 0.0, "Total Cost": 0.27, "Plan Rows": 1, "Plan Width": 12, "Index Cond": "(s_suppkey = lineitem.l_suppkey)"}]}]}]}, "Unique SQL Id": 2208782157, "Planner Runtime": 2}, "explain_analyze_plan": {"Plan": {"Node Type": "Sort", "Startup Cost": 852790.92, "Total Cost": 852800.14, "Plan Rows": 3688, "Plan Width": 84, "Actual Startup Time": 28496.679, "Actual Total Time": 28496.68, "Actual Rows": 4, "Actual Loops": 1, "Sort Key": ["n1.n_name", "n2.n_name", "(date_part('year'::text, lineitem.l_shipdate))"], "Sort Method": "quicksort", "Sort Space Used": 25, "Sort Space Type": "Memory", "Plans": [{"Node Type": "Aggregate", "Strategy": "Hashed", "Parent Relationship": "Outer", "Startup Cost": 852526.33, "Total Cost": 852572.43, "Plan Rows": 3688, "Plan Width": 84, "Actual Startup Time": 28496.619, "Actual Total Time": 28496.625, "Actual Rows": 4, "Actual Loops": 1, "Group By Key": ["n1.n_name", "n2.n_name", "date_part('year'::text, lineitem.l_shipdate)"], "Plans": [{"Node Type": "Nested Loop", "Parent Relationship": "Outer", "Join Type": "Inner", "Startup Cost": 1030.37, "Total Cost": 852471.01, "Plan Rows": 3688, "Plan Width": 76, "Actual Startup Time": 18.394, "Actual Total Time": 28383.513, "Actual Rows": 58554, "Actual Loops": 1, "Inner Unique": true, "Join Filter": "(n1.n_nationkey = supplier.s_nationkey)", "Rows Removed by Join Filter": 1400596, "Plans": [{"Node Type": "Nested Loop", "Parent Relationship": "Outer", "Join Type": "Inner", "Startup Cost": 1030.37, "Total Cost": 642753.24, "Plan Rows": 740786, "Plan Width": 88, "Actual Startup Time": 18.204, "Actual Total Time": 20243.77, "Actual Rows": 1459150, "Actual Loops": 1, "Inner Unique": false, "Plans": [{"Node Type": "Nested Loop", "Parent Relationship": "Outer", "Join Type": "Inner", "Startup Cost": 1030.37, "Total Cost": 166015.61, "Plan Rows": 504972, "Plan Width": 64, "Actual Startup Time": 18.113, "Actual Total Time": 4407.183, "Actual Rows": 1200363, "Actual Loops": 1, "Inner Unique": false, "Plans": [{"Node Type": "Nested Loop", "Parent Relationship": "Outer", "Join Type": "Inner", "Startup Cost": 1030.37, "Total Cost": 14893.09, "Plan Rows": 119904, "Plan Width": 64, "Actual Startup Time": 18.079, "Actual Total Time": 308.06, "Actual Rows": 119972, "Actual Loops": 1, "Inner Unique": false, "Plans": [{"Node Type": "Nested Loop", "Parent Relationship": "Outer", "Join Type": "Inner", "Startup Cost": 0.0, "Total Cost": 28.12, "Plan Rows": 2, "Plan Width": 60, "Actual Startup Time": 0.067, "Actual Total Time": 0.164, "Actual Rows": 2, "Actual Loops": 1, "Inner Unique": false, "Join Filter": "(((n1.n_name = 'JAPAN'::bpchar) AND (n2.n_name = 'INDIA'::bpchar)) OR ((n1.n_name = 'INDIA'::bpchar) AND (n2.n_name = 'JAPAN'::bpchar)))", "Rows Removed by Join Filter": 2, "Plans": [{"Node Type": "Index Scan", "Parent Relationship": "Outer", "Scan Direction": "Forward", "Index Name": "nation_pkey", "Relation Name": "nation", "Alias": "n1", "Startup Cost": 0.0, "Total Cost": 12.75, "Plan Rows": 25, "Plan Width": 30, "Actual Startup Time": 0.034, "Actual Total Time": 0.059, "Actual Rows": 2, "Actual Loops": 1, "Filter": "((n_name = 'JAPAN'::bpchar) OR (n_name = 'INDIA'::bpchar))", "Rows Removed by Filter": 23}, {"Node Type": "Materialize", "Parent Relationship": "Inner", "Startup Cost": 0.0, "Total Cost": 1.38, "Plan Rows": 25, "Plan Width": 30, "Actual Startup Time": 0.026, "Actual Total Time": 0.052, "Actual Rows": 4, "Actual Loops": 2, "Plans": [{"Node Type": "Seq Scan", "Parent Relationship": "Outer", "Relation Name": "nation", "Alias": "n2", "Startup Cost": 0.0, "Total Cost": 1.25, "Plan Rows": 25, "Plan Width": 30, "Actual Startup Time": 0.02, "Actual Total Time": 0.042, "Actual Rows": 2, "Actual Loops": 1, "Filter": "((n_name = 'INDIA'::bpchar) OR (n_name = 'JAPAN'::bpchar))", "Rows Removed by Filter": 23}]}]}, {"Node Type": "Bitmap Heap Scan", "Parent Relationship": "Inner", "Relation Name": "customer", "Alias": "customer", "Startup Cost": 1030.37, "Total Cost": 6832.48, "Plan Rows": 60000, "Plan Width": 12, "Actual Startup Time": 36.15, "Actual Total Time": 277.324, "Actual Rows": 119972, "Actual Loops": 2, "Recheck Cond": "(c_nationkey = n2.n_nationkey)", "Rows Removed by Index Recheck": 0, "Exact Heap Blocks": 59938, "Lossy Heap Blocks": 59938, "Plans": [{"Node Type": "Bitmap Index Scan", "Parent Relationship": "Outer", "Index Name": "idx_customer_nationkey", "Startup Cost": 0.0, "Total Cost": 1015.37, "Plan Rows": 60000, "Plan Width": 0, "Actual Startup Time": 22.983, "Actual Total Time": 22.983, "Actual Rows": 119972, "Actual Loops": 2, "Index Cond": "(c_nationkey = n2.n_nationkey)"}]}]}, {"Node Type": "Index Scan", "Parent Relationship": "Inner", "Scan Direction": "Forward", "Index Name": "idx_orders_custkey", "Relation Name": "orders", "Alias": "orders", "Startup Cost": 0.0, "Total Cost": 1.22, "Plan Rows": 4, "Plan Width": 16, "Actual Startup Time": 810.341, "Actual Total Time": 3734.234, "Actual Rows": 1200363, "Actual Loops": 119972, "Index Cond": "(o_custkey = customer.c_custkey)", "Rows Removed by Index Recheck": 0}]}, {"Node Type": "Index Scan", "Parent Relationship": "Inner", "Scan Direction": "Forward", "Index Name": "idx_lineitem_orderkey", "Relation Name": "lineitem", "Alias": "lineitem", "Startup Cost": 0.0, "Total Cost": 0.91, "Plan Rows": 3, "Plan Width": 40, "Actual Startup Time": 13657.957, "Actual Total Time": 14846.05, "Actual Rows": 1459150, "Actual Loops": 1200363, "Index Cond": "(l_orderkey = orders.o_orderkey)", "Rows Removed by Index Recheck": 0, "Filter": "((l_shipdate >= '1995-01-01 00:00:00'::timestamp(0) without time zone) AND (l_shipdate <= '1996-12-31 00:00:00'::timestamp(0) without time zone))", "Rows Removed by Filter": 3342563}]}, {"Node Type": "Index Scan", "Parent Relationship": "Inner", "Scan Direction": "Forward", "Index Name": "supplier_pkey", "Relation Name": "supplier", "Alias": "supplier", "Startup Cost": 0.0, "Total Cost": 0.27, "Plan Rows": 1, "Plan Width": 12, "Actual Startup Time": 6456.613, "Actual Total Time": 6949.952, "Actual Rows": 1459150, "Actual Loops": 1459150, "Index Cond": "(s_suppkey = lineitem.l_suppkey)", "Rows Removed by Index Recheck": 0}]}]}]}, "Triggers": [], "Planner Runtime": 2, "Total Runtime": 28496.985, "Unique SQL Id": 2208782157}}, "(64, 113)": {"explain_plan": {"Plan": {"Node Type": "Sort", "Startup Cost": 852802.42, "Total Cost": 852811.64, "Plan Rows": 3688, "Plan Width": 84, "Sort Key": ["n1.n_name", "n2.n_name", "(date_part('year'::text, lineitem.l_shipdate))"], "Plans": [{"Node Type": "Aggregate", "Strategy": "Hashed", "Parent Relationship": "Outer", "Startup Cost": 852537.83, "Total Cost": 852583.93, "Plan Rows": 3688, "Plan Width": 84, "Group By Key": ["n1.n_name", "n2.n_name", "date_part('year'::text, lineitem.l_shipdate)"], "Plans": [{"Node Type": "Nested Loop", "Parent Relationship": "Outer", "Join Type": "Inner", "Startup Cost": 1030.37, "Total Cost": 852482.51, "Plan Rows": 3688, "Plan Width": 76, "Inner Unique": true, "Join Filter": "(n1.n_nationkey = supplier.s_nationkey)", "Plans": [{"Node Type": "Nested Loop", "Parent Relationship": "Outer", "Join Type": "Inner", "Startup Cost": 1030.37, "Total Cost": 642764.74, "Plan Rows": 740786, "Plan Width": 88, "Inner Unique": false, "Plans": [{"Node Type": "Nested Loop", "Parent Relationship": "Outer", "Join Type": "Inner", "Startup Cost": 1030.37, "Total Cost": 166027.11, "Plan Rows": 504972, "Plan Width": 64, "Inner Unique": false, "Plans": [{"Node Type": "Nested Loop", "Parent Relationship": "Outer", "Join Type": "Inner", "Startup Cost": 1030.37, "Total Cost": 14904.59, "Plan Rows": 119904, "Plan Width": 64, "Inner Unique": false, "Plans": [{"Node Type": "Nested Loop", "Parent Relationship": "Outer", "Join Type": "Inner", "Startup Cost": 0.0, "Total Cost": 39.62, "Plan Rows": 2, "Plan Width": 60, "Inner Unique": false, "Join Filter": "(((n1.n_name = 'JAPAN'::bpchar) AND (n2.n_name = 'INDIA'::bpchar)) OR ((n1.n_name = 'INDIA'::bpchar) AND (n2.n_name = 'JAPAN'::bpchar)))", "Plans": [{"Node Type": "Index Scan", "Parent Relationship": "Outer", "Scan Direction": "Forward", "Index Name": "nation_pkey", "Relation Name": "nation", "Alias": "n1", "Startup Cost": 0.0, "Total Cost": 12.75, "Plan Rows": 25, "Plan Width": 30, "Filter": "((n_name = 'JAPAN'::bpchar) OR (n_name = 'INDIA'::bpchar))"}, {"Node Type": "Materialize", "Parent Relationship": "Inner", "Startup Cost": 0.0, "Total Cost": 12.88, "Plan Rows": 25, "Plan Width": 30, "Plans": [{"Node Type": "Index Scan", "Parent Relationship": "Outer", "Scan Direction": "Forward", "Index Name": "nation_pkey", "Relation Name": "nation", "Alias": "n2", "Startup Cost": 0.0, "Total Cost": 12.75, "Plan Rows": 25, "Plan Width": 30, "Filter": "((n_name = 'INDIA'::bpchar) OR (n_name = 'JAPAN'::bpchar))"}]}]}, {"Node Type": "Bitmap Heap Scan", "Parent Relationship": "Inner", "Relation Name": "customer", "Alias": "customer", "Startup Cost": 1030.37, "Total Cost": 6832.48, "Plan Rows": 60000, "Plan Width": 12, "Recheck Cond": "(c_nationkey = n2.n_nationkey)", "Plans": [{"Node Type": "Bitmap Index Scan", "Parent Relationship": "Outer", "Index Name": "idx_customer_nationkey", "Startup Cost": 0.0, "Total Cost": 1015.37, "Plan Rows": 60000, "Plan Width": 0, "Index Cond": "(c_nationkey = n2.n_nationkey)"}]}]}, {"Node Type": "Index Scan", "Parent Relationship": "Inner", "Scan Direction": "Forward", "Index Name": "idx_orders_custkey", "Relation Name": "orders", "Alias": "orders", "Startup Cost": 0.0, "Total Cost": 1.22, "Plan Rows": 4, "Plan Width": 16, "Index Cond": "(o_custkey = customer.c_custkey)"}]}, {"Node Type": "Index Scan", "Parent Relationship": "Inner", "Scan Direction": "Forward", "Index Name": "idx_lineitem_orderkey", "Relation Name": "lineitem", "Alias": "lineitem", "Startup Cost": 0.0, "Total Cost": 0.91, "Plan Rows": 3, "Plan Width": 40, "Index Cond": "(l_orderkey = orders.o_orderkey)", "Filter": "((l_shipdate >= '1995-01-01 00:00:00'::timestamp(0) without time zone) AND (l_shipdate <= '1996-12-31 00:00:00'::timestamp(0) without time zone))"}]}, {"Node Type": "Index Scan", "Parent Relationship": "Inner", "Scan Direction": "Forward", "Index Name": "supplier_pkey", "Relation Name": "supplier", "Alias": "supplier", "Startup Cost": 0.0, "Total Cost": 0.27, "Plan Rows": 1, "Plan Width": 12, "Index Cond": "(s_suppkey = lineitem.l_suppkey)"}]}]}]}, "Unique SQL Id": 2208782157, "Planner Runtime": 2}, "explain_analyze_plan": {"Plan": {"Node Type": "Sort", "Startup Cost": 852802.42, "Total Cost": 852811.64, "Plan Rows": 3688, "Plan Width": 84, "Actual Startup Time": 28491.572, "Actual Total Time": 28491.572, "Actual Rows": 4, "Actual Loops": 1, "Sort Key": ["n1.n_name", "n2.n_name", "(date_part('year'::text, lineitem.l_shipdate))"], "Sort Method": "quicksort", "Sort Space Used": 25, "Sort Space Type": "Memory", "Plans": [{"Node Type": "Aggregate", "Strategy": "Hashed", "Parent Relationship": "Outer", "Startup Cost": 852537.83, "Total Cost": 852583.93, "Plan Rows": 3688, "Plan Width": 84, "Actual Startup Time": 28491.523, "Actual Total Time": 28491.527, "Actual Rows": 4, "Actual Loops": 1, "Group By Key": ["n1.n_name", "n2.n_name", "date_part('year'::text, lineitem.l_shipdate)"], "Plans": [{"Node Type": "Nested Loop", "Parent Relationship": "Outer", "Join Type": "Inner", "Startup Cost": 1030.37, "Total Cost": 852482.51, "Plan Rows": 3688, "Plan Width": 76, "Actual Startup Time": 18.127, "Actual Total Time": 28377.729, "Actual Rows": 58554, "Actual Loops": 1, "Inner Unique": true, "Join Filter": "(n1.n_nationkey = supplier.s_nationkey)", "Rows Removed by Join Filter": 1400596, "Plans": [{"Node Type": "Nested Loop", "Parent Relationship": "Outer", "Join Type": "Inner", "Startup Cost": 1030.37, "Total Cost": 642764.74, "Plan Rows": 740786, "Plan Width": 88, "Actual Startup Time": 17.979, "Actual Total Time": 20212.209, "Actual Rows": 1459150, "Actual Loops": 1, "Inner Unique": false, "Plans": [{"Node Type": "Nested Loop", "Parent Relationship": "Outer", "Join Type": "Inner", "Startup Cost": 1030.37, "Total Cost": 166027.11, "Plan Rows": 504972, "Plan Width": 64, "Actual Startup Time": 17.905, "Actual Total Time": 4387.012, "Actual Rows": 1200363, "Actual Loops": 1, "Inner Unique": false, "Plans": [{"Node Type": "Nested Loop", "Parent Relationship": "Outer", "Join Type": "Inner", "Startup Cost": 1030.37, "Total Cost": 14904.59, "Plan Rows": 119904, "Plan Width": 64, "Actual Startup Time": 17.874, "Actual Total Time": 310.247, "Actual Rows": 119972, "Actual Loops": 1, "Inner Unique": false, "Plans": [{"Node Type": "Nested Loop", "Parent Relationship": "Outer", "Join Type": "Inner", "Startup Cost": 0.0, "Total Cost": 39.62, "Plan Rows": 2, "Plan Width": 60, "Actual Startup Time": 0.057, "Actual Total Time": 0.238, "Actual Rows": 2, "Actual Loops": 1, "Inner Unique": false, "Join Filter": "(((n1.n_name = 'JAPAN'::bpchar) AND (n2.n_name = 'INDIA'::bpchar)) OR ((n1.n_name = 'INDIA'::bpchar) AND (n2.n_name = 'JAPAN'::bpchar)))", "Rows Removed by Join Filter": 2, "Plans": [{"Node Type": "Index Scan", "Parent Relationship": "Outer", "Scan Direction": "Forward", "Index Name": "nation_pkey", "Relation Name": "nation", "Alias": "n1", "Startup Cost": 0.0, "Total Cost": 12.75, "Plan Rows": 25, "Plan Width": 30, "Actual Startup Time": 0.029, "Actual Total Time": 0.067, "Actual Rows": 2, "Actual Loops": 1, "Filter": "((n_name = 'JAPAN'::bpchar) OR (n_name = 'INDIA'::bpchar))", "Rows Removed by Filter": 23}, {"Node Type": "Materialize", "Parent Relationship": "Inner", "Startup Cost": 0.0, "Total Cost": 12.88, "Plan Rows": 25, "Plan Width": 30, "Actual Startup Time": 0.02, "Actual Total Time": 0.115, "Actual Rows": 4, "Actual Loops": 2, "Plans": [{"Node Type": "Index Scan", "Parent Relationship": "Outer", "Scan Direction": "Forward", "Index Name": "nation_pkey", "Relation Name": "nation", "Alias": "n2", "Startup Cost": 0.0, "Total Cost": 12.75, "Plan Rows": 25, "Plan Width": 30, "Actual Startup Time": 0.011, "Actual Total Time": 0.101, "Actual Rows": 2, "Actual Loops": 1, "Filter": "((n_name = 'INDIA'::bpchar) OR (n_name = 'JAPAN'::bpchar))", "Rows Removed by Filter": 23}]}]}, {"Node Type": "Bitmap Heap Scan", "Parent Relationship": "Inner", "Relation Name": "customer", "Alias": "customer", "Startup Cost": 1030.37, "Total Cost": 6832.48, "Plan Rows": 60000, "Plan Width": 12, "Actual Startup Time": 36.406, "Actual Total Time": 279.492, "Actual Rows": 119972, "Actual Loops": 2, "Recheck Cond": "(c_nationkey = n2.n_nationkey)", "Rows Removed by Index Recheck": 0, "Exact Heap Blocks": 59938, "Lossy Heap Blocks": 59938, "Plans": [{"Node Type": "Bitmap Index Scan", "Parent Relationship": "Outer", "Index Name": "idx_customer_nationkey", "Startup Cost": 0.0, "Total Cost": 1015.37, "Plan Rows": 60000, "Plan Width": 0, "Actual Startup Time": 23.219, "Actual Total Time": 23.219, "Actual Rows": 119972, "Actual Loops": 2, "Index Cond": "(c_nationkey = n2.n_nationkey)"}]}]}, {"Node Type": "Index Scan", "Parent Relationship": "Inner", "Scan Direction": "Forward", "Index Name": "idx_orders_custkey", "Relation Name": "orders", "Alias": "orders", "Startup Cost": 0.0, "Total Cost": 1.22, "Plan Rows": 4, "Plan Width": 16, "Actual Startup Time": 802.739, "Actual Total Time": 3710.852, "Actual Rows": 1200363, "Actual Loops": 119972, "Index Cond": "(o_custkey = customer.c_custkey)", "Rows Removed by Index Recheck": 0}]}, {"Node Type": "Index Scan", "Parent Relationship": "Inner", "Scan Direction": "Forward", "Index Name": "idx_lineitem_orderkey", "Relation Name": "lineitem", "Alias": "lineitem", "Startup Cost": 0.0, "Total Cost": 0.91, "Plan Rows": 3, "Plan Width": 40, "Actual Startup Time": 13644.368, "Actual Total Time": 14846.543, "Actual Rows": 1459150, "Actual Loops": 1200363, "Index Cond": "(l_orderkey = orders.o_orderkey)", "Rows Removed by Index Recheck": 0, "Filter": "((l_shipdate >= '1995-01-01 00:00:00'::timestamp(0) without time zone) AND (l_shipdate <= '1996-12-31 00:00:00'::timestamp(0) without time zone))", "Rows Removed by Filter": 3342563}]}, {"Node Type": "Index Scan", "Parent Relationship": "Inner", "Scan Direction": "Forward", "Index Name": "supplier_pkey", "Relation Name": "supplier", "Alias": "supplier", "Startup Cost": 0.0, "Total Cost": 0.27, "Plan Rows": 1, "Plan Width": 12, "Actual Startup Time": 6492.7, "Actual Total Time": 6985.023, "Actual Rows": 1459150, "Actual Loops": 1459150, "Index Cond": "(s_suppkey = lineitem.l_suppkey)", "Rows Removed by Index Recheck": 0}]}]}]}, "Triggers": [], "Planner Runtime": 2, "Total Runtime": 28491.878, "Unique SQL Id": 2208782157}}, "(64, 114)": {"explain_plan": {"Plan": {"Node Type": "Sort", "Startup Cost": 6036772.32, "Total Cost": 6036781.54, "Plan Rows": 3688, "Plan Width": 84, "Sort Key": ["n1.n_name", "n2.n_name", "(date_part('year'::text, lineitem.l_shipdate))"], "Plans": [{"Node Type": "Aggregate", "Strategy": "Hashed", "Parent Relationship": "Outer", "Startup Cost": 6036507.73, "Total Cost": 6036553.83, "Plan Rows": 3688, "Plan Width": 84, "Group By Key": ["n1.n_name", "n2.n_name", "date_part('year'::text, lineitem.l_shipdate)"], "Plans": [{"Node Type": "Nested Loop", "Parent Relationship": "Outer", "Join Type": "Inner", "Startup Cost": 1031.44, "Total Cost": 6036452.41, "Plan Rows": 3688, "Plan Width": 76, "Inner Unique": true, "Join Filter": "(n1.n_nationkey = supplier.s_nationkey)", "Plans": [{"Node Type": "Nested Loop", "Parent Relationship": "Outer", "Join Type": "Inner", "Startup Cost": 1031.18, "Total Cost": 2863778.68, "Plan Rows": 740786, "Plan Width": 88, "Inner Unique": false, "Plans": [{"Node Type": "Nested Loop", "Parent Relationship": "Outer", "Join Type": "Inner", "Startup Cost": 1030.8, "Total Cost": 557356.7, "Plan Rows": 504972, "Plan Width": 64, "Inner Unique": false, "Plans": [{"Node Type": "Nested Loop", "Parent Relationship": "Outer", "Join Type": "Inner", "Startup Cost": 1030.37, "Total Cost": 14881.59, "Plan Rows": 119904, "Plan Width": 64, "Inner Unique": false, "Plans": [{"Node Type": "Nested Loop", "Parent Relationship": "Outer", "Join Type": "Inner", "Startup Cost": 0.0, "Total Cost": 16.62, "Plan Rows": 2, "Plan Width": 60, "Inner Unique": false, "Join Filter": "(((n1.n_name = 'JAPAN'::bpchar) AND (n2.n_name = 'INDIA'::bpchar)) OR ((n1.n_name = 'INDIA'::bpchar) AND (n2.n_name = 'JAPAN'::bpchar)))", "Plans": [{"Node Type": "Seq Scan", "Parent Relationship": "Outer", "Relation Name": "nation", "Alias": "n1", "Startup Cost": 0.0, "Total Cost": 1.25, "Plan Rows": 25, "Plan Width": 30, "Filter": "((n_name = 'JAPAN'::bpchar) OR (n_name = 'INDIA'::bpchar))"}, {"Node Type": "Materialize", "Parent Relationship": "Inner", "Startup Cost": 0.0, "Total Cost": 1.38, "Plan Rows": 25, "Plan Width": 30, "Plans": [{"Node Type": "Seq Scan", "Parent Relationship": "Outer", "Relation Name": "nation", "Alias": "n2", "Startup Cost": 0.0, "Total Cost": 1.25, "Plan Rows": 25, "Plan Width": 30, "Filter": "((n_name = 'INDIA'::bpchar) OR (n_name = 'JAPAN'::bpchar))"}]}]}, {"Node Type": "Bitmap Heap Scan", "Parent Relationship": "Inner", "Relation Name": "customer", "Alias": "customer", "Startup Cost": 1030.37, "Total Cost": 6832.48, "Plan Rows": 60000, "Plan Width": 12, "Recheck Cond": "(c_nationkey = n2.n_nationkey)", "Plans": [{"Node Type": "Bitmap Index Scan", "Parent Relationship": "Outer", "Index Name": "idx_customer_nationkey", "Startup Cost": 0.0, "Total Cost": 1015.37, "Plan Rows": 60000, "Plan Width": 0, "Index Cond": "(c_nationkey = n2.n_nationkey)"}]}]}, {"Node Type": "Bitmap Heap Scan", "Parent Relationship": "Inner", "Relation Name": "orders", "Alias": "orders", "Startup Cost": 0.43, "Total Cost": 4.48, "Plan Rows": 4, "Plan Width": 16, "Recheck Cond": "(o_custkey = customer.c_custkey)", "Plans": [{"Node Type": "Bitmap Index Scan", "Parent Relationship": "Outer", "Index Name": "idx_orders_custkey", "Startup Cost": 0.0, "Total Cost": 0.43, "Plan Rows": 4, "Plan Width": 0, "Index Cond": "(o_custkey = customer.c_custkey)"}]}]}, {"Node Type": "Bitmap Heap Scan", "Parent Relationship": "Inner", "Relation Name": "lineitem", "Alias": "lineitem", "Startup Cost": 0.38, "Total Cost": 4.54, "Plan Rows": 3, "Plan Width": 40, "Recheck Cond": "(l_orderkey = orders.o_orderkey)", "Filter": "((l_shipdate >= '1995-01-01 00:00:00'::timestamp(0) without time zone) AND (l_shipdate <= '1996-12-31 00:00:00'::timestamp(0) without time zone))", "Plans": [{"Node Type": "Bitmap Index Scan", "Parent Relationship": "Outer", "Index Name": "idx_lineitem_orderkey", "Startup Cost": 0.0, "Total Cost": 0.38, "Plan Rows": 9, "Plan Width": 0, "Index Cond": "(l_orderkey = orders.o_orderkey)"}]}]}, {"Node Type": "Bitmap Heap Scan", "Parent Relationship": "Inner", "Relation Name": "supplier", "Alias": "supplier", "Startup Cost": 0.26, "Total Cost": 4.27, "Plan Rows": 1, "Plan Width": 12, "Recheck Cond": "(s_suppkey = lineitem.l_suppkey)", "Plans": [{"Node Type": "Bitmap Index Scan", "Parent Relationship": "Outer", "Index Name": "supplier_pkey", "Startup Cost": 0.0, "Total Cost": 0.26, "Plan Rows": 1, "Plan Width": 0, "Index Cond": "(s_suppkey = lineitem.l_suppkey)"}]}]}]}]}, "Unique SQL Id": 2208782157, "Planner Runtime": 2}, "explain_analyze_plan": {"Plan": {"Node Type": "Sort", "Startup Cost": 6036772.32, "Total Cost": 6036781.54, "Plan Rows": 3688, "Plan Width": 84, "Actual Startup Time": 33170.14, "Actual Total Time": 33170.14, "Actual Rows": 4, "Actual Loops": 1, "Sort Key": ["n1.n_name", "n2.n_name", "(date_part('year'::text, lineitem.l_shipdate))"], "Sort Method": "quicksort", "Sort Space Used": 25, "Sort Space Type": "Memory", "Plans": [{"Node Type": "Aggregate", "Strategy": "Hashed", "Parent Relationship": "Outer", "Startup Cost": 6036507.73, "Total Cost": 6036553.83, "Plan Rows": 3688, "Plan Width": 84, "Actual Startup Time": 33170.08, "Actual Total Time": 33170.086, "Actual Rows": 4, "Actual Loops": 1, "Group By Key": ["n1.n_name", "n2.n_name", "date_part('year'::text, lineitem.l_shipdate)"], "Plans": [{"Node Type": "Nested Loop", "Parent Relationship": "Outer", "Join Type": "Inner", "Startup Cost": 1031.44, "Total Cost": 6036452.41, "Plan Rows": 3688, "Plan Width": 76, "Actual Startup Time": 18.321, "Actual Total Time": 33032.328, "Actual Rows": 58554, "Actual Loops": 1, "Inner Unique": true, "Join Filter": "(n1.n_nationkey = supplier.s_nationkey)", "Rows Removed by Join Filter": 1400596, "Plans": [{"Node Type": "Nested Loop", "Parent Relationship": "Outer", "Join Type": "Inner", "Startup Cost": 1031.18, "Total Cost": 2863778.68, "Plan Rows": 740786, "Plan Width": 88, "Actual Startup Time": 18.147, "Actual Total Time": 22761.319, "Actual Rows": 1459150, "Actual Loops": 1, "Inner Unique": false, "Plans": [{"Node Type": "Nested Loop", "Parent Relationship": "Outer", "Join Type": "Inner", "Startup Cost": 1030.8, "Total Cost": 557356.7, "Plan Rows": 504972, "Plan Width": 64, "Actual Startup Time": 18.062, "Actual Total Time": 5153.849, "Actual Rows": 1200363, "Actual Loops": 1, "Inner Unique": false, "Plans": [{"Node Type": "Nested Loop", "Parent Relationship": "Outer", "Join Type": "Inner", "Startup Cost": 1030.37, "Total Cost": 14881.59, "Plan Rows": 119904, "Plan Width": 64, "Actual Startup Time": 18.014, "Actual Total Time": 296.584, "Actual Rows": 119972, "Actual Loops": 1, "Inner Unique": false, "Plans": [{"Node Type": "Nested Loop", "Parent Relationship": "Outer", "Join Type": "Inner", "Startup Cost": 0.0, "Total Cost": 16.62, "Plan Rows": 2, "Plan Width": 60, "Actual Startup Time": 0.047, "Actual Total Time": 0.232, "Actual Rows": 2, "Actual Loops": 1, "Inner Unique": false, "Join Filter": "(((n1.n_name = 'JAPAN'::bpchar) AND (n2.n_name = 'INDIA'::bpchar)) OR ((n1.n_name = 'INDIA'::bpchar) AND (n2.n_name = 'JAPAN'::bpchar)))", "Rows Removed by Join Filter": 2, "Plans": [{"Node Type": "Seq Scan", "Parent Relationship": "Outer", "Relation Name": "nation", "Alias": "n1", "Startup Cost": 0.0, "Total Cost": 1.25, "Plan Rows": 25, "Plan Width": 30, "Actual Startup Time": 0.023, "Actual Total Time": 0.04, "Actual Rows": 2, "Actual Loops": 1, "Filter": "((n_name = 'JAPAN'::bpchar) OR (n_name = 'INDIA'::bpchar))", "Rows Removed by Filter": 23}, {"Node Type": "Materialize", "Parent Relationship": "Inner", "Startup Cost": 0.0, "Total Cost": 1.38, "Plan Rows": 25, "Plan Width": 30, "Actual Startup Time": 0.016, "Actual Total Time": 0.043, "Actual Rows": 4, "Actual Loops": 2, "Plans": [{"Node Type": "Seq Scan", "Parent Relationship": "Outer", "Relation Name": "nation", "Alias": "n2", "Startup Cost": 0.0, "Total Cost": 1.25, "Plan Rows": 25, "Plan Width": 30, "Actual Startup Time": 0.012, "Actual Total Time": 0.034, "Actual Rows": 2, "Actual Loops": 1, "Filter": "((n_name = 'INDIA'::bpchar) OR (n_name = 'JAPAN'::bpchar))", "Rows Removed by Filter": 23}]}]}, {"Node Type": "Bitmap Heap Scan", "Parent Relationship": "Inner", "Relation Name": "customer", "Alias": "customer", "Startup Cost": 1030.37, "Total Cost": 6832.48, "Plan Rows": 60000, "Plan Width": 12, "Actual Startup Time": 36.199, "Actual Total Time": 263.723, "Actual Rows": 119972, "Actual Loops": 2, "Recheck Cond": "(c_nationkey = n2.n_nationkey)", "Rows Removed by Index Recheck": 0, "Exact Heap Blocks": 59938, "Lossy Heap Blocks": 59938, "Plans": [{"Node Type": "Bitmap Index Scan", "Parent Relationship": "Outer", "Index Name": "idx_customer_nationkey", "Startup Cost": 0.0, "Total Cost": 1015.37, "Plan Rows": 60000, "Plan Width": 0, "Actual Startup Time": 22.965, "Actual Total Time": 22.965, "Actual Rows": 119972, "Actual Loops": 2, "Index Cond": "(c_nationkey = n2.n_nationkey)"}]}]}, {"Node Type": "Bitmap Heap Scan", "Parent Relationship": "Inner", "Relation Name": "orders", "Alias": "orders", "Startup Cost": 0.43, "Total Cost": 4.48, "Plan Rows": 4, "Plan Width": 16, "Actual Startup Time": 1231.476, "Actual Total Time": 4414.779, "Actual Rows": 1200363, "Actual Loops": 119972, "Recheck Cond": "(o_custkey = customer.c_custkey)", "Rows Removed by Index Recheck": 0, "Exact Heap Blocks": 1200331, "Lossy Heap Blocks": 1200331, "Plans": [{"Node Type": "Bitmap Index Scan", "Parent Relationship": "Outer", "Index Name": "idx_orders_custkey", "Startup Cost": 0.0, "Total Cost": 0.43, "Plan Rows": 4, "Plan Width": 0, "Actual Startup Time": 762.093, "Actual Total Time": 762.093, "Actual Rows": 1200363, "Actual Loops": 119972, "Index Cond": "(o_custkey = customer.c_custkey)"}]}]}, {"Node Type": "Bitmap Heap Scan", "Parent Relationship": "Inner", "Relation Name": "lineitem", "Alias": "lineitem", "Startup Cost": 0.38, "Total Cost": 4.54, "Plan Rows": 3, "Plan Width": 40, "Actual Startup Time": 15186.991, "Actual Total Time": 15837.83, "Actual Rows": 1459150, "Actual Loops": 1200363, "Recheck Cond": "(l_orderkey = orders.o_orderkey)", "Rows Removed by Index Recheck": 0, "Filter": "((l_shipdate >= '1995-01-01 00:00:00'::timestamp(0) without time zone) AND (l_shipdate <= '1996-12-31 00:00:00'::timestamp(0) without time zone))", "Rows Removed by Filter": 3342563, "Exact Heap Blocks": 1285989, "Lossy Heap Blocks": 1285989, "Plans": [{"Node Type": "Bitmap Index Scan", "Parent Relationship": "Outer", "Index Name": "idx_lineitem_orderkey", "Startup Cost": 0.0, "Total Cost": 0.38, "Plan Rows": 9, "Plan Width": 0, "Actual Startup Time": 8765.983, "Actual Total Time": 8765.983, "Actual Rows": 4801713, "Actual Loops": 1200363, "Index Cond": "(l_orderkey = orders.o_orderkey)"}]}]}, {"Node Type": "Bitmap Heap Scan", "Parent Relationship": "Inner", "Relation Name": "supplier", "Alias": "supplier", "Startup Cost": 0.26, "Total Cost": 4.27, "Plan Rows": 1, "Plan Width": 12, "Actual Startup Time": 7845.355, "Actual Total Time": 8050.794, "Actual Rows": 1459150, "Actual Loops": 1459150, "Recheck Cond": "(s_suppkey = lineitem.l_suppkey)", "Rows Removed by Index Recheck": 0, "Exact Heap Blocks": 1459150, "Lossy Heap Blocks": 1459150, "Plans": [{"Node Type": "Bitmap Index Scan", "Parent Relationship": "Outer", "Index Name": "supplier_pkey", "Startup Cost": 0.0, "Total Cost": 0.26, "Plan Rows": 1, "Plan Width": 0, "Actual Startup Time": 4084.256, "Actual Total Time": 4084.256, "Actual Rows": 1459150, "Actual Loops": 1459150, "Index Cond": "(s_suppkey = lineitem.l_suppkey)"}]}]}]}]}, "Triggers": [], "Planner Runtime": 2, "Total Runtime": 33170.455, "Unique SQL Id": 2208782157}}, "(64, 115)": {"explain_plan": {"Plan": {"Node Type": "Sort", "Startup Cost": 99673674.43, "Total Cost": 99673683.65, "Plan Rows": 3688, "Plan Width": 84, "Sort Key": ["n1.n_name", "n2.n_name", "(date_part('year'::text, lineitem.l_shipdate))"], "Plans": [{"Node Type": "Aggregate", "Strategy": "Hashed", "Parent Relationship": "Outer", "Startup Cost": 99673409.84, "Total Cost": 99673455.94, "Plan Rows": 3688, "Plan Width": 84, "Group By Key": ["n1.n_name", "n2.n_name", "date_part('year'::text, lineitem.l_shipdate)"], "Plans": [{"Node Type": "Nested Loop", "Parent Relationship": "Outer", "Join Type": "Inner", "Startup Cost": 627986.71, "Total Cost": 99673354.52, "Plan Rows": 3688, "Plan Width": 76, "Inner Unique": true, "Join Filter": "(((n1.n_name = 'JAPAN'::bpchar) AND (n2.n_name = 'INDIA'::bpchar)) OR ((n1.n_name = 'INDIA'::bpchar) AND (n2.n_name = 'JAPAN'::bpchar)))", "Plans": [{"Node Type": "Nested Loop", "Parent Relationship": "Outer", "Join Type": "Inner", "Startup Cost": 627986.45, "Total Cost": 94724471.42, "Plan Rows": 1153515, "Plan Width": 54, "Inner Unique": true, "Plans": [{"Node Type": "Nested Loop", "Parent Relationship": "Outer", "Join Type": "Inner", "Startup Cost": 627986.2, "Total Cost": 89787046.56, "Plan Rows": 1153515, "Plan Width": 32, "Inner Unique": true, "Plans": [{"Node Type": "Nested Loop", "Parent Relationship": "Outer", "Join Type": "Inner", "Startup Cost": 627985.94, "Total Cost": 84848088.55, "Plan Rows": 1153515, "Plan Width": 36, "Inner Unique": true, "Plans": [{"Node Type": "Nested Loop", "Parent Relationship": "Outer", "Join Type": "Inner", "Startup Cost": 627985.67, "Total Cost": 79896146.0, "Plan Rows": 1153515, "Plan Width": 36, "Inner Unique": true, "Plans": [{"Node Type": "Bitmap Heap Scan", "Parent Relationship": "Outer", "Relation Name": "lineitem", "Alias": "lineitem", "Startup Cost": 627985.41, "Total Cost": 2315105.27, "Plan Rows": 18124991, "Plan Width": 40, "Recheck Cond": "((l_shipdate >= '1995-01-01 00:00:00'::timestamp(0) without time zone) AND (l_shipdate <= '1996-12-31 00:00:00'::timestamp(0) without time zone)), (LLVM Optimized)", "Plans": [{"Node Type": "Bitmap Index Scan", "Parent Relationship": "Outer", "Index Name": "idx_lineitem_shipdate", "Startup Cost": 0.0, "Total Cost": 623454.16, "Plan Rows": 18124991, "Plan Width": 0, "Index Cond": "((l_shipdate >= '1995-01-01 00:00:00'::timestamp(0) without time zone) AND (l_shipdate <= '1996-12-31 00:00:00'::timestamp(0) without time zone))"}]}, {"Node Type": "Bitmap Heap Scan", "Parent Relationship": "Inner", "Relation Name": "supplier", "Alias": "supplier", "Startup Cost": 0.26, "Total Cost": 4.27, "Plan Rows": 1, "Plan Width": 12, "Recheck Cond": "(s_suppkey = lineitem.l_suppkey)", "Plans": [{"Node Type": "Bitmap Index Scan", "Parent Relationship": "Outer", "Index Name": "supplier_pkey", "Startup Cost": 0.0, "Total Cost": 0.26, "Plan Rows": 1, "Plan Width": 0, "Index Cond": "(s_suppkey = lineitem.l_suppkey)"}]}]}, {"Node Type": "Bitmap Heap Scan", "Parent Relationship": "Inner", "Relation Name": "orders", "Alias": "orders", "Startup Cost": 0.27, "Total Cost": 4.28, "Plan Rows": 1, "Plan Width": 16, "Recheck Cond": "(o_orderkey = lineitem.l_orderkey)", "Plans": [{"Node Type": "Bitmap Index Scan", "Parent Relationship": "Outer", "Index Name": "orders_pkey", "Startup Cost": 0.0, "Total Cost": 0.27, "Plan Rows": 1, "Plan Width": 0, "Index Cond": "(o_orderkey = lineitem.l_orderkey)"}]}]}, {"Node Type": "Bitmap Heap Scan", "Parent Relationship": "Inner", "Relation Name": "customer", "Alias": "customer", "Startup Cost": 0.26, "Total Cost": 4.27, "Plan Rows": 1, "Plan Width": 12, "Recheck Cond": "(c_custkey = orders.o_custkey)", "Plans": [{"Node Type": "Bitmap Index Scan", "Parent Relationship": "Outer", "Index Name": "customer_pkey", "Startup Cost": 0.0, "Total Cost": 0.26, "Plan Rows": 1, "Plan Width": 0, "Index Cond": "(c_custkey = orders.o_custkey)"}]}]}, {"Node Type": "Bitmap Heap Scan", "Parent Relationship": "Inner", "Relation Name": "nation", "Alias": "n1", "Startup Cost": 0.26, "Total Cost": 4.27, "Plan Rows": 1, "Plan Width": 30, "Recheck Cond": "(n_nationkey = supplier.s_nationkey)", "Filter": "((n_name = 'JAPAN'::bpchar) OR (n_name = 'INDIA'::bpchar))", "Plans": [{"Node Type": "Bitmap Index Scan", "Parent Relationship": "Outer", "Index Name": "nation_pkey", "Startup Cost": 0.0, "Total Cost": 0.26, "Plan Rows": 1, "Plan Width": 0, "Index Cond": "(n_nationkey = supplier.s_nationkey)"}]}]}, {"Node Type": "Bitmap Heap Scan", "Parent Relationship": "Inner", "Relation Name": "nation", "Alias": "n2", "Startup Cost": 0.26, "Total Cost": 4.27, "Plan Rows": 1, "Plan Width": 30, "Recheck Cond": "(n_nationkey = customer.c_nationkey)", "Filter": "((n_name = 'INDIA'::bpchar) OR (n_name = 'JAPAN'::bpchar))", "Plans": [{"Node Type": "Bitmap Index Scan", "Parent Relationship": "Outer", "Index Name": "nation_pkey", "Startup Cost": 0.0, "Total Cost": 0.26, "Plan Rows": 1, "Plan Width": 0, "Index Cond": "(n_nationkey = customer.c_nationkey)"}]}]}]}]}, "Unique SQL Id": 2208782157, "Planner Runtime": 1}, "explain_analyze_plan": null}, "(64, 116)": {"explain_plan": {"Plan": {"Node Type": "Sort", "Startup Cost": 852790.92, "Total Cost": 852800.14, "Plan Rows": 3688, "Plan Width": 84, "Sort Key": ["n1.n_name", "n2.n_name", "(date_part('year'::text, lineitem.l_shipdate))"], "Plans": [{"Node Type": "Aggregate", "Strategy": "Hashed", "Parent Relationship": "Outer", "Startup Cost": 852526.33, "Total Cost": 852572.43, "Plan Rows": 3688, "Plan Width": 84, "Group By Key": ["n1.n_name", "n2.n_name", "date_part('year'::text, lineitem.l_shipdate)"], "Plans": [{"Node Type": "Nested Loop", "Parent Relationship": "Outer", "Join Type": "Inner", "Startup Cost": 1030.37, "Total Cost": 852471.01, "Plan Rows": 3688, "Plan Width": 76, "Inner Unique": true, "Join Filter": "(n1.n_nationkey = supplier.s_nationkey)", "Plans": [{"Node Type": "Nested Loop", "Parent Relationship": "Outer", "Join Type": "Inner", "Startup Cost": 1030.37, "Total Cost": 642753.24, "Plan Rows": 740786, "Plan Width": 88, "Inner Unique": false, "Plans": [{"Node Type": "Nested Loop", "Parent Relationship": "Outer", "Join Type": "Inner", "Startup Cost": 1030.37, "Total Cost": 166015.61, "Plan Rows": 504972, "Plan Width": 64, "Inner Unique": false, "Plans": [{"Node Type": "Nested Loop", "Parent Relationship": "Outer", "Join Type": "Inner", "Startup Cost": 1030.37, "Total Cost": 14893.09, "Plan Rows": 119904, "Plan Width": 64, "Inner Unique": false, "Plans": [{"Node Type": "Nested Loop", "Parent Relationship": "Outer", "Join Type": "Inner", "Startup Cost": 0.0, "Total Cost": 28.12, "Plan Rows": 2, "Plan Width": 60, "Inner Unique": false, "Join Filter": "(((n1.n_name = 'JAPAN'::bpchar) AND (n2.n_name = 'INDIA'::bpchar)) OR ((n1.n_name = 'INDIA'::bpchar) AND (n2.n_name = 'JAPAN'::bpchar)))", "Plans": [{"Node Type": "Index Scan", "Parent Relationship": "Outer", "Scan Direction": "Forward", "Index Name": "nation_pkey", "Relation Name": "nation", "Alias": "n1", "Startup Cost": 0.0, "Total Cost": 12.75, "Plan Rows": 25, "Plan Width": 30, "Filter": "((n_name = 'JAPAN'::bpchar) OR (n_name = 'INDIA'::bpchar))"}, {"Node Type": "Materialize", "Parent Relationship": "Inner", "Startup Cost": 0.0, "Total Cost": 1.38, "Plan Rows": 25, "Plan Width": 30, "Plans": [{"Node Type": "Seq Scan", "Parent Relationship": "Outer", "Relation Name": "nation", "Alias": "n2", "Startup Cost": 0.0, "Total Cost": 1.25, "Plan Rows": 25, "Plan Width": 30, "Filter": "((n_name = 'INDIA'::bpchar) OR (n_name = 'JAPAN'::bpchar))"}]}]}, {"Node Type": "Bitmap Heap Scan", "Parent Relationship": "Inner", "Relation Name": "customer", "Alias": "customer", "Startup Cost": 1030.37, "Total Cost": 6832.48, "Plan Rows": 60000, "Plan Width": 12, "Recheck Cond": "(c_nationkey = n2.n_nationkey)", "Plans": [{"Node Type": "Bitmap Index Scan", "Parent Relationship": "Outer", "Index Name": "idx_customer_nationkey", "Startup Cost": 0.0, "Total Cost": 1015.37, "Plan Rows": 60000, "Plan Width": 0, "Index Cond": "(c_nationkey = n2.n_nationkey)"}]}]}, {"Node Type": "Index Scan", "Parent Relationship": "Inner", "Scan Direction": "Forward", "Index Name": "idx_orders_custkey", "Relation Name": "orders", "Alias": "orders", "Startup Cost": 0.0, "Total Cost": 1.22, "Plan Rows": 4, "Plan Width": 16, "Index Cond": "(o_custkey = customer.c_custkey)"}]}, {"Node Type": "Index Scan", "Parent Relationship": "Inner", "Scan Direction": "Forward", "Index Name": "idx_lineitem_orderkey", "Relation Name": "lineitem", "Alias": "lineitem", "Startup Cost": 0.0, "Total Cost": 0.91, "Plan Rows": 3, "Plan Width": 40, "Index Cond": "(l_orderkey = orders.o_orderkey)", "Filter": "((l_shipdate >= '1995-01-01 00:00:00'::timestamp(0) without time zone) AND (l_shipdate <= '1996-12-31 00:00:00'::timestamp(0) without time zone))"}]}, {"Node Type": "Index Scan", "Parent Relationship": "Inner", "Scan Direction": "Forward", "Index Name": "supplier_pkey", "Relation Name": "supplier", "Alias": "supplier", "Startup Cost": 0.0, "Total Cost": 0.27, "Plan Rows": 1, "Plan Width": 12, "Index Cond": "(s_suppkey = lineitem.l_suppkey)"}]}]}]}, "Unique SQL Id": 2208782157, "Planner Runtime": 2}, "explain_analyze_plan": {"Plan": {"Node Type": "Sort", "Startup Cost": 852790.92, "Total Cost": 852800.14, "Plan Rows": 3688, "Plan Width": 84, "Actual Startup Time": 28496.679, "Actual Total Time": 28496.68, "Actual Rows": 4, "Actual Loops": 1, "Sort Key": ["n1.n_name", "n2.n_name", "(date_part('year'::text, lineitem.l_shipdate))"], "Sort Method": "quicksort", "Sort Space Used": 25, "Sort Space Type": "Memory", "Plans": [{"Node Type": "Aggregate", "Strategy": "Hashed", "Parent Relationship": "Outer", "Startup Cost": 852526.33, "Total Cost": 852572.43, "Plan Rows": 3688, "Plan Width": 84, "Actual Startup Time": 28496.619, "Actual Total Time": 28496.625, "Actual Rows": 4, "Actual Loops": 1, "Group By Key": ["n1.n_name", "n2.n_name", "date_part('year'::text, lineitem.l_shipdate)"], "Plans": [{"Node Type": "Nested Loop", "Parent Relationship": "Outer", "Join Type": "Inner", "Startup Cost": 1030.37, "Total Cost": 852471.01, "Plan Rows": 3688, "Plan Width": 76, "Actual Startup Time": 18.394, "Actual Total Time": 28383.513, "Actual Rows": 58554, "Actual Loops": 1, "Inner Unique": true, "Join Filter": "(n1.n_nationkey = supplier.s_nationkey)", "Rows Removed by Join Filter": 1400596, "Plans": [{"Node Type": "Nested Loop", "Parent Relationship": "Outer", "Join Type": "Inner", "Startup Cost": 1030.37, "Total Cost": 642753.24, "Plan Rows": 740786, "Plan Width": 88, "Actual Startup Time": 18.204, "Actual Total Time": 20243.77, "Actual Rows": 1459150, "Actual Loops": 1, "Inner Unique": false, "Plans": [{"Node Type": "Nested Loop", "Parent Relationship": "Outer", "Join Type": "Inner", "Startup Cost": 1030.37, "Total Cost": 166015.61, "Plan Rows": 504972, "Plan Width": 64, "Actual Startup Time": 18.113, "Actual Total Time": 4407.183, "Actual Rows": 1200363, "Actual Loops": 1, "Inner Unique": false, "Plans": [{"Node Type": "Nested Loop", "Parent Relationship": "Outer", "Join Type": "Inner", "Startup Cost": 1030.37, "Total Cost": 14893.09, "Plan Rows": 119904, "Plan Width": 64, "Actual Startup Time": 18.079, "Actual Total Time": 308.06, "Actual Rows": 119972, "Actual Loops": 1, "Inner Unique": false, "Plans": [{"Node Type": "Nested Loop", "Parent Relationship": "Outer", "Join Type": "Inner", "Startup Cost": 0.0, "Total Cost": 28.12, "Plan Rows": 2, "Plan Width": 60, "Actual Startup Time": 0.067, "Actual Total Time": 0.164, "Actual Rows": 2, "Actual Loops": 1, "Inner Unique": false, "Join Filter": "(((n1.n_name = 'JAPAN'::bpchar) AND (n2.n_name = 'INDIA'::bpchar)) OR ((n1.n_name = 'INDIA'::bpchar) AND (n2.n_name = 'JAPAN'::bpchar)))", "Rows Removed by Join Filter": 2, "Plans": [{"Node Type": "Index Scan", "Parent Relationship": "Outer", "Scan Direction": "Forward", "Index Name": "nation_pkey", "Relation Name": "nation", "Alias": "n1", "Startup Cost": 0.0, "Total Cost": 12.75, "Plan Rows": 25, "Plan Width": 30, "Actual Startup Time": 0.034, "Actual Total Time": 0.059, "Actual Rows": 2, "Actual Loops": 1, "Filter": "((n_name = 'JAPAN'::bpchar) OR (n_name = 'INDIA'::bpchar))", "Rows Removed by Filter": 23}, {"Node Type": "Materialize", "Parent Relationship": "Inner", "Startup Cost": 0.0, "Total Cost": 1.38, "Plan Rows": 25, "Plan Width": 30, "Actual Startup Time": 0.026, "Actual Total Time": 0.052, "Actual Rows": 4, "Actual Loops": 2, "Plans": [{"Node Type": "Seq Scan", "Parent Relationship": "Outer", "Relation Name": "nation", "Alias": "n2", "Startup Cost": 0.0, "Total Cost": 1.25, "Plan Rows": 25, "Plan Width": 30, "Actual Startup Time": 0.02, "Actual Total Time": 0.042, "Actual Rows": 2, "Actual Loops": 1, "Filter": "((n_name = 'INDIA'::bpchar) OR (n_name = 'JAPAN'::bpchar))", "Rows Removed by Filter": 23}]}]}, {"Node Type": "Bitmap Heap Scan", "Parent Relationship": "Inner", "Relation Name": "customer", "Alias": "customer", "Startup Cost": 1030.37, "Total Cost": 6832.48, "Plan Rows": 60000, "Plan Width": 12, "Actual Startup Time": 36.15, "Actual Total Time": 277.324, "Actual Rows": 119972, "Actual Loops": 2, "Recheck Cond": "(c_nationkey = n2.n_nationkey)", "Rows Removed by Index Recheck": 0, "Exact Heap Blocks": 59938, "Lossy Heap Blocks": 59938, "Plans": [{"Node Type": "Bitmap Index Scan", "Parent Relationship": "Outer", "Index Name": "idx_customer_nationkey", "Startup Cost": 0.0, "Total Cost": 1015.37, "Plan Rows": 60000, "Plan Width": 0, "Actual Startup Time": 22.983, "Actual Total Time": 22.983, "Actual Rows": 119972, "Actual Loops": 2, "Index Cond": "(c_nationkey = n2.n_nationkey)"}]}]}, {"Node Type": "Index Scan", "Parent Relationship": "Inner", "Scan Direction": "Forward", "Index Name": "idx_orders_custkey", "Relation Name": "orders", "Alias": "orders", "Startup Cost": 0.0, "Total Cost": 1.22, "Plan Rows": 4, "Plan Width": 16, "Actual Startup Time": 810.341, "Actual Total Time": 3734.234, "Actual Rows": 1200363, "Actual Loops": 119972, "Index Cond": "(o_custkey = customer.c_custkey)", "Rows Removed by Index Recheck": 0}]}, {"Node Type": "Index Scan", "Parent Relationship": "Inner", "Scan Direction": "Forward", "Index Name": "idx_lineitem_orderkey", "Relation Name": "lineitem", "Alias": "lineitem", "Startup Cost": 0.0, "Total Cost": 0.91, "Plan Rows": 3, "Plan Width": 40, "Actual Startup Time": 13657.957, "Actual Total Time": 14846.05, "Actual Rows": 1459150, "Actual Loops": 1200363, "Index Cond": "(l_orderkey = orders.o_orderkey)", "Rows Removed by Index Recheck": 0, "Filter": "((l_shipdate >= '1995-01-01 00:00:00'::timestamp(0) without time zone) AND (l_shipdate <= '1996-12-31 00:00:00'::timestamp(0) without time zone))", "Rows Removed by Filter": 3342563}]}, {"Node Type": "Index Scan", "Parent Relationship": "Inner", "Scan Direction": "Forward", "Index Name": "supplier_pkey", "Relation Name": "supplier", "Alias": "supplier", "Startup Cost": 0.0, "Total Cost": 0.27, "Plan Rows": 1, "Plan Width": 12, "Actual Startup Time": 6456.613, "Actual Total Time": 6949.952, "Actual Rows": 1459150, "Actual Loops": 1459150, "Index Cond": "(s_suppkey = lineitem.l_suppkey)", "Rows Removed by Index Recheck": 0}]}]}]}, "Triggers": [], "Planner Runtime": 2, "Total Runtime": 28496.985, "Unique SQL Id": 2208782157}}, "(64, 117)": {"explain_plan": {"Plan": {"Node Type": "Sort", "Startup Cost": 852802.42, "Total Cost": 852811.64, "Plan Rows": 3688, "Plan Width": 84, "Sort Key": ["n1.n_name", "n2.n_name", "(date_part('year'::text, lineitem.l_shipdate))"], "Plans": [{"Node Type": "Aggregate", "Strategy": "Hashed", "Parent Relationship": "Outer", "Startup Cost": 852537.83, "Total Cost": 852583.93, "Plan Rows": 3688, "Plan Width": 84, "Group By Key": ["n1.n_name", "n2.n_name", "date_part('year'::text, lineitem.l_shipdate)"], "Plans": [{"Node Type": "Nested Loop", "Parent Relationship": "Outer", "Join Type": "Inner", "Startup Cost": 1030.37, "Total Cost": 852482.51, "Plan Rows": 3688, "Plan Width": 76, "Inner Unique": true, "Join Filter": "(n1.n_nationkey = supplier.s_nationkey)", "Plans": [{"Node Type": "Nested Loop", "Parent Relationship": "Outer", "Join Type": "Inner", "Startup Cost": 1030.37, "Total Cost": 642764.74, "Plan Rows": 740786, "Plan Width": 88, "Inner Unique": false, "Plans": [{"Node Type": "Nested Loop", "Parent Relationship": "Outer", "Join Type": "Inner", "Startup Cost": 1030.37, "Total Cost": 166027.11, "Plan Rows": 504972, "Plan Width": 64, "Inner Unique": false, "Plans": [{"Node Type": "Nested Loop", "Parent Relationship": "Outer", "Join Type": "Inner", "Startup Cost": 1030.37, "Total Cost": 14904.59, "Plan Rows": 119904, "Plan Width": 64, "Inner Unique": false, "Plans": [{"Node Type": "Nested Loop", "Parent Relationship": "Outer", "Join Type": "Inner", "Startup Cost": 0.0, "Total Cost": 39.62, "Plan Rows": 2, "Plan Width": 60, "Inner Unique": false, "Join Filter": "(((n1.n_name = 'JAPAN'::bpchar) AND (n2.n_name = 'INDIA'::bpchar)) OR ((n1.n_name = 'INDIA'::bpchar) AND (n2.n_name = 'JAPAN'::bpchar)))", "Plans": [{"Node Type": "Index Scan", "Parent Relationship": "Outer", "Scan Direction": "Forward", "Index Name": "nation_pkey", "Relation Name": "nation", "Alias": "n1", "Startup Cost": 0.0, "Total Cost": 12.75, "Plan Rows": 25, "Plan Width": 30, "Filter": "((n_name = 'JAPAN'::bpchar) OR (n_name = 'INDIA'::bpchar))"}, {"Node Type": "Materialize", "Parent Relationship": "Inner", "Startup Cost": 0.0, "Total Cost": 12.88, "Plan Rows": 25, "Plan Width": 30, "Plans": [{"Node Type": "Index Scan", "Parent Relationship": "Outer", "Scan Direction": "Forward", "Index Name": "nation_pkey", "Relation Name": "nation", "Alias": "n2", "Startup Cost": 0.0, "Total Cost": 12.75, "Plan Rows": 25, "Plan Width": 30, "Filter": "((n_name = 'INDIA'::bpchar) OR (n_name = 'JAPAN'::bpchar))"}]}]}, {"Node Type": "Bitmap Heap Scan", "Parent Relationship": "Inner", "Relation Name": "customer", "Alias": "customer", "Startup Cost": 1030.37, "Total Cost": 6832.48, "Plan Rows": 60000, "Plan Width": 12, "Recheck Cond": "(c_nationkey = n2.n_nationkey)", "Plans": [{"Node Type": "Bitmap Index Scan", "Parent Relationship": "Outer", "Index Name": "idx_customer_nationkey", "Startup Cost": 0.0, "Total Cost": 1015.37, "Plan Rows": 60000, "Plan Width": 0, "Index Cond": "(c_nationkey = n2.n_nationkey)"}]}]}, {"Node Type": "Index Scan", "Parent Relationship": "Inner", "Scan Direction": "Forward", "Index Name": "idx_orders_custkey", "Relation Name": "orders", "Alias": "orders", "Startup Cost": 0.0, "Total Cost": 1.22, "Plan Rows": 4, "Plan Width": 16, "Index Cond": "(o_custkey = customer.c_custkey)"}]}, {"Node Type": "Index Scan", "Parent Relationship": "Inner", "Scan Direction": "Forward", "Index Name": "idx_lineitem_orderkey", "Relation Name": "lineitem", "Alias": "lineitem", "Startup Cost": 0.0, "Total Cost": 0.91, "Plan Rows": 3, "Plan Width": 40, "Index Cond": "(l_orderkey = orders.o_orderkey)", "Filter": "((l_shipdate >= '1995-01-01 00:00:00'::timestamp(0) without time zone) AND (l_shipdate <= '1996-12-31 00:00:00'::timestamp(0) without time zone))"}]}, {"Node Type": "Index Scan", "Parent Relationship": "Inner", "Scan Direction": "Forward", "Index Name": "supplier_pkey", "Relation Name": "supplier", "Alias": "supplier", "Startup Cost": 0.0, "Total Cost": 0.27, "Plan Rows": 1, "Plan Width": 12, "Index Cond": "(s_suppkey = lineitem.l_suppkey)"}]}]}]}, "Unique SQL Id": 2208782157, "Planner Runtime": 2}, "explain_analyze_plan": {"Plan": {"Node Type": "Sort", "Startup Cost": 852802.42, "Total Cost": 852811.64, "Plan Rows": 3688, "Plan Width": 84, "Actual Startup Time": 28491.572, "Actual Total Time": 28491.572, "Actual Rows": 4, "Actual Loops": 1, "Sort Key": ["n1.n_name", "n2.n_name", "(date_part('year'::text, lineitem.l_shipdate))"], "Sort Method": "quicksort", "Sort Space Used": 25, "Sort Space Type": "Memory", "Plans": [{"Node Type": "Aggregate", "Strategy": "Hashed", "Parent Relationship": "Outer", "Startup Cost": 852537.83, "Total Cost": 852583.93, "Plan Rows": 3688, "Plan Width": 84, "Actual Startup Time": 28491.523, "Actual Total Time": 28491.527, "Actual Rows": 4, "Actual Loops": 1, "Group By Key": ["n1.n_name", "n2.n_name", "date_part('year'::text, lineitem.l_shipdate)"], "Plans": [{"Node Type": "Nested Loop", "Parent Relationship": "Outer", "Join Type": "Inner", "Startup Cost": 1030.37, "Total Cost": 852482.51, "Plan Rows": 3688, "Plan Width": 76, "Actual Startup Time": 18.127, "Actual Total Time": 28377.729, "Actual Rows": 58554, "Actual Loops": 1, "Inner Unique": true, "Join Filter": "(n1.n_nationkey = supplier.s_nationkey)", "Rows Removed by Join Filter": 1400596, "Plans": [{"Node Type": "Nested Loop", "Parent Relationship": "Outer", "Join Type": "Inner", "Startup Cost": 1030.37, "Total Cost": 642764.74, "Plan Rows": 740786, "Plan Width": 88, "Actual Startup Time": 17.979, "Actual Total Time": 20212.209, "Actual Rows": 1459150, "Actual Loops": 1, "Inner Unique": false, "Plans": [{"Node Type": "Nested Loop", "Parent Relationship": "Outer", "Join Type": "Inner", "Startup Cost": 1030.37, "Total Cost": 166027.11, "Plan Rows": 504972, "Plan Width": 64, "Actual Startup Time": 17.905, "Actual Total Time": 4387.012, "Actual Rows": 1200363, "Actual Loops": 1, "Inner Unique": false, "Plans": [{"Node Type": "Nested Loop", "Parent Relationship": "Outer", "Join Type": "Inner", "Startup Cost": 1030.37, "Total Cost": 14904.59, "Plan Rows": 119904, "Plan Width": 64, "Actual Startup Time": 17.874, "Actual Total Time": 310.247, "Actual Rows": 119972, "Actual Loops": 1, "Inner Unique": false, "Plans": [{"Node Type": "Nested Loop", "Parent Relationship": "Outer", "Join Type": "Inner", "Startup Cost": 0.0, "Total Cost": 39.62, "Plan Rows": 2, "Plan Width": 60, "Actual Startup Time": 0.057, "Actual Total Time": 0.238, "Actual Rows": 2, "Actual Loops": 1, "Inner Unique": false, "Join Filter": "(((n1.n_name = 'JAPAN'::bpchar) AND (n2.n_name = 'INDIA'::bpchar)) OR ((n1.n_name = 'INDIA'::bpchar) AND (n2.n_name = 'JAPAN'::bpchar)))", "Rows Removed by Join Filter": 2, "Plans": [{"Node Type": "Index Scan", "Parent Relationship": "Outer", "Scan Direction": "Forward", "Index Name": "nation_pkey", "Relation Name": "nation", "Alias": "n1", "Startup Cost": 0.0, "Total Cost": 12.75, "Plan Rows": 25, "Plan Width": 30, "Actual Startup Time": 0.029, "Actual Total Time": 0.067, "Actual Rows": 2, "Actual Loops": 1, "Filter": "((n_name = 'JAPAN'::bpchar) OR (n_name = 'INDIA'::bpchar))", "Rows Removed by Filter": 23}, {"Node Type": "Materialize", "Parent Relationship": "Inner", "Startup Cost": 0.0, "Total Cost": 12.88, "Plan Rows": 25, "Plan Width": 30, "Actual Startup Time": 0.02, "Actual Total Time": 0.115, "Actual Rows": 4, "Actual Loops": 2, "Plans": [{"Node Type": "Index Scan", "Parent Relationship": "Outer", "Scan Direction": "Forward", "Index Name": "nation_pkey", "Relation Name": "nation", "Alias": "n2", "Startup Cost": 0.0, "Total Cost": 12.75, "Plan Rows": 25, "Plan Width": 30, "Actual Startup Time": 0.011, "Actual Total Time": 0.101, "Actual Rows": 2, "Actual Loops": 1, "Filter": "((n_name = 'INDIA'::bpchar) OR (n_name = 'JAPAN'::bpchar))", "Rows Removed by Filter": 23}]}]}, {"Node Type": "Bitmap Heap Scan", "Parent Relationship": "Inner", "Relation Name": "customer", "Alias": "customer", "Startup Cost": 1030.37, "Total Cost": 6832.48, "Plan Rows": 60000, "Plan Width": 12, "Actual Startup Time": 36.406, "Actual Total Time": 279.492, "Actual Rows": 119972, "Actual Loops": 2, "Recheck Cond": "(c_nationkey = n2.n_nationkey)", "Rows Removed by Index Recheck": 0, "Exact Heap Blocks": 59938, "Lossy Heap Blocks": 59938, "Plans": [{"Node Type": "Bitmap Index Scan", "Parent Relationship": "Outer", "Index Name": "idx_customer_nationkey", "Startup Cost": 0.0, "Total Cost": 1015.37, "Plan Rows": 60000, "Plan Width": 0, "Actual Startup Time": 23.219, "Actual Total Time": 23.219, "Actual Rows": 119972, "Actual Loops": 2, "Index Cond": "(c_nationkey = n2.n_nationkey)"}]}]}, {"Node Type": "Index Scan", "Parent Relationship": "Inner", "Scan Direction": "Forward", "Index Name": "idx_orders_custkey", "Relation Name": "orders", "Alias": "orders", "Startup Cost": 0.0, "Total Cost": 1.22, "Plan Rows": 4, "Plan Width": 16, "Actual Startup Time": 802.739, "Actual Total Time": 3710.852, "Actual Rows": 1200363, "Actual Loops": 119972, "Index Cond": "(o_custkey = customer.c_custkey)", "Rows Removed by Index Recheck": 0}]}, {"Node Type": "Index Scan", "Parent Relationship": "Inner", "Scan Direction": "Forward", "Index Name": "idx_lineitem_orderkey", "Relation Name": "lineitem", "Alias": "lineitem", "Startup Cost": 0.0, "Total Cost": 0.91, "Plan Rows": 3, "Plan Width": 40, "Actual Startup Time": 13644.368, "Actual Total Time": 14846.543, "Actual Rows": 1459150, "Actual Loops": 1200363, "Index Cond": "(l_orderkey = orders.o_orderkey)", "Rows Removed by Index Recheck": 0, "Filter": "((l_shipdate >= '1995-01-01 00:00:00'::timestamp(0) without time zone) AND (l_shipdate <= '1996-12-31 00:00:00'::timestamp(0) without time zone))", "Rows Removed by Filter": 3342563}]}, {"Node Type": "Index Scan", "Parent Relationship": "Inner", "Scan Direction": "Forward", "Index Name": "supplier_pkey", "Relation Name": "supplier", "Alias": "supplier", "Startup Cost": 0.0, "Total Cost": 0.27, "Plan Rows": 1, "Plan Width": 12, "Actual Startup Time": 6492.7, "Actual Total Time": 6985.023, "Actual Rows": 1459150, "Actual Loops": 1459150, "Index Cond": "(s_suppkey = lineitem.l_suppkey)", "Rows Removed by Index Recheck": 0}]}]}]}, "Triggers": [], "Planner Runtime": 2, "Total Runtime": 28491.878, "Unique SQL Id": 2208782157}}, "(64, 118)": {"explain_plan": {"Plan": {"Node Type": "Sort", "Startup Cost": 6036772.32, "Total Cost": 6036781.54, "Plan Rows": 3688, "Plan Width": 84, "Sort Key": ["n1.n_name", "n2.n_name", "(date_part('year'::text, lineitem.l_shipdate))"], "Plans": [{"Node Type": "Aggregate", "Strategy": "Hashed", "Parent Relationship": "Outer", "Startup Cost": 6036507.73, "Total Cost": 6036553.83, "Plan Rows": 3688, "Plan Width": 84, "Group By Key": ["n1.n_name", "n2.n_name", "date_part('year'::text, lineitem.l_shipdate)"], "Plans": [{"Node Type": "Nested Loop", "Parent Relationship": "Outer", "Join Type": "Inner", "Startup Cost": 1031.44, "Total Cost": 6036452.41, "Plan Rows": 3688, "Plan Width": 76, "Inner Unique": true, "Join Filter": "(n1.n_nationkey = supplier.s_nationkey)", "Plans": [{"Node Type": "Nested Loop", "Parent Relationship": "Outer", "Join Type": "Inner", "Startup Cost": 1031.18, "Total Cost": 2863778.68, "Plan Rows": 740786, "Plan Width": 88, "Inner Unique": false, "Plans": [{"Node Type": "Nested Loop", "Parent Relationship": "Outer", "Join Type": "Inner", "Startup Cost": 1030.8, "Total Cost": 557356.7, "Plan Rows": 504972, "Plan Width": 64, "Inner Unique": false, "Plans": [{"Node Type": "Nested Loop", "Parent Relationship": "Outer", "Join Type": "Inner", "Startup Cost": 1030.37, "Total Cost": 14881.59, "Plan Rows": 119904, "Plan Width": 64, "Inner Unique": false, "Plans": [{"Node Type": "Nested Loop", "Parent Relationship": "Outer", "Join Type": "Inner", "Startup Cost": 0.0, "Total Cost": 16.62, "Plan Rows": 2, "Plan Width": 60, "Inner Unique": false, "Join Filter": "(((n1.n_name = 'JAPAN'::bpchar) AND (n2.n_name = 'INDIA'::bpchar)) OR ((n1.n_name = 'INDIA'::bpchar) AND (n2.n_name = 'JAPAN'::bpchar)))", "Plans": [{"Node Type": "Seq Scan", "Parent Relationship": "Outer", "Relation Name": "nation", "Alias": "n1", "Startup Cost": 0.0, "Total Cost": 1.25, "Plan Rows": 25, "Plan Width": 30, "Filter": "((n_name = 'JAPAN'::bpchar) OR (n_name = 'INDIA'::bpchar))"}, {"Node Type": "Materialize", "Parent Relationship": "Inner", "Startup Cost": 0.0, "Total Cost": 1.38, "Plan Rows": 25, "Plan Width": 30, "Plans": [{"Node Type": "Seq Scan", "Parent Relationship": "Outer", "Relation Name": "nation", "Alias": "n2", "Startup Cost": 0.0, "Total Cost": 1.25, "Plan Rows": 25, "Plan Width": 30, "Filter": "((n_name = 'INDIA'::bpchar) OR (n_name = 'JAPAN'::bpchar))"}]}]}, {"Node Type": "Bitmap Heap Scan", "Parent Relationship": "Inner", "Relation Name": "customer", "Alias": "customer", "Startup Cost": 1030.37, "Total Cost": 6832.48, "Plan Rows": 60000, "Plan Width": 12, "Recheck Cond": "(c_nationkey = n2.n_nationkey)", "Plans": [{"Node Type": "Bitmap Index Scan", "Parent Relationship": "Outer", "Index Name": "idx_customer_nationkey", "Startup Cost": 0.0, "Total Cost": 1015.37, "Plan Rows": 60000, "Plan Width": 0, "Index Cond": "(c_nationkey = n2.n_nationkey)"}]}]}, {"Node Type": "Bitmap Heap Scan", "Parent Relationship": "Inner", "Relation Name": "orders", "Alias": "orders", "Startup Cost": 0.43, "Total Cost": 4.48, "Plan Rows": 4, "Plan Width": 16, "Recheck Cond": "(o_custkey = customer.c_custkey)", "Plans": [{"Node Type": "Bitmap Index Scan", "Parent Relationship": "Outer", "Index Name": "idx_orders_custkey", "Startup Cost": 0.0, "Total Cost": 0.43, "Plan Rows": 4, "Plan Width": 0, "Index Cond": "(o_custkey = customer.c_custkey)"}]}]}, {"Node Type": "Bitmap Heap Scan", "Parent Relationship": "Inner", "Relation Name": "lineitem", "Alias": "lineitem", "Startup Cost": 0.38, "Total Cost": 4.54, "Plan Rows": 3, "Plan Width": 40, "Recheck Cond": "(l_orderkey = orders.o_orderkey)", "Filter": "((l_shipdate >= '1995-01-01 00:00:00'::timestamp(0) without time zone) AND (l_shipdate <= '1996-12-31 00:00:00'::timestamp(0) without time zone))", "Plans": [{"Node Type": "Bitmap Index Scan", "Parent Relationship": "Outer", "Index Name": "idx_lineitem_orderkey", "Startup Cost": 0.0, "Total Cost": 0.38, "Plan Rows": 9, "Plan Width": 0, "Index Cond": "(l_orderkey = orders.o_orderkey)"}]}]}, {"Node Type": "Bitmap Heap Scan", "Parent Relationship": "Inner", "Relation Name": "supplier", "Alias": "supplier", "Startup Cost": 0.26, "Total Cost": 4.27, "Plan Rows": 1, "Plan Width": 12, "Recheck Cond": "(s_suppkey = lineitem.l_suppkey)", "Plans": [{"Node Type": "Bitmap Index Scan", "Parent Relationship": "Outer", "Index Name": "supplier_pkey", "Startup Cost": 0.0, "Total Cost": 0.26, "Plan Rows": 1, "Plan Width": 0, "Index Cond": "(s_suppkey = lineitem.l_suppkey)"}]}]}]}]}, "Unique SQL Id": 2208782157, "Planner Runtime": 2}, "explain_analyze_plan": {"Plan": {"Node Type": "Sort", "Startup Cost": 6036772.32, "Total Cost": 6036781.54, "Plan Rows": 3688, "Plan Width": 84, "Actual Startup Time": 33170.14, "Actual Total Time": 33170.14, "Actual Rows": 4, "Actual Loops": 1, "Sort Key": ["n1.n_name", "n2.n_name", "(date_part('year'::text, lineitem.l_shipdate))"], "Sort Method": "quicksort", "Sort Space Used": 25, "Sort Space Type": "Memory", "Plans": [{"Node Type": "Aggregate", "Strategy": "Hashed", "Parent Relationship": "Outer", "Startup Cost": 6036507.73, "Total Cost": 6036553.83, "Plan Rows": 3688, "Plan Width": 84, "Actual Startup Time": 33170.08, "Actual Total Time": 33170.086, "Actual Rows": 4, "Actual Loops": 1, "Group By Key": ["n1.n_name", "n2.n_name", "date_part('year'::text, lineitem.l_shipdate)"], "Plans": [{"Node Type": "Nested Loop", "Parent Relationship": "Outer", "Join Type": "Inner", "Startup Cost": 1031.44, "Total Cost": 6036452.41, "Plan Rows": 3688, "Plan Width": 76, "Actual Startup Time": 18.321, "Actual Total Time": 33032.328, "Actual Rows": 58554, "Actual Loops": 1, "Inner Unique": true, "Join Filter": "(n1.n_nationkey = supplier.s_nationkey)", "Rows Removed by Join Filter": 1400596, "Plans": [{"Node Type": "Nested Loop", "Parent Relationship": "Outer", "Join Type": "Inner", "Startup Cost": 1031.18, "Total Cost": 2863778.68, "Plan Rows": 740786, "Plan Width": 88, "Actual Startup Time": 18.147, "Actual Total Time": 22761.319, "Actual Rows": 1459150, "Actual Loops": 1, "Inner Unique": false, "Plans": [{"Node Type": "Nested Loop", "Parent Relationship": "Outer", "Join Type": "Inner", "Startup Cost": 1030.8, "Total Cost": 557356.7, "Plan Rows": 504972, "Plan Width": 64, "Actual Startup Time": 18.062, "Actual Total Time": 5153.849, "Actual Rows": 1200363, "Actual Loops": 1, "Inner Unique": false, "Plans": [{"Node Type": "Nested Loop", "Parent Relationship": "Outer", "Join Type": "Inner", "Startup Cost": 1030.37, "Total Cost": 14881.59, "Plan Rows": 119904, "Plan Width": 64, "Actual Startup Time": 18.014, "Actual Total Time": 296.584, "Actual Rows": 119972, "Actual Loops": 1, "Inner Unique": false, "Plans": [{"Node Type": "Nested Loop", "Parent Relationship": "Outer", "Join Type": "Inner", "Startup Cost": 0.0, "Total Cost": 16.62, "Plan Rows": 2, "Plan Width": 60, "Actual Startup Time": 0.047, "Actual Total Time": 0.232, "Actual Rows": 2, "Actual Loops": 1, "Inner Unique": false, "Join Filter": "(((n1.n_name = 'JAPAN'::bpchar) AND (n2.n_name = 'INDIA'::bpchar)) OR ((n1.n_name = 'INDIA'::bpchar) AND (n2.n_name = 'JAPAN'::bpchar)))", "Rows Removed by Join Filter": 2, "Plans": [{"Node Type": "Seq Scan", "Parent Relationship": "Outer", "Relation Name": "nation", "Alias": "n1", "Startup Cost": 0.0, "Total Cost": 1.25, "Plan Rows": 25, "Plan Width": 30, "Actual Startup Time": 0.023, "Actual Total Time": 0.04, "Actual Rows": 2, "Actual Loops": 1, "Filter": "((n_name = 'JAPAN'::bpchar) OR (n_name = 'INDIA'::bpchar))", "Rows Removed by Filter": 23}, {"Node Type": "Materialize", "Parent Relationship": "Inner", "Startup Cost": 0.0, "Total Cost": 1.38, "Plan Rows": 25, "Plan Width": 30, "Actual Startup Time": 0.016, "Actual Total Time": 0.043, "Actual Rows": 4, "Actual Loops": 2, "Plans": [{"Node Type": "Seq Scan", "Parent Relationship": "Outer", "Relation Name": "nation", "Alias": "n2", "Startup Cost": 0.0, "Total Cost": 1.25, "Plan Rows": 25, "Plan Width": 30, "Actual Startup Time": 0.012, "Actual Total Time": 0.034, "Actual Rows": 2, "Actual Loops": 1, "Filter": "((n_name = 'INDIA'::bpchar) OR (n_name = 'JAPAN'::bpchar))", "Rows Removed by Filter": 23}]}]}, {"Node Type": "Bitmap Heap Scan", "Parent Relationship": "Inner", "Relation Name": "customer", "Alias": "customer", "Startup Cost": 1030.37, "Total Cost": 6832.48, "Plan Rows": 60000, "Plan Width": 12, "Actual Startup Time": 36.199, "Actual Total Time": 263.723, "Actual Rows": 119972, "Actual Loops": 2, "Recheck Cond": "(c_nationkey = n2.n_nationkey)", "Rows Removed by Index Recheck": 0, "Exact Heap Blocks": 59938, "Lossy Heap Blocks": 59938, "Plans": [{"Node Type": "Bitmap Index Scan", "Parent Relationship": "Outer", "Index Name": "idx_customer_nationkey", "Startup Cost": 0.0, "Total Cost": 1015.37, "Plan Rows": 60000, "Plan Width": 0, "Actual Startup Time": 22.965, "Actual Total Time": 22.965, "Actual Rows": 119972, "Actual Loops": 2, "Index Cond": "(c_nationkey = n2.n_nationkey)"}]}]}, {"Node Type": "Bitmap Heap Scan", "Parent Relationship": "Inner", "Relation Name": "orders", "Alias": "orders", "Startup Cost": 0.43, "Total Cost": 4.48, "Plan Rows": 4, "Plan Width": 16, "Actual Startup Time": 1231.476, "Actual Total Time": 4414.779, "Actual Rows": 1200363, "Actual Loops": 119972, "Recheck Cond": "(o_custkey = customer.c_custkey)", "Rows Removed by Index Recheck": 0, "Exact Heap Blocks": 1200331, "Lossy Heap Blocks": 1200331, "Plans": [{"Node Type": "Bitmap Index Scan", "Parent Relationship": "Outer", "Index Name": "idx_orders_custkey", "Startup Cost": 0.0, "Total Cost": 0.43, "Plan Rows": 4, "Plan Width": 0, "Actual Startup Time": 762.093, "Actual Total Time": 762.093, "Actual Rows": 1200363, "Actual Loops": 119972, "Index Cond": "(o_custkey = customer.c_custkey)"}]}]}, {"Node Type": "Bitmap Heap Scan", "Parent Relationship": "Inner", "Relation Name": "lineitem", "Alias": "lineitem", "Startup Cost": 0.38, "Total Cost": 4.54, "Plan Rows": 3, "Plan Width": 40, "Actual Startup Time": 15186.991, "Actual Total Time": 15837.83, "Actual Rows": 1459150, "Actual Loops": 1200363, "Recheck Cond": "(l_orderkey = orders.o_orderkey)", "Rows Removed by Index Recheck": 0, "Filter": "((l_shipdate >= '1995-01-01 00:00:00'::timestamp(0) without time zone) AND (l_shipdate <= '1996-12-31 00:00:00'::timestamp(0) without time zone))", "Rows Removed by Filter": 3342563, "Exact Heap Blocks": 1285989, "Lossy Heap Blocks": 1285989, "Plans": [{"Node Type": "Bitmap Index Scan", "Parent Relationship": "Outer", "Index Name": "idx_lineitem_orderkey", "Startup Cost": 0.0, "Total Cost": 0.38, "Plan Rows": 9, "Plan Width": 0, "Actual Startup Time": 8765.983, "Actual Total Time": 8765.983, "Actual Rows": 4801713, "Actual Loops": 1200363, "Index Cond": "(l_orderkey = orders.o_orderkey)"}]}]}, {"Node Type": "Bitmap Heap Scan", "Parent Relationship": "Inner", "Relation Name": "supplier", "Alias": "supplier", "Startup Cost": 0.26, "Total Cost": 4.27, "Plan Rows": 1, "Plan Width": 12, "Actual Startup Time": 7845.355, "Actual Total Time": 8050.794, "Actual Rows": 1459150, "Actual Loops": 1459150, "Recheck Cond": "(s_suppkey = lineitem.l_suppkey)", "Rows Removed by Index Recheck": 0, "Exact Heap Blocks": 1459150, "Lossy Heap Blocks": 1459150, "Plans": [{"Node Type": "Bitmap Index Scan", "Parent Relationship": "Outer", "Index Name": "supplier_pkey", "Startup Cost": 0.0, "Total Cost": 0.26, "Plan Rows": 1, "Plan Width": 0, "Actual Startup Time": 4084.256, "Actual Total Time": 4084.256, "Actual Rows": 1459150, "Actual Loops": 1459150, "Index Cond": "(s_suppkey = lineitem.l_suppkey)"}]}]}]}]}, "Triggers": [], "Planner Runtime": 2, "Total Runtime": 33170.455, "Unique SQL Id": 2208782157}}, "(64, 119)": {"explain_plan": {"Plan": {"Node Type": "Sort", "Startup Cost": 99673674.43, "Total Cost": 99673683.65, "Plan Rows": 3688, "Plan Width": 84, "Sort Key": ["n1.n_name", "n2.n_name", "(date_part('year'::text, lineitem.l_shipdate))"], "Plans": [{"Node Type": "Aggregate", "Strategy": "Hashed", "Parent Relationship": "Outer", "Startup Cost": 99673409.84, "Total Cost": 99673455.94, "Plan Rows": 3688, "Plan Width": 84, "Group By Key": ["n1.n_name", "n2.n_name", "date_part('year'::text, lineitem.l_shipdate)"], "Plans": [{"Node Type": "Nested Loop", "Parent Relationship": "Outer", "Join Type": "Inner", "Startup Cost": 627986.71, "Total Cost": 99673354.52, "Plan Rows": 3688, "Plan Width": 76, "Inner Unique": true, "Join Filter": "(((n1.n_name = 'JAPAN'::bpchar) AND (n2.n_name = 'INDIA'::bpchar)) OR ((n1.n_name = 'INDIA'::bpchar) AND (n2.n_name = 'JAPAN'::bpchar)))", "Plans": [{"Node Type": "Nested Loop", "Parent Relationship": "Outer", "Join Type": "Inner", "Startup Cost": 627986.45, "Total Cost": 94724471.42, "Plan Rows": 1153515, "Plan Width": 54, "Inner Unique": true, "Plans": [{"Node Type": "Nested Loop", "Parent Relationship": "Outer", "Join Type": "Inner", "Startup Cost": 627986.2, "Total Cost": 89787046.56, "Plan Rows": 1153515, "Plan Width": 32, "Inner Unique": true, "Plans": [{"Node Type": "Nested Loop", "Parent Relationship": "Outer", "Join Type": "Inner", "Startup Cost": 627985.94, "Total Cost": 84848088.55, "Plan Rows": 1153515, "Plan Width": 36, "Inner Unique": true, "Plans": [{"Node Type": "Nested Loop", "Parent Relationship": "Outer", "Join Type": "Inner", "Startup Cost": 627985.67, "Total Cost": 79896146.0, "Plan Rows": 1153515, "Plan Width": 36, "Inner Unique": true, "Plans": [{"Node Type": "Bitmap Heap Scan", "Parent Relationship": "Outer", "Relation Name": "lineitem", "Alias": "lineitem", "Startup Cost": 627985.41, "Total Cost": 2315105.27, "Plan Rows": 18124991, "Plan Width": 40, "Recheck Cond": "((l_shipdate >= '1995-01-01 00:00:00'::timestamp(0) without time zone) AND (l_shipdate <= '1996-12-31 00:00:00'::timestamp(0) without time zone)), (LLVM Optimized)", "Plans": [{"Node Type": "Bitmap Index Scan", "Parent Relationship": "Outer", "Index Name": "idx_lineitem_shipdate", "Startup Cost": 0.0, "Total Cost": 623454.16, "Plan Rows": 18124991, "Plan Width": 0, "Index Cond": "((l_shipdate >= '1995-01-01 00:00:00'::timestamp(0) without time zone) AND (l_shipdate <= '1996-12-31 00:00:00'::timestamp(0) without time zone))"}]}, {"Node Type": "Bitmap Heap Scan", "Parent Relationship": "Inner", "Relation Name": "supplier", "Alias": "supplier", "Startup Cost": 0.26, "Total Cost": 4.27, "Plan Rows": 1, "Plan Width": 12, "Recheck Cond": "(s_suppkey = lineitem.l_suppkey)", "Plans": [{"Node Type": "Bitmap Index Scan", "Parent Relationship": "Outer", "Index Name": "supplier_pkey", "Startup Cost": 0.0, "Total Cost": 0.26, "Plan Rows": 1, "Plan Width": 0, "Index Cond": "(s_suppkey = lineitem.l_suppkey)"}]}]}, {"Node Type": "Bitmap Heap Scan", "Parent Relationship": "Inner", "Relation Name": "orders", "Alias": "orders", "Startup Cost": 0.27, "Total Cost": 4.28, "Plan Rows": 1, "Plan Width": 16, "Recheck Cond": "(o_orderkey = lineitem.l_orderkey)", "Plans": [{"Node Type": "Bitmap Index Scan", "Parent Relationship": "Outer", "Index Name": "orders_pkey", "Startup Cost": 0.0, "Total Cost": 0.27, "Plan Rows": 1, "Plan Width": 0, "Index Cond": "(o_orderkey = lineitem.l_orderkey)"}]}]}, {"Node Type": "Bitmap Heap Scan", "Parent Relationship": "Inner", "Relation Name": "customer", "Alias": "customer", "Startup Cost": 0.26, "Total Cost": 4.27, "Plan Rows": 1, "Plan Width": 12, "Recheck Cond": "(c_custkey = orders.o_custkey)", "Plans": [{"Node Type": "Bitmap Index Scan", "Parent Relationship": "Outer", "Index Name": "customer_pkey", "Startup Cost": 0.0, "Total Cost": 0.26, "Plan Rows": 1, "Plan Width": 0, "Index Cond": "(c_custkey = orders.o_custkey)"}]}]}, {"Node Type": "Bitmap Heap Scan", "Parent Relationship": "Inner", "Relation Name": "nation", "Alias": "n1", "Startup Cost": 0.26, "Total Cost": 4.27, "Plan Rows": 1, "Plan Width": 30, "Recheck Cond": "(n_nationkey = supplier.s_nationkey)", "Filter": "((n_name = 'JAPAN'::bpchar) OR (n_name = 'INDIA'::bpchar))", "Plans": [{"Node Type": "Bitmap Index Scan", "Parent Relationship": "Outer", "Index Name": "nation_pkey", "Startup Cost": 0.0, "Total Cost": 0.26, "Plan Rows": 1, "Plan Width": 0, "Index Cond": "(n_nationkey = supplier.s_nationkey)"}]}]}, {"Node Type": "Bitmap Heap Scan", "Parent Relationship": "Inner", "Relation Name": "nation", "Alias": "n2", "Startup Cost": 0.26, "Total Cost": 4.27, "Plan Rows": 1, "Plan Width": 30, "Recheck Cond": "(n_nationkey = customer.c_nationkey)", "Filter": "((n_name = 'INDIA'::bpchar) OR (n_name = 'JAPAN'::bpchar))", "Plans": [{"Node Type": "Bitmap Index Scan", "Parent Relationship": "Outer", "Index Name": "nation_pkey", "Startup Cost": 0.0, "Total Cost": 0.26, "Plan Rows": 1, "Plan Width": 0, "Index Cond": "(n_nationkey = customer.c_nationkey)"}]}]}]}]}, "Unique SQL Id": 2208782157, "Planner Runtime": 1}, "explain_analyze_plan": null}, "(64, 120)": {"explain_plan": {"Plan": {"Node Type": "Sort", "Startup Cost": 854530.8, "Total Cost": 854540.02, "Plan Rows": 3688, "Plan Width": 84, "Sort Key": ["n1.n_name", "n2.n_name", "(date_part('year'::text, lineitem.l_shipdate))"], "Plans": [{"Node Type": "Aggregate", "Strategy": "Hashed", "Parent Relationship": "Outer", "Startup Cost": 854266.22, "Total Cost": 854312.32, "Plan Rows": 3688, "Plan Width": 84, "Group By Key": ["n1.n_name", "n2.n_name", "date_part('year'::text, lineitem.l_shipdate)"], "Plans": [{"Node Type": "Nested Loop", "Parent Relationship": "Outer", "Join Type": "Inner", "Startup Cost": 0.0, "Total Cost": 854210.9, "Plan Rows": 3688, "Plan Width": 76, "Inner Unique": true, "Join Filter": "(n1.n_nationkey = supplier.s_nationkey)", "Plans": [{"Node Type": "Nested Loop", "Parent Relationship": "Outer", "Join Type": "Inner", "Startup Cost": 0.0, "Total Cost": 644493.13, "Plan Rows": 740786, "Plan Width": 88, "Inner Unique": false, "Plans": [{"Node Type": "Nested Loop", "Parent Relationship": "Outer", "Join Type": "Inner", "Startup Cost": 0.0, "Total Cost": 167755.5, "Plan Rows": 504972, "Plan Width": 64, "Inner Unique": false, "Plans": [{"Node Type": "Nested Loop", "Parent Relationship": "Outer", "Join Type": "Inner", "Startup Cost": 0.0, "Total Cost": 16632.98, "Plan Rows": 119904, "Plan Width": 64, "Inner Unique": false, "Plans": [{"Node Type": "Nested Loop", "Parent Relationship": "Outer", "Join Type": "Inner", "Startup Cost": 0.0, "Total Cost": 28.12, "Plan Rows": 2, "Plan Width": 60, "Inner Unique": false, "Join Filter": "(((n1.n_name = 'JAPAN'::bpchar) AND (n2.n_name = 'INDIA'::bpchar)) OR ((n1.n_name = 'INDIA'::bpchar) AND (n2.n_name = 'JAPAN'::bpchar)))", "Plans": [{"Node Type": "Index Scan", "Parent Relationship": "Outer", "Scan Direction": "Forward", "Index Name": "nation_pkey", "Relation Name": "nation", "Alias": "n1", "Startup Cost": 0.0, "Total Cost": 12.75, "Plan Rows": 25, "Plan Width": 30, "Filter": "((n_name = 'JAPAN'::bpchar) OR (n_name = 'INDIA'::bpchar))"}, {"Node Type": "Materialize", "Parent Relationship": "Inner", "Startup Cost": 0.0, "Total Cost": 1.38, "Plan Rows": 25, "Plan Width": 30, "Plans": [{"Node Type": "Seq Scan", "Parent Relationship": "Outer", "Relation Name": "nation", "Alias": "n2", "Startup Cost": 0.0, "Total Cost": 1.25, "Plan Rows": 25, "Plan Width": 30, "Filter": "((n_name = 'INDIA'::bpchar) OR (n_name = 'JAPAN'::bpchar))"}]}]}, {"Node Type": "Index Scan", "Parent Relationship": "Inner", "Scan Direction": "Forward", "Index Name": "idx_customer_nationkey", "Relation Name": "customer", "Alias": "customer", "Startup Cost": 0.0, "Total Cost": 7702.43, "Plan Rows": 60000, "Plan Width": 12, "Index Cond": "(c_nationkey = n2.n_nationkey)"}]}, {"Node Type": "Index Scan", "Parent Relationship": "Inner", "Scan Direction": "Forward", "Index Name": "idx_orders_custkey", "Relation Name": "orders", "Alias": "orders", "Startup Cost": 0.0, "Total Cost": 1.22, "Plan Rows": 4, "Plan Width": 16, "Index Cond": "(o_custkey = customer.c_custkey)"}]}, {"Node Type": "Index Scan", "Parent Relationship": "Inner", "Scan Direction": "Forward", "Index Name": "idx_lineitem_orderkey", "Relation Name": "lineitem", "Alias": "lineitem", "Startup Cost": 0.0, "Total Cost": 0.91, "Plan Rows": 3, "Plan Width": 40, "Index Cond": "(l_orderkey = orders.o_orderkey)", "Filter": "((l_shipdate >= '1995-01-01 00:00:00'::timestamp(0) without time zone) AND (l_shipdate <= '1996-12-31 00:00:00'::timestamp(0) without time zone))"}]}, {"Node Type": "Index Scan", "Parent Relationship": "Inner", "Scan Direction": "Forward", "Index Name": "supplier_pkey", "Relation Name": "supplier", "Alias": "supplier", "Startup Cost": 0.0, "Total Cost": 0.27, "Plan Rows": 1, "Plan Width": 12, "Index Cond": "(s_suppkey = lineitem.l_suppkey)"}]}]}]}, "Unique SQL Id": 2208782157, "Planner Runtime": 2}, "explain_analyze_plan": {"Plan": {"Node Type": "Sort", "Startup Cost": 854530.8, "Total Cost": 854540.02, "Plan Rows": 3688, "Plan Width": 84, "Actual Startup Time": 28536.346, "Actual Total Time": 28536.346, "Actual Rows": 4, "Actual Loops": 1, "Sort Key": ["n1.n_name", "n2.n_name", "(date_part('year'::text, lineitem.l_shipdate))"], "Sort Method": "quicksort", "Sort Space Used": 25, "Sort Space Type": "Memory", "Plans": [{"Node Type": "Aggregate", "Strategy": "Hashed", "Parent Relationship": "Outer", "Startup Cost": 854266.22, "Total Cost": 854312.32, "Plan Rows": 3688, "Plan Width": 84, "Actual Startup Time": 28536.292, "Actual Total Time": 28536.298, "Actual Rows": 4, "Actual Loops": 1, "Group By Key": ["n1.n_name", "n2.n_name", "date_part('year'::text, lineitem.l_shipdate)"], "Plans": [{"Node Type": "Nested Loop", "Parent Relationship": "Outer", "Join Type": "Inner", "Startup Cost": 0.0, "Total Cost": 854210.9, "Plan Rows": 3688, "Plan Width": 76, "Actual Startup Time": 0.315, "Actual Total Time": 28427.343, "Actual Rows": 58554, "Actual Loops": 1, "Inner Unique": true, "Join Filter": "(n1.n_nationkey = supplier.s_nationkey)", "Rows Removed by Join Filter": 1400596, "Plans": [{"Node Type": "Nested Loop", "Parent Relationship": "Outer", "Join Type": "Inner", "Startup Cost": 0.0, "Total Cost": 644493.13, "Plan Rows": 740786, "Plan Width": 88, "Actual Startup Time": 0.183, "Actual Total Time": 20266.744, "Actual Rows": 1459150, "Actual Loops": 1, "Inner Unique": false, "Plans": [{"Node Type": "Nested Loop", "Parent Relationship": "Outer", "Join Type": "Inner", "Startup Cost": 0.0, "Total Cost": 167755.5, "Plan Rows": 504972, "Plan Width": 64, "Actual Startup Time": 0.128, "Actual Total Time": 4396.158, "Actual Rows": 1200363, "Actual Loops": 1, "Inner Unique": false, "Plans": [{"Node Type": "Nested Loop", "Parent Relationship": "Outer", "Join Type": "Inner", "Startup Cost": 0.0, "Total Cost": 16632.98, "Plan Rows": 119904, "Plan Width": 64, "Actual Startup Time": 0.11, "Actual Total Time": 241.733, "Actual Rows": 119972, "Actual Loops": 1, "Inner Unique": false, "Plans": [{"Node Type": "Nested Loop", "Parent Relationship": "Outer", "Join Type": "Inner", "Startup Cost": 0.0, "Total Cost": 28.12, "Plan Rows": 2, "Plan Width": 60, "Actual Startup Time": 0.067, "Actual Total Time": 0.323, "Actual Rows": 2, "Actual Loops": 1, "Inner Unique": false, "Join Filter": "(((n1.n_name = 'JAPAN'::bpchar) AND (n2.n_name = 'INDIA'::bpchar)) OR ((n1.n_name = 'INDIA'::bpchar) AND (n2.n_name = 'JAPAN'::bpchar)))", "Rows Removed by Join Filter": 2, "Plans": [{"Node Type": "Index Scan", "Parent Relationship": "Outer", "Scan Direction": "Forward", "Index Name": "nation_pkey", "Relation Name": "nation", "Alias": "n1", "Startup Cost": 0.0, "Total Cost": 12.75, "Plan Rows": 25, "Plan Width": 30, "Actual Startup Time": 0.031, "Actual Total Time": 0.072, "Actual Rows": 2, "Actual Loops": 1, "Filter": "((n_name = 'JAPAN'::bpchar) OR (n_name = 'INDIA'::bpchar))", "Rows Removed by Filter": 23}, {"Node Type": "Materialize", "Parent Relationship": "Inner", "Startup Cost": 0.0, "Total Cost": 1.38, "Plan Rows": 25, "Plan Width": 30, "Actual Startup Time": 0.028, "Actual Total Time": 0.131, "Actual Rows": 4, "Actual Loops": 2, "Plans": [{"Node Type": "Seq Scan", "Parent Relationship": "Outer", "Relation Name": "nation", "Alias": "n2", "Startup Cost": 0.0, "Total Cost": 1.25, "Plan Rows": 25, "Plan Width": 30, "Actual Startup Time": 0.023, "Actual Total Time": 0.119, "Actual Rows": 2, "Actual Loops": 1, "Filter": "((n_name = 'INDIA'::bpchar) OR (n_name = 'JAPAN'::bpchar))", "Rows Removed by Filter": 23}]}]}, {"Node Type": "Index Scan", "Parent Relationship": "Inner", "Scan Direction": "Forward", "Index Name": "idx_customer_nationkey", "Relation Name": "customer", "Alias": "customer", "Startup Cost": 0.0, "Total Cost": 7702.43, "Plan Rows": 60000, "Plan Width": 12, "Actual Startup Time": 0.07, "Actual Total Time": 206.83, "Actual Rows": 119972, "Actual Loops": 2, "Index Cond": "(c_nationkey = n2.n_nationkey)", "Rows Removed by Index Recheck": 0}]}, {"Node Type": "Index Scan", "Parent Relationship": "Inner", "Scan Direction": "Forward", "Index Name": "idx_orders_custkey", "Relation Name": "orders", "Alias": "orders", "Startup Cost": 0.0, "Total Cost": 1.22, "Plan Rows": 4, "Plan Width": 16, "Actual Startup Time": 814.537, "Actual Total Time": 3794.351, "Actual Rows": 1200363, "Actual Loops": 119972, "Index Cond": "(o_custkey = customer.c_custkey)", "Rows Removed by Index Recheck": 0}]}, {"Node Type": "Index Scan", "Parent Relationship": "Inner", "Scan Direction": "Forward", "Index Name": "idx_lineitem_orderkey", "Relation Name": "lineitem", "Alias": "lineitem", "Startup Cost": 0.0, "Total Cost": 0.91, "Plan Rows": 3, "Plan Width": 40, "Actual Startup Time": 13708.653, "Actual Total Time": 14899.392, "Actual Rows": 1459150, "Actual Loops": 1200363, "Index Cond": "(l_orderkey = orders.o_orderkey)", "Rows Removed by Index Recheck": 0, "Filter": "((l_shipdate >= '1995-01-01 00:00:00'::timestamp(0) without time zone) AND (l_shipdate <= '1996-12-31 00:00:00'::timestamp(0) without time zone))", "Rows Removed by Filter": 3342563}]}, {"Node Type": "Index Scan", "Parent Relationship": "Inner", "Scan Direction": "Forward", "Index Name": "supplier_pkey", "Relation Name": "supplier", "Alias": "supplier", "Startup Cost": 0.0, "Total Cost": 0.27, "Plan Rows": 1, "Plan Width": 12, "Actual Startup Time": 6487.978, "Actual Total Time": 6972.847, "Actual Rows": 1459150, "Actual Loops": 1459150, "Index Cond": "(s_suppkey = lineitem.l_suppkey)", "Rows Removed by Index Recheck": 0}]}]}]}, "Triggers": [], "Planner Runtime": 2, "Total Runtime": 28536.561, "Unique SQL Id": 2208782157}}, "(64, 121)": {"explain_plan": {"Plan": {"Node Type": "Sort", "Startup Cost": 854542.3, "Total Cost": 854551.52, "Plan Rows": 3688, "Plan Width": 84, "Sort Key": ["n1.n_name", "n2.n_name", "(date_part('year'::text, lineitem.l_shipdate))"], "Plans": [{"Node Type": "Aggregate", "Strategy": "Hashed", "Parent Relationship": "Outer", "Startup Cost": 854277.72, "Total Cost": 854323.82, "Plan Rows": 3688, "Plan Width": 84, "Group By Key": ["n1.n_name", "n2.n_name", "date_part('year'::text, lineitem.l_shipdate)"], "Plans": [{"Node Type": "Nested Loop", "Parent Relationship": "Outer", "Join Type": "Inner", "Startup Cost": 0.0, "Total Cost": 854222.4, "Plan Rows": 3688, "Plan Width": 76, "Inner Unique": true, "Join Filter": "(n1.n_nationkey = supplier.s_nationkey)", "Plans": [{"Node Type": "Nested Loop", "Parent Relationship": "Outer", "Join Type": "Inner", "Startup Cost": 0.0, "Total Cost": 644504.63, "Plan Rows": 740786, "Plan Width": 88, "Inner Unique": false, "Plans": [{"Node Type": "Nested Loop", "Parent Relationship": "Outer", "Join Type": "Inner", "Startup Cost": 0.0, "Total Cost": 167767.0, "Plan Rows": 504972, "Plan Width": 64, "Inner Unique": false, "Plans": [{"Node Type": "Nested Loop", "Parent Relationship": "Outer", "Join Type": "Inner", "Startup Cost": 0.0, "Total Cost": 16644.48, "Plan Rows": 119904, "Plan Width": 64, "Inner Unique": false, "Plans": [{"Node Type": "Nested Loop", "Parent Relationship": "Outer", "Join Type": "Inner", "Startup Cost": 0.0, "Total Cost": 39.62, "Plan Rows": 2, "Plan Width": 60, "Inner Unique": false, "Join Filter": "(((n1.n_name = 'JAPAN'::bpchar) AND (n2.n_name = 'INDIA'::bpchar)) OR ((n1.n_name = 'INDIA'::bpchar) AND (n2.n_name = 'JAPAN'::bpchar)))", "Plans": [{"Node Type": "Index Scan", "Parent Relationship": "Outer", "Scan Direction": "Forward", "Index Name": "nation_pkey", "Relation Name": "nation", "Alias": "n1", "Startup Cost": 0.0, "Total Cost": 12.75, "Plan Rows": 25, "Plan Width": 30, "Filter": "((n_name = 'JAPAN'::bpchar) OR (n_name = 'INDIA'::bpchar))"}, {"Node Type": "Materialize", "Parent Relationship": "Inner", "Startup Cost": 0.0, "Total Cost": 12.88, "Plan Rows": 25, "Plan Width": 30, "Plans": [{"Node Type": "Index Scan", "Parent Relationship": "Outer", "Scan Direction": "Forward", "Index Name": "nation_pkey", "Relation Name": "nation", "Alias": "n2", "Startup Cost": 0.0, "Total Cost": 12.75, "Plan Rows": 25, "Plan Width": 30, "Filter": "((n_name = 'INDIA'::bpchar) OR (n_name = 'JAPAN'::bpchar))"}]}]}, {"Node Type": "Index Scan", "Parent Relationship": "Inner", "Scan Direction": "Forward", "Index Name": "idx_customer_nationkey", "Relation Name": "customer", "Alias": "customer", "Startup Cost": 0.0, "Total Cost": 7702.43, "Plan Rows": 60000, "Plan Width": 12, "Index Cond": "(c_nationkey = n2.n_nationkey)"}]}, {"Node Type": "Index Scan", "Parent Relationship": "Inner", "Scan Direction": "Forward", "Index Name": "idx_orders_custkey", "Relation Name": "orders", "Alias": "orders", "Startup Cost": 0.0, "Total Cost": 1.22, "Plan Rows": 4, "Plan Width": 16, "Index Cond": "(o_custkey = customer.c_custkey)"}]}, {"Node Type": "Index Scan", "Parent Relationship": "Inner", "Scan Direction": "Forward", "Index Name": "idx_lineitem_orderkey", "Relation Name": "lineitem", "Alias": "lineitem", "Startup Cost": 0.0, "Total Cost": 0.91, "Plan Rows": 3, "Plan Width": 40, "Index Cond": "(l_orderkey = orders.o_orderkey)", "Filter": "((l_shipdate >= '1995-01-01 00:00:00'::timestamp(0) without time zone) AND (l_shipdate <= '1996-12-31 00:00:00'::timestamp(0) without time zone))"}]}, {"Node Type": "Index Scan", "Parent Relationship": "Inner", "Scan Direction": "Forward", "Index Name": "supplier_pkey", "Relation Name": "supplier", "Alias": "supplier", "Startup Cost": 0.0, "Total Cost": 0.27, "Plan Rows": 1, "Plan Width": 12, "Index Cond": "(s_suppkey = lineitem.l_suppkey)"}]}]}]}, "Unique SQL Id": 2208782157, "Planner Runtime": 1}, "explain_analyze_plan": {"Plan": {"Node Type": "Sort", "Startup Cost": 854542.3, "Total Cost": 854551.52, "Plan Rows": 3688, "Plan Width": 84, "Actual Startup Time": 28525.933, "Actual Total Time": 28525.934, "Actual Rows": 4, "Actual Loops": 1, "Sort Key": ["n1.n_name", "n2.n_name", "(date_part('year'::text, lineitem.l_shipdate))"], "Sort Method": "quicksort", "Sort Space Used": 25, "Sort Space Type": "Memory", "Plans": [{"Node Type": "Aggregate", "Strategy": "Hashed", "Parent Relationship": "Outer", "Startup Cost": 854277.72, "Total Cost": 854323.82, "Plan Rows": 3688, "Plan Width": 84, "Actual Startup Time": 28525.842, "Actual Total Time": 28525.847, "Actual Rows": 4, "Actual Loops": 1, "Group By Key": ["n1.n_name", "n2.n_name", "date_part('year'::text, lineitem.l_shipdate)"], "Plans": [{"Node Type": "Nested Loop", "Parent Relationship": "Outer", "Join Type": "Inner", "Startup Cost": 0.0, "Total Cost": 854222.4, "Plan Rows": 3688, "Plan Width": 76, "Actual Startup Time": 0.418, "Actual Total Time": 28416.54, "Actual Rows": 58554, "Actual Loops": 1, "Inner Unique": true, "Join Filter": "(n1.n_nationkey = supplier.s_nationkey)", "Rows Removed by Join Filter": 1400596, "Plans": [{"Node Type": "Nested Loop", "Parent Relationship": "Outer", "Join Type": "Inner", "Startup Cost": 0.0, "Total Cost": 644504.63, "Plan Rows": 740786, "Plan Width": 88, "Actual Startup Time": 0.21, "Actual Total Time": 20215.203, "Actual Rows": 1459150, "Actual Loops": 1, "Inner Unique": false, "Plans": [{"Node Type": "Nested Loop", "Parent Relationship": "Outer", "Join Type": "Inner", "Startup Cost": 0.0, "Total Cost": 167767.0, "Plan Rows": 504972, "Plan Width": 64, "Actual Startup Time": 0.125, "Actual Total Time": 4332.984, "Actual Rows": 1200363, "Actual Loops": 1, "Inner Unique": false, "Plans": [{"Node Type": "Nested Loop", "Parent Relationship": "Outer", "Join Type": "Inner", "Startup Cost": 0.0, "Total Cost": 16644.48, "Plan Rows": 119904, "Plan Width": 64, "Actual Startup Time": 0.102, "Actual Total Time": 237.618, "Actual Rows": 119972, "Actual Loops": 1, "Inner Unique": false, "Plans": [{"Node Type": "Nested Loop", "Parent Relationship": "Outer", "Join Type": "Inner", "Startup Cost": 0.0, "Total Cost": 39.62, "Plan Rows": 2, "Plan Width": 60, "Actual Startup Time": 0.061, "Actual Total Time": 0.252, "Actual Rows": 2, "Actual Loops": 1, "Inner Unique": false, "Join Filter": "(((n1.n_name = 'JAPAN'::bpchar) AND (n2.n_name = 'INDIA'::bpchar)) OR ((n1.n_name = 'INDIA'::bpchar) AND (n2.n_name = 'JAPAN'::bpchar)))", "Rows Removed by Join Filter": 2, "Plans": [{"Node Type": "Index Scan", "Parent Relationship": "Outer", "Scan Direction": "Forward", "Index Name": "nation_pkey", "Relation Name": "nation", "Alias": "n1", "Startup Cost": 0.0, "Total Cost": 12.75, "Plan Rows": 25, "Plan Width": 30, "Actual Startup Time": 0.032, "Actual Total Time": 0.075, "Actual Rows": 2, "Actual Loops": 1, "Filter": "((n_name = 'JAPAN'::bpchar) OR (n_name = 'INDIA'::bpchar))", "Rows Removed by Filter": 23}, {"Node Type": "Materialize", "Parent Relationship": "Inner", "Startup Cost": 0.0, "Total Cost": 12.88, "Plan Rows": 25, "Plan Width": 30, "Actual Startup Time": 0.021, "Actual Total Time": 0.127, "Actual Rows": 4, "Actual Loops": 2, "Plans": [{"Node Type": "Index Scan", "Parent Relationship": "Outer", "Scan Direction": "Forward", "Index Name": "nation_pkey", "Relation Name": "nation", "Alias": "n2", "Startup Cost": 0.0, "Total Cost": 12.75, "Plan Rows": 25, "Plan Width": 30, "Actual Startup Time": 0.011, "Actual Total Time": 0.029, "Actual Rows": 2, "Actual Loops": 1, "Filter": "((n_name = 'INDIA'::bpchar) OR (n_name = 'JAPAN'::bpchar))", "Rows Removed by Filter": 23}]}]}, {"Node Type": "Index Scan", "Parent Relationship": "Inner", "Scan Direction": "Forward", "Index Name": "idx_customer_nationkey", "Relation Name": "customer", "Alias": "customer", "Startup Cost": 0.0, "Total Cost": 7702.43, "Plan Rows": 60000, "Plan Width": 12, "Actual Startup Time": 0.058, "Actual Total Time": 202.881, "Actual Rows": 119972, "Actual Loops": 2, "Index Cond": "(c_nationkey = n2.n_nationkey)", "Rows Removed by Index Recheck": 0}]}, {"Node Type": "Index Scan", "Parent Relationship": "Inner", "Scan Direction": "Forward", "Index Name": "idx_orders_custkey", "Relation Name": "orders", "Alias": "orders", "Startup Cost": 0.0, "Total Cost": 1.22, "Plan Rows": 4, "Plan Width": 16, "Actual Startup Time": 800.201, "Actual Total Time": 3729.077, "Actual Rows": 1200363, "Actual Loops": 119972, "Index Cond": "(o_custkey = customer.c_custkey)", "Rows Removed by Index Recheck": 0}]}, {"Node Type": "Index Scan", "Parent Relationship": "Inner", "Scan Direction": "Forward", "Index Name": "idx_lineitem_orderkey", "Relation Name": "lineitem", "Alias": "lineitem", "Startup Cost": 0.0, "Total Cost": 0.91, "Plan Rows": 3, "Plan Width": 40, "Actual Startup Time": 13689.707, "Actual Total Time": 14892.613, "Actual Rows": 1459150, "Actual Loops": 1200363, "Index Cond": "(l_orderkey = orders.o_orderkey)", "Rows Removed by Index Recheck": 0, "Filter": "((l_shipdate >= '1995-01-01 00:00:00'::timestamp(0) without time zone) AND (l_shipdate <= '1996-12-31 00:00:00'::timestamp(0) without time zone))", "Rows Removed by Filter": 3342563}]}, {"Node Type": "Index Scan", "Parent Relationship": "Inner", "Scan Direction": "Forward", "Index Name": "supplier_pkey", "Relation Name": "supplier", "Alias": "supplier", "Startup Cost": 0.0, "Total Cost": 0.27, "Plan Rows": 1, "Plan Width": 12, "Actual Startup Time": 6503.818, "Actual Total Time": 6992.908, "Actual Rows": 1459150, "Actual Loops": 1459150, "Index Cond": "(s_suppkey = lineitem.l_suppkey)", "Rows Removed by Index Recheck": 0}]}]}]}, "Triggers": [], "Planner Runtime": 1, "Total Runtime": 28526.238, "Unique SQL Id": 2208782157}}, "(64, 122)": {"explain_plan": {"Plan": {"Node Type": "Sort", "Startup Cost": 25342456523.17, "Total Cost": 25342456532.39, "Plan Rows": 3688, "Plan Width": 84, "Sort Key": ["n1.n_name", "n2.n_name", "(date_part('year'::text, lineitem.l_shipdate))"], "Plans": [{"Node Type": "Aggregate", "Strategy": "Hashed", "Parent Relationship": "Outer", "Startup Cost": 25342456258.58, "Total Cost": 25342456304.68, "Plan Rows": 3688, "Plan Width": 84, "Group By Key": ["n1.n_name", "n2.n_name", "date_part('year'::text, lineitem.l_shipdate)"], "Plans": [{"Node Type": "Nested Loop", "Parent Relationship": "Outer", "Join Type": "Inner", "Startup Cost": 44.59, "Total Cost": 25342456203.26, "Plan Rows": 3688, "Plan Width": 76, "Inner Unique": false, "Join Filter": "((orders.o_custkey = customer.c_custkey) AND (n2.n_nationkey = customer.c_nationkey))", "Plans": [{"Node Type": "Seq Scan", "Parent Relationship": "Outer", "Relation Name": "customer", "Alias": "customer", "Startup Cost": 0.0, "Total Cost": 52126.0, "Plan Rows": 1500000, "Plan Width": 12}, {"Node Type": "Materialize", "Parent Relationship": "Inner", "Startup Cost": 44.59, "Total Cost": 22921970548.56, "Plan Rows": 92207, "Plan Width": 88, "Plans": [{"Node Type": "Nested Loop", "Parent Relationship": "Outer", "Join Type": "Inner", "Startup Cost": 44.59, "Total Cost": 22921970087.52, "Plan Rows": 92207, "Plan Width": 88, "Inner Unique": false, "Join Filter": "(lineitem.l_orderkey = orders.o_orderkey)", "Plans": [{"Node Type": "Seq Scan", "Parent Relationship": "Outer", "Relation Name": "orders", "Alias": "orders", "Startup Cost": 0.0, "Total Cost": 426413.79, "Plan Rows": 14999479, "Plan Width": 16}, {"Node Type": "Materialize", "Parent Relationship": "Inner", "Startup Cost": 44.59, "Total Cost": 2175689501.95, "Plan Rows": 92207, "Plan Width": 88, "Plans": [{"Node Type": "Nested Loop", "Parent Relationship": "Outer", "Join Type": "Inner", "Startup Cost": 44.59, "Total Cost": 2175689040.92, "Plan Rows": 92207, "Plan Width": 88, "Inner Unique": false, "Join Filter": "(supplier.s_suppkey = lineitem.l_suppkey)", "Plans": [{"Node Type": "Seq Scan", "Parent Relationship": "Outer", "Relation Name": "lineitem", "Alias": "lineitem", "Startup Cost": 44.59, "Total Cost": 2315050.5, "Plan Rows": 18124991, "Plan Width": 40, "Filter": "((l_shipdate >= '1995-01-01 00:00:00'::timestamp(0) without time zone) AND (l_shipdate <= '1996-12-31 00:00:00'::timestamp(0) without time zone)), (LLVM Optimized)"}, {"Node Type": "Materialize", "Parent Relationship": "Inner", "Startup Cost": 0.0, "Total Cost": 6339.6, "Plan Rows": 7994, "Plan Width": 64, "Plans": [{"Node Type": "Nested Loop", "Parent Relationship": "Outer", "Join Type": "Inner", "Startup Cost": 0.0, "Total Cost": 6299.63, "Plan Rows": 7994, "Plan Width": 64, "Inner Unique": false, "Join Filter": "(n1.n_nationkey = supplier.s_nationkey)", "Plans": [{"Node Type": "Seq Scan", "Parent Relationship": "Outer", "Relation Name": "supplier", "Alias": "supplier", "Startup Cost": 0.0, "Total Cost": 3283.0, "Plan Rows": 100000, "Plan Width": 12}, {"Node Type": "Materialize", "Parent Relationship": "Inner", "Startup Cost": 0.0, "Total Cost": 16.64, "Plan Rows": 2, "Plan Width": 60, "Plans": [{"Node Type": "Nested Loop", "Parent Relationship": "Outer", "Join Type": "Inner", "Startup Cost": 0.0, "Total Cost": 16.62, "Plan Rows": 2, "Plan Width": 60, "Inner Unique": false, "Join Filter": "(((n1.n_name = 'JAPAN'::bpchar) AND (n2.n_name = 'INDIA'::bpchar)) OR ((n1.n_name = 'INDIA'::bpchar) AND (n2.n_name = 'JAPAN'::bpchar)))", "Plans": [{"Node Type": "Seq Scan", "Parent Relationship": "Outer", "Relation Name": "nation", "Alias": "n1", "Startup Cost": 0.0, "Total Cost": 1.25, "Plan Rows": 25, "Plan Width": 30, "Filter": "((n_name = 'JAPAN'::bpchar) OR (n_name = 'INDIA'::bpchar))"}, {"Node Type": "Materialize", "Parent Relationship": "Inner", "Startup Cost": 0.0, "Total Cost": 1.38, "Plan Rows": 25, "Plan Width": 30, "Plans": [{"Node Type": "Seq Scan", "Parent Relationship": "Outer", "Relation Name": "nation", "Alias": "n2", "Startup Cost": 0.0, "Total Cost": 1.25, "Plan Rows": 25, "Plan Width": 30, "Filter": "((n_name = 'INDIA'::bpchar) OR (n_name = 'JAPAN'::bpchar))"}]}]}]}]}]}]}]}]}]}]}]}]}, "Unique SQL Id": 2208782157, "Planner Runtime": 2}, "explain_analyze_plan": null}, "(64, 123)": {"explain_plan": {"Plan": {"Node Type": "Sort", "Startup Cost": 6025775461732.55, "Total Cost": 6025775461741.77, "Plan Rows": 3688, "Plan Width": 84, "Sort Key": ["n1.n_name", "n2.n_name", "(date_part('year'::text, lineitem.l_shipdate))"], "Plans": [{"Node Type": "Aggregate", "Strategy": "Hashed", "Parent Relationship": "Outer", "Startup Cost": 6025775461467.96, "Total Cost": 6025775461514.06, "Plan Rows": 3688, "Plan Width": 84, "Group By Key": ["n1.n_name", "n2.n_name", "date_part('year'::text, lineitem.l_shipdate)"], "Plans": [{"Node Type": "Nested Loop", "Parent Relationship": "Outer", "Join Type": "Inner", "Startup Cost": 60000000000.0, "Total Cost": 6025775461412.64, "Plan Rows": 3688, "Plan Width": 76, "Inner Unique": false, "Join Filter": "((orders.o_custkey = customer.c_custkey) AND (n2.n_nationkey = customer.c_nationkey))", "Plans": [{"Node Type": "Index Scan", "Parent Relationship": "Outer", "Scan Direction": "Forward", "Index Name": "customer_pkey", "Relation Name": "customer", "Alias": "customer", "Startup Cost": 10000000000.0, "Total Cost": 1000008076535.62, "Plan Rows": 1500000, "Plan Width": 12}, {"Node Type": "Materialize", "Parent Relationship": "Inner", "Startup Cost": 50000000000.0, "Total Cost": 5023346951348.32, "Plan Rows": 92207, "Plan Width": 88, "Plans": [{"Node Type": "Nested Loop", "Parent Relationship": "Outer", "Join Type": "Inner", "Startup Cost": 50000000000.0, "Total Cost": 5023346950887.28, "Plan Rows": 92207, "Plan Width": 88, "Inner Unique": true, "Join Filter": "(lineitem.l_orderkey = orders.o_orderkey)", "Plans": [{"Node Type": "Nested Loop", "Parent Relationship": "Outer", "Join Type": "Inner", "Startup Cost": 40000000000.0, "Total Cost": 4002527961142.79, "Plan Rows": 92207, "Plan Width": 88, "Inner Unique": false, "Join Filter": "(supplier.s_suppkey = lineitem.l_suppkey)", "Plans": [{"Node Type": "Nested Loop", "Parent Relationship": "Outer", "Join Type": "Inner", "Startup Cost": 30000000000.0, "Total Cost": 3000000539268.5, "Plan Rows": 7994, "Plan Width": 64, "Inner Unique": false, "Join Filter": "(n1.n_nationkey = supplier.s_nationkey)", "Plans": [{"Node Type": "Nested Loop", "Parent Relationship": "Outer", "Join Type": "Inner", "Startup Cost": 20000000000.0, "Total Cost": 2000000002564.12, "Plan Rows": 2, "Plan Width": 60, "Inner Unique": false, "Join Filter": "(((n1.n_name = 'JAPAN'::bpchar) AND (n2.n_name = 'INDIA'::bpchar)) OR ((n1.n_name = 'INDIA'::bpchar) AND (n2.n_name = 'JAPAN'::bpchar)))", "Plans": [{"Node Type": "Index Scan", "Parent Relationship": "Outer", "Scan Direction": "Forward", "Index Name": "nation_pkey", "Relation Name": "nation", "Alias": "n2", "Startup Cost": 10000000000.0, "Total Cost": 1000000001275.0, "Plan Rows": 25, "Plan Width": 30, "Filter": "((n_name = 'INDIA'::bpchar) OR (n_name = 'JAPAN'::bpchar))"}, {"Node Type": "Materialize", "Parent Relationship": "Inner", "Startup Cost": 10000000000.0, "Total Cost": 1000000001275.12, "Plan Rows": 25, "Plan Width": 30, "Plans": [{"Node Type": "Index Scan", "Parent Relationship": "Outer", "Scan Direction": "Forward", "Index Name": "nation_pkey", "Relation Name": "nation", "Alias": "n1", "Startup Cost": 10000000000.0, "Total Cost": 1000000001275.0, "Plan Rows": 25, "Plan Width": 30, "Filter": "((n_name = 'JAPAN'::bpchar) OR (n_name = 'INDIA'::bpchar))"}]}]}, {"Node Type": "Materialize", "Parent Relationship": "Inner", "Startup Cost": 10000000000.0, "Total Cost": 1000000533954.38, "Plan Rows": 100000, "Plan Width": 12, "Plans": [{"Node Type": "Index Scan", "Parent Relationship": "Outer", "Scan Direction": "Forward", "Index Name": "supplier_pkey", "Relation Name": "supplier", "Alias": "supplier", "Startup Cost": 10000000000.0, "Total Cost": 1000000533454.38, "Plan Rows": 100000, "Plan Width": 12}]}]}, {"Node Type": "Materialize", "Parent Relationship": "Inner", "Startup Cost": 10000000000.0, "Total Cost": 1000354099515.95, "Plan Rows": 18124991, "Plan Width": 40, "Plans": [{"Node Type": "Index Scan", "Parent Relationship": "Outer", "Scan Direction": "Forward", "Index Name": "idx_lineitem_orderkey", "Relation Name": "lineitem", "Alias": "lineitem", "Startup Cost": 10000000000.0, "Total Cost": 1000354008891.0, "Plan Rows": 18124991, "Plan Width": 40, "Filter": "((l_shipdate >= '1995-01-01 00:00:00'::timestamp(0) without time zone) AND (l_shipdate <= '1996-12-31 00:00:00'::timestamp(0) without time zone)), (LLVM Optimized)"}]}]}, {"Node Type": "Materialize", "Parent Relationship": "Inner", "Startup Cost": 10000000000.0, "Total Cost": 1000073172840.9, "Plan Rows": 14999479, "Plan Width": 16, "Plans": [{"Node Type": "Index Scan", "Parent Relationship": "Outer", "Scan Direction": "Forward", "Index Name": "orders_pkey", "Relation Name": "orders", "Alias": "orders", "Startup Cost": 10000000000.0, "Total Cost": 1000073097843.5, "Plan Rows": 14999479, "Plan Width": 16}]}]}]}]}]}]}, "Unique SQL Id": 2208782157, "Planner Runtime": 1}, "explain_analyze_plan": null}, "(64, 124)": {"explain_plan": {"Plan": {"Node Type": "Sort", "Startup Cost": 854530.8, "Total Cost": 854540.02, "Plan Rows": 3688, "Plan Width": 84, "Sort Key": ["n1.n_name", "n2.n_name", "(date_part('year'::text, lineitem.l_shipdate))"], "Plans": [{"Node Type": "Aggregate", "Strategy": "Hashed", "Parent Relationship": "Outer", "Startup Cost": 854266.22, "Total Cost": 854312.32, "Plan Rows": 3688, "Plan Width": 84, "Group By Key": ["n1.n_name", "n2.n_name", "date_part('year'::text, lineitem.l_shipdate)"], "Plans": [{"Node Type": "Nested Loop", "Parent Relationship": "Outer", "Join Type": "Inner", "Startup Cost": 0.0, "Total Cost": 854210.9, "Plan Rows": 3688, "Plan Width": 76, "Inner Unique": true, "Join Filter": "(n1.n_nationkey = supplier.s_nationkey)", "Plans": [{"Node Type": "Nested Loop", "Parent Relationship": "Outer", "Join Type": "Inner", "Startup Cost": 0.0, "Total Cost": 644493.13, "Plan Rows": 740786, "Plan Width": 88, "Inner Unique": false, "Plans": [{"Node Type": "Nested Loop", "Parent Relationship": "Outer", "Join Type": "Inner", "Startup Cost": 0.0, "Total Cost": 167755.5, "Plan Rows": 504972, "Plan Width": 64, "Inner Unique": false, "Plans": [{"Node Type": "Nested Loop", "Parent Relationship": "Outer", "Join Type": "Inner", "Startup Cost": 0.0, "Total Cost": 16632.98, "Plan Rows": 119904, "Plan Width": 64, "Inner Unique": false, "Plans": [{"Node Type": "Nested Loop", "Parent Relationship": "Outer", "Join Type": "Inner", "Startup Cost": 0.0, "Total Cost": 28.12, "Plan Rows": 2, "Plan Width": 60, "Inner Unique": false, "Join Filter": "(((n1.n_name = 'JAPAN'::bpchar) AND (n2.n_name = 'INDIA'::bpchar)) OR ((n1.n_name = 'INDIA'::bpchar) AND (n2.n_name = 'JAPAN'::bpchar)))", "Plans": [{"Node Type": "Index Scan", "Parent Relationship": "Outer", "Scan Direction": "Forward", "Index Name": "nation_pkey", "Relation Name": "nation", "Alias": "n1", "Startup Cost": 0.0, "Total Cost": 12.75, "Plan Rows": 25, "Plan Width": 30, "Filter": "((n_name = 'JAPAN'::bpchar) OR (n_name = 'INDIA'::bpchar))"}, {"Node Type": "Materialize", "Parent Relationship": "Inner", "Startup Cost": 0.0, "Total Cost": 1.38, "Plan Rows": 25, "Plan Width": 30, "Plans": [{"Node Type": "Seq Scan", "Parent Relationship": "Outer", "Relation Name": "nation", "Alias": "n2", "Startup Cost": 0.0, "Total Cost": 1.25, "Plan Rows": 25, "Plan Width": 30, "Filter": "((n_name = 'INDIA'::bpchar) OR (n_name = 'JAPAN'::bpchar))"}]}]}, {"Node Type": "Index Scan", "Parent Relationship": "Inner", "Scan Direction": "Forward", "Index Name": "idx_customer_nationkey", "Relation Name": "customer", "Alias": "customer", "Startup Cost": 0.0, "Total Cost": 7702.43, "Plan Rows": 60000, "Plan Width": 12, "Index Cond": "(c_nationkey = n2.n_nationkey)"}]}, {"Node Type": "Index Scan", "Parent Relationship": "Inner", "Scan Direction": "Forward", "Index Name": "idx_orders_custkey", "Relation Name": "orders", "Alias": "orders", "Startup Cost": 0.0, "Total Cost": 1.22, "Plan Rows": 4, "Plan Width": 16, "Index Cond": "(o_custkey = customer.c_custkey)"}]}, {"Node Type": "Index Scan", "Parent Relationship": "Inner", "Scan Direction": "Forward", "Index Name": "idx_lineitem_orderkey", "Relation Name": "lineitem", "Alias": "lineitem", "Startup Cost": 0.0, "Total Cost": 0.91, "Plan Rows": 3, "Plan Width": 40, "Index Cond": "(l_orderkey = orders.o_orderkey)", "Filter": "((l_shipdate >= '1995-01-01 00:00:00'::timestamp(0) without time zone) AND (l_shipdate <= '1996-12-31 00:00:00'::timestamp(0) without time zone))"}]}, {"Node Type": "Index Scan", "Parent Relationship": "Inner", "Scan Direction": "Forward", "Index Name": "supplier_pkey", "Relation Name": "supplier", "Alias": "supplier", "Startup Cost": 0.0, "Total Cost": 0.27, "Plan Rows": 1, "Plan Width": 12, "Index Cond": "(s_suppkey = lineitem.l_suppkey)"}]}]}]}, "Unique SQL Id": 2208782157, "Planner Runtime": 2}, "explain_analyze_plan": {"Plan": {"Node Type": "Sort", "Startup Cost": 854530.8, "Total Cost": 854540.02, "Plan Rows": 3688, "Plan Width": 84, "Actual Startup Time": 28536.346, "Actual Total Time": 28536.346, "Actual Rows": 4, "Actual Loops": 1, "Sort Key": ["n1.n_name", "n2.n_name", "(date_part('year'::text, lineitem.l_shipdate))"], "Sort Method": "quicksort", "Sort Space Used": 25, "Sort Space Type": "Memory", "Plans": [{"Node Type": "Aggregate", "Strategy": "Hashed", "Parent Relationship": "Outer", "Startup Cost": 854266.22, "Total Cost": 854312.32, "Plan Rows": 3688, "Plan Width": 84, "Actual Startup Time": 28536.292, "Actual Total Time": 28536.298, "Actual Rows": 4, "Actual Loops": 1, "Group By Key": ["n1.n_name", "n2.n_name", "date_part('year'::text, lineitem.l_shipdate)"], "Plans": [{"Node Type": "Nested Loop", "Parent Relationship": "Outer", "Join Type": "Inner", "Startup Cost": 0.0, "Total Cost": 854210.9, "Plan Rows": 3688, "Plan Width": 76, "Actual Startup Time": 0.315, "Actual Total Time": 28427.343, "Actual Rows": 58554, "Actual Loops": 1, "Inner Unique": true, "Join Filter": "(n1.n_nationkey = supplier.s_nationkey)", "Rows Removed by Join Filter": 1400596, "Plans": [{"Node Type": "Nested Loop", "Parent Relationship": "Outer", "Join Type": "Inner", "Startup Cost": 0.0, "Total Cost": 644493.13, "Plan Rows": 740786, "Plan Width": 88, "Actual Startup Time": 0.183, "Actual Total Time": 20266.744, "Actual Rows": 1459150, "Actual Loops": 1, "Inner Unique": false, "Plans": [{"Node Type": "Nested Loop", "Parent Relationship": "Outer", "Join Type": "Inner", "Startup Cost": 0.0, "Total Cost": 167755.5, "Plan Rows": 504972, "Plan Width": 64, "Actual Startup Time": 0.128, "Actual Total Time": 4396.158, "Actual Rows": 1200363, "Actual Loops": 1, "Inner Unique": false, "Plans": [{"Node Type": "Nested Loop", "Parent Relationship": "Outer", "Join Type": "Inner", "Startup Cost": 0.0, "Total Cost": 16632.98, "Plan Rows": 119904, "Plan Width": 64, "Actual Startup Time": 0.11, "Actual Total Time": 241.733, "Actual Rows": 119972, "Actual Loops": 1, "Inner Unique": false, "Plans": [{"Node Type": "Nested Loop", "Parent Relationship": "Outer", "Join Type": "Inner", "Startup Cost": 0.0, "Total Cost": 28.12, "Plan Rows": 2, "Plan Width": 60, "Actual Startup Time": 0.067, "Actual Total Time": 0.323, "Actual Rows": 2, "Actual Loops": 1, "Inner Unique": false, "Join Filter": "(((n1.n_name = 'JAPAN'::bpchar) AND (n2.n_name = 'INDIA'::bpchar)) OR ((n1.n_name = 'INDIA'::bpchar) AND (n2.n_name = 'JAPAN'::bpchar)))", "Rows Removed by Join Filter": 2, "Plans": [{"Node Type": "Index Scan", "Parent Relationship": "Outer", "Scan Direction": "Forward", "Index Name": "nation_pkey", "Relation Name": "nation", "Alias": "n1", "Startup Cost": 0.0, "Total Cost": 12.75, "Plan Rows": 25, "Plan Width": 30, "Actual Startup Time": 0.031, "Actual Total Time": 0.072, "Actual Rows": 2, "Actual Loops": 1, "Filter": "((n_name = 'JAPAN'::bpchar) OR (n_name = 'INDIA'::bpchar))", "Rows Removed by Filter": 23}, {"Node Type": "Materialize", "Parent Relationship": "Inner", "Startup Cost": 0.0, "Total Cost": 1.38, "Plan Rows": 25, "Plan Width": 30, "Actual Startup Time": 0.028, "Actual Total Time": 0.131, "Actual Rows": 4, "Actual Loops": 2, "Plans": [{"Node Type": "Seq Scan", "Parent Relationship": "Outer", "Relation Name": "nation", "Alias": "n2", "Startup Cost": 0.0, "Total Cost": 1.25, "Plan Rows": 25, "Plan Width": 30, "Actual Startup Time": 0.023, "Actual Total Time": 0.119, "Actual Rows": 2, "Actual Loops": 1, "Filter": "((n_name = 'INDIA'::bpchar) OR (n_name = 'JAPAN'::bpchar))", "Rows Removed by Filter": 23}]}]}, {"Node Type": "Index Scan", "Parent Relationship": "Inner", "Scan Direction": "Forward", "Index Name": "idx_customer_nationkey", "Relation Name": "customer", "Alias": "customer", "Startup Cost": 0.0, "Total Cost": 7702.43, "Plan Rows": 60000, "Plan Width": 12, "Actual Startup Time": 0.07, "Actual Total Time": 206.83, "Actual Rows": 119972, "Actual Loops": 2, "Index Cond": "(c_nationkey = n2.n_nationkey)", "Rows Removed by Index Recheck": 0}]}, {"Node Type": "Index Scan", "Parent Relationship": "Inner", "Scan Direction": "Forward", "Index Name": "idx_orders_custkey", "Relation Name": "orders", "Alias": "orders", "Startup Cost": 0.0, "Total Cost": 1.22, "Plan Rows": 4, "Plan Width": 16, "Actual Startup Time": 814.537, "Actual Total Time": 3794.351, "Actual Rows": 1200363, "Actual Loops": 119972, "Index Cond": "(o_custkey = customer.c_custkey)", "Rows Removed by Index Recheck": 0}]}, {"Node Type": "Index Scan", "Parent Relationship": "Inner", "Scan Direction": "Forward", "Index Name": "idx_lineitem_orderkey", "Relation Name": "lineitem", "Alias": "lineitem", "Startup Cost": 0.0, "Total Cost": 0.91, "Plan Rows": 3, "Plan Width": 40, "Actual Startup Time": 13708.653, "Actual Total Time": 14899.392, "Actual Rows": 1459150, "Actual Loops": 1200363, "Index Cond": "(l_orderkey = orders.o_orderkey)", "Rows Removed by Index Recheck": 0, "Filter": "((l_shipdate >= '1995-01-01 00:00:00'::timestamp(0) without time zone) AND (l_shipdate <= '1996-12-31 00:00:00'::timestamp(0) without time zone))", "Rows Removed by Filter": 3342563}]}, {"Node Type": "Index Scan", "Parent Relationship": "Inner", "Scan Direction": "Forward", "Index Name": "supplier_pkey", "Relation Name": "supplier", "Alias": "supplier", "Startup Cost": 0.0, "Total Cost": 0.27, "Plan Rows": 1, "Plan Width": 12, "Actual Startup Time": 6487.978, "Actual Total Time": 6972.847, "Actual Rows": 1459150, "Actual Loops": 1459150, "Index Cond": "(s_suppkey = lineitem.l_suppkey)", "Rows Removed by Index Recheck": 0}]}]}]}, "Triggers": [], "Planner Runtime": 2, "Total Runtime": 28536.561, "Unique SQL Id": 2208782157}}, "(64, 125)": {"explain_plan": {"Plan": {"Node Type": "Sort", "Startup Cost": 854542.3, "Total Cost": 854551.52, "Plan Rows": 3688, "Plan Width": 84, "Sort Key": ["n1.n_name", "n2.n_name", "(date_part('year'::text, lineitem.l_shipdate))"], "Plans": [{"Node Type": "Aggregate", "Strategy": "Hashed", "Parent Relationship": "Outer", "Startup Cost": 854277.72, "Total Cost": 854323.82, "Plan Rows": 3688, "Plan Width": 84, "Group By Key": ["n1.n_name", "n2.n_name", "date_part('year'::text, lineitem.l_shipdate)"], "Plans": [{"Node Type": "Nested Loop", "Parent Relationship": "Outer", "Join Type": "Inner", "Startup Cost": 0.0, "Total Cost": 854222.4, "Plan Rows": 3688, "Plan Width": 76, "Inner Unique": true, "Join Filter": "(n1.n_nationkey = supplier.s_nationkey)", "Plans": [{"Node Type": "Nested Loop", "Parent Relationship": "Outer", "Join Type": "Inner", "Startup Cost": 0.0, "Total Cost": 644504.63, "Plan Rows": 740786, "Plan Width": 88, "Inner Unique": false, "Plans": [{"Node Type": "Nested Loop", "Parent Relationship": "Outer", "Join Type": "Inner", "Startup Cost": 0.0, "Total Cost": 167767.0, "Plan Rows": 504972, "Plan Width": 64, "Inner Unique": false, "Plans": [{"Node Type": "Nested Loop", "Parent Relationship": "Outer", "Join Type": "Inner", "Startup Cost": 0.0, "Total Cost": 16644.48, "Plan Rows": 119904, "Plan Width": 64, "Inner Unique": false, "Plans": [{"Node Type": "Nested Loop", "Parent Relationship": "Outer", "Join Type": "Inner", "Startup Cost": 0.0, "Total Cost": 39.62, "Plan Rows": 2, "Plan Width": 60, "Inner Unique": false, "Join Filter": "(((n1.n_name = 'JAPAN'::bpchar) AND (n2.n_name = 'INDIA'::bpchar)) OR ((n1.n_name = 'INDIA'::bpchar) AND (n2.n_name = 'JAPAN'::bpchar)))", "Plans": [{"Node Type": "Index Scan", "Parent Relationship": "Outer", "Scan Direction": "Forward", "Index Name": "nation_pkey", "Relation Name": "nation", "Alias": "n1", "Startup Cost": 0.0, "Total Cost": 12.75, "Plan Rows": 25, "Plan Width": 30, "Filter": "((n_name = 'JAPAN'::bpchar) OR (n_name = 'INDIA'::bpchar))"}, {"Node Type": "Materialize", "Parent Relationship": "Inner", "Startup Cost": 0.0, "Total Cost": 12.88, "Plan Rows": 25, "Plan Width": 30, "Plans": [{"Node Type": "Index Scan", "Parent Relationship": "Outer", "Scan Direction": "Forward", "Index Name": "nation_pkey", "Relation Name": "nation", "Alias": "n2", "Startup Cost": 0.0, "Total Cost": 12.75, "Plan Rows": 25, "Plan Width": 30, "Filter": "((n_name = 'INDIA'::bpchar) OR (n_name = 'JAPAN'::bpchar))"}]}]}, {"Node Type": "Index Scan", "Parent Relationship": "Inner", "Scan Direction": "Forward", "Index Name": "idx_customer_nationkey", "Relation Name": "customer", "Alias": "customer", "Startup Cost": 0.0, "Total Cost": 7702.43, "Plan Rows": 60000, "Plan Width": 12, "Index Cond": "(c_nationkey = n2.n_nationkey)"}]}, {"Node Type": "Index Scan", "Parent Relationship": "Inner", "Scan Direction": "Forward", "Index Name": "idx_orders_custkey", "Relation Name": "orders", "Alias": "orders", "Startup Cost": 0.0, "Total Cost": 1.22, "Plan Rows": 4, "Plan Width": 16, "Index Cond": "(o_custkey = customer.c_custkey)"}]}, {"Node Type": "Index Scan", "Parent Relationship": "Inner", "Scan Direction": "Forward", "Index Name": "idx_lineitem_orderkey", "Relation Name": "lineitem", "Alias": "lineitem", "Startup Cost": 0.0, "Total Cost": 0.91, "Plan Rows": 3, "Plan Width": 40, "Index Cond": "(l_orderkey = orders.o_orderkey)", "Filter": "((l_shipdate >= '1995-01-01 00:00:00'::timestamp(0) without time zone) AND (l_shipdate <= '1996-12-31 00:00:00'::timestamp(0) without time zone))"}]}, {"Node Type": "Index Scan", "Parent Relationship": "Inner", "Scan Direction": "Forward", "Index Name": "supplier_pkey", "Relation Name": "supplier", "Alias": "supplier", "Startup Cost": 0.0, "Total Cost": 0.27, "Plan Rows": 1, "Plan Width": 12, "Index Cond": "(s_suppkey = lineitem.l_suppkey)"}]}]}]}, "Unique SQL Id": 2208782157, "Planner Runtime": 1}, "explain_analyze_plan": {"Plan": {"Node Type": "Sort", "Startup Cost": 854542.3, "Total Cost": 854551.52, "Plan Rows": 3688, "Plan Width": 84, "Actual Startup Time": 28525.933, "Actual Total Time": 28525.934, "Actual Rows": 4, "Actual Loops": 1, "Sort Key": ["n1.n_name", "n2.n_name", "(date_part('year'::text, lineitem.l_shipdate))"], "Sort Method": "quicksort", "Sort Space Used": 25, "Sort Space Type": "Memory", "Plans": [{"Node Type": "Aggregate", "Strategy": "Hashed", "Parent Relationship": "Outer", "Startup Cost": 854277.72, "Total Cost": 854323.82, "Plan Rows": 3688, "Plan Width": 84, "Actual Startup Time": 28525.842, "Actual Total Time": 28525.847, "Actual Rows": 4, "Actual Loops": 1, "Group By Key": ["n1.n_name", "n2.n_name", "date_part('year'::text, lineitem.l_shipdate)"], "Plans": [{"Node Type": "Nested Loop", "Parent Relationship": "Outer", "Join Type": "Inner", "Startup Cost": 0.0, "Total Cost": 854222.4, "Plan Rows": 3688, "Plan Width": 76, "Actual Startup Time": 0.418, "Actual Total Time": 28416.54, "Actual Rows": 58554, "Actual Loops": 1, "Inner Unique": true, "Join Filter": "(n1.n_nationkey = supplier.s_nationkey)", "Rows Removed by Join Filter": 1400596, "Plans": [{"Node Type": "Nested Loop", "Parent Relationship": "Outer", "Join Type": "Inner", "Startup Cost": 0.0, "Total Cost": 644504.63, "Plan Rows": 740786, "Plan Width": 88, "Actual Startup Time": 0.21, "Actual Total Time": 20215.203, "Actual Rows": 1459150, "Actual Loops": 1, "Inner Unique": false, "Plans": [{"Node Type": "Nested Loop", "Parent Relationship": "Outer", "Join Type": "Inner", "Startup Cost": 0.0, "Total Cost": 167767.0, "Plan Rows": 504972, "Plan Width": 64, "Actual Startup Time": 0.125, "Actual Total Time": 4332.984, "Actual Rows": 1200363, "Actual Loops": 1, "Inner Unique": false, "Plans": [{"Node Type": "Nested Loop", "Parent Relationship": "Outer", "Join Type": "Inner", "Startup Cost": 0.0, "Total Cost": 16644.48, "Plan Rows": 119904, "Plan Width": 64, "Actual Startup Time": 0.102, "Actual Total Time": 237.618, "Actual Rows": 119972, "Actual Loops": 1, "Inner Unique": false, "Plans": [{"Node Type": "Nested Loop", "Parent Relationship": "Outer", "Join Type": "Inner", "Startup Cost": 0.0, "Total Cost": 39.62, "Plan Rows": 2, "Plan Width": 60, "Actual Startup Time": 0.061, "Actual Total Time": 0.252, "Actual Rows": 2, "Actual Loops": 1, "Inner Unique": false, "Join Filter": "(((n1.n_name = 'JAPAN'::bpchar) AND (n2.n_name = 'INDIA'::bpchar)) OR ((n1.n_name = 'INDIA'::bpchar) AND (n2.n_name = 'JAPAN'::bpchar)))", "Rows Removed by Join Filter": 2, "Plans": [{"Node Type": "Index Scan", "Parent Relationship": "Outer", "Scan Direction": "Forward", "Index Name": "nation_pkey", "Relation Name": "nation", "Alias": "n1", "Startup Cost": 0.0, "Total Cost": 12.75, "Plan Rows": 25, "Plan Width": 30, "Actual Startup Time": 0.032, "Actual Total Time": 0.075, "Actual Rows": 2, "Actual Loops": 1, "Filter": "((n_name = 'JAPAN'::bpchar) OR (n_name = 'INDIA'::bpchar))", "Rows Removed by Filter": 23}, {"Node Type": "Materialize", "Parent Relationship": "Inner", "Startup Cost": 0.0, "Total Cost": 12.88, "Plan Rows": 25, "Plan Width": 30, "Actual Startup Time": 0.021, "Actual Total Time": 0.127, "Actual Rows": 4, "Actual Loops": 2, "Plans": [{"Node Type": "Index Scan", "Parent Relationship": "Outer", "Scan Direction": "Forward", "Index Name": "nation_pkey", "Relation Name": "nation", "Alias": "n2", "Startup Cost": 0.0, "Total Cost": 12.75, "Plan Rows": 25, "Plan Width": 30, "Actual Startup Time": 0.011, "Actual Total Time": 0.029, "Actual Rows": 2, "Actual Loops": 1, "Filter": "((n_name = 'INDIA'::bpchar) OR (n_name = 'JAPAN'::bpchar))", "Rows Removed by Filter": 23}]}]}, {"Node Type": "Index Scan", "Parent Relationship": "Inner", "Scan Direction": "Forward", "Index Name": "idx_customer_nationkey", "Relation Name": "customer", "Alias": "customer", "Startup Cost": 0.0, "Total Cost": 7702.43, "Plan Rows": 60000, "Plan Width": 12, "Actual Startup Time": 0.058, "Actual Total Time": 202.881, "Actual Rows": 119972, "Actual Loops": 2, "Index Cond": "(c_nationkey = n2.n_nationkey)", "Rows Removed by Index Recheck": 0}]}, {"Node Type": "Index Scan", "Parent Relationship": "Inner", "Scan Direction": "Forward", "Index Name": "idx_orders_custkey", "Relation Name": "orders", "Alias": "orders", "Startup Cost": 0.0, "Total Cost": 1.22, "Plan Rows": 4, "Plan Width": 16, "Actual Startup Time": 800.201, "Actual Total Time": 3729.077, "Actual Rows": 1200363, "Actual Loops": 119972, "Index Cond": "(o_custkey = customer.c_custkey)", "Rows Removed by Index Recheck": 0}]}, {"Node Type": "Index Scan", "Parent Relationship": "Inner", "Scan Direction": "Forward", "Index Name": "idx_lineitem_orderkey", "Relation Name": "lineitem", "Alias": "lineitem", "Startup Cost": 0.0, "Total Cost": 0.91, "Plan Rows": 3, "Plan Width": 40, "Actual Startup Time": 13689.707, "Actual Total Time": 14892.613, "Actual Rows": 1459150, "Actual Loops": 1200363, "Index Cond": "(l_orderkey = orders.o_orderkey)", "Rows Removed by Index Recheck": 0, "Filter": "((l_shipdate >= '1995-01-01 00:00:00'::timestamp(0) without time zone) AND (l_shipdate <= '1996-12-31 00:00:00'::timestamp(0) without time zone))", "Rows Removed by Filter": 3342563}]}, {"Node Type": "Index Scan", "Parent Relationship": "Inner", "Scan Direction": "Forward", "Index Name": "supplier_pkey", "Relation Name": "supplier", "Alias": "supplier", "Startup Cost": 0.0, "Total Cost": 0.27, "Plan Rows": 1, "Plan Width": 12, "Actual Startup Time": 6503.818, "Actual Total Time": 6992.908, "Actual Rows": 1459150, "Actual Loops": 1459150, "Index Cond": "(s_suppkey = lineitem.l_suppkey)", "Rows Removed by Index Recheck": 0}]}]}]}, "Triggers": [], "Planner Runtime": 1, "Total Runtime": 28526.238, "Unique SQL Id": 2208782157}}, "(64, 126)": {"explain_plan": {"Plan": {"Node Type": "Sort", "Startup Cost": 25342456523.17, "Total Cost": 25342456532.39, "Plan Rows": 3688, "Plan Width": 84, "Sort Key": ["n1.n_name", "n2.n_name", "(date_part('year'::text, lineitem.l_shipdate))"], "Plans": [{"Node Type": "Aggregate", "Strategy": "Hashed", "Parent Relationship": "Outer", "Startup Cost": 25342456258.58, "Total Cost": 25342456304.68, "Plan Rows": 3688, "Plan Width": 84, "Group By Key": ["n1.n_name", "n2.n_name", "date_part('year'::text, lineitem.l_shipdate)"], "Plans": [{"Node Type": "Nested Loop", "Parent Relationship": "Outer", "Join Type": "Inner", "Startup Cost": 44.59, "Total Cost": 25342456203.26, "Plan Rows": 3688, "Plan Width": 76, "Inner Unique": false, "Join Filter": "((orders.o_custkey = customer.c_custkey) AND (n2.n_nationkey = customer.c_nationkey))", "Plans": [{"Node Type": "Seq Scan", "Parent Relationship": "Outer", "Relation Name": "customer", "Alias": "customer", "Startup Cost": 0.0, "Total Cost": 52126.0, "Plan Rows": 1500000, "Plan Width": 12}, {"Node Type": "Materialize", "Parent Relationship": "Inner", "Startup Cost": 44.59, "Total Cost": 22921970548.56, "Plan Rows": 92207, "Plan Width": 88, "Plans": [{"Node Type": "Nested Loop", "Parent Relationship": "Outer", "Join Type": "Inner", "Startup Cost": 44.59, "Total Cost": 22921970087.52, "Plan Rows": 92207, "Plan Width": 88, "Inner Unique": false, "Join Filter": "(lineitem.l_orderkey = orders.o_orderkey)", "Plans": [{"Node Type": "Seq Scan", "Parent Relationship": "Outer", "Relation Name": "orders", "Alias": "orders", "Startup Cost": 0.0, "Total Cost": 426413.79, "Plan Rows": 14999479, "Plan Width": 16}, {"Node Type": "Materialize", "Parent Relationship": "Inner", "Startup Cost": 44.59, "Total Cost": 2175689501.95, "Plan Rows": 92207, "Plan Width": 88, "Plans": [{"Node Type": "Nested Loop", "Parent Relationship": "Outer", "Join Type": "Inner", "Startup Cost": 44.59, "Total Cost": 2175689040.92, "Plan Rows": 92207, "Plan Width": 88, "Inner Unique": false, "Join Filter": "(supplier.s_suppkey = lineitem.l_suppkey)", "Plans": [{"Node Type": "Seq Scan", "Parent Relationship": "Outer", "Relation Name": "lineitem", "Alias": "lineitem", "Startup Cost": 44.59, "Total Cost": 2315050.5, "Plan Rows": 18124991, "Plan Width": 40, "Filter": "((l_shipdate >= '1995-01-01 00:00:00'::timestamp(0) without time zone) AND (l_shipdate <= '1996-12-31 00:00:00'::timestamp(0) without time zone)), (LLVM Optimized)"}, {"Node Type": "Materialize", "Parent Relationship": "Inner", "Startup Cost": 0.0, "Total Cost": 6339.6, "Plan Rows": 7994, "Plan Width": 64, "Plans": [{"Node Type": "Nested Loop", "Parent Relationship": "Outer", "Join Type": "Inner", "Startup Cost": 0.0, "Total Cost": 6299.63, "Plan Rows": 7994, "Plan Width": 64, "Inner Unique": false, "Join Filter": "(n1.n_nationkey = supplier.s_nationkey)", "Plans": [{"Node Type": "Seq Scan", "Parent Relationship": "Outer", "Relation Name": "supplier", "Alias": "supplier", "Startup Cost": 0.0, "Total Cost": 3283.0, "Plan Rows": 100000, "Plan Width": 12}, {"Node Type": "Materialize", "Parent Relationship": "Inner", "Startup Cost": 0.0, "Total Cost": 16.64, "Plan Rows": 2, "Plan Width": 60, "Plans": [{"Node Type": "Nested Loop", "Parent Relationship": "Outer", "Join Type": "Inner", "Startup Cost": 0.0, "Total Cost": 16.62, "Plan Rows": 2, "Plan Width": 60, "Inner Unique": false, "Join Filter": "(((n1.n_name = 'JAPAN'::bpchar) AND (n2.n_name = 'INDIA'::bpchar)) OR ((n1.n_name = 'INDIA'::bpchar) AND (n2.n_name = 'JAPAN'::bpchar)))", "Plans": [{"Node Type": "Seq Scan", "Parent Relationship": "Outer", "Relation Name": "nation", "Alias": "n1", "Startup Cost": 0.0, "Total Cost": 1.25, "Plan Rows": 25, "Plan Width": 30, "Filter": "((n_name = 'JAPAN'::bpchar) OR (n_name = 'INDIA'::bpchar))"}, {"Node Type": "Materialize", "Parent Relationship": "Inner", "Startup Cost": 0.0, "Total Cost": 1.38, "Plan Rows": 25, "Plan Width": 30, "Plans": [{"Node Type": "Seq Scan", "Parent Relationship": "Outer", "Relation Name": "nation", "Alias": "n2", "Startup Cost": 0.0, "Total Cost": 1.25, "Plan Rows": 25, "Plan Width": 30, "Filter": "((n_name = 'INDIA'::bpchar) OR (n_name = 'JAPAN'::bpchar))"}]}]}]}]}]}]}]}]}]}]}]}]}, "Unique SQL Id": 2208782157, "Planner Runtime": 2}, "explain_analyze_plan": null}, "(64, 127)": {"explain_plan": {"Plan": {"Node Type": "Sort", "Startup Cost": 6025775461732.55, "Total Cost": 6025775461741.77, "Plan Rows": 3688, "Plan Width": 84, "Sort Key": ["n1.n_name", "n2.n_name", "(date_part('year'::text, lineitem.l_shipdate))"], "Plans": [{"Node Type": "Aggregate", "Strategy": "Hashed", "Parent Relationship": "Outer", "Startup Cost": 6025775461467.96, "Total Cost": 6025775461514.06, "Plan Rows": 3688, "Plan Width": 84, "Group By Key": ["n1.n_name", "n2.n_name", "date_part('year'::text, lineitem.l_shipdate)"], "Plans": [{"Node Type": "Nested Loop", "Parent Relationship": "Outer", "Join Type": "Inner", "Startup Cost": 60000000000.0, "Total Cost": 6025775461412.64, "Plan Rows": 3688, "Plan Width": 76, "Inner Unique": false, "Join Filter": "((orders.o_custkey = customer.c_custkey) AND (n2.n_nationkey = customer.c_nationkey))", "Plans": [{"Node Type": "Index Scan", "Parent Relationship": "Outer", "Scan Direction": "Forward", "Index Name": "customer_pkey", "Relation Name": "customer", "Alias": "customer", "Startup Cost": 10000000000.0, "Total Cost": 1000008076535.62, "Plan Rows": 1500000, "Plan Width": 12}, {"Node Type": "Materialize", "Parent Relationship": "Inner", "Startup Cost": 50000000000.0, "Total Cost": 5023346951348.32, "Plan Rows": 92207, "Plan Width": 88, "Plans": [{"Node Type": "Nested Loop", "Parent Relationship": "Outer", "Join Type": "Inner", "Startup Cost": 50000000000.0, "Total Cost": 5023346950887.28, "Plan Rows": 92207, "Plan Width": 88, "Inner Unique": true, "Join Filter": "(lineitem.l_orderkey = orders.o_orderkey)", "Plans": [{"Node Type": "Nested Loop", "Parent Relationship": "Outer", "Join Type": "Inner", "Startup Cost": 40000000000.0, "Total Cost": 4002527961142.79, "Plan Rows": 92207, "Plan Width": 88, "Inner Unique": false, "Join Filter": "(supplier.s_suppkey = lineitem.l_suppkey)", "Plans": [{"Node Type": "Nested Loop", "Parent Relationship": "Outer", "Join Type": "Inner", "Startup Cost": 30000000000.0, "Total Cost": 3000000539268.5, "Plan Rows": 7994, "Plan Width": 64, "Inner Unique": false, "Join Filter": "(n1.n_nationkey = supplier.s_nationkey)", "Plans": [{"Node Type": "Nested Loop", "Parent Relationship": "Outer", "Join Type": "Inner", "Startup Cost": 20000000000.0, "Total Cost": 2000000002564.12, "Plan Rows": 2, "Plan Width": 60, "Inner Unique": false, "Join Filter": "(((n1.n_name = 'JAPAN'::bpchar) AND (n2.n_name = 'INDIA'::bpchar)) OR ((n1.n_name = 'INDIA'::bpchar) AND (n2.n_name = 'JAPAN'::bpchar)))", "Plans": [{"Node Type": "Index Scan", "Parent Relationship": "Outer", "Scan Direction": "Forward", "Index Name": "nation_pkey", "Relation Name": "nation", "Alias": "n2", "Startup Cost": 10000000000.0, "Total Cost": 1000000001275.0, "Plan Rows": 25, "Plan Width": 30, "Filter": "((n_name = 'INDIA'::bpchar) OR (n_name = 'JAPAN'::bpchar))"}, {"Node Type": "Materialize", "Parent Relationship": "Inner", "Startup Cost": 10000000000.0, "Total Cost": 1000000001275.12, "Plan Rows": 25, "Plan Width": 30, "Plans": [{"Node Type": "Index Scan", "Parent Relationship": "Outer", "Scan Direction": "Forward", "Index Name": "nation_pkey", "Relation Name": "nation", "Alias": "n1", "Startup Cost": 10000000000.0, "Total Cost": 1000000001275.0, "Plan Rows": 25, "Plan Width": 30, "Filter": "((n_name = 'JAPAN'::bpchar) OR (n_name = 'INDIA'::bpchar))"}]}]}, {"Node Type": "Materialize", "Parent Relationship": "Inner", "Startup Cost": 10000000000.0, "Total Cost": 1000000533954.38, "Plan Rows": 100000, "Plan Width": 12, "Plans": [{"Node Type": "Index Scan", "Parent Relationship": "Outer", "Scan Direction": "Forward", "Index Name": "supplier_pkey", "Relation Name": "supplier", "Alias": "supplier", "Startup Cost": 10000000000.0, "Total Cost": 1000000533454.38, "Plan Rows": 100000, "Plan Width": 12}]}]}, {"Node Type": "Materialize", "Parent Relationship": "Inner", "Startup Cost": 10000000000.0, "Total Cost": 1000354099515.95, "Plan Rows": 18124991, "Plan Width": 40, "Plans": [{"Node Type": "Index Scan", "Parent Relationship": "Outer", "Scan Direction": "Forward", "Index Name": "idx_lineitem_orderkey", "Relation Name": "lineitem", "Alias": "lineitem", "Startup Cost": 10000000000.0, "Total Cost": 1000354008891.0, "Plan Rows": 18124991, "Plan Width": 40, "Filter": "((l_shipdate >= '1995-01-01 00:00:00'::timestamp(0) without time zone) AND (l_shipdate <= '1996-12-31 00:00:00'::timestamp(0) without time zone)), (LLVM Optimized)"}]}]}, {"Node Type": "Materialize", "Parent Relationship": "Inner", "Startup Cost": 10000000000.0, "Total Cost": 1000073172840.9, "Plan Rows": 14999479, "Plan Width": 16, "Plans": [{"Node Type": "Index Scan", "Parent Relationship": "Outer", "Scan Direction": "Forward", "Index Name": "orders_pkey", "Relation Name": "orders", "Alias": "orders", "Startup Cost": 10000000000.0, "Total Cost": 1000073097843.5, "Plan Rows": 14999479, "Plan Width": 16}]}]}]}]}]}]}, "Unique SQL Id": 2208782157, "Planner Runtime": 1}, "explain_analyze_plan": null}}