{"(1, 0)": {"explain_plan": {"Plan": {"Node Type": "Sort", "Startup Cost": 486630.31, "Total Cost": 486630.33, "Plan Rows": 10, "Plan Width": 50, "Sort Key": ["(date_part('year'::text, orders.o_orderdate))"], "Plans": [{"Node Type": "Aggregate", "Strategy": "Hashed", "Parent Relationship": "Outer", "Startup Cost": 486629.99, "Total Cost": 486630.14, "Plan Rows": 10, "Plan Width": 50, "Group By Key": ["date_part('year'::text, orders.o_orderdate)"], "Plans": [{"Node Type": "Hash Join", "Parent Relationship": "Outer", "Join Type": "Inner", "Startup Cost": 4536.12, "Total Cost": 486510.17, "Plan Rows": 5991, "Plan Width": 50, "Inner Unique": true, "Hash Cond": "(supplier.s_nationkey = n2.n_nationkey)", "Plans": [{"Node Type": "Nested Loop", "Parent Relationship": "Outer", "Join Type": "Inner", "Startup Cost": 4534.56, "Total Cost": 486417.81, "Plan Rows": 5991, "Plan Width": 28, "Inner Unique": false, "Join Filter": "(n1.n_regionkey = region.r_regionkey)", "Plans": [{"Node Type": "Seq Scan", "Parent Relationship": "Outer", "Relation Name": "region", "Alias": "region", "Startup Cost": 0.0, "Total Cost": 1.06, "Plan Rows": 1, "Plan Width": 4, "Filter": "(r_name = 'ASIA'::bpchar)"}, {"Node Type": "Hash Join", "Parent Relationship": "Inner", "Join Type": "Inner", "Startup Cost": 4534.56, "Total Cost": 486042.32, "Plan Rows": 29954, "Plan Width": 32, "Inner Unique": true, "Hash Cond": "(customer.c_nationkey = n1.n_nationkey)", "Plans": [{"Node Type": "Nested Loop", "Parent Relationship": "Outer", "Join Type": "Inner", "Startup Cost": 4533.0, "Total Cost": 485661.65, "Plan Rows": 29954, "Plan Width": 32, "Inner Unique": true, "Plans": [{"Node Type": "Hash Join", "Parent Relationship": "Outer", "Join Type": "Inner", "Startup Cost": 4533.0, "Total Cost": 469409.78, "Plan Rows": 51198, "Plan Width": 36, "Inner Unique": true, "Hash Cond": "(lineitem.l_suppkey = supplier.s_suppkey)", "Plans": [{"Node Type": "Nested Loop", "Parent Relationship": "Outer", "Join Type": "Inner", "Startup Cost": 0.0, "Total Cost": 464497.44, "Plan Rows": 86479, "Plan Width": 40, "Inner Unique": true, "Plans": [{"Node Type": "Nested Loop", "Parent Relationship": "Outer", "Join Type": "Inner", "Startup Cost": 0.0, "Total Cost": 441564.57, "Plan Rows": 74637, "Plan Width": 32, "Inner Unique": false, "Plans": [{"Node Type": "Seq Scan", "Parent Relationship": "Outer", "Relation Name": "part", "Alias": "part", "Startup Cost": 0.0, "Total Cost": 66944.0, "Plan Rows": 13538, "Plan Width": 8, "Filter": "((p_type)::text = 'SMALL PLATED COPPER'::text)"}, {"Node Type": "Index Scan", "Parent Relationship": "Inner", "Scan Direction": "Forward", "Index Name": "idx_lineitem_part_supp", "Relation Name": "lineitem", "Alias": "lineitem", "Startup Cost": 0.0, "Total Cost": 27.61, "Plan Rows": 6, "Plan Width": 40, "Index Cond": "(l_partkey = part.p_partkey)"}]}, {"Node Type": "Index Scan", "Parent Relationship": "Inner", "Scan Direction": "Forward", "Index Name": "orders_pkey", "Relation Name": "orders", "Alias": "orders", "Startup Cost": 0.0, "Total Cost": 0.3, "Plan Rows": 1, "Plan Width": 24, "Index Cond": "(o_orderkey = lineitem.l_orderkey)", "Filter": "((o_orderdate >= '1995-01-01 00:00:00'::timestamp(0) without time zone) AND (o_orderdate <= '1996-12-31 00:00:00'::timestamp(0) without time zone))"}]}, {"Node Type": "Hash", "Parent Relationship": "Inner", "Startup Cost": 3283.0, "Total Cost": 3283.0, "Plan Rows": 100000, "Plan Width": 12, "Plans": [{"Node Type": "Seq Scan", "Parent Relationship": "Outer", "Relation Name": "supplier", "Alias": "supplier", "Startup Cost": 0.0, "Total Cost": 3283.0, "Plan Rows": 100000, "Plan Width": 12}]}]}, {"Node Type": "Index Scan", "Parent Relationship": "Inner", "Scan Direction": "Forward", "Index Name": "customer_pkey", "Relation Name": "customer", "Alias": "customer", "Startup Cost": 0.0, "Total Cost": 0.31, "Plan Rows": 1, "Plan Width": 12, "Index Cond": "(c_custkey = orders.o_custkey)"}]}, {"Node Type": "Hash", "Parent Relationship": "Inner", "Startup Cost": 1.25, "Total Cost": 1.25, "Plan Rows": 25, "Plan Width": 8, "Plans": [{"Node Type": "Seq Scan", "Parent Relationship": "Outer", "Relation Name": "nation", "Alias": "n1", "Startup Cost": 0.0, "Total Cost": 1.25, "Plan Rows": 25, "Plan Width": 8}]}]}]}, {"Node Type": "Hash", "Parent Relationship": "Inner", "Startup Cost": 1.25, "Total Cost": 1.25, "Plan Rows": 25, "Plan Width": 30, "Plans": [{"Node Type": "Seq Scan", "Parent Relationship": "Outer", "Relation Name": "nation", "Alias": "n2", "Startup Cost": 0.0, "Total Cost": 1.25, "Plan Rows": 25, "Plan Width": 30}]}]}]}]}, "Unique SQL Id": 3681808042, "Planner Runtime": 6}, "explain_analyze_plan": {"Plan": {"Node Type": "Sort", "Startup Cost": 486630.31, "Total Cost": 486630.33, "Plan Rows": 10, "Plan Width": 50, "Actual Startup Time": 6875.429, "Actual Total Time": 6875.43, "Actual Rows": 2, "Actual Loops": 1, "Sort Key": ["(date_part('year'::text, orders.o_orderdate))"], "Sort Method": "quicksort", "Sort Space Used": 25, "Sort Space Type": "Memory", "Plans": [{"Node Type": "Aggregate", "Strategy": "Hashed", "Parent Relationship": "Outer", "Startup Cost": 486629.99, "Total Cost": 486630.14, "Plan Rows": 10, "Plan Width": 50, "Actual Startup Time": 6875.411, "Actual Total Time": 6875.412, "Actual Rows": 2, "Actual Loops": 1, "Group By Key": ["date_part('year'::text, orders.o_orderdate)"], "Plans": [{"Node Type": "Hash Join", "Parent Relationship": "Outer", "Join Type": "Inner", "Startup Cost": 4536.12, "Total Cost": 486510.17, "Plan Rows": 5991, "Plan Width": 50, "Actual Startup Time": 67.839, "Actual Total Time": 6836.987, "Actual Rows": 23929, "Actual Loops": 1, "Inner Unique": true, "Hash Cond": "(supplier.s_nationkey = n2.n_nationkey)", "Plans": [{"Node Type": "Nested Loop", "Parent Relationship": "Outer", "Join Type": "Inner", "Startup Cost": 4534.56, "Total Cost": 486417.81, "Plan Rows": 5991, "Plan Width": 28, "Actual Startup Time": 67.737, "Actual Total Time": 6803.424, "Actual Rows": 23929, "Actual Loops": 1, "Inner Unique": false, "Join Filter": "(n1.n_regionkey = region.r_regionkey)", "Rows Removed by Join Filter": 95836, "Plans": [{"Node Type": "Seq Scan", "Parent Relationship": "Outer", "Relation Name": "region", "Alias": "region", "Startup Cost": 0.0, "Total Cost": 1.06, "Plan Rows": 1, "Plan Width": 4, "Actual Startup Time": 0.011, "Actual Total Time": 0.015, "Actual Rows": 1, "Actual Loops": 1, "Filter": "(r_name = 'ASIA'::bpchar)", "Rows Removed by Filter": 4}, {"Node Type": "Hash Join", "Parent Relationship": "Inner", "Join Type": "Inner", "Startup Cost": 4534.56, "Total Cost": 486042.32, "Plan Rows": 29954, "Plan Width": 32, "Actual Startup Time": 67.489, "Actual Total Time": 6770.232, "Actual Rows": 119765, "Actual Loops": 1, "Inner Unique": true, "Hash Cond": "(customer.c_nationkey = n1.n_nationkey)", "Plans": [{"Node Type": "Nested Loop", "Parent Relationship": "Outer", "Join Type": "Inner", "Startup Cost": 4533.0, "Total Cost": 485661.65, "Plan Rows": 29954, "Plan Width": 32, "Actual Startup Time": 67.423, "Actual Total Time": 6700.524, "Actual Rows": 119765, "Actual Loops": 1, "Inner Unique": true, "Plans": [{"Node Type": "Hash Join", "Parent Relationship": "Outer", "Join Type": "Inner", "Startup Cost": 4533.0, "Total Cost": 469409.78, "Plan Rows": 51198, "Plan Width": 36, "Actual Startup Time": 67.385, "Actual Total Time": 5716.914, "Actual Rows": 119765, "Actual Loops": 1, "Inner Unique": true, "Hash Cond": "(lineitem.l_suppkey = supplier.s_suppkey)", "Plans": [{"Node Type": "Nested Loop", "Parent Relationship": "Outer", "Join Type": "Inner", "Startup Cost": 0.0, "Total Cost": 464497.44, "Plan Rows": 86479, "Plan Width": 40, "Actual Startup Time": 0.197, "Actual Total Time": 5569.342, "Actual Rows": 119765, "Actual Loops": 1, "Inner Unique": true, "Plans": [{"Node Type": "Nested Loop", "Parent Relationship": "Outer", "Join Type": "Inner", "Startup Cost": 0.0, "Total Cost": 441564.57, "Plan Rows": 74637, "Plan Width": 32, "Actual Startup Time": 0.046, "Actual Total Time": 2059.105, "Actual Rows": 395341, "Actual Loops": 1, "Inner Unique": false, "Plans": [{"Node Type": "Seq Scan", "Parent Relationship": "Outer", "Relation Name": "part", "Alias": "part", "Startup Cost": 0.0, "Total Cost": 66944.0, "Plan Rows": 13538, "Plan Width": 8, "Actual Startup Time": 0.022, "Actual Total Time": 777.589, "Actual Rows": 13163, "Actual Loops": 1, "Filter": "((p_type)::text = 'SMALL PLATED COPPER'::text)", "Rows Removed by Filter": 1986837}, {"Node Type": "Index Scan", "Parent Relationship": "Inner", "Scan Direction": "Forward", "Index Name": "idx_lineitem_part_supp", "Relation Name": "lineitem", "Alias": "lineitem", "Startup Cost": 0.0, "Total Cost": 27.61, "Plan Rows": 6, "Plan Width": 40, "Actual Startup Time": 154.187, "Actual Total Time": 1177.879, "Actual Rows": 395341, "Actual Loops": 13163, "Index Cond": "(l_partkey = part.p_partkey)", "Rows Removed by Index Recheck": 0}]}, {"Node Type": "Index Scan", "Parent Relationship": "Inner", "Scan Direction": "Forward", "Index Name": "orders_pkey", "Relation Name": "orders", "Alias": "orders", "Startup Cost": 0.0, "Total Cost": 0.3, "Plan Rows": 1, "Plan Width": 24, "Actual Startup Time": 3272.72, "Actual Total Time": 3272.72, "Actual Rows": 119765, "Actual Loops": 395341, "Index Cond": "(o_orderkey = lineitem.l_orderkey)", "Rows Removed by Index Recheck": 0, "Filter": "((o_orderdate >= '1995-01-01 00:00:00'::timestamp(0) without time zone) AND (o_orderdate <= '1996-12-31 00:00:00'::timestamp(0) without time zone))", "Rows Removed by Filter": 275576}]}, {"Node Type": "Hash", "Parent Relationship": "Inner", "Startup Cost": 3283.0, "Total Cost": 3283.0, "Plan Rows": 100000, "Plan Width": 12, "Actual Startup Time": 67.072, "Actual Total Time": 67.072, "Actual Rows": 100000, "Actual Loops": 1, "Hash Buckets": 131072, "Hash Batches": 1, "Original Hash Batches": 1, "Peak Memory Usage": 4297, "Plans": [{"Node Type": "Seq Scan", "Parent Relationship": "Outer", "Relation Name": "supplier", "Alias": "supplier", "Startup Cost": 0.0, "Total Cost": 3283.0, "Plan Rows": 100000, "Plan Width": 12, "Actual Startup Time": 0.016, "Actual Total Time": 39.717, "Actual Rows": 100000, "Actual Loops": 1}]}]}, {"Node Type": "Index Scan", "Parent Relationship": "Inner", "Scan Direction": "Forward", "Index Name": "customer_pkey", "Relation Name": "customer", "Alias": "customer", "Startup Cost": 0.0, "Total Cost": 0.31, "Plan Rows": 1, "Plan Width": 12, "Actual Startup Time": 873.567, "Actual Total Time": 873.567, "Actual Rows": 119765, "Actual Loops": 119765, "Index Cond": "(c_custkey = orders.o_custkey)", "Rows Removed by Index Recheck": 0}]}, {"Node Type": "Hash", "Parent Relationship": "Inner", "Startup Cost": 1.25, "Total Cost": 1.25, "Plan Rows": 25, "Plan Width": 8, "Actual Startup Time": 0.021, "Actual Total Time": 0.021, "Actual Rows": 25, "Actual Loops": 1, "Hash Buckets": 32768, "Hash Batches": 1, "Original Hash Batches": 1, "Peak Memory Usage": 1, "Plans": [{"Node Type": "Seq Scan", "Parent Relationship": "Outer", "Relation Name": "nation", "Alias": "n1", "Startup Cost": 0.0, "Total Cost": 1.25, "Plan Rows": 25, "Plan Width": 8, "Actual Startup Time": 0.008, "Actual Total Time": 0.014, "Actual Rows": 25, "Actual Loops": 1}]}]}]}, {"Node Type": "Hash", "Parent Relationship": "Inner", "Startup Cost": 1.25, "Total Cost": 1.25, "Plan Rows": 25, "Plan Width": 30, "Actual Startup Time": 0.038, "Actual Total Time": 0.038, "Actual Rows": 25, "Actual Loops": 1, "Hash Buckets": 32768, "Hash Batches": 1, "Original Hash Batches": 1, "Peak Memory Usage": 2, "Plans": [{"Node Type": "Seq Scan", "Parent Relationship": "Outer", "Relation Name": "nation", "Alias": "n2", "Startup Cost": 0.0, "Total Cost": 1.25, "Plan Rows": 25, "Plan Width": 30, "Actual Startup Time": 0.017, "Actual Total Time": 0.023, "Actual Rows": 25, "Actual Loops": 1}]}]}]}]}, "Triggers": [], "Planner Runtime": 3, "Total Runtime": 6875.883, "Unique SQL Id": 3681808042}}, "(1, 1)": {"explain_plan": {"Plan": {"Node Type": "Sort", "Startup Cost": 527575.13, "Total Cost": 527575.15, "Plan Rows": 10, "Plan Width": 50, "Sort Key": ["(date_part('year'::text, orders.o_orderdate))"], "Plans": [{"Node Type": "Aggregate", "Strategy": "Hashed", "Parent Relationship": "Outer", "Startup Cost": 527574.81, "Total Cost": 527574.96, "Plan Rows": 10, "Plan Width": 50, "Group By Key": ["date_part('year'::text, orders.o_orderdate)"], "Plans": [{"Node Type": "Hash Join", "Parent Relationship": "Outer", "Join Type": "Inner", "Startup Cost": 6610.42, "Total Cost": 527454.99, "Plan Rows": 5991, "Plan Width": 50, "Inner Unique": true, "Hash Cond": "(supplier.s_nationkey = n2.n_nationkey)", "Plans": [{"Node Type": "Nested Loop", "Parent Relationship": "Outer", "Join Type": "Inner", "Startup Cost": 6597.48, "Total Cost": 527351.25, "Plan Rows": 5991, "Plan Width": 28, "Inner Unique": false, "Join Filter": "(n1.n_regionkey = region.r_regionkey)", "Plans": [{"Node Type": "Index Scan", "Parent Relationship": "Outer", "Scan Direction": "Forward", "Index Name": "region_pkey", "Relation Name": "region", "Alias": "region", "Startup Cost": 0.0, "Total Cost": 12.34, "Plan Rows": 1, "Plan Width": 4, "Filter": "(r_name = 'ASIA'::bpchar)"}, {"Node Type": "Hash Join", "Parent Relationship": "Inner", "Join Type": "Inner", "Startup Cost": 6597.48, "Total Cost": 526964.49, "Plan Rows": 29954, "Plan Width": 32, "Inner Unique": true, "Hash Cond": "(customer.c_nationkey = n1.n_nationkey)", "Plans": [{"Node Type": "Nested Loop", "Parent Relationship": "Outer", "Join Type": "Inner", "Startup Cost": 6584.54, "Total Cost": 526572.45, "Plan Rows": 29954, "Plan Width": 32, "Inner Unique": true, "Plans": [{"Node Type": "Hash Join", "Parent Relationship": "Outer", "Join Type": "Inner", "Startup Cost": 6584.54, "Total Cost": 510320.57, "Plan Rows": 51198, "Plan Width": 36, "Inner Unique": true, "Hash Cond": "(lineitem.l_suppkey = supplier.s_suppkey)", "Plans": [{"Node Type": "Nested Loop", "Parent Relationship": "Outer", "Join Type": "Inner", "Startup Cost": 0.0, "Total Cost": 503356.69, "Plan Rows": 86479, "Plan Width": 40, "Inner Unique": true, "Plans": [{"Node Type": "Nested Loop", "Parent Relationship": "Outer", "Join Type": "Inner", "Startup Cost": 0.0, "Total Cost": 480423.82, "Plan Rows": 74637, "Plan Width": 32, "Inner Unique": false, "Plans": [{"Node Type": "Index Scan", "Parent Relationship": "Outer", "Scan Direction": "Forward", "Index Name": "part_kpey", "Relation Name": "part", "Alias": "part", "Startup Cost": 0.0, "Total Cost": 105803.25, "Plan Rows": 13538, "Plan Width": 8, "Filter": "((p_type)::text = 'SMALL PLATED COPPER'::text)"}, {"Node Type": "Index Scan", "Parent Relationship": "Inner", "Scan Direction": "Forward", "Index Name": "idx_lineitem_part_supp", "Relation Name": "lineitem", "Alias": "lineitem", "Startup Cost": 0.0, "Total Cost": 27.61, "Plan Rows": 6, "Plan Width": 40, "Index Cond": "(l_partkey = part.p_partkey)"}]}, {"Node Type": "Index Scan", "Parent Relationship": "Inner", "Scan Direction": "Forward", "Index Name": "orders_pkey", "Relation Name": "orders", "Alias": "orders", "Startup Cost": 0.0, "Total Cost": 0.3, "Plan Rows": 1, "Plan Width": 24, "Index Cond": "(o_orderkey = lineitem.l_orderkey)", "Filter": "((o_orderdate >= '1995-01-01 00:00:00'::timestamp(0) without time zone) AND (o_orderdate <= '1996-12-31 00:00:00'::timestamp(0) without time zone))"}]}, {"Node Type": "Hash", "Parent Relationship": "Inner", "Startup Cost": 5334.54, "Total Cost": 5334.54, "Plan Rows": 100000, "Plan Width": 12, "Plans": [{"Node Type": "Index Scan", "Parent Relationship": "Outer", "Scan Direction": "Forward", "Index Name": "supplier_pkey", "Relation Name": "supplier", "Alias": "supplier", "Startup Cost": 0.0, "Total Cost": 5334.54, "Plan Rows": 100000, "Plan Width": 12}]}]}, {"Node Type": "Index Scan", "Parent Relationship": "Inner", "Scan Direction": "Forward", "Index Name": "customer_pkey", "Relation Name": "customer", "Alias": "customer", "Startup Cost": 0.0, "Total Cost": 0.31, "Plan Rows": 1, "Plan Width": 12, "Index Cond": "(c_custkey = orders.o_custkey)"}]}, {"Node Type": "Hash", "Parent Relationship": "Inner", "Startup Cost": 12.62, "Total Cost": 12.62, "Plan Rows": 25, "Plan Width": 8, "Plans": [{"Node Type": "Index Scan", "Parent Relationship": "Outer", "Scan Direction": "Forward", "Index Name": "idx_nation_regionkey", "Relation Name": "nation", "Alias": "n1", "Startup Cost": 0.0, "Total Cost": 12.62, "Plan Rows": 25, "Plan Width": 8}]}]}]}, {"Node Type": "Hash", "Parent Relationship": "Inner", "Startup Cost": 12.62, "Total Cost": 12.62, "Plan Rows": 25, "Plan Width": 30, "Plans": [{"Node Type": "Index Scan", "Parent Relationship": "Outer", "Scan Direction": "Forward", "Index Name": "nation_pkey", "Relation Name": "nation", "Alias": "n2", "Startup Cost": 0.0, "Total Cost": 12.62, "Plan Rows": 25, "Plan Width": 30}]}]}]}]}, "Unique SQL Id": 3681808042, "Planner Runtime": 6}, "explain_analyze_plan": {"Plan": {"Node Type": "Sort", "Startup Cost": 527575.13, "Total Cost": 527575.15, "Plan Rows": 10, "Plan Width": 50, "Actual Startup Time": 7727.976, "Actual Total Time": 7727.976, "Actual Rows": 2, "Actual Loops": 1, "Sort Key": ["(date_part('year'::text, orders.o_orderdate))"], "Sort Method": "quicksort", "Sort Space Used": 25, "Sort Space Type": "Memory", "Plans": [{"Node Type": "Aggregate", "Strategy": "Hashed", "Parent Relationship": "Outer", "Startup Cost": 527574.81, "Total Cost": 527574.96, "Plan Rows": 10, "Plan Width": 50, "Actual Startup Time": 7727.96, "Actual Total Time": 7727.961, "Actual Rows": 2, "Actual Loops": 1, "Group By Key": ["date_part('year'::text, orders.o_orderdate)"], "Plans": [{"Node Type": "Hash Join", "Parent Relationship": "Outer", "Join Type": "Inner", "Startup Cost": 6610.42, "Total Cost": 527454.99, "Plan Rows": 5991, "Plan Width": 50, "Actual Startup Time": 110.43, "Actual Total Time": 7691.0, "Actual Rows": 23929, "Actual Loops": 1, "Inner Unique": true, "Hash Cond": "(supplier.s_nationkey = n2.n_nationkey)", "Plans": [{"Node Type": "Nested Loop", "Parent Relationship": "Outer", "Join Type": "Inner", "Startup Cost": 6597.48, "Total Cost": 527351.25, "Plan Rows": 5991, "Plan Width": 28, "Actual Startup Time": 110.344, "Actual Total Time": 7658.106, "Actual Rows": 23929, "Actual Loops": 1, "Inner Unique": false, "Join Filter": "(n1.n_regionkey = region.r_regionkey)", "Rows Removed by Join Filter": 95836, "Plans": [{"Node Type": "Index Scan", "Parent Relationship": "Outer", "Scan Direction": "Forward", "Index Name": "region_pkey", "Relation Name": "region", "Alias": "region", "Startup Cost": 0.0, "Total Cost": 12.34, "Plan Rows": 1, "Plan Width": 4, "Actual Startup Time": 0.008, "Actual Total Time": 0.028, "Actual Rows": 1, "Actual Loops": 1, "Filter": "(r_name = 'ASIA'::bpchar)", "Rows Removed by Filter": 4}, {"Node Type": "Hash Join", "Parent Relationship": "Inner", "Join Type": "Inner", "Startup Cost": 6597.48, "Total Cost": 526964.49, "Plan Rows": 29954, "Plan Width": 32, "Actual Startup Time": 110.097, "Actual Total Time": 7624.915, "Actual Rows": 119765, "Actual Loops": 1, "Inner Unique": true, "Hash Cond": "(customer.c_nationkey = n1.n_nationkey)", "Plans": [{"Node Type": "Nested Loop", "Parent Relationship": "Outer", "Join Type": "Inner", "Startup Cost": 6584.54, "Total Cost": 526572.45, "Plan Rows": 29954, "Plan Width": 32, "Actual Startup Time": 110.034, "Actual Total Time": 7556.275, "Actual Rows": 119765, "Actual Loops": 1, "Inner Unique": true, "Plans": [{"Node Type": "Hash Join", "Parent Relationship": "Outer", "Join Type": "Inner", "Startup Cost": 6584.54, "Total Cost": 510320.57, "Plan Rows": 51198, "Plan Width": 36, "Actual Startup Time": 110.002, "Actual Total Time": 6551.852, "Actual Rows": 119765, "Actual Loops": 1, "Inner Unique": true, "Hash Cond": "(lineitem.l_suppkey = supplier.s_suppkey)", "Plans": [{"Node Type": "Nested Loop", "Parent Relationship": "Outer", "Join Type": "Inner", "Startup Cost": 0.0, "Total Cost": 503356.69, "Plan Rows": 86479, "Plan Width": 40, "Actual Startup Time": 0.168, "Actual Total Time": 6360.928, "Actual Rows": 119765, "Actual Loops": 1, "Inner Unique": true, "Plans": [{"Node Type": "Nested Loop", "Parent Relationship": "Outer", "Join Type": "Inner", "Startup Cost": 0.0, "Total Cost": 480423.82, "Plan Rows": 74637, "Plan Width": 32, "Actual Startup Time": 0.043, "Actual Total Time": 2756.88, "Actual Rows": 395341, "Actual Loops": 1, "Inner Unique": false, "Plans": [{"Node Type": "Index Scan", "Parent Relationship": "Outer", "Scan Direction": "Forward", "Index Name": "part_kpey", "Relation Name": "part", "Alias": "part", "Startup Cost": 0.0, "Total Cost": 105803.25, "Plan Rows": 13538, "Plan Width": 8, "Actual Startup Time": 0.027, "Actual Total Time": 1456.254, "Actual Rows": 13163, "Actual Loops": 1, "Filter": "((p_type)::text = 'SMALL PLATED COPPER'::text)", "Rows Removed by Filter": 1986837}, {"Node Type": "Index Scan", "Parent Relationship": "Inner", "Scan Direction": "Forward", "Index Name": "idx_lineitem_part_supp", "Relation Name": "lineitem", "Alias": "lineitem", "Startup Cost": 0.0, "Total Cost": 27.61, "Plan Rows": 6, "Plan Width": 40, "Actual Startup Time": 157.07, "Actual Total Time": 1199.429, "Actual Rows": 395341, "Actual Loops": 13163, "Index Cond": "(l_partkey = part.p_partkey)", "Rows Removed by Index Recheck": 0}]}, {"Node Type": "Index Scan", "Parent Relationship": "Inner", "Scan Direction": "Forward", "Index Name": "orders_pkey", "Relation Name": "orders", "Alias": "orders", "Startup Cost": 0.0, "Total Cost": 0.3, "Plan Rows": 1, "Plan Width": 24, "Actual Startup Time": 3362.86, "Actual Total Time": 3362.86, "Actual Rows": 119765, "Actual Loops": 395341, "Index Cond": "(o_orderkey = lineitem.l_orderkey)", "Rows Removed by Index Recheck": 0, "Filter": "((o_orderdate >= '1995-01-01 00:00:00'::timestamp(0) without time zone) AND (o_orderdate <= '1996-12-31 00:00:00'::timestamp(0) without time zone))", "Rows Removed by Filter": 275576}]}, {"Node Type": "Hash", "Parent Relationship": "Inner", "Startup Cost": 5334.54, "Total Cost": 5334.54, "Plan Rows": 100000, "Plan Width": 12, "Actual Startup Time": 109.726, "Actual Total Time": 109.726, "Actual Rows": 100000, "Actual Loops": 1, "Hash Buckets": 131072, "Hash Batches": 1, "Original Hash Batches": 1, "Peak Memory Usage": 4297, "Plans": [{"Node Type": "Index Scan", "Parent Relationship": "Outer", "Scan Direction": "Forward", "Index Name": "supplier_pkey", "Relation Name": "supplier", "Alias": "supplier", "Startup Cost": 0.0, "Total Cost": 5334.54, "Plan Rows": 100000, "Plan Width": 12, "Actual Startup Time": 0.02, "Actual Total Time": 82.233, "Actual Rows": 100000, "Actual Loops": 1}]}]}, {"Node Type": "Index Scan", "Parent Relationship": "Inner", "Scan Direction": "Forward", "Index Name": "customer_pkey", "Relation Name": "customer", "Alias": "customer", "Startup Cost": 0.0, "Total Cost": 0.31, "Plan Rows": 1, "Plan Width": 12, "Actual Startup Time": 896.276, "Actual Total Time": 896.276, "Actual Rows": 119765, "Actual Loops": 119765, "Index Cond": "(c_custkey = orders.o_custkey)", "Rows Removed by Index Recheck": 0}]}, {"Node Type": "Hash", "Parent Relationship": "Inner", "Startup Cost": 12.62, "Total Cost": 12.62, "Plan Rows": 25, "Plan Width": 8, "Actual Startup Time": 0.026, "Actual Total Time": 0.026, "Actual Rows": 25, "Actual Loops": 1, "Hash Buckets": 32768, "Hash Batches": 1, "Original Hash Batches": 1, "Peak Memory Usage": 1, "Plans": [{"Node Type": "Index Scan", "Parent Relationship": "Outer", "Scan Direction": "Forward", "Index Name": "idx_nation_regionkey", "Relation Name": "nation", "Alias": "n1", "Startup Cost": 0.0, "Total Cost": 12.62, "Plan Rows": 25, "Plan Width": 8, "Actual Startup Time": 0.006, "Actual Total Time": 0.016, "Actual Rows": 25, "Actual Loops": 1}]}]}]}, {"Node Type": "Hash", "Parent Relationship": "Inner", "Startup Cost": 12.62, "Total Cost": 12.62, "Plan Rows": 25, "Plan Width": 30, "Actual Startup Time": 0.035, "Actual Total Time": 0.035, "Actual Rows": 25, "Actual Loops": 1, "Hash Buckets": 32768, "Hash Batches": 1, "Original Hash Batches": 1, "Peak Memory Usage": 2, "Plans": [{"Node Type": "Index Scan", "Parent Relationship": "Outer", "Scan Direction": "Forward", "Index Name": "nation_pkey", "Relation Name": "nation", "Alias": "n2", "Startup Cost": 0.0, "Total Cost": 12.62, "Plan Rows": 25, "Plan Width": 30, "Actual Startup Time": 0.009, "Actual Total Time": 0.02, "Actual Rows": 25, "Actual Loops": 1}]}]}]}]}, "Triggers": [], "Planner Runtime": 3, "Total Runtime": 7728.406, "Unique SQL Id": 3681808042}}, "(1, 2)": {"explain_plan": {"Plan": {"Node Type": "Sort", "Startup Cost": 818733.87, "Total Cost": 818733.89, "Plan Rows": 10, "Plan Width": 50, "Sort Key": ["(date_part('year'::text, orders.o_orderdate))"], "Plans": [{"Node Type": "Aggregate", "Strategy": "Hashed", "Parent Relationship": "Outer", "Startup Cost": 818733.55, "Total Cost": 818733.7, "Plan Rows": 10, "Plan Width": 50, "Group By Key": ["date_part('year'::text, orders.o_orderdate)"], "Plans": [{"Node Type": "Nested Loop", "Parent Relationship": "Outer", "Join Type": "Inner", "Startup Cost": 45452.32, "Total Cost": 818613.73, "Plan Rows": 5991, "Plan Width": 50, "Inner Unique": true, "Join Filter": "(supplier.s_nationkey = n2.n_nationkey)", "Plans": [{"Node Type": "Hash Join", "Parent Relationship": "Outer", "Join Type": "Inner", "Startup Cost": 45452.32, "Total Cost": 816350.82, "Plan Rows": 5991, "Plan Width": 28, "Inner Unique": false, "Hash Cond": "(orders.o_custkey = customer.c_custkey)", "Plans": [{"Node Type": "Hash Join", "Parent Relationship": "Outer", "Join Type": "Inner", "Startup Cost": 4537.47, "Total Cost": 775184.07, "Plan Rows": 51198, "Plan Width": 36, "Inner Unique": true, "Hash Cond": "(lineitem.l_suppkey = supplier.s_suppkey)", "Plans": [{"Node Type": "Nested Loop", "Parent Relationship": "Outer", "Join Type": "Inner", "Startup Cost": 4.47, "Total Cost": 770271.73, "Plan Rows": 86479, "Plan Width": 40, "Inner Unique": true, "Plans": [{"Node Type": "Nested Loop", "Parent Relationship": "Outer", "Join Type": "Inner", "Startup Cost": 4.21, "Total Cost": 450147.9, "Plan Rows": 74637, "Plan Width": 32, "Inner Unique": false, "Plans": [{"Node Type": "Seq Scan", "Parent Relationship": "Outer", "Relation Name": "part", "Alias": "part", "Startup Cost": 0.0, "Total Cost": 66944.0, "Plan Rows": 13538, "Plan Width": 8, "Filter": "((p_type)::text = 'SMALL PLATED COPPER'::text)"}, {"Node Type": "Bitmap Heap Scan", "Parent Relationship": "Inner", "Relation Name": "lineitem", "Alias": "lineitem", "Startup Cost": 4.21, "Total Cost": 28.25, "Plan Rows": 6, "Plan Width": 40, "Recheck Cond": "(l_partkey = part.p_partkey)", "Plans": [{"Node Type": "Bitmap Index Scan", "Parent Relationship": "Outer", "Index Name": "idx_lineitem_part_supp", "Startup Cost": 0.0, "Total Cost": 4.21, "Plan Rows": 6, "Plan Width": 0, "Index Cond": "(l_partkey = part.p_partkey)"}]}]}, {"Node Type": "Bitmap Heap Scan", "Parent Relationship": "Inner", "Relation Name": "orders", "Alias": "orders", "Startup Cost": 0.26, "Total Cost": 4.28, "Plan Rows": 1, "Plan Width": 24, "Recheck Cond": "(o_orderkey = lineitem.l_orderkey)", "Filter": "((o_orderdate >= '1995-01-01 00:00:00'::timestamp(0) without time zone) AND (o_orderdate <= '1996-12-31 00:00:00'::timestamp(0) without time zone))", "Plans": [{"Node Type": "Bitmap Index Scan", "Parent Relationship": "Outer", "Index Name": "orders_pkey", "Startup Cost": 0.0, "Total Cost": 0.26, "Plan Rows": 1, "Plan Width": 0, "Index Cond": "(o_orderkey = lineitem.l_orderkey)"}]}]}, {"Node Type": "Hash", "Parent Relationship": "Inner", "Startup Cost": 3283.0, "Total Cost": 3283.0, "Plan Rows": 100000, "Plan Width": 12, "Plans": [{"Node Type": "Seq Scan", "Parent Relationship": "Outer", "Relation Name": "supplier", "Alias": "supplier", "Startup Cost": 0.0, "Total Cost": 3283.0, "Plan Rows": 100000, "Plan Width": 12}]}]}, {"Node Type": "Hash", "Parent Relationship": "Inner", "Startup Cost": 37164.85, "Total Cost": 37164.85, "Plan Rows": 300000, "Plan Width": 8, "Plans": [{"Node Type": "Nested Loop", "Parent Relationship": "Outer", "Join Type": "Inner", "Startup Cost": 1031.44, "Total Cost": 37164.85, "Plan Rows": 300000, "Plan Width": 8, "Inner Unique": false, "Plans": [{"Node Type": "Hash Join", "Parent Relationship": "Outer", "Join Type": "Inner", "Startup Cost": 1.07, "Total Cost": 2.44, "Plan Rows": 5, "Plan Width": 4, "Inner Unique": true, "Hash Cond": "(n1.n_regionkey = region.r_regionkey)", "Plans": [{"Node Type": "Seq Scan", "Parent Relationship": "Outer", "Relation Name": "nation", "Alias": "n1", "Startup Cost": 0.0, "Total Cost": 1.25, "Plan Rows": 25, "Plan Width": 8}, {"Node Type": "Hash", "Parent Relationship": "Inner", "Startup Cost": 1.06, "Total Cost": 1.06, "Plan Rows": 1, "Plan Width": 4, "Plans": [{"Node Type": "Seq Scan", "Parent Relationship": "Outer", "Relation Name": "region", "Alias": "region", "Startup Cost": 0.0, "Total Cost": 1.06, "Plan Rows": 1, "Plan Width": 4, "Filter": "(r_name = 'ASIA'::bpchar)"}]}]}, {"Node Type": "Bitmap Heap Scan", "Parent Relationship": "Inner", "Relation Name": "customer", "Alias": "customer", "Startup Cost": 1030.37, "Total Cost": 6832.48, "Plan Rows": 60000, "Plan Width": 12, "Recheck Cond": "(c_nationkey = n1.n_nationkey)", "Plans": [{"Node Type": "Bitmap Index Scan", "Parent Relationship": "Outer", "Index Name": "idx_customer_nationkey", "Startup Cost": 0.0, "Total Cost": 1015.37, "Plan Rows": 60000, "Plan Width": 0, "Index Cond": "(c_nationkey = n1.n_nationkey)"}]}]}]}]}, {"Node Type": "Materialize", "Parent Relationship": "Inner", "Startup Cost": 0.0, "Total Cost": 1.38, "Plan Rows": 25, "Plan Width": 30, "Plans": [{"Node Type": "Seq Scan", "Parent Relationship": "Outer", "Relation Name": "nation", "Alias": "n2", "Startup Cost": 0.0, "Total Cost": 1.25, "Plan Rows": 25, "Plan Width": 30}]}]}]}]}, "Unique SQL Id": 3681808042, "Planner Runtime": 6}, "explain_analyze_plan": {"Plan": {"Node Type": "Sort", "Startup Cost": 818733.87, "Total Cost": 818733.89, "Plan Rows": 10, "Plan Width": 50, "Actual Startup Time": 7747.251, "Actual Total Time": 7747.251, "Actual Rows": 2, "Actual Loops": 1, "Sort Key": ["(date_part('year'::text, orders.o_orderdate))"], "Sort Method": "quicksort", "Sort Space Used": 25, "Sort Space Type": "Memory", "Plans": [{"Node Type": "Aggregate", "Strategy": "Hashed", "Parent Relationship": "Outer", "Startup Cost": 818733.55, "Total Cost": 818733.7, "Plan Rows": 10, "Plan Width": 50, "Actual Startup Time": 7747.232, "Actual Total Time": 7747.233, "Actual Rows": 2, "Actual Loops": 1, "Group By Key": ["date_part('year'::text, orders.o_orderdate)"], "Plans": [{"Node Type": "Nested Loop", "Parent Relationship": "Outer", "Join Type": "Inner", "Startup Cost": 45452.32, "Total Cost": 818613.73, "Plan Rows": 5991, "Plan Width": 50, "Actual Startup Time": 844.797, "Actual Total Time": 7710.505, "Actual Rows": 23929, "Actual Loops": 1, "Inner Unique": true, "Join Filter": "(supplier.s_nationkey = n2.n_nationkey)", "Rows Removed by Join Filter": 288173, "Plans": [{"Node Type": "Hash Join", "Parent Relationship": "Outer", "Join Type": "Inner", "Startup Cost": 45452.32, "Total Cost": 816350.82, "Plan Rows": 5991, "Plan Width": 28, "Actual Startup Time": 844.75, "Actual Total Time": 7591.247, "Actual Rows": 23929, "Actual Loops": 1, "Inner Unique": false, "Hash Cond": "(orders.o_custkey = customer.c_custkey)", "Plans": [{"Node Type": "Hash Join", "Parent Relationship": "Outer", "Join Type": "Inner", "Startup Cost": 4537.47, "Total Cost": 775184.07, "Plan Rows": 51198, "Plan Width": 36, "Actual Startup Time": 67.354, "Actual Total Time": 6747.705, "Actual Rows": 119765, "Actual Loops": 1, "Inner Unique": true, "Hash Cond": "(lineitem.l_suppkey = supplier.s_suppkey)", "Plans": [{"Node Type": "Nested Loop", "Parent Relationship": "Outer", "Join Type": "Inner", "Startup Cost": 4.47, "Total Cost": 770271.73, "Plan Rows": 86479, "Plan Width": 40, "Actual Startup Time": 0.162, "Actual Total Time": 6596.794, "Actual Rows": 119765, "Actual Loops": 1, "Inner Unique": true, "Plans": [{"Node Type": "Nested Loop", "Parent Relationship": "Outer", "Join Type": "Inner", "Startup Cost": 4.21, "Total Cost": 450147.9, "Plan Rows": 74637, "Plan Width": 32, "Actual Startup Time": 0.097, "Actual Total Time": 2335.136, "Actual Rows": 395341, "Actual Loops": 1, "Inner Unique": false, "Plans": [{"Node Type": "Seq Scan", "Parent Relationship": "Outer", "Relation Name": "part", "Alias": "part", "Startup Cost": 0.0, "Total Cost": 66944.0, "Plan Rows": 13538, "Plan Width": 8, "Actual Startup Time": 0.022, "Actual Total Time": 778.757, "Actual Rows": 13163, "Actual Loops": 1, "Filter": "((p_type)::text = 'SMALL PLATED COPPER'::text)", "Rows Removed by Filter": 1986837}, {"Node Type": "Bitmap Heap Scan", "Parent Relationship": "Inner", "Relation Name": "lineitem", "Alias": "lineitem", "Startup Cost": 4.21, "Total Cost": 28.25, "Plan Rows": 6, "Plan Width": 40, "Actual Startup Time": 260.658, "Actual Total Time": 1437.876, "Actual Rows": 395341, "Actual Loops": 13163, "Recheck Cond": "(l_partkey = part.p_partkey)", "Rows Removed by Index Recheck": 0, "Exact Heap Blocks": 395337, "Lossy Heap Blocks": 395337, "Plans": [{"Node Type": "Bitmap Index Scan", "Parent Relationship": "Outer", "Index Name": "idx_lineitem_part_supp", "Startup Cost": 0.0, "Total Cost": 4.21, "Plan Rows": 6, "Plan Width": 0, "Actual Startup Time": 164.454, "Actual Total Time": 164.454, "Actual Rows": 395341, "Actual Loops": 13163, "Index Cond": "(l_partkey = part.p_partkey)"}]}]}, {"Node Type": "Bitmap Heap Scan", "Parent Relationship": "Inner", "Relation Name": "orders", "Alias": "orders", "Startup Cost": 0.26, "Total Cost": 4.28, "Plan Rows": 1, "Plan Width": 24, "Actual Startup Time": 3784.351, "Actual Total Time": 3784.351, "Actual Rows": 119765, "Actual Loops": 395341, "Recheck Cond": "(o_orderkey = lineitem.l_orderkey)", "Rows Removed by Index Recheck": 0, "Filter": "((o_orderdate >= '1995-01-01 00:00:00'::timestamp(0) without time zone) AND (o_orderdate <= '1996-12-31 00:00:00'::timestamp(0) without time zone))", "Rows Removed by Filter": 275576, "Exact Heap Blocks": 395341, "Lossy Heap Blocks": 395341, "Plans": [{"Node Type": "Bitmap Index Scan", "Parent Relationship": "Outer", "Index Name": "orders_pkey", "Startup Cost": 0.0, "Total Cost": 0.26, "Plan Rows": 1, "Plan Width": 0, "Actual Startup Time": 2341.484, "Actual Total Time": 2341.484, "Actual Rows": 395341, "Actual Loops": 395341, "Index Cond": "(o_orderkey = lineitem.l_orderkey)"}]}]}, {"Node Type": "Hash", "Parent Relationship": "Inner", "Startup Cost": 3283.0, "Total Cost": 3283.0, "Plan Rows": 100000, "Plan Width": 12, "Actual Startup Time": 67.079, "Actual Total Time": 67.079, "Actual Rows": 100000, "Actual Loops": 1, "Hash Buckets": 131072, "Hash Batches": 1, "Original Hash Batches": 1, "Peak Memory Usage": 4297, "Plans": [{"Node Type": "Seq Scan", "Parent Relationship": "Outer", "Relation Name": "supplier", "Alias": "supplier", "Startup Cost": 0.0, "Total Cost": 3283.0, "Plan Rows": 100000, "Plan Width": 12, "Actual Startup Time": 0.014, "Actual Total Time": 39.79, "Actual Rows": 100000, "Actual Loops": 1}]}]}, {"Node Type": "Hash", "Parent Relationship": "Inner", "Startup Cost": 37164.85, "Total Cost": 37164.85, "Plan Rows": 300000, "Plan Width": 8, "Actual Startup Time": 776.966, "Actual Total Time": 776.966, "Actual Rows": 300270, "Actual Loops": 1, "Hash Buckets": 524288, "Hash Batches": 1, "Original Hash Batches": 1, "Peak Memory Usage": 11730, "Plans": [{"Node Type": "Nested Loop", "Parent Relationship": "Outer", "Join Type": "Inner", "Startup Cost": 1031.44, "Total Cost": 37164.85, "Plan Rows": 300000, "Plan Width": 8, "Actual Startup Time": 19.339, "Actual Total Time": 683.838, "Actual Rows": 300270, "Actual Loops": 1, "Inner Unique": false, "Plans": [{"Node Type": "Hash Join", "Parent Relationship": "Outer", "Join Type": "Inner", "Startup Cost": 1.07, "Total Cost": 2.44, "Plan Rows": 5, "Plan Width": 4, "Actual Startup Time": 0.077, "Actual Total Time": 0.132, "Actual Rows": 5, "Actual Loops": 1, "Inner Unique": true, "Hash Cond": "(n1.n_regionkey = region.r_regionkey)", "Plans": [{"Node Type": "Seq Scan", "Parent Relationship": "Outer", "Relation Name": "nation", "Alias": "n1", "Startup Cost": 0.0, "Total Cost": 1.25, "Plan Rows": 25, "Plan Width": 8, "Actual Startup Time": 0.018, "Actual Total Time": 0.035, "Actual Rows": 25, "Actual Loops": 1}, {"Node Type": "Hash", "Parent Relationship": "Inner", "Startup Cost": 1.06, "Total Cost": 1.06, "Plan Rows": 1, "Plan Width": 4, "Actual Startup Time": 0.018, "Actual Total Time": 0.018, "Actual Rows": 1, "Actual Loops": 1, "Hash Buckets": 32768, "Hash Batches": 1, "Original Hash Batches": 1, "Peak Memory Usage": 1, "Plans": [{"Node Type": "Seq Scan", "Parent Relationship": "Outer", "Relation Name": "region", "Alias": "region", "Startup Cost": 0.0, "Total Cost": 1.06, "Plan Rows": 1, "Plan Width": 4, "Actual Startup Time": 0.013, "Actual Total Time": 0.014, "Actual Rows": 1, "Actual Loops": 1, "Filter": "(r_name = 'ASIA'::bpchar)", "Rows Removed by Filter": 4}]}]}, {"Node Type": "Bitmap Heap Scan", "Parent Relationship": "Inner", "Relation Name": "customer", "Alias": "customer", "Startup Cost": 1030.37, "Total Cost": 6832.48, "Plan Rows": 60000, "Plan Width": 12, "Actual Startup Time": 104.644, "Actual Total Time": 625.466, "Actual Rows": 300270, "Actual Loops": 5, "Recheck Cond": "(c_nationkey = n1.n_nationkey)", "Rows Removed by Index Recheck": 0, "Exact Heap Blocks": 150032, "Lossy Heap Blocks": 150032, "Plans": [{"Node Type": "Bitmap Index Scan", "Parent Relationship": "Outer", "Index Name": "idx_customer_nationkey", "Startup Cost": 0.0, "Total Cost": 1015.37, "Plan Rows": 60000, "Plan Width": 0, "Actual Startup Time": 71.944, "Actual Total Time": 71.944, "Actual Rows": 300270, "Actual Loops": 5, "Index Cond": "(c_nationkey = n1.n_nationkey)"}]}]}]}]}, {"Node Type": "Materialize", "Parent Relationship": "Inner", "Startup Cost": 0.0, "Total Cost": 1.38, "Plan Rows": 25, "Plan Width": 30, "Actual Startup Time": 3.164, "Actual Total Time": 28.153, "Actual Rows": 312102, "Actual Loops": 23929, "Plans": [{"Node Type": "Seq Scan", "Parent Relationship": "Outer", "Relation Name": "nation", "Alias": "n2", "Startup Cost": 0.0, "Total Cost": 1.25, "Plan Rows": 25, "Plan Width": 30, "Actual Startup Time": 0.011, "Actual Total Time": 0.016, "Actual Rows": 25, "Actual Loops": 1}]}]}]}]}, "Triggers": [], "Planner Runtime": 3, "Total Runtime": 7747.714, "Unique SQL Id": 3681808042}}, "(1, 3)": {"explain_plan": {"Plan": {"Node Type": "Sort", "Startup Cost": 66661878.45, "Total Cost": 66661878.48, "Plan Rows": 10, "Plan Width": 50, "Sort Key": ["(date_part('year'::text, orders.o_orderdate))"], "Plans": [{"Node Type": "Aggregate", "Strategy": "Hashed", "Parent Relationship": "Outer", "Startup Cost": 66661878.14, "Total Cost": 66661878.29, "Plan Rows": 10, "Plan Width": 50, "Group By Key": ["date_part('year'::text, orders.o_orderdate)"], "Plans": [{"Node Type": "Nested Loop", "Parent Relationship": "Outer", "Join Type": "Inner", "Startup Cost": 115915.31, "Total Cost": 66661758.32, "Plan Rows": 5991, "Plan Width": 50, "Inner Unique": true, "Plans": [{"Node Type": "Nested Loop", "Parent Relationship": "Outer", "Join Type": "Inner", "Startup Cost": 115915.05, "Total Cost": 66636099.88, "Plan Rows": 5991, "Plan Width": 28, "Inner Unique": true, "Plans": [{"Node Type": "Nested Loop", "Parent Relationship": "Outer", "Join Type": "Inner", "Startup Cost": 115914.79, "Total Cost": 66562068.23, "Plan Rows": 17296, "Plan Width": 32, "Inner Unique": true, "Plans": [{"Node Type": "Nested Loop", "Parent Relationship": "Outer", "Join Type": "Inner", "Startup Cost": 115914.53, "Total Cost": 45938880.46, "Plan Rows": 4814867, "Plan Width": 40, "Inner Unique": false, "Plans": [{"Node Type": "Nested Loop", "Parent Relationship": "Outer", "Join Type": "Inner", "Startup Cost": 115914.01, "Total Cost": 43432501.27, "Plan Rows": 530296, "Plan Width": 16, "Inner Unique": true, "Plans": [{"Node Type": "Nested Loop", "Parent Relationship": "Outer", "Join Type": "Inner", "Startup Cost": 115913.43, "Total Cost": 31228406.3, "Plan Rows": 2651479, "Plan Width": 20, "Inner Unique": true, "Plans": [{"Node Type": "Nested Loop", "Parent Relationship": "Outer", "Join Type": "Inner", "Startup Cost": 115913.17, "Total Cost": 19879399.17, "Plan Rows": 2651479, "Plan Width": 20, "Inner Unique": true, "Plans": [{"Node Type": "Bitmap Heap Scan", "Parent Relationship": "Outer", "Relation Name": "orders", "Alias": "orders", "Startup Cost": 115912.91, "Total Cost": 460311.42, "Plan Rows": 4531967, "Plan Width": 24, "Recheck Cond": "((o_orderdate >= '1995-01-01 00:00:00'::timestamp(0) without time zone) AND (o_orderdate <= '1996-12-31 00:00:00'::timestamp(0) without time zone)), (LLVM Optimized)", "Plans": [{"Node Type": "Bitmap Index Scan", "Parent Relationship": "Outer", "Index Name": "idx_orders_orderdate", "Startup Cost": 0.0, "Total Cost": 114779.92, "Plan Rows": 4531967, "Plan Width": 0, "Index Cond": "((o_orderdate >= '1995-01-01 00:00:00'::timestamp(0) without time zone) AND (o_orderdate <= '1996-12-31 00:00:00'::timestamp(0) without time zone))"}]}, {"Node Type": "Bitmap Heap Scan", "Parent Relationship": "Inner", "Relation Name": "customer", "Alias": "customer", "Startup Cost": 0.26, "Total Cost": 4.27, "Plan Rows": 1, "Plan Width": 12, "Recheck Cond": "(c_custkey = orders.o_custkey)", "Plans": [{"Node Type": "Bitmap Index Scan", "Parent Relationship": "Outer", "Index Name": "customer_pkey", "Startup Cost": 0.0, "Total Cost": 0.26, "Plan Rows": 1, "Plan Width": 0, "Index Cond": "(c_custkey = orders.o_custkey)"}]}]}, {"Node Type": "Bitmap Heap Scan", "Parent Relationship": "Inner", "Relation Name": "nation", "Alias": "n1", "Startup Cost": 0.26, "Total Cost": 4.27, "Plan Rows": 1, "Plan Width": 8, "Recheck Cond": "(n_nationkey = customer.c_nationkey)", "Plans": [{"Node Type": "Bitmap Index Scan", "Parent Relationship": "Outer", "Index Name": "nation_pkey", "Startup Cost": 0.0, "Total Cost": 0.26, "Plan Rows": 1, "Plan Width": 0, "Index Cond": "(n_nationkey = customer.c_nationkey)"}]}]}, {"Node Type": "Bitmap Heap Scan", "Parent Relationship": "Inner", "Relation Name": "region", "Alias": "region", "Startup Cost": 0.58, "Total Cost": 4.59, "Plan Rows": 1, "Plan Width": 4, "Recheck Cond": "(r_regionkey = n1.n_regionkey)", "Filter": "(r_name = 'ASIA'::bpchar)", "Plans": [{"Node Type": "Bitmap Index Scan", "Parent Relationship": "Outer", "Index Name": "region_pkey", "Startup Cost": 0.0, "Total Cost": 0.58, "Plan Rows": 1, "Plan Width": 0, "Index Cond": "(r_regionkey = n1.n_regionkey)"}]}]}, {"Node Type": "Bitmap Heap Scan", "Parent Relationship": "Inner", "Relation Name": "lineitem", "Alias": "lineitem", "Startup Cost": 0.52, "Total Cost": 4.64, "Plan Rows": 9, "Plan Width": 40, "Recheck Cond": "(l_orderkey = orders.o_orderkey)", "Plans": [{"Node Type": "Bitmap Index Scan", "Parent Relationship": "Outer", "Index Name": "idx_lineitem_orderkey", "Startup Cost": 0.0, "Total Cost": 0.52, "Plan Rows": 9, "Plan Width": 0, "Index Cond": "(l_orderkey = orders.o_orderkey)"}]}]}, {"Node Type": "Bitmap Heap Scan", "Parent Relationship": "Inner", "Relation Name": "part", "Alias": "part", "Startup Cost": 0.26, "Total Cost": 4.27, "Plan Rows": 1, "Plan Width": 8, "Recheck Cond": "(p_partkey = lineitem.l_partkey)", "Filter": "((p_type)::text = 'SMALL PLATED COPPER'::text)", "Plans": [{"Node Type": "Bitmap Index Scan", "Parent Relationship": "Outer", "Index Name": "part_kpey", "Startup Cost": 0.0, "Total Cost": 0.26, "Plan Rows": 1, "Plan Width": 0, "Index Cond": "(p_partkey = lineitem.l_partkey)"}]}]}, {"Node Type": "Bitmap Heap Scan", "Parent Relationship": "Inner", "Relation Name": "supplier", "Alias": "supplier", "Startup Cost": 0.26, "Total Cost": 4.27, "Plan Rows": 1, "Plan Width": 12, "Recheck Cond": "(s_suppkey = lineitem.l_suppkey)", "Plans": [{"Node Type": "Bitmap Index Scan", "Parent Relationship": "Outer", "Index Name": "supplier_pkey", "Startup Cost": 0.0, "Total Cost": 0.26, "Plan Rows": 1, "Plan Width": 0, "Index Cond": "(s_suppkey = lineitem.l_suppkey)"}]}]}, {"Node Type": "Bitmap Heap Scan", "Parent Relationship": "Inner", "Relation Name": "nation", "Alias": "n2", "Startup Cost": 0.26, "Total Cost": 4.27, "Plan Rows": 1, "Plan Width": 30, "Recheck Cond": "(n_nationkey = supplier.s_nationkey)", "Plans": [{"Node Type": "Bitmap Index Scan", "Parent Relationship": "Outer", "Index Name": "nation_pkey", "Startup Cost": 0.0, "Total Cost": 0.26, "Plan Rows": 1, "Plan Width": 0, "Index Cond": "(n_nationkey = supplier.s_nationkey)"}]}]}]}]}, "Unique SQL Id": 3681808042, "Planner Runtime": 4}, "explain_analyze_plan": null}, "(1, 4)": {"explain_plan": {"Plan": {"Node Type": "Sort", "Startup Cost": 486630.31, "Total Cost": 486630.33, "Plan Rows": 10, "Plan Width": 50, "Sort Key": ["(date_part('year'::text, orders.o_orderdate))"], "Plans": [{"Node Type": "Aggregate", "Strategy": "Hashed", "Parent Relationship": "Outer", "Startup Cost": 486629.99, "Total Cost": 486630.14, "Plan Rows": 10, "Plan Width": 50, "Group By Key": ["date_part('year'::text, orders.o_orderdate)"], "Plans": [{"Node Type": "Hash Join", "Parent Relationship": "Outer", "Join Type": "Inner", "Startup Cost": 4536.12, "Total Cost": 486510.17, "Plan Rows": 5991, "Plan Width": 50, "Inner Unique": true, "Hash Cond": "(supplier.s_nationkey = n2.n_nationkey)", "Plans": [{"Node Type": "Nested Loop", "Parent Relationship": "Outer", "Join Type": "Inner", "Startup Cost": 4534.56, "Total Cost": 486417.81, "Plan Rows": 5991, "Plan Width": 28, "Inner Unique": false, "Join Filter": "(n1.n_regionkey = region.r_regionkey)", "Plans": [{"Node Type": "Seq Scan", "Parent Relationship": "Outer", "Relation Name": "region", "Alias": "region", "Startup Cost": 0.0, "Total Cost": 1.06, "Plan Rows": 1, "Plan Width": 4, "Filter": "(r_name = 'ASIA'::bpchar)"}, {"Node Type": "Hash Join", "Parent Relationship": "Inner", "Join Type": "Inner", "Startup Cost": 4534.56, "Total Cost": 486042.32, "Plan Rows": 29954, "Plan Width": 32, "Inner Unique": true, "Hash Cond": "(customer.c_nationkey = n1.n_nationkey)", "Plans": [{"Node Type": "Nested Loop", "Parent Relationship": "Outer", "Join Type": "Inner", "Startup Cost": 4533.0, "Total Cost": 485661.65, "Plan Rows": 29954, "Plan Width": 32, "Inner Unique": true, "Plans": [{"Node Type": "Hash Join", "Parent Relationship": "Outer", "Join Type": "Inner", "Startup Cost": 4533.0, "Total Cost": 469409.78, "Plan Rows": 51198, "Plan Width": 36, "Inner Unique": true, "Hash Cond": "(lineitem.l_suppkey = supplier.s_suppkey)", "Plans": [{"Node Type": "Nested Loop", "Parent Relationship": "Outer", "Join Type": "Inner", "Startup Cost": 0.0, "Total Cost": 464497.44, "Plan Rows": 86479, "Plan Width": 40, "Inner Unique": true, "Plans": [{"Node Type": "Nested Loop", "Parent Relationship": "Outer", "Join Type": "Inner", "Startup Cost": 0.0, "Total Cost": 441564.57, "Plan Rows": 74637, "Plan Width": 32, "Inner Unique": false, "Plans": [{"Node Type": "Seq Scan", "Parent Relationship": "Outer", "Relation Name": "part", "Alias": "part", "Startup Cost": 0.0, "Total Cost": 66944.0, "Plan Rows": 13538, "Plan Width": 8, "Filter": "((p_type)::text = 'SMALL PLATED COPPER'::text)"}, {"Node Type": "Index Scan", "Parent Relationship": "Inner", "Scan Direction": "Forward", "Index Name": "idx_lineitem_part_supp", "Relation Name": "lineitem", "Alias": "lineitem", "Startup Cost": 0.0, "Total Cost": 27.61, "Plan Rows": 6, "Plan Width": 40, "Index Cond": "(l_partkey = part.p_partkey)"}]}, {"Node Type": "Index Scan", "Parent Relationship": "Inner", "Scan Direction": "Forward", "Index Name": "orders_pkey", "Relation Name": "orders", "Alias": "orders", "Startup Cost": 0.0, "Total Cost": 0.3, "Plan Rows": 1, "Plan Width": 24, "Index Cond": "(o_orderkey = lineitem.l_orderkey)", "Filter": "((o_orderdate >= '1995-01-01 00:00:00'::timestamp(0) without time zone) AND (o_orderdate <= '1996-12-31 00:00:00'::timestamp(0) without time zone))"}]}, {"Node Type": "Hash", "Parent Relationship": "Inner", "Startup Cost": 3283.0, "Total Cost": 3283.0, "Plan Rows": 100000, "Plan Width": 12, "Plans": [{"Node Type": "Seq Scan", "Parent Relationship": "Outer", "Relation Name": "supplier", "Alias": "supplier", "Startup Cost": 0.0, "Total Cost": 3283.0, "Plan Rows": 100000, "Plan Width": 12}]}]}, {"Node Type": "Index Scan", "Parent Relationship": "Inner", "Scan Direction": "Forward", "Index Name": "customer_pkey", "Relation Name": "customer", "Alias": "customer", "Startup Cost": 0.0, "Total Cost": 0.31, "Plan Rows": 1, "Plan Width": 12, "Index Cond": "(c_custkey = orders.o_custkey)"}]}, {"Node Type": "Hash", "Parent Relationship": "Inner", "Startup Cost": 1.25, "Total Cost": 1.25, "Plan Rows": 25, "Plan Width": 8, "Plans": [{"Node Type": "Seq Scan", "Parent Relationship": "Outer", "Relation Name": "nation", "Alias": "n1", "Startup Cost": 0.0, "Total Cost": 1.25, "Plan Rows": 25, "Plan Width": 8}]}]}]}, {"Node Type": "Hash", "Parent Relationship": "Inner", "Startup Cost": 1.25, "Total Cost": 1.25, "Plan Rows": 25, "Plan Width": 30, "Plans": [{"Node Type": "Seq Scan", "Parent Relationship": "Outer", "Relation Name": "nation", "Alias": "n2", "Startup Cost": 0.0, "Total Cost": 1.25, "Plan Rows": 25, "Plan Width": 30}]}]}]}]}, "Unique SQL Id": 3681808042, "Planner Runtime": 6}, "explain_analyze_plan": {"Plan": {"Node Type": "Sort", "Startup Cost": 486630.31, "Total Cost": 486630.33, "Plan Rows": 10, "Plan Width": 50, "Actual Startup Time": 6875.429, "Actual Total Time": 6875.43, "Actual Rows": 2, "Actual Loops": 1, "Sort Key": ["(date_part('year'::text, orders.o_orderdate))"], "Sort Method": "quicksort", "Sort Space Used": 25, "Sort Space Type": "Memory", "Plans": [{"Node Type": "Aggregate", "Strategy": "Hashed", "Parent Relationship": "Outer", "Startup Cost": 486629.99, "Total Cost": 486630.14, "Plan Rows": 10, "Plan Width": 50, "Actual Startup Time": 6875.411, "Actual Total Time": 6875.412, "Actual Rows": 2, "Actual Loops": 1, "Group By Key": ["date_part('year'::text, orders.o_orderdate)"], "Plans": [{"Node Type": "Hash Join", "Parent Relationship": "Outer", "Join Type": "Inner", "Startup Cost": 4536.12, "Total Cost": 486510.17, "Plan Rows": 5991, "Plan Width": 50, "Actual Startup Time": 67.839, "Actual Total Time": 6836.987, "Actual Rows": 23929, "Actual Loops": 1, "Inner Unique": true, "Hash Cond": "(supplier.s_nationkey = n2.n_nationkey)", "Plans": [{"Node Type": "Nested Loop", "Parent Relationship": "Outer", "Join Type": "Inner", "Startup Cost": 4534.56, "Total Cost": 486417.81, "Plan Rows": 5991, "Plan Width": 28, "Actual Startup Time": 67.737, "Actual Total Time": 6803.424, "Actual Rows": 23929, "Actual Loops": 1, "Inner Unique": false, "Join Filter": "(n1.n_regionkey = region.r_regionkey)", "Rows Removed by Join Filter": 95836, "Plans": [{"Node Type": "Seq Scan", "Parent Relationship": "Outer", "Relation Name": "region", "Alias": "region", "Startup Cost": 0.0, "Total Cost": 1.06, "Plan Rows": 1, "Plan Width": 4, "Actual Startup Time": 0.011, "Actual Total Time": 0.015, "Actual Rows": 1, "Actual Loops": 1, "Filter": "(r_name = 'ASIA'::bpchar)", "Rows Removed by Filter": 4}, {"Node Type": "Hash Join", "Parent Relationship": "Inner", "Join Type": "Inner", "Startup Cost": 4534.56, "Total Cost": 486042.32, "Plan Rows": 29954, "Plan Width": 32, "Actual Startup Time": 67.489, "Actual Total Time": 6770.232, "Actual Rows": 119765, "Actual Loops": 1, "Inner Unique": true, "Hash Cond": "(customer.c_nationkey = n1.n_nationkey)", "Plans": [{"Node Type": "Nested Loop", "Parent Relationship": "Outer", "Join Type": "Inner", "Startup Cost": 4533.0, "Total Cost": 485661.65, "Plan Rows": 29954, "Plan Width": 32, "Actual Startup Time": 67.423, "Actual Total Time": 6700.524, "Actual Rows": 119765, "Actual Loops": 1, "Inner Unique": true, "Plans": [{"Node Type": "Hash Join", "Parent Relationship": "Outer", "Join Type": "Inner", "Startup Cost": 4533.0, "Total Cost": 469409.78, "Plan Rows": 51198, "Plan Width": 36, "Actual Startup Time": 67.385, "Actual Total Time": 5716.914, "Actual Rows": 119765, "Actual Loops": 1, "Inner Unique": true, "Hash Cond": "(lineitem.l_suppkey = supplier.s_suppkey)", "Plans": [{"Node Type": "Nested Loop", "Parent Relationship": "Outer", "Join Type": "Inner", "Startup Cost": 0.0, "Total Cost": 464497.44, "Plan Rows": 86479, "Plan Width": 40, "Actual Startup Time": 0.197, "Actual Total Time": 5569.342, "Actual Rows": 119765, "Actual Loops": 1, "Inner Unique": true, "Plans": [{"Node Type": "Nested Loop", "Parent Relationship": "Outer", "Join Type": "Inner", "Startup Cost": 0.0, "Total Cost": 441564.57, "Plan Rows": 74637, "Plan Width": 32, "Actual Startup Time": 0.046, "Actual Total Time": 2059.105, "Actual Rows": 395341, "Actual Loops": 1, "Inner Unique": false, "Plans": [{"Node Type": "Seq Scan", "Parent Relationship": "Outer", "Relation Name": "part", "Alias": "part", "Startup Cost": 0.0, "Total Cost": 66944.0, "Plan Rows": 13538, "Plan Width": 8, "Actual Startup Time": 0.022, "Actual Total Time": 777.589, "Actual Rows": 13163, "Actual Loops": 1, "Filter": "((p_type)::text = 'SMALL PLATED COPPER'::text)", "Rows Removed by Filter": 1986837}, {"Node Type": "Index Scan", "Parent Relationship": "Inner", "Scan Direction": "Forward", "Index Name": "idx_lineitem_part_supp", "Relation Name": "lineitem", "Alias": "lineitem", "Startup Cost": 0.0, "Total Cost": 27.61, "Plan Rows": 6, "Plan Width": 40, "Actual Startup Time": 154.187, "Actual Total Time": 1177.879, "Actual Rows": 395341, "Actual Loops": 13163, "Index Cond": "(l_partkey = part.p_partkey)", "Rows Removed by Index Recheck": 0}]}, {"Node Type": "Index Scan", "Parent Relationship": "Inner", "Scan Direction": "Forward", "Index Name": "orders_pkey", "Relation Name": "orders", "Alias": "orders", "Startup Cost": 0.0, "Total Cost": 0.3, "Plan Rows": 1, "Plan Width": 24, "Actual Startup Time": 3272.72, "Actual Total Time": 3272.72, "Actual Rows": 119765, "Actual Loops": 395341, "Index Cond": "(o_orderkey = lineitem.l_orderkey)", "Rows Removed by Index Recheck": 0, "Filter": "((o_orderdate >= '1995-01-01 00:00:00'::timestamp(0) without time zone) AND (o_orderdate <= '1996-12-31 00:00:00'::timestamp(0) without time zone))", "Rows Removed by Filter": 275576}]}, {"Node Type": "Hash", "Parent Relationship": "Inner", "Startup Cost": 3283.0, "Total Cost": 3283.0, "Plan Rows": 100000, "Plan Width": 12, "Actual Startup Time": 67.072, "Actual Total Time": 67.072, "Actual Rows": 100000, "Actual Loops": 1, "Hash Buckets": 131072, "Hash Batches": 1, "Original Hash Batches": 1, "Peak Memory Usage": 4297, "Plans": [{"Node Type": "Seq Scan", "Parent Relationship": "Outer", "Relation Name": "supplier", "Alias": "supplier", "Startup Cost": 0.0, "Total Cost": 3283.0, "Plan Rows": 100000, "Plan Width": 12, "Actual Startup Time": 0.016, "Actual Total Time": 39.717, "Actual Rows": 100000, "Actual Loops": 1}]}]}, {"Node Type": "Index Scan", "Parent Relationship": "Inner", "Scan Direction": "Forward", "Index Name": "customer_pkey", "Relation Name": "customer", "Alias": "customer", "Startup Cost": 0.0, "Total Cost": 0.31, "Plan Rows": 1, "Plan Width": 12, "Actual Startup Time": 873.567, "Actual Total Time": 873.567, "Actual Rows": 119765, "Actual Loops": 119765, "Index Cond": "(c_custkey = orders.o_custkey)", "Rows Removed by Index Recheck": 0}]}, {"Node Type": "Hash", "Parent Relationship": "Inner", "Startup Cost": 1.25, "Total Cost": 1.25, "Plan Rows": 25, "Plan Width": 8, "Actual Startup Time": 0.021, "Actual Total Time": 0.021, "Actual Rows": 25, "Actual Loops": 1, "Hash Buckets": 32768, "Hash Batches": 1, "Original Hash Batches": 1, "Peak Memory Usage": 1, "Plans": [{"Node Type": "Seq Scan", "Parent Relationship": "Outer", "Relation Name": "nation", "Alias": "n1", "Startup Cost": 0.0, "Total Cost": 1.25, "Plan Rows": 25, "Plan Width": 8, "Actual Startup Time": 0.008, "Actual Total Time": 0.014, "Actual Rows": 25, "Actual Loops": 1}]}]}]}, {"Node Type": "Hash", "Parent Relationship": "Inner", "Startup Cost": 1.25, "Total Cost": 1.25, "Plan Rows": 25, "Plan Width": 30, "Actual Startup Time": 0.038, "Actual Total Time": 0.038, "Actual Rows": 25, "Actual Loops": 1, "Hash Buckets": 32768, "Hash Batches": 1, "Original Hash Batches": 1, "Peak Memory Usage": 2, "Plans": [{"Node Type": "Seq Scan", "Parent Relationship": "Outer", "Relation Name": "nation", "Alias": "n2", "Startup Cost": 0.0, "Total Cost": 1.25, "Plan Rows": 25, "Plan Width": 30, "Actual Startup Time": 0.017, "Actual Total Time": 0.023, "Actual Rows": 25, "Actual Loops": 1}]}]}]}]}, "Triggers": [], "Planner Runtime": 3, "Total Runtime": 6875.883, "Unique SQL Id": 3681808042}}, "(1, 5)": {"explain_plan": {"Plan": {"Node Type": "Sort", "Startup Cost": 527575.13, "Total Cost": 527575.15, "Plan Rows": 10, "Plan Width": 50, "Sort Key": ["(date_part('year'::text, orders.o_orderdate))"], "Plans": [{"Node Type": "Aggregate", "Strategy": "Hashed", "Parent Relationship": "Outer", "Startup Cost": 527574.81, "Total Cost": 527574.96, "Plan Rows": 10, "Plan Width": 50, "Group By Key": ["date_part('year'::text, orders.o_orderdate)"], "Plans": [{"Node Type": "Hash Join", "Parent Relationship": "Outer", "Join Type": "Inner", "Startup Cost": 6610.42, "Total Cost": 527454.99, "Plan Rows": 5991, "Plan Width": 50, "Inner Unique": true, "Hash Cond": "(supplier.s_nationkey = n2.n_nationkey)", "Plans": [{"Node Type": "Nested Loop", "Parent Relationship": "Outer", "Join Type": "Inner", "Startup Cost": 6597.48, "Total Cost": 527351.25, "Plan Rows": 5991, "Plan Width": 28, "Inner Unique": false, "Join Filter": "(n1.n_regionkey = region.r_regionkey)", "Plans": [{"Node Type": "Index Scan", "Parent Relationship": "Outer", "Scan Direction": "Forward", "Index Name": "region_pkey", "Relation Name": "region", "Alias": "region", "Startup Cost": 0.0, "Total Cost": 12.34, "Plan Rows": 1, "Plan Width": 4, "Filter": "(r_name = 'ASIA'::bpchar)"}, {"Node Type": "Hash Join", "Parent Relationship": "Inner", "Join Type": "Inner", "Startup Cost": 6597.48, "Total Cost": 526964.49, "Plan Rows": 29954, "Plan Width": 32, "Inner Unique": true, "Hash Cond": "(customer.c_nationkey = n1.n_nationkey)", "Plans": [{"Node Type": "Nested Loop", "Parent Relationship": "Outer", "Join Type": "Inner", "Startup Cost": 6584.54, "Total Cost": 526572.45, "Plan Rows": 29954, "Plan Width": 32, "Inner Unique": true, "Plans": [{"Node Type": "Hash Join", "Parent Relationship": "Outer", "Join Type": "Inner", "Startup Cost": 6584.54, "Total Cost": 510320.57, "Plan Rows": 51198, "Plan Width": 36, "Inner Unique": true, "Hash Cond": "(lineitem.l_suppkey = supplier.s_suppkey)", "Plans": [{"Node Type": "Nested Loop", "Parent Relationship": "Outer", "Join Type": "Inner", "Startup Cost": 0.0, "Total Cost": 503356.69, "Plan Rows": 86479, "Plan Width": 40, "Inner Unique": true, "Plans": [{"Node Type": "Nested Loop", "Parent Relationship": "Outer", "Join Type": "Inner", "Startup Cost": 0.0, "Total Cost": 480423.82, "Plan Rows": 74637, "Plan Width": 32, "Inner Unique": false, "Plans": [{"Node Type": "Index Scan", "Parent Relationship": "Outer", "Scan Direction": "Forward", "Index Name": "part_kpey", "Relation Name": "part", "Alias": "part", "Startup Cost": 0.0, "Total Cost": 105803.25, "Plan Rows": 13538, "Plan Width": 8, "Filter": "((p_type)::text = 'SMALL PLATED COPPER'::text)"}, {"Node Type": "Index Scan", "Parent Relationship": "Inner", "Scan Direction": "Forward", "Index Name": "idx_lineitem_part_supp", "Relation Name": "lineitem", "Alias": "lineitem", "Startup Cost": 0.0, "Total Cost": 27.61, "Plan Rows": 6, "Plan Width": 40, "Index Cond": "(l_partkey = part.p_partkey)"}]}, {"Node Type": "Index Scan", "Parent Relationship": "Inner", "Scan Direction": "Forward", "Index Name": "orders_pkey", "Relation Name": "orders", "Alias": "orders", "Startup Cost": 0.0, "Total Cost": 0.3, "Plan Rows": 1, "Plan Width": 24, "Index Cond": "(o_orderkey = lineitem.l_orderkey)", "Filter": "((o_orderdate >= '1995-01-01 00:00:00'::timestamp(0) without time zone) AND (o_orderdate <= '1996-12-31 00:00:00'::timestamp(0) without time zone))"}]}, {"Node Type": "Hash", "Parent Relationship": "Inner", "Startup Cost": 5334.54, "Total Cost": 5334.54, "Plan Rows": 100000, "Plan Width": 12, "Plans": [{"Node Type": "Index Scan", "Parent Relationship": "Outer", "Scan Direction": "Forward", "Index Name": "supplier_pkey", "Relation Name": "supplier", "Alias": "supplier", "Startup Cost": 0.0, "Total Cost": 5334.54, "Plan Rows": 100000, "Plan Width": 12}]}]}, {"Node Type": "Index Scan", "Parent Relationship": "Inner", "Scan Direction": "Forward", "Index Name": "customer_pkey", "Relation Name": "customer", "Alias": "customer", "Startup Cost": 0.0, "Total Cost": 0.31, "Plan Rows": 1, "Plan Width": 12, "Index Cond": "(c_custkey = orders.o_custkey)"}]}, {"Node Type": "Hash", "Parent Relationship": "Inner", "Startup Cost": 12.62, "Total Cost": 12.62, "Plan Rows": 25, "Plan Width": 8, "Plans": [{"Node Type": "Index Scan", "Parent Relationship": "Outer", "Scan Direction": "Forward", "Index Name": "idx_nation_regionkey", "Relation Name": "nation", "Alias": "n1", "Startup Cost": 0.0, "Total Cost": 12.62, "Plan Rows": 25, "Plan Width": 8}]}]}]}, {"Node Type": "Hash", "Parent Relationship": "Inner", "Startup Cost": 12.62, "Total Cost": 12.62, "Plan Rows": 25, "Plan Width": 30, "Plans": [{"Node Type": "Index Scan", "Parent Relationship": "Outer", "Scan Direction": "Forward", "Index Name": "nation_pkey", "Relation Name": "nation", "Alias": "n2", "Startup Cost": 0.0, "Total Cost": 12.62, "Plan Rows": 25, "Plan Width": 30}]}]}]}]}, "Unique SQL Id": 3681808042, "Planner Runtime": 5}, "explain_analyze_plan": {"Plan": {"Node Type": "Sort", "Startup Cost": 527575.13, "Total Cost": 527575.15, "Plan Rows": 10, "Plan Width": 50, "Actual Startup Time": 7727.976, "Actual Total Time": 7727.976, "Actual Rows": 2, "Actual Loops": 1, "Sort Key": ["(date_part('year'::text, orders.o_orderdate))"], "Sort Method": "quicksort", "Sort Space Used": 25, "Sort Space Type": "Memory", "Plans": [{"Node Type": "Aggregate", "Strategy": "Hashed", "Parent Relationship": "Outer", "Startup Cost": 527574.81, "Total Cost": 527574.96, "Plan Rows": 10, "Plan Width": 50, "Actual Startup Time": 7727.96, "Actual Total Time": 7727.961, "Actual Rows": 2, "Actual Loops": 1, "Group By Key": ["date_part('year'::text, orders.o_orderdate)"], "Plans": [{"Node Type": "Hash Join", "Parent Relationship": "Outer", "Join Type": "Inner", "Startup Cost": 6610.42, "Total Cost": 527454.99, "Plan Rows": 5991, "Plan Width": 50, "Actual Startup Time": 110.43, "Actual Total Time": 7691.0, "Actual Rows": 23929, "Actual Loops": 1, "Inner Unique": true, "Hash Cond": "(supplier.s_nationkey = n2.n_nationkey)", "Plans": [{"Node Type": "Nested Loop", "Parent Relationship": "Outer", "Join Type": "Inner", "Startup Cost": 6597.48, "Total Cost": 527351.25, "Plan Rows": 5991, "Plan Width": 28, "Actual Startup Time": 110.344, "Actual Total Time": 7658.106, "Actual Rows": 23929, "Actual Loops": 1, "Inner Unique": false, "Join Filter": "(n1.n_regionkey = region.r_regionkey)", "Rows Removed by Join Filter": 95836, "Plans": [{"Node Type": "Index Scan", "Parent Relationship": "Outer", "Scan Direction": "Forward", "Index Name": "region_pkey", "Relation Name": "region", "Alias": "region", "Startup Cost": 0.0, "Total Cost": 12.34, "Plan Rows": 1, "Plan Width": 4, "Actual Startup Time": 0.008, "Actual Total Time": 0.028, "Actual Rows": 1, "Actual Loops": 1, "Filter": "(r_name = 'ASIA'::bpchar)", "Rows Removed by Filter": 4}, {"Node Type": "Hash Join", "Parent Relationship": "Inner", "Join Type": "Inner", "Startup Cost": 6597.48, "Total Cost": 526964.49, "Plan Rows": 29954, "Plan Width": 32, "Actual Startup Time": 110.097, "Actual Total Time": 7624.915, "Actual Rows": 119765, "Actual Loops": 1, "Inner Unique": true, "Hash Cond": "(customer.c_nationkey = n1.n_nationkey)", "Plans": [{"Node Type": "Nested Loop", "Parent Relationship": "Outer", "Join Type": "Inner", "Startup Cost": 6584.54, "Total Cost": 526572.45, "Plan Rows": 29954, "Plan Width": 32, "Actual Startup Time": 110.034, "Actual Total Time": 7556.275, "Actual Rows": 119765, "Actual Loops": 1, "Inner Unique": true, "Plans": [{"Node Type": "Hash Join", "Parent Relationship": "Outer", "Join Type": "Inner", "Startup Cost": 6584.54, "Total Cost": 510320.57, "Plan Rows": 51198, "Plan Width": 36, "Actual Startup Time": 110.002, "Actual Total Time": 6551.852, "Actual Rows": 119765, "Actual Loops": 1, "Inner Unique": true, "Hash Cond": "(lineitem.l_suppkey = supplier.s_suppkey)", "Plans": [{"Node Type": "Nested Loop", "Parent Relationship": "Outer", "Join Type": "Inner", "Startup Cost": 0.0, "Total Cost": 503356.69, "Plan Rows": 86479, "Plan Width": 40, "Actual Startup Time": 0.168, "Actual Total Time": 6360.928, "Actual Rows": 119765, "Actual Loops": 1, "Inner Unique": true, "Plans": [{"Node Type": "Nested Loop", "Parent Relationship": "Outer", "Join Type": "Inner", "Startup Cost": 0.0, "Total Cost": 480423.82, "Plan Rows": 74637, "Plan Width": 32, "Actual Startup Time": 0.043, "Actual Total Time": 2756.88, "Actual Rows": 395341, "Actual Loops": 1, "Inner Unique": false, "Plans": [{"Node Type": "Index Scan", "Parent Relationship": "Outer", "Scan Direction": "Forward", "Index Name": "part_kpey", "Relation Name": "part", "Alias": "part", "Startup Cost": 0.0, "Total Cost": 105803.25, "Plan Rows": 13538, "Plan Width": 8, "Actual Startup Time": 0.027, "Actual Total Time": 1456.254, "Actual Rows": 13163, "Actual Loops": 1, "Filter": "((p_type)::text = 'SMALL PLATED COPPER'::text)", "Rows Removed by Filter": 1986837}, {"Node Type": "Index Scan", "Parent Relationship": "Inner", "Scan Direction": "Forward", "Index Name": "idx_lineitem_part_supp", "Relation Name": "lineitem", "Alias": "lineitem", "Startup Cost": 0.0, "Total Cost": 27.61, "Plan Rows": 6, "Plan Width": 40, "Actual Startup Time": 157.07, "Actual Total Time": 1199.429, "Actual Rows": 395341, "Actual Loops": 13163, "Index Cond": "(l_partkey = part.p_partkey)", "Rows Removed by Index Recheck": 0}]}, {"Node Type": "Index Scan", "Parent Relationship": "Inner", "Scan Direction": "Forward", "Index Name": "orders_pkey", "Relation Name": "orders", "Alias": "orders", "Startup Cost": 0.0, "Total Cost": 0.3, "Plan Rows": 1, "Plan Width": 24, "Actual Startup Time": 3362.86, "Actual Total Time": 3362.86, "Actual Rows": 119765, "Actual Loops": 395341, "Index Cond": "(o_orderkey = lineitem.l_orderkey)", "Rows Removed by Index Recheck": 0, "Filter": "((o_orderdate >= '1995-01-01 00:00:00'::timestamp(0) without time zone) AND (o_orderdate <= '1996-12-31 00:00:00'::timestamp(0) without time zone))", "Rows Removed by Filter": 275576}]}, {"Node Type": "Hash", "Parent Relationship": "Inner", "Startup Cost": 5334.54, "Total Cost": 5334.54, "Plan Rows": 100000, "Plan Width": 12, "Actual Startup Time": 109.726, "Actual Total Time": 109.726, "Actual Rows": 100000, "Actual Loops": 1, "Hash Buckets": 131072, "Hash Batches": 1, "Original Hash Batches": 1, "Peak Memory Usage": 4297, "Plans": [{"Node Type": "Index Scan", "Parent Relationship": "Outer", "Scan Direction": "Forward", "Index Name": "supplier_pkey", "Relation Name": "supplier", "Alias": "supplier", "Startup Cost": 0.0, "Total Cost": 5334.54, "Plan Rows": 100000, "Plan Width": 12, "Actual Startup Time": 0.02, "Actual Total Time": 82.233, "Actual Rows": 100000, "Actual Loops": 1}]}]}, {"Node Type": "Index Scan", "Parent Relationship": "Inner", "Scan Direction": "Forward", "Index Name": "customer_pkey", "Relation Name": "customer", "Alias": "customer", "Startup Cost": 0.0, "Total Cost": 0.31, "Plan Rows": 1, "Plan Width": 12, "Actual Startup Time": 896.276, "Actual Total Time": 896.276, "Actual Rows": 119765, "Actual Loops": 119765, "Index Cond": "(c_custkey = orders.o_custkey)", "Rows Removed by Index Recheck": 0}]}, {"Node Type": "Hash", "Parent Relationship": "Inner", "Startup Cost": 12.62, "Total Cost": 12.62, "Plan Rows": 25, "Plan Width": 8, "Actual Startup Time": 0.026, "Actual Total Time": 0.026, "Actual Rows": 25, "Actual Loops": 1, "Hash Buckets": 32768, "Hash Batches": 1, "Original Hash Batches": 1, "Peak Memory Usage": 1, "Plans": [{"Node Type": "Index Scan", "Parent Relationship": "Outer", "Scan Direction": "Forward", "Index Name": "idx_nation_regionkey", "Relation Name": "nation", "Alias": "n1", "Startup Cost": 0.0, "Total Cost": 12.62, "Plan Rows": 25, "Plan Width": 8, "Actual Startup Time": 0.006, "Actual Total Time": 0.016, "Actual Rows": 25, "Actual Loops": 1}]}]}]}, {"Node Type": "Hash", "Parent Relationship": "Inner", "Startup Cost": 12.62, "Total Cost": 12.62, "Plan Rows": 25, "Plan Width": 30, "Actual Startup Time": 0.035, "Actual Total Time": 0.035, "Actual Rows": 25, "Actual Loops": 1, "Hash Buckets": 32768, "Hash Batches": 1, "Original Hash Batches": 1, "Peak Memory Usage": 2, "Plans": [{"Node Type": "Index Scan", "Parent Relationship": "Outer", "Scan Direction": "Forward", "Index Name": "nation_pkey", "Relation Name": "nation", "Alias": "n2", "Startup Cost": 0.0, "Total Cost": 12.62, "Plan Rows": 25, "Plan Width": 30, "Actual Startup Time": 0.009, "Actual Total Time": 0.02, "Actual Rows": 25, "Actual Loops": 1}]}]}]}]}, "Triggers": [], "Planner Runtime": 3, "Total Runtime": 7728.406, "Unique SQL Id": 3681808042}}, "(1, 6)": {"explain_plan": {"Plan": {"Node Type": "Sort", "Startup Cost": 818733.87, "Total Cost": 818733.89, "Plan Rows": 10, "Plan Width": 50, "Sort Key": ["(date_part('year'::text, orders.o_orderdate))"], "Plans": [{"Node Type": "Aggregate", "Strategy": "Hashed", "Parent Relationship": "Outer", "Startup Cost": 818733.55, "Total Cost": 818733.7, "Plan Rows": 10, "Plan Width": 50, "Group By Key": ["date_part('year'::text, orders.o_orderdate)"], "Plans": [{"Node Type": "Nested Loop", "Parent Relationship": "Outer", "Join Type": "Inner", "Startup Cost": 45452.32, "Total Cost": 818613.73, "Plan Rows": 5991, "Plan Width": 50, "Inner Unique": true, "Join Filter": "(supplier.s_nationkey = n2.n_nationkey)", "Plans": [{"Node Type": "Hash Join", "Parent Relationship": "Outer", "Join Type": "Inner", "Startup Cost": 45452.32, "Total Cost": 816350.82, "Plan Rows": 5991, "Plan Width": 28, "Inner Unique": false, "Hash Cond": "(orders.o_custkey = customer.c_custkey)", "Plans": [{"Node Type": "Hash Join", "Parent Relationship": "Outer", "Join Type": "Inner", "Startup Cost": 4537.47, "Total Cost": 775184.07, "Plan Rows": 51198, "Plan Width": 36, "Inner Unique": true, "Hash Cond": "(lineitem.l_suppkey = supplier.s_suppkey)", "Plans": [{"Node Type": "Nested Loop", "Parent Relationship": "Outer", "Join Type": "Inner", "Startup Cost": 4.47, "Total Cost": 770271.73, "Plan Rows": 86479, "Plan Width": 40, "Inner Unique": true, "Plans": [{"Node Type": "Nested Loop", "Parent Relationship": "Outer", "Join Type": "Inner", "Startup Cost": 4.21, "Total Cost": 450147.9, "Plan Rows": 74637, "Plan Width": 32, "Inner Unique": false, "Plans": [{"Node Type": "Seq Scan", "Parent Relationship": "Outer", "Relation Name": "part", "Alias": "part", "Startup Cost": 0.0, "Total Cost": 66944.0, "Plan Rows": 13538, "Plan Width": 8, "Filter": "((p_type)::text = 'SMALL PLATED COPPER'::text)"}, {"Node Type": "Bitmap Heap Scan", "Parent Relationship": "Inner", "Relation Name": "lineitem", "Alias": "lineitem", "Startup Cost": 4.21, "Total Cost": 28.25, "Plan Rows": 6, "Plan Width": 40, "Recheck Cond": "(l_partkey = part.p_partkey)", "Plans": [{"Node Type": "Bitmap Index Scan", "Parent Relationship": "Outer", "Index Name": "idx_lineitem_part_supp", "Startup Cost": 0.0, "Total Cost": 4.21, "Plan Rows": 6, "Plan Width": 0, "Index Cond": "(l_partkey = part.p_partkey)"}]}]}, {"Node Type": "Bitmap Heap Scan", "Parent Relationship": "Inner", "Relation Name": "orders", "Alias": "orders", "Startup Cost": 0.26, "Total Cost": 4.28, "Plan Rows": 1, "Plan Width": 24, "Recheck Cond": "(o_orderkey = lineitem.l_orderkey)", "Filter": "((o_orderdate >= '1995-01-01 00:00:00'::timestamp(0) without time zone) AND (o_orderdate <= '1996-12-31 00:00:00'::timestamp(0) without time zone))", "Plans": [{"Node Type": "Bitmap Index Scan", "Parent Relationship": "Outer", "Index Name": "orders_pkey", "Startup Cost": 0.0, "Total Cost": 0.26, "Plan Rows": 1, "Plan Width": 0, "Index Cond": "(o_orderkey = lineitem.l_orderkey)"}]}]}, {"Node Type": "Hash", "Parent Relationship": "Inner", "Startup Cost": 3283.0, "Total Cost": 3283.0, "Plan Rows": 100000, "Plan Width": 12, "Plans": [{"Node Type": "Seq Scan", "Parent Relationship": "Outer", "Relation Name": "supplier", "Alias": "supplier", "Startup Cost": 0.0, "Total Cost": 3283.0, "Plan Rows": 100000, "Plan Width": 12}]}]}, {"Node Type": "Hash", "Parent Relationship": "Inner", "Startup Cost": 37164.85, "Total Cost": 37164.85, "Plan Rows": 300000, "Plan Width": 8, "Plans": [{"Node Type": "Nested Loop", "Parent Relationship": "Outer", "Join Type": "Inner", "Startup Cost": 1031.44, "Total Cost": 37164.85, "Plan Rows": 300000, "Plan Width": 8, "Inner Unique": false, "Plans": [{"Node Type": "Hash Join", "Parent Relationship": "Outer", "Join Type": "Inner", "Startup Cost": 1.07, "Total Cost": 2.44, "Plan Rows": 5, "Plan Width": 4, "Inner Unique": true, "Hash Cond": "(n1.n_regionkey = region.r_regionkey)", "Plans": [{"Node Type": "Seq Scan", "Parent Relationship": "Outer", "Relation Name": "nation", "Alias": "n1", "Startup Cost": 0.0, "Total Cost": 1.25, "Plan Rows": 25, "Plan Width": 8}, {"Node Type": "Hash", "Parent Relationship": "Inner", "Startup Cost": 1.06, "Total Cost": 1.06, "Plan Rows": 1, "Plan Width": 4, "Plans": [{"Node Type": "Seq Scan", "Parent Relationship": "Outer", "Relation Name": "region", "Alias": "region", "Startup Cost": 0.0, "Total Cost": 1.06, "Plan Rows": 1, "Plan Width": 4, "Filter": "(r_name = 'ASIA'::bpchar)"}]}]}, {"Node Type": "Bitmap Heap Scan", "Parent Relationship": "Inner", "Relation Name": "customer", "Alias": "customer", "Startup Cost": 1030.37, "Total Cost": 6832.48, "Plan Rows": 60000, "Plan Width": 12, "Recheck Cond": "(c_nationkey = n1.n_nationkey)", "Plans": [{"Node Type": "Bitmap Index Scan", "Parent Relationship": "Outer", "Index Name": "idx_customer_nationkey", "Startup Cost": 0.0, "Total Cost": 1015.37, "Plan Rows": 60000, "Plan Width": 0, "Index Cond": "(c_nationkey = n1.n_nationkey)"}]}]}]}]}, {"Node Type": "Materialize", "Parent Relationship": "Inner", "Startup Cost": 0.0, "Total Cost": 1.38, "Plan Rows": 25, "Plan Width": 30, "Plans": [{"Node Type": "Seq Scan", "Parent Relationship": "Outer", "Relation Name": "nation", "Alias": "n2", "Startup Cost": 0.0, "Total Cost": 1.25, "Plan Rows": 25, "Plan Width": 30}]}]}]}]}, "Unique SQL Id": 3681808042, "Planner Runtime": 5}, "explain_analyze_plan": {"Plan": {"Node Type": "Sort", "Startup Cost": 818733.87, "Total Cost": 818733.89, "Plan Rows": 10, "Plan Width": 50, "Actual Startup Time": 7747.251, "Actual Total Time": 7747.251, "Actual Rows": 2, "Actual Loops": 1, "Sort Key": ["(date_part('year'::text, orders.o_orderdate))"], "Sort Method": "quicksort", "Sort Space Used": 25, "Sort Space Type": "Memory", "Plans": [{"Node Type": "Aggregate", "Strategy": "Hashed", "Parent Relationship": "Outer", "Startup Cost": 818733.55, "Total Cost": 818733.7, "Plan Rows": 10, "Plan Width": 50, "Actual Startup Time": 7747.232, "Actual Total Time": 7747.233, "Actual Rows": 2, "Actual Loops": 1, "Group By Key": ["date_part('year'::text, orders.o_orderdate)"], "Plans": [{"Node Type": "Nested Loop", "Parent Relationship": "Outer", "Join Type": "Inner", "Startup Cost": 45452.32, "Total Cost": 818613.73, "Plan Rows": 5991, "Plan Width": 50, "Actual Startup Time": 844.797, "Actual Total Time": 7710.505, "Actual Rows": 23929, "Actual Loops": 1, "Inner Unique": true, "Join Filter": "(supplier.s_nationkey = n2.n_nationkey)", "Rows Removed by Join Filter": 288173, "Plans": [{"Node Type": "Hash Join", "Parent Relationship": "Outer", "Join Type": "Inner", "Startup Cost": 45452.32, "Total Cost": 816350.82, "Plan Rows": 5991, "Plan Width": 28, "Actual Startup Time": 844.75, "Actual Total Time": 7591.247, "Actual Rows": 23929, "Actual Loops": 1, "Inner Unique": false, "Hash Cond": "(orders.o_custkey = customer.c_custkey)", "Plans": [{"Node Type": "Hash Join", "Parent Relationship": "Outer", "Join Type": "Inner", "Startup Cost": 4537.47, "Total Cost": 775184.07, "Plan Rows": 51198, "Plan Width": 36, "Actual Startup Time": 67.354, "Actual Total Time": 6747.705, "Actual Rows": 119765, "Actual Loops": 1, "Inner Unique": true, "Hash Cond": "(lineitem.l_suppkey = supplier.s_suppkey)", "Plans": [{"Node Type": "Nested Loop", "Parent Relationship": "Outer", "Join Type": "Inner", "Startup Cost": 4.47, "Total Cost": 770271.73, "Plan Rows": 86479, "Plan Width": 40, "Actual Startup Time": 0.162, "Actual Total Time": 6596.794, "Actual Rows": 119765, "Actual Loops": 1, "Inner Unique": true, "Plans": [{"Node Type": "Nested Loop", "Parent Relationship": "Outer", "Join Type": "Inner", "Startup Cost": 4.21, "Total Cost": 450147.9, "Plan Rows": 74637, "Plan Width": 32, "Actual Startup Time": 0.097, "Actual Total Time": 2335.136, "Actual Rows": 395341, "Actual Loops": 1, "Inner Unique": false, "Plans": [{"Node Type": "Seq Scan", "Parent Relationship": "Outer", "Relation Name": "part", "Alias": "part", "Startup Cost": 0.0, "Total Cost": 66944.0, "Plan Rows": 13538, "Plan Width": 8, "Actual Startup Time": 0.022, "Actual Total Time": 778.757, "Actual Rows": 13163, "Actual Loops": 1, "Filter": "((p_type)::text = 'SMALL PLATED COPPER'::text)", "Rows Removed by Filter": 1986837}, {"Node Type": "Bitmap Heap Scan", "Parent Relationship": "Inner", "Relation Name": "lineitem", "Alias": "lineitem", "Startup Cost": 4.21, "Total Cost": 28.25, "Plan Rows": 6, "Plan Width": 40, "Actual Startup Time": 260.658, "Actual Total Time": 1437.876, "Actual Rows": 395341, "Actual Loops": 13163, "Recheck Cond": "(l_partkey = part.p_partkey)", "Rows Removed by Index Recheck": 0, "Exact Heap Blocks": 395337, "Lossy Heap Blocks": 395337, "Plans": [{"Node Type": "Bitmap Index Scan", "Parent Relationship": "Outer", "Index Name": "idx_lineitem_part_supp", "Startup Cost": 0.0, "Total Cost": 4.21, "Plan Rows": 6, "Plan Width": 0, "Actual Startup Time": 164.454, "Actual Total Time": 164.454, "Actual Rows": 395341, "Actual Loops": 13163, "Index Cond": "(l_partkey = part.p_partkey)"}]}]}, {"Node Type": "Bitmap Heap Scan", "Parent Relationship": "Inner", "Relation Name": "orders", "Alias": "orders", "Startup Cost": 0.26, "Total Cost": 4.28, "Plan Rows": 1, "Plan Width": 24, "Actual Startup Time": 3784.351, "Actual Total Time": 3784.351, "Actual Rows": 119765, "Actual Loops": 395341, "Recheck Cond": "(o_orderkey = lineitem.l_orderkey)", "Rows Removed by Index Recheck": 0, "Filter": "((o_orderdate >= '1995-01-01 00:00:00'::timestamp(0) without time zone) AND (o_orderdate <= '1996-12-31 00:00:00'::timestamp(0) without time zone))", "Rows Removed by Filter": 275576, "Exact Heap Blocks": 395341, "Lossy Heap Blocks": 395341, "Plans": [{"Node Type": "Bitmap Index Scan", "Parent Relationship": "Outer", "Index Name": "orders_pkey", "Startup Cost": 0.0, "Total Cost": 0.26, "Plan Rows": 1, "Plan Width": 0, "Actual Startup Time": 2341.484, "Actual Total Time": 2341.484, "Actual Rows": 395341, "Actual Loops": 395341, "Index Cond": "(o_orderkey = lineitem.l_orderkey)"}]}]}, {"Node Type": "Hash", "Parent Relationship": "Inner", "Startup Cost": 3283.0, "Total Cost": 3283.0, "Plan Rows": 100000, "Plan Width": 12, "Actual Startup Time": 67.079, "Actual Total Time": 67.079, "Actual Rows": 100000, "Actual Loops": 1, "Hash Buckets": 131072, "Hash Batches": 1, "Original Hash Batches": 1, "Peak Memory Usage": 4297, "Plans": [{"Node Type": "Seq Scan", "Parent Relationship": "Outer", "Relation Name": "supplier", "Alias": "supplier", "Startup Cost": 0.0, "Total Cost": 3283.0, "Plan Rows": 100000, "Plan Width": 12, "Actual Startup Time": 0.014, "Actual Total Time": 39.79, "Actual Rows": 100000, "Actual Loops": 1}]}]}, {"Node Type": "Hash", "Parent Relationship": "Inner", "Startup Cost": 37164.85, "Total Cost": 37164.85, "Plan Rows": 300000, "Plan Width": 8, "Actual Startup Time": 776.966, "Actual Total Time": 776.966, "Actual Rows": 300270, "Actual Loops": 1, "Hash Buckets": 524288, "Hash Batches": 1, "Original Hash Batches": 1, "Peak Memory Usage": 11730, "Plans": [{"Node Type": "Nested Loop", "Parent Relationship": "Outer", "Join Type": "Inner", "Startup Cost": 1031.44, "Total Cost": 37164.85, "Plan Rows": 300000, "Plan Width": 8, "Actual Startup Time": 19.339, "Actual Total Time": 683.838, "Actual Rows": 300270, "Actual Loops": 1, "Inner Unique": false, "Plans": [{"Node Type": "Hash Join", "Parent Relationship": "Outer", "Join Type": "Inner", "Startup Cost": 1.07, "Total Cost": 2.44, "Plan Rows": 5, "Plan Width": 4, "Actual Startup Time": 0.077, "Actual Total Time": 0.132, "Actual Rows": 5, "Actual Loops": 1, "Inner Unique": true, "Hash Cond": "(n1.n_regionkey = region.r_regionkey)", "Plans": [{"Node Type": "Seq Scan", "Parent Relationship": "Outer", "Relation Name": "nation", "Alias": "n1", "Startup Cost": 0.0, "Total Cost": 1.25, "Plan Rows": 25, "Plan Width": 8, "Actual Startup Time": 0.018, "Actual Total Time": 0.035, "Actual Rows": 25, "Actual Loops": 1}, {"Node Type": "Hash", "Parent Relationship": "Inner", "Startup Cost": 1.06, "Total Cost": 1.06, "Plan Rows": 1, "Plan Width": 4, "Actual Startup Time": 0.018, "Actual Total Time": 0.018, "Actual Rows": 1, "Actual Loops": 1, "Hash Buckets": 32768, "Hash Batches": 1, "Original Hash Batches": 1, "Peak Memory Usage": 1, "Plans": [{"Node Type": "Seq Scan", "Parent Relationship": "Outer", "Relation Name": "region", "Alias": "region", "Startup Cost": 0.0, "Total Cost": 1.06, "Plan Rows": 1, "Plan Width": 4, "Actual Startup Time": 0.013, "Actual Total Time": 0.014, "Actual Rows": 1, "Actual Loops": 1, "Filter": "(r_name = 'ASIA'::bpchar)", "Rows Removed by Filter": 4}]}]}, {"Node Type": "Bitmap Heap Scan", "Parent Relationship": "Inner", "Relation Name": "customer", "Alias": "customer", "Startup Cost": 1030.37, "Total Cost": 6832.48, "Plan Rows": 60000, "Plan Width": 12, "Actual Startup Time": 104.644, "Actual Total Time": 625.466, "Actual Rows": 300270, "Actual Loops": 5, "Recheck Cond": "(c_nationkey = n1.n_nationkey)", "Rows Removed by Index Recheck": 0, "Exact Heap Blocks": 150032, "Lossy Heap Blocks": 150032, "Plans": [{"Node Type": "Bitmap Index Scan", "Parent Relationship": "Outer", "Index Name": "idx_customer_nationkey", "Startup Cost": 0.0, "Total Cost": 1015.37, "Plan Rows": 60000, "Plan Width": 0, "Actual Startup Time": 71.944, "Actual Total Time": 71.944, "Actual Rows": 300270, "Actual Loops": 5, "Index Cond": "(c_nationkey = n1.n_nationkey)"}]}]}]}]}, {"Node Type": "Materialize", "Parent Relationship": "Inner", "Startup Cost": 0.0, "Total Cost": 1.38, "Plan Rows": 25, "Plan Width": 30, "Actual Startup Time": 3.164, "Actual Total Time": 28.153, "Actual Rows": 312102, "Actual Loops": 23929, "Plans": [{"Node Type": "Seq Scan", "Parent Relationship": "Outer", "Relation Name": "nation", "Alias": "n2", "Startup Cost": 0.0, "Total Cost": 1.25, "Plan Rows": 25, "Plan Width": 30, "Actual Startup Time": 0.011, "Actual Total Time": 0.016, "Actual Rows": 25, "Actual Loops": 1}]}]}]}]}, "Triggers": [], "Planner Runtime": 3, "Total Runtime": 7747.714, "Unique SQL Id": 3681808042}}, "(1, 7)": {"explain_plan": {"Plan": {"Node Type": "Sort", "Startup Cost": 66661878.45, "Total Cost": 66661878.48, "Plan Rows": 10, "Plan Width": 50, "Sort Key": ["(date_part('year'::text, orders.o_orderdate))"], "Plans": [{"Node Type": "Aggregate", "Strategy": "Hashed", "Parent Relationship": "Outer", "Startup Cost": 66661878.14, "Total Cost": 66661878.29, "Plan Rows": 10, "Plan Width": 50, "Group By Key": ["date_part('year'::text, orders.o_orderdate)"], "Plans": [{"Node Type": "Nested Loop", "Parent Relationship": "Outer", "Join Type": "Inner", "Startup Cost": 115915.31, "Total Cost": 66661758.32, "Plan Rows": 5991, "Plan Width": 50, "Inner Unique": true, "Plans": [{"Node Type": "Nested Loop", "Parent Relationship": "Outer", "Join Type": "Inner", "Startup Cost": 115915.05, "Total Cost": 66636099.88, "Plan Rows": 5991, "Plan Width": 28, "Inner Unique": true, "Plans": [{"Node Type": "Nested Loop", "Parent Relationship": "Outer", "Join Type": "Inner", "Startup Cost": 115914.79, "Total Cost": 66562068.23, "Plan Rows": 17296, "Plan Width": 32, "Inner Unique": true, "Plans": [{"Node Type": "Nested Loop", "Parent Relationship": "Outer", "Join Type": "Inner", "Startup Cost": 115914.53, "Total Cost": 45938880.46, "Plan Rows": 4814867, "Plan Width": 40, "Inner Unique": false, "Plans": [{"Node Type": "Nested Loop", "Parent Relationship": "Outer", "Join Type": "Inner", "Startup Cost": 115914.01, "Total Cost": 43432501.27, "Plan Rows": 530296, "Plan Width": 16, "Inner Unique": true, "Plans": [{"Node Type": "Nested Loop", "Parent Relationship": "Outer", "Join Type": "Inner", "Startup Cost": 115913.43, "Total Cost": 31228406.3, "Plan Rows": 2651479, "Plan Width": 20, "Inner Unique": true, "Plans": [{"Node Type": "Nested Loop", "Parent Relationship": "Outer", "Join Type": "Inner", "Startup Cost": 115913.17, "Total Cost": 19879399.17, "Plan Rows": 2651479, "Plan Width": 20, "Inner Unique": true, "Plans": [{"Node Type": "Bitmap Heap Scan", "Parent Relationship": "Outer", "Relation Name": "orders", "Alias": "orders", "Startup Cost": 115912.91, "Total Cost": 460311.42, "Plan Rows": 4531967, "Plan Width": 24, "Recheck Cond": "((o_orderdate >= '1995-01-01 00:00:00'::timestamp(0) without time zone) AND (o_orderdate <= '1996-12-31 00:00:00'::timestamp(0) without time zone)), (LLVM Optimized)", "Plans": [{"Node Type": "Bitmap Index Scan", "Parent Relationship": "Outer", "Index Name": "idx_orders_orderdate", "Startup Cost": 0.0, "Total Cost": 114779.92, "Plan Rows": 4531967, "Plan Width": 0, "Index Cond": "((o_orderdate >= '1995-01-01 00:00:00'::timestamp(0) without time zone) AND (o_orderdate <= '1996-12-31 00:00:00'::timestamp(0) without time zone))"}]}, {"Node Type": "Bitmap Heap Scan", "Parent Relationship": "Inner", "Relation Name": "customer", "Alias": "customer", "Startup Cost": 0.26, "Total Cost": 4.27, "Plan Rows": 1, "Plan Width": 12, "Recheck Cond": "(c_custkey = orders.o_custkey)", "Plans": [{"Node Type": "Bitmap Index Scan", "Parent Relationship": "Outer", "Index Name": "customer_pkey", "Startup Cost": 0.0, "Total Cost": 0.26, "Plan Rows": 1, "Plan Width": 0, "Index Cond": "(c_custkey = orders.o_custkey)"}]}]}, {"Node Type": "Bitmap Heap Scan", "Parent Relationship": "Inner", "Relation Name": "nation", "Alias": "n1", "Startup Cost": 0.26, "Total Cost": 4.27, "Plan Rows": 1, "Plan Width": 8, "Recheck Cond": "(n_nationkey = customer.c_nationkey)", "Plans": [{"Node Type": "Bitmap Index Scan", "Parent Relationship": "Outer", "Index Name": "nation_pkey", "Startup Cost": 0.0, "Total Cost": 0.26, "Plan Rows": 1, "Plan Width": 0, "Index Cond": "(n_nationkey = customer.c_nationkey)"}]}]}, {"Node Type": "Bitmap Heap Scan", "Parent Relationship": "Inner", "Relation Name": "region", "Alias": "region", "Startup Cost": 0.58, "Total Cost": 4.59, "Plan Rows": 1, "Plan Width": 4, "Recheck Cond": "(r_regionkey = n1.n_regionkey)", "Filter": "(r_name = 'ASIA'::bpchar)", "Plans": [{"Node Type": "Bitmap Index Scan", "Parent Relationship": "Outer", "Index Name": "region_pkey", "Startup Cost": 0.0, "Total Cost": 0.58, "Plan Rows": 1, "Plan Width": 0, "Index Cond": "(r_regionkey = n1.n_regionkey)"}]}]}, {"Node Type": "Bitmap Heap Scan", "Parent Relationship": "Inner", "Relation Name": "lineitem", "Alias": "lineitem", "Startup Cost": 0.52, "Total Cost": 4.64, "Plan Rows": 9, "Plan Width": 40, "Recheck Cond": "(l_orderkey = orders.o_orderkey)", "Plans": [{"Node Type": "Bitmap Index Scan", "Parent Relationship": "Outer", "Index Name": "idx_lineitem_orderkey", "Startup Cost": 0.0, "Total Cost": 0.52, "Plan Rows": 9, "Plan Width": 0, "Index Cond": "(l_orderkey = orders.o_orderkey)"}]}]}, {"Node Type": "Bitmap Heap Scan", "Parent Relationship": "Inner", "Relation Name": "part", "Alias": "part", "Startup Cost": 0.26, "Total Cost": 4.27, "Plan Rows": 1, "Plan Width": 8, "Recheck Cond": "(p_partkey = lineitem.l_partkey)", "Filter": "((p_type)::text = 'SMALL PLATED COPPER'::text)", "Plans": [{"Node Type": "Bitmap Index Scan", "Parent Relationship": "Outer", "Index Name": "part_kpey", "Startup Cost": 0.0, "Total Cost": 0.26, "Plan Rows": 1, "Plan Width": 0, "Index Cond": "(p_partkey = lineitem.l_partkey)"}]}]}, {"Node Type": "Bitmap Heap Scan", "Parent Relationship": "Inner", "Relation Name": "supplier", "Alias": "supplier", "Startup Cost": 0.26, "Total Cost": 4.27, "Plan Rows": 1, "Plan Width": 12, "Recheck Cond": "(s_suppkey = lineitem.l_suppkey)", "Plans": [{"Node Type": "Bitmap Index Scan", "Parent Relationship": "Outer", "Index Name": "supplier_pkey", "Startup Cost": 0.0, "Total Cost": 0.26, "Plan Rows": 1, "Plan Width": 0, "Index Cond": "(s_suppkey = lineitem.l_suppkey)"}]}]}, {"Node Type": "Bitmap Heap Scan", "Parent Relationship": "Inner", "Relation Name": "nation", "Alias": "n2", "Startup Cost": 0.26, "Total Cost": 4.27, "Plan Rows": 1, "Plan Width": 30, "Recheck Cond": "(n_nationkey = supplier.s_nationkey)", "Plans": [{"Node Type": "Bitmap Index Scan", "Parent Relationship": "Outer", "Index Name": "nation_pkey", "Startup Cost": 0.0, "Total Cost": 0.26, "Plan Rows": 1, "Plan Width": 0, "Index Cond": "(n_nationkey = supplier.s_nationkey)"}]}]}]}]}, "Unique SQL Id": 3681808042, "Planner Runtime": 4}, "explain_analyze_plan": null}, "(1, 8)": {"explain_plan": {"Plan": {"Node Type": "Sort", "Startup Cost": 486630.31, "Total Cost": 486630.33, "Plan Rows": 10, "Plan Width": 50, "Sort Key": ["(date_part('year'::text, orders.o_orderdate))"], "Plans": [{"Node Type": "Aggregate", "Strategy": "Hashed", "Parent Relationship": "Outer", "Startup Cost": 486629.99, "Total Cost": 486630.14, "Plan Rows": 10, "Plan Width": 50, "Group By Key": ["date_part('year'::text, orders.o_orderdate)"], "Plans": [{"Node Type": "Hash Join", "Parent Relationship": "Outer", "Join Type": "Inner", "Startup Cost": 4536.12, "Total Cost": 486510.17, "Plan Rows": 5991, "Plan Width": 50, "Inner Unique": true, "Hash Cond": "(supplier.s_nationkey = n2.n_nationkey)", "Plans": [{"Node Type": "Nested Loop", "Parent Relationship": "Outer", "Join Type": "Inner", "Startup Cost": 4534.56, "Total Cost": 486417.81, "Plan Rows": 5991, "Plan Width": 28, "Inner Unique": false, "Join Filter": "(n1.n_regionkey = region.r_regionkey)", "Plans": [{"Node Type": "Seq Scan", "Parent Relationship": "Outer", "Relation Name": "region", "Alias": "region", "Startup Cost": 0.0, "Total Cost": 1.06, "Plan Rows": 1, "Plan Width": 4, "Filter": "(r_name = 'ASIA'::bpchar)"}, {"Node Type": "Hash Join", "Parent Relationship": "Inner", "Join Type": "Inner", "Startup Cost": 4534.56, "Total Cost": 486042.32, "Plan Rows": 29954, "Plan Width": 32, "Inner Unique": true, "Hash Cond": "(customer.c_nationkey = n1.n_nationkey)", "Plans": [{"Node Type": "Nested Loop", "Parent Relationship": "Outer", "Join Type": "Inner", "Startup Cost": 4533.0, "Total Cost": 485661.65, "Plan Rows": 29954, "Plan Width": 32, "Inner Unique": true, "Plans": [{"Node Type": "Hash Join", "Parent Relationship": "Outer", "Join Type": "Inner", "Startup Cost": 4533.0, "Total Cost": 469409.78, "Plan Rows": 51198, "Plan Width": 36, "Inner Unique": true, "Hash Cond": "(lineitem.l_suppkey = supplier.s_suppkey)", "Plans": [{"Node Type": "Nested Loop", "Parent Relationship": "Outer", "Join Type": "Inner", "Startup Cost": 0.0, "Total Cost": 464497.44, "Plan Rows": 86479, "Plan Width": 40, "Inner Unique": true, "Plans": [{"Node Type": "Nested Loop", "Parent Relationship": "Outer", "Join Type": "Inner", "Startup Cost": 0.0, "Total Cost": 441564.57, "Plan Rows": 74637, "Plan Width": 32, "Inner Unique": false, "Plans": [{"Node Type": "Seq Scan", "Parent Relationship": "Outer", "Relation Name": "part", "Alias": "part", "Startup Cost": 0.0, "Total Cost": 66944.0, "Plan Rows": 13538, "Plan Width": 8, "Filter": "((p_type)::text = 'SMALL PLATED COPPER'::text)"}, {"Node Type": "Index Scan", "Parent Relationship": "Inner", "Scan Direction": "Forward", "Index Name": "idx_lineitem_part_supp", "Relation Name": "lineitem", "Alias": "lineitem", "Startup Cost": 0.0, "Total Cost": 27.61, "Plan Rows": 6, "Plan Width": 40, "Index Cond": "(l_partkey = part.p_partkey)"}]}, {"Node Type": "Index Scan", "Parent Relationship": "Inner", "Scan Direction": "Forward", "Index Name": "orders_pkey", "Relation Name": "orders", "Alias": "orders", "Startup Cost": 0.0, "Total Cost": 0.3, "Plan Rows": 1, "Plan Width": 24, "Index Cond": "(o_orderkey = lineitem.l_orderkey)", "Filter": "((o_orderdate >= '1995-01-01 00:00:00'::timestamp(0) without time zone) AND (o_orderdate <= '1996-12-31 00:00:00'::timestamp(0) without time zone))"}]}, {"Node Type": "Hash", "Parent Relationship": "Inner", "Startup Cost": 3283.0, "Total Cost": 3283.0, "Plan Rows": 100000, "Plan Width": 12, "Plans": [{"Node Type": "Seq Scan", "Parent Relationship": "Outer", "Relation Name": "supplier", "Alias": "supplier", "Startup Cost": 0.0, "Total Cost": 3283.0, "Plan Rows": 100000, "Plan Width": 12}]}]}, {"Node Type": "Index Scan", "Parent Relationship": "Inner", "Scan Direction": "Forward", "Index Name": "customer_pkey", "Relation Name": "customer", "Alias": "customer", "Startup Cost": 0.0, "Total Cost": 0.31, "Plan Rows": 1, "Plan Width": 12, "Index Cond": "(c_custkey = orders.o_custkey)"}]}, {"Node Type": "Hash", "Parent Relationship": "Inner", "Startup Cost": 1.25, "Total Cost": 1.25, "Plan Rows": 25, "Plan Width": 8, "Plans": [{"Node Type": "Seq Scan", "Parent Relationship": "Outer", "Relation Name": "nation", "Alias": "n1", "Startup Cost": 0.0, "Total Cost": 1.25, "Plan Rows": 25, "Plan Width": 8}]}]}]}, {"Node Type": "Hash", "Parent Relationship": "Inner", "Startup Cost": 1.25, "Total Cost": 1.25, "Plan Rows": 25, "Plan Width": 30, "Plans": [{"Node Type": "Seq Scan", "Parent Relationship": "Outer", "Relation Name": "nation", "Alias": "n2", "Startup Cost": 0.0, "Total Cost": 1.25, "Plan Rows": 25, "Plan Width": 30}]}]}]}]}, "Unique SQL Id": 3681808042, "Planner Runtime": 5}, "explain_analyze_plan": {"Plan": {"Node Type": "Sort", "Startup Cost": 486630.31, "Total Cost": 486630.33, "Plan Rows": 10, "Plan Width": 50, "Actual Startup Time": 6875.429, "Actual Total Time": 6875.43, "Actual Rows": 2, "Actual Loops": 1, "Sort Key": ["(date_part('year'::text, orders.o_orderdate))"], "Sort Method": "quicksort", "Sort Space Used": 25, "Sort Space Type": "Memory", "Plans": [{"Node Type": "Aggregate", "Strategy": "Hashed", "Parent Relationship": "Outer", "Startup Cost": 486629.99, "Total Cost": 486630.14, "Plan Rows": 10, "Plan Width": 50, "Actual Startup Time": 6875.411, "Actual Total Time": 6875.412, "Actual Rows": 2, "Actual Loops": 1, "Group By Key": ["date_part('year'::text, orders.o_orderdate)"], "Plans": [{"Node Type": "Hash Join", "Parent Relationship": "Outer", "Join Type": "Inner", "Startup Cost": 4536.12, "Total Cost": 486510.17, "Plan Rows": 5991, "Plan Width": 50, "Actual Startup Time": 67.839, "Actual Total Time": 6836.987, "Actual Rows": 23929, "Actual Loops": 1, "Inner Unique": true, "Hash Cond": "(supplier.s_nationkey = n2.n_nationkey)", "Plans": [{"Node Type": "Nested Loop", "Parent Relationship": "Outer", "Join Type": "Inner", "Startup Cost": 4534.56, "Total Cost": 486417.81, "Plan Rows": 5991, "Plan Width": 28, "Actual Startup Time": 67.737, "Actual Total Time": 6803.424, "Actual Rows": 23929, "Actual Loops": 1, "Inner Unique": false, "Join Filter": "(n1.n_regionkey = region.r_regionkey)", "Rows Removed by Join Filter": 95836, "Plans": [{"Node Type": "Seq Scan", "Parent Relationship": "Outer", "Relation Name": "region", "Alias": "region", "Startup Cost": 0.0, "Total Cost": 1.06, "Plan Rows": 1, "Plan Width": 4, "Actual Startup Time": 0.011, "Actual Total Time": 0.015, "Actual Rows": 1, "Actual Loops": 1, "Filter": "(r_name = 'ASIA'::bpchar)", "Rows Removed by Filter": 4}, {"Node Type": "Hash Join", "Parent Relationship": "Inner", "Join Type": "Inner", "Startup Cost": 4534.56, "Total Cost": 486042.32, "Plan Rows": 29954, "Plan Width": 32, "Actual Startup Time": 67.489, "Actual Total Time": 6770.232, "Actual Rows": 119765, "Actual Loops": 1, "Inner Unique": true, "Hash Cond": "(customer.c_nationkey = n1.n_nationkey)", "Plans": [{"Node Type": "Nested Loop", "Parent Relationship": "Outer", "Join Type": "Inner", "Startup Cost": 4533.0, "Total Cost": 485661.65, "Plan Rows": 29954, "Plan Width": 32, "Actual Startup Time": 67.423, "Actual Total Time": 6700.524, "Actual Rows": 119765, "Actual Loops": 1, "Inner Unique": true, "Plans": [{"Node Type": "Hash Join", "Parent Relationship": "Outer", "Join Type": "Inner", "Startup Cost": 4533.0, "Total Cost": 469409.78, "Plan Rows": 51198, "Plan Width": 36, "Actual Startup Time": 67.385, "Actual Total Time": 5716.914, "Actual Rows": 119765, "Actual Loops": 1, "Inner Unique": true, "Hash Cond": "(lineitem.l_suppkey = supplier.s_suppkey)", "Plans": [{"Node Type": "Nested Loop", "Parent Relationship": "Outer", "Join Type": "Inner", "Startup Cost": 0.0, "Total Cost": 464497.44, "Plan Rows": 86479, "Plan Width": 40, "Actual Startup Time": 0.197, "Actual Total Time": 5569.342, "Actual Rows": 119765, "Actual Loops": 1, "Inner Unique": true, "Plans": [{"Node Type": "Nested Loop", "Parent Relationship": "Outer", "Join Type": "Inner", "Startup Cost": 0.0, "Total Cost": 441564.57, "Plan Rows": 74637, "Plan Width": 32, "Actual Startup Time": 0.046, "Actual Total Time": 2059.105, "Actual Rows": 395341, "Actual Loops": 1, "Inner Unique": false, "Plans": [{"Node Type": "Seq Scan", "Parent Relationship": "Outer", "Relation Name": "part", "Alias": "part", "Startup Cost": 0.0, "Total Cost": 66944.0, "Plan Rows": 13538, "Plan Width": 8, "Actual Startup Time": 0.022, "Actual Total Time": 777.589, "Actual Rows": 13163, "Actual Loops": 1, "Filter": "((p_type)::text = 'SMALL PLATED COPPER'::text)", "Rows Removed by Filter": 1986837}, {"Node Type": "Index Scan", "Parent Relationship": "Inner", "Scan Direction": "Forward", "Index Name": "idx_lineitem_part_supp", "Relation Name": "lineitem", "Alias": "lineitem", "Startup Cost": 0.0, "Total Cost": 27.61, "Plan Rows": 6, "Plan Width": 40, "Actual Startup Time": 154.187, "Actual Total Time": 1177.879, "Actual Rows": 395341, "Actual Loops": 13163, "Index Cond": "(l_partkey = part.p_partkey)", "Rows Removed by Index Recheck": 0}]}, {"Node Type": "Index Scan", "Parent Relationship": "Inner", "Scan Direction": "Forward", "Index Name": "orders_pkey", "Relation Name": "orders", "Alias": "orders", "Startup Cost": 0.0, "Total Cost": 0.3, "Plan Rows": 1, "Plan Width": 24, "Actual Startup Time": 3272.72, "Actual Total Time": 3272.72, "Actual Rows": 119765, "Actual Loops": 395341, "Index Cond": "(o_orderkey = lineitem.l_orderkey)", "Rows Removed by Index Recheck": 0, "Filter": "((o_orderdate >= '1995-01-01 00:00:00'::timestamp(0) without time zone) AND (o_orderdate <= '1996-12-31 00:00:00'::timestamp(0) without time zone))", "Rows Removed by Filter": 275576}]}, {"Node Type": "Hash", "Parent Relationship": "Inner", "Startup Cost": 3283.0, "Total Cost": 3283.0, "Plan Rows": 100000, "Plan Width": 12, "Actual Startup Time": 67.072, "Actual Total Time": 67.072, "Actual Rows": 100000, "Actual Loops": 1, "Hash Buckets": 131072, "Hash Batches": 1, "Original Hash Batches": 1, "Peak Memory Usage": 4297, "Plans": [{"Node Type": "Seq Scan", "Parent Relationship": "Outer", "Relation Name": "supplier", "Alias": "supplier", "Startup Cost": 0.0, "Total Cost": 3283.0, "Plan Rows": 100000, "Plan Width": 12, "Actual Startup Time": 0.016, "Actual Total Time": 39.717, "Actual Rows": 100000, "Actual Loops": 1}]}]}, {"Node Type": "Index Scan", "Parent Relationship": "Inner", "Scan Direction": "Forward", "Index Name": "customer_pkey", "Relation Name": "customer", "Alias": "customer", "Startup Cost": 0.0, "Total Cost": 0.31, "Plan Rows": 1, "Plan Width": 12, "Actual Startup Time": 873.567, "Actual Total Time": 873.567, "Actual Rows": 119765, "Actual Loops": 119765, "Index Cond": "(c_custkey = orders.o_custkey)", "Rows Removed by Index Recheck": 0}]}, {"Node Type": "Hash", "Parent Relationship": "Inner", "Startup Cost": 1.25, "Total Cost": 1.25, "Plan Rows": 25, "Plan Width": 8, "Actual Startup Time": 0.021, "Actual Total Time": 0.021, "Actual Rows": 25, "Actual Loops": 1, "Hash Buckets": 32768, "Hash Batches": 1, "Original Hash Batches": 1, "Peak Memory Usage": 1, "Plans": [{"Node Type": "Seq Scan", "Parent Relationship": "Outer", "Relation Name": "nation", "Alias": "n1", "Startup Cost": 0.0, "Total Cost": 1.25, "Plan Rows": 25, "Plan Width": 8, "Actual Startup Time": 0.008, "Actual Total Time": 0.014, "Actual Rows": 25, "Actual Loops": 1}]}]}]}, {"Node Type": "Hash", "Parent Relationship": "Inner", "Startup Cost": 1.25, "Total Cost": 1.25, "Plan Rows": 25, "Plan Width": 30, "Actual Startup Time": 0.038, "Actual Total Time": 0.038, "Actual Rows": 25, "Actual Loops": 1, "Hash Buckets": 32768, "Hash Batches": 1, "Original Hash Batches": 1, "Peak Memory Usage": 2, "Plans": [{"Node Type": "Seq Scan", "Parent Relationship": "Outer", "Relation Name": "nation", "Alias": "n2", "Startup Cost": 0.0, "Total Cost": 1.25, "Plan Rows": 25, "Plan Width": 30, "Actual Startup Time": 0.017, "Actual Total Time": 0.023, "Actual Rows": 25, "Actual Loops": 1}]}]}]}]}, "Triggers": [], "Planner Runtime": 3, "Total Runtime": 6875.883, "Unique SQL Id": 3681808042}}, "(1, 9)": {"explain_plan": {"Plan": {"Node Type": "Sort", "Startup Cost": 527575.13, "Total Cost": 527575.15, "Plan Rows": 10, "Plan Width": 50, "Sort Key": ["(date_part('year'::text, orders.o_orderdate))"], "Plans": [{"Node Type": "Aggregate", "Strategy": "Hashed", "Parent Relationship": "Outer", "Startup Cost": 527574.81, "Total Cost": 527574.96, "Plan Rows": 10, "Plan Width": 50, "Group By Key": ["date_part('year'::text, orders.o_orderdate)"], "Plans": [{"Node Type": "Hash Join", "Parent Relationship": "Outer", "Join Type": "Inner", "Startup Cost": 6610.42, "Total Cost": 527454.99, "Plan Rows": 5991, "Plan Width": 50, "Inner Unique": true, "Hash Cond": "(supplier.s_nationkey = n2.n_nationkey)", "Plans": [{"Node Type": "Nested Loop", "Parent Relationship": "Outer", "Join Type": "Inner", "Startup Cost": 6597.48, "Total Cost": 527351.25, "Plan Rows": 5991, "Plan Width": 28, "Inner Unique": false, "Join Filter": "(n1.n_regionkey = region.r_regionkey)", "Plans": [{"Node Type": "Index Scan", "Parent Relationship": "Outer", "Scan Direction": "Forward", "Index Name": "region_pkey", "Relation Name": "region", "Alias": "region", "Startup Cost": 0.0, "Total Cost": 12.34, "Plan Rows": 1, "Plan Width": 4, "Filter": "(r_name = 'ASIA'::bpchar)"}, {"Node Type": "Hash Join", "Parent Relationship": "Inner", "Join Type": "Inner", "Startup Cost": 6597.48, "Total Cost": 526964.49, "Plan Rows": 29954, "Plan Width": 32, "Inner Unique": true, "Hash Cond": "(customer.c_nationkey = n1.n_nationkey)", "Plans": [{"Node Type": "Nested Loop", "Parent Relationship": "Outer", "Join Type": "Inner", "Startup Cost": 6584.54, "Total Cost": 526572.45, "Plan Rows": 29954, "Plan Width": 32, "Inner Unique": true, "Plans": [{"Node Type": "Hash Join", "Parent Relationship": "Outer", "Join Type": "Inner", "Startup Cost": 6584.54, "Total Cost": 510320.57, "Plan Rows": 51198, "Plan Width": 36, "Inner Unique": true, "Hash Cond": "(lineitem.l_suppkey = supplier.s_suppkey)", "Plans": [{"Node Type": "Nested Loop", "Parent Relationship": "Outer", "Join Type": "Inner", "Startup Cost": 0.0, "Total Cost": 503356.69, "Plan Rows": 86479, "Plan Width": 40, "Inner Unique": true, "Plans": [{"Node Type": "Nested Loop", "Parent Relationship": "Outer", "Join Type": "Inner", "Startup Cost": 0.0, "Total Cost": 480423.82, "Plan Rows": 74637, "Plan Width": 32, "Inner Unique": false, "Plans": [{"Node Type": "Index Scan", "Parent Relationship": "Outer", "Scan Direction": "Forward", "Index Name": "part_kpey", "Relation Name": "part", "Alias": "part", "Startup Cost": 0.0, "Total Cost": 105803.25, "Plan Rows": 13538, "Plan Width": 8, "Filter": "((p_type)::text = 'SMALL PLATED COPPER'::text)"}, {"Node Type": "Index Scan", "Parent Relationship": "Inner", "Scan Direction": "Forward", "Index Name": "idx_lineitem_part_supp", "Relation Name": "lineitem", "Alias": "lineitem", "Startup Cost": 0.0, "Total Cost": 27.61, "Plan Rows": 6, "Plan Width": 40, "Index Cond": "(l_partkey = part.p_partkey)"}]}, {"Node Type": "Index Scan", "Parent Relationship": "Inner", "Scan Direction": "Forward", "Index Name": "orders_pkey", "Relation Name": "orders", "Alias": "orders", "Startup Cost": 0.0, "Total Cost": 0.3, "Plan Rows": 1, "Plan Width": 24, "Index Cond": "(o_orderkey = lineitem.l_orderkey)", "Filter": "((o_orderdate >= '1995-01-01 00:00:00'::timestamp(0) without time zone) AND (o_orderdate <= '1996-12-31 00:00:00'::timestamp(0) without time zone))"}]}, {"Node Type": "Hash", "Parent Relationship": "Inner", "Startup Cost": 5334.54, "Total Cost": 5334.54, "Plan Rows": 100000, "Plan Width": 12, "Plans": [{"Node Type": "Index Scan", "Parent Relationship": "Outer", "Scan Direction": "Forward", "Index Name": "supplier_pkey", "Relation Name": "supplier", "Alias": "supplier", "Startup Cost": 0.0, "Total Cost": 5334.54, "Plan Rows": 100000, "Plan Width": 12}]}]}, {"Node Type": "Index Scan", "Parent Relationship": "Inner", "Scan Direction": "Forward", "Index Name": "customer_pkey", "Relation Name": "customer", "Alias": "customer", "Startup Cost": 0.0, "Total Cost": 0.31, "Plan Rows": 1, "Plan Width": 12, "Index Cond": "(c_custkey = orders.o_custkey)"}]}, {"Node Type": "Hash", "Parent Relationship": "Inner", "Startup Cost": 12.62, "Total Cost": 12.62, "Plan Rows": 25, "Plan Width": 8, "Plans": [{"Node Type": "Index Scan", "Parent Relationship": "Outer", "Scan Direction": "Forward", "Index Name": "idx_nation_regionkey", "Relation Name": "nation", "Alias": "n1", "Startup Cost": 0.0, "Total Cost": 12.62, "Plan Rows": 25, "Plan Width": 8}]}]}]}, {"Node Type": "Hash", "Parent Relationship": "Inner", "Startup Cost": 12.62, "Total Cost": 12.62, "Plan Rows": 25, "Plan Width": 30, "Plans": [{"Node Type": "Index Scan", "Parent Relationship": "Outer", "Scan Direction": "Forward", "Index Name": "nation_pkey", "Relation Name": "nation", "Alias": "n2", "Startup Cost": 0.0, "Total Cost": 12.62, "Plan Rows": 25, "Plan Width": 30}]}]}]}]}, "Unique SQL Id": 3681808042, "Planner Runtime": 5}, "explain_analyze_plan": {"Plan": {"Node Type": "Sort", "Startup Cost": 527575.13, "Total Cost": 527575.15, "Plan Rows": 10, "Plan Width": 50, "Actual Startup Time": 7727.976, "Actual Total Time": 7727.976, "Actual Rows": 2, "Actual Loops": 1, "Sort Key": ["(date_part('year'::text, orders.o_orderdate))"], "Sort Method": "quicksort", "Sort Space Used": 25, "Sort Space Type": "Memory", "Plans": [{"Node Type": "Aggregate", "Strategy": "Hashed", "Parent Relationship": "Outer", "Startup Cost": 527574.81, "Total Cost": 527574.96, "Plan Rows": 10, "Plan Width": 50, "Actual Startup Time": 7727.96, "Actual Total Time": 7727.961, "Actual Rows": 2, "Actual Loops": 1, "Group By Key": ["date_part('year'::text, orders.o_orderdate)"], "Plans": [{"Node Type": "Hash Join", "Parent Relationship": "Outer", "Join Type": "Inner", "Startup Cost": 6610.42, "Total Cost": 527454.99, "Plan Rows": 5991, "Plan Width": 50, "Actual Startup Time": 110.43, "Actual Total Time": 7691.0, "Actual Rows": 23929, "Actual Loops": 1, "Inner Unique": true, "Hash Cond": "(supplier.s_nationkey = n2.n_nationkey)", "Plans": [{"Node Type": "Nested Loop", "Parent Relationship": "Outer", "Join Type": "Inner", "Startup Cost": 6597.48, "Total Cost": 527351.25, "Plan Rows": 5991, "Plan Width": 28, "Actual Startup Time": 110.344, "Actual Total Time": 7658.106, "Actual Rows": 23929, "Actual Loops": 1, "Inner Unique": false, "Join Filter": "(n1.n_regionkey = region.r_regionkey)", "Rows Removed by Join Filter": 95836, "Plans": [{"Node Type": "Index Scan", "Parent Relationship": "Outer", "Scan Direction": "Forward", "Index Name": "region_pkey", "Relation Name": "region", "Alias": "region", "Startup Cost": 0.0, "Total Cost": 12.34, "Plan Rows": 1, "Plan Width": 4, "Actual Startup Time": 0.008, "Actual Total Time": 0.028, "Actual Rows": 1, "Actual Loops": 1, "Filter": "(r_name = 'ASIA'::bpchar)", "Rows Removed by Filter": 4}, {"Node Type": "Hash Join", "Parent Relationship": "Inner", "Join Type": "Inner", "Startup Cost": 6597.48, "Total Cost": 526964.49, "Plan Rows": 29954, "Plan Width": 32, "Actual Startup Time": 110.097, "Actual Total Time": 7624.915, "Actual Rows": 119765, "Actual Loops": 1, "Inner Unique": true, "Hash Cond": "(customer.c_nationkey = n1.n_nationkey)", "Plans": [{"Node Type": "Nested Loop", "Parent Relationship": "Outer", "Join Type": "Inner", "Startup Cost": 6584.54, "Total Cost": 526572.45, "Plan Rows": 29954, "Plan Width": 32, "Actual Startup Time": 110.034, "Actual Total Time": 7556.275, "Actual Rows": 119765, "Actual Loops": 1, "Inner Unique": true, "Plans": [{"Node Type": "Hash Join", "Parent Relationship": "Outer", "Join Type": "Inner", "Startup Cost": 6584.54, "Total Cost": 510320.57, "Plan Rows": 51198, "Plan Width": 36, "Actual Startup Time": 110.002, "Actual Total Time": 6551.852, "Actual Rows": 119765, "Actual Loops": 1, "Inner Unique": true, "Hash Cond": "(lineitem.l_suppkey = supplier.s_suppkey)", "Plans": [{"Node Type": "Nested Loop", "Parent Relationship": "Outer", "Join Type": "Inner", "Startup Cost": 0.0, "Total Cost": 503356.69, "Plan Rows": 86479, "Plan Width": 40, "Actual Startup Time": 0.168, "Actual Total Time": 6360.928, "Actual Rows": 119765, "Actual Loops": 1, "Inner Unique": true, "Plans": [{"Node Type": "Nested Loop", "Parent Relationship": "Outer", "Join Type": "Inner", "Startup Cost": 0.0, "Total Cost": 480423.82, "Plan Rows": 74637, "Plan Width": 32, "Actual Startup Time": 0.043, "Actual Total Time": 2756.88, "Actual Rows": 395341, "Actual Loops": 1, "Inner Unique": false, "Plans": [{"Node Type": "Index Scan", "Parent Relationship": "Outer", "Scan Direction": "Forward", "Index Name": "part_kpey", "Relation Name": "part", "Alias": "part", "Startup Cost": 0.0, "Total Cost": 105803.25, "Plan Rows": 13538, "Plan Width": 8, "Actual Startup Time": 0.027, "Actual Total Time": 1456.254, "Actual Rows": 13163, "Actual Loops": 1, "Filter": "((p_type)::text = 'SMALL PLATED COPPER'::text)", "Rows Removed by Filter": 1986837}, {"Node Type": "Index Scan", "Parent Relationship": "Inner", "Scan Direction": "Forward", "Index Name": "idx_lineitem_part_supp", "Relation Name": "lineitem", "Alias": "lineitem", "Startup Cost": 0.0, "Total Cost": 27.61, "Plan Rows": 6, "Plan Width": 40, "Actual Startup Time": 157.07, "Actual Total Time": 1199.429, "Actual Rows": 395341, "Actual Loops": 13163, "Index Cond": "(l_partkey = part.p_partkey)", "Rows Removed by Index Recheck": 0}]}, {"Node Type": "Index Scan", "Parent Relationship": "Inner", "Scan Direction": "Forward", "Index Name": "orders_pkey", "Relation Name": "orders", "Alias": "orders", "Startup Cost": 0.0, "Total Cost": 0.3, "Plan Rows": 1, "Plan Width": 24, "Actual Startup Time": 3362.86, "Actual Total Time": 3362.86, "Actual Rows": 119765, "Actual Loops": 395341, "Index Cond": "(o_orderkey = lineitem.l_orderkey)", "Rows Removed by Index Recheck": 0, "Filter": "((o_orderdate >= '1995-01-01 00:00:00'::timestamp(0) without time zone) AND (o_orderdate <= '1996-12-31 00:00:00'::timestamp(0) without time zone))", "Rows Removed by Filter": 275576}]}, {"Node Type": "Hash", "Parent Relationship": "Inner", "Startup Cost": 5334.54, "Total Cost": 5334.54, "Plan Rows": 100000, "Plan Width": 12, "Actual Startup Time": 109.726, "Actual Total Time": 109.726, "Actual Rows": 100000, "Actual Loops": 1, "Hash Buckets": 131072, "Hash Batches": 1, "Original Hash Batches": 1, "Peak Memory Usage": 4297, "Plans": [{"Node Type": "Index Scan", "Parent Relationship": "Outer", "Scan Direction": "Forward", "Index Name": "supplier_pkey", "Relation Name": "supplier", "Alias": "supplier", "Startup Cost": 0.0, "Total Cost": 5334.54, "Plan Rows": 100000, "Plan Width": 12, "Actual Startup Time": 0.02, "Actual Total Time": 82.233, "Actual Rows": 100000, "Actual Loops": 1}]}]}, {"Node Type": "Index Scan", "Parent Relationship": "Inner", "Scan Direction": "Forward", "Index Name": "customer_pkey", "Relation Name": "customer", "Alias": "customer", "Startup Cost": 0.0, "Total Cost": 0.31, "Plan Rows": 1, "Plan Width": 12, "Actual Startup Time": 896.276, "Actual Total Time": 896.276, "Actual Rows": 119765, "Actual Loops": 119765, "Index Cond": "(c_custkey = orders.o_custkey)", "Rows Removed by Index Recheck": 0}]}, {"Node Type": "Hash", "Parent Relationship": "Inner", "Startup Cost": 12.62, "Total Cost": 12.62, "Plan Rows": 25, "Plan Width": 8, "Actual Startup Time": 0.026, "Actual Total Time": 0.026, "Actual Rows": 25, "Actual Loops": 1, "Hash Buckets": 32768, "Hash Batches": 1, "Original Hash Batches": 1, "Peak Memory Usage": 1, "Plans": [{"Node Type": "Index Scan", "Parent Relationship": "Outer", "Scan Direction": "Forward", "Index Name": "idx_nation_regionkey", "Relation Name": "nation", "Alias": "n1", "Startup Cost": 0.0, "Total Cost": 12.62, "Plan Rows": 25, "Plan Width": 8, "Actual Startup Time": 0.006, "Actual Total Time": 0.016, "Actual Rows": 25, "Actual Loops": 1}]}]}]}, {"Node Type": "Hash", "Parent Relationship": "Inner", "Startup Cost": 12.62, "Total Cost": 12.62, "Plan Rows": 25, "Plan Width": 30, "Actual Startup Time": 0.035, "Actual Total Time": 0.035, "Actual Rows": 25, "Actual Loops": 1, "Hash Buckets": 32768, "Hash Batches": 1, "Original Hash Batches": 1, "Peak Memory Usage": 2, "Plans": [{"Node Type": "Index Scan", "Parent Relationship": "Outer", "Scan Direction": "Forward", "Index Name": "nation_pkey", "Relation Name": "nation", "Alias": "n2", "Startup Cost": 0.0, "Total Cost": 12.62, "Plan Rows": 25, "Plan Width": 30, "Actual Startup Time": 0.009, "Actual Total Time": 0.02, "Actual Rows": 25, "Actual Loops": 1}]}]}]}]}, "Triggers": [], "Planner Runtime": 3, "Total Runtime": 7728.406, "Unique SQL Id": 3681808042}}, "(1, 10)": {"explain_plan": {"Plan": {"Node Type": "Sort", "Startup Cost": 2909305.92, "Total Cost": 2909305.94, "Plan Rows": 10, "Plan Width": 50, "Sort Key": ["(date_part('year'::text, orders.o_orderdate))"], "Plans": [{"Node Type": "Aggregate", "Strategy": "Hashed", "Parent Relationship": "Outer", "Startup Cost": 2909305.6, "Total Cost": 2909305.75, "Plan Rows": 10, "Plan Width": 50, "Group By Key": ["date_part('year'::text, orders.o_orderdate)"], "Plans": [{"Node Type": "Nested Loop", "Parent Relationship": "Outer", "Join Type": "Inner", "Startup Cost": 664846.82, "Total Cost": 2909185.78, "Plan Rows": 5991, "Plan Width": 50, "Inner Unique": true, "Join Filter": "(supplier.s_nationkey = n2.n_nationkey)", "Plans": [{"Node Type": "Hash Join", "Parent Relationship": "Outer", "Join Type": "Inner", "Startup Cost": 664846.82, "Total Cost": 2906922.86, "Plan Rows": 5991, "Plan Width": 28, "Inner Unique": true, "Hash Cond": "(lineitem.l_suppkey = supplier.s_suppkey)", "Plans": [{"Node Type": "Hash Join", "Parent Relationship": "Outer", "Join Type": "Inner", "Startup Cost": 660313.82, "Total Cost": 2902243.54, "Plan Rows": 17296, "Plan Width": 32, "Inner Unique": false, "Hash Cond": "(lineitem.l_orderkey = orders.o_orderkey)", "Plans": [{"Node Type": "Hash Join", "Parent Relationship": "Outer", "Join Type": "Inner", "Startup Cost": 67113.23, "Total Cost": 2307926.3, "Plan Rows": 74637, "Plan Width": 32, "Inner Unique": true, "Hash Cond": "(lineitem.l_partkey = part.p_partkey)", "Plans": [{"Node Type": "Seq Scan", "Parent Relationship": "Outer", "Relation Name": "lineitem", "Alias": "lineitem", "Startup Cost": 0.0, "Total Cost": 2015115.33, "Plan Rows": 59987033, "Plan Width": 40}, {"Node Type": "Hash", "Parent Relationship": "Inner", "Startup Cost": 66944.0, "Total Cost": 66944.0, "Plan Rows": 13538, "Plan Width": 8, "Plans": [{"Node Type": "Seq Scan", "Parent Relationship": "Outer", "Relation Name": "part", "Alias": "part", "Startup Cost": 0.0, "Total Cost": 66944.0, "Plan Rows": 13538, "Plan Width": 8, "Filter": "((p_type)::text = 'SMALL PLATED COPPER'::text)"}]}]}, {"Node Type": "Hash", "Parent Relationship": "Inner", "Startup Cost": 586571.9, "Total Cost": 586571.9, "Plan Rows": 530296, "Plan Width": 16, "Plans": [{"Node Type": "Hash Join", "Parent Relationship": "Outer", "Join Type": "Inner", "Startup Cost": 63058.88, "Total Cost": 586571.9, "Plan Rows": 530296, "Plan Width": 16, "Inner Unique": false, "Hash Cond": "(orders.o_custkey = customer.c_custkey), (LLVM Optimized)", "Plans": [{"Node Type": "Seq Scan", "Parent Relationship": "Outer", "Relation Name": "orders", "Alias": "orders", "Startup Cost": 196.01, "Total Cost": 501411.18, "Plan Rows": 4531967, "Plan Width": 24, "Filter": "((o_orderdate >= '1995-01-01 00:00:00'::timestamp(0) without time zone) AND (o_orderdate <= '1996-12-31 00:00:00'::timestamp(0) without time zone)), (LLVM Optimized)"}, {"Node Type": "Hash", "Parent Relationship": "Inner", "Startup Cost": 59112.88, "Total Cost": 59112.88, "Plan Rows": 300000, "Plan Width": 8, "Plans": [{"Node Type": "Hash Join", "Parent Relationship": "Outer", "Join Type": "Inner", "Startup Cost": 2.5, "Total Cost": 59112.88, "Plan Rows": 300000, "Plan Width": 8, "Inner Unique": false, "Hash Cond": "(customer.c_nationkey = n1.n_nationkey), (LLVM Optimized)", "Plans": [{"Node Type": "Seq Scan", "Parent Relationship": "Outer", "Relation Name": "customer", "Alias": "customer", "Startup Cost": 0.0, "Total Cost": 52126.0, "Plan Rows": 1500000, "Plan Width": 12}, {"Node Type": "Hash", "Parent Relationship": "Inner", "Startup Cost": 2.44, "Total Cost": 2.44, "Plan Rows": 5, "Plan Width": 4, "Plans": [{"Node Type": "Hash Join", "Parent Relationship": "Outer", "Join Type": "Inner", "Startup Cost": 1.07, "Total Cost": 2.44, "Plan Rows": 5, "Plan Width": 4, "Inner Unique": true, "Hash Cond": "(n1.n_regionkey = region.r_regionkey)", "Plans": [{"Node Type": "Seq Scan", "Parent Relationship": "Outer", "Relation Name": "nation", "Alias": "n1", "Startup Cost": 0.0, "Total Cost": 1.25, "Plan Rows": 25, "Plan Width": 8}, {"Node Type": "Hash", "Parent Relationship": "Inner", "Startup Cost": 1.06, "Total Cost": 1.06, "Plan Rows": 1, "Plan Width": 4, "Plans": [{"Node Type": "Seq Scan", "Parent Relationship": "Outer", "Relation Name": "region", "Alias": "region", "Startup Cost": 0.0, "Total Cost": 1.06, "Plan Rows": 1, "Plan Width": 4, "Filter": "(r_name = 'ASIA'::bpchar)"}]}]}]}]}]}]}]}]}, {"Node Type": "Hash", "Parent Relationship": "Inner", "Startup Cost": 3283.0, "Total Cost": 3283.0, "Plan Rows": 100000, "Plan Width": 12, "Plans": [{"Node Type": "Seq Scan", "Parent Relationship": "Outer", "Relation Name": "supplier", "Alias": "supplier", "Startup Cost": 0.0, "Total Cost": 3283.0, "Plan Rows": 100000, "Plan Width": 12}]}]}, {"Node Type": "Materialize", "Parent Relationship": "Inner", "Startup Cost": 0.0, "Total Cost": 1.38, "Plan Rows": 25, "Plan Width": 30, "Plans": [{"Node Type": "Seq Scan", "Parent Relationship": "Outer", "Relation Name": "nation", "Alias": "n2", "Startup Cost": 0.0, "Total Cost": 1.25, "Plan Rows": 25, "Plan Width": 30}]}]}]}]}, "Unique SQL Id": 3681808042, "Planner Runtime": 5}, "explain_analyze_plan": null}, "(1, 11)": {"explain_plan": {"Plan": {"Node Type": "Sort", "Startup Cost": 8018177364726.43, "Total Cost": 8018177364726.46, "Plan Rows": 10, "Plan Width": 50, "Sort Key": ["(date_part('year'::text, orders.o_orderdate))"], "Plans": [{"Node Type": "Aggregate", "Strategy": "Hashed", "Parent Relationship": "Outer", "Startup Cost": 8018177364726.12, "Total Cost": 8018177364726.27, "Plan Rows": 10, "Plan Width": 50, "Group By Key": ["date_part('year'::text, orders.o_orderdate)"], "Plans": [{"Node Type": "Nested Loop", "Parent Relationship": "Outer", "Join Type": "Inner", "Startup Cost": 80000000000.0, "Total Cost": 8018177364380.2, "Plan Rows": 17296, "Plan Width": 50, "Inner Unique": false, "Join Filter": "(supplier.s_suppkey = lineitem.l_suppkey)", "Plans": [{"Node Type": "Nested Loop", "Parent Relationship": "Outer", "Join Type": "Inner", "Startup Cost": 20000000000.0, "Total Cost": 2000000572216.94, "Plan Rows": 100000, "Plan Width": 34, "Inner Unique": true, "Join Filter": "(supplier.s_nationkey = n2.n_nationkey), (LLVM Optimized)", "Plans": [{"Node Type": "Index Scan", "Parent Relationship": "Outer", "Scan Direction": "Forward", "Index Name": "supplier_pkey", "Relation Name": "supplier", "Alias": "supplier", "Startup Cost": 10000000000.0, "Total Cost": 1000000533454.38, "Plan Rows": 100000, "Plan Width": 12}, {"Node Type": "Materialize", "Parent Relationship": "Inner", "Startup Cost": 10000000000.0, "Total Cost": 1000000001262.62, "Plan Rows": 25, "Plan Width": 30, "Plans": [{"Node Type": "Index Scan", "Parent Relationship": "Outer", "Scan Direction": "Forward", "Index Name": "nation_pkey", "Relation Name": "nation", "Alias": "n2", "Startup Cost": 10000000000.0, "Total Cost": 1000000001262.5, "Plan Rows": 25, "Plan Width": 30}]}]}, {"Node Type": "Materialize", "Parent Relationship": "Inner", "Startup Cost": 60000000000.0, "Total Cost": 6018150848163.26, "Plan Rows": 17296, "Plan Width": 32, "Plans": [{"Node Type": "Nested Loop", "Parent Relationship": "Outer", "Join Type": "Inner", "Startup Cost": 60000000000.0, "Total Cost": 6018150848076.78, "Plan Rows": 17296, "Plan Width": 32, "Inner Unique": false, "Join Filter": "(orders.o_custkey = customer.c_custkey)", "Plans": [{"Node Type": "Nested Loop", "Parent Relationship": "Outer", "Join Type": "Inner", "Startup Cost": 30000000000.0, "Total Cost": 3017753500294.51, "Plan Rows": 86479, "Plan Width": 40, "Inner Unique": false, "Join Filter": "(lineitem.l_orderkey = orders.o_orderkey)", "Plans": [{"Node Type": "Index Scan", "Parent Relationship": "Outer", "Scan Direction": "Forward", "Index Name": "idx_orders_custkey", "Relation Name": "orders", "Alias": "orders", "Startup Cost": 10000000000.0, "Total Cost": 1000163551268.58, "Plan Rows": 4531967, "Plan Width": 24, "Filter": "((o_orderdate >= '1995-01-01 00:00:00'::timestamp(0) without time zone) AND (o_orderdate <= '1996-12-31 00:00:00'::timestamp(0) without time zone)), (LLVM Optimized)"}, {"Node Type": "Materialize", "Parent Relationship": "Inner", "Startup Cost": 20000000000.0, "Total Cost": 2012516162897.84, "Plan Rows": 74637, "Plan Width": 32, "Plans": [{"Node Type": "Nested Loop", "Parent Relationship": "Outer", "Join Type": "Inner", "Startup Cost": 20000000000.0, "Total Cost": 2012516162524.66, "Plan Rows": 74637, "Plan Width": 32, "Inner Unique": true, "Join Filter": "(part.p_partkey = lineitem.l_partkey)", "Plans": [{"Node Type": "Index Scan", "Parent Relationship": "Outer", "Scan Direction": "Forward", "Index Name": "idx_lineitem_orderkey", "Relation Name": "lineitem", "Alias": "lineitem", "Startup Cost": 10000000000.0, "Total Cost": 1000324015374.5, "Plan Rows": 59987033, "Plan Width": 40}, {"Node Type": "Materialize", "Parent Relationship": "Inner", "Startup Cost": 10000000000.0, "Total Cost": 1000010580392.69, "Plan Rows": 13538, "Plan Width": 8, "Plans": [{"Node Type": "Index Scan", "Parent Relationship": "Outer", "Scan Direction": "Forward", "Index Name": "part_kpey", "Relation Name": "part", "Alias": "part", "Startup Cost": 10000000000.0, "Total Cost": 1000010580325.0, "Plan Rows": 13538, "Plan Width": 8, "Filter": "((p_type)::text = 'SMALL PLATED COPPER'::text)"}]}]}]}]}, {"Node Type": "Materialize", "Parent Relationship": "Inner", "Startup Cost": 30000000000.0, "Total Cost": 3000008193032.26, "Plan Rows": 300000, "Plan Width": 8, "Plans": [{"Node Type": "Nested Loop", "Parent Relationship": "Outer", "Join Type": "Inner", "Startup Cost": 30000000000.0, "Total Cost": 3000008191532.26, "Plan Rows": 300000, "Plan Width": 8, "Inner Unique": false, "Join Filter": "(n1.n_nationkey = customer.c_nationkey), (LLVM Optimized)", "Plans": [{"Node Type": "Index Scan", "Parent Relationship": "Outer", "Scan Direction": "Forward", "Index Name": "customer_pkey", "Relation Name": "customer", "Alias": "customer", "Startup Cost": 10000000000.0, "Total Cost": 1000008076535.62, "Plan Rows": 1500000, "Plan Width": 12}, {"Node Type": "Materialize", "Parent Relationship": "Inner", "Startup Cost": 20000000000.0, "Total Cost": 2000000002496.65, "Plan Rows": 5, "Plan Width": 4, "Plans": [{"Node Type": "Nested Loop", "Parent Relationship": "Outer", "Join Type": "Inner", "Startup Cost": 20000000000.0, "Total Cost": 2000000002496.63, "Plan Rows": 5, "Plan Width": 4, "Inner Unique": true, "Join Filter": "(n1.n_regionkey = region.r_regionkey)", "Plans": [{"Node Type": "Index Scan", "Parent Relationship": "Outer", "Scan Direction": "Forward", "Index Name": "nation_pkey", "Relation Name": "nation", "Alias": "n1", "Startup Cost": 10000000000.0, "Total Cost": 1000000001262.5, "Plan Rows": 25, "Plan Width": 8}, {"Node Type": "Materialize", "Parent Relationship": "Inner", "Startup Cost": 10000000000.0, "Total Cost": 1000000001233.76, "Plan Rows": 1, "Plan Width": 4, "Plans": [{"Node Type": "Index Scan", "Parent Relationship": "Outer", "Scan Direction": "Forward", "Index Name": "region_pkey", "Relation Name": "region", "Alias": "region", "Startup Cost": 10000000000.0, "Total Cost": 1000000001233.75, "Plan Rows": 1, "Plan Width": 4, "Filter": "(r_name = 'ASIA'::bpchar)"}]}]}]}]}]}]}]}]}]}]}, "Unique SQL Id": 3681808042, "Planner Runtime": 7}, "explain_analyze_plan": null}, "(1, 12)": {"explain_plan": {"Plan": {"Node Type": "Sort", "Startup Cost": 486630.31, "Total Cost": 486630.33, "Plan Rows": 10, "Plan Width": 50, "Sort Key": ["(date_part('year'::text, orders.o_orderdate))"], "Plans": [{"Node Type": "Aggregate", "Strategy": "Hashed", "Parent Relationship": "Outer", "Startup Cost": 486629.99, "Total Cost": 486630.14, "Plan Rows": 10, "Plan Width": 50, "Group By Key": ["date_part('year'::text, orders.o_orderdate)"], "Plans": [{"Node Type": "Hash Join", "Parent Relationship": "Outer", "Join Type": "Inner", "Startup Cost": 4536.12, "Total Cost": 486510.17, "Plan Rows": 5991, "Plan Width": 50, "Inner Unique": true, "Hash Cond": "(supplier.s_nationkey = n2.n_nationkey)", "Plans": [{"Node Type": "Nested Loop", "Parent Relationship": "Outer", "Join Type": "Inner", "Startup Cost": 4534.56, "Total Cost": 486417.81, "Plan Rows": 5991, "Plan Width": 28, "Inner Unique": false, "Join Filter": "(n1.n_regionkey = region.r_regionkey)", "Plans": [{"Node Type": "Seq Scan", "Parent Relationship": "Outer", "Relation Name": "region", "Alias": "region", "Startup Cost": 0.0, "Total Cost": 1.06, "Plan Rows": 1, "Plan Width": 4, "Filter": "(r_name = 'ASIA'::bpchar)"}, {"Node Type": "Hash Join", "Parent Relationship": "Inner", "Join Type": "Inner", "Startup Cost": 4534.56, "Total Cost": 486042.32, "Plan Rows": 29954, "Plan Width": 32, "Inner Unique": true, "Hash Cond": "(customer.c_nationkey = n1.n_nationkey)", "Plans": [{"Node Type": "Nested Loop", "Parent Relationship": "Outer", "Join Type": "Inner", "Startup Cost": 4533.0, "Total Cost": 485661.65, "Plan Rows": 29954, "Plan Width": 32, "Inner Unique": true, "Plans": [{"Node Type": "Hash Join", "Parent Relationship": "Outer", "Join Type": "Inner", "Startup Cost": 4533.0, "Total Cost": 469409.78, "Plan Rows": 51198, "Plan Width": 36, "Inner Unique": true, "Hash Cond": "(lineitem.l_suppkey = supplier.s_suppkey)", "Plans": [{"Node Type": "Nested Loop", "Parent Relationship": "Outer", "Join Type": "Inner", "Startup Cost": 0.0, "Total Cost": 464497.44, "Plan Rows": 86479, "Plan Width": 40, "Inner Unique": true, "Plans": [{"Node Type": "Nested Loop", "Parent Relationship": "Outer", "Join Type": "Inner", "Startup Cost": 0.0, "Total Cost": 441564.57, "Plan Rows": 74637, "Plan Width": 32, "Inner Unique": false, "Plans": [{"Node Type": "Seq Scan", "Parent Relationship": "Outer", "Relation Name": "part", "Alias": "part", "Startup Cost": 0.0, "Total Cost": 66944.0, "Plan Rows": 13538, "Plan Width": 8, "Filter": "((p_type)::text = 'SMALL PLATED COPPER'::text)"}, {"Node Type": "Index Scan", "Parent Relationship": "Inner", "Scan Direction": "Forward", "Index Name": "idx_lineitem_part_supp", "Relation Name": "lineitem", "Alias": "lineitem", "Startup Cost": 0.0, "Total Cost": 27.61, "Plan Rows": 6, "Plan Width": 40, "Index Cond": "(l_partkey = part.p_partkey)"}]}, {"Node Type": "Index Scan", "Parent Relationship": "Inner", "Scan Direction": "Forward", "Index Name": "orders_pkey", "Relation Name": "orders", "Alias": "orders", "Startup Cost": 0.0, "Total Cost": 0.3, "Plan Rows": 1, "Plan Width": 24, "Index Cond": "(o_orderkey = lineitem.l_orderkey)", "Filter": "((o_orderdate >= '1995-01-01 00:00:00'::timestamp(0) without time zone) AND (o_orderdate <= '1996-12-31 00:00:00'::timestamp(0) without time zone))"}]}, {"Node Type": "Hash", "Parent Relationship": "Inner", "Startup Cost": 3283.0, "Total Cost": 3283.0, "Plan Rows": 100000, "Plan Width": 12, "Plans": [{"Node Type": "Seq Scan", "Parent Relationship": "Outer", "Relation Name": "supplier", "Alias": "supplier", "Startup Cost": 0.0, "Total Cost": 3283.0, "Plan Rows": 100000, "Plan Width": 12}]}]}, {"Node Type": "Index Scan", "Parent Relationship": "Inner", "Scan Direction": "Forward", "Index Name": "customer_pkey", "Relation Name": "customer", "Alias": "customer", "Startup Cost": 0.0, "Total Cost": 0.31, "Plan Rows": 1, "Plan Width": 12, "Index Cond": "(c_custkey = orders.o_custkey)"}]}, {"Node Type": "Hash", "Parent Relationship": "Inner", "Startup Cost": 1.25, "Total Cost": 1.25, "Plan Rows": 25, "Plan Width": 8, "Plans": [{"Node Type": "Seq Scan", "Parent Relationship": "Outer", "Relation Name": "nation", "Alias": "n1", "Startup Cost": 0.0, "Total Cost": 1.25, "Plan Rows": 25, "Plan Width": 8}]}]}]}, {"Node Type": "Hash", "Parent Relationship": "Inner", "Startup Cost": 1.25, "Total Cost": 1.25, "Plan Rows": 25, "Plan Width": 30, "Plans": [{"Node Type": "Seq Scan", "Parent Relationship": "Outer", "Relation Name": "nation", "Alias": "n2", "Startup Cost": 0.0, "Total Cost": 1.25, "Plan Rows": 25, "Plan Width": 30}]}]}]}]}, "Unique SQL Id": 3681808042, "Planner Runtime": 6}, "explain_analyze_plan": {"Plan": {"Node Type": "Sort", "Startup Cost": 486630.31, "Total Cost": 486630.33, "Plan Rows": 10, "Plan Width": 50, "Actual Startup Time": 6875.429, "Actual Total Time": 6875.43, "Actual Rows": 2, "Actual Loops": 1, "Sort Key": ["(date_part('year'::text, orders.o_orderdate))"], "Sort Method": "quicksort", "Sort Space Used": 25, "Sort Space Type": "Memory", "Plans": [{"Node Type": "Aggregate", "Strategy": "Hashed", "Parent Relationship": "Outer", "Startup Cost": 486629.99, "Total Cost": 486630.14, "Plan Rows": 10, "Plan Width": 50, "Actual Startup Time": 6875.411, "Actual Total Time": 6875.412, "Actual Rows": 2, "Actual Loops": 1, "Group By Key": ["date_part('year'::text, orders.o_orderdate)"], "Plans": [{"Node Type": "Hash Join", "Parent Relationship": "Outer", "Join Type": "Inner", "Startup Cost": 4536.12, "Total Cost": 486510.17, "Plan Rows": 5991, "Plan Width": 50, "Actual Startup Time": 67.839, "Actual Total Time": 6836.987, "Actual Rows": 23929, "Actual Loops": 1, "Inner Unique": true, "Hash Cond": "(supplier.s_nationkey = n2.n_nationkey)", "Plans": [{"Node Type": "Nested Loop", "Parent Relationship": "Outer", "Join Type": "Inner", "Startup Cost": 4534.56, "Total Cost": 486417.81, "Plan Rows": 5991, "Plan Width": 28, "Actual Startup Time": 67.737, "Actual Total Time": 6803.424, "Actual Rows": 23929, "Actual Loops": 1, "Inner Unique": false, "Join Filter": "(n1.n_regionkey = region.r_regionkey)", "Rows Removed by Join Filter": 95836, "Plans": [{"Node Type": "Seq Scan", "Parent Relationship": "Outer", "Relation Name": "region", "Alias": "region", "Startup Cost": 0.0, "Total Cost": 1.06, "Plan Rows": 1, "Plan Width": 4, "Actual Startup Time": 0.011, "Actual Total Time": 0.015, "Actual Rows": 1, "Actual Loops": 1, "Filter": "(r_name = 'ASIA'::bpchar)", "Rows Removed by Filter": 4}, {"Node Type": "Hash Join", "Parent Relationship": "Inner", "Join Type": "Inner", "Startup Cost": 4534.56, "Total Cost": 486042.32, "Plan Rows": 29954, "Plan Width": 32, "Actual Startup Time": 67.489, "Actual Total Time": 6770.232, "Actual Rows": 119765, "Actual Loops": 1, "Inner Unique": true, "Hash Cond": "(customer.c_nationkey = n1.n_nationkey)", "Plans": [{"Node Type": "Nested Loop", "Parent Relationship": "Outer", "Join Type": "Inner", "Startup Cost": 4533.0, "Total Cost": 485661.65, "Plan Rows": 29954, "Plan Width": 32, "Actual Startup Time": 67.423, "Actual Total Time": 6700.524, "Actual Rows": 119765, "Actual Loops": 1, "Inner Unique": true, "Plans": [{"Node Type": "Hash Join", "Parent Relationship": "Outer", "Join Type": "Inner", "Startup Cost": 4533.0, "Total Cost": 469409.78, "Plan Rows": 51198, "Plan Width": 36, "Actual Startup Time": 67.385, "Actual Total Time": 5716.914, "Actual Rows": 119765, "Actual Loops": 1, "Inner Unique": true, "Hash Cond": "(lineitem.l_suppkey = supplier.s_suppkey)", "Plans": [{"Node Type": "Nested Loop", "Parent Relationship": "Outer", "Join Type": "Inner", "Startup Cost": 0.0, "Total Cost": 464497.44, "Plan Rows": 86479, "Plan Width": 40, "Actual Startup Time": 0.197, "Actual Total Time": 5569.342, "Actual Rows": 119765, "Actual Loops": 1, "Inner Unique": true, "Plans": [{"Node Type": "Nested Loop", "Parent Relationship": "Outer", "Join Type": "Inner", "Startup Cost": 0.0, "Total Cost": 441564.57, "Plan Rows": 74637, "Plan Width": 32, "Actual Startup Time": 0.046, "Actual Total Time": 2059.105, "Actual Rows": 395341, "Actual Loops": 1, "Inner Unique": false, "Plans": [{"Node Type": "Seq Scan", "Parent Relationship": "Outer", "Relation Name": "part", "Alias": "part", "Startup Cost": 0.0, "Total Cost": 66944.0, "Plan Rows": 13538, "Plan Width": 8, "Actual Startup Time": 0.022, "Actual Total Time": 777.589, "Actual Rows": 13163, "Actual Loops": 1, "Filter": "((p_type)::text = 'SMALL PLATED COPPER'::text)", "Rows Removed by Filter": 1986837}, {"Node Type": "Index Scan", "Parent Relationship": "Inner", "Scan Direction": "Forward", "Index Name": "idx_lineitem_part_supp", "Relation Name": "lineitem", "Alias": "lineitem", "Startup Cost": 0.0, "Total Cost": 27.61, "Plan Rows": 6, "Plan Width": 40, "Actual Startup Time": 154.187, "Actual Total Time": 1177.879, "Actual Rows": 395341, "Actual Loops": 13163, "Index Cond": "(l_partkey = part.p_partkey)", "Rows Removed by Index Recheck": 0}]}, {"Node Type": "Index Scan", "Parent Relationship": "Inner", "Scan Direction": "Forward", "Index Name": "orders_pkey", "Relation Name": "orders", "Alias": "orders", "Startup Cost": 0.0, "Total Cost": 0.3, "Plan Rows": 1, "Plan Width": 24, "Actual Startup Time": 3272.72, "Actual Total Time": 3272.72, "Actual Rows": 119765, "Actual Loops": 395341, "Index Cond": "(o_orderkey = lineitem.l_orderkey)", "Rows Removed by Index Recheck": 0, "Filter": "((o_orderdate >= '1995-01-01 00:00:00'::timestamp(0) without time zone) AND (o_orderdate <= '1996-12-31 00:00:00'::timestamp(0) without time zone))", "Rows Removed by Filter": 275576}]}, {"Node Type": "Hash", "Parent Relationship": "Inner", "Startup Cost": 3283.0, "Total Cost": 3283.0, "Plan Rows": 100000, "Plan Width": 12, "Actual Startup Time": 67.072, "Actual Total Time": 67.072, "Actual Rows": 100000, "Actual Loops": 1, "Hash Buckets": 131072, "Hash Batches": 1, "Original Hash Batches": 1, "Peak Memory Usage": 4297, "Plans": [{"Node Type": "Seq Scan", "Parent Relationship": "Outer", "Relation Name": "supplier", "Alias": "supplier", "Startup Cost": 0.0, "Total Cost": 3283.0, "Plan Rows": 100000, "Plan Width": 12, "Actual Startup Time": 0.016, "Actual Total Time": 39.717, "Actual Rows": 100000, "Actual Loops": 1}]}]}, {"Node Type": "Index Scan", "Parent Relationship": "Inner", "Scan Direction": "Forward", "Index Name": "customer_pkey", "Relation Name": "customer", "Alias": "customer", "Startup Cost": 0.0, "Total Cost": 0.31, "Plan Rows": 1, "Plan Width": 12, "Actual Startup Time": 873.567, "Actual Total Time": 873.567, "Actual Rows": 119765, "Actual Loops": 119765, "Index Cond": "(c_custkey = orders.o_custkey)", "Rows Removed by Index Recheck": 0}]}, {"Node Type": "Hash", "Parent Relationship": "Inner", "Startup Cost": 1.25, "Total Cost": 1.25, "Plan Rows": 25, "Plan Width": 8, "Actual Startup Time": 0.021, "Actual Total Time": 0.021, "Actual Rows": 25, "Actual Loops": 1, "Hash Buckets": 32768, "Hash Batches": 1, "Original Hash Batches": 1, "Peak Memory Usage": 1, "Plans": [{"Node Type": "Seq Scan", "Parent Relationship": "Outer", "Relation Name": "nation", "Alias": "n1", "Startup Cost": 0.0, "Total Cost": 1.25, "Plan Rows": 25, "Plan Width": 8, "Actual Startup Time": 0.008, "Actual Total Time": 0.014, "Actual Rows": 25, "Actual Loops": 1}]}]}]}, {"Node Type": "Hash", "Parent Relationship": "Inner", "Startup Cost": 1.25, "Total Cost": 1.25, "Plan Rows": 25, "Plan Width": 30, "Actual Startup Time": 0.038, "Actual Total Time": 0.038, "Actual Rows": 25, "Actual Loops": 1, "Hash Buckets": 32768, "Hash Batches": 1, "Original Hash Batches": 1, "Peak Memory Usage": 2, "Plans": [{"Node Type": "Seq Scan", "Parent Relationship": "Outer", "Relation Name": "nation", "Alias": "n2", "Startup Cost": 0.0, "Total Cost": 1.25, "Plan Rows": 25, "Plan Width": 30, "Actual Startup Time": 0.017, "Actual Total Time": 0.023, "Actual Rows": 25, "Actual Loops": 1}]}]}]}]}, "Triggers": [], "Planner Runtime": 3, "Total Runtime": 6875.883, "Unique SQL Id": 3681808042}}, "(1, 13)": {"explain_plan": {"Plan": {"Node Type": "Sort", "Startup Cost": 527575.13, "Total Cost": 527575.15, "Plan Rows": 10, "Plan Width": 50, "Sort Key": ["(date_part('year'::text, orders.o_orderdate))"], "Plans": [{"Node Type": "Aggregate", "Strategy": "Hashed", "Parent Relationship": "Outer", "Startup Cost": 527574.81, "Total Cost": 527574.96, "Plan Rows": 10, "Plan Width": 50, "Group By Key": ["date_part('year'::text, orders.o_orderdate)"], "Plans": [{"Node Type": "Hash Join", "Parent Relationship": "Outer", "Join Type": "Inner", "Startup Cost": 6610.42, "Total Cost": 527454.99, "Plan Rows": 5991, "Plan Width": 50, "Inner Unique": true, "Hash Cond": "(supplier.s_nationkey = n2.n_nationkey)", "Plans": [{"Node Type": "Nested Loop", "Parent Relationship": "Outer", "Join Type": "Inner", "Startup Cost": 6597.48, "Total Cost": 527351.25, "Plan Rows": 5991, "Plan Width": 28, "Inner Unique": false, "Join Filter": "(n1.n_regionkey = region.r_regionkey)", "Plans": [{"Node Type": "Index Scan", "Parent Relationship": "Outer", "Scan Direction": "Forward", "Index Name": "region_pkey", "Relation Name": "region", "Alias": "region", "Startup Cost": 0.0, "Total Cost": 12.34, "Plan Rows": 1, "Plan Width": 4, "Filter": "(r_name = 'ASIA'::bpchar)"}, {"Node Type": "Hash Join", "Parent Relationship": "Inner", "Join Type": "Inner", "Startup Cost": 6597.48, "Total Cost": 526964.49, "Plan Rows": 29954, "Plan Width": 32, "Inner Unique": true, "Hash Cond": "(customer.c_nationkey = n1.n_nationkey)", "Plans": [{"Node Type": "Nested Loop", "Parent Relationship": "Outer", "Join Type": "Inner", "Startup Cost": 6584.54, "Total Cost": 526572.45, "Plan Rows": 29954, "Plan Width": 32, "Inner Unique": true, "Plans": [{"Node Type": "Hash Join", "Parent Relationship": "Outer", "Join Type": "Inner", "Startup Cost": 6584.54, "Total Cost": 510320.57, "Plan Rows": 51198, "Plan Width": 36, "Inner Unique": true, "Hash Cond": "(lineitem.l_suppkey = supplier.s_suppkey)", "Plans": [{"Node Type": "Nested Loop", "Parent Relationship": "Outer", "Join Type": "Inner", "Startup Cost": 0.0, "Total Cost": 503356.69, "Plan Rows": 86479, "Plan Width": 40, "Inner Unique": true, "Plans": [{"Node Type": "Nested Loop", "Parent Relationship": "Outer", "Join Type": "Inner", "Startup Cost": 0.0, "Total Cost": 480423.82, "Plan Rows": 74637, "Plan Width": 32, "Inner Unique": false, "Plans": [{"Node Type": "Index Scan", "Parent Relationship": "Outer", "Scan Direction": "Forward", "Index Name": "part_kpey", "Relation Name": "part", "Alias": "part", "Startup Cost": 0.0, "Total Cost": 105803.25, "Plan Rows": 13538, "Plan Width": 8, "Filter": "((p_type)::text = 'SMALL PLATED COPPER'::text)"}, {"Node Type": "Index Scan", "Parent Relationship": "Inner", "Scan Direction": "Forward", "Index Name": "idx_lineitem_part_supp", "Relation Name": "lineitem", "Alias": "lineitem", "Startup Cost": 0.0, "Total Cost": 27.61, "Plan Rows": 6, "Plan Width": 40, "Index Cond": "(l_partkey = part.p_partkey)"}]}, {"Node Type": "Index Scan", "Parent Relationship": "Inner", "Scan Direction": "Forward", "Index Name": "orders_pkey", "Relation Name": "orders", "Alias": "orders", "Startup Cost": 0.0, "Total Cost": 0.3, "Plan Rows": 1, "Plan Width": 24, "Index Cond": "(o_orderkey = lineitem.l_orderkey)", "Filter": "((o_orderdate >= '1995-01-01 00:00:00'::timestamp(0) without time zone) AND (o_orderdate <= '1996-12-31 00:00:00'::timestamp(0) without time zone))"}]}, {"Node Type": "Hash", "Parent Relationship": "Inner", "Startup Cost": 5334.54, "Total Cost": 5334.54, "Plan Rows": 100000, "Plan Width": 12, "Plans": [{"Node Type": "Index Scan", "Parent Relationship": "Outer", "Scan Direction": "Forward", "Index Name": "supplier_pkey", "Relation Name": "supplier", "Alias": "supplier", "Startup Cost": 0.0, "Total Cost": 5334.54, "Plan Rows": 100000, "Plan Width": 12}]}]}, {"Node Type": "Index Scan", "Parent Relationship": "Inner", "Scan Direction": "Forward", "Index Name": "customer_pkey", "Relation Name": "customer", "Alias": "customer", "Startup Cost": 0.0, "Total Cost": 0.31, "Plan Rows": 1, "Plan Width": 12, "Index Cond": "(c_custkey = orders.o_custkey)"}]}, {"Node Type": "Hash", "Parent Relationship": "Inner", "Startup Cost": 12.62, "Total Cost": 12.62, "Plan Rows": 25, "Plan Width": 8, "Plans": [{"Node Type": "Index Scan", "Parent Relationship": "Outer", "Scan Direction": "Forward", "Index Name": "idx_nation_regionkey", "Relation Name": "nation", "Alias": "n1", "Startup Cost": 0.0, "Total Cost": 12.62, "Plan Rows": 25, "Plan Width": 8}]}]}]}, {"Node Type": "Hash", "Parent Relationship": "Inner", "Startup Cost": 12.62, "Total Cost": 12.62, "Plan Rows": 25, "Plan Width": 30, "Plans": [{"Node Type": "Index Scan", "Parent Relationship": "Outer", "Scan Direction": "Forward", "Index Name": "nation_pkey", "Relation Name": "nation", "Alias": "n2", "Startup Cost": 0.0, "Total Cost": 12.62, "Plan Rows": 25, "Plan Width": 30}]}]}]}]}, "Unique SQL Id": 3681808042, "Planner Runtime": 5}, "explain_analyze_plan": {"Plan": {"Node Type": "Sort", "Startup Cost": 527575.13, "Total Cost": 527575.15, "Plan Rows": 10, "Plan Width": 50, "Actual Startup Time": 7727.976, "Actual Total Time": 7727.976, "Actual Rows": 2, "Actual Loops": 1, "Sort Key": ["(date_part('year'::text, orders.o_orderdate))"], "Sort Method": "quicksort", "Sort Space Used": 25, "Sort Space Type": "Memory", "Plans": [{"Node Type": "Aggregate", "Strategy": "Hashed", "Parent Relationship": "Outer", "Startup Cost": 527574.81, "Total Cost": 527574.96, "Plan Rows": 10, "Plan Width": 50, "Actual Startup Time": 7727.96, "Actual Total Time": 7727.961, "Actual Rows": 2, "Actual Loops": 1, "Group By Key": ["date_part('year'::text, orders.o_orderdate)"], "Plans": [{"Node Type": "Hash Join", "Parent Relationship": "Outer", "Join Type": "Inner", "Startup Cost": 6610.42, "Total Cost": 527454.99, "Plan Rows": 5991, "Plan Width": 50, "Actual Startup Time": 110.43, "Actual Total Time": 7691.0, "Actual Rows": 23929, "Actual Loops": 1, "Inner Unique": true, "Hash Cond": "(supplier.s_nationkey = n2.n_nationkey)", "Plans": [{"Node Type": "Nested Loop", "Parent Relationship": "Outer", "Join Type": "Inner", "Startup Cost": 6597.48, "Total Cost": 527351.25, "Plan Rows": 5991, "Plan Width": 28, "Actual Startup Time": 110.344, "Actual Total Time": 7658.106, "Actual Rows": 23929, "Actual Loops": 1, "Inner Unique": false, "Join Filter": "(n1.n_regionkey = region.r_regionkey)", "Rows Removed by Join Filter": 95836, "Plans": [{"Node Type": "Index Scan", "Parent Relationship": "Outer", "Scan Direction": "Forward", "Index Name": "region_pkey", "Relation Name": "region", "Alias": "region", "Startup Cost": 0.0, "Total Cost": 12.34, "Plan Rows": 1, "Plan Width": 4, "Actual Startup Time": 0.008, "Actual Total Time": 0.028, "Actual Rows": 1, "Actual Loops": 1, "Filter": "(r_name = 'ASIA'::bpchar)", "Rows Removed by Filter": 4}, {"Node Type": "Hash Join", "Parent Relationship": "Inner", "Join Type": "Inner", "Startup Cost": 6597.48, "Total Cost": 526964.49, "Plan Rows": 29954, "Plan Width": 32, "Actual Startup Time": 110.097, "Actual Total Time": 7624.915, "Actual Rows": 119765, "Actual Loops": 1, "Inner Unique": true, "Hash Cond": "(customer.c_nationkey = n1.n_nationkey)", "Plans": [{"Node Type": "Nested Loop", "Parent Relationship": "Outer", "Join Type": "Inner", "Startup Cost": 6584.54, "Total Cost": 526572.45, "Plan Rows": 29954, "Plan Width": 32, "Actual Startup Time": 110.034, "Actual Total Time": 7556.275, "Actual Rows": 119765, "Actual Loops": 1, "Inner Unique": true, "Plans": [{"Node Type": "Hash Join", "Parent Relationship": "Outer", "Join Type": "Inner", "Startup Cost": 6584.54, "Total Cost": 510320.57, "Plan Rows": 51198, "Plan Width": 36, "Actual Startup Time": 110.002, "Actual Total Time": 6551.852, "Actual Rows": 119765, "Actual Loops": 1, "Inner Unique": true, "Hash Cond": "(lineitem.l_suppkey = supplier.s_suppkey)", "Plans": [{"Node Type": "Nested Loop", "Parent Relationship": "Outer", "Join Type": "Inner", "Startup Cost": 0.0, "Total Cost": 503356.69, "Plan Rows": 86479, "Plan Width": 40, "Actual Startup Time": 0.168, "Actual Total Time": 6360.928, "Actual Rows": 119765, "Actual Loops": 1, "Inner Unique": true, "Plans": [{"Node Type": "Nested Loop", "Parent Relationship": "Outer", "Join Type": "Inner", "Startup Cost": 0.0, "Total Cost": 480423.82, "Plan Rows": 74637, "Plan Width": 32, "Actual Startup Time": 0.043, "Actual Total Time": 2756.88, "Actual Rows": 395341, "Actual Loops": 1, "Inner Unique": false, "Plans": [{"Node Type": "Index Scan", "Parent Relationship": "Outer", "Scan Direction": "Forward", "Index Name": "part_kpey", "Relation Name": "part", "Alias": "part", "Startup Cost": 0.0, "Total Cost": 105803.25, "Plan Rows": 13538, "Plan Width": 8, "Actual Startup Time": 0.027, "Actual Total Time": 1456.254, "Actual Rows": 13163, "Actual Loops": 1, "Filter": "((p_type)::text = 'SMALL PLATED COPPER'::text)", "Rows Removed by Filter": 1986837}, {"Node Type": "Index Scan", "Parent Relationship": "Inner", "Scan Direction": "Forward", "Index Name": "idx_lineitem_part_supp", "Relation Name": "lineitem", "Alias": "lineitem", "Startup Cost": 0.0, "Total Cost": 27.61, "Plan Rows": 6, "Plan Width": 40, "Actual Startup Time": 157.07, "Actual Total Time": 1199.429, "Actual Rows": 395341, "Actual Loops": 13163, "Index Cond": "(l_partkey = part.p_partkey)", "Rows Removed by Index Recheck": 0}]}, {"Node Type": "Index Scan", "Parent Relationship": "Inner", "Scan Direction": "Forward", "Index Name": "orders_pkey", "Relation Name": "orders", "Alias": "orders", "Startup Cost": 0.0, "Total Cost": 0.3, "Plan Rows": 1, "Plan Width": 24, "Actual Startup Time": 3362.86, "Actual Total Time": 3362.86, "Actual Rows": 119765, "Actual Loops": 395341, "Index Cond": "(o_orderkey = lineitem.l_orderkey)", "Rows Removed by Index Recheck": 0, "Filter": "((o_orderdate >= '1995-01-01 00:00:00'::timestamp(0) without time zone) AND (o_orderdate <= '1996-12-31 00:00:00'::timestamp(0) without time zone))", "Rows Removed by Filter": 275576}]}, {"Node Type": "Hash", "Parent Relationship": "Inner", "Startup Cost": 5334.54, "Total Cost": 5334.54, "Plan Rows": 100000, "Plan Width": 12, "Actual Startup Time": 109.726, "Actual Total Time": 109.726, "Actual Rows": 100000, "Actual Loops": 1, "Hash Buckets": 131072, "Hash Batches": 1, "Original Hash Batches": 1, "Peak Memory Usage": 4297, "Plans": [{"Node Type": "Index Scan", "Parent Relationship": "Outer", "Scan Direction": "Forward", "Index Name": "supplier_pkey", "Relation Name": "supplier", "Alias": "supplier", "Startup Cost": 0.0, "Total Cost": 5334.54, "Plan Rows": 100000, "Plan Width": 12, "Actual Startup Time": 0.02, "Actual Total Time": 82.233, "Actual Rows": 100000, "Actual Loops": 1}]}]}, {"Node Type": "Index Scan", "Parent Relationship": "Inner", "Scan Direction": "Forward", "Index Name": "customer_pkey", "Relation Name": "customer", "Alias": "customer", "Startup Cost": 0.0, "Total Cost": 0.31, "Plan Rows": 1, "Plan Width": 12, "Actual Startup Time": 896.276, "Actual Total Time": 896.276, "Actual Rows": 119765, "Actual Loops": 119765, "Index Cond": "(c_custkey = orders.o_custkey)", "Rows Removed by Index Recheck": 0}]}, {"Node Type": "Hash", "Parent Relationship": "Inner", "Startup Cost": 12.62, "Total Cost": 12.62, "Plan Rows": 25, "Plan Width": 8, "Actual Startup Time": 0.026, "Actual Total Time": 0.026, "Actual Rows": 25, "Actual Loops": 1, "Hash Buckets": 32768, "Hash Batches": 1, "Original Hash Batches": 1, "Peak Memory Usage": 1, "Plans": [{"Node Type": "Index Scan", "Parent Relationship": "Outer", "Scan Direction": "Forward", "Index Name": "idx_nation_regionkey", "Relation Name": "nation", "Alias": "n1", "Startup Cost": 0.0, "Total Cost": 12.62, "Plan Rows": 25, "Plan Width": 8, "Actual Startup Time": 0.006, "Actual Total Time": 0.016, "Actual Rows": 25, "Actual Loops": 1}]}]}]}, {"Node Type": "Hash", "Parent Relationship": "Inner", "Startup Cost": 12.62, "Total Cost": 12.62, "Plan Rows": 25, "Plan Width": 30, "Actual Startup Time": 0.035, "Actual Total Time": 0.035, "Actual Rows": 25, "Actual Loops": 1, "Hash Buckets": 32768, "Hash Batches": 1, "Original Hash Batches": 1, "Peak Memory Usage": 2, "Plans": [{"Node Type": "Index Scan", "Parent Relationship": "Outer", "Scan Direction": "Forward", "Index Name": "nation_pkey", "Relation Name": "nation", "Alias": "n2", "Startup Cost": 0.0, "Total Cost": 12.62, "Plan Rows": 25, "Plan Width": 30, "Actual Startup Time": 0.009, "Actual Total Time": 0.02, "Actual Rows": 25, "Actual Loops": 1}]}]}]}]}, "Triggers": [], "Planner Runtime": 3, "Total Runtime": 7728.406, "Unique SQL Id": 3681808042}}, "(1, 14)": {"explain_plan": {"Plan": {"Node Type": "Sort", "Startup Cost": 2909305.92, "Total Cost": 2909305.94, "Plan Rows": 10, "Plan Width": 50, "Sort Key": ["(date_part('year'::text, orders.o_orderdate))"], "Plans": [{"Node Type": "Aggregate", "Strategy": "Hashed", "Parent Relationship": "Outer", "Startup Cost": 2909305.6, "Total Cost": 2909305.75, "Plan Rows": 10, "Plan Width": 50, "Group By Key": ["date_part('year'::text, orders.o_orderdate)"], "Plans": [{"Node Type": "Nested Loop", "Parent Relationship": "Outer", "Join Type": "Inner", "Startup Cost": 664846.82, "Total Cost": 2909185.78, "Plan Rows": 5991, "Plan Width": 50, "Inner Unique": true, "Join Filter": "(supplier.s_nationkey = n2.n_nationkey)", "Plans": [{"Node Type": "Hash Join", "Parent Relationship": "Outer", "Join Type": "Inner", "Startup Cost": 664846.82, "Total Cost": 2906922.86, "Plan Rows": 5991, "Plan Width": 28, "Inner Unique": true, "Hash Cond": "(lineitem.l_suppkey = supplier.s_suppkey)", "Plans": [{"Node Type": "Hash Join", "Parent Relationship": "Outer", "Join Type": "Inner", "Startup Cost": 660313.82, "Total Cost": 2902243.54, "Plan Rows": 17296, "Plan Width": 32, "Inner Unique": false, "Hash Cond": "(lineitem.l_orderkey = orders.o_orderkey)", "Plans": [{"Node Type": "Hash Join", "Parent Relationship": "Outer", "Join Type": "Inner", "Startup Cost": 67113.23, "Total Cost": 2307926.3, "Plan Rows": 74637, "Plan Width": 32, "Inner Unique": true, "Hash Cond": "(lineitem.l_partkey = part.p_partkey)", "Plans": [{"Node Type": "Seq Scan", "Parent Relationship": "Outer", "Relation Name": "lineitem", "Alias": "lineitem", "Startup Cost": 0.0, "Total Cost": 2015115.33, "Plan Rows": 59987033, "Plan Width": 40}, {"Node Type": "Hash", "Parent Relationship": "Inner", "Startup Cost": 66944.0, "Total Cost": 66944.0, "Plan Rows": 13538, "Plan Width": 8, "Plans": [{"Node Type": "Seq Scan", "Parent Relationship": "Outer", "Relation Name": "part", "Alias": "part", "Startup Cost": 0.0, "Total Cost": 66944.0, "Plan Rows": 13538, "Plan Width": 8, "Filter": "((p_type)::text = 'SMALL PLATED COPPER'::text)"}]}]}, {"Node Type": "Hash", "Parent Relationship": "Inner", "Startup Cost": 586571.9, "Total Cost": 586571.9, "Plan Rows": 530296, "Plan Width": 16, "Plans": [{"Node Type": "Hash Join", "Parent Relationship": "Outer", "Join Type": "Inner", "Startup Cost": 63058.88, "Total Cost": 586571.9, "Plan Rows": 530296, "Plan Width": 16, "Inner Unique": false, "Hash Cond": "(orders.o_custkey = customer.c_custkey), (LLVM Optimized)", "Plans": [{"Node Type": "Seq Scan", "Parent Relationship": "Outer", "Relation Name": "orders", "Alias": "orders", "Startup Cost": 196.01, "Total Cost": 501411.18, "Plan Rows": 4531967, "Plan Width": 24, "Filter": "((o_orderdate >= '1995-01-01 00:00:00'::timestamp(0) without time zone) AND (o_orderdate <= '1996-12-31 00:00:00'::timestamp(0) without time zone)), (LLVM Optimized)"}, {"Node Type": "Hash", "Parent Relationship": "Inner", "Startup Cost": 59112.88, "Total Cost": 59112.88, "Plan Rows": 300000, "Plan Width": 8, "Plans": [{"Node Type": "Hash Join", "Parent Relationship": "Outer", "Join Type": "Inner", "Startup Cost": 2.5, "Total Cost": 59112.88, "Plan Rows": 300000, "Plan Width": 8, "Inner Unique": false, "Hash Cond": "(customer.c_nationkey = n1.n_nationkey), (LLVM Optimized)", "Plans": [{"Node Type": "Seq Scan", "Parent Relationship": "Outer", "Relation Name": "customer", "Alias": "customer", "Startup Cost": 0.0, "Total Cost": 52126.0, "Plan Rows": 1500000, "Plan Width": 12}, {"Node Type": "Hash", "Parent Relationship": "Inner", "Startup Cost": 2.44, "Total Cost": 2.44, "Plan Rows": 5, "Plan Width": 4, "Plans": [{"Node Type": "Hash Join", "Parent Relationship": "Outer", "Join Type": "Inner", "Startup Cost": 1.07, "Total Cost": 2.44, "Plan Rows": 5, "Plan Width": 4, "Inner Unique": true, "Hash Cond": "(n1.n_regionkey = region.r_regionkey)", "Plans": [{"Node Type": "Seq Scan", "Parent Relationship": "Outer", "Relation Name": "nation", "Alias": "n1", "Startup Cost": 0.0, "Total Cost": 1.25, "Plan Rows": 25, "Plan Width": 8}, {"Node Type": "Hash", "Parent Relationship": "Inner", "Startup Cost": 1.06, "Total Cost": 1.06, "Plan Rows": 1, "Plan Width": 4, "Plans": [{"Node Type": "Seq Scan", "Parent Relationship": "Outer", "Relation Name": "region", "Alias": "region", "Startup Cost": 0.0, "Total Cost": 1.06, "Plan Rows": 1, "Plan Width": 4, "Filter": "(r_name = 'ASIA'::bpchar)"}]}]}]}]}]}]}]}]}, {"Node Type": "Hash", "Parent Relationship": "Inner", "Startup Cost": 3283.0, "Total Cost": 3283.0, "Plan Rows": 100000, "Plan Width": 12, "Plans": [{"Node Type": "Seq Scan", "Parent Relationship": "Outer", "Relation Name": "supplier", "Alias": "supplier", "Startup Cost": 0.0, "Total Cost": 3283.0, "Plan Rows": 100000, "Plan Width": 12}]}]}, {"Node Type": "Materialize", "Parent Relationship": "Inner", "Startup Cost": 0.0, "Total Cost": 1.38, "Plan Rows": 25, "Plan Width": 30, "Plans": [{"Node Type": "Seq Scan", "Parent Relationship": "Outer", "Relation Name": "nation", "Alias": "n2", "Startup Cost": 0.0, "Total Cost": 1.25, "Plan Rows": 25, "Plan Width": 30}]}]}]}]}, "Unique SQL Id": 3681808042, "Planner Runtime": 5}, "explain_analyze_plan": null}, "(1, 15)": {"explain_plan": {"Plan": {"Node Type": "Sort", "Startup Cost": 8018177364726.43, "Total Cost": 8018177364726.46, "Plan Rows": 10, "Plan Width": 50, "Sort Key": ["(date_part('year'::text, orders.o_orderdate))"], "Plans": [{"Node Type": "Aggregate", "Strategy": "Hashed", "Parent Relationship": "Outer", "Startup Cost": 8018177364726.12, "Total Cost": 8018177364726.27, "Plan Rows": 10, "Plan Width": 50, "Group By Key": ["date_part('year'::text, orders.o_orderdate)"], "Plans": [{"Node Type": "Nested Loop", "Parent Relationship": "Outer", "Join Type": "Inner", "Startup Cost": 80000000000.0, "Total Cost": 8018177364380.2, "Plan Rows": 17296, "Plan Width": 50, "Inner Unique": false, "Join Filter": "(supplier.s_suppkey = lineitem.l_suppkey)", "Plans": [{"Node Type": "Nested Loop", "Parent Relationship": "Outer", "Join Type": "Inner", "Startup Cost": 20000000000.0, "Total Cost": 2000000572216.94, "Plan Rows": 100000, "Plan Width": 34, "Inner Unique": true, "Join Filter": "(supplier.s_nationkey = n2.n_nationkey), (LLVM Optimized)", "Plans": [{"Node Type": "Index Scan", "Parent Relationship": "Outer", "Scan Direction": "Forward", "Index Name": "supplier_pkey", "Relation Name": "supplier", "Alias": "supplier", "Startup Cost": 10000000000.0, "Total Cost": 1000000533454.38, "Plan Rows": 100000, "Plan Width": 12}, {"Node Type": "Materialize", "Parent Relationship": "Inner", "Startup Cost": 10000000000.0, "Total Cost": 1000000001262.62, "Plan Rows": 25, "Plan Width": 30, "Plans": [{"Node Type": "Index Scan", "Parent Relationship": "Outer", "Scan Direction": "Forward", "Index Name": "nation_pkey", "Relation Name": "nation", "Alias": "n2", "Startup Cost": 10000000000.0, "Total Cost": 1000000001262.5, "Plan Rows": 25, "Plan Width": 30}]}]}, {"Node Type": "Materialize", "Parent Relationship": "Inner", "Startup Cost": 60000000000.0, "Total Cost": 6018150848163.26, "Plan Rows": 17296, "Plan Width": 32, "Plans": [{"Node Type": "Nested Loop", "Parent Relationship": "Outer", "Join Type": "Inner", "Startup Cost": 60000000000.0, "Total Cost": 6018150848076.78, "Plan Rows": 17296, "Plan Width": 32, "Inner Unique": false, "Join Filter": "(orders.o_custkey = customer.c_custkey)", "Plans": [{"Node Type": "Nested Loop", "Parent Relationship": "Outer", "Join Type": "Inner", "Startup Cost": 30000000000.0, "Total Cost": 3017753500294.51, "Plan Rows": 86479, "Plan Width": 40, "Inner Unique": false, "Join Filter": "(lineitem.l_orderkey = orders.o_orderkey)", "Plans": [{"Node Type": "Index Scan", "Parent Relationship": "Outer", "Scan Direction": "Forward", "Index Name": "idx_orders_custkey", "Relation Name": "orders", "Alias": "orders", "Startup Cost": 10000000000.0, "Total Cost": 1000163551268.58, "Plan Rows": 4531967, "Plan Width": 24, "Filter": "((o_orderdate >= '1995-01-01 00:00:00'::timestamp(0) without time zone) AND (o_orderdate <= '1996-12-31 00:00:00'::timestamp(0) without time zone)), (LLVM Optimized)"}, {"Node Type": "Materialize", "Parent Relationship": "Inner", "Startup Cost": 20000000000.0, "Total Cost": 2012516162897.84, "Plan Rows": 74637, "Plan Width": 32, "Plans": [{"Node Type": "Nested Loop", "Parent Relationship": "Outer", "Join Type": "Inner", "Startup Cost": 20000000000.0, "Total Cost": 2012516162524.66, "Plan Rows": 74637, "Plan Width": 32, "Inner Unique": true, "Join Filter": "(part.p_partkey = lineitem.l_partkey)", "Plans": [{"Node Type": "Index Scan", "Parent Relationship": "Outer", "Scan Direction": "Forward", "Index Name": "idx_lineitem_orderkey", "Relation Name": "lineitem", "Alias": "lineitem", "Startup Cost": 10000000000.0, "Total Cost": 1000324015374.5, "Plan Rows": 59987033, "Plan Width": 40}, {"Node Type": "Materialize", "Parent Relationship": "Inner", "Startup Cost": 10000000000.0, "Total Cost": 1000010580392.69, "Plan Rows": 13538, "Plan Width": 8, "Plans": [{"Node Type": "Index Scan", "Parent Relationship": "Outer", "Scan Direction": "Forward", "Index Name": "part_kpey", "Relation Name": "part", "Alias": "part", "Startup Cost": 10000000000.0, "Total Cost": 1000010580325.0, "Plan Rows": 13538, "Plan Width": 8, "Filter": "((p_type)::text = 'SMALL PLATED COPPER'::text)"}]}]}]}]}, {"Node Type": "Materialize", "Parent Relationship": "Inner", "Startup Cost": 30000000000.0, "Total Cost": 3000008193032.26, "Plan Rows": 300000, "Plan Width": 8, "Plans": [{"Node Type": "Nested Loop", "Parent Relationship": "Outer", "Join Type": "Inner", "Startup Cost": 30000000000.0, "Total Cost": 3000008191532.26, "Plan Rows": 300000, "Plan Width": 8, "Inner Unique": false, "Join Filter": "(n1.n_nationkey = customer.c_nationkey), (LLVM Optimized)", "Plans": [{"Node Type": "Index Scan", "Parent Relationship": "Outer", "Scan Direction": "Forward", "Index Name": "customer_pkey", "Relation Name": "customer", "Alias": "customer", "Startup Cost": 10000000000.0, "Total Cost": 1000008076535.62, "Plan Rows": 1500000, "Plan Width": 12}, {"Node Type": "Materialize", "Parent Relationship": "Inner", "Startup Cost": 20000000000.0, "Total Cost": 2000000002496.65, "Plan Rows": 5, "Plan Width": 4, "Plans": [{"Node Type": "Nested Loop", "Parent Relationship": "Outer", "Join Type": "Inner", "Startup Cost": 20000000000.0, "Total Cost": 2000000002496.63, "Plan Rows": 5, "Plan Width": 4, "Inner Unique": true, "Join Filter": "(n1.n_regionkey = region.r_regionkey)", "Plans": [{"Node Type": "Index Scan", "Parent Relationship": "Outer", "Scan Direction": "Forward", "Index Name": "nation_pkey", "Relation Name": "nation", "Alias": "n1", "Startup Cost": 10000000000.0, "Total Cost": 1000000001262.5, "Plan Rows": 25, "Plan Width": 8}, {"Node Type": "Materialize", "Parent Relationship": "Inner", "Startup Cost": 10000000000.0, "Total Cost": 1000000001233.76, "Plan Rows": 1, "Plan Width": 4, "Plans": [{"Node Type": "Index Scan", "Parent Relationship": "Outer", "Scan Direction": "Forward", "Index Name": "region_pkey", "Relation Name": "region", "Alias": "region", "Startup Cost": 10000000000.0, "Total Cost": 1000000001233.75, "Plan Rows": 1, "Plan Width": 4, "Filter": "(r_name = 'ASIA'::bpchar)"}]}]}]}]}]}]}]}]}]}]}, "Unique SQL Id": 3681808042, "Planner Runtime": 6}, "explain_analyze_plan": null}, "(1, 16)": {"explain_plan": {"Plan": {"Node Type": "Sort", "Startup Cost": 497556.85, "Total Cost": 497556.88, "Plan Rows": 10, "Plan Width": 50, "Sort Key": ["(date_part('year'::text, orders.o_orderdate))"], "Plans": [{"Node Type": "Aggregate", "Strategy": "Hashed", "Parent Relationship": "Outer", "Startup Cost": 497556.54, "Total Cost": 497556.69, "Plan Rows": 10, "Plan Width": 50, "Group By Key": ["date_part('year'::text, orders.o_orderdate)"], "Plans": [{"Node Type": "Nested Loop", "Parent Relationship": "Outer", "Join Type": "Inner", "Startup Cost": 447605.57, "Total Cost": 497436.72, "Plan Rows": 5991, "Plan Width": 50, "Inner Unique": true, "Plans": [{"Node Type": "Nested Loop", "Parent Relationship": "Outer", "Join Type": "Inner", "Startup Cost": 447605.57, "Total Cost": 495743.54, "Plan Rows": 5991, "Plan Width": 28, "Inner Unique": false, "Join Filter": "(n1.n_nationkey = customer.c_nationkey)", "Plans": [{"Node Type": "Nested Loop", "Parent Relationship": "Outer", "Join Type": "Inner", "Startup Cost": 447605.57, "Total Cost": 493494.35, "Plan Rows": 29954, "Plan Width": 32, "Inner Unique": true, "Plans": [{"Node Type": "Nested Loop", "Parent Relationship": "Outer", "Join Type": "Inner", "Startup Cost": 447605.57, "Total Cost": 477242.48, "Plan Rows": 51198, "Plan Width": 36, "Inner Unique": true, "Plans": [{"Node Type": "Merge Join", "Parent Relationship": "Outer", "Join Type": "Inner", "Startup Cost": 447605.57, "Total Cost": 454309.6, "Plan Rows": 74637, "Plan Width": 28, "Inner Unique": false, "Merge Cond": "(supplier.s_suppkey = lineitem.l_suppkey)", "Plans": [{"Node Type": "Index Scan", "Parent Relationship": "Outer", "Scan Direction": "Forward", "Index Name": "supplier_pkey", "Relation Name": "supplier", "Alias": "supplier", "Startup Cost": 0.0, "Total Cost": 5334.54, "Plan Rows": 100000, "Plan Width": 12}, {"Node Type": "Sort", "Parent Relationship": "Inner", "Startup Cost": 447605.54, "Total Cost": 447792.13, "Plan Rows": 74637, "Plan Width": 32, "Sort Key": ["lineitem.l_suppkey"], "Plans": [{"Node Type": "Nested Loop", "Parent Relationship": "Outer", "Join Type": "Inner", "Startup Cost": 0.0, "Total Cost": 441564.57, "Plan Rows": 74637, "Plan Width": 32, "Inner Unique": false, "Plans": [{"Node Type": "Seq Scan", "Parent Relationship": "Outer", "Relation Name": "part", "Alias": "part", "Startup Cost": 0.0, "Total Cost": 66944.0, "Plan Rows": 13538, "Plan Width": 8, "Filter": "((p_type)::text = 'SMALL PLATED COPPER'::text)"}, {"Node Type": "Index Scan", "Parent Relationship": "Inner", "Scan Direction": "Forward", "Index Name": "idx_lineitem_part_supp", "Relation Name": "lineitem", "Alias": "lineitem", "Startup Cost": 0.0, "Total Cost": 27.61, "Plan Rows": 6, "Plan Width": 40, "Index Cond": "(l_partkey = part.p_partkey)"}]}]}]}, {"Node Type": "Index Scan", "Parent Relationship": "Inner", "Scan Direction": "Forward", "Index Name": "orders_pkey", "Relation Name": "orders", "Alias": "orders", "Startup Cost": 0.0, "Total Cost": 0.3, "Plan Rows": 1, "Plan Width": 24, "Index Cond": "(o_orderkey = lineitem.l_orderkey)", "Filter": "((o_orderdate >= '1995-01-01 00:00:00'::timestamp(0) without time zone) AND (o_orderdate <= '1996-12-31 00:00:00'::timestamp(0) without time zone))"}]}, {"Node Type": "Index Scan", "Parent Relationship": "Inner", "Scan Direction": "Forward", "Index Name": "customer_pkey", "Relation Name": "customer", "Alias": "customer", "Startup Cost": 0.0, "Total Cost": 0.31, "Plan Rows": 1, "Plan Width": 12, "Index Cond": "(c_custkey = orders.o_custkey)"}]}, {"Node Type": "Materialize", "Parent Relationship": "Inner", "Startup Cost": 0.0, "Total Cost": 2.65, "Plan Rows": 5, "Plan Width": 4, "Plans": [{"Node Type": "Nested Loop", "Parent Relationship": "Outer", "Join Type": "Inner", "Startup Cost": 0.0, "Total Cost": 2.62, "Plan Rows": 5, "Plan Width": 4, "Inner Unique": false, "Join Filter": "(n1.n_regionkey = region.r_regionkey)", "Plans": [{"Node Type": "Seq Scan", "Parent Relationship": "Outer", "Relation Name": "region", "Alias": "region", "Startup Cost": 0.0, "Total Cost": 1.06, "Plan Rows": 1, "Plan Width": 4, "Filter": "(r_name = 'ASIA'::bpchar)"}, {"Node Type": "Seq Scan", "Parent Relationship": "Inner", "Relation Name": "nation", "Alias": "n1", "Startup Cost": 0.0, "Total Cost": 1.25, "Plan Rows": 25, "Plan Width": 8}]}]}]}, {"Node Type": "Index Scan", "Parent Relationship": "Inner", "Scan Direction": "Forward", "Index Name": "nation_pkey", "Relation Name": "nation", "Alias": "n2", "Startup Cost": 0.0, "Total Cost": 0.27, "Plan Rows": 1, "Plan Width": 30, "Index Cond": "(n_nationkey = supplier.s_nationkey)"}]}]}]}, "Unique SQL Id": 3681808042, "Planner Runtime": 4}, "explain_analyze_plan": {"Plan": {"Node Type": "Sort", "Startup Cost": 497556.85, "Total Cost": 497556.88, "Plan Rows": 10, "Plan Width": 50, "Actual Startup Time": 6709.218, "Actual Total Time": 6709.218, "Actual Rows": 2, "Actual Loops": 1, "Sort Key": ["(date_part('year'::text, orders.o_orderdate))"], "Sort Method": "quicksort", "Sort Space Used": 25, "Sort Space Type": "Memory", "Plans": [{"Node Type": "Aggregate", "Strategy": "Hashed", "Parent Relationship": "Outer", "Startup Cost": 497556.54, "Total Cost": 497556.69, "Plan Rows": 10, "Plan Width": 50, "Actual Startup Time": 6709.193, "Actual Total Time": 6709.194, "Actual Rows": 2, "Actual Loops": 1, "Group By Key": ["date_part('year'::text, orders.o_orderdate)"], "Plans": [{"Node Type": "Nested Loop", "Parent Relationship": "Outer", "Join Type": "Inner", "Startup Cost": 447605.57, "Total Cost": 497436.72, "Plan Rows": 5991, "Plan Width": 50, "Actual Startup Time": 1916.787, "Actual Total Time": 6673.3, "Actual Rows": 23929, "Actual Loops": 1, "Inner Unique": true, "Plans": [{"Node Type": "Nested Loop", "Parent Relationship": "Outer", "Join Type": "Inner", "Startup Cost": 447605.57, "Total Cost": 495743.54, "Plan Rows": 5991, "Plan Width": 28, "Actual Startup Time": 1916.758, "Actual Total Time": 6594.467, "Actual Rows": 23929, "Actual Loops": 1, "Inner Unique": false, "Join Filter": "(n1.n_nationkey = customer.c_nationkey)", "Rows Removed by Join Filter": 574896, "Plans": [{"Node Type": "Nested Loop", "Parent Relationship": "Outer", "Join Type": "Inner", "Startup Cost": 447605.57, "Total Cost": 493494.35, "Plan Rows": 29954, "Plan Width": 32, "Actual Startup Time": 1916.601, "Actual Total Time": 6381.112, "Actual Rows": 119765, "Actual Loops": 1, "Inner Unique": true, "Plans": [{"Node Type": "Nested Loop", "Parent Relationship": "Outer", "Join Type": "Inner", "Startup Cost": 447605.57, "Total Cost": 477242.48, "Plan Rows": 51198, "Plan Width": 36, "Actual Startup Time": 1916.583, "Actual Total Time": 5482.774, "Actual Rows": 119765, "Actual Loops": 1, "Inner Unique": true, "Plans": [{"Node Type": "Merge Join", "Parent Relationship": "Outer", "Join Type": "Inner", "Startup Cost": 447605.57, "Total Cost": 454309.6, "Plan Rows": 74637, "Plan Width": 28, "Actual Startup Time": 1916.461, "Actual Total Time": 2217.37, "Actual Rows": 395341, "Actual Loops": 1, "Inner Unique": false, "Merge Cond": "(supplier.s_suppkey = lineitem.l_suppkey)", "Plans": [{"Node Type": "Index Scan", "Parent Relationship": "Outer", "Scan Direction": "Forward", "Index Name": "supplier_pkey", "Relation Name": "supplier", "Alias": "supplier", "Startup Cost": 0.0, "Total Cost": 5334.54, "Plan Rows": 100000, "Plan Width": 12, "Actual Startup Time": 0.027, "Actual Total Time": 68.146, "Actual Rows": 99999, "Actual Loops": 1}, {"Node Type": "Sort", "Parent Relationship": "Inner", "Startup Cost": 447605.54, "Total Cost": 447792.13, "Plan Rows": 74637, "Plan Width": 32, "Actual Startup Time": 1916.413, "Actual Total Time": 1998.043, "Actual Rows": 395341, "Actual Loops": 1, "Sort Key": ["lineitem.l_suppkey"], "Sort Method": "quicksort", "Sort Space Used": 49352, "Sort Space Type": "Memory", "Plans": [{"Node Type": "Nested Loop", "Parent Relationship": "Outer", "Join Type": "Inner", "Startup Cost": 0.0, "Total Cost": 441564.57, "Plan Rows": 74637, "Plan Width": 32, "Actual Startup Time": 0.039, "Actual Total Time": 1770.626, "Actual Rows": 395341, "Actual Loops": 1, "Inner Unique": false, "Plans": [{"Node Type": "Seq Scan", "Parent Relationship": "Outer", "Relation Name": "part", "Alias": "part", "Startup Cost": 0.0, "Total Cost": 66944.0, "Plan Rows": 13538, "Plan Width": 8, "Actual Startup Time": 0.024, "Actual Total Time": 740.239, "Actual Rows": 13163, "Actual Loops": 1, "Filter": "((p_type)::text = 'SMALL PLATED COPPER'::text)", "Rows Removed by Filter": 1986837}, {"Node Type": "Index Scan", "Parent Relationship": "Inner", "Scan Direction": "Forward", "Index Name": "idx_lineitem_part_supp", "Relation Name": "lineitem", "Alias": "lineitem", "Startup Cost": 0.0, "Total Cost": 27.61, "Plan Rows": 6, "Plan Width": 40, "Actual Startup Time": 132.677, "Actual Total Time": 934.895, "Actual Rows": 395341, "Actual Loops": 13163, "Index Cond": "(l_partkey = part.p_partkey)", "Rows Removed by Index Recheck": 0}]}]}]}, {"Node Type": "Index Scan", "Parent Relationship": "Inner", "Scan Direction": "Forward", "Index Name": "orders_pkey", "Relation Name": "orders", "Alias": "orders", "Startup Cost": 0.0, "Total Cost": 0.3, "Plan Rows": 1, "Plan Width": 24, "Actual Startup Time": 3030.493, "Actual Total Time": 3030.493, "Actual Rows": 119765, "Actual Loops": 395341, "Index Cond": "(o_orderkey = lineitem.l_orderkey)", "Rows Removed by Index Recheck": 0, "Filter": "((o_orderdate >= '1995-01-01 00:00:00'::timestamp(0) without time zone) AND (o_orderdate <= '1996-12-31 00:00:00'::timestamp(0) without time zone))", "Rows Removed by Filter": 275576}]}, {"Node Type": "Index Scan", "Parent Relationship": "Inner", "Scan Direction": "Forward", "Index Name": "customer_pkey", "Relation Name": "customer", "Alias": "customer", "Startup Cost": 0.0, "Total Cost": 0.31, "Plan Rows": 1, "Plan Width": 12, "Actual Startup Time": 796.163, "Actual Total Time": 796.163, "Actual Rows": 119765, "Actual Loops": 119765, "Index Cond": "(c_custkey = orders.o_custkey)", "Rows Removed by Index Recheck": 0}]}, {"Node Type": "Materialize", "Parent Relationship": "Inner", "Startup Cost": 0.0, "Total Cost": 2.65, "Plan Rows": 5, "Plan Width": 4, "Actual Startup Time": 12.63, "Actual Total Time": 64.599, "Actual Rows": 598825, "Actual Loops": 119765, "Plans": [{"Node Type": "Nested Loop", "Parent Relationship": "Outer", "Join Type": "Inner", "Startup Cost": 0.0, "Total Cost": 2.62, "Plan Rows": 5, "Plan Width": 4, "Actual Startup Time": 0.05, "Actual Total Time": 0.06, "Actual Rows": 5, "Actual Loops": 1, "Inner Unique": false, "Join Filter": "(n1.n_regionkey = region.r_regionkey)", "Rows Removed by Join Filter": 20, "Plans": [{"Node Type": "Seq Scan", "Parent Relationship": "Outer", "Relation Name": "region", "Alias": "region", "Startup Cost": 0.0, "Total Cost": 1.06, "Plan Rows": 1, "Plan Width": 4, "Actual Startup Time": 0.023, "Actual Total Time": 0.024, "Actual Rows": 1, "Actual Loops": 1, "Filter": "(r_name = 'ASIA'::bpchar)", "Rows Removed by Filter": 4}, {"Node Type": "Seq Scan", "Parent Relationship": "Inner", "Relation Name": "nation", "Alias": "n1", "Startup Cost": 0.0, "Total Cost": 1.25, "Plan Rows": 25, "Plan Width": 8, "Actual Startup Time": 0.009, "Actual Total Time": 0.012, "Actual Rows": 25, "Actual Loops": 1}]}]}]}, {"Node Type": "Index Scan", "Parent Relationship": "Inner", "Scan Direction": "Forward", "Index Name": "nation_pkey", "Relation Name": "nation", "Alias": "n2", "Startup Cost": 0.0, "Total Cost": 0.27, "Plan Rows": 1, "Plan Width": 30, "Actual Startup Time": 39.243, "Actual Total Time": 39.243, "Actual Rows": 23929, "Actual Loops": 23929, "Index Cond": "(n_nationkey = supplier.s_nationkey)", "Rows Removed by Index Recheck": 0}]}]}]}, "Triggers": [], "Planner Runtime": 4, "Total Runtime": 6709.6, "Unique SQL Id": 3681808042}}, "(1, 17)": {"explain_plan": {"Plan": {"Node Type": "Sort", "Startup Cost": 536434.22, "Total Cost": 536434.24, "Plan Rows": 10, "Plan Width": 50, "Sort Key": ["(date_part('year'::text, orders.o_orderdate))"], "Plans": [{"Node Type": "Aggregate", "Strategy": "Hashed", "Parent Relationship": "Outer", "Startup Cost": 536433.9, "Total Cost": 536434.05, "Plan Rows": 10, "Plan Width": 50, "Group By Key": ["date_part('year'::text, orders.o_orderdate)"], "Plans": [{"Node Type": "Nested Loop", "Parent Relationship": "Outer", "Join Type": "Inner", "Startup Cost": 486464.82, "Total Cost": 536314.08, "Plan Rows": 5991, "Plan Width": 50, "Inner Unique": true, "Plans": [{"Node Type": "Nested Loop", "Parent Relationship": "Outer", "Join Type": "Inner", "Startup Cost": 486464.82, "Total Cost": 534620.9, "Plan Rows": 5991, "Plan Width": 28, "Inner Unique": false, "Join Filter": "(n1.n_nationkey = customer.c_nationkey)", "Plans": [{"Node Type": "Nested Loop", "Parent Relationship": "Outer", "Join Type": "Inner", "Startup Cost": 486464.82, "Total Cost": 532353.6, "Plan Rows": 29954, "Plan Width": 32, "Inner Unique": true, "Plans": [{"Node Type": "Nested Loop", "Parent Relationship": "Outer", "Join Type": "Inner", "Startup Cost": 486464.82, "Total Cost": 516101.73, "Plan Rows": 51198, "Plan Width": 36, "Inner Unique": true, "Plans": [{"Node Type": "Merge Join", "Parent Relationship": "Outer", "Join Type": "Inner", "Startup Cost": 486464.82, "Total Cost": 493168.85, "Plan Rows": 74637, "Plan Width": 28, "Inner Unique": true, "Merge Cond": "(lineitem.l_suppkey = supplier.s_suppkey)", "Plans": [{"Node Type": "Sort", "Parent Relationship": "Outer", "Startup Cost": 486464.79, "Total Cost": 486651.38, "Plan Rows": 74637, "Plan Width": 32, "Sort Key": ["lineitem.l_suppkey"], "Plans": [{"Node Type": "Nested Loop", "Parent Relationship": "Outer", "Join Type": "Inner", "Startup Cost": 0.0, "Total Cost": 480423.82, "Plan Rows": 74637, "Plan Width": 32, "Inner Unique": false, "Plans": [{"Node Type": "Index Scan", "Parent Relationship": "Outer", "Scan Direction": "Forward", "Index Name": "part_kpey", "Relation Name": "part", "Alias": "part", "Startup Cost": 0.0, "Total Cost": 105803.25, "Plan Rows": 13538, "Plan Width": 8, "Filter": "((p_type)::text = 'SMALL PLATED COPPER'::text)"}, {"Node Type": "Index Scan", "Parent Relationship": "Inner", "Scan Direction": "Forward", "Index Name": "idx_lineitem_part_supp", "Relation Name": "lineitem", "Alias": "lineitem", "Startup Cost": 0.0, "Total Cost": 27.61, "Plan Rows": 6, "Plan Width": 40, "Index Cond": "(l_partkey = part.p_partkey)"}]}]}, {"Node Type": "Index Scan", "Parent Relationship": "Inner", "Scan Direction": "Forward", "Index Name": "supplier_pkey", "Relation Name": "supplier", "Alias": "supplier", "Startup Cost": 0.0, "Total Cost": 5334.54, "Plan Rows": 100000, "Plan Width": 12}]}, {"Node Type": "Index Scan", "Parent Relationship": "Inner", "Scan Direction": "Forward", "Index Name": "orders_pkey", "Relation Name": "orders", "Alias": "orders", "Startup Cost": 0.0, "Total Cost": 0.3, "Plan Rows": 1, "Plan Width": 24, "Index Cond": "(o_orderkey = lineitem.l_orderkey)", "Filter": "((o_orderdate >= '1995-01-01 00:00:00'::timestamp(0) without time zone) AND (o_orderdate <= '1996-12-31 00:00:00'::timestamp(0) without time zone))"}]}, {"Node Type": "Index Scan", "Parent Relationship": "Inner", "Scan Direction": "Forward", "Index Name": "customer_pkey", "Relation Name": "customer", "Alias": "customer", "Startup Cost": 0.0, "Total Cost": 0.31, "Plan Rows": 1, "Plan Width": 12, "Index Cond": "(c_custkey = orders.o_custkey)"}]}, {"Node Type": "Materialize", "Parent Relationship": "Inner", "Startup Cost": 0.0, "Total Cost": 20.76, "Plan Rows": 5, "Plan Width": 4, "Plans": [{"Node Type": "Nested Loop", "Parent Relationship": "Outer", "Join Type": "Inner", "Startup Cost": 0.0, "Total Cost": 20.74, "Plan Rows": 5, "Plan Width": 4, "Inner Unique": false, "Plans": [{"Node Type": "Index Scan", "Parent Relationship": "Outer", "Scan Direction": "Forward", "Index Name": "region_pkey", "Relation Name": "region", "Alias": "region", "Startup Cost": 0.0, "Total Cost": 12.34, "Plan Rows": 1, "Plan Width": 4, "Filter": "(r_name = 'ASIA'::bpchar)"}, {"Node Type": "Index Scan", "Parent Relationship": "Inner", "Scan Direction": "Forward", "Index Name": "idx_nation_regionkey", "Relation Name": "nation", "Alias": "n1", "Startup Cost": 0.0, "Total Cost": 8.35, "Plan Rows": 5, "Plan Width": 8, "Index Cond": "(n_regionkey = region.r_regionkey)"}]}]}]}, {"Node Type": "Index Scan", "Parent Relationship": "Inner", "Scan Direction": "Forward", "Index Name": "nation_pkey", "Relation Name": "nation", "Alias": "n2", "Startup Cost": 0.0, "Total Cost": 0.27, "Plan Rows": 1, "Plan Width": 30, "Index Cond": "(n_nationkey = supplier.s_nationkey)"}]}]}]}, "Unique SQL Id": 3681808042, "Planner Runtime": 5}, "explain_analyze_plan": {"Plan": {"Node Type": "Sort", "Startup Cost": 536434.22, "Total Cost": 536434.24, "Plan Rows": 10, "Plan Width": 50, "Actual Startup Time": 7397.927, "Actual Total Time": 7397.927, "Actual Rows": 2, "Actual Loops": 1, "Sort Key": ["(date_part('year'::text, orders.o_orderdate))"], "Sort Method": "quicksort", "Sort Space Used": 25, "Sort Space Type": "Memory", "Plans": [{"Node Type": "Aggregate", "Strategy": "Hashed", "Parent Relationship": "Outer", "Startup Cost": 536433.9, "Total Cost": 536434.05, "Plan Rows": 10, "Plan Width": 50, "Actual Startup Time": 7397.905, "Actual Total Time": 7397.907, "Actual Rows": 2, "Actual Loops": 1, "Group By Key": ["date_part('year'::text, orders.o_orderdate)"], "Plans": [{"Node Type": "Nested Loop", "Parent Relationship": "Outer", "Join Type": "Inner", "Startup Cost": 486464.82, "Total Cost": 536314.08, "Plan Rows": 5991, "Plan Width": 50, "Actual Startup Time": 2519.702, "Actual Total Time": 7360.132, "Actual Rows": 23929, "Actual Loops": 1, "Inner Unique": true, "Plans": [{"Node Type": "Nested Loop", "Parent Relationship": "Outer", "Join Type": "Inner", "Startup Cost": 486464.82, "Total Cost": 534620.9, "Plan Rows": 5991, "Plan Width": 28, "Actual Startup Time": 2519.681, "Actual Total Time": 7280.992, "Actual Rows": 23929, "Actual Loops": 1, "Inner Unique": false, "Join Filter": "(n1.n_nationkey = customer.c_nationkey)", "Rows Removed by Join Filter": 574896, "Plans": [{"Node Type": "Nested Loop", "Parent Relationship": "Outer", "Join Type": "Inner", "Startup Cost": 486464.82, "Total Cost": 532353.6, "Plan Rows": 29954, "Plan Width": 32, "Actual Startup Time": 2519.559, "Actual Total Time": 7063.128, "Actual Rows": 119765, "Actual Loops": 1, "Inner Unique": true, "Plans": [{"Node Type": "Nested Loop", "Parent Relationship": "Outer", "Join Type": "Inner", "Startup Cost": 486464.82, "Total Cost": 516101.73, "Plan Rows": 51198, "Plan Width": 36, "Actual Startup Time": 2519.546, "Actual Total Time": 6150.391, "Actual Rows": 119765, "Actual Loops": 1, "Inner Unique": true, "Plans": [{"Node Type": "Merge Join", "Parent Relationship": "Outer", "Join Type": "Inner", "Startup Cost": 486464.82, "Total Cost": 493168.85, "Plan Rows": 74637, "Plan Width": 28, "Actual Startup Time": 2519.471, "Actual Total Time": 2825.006, "Actual Rows": 395341, "Actual Loops": 1, "Inner Unique": true, "Merge Cond": "(lineitem.l_suppkey = supplier.s_suppkey)", "Plans": [{"Node Type": "Sort", "Parent Relationship": "Outer", "Startup Cost": 486464.79, "Total Cost": 486651.38, "Plan Rows": 74637, "Plan Width": 32, "Actual Startup Time": 2519.416, "Actual Total Time": 2599.306, "Actual Rows": 395341, "Actual Loops": 1, "Sort Key": ["lineitem.l_suppkey"], "Sort Method": "quicksort", "Sort Space Used": 49352, "Sort Space Type": "Memory", "Plans": [{"Node Type": "Nested Loop", "Parent Relationship": "Outer", "Join Type": "Inner", "Startup Cost": 0.0, "Total Cost": 480423.82, "Plan Rows": 74637, "Plan Width": 32, "Actual Startup Time": 0.053, "Actual Total Time": 2373.543, "Actual Rows": 395341, "Actual Loops": 1, "Inner Unique": false, "Plans": [{"Node Type": "Index Scan", "Parent Relationship": "Outer", "Scan Direction": "Forward", "Index Name": "part_kpey", "Relation Name": "part", "Alias": "part", "Startup Cost": 0.0, "Total Cost": 105803.25, "Plan Rows": 13538, "Plan Width": 8, "Actual Startup Time": 0.038, "Actual Total Time": 1298.548, "Actual Rows": 13163, "Actual Loops": 1, "Filter": "((p_type)::text = 'SMALL PLATED COPPER'::text)", "Rows Removed by Filter": 1986837}, {"Node Type": "Index Scan", "Parent Relationship": "Inner", "Scan Direction": "Forward", "Index Name": "idx_lineitem_part_supp", "Relation Name": "lineitem", "Alias": "lineitem", "Startup Cost": 0.0, "Total Cost": 27.61, "Plan Rows": 6, "Plan Width": 40, "Actual Startup Time": 133.69, "Actual Total Time": 980.777, "Actual Rows": 395341, "Actual Loops": 13163, "Index Cond": "(l_partkey = part.p_partkey)", "Rows Removed by Index Recheck": 0}]}]}, {"Node Type": "Index Scan", "Parent Relationship": "Inner", "Scan Direction": "Forward", "Index Name": "supplier_pkey", "Relation Name": "supplier", "Alias": "supplier", "Startup Cost": 0.0, "Total Cost": 5334.54, "Plan Rows": 100000, "Plan Width": 12, "Actual Startup Time": 0.038, "Actual Total Time": 68.857, "Actual Rows": 99998, "Actual Loops": 1}]}, {"Node Type": "Index Scan", "Parent Relationship": "Inner", "Scan Direction": "Forward", "Index Name": "orders_pkey", "Relation Name": "orders", "Alias": "orders", "Startup Cost": 0.0, "Total Cost": 0.3, "Plan Rows": 1, "Plan Width": 24, "Actual Startup Time": 3079.097, "Actual Total Time": 3079.097, "Actual Rows": 119765, "Actual Loops": 395341, "Index Cond": "(o_orderkey = lineitem.l_orderkey)", "Rows Removed by Index Recheck": 0, "Filter": "((o_orderdate >= '1995-01-01 00:00:00'::timestamp(0) without time zone) AND (o_orderdate <= '1996-12-31 00:00:00'::timestamp(0) without time zone))", "Rows Removed by Filter": 275576}]}, {"Node Type": "Index Scan", "Parent Relationship": "Inner", "Scan Direction": "Forward", "Index Name": "customer_pkey", "Relation Name": "customer", "Alias": "customer", "Startup Cost": 0.0, "Total Cost": 0.31, "Plan Rows": 1, "Plan Width": 12, "Actual Startup Time": 807.944, "Actual Total Time": 807.944, "Actual Rows": 119765, "Actual Loops": 119765, "Index Cond": "(c_custkey = orders.o_custkey)", "Rows Removed by Index Recheck": 0}]}, {"Node Type": "Materialize", "Parent Relationship": "Inner", "Startup Cost": 0.0, "Total Cost": 20.76, "Plan Rows": 5, "Plan Width": 4, "Actual Startup Time": 13.477, "Actual Total Time": 65.447, "Actual Rows": 598825, "Actual Loops": 119765, "Plans": [{"Node Type": "Nested Loop", "Parent Relationship": "Outer", "Join Type": "Inner", "Startup Cost": 0.0, "Total Cost": 20.74, "Plan Rows": 5, "Plan Width": 4, "Actual Startup Time": 0.023, "Actual Total Time": 0.031, "Actual Rows": 5, "Actual Loops": 1, "Inner Unique": false, "Plans": [{"Node Type": "Index Scan", "Parent Relationship": "Outer", "Scan Direction": "Forward", "Index Name": "region_pkey", "Relation Name": "region", "Alias": "region", "Startup Cost": 0.0, "Total Cost": 12.34, "Plan Rows": 1, "Plan Width": 4, "Actual Startup Time": 0.012, "Actual Total Time": 0.014, "Actual Rows": 1, "Actual Loops": 1, "Filter": "(r_name = 'ASIA'::bpchar)", "Rows Removed by Filter": 4}, {"Node Type": "Index Scan", "Parent Relationship": "Inner", "Scan Direction": "Forward", "Index Name": "idx_nation_regionkey", "Relation Name": "nation", "Alias": "n1", "Startup Cost": 0.0, "Total Cost": 8.35, "Plan Rows": 5, "Plan Width": 8, "Actual Startup Time": 0.009, "Actual Total Time": 0.013, "Actual Rows": 5, "Actual Loops": 1, "Index Cond": "(n_regionkey = region.r_regionkey)", "Rows Removed by Index Recheck": 0}]}]}]}, {"Node Type": "Index Scan", "Parent Relationship": "Inner", "Scan Direction": "Forward", "Index Name": "nation_pkey", "Relation Name": "nation", "Alias": "n2", "Startup Cost": 0.0, "Total Cost": 0.27, "Plan Rows": 1, "Plan Width": 30, "Actual Startup Time": 39.423, "Actual Total Time": 39.423, "Actual Rows": 23929, "Actual Loops": 23929, "Index Cond": "(n_nationkey = supplier.s_nationkey)", "Rows Removed by Index Recheck": 0}]}]}]}, "Triggers": [], "Planner Runtime": 4, "Total Runtime": 7398.295, "Unique SQL Id": 3681808042}}, "(1, 18)": {"explain_plan": {"Plan": {"Node Type": "Sort", "Startup Cost": 857930.92, "Total Cost": 857930.94, "Plan Rows": 10, "Plan Width": 50, "Sort Key": ["(date_part('year'::text, orders.o_orderdate))"], "Plans": [{"Node Type": "Aggregate", "Strategy": "Hashed", "Parent Relationship": "Outer", "Startup Cost": 857930.6, "Total Cost": 857930.75, "Plan Rows": 10, "Plan Width": 50, "Group By Key": ["date_part('year'::text, orders.o_orderdate)"], "Plans": [{"Node Type": "Merge Join", "Parent Relationship": "Outer", "Join Type": "Inner", "Startup Cost": 857705.82, "Total Cost": 857810.78, "Plan Rows": 5991, "Plan Width": 50, "Inner Unique": false, "Merge Cond": "(n2.n_nationkey = supplier.s_nationkey)", "Plans": [{"Node Type": "Sort", "Parent Relationship": "Outer", "Startup Cost": 1.83, "Total Cost": 1.89, "Plan Rows": 25, "Plan Width": 30, "Sort Key": ["n2.n_nationkey"], "Plans": [{"Node Type": "Seq Scan", "Parent Relationship": "Outer", "Relation Name": "nation", "Alias": "n2", "Startup Cost": 0.0, "Total Cost": 1.25, "Plan Rows": 25, "Plan Width": 30}]}, {"Node Type": "Sort", "Parent Relationship": "Inner", "Startup Cost": 857703.98, "Total Cost": 857718.96, "Plan Rows": 5991, "Plan Width": 28, "Sort Key": ["supplier.s_nationkey"], "Plans": [{"Node Type": "Merge Join", "Parent Relationship": "Outer", "Join Type": "Inner", "Startup Cost": 856730.62, "Total Cost": 857328.09, "Plan Rows": 5991, "Plan Width": 28, "Inner Unique": true, "Merge Cond": "(lineitem.l_suppkey = supplier.s_suppkey)", "Plans": [{"Node Type": "Sort", "Parent Relationship": "Outer", "Startup Cost": 845142.79, "Total Cost": 845186.03, "Plan Rows": 17296, "Plan Width": 32, "Sort Key": ["lineitem.l_suppkey"], "Plans": [{"Node Type": "Merge Join", "Parent Relationship": "Outer", "Join Type": "Inner", "Startup Cost": 841820.01, "Total Cost": 843925.31, "Plan Rows": 17296, "Plan Width": 32, "Inner Unique": false, "Merge Cond": "(orders.o_custkey = customer.c_custkey)", "Plans": [{"Node Type": "Sort", "Parent Relationship": "Outer", "Startup Cost": 777363.03, "Total Cost": 777579.23, "Plan Rows": 86479, "Plan Width": 40, "Sort Key": ["orders.o_custkey"], "Plans": [{"Node Type": "Nested Loop", "Parent Relationship": "Outer", "Join Type": "Inner", "Startup Cost": 4.47, "Total Cost": 770271.73, "Plan Rows": 86479, "Plan Width": 40, "Inner Unique": true, "Plans": [{"Node Type": "Nested Loop", "Parent Relationship": "Outer", "Join Type": "Inner", "Startup Cost": 4.21, "Total Cost": 450147.9, "Plan Rows": 74637, "Plan Width": 32, "Inner Unique": false, "Plans": [{"Node Type": "Seq Scan", "Parent Relationship": "Outer", "Relation Name": "part", "Alias": "part", "Startup Cost": 0.0, "Total Cost": 66944.0, "Plan Rows": 13538, "Plan Width": 8, "Filter": "((p_type)::text = 'SMALL PLATED COPPER'::text)"}, {"Node Type": "Bitmap Heap Scan", "Parent Relationship": "Inner", "Relation Name": "lineitem", "Alias": "lineitem", "Startup Cost": 4.21, "Total Cost": 28.25, "Plan Rows": 6, "Plan Width": 40, "Recheck Cond": "(l_partkey = part.p_partkey)", "Plans": [{"Node Type": "Bitmap Index Scan", "Parent Relationship": "Outer", "Index Name": "idx_lineitem_part_supp", "Startup Cost": 0.0, "Total Cost": 4.21, "Plan Rows": 6, "Plan Width": 0, "Index Cond": "(l_partkey = part.p_partkey)"}]}]}, {"Node Type": "Bitmap Heap Scan", "Parent Relationship": "Inner", "Relation Name": "orders", "Alias": "orders", "Startup Cost": 0.26, "Total Cost": 4.28, "Plan Rows": 1, "Plan Width": 24, "Recheck Cond": "(o_orderkey = lineitem.l_orderkey)", "Filter": "((o_orderdate >= '1995-01-01 00:00:00'::timestamp(0) without time zone) AND (o_orderdate <= '1996-12-31 00:00:00'::timestamp(0) without time zone))", "Plans": [{"Node Type": "Bitmap Index Scan", "Parent Relationship": "Outer", "Index Name": "orders_pkey", "Startup Cost": 0.0, "Total Cost": 0.26, "Plan Rows": 1, "Plan Width": 0, "Index Cond": "(o_orderkey = lineitem.l_orderkey)"}]}]}]}, {"Node Type": "Sort", "Parent Relationship": "Inner", "Startup Cost": 64456.94, "Total Cost": 65206.94, "Plan Rows": 300000, "Plan Width": 8, "Sort Key": ["customer.c_custkey"], "Plans": [{"Node Type": "Nested Loop", "Parent Relationship": "Outer", "Join Type": "Inner", "Startup Cost": 1030.37, "Total Cost": 37165.03, "Plan Rows": 300000, "Plan Width": 8, "Inner Unique": false, "Plans": [{"Node Type": "Nested Loop", "Parent Relationship": "Outer", "Join Type": "Inner", "Startup Cost": 0.0, "Total Cost": 2.62, "Plan Rows": 5, "Plan Width": 4, "Inner Unique": false, "Join Filter": "(n1.n_regionkey = region.r_regionkey)", "Plans": [{"Node Type": "Seq Scan", "Parent Relationship": "Outer", "Relation Name": "region", "Alias": "region", "Startup Cost": 0.0, "Total Cost": 1.06, "Plan Rows": 1, "Plan Width": 4, "Filter": "(r_name = 'ASIA'::bpchar)"}, {"Node Type": "Seq Scan", "Parent Relationship": "Inner", "Relation Name": "nation", "Alias": "n1", "Startup Cost": 0.0, "Total Cost": 1.25, "Plan Rows": 25, "Plan Width": 8}]}, {"Node Type": "Bitmap Heap Scan", "Parent Relationship": "Inner", "Relation Name": "customer", "Alias": "customer", "Startup Cost": 1030.37, "Total Cost": 6832.48, "Plan Rows": 60000, "Plan Width": 12, "Recheck Cond": "(c_nationkey = n1.n_nationkey)", "Plans": [{"Node Type": "Bitmap Index Scan", "Parent Relationship": "Outer", "Index Name": "idx_customer_nationkey", "Startup Cost": 0.0, "Total Cost": 1015.37, "Plan Rows": 60000, "Plan Width": 0, "Index Cond": "(c_nationkey = n1.n_nationkey)"}]}]}]}]}]}, {"Node Type": "Sort", "Parent Relationship": "Inner", "Startup Cost": 11587.82, "Total Cost": 11837.82, "Plan Rows": 100000, "Plan Width": 12, "Sort Key": ["supplier.s_suppkey"], "Plans": [{"Node Type": "Seq Scan", "Parent Relationship": "Outer", "Relation Name": "supplier", "Alias": "supplier", "Startup Cost": 0.0, "Total Cost": 3283.0, "Plan Rows": 100000, "Plan Width": 12}]}]}]}]}]}]}, "Unique SQL Id": 3681808042, "Planner Runtime": 5}, "explain_analyze_plan": {"Plan": {"Node Type": "Sort", "Startup Cost": 857930.92, "Total Cost": 857930.94, "Plan Rows": 10, "Plan Width": 50, "Actual Startup Time": 7289.142, "Actual Total Time": 7289.142, "Actual Rows": 2, "Actual Loops": 1, "Sort Key": ["(date_part('year'::text, orders.o_orderdate))"], "Sort Method": "quicksort", "Sort Space Used": 25, "Sort Space Type": "Memory", "Plans": [{"Node Type": "Aggregate", "Strategy": "Hashed", "Parent Relationship": "Outer", "Startup Cost": 857930.6, "Total Cost": 857930.75, "Plan Rows": 10, "Plan Width": 50, "Actual Startup Time": 7289.123, "Actual Total Time": 7289.124, "Actual Rows": 2, "Actual Loops": 1, "Group By Key": ["date_part('year'::text, orders.o_orderdate)"], "Plans": [{"Node Type": "Merge Join", "Parent Relationship": "Outer", "Join Type": "Inner", "Startup Cost": 857705.82, "Total Cost": 857810.78, "Plan Rows": 5991, "Plan Width": 50, "Actual Startup Time": 7251.631, "Actual Total Time": 7270.144, "Actual Rows": 23929, "Actual Loops": 1, "Inner Unique": false, "Merge Cond": "(n2.n_nationkey = supplier.s_nationkey)", "Plans": [{"Node Type": "Sort", "Parent Relationship": "Outer", "Startup Cost": 1.83, "Total Cost": 1.89, "Plan Rows": 25, "Plan Width": 30, "Actual Startup Time": 0.038, "Actual Total Time": 0.039, "Actual Rows": 25, "Actual Loops": 1, "Sort Key": ["n2.n_nationkey"], "Sort Method": "quicksort", "Sort Space Used": 27, "Sort Space Type": "Memory", "Plans": [{"Node Type": "Seq Scan", "Parent Relationship": "Outer", "Relation Name": "nation", "Alias": "n2", "Startup Cost": 0.0, "Total Cost": 1.25, "Plan Rows": 25, "Plan Width": 30, "Actual Startup Time": 0.017, "Actual Total Time": 0.023, "Actual Rows": 25, "Actual Loops": 1}]}, {"Node Type": "Sort", "Parent Relationship": "Inner", "Startup Cost": 857703.98, "Total Cost": 857718.96, "Plan Rows": 5991, "Plan Width": 28, "Actual Startup Time": 7251.469, "Actual Total Time": 7256.367, "Actual Rows": 23929, "Actual Loops": 1, "Sort Key": ["supplier.s_nationkey"], "Sort Method": "quicksort", "Sort Space Used": 3012, "Sort Space Type": "Memory", "Plans": [{"Node Type": "Merge Join", "Parent Relationship": "Outer", "Join Type": "Inner", "Startup Cost": 856730.62, "Total Cost": 857328.09, "Plan Rows": 5991, "Plan Width": 28, "Actual Startup Time": 7204.928, "Actual Total Time": 7244.228, "Actual Rows": 23929, "Actual Loops": 1, "Inner Unique": true, "Merge Cond": "(lineitem.l_suppkey = supplier.s_suppkey)", "Plans": [{"Node Type": "Sort", "Parent Relationship": "Outer", "Startup Cost": 845142.79, "Total Cost": 845186.03, "Plan Rows": 17296, "Plan Width": 32, "Actual Startup Time": 7137.746, "Actual Total Time": 7142.064, "Actual Rows": 23929, "Actual Loops": 1, "Sort Key": ["lineitem.l_suppkey"], "Sort Method": "quicksort", "Sort Space Used": 3012, "Sort Space Type": "Memory", "Plans": [{"Node Type": "Merge Join", "Parent Relationship": "Outer", "Join Type": "Inner", "Startup Cost": 841820.01, "Total Cost": 843925.31, "Plan Rows": 17296, "Plan Width": 32, "Actual Startup Time": 6991.471, "Actual Total Time": 7128.717, "Actual Rows": 23929, "Actual Loops": 1, "Inner Unique": false, "Merge Cond": "(orders.o_custkey = customer.c_custkey)", "Plans": [{"Node Type": "Sort", "Parent Relationship": "Outer", "Startup Cost": 777363.03, "Total Cost": 777579.23, "Plan Rows": 86479, "Plan Width": 40, "Actual Startup Time": 6384.176, "Actual Total Time": 6411.292, "Actual Rows": 119765, "Actual Loops": 1, "Sort Key": ["orders.o_custkey"], "Sort Method": "quicksort", "Sort Space Used": 14300, "Sort Space Type": "Memory", "Plans": [{"Node Type": "Nested Loop", "Parent Relationship": "Outer", "Join Type": "Inner", "Startup Cost": 4.47, "Total Cost": 770271.73, "Plan Rows": 86479, "Plan Width": 40, "Actual Startup Time": 0.165, "Actual Total Time": 6318.347, "Actual Rows": 119765, "Actual Loops": 1, "Inner Unique": true, "Plans": [{"Node Type": "Nested Loop", "Parent Relationship": "Outer", "Join Type": "Inner", "Startup Cost": 4.21, "Total Cost": 450147.9, "Plan Rows": 74637, "Plan Width": 32, "Actual Startup Time": 0.112, "Actual Total Time": 2241.84, "Actual Rows": 395341, "Actual Loops": 1, "Inner Unique": false, "Plans": [{"Node Type": "Seq Scan", "Parent Relationship": "Outer", "Relation Name": "part", "Alias": "part", "Startup Cost": 0.0, "Total Cost": 66944.0, "Plan Rows": 13538, "Plan Width": 8, "Actual Startup Time": 0.019, "Actual Total Time": 768.26, "Actual Rows": 13163, "Actual Loops": 1, "Filter": "((p_type)::text = 'SMALL PLATED COPPER'::text)", "Rows Removed by Filter": 1986837}, {"Node Type": "Bitmap Heap Scan", "Parent Relationship": "Inner", "Relation Name": "lineitem", "Alias": "lineitem", "Startup Cost": 4.21, "Total Cost": 28.25, "Plan Rows": 6, "Plan Width": 40, "Actual Startup Time": 253.628, "Actual Total Time": 1355.61, "Actual Rows": 395341, "Actual Loops": 13163, "Recheck Cond": "(l_partkey = part.p_partkey)", "Rows Removed by Index Recheck": 0, "Exact Heap Blocks": 395337, "Lossy Heap Blocks": 395337, "Plans": [{"Node Type": "Bitmap Index Scan", "Parent Relationship": "Outer", "Index Name": "idx_lineitem_part_supp", "Startup Cost": 0.0, "Total Cost": 4.21, "Plan Rows": 6, "Plan Width": 0, "Actual Startup Time": 161.928, "Actual Total Time": 161.928, "Actual Rows": 395341, "Actual Loops": 13163, "Index Cond": "(l_partkey = part.p_partkey)"}]}]}, {"Node Type": "Bitmap Heap Scan", "Parent Relationship": "Inner", "Relation Name": "orders", "Alias": "orders", "Startup Cost": 0.26, "Total Cost": 4.28, "Plan Rows": 1, "Plan Width": 24, "Actual Startup Time": 3594.846, "Actual Total Time": 3594.846, "Actual Rows": 119765, "Actual Loops": 395341, "Recheck Cond": "(o_orderkey = lineitem.l_orderkey)", "Rows Removed by Index Recheck": 0, "Filter": "((o_orderdate >= '1995-01-01 00:00:00'::timestamp(0) without time zone) AND (o_orderdate <= '1996-12-31 00:00:00'::timestamp(0) without time zone))", "Rows Removed by Filter": 275576, "Exact Heap Blocks": 395341, "Lossy Heap Blocks": 395341, "Plans": [{"Node Type": "Bitmap Index Scan", "Parent Relationship": "Outer", "Index Name": "orders_pkey", "Startup Cost": 0.0, "Total Cost": 0.26, "Plan Rows": 1, "Plan Width": 0, "Actual Startup Time": 2225.166, "Actual Total Time": 2225.166, "Actual Rows": 395341, "Actual Loops": 395341, "Index Cond": "(o_orderkey = lineitem.l_orderkey)"}]}]}]}, {"Node Type": "Sort", "Parent Relationship": "Inner", "Startup Cost": 64456.94, "Total Cost": 65206.94, "Plan Rows": 300000, "Plan Width": 8, "Actual Startup Time": 607.282, "Actual Total Time": 653.179, "Actual Rows": 301987, "Actual Loops": 1, "Sort Key": ["customer.c_custkey"], "Sort Method": "quicksort", "Sort Space Used": 31055, "Sort Space Type": "Memory", "Plans": [{"Node Type": "Nested Loop", "Parent Relationship": "Outer", "Join Type": "Inner", "Startup Cost": 1030.37, "Total Cost": 37165.03, "Plan Rows": 300000, "Plan Width": 8, "Actual Startup Time": 18.077, "Actual Total Time": 510.247, "Actual Rows": 300270, "Actual Loops": 1, "Inner Unique": false, "Plans": [{"Node Type": "Nested Loop", "Parent Relationship": "Outer", "Join Type": "Inner", "Startup Cost": 0.0, "Total Cost": 2.62, "Plan Rows": 5, "Plan Width": 4, "Actual Startup Time": 0.126, "Actual Total Time": 0.19, "Actual Rows": 5, "Actual Loops": 1, "Inner Unique": false, "Join Filter": "(n1.n_regionkey = region.r_regionkey)", "Rows Removed by Join Filter": 20, "Plans": [{"Node Type": "Seq Scan", "Parent Relationship": "Outer", "Relation Name": "region", "Alias": "region", "Startup Cost": 0.0, "Total Cost": 1.06, "Plan Rows": 1, "Plan Width": 4, "Actual Startup Time": 0.079, "Actual Total Time": 0.083, "Actual Rows": 1, "Actual Loops": 1, "Filter": "(r_name = 'ASIA'::bpchar)", "Rows Removed by Filter": 4}, {"Node Type": "Seq Scan", "Parent Relationship": "Inner", "Relation Name": "nation", "Alias": "n1", "Startup Cost": 0.0, "Total Cost": 1.25, "Plan Rows": 25, "Plan Width": 8, "Actual Startup Time": 0.025, "Actual Total Time": 0.05, "Actual Rows": 25, "Actual Loops": 1}]}, {"Node Type": "Bitmap Heap Scan", "Parent Relationship": "Inner", "Relation Name": "customer", "Alias": "customer", "Startup Cost": 1030.37, "Total Cost": 6832.48, "Plan Rows": 60000, "Plan Width": 12, "Actual Startup Time": 92.377, "Actual Total Time": 456.487, "Actual Rows": 300270, "Actual Loops": 5, "Recheck Cond": "(c_nationkey = n1.n_nationkey)", "Rows Removed by Index Recheck": 0, "Exact Heap Blocks": 150032, "Lossy Heap Blocks": 150032, "Plans": [{"Node Type": "Bitmap Index Scan", "Parent Relationship": "Outer", "Index Name": "idx_customer_nationkey", "Startup Cost": 0.0, "Total Cost": 1015.37, "Plan Rows": 60000, "Plan Width": 0, "Actual Startup Time": 59.485, "Actual Total Time": 59.485, "Actual Rows": 300270, "Actual Loops": 5, "Index Cond": "(c_nationkey = n1.n_nationkey)"}]}]}]}]}]}, {"Node Type": "Sort", "Parent Relationship": "Inner", "Startup Cost": 11587.82, "Total Cost": 11837.82, "Plan Rows": 100000, "Plan Width": 12, "Actual Startup Time": 67.171, "Actual Total Time": 78.054, "Actual Rows": 99998, "Actual Loops": 1, "Sort Key": ["supplier.s_suppkey"], "Sort Method": "quicksort", "Sort Space Used": 12448, "Sort Space Type": "Memory", "Plans": [{"Node Type": "Seq Scan", "Parent Relationship": "Outer", "Relation Name": "supplier", "Alias": "supplier", "Startup Cost": 0.0, "Total Cost": 3283.0, "Plan Rows": 100000, "Plan Width": 12, "Actual Startup Time": 0.032, "Actual Total Time": 36.378, "Actual Rows": 100000, "Actual Loops": 1}]}]}]}]}]}]}, "Triggers": [], "Planner Runtime": 4, "Total Runtime": 7289.66, "Unique SQL Id": 3681808042}}, "(1, 19)": {"explain_plan": {"Plan": {"Node Type": "Sort", "Startup Cost": 66661878.45, "Total Cost": 66661878.48, "Plan Rows": 10, "Plan Width": 50, "Sort Key": ["(date_part('year'::text, orders.o_orderdate))"], "Plans": [{"Node Type": "Aggregate", "Strategy": "Hashed", "Parent Relationship": "Outer", "Startup Cost": 66661878.14, "Total Cost": 66661878.29, "Plan Rows": 10, "Plan Width": 50, "Group By Key": ["date_part('year'::text, orders.o_orderdate)"], "Plans": [{"Node Type": "Nested Loop", "Parent Relationship": "Outer", "Join Type": "Inner", "Startup Cost": 115915.31, "Total Cost": 66661758.32, "Plan Rows": 5991, "Plan Width": 50, "Inner Unique": true, "Plans": [{"Node Type": "Nested Loop", "Parent Relationship": "Outer", "Join Type": "Inner", "Startup Cost": 115915.05, "Total Cost": 66636099.88, "Plan Rows": 5991, "Plan Width": 28, "Inner Unique": true, "Plans": [{"Node Type": "Nested Loop", "Parent Relationship": "Outer", "Join Type": "Inner", "Startup Cost": 115914.79, "Total Cost": 66562068.23, "Plan Rows": 17296, "Plan Width": 32, "Inner Unique": true, "Plans": [{"Node Type": "Nested Loop", "Parent Relationship": "Outer", "Join Type": "Inner", "Startup Cost": 115914.53, "Total Cost": 45938880.46, "Plan Rows": 4814867, "Plan Width": 40, "Inner Unique": false, "Plans": [{"Node Type": "Nested Loop", "Parent Relationship": "Outer", "Join Type": "Inner", "Startup Cost": 115914.01, "Total Cost": 43432501.27, "Plan Rows": 530296, "Plan Width": 16, "Inner Unique": true, "Plans": [{"Node Type": "Nested Loop", "Parent Relationship": "Outer", "Join Type": "Inner", "Startup Cost": 115913.43, "Total Cost": 31228406.3, "Plan Rows": 2651479, "Plan Width": 20, "Inner Unique": true, "Plans": [{"Node Type": "Nested Loop", "Parent Relationship": "Outer", "Join Type": "Inner", "Startup Cost": 115913.17, "Total Cost": 19879399.17, "Plan Rows": 2651479, "Plan Width": 20, "Inner Unique": true, "Plans": [{"Node Type": "Bitmap Heap Scan", "Parent Relationship": "Outer", "Relation Name": "orders", "Alias": "orders", "Startup Cost": 115912.91, "Total Cost": 460311.42, "Plan Rows": 4531967, "Plan Width": 24, "Recheck Cond": "((o_orderdate >= '1995-01-01 00:00:00'::timestamp(0) without time zone) AND (o_orderdate <= '1996-12-31 00:00:00'::timestamp(0) without time zone)), (LLVM Optimized)", "Plans": [{"Node Type": "Bitmap Index Scan", "Parent Relationship": "Outer", "Index Name": "idx_orders_orderdate", "Startup Cost": 0.0, "Total Cost": 114779.92, "Plan Rows": 4531967, "Plan Width": 0, "Index Cond": "((o_orderdate >= '1995-01-01 00:00:00'::timestamp(0) without time zone) AND (o_orderdate <= '1996-12-31 00:00:00'::timestamp(0) without time zone))"}]}, {"Node Type": "Bitmap Heap Scan", "Parent Relationship": "Inner", "Relation Name": "customer", "Alias": "customer", "Startup Cost": 0.26, "Total Cost": 4.27, "Plan Rows": 1, "Plan Width": 12, "Recheck Cond": "(c_custkey = orders.o_custkey)", "Plans": [{"Node Type": "Bitmap Index Scan", "Parent Relationship": "Outer", "Index Name": "customer_pkey", "Startup Cost": 0.0, "Total Cost": 0.26, "Plan Rows": 1, "Plan Width": 0, "Index Cond": "(c_custkey = orders.o_custkey)"}]}]}, {"Node Type": "Bitmap Heap Scan", "Parent Relationship": "Inner", "Relation Name": "nation", "Alias": "n1", "Startup Cost": 0.26, "Total Cost": 4.27, "Plan Rows": 1, "Plan Width": 8, "Recheck Cond": "(n_nationkey = customer.c_nationkey)", "Plans": [{"Node Type": "Bitmap Index Scan", "Parent Relationship": "Outer", "Index Name": "nation_pkey", "Startup Cost": 0.0, "Total Cost": 0.26, "Plan Rows": 1, "Plan Width": 0, "Index Cond": "(n_nationkey = customer.c_nationkey)"}]}]}, {"Node Type": "Bitmap Heap Scan", "Parent Relationship": "Inner", "Relation Name": "region", "Alias": "region", "Startup Cost": 0.58, "Total Cost": 4.59, "Plan Rows": 1, "Plan Width": 4, "Recheck Cond": "(r_regionkey = n1.n_regionkey)", "Filter": "(r_name = 'ASIA'::bpchar)", "Plans": [{"Node Type": "Bitmap Index Scan", "Parent Relationship": "Outer", "Index Name": "region_pkey", "Startup Cost": 0.0, "Total Cost": 0.58, "Plan Rows": 1, "Plan Width": 0, "Index Cond": "(r_regionkey = n1.n_regionkey)"}]}]}, {"Node Type": "Bitmap Heap Scan", "Parent Relationship": "Inner", "Relation Name": "lineitem", "Alias": "lineitem", "Startup Cost": 0.52, "Total Cost": 4.64, "Plan Rows": 9, "Plan Width": 40, "Recheck Cond": "(l_orderkey = orders.o_orderkey)", "Plans": [{"Node Type": "Bitmap Index Scan", "Parent Relationship": "Outer", "Index Name": "idx_lineitem_orderkey", "Startup Cost": 0.0, "Total Cost": 0.52, "Plan Rows": 9, "Plan Width": 0, "Index Cond": "(l_orderkey = orders.o_orderkey)"}]}]}, {"Node Type": "Bitmap Heap Scan", "Parent Relationship": "Inner", "Relation Name": "part", "Alias": "part", "Startup Cost": 0.26, "Total Cost": 4.27, "Plan Rows": 1, "Plan Width": 8, "Recheck Cond": "(p_partkey = lineitem.l_partkey)", "Filter": "((p_type)::text = 'SMALL PLATED COPPER'::text)", "Plans": [{"Node Type": "Bitmap Index Scan", "Parent Relationship": "Outer", "Index Name": "part_kpey", "Startup Cost": 0.0, "Total Cost": 0.26, "Plan Rows": 1, "Plan Width": 0, "Index Cond": "(p_partkey = lineitem.l_partkey)"}]}]}, {"Node Type": "Bitmap Heap Scan", "Parent Relationship": "Inner", "Relation Name": "supplier", "Alias": "supplier", "Startup Cost": 0.26, "Total Cost": 4.27, "Plan Rows": 1, "Plan Width": 12, "Recheck Cond": "(s_suppkey = lineitem.l_suppkey)", "Plans": [{"Node Type": "Bitmap Index Scan", "Parent Relationship": "Outer", "Index Name": "supplier_pkey", "Startup Cost": 0.0, "Total Cost": 0.26, "Plan Rows": 1, "Plan Width": 0, "Index Cond": "(s_suppkey = lineitem.l_suppkey)"}]}]}, {"Node Type": "Bitmap Heap Scan", "Parent Relationship": "Inner", "Relation Name": "nation", "Alias": "n2", "Startup Cost": 0.26, "Total Cost": 4.27, "Plan Rows": 1, "Plan Width": 30, "Recheck Cond": "(n_nationkey = supplier.s_nationkey)", "Plans": [{"Node Type": "Bitmap Index Scan", "Parent Relationship": "Outer", "Index Name": "nation_pkey", "Startup Cost": 0.0, "Total Cost": 0.26, "Plan Rows": 1, "Plan Width": 0, "Index Cond": "(n_nationkey = supplier.s_nationkey)"}]}]}]}]}, "Unique SQL Id": 3681808042, "Planner Runtime": 4}, "explain_analyze_plan": null}, "(1, 20)": {"explain_plan": {"Plan": {"Node Type": "Sort", "Startup Cost": 497556.85, "Total Cost": 497556.88, "Plan Rows": 10, "Plan Width": 50, "Sort Key": ["(date_part('year'::text, orders.o_orderdate))"], "Plans": [{"Node Type": "Aggregate", "Strategy": "Hashed", "Parent Relationship": "Outer", "Startup Cost": 497556.54, "Total Cost": 497556.69, "Plan Rows": 10, "Plan Width": 50, "Group By Key": ["date_part('year'::text, orders.o_orderdate)"], "Plans": [{"Node Type": "Nested Loop", "Parent Relationship": "Outer", "Join Type": "Inner", "Startup Cost": 447605.57, "Total Cost": 497436.72, "Plan Rows": 5991, "Plan Width": 50, "Inner Unique": true, "Plans": [{"Node Type": "Nested Loop", "Parent Relationship": "Outer", "Join Type": "Inner", "Startup Cost": 447605.57, "Total Cost": 495743.54, "Plan Rows": 5991, "Plan Width": 28, "Inner Unique": false, "Join Filter": "(n1.n_nationkey = customer.c_nationkey)", "Plans": [{"Node Type": "Nested Loop", "Parent Relationship": "Outer", "Join Type": "Inner", "Startup Cost": 447605.57, "Total Cost": 493494.35, "Plan Rows": 29954, "Plan Width": 32, "Inner Unique": true, "Plans": [{"Node Type": "Nested Loop", "Parent Relationship": "Outer", "Join Type": "Inner", "Startup Cost": 447605.57, "Total Cost": 477242.48, "Plan Rows": 51198, "Plan Width": 36, "Inner Unique": true, "Plans": [{"Node Type": "Merge Join", "Parent Relationship": "Outer", "Join Type": "Inner", "Startup Cost": 447605.57, "Total Cost": 454309.6, "Plan Rows": 74637, "Plan Width": 28, "Inner Unique": false, "Merge Cond": "(supplier.s_suppkey = lineitem.l_suppkey)", "Plans": [{"Node Type": "Index Scan", "Parent Relationship": "Outer", "Scan Direction": "Forward", "Index Name": "supplier_pkey", "Relation Name": "supplier", "Alias": "supplier", "Startup Cost": 0.0, "Total Cost": 5334.54, "Plan Rows": 100000, "Plan Width": 12}, {"Node Type": "Sort", "Parent Relationship": "Inner", "Startup Cost": 447605.54, "Total Cost": 447792.13, "Plan Rows": 74637, "Plan Width": 32, "Sort Key": ["lineitem.l_suppkey"], "Plans": [{"Node Type": "Nested Loop", "Parent Relationship": "Outer", "Join Type": "Inner", "Startup Cost": 0.0, "Total Cost": 441564.57, "Plan Rows": 74637, "Plan Width": 32, "Inner Unique": false, "Plans": [{"Node Type": "Seq Scan", "Parent Relationship": "Outer", "Relation Name": "part", "Alias": "part", "Startup Cost": 0.0, "Total Cost": 66944.0, "Plan Rows": 13538, "Plan Width": 8, "Filter": "((p_type)::text = 'SMALL PLATED COPPER'::text)"}, {"Node Type": "Index Scan", "Parent Relationship": "Inner", "Scan Direction": "Forward", "Index Name": "idx_lineitem_part_supp", "Relation Name": "lineitem", "Alias": "lineitem", "Startup Cost": 0.0, "Total Cost": 27.61, "Plan Rows": 6, "Plan Width": 40, "Index Cond": "(l_partkey = part.p_partkey)"}]}]}]}, {"Node Type": "Index Scan", "Parent Relationship": "Inner", "Scan Direction": "Forward", "Index Name": "orders_pkey", "Relation Name": "orders", "Alias": "orders", "Startup Cost": 0.0, "Total Cost": 0.3, "Plan Rows": 1, "Plan Width": 24, "Index Cond": "(o_orderkey = lineitem.l_orderkey)", "Filter": "((o_orderdate >= '1995-01-01 00:00:00'::timestamp(0) without time zone) AND (o_orderdate <= '1996-12-31 00:00:00'::timestamp(0) without time zone))"}]}, {"Node Type": "Index Scan", "Parent Relationship": "Inner", "Scan Direction": "Forward", "Index Name": "customer_pkey", "Relation Name": "customer", "Alias": "customer", "Startup Cost": 0.0, "Total Cost": 0.31, "Plan Rows": 1, "Plan Width": 12, "Index Cond": "(c_custkey = orders.o_custkey)"}]}, {"Node Type": "Materialize", "Parent Relationship": "Inner", "Startup Cost": 0.0, "Total Cost": 2.65, "Plan Rows": 5, "Plan Width": 4, "Plans": [{"Node Type": "Nested Loop", "Parent Relationship": "Outer", "Join Type": "Inner", "Startup Cost": 0.0, "Total Cost": 2.62, "Plan Rows": 5, "Plan Width": 4, "Inner Unique": false, "Join Filter": "(n1.n_regionkey = region.r_regionkey)", "Plans": [{"Node Type": "Seq Scan", "Parent Relationship": "Outer", "Relation Name": "region", "Alias": "region", "Startup Cost": 0.0, "Total Cost": 1.06, "Plan Rows": 1, "Plan Width": 4, "Filter": "(r_name = 'ASIA'::bpchar)"}, {"Node Type": "Seq Scan", "Parent Relationship": "Inner", "Relation Name": "nation", "Alias": "n1", "Startup Cost": 0.0, "Total Cost": 1.25, "Plan Rows": 25, "Plan Width": 8}]}]}]}, {"Node Type": "Index Scan", "Parent Relationship": "Inner", "Scan Direction": "Forward", "Index Name": "nation_pkey", "Relation Name": "nation", "Alias": "n2", "Startup Cost": 0.0, "Total Cost": 0.27, "Plan Rows": 1, "Plan Width": 30, "Index Cond": "(n_nationkey = supplier.s_nationkey)"}]}]}]}, "Unique SQL Id": 3681808042, "Planner Runtime": 4}, "explain_analyze_plan": {"Plan": {"Node Type": "Sort", "Startup Cost": 497556.85, "Total Cost": 497556.88, "Plan Rows": 10, "Plan Width": 50, "Actual Startup Time": 6709.218, "Actual Total Time": 6709.218, "Actual Rows": 2, "Actual Loops": 1, "Sort Key": ["(date_part('year'::text, orders.o_orderdate))"], "Sort Method": "quicksort", "Sort Space Used": 25, "Sort Space Type": "Memory", "Plans": [{"Node Type": "Aggregate", "Strategy": "Hashed", "Parent Relationship": "Outer", "Startup Cost": 497556.54, "Total Cost": 497556.69, "Plan Rows": 10, "Plan Width": 50, "Actual Startup Time": 6709.193, "Actual Total Time": 6709.194, "Actual Rows": 2, "Actual Loops": 1, "Group By Key": ["date_part('year'::text, orders.o_orderdate)"], "Plans": [{"Node Type": "Nested Loop", "Parent Relationship": "Outer", "Join Type": "Inner", "Startup Cost": 447605.57, "Total Cost": 497436.72, "Plan Rows": 5991, "Plan Width": 50, "Actual Startup Time": 1916.787, "Actual Total Time": 6673.3, "Actual Rows": 23929, "Actual Loops": 1, "Inner Unique": true, "Plans": [{"Node Type": "Nested Loop", "Parent Relationship": "Outer", "Join Type": "Inner", "Startup Cost": 447605.57, "Total Cost": 495743.54, "Plan Rows": 5991, "Plan Width": 28, "Actual Startup Time": 1916.758, "Actual Total Time": 6594.467, "Actual Rows": 23929, "Actual Loops": 1, "Inner Unique": false, "Join Filter": "(n1.n_nationkey = customer.c_nationkey)", "Rows Removed by Join Filter": 574896, "Plans": [{"Node Type": "Nested Loop", "Parent Relationship": "Outer", "Join Type": "Inner", "Startup Cost": 447605.57, "Total Cost": 493494.35, "Plan Rows": 29954, "Plan Width": 32, "Actual Startup Time": 1916.601, "Actual Total Time": 6381.112, "Actual Rows": 119765, "Actual Loops": 1, "Inner Unique": true, "Plans": [{"Node Type": "Nested Loop", "Parent Relationship": "Outer", "Join Type": "Inner", "Startup Cost": 447605.57, "Total Cost": 477242.48, "Plan Rows": 51198, "Plan Width": 36, "Actual Startup Time": 1916.583, "Actual Total Time": 5482.774, "Actual Rows": 119765, "Actual Loops": 1, "Inner Unique": true, "Plans": [{"Node Type": "Merge Join", "Parent Relationship": "Outer", "Join Type": "Inner", "Startup Cost": 447605.57, "Total Cost": 454309.6, "Plan Rows": 74637, "Plan Width": 28, "Actual Startup Time": 1916.461, "Actual Total Time": 2217.37, "Actual Rows": 395341, "Actual Loops": 1, "Inner Unique": false, "Merge Cond": "(supplier.s_suppkey = lineitem.l_suppkey)", "Plans": [{"Node Type": "Index Scan", "Parent Relationship": "Outer", "Scan Direction": "Forward", "Index Name": "supplier_pkey", "Relation Name": "supplier", "Alias": "supplier", "Startup Cost": 0.0, "Total Cost": 5334.54, "Plan Rows": 100000, "Plan Width": 12, "Actual Startup Time": 0.027, "Actual Total Time": 68.146, "Actual Rows": 99999, "Actual Loops": 1}, {"Node Type": "Sort", "Parent Relationship": "Inner", "Startup Cost": 447605.54, "Total Cost": 447792.13, "Plan Rows": 74637, "Plan Width": 32, "Actual Startup Time": 1916.413, "Actual Total Time": 1998.043, "Actual Rows": 395341, "Actual Loops": 1, "Sort Key": ["lineitem.l_suppkey"], "Sort Method": "quicksort", "Sort Space Used": 49352, "Sort Space Type": "Memory", "Plans": [{"Node Type": "Nested Loop", "Parent Relationship": "Outer", "Join Type": "Inner", "Startup Cost": 0.0, "Total Cost": 441564.57, "Plan Rows": 74637, "Plan Width": 32, "Actual Startup Time": 0.039, "Actual Total Time": 1770.626, "Actual Rows": 395341, "Actual Loops": 1, "Inner Unique": false, "Plans": [{"Node Type": "Seq Scan", "Parent Relationship": "Outer", "Relation Name": "part", "Alias": "part", "Startup Cost": 0.0, "Total Cost": 66944.0, "Plan Rows": 13538, "Plan Width": 8, "Actual Startup Time": 0.024, "Actual Total Time": 740.239, "Actual Rows": 13163, "Actual Loops": 1, "Filter": "((p_type)::text = 'SMALL PLATED COPPER'::text)", "Rows Removed by Filter": 1986837}, {"Node Type": "Index Scan", "Parent Relationship": "Inner", "Scan Direction": "Forward", "Index Name": "idx_lineitem_part_supp", "Relation Name": "lineitem", "Alias": "lineitem", "Startup Cost": 0.0, "Total Cost": 27.61, "Plan Rows": 6, "Plan Width": 40, "Actual Startup Time": 132.677, "Actual Total Time": 934.895, "Actual Rows": 395341, "Actual Loops": 13163, "Index Cond": "(l_partkey = part.p_partkey)", "Rows Removed by Index Recheck": 0}]}]}]}, {"Node Type": "Index Scan", "Parent Relationship": "Inner", "Scan Direction": "Forward", "Index Name": "orders_pkey", "Relation Name": "orders", "Alias": "orders", "Startup Cost": 0.0, "Total Cost": 0.3, "Plan Rows": 1, "Plan Width": 24, "Actual Startup Time": 3030.493, "Actual Total Time": 3030.493, "Actual Rows": 119765, "Actual Loops": 395341, "Index Cond": "(o_orderkey = lineitem.l_orderkey)", "Rows Removed by Index Recheck": 0, "Filter": "((o_orderdate >= '1995-01-01 00:00:00'::timestamp(0) without time zone) AND (o_orderdate <= '1996-12-31 00:00:00'::timestamp(0) without time zone))", "Rows Removed by Filter": 275576}]}, {"Node Type": "Index Scan", "Parent Relationship": "Inner", "Scan Direction": "Forward", "Index Name": "customer_pkey", "Relation Name": "customer", "Alias": "customer", "Startup Cost": 0.0, "Total Cost": 0.31, "Plan Rows": 1, "Plan Width": 12, "Actual Startup Time": 796.163, "Actual Total Time": 796.163, "Actual Rows": 119765, "Actual Loops": 119765, "Index Cond": "(c_custkey = orders.o_custkey)", "Rows Removed by Index Recheck": 0}]}, {"Node Type": "Materialize", "Parent Relationship": "Inner", "Startup Cost": 0.0, "Total Cost": 2.65, "Plan Rows": 5, "Plan Width": 4, "Actual Startup Time": 12.63, "Actual Total Time": 64.599, "Actual Rows": 598825, "Actual Loops": 119765, "Plans": [{"Node Type": "Nested Loop", "Parent Relationship": "Outer", "Join Type": "Inner", "Startup Cost": 0.0, "Total Cost": 2.62, "Plan Rows": 5, "Plan Width": 4, "Actual Startup Time": 0.05, "Actual Total Time": 0.06, "Actual Rows": 5, "Actual Loops": 1, "Inner Unique": false, "Join Filter": "(n1.n_regionkey = region.r_regionkey)", "Rows Removed by Join Filter": 20, "Plans": [{"Node Type": "Seq Scan", "Parent Relationship": "Outer", "Relation Name": "region", "Alias": "region", "Startup Cost": 0.0, "Total Cost": 1.06, "Plan Rows": 1, "Plan Width": 4, "Actual Startup Time": 0.023, "Actual Total Time": 0.024, "Actual Rows": 1, "Actual Loops": 1, "Filter": "(r_name = 'ASIA'::bpchar)", "Rows Removed by Filter": 4}, {"Node Type": "Seq Scan", "Parent Relationship": "Inner", "Relation Name": "nation", "Alias": "n1", "Startup Cost": 0.0, "Total Cost": 1.25, "Plan Rows": 25, "Plan Width": 8, "Actual Startup Time": 0.009, "Actual Total Time": 0.012, "Actual Rows": 25, "Actual Loops": 1}]}]}]}, {"Node Type": "Index Scan", "Parent Relationship": "Inner", "Scan Direction": "Forward", "Index Name": "nation_pkey", "Relation Name": "nation", "Alias": "n2", "Startup Cost": 0.0, "Total Cost": 0.27, "Plan Rows": 1, "Plan Width": 30, "Actual Startup Time": 39.243, "Actual Total Time": 39.243, "Actual Rows": 23929, "Actual Loops": 23929, "Index Cond": "(n_nationkey = supplier.s_nationkey)", "Rows Removed by Index Recheck": 0}]}]}]}, "Triggers": [], "Planner Runtime": 4, "Total Runtime": 6709.6, "Unique SQL Id": 3681808042}}, "(1, 21)": {"explain_plan": {"Plan": {"Node Type": "Sort", "Startup Cost": 536434.22, "Total Cost": 536434.24, "Plan Rows": 10, "Plan Width": 50, "Sort Key": ["(date_part('year'::text, orders.o_orderdate))"], "Plans": [{"Node Type": "Aggregate", "Strategy": "Hashed", "Parent Relationship": "Outer", "Startup Cost": 536433.9, "Total Cost": 536434.05, "Plan Rows": 10, "Plan Width": 50, "Group By Key": ["date_part('year'::text, orders.o_orderdate)"], "Plans": [{"Node Type": "Nested Loop", "Parent Relationship": "Outer", "Join Type": "Inner", "Startup Cost": 486464.82, "Total Cost": 536314.08, "Plan Rows": 5991, "Plan Width": 50, "Inner Unique": true, "Plans": [{"Node Type": "Nested Loop", "Parent Relationship": "Outer", "Join Type": "Inner", "Startup Cost": 486464.82, "Total Cost": 534620.9, "Plan Rows": 5991, "Plan Width": 28, "Inner Unique": false, "Join Filter": "(n1.n_nationkey = customer.c_nationkey)", "Plans": [{"Node Type": "Nested Loop", "Parent Relationship": "Outer", "Join Type": "Inner", "Startup Cost": 486464.82, "Total Cost": 532353.6, "Plan Rows": 29954, "Plan Width": 32, "Inner Unique": true, "Plans": [{"Node Type": "Nested Loop", "Parent Relationship": "Outer", "Join Type": "Inner", "Startup Cost": 486464.82, "Total Cost": 516101.73, "Plan Rows": 51198, "Plan Width": 36, "Inner Unique": true, "Plans": [{"Node Type": "Merge Join", "Parent Relationship": "Outer", "Join Type": "Inner", "Startup Cost": 486464.82, "Total Cost": 493168.85, "Plan Rows": 74637, "Plan Width": 28, "Inner Unique": true, "Merge Cond": "(lineitem.l_suppkey = supplier.s_suppkey)", "Plans": [{"Node Type": "Sort", "Parent Relationship": "Outer", "Startup Cost": 486464.79, "Total Cost": 486651.38, "Plan Rows": 74637, "Plan Width": 32, "Sort Key": ["lineitem.l_suppkey"], "Plans": [{"Node Type": "Nested Loop", "Parent Relationship": "Outer", "Join Type": "Inner", "Startup Cost": 0.0, "Total Cost": 480423.82, "Plan Rows": 74637, "Plan Width": 32, "Inner Unique": false, "Plans": [{"Node Type": "Index Scan", "Parent Relationship": "Outer", "Scan Direction": "Forward", "Index Name": "part_kpey", "Relation Name": "part", "Alias": "part", "Startup Cost": 0.0, "Total Cost": 105803.25, "Plan Rows": 13538, "Plan Width": 8, "Filter": "((p_type)::text = 'SMALL PLATED COPPER'::text)"}, {"Node Type": "Index Scan", "Parent Relationship": "Inner", "Scan Direction": "Forward", "Index Name": "idx_lineitem_part_supp", "Relation Name": "lineitem", "Alias": "lineitem", "Startup Cost": 0.0, "Total Cost": 27.61, "Plan Rows": 6, "Plan Width": 40, "Index Cond": "(l_partkey = part.p_partkey)"}]}]}, {"Node Type": "Index Scan", "Parent Relationship": "Inner", "Scan Direction": "Forward", "Index Name": "supplier_pkey", "Relation Name": "supplier", "Alias": "supplier", "Startup Cost": 0.0, "Total Cost": 5334.54, "Plan Rows": 100000, "Plan Width": 12}]}, {"Node Type": "Index Scan", "Parent Relationship": "Inner", "Scan Direction": "Forward", "Index Name": "orders_pkey", "Relation Name": "orders", "Alias": "orders", "Startup Cost": 0.0, "Total Cost": 0.3, "Plan Rows": 1, "Plan Width": 24, "Index Cond": "(o_orderkey = lineitem.l_orderkey)", "Filter": "((o_orderdate >= '1995-01-01 00:00:00'::timestamp(0) without time zone) AND (o_orderdate <= '1996-12-31 00:00:00'::timestamp(0) without time zone))"}]}, {"Node Type": "Index Scan", "Parent Relationship": "Inner", "Scan Direction": "Forward", "Index Name": "customer_pkey", "Relation Name": "customer", "Alias": "customer", "Startup Cost": 0.0, "Total Cost": 0.31, "Plan Rows": 1, "Plan Width": 12, "Index Cond": "(c_custkey = orders.o_custkey)"}]}, {"Node Type": "Materialize", "Parent Relationship": "Inner", "Startup Cost": 0.0, "Total Cost": 20.76, "Plan Rows": 5, "Plan Width": 4, "Plans": [{"Node Type": "Nested Loop", "Parent Relationship": "Outer", "Join Type": "Inner", "Startup Cost": 0.0, "Total Cost": 20.74, "Plan Rows": 5, "Plan Width": 4, "Inner Unique": false, "Plans": [{"Node Type": "Index Scan", "Parent Relationship": "Outer", "Scan Direction": "Forward", "Index Name": "region_pkey", "Relation Name": "region", "Alias": "region", "Startup Cost": 0.0, "Total Cost": 12.34, "Plan Rows": 1, "Plan Width": 4, "Filter": "(r_name = 'ASIA'::bpchar)"}, {"Node Type": "Index Scan", "Parent Relationship": "Inner", "Scan Direction": "Forward", "Index Name": "idx_nation_regionkey", "Relation Name": "nation", "Alias": "n1", "Startup Cost": 0.0, "Total Cost": 8.35, "Plan Rows": 5, "Plan Width": 8, "Index Cond": "(n_regionkey = region.r_regionkey)"}]}]}]}, {"Node Type": "Index Scan", "Parent Relationship": "Inner", "Scan Direction": "Forward", "Index Name": "nation_pkey", "Relation Name": "nation", "Alias": "n2", "Startup Cost": 0.0, "Total Cost": 0.27, "Plan Rows": 1, "Plan Width": 30, "Index Cond": "(n_nationkey = supplier.s_nationkey)"}]}]}]}, "Unique SQL Id": 3681808042, "Planner Runtime": 4}, "explain_analyze_plan": {"Plan": {"Node Type": "Sort", "Startup Cost": 536434.22, "Total Cost": 536434.24, "Plan Rows": 10, "Plan Width": 50, "Actual Startup Time": 7397.927, "Actual Total Time": 7397.927, "Actual Rows": 2, "Actual Loops": 1, "Sort Key": ["(date_part('year'::text, orders.o_orderdate))"], "Sort Method": "quicksort", "Sort Space Used": 25, "Sort Space Type": "Memory", "Plans": [{"Node Type": "Aggregate", "Strategy": "Hashed", "Parent Relationship": "Outer", "Startup Cost": 536433.9, "Total Cost": 536434.05, "Plan Rows": 10, "Plan Width": 50, "Actual Startup Time": 7397.905, "Actual Total Time": 7397.907, "Actual Rows": 2, "Actual Loops": 1, "Group By Key": ["date_part('year'::text, orders.o_orderdate)"], "Plans": [{"Node Type": "Nested Loop", "Parent Relationship": "Outer", "Join Type": "Inner", "Startup Cost": 486464.82, "Total Cost": 536314.08, "Plan Rows": 5991, "Plan Width": 50, "Actual Startup Time": 2519.702, "Actual Total Time": 7360.132, "Actual Rows": 23929, "Actual Loops": 1, "Inner Unique": true, "Plans": [{"Node Type": "Nested Loop", "Parent Relationship": "Outer", "Join Type": "Inner", "Startup Cost": 486464.82, "Total Cost": 534620.9, "Plan Rows": 5991, "Plan Width": 28, "Actual Startup Time": 2519.681, "Actual Total Time": 7280.992, "Actual Rows": 23929, "Actual Loops": 1, "Inner Unique": false, "Join Filter": "(n1.n_nationkey = customer.c_nationkey)", "Rows Removed by Join Filter": 574896, "Plans": [{"Node Type": "Nested Loop", "Parent Relationship": "Outer", "Join Type": "Inner", "Startup Cost": 486464.82, "Total Cost": 532353.6, "Plan Rows": 29954, "Plan Width": 32, "Actual Startup Time": 2519.559, "Actual Total Time": 7063.128, "Actual Rows": 119765, "Actual Loops": 1, "Inner Unique": true, "Plans": [{"Node Type": "Nested Loop", "Parent Relationship": "Outer", "Join Type": "Inner", "Startup Cost": 486464.82, "Total Cost": 516101.73, "Plan Rows": 51198, "Plan Width": 36, "Actual Startup Time": 2519.546, "Actual Total Time": 6150.391, "Actual Rows": 119765, "Actual Loops": 1, "Inner Unique": true, "Plans": [{"Node Type": "Merge Join", "Parent Relationship": "Outer", "Join Type": "Inner", "Startup Cost": 486464.82, "Total Cost": 493168.85, "Plan Rows": 74637, "Plan Width": 28, "Actual Startup Time": 2519.471, "Actual Total Time": 2825.006, "Actual Rows": 395341, "Actual Loops": 1, "Inner Unique": true, "Merge Cond": "(lineitem.l_suppkey = supplier.s_suppkey)", "Plans": [{"Node Type": "Sort", "Parent Relationship": "Outer", "Startup Cost": 486464.79, "Total Cost": 486651.38, "Plan Rows": 74637, "Plan Width": 32, "Actual Startup Time": 2519.416, "Actual Total Time": 2599.306, "Actual Rows": 395341, "Actual Loops": 1, "Sort Key": ["lineitem.l_suppkey"], "Sort Method": "quicksort", "Sort Space Used": 49352, "Sort Space Type": "Memory", "Plans": [{"Node Type": "Nested Loop", "Parent Relationship": "Outer", "Join Type": "Inner", "Startup Cost": 0.0, "Total Cost": 480423.82, "Plan Rows": 74637, "Plan Width": 32, "Actual Startup Time": 0.053, "Actual Total Time": 2373.543, "Actual Rows": 395341, "Actual Loops": 1, "Inner Unique": false, "Plans": [{"Node Type": "Index Scan", "Parent Relationship": "Outer", "Scan Direction": "Forward", "Index Name": "part_kpey", "Relation Name": "part", "Alias": "part", "Startup Cost": 0.0, "Total Cost": 105803.25, "Plan Rows": 13538, "Plan Width": 8, "Actual Startup Time": 0.038, "Actual Total Time": 1298.548, "Actual Rows": 13163, "Actual Loops": 1, "Filter": "((p_type)::text = 'SMALL PLATED COPPER'::text)", "Rows Removed by Filter": 1986837}, {"Node Type": "Index Scan", "Parent Relationship": "Inner", "Scan Direction": "Forward", "Index Name": "idx_lineitem_part_supp", "Relation Name": "lineitem", "Alias": "lineitem", "Startup Cost": 0.0, "Total Cost": 27.61, "Plan Rows": 6, "Plan Width": 40, "Actual Startup Time": 133.69, "Actual Total Time": 980.777, "Actual Rows": 395341, "Actual Loops": 13163, "Index Cond": "(l_partkey = part.p_partkey)", "Rows Removed by Index Recheck": 0}]}]}, {"Node Type": "Index Scan", "Parent Relationship": "Inner", "Scan Direction": "Forward", "Index Name": "supplier_pkey", "Relation Name": "supplier", "Alias": "supplier", "Startup Cost": 0.0, "Total Cost": 5334.54, "Plan Rows": 100000, "Plan Width": 12, "Actual Startup Time": 0.038, "Actual Total Time": 68.857, "Actual Rows": 99998, "Actual Loops": 1}]}, {"Node Type": "Index Scan", "Parent Relationship": "Inner", "Scan Direction": "Forward", "Index Name": "orders_pkey", "Relation Name": "orders", "Alias": "orders", "Startup Cost": 0.0, "Total Cost": 0.3, "Plan Rows": 1, "Plan Width": 24, "Actual Startup Time": 3079.097, "Actual Total Time": 3079.097, "Actual Rows": 119765, "Actual Loops": 395341, "Index Cond": "(o_orderkey = lineitem.l_orderkey)", "Rows Removed by Index Recheck": 0, "Filter": "((o_orderdate >= '1995-01-01 00:00:00'::timestamp(0) without time zone) AND (o_orderdate <= '1996-12-31 00:00:00'::timestamp(0) without time zone))", "Rows Removed by Filter": 275576}]}, {"Node Type": "Index Scan", "Parent Relationship": "Inner", "Scan Direction": "Forward", "Index Name": "customer_pkey", "Relation Name": "customer", "Alias": "customer", "Startup Cost": 0.0, "Total Cost": 0.31, "Plan Rows": 1, "Plan Width": 12, "Actual Startup Time": 807.944, "Actual Total Time": 807.944, "Actual Rows": 119765, "Actual Loops": 119765, "Index Cond": "(c_custkey = orders.o_custkey)", "Rows Removed by Index Recheck": 0}]}, {"Node Type": "Materialize", "Parent Relationship": "Inner", "Startup Cost": 0.0, "Total Cost": 20.76, "Plan Rows": 5, "Plan Width": 4, "Actual Startup Time": 13.477, "Actual Total Time": 65.447, "Actual Rows": 598825, "Actual Loops": 119765, "Plans": [{"Node Type": "Nested Loop", "Parent Relationship": "Outer", "Join Type": "Inner", "Startup Cost": 0.0, "Total Cost": 20.74, "Plan Rows": 5, "Plan Width": 4, "Actual Startup Time": 0.023, "Actual Total Time": 0.031, "Actual Rows": 5, "Actual Loops": 1, "Inner Unique": false, "Plans": [{"Node Type": "Index Scan", "Parent Relationship": "Outer", "Scan Direction": "Forward", "Index Name": "region_pkey", "Relation Name": "region", "Alias": "region", "Startup Cost": 0.0, "Total Cost": 12.34, "Plan Rows": 1, "Plan Width": 4, "Actual Startup Time": 0.012, "Actual Total Time": 0.014, "Actual Rows": 1, "Actual Loops": 1, "Filter": "(r_name = 'ASIA'::bpchar)", "Rows Removed by Filter": 4}, {"Node Type": "Index Scan", "Parent Relationship": "Inner", "Scan Direction": "Forward", "Index Name": "idx_nation_regionkey", "Relation Name": "nation", "Alias": "n1", "Startup Cost": 0.0, "Total Cost": 8.35, "Plan Rows": 5, "Plan Width": 8, "Actual Startup Time": 0.009, "Actual Total Time": 0.013, "Actual Rows": 5, "Actual Loops": 1, "Index Cond": "(n_regionkey = region.r_regionkey)", "Rows Removed by Index Recheck": 0}]}]}]}, {"Node Type": "Index Scan", "Parent Relationship": "Inner", "Scan Direction": "Forward", "Index Name": "nation_pkey", "Relation Name": "nation", "Alias": "n2", "Startup Cost": 0.0, "Total Cost": 0.27, "Plan Rows": 1, "Plan Width": 30, "Actual Startup Time": 39.423, "Actual Total Time": 39.423, "Actual Rows": 23929, "Actual Loops": 23929, "Index Cond": "(n_nationkey = supplier.s_nationkey)", "Rows Removed by Index Recheck": 0}]}]}]}, "Triggers": [], "Planner Runtime": 4, "Total Runtime": 7398.295, "Unique SQL Id": 3681808042}}, "(1, 22)": {"explain_plan": {"Plan": {"Node Type": "Sort", "Startup Cost": 857930.92, "Total Cost": 857930.94, "Plan Rows": 10, "Plan Width": 50, "Sort Key": ["(date_part('year'::text, orders.o_orderdate))"], "Plans": [{"Node Type": "Aggregate", "Strategy": "Hashed", "Parent Relationship": "Outer", "Startup Cost": 857930.6, "Total Cost": 857930.75, "Plan Rows": 10, "Plan Width": 50, "Group By Key": ["date_part('year'::text, orders.o_orderdate)"], "Plans": [{"Node Type": "Merge Join", "Parent Relationship": "Outer", "Join Type": "Inner", "Startup Cost": 857705.82, "Total Cost": 857810.78, "Plan Rows": 5991, "Plan Width": 50, "Inner Unique": false, "Merge Cond": "(n2.n_nationkey = supplier.s_nationkey)", "Plans": [{"Node Type": "Sort", "Parent Relationship": "Outer", "Startup Cost": 1.83, "Total Cost": 1.89, "Plan Rows": 25, "Plan Width": 30, "Sort Key": ["n2.n_nationkey"], "Plans": [{"Node Type": "Seq Scan", "Parent Relationship": "Outer", "Relation Name": "nation", "Alias": "n2", "Startup Cost": 0.0, "Total Cost": 1.25, "Plan Rows": 25, "Plan Width": 30}]}, {"Node Type": "Sort", "Parent Relationship": "Inner", "Startup Cost": 857703.98, "Total Cost": 857718.96, "Plan Rows": 5991, "Plan Width": 28, "Sort Key": ["supplier.s_nationkey"], "Plans": [{"Node Type": "Merge Join", "Parent Relationship": "Outer", "Join Type": "Inner", "Startup Cost": 856730.62, "Total Cost": 857328.09, "Plan Rows": 5991, "Plan Width": 28, "Inner Unique": true, "Merge Cond": "(lineitem.l_suppkey = supplier.s_suppkey)", "Plans": [{"Node Type": "Sort", "Parent Relationship": "Outer", "Startup Cost": 845142.79, "Total Cost": 845186.03, "Plan Rows": 17296, "Plan Width": 32, "Sort Key": ["lineitem.l_suppkey"], "Plans": [{"Node Type": "Merge Join", "Parent Relationship": "Outer", "Join Type": "Inner", "Startup Cost": 841820.01, "Total Cost": 843925.31, "Plan Rows": 17296, "Plan Width": 32, "Inner Unique": false, "Merge Cond": "(orders.o_custkey = customer.c_custkey)", "Plans": [{"Node Type": "Sort", "Parent Relationship": "Outer", "Startup Cost": 777363.03, "Total Cost": 777579.23, "Plan Rows": 86479, "Plan Width": 40, "Sort Key": ["orders.o_custkey"], "Plans": [{"Node Type": "Nested Loop", "Parent Relationship": "Outer", "Join Type": "Inner", "Startup Cost": 4.47, "Total Cost": 770271.73, "Plan Rows": 86479, "Plan Width": 40, "Inner Unique": true, "Plans": [{"Node Type": "Nested Loop", "Parent Relationship": "Outer", "Join Type": "Inner", "Startup Cost": 4.21, "Total Cost": 450147.9, "Plan Rows": 74637, "Plan Width": 32, "Inner Unique": false, "Plans": [{"Node Type": "Seq Scan", "Parent Relationship": "Outer", "Relation Name": "part", "Alias": "part", "Startup Cost": 0.0, "Total Cost": 66944.0, "Plan Rows": 13538, "Plan Width": 8, "Filter": "((p_type)::text = 'SMALL PLATED COPPER'::text)"}, {"Node Type": "Bitmap Heap Scan", "Parent Relationship": "Inner", "Relation Name": "lineitem", "Alias": "lineitem", "Startup Cost": 4.21, "Total Cost": 28.25, "Plan Rows": 6, "Plan Width": 40, "Recheck Cond": "(l_partkey = part.p_partkey)", "Plans": [{"Node Type": "Bitmap Index Scan", "Parent Relationship": "Outer", "Index Name": "idx_lineitem_part_supp", "Startup Cost": 0.0, "Total Cost": 4.21, "Plan Rows": 6, "Plan Width": 0, "Index Cond": "(l_partkey = part.p_partkey)"}]}]}, {"Node Type": "Bitmap Heap Scan", "Parent Relationship": "Inner", "Relation Name": "orders", "Alias": "orders", "Startup Cost": 0.26, "Total Cost": 4.28, "Plan Rows": 1, "Plan Width": 24, "Recheck Cond": "(o_orderkey = lineitem.l_orderkey)", "Filter": "((o_orderdate >= '1995-01-01 00:00:00'::timestamp(0) without time zone) AND (o_orderdate <= '1996-12-31 00:00:00'::timestamp(0) without time zone))", "Plans": [{"Node Type": "Bitmap Index Scan", "Parent Relationship": "Outer", "Index Name": "orders_pkey", "Startup Cost": 0.0, "Total Cost": 0.26, "Plan Rows": 1, "Plan Width": 0, "Index Cond": "(o_orderkey = lineitem.l_orderkey)"}]}]}]}, {"Node Type": "Sort", "Parent Relationship": "Inner", "Startup Cost": 64456.94, "Total Cost": 65206.94, "Plan Rows": 300000, "Plan Width": 8, "Sort Key": ["customer.c_custkey"], "Plans": [{"Node Type": "Nested Loop", "Parent Relationship": "Outer", "Join Type": "Inner", "Startup Cost": 1030.37, "Total Cost": 37165.03, "Plan Rows": 300000, "Plan Width": 8, "Inner Unique": false, "Plans": [{"Node Type": "Nested Loop", "Parent Relationship": "Outer", "Join Type": "Inner", "Startup Cost": 0.0, "Total Cost": 2.62, "Plan Rows": 5, "Plan Width": 4, "Inner Unique": false, "Join Filter": "(n1.n_regionkey = region.r_regionkey)", "Plans": [{"Node Type": "Seq Scan", "Parent Relationship": "Outer", "Relation Name": "region", "Alias": "region", "Startup Cost": 0.0, "Total Cost": 1.06, "Plan Rows": 1, "Plan Width": 4, "Filter": "(r_name = 'ASIA'::bpchar)"}, {"Node Type": "Seq Scan", "Parent Relationship": "Inner", "Relation Name": "nation", "Alias": "n1", "Startup Cost": 0.0, "Total Cost": 1.25, "Plan Rows": 25, "Plan Width": 8}]}, {"Node Type": "Bitmap Heap Scan", "Parent Relationship": "Inner", "Relation Name": "customer", "Alias": "customer", "Startup Cost": 1030.37, "Total Cost": 6832.48, "Plan Rows": 60000, "Plan Width": 12, "Recheck Cond": "(c_nationkey = n1.n_nationkey)", "Plans": [{"Node Type": "Bitmap Index Scan", "Parent Relationship": "Outer", "Index Name": "idx_customer_nationkey", "Startup Cost": 0.0, "Total Cost": 1015.37, "Plan Rows": 60000, "Plan Width": 0, "Index Cond": "(c_nationkey = n1.n_nationkey)"}]}]}]}]}]}, {"Node Type": "Sort", "Parent Relationship": "Inner", "Startup Cost": 11587.82, "Total Cost": 11837.82, "Plan Rows": 100000, "Plan Width": 12, "Sort Key": ["supplier.s_suppkey"], "Plans": [{"Node Type": "Seq Scan", "Parent Relationship": "Outer", "Relation Name": "supplier", "Alias": "supplier", "Startup Cost": 0.0, "Total Cost": 3283.0, "Plan Rows": 100000, "Plan Width": 12}]}]}]}]}]}]}, "Unique SQL Id": 3681808042, "Planner Runtime": 4}, "explain_analyze_plan": {"Plan": {"Node Type": "Sort", "Startup Cost": 857930.92, "Total Cost": 857930.94, "Plan Rows": 10, "Plan Width": 50, "Actual Startup Time": 7289.142, "Actual Total Time": 7289.142, "Actual Rows": 2, "Actual Loops": 1, "Sort Key": ["(date_part('year'::text, orders.o_orderdate))"], "Sort Method": "quicksort", "Sort Space Used": 25, "Sort Space Type": "Memory", "Plans": [{"Node Type": "Aggregate", "Strategy": "Hashed", "Parent Relationship": "Outer", "Startup Cost": 857930.6, "Total Cost": 857930.75, "Plan Rows": 10, "Plan Width": 50, "Actual Startup Time": 7289.123, "Actual Total Time": 7289.124, "Actual Rows": 2, "Actual Loops": 1, "Group By Key": ["date_part('year'::text, orders.o_orderdate)"], "Plans": [{"Node Type": "Merge Join", "Parent Relationship": "Outer", "Join Type": "Inner", "Startup Cost": 857705.82, "Total Cost": 857810.78, "Plan Rows": 5991, "Plan Width": 50, "Actual Startup Time": 7251.631, "Actual Total Time": 7270.144, "Actual Rows": 23929, "Actual Loops": 1, "Inner Unique": false, "Merge Cond": "(n2.n_nationkey = supplier.s_nationkey)", "Plans": [{"Node Type": "Sort", "Parent Relationship": "Outer", "Startup Cost": 1.83, "Total Cost": 1.89, "Plan Rows": 25, "Plan Width": 30, "Actual Startup Time": 0.038, "Actual Total Time": 0.039, "Actual Rows": 25, "Actual Loops": 1, "Sort Key": ["n2.n_nationkey"], "Sort Method": "quicksort", "Sort Space Used": 27, "Sort Space Type": "Memory", "Plans": [{"Node Type": "Seq Scan", "Parent Relationship": "Outer", "Relation Name": "nation", "Alias": "n2", "Startup Cost": 0.0, "Total Cost": 1.25, "Plan Rows": 25, "Plan Width": 30, "Actual Startup Time": 0.017, "Actual Total Time": 0.023, "Actual Rows": 25, "Actual Loops": 1}]}, {"Node Type": "Sort", "Parent Relationship": "Inner", "Startup Cost": 857703.98, "Total Cost": 857718.96, "Plan Rows": 5991, "Plan Width": 28, "Actual Startup Time": 7251.469, "Actual Total Time": 7256.367, "Actual Rows": 23929, "Actual Loops": 1, "Sort Key": ["supplier.s_nationkey"], "Sort Method": "quicksort", "Sort Space Used": 3012, "Sort Space Type": "Memory", "Plans": [{"Node Type": "Merge Join", "Parent Relationship": "Outer", "Join Type": "Inner", "Startup Cost": 856730.62, "Total Cost": 857328.09, "Plan Rows": 5991, "Plan Width": 28, "Actual Startup Time": 7204.928, "Actual Total Time": 7244.228, "Actual Rows": 23929, "Actual Loops": 1, "Inner Unique": true, "Merge Cond": "(lineitem.l_suppkey = supplier.s_suppkey)", "Plans": [{"Node Type": "Sort", "Parent Relationship": "Outer", "Startup Cost": 845142.79, "Total Cost": 845186.03, "Plan Rows": 17296, "Plan Width": 32, "Actual Startup Time": 7137.746, "Actual Total Time": 7142.064, "Actual Rows": 23929, "Actual Loops": 1, "Sort Key": ["lineitem.l_suppkey"], "Sort Method": "quicksort", "Sort Space Used": 3012, "Sort Space Type": "Memory", "Plans": [{"Node Type": "Merge Join", "Parent Relationship": "Outer", "Join Type": "Inner", "Startup Cost": 841820.01, "Total Cost": 843925.31, "Plan Rows": 17296, "Plan Width": 32, "Actual Startup Time": 6991.471, "Actual Total Time": 7128.717, "Actual Rows": 23929, "Actual Loops": 1, "Inner Unique": false, "Merge Cond": "(orders.o_custkey = customer.c_custkey)", "Plans": [{"Node Type": "Sort", "Parent Relationship": "Outer", "Startup Cost": 777363.03, "Total Cost": 777579.23, "Plan Rows": 86479, "Plan Width": 40, "Actual Startup Time": 6384.176, "Actual Total Time": 6411.292, "Actual Rows": 119765, "Actual Loops": 1, "Sort Key": ["orders.o_custkey"], "Sort Method": "quicksort", "Sort Space Used": 14300, "Sort Space Type": "Memory", "Plans": [{"Node Type": "Nested Loop", "Parent Relationship": "Outer", "Join Type": "Inner", "Startup Cost": 4.47, "Total Cost": 770271.73, "Plan Rows": 86479, "Plan Width": 40, "Actual Startup Time": 0.165, "Actual Total Time": 6318.347, "Actual Rows": 119765, "Actual Loops": 1, "Inner Unique": true, "Plans": [{"Node Type": "Nested Loop", "Parent Relationship": "Outer", "Join Type": "Inner", "Startup Cost": 4.21, "Total Cost": 450147.9, "Plan Rows": 74637, "Plan Width": 32, "Actual Startup Time": 0.112, "Actual Total Time": 2241.84, "Actual Rows": 395341, "Actual Loops": 1, "Inner Unique": false, "Plans": [{"Node Type": "Seq Scan", "Parent Relationship": "Outer", "Relation Name": "part", "Alias": "part", "Startup Cost": 0.0, "Total Cost": 66944.0, "Plan Rows": 13538, "Plan Width": 8, "Actual Startup Time": 0.019, "Actual Total Time": 768.26, "Actual Rows": 13163, "Actual Loops": 1, "Filter": "((p_type)::text = 'SMALL PLATED COPPER'::text)", "Rows Removed by Filter": 1986837}, {"Node Type": "Bitmap Heap Scan", "Parent Relationship": "Inner", "Relation Name": "lineitem", "Alias": "lineitem", "Startup Cost": 4.21, "Total Cost": 28.25, "Plan Rows": 6, "Plan Width": 40, "Actual Startup Time": 253.628, "Actual Total Time": 1355.61, "Actual Rows": 395341, "Actual Loops": 13163, "Recheck Cond": "(l_partkey = part.p_partkey)", "Rows Removed by Index Recheck": 0, "Exact Heap Blocks": 395337, "Lossy Heap Blocks": 395337, "Plans": [{"Node Type": "Bitmap Index Scan", "Parent Relationship": "Outer", "Index Name": "idx_lineitem_part_supp", "Startup Cost": 0.0, "Total Cost": 4.21, "Plan Rows": 6, "Plan Width": 0, "Actual Startup Time": 161.928, "Actual Total Time": 161.928, "Actual Rows": 395341, "Actual Loops": 13163, "Index Cond": "(l_partkey = part.p_partkey)"}]}]}, {"Node Type": "Bitmap Heap Scan", "Parent Relationship": "Inner", "Relation Name": "orders", "Alias": "orders", "Startup Cost": 0.26, "Total Cost": 4.28, "Plan Rows": 1, "Plan Width": 24, "Actual Startup Time": 3594.846, "Actual Total Time": 3594.846, "Actual Rows": 119765, "Actual Loops": 395341, "Recheck Cond": "(o_orderkey = lineitem.l_orderkey)", "Rows Removed by Index Recheck": 0, "Filter": "((o_orderdate >= '1995-01-01 00:00:00'::timestamp(0) without time zone) AND (o_orderdate <= '1996-12-31 00:00:00'::timestamp(0) without time zone))", "Rows Removed by Filter": 275576, "Exact Heap Blocks": 395341, "Lossy Heap Blocks": 395341, "Plans": [{"Node Type": "Bitmap Index Scan", "Parent Relationship": "Outer", "Index Name": "orders_pkey", "Startup Cost": 0.0, "Total Cost": 0.26, "Plan Rows": 1, "Plan Width": 0, "Actual Startup Time": 2225.166, "Actual Total Time": 2225.166, "Actual Rows": 395341, "Actual Loops": 395341, "Index Cond": "(o_orderkey = lineitem.l_orderkey)"}]}]}]}, {"Node Type": "Sort", "Parent Relationship": "Inner", "Startup Cost": 64456.94, "Total Cost": 65206.94, "Plan Rows": 300000, "Plan Width": 8, "Actual Startup Time": 607.282, "Actual Total Time": 653.179, "Actual Rows": 301987, "Actual Loops": 1, "Sort Key": ["customer.c_custkey"], "Sort Method": "quicksort", "Sort Space Used": 31055, "Sort Space Type": "Memory", "Plans": [{"Node Type": "Nested Loop", "Parent Relationship": "Outer", "Join Type": "Inner", "Startup Cost": 1030.37, "Total Cost": 37165.03, "Plan Rows": 300000, "Plan Width": 8, "Actual Startup Time": 18.077, "Actual Total Time": 510.247, "Actual Rows": 300270, "Actual Loops": 1, "Inner Unique": false, "Plans": [{"Node Type": "Nested Loop", "Parent Relationship": "Outer", "Join Type": "Inner", "Startup Cost": 0.0, "Total Cost": 2.62, "Plan Rows": 5, "Plan Width": 4, "Actual Startup Time": 0.126, "Actual Total Time": 0.19, "Actual Rows": 5, "Actual Loops": 1, "Inner Unique": false, "Join Filter": "(n1.n_regionkey = region.r_regionkey)", "Rows Removed by Join Filter": 20, "Plans": [{"Node Type": "Seq Scan", "Parent Relationship": "Outer", "Relation Name": "region", "Alias": "region", "Startup Cost": 0.0, "Total Cost": 1.06, "Plan Rows": 1, "Plan Width": 4, "Actual Startup Time": 0.079, "Actual Total Time": 0.083, "Actual Rows": 1, "Actual Loops": 1, "Filter": "(r_name = 'ASIA'::bpchar)", "Rows Removed by Filter": 4}, {"Node Type": "Seq Scan", "Parent Relationship": "Inner", "Relation Name": "nation", "Alias": "n1", "Startup Cost": 0.0, "Total Cost": 1.25, "Plan Rows": 25, "Plan Width": 8, "Actual Startup Time": 0.025, "Actual Total Time": 0.05, "Actual Rows": 25, "Actual Loops": 1}]}, {"Node Type": "Bitmap Heap Scan", "Parent Relationship": "Inner", "Relation Name": "customer", "Alias": "customer", "Startup Cost": 1030.37, "Total Cost": 6832.48, "Plan Rows": 60000, "Plan Width": 12, "Actual Startup Time": 92.377, "Actual Total Time": 456.487, "Actual Rows": 300270, "Actual Loops": 5, "Recheck Cond": "(c_nationkey = n1.n_nationkey)", "Rows Removed by Index Recheck": 0, "Exact Heap Blocks": 150032, "Lossy Heap Blocks": 150032, "Plans": [{"Node Type": "Bitmap Index Scan", "Parent Relationship": "Outer", "Index Name": "idx_customer_nationkey", "Startup Cost": 0.0, "Total Cost": 1015.37, "Plan Rows": 60000, "Plan Width": 0, "Actual Startup Time": 59.485, "Actual Total Time": 59.485, "Actual Rows": 300270, "Actual Loops": 5, "Index Cond": "(c_nationkey = n1.n_nationkey)"}]}]}]}]}]}, {"Node Type": "Sort", "Parent Relationship": "Inner", "Startup Cost": 11587.82, "Total Cost": 11837.82, "Plan Rows": 100000, "Plan Width": 12, "Actual Startup Time": 67.171, "Actual Total Time": 78.054, "Actual Rows": 99998, "Actual Loops": 1, "Sort Key": ["supplier.s_suppkey"], "Sort Method": "quicksort", "Sort Space Used": 12448, "Sort Space Type": "Memory", "Plans": [{"Node Type": "Seq Scan", "Parent Relationship": "Outer", "Relation Name": "supplier", "Alias": "supplier", "Startup Cost": 0.0, "Total Cost": 3283.0, "Plan Rows": 100000, "Plan Width": 12, "Actual Startup Time": 0.032, "Actual Total Time": 36.378, "Actual Rows": 100000, "Actual Loops": 1}]}]}]}]}]}]}, "Triggers": [], "Planner Runtime": 4, "Total Runtime": 7289.66, "Unique SQL Id": 3681808042}}, "(1, 23)": {"explain_plan": {"Plan": {"Node Type": "Sort", "Startup Cost": 66661878.45, "Total Cost": 66661878.48, "Plan Rows": 10, "Plan Width": 50, "Sort Key": ["(date_part('year'::text, orders.o_orderdate))"], "Plans": [{"Node Type": "Aggregate", "Strategy": "Hashed", "Parent Relationship": "Outer", "Startup Cost": 66661878.14, "Total Cost": 66661878.29, "Plan Rows": 10, "Plan Width": 50, "Group By Key": ["date_part('year'::text, orders.o_orderdate)"], "Plans": [{"Node Type": "Nested Loop", "Parent Relationship": "Outer", "Join Type": "Inner", "Startup Cost": 115915.31, "Total Cost": 66661758.32, "Plan Rows": 5991, "Plan Width": 50, "Inner Unique": true, "Plans": [{"Node Type": "Nested Loop", "Parent Relationship": "Outer", "Join Type": "Inner", "Startup Cost": 115915.05, "Total Cost": 66636099.88, "Plan Rows": 5991, "Plan Width": 28, "Inner Unique": true, "Plans": [{"Node Type": "Nested Loop", "Parent Relationship": "Outer", "Join Type": "Inner", "Startup Cost": 115914.79, "Total Cost": 66562068.23, "Plan Rows": 17296, "Plan Width": 32, "Inner Unique": true, "Plans": [{"Node Type": "Nested Loop", "Parent Relationship": "Outer", "Join Type": "Inner", "Startup Cost": 115914.53, "Total Cost": 45938880.46, "Plan Rows": 4814867, "Plan Width": 40, "Inner Unique": false, "Plans": [{"Node Type": "Nested Loop", "Parent Relationship": "Outer", "Join Type": "Inner", "Startup Cost": 115914.01, "Total Cost": 43432501.27, "Plan Rows": 530296, "Plan Width": 16, "Inner Unique": true, "Plans": [{"Node Type": "Nested Loop", "Parent Relationship": "Outer", "Join Type": "Inner", "Startup Cost": 115913.43, "Total Cost": 31228406.3, "Plan Rows": 2651479, "Plan Width": 20, "Inner Unique": true, "Plans": [{"Node Type": "Nested Loop", "Parent Relationship": "Outer", "Join Type": "Inner", "Startup Cost": 115913.17, "Total Cost": 19879399.17, "Plan Rows": 2651479, "Plan Width": 20, "Inner Unique": true, "Plans": [{"Node Type": "Bitmap Heap Scan", "Parent Relationship": "Outer", "Relation Name": "orders", "Alias": "orders", "Startup Cost": 115912.91, "Total Cost": 460311.42, "Plan Rows": 4531967, "Plan Width": 24, "Recheck Cond": "((o_orderdate >= '1995-01-01 00:00:00'::timestamp(0) without time zone) AND (o_orderdate <= '1996-12-31 00:00:00'::timestamp(0) without time zone)), (LLVM Optimized)", "Plans": [{"Node Type": "Bitmap Index Scan", "Parent Relationship": "Outer", "Index Name": "idx_orders_orderdate", "Startup Cost": 0.0, "Total Cost": 114779.92, "Plan Rows": 4531967, "Plan Width": 0, "Index Cond": "((o_orderdate >= '1995-01-01 00:00:00'::timestamp(0) without time zone) AND (o_orderdate <= '1996-12-31 00:00:00'::timestamp(0) without time zone))"}]}, {"Node Type": "Bitmap Heap Scan", "Parent Relationship": "Inner", "Relation Name": "customer", "Alias": "customer", "Startup Cost": 0.26, "Total Cost": 4.27, "Plan Rows": 1, "Plan Width": 12, "Recheck Cond": "(c_custkey = orders.o_custkey)", "Plans": [{"Node Type": "Bitmap Index Scan", "Parent Relationship": "Outer", "Index Name": "customer_pkey", "Startup Cost": 0.0, "Total Cost": 0.26, "Plan Rows": 1, "Plan Width": 0, "Index Cond": "(c_custkey = orders.o_custkey)"}]}]}, {"Node Type": "Bitmap Heap Scan", "Parent Relationship": "Inner", "Relation Name": "nation", "Alias": "n1", "Startup Cost": 0.26, "Total Cost": 4.27, "Plan Rows": 1, "Plan Width": 8, "Recheck Cond": "(n_nationkey = customer.c_nationkey)", "Plans": [{"Node Type": "Bitmap Index Scan", "Parent Relationship": "Outer", "Index Name": "nation_pkey", "Startup Cost": 0.0, "Total Cost": 0.26, "Plan Rows": 1, "Plan Width": 0, "Index Cond": "(n_nationkey = customer.c_nationkey)"}]}]}, {"Node Type": "Bitmap Heap Scan", "Parent Relationship": "Inner", "Relation Name": "region", "Alias": "region", "Startup Cost": 0.58, "Total Cost": 4.59, "Plan Rows": 1, "Plan Width": 4, "Recheck Cond": "(r_regionkey = n1.n_regionkey)", "Filter": "(r_name = 'ASIA'::bpchar)", "Plans": [{"Node Type": "Bitmap Index Scan", "Parent Relationship": "Outer", "Index Name": "region_pkey", "Startup Cost": 0.0, "Total Cost": 0.58, "Plan Rows": 1, "Plan Width": 0, "Index Cond": "(r_regionkey = n1.n_regionkey)"}]}]}, {"Node Type": "Bitmap Heap Scan", "Parent Relationship": "Inner", "Relation Name": "lineitem", "Alias": "lineitem", "Startup Cost": 0.52, "Total Cost": 4.64, "Plan Rows": 9, "Plan Width": 40, "Recheck Cond": "(l_orderkey = orders.o_orderkey)", "Plans": [{"Node Type": "Bitmap Index Scan", "Parent Relationship": "Outer", "Index Name": "idx_lineitem_orderkey", "Startup Cost": 0.0, "Total Cost": 0.52, "Plan Rows": 9, "Plan Width": 0, "Index Cond": "(l_orderkey = orders.o_orderkey)"}]}]}, {"Node Type": "Bitmap Heap Scan", "Parent Relationship": "Inner", "Relation Name": "part", "Alias": "part", "Startup Cost": 0.26, "Total Cost": 4.27, "Plan Rows": 1, "Plan Width": 8, "Recheck Cond": "(p_partkey = lineitem.l_partkey)", "Filter": "((p_type)::text = 'SMALL PLATED COPPER'::text)", "Plans": [{"Node Type": "Bitmap Index Scan", "Parent Relationship": "Outer", "Index Name": "part_kpey", "Startup Cost": 0.0, "Total Cost": 0.26, "Plan Rows": 1, "Plan Width": 0, "Index Cond": "(p_partkey = lineitem.l_partkey)"}]}]}, {"Node Type": "Bitmap Heap Scan", "Parent Relationship": "Inner", "Relation Name": "supplier", "Alias": "supplier", "Startup Cost": 0.26, "Total Cost": 4.27, "Plan Rows": 1, "Plan Width": 12, "Recheck Cond": "(s_suppkey = lineitem.l_suppkey)", "Plans": [{"Node Type": "Bitmap Index Scan", "Parent Relationship": "Outer", "Index Name": "supplier_pkey", "Startup Cost": 0.0, "Total Cost": 0.26, "Plan Rows": 1, "Plan Width": 0, "Index Cond": "(s_suppkey = lineitem.l_suppkey)"}]}]}, {"Node Type": "Bitmap Heap Scan", "Parent Relationship": "Inner", "Relation Name": "nation", "Alias": "n2", "Startup Cost": 0.26, "Total Cost": 4.27, "Plan Rows": 1, "Plan Width": 30, "Recheck Cond": "(n_nationkey = supplier.s_nationkey)", "Plans": [{"Node Type": "Bitmap Index Scan", "Parent Relationship": "Outer", "Index Name": "nation_pkey", "Startup Cost": 0.0, "Total Cost": 0.26, "Plan Rows": 1, "Plan Width": 0, "Index Cond": "(n_nationkey = supplier.s_nationkey)"}]}]}]}]}, "Unique SQL Id": 3681808042, "Planner Runtime": 3}, "explain_analyze_plan": null}, "(1, 24)": {"explain_plan": {"Plan": {"Node Type": "Sort", "Startup Cost": 497556.85, "Total Cost": 497556.88, "Plan Rows": 10, "Plan Width": 50, "Sort Key": ["(date_part('year'::text, orders.o_orderdate))"], "Plans": [{"Node Type": "Aggregate", "Strategy": "Hashed", "Parent Relationship": "Outer", "Startup Cost": 497556.54, "Total Cost": 497556.69, "Plan Rows": 10, "Plan Width": 50, "Group By Key": ["date_part('year'::text, orders.o_orderdate)"], "Plans": [{"Node Type": "Nested Loop", "Parent Relationship": "Outer", "Join Type": "Inner", "Startup Cost": 447605.57, "Total Cost": 497436.72, "Plan Rows": 5991, "Plan Width": 50, "Inner Unique": true, "Plans": [{"Node Type": "Nested Loop", "Parent Relationship": "Outer", "Join Type": "Inner", "Startup Cost": 447605.57, "Total Cost": 495743.54, "Plan Rows": 5991, "Plan Width": 28, "Inner Unique": false, "Join Filter": "(n1.n_nationkey = customer.c_nationkey)", "Plans": [{"Node Type": "Nested Loop", "Parent Relationship": "Outer", "Join Type": "Inner", "Startup Cost": 447605.57, "Total Cost": 493494.35, "Plan Rows": 29954, "Plan Width": 32, "Inner Unique": true, "Plans": [{"Node Type": "Nested Loop", "Parent Relationship": "Outer", "Join Type": "Inner", "Startup Cost": 447605.57, "Total Cost": 477242.48, "Plan Rows": 51198, "Plan Width": 36, "Inner Unique": true, "Plans": [{"Node Type": "Merge Join", "Parent Relationship": "Outer", "Join Type": "Inner", "Startup Cost": 447605.57, "Total Cost": 454309.6, "Plan Rows": 74637, "Plan Width": 28, "Inner Unique": false, "Merge Cond": "(supplier.s_suppkey = lineitem.l_suppkey)", "Plans": [{"Node Type": "Index Scan", "Parent Relationship": "Outer", "Scan Direction": "Forward", "Index Name": "supplier_pkey", "Relation Name": "supplier", "Alias": "supplier", "Startup Cost": 0.0, "Total Cost": 5334.54, "Plan Rows": 100000, "Plan Width": 12}, {"Node Type": "Sort", "Parent Relationship": "Inner", "Startup Cost": 447605.54, "Total Cost": 447792.13, "Plan Rows": 74637, "Plan Width": 32, "Sort Key": ["lineitem.l_suppkey"], "Plans": [{"Node Type": "Nested Loop", "Parent Relationship": "Outer", "Join Type": "Inner", "Startup Cost": 0.0, "Total Cost": 441564.57, "Plan Rows": 74637, "Plan Width": 32, "Inner Unique": false, "Plans": [{"Node Type": "Seq Scan", "Parent Relationship": "Outer", "Relation Name": "part", "Alias": "part", "Startup Cost": 0.0, "Total Cost": 66944.0, "Plan Rows": 13538, "Plan Width": 8, "Filter": "((p_type)::text = 'SMALL PLATED COPPER'::text)"}, {"Node Type": "Index Scan", "Parent Relationship": "Inner", "Scan Direction": "Forward", "Index Name": "idx_lineitem_part_supp", "Relation Name": "lineitem", "Alias": "lineitem", "Startup Cost": 0.0, "Total Cost": 27.61, "Plan Rows": 6, "Plan Width": 40, "Index Cond": "(l_partkey = part.p_partkey)"}]}]}]}, {"Node Type": "Index Scan", "Parent Relationship": "Inner", "Scan Direction": "Forward", "Index Name": "orders_pkey", "Relation Name": "orders", "Alias": "orders", "Startup Cost": 0.0, "Total Cost": 0.3, "Plan Rows": 1, "Plan Width": 24, "Index Cond": "(o_orderkey = lineitem.l_orderkey)", "Filter": "((o_orderdate >= '1995-01-01 00:00:00'::timestamp(0) without time zone) AND (o_orderdate <= '1996-12-31 00:00:00'::timestamp(0) without time zone))"}]}, {"Node Type": "Index Scan", "Parent Relationship": "Inner", "Scan Direction": "Forward", "Index Name": "customer_pkey", "Relation Name": "customer", "Alias": "customer", "Startup Cost": 0.0, "Total Cost": 0.31, "Plan Rows": 1, "Plan Width": 12, "Index Cond": "(c_custkey = orders.o_custkey)"}]}, {"Node Type": "Materialize", "Parent Relationship": "Inner", "Startup Cost": 0.0, "Total Cost": 2.65, "Plan Rows": 5, "Plan Width": 4, "Plans": [{"Node Type": "Nested Loop", "Parent Relationship": "Outer", "Join Type": "Inner", "Startup Cost": 0.0, "Total Cost": 2.62, "Plan Rows": 5, "Plan Width": 4, "Inner Unique": false, "Join Filter": "(n1.n_regionkey = region.r_regionkey)", "Plans": [{"Node Type": "Seq Scan", "Parent Relationship": "Outer", "Relation Name": "region", "Alias": "region", "Startup Cost": 0.0, "Total Cost": 1.06, "Plan Rows": 1, "Plan Width": 4, "Filter": "(r_name = 'ASIA'::bpchar)"}, {"Node Type": "Seq Scan", "Parent Relationship": "Inner", "Relation Name": "nation", "Alias": "n1", "Startup Cost": 0.0, "Total Cost": 1.25, "Plan Rows": 25, "Plan Width": 8}]}]}]}, {"Node Type": "Index Scan", "Parent Relationship": "Inner", "Scan Direction": "Forward", "Index Name": "nation_pkey", "Relation Name": "nation", "Alias": "n2", "Startup Cost": 0.0, "Total Cost": 0.27, "Plan Rows": 1, "Plan Width": 30, "Index Cond": "(n_nationkey = supplier.s_nationkey)"}]}]}]}, "Unique SQL Id": 3681808042, "Planner Runtime": 4}, "explain_analyze_plan": {"Plan": {"Node Type": "Sort", "Startup Cost": 497556.85, "Total Cost": 497556.88, "Plan Rows": 10, "Plan Width": 50, "Actual Startup Time": 6709.218, "Actual Total Time": 6709.218, "Actual Rows": 2, "Actual Loops": 1, "Sort Key": ["(date_part('year'::text, orders.o_orderdate))"], "Sort Method": "quicksort", "Sort Space Used": 25, "Sort Space Type": "Memory", "Plans": [{"Node Type": "Aggregate", "Strategy": "Hashed", "Parent Relationship": "Outer", "Startup Cost": 497556.54, "Total Cost": 497556.69, "Plan Rows": 10, "Plan Width": 50, "Actual Startup Time": 6709.193, "Actual Total Time": 6709.194, "Actual Rows": 2, "Actual Loops": 1, "Group By Key": ["date_part('year'::text, orders.o_orderdate)"], "Plans": [{"Node Type": "Nested Loop", "Parent Relationship": "Outer", "Join Type": "Inner", "Startup Cost": 447605.57, "Total Cost": 497436.72, "Plan Rows": 5991, "Plan Width": 50, "Actual Startup Time": 1916.787, "Actual Total Time": 6673.3, "Actual Rows": 23929, "Actual Loops": 1, "Inner Unique": true, "Plans": [{"Node Type": "Nested Loop", "Parent Relationship": "Outer", "Join Type": "Inner", "Startup Cost": 447605.57, "Total Cost": 495743.54, "Plan Rows": 5991, "Plan Width": 28, "Actual Startup Time": 1916.758, "Actual Total Time": 6594.467, "Actual Rows": 23929, "Actual Loops": 1, "Inner Unique": false, "Join Filter": "(n1.n_nationkey = customer.c_nationkey)", "Rows Removed by Join Filter": 574896, "Plans": [{"Node Type": "Nested Loop", "Parent Relationship": "Outer", "Join Type": "Inner", "Startup Cost": 447605.57, "Total Cost": 493494.35, "Plan Rows": 29954, "Plan Width": 32, "Actual Startup Time": 1916.601, "Actual Total Time": 6381.112, "Actual Rows": 119765, "Actual Loops": 1, "Inner Unique": true, "Plans": [{"Node Type": "Nested Loop", "Parent Relationship": "Outer", "Join Type": "Inner", "Startup Cost": 447605.57, "Total Cost": 477242.48, "Plan Rows": 51198, "Plan Width": 36, "Actual Startup Time": 1916.583, "Actual Total Time": 5482.774, "Actual Rows": 119765, "Actual Loops": 1, "Inner Unique": true, "Plans": [{"Node Type": "Merge Join", "Parent Relationship": "Outer", "Join Type": "Inner", "Startup Cost": 447605.57, "Total Cost": 454309.6, "Plan Rows": 74637, "Plan Width": 28, "Actual Startup Time": 1916.461, "Actual Total Time": 2217.37, "Actual Rows": 395341, "Actual Loops": 1, "Inner Unique": false, "Merge Cond": "(supplier.s_suppkey = lineitem.l_suppkey)", "Plans": [{"Node Type": "Index Scan", "Parent Relationship": "Outer", "Scan Direction": "Forward", "Index Name": "supplier_pkey", "Relation Name": "supplier", "Alias": "supplier", "Startup Cost": 0.0, "Total Cost": 5334.54, "Plan Rows": 100000, "Plan Width": 12, "Actual Startup Time": 0.027, "Actual Total Time": 68.146, "Actual Rows": 99999, "Actual Loops": 1}, {"Node Type": "Sort", "Parent Relationship": "Inner", "Startup Cost": 447605.54, "Total Cost": 447792.13, "Plan Rows": 74637, "Plan Width": 32, "Actual Startup Time": 1916.413, "Actual Total Time": 1998.043, "Actual Rows": 395341, "Actual Loops": 1, "Sort Key": ["lineitem.l_suppkey"], "Sort Method": "quicksort", "Sort Space Used": 49352, "Sort Space Type": "Memory", "Plans": [{"Node Type": "Nested Loop", "Parent Relationship": "Outer", "Join Type": "Inner", "Startup Cost": 0.0, "Total Cost": 441564.57, "Plan Rows": 74637, "Plan Width": 32, "Actual Startup Time": 0.039, "Actual Total Time": 1770.626, "Actual Rows": 395341, "Actual Loops": 1, "Inner Unique": false, "Plans": [{"Node Type": "Seq Scan", "Parent Relationship": "Outer", "Relation Name": "part", "Alias": "part", "Startup Cost": 0.0, "Total Cost": 66944.0, "Plan Rows": 13538, "Plan Width": 8, "Actual Startup Time": 0.024, "Actual Total Time": 740.239, "Actual Rows": 13163, "Actual Loops": 1, "Filter": "((p_type)::text = 'SMALL PLATED COPPER'::text)", "Rows Removed by Filter": 1986837}, {"Node Type": "Index Scan", "Parent Relationship": "Inner", "Scan Direction": "Forward", "Index Name": "idx_lineitem_part_supp", "Relation Name": "lineitem", "Alias": "lineitem", "Startup Cost": 0.0, "Total Cost": 27.61, "Plan Rows": 6, "Plan Width": 40, "Actual Startup Time": 132.677, "Actual Total Time": 934.895, "Actual Rows": 395341, "Actual Loops": 13163, "Index Cond": "(l_partkey = part.p_partkey)", "Rows Removed by Index Recheck": 0}]}]}]}, {"Node Type": "Index Scan", "Parent Relationship": "Inner", "Scan Direction": "Forward", "Index Name": "orders_pkey", "Relation Name": "orders", "Alias": "orders", "Startup Cost": 0.0, "Total Cost": 0.3, "Plan Rows": 1, "Plan Width": 24, "Actual Startup Time": 3030.493, "Actual Total Time": 3030.493, "Actual Rows": 119765, "Actual Loops": 395341, "Index Cond": "(o_orderkey = lineitem.l_orderkey)", "Rows Removed by Index Recheck": 0, "Filter": "((o_orderdate >= '1995-01-01 00:00:00'::timestamp(0) without time zone) AND (o_orderdate <= '1996-12-31 00:00:00'::timestamp(0) without time zone))", "Rows Removed by Filter": 275576}]}, {"Node Type": "Index Scan", "Parent Relationship": "Inner", "Scan Direction": "Forward", "Index Name": "customer_pkey", "Relation Name": "customer", "Alias": "customer", "Startup Cost": 0.0, "Total Cost": 0.31, "Plan Rows": 1, "Plan Width": 12, "Actual Startup Time": 796.163, "Actual Total Time": 796.163, "Actual Rows": 119765, "Actual Loops": 119765, "Index Cond": "(c_custkey = orders.o_custkey)", "Rows Removed by Index Recheck": 0}]}, {"Node Type": "Materialize", "Parent Relationship": "Inner", "Startup Cost": 0.0, "Total Cost": 2.65, "Plan Rows": 5, "Plan Width": 4, "Actual Startup Time": 12.63, "Actual Total Time": 64.599, "Actual Rows": 598825, "Actual Loops": 119765, "Plans": [{"Node Type": "Nested Loop", "Parent Relationship": "Outer", "Join Type": "Inner", "Startup Cost": 0.0, "Total Cost": 2.62, "Plan Rows": 5, "Plan Width": 4, "Actual Startup Time": 0.05, "Actual Total Time": 0.06, "Actual Rows": 5, "Actual Loops": 1, "Inner Unique": false, "Join Filter": "(n1.n_regionkey = region.r_regionkey)", "Rows Removed by Join Filter": 20, "Plans": [{"Node Type": "Seq Scan", "Parent Relationship": "Outer", "Relation Name": "region", "Alias": "region", "Startup Cost": 0.0, "Total Cost": 1.06, "Plan Rows": 1, "Plan Width": 4, "Actual Startup Time": 0.023, "Actual Total Time": 0.024, "Actual Rows": 1, "Actual Loops": 1, "Filter": "(r_name = 'ASIA'::bpchar)", "Rows Removed by Filter": 4}, {"Node Type": "Seq Scan", "Parent Relationship": "Inner", "Relation Name": "nation", "Alias": "n1", "Startup Cost": 0.0, "Total Cost": 1.25, "Plan Rows": 25, "Plan Width": 8, "Actual Startup Time": 0.009, "Actual Total Time": 0.012, "Actual Rows": 25, "Actual Loops": 1}]}]}]}, {"Node Type": "Index Scan", "Parent Relationship": "Inner", "Scan Direction": "Forward", "Index Name": "nation_pkey", "Relation Name": "nation", "Alias": "n2", "Startup Cost": 0.0, "Total Cost": 0.27, "Plan Rows": 1, "Plan Width": 30, "Actual Startup Time": 39.243, "Actual Total Time": 39.243, "Actual Rows": 23929, "Actual Loops": 23929, "Index Cond": "(n_nationkey = supplier.s_nationkey)", "Rows Removed by Index Recheck": 0}]}]}]}, "Triggers": [], "Planner Runtime": 4, "Total Runtime": 6709.6, "Unique SQL Id": 3681808042}}, "(1, 25)": {"explain_plan": {"Plan": {"Node Type": "Sort", "Startup Cost": 536434.22, "Total Cost": 536434.24, "Plan Rows": 10, "Plan Width": 50, "Sort Key": ["(date_part('year'::text, orders.o_orderdate))"], "Plans": [{"Node Type": "Aggregate", "Strategy": "Hashed", "Parent Relationship": "Outer", "Startup Cost": 536433.9, "Total Cost": 536434.05, "Plan Rows": 10, "Plan Width": 50, "Group By Key": ["date_part('year'::text, orders.o_orderdate)"], "Plans": [{"Node Type": "Nested Loop", "Parent Relationship": "Outer", "Join Type": "Inner", "Startup Cost": 486464.82, "Total Cost": 536314.08, "Plan Rows": 5991, "Plan Width": 50, "Inner Unique": true, "Plans": [{"Node Type": "Nested Loop", "Parent Relationship": "Outer", "Join Type": "Inner", "Startup Cost": 486464.82, "Total Cost": 534620.9, "Plan Rows": 5991, "Plan Width": 28, "Inner Unique": false, "Join Filter": "(n1.n_nationkey = customer.c_nationkey)", "Plans": [{"Node Type": "Nested Loop", "Parent Relationship": "Outer", "Join Type": "Inner", "Startup Cost": 486464.82, "Total Cost": 532353.6, "Plan Rows": 29954, "Plan Width": 32, "Inner Unique": true, "Plans": [{"Node Type": "Nested Loop", "Parent Relationship": "Outer", "Join Type": "Inner", "Startup Cost": 486464.82, "Total Cost": 516101.73, "Plan Rows": 51198, "Plan Width": 36, "Inner Unique": true, "Plans": [{"Node Type": "Merge Join", "Parent Relationship": "Outer", "Join Type": "Inner", "Startup Cost": 486464.82, "Total Cost": 493168.85, "Plan Rows": 74637, "Plan Width": 28, "Inner Unique": true, "Merge Cond": "(lineitem.l_suppkey = supplier.s_suppkey)", "Plans": [{"Node Type": "Sort", "Parent Relationship": "Outer", "Startup Cost": 486464.79, "Total Cost": 486651.38, "Plan Rows": 74637, "Plan Width": 32, "Sort Key": ["lineitem.l_suppkey"], "Plans": [{"Node Type": "Nested Loop", "Parent Relationship": "Outer", "Join Type": "Inner", "Startup Cost": 0.0, "Total Cost": 480423.82, "Plan Rows": 74637, "Plan Width": 32, "Inner Unique": false, "Plans": [{"Node Type": "Index Scan", "Parent Relationship": "Outer", "Scan Direction": "Forward", "Index Name": "part_kpey", "Relation Name": "part", "Alias": "part", "Startup Cost": 0.0, "Total Cost": 105803.25, "Plan Rows": 13538, "Plan Width": 8, "Filter": "((p_type)::text = 'SMALL PLATED COPPER'::text)"}, {"Node Type": "Index Scan", "Parent Relationship": "Inner", "Scan Direction": "Forward", "Index Name": "idx_lineitem_part_supp", "Relation Name": "lineitem", "Alias": "lineitem", "Startup Cost": 0.0, "Total Cost": 27.61, "Plan Rows": 6, "Plan Width": 40, "Index Cond": "(l_partkey = part.p_partkey)"}]}]}, {"Node Type": "Index Scan", "Parent Relationship": "Inner", "Scan Direction": "Forward", "Index Name": "supplier_pkey", "Relation Name": "supplier", "Alias": "supplier", "Startup Cost": 0.0, "Total Cost": 5334.54, "Plan Rows": 100000, "Plan Width": 12}]}, {"Node Type": "Index Scan", "Parent Relationship": "Inner", "Scan Direction": "Forward", "Index Name": "orders_pkey", "Relation Name": "orders", "Alias": "orders", "Startup Cost": 0.0, "Total Cost": 0.3, "Plan Rows": 1, "Plan Width": 24, "Index Cond": "(o_orderkey = lineitem.l_orderkey)", "Filter": "((o_orderdate >= '1995-01-01 00:00:00'::timestamp(0) without time zone) AND (o_orderdate <= '1996-12-31 00:00:00'::timestamp(0) without time zone))"}]}, {"Node Type": "Index Scan", "Parent Relationship": "Inner", "Scan Direction": "Forward", "Index Name": "customer_pkey", "Relation Name": "customer", "Alias": "customer", "Startup Cost": 0.0, "Total Cost": 0.31, "Plan Rows": 1, "Plan Width": 12, "Index Cond": "(c_custkey = orders.o_custkey)"}]}, {"Node Type": "Materialize", "Parent Relationship": "Inner", "Startup Cost": 0.0, "Total Cost": 20.76, "Plan Rows": 5, "Plan Width": 4, "Plans": [{"Node Type": "Nested Loop", "Parent Relationship": "Outer", "Join Type": "Inner", "Startup Cost": 0.0, "Total Cost": 20.74, "Plan Rows": 5, "Plan Width": 4, "Inner Unique": false, "Plans": [{"Node Type": "Index Scan", "Parent Relationship": "Outer", "Scan Direction": "Forward", "Index Name": "region_pkey", "Relation Name": "region", "Alias": "region", "Startup Cost": 0.0, "Total Cost": 12.34, "Plan Rows": 1, "Plan Width": 4, "Filter": "(r_name = 'ASIA'::bpchar)"}, {"Node Type": "Index Scan", "Parent Relationship": "Inner", "Scan Direction": "Forward", "Index Name": "idx_nation_regionkey", "Relation Name": "nation", "Alias": "n1", "Startup Cost": 0.0, "Total Cost": 8.35, "Plan Rows": 5, "Plan Width": 8, "Index Cond": "(n_regionkey = region.r_regionkey)"}]}]}]}, {"Node Type": "Index Scan", "Parent Relationship": "Inner", "Scan Direction": "Forward", "Index Name": "nation_pkey", "Relation Name": "nation", "Alias": "n2", "Startup Cost": 0.0, "Total Cost": 0.27, "Plan Rows": 1, "Plan Width": 30, "Index Cond": "(n_nationkey = supplier.s_nationkey)"}]}]}]}, "Unique SQL Id": 3681808042, "Planner Runtime": 4}, "explain_analyze_plan": {"Plan": {"Node Type": "Sort", "Startup Cost": 536434.22, "Total Cost": 536434.24, "Plan Rows": 10, "Plan Width": 50, "Actual Startup Time": 7397.927, "Actual Total Time": 7397.927, "Actual Rows": 2, "Actual Loops": 1, "Sort Key": ["(date_part('year'::text, orders.o_orderdate))"], "Sort Method": "quicksort", "Sort Space Used": 25, "Sort Space Type": "Memory", "Plans": [{"Node Type": "Aggregate", "Strategy": "Hashed", "Parent Relationship": "Outer", "Startup Cost": 536433.9, "Total Cost": 536434.05, "Plan Rows": 10, "Plan Width": 50, "Actual Startup Time": 7397.905, "Actual Total Time": 7397.907, "Actual Rows": 2, "Actual Loops": 1, "Group By Key": ["date_part('year'::text, orders.o_orderdate)"], "Plans": [{"Node Type": "Nested Loop", "Parent Relationship": "Outer", "Join Type": "Inner", "Startup Cost": 486464.82, "Total Cost": 536314.08, "Plan Rows": 5991, "Plan Width": 50, "Actual Startup Time": 2519.702, "Actual Total Time": 7360.132, "Actual Rows": 23929, "Actual Loops": 1, "Inner Unique": true, "Plans": [{"Node Type": "Nested Loop", "Parent Relationship": "Outer", "Join Type": "Inner", "Startup Cost": 486464.82, "Total Cost": 534620.9, "Plan Rows": 5991, "Plan Width": 28, "Actual Startup Time": 2519.681, "Actual Total Time": 7280.992, "Actual Rows": 23929, "Actual Loops": 1, "Inner Unique": false, "Join Filter": "(n1.n_nationkey = customer.c_nationkey)", "Rows Removed by Join Filter": 574896, "Plans": [{"Node Type": "Nested Loop", "Parent Relationship": "Outer", "Join Type": "Inner", "Startup Cost": 486464.82, "Total Cost": 532353.6, "Plan Rows": 29954, "Plan Width": 32, "Actual Startup Time": 2519.559, "Actual Total Time": 7063.128, "Actual Rows": 119765, "Actual Loops": 1, "Inner Unique": true, "Plans": [{"Node Type": "Nested Loop", "Parent Relationship": "Outer", "Join Type": "Inner", "Startup Cost": 486464.82, "Total Cost": 516101.73, "Plan Rows": 51198, "Plan Width": 36, "Actual Startup Time": 2519.546, "Actual Total Time": 6150.391, "Actual Rows": 119765, "Actual Loops": 1, "Inner Unique": true, "Plans": [{"Node Type": "Merge Join", "Parent Relationship": "Outer", "Join Type": "Inner", "Startup Cost": 486464.82, "Total Cost": 493168.85, "Plan Rows": 74637, "Plan Width": 28, "Actual Startup Time": 2519.471, "Actual Total Time": 2825.006, "Actual Rows": 395341, "Actual Loops": 1, "Inner Unique": true, "Merge Cond": "(lineitem.l_suppkey = supplier.s_suppkey)", "Plans": [{"Node Type": "Sort", "Parent Relationship": "Outer", "Startup Cost": 486464.79, "Total Cost": 486651.38, "Plan Rows": 74637, "Plan Width": 32, "Actual Startup Time": 2519.416, "Actual Total Time": 2599.306, "Actual Rows": 395341, "Actual Loops": 1, "Sort Key": ["lineitem.l_suppkey"], "Sort Method": "quicksort", "Sort Space Used": 49352, "Sort Space Type": "Memory", "Plans": [{"Node Type": "Nested Loop", "Parent Relationship": "Outer", "Join Type": "Inner", "Startup Cost": 0.0, "Total Cost": 480423.82, "Plan Rows": 74637, "Plan Width": 32, "Actual Startup Time": 0.053, "Actual Total Time": 2373.543, "Actual Rows": 395341, "Actual Loops": 1, "Inner Unique": false, "Plans": [{"Node Type": "Index Scan", "Parent Relationship": "Outer", "Scan Direction": "Forward", "Index Name": "part_kpey", "Relation Name": "part", "Alias": "part", "Startup Cost": 0.0, "Total Cost": 105803.25, "Plan Rows": 13538, "Plan Width": 8, "Actual Startup Time": 0.038, "Actual Total Time": 1298.548, "Actual Rows": 13163, "Actual Loops": 1, "Filter": "((p_type)::text = 'SMALL PLATED COPPER'::text)", "Rows Removed by Filter": 1986837}, {"Node Type": "Index Scan", "Parent Relationship": "Inner", "Scan Direction": "Forward", "Index Name": "idx_lineitem_part_supp", "Relation Name": "lineitem", "Alias": "lineitem", "Startup Cost": 0.0, "Total Cost": 27.61, "Plan Rows": 6, "Plan Width": 40, "Actual Startup Time": 133.69, "Actual Total Time": 980.777, "Actual Rows": 395341, "Actual Loops": 13163, "Index Cond": "(l_partkey = part.p_partkey)", "Rows Removed by Index Recheck": 0}]}]}, {"Node Type": "Index Scan", "Parent Relationship": "Inner", "Scan Direction": "Forward", "Index Name": "supplier_pkey", "Relation Name": "supplier", "Alias": "supplier", "Startup Cost": 0.0, "Total Cost": 5334.54, "Plan Rows": 100000, "Plan Width": 12, "Actual Startup Time": 0.038, "Actual Total Time": 68.857, "Actual Rows": 99998, "Actual Loops": 1}]}, {"Node Type": "Index Scan", "Parent Relationship": "Inner", "Scan Direction": "Forward", "Index Name": "orders_pkey", "Relation Name": "orders", "Alias": "orders", "Startup Cost": 0.0, "Total Cost": 0.3, "Plan Rows": 1, "Plan Width": 24, "Actual Startup Time": 3079.097, "Actual Total Time": 3079.097, "Actual Rows": 119765, "Actual Loops": 395341, "Index Cond": "(o_orderkey = lineitem.l_orderkey)", "Rows Removed by Index Recheck": 0, "Filter": "((o_orderdate >= '1995-01-01 00:00:00'::timestamp(0) without time zone) AND (o_orderdate <= '1996-12-31 00:00:00'::timestamp(0) without time zone))", "Rows Removed by Filter": 275576}]}, {"Node Type": "Index Scan", "Parent Relationship": "Inner", "Scan Direction": "Forward", "Index Name": "customer_pkey", "Relation Name": "customer", "Alias": "customer", "Startup Cost": 0.0, "Total Cost": 0.31, "Plan Rows": 1, "Plan Width": 12, "Actual Startup Time": 807.944, "Actual Total Time": 807.944, "Actual Rows": 119765, "Actual Loops": 119765, "Index Cond": "(c_custkey = orders.o_custkey)", "Rows Removed by Index Recheck": 0}]}, {"Node Type": "Materialize", "Parent Relationship": "Inner", "Startup Cost": 0.0, "Total Cost": 20.76, "Plan Rows": 5, "Plan Width": 4, "Actual Startup Time": 13.477, "Actual Total Time": 65.447, "Actual Rows": 598825, "Actual Loops": 119765, "Plans": [{"Node Type": "Nested Loop", "Parent Relationship": "Outer", "Join Type": "Inner", "Startup Cost": 0.0, "Total Cost": 20.74, "Plan Rows": 5, "Plan Width": 4, "Actual Startup Time": 0.023, "Actual Total Time": 0.031, "Actual Rows": 5, "Actual Loops": 1, "Inner Unique": false, "Plans": [{"Node Type": "Index Scan", "Parent Relationship": "Outer", "Scan Direction": "Forward", "Index Name": "region_pkey", "Relation Name": "region", "Alias": "region", "Startup Cost": 0.0, "Total Cost": 12.34, "Plan Rows": 1, "Plan Width": 4, "Actual Startup Time": 0.012, "Actual Total Time": 0.014, "Actual Rows": 1, "Actual Loops": 1, "Filter": "(r_name = 'ASIA'::bpchar)", "Rows Removed by Filter": 4}, {"Node Type": "Index Scan", "Parent Relationship": "Inner", "Scan Direction": "Forward", "Index Name": "idx_nation_regionkey", "Relation Name": "nation", "Alias": "n1", "Startup Cost": 0.0, "Total Cost": 8.35, "Plan Rows": 5, "Plan Width": 8, "Actual Startup Time": 0.009, "Actual Total Time": 0.013, "Actual Rows": 5, "Actual Loops": 1, "Index Cond": "(n_regionkey = region.r_regionkey)", "Rows Removed by Index Recheck": 0}]}]}]}, {"Node Type": "Index Scan", "Parent Relationship": "Inner", "Scan Direction": "Forward", "Index Name": "nation_pkey", "Relation Name": "nation", "Alias": "n2", "Startup Cost": 0.0, "Total Cost": 0.27, "Plan Rows": 1, "Plan Width": 30, "Actual Startup Time": 39.423, "Actual Total Time": 39.423, "Actual Rows": 23929, "Actual Loops": 23929, "Index Cond": "(n_nationkey = supplier.s_nationkey)", "Rows Removed by Index Recheck": 0}]}]}]}, "Triggers": [], "Planner Runtime": 4, "Total Runtime": 7398.295, "Unique SQL Id": 3681808042}}, "(1, 26)": {"explain_plan": {"Plan": {"Node Type": "Sort", "Startup Cost": 11381808.12, "Total Cost": 11381808.14, "Plan Rows": 10, "Plan Width": 50, "Sort Key": ["(date_part('year'::text, orders.o_orderdate))"], "Plans": [{"Node Type": "Aggregate", "Strategy": "Hashed", "Parent Relationship": "Outer", "Startup Cost": 11381807.8, "Total Cost": 11381807.95, "Plan Rows": 10, "Plan Width": 50, "Group By Key": ["date_part('year'::text, orders.o_orderdate)"], "Plans": [{"Node Type": "Merge Join", "Parent Relationship": "Outer", "Join Type": "Inner", "Startup Cost": 11381583.02, "Total Cost": 11381687.98, "Plan Rows": 5991, "Plan Width": 50, "Inner Unique": false, "Merge Cond": "(n2.n_nationkey = supplier.s_nationkey)", "Plans": [{"Node Type": "Sort", "Parent Relationship": "Outer", "Startup Cost": 1.83, "Total Cost": 1.89, "Plan Rows": 25, "Plan Width": 30, "Sort Key": ["n2.n_nationkey"], "Plans": [{"Node Type": "Seq Scan", "Parent Relationship": "Outer", "Relation Name": "nation", "Alias": "n2", "Startup Cost": 0.0, "Total Cost": 1.25, "Plan Rows": 25, "Plan Width": 30}]}, {"Node Type": "Sort", "Parent Relationship": "Inner", "Startup Cost": 11381581.18, "Total Cost": 11381596.16, "Plan Rows": 5991, "Plan Width": 28, "Sort Key": ["supplier.s_nationkey"], "Plans": [{"Node Type": "Merge Join", "Parent Relationship": "Outer", "Join Type": "Inner", "Startup Cost": 11380607.82, "Total Cost": 11381205.29, "Plan Rows": 5991, "Plan Width": 28, "Inner Unique": true, "Merge Cond": "(lineitem.l_suppkey = supplier.s_suppkey)", "Plans": [{"Node Type": "Sort", "Parent Relationship": "Outer", "Startup Cost": 11369019.99, "Total Cost": 11369063.23, "Plan Rows": 17296, "Plan Width": 32, "Sort Key": ["lineitem.l_suppkey"], "Plans": [{"Node Type": "Merge Join", "Parent Relationship": "Outer", "Join Type": "Inner", "Startup Cost": 11364916.02, "Total Cost": 11367802.51, "Plan Rows": 17296, "Plan Width": 32, "Inner Unique": false, "Merge Cond": "(orders.o_custkey = customer.c_custkey)", "Plans": [{"Node Type": "Sort", "Parent Relationship": "Outer", "Startup Cost": 11172995.44, "Total Cost": 11173211.64, "Plan Rows": 86479, "Plan Width": 40, "Sort Key": ["orders.o_custkey"], "Plans": [{"Node Type": "Merge Join", "Parent Relationship": "Outer", "Join Type": "Inner", "Startup Cost": 11142007.17, "Total Cost": 11165904.14, "Plan Rows": 86479, "Plan Width": 40, "Inner Unique": true, "Merge Cond": "(lineitem.l_orderkey = orders.o_orderkey)", "Plans": [{"Node Type": "Sort", "Parent Relationship": "Outer", "Startup Cost": 10139547.54, "Total Cost": 10139734.13, "Plan Rows": 74637, "Plan Width": 32, "Sort Key": ["lineitem.l_orderkey"], "Plans": [{"Node Type": "Merge Join", "Parent Relationship": "Outer", "Join Type": "Inner", "Startup Cost": 9832757.35, "Total Cost": 10133506.57, "Plan Rows": 74637, "Plan Width": 32, "Inner Unique": false, "Merge Cond": "(part.p_partkey = lineitem.l_partkey)", "Plans": [{"Node Type": "Sort", "Parent Relationship": "Outer", "Startup Cost": 67873.03, "Total Cost": 67906.87, "Plan Rows": 13538, "Plan Width": 8, "Sort Key": ["part.p_partkey"], "Plans": [{"Node Type": "Seq Scan", "Parent Relationship": "Outer", "Relation Name": "part", "Alias": "part", "Startup Cost": 0.0, "Total Cost": 66944.0, "Plan Rows": 13538, "Plan Width": 8, "Filter": "((p_type)::text = 'SMALL PLATED COPPER'::text)"}]}, {"Node Type": "Sort", "Parent Relationship": "Inner", "Startup Cost": 9764884.32, "Total Cost": 9914851.9, "Plan Rows": 59987033, "Plan Width": 40, "Sort Key": ["lineitem.l_partkey"], "Plans": [{"Node Type": "Seq Scan", "Parent Relationship": "Outer", "Relation Name": "lineitem", "Alias": "lineitem", "Startup Cost": 0.0, "Total Cost": 2015115.33, "Plan Rows": 59987033, "Plan Width": 40}]}]}]}, {"Node Type": "Sort", "Parent Relationship": "Inner", "Startup Cost": 1002458.79, "Total Cost": 1013788.71, "Plan Rows": 4531967, "Plan Width": 24, "Sort Key": ["orders.o_orderkey"], "Plans": [{"Node Type": "Seq Scan", "Parent Relationship": "Outer", "Relation Name": "orders", "Alias": "orders", "Startup Cost": 196.01, "Total Cost": 501411.18, "Plan Rows": 4531967, "Plan Width": 24, "Filter": "((o_orderdate >= '1995-01-01 00:00:00'::timestamp(0) without time zone) AND (o_orderdate <= '1996-12-31 00:00:00'::timestamp(0) without time zone)), (LLVM Optimized)"}]}]}]}, {"Node Type": "Sort", "Parent Relationship": "Inner", "Startup Cost": 191920.54, "Total Cost": 192670.54, "Plan Rows": 300000, "Plan Width": 8, "Sort Key": ["customer.c_custkey"], "Plans": [{"Node Type": "Nested Loop", "Parent Relationship": "Outer", "Join Type": "Inner", "Startup Cost": 0.0, "Total Cost": 164628.64, "Plan Rows": 300000, "Plan Width": 8, "Inner Unique": false, "Join Filter": "(n1.n_nationkey = customer.c_nationkey), (LLVM Optimized)", "Plans": [{"Node Type": "Seq Scan", "Parent Relationship": "Outer", "Relation Name": "customer", "Alias": "customer", "Startup Cost": 0.0, "Total Cost": 52126.0, "Plan Rows": 1500000, "Plan Width": 12}, {"Node Type": "Materialize", "Parent Relationship": "Inner", "Startup Cost": 0.0, "Total Cost": 2.65, "Plan Rows": 5, "Plan Width": 4, "Plans": [{"Node Type": "Nested Loop", "Parent Relationship": "Outer", "Join Type": "Inner", "Startup Cost": 0.0, "Total Cost": 2.62, "Plan Rows": 5, "Plan Width": 4, "Inner Unique": false, "Join Filter": "(n1.n_regionkey = region.r_regionkey)", "Plans": [{"Node Type": "Seq Scan", "Parent Relationship": "Outer", "Relation Name": "region", "Alias": "region", "Startup Cost": 0.0, "Total Cost": 1.06, "Plan Rows": 1, "Plan Width": 4, "Filter": "(r_name = 'ASIA'::bpchar)"}, {"Node Type": "Seq Scan", "Parent Relationship": "Inner", "Relation Name": "nation", "Alias": "n1", "Startup Cost": 0.0, "Total Cost": 1.25, "Plan Rows": 25, "Plan Width": 8}]}]}]}]}]}]}, {"Node Type": "Sort", "Parent Relationship": "Inner", "Startup Cost": 11587.82, "Total Cost": 11837.82, "Plan Rows": 100000, "Plan Width": 12, "Sort Key": ["supplier.s_suppkey"], "Plans": [{"Node Type": "Seq Scan", "Parent Relationship": "Outer", "Relation Name": "supplier", "Alias": "supplier", "Startup Cost": 0.0, "Total Cost": 3283.0, "Plan Rows": 100000, "Plan Width": 12}]}]}]}]}]}]}, "Unique SQL Id": 3681808042, "Planner Runtime": 4}, "explain_analyze_plan": null}, "(1, 27)": {"explain_plan": {"Plan": {"Node Type": "Sort", "Startup Cost": 8018177364726.43, "Total Cost": 8018177364726.46, "Plan Rows": 10, "Plan Width": 50, "Sort Key": ["(date_part('year'::text, orders.o_orderdate))"], "Plans": [{"Node Type": "Aggregate", "Strategy": "Hashed", "Parent Relationship": "Outer", "Startup Cost": 8018177364726.12, "Total Cost": 8018177364726.27, "Plan Rows": 10, "Plan Width": 50, "Group By Key": ["date_part('year'::text, orders.o_orderdate)"], "Plans": [{"Node Type": "Nested Loop", "Parent Relationship": "Outer", "Join Type": "Inner", "Startup Cost": 80000000000.0, "Total Cost": 8018177364380.2, "Plan Rows": 17296, "Plan Width": 50, "Inner Unique": false, "Join Filter": "(supplier.s_suppkey = lineitem.l_suppkey)", "Plans": [{"Node Type": "Nested Loop", "Parent Relationship": "Outer", "Join Type": "Inner", "Startup Cost": 20000000000.0, "Total Cost": 2000000572216.94, "Plan Rows": 100000, "Plan Width": 34, "Inner Unique": true, "Join Filter": "(supplier.s_nationkey = n2.n_nationkey), (LLVM Optimized)", "Plans": [{"Node Type": "Index Scan", "Parent Relationship": "Outer", "Scan Direction": "Forward", "Index Name": "supplier_pkey", "Relation Name": "supplier", "Alias": "supplier", "Startup Cost": 10000000000.0, "Total Cost": 1000000533454.38, "Plan Rows": 100000, "Plan Width": 12}, {"Node Type": "Materialize", "Parent Relationship": "Inner", "Startup Cost": 10000000000.0, "Total Cost": 1000000001262.62, "Plan Rows": 25, "Plan Width": 30, "Plans": [{"Node Type": "Index Scan", "Parent Relationship": "Outer", "Scan Direction": "Forward", "Index Name": "nation_pkey", "Relation Name": "nation", "Alias": "n2", "Startup Cost": 10000000000.0, "Total Cost": 1000000001262.5, "Plan Rows": 25, "Plan Width": 30}]}]}, {"Node Type": "Materialize", "Parent Relationship": "Inner", "Startup Cost": 60000000000.0, "Total Cost": 6018150848163.26, "Plan Rows": 17296, "Plan Width": 32, "Plans": [{"Node Type": "Nested Loop", "Parent Relationship": "Outer", "Join Type": "Inner", "Startup Cost": 60000000000.0, "Total Cost": 6018150848076.78, "Plan Rows": 17296, "Plan Width": 32, "Inner Unique": false, "Join Filter": "(orders.o_custkey = customer.c_custkey)", "Plans": [{"Node Type": "Nested Loop", "Parent Relationship": "Outer", "Join Type": "Inner", "Startup Cost": 30000000000.0, "Total Cost": 3017753500294.51, "Plan Rows": 86479, "Plan Width": 40, "Inner Unique": false, "Join Filter": "(lineitem.l_orderkey = orders.o_orderkey)", "Plans": [{"Node Type": "Index Scan", "Parent Relationship": "Outer", "Scan Direction": "Forward", "Index Name": "idx_orders_custkey", "Relation Name": "orders", "Alias": "orders", "Startup Cost": 10000000000.0, "Total Cost": 1000163551268.58, "Plan Rows": 4531967, "Plan Width": 24, "Filter": "((o_orderdate >= '1995-01-01 00:00:00'::timestamp(0) without time zone) AND (o_orderdate <= '1996-12-31 00:00:00'::timestamp(0) without time zone)), (LLVM Optimized)"}, {"Node Type": "Materialize", "Parent Relationship": "Inner", "Startup Cost": 20000000000.0, "Total Cost": 2012516162897.84, "Plan Rows": 74637, "Plan Width": 32, "Plans": [{"Node Type": "Nested Loop", "Parent Relationship": "Outer", "Join Type": "Inner", "Startup Cost": 20000000000.0, "Total Cost": 2012516162524.66, "Plan Rows": 74637, "Plan Width": 32, "Inner Unique": true, "Join Filter": "(part.p_partkey = lineitem.l_partkey)", "Plans": [{"Node Type": "Index Scan", "Parent Relationship": "Outer", "Scan Direction": "Forward", "Index Name": "idx_lineitem_orderkey", "Relation Name": "lineitem", "Alias": "lineitem", "Startup Cost": 10000000000.0, "Total Cost": 1000324015374.5, "Plan Rows": 59987033, "Plan Width": 40}, {"Node Type": "Materialize", "Parent Relationship": "Inner", "Startup Cost": 10000000000.0, "Total Cost": 1000010580392.69, "Plan Rows": 13538, "Plan Width": 8, "Plans": [{"Node Type": "Index Scan", "Parent Relationship": "Outer", "Scan Direction": "Forward", "Index Name": "part_kpey", "Relation Name": "part", "Alias": "part", "Startup Cost": 10000000000.0, "Total Cost": 1000010580325.0, "Plan Rows": 13538, "Plan Width": 8, "Filter": "((p_type)::text = 'SMALL PLATED COPPER'::text)"}]}]}]}]}, {"Node Type": "Materialize", "Parent Relationship": "Inner", "Startup Cost": 30000000000.0, "Total Cost": 3000008193032.26, "Plan Rows": 300000, "Plan Width": 8, "Plans": [{"Node Type": "Nested Loop", "Parent Relationship": "Outer", "Join Type": "Inner", "Startup Cost": 30000000000.0, "Total Cost": 3000008191532.26, "Plan Rows": 300000, "Plan Width": 8, "Inner Unique": false, "Join Filter": "(n1.n_nationkey = customer.c_nationkey), (LLVM Optimized)", "Plans": [{"Node Type": "Index Scan", "Parent Relationship": "Outer", "Scan Direction": "Forward", "Index Name": "customer_pkey", "Relation Name": "customer", "Alias": "customer", "Startup Cost": 10000000000.0, "Total Cost": 1000008076535.62, "Plan Rows": 1500000, "Plan Width": 12}, {"Node Type": "Materialize", "Parent Relationship": "Inner", "Startup Cost": 20000000000.0, "Total Cost": 2000000002496.65, "Plan Rows": 5, "Plan Width": 4, "Plans": [{"Node Type": "Nested Loop", "Parent Relationship": "Outer", "Join Type": "Inner", "Startup Cost": 20000000000.0, "Total Cost": 2000000002496.63, "Plan Rows": 5, "Plan Width": 4, "Inner Unique": true, "Join Filter": "(n1.n_regionkey = region.r_regionkey)", "Plans": [{"Node Type": "Index Scan", "Parent Relationship": "Outer", "Scan Direction": "Forward", "Index Name": "nation_pkey", "Relation Name": "nation", "Alias": "n1", "Startup Cost": 10000000000.0, "Total Cost": 1000000001262.5, "Plan Rows": 25, "Plan Width": 8}, {"Node Type": "Materialize", "Parent Relationship": "Inner", "Startup Cost": 10000000000.0, "Total Cost": 1000000001233.76, "Plan Rows": 1, "Plan Width": 4, "Plans": [{"Node Type": "Index Scan", "Parent Relationship": "Outer", "Scan Direction": "Forward", "Index Name": "region_pkey", "Relation Name": "region", "Alias": "region", "Startup Cost": 10000000000.0, "Total Cost": 1000000001233.75, "Plan Rows": 1, "Plan Width": 4, "Filter": "(r_name = 'ASIA'::bpchar)"}]}]}]}]}]}]}]}]}]}]}, "Unique SQL Id": 3681808042, "Planner Runtime": 5}, "explain_analyze_plan": null}, "(1, 28)": {"explain_plan": {"Plan": {"Node Type": "Sort", "Startup Cost": 497556.85, "Total Cost": 497556.88, "Plan Rows": 10, "Plan Width": 50, "Sort Key": ["(date_part('year'::text, orders.o_orderdate))"], "Plans": [{"Node Type": "Aggregate", "Strategy": "Hashed", "Parent Relationship": "Outer", "Startup Cost": 497556.54, "Total Cost": 497556.69, "Plan Rows": 10, "Plan Width": 50, "Group By Key": ["date_part('year'::text, orders.o_orderdate)"], "Plans": [{"Node Type": "Nested Loop", "Parent Relationship": "Outer", "Join Type": "Inner", "Startup Cost": 447605.57, "Total Cost": 497436.72, "Plan Rows": 5991, "Plan Width": 50, "Inner Unique": true, "Plans": [{"Node Type": "Nested Loop", "Parent Relationship": "Outer", "Join Type": "Inner", "Startup Cost": 447605.57, "Total Cost": 495743.54, "Plan Rows": 5991, "Plan Width": 28, "Inner Unique": false, "Join Filter": "(n1.n_nationkey = customer.c_nationkey)", "Plans": [{"Node Type": "Nested Loop", "Parent Relationship": "Outer", "Join Type": "Inner", "Startup Cost": 447605.57, "Total Cost": 493494.35, "Plan Rows": 29954, "Plan Width": 32, "Inner Unique": true, "Plans": [{"Node Type": "Nested Loop", "Parent Relationship": "Outer", "Join Type": "Inner", "Startup Cost": 447605.57, "Total Cost": 477242.48, "Plan Rows": 51198, "Plan Width": 36, "Inner Unique": true, "Plans": [{"Node Type": "Merge Join", "Parent Relationship": "Outer", "Join Type": "Inner", "Startup Cost": 447605.57, "Total Cost": 454309.6, "Plan Rows": 74637, "Plan Width": 28, "Inner Unique": false, "Merge Cond": "(supplier.s_suppkey = lineitem.l_suppkey)", "Plans": [{"Node Type": "Index Scan", "Parent Relationship": "Outer", "Scan Direction": "Forward", "Index Name": "supplier_pkey", "Relation Name": "supplier", "Alias": "supplier", "Startup Cost": 0.0, "Total Cost": 5334.54, "Plan Rows": 100000, "Plan Width": 12}, {"Node Type": "Sort", "Parent Relationship": "Inner", "Startup Cost": 447605.54, "Total Cost": 447792.13, "Plan Rows": 74637, "Plan Width": 32, "Sort Key": ["lineitem.l_suppkey"], "Plans": [{"Node Type": "Nested Loop", "Parent Relationship": "Outer", "Join Type": "Inner", "Startup Cost": 0.0, "Total Cost": 441564.57, "Plan Rows": 74637, "Plan Width": 32, "Inner Unique": false, "Plans": [{"Node Type": "Seq Scan", "Parent Relationship": "Outer", "Relation Name": "part", "Alias": "part", "Startup Cost": 0.0, "Total Cost": 66944.0, "Plan Rows": 13538, "Plan Width": 8, "Filter": "((p_type)::text = 'SMALL PLATED COPPER'::text)"}, {"Node Type": "Index Scan", "Parent Relationship": "Inner", "Scan Direction": "Forward", "Index Name": "idx_lineitem_part_supp", "Relation Name": "lineitem", "Alias": "lineitem", "Startup Cost": 0.0, "Total Cost": 27.61, "Plan Rows": 6, "Plan Width": 40, "Index Cond": "(l_partkey = part.p_partkey)"}]}]}]}, {"Node Type": "Index Scan", "Parent Relationship": "Inner", "Scan Direction": "Forward", "Index Name": "orders_pkey", "Relation Name": "orders", "Alias": "orders", "Startup Cost": 0.0, "Total Cost": 0.3, "Plan Rows": 1, "Plan Width": 24, "Index Cond": "(o_orderkey = lineitem.l_orderkey)", "Filter": "((o_orderdate >= '1995-01-01 00:00:00'::timestamp(0) without time zone) AND (o_orderdate <= '1996-12-31 00:00:00'::timestamp(0) without time zone))"}]}, {"Node Type": "Index Scan", "Parent Relationship": "Inner", "Scan Direction": "Forward", "Index Name": "customer_pkey", "Relation Name": "customer", "Alias": "customer", "Startup Cost": 0.0, "Total Cost": 0.31, "Plan Rows": 1, "Plan Width": 12, "Index Cond": "(c_custkey = orders.o_custkey)"}]}, {"Node Type": "Materialize", "Parent Relationship": "Inner", "Startup Cost": 0.0, "Total Cost": 2.65, "Plan Rows": 5, "Plan Width": 4, "Plans": [{"Node Type": "Nested Loop", "Parent Relationship": "Outer", "Join Type": "Inner", "Startup Cost": 0.0, "Total Cost": 2.62, "Plan Rows": 5, "Plan Width": 4, "Inner Unique": false, "Join Filter": "(n1.n_regionkey = region.r_regionkey)", "Plans": [{"Node Type": "Seq Scan", "Parent Relationship": "Outer", "Relation Name": "region", "Alias": "region", "Startup Cost": 0.0, "Total Cost": 1.06, "Plan Rows": 1, "Plan Width": 4, "Filter": "(r_name = 'ASIA'::bpchar)"}, {"Node Type": "Seq Scan", "Parent Relationship": "Inner", "Relation Name": "nation", "Alias": "n1", "Startup Cost": 0.0, "Total Cost": 1.25, "Plan Rows": 25, "Plan Width": 8}]}]}]}, {"Node Type": "Index Scan", "Parent Relationship": "Inner", "Scan Direction": "Forward", "Index Name": "nation_pkey", "Relation Name": "nation", "Alias": "n2", "Startup Cost": 0.0, "Total Cost": 0.27, "Plan Rows": 1, "Plan Width": 30, "Index Cond": "(n_nationkey = supplier.s_nationkey)"}]}]}]}, "Unique SQL Id": 3681808042, "Planner Runtime": 4}, "explain_analyze_plan": {"Plan": {"Node Type": "Sort", "Startup Cost": 497556.85, "Total Cost": 497556.88, "Plan Rows": 10, "Plan Width": 50, "Actual Startup Time": 6709.218, "Actual Total Time": 6709.218, "Actual Rows": 2, "Actual Loops": 1, "Sort Key": ["(date_part('year'::text, orders.o_orderdate))"], "Sort Method": "quicksort", "Sort Space Used": 25, "Sort Space Type": "Memory", "Plans": [{"Node Type": "Aggregate", "Strategy": "Hashed", "Parent Relationship": "Outer", "Startup Cost": 497556.54, "Total Cost": 497556.69, "Plan Rows": 10, "Plan Width": 50, "Actual Startup Time": 6709.193, "Actual Total Time": 6709.194, "Actual Rows": 2, "Actual Loops": 1, "Group By Key": ["date_part('year'::text, orders.o_orderdate)"], "Plans": [{"Node Type": "Nested Loop", "Parent Relationship": "Outer", "Join Type": "Inner", "Startup Cost": 447605.57, "Total Cost": 497436.72, "Plan Rows": 5991, "Plan Width": 50, "Actual Startup Time": 1916.787, "Actual Total Time": 6673.3, "Actual Rows": 23929, "Actual Loops": 1, "Inner Unique": true, "Plans": [{"Node Type": "Nested Loop", "Parent Relationship": "Outer", "Join Type": "Inner", "Startup Cost": 447605.57, "Total Cost": 495743.54, "Plan Rows": 5991, "Plan Width": 28, "Actual Startup Time": 1916.758, "Actual Total Time": 6594.467, "Actual Rows": 23929, "Actual Loops": 1, "Inner Unique": false, "Join Filter": "(n1.n_nationkey = customer.c_nationkey)", "Rows Removed by Join Filter": 574896, "Plans": [{"Node Type": "Nested Loop", "Parent Relationship": "Outer", "Join Type": "Inner", "Startup Cost": 447605.57, "Total Cost": 493494.35, "Plan Rows": 29954, "Plan Width": 32, "Actual Startup Time": 1916.601, "Actual Total Time": 6381.112, "Actual Rows": 119765, "Actual Loops": 1, "Inner Unique": true, "Plans": [{"Node Type": "Nested Loop", "Parent Relationship": "Outer", "Join Type": "Inner", "Startup Cost": 447605.57, "Total Cost": 477242.48, "Plan Rows": 51198, "Plan Width": 36, "Actual Startup Time": 1916.583, "Actual Total Time": 5482.774, "Actual Rows": 119765, "Actual Loops": 1, "Inner Unique": true, "Plans": [{"Node Type": "Merge Join", "Parent Relationship": "Outer", "Join Type": "Inner", "Startup Cost": 447605.57, "Total Cost": 454309.6, "Plan Rows": 74637, "Plan Width": 28, "Actual Startup Time": 1916.461, "Actual Total Time": 2217.37, "Actual Rows": 395341, "Actual Loops": 1, "Inner Unique": false, "Merge Cond": "(supplier.s_suppkey = lineitem.l_suppkey)", "Plans": [{"Node Type": "Index Scan", "Parent Relationship": "Outer", "Scan Direction": "Forward", "Index Name": "supplier_pkey", "Relation Name": "supplier", "Alias": "supplier", "Startup Cost": 0.0, "Total Cost": 5334.54, "Plan Rows": 100000, "Plan Width": 12, "Actual Startup Time": 0.027, "Actual Total Time": 68.146, "Actual Rows": 99999, "Actual Loops": 1}, {"Node Type": "Sort", "Parent Relationship": "Inner", "Startup Cost": 447605.54, "Total Cost": 447792.13, "Plan Rows": 74637, "Plan Width": 32, "Actual Startup Time": 1916.413, "Actual Total Time": 1998.043, "Actual Rows": 395341, "Actual Loops": 1, "Sort Key": ["lineitem.l_suppkey"], "Sort Method": "quicksort", "Sort Space Used": 49352, "Sort Space Type": "Memory", "Plans": [{"Node Type": "Nested Loop", "Parent Relationship": "Outer", "Join Type": "Inner", "Startup Cost": 0.0, "Total Cost": 441564.57, "Plan Rows": 74637, "Plan Width": 32, "Actual Startup Time": 0.039, "Actual Total Time": 1770.626, "Actual Rows": 395341, "Actual Loops": 1, "Inner Unique": false, "Plans": [{"Node Type": "Seq Scan", "Parent Relationship": "Outer", "Relation Name": "part", "Alias": "part", "Startup Cost": 0.0, "Total Cost": 66944.0, "Plan Rows": 13538, "Plan Width": 8, "Actual Startup Time": 0.024, "Actual Total Time": 740.239, "Actual Rows": 13163, "Actual Loops": 1, "Filter": "((p_type)::text = 'SMALL PLATED COPPER'::text)", "Rows Removed by Filter": 1986837}, {"Node Type": "Index Scan", "Parent Relationship": "Inner", "Scan Direction": "Forward", "Index Name": "idx_lineitem_part_supp", "Relation Name": "lineitem", "Alias": "lineitem", "Startup Cost": 0.0, "Total Cost": 27.61, "Plan Rows": 6, "Plan Width": 40, "Actual Startup Time": 132.677, "Actual Total Time": 934.895, "Actual Rows": 395341, "Actual Loops": 13163, "Index Cond": "(l_partkey = part.p_partkey)", "Rows Removed by Index Recheck": 0}]}]}]}, {"Node Type": "Index Scan", "Parent Relationship": "Inner", "Scan Direction": "Forward", "Index Name": "orders_pkey", "Relation Name": "orders", "Alias": "orders", "Startup Cost": 0.0, "Total Cost": 0.3, "Plan Rows": 1, "Plan Width": 24, "Actual Startup Time": 3030.493, "Actual Total Time": 3030.493, "Actual Rows": 119765, "Actual Loops": 395341, "Index Cond": "(o_orderkey = lineitem.l_orderkey)", "Rows Removed by Index Recheck": 0, "Filter": "((o_orderdate >= '1995-01-01 00:00:00'::timestamp(0) without time zone) AND (o_orderdate <= '1996-12-31 00:00:00'::timestamp(0) without time zone))", "Rows Removed by Filter": 275576}]}, {"Node Type": "Index Scan", "Parent Relationship": "Inner", "Scan Direction": "Forward", "Index Name": "customer_pkey", "Relation Name": "customer", "Alias": "customer", "Startup Cost": 0.0, "Total Cost": 0.31, "Plan Rows": 1, "Plan Width": 12, "Actual Startup Time": 796.163, "Actual Total Time": 796.163, "Actual Rows": 119765, "Actual Loops": 119765, "Index Cond": "(c_custkey = orders.o_custkey)", "Rows Removed by Index Recheck": 0}]}, {"Node Type": "Materialize", "Parent Relationship": "Inner", "Startup Cost": 0.0, "Total Cost": 2.65, "Plan Rows": 5, "Plan Width": 4, "Actual Startup Time": 12.63, "Actual Total Time": 64.599, "Actual Rows": 598825, "Actual Loops": 119765, "Plans": [{"Node Type": "Nested Loop", "Parent Relationship": "Outer", "Join Type": "Inner", "Startup Cost": 0.0, "Total Cost": 2.62, "Plan Rows": 5, "Plan Width": 4, "Actual Startup Time": 0.05, "Actual Total Time": 0.06, "Actual Rows": 5, "Actual Loops": 1, "Inner Unique": false, "Join Filter": "(n1.n_regionkey = region.r_regionkey)", "Rows Removed by Join Filter": 20, "Plans": [{"Node Type": "Seq Scan", "Parent Relationship": "Outer", "Relation Name": "region", "Alias": "region", "Startup Cost": 0.0, "Total Cost": 1.06, "Plan Rows": 1, "Plan Width": 4, "Actual Startup Time": 0.023, "Actual Total Time": 0.024, "Actual Rows": 1, "Actual Loops": 1, "Filter": "(r_name = 'ASIA'::bpchar)", "Rows Removed by Filter": 4}, {"Node Type": "Seq Scan", "Parent Relationship": "Inner", "Relation Name": "nation", "Alias": "n1", "Startup Cost": 0.0, "Total Cost": 1.25, "Plan Rows": 25, "Plan Width": 8, "Actual Startup Time": 0.009, "Actual Total Time": 0.012, "Actual Rows": 25, "Actual Loops": 1}]}]}]}, {"Node Type": "Index Scan", "Parent Relationship": "Inner", "Scan Direction": "Forward", "Index Name": "nation_pkey", "Relation Name": "nation", "Alias": "n2", "Startup Cost": 0.0, "Total Cost": 0.27, "Plan Rows": 1, "Plan Width": 30, "Actual Startup Time": 39.243, "Actual Total Time": 39.243, "Actual Rows": 23929, "Actual Loops": 23929, "Index Cond": "(n_nationkey = supplier.s_nationkey)", "Rows Removed by Index Recheck": 0}]}]}]}, "Triggers": [], "Planner Runtime": 4, "Total Runtime": 6709.6, "Unique SQL Id": 3681808042}}, "(1, 29)": {"explain_plan": {"Plan": {"Node Type": "Sort", "Startup Cost": 536434.22, "Total Cost": 536434.24, "Plan Rows": 10, "Plan Width": 50, "Sort Key": ["(date_part('year'::text, orders.o_orderdate))"], "Plans": [{"Node Type": "Aggregate", "Strategy": "Hashed", "Parent Relationship": "Outer", "Startup Cost": 536433.9, "Total Cost": 536434.05, "Plan Rows": 10, "Plan Width": 50, "Group By Key": ["date_part('year'::text, orders.o_orderdate)"], "Plans": [{"Node Type": "Nested Loop", "Parent Relationship": "Outer", "Join Type": "Inner", "Startup Cost": 486464.82, "Total Cost": 536314.08, "Plan Rows": 5991, "Plan Width": 50, "Inner Unique": true, "Plans": [{"Node Type": "Nested Loop", "Parent Relationship": "Outer", "Join Type": "Inner", "Startup Cost": 486464.82, "Total Cost": 534620.9, "Plan Rows": 5991, "Plan Width": 28, "Inner Unique": false, "Join Filter": "(n1.n_nationkey = customer.c_nationkey)", "Plans": [{"Node Type": "Nested Loop", "Parent Relationship": "Outer", "Join Type": "Inner", "Startup Cost": 486464.82, "Total Cost": 532353.6, "Plan Rows": 29954, "Plan Width": 32, "Inner Unique": true, "Plans": [{"Node Type": "Nested Loop", "Parent Relationship": "Outer", "Join Type": "Inner", "Startup Cost": 486464.82, "Total Cost": 516101.73, "Plan Rows": 51198, "Plan Width": 36, "Inner Unique": true, "Plans": [{"Node Type": "Merge Join", "Parent Relationship": "Outer", "Join Type": "Inner", "Startup Cost": 486464.82, "Total Cost": 493168.85, "Plan Rows": 74637, "Plan Width": 28, "Inner Unique": true, "Merge Cond": "(lineitem.l_suppkey = supplier.s_suppkey)", "Plans": [{"Node Type": "Sort", "Parent Relationship": "Outer", "Startup Cost": 486464.79, "Total Cost": 486651.38, "Plan Rows": 74637, "Plan Width": 32, "Sort Key": ["lineitem.l_suppkey"], "Plans": [{"Node Type": "Nested Loop", "Parent Relationship": "Outer", "Join Type": "Inner", "Startup Cost": 0.0, "Total Cost": 480423.82, "Plan Rows": 74637, "Plan Width": 32, "Inner Unique": false, "Plans": [{"Node Type": "Index Scan", "Parent Relationship": "Outer", "Scan Direction": "Forward", "Index Name": "part_kpey", "Relation Name": "part", "Alias": "part", "Startup Cost": 0.0, "Total Cost": 105803.25, "Plan Rows": 13538, "Plan Width": 8, "Filter": "((p_type)::text = 'SMALL PLATED COPPER'::text)"}, {"Node Type": "Index Scan", "Parent Relationship": "Inner", "Scan Direction": "Forward", "Index Name": "idx_lineitem_part_supp", "Relation Name": "lineitem", "Alias": "lineitem", "Startup Cost": 0.0, "Total Cost": 27.61, "Plan Rows": 6, "Plan Width": 40, "Index Cond": "(l_partkey = part.p_partkey)"}]}]}, {"Node Type": "Index Scan", "Parent Relationship": "Inner", "Scan Direction": "Forward", "Index Name": "supplier_pkey", "Relation Name": "supplier", "Alias": "supplier", "Startup Cost": 0.0, "Total Cost": 5334.54, "Plan Rows": 100000, "Plan Width": 12}]}, {"Node Type": "Index Scan", "Parent Relationship": "Inner", "Scan Direction": "Forward", "Index Name": "orders_pkey", "Relation Name": "orders", "Alias": "orders", "Startup Cost": 0.0, "Total Cost": 0.3, "Plan Rows": 1, "Plan Width": 24, "Index Cond": "(o_orderkey = lineitem.l_orderkey)", "Filter": "((o_orderdate >= '1995-01-01 00:00:00'::timestamp(0) without time zone) AND (o_orderdate <= '1996-12-31 00:00:00'::timestamp(0) without time zone))"}]}, {"Node Type": "Index Scan", "Parent Relationship": "Inner", "Scan Direction": "Forward", "Index Name": "customer_pkey", "Relation Name": "customer", "Alias": "customer", "Startup Cost": 0.0, "Total Cost": 0.31, "Plan Rows": 1, "Plan Width": 12, "Index Cond": "(c_custkey = orders.o_custkey)"}]}, {"Node Type": "Materialize", "Parent Relationship": "Inner", "Startup Cost": 0.0, "Total Cost": 20.76, "Plan Rows": 5, "Plan Width": 4, "Plans": [{"Node Type": "Nested Loop", "Parent Relationship": "Outer", "Join Type": "Inner", "Startup Cost": 0.0, "Total Cost": 20.74, "Plan Rows": 5, "Plan Width": 4, "Inner Unique": false, "Plans": [{"Node Type": "Index Scan", "Parent Relationship": "Outer", "Scan Direction": "Forward", "Index Name": "region_pkey", "Relation Name": "region", "Alias": "region", "Startup Cost": 0.0, "Total Cost": 12.34, "Plan Rows": 1, "Plan Width": 4, "Filter": "(r_name = 'ASIA'::bpchar)"}, {"Node Type": "Index Scan", "Parent Relationship": "Inner", "Scan Direction": "Forward", "Index Name": "idx_nation_regionkey", "Relation Name": "nation", "Alias": "n1", "Startup Cost": 0.0, "Total Cost": 8.35, "Plan Rows": 5, "Plan Width": 8, "Index Cond": "(n_regionkey = region.r_regionkey)"}]}]}]}, {"Node Type": "Index Scan", "Parent Relationship": "Inner", "Scan Direction": "Forward", "Index Name": "nation_pkey", "Relation Name": "nation", "Alias": "n2", "Startup Cost": 0.0, "Total Cost": 0.27, "Plan Rows": 1, "Plan Width": 30, "Index Cond": "(n_nationkey = supplier.s_nationkey)"}]}]}]}, "Unique SQL Id": 3681808042, "Planner Runtime": 4}, "explain_analyze_plan": {"Plan": {"Node Type": "Sort", "Startup Cost": 536434.22, "Total Cost": 536434.24, "Plan Rows": 10, "Plan Width": 50, "Actual Startup Time": 7397.927, "Actual Total Time": 7397.927, "Actual Rows": 2, "Actual Loops": 1, "Sort Key": ["(date_part('year'::text, orders.o_orderdate))"], "Sort Method": "quicksort", "Sort Space Used": 25, "Sort Space Type": "Memory", "Plans": [{"Node Type": "Aggregate", "Strategy": "Hashed", "Parent Relationship": "Outer", "Startup Cost": 536433.9, "Total Cost": 536434.05, "Plan Rows": 10, "Plan Width": 50, "Actual Startup Time": 7397.905, "Actual Total Time": 7397.907, "Actual Rows": 2, "Actual Loops": 1, "Group By Key": ["date_part('year'::text, orders.o_orderdate)"], "Plans": [{"Node Type": "Nested Loop", "Parent Relationship": "Outer", "Join Type": "Inner", "Startup Cost": 486464.82, "Total Cost": 536314.08, "Plan Rows": 5991, "Plan Width": 50, "Actual Startup Time": 2519.702, "Actual Total Time": 7360.132, "Actual Rows": 23929, "Actual Loops": 1, "Inner Unique": true, "Plans": [{"Node Type": "Nested Loop", "Parent Relationship": "Outer", "Join Type": "Inner", "Startup Cost": 486464.82, "Total Cost": 534620.9, "Plan Rows": 5991, "Plan Width": 28, "Actual Startup Time": 2519.681, "Actual Total Time": 7280.992, "Actual Rows": 23929, "Actual Loops": 1, "Inner Unique": false, "Join Filter": "(n1.n_nationkey = customer.c_nationkey)", "Rows Removed by Join Filter": 574896, "Plans": [{"Node Type": "Nested Loop", "Parent Relationship": "Outer", "Join Type": "Inner", "Startup Cost": 486464.82, "Total Cost": 532353.6, "Plan Rows": 29954, "Plan Width": 32, "Actual Startup Time": 2519.559, "Actual Total Time": 7063.128, "Actual Rows": 119765, "Actual Loops": 1, "Inner Unique": true, "Plans": [{"Node Type": "Nested Loop", "Parent Relationship": "Outer", "Join Type": "Inner", "Startup Cost": 486464.82, "Total Cost": 516101.73, "Plan Rows": 51198, "Plan Width": 36, "Actual Startup Time": 2519.546, "Actual Total Time": 6150.391, "Actual Rows": 119765, "Actual Loops": 1, "Inner Unique": true, "Plans": [{"Node Type": "Merge Join", "Parent Relationship": "Outer", "Join Type": "Inner", "Startup Cost": 486464.82, "Total Cost": 493168.85, "Plan Rows": 74637, "Plan Width": 28, "Actual Startup Time": 2519.471, "Actual Total Time": 2825.006, "Actual Rows": 395341, "Actual Loops": 1, "Inner Unique": true, "Merge Cond": "(lineitem.l_suppkey = supplier.s_suppkey)", "Plans": [{"Node Type": "Sort", "Parent Relationship": "Outer", "Startup Cost": 486464.79, "Total Cost": 486651.38, "Plan Rows": 74637, "Plan Width": 32, "Actual Startup Time": 2519.416, "Actual Total Time": 2599.306, "Actual Rows": 395341, "Actual Loops": 1, "Sort Key": ["lineitem.l_suppkey"], "Sort Method": "quicksort", "Sort Space Used": 49352, "Sort Space Type": "Memory", "Plans": [{"Node Type": "Nested Loop", "Parent Relationship": "Outer", "Join Type": "Inner", "Startup Cost": 0.0, "Total Cost": 480423.82, "Plan Rows": 74637, "Plan Width": 32, "Actual Startup Time": 0.053, "Actual Total Time": 2373.543, "Actual Rows": 395341, "Actual Loops": 1, "Inner Unique": false, "Plans": [{"Node Type": "Index Scan", "Parent Relationship": "Outer", "Scan Direction": "Forward", "Index Name": "part_kpey", "Relation Name": "part", "Alias": "part", "Startup Cost": 0.0, "Total Cost": 105803.25, "Plan Rows": 13538, "Plan Width": 8, "Actual Startup Time": 0.038, "Actual Total Time": 1298.548, "Actual Rows": 13163, "Actual Loops": 1, "Filter": "((p_type)::text = 'SMALL PLATED COPPER'::text)", "Rows Removed by Filter": 1986837}, {"Node Type": "Index Scan", "Parent Relationship": "Inner", "Scan Direction": "Forward", "Index Name": "idx_lineitem_part_supp", "Relation Name": "lineitem", "Alias": "lineitem", "Startup Cost": 0.0, "Total Cost": 27.61, "Plan Rows": 6, "Plan Width": 40, "Actual Startup Time": 133.69, "Actual Total Time": 980.777, "Actual Rows": 395341, "Actual Loops": 13163, "Index Cond": "(l_partkey = part.p_partkey)", "Rows Removed by Index Recheck": 0}]}]}, {"Node Type": "Index Scan", "Parent Relationship": "Inner", "Scan Direction": "Forward", "Index Name": "supplier_pkey", "Relation Name": "supplier", "Alias": "supplier", "Startup Cost": 0.0, "Total Cost": 5334.54, "Plan Rows": 100000, "Plan Width": 12, "Actual Startup Time": 0.038, "Actual Total Time": 68.857, "Actual Rows": 99998, "Actual Loops": 1}]}, {"Node Type": "Index Scan", "Parent Relationship": "Inner", "Scan Direction": "Forward", "Index Name": "orders_pkey", "Relation Name": "orders", "Alias": "orders", "Startup Cost": 0.0, "Total Cost": 0.3, "Plan Rows": 1, "Plan Width": 24, "Actual Startup Time": 3079.097, "Actual Total Time": 3079.097, "Actual Rows": 119765, "Actual Loops": 395341, "Index Cond": "(o_orderkey = lineitem.l_orderkey)", "Rows Removed by Index Recheck": 0, "Filter": "((o_orderdate >= '1995-01-01 00:00:00'::timestamp(0) without time zone) AND (o_orderdate <= '1996-12-31 00:00:00'::timestamp(0) without time zone))", "Rows Removed by Filter": 275576}]}, {"Node Type": "Index Scan", "Parent Relationship": "Inner", "Scan Direction": "Forward", "Index Name": "customer_pkey", "Relation Name": "customer", "Alias": "customer", "Startup Cost": 0.0, "Total Cost": 0.31, "Plan Rows": 1, "Plan Width": 12, "Actual Startup Time": 807.944, "Actual Total Time": 807.944, "Actual Rows": 119765, "Actual Loops": 119765, "Index Cond": "(c_custkey = orders.o_custkey)", "Rows Removed by Index Recheck": 0}]}, {"Node Type": "Materialize", "Parent Relationship": "Inner", "Startup Cost": 0.0, "Total Cost": 20.76, "Plan Rows": 5, "Plan Width": 4, "Actual Startup Time": 13.477, "Actual Total Time": 65.447, "Actual Rows": 598825, "Actual Loops": 119765, "Plans": [{"Node Type": "Nested Loop", "Parent Relationship": "Outer", "Join Type": "Inner", "Startup Cost": 0.0, "Total Cost": 20.74, "Plan Rows": 5, "Plan Width": 4, "Actual Startup Time": 0.023, "Actual Total Time": 0.031, "Actual Rows": 5, "Actual Loops": 1, "Inner Unique": false, "Plans": [{"Node Type": "Index Scan", "Parent Relationship": "Outer", "Scan Direction": "Forward", "Index Name": "region_pkey", "Relation Name": "region", "Alias": "region", "Startup Cost": 0.0, "Total Cost": 12.34, "Plan Rows": 1, "Plan Width": 4, "Actual Startup Time": 0.012, "Actual Total Time": 0.014, "Actual Rows": 1, "Actual Loops": 1, "Filter": "(r_name = 'ASIA'::bpchar)", "Rows Removed by Filter": 4}, {"Node Type": "Index Scan", "Parent Relationship": "Inner", "Scan Direction": "Forward", "Index Name": "idx_nation_regionkey", "Relation Name": "nation", "Alias": "n1", "Startup Cost": 0.0, "Total Cost": 8.35, "Plan Rows": 5, "Plan Width": 8, "Actual Startup Time": 0.009, "Actual Total Time": 0.013, "Actual Rows": 5, "Actual Loops": 1, "Index Cond": "(n_regionkey = region.r_regionkey)", "Rows Removed by Index Recheck": 0}]}]}]}, {"Node Type": "Index Scan", "Parent Relationship": "Inner", "Scan Direction": "Forward", "Index Name": "nation_pkey", "Relation Name": "nation", "Alias": "n2", "Startup Cost": 0.0, "Total Cost": 0.27, "Plan Rows": 1, "Plan Width": 30, "Actual Startup Time": 39.423, "Actual Total Time": 39.423, "Actual Rows": 23929, "Actual Loops": 23929, "Index Cond": "(n_nationkey = supplier.s_nationkey)", "Rows Removed by Index Recheck": 0}]}]}]}, "Triggers": [], "Planner Runtime": 4, "Total Runtime": 7398.295, "Unique SQL Id": 3681808042}}, "(1, 30)": {"explain_plan": {"Plan": {"Node Type": "Sort", "Startup Cost": 11381808.12, "Total Cost": 11381808.14, "Plan Rows": 10, "Plan Width": 50, "Sort Key": ["(date_part('year'::text, orders.o_orderdate))"], "Plans": [{"Node Type": "Aggregate", "Strategy": "Hashed", "Parent Relationship": "Outer", "Startup Cost": 11381807.8, "Total Cost": 11381807.95, "Plan Rows": 10, "Plan Width": 50, "Group By Key": ["date_part('year'::text, orders.o_orderdate)"], "Plans": [{"Node Type": "Merge Join", "Parent Relationship": "Outer", "Join Type": "Inner", "Startup Cost": 11381583.02, "Total Cost": 11381687.98, "Plan Rows": 5991, "Plan Width": 50, "Inner Unique": false, "Merge Cond": "(n2.n_nationkey = supplier.s_nationkey)", "Plans": [{"Node Type": "Sort", "Parent Relationship": "Outer", "Startup Cost": 1.83, "Total Cost": 1.89, "Plan Rows": 25, "Plan Width": 30, "Sort Key": ["n2.n_nationkey"], "Plans": [{"Node Type": "Seq Scan", "Parent Relationship": "Outer", "Relation Name": "nation", "Alias": "n2", "Startup Cost": 0.0, "Total Cost": 1.25, "Plan Rows": 25, "Plan Width": 30}]}, {"Node Type": "Sort", "Parent Relationship": "Inner", "Startup Cost": 11381581.18, "Total Cost": 11381596.16, "Plan Rows": 5991, "Plan Width": 28, "Sort Key": ["supplier.s_nationkey"], "Plans": [{"Node Type": "Merge Join", "Parent Relationship": "Outer", "Join Type": "Inner", "Startup Cost": 11380607.82, "Total Cost": 11381205.29, "Plan Rows": 5991, "Plan Width": 28, "Inner Unique": true, "Merge Cond": "(lineitem.l_suppkey = supplier.s_suppkey)", "Plans": [{"Node Type": "Sort", "Parent Relationship": "Outer", "Startup Cost": 11369019.99, "Total Cost": 11369063.23, "Plan Rows": 17296, "Plan Width": 32, "Sort Key": ["lineitem.l_suppkey"], "Plans": [{"Node Type": "Merge Join", "Parent Relationship": "Outer", "Join Type": "Inner", "Startup Cost": 11364916.02, "Total Cost": 11367802.51, "Plan Rows": 17296, "Plan Width": 32, "Inner Unique": false, "Merge Cond": "(orders.o_custkey = customer.c_custkey)", "Plans": [{"Node Type": "Sort", "Parent Relationship": "Outer", "Startup Cost": 11172995.44, "Total Cost": 11173211.64, "Plan Rows": 86479, "Plan Width": 40, "Sort Key": ["orders.o_custkey"], "Plans": [{"Node Type": "Merge Join", "Parent Relationship": "Outer", "Join Type": "Inner", "Startup Cost": 11142007.17, "Total Cost": 11165904.14, "Plan Rows": 86479, "Plan Width": 40, "Inner Unique": true, "Merge Cond": "(lineitem.l_orderkey = orders.o_orderkey)", "Plans": [{"Node Type": "Sort", "Parent Relationship": "Outer", "Startup Cost": 10139547.54, "Total Cost": 10139734.13, "Plan Rows": 74637, "Plan Width": 32, "Sort Key": ["lineitem.l_orderkey"], "Plans": [{"Node Type": "Merge Join", "Parent Relationship": "Outer", "Join Type": "Inner", "Startup Cost": 9832757.35, "Total Cost": 10133506.57, "Plan Rows": 74637, "Plan Width": 32, "Inner Unique": false, "Merge Cond": "(part.p_partkey = lineitem.l_partkey)", "Plans": [{"Node Type": "Sort", "Parent Relationship": "Outer", "Startup Cost": 67873.03, "Total Cost": 67906.87, "Plan Rows": 13538, "Plan Width": 8, "Sort Key": ["part.p_partkey"], "Plans": [{"Node Type": "Seq Scan", "Parent Relationship": "Outer", "Relation Name": "part", "Alias": "part", "Startup Cost": 0.0, "Total Cost": 66944.0, "Plan Rows": 13538, "Plan Width": 8, "Filter": "((p_type)::text = 'SMALL PLATED COPPER'::text)"}]}, {"Node Type": "Sort", "Parent Relationship": "Inner", "Startup Cost": 9764884.32, "Total Cost": 9914851.9, "Plan Rows": 59987033, "Plan Width": 40, "Sort Key": ["lineitem.l_partkey"], "Plans": [{"Node Type": "Seq Scan", "Parent Relationship": "Outer", "Relation Name": "lineitem", "Alias": "lineitem", "Startup Cost": 0.0, "Total Cost": 2015115.33, "Plan Rows": 59987033, "Plan Width": 40}]}]}]}, {"Node Type": "Sort", "Parent Relationship": "Inner", "Startup Cost": 1002458.79, "Total Cost": 1013788.71, "Plan Rows": 4531967, "Plan Width": 24, "Sort Key": ["orders.o_orderkey"], "Plans": [{"Node Type": "Seq Scan", "Parent Relationship": "Outer", "Relation Name": "orders", "Alias": "orders", "Startup Cost": 196.01, "Total Cost": 501411.18, "Plan Rows": 4531967, "Plan Width": 24, "Filter": "((o_orderdate >= '1995-01-01 00:00:00'::timestamp(0) without time zone) AND (o_orderdate <= '1996-12-31 00:00:00'::timestamp(0) without time zone)), (LLVM Optimized)"}]}]}]}, {"Node Type": "Sort", "Parent Relationship": "Inner", "Startup Cost": 191920.54, "Total Cost": 192670.54, "Plan Rows": 300000, "Plan Width": 8, "Sort Key": ["customer.c_custkey"], "Plans": [{"Node Type": "Nested Loop", "Parent Relationship": "Outer", "Join Type": "Inner", "Startup Cost": 0.0, "Total Cost": 164628.64, "Plan Rows": 300000, "Plan Width": 8, "Inner Unique": false, "Join Filter": "(n1.n_nationkey = customer.c_nationkey), (LLVM Optimized)", "Plans": [{"Node Type": "Seq Scan", "Parent Relationship": "Outer", "Relation Name": "customer", "Alias": "customer", "Startup Cost": 0.0, "Total Cost": 52126.0, "Plan Rows": 1500000, "Plan Width": 12}, {"Node Type": "Materialize", "Parent Relationship": "Inner", "Startup Cost": 0.0, "Total Cost": 2.65, "Plan Rows": 5, "Plan Width": 4, "Plans": [{"Node Type": "Nested Loop", "Parent Relationship": "Outer", "Join Type": "Inner", "Startup Cost": 0.0, "Total Cost": 2.62, "Plan Rows": 5, "Plan Width": 4, "Inner Unique": false, "Join Filter": "(n1.n_regionkey = region.r_regionkey)", "Plans": [{"Node Type": "Seq Scan", "Parent Relationship": "Outer", "Relation Name": "region", "Alias": "region", "Startup Cost": 0.0, "Total Cost": 1.06, "Plan Rows": 1, "Plan Width": 4, "Filter": "(r_name = 'ASIA'::bpchar)"}, {"Node Type": "Seq Scan", "Parent Relationship": "Inner", "Relation Name": "nation", "Alias": "n1", "Startup Cost": 0.0, "Total Cost": 1.25, "Plan Rows": 25, "Plan Width": 8}]}]}]}]}]}]}, {"Node Type": "Sort", "Parent Relationship": "Inner", "Startup Cost": 11587.82, "Total Cost": 11837.82, "Plan Rows": 100000, "Plan Width": 12, "Sort Key": ["supplier.s_suppkey"], "Plans": [{"Node Type": "Seq Scan", "Parent Relationship": "Outer", "Relation Name": "supplier", "Alias": "supplier", "Startup Cost": 0.0, "Total Cost": 3283.0, "Plan Rows": 100000, "Plan Width": 12}]}]}]}]}]}]}, "Unique SQL Id": 3681808042, "Planner Runtime": 4}, "explain_analyze_plan": null}, "(1, 31)": {"explain_plan": {"Plan": {"Node Type": "Sort", "Startup Cost": 8018177364726.43, "Total Cost": 8018177364726.46, "Plan Rows": 10, "Plan Width": 50, "Sort Key": ["(date_part('year'::text, orders.o_orderdate))"], "Plans": [{"Node Type": "Aggregate", "Strategy": "Hashed", "Parent Relationship": "Outer", "Startup Cost": 8018177364726.12, "Total Cost": 8018177364726.27, "Plan Rows": 10, "Plan Width": 50, "Group By Key": ["date_part('year'::text, orders.o_orderdate)"], "Plans": [{"Node Type": "Nested Loop", "Parent Relationship": "Outer", "Join Type": "Inner", "Startup Cost": 80000000000.0, "Total Cost": 8018177364380.2, "Plan Rows": 17296, "Plan Width": 50, "Inner Unique": false, "Join Filter": "(supplier.s_suppkey = lineitem.l_suppkey)", "Plans": [{"Node Type": "Nested Loop", "Parent Relationship": "Outer", "Join Type": "Inner", "Startup Cost": 20000000000.0, "Total Cost": 2000000572216.94, "Plan Rows": 100000, "Plan Width": 34, "Inner Unique": true, "Join Filter": "(supplier.s_nationkey = n2.n_nationkey), (LLVM Optimized)", "Plans": [{"Node Type": "Index Scan", "Parent Relationship": "Outer", "Scan Direction": "Forward", "Index Name": "supplier_pkey", "Relation Name": "supplier", "Alias": "supplier", "Startup Cost": 10000000000.0, "Total Cost": 1000000533454.38, "Plan Rows": 100000, "Plan Width": 12}, {"Node Type": "Materialize", "Parent Relationship": "Inner", "Startup Cost": 10000000000.0, "Total Cost": 1000000001262.62, "Plan Rows": 25, "Plan Width": 30, "Plans": [{"Node Type": "Index Scan", "Parent Relationship": "Outer", "Scan Direction": "Forward", "Index Name": "nation_pkey", "Relation Name": "nation", "Alias": "n2", "Startup Cost": 10000000000.0, "Total Cost": 1000000001262.5, "Plan Rows": 25, "Plan Width": 30}]}]}, {"Node Type": "Materialize", "Parent Relationship": "Inner", "Startup Cost": 60000000000.0, "Total Cost": 6018150848163.26, "Plan Rows": 17296, "Plan Width": 32, "Plans": [{"Node Type": "Nested Loop", "Parent Relationship": "Outer", "Join Type": "Inner", "Startup Cost": 60000000000.0, "Total Cost": 6018150848076.78, "Plan Rows": 17296, "Plan Width": 32, "Inner Unique": false, "Join Filter": "(orders.o_custkey = customer.c_custkey)", "Plans": [{"Node Type": "Nested Loop", "Parent Relationship": "Outer", "Join Type": "Inner", "Startup Cost": 30000000000.0, "Total Cost": 3017753500294.51, "Plan Rows": 86479, "Plan Width": 40, "Inner Unique": false, "Join Filter": "(lineitem.l_orderkey = orders.o_orderkey)", "Plans": [{"Node Type": "Index Scan", "Parent Relationship": "Outer", "Scan Direction": "Forward", "Index Name": "idx_orders_custkey", "Relation Name": "orders", "Alias": "orders", "Startup Cost": 10000000000.0, "Total Cost": 1000163551268.58, "Plan Rows": 4531967, "Plan Width": 24, "Filter": "((o_orderdate >= '1995-01-01 00:00:00'::timestamp(0) without time zone) AND (o_orderdate <= '1996-12-31 00:00:00'::timestamp(0) without time zone)), (LLVM Optimized)"}, {"Node Type": "Materialize", "Parent Relationship": "Inner", "Startup Cost": 20000000000.0, "Total Cost": 2012516162897.84, "Plan Rows": 74637, "Plan Width": 32, "Plans": [{"Node Type": "Nested Loop", "Parent Relationship": "Outer", "Join Type": "Inner", "Startup Cost": 20000000000.0, "Total Cost": 2012516162524.66, "Plan Rows": 74637, "Plan Width": 32, "Inner Unique": true, "Join Filter": "(part.p_partkey = lineitem.l_partkey)", "Plans": [{"Node Type": "Index Scan", "Parent Relationship": "Outer", "Scan Direction": "Forward", "Index Name": "idx_lineitem_orderkey", "Relation Name": "lineitem", "Alias": "lineitem", "Startup Cost": 10000000000.0, "Total Cost": 1000324015374.5, "Plan Rows": 59987033, "Plan Width": 40}, {"Node Type": "Materialize", "Parent Relationship": "Inner", "Startup Cost": 10000000000.0, "Total Cost": 1000010580392.69, "Plan Rows": 13538, "Plan Width": 8, "Plans": [{"Node Type": "Index Scan", "Parent Relationship": "Outer", "Scan Direction": "Forward", "Index Name": "part_kpey", "Relation Name": "part", "Alias": "part", "Startup Cost": 10000000000.0, "Total Cost": 1000010580325.0, "Plan Rows": 13538, "Plan Width": 8, "Filter": "((p_type)::text = 'SMALL PLATED COPPER'::text)"}]}]}]}]}, {"Node Type": "Materialize", "Parent Relationship": "Inner", "Startup Cost": 30000000000.0, "Total Cost": 3000008193032.26, "Plan Rows": 300000, "Plan Width": 8, "Plans": [{"Node Type": "Nested Loop", "Parent Relationship": "Outer", "Join Type": "Inner", "Startup Cost": 30000000000.0, "Total Cost": 3000008191532.26, "Plan Rows": 300000, "Plan Width": 8, "Inner Unique": false, "Join Filter": "(n1.n_nationkey = customer.c_nationkey), (LLVM Optimized)", "Plans": [{"Node Type": "Index Scan", "Parent Relationship": "Outer", "Scan Direction": "Forward", "Index Name": "customer_pkey", "Relation Name": "customer", "Alias": "customer", "Startup Cost": 10000000000.0, "Total Cost": 1000008076535.62, "Plan Rows": 1500000, "Plan Width": 12}, {"Node Type": "Materialize", "Parent Relationship": "Inner", "Startup Cost": 20000000000.0, "Total Cost": 2000000002496.65, "Plan Rows": 5, "Plan Width": 4, "Plans": [{"Node Type": "Nested Loop", "Parent Relationship": "Outer", "Join Type": "Inner", "Startup Cost": 20000000000.0, "Total Cost": 2000000002496.63, "Plan Rows": 5, "Plan Width": 4, "Inner Unique": true, "Join Filter": "(n1.n_regionkey = region.r_regionkey)", "Plans": [{"Node Type": "Index Scan", "Parent Relationship": "Outer", "Scan Direction": "Forward", "Index Name": "nation_pkey", "Relation Name": "nation", "Alias": "n1", "Startup Cost": 10000000000.0, "Total Cost": 1000000001262.5, "Plan Rows": 25, "Plan Width": 8}, {"Node Type": "Materialize", "Parent Relationship": "Inner", "Startup Cost": 10000000000.0, "Total Cost": 1000000001233.76, "Plan Rows": 1, "Plan Width": 4, "Plans": [{"Node Type": "Index Scan", "Parent Relationship": "Outer", "Scan Direction": "Forward", "Index Name": "region_pkey", "Relation Name": "region", "Alias": "region", "Startup Cost": 10000000000.0, "Total Cost": 1000000001233.75, "Plan Rows": 1, "Plan Width": 4, "Filter": "(r_name = 'ASIA'::bpchar)"}]}]}]}]}]}]}]}]}]}]}, "Unique SQL Id": 3681808042, "Planner Runtime": 5}, "explain_analyze_plan": null}, "(1, 32)": {"explain_plan": {"Plan": {"Node Type": "Sort", "Startup Cost": 486630.31, "Total Cost": 486630.33, "Plan Rows": 10, "Plan Width": 50, "Sort Key": ["(date_part('year'::text, orders.o_orderdate))"], "Plans": [{"Node Type": "Aggregate", "Strategy": "Hashed", "Parent Relationship": "Outer", "Startup Cost": 486629.99, "Total Cost": 486630.14, "Plan Rows": 10, "Plan Width": 50, "Group By Key": ["date_part('year'::text, orders.o_orderdate)"], "Plans": [{"Node Type": "Hash Join", "Parent Relationship": "Outer", "Join Type": "Inner", "Startup Cost": 4536.12, "Total Cost": 486510.17, "Plan Rows": 5991, "Plan Width": 50, "Inner Unique": true, "Hash Cond": "(supplier.s_nationkey = n2.n_nationkey)", "Plans": [{"Node Type": "Nested Loop", "Parent Relationship": "Outer", "Join Type": "Inner", "Startup Cost": 4534.56, "Total Cost": 486417.81, "Plan Rows": 5991, "Plan Width": 28, "Inner Unique": false, "Join Filter": "(n1.n_regionkey = region.r_regionkey)", "Plans": [{"Node Type": "Seq Scan", "Parent Relationship": "Outer", "Relation Name": "region", "Alias": "region", "Startup Cost": 0.0, "Total Cost": 1.06, "Plan Rows": 1, "Plan Width": 4, "Filter": "(r_name = 'ASIA'::bpchar)"}, {"Node Type": "Hash Join", "Parent Relationship": "Inner", "Join Type": "Inner", "Startup Cost": 4534.56, "Total Cost": 486042.32, "Plan Rows": 29954, "Plan Width": 32, "Inner Unique": true, "Hash Cond": "(customer.c_nationkey = n1.n_nationkey)", "Plans": [{"Node Type": "Nested Loop", "Parent Relationship": "Outer", "Join Type": "Inner", "Startup Cost": 4533.0, "Total Cost": 485661.65, "Plan Rows": 29954, "Plan Width": 32, "Inner Unique": true, "Plans": [{"Node Type": "Hash Join", "Parent Relationship": "Outer", "Join Type": "Inner", "Startup Cost": 4533.0, "Total Cost": 469409.78, "Plan Rows": 51198, "Plan Width": 36, "Inner Unique": true, "Hash Cond": "(lineitem.l_suppkey = supplier.s_suppkey)", "Plans": [{"Node Type": "Nested Loop", "Parent Relationship": "Outer", "Join Type": "Inner", "Startup Cost": 0.0, "Total Cost": 464497.44, "Plan Rows": 86479, "Plan Width": 40, "Inner Unique": true, "Plans": [{"Node Type": "Nested Loop", "Parent Relationship": "Outer", "Join Type": "Inner", "Startup Cost": 0.0, "Total Cost": 441564.57, "Plan Rows": 74637, "Plan Width": 32, "Inner Unique": false, "Plans": [{"Node Type": "Seq Scan", "Parent Relationship": "Outer", "Relation Name": "part", "Alias": "part", "Startup Cost": 0.0, "Total Cost": 66944.0, "Plan Rows": 13538, "Plan Width": 8, "Filter": "((p_type)::text = 'SMALL PLATED COPPER'::text)"}, {"Node Type": "Index Scan", "Parent Relationship": "Inner", "Scan Direction": "Forward", "Index Name": "idx_lineitem_part_supp", "Relation Name": "lineitem", "Alias": "lineitem", "Startup Cost": 0.0, "Total Cost": 27.61, "Plan Rows": 6, "Plan Width": 40, "Index Cond": "(l_partkey = part.p_partkey)"}]}, {"Node Type": "Index Scan", "Parent Relationship": "Inner", "Scan Direction": "Forward", "Index Name": "orders_pkey", "Relation Name": "orders", "Alias": "orders", "Startup Cost": 0.0, "Total Cost": 0.3, "Plan Rows": 1, "Plan Width": 24, "Index Cond": "(o_orderkey = lineitem.l_orderkey)", "Filter": "((o_orderdate >= '1995-01-01 00:00:00'::timestamp(0) without time zone) AND (o_orderdate <= '1996-12-31 00:00:00'::timestamp(0) without time zone))"}]}, {"Node Type": "Hash", "Parent Relationship": "Inner", "Startup Cost": 3283.0, "Total Cost": 3283.0, "Plan Rows": 100000, "Plan Width": 12, "Plans": [{"Node Type": "Seq Scan", "Parent Relationship": "Outer", "Relation Name": "supplier", "Alias": "supplier", "Startup Cost": 0.0, "Total Cost": 3283.0, "Plan Rows": 100000, "Plan Width": 12}]}]}, {"Node Type": "Index Scan", "Parent Relationship": "Inner", "Scan Direction": "Forward", "Index Name": "customer_pkey", "Relation Name": "customer", "Alias": "customer", "Startup Cost": 0.0, "Total Cost": 0.31, "Plan Rows": 1, "Plan Width": 12, "Index Cond": "(c_custkey = orders.o_custkey)"}]}, {"Node Type": "Hash", "Parent Relationship": "Inner", "Startup Cost": 1.25, "Total Cost": 1.25, "Plan Rows": 25, "Plan Width": 8, "Plans": [{"Node Type": "Seq Scan", "Parent Relationship": "Outer", "Relation Name": "nation", "Alias": "n1", "Startup Cost": 0.0, "Total Cost": 1.25, "Plan Rows": 25, "Plan Width": 8}]}]}]}, {"Node Type": "Hash", "Parent Relationship": "Inner", "Startup Cost": 1.25, "Total Cost": 1.25, "Plan Rows": 25, "Plan Width": 30, "Plans": [{"Node Type": "Seq Scan", "Parent Relationship": "Outer", "Relation Name": "nation", "Alias": "n2", "Startup Cost": 0.0, "Total Cost": 1.25, "Plan Rows": 25, "Plan Width": 30}]}]}]}]}, "Unique SQL Id": 3681808042, "Planner Runtime": 3}, "explain_analyze_plan": {"Plan": {"Node Type": "Sort", "Startup Cost": 486630.31, "Total Cost": 486630.33, "Plan Rows": 10, "Plan Width": 50, "Actual Startup Time": 6875.429, "Actual Total Time": 6875.43, "Actual Rows": 2, "Actual Loops": 1, "Sort Key": ["(date_part('year'::text, orders.o_orderdate))"], "Sort Method": "quicksort", "Sort Space Used": 25, "Sort Space Type": "Memory", "Plans": [{"Node Type": "Aggregate", "Strategy": "Hashed", "Parent Relationship": "Outer", "Startup Cost": 486629.99, "Total Cost": 486630.14, "Plan Rows": 10, "Plan Width": 50, "Actual Startup Time": 6875.411, "Actual Total Time": 6875.412, "Actual Rows": 2, "Actual Loops": 1, "Group By Key": ["date_part('year'::text, orders.o_orderdate)"], "Plans": [{"Node Type": "Hash Join", "Parent Relationship": "Outer", "Join Type": "Inner", "Startup Cost": 4536.12, "Total Cost": 486510.17, "Plan Rows": 5991, "Plan Width": 50, "Actual Startup Time": 67.839, "Actual Total Time": 6836.987, "Actual Rows": 23929, "Actual Loops": 1, "Inner Unique": true, "Hash Cond": "(supplier.s_nationkey = n2.n_nationkey)", "Plans": [{"Node Type": "Nested Loop", "Parent Relationship": "Outer", "Join Type": "Inner", "Startup Cost": 4534.56, "Total Cost": 486417.81, "Plan Rows": 5991, "Plan Width": 28, "Actual Startup Time": 67.737, "Actual Total Time": 6803.424, "Actual Rows": 23929, "Actual Loops": 1, "Inner Unique": false, "Join Filter": "(n1.n_regionkey = region.r_regionkey)", "Rows Removed by Join Filter": 95836, "Plans": [{"Node Type": "Seq Scan", "Parent Relationship": "Outer", "Relation Name": "region", "Alias": "region", "Startup Cost": 0.0, "Total Cost": 1.06, "Plan Rows": 1, "Plan Width": 4, "Actual Startup Time": 0.011, "Actual Total Time": 0.015, "Actual Rows": 1, "Actual Loops": 1, "Filter": "(r_name = 'ASIA'::bpchar)", "Rows Removed by Filter": 4}, {"Node Type": "Hash Join", "Parent Relationship": "Inner", "Join Type": "Inner", "Startup Cost": 4534.56, "Total Cost": 486042.32, "Plan Rows": 29954, "Plan Width": 32, "Actual Startup Time": 67.489, "Actual Total Time": 6770.232, "Actual Rows": 119765, "Actual Loops": 1, "Inner Unique": true, "Hash Cond": "(customer.c_nationkey = n1.n_nationkey)", "Plans": [{"Node Type": "Nested Loop", "Parent Relationship": "Outer", "Join Type": "Inner", "Startup Cost": 4533.0, "Total Cost": 485661.65, "Plan Rows": 29954, "Plan Width": 32, "Actual Startup Time": 67.423, "Actual Total Time": 6700.524, "Actual Rows": 119765, "Actual Loops": 1, "Inner Unique": true, "Plans": [{"Node Type": "Hash Join", "Parent Relationship": "Outer", "Join Type": "Inner", "Startup Cost": 4533.0, "Total Cost": 469409.78, "Plan Rows": 51198, "Plan Width": 36, "Actual Startup Time": 67.385, "Actual Total Time": 5716.914, "Actual Rows": 119765, "Actual Loops": 1, "Inner Unique": true, "Hash Cond": "(lineitem.l_suppkey = supplier.s_suppkey)", "Plans": [{"Node Type": "Nested Loop", "Parent Relationship": "Outer", "Join Type": "Inner", "Startup Cost": 0.0, "Total Cost": 464497.44, "Plan Rows": 86479, "Plan Width": 40, "Actual Startup Time": 0.197, "Actual Total Time": 5569.342, "Actual Rows": 119765, "Actual Loops": 1, "Inner Unique": true, "Plans": [{"Node Type": "Nested Loop", "Parent Relationship": "Outer", "Join Type": "Inner", "Startup Cost": 0.0, "Total Cost": 441564.57, "Plan Rows": 74637, "Plan Width": 32, "Actual Startup Time": 0.046, "Actual Total Time": 2059.105, "Actual Rows": 395341, "Actual Loops": 1, "Inner Unique": false, "Plans": [{"Node Type": "Seq Scan", "Parent Relationship": "Outer", "Relation Name": "part", "Alias": "part", "Startup Cost": 0.0, "Total Cost": 66944.0, "Plan Rows": 13538, "Plan Width": 8, "Actual Startup Time": 0.022, "Actual Total Time": 777.589, "Actual Rows": 13163, "Actual Loops": 1, "Filter": "((p_type)::text = 'SMALL PLATED COPPER'::text)", "Rows Removed by Filter": 1986837}, {"Node Type": "Index Scan", "Parent Relationship": "Inner", "Scan Direction": "Forward", "Index Name": "idx_lineitem_part_supp", "Relation Name": "lineitem", "Alias": "lineitem", "Startup Cost": 0.0, "Total Cost": 27.61, "Plan Rows": 6, "Plan Width": 40, "Actual Startup Time": 154.187, "Actual Total Time": 1177.879, "Actual Rows": 395341, "Actual Loops": 13163, "Index Cond": "(l_partkey = part.p_partkey)", "Rows Removed by Index Recheck": 0}]}, {"Node Type": "Index Scan", "Parent Relationship": "Inner", "Scan Direction": "Forward", "Index Name": "orders_pkey", "Relation Name": "orders", "Alias": "orders", "Startup Cost": 0.0, "Total Cost": 0.3, "Plan Rows": 1, "Plan Width": 24, "Actual Startup Time": 3272.72, "Actual Total Time": 3272.72, "Actual Rows": 119765, "Actual Loops": 395341, "Index Cond": "(o_orderkey = lineitem.l_orderkey)", "Rows Removed by Index Recheck": 0, "Filter": "((o_orderdate >= '1995-01-01 00:00:00'::timestamp(0) without time zone) AND (o_orderdate <= '1996-12-31 00:00:00'::timestamp(0) without time zone))", "Rows Removed by Filter": 275576}]}, {"Node Type": "Hash", "Parent Relationship": "Inner", "Startup Cost": 3283.0, "Total Cost": 3283.0, "Plan Rows": 100000, "Plan Width": 12, "Actual Startup Time": 67.072, "Actual Total Time": 67.072, "Actual Rows": 100000, "Actual Loops": 1, "Hash Buckets": 131072, "Hash Batches": 1, "Original Hash Batches": 1, "Peak Memory Usage": 4297, "Plans": [{"Node Type": "Seq Scan", "Parent Relationship": "Outer", "Relation Name": "supplier", "Alias": "supplier", "Startup Cost": 0.0, "Total Cost": 3283.0, "Plan Rows": 100000, "Plan Width": 12, "Actual Startup Time": 0.016, "Actual Total Time": 39.717, "Actual Rows": 100000, "Actual Loops": 1}]}]}, {"Node Type": "Index Scan", "Parent Relationship": "Inner", "Scan Direction": "Forward", "Index Name": "customer_pkey", "Relation Name": "customer", "Alias": "customer", "Startup Cost": 0.0, "Total Cost": 0.31, "Plan Rows": 1, "Plan Width": 12, "Actual Startup Time": 873.567, "Actual Total Time": 873.567, "Actual Rows": 119765, "Actual Loops": 119765, "Index Cond": "(c_custkey = orders.o_custkey)", "Rows Removed by Index Recheck": 0}]}, {"Node Type": "Hash", "Parent Relationship": "Inner", "Startup Cost": 1.25, "Total Cost": 1.25, "Plan Rows": 25, "Plan Width": 8, "Actual Startup Time": 0.021, "Actual Total Time": 0.021, "Actual Rows": 25, "Actual Loops": 1, "Hash Buckets": 32768, "Hash Batches": 1, "Original Hash Batches": 1, "Peak Memory Usage": 1, "Plans": [{"Node Type": "Seq Scan", "Parent Relationship": "Outer", "Relation Name": "nation", "Alias": "n1", "Startup Cost": 0.0, "Total Cost": 1.25, "Plan Rows": 25, "Plan Width": 8, "Actual Startup Time": 0.008, "Actual Total Time": 0.014, "Actual Rows": 25, "Actual Loops": 1}]}]}]}, {"Node Type": "Hash", "Parent Relationship": "Inner", "Startup Cost": 1.25, "Total Cost": 1.25, "Plan Rows": 25, "Plan Width": 30, "Actual Startup Time": 0.038, "Actual Total Time": 0.038, "Actual Rows": 25, "Actual Loops": 1, "Hash Buckets": 32768, "Hash Batches": 1, "Original Hash Batches": 1, "Peak Memory Usage": 2, "Plans": [{"Node Type": "Seq Scan", "Parent Relationship": "Outer", "Relation Name": "nation", "Alias": "n2", "Startup Cost": 0.0, "Total Cost": 1.25, "Plan Rows": 25, "Plan Width": 30, "Actual Startup Time": 0.017, "Actual Total Time": 0.023, "Actual Rows": 25, "Actual Loops": 1}]}]}]}]}, "Triggers": [], "Planner Runtime": 3, "Total Runtime": 6875.883, "Unique SQL Id": 3681808042}}, "(1, 33)": {"explain_plan": {"Plan": {"Node Type": "Sort", "Startup Cost": 527575.13, "Total Cost": 527575.15, "Plan Rows": 10, "Plan Width": 50, "Sort Key": ["(date_part('year'::text, orders.o_orderdate))"], "Plans": [{"Node Type": "Aggregate", "Strategy": "Hashed", "Parent Relationship": "Outer", "Startup Cost": 527574.81, "Total Cost": 527574.96, "Plan Rows": 10, "Plan Width": 50, "Group By Key": ["date_part('year'::text, orders.o_orderdate)"], "Plans": [{"Node Type": "Hash Join", "Parent Relationship": "Outer", "Join Type": "Inner", "Startup Cost": 6610.42, "Total Cost": 527454.99, "Plan Rows": 5991, "Plan Width": 50, "Inner Unique": true, "Hash Cond": "(supplier.s_nationkey = n2.n_nationkey)", "Plans": [{"Node Type": "Nested Loop", "Parent Relationship": "Outer", "Join Type": "Inner", "Startup Cost": 6597.48, "Total Cost": 527351.25, "Plan Rows": 5991, "Plan Width": 28, "Inner Unique": false, "Join Filter": "(n1.n_regionkey = region.r_regionkey)", "Plans": [{"Node Type": "Index Scan", "Parent Relationship": "Outer", "Scan Direction": "Forward", "Index Name": "region_pkey", "Relation Name": "region", "Alias": "region", "Startup Cost": 0.0, "Total Cost": 12.34, "Plan Rows": 1, "Plan Width": 4, "Filter": "(r_name = 'ASIA'::bpchar)"}, {"Node Type": "Hash Join", "Parent Relationship": "Inner", "Join Type": "Inner", "Startup Cost": 6597.48, "Total Cost": 526964.49, "Plan Rows": 29954, "Plan Width": 32, "Inner Unique": true, "Hash Cond": "(customer.c_nationkey = n1.n_nationkey)", "Plans": [{"Node Type": "Nested Loop", "Parent Relationship": "Outer", "Join Type": "Inner", "Startup Cost": 6584.54, "Total Cost": 526572.45, "Plan Rows": 29954, "Plan Width": 32, "Inner Unique": true, "Plans": [{"Node Type": "Hash Join", "Parent Relationship": "Outer", "Join Type": "Inner", "Startup Cost": 6584.54, "Total Cost": 510320.57, "Plan Rows": 51198, "Plan Width": 36, "Inner Unique": true, "Hash Cond": "(lineitem.l_suppkey = supplier.s_suppkey)", "Plans": [{"Node Type": "Nested Loop", "Parent Relationship": "Outer", "Join Type": "Inner", "Startup Cost": 0.0, "Total Cost": 503356.69, "Plan Rows": 86479, "Plan Width": 40, "Inner Unique": true, "Plans": [{"Node Type": "Nested Loop", "Parent Relationship": "Outer", "Join Type": "Inner", "Startup Cost": 0.0, "Total Cost": 480423.82, "Plan Rows": 74637, "Plan Width": 32, "Inner Unique": false, "Plans": [{"Node Type": "Index Scan", "Parent Relationship": "Outer", "Scan Direction": "Forward", "Index Name": "part_kpey", "Relation Name": "part", "Alias": "part", "Startup Cost": 0.0, "Total Cost": 105803.25, "Plan Rows": 13538, "Plan Width": 8, "Filter": "((p_type)::text = 'SMALL PLATED COPPER'::text)"}, {"Node Type": "Index Scan", "Parent Relationship": "Inner", "Scan Direction": "Forward", "Index Name": "idx_lineitem_part_supp", "Relation Name": "lineitem", "Alias": "lineitem", "Startup Cost": 0.0, "Total Cost": 27.61, "Plan Rows": 6, "Plan Width": 40, "Index Cond": "(l_partkey = part.p_partkey)"}]}, {"Node Type": "Index Scan", "Parent Relationship": "Inner", "Scan Direction": "Forward", "Index Name": "orders_pkey", "Relation Name": "orders", "Alias": "orders", "Startup Cost": 0.0, "Total Cost": 0.3, "Plan Rows": 1, "Plan Width": 24, "Index Cond": "(o_orderkey = lineitem.l_orderkey)", "Filter": "((o_orderdate >= '1995-01-01 00:00:00'::timestamp(0) without time zone) AND (o_orderdate <= '1996-12-31 00:00:00'::timestamp(0) without time zone))"}]}, {"Node Type": "Hash", "Parent Relationship": "Inner", "Startup Cost": 5334.54, "Total Cost": 5334.54, "Plan Rows": 100000, "Plan Width": 12, "Plans": [{"Node Type": "Index Scan", "Parent Relationship": "Outer", "Scan Direction": "Forward", "Index Name": "supplier_pkey", "Relation Name": "supplier", "Alias": "supplier", "Startup Cost": 0.0, "Total Cost": 5334.54, "Plan Rows": 100000, "Plan Width": 12}]}]}, {"Node Type": "Index Scan", "Parent Relationship": "Inner", "Scan Direction": "Forward", "Index Name": "customer_pkey", "Relation Name": "customer", "Alias": "customer", "Startup Cost": 0.0, "Total Cost": 0.31, "Plan Rows": 1, "Plan Width": 12, "Index Cond": "(c_custkey = orders.o_custkey)"}]}, {"Node Type": "Hash", "Parent Relationship": "Inner", "Startup Cost": 12.62, "Total Cost": 12.62, "Plan Rows": 25, "Plan Width": 8, "Plans": [{"Node Type": "Index Scan", "Parent Relationship": "Outer", "Scan Direction": "Forward", "Index Name": "idx_nation_regionkey", "Relation Name": "nation", "Alias": "n1", "Startup Cost": 0.0, "Total Cost": 12.62, "Plan Rows": 25, "Plan Width": 8}]}]}]}, {"Node Type": "Hash", "Parent Relationship": "Inner", "Startup Cost": 12.62, "Total Cost": 12.62, "Plan Rows": 25, "Plan Width": 30, "Plans": [{"Node Type": "Index Scan", "Parent Relationship": "Outer", "Scan Direction": "Forward", "Index Name": "nation_pkey", "Relation Name": "nation", "Alias": "n2", "Startup Cost": 0.0, "Total Cost": 12.62, "Plan Rows": 25, "Plan Width": 30}]}]}]}]}, "Unique SQL Id": 3681808042, "Planner Runtime": 3}, "explain_analyze_plan": {"Plan": {"Node Type": "Sort", "Startup Cost": 527575.13, "Total Cost": 527575.15, "Plan Rows": 10, "Plan Width": 50, "Actual Startup Time": 7727.976, "Actual Total Time": 7727.976, "Actual Rows": 2, "Actual Loops": 1, "Sort Key": ["(date_part('year'::text, orders.o_orderdate))"], "Sort Method": "quicksort", "Sort Space Used": 25, "Sort Space Type": "Memory", "Plans": [{"Node Type": "Aggregate", "Strategy": "Hashed", "Parent Relationship": "Outer", "Startup Cost": 527574.81, "Total Cost": 527574.96, "Plan Rows": 10, "Plan Width": 50, "Actual Startup Time": 7727.96, "Actual Total Time": 7727.961, "Actual Rows": 2, "Actual Loops": 1, "Group By Key": ["date_part('year'::text, orders.o_orderdate)"], "Plans": [{"Node Type": "Hash Join", "Parent Relationship": "Outer", "Join Type": "Inner", "Startup Cost": 6610.42, "Total Cost": 527454.99, "Plan Rows": 5991, "Plan Width": 50, "Actual Startup Time": 110.43, "Actual Total Time": 7691.0, "Actual Rows": 23929, "Actual Loops": 1, "Inner Unique": true, "Hash Cond": "(supplier.s_nationkey = n2.n_nationkey)", "Plans": [{"Node Type": "Nested Loop", "Parent Relationship": "Outer", "Join Type": "Inner", "Startup Cost": 6597.48, "Total Cost": 527351.25, "Plan Rows": 5991, "Plan Width": 28, "Actual Startup Time": 110.344, "Actual Total Time": 7658.106, "Actual Rows": 23929, "Actual Loops": 1, "Inner Unique": false, "Join Filter": "(n1.n_regionkey = region.r_regionkey)", "Rows Removed by Join Filter": 95836, "Plans": [{"Node Type": "Index Scan", "Parent Relationship": "Outer", "Scan Direction": "Forward", "Index Name": "region_pkey", "Relation Name": "region", "Alias": "region", "Startup Cost": 0.0, "Total Cost": 12.34, "Plan Rows": 1, "Plan Width": 4, "Actual Startup Time": 0.008, "Actual Total Time": 0.028, "Actual Rows": 1, "Actual Loops": 1, "Filter": "(r_name = 'ASIA'::bpchar)", "Rows Removed by Filter": 4}, {"Node Type": "Hash Join", "Parent Relationship": "Inner", "Join Type": "Inner", "Startup Cost": 6597.48, "Total Cost": 526964.49, "Plan Rows": 29954, "Plan Width": 32, "Actual Startup Time": 110.097, "Actual Total Time": 7624.915, "Actual Rows": 119765, "Actual Loops": 1, "Inner Unique": true, "Hash Cond": "(customer.c_nationkey = n1.n_nationkey)", "Plans": [{"Node Type": "Nested Loop", "Parent Relationship": "Outer", "Join Type": "Inner", "Startup Cost": 6584.54, "Total Cost": 526572.45, "Plan Rows": 29954, "Plan Width": 32, "Actual Startup Time": 110.034, "Actual Total Time": 7556.275, "Actual Rows": 119765, "Actual Loops": 1, "Inner Unique": true, "Plans": [{"Node Type": "Hash Join", "Parent Relationship": "Outer", "Join Type": "Inner", "Startup Cost": 6584.54, "Total Cost": 510320.57, "Plan Rows": 51198, "Plan Width": 36, "Actual Startup Time": 110.002, "Actual Total Time": 6551.852, "Actual Rows": 119765, "Actual Loops": 1, "Inner Unique": true, "Hash Cond": "(lineitem.l_suppkey = supplier.s_suppkey)", "Plans": [{"Node Type": "Nested Loop", "Parent Relationship": "Outer", "Join Type": "Inner", "Startup Cost": 0.0, "Total Cost": 503356.69, "Plan Rows": 86479, "Plan Width": 40, "Actual Startup Time": 0.168, "Actual Total Time": 6360.928, "Actual Rows": 119765, "Actual Loops": 1, "Inner Unique": true, "Plans": [{"Node Type": "Nested Loop", "Parent Relationship": "Outer", "Join Type": "Inner", "Startup Cost": 0.0, "Total Cost": 480423.82, "Plan Rows": 74637, "Plan Width": 32, "Actual Startup Time": 0.043, "Actual Total Time": 2756.88, "Actual Rows": 395341, "Actual Loops": 1, "Inner Unique": false, "Plans": [{"Node Type": "Index Scan", "Parent Relationship": "Outer", "Scan Direction": "Forward", "Index Name": "part_kpey", "Relation Name": "part", "Alias": "part", "Startup Cost": 0.0, "Total Cost": 105803.25, "Plan Rows": 13538, "Plan Width": 8, "Actual Startup Time": 0.027, "Actual Total Time": 1456.254, "Actual Rows": 13163, "Actual Loops": 1, "Filter": "((p_type)::text = 'SMALL PLATED COPPER'::text)", "Rows Removed by Filter": 1986837}, {"Node Type": "Index Scan", "Parent Relationship": "Inner", "Scan Direction": "Forward", "Index Name": "idx_lineitem_part_supp", "Relation Name": "lineitem", "Alias": "lineitem", "Startup Cost": 0.0, "Total Cost": 27.61, "Plan Rows": 6, "Plan Width": 40, "Actual Startup Time": 157.07, "Actual Total Time": 1199.429, "Actual Rows": 395341, "Actual Loops": 13163, "Index Cond": "(l_partkey = part.p_partkey)", "Rows Removed by Index Recheck": 0}]}, {"Node Type": "Index Scan", "Parent Relationship": "Inner", "Scan Direction": "Forward", "Index Name": "orders_pkey", "Relation Name": "orders", "Alias": "orders", "Startup Cost": 0.0, "Total Cost": 0.3, "Plan Rows": 1, "Plan Width": 24, "Actual Startup Time": 3362.86, "Actual Total Time": 3362.86, "Actual Rows": 119765, "Actual Loops": 395341, "Index Cond": "(o_orderkey = lineitem.l_orderkey)", "Rows Removed by Index Recheck": 0, "Filter": "((o_orderdate >= '1995-01-01 00:00:00'::timestamp(0) without time zone) AND (o_orderdate <= '1996-12-31 00:00:00'::timestamp(0) without time zone))", "Rows Removed by Filter": 275576}]}, {"Node Type": "Hash", "Parent Relationship": "Inner", "Startup Cost": 5334.54, "Total Cost": 5334.54, "Plan Rows": 100000, "Plan Width": 12, "Actual Startup Time": 109.726, "Actual Total Time": 109.726, "Actual Rows": 100000, "Actual Loops": 1, "Hash Buckets": 131072, "Hash Batches": 1, "Original Hash Batches": 1, "Peak Memory Usage": 4297, "Plans": [{"Node Type": "Index Scan", "Parent Relationship": "Outer", "Scan Direction": "Forward", "Index Name": "supplier_pkey", "Relation Name": "supplier", "Alias": "supplier", "Startup Cost": 0.0, "Total Cost": 5334.54, "Plan Rows": 100000, "Plan Width": 12, "Actual Startup Time": 0.02, "Actual Total Time": 82.233, "Actual Rows": 100000, "Actual Loops": 1}]}]}, {"Node Type": "Index Scan", "Parent Relationship": "Inner", "Scan Direction": "Forward", "Index Name": "customer_pkey", "Relation Name": "customer", "Alias": "customer", "Startup Cost": 0.0, "Total Cost": 0.31, "Plan Rows": 1, "Plan Width": 12, "Actual Startup Time": 896.276, "Actual Total Time": 896.276, "Actual Rows": 119765, "Actual Loops": 119765, "Index Cond": "(c_custkey = orders.o_custkey)", "Rows Removed by Index Recheck": 0}]}, {"Node Type": "Hash", "Parent Relationship": "Inner", "Startup Cost": 12.62, "Total Cost": 12.62, "Plan Rows": 25, "Plan Width": 8, "Actual Startup Time": 0.026, "Actual Total Time": 0.026, "Actual Rows": 25, "Actual Loops": 1, "Hash Buckets": 32768, "Hash Batches": 1, "Original Hash Batches": 1, "Peak Memory Usage": 1, "Plans": [{"Node Type": "Index Scan", "Parent Relationship": "Outer", "Scan Direction": "Forward", "Index Name": "idx_nation_regionkey", "Relation Name": "nation", "Alias": "n1", "Startup Cost": 0.0, "Total Cost": 12.62, "Plan Rows": 25, "Plan Width": 8, "Actual Startup Time": 0.006, "Actual Total Time": 0.016, "Actual Rows": 25, "Actual Loops": 1}]}]}]}, {"Node Type": "Hash", "Parent Relationship": "Inner", "Startup Cost": 12.62, "Total Cost": 12.62, "Plan Rows": 25, "Plan Width": 30, "Actual Startup Time": 0.035, "Actual Total Time": 0.035, "Actual Rows": 25, "Actual Loops": 1, "Hash Buckets": 32768, "Hash Batches": 1, "Original Hash Batches": 1, "Peak Memory Usage": 2, "Plans": [{"Node Type": "Index Scan", "Parent Relationship": "Outer", "Scan Direction": "Forward", "Index Name": "nation_pkey", "Relation Name": "nation", "Alias": "n2", "Startup Cost": 0.0, "Total Cost": 12.62, "Plan Rows": 25, "Plan Width": 30, "Actual Startup Time": 0.009, "Actual Total Time": 0.02, "Actual Rows": 25, "Actual Loops": 1}]}]}]}]}, "Triggers": [], "Planner Runtime": 3, "Total Runtime": 7728.406, "Unique SQL Id": 3681808042}}, "(1, 34)": {"explain_plan": {"Plan": {"Node Type": "Sort", "Startup Cost": 818733.87, "Total Cost": 818733.89, "Plan Rows": 10, "Plan Width": 50, "Sort Key": ["(date_part('year'::text, orders.o_orderdate))"], "Plans": [{"Node Type": "Aggregate", "Strategy": "Hashed", "Parent Relationship": "Outer", "Startup Cost": 818733.55, "Total Cost": 818733.7, "Plan Rows": 10, "Plan Width": 50, "Group By Key": ["date_part('year'::text, orders.o_orderdate)"], "Plans": [{"Node Type": "Nested Loop", "Parent Relationship": "Outer", "Join Type": "Inner", "Startup Cost": 45452.32, "Total Cost": 818613.73, "Plan Rows": 5991, "Plan Width": 50, "Inner Unique": true, "Join Filter": "(supplier.s_nationkey = n2.n_nationkey)", "Plans": [{"Node Type": "Hash Join", "Parent Relationship": "Outer", "Join Type": "Inner", "Startup Cost": 45452.32, "Total Cost": 816350.82, "Plan Rows": 5991, "Plan Width": 28, "Inner Unique": false, "Hash Cond": "(orders.o_custkey = customer.c_custkey)", "Plans": [{"Node Type": "Hash Join", "Parent Relationship": "Outer", "Join Type": "Inner", "Startup Cost": 4537.47, "Total Cost": 775184.07, "Plan Rows": 51198, "Plan Width": 36, "Inner Unique": true, "Hash Cond": "(lineitem.l_suppkey = supplier.s_suppkey)", "Plans": [{"Node Type": "Nested Loop", "Parent Relationship": "Outer", "Join Type": "Inner", "Startup Cost": 4.47, "Total Cost": 770271.73, "Plan Rows": 86479, "Plan Width": 40, "Inner Unique": true, "Plans": [{"Node Type": "Nested Loop", "Parent Relationship": "Outer", "Join Type": "Inner", "Startup Cost": 4.21, "Total Cost": 450147.9, "Plan Rows": 74637, "Plan Width": 32, "Inner Unique": false, "Plans": [{"Node Type": "Seq Scan", "Parent Relationship": "Outer", "Relation Name": "part", "Alias": "part", "Startup Cost": 0.0, "Total Cost": 66944.0, "Plan Rows": 13538, "Plan Width": 8, "Filter": "((p_type)::text = 'SMALL PLATED COPPER'::text)"}, {"Node Type": "Bitmap Heap Scan", "Parent Relationship": "Inner", "Relation Name": "lineitem", "Alias": "lineitem", "Startup Cost": 4.21, "Total Cost": 28.25, "Plan Rows": 6, "Plan Width": 40, "Recheck Cond": "(l_partkey = part.p_partkey)", "Plans": [{"Node Type": "Bitmap Index Scan", "Parent Relationship": "Outer", "Index Name": "idx_lineitem_part_supp", "Startup Cost": 0.0, "Total Cost": 4.21, "Plan Rows": 6, "Plan Width": 0, "Index Cond": "(l_partkey = part.p_partkey)"}]}]}, {"Node Type": "Bitmap Heap Scan", "Parent Relationship": "Inner", "Relation Name": "orders", "Alias": "orders", "Startup Cost": 0.26, "Total Cost": 4.28, "Plan Rows": 1, "Plan Width": 24, "Recheck Cond": "(o_orderkey = lineitem.l_orderkey)", "Filter": "((o_orderdate >= '1995-01-01 00:00:00'::timestamp(0) without time zone) AND (o_orderdate <= '1996-12-31 00:00:00'::timestamp(0) without time zone))", "Plans": [{"Node Type": "Bitmap Index Scan", "Parent Relationship": "Outer", "Index Name": "orders_pkey", "Startup Cost": 0.0, "Total Cost": 0.26, "Plan Rows": 1, "Plan Width": 0, "Index Cond": "(o_orderkey = lineitem.l_orderkey)"}]}]}, {"Node Type": "Hash", "Parent Relationship": "Inner", "Startup Cost": 3283.0, "Total Cost": 3283.0, "Plan Rows": 100000, "Plan Width": 12, "Plans": [{"Node Type": "Seq Scan", "Parent Relationship": "Outer", "Relation Name": "supplier", "Alias": "supplier", "Startup Cost": 0.0, "Total Cost": 3283.0, "Plan Rows": 100000, "Plan Width": 12}]}]}, {"Node Type": "Hash", "Parent Relationship": "Inner", "Startup Cost": 37164.85, "Total Cost": 37164.85, "Plan Rows": 300000, "Plan Width": 8, "Plans": [{"Node Type": "Nested Loop", "Parent Relationship": "Outer", "Join Type": "Inner", "Startup Cost": 1031.44, "Total Cost": 37164.85, "Plan Rows": 300000, "Plan Width": 8, "Inner Unique": false, "Plans": [{"Node Type": "Hash Join", "Parent Relationship": "Outer", "Join Type": "Inner", "Startup Cost": 1.07, "Total Cost": 2.44, "Plan Rows": 5, "Plan Width": 4, "Inner Unique": true, "Hash Cond": "(n1.n_regionkey = region.r_regionkey)", "Plans": [{"Node Type": "Seq Scan", "Parent Relationship": "Outer", "Relation Name": "nation", "Alias": "n1", "Startup Cost": 0.0, "Total Cost": 1.25, "Plan Rows": 25, "Plan Width": 8}, {"Node Type": "Hash", "Parent Relationship": "Inner", "Startup Cost": 1.06, "Total Cost": 1.06, "Plan Rows": 1, "Plan Width": 4, "Plans": [{"Node Type": "Seq Scan", "Parent Relationship": "Outer", "Relation Name": "region", "Alias": "region", "Startup Cost": 0.0, "Total Cost": 1.06, "Plan Rows": 1, "Plan Width": 4, "Filter": "(r_name = 'ASIA'::bpchar)"}]}]}, {"Node Type": "Bitmap Heap Scan", "Parent Relationship": "Inner", "Relation Name": "customer", "Alias": "customer", "Startup Cost": 1030.37, "Total Cost": 6832.48, "Plan Rows": 60000, "Plan Width": 12, "Recheck Cond": "(c_nationkey = n1.n_nationkey)", "Plans": [{"Node Type": "Bitmap Index Scan", "Parent Relationship": "Outer", "Index Name": "idx_customer_nationkey", "Startup Cost": 0.0, "Total Cost": 1015.37, "Plan Rows": 60000, "Plan Width": 0, "Index Cond": "(c_nationkey = n1.n_nationkey)"}]}]}]}]}, {"Node Type": "Materialize", "Parent Relationship": "Inner", "Startup Cost": 0.0, "Total Cost": 1.38, "Plan Rows": 25, "Plan Width": 30, "Plans": [{"Node Type": "Seq Scan", "Parent Relationship": "Outer", "Relation Name": "nation", "Alias": "n2", "Startup Cost": 0.0, "Total Cost": 1.25, "Plan Rows": 25, "Plan Width": 30}]}]}]}]}, "Unique SQL Id": 3681808042, "Planner Runtime": 3}, "explain_analyze_plan": {"Plan": {"Node Type": "Sort", "Startup Cost": 818733.87, "Total Cost": 818733.89, "Plan Rows": 10, "Plan Width": 50, "Actual Startup Time": 7747.251, "Actual Total Time": 7747.251, "Actual Rows": 2, "Actual Loops": 1, "Sort Key": ["(date_part('year'::text, orders.o_orderdate))"], "Sort Method": "quicksort", "Sort Space Used": 25, "Sort Space Type": "Memory", "Plans": [{"Node Type": "Aggregate", "Strategy": "Hashed", "Parent Relationship": "Outer", "Startup Cost": 818733.55, "Total Cost": 818733.7, "Plan Rows": 10, "Plan Width": 50, "Actual Startup Time": 7747.232, "Actual Total Time": 7747.233, "Actual Rows": 2, "Actual Loops": 1, "Group By Key": ["date_part('year'::text, orders.o_orderdate)"], "Plans": [{"Node Type": "Nested Loop", "Parent Relationship": "Outer", "Join Type": "Inner", "Startup Cost": 45452.32, "Total Cost": 818613.73, "Plan Rows": 5991, "Plan Width": 50, "Actual Startup Time": 844.797, "Actual Total Time": 7710.505, "Actual Rows": 23929, "Actual Loops": 1, "Inner Unique": true, "Join Filter": "(supplier.s_nationkey = n2.n_nationkey)", "Rows Removed by Join Filter": 288173, "Plans": [{"Node Type": "Hash Join", "Parent Relationship": "Outer", "Join Type": "Inner", "Startup Cost": 45452.32, "Total Cost": 816350.82, "Plan Rows": 5991, "Plan Width": 28, "Actual Startup Time": 844.75, "Actual Total Time": 7591.247, "Actual Rows": 23929, "Actual Loops": 1, "Inner Unique": false, "Hash Cond": "(orders.o_custkey = customer.c_custkey)", "Plans": [{"Node Type": "Hash Join", "Parent Relationship": "Outer", "Join Type": "Inner", "Startup Cost": 4537.47, "Total Cost": 775184.07, "Plan Rows": 51198, "Plan Width": 36, "Actual Startup Time": 67.354, "Actual Total Time": 6747.705, "Actual Rows": 119765, "Actual Loops": 1, "Inner Unique": true, "Hash Cond": "(lineitem.l_suppkey = supplier.s_suppkey)", "Plans": [{"Node Type": "Nested Loop", "Parent Relationship": "Outer", "Join Type": "Inner", "Startup Cost": 4.47, "Total Cost": 770271.73, "Plan Rows": 86479, "Plan Width": 40, "Actual Startup Time": 0.162, "Actual Total Time": 6596.794, "Actual Rows": 119765, "Actual Loops": 1, "Inner Unique": true, "Plans": [{"Node Type": "Nested Loop", "Parent Relationship": "Outer", "Join Type": "Inner", "Startup Cost": 4.21, "Total Cost": 450147.9, "Plan Rows": 74637, "Plan Width": 32, "Actual Startup Time": 0.097, "Actual Total Time": 2335.136, "Actual Rows": 395341, "Actual Loops": 1, "Inner Unique": false, "Plans": [{"Node Type": "Seq Scan", "Parent Relationship": "Outer", "Relation Name": "part", "Alias": "part", "Startup Cost": 0.0, "Total Cost": 66944.0, "Plan Rows": 13538, "Plan Width": 8, "Actual Startup Time": 0.022, "Actual Total Time": 778.757, "Actual Rows": 13163, "Actual Loops": 1, "Filter": "((p_type)::text = 'SMALL PLATED COPPER'::text)", "Rows Removed by Filter": 1986837}, {"Node Type": "Bitmap Heap Scan", "Parent Relationship": "Inner", "Relation Name": "lineitem", "Alias": "lineitem", "Startup Cost": 4.21, "Total Cost": 28.25, "Plan Rows": 6, "Plan Width": 40, "Actual Startup Time": 260.658, "Actual Total Time": 1437.876, "Actual Rows": 395341, "Actual Loops": 13163, "Recheck Cond": "(l_partkey = part.p_partkey)", "Rows Removed by Index Recheck": 0, "Exact Heap Blocks": 395337, "Lossy Heap Blocks": 395337, "Plans": [{"Node Type": "Bitmap Index Scan", "Parent Relationship": "Outer", "Index Name": "idx_lineitem_part_supp", "Startup Cost": 0.0, "Total Cost": 4.21, "Plan Rows": 6, "Plan Width": 0, "Actual Startup Time": 164.454, "Actual Total Time": 164.454, "Actual Rows": 395341, "Actual Loops": 13163, "Index Cond": "(l_partkey = part.p_partkey)"}]}]}, {"Node Type": "Bitmap Heap Scan", "Parent Relationship": "Inner", "Relation Name": "orders", "Alias": "orders", "Startup Cost": 0.26, "Total Cost": 4.28, "Plan Rows": 1, "Plan Width": 24, "Actual Startup Time": 3784.351, "Actual Total Time": 3784.351, "Actual Rows": 119765, "Actual Loops": 395341, "Recheck Cond": "(o_orderkey = lineitem.l_orderkey)", "Rows Removed by Index Recheck": 0, "Filter": "((o_orderdate >= '1995-01-01 00:00:00'::timestamp(0) without time zone) AND (o_orderdate <= '1996-12-31 00:00:00'::timestamp(0) without time zone))", "Rows Removed by Filter": 275576, "Exact Heap Blocks": 395341, "Lossy Heap Blocks": 395341, "Plans": [{"Node Type": "Bitmap Index Scan", "Parent Relationship": "Outer", "Index Name": "orders_pkey", "Startup Cost": 0.0, "Total Cost": 0.26, "Plan Rows": 1, "Plan Width": 0, "Actual Startup Time": 2341.484, "Actual Total Time": 2341.484, "Actual Rows": 395341, "Actual Loops": 395341, "Index Cond": "(o_orderkey = lineitem.l_orderkey)"}]}]}, {"Node Type": "Hash", "Parent Relationship": "Inner", "Startup Cost": 3283.0, "Total Cost": 3283.0, "Plan Rows": 100000, "Plan Width": 12, "Actual Startup Time": 67.079, "Actual Total Time": 67.079, "Actual Rows": 100000, "Actual Loops": 1, "Hash Buckets": 131072, "Hash Batches": 1, "Original Hash Batches": 1, "Peak Memory Usage": 4297, "Plans": [{"Node Type": "Seq Scan", "Parent Relationship": "Outer", "Relation Name": "supplier", "Alias": "supplier", "Startup Cost": 0.0, "Total Cost": 3283.0, "Plan Rows": 100000, "Plan Width": 12, "Actual Startup Time": 0.014, "Actual Total Time": 39.79, "Actual Rows": 100000, "Actual Loops": 1}]}]}, {"Node Type": "Hash", "Parent Relationship": "Inner", "Startup Cost": 37164.85, "Total Cost": 37164.85, "Plan Rows": 300000, "Plan Width": 8, "Actual Startup Time": 776.966, "Actual Total Time": 776.966, "Actual Rows": 300270, "Actual Loops": 1, "Hash Buckets": 524288, "Hash Batches": 1, "Original Hash Batches": 1, "Peak Memory Usage": 11730, "Plans": [{"Node Type": "Nested Loop", "Parent Relationship": "Outer", "Join Type": "Inner", "Startup Cost": 1031.44, "Total Cost": 37164.85, "Plan Rows": 300000, "Plan Width": 8, "Actual Startup Time": 19.339, "Actual Total Time": 683.838, "Actual Rows": 300270, "Actual Loops": 1, "Inner Unique": false, "Plans": [{"Node Type": "Hash Join", "Parent Relationship": "Outer", "Join Type": "Inner", "Startup Cost": 1.07, "Total Cost": 2.44, "Plan Rows": 5, "Plan Width": 4, "Actual Startup Time": 0.077, "Actual Total Time": 0.132, "Actual Rows": 5, "Actual Loops": 1, "Inner Unique": true, "Hash Cond": "(n1.n_regionkey = region.r_regionkey)", "Plans": [{"Node Type": "Seq Scan", "Parent Relationship": "Outer", "Relation Name": "nation", "Alias": "n1", "Startup Cost": 0.0, "Total Cost": 1.25, "Plan Rows": 25, "Plan Width": 8, "Actual Startup Time": 0.018, "Actual Total Time": 0.035, "Actual Rows": 25, "Actual Loops": 1}, {"Node Type": "Hash", "Parent Relationship": "Inner", "Startup Cost": 1.06, "Total Cost": 1.06, "Plan Rows": 1, "Plan Width": 4, "Actual Startup Time": 0.018, "Actual Total Time": 0.018, "Actual Rows": 1, "Actual Loops": 1, "Hash Buckets": 32768, "Hash Batches": 1, "Original Hash Batches": 1, "Peak Memory Usage": 1, "Plans": [{"Node Type": "Seq Scan", "Parent Relationship": "Outer", "Relation Name": "region", "Alias": "region", "Startup Cost": 0.0, "Total Cost": 1.06, "Plan Rows": 1, "Plan Width": 4, "Actual Startup Time": 0.013, "Actual Total Time": 0.014, "Actual Rows": 1, "Actual Loops": 1, "Filter": "(r_name = 'ASIA'::bpchar)", "Rows Removed by Filter": 4}]}]}, {"Node Type": "Bitmap Heap Scan", "Parent Relationship": "Inner", "Relation Name": "customer", "Alias": "customer", "Startup Cost": 1030.37, "Total Cost": 6832.48, "Plan Rows": 60000, "Plan Width": 12, "Actual Startup Time": 104.644, "Actual Total Time": 625.466, "Actual Rows": 300270, "Actual Loops": 5, "Recheck Cond": "(c_nationkey = n1.n_nationkey)", "Rows Removed by Index Recheck": 0, "Exact Heap Blocks": 150032, "Lossy Heap Blocks": 150032, "Plans": [{"Node Type": "Bitmap Index Scan", "Parent Relationship": "Outer", "Index Name": "idx_customer_nationkey", "Startup Cost": 0.0, "Total Cost": 1015.37, "Plan Rows": 60000, "Plan Width": 0, "Actual Startup Time": 71.944, "Actual Total Time": 71.944, "Actual Rows": 300270, "Actual Loops": 5, "Index Cond": "(c_nationkey = n1.n_nationkey)"}]}]}]}]}, {"Node Type": "Materialize", "Parent Relationship": "Inner", "Startup Cost": 0.0, "Total Cost": 1.38, "Plan Rows": 25, "Plan Width": 30, "Actual Startup Time": 3.164, "Actual Total Time": 28.153, "Actual Rows": 312102, "Actual Loops": 23929, "Plans": [{"Node Type": "Seq Scan", "Parent Relationship": "Outer", "Relation Name": "nation", "Alias": "n2", "Startup Cost": 0.0, "Total Cost": 1.25, "Plan Rows": 25, "Plan Width": 30, "Actual Startup Time": 0.011, "Actual Total Time": 0.016, "Actual Rows": 25, "Actual Loops": 1}]}]}]}]}, "Triggers": [], "Planner Runtime": 3, "Total Runtime": 7747.714, "Unique SQL Id": 3681808042}}, "(1, 35)": {"explain_plan": {"Plan": {"Node Type": "Sort", "Startup Cost": 66661878.45, "Total Cost": 66661878.48, "Plan Rows": 10, "Plan Width": 50, "Sort Key": ["(date_part('year'::text, orders.o_orderdate))"], "Plans": [{"Node Type": "Aggregate", "Strategy": "Hashed", "Parent Relationship": "Outer", "Startup Cost": 66661878.14, "Total Cost": 66661878.29, "Plan Rows": 10, "Plan Width": 50, "Group By Key": ["date_part('year'::text, orders.o_orderdate)"], "Plans": [{"Node Type": "Nested Loop", "Parent Relationship": "Outer", "Join Type": "Inner", "Startup Cost": 115915.31, "Total Cost": 66661758.32, "Plan Rows": 5991, "Plan Width": 50, "Inner Unique": true, "Plans": [{"Node Type": "Nested Loop", "Parent Relationship": "Outer", "Join Type": "Inner", "Startup Cost": 115915.05, "Total Cost": 66636099.88, "Plan Rows": 5991, "Plan Width": 28, "Inner Unique": true, "Plans": [{"Node Type": "Nested Loop", "Parent Relationship": "Outer", "Join Type": "Inner", "Startup Cost": 115914.79, "Total Cost": 66562068.23, "Plan Rows": 17296, "Plan Width": 32, "Inner Unique": true, "Plans": [{"Node Type": "Nested Loop", "Parent Relationship": "Outer", "Join Type": "Inner", "Startup Cost": 115914.53, "Total Cost": 45938880.46, "Plan Rows": 4814867, "Plan Width": 40, "Inner Unique": false, "Plans": [{"Node Type": "Nested Loop", "Parent Relationship": "Outer", "Join Type": "Inner", "Startup Cost": 115914.01, "Total Cost": 43432501.27, "Plan Rows": 530296, "Plan Width": 16, "Inner Unique": true, "Plans": [{"Node Type": "Nested Loop", "Parent Relationship": "Outer", "Join Type": "Inner", "Startup Cost": 115913.43, "Total Cost": 31228406.3, "Plan Rows": 2651479, "Plan Width": 20, "Inner Unique": true, "Plans": [{"Node Type": "Nested Loop", "Parent Relationship": "Outer", "Join Type": "Inner", "Startup Cost": 115913.17, "Total Cost": 19879399.17, "Plan Rows": 2651479, "Plan Width": 20, "Inner Unique": true, "Plans": [{"Node Type": "Bitmap Heap Scan", "Parent Relationship": "Outer", "Relation Name": "orders", "Alias": "orders", "Startup Cost": 115912.91, "Total Cost": 460311.42, "Plan Rows": 4531967, "Plan Width": 24, "Recheck Cond": "((o_orderdate >= '1995-01-01 00:00:00'::timestamp(0) without time zone) AND (o_orderdate <= '1996-12-31 00:00:00'::timestamp(0) without time zone)), (LLVM Optimized)", "Plans": [{"Node Type": "Bitmap Index Scan", "Parent Relationship": "Outer", "Index Name": "idx_orders_orderdate", "Startup Cost": 0.0, "Total Cost": 114779.92, "Plan Rows": 4531967, "Plan Width": 0, "Index Cond": "((o_orderdate >= '1995-01-01 00:00:00'::timestamp(0) without time zone) AND (o_orderdate <= '1996-12-31 00:00:00'::timestamp(0) without time zone))"}]}, {"Node Type": "Bitmap Heap Scan", "Parent Relationship": "Inner", "Relation Name": "customer", "Alias": "customer", "Startup Cost": 0.26, "Total Cost": 4.27, "Plan Rows": 1, "Plan Width": 12, "Recheck Cond": "(c_custkey = orders.o_custkey)", "Plans": [{"Node Type": "Bitmap Index Scan", "Parent Relationship": "Outer", "Index Name": "customer_pkey", "Startup Cost": 0.0, "Total Cost": 0.26, "Plan Rows": 1, "Plan Width": 0, "Index Cond": "(c_custkey = orders.o_custkey)"}]}]}, {"Node Type": "Bitmap Heap Scan", "Parent Relationship": "Inner", "Relation Name": "nation", "Alias": "n1", "Startup Cost": 0.26, "Total Cost": 4.27, "Plan Rows": 1, "Plan Width": 8, "Recheck Cond": "(n_nationkey = customer.c_nationkey)", "Plans": [{"Node Type": "Bitmap Index Scan", "Parent Relationship": "Outer", "Index Name": "nation_pkey", "Startup Cost": 0.0, "Total Cost": 0.26, "Plan Rows": 1, "Plan Width": 0, "Index Cond": "(n_nationkey = customer.c_nationkey)"}]}]}, {"Node Type": "Bitmap Heap Scan", "Parent Relationship": "Inner", "Relation Name": "region", "Alias": "region", "Startup Cost": 0.58, "Total Cost": 4.59, "Plan Rows": 1, "Plan Width": 4, "Recheck Cond": "(r_regionkey = n1.n_regionkey)", "Filter": "(r_name = 'ASIA'::bpchar)", "Plans": [{"Node Type": "Bitmap Index Scan", "Parent Relationship": "Outer", "Index Name": "region_pkey", "Startup Cost": 0.0, "Total Cost": 0.58, "Plan Rows": 1, "Plan Width": 0, "Index Cond": "(r_regionkey = n1.n_regionkey)"}]}]}, {"Node Type": "Bitmap Heap Scan", "Parent Relationship": "Inner", "Relation Name": "lineitem", "Alias": "lineitem", "Startup Cost": 0.52, "Total Cost": 4.64, "Plan Rows": 9, "Plan Width": 40, "Recheck Cond": "(l_orderkey = orders.o_orderkey)", "Plans": [{"Node Type": "Bitmap Index Scan", "Parent Relationship": "Outer", "Index Name": "idx_lineitem_orderkey", "Startup Cost": 0.0, "Total Cost": 0.52, "Plan Rows": 9, "Plan Width": 0, "Index Cond": "(l_orderkey = orders.o_orderkey)"}]}]}, {"Node Type": "Bitmap Heap Scan", "Parent Relationship": "Inner", "Relation Name": "part", "Alias": "part", "Startup Cost": 0.26, "Total Cost": 4.27, "Plan Rows": 1, "Plan Width": 8, "Recheck Cond": "(p_partkey = lineitem.l_partkey)", "Filter": "((p_type)::text = 'SMALL PLATED COPPER'::text)", "Plans": [{"Node Type": "Bitmap Index Scan", "Parent Relationship": "Outer", "Index Name": "part_kpey", "Startup Cost": 0.0, "Total Cost": 0.26, "Plan Rows": 1, "Plan Width": 0, "Index Cond": "(p_partkey = lineitem.l_partkey)"}]}]}, {"Node Type": "Bitmap Heap Scan", "Parent Relationship": "Inner", "Relation Name": "supplier", "Alias": "supplier", "Startup Cost": 0.26, "Total Cost": 4.27, "Plan Rows": 1, "Plan Width": 12, "Recheck Cond": "(s_suppkey = lineitem.l_suppkey)", "Plans": [{"Node Type": "Bitmap Index Scan", "Parent Relationship": "Outer", "Index Name": "supplier_pkey", "Startup Cost": 0.0, "Total Cost": 0.26, "Plan Rows": 1, "Plan Width": 0, "Index Cond": "(s_suppkey = lineitem.l_suppkey)"}]}]}, {"Node Type": "Bitmap Heap Scan", "Parent Relationship": "Inner", "Relation Name": "nation", "Alias": "n2", "Startup Cost": 0.26, "Total Cost": 4.27, "Plan Rows": 1, "Plan Width": 30, "Recheck Cond": "(n_nationkey = supplier.s_nationkey)", "Plans": [{"Node Type": "Bitmap Index Scan", "Parent Relationship": "Outer", "Index Name": "nation_pkey", "Startup Cost": 0.0, "Total Cost": 0.26, "Plan Rows": 1, "Plan Width": 0, "Index Cond": "(n_nationkey = supplier.s_nationkey)"}]}]}]}]}, "Unique SQL Id": 3681808042, "Planner Runtime": 2}, "explain_analyze_plan": null}, "(1, 36)": {"explain_plan": {"Plan": {"Node Type": "Sort", "Startup Cost": 486630.31, "Total Cost": 486630.33, "Plan Rows": 10, "Plan Width": 50, "Sort Key": ["(date_part('year'::text, orders.o_orderdate))"], "Plans": [{"Node Type": "Aggregate", "Strategy": "Hashed", "Parent Relationship": "Outer", "Startup Cost": 486629.99, "Total Cost": 486630.14, "Plan Rows": 10, "Plan Width": 50, "Group By Key": ["date_part('year'::text, orders.o_orderdate)"], "Plans": [{"Node Type": "Hash Join", "Parent Relationship": "Outer", "Join Type": "Inner", "Startup Cost": 4536.12, "Total Cost": 486510.17, "Plan Rows": 5991, "Plan Width": 50, "Inner Unique": true, "Hash Cond": "(supplier.s_nationkey = n2.n_nationkey)", "Plans": [{"Node Type": "Nested Loop", "Parent Relationship": "Outer", "Join Type": "Inner", "Startup Cost": 4534.56, "Total Cost": 486417.81, "Plan Rows": 5991, "Plan Width": 28, "Inner Unique": false, "Join Filter": "(n1.n_regionkey = region.r_regionkey)", "Plans": [{"Node Type": "Seq Scan", "Parent Relationship": "Outer", "Relation Name": "region", "Alias": "region", "Startup Cost": 0.0, "Total Cost": 1.06, "Plan Rows": 1, "Plan Width": 4, "Filter": "(r_name = 'ASIA'::bpchar)"}, {"Node Type": "Hash Join", "Parent Relationship": "Inner", "Join Type": "Inner", "Startup Cost": 4534.56, "Total Cost": 486042.32, "Plan Rows": 29954, "Plan Width": 32, "Inner Unique": true, "Hash Cond": "(customer.c_nationkey = n1.n_nationkey)", "Plans": [{"Node Type": "Nested Loop", "Parent Relationship": "Outer", "Join Type": "Inner", "Startup Cost": 4533.0, "Total Cost": 485661.65, "Plan Rows": 29954, "Plan Width": 32, "Inner Unique": true, "Plans": [{"Node Type": "Hash Join", "Parent Relationship": "Outer", "Join Type": "Inner", "Startup Cost": 4533.0, "Total Cost": 469409.78, "Plan Rows": 51198, "Plan Width": 36, "Inner Unique": true, "Hash Cond": "(lineitem.l_suppkey = supplier.s_suppkey)", "Plans": [{"Node Type": "Nested Loop", "Parent Relationship": "Outer", "Join Type": "Inner", "Startup Cost": 0.0, "Total Cost": 464497.44, "Plan Rows": 86479, "Plan Width": 40, "Inner Unique": true, "Plans": [{"Node Type": "Nested Loop", "Parent Relationship": "Outer", "Join Type": "Inner", "Startup Cost": 0.0, "Total Cost": 441564.57, "Plan Rows": 74637, "Plan Width": 32, "Inner Unique": false, "Plans": [{"Node Type": "Seq Scan", "Parent Relationship": "Outer", "Relation Name": "part", "Alias": "part", "Startup Cost": 0.0, "Total Cost": 66944.0, "Plan Rows": 13538, "Plan Width": 8, "Filter": "((p_type)::text = 'SMALL PLATED COPPER'::text)"}, {"Node Type": "Index Scan", "Parent Relationship": "Inner", "Scan Direction": "Forward", "Index Name": "idx_lineitem_part_supp", "Relation Name": "lineitem", "Alias": "lineitem", "Startup Cost": 0.0, "Total Cost": 27.61, "Plan Rows": 6, "Plan Width": 40, "Index Cond": "(l_partkey = part.p_partkey)"}]}, {"Node Type": "Index Scan", "Parent Relationship": "Inner", "Scan Direction": "Forward", "Index Name": "orders_pkey", "Relation Name": "orders", "Alias": "orders", "Startup Cost": 0.0, "Total Cost": 0.3, "Plan Rows": 1, "Plan Width": 24, "Index Cond": "(o_orderkey = lineitem.l_orderkey)", "Filter": "((o_orderdate >= '1995-01-01 00:00:00'::timestamp(0) without time zone) AND (o_orderdate <= '1996-12-31 00:00:00'::timestamp(0) without time zone))"}]}, {"Node Type": "Hash", "Parent Relationship": "Inner", "Startup Cost": 3283.0, "Total Cost": 3283.0, "Plan Rows": 100000, "Plan Width": 12, "Plans": [{"Node Type": "Seq Scan", "Parent Relationship": "Outer", "Relation Name": "supplier", "Alias": "supplier", "Startup Cost": 0.0, "Total Cost": 3283.0, "Plan Rows": 100000, "Plan Width": 12}]}]}, {"Node Type": "Index Scan", "Parent Relationship": "Inner", "Scan Direction": "Forward", "Index Name": "customer_pkey", "Relation Name": "customer", "Alias": "customer", "Startup Cost": 0.0, "Total Cost": 0.31, "Plan Rows": 1, "Plan Width": 12, "Index Cond": "(c_custkey = orders.o_custkey)"}]}, {"Node Type": "Hash", "Parent Relationship": "Inner", "Startup Cost": 1.25, "Total Cost": 1.25, "Plan Rows": 25, "Plan Width": 8, "Plans": [{"Node Type": "Seq Scan", "Parent Relationship": "Outer", "Relation Name": "nation", "Alias": "n1", "Startup Cost": 0.0, "Total Cost": 1.25, "Plan Rows": 25, "Plan Width": 8}]}]}]}, {"Node Type": "Hash", "Parent Relationship": "Inner", "Startup Cost": 1.25, "Total Cost": 1.25, "Plan Rows": 25, "Plan Width": 30, "Plans": [{"Node Type": "Seq Scan", "Parent Relationship": "Outer", "Relation Name": "nation", "Alias": "n2", "Startup Cost": 0.0, "Total Cost": 1.25, "Plan Rows": 25, "Plan Width": 30}]}]}]}]}, "Unique SQL Id": 3681808042, "Planner Runtime": 3}, "explain_analyze_plan": {"Plan": {"Node Type": "Sort", "Startup Cost": 486630.31, "Total Cost": 486630.33, "Plan Rows": 10, "Plan Width": 50, "Actual Startup Time": 6875.429, "Actual Total Time": 6875.43, "Actual Rows": 2, "Actual Loops": 1, "Sort Key": ["(date_part('year'::text, orders.o_orderdate))"], "Sort Method": "quicksort", "Sort Space Used": 25, "Sort Space Type": "Memory", "Plans": [{"Node Type": "Aggregate", "Strategy": "Hashed", "Parent Relationship": "Outer", "Startup Cost": 486629.99, "Total Cost": 486630.14, "Plan Rows": 10, "Plan Width": 50, "Actual Startup Time": 6875.411, "Actual Total Time": 6875.412, "Actual Rows": 2, "Actual Loops": 1, "Group By Key": ["date_part('year'::text, orders.o_orderdate)"], "Plans": [{"Node Type": "Hash Join", "Parent Relationship": "Outer", "Join Type": "Inner", "Startup Cost": 4536.12, "Total Cost": 486510.17, "Plan Rows": 5991, "Plan Width": 50, "Actual Startup Time": 67.839, "Actual Total Time": 6836.987, "Actual Rows": 23929, "Actual Loops": 1, "Inner Unique": true, "Hash Cond": "(supplier.s_nationkey = n2.n_nationkey)", "Plans": [{"Node Type": "Nested Loop", "Parent Relationship": "Outer", "Join Type": "Inner", "Startup Cost": 4534.56, "Total Cost": 486417.81, "Plan Rows": 5991, "Plan Width": 28, "Actual Startup Time": 67.737, "Actual Total Time": 6803.424, "Actual Rows": 23929, "Actual Loops": 1, "Inner Unique": false, "Join Filter": "(n1.n_regionkey = region.r_regionkey)", "Rows Removed by Join Filter": 95836, "Plans": [{"Node Type": "Seq Scan", "Parent Relationship": "Outer", "Relation Name": "region", "Alias": "region", "Startup Cost": 0.0, "Total Cost": 1.06, "Plan Rows": 1, "Plan Width": 4, "Actual Startup Time": 0.011, "Actual Total Time": 0.015, "Actual Rows": 1, "Actual Loops": 1, "Filter": "(r_name = 'ASIA'::bpchar)", "Rows Removed by Filter": 4}, {"Node Type": "Hash Join", "Parent Relationship": "Inner", "Join Type": "Inner", "Startup Cost": 4534.56, "Total Cost": 486042.32, "Plan Rows": 29954, "Plan Width": 32, "Actual Startup Time": 67.489, "Actual Total Time": 6770.232, "Actual Rows": 119765, "Actual Loops": 1, "Inner Unique": true, "Hash Cond": "(customer.c_nationkey = n1.n_nationkey)", "Plans": [{"Node Type": "Nested Loop", "Parent Relationship": "Outer", "Join Type": "Inner", "Startup Cost": 4533.0, "Total Cost": 485661.65, "Plan Rows": 29954, "Plan Width": 32, "Actual Startup Time": 67.423, "Actual Total Time": 6700.524, "Actual Rows": 119765, "Actual Loops": 1, "Inner Unique": true, "Plans": [{"Node Type": "Hash Join", "Parent Relationship": "Outer", "Join Type": "Inner", "Startup Cost": 4533.0, "Total Cost": 469409.78, "Plan Rows": 51198, "Plan Width": 36, "Actual Startup Time": 67.385, "Actual Total Time": 5716.914, "Actual Rows": 119765, "Actual Loops": 1, "Inner Unique": true, "Hash Cond": "(lineitem.l_suppkey = supplier.s_suppkey)", "Plans": [{"Node Type": "Nested Loop", "Parent Relationship": "Outer", "Join Type": "Inner", "Startup Cost": 0.0, "Total Cost": 464497.44, "Plan Rows": 86479, "Plan Width": 40, "Actual Startup Time": 0.197, "Actual Total Time": 5569.342, "Actual Rows": 119765, "Actual Loops": 1, "Inner Unique": true, "Plans": [{"Node Type": "Nested Loop", "Parent Relationship": "Outer", "Join Type": "Inner", "Startup Cost": 0.0, "Total Cost": 441564.57, "Plan Rows": 74637, "Plan Width": 32, "Actual Startup Time": 0.046, "Actual Total Time": 2059.105, "Actual Rows": 395341, "Actual Loops": 1, "Inner Unique": false, "Plans": [{"Node Type": "Seq Scan", "Parent Relationship": "Outer", "Relation Name": "part", "Alias": "part", "Startup Cost": 0.0, "Total Cost": 66944.0, "Plan Rows": 13538, "Plan Width": 8, "Actual Startup Time": 0.022, "Actual Total Time": 777.589, "Actual Rows": 13163, "Actual Loops": 1, "Filter": "((p_type)::text = 'SMALL PLATED COPPER'::text)", "Rows Removed by Filter": 1986837}, {"Node Type": "Index Scan", "Parent Relationship": "Inner", "Scan Direction": "Forward", "Index Name": "idx_lineitem_part_supp", "Relation Name": "lineitem", "Alias": "lineitem", "Startup Cost": 0.0, "Total Cost": 27.61, "Plan Rows": 6, "Plan Width": 40, "Actual Startup Time": 154.187, "Actual Total Time": 1177.879, "Actual Rows": 395341, "Actual Loops": 13163, "Index Cond": "(l_partkey = part.p_partkey)", "Rows Removed by Index Recheck": 0}]}, {"Node Type": "Index Scan", "Parent Relationship": "Inner", "Scan Direction": "Forward", "Index Name": "orders_pkey", "Relation Name": "orders", "Alias": "orders", "Startup Cost": 0.0, "Total Cost": 0.3, "Plan Rows": 1, "Plan Width": 24, "Actual Startup Time": 3272.72, "Actual Total Time": 3272.72, "Actual Rows": 119765, "Actual Loops": 395341, "Index Cond": "(o_orderkey = lineitem.l_orderkey)", "Rows Removed by Index Recheck": 0, "Filter": "((o_orderdate >= '1995-01-01 00:00:00'::timestamp(0) without time zone) AND (o_orderdate <= '1996-12-31 00:00:00'::timestamp(0) without time zone))", "Rows Removed by Filter": 275576}]}, {"Node Type": "Hash", "Parent Relationship": "Inner", "Startup Cost": 3283.0, "Total Cost": 3283.0, "Plan Rows": 100000, "Plan Width": 12, "Actual Startup Time": 67.072, "Actual Total Time": 67.072, "Actual Rows": 100000, "Actual Loops": 1, "Hash Buckets": 131072, "Hash Batches": 1, "Original Hash Batches": 1, "Peak Memory Usage": 4297, "Plans": [{"Node Type": "Seq Scan", "Parent Relationship": "Outer", "Relation Name": "supplier", "Alias": "supplier", "Startup Cost": 0.0, "Total Cost": 3283.0, "Plan Rows": 100000, "Plan Width": 12, "Actual Startup Time": 0.016, "Actual Total Time": 39.717, "Actual Rows": 100000, "Actual Loops": 1}]}]}, {"Node Type": "Index Scan", "Parent Relationship": "Inner", "Scan Direction": "Forward", "Index Name": "customer_pkey", "Relation Name": "customer", "Alias": "customer", "Startup Cost": 0.0, "Total Cost": 0.31, "Plan Rows": 1, "Plan Width": 12, "Actual Startup Time": 873.567, "Actual Total Time": 873.567, "Actual Rows": 119765, "Actual Loops": 119765, "Index Cond": "(c_custkey = orders.o_custkey)", "Rows Removed by Index Recheck": 0}]}, {"Node Type": "Hash", "Parent Relationship": "Inner", "Startup Cost": 1.25, "Total Cost": 1.25, "Plan Rows": 25, "Plan Width": 8, "Actual Startup Time": 0.021, "Actual Total Time": 0.021, "Actual Rows": 25, "Actual Loops": 1, "Hash Buckets": 32768, "Hash Batches": 1, "Original Hash Batches": 1, "Peak Memory Usage": 1, "Plans": [{"Node Type": "Seq Scan", "Parent Relationship": "Outer", "Relation Name": "nation", "Alias": "n1", "Startup Cost": 0.0, "Total Cost": 1.25, "Plan Rows": 25, "Plan Width": 8, "Actual Startup Time": 0.008, "Actual Total Time": 0.014, "Actual Rows": 25, "Actual Loops": 1}]}]}]}, {"Node Type": "Hash", "Parent Relationship": "Inner", "Startup Cost": 1.25, "Total Cost": 1.25, "Plan Rows": 25, "Plan Width": 30, "Actual Startup Time": 0.038, "Actual Total Time": 0.038, "Actual Rows": 25, "Actual Loops": 1, "Hash Buckets": 32768, "Hash Batches": 1, "Original Hash Batches": 1, "Peak Memory Usage": 2, "Plans": [{"Node Type": "Seq Scan", "Parent Relationship": "Outer", "Relation Name": "nation", "Alias": "n2", "Startup Cost": 0.0, "Total Cost": 1.25, "Plan Rows": 25, "Plan Width": 30, "Actual Startup Time": 0.017, "Actual Total Time": 0.023, "Actual Rows": 25, "Actual Loops": 1}]}]}]}]}, "Triggers": [], "Planner Runtime": 3, "Total Runtime": 6875.883, "Unique SQL Id": 3681808042}}, "(1, 37)": {"explain_plan": {"Plan": {"Node Type": "Sort", "Startup Cost": 527575.13, "Total Cost": 527575.15, "Plan Rows": 10, "Plan Width": 50, "Sort Key": ["(date_part('year'::text, orders.o_orderdate))"], "Plans": [{"Node Type": "Aggregate", "Strategy": "Hashed", "Parent Relationship": "Outer", "Startup Cost": 527574.81, "Total Cost": 527574.96, "Plan Rows": 10, "Plan Width": 50, "Group By Key": ["date_part('year'::text, orders.o_orderdate)"], "Plans": [{"Node Type": "Hash Join", "Parent Relationship": "Outer", "Join Type": "Inner", "Startup Cost": 6610.42, "Total Cost": 527454.99, "Plan Rows": 5991, "Plan Width": 50, "Inner Unique": true, "Hash Cond": "(supplier.s_nationkey = n2.n_nationkey)", "Plans": [{"Node Type": "Nested Loop", "Parent Relationship": "Outer", "Join Type": "Inner", "Startup Cost": 6597.48, "Total Cost": 527351.25, "Plan Rows": 5991, "Plan Width": 28, "Inner Unique": false, "Join Filter": "(n1.n_regionkey = region.r_regionkey)", "Plans": [{"Node Type": "Index Scan", "Parent Relationship": "Outer", "Scan Direction": "Forward", "Index Name": "region_pkey", "Relation Name": "region", "Alias": "region", "Startup Cost": 0.0, "Total Cost": 12.34, "Plan Rows": 1, "Plan Width": 4, "Filter": "(r_name = 'ASIA'::bpchar)"}, {"Node Type": "Hash Join", "Parent Relationship": "Inner", "Join Type": "Inner", "Startup Cost": 6597.48, "Total Cost": 526964.49, "Plan Rows": 29954, "Plan Width": 32, "Inner Unique": true, "Hash Cond": "(customer.c_nationkey = n1.n_nationkey)", "Plans": [{"Node Type": "Nested Loop", "Parent Relationship": "Outer", "Join Type": "Inner", "Startup Cost": 6584.54, "Total Cost": 526572.45, "Plan Rows": 29954, "Plan Width": 32, "Inner Unique": true, "Plans": [{"Node Type": "Hash Join", "Parent Relationship": "Outer", "Join Type": "Inner", "Startup Cost": 6584.54, "Total Cost": 510320.57, "Plan Rows": 51198, "Plan Width": 36, "Inner Unique": true, "Hash Cond": "(lineitem.l_suppkey = supplier.s_suppkey)", "Plans": [{"Node Type": "Nested Loop", "Parent Relationship": "Outer", "Join Type": "Inner", "Startup Cost": 0.0, "Total Cost": 503356.69, "Plan Rows": 86479, "Plan Width": 40, "Inner Unique": true, "Plans": [{"Node Type": "Nested Loop", "Parent Relationship": "Outer", "Join Type": "Inner", "Startup Cost": 0.0, "Total Cost": 480423.82, "Plan Rows": 74637, "Plan Width": 32, "Inner Unique": false, "Plans": [{"Node Type": "Index Scan", "Parent Relationship": "Outer", "Scan Direction": "Forward", "Index Name": "part_kpey", "Relation Name": "part", "Alias": "part", "Startup Cost": 0.0, "Total Cost": 105803.25, "Plan Rows": 13538, "Plan Width": 8, "Filter": "((p_type)::text = 'SMALL PLATED COPPER'::text)"}, {"Node Type": "Index Scan", "Parent Relationship": "Inner", "Scan Direction": "Forward", "Index Name": "idx_lineitem_part_supp", "Relation Name": "lineitem", "Alias": "lineitem", "Startup Cost": 0.0, "Total Cost": 27.61, "Plan Rows": 6, "Plan Width": 40, "Index Cond": "(l_partkey = part.p_partkey)"}]}, {"Node Type": "Index Scan", "Parent Relationship": "Inner", "Scan Direction": "Forward", "Index Name": "orders_pkey", "Relation Name": "orders", "Alias": "orders", "Startup Cost": 0.0, "Total Cost": 0.3, "Plan Rows": 1, "Plan Width": 24, "Index Cond": "(o_orderkey = lineitem.l_orderkey)", "Filter": "((o_orderdate >= '1995-01-01 00:00:00'::timestamp(0) without time zone) AND (o_orderdate <= '1996-12-31 00:00:00'::timestamp(0) without time zone))"}]}, {"Node Type": "Hash", "Parent Relationship": "Inner", "Startup Cost": 5334.54, "Total Cost": 5334.54, "Plan Rows": 100000, "Plan Width": 12, "Plans": [{"Node Type": "Index Scan", "Parent Relationship": "Outer", "Scan Direction": "Forward", "Index Name": "supplier_pkey", "Relation Name": "supplier", "Alias": "supplier", "Startup Cost": 0.0, "Total Cost": 5334.54, "Plan Rows": 100000, "Plan Width": 12}]}]}, {"Node Type": "Index Scan", "Parent Relationship": "Inner", "Scan Direction": "Forward", "Index Name": "customer_pkey", "Relation Name": "customer", "Alias": "customer", "Startup Cost": 0.0, "Total Cost": 0.31, "Plan Rows": 1, "Plan Width": 12, "Index Cond": "(c_custkey = orders.o_custkey)"}]}, {"Node Type": "Hash", "Parent Relationship": "Inner", "Startup Cost": 12.62, "Total Cost": 12.62, "Plan Rows": 25, "Plan Width": 8, "Plans": [{"Node Type": "Index Scan", "Parent Relationship": "Outer", "Scan Direction": "Forward", "Index Name": "idx_nation_regionkey", "Relation Name": "nation", "Alias": "n1", "Startup Cost": 0.0, "Total Cost": 12.62, "Plan Rows": 25, "Plan Width": 8}]}]}]}, {"Node Type": "Hash", "Parent Relationship": "Inner", "Startup Cost": 12.62, "Total Cost": 12.62, "Plan Rows": 25, "Plan Width": 30, "Plans": [{"Node Type": "Index Scan", "Parent Relationship": "Outer", "Scan Direction": "Forward", "Index Name": "nation_pkey", "Relation Name": "nation", "Alias": "n2", "Startup Cost": 0.0, "Total Cost": 12.62, "Plan Rows": 25, "Plan Width": 30}]}]}]}]}, "Unique SQL Id": 3681808042, "Planner Runtime": 3}, "explain_analyze_plan": {"Plan": {"Node Type": "Sort", "Startup Cost": 527575.13, "Total Cost": 527575.15, "Plan Rows": 10, "Plan Width": 50, "Actual Startup Time": 7727.976, "Actual Total Time": 7727.976, "Actual Rows": 2, "Actual Loops": 1, "Sort Key": ["(date_part('year'::text, orders.o_orderdate))"], "Sort Method": "quicksort", "Sort Space Used": 25, "Sort Space Type": "Memory", "Plans": [{"Node Type": "Aggregate", "Strategy": "Hashed", "Parent Relationship": "Outer", "Startup Cost": 527574.81, "Total Cost": 527574.96, "Plan Rows": 10, "Plan Width": 50, "Actual Startup Time": 7727.96, "Actual Total Time": 7727.961, "Actual Rows": 2, "Actual Loops": 1, "Group By Key": ["date_part('year'::text, orders.o_orderdate)"], "Plans": [{"Node Type": "Hash Join", "Parent Relationship": "Outer", "Join Type": "Inner", "Startup Cost": 6610.42, "Total Cost": 527454.99, "Plan Rows": 5991, "Plan Width": 50, "Actual Startup Time": 110.43, "Actual Total Time": 7691.0, "Actual Rows": 23929, "Actual Loops": 1, "Inner Unique": true, "Hash Cond": "(supplier.s_nationkey = n2.n_nationkey)", "Plans": [{"Node Type": "Nested Loop", "Parent Relationship": "Outer", "Join Type": "Inner", "Startup Cost": 6597.48, "Total Cost": 527351.25, "Plan Rows": 5991, "Plan Width": 28, "Actual Startup Time": 110.344, "Actual Total Time": 7658.106, "Actual Rows": 23929, "Actual Loops": 1, "Inner Unique": false, "Join Filter": "(n1.n_regionkey = region.r_regionkey)", "Rows Removed by Join Filter": 95836, "Plans": [{"Node Type": "Index Scan", "Parent Relationship": "Outer", "Scan Direction": "Forward", "Index Name": "region_pkey", "Relation Name": "region", "Alias": "region", "Startup Cost": 0.0, "Total Cost": 12.34, "Plan Rows": 1, "Plan Width": 4, "Actual Startup Time": 0.008, "Actual Total Time": 0.028, "Actual Rows": 1, "Actual Loops": 1, "Filter": "(r_name = 'ASIA'::bpchar)", "Rows Removed by Filter": 4}, {"Node Type": "Hash Join", "Parent Relationship": "Inner", "Join Type": "Inner", "Startup Cost": 6597.48, "Total Cost": 526964.49, "Plan Rows": 29954, "Plan Width": 32, "Actual Startup Time": 110.097, "Actual Total Time": 7624.915, "Actual Rows": 119765, "Actual Loops": 1, "Inner Unique": true, "Hash Cond": "(customer.c_nationkey = n1.n_nationkey)", "Plans": [{"Node Type": "Nested Loop", "Parent Relationship": "Outer", "Join Type": "Inner", "Startup Cost": 6584.54, "Total Cost": 526572.45, "Plan Rows": 29954, "Plan Width": 32, "Actual Startup Time": 110.034, "Actual Total Time": 7556.275, "Actual Rows": 119765, "Actual Loops": 1, "Inner Unique": true, "Plans": [{"Node Type": "Hash Join", "Parent Relationship": "Outer", "Join Type": "Inner", "Startup Cost": 6584.54, "Total Cost": 510320.57, "Plan Rows": 51198, "Plan Width": 36, "Actual Startup Time": 110.002, "Actual Total Time": 6551.852, "Actual Rows": 119765, "Actual Loops": 1, "Inner Unique": true, "Hash Cond": "(lineitem.l_suppkey = supplier.s_suppkey)", "Plans": [{"Node Type": "Nested Loop", "Parent Relationship": "Outer", "Join Type": "Inner", "Startup Cost": 0.0, "Total Cost": 503356.69, "Plan Rows": 86479, "Plan Width": 40, "Actual Startup Time": 0.168, "Actual Total Time": 6360.928, "Actual Rows": 119765, "Actual Loops": 1, "Inner Unique": true, "Plans": [{"Node Type": "Nested Loop", "Parent Relationship": "Outer", "Join Type": "Inner", "Startup Cost": 0.0, "Total Cost": 480423.82, "Plan Rows": 74637, "Plan Width": 32, "Actual Startup Time": 0.043, "Actual Total Time": 2756.88, "Actual Rows": 395341, "Actual Loops": 1, "Inner Unique": false, "Plans": [{"Node Type": "Index Scan", "Parent Relationship": "Outer", "Scan Direction": "Forward", "Index Name": "part_kpey", "Relation Name": "part", "Alias": "part", "Startup Cost": 0.0, "Total Cost": 105803.25, "Plan Rows": 13538, "Plan Width": 8, "Actual Startup Time": 0.027, "Actual Total Time": 1456.254, "Actual Rows": 13163, "Actual Loops": 1, "Filter": "((p_type)::text = 'SMALL PLATED COPPER'::text)", "Rows Removed by Filter": 1986837}, {"Node Type": "Index Scan", "Parent Relationship": "Inner", "Scan Direction": "Forward", "Index Name": "idx_lineitem_part_supp", "Relation Name": "lineitem", "Alias": "lineitem", "Startup Cost": 0.0, "Total Cost": 27.61, "Plan Rows": 6, "Plan Width": 40, "Actual Startup Time": 157.07, "Actual Total Time": 1199.429, "Actual Rows": 395341, "Actual Loops": 13163, "Index Cond": "(l_partkey = part.p_partkey)", "Rows Removed by Index Recheck": 0}]}, {"Node Type": "Index Scan", "Parent Relationship": "Inner", "Scan Direction": "Forward", "Index Name": "orders_pkey", "Relation Name": "orders", "Alias": "orders", "Startup Cost": 0.0, "Total Cost": 0.3, "Plan Rows": 1, "Plan Width": 24, "Actual Startup Time": 3362.86, "Actual Total Time": 3362.86, "Actual Rows": 119765, "Actual Loops": 395341, "Index Cond": "(o_orderkey = lineitem.l_orderkey)", "Rows Removed by Index Recheck": 0, "Filter": "((o_orderdate >= '1995-01-01 00:00:00'::timestamp(0) without time zone) AND (o_orderdate <= '1996-12-31 00:00:00'::timestamp(0) without time zone))", "Rows Removed by Filter": 275576}]}, {"Node Type": "Hash", "Parent Relationship": "Inner", "Startup Cost": 5334.54, "Total Cost": 5334.54, "Plan Rows": 100000, "Plan Width": 12, "Actual Startup Time": 109.726, "Actual Total Time": 109.726, "Actual Rows": 100000, "Actual Loops": 1, "Hash Buckets": 131072, "Hash Batches": 1, "Original Hash Batches": 1, "Peak Memory Usage": 4297, "Plans": [{"Node Type": "Index Scan", "Parent Relationship": "Outer", "Scan Direction": "Forward", "Index Name": "supplier_pkey", "Relation Name": "supplier", "Alias": "supplier", "Startup Cost": 0.0, "Total Cost": 5334.54, "Plan Rows": 100000, "Plan Width": 12, "Actual Startup Time": 0.02, "Actual Total Time": 82.233, "Actual Rows": 100000, "Actual Loops": 1}]}]}, {"Node Type": "Index Scan", "Parent Relationship": "Inner", "Scan Direction": "Forward", "Index Name": "customer_pkey", "Relation Name": "customer", "Alias": "customer", "Startup Cost": 0.0, "Total Cost": 0.31, "Plan Rows": 1, "Plan Width": 12, "Actual Startup Time": 896.276, "Actual Total Time": 896.276, "Actual Rows": 119765, "Actual Loops": 119765, "Index Cond": "(c_custkey = orders.o_custkey)", "Rows Removed by Index Recheck": 0}]}, {"Node Type": "Hash", "Parent Relationship": "Inner", "Startup Cost": 12.62, "Total Cost": 12.62, "Plan Rows": 25, "Plan Width": 8, "Actual Startup Time": 0.026, "Actual Total Time": 0.026, "Actual Rows": 25, "Actual Loops": 1, "Hash Buckets": 32768, "Hash Batches": 1, "Original Hash Batches": 1, "Peak Memory Usage": 1, "Plans": [{"Node Type": "Index Scan", "Parent Relationship": "Outer", "Scan Direction": "Forward", "Index Name": "idx_nation_regionkey", "Relation Name": "nation", "Alias": "n1", "Startup Cost": 0.0, "Total Cost": 12.62, "Plan Rows": 25, "Plan Width": 8, "Actual Startup Time": 0.006, "Actual Total Time": 0.016, "Actual Rows": 25, "Actual Loops": 1}]}]}]}, {"Node Type": "Hash", "Parent Relationship": "Inner", "Startup Cost": 12.62, "Total Cost": 12.62, "Plan Rows": 25, "Plan Width": 30, "Actual Startup Time": 0.035, "Actual Total Time": 0.035, "Actual Rows": 25, "Actual Loops": 1, "Hash Buckets": 32768, "Hash Batches": 1, "Original Hash Batches": 1, "Peak Memory Usage": 2, "Plans": [{"Node Type": "Index Scan", "Parent Relationship": "Outer", "Scan Direction": "Forward", "Index Name": "nation_pkey", "Relation Name": "nation", "Alias": "n2", "Startup Cost": 0.0, "Total Cost": 12.62, "Plan Rows": 25, "Plan Width": 30, "Actual Startup Time": 0.009, "Actual Total Time": 0.02, "Actual Rows": 25, "Actual Loops": 1}]}]}]}]}, "Triggers": [], "Planner Runtime": 3, "Total Runtime": 7728.406, "Unique SQL Id": 3681808042}}, "(1, 38)": {"explain_plan": {"Plan": {"Node Type": "Sort", "Startup Cost": 818733.87, "Total Cost": 818733.89, "Plan Rows": 10, "Plan Width": 50, "Sort Key": ["(date_part('year'::text, orders.o_orderdate))"], "Plans": [{"Node Type": "Aggregate", "Strategy": "Hashed", "Parent Relationship": "Outer", "Startup Cost": 818733.55, "Total Cost": 818733.7, "Plan Rows": 10, "Plan Width": 50, "Group By Key": ["date_part('year'::text, orders.o_orderdate)"], "Plans": [{"Node Type": "Nested Loop", "Parent Relationship": "Outer", "Join Type": "Inner", "Startup Cost": 45452.32, "Total Cost": 818613.73, "Plan Rows": 5991, "Plan Width": 50, "Inner Unique": true, "Join Filter": "(supplier.s_nationkey = n2.n_nationkey)", "Plans": [{"Node Type": "Hash Join", "Parent Relationship": "Outer", "Join Type": "Inner", "Startup Cost": 45452.32, "Total Cost": 816350.82, "Plan Rows": 5991, "Plan Width": 28, "Inner Unique": false, "Hash Cond": "(orders.o_custkey = customer.c_custkey)", "Plans": [{"Node Type": "Hash Join", "Parent Relationship": "Outer", "Join Type": "Inner", "Startup Cost": 4537.47, "Total Cost": 775184.07, "Plan Rows": 51198, "Plan Width": 36, "Inner Unique": true, "Hash Cond": "(lineitem.l_suppkey = supplier.s_suppkey)", "Plans": [{"Node Type": "Nested Loop", "Parent Relationship": "Outer", "Join Type": "Inner", "Startup Cost": 4.47, "Total Cost": 770271.73, "Plan Rows": 86479, "Plan Width": 40, "Inner Unique": true, "Plans": [{"Node Type": "Nested Loop", "Parent Relationship": "Outer", "Join Type": "Inner", "Startup Cost": 4.21, "Total Cost": 450147.9, "Plan Rows": 74637, "Plan Width": 32, "Inner Unique": false, "Plans": [{"Node Type": "Seq Scan", "Parent Relationship": "Outer", "Relation Name": "part", "Alias": "part", "Startup Cost": 0.0, "Total Cost": 66944.0, "Plan Rows": 13538, "Plan Width": 8, "Filter": "((p_type)::text = 'SMALL PLATED COPPER'::text)"}, {"Node Type": "Bitmap Heap Scan", "Parent Relationship": "Inner", "Relation Name": "lineitem", "Alias": "lineitem", "Startup Cost": 4.21, "Total Cost": 28.25, "Plan Rows": 6, "Plan Width": 40, "Recheck Cond": "(l_partkey = part.p_partkey)", "Plans": [{"Node Type": "Bitmap Index Scan", "Parent Relationship": "Outer", "Index Name": "idx_lineitem_part_supp", "Startup Cost": 0.0, "Total Cost": 4.21, "Plan Rows": 6, "Plan Width": 0, "Index Cond": "(l_partkey = part.p_partkey)"}]}]}, {"Node Type": "Bitmap Heap Scan", "Parent Relationship": "Inner", "Relation Name": "orders", "Alias": "orders", "Startup Cost": 0.26, "Total Cost": 4.28, "Plan Rows": 1, "Plan Width": 24, "Recheck Cond": "(o_orderkey = lineitem.l_orderkey)", "Filter": "((o_orderdate >= '1995-01-01 00:00:00'::timestamp(0) without time zone) AND (o_orderdate <= '1996-12-31 00:00:00'::timestamp(0) without time zone))", "Plans": [{"Node Type": "Bitmap Index Scan", "Parent Relationship": "Outer", "Index Name": "orders_pkey", "Startup Cost": 0.0, "Total Cost": 0.26, "Plan Rows": 1, "Plan Width": 0, "Index Cond": "(o_orderkey = lineitem.l_orderkey)"}]}]}, {"Node Type": "Hash", "Parent Relationship": "Inner", "Startup Cost": 3283.0, "Total Cost": 3283.0, "Plan Rows": 100000, "Plan Width": 12, "Plans": [{"Node Type": "Seq Scan", "Parent Relationship": "Outer", "Relation Name": "supplier", "Alias": "supplier", "Startup Cost": 0.0, "Total Cost": 3283.0, "Plan Rows": 100000, "Plan Width": 12}]}]}, {"Node Type": "Hash", "Parent Relationship": "Inner", "Startup Cost": 37164.85, "Total Cost": 37164.85, "Plan Rows": 300000, "Plan Width": 8, "Plans": [{"Node Type": "Nested Loop", "Parent Relationship": "Outer", "Join Type": "Inner", "Startup Cost": 1031.44, "Total Cost": 37164.85, "Plan Rows": 300000, "Plan Width": 8, "Inner Unique": false, "Plans": [{"Node Type": "Hash Join", "Parent Relationship": "Outer", "Join Type": "Inner", "Startup Cost": 1.07, "Total Cost": 2.44, "Plan Rows": 5, "Plan Width": 4, "Inner Unique": true, "Hash Cond": "(n1.n_regionkey = region.r_regionkey)", "Plans": [{"Node Type": "Seq Scan", "Parent Relationship": "Outer", "Relation Name": "nation", "Alias": "n1", "Startup Cost": 0.0, "Total Cost": 1.25, "Plan Rows": 25, "Plan Width": 8}, {"Node Type": "Hash", "Parent Relationship": "Inner", "Startup Cost": 1.06, "Total Cost": 1.06, "Plan Rows": 1, "Plan Width": 4, "Plans": [{"Node Type": "Seq Scan", "Parent Relationship": "Outer", "Relation Name": "region", "Alias": "region", "Startup Cost": 0.0, "Total Cost": 1.06, "Plan Rows": 1, "Plan Width": 4, "Filter": "(r_name = 'ASIA'::bpchar)"}]}]}, {"Node Type": "Bitmap Heap Scan", "Parent Relationship": "Inner", "Relation Name": "customer", "Alias": "customer", "Startup Cost": 1030.37, "Total Cost": 6832.48, "Plan Rows": 60000, "Plan Width": 12, "Recheck Cond": "(c_nationkey = n1.n_nationkey)", "Plans": [{"Node Type": "Bitmap Index Scan", "Parent Relationship": "Outer", "Index Name": "idx_customer_nationkey", "Startup Cost": 0.0, "Total Cost": 1015.37, "Plan Rows": 60000, "Plan Width": 0, "Index Cond": "(c_nationkey = n1.n_nationkey)"}]}]}]}]}, {"Node Type": "Materialize", "Parent Relationship": "Inner", "Startup Cost": 0.0, "Total Cost": 1.38, "Plan Rows": 25, "Plan Width": 30, "Plans": [{"Node Type": "Seq Scan", "Parent Relationship": "Outer", "Relation Name": "nation", "Alias": "n2", "Startup Cost": 0.0, "Total Cost": 1.25, "Plan Rows": 25, "Plan Width": 30}]}]}]}]}, "Unique SQL Id": 3681808042, "Planner Runtime": 3}, "explain_analyze_plan": {"Plan": {"Node Type": "Sort", "Startup Cost": 818733.87, "Total Cost": 818733.89, "Plan Rows": 10, "Plan Width": 50, "Actual Startup Time": 7747.251, "Actual Total Time": 7747.251, "Actual Rows": 2, "Actual Loops": 1, "Sort Key": ["(date_part('year'::text, orders.o_orderdate))"], "Sort Method": "quicksort", "Sort Space Used": 25, "Sort Space Type": "Memory", "Plans": [{"Node Type": "Aggregate", "Strategy": "Hashed", "Parent Relationship": "Outer", "Startup Cost": 818733.55, "Total Cost": 818733.7, "Plan Rows": 10, "Plan Width": 50, "Actual Startup Time": 7747.232, "Actual Total Time": 7747.233, "Actual Rows": 2, "Actual Loops": 1, "Group By Key": ["date_part('year'::text, orders.o_orderdate)"], "Plans": [{"Node Type": "Nested Loop", "Parent Relationship": "Outer", "Join Type": "Inner", "Startup Cost": 45452.32, "Total Cost": 818613.73, "Plan Rows": 5991, "Plan Width": 50, "Actual Startup Time": 844.797, "Actual Total Time": 7710.505, "Actual Rows": 23929, "Actual Loops": 1, "Inner Unique": true, "Join Filter": "(supplier.s_nationkey = n2.n_nationkey)", "Rows Removed by Join Filter": 288173, "Plans": [{"Node Type": "Hash Join", "Parent Relationship": "Outer", "Join Type": "Inner", "Startup Cost": 45452.32, "Total Cost": 816350.82, "Plan Rows": 5991, "Plan Width": 28, "Actual Startup Time": 844.75, "Actual Total Time": 7591.247, "Actual Rows": 23929, "Actual Loops": 1, "Inner Unique": false, "Hash Cond": "(orders.o_custkey = customer.c_custkey)", "Plans": [{"Node Type": "Hash Join", "Parent Relationship": "Outer", "Join Type": "Inner", "Startup Cost": 4537.47, "Total Cost": 775184.07, "Plan Rows": 51198, "Plan Width": 36, "Actual Startup Time": 67.354, "Actual Total Time": 6747.705, "Actual Rows": 119765, "Actual Loops": 1, "Inner Unique": true, "Hash Cond": "(lineitem.l_suppkey = supplier.s_suppkey)", "Plans": [{"Node Type": "Nested Loop", "Parent Relationship": "Outer", "Join Type": "Inner", "Startup Cost": 4.47, "Total Cost": 770271.73, "Plan Rows": 86479, "Plan Width": 40, "Actual Startup Time": 0.162, "Actual Total Time": 6596.794, "Actual Rows": 119765, "Actual Loops": 1, "Inner Unique": true, "Plans": [{"Node Type": "Nested Loop", "Parent Relationship": "Outer", "Join Type": "Inner", "Startup Cost": 4.21, "Total Cost": 450147.9, "Plan Rows": 74637, "Plan Width": 32, "Actual Startup Time": 0.097, "Actual Total Time": 2335.136, "Actual Rows": 395341, "Actual Loops": 1, "Inner Unique": false, "Plans": [{"Node Type": "Seq Scan", "Parent Relationship": "Outer", "Relation Name": "part", "Alias": "part", "Startup Cost": 0.0, "Total Cost": 66944.0, "Plan Rows": 13538, "Plan Width": 8, "Actual Startup Time": 0.022, "Actual Total Time": 778.757, "Actual Rows": 13163, "Actual Loops": 1, "Filter": "((p_type)::text = 'SMALL PLATED COPPER'::text)", "Rows Removed by Filter": 1986837}, {"Node Type": "Bitmap Heap Scan", "Parent Relationship": "Inner", "Relation Name": "lineitem", "Alias": "lineitem", "Startup Cost": 4.21, "Total Cost": 28.25, "Plan Rows": 6, "Plan Width": 40, "Actual Startup Time": 260.658, "Actual Total Time": 1437.876, "Actual Rows": 395341, "Actual Loops": 13163, "Recheck Cond": "(l_partkey = part.p_partkey)", "Rows Removed by Index Recheck": 0, "Exact Heap Blocks": 395337, "Lossy Heap Blocks": 395337, "Plans": [{"Node Type": "Bitmap Index Scan", "Parent Relationship": "Outer", "Index Name": "idx_lineitem_part_supp", "Startup Cost": 0.0, "Total Cost": 4.21, "Plan Rows": 6, "Plan Width": 0, "Actual Startup Time": 164.454, "Actual Total Time": 164.454, "Actual Rows": 395341, "Actual Loops": 13163, "Index Cond": "(l_partkey = part.p_partkey)"}]}]}, {"Node Type": "Bitmap Heap Scan", "Parent Relationship": "Inner", "Relation Name": "orders", "Alias": "orders", "Startup Cost": 0.26, "Total Cost": 4.28, "Plan Rows": 1, "Plan Width": 24, "Actual Startup Time": 3784.351, "Actual Total Time": 3784.351, "Actual Rows": 119765, "Actual Loops": 395341, "Recheck Cond": "(o_orderkey = lineitem.l_orderkey)", "Rows Removed by Index Recheck": 0, "Filter": "((o_orderdate >= '1995-01-01 00:00:00'::timestamp(0) without time zone) AND (o_orderdate <= '1996-12-31 00:00:00'::timestamp(0) without time zone))", "Rows Removed by Filter": 275576, "Exact Heap Blocks": 395341, "Lossy Heap Blocks": 395341, "Plans": [{"Node Type": "Bitmap Index Scan", "Parent Relationship": "Outer", "Index Name": "orders_pkey", "Startup Cost": 0.0, "Total Cost": 0.26, "Plan Rows": 1, "Plan Width": 0, "Actual Startup Time": 2341.484, "Actual Total Time": 2341.484, "Actual Rows": 395341, "Actual Loops": 395341, "Index Cond": "(o_orderkey = lineitem.l_orderkey)"}]}]}, {"Node Type": "Hash", "Parent Relationship": "Inner", "Startup Cost": 3283.0, "Total Cost": 3283.0, "Plan Rows": 100000, "Plan Width": 12, "Actual Startup Time": 67.079, "Actual Total Time": 67.079, "Actual Rows": 100000, "Actual Loops": 1, "Hash Buckets": 131072, "Hash Batches": 1, "Original Hash Batches": 1, "Peak Memory Usage": 4297, "Plans": [{"Node Type": "Seq Scan", "Parent Relationship": "Outer", "Relation Name": "supplier", "Alias": "supplier", "Startup Cost": 0.0, "Total Cost": 3283.0, "Plan Rows": 100000, "Plan Width": 12, "Actual Startup Time": 0.014, "Actual Total Time": 39.79, "Actual Rows": 100000, "Actual Loops": 1}]}]}, {"Node Type": "Hash", "Parent Relationship": "Inner", "Startup Cost": 37164.85, "Total Cost": 37164.85, "Plan Rows": 300000, "Plan Width": 8, "Actual Startup Time": 776.966, "Actual Total Time": 776.966, "Actual Rows": 300270, "Actual Loops": 1, "Hash Buckets": 524288, "Hash Batches": 1, "Original Hash Batches": 1, "Peak Memory Usage": 11730, "Plans": [{"Node Type": "Nested Loop", "Parent Relationship": "Outer", "Join Type": "Inner", "Startup Cost": 1031.44, "Total Cost": 37164.85, "Plan Rows": 300000, "Plan Width": 8, "Actual Startup Time": 19.339, "Actual Total Time": 683.838, "Actual Rows": 300270, "Actual Loops": 1, "Inner Unique": false, "Plans": [{"Node Type": "Hash Join", "Parent Relationship": "Outer", "Join Type": "Inner", "Startup Cost": 1.07, "Total Cost": 2.44, "Plan Rows": 5, "Plan Width": 4, "Actual Startup Time": 0.077, "Actual Total Time": 0.132, "Actual Rows": 5, "Actual Loops": 1, "Inner Unique": true, "Hash Cond": "(n1.n_regionkey = region.r_regionkey)", "Plans": [{"Node Type": "Seq Scan", "Parent Relationship": "Outer", "Relation Name": "nation", "Alias": "n1", "Startup Cost": 0.0, "Total Cost": 1.25, "Plan Rows": 25, "Plan Width": 8, "Actual Startup Time": 0.018, "Actual Total Time": 0.035, "Actual Rows": 25, "Actual Loops": 1}, {"Node Type": "Hash", "Parent Relationship": "Inner", "Startup Cost": 1.06, "Total Cost": 1.06, "Plan Rows": 1, "Plan Width": 4, "Actual Startup Time": 0.018, "Actual Total Time": 0.018, "Actual Rows": 1, "Actual Loops": 1, "Hash Buckets": 32768, "Hash Batches": 1, "Original Hash Batches": 1, "Peak Memory Usage": 1, "Plans": [{"Node Type": "Seq Scan", "Parent Relationship": "Outer", "Relation Name": "region", "Alias": "region", "Startup Cost": 0.0, "Total Cost": 1.06, "Plan Rows": 1, "Plan Width": 4, "Actual Startup Time": 0.013, "Actual Total Time": 0.014, "Actual Rows": 1, "Actual Loops": 1, "Filter": "(r_name = 'ASIA'::bpchar)", "Rows Removed by Filter": 4}]}]}, {"Node Type": "Bitmap Heap Scan", "Parent Relationship": "Inner", "Relation Name": "customer", "Alias": "customer", "Startup Cost": 1030.37, "Total Cost": 6832.48, "Plan Rows": 60000, "Plan Width": 12, "Actual Startup Time": 104.644, "Actual Total Time": 625.466, "Actual Rows": 300270, "Actual Loops": 5, "Recheck Cond": "(c_nationkey = n1.n_nationkey)", "Rows Removed by Index Recheck": 0, "Exact Heap Blocks": 150032, "Lossy Heap Blocks": 150032, "Plans": [{"Node Type": "Bitmap Index Scan", "Parent Relationship": "Outer", "Index Name": "idx_customer_nationkey", "Startup Cost": 0.0, "Total Cost": 1015.37, "Plan Rows": 60000, "Plan Width": 0, "Actual Startup Time": 71.944, "Actual Total Time": 71.944, "Actual Rows": 300270, "Actual Loops": 5, "Index Cond": "(c_nationkey = n1.n_nationkey)"}]}]}]}]}, {"Node Type": "Materialize", "Parent Relationship": "Inner", "Startup Cost": 0.0, "Total Cost": 1.38, "Plan Rows": 25, "Plan Width": 30, "Actual Startup Time": 3.164, "Actual Total Time": 28.153, "Actual Rows": 312102, "Actual Loops": 23929, "Plans": [{"Node Type": "Seq Scan", "Parent Relationship": "Outer", "Relation Name": "nation", "Alias": "n2", "Startup Cost": 0.0, "Total Cost": 1.25, "Plan Rows": 25, "Plan Width": 30, "Actual Startup Time": 0.011, "Actual Total Time": 0.016, "Actual Rows": 25, "Actual Loops": 1}]}]}]}]}, "Triggers": [], "Planner Runtime": 3, "Total Runtime": 7747.714, "Unique SQL Id": 3681808042}}, "(1, 39)": {"explain_plan": {"Plan": {"Node Type": "Sort", "Startup Cost": 66661878.45, "Total Cost": 66661878.48, "Plan Rows": 10, "Plan Width": 50, "Sort Key": ["(date_part('year'::text, orders.o_orderdate))"], "Plans": [{"Node Type": "Aggregate", "Strategy": "Hashed", "Parent Relationship": "Outer", "Startup Cost": 66661878.14, "Total Cost": 66661878.29, "Plan Rows": 10, "Plan Width": 50, "Group By Key": ["date_part('year'::text, orders.o_orderdate)"], "Plans": [{"Node Type": "Nested Loop", "Parent Relationship": "Outer", "Join Type": "Inner", "Startup Cost": 115915.31, "Total Cost": 66661758.32, "Plan Rows": 5991, "Plan Width": 50, "Inner Unique": true, "Plans": [{"Node Type": "Nested Loop", "Parent Relationship": "Outer", "Join Type": "Inner", "Startup Cost": 115915.05, "Total Cost": 66636099.88, "Plan Rows": 5991, "Plan Width": 28, "Inner Unique": true, "Plans": [{"Node Type": "Nested Loop", "Parent Relationship": "Outer", "Join Type": "Inner", "Startup Cost": 115914.79, "Total Cost": 66562068.23, "Plan Rows": 17296, "Plan Width": 32, "Inner Unique": true, "Plans": [{"Node Type": "Nested Loop", "Parent Relationship": "Outer", "Join Type": "Inner", "Startup Cost": 115914.53, "Total Cost": 45938880.46, "Plan Rows": 4814867, "Plan Width": 40, "Inner Unique": false, "Plans": [{"Node Type": "Nested Loop", "Parent Relationship": "Outer", "Join Type": "Inner", "Startup Cost": 115914.01, "Total Cost": 43432501.27, "Plan Rows": 530296, "Plan Width": 16, "Inner Unique": true, "Plans": [{"Node Type": "Nested Loop", "Parent Relationship": "Outer", "Join Type": "Inner", "Startup Cost": 115913.43, "Total Cost": 31228406.3, "Plan Rows": 2651479, "Plan Width": 20, "Inner Unique": true, "Plans": [{"Node Type": "Nested Loop", "Parent Relationship": "Outer", "Join Type": "Inner", "Startup Cost": 115913.17, "Total Cost": 19879399.17, "Plan Rows": 2651479, "Plan Width": 20, "Inner Unique": true, "Plans": [{"Node Type": "Bitmap Heap Scan", "Parent Relationship": "Outer", "Relation Name": "orders", "Alias": "orders", "Startup Cost": 115912.91, "Total Cost": 460311.42, "Plan Rows": 4531967, "Plan Width": 24, "Recheck Cond": "((o_orderdate >= '1995-01-01 00:00:00'::timestamp(0) without time zone) AND (o_orderdate <= '1996-12-31 00:00:00'::timestamp(0) without time zone)), (LLVM Optimized)", "Plans": [{"Node Type": "Bitmap Index Scan", "Parent Relationship": "Outer", "Index Name": "idx_orders_orderdate", "Startup Cost": 0.0, "Total Cost": 114779.92, "Plan Rows": 4531967, "Plan Width": 0, "Index Cond": "((o_orderdate >= '1995-01-01 00:00:00'::timestamp(0) without time zone) AND (o_orderdate <= '1996-12-31 00:00:00'::timestamp(0) without time zone))"}]}, {"Node Type": "Bitmap Heap Scan", "Parent Relationship": "Inner", "Relation Name": "customer", "Alias": "customer", "Startup Cost": 0.26, "Total Cost": 4.27, "Plan Rows": 1, "Plan Width": 12, "Recheck Cond": "(c_custkey = orders.o_custkey)", "Plans": [{"Node Type": "Bitmap Index Scan", "Parent Relationship": "Outer", "Index Name": "customer_pkey", "Startup Cost": 0.0, "Total Cost": 0.26, "Plan Rows": 1, "Plan Width": 0, "Index Cond": "(c_custkey = orders.o_custkey)"}]}]}, {"Node Type": "Bitmap Heap Scan", "Parent Relationship": "Inner", "Relation Name": "nation", "Alias": "n1", "Startup Cost": 0.26, "Total Cost": 4.27, "Plan Rows": 1, "Plan Width": 8, "Recheck Cond": "(n_nationkey = customer.c_nationkey)", "Plans": [{"Node Type": "Bitmap Index Scan", "Parent Relationship": "Outer", "Index Name": "nation_pkey", "Startup Cost": 0.0, "Total Cost": 0.26, "Plan Rows": 1, "Plan Width": 0, "Index Cond": "(n_nationkey = customer.c_nationkey)"}]}]}, {"Node Type": "Bitmap Heap Scan", "Parent Relationship": "Inner", "Relation Name": "region", "Alias": "region", "Startup Cost": 0.58, "Total Cost": 4.59, "Plan Rows": 1, "Plan Width": 4, "Recheck Cond": "(r_regionkey = n1.n_regionkey)", "Filter": "(r_name = 'ASIA'::bpchar)", "Plans": [{"Node Type": "Bitmap Index Scan", "Parent Relationship": "Outer", "Index Name": "region_pkey", "Startup Cost": 0.0, "Total Cost": 0.58, "Plan Rows": 1, "Plan Width": 0, "Index Cond": "(r_regionkey = n1.n_regionkey)"}]}]}, {"Node Type": "Bitmap Heap Scan", "Parent Relationship": "Inner", "Relation Name": "lineitem", "Alias": "lineitem", "Startup Cost": 0.52, "Total Cost": 4.64, "Plan Rows": 9, "Plan Width": 40, "Recheck Cond": "(l_orderkey = orders.o_orderkey)", "Plans": [{"Node Type": "Bitmap Index Scan", "Parent Relationship": "Outer", "Index Name": "idx_lineitem_orderkey", "Startup Cost": 0.0, "Total Cost": 0.52, "Plan Rows": 9, "Plan Width": 0, "Index Cond": "(l_orderkey = orders.o_orderkey)"}]}]}, {"Node Type": "Bitmap Heap Scan", "Parent Relationship": "Inner", "Relation Name": "part", "Alias": "part", "Startup Cost": 0.26, "Total Cost": 4.27, "Plan Rows": 1, "Plan Width": 8, "Recheck Cond": "(p_partkey = lineitem.l_partkey)", "Filter": "((p_type)::text = 'SMALL PLATED COPPER'::text)", "Plans": [{"Node Type": "Bitmap Index Scan", "Parent Relationship": "Outer", "Index Name": "part_kpey", "Startup Cost": 0.0, "Total Cost": 0.26, "Plan Rows": 1, "Plan Width": 0, "Index Cond": "(p_partkey = lineitem.l_partkey)"}]}]}, {"Node Type": "Bitmap Heap Scan", "Parent Relationship": "Inner", "Relation Name": "supplier", "Alias": "supplier", "Startup Cost": 0.26, "Total Cost": 4.27, "Plan Rows": 1, "Plan Width": 12, "Recheck Cond": "(s_suppkey = lineitem.l_suppkey)", "Plans": [{"Node Type": "Bitmap Index Scan", "Parent Relationship": "Outer", "Index Name": "supplier_pkey", "Startup Cost": 0.0, "Total Cost": 0.26, "Plan Rows": 1, "Plan Width": 0, "Index Cond": "(s_suppkey = lineitem.l_suppkey)"}]}]}, {"Node Type": "Bitmap Heap Scan", "Parent Relationship": "Inner", "Relation Name": "nation", "Alias": "n2", "Startup Cost": 0.26, "Total Cost": 4.27, "Plan Rows": 1, "Plan Width": 30, "Recheck Cond": "(n_nationkey = supplier.s_nationkey)", "Plans": [{"Node Type": "Bitmap Index Scan", "Parent Relationship": "Outer", "Index Name": "nation_pkey", "Startup Cost": 0.0, "Total Cost": 0.26, "Plan Rows": 1, "Plan Width": 0, "Index Cond": "(n_nationkey = supplier.s_nationkey)"}]}]}]}]}, "Unique SQL Id": 3681808042, "Planner Runtime": 2}, "explain_analyze_plan": null}, "(1, 40)": {"explain_plan": {"Plan": {"Node Type": "Sort", "Startup Cost": 486630.31, "Total Cost": 486630.33, "Plan Rows": 10, "Plan Width": 50, "Sort Key": ["(date_part('year'::text, orders.o_orderdate))"], "Plans": [{"Node Type": "Aggregate", "Strategy": "Hashed", "Parent Relationship": "Outer", "Startup Cost": 486629.99, "Total Cost": 486630.14, "Plan Rows": 10, "Plan Width": 50, "Group By Key": ["date_part('year'::text, orders.o_orderdate)"], "Plans": [{"Node Type": "Hash Join", "Parent Relationship": "Outer", "Join Type": "Inner", "Startup Cost": 4536.12, "Total Cost": 486510.17, "Plan Rows": 5991, "Plan Width": 50, "Inner Unique": true, "Hash Cond": "(supplier.s_nationkey = n2.n_nationkey)", "Plans": [{"Node Type": "Nested Loop", "Parent Relationship": "Outer", "Join Type": "Inner", "Startup Cost": 4534.56, "Total Cost": 486417.81, "Plan Rows": 5991, "Plan Width": 28, "Inner Unique": false, "Join Filter": "(n1.n_regionkey = region.r_regionkey)", "Plans": [{"Node Type": "Seq Scan", "Parent Relationship": "Outer", "Relation Name": "region", "Alias": "region", "Startup Cost": 0.0, "Total Cost": 1.06, "Plan Rows": 1, "Plan Width": 4, "Filter": "(r_name = 'ASIA'::bpchar)"}, {"Node Type": "Hash Join", "Parent Relationship": "Inner", "Join Type": "Inner", "Startup Cost": 4534.56, "Total Cost": 486042.32, "Plan Rows": 29954, "Plan Width": 32, "Inner Unique": true, "Hash Cond": "(customer.c_nationkey = n1.n_nationkey)", "Plans": [{"Node Type": "Nested Loop", "Parent Relationship": "Outer", "Join Type": "Inner", "Startup Cost": 4533.0, "Total Cost": 485661.65, "Plan Rows": 29954, "Plan Width": 32, "Inner Unique": true, "Plans": [{"Node Type": "Hash Join", "Parent Relationship": "Outer", "Join Type": "Inner", "Startup Cost": 4533.0, "Total Cost": 469409.78, "Plan Rows": 51198, "Plan Width": 36, "Inner Unique": true, "Hash Cond": "(lineitem.l_suppkey = supplier.s_suppkey)", "Plans": [{"Node Type": "Nested Loop", "Parent Relationship": "Outer", "Join Type": "Inner", "Startup Cost": 0.0, "Total Cost": 464497.44, "Plan Rows": 86479, "Plan Width": 40, "Inner Unique": true, "Plans": [{"Node Type": "Nested Loop", "Parent Relationship": "Outer", "Join Type": "Inner", "Startup Cost": 0.0, "Total Cost": 441564.57, "Plan Rows": 74637, "Plan Width": 32, "Inner Unique": false, "Plans": [{"Node Type": "Seq Scan", "Parent Relationship": "Outer", "Relation Name": "part", "Alias": "part", "Startup Cost": 0.0, "Total Cost": 66944.0, "Plan Rows": 13538, "Plan Width": 8, "Filter": "((p_type)::text = 'SMALL PLATED COPPER'::text)"}, {"Node Type": "Index Scan", "Parent Relationship": "Inner", "Scan Direction": "Forward", "Index Name": "idx_lineitem_part_supp", "Relation Name": "lineitem", "Alias": "lineitem", "Startup Cost": 0.0, "Total Cost": 27.61, "Plan Rows": 6, "Plan Width": 40, "Index Cond": "(l_partkey = part.p_partkey)"}]}, {"Node Type": "Index Scan", "Parent Relationship": "Inner", "Scan Direction": "Forward", "Index Name": "orders_pkey", "Relation Name": "orders", "Alias": "orders", "Startup Cost": 0.0, "Total Cost": 0.3, "Plan Rows": 1, "Plan Width": 24, "Index Cond": "(o_orderkey = lineitem.l_orderkey)", "Filter": "((o_orderdate >= '1995-01-01 00:00:00'::timestamp(0) without time zone) AND (o_orderdate <= '1996-12-31 00:00:00'::timestamp(0) without time zone))"}]}, {"Node Type": "Hash", "Parent Relationship": "Inner", "Startup Cost": 3283.0, "Total Cost": 3283.0, "Plan Rows": 100000, "Plan Width": 12, "Plans": [{"Node Type": "Seq Scan", "Parent Relationship": "Outer", "Relation Name": "supplier", "Alias": "supplier", "Startup Cost": 0.0, "Total Cost": 3283.0, "Plan Rows": 100000, "Plan Width": 12}]}]}, {"Node Type": "Index Scan", "Parent Relationship": "Inner", "Scan Direction": "Forward", "Index Name": "customer_pkey", "Relation Name": "customer", "Alias": "customer", "Startup Cost": 0.0, "Total Cost": 0.31, "Plan Rows": 1, "Plan Width": 12, "Index Cond": "(c_custkey = orders.o_custkey)"}]}, {"Node Type": "Hash", "Parent Relationship": "Inner", "Startup Cost": 1.25, "Total Cost": 1.25, "Plan Rows": 25, "Plan Width": 8, "Plans": [{"Node Type": "Seq Scan", "Parent Relationship": "Outer", "Relation Name": "nation", "Alias": "n1", "Startup Cost": 0.0, "Total Cost": 1.25, "Plan Rows": 25, "Plan Width": 8}]}]}]}, {"Node Type": "Hash", "Parent Relationship": "Inner", "Startup Cost": 1.25, "Total Cost": 1.25, "Plan Rows": 25, "Plan Width": 30, "Plans": [{"Node Type": "Seq Scan", "Parent Relationship": "Outer", "Relation Name": "nation", "Alias": "n2", "Startup Cost": 0.0, "Total Cost": 1.25, "Plan Rows": 25, "Plan Width": 30}]}]}]}]}, "Unique SQL Id": 3681808042, "Planner Runtime": 3}, "explain_analyze_plan": {"Plan": {"Node Type": "Sort", "Startup Cost": 486630.31, "Total Cost": 486630.33, "Plan Rows": 10, "Plan Width": 50, "Actual Startup Time": 6875.429, "Actual Total Time": 6875.43, "Actual Rows": 2, "Actual Loops": 1, "Sort Key": ["(date_part('year'::text, orders.o_orderdate))"], "Sort Method": "quicksort", "Sort Space Used": 25, "Sort Space Type": "Memory", "Plans": [{"Node Type": "Aggregate", "Strategy": "Hashed", "Parent Relationship": "Outer", "Startup Cost": 486629.99, "Total Cost": 486630.14, "Plan Rows": 10, "Plan Width": 50, "Actual Startup Time": 6875.411, "Actual Total Time": 6875.412, "Actual Rows": 2, "Actual Loops": 1, "Group By Key": ["date_part('year'::text, orders.o_orderdate)"], "Plans": [{"Node Type": "Hash Join", "Parent Relationship": "Outer", "Join Type": "Inner", "Startup Cost": 4536.12, "Total Cost": 486510.17, "Plan Rows": 5991, "Plan Width": 50, "Actual Startup Time": 67.839, "Actual Total Time": 6836.987, "Actual Rows": 23929, "Actual Loops": 1, "Inner Unique": true, "Hash Cond": "(supplier.s_nationkey = n2.n_nationkey)", "Plans": [{"Node Type": "Nested Loop", "Parent Relationship": "Outer", "Join Type": "Inner", "Startup Cost": 4534.56, "Total Cost": 486417.81, "Plan Rows": 5991, "Plan Width": 28, "Actual Startup Time": 67.737, "Actual Total Time": 6803.424, "Actual Rows": 23929, "Actual Loops": 1, "Inner Unique": false, "Join Filter": "(n1.n_regionkey = region.r_regionkey)", "Rows Removed by Join Filter": 95836, "Plans": [{"Node Type": "Seq Scan", "Parent Relationship": "Outer", "Relation Name": "region", "Alias": "region", "Startup Cost": 0.0, "Total Cost": 1.06, "Plan Rows": 1, "Plan Width": 4, "Actual Startup Time": 0.011, "Actual Total Time": 0.015, "Actual Rows": 1, "Actual Loops": 1, "Filter": "(r_name = 'ASIA'::bpchar)", "Rows Removed by Filter": 4}, {"Node Type": "Hash Join", "Parent Relationship": "Inner", "Join Type": "Inner", "Startup Cost": 4534.56, "Total Cost": 486042.32, "Plan Rows": 29954, "Plan Width": 32, "Actual Startup Time": 67.489, "Actual Total Time": 6770.232, "Actual Rows": 119765, "Actual Loops": 1, "Inner Unique": true, "Hash Cond": "(customer.c_nationkey = n1.n_nationkey)", "Plans": [{"Node Type": "Nested Loop", "Parent Relationship": "Outer", "Join Type": "Inner", "Startup Cost": 4533.0, "Total Cost": 485661.65, "Plan Rows": 29954, "Plan Width": 32, "Actual Startup Time": 67.423, "Actual Total Time": 6700.524, "Actual Rows": 119765, "Actual Loops": 1, "Inner Unique": true, "Plans": [{"Node Type": "Hash Join", "Parent Relationship": "Outer", "Join Type": "Inner", "Startup Cost": 4533.0, "Total Cost": 469409.78, "Plan Rows": 51198, "Plan Width": 36, "Actual Startup Time": 67.385, "Actual Total Time": 5716.914, "Actual Rows": 119765, "Actual Loops": 1, "Inner Unique": true, "Hash Cond": "(lineitem.l_suppkey = supplier.s_suppkey)", "Plans": [{"Node Type": "Nested Loop", "Parent Relationship": "Outer", "Join Type": "Inner", "Startup Cost": 0.0, "Total Cost": 464497.44, "Plan Rows": 86479, "Plan Width": 40, "Actual Startup Time": 0.197, "Actual Total Time": 5569.342, "Actual Rows": 119765, "Actual Loops": 1, "Inner Unique": true, "Plans": [{"Node Type": "Nested Loop", "Parent Relationship": "Outer", "Join Type": "Inner", "Startup Cost": 0.0, "Total Cost": 441564.57, "Plan Rows": 74637, "Plan Width": 32, "Actual Startup Time": 0.046, "Actual Total Time": 2059.105, "Actual Rows": 395341, "Actual Loops": 1, "Inner Unique": false, "Plans": [{"Node Type": "Seq Scan", "Parent Relationship": "Outer", "Relation Name": "part", "Alias": "part", "Startup Cost": 0.0, "Total Cost": 66944.0, "Plan Rows": 13538, "Plan Width": 8, "Actual Startup Time": 0.022, "Actual Total Time": 777.589, "Actual Rows": 13163, "Actual Loops": 1, "Filter": "((p_type)::text = 'SMALL PLATED COPPER'::text)", "Rows Removed by Filter": 1986837}, {"Node Type": "Index Scan", "Parent Relationship": "Inner", "Scan Direction": "Forward", "Index Name": "idx_lineitem_part_supp", "Relation Name": "lineitem", "Alias": "lineitem", "Startup Cost": 0.0, "Total Cost": 27.61, "Plan Rows": 6, "Plan Width": 40, "Actual Startup Time": 154.187, "Actual Total Time": 1177.879, "Actual Rows": 395341, "Actual Loops": 13163, "Index Cond": "(l_partkey = part.p_partkey)", "Rows Removed by Index Recheck": 0}]}, {"Node Type": "Index Scan", "Parent Relationship": "Inner", "Scan Direction": "Forward", "Index Name": "orders_pkey", "Relation Name": "orders", "Alias": "orders", "Startup Cost": 0.0, "Total Cost": 0.3, "Plan Rows": 1, "Plan Width": 24, "Actual Startup Time": 3272.72, "Actual Total Time": 3272.72, "Actual Rows": 119765, "Actual Loops": 395341, "Index Cond": "(o_orderkey = lineitem.l_orderkey)", "Rows Removed by Index Recheck": 0, "Filter": "((o_orderdate >= '1995-01-01 00:00:00'::timestamp(0) without time zone) AND (o_orderdate <= '1996-12-31 00:00:00'::timestamp(0) without time zone))", "Rows Removed by Filter": 275576}]}, {"Node Type": "Hash", "Parent Relationship": "Inner", "Startup Cost": 3283.0, "Total Cost": 3283.0, "Plan Rows": 100000, "Plan Width": 12, "Actual Startup Time": 67.072, "Actual Total Time": 67.072, "Actual Rows": 100000, "Actual Loops": 1, "Hash Buckets": 131072, "Hash Batches": 1, "Original Hash Batches": 1, "Peak Memory Usage": 4297, "Plans": [{"Node Type": "Seq Scan", "Parent Relationship": "Outer", "Relation Name": "supplier", "Alias": "supplier", "Startup Cost": 0.0, "Total Cost": 3283.0, "Plan Rows": 100000, "Plan Width": 12, "Actual Startup Time": 0.016, "Actual Total Time": 39.717, "Actual Rows": 100000, "Actual Loops": 1}]}]}, {"Node Type": "Index Scan", "Parent Relationship": "Inner", "Scan Direction": "Forward", "Index Name": "customer_pkey", "Relation Name": "customer", "Alias": "customer", "Startup Cost": 0.0, "Total Cost": 0.31, "Plan Rows": 1, "Plan Width": 12, "Actual Startup Time": 873.567, "Actual Total Time": 873.567, "Actual Rows": 119765, "Actual Loops": 119765, "Index Cond": "(c_custkey = orders.o_custkey)", "Rows Removed by Index Recheck": 0}]}, {"Node Type": "Hash", "Parent Relationship": "Inner", "Startup Cost": 1.25, "Total Cost": 1.25, "Plan Rows": 25, "Plan Width": 8, "Actual Startup Time": 0.021, "Actual Total Time": 0.021, "Actual Rows": 25, "Actual Loops": 1, "Hash Buckets": 32768, "Hash Batches": 1, "Original Hash Batches": 1, "Peak Memory Usage": 1, "Plans": [{"Node Type": "Seq Scan", "Parent Relationship": "Outer", "Relation Name": "nation", "Alias": "n1", "Startup Cost": 0.0, "Total Cost": 1.25, "Plan Rows": 25, "Plan Width": 8, "Actual Startup Time": 0.008, "Actual Total Time": 0.014, "Actual Rows": 25, "Actual Loops": 1}]}]}]}, {"Node Type": "Hash", "Parent Relationship": "Inner", "Startup Cost": 1.25, "Total Cost": 1.25, "Plan Rows": 25, "Plan Width": 30, "Actual Startup Time": 0.038, "Actual Total Time": 0.038, "Actual Rows": 25, "Actual Loops": 1, "Hash Buckets": 32768, "Hash Batches": 1, "Original Hash Batches": 1, "Peak Memory Usage": 2, "Plans": [{"Node Type": "Seq Scan", "Parent Relationship": "Outer", "Relation Name": "nation", "Alias": "n2", "Startup Cost": 0.0, "Total Cost": 1.25, "Plan Rows": 25, "Plan Width": 30, "Actual Startup Time": 0.017, "Actual Total Time": 0.023, "Actual Rows": 25, "Actual Loops": 1}]}]}]}]}, "Triggers": [], "Planner Runtime": 3, "Total Runtime": 6875.883, "Unique SQL Id": 3681808042}}, "(1, 41)": {"explain_plan": {"Plan": {"Node Type": "Sort", "Startup Cost": 527575.13, "Total Cost": 527575.15, "Plan Rows": 10, "Plan Width": 50, "Sort Key": ["(date_part('year'::text, orders.o_orderdate))"], "Plans": [{"Node Type": "Aggregate", "Strategy": "Hashed", "Parent Relationship": "Outer", "Startup Cost": 527574.81, "Total Cost": 527574.96, "Plan Rows": 10, "Plan Width": 50, "Group By Key": ["date_part('year'::text, orders.o_orderdate)"], "Plans": [{"Node Type": "Hash Join", "Parent Relationship": "Outer", "Join Type": "Inner", "Startup Cost": 6610.42, "Total Cost": 527454.99, "Plan Rows": 5991, "Plan Width": 50, "Inner Unique": true, "Hash Cond": "(supplier.s_nationkey = n2.n_nationkey)", "Plans": [{"Node Type": "Nested Loop", "Parent Relationship": "Outer", "Join Type": "Inner", "Startup Cost": 6597.48, "Total Cost": 527351.25, "Plan Rows": 5991, "Plan Width": 28, "Inner Unique": false, "Join Filter": "(n1.n_regionkey = region.r_regionkey)", "Plans": [{"Node Type": "Index Scan", "Parent Relationship": "Outer", "Scan Direction": "Forward", "Index Name": "region_pkey", "Relation Name": "region", "Alias": "region", "Startup Cost": 0.0, "Total Cost": 12.34, "Plan Rows": 1, "Plan Width": 4, "Filter": "(r_name = 'ASIA'::bpchar)"}, {"Node Type": "Hash Join", "Parent Relationship": "Inner", "Join Type": "Inner", "Startup Cost": 6597.48, "Total Cost": 526964.49, "Plan Rows": 29954, "Plan Width": 32, "Inner Unique": true, "Hash Cond": "(customer.c_nationkey = n1.n_nationkey)", "Plans": [{"Node Type": "Nested Loop", "Parent Relationship": "Outer", "Join Type": "Inner", "Startup Cost": 6584.54, "Total Cost": 526572.45, "Plan Rows": 29954, "Plan Width": 32, "Inner Unique": true, "Plans": [{"Node Type": "Hash Join", "Parent Relationship": "Outer", "Join Type": "Inner", "Startup Cost": 6584.54, "Total Cost": 510320.57, "Plan Rows": 51198, "Plan Width": 36, "Inner Unique": true, "Hash Cond": "(lineitem.l_suppkey = supplier.s_suppkey)", "Plans": [{"Node Type": "Nested Loop", "Parent Relationship": "Outer", "Join Type": "Inner", "Startup Cost": 0.0, "Total Cost": 503356.69, "Plan Rows": 86479, "Plan Width": 40, "Inner Unique": true, "Plans": [{"Node Type": "Nested Loop", "Parent Relationship": "Outer", "Join Type": "Inner", "Startup Cost": 0.0, "Total Cost": 480423.82, "Plan Rows": 74637, "Plan Width": 32, "Inner Unique": false, "Plans": [{"Node Type": "Index Scan", "Parent Relationship": "Outer", "Scan Direction": "Forward", "Index Name": "part_kpey", "Relation Name": "part", "Alias": "part", "Startup Cost": 0.0, "Total Cost": 105803.25, "Plan Rows": 13538, "Plan Width": 8, "Filter": "((p_type)::text = 'SMALL PLATED COPPER'::text)"}, {"Node Type": "Index Scan", "Parent Relationship": "Inner", "Scan Direction": "Forward", "Index Name": "idx_lineitem_part_supp", "Relation Name": "lineitem", "Alias": "lineitem", "Startup Cost": 0.0, "Total Cost": 27.61, "Plan Rows": 6, "Plan Width": 40, "Index Cond": "(l_partkey = part.p_partkey)"}]}, {"Node Type": "Index Scan", "Parent Relationship": "Inner", "Scan Direction": "Forward", "Index Name": "orders_pkey", "Relation Name": "orders", "Alias": "orders", "Startup Cost": 0.0, "Total Cost": 0.3, "Plan Rows": 1, "Plan Width": 24, "Index Cond": "(o_orderkey = lineitem.l_orderkey)", "Filter": "((o_orderdate >= '1995-01-01 00:00:00'::timestamp(0) without time zone) AND (o_orderdate <= '1996-12-31 00:00:00'::timestamp(0) without time zone))"}]}, {"Node Type": "Hash", "Parent Relationship": "Inner", "Startup Cost": 5334.54, "Total Cost": 5334.54, "Plan Rows": 100000, "Plan Width": 12, "Plans": [{"Node Type": "Index Scan", "Parent Relationship": "Outer", "Scan Direction": "Forward", "Index Name": "supplier_pkey", "Relation Name": "supplier", "Alias": "supplier", "Startup Cost": 0.0, "Total Cost": 5334.54, "Plan Rows": 100000, "Plan Width": 12}]}]}, {"Node Type": "Index Scan", "Parent Relationship": "Inner", "Scan Direction": "Forward", "Index Name": "customer_pkey", "Relation Name": "customer", "Alias": "customer", "Startup Cost": 0.0, "Total Cost": 0.31, "Plan Rows": 1, "Plan Width": 12, "Index Cond": "(c_custkey = orders.o_custkey)"}]}, {"Node Type": "Hash", "Parent Relationship": "Inner", "Startup Cost": 12.62, "Total Cost": 12.62, "Plan Rows": 25, "Plan Width": 8, "Plans": [{"Node Type": "Index Scan", "Parent Relationship": "Outer", "Scan Direction": "Forward", "Index Name": "idx_nation_regionkey", "Relation Name": "nation", "Alias": "n1", "Startup Cost": 0.0, "Total Cost": 12.62, "Plan Rows": 25, "Plan Width": 8}]}]}]}, {"Node Type": "Hash", "Parent Relationship": "Inner", "Startup Cost": 12.62, "Total Cost": 12.62, "Plan Rows": 25, "Plan Width": 30, "Plans": [{"Node Type": "Index Scan", "Parent Relationship": "Outer", "Scan Direction": "Forward", "Index Name": "nation_pkey", "Relation Name": "nation", "Alias": "n2", "Startup Cost": 0.0, "Total Cost": 12.62, "Plan Rows": 25, "Plan Width": 30}]}]}]}]}, "Unique SQL Id": 3681808042, "Planner Runtime": 3}, "explain_analyze_plan": {"Plan": {"Node Type": "Sort", "Startup Cost": 527575.13, "Total Cost": 527575.15, "Plan Rows": 10, "Plan Width": 50, "Actual Startup Time": 7727.976, "Actual Total Time": 7727.976, "Actual Rows": 2, "Actual Loops": 1, "Sort Key": ["(date_part('year'::text, orders.o_orderdate))"], "Sort Method": "quicksort", "Sort Space Used": 25, "Sort Space Type": "Memory", "Plans": [{"Node Type": "Aggregate", "Strategy": "Hashed", "Parent Relationship": "Outer", "Startup Cost": 527574.81, "Total Cost": 527574.96, "Plan Rows": 10, "Plan Width": 50, "Actual Startup Time": 7727.96, "Actual Total Time": 7727.961, "Actual Rows": 2, "Actual Loops": 1, "Group By Key": ["date_part('year'::text, orders.o_orderdate)"], "Plans": [{"Node Type": "Hash Join", "Parent Relationship": "Outer", "Join Type": "Inner", "Startup Cost": 6610.42, "Total Cost": 527454.99, "Plan Rows": 5991, "Plan Width": 50, "Actual Startup Time": 110.43, "Actual Total Time": 7691.0, "Actual Rows": 23929, "Actual Loops": 1, "Inner Unique": true, "Hash Cond": "(supplier.s_nationkey = n2.n_nationkey)", "Plans": [{"Node Type": "Nested Loop", "Parent Relationship": "Outer", "Join Type": "Inner", "Startup Cost": 6597.48, "Total Cost": 527351.25, "Plan Rows": 5991, "Plan Width": 28, "Actual Startup Time": 110.344, "Actual Total Time": 7658.106, "Actual Rows": 23929, "Actual Loops": 1, "Inner Unique": false, "Join Filter": "(n1.n_regionkey = region.r_regionkey)", "Rows Removed by Join Filter": 95836, "Plans": [{"Node Type": "Index Scan", "Parent Relationship": "Outer", "Scan Direction": "Forward", "Index Name": "region_pkey", "Relation Name": "region", "Alias": "region", "Startup Cost": 0.0, "Total Cost": 12.34, "Plan Rows": 1, "Plan Width": 4, "Actual Startup Time": 0.008, "Actual Total Time": 0.028, "Actual Rows": 1, "Actual Loops": 1, "Filter": "(r_name = 'ASIA'::bpchar)", "Rows Removed by Filter": 4}, {"Node Type": "Hash Join", "Parent Relationship": "Inner", "Join Type": "Inner", "Startup Cost": 6597.48, "Total Cost": 526964.49, "Plan Rows": 29954, "Plan Width": 32, "Actual Startup Time": 110.097, "Actual Total Time": 7624.915, "Actual Rows": 119765, "Actual Loops": 1, "Inner Unique": true, "Hash Cond": "(customer.c_nationkey = n1.n_nationkey)", "Plans": [{"Node Type": "Nested Loop", "Parent Relationship": "Outer", "Join Type": "Inner", "Startup Cost": 6584.54, "Total Cost": 526572.45, "Plan Rows": 29954, "Plan Width": 32, "Actual Startup Time": 110.034, "Actual Total Time": 7556.275, "Actual Rows": 119765, "Actual Loops": 1, "Inner Unique": true, "Plans": [{"Node Type": "Hash Join", "Parent Relationship": "Outer", "Join Type": "Inner", "Startup Cost": 6584.54, "Total Cost": 510320.57, "Plan Rows": 51198, "Plan Width": 36, "Actual Startup Time": 110.002, "Actual Total Time": 6551.852, "Actual Rows": 119765, "Actual Loops": 1, "Inner Unique": true, "Hash Cond": "(lineitem.l_suppkey = supplier.s_suppkey)", "Plans": [{"Node Type": "Nested Loop", "Parent Relationship": "Outer", "Join Type": "Inner", "Startup Cost": 0.0, "Total Cost": 503356.69, "Plan Rows": 86479, "Plan Width": 40, "Actual Startup Time": 0.168, "Actual Total Time": 6360.928, "Actual Rows": 119765, "Actual Loops": 1, "Inner Unique": true, "Plans": [{"Node Type": "Nested Loop", "Parent Relationship": "Outer", "Join Type": "Inner", "Startup Cost": 0.0, "Total Cost": 480423.82, "Plan Rows": 74637, "Plan Width": 32, "Actual Startup Time": 0.043, "Actual Total Time": 2756.88, "Actual Rows": 395341, "Actual Loops": 1, "Inner Unique": false, "Plans": [{"Node Type": "Index Scan", "Parent Relationship": "Outer", "Scan Direction": "Forward", "Index Name": "part_kpey", "Relation Name": "part", "Alias": "part", "Startup Cost": 0.0, "Total Cost": 105803.25, "Plan Rows": 13538, "Plan Width": 8, "Actual Startup Time": 0.027, "Actual Total Time": 1456.254, "Actual Rows": 13163, "Actual Loops": 1, "Filter": "((p_type)::text = 'SMALL PLATED COPPER'::text)", "Rows Removed by Filter": 1986837}, {"Node Type": "Index Scan", "Parent Relationship": "Inner", "Scan Direction": "Forward", "Index Name": "idx_lineitem_part_supp", "Relation Name": "lineitem", "Alias": "lineitem", "Startup Cost": 0.0, "Total Cost": 27.61, "Plan Rows": 6, "Plan Width": 40, "Actual Startup Time": 157.07, "Actual Total Time": 1199.429, "Actual Rows": 395341, "Actual Loops": 13163, "Index Cond": "(l_partkey = part.p_partkey)", "Rows Removed by Index Recheck": 0}]}, {"Node Type": "Index Scan", "Parent Relationship": "Inner", "Scan Direction": "Forward", "Index Name": "orders_pkey", "Relation Name": "orders", "Alias": "orders", "Startup Cost": 0.0, "Total Cost": 0.3, "Plan Rows": 1, "Plan Width": 24, "Actual Startup Time": 3362.86, "Actual Total Time": 3362.86, "Actual Rows": 119765, "Actual Loops": 395341, "Index Cond": "(o_orderkey = lineitem.l_orderkey)", "Rows Removed by Index Recheck": 0, "Filter": "((o_orderdate >= '1995-01-01 00:00:00'::timestamp(0) without time zone) AND (o_orderdate <= '1996-12-31 00:00:00'::timestamp(0) without time zone))", "Rows Removed by Filter": 275576}]}, {"Node Type": "Hash", "Parent Relationship": "Inner", "Startup Cost": 5334.54, "Total Cost": 5334.54, "Plan Rows": 100000, "Plan Width": 12, "Actual Startup Time": 109.726, "Actual Total Time": 109.726, "Actual Rows": 100000, "Actual Loops": 1, "Hash Buckets": 131072, "Hash Batches": 1, "Original Hash Batches": 1, "Peak Memory Usage": 4297, "Plans": [{"Node Type": "Index Scan", "Parent Relationship": "Outer", "Scan Direction": "Forward", "Index Name": "supplier_pkey", "Relation Name": "supplier", "Alias": "supplier", "Startup Cost": 0.0, "Total Cost": 5334.54, "Plan Rows": 100000, "Plan Width": 12, "Actual Startup Time": 0.02, "Actual Total Time": 82.233, "Actual Rows": 100000, "Actual Loops": 1}]}]}, {"Node Type": "Index Scan", "Parent Relationship": "Inner", "Scan Direction": "Forward", "Index Name": "customer_pkey", "Relation Name": "customer", "Alias": "customer", "Startup Cost": 0.0, "Total Cost": 0.31, "Plan Rows": 1, "Plan Width": 12, "Actual Startup Time": 896.276, "Actual Total Time": 896.276, "Actual Rows": 119765, "Actual Loops": 119765, "Index Cond": "(c_custkey = orders.o_custkey)", "Rows Removed by Index Recheck": 0}]}, {"Node Type": "Hash", "Parent Relationship": "Inner", "Startup Cost": 12.62, "Total Cost": 12.62, "Plan Rows": 25, "Plan Width": 8, "Actual Startup Time": 0.026, "Actual Total Time": 0.026, "Actual Rows": 25, "Actual Loops": 1, "Hash Buckets": 32768, "Hash Batches": 1, "Original Hash Batches": 1, "Peak Memory Usage": 1, "Plans": [{"Node Type": "Index Scan", "Parent Relationship": "Outer", "Scan Direction": "Forward", "Index Name": "idx_nation_regionkey", "Relation Name": "nation", "Alias": "n1", "Startup Cost": 0.0, "Total Cost": 12.62, "Plan Rows": 25, "Plan Width": 8, "Actual Startup Time": 0.006, "Actual Total Time": 0.016, "Actual Rows": 25, "Actual Loops": 1}]}]}]}, {"Node Type": "Hash", "Parent Relationship": "Inner", "Startup Cost": 12.62, "Total Cost": 12.62, "Plan Rows": 25, "Plan Width": 30, "Actual Startup Time": 0.035, "Actual Total Time": 0.035, "Actual Rows": 25, "Actual Loops": 1, "Hash Buckets": 32768, "Hash Batches": 1, "Original Hash Batches": 1, "Peak Memory Usage": 2, "Plans": [{"Node Type": "Index Scan", "Parent Relationship": "Outer", "Scan Direction": "Forward", "Index Name": "nation_pkey", "Relation Name": "nation", "Alias": "n2", "Startup Cost": 0.0, "Total Cost": 12.62, "Plan Rows": 25, "Plan Width": 30, "Actual Startup Time": 0.009, "Actual Total Time": 0.02, "Actual Rows": 25, "Actual Loops": 1}]}]}]}]}, "Triggers": [], "Planner Runtime": 3, "Total Runtime": 7728.406, "Unique SQL Id": 3681808042}}, "(1, 42)": {"explain_plan": {"Plan": {"Node Type": "Sort", "Startup Cost": 2909305.92, "Total Cost": 2909305.94, "Plan Rows": 10, "Plan Width": 50, "Sort Key": ["(date_part('year'::text, orders.o_orderdate))"], "Plans": [{"Node Type": "Aggregate", "Strategy": "Hashed", "Parent Relationship": "Outer", "Startup Cost": 2909305.6, "Total Cost": 2909305.75, "Plan Rows": 10, "Plan Width": 50, "Group By Key": ["date_part('year'::text, orders.o_orderdate)"], "Plans": [{"Node Type": "Nested Loop", "Parent Relationship": "Outer", "Join Type": "Inner", "Startup Cost": 664846.82, "Total Cost": 2909185.78, "Plan Rows": 5991, "Plan Width": 50, "Inner Unique": true, "Join Filter": "(supplier.s_nationkey = n2.n_nationkey)", "Plans": [{"Node Type": "Hash Join", "Parent Relationship": "Outer", "Join Type": "Inner", "Startup Cost": 664846.82, "Total Cost": 2906922.86, "Plan Rows": 5991, "Plan Width": 28, "Inner Unique": true, "Hash Cond": "(lineitem.l_suppkey = supplier.s_suppkey)", "Plans": [{"Node Type": "Hash Join", "Parent Relationship": "Outer", "Join Type": "Inner", "Startup Cost": 660313.82, "Total Cost": 2902243.54, "Plan Rows": 17296, "Plan Width": 32, "Inner Unique": false, "Hash Cond": "(lineitem.l_orderkey = orders.o_orderkey)", "Plans": [{"Node Type": "Hash Join", "Parent Relationship": "Outer", "Join Type": "Inner", "Startup Cost": 67113.23, "Total Cost": 2307926.3, "Plan Rows": 74637, "Plan Width": 32, "Inner Unique": true, "Hash Cond": "(lineitem.l_partkey = part.p_partkey)", "Plans": [{"Node Type": "Seq Scan", "Parent Relationship": "Outer", "Relation Name": "lineitem", "Alias": "lineitem", "Startup Cost": 0.0, "Total Cost": 2015115.33, "Plan Rows": 59987033, "Plan Width": 40}, {"Node Type": "Hash", "Parent Relationship": "Inner", "Startup Cost": 66944.0, "Total Cost": 66944.0, "Plan Rows": 13538, "Plan Width": 8, "Plans": [{"Node Type": "Seq Scan", "Parent Relationship": "Outer", "Relation Name": "part", "Alias": "part", "Startup Cost": 0.0, "Total Cost": 66944.0, "Plan Rows": 13538, "Plan Width": 8, "Filter": "((p_type)::text = 'SMALL PLATED COPPER'::text)"}]}]}, {"Node Type": "Hash", "Parent Relationship": "Inner", "Startup Cost": 586571.9, "Total Cost": 586571.9, "Plan Rows": 530296, "Plan Width": 16, "Plans": [{"Node Type": "Hash Join", "Parent Relationship": "Outer", "Join Type": "Inner", "Startup Cost": 63058.88, "Total Cost": 586571.9, "Plan Rows": 530296, "Plan Width": 16, "Inner Unique": false, "Hash Cond": "(orders.o_custkey = customer.c_custkey), (LLVM Optimized)", "Plans": [{"Node Type": "Seq Scan", "Parent Relationship": "Outer", "Relation Name": "orders", "Alias": "orders", "Startup Cost": 196.01, "Total Cost": 501411.18, "Plan Rows": 4531967, "Plan Width": 24, "Filter": "((o_orderdate >= '1995-01-01 00:00:00'::timestamp(0) without time zone) AND (o_orderdate <= '1996-12-31 00:00:00'::timestamp(0) without time zone)), (LLVM Optimized)"}, {"Node Type": "Hash", "Parent Relationship": "Inner", "Startup Cost": 59112.88, "Total Cost": 59112.88, "Plan Rows": 300000, "Plan Width": 8, "Plans": [{"Node Type": "Hash Join", "Parent Relationship": "Outer", "Join Type": "Inner", "Startup Cost": 2.5, "Total Cost": 59112.88, "Plan Rows": 300000, "Plan Width": 8, "Inner Unique": false, "Hash Cond": "(customer.c_nationkey = n1.n_nationkey), (LLVM Optimized)", "Plans": [{"Node Type": "Seq Scan", "Parent Relationship": "Outer", "Relation Name": "customer", "Alias": "customer", "Startup Cost": 0.0, "Total Cost": 52126.0, "Plan Rows": 1500000, "Plan Width": 12}, {"Node Type": "Hash", "Parent Relationship": "Inner", "Startup Cost": 2.44, "Total Cost": 2.44, "Plan Rows": 5, "Plan Width": 4, "Plans": [{"Node Type": "Hash Join", "Parent Relationship": "Outer", "Join Type": "Inner", "Startup Cost": 1.07, "Total Cost": 2.44, "Plan Rows": 5, "Plan Width": 4, "Inner Unique": true, "Hash Cond": "(n1.n_regionkey = region.r_regionkey)", "Plans": [{"Node Type": "Seq Scan", "Parent Relationship": "Outer", "Relation Name": "nation", "Alias": "n1", "Startup Cost": 0.0, "Total Cost": 1.25, "Plan Rows": 25, "Plan Width": 8}, {"Node Type": "Hash", "Parent Relationship": "Inner", "Startup Cost": 1.06, "Total Cost": 1.06, "Plan Rows": 1, "Plan Width": 4, "Plans": [{"Node Type": "Seq Scan", "Parent Relationship": "Outer", "Relation Name": "region", "Alias": "region", "Startup Cost": 0.0, "Total Cost": 1.06, "Plan Rows": 1, "Plan Width": 4, "Filter": "(r_name = 'ASIA'::bpchar)"}]}]}]}]}]}]}]}]}, {"Node Type": "Hash", "Parent Relationship": "Inner", "Startup Cost": 3283.0, "Total Cost": 3283.0, "Plan Rows": 100000, "Plan Width": 12, "Plans": [{"Node Type": "Seq Scan", "Parent Relationship": "Outer", "Relation Name": "supplier", "Alias": "supplier", "Startup Cost": 0.0, "Total Cost": 3283.0, "Plan Rows": 100000, "Plan Width": 12}]}]}, {"Node Type": "Materialize", "Parent Relationship": "Inner", "Startup Cost": 0.0, "Total Cost": 1.38, "Plan Rows": 25, "Plan Width": 30, "Plans": [{"Node Type": "Seq Scan", "Parent Relationship": "Outer", "Relation Name": "nation", "Alias": "n2", "Startup Cost": 0.0, "Total Cost": 1.25, "Plan Rows": 25, "Plan Width": 30}]}]}]}]}, "Unique SQL Id": 3681808042, "Planner Runtime": 3}, "explain_analyze_plan": null}, "(1, 43)": {"explain_plan": {"Plan": {"Node Type": "Sort", "Startup Cost": 8018177364726.43, "Total Cost": 8018177364726.46, "Plan Rows": 10, "Plan Width": 50, "Sort Key": ["(date_part('year'::text, orders.o_orderdate))"], "Plans": [{"Node Type": "Aggregate", "Strategy": "Hashed", "Parent Relationship": "Outer", "Startup Cost": 8018177364726.12, "Total Cost": 8018177364726.27, "Plan Rows": 10, "Plan Width": 50, "Group By Key": ["date_part('year'::text, orders.o_orderdate)"], "Plans": [{"Node Type": "Nested Loop", "Parent Relationship": "Outer", "Join Type": "Inner", "Startup Cost": 80000000000.0, "Total Cost": 8018177364380.2, "Plan Rows": 17296, "Plan Width": 50, "Inner Unique": false, "Join Filter": "(supplier.s_suppkey = lineitem.l_suppkey)", "Plans": [{"Node Type": "Nested Loop", "Parent Relationship": "Outer", "Join Type": "Inner", "Startup Cost": 20000000000.0, "Total Cost": 2000000572216.94, "Plan Rows": 100000, "Plan Width": 34, "Inner Unique": true, "Join Filter": "(supplier.s_nationkey = n2.n_nationkey), (LLVM Optimized)", "Plans": [{"Node Type": "Index Scan", "Parent Relationship": "Outer", "Scan Direction": "Forward", "Index Name": "supplier_pkey", "Relation Name": "supplier", "Alias": "supplier", "Startup Cost": 10000000000.0, "Total Cost": 1000000533454.38, "Plan Rows": 100000, "Plan Width": 12}, {"Node Type": "Materialize", "Parent Relationship": "Inner", "Startup Cost": 10000000000.0, "Total Cost": 1000000001262.62, "Plan Rows": 25, "Plan Width": 30, "Plans": [{"Node Type": "Index Scan", "Parent Relationship": "Outer", "Scan Direction": "Forward", "Index Name": "nation_pkey", "Relation Name": "nation", "Alias": "n2", "Startup Cost": 10000000000.0, "Total Cost": 1000000001262.5, "Plan Rows": 25, "Plan Width": 30}]}]}, {"Node Type": "Materialize", "Parent Relationship": "Inner", "Startup Cost": 60000000000.0, "Total Cost": 6018150848163.26, "Plan Rows": 17296, "Plan Width": 32, "Plans": [{"Node Type": "Nested Loop", "Parent Relationship": "Outer", "Join Type": "Inner", "Startup Cost": 60000000000.0, "Total Cost": 6018150848076.78, "Plan Rows": 17296, "Plan Width": 32, "Inner Unique": false, "Join Filter": "(orders.o_custkey = customer.c_custkey)", "Plans": [{"Node Type": "Nested Loop", "Parent Relationship": "Outer", "Join Type": "Inner", "Startup Cost": 30000000000.0, "Total Cost": 3017753500294.51, "Plan Rows": 86479, "Plan Width": 40, "Inner Unique": false, "Join Filter": "(lineitem.l_orderkey = orders.o_orderkey)", "Plans": [{"Node Type": "Index Scan", "Parent Relationship": "Outer", "Scan Direction": "Forward", "Index Name": "idx_orders_custkey", "Relation Name": "orders", "Alias": "orders", "Startup Cost": 10000000000.0, "Total Cost": 1000163551268.58, "Plan Rows": 4531967, "Plan Width": 24, "Filter": "((o_orderdate >= '1995-01-01 00:00:00'::timestamp(0) without time zone) AND (o_orderdate <= '1996-12-31 00:00:00'::timestamp(0) without time zone)), (LLVM Optimized)"}, {"Node Type": "Materialize", "Parent Relationship": "Inner", "Startup Cost": 20000000000.0, "Total Cost": 2012516162897.84, "Plan Rows": 74637, "Plan Width": 32, "Plans": [{"Node Type": "Nested Loop", "Parent Relationship": "Outer", "Join Type": "Inner", "Startup Cost": 20000000000.0, "Total Cost": 2012516162524.66, "Plan Rows": 74637, "Plan Width": 32, "Inner Unique": true, "Join Filter": "(part.p_partkey = lineitem.l_partkey)", "Plans": [{"Node Type": "Index Scan", "Parent Relationship": "Outer", "Scan Direction": "Forward", "Index Name": "idx_lineitem_orderkey", "Relation Name": "lineitem", "Alias": "lineitem", "Startup Cost": 10000000000.0, "Total Cost": 1000324015374.5, "Plan Rows": 59987033, "Plan Width": 40}, {"Node Type": "Materialize", "Parent Relationship": "Inner", "Startup Cost": 10000000000.0, "Total Cost": 1000010580392.69, "Plan Rows": 13538, "Plan Width": 8, "Plans": [{"Node Type": "Index Scan", "Parent Relationship": "Outer", "Scan Direction": "Forward", "Index Name": "part_kpey", "Relation Name": "part", "Alias": "part", "Startup Cost": 10000000000.0, "Total Cost": 1000010580325.0, "Plan Rows": 13538, "Plan Width": 8, "Filter": "((p_type)::text = 'SMALL PLATED COPPER'::text)"}]}]}]}]}, {"Node Type": "Materialize", "Parent Relationship": "Inner", "Startup Cost": 30000000000.0, "Total Cost": 3000008193032.26, "Plan Rows": 300000, "Plan Width": 8, "Plans": [{"Node Type": "Nested Loop", "Parent Relationship": "Outer", "Join Type": "Inner", "Startup Cost": 30000000000.0, "Total Cost": 3000008191532.26, "Plan Rows": 300000, "Plan Width": 8, "Inner Unique": false, "Join Filter": "(n1.n_nationkey = customer.c_nationkey), (LLVM Optimized)", "Plans": [{"Node Type": "Index Scan", "Parent Relationship": "Outer", "Scan Direction": "Forward", "Index Name": "customer_pkey", "Relation Name": "customer", "Alias": "customer", "Startup Cost": 10000000000.0, "Total Cost": 1000008076535.62, "Plan Rows": 1500000, "Plan Width": 12}, {"Node Type": "Materialize", "Parent Relationship": "Inner", "Startup Cost": 20000000000.0, "Total Cost": 2000000002496.65, "Plan Rows": 5, "Plan Width": 4, "Plans": [{"Node Type": "Nested Loop", "Parent Relationship": "Outer", "Join Type": "Inner", "Startup Cost": 20000000000.0, "Total Cost": 2000000002496.63, "Plan Rows": 5, "Plan Width": 4, "Inner Unique": true, "Join Filter": "(n1.n_regionkey = region.r_regionkey)", "Plans": [{"Node Type": "Index Scan", "Parent Relationship": "Outer", "Scan Direction": "Forward", "Index Name": "nation_pkey", "Relation Name": "nation", "Alias": "n1", "Startup Cost": 10000000000.0, "Total Cost": 1000000001262.5, "Plan Rows": 25, "Plan Width": 8}, {"Node Type": "Materialize", "Parent Relationship": "Inner", "Startup Cost": 10000000000.0, "Total Cost": 1000000001233.76, "Plan Rows": 1, "Plan Width": 4, "Plans": [{"Node Type": "Index Scan", "Parent Relationship": "Outer", "Scan Direction": "Forward", "Index Name": "region_pkey", "Relation Name": "region", "Alias": "region", "Startup Cost": 10000000000.0, "Total Cost": 1000000001233.75, "Plan Rows": 1, "Plan Width": 4, "Filter": "(r_name = 'ASIA'::bpchar)"}]}]}]}]}]}]}]}]}]}]}, "Unique SQL Id": 3681808042, "Planner Runtime": 3}, "explain_analyze_plan": null}, "(1, 44)": {"explain_plan": {"Plan": {"Node Type": "Sort", "Startup Cost": 486630.31, "Total Cost": 486630.33, "Plan Rows": 10, "Plan Width": 50, "Sort Key": ["(date_part('year'::text, orders.o_orderdate))"], "Plans": [{"Node Type": "Aggregate", "Strategy": "Hashed", "Parent Relationship": "Outer", "Startup Cost": 486629.99, "Total Cost": 486630.14, "Plan Rows": 10, "Plan Width": 50, "Group By Key": ["date_part('year'::text, orders.o_orderdate)"], "Plans": [{"Node Type": "Hash Join", "Parent Relationship": "Outer", "Join Type": "Inner", "Startup Cost": 4536.12, "Total Cost": 486510.17, "Plan Rows": 5991, "Plan Width": 50, "Inner Unique": true, "Hash Cond": "(supplier.s_nationkey = n2.n_nationkey)", "Plans": [{"Node Type": "Nested Loop", "Parent Relationship": "Outer", "Join Type": "Inner", "Startup Cost": 4534.56, "Total Cost": 486417.81, "Plan Rows": 5991, "Plan Width": 28, "Inner Unique": false, "Join Filter": "(n1.n_regionkey = region.r_regionkey)", "Plans": [{"Node Type": "Seq Scan", "Parent Relationship": "Outer", "Relation Name": "region", "Alias": "region", "Startup Cost": 0.0, "Total Cost": 1.06, "Plan Rows": 1, "Plan Width": 4, "Filter": "(r_name = 'ASIA'::bpchar)"}, {"Node Type": "Hash Join", "Parent Relationship": "Inner", "Join Type": "Inner", "Startup Cost": 4534.56, "Total Cost": 486042.32, "Plan Rows": 29954, "Plan Width": 32, "Inner Unique": true, "Hash Cond": "(customer.c_nationkey = n1.n_nationkey)", "Plans": [{"Node Type": "Nested Loop", "Parent Relationship": "Outer", "Join Type": "Inner", "Startup Cost": 4533.0, "Total Cost": 485661.65, "Plan Rows": 29954, "Plan Width": 32, "Inner Unique": true, "Plans": [{"Node Type": "Hash Join", "Parent Relationship": "Outer", "Join Type": "Inner", "Startup Cost": 4533.0, "Total Cost": 469409.78, "Plan Rows": 51198, "Plan Width": 36, "Inner Unique": true, "Hash Cond": "(lineitem.l_suppkey = supplier.s_suppkey)", "Plans": [{"Node Type": "Nested Loop", "Parent Relationship": "Outer", "Join Type": "Inner", "Startup Cost": 0.0, "Total Cost": 464497.44, "Plan Rows": 86479, "Plan Width": 40, "Inner Unique": true, "Plans": [{"Node Type": "Nested Loop", "Parent Relationship": "Outer", "Join Type": "Inner", "Startup Cost": 0.0, "Total Cost": 441564.57, "Plan Rows": 74637, "Plan Width": 32, "Inner Unique": false, "Plans": [{"Node Type": "Seq Scan", "Parent Relationship": "Outer", "Relation Name": "part", "Alias": "part", "Startup Cost": 0.0, "Total Cost": 66944.0, "Plan Rows": 13538, "Plan Width": 8, "Filter": "((p_type)::text = 'SMALL PLATED COPPER'::text)"}, {"Node Type": "Index Scan", "Parent Relationship": "Inner", "Scan Direction": "Forward", "Index Name": "idx_lineitem_part_supp", "Relation Name": "lineitem", "Alias": "lineitem", "Startup Cost": 0.0, "Total Cost": 27.61, "Plan Rows": 6, "Plan Width": 40, "Index Cond": "(l_partkey = part.p_partkey)"}]}, {"Node Type": "Index Scan", "Parent Relationship": "Inner", "Scan Direction": "Forward", "Index Name": "orders_pkey", "Relation Name": "orders", "Alias": "orders", "Startup Cost": 0.0, "Total Cost": 0.3, "Plan Rows": 1, "Plan Width": 24, "Index Cond": "(o_orderkey = lineitem.l_orderkey)", "Filter": "((o_orderdate >= '1995-01-01 00:00:00'::timestamp(0) without time zone) AND (o_orderdate <= '1996-12-31 00:00:00'::timestamp(0) without time zone))"}]}, {"Node Type": "Hash", "Parent Relationship": "Inner", "Startup Cost": 3283.0, "Total Cost": 3283.0, "Plan Rows": 100000, "Plan Width": 12, "Plans": [{"Node Type": "Seq Scan", "Parent Relationship": "Outer", "Relation Name": "supplier", "Alias": "supplier", "Startup Cost": 0.0, "Total Cost": 3283.0, "Plan Rows": 100000, "Plan Width": 12}]}]}, {"Node Type": "Index Scan", "Parent Relationship": "Inner", "Scan Direction": "Forward", "Index Name": "customer_pkey", "Relation Name": "customer", "Alias": "customer", "Startup Cost": 0.0, "Total Cost": 0.31, "Plan Rows": 1, "Plan Width": 12, "Index Cond": "(c_custkey = orders.o_custkey)"}]}, {"Node Type": "Hash", "Parent Relationship": "Inner", "Startup Cost": 1.25, "Total Cost": 1.25, "Plan Rows": 25, "Plan Width": 8, "Plans": [{"Node Type": "Seq Scan", "Parent Relationship": "Outer", "Relation Name": "nation", "Alias": "n1", "Startup Cost": 0.0, "Total Cost": 1.25, "Plan Rows": 25, "Plan Width": 8}]}]}]}, {"Node Type": "Hash", "Parent Relationship": "Inner", "Startup Cost": 1.25, "Total Cost": 1.25, "Plan Rows": 25, "Plan Width": 30, "Plans": [{"Node Type": "Seq Scan", "Parent Relationship": "Outer", "Relation Name": "nation", "Alias": "n2", "Startup Cost": 0.0, "Total Cost": 1.25, "Plan Rows": 25, "Plan Width": 30}]}]}]}]}, "Unique SQL Id": 3681808042, "Planner Runtime": 3}, "explain_analyze_plan": {"Plan": {"Node Type": "Sort", "Startup Cost": 486630.31, "Total Cost": 486630.33, "Plan Rows": 10, "Plan Width": 50, "Actual Startup Time": 6875.429, "Actual Total Time": 6875.43, "Actual Rows": 2, "Actual Loops": 1, "Sort Key": ["(date_part('year'::text, orders.o_orderdate))"], "Sort Method": "quicksort", "Sort Space Used": 25, "Sort Space Type": "Memory", "Plans": [{"Node Type": "Aggregate", "Strategy": "Hashed", "Parent Relationship": "Outer", "Startup Cost": 486629.99, "Total Cost": 486630.14, "Plan Rows": 10, "Plan Width": 50, "Actual Startup Time": 6875.411, "Actual Total Time": 6875.412, "Actual Rows": 2, "Actual Loops": 1, "Group By Key": ["date_part('year'::text, orders.o_orderdate)"], "Plans": [{"Node Type": "Hash Join", "Parent Relationship": "Outer", "Join Type": "Inner", "Startup Cost": 4536.12, "Total Cost": 486510.17, "Plan Rows": 5991, "Plan Width": 50, "Actual Startup Time": 67.839, "Actual Total Time": 6836.987, "Actual Rows": 23929, "Actual Loops": 1, "Inner Unique": true, "Hash Cond": "(supplier.s_nationkey = n2.n_nationkey)", "Plans": [{"Node Type": "Nested Loop", "Parent Relationship": "Outer", "Join Type": "Inner", "Startup Cost": 4534.56, "Total Cost": 486417.81, "Plan Rows": 5991, "Plan Width": 28, "Actual Startup Time": 67.737, "Actual Total Time": 6803.424, "Actual Rows": 23929, "Actual Loops": 1, "Inner Unique": false, "Join Filter": "(n1.n_regionkey = region.r_regionkey)", "Rows Removed by Join Filter": 95836, "Plans": [{"Node Type": "Seq Scan", "Parent Relationship": "Outer", "Relation Name": "region", "Alias": "region", "Startup Cost": 0.0, "Total Cost": 1.06, "Plan Rows": 1, "Plan Width": 4, "Actual Startup Time": 0.011, "Actual Total Time": 0.015, "Actual Rows": 1, "Actual Loops": 1, "Filter": "(r_name = 'ASIA'::bpchar)", "Rows Removed by Filter": 4}, {"Node Type": "Hash Join", "Parent Relationship": "Inner", "Join Type": "Inner", "Startup Cost": 4534.56, "Total Cost": 486042.32, "Plan Rows": 29954, "Plan Width": 32, "Actual Startup Time": 67.489, "Actual Total Time": 6770.232, "Actual Rows": 119765, "Actual Loops": 1, "Inner Unique": true, "Hash Cond": "(customer.c_nationkey = n1.n_nationkey)", "Plans": [{"Node Type": "Nested Loop", "Parent Relationship": "Outer", "Join Type": "Inner", "Startup Cost": 4533.0, "Total Cost": 485661.65, "Plan Rows": 29954, "Plan Width": 32, "Actual Startup Time": 67.423, "Actual Total Time": 6700.524, "Actual Rows": 119765, "Actual Loops": 1, "Inner Unique": true, "Plans": [{"Node Type": "Hash Join", "Parent Relationship": "Outer", "Join Type": "Inner", "Startup Cost": 4533.0, "Total Cost": 469409.78, "Plan Rows": 51198, "Plan Width": 36, "Actual Startup Time": 67.385, "Actual Total Time": 5716.914, "Actual Rows": 119765, "Actual Loops": 1, "Inner Unique": true, "Hash Cond": "(lineitem.l_suppkey = supplier.s_suppkey)", "Plans": [{"Node Type": "Nested Loop", "Parent Relationship": "Outer", "Join Type": "Inner", "Startup Cost": 0.0, "Total Cost": 464497.44, "Plan Rows": 86479, "Plan Width": 40, "Actual Startup Time": 0.197, "Actual Total Time": 5569.342, "Actual Rows": 119765, "Actual Loops": 1, "Inner Unique": true, "Plans": [{"Node Type": "Nested Loop", "Parent Relationship": "Outer", "Join Type": "Inner", "Startup Cost": 0.0, "Total Cost": 441564.57, "Plan Rows": 74637, "Plan Width": 32, "Actual Startup Time": 0.046, "Actual Total Time": 2059.105, "Actual Rows": 395341, "Actual Loops": 1, "Inner Unique": false, "Plans": [{"Node Type": "Seq Scan", "Parent Relationship": "Outer", "Relation Name": "part", "Alias": "part", "Startup Cost": 0.0, "Total Cost": 66944.0, "Plan Rows": 13538, "Plan Width": 8, "Actual Startup Time": 0.022, "Actual Total Time": 777.589, "Actual Rows": 13163, "Actual Loops": 1, "Filter": "((p_type)::text = 'SMALL PLATED COPPER'::text)", "Rows Removed by Filter": 1986837}, {"Node Type": "Index Scan", "Parent Relationship": "Inner", "Scan Direction": "Forward", "Index Name": "idx_lineitem_part_supp", "Relation Name": "lineitem", "Alias": "lineitem", "Startup Cost": 0.0, "Total Cost": 27.61, "Plan Rows": 6, "Plan Width": 40, "Actual Startup Time": 154.187, "Actual Total Time": 1177.879, "Actual Rows": 395341, "Actual Loops": 13163, "Index Cond": "(l_partkey = part.p_partkey)", "Rows Removed by Index Recheck": 0}]}, {"Node Type": "Index Scan", "Parent Relationship": "Inner", "Scan Direction": "Forward", "Index Name": "orders_pkey", "Relation Name": "orders", "Alias": "orders", "Startup Cost": 0.0, "Total Cost": 0.3, "Plan Rows": 1, "Plan Width": 24, "Actual Startup Time": 3272.72, "Actual Total Time": 3272.72, "Actual Rows": 119765, "Actual Loops": 395341, "Index Cond": "(o_orderkey = lineitem.l_orderkey)", "Rows Removed by Index Recheck": 0, "Filter": "((o_orderdate >= '1995-01-01 00:00:00'::timestamp(0) without time zone) AND (o_orderdate <= '1996-12-31 00:00:00'::timestamp(0) without time zone))", "Rows Removed by Filter": 275576}]}, {"Node Type": "Hash", "Parent Relationship": "Inner", "Startup Cost": 3283.0, "Total Cost": 3283.0, "Plan Rows": 100000, "Plan Width": 12, "Actual Startup Time": 67.072, "Actual Total Time": 67.072, "Actual Rows": 100000, "Actual Loops": 1, "Hash Buckets": 131072, "Hash Batches": 1, "Original Hash Batches": 1, "Peak Memory Usage": 4297, "Plans": [{"Node Type": "Seq Scan", "Parent Relationship": "Outer", "Relation Name": "supplier", "Alias": "supplier", "Startup Cost": 0.0, "Total Cost": 3283.0, "Plan Rows": 100000, "Plan Width": 12, "Actual Startup Time": 0.016, "Actual Total Time": 39.717, "Actual Rows": 100000, "Actual Loops": 1}]}]}, {"Node Type": "Index Scan", "Parent Relationship": "Inner", "Scan Direction": "Forward", "Index Name": "customer_pkey", "Relation Name": "customer", "Alias": "customer", "Startup Cost": 0.0, "Total Cost": 0.31, "Plan Rows": 1, "Plan Width": 12, "Actual Startup Time": 873.567, "Actual Total Time": 873.567, "Actual Rows": 119765, "Actual Loops": 119765, "Index Cond": "(c_custkey = orders.o_custkey)", "Rows Removed by Index Recheck": 0}]}, {"Node Type": "Hash", "Parent Relationship": "Inner", "Startup Cost": 1.25, "Total Cost": 1.25, "Plan Rows": 25, "Plan Width": 8, "Actual Startup Time": 0.021, "Actual Total Time": 0.021, "Actual Rows": 25, "Actual Loops": 1, "Hash Buckets": 32768, "Hash Batches": 1, "Original Hash Batches": 1, "Peak Memory Usage": 1, "Plans": [{"Node Type": "Seq Scan", "Parent Relationship": "Outer", "Relation Name": "nation", "Alias": "n1", "Startup Cost": 0.0, "Total Cost": 1.25, "Plan Rows": 25, "Plan Width": 8, "Actual Startup Time": 0.008, "Actual Total Time": 0.014, "Actual Rows": 25, "Actual Loops": 1}]}]}]}, {"Node Type": "Hash", "Parent Relationship": "Inner", "Startup Cost": 1.25, "Total Cost": 1.25, "Plan Rows": 25, "Plan Width": 30, "Actual Startup Time": 0.038, "Actual Total Time": 0.038, "Actual Rows": 25, "Actual Loops": 1, "Hash Buckets": 32768, "Hash Batches": 1, "Original Hash Batches": 1, "Peak Memory Usage": 2, "Plans": [{"Node Type": "Seq Scan", "Parent Relationship": "Outer", "Relation Name": "nation", "Alias": "n2", "Startup Cost": 0.0, "Total Cost": 1.25, "Plan Rows": 25, "Plan Width": 30, "Actual Startup Time": 0.017, "Actual Total Time": 0.023, "Actual Rows": 25, "Actual Loops": 1}]}]}]}]}, "Triggers": [], "Planner Runtime": 3, "Total Runtime": 6875.883, "Unique SQL Id": 3681808042}}, "(1, 45)": {"explain_plan": {"Plan": {"Node Type": "Sort", "Startup Cost": 527575.13, "Total Cost": 527575.15, "Plan Rows": 10, "Plan Width": 50, "Sort Key": ["(date_part('year'::text, orders.o_orderdate))"], "Plans": [{"Node Type": "Aggregate", "Strategy": "Hashed", "Parent Relationship": "Outer", "Startup Cost": 527574.81, "Total Cost": 527574.96, "Plan Rows": 10, "Plan Width": 50, "Group By Key": ["date_part('year'::text, orders.o_orderdate)"], "Plans": [{"Node Type": "Hash Join", "Parent Relationship": "Outer", "Join Type": "Inner", "Startup Cost": 6610.42, "Total Cost": 527454.99, "Plan Rows": 5991, "Plan Width": 50, "Inner Unique": true, "Hash Cond": "(supplier.s_nationkey = n2.n_nationkey)", "Plans": [{"Node Type": "Nested Loop", "Parent Relationship": "Outer", "Join Type": "Inner", "Startup Cost": 6597.48, "Total Cost": 527351.25, "Plan Rows": 5991, "Plan Width": 28, "Inner Unique": false, "Join Filter": "(n1.n_regionkey = region.r_regionkey)", "Plans": [{"Node Type": "Index Scan", "Parent Relationship": "Outer", "Scan Direction": "Forward", "Index Name": "region_pkey", "Relation Name": "region", "Alias": "region", "Startup Cost": 0.0, "Total Cost": 12.34, "Plan Rows": 1, "Plan Width": 4, "Filter": "(r_name = 'ASIA'::bpchar)"}, {"Node Type": "Hash Join", "Parent Relationship": "Inner", "Join Type": "Inner", "Startup Cost": 6597.48, "Total Cost": 526964.49, "Plan Rows": 29954, "Plan Width": 32, "Inner Unique": true, "Hash Cond": "(customer.c_nationkey = n1.n_nationkey)", "Plans": [{"Node Type": "Nested Loop", "Parent Relationship": "Outer", "Join Type": "Inner", "Startup Cost": 6584.54, "Total Cost": 526572.45, "Plan Rows": 29954, "Plan Width": 32, "Inner Unique": true, "Plans": [{"Node Type": "Hash Join", "Parent Relationship": "Outer", "Join Type": "Inner", "Startup Cost": 6584.54, "Total Cost": 510320.57, "Plan Rows": 51198, "Plan Width": 36, "Inner Unique": true, "Hash Cond": "(lineitem.l_suppkey = supplier.s_suppkey)", "Plans": [{"Node Type": "Nested Loop", "Parent Relationship": "Outer", "Join Type": "Inner", "Startup Cost": 0.0, "Total Cost": 503356.69, "Plan Rows": 86479, "Plan Width": 40, "Inner Unique": true, "Plans": [{"Node Type": "Nested Loop", "Parent Relationship": "Outer", "Join Type": "Inner", "Startup Cost": 0.0, "Total Cost": 480423.82, "Plan Rows": 74637, "Plan Width": 32, "Inner Unique": false, "Plans": [{"Node Type": "Index Scan", "Parent Relationship": "Outer", "Scan Direction": "Forward", "Index Name": "part_kpey", "Relation Name": "part", "Alias": "part", "Startup Cost": 0.0, "Total Cost": 105803.25, "Plan Rows": 13538, "Plan Width": 8, "Filter": "((p_type)::text = 'SMALL PLATED COPPER'::text)"}, {"Node Type": "Index Scan", "Parent Relationship": "Inner", "Scan Direction": "Forward", "Index Name": "idx_lineitem_part_supp", "Relation Name": "lineitem", "Alias": "lineitem", "Startup Cost": 0.0, "Total Cost": 27.61, "Plan Rows": 6, "Plan Width": 40, "Index Cond": "(l_partkey = part.p_partkey)"}]}, {"Node Type": "Index Scan", "Parent Relationship": "Inner", "Scan Direction": "Forward", "Index Name": "orders_pkey", "Relation Name": "orders", "Alias": "orders", "Startup Cost": 0.0, "Total Cost": 0.3, "Plan Rows": 1, "Plan Width": 24, "Index Cond": "(o_orderkey = lineitem.l_orderkey)", "Filter": "((o_orderdate >= '1995-01-01 00:00:00'::timestamp(0) without time zone) AND (o_orderdate <= '1996-12-31 00:00:00'::timestamp(0) without time zone))"}]}, {"Node Type": "Hash", "Parent Relationship": "Inner", "Startup Cost": 5334.54, "Total Cost": 5334.54, "Plan Rows": 100000, "Plan Width": 12, "Plans": [{"Node Type": "Index Scan", "Parent Relationship": "Outer", "Scan Direction": "Forward", "Index Name": "supplier_pkey", "Relation Name": "supplier", "Alias": "supplier", "Startup Cost": 0.0, "Total Cost": 5334.54, "Plan Rows": 100000, "Plan Width": 12}]}]}, {"Node Type": "Index Scan", "Parent Relationship": "Inner", "Scan Direction": "Forward", "Index Name": "customer_pkey", "Relation Name": "customer", "Alias": "customer", "Startup Cost": 0.0, "Total Cost": 0.31, "Plan Rows": 1, "Plan Width": 12, "Index Cond": "(c_custkey = orders.o_custkey)"}]}, {"Node Type": "Hash", "Parent Relationship": "Inner", "Startup Cost": 12.62, "Total Cost": 12.62, "Plan Rows": 25, "Plan Width": 8, "Plans": [{"Node Type": "Index Scan", "Parent Relationship": "Outer", "Scan Direction": "Forward", "Index Name": "idx_nation_regionkey", "Relation Name": "nation", "Alias": "n1", "Startup Cost": 0.0, "Total Cost": 12.62, "Plan Rows": 25, "Plan Width": 8}]}]}]}, {"Node Type": "Hash", "Parent Relationship": "Inner", "Startup Cost": 12.62, "Total Cost": 12.62, "Plan Rows": 25, "Plan Width": 30, "Plans": [{"Node Type": "Index Scan", "Parent Relationship": "Outer", "Scan Direction": "Forward", "Index Name": "nation_pkey", "Relation Name": "nation", "Alias": "n2", "Startup Cost": 0.0, "Total Cost": 12.62, "Plan Rows": 25, "Plan Width": 30}]}]}]}]}, "Unique SQL Id": 3681808042, "Planner Runtime": 3}, "explain_analyze_plan": {"Plan": {"Node Type": "Sort", "Startup Cost": 527575.13, "Total Cost": 527575.15, "Plan Rows": 10, "Plan Width": 50, "Actual Startup Time": 7727.976, "Actual Total Time": 7727.976, "Actual Rows": 2, "Actual Loops": 1, "Sort Key": ["(date_part('year'::text, orders.o_orderdate))"], "Sort Method": "quicksort", "Sort Space Used": 25, "Sort Space Type": "Memory", "Plans": [{"Node Type": "Aggregate", "Strategy": "Hashed", "Parent Relationship": "Outer", "Startup Cost": 527574.81, "Total Cost": 527574.96, "Plan Rows": 10, "Plan Width": 50, "Actual Startup Time": 7727.96, "Actual Total Time": 7727.961, "Actual Rows": 2, "Actual Loops": 1, "Group By Key": ["date_part('year'::text, orders.o_orderdate)"], "Plans": [{"Node Type": "Hash Join", "Parent Relationship": "Outer", "Join Type": "Inner", "Startup Cost": 6610.42, "Total Cost": 527454.99, "Plan Rows": 5991, "Plan Width": 50, "Actual Startup Time": 110.43, "Actual Total Time": 7691.0, "Actual Rows": 23929, "Actual Loops": 1, "Inner Unique": true, "Hash Cond": "(supplier.s_nationkey = n2.n_nationkey)", "Plans": [{"Node Type": "Nested Loop", "Parent Relationship": "Outer", "Join Type": "Inner", "Startup Cost": 6597.48, "Total Cost": 527351.25, "Plan Rows": 5991, "Plan Width": 28, "Actual Startup Time": 110.344, "Actual Total Time": 7658.106, "Actual Rows": 23929, "Actual Loops": 1, "Inner Unique": false, "Join Filter": "(n1.n_regionkey = region.r_regionkey)", "Rows Removed by Join Filter": 95836, "Plans": [{"Node Type": "Index Scan", "Parent Relationship": "Outer", "Scan Direction": "Forward", "Index Name": "region_pkey", "Relation Name": "region", "Alias": "region", "Startup Cost": 0.0, "Total Cost": 12.34, "Plan Rows": 1, "Plan Width": 4, "Actual Startup Time": 0.008, "Actual Total Time": 0.028, "Actual Rows": 1, "Actual Loops": 1, "Filter": "(r_name = 'ASIA'::bpchar)", "Rows Removed by Filter": 4}, {"Node Type": "Hash Join", "Parent Relationship": "Inner", "Join Type": "Inner", "Startup Cost": 6597.48, "Total Cost": 526964.49, "Plan Rows": 29954, "Plan Width": 32, "Actual Startup Time": 110.097, "Actual Total Time": 7624.915, "Actual Rows": 119765, "Actual Loops": 1, "Inner Unique": true, "Hash Cond": "(customer.c_nationkey = n1.n_nationkey)", "Plans": [{"Node Type": "Nested Loop", "Parent Relationship": "Outer", "Join Type": "Inner", "Startup Cost": 6584.54, "Total Cost": 526572.45, "Plan Rows": 29954, "Plan Width": 32, "Actual Startup Time": 110.034, "Actual Total Time": 7556.275, "Actual Rows": 119765, "Actual Loops": 1, "Inner Unique": true, "Plans": [{"Node Type": "Hash Join", "Parent Relationship": "Outer", "Join Type": "Inner", "Startup Cost": 6584.54, "Total Cost": 510320.57, "Plan Rows": 51198, "Plan Width": 36, "Actual Startup Time": 110.002, "Actual Total Time": 6551.852, "Actual Rows": 119765, "Actual Loops": 1, "Inner Unique": true, "Hash Cond": "(lineitem.l_suppkey = supplier.s_suppkey)", "Plans": [{"Node Type": "Nested Loop", "Parent Relationship": "Outer", "Join Type": "Inner", "Startup Cost": 0.0, "Total Cost": 503356.69, "Plan Rows": 86479, "Plan Width": 40, "Actual Startup Time": 0.168, "Actual Total Time": 6360.928, "Actual Rows": 119765, "Actual Loops": 1, "Inner Unique": true, "Plans": [{"Node Type": "Nested Loop", "Parent Relationship": "Outer", "Join Type": "Inner", "Startup Cost": 0.0, "Total Cost": 480423.82, "Plan Rows": 74637, "Plan Width": 32, "Actual Startup Time": 0.043, "Actual Total Time": 2756.88, "Actual Rows": 395341, "Actual Loops": 1, "Inner Unique": false, "Plans": [{"Node Type": "Index Scan", "Parent Relationship": "Outer", "Scan Direction": "Forward", "Index Name": "part_kpey", "Relation Name": "part", "Alias": "part", "Startup Cost": 0.0, "Total Cost": 105803.25, "Plan Rows": 13538, "Plan Width": 8, "Actual Startup Time": 0.027, "Actual Total Time": 1456.254, "Actual Rows": 13163, "Actual Loops": 1, "Filter": "((p_type)::text = 'SMALL PLATED COPPER'::text)", "Rows Removed by Filter": 1986837}, {"Node Type": "Index Scan", "Parent Relationship": "Inner", "Scan Direction": "Forward", "Index Name": "idx_lineitem_part_supp", "Relation Name": "lineitem", "Alias": "lineitem", "Startup Cost": 0.0, "Total Cost": 27.61, "Plan Rows": 6, "Plan Width": 40, "Actual Startup Time": 157.07, "Actual Total Time": 1199.429, "Actual Rows": 395341, "Actual Loops": 13163, "Index Cond": "(l_partkey = part.p_partkey)", "Rows Removed by Index Recheck": 0}]}, {"Node Type": "Index Scan", "Parent Relationship": "Inner", "Scan Direction": "Forward", "Index Name": "orders_pkey", "Relation Name": "orders", "Alias": "orders", "Startup Cost": 0.0, "Total Cost": 0.3, "Plan Rows": 1, "Plan Width": 24, "Actual Startup Time": 3362.86, "Actual Total Time": 3362.86, "Actual Rows": 119765, "Actual Loops": 395341, "Index Cond": "(o_orderkey = lineitem.l_orderkey)", "Rows Removed by Index Recheck": 0, "Filter": "((o_orderdate >= '1995-01-01 00:00:00'::timestamp(0) without time zone) AND (o_orderdate <= '1996-12-31 00:00:00'::timestamp(0) without time zone))", "Rows Removed by Filter": 275576}]}, {"Node Type": "Hash", "Parent Relationship": "Inner", "Startup Cost": 5334.54, "Total Cost": 5334.54, "Plan Rows": 100000, "Plan Width": 12, "Actual Startup Time": 109.726, "Actual Total Time": 109.726, "Actual Rows": 100000, "Actual Loops": 1, "Hash Buckets": 131072, "Hash Batches": 1, "Original Hash Batches": 1, "Peak Memory Usage": 4297, "Plans": [{"Node Type": "Index Scan", "Parent Relationship": "Outer", "Scan Direction": "Forward", "Index Name": "supplier_pkey", "Relation Name": "supplier", "Alias": "supplier", "Startup Cost": 0.0, "Total Cost": 5334.54, "Plan Rows": 100000, "Plan Width": 12, "Actual Startup Time": 0.02, "Actual Total Time": 82.233, "Actual Rows": 100000, "Actual Loops": 1}]}]}, {"Node Type": "Index Scan", "Parent Relationship": "Inner", "Scan Direction": "Forward", "Index Name": "customer_pkey", "Relation Name": "customer", "Alias": "customer", "Startup Cost": 0.0, "Total Cost": 0.31, "Plan Rows": 1, "Plan Width": 12, "Actual Startup Time": 896.276, "Actual Total Time": 896.276, "Actual Rows": 119765, "Actual Loops": 119765, "Index Cond": "(c_custkey = orders.o_custkey)", "Rows Removed by Index Recheck": 0}]}, {"Node Type": "Hash", "Parent Relationship": "Inner", "Startup Cost": 12.62, "Total Cost": 12.62, "Plan Rows": 25, "Plan Width": 8, "Actual Startup Time": 0.026, "Actual Total Time": 0.026, "Actual Rows": 25, "Actual Loops": 1, "Hash Buckets": 32768, "Hash Batches": 1, "Original Hash Batches": 1, "Peak Memory Usage": 1, "Plans": [{"Node Type": "Index Scan", "Parent Relationship": "Outer", "Scan Direction": "Forward", "Index Name": "idx_nation_regionkey", "Relation Name": "nation", "Alias": "n1", "Startup Cost": 0.0, "Total Cost": 12.62, "Plan Rows": 25, "Plan Width": 8, "Actual Startup Time": 0.006, "Actual Total Time": 0.016, "Actual Rows": 25, "Actual Loops": 1}]}]}]}, {"Node Type": "Hash", "Parent Relationship": "Inner", "Startup Cost": 12.62, "Total Cost": 12.62, "Plan Rows": 25, "Plan Width": 30, "Actual Startup Time": 0.035, "Actual Total Time": 0.035, "Actual Rows": 25, "Actual Loops": 1, "Hash Buckets": 32768, "Hash Batches": 1, "Original Hash Batches": 1, "Peak Memory Usage": 2, "Plans": [{"Node Type": "Index Scan", "Parent Relationship": "Outer", "Scan Direction": "Forward", "Index Name": "nation_pkey", "Relation Name": "nation", "Alias": "n2", "Startup Cost": 0.0, "Total Cost": 12.62, "Plan Rows": 25, "Plan Width": 30, "Actual Startup Time": 0.009, "Actual Total Time": 0.02, "Actual Rows": 25, "Actual Loops": 1}]}]}]}]}, "Triggers": [], "Planner Runtime": 3, "Total Runtime": 7728.406, "Unique SQL Id": 3681808042}}, "(1, 46)": {"explain_plan": {"Plan": {"Node Type": "Sort", "Startup Cost": 2909305.92, "Total Cost": 2909305.94, "Plan Rows": 10, "Plan Width": 50, "Sort Key": ["(date_part('year'::text, orders.o_orderdate))"], "Plans": [{"Node Type": "Aggregate", "Strategy": "Hashed", "Parent Relationship": "Outer", "Startup Cost": 2909305.6, "Total Cost": 2909305.75, "Plan Rows": 10, "Plan Width": 50, "Group By Key": ["date_part('year'::text, orders.o_orderdate)"], "Plans": [{"Node Type": "Nested Loop", "Parent Relationship": "Outer", "Join Type": "Inner", "Startup Cost": 664846.82, "Total Cost": 2909185.78, "Plan Rows": 5991, "Plan Width": 50, "Inner Unique": true, "Join Filter": "(supplier.s_nationkey = n2.n_nationkey)", "Plans": [{"Node Type": "Hash Join", "Parent Relationship": "Outer", "Join Type": "Inner", "Startup Cost": 664846.82, "Total Cost": 2906922.86, "Plan Rows": 5991, "Plan Width": 28, "Inner Unique": true, "Hash Cond": "(lineitem.l_suppkey = supplier.s_suppkey)", "Plans": [{"Node Type": "Hash Join", "Parent Relationship": "Outer", "Join Type": "Inner", "Startup Cost": 660313.82, "Total Cost": 2902243.54, "Plan Rows": 17296, "Plan Width": 32, "Inner Unique": false, "Hash Cond": "(lineitem.l_orderkey = orders.o_orderkey)", "Plans": [{"Node Type": "Hash Join", "Parent Relationship": "Outer", "Join Type": "Inner", "Startup Cost": 67113.23, "Total Cost": 2307926.3, "Plan Rows": 74637, "Plan Width": 32, "Inner Unique": true, "Hash Cond": "(lineitem.l_partkey = part.p_partkey)", "Plans": [{"Node Type": "Seq Scan", "Parent Relationship": "Outer", "Relation Name": "lineitem", "Alias": "lineitem", "Startup Cost": 0.0, "Total Cost": 2015115.33, "Plan Rows": 59987033, "Plan Width": 40}, {"Node Type": "Hash", "Parent Relationship": "Inner", "Startup Cost": 66944.0, "Total Cost": 66944.0, "Plan Rows": 13538, "Plan Width": 8, "Plans": [{"Node Type": "Seq Scan", "Parent Relationship": "Outer", "Relation Name": "part", "Alias": "part", "Startup Cost": 0.0, "Total Cost": 66944.0, "Plan Rows": 13538, "Plan Width": 8, "Filter": "((p_type)::text = 'SMALL PLATED COPPER'::text)"}]}]}, {"Node Type": "Hash", "Parent Relationship": "Inner", "Startup Cost": 586571.9, "Total Cost": 586571.9, "Plan Rows": 530296, "Plan Width": 16, "Plans": [{"Node Type": "Hash Join", "Parent Relationship": "Outer", "Join Type": "Inner", "Startup Cost": 63058.88, "Total Cost": 586571.9, "Plan Rows": 530296, "Plan Width": 16, "Inner Unique": false, "Hash Cond": "(orders.o_custkey = customer.c_custkey), (LLVM Optimized)", "Plans": [{"Node Type": "Seq Scan", "Parent Relationship": "Outer", "Relation Name": "orders", "Alias": "orders", "Startup Cost": 196.01, "Total Cost": 501411.18, "Plan Rows": 4531967, "Plan Width": 24, "Filter": "((o_orderdate >= '1995-01-01 00:00:00'::timestamp(0) without time zone) AND (o_orderdate <= '1996-12-31 00:00:00'::timestamp(0) without time zone)), (LLVM Optimized)"}, {"Node Type": "Hash", "Parent Relationship": "Inner", "Startup Cost": 59112.88, "Total Cost": 59112.88, "Plan Rows": 300000, "Plan Width": 8, "Plans": [{"Node Type": "Hash Join", "Parent Relationship": "Outer", "Join Type": "Inner", "Startup Cost": 2.5, "Total Cost": 59112.88, "Plan Rows": 300000, "Plan Width": 8, "Inner Unique": false, "Hash Cond": "(customer.c_nationkey = n1.n_nationkey), (LLVM Optimized)", "Plans": [{"Node Type": "Seq Scan", "Parent Relationship": "Outer", "Relation Name": "customer", "Alias": "customer", "Startup Cost": 0.0, "Total Cost": 52126.0, "Plan Rows": 1500000, "Plan Width": 12}, {"Node Type": "Hash", "Parent Relationship": "Inner", "Startup Cost": 2.44, "Total Cost": 2.44, "Plan Rows": 5, "Plan Width": 4, "Plans": [{"Node Type": "Hash Join", "Parent Relationship": "Outer", "Join Type": "Inner", "Startup Cost": 1.07, "Total Cost": 2.44, "Plan Rows": 5, "Plan Width": 4, "Inner Unique": true, "Hash Cond": "(n1.n_regionkey = region.r_regionkey)", "Plans": [{"Node Type": "Seq Scan", "Parent Relationship": "Outer", "Relation Name": "nation", "Alias": "n1", "Startup Cost": 0.0, "Total Cost": 1.25, "Plan Rows": 25, "Plan Width": 8}, {"Node Type": "Hash", "Parent Relationship": "Inner", "Startup Cost": 1.06, "Total Cost": 1.06, "Plan Rows": 1, "Plan Width": 4, "Plans": [{"Node Type": "Seq Scan", "Parent Relationship": "Outer", "Relation Name": "region", "Alias": "region", "Startup Cost": 0.0, "Total Cost": 1.06, "Plan Rows": 1, "Plan Width": 4, "Filter": "(r_name = 'ASIA'::bpchar)"}]}]}]}]}]}]}]}]}, {"Node Type": "Hash", "Parent Relationship": "Inner", "Startup Cost": 3283.0, "Total Cost": 3283.0, "Plan Rows": 100000, "Plan Width": 12, "Plans": [{"Node Type": "Seq Scan", "Parent Relationship": "Outer", "Relation Name": "supplier", "Alias": "supplier", "Startup Cost": 0.0, "Total Cost": 3283.0, "Plan Rows": 100000, "Plan Width": 12}]}]}, {"Node Type": "Materialize", "Parent Relationship": "Inner", "Startup Cost": 0.0, "Total Cost": 1.38, "Plan Rows": 25, "Plan Width": 30, "Plans": [{"Node Type": "Seq Scan", "Parent Relationship": "Outer", "Relation Name": "nation", "Alias": "n2", "Startup Cost": 0.0, "Total Cost": 1.25, "Plan Rows": 25, "Plan Width": 30}]}]}]}]}, "Unique SQL Id": 3681808042, "Planner Runtime": 3}, "explain_analyze_plan": null}, "(1, 47)": {"explain_plan": {"Plan": {"Node Type": "Sort", "Startup Cost": 8018177364726.43, "Total Cost": 8018177364726.46, "Plan Rows": 10, "Plan Width": 50, "Sort Key": ["(date_part('year'::text, orders.o_orderdate))"], "Plans": [{"Node Type": "Aggregate", "Strategy": "Hashed", "Parent Relationship": "Outer", "Startup Cost": 8018177364726.12, "Total Cost": 8018177364726.27, "Plan Rows": 10, "Plan Width": 50, "Group By Key": ["date_part('year'::text, orders.o_orderdate)"], "Plans": [{"Node Type": "Nested Loop", "Parent Relationship": "Outer", "Join Type": "Inner", "Startup Cost": 80000000000.0, "Total Cost": 8018177364380.2, "Plan Rows": 17296, "Plan Width": 50, "Inner Unique": false, "Join Filter": "(supplier.s_suppkey = lineitem.l_suppkey)", "Plans": [{"Node Type": "Nested Loop", "Parent Relationship": "Outer", "Join Type": "Inner", "Startup Cost": 20000000000.0, "Total Cost": 2000000572216.94, "Plan Rows": 100000, "Plan Width": 34, "Inner Unique": true, "Join Filter": "(supplier.s_nationkey = n2.n_nationkey), (LLVM Optimized)", "Plans": [{"Node Type": "Index Scan", "Parent Relationship": "Outer", "Scan Direction": "Forward", "Index Name": "supplier_pkey", "Relation Name": "supplier", "Alias": "supplier", "Startup Cost": 10000000000.0, "Total Cost": 1000000533454.38, "Plan Rows": 100000, "Plan Width": 12}, {"Node Type": "Materialize", "Parent Relationship": "Inner", "Startup Cost": 10000000000.0, "Total Cost": 1000000001262.62, "Plan Rows": 25, "Plan Width": 30, "Plans": [{"Node Type": "Index Scan", "Parent Relationship": "Outer", "Scan Direction": "Forward", "Index Name": "nation_pkey", "Relation Name": "nation", "Alias": "n2", "Startup Cost": 10000000000.0, "Total Cost": 1000000001262.5, "Plan Rows": 25, "Plan Width": 30}]}]}, {"Node Type": "Materialize", "Parent Relationship": "Inner", "Startup Cost": 60000000000.0, "Total Cost": 6018150848163.26, "Plan Rows": 17296, "Plan Width": 32, "Plans": [{"Node Type": "Nested Loop", "Parent Relationship": "Outer", "Join Type": "Inner", "Startup Cost": 60000000000.0, "Total Cost": 6018150848076.78, "Plan Rows": 17296, "Plan Width": 32, "Inner Unique": false, "Join Filter": "(orders.o_custkey = customer.c_custkey)", "Plans": [{"Node Type": "Nested Loop", "Parent Relationship": "Outer", "Join Type": "Inner", "Startup Cost": 30000000000.0, "Total Cost": 3017753500294.51, "Plan Rows": 86479, "Plan Width": 40, "Inner Unique": false, "Join Filter": "(lineitem.l_orderkey = orders.o_orderkey)", "Plans": [{"Node Type": "Index Scan", "Parent Relationship": "Outer", "Scan Direction": "Forward", "Index Name": "idx_orders_custkey", "Relation Name": "orders", "Alias": "orders", "Startup Cost": 10000000000.0, "Total Cost": 1000163551268.58, "Plan Rows": 4531967, "Plan Width": 24, "Filter": "((o_orderdate >= '1995-01-01 00:00:00'::timestamp(0) without time zone) AND (o_orderdate <= '1996-12-31 00:00:00'::timestamp(0) without time zone)), (LLVM Optimized)"}, {"Node Type": "Materialize", "Parent Relationship": "Inner", "Startup Cost": 20000000000.0, "Total Cost": 2012516162897.84, "Plan Rows": 74637, "Plan Width": 32, "Plans": [{"Node Type": "Nested Loop", "Parent Relationship": "Outer", "Join Type": "Inner", "Startup Cost": 20000000000.0, "Total Cost": 2012516162524.66, "Plan Rows": 74637, "Plan Width": 32, "Inner Unique": true, "Join Filter": "(part.p_partkey = lineitem.l_partkey)", "Plans": [{"Node Type": "Index Scan", "Parent Relationship": "Outer", "Scan Direction": "Forward", "Index Name": "idx_lineitem_orderkey", "Relation Name": "lineitem", "Alias": "lineitem", "Startup Cost": 10000000000.0, "Total Cost": 1000324015374.5, "Plan Rows": 59987033, "Plan Width": 40}, {"Node Type": "Materialize", "Parent Relationship": "Inner", "Startup Cost": 10000000000.0, "Total Cost": 1000010580392.69, "Plan Rows": 13538, "Plan Width": 8, "Plans": [{"Node Type": "Index Scan", "Parent Relationship": "Outer", "Scan Direction": "Forward", "Index Name": "part_kpey", "Relation Name": "part", "Alias": "part", "Startup Cost": 10000000000.0, "Total Cost": 1000010580325.0, "Plan Rows": 13538, "Plan Width": 8, "Filter": "((p_type)::text = 'SMALL PLATED COPPER'::text)"}]}]}]}]}, {"Node Type": "Materialize", "Parent Relationship": "Inner", "Startup Cost": 30000000000.0, "Total Cost": 3000008193032.26, "Plan Rows": 300000, "Plan Width": 8, "Plans": [{"Node Type": "Nested Loop", "Parent Relationship": "Outer", "Join Type": "Inner", "Startup Cost": 30000000000.0, "Total Cost": 3000008191532.26, "Plan Rows": 300000, "Plan Width": 8, "Inner Unique": false, "Join Filter": "(n1.n_nationkey = customer.c_nationkey), (LLVM Optimized)", "Plans": [{"Node Type": "Index Scan", "Parent Relationship": "Outer", "Scan Direction": "Forward", "Index Name": "customer_pkey", "Relation Name": "customer", "Alias": "customer", "Startup Cost": 10000000000.0, "Total Cost": 1000008076535.62, "Plan Rows": 1500000, "Plan Width": 12}, {"Node Type": "Materialize", "Parent Relationship": "Inner", "Startup Cost": 20000000000.0, "Total Cost": 2000000002496.65, "Plan Rows": 5, "Plan Width": 4, "Plans": [{"Node Type": "Nested Loop", "Parent Relationship": "Outer", "Join Type": "Inner", "Startup Cost": 20000000000.0, "Total Cost": 2000000002496.63, "Plan Rows": 5, "Plan Width": 4, "Inner Unique": true, "Join Filter": "(n1.n_regionkey = region.r_regionkey)", "Plans": [{"Node Type": "Index Scan", "Parent Relationship": "Outer", "Scan Direction": "Forward", "Index Name": "nation_pkey", "Relation Name": "nation", "Alias": "n1", "Startup Cost": 10000000000.0, "Total Cost": 1000000001262.5, "Plan Rows": 25, "Plan Width": 8}, {"Node Type": "Materialize", "Parent Relationship": "Inner", "Startup Cost": 10000000000.0, "Total Cost": 1000000001233.76, "Plan Rows": 1, "Plan Width": 4, "Plans": [{"Node Type": "Index Scan", "Parent Relationship": "Outer", "Scan Direction": "Forward", "Index Name": "region_pkey", "Relation Name": "region", "Alias": "region", "Startup Cost": 10000000000.0, "Total Cost": 1000000001233.75, "Plan Rows": 1, "Plan Width": 4, "Filter": "(r_name = 'ASIA'::bpchar)"}]}]}]}]}]}]}]}]}]}]}, "Unique SQL Id": 3681808042, "Planner Runtime": 3}, "explain_analyze_plan": null}, "(1, 48)": {"explain_plan": {"Plan": {"Node Type": "Sort", "Startup Cost": 505096.47, "Total Cost": 505096.49, "Plan Rows": 10, "Plan Width": 50, "Sort Key": ["(date_part('year'::text, orders.o_orderdate))"], "Plans": [{"Node Type": "Aggregate", "Strategy": "Hashed", "Parent Relationship": "Outer", "Startup Cost": 505096.15, "Total Cost": 505096.3, "Plan Rows": 10, "Plan Width": 50, "Group By Key": ["date_part('year'::text, orders.o_orderdate)"], "Plans": [{"Node Type": "Nested Loop", "Parent Relationship": "Outer", "Join Type": "Inner", "Startup Cost": 0.0, "Total Cost": 504976.33, "Plan Rows": 5991, "Plan Width": 50, "Inner Unique": true, "Plans": [{"Node Type": "Nested Loop", "Parent Relationship": "Outer", "Join Type": "Inner", "Startup Cost": 0.0, "Total Cost": 503283.15, "Plan Rows": 5991, "Plan Width": 28, "Inner Unique": true, "Plans": [{"Node Type": "Nested Loop", "Parent Relationship": "Outer", "Join Type": "Inner", "Startup Cost": 0.0, "Total Cost": 498437.19, "Plan Rows": 17296, "Plan Width": 32, "Inner Unique": false, "Join Filter": "(n1.n_nationkey = customer.c_nationkey)", "Plans": [{"Node Type": "Nested Loop", "Parent Relationship": "Outer", "Join Type": "Inner", "Startup Cost": 0.0, "Total Cost": 491948.63, "Plan Rows": 86479, "Plan Width": 36, "Inner Unique": true, "Plans": [{"Node Type": "Nested Loop", "Parent Relationship": "Outer", "Join Type": "Inner", "Startup Cost": 0.0, "Total Cost": 464497.44, "Plan Rows": 86479, "Plan Width": 40, "Inner Unique": true, "Plans": [{"Node Type": "Nested Loop", "Parent Relationship": "Outer", "Join Type": "Inner", "Startup Cost": 0.0, "Total Cost": 441564.57, "Plan Rows": 74637, "Plan Width": 32, "Inner Unique": false, "Plans": [{"Node Type": "Seq Scan", "Parent Relationship": "Outer", "Relation Name": "part", "Alias": "part", "Startup Cost": 0.0, "Total Cost": 66944.0, "Plan Rows": 13538, "Plan Width": 8, "Filter": "((p_type)::text = 'SMALL PLATED COPPER'::text)"}, {"Node Type": "Index Scan", "Parent Relationship": "Inner", "Scan Direction": "Forward", "Index Name": "idx_lineitem_part_supp", "Relation Name": "lineitem", "Alias": "lineitem", "Startup Cost": 0.0, "Total Cost": 27.61, "Plan Rows": 6, "Plan Width": 40, "Index Cond": "(l_partkey = part.p_partkey)"}]}, {"Node Type": "Index Scan", "Parent Relationship": "Inner", "Scan Direction": "Forward", "Index Name": "orders_pkey", "Relation Name": "orders", "Alias": "orders", "Startup Cost": 0.0, "Total Cost": 0.3, "Plan Rows": 1, "Plan Width": 24, "Index Cond": "(o_orderkey = lineitem.l_orderkey)", "Filter": "((o_orderdate >= '1995-01-01 00:00:00'::timestamp(0) without time zone) AND (o_orderdate <= '1996-12-31 00:00:00'::timestamp(0) without time zone))"}]}, {"Node Type": "Index Scan", "Parent Relationship": "Inner", "Scan Direction": "Forward", "Index Name": "customer_pkey", "Relation Name": "customer", "Alias": "customer", "Startup Cost": 0.0, "Total Cost": 0.31, "Plan Rows": 1, "Plan Width": 12, "Index Cond": "(c_custkey = orders.o_custkey)"}]}, {"Node Type": "Materialize", "Parent Relationship": "Inner", "Startup Cost": 0.0, "Total Cost": 2.65, "Plan Rows": 5, "Plan Width": 4, "Plans": [{"Node Type": "Nested Loop", "Parent Relationship": "Outer", "Join Type": "Inner", "Startup Cost": 0.0, "Total Cost": 2.62, "Plan Rows": 5, "Plan Width": 4, "Inner Unique": false, "Join Filter": "(n1.n_regionkey = region.r_regionkey)", "Plans": [{"Node Type": "Seq Scan", "Parent Relationship": "Outer", "Relation Name": "region", "Alias": "region", "Startup Cost": 0.0, "Total Cost": 1.06, "Plan Rows": 1, "Plan Width": 4, "Filter": "(r_name = 'ASIA'::bpchar)"}, {"Node Type": "Seq Scan", "Parent Relationship": "Inner", "Relation Name": "nation", "Alias": "n1", "Startup Cost": 0.0, "Total Cost": 1.25, "Plan Rows": 25, "Plan Width": 8}]}]}]}, {"Node Type": "Index Scan", "Parent Relationship": "Inner", "Scan Direction": "Forward", "Index Name": "supplier_pkey", "Relation Name": "supplier", "Alias": "supplier", "Startup Cost": 0.0, "Total Cost": 0.27, "Plan Rows": 1, "Plan Width": 12, "Index Cond": "(s_suppkey = lineitem.l_suppkey)"}]}, {"Node Type": "Index Scan", "Parent Relationship": "Inner", "Scan Direction": "Forward", "Index Name": "nation_pkey", "Relation Name": "nation", "Alias": "n2", "Startup Cost": 0.0, "Total Cost": 0.27, "Plan Rows": 1, "Plan Width": 30, "Index Cond": "(n_nationkey = supplier.s_nationkey)"}]}]}]}, "Unique SQL Id": 3681808042, "Planner Runtime": 2}, "explain_analyze_plan": {"Plan": {"Node Type": "Sort", "Startup Cost": 505096.47, "Total Cost": 505096.49, "Plan Rows": 10, "Plan Width": 50, "Actual Startup Time": 6667.023, "Actual Total Time": 6667.023, "Actual Rows": 2, "Actual Loops": 1, "Sort Key": ["(date_part('year'::text, orders.o_orderdate))"], "Sort Method": "quicksort", "Sort Space Used": 25, "Sort Space Type": "Memory", "Plans": [{"Node Type": "Aggregate", "Strategy": "Hashed", "Parent Relationship": "Outer", "Startup Cost": 505096.15, "Total Cost": 505096.3, "Plan Rows": 10, "Plan Width": 50, "Actual Startup Time": 6666.995, "Actual Total Time": 6666.997, "Actual Rows": 2, "Actual Loops": 1, "Group By Key": ["date_part('year'::text, orders.o_orderdate)"], "Plans": [{"Node Type": "Nested Loop", "Parent Relationship": "Outer", "Join Type": "Inner", "Startup Cost": 0.0, "Total Cost": 504976.33, "Plan Rows": 5991, "Plan Width": 50, "Actual Startup Time": 0.426, "Actual Total Time": 6626.925, "Actual Rows": 23929, "Actual Loops": 1, "Inner Unique": true, "Plans": [{"Node Type": "Nested Loop", "Parent Relationship": "Outer", "Join Type": "Inner", "Startup Cost": 0.0, "Total Cost": 503283.15, "Plan Rows": 5991, "Plan Width": 28, "Actual Startup Time": 0.413, "Actual Total Time": 6538.132, "Actual Rows": 23929, "Actual Loops": 1, "Inner Unique": true, "Plans": [{"Node Type": "Nested Loop", "Parent Relationship": "Outer", "Join Type": "Inner", "Startup Cost": 0.0, "Total Cost": 498437.19, "Plan Rows": 17296, "Plan Width": 32, "Actual Startup Time": 0.402, "Actual Total Time": 6376.3, "Actual Rows": 23929, "Actual Loops": 1, "Inner Unique": false, "Join Filter": "(n1.n_nationkey = customer.c_nationkey)", "Rows Removed by Join Filter": 574896, "Plans": [{"Node Type": "Nested Loop", "Parent Relationship": "Outer", "Join Type": "Inner", "Startup Cost": 0.0, "Total Cost": 491948.63, "Plan Rows": 86479, "Plan Width": 36, "Actual Startup Time": 0.194, "Actual Total Time": 6158.929, "Actual Rows": 119765, "Actual Loops": 1, "Inner Unique": true, "Plans": [{"Node Type": "Nested Loop", "Parent Relationship": "Outer", "Join Type": "Inner", "Startup Cost": 0.0, "Total Cost": 464497.44, "Plan Rows": 86479, "Plan Width": 40, "Actual Startup Time": 0.184, "Actual Total Time": 5243.29, "Actual Rows": 119765, "Actual Loops": 1, "Inner Unique": true, "Plans": [{"Node Type": "Nested Loop", "Parent Relationship": "Outer", "Join Type": "Inner", "Startup Cost": 0.0, "Total Cost": 441564.57, "Plan Rows": 74637, "Plan Width": 32, "Actual Startup Time": 0.073, "Actual Total Time": 1943.41, "Actual Rows": 395341, "Actual Loops": 1, "Inner Unique": false, "Plans": [{"Node Type": "Seq Scan", "Parent Relationship": "Outer", "Relation Name": "part", "Alias": "part", "Startup Cost": 0.0, "Total Cost": 66944.0, "Plan Rows": 13538, "Plan Width": 8, "Actual Startup Time": 0.034, "Actual Total Time": 762.451, "Actual Rows": 13163, "Actual Loops": 1, "Filter": "((p_type)::text = 'SMALL PLATED COPPER'::text)", "Rows Removed by Filter": 1986837}, {"Node Type": "Index Scan", "Parent Relationship": "Inner", "Scan Direction": "Forward", "Index Name": "idx_lineitem_part_supp", "Relation Name": "lineitem", "Alias": "lineitem", "Startup Cost": 0.0, "Total Cost": 27.61, "Plan Rows": 6, "Plan Width": 40, "Actual Startup Time": 149.18, "Actual Total Time": 1074.779, "Actual Rows": 395341, "Actual Loops": 13163, "Index Cond": "(l_partkey = part.p_partkey)", "Rows Removed by Index Recheck": 0}]}, {"Node Type": "Index Scan", "Parent Relationship": "Inner", "Scan Direction": "Forward", "Index Name": "orders_pkey", "Relation Name": "orders", "Alias": "orders", "Startup Cost": 0.0, "Total Cost": 0.3, "Plan Rows": 1, "Plan Width": 24, "Actual Startup Time": 3052.025, "Actual Total Time": 3052.025, "Actual Rows": 119765, "Actual Loops": 395341, "Index Cond": "(o_orderkey = lineitem.l_orderkey)", "Rows Removed by Index Recheck": 0, "Filter": "((o_orderdate >= '1995-01-01 00:00:00'::timestamp(0) without time zone) AND (o_orderdate <= '1996-12-31 00:00:00'::timestamp(0) without time zone))", "Rows Removed by Filter": 275576}]}, {"Node Type": "Index Scan", "Parent Relationship": "Inner", "Scan Direction": "Forward", "Index Name": "customer_pkey", "Relation Name": "customer", "Alias": "customer", "Startup Cost": 0.0, "Total Cost": 0.31, "Plan Rows": 1, "Plan Width": 12, "Actual Startup Time": 807.54, "Actual Total Time": 807.54, "Actual Rows": 119765, "Actual Loops": 119765, "Index Cond": "(c_custkey = orders.o_custkey)", "Rows Removed by Index Recheck": 0}]}, {"Node Type": "Materialize", "Parent Relationship": "Inner", "Startup Cost": 0.0, "Total Cost": 2.65, "Plan Rows": 5, "Plan Width": 4, "Actual Startup Time": 12.511, "Actual Total Time": 64.751, "Actual Rows": 598825, "Actual Loops": 119765, "Plans": [{"Node Type": "Nested Loop", "Parent Relationship": "Outer", "Join Type": "Inner", "Startup Cost": 0.0, "Total Cost": 2.62, "Plan Rows": 5, "Plan Width": 4, "Actual Startup Time": 0.039, "Actual Total Time": 0.047, "Actual Rows": 5, "Actual Loops": 1, "Inner Unique": false, "Join Filter": "(n1.n_regionkey = region.r_regionkey)", "Rows Removed by Join Filter": 20, "Plans": [{"Node Type": "Seq Scan", "Parent Relationship": "Outer", "Relation Name": "region", "Alias": "region", "Startup Cost": 0.0, "Total Cost": 1.06, "Plan Rows": 1, "Plan Width": 4, "Actual Startup Time": 0.009, "Actual Total Time": 0.01, "Actual Rows": 1, "Actual Loops": 1, "Filter": "(r_name = 'ASIA'::bpchar)", "Rows Removed by Filter": 4}, {"Node Type": "Seq Scan", "Parent Relationship": "Inner", "Relation Name": "nation", "Alias": "n1", "Startup Cost": 0.0, "Total Cost": 1.25, "Plan Rows": 25, "Plan Width": 8, "Actual Startup Time": 0.018, "Actual Total Time": 0.022, "Actual Rows": 25, "Actual Loops": 1}]}]}]}, {"Node Type": "Index Scan", "Parent Relationship": "Inner", "Scan Direction": "Forward", "Index Name": "supplier_pkey", "Relation Name": "supplier", "Alias": "supplier", "Startup Cost": 0.0, "Total Cost": 0.27, "Plan Rows": 1, "Plan Width": 12, "Actual Startup Time": 130.532, "Actual Total Time": 130.532, "Actual Rows": 23929, "Actual Loops": 23929, "Index Cond": "(s_suppkey = lineitem.l_suppkey)", "Rows Removed by Index Recheck": 0}]}, {"Node Type": "Index Scan", "Parent Relationship": "Inner", "Scan Direction": "Forward", "Index Name": "nation_pkey", "Relation Name": "nation", "Alias": "n2", "Startup Cost": 0.0, "Total Cost": 0.27, "Plan Rows": 1, "Plan Width": 30, "Actual Startup Time": 41.763, "Actual Total Time": 41.763, "Actual Rows": 23929, "Actual Loops": 23929, "Index Cond": "(n_nationkey = supplier.s_nationkey)", "Rows Removed by Index Recheck": 0}]}]}]}, "Triggers": [], "Planner Runtime": 2, "Total Runtime": 6667.486, "Unique SQL Id": 3681808042}}, "(1, 49)": {"explain_plan": {"Plan": {"Node Type": "Sort", "Startup Cost": 543973.83, "Total Cost": 543973.85, "Plan Rows": 10, "Plan Width": 50, "Sort Key": ["(date_part('year'::text, orders.o_orderdate))"], "Plans": [{"Node Type": "Aggregate", "Strategy": "Hashed", "Parent Relationship": "Outer", "Startup Cost": 543973.51, "Total Cost": 543973.66, "Plan Rows": 10, "Plan Width": 50, "Group By Key": ["date_part('year'::text, orders.o_orderdate)"], "Plans": [{"Node Type": "Nested Loop", "Parent Relationship": "Outer", "Join Type": "Inner", "Startup Cost": 0.0, "Total Cost": 543853.69, "Plan Rows": 5991, "Plan Width": 50, "Inner Unique": true, "Plans": [{"Node Type": "Nested Loop", "Parent Relationship": "Outer", "Join Type": "Inner", "Startup Cost": 0.0, "Total Cost": 542160.52, "Plan Rows": 5991, "Plan Width": 28, "Inner Unique": true, "Plans": [{"Node Type": "Nested Loop", "Parent Relationship": "Outer", "Join Type": "Inner", "Startup Cost": 0.0, "Total Cost": 537314.56, "Plan Rows": 17296, "Plan Width": 32, "Inner Unique": false, "Join Filter": "(n1.n_nationkey = customer.c_nationkey)", "Plans": [{"Node Type": "Nested Loop", "Parent Relationship": "Outer", "Join Type": "Inner", "Startup Cost": 0.0, "Total Cost": 530807.88, "Plan Rows": 86479, "Plan Width": 36, "Inner Unique": true, "Plans": [{"Node Type": "Nested Loop", "Parent Relationship": "Outer", "Join Type": "Inner", "Startup Cost": 0.0, "Total Cost": 503356.69, "Plan Rows": 86479, "Plan Width": 40, "Inner Unique": true, "Plans": [{"Node Type": "Nested Loop", "Parent Relationship": "Outer", "Join Type": "Inner", "Startup Cost": 0.0, "Total Cost": 480423.82, "Plan Rows": 74637, "Plan Width": 32, "Inner Unique": false, "Plans": [{"Node Type": "Index Scan", "Parent Relationship": "Outer", "Scan Direction": "Forward", "Index Name": "part_kpey", "Relation Name": "part", "Alias": "part", "Startup Cost": 0.0, "Total Cost": 105803.25, "Plan Rows": 13538, "Plan Width": 8, "Filter": "((p_type)::text = 'SMALL PLATED COPPER'::text)"}, {"Node Type": "Index Scan", "Parent Relationship": "Inner", "Scan Direction": "Forward", "Index Name": "idx_lineitem_part_supp", "Relation Name": "lineitem", "Alias": "lineitem", "Startup Cost": 0.0, "Total Cost": 27.61, "Plan Rows": 6, "Plan Width": 40, "Index Cond": "(l_partkey = part.p_partkey)"}]}, {"Node Type": "Index Scan", "Parent Relationship": "Inner", "Scan Direction": "Forward", "Index Name": "orders_pkey", "Relation Name": "orders", "Alias": "orders", "Startup Cost": 0.0, "Total Cost": 0.3, "Plan Rows": 1, "Plan Width": 24, "Index Cond": "(o_orderkey = lineitem.l_orderkey)", "Filter": "((o_orderdate >= '1995-01-01 00:00:00'::timestamp(0) without time zone) AND (o_orderdate <= '1996-12-31 00:00:00'::timestamp(0) without time zone))"}]}, {"Node Type": "Index Scan", "Parent Relationship": "Inner", "Scan Direction": "Forward", "Index Name": "customer_pkey", "Relation Name": "customer", "Alias": "customer", "Startup Cost": 0.0, "Total Cost": 0.31, "Plan Rows": 1, "Plan Width": 12, "Index Cond": "(c_custkey = orders.o_custkey)"}]}, {"Node Type": "Materialize", "Parent Relationship": "Inner", "Startup Cost": 0.0, "Total Cost": 20.76, "Plan Rows": 5, "Plan Width": 4, "Plans": [{"Node Type": "Nested Loop", "Parent Relationship": "Outer", "Join Type": "Inner", "Startup Cost": 0.0, "Total Cost": 20.74, "Plan Rows": 5, "Plan Width": 4, "Inner Unique": false, "Plans": [{"Node Type": "Index Scan", "Parent Relationship": "Outer", "Scan Direction": "Forward", "Index Name": "region_pkey", "Relation Name": "region", "Alias": "region", "Startup Cost": 0.0, "Total Cost": 12.34, "Plan Rows": 1, "Plan Width": 4, "Filter": "(r_name = 'ASIA'::bpchar)"}, {"Node Type": "Index Scan", "Parent Relationship": "Inner", "Scan Direction": "Forward", "Index Name": "idx_nation_regionkey", "Relation Name": "nation", "Alias": "n1", "Startup Cost": 0.0, "Total Cost": 8.35, "Plan Rows": 5, "Plan Width": 8, "Index Cond": "(n_regionkey = region.r_regionkey)"}]}]}]}, {"Node Type": "Index Scan", "Parent Relationship": "Inner", "Scan Direction": "Forward", "Index Name": "supplier_pkey", "Relation Name": "supplier", "Alias": "supplier", "Startup Cost": 0.0, "Total Cost": 0.27, "Plan Rows": 1, "Plan Width": 12, "Index Cond": "(s_suppkey = lineitem.l_suppkey)"}]}, {"Node Type": "Index Scan", "Parent Relationship": "Inner", "Scan Direction": "Forward", "Index Name": "nation_pkey", "Relation Name": "nation", "Alias": "n2", "Startup Cost": 0.0, "Total Cost": 0.27, "Plan Rows": 1, "Plan Width": 30, "Index Cond": "(n_nationkey = supplier.s_nationkey)"}]}]}]}, "Unique SQL Id": 3681808042, "Planner Runtime": 2}, "explain_analyze_plan": {"Plan": {"Node Type": "Sort", "Startup Cost": 543973.83, "Total Cost": 543973.85, "Plan Rows": 10, "Plan Width": 50, "Actual Startup Time": 8110.251, "Actual Total Time": 8110.251, "Actual Rows": 2, "Actual Loops": 1, "Sort Key": ["(date_part('year'::text, orders.o_orderdate))"], "Sort Method": "quicksort", "Sort Space Used": 25, "Sort Space Type": "Memory", "Plans": [{"Node Type": "Aggregate", "Strategy": "Hashed", "Parent Relationship": "Outer", "Startup Cost": 543973.51, "Total Cost": 543973.66, "Plan Rows": 10, "Plan Width": 50, "Actual Startup Time": 8110.23, "Actual Total Time": 8110.231, "Actual Rows": 2, "Actual Loops": 1, "Group By Key": ["date_part('year'::text, orders.o_orderdate)"], "Plans": [{"Node Type": "Nested Loop", "Parent Relationship": "Outer", "Join Type": "Inner", "Startup Cost": 0.0, "Total Cost": 543853.69, "Plan Rows": 5991, "Plan Width": 50, "Actual Startup Time": 0.347, "Actual Total Time": 8073.255, "Actual Rows": 23929, "Actual Loops": 1, "Inner Unique": true, "Plans": [{"Node Type": "Nested Loop", "Parent Relationship": "Outer", "Join Type": "Inner", "Startup Cost": 0.0, "Total Cost": 542160.52, "Plan Rows": 5991, "Plan Width": 28, "Actual Startup Time": 0.337, "Actual Total Time": 7983.688, "Actual Rows": 23929, "Actual Loops": 1, "Inner Unique": true, "Plans": [{"Node Type": "Nested Loop", "Parent Relationship": "Outer", "Join Type": "Inner", "Startup Cost": 0.0, "Total Cost": 537314.56, "Plan Rows": 17296, "Plan Width": 32, "Actual Startup Time": 0.329, "Actual Total Time": 7801.196, "Actual Rows": 23929, "Actual Loops": 1, "Inner Unique": false, "Join Filter": "(n1.n_nationkey = customer.c_nationkey)", "Rows Removed by Join Filter": 574896, "Plans": [{"Node Type": "Nested Loop", "Parent Relationship": "Outer", "Join Type": "Inner", "Startup Cost": 0.0, "Total Cost": 530807.88, "Plan Rows": 86479, "Plan Width": 36, "Actual Startup Time": 0.172, "Actual Total Time": 7578.85, "Actual Rows": 119765, "Actual Loops": 1, "Inner Unique": true, "Plans": [{"Node Type": "Nested Loop", "Parent Relationship": "Outer", "Join Type": "Inner", "Startup Cost": 0.0, "Total Cost": 503356.69, "Plan Rows": 86479, "Plan Width": 40, "Actual Startup Time": 0.164, "Actual Total Time": 6543.231, "Actual Rows": 119765, "Actual Loops": 1, "Inner Unique": true, "Plans": [{"Node Type": "Nested Loop", "Parent Relationship": "Outer", "Join Type": "Inner", "Startup Cost": 0.0, "Total Cost": 480423.82, "Plan Rows": 74637, "Plan Width": 32, "Actual Startup Time": 0.068, "Actual Total Time": 2854.98, "Actual Rows": 395341, "Actual Loops": 1, "Inner Unique": false, "Plans": [{"Node Type": "Index Scan", "Parent Relationship": "Outer", "Scan Direction": "Forward", "Index Name": "part_kpey", "Relation Name": "part", "Alias": "part", "Startup Cost": 0.0, "Total Cost": 105803.25, "Plan Rows": 13538, "Plan Width": 8, "Actual Startup Time": 0.048, "Actual Total Time": 1507.382, "Actual Rows": 13163, "Actual Loops": 1, "Filter": "((p_type)::text = 'SMALL PLATED COPPER'::text)", "Rows Removed by Filter": 1986837}, {"Node Type": "Index Scan", "Parent Relationship": "Inner", "Scan Direction": "Forward", "Index Name": "idx_lineitem_part_supp", "Relation Name": "lineitem", "Alias": "lineitem", "Startup Cost": 0.0, "Total Cost": 27.61, "Plan Rows": 6, "Plan Width": 40, "Actual Startup Time": 157.001, "Actual Total Time": 1241.646, "Actual Rows": 395341, "Actual Loops": 13163, "Index Cond": "(l_partkey = part.p_partkey)", "Rows Removed by Index Recheck": 0}]}, {"Node Type": "Index Scan", "Parent Relationship": "Inner", "Scan Direction": "Forward", "Index Name": "orders_pkey", "Relation Name": "orders", "Alias": "orders", "Startup Cost": 0.0, "Total Cost": 0.3, "Plan Rows": 1, "Plan Width": 24, "Actual Startup Time": 3442.495, "Actual Total Time": 3442.495, "Actual Rows": 119765, "Actual Loops": 395341, "Index Cond": "(o_orderkey = lineitem.l_orderkey)", "Rows Removed by Index Recheck": 0, "Filter": "((o_orderdate >= '1995-01-01 00:00:00'::timestamp(0) without time zone) AND (o_orderdate <= '1996-12-31 00:00:00'::timestamp(0) without time zone))", "Rows Removed by Filter": 275576}]}, {"Node Type": "Index Scan", "Parent Relationship": "Inner", "Scan Direction": "Forward", "Index Name": "customer_pkey", "Relation Name": "customer", "Alias": "customer", "Startup Cost": 0.0, "Total Cost": 0.31, "Plan Rows": 1, "Plan Width": 12, "Actual Startup Time": 920.013, "Actual Total Time": 920.013, "Actual Rows": 119765, "Actual Loops": 119765, "Index Cond": "(c_custkey = orders.o_custkey)", "Rows Removed by Index Recheck": 0}]}, {"Node Type": "Materialize", "Parent Relationship": "Inner", "Startup Cost": 0.0, "Total Cost": 20.76, "Plan Rows": 5, "Plan Width": 4, "Actual Startup Time": 14.753, "Actual Total Time": 67.261, "Actual Rows": 598825, "Actual Loops": 119765, "Plans": [{"Node Type": "Nested Loop", "Parent Relationship": "Outer", "Join Type": "Inner", "Startup Cost": 0.0, "Total Cost": 20.74, "Plan Rows": 5, "Plan Width": 4, "Actual Startup Time": 0.015, "Actual Total Time": 0.022, "Actual Rows": 5, "Actual Loops": 1, "Inner Unique": false, "Plans": [{"Node Type": "Index Scan", "Parent Relationship": "Outer", "Scan Direction": "Forward", "Index Name": "region_pkey", "Relation Name": "region", "Alias": "region", "Startup Cost": 0.0, "Total Cost": 12.34, "Plan Rows": 1, "Plan Width": 4, "Actual Startup Time": 0.009, "Actual Total Time": 0.011, "Actual Rows": 1, "Actual Loops": 1, "Filter": "(r_name = 'ASIA'::bpchar)", "Rows Removed by Filter": 4}, {"Node Type": "Index Scan", "Parent Relationship": "Inner", "Scan Direction": "Forward", "Index Name": "idx_nation_regionkey", "Relation Name": "nation", "Alias": "n1", "Startup Cost": 0.0, "Total Cost": 8.35, "Plan Rows": 5, "Plan Width": 8, "Actual Startup Time": 0.004, "Actual Total Time": 0.009, "Actual Rows": 5, "Actual Loops": 1, "Index Cond": "(n_regionkey = region.r_regionkey)", "Rows Removed by Index Recheck": 0}]}]}]}, {"Node Type": "Index Scan", "Parent Relationship": "Inner", "Scan Direction": "Forward", "Index Name": "supplier_pkey", "Relation Name": "supplier", "Alias": "supplier", "Startup Cost": 0.0, "Total Cost": 0.27, "Plan Rows": 1, "Plan Width": 12, "Actual Startup Time": 149.839, "Actual Total Time": 149.839, "Actual Rows": 23929, "Actual Loops": 23929, "Index Cond": "(s_suppkey = lineitem.l_suppkey)", "Rows Removed by Index Recheck": 0}]}, {"Node Type": "Index Scan", "Parent Relationship": "Inner", "Scan Direction": "Forward", "Index Name": "nation_pkey", "Relation Name": "nation", "Alias": "n2", "Startup Cost": 0.0, "Total Cost": 0.27, "Plan Rows": 1, "Plan Width": 30, "Actual Startup Time": 42.432, "Actual Total Time": 42.432, "Actual Rows": 23929, "Actual Loops": 23929, "Index Cond": "(n_nationkey = supplier.s_nationkey)", "Rows Removed by Index Recheck": 0}]}]}]}, "Triggers": [], "Planner Runtime": 2, "Total Runtime": 8110.658, "Unique SQL Id": 3681808042}}, "(1, 50)": {"explain_plan": {"Plan": {"Node Type": "Sort", "Startup Cost": 1223730.05, "Total Cost": 1223730.08, "Plan Rows": 10, "Plan Width": 50, "Sort Key": ["(date_part('year'::text, orders.o_orderdate))"], "Plans": [{"Node Type": "Aggregate", "Strategy": "Hashed", "Parent Relationship": "Outer", "Startup Cost": 1223729.73, "Total Cost": 1223729.88, "Plan Rows": 10, "Plan Width": 50, "Group By Key": ["date_part('year'::text, orders.o_orderdate)"], "Plans": [{"Node Type": "Nested Loop", "Parent Relationship": "Outer", "Join Type": "Inner", "Startup Cost": 4.99, "Total Cost": 1223609.91, "Plan Rows": 5991, "Plan Width": 50, "Inner Unique": true, "Join Filter": "(supplier.s_nationkey = n2.n_nationkey)", "Plans": [{"Node Type": "Nested Loop", "Parent Relationship": "Outer", "Join Type": "Inner", "Startup Cost": 4.99, "Total Cost": 1221347.0, "Plan Rows": 5991, "Plan Width": 28, "Inner Unique": true, "Plans": [{"Node Type": "Nested Loop", "Parent Relationship": "Outer", "Join Type": "Inner", "Startup Cost": 4.73, "Total Cost": 1147315.35, "Plan Rows": 17296, "Plan Width": 32, "Inner Unique": false, "Join Filter": "(n1.n_nationkey = customer.c_nationkey)", "Plans": [{"Node Type": "Nested Loop", "Parent Relationship": "Outer", "Join Type": "Inner", "Startup Cost": 4.73, "Total Cost": 1140826.79, "Plan Rows": 86479, "Plan Width": 36, "Inner Unique": true, "Plans": [{"Node Type": "Nested Loop", "Parent Relationship": "Outer", "Join Type": "Inner", "Startup Cost": 4.47, "Total Cost": 770271.73, "Plan Rows": 86479, "Plan Width": 40, "Inner Unique": true, "Plans": [{"Node Type": "Nested Loop", "Parent Relationship": "Outer", "Join Type": "Inner", "Startup Cost": 4.21, "Total Cost": 450147.9, "Plan Rows": 74637, "Plan Width": 32, "Inner Unique": false, "Plans": [{"Node Type": "Seq Scan", "Parent Relationship": "Outer", "Relation Name": "part", "Alias": "part", "Startup Cost": 0.0, "Total Cost": 66944.0, "Plan Rows": 13538, "Plan Width": 8, "Filter": "((p_type)::text = 'SMALL PLATED COPPER'::text)"}, {"Node Type": "Bitmap Heap Scan", "Parent Relationship": "Inner", "Relation Name": "lineitem", "Alias": "lineitem", "Startup Cost": 4.21, "Total Cost": 28.25, "Plan Rows": 6, "Plan Width": 40, "Recheck Cond": "(l_partkey = part.p_partkey)", "Plans": [{"Node Type": "Bitmap Index Scan", "Parent Relationship": "Outer", "Index Name": "idx_lineitem_part_supp", "Startup Cost": 0.0, "Total Cost": 4.21, "Plan Rows": 6, "Plan Width": 0, "Index Cond": "(l_partkey = part.p_partkey)"}]}]}, {"Node Type": "Bitmap Heap Scan", "Parent Relationship": "Inner", "Relation Name": "orders", "Alias": "orders", "Startup Cost": 0.26, "Total Cost": 4.28, "Plan Rows": 1, "Plan Width": 24, "Recheck Cond": "(o_orderkey = lineitem.l_orderkey)", "Filter": "((o_orderdate >= '1995-01-01 00:00:00'::timestamp(0) without time zone) AND (o_orderdate <= '1996-12-31 00:00:00'::timestamp(0) without time zone))", "Plans": [{"Node Type": "Bitmap Index Scan", "Parent Relationship": "Outer", "Index Name": "orders_pkey", "Startup Cost": 0.0, "Total Cost": 0.26, "Plan Rows": 1, "Plan Width": 0, "Index Cond": "(o_orderkey = lineitem.l_orderkey)"}]}]}, {"Node Type": "Bitmap Heap Scan", "Parent Relationship": "Inner", "Relation Name": "customer", "Alias": "customer", "Startup Cost": 0.26, "Total Cost": 4.27, "Plan Rows": 1, "Plan Width": 12, "Recheck Cond": "(c_custkey = orders.o_custkey)", "Plans": [{"Node Type": "Bitmap Index Scan", "Parent Relationship": "Outer", "Index Name": "customer_pkey", "Startup Cost": 0.0, "Total Cost": 0.26, "Plan Rows": 1, "Plan Width": 0, "Index Cond": "(c_custkey = orders.o_custkey)"}]}]}, {"Node Type": "Materialize", "Parent Relationship": "Inner", "Startup Cost": 0.0, "Total Cost": 2.65, "Plan Rows": 5, "Plan Width": 4, "Plans": [{"Node Type": "Nested Loop", "Parent Relationship": "Outer", "Join Type": "Inner", "Startup Cost": 0.0, "Total Cost": 2.62, "Plan Rows": 5, "Plan Width": 4, "Inner Unique": false, "Join Filter": "(n1.n_regionkey = region.r_regionkey)", "Plans": [{"Node Type": "Seq Scan", "Parent Relationship": "Outer", "Relation Name": "region", "Alias": "region", "Startup Cost": 0.0, "Total Cost": 1.06, "Plan Rows": 1, "Plan Width": 4, "Filter": "(r_name = 'ASIA'::bpchar)"}, {"Node Type": "Seq Scan", "Parent Relationship": "Inner", "Relation Name": "nation", "Alias": "n1", "Startup Cost": 0.0, "Total Cost": 1.25, "Plan Rows": 25, "Plan Width": 8}]}]}]}, {"Node Type": "Bitmap Heap Scan", "Parent Relationship": "Inner", "Relation Name": "supplier", "Alias": "supplier", "Startup Cost": 0.26, "Total Cost": 4.27, "Plan Rows": 1, "Plan Width": 12, "Recheck Cond": "(s_suppkey = lineitem.l_suppkey)", "Plans": [{"Node Type": "Bitmap Index Scan", "Parent Relationship": "Outer", "Index Name": "supplier_pkey", "Startup Cost": 0.0, "Total Cost": 0.26, "Plan Rows": 1, "Plan Width": 0, "Index Cond": "(s_suppkey = lineitem.l_suppkey)"}]}]}, {"Node Type": "Materialize", "Parent Relationship": "Inner", "Startup Cost": 0.0, "Total Cost": 1.38, "Plan Rows": 25, "Plan Width": 30, "Plans": [{"Node Type": "Seq Scan", "Parent Relationship": "Outer", "Relation Name": "nation", "Alias": "n2", "Startup Cost": 0.0, "Total Cost": 1.25, "Plan Rows": 25, "Plan Width": 30}]}]}]}]}, "Unique SQL Id": 3681808042, "Planner Runtime": 3}, "explain_analyze_plan": {"Plan": {"Node Type": "Sort", "Startup Cost": 1223730.05, "Total Cost": 1223730.08, "Plan Rows": 10, "Plan Width": 50, "Actual Startup Time": 8482.76, "Actual Total Time": 8482.76, "Actual Rows": 2, "Actual Loops": 1, "Sort Key": ["(date_part('year'::text, orders.o_orderdate))"], "Sort Method": "quicksort", "Sort Space Used": 25, "Sort Space Type": "Memory", "Plans": [{"Node Type": "Aggregate", "Strategy": "Hashed", "Parent Relationship": "Outer", "Startup Cost": 1223729.73, "Total Cost": 1223729.88, "Plan Rows": 10, "Plan Width": 50, "Actual Startup Time": 8482.741, "Actual Total Time": 8482.741, "Actual Rows": 2, "Actual Loops": 1, "Group By Key": ["date_part('year'::text, orders.o_orderdate)"], "Plans": [{"Node Type": "Nested Loop", "Parent Relationship": "Outer", "Join Type": "Inner", "Startup Cost": 4.99, "Total Cost": 1223609.91, "Plan Rows": 5991, "Plan Width": 50, "Actual Startup Time": 0.294, "Actual Total Time": 8436.309, "Actual Rows": 23929, "Actual Loops": 1, "Inner Unique": true, "Join Filter": "(supplier.s_nationkey = n2.n_nationkey)", "Rows Removed by Join Filter": 288173, "Plans": [{"Node Type": "Nested Loop", "Parent Relationship": "Outer", "Join Type": "Inner", "Startup Cost": 4.99, "Total Cost": 1221347.0, "Plan Rows": 5991, "Plan Width": 28, "Actual Startup Time": 0.26, "Actual Total Time": 8310.449, "Actual Rows": 23929, "Actual Loops": 1, "Inner Unique": true, "Plans": [{"Node Type": "Nested Loop", "Parent Relationship": "Outer", "Join Type": "Inner", "Startup Cost": 4.73, "Total Cost": 1147315.35, "Plan Rows": 17296, "Plan Width": 32, "Actual Startup Time": 0.245, "Actual Total Time": 8091.743, "Actual Rows": 23929, "Actual Loops": 1, "Inner Unique": false, "Join Filter": "(n1.n_nationkey = customer.c_nationkey)", "Rows Removed by Join Filter": 574896, "Plans": [{"Node Type": "Nested Loop", "Parent Relationship": "Outer", "Join Type": "Inner", "Startup Cost": 4.73, "Total Cost": 1140826.79, "Plan Rows": 86479, "Plan Width": 36, "Actual Startup Time": 0.165, "Actual Total Time": 7859.141, "Actual Rows": 119765, "Actual Loops": 1, "Inner Unique": true, "Plans": [{"Node Type": "Nested Loop", "Parent Relationship": "Outer", "Join Type": "Inner", "Startup Cost": 4.47, "Total Cost": 770271.73, "Plan Rows": 86479, "Plan Width": 40, "Actual Startup Time": 0.143, "Actual Total Time": 6661.43, "Actual Rows": 119765, "Actual Loops": 1, "Inner Unique": true, "Plans": [{"Node Type": "Nested Loop", "Parent Relationship": "Outer", "Join Type": "Inner", "Startup Cost": 4.21, "Total Cost": 450147.9, "Plan Rows": 74637, "Plan Width": 32, "Actual Startup Time": 0.084, "Actual Total Time": 2368.794, "Actual Rows": 395341, "Actual Loops": 1, "Inner Unique": false, "Plans": [{"Node Type": "Seq Scan", "Parent Relationship": "Outer", "Relation Name": "part", "Alias": "part", "Startup Cost": 0.0, "Total Cost": 66944.0, "Plan Rows": 13538, "Plan Width": 8, "Actual Startup Time": 0.033, "Actual Total Time": 787.63, "Actual Rows": 13163, "Actual Loops": 1, "Filter": "((p_type)::text = 'SMALL PLATED COPPER'::text)", "Rows Removed by Filter": 1986837}, {"Node Type": "Bitmap Heap Scan", "Parent Relationship": "Inner", "Relation Name": "lineitem", "Alias": "lineitem", "Startup Cost": 4.21, "Total Cost": 28.25, "Plan Rows": 6, "Plan Width": 40, "Actual Startup Time": 272.018, "Actual Total Time": 1455.335, "Actual Rows": 395341, "Actual Loops": 13163, "Recheck Cond": "(l_partkey = part.p_partkey)", "Rows Removed by Index Recheck": 0, "Exact Heap Blocks": 395337, "Lossy Heap Blocks": 395337, "Plans": [{"Node Type": "Bitmap Index Scan", "Parent Relationship": "Outer", "Index Name": "idx_lineitem_part_supp", "Startup Cost": 0.0, "Total Cost": 4.21, "Plan Rows": 6, "Plan Width": 0, "Actual Startup Time": 169.949, "Actual Total Time": 169.949, "Actual Rows": 395341, "Actual Loops": 13163, "Index Cond": "(l_partkey = part.p_partkey)"}]}]}, {"Node Type": "Bitmap Heap Scan", "Parent Relationship": "Inner", "Relation Name": "orders", "Alias": "orders", "Startup Cost": 0.26, "Total Cost": 4.28, "Plan Rows": 1, "Plan Width": 24, "Actual Startup Time": 3809.202, "Actual Total Time": 3809.202, "Actual Rows": 119765, "Actual Loops": 395341, "Recheck Cond": "(o_orderkey = lineitem.l_orderkey)", "Rows Removed by Index Recheck": 0, "Filter": "((o_orderdate >= '1995-01-01 00:00:00'::timestamp(0) without time zone) AND (o_orderdate <= '1996-12-31 00:00:00'::timestamp(0) without time zone))", "Rows Removed by Filter": 275576, "Exact Heap Blocks": 395341, "Lossy Heap Blocks": 395341, "Plans": [{"Node Type": "Bitmap Index Scan", "Parent Relationship": "Outer", "Index Name": "orders_pkey", "Startup Cost": 0.0, "Total Cost": 0.26, "Plan Rows": 1, "Plan Width": 0, "Actual Startup Time": 2364.614, "Actual Total Time": 2364.614, "Actual Rows": 395341, "Actual Loops": 395341, "Index Cond": "(o_orderkey = lineitem.l_orderkey)"}]}]}, {"Node Type": "Bitmap Heap Scan", "Parent Relationship": "Inner", "Relation Name": "customer", "Alias": "customer", "Startup Cost": 0.26, "Total Cost": 4.27, "Plan Rows": 1, "Plan Width": 12, "Actual Startup Time": 1032.067, "Actual Total Time": 1032.067, "Actual Rows": 119765, "Actual Loops": 119765, "Recheck Cond": "(c_custkey = orders.o_custkey)", "Rows Removed by Index Recheck": 0, "Exact Heap Blocks": 119765, "Lossy Heap Blocks": 119765, "Plans": [{"Node Type": "Bitmap Index Scan", "Parent Relationship": "Outer", "Index Name": "customer_pkey", "Startup Cost": 0.0, "Total Cost": 0.26, "Plan Rows": 1, "Plan Width": 0, "Actual Startup Time": 648.246, "Actual Total Time": 648.246, "Actual Rows": 119765, "Actual Loops": 119765, "Index Cond": "(c_custkey = orders.o_custkey)"}]}]}, {"Node Type": "Materialize", "Parent Relationship": "Inner", "Startup Cost": 0.0, "Total Cost": 2.65, "Plan Rows": 5, "Plan Width": 4, "Actual Startup Time": 15.131, "Actual Total Time": 66.211, "Actual Rows": 598825, "Actual Loops": 119765, "Plans": [{"Node Type": "Nested Loop", "Parent Relationship": "Outer", "Join Type": "Inner", "Startup Cost": 0.0, "Total Cost": 2.62, "Plan Rows": 5, "Plan Width": 4, "Actual Startup Time": 0.027, "Actual Total Time": 0.036, "Actual Rows": 5, "Actual Loops": 1, "Inner Unique": false, "Join Filter": "(n1.n_regionkey = region.r_regionkey)", "Rows Removed by Join Filter": 20, "Plans": [{"Node Type": "Seq Scan", "Parent Relationship": "Outer", "Relation Name": "region", "Alias": "region", "Startup Cost": 0.0, "Total Cost": 1.06, "Plan Rows": 1, "Plan Width": 4, "Actual Startup Time": 0.01, "Actual Total Time": 0.011, "Actual Rows": 1, "Actual Loops": 1, "Filter": "(r_name = 'ASIA'::bpchar)", "Rows Removed by Filter": 4}, {"Node Type": "Seq Scan", "Parent Relationship": "Inner", "Relation Name": "nation", "Alias": "n1", "Startup Cost": 0.0, "Total Cost": 1.25, "Plan Rows": 25, "Plan Width": 8, "Actual Startup Time": 0.007, "Actual Total Time": 0.012, "Actual Rows": 25, "Actual Loops": 1}]}]}]}, {"Node Type": "Bitmap Heap Scan", "Parent Relationship": "Inner", "Relation Name": "supplier", "Alias": "supplier", "Startup Cost": 0.26, "Total Cost": 4.27, "Plan Rows": 1, "Plan Width": 12, "Actual Startup Time": 177.104, "Actual Total Time": 177.104, "Actual Rows": 23929, "Actual Loops": 23929, "Recheck Cond": "(s_suppkey = lineitem.l_suppkey)", "Rows Removed by Index Recheck": 0, "Exact Heap Blocks": 23929, "Lossy Heap Blocks": 23929, "Plans": [{"Node Type": "Bitmap Index Scan", "Parent Relationship": "Outer", "Index Name": "supplier_pkey", "Startup Cost": 0.0, "Total Cost": 0.26, "Plan Rows": 1, "Plan Width": 0, "Actual Startup Time": 99.458, "Actual Total Time": 99.458, "Actual Rows": 23929, "Actual Loops": 23929, "Index Cond": "(s_suppkey = lineitem.l_suppkey)"}]}]}, {"Node Type": "Materialize", "Parent Relationship": "Inner", "Startup Cost": 0.0, "Total Cost": 1.38, "Plan Rows": 25, "Plan Width": 30, "Actual Startup Time": 2.589, "Actual Total Time": 27.676, "Actual Rows": 312102, "Actual Loops": 23929, "Plans": [{"Node Type": "Seq Scan", "Parent Relationship": "Outer", "Relation Name": "nation", "Alias": "n2", "Startup Cost": 0.0, "Total Cost": 1.25, "Plan Rows": 25, "Plan Width": 30, "Actual Startup Time": 0.011, "Actual Total Time": 0.017, "Actual Rows": 25, "Actual Loops": 1}]}]}]}]}, "Triggers": [], "Planner Runtime": 2, "Total Runtime": 8483.162, "Unique SQL Id": 3681808042}}, "(1, 51)": {"explain_plan": {"Plan": {"Node Type": "Sort", "Startup Cost": 66661878.45, "Total Cost": 66661878.48, "Plan Rows": 10, "Plan Width": 50, "Sort Key": ["(date_part('year'::text, orders.o_orderdate))"], "Plans": [{"Node Type": "Aggregate", "Strategy": "Hashed", "Parent Relationship": "Outer", "Startup Cost": 66661878.14, "Total Cost": 66661878.29, "Plan Rows": 10, "Plan Width": 50, "Group By Key": ["date_part('year'::text, orders.o_orderdate)"], "Plans": [{"Node Type": "Nested Loop", "Parent Relationship": "Outer", "Join Type": "Inner", "Startup Cost": 115915.31, "Total Cost": 66661758.32, "Plan Rows": 5991, "Plan Width": 50, "Inner Unique": true, "Plans": [{"Node Type": "Nested Loop", "Parent Relationship": "Outer", "Join Type": "Inner", "Startup Cost": 115915.05, "Total Cost": 66636099.88, "Plan Rows": 5991, "Plan Width": 28, "Inner Unique": true, "Plans": [{"Node Type": "Nested Loop", "Parent Relationship": "Outer", "Join Type": "Inner", "Startup Cost": 115914.79, "Total Cost": 66562068.23, "Plan Rows": 17296, "Plan Width": 32, "Inner Unique": true, "Plans": [{"Node Type": "Nested Loop", "Parent Relationship": "Outer", "Join Type": "Inner", "Startup Cost": 115914.53, "Total Cost": 45938880.46, "Plan Rows": 4814867, "Plan Width": 40, "Inner Unique": false, "Plans": [{"Node Type": "Nested Loop", "Parent Relationship": "Outer", "Join Type": "Inner", "Startup Cost": 115914.01, "Total Cost": 43432501.27, "Plan Rows": 530296, "Plan Width": 16, "Inner Unique": true, "Plans": [{"Node Type": "Nested Loop", "Parent Relationship": "Outer", "Join Type": "Inner", "Startup Cost": 115913.43, "Total Cost": 31228406.3, "Plan Rows": 2651479, "Plan Width": 20, "Inner Unique": true, "Plans": [{"Node Type": "Nested Loop", "Parent Relationship": "Outer", "Join Type": "Inner", "Startup Cost": 115913.17, "Total Cost": 19879399.17, "Plan Rows": 2651479, "Plan Width": 20, "Inner Unique": true, "Plans": [{"Node Type": "Bitmap Heap Scan", "Parent Relationship": "Outer", "Relation Name": "orders", "Alias": "orders", "Startup Cost": 115912.91, "Total Cost": 460311.42, "Plan Rows": 4531967, "Plan Width": 24, "Recheck Cond": "((o_orderdate >= '1995-01-01 00:00:00'::timestamp(0) without time zone) AND (o_orderdate <= '1996-12-31 00:00:00'::timestamp(0) without time zone)), (LLVM Optimized)", "Plans": [{"Node Type": "Bitmap Index Scan", "Parent Relationship": "Outer", "Index Name": "idx_orders_orderdate", "Startup Cost": 0.0, "Total Cost": 114779.92, "Plan Rows": 4531967, "Plan Width": 0, "Index Cond": "((o_orderdate >= '1995-01-01 00:00:00'::timestamp(0) without time zone) AND (o_orderdate <= '1996-12-31 00:00:00'::timestamp(0) without time zone))"}]}, {"Node Type": "Bitmap Heap Scan", "Parent Relationship": "Inner", "Relation Name": "customer", "Alias": "customer", "Startup Cost": 0.26, "Total Cost": 4.27, "Plan Rows": 1, "Plan Width": 12, "Recheck Cond": "(c_custkey = orders.o_custkey)", "Plans": [{"Node Type": "Bitmap Index Scan", "Parent Relationship": "Outer", "Index Name": "customer_pkey", "Startup Cost": 0.0, "Total Cost": 0.26, "Plan Rows": 1, "Plan Width": 0, "Index Cond": "(c_custkey = orders.o_custkey)"}]}]}, {"Node Type": "Bitmap Heap Scan", "Parent Relationship": "Inner", "Relation Name": "nation", "Alias": "n1", "Startup Cost": 0.26, "Total Cost": 4.27, "Plan Rows": 1, "Plan Width": 8, "Recheck Cond": "(n_nationkey = customer.c_nationkey)", "Plans": [{"Node Type": "Bitmap Index Scan", "Parent Relationship": "Outer", "Index Name": "nation_pkey", "Startup Cost": 0.0, "Total Cost": 0.26, "Plan Rows": 1, "Plan Width": 0, "Index Cond": "(n_nationkey = customer.c_nationkey)"}]}]}, {"Node Type": "Bitmap Heap Scan", "Parent Relationship": "Inner", "Relation Name": "region", "Alias": "region", "Startup Cost": 0.58, "Total Cost": 4.59, "Plan Rows": 1, "Plan Width": 4, "Recheck Cond": "(r_regionkey = n1.n_regionkey)", "Filter": "(r_name = 'ASIA'::bpchar)", "Plans": [{"Node Type": "Bitmap Index Scan", "Parent Relationship": "Outer", "Index Name": "region_pkey", "Startup Cost": 0.0, "Total Cost": 0.58, "Plan Rows": 1, "Plan Width": 0, "Index Cond": "(r_regionkey = n1.n_regionkey)"}]}]}, {"Node Type": "Bitmap Heap Scan", "Parent Relationship": "Inner", "Relation Name": "lineitem", "Alias": "lineitem", "Startup Cost": 0.52, "Total Cost": 4.64, "Plan Rows": 9, "Plan Width": 40, "Recheck Cond": "(l_orderkey = orders.o_orderkey)", "Plans": [{"Node Type": "Bitmap Index Scan", "Parent Relationship": "Outer", "Index Name": "idx_lineitem_orderkey", "Startup Cost": 0.0, "Total Cost": 0.52, "Plan Rows": 9, "Plan Width": 0, "Index Cond": "(l_orderkey = orders.o_orderkey)"}]}]}, {"Node Type": "Bitmap Heap Scan", "Parent Relationship": "Inner", "Relation Name": "part", "Alias": "part", "Startup Cost": 0.26, "Total Cost": 4.27, "Plan Rows": 1, "Plan Width": 8, "Recheck Cond": "(p_partkey = lineitem.l_partkey)", "Filter": "((p_type)::text = 'SMALL PLATED COPPER'::text)", "Plans": [{"Node Type": "Bitmap Index Scan", "Parent Relationship": "Outer", "Index Name": "part_kpey", "Startup Cost": 0.0, "Total Cost": 0.26, "Plan Rows": 1, "Plan Width": 0, "Index Cond": "(p_partkey = lineitem.l_partkey)"}]}]}, {"Node Type": "Bitmap Heap Scan", "Parent Relationship": "Inner", "Relation Name": "supplier", "Alias": "supplier", "Startup Cost": 0.26, "Total Cost": 4.27, "Plan Rows": 1, "Plan Width": 12, "Recheck Cond": "(s_suppkey = lineitem.l_suppkey)", "Plans": [{"Node Type": "Bitmap Index Scan", "Parent Relationship": "Outer", "Index Name": "supplier_pkey", "Startup Cost": 0.0, "Total Cost": 0.26, "Plan Rows": 1, "Plan Width": 0, "Index Cond": "(s_suppkey = lineitem.l_suppkey)"}]}]}, {"Node Type": "Bitmap Heap Scan", "Parent Relationship": "Inner", "Relation Name": "nation", "Alias": "n2", "Startup Cost": 0.26, "Total Cost": 4.27, "Plan Rows": 1, "Plan Width": 30, "Recheck Cond": "(n_nationkey = supplier.s_nationkey)", "Plans": [{"Node Type": "Bitmap Index Scan", "Parent Relationship": "Outer", "Index Name": "nation_pkey", "Startup Cost": 0.0, "Total Cost": 0.26, "Plan Rows": 1, "Plan Width": 0, "Index Cond": "(n_nationkey = supplier.s_nationkey)"}]}]}]}]}, "Unique SQL Id": 3681808042, "Planner Runtime": 2}, "explain_analyze_plan": null}, "(1, 52)": {"explain_plan": {"Plan": {"Node Type": "Sort", "Startup Cost": 505096.47, "Total Cost": 505096.49, "Plan Rows": 10, "Plan Width": 50, "Sort Key": ["(date_part('year'::text, orders.o_orderdate))"], "Plans": [{"Node Type": "Aggregate", "Strategy": "Hashed", "Parent Relationship": "Outer", "Startup Cost": 505096.15, "Total Cost": 505096.3, "Plan Rows": 10, "Plan Width": 50, "Group By Key": ["date_part('year'::text, orders.o_orderdate)"], "Plans": [{"Node Type": "Nested Loop", "Parent Relationship": "Outer", "Join Type": "Inner", "Startup Cost": 0.0, "Total Cost": 504976.33, "Plan Rows": 5991, "Plan Width": 50, "Inner Unique": true, "Plans": [{"Node Type": "Nested Loop", "Parent Relationship": "Outer", "Join Type": "Inner", "Startup Cost": 0.0, "Total Cost": 503283.15, "Plan Rows": 5991, "Plan Width": 28, "Inner Unique": true, "Plans": [{"Node Type": "Nested Loop", "Parent Relationship": "Outer", "Join Type": "Inner", "Startup Cost": 0.0, "Total Cost": 498437.19, "Plan Rows": 17296, "Plan Width": 32, "Inner Unique": false, "Join Filter": "(n1.n_nationkey = customer.c_nationkey)", "Plans": [{"Node Type": "Nested Loop", "Parent Relationship": "Outer", "Join Type": "Inner", "Startup Cost": 0.0, "Total Cost": 491948.63, "Plan Rows": 86479, "Plan Width": 36, "Inner Unique": true, "Plans": [{"Node Type": "Nested Loop", "Parent Relationship": "Outer", "Join Type": "Inner", "Startup Cost": 0.0, "Total Cost": 464497.44, "Plan Rows": 86479, "Plan Width": 40, "Inner Unique": true, "Plans": [{"Node Type": "Nested Loop", "Parent Relationship": "Outer", "Join Type": "Inner", "Startup Cost": 0.0, "Total Cost": 441564.57, "Plan Rows": 74637, "Plan Width": 32, "Inner Unique": false, "Plans": [{"Node Type": "Seq Scan", "Parent Relationship": "Outer", "Relation Name": "part", "Alias": "part", "Startup Cost": 0.0, "Total Cost": 66944.0, "Plan Rows": 13538, "Plan Width": 8, "Filter": "((p_type)::text = 'SMALL PLATED COPPER'::text)"}, {"Node Type": "Index Scan", "Parent Relationship": "Inner", "Scan Direction": "Forward", "Index Name": "idx_lineitem_part_supp", "Relation Name": "lineitem", "Alias": "lineitem", "Startup Cost": 0.0, "Total Cost": 27.61, "Plan Rows": 6, "Plan Width": 40, "Index Cond": "(l_partkey = part.p_partkey)"}]}, {"Node Type": "Index Scan", "Parent Relationship": "Inner", "Scan Direction": "Forward", "Index Name": "orders_pkey", "Relation Name": "orders", "Alias": "orders", "Startup Cost": 0.0, "Total Cost": 0.3, "Plan Rows": 1, "Plan Width": 24, "Index Cond": "(o_orderkey = lineitem.l_orderkey)", "Filter": "((o_orderdate >= '1995-01-01 00:00:00'::timestamp(0) without time zone) AND (o_orderdate <= '1996-12-31 00:00:00'::timestamp(0) without time zone))"}]}, {"Node Type": "Index Scan", "Parent Relationship": "Inner", "Scan Direction": "Forward", "Index Name": "customer_pkey", "Relation Name": "customer", "Alias": "customer", "Startup Cost": 0.0, "Total Cost": 0.31, "Plan Rows": 1, "Plan Width": 12, "Index Cond": "(c_custkey = orders.o_custkey)"}]}, {"Node Type": "Materialize", "Parent Relationship": "Inner", "Startup Cost": 0.0, "Total Cost": 2.65, "Plan Rows": 5, "Plan Width": 4, "Plans": [{"Node Type": "Nested Loop", "Parent Relationship": "Outer", "Join Type": "Inner", "Startup Cost": 0.0, "Total Cost": 2.62, "Plan Rows": 5, "Plan Width": 4, "Inner Unique": false, "Join Filter": "(n1.n_regionkey = region.r_regionkey)", "Plans": [{"Node Type": "Seq Scan", "Parent Relationship": "Outer", "Relation Name": "region", "Alias": "region", "Startup Cost": 0.0, "Total Cost": 1.06, "Plan Rows": 1, "Plan Width": 4, "Filter": "(r_name = 'ASIA'::bpchar)"}, {"Node Type": "Seq Scan", "Parent Relationship": "Inner", "Relation Name": "nation", "Alias": "n1", "Startup Cost": 0.0, "Total Cost": 1.25, "Plan Rows": 25, "Plan Width": 8}]}]}]}, {"Node Type": "Index Scan", "Parent Relationship": "Inner", "Scan Direction": "Forward", "Index Name": "supplier_pkey", "Relation Name": "supplier", "Alias": "supplier", "Startup Cost": 0.0, "Total Cost": 0.27, "Plan Rows": 1, "Plan Width": 12, "Index Cond": "(s_suppkey = lineitem.l_suppkey)"}]}, {"Node Type": "Index Scan", "Parent Relationship": "Inner", "Scan Direction": "Forward", "Index Name": "nation_pkey", "Relation Name": "nation", "Alias": "n2", "Startup Cost": 0.0, "Total Cost": 0.27, "Plan Rows": 1, "Plan Width": 30, "Index Cond": "(n_nationkey = supplier.s_nationkey)"}]}]}]}, "Unique SQL Id": 3681808042, "Planner Runtime": 2}, "explain_analyze_plan": {"Plan": {"Node Type": "Sort", "Startup Cost": 505096.47, "Total Cost": 505096.49, "Plan Rows": 10, "Plan Width": 50, "Actual Startup Time": 6667.023, "Actual Total Time": 6667.023, "Actual Rows": 2, "Actual Loops": 1, "Sort Key": ["(date_part('year'::text, orders.o_orderdate))"], "Sort Method": "quicksort", "Sort Space Used": 25, "Sort Space Type": "Memory", "Plans": [{"Node Type": "Aggregate", "Strategy": "Hashed", "Parent Relationship": "Outer", "Startup Cost": 505096.15, "Total Cost": 505096.3, "Plan Rows": 10, "Plan Width": 50, "Actual Startup Time": 6666.995, "Actual Total Time": 6666.997, "Actual Rows": 2, "Actual Loops": 1, "Group By Key": ["date_part('year'::text, orders.o_orderdate)"], "Plans": [{"Node Type": "Nested Loop", "Parent Relationship": "Outer", "Join Type": "Inner", "Startup Cost": 0.0, "Total Cost": 504976.33, "Plan Rows": 5991, "Plan Width": 50, "Actual Startup Time": 0.426, "Actual Total Time": 6626.925, "Actual Rows": 23929, "Actual Loops": 1, "Inner Unique": true, "Plans": [{"Node Type": "Nested Loop", "Parent Relationship": "Outer", "Join Type": "Inner", "Startup Cost": 0.0, "Total Cost": 503283.15, "Plan Rows": 5991, "Plan Width": 28, "Actual Startup Time": 0.413, "Actual Total Time": 6538.132, "Actual Rows": 23929, "Actual Loops": 1, "Inner Unique": true, "Plans": [{"Node Type": "Nested Loop", "Parent Relationship": "Outer", "Join Type": "Inner", "Startup Cost": 0.0, "Total Cost": 498437.19, "Plan Rows": 17296, "Plan Width": 32, "Actual Startup Time": 0.402, "Actual Total Time": 6376.3, "Actual Rows": 23929, "Actual Loops": 1, "Inner Unique": false, "Join Filter": "(n1.n_nationkey = customer.c_nationkey)", "Rows Removed by Join Filter": 574896, "Plans": [{"Node Type": "Nested Loop", "Parent Relationship": "Outer", "Join Type": "Inner", "Startup Cost": 0.0, "Total Cost": 491948.63, "Plan Rows": 86479, "Plan Width": 36, "Actual Startup Time": 0.194, "Actual Total Time": 6158.929, "Actual Rows": 119765, "Actual Loops": 1, "Inner Unique": true, "Plans": [{"Node Type": "Nested Loop", "Parent Relationship": "Outer", "Join Type": "Inner", "Startup Cost": 0.0, "Total Cost": 464497.44, "Plan Rows": 86479, "Plan Width": 40, "Actual Startup Time": 0.184, "Actual Total Time": 5243.29, "Actual Rows": 119765, "Actual Loops": 1, "Inner Unique": true, "Plans": [{"Node Type": "Nested Loop", "Parent Relationship": "Outer", "Join Type": "Inner", "Startup Cost": 0.0, "Total Cost": 441564.57, "Plan Rows": 74637, "Plan Width": 32, "Actual Startup Time": 0.073, "Actual Total Time": 1943.41, "Actual Rows": 395341, "Actual Loops": 1, "Inner Unique": false, "Plans": [{"Node Type": "Seq Scan", "Parent Relationship": "Outer", "Relation Name": "part", "Alias": "part", "Startup Cost": 0.0, "Total Cost": 66944.0, "Plan Rows": 13538, "Plan Width": 8, "Actual Startup Time": 0.034, "Actual Total Time": 762.451, "Actual Rows": 13163, "Actual Loops": 1, "Filter": "((p_type)::text = 'SMALL PLATED COPPER'::text)", "Rows Removed by Filter": 1986837}, {"Node Type": "Index Scan", "Parent Relationship": "Inner", "Scan Direction": "Forward", "Index Name": "idx_lineitem_part_supp", "Relation Name": "lineitem", "Alias": "lineitem", "Startup Cost": 0.0, "Total Cost": 27.61, "Plan Rows": 6, "Plan Width": 40, "Actual Startup Time": 149.18, "Actual Total Time": 1074.779, "Actual Rows": 395341, "Actual Loops": 13163, "Index Cond": "(l_partkey = part.p_partkey)", "Rows Removed by Index Recheck": 0}]}, {"Node Type": "Index Scan", "Parent Relationship": "Inner", "Scan Direction": "Forward", "Index Name": "orders_pkey", "Relation Name": "orders", "Alias": "orders", "Startup Cost": 0.0, "Total Cost": 0.3, "Plan Rows": 1, "Plan Width": 24, "Actual Startup Time": 3052.025, "Actual Total Time": 3052.025, "Actual Rows": 119765, "Actual Loops": 395341, "Index Cond": "(o_orderkey = lineitem.l_orderkey)", "Rows Removed by Index Recheck": 0, "Filter": "((o_orderdate >= '1995-01-01 00:00:00'::timestamp(0) without time zone) AND (o_orderdate <= '1996-12-31 00:00:00'::timestamp(0) without time zone))", "Rows Removed by Filter": 275576}]}, {"Node Type": "Index Scan", "Parent Relationship": "Inner", "Scan Direction": "Forward", "Index Name": "customer_pkey", "Relation Name": "customer", "Alias": "customer", "Startup Cost": 0.0, "Total Cost": 0.31, "Plan Rows": 1, "Plan Width": 12, "Actual Startup Time": 807.54, "Actual Total Time": 807.54, "Actual Rows": 119765, "Actual Loops": 119765, "Index Cond": "(c_custkey = orders.o_custkey)", "Rows Removed by Index Recheck": 0}]}, {"Node Type": "Materialize", "Parent Relationship": "Inner", "Startup Cost": 0.0, "Total Cost": 2.65, "Plan Rows": 5, "Plan Width": 4, "Actual Startup Time": 12.511, "Actual Total Time": 64.751, "Actual Rows": 598825, "Actual Loops": 119765, "Plans": [{"Node Type": "Nested Loop", "Parent Relationship": "Outer", "Join Type": "Inner", "Startup Cost": 0.0, "Total Cost": 2.62, "Plan Rows": 5, "Plan Width": 4, "Actual Startup Time": 0.039, "Actual Total Time": 0.047, "Actual Rows": 5, "Actual Loops": 1, "Inner Unique": false, "Join Filter": "(n1.n_regionkey = region.r_regionkey)", "Rows Removed by Join Filter": 20, "Plans": [{"Node Type": "Seq Scan", "Parent Relationship": "Outer", "Relation Name": "region", "Alias": "region", "Startup Cost": 0.0, "Total Cost": 1.06, "Plan Rows": 1, "Plan Width": 4, "Actual Startup Time": 0.009, "Actual Total Time": 0.01, "Actual Rows": 1, "Actual Loops": 1, "Filter": "(r_name = 'ASIA'::bpchar)", "Rows Removed by Filter": 4}, {"Node Type": "Seq Scan", "Parent Relationship": "Inner", "Relation Name": "nation", "Alias": "n1", "Startup Cost": 0.0, "Total Cost": 1.25, "Plan Rows": 25, "Plan Width": 8, "Actual Startup Time": 0.018, "Actual Total Time": 0.022, "Actual Rows": 25, "Actual Loops": 1}]}]}]}, {"Node Type": "Index Scan", "Parent Relationship": "Inner", "Scan Direction": "Forward", "Index Name": "supplier_pkey", "Relation Name": "supplier", "Alias": "supplier", "Startup Cost": 0.0, "Total Cost": 0.27, "Plan Rows": 1, "Plan Width": 12, "Actual Startup Time": 130.532, "Actual Total Time": 130.532, "Actual Rows": 23929, "Actual Loops": 23929, "Index Cond": "(s_suppkey = lineitem.l_suppkey)", "Rows Removed by Index Recheck": 0}]}, {"Node Type": "Index Scan", "Parent Relationship": "Inner", "Scan Direction": "Forward", "Index Name": "nation_pkey", "Relation Name": "nation", "Alias": "n2", "Startup Cost": 0.0, "Total Cost": 0.27, "Plan Rows": 1, "Plan Width": 30, "Actual Startup Time": 41.763, "Actual Total Time": 41.763, "Actual Rows": 23929, "Actual Loops": 23929, "Index Cond": "(n_nationkey = supplier.s_nationkey)", "Rows Removed by Index Recheck": 0}]}]}]}, "Triggers": [], "Planner Runtime": 2, "Total Runtime": 6667.486, "Unique SQL Id": 3681808042}}, "(1, 53)": {"explain_plan": {"Plan": {"Node Type": "Sort", "Startup Cost": 543973.83, "Total Cost": 543973.85, "Plan Rows": 10, "Plan Width": 50, "Sort Key": ["(date_part('year'::text, orders.o_orderdate))"], "Plans": [{"Node Type": "Aggregate", "Strategy": "Hashed", "Parent Relationship": "Outer", "Startup Cost": 543973.51, "Total Cost": 543973.66, "Plan Rows": 10, "Plan Width": 50, "Group By Key": ["date_part('year'::text, orders.o_orderdate)"], "Plans": [{"Node Type": "Nested Loop", "Parent Relationship": "Outer", "Join Type": "Inner", "Startup Cost": 0.0, "Total Cost": 543853.69, "Plan Rows": 5991, "Plan Width": 50, "Inner Unique": true, "Plans": [{"Node Type": "Nested Loop", "Parent Relationship": "Outer", "Join Type": "Inner", "Startup Cost": 0.0, "Total Cost": 542160.52, "Plan Rows": 5991, "Plan Width": 28, "Inner Unique": true, "Plans": [{"Node Type": "Nested Loop", "Parent Relationship": "Outer", "Join Type": "Inner", "Startup Cost": 0.0, "Total Cost": 537314.56, "Plan Rows": 17296, "Plan Width": 32, "Inner Unique": false, "Join Filter": "(n1.n_nationkey = customer.c_nationkey)", "Plans": [{"Node Type": "Nested Loop", "Parent Relationship": "Outer", "Join Type": "Inner", "Startup Cost": 0.0, "Total Cost": 530807.88, "Plan Rows": 86479, "Plan Width": 36, "Inner Unique": true, "Plans": [{"Node Type": "Nested Loop", "Parent Relationship": "Outer", "Join Type": "Inner", "Startup Cost": 0.0, "Total Cost": 503356.69, "Plan Rows": 86479, "Plan Width": 40, "Inner Unique": true, "Plans": [{"Node Type": "Nested Loop", "Parent Relationship": "Outer", "Join Type": "Inner", "Startup Cost": 0.0, "Total Cost": 480423.82, "Plan Rows": 74637, "Plan Width": 32, "Inner Unique": false, "Plans": [{"Node Type": "Index Scan", "Parent Relationship": "Outer", "Scan Direction": "Forward", "Index Name": "part_kpey", "Relation Name": "part", "Alias": "part", "Startup Cost": 0.0, "Total Cost": 105803.25, "Plan Rows": 13538, "Plan Width": 8, "Filter": "((p_type)::text = 'SMALL PLATED COPPER'::text)"}, {"Node Type": "Index Scan", "Parent Relationship": "Inner", "Scan Direction": "Forward", "Index Name": "idx_lineitem_part_supp", "Relation Name": "lineitem", "Alias": "lineitem", "Startup Cost": 0.0, "Total Cost": 27.61, "Plan Rows": 6, "Plan Width": 40, "Index Cond": "(l_partkey = part.p_partkey)"}]}, {"Node Type": "Index Scan", "Parent Relationship": "Inner", "Scan Direction": "Forward", "Index Name": "orders_pkey", "Relation Name": "orders", "Alias": "orders", "Startup Cost": 0.0, "Total Cost": 0.3, "Plan Rows": 1, "Plan Width": 24, "Index Cond": "(o_orderkey = lineitem.l_orderkey)", "Filter": "((o_orderdate >= '1995-01-01 00:00:00'::timestamp(0) without time zone) AND (o_orderdate <= '1996-12-31 00:00:00'::timestamp(0) without time zone))"}]}, {"Node Type": "Index Scan", "Parent Relationship": "Inner", "Scan Direction": "Forward", "Index Name": "customer_pkey", "Relation Name": "customer", "Alias": "customer", "Startup Cost": 0.0, "Total Cost": 0.31, "Plan Rows": 1, "Plan Width": 12, "Index Cond": "(c_custkey = orders.o_custkey)"}]}, {"Node Type": "Materialize", "Parent Relationship": "Inner", "Startup Cost": 0.0, "Total Cost": 20.76, "Plan Rows": 5, "Plan Width": 4, "Plans": [{"Node Type": "Nested Loop", "Parent Relationship": "Outer", "Join Type": "Inner", "Startup Cost": 0.0, "Total Cost": 20.74, "Plan Rows": 5, "Plan Width": 4, "Inner Unique": false, "Plans": [{"Node Type": "Index Scan", "Parent Relationship": "Outer", "Scan Direction": "Forward", "Index Name": "region_pkey", "Relation Name": "region", "Alias": "region", "Startup Cost": 0.0, "Total Cost": 12.34, "Plan Rows": 1, "Plan Width": 4, "Filter": "(r_name = 'ASIA'::bpchar)"}, {"Node Type": "Index Scan", "Parent Relationship": "Inner", "Scan Direction": "Forward", "Index Name": "idx_nation_regionkey", "Relation Name": "nation", "Alias": "n1", "Startup Cost": 0.0, "Total Cost": 8.35, "Plan Rows": 5, "Plan Width": 8, "Index Cond": "(n_regionkey = region.r_regionkey)"}]}]}]}, {"Node Type": "Index Scan", "Parent Relationship": "Inner", "Scan Direction": "Forward", "Index Name": "supplier_pkey", "Relation Name": "supplier", "Alias": "supplier", "Startup Cost": 0.0, "Total Cost": 0.27, "Plan Rows": 1, "Plan Width": 12, "Index Cond": "(s_suppkey = lineitem.l_suppkey)"}]}, {"Node Type": "Index Scan", "Parent Relationship": "Inner", "Scan Direction": "Forward", "Index Name": "nation_pkey", "Relation Name": "nation", "Alias": "n2", "Startup Cost": 0.0, "Total Cost": 0.27, "Plan Rows": 1, "Plan Width": 30, "Index Cond": "(n_nationkey = supplier.s_nationkey)"}]}]}]}, "Unique SQL Id": 3681808042, "Planner Runtime": 2}, "explain_analyze_plan": {"Plan": {"Node Type": "Sort", "Startup Cost": 543973.83, "Total Cost": 543973.85, "Plan Rows": 10, "Plan Width": 50, "Actual Startup Time": 8110.251, "Actual Total Time": 8110.251, "Actual Rows": 2, "Actual Loops": 1, "Sort Key": ["(date_part('year'::text, orders.o_orderdate))"], "Sort Method": "quicksort", "Sort Space Used": 25, "Sort Space Type": "Memory", "Plans": [{"Node Type": "Aggregate", "Strategy": "Hashed", "Parent Relationship": "Outer", "Startup Cost": 543973.51, "Total Cost": 543973.66, "Plan Rows": 10, "Plan Width": 50, "Actual Startup Time": 8110.23, "Actual Total Time": 8110.231, "Actual Rows": 2, "Actual Loops": 1, "Group By Key": ["date_part('year'::text, orders.o_orderdate)"], "Plans": [{"Node Type": "Nested Loop", "Parent Relationship": "Outer", "Join Type": "Inner", "Startup Cost": 0.0, "Total Cost": 543853.69, "Plan Rows": 5991, "Plan Width": 50, "Actual Startup Time": 0.347, "Actual Total Time": 8073.255, "Actual Rows": 23929, "Actual Loops": 1, "Inner Unique": true, "Plans": [{"Node Type": "Nested Loop", "Parent Relationship": "Outer", "Join Type": "Inner", "Startup Cost": 0.0, "Total Cost": 542160.52, "Plan Rows": 5991, "Plan Width": 28, "Actual Startup Time": 0.337, "Actual Total Time": 7983.688, "Actual Rows": 23929, "Actual Loops": 1, "Inner Unique": true, "Plans": [{"Node Type": "Nested Loop", "Parent Relationship": "Outer", "Join Type": "Inner", "Startup Cost": 0.0, "Total Cost": 537314.56, "Plan Rows": 17296, "Plan Width": 32, "Actual Startup Time": 0.329, "Actual Total Time": 7801.196, "Actual Rows": 23929, "Actual Loops": 1, "Inner Unique": false, "Join Filter": "(n1.n_nationkey = customer.c_nationkey)", "Rows Removed by Join Filter": 574896, "Plans": [{"Node Type": "Nested Loop", "Parent Relationship": "Outer", "Join Type": "Inner", "Startup Cost": 0.0, "Total Cost": 530807.88, "Plan Rows": 86479, "Plan Width": 36, "Actual Startup Time": 0.172, "Actual Total Time": 7578.85, "Actual Rows": 119765, "Actual Loops": 1, "Inner Unique": true, "Plans": [{"Node Type": "Nested Loop", "Parent Relationship": "Outer", "Join Type": "Inner", "Startup Cost": 0.0, "Total Cost": 503356.69, "Plan Rows": 86479, "Plan Width": 40, "Actual Startup Time": 0.164, "Actual Total Time": 6543.231, "Actual Rows": 119765, "Actual Loops": 1, "Inner Unique": true, "Plans": [{"Node Type": "Nested Loop", "Parent Relationship": "Outer", "Join Type": "Inner", "Startup Cost": 0.0, "Total Cost": 480423.82, "Plan Rows": 74637, "Plan Width": 32, "Actual Startup Time": 0.068, "Actual Total Time": 2854.98, "Actual Rows": 395341, "Actual Loops": 1, "Inner Unique": false, "Plans": [{"Node Type": "Index Scan", "Parent Relationship": "Outer", "Scan Direction": "Forward", "Index Name": "part_kpey", "Relation Name": "part", "Alias": "part", "Startup Cost": 0.0, "Total Cost": 105803.25, "Plan Rows": 13538, "Plan Width": 8, "Actual Startup Time": 0.048, "Actual Total Time": 1507.382, "Actual Rows": 13163, "Actual Loops": 1, "Filter": "((p_type)::text = 'SMALL PLATED COPPER'::text)", "Rows Removed by Filter": 1986837}, {"Node Type": "Index Scan", "Parent Relationship": "Inner", "Scan Direction": "Forward", "Index Name": "idx_lineitem_part_supp", "Relation Name": "lineitem", "Alias": "lineitem", "Startup Cost": 0.0, "Total Cost": 27.61, "Plan Rows": 6, "Plan Width": 40, "Actual Startup Time": 157.001, "Actual Total Time": 1241.646, "Actual Rows": 395341, "Actual Loops": 13163, "Index Cond": "(l_partkey = part.p_partkey)", "Rows Removed by Index Recheck": 0}]}, {"Node Type": "Index Scan", "Parent Relationship": "Inner", "Scan Direction": "Forward", "Index Name": "orders_pkey", "Relation Name": "orders", "Alias": "orders", "Startup Cost": 0.0, "Total Cost": 0.3, "Plan Rows": 1, "Plan Width": 24, "Actual Startup Time": 3442.495, "Actual Total Time": 3442.495, "Actual Rows": 119765, "Actual Loops": 395341, "Index Cond": "(o_orderkey = lineitem.l_orderkey)", "Rows Removed by Index Recheck": 0, "Filter": "((o_orderdate >= '1995-01-01 00:00:00'::timestamp(0) without time zone) AND (o_orderdate <= '1996-12-31 00:00:00'::timestamp(0) without time zone))", "Rows Removed by Filter": 275576}]}, {"Node Type": "Index Scan", "Parent Relationship": "Inner", "Scan Direction": "Forward", "Index Name": "customer_pkey", "Relation Name": "customer", "Alias": "customer", "Startup Cost": 0.0, "Total Cost": 0.31, "Plan Rows": 1, "Plan Width": 12, "Actual Startup Time": 920.013, "Actual Total Time": 920.013, "Actual Rows": 119765, "Actual Loops": 119765, "Index Cond": "(c_custkey = orders.o_custkey)", "Rows Removed by Index Recheck": 0}]}, {"Node Type": "Materialize", "Parent Relationship": "Inner", "Startup Cost": 0.0, "Total Cost": 20.76, "Plan Rows": 5, "Plan Width": 4, "Actual Startup Time": 14.753, "Actual Total Time": 67.261, "Actual Rows": 598825, "Actual Loops": 119765, "Plans": [{"Node Type": "Nested Loop", "Parent Relationship": "Outer", "Join Type": "Inner", "Startup Cost": 0.0, "Total Cost": 20.74, "Plan Rows": 5, "Plan Width": 4, "Actual Startup Time": 0.015, "Actual Total Time": 0.022, "Actual Rows": 5, "Actual Loops": 1, "Inner Unique": false, "Plans": [{"Node Type": "Index Scan", "Parent Relationship": "Outer", "Scan Direction": "Forward", "Index Name": "region_pkey", "Relation Name": "region", "Alias": "region", "Startup Cost": 0.0, "Total Cost": 12.34, "Plan Rows": 1, "Plan Width": 4, "Actual Startup Time": 0.009, "Actual Total Time": 0.011, "Actual Rows": 1, "Actual Loops": 1, "Filter": "(r_name = 'ASIA'::bpchar)", "Rows Removed by Filter": 4}, {"Node Type": "Index Scan", "Parent Relationship": "Inner", "Scan Direction": "Forward", "Index Name": "idx_nation_regionkey", "Relation Name": "nation", "Alias": "n1", "Startup Cost": 0.0, "Total Cost": 8.35, "Plan Rows": 5, "Plan Width": 8, "Actual Startup Time": 0.004, "Actual Total Time": 0.009, "Actual Rows": 5, "Actual Loops": 1, "Index Cond": "(n_regionkey = region.r_regionkey)", "Rows Removed by Index Recheck": 0}]}]}]}, {"Node Type": "Index Scan", "Parent Relationship": "Inner", "Scan Direction": "Forward", "Index Name": "supplier_pkey", "Relation Name": "supplier", "Alias": "supplier", "Startup Cost": 0.0, "Total Cost": 0.27, "Plan Rows": 1, "Plan Width": 12, "Actual Startup Time": 149.839, "Actual Total Time": 149.839, "Actual Rows": 23929, "Actual Loops": 23929, "Index Cond": "(s_suppkey = lineitem.l_suppkey)", "Rows Removed by Index Recheck": 0}]}, {"Node Type": "Index Scan", "Parent Relationship": "Inner", "Scan Direction": "Forward", "Index Name": "nation_pkey", "Relation Name": "nation", "Alias": "n2", "Startup Cost": 0.0, "Total Cost": 0.27, "Plan Rows": 1, "Plan Width": 30, "Actual Startup Time": 42.432, "Actual Total Time": 42.432, "Actual Rows": 23929, "Actual Loops": 23929, "Index Cond": "(n_nationkey = supplier.s_nationkey)", "Rows Removed by Index Recheck": 0}]}]}]}, "Triggers": [], "Planner Runtime": 2, "Total Runtime": 8110.658, "Unique SQL Id": 3681808042}}, "(1, 54)": {"explain_plan": {"Plan": {"Node Type": "Sort", "Startup Cost": 1223730.05, "Total Cost": 1223730.08, "Plan Rows": 10, "Plan Width": 50, "Sort Key": ["(date_part('year'::text, orders.o_orderdate))"], "Plans": [{"Node Type": "Aggregate", "Strategy": "Hashed", "Parent Relationship": "Outer", "Startup Cost": 1223729.73, "Total Cost": 1223729.88, "Plan Rows": 10, "Plan Width": 50, "Group By Key": ["date_part('year'::text, orders.o_orderdate)"], "Plans": [{"Node Type": "Nested Loop", "Parent Relationship": "Outer", "Join Type": "Inner", "Startup Cost": 4.99, "Total Cost": 1223609.91, "Plan Rows": 5991, "Plan Width": 50, "Inner Unique": true, "Join Filter": "(supplier.s_nationkey = n2.n_nationkey)", "Plans": [{"Node Type": "Nested Loop", "Parent Relationship": "Outer", "Join Type": "Inner", "Startup Cost": 4.99, "Total Cost": 1221347.0, "Plan Rows": 5991, "Plan Width": 28, "Inner Unique": true, "Plans": [{"Node Type": "Nested Loop", "Parent Relationship": "Outer", "Join Type": "Inner", "Startup Cost": 4.73, "Total Cost": 1147315.35, "Plan Rows": 17296, "Plan Width": 32, "Inner Unique": false, "Join Filter": "(n1.n_nationkey = customer.c_nationkey)", "Plans": [{"Node Type": "Nested Loop", "Parent Relationship": "Outer", "Join Type": "Inner", "Startup Cost": 4.73, "Total Cost": 1140826.79, "Plan Rows": 86479, "Plan Width": 36, "Inner Unique": true, "Plans": [{"Node Type": "Nested Loop", "Parent Relationship": "Outer", "Join Type": "Inner", "Startup Cost": 4.47, "Total Cost": 770271.73, "Plan Rows": 86479, "Plan Width": 40, "Inner Unique": true, "Plans": [{"Node Type": "Nested Loop", "Parent Relationship": "Outer", "Join Type": "Inner", "Startup Cost": 4.21, "Total Cost": 450147.9, "Plan Rows": 74637, "Plan Width": 32, "Inner Unique": false, "Plans": [{"Node Type": "Seq Scan", "Parent Relationship": "Outer", "Relation Name": "part", "Alias": "part", "Startup Cost": 0.0, "Total Cost": 66944.0, "Plan Rows": 13538, "Plan Width": 8, "Filter": "((p_type)::text = 'SMALL PLATED COPPER'::text)"}, {"Node Type": "Bitmap Heap Scan", "Parent Relationship": "Inner", "Relation Name": "lineitem", "Alias": "lineitem", "Startup Cost": 4.21, "Total Cost": 28.25, "Plan Rows": 6, "Plan Width": 40, "Recheck Cond": "(l_partkey = part.p_partkey)", "Plans": [{"Node Type": "Bitmap Index Scan", "Parent Relationship": "Outer", "Index Name": "idx_lineitem_part_supp", "Startup Cost": 0.0, "Total Cost": 4.21, "Plan Rows": 6, "Plan Width": 0, "Index Cond": "(l_partkey = part.p_partkey)"}]}]}, {"Node Type": "Bitmap Heap Scan", "Parent Relationship": "Inner", "Relation Name": "orders", "Alias": "orders", "Startup Cost": 0.26, "Total Cost": 4.28, "Plan Rows": 1, "Plan Width": 24, "Recheck Cond": "(o_orderkey = lineitem.l_orderkey)", "Filter": "((o_orderdate >= '1995-01-01 00:00:00'::timestamp(0) without time zone) AND (o_orderdate <= '1996-12-31 00:00:00'::timestamp(0) without time zone))", "Plans": [{"Node Type": "Bitmap Index Scan", "Parent Relationship": "Outer", "Index Name": "orders_pkey", "Startup Cost": 0.0, "Total Cost": 0.26, "Plan Rows": 1, "Plan Width": 0, "Index Cond": "(o_orderkey = lineitem.l_orderkey)"}]}]}, {"Node Type": "Bitmap Heap Scan", "Parent Relationship": "Inner", "Relation Name": "customer", "Alias": "customer", "Startup Cost": 0.26, "Total Cost": 4.27, "Plan Rows": 1, "Plan Width": 12, "Recheck Cond": "(c_custkey = orders.o_custkey)", "Plans": [{"Node Type": "Bitmap Index Scan", "Parent Relationship": "Outer", "Index Name": "customer_pkey", "Startup Cost": 0.0, "Total Cost": 0.26, "Plan Rows": 1, "Plan Width": 0, "Index Cond": "(c_custkey = orders.o_custkey)"}]}]}, {"Node Type": "Materialize", "Parent Relationship": "Inner", "Startup Cost": 0.0, "Total Cost": 2.65, "Plan Rows": 5, "Plan Width": 4, "Plans": [{"Node Type": "Nested Loop", "Parent Relationship": "Outer", "Join Type": "Inner", "Startup Cost": 0.0, "Total Cost": 2.62, "Plan Rows": 5, "Plan Width": 4, "Inner Unique": false, "Join Filter": "(n1.n_regionkey = region.r_regionkey)", "Plans": [{"Node Type": "Seq Scan", "Parent Relationship": "Outer", "Relation Name": "region", "Alias": "region", "Startup Cost": 0.0, "Total Cost": 1.06, "Plan Rows": 1, "Plan Width": 4, "Filter": "(r_name = 'ASIA'::bpchar)"}, {"Node Type": "Seq Scan", "Parent Relationship": "Inner", "Relation Name": "nation", "Alias": "n1", "Startup Cost": 0.0, "Total Cost": 1.25, "Plan Rows": 25, "Plan Width": 8}]}]}]}, {"Node Type": "Bitmap Heap Scan", "Parent Relationship": "Inner", "Relation Name": "supplier", "Alias": "supplier", "Startup Cost": 0.26, "Total Cost": 4.27, "Plan Rows": 1, "Plan Width": 12, "Recheck Cond": "(s_suppkey = lineitem.l_suppkey)", "Plans": [{"Node Type": "Bitmap Index Scan", "Parent Relationship": "Outer", "Index Name": "supplier_pkey", "Startup Cost": 0.0, "Total Cost": 0.26, "Plan Rows": 1, "Plan Width": 0, "Index Cond": "(s_suppkey = lineitem.l_suppkey)"}]}]}, {"Node Type": "Materialize", "Parent Relationship": "Inner", "Startup Cost": 0.0, "Total Cost": 1.38, "Plan Rows": 25, "Plan Width": 30, "Plans": [{"Node Type": "Seq Scan", "Parent Relationship": "Outer", "Relation Name": "nation", "Alias": "n2", "Startup Cost": 0.0, "Total Cost": 1.25, "Plan Rows": 25, "Plan Width": 30}]}]}]}]}, "Unique SQL Id": 3681808042, "Planner Runtime": 2}, "explain_analyze_plan": {"Plan": {"Node Type": "Sort", "Startup Cost": 1223730.05, "Total Cost": 1223730.08, "Plan Rows": 10, "Plan Width": 50, "Actual Startup Time": 8482.76, "Actual Total Time": 8482.76, "Actual Rows": 2, "Actual Loops": 1, "Sort Key": ["(date_part('year'::text, orders.o_orderdate))"], "Sort Method": "quicksort", "Sort Space Used": 25, "Sort Space Type": "Memory", "Plans": [{"Node Type": "Aggregate", "Strategy": "Hashed", "Parent Relationship": "Outer", "Startup Cost": 1223729.73, "Total Cost": 1223729.88, "Plan Rows": 10, "Plan Width": 50, "Actual Startup Time": 8482.741, "Actual Total Time": 8482.741, "Actual Rows": 2, "Actual Loops": 1, "Group By Key": ["date_part('year'::text, orders.o_orderdate)"], "Plans": [{"Node Type": "Nested Loop", "Parent Relationship": "Outer", "Join Type": "Inner", "Startup Cost": 4.99, "Total Cost": 1223609.91, "Plan Rows": 5991, "Plan Width": 50, "Actual Startup Time": 0.294, "Actual Total Time": 8436.309, "Actual Rows": 23929, "Actual Loops": 1, "Inner Unique": true, "Join Filter": "(supplier.s_nationkey = n2.n_nationkey)", "Rows Removed by Join Filter": 288173, "Plans": [{"Node Type": "Nested Loop", "Parent Relationship": "Outer", "Join Type": "Inner", "Startup Cost": 4.99, "Total Cost": 1221347.0, "Plan Rows": 5991, "Plan Width": 28, "Actual Startup Time": 0.26, "Actual Total Time": 8310.449, "Actual Rows": 23929, "Actual Loops": 1, "Inner Unique": true, "Plans": [{"Node Type": "Nested Loop", "Parent Relationship": "Outer", "Join Type": "Inner", "Startup Cost": 4.73, "Total Cost": 1147315.35, "Plan Rows": 17296, "Plan Width": 32, "Actual Startup Time": 0.245, "Actual Total Time": 8091.743, "Actual Rows": 23929, "Actual Loops": 1, "Inner Unique": false, "Join Filter": "(n1.n_nationkey = customer.c_nationkey)", "Rows Removed by Join Filter": 574896, "Plans": [{"Node Type": "Nested Loop", "Parent Relationship": "Outer", "Join Type": "Inner", "Startup Cost": 4.73, "Total Cost": 1140826.79, "Plan Rows": 86479, "Plan Width": 36, "Actual Startup Time": 0.165, "Actual Total Time": 7859.141, "Actual Rows": 119765, "Actual Loops": 1, "Inner Unique": true, "Plans": [{"Node Type": "Nested Loop", "Parent Relationship": "Outer", "Join Type": "Inner", "Startup Cost": 4.47, "Total Cost": 770271.73, "Plan Rows": 86479, "Plan Width": 40, "Actual Startup Time": 0.143, "Actual Total Time": 6661.43, "Actual Rows": 119765, "Actual Loops": 1, "Inner Unique": true, "Plans": [{"Node Type": "Nested Loop", "Parent Relationship": "Outer", "Join Type": "Inner", "Startup Cost": 4.21, "Total Cost": 450147.9, "Plan Rows": 74637, "Plan Width": 32, "Actual Startup Time": 0.084, "Actual Total Time": 2368.794, "Actual Rows": 395341, "Actual Loops": 1, "Inner Unique": false, "Plans": [{"Node Type": "Seq Scan", "Parent Relationship": "Outer", "Relation Name": "part", "Alias": "part", "Startup Cost": 0.0, "Total Cost": 66944.0, "Plan Rows": 13538, "Plan Width": 8, "Actual Startup Time": 0.033, "Actual Total Time": 787.63, "Actual Rows": 13163, "Actual Loops": 1, "Filter": "((p_type)::text = 'SMALL PLATED COPPER'::text)", "Rows Removed by Filter": 1986837}, {"Node Type": "Bitmap Heap Scan", "Parent Relationship": "Inner", "Relation Name": "lineitem", "Alias": "lineitem", "Startup Cost": 4.21, "Total Cost": 28.25, "Plan Rows": 6, "Plan Width": 40, "Actual Startup Time": 272.018, "Actual Total Time": 1455.335, "Actual Rows": 395341, "Actual Loops": 13163, "Recheck Cond": "(l_partkey = part.p_partkey)", "Rows Removed by Index Recheck": 0, "Exact Heap Blocks": 395337, "Lossy Heap Blocks": 395337, "Plans": [{"Node Type": "Bitmap Index Scan", "Parent Relationship": "Outer", "Index Name": "idx_lineitem_part_supp", "Startup Cost": 0.0, "Total Cost": 4.21, "Plan Rows": 6, "Plan Width": 0, "Actual Startup Time": 169.949, "Actual Total Time": 169.949, "Actual Rows": 395341, "Actual Loops": 13163, "Index Cond": "(l_partkey = part.p_partkey)"}]}]}, {"Node Type": "Bitmap Heap Scan", "Parent Relationship": "Inner", "Relation Name": "orders", "Alias": "orders", "Startup Cost": 0.26, "Total Cost": 4.28, "Plan Rows": 1, "Plan Width": 24, "Actual Startup Time": 3809.202, "Actual Total Time": 3809.202, "Actual Rows": 119765, "Actual Loops": 395341, "Recheck Cond": "(o_orderkey = lineitem.l_orderkey)", "Rows Removed by Index Recheck": 0, "Filter": "((o_orderdate >= '1995-01-01 00:00:00'::timestamp(0) without time zone) AND (o_orderdate <= '1996-12-31 00:00:00'::timestamp(0) without time zone))", "Rows Removed by Filter": 275576, "Exact Heap Blocks": 395341, "Lossy Heap Blocks": 395341, "Plans": [{"Node Type": "Bitmap Index Scan", "Parent Relationship": "Outer", "Index Name": "orders_pkey", "Startup Cost": 0.0, "Total Cost": 0.26, "Plan Rows": 1, "Plan Width": 0, "Actual Startup Time": 2364.614, "Actual Total Time": 2364.614, "Actual Rows": 395341, "Actual Loops": 395341, "Index Cond": "(o_orderkey = lineitem.l_orderkey)"}]}]}, {"Node Type": "Bitmap Heap Scan", "Parent Relationship": "Inner", "Relation Name": "customer", "Alias": "customer", "Startup Cost": 0.26, "Total Cost": 4.27, "Plan Rows": 1, "Plan Width": 12, "Actual Startup Time": 1032.067, "Actual Total Time": 1032.067, "Actual Rows": 119765, "Actual Loops": 119765, "Recheck Cond": "(c_custkey = orders.o_custkey)", "Rows Removed by Index Recheck": 0, "Exact Heap Blocks": 119765, "Lossy Heap Blocks": 119765, "Plans": [{"Node Type": "Bitmap Index Scan", "Parent Relationship": "Outer", "Index Name": "customer_pkey", "Startup Cost": 0.0, "Total Cost": 0.26, "Plan Rows": 1, "Plan Width": 0, "Actual Startup Time": 648.246, "Actual Total Time": 648.246, "Actual Rows": 119765, "Actual Loops": 119765, "Index Cond": "(c_custkey = orders.o_custkey)"}]}]}, {"Node Type": "Materialize", "Parent Relationship": "Inner", "Startup Cost": 0.0, "Total Cost": 2.65, "Plan Rows": 5, "Plan Width": 4, "Actual Startup Time": 15.131, "Actual Total Time": 66.211, "Actual Rows": 598825, "Actual Loops": 119765, "Plans": [{"Node Type": "Nested Loop", "Parent Relationship": "Outer", "Join Type": "Inner", "Startup Cost": 0.0, "Total Cost": 2.62, "Plan Rows": 5, "Plan Width": 4, "Actual Startup Time": 0.027, "Actual Total Time": 0.036, "Actual Rows": 5, "Actual Loops": 1, "Inner Unique": false, "Join Filter": "(n1.n_regionkey = region.r_regionkey)", "Rows Removed by Join Filter": 20, "Plans": [{"Node Type": "Seq Scan", "Parent Relationship": "Outer", "Relation Name": "region", "Alias": "region", "Startup Cost": 0.0, "Total Cost": 1.06, "Plan Rows": 1, "Plan Width": 4, "Actual Startup Time": 0.01, "Actual Total Time": 0.011, "Actual Rows": 1, "Actual Loops": 1, "Filter": "(r_name = 'ASIA'::bpchar)", "Rows Removed by Filter": 4}, {"Node Type": "Seq Scan", "Parent Relationship": "Inner", "Relation Name": "nation", "Alias": "n1", "Startup Cost": 0.0, "Total Cost": 1.25, "Plan Rows": 25, "Plan Width": 8, "Actual Startup Time": 0.007, "Actual Total Time": 0.012, "Actual Rows": 25, "Actual Loops": 1}]}]}]}, {"Node Type": "Bitmap Heap Scan", "Parent Relationship": "Inner", "Relation Name": "supplier", "Alias": "supplier", "Startup Cost": 0.26, "Total Cost": 4.27, "Plan Rows": 1, "Plan Width": 12, "Actual Startup Time": 177.104, "Actual Total Time": 177.104, "Actual Rows": 23929, "Actual Loops": 23929, "Recheck Cond": "(s_suppkey = lineitem.l_suppkey)", "Rows Removed by Index Recheck": 0, "Exact Heap Blocks": 23929, "Lossy Heap Blocks": 23929, "Plans": [{"Node Type": "Bitmap Index Scan", "Parent Relationship": "Outer", "Index Name": "supplier_pkey", "Startup Cost": 0.0, "Total Cost": 0.26, "Plan Rows": 1, "Plan Width": 0, "Actual Startup Time": 99.458, "Actual Total Time": 99.458, "Actual Rows": 23929, "Actual Loops": 23929, "Index Cond": "(s_suppkey = lineitem.l_suppkey)"}]}]}, {"Node Type": "Materialize", "Parent Relationship": "Inner", "Startup Cost": 0.0, "Total Cost": 1.38, "Plan Rows": 25, "Plan Width": 30, "Actual Startup Time": 2.589, "Actual Total Time": 27.676, "Actual Rows": 312102, "Actual Loops": 23929, "Plans": [{"Node Type": "Seq Scan", "Parent Relationship": "Outer", "Relation Name": "nation", "Alias": "n2", "Startup Cost": 0.0, "Total Cost": 1.25, "Plan Rows": 25, "Plan Width": 30, "Actual Startup Time": 0.011, "Actual Total Time": 0.017, "Actual Rows": 25, "Actual Loops": 1}]}]}]}]}, "Triggers": [], "Planner Runtime": 2, "Total Runtime": 8483.162, "Unique SQL Id": 3681808042}}, "(1, 55)": {"explain_plan": {"Plan": {"Node Type": "Sort", "Startup Cost": 66661878.45, "Total Cost": 66661878.48, "Plan Rows": 10, "Plan Width": 50, "Sort Key": ["(date_part('year'::text, orders.o_orderdate))"], "Plans": [{"Node Type": "Aggregate", "Strategy": "Hashed", "Parent Relationship": "Outer", "Startup Cost": 66661878.14, "Total Cost": 66661878.29, "Plan Rows": 10, "Plan Width": 50, "Group By Key": ["date_part('year'::text, orders.o_orderdate)"], "Plans": [{"Node Type": "Nested Loop", "Parent Relationship": "Outer", "Join Type": "Inner", "Startup Cost": 115915.31, "Total Cost": 66661758.32, "Plan Rows": 5991, "Plan Width": 50, "Inner Unique": true, "Plans": [{"Node Type": "Nested Loop", "Parent Relationship": "Outer", "Join Type": "Inner", "Startup Cost": 115915.05, "Total Cost": 66636099.88, "Plan Rows": 5991, "Plan Width": 28, "Inner Unique": true, "Plans": [{"Node Type": "Nested Loop", "Parent Relationship": "Outer", "Join Type": "Inner", "Startup Cost": 115914.79, "Total Cost": 66562068.23, "Plan Rows": 17296, "Plan Width": 32, "Inner Unique": true, "Plans": [{"Node Type": "Nested Loop", "Parent Relationship": "Outer", "Join Type": "Inner", "Startup Cost": 115914.53, "Total Cost": 45938880.46, "Plan Rows": 4814867, "Plan Width": 40, "Inner Unique": false, "Plans": [{"Node Type": "Nested Loop", "Parent Relationship": "Outer", "Join Type": "Inner", "Startup Cost": 115914.01, "Total Cost": 43432501.27, "Plan Rows": 530296, "Plan Width": 16, "Inner Unique": true, "Plans": [{"Node Type": "Nested Loop", "Parent Relationship": "Outer", "Join Type": "Inner", "Startup Cost": 115913.43, "Total Cost": 31228406.3, "Plan Rows": 2651479, "Plan Width": 20, "Inner Unique": true, "Plans": [{"Node Type": "Nested Loop", "Parent Relationship": "Outer", "Join Type": "Inner", "Startup Cost": 115913.17, "Total Cost": 19879399.17, "Plan Rows": 2651479, "Plan Width": 20, "Inner Unique": true, "Plans": [{"Node Type": "Bitmap Heap Scan", "Parent Relationship": "Outer", "Relation Name": "orders", "Alias": "orders", "Startup Cost": 115912.91, "Total Cost": 460311.42, "Plan Rows": 4531967, "Plan Width": 24, "Recheck Cond": "((o_orderdate >= '1995-01-01 00:00:00'::timestamp(0) without time zone) AND (o_orderdate <= '1996-12-31 00:00:00'::timestamp(0) without time zone)), (LLVM Optimized)", "Plans": [{"Node Type": "Bitmap Index Scan", "Parent Relationship": "Outer", "Index Name": "idx_orders_orderdate", "Startup Cost": 0.0, "Total Cost": 114779.92, "Plan Rows": 4531967, "Plan Width": 0, "Index Cond": "((o_orderdate >= '1995-01-01 00:00:00'::timestamp(0) without time zone) AND (o_orderdate <= '1996-12-31 00:00:00'::timestamp(0) without time zone))"}]}, {"Node Type": "Bitmap Heap Scan", "Parent Relationship": "Inner", "Relation Name": "customer", "Alias": "customer", "Startup Cost": 0.26, "Total Cost": 4.27, "Plan Rows": 1, "Plan Width": 12, "Recheck Cond": "(c_custkey = orders.o_custkey)", "Plans": [{"Node Type": "Bitmap Index Scan", "Parent Relationship": "Outer", "Index Name": "customer_pkey", "Startup Cost": 0.0, "Total Cost": 0.26, "Plan Rows": 1, "Plan Width": 0, "Index Cond": "(c_custkey = orders.o_custkey)"}]}]}, {"Node Type": "Bitmap Heap Scan", "Parent Relationship": "Inner", "Relation Name": "nation", "Alias": "n1", "Startup Cost": 0.26, "Total Cost": 4.27, "Plan Rows": 1, "Plan Width": 8, "Recheck Cond": "(n_nationkey = customer.c_nationkey)", "Plans": [{"Node Type": "Bitmap Index Scan", "Parent Relationship": "Outer", "Index Name": "nation_pkey", "Startup Cost": 0.0, "Total Cost": 0.26, "Plan Rows": 1, "Plan Width": 0, "Index Cond": "(n_nationkey = customer.c_nationkey)"}]}]}, {"Node Type": "Bitmap Heap Scan", "Parent Relationship": "Inner", "Relation Name": "region", "Alias": "region", "Startup Cost": 0.58, "Total Cost": 4.59, "Plan Rows": 1, "Plan Width": 4, "Recheck Cond": "(r_regionkey = n1.n_regionkey)", "Filter": "(r_name = 'ASIA'::bpchar)", "Plans": [{"Node Type": "Bitmap Index Scan", "Parent Relationship": "Outer", "Index Name": "region_pkey", "Startup Cost": 0.0, "Total Cost": 0.58, "Plan Rows": 1, "Plan Width": 0, "Index Cond": "(r_regionkey = n1.n_regionkey)"}]}]}, {"Node Type": "Bitmap Heap Scan", "Parent Relationship": "Inner", "Relation Name": "lineitem", "Alias": "lineitem", "Startup Cost": 0.52, "Total Cost": 4.64, "Plan Rows": 9, "Plan Width": 40, "Recheck Cond": "(l_orderkey = orders.o_orderkey)", "Plans": [{"Node Type": "Bitmap Index Scan", "Parent Relationship": "Outer", "Index Name": "idx_lineitem_orderkey", "Startup Cost": 0.0, "Total Cost": 0.52, "Plan Rows": 9, "Plan Width": 0, "Index Cond": "(l_orderkey = orders.o_orderkey)"}]}]}, {"Node Type": "Bitmap Heap Scan", "Parent Relationship": "Inner", "Relation Name": "part", "Alias": "part", "Startup Cost": 0.26, "Total Cost": 4.27, "Plan Rows": 1, "Plan Width": 8, "Recheck Cond": "(p_partkey = lineitem.l_partkey)", "Filter": "((p_type)::text = 'SMALL PLATED COPPER'::text)", "Plans": [{"Node Type": "Bitmap Index Scan", "Parent Relationship": "Outer", "Index Name": "part_kpey", "Startup Cost": 0.0, "Total Cost": 0.26, "Plan Rows": 1, "Plan Width": 0, "Index Cond": "(p_partkey = lineitem.l_partkey)"}]}]}, {"Node Type": "Bitmap Heap Scan", "Parent Relationship": "Inner", "Relation Name": "supplier", "Alias": "supplier", "Startup Cost": 0.26, "Total Cost": 4.27, "Plan Rows": 1, "Plan Width": 12, "Recheck Cond": "(s_suppkey = lineitem.l_suppkey)", "Plans": [{"Node Type": "Bitmap Index Scan", "Parent Relationship": "Outer", "Index Name": "supplier_pkey", "Startup Cost": 0.0, "Total Cost": 0.26, "Plan Rows": 1, "Plan Width": 0, "Index Cond": "(s_suppkey = lineitem.l_suppkey)"}]}]}, {"Node Type": "Bitmap Heap Scan", "Parent Relationship": "Inner", "Relation Name": "nation", "Alias": "n2", "Startup Cost": 0.26, "Total Cost": 4.27, "Plan Rows": 1, "Plan Width": 30, "Recheck Cond": "(n_nationkey = supplier.s_nationkey)", "Plans": [{"Node Type": "Bitmap Index Scan", "Parent Relationship": "Outer", "Index Name": "nation_pkey", "Startup Cost": 0.0, "Total Cost": 0.26, "Plan Rows": 1, "Plan Width": 0, "Index Cond": "(n_nationkey = supplier.s_nationkey)"}]}]}]}]}, "Unique SQL Id": 3681808042, "Planner Runtime": 2}, "explain_analyze_plan": null}, "(1, 56)": {"explain_plan": {"Plan": {"Node Type": "Sort", "Startup Cost": 505096.47, "Total Cost": 505096.49, "Plan Rows": 10, "Plan Width": 50, "Sort Key": ["(date_part('year'::text, orders.o_orderdate))"], "Plans": [{"Node Type": "Aggregate", "Strategy": "Hashed", "Parent Relationship": "Outer", "Startup Cost": 505096.15, "Total Cost": 505096.3, "Plan Rows": 10, "Plan Width": 50, "Group By Key": ["date_part('year'::text, orders.o_orderdate)"], "Plans": [{"Node Type": "Nested Loop", "Parent Relationship": "Outer", "Join Type": "Inner", "Startup Cost": 0.0, "Total Cost": 504976.33, "Plan Rows": 5991, "Plan Width": 50, "Inner Unique": true, "Plans": [{"Node Type": "Nested Loop", "Parent Relationship": "Outer", "Join Type": "Inner", "Startup Cost": 0.0, "Total Cost": 503283.15, "Plan Rows": 5991, "Plan Width": 28, "Inner Unique": true, "Plans": [{"Node Type": "Nested Loop", "Parent Relationship": "Outer", "Join Type": "Inner", "Startup Cost": 0.0, "Total Cost": 498437.19, "Plan Rows": 17296, "Plan Width": 32, "Inner Unique": false, "Join Filter": "(n1.n_nationkey = customer.c_nationkey)", "Plans": [{"Node Type": "Nested Loop", "Parent Relationship": "Outer", "Join Type": "Inner", "Startup Cost": 0.0, "Total Cost": 491948.63, "Plan Rows": 86479, "Plan Width": 36, "Inner Unique": true, "Plans": [{"Node Type": "Nested Loop", "Parent Relationship": "Outer", "Join Type": "Inner", "Startup Cost": 0.0, "Total Cost": 464497.44, "Plan Rows": 86479, "Plan Width": 40, "Inner Unique": true, "Plans": [{"Node Type": "Nested Loop", "Parent Relationship": "Outer", "Join Type": "Inner", "Startup Cost": 0.0, "Total Cost": 441564.57, "Plan Rows": 74637, "Plan Width": 32, "Inner Unique": false, "Plans": [{"Node Type": "Seq Scan", "Parent Relationship": "Outer", "Relation Name": "part", "Alias": "part", "Startup Cost": 0.0, "Total Cost": 66944.0, "Plan Rows": 13538, "Plan Width": 8, "Filter": "((p_type)::text = 'SMALL PLATED COPPER'::text)"}, {"Node Type": "Index Scan", "Parent Relationship": "Inner", "Scan Direction": "Forward", "Index Name": "idx_lineitem_part_supp", "Relation Name": "lineitem", "Alias": "lineitem", "Startup Cost": 0.0, "Total Cost": 27.61, "Plan Rows": 6, "Plan Width": 40, "Index Cond": "(l_partkey = part.p_partkey)"}]}, {"Node Type": "Index Scan", "Parent Relationship": "Inner", "Scan Direction": "Forward", "Index Name": "orders_pkey", "Relation Name": "orders", "Alias": "orders", "Startup Cost": 0.0, "Total Cost": 0.3, "Plan Rows": 1, "Plan Width": 24, "Index Cond": "(o_orderkey = lineitem.l_orderkey)", "Filter": "((o_orderdate >= '1995-01-01 00:00:00'::timestamp(0) without time zone) AND (o_orderdate <= '1996-12-31 00:00:00'::timestamp(0) without time zone))"}]}, {"Node Type": "Index Scan", "Parent Relationship": "Inner", "Scan Direction": "Forward", "Index Name": "customer_pkey", "Relation Name": "customer", "Alias": "customer", "Startup Cost": 0.0, "Total Cost": 0.31, "Plan Rows": 1, "Plan Width": 12, "Index Cond": "(c_custkey = orders.o_custkey)"}]}, {"Node Type": "Materialize", "Parent Relationship": "Inner", "Startup Cost": 0.0, "Total Cost": 2.65, "Plan Rows": 5, "Plan Width": 4, "Plans": [{"Node Type": "Nested Loop", "Parent Relationship": "Outer", "Join Type": "Inner", "Startup Cost": 0.0, "Total Cost": 2.62, "Plan Rows": 5, "Plan Width": 4, "Inner Unique": false, "Join Filter": "(n1.n_regionkey = region.r_regionkey)", "Plans": [{"Node Type": "Seq Scan", "Parent Relationship": "Outer", "Relation Name": "region", "Alias": "region", "Startup Cost": 0.0, "Total Cost": 1.06, "Plan Rows": 1, "Plan Width": 4, "Filter": "(r_name = 'ASIA'::bpchar)"}, {"Node Type": "Seq Scan", "Parent Relationship": "Inner", "Relation Name": "nation", "Alias": "n1", "Startup Cost": 0.0, "Total Cost": 1.25, "Plan Rows": 25, "Plan Width": 8}]}]}]}, {"Node Type": "Index Scan", "Parent Relationship": "Inner", "Scan Direction": "Forward", "Index Name": "supplier_pkey", "Relation Name": "supplier", "Alias": "supplier", "Startup Cost": 0.0, "Total Cost": 0.27, "Plan Rows": 1, "Plan Width": 12, "Index Cond": "(s_suppkey = lineitem.l_suppkey)"}]}, {"Node Type": "Index Scan", "Parent Relationship": "Inner", "Scan Direction": "Forward", "Index Name": "nation_pkey", "Relation Name": "nation", "Alias": "n2", "Startup Cost": 0.0, "Total Cost": 0.27, "Plan Rows": 1, "Plan Width": 30, "Index Cond": "(n_nationkey = supplier.s_nationkey)"}]}]}]}, "Unique SQL Id": 3681808042, "Planner Runtime": 2}, "explain_analyze_plan": {"Plan": {"Node Type": "Sort", "Startup Cost": 505096.47, "Total Cost": 505096.49, "Plan Rows": 10, "Plan Width": 50, "Actual Startup Time": 6667.023, "Actual Total Time": 6667.023, "Actual Rows": 2, "Actual Loops": 1, "Sort Key": ["(date_part('year'::text, orders.o_orderdate))"], "Sort Method": "quicksort", "Sort Space Used": 25, "Sort Space Type": "Memory", "Plans": [{"Node Type": "Aggregate", "Strategy": "Hashed", "Parent Relationship": "Outer", "Startup Cost": 505096.15, "Total Cost": 505096.3, "Plan Rows": 10, "Plan Width": 50, "Actual Startup Time": 6666.995, "Actual Total Time": 6666.997, "Actual Rows": 2, "Actual Loops": 1, "Group By Key": ["date_part('year'::text, orders.o_orderdate)"], "Plans": [{"Node Type": "Nested Loop", "Parent Relationship": "Outer", "Join Type": "Inner", "Startup Cost": 0.0, "Total Cost": 504976.33, "Plan Rows": 5991, "Plan Width": 50, "Actual Startup Time": 0.426, "Actual Total Time": 6626.925, "Actual Rows": 23929, "Actual Loops": 1, "Inner Unique": true, "Plans": [{"Node Type": "Nested Loop", "Parent Relationship": "Outer", "Join Type": "Inner", "Startup Cost": 0.0, "Total Cost": 503283.15, "Plan Rows": 5991, "Plan Width": 28, "Actual Startup Time": 0.413, "Actual Total Time": 6538.132, "Actual Rows": 23929, "Actual Loops": 1, "Inner Unique": true, "Plans": [{"Node Type": "Nested Loop", "Parent Relationship": "Outer", "Join Type": "Inner", "Startup Cost": 0.0, "Total Cost": 498437.19, "Plan Rows": 17296, "Plan Width": 32, "Actual Startup Time": 0.402, "Actual Total Time": 6376.3, "Actual Rows": 23929, "Actual Loops": 1, "Inner Unique": false, "Join Filter": "(n1.n_nationkey = customer.c_nationkey)", "Rows Removed by Join Filter": 574896, "Plans": [{"Node Type": "Nested Loop", "Parent Relationship": "Outer", "Join Type": "Inner", "Startup Cost": 0.0, "Total Cost": 491948.63, "Plan Rows": 86479, "Plan Width": 36, "Actual Startup Time": 0.194, "Actual Total Time": 6158.929, "Actual Rows": 119765, "Actual Loops": 1, "Inner Unique": true, "Plans": [{"Node Type": "Nested Loop", "Parent Relationship": "Outer", "Join Type": "Inner", "Startup Cost": 0.0, "Total Cost": 464497.44, "Plan Rows": 86479, "Plan Width": 40, "Actual Startup Time": 0.184, "Actual Total Time": 5243.29, "Actual Rows": 119765, "Actual Loops": 1, "Inner Unique": true, "Plans": [{"Node Type": "Nested Loop", "Parent Relationship": "Outer", "Join Type": "Inner", "Startup Cost": 0.0, "Total Cost": 441564.57, "Plan Rows": 74637, "Plan Width": 32, "Actual Startup Time": 0.073, "Actual Total Time": 1943.41, "Actual Rows": 395341, "Actual Loops": 1, "Inner Unique": false, "Plans": [{"Node Type": "Seq Scan", "Parent Relationship": "Outer", "Relation Name": "part", "Alias": "part", "Startup Cost": 0.0, "Total Cost": 66944.0, "Plan Rows": 13538, "Plan Width": 8, "Actual Startup Time": 0.034, "Actual Total Time": 762.451, "Actual Rows": 13163, "Actual Loops": 1, "Filter": "((p_type)::text = 'SMALL PLATED COPPER'::text)", "Rows Removed by Filter": 1986837}, {"Node Type": "Index Scan", "Parent Relationship": "Inner", "Scan Direction": "Forward", "Index Name": "idx_lineitem_part_supp", "Relation Name": "lineitem", "Alias": "lineitem", "Startup Cost": 0.0, "Total Cost": 27.61, "Plan Rows": 6, "Plan Width": 40, "Actual Startup Time": 149.18, "Actual Total Time": 1074.779, "Actual Rows": 395341, "Actual Loops": 13163, "Index Cond": "(l_partkey = part.p_partkey)", "Rows Removed by Index Recheck": 0}]}, {"Node Type": "Index Scan", "Parent Relationship": "Inner", "Scan Direction": "Forward", "Index Name": "orders_pkey", "Relation Name": "orders", "Alias": "orders", "Startup Cost": 0.0, "Total Cost": 0.3, "Plan Rows": 1, "Plan Width": 24, "Actual Startup Time": 3052.025, "Actual Total Time": 3052.025, "Actual Rows": 119765, "Actual Loops": 395341, "Index Cond": "(o_orderkey = lineitem.l_orderkey)", "Rows Removed by Index Recheck": 0, "Filter": "((o_orderdate >= '1995-01-01 00:00:00'::timestamp(0) without time zone) AND (o_orderdate <= '1996-12-31 00:00:00'::timestamp(0) without time zone))", "Rows Removed by Filter": 275576}]}, {"Node Type": "Index Scan", "Parent Relationship": "Inner", "Scan Direction": "Forward", "Index Name": "customer_pkey", "Relation Name": "customer", "Alias": "customer", "Startup Cost": 0.0, "Total Cost": 0.31, "Plan Rows": 1, "Plan Width": 12, "Actual Startup Time": 807.54, "Actual Total Time": 807.54, "Actual Rows": 119765, "Actual Loops": 119765, "Index Cond": "(c_custkey = orders.o_custkey)", "Rows Removed by Index Recheck": 0}]}, {"Node Type": "Materialize", "Parent Relationship": "Inner", "Startup Cost": 0.0, "Total Cost": 2.65, "Plan Rows": 5, "Plan Width": 4, "Actual Startup Time": 12.511, "Actual Total Time": 64.751, "Actual Rows": 598825, "Actual Loops": 119765, "Plans": [{"Node Type": "Nested Loop", "Parent Relationship": "Outer", "Join Type": "Inner", "Startup Cost": 0.0, "Total Cost": 2.62, "Plan Rows": 5, "Plan Width": 4, "Actual Startup Time": 0.039, "Actual Total Time": 0.047, "Actual Rows": 5, "Actual Loops": 1, "Inner Unique": false, "Join Filter": "(n1.n_regionkey = region.r_regionkey)", "Rows Removed by Join Filter": 20, "Plans": [{"Node Type": "Seq Scan", "Parent Relationship": "Outer", "Relation Name": "region", "Alias": "region", "Startup Cost": 0.0, "Total Cost": 1.06, "Plan Rows": 1, "Plan Width": 4, "Actual Startup Time": 0.009, "Actual Total Time": 0.01, "Actual Rows": 1, "Actual Loops": 1, "Filter": "(r_name = 'ASIA'::bpchar)", "Rows Removed by Filter": 4}, {"Node Type": "Seq Scan", "Parent Relationship": "Inner", "Relation Name": "nation", "Alias": "n1", "Startup Cost": 0.0, "Total Cost": 1.25, "Plan Rows": 25, "Plan Width": 8, "Actual Startup Time": 0.018, "Actual Total Time": 0.022, "Actual Rows": 25, "Actual Loops": 1}]}]}]}, {"Node Type": "Index Scan", "Parent Relationship": "Inner", "Scan Direction": "Forward", "Index Name": "supplier_pkey", "Relation Name": "supplier", "Alias": "supplier", "Startup Cost": 0.0, "Total Cost": 0.27, "Plan Rows": 1, "Plan Width": 12, "Actual Startup Time": 130.532, "Actual Total Time": 130.532, "Actual Rows": 23929, "Actual Loops": 23929, "Index Cond": "(s_suppkey = lineitem.l_suppkey)", "Rows Removed by Index Recheck": 0}]}, {"Node Type": "Index Scan", "Parent Relationship": "Inner", "Scan Direction": "Forward", "Index Name": "nation_pkey", "Relation Name": "nation", "Alias": "n2", "Startup Cost": 0.0, "Total Cost": 0.27, "Plan Rows": 1, "Plan Width": 30, "Actual Startup Time": 41.763, "Actual Total Time": 41.763, "Actual Rows": 23929, "Actual Loops": 23929, "Index Cond": "(n_nationkey = supplier.s_nationkey)", "Rows Removed by Index Recheck": 0}]}]}]}, "Triggers": [], "Planner Runtime": 2, "Total Runtime": 6667.486, "Unique SQL Id": 3681808042}}, "(1, 57)": {"explain_plan": {"Plan": {"Node Type": "Sort", "Startup Cost": 543973.83, "Total Cost": 543973.85, "Plan Rows": 10, "Plan Width": 50, "Sort Key": ["(date_part('year'::text, orders.o_orderdate))"], "Plans": [{"Node Type": "Aggregate", "Strategy": "Hashed", "Parent Relationship": "Outer", "Startup Cost": 543973.51, "Total Cost": 543973.66, "Plan Rows": 10, "Plan Width": 50, "Group By Key": ["date_part('year'::text, orders.o_orderdate)"], "Plans": [{"Node Type": "Nested Loop", "Parent Relationship": "Outer", "Join Type": "Inner", "Startup Cost": 0.0, "Total Cost": 543853.69, "Plan Rows": 5991, "Plan Width": 50, "Inner Unique": true, "Plans": [{"Node Type": "Nested Loop", "Parent Relationship": "Outer", "Join Type": "Inner", "Startup Cost": 0.0, "Total Cost": 542160.52, "Plan Rows": 5991, "Plan Width": 28, "Inner Unique": true, "Plans": [{"Node Type": "Nested Loop", "Parent Relationship": "Outer", "Join Type": "Inner", "Startup Cost": 0.0, "Total Cost": 537314.56, "Plan Rows": 17296, "Plan Width": 32, "Inner Unique": false, "Join Filter": "(n1.n_nationkey = customer.c_nationkey)", "Plans": [{"Node Type": "Nested Loop", "Parent Relationship": "Outer", "Join Type": "Inner", "Startup Cost": 0.0, "Total Cost": 530807.88, "Plan Rows": 86479, "Plan Width": 36, "Inner Unique": true, "Plans": [{"Node Type": "Nested Loop", "Parent Relationship": "Outer", "Join Type": "Inner", "Startup Cost": 0.0, "Total Cost": 503356.69, "Plan Rows": 86479, "Plan Width": 40, "Inner Unique": true, "Plans": [{"Node Type": "Nested Loop", "Parent Relationship": "Outer", "Join Type": "Inner", "Startup Cost": 0.0, "Total Cost": 480423.82, "Plan Rows": 74637, "Plan Width": 32, "Inner Unique": false, "Plans": [{"Node Type": "Index Scan", "Parent Relationship": "Outer", "Scan Direction": "Forward", "Index Name": "part_kpey", "Relation Name": "part", "Alias": "part", "Startup Cost": 0.0, "Total Cost": 105803.25, "Plan Rows": 13538, "Plan Width": 8, "Filter": "((p_type)::text = 'SMALL PLATED COPPER'::text)"}, {"Node Type": "Index Scan", "Parent Relationship": "Inner", "Scan Direction": "Forward", "Index Name": "idx_lineitem_part_supp", "Relation Name": "lineitem", "Alias": "lineitem", "Startup Cost": 0.0, "Total Cost": 27.61, "Plan Rows": 6, "Plan Width": 40, "Index Cond": "(l_partkey = part.p_partkey)"}]}, {"Node Type": "Index Scan", "Parent Relationship": "Inner", "Scan Direction": "Forward", "Index Name": "orders_pkey", "Relation Name": "orders", "Alias": "orders", "Startup Cost": 0.0, "Total Cost": 0.3, "Plan Rows": 1, "Plan Width": 24, "Index Cond": "(o_orderkey = lineitem.l_orderkey)", "Filter": "((o_orderdate >= '1995-01-01 00:00:00'::timestamp(0) without time zone) AND (o_orderdate <= '1996-12-31 00:00:00'::timestamp(0) without time zone))"}]}, {"Node Type": "Index Scan", "Parent Relationship": "Inner", "Scan Direction": "Forward", "Index Name": "customer_pkey", "Relation Name": "customer", "Alias": "customer", "Startup Cost": 0.0, "Total Cost": 0.31, "Plan Rows": 1, "Plan Width": 12, "Index Cond": "(c_custkey = orders.o_custkey)"}]}, {"Node Type": "Materialize", "Parent Relationship": "Inner", "Startup Cost": 0.0, "Total Cost": 20.76, "Plan Rows": 5, "Plan Width": 4, "Plans": [{"Node Type": "Nested Loop", "Parent Relationship": "Outer", "Join Type": "Inner", "Startup Cost": 0.0, "Total Cost": 20.74, "Plan Rows": 5, "Plan Width": 4, "Inner Unique": false, "Plans": [{"Node Type": "Index Scan", "Parent Relationship": "Outer", "Scan Direction": "Forward", "Index Name": "region_pkey", "Relation Name": "region", "Alias": "region", "Startup Cost": 0.0, "Total Cost": 12.34, "Plan Rows": 1, "Plan Width": 4, "Filter": "(r_name = 'ASIA'::bpchar)"}, {"Node Type": "Index Scan", "Parent Relationship": "Inner", "Scan Direction": "Forward", "Index Name": "idx_nation_regionkey", "Relation Name": "nation", "Alias": "n1", "Startup Cost": 0.0, "Total Cost": 8.35, "Plan Rows": 5, "Plan Width": 8, "Index Cond": "(n_regionkey = region.r_regionkey)"}]}]}]}, {"Node Type": "Index Scan", "Parent Relationship": "Inner", "Scan Direction": "Forward", "Index Name": "supplier_pkey", "Relation Name": "supplier", "Alias": "supplier", "Startup Cost": 0.0, "Total Cost": 0.27, "Plan Rows": 1, "Plan Width": 12, "Index Cond": "(s_suppkey = lineitem.l_suppkey)"}]}, {"Node Type": "Index Scan", "Parent Relationship": "Inner", "Scan Direction": "Forward", "Index Name": "nation_pkey", "Relation Name": "nation", "Alias": "n2", "Startup Cost": 0.0, "Total Cost": 0.27, "Plan Rows": 1, "Plan Width": 30, "Index Cond": "(n_nationkey = supplier.s_nationkey)"}]}]}]}, "Unique SQL Id": 3681808042, "Planner Runtime": 2}, "explain_analyze_plan": {"Plan": {"Node Type": "Sort", "Startup Cost": 543973.83, "Total Cost": 543973.85, "Plan Rows": 10, "Plan Width": 50, "Actual Startup Time": 8110.251, "Actual Total Time": 8110.251, "Actual Rows": 2, "Actual Loops": 1, "Sort Key": ["(date_part('year'::text, orders.o_orderdate))"], "Sort Method": "quicksort", "Sort Space Used": 25, "Sort Space Type": "Memory", "Plans": [{"Node Type": "Aggregate", "Strategy": "Hashed", "Parent Relationship": "Outer", "Startup Cost": 543973.51, "Total Cost": 543973.66, "Plan Rows": 10, "Plan Width": 50, "Actual Startup Time": 8110.23, "Actual Total Time": 8110.231, "Actual Rows": 2, "Actual Loops": 1, "Group By Key": ["date_part('year'::text, orders.o_orderdate)"], "Plans": [{"Node Type": "Nested Loop", "Parent Relationship": "Outer", "Join Type": "Inner", "Startup Cost": 0.0, "Total Cost": 543853.69, "Plan Rows": 5991, "Plan Width": 50, "Actual Startup Time": 0.347, "Actual Total Time": 8073.255, "Actual Rows": 23929, "Actual Loops": 1, "Inner Unique": true, "Plans": [{"Node Type": "Nested Loop", "Parent Relationship": "Outer", "Join Type": "Inner", "Startup Cost": 0.0, "Total Cost": 542160.52, "Plan Rows": 5991, "Plan Width": 28, "Actual Startup Time": 0.337, "Actual Total Time": 7983.688, "Actual Rows": 23929, "Actual Loops": 1, "Inner Unique": true, "Plans": [{"Node Type": "Nested Loop", "Parent Relationship": "Outer", "Join Type": "Inner", "Startup Cost": 0.0, "Total Cost": 537314.56, "Plan Rows": 17296, "Plan Width": 32, "Actual Startup Time": 0.329, "Actual Total Time": 7801.196, "Actual Rows": 23929, "Actual Loops": 1, "Inner Unique": false, "Join Filter": "(n1.n_nationkey = customer.c_nationkey)", "Rows Removed by Join Filter": 574896, "Plans": [{"Node Type": "Nested Loop", "Parent Relationship": "Outer", "Join Type": "Inner", "Startup Cost": 0.0, "Total Cost": 530807.88, "Plan Rows": 86479, "Plan Width": 36, "Actual Startup Time": 0.172, "Actual Total Time": 7578.85, "Actual Rows": 119765, "Actual Loops": 1, "Inner Unique": true, "Plans": [{"Node Type": "Nested Loop", "Parent Relationship": "Outer", "Join Type": "Inner", "Startup Cost": 0.0, "Total Cost": 503356.69, "Plan Rows": 86479, "Plan Width": 40, "Actual Startup Time": 0.164, "Actual Total Time": 6543.231, "Actual Rows": 119765, "Actual Loops": 1, "Inner Unique": true, "Plans": [{"Node Type": "Nested Loop", "Parent Relationship": "Outer", "Join Type": "Inner", "Startup Cost": 0.0, "Total Cost": 480423.82, "Plan Rows": 74637, "Plan Width": 32, "Actual Startup Time": 0.068, "Actual Total Time": 2854.98, "Actual Rows": 395341, "Actual Loops": 1, "Inner Unique": false, "Plans": [{"Node Type": "Index Scan", "Parent Relationship": "Outer", "Scan Direction": "Forward", "Index Name": "part_kpey", "Relation Name": "part", "Alias": "part", "Startup Cost": 0.0, "Total Cost": 105803.25, "Plan Rows": 13538, "Plan Width": 8, "Actual Startup Time": 0.048, "Actual Total Time": 1507.382, "Actual Rows": 13163, "Actual Loops": 1, "Filter": "((p_type)::text = 'SMALL PLATED COPPER'::text)", "Rows Removed by Filter": 1986837}, {"Node Type": "Index Scan", "Parent Relationship": "Inner", "Scan Direction": "Forward", "Index Name": "idx_lineitem_part_supp", "Relation Name": "lineitem", "Alias": "lineitem", "Startup Cost": 0.0, "Total Cost": 27.61, "Plan Rows": 6, "Plan Width": 40, "Actual Startup Time": 157.001, "Actual Total Time": 1241.646, "Actual Rows": 395341, "Actual Loops": 13163, "Index Cond": "(l_partkey = part.p_partkey)", "Rows Removed by Index Recheck": 0}]}, {"Node Type": "Index Scan", "Parent Relationship": "Inner", "Scan Direction": "Forward", "Index Name": "orders_pkey", "Relation Name": "orders", "Alias": "orders", "Startup Cost": 0.0, "Total Cost": 0.3, "Plan Rows": 1, "Plan Width": 24, "Actual Startup Time": 3442.495, "Actual Total Time": 3442.495, "Actual Rows": 119765, "Actual Loops": 395341, "Index Cond": "(o_orderkey = lineitem.l_orderkey)", "Rows Removed by Index Recheck": 0, "Filter": "((o_orderdate >= '1995-01-01 00:00:00'::timestamp(0) without time zone) AND (o_orderdate <= '1996-12-31 00:00:00'::timestamp(0) without time zone))", "Rows Removed by Filter": 275576}]}, {"Node Type": "Index Scan", "Parent Relationship": "Inner", "Scan Direction": "Forward", "Index Name": "customer_pkey", "Relation Name": "customer", "Alias": "customer", "Startup Cost": 0.0, "Total Cost": 0.31, "Plan Rows": 1, "Plan Width": 12, "Actual Startup Time": 920.013, "Actual Total Time": 920.013, "Actual Rows": 119765, "Actual Loops": 119765, "Index Cond": "(c_custkey = orders.o_custkey)", "Rows Removed by Index Recheck": 0}]}, {"Node Type": "Materialize", "Parent Relationship": "Inner", "Startup Cost": 0.0, "Total Cost": 20.76, "Plan Rows": 5, "Plan Width": 4, "Actual Startup Time": 14.753, "Actual Total Time": 67.261, "Actual Rows": 598825, "Actual Loops": 119765, "Plans": [{"Node Type": "Nested Loop", "Parent Relationship": "Outer", "Join Type": "Inner", "Startup Cost": 0.0, "Total Cost": 20.74, "Plan Rows": 5, "Plan Width": 4, "Actual Startup Time": 0.015, "Actual Total Time": 0.022, "Actual Rows": 5, "Actual Loops": 1, "Inner Unique": false, "Plans": [{"Node Type": "Index Scan", "Parent Relationship": "Outer", "Scan Direction": "Forward", "Index Name": "region_pkey", "Relation Name": "region", "Alias": "region", "Startup Cost": 0.0, "Total Cost": 12.34, "Plan Rows": 1, "Plan Width": 4, "Actual Startup Time": 0.009, "Actual Total Time": 0.011, "Actual Rows": 1, "Actual Loops": 1, "Filter": "(r_name = 'ASIA'::bpchar)", "Rows Removed by Filter": 4}, {"Node Type": "Index Scan", "Parent Relationship": "Inner", "Scan Direction": "Forward", "Index Name": "idx_nation_regionkey", "Relation Name": "nation", "Alias": "n1", "Startup Cost": 0.0, "Total Cost": 8.35, "Plan Rows": 5, "Plan Width": 8, "Actual Startup Time": 0.004, "Actual Total Time": 0.009, "Actual Rows": 5, "Actual Loops": 1, "Index Cond": "(n_regionkey = region.r_regionkey)", "Rows Removed by Index Recheck": 0}]}]}]}, {"Node Type": "Index Scan", "Parent Relationship": "Inner", "Scan Direction": "Forward", "Index Name": "supplier_pkey", "Relation Name": "supplier", "Alias": "supplier", "Startup Cost": 0.0, "Total Cost": 0.27, "Plan Rows": 1, "Plan Width": 12, "Actual Startup Time": 149.839, "Actual Total Time": 149.839, "Actual Rows": 23929, "Actual Loops": 23929, "Index Cond": "(s_suppkey = lineitem.l_suppkey)", "Rows Removed by Index Recheck": 0}]}, {"Node Type": "Index Scan", "Parent Relationship": "Inner", "Scan Direction": "Forward", "Index Name": "nation_pkey", "Relation Name": "nation", "Alias": "n2", "Startup Cost": 0.0, "Total Cost": 0.27, "Plan Rows": 1, "Plan Width": 30, "Actual Startup Time": 42.432, "Actual Total Time": 42.432, "Actual Rows": 23929, "Actual Loops": 23929, "Index Cond": "(n_nationkey = supplier.s_nationkey)", "Rows Removed by Index Recheck": 0}]}]}]}, "Triggers": [], "Planner Runtime": 2, "Total Runtime": 8110.658, "Unique SQL Id": 3681808042}}, "(1, 58)": {"explain_plan": {"Plan": {"Node Type": "Sort", "Startup Cost": 17600453906.22, "Total Cost": 17600453906.25, "Plan Rows": 10, "Plan Width": 50, "Sort Key": ["(date_part('year'::text, orders.o_orderdate))"], "Plans": [{"Node Type": "Aggregate", "Strategy": "Hashed", "Parent Relationship": "Outer", "Startup Cost": 17600453905.91, "Total Cost": 17600453906.06, "Plan Rows": 10, "Plan Width": 50, "Group By Key": ["date_part('year'::text, orders.o_orderdate)"], "Plans": [{"Node Type": "Nested Loop", "Parent Relationship": "Outer", "Join Type": "Inner", "Startup Cost": 195.74, "Total Cost": 17600453786.09, "Plan Rows": 5991, "Plan Width": 50, "Inner Unique": true, "Join Filter": "(supplier.s_nationkey = n2.n_nationkey)", "Plans": [{"Node Type": "Nested Loop", "Parent Relationship": "Outer", "Join Type": "Inner", "Startup Cost": 195.74, "Total Cost": 17600451523.17, "Plan Rows": 5991, "Plan Width": 28, "Inner Unique": false, "Join Filter": "(customer.c_custkey = orders.o_custkey)", "Plans": [{"Node Type": "Nested Loop", "Parent Relationship": "Outer", "Join Type": "Inner", "Startup Cost": 0.0, "Total Cost": 164628.64, "Plan Rows": 300000, "Plan Width": 8, "Inner Unique": false, "Join Filter": "(n1.n_nationkey = customer.c_nationkey), (LLVM Optimized)", "Plans": [{"Node Type": "Seq Scan", "Parent Relationship": "Outer", "Relation Name": "customer", "Alias": "customer", "Startup Cost": 0.0, "Total Cost": 52126.0, "Plan Rows": 1500000, "Plan Width": 12}, {"Node Type": "Materialize", "Parent Relationship": "Inner", "Startup Cost": 0.0, "Total Cost": 2.65, "Plan Rows": 5, "Plan Width": 4, "Plans": [{"Node Type": "Nested Loop", "Parent Relationship": "Outer", "Join Type": "Inner", "Startup Cost": 0.0, "Total Cost": 2.62, "Plan Rows": 5, "Plan Width": 4, "Inner Unique": false, "Join Filter": "(n1.n_regionkey = region.r_regionkey)", "Plans": [{"Node Type": "Seq Scan", "Parent Relationship": "Outer", "Relation Name": "region", "Alias": "region", "Startup Cost": 0.0, "Total Cost": 1.06, "Plan Rows": 1, "Plan Width": 4, "Filter": "(r_name = 'ASIA'::bpchar)"}, {"Node Type": "Seq Scan", "Parent Relationship": "Inner", "Relation Name": "nation", "Alias": "n1", "Startup Cost": 0.0, "Total Cost": 1.25, "Plan Rows": 25, "Plan Width": 8}]}]}]}, {"Node Type": "Materialize", "Parent Relationship": "Inner", "Startup Cost": 195.74, "Total Cost": 17369896022.53, "Plan Rows": 51198, "Plan Width": 36, "Plans": [{"Node Type": "Nested Loop", "Parent Relationship": "Outer", "Join Type": "Inner", "Startup Cost": 195.74, "Total Cost": 17369895766.54, "Plan Rows": 51198, "Plan Width": 36, "Inner Unique": false, "Join Filter": "(lineitem.l_orderkey = orders.o_orderkey)", "Plans": [{"Node Type": "Seq Scan", "Parent Relationship": "Outer", "Relation Name": "orders", "Alias": "orders", "Startup Cost": 195.74, "Total Cost": 501411.18, "Plan Rows": 4531967, "Plan Width": 24, "Filter": "((o_orderdate >= '1995-01-01 00:00:00'::timestamp(0) without time zone) AND (o_orderdate <= '1996-12-31 00:00:00'::timestamp(0) without time zone)), (LLVM Optimized)"}, {"Node Type": "Materialize", "Parent Relationship": "Inner", "Startup Cost": 0.0, "Total Cost": 12295608227.26, "Plan Rows": 74637, "Plan Width": 28, "Plans": [{"Node Type": "Nested Loop", "Parent Relationship": "Outer", "Join Type": "Inner", "Startup Cost": 0.0, "Total Cost": 12295607854.08, "Plan Rows": 74637, "Plan Width": 28, "Inner Unique": false, "Join Filter": "(lineitem.l_suppkey = supplier.s_suppkey)", "Plans": [{"Node Type": "Seq Scan", "Parent Relationship": "Outer", "Relation Name": "supplier", "Alias": "supplier", "Startup Cost": 0.0, "Total Cost": 3283.0, "Plan Rows": 100000, "Plan Width": 12}, {"Node Type": "Materialize", "Parent Relationship": "Inner", "Startup Cost": 0.0, "Total Cost": 12183649257.67, "Plan Rows": 74637, "Plan Width": 32, "Plans": [{"Node Type": "Nested Loop", "Parent Relationship": "Outer", "Join Type": "Inner", "Startup Cost": 0.0, "Total Cost": 12183648884.49, "Plan Rows": 74637, "Plan Width": 32, "Inner Unique": true, "Join Filter": "(part.p_partkey = lineitem.l_partkey)", "Plans": [{"Node Type": "Seq Scan", "Parent Relationship": "Outer", "Relation Name": "lineitem", "Alias": "lineitem", "Startup Cost": 0.0, "Total Cost": 2015115.33, "Plan Rows": 59987033, "Plan Width": 40}, {"Node Type": "Materialize", "Parent Relationship": "Inner", "Startup Cost": 0.0, "Total Cost": 67011.69, "Plan Rows": 13538, "Plan Width": 8, "Plans": [{"Node Type": "Seq Scan", "Parent Relationship": "Outer", "Relation Name": "part", "Alias": "part", "Startup Cost": 0.0, "Total Cost": 66944.0, "Plan Rows": 13538, "Plan Width": 8, "Filter": "((p_type)::text = 'SMALL PLATED COPPER'::text)"}]}]}]}]}]}]}]}]}, {"Node Type": "Materialize", "Parent Relationship": "Inner", "Startup Cost": 0.0, "Total Cost": 1.38, "Plan Rows": 25, "Plan Width": 30, "Plans": [{"Node Type": "Seq Scan", "Parent Relationship": "Outer", "Relation Name": "nation", "Alias": "n2", "Startup Cost": 0.0, "Total Cost": 1.25, "Plan Rows": 25, "Plan Width": 30}]}]}]}]}, "Unique SQL Id": 3681808042, "Planner Runtime": 2}, "explain_analyze_plan": null}, "(1, 59)": {"explain_plan": {"Plan": {"Node Type": "Sort", "Startup Cost": 8018022317922.2, "Total Cost": 8018022317922.22, "Plan Rows": 10, "Plan Width": 50, "Sort Key": ["(date_part('year'::text, orders.o_orderdate))"], "Plans": [{"Node Type": "Aggregate", "Strategy": "Hashed", "Parent Relationship": "Outer", "Startup Cost": 8018022317921.88, "Total Cost": 8018022317922.03, "Plan Rows": 10, "Plan Width": 50, "Group By Key": ["date_part('year'::text, orders.o_orderdate)"], "Plans": [{"Node Type": "Nested Loop", "Parent Relationship": "Outer", "Join Type": "Inner", "Startup Cost": 80000000000.0, "Total Cost": 8018022317802.06, "Plan Rows": 5991, "Plan Width": 50, "Inner Unique": true, "Join Filter": "(supplier.s_nationkey = n2.n_nationkey)", "Plans": [{"Node Type": "Nested Loop", "Parent Relationship": "Outer", "Join Type": "Inner", "Startup Cost": 70000000000.0, "Total Cost": 7018022314277.89, "Plan Rows": 5991, "Plan Width": 28, "Inner Unique": false, "Join Filter": "(customer.c_custkey = orders.o_custkey)", "Plans": [{"Node Type": "Nested Loop", "Parent Relationship": "Outer", "Join Type": "Inner", "Startup Cost": 40000000000.0, "Total Cost": 4017783730995.63, "Plan Rows": 51198, "Plan Width": 36, "Inner Unique": true, "Join Filter": "(lineitem.l_orderkey = orders.o_orderkey)", "Plans": [{"Node Type": "Nested Loop", "Parent Relationship": "Outer", "Join Type": "Inner", "Startup Cost": 30000000000.0, "Total Cost": 3012629335768.03, "Plan Rows": 74637, "Plan Width": 28, "Inner Unique": false, "Join Filter": "(lineitem.l_suppkey = supplier.s_suppkey)", "Plans": [{"Node Type": "Index Scan", "Parent Relationship": "Outer", "Scan Direction": "Forward", "Index Name": "idx_supplier_nation_key", "Relation Name": "supplier", "Alias": "supplier", "Startup Cost": 10000000000.0, "Total Cost": 1000001217556.78, "Plan Rows": 100000, "Plan Width": 12}, {"Node Type": "Materialize", "Parent Relationship": "Inner", "Startup Cost": 20000000000.0, "Total Cost": 2012516162897.84, "Plan Rows": 74637, "Plan Width": 32, "Plans": [{"Node Type": "Nested Loop", "Parent Relationship": "Outer", "Join Type": "Inner", "Startup Cost": 20000000000.0, "Total Cost": 2012516162524.66, "Plan Rows": 74637, "Plan Width": 32, "Inner Unique": true, "Join Filter": "(part.p_partkey = lineitem.l_partkey)", "Plans": [{"Node Type": "Index Scan", "Parent Relationship": "Outer", "Scan Direction": "Forward", "Index Name": "idx_lineitem_orderkey", "Relation Name": "lineitem", "Alias": "lineitem", "Startup Cost": 10000000000.0, "Total Cost": 1000324015374.5, "Plan Rows": 59987033, "Plan Width": 40}, {"Node Type": "Materialize", "Parent Relationship": "Inner", "Startup Cost": 10000000000.0, "Total Cost": 1000010580392.69, "Plan Rows": 13538, "Plan Width": 8, "Plans": [{"Node Type": "Index Scan", "Parent Relationship": "Outer", "Scan Direction": "Forward", "Index Name": "part_kpey", "Relation Name": "part", "Alias": "part", "Startup Cost": 10000000000.0, "Total Cost": 1000010580325.0, "Plan Rows": 13538, "Plan Width": 8, "Filter": "((p_type)::text = 'SMALL PLATED COPPER'::text)"}]}]}]}]}, {"Node Type": "Materialize", "Parent Relationship": "Inner", "Startup Cost": 10000000000.0, "Total Cost": 1000080620242.83, "Plan Rows": 4531967, "Plan Width": 24, "Plans": [{"Node Type": "Index Scan", "Parent Relationship": "Outer", "Scan Direction": "Forward", "Index Name": "orders_pkey", "Relation Name": "orders", "Alias": "orders", "Startup Cost": 10000000000.0, "Total Cost": 1000080597583.0, "Plan Rows": 4531967, "Plan Width": 24, "Filter": "((o_orderdate >= '1995-01-01 00:00:00'::timestamp(0) without time zone) AND (o_orderdate <= '1996-12-31 00:00:00'::timestamp(0) without time zone)), (LLVM Optimized)"}]}]}, {"Node Type": "Materialize", "Parent Relationship": "Inner", "Startup Cost": 30000000000.0, "Total Cost": 3000008193032.26, "Plan Rows": 300000, "Plan Width": 8, "Plans": [{"Node Type": "Nested Loop", "Parent Relationship": "Outer", "Join Type": "Inner", "Startup Cost": 30000000000.0, "Total Cost": 3000008191532.26, "Plan Rows": 300000, "Plan Width": 8, "Inner Unique": false, "Join Filter": "(n1.n_nationkey = customer.c_nationkey), (LLVM Optimized)", "Plans": [{"Node Type": "Index Scan", "Parent Relationship": "Outer", "Scan Direction": "Forward", "Index Name": "customer_pkey", "Relation Name": "customer", "Alias": "customer", "Startup Cost": 10000000000.0, "Total Cost": 1000008076535.62, "Plan Rows": 1500000, "Plan Width": 12}, {"Node Type": "Materialize", "Parent Relationship": "Inner", "Startup Cost": 20000000000.0, "Total Cost": 2000000002496.65, "Plan Rows": 5, "Plan Width": 4, "Plans": [{"Node Type": "Nested Loop", "Parent Relationship": "Outer", "Join Type": "Inner", "Startup Cost": 20000000000.0, "Total Cost": 2000000002496.63, "Plan Rows": 5, "Plan Width": 4, "Inner Unique": true, "Join Filter": "(n1.n_regionkey = region.r_regionkey)", "Plans": [{"Node Type": "Index Scan", "Parent Relationship": "Outer", "Scan Direction": "Forward", "Index Name": "nation_pkey", "Relation Name": "nation", "Alias": "n1", "Startup Cost": 10000000000.0, "Total Cost": 1000000001262.5, "Plan Rows": 25, "Plan Width": 8}, {"Node Type": "Materialize", "Parent Relationship": "Inner", "Startup Cost": 10000000000.0, "Total Cost": 1000000001233.76, "Plan Rows": 1, "Plan Width": 4, "Plans": [{"Node Type": "Index Scan", "Parent Relationship": "Outer", "Scan Direction": "Forward", "Index Name": "region_pkey", "Relation Name": "region", "Alias": "region", "Startup Cost": 10000000000.0, "Total Cost": 1000000001233.75, "Plan Rows": 1, "Plan Width": 4, "Filter": "(r_name = 'ASIA'::bpchar)"}]}]}]}]}]}]}, {"Node Type": "Materialize", "Parent Relationship": "Inner", "Startup Cost": 10000000000.0, "Total Cost": 1000000001262.62, "Plan Rows": 25, "Plan Width": 30, "Plans": [{"Node Type": "Index Scan", "Parent Relationship": "Outer", "Scan Direction": "Forward", "Index Name": "nation_pkey", "Relation Name": "nation", "Alias": "n2", "Startup Cost": 10000000000.0, "Total Cost": 1000000001262.5, "Plan Rows": 25, "Plan Width": 30}]}]}]}]}, "Unique SQL Id": 3681808042, "Planner Runtime": 2}, "explain_analyze_plan": null}, "(1, 60)": {"explain_plan": {"Plan": {"Node Type": "Sort", "Startup Cost": 505096.47, "Total Cost": 505096.49, "Plan Rows": 10, "Plan Width": 50, "Sort Key": ["(date_part('year'::text, orders.o_orderdate))"], "Plans": [{"Node Type": "Aggregate", "Strategy": "Hashed", "Parent Relationship": "Outer", "Startup Cost": 505096.15, "Total Cost": 505096.3, "Plan Rows": 10, "Plan Width": 50, "Group By Key": ["date_part('year'::text, orders.o_orderdate)"], "Plans": [{"Node Type": "Nested Loop", "Parent Relationship": "Outer", "Join Type": "Inner", "Startup Cost": 0.0, "Total Cost": 504976.33, "Plan Rows": 5991, "Plan Width": 50, "Inner Unique": true, "Plans": [{"Node Type": "Nested Loop", "Parent Relationship": "Outer", "Join Type": "Inner", "Startup Cost": 0.0, "Total Cost": 503283.15, "Plan Rows": 5991, "Plan Width": 28, "Inner Unique": true, "Plans": [{"Node Type": "Nested Loop", "Parent Relationship": "Outer", "Join Type": "Inner", "Startup Cost": 0.0, "Total Cost": 498437.19, "Plan Rows": 17296, "Plan Width": 32, "Inner Unique": false, "Join Filter": "(n1.n_nationkey = customer.c_nationkey)", "Plans": [{"Node Type": "Nested Loop", "Parent Relationship": "Outer", "Join Type": "Inner", "Startup Cost": 0.0, "Total Cost": 491948.63, "Plan Rows": 86479, "Plan Width": 36, "Inner Unique": true, "Plans": [{"Node Type": "Nested Loop", "Parent Relationship": "Outer", "Join Type": "Inner", "Startup Cost": 0.0, "Total Cost": 464497.44, "Plan Rows": 86479, "Plan Width": 40, "Inner Unique": true, "Plans": [{"Node Type": "Nested Loop", "Parent Relationship": "Outer", "Join Type": "Inner", "Startup Cost": 0.0, "Total Cost": 441564.57, "Plan Rows": 74637, "Plan Width": 32, "Inner Unique": false, "Plans": [{"Node Type": "Seq Scan", "Parent Relationship": "Outer", "Relation Name": "part", "Alias": "part", "Startup Cost": 0.0, "Total Cost": 66944.0, "Plan Rows": 13538, "Plan Width": 8, "Filter": "((p_type)::text = 'SMALL PLATED COPPER'::text)"}, {"Node Type": "Index Scan", "Parent Relationship": "Inner", "Scan Direction": "Forward", "Index Name": "idx_lineitem_part_supp", "Relation Name": "lineitem", "Alias": "lineitem", "Startup Cost": 0.0, "Total Cost": 27.61, "Plan Rows": 6, "Plan Width": 40, "Index Cond": "(l_partkey = part.p_partkey)"}]}, {"Node Type": "Index Scan", "Parent Relationship": "Inner", "Scan Direction": "Forward", "Index Name": "orders_pkey", "Relation Name": "orders", "Alias": "orders", "Startup Cost": 0.0, "Total Cost": 0.3, "Plan Rows": 1, "Plan Width": 24, "Index Cond": "(o_orderkey = lineitem.l_orderkey)", "Filter": "((o_orderdate >= '1995-01-01 00:00:00'::timestamp(0) without time zone) AND (o_orderdate <= '1996-12-31 00:00:00'::timestamp(0) without time zone))"}]}, {"Node Type": "Index Scan", "Parent Relationship": "Inner", "Scan Direction": "Forward", "Index Name": "customer_pkey", "Relation Name": "customer", "Alias": "customer", "Startup Cost": 0.0, "Total Cost": 0.31, "Plan Rows": 1, "Plan Width": 12, "Index Cond": "(c_custkey = orders.o_custkey)"}]}, {"Node Type": "Materialize", "Parent Relationship": "Inner", "Startup Cost": 0.0, "Total Cost": 2.65, "Plan Rows": 5, "Plan Width": 4, "Plans": [{"Node Type": "Nested Loop", "Parent Relationship": "Outer", "Join Type": "Inner", "Startup Cost": 0.0, "Total Cost": 2.62, "Plan Rows": 5, "Plan Width": 4, "Inner Unique": false, "Join Filter": "(n1.n_regionkey = region.r_regionkey)", "Plans": [{"Node Type": "Seq Scan", "Parent Relationship": "Outer", "Relation Name": "region", "Alias": "region", "Startup Cost": 0.0, "Total Cost": 1.06, "Plan Rows": 1, "Plan Width": 4, "Filter": "(r_name = 'ASIA'::bpchar)"}, {"Node Type": "Seq Scan", "Parent Relationship": "Inner", "Relation Name": "nation", "Alias": "n1", "Startup Cost": 0.0, "Total Cost": 1.25, "Plan Rows": 25, "Plan Width": 8}]}]}]}, {"Node Type": "Index Scan", "Parent Relationship": "Inner", "Scan Direction": "Forward", "Index Name": "supplier_pkey", "Relation Name": "supplier", "Alias": "supplier", "Startup Cost": 0.0, "Total Cost": 0.27, "Plan Rows": 1, "Plan Width": 12, "Index Cond": "(s_suppkey = lineitem.l_suppkey)"}]}, {"Node Type": "Index Scan", "Parent Relationship": "Inner", "Scan Direction": "Forward", "Index Name": "nation_pkey", "Relation Name": "nation", "Alias": "n2", "Startup Cost": 0.0, "Total Cost": 0.27, "Plan Rows": 1, "Plan Width": 30, "Index Cond": "(n_nationkey = supplier.s_nationkey)"}]}]}]}, "Unique SQL Id": 3681808042, "Planner Runtime": 2}, "explain_analyze_plan": {"Plan": {"Node Type": "Sort", "Startup Cost": 505096.47, "Total Cost": 505096.49, "Plan Rows": 10, "Plan Width": 50, "Actual Startup Time": 6667.023, "Actual Total Time": 6667.023, "Actual Rows": 2, "Actual Loops": 1, "Sort Key": ["(date_part('year'::text, orders.o_orderdate))"], "Sort Method": "quicksort", "Sort Space Used": 25, "Sort Space Type": "Memory", "Plans": [{"Node Type": "Aggregate", "Strategy": "Hashed", "Parent Relationship": "Outer", "Startup Cost": 505096.15, "Total Cost": 505096.3, "Plan Rows": 10, "Plan Width": 50, "Actual Startup Time": 6666.995, "Actual Total Time": 6666.997, "Actual Rows": 2, "Actual Loops": 1, "Group By Key": ["date_part('year'::text, orders.o_orderdate)"], "Plans": [{"Node Type": "Nested Loop", "Parent Relationship": "Outer", "Join Type": "Inner", "Startup Cost": 0.0, "Total Cost": 504976.33, "Plan Rows": 5991, "Plan Width": 50, "Actual Startup Time": 0.426, "Actual Total Time": 6626.925, "Actual Rows": 23929, "Actual Loops": 1, "Inner Unique": true, "Plans": [{"Node Type": "Nested Loop", "Parent Relationship": "Outer", "Join Type": "Inner", "Startup Cost": 0.0, "Total Cost": 503283.15, "Plan Rows": 5991, "Plan Width": 28, "Actual Startup Time": 0.413, "Actual Total Time": 6538.132, "Actual Rows": 23929, "Actual Loops": 1, "Inner Unique": true, "Plans": [{"Node Type": "Nested Loop", "Parent Relationship": "Outer", "Join Type": "Inner", "Startup Cost": 0.0, "Total Cost": 498437.19, "Plan Rows": 17296, "Plan Width": 32, "Actual Startup Time": 0.402, "Actual Total Time": 6376.3, "Actual Rows": 23929, "Actual Loops": 1, "Inner Unique": false, "Join Filter": "(n1.n_nationkey = customer.c_nationkey)", "Rows Removed by Join Filter": 574896, "Plans": [{"Node Type": "Nested Loop", "Parent Relationship": "Outer", "Join Type": "Inner", "Startup Cost": 0.0, "Total Cost": 491948.63, "Plan Rows": 86479, "Plan Width": 36, "Actual Startup Time": 0.194, "Actual Total Time": 6158.929, "Actual Rows": 119765, "Actual Loops": 1, "Inner Unique": true, "Plans": [{"Node Type": "Nested Loop", "Parent Relationship": "Outer", "Join Type": "Inner", "Startup Cost": 0.0, "Total Cost": 464497.44, "Plan Rows": 86479, "Plan Width": 40, "Actual Startup Time": 0.184, "Actual Total Time": 5243.29, "Actual Rows": 119765, "Actual Loops": 1, "Inner Unique": true, "Plans": [{"Node Type": "Nested Loop", "Parent Relationship": "Outer", "Join Type": "Inner", "Startup Cost": 0.0, "Total Cost": 441564.57, "Plan Rows": 74637, "Plan Width": 32, "Actual Startup Time": 0.073, "Actual Total Time": 1943.41, "Actual Rows": 395341, "Actual Loops": 1, "Inner Unique": false, "Plans": [{"Node Type": "Seq Scan", "Parent Relationship": "Outer", "Relation Name": "part", "Alias": "part", "Startup Cost": 0.0, "Total Cost": 66944.0, "Plan Rows": 13538, "Plan Width": 8, "Actual Startup Time": 0.034, "Actual Total Time": 762.451, "Actual Rows": 13163, "Actual Loops": 1, "Filter": "((p_type)::text = 'SMALL PLATED COPPER'::text)", "Rows Removed by Filter": 1986837}, {"Node Type": "Index Scan", "Parent Relationship": "Inner", "Scan Direction": "Forward", "Index Name": "idx_lineitem_part_supp", "Relation Name": "lineitem", "Alias": "lineitem", "Startup Cost": 0.0, "Total Cost": 27.61, "Plan Rows": 6, "Plan Width": 40, "Actual Startup Time": 149.18, "Actual Total Time": 1074.779, "Actual Rows": 395341, "Actual Loops": 13163, "Index Cond": "(l_partkey = part.p_partkey)", "Rows Removed by Index Recheck": 0}]}, {"Node Type": "Index Scan", "Parent Relationship": "Inner", "Scan Direction": "Forward", "Index Name": "orders_pkey", "Relation Name": "orders", "Alias": "orders", "Startup Cost": 0.0, "Total Cost": 0.3, "Plan Rows": 1, "Plan Width": 24, "Actual Startup Time": 3052.025, "Actual Total Time": 3052.025, "Actual Rows": 119765, "Actual Loops": 395341, "Index Cond": "(o_orderkey = lineitem.l_orderkey)", "Rows Removed by Index Recheck": 0, "Filter": "((o_orderdate >= '1995-01-01 00:00:00'::timestamp(0) without time zone) AND (o_orderdate <= '1996-12-31 00:00:00'::timestamp(0) without time zone))", "Rows Removed by Filter": 275576}]}, {"Node Type": "Index Scan", "Parent Relationship": "Inner", "Scan Direction": "Forward", "Index Name": "customer_pkey", "Relation Name": "customer", "Alias": "customer", "Startup Cost": 0.0, "Total Cost": 0.31, "Plan Rows": 1, "Plan Width": 12, "Actual Startup Time": 807.54, "Actual Total Time": 807.54, "Actual Rows": 119765, "Actual Loops": 119765, "Index Cond": "(c_custkey = orders.o_custkey)", "Rows Removed by Index Recheck": 0}]}, {"Node Type": "Materialize", "Parent Relationship": "Inner", "Startup Cost": 0.0, "Total Cost": 2.65, "Plan Rows": 5, "Plan Width": 4, "Actual Startup Time": 12.511, "Actual Total Time": 64.751, "Actual Rows": 598825, "Actual Loops": 119765, "Plans": [{"Node Type": "Nested Loop", "Parent Relationship": "Outer", "Join Type": "Inner", "Startup Cost": 0.0, "Total Cost": 2.62, "Plan Rows": 5, "Plan Width": 4, "Actual Startup Time": 0.039, "Actual Total Time": 0.047, "Actual Rows": 5, "Actual Loops": 1, "Inner Unique": false, "Join Filter": "(n1.n_regionkey = region.r_regionkey)", "Rows Removed by Join Filter": 20, "Plans": [{"Node Type": "Seq Scan", "Parent Relationship": "Outer", "Relation Name": "region", "Alias": "region", "Startup Cost": 0.0, "Total Cost": 1.06, "Plan Rows": 1, "Plan Width": 4, "Actual Startup Time": 0.009, "Actual Total Time": 0.01, "Actual Rows": 1, "Actual Loops": 1, "Filter": "(r_name = 'ASIA'::bpchar)", "Rows Removed by Filter": 4}, {"Node Type": "Seq Scan", "Parent Relationship": "Inner", "Relation Name": "nation", "Alias": "n1", "Startup Cost": 0.0, "Total Cost": 1.25, "Plan Rows": 25, "Plan Width": 8, "Actual Startup Time": 0.018, "Actual Total Time": 0.022, "Actual Rows": 25, "Actual Loops": 1}]}]}]}, {"Node Type": "Index Scan", "Parent Relationship": "Inner", "Scan Direction": "Forward", "Index Name": "supplier_pkey", "Relation Name": "supplier", "Alias": "supplier", "Startup Cost": 0.0, "Total Cost": 0.27, "Plan Rows": 1, "Plan Width": 12, "Actual Startup Time": 130.532, "Actual Total Time": 130.532, "Actual Rows": 23929, "Actual Loops": 23929, "Index Cond": "(s_suppkey = lineitem.l_suppkey)", "Rows Removed by Index Recheck": 0}]}, {"Node Type": "Index Scan", "Parent Relationship": "Inner", "Scan Direction": "Forward", "Index Name": "nation_pkey", "Relation Name": "nation", "Alias": "n2", "Startup Cost": 0.0, "Total Cost": 0.27, "Plan Rows": 1, "Plan Width": 30, "Actual Startup Time": 41.763, "Actual Total Time": 41.763, "Actual Rows": 23929, "Actual Loops": 23929, "Index Cond": "(n_nationkey = supplier.s_nationkey)", "Rows Removed by Index Recheck": 0}]}]}]}, "Triggers": [], "Planner Runtime": 2, "Total Runtime": 6667.486, "Unique SQL Id": 3681808042}}, "(1, 61)": {"explain_plan": {"Plan": {"Node Type": "Sort", "Startup Cost": 543973.83, "Total Cost": 543973.85, "Plan Rows": 10, "Plan Width": 50, "Sort Key": ["(date_part('year'::text, orders.o_orderdate))"], "Plans": [{"Node Type": "Aggregate", "Strategy": "Hashed", "Parent Relationship": "Outer", "Startup Cost": 543973.51, "Total Cost": 543973.66, "Plan Rows": 10, "Plan Width": 50, "Group By Key": ["date_part('year'::text, orders.o_orderdate)"], "Plans": [{"Node Type": "Nested Loop", "Parent Relationship": "Outer", "Join Type": "Inner", "Startup Cost": 0.0, "Total Cost": 543853.69, "Plan Rows": 5991, "Plan Width": 50, "Inner Unique": true, "Plans": [{"Node Type": "Nested Loop", "Parent Relationship": "Outer", "Join Type": "Inner", "Startup Cost": 0.0, "Total Cost": 542160.52, "Plan Rows": 5991, "Plan Width": 28, "Inner Unique": true, "Plans": [{"Node Type": "Nested Loop", "Parent Relationship": "Outer", "Join Type": "Inner", "Startup Cost": 0.0, "Total Cost": 537314.56, "Plan Rows": 17296, "Plan Width": 32, "Inner Unique": false, "Join Filter": "(n1.n_nationkey = customer.c_nationkey)", "Plans": [{"Node Type": "Nested Loop", "Parent Relationship": "Outer", "Join Type": "Inner", "Startup Cost": 0.0, "Total Cost": 530807.88, "Plan Rows": 86479, "Plan Width": 36, "Inner Unique": true, "Plans": [{"Node Type": "Nested Loop", "Parent Relationship": "Outer", "Join Type": "Inner", "Startup Cost": 0.0, "Total Cost": 503356.69, "Plan Rows": 86479, "Plan Width": 40, "Inner Unique": true, "Plans": [{"Node Type": "Nested Loop", "Parent Relationship": "Outer", "Join Type": "Inner", "Startup Cost": 0.0, "Total Cost": 480423.82, "Plan Rows": 74637, "Plan Width": 32, "Inner Unique": false, "Plans": [{"Node Type": "Index Scan", "Parent Relationship": "Outer", "Scan Direction": "Forward", "Index Name": "part_kpey", "Relation Name": "part", "Alias": "part", "Startup Cost": 0.0, "Total Cost": 105803.25, "Plan Rows": 13538, "Plan Width": 8, "Filter": "((p_type)::text = 'SMALL PLATED COPPER'::text)"}, {"Node Type": "Index Scan", "Parent Relationship": "Inner", "Scan Direction": "Forward", "Index Name": "idx_lineitem_part_supp", "Relation Name": "lineitem", "Alias": "lineitem", "Startup Cost": 0.0, "Total Cost": 27.61, "Plan Rows": 6, "Plan Width": 40, "Index Cond": "(l_partkey = part.p_partkey)"}]}, {"Node Type": "Index Scan", "Parent Relationship": "Inner", "Scan Direction": "Forward", "Index Name": "orders_pkey", "Relation Name": "orders", "Alias": "orders", "Startup Cost": 0.0, "Total Cost": 0.3, "Plan Rows": 1, "Plan Width": 24, "Index Cond": "(o_orderkey = lineitem.l_orderkey)", "Filter": "((o_orderdate >= '1995-01-01 00:00:00'::timestamp(0) without time zone) AND (o_orderdate <= '1996-12-31 00:00:00'::timestamp(0) without time zone))"}]}, {"Node Type": "Index Scan", "Parent Relationship": "Inner", "Scan Direction": "Forward", "Index Name": "customer_pkey", "Relation Name": "customer", "Alias": "customer", "Startup Cost": 0.0, "Total Cost": 0.31, "Plan Rows": 1, "Plan Width": 12, "Index Cond": "(c_custkey = orders.o_custkey)"}]}, {"Node Type": "Materialize", "Parent Relationship": "Inner", "Startup Cost": 0.0, "Total Cost": 20.76, "Plan Rows": 5, "Plan Width": 4, "Plans": [{"Node Type": "Nested Loop", "Parent Relationship": "Outer", "Join Type": "Inner", "Startup Cost": 0.0, "Total Cost": 20.74, "Plan Rows": 5, "Plan Width": 4, "Inner Unique": false, "Plans": [{"Node Type": "Index Scan", "Parent Relationship": "Outer", "Scan Direction": "Forward", "Index Name": "region_pkey", "Relation Name": "region", "Alias": "region", "Startup Cost": 0.0, "Total Cost": 12.34, "Plan Rows": 1, "Plan Width": 4, "Filter": "(r_name = 'ASIA'::bpchar)"}, {"Node Type": "Index Scan", "Parent Relationship": "Inner", "Scan Direction": "Forward", "Index Name": "idx_nation_regionkey", "Relation Name": "nation", "Alias": "n1", "Startup Cost": 0.0, "Total Cost": 8.35, "Plan Rows": 5, "Plan Width": 8, "Index Cond": "(n_regionkey = region.r_regionkey)"}]}]}]}, {"Node Type": "Index Scan", "Parent Relationship": "Inner", "Scan Direction": "Forward", "Index Name": "supplier_pkey", "Relation Name": "supplier", "Alias": "supplier", "Startup Cost": 0.0, "Total Cost": 0.27, "Plan Rows": 1, "Plan Width": 12, "Index Cond": "(s_suppkey = lineitem.l_suppkey)"}]}, {"Node Type": "Index Scan", "Parent Relationship": "Inner", "Scan Direction": "Forward", "Index Name": "nation_pkey", "Relation Name": "nation", "Alias": "n2", "Startup Cost": 0.0, "Total Cost": 0.27, "Plan Rows": 1, "Plan Width": 30, "Index Cond": "(n_nationkey = supplier.s_nationkey)"}]}]}]}, "Unique SQL Id": 3681808042, "Planner Runtime": 2}, "explain_analyze_plan": {"Plan": {"Node Type": "Sort", "Startup Cost": 543973.83, "Total Cost": 543973.85, "Plan Rows": 10, "Plan Width": 50, "Actual Startup Time": 8110.251, "Actual Total Time": 8110.251, "Actual Rows": 2, "Actual Loops": 1, "Sort Key": ["(date_part('year'::text, orders.o_orderdate))"], "Sort Method": "quicksort", "Sort Space Used": 25, "Sort Space Type": "Memory", "Plans": [{"Node Type": "Aggregate", "Strategy": "Hashed", "Parent Relationship": "Outer", "Startup Cost": 543973.51, "Total Cost": 543973.66, "Plan Rows": 10, "Plan Width": 50, "Actual Startup Time": 8110.23, "Actual Total Time": 8110.231, "Actual Rows": 2, "Actual Loops": 1, "Group By Key": ["date_part('year'::text, orders.o_orderdate)"], "Plans": [{"Node Type": "Nested Loop", "Parent Relationship": "Outer", "Join Type": "Inner", "Startup Cost": 0.0, "Total Cost": 543853.69, "Plan Rows": 5991, "Plan Width": 50, "Actual Startup Time": 0.347, "Actual Total Time": 8073.255, "Actual Rows": 23929, "Actual Loops": 1, "Inner Unique": true, "Plans": [{"Node Type": "Nested Loop", "Parent Relationship": "Outer", "Join Type": "Inner", "Startup Cost": 0.0, "Total Cost": 542160.52, "Plan Rows": 5991, "Plan Width": 28, "Actual Startup Time": 0.337, "Actual Total Time": 7983.688, "Actual Rows": 23929, "Actual Loops": 1, "Inner Unique": true, "Plans": [{"Node Type": "Nested Loop", "Parent Relationship": "Outer", "Join Type": "Inner", "Startup Cost": 0.0, "Total Cost": 537314.56, "Plan Rows": 17296, "Plan Width": 32, "Actual Startup Time": 0.329, "Actual Total Time": 7801.196, "Actual Rows": 23929, "Actual Loops": 1, "Inner Unique": false, "Join Filter": "(n1.n_nationkey = customer.c_nationkey)", "Rows Removed by Join Filter": 574896, "Plans": [{"Node Type": "Nested Loop", "Parent Relationship": "Outer", "Join Type": "Inner", "Startup Cost": 0.0, "Total Cost": 530807.88, "Plan Rows": 86479, "Plan Width": 36, "Actual Startup Time": 0.172, "Actual Total Time": 7578.85, "Actual Rows": 119765, "Actual Loops": 1, "Inner Unique": true, "Plans": [{"Node Type": "Nested Loop", "Parent Relationship": "Outer", "Join Type": "Inner", "Startup Cost": 0.0, "Total Cost": 503356.69, "Plan Rows": 86479, "Plan Width": 40, "Actual Startup Time": 0.164, "Actual Total Time": 6543.231, "Actual Rows": 119765, "Actual Loops": 1, "Inner Unique": true, "Plans": [{"Node Type": "Nested Loop", "Parent Relationship": "Outer", "Join Type": "Inner", "Startup Cost": 0.0, "Total Cost": 480423.82, "Plan Rows": 74637, "Plan Width": 32, "Actual Startup Time": 0.068, "Actual Total Time": 2854.98, "Actual Rows": 395341, "Actual Loops": 1, "Inner Unique": false, "Plans": [{"Node Type": "Index Scan", "Parent Relationship": "Outer", "Scan Direction": "Forward", "Index Name": "part_kpey", "Relation Name": "part", "Alias": "part", "Startup Cost": 0.0, "Total Cost": 105803.25, "Plan Rows": 13538, "Plan Width": 8, "Actual Startup Time": 0.048, "Actual Total Time": 1507.382, "Actual Rows": 13163, "Actual Loops": 1, "Filter": "((p_type)::text = 'SMALL PLATED COPPER'::text)", "Rows Removed by Filter": 1986837}, {"Node Type": "Index Scan", "Parent Relationship": "Inner", "Scan Direction": "Forward", "Index Name": "idx_lineitem_part_supp", "Relation Name": "lineitem", "Alias": "lineitem", "Startup Cost": 0.0, "Total Cost": 27.61, "Plan Rows": 6, "Plan Width": 40, "Actual Startup Time": 157.001, "Actual Total Time": 1241.646, "Actual Rows": 395341, "Actual Loops": 13163, "Index Cond": "(l_partkey = part.p_partkey)", "Rows Removed by Index Recheck": 0}]}, {"Node Type": "Index Scan", "Parent Relationship": "Inner", "Scan Direction": "Forward", "Index Name": "orders_pkey", "Relation Name": "orders", "Alias": "orders", "Startup Cost": 0.0, "Total Cost": 0.3, "Plan Rows": 1, "Plan Width": 24, "Actual Startup Time": 3442.495, "Actual Total Time": 3442.495, "Actual Rows": 119765, "Actual Loops": 395341, "Index Cond": "(o_orderkey = lineitem.l_orderkey)", "Rows Removed by Index Recheck": 0, "Filter": "((o_orderdate >= '1995-01-01 00:00:00'::timestamp(0) without time zone) AND (o_orderdate <= '1996-12-31 00:00:00'::timestamp(0) without time zone))", "Rows Removed by Filter": 275576}]}, {"Node Type": "Index Scan", "Parent Relationship": "Inner", "Scan Direction": "Forward", "Index Name": "customer_pkey", "Relation Name": "customer", "Alias": "customer", "Startup Cost": 0.0, "Total Cost": 0.31, "Plan Rows": 1, "Plan Width": 12, "Actual Startup Time": 920.013, "Actual Total Time": 920.013, "Actual Rows": 119765, "Actual Loops": 119765, "Index Cond": "(c_custkey = orders.o_custkey)", "Rows Removed by Index Recheck": 0}]}, {"Node Type": "Materialize", "Parent Relationship": "Inner", "Startup Cost": 0.0, "Total Cost": 20.76, "Plan Rows": 5, "Plan Width": 4, "Actual Startup Time": 14.753, "Actual Total Time": 67.261, "Actual Rows": 598825, "Actual Loops": 119765, "Plans": [{"Node Type": "Nested Loop", "Parent Relationship": "Outer", "Join Type": "Inner", "Startup Cost": 0.0, "Total Cost": 20.74, "Plan Rows": 5, "Plan Width": 4, "Actual Startup Time": 0.015, "Actual Total Time": 0.022, "Actual Rows": 5, "Actual Loops": 1, "Inner Unique": false, "Plans": [{"Node Type": "Index Scan", "Parent Relationship": "Outer", "Scan Direction": "Forward", "Index Name": "region_pkey", "Relation Name": "region", "Alias": "region", "Startup Cost": 0.0, "Total Cost": 12.34, "Plan Rows": 1, "Plan Width": 4, "Actual Startup Time": 0.009, "Actual Total Time": 0.011, "Actual Rows": 1, "Actual Loops": 1, "Filter": "(r_name = 'ASIA'::bpchar)", "Rows Removed by Filter": 4}, {"Node Type": "Index Scan", "Parent Relationship": "Inner", "Scan Direction": "Forward", "Index Name": "idx_nation_regionkey", "Relation Name": "nation", "Alias": "n1", "Startup Cost": 0.0, "Total Cost": 8.35, "Plan Rows": 5, "Plan Width": 8, "Actual Startup Time": 0.004, "Actual Total Time": 0.009, "Actual Rows": 5, "Actual Loops": 1, "Index Cond": "(n_regionkey = region.r_regionkey)", "Rows Removed by Index Recheck": 0}]}]}]}, {"Node Type": "Index Scan", "Parent Relationship": "Inner", "Scan Direction": "Forward", "Index Name": "supplier_pkey", "Relation Name": "supplier", "Alias": "supplier", "Startup Cost": 0.0, "Total Cost": 0.27, "Plan Rows": 1, "Plan Width": 12, "Actual Startup Time": 149.839, "Actual Total Time": 149.839, "Actual Rows": 23929, "Actual Loops": 23929, "Index Cond": "(s_suppkey = lineitem.l_suppkey)", "Rows Removed by Index Recheck": 0}]}, {"Node Type": "Index Scan", "Parent Relationship": "Inner", "Scan Direction": "Forward", "Index Name": "nation_pkey", "Relation Name": "nation", "Alias": "n2", "Startup Cost": 0.0, "Total Cost": 0.27, "Plan Rows": 1, "Plan Width": 30, "Actual Startup Time": 42.432, "Actual Total Time": 42.432, "Actual Rows": 23929, "Actual Loops": 23929, "Index Cond": "(n_nationkey = supplier.s_nationkey)", "Rows Removed by Index Recheck": 0}]}]}]}, "Triggers": [], "Planner Runtime": 2, "Total Runtime": 8110.658, "Unique SQL Id": 3681808042}}, "(1, 62)": {"explain_plan": {"Plan": {"Node Type": "Sort", "Startup Cost": 17600453906.22, "Total Cost": 17600453906.25, "Plan Rows": 10, "Plan Width": 50, "Sort Key": ["(date_part('year'::text, orders.o_orderdate))"], "Plans": [{"Node Type": "Aggregate", "Strategy": "Hashed", "Parent Relationship": "Outer", "Startup Cost": 17600453905.91, "Total Cost": 17600453906.06, "Plan Rows": 10, "Plan Width": 50, "Group By Key": ["date_part('year'::text, orders.o_orderdate)"], "Plans": [{"Node Type": "Nested Loop", "Parent Relationship": "Outer", "Join Type": "Inner", "Startup Cost": 195.74, "Total Cost": 17600453786.09, "Plan Rows": 5991, "Plan Width": 50, "Inner Unique": true, "Join Filter": "(supplier.s_nationkey = n2.n_nationkey)", "Plans": [{"Node Type": "Nested Loop", "Parent Relationship": "Outer", "Join Type": "Inner", "Startup Cost": 195.74, "Total Cost": 17600451523.17, "Plan Rows": 5991, "Plan Width": 28, "Inner Unique": false, "Join Filter": "(customer.c_custkey = orders.o_custkey)", "Plans": [{"Node Type": "Nested Loop", "Parent Relationship": "Outer", "Join Type": "Inner", "Startup Cost": 0.0, "Total Cost": 164628.64, "Plan Rows": 300000, "Plan Width": 8, "Inner Unique": false, "Join Filter": "(n1.n_nationkey = customer.c_nationkey), (LLVM Optimized)", "Plans": [{"Node Type": "Seq Scan", "Parent Relationship": "Outer", "Relation Name": "customer", "Alias": "customer", "Startup Cost": 0.0, "Total Cost": 52126.0, "Plan Rows": 1500000, "Plan Width": 12}, {"Node Type": "Materialize", "Parent Relationship": "Inner", "Startup Cost": 0.0, "Total Cost": 2.65, "Plan Rows": 5, "Plan Width": 4, "Plans": [{"Node Type": "Nested Loop", "Parent Relationship": "Outer", "Join Type": "Inner", "Startup Cost": 0.0, "Total Cost": 2.62, "Plan Rows": 5, "Plan Width": 4, "Inner Unique": false, "Join Filter": "(n1.n_regionkey = region.r_regionkey)", "Plans": [{"Node Type": "Seq Scan", "Parent Relationship": "Outer", "Relation Name": "region", "Alias": "region", "Startup Cost": 0.0, "Total Cost": 1.06, "Plan Rows": 1, "Plan Width": 4, "Filter": "(r_name = 'ASIA'::bpchar)"}, {"Node Type": "Seq Scan", "Parent Relationship": "Inner", "Relation Name": "nation", "Alias": "n1", "Startup Cost": 0.0, "Total Cost": 1.25, "Plan Rows": 25, "Plan Width": 8}]}]}]}, {"Node Type": "Materialize", "Parent Relationship": "Inner", "Startup Cost": 195.74, "Total Cost": 17369896022.53, "Plan Rows": 51198, "Plan Width": 36, "Plans": [{"Node Type": "Nested Loop", "Parent Relationship": "Outer", "Join Type": "Inner", "Startup Cost": 195.74, "Total Cost": 17369895766.54, "Plan Rows": 51198, "Plan Width": 36, "Inner Unique": false, "Join Filter": "(lineitem.l_orderkey = orders.o_orderkey)", "Plans": [{"Node Type": "Seq Scan", "Parent Relationship": "Outer", "Relation Name": "orders", "Alias": "orders", "Startup Cost": 195.74, "Total Cost": 501411.18, "Plan Rows": 4531967, "Plan Width": 24, "Filter": "((o_orderdate >= '1995-01-01 00:00:00'::timestamp(0) without time zone) AND (o_orderdate <= '1996-12-31 00:00:00'::timestamp(0) without time zone)), (LLVM Optimized)"}, {"Node Type": "Materialize", "Parent Relationship": "Inner", "Startup Cost": 0.0, "Total Cost": 12295608227.26, "Plan Rows": 74637, "Plan Width": 28, "Plans": [{"Node Type": "Nested Loop", "Parent Relationship": "Outer", "Join Type": "Inner", "Startup Cost": 0.0, "Total Cost": 12295607854.08, "Plan Rows": 74637, "Plan Width": 28, "Inner Unique": false, "Join Filter": "(lineitem.l_suppkey = supplier.s_suppkey)", "Plans": [{"Node Type": "Seq Scan", "Parent Relationship": "Outer", "Relation Name": "supplier", "Alias": "supplier", "Startup Cost": 0.0, "Total Cost": 3283.0, "Plan Rows": 100000, "Plan Width": 12}, {"Node Type": "Materialize", "Parent Relationship": "Inner", "Startup Cost": 0.0, "Total Cost": 12183649257.67, "Plan Rows": 74637, "Plan Width": 32, "Plans": [{"Node Type": "Nested Loop", "Parent Relationship": "Outer", "Join Type": "Inner", "Startup Cost": 0.0, "Total Cost": 12183648884.49, "Plan Rows": 74637, "Plan Width": 32, "Inner Unique": true, "Join Filter": "(part.p_partkey = lineitem.l_partkey)", "Plans": [{"Node Type": "Seq Scan", "Parent Relationship": "Outer", "Relation Name": "lineitem", "Alias": "lineitem", "Startup Cost": 0.0, "Total Cost": 2015115.33, "Plan Rows": 59987033, "Plan Width": 40}, {"Node Type": "Materialize", "Parent Relationship": "Inner", "Startup Cost": 0.0, "Total Cost": 67011.69, "Plan Rows": 13538, "Plan Width": 8, "Plans": [{"Node Type": "Seq Scan", "Parent Relationship": "Outer", "Relation Name": "part", "Alias": "part", "Startup Cost": 0.0, "Total Cost": 66944.0, "Plan Rows": 13538, "Plan Width": 8, "Filter": "((p_type)::text = 'SMALL PLATED COPPER'::text)"}]}]}]}]}]}]}]}]}, {"Node Type": "Materialize", "Parent Relationship": "Inner", "Startup Cost": 0.0, "Total Cost": 1.38, "Plan Rows": 25, "Plan Width": 30, "Plans": [{"Node Type": "Seq Scan", "Parent Relationship": "Outer", "Relation Name": "nation", "Alias": "n2", "Startup Cost": 0.0, "Total Cost": 1.25, "Plan Rows": 25, "Plan Width": 30}]}]}]}]}, "Unique SQL Id": 3681808042, "Planner Runtime": 2}, "explain_analyze_plan": null}, "(1, 63)": {"explain_plan": {"Plan": {"Node Type": "Sort", "Startup Cost": 8018022317922.2, "Total Cost": 8018022317922.22, "Plan Rows": 10, "Plan Width": 50, "Sort Key": ["(date_part('year'::text, orders.o_orderdate))"], "Plans": [{"Node Type": "Aggregate", "Strategy": "Hashed", "Parent Relationship": "Outer", "Startup Cost": 8018022317921.88, "Total Cost": 8018022317922.03, "Plan Rows": 10, "Plan Width": 50, "Group By Key": ["date_part('year'::text, orders.o_orderdate)"], "Plans": [{"Node Type": "Nested Loop", "Parent Relationship": "Outer", "Join Type": "Inner", "Startup Cost": 80000000000.0, "Total Cost": 8018022317802.06, "Plan Rows": 5991, "Plan Width": 50, "Inner Unique": true, "Join Filter": "(supplier.s_nationkey = n2.n_nationkey)", "Plans": [{"Node Type": "Nested Loop", "Parent Relationship": "Outer", "Join Type": "Inner", "Startup Cost": 70000000000.0, "Total Cost": 7018022314277.89, "Plan Rows": 5991, "Plan Width": 28, "Inner Unique": false, "Join Filter": "(customer.c_custkey = orders.o_custkey)", "Plans": [{"Node Type": "Nested Loop", "Parent Relationship": "Outer", "Join Type": "Inner", "Startup Cost": 40000000000.0, "Total Cost": 4017783730995.63, "Plan Rows": 51198, "Plan Width": 36, "Inner Unique": true, "Join Filter": "(lineitem.l_orderkey = orders.o_orderkey)", "Plans": [{"Node Type": "Nested Loop", "Parent Relationship": "Outer", "Join Type": "Inner", "Startup Cost": 30000000000.0, "Total Cost": 3012629335768.03, "Plan Rows": 74637, "Plan Width": 28, "Inner Unique": false, "Join Filter": "(lineitem.l_suppkey = supplier.s_suppkey)", "Plans": [{"Node Type": "Index Scan", "Parent Relationship": "Outer", "Scan Direction": "Forward", "Index Name": "idx_supplier_nation_key", "Relation Name": "supplier", "Alias": "supplier", "Startup Cost": 10000000000.0, "Total Cost": 1000001217556.78, "Plan Rows": 100000, "Plan Width": 12}, {"Node Type": "Materialize", "Parent Relationship": "Inner", "Startup Cost": 20000000000.0, "Total Cost": 2012516162897.84, "Plan Rows": 74637, "Plan Width": 32, "Plans": [{"Node Type": "Nested Loop", "Parent Relationship": "Outer", "Join Type": "Inner", "Startup Cost": 20000000000.0, "Total Cost": 2012516162524.66, "Plan Rows": 74637, "Plan Width": 32, "Inner Unique": true, "Join Filter": "(part.p_partkey = lineitem.l_partkey)", "Plans": [{"Node Type": "Index Scan", "Parent Relationship": "Outer", "Scan Direction": "Forward", "Index Name": "idx_lineitem_orderkey", "Relation Name": "lineitem", "Alias": "lineitem", "Startup Cost": 10000000000.0, "Total Cost": 1000324015374.5, "Plan Rows": 59987033, "Plan Width": 40}, {"Node Type": "Materialize", "Parent Relationship": "Inner", "Startup Cost": 10000000000.0, "Total Cost": 1000010580392.69, "Plan Rows": 13538, "Plan Width": 8, "Plans": [{"Node Type": "Index Scan", "Parent Relationship": "Outer", "Scan Direction": "Forward", "Index Name": "part_kpey", "Relation Name": "part", "Alias": "part", "Startup Cost": 10000000000.0, "Total Cost": 1000010580325.0, "Plan Rows": 13538, "Plan Width": 8, "Filter": "((p_type)::text = 'SMALL PLATED COPPER'::text)"}]}]}]}]}, {"Node Type": "Materialize", "Parent Relationship": "Inner", "Startup Cost": 10000000000.0, "Total Cost": 1000080620242.83, "Plan Rows": 4531967, "Plan Width": 24, "Plans": [{"Node Type": "Index Scan", "Parent Relationship": "Outer", "Scan Direction": "Forward", "Index Name": "orders_pkey", "Relation Name": "orders", "Alias": "orders", "Startup Cost": 10000000000.0, "Total Cost": 1000080597583.0, "Plan Rows": 4531967, "Plan Width": 24, "Filter": "((o_orderdate >= '1995-01-01 00:00:00'::timestamp(0) without time zone) AND (o_orderdate <= '1996-12-31 00:00:00'::timestamp(0) without time zone)), (LLVM Optimized)"}]}]}, {"Node Type": "Materialize", "Parent Relationship": "Inner", "Startup Cost": 30000000000.0, "Total Cost": 3000008193032.26, "Plan Rows": 300000, "Plan Width": 8, "Plans": [{"Node Type": "Nested Loop", "Parent Relationship": "Outer", "Join Type": "Inner", "Startup Cost": 30000000000.0, "Total Cost": 3000008191532.26, "Plan Rows": 300000, "Plan Width": 8, "Inner Unique": false, "Join Filter": "(n1.n_nationkey = customer.c_nationkey), (LLVM Optimized)", "Plans": [{"Node Type": "Index Scan", "Parent Relationship": "Outer", "Scan Direction": "Forward", "Index Name": "customer_pkey", "Relation Name": "customer", "Alias": "customer", "Startup Cost": 10000000000.0, "Total Cost": 1000008076535.62, "Plan Rows": 1500000, "Plan Width": 12}, {"Node Type": "Materialize", "Parent Relationship": "Inner", "Startup Cost": 20000000000.0, "Total Cost": 2000000002496.65, "Plan Rows": 5, "Plan Width": 4, "Plans": [{"Node Type": "Nested Loop", "Parent Relationship": "Outer", "Join Type": "Inner", "Startup Cost": 20000000000.0, "Total Cost": 2000000002496.63, "Plan Rows": 5, "Plan Width": 4, "Inner Unique": true, "Join Filter": "(n1.n_regionkey = region.r_regionkey)", "Plans": [{"Node Type": "Index Scan", "Parent Relationship": "Outer", "Scan Direction": "Forward", "Index Name": "nation_pkey", "Relation Name": "nation", "Alias": "n1", "Startup Cost": 10000000000.0, "Total Cost": 1000000001262.5, "Plan Rows": 25, "Plan Width": 8}, {"Node Type": "Materialize", "Parent Relationship": "Inner", "Startup Cost": 10000000000.0, "Total Cost": 1000000001233.76, "Plan Rows": 1, "Plan Width": 4, "Plans": [{"Node Type": "Index Scan", "Parent Relationship": "Outer", "Scan Direction": "Forward", "Index Name": "region_pkey", "Relation Name": "region", "Alias": "region", "Startup Cost": 10000000000.0, "Total Cost": 1000000001233.75, "Plan Rows": 1, "Plan Width": 4, "Filter": "(r_name = 'ASIA'::bpchar)"}]}]}]}]}]}]}, {"Node Type": "Materialize", "Parent Relationship": "Inner", "Startup Cost": 10000000000.0, "Total Cost": 1000000001262.62, "Plan Rows": 25, "Plan Width": 30, "Plans": [{"Node Type": "Index Scan", "Parent Relationship": "Outer", "Scan Direction": "Forward", "Index Name": "nation_pkey", "Relation Name": "nation", "Alias": "n2", "Startup Cost": 10000000000.0, "Total Cost": 1000000001262.5, "Plan Rows": 25, "Plan Width": 30}]}]}]}]}, "Unique SQL Id": 3681808042, "Planner Runtime": 2}, "explain_analyze_plan": null}, "(1, 64)": {"explain_plan": {"Plan": {"Node Type": "Sort", "Startup Cost": 486022.68, "Total Cost": 486022.71, "Plan Rows": 10, "Plan Width": 50, "Sort Key": ["(date_part('year'::text, orders.o_orderdate))"], "Plans": [{"Node Type": "Aggregate", "Strategy": "Hashed", "Parent Relationship": "Outer", "Startup Cost": 486022.37, "Total Cost": 486022.52, "Plan Rows": 10, "Plan Width": 50, "Group By Key": ["date_part('year'::text, orders.o_orderdate)"], "Plans": [{"Node Type": "Hash Join", "Parent Relationship": "Outer", "Join Type": "Inner", "Startup Cost": 4537.06, "Total Cost": 485902.55, "Plan Rows": 5991, "Plan Width": 50, "Inner Unique": true, "Hash Cond": "(supplier.s_nationkey = n2.n_nationkey)", "Plans": [{"Node Type": "Hash Join", "Parent Relationship": "Outer", "Join Type": "Inner", "Startup Cost": 4535.5, "Total Cost": 485803.63, "Plan Rows": 5991, "Plan Width": 28, "Inner Unique": false, "Hash Cond": "(customer.c_nationkey = n1.n_nationkey)", "Plans": [{"Node Type": "Nested Loop", "Parent Relationship": "Outer", "Join Type": "Inner", "Startup Cost": 4533.0, "Total Cost": 485661.65, "Plan Rows": 29954, "Plan Width": 32, "Inner Unique": true, "Plans": [{"Node Type": "Hash Join", "Parent Relationship": "Outer", "Join Type": "Inner", "Startup Cost": 4533.0, "Total Cost": 469409.78, "Plan Rows": 51198, "Plan Width": 36, "Inner Unique": true, "Hash Cond": "(lineitem.l_suppkey = supplier.s_suppkey)", "Plans": [{"Node Type": "Nested Loop", "Parent Relationship": "Outer", "Join Type": "Inner", "Startup Cost": 0.0, "Total Cost": 464497.44, "Plan Rows": 86479, "Plan Width": 40, "Inner Unique": true, "Plans": [{"Node Type": "Nested Loop", "Parent Relationship": "Outer", "Join Type": "Inner", "Startup Cost": 0.0, "Total Cost": 441564.57, "Plan Rows": 74637, "Plan Width": 32, "Inner Unique": false, "Plans": [{"Node Type": "Seq Scan", "Parent Relationship": "Outer", "Relation Name": "part", "Alias": "part", "Startup Cost": 0.0, "Total Cost": 66944.0, "Plan Rows": 13538, "Plan Width": 8, "Filter": "((p_type)::text = 'SMALL PLATED COPPER'::text)"}, {"Node Type": "Index Scan", "Parent Relationship": "Inner", "Scan Direction": "Forward", "Index Name": "idx_lineitem_part_supp", "Relation Name": "lineitem", "Alias": "lineitem", "Startup Cost": 0.0, "Total Cost": 27.61, "Plan Rows": 6, "Plan Width": 40, "Index Cond": "(l_partkey = part.p_partkey)"}]}, {"Node Type": "Index Scan", "Parent Relationship": "Inner", "Scan Direction": "Forward", "Index Name": "orders_pkey", "Relation Name": "orders", "Alias": "orders", "Startup Cost": 0.0, "Total Cost": 0.3, "Plan Rows": 1, "Plan Width": 24, "Index Cond": "(o_orderkey = lineitem.l_orderkey)", "Filter": "((o_orderdate >= '1995-01-01 00:00:00'::timestamp(0) without time zone) AND (o_orderdate <= '1996-12-31 00:00:00'::timestamp(0) without time zone))"}]}, {"Node Type": "Hash", "Parent Relationship": "Inner", "Startup Cost": 3283.0, "Total Cost": 3283.0, "Plan Rows": 100000, "Plan Width": 12, "Plans": [{"Node Type": "Seq Scan", "Parent Relationship": "Outer", "Relation Name": "supplier", "Alias": "supplier", "Startup Cost": 0.0, "Total Cost": 3283.0, "Plan Rows": 100000, "Plan Width": 12}]}]}, {"Node Type": "Index Scan", "Parent Relationship": "Inner", "Scan Direction": "Forward", "Index Name": "customer_pkey", "Relation Name": "customer", "Alias": "customer", "Startup Cost": 0.0, "Total Cost": 0.31, "Plan Rows": 1, "Plan Width": 12, "Index Cond": "(c_custkey = orders.o_custkey)"}]}, {"Node Type": "Hash", "Parent Relationship": "Inner", "Startup Cost": 2.44, "Total Cost": 2.44, "Plan Rows": 5, "Plan Width": 4, "Plans": [{"Node Type": "Hash Join", "Parent Relationship": "Outer", "Join Type": "Inner", "Startup Cost": 1.07, "Total Cost": 2.44, "Plan Rows": 5, "Plan Width": 4, "Inner Unique": true, "Hash Cond": "(n1.n_regionkey = region.r_regionkey)", "Plans": [{"Node Type": "Seq Scan", "Parent Relationship": "Outer", "Relation Name": "nation", "Alias": "n1", "Startup Cost": 0.0, "Total Cost": 1.25, "Plan Rows": 25, "Plan Width": 8}, {"Node Type": "Hash", "Parent Relationship": "Inner", "Startup Cost": 1.06, "Total Cost": 1.06, "Plan Rows": 1, "Plan Width": 4, "Plans": [{"Node Type": "Seq Scan", "Parent Relationship": "Outer", "Relation Name": "region", "Alias": "region", "Startup Cost": 0.0, "Total Cost": 1.06, "Plan Rows": 1, "Plan Width": 4, "Filter": "(r_name = 'ASIA'::bpchar)"}]}]}]}]}, {"Node Type": "Hash", "Parent Relationship": "Inner", "Startup Cost": 1.25, "Total Cost": 1.25, "Plan Rows": 25, "Plan Width": 30, "Plans": [{"Node Type": "Seq Scan", "Parent Relationship": "Outer", "Relation Name": "nation", "Alias": "n2", "Startup Cost": 0.0, "Total Cost": 1.25, "Plan Rows": 25, "Plan Width": 30}]}]}]}]}, "Unique SQL Id": 3681808042, "Planner Runtime": 5}, "explain_analyze_plan": {"Plan": {"Node Type": "Sort", "Startup Cost": 486022.68, "Total Cost": 486022.71, "Plan Rows": 10, "Plan Width": 50, "Actual Startup Time": 7085.978, "Actual Total Time": 7085.978, "Actual Rows": 2, "Actual Loops": 1, "Sort Key": ["(date_part('year'::text, orders.o_orderdate))"], "Sort Method": "quicksort", "Sort Space Used": 25, "Sort Space Type": "Memory", "Plans": [{"Node Type": "Aggregate", "Strategy": "Hashed", "Parent Relationship": "Outer", "Startup Cost": 486022.37, "Total Cost": 486022.52, "Plan Rows": 10, "Plan Width": 50, "Actual Startup Time": 7085.958, "Actual Total Time": 7085.959, "Actual Rows": 2, "Actual Loops": 1, "Group By Key": ["date_part('year'::text, orders.o_orderdate)"], "Plans": [{"Node Type": "Hash Join", "Parent Relationship": "Outer", "Join Type": "Inner", "Startup Cost": 4537.06, "Total Cost": 485902.55, "Plan Rows": 5991, "Plan Width": 50, "Actual Startup Time": 66.946, "Actual Total Time": 7049.829, "Actual Rows": 23929, "Actual Loops": 1, "Inner Unique": true, "Hash Cond": "(supplier.s_nationkey = n2.n_nationkey)", "Plans": [{"Node Type": "Hash Join", "Parent Relationship": "Outer", "Join Type": "Inner", "Startup Cost": 4535.5, "Total Cost": 485803.63, "Plan Rows": 5991, "Plan Width": 28, "Actual Startup Time": 66.804, "Actual Total Time": 7017.431, "Actual Rows": 23929, "Actual Loops": 1, "Inner Unique": false, "Hash Cond": "(customer.c_nationkey = n1.n_nationkey)", "Plans": [{"Node Type": "Nested Loop", "Parent Relationship": "Outer", "Join Type": "Inner", "Startup Cost": 4533.0, "Total Cost": 485661.65, "Plan Rows": 29954, "Plan Width": 32, "Actual Startup Time": 66.457, "Actual Total Time": 6979.652, "Actual Rows": 119765, "Actual Loops": 1, "Inner Unique": true, "Plans": [{"Node Type": "Hash Join", "Parent Relationship": "Outer", "Join Type": "Inner", "Startup Cost": 4533.0, "Total Cost": 469409.78, "Plan Rows": 51198, "Plan Width": 36, "Actual Startup Time": 66.415, "Actual Total Time": 5952.152, "Actual Rows": 119765, "Actual Loops": 1, "Inner Unique": true, "Hash Cond": "(lineitem.l_suppkey = supplier.s_suppkey)", "Plans": [{"Node Type": "Nested Loop", "Parent Relationship": "Outer", "Join Type": "Inner", "Startup Cost": 0.0, "Total Cost": 464497.44, "Plan Rows": 86479, "Plan Width": 40, "Actual Startup Time": 0.201, "Actual Total Time": 5807.717, "Actual Rows": 119765, "Actual Loops": 1, "Inner Unique": true, "Plans": [{"Node Type": "Nested Loop", "Parent Relationship": "Outer", "Join Type": "Inner", "Startup Cost": 0.0, "Total Cost": 441564.57, "Plan Rows": 74637, "Plan Width": 32, "Actual Startup Time": 0.041, "Actual Total Time": 2124.482, "Actual Rows": 395341, "Actual Loops": 1, "Inner Unique": false, "Plans": [{"Node Type": "Seq Scan", "Parent Relationship": "Outer", "Relation Name": "part", "Alias": "part", "Startup Cost": 0.0, "Total Cost": 66944.0, "Plan Rows": 13538, "Plan Width": 8, "Actual Startup Time": 0.019, "Actual Total Time": 779.977, "Actual Rows": 13163, "Actual Loops": 1, "Filter": "((p_type)::text = 'SMALL PLATED COPPER'::text)", "Rows Removed by Filter": 1986837}, {"Node Type": "Index Scan", "Parent Relationship": "Inner", "Scan Direction": "Forward", "Index Name": "idx_lineitem_part_supp", "Relation Name": "lineitem", "Alias": "lineitem", "Startup Cost": 0.0, "Total Cost": 27.61, "Plan Rows": 6, "Plan Width": 40, "Actual Startup Time": 157.19, "Actual Total Time": 1241.18, "Actual Rows": 395341, "Actual Loops": 13163, "Index Cond": "(l_partkey = part.p_partkey)", "Rows Removed by Index Recheck": 0}]}, {"Node Type": "Index Scan", "Parent Relationship": "Inner", "Scan Direction": "Forward", "Index Name": "orders_pkey", "Relation Name": "orders", "Alias": "orders", "Startup Cost": 0.0, "Total Cost": 0.3, "Plan Rows": 1, "Plan Width": 24, "Actual Startup Time": 3448.635, "Actual Total Time": 3448.635, "Actual Rows": 119765, "Actual Loops": 395341, "Index Cond": "(o_orderkey = lineitem.l_orderkey)", "Rows Removed by Index Recheck": 0, "Filter": "((o_orderdate >= '1995-01-01 00:00:00'::timestamp(0) without time zone) AND (o_orderdate <= '1996-12-31 00:00:00'::timestamp(0) without time zone))", "Rows Removed by Filter": 275576}]}, {"Node Type": "Hash", "Parent Relationship": "Inner", "Startup Cost": 3283.0, "Total Cost": 3283.0, "Plan Rows": 100000, "Plan Width": 12, "Actual Startup Time": 66.103, "Actual Total Time": 66.103, "Actual Rows": 100000, "Actual Loops": 1, "Hash Buckets": 131072, "Hash Batches": 1, "Original Hash Batches": 1, "Peak Memory Usage": 4297, "Plans": [{"Node Type": "Seq Scan", "Parent Relationship": "Outer", "Relation Name": "supplier", "Alias": "supplier", "Startup Cost": 0.0, "Total Cost": 3283.0, "Plan Rows": 100000, "Plan Width": 12, "Actual Startup Time": 0.01, "Actual Total Time": 39.744, "Actual Rows": 100000, "Actual Loops": 1}]}]}, {"Node Type": "Index Scan", "Parent Relationship": "Inner", "Scan Direction": "Forward", "Index Name": "customer_pkey", "Relation Name": "customer", "Alias": "customer", "Startup Cost": 0.0, "Total Cost": 0.31, "Plan Rows": 1, "Plan Width": 12, "Actual Startup Time": 919.538, "Actual Total Time": 919.538, "Actual Rows": 119765, "Actual Loops": 119765, "Index Cond": "(c_custkey = orders.o_custkey)", "Rows Removed by Index Recheck": 0}]}, {"Node Type": "Hash", "Parent Relationship": "Inner", "Startup Cost": 2.44, "Total Cost": 2.44, "Plan Rows": 5, "Plan Width": 4, "Actual Startup Time": 0.064, "Actual Total Time": 0.064, "Actual Rows": 5, "Actual Loops": 1, "Hash Buckets": 32768, "Hash Batches": 1, "Original Hash Batches": 1, "Peak Memory Usage": 1, "Plans": [{"Node Type": "Hash Join", "Parent Relationship": "Outer", "Join Type": "Inner", "Startup Cost": 1.07, "Total Cost": 2.44, "Plan Rows": 5, "Plan Width": 4, "Actual Startup Time": 0.05, "Actual Total Time": 0.058, "Actual Rows": 5, "Actual Loops": 1, "Inner Unique": true, "Hash Cond": "(n1.n_regionkey = region.r_regionkey)", "Plans": [{"Node Type": "Seq Scan", "Parent Relationship": "Outer", "Relation Name": "nation", "Alias": "n1", "Startup Cost": 0.0, "Total Cost": 1.25, "Plan Rows": 25, "Plan Width": 8, "Actual Startup Time": 0.006, "Actual Total Time": 0.008, "Actual Rows": 25, "Actual Loops": 1}, {"Node Type": "Hash", "Parent Relationship": "Inner", "Startup Cost": 1.06, "Total Cost": 1.06, "Plan Rows": 1, "Plan Width": 4, "Actual Startup Time": 0.012, "Actual Total Time": 0.012, "Actual Rows": 1, "Actual Loops": 1, "Hash Buckets": 32768, "Hash Batches": 1, "Original Hash Batches": 1, "Peak Memory Usage": 1, "Plans": [{"Node Type": "Seq Scan", "Parent Relationship": "Outer", "Relation Name": "region", "Alias": "region", "Startup Cost": 0.0, "Total Cost": 1.06, "Plan Rows": 1, "Plan Width": 4, "Actual Startup Time": 0.009, "Actual Total Time": 0.01, "Actual Rows": 1, "Actual Loops": 1, "Filter": "(r_name = 'ASIA'::bpchar)", "Rows Removed by Filter": 4}]}]}]}]}, {"Node Type": "Hash", "Parent Relationship": "Inner", "Startup Cost": 1.25, "Total Cost": 1.25, "Plan Rows": 25, "Plan Width": 30, "Actual Startup Time": 0.038, "Actual Total Time": 0.038, "Actual Rows": 25, "Actual Loops": 1, "Hash Buckets": 32768, "Hash Batches": 1, "Original Hash Batches": 1, "Peak Memory Usage": 2, "Plans": [{"Node Type": "Seq Scan", "Parent Relationship": "Outer", "Relation Name": "nation", "Alias": "n2", "Startup Cost": 0.0, "Total Cost": 1.25, "Plan Rows": 25, "Plan Width": 30, "Actual Startup Time": 0.015, "Actual Total Time": 0.021, "Actual Rows": 25, "Actual Loops": 1}]}]}]}]}, "Triggers": [], "Planner Runtime": 3, "Total Runtime": 7086.399, "Unique SQL Id": 3681808042}}, "(1, 65)": {"explain_plan": {"Plan": {"Node Type": "Sort", "Startup Cost": 526963.15, "Total Cost": 526963.18, "Plan Rows": 10, "Plan Width": 50, "Sort Key": ["(date_part('year'::text, orders.o_orderdate))"], "Plans": [{"Node Type": "Aggregate", "Strategy": "Hashed", "Parent Relationship": "Outer", "Startup Cost": 526962.83, "Total Cost": 526962.98, "Plan Rows": 10, "Plan Width": 50, "Group By Key": ["date_part('year'::text, orders.o_orderdate)"], "Plans": [{"Node Type": "Hash Join", "Parent Relationship": "Outer", "Join Type": "Inner", "Startup Cost": 6618.28, "Total Cost": 526843.01, "Plan Rows": 5991, "Plan Width": 50, "Inner Unique": true, "Hash Cond": "(supplier.s_nationkey = n2.n_nationkey)", "Plans": [{"Node Type": "Hash Join", "Parent Relationship": "Outer", "Join Type": "Inner", "Startup Cost": 6605.34, "Total Cost": 526732.72, "Plan Rows": 5991, "Plan Width": 28, "Inner Unique": false, "Hash Cond": "(customer.c_nationkey = n1.n_nationkey)", "Plans": [{"Node Type": "Nested Loop", "Parent Relationship": "Outer", "Join Type": "Inner", "Startup Cost": 6584.54, "Total Cost": 526572.45, "Plan Rows": 29954, "Plan Width": 32, "Inner Unique": true, "Plans": [{"Node Type": "Hash Join", "Parent Relationship": "Outer", "Join Type": "Inner", "Startup Cost": 6584.54, "Total Cost": 510320.57, "Plan Rows": 51198, "Plan Width": 36, "Inner Unique": true, "Hash Cond": "(lineitem.l_suppkey = supplier.s_suppkey)", "Plans": [{"Node Type": "Nested Loop", "Parent Relationship": "Outer", "Join Type": "Inner", "Startup Cost": 0.0, "Total Cost": 503356.69, "Plan Rows": 86479, "Plan Width": 40, "Inner Unique": true, "Plans": [{"Node Type": "Nested Loop", "Parent Relationship": "Outer", "Join Type": "Inner", "Startup Cost": 0.0, "Total Cost": 480423.82, "Plan Rows": 74637, "Plan Width": 32, "Inner Unique": false, "Plans": [{"Node Type": "Index Scan", "Parent Relationship": "Outer", "Scan Direction": "Forward", "Index Name": "part_kpey", "Relation Name": "part", "Alias": "part", "Startup Cost": 0.0, "Total Cost": 105803.25, "Plan Rows": 13538, "Plan Width": 8, "Filter": "((p_type)::text = 'SMALL PLATED COPPER'::text)"}, {"Node Type": "Index Scan", "Parent Relationship": "Inner", "Scan Direction": "Forward", "Index Name": "idx_lineitem_part_supp", "Relation Name": "lineitem", "Alias": "lineitem", "Startup Cost": 0.0, "Total Cost": 27.61, "Plan Rows": 6, "Plan Width": 40, "Index Cond": "(l_partkey = part.p_partkey)"}]}, {"Node Type": "Index Scan", "Parent Relationship": "Inner", "Scan Direction": "Forward", "Index Name": "orders_pkey", "Relation Name": "orders", "Alias": "orders", "Startup Cost": 0.0, "Total Cost": 0.3, "Plan Rows": 1, "Plan Width": 24, "Index Cond": "(o_orderkey = lineitem.l_orderkey)", "Filter": "((o_orderdate >= '1995-01-01 00:00:00'::timestamp(0) without time zone) AND (o_orderdate <= '1996-12-31 00:00:00'::timestamp(0) without time zone))"}]}, {"Node Type": "Hash", "Parent Relationship": "Inner", "Startup Cost": 5334.54, "Total Cost": 5334.54, "Plan Rows": 100000, "Plan Width": 12, "Plans": [{"Node Type": "Index Scan", "Parent Relationship": "Outer", "Scan Direction": "Forward", "Index Name": "supplier_pkey", "Relation Name": "supplier", "Alias": "supplier", "Startup Cost": 0.0, "Total Cost": 5334.54, "Plan Rows": 100000, "Plan Width": 12}]}]}, {"Node Type": "Index Scan", "Parent Relationship": "Inner", "Scan Direction": "Forward", "Index Name": "customer_pkey", "Relation Name": "customer", "Alias": "customer", "Startup Cost": 0.0, "Total Cost": 0.31, "Plan Rows": 1, "Plan Width": 12, "Index Cond": "(c_custkey = orders.o_custkey)"}]}, {"Node Type": "Hash", "Parent Relationship": "Inner", "Startup Cost": 20.74, "Total Cost": 20.74, "Plan Rows": 5, "Plan Width": 4, "Plans": [{"Node Type": "Nested Loop", "Parent Relationship": "Outer", "Join Type": "Inner", "Startup Cost": 0.0, "Total Cost": 20.74, "Plan Rows": 5, "Plan Width": 4, "Inner Unique": false, "Plans": [{"Node Type": "Index Scan", "Parent Relationship": "Outer", "Scan Direction": "Forward", "Index Name": "region_pkey", "Relation Name": "region", "Alias": "region", "Startup Cost": 0.0, "Total Cost": 12.34, "Plan Rows": 1, "Plan Width": 4, "Filter": "(r_name = 'ASIA'::bpchar)"}, {"Node Type": "Index Scan", "Parent Relationship": "Inner", "Scan Direction": "Forward", "Index Name": "idx_nation_regionkey", "Relation Name": "nation", "Alias": "n1", "Startup Cost": 0.0, "Total Cost": 8.35, "Plan Rows": 5, "Plan Width": 8, "Index Cond": "(n_regionkey = region.r_regionkey)"}]}]}]}, {"Node Type": "Hash", "Parent Relationship": "Inner", "Startup Cost": 12.62, "Total Cost": 12.62, "Plan Rows": 25, "Plan Width": 30, "Plans": [{"Node Type": "Index Scan", "Parent Relationship": "Outer", "Scan Direction": "Forward", "Index Name": "nation_pkey", "Relation Name": "nation", "Alias": "n2", "Startup Cost": 0.0, "Total Cost": 12.62, "Plan Rows": 25, "Plan Width": 30}]}]}]}]}, "Unique SQL Id": 3681808042, "Planner Runtime": 5}, "explain_analyze_plan": {"Plan": {"Node Type": "Sort", "Startup Cost": 526963.15, "Total Cost": 526963.18, "Plan Rows": 10, "Plan Width": 50, "Actual Startup Time": 7593.695, "Actual Total Time": 7593.695, "Actual Rows": 2, "Actual Loops": 1, "Sort Key": ["(date_part('year'::text, orders.o_orderdate))"], "Sort Method": "quicksort", "Sort Space Used": 25, "Sort Space Type": "Memory", "Plans": [{"Node Type": "Aggregate", "Strategy": "Hashed", "Parent Relationship": "Outer", "Startup Cost": 526962.83, "Total Cost": 526962.98, "Plan Rows": 10, "Plan Width": 50, "Actual Startup Time": 7593.678, "Actual Total Time": 7593.679, "Actual Rows": 2, "Actual Loops": 1, "Group By Key": ["date_part('year'::text, orders.o_orderdate)"], "Plans": [{"Node Type": "Hash Join", "Parent Relationship": "Outer", "Join Type": "Inner", "Startup Cost": 6618.28, "Total Cost": 526843.01, "Plan Rows": 5991, "Plan Width": 50, "Actual Startup Time": 108.834, "Actual Total Time": 7556.085, "Actual Rows": 23929, "Actual Loops": 1, "Inner Unique": true, "Hash Cond": "(supplier.s_nationkey = n2.n_nationkey)", "Plans": [{"Node Type": "Hash Join", "Parent Relationship": "Outer", "Join Type": "Inner", "Startup Cost": 6605.34, "Total Cost": 526732.72, "Plan Rows": 5991, "Plan Width": 28, "Actual Startup Time": 108.741, "Actual Total Time": 7523.733, "Actual Rows": 23929, "Actual Loops": 1, "Inner Unique": false, "Hash Cond": "(customer.c_nationkey = n1.n_nationkey)", "Plans": [{"Node Type": "Nested Loop", "Parent Relationship": "Outer", "Join Type": "Inner", "Startup Cost": 6584.54, "Total Cost": 526572.45, "Plan Rows": 29954, "Plan Width": 32, "Actual Startup Time": 108.431, "Actual Total Time": 7485.765, "Actual Rows": 119765, "Actual Loops": 1, "Inner Unique": true, "Plans": [{"Node Type": "Hash Join", "Parent Relationship": "Outer", "Join Type": "Inner", "Startup Cost": 6584.54, "Total Cost": 510320.57, "Plan Rows": 51198, "Plan Width": 36, "Actual Startup Time": 108.394, "Actual Total Time": 6490.682, "Actual Rows": 119765, "Actual Loops": 1, "Inner Unique": true, "Hash Cond": "(lineitem.l_suppkey = supplier.s_suppkey)", "Plans": [{"Node Type": "Nested Loop", "Parent Relationship": "Outer", "Join Type": "Inner", "Startup Cost": 0.0, "Total Cost": 503356.69, "Plan Rows": 86479, "Plan Width": 40, "Actual Startup Time": 0.182, "Actual Total Time": 6301.075, "Actual Rows": 119765, "Actual Loops": 1, "Inner Unique": true, "Plans": [{"Node Type": "Nested Loop", "Parent Relationship": "Outer", "Join Type": "Inner", "Startup Cost": 0.0, "Total Cost": 480423.82, "Plan Rows": 74637, "Plan Width": 32, "Actual Startup Time": 0.043, "Actual Total Time": 2753.622, "Actual Rows": 395341, "Actual Loops": 1, "Inner Unique": false, "Plans": [{"Node Type": "Index Scan", "Parent Relationship": "Outer", "Scan Direction": "Forward", "Index Name": "part_kpey", "Relation Name": "part", "Alias": "part", "Startup Cost": 0.0, "Total Cost": 105803.25, "Plan Rows": 13538, "Plan Width": 8, "Actual Startup Time": 0.028, "Actual Total Time": 1463.221, "Actual Rows": 13163, "Actual Loops": 1, "Filter": "((p_type)::text = 'SMALL PLATED COPPER'::text)", "Rows Removed by Filter": 1986837}, {"Node Type": "Index Scan", "Parent Relationship": "Inner", "Scan Direction": "Forward", "Index Name": "idx_lineitem_part_supp", "Relation Name": "lineitem", "Alias": "lineitem", "Startup Cost": 0.0, "Total Cost": 27.61, "Plan Rows": 6, "Plan Width": 40, "Actual Startup Time": 154.362, "Actual Total Time": 1188.764, "Actual Rows": 395341, "Actual Loops": 13163, "Index Cond": "(l_partkey = part.p_partkey)", "Rows Removed by Index Recheck": 0}]}, {"Node Type": "Index Scan", "Parent Relationship": "Inner", "Scan Direction": "Forward", "Index Name": "orders_pkey", "Relation Name": "orders", "Alias": "orders", "Startup Cost": 0.0, "Total Cost": 0.3, "Plan Rows": 1, "Plan Width": 24, "Actual Startup Time": 3309.298, "Actual Total Time": 3309.298, "Actual Rows": 119765, "Actual Loops": 395341, "Index Cond": "(o_orderkey = lineitem.l_orderkey)", "Rows Removed by Index Recheck": 0, "Filter": "((o_orderdate >= '1995-01-01 00:00:00'::timestamp(0) without time zone) AND (o_orderdate <= '1996-12-31 00:00:00'::timestamp(0) without time zone))", "Rows Removed by Filter": 275576}]}, {"Node Type": "Hash", "Parent Relationship": "Inner", "Startup Cost": 5334.54, "Total Cost": 5334.54, "Plan Rows": 100000, "Plan Width": 12, "Actual Startup Time": 108.093, "Actual Total Time": 108.093, "Actual Rows": 100000, "Actual Loops": 1, "Hash Buckets": 131072, "Hash Batches": 1, "Original Hash Batches": 1, "Peak Memory Usage": 4297, "Plans": [{"Node Type": "Index Scan", "Parent Relationship": "Outer", "Scan Direction": "Forward", "Index Name": "supplier_pkey", "Relation Name": "supplier", "Alias": "supplier", "Startup Cost": 0.0, "Total Cost": 5334.54, "Plan Rows": 100000, "Plan Width": 12, "Actual Startup Time": 0.021, "Actual Total Time": 80.1, "Actual Rows": 100000, "Actual Loops": 1}]}]}, {"Node Type": "Index Scan", "Parent Relationship": "Inner", "Scan Direction": "Forward", "Index Name": "customer_pkey", "Relation Name": "customer", "Alias": "customer", "Startup Cost": 0.0, "Total Cost": 0.31, "Plan Rows": 1, "Plan Width": 12, "Actual Startup Time": 884.223, "Actual Total Time": 884.223, "Actual Rows": 119765, "Actual Loops": 119765, "Index Cond": "(c_custkey = orders.o_custkey)", "Rows Removed by Index Recheck": 0}]}, {"Node Type": "Hash", "Parent Relationship": "Inner", "Startup Cost": 20.74, "Total Cost": 20.74, "Plan Rows": 5, "Plan Width": 4, "Actual Startup Time": 0.027, "Actual Total Time": 0.027, "Actual Rows": 5, "Actual Loops": 1, "Hash Buckets": 32768, "Hash Batches": 1, "Original Hash Batches": 1, "Peak Memory Usage": 1, "Plans": [{"Node Type": "Nested Loop", "Parent Relationship": "Outer", "Join Type": "Inner", "Startup Cost": 0.0, "Total Cost": 20.74, "Plan Rows": 5, "Plan Width": 4, "Actual Startup Time": 0.018, "Actual Total Time": 0.024, "Actual Rows": 5, "Actual Loops": 1, "Inner Unique": false, "Plans": [{"Node Type": "Index Scan", "Parent Relationship": "Outer", "Scan Direction": "Forward", "Index Name": "region_pkey", "Relation Name": "region", "Alias": "region", "Startup Cost": 0.0, "Total Cost": 12.34, "Plan Rows": 1, "Plan Width": 4, "Actual Startup Time": 0.009, "Actual Total Time": 0.01, "Actual Rows": 1, "Actual Loops": 1, "Filter": "(r_name = 'ASIA'::bpchar)", "Rows Removed by Filter": 4}, {"Node Type": "Index Scan", "Parent Relationship": "Inner", "Scan Direction": "Forward", "Index Name": "idx_nation_regionkey", "Relation Name": "nation", "Alias": "n1", "Startup Cost": 0.0, "Total Cost": 8.35, "Plan Rows": 5, "Plan Width": 8, "Actual Startup Time": 0.007, "Actual Total Time": 0.009, "Actual Rows": 5, "Actual Loops": 1, "Index Cond": "(n_regionkey = region.r_regionkey)", "Rows Removed by Index Recheck": 0}]}]}]}, {"Node Type": "Hash", "Parent Relationship": "Inner", "Startup Cost": 12.62, "Total Cost": 12.62, "Plan Rows": 25, "Plan Width": 30, "Actual Startup Time": 0.04, "Actual Total Time": 0.04, "Actual Rows": 25, "Actual Loops": 1, "Hash Buckets": 32768, "Hash Batches": 1, "Original Hash Batches": 1, "Peak Memory Usage": 2, "Plans": [{"Node Type": "Index Scan", "Parent Relationship": "Outer", "Scan Direction": "Forward", "Index Name": "nation_pkey", "Relation Name": "nation", "Alias": "n2", "Startup Cost": 0.0, "Total Cost": 12.62, "Plan Rows": 25, "Plan Width": 30, "Actual Startup Time": 0.011, "Actual Total Time": 0.027, "Actual Rows": 25, "Actual Loops": 1}]}]}]}]}, "Triggers": [], "Planner Runtime": 3, "Total Runtime": 7594.11, "Unique SQL Id": 3681808042}}, "(1, 66)": {"explain_plan": {"Plan": {"Node Type": "Sort", "Startup Cost": 816569.87, "Total Cost": 816569.89, "Plan Rows": 10, "Plan Width": 50, "Sort Key": ["(date_part('year'::text, orders.o_orderdate))"], "Plans": [{"Node Type": "Aggregate", "Strategy": "Hashed", "Parent Relationship": "Outer", "Startup Cost": 816569.55, "Total Cost": 816569.7, "Plan Rows": 10, "Plan Width": 50, "Group By Key": ["date_part('year'::text, orders.o_orderdate)"], "Plans": [{"Node Type": "Hash Join", "Parent Relationship": "Outer", "Join Type": "Inner", "Startup Cost": 45453.88, "Total Cost": 816449.73, "Plan Rows": 5991, "Plan Width": 50, "Inner Unique": true, "Hash Cond": "(supplier.s_nationkey = n2.n_nationkey)", "Plans": [{"Node Type": "Hash Join", "Parent Relationship": "Outer", "Join Type": "Inner", "Startup Cost": 45452.32, "Total Cost": 816350.82, "Plan Rows": 5991, "Plan Width": 28, "Inner Unique": false, "Hash Cond": "(orders.o_custkey = customer.c_custkey)", "Plans": [{"Node Type": "Hash Join", "Parent Relationship": "Outer", "Join Type": "Inner", "Startup Cost": 4537.47, "Total Cost": 775184.07, "Plan Rows": 51198, "Plan Width": 36, "Inner Unique": true, "Hash Cond": "(lineitem.l_suppkey = supplier.s_suppkey)", "Plans": [{"Node Type": "Nested Loop", "Parent Relationship": "Outer", "Join Type": "Inner", "Startup Cost": 4.47, "Total Cost": 770271.73, "Plan Rows": 86479, "Plan Width": 40, "Inner Unique": true, "Plans": [{"Node Type": "Nested Loop", "Parent Relationship": "Outer", "Join Type": "Inner", "Startup Cost": 4.21, "Total Cost": 450147.9, "Plan Rows": 74637, "Plan Width": 32, "Inner Unique": false, "Plans": [{"Node Type": "Seq Scan", "Parent Relationship": "Outer", "Relation Name": "part", "Alias": "part", "Startup Cost": 0.0, "Total Cost": 66944.0, "Plan Rows": 13538, "Plan Width": 8, "Filter": "((p_type)::text = 'SMALL PLATED COPPER'::text)"}, {"Node Type": "Bitmap Heap Scan", "Parent Relationship": "Inner", "Relation Name": "lineitem", "Alias": "lineitem", "Startup Cost": 4.21, "Total Cost": 28.25, "Plan Rows": 6, "Plan Width": 40, "Recheck Cond": "(l_partkey = part.p_partkey)", "Plans": [{"Node Type": "Bitmap Index Scan", "Parent Relationship": "Outer", "Index Name": "idx_lineitem_part_supp", "Startup Cost": 0.0, "Total Cost": 4.21, "Plan Rows": 6, "Plan Width": 0, "Index Cond": "(l_partkey = part.p_partkey)"}]}]}, {"Node Type": "Bitmap Heap Scan", "Parent Relationship": "Inner", "Relation Name": "orders", "Alias": "orders", "Startup Cost": 0.26, "Total Cost": 4.28, "Plan Rows": 1, "Plan Width": 24, "Recheck Cond": "(o_orderkey = lineitem.l_orderkey)", "Filter": "((o_orderdate >= '1995-01-01 00:00:00'::timestamp(0) without time zone) AND (o_orderdate <= '1996-12-31 00:00:00'::timestamp(0) without time zone))", "Plans": [{"Node Type": "Bitmap Index Scan", "Parent Relationship": "Outer", "Index Name": "orders_pkey", "Startup Cost": 0.0, "Total Cost": 0.26, "Plan Rows": 1, "Plan Width": 0, "Index Cond": "(o_orderkey = lineitem.l_orderkey)"}]}]}, {"Node Type": "Hash", "Parent Relationship": "Inner", "Startup Cost": 3283.0, "Total Cost": 3283.0, "Plan Rows": 100000, "Plan Width": 12, "Plans": [{"Node Type": "Seq Scan", "Parent Relationship": "Outer", "Relation Name": "supplier", "Alias": "supplier", "Startup Cost": 0.0, "Total Cost": 3283.0, "Plan Rows": 100000, "Plan Width": 12}]}]}, {"Node Type": "Hash", "Parent Relationship": "Inner", "Startup Cost": 37164.85, "Total Cost": 37164.85, "Plan Rows": 300000, "Plan Width": 8, "Plans": [{"Node Type": "Nested Loop", "Parent Relationship": "Outer", "Join Type": "Inner", "Startup Cost": 1031.44, "Total Cost": 37164.85, "Plan Rows": 300000, "Plan Width": 8, "Inner Unique": false, "Plans": [{"Node Type": "Hash Join", "Parent Relationship": "Outer", "Join Type": "Inner", "Startup Cost": 1.07, "Total Cost": 2.44, "Plan Rows": 5, "Plan Width": 4, "Inner Unique": true, "Hash Cond": "(n1.n_regionkey = region.r_regionkey)", "Plans": [{"Node Type": "Seq Scan", "Parent Relationship": "Outer", "Relation Name": "nation", "Alias": "n1", "Startup Cost": 0.0, "Total Cost": 1.25, "Plan Rows": 25, "Plan Width": 8}, {"Node Type": "Hash", "Parent Relationship": "Inner", "Startup Cost": 1.06, "Total Cost": 1.06, "Plan Rows": 1, "Plan Width": 4, "Plans": [{"Node Type": "Seq Scan", "Parent Relationship": "Outer", "Relation Name": "region", "Alias": "region", "Startup Cost": 0.0, "Total Cost": 1.06, "Plan Rows": 1, "Plan Width": 4, "Filter": "(r_name = 'ASIA'::bpchar)"}]}]}, {"Node Type": "Bitmap Heap Scan", "Parent Relationship": "Inner", "Relation Name": "customer", "Alias": "customer", "Startup Cost": 1030.37, "Total Cost": 6832.48, "Plan Rows": 60000, "Plan Width": 12, "Recheck Cond": "(c_nationkey = n1.n_nationkey)", "Plans": [{"Node Type": "Bitmap Index Scan", "Parent Relationship": "Outer", "Index Name": "idx_customer_nationkey", "Startup Cost": 0.0, "Total Cost": 1015.37, "Plan Rows": 60000, "Plan Width": 0, "Index Cond": "(c_nationkey = n1.n_nationkey)"}]}]}]}]}, {"Node Type": "Hash", "Parent Relationship": "Inner", "Startup Cost": 1.25, "Total Cost": 1.25, "Plan Rows": 25, "Plan Width": 30, "Plans": [{"Node Type": "Seq Scan", "Parent Relationship": "Outer", "Relation Name": "nation", "Alias": "n2", "Startup Cost": 0.0, "Total Cost": 1.25, "Plan Rows": 25, "Plan Width": 30}]}]}]}]}, "Unique SQL Id": 3681808042, "Planner Runtime": 6}, "explain_analyze_plan": {"Plan": {"Node Type": "Sort", "Startup Cost": 816569.87, "Total Cost": 816569.89, "Plan Rows": 10, "Plan Width": 50, "Actual Startup Time": 7685.068, "Actual Total Time": 7685.068, "Actual Rows": 2, "Actual Loops": 1, "Sort Key": ["(date_part('year'::text, orders.o_orderdate))"], "Sort Method": "quicksort", "Sort Space Used": 25, "Sort Space Type": "Memory", "Plans": [{"Node Type": "Aggregate", "Strategy": "Hashed", "Parent Relationship": "Outer", "Startup Cost": 816569.55, "Total Cost": 816569.7, "Plan Rows": 10, "Plan Width": 50, "Actual Startup Time": 7685.049, "Actual Total Time": 7685.05, "Actual Rows": 2, "Actual Loops": 1, "Group By Key": ["date_part('year'::text, orders.o_orderdate)"], "Plans": [{"Node Type": "Hash Join", "Parent Relationship": "Outer", "Join Type": "Inner", "Startup Cost": 45453.88, "Total Cost": 816449.73, "Plan Rows": 5991, "Plan Width": 50, "Actual Startup Time": 829.652, "Actual Total Time": 7644.832, "Actual Rows": 23929, "Actual Loops": 1, "Inner Unique": true, "Hash Cond": "(supplier.s_nationkey = n2.n_nationkey)", "Plans": [{"Node Type": "Hash Join", "Parent Relationship": "Outer", "Join Type": "Inner", "Startup Cost": 45452.32, "Total Cost": 816350.82, "Plan Rows": 5991, "Plan Width": 28, "Actual Startup Time": 829.553, "Actual Total Time": 7610.529, "Actual Rows": 23929, "Actual Loops": 1, "Inner Unique": false, "Hash Cond": "(orders.o_custkey = customer.c_custkey)", "Plans": [{"Node Type": "Hash Join", "Parent Relationship": "Outer", "Join Type": "Inner", "Startup Cost": 4537.47, "Total Cost": 775184.07, "Plan Rows": 51198, "Plan Width": 36, "Actual Startup Time": 66.093, "Actual Total Time": 6779.759, "Actual Rows": 119765, "Actual Loops": 1, "Inner Unique": true, "Hash Cond": "(lineitem.l_suppkey = supplier.s_suppkey)", "Plans": [{"Node Type": "Nested Loop", "Parent Relationship": "Outer", "Join Type": "Inner", "Startup Cost": 4.47, "Total Cost": 770271.73, "Plan Rows": 86479, "Plan Width": 40, "Actual Startup Time": 0.151, "Actual Total Time": 6630.0, "Actual Rows": 119765, "Actual Loops": 1, "Inner Unique": true, "Plans": [{"Node Type": "Nested Loop", "Parent Relationship": "Outer", "Join Type": "Inner", "Startup Cost": 4.21, "Total Cost": 450147.9, "Plan Rows": 74637, "Plan Width": 32, "Actual Startup Time": 0.092, "Actual Total Time": 2343.852, "Actual Rows": 395341, "Actual Loops": 1, "Inner Unique": false, "Plans": [{"Node Type": "Seq Scan", "Parent Relationship": "Outer", "Relation Name": "part", "Alias": "part", "Startup Cost": 0.0, "Total Cost": 66944.0, "Plan Rows": 13538, "Plan Width": 8, "Actual Startup Time": 0.017, "Actual Total Time": 777.26, "Actual Rows": 13163, "Actual Loops": 1, "Filter": "((p_type)::text = 'SMALL PLATED COPPER'::text)", "Rows Removed by Filter": 1986837}, {"Node Type": "Bitmap Heap Scan", "Parent Relationship": "Inner", "Relation Name": "lineitem", "Alias": "lineitem", "Startup Cost": 4.21, "Total Cost": 28.25, "Plan Rows": 6, "Plan Width": 40, "Actual Startup Time": 263.201, "Actual Total Time": 1448.135, "Actual Rows": 395341, "Actual Loops": 13163, "Recheck Cond": "(l_partkey = part.p_partkey)", "Rows Removed by Index Recheck": 0, "Exact Heap Blocks": 395337, "Lossy Heap Blocks": 395337, "Plans": [{"Node Type": "Bitmap Index Scan", "Parent Relationship": "Outer", "Index Name": "idx_lineitem_part_supp", "Startup Cost": 0.0, "Total Cost": 4.21, "Plan Rows": 6, "Plan Width": 0, "Actual Startup Time": 166.06, "Actual Total Time": 166.06, "Actual Rows": 395341, "Actual Loops": 13163, "Index Cond": "(l_partkey = part.p_partkey)"}]}]}, {"Node Type": "Bitmap Heap Scan", "Parent Relationship": "Inner", "Relation Name": "orders", "Alias": "orders", "Startup Cost": 0.26, "Total Cost": 4.28, "Plan Rows": 1, "Plan Width": 24, "Actual Startup Time": 3806.361, "Actual Total Time": 3806.361, "Actual Rows": 119765, "Actual Loops": 395341, "Recheck Cond": "(o_orderkey = lineitem.l_orderkey)", "Rows Removed by Index Recheck": 0, "Filter": "((o_orderdate >= '1995-01-01 00:00:00'::timestamp(0) without time zone) AND (o_orderdate <= '1996-12-31 00:00:00'::timestamp(0) without time zone))", "Rows Removed by Filter": 275576, "Exact Heap Blocks": 395341, "Lossy Heap Blocks": 395341, "Plans": [{"Node Type": "Bitmap Index Scan", "Parent Relationship": "Outer", "Index Name": "orders_pkey", "Startup Cost": 0.0, "Total Cost": 0.26, "Plan Rows": 1, "Plan Width": 0, "Actual Startup Time": 2356.074, "Actual Total Time": 2356.074, "Actual Rows": 395341, "Actual Loops": 395341, "Index Cond": "(o_orderkey = lineitem.l_orderkey)"}]}]}, {"Node Type": "Hash", "Parent Relationship": "Inner", "Startup Cost": 3283.0, "Total Cost": 3283.0, "Plan Rows": 100000, "Plan Width": 12, "Actual Startup Time": 65.833, "Actual Total Time": 65.833, "Actual Rows": 100000, "Actual Loops": 1, "Hash Buckets": 131072, "Hash Batches": 1, "Original Hash Batches": 1, "Peak Memory Usage": 4297, "Plans": [{"Node Type": "Seq Scan", "Parent Relationship": "Outer", "Relation Name": "supplier", "Alias": "supplier", "Startup Cost": 0.0, "Total Cost": 3283.0, "Plan Rows": 100000, "Plan Width": 12, "Actual Startup Time": 0.019, "Actual Total Time": 39.38, "Actual Rows": 100000, "Actual Loops": 1}]}]}, {"Node Type": "Hash", "Parent Relationship": "Inner", "Startup Cost": 37164.85, "Total Cost": 37164.85, "Plan Rows": 300000, "Plan Width": 8, "Actual Startup Time": 763.021, "Actual Total Time": 763.021, "Actual Rows": 300270, "Actual Loops": 1, "Hash Buckets": 524288, "Hash Batches": 1, "Original Hash Batches": 1, "Peak Memory Usage": 11730, "Plans": [{"Node Type": "Nested Loop", "Parent Relationship": "Outer", "Join Type": "Inner", "Startup Cost": 1031.44, "Total Cost": 37164.85, "Plan Rows": 300000, "Plan Width": 8, "Actual Startup Time": 19.426, "Actual Total Time": 670.53, "Actual Rows": 300270, "Actual Loops": 1, "Inner Unique": false, "Plans": [{"Node Type": "Hash Join", "Parent Relationship": "Outer", "Join Type": "Inner", "Startup Cost": 1.07, "Total Cost": 2.44, "Plan Rows": 5, "Plan Width": 4, "Actual Startup Time": 0.077, "Actual Total Time": 0.142, "Actual Rows": 5, "Actual Loops": 1, "Inner Unique": true, "Hash Cond": "(n1.n_regionkey = region.r_regionkey)", "Plans": [{"Node Type": "Seq Scan", "Parent Relationship": "Outer", "Relation Name": "nation", "Alias": "n1", "Startup Cost": 0.0, "Total Cost": 1.25, "Plan Rows": 25, "Plan Width": 8, "Actual Startup Time": 0.015, "Actual Total Time": 0.036, "Actual Rows": 25, "Actual Loops": 1}, {"Node Type": "Hash", "Parent Relationship": "Inner", "Startup Cost": 1.06, "Total Cost": 1.06, "Plan Rows": 1, "Plan Width": 4, "Actual Startup Time": 0.021, "Actual Total Time": 0.021, "Actual Rows": 1, "Actual Loops": 1, "Hash Buckets": 32768, "Hash Batches": 1, "Original Hash Batches": 1, "Peak Memory Usage": 1, "Plans": [{"Node Type": "Seq Scan", "Parent Relationship": "Outer", "Relation Name": "region", "Alias": "region", "Startup Cost": 0.0, "Total Cost": 1.06, "Plan Rows": 1, "Plan Width": 4, "Actual Startup Time": 0.015, "Actual Total Time": 0.016, "Actual Rows": 1, "Actual Loops": 1, "Filter": "(r_name = 'ASIA'::bpchar)", "Rows Removed by Filter": 4}]}]}, {"Node Type": "Bitmap Heap Scan", "Parent Relationship": "Inner", "Relation Name": "customer", "Alias": "customer", "Startup Cost": 1030.37, "Total Cost": 6832.48, "Plan Rows": 60000, "Plan Width": 12, "Actual Startup Time": 91.328, "Actual Total Time": 611.675, "Actual Rows": 300270, "Actual Loops": 5, "Recheck Cond": "(c_nationkey = n1.n_nationkey)", "Rows Removed by Index Recheck": 0, "Exact Heap Blocks": 150032, "Lossy Heap Blocks": 150032, "Plans": [{"Node Type": "Bitmap Index Scan", "Parent Relationship": "Outer", "Index Name": "idx_customer_nationkey", "Startup Cost": 0.0, "Total Cost": 1015.37, "Plan Rows": 60000, "Plan Width": 0, "Actual Startup Time": 58.447, "Actual Total Time": 58.447, "Actual Rows": 300270, "Actual Loops": 5, "Index Cond": "(c_nationkey = n1.n_nationkey)"}]}]}]}]}, {"Node Type": "Hash", "Parent Relationship": "Inner", "Startup Cost": 1.25, "Total Cost": 1.25, "Plan Rows": 25, "Plan Width": 30, "Actual Startup Time": 0.036, "Actual Total Time": 0.036, "Actual Rows": 25, "Actual Loops": 1, "Hash Buckets": 32768, "Hash Batches": 1, "Original Hash Batches": 1, "Peak Memory Usage": 2, "Plans": [{"Node Type": "Seq Scan", "Parent Relationship": "Outer", "Relation Name": "nation", "Alias": "n2", "Startup Cost": 0.0, "Total Cost": 1.25, "Plan Rows": 25, "Plan Width": 30, "Actual Startup Time": 0.017, "Actual Total Time": 0.025, "Actual Rows": 25, "Actual Loops": 1}]}]}]}]}, "Triggers": [], "Planner Runtime": 3, "Total Runtime": 7685.556, "Unique SQL Id": 3681808042}}, "(1, 67)": {"explain_plan": {"Plan": {"Node Type": "Sort", "Startup Cost": 66661878.45, "Total Cost": 66661878.48, "Plan Rows": 10, "Plan Width": 50, "Sort Key": ["(date_part('year'::text, orders.o_orderdate))"], "Plans": [{"Node Type": "Aggregate", "Strategy": "Hashed", "Parent Relationship": "Outer", "Startup Cost": 66661878.14, "Total Cost": 66661878.29, "Plan Rows": 10, "Plan Width": 50, "Group By Key": ["date_part('year'::text, orders.o_orderdate)"], "Plans": [{"Node Type": "Nested Loop", "Parent Relationship": "Outer", "Join Type": "Inner", "Startup Cost": 115915.31, "Total Cost": 66661758.32, "Plan Rows": 5991, "Plan Width": 50, "Inner Unique": true, "Plans": [{"Node Type": "Nested Loop", "Parent Relationship": "Outer", "Join Type": "Inner", "Startup Cost": 115915.05, "Total Cost": 66636099.88, "Plan Rows": 5991, "Plan Width": 28, "Inner Unique": true, "Plans": [{"Node Type": "Nested Loop", "Parent Relationship": "Outer", "Join Type": "Inner", "Startup Cost": 115914.79, "Total Cost": 66562068.23, "Plan Rows": 17296, "Plan Width": 32, "Inner Unique": true, "Plans": [{"Node Type": "Nested Loop", "Parent Relationship": "Outer", "Join Type": "Inner", "Startup Cost": 115914.53, "Total Cost": 45938880.46, "Plan Rows": 4814867, "Plan Width": 40, "Inner Unique": false, "Plans": [{"Node Type": "Nested Loop", "Parent Relationship": "Outer", "Join Type": "Inner", "Startup Cost": 115914.01, "Total Cost": 43432501.27, "Plan Rows": 530296, "Plan Width": 16, "Inner Unique": true, "Plans": [{"Node Type": "Nested Loop", "Parent Relationship": "Outer", "Join Type": "Inner", "Startup Cost": 115913.43, "Total Cost": 31228406.3, "Plan Rows": 2651479, "Plan Width": 20, "Inner Unique": true, "Plans": [{"Node Type": "Nested Loop", "Parent Relationship": "Outer", "Join Type": "Inner", "Startup Cost": 115913.17, "Total Cost": 19879399.17, "Plan Rows": 2651479, "Plan Width": 20, "Inner Unique": true, "Plans": [{"Node Type": "Bitmap Heap Scan", "Parent Relationship": "Outer", "Relation Name": "orders", "Alias": "orders", "Startup Cost": 115912.91, "Total Cost": 460311.42, "Plan Rows": 4531967, "Plan Width": 24, "Recheck Cond": "((o_orderdate >= '1995-01-01 00:00:00'::timestamp(0) without time zone) AND (o_orderdate <= '1996-12-31 00:00:00'::timestamp(0) without time zone)), (LLVM Optimized)", "Plans": [{"Node Type": "Bitmap Index Scan", "Parent Relationship": "Outer", "Index Name": "idx_orders_orderdate", "Startup Cost": 0.0, "Total Cost": 114779.92, "Plan Rows": 4531967, "Plan Width": 0, "Index Cond": "((o_orderdate >= '1995-01-01 00:00:00'::timestamp(0) without time zone) AND (o_orderdate <= '1996-12-31 00:00:00'::timestamp(0) without time zone))"}]}, {"Node Type": "Bitmap Heap Scan", "Parent Relationship": "Inner", "Relation Name": "customer", "Alias": "customer", "Startup Cost": 0.26, "Total Cost": 4.27, "Plan Rows": 1, "Plan Width": 12, "Recheck Cond": "(c_custkey = orders.o_custkey)", "Plans": [{"Node Type": "Bitmap Index Scan", "Parent Relationship": "Outer", "Index Name": "customer_pkey", "Startup Cost": 0.0, "Total Cost": 0.26, "Plan Rows": 1, "Plan Width": 0, "Index Cond": "(c_custkey = orders.o_custkey)"}]}]}, {"Node Type": "Bitmap Heap Scan", "Parent Relationship": "Inner", "Relation Name": "nation", "Alias": "n1", "Startup Cost": 0.26, "Total Cost": 4.27, "Plan Rows": 1, "Plan Width": 8, "Recheck Cond": "(n_nationkey = customer.c_nationkey)", "Plans": [{"Node Type": "Bitmap Index Scan", "Parent Relationship": "Outer", "Index Name": "nation_pkey", "Startup Cost": 0.0, "Total Cost": 0.26, "Plan Rows": 1, "Plan Width": 0, "Index Cond": "(n_nationkey = customer.c_nationkey)"}]}]}, {"Node Type": "Bitmap Heap Scan", "Parent Relationship": "Inner", "Relation Name": "region", "Alias": "region", "Startup Cost": 0.58, "Total Cost": 4.59, "Plan Rows": 1, "Plan Width": 4, "Recheck Cond": "(r_regionkey = n1.n_regionkey)", "Filter": "(r_name = 'ASIA'::bpchar)", "Plans": [{"Node Type": "Bitmap Index Scan", "Parent Relationship": "Outer", "Index Name": "region_pkey", "Startup Cost": 0.0, "Total Cost": 0.58, "Plan Rows": 1, "Plan Width": 0, "Index Cond": "(r_regionkey = n1.n_regionkey)"}]}]}, {"Node Type": "Bitmap Heap Scan", "Parent Relationship": "Inner", "Relation Name": "lineitem", "Alias": "lineitem", "Startup Cost": 0.52, "Total Cost": 4.64, "Plan Rows": 9, "Plan Width": 40, "Recheck Cond": "(l_orderkey = orders.o_orderkey)", "Plans": [{"Node Type": "Bitmap Index Scan", "Parent Relationship": "Outer", "Index Name": "idx_lineitem_orderkey", "Startup Cost": 0.0, "Total Cost": 0.52, "Plan Rows": 9, "Plan Width": 0, "Index Cond": "(l_orderkey = orders.o_orderkey)"}]}]}, {"Node Type": "Bitmap Heap Scan", "Parent Relationship": "Inner", "Relation Name": "part", "Alias": "part", "Startup Cost": 0.26, "Total Cost": 4.27, "Plan Rows": 1, "Plan Width": 8, "Recheck Cond": "(p_partkey = lineitem.l_partkey)", "Filter": "((p_type)::text = 'SMALL PLATED COPPER'::text)", "Plans": [{"Node Type": "Bitmap Index Scan", "Parent Relationship": "Outer", "Index Name": "part_kpey", "Startup Cost": 0.0, "Total Cost": 0.26, "Plan Rows": 1, "Plan Width": 0, "Index Cond": "(p_partkey = lineitem.l_partkey)"}]}]}, {"Node Type": "Bitmap Heap Scan", "Parent Relationship": "Inner", "Relation Name": "supplier", "Alias": "supplier", "Startup Cost": 0.26, "Total Cost": 4.27, "Plan Rows": 1, "Plan Width": 12, "Recheck Cond": "(s_suppkey = lineitem.l_suppkey)", "Plans": [{"Node Type": "Bitmap Index Scan", "Parent Relationship": "Outer", "Index Name": "supplier_pkey", "Startup Cost": 0.0, "Total Cost": 0.26, "Plan Rows": 1, "Plan Width": 0, "Index Cond": "(s_suppkey = lineitem.l_suppkey)"}]}]}, {"Node Type": "Bitmap Heap Scan", "Parent Relationship": "Inner", "Relation Name": "nation", "Alias": "n2", "Startup Cost": 0.26, "Total Cost": 4.27, "Plan Rows": 1, "Plan Width": 30, "Recheck Cond": "(n_nationkey = supplier.s_nationkey)", "Plans": [{"Node Type": "Bitmap Index Scan", "Parent Relationship": "Outer", "Index Name": "nation_pkey", "Startup Cost": 0.0, "Total Cost": 0.26, "Plan Rows": 1, "Plan Width": 0, "Index Cond": "(n_nationkey = supplier.s_nationkey)"}]}]}]}]}, "Unique SQL Id": 3681808042, "Planner Runtime": 4}, "explain_analyze_plan": null}, "(1, 68)": {"explain_plan": {"Plan": {"Node Type": "Sort", "Startup Cost": 486022.68, "Total Cost": 486022.71, "Plan Rows": 10, "Plan Width": 50, "Sort Key": ["(date_part('year'::text, orders.o_orderdate))"], "Plans": [{"Node Type": "Aggregate", "Strategy": "Hashed", "Parent Relationship": "Outer", "Startup Cost": 486022.37, "Total Cost": 486022.52, "Plan Rows": 10, "Plan Width": 50, "Group By Key": ["date_part('year'::text, orders.o_orderdate)"], "Plans": [{"Node Type": "Hash Join", "Parent Relationship": "Outer", "Join Type": "Inner", "Startup Cost": 4537.06, "Total Cost": 485902.55, "Plan Rows": 5991, "Plan Width": 50, "Inner Unique": true, "Hash Cond": "(supplier.s_nationkey = n2.n_nationkey)", "Plans": [{"Node Type": "Hash Join", "Parent Relationship": "Outer", "Join Type": "Inner", "Startup Cost": 4535.5, "Total Cost": 485803.63, "Plan Rows": 5991, "Plan Width": 28, "Inner Unique": false, "Hash Cond": "(customer.c_nationkey = n1.n_nationkey)", "Plans": [{"Node Type": "Nested Loop", "Parent Relationship": "Outer", "Join Type": "Inner", "Startup Cost": 4533.0, "Total Cost": 485661.65, "Plan Rows": 29954, "Plan Width": 32, "Inner Unique": true, "Plans": [{"Node Type": "Hash Join", "Parent Relationship": "Outer", "Join Type": "Inner", "Startup Cost": 4533.0, "Total Cost": 469409.78, "Plan Rows": 51198, "Plan Width": 36, "Inner Unique": true, "Hash Cond": "(lineitem.l_suppkey = supplier.s_suppkey)", "Plans": [{"Node Type": "Nested Loop", "Parent Relationship": "Outer", "Join Type": "Inner", "Startup Cost": 0.0, "Total Cost": 464497.44, "Plan Rows": 86479, "Plan Width": 40, "Inner Unique": true, "Plans": [{"Node Type": "Nested Loop", "Parent Relationship": "Outer", "Join Type": "Inner", "Startup Cost": 0.0, "Total Cost": 441564.57, "Plan Rows": 74637, "Plan Width": 32, "Inner Unique": false, "Plans": [{"Node Type": "Seq Scan", "Parent Relationship": "Outer", "Relation Name": "part", "Alias": "part", "Startup Cost": 0.0, "Total Cost": 66944.0, "Plan Rows": 13538, "Plan Width": 8, "Filter": "((p_type)::text = 'SMALL PLATED COPPER'::text)"}, {"Node Type": "Index Scan", "Parent Relationship": "Inner", "Scan Direction": "Forward", "Index Name": "idx_lineitem_part_supp", "Relation Name": "lineitem", "Alias": "lineitem", "Startup Cost": 0.0, "Total Cost": 27.61, "Plan Rows": 6, "Plan Width": 40, "Index Cond": "(l_partkey = part.p_partkey)"}]}, {"Node Type": "Index Scan", "Parent Relationship": "Inner", "Scan Direction": "Forward", "Index Name": "orders_pkey", "Relation Name": "orders", "Alias": "orders", "Startup Cost": 0.0, "Total Cost": 0.3, "Plan Rows": 1, "Plan Width": 24, "Index Cond": "(o_orderkey = lineitem.l_orderkey)", "Filter": "((o_orderdate >= '1995-01-01 00:00:00'::timestamp(0) without time zone) AND (o_orderdate <= '1996-12-31 00:00:00'::timestamp(0) without time zone))"}]}, {"Node Type": "Hash", "Parent Relationship": "Inner", "Startup Cost": 3283.0, "Total Cost": 3283.0, "Plan Rows": 100000, "Plan Width": 12, "Plans": [{"Node Type": "Seq Scan", "Parent Relationship": "Outer", "Relation Name": "supplier", "Alias": "supplier", "Startup Cost": 0.0, "Total Cost": 3283.0, "Plan Rows": 100000, "Plan Width": 12}]}]}, {"Node Type": "Index Scan", "Parent Relationship": "Inner", "Scan Direction": "Forward", "Index Name": "customer_pkey", "Relation Name": "customer", "Alias": "customer", "Startup Cost": 0.0, "Total Cost": 0.31, "Plan Rows": 1, "Plan Width": 12, "Index Cond": "(c_custkey = orders.o_custkey)"}]}, {"Node Type": "Hash", "Parent Relationship": "Inner", "Startup Cost": 2.44, "Total Cost": 2.44, "Plan Rows": 5, "Plan Width": 4, "Plans": [{"Node Type": "Hash Join", "Parent Relationship": "Outer", "Join Type": "Inner", "Startup Cost": 1.07, "Total Cost": 2.44, "Plan Rows": 5, "Plan Width": 4, "Inner Unique": true, "Hash Cond": "(n1.n_regionkey = region.r_regionkey)", "Plans": [{"Node Type": "Seq Scan", "Parent Relationship": "Outer", "Relation Name": "nation", "Alias": "n1", "Startup Cost": 0.0, "Total Cost": 1.25, "Plan Rows": 25, "Plan Width": 8}, {"Node Type": "Hash", "Parent Relationship": "Inner", "Startup Cost": 1.06, "Total Cost": 1.06, "Plan Rows": 1, "Plan Width": 4, "Plans": [{"Node Type": "Seq Scan", "Parent Relationship": "Outer", "Relation Name": "region", "Alias": "region", "Startup Cost": 0.0, "Total Cost": 1.06, "Plan Rows": 1, "Plan Width": 4, "Filter": "(r_name = 'ASIA'::bpchar)"}]}]}]}]}, {"Node Type": "Hash", "Parent Relationship": "Inner", "Startup Cost": 1.25, "Total Cost": 1.25, "Plan Rows": 25, "Plan Width": 30, "Plans": [{"Node Type": "Seq Scan", "Parent Relationship": "Outer", "Relation Name": "nation", "Alias": "n2", "Startup Cost": 0.0, "Total Cost": 1.25, "Plan Rows": 25, "Plan Width": 30}]}]}]}]}, "Unique SQL Id": 3681808042, "Planner Runtime": 5}, "explain_analyze_plan": {"Plan": {"Node Type": "Sort", "Startup Cost": 486022.68, "Total Cost": 486022.71, "Plan Rows": 10, "Plan Width": 50, "Actual Startup Time": 7085.978, "Actual Total Time": 7085.978, "Actual Rows": 2, "Actual Loops": 1, "Sort Key": ["(date_part('year'::text, orders.o_orderdate))"], "Sort Method": "quicksort", "Sort Space Used": 25, "Sort Space Type": "Memory", "Plans": [{"Node Type": "Aggregate", "Strategy": "Hashed", "Parent Relationship": "Outer", "Startup Cost": 486022.37, "Total Cost": 486022.52, "Plan Rows": 10, "Plan Width": 50, "Actual Startup Time": 7085.958, "Actual Total Time": 7085.959, "Actual Rows": 2, "Actual Loops": 1, "Group By Key": ["date_part('year'::text, orders.o_orderdate)"], "Plans": [{"Node Type": "Hash Join", "Parent Relationship": "Outer", "Join Type": "Inner", "Startup Cost": 4537.06, "Total Cost": 485902.55, "Plan Rows": 5991, "Plan Width": 50, "Actual Startup Time": 66.946, "Actual Total Time": 7049.829, "Actual Rows": 23929, "Actual Loops": 1, "Inner Unique": true, "Hash Cond": "(supplier.s_nationkey = n2.n_nationkey)", "Plans": [{"Node Type": "Hash Join", "Parent Relationship": "Outer", "Join Type": "Inner", "Startup Cost": 4535.5, "Total Cost": 485803.63, "Plan Rows": 5991, "Plan Width": 28, "Actual Startup Time": 66.804, "Actual Total Time": 7017.431, "Actual Rows": 23929, "Actual Loops": 1, "Inner Unique": false, "Hash Cond": "(customer.c_nationkey = n1.n_nationkey)", "Plans": [{"Node Type": "Nested Loop", "Parent Relationship": "Outer", "Join Type": "Inner", "Startup Cost": 4533.0, "Total Cost": 485661.65, "Plan Rows": 29954, "Plan Width": 32, "Actual Startup Time": 66.457, "Actual Total Time": 6979.652, "Actual Rows": 119765, "Actual Loops": 1, "Inner Unique": true, "Plans": [{"Node Type": "Hash Join", "Parent Relationship": "Outer", "Join Type": "Inner", "Startup Cost": 4533.0, "Total Cost": 469409.78, "Plan Rows": 51198, "Plan Width": 36, "Actual Startup Time": 66.415, "Actual Total Time": 5952.152, "Actual Rows": 119765, "Actual Loops": 1, "Inner Unique": true, "Hash Cond": "(lineitem.l_suppkey = supplier.s_suppkey)", "Plans": [{"Node Type": "Nested Loop", "Parent Relationship": "Outer", "Join Type": "Inner", "Startup Cost": 0.0, "Total Cost": 464497.44, "Plan Rows": 86479, "Plan Width": 40, "Actual Startup Time": 0.201, "Actual Total Time": 5807.717, "Actual Rows": 119765, "Actual Loops": 1, "Inner Unique": true, "Plans": [{"Node Type": "Nested Loop", "Parent Relationship": "Outer", "Join Type": "Inner", "Startup Cost": 0.0, "Total Cost": 441564.57, "Plan Rows": 74637, "Plan Width": 32, "Actual Startup Time": 0.041, "Actual Total Time": 2124.482, "Actual Rows": 395341, "Actual Loops": 1, "Inner Unique": false, "Plans": [{"Node Type": "Seq Scan", "Parent Relationship": "Outer", "Relation Name": "part", "Alias": "part", "Startup Cost": 0.0, "Total Cost": 66944.0, "Plan Rows": 13538, "Plan Width": 8, "Actual Startup Time": 0.019, "Actual Total Time": 779.977, "Actual Rows": 13163, "Actual Loops": 1, "Filter": "((p_type)::text = 'SMALL PLATED COPPER'::text)", "Rows Removed by Filter": 1986837}, {"Node Type": "Index Scan", "Parent Relationship": "Inner", "Scan Direction": "Forward", "Index Name": "idx_lineitem_part_supp", "Relation Name": "lineitem", "Alias": "lineitem", "Startup Cost": 0.0, "Total Cost": 27.61, "Plan Rows": 6, "Plan Width": 40, "Actual Startup Time": 157.19, "Actual Total Time": 1241.18, "Actual Rows": 395341, "Actual Loops": 13163, "Index Cond": "(l_partkey = part.p_partkey)", "Rows Removed by Index Recheck": 0}]}, {"Node Type": "Index Scan", "Parent Relationship": "Inner", "Scan Direction": "Forward", "Index Name": "orders_pkey", "Relation Name": "orders", "Alias": "orders", "Startup Cost": 0.0, "Total Cost": 0.3, "Plan Rows": 1, "Plan Width": 24, "Actual Startup Time": 3448.635, "Actual Total Time": 3448.635, "Actual Rows": 119765, "Actual Loops": 395341, "Index Cond": "(o_orderkey = lineitem.l_orderkey)", "Rows Removed by Index Recheck": 0, "Filter": "((o_orderdate >= '1995-01-01 00:00:00'::timestamp(0) without time zone) AND (o_orderdate <= '1996-12-31 00:00:00'::timestamp(0) without time zone))", "Rows Removed by Filter": 275576}]}, {"Node Type": "Hash", "Parent Relationship": "Inner", "Startup Cost": 3283.0, "Total Cost": 3283.0, "Plan Rows": 100000, "Plan Width": 12, "Actual Startup Time": 66.103, "Actual Total Time": 66.103, "Actual Rows": 100000, "Actual Loops": 1, "Hash Buckets": 131072, "Hash Batches": 1, "Original Hash Batches": 1, "Peak Memory Usage": 4297, "Plans": [{"Node Type": "Seq Scan", "Parent Relationship": "Outer", "Relation Name": "supplier", "Alias": "supplier", "Startup Cost": 0.0, "Total Cost": 3283.0, "Plan Rows": 100000, "Plan Width": 12, "Actual Startup Time": 0.01, "Actual Total Time": 39.744, "Actual Rows": 100000, "Actual Loops": 1}]}]}, {"Node Type": "Index Scan", "Parent Relationship": "Inner", "Scan Direction": "Forward", "Index Name": "customer_pkey", "Relation Name": "customer", "Alias": "customer", "Startup Cost": 0.0, "Total Cost": 0.31, "Plan Rows": 1, "Plan Width": 12, "Actual Startup Time": 919.538, "Actual Total Time": 919.538, "Actual Rows": 119765, "Actual Loops": 119765, "Index Cond": "(c_custkey = orders.o_custkey)", "Rows Removed by Index Recheck": 0}]}, {"Node Type": "Hash", "Parent Relationship": "Inner", "Startup Cost": 2.44, "Total Cost": 2.44, "Plan Rows": 5, "Plan Width": 4, "Actual Startup Time": 0.064, "Actual Total Time": 0.064, "Actual Rows": 5, "Actual Loops": 1, "Hash Buckets": 32768, "Hash Batches": 1, "Original Hash Batches": 1, "Peak Memory Usage": 1, "Plans": [{"Node Type": "Hash Join", "Parent Relationship": "Outer", "Join Type": "Inner", "Startup Cost": 1.07, "Total Cost": 2.44, "Plan Rows": 5, "Plan Width": 4, "Actual Startup Time": 0.05, "Actual Total Time": 0.058, "Actual Rows": 5, "Actual Loops": 1, "Inner Unique": true, "Hash Cond": "(n1.n_regionkey = region.r_regionkey)", "Plans": [{"Node Type": "Seq Scan", "Parent Relationship": "Outer", "Relation Name": "nation", "Alias": "n1", "Startup Cost": 0.0, "Total Cost": 1.25, "Plan Rows": 25, "Plan Width": 8, "Actual Startup Time": 0.006, "Actual Total Time": 0.008, "Actual Rows": 25, "Actual Loops": 1}, {"Node Type": "Hash", "Parent Relationship": "Inner", "Startup Cost": 1.06, "Total Cost": 1.06, "Plan Rows": 1, "Plan Width": 4, "Actual Startup Time": 0.012, "Actual Total Time": 0.012, "Actual Rows": 1, "Actual Loops": 1, "Hash Buckets": 32768, "Hash Batches": 1, "Original Hash Batches": 1, "Peak Memory Usage": 1, "Plans": [{"Node Type": "Seq Scan", "Parent Relationship": "Outer", "Relation Name": "region", "Alias": "region", "Startup Cost": 0.0, "Total Cost": 1.06, "Plan Rows": 1, "Plan Width": 4, "Actual Startup Time": 0.009, "Actual Total Time": 0.01, "Actual Rows": 1, "Actual Loops": 1, "Filter": "(r_name = 'ASIA'::bpchar)", "Rows Removed by Filter": 4}]}]}]}]}, {"Node Type": "Hash", "Parent Relationship": "Inner", "Startup Cost": 1.25, "Total Cost": 1.25, "Plan Rows": 25, "Plan Width": 30, "Actual Startup Time": 0.038, "Actual Total Time": 0.038, "Actual Rows": 25, "Actual Loops": 1, "Hash Buckets": 32768, "Hash Batches": 1, "Original Hash Batches": 1, "Peak Memory Usage": 2, "Plans": [{"Node Type": "Seq Scan", "Parent Relationship": "Outer", "Relation Name": "nation", "Alias": "n2", "Startup Cost": 0.0, "Total Cost": 1.25, "Plan Rows": 25, "Plan Width": 30, "Actual Startup Time": 0.015, "Actual Total Time": 0.021, "Actual Rows": 25, "Actual Loops": 1}]}]}]}]}, "Triggers": [], "Planner Runtime": 3, "Total Runtime": 7086.399, "Unique SQL Id": 3681808042}}, "(1, 69)": {"explain_plan": {"Plan": {"Node Type": "Sort", "Startup Cost": 526963.15, "Total Cost": 526963.18, "Plan Rows": 10, "Plan Width": 50, "Sort Key": ["(date_part('year'::text, orders.o_orderdate))"], "Plans": [{"Node Type": "Aggregate", "Strategy": "Hashed", "Parent Relationship": "Outer", "Startup Cost": 526962.83, "Total Cost": 526962.98, "Plan Rows": 10, "Plan Width": 50, "Group By Key": ["date_part('year'::text, orders.o_orderdate)"], "Plans": [{"Node Type": "Hash Join", "Parent Relationship": "Outer", "Join Type": "Inner", "Startup Cost": 6618.28, "Total Cost": 526843.01, "Plan Rows": 5991, "Plan Width": 50, "Inner Unique": true, "Hash Cond": "(supplier.s_nationkey = n2.n_nationkey)", "Plans": [{"Node Type": "Hash Join", "Parent Relationship": "Outer", "Join Type": "Inner", "Startup Cost": 6605.34, "Total Cost": 526732.72, "Plan Rows": 5991, "Plan Width": 28, "Inner Unique": false, "Hash Cond": "(customer.c_nationkey = n1.n_nationkey)", "Plans": [{"Node Type": "Nested Loop", "Parent Relationship": "Outer", "Join Type": "Inner", "Startup Cost": 6584.54, "Total Cost": 526572.45, "Plan Rows": 29954, "Plan Width": 32, "Inner Unique": true, "Plans": [{"Node Type": "Hash Join", "Parent Relationship": "Outer", "Join Type": "Inner", "Startup Cost": 6584.54, "Total Cost": 510320.57, "Plan Rows": 51198, "Plan Width": 36, "Inner Unique": true, "Hash Cond": "(lineitem.l_suppkey = supplier.s_suppkey)", "Plans": [{"Node Type": "Nested Loop", "Parent Relationship": "Outer", "Join Type": "Inner", "Startup Cost": 0.0, "Total Cost": 503356.69, "Plan Rows": 86479, "Plan Width": 40, "Inner Unique": true, "Plans": [{"Node Type": "Nested Loop", "Parent Relationship": "Outer", "Join Type": "Inner", "Startup Cost": 0.0, "Total Cost": 480423.82, "Plan Rows": 74637, "Plan Width": 32, "Inner Unique": false, "Plans": [{"Node Type": "Index Scan", "Parent Relationship": "Outer", "Scan Direction": "Forward", "Index Name": "part_kpey", "Relation Name": "part", "Alias": "part", "Startup Cost": 0.0, "Total Cost": 105803.25, "Plan Rows": 13538, "Plan Width": 8, "Filter": "((p_type)::text = 'SMALL PLATED COPPER'::text)"}, {"Node Type": "Index Scan", "Parent Relationship": "Inner", "Scan Direction": "Forward", "Index Name": "idx_lineitem_part_supp", "Relation Name": "lineitem", "Alias": "lineitem", "Startup Cost": 0.0, "Total Cost": 27.61, "Plan Rows": 6, "Plan Width": 40, "Index Cond": "(l_partkey = part.p_partkey)"}]}, {"Node Type": "Index Scan", "Parent Relationship": "Inner", "Scan Direction": "Forward", "Index Name": "orders_pkey", "Relation Name": "orders", "Alias": "orders", "Startup Cost": 0.0, "Total Cost": 0.3, "Plan Rows": 1, "Plan Width": 24, "Index Cond": "(o_orderkey = lineitem.l_orderkey)", "Filter": "((o_orderdate >= '1995-01-01 00:00:00'::timestamp(0) without time zone) AND (o_orderdate <= '1996-12-31 00:00:00'::timestamp(0) without time zone))"}]}, {"Node Type": "Hash", "Parent Relationship": "Inner", "Startup Cost": 5334.54, "Total Cost": 5334.54, "Plan Rows": 100000, "Plan Width": 12, "Plans": [{"Node Type": "Index Scan", "Parent Relationship": "Outer", "Scan Direction": "Forward", "Index Name": "supplier_pkey", "Relation Name": "supplier", "Alias": "supplier", "Startup Cost": 0.0, "Total Cost": 5334.54, "Plan Rows": 100000, "Plan Width": 12}]}]}, {"Node Type": "Index Scan", "Parent Relationship": "Inner", "Scan Direction": "Forward", "Index Name": "customer_pkey", "Relation Name": "customer", "Alias": "customer", "Startup Cost": 0.0, "Total Cost": 0.31, "Plan Rows": 1, "Plan Width": 12, "Index Cond": "(c_custkey = orders.o_custkey)"}]}, {"Node Type": "Hash", "Parent Relationship": "Inner", "Startup Cost": 20.74, "Total Cost": 20.74, "Plan Rows": 5, "Plan Width": 4, "Plans": [{"Node Type": "Nested Loop", "Parent Relationship": "Outer", "Join Type": "Inner", "Startup Cost": 0.0, "Total Cost": 20.74, "Plan Rows": 5, "Plan Width": 4, "Inner Unique": false, "Plans": [{"Node Type": "Index Scan", "Parent Relationship": "Outer", "Scan Direction": "Forward", "Index Name": "region_pkey", "Relation Name": "region", "Alias": "region", "Startup Cost": 0.0, "Total Cost": 12.34, "Plan Rows": 1, "Plan Width": 4, "Filter": "(r_name = 'ASIA'::bpchar)"}, {"Node Type": "Index Scan", "Parent Relationship": "Inner", "Scan Direction": "Forward", "Index Name": "idx_nation_regionkey", "Relation Name": "nation", "Alias": "n1", "Startup Cost": 0.0, "Total Cost": 8.35, "Plan Rows": 5, "Plan Width": 8, "Index Cond": "(n_regionkey = region.r_regionkey)"}]}]}]}, {"Node Type": "Hash", "Parent Relationship": "Inner", "Startup Cost": 12.62, "Total Cost": 12.62, "Plan Rows": 25, "Plan Width": 30, "Plans": [{"Node Type": "Index Scan", "Parent Relationship": "Outer", "Scan Direction": "Forward", "Index Name": "nation_pkey", "Relation Name": "nation", "Alias": "n2", "Startup Cost": 0.0, "Total Cost": 12.62, "Plan Rows": 25, "Plan Width": 30}]}]}]}]}, "Unique SQL Id": 3681808042, "Planner Runtime": 5}, "explain_analyze_plan": {"Plan": {"Node Type": "Sort", "Startup Cost": 526963.15, "Total Cost": 526963.18, "Plan Rows": 10, "Plan Width": 50, "Actual Startup Time": 7593.695, "Actual Total Time": 7593.695, "Actual Rows": 2, "Actual Loops": 1, "Sort Key": ["(date_part('year'::text, orders.o_orderdate))"], "Sort Method": "quicksort", "Sort Space Used": 25, "Sort Space Type": "Memory", "Plans": [{"Node Type": "Aggregate", "Strategy": "Hashed", "Parent Relationship": "Outer", "Startup Cost": 526962.83, "Total Cost": 526962.98, "Plan Rows": 10, "Plan Width": 50, "Actual Startup Time": 7593.678, "Actual Total Time": 7593.679, "Actual Rows": 2, "Actual Loops": 1, "Group By Key": ["date_part('year'::text, orders.o_orderdate)"], "Plans": [{"Node Type": "Hash Join", "Parent Relationship": "Outer", "Join Type": "Inner", "Startup Cost": 6618.28, "Total Cost": 526843.01, "Plan Rows": 5991, "Plan Width": 50, "Actual Startup Time": 108.834, "Actual Total Time": 7556.085, "Actual Rows": 23929, "Actual Loops": 1, "Inner Unique": true, "Hash Cond": "(supplier.s_nationkey = n2.n_nationkey)", "Plans": [{"Node Type": "Hash Join", "Parent Relationship": "Outer", "Join Type": "Inner", "Startup Cost": 6605.34, "Total Cost": 526732.72, "Plan Rows": 5991, "Plan Width": 28, "Actual Startup Time": 108.741, "Actual Total Time": 7523.733, "Actual Rows": 23929, "Actual Loops": 1, "Inner Unique": false, "Hash Cond": "(customer.c_nationkey = n1.n_nationkey)", "Plans": [{"Node Type": "Nested Loop", "Parent Relationship": "Outer", "Join Type": "Inner", "Startup Cost": 6584.54, "Total Cost": 526572.45, "Plan Rows": 29954, "Plan Width": 32, "Actual Startup Time": 108.431, "Actual Total Time": 7485.765, "Actual Rows": 119765, "Actual Loops": 1, "Inner Unique": true, "Plans": [{"Node Type": "Hash Join", "Parent Relationship": "Outer", "Join Type": "Inner", "Startup Cost": 6584.54, "Total Cost": 510320.57, "Plan Rows": 51198, "Plan Width": 36, "Actual Startup Time": 108.394, "Actual Total Time": 6490.682, "Actual Rows": 119765, "Actual Loops": 1, "Inner Unique": true, "Hash Cond": "(lineitem.l_suppkey = supplier.s_suppkey)", "Plans": [{"Node Type": "Nested Loop", "Parent Relationship": "Outer", "Join Type": "Inner", "Startup Cost": 0.0, "Total Cost": 503356.69, "Plan Rows": 86479, "Plan Width": 40, "Actual Startup Time": 0.182, "Actual Total Time": 6301.075, "Actual Rows": 119765, "Actual Loops": 1, "Inner Unique": true, "Plans": [{"Node Type": "Nested Loop", "Parent Relationship": "Outer", "Join Type": "Inner", "Startup Cost": 0.0, "Total Cost": 480423.82, "Plan Rows": 74637, "Plan Width": 32, "Actual Startup Time": 0.043, "Actual Total Time": 2753.622, "Actual Rows": 395341, "Actual Loops": 1, "Inner Unique": false, "Plans": [{"Node Type": "Index Scan", "Parent Relationship": "Outer", "Scan Direction": "Forward", "Index Name": "part_kpey", "Relation Name": "part", "Alias": "part", "Startup Cost": 0.0, "Total Cost": 105803.25, "Plan Rows": 13538, "Plan Width": 8, "Actual Startup Time": 0.028, "Actual Total Time": 1463.221, "Actual Rows": 13163, "Actual Loops": 1, "Filter": "((p_type)::text = 'SMALL PLATED COPPER'::text)", "Rows Removed by Filter": 1986837}, {"Node Type": "Index Scan", "Parent Relationship": "Inner", "Scan Direction": "Forward", "Index Name": "idx_lineitem_part_supp", "Relation Name": "lineitem", "Alias": "lineitem", "Startup Cost": 0.0, "Total Cost": 27.61, "Plan Rows": 6, "Plan Width": 40, "Actual Startup Time": 154.362, "Actual Total Time": 1188.764, "Actual Rows": 395341, "Actual Loops": 13163, "Index Cond": "(l_partkey = part.p_partkey)", "Rows Removed by Index Recheck": 0}]}, {"Node Type": "Index Scan", "Parent Relationship": "Inner", "Scan Direction": "Forward", "Index Name": "orders_pkey", "Relation Name": "orders", "Alias": "orders", "Startup Cost": 0.0, "Total Cost": 0.3, "Plan Rows": 1, "Plan Width": 24, "Actual Startup Time": 3309.298, "Actual Total Time": 3309.298, "Actual Rows": 119765, "Actual Loops": 395341, "Index Cond": "(o_orderkey = lineitem.l_orderkey)", "Rows Removed by Index Recheck": 0, "Filter": "((o_orderdate >= '1995-01-01 00:00:00'::timestamp(0) without time zone) AND (o_orderdate <= '1996-12-31 00:00:00'::timestamp(0) without time zone))", "Rows Removed by Filter": 275576}]}, {"Node Type": "Hash", "Parent Relationship": "Inner", "Startup Cost": 5334.54, "Total Cost": 5334.54, "Plan Rows": 100000, "Plan Width": 12, "Actual Startup Time": 108.093, "Actual Total Time": 108.093, "Actual Rows": 100000, "Actual Loops": 1, "Hash Buckets": 131072, "Hash Batches": 1, "Original Hash Batches": 1, "Peak Memory Usage": 4297, "Plans": [{"Node Type": "Index Scan", "Parent Relationship": "Outer", "Scan Direction": "Forward", "Index Name": "supplier_pkey", "Relation Name": "supplier", "Alias": "supplier", "Startup Cost": 0.0, "Total Cost": 5334.54, "Plan Rows": 100000, "Plan Width": 12, "Actual Startup Time": 0.021, "Actual Total Time": 80.1, "Actual Rows": 100000, "Actual Loops": 1}]}]}, {"Node Type": "Index Scan", "Parent Relationship": "Inner", "Scan Direction": "Forward", "Index Name": "customer_pkey", "Relation Name": "customer", "Alias": "customer", "Startup Cost": 0.0, "Total Cost": 0.31, "Plan Rows": 1, "Plan Width": 12, "Actual Startup Time": 884.223, "Actual Total Time": 884.223, "Actual Rows": 119765, "Actual Loops": 119765, "Index Cond": "(c_custkey = orders.o_custkey)", "Rows Removed by Index Recheck": 0}]}, {"Node Type": "Hash", "Parent Relationship": "Inner", "Startup Cost": 20.74, "Total Cost": 20.74, "Plan Rows": 5, "Plan Width": 4, "Actual Startup Time": 0.027, "Actual Total Time": 0.027, "Actual Rows": 5, "Actual Loops": 1, "Hash Buckets": 32768, "Hash Batches": 1, "Original Hash Batches": 1, "Peak Memory Usage": 1, "Plans": [{"Node Type": "Nested Loop", "Parent Relationship": "Outer", "Join Type": "Inner", "Startup Cost": 0.0, "Total Cost": 20.74, "Plan Rows": 5, "Plan Width": 4, "Actual Startup Time": 0.018, "Actual Total Time": 0.024, "Actual Rows": 5, "Actual Loops": 1, "Inner Unique": false, "Plans": [{"Node Type": "Index Scan", "Parent Relationship": "Outer", "Scan Direction": "Forward", "Index Name": "region_pkey", "Relation Name": "region", "Alias": "region", "Startup Cost": 0.0, "Total Cost": 12.34, "Plan Rows": 1, "Plan Width": 4, "Actual Startup Time": 0.009, "Actual Total Time": 0.01, "Actual Rows": 1, "Actual Loops": 1, "Filter": "(r_name = 'ASIA'::bpchar)", "Rows Removed by Filter": 4}, {"Node Type": "Index Scan", "Parent Relationship": "Inner", "Scan Direction": "Forward", "Index Name": "idx_nation_regionkey", "Relation Name": "nation", "Alias": "n1", "Startup Cost": 0.0, "Total Cost": 8.35, "Plan Rows": 5, "Plan Width": 8, "Actual Startup Time": 0.007, "Actual Total Time": 0.009, "Actual Rows": 5, "Actual Loops": 1, "Index Cond": "(n_regionkey = region.r_regionkey)", "Rows Removed by Index Recheck": 0}]}]}]}, {"Node Type": "Hash", "Parent Relationship": "Inner", "Startup Cost": 12.62, "Total Cost": 12.62, "Plan Rows": 25, "Plan Width": 30, "Actual Startup Time": 0.04, "Actual Total Time": 0.04, "Actual Rows": 25, "Actual Loops": 1, "Hash Buckets": 32768, "Hash Batches": 1, "Original Hash Batches": 1, "Peak Memory Usage": 2, "Plans": [{"Node Type": "Index Scan", "Parent Relationship": "Outer", "Scan Direction": "Forward", "Index Name": "nation_pkey", "Relation Name": "nation", "Alias": "n2", "Startup Cost": 0.0, "Total Cost": 12.62, "Plan Rows": 25, "Plan Width": 30, "Actual Startup Time": 0.011, "Actual Total Time": 0.027, "Actual Rows": 25, "Actual Loops": 1}]}]}]}]}, "Triggers": [], "Planner Runtime": 3, "Total Runtime": 7594.11, "Unique SQL Id": 3681808042}}, "(1, 70)": {"explain_plan": {"Plan": {"Node Type": "Sort", "Startup Cost": 816569.87, "Total Cost": 816569.89, "Plan Rows": 10, "Plan Width": 50, "Sort Key": ["(date_part('year'::text, orders.o_orderdate))"], "Plans": [{"Node Type": "Aggregate", "Strategy": "Hashed", "Parent Relationship": "Outer", "Startup Cost": 816569.55, "Total Cost": 816569.7, "Plan Rows": 10, "Plan Width": 50, "Group By Key": ["date_part('year'::text, orders.o_orderdate)"], "Plans": [{"Node Type": "Hash Join", "Parent Relationship": "Outer", "Join Type": "Inner", "Startup Cost": 45453.88, "Total Cost": 816449.73, "Plan Rows": 5991, "Plan Width": 50, "Inner Unique": true, "Hash Cond": "(supplier.s_nationkey = n2.n_nationkey)", "Plans": [{"Node Type": "Hash Join", "Parent Relationship": "Outer", "Join Type": "Inner", "Startup Cost": 45452.32, "Total Cost": 816350.82, "Plan Rows": 5991, "Plan Width": 28, "Inner Unique": false, "Hash Cond": "(orders.o_custkey = customer.c_custkey)", "Plans": [{"Node Type": "Hash Join", "Parent Relationship": "Outer", "Join Type": "Inner", "Startup Cost": 4537.47, "Total Cost": 775184.07, "Plan Rows": 51198, "Plan Width": 36, "Inner Unique": true, "Hash Cond": "(lineitem.l_suppkey = supplier.s_suppkey)", "Plans": [{"Node Type": "Nested Loop", "Parent Relationship": "Outer", "Join Type": "Inner", "Startup Cost": 4.47, "Total Cost": 770271.73, "Plan Rows": 86479, "Plan Width": 40, "Inner Unique": true, "Plans": [{"Node Type": "Nested Loop", "Parent Relationship": "Outer", "Join Type": "Inner", "Startup Cost": 4.21, "Total Cost": 450147.9, "Plan Rows": 74637, "Plan Width": 32, "Inner Unique": false, "Plans": [{"Node Type": "Seq Scan", "Parent Relationship": "Outer", "Relation Name": "part", "Alias": "part", "Startup Cost": 0.0, "Total Cost": 66944.0, "Plan Rows": 13538, "Plan Width": 8, "Filter": "((p_type)::text = 'SMALL PLATED COPPER'::text)"}, {"Node Type": "Bitmap Heap Scan", "Parent Relationship": "Inner", "Relation Name": "lineitem", "Alias": "lineitem", "Startup Cost": 4.21, "Total Cost": 28.25, "Plan Rows": 6, "Plan Width": 40, "Recheck Cond": "(l_partkey = part.p_partkey)", "Plans": [{"Node Type": "Bitmap Index Scan", "Parent Relationship": "Outer", "Index Name": "idx_lineitem_part_supp", "Startup Cost": 0.0, "Total Cost": 4.21, "Plan Rows": 6, "Plan Width": 0, "Index Cond": "(l_partkey = part.p_partkey)"}]}]}, {"Node Type": "Bitmap Heap Scan", "Parent Relationship": "Inner", "Relation Name": "orders", "Alias": "orders", "Startup Cost": 0.26, "Total Cost": 4.28, "Plan Rows": 1, "Plan Width": 24, "Recheck Cond": "(o_orderkey = lineitem.l_orderkey)", "Filter": "((o_orderdate >= '1995-01-01 00:00:00'::timestamp(0) without time zone) AND (o_orderdate <= '1996-12-31 00:00:00'::timestamp(0) without time zone))", "Plans": [{"Node Type": "Bitmap Index Scan", "Parent Relationship": "Outer", "Index Name": "orders_pkey", "Startup Cost": 0.0, "Total Cost": 0.26, "Plan Rows": 1, "Plan Width": 0, "Index Cond": "(o_orderkey = lineitem.l_orderkey)"}]}]}, {"Node Type": "Hash", "Parent Relationship": "Inner", "Startup Cost": 3283.0, "Total Cost": 3283.0, "Plan Rows": 100000, "Plan Width": 12, "Plans": [{"Node Type": "Seq Scan", "Parent Relationship": "Outer", "Relation Name": "supplier", "Alias": "supplier", "Startup Cost": 0.0, "Total Cost": 3283.0, "Plan Rows": 100000, "Plan Width": 12}]}]}, {"Node Type": "Hash", "Parent Relationship": "Inner", "Startup Cost": 37164.85, "Total Cost": 37164.85, "Plan Rows": 300000, "Plan Width": 8, "Plans": [{"Node Type": "Nested Loop", "Parent Relationship": "Outer", "Join Type": "Inner", "Startup Cost": 1031.44, "Total Cost": 37164.85, "Plan Rows": 300000, "Plan Width": 8, "Inner Unique": false, "Plans": [{"Node Type": "Hash Join", "Parent Relationship": "Outer", "Join Type": "Inner", "Startup Cost": 1.07, "Total Cost": 2.44, "Plan Rows": 5, "Plan Width": 4, "Inner Unique": true, "Hash Cond": "(n1.n_regionkey = region.r_regionkey)", "Plans": [{"Node Type": "Seq Scan", "Parent Relationship": "Outer", "Relation Name": "nation", "Alias": "n1", "Startup Cost": 0.0, "Total Cost": 1.25, "Plan Rows": 25, "Plan Width": 8}, {"Node Type": "Hash", "Parent Relationship": "Inner", "Startup Cost": 1.06, "Total Cost": 1.06, "Plan Rows": 1, "Plan Width": 4, "Plans": [{"Node Type": "Seq Scan", "Parent Relationship": "Outer", "Relation Name": "region", "Alias": "region", "Startup Cost": 0.0, "Total Cost": 1.06, "Plan Rows": 1, "Plan Width": 4, "Filter": "(r_name = 'ASIA'::bpchar)"}]}]}, {"Node Type": "Bitmap Heap Scan", "Parent Relationship": "Inner", "Relation Name": "customer", "Alias": "customer", "Startup Cost": 1030.37, "Total Cost": 6832.48, "Plan Rows": 60000, "Plan Width": 12, "Recheck Cond": "(c_nationkey = n1.n_nationkey)", "Plans": [{"Node Type": "Bitmap Index Scan", "Parent Relationship": "Outer", "Index Name": "idx_customer_nationkey", "Startup Cost": 0.0, "Total Cost": 1015.37, "Plan Rows": 60000, "Plan Width": 0, "Index Cond": "(c_nationkey = n1.n_nationkey)"}]}]}]}]}, {"Node Type": "Hash", "Parent Relationship": "Inner", "Startup Cost": 1.25, "Total Cost": 1.25, "Plan Rows": 25, "Plan Width": 30, "Plans": [{"Node Type": "Seq Scan", "Parent Relationship": "Outer", "Relation Name": "nation", "Alias": "n2", "Startup Cost": 0.0, "Total Cost": 1.25, "Plan Rows": 25, "Plan Width": 30}]}]}]}]}, "Unique SQL Id": 3681808042, "Planner Runtime": 5}, "explain_analyze_plan": {"Plan": {"Node Type": "Sort", "Startup Cost": 816569.87, "Total Cost": 816569.89, "Plan Rows": 10, "Plan Width": 50, "Actual Startup Time": 7685.068, "Actual Total Time": 7685.068, "Actual Rows": 2, "Actual Loops": 1, "Sort Key": ["(date_part('year'::text, orders.o_orderdate))"], "Sort Method": "quicksort", "Sort Space Used": 25, "Sort Space Type": "Memory", "Plans": [{"Node Type": "Aggregate", "Strategy": "Hashed", "Parent Relationship": "Outer", "Startup Cost": 816569.55, "Total Cost": 816569.7, "Plan Rows": 10, "Plan Width": 50, "Actual Startup Time": 7685.049, "Actual Total Time": 7685.05, "Actual Rows": 2, "Actual Loops": 1, "Group By Key": ["date_part('year'::text, orders.o_orderdate)"], "Plans": [{"Node Type": "Hash Join", "Parent Relationship": "Outer", "Join Type": "Inner", "Startup Cost": 45453.88, "Total Cost": 816449.73, "Plan Rows": 5991, "Plan Width": 50, "Actual Startup Time": 829.652, "Actual Total Time": 7644.832, "Actual Rows": 23929, "Actual Loops": 1, "Inner Unique": true, "Hash Cond": "(supplier.s_nationkey = n2.n_nationkey)", "Plans": [{"Node Type": "Hash Join", "Parent Relationship": "Outer", "Join Type": "Inner", "Startup Cost": 45452.32, "Total Cost": 816350.82, "Plan Rows": 5991, "Plan Width": 28, "Actual Startup Time": 829.553, "Actual Total Time": 7610.529, "Actual Rows": 23929, "Actual Loops": 1, "Inner Unique": false, "Hash Cond": "(orders.o_custkey = customer.c_custkey)", "Plans": [{"Node Type": "Hash Join", "Parent Relationship": "Outer", "Join Type": "Inner", "Startup Cost": 4537.47, "Total Cost": 775184.07, "Plan Rows": 51198, "Plan Width": 36, "Actual Startup Time": 66.093, "Actual Total Time": 6779.759, "Actual Rows": 119765, "Actual Loops": 1, "Inner Unique": true, "Hash Cond": "(lineitem.l_suppkey = supplier.s_suppkey)", "Plans": [{"Node Type": "Nested Loop", "Parent Relationship": "Outer", "Join Type": "Inner", "Startup Cost": 4.47, "Total Cost": 770271.73, "Plan Rows": 86479, "Plan Width": 40, "Actual Startup Time": 0.151, "Actual Total Time": 6630.0, "Actual Rows": 119765, "Actual Loops": 1, "Inner Unique": true, "Plans": [{"Node Type": "Nested Loop", "Parent Relationship": "Outer", "Join Type": "Inner", "Startup Cost": 4.21, "Total Cost": 450147.9, "Plan Rows": 74637, "Plan Width": 32, "Actual Startup Time": 0.092, "Actual Total Time": 2343.852, "Actual Rows": 395341, "Actual Loops": 1, "Inner Unique": false, "Plans": [{"Node Type": "Seq Scan", "Parent Relationship": "Outer", "Relation Name": "part", "Alias": "part", "Startup Cost": 0.0, "Total Cost": 66944.0, "Plan Rows": 13538, "Plan Width": 8, "Actual Startup Time": 0.017, "Actual Total Time": 777.26, "Actual Rows": 13163, "Actual Loops": 1, "Filter": "((p_type)::text = 'SMALL PLATED COPPER'::text)", "Rows Removed by Filter": 1986837}, {"Node Type": "Bitmap Heap Scan", "Parent Relationship": "Inner", "Relation Name": "lineitem", "Alias": "lineitem", "Startup Cost": 4.21, "Total Cost": 28.25, "Plan Rows": 6, "Plan Width": 40, "Actual Startup Time": 263.201, "Actual Total Time": 1448.135, "Actual Rows": 395341, "Actual Loops": 13163, "Recheck Cond": "(l_partkey = part.p_partkey)", "Rows Removed by Index Recheck": 0, "Exact Heap Blocks": 395337, "Lossy Heap Blocks": 395337, "Plans": [{"Node Type": "Bitmap Index Scan", "Parent Relationship": "Outer", "Index Name": "idx_lineitem_part_supp", "Startup Cost": 0.0, "Total Cost": 4.21, "Plan Rows": 6, "Plan Width": 0, "Actual Startup Time": 166.06, "Actual Total Time": 166.06, "Actual Rows": 395341, "Actual Loops": 13163, "Index Cond": "(l_partkey = part.p_partkey)"}]}]}, {"Node Type": "Bitmap Heap Scan", "Parent Relationship": "Inner", "Relation Name": "orders", "Alias": "orders", "Startup Cost": 0.26, "Total Cost": 4.28, "Plan Rows": 1, "Plan Width": 24, "Actual Startup Time": 3806.361, "Actual Total Time": 3806.361, "Actual Rows": 119765, "Actual Loops": 395341, "Recheck Cond": "(o_orderkey = lineitem.l_orderkey)", "Rows Removed by Index Recheck": 0, "Filter": "((o_orderdate >= '1995-01-01 00:00:00'::timestamp(0) without time zone) AND (o_orderdate <= '1996-12-31 00:00:00'::timestamp(0) without time zone))", "Rows Removed by Filter": 275576, "Exact Heap Blocks": 395341, "Lossy Heap Blocks": 395341, "Plans": [{"Node Type": "Bitmap Index Scan", "Parent Relationship": "Outer", "Index Name": "orders_pkey", "Startup Cost": 0.0, "Total Cost": 0.26, "Plan Rows": 1, "Plan Width": 0, "Actual Startup Time": 2356.074, "Actual Total Time": 2356.074, "Actual Rows": 395341, "Actual Loops": 395341, "Index Cond": "(o_orderkey = lineitem.l_orderkey)"}]}]}, {"Node Type": "Hash", "Parent Relationship": "Inner", "Startup Cost": 3283.0, "Total Cost": 3283.0, "Plan Rows": 100000, "Plan Width": 12, "Actual Startup Time": 65.833, "Actual Total Time": 65.833, "Actual Rows": 100000, "Actual Loops": 1, "Hash Buckets": 131072, "Hash Batches": 1, "Original Hash Batches": 1, "Peak Memory Usage": 4297, "Plans": [{"Node Type": "Seq Scan", "Parent Relationship": "Outer", "Relation Name": "supplier", "Alias": "supplier", "Startup Cost": 0.0, "Total Cost": 3283.0, "Plan Rows": 100000, "Plan Width": 12, "Actual Startup Time": 0.019, "Actual Total Time": 39.38, "Actual Rows": 100000, "Actual Loops": 1}]}]}, {"Node Type": "Hash", "Parent Relationship": "Inner", "Startup Cost": 37164.85, "Total Cost": 37164.85, "Plan Rows": 300000, "Plan Width": 8, "Actual Startup Time": 763.021, "Actual Total Time": 763.021, "Actual Rows": 300270, "Actual Loops": 1, "Hash Buckets": 524288, "Hash Batches": 1, "Original Hash Batches": 1, "Peak Memory Usage": 11730, "Plans": [{"Node Type": "Nested Loop", "Parent Relationship": "Outer", "Join Type": "Inner", "Startup Cost": 1031.44, "Total Cost": 37164.85, "Plan Rows": 300000, "Plan Width": 8, "Actual Startup Time": 19.426, "Actual Total Time": 670.53, "Actual Rows": 300270, "Actual Loops": 1, "Inner Unique": false, "Plans": [{"Node Type": "Hash Join", "Parent Relationship": "Outer", "Join Type": "Inner", "Startup Cost": 1.07, "Total Cost": 2.44, "Plan Rows": 5, "Plan Width": 4, "Actual Startup Time": 0.077, "Actual Total Time": 0.142, "Actual Rows": 5, "Actual Loops": 1, "Inner Unique": true, "Hash Cond": "(n1.n_regionkey = region.r_regionkey)", "Plans": [{"Node Type": "Seq Scan", "Parent Relationship": "Outer", "Relation Name": "nation", "Alias": "n1", "Startup Cost": 0.0, "Total Cost": 1.25, "Plan Rows": 25, "Plan Width": 8, "Actual Startup Time": 0.015, "Actual Total Time": 0.036, "Actual Rows": 25, "Actual Loops": 1}, {"Node Type": "Hash", "Parent Relationship": "Inner", "Startup Cost": 1.06, "Total Cost": 1.06, "Plan Rows": 1, "Plan Width": 4, "Actual Startup Time": 0.021, "Actual Total Time": 0.021, "Actual Rows": 1, "Actual Loops": 1, "Hash Buckets": 32768, "Hash Batches": 1, "Original Hash Batches": 1, "Peak Memory Usage": 1, "Plans": [{"Node Type": "Seq Scan", "Parent Relationship": "Outer", "Relation Name": "region", "Alias": "region", "Startup Cost": 0.0, "Total Cost": 1.06, "Plan Rows": 1, "Plan Width": 4, "Actual Startup Time": 0.015, "Actual Total Time": 0.016, "Actual Rows": 1, "Actual Loops": 1, "Filter": "(r_name = 'ASIA'::bpchar)", "Rows Removed by Filter": 4}]}]}, {"Node Type": "Bitmap Heap Scan", "Parent Relationship": "Inner", "Relation Name": "customer", "Alias": "customer", "Startup Cost": 1030.37, "Total Cost": 6832.48, "Plan Rows": 60000, "Plan Width": 12, "Actual Startup Time": 91.328, "Actual Total Time": 611.675, "Actual Rows": 300270, "Actual Loops": 5, "Recheck Cond": "(c_nationkey = n1.n_nationkey)", "Rows Removed by Index Recheck": 0, "Exact Heap Blocks": 150032, "Lossy Heap Blocks": 150032, "Plans": [{"Node Type": "Bitmap Index Scan", "Parent Relationship": "Outer", "Index Name": "idx_customer_nationkey", "Startup Cost": 0.0, "Total Cost": 1015.37, "Plan Rows": 60000, "Plan Width": 0, "Actual Startup Time": 58.447, "Actual Total Time": 58.447, "Actual Rows": 300270, "Actual Loops": 5, "Index Cond": "(c_nationkey = n1.n_nationkey)"}]}]}]}]}, {"Node Type": "Hash", "Parent Relationship": "Inner", "Startup Cost": 1.25, "Total Cost": 1.25, "Plan Rows": 25, "Plan Width": 30, "Actual Startup Time": 0.036, "Actual Total Time": 0.036, "Actual Rows": 25, "Actual Loops": 1, "Hash Buckets": 32768, "Hash Batches": 1, "Original Hash Batches": 1, "Peak Memory Usage": 2, "Plans": [{"Node Type": "Seq Scan", "Parent Relationship": "Outer", "Relation Name": "nation", "Alias": "n2", "Startup Cost": 0.0, "Total Cost": 1.25, "Plan Rows": 25, "Plan Width": 30, "Actual Startup Time": 0.017, "Actual Total Time": 0.025, "Actual Rows": 25, "Actual Loops": 1}]}]}]}]}, "Triggers": [], "Planner Runtime": 3, "Total Runtime": 7685.556, "Unique SQL Id": 3681808042}}, "(1, 71)": {"explain_plan": {"Plan": {"Node Type": "Sort", "Startup Cost": 66661878.45, "Total Cost": 66661878.48, "Plan Rows": 10, "Plan Width": 50, "Sort Key": ["(date_part('year'::text, orders.o_orderdate))"], "Plans": [{"Node Type": "Aggregate", "Strategy": "Hashed", "Parent Relationship": "Outer", "Startup Cost": 66661878.14, "Total Cost": 66661878.29, "Plan Rows": 10, "Plan Width": 50, "Group By Key": ["date_part('year'::text, orders.o_orderdate)"], "Plans": [{"Node Type": "Nested Loop", "Parent Relationship": "Outer", "Join Type": "Inner", "Startup Cost": 115915.31, "Total Cost": 66661758.32, "Plan Rows": 5991, "Plan Width": 50, "Inner Unique": true, "Plans": [{"Node Type": "Nested Loop", "Parent Relationship": "Outer", "Join Type": "Inner", "Startup Cost": 115915.05, "Total Cost": 66636099.88, "Plan Rows": 5991, "Plan Width": 28, "Inner Unique": true, "Plans": [{"Node Type": "Nested Loop", "Parent Relationship": "Outer", "Join Type": "Inner", "Startup Cost": 115914.79, "Total Cost": 66562068.23, "Plan Rows": 17296, "Plan Width": 32, "Inner Unique": true, "Plans": [{"Node Type": "Nested Loop", "Parent Relationship": "Outer", "Join Type": "Inner", "Startup Cost": 115914.53, "Total Cost": 45938880.46, "Plan Rows": 4814867, "Plan Width": 40, "Inner Unique": false, "Plans": [{"Node Type": "Nested Loop", "Parent Relationship": "Outer", "Join Type": "Inner", "Startup Cost": 115914.01, "Total Cost": 43432501.27, "Plan Rows": 530296, "Plan Width": 16, "Inner Unique": true, "Plans": [{"Node Type": "Nested Loop", "Parent Relationship": "Outer", "Join Type": "Inner", "Startup Cost": 115913.43, "Total Cost": 31228406.3, "Plan Rows": 2651479, "Plan Width": 20, "Inner Unique": true, "Plans": [{"Node Type": "Nested Loop", "Parent Relationship": "Outer", "Join Type": "Inner", "Startup Cost": 115913.17, "Total Cost": 19879399.17, "Plan Rows": 2651479, "Plan Width": 20, "Inner Unique": true, "Plans": [{"Node Type": "Bitmap Heap Scan", "Parent Relationship": "Outer", "Relation Name": "orders", "Alias": "orders", "Startup Cost": 115912.91, "Total Cost": 460311.42, "Plan Rows": 4531967, "Plan Width": 24, "Recheck Cond": "((o_orderdate >= '1995-01-01 00:00:00'::timestamp(0) without time zone) AND (o_orderdate <= '1996-12-31 00:00:00'::timestamp(0) without time zone)), (LLVM Optimized)", "Plans": [{"Node Type": "Bitmap Index Scan", "Parent Relationship": "Outer", "Index Name": "idx_orders_orderdate", "Startup Cost": 0.0, "Total Cost": 114779.92, "Plan Rows": 4531967, "Plan Width": 0, "Index Cond": "((o_orderdate >= '1995-01-01 00:00:00'::timestamp(0) without time zone) AND (o_orderdate <= '1996-12-31 00:00:00'::timestamp(0) without time zone))"}]}, {"Node Type": "Bitmap Heap Scan", "Parent Relationship": "Inner", "Relation Name": "customer", "Alias": "customer", "Startup Cost": 0.26, "Total Cost": 4.27, "Plan Rows": 1, "Plan Width": 12, "Recheck Cond": "(c_custkey = orders.o_custkey)", "Plans": [{"Node Type": "Bitmap Index Scan", "Parent Relationship": "Outer", "Index Name": "customer_pkey", "Startup Cost": 0.0, "Total Cost": 0.26, "Plan Rows": 1, "Plan Width": 0, "Index Cond": "(c_custkey = orders.o_custkey)"}]}]}, {"Node Type": "Bitmap Heap Scan", "Parent Relationship": "Inner", "Relation Name": "nation", "Alias": "n1", "Startup Cost": 0.26, "Total Cost": 4.27, "Plan Rows": 1, "Plan Width": 8, "Recheck Cond": "(n_nationkey = customer.c_nationkey)", "Plans": [{"Node Type": "Bitmap Index Scan", "Parent Relationship": "Outer", "Index Name": "nation_pkey", "Startup Cost": 0.0, "Total Cost": 0.26, "Plan Rows": 1, "Plan Width": 0, "Index Cond": "(n_nationkey = customer.c_nationkey)"}]}]}, {"Node Type": "Bitmap Heap Scan", "Parent Relationship": "Inner", "Relation Name": "region", "Alias": "region", "Startup Cost": 0.58, "Total Cost": 4.59, "Plan Rows": 1, "Plan Width": 4, "Recheck Cond": "(r_regionkey = n1.n_regionkey)", "Filter": "(r_name = 'ASIA'::bpchar)", "Plans": [{"Node Type": "Bitmap Index Scan", "Parent Relationship": "Outer", "Index Name": "region_pkey", "Startup Cost": 0.0, "Total Cost": 0.58, "Plan Rows": 1, "Plan Width": 0, "Index Cond": "(r_regionkey = n1.n_regionkey)"}]}]}, {"Node Type": "Bitmap Heap Scan", "Parent Relationship": "Inner", "Relation Name": "lineitem", "Alias": "lineitem", "Startup Cost": 0.52, "Total Cost": 4.64, "Plan Rows": 9, "Plan Width": 40, "Recheck Cond": "(l_orderkey = orders.o_orderkey)", "Plans": [{"Node Type": "Bitmap Index Scan", "Parent Relationship": "Outer", "Index Name": "idx_lineitem_orderkey", "Startup Cost": 0.0, "Total Cost": 0.52, "Plan Rows": 9, "Plan Width": 0, "Index Cond": "(l_orderkey = orders.o_orderkey)"}]}]}, {"Node Type": "Bitmap Heap Scan", "Parent Relationship": "Inner", "Relation Name": "part", "Alias": "part", "Startup Cost": 0.26, "Total Cost": 4.27, "Plan Rows": 1, "Plan Width": 8, "Recheck Cond": "(p_partkey = lineitem.l_partkey)", "Filter": "((p_type)::text = 'SMALL PLATED COPPER'::text)", "Plans": [{"Node Type": "Bitmap Index Scan", "Parent Relationship": "Outer", "Index Name": "part_kpey", "Startup Cost": 0.0, "Total Cost": 0.26, "Plan Rows": 1, "Plan Width": 0, "Index Cond": "(p_partkey = lineitem.l_partkey)"}]}]}, {"Node Type": "Bitmap Heap Scan", "Parent Relationship": "Inner", "Relation Name": "supplier", "Alias": "supplier", "Startup Cost": 0.26, "Total Cost": 4.27, "Plan Rows": 1, "Plan Width": 12, "Recheck Cond": "(s_suppkey = lineitem.l_suppkey)", "Plans": [{"Node Type": "Bitmap Index Scan", "Parent Relationship": "Outer", "Index Name": "supplier_pkey", "Startup Cost": 0.0, "Total Cost": 0.26, "Plan Rows": 1, "Plan Width": 0, "Index Cond": "(s_suppkey = lineitem.l_suppkey)"}]}]}, {"Node Type": "Bitmap Heap Scan", "Parent Relationship": "Inner", "Relation Name": "nation", "Alias": "n2", "Startup Cost": 0.26, "Total Cost": 4.27, "Plan Rows": 1, "Plan Width": 30, "Recheck Cond": "(n_nationkey = supplier.s_nationkey)", "Plans": [{"Node Type": "Bitmap Index Scan", "Parent Relationship": "Outer", "Index Name": "nation_pkey", "Startup Cost": 0.0, "Total Cost": 0.26, "Plan Rows": 1, "Plan Width": 0, "Index Cond": "(n_nationkey = supplier.s_nationkey)"}]}]}]}]}, "Unique SQL Id": 3681808042, "Planner Runtime": 4}, "explain_analyze_plan": null}, "(1, 72)": {"explain_plan": {"Plan": {"Node Type": "Sort", "Startup Cost": 486022.68, "Total Cost": 486022.71, "Plan Rows": 10, "Plan Width": 50, "Sort Key": ["(date_part('year'::text, orders.o_orderdate))"], "Plans": [{"Node Type": "Aggregate", "Strategy": "Hashed", "Parent Relationship": "Outer", "Startup Cost": 486022.37, "Total Cost": 486022.52, "Plan Rows": 10, "Plan Width": 50, "Group By Key": ["date_part('year'::text, orders.o_orderdate)"], "Plans": [{"Node Type": "Hash Join", "Parent Relationship": "Outer", "Join Type": "Inner", "Startup Cost": 4537.06, "Total Cost": 485902.55, "Plan Rows": 5991, "Plan Width": 50, "Inner Unique": true, "Hash Cond": "(supplier.s_nationkey = n2.n_nationkey)", "Plans": [{"Node Type": "Hash Join", "Parent Relationship": "Outer", "Join Type": "Inner", "Startup Cost": 4535.5, "Total Cost": 485803.63, "Plan Rows": 5991, "Plan Width": 28, "Inner Unique": false, "Hash Cond": "(customer.c_nationkey = n1.n_nationkey)", "Plans": [{"Node Type": "Nested Loop", "Parent Relationship": "Outer", "Join Type": "Inner", "Startup Cost": 4533.0, "Total Cost": 485661.65, "Plan Rows": 29954, "Plan Width": 32, "Inner Unique": true, "Plans": [{"Node Type": "Hash Join", "Parent Relationship": "Outer", "Join Type": "Inner", "Startup Cost": 4533.0, "Total Cost": 469409.78, "Plan Rows": 51198, "Plan Width": 36, "Inner Unique": true, "Hash Cond": "(lineitem.l_suppkey = supplier.s_suppkey)", "Plans": [{"Node Type": "Nested Loop", "Parent Relationship": "Outer", "Join Type": "Inner", "Startup Cost": 0.0, "Total Cost": 464497.44, "Plan Rows": 86479, "Plan Width": 40, "Inner Unique": true, "Plans": [{"Node Type": "Nested Loop", "Parent Relationship": "Outer", "Join Type": "Inner", "Startup Cost": 0.0, "Total Cost": 441564.57, "Plan Rows": 74637, "Plan Width": 32, "Inner Unique": false, "Plans": [{"Node Type": "Seq Scan", "Parent Relationship": "Outer", "Relation Name": "part", "Alias": "part", "Startup Cost": 0.0, "Total Cost": 66944.0, "Plan Rows": 13538, "Plan Width": 8, "Filter": "((p_type)::text = 'SMALL PLATED COPPER'::text)"}, {"Node Type": "Index Scan", "Parent Relationship": "Inner", "Scan Direction": "Forward", "Index Name": "idx_lineitem_part_supp", "Relation Name": "lineitem", "Alias": "lineitem", "Startup Cost": 0.0, "Total Cost": 27.61, "Plan Rows": 6, "Plan Width": 40, "Index Cond": "(l_partkey = part.p_partkey)"}]}, {"Node Type": "Index Scan", "Parent Relationship": "Inner", "Scan Direction": "Forward", "Index Name": "orders_pkey", "Relation Name": "orders", "Alias": "orders", "Startup Cost": 0.0, "Total Cost": 0.3, "Plan Rows": 1, "Plan Width": 24, "Index Cond": "(o_orderkey = lineitem.l_orderkey)", "Filter": "((o_orderdate >= '1995-01-01 00:00:00'::timestamp(0) without time zone) AND (o_orderdate <= '1996-12-31 00:00:00'::timestamp(0) without time zone))"}]}, {"Node Type": "Hash", "Parent Relationship": "Inner", "Startup Cost": 3283.0, "Total Cost": 3283.0, "Plan Rows": 100000, "Plan Width": 12, "Plans": [{"Node Type": "Seq Scan", "Parent Relationship": "Outer", "Relation Name": "supplier", "Alias": "supplier", "Startup Cost": 0.0, "Total Cost": 3283.0, "Plan Rows": 100000, "Plan Width": 12}]}]}, {"Node Type": "Index Scan", "Parent Relationship": "Inner", "Scan Direction": "Forward", "Index Name": "customer_pkey", "Relation Name": "customer", "Alias": "customer", "Startup Cost": 0.0, "Total Cost": 0.31, "Plan Rows": 1, "Plan Width": 12, "Index Cond": "(c_custkey = orders.o_custkey)"}]}, {"Node Type": "Hash", "Parent Relationship": "Inner", "Startup Cost": 2.44, "Total Cost": 2.44, "Plan Rows": 5, "Plan Width": 4, "Plans": [{"Node Type": "Hash Join", "Parent Relationship": "Outer", "Join Type": "Inner", "Startup Cost": 1.07, "Total Cost": 2.44, "Plan Rows": 5, "Plan Width": 4, "Inner Unique": true, "Hash Cond": "(n1.n_regionkey = region.r_regionkey)", "Plans": [{"Node Type": "Seq Scan", "Parent Relationship": "Outer", "Relation Name": "nation", "Alias": "n1", "Startup Cost": 0.0, "Total Cost": 1.25, "Plan Rows": 25, "Plan Width": 8}, {"Node Type": "Hash", "Parent Relationship": "Inner", "Startup Cost": 1.06, "Total Cost": 1.06, "Plan Rows": 1, "Plan Width": 4, "Plans": [{"Node Type": "Seq Scan", "Parent Relationship": "Outer", "Relation Name": "region", "Alias": "region", "Startup Cost": 0.0, "Total Cost": 1.06, "Plan Rows": 1, "Plan Width": 4, "Filter": "(r_name = 'ASIA'::bpchar)"}]}]}]}]}, {"Node Type": "Hash", "Parent Relationship": "Inner", "Startup Cost": 1.25, "Total Cost": 1.25, "Plan Rows": 25, "Plan Width": 30, "Plans": [{"Node Type": "Seq Scan", "Parent Relationship": "Outer", "Relation Name": "nation", "Alias": "n2", "Startup Cost": 0.0, "Total Cost": 1.25, "Plan Rows": 25, "Plan Width": 30}]}]}]}]}, "Unique SQL Id": 3681808042, "Planner Runtime": 5}, "explain_analyze_plan": {"Plan": {"Node Type": "Sort", "Startup Cost": 486022.68, "Total Cost": 486022.71, "Plan Rows": 10, "Plan Width": 50, "Actual Startup Time": 7085.978, "Actual Total Time": 7085.978, "Actual Rows": 2, "Actual Loops": 1, "Sort Key": ["(date_part('year'::text, orders.o_orderdate))"], "Sort Method": "quicksort", "Sort Space Used": 25, "Sort Space Type": "Memory", "Plans": [{"Node Type": "Aggregate", "Strategy": "Hashed", "Parent Relationship": "Outer", "Startup Cost": 486022.37, "Total Cost": 486022.52, "Plan Rows": 10, "Plan Width": 50, "Actual Startup Time": 7085.958, "Actual Total Time": 7085.959, "Actual Rows": 2, "Actual Loops": 1, "Group By Key": ["date_part('year'::text, orders.o_orderdate)"], "Plans": [{"Node Type": "Hash Join", "Parent Relationship": "Outer", "Join Type": "Inner", "Startup Cost": 4537.06, "Total Cost": 485902.55, "Plan Rows": 5991, "Plan Width": 50, "Actual Startup Time": 66.946, "Actual Total Time": 7049.829, "Actual Rows": 23929, "Actual Loops": 1, "Inner Unique": true, "Hash Cond": "(supplier.s_nationkey = n2.n_nationkey)", "Plans": [{"Node Type": "Hash Join", "Parent Relationship": "Outer", "Join Type": "Inner", "Startup Cost": 4535.5, "Total Cost": 485803.63, "Plan Rows": 5991, "Plan Width": 28, "Actual Startup Time": 66.804, "Actual Total Time": 7017.431, "Actual Rows": 23929, "Actual Loops": 1, "Inner Unique": false, "Hash Cond": "(customer.c_nationkey = n1.n_nationkey)", "Plans": [{"Node Type": "Nested Loop", "Parent Relationship": "Outer", "Join Type": "Inner", "Startup Cost": 4533.0, "Total Cost": 485661.65, "Plan Rows": 29954, "Plan Width": 32, "Actual Startup Time": 66.457, "Actual Total Time": 6979.652, "Actual Rows": 119765, "Actual Loops": 1, "Inner Unique": true, "Plans": [{"Node Type": "Hash Join", "Parent Relationship": "Outer", "Join Type": "Inner", "Startup Cost": 4533.0, "Total Cost": 469409.78, "Plan Rows": 51198, "Plan Width": 36, "Actual Startup Time": 66.415, "Actual Total Time": 5952.152, "Actual Rows": 119765, "Actual Loops": 1, "Inner Unique": true, "Hash Cond": "(lineitem.l_suppkey = supplier.s_suppkey)", "Plans": [{"Node Type": "Nested Loop", "Parent Relationship": "Outer", "Join Type": "Inner", "Startup Cost": 0.0, "Total Cost": 464497.44, "Plan Rows": 86479, "Plan Width": 40, "Actual Startup Time": 0.201, "Actual Total Time": 5807.717, "Actual Rows": 119765, "Actual Loops": 1, "Inner Unique": true, "Plans": [{"Node Type": "Nested Loop", "Parent Relationship": "Outer", "Join Type": "Inner", "Startup Cost": 0.0, "Total Cost": 441564.57, "Plan Rows": 74637, "Plan Width": 32, "Actual Startup Time": 0.041, "Actual Total Time": 2124.482, "Actual Rows": 395341, "Actual Loops": 1, "Inner Unique": false, "Plans": [{"Node Type": "Seq Scan", "Parent Relationship": "Outer", "Relation Name": "part", "Alias": "part", "Startup Cost": 0.0, "Total Cost": 66944.0, "Plan Rows": 13538, "Plan Width": 8, "Actual Startup Time": 0.019, "Actual Total Time": 779.977, "Actual Rows": 13163, "Actual Loops": 1, "Filter": "((p_type)::text = 'SMALL PLATED COPPER'::text)", "Rows Removed by Filter": 1986837}, {"Node Type": "Index Scan", "Parent Relationship": "Inner", "Scan Direction": "Forward", "Index Name": "idx_lineitem_part_supp", "Relation Name": "lineitem", "Alias": "lineitem", "Startup Cost": 0.0, "Total Cost": 27.61, "Plan Rows": 6, "Plan Width": 40, "Actual Startup Time": 157.19, "Actual Total Time": 1241.18, "Actual Rows": 395341, "Actual Loops": 13163, "Index Cond": "(l_partkey = part.p_partkey)", "Rows Removed by Index Recheck": 0}]}, {"Node Type": "Index Scan", "Parent Relationship": "Inner", "Scan Direction": "Forward", "Index Name": "orders_pkey", "Relation Name": "orders", "Alias": "orders", "Startup Cost": 0.0, "Total Cost": 0.3, "Plan Rows": 1, "Plan Width": 24, "Actual Startup Time": 3448.635, "Actual Total Time": 3448.635, "Actual Rows": 119765, "Actual Loops": 395341, "Index Cond": "(o_orderkey = lineitem.l_orderkey)", "Rows Removed by Index Recheck": 0, "Filter": "((o_orderdate >= '1995-01-01 00:00:00'::timestamp(0) without time zone) AND (o_orderdate <= '1996-12-31 00:00:00'::timestamp(0) without time zone))", "Rows Removed by Filter": 275576}]}, {"Node Type": "Hash", "Parent Relationship": "Inner", "Startup Cost": 3283.0, "Total Cost": 3283.0, "Plan Rows": 100000, "Plan Width": 12, "Actual Startup Time": 66.103, "Actual Total Time": 66.103, "Actual Rows": 100000, "Actual Loops": 1, "Hash Buckets": 131072, "Hash Batches": 1, "Original Hash Batches": 1, "Peak Memory Usage": 4297, "Plans": [{"Node Type": "Seq Scan", "Parent Relationship": "Outer", "Relation Name": "supplier", "Alias": "supplier", "Startup Cost": 0.0, "Total Cost": 3283.0, "Plan Rows": 100000, "Plan Width": 12, "Actual Startup Time": 0.01, "Actual Total Time": 39.744, "Actual Rows": 100000, "Actual Loops": 1}]}]}, {"Node Type": "Index Scan", "Parent Relationship": "Inner", "Scan Direction": "Forward", "Index Name": "customer_pkey", "Relation Name": "customer", "Alias": "customer", "Startup Cost": 0.0, "Total Cost": 0.31, "Plan Rows": 1, "Plan Width": 12, "Actual Startup Time": 919.538, "Actual Total Time": 919.538, "Actual Rows": 119765, "Actual Loops": 119765, "Index Cond": "(c_custkey = orders.o_custkey)", "Rows Removed by Index Recheck": 0}]}, {"Node Type": "Hash", "Parent Relationship": "Inner", "Startup Cost": 2.44, "Total Cost": 2.44, "Plan Rows": 5, "Plan Width": 4, "Actual Startup Time": 0.064, "Actual Total Time": 0.064, "Actual Rows": 5, "Actual Loops": 1, "Hash Buckets": 32768, "Hash Batches": 1, "Original Hash Batches": 1, "Peak Memory Usage": 1, "Plans": [{"Node Type": "Hash Join", "Parent Relationship": "Outer", "Join Type": "Inner", "Startup Cost": 1.07, "Total Cost": 2.44, "Plan Rows": 5, "Plan Width": 4, "Actual Startup Time": 0.05, "Actual Total Time": 0.058, "Actual Rows": 5, "Actual Loops": 1, "Inner Unique": true, "Hash Cond": "(n1.n_regionkey = region.r_regionkey)", "Plans": [{"Node Type": "Seq Scan", "Parent Relationship": "Outer", "Relation Name": "nation", "Alias": "n1", "Startup Cost": 0.0, "Total Cost": 1.25, "Plan Rows": 25, "Plan Width": 8, "Actual Startup Time": 0.006, "Actual Total Time": 0.008, "Actual Rows": 25, "Actual Loops": 1}, {"Node Type": "Hash", "Parent Relationship": "Inner", "Startup Cost": 1.06, "Total Cost": 1.06, "Plan Rows": 1, "Plan Width": 4, "Actual Startup Time": 0.012, "Actual Total Time": 0.012, "Actual Rows": 1, "Actual Loops": 1, "Hash Buckets": 32768, "Hash Batches": 1, "Original Hash Batches": 1, "Peak Memory Usage": 1, "Plans": [{"Node Type": "Seq Scan", "Parent Relationship": "Outer", "Relation Name": "region", "Alias": "region", "Startup Cost": 0.0, "Total Cost": 1.06, "Plan Rows": 1, "Plan Width": 4, "Actual Startup Time": 0.009, "Actual Total Time": 0.01, "Actual Rows": 1, "Actual Loops": 1, "Filter": "(r_name = 'ASIA'::bpchar)", "Rows Removed by Filter": 4}]}]}]}]}, {"Node Type": "Hash", "Parent Relationship": "Inner", "Startup Cost": 1.25, "Total Cost": 1.25, "Plan Rows": 25, "Plan Width": 30, "Actual Startup Time": 0.038, "Actual Total Time": 0.038, "Actual Rows": 25, "Actual Loops": 1, "Hash Buckets": 32768, "Hash Batches": 1, "Original Hash Batches": 1, "Peak Memory Usage": 2, "Plans": [{"Node Type": "Seq Scan", "Parent Relationship": "Outer", "Relation Name": "nation", "Alias": "n2", "Startup Cost": 0.0, "Total Cost": 1.25, "Plan Rows": 25, "Plan Width": 30, "Actual Startup Time": 0.015, "Actual Total Time": 0.021, "Actual Rows": 25, "Actual Loops": 1}]}]}]}]}, "Triggers": [], "Planner Runtime": 3, "Total Runtime": 7086.399, "Unique SQL Id": 3681808042}}, "(1, 73)": {"explain_plan": {"Plan": {"Node Type": "Sort", "Startup Cost": 526963.15, "Total Cost": 526963.18, "Plan Rows": 10, "Plan Width": 50, "Sort Key": ["(date_part('year'::text, orders.o_orderdate))"], "Plans": [{"Node Type": "Aggregate", "Strategy": "Hashed", "Parent Relationship": "Outer", "Startup Cost": 526962.83, "Total Cost": 526962.98, "Plan Rows": 10, "Plan Width": 50, "Group By Key": ["date_part('year'::text, orders.o_orderdate)"], "Plans": [{"Node Type": "Hash Join", "Parent Relationship": "Outer", "Join Type": "Inner", "Startup Cost": 6618.28, "Total Cost": 526843.01, "Plan Rows": 5991, "Plan Width": 50, "Inner Unique": true, "Hash Cond": "(supplier.s_nationkey = n2.n_nationkey)", "Plans": [{"Node Type": "Hash Join", "Parent Relationship": "Outer", "Join Type": "Inner", "Startup Cost": 6605.34, "Total Cost": 526732.72, "Plan Rows": 5991, "Plan Width": 28, "Inner Unique": false, "Hash Cond": "(customer.c_nationkey = n1.n_nationkey)", "Plans": [{"Node Type": "Nested Loop", "Parent Relationship": "Outer", "Join Type": "Inner", "Startup Cost": 6584.54, "Total Cost": 526572.45, "Plan Rows": 29954, "Plan Width": 32, "Inner Unique": true, "Plans": [{"Node Type": "Hash Join", "Parent Relationship": "Outer", "Join Type": "Inner", "Startup Cost": 6584.54, "Total Cost": 510320.57, "Plan Rows": 51198, "Plan Width": 36, "Inner Unique": true, "Hash Cond": "(lineitem.l_suppkey = supplier.s_suppkey)", "Plans": [{"Node Type": "Nested Loop", "Parent Relationship": "Outer", "Join Type": "Inner", "Startup Cost": 0.0, "Total Cost": 503356.69, "Plan Rows": 86479, "Plan Width": 40, "Inner Unique": true, "Plans": [{"Node Type": "Nested Loop", "Parent Relationship": "Outer", "Join Type": "Inner", "Startup Cost": 0.0, "Total Cost": 480423.82, "Plan Rows": 74637, "Plan Width": 32, "Inner Unique": false, "Plans": [{"Node Type": "Index Scan", "Parent Relationship": "Outer", "Scan Direction": "Forward", "Index Name": "part_kpey", "Relation Name": "part", "Alias": "part", "Startup Cost": 0.0, "Total Cost": 105803.25, "Plan Rows": 13538, "Plan Width": 8, "Filter": "((p_type)::text = 'SMALL PLATED COPPER'::text)"}, {"Node Type": "Index Scan", "Parent Relationship": "Inner", "Scan Direction": "Forward", "Index Name": "idx_lineitem_part_supp", "Relation Name": "lineitem", "Alias": "lineitem", "Startup Cost": 0.0, "Total Cost": 27.61, "Plan Rows": 6, "Plan Width": 40, "Index Cond": "(l_partkey = part.p_partkey)"}]}, {"Node Type": "Index Scan", "Parent Relationship": "Inner", "Scan Direction": "Forward", "Index Name": "orders_pkey", "Relation Name": "orders", "Alias": "orders", "Startup Cost": 0.0, "Total Cost": 0.3, "Plan Rows": 1, "Plan Width": 24, "Index Cond": "(o_orderkey = lineitem.l_orderkey)", "Filter": "((o_orderdate >= '1995-01-01 00:00:00'::timestamp(0) without time zone) AND (o_orderdate <= '1996-12-31 00:00:00'::timestamp(0) without time zone))"}]}, {"Node Type": "Hash", "Parent Relationship": "Inner", "Startup Cost": 5334.54, "Total Cost": 5334.54, "Plan Rows": 100000, "Plan Width": 12, "Plans": [{"Node Type": "Index Scan", "Parent Relationship": "Outer", "Scan Direction": "Forward", "Index Name": "supplier_pkey", "Relation Name": "supplier", "Alias": "supplier", "Startup Cost": 0.0, "Total Cost": 5334.54, "Plan Rows": 100000, "Plan Width": 12}]}]}, {"Node Type": "Index Scan", "Parent Relationship": "Inner", "Scan Direction": "Forward", "Index Name": "customer_pkey", "Relation Name": "customer", "Alias": "customer", "Startup Cost": 0.0, "Total Cost": 0.31, "Plan Rows": 1, "Plan Width": 12, "Index Cond": "(c_custkey = orders.o_custkey)"}]}, {"Node Type": "Hash", "Parent Relationship": "Inner", "Startup Cost": 20.74, "Total Cost": 20.74, "Plan Rows": 5, "Plan Width": 4, "Plans": [{"Node Type": "Nested Loop", "Parent Relationship": "Outer", "Join Type": "Inner", "Startup Cost": 0.0, "Total Cost": 20.74, "Plan Rows": 5, "Plan Width": 4, "Inner Unique": false, "Plans": [{"Node Type": "Index Scan", "Parent Relationship": "Outer", "Scan Direction": "Forward", "Index Name": "region_pkey", "Relation Name": "region", "Alias": "region", "Startup Cost": 0.0, "Total Cost": 12.34, "Plan Rows": 1, "Plan Width": 4, "Filter": "(r_name = 'ASIA'::bpchar)"}, {"Node Type": "Index Scan", "Parent Relationship": "Inner", "Scan Direction": "Forward", "Index Name": "idx_nation_regionkey", "Relation Name": "nation", "Alias": "n1", "Startup Cost": 0.0, "Total Cost": 8.35, "Plan Rows": 5, "Plan Width": 8, "Index Cond": "(n_regionkey = region.r_regionkey)"}]}]}]}, {"Node Type": "Hash", "Parent Relationship": "Inner", "Startup Cost": 12.62, "Total Cost": 12.62, "Plan Rows": 25, "Plan Width": 30, "Plans": [{"Node Type": "Index Scan", "Parent Relationship": "Outer", "Scan Direction": "Forward", "Index Name": "nation_pkey", "Relation Name": "nation", "Alias": "n2", "Startup Cost": 0.0, "Total Cost": 12.62, "Plan Rows": 25, "Plan Width": 30}]}]}]}]}, "Unique SQL Id": 3681808042, "Planner Runtime": 5}, "explain_analyze_plan": {"Plan": {"Node Type": "Sort", "Startup Cost": 526963.15, "Total Cost": 526963.18, "Plan Rows": 10, "Plan Width": 50, "Actual Startup Time": 7593.695, "Actual Total Time": 7593.695, "Actual Rows": 2, "Actual Loops": 1, "Sort Key": ["(date_part('year'::text, orders.o_orderdate))"], "Sort Method": "quicksort", "Sort Space Used": 25, "Sort Space Type": "Memory", "Plans": [{"Node Type": "Aggregate", "Strategy": "Hashed", "Parent Relationship": "Outer", "Startup Cost": 526962.83, "Total Cost": 526962.98, "Plan Rows": 10, "Plan Width": 50, "Actual Startup Time": 7593.678, "Actual Total Time": 7593.679, "Actual Rows": 2, "Actual Loops": 1, "Group By Key": ["date_part('year'::text, orders.o_orderdate)"], "Plans": [{"Node Type": "Hash Join", "Parent Relationship": "Outer", "Join Type": "Inner", "Startup Cost": 6618.28, "Total Cost": 526843.01, "Plan Rows": 5991, "Plan Width": 50, "Actual Startup Time": 108.834, "Actual Total Time": 7556.085, "Actual Rows": 23929, "Actual Loops": 1, "Inner Unique": true, "Hash Cond": "(supplier.s_nationkey = n2.n_nationkey)", "Plans": [{"Node Type": "Hash Join", "Parent Relationship": "Outer", "Join Type": "Inner", "Startup Cost": 6605.34, "Total Cost": 526732.72, "Plan Rows": 5991, "Plan Width": 28, "Actual Startup Time": 108.741, "Actual Total Time": 7523.733, "Actual Rows": 23929, "Actual Loops": 1, "Inner Unique": false, "Hash Cond": "(customer.c_nationkey = n1.n_nationkey)", "Plans": [{"Node Type": "Nested Loop", "Parent Relationship": "Outer", "Join Type": "Inner", "Startup Cost": 6584.54, "Total Cost": 526572.45, "Plan Rows": 29954, "Plan Width": 32, "Actual Startup Time": 108.431, "Actual Total Time": 7485.765, "Actual Rows": 119765, "Actual Loops": 1, "Inner Unique": true, "Plans": [{"Node Type": "Hash Join", "Parent Relationship": "Outer", "Join Type": "Inner", "Startup Cost": 6584.54, "Total Cost": 510320.57, "Plan Rows": 51198, "Plan Width": 36, "Actual Startup Time": 108.394, "Actual Total Time": 6490.682, "Actual Rows": 119765, "Actual Loops": 1, "Inner Unique": true, "Hash Cond": "(lineitem.l_suppkey = supplier.s_suppkey)", "Plans": [{"Node Type": "Nested Loop", "Parent Relationship": "Outer", "Join Type": "Inner", "Startup Cost": 0.0, "Total Cost": 503356.69, "Plan Rows": 86479, "Plan Width": 40, "Actual Startup Time": 0.182, "Actual Total Time": 6301.075, "Actual Rows": 119765, "Actual Loops": 1, "Inner Unique": true, "Plans": [{"Node Type": "Nested Loop", "Parent Relationship": "Outer", "Join Type": "Inner", "Startup Cost": 0.0, "Total Cost": 480423.82, "Plan Rows": 74637, "Plan Width": 32, "Actual Startup Time": 0.043, "Actual Total Time": 2753.622, "Actual Rows": 395341, "Actual Loops": 1, "Inner Unique": false, "Plans": [{"Node Type": "Index Scan", "Parent Relationship": "Outer", "Scan Direction": "Forward", "Index Name": "part_kpey", "Relation Name": "part", "Alias": "part", "Startup Cost": 0.0, "Total Cost": 105803.25, "Plan Rows": 13538, "Plan Width": 8, "Actual Startup Time": 0.028, "Actual Total Time": 1463.221, "Actual Rows": 13163, "Actual Loops": 1, "Filter": "((p_type)::text = 'SMALL PLATED COPPER'::text)", "Rows Removed by Filter": 1986837}, {"Node Type": "Index Scan", "Parent Relationship": "Inner", "Scan Direction": "Forward", "Index Name": "idx_lineitem_part_supp", "Relation Name": "lineitem", "Alias": "lineitem", "Startup Cost": 0.0, "Total Cost": 27.61, "Plan Rows": 6, "Plan Width": 40, "Actual Startup Time": 154.362, "Actual Total Time": 1188.764, "Actual Rows": 395341, "Actual Loops": 13163, "Index Cond": "(l_partkey = part.p_partkey)", "Rows Removed by Index Recheck": 0}]}, {"Node Type": "Index Scan", "Parent Relationship": "Inner", "Scan Direction": "Forward", "Index Name": "orders_pkey", "Relation Name": "orders", "Alias": "orders", "Startup Cost": 0.0, "Total Cost": 0.3, "Plan Rows": 1, "Plan Width": 24, "Actual Startup Time": 3309.298, "Actual Total Time": 3309.298, "Actual Rows": 119765, "Actual Loops": 395341, "Index Cond": "(o_orderkey = lineitem.l_orderkey)", "Rows Removed by Index Recheck": 0, "Filter": "((o_orderdate >= '1995-01-01 00:00:00'::timestamp(0) without time zone) AND (o_orderdate <= '1996-12-31 00:00:00'::timestamp(0) without time zone))", "Rows Removed by Filter": 275576}]}, {"Node Type": "Hash", "Parent Relationship": "Inner", "Startup Cost": 5334.54, "Total Cost": 5334.54, "Plan Rows": 100000, "Plan Width": 12, "Actual Startup Time": 108.093, "Actual Total Time": 108.093, "Actual Rows": 100000, "Actual Loops": 1, "Hash Buckets": 131072, "Hash Batches": 1, "Original Hash Batches": 1, "Peak Memory Usage": 4297, "Plans": [{"Node Type": "Index Scan", "Parent Relationship": "Outer", "Scan Direction": "Forward", "Index Name": "supplier_pkey", "Relation Name": "supplier", "Alias": "supplier", "Startup Cost": 0.0, "Total Cost": 5334.54, "Plan Rows": 100000, "Plan Width": 12, "Actual Startup Time": 0.021, "Actual Total Time": 80.1, "Actual Rows": 100000, "Actual Loops": 1}]}]}, {"Node Type": "Index Scan", "Parent Relationship": "Inner", "Scan Direction": "Forward", "Index Name": "customer_pkey", "Relation Name": "customer", "Alias": "customer", "Startup Cost": 0.0, "Total Cost": 0.31, "Plan Rows": 1, "Plan Width": 12, "Actual Startup Time": 884.223, "Actual Total Time": 884.223, "Actual Rows": 119765, "Actual Loops": 119765, "Index Cond": "(c_custkey = orders.o_custkey)", "Rows Removed by Index Recheck": 0}]}, {"Node Type": "Hash", "Parent Relationship": "Inner", "Startup Cost": 20.74, "Total Cost": 20.74, "Plan Rows": 5, "Plan Width": 4, "Actual Startup Time": 0.027, "Actual Total Time": 0.027, "Actual Rows": 5, "Actual Loops": 1, "Hash Buckets": 32768, "Hash Batches": 1, "Original Hash Batches": 1, "Peak Memory Usage": 1, "Plans": [{"Node Type": "Nested Loop", "Parent Relationship": "Outer", "Join Type": "Inner", "Startup Cost": 0.0, "Total Cost": 20.74, "Plan Rows": 5, "Plan Width": 4, "Actual Startup Time": 0.018, "Actual Total Time": 0.024, "Actual Rows": 5, "Actual Loops": 1, "Inner Unique": false, "Plans": [{"Node Type": "Index Scan", "Parent Relationship": "Outer", "Scan Direction": "Forward", "Index Name": "region_pkey", "Relation Name": "region", "Alias": "region", "Startup Cost": 0.0, "Total Cost": 12.34, "Plan Rows": 1, "Plan Width": 4, "Actual Startup Time": 0.009, "Actual Total Time": 0.01, "Actual Rows": 1, "Actual Loops": 1, "Filter": "(r_name = 'ASIA'::bpchar)", "Rows Removed by Filter": 4}, {"Node Type": "Index Scan", "Parent Relationship": "Inner", "Scan Direction": "Forward", "Index Name": "idx_nation_regionkey", "Relation Name": "nation", "Alias": "n1", "Startup Cost": 0.0, "Total Cost": 8.35, "Plan Rows": 5, "Plan Width": 8, "Actual Startup Time": 0.007, "Actual Total Time": 0.009, "Actual Rows": 5, "Actual Loops": 1, "Index Cond": "(n_regionkey = region.r_regionkey)", "Rows Removed by Index Recheck": 0}]}]}]}, {"Node Type": "Hash", "Parent Relationship": "Inner", "Startup Cost": 12.62, "Total Cost": 12.62, "Plan Rows": 25, "Plan Width": 30, "Actual Startup Time": 0.04, "Actual Total Time": 0.04, "Actual Rows": 25, "Actual Loops": 1, "Hash Buckets": 32768, "Hash Batches": 1, "Original Hash Batches": 1, "Peak Memory Usage": 2, "Plans": [{"Node Type": "Index Scan", "Parent Relationship": "Outer", "Scan Direction": "Forward", "Index Name": "nation_pkey", "Relation Name": "nation", "Alias": "n2", "Startup Cost": 0.0, "Total Cost": 12.62, "Plan Rows": 25, "Plan Width": 30, "Actual Startup Time": 0.011, "Actual Total Time": 0.027, "Actual Rows": 25, "Actual Loops": 1}]}]}]}]}, "Triggers": [], "Planner Runtime": 3, "Total Runtime": 7594.11, "Unique SQL Id": 3681808042}}, "(1, 74)": {"explain_plan": {"Plan": {"Node Type": "Sort", "Startup Cost": 2907141.92, "Total Cost": 2907141.94, "Plan Rows": 10, "Plan Width": 50, "Sort Key": ["(date_part('year'::text, orders.o_orderdate))"], "Plans": [{"Node Type": "Aggregate", "Strategy": "Hashed", "Parent Relationship": "Outer", "Startup Cost": 2907141.6, "Total Cost": 2907141.75, "Plan Rows": 10, "Plan Width": 50, "Group By Key": ["date_part('year'::text, orders.o_orderdate)"], "Plans": [{"Node Type": "Hash Join", "Parent Relationship": "Outer", "Join Type": "Inner", "Startup Cost": 664848.38, "Total Cost": 2907021.78, "Plan Rows": 5991, "Plan Width": 50, "Inner Unique": true, "Hash Cond": "(supplier.s_nationkey = n2.n_nationkey)", "Plans": [{"Node Type": "Hash Join", "Parent Relationship": "Outer", "Join Type": "Inner", "Startup Cost": 664846.82, "Total Cost": 2906922.86, "Plan Rows": 5991, "Plan Width": 28, "Inner Unique": true, "Hash Cond": "(lineitem.l_suppkey = supplier.s_suppkey)", "Plans": [{"Node Type": "Hash Join", "Parent Relationship": "Outer", "Join Type": "Inner", "Startup Cost": 660313.82, "Total Cost": 2902243.54, "Plan Rows": 17296, "Plan Width": 32, "Inner Unique": false, "Hash Cond": "(lineitem.l_orderkey = orders.o_orderkey)", "Plans": [{"Node Type": "Hash Join", "Parent Relationship": "Outer", "Join Type": "Inner", "Startup Cost": 67113.23, "Total Cost": 2307926.3, "Plan Rows": 74637, "Plan Width": 32, "Inner Unique": true, "Hash Cond": "(lineitem.l_partkey = part.p_partkey)", "Plans": [{"Node Type": "Seq Scan", "Parent Relationship": "Outer", "Relation Name": "lineitem", "Alias": "lineitem", "Startup Cost": 0.0, "Total Cost": 2015115.33, "Plan Rows": 59987033, "Plan Width": 40}, {"Node Type": "Hash", "Parent Relationship": "Inner", "Startup Cost": 66944.0, "Total Cost": 66944.0, "Plan Rows": 13538, "Plan Width": 8, "Plans": [{"Node Type": "Seq Scan", "Parent Relationship": "Outer", "Relation Name": "part", "Alias": "part", "Startup Cost": 0.0, "Total Cost": 66944.0, "Plan Rows": 13538, "Plan Width": 8, "Filter": "((p_type)::text = 'SMALL PLATED COPPER'::text)"}]}]}, {"Node Type": "Hash", "Parent Relationship": "Inner", "Startup Cost": 586571.9, "Total Cost": 586571.9, "Plan Rows": 530296, "Plan Width": 16, "Plans": [{"Node Type": "Hash Join", "Parent Relationship": "Outer", "Join Type": "Inner", "Startup Cost": 63058.61, "Total Cost": 586571.9, "Plan Rows": 530296, "Plan Width": 16, "Inner Unique": false, "Hash Cond": "(orders.o_custkey = customer.c_custkey), (LLVM Optimized)", "Plans": [{"Node Type": "Seq Scan", "Parent Relationship": "Outer", "Relation Name": "orders", "Alias": "orders", "Startup Cost": 195.74, "Total Cost": 501411.18, "Plan Rows": 4531967, "Plan Width": 24, "Filter": "((o_orderdate >= '1995-01-01 00:00:00'::timestamp(0) without time zone) AND (o_orderdate <= '1996-12-31 00:00:00'::timestamp(0) without time zone)), (LLVM Optimized)"}, {"Node Type": "Hash", "Parent Relationship": "Inner", "Startup Cost": 59112.88, "Total Cost": 59112.88, "Plan Rows": 300000, "Plan Width": 8, "Plans": [{"Node Type": "Hash Join", "Parent Relationship": "Outer", "Join Type": "Inner", "Startup Cost": 2.5, "Total Cost": 59112.88, "Plan Rows": 300000, "Plan Width": 8, "Inner Unique": false, "Hash Cond": "(customer.c_nationkey = n1.n_nationkey), (LLVM Optimized)", "Plans": [{"Node Type": "Seq Scan", "Parent Relationship": "Outer", "Relation Name": "customer", "Alias": "customer", "Startup Cost": 0.0, "Total Cost": 52126.0, "Plan Rows": 1500000, "Plan Width": 12}, {"Node Type": "Hash", "Parent Relationship": "Inner", "Startup Cost": 2.44, "Total Cost": 2.44, "Plan Rows": 5, "Plan Width": 4, "Plans": [{"Node Type": "Hash Join", "Parent Relationship": "Outer", "Join Type": "Inner", "Startup Cost": 1.07, "Total Cost": 2.44, "Plan Rows": 5, "Plan Width": 4, "Inner Unique": true, "Hash Cond": "(n1.n_regionkey = region.r_regionkey)", "Plans": [{"Node Type": "Seq Scan", "Parent Relationship": "Outer", "Relation Name": "nation", "Alias": "n1", "Startup Cost": 0.0, "Total Cost": 1.25, "Plan Rows": 25, "Plan Width": 8}, {"Node Type": "Hash", "Parent Relationship": "Inner", "Startup Cost": 1.06, "Total Cost": 1.06, "Plan Rows": 1, "Plan Width": 4, "Plans": [{"Node Type": "Seq Scan", "Parent Relationship": "Outer", "Relation Name": "region", "Alias": "region", "Startup Cost": 0.0, "Total Cost": 1.06, "Plan Rows": 1, "Plan Width": 4, "Filter": "(r_name = 'ASIA'::bpchar)"}]}]}]}]}]}]}]}]}, {"Node Type": "Hash", "Parent Relationship": "Inner", "Startup Cost": 3283.0, "Total Cost": 3283.0, "Plan Rows": 100000, "Plan Width": 12, "Plans": [{"Node Type": "Seq Scan", "Parent Relationship": "Outer", "Relation Name": "supplier", "Alias": "supplier", "Startup Cost": 0.0, "Total Cost": 3283.0, "Plan Rows": 100000, "Plan Width": 12}]}]}, {"Node Type": "Hash", "Parent Relationship": "Inner", "Startup Cost": 1.25, "Total Cost": 1.25, "Plan Rows": 25, "Plan Width": 30, "Plans": [{"Node Type": "Seq Scan", "Parent Relationship": "Outer", "Relation Name": "nation", "Alias": "n2", "Startup Cost": 0.0, "Total Cost": 1.25, "Plan Rows": 25, "Plan Width": 30}]}]}]}]}, "Unique SQL Id": 3681808042, "Planner Runtime": 5}, "explain_analyze_plan": null}, "(1, 75)": {"explain_plan": {"Plan": {"Node Type": "Sort", "Startup Cost": 8000408394662.71, "Total Cost": 8000408394662.73, "Plan Rows": 10, "Plan Width": 50, "Sort Key": ["(date_part('year'::text, orders.o_orderdate))"], "Plans": [{"Node Type": "Aggregate", "Strategy": "Hashed", "Parent Relationship": "Outer", "Startup Cost": 8000408394662.39, "Total Cost": 8000408394662.54, "Plan Rows": 10, "Plan Width": 50, "Group By Key": ["date_part('year'::text, orders.o_orderdate)"], "Plans": [{"Node Type": "Hash Join", "Parent Relationship": "Outer", "Join Type": "Inner", "Startup Cost": 6020055697634.45, "Total Cost": 8000408394316.47, "Plan Rows": 17296, "Plan Width": 50, "Inner Unique": true, "Hash Cond": "(supplier.s_nationkey = n2.n_nationkey)", "Plans": [{"Node Type": "Hash Join", "Parent Relationship": "Outer", "Join Type": "Inner", "Startup Cost": 5020055696371.64, "Total Cost": 7000408392772.6, "Plan Rows": 17296, "Plan Width": 28, "Inner Unique": true, "Hash Cond": "(lineitem.l_suppkey = supplier.s_suppkey)", "Plans": [{"Node Type": "Hash Join", "Parent Relationship": "Outer", "Join Type": "Inner", "Startup Cost": 4020055161667.26, "Total Cost": 6000407857830.4, "Plan Rows": 17296, "Plan Width": 32, "Inner Unique": false, "Hash Cond": "(customer.c_nationkey = n1.n_nationkey)", "Plans": [{"Node Type": "Hash Join", "Parent Relationship": "Outer", "Join Type": "Inner", "Startup Cost": 2020055159598.39, "Total Cost": 4000407855264.28, "Plan Rows": 86479, "Plan Width": 36, "Inner Unique": true, "Hash Cond": "(orders.o_custkey = customer.c_custkey)", "Plans": [{"Node Type": "Hash Join", "Parent Relationship": "Outer", "Join Type": "Inner", "Startup Cost": 1020047064312.77, "Total Cost": 3000399758789.57, "Plan Rows": 86479, "Plan Width": 40, "Inner Unique": true, "Hash Cond": "(lineitem.l_partkey = part.p_partkey)", "Plans": [{"Node Type": "Merge Join", "Parent Relationship": "Outer", "Join Type": "Inner", "Startup Cost": 20036483818.55, "Total Cost": 2000389023456.58, "Plan Rows": 41148382, "Plan Width": 48, "Inner Unique": false, "Merge Cond": "(orders.o_orderkey = lineitem.l_orderkey)", "Plans": [{"Node Type": "Index Scan", "Parent Relationship": "Outer", "Scan Direction": "Forward", "Index Name": "orders_pkey", "Relation Name": "orders", "Alias": "orders", "Startup Cost": 10000000000.0, "Total Cost": 1000080597583.0, "Plan Rows": 4531967, "Plan Width": 24, "Filter": "((o_orderdate >= '1995-01-01 00:00:00'::timestamp(0) without time zone) AND (o_orderdate <= '1996-12-31 00:00:00'::timestamp(0) without time zone)), (LLVM Optimized)"}, {"Node Type": "Index Scan", "Parent Relationship": "Inner", "Scan Direction": "Forward", "Index Name": "idx_lineitem_orderkey", "Relation Name": "lineitem", "Alias": "lineitem", "Startup Cost": 10000000000.0, "Total Cost": 1000324015374.5, "Plan Rows": 59987033, "Plan Width": 40}]}, {"Node Type": "Hash", "Parent Relationship": "Inner", "Startup Cost": 1000010580325.0, "Total Cost": 1000010580325.0, "Plan Rows": 13538, "Plan Width": 8, "Plans": [{"Node Type": "Index Scan", "Parent Relationship": "Outer", "Scan Direction": "Forward", "Index Name": "part_kpey", "Relation Name": "part", "Alias": "part", "Startup Cost": 10000000000.0, "Total Cost": 1000010580325.0, "Plan Rows": 13538, "Plan Width": 8, "Filter": "((p_type)::text = 'SMALL PLATED COPPER'::text)"}]}]}, {"Node Type": "Hash", "Parent Relationship": "Inner", "Startup Cost": 1000008076535.62, "Total Cost": 1000008076535.62, "Plan Rows": 1500000, "Plan Width": 12, "Plans": [{"Node Type": "Index Scan", "Parent Relationship": "Outer", "Scan Direction": "Forward", "Index Name": "customer_pkey", "Relation Name": "customer", "Alias": "customer", "Startup Cost": 10000000000.0, "Total Cost": 1000008076535.62, "Plan Rows": 1500000, "Plan Width": 12}]}]}, {"Node Type": "Hash", "Parent Relationship": "Inner", "Startup Cost": 2000000002068.8, "Total Cost": 2000000002068.8, "Plan Rows": 5, "Plan Width": 4, "Plans": [{"Node Type": "Nested Loop", "Parent Relationship": "Outer", "Join Type": "Inner", "Startup Cost": 20000000000.0, "Total Cost": 2000000002068.8, "Plan Rows": 5, "Plan Width": 4, "Inner Unique": false, "Plans": [{"Node Type": "Index Scan", "Parent Relationship": "Outer", "Scan Direction": "Forward", "Index Name": "region_pkey", "Relation Name": "region", "Alias": "region", "Startup Cost": 10000000000.0, "Total Cost": 1000000001233.75, "Plan Rows": 1, "Plan Width": 4, "Filter": "(r_name = 'ASIA'::bpchar)"}, {"Node Type": "Index Scan", "Parent Relationship": "Inner", "Scan Direction": "Forward", "Index Name": "idx_nation_regionkey", "Relation Name": "nation", "Alias": "n1", "Startup Cost": 10000000000.0, "Total Cost": 1000000000835.0, "Plan Rows": 5, "Plan Width": 8, "Index Cond": "(n_regionkey = region.r_regionkey)"}]}]}]}, {"Node Type": "Hash", "Parent Relationship": "Inner", "Startup Cost": 1000000533454.38, "Total Cost": 1000000533454.38, "Plan Rows": 100000, "Plan Width": 12, "Plans": [{"Node Type": "Index Scan", "Parent Relationship": "Outer", "Scan Direction": "Forward", "Index Name": "supplier_pkey", "Relation Name": "supplier", "Alias": "supplier", "Startup Cost": 10000000000.0, "Total Cost": 1000000533454.38, "Plan Rows": 100000, "Plan Width": 12}]}]}, {"Node Type": "Hash", "Parent Relationship": "Inner", "Startup Cost": 1000000001262.5, "Total Cost": 1000000001262.5, "Plan Rows": 25, "Plan Width": 30, "Plans": [{"Node Type": "Index Scan", "Parent Relationship": "Outer", "Scan Direction": "Forward", "Index Name": "nation_pkey", "Relation Name": "nation", "Alias": "n2", "Startup Cost": 10000000000.0, "Total Cost": 1000000001262.5, "Plan Rows": 25, "Plan Width": 30}]}]}]}]}, "Unique SQL Id": 3681808042, "Planner Runtime": 8}, "explain_analyze_plan": null}, "(1, 76)": {"explain_plan": {"Plan": {"Node Type": "Sort", "Startup Cost": 486022.68, "Total Cost": 486022.71, "Plan Rows": 10, "Plan Width": 50, "Sort Key": ["(date_part('year'::text, orders.o_orderdate))"], "Plans": [{"Node Type": "Aggregate", "Strategy": "Hashed", "Parent Relationship": "Outer", "Startup Cost": 486022.37, "Total Cost": 486022.52, "Plan Rows": 10, "Plan Width": 50, "Group By Key": ["date_part('year'::text, orders.o_orderdate)"], "Plans": [{"Node Type": "Hash Join", "Parent Relationship": "Outer", "Join Type": "Inner", "Startup Cost": 4537.06, "Total Cost": 485902.55, "Plan Rows": 5991, "Plan Width": 50, "Inner Unique": true, "Hash Cond": "(supplier.s_nationkey = n2.n_nationkey)", "Plans": [{"Node Type": "Hash Join", "Parent Relationship": "Outer", "Join Type": "Inner", "Startup Cost": 4535.5, "Total Cost": 485803.63, "Plan Rows": 5991, "Plan Width": 28, "Inner Unique": false, "Hash Cond": "(customer.c_nationkey = n1.n_nationkey)", "Plans": [{"Node Type": "Nested Loop", "Parent Relationship": "Outer", "Join Type": "Inner", "Startup Cost": 4533.0, "Total Cost": 485661.65, "Plan Rows": 29954, "Plan Width": 32, "Inner Unique": true, "Plans": [{"Node Type": "Hash Join", "Parent Relationship": "Outer", "Join Type": "Inner", "Startup Cost": 4533.0, "Total Cost": 469409.78, "Plan Rows": 51198, "Plan Width": 36, "Inner Unique": true, "Hash Cond": "(lineitem.l_suppkey = supplier.s_suppkey)", "Plans": [{"Node Type": "Nested Loop", "Parent Relationship": "Outer", "Join Type": "Inner", "Startup Cost": 0.0, "Total Cost": 464497.44, "Plan Rows": 86479, "Plan Width": 40, "Inner Unique": true, "Plans": [{"Node Type": "Nested Loop", "Parent Relationship": "Outer", "Join Type": "Inner", "Startup Cost": 0.0, "Total Cost": 441564.57, "Plan Rows": 74637, "Plan Width": 32, "Inner Unique": false, "Plans": [{"Node Type": "Seq Scan", "Parent Relationship": "Outer", "Relation Name": "part", "Alias": "part", "Startup Cost": 0.0, "Total Cost": 66944.0, "Plan Rows": 13538, "Plan Width": 8, "Filter": "((p_type)::text = 'SMALL PLATED COPPER'::text)"}, {"Node Type": "Index Scan", "Parent Relationship": "Inner", "Scan Direction": "Forward", "Index Name": "idx_lineitem_part_supp", "Relation Name": "lineitem", "Alias": "lineitem", "Startup Cost": 0.0, "Total Cost": 27.61, "Plan Rows": 6, "Plan Width": 40, "Index Cond": "(l_partkey = part.p_partkey)"}]}, {"Node Type": "Index Scan", "Parent Relationship": "Inner", "Scan Direction": "Forward", "Index Name": "orders_pkey", "Relation Name": "orders", "Alias": "orders", "Startup Cost": 0.0, "Total Cost": 0.3, "Plan Rows": 1, "Plan Width": 24, "Index Cond": "(o_orderkey = lineitem.l_orderkey)", "Filter": "((o_orderdate >= '1995-01-01 00:00:00'::timestamp(0) without time zone) AND (o_orderdate <= '1996-12-31 00:00:00'::timestamp(0) without time zone))"}]}, {"Node Type": "Hash", "Parent Relationship": "Inner", "Startup Cost": 3283.0, "Total Cost": 3283.0, "Plan Rows": 100000, "Plan Width": 12, "Plans": [{"Node Type": "Seq Scan", "Parent Relationship": "Outer", "Relation Name": "supplier", "Alias": "supplier", "Startup Cost": 0.0, "Total Cost": 3283.0, "Plan Rows": 100000, "Plan Width": 12}]}]}, {"Node Type": "Index Scan", "Parent Relationship": "Inner", "Scan Direction": "Forward", "Index Name": "customer_pkey", "Relation Name": "customer", "Alias": "customer", "Startup Cost": 0.0, "Total Cost": 0.31, "Plan Rows": 1, "Plan Width": 12, "Index Cond": "(c_custkey = orders.o_custkey)"}]}, {"Node Type": "Hash", "Parent Relationship": "Inner", "Startup Cost": 2.44, "Total Cost": 2.44, "Plan Rows": 5, "Plan Width": 4, "Plans": [{"Node Type": "Hash Join", "Parent Relationship": "Outer", "Join Type": "Inner", "Startup Cost": 1.07, "Total Cost": 2.44, "Plan Rows": 5, "Plan Width": 4, "Inner Unique": true, "Hash Cond": "(n1.n_regionkey = region.r_regionkey)", "Plans": [{"Node Type": "Seq Scan", "Parent Relationship": "Outer", "Relation Name": "nation", "Alias": "n1", "Startup Cost": 0.0, "Total Cost": 1.25, "Plan Rows": 25, "Plan Width": 8}, {"Node Type": "Hash", "Parent Relationship": "Inner", "Startup Cost": 1.06, "Total Cost": 1.06, "Plan Rows": 1, "Plan Width": 4, "Plans": [{"Node Type": "Seq Scan", "Parent Relationship": "Outer", "Relation Name": "region", "Alias": "region", "Startup Cost": 0.0, "Total Cost": 1.06, "Plan Rows": 1, "Plan Width": 4, "Filter": "(r_name = 'ASIA'::bpchar)"}]}]}]}]}, {"Node Type": "Hash", "Parent Relationship": "Inner", "Startup Cost": 1.25, "Total Cost": 1.25, "Plan Rows": 25, "Plan Width": 30, "Plans": [{"Node Type": "Seq Scan", "Parent Relationship": "Outer", "Relation Name": "nation", "Alias": "n2", "Startup Cost": 0.0, "Total Cost": 1.25, "Plan Rows": 25, "Plan Width": 30}]}]}]}]}, "Unique SQL Id": 3681808042, "Planner Runtime": 6}, "explain_analyze_plan": {"Plan": {"Node Type": "Sort", "Startup Cost": 486022.68, "Total Cost": 486022.71, "Plan Rows": 10, "Plan Width": 50, "Actual Startup Time": 7085.978, "Actual Total Time": 7085.978, "Actual Rows": 2, "Actual Loops": 1, "Sort Key": ["(date_part('year'::text, orders.o_orderdate))"], "Sort Method": "quicksort", "Sort Space Used": 25, "Sort Space Type": "Memory", "Plans": [{"Node Type": "Aggregate", "Strategy": "Hashed", "Parent Relationship": "Outer", "Startup Cost": 486022.37, "Total Cost": 486022.52, "Plan Rows": 10, "Plan Width": 50, "Actual Startup Time": 7085.958, "Actual Total Time": 7085.959, "Actual Rows": 2, "Actual Loops": 1, "Group By Key": ["date_part('year'::text, orders.o_orderdate)"], "Plans": [{"Node Type": "Hash Join", "Parent Relationship": "Outer", "Join Type": "Inner", "Startup Cost": 4537.06, "Total Cost": 485902.55, "Plan Rows": 5991, "Plan Width": 50, "Actual Startup Time": 66.946, "Actual Total Time": 7049.829, "Actual Rows": 23929, "Actual Loops": 1, "Inner Unique": true, "Hash Cond": "(supplier.s_nationkey = n2.n_nationkey)", "Plans": [{"Node Type": "Hash Join", "Parent Relationship": "Outer", "Join Type": "Inner", "Startup Cost": 4535.5, "Total Cost": 485803.63, "Plan Rows": 5991, "Plan Width": 28, "Actual Startup Time": 66.804, "Actual Total Time": 7017.431, "Actual Rows": 23929, "Actual Loops": 1, "Inner Unique": false, "Hash Cond": "(customer.c_nationkey = n1.n_nationkey)", "Plans": [{"Node Type": "Nested Loop", "Parent Relationship": "Outer", "Join Type": "Inner", "Startup Cost": 4533.0, "Total Cost": 485661.65, "Plan Rows": 29954, "Plan Width": 32, "Actual Startup Time": 66.457, "Actual Total Time": 6979.652, "Actual Rows": 119765, "Actual Loops": 1, "Inner Unique": true, "Plans": [{"Node Type": "Hash Join", "Parent Relationship": "Outer", "Join Type": "Inner", "Startup Cost": 4533.0, "Total Cost": 469409.78, "Plan Rows": 51198, "Plan Width": 36, "Actual Startup Time": 66.415, "Actual Total Time": 5952.152, "Actual Rows": 119765, "Actual Loops": 1, "Inner Unique": true, "Hash Cond": "(lineitem.l_suppkey = supplier.s_suppkey)", "Plans": [{"Node Type": "Nested Loop", "Parent Relationship": "Outer", "Join Type": "Inner", "Startup Cost": 0.0, "Total Cost": 464497.44, "Plan Rows": 86479, "Plan Width": 40, "Actual Startup Time": 0.201, "Actual Total Time": 5807.717, "Actual Rows": 119765, "Actual Loops": 1, "Inner Unique": true, "Plans": [{"Node Type": "Nested Loop", "Parent Relationship": "Outer", "Join Type": "Inner", "Startup Cost": 0.0, "Total Cost": 441564.57, "Plan Rows": 74637, "Plan Width": 32, "Actual Startup Time": 0.041, "Actual Total Time": 2124.482, "Actual Rows": 395341, "Actual Loops": 1, "Inner Unique": false, "Plans": [{"Node Type": "Seq Scan", "Parent Relationship": "Outer", "Relation Name": "part", "Alias": "part", "Startup Cost": 0.0, "Total Cost": 66944.0, "Plan Rows": 13538, "Plan Width": 8, "Actual Startup Time": 0.019, "Actual Total Time": 779.977, "Actual Rows": 13163, "Actual Loops": 1, "Filter": "((p_type)::text = 'SMALL PLATED COPPER'::text)", "Rows Removed by Filter": 1986837}, {"Node Type": "Index Scan", "Parent Relationship": "Inner", "Scan Direction": "Forward", "Index Name": "idx_lineitem_part_supp", "Relation Name": "lineitem", "Alias": "lineitem", "Startup Cost": 0.0, "Total Cost": 27.61, "Plan Rows": 6, "Plan Width": 40, "Actual Startup Time": 157.19, "Actual Total Time": 1241.18, "Actual Rows": 395341, "Actual Loops": 13163, "Index Cond": "(l_partkey = part.p_partkey)", "Rows Removed by Index Recheck": 0}]}, {"Node Type": "Index Scan", "Parent Relationship": "Inner", "Scan Direction": "Forward", "Index Name": "orders_pkey", "Relation Name": "orders", "Alias": "orders", "Startup Cost": 0.0, "Total Cost": 0.3, "Plan Rows": 1, "Plan Width": 24, "Actual Startup Time": 3448.635, "Actual Total Time": 3448.635, "Actual Rows": 119765, "Actual Loops": 395341, "Index Cond": "(o_orderkey = lineitem.l_orderkey)", "Rows Removed by Index Recheck": 0, "Filter": "((o_orderdate >= '1995-01-01 00:00:00'::timestamp(0) without time zone) AND (o_orderdate <= '1996-12-31 00:00:00'::timestamp(0) without time zone))", "Rows Removed by Filter": 275576}]}, {"Node Type": "Hash", "Parent Relationship": "Inner", "Startup Cost": 3283.0, "Total Cost": 3283.0, "Plan Rows": 100000, "Plan Width": 12, "Actual Startup Time": 66.103, "Actual Total Time": 66.103, "Actual Rows": 100000, "Actual Loops": 1, "Hash Buckets": 131072, "Hash Batches": 1, "Original Hash Batches": 1, "Peak Memory Usage": 4297, "Plans": [{"Node Type": "Seq Scan", "Parent Relationship": "Outer", "Relation Name": "supplier", "Alias": "supplier", "Startup Cost": 0.0, "Total Cost": 3283.0, "Plan Rows": 100000, "Plan Width": 12, "Actual Startup Time": 0.01, "Actual Total Time": 39.744, "Actual Rows": 100000, "Actual Loops": 1}]}]}, {"Node Type": "Index Scan", "Parent Relationship": "Inner", "Scan Direction": "Forward", "Index Name": "customer_pkey", "Relation Name": "customer", "Alias": "customer", "Startup Cost": 0.0, "Total Cost": 0.31, "Plan Rows": 1, "Plan Width": 12, "Actual Startup Time": 919.538, "Actual Total Time": 919.538, "Actual Rows": 119765, "Actual Loops": 119765, "Index Cond": "(c_custkey = orders.o_custkey)", "Rows Removed by Index Recheck": 0}]}, {"Node Type": "Hash", "Parent Relationship": "Inner", "Startup Cost": 2.44, "Total Cost": 2.44, "Plan Rows": 5, "Plan Width": 4, "Actual Startup Time": 0.064, "Actual Total Time": 0.064, "Actual Rows": 5, "Actual Loops": 1, "Hash Buckets": 32768, "Hash Batches": 1, "Original Hash Batches": 1, "Peak Memory Usage": 1, "Plans": [{"Node Type": "Hash Join", "Parent Relationship": "Outer", "Join Type": "Inner", "Startup Cost": 1.07, "Total Cost": 2.44, "Plan Rows": 5, "Plan Width": 4, "Actual Startup Time": 0.05, "Actual Total Time": 0.058, "Actual Rows": 5, "Actual Loops": 1, "Inner Unique": true, "Hash Cond": "(n1.n_regionkey = region.r_regionkey)", "Plans": [{"Node Type": "Seq Scan", "Parent Relationship": "Outer", "Relation Name": "nation", "Alias": "n1", "Startup Cost": 0.0, "Total Cost": 1.25, "Plan Rows": 25, "Plan Width": 8, "Actual Startup Time": 0.006, "Actual Total Time": 0.008, "Actual Rows": 25, "Actual Loops": 1}, {"Node Type": "Hash", "Parent Relationship": "Inner", "Startup Cost": 1.06, "Total Cost": 1.06, "Plan Rows": 1, "Plan Width": 4, "Actual Startup Time": 0.012, "Actual Total Time": 0.012, "Actual Rows": 1, "Actual Loops": 1, "Hash Buckets": 32768, "Hash Batches": 1, "Original Hash Batches": 1, "Peak Memory Usage": 1, "Plans": [{"Node Type": "Seq Scan", "Parent Relationship": "Outer", "Relation Name": "region", "Alias": "region", "Startup Cost": 0.0, "Total Cost": 1.06, "Plan Rows": 1, "Plan Width": 4, "Actual Startup Time": 0.009, "Actual Total Time": 0.01, "Actual Rows": 1, "Actual Loops": 1, "Filter": "(r_name = 'ASIA'::bpchar)", "Rows Removed by Filter": 4}]}]}]}]}, {"Node Type": "Hash", "Parent Relationship": "Inner", "Startup Cost": 1.25, "Total Cost": 1.25, "Plan Rows": 25, "Plan Width": 30, "Actual Startup Time": 0.038, "Actual Total Time": 0.038, "Actual Rows": 25, "Actual Loops": 1, "Hash Buckets": 32768, "Hash Batches": 1, "Original Hash Batches": 1, "Peak Memory Usage": 2, "Plans": [{"Node Type": "Seq Scan", "Parent Relationship": "Outer", "Relation Name": "nation", "Alias": "n2", "Startup Cost": 0.0, "Total Cost": 1.25, "Plan Rows": 25, "Plan Width": 30, "Actual Startup Time": 0.015, "Actual Total Time": 0.021, "Actual Rows": 25, "Actual Loops": 1}]}]}]}]}, "Triggers": [], "Planner Runtime": 3, "Total Runtime": 7086.399, "Unique SQL Id": 3681808042}}, "(1, 77)": {"explain_plan": {"Plan": {"Node Type": "Sort", "Startup Cost": 526963.15, "Total Cost": 526963.18, "Plan Rows": 10, "Plan Width": 50, "Sort Key": ["(date_part('year'::text, orders.o_orderdate))"], "Plans": [{"Node Type": "Aggregate", "Strategy": "Hashed", "Parent Relationship": "Outer", "Startup Cost": 526962.83, "Total Cost": 526962.98, "Plan Rows": 10, "Plan Width": 50, "Group By Key": ["date_part('year'::text, orders.o_orderdate)"], "Plans": [{"Node Type": "Hash Join", "Parent Relationship": "Outer", "Join Type": "Inner", "Startup Cost": 6618.28, "Total Cost": 526843.01, "Plan Rows": 5991, "Plan Width": 50, "Inner Unique": true, "Hash Cond": "(supplier.s_nationkey = n2.n_nationkey)", "Plans": [{"Node Type": "Hash Join", "Parent Relationship": "Outer", "Join Type": "Inner", "Startup Cost": 6605.34, "Total Cost": 526732.72, "Plan Rows": 5991, "Plan Width": 28, "Inner Unique": false, "Hash Cond": "(customer.c_nationkey = n1.n_nationkey)", "Plans": [{"Node Type": "Nested Loop", "Parent Relationship": "Outer", "Join Type": "Inner", "Startup Cost": 6584.54, "Total Cost": 526572.45, "Plan Rows": 29954, "Plan Width": 32, "Inner Unique": true, "Plans": [{"Node Type": "Hash Join", "Parent Relationship": "Outer", "Join Type": "Inner", "Startup Cost": 6584.54, "Total Cost": 510320.57, "Plan Rows": 51198, "Plan Width": 36, "Inner Unique": true, "Hash Cond": "(lineitem.l_suppkey = supplier.s_suppkey)", "Plans": [{"Node Type": "Nested Loop", "Parent Relationship": "Outer", "Join Type": "Inner", "Startup Cost": 0.0, "Total Cost": 503356.69, "Plan Rows": 86479, "Plan Width": 40, "Inner Unique": true, "Plans": [{"Node Type": "Nested Loop", "Parent Relationship": "Outer", "Join Type": "Inner", "Startup Cost": 0.0, "Total Cost": 480423.82, "Plan Rows": 74637, "Plan Width": 32, "Inner Unique": false, "Plans": [{"Node Type": "Index Scan", "Parent Relationship": "Outer", "Scan Direction": "Forward", "Index Name": "part_kpey", "Relation Name": "part", "Alias": "part", "Startup Cost": 0.0, "Total Cost": 105803.25, "Plan Rows": 13538, "Plan Width": 8, "Filter": "((p_type)::text = 'SMALL PLATED COPPER'::text)"}, {"Node Type": "Index Scan", "Parent Relationship": "Inner", "Scan Direction": "Forward", "Index Name": "idx_lineitem_part_supp", "Relation Name": "lineitem", "Alias": "lineitem", "Startup Cost": 0.0, "Total Cost": 27.61, "Plan Rows": 6, "Plan Width": 40, "Index Cond": "(l_partkey = part.p_partkey)"}]}, {"Node Type": "Index Scan", "Parent Relationship": "Inner", "Scan Direction": "Forward", "Index Name": "orders_pkey", "Relation Name": "orders", "Alias": "orders", "Startup Cost": 0.0, "Total Cost": 0.3, "Plan Rows": 1, "Plan Width": 24, "Index Cond": "(o_orderkey = lineitem.l_orderkey)", "Filter": "((o_orderdate >= '1995-01-01 00:00:00'::timestamp(0) without time zone) AND (o_orderdate <= '1996-12-31 00:00:00'::timestamp(0) without time zone))"}]}, {"Node Type": "Hash", "Parent Relationship": "Inner", "Startup Cost": 5334.54, "Total Cost": 5334.54, "Plan Rows": 100000, "Plan Width": 12, "Plans": [{"Node Type": "Index Scan", "Parent Relationship": "Outer", "Scan Direction": "Forward", "Index Name": "supplier_pkey", "Relation Name": "supplier", "Alias": "supplier", "Startup Cost": 0.0, "Total Cost": 5334.54, "Plan Rows": 100000, "Plan Width": 12}]}]}, {"Node Type": "Index Scan", "Parent Relationship": "Inner", "Scan Direction": "Forward", "Index Name": "customer_pkey", "Relation Name": "customer", "Alias": "customer", "Startup Cost": 0.0, "Total Cost": 0.31, "Plan Rows": 1, "Plan Width": 12, "Index Cond": "(c_custkey = orders.o_custkey)"}]}, {"Node Type": "Hash", "Parent Relationship": "Inner", "Startup Cost": 20.74, "Total Cost": 20.74, "Plan Rows": 5, "Plan Width": 4, "Plans": [{"Node Type": "Nested Loop", "Parent Relationship": "Outer", "Join Type": "Inner", "Startup Cost": 0.0, "Total Cost": 20.74, "Plan Rows": 5, "Plan Width": 4, "Inner Unique": false, "Plans": [{"Node Type": "Index Scan", "Parent Relationship": "Outer", "Scan Direction": "Forward", "Index Name": "region_pkey", "Relation Name": "region", "Alias": "region", "Startup Cost": 0.0, "Total Cost": 12.34, "Plan Rows": 1, "Plan Width": 4, "Filter": "(r_name = 'ASIA'::bpchar)"}, {"Node Type": "Index Scan", "Parent Relationship": "Inner", "Scan Direction": "Forward", "Index Name": "idx_nation_regionkey", "Relation Name": "nation", "Alias": "n1", "Startup Cost": 0.0, "Total Cost": 8.35, "Plan Rows": 5, "Plan Width": 8, "Index Cond": "(n_regionkey = region.r_regionkey)"}]}]}]}, {"Node Type": "Hash", "Parent Relationship": "Inner", "Startup Cost": 12.62, "Total Cost": 12.62, "Plan Rows": 25, "Plan Width": 30, "Plans": [{"Node Type": "Index Scan", "Parent Relationship": "Outer", "Scan Direction": "Forward", "Index Name": "nation_pkey", "Relation Name": "nation", "Alias": "n2", "Startup Cost": 0.0, "Total Cost": 12.62, "Plan Rows": 25, "Plan Width": 30}]}]}]}]}, "Unique SQL Id": 3681808042, "Planner Runtime": 5}, "explain_analyze_plan": {"Plan": {"Node Type": "Sort", "Startup Cost": 526963.15, "Total Cost": 526963.18, "Plan Rows": 10, "Plan Width": 50, "Actual Startup Time": 7593.695, "Actual Total Time": 7593.695, "Actual Rows": 2, "Actual Loops": 1, "Sort Key": ["(date_part('year'::text, orders.o_orderdate))"], "Sort Method": "quicksort", "Sort Space Used": 25, "Sort Space Type": "Memory", "Plans": [{"Node Type": "Aggregate", "Strategy": "Hashed", "Parent Relationship": "Outer", "Startup Cost": 526962.83, "Total Cost": 526962.98, "Plan Rows": 10, "Plan Width": 50, "Actual Startup Time": 7593.678, "Actual Total Time": 7593.679, "Actual Rows": 2, "Actual Loops": 1, "Group By Key": ["date_part('year'::text, orders.o_orderdate)"], "Plans": [{"Node Type": "Hash Join", "Parent Relationship": "Outer", "Join Type": "Inner", "Startup Cost": 6618.28, "Total Cost": 526843.01, "Plan Rows": 5991, "Plan Width": 50, "Actual Startup Time": 108.834, "Actual Total Time": 7556.085, "Actual Rows": 23929, "Actual Loops": 1, "Inner Unique": true, "Hash Cond": "(supplier.s_nationkey = n2.n_nationkey)", "Plans": [{"Node Type": "Hash Join", "Parent Relationship": "Outer", "Join Type": "Inner", "Startup Cost": 6605.34, "Total Cost": 526732.72, "Plan Rows": 5991, "Plan Width": 28, "Actual Startup Time": 108.741, "Actual Total Time": 7523.733, "Actual Rows": 23929, "Actual Loops": 1, "Inner Unique": false, "Hash Cond": "(customer.c_nationkey = n1.n_nationkey)", "Plans": [{"Node Type": "Nested Loop", "Parent Relationship": "Outer", "Join Type": "Inner", "Startup Cost": 6584.54, "Total Cost": 526572.45, "Plan Rows": 29954, "Plan Width": 32, "Actual Startup Time": 108.431, "Actual Total Time": 7485.765, "Actual Rows": 119765, "Actual Loops": 1, "Inner Unique": true, "Plans": [{"Node Type": "Hash Join", "Parent Relationship": "Outer", "Join Type": "Inner", "Startup Cost": 6584.54, "Total Cost": 510320.57, "Plan Rows": 51198, "Plan Width": 36, "Actual Startup Time": 108.394, "Actual Total Time": 6490.682, "Actual Rows": 119765, "Actual Loops": 1, "Inner Unique": true, "Hash Cond": "(lineitem.l_suppkey = supplier.s_suppkey)", "Plans": [{"Node Type": "Nested Loop", "Parent Relationship": "Outer", "Join Type": "Inner", "Startup Cost": 0.0, "Total Cost": 503356.69, "Plan Rows": 86479, "Plan Width": 40, "Actual Startup Time": 0.182, "Actual Total Time": 6301.075, "Actual Rows": 119765, "Actual Loops": 1, "Inner Unique": true, "Plans": [{"Node Type": "Nested Loop", "Parent Relationship": "Outer", "Join Type": "Inner", "Startup Cost": 0.0, "Total Cost": 480423.82, "Plan Rows": 74637, "Plan Width": 32, "Actual Startup Time": 0.043, "Actual Total Time": 2753.622, "Actual Rows": 395341, "Actual Loops": 1, "Inner Unique": false, "Plans": [{"Node Type": "Index Scan", "Parent Relationship": "Outer", "Scan Direction": "Forward", "Index Name": "part_kpey", "Relation Name": "part", "Alias": "part", "Startup Cost": 0.0, "Total Cost": 105803.25, "Plan Rows": 13538, "Plan Width": 8, "Actual Startup Time": 0.028, "Actual Total Time": 1463.221, "Actual Rows": 13163, "Actual Loops": 1, "Filter": "((p_type)::text = 'SMALL PLATED COPPER'::text)", "Rows Removed by Filter": 1986837}, {"Node Type": "Index Scan", "Parent Relationship": "Inner", "Scan Direction": "Forward", "Index Name": "idx_lineitem_part_supp", "Relation Name": "lineitem", "Alias": "lineitem", "Startup Cost": 0.0, "Total Cost": 27.61, "Plan Rows": 6, "Plan Width": 40, "Actual Startup Time": 154.362, "Actual Total Time": 1188.764, "Actual Rows": 395341, "Actual Loops": 13163, "Index Cond": "(l_partkey = part.p_partkey)", "Rows Removed by Index Recheck": 0}]}, {"Node Type": "Index Scan", "Parent Relationship": "Inner", "Scan Direction": "Forward", "Index Name": "orders_pkey", "Relation Name": "orders", "Alias": "orders", "Startup Cost": 0.0, "Total Cost": 0.3, "Plan Rows": 1, "Plan Width": 24, "Actual Startup Time": 3309.298, "Actual Total Time": 3309.298, "Actual Rows": 119765, "Actual Loops": 395341, "Index Cond": "(o_orderkey = lineitem.l_orderkey)", "Rows Removed by Index Recheck": 0, "Filter": "((o_orderdate >= '1995-01-01 00:00:00'::timestamp(0) without time zone) AND (o_orderdate <= '1996-12-31 00:00:00'::timestamp(0) without time zone))", "Rows Removed by Filter": 275576}]}, {"Node Type": "Hash", "Parent Relationship": "Inner", "Startup Cost": 5334.54, "Total Cost": 5334.54, "Plan Rows": 100000, "Plan Width": 12, "Actual Startup Time": 108.093, "Actual Total Time": 108.093, "Actual Rows": 100000, "Actual Loops": 1, "Hash Buckets": 131072, "Hash Batches": 1, "Original Hash Batches": 1, "Peak Memory Usage": 4297, "Plans": [{"Node Type": "Index Scan", "Parent Relationship": "Outer", "Scan Direction": "Forward", "Index Name": "supplier_pkey", "Relation Name": "supplier", "Alias": "supplier", "Startup Cost": 0.0, "Total Cost": 5334.54, "Plan Rows": 100000, "Plan Width": 12, "Actual Startup Time": 0.021, "Actual Total Time": 80.1, "Actual Rows": 100000, "Actual Loops": 1}]}]}, {"Node Type": "Index Scan", "Parent Relationship": "Inner", "Scan Direction": "Forward", "Index Name": "customer_pkey", "Relation Name": "customer", "Alias": "customer", "Startup Cost": 0.0, "Total Cost": 0.31, "Plan Rows": 1, "Plan Width": 12, "Actual Startup Time": 884.223, "Actual Total Time": 884.223, "Actual Rows": 119765, "Actual Loops": 119765, "Index Cond": "(c_custkey = orders.o_custkey)", "Rows Removed by Index Recheck": 0}]}, {"Node Type": "Hash", "Parent Relationship": "Inner", "Startup Cost": 20.74, "Total Cost": 20.74, "Plan Rows": 5, "Plan Width": 4, "Actual Startup Time": 0.027, "Actual Total Time": 0.027, "Actual Rows": 5, "Actual Loops": 1, "Hash Buckets": 32768, "Hash Batches": 1, "Original Hash Batches": 1, "Peak Memory Usage": 1, "Plans": [{"Node Type": "Nested Loop", "Parent Relationship": "Outer", "Join Type": "Inner", "Startup Cost": 0.0, "Total Cost": 20.74, "Plan Rows": 5, "Plan Width": 4, "Actual Startup Time": 0.018, "Actual Total Time": 0.024, "Actual Rows": 5, "Actual Loops": 1, "Inner Unique": false, "Plans": [{"Node Type": "Index Scan", "Parent Relationship": "Outer", "Scan Direction": "Forward", "Index Name": "region_pkey", "Relation Name": "region", "Alias": "region", "Startup Cost": 0.0, "Total Cost": 12.34, "Plan Rows": 1, "Plan Width": 4, "Actual Startup Time": 0.009, "Actual Total Time": 0.01, "Actual Rows": 1, "Actual Loops": 1, "Filter": "(r_name = 'ASIA'::bpchar)", "Rows Removed by Filter": 4}, {"Node Type": "Index Scan", "Parent Relationship": "Inner", "Scan Direction": "Forward", "Index Name": "idx_nation_regionkey", "Relation Name": "nation", "Alias": "n1", "Startup Cost": 0.0, "Total Cost": 8.35, "Plan Rows": 5, "Plan Width": 8, "Actual Startup Time": 0.007, "Actual Total Time": 0.009, "Actual Rows": 5, "Actual Loops": 1, "Index Cond": "(n_regionkey = region.r_regionkey)", "Rows Removed by Index Recheck": 0}]}]}]}, {"Node Type": "Hash", "Parent Relationship": "Inner", "Startup Cost": 12.62, "Total Cost": 12.62, "Plan Rows": 25, "Plan Width": 30, "Actual Startup Time": 0.04, "Actual Total Time": 0.04, "Actual Rows": 25, "Actual Loops": 1, "Hash Buckets": 32768, "Hash Batches": 1, "Original Hash Batches": 1, "Peak Memory Usage": 2, "Plans": [{"Node Type": "Index Scan", "Parent Relationship": "Outer", "Scan Direction": "Forward", "Index Name": "nation_pkey", "Relation Name": "nation", "Alias": "n2", "Startup Cost": 0.0, "Total Cost": 12.62, "Plan Rows": 25, "Plan Width": 30, "Actual Startup Time": 0.011, "Actual Total Time": 0.027, "Actual Rows": 25, "Actual Loops": 1}]}]}]}]}, "Triggers": [], "Planner Runtime": 3, "Total Runtime": 7594.11, "Unique SQL Id": 3681808042}}, "(1, 78)": {"explain_plan": {"Plan": {"Node Type": "Sort", "Startup Cost": 2907141.92, "Total Cost": 2907141.94, "Plan Rows": 10, "Plan Width": 50, "Sort Key": ["(date_part('year'::text, orders.o_orderdate))"], "Plans": [{"Node Type": "Aggregate", "Strategy": "Hashed", "Parent Relationship": "Outer", "Startup Cost": 2907141.6, "Total Cost": 2907141.75, "Plan Rows": 10, "Plan Width": 50, "Group By Key": ["date_part('year'::text, orders.o_orderdate)"], "Plans": [{"Node Type": "Hash Join", "Parent Relationship": "Outer", "Join Type": "Inner", "Startup Cost": 664848.38, "Total Cost": 2907021.78, "Plan Rows": 5991, "Plan Width": 50, "Inner Unique": true, "Hash Cond": "(supplier.s_nationkey = n2.n_nationkey)", "Plans": [{"Node Type": "Hash Join", "Parent Relationship": "Outer", "Join Type": "Inner", "Startup Cost": 664846.82, "Total Cost": 2906922.86, "Plan Rows": 5991, "Plan Width": 28, "Inner Unique": true, "Hash Cond": "(lineitem.l_suppkey = supplier.s_suppkey)", "Plans": [{"Node Type": "Hash Join", "Parent Relationship": "Outer", "Join Type": "Inner", "Startup Cost": 660313.82, "Total Cost": 2902243.54, "Plan Rows": 17296, "Plan Width": 32, "Inner Unique": false, "Hash Cond": "(lineitem.l_orderkey = orders.o_orderkey)", "Plans": [{"Node Type": "Hash Join", "Parent Relationship": "Outer", "Join Type": "Inner", "Startup Cost": 67113.23, "Total Cost": 2307926.3, "Plan Rows": 74637, "Plan Width": 32, "Inner Unique": true, "Hash Cond": "(lineitem.l_partkey = part.p_partkey)", "Plans": [{"Node Type": "Seq Scan", "Parent Relationship": "Outer", "Relation Name": "lineitem", "Alias": "lineitem", "Startup Cost": 0.0, "Total Cost": 2015115.33, "Plan Rows": 59987033, "Plan Width": 40}, {"Node Type": "Hash", "Parent Relationship": "Inner", "Startup Cost": 66944.0, "Total Cost": 66944.0, "Plan Rows": 13538, "Plan Width": 8, "Plans": [{"Node Type": "Seq Scan", "Parent Relationship": "Outer", "Relation Name": "part", "Alias": "part", "Startup Cost": 0.0, "Total Cost": 66944.0, "Plan Rows": 13538, "Plan Width": 8, "Filter": "((p_type)::text = 'SMALL PLATED COPPER'::text)"}]}]}, {"Node Type": "Hash", "Parent Relationship": "Inner", "Startup Cost": 586571.9, "Total Cost": 586571.9, "Plan Rows": 530296, "Plan Width": 16, "Plans": [{"Node Type": "Hash Join", "Parent Relationship": "Outer", "Join Type": "Inner", "Startup Cost": 63058.61, "Total Cost": 586571.9, "Plan Rows": 530296, "Plan Width": 16, "Inner Unique": false, "Hash Cond": "(orders.o_custkey = customer.c_custkey), (LLVM Optimized)", "Plans": [{"Node Type": "Seq Scan", "Parent Relationship": "Outer", "Relation Name": "orders", "Alias": "orders", "Startup Cost": 195.74, "Total Cost": 501411.18, "Plan Rows": 4531967, "Plan Width": 24, "Filter": "((o_orderdate >= '1995-01-01 00:00:00'::timestamp(0) without time zone) AND (o_orderdate <= '1996-12-31 00:00:00'::timestamp(0) without time zone)), (LLVM Optimized)"}, {"Node Type": "Hash", "Parent Relationship": "Inner", "Startup Cost": 59112.88, "Total Cost": 59112.88, "Plan Rows": 300000, "Plan Width": 8, "Plans": [{"Node Type": "Hash Join", "Parent Relationship": "Outer", "Join Type": "Inner", "Startup Cost": 2.5, "Total Cost": 59112.88, "Plan Rows": 300000, "Plan Width": 8, "Inner Unique": false, "Hash Cond": "(customer.c_nationkey = n1.n_nationkey), (LLVM Optimized)", "Plans": [{"Node Type": "Seq Scan", "Parent Relationship": "Outer", "Relation Name": "customer", "Alias": "customer", "Startup Cost": 0.0, "Total Cost": 52126.0, "Plan Rows": 1500000, "Plan Width": 12}, {"Node Type": "Hash", "Parent Relationship": "Inner", "Startup Cost": 2.44, "Total Cost": 2.44, "Plan Rows": 5, "Plan Width": 4, "Plans": [{"Node Type": "Hash Join", "Parent Relationship": "Outer", "Join Type": "Inner", "Startup Cost": 1.07, "Total Cost": 2.44, "Plan Rows": 5, "Plan Width": 4, "Inner Unique": true, "Hash Cond": "(n1.n_regionkey = region.r_regionkey)", "Plans": [{"Node Type": "Seq Scan", "Parent Relationship": "Outer", "Relation Name": "nation", "Alias": "n1", "Startup Cost": 0.0, "Total Cost": 1.25, "Plan Rows": 25, "Plan Width": 8}, {"Node Type": "Hash", "Parent Relationship": "Inner", "Startup Cost": 1.06, "Total Cost": 1.06, "Plan Rows": 1, "Plan Width": 4, "Plans": [{"Node Type": "Seq Scan", "Parent Relationship": "Outer", "Relation Name": "region", "Alias": "region", "Startup Cost": 0.0, "Total Cost": 1.06, "Plan Rows": 1, "Plan Width": 4, "Filter": "(r_name = 'ASIA'::bpchar)"}]}]}]}]}]}]}]}]}, {"Node Type": "Hash", "Parent Relationship": "Inner", "Startup Cost": 3283.0, "Total Cost": 3283.0, "Plan Rows": 100000, "Plan Width": 12, "Plans": [{"Node Type": "Seq Scan", "Parent Relationship": "Outer", "Relation Name": "supplier", "Alias": "supplier", "Startup Cost": 0.0, "Total Cost": 3283.0, "Plan Rows": 100000, "Plan Width": 12}]}]}, {"Node Type": "Hash", "Parent Relationship": "Inner", "Startup Cost": 1.25, "Total Cost": 1.25, "Plan Rows": 25, "Plan Width": 30, "Plans": [{"Node Type": "Seq Scan", "Parent Relationship": "Outer", "Relation Name": "nation", "Alias": "n2", "Startup Cost": 0.0, "Total Cost": 1.25, "Plan Rows": 25, "Plan Width": 30}]}]}]}]}, "Unique SQL Id": 3681808042, "Planner Runtime": 5}, "explain_analyze_plan": null}, "(1, 79)": {"explain_plan": {"Plan": {"Node Type": "Sort", "Startup Cost": 8000408394662.71, "Total Cost": 8000408394662.73, "Plan Rows": 10, "Plan Width": 50, "Sort Key": ["(date_part('year'::text, orders.o_orderdate))"], "Plans": [{"Node Type": "Aggregate", "Strategy": "Hashed", "Parent Relationship": "Outer", "Startup Cost": 8000408394662.39, "Total Cost": 8000408394662.54, "Plan Rows": 10, "Plan Width": 50, "Group By Key": ["date_part('year'::text, orders.o_orderdate)"], "Plans": [{"Node Type": "Hash Join", "Parent Relationship": "Outer", "Join Type": "Inner", "Startup Cost": 6020055697634.45, "Total Cost": 8000408394316.47, "Plan Rows": 17296, "Plan Width": 50, "Inner Unique": true, "Hash Cond": "(supplier.s_nationkey = n2.n_nationkey)", "Plans": [{"Node Type": "Hash Join", "Parent Relationship": "Outer", "Join Type": "Inner", "Startup Cost": 5020055696371.64, "Total Cost": 7000408392772.6, "Plan Rows": 17296, "Plan Width": 28, "Inner Unique": true, "Hash Cond": "(lineitem.l_suppkey = supplier.s_suppkey)", "Plans": [{"Node Type": "Hash Join", "Parent Relationship": "Outer", "Join Type": "Inner", "Startup Cost": 4020055161667.26, "Total Cost": 6000407857830.4, "Plan Rows": 17296, "Plan Width": 32, "Inner Unique": false, "Hash Cond": "(customer.c_nationkey = n1.n_nationkey)", "Plans": [{"Node Type": "Hash Join", "Parent Relationship": "Outer", "Join Type": "Inner", "Startup Cost": 2020055159598.39, "Total Cost": 4000407855264.28, "Plan Rows": 86479, "Plan Width": 36, "Inner Unique": true, "Hash Cond": "(orders.o_custkey = customer.c_custkey)", "Plans": [{"Node Type": "Hash Join", "Parent Relationship": "Outer", "Join Type": "Inner", "Startup Cost": 1020047064312.77, "Total Cost": 3000399758789.57, "Plan Rows": 86479, "Plan Width": 40, "Inner Unique": true, "Hash Cond": "(lineitem.l_partkey = part.p_partkey)", "Plans": [{"Node Type": "Merge Join", "Parent Relationship": "Outer", "Join Type": "Inner", "Startup Cost": 20036483818.55, "Total Cost": 2000389023456.58, "Plan Rows": 41148382, "Plan Width": 48, "Inner Unique": false, "Merge Cond": "(orders.o_orderkey = lineitem.l_orderkey)", "Plans": [{"Node Type": "Index Scan", "Parent Relationship": "Outer", "Scan Direction": "Forward", "Index Name": "orders_pkey", "Relation Name": "orders", "Alias": "orders", "Startup Cost": 10000000000.0, "Total Cost": 1000080597583.0, "Plan Rows": 4531967, "Plan Width": 24, "Filter": "((o_orderdate >= '1995-01-01 00:00:00'::timestamp(0) without time zone) AND (o_orderdate <= '1996-12-31 00:00:00'::timestamp(0) without time zone)), (LLVM Optimized)"}, {"Node Type": "Index Scan", "Parent Relationship": "Inner", "Scan Direction": "Forward", "Index Name": "idx_lineitem_orderkey", "Relation Name": "lineitem", "Alias": "lineitem", "Startup Cost": 10000000000.0, "Total Cost": 1000324015374.5, "Plan Rows": 59987033, "Plan Width": 40}]}, {"Node Type": "Hash", "Parent Relationship": "Inner", "Startup Cost": 1000010580325.0, "Total Cost": 1000010580325.0, "Plan Rows": 13538, "Plan Width": 8, "Plans": [{"Node Type": "Index Scan", "Parent Relationship": "Outer", "Scan Direction": "Forward", "Index Name": "part_kpey", "Relation Name": "part", "Alias": "part", "Startup Cost": 10000000000.0, "Total Cost": 1000010580325.0, "Plan Rows": 13538, "Plan Width": 8, "Filter": "((p_type)::text = 'SMALL PLATED COPPER'::text)"}]}]}, {"Node Type": "Hash", "Parent Relationship": "Inner", "Startup Cost": 1000008076535.62, "Total Cost": 1000008076535.62, "Plan Rows": 1500000, "Plan Width": 12, "Plans": [{"Node Type": "Index Scan", "Parent Relationship": "Outer", "Scan Direction": "Forward", "Index Name": "customer_pkey", "Relation Name": "customer", "Alias": "customer", "Startup Cost": 10000000000.0, "Total Cost": 1000008076535.62, "Plan Rows": 1500000, "Plan Width": 12}]}]}, {"Node Type": "Hash", "Parent Relationship": "Inner", "Startup Cost": 2000000002068.8, "Total Cost": 2000000002068.8, "Plan Rows": 5, "Plan Width": 4, "Plans": [{"Node Type": "Nested Loop", "Parent Relationship": "Outer", "Join Type": "Inner", "Startup Cost": 20000000000.0, "Total Cost": 2000000002068.8, "Plan Rows": 5, "Plan Width": 4, "Inner Unique": false, "Plans": [{"Node Type": "Index Scan", "Parent Relationship": "Outer", "Scan Direction": "Forward", "Index Name": "region_pkey", "Relation Name": "region", "Alias": "region", "Startup Cost": 10000000000.0, "Total Cost": 1000000001233.75, "Plan Rows": 1, "Plan Width": 4, "Filter": "(r_name = 'ASIA'::bpchar)"}, {"Node Type": "Index Scan", "Parent Relationship": "Inner", "Scan Direction": "Forward", "Index Name": "idx_nation_regionkey", "Relation Name": "nation", "Alias": "n1", "Startup Cost": 10000000000.0, "Total Cost": 1000000000835.0, "Plan Rows": 5, "Plan Width": 8, "Index Cond": "(n_regionkey = region.r_regionkey)"}]}]}]}, {"Node Type": "Hash", "Parent Relationship": "Inner", "Startup Cost": 1000000533454.38, "Total Cost": 1000000533454.38, "Plan Rows": 100000, "Plan Width": 12, "Plans": [{"Node Type": "Index Scan", "Parent Relationship": "Outer", "Scan Direction": "Forward", "Index Name": "supplier_pkey", "Relation Name": "supplier", "Alias": "supplier", "Startup Cost": 10000000000.0, "Total Cost": 1000000533454.38, "Plan Rows": 100000, "Plan Width": 12}]}]}, {"Node Type": "Hash", "Parent Relationship": "Inner", "Startup Cost": 1000000001262.5, "Total Cost": 1000000001262.5, "Plan Rows": 25, "Plan Width": 30, "Plans": [{"Node Type": "Index Scan", "Parent Relationship": "Outer", "Scan Direction": "Forward", "Index Name": "nation_pkey", "Relation Name": "nation", "Alias": "n2", "Startup Cost": 10000000000.0, "Total Cost": 1000000001262.5, "Plan Rows": 25, "Plan Width": 30}]}]}]}]}, "Unique SQL Id": 3681808042, "Planner Runtime": 8}, "explain_analyze_plan": null}, "(1, 80)": {"explain_plan": {"Plan": {"Node Type": "Sort", "Startup Cost": 496537.18, "Total Cost": 496537.2, "Plan Rows": 10, "Plan Width": 50, "Sort Key": ["(date_part('year'::text, orders.o_orderdate))"], "Plans": [{"Node Type": "Aggregate", "Strategy": "Hashed", "Parent Relationship": "Outer", "Startup Cost": 496536.86, "Total Cost": 496537.01, "Plan Rows": 10, "Plan Width": 50, "Group By Key": ["date_part('year'::text, orders.o_orderdate)"], "Plans": [{"Node Type": "Merge Join", "Parent Relationship": "Outer", "Join Type": "Inner", "Startup Cost": 496312.07, "Total Cost": 496417.04, "Plan Rows": 5991, "Plan Width": 50, "Inner Unique": false, "Merge Cond": "(n2.n_nationkey = supplier.s_nationkey)", "Plans": [{"Node Type": "Sort", "Parent Relationship": "Outer", "Startup Cost": 1.83, "Total Cost": 1.89, "Plan Rows": 25, "Plan Width": 30, "Sort Key": ["n2.n_nationkey"], "Plans": [{"Node Type": "Seq Scan", "Parent Relationship": "Outer", "Relation Name": "nation", "Alias": "n2", "Startup Cost": 0.0, "Total Cost": 1.25, "Plan Rows": 25, "Plan Width": 30}]}, {"Node Type": "Sort", "Parent Relationship": "Inner", "Startup Cost": 496310.24, "Total Cost": 496325.22, "Plan Rows": 5991, "Plan Width": 28, "Sort Key": ["supplier.s_nationkey"], "Plans": [{"Node Type": "Merge Join", "Parent Relationship": "Outer", "Join Type": "Inner", "Startup Cost": 495724.65, "Total Cost": 495934.35, "Plan Rows": 5991, "Plan Width": 28, "Inner Unique": false, "Merge Cond": "(n1.n_nationkey = customer.c_nationkey)", "Plans": [{"Node Type": "Sort", "Parent Relationship": "Outer", "Startup Cost": 3.14, "Total Cost": 3.16, "Plan Rows": 5, "Plan Width": 4, "Sort Key": ["n1.n_nationkey"], "Plans": [{"Node Type": "Merge Join", "Parent Relationship": "Outer", "Join Type": "Inner", "Startup Cost": 2.9, "Total Cost": 3.09, "Plan Rows": 5, "Plan Width": 4, "Inner Unique": false, "Merge Cond": "(region.r_regionkey = n1.n_regionkey)", "Plans": [{"Node Type": "Sort", "Parent Relationship": "Outer", "Startup Cost": 1.07, "Total Cost": 1.08, "Plan Rows": 1, "Plan Width": 4, "Sort Key": ["region.r_regionkey"], "Plans": [{"Node Type": "Seq Scan", "Parent Relationship": "Outer", "Relation Name": "region", "Alias": "region", "Startup Cost": 0.0, "Total Cost": 1.06, "Plan Rows": 1, "Plan Width": 4, "Filter": "(r_name = 'ASIA'::bpchar)"}]}, {"Node Type": "Sort", "Parent Relationship": "Inner", "Startup Cost": 1.83, "Total Cost": 1.89, "Plan Rows": 25, "Plan Width": 8, "Sort Key": ["n1.n_regionkey"], "Plans": [{"Node Type": "Seq Scan", "Parent Relationship": "Outer", "Relation Name": "nation", "Alias": "n1", "Startup Cost": 0.0, "Total Cost": 1.25, "Plan Rows": 25, "Plan Width": 8}]}]}]}, {"Node Type": "Sort", "Parent Relationship": "Inner", "Startup Cost": 495721.5, "Total Cost": 495796.39, "Plan Rows": 29954, "Plan Width": 32, "Sort Key": ["customer.c_nationkey"], "Plans": [{"Node Type": "Nested Loop", "Parent Relationship": "Outer", "Join Type": "Inner", "Startup Cost": 447605.57, "Total Cost": 493494.35, "Plan Rows": 29954, "Plan Width": 32, "Inner Unique": true, "Plans": [{"Node Type": "Nested Loop", "Parent Relationship": "Outer", "Join Type": "Inner", "Startup Cost": 447605.57, "Total Cost": 477242.48, "Plan Rows": 51198, "Plan Width": 36, "Inner Unique": true, "Plans": [{"Node Type": "Merge Join", "Parent Relationship": "Outer", "Join Type": "Inner", "Startup Cost": 447605.57, "Total Cost": 454309.6, "Plan Rows": 74637, "Plan Width": 28, "Inner Unique": false, "Merge Cond": "(supplier.s_suppkey = lineitem.l_suppkey)", "Plans": [{"Node Type": "Index Scan", "Parent Relationship": "Outer", "Scan Direction": "Forward", "Index Name": "supplier_pkey", "Relation Name": "supplier", "Alias": "supplier", "Startup Cost": 0.0, "Total Cost": 5334.54, "Plan Rows": 100000, "Plan Width": 12}, {"Node Type": "Sort", "Parent Relationship": "Inner", "Startup Cost": 447605.54, "Total Cost": 447792.13, "Plan Rows": 74637, "Plan Width": 32, "Sort Key": ["lineitem.l_suppkey"], "Plans": [{"Node Type": "Nested Loop", "Parent Relationship": "Outer", "Join Type": "Inner", "Startup Cost": 0.0, "Total Cost": 441564.57, "Plan Rows": 74637, "Plan Width": 32, "Inner Unique": false, "Plans": [{"Node Type": "Seq Scan", "Parent Relationship": "Outer", "Relation Name": "part", "Alias": "part", "Startup Cost": 0.0, "Total Cost": 66944.0, "Plan Rows": 13538, "Plan Width": 8, "Filter": "((p_type)::text = 'SMALL PLATED COPPER'::text)"}, {"Node Type": "Index Scan", "Parent Relationship": "Inner", "Scan Direction": "Forward", "Index Name": "idx_lineitem_part_supp", "Relation Name": "lineitem", "Alias": "lineitem", "Startup Cost": 0.0, "Total Cost": 27.61, "Plan Rows": 6, "Plan Width": 40, "Index Cond": "(l_partkey = part.p_partkey)"}]}]}]}, {"Node Type": "Index Scan", "Parent Relationship": "Inner", "Scan Direction": "Forward", "Index Name": "orders_pkey", "Relation Name": "orders", "Alias": "orders", "Startup Cost": 0.0, "Total Cost": 0.3, "Plan Rows": 1, "Plan Width": 24, "Index Cond": "(o_orderkey = lineitem.l_orderkey)", "Filter": "((o_orderdate >= '1995-01-01 00:00:00'::timestamp(0) without time zone) AND (o_orderdate <= '1996-12-31 00:00:00'::timestamp(0) without time zone))"}]}, {"Node Type": "Index Scan", "Parent Relationship": "Inner", "Scan Direction": "Forward", "Index Name": "customer_pkey", "Relation Name": "customer", "Alias": "customer", "Startup Cost": 0.0, "Total Cost": 0.31, "Plan Rows": 1, "Plan Width": 12, "Index Cond": "(c_custkey = orders.o_custkey)"}]}]}]}]}]}]}]}, "Unique SQL Id": 3681808042, "Planner Runtime": 4}, "explain_analyze_plan": {"Plan": {"Node Type": "Sort", "Startup Cost": 496537.18, "Total Cost": 496537.2, "Plan Rows": 10, "Plan Width": 50, "Actual Startup Time": 6025.939, "Actual Total Time": 6025.94, "Actual Rows": 2, "Actual Loops": 1, "Sort Key": ["(date_part('year'::text, orders.o_orderdate))"], "Sort Method": "quicksort", "Sort Space Used": 25, "Sort Space Type": "Memory", "Plans": [{"Node Type": "Aggregate", "Strategy": "Hashed", "Parent Relationship": "Outer", "Startup Cost": 496536.86, "Total Cost": 496537.01, "Plan Rows": 10, "Plan Width": 50, "Actual Startup Time": 6025.919, "Actual Total Time": 6025.92, "Actual Rows": 2, "Actual Loops": 1, "Group By Key": ["date_part('year'::text, orders.o_orderdate)"], "Plans": [{"Node Type": "Merge Join", "Parent Relationship": "Outer", "Join Type": "Inner", "Startup Cost": 496312.07, "Total Cost": 496417.04, "Plan Rows": 5991, "Plan Width": 50, "Actual Startup Time": 5988.6, "Actual Total Time": 6007.101, "Actual Rows": 23929, "Actual Loops": 1, "Inner Unique": false, "Merge Cond": "(n2.n_nationkey = supplier.s_nationkey)", "Plans": [{"Node Type": "Sort", "Parent Relationship": "Outer", "Startup Cost": 1.83, "Total Cost": 1.89, "Plan Rows": 25, "Plan Width": 30, "Actual Startup Time": 0.053, "Actual Total Time": 0.056, "Actual Rows": 25, "Actual Loops": 1, "Sort Key": ["n2.n_nationkey"], "Sort Method": "quicksort", "Sort Space Used": 27, "Sort Space Type": "Memory", "Plans": [{"Node Type": "Seq Scan", "Parent Relationship": "Outer", "Relation Name": "nation", "Alias": "n2", "Startup Cost": 0.0, "Total Cost": 1.25, "Plan Rows": 25, "Plan Width": 30, "Actual Startup Time": 0.019, "Actual Total Time": 0.023, "Actual Rows": 25, "Actual Loops": 1}]}, {"Node Type": "Sort", "Parent Relationship": "Inner", "Startup Cost": 496310.24, "Total Cost": 496325.22, "Plan Rows": 5991, "Plan Width": 28, "Actual Startup Time": 5988.43, "Actual Total Time": 5993.616, "Actual Rows": 23929, "Actual Loops": 1, "Sort Key": ["supplier.s_nationkey"], "Sort Method": "quicksort", "Sort Space Used": 3012, "Sort Space Type": "Memory", "Plans": [{"Node Type": "Merge Join", "Parent Relationship": "Outer", "Join Type": "Inner", "Startup Cost": 495724.65, "Total Cost": 495934.35, "Plan Rows": 5991, "Plan Width": 28, "Actual Startup Time": 5955.296, "Actual Total Time": 5981.308, "Actual Rows": 23929, "Actual Loops": 1, "Inner Unique": false, "Merge Cond": "(n1.n_nationkey = customer.c_nationkey)", "Plans": [{"Node Type": "Sort", "Parent Relationship": "Outer", "Startup Cost": 3.14, "Total Cost": 3.16, "Plan Rows": 5, "Plan Width": 4, "Actual Startup Time": 0.06, "Actual Total Time": 0.062, "Actual Rows": 5, "Actual Loops": 1, "Sort Key": ["n1.n_nationkey"], "Sort Method": "quicksort", "Sort Space Used": 25, "Sort Space Type": "Memory", "Plans": [{"Node Type": "Merge Join", "Parent Relationship": "Outer", "Join Type": "Inner", "Startup Cost": 2.9, "Total Cost": 3.09, "Plan Rows": 5, "Plan Width": 4, "Actual Startup Time": 0.049, "Actual Total Time": 0.052, "Actual Rows": 5, "Actual Loops": 1, "Inner Unique": false, "Merge Cond": "(region.r_regionkey = n1.n_regionkey)", "Plans": [{"Node Type": "Sort", "Parent Relationship": "Outer", "Startup Cost": 1.07, "Total Cost": 1.08, "Plan Rows": 1, "Plan Width": 4, "Actual Startup Time": 0.015, "Actual Total Time": 0.015, "Actual Rows": 1, "Actual Loops": 1, "Sort Key": ["region.r_regionkey"], "Sort Method": "quicksort", "Sort Space Used": 25, "Sort Space Type": "Memory", "Plans": [{"Node Type": "Seq Scan", "Parent Relationship": "Outer", "Relation Name": "region", "Alias": "region", "Startup Cost": 0.0, "Total Cost": 1.06, "Plan Rows": 1, "Plan Width": 4, "Actual Startup Time": 0.012, "Actual Total Time": 0.013, "Actual Rows": 1, "Actual Loops": 1, "Filter": "(r_name = 'ASIA'::bpchar)", "Rows Removed by Filter": 4}]}, {"Node Type": "Sort", "Parent Relationship": "Inner", "Startup Cost": 1.83, "Total Cost": 1.89, "Plan Rows": 25, "Plan Width": 8, "Actual Startup Time": 0.026, "Actual Total Time": 0.027, "Actual Rows": 16, "Actual Loops": 1, "Sort Key": ["n1.n_regionkey"], "Sort Method": "quicksort", "Sort Space Used": 26, "Sort Space Type": "Memory", "Plans": [{"Node Type": "Seq Scan", "Parent Relationship": "Outer", "Relation Name": "nation", "Alias": "n1", "Startup Cost": 0.0, "Total Cost": 1.25, "Plan Rows": 25, "Plan Width": 8, "Actual Startup Time": 0.005, "Actual Total Time": 0.012, "Actual Rows": 25, "Actual Loops": 1}]}]}]}, {"Node Type": "Sort", "Parent Relationship": "Inner", "Startup Cost": 495721.5, "Total Cost": 495796.39, "Plan Rows": 29954, "Plan Width": 32, "Actual Startup Time": 5939.638, "Actual Total Time": 5962.894, "Actual Rows": 105359, "Actual Loops": 1, "Sort Key": ["customer.c_nationkey"], "Sort Method": "quicksort", "Sort Space Used": 14300, "Sort Space Type": "Memory", "Plans": [{"Node Type": "Nested Loop", "Parent Relationship": "Outer", "Join Type": "Inner", "Startup Cost": 447605.57, "Total Cost": 493494.35, "Plan Rows": 29954, "Plan Width": 32, "Actual Startup Time": 1845.825, "Actual Total Time": 5890.487, "Actual Rows": 119765, "Actual Loops": 1, "Inner Unique": true, "Plans": [{"Node Type": "Nested Loop", "Parent Relationship": "Outer", "Join Type": "Inner", "Startup Cost": 447605.57, "Total Cost": 477242.48, "Plan Rows": 51198, "Plan Width": 36, "Actual Startup Time": 1845.806, "Actual Total Time": 5075.608, "Actual Rows": 119765, "Actual Loops": 1, "Inner Unique": true, "Plans": [{"Node Type": "Merge Join", "Parent Relationship": "Outer", "Join Type": "Inner", "Startup Cost": 447605.57, "Total Cost": 454309.6, "Plan Rows": 74637, "Plan Width": 28, "Actual Startup Time": 1845.715, "Actual Total Time": 2129.421, "Actual Rows": 395341, "Actual Loops": 1, "Inner Unique": false, "Merge Cond": "(supplier.s_suppkey = lineitem.l_suppkey)", "Plans": [{"Node Type": "Index Scan", "Parent Relationship": "Outer", "Scan Direction": "Forward", "Index Name": "supplier_pkey", "Relation Name": "supplier", "Alias": "supplier", "Startup Cost": 0.0, "Total Cost": 5334.54, "Plan Rows": 100000, "Plan Width": 12, "Actual Startup Time": 0.023, "Actual Total Time": 62.089, "Actual Rows": 99999, "Actual Loops": 1}, {"Node Type": "Sort", "Parent Relationship": "Inner", "Startup Cost": 447605.54, "Total Cost": 447792.13, "Plan Rows": 74637, "Plan Width": 32, "Actual Startup Time": 1845.679, "Actual Total Time": 1916.12, "Actual Rows": 395341, "Actual Loops": 1, "Sort Key": ["lineitem.l_suppkey"], "Sort Method": "quicksort", "Sort Space Used": 49352, "Sort Space Type": "Memory", "Plans": [{"Node Type": "Nested Loop", "Parent Relationship": "Outer", "Join Type": "Inner", "Startup Cost": 0.0, "Total Cost": 441564.57, "Plan Rows": 74637, "Plan Width": 32, "Actual Startup Time": 0.028, "Actual Total Time": 1698.916, "Actual Rows": 395341, "Actual Loops": 1, "Inner Unique": false, "Plans": [{"Node Type": "Seq Scan", "Parent Relationship": "Outer", "Relation Name": "part", "Alias": "part", "Startup Cost": 0.0, "Total Cost": 66944.0, "Plan Rows": 13538, "Plan Width": 8, "Actual Startup Time": 0.013, "Actual Total Time": 733.115, "Actual Rows": 13163, "Actual Loops": 1, "Filter": "((p_type)::text = 'SMALL PLATED COPPER'::text)", "Rows Removed by Filter": 1986837}, {"Node Type": "Index Scan", "Parent Relationship": "Inner", "Scan Direction": "Forward", "Index Name": "idx_lineitem_part_supp", "Relation Name": "lineitem", "Alias": "lineitem", "Startup Cost": 0.0, "Total Cost": 27.61, "Plan Rows": 6, "Plan Width": 40, "Actual Startup Time": 131.025, "Actual Total Time": 870.837, "Actual Rows": 395341, "Actual Loops": 13163, "Index Cond": "(l_partkey = part.p_partkey)", "Rows Removed by Index Recheck": 0}]}]}]}, {"Node Type": "Index Scan", "Parent Relationship": "Inner", "Scan Direction": "Forward", "Index Name": "orders_pkey", "Relation Name": "orders", "Alias": "orders", "Startup Cost": 0.0, "Total Cost": 0.3, "Plan Rows": 1, "Plan Width": 24, "Actual Startup Time": 2712.149, "Actual Total Time": 2712.149, "Actual Rows": 119765, "Actual Loops": 395341, "Index Cond": "(o_orderkey = lineitem.l_orderkey)", "Rows Removed by Index Recheck": 0, "Filter": "((o_orderdate >= '1995-01-01 00:00:00'::timestamp(0) without time zone) AND (o_orderdate <= '1996-12-31 00:00:00'::timestamp(0) without time zone))", "Rows Removed by Filter": 275576}]}, {"Node Type": "Index Scan", "Parent Relationship": "Inner", "Scan Direction": "Forward", "Index Name": "customer_pkey", "Relation Name": "customer", "Alias": "customer", "Startup Cost": 0.0, "Total Cost": 0.31, "Plan Rows": 1, "Plan Width": 12, "Actual Startup Time": 712.858, "Actual Total Time": 712.858, "Actual Rows": 119765, "Actual Loops": 119765, "Index Cond": "(c_custkey = orders.o_custkey)", "Rows Removed by Index Recheck": 0}]}]}]}]}]}]}]}, "Triggers": [], "Planner Runtime": 5, "Total Runtime": 6026.352, "Unique SQL Id": 3681808042}}, "(1, 81)": {"explain_plan": {"Plan": {"Node Type": "Sort", "Startup Cost": 535424.81, "Total Cost": 535424.84, "Plan Rows": 10, "Plan Width": 50, "Sort Key": ["(date_part('year'::text, orders.o_orderdate))"], "Plans": [{"Node Type": "Aggregate", "Strategy": "Hashed", "Parent Relationship": "Outer", "Startup Cost": 535424.5, "Total Cost": 535424.65, "Plan Rows": 10, "Plan Width": 50, "Group By Key": ["date_part('year'::text, orders.o_orderdate)"], "Plans": [{"Node Type": "Merge Join", "Parent Relationship": "Outer", "Join Type": "Inner", "Startup Cost": 535187.15, "Total Cost": 535304.68, "Plan Rows": 5991, "Plan Width": 50, "Inner Unique": false, "Merge Cond": "(n2.n_nationkey = supplier.s_nationkey)", "Plans": [{"Node Type": "Index Scan", "Parent Relationship": "Outer", "Scan Direction": "Forward", "Index Name": "nation_pkey", "Relation Name": "nation", "Alias": "n2", "Startup Cost": 0.0, "Total Cost": 12.62, "Plan Rows": 25, "Plan Width": 30}, {"Node Type": "Sort", "Parent Relationship": "Inner", "Startup Cost": 535187.15, "Total Cost": 535202.12, "Plan Rows": 5991, "Plan Width": 28, "Sort Key": ["supplier.s_nationkey"], "Plans": [{"Node Type": "Merge Join", "Parent Relationship": "Outer", "Join Type": "Inner", "Startup Cost": 534601.55, "Total Cost": 534811.25, "Plan Rows": 5991, "Plan Width": 28, "Inner Unique": false, "Merge Cond": "(n1.n_nationkey = customer.c_nationkey)", "Plans": [{"Node Type": "Sort", "Parent Relationship": "Outer", "Startup Cost": 20.8, "Total Cost": 20.81, "Plan Rows": 5, "Plan Width": 4, "Sort Key": ["n1.n_nationkey"], "Plans": [{"Node Type": "Nested Loop", "Parent Relationship": "Outer", "Join Type": "Inner", "Startup Cost": 0.0, "Total Cost": 20.74, "Plan Rows": 5, "Plan Width": 4, "Inner Unique": false, "Plans": [{"Node Type": "Index Scan", "Parent Relationship": "Outer", "Scan Direction": "Forward", "Index Name": "region_pkey", "Relation Name": "region", "Alias": "region", "Startup Cost": 0.0, "Total Cost": 12.34, "Plan Rows": 1, "Plan Width": 4, "Filter": "(r_name = 'ASIA'::bpchar)"}, {"Node Type": "Index Scan", "Parent Relationship": "Inner", "Scan Direction": "Forward", "Index Name": "idx_nation_regionkey", "Relation Name": "nation", "Alias": "n1", "Startup Cost": 0.0, "Total Cost": 8.35, "Plan Rows": 5, "Plan Width": 8, "Index Cond": "(n_regionkey = region.r_regionkey)"}]}]}, {"Node Type": "Sort", "Parent Relationship": "Inner", "Startup Cost": 534580.75, "Total Cost": 534655.64, "Plan Rows": 29954, "Plan Width": 32, "Sort Key": ["customer.c_nationkey"], "Plans": [{"Node Type": "Nested Loop", "Parent Relationship": "Outer", "Join Type": "Inner", "Startup Cost": 486464.82, "Total Cost": 532353.6, "Plan Rows": 29954, "Plan Width": 32, "Inner Unique": true, "Plans": [{"Node Type": "Nested Loop", "Parent Relationship": "Outer", "Join Type": "Inner", "Startup Cost": 486464.82, "Total Cost": 516101.73, "Plan Rows": 51198, "Plan Width": 36, "Inner Unique": true, "Plans": [{"Node Type": "Merge Join", "Parent Relationship": "Outer", "Join Type": "Inner", "Startup Cost": 486464.82, "Total Cost": 493168.85, "Plan Rows": 74637, "Plan Width": 28, "Inner Unique": true, "Merge Cond": "(lineitem.l_suppkey = supplier.s_suppkey)", "Plans": [{"Node Type": "Sort", "Parent Relationship": "Outer", "Startup Cost": 486464.79, "Total Cost": 486651.38, "Plan Rows": 74637, "Plan Width": 32, "Sort Key": ["lineitem.l_suppkey"], "Plans": [{"Node Type": "Nested Loop", "Parent Relationship": "Outer", "Join Type": "Inner", "Startup Cost": 0.0, "Total Cost": 480423.82, "Plan Rows": 74637, "Plan Width": 32, "Inner Unique": false, "Plans": [{"Node Type": "Index Scan", "Parent Relationship": "Outer", "Scan Direction": "Forward", "Index Name": "part_kpey", "Relation Name": "part", "Alias": "part", "Startup Cost": 0.0, "Total Cost": 105803.25, "Plan Rows": 13538, "Plan Width": 8, "Filter": "((p_type)::text = 'SMALL PLATED COPPER'::text)"}, {"Node Type": "Index Scan", "Parent Relationship": "Inner", "Scan Direction": "Forward", "Index Name": "idx_lineitem_part_supp", "Relation Name": "lineitem", "Alias": "lineitem", "Startup Cost": 0.0, "Total Cost": 27.61, "Plan Rows": 6, "Plan Width": 40, "Index Cond": "(l_partkey = part.p_partkey)"}]}]}, {"Node Type": "Index Scan", "Parent Relationship": "Inner", "Scan Direction": "Forward", "Index Name": "supplier_pkey", "Relation Name": "supplier", "Alias": "supplier", "Startup Cost": 0.0, "Total Cost": 5334.54, "Plan Rows": 100000, "Plan Width": 12}]}, {"Node Type": "Index Scan", "Parent Relationship": "Inner", "Scan Direction": "Forward", "Index Name": "orders_pkey", "Relation Name": "orders", "Alias": "orders", "Startup Cost": 0.0, "Total Cost": 0.3, "Plan Rows": 1, "Plan Width": 24, "Index Cond": "(o_orderkey = lineitem.l_orderkey)", "Filter": "((o_orderdate >= '1995-01-01 00:00:00'::timestamp(0) without time zone) AND (o_orderdate <= '1996-12-31 00:00:00'::timestamp(0) without time zone))"}]}, {"Node Type": "Index Scan", "Parent Relationship": "Inner", "Scan Direction": "Forward", "Index Name": "customer_pkey", "Relation Name": "customer", "Alias": "customer", "Startup Cost": 0.0, "Total Cost": 0.31, "Plan Rows": 1, "Plan Width": 12, "Index Cond": "(c_custkey = orders.o_custkey)"}]}]}]}]}]}]}]}, "Unique SQL Id": 3681808042, "Planner Runtime": 5}, "explain_analyze_plan": {"Plan": {"Node Type": "Sort", "Startup Cost": 535424.81, "Total Cost": 535424.84, "Plan Rows": 10, "Plan Width": 50, "Actual Startup Time": 6959.875, "Actual Total Time": 6959.875, "Actual Rows": 2, "Actual Loops": 1, "Sort Key": ["(date_part('year'::text, orders.o_orderdate))"], "Sort Method": "quicksort", "Sort Space Used": 25, "Sort Space Type": "Memory", "Plans": [{"Node Type": "Aggregate", "Strategy": "Hashed", "Parent Relationship": "Outer", "Startup Cost": 535424.5, "Total Cost": 535424.65, "Plan Rows": 10, "Plan Width": 50, "Actual Startup Time": 6959.859, "Actual Total Time": 6959.86, "Actual Rows": 2, "Actual Loops": 1, "Group By Key": ["date_part('year'::text, orders.o_orderdate)"], "Plans": [{"Node Type": "Merge Join", "Parent Relationship": "Outer", "Join Type": "Inner", "Startup Cost": 535187.15, "Total Cost": 535304.68, "Plan Rows": 5991, "Plan Width": 50, "Actual Startup Time": 6924.274, "Actual Total Time": 6940.714, "Actual Rows": 23929, "Actual Loops": 1, "Inner Unique": false, "Merge Cond": "(n2.n_nationkey = supplier.s_nationkey)", "Plans": [{"Node Type": "Index Scan", "Parent Relationship": "Outer", "Scan Direction": "Forward", "Index Name": "nation_pkey", "Relation Name": "nation", "Alias": "n2", "Startup Cost": 0.0, "Total Cost": 12.62, "Plan Rows": 25, "Plan Width": 30, "Actual Startup Time": 0.013, "Actual Total Time": 0.056, "Actual Rows": 25, "Actual Loops": 1}, {"Node Type": "Sort", "Parent Relationship": "Inner", "Startup Cost": 535187.15, "Total Cost": 535202.12, "Plan Rows": 5991, "Plan Width": 28, "Actual Startup Time": 6924.207, "Actual Total Time": 6926.882, "Actual Rows": 23929, "Actual Loops": 1, "Sort Key": ["supplier.s_nationkey"], "Sort Method": "quicksort", "Sort Space Used": 3012, "Sort Space Type": "Memory", "Plans": [{"Node Type": "Merge Join", "Parent Relationship": "Outer", "Join Type": "Inner", "Startup Cost": 534601.55, "Total Cost": 534811.25, "Plan Rows": 5991, "Plan Width": 28, "Actual Startup Time": 6893.587, "Actual Total Time": 6917.511, "Actual Rows": 23929, "Actual Loops": 1, "Inner Unique": false, "Merge Cond": "(n1.n_nationkey = customer.c_nationkey)", "Plans": [{"Node Type": "Sort", "Parent Relationship": "Outer", "Startup Cost": 20.8, "Total Cost": 20.81, "Plan Rows": 5, "Plan Width": 4, "Actual Startup Time": 0.036, "Actual Total Time": 0.04, "Actual Rows": 5, "Actual Loops": 1, "Sort Key": ["n1.n_nationkey"], "Sort Method": "quicksort", "Sort Space Used": 25, "Sort Space Type": "Memory", "Plans": [{"Node Type": "Nested Loop", "Parent Relationship": "Outer", "Join Type": "Inner", "Startup Cost": 0.0, "Total Cost": 20.74, "Plan Rows": 5, "Plan Width": 4, "Actual Startup Time": 0.019, "Actual Total Time": 0.026, "Actual Rows": 5, "Actual Loops": 1, "Inner Unique": false, "Plans": [{"Node Type": "Index Scan", "Parent Relationship": "Outer", "Scan Direction": "Forward", "Index Name": "region_pkey", "Relation Name": "region", "Alias": "region", "Startup Cost": 0.0, "Total Cost": 12.34, "Plan Rows": 1, "Plan Width": 4, "Actual Startup Time": 0.011, "Actual Total Time": 0.013, "Actual Rows": 1, "Actual Loops": 1, "Filter": "(r_name = 'ASIA'::bpchar)", "Rows Removed by Filter": 4}, {"Node Type": "Index Scan", "Parent Relationship": "Inner", "Scan Direction": "Forward", "Index Name": "idx_nation_regionkey", "Relation Name": "nation", "Alias": "n1", "Startup Cost": 0.0, "Total Cost": 8.35, "Plan Rows": 5, "Plan Width": 8, "Actual Startup Time": 0.005, "Actual Total Time": 0.009, "Actual Rows": 5, "Actual Loops": 1, "Index Cond": "(n_regionkey = region.r_regionkey)", "Rows Removed by Index Recheck": 0}]}]}, {"Node Type": "Sort", "Parent Relationship": "Inner", "Startup Cost": 534580.75, "Total Cost": 534655.64, "Plan Rows": 29954, "Plan Width": 32, "Actual Startup Time": 6880.512, "Actual Total Time": 6899.632, "Actual Rows": 105359, "Actual Loops": 1, "Sort Key": ["customer.c_nationkey"], "Sort Method": "quicksort", "Sort Space Used": 14300, "Sort Space Type": "Memory", "Plans": [{"Node Type": "Nested Loop", "Parent Relationship": "Outer", "Join Type": "Inner", "Startup Cost": 486464.82, "Total Cost": 532353.6, "Plan Rows": 29954, "Plan Width": 32, "Actual Startup Time": 2565.294, "Actual Total Time": 6831.916, "Actual Rows": 119765, "Actual Loops": 1, "Inner Unique": true, "Plans": [{"Node Type": "Nested Loop", "Parent Relationship": "Outer", "Join Type": "Inner", "Startup Cost": 486464.82, "Total Cost": 516101.73, "Plan Rows": 51198, "Plan Width": 36, "Actual Startup Time": 2565.278, "Actual Total Time": 5973.606, "Actual Rows": 119765, "Actual Loops": 1, "Inner Unique": true, "Plans": [{"Node Type": "Merge Join", "Parent Relationship": "Outer", "Join Type": "Inner", "Startup Cost": 486464.82, "Total Cost": 493168.85, "Plan Rows": 74637, "Plan Width": 28, "Actual Startup Time": 2565.197, "Actual Total Time": 2867.524, "Actual Rows": 395341, "Actual Loops": 1, "Inner Unique": true, "Merge Cond": "(lineitem.l_suppkey = supplier.s_suppkey)", "Plans": [{"Node Type": "Sort", "Parent Relationship": "Outer", "Startup Cost": 486464.79, "Total Cost": 486651.38, "Plan Rows": 74637, "Plan Width": 32, "Actual Startup Time": 2565.13, "Actual Total Time": 2645.493, "Actual Rows": 395341, "Actual Loops": 1, "Sort Key": ["lineitem.l_suppkey"], "Sort Method": "quicksort", "Sort Space Used": 49352, "Sort Space Type": "Memory", "Plans": [{"Node Type": "Nested Loop", "Parent Relationship": "Outer", "Join Type": "Inner", "Startup Cost": 0.0, "Total Cost": 480423.82, "Plan Rows": 74637, "Plan Width": 32, "Actual Startup Time": 0.035, "Actual Total Time": 2416.997, "Actual Rows": 395341, "Actual Loops": 1, "Inner Unique": false, "Plans": [{"Node Type": "Index Scan", "Parent Relationship": "Outer", "Scan Direction": "Forward", "Index Name": "part_kpey", "Relation Name": "part", "Alias": "part", "Startup Cost": 0.0, "Total Cost": 105803.25, "Plan Rows": 13538, "Plan Width": 8, "Actual Startup Time": 0.023, "Actual Total Time": 1341.461, "Actual Rows": 13163, "Actual Loops": 1, "Filter": "((p_type)::text = 'SMALL PLATED COPPER'::text)", "Rows Removed by Filter": 1986837}, {"Node Type": "Index Scan", "Parent Relationship": "Inner", "Scan Direction": "Forward", "Index Name": "idx_lineitem_part_supp", "Relation Name": "lineitem", "Alias": "lineitem", "Startup Cost": 0.0, "Total Cost": 27.61, "Plan Rows": 6, "Plan Width": 40, "Actual Startup Time": 133.224, "Actual Total Time": 982.499, "Actual Rows": 395341, "Actual Loops": 13163, "Index Cond": "(l_partkey = part.p_partkey)", "Rows Removed by Index Recheck": 0}]}]}, {"Node Type": "Index Scan", "Parent Relationship": "Inner", "Scan Direction": "Forward", "Index Name": "supplier_pkey", "Relation Name": "supplier", "Alias": "supplier", "Startup Cost": 0.0, "Total Cost": 5334.54, "Plan Rows": 100000, "Plan Width": 12, "Actual Startup Time": 0.049, "Actual Total Time": 64.999, "Actual Rows": 99998, "Actual Loops": 1}]}, {"Node Type": "Index Scan", "Parent Relationship": "Inner", "Scan Direction": "Forward", "Index Name": "orders_pkey", "Relation Name": "orders", "Alias": "orders", "Startup Cost": 0.0, "Total Cost": 0.3, "Plan Rows": 1, "Plan Width": 24, "Actual Startup Time": 2871.443, "Actual Total Time": 2871.443, "Actual Rows": 119765, "Actual Loops": 395341, "Index Cond": "(o_orderkey = lineitem.l_orderkey)", "Rows Removed by Index Recheck": 0, "Filter": "((o_orderdate >= '1995-01-01 00:00:00'::timestamp(0) without time zone) AND (o_orderdate <= '1996-12-31 00:00:00'::timestamp(0) without time zone))", "Rows Removed by Filter": 275576}]}, {"Node Type": "Index Scan", "Parent Relationship": "Inner", "Scan Direction": "Forward", "Index Name": "customer_pkey", "Relation Name": "customer", "Alias": "customer", "Startup Cost": 0.0, "Total Cost": 0.31, "Plan Rows": 1, "Plan Width": 12, "Actual Startup Time": 753.627, "Actual Total Time": 753.627, "Actual Rows": 119765, "Actual Loops": 119765, "Index Cond": "(c_custkey = orders.o_custkey)", "Rows Removed by Index Recheck": 0}]}]}]}]}]}]}]}, "Triggers": [], "Planner Runtime": 4, "Total Runtime": 6960.328, "Unique SQL Id": 3681808042}}, "(1, 82)": {"explain_plan": {"Plan": {"Node Type": "Sort", "Startup Cost": 858712.57, "Total Cost": 858712.59, "Plan Rows": 10, "Plan Width": 50, "Sort Key": ["(date_part('year'::text, orders.o_orderdate))"], "Plans": [{"Node Type": "Aggregate", "Strategy": "Hashed", "Parent Relationship": "Outer", "Startup Cost": 858712.25, "Total Cost": 858712.4, "Plan Rows": 10, "Plan Width": 50, "Group By Key": ["date_part('year'::text, orders.o_orderdate)"], "Plans": [{"Node Type": "Merge Join", "Parent Relationship": "Outer", "Join Type": "Inner", "Startup Cost": 858487.47, "Total Cost": 858592.43, "Plan Rows": 5991, "Plan Width": 50, "Inner Unique": false, "Merge Cond": "(n2.n_nationkey = supplier.s_nationkey)", "Plans": [{"Node Type": "Sort", "Parent Relationship": "Outer", "Startup Cost": 1.83, "Total Cost": 1.89, "Plan Rows": 25, "Plan Width": 30, "Sort Key": ["n2.n_nationkey"], "Plans": [{"Node Type": "Seq Scan", "Parent Relationship": "Outer", "Relation Name": "nation", "Alias": "n2", "Startup Cost": 0.0, "Total Cost": 1.25, "Plan Rows": 25, "Plan Width": 30}]}, {"Node Type": "Sort", "Parent Relationship": "Inner", "Startup Cost": 858485.64, "Total Cost": 858500.61, "Plan Rows": 5991, "Plan Width": 28, "Sort Key": ["supplier.s_nationkey"], "Plans": [{"Node Type": "Merge Join", "Parent Relationship": "Outer", "Join Type": "Inner", "Startup Cost": 857512.27, "Total Cost": 858109.74, "Plan Rows": 5991, "Plan Width": 28, "Inner Unique": true, "Merge Cond": "(lineitem.l_suppkey = supplier.s_suppkey)", "Plans": [{"Node Type": "Sort", "Parent Relationship": "Outer", "Startup Cost": 845924.44, "Total Cost": 845967.68, "Plan Rows": 17296, "Plan Width": 32, "Sort Key": ["lineitem.l_suppkey"], "Plans": [{"Node Type": "Merge Join", "Parent Relationship": "Outer", "Join Type": "Inner", "Startup Cost": 841820.47, "Total Cost": 844706.96, "Plan Rows": 17296, "Plan Width": 32, "Inner Unique": false, "Merge Cond": "(orders.o_custkey = customer.c_custkey)", "Plans": [{"Node Type": "Sort", "Parent Relationship": "Outer", "Startup Cost": 777363.03, "Total Cost": 777579.23, "Plan Rows": 86479, "Plan Width": 40, "Sort Key": ["orders.o_custkey"], "Plans": [{"Node Type": "Nested Loop", "Parent Relationship": "Outer", "Join Type": "Inner", "Startup Cost": 4.47, "Total Cost": 770271.73, "Plan Rows": 86479, "Plan Width": 40, "Inner Unique": true, "Plans": [{"Node Type": "Nested Loop", "Parent Relationship": "Outer", "Join Type": "Inner", "Startup Cost": 4.21, "Total Cost": 450147.9, "Plan Rows": 74637, "Plan Width": 32, "Inner Unique": false, "Plans": [{"Node Type": "Seq Scan", "Parent Relationship": "Outer", "Relation Name": "part", "Alias": "part", "Startup Cost": 0.0, "Total Cost": 66944.0, "Plan Rows": 13538, "Plan Width": 8, "Filter": "((p_type)::text = 'SMALL PLATED COPPER'::text)"}, {"Node Type": "Bitmap Heap Scan", "Parent Relationship": "Inner", "Relation Name": "lineitem", "Alias": "lineitem", "Startup Cost": 4.21, "Total Cost": 28.25, "Plan Rows": 6, "Plan Width": 40, "Recheck Cond": "(l_partkey = part.p_partkey)", "Plans": [{"Node Type": "Bitmap Index Scan", "Parent Relationship": "Outer", "Index Name": "idx_lineitem_part_supp", "Startup Cost": 0.0, "Total Cost": 4.21, "Plan Rows": 6, "Plan Width": 0, "Index Cond": "(l_partkey = part.p_partkey)"}]}]}, {"Node Type": "Bitmap Heap Scan", "Parent Relationship": "Inner", "Relation Name": "orders", "Alias": "orders", "Startup Cost": 0.26, "Total Cost": 4.28, "Plan Rows": 1, "Plan Width": 24, "Recheck Cond": "(o_orderkey = lineitem.l_orderkey)", "Filter": "((o_orderdate >= '1995-01-01 00:00:00'::timestamp(0) without time zone) AND (o_orderdate <= '1996-12-31 00:00:00'::timestamp(0) without time zone))", "Plans": [{"Node Type": "Bitmap Index Scan", "Parent Relationship": "Outer", "Index Name": "orders_pkey", "Startup Cost": 0.0, "Total Cost": 0.26, "Plan Rows": 1, "Plan Width": 0, "Index Cond": "(o_orderkey = lineitem.l_orderkey)"}]}]}]}, {"Node Type": "Sort", "Parent Relationship": "Inner", "Startup Cost": 64457.4, "Total Cost": 65207.4, "Plan Rows": 300000, "Plan Width": 8, "Sort Key": ["customer.c_custkey"], "Plans": [{"Node Type": "Nested Loop", "Parent Relationship": "Outer", "Join Type": "Inner", "Startup Cost": 1033.27, "Total Cost": 37165.49, "Plan Rows": 300000, "Plan Width": 8, "Inner Unique": false, "Plans": [{"Node Type": "Merge Join", "Parent Relationship": "Outer", "Join Type": "Inner", "Startup Cost": 2.9, "Total Cost": 3.09, "Plan Rows": 5, "Plan Width": 4, "Inner Unique": false, "Merge Cond": "(region.r_regionkey = n1.n_regionkey)", "Plans": [{"Node Type": "Sort", "Parent Relationship": "Outer", "Startup Cost": 1.07, "Total Cost": 1.08, "Plan Rows": 1, "Plan Width": 4, "Sort Key": ["region.r_regionkey"], "Plans": [{"Node Type": "Seq Scan", "Parent Relationship": "Outer", "Relation Name": "region", "Alias": "region", "Startup Cost": 0.0, "Total Cost": 1.06, "Plan Rows": 1, "Plan Width": 4, "Filter": "(r_name = 'ASIA'::bpchar)"}]}, {"Node Type": "Sort", "Parent Relationship": "Inner", "Startup Cost": 1.83, "Total Cost": 1.89, "Plan Rows": 25, "Plan Width": 8, "Sort Key": ["n1.n_regionkey"], "Plans": [{"Node Type": "Seq Scan", "Parent Relationship": "Outer", "Relation Name": "nation", "Alias": "n1", "Startup Cost": 0.0, "Total Cost": 1.25, "Plan Rows": 25, "Plan Width": 8}]}]}, {"Node Type": "Bitmap Heap Scan", "Parent Relationship": "Inner", "Relation Name": "customer", "Alias": "customer", "Startup Cost": 1030.37, "Total Cost": 6832.48, "Plan Rows": 60000, "Plan Width": 12, "Recheck Cond": "(c_nationkey = n1.n_nationkey)", "Plans": [{"Node Type": "Bitmap Index Scan", "Parent Relationship": "Outer", "Index Name": "idx_customer_nationkey", "Startup Cost": 0.0, "Total Cost": 1015.37, "Plan Rows": 60000, "Plan Width": 0, "Index Cond": "(c_nationkey = n1.n_nationkey)"}]}]}]}]}]}, {"Node Type": "Sort", "Parent Relationship": "Inner", "Startup Cost": 11587.82, "Total Cost": 11837.82, "Plan Rows": 100000, "Plan Width": 12, "Sort Key": ["supplier.s_suppkey"], "Plans": [{"Node Type": "Seq Scan", "Parent Relationship": "Outer", "Relation Name": "supplier", "Alias": "supplier", "Startup Cost": 0.0, "Total Cost": 3283.0, "Plan Rows": 100000, "Plan Width": 12}]}]}]}]}]}]}, "Unique SQL Id": 3681808042, "Planner Runtime": 5}, "explain_analyze_plan": {"Plan": {"Node Type": "Sort", "Startup Cost": 858712.57, "Total Cost": 858712.59, "Plan Rows": 10, "Plan Width": 50, "Actual Startup Time": 7174.647, "Actual Total Time": 7174.647, "Actual Rows": 2, "Actual Loops": 1, "Sort Key": ["(date_part('year'::text, orders.o_orderdate))"], "Sort Method": "quicksort", "Sort Space Used": 25, "Sort Space Type": "Memory", "Plans": [{"Node Type": "Aggregate", "Strategy": "Hashed", "Parent Relationship": "Outer", "Startup Cost": 858712.25, "Total Cost": 858712.4, "Plan Rows": 10, "Plan Width": 50, "Actual Startup Time": 7174.628, "Actual Total Time": 7174.63, "Actual Rows": 2, "Actual Loops": 1, "Group By Key": ["date_part('year'::text, orders.o_orderdate)"], "Plans": [{"Node Type": "Merge Join", "Parent Relationship": "Outer", "Join Type": "Inner", "Startup Cost": 858487.47, "Total Cost": 858592.43, "Plan Rows": 5991, "Plan Width": 50, "Actual Startup Time": 7139.655, "Actual Total Time": 7155.367, "Actual Rows": 23929, "Actual Loops": 1, "Inner Unique": false, "Merge Cond": "(n2.n_nationkey = supplier.s_nationkey)", "Plans": [{"Node Type": "Sort", "Parent Relationship": "Outer", "Startup Cost": 1.83, "Total Cost": 1.89, "Plan Rows": 25, "Plan Width": 30, "Actual Startup Time": 0.04, "Actual Total Time": 0.042, "Actual Rows": 25, "Actual Loops": 1, "Sort Key": ["n2.n_nationkey"], "Sort Method": "quicksort", "Sort Space Used": 27, "Sort Space Type": "Memory", "Plans": [{"Node Type": "Seq Scan", "Parent Relationship": "Outer", "Relation Name": "nation", "Alias": "n2", "Startup Cost": 0.0, "Total Cost": 1.25, "Plan Rows": 25, "Plan Width": 30, "Actual Startup Time": 0.017, "Actual Total Time": 0.024, "Actual Rows": 25, "Actual Loops": 1}]}, {"Node Type": "Sort", "Parent Relationship": "Inner", "Startup Cost": 858485.64, "Total Cost": 858500.61, "Plan Rows": 5991, "Plan Width": 28, "Actual Startup Time": 7139.571, "Actual Total Time": 7142.242, "Actual Rows": 23929, "Actual Loops": 1, "Sort Key": ["supplier.s_nationkey"], "Sort Method": "quicksort", "Sort Space Used": 3012, "Sort Space Type": "Memory", "Plans": [{"Node Type": "Merge Join", "Parent Relationship": "Outer", "Join Type": "Inner", "Startup Cost": 857512.27, "Total Cost": 858109.74, "Plan Rows": 5991, "Plan Width": 28, "Actual Startup Time": 7095.725, "Actual Total Time": 7132.741, "Actual Rows": 23929, "Actual Loops": 1, "Inner Unique": true, "Merge Cond": "(lineitem.l_suppkey = supplier.s_suppkey)", "Plans": [{"Node Type": "Sort", "Parent Relationship": "Outer", "Startup Cost": 845924.44, "Total Cost": 845967.68, "Plan Rows": 17296, "Plan Width": 32, "Actual Startup Time": 7031.354, "Actual Total Time": 7034.98, "Actual Rows": 23929, "Actual Loops": 1, "Sort Key": ["lineitem.l_suppkey"], "Sort Method": "quicksort", "Sort Space Used": 3012, "Sort Space Type": "Memory", "Plans": [{"Node Type": "Merge Join", "Parent Relationship": "Outer", "Join Type": "Inner", "Startup Cost": 841820.47, "Total Cost": 844706.96, "Plan Rows": 17296, "Plan Width": 32, "Actual Startup Time": 6882.769, "Actual Total Time": 7022.359, "Actual Rows": 23929, "Actual Loops": 1, "Inner Unique": false, "Merge Cond": "(orders.o_custkey = customer.c_custkey)", "Plans": [{"Node Type": "Sort", "Parent Relationship": "Outer", "Startup Cost": 777363.03, "Total Cost": 777579.23, "Plan Rows": 86479, "Plan Width": 40, "Actual Startup Time": 6158.324, "Actual Total Time": 6185.148, "Actual Rows": 119765, "Actual Loops": 1, "Sort Key": ["orders.o_custkey"], "Sort Method": "quicksort", "Sort Space Used": 14300, "Sort Space Type": "Memory", "Plans": [{"Node Type": "Nested Loop", "Parent Relationship": "Outer", "Join Type": "Inner", "Startup Cost": 4.47, "Total Cost": 770271.73, "Plan Rows": 86479, "Plan Width": 40, "Actual Startup Time": 0.168, "Actual Total Time": 6092.675, "Actual Rows": 119765, "Actual Loops": 1, "Inner Unique": true, "Plans": [{"Node Type": "Nested Loop", "Parent Relationship": "Outer", "Join Type": "Inner", "Startup Cost": 4.21, "Total Cost": 450147.9, "Plan Rows": 74637, "Plan Width": 32, "Actual Startup Time": 0.101, "Actual Total Time": 2171.061, "Actual Rows": 395341, "Actual Loops": 1, "Inner Unique": false, "Plans": [{"Node Type": "Seq Scan", "Parent Relationship": "Outer", "Relation Name": "part", "Alias": "part", "Startup Cost": 0.0, "Total Cost": 66944.0, "Plan Rows": 13538, "Plan Width": 8, "Actual Startup Time": 0.019, "Actual Total Time": 762.417, "Actual Rows": 13163, "Actual Loops": 1, "Filter": "((p_type)::text = 'SMALL PLATED COPPER'::text)", "Rows Removed by Filter": 1986837}, {"Node Type": "Bitmap Heap Scan", "Parent Relationship": "Inner", "Relation Name": "lineitem", "Alias": "lineitem", "Startup Cost": 4.21, "Total Cost": 28.25, "Plan Rows": 6, "Plan Width": 40, "Actual Startup Time": 248.31, "Actual Total Time": 1290.288, "Actual Rows": 395341, "Actual Loops": 13163, "Recheck Cond": "(l_partkey = part.p_partkey)", "Rows Removed by Index Recheck": 0, "Exact Heap Blocks": 395337, "Lossy Heap Blocks": 395337, "Plans": [{"Node Type": "Bitmap Index Scan", "Parent Relationship": "Outer", "Index Name": "idx_lineitem_part_supp", "Startup Cost": 0.0, "Total Cost": 4.21, "Plan Rows": 6, "Plan Width": 0, "Actual Startup Time": 156.657, "Actual Total Time": 156.657, "Actual Rows": 395341, "Actual Loops": 13163, "Index Cond": "(l_partkey = part.p_partkey)"}]}]}, {"Node Type": "Bitmap Heap Scan", "Parent Relationship": "Inner", "Relation Name": "orders", "Alias": "orders", "Startup Cost": 0.26, "Total Cost": 4.28, "Plan Rows": 1, "Plan Width": 24, "Actual Startup Time": 3443.332, "Actual Total Time": 3443.332, "Actual Rows": 119765, "Actual Loops": 395341, "Recheck Cond": "(o_orderkey = lineitem.l_orderkey)", "Rows Removed by Index Recheck": 0, "Filter": "((o_orderdate >= '1995-01-01 00:00:00'::timestamp(0) without time zone) AND (o_orderdate <= '1996-12-31 00:00:00'::timestamp(0) without time zone))", "Rows Removed by Filter": 275576, "Exact Heap Blocks": 395341, "Lossy Heap Blocks": 395341, "Plans": [{"Node Type": "Bitmap Index Scan", "Parent Relationship": "Outer", "Index Name": "orders_pkey", "Startup Cost": 0.0, "Total Cost": 0.26, "Plan Rows": 1, "Plan Width": 0, "Actual Startup Time": 2131.666, "Actual Total Time": 2131.666, "Actual Rows": 395341, "Actual Loops": 395341, "Index Cond": "(o_orderkey = lineitem.l_orderkey)"}]}]}]}, {"Node Type": "Sort", "Parent Relationship": "Inner", "Startup Cost": 64457.4, "Total Cost": 65207.4, "Plan Rows": 300000, "Plan Width": 8, "Actual Startup Time": 724.432, "Actual Total Time": 772.634, "Actual Rows": 301987, "Actual Loops": 1, "Sort Key": ["customer.c_custkey"], "Sort Method": "quicksort", "Sort Space Used": 31055, "Sort Space Type": "Memory", "Plans": [{"Node Type": "Nested Loop", "Parent Relationship": "Outer", "Join Type": "Inner", "Startup Cost": 1033.27, "Total Cost": 37165.49, "Plan Rows": 300000, "Plan Width": 8, "Actual Startup Time": 19.075, "Actual Total Time": 626.567, "Actual Rows": 300270, "Actual Loops": 1, "Inner Unique": false, "Plans": [{"Node Type": "Merge Join", "Parent Relationship": "Outer", "Join Type": "Inner", "Startup Cost": 2.9, "Total Cost": 3.09, "Plan Rows": 5, "Plan Width": 4, "Actual Startup Time": 0.084, "Actual Total Time": 0.12, "Actual Rows": 5, "Actual Loops": 1, "Inner Unique": false, "Merge Cond": "(region.r_regionkey = n1.n_regionkey)", "Plans": [{"Node Type": "Sort", "Parent Relationship": "Outer", "Startup Cost": 1.07, "Total Cost": 1.08, "Plan Rows": 1, "Plan Width": 4, "Actual Startup Time": 0.042, "Actual Total Time": 0.043, "Actual Rows": 1, "Actual Loops": 1, "Sort Key": ["region.r_regionkey"], "Sort Method": "quicksort", "Sort Space Used": 25, "Sort Space Type": "Memory", "Plans": [{"Node Type": "Seq Scan", "Parent Relationship": "Outer", "Relation Name": "region", "Alias": "region", "Startup Cost": 0.0, "Total Cost": 1.06, "Plan Rows": 1, "Plan Width": 4, "Actual Startup Time": 0.03, "Actual Total Time": 0.031, "Actual Rows": 1, "Actual Loops": 1, "Filter": "(r_name = 'ASIA'::bpchar)", "Rows Removed by Filter": 4}]}, {"Node Type": "Sort", "Parent Relationship": "Inner", "Startup Cost": 1.83, "Total Cost": 1.89, "Plan Rows": 25, "Plan Width": 8, "Actual Startup Time": 0.028, "Actual Total Time": 0.037, "Actual Rows": 16, "Actual Loops": 1, "Sort Key": ["n1.n_regionkey"], "Sort Method": "quicksort", "Sort Space Used": 26, "Sort Space Type": "Memory", "Plans": [{"Node Type": "Seq Scan", "Parent Relationship": "Outer", "Relation Name": "nation", "Alias": "n1", "Startup Cost": 0.0, "Total Cost": 1.25, "Plan Rows": 25, "Plan Width": 8, "Actual Startup Time": 0.011, "Actual Total Time": 0.015, "Actual Rows": 25, "Actual Loops": 1}]}]}, {"Node Type": "Bitmap Heap Scan", "Parent Relationship": "Inner", "Relation Name": "customer", "Alias": "customer", "Startup Cost": 1030.37, "Total Cost": 6832.48, "Plan Rows": 60000, "Plan Width": 12, "Actual Startup Time": 93.328, "Actual Total Time": 573.154, "Actual Rows": 300270, "Actual Loops": 5, "Recheck Cond": "(c_nationkey = n1.n_nationkey)", "Rows Removed by Index Recheck": 0, "Exact Heap Blocks": 150032, "Lossy Heap Blocks": 150032, "Plans": [{"Node Type": "Bitmap Index Scan", "Parent Relationship": "Outer", "Index Name": "idx_customer_nationkey", "Startup Cost": 0.0, "Total Cost": 1015.37, "Plan Rows": 60000, "Plan Width": 0, "Actual Startup Time": 60.287, "Actual Total Time": 60.287, "Actual Rows": 300270, "Actual Loops": 5, "Index Cond": "(c_nationkey = n1.n_nationkey)"}]}]}]}]}]}, {"Node Type": "Sort", "Parent Relationship": "Inner", "Startup Cost": 11587.82, "Total Cost": 11837.82, "Plan Rows": 100000, "Plan Width": 12, "Actual Startup Time": 64.355, "Actual Total Time": 74.499, "Actual Rows": 99998, "Actual Loops": 1, "Sort Key": ["supplier.s_suppkey"], "Sort Method": "quicksort", "Sort Space Used": 12448, "Sort Space Type": "Memory", "Plans": [{"Node Type": "Seq Scan", "Parent Relationship": "Outer", "Relation Name": "supplier", "Alias": "supplier", "Startup Cost": 0.0, "Total Cost": 3283.0, "Plan Rows": 100000, "Plan Width": 12, "Actual Startup Time": 0.037, "Actual Total Time": 33.674, "Actual Rows": 100000, "Actual Loops": 1}]}]}]}]}]}]}, "Triggers": [], "Planner Runtime": 4, "Total Runtime": 7175.21, "Unique SQL Id": 3681808042}}, "(1, 83)": {"explain_plan": {"Plan": {"Node Type": "Sort", "Startup Cost": 66661878.45, "Total Cost": 66661878.48, "Plan Rows": 10, "Plan Width": 50, "Sort Key": ["(date_part('year'::text, orders.o_orderdate))"], "Plans": [{"Node Type": "Aggregate", "Strategy": "Hashed", "Parent Relationship": "Outer", "Startup Cost": 66661878.14, "Total Cost": 66661878.29, "Plan Rows": 10, "Plan Width": 50, "Group By Key": ["date_part('year'::text, orders.o_orderdate)"], "Plans": [{"Node Type": "Nested Loop", "Parent Relationship": "Outer", "Join Type": "Inner", "Startup Cost": 115915.31, "Total Cost": 66661758.32, "Plan Rows": 5991, "Plan Width": 50, "Inner Unique": true, "Plans": [{"Node Type": "Nested Loop", "Parent Relationship": "Outer", "Join Type": "Inner", "Startup Cost": 115915.05, "Total Cost": 66636099.88, "Plan Rows": 5991, "Plan Width": 28, "Inner Unique": true, "Plans": [{"Node Type": "Nested Loop", "Parent Relationship": "Outer", "Join Type": "Inner", "Startup Cost": 115914.79, "Total Cost": 66562068.23, "Plan Rows": 17296, "Plan Width": 32, "Inner Unique": true, "Plans": [{"Node Type": "Nested Loop", "Parent Relationship": "Outer", "Join Type": "Inner", "Startup Cost": 115914.53, "Total Cost": 45938880.46, "Plan Rows": 4814867, "Plan Width": 40, "Inner Unique": false, "Plans": [{"Node Type": "Nested Loop", "Parent Relationship": "Outer", "Join Type": "Inner", "Startup Cost": 115914.01, "Total Cost": 43432501.27, "Plan Rows": 530296, "Plan Width": 16, "Inner Unique": true, "Plans": [{"Node Type": "Nested Loop", "Parent Relationship": "Outer", "Join Type": "Inner", "Startup Cost": 115913.43, "Total Cost": 31228406.3, "Plan Rows": 2651479, "Plan Width": 20, "Inner Unique": true, "Plans": [{"Node Type": "Nested Loop", "Parent Relationship": "Outer", "Join Type": "Inner", "Startup Cost": 115913.17, "Total Cost": 19879399.17, "Plan Rows": 2651479, "Plan Width": 20, "Inner Unique": true, "Plans": [{"Node Type": "Bitmap Heap Scan", "Parent Relationship": "Outer", "Relation Name": "orders", "Alias": "orders", "Startup Cost": 115912.91, "Total Cost": 460311.42, "Plan Rows": 4531967, "Plan Width": 24, "Recheck Cond": "((o_orderdate >= '1995-01-01 00:00:00'::timestamp(0) without time zone) AND (o_orderdate <= '1996-12-31 00:00:00'::timestamp(0) without time zone)), (LLVM Optimized)", "Plans": [{"Node Type": "Bitmap Index Scan", "Parent Relationship": "Outer", "Index Name": "idx_orders_orderdate", "Startup Cost": 0.0, "Total Cost": 114779.92, "Plan Rows": 4531967, "Plan Width": 0, "Index Cond": "((o_orderdate >= '1995-01-01 00:00:00'::timestamp(0) without time zone) AND (o_orderdate <= '1996-12-31 00:00:00'::timestamp(0) without time zone))"}]}, {"Node Type": "Bitmap Heap Scan", "Parent Relationship": "Inner", "Relation Name": "customer", "Alias": "customer", "Startup Cost": 0.26, "Total Cost": 4.27, "Plan Rows": 1, "Plan Width": 12, "Recheck Cond": "(c_custkey = orders.o_custkey)", "Plans": [{"Node Type": "Bitmap Index Scan", "Parent Relationship": "Outer", "Index Name": "customer_pkey", "Startup Cost": 0.0, "Total Cost": 0.26, "Plan Rows": 1, "Plan Width": 0, "Index Cond": "(c_custkey = orders.o_custkey)"}]}]}, {"Node Type": "Bitmap Heap Scan", "Parent Relationship": "Inner", "Relation Name": "nation", "Alias": "n1", "Startup Cost": 0.26, "Total Cost": 4.27, "Plan Rows": 1, "Plan Width": 8, "Recheck Cond": "(n_nationkey = customer.c_nationkey)", "Plans": [{"Node Type": "Bitmap Index Scan", "Parent Relationship": "Outer", "Index Name": "nation_pkey", "Startup Cost": 0.0, "Total Cost": 0.26, "Plan Rows": 1, "Plan Width": 0, "Index Cond": "(n_nationkey = customer.c_nationkey)"}]}]}, {"Node Type": "Bitmap Heap Scan", "Parent Relationship": "Inner", "Relation Name": "region", "Alias": "region", "Startup Cost": 0.58, "Total Cost": 4.59, "Plan Rows": 1, "Plan Width": 4, "Recheck Cond": "(r_regionkey = n1.n_regionkey)", "Filter": "(r_name = 'ASIA'::bpchar)", "Plans": [{"Node Type": "Bitmap Index Scan", "Parent Relationship": "Outer", "Index Name": "region_pkey", "Startup Cost": 0.0, "Total Cost": 0.58, "Plan Rows": 1, "Plan Width": 0, "Index Cond": "(r_regionkey = n1.n_regionkey)"}]}]}, {"Node Type": "Bitmap Heap Scan", "Parent Relationship": "Inner", "Relation Name": "lineitem", "Alias": "lineitem", "Startup Cost": 0.52, "Total Cost": 4.64, "Plan Rows": 9, "Plan Width": 40, "Recheck Cond": "(l_orderkey = orders.o_orderkey)", "Plans": [{"Node Type": "Bitmap Index Scan", "Parent Relationship": "Outer", "Index Name": "idx_lineitem_orderkey", "Startup Cost": 0.0, "Total Cost": 0.52, "Plan Rows": 9, "Plan Width": 0, "Index Cond": "(l_orderkey = orders.o_orderkey)"}]}]}, {"Node Type": "Bitmap Heap Scan", "Parent Relationship": "Inner", "Relation Name": "part", "Alias": "part", "Startup Cost": 0.26, "Total Cost": 4.27, "Plan Rows": 1, "Plan Width": 8, "Recheck Cond": "(p_partkey = lineitem.l_partkey)", "Filter": "((p_type)::text = 'SMALL PLATED COPPER'::text)", "Plans": [{"Node Type": "Bitmap Index Scan", "Parent Relationship": "Outer", "Index Name": "part_kpey", "Startup Cost": 0.0, "Total Cost": 0.26, "Plan Rows": 1, "Plan Width": 0, "Index Cond": "(p_partkey = lineitem.l_partkey)"}]}]}, {"Node Type": "Bitmap Heap Scan", "Parent Relationship": "Inner", "Relation Name": "supplier", "Alias": "supplier", "Startup Cost": 0.26, "Total Cost": 4.27, "Plan Rows": 1, "Plan Width": 12, "Recheck Cond": "(s_suppkey = lineitem.l_suppkey)", "Plans": [{"Node Type": "Bitmap Index Scan", "Parent Relationship": "Outer", "Index Name": "supplier_pkey", "Startup Cost": 0.0, "Total Cost": 0.26, "Plan Rows": 1, "Plan Width": 0, "Index Cond": "(s_suppkey = lineitem.l_suppkey)"}]}]}, {"Node Type": "Bitmap Heap Scan", "Parent Relationship": "Inner", "Relation Name": "nation", "Alias": "n2", "Startup Cost": 0.26, "Total Cost": 4.27, "Plan Rows": 1, "Plan Width": 30, "Recheck Cond": "(n_nationkey = supplier.s_nationkey)", "Plans": [{"Node Type": "Bitmap Index Scan", "Parent Relationship": "Outer", "Index Name": "nation_pkey", "Startup Cost": 0.0, "Total Cost": 0.26, "Plan Rows": 1, "Plan Width": 0, "Index Cond": "(n_nationkey = supplier.s_nationkey)"}]}]}]}]}, "Unique SQL Id": 3681808042, "Planner Runtime": 4}, "explain_analyze_plan": null}, "(1, 84)": {"explain_plan": {"Plan": {"Node Type": "Sort", "Startup Cost": 496537.18, "Total Cost": 496537.2, "Plan Rows": 10, "Plan Width": 50, "Sort Key": ["(date_part('year'::text, orders.o_orderdate))"], "Plans": [{"Node Type": "Aggregate", "Strategy": "Hashed", "Parent Relationship": "Outer", "Startup Cost": 496536.86, "Total Cost": 496537.01, "Plan Rows": 10, "Plan Width": 50, "Group By Key": ["date_part('year'::text, orders.o_orderdate)"], "Plans": [{"Node Type": "Merge Join", "Parent Relationship": "Outer", "Join Type": "Inner", "Startup Cost": 496312.07, "Total Cost": 496417.04, "Plan Rows": 5991, "Plan Width": 50, "Inner Unique": false, "Merge Cond": "(n2.n_nationkey = supplier.s_nationkey)", "Plans": [{"Node Type": "Sort", "Parent Relationship": "Outer", "Startup Cost": 1.83, "Total Cost": 1.89, "Plan Rows": 25, "Plan Width": 30, "Sort Key": ["n2.n_nationkey"], "Plans": [{"Node Type": "Seq Scan", "Parent Relationship": "Outer", "Relation Name": "nation", "Alias": "n2", "Startup Cost": 0.0, "Total Cost": 1.25, "Plan Rows": 25, "Plan Width": 30}]}, {"Node Type": "Sort", "Parent Relationship": "Inner", "Startup Cost": 496310.24, "Total Cost": 496325.22, "Plan Rows": 5991, "Plan Width": 28, "Sort Key": ["supplier.s_nationkey"], "Plans": [{"Node Type": "Merge Join", "Parent Relationship": "Outer", "Join Type": "Inner", "Startup Cost": 495724.65, "Total Cost": 495934.35, "Plan Rows": 5991, "Plan Width": 28, "Inner Unique": false, "Merge Cond": "(n1.n_nationkey = customer.c_nationkey)", "Plans": [{"Node Type": "Sort", "Parent Relationship": "Outer", "Startup Cost": 3.14, "Total Cost": 3.16, "Plan Rows": 5, "Plan Width": 4, "Sort Key": ["n1.n_nationkey"], "Plans": [{"Node Type": "Merge Join", "Parent Relationship": "Outer", "Join Type": "Inner", "Startup Cost": 2.9, "Total Cost": 3.09, "Plan Rows": 5, "Plan Width": 4, "Inner Unique": false, "Merge Cond": "(region.r_regionkey = n1.n_regionkey)", "Plans": [{"Node Type": "Sort", "Parent Relationship": "Outer", "Startup Cost": 1.07, "Total Cost": 1.08, "Plan Rows": 1, "Plan Width": 4, "Sort Key": ["region.r_regionkey"], "Plans": [{"Node Type": "Seq Scan", "Parent Relationship": "Outer", "Relation Name": "region", "Alias": "region", "Startup Cost": 0.0, "Total Cost": 1.06, "Plan Rows": 1, "Plan Width": 4, "Filter": "(r_name = 'ASIA'::bpchar)"}]}, {"Node Type": "Sort", "Parent Relationship": "Inner", "Startup Cost": 1.83, "Total Cost": 1.89, "Plan Rows": 25, "Plan Width": 8, "Sort Key": ["n1.n_regionkey"], "Plans": [{"Node Type": "Seq Scan", "Parent Relationship": "Outer", "Relation Name": "nation", "Alias": "n1", "Startup Cost": 0.0, "Total Cost": 1.25, "Plan Rows": 25, "Plan Width": 8}]}]}]}, {"Node Type": "Sort", "Parent Relationship": "Inner", "Startup Cost": 495721.5, "Total Cost": 495796.39, "Plan Rows": 29954, "Plan Width": 32, "Sort Key": ["customer.c_nationkey"], "Plans": [{"Node Type": "Nested Loop", "Parent Relationship": "Outer", "Join Type": "Inner", "Startup Cost": 447605.57, "Total Cost": 493494.35, "Plan Rows": 29954, "Plan Width": 32, "Inner Unique": true, "Plans": [{"Node Type": "Nested Loop", "Parent Relationship": "Outer", "Join Type": "Inner", "Startup Cost": 447605.57, "Total Cost": 477242.48, "Plan Rows": 51198, "Plan Width": 36, "Inner Unique": true, "Plans": [{"Node Type": "Merge Join", "Parent Relationship": "Outer", "Join Type": "Inner", "Startup Cost": 447605.57, "Total Cost": 454309.6, "Plan Rows": 74637, "Plan Width": 28, "Inner Unique": false, "Merge Cond": "(supplier.s_suppkey = lineitem.l_suppkey)", "Plans": [{"Node Type": "Index Scan", "Parent Relationship": "Outer", "Scan Direction": "Forward", "Index Name": "supplier_pkey", "Relation Name": "supplier", "Alias": "supplier", "Startup Cost": 0.0, "Total Cost": 5334.54, "Plan Rows": 100000, "Plan Width": 12}, {"Node Type": "Sort", "Parent Relationship": "Inner", "Startup Cost": 447605.54, "Total Cost": 447792.13, "Plan Rows": 74637, "Plan Width": 32, "Sort Key": ["lineitem.l_suppkey"], "Plans": [{"Node Type": "Nested Loop", "Parent Relationship": "Outer", "Join Type": "Inner", "Startup Cost": 0.0, "Total Cost": 441564.57, "Plan Rows": 74637, "Plan Width": 32, "Inner Unique": false, "Plans": [{"Node Type": "Seq Scan", "Parent Relationship": "Outer", "Relation Name": "part", "Alias": "part", "Startup Cost": 0.0, "Total Cost": 66944.0, "Plan Rows": 13538, "Plan Width": 8, "Filter": "((p_type)::text = 'SMALL PLATED COPPER'::text)"}, {"Node Type": "Index Scan", "Parent Relationship": "Inner", "Scan Direction": "Forward", "Index Name": "idx_lineitem_part_supp", "Relation Name": "lineitem", "Alias": "lineitem", "Startup Cost": 0.0, "Total Cost": 27.61, "Plan Rows": 6, "Plan Width": 40, "Index Cond": "(l_partkey = part.p_partkey)"}]}]}]}, {"Node Type": "Index Scan", "Parent Relationship": "Inner", "Scan Direction": "Forward", "Index Name": "orders_pkey", "Relation Name": "orders", "Alias": "orders", "Startup Cost": 0.0, "Total Cost": 0.3, "Plan Rows": 1, "Plan Width": 24, "Index Cond": "(o_orderkey = lineitem.l_orderkey)", "Filter": "((o_orderdate >= '1995-01-01 00:00:00'::timestamp(0) without time zone) AND (o_orderdate <= '1996-12-31 00:00:00'::timestamp(0) without time zone))"}]}, {"Node Type": "Index Scan", "Parent Relationship": "Inner", "Scan Direction": "Forward", "Index Name": "customer_pkey", "Relation Name": "customer", "Alias": "customer", "Startup Cost": 0.0, "Total Cost": 0.31, "Plan Rows": 1, "Plan Width": 12, "Index Cond": "(c_custkey = orders.o_custkey)"}]}]}]}]}]}]}]}, "Unique SQL Id": 3681808042, "Planner Runtime": 4}, "explain_analyze_plan": {"Plan": {"Node Type": "Sort", "Startup Cost": 496537.18, "Total Cost": 496537.2, "Plan Rows": 10, "Plan Width": 50, "Actual Startup Time": 6025.939, "Actual Total Time": 6025.94, "Actual Rows": 2, "Actual Loops": 1, "Sort Key": ["(date_part('year'::text, orders.o_orderdate))"], "Sort Method": "quicksort", "Sort Space Used": 25, "Sort Space Type": "Memory", "Plans": [{"Node Type": "Aggregate", "Strategy": "Hashed", "Parent Relationship": "Outer", "Startup Cost": 496536.86, "Total Cost": 496537.01, "Plan Rows": 10, "Plan Width": 50, "Actual Startup Time": 6025.919, "Actual Total Time": 6025.92, "Actual Rows": 2, "Actual Loops": 1, "Group By Key": ["date_part('year'::text, orders.o_orderdate)"], "Plans": [{"Node Type": "Merge Join", "Parent Relationship": "Outer", "Join Type": "Inner", "Startup Cost": 496312.07, "Total Cost": 496417.04, "Plan Rows": 5991, "Plan Width": 50, "Actual Startup Time": 5988.6, "Actual Total Time": 6007.101, "Actual Rows": 23929, "Actual Loops": 1, "Inner Unique": false, "Merge Cond": "(n2.n_nationkey = supplier.s_nationkey)", "Plans": [{"Node Type": "Sort", "Parent Relationship": "Outer", "Startup Cost": 1.83, "Total Cost": 1.89, "Plan Rows": 25, "Plan Width": 30, "Actual Startup Time": 0.053, "Actual Total Time": 0.056, "Actual Rows": 25, "Actual Loops": 1, "Sort Key": ["n2.n_nationkey"], "Sort Method": "quicksort", "Sort Space Used": 27, "Sort Space Type": "Memory", "Plans": [{"Node Type": "Seq Scan", "Parent Relationship": "Outer", "Relation Name": "nation", "Alias": "n2", "Startup Cost": 0.0, "Total Cost": 1.25, "Plan Rows": 25, "Plan Width": 30, "Actual Startup Time": 0.019, "Actual Total Time": 0.023, "Actual Rows": 25, "Actual Loops": 1}]}, {"Node Type": "Sort", "Parent Relationship": "Inner", "Startup Cost": 496310.24, "Total Cost": 496325.22, "Plan Rows": 5991, "Plan Width": 28, "Actual Startup Time": 5988.43, "Actual Total Time": 5993.616, "Actual Rows": 23929, "Actual Loops": 1, "Sort Key": ["supplier.s_nationkey"], "Sort Method": "quicksort", "Sort Space Used": 3012, "Sort Space Type": "Memory", "Plans": [{"Node Type": "Merge Join", "Parent Relationship": "Outer", "Join Type": "Inner", "Startup Cost": 495724.65, "Total Cost": 495934.35, "Plan Rows": 5991, "Plan Width": 28, "Actual Startup Time": 5955.296, "Actual Total Time": 5981.308, "Actual Rows": 23929, "Actual Loops": 1, "Inner Unique": false, "Merge Cond": "(n1.n_nationkey = customer.c_nationkey)", "Plans": [{"Node Type": "Sort", "Parent Relationship": "Outer", "Startup Cost": 3.14, "Total Cost": 3.16, "Plan Rows": 5, "Plan Width": 4, "Actual Startup Time": 0.06, "Actual Total Time": 0.062, "Actual Rows": 5, "Actual Loops": 1, "Sort Key": ["n1.n_nationkey"], "Sort Method": "quicksort", "Sort Space Used": 25, "Sort Space Type": "Memory", "Plans": [{"Node Type": "Merge Join", "Parent Relationship": "Outer", "Join Type": "Inner", "Startup Cost": 2.9, "Total Cost": 3.09, "Plan Rows": 5, "Plan Width": 4, "Actual Startup Time": 0.049, "Actual Total Time": 0.052, "Actual Rows": 5, "Actual Loops": 1, "Inner Unique": false, "Merge Cond": "(region.r_regionkey = n1.n_regionkey)", "Plans": [{"Node Type": "Sort", "Parent Relationship": "Outer", "Startup Cost": 1.07, "Total Cost": 1.08, "Plan Rows": 1, "Plan Width": 4, "Actual Startup Time": 0.015, "Actual Total Time": 0.015, "Actual Rows": 1, "Actual Loops": 1, "Sort Key": ["region.r_regionkey"], "Sort Method": "quicksort", "Sort Space Used": 25, "Sort Space Type": "Memory", "Plans": [{"Node Type": "Seq Scan", "Parent Relationship": "Outer", "Relation Name": "region", "Alias": "region", "Startup Cost": 0.0, "Total Cost": 1.06, "Plan Rows": 1, "Plan Width": 4, "Actual Startup Time": 0.012, "Actual Total Time": 0.013, "Actual Rows": 1, "Actual Loops": 1, "Filter": "(r_name = 'ASIA'::bpchar)", "Rows Removed by Filter": 4}]}, {"Node Type": "Sort", "Parent Relationship": "Inner", "Startup Cost": 1.83, "Total Cost": 1.89, "Plan Rows": 25, "Plan Width": 8, "Actual Startup Time": 0.026, "Actual Total Time": 0.027, "Actual Rows": 16, "Actual Loops": 1, "Sort Key": ["n1.n_regionkey"], "Sort Method": "quicksort", "Sort Space Used": 26, "Sort Space Type": "Memory", "Plans": [{"Node Type": "Seq Scan", "Parent Relationship": "Outer", "Relation Name": "nation", "Alias": "n1", "Startup Cost": 0.0, "Total Cost": 1.25, "Plan Rows": 25, "Plan Width": 8, "Actual Startup Time": 0.005, "Actual Total Time": 0.012, "Actual Rows": 25, "Actual Loops": 1}]}]}]}, {"Node Type": "Sort", "Parent Relationship": "Inner", "Startup Cost": 495721.5, "Total Cost": 495796.39, "Plan Rows": 29954, "Plan Width": 32, "Actual Startup Time": 5939.638, "Actual Total Time": 5962.894, "Actual Rows": 105359, "Actual Loops": 1, "Sort Key": ["customer.c_nationkey"], "Sort Method": "quicksort", "Sort Space Used": 14300, "Sort Space Type": "Memory", "Plans": [{"Node Type": "Nested Loop", "Parent Relationship": "Outer", "Join Type": "Inner", "Startup Cost": 447605.57, "Total Cost": 493494.35, "Plan Rows": 29954, "Plan Width": 32, "Actual Startup Time": 1845.825, "Actual Total Time": 5890.487, "Actual Rows": 119765, "Actual Loops": 1, "Inner Unique": true, "Plans": [{"Node Type": "Nested Loop", "Parent Relationship": "Outer", "Join Type": "Inner", "Startup Cost": 447605.57, "Total Cost": 477242.48, "Plan Rows": 51198, "Plan Width": 36, "Actual Startup Time": 1845.806, "Actual Total Time": 5075.608, "Actual Rows": 119765, "Actual Loops": 1, "Inner Unique": true, "Plans": [{"Node Type": "Merge Join", "Parent Relationship": "Outer", "Join Type": "Inner", "Startup Cost": 447605.57, "Total Cost": 454309.6, "Plan Rows": 74637, "Plan Width": 28, "Actual Startup Time": 1845.715, "Actual Total Time": 2129.421, "Actual Rows": 395341, "Actual Loops": 1, "Inner Unique": false, "Merge Cond": "(supplier.s_suppkey = lineitem.l_suppkey)", "Plans": [{"Node Type": "Index Scan", "Parent Relationship": "Outer", "Scan Direction": "Forward", "Index Name": "supplier_pkey", "Relation Name": "supplier", "Alias": "supplier", "Startup Cost": 0.0, "Total Cost": 5334.54, "Plan Rows": 100000, "Plan Width": 12, "Actual Startup Time": 0.023, "Actual Total Time": 62.089, "Actual Rows": 99999, "Actual Loops": 1}, {"Node Type": "Sort", "Parent Relationship": "Inner", "Startup Cost": 447605.54, "Total Cost": 447792.13, "Plan Rows": 74637, "Plan Width": 32, "Actual Startup Time": 1845.679, "Actual Total Time": 1916.12, "Actual Rows": 395341, "Actual Loops": 1, "Sort Key": ["lineitem.l_suppkey"], "Sort Method": "quicksort", "Sort Space Used": 49352, "Sort Space Type": "Memory", "Plans": [{"Node Type": "Nested Loop", "Parent Relationship": "Outer", "Join Type": "Inner", "Startup Cost": 0.0, "Total Cost": 441564.57, "Plan Rows": 74637, "Plan Width": 32, "Actual Startup Time": 0.028, "Actual Total Time": 1698.916, "Actual Rows": 395341, "Actual Loops": 1, "Inner Unique": false, "Plans": [{"Node Type": "Seq Scan", "Parent Relationship": "Outer", "Relation Name": "part", "Alias": "part", "Startup Cost": 0.0, "Total Cost": 66944.0, "Plan Rows": 13538, "Plan Width": 8, "Actual Startup Time": 0.013, "Actual Total Time": 733.115, "Actual Rows": 13163, "Actual Loops": 1, "Filter": "((p_type)::text = 'SMALL PLATED COPPER'::text)", "Rows Removed by Filter": 1986837}, {"Node Type": "Index Scan", "Parent Relationship": "Inner", "Scan Direction": "Forward", "Index Name": "idx_lineitem_part_supp", "Relation Name": "lineitem", "Alias": "lineitem", "Startup Cost": 0.0, "Total Cost": 27.61, "Plan Rows": 6, "Plan Width": 40, "Actual Startup Time": 131.025, "Actual Total Time": 870.837, "Actual Rows": 395341, "Actual Loops": 13163, "Index Cond": "(l_partkey = part.p_partkey)", "Rows Removed by Index Recheck": 0}]}]}]}, {"Node Type": "Index Scan", "Parent Relationship": "Inner", "Scan Direction": "Forward", "Index Name": "orders_pkey", "Relation Name": "orders", "Alias": "orders", "Startup Cost": 0.0, "Total Cost": 0.3, "Plan Rows": 1, "Plan Width": 24, "Actual Startup Time": 2712.149, "Actual Total Time": 2712.149, "Actual Rows": 119765, "Actual Loops": 395341, "Index Cond": "(o_orderkey = lineitem.l_orderkey)", "Rows Removed by Index Recheck": 0, "Filter": "((o_orderdate >= '1995-01-01 00:00:00'::timestamp(0) without time zone) AND (o_orderdate <= '1996-12-31 00:00:00'::timestamp(0) without time zone))", "Rows Removed by Filter": 275576}]}, {"Node Type": "Index Scan", "Parent Relationship": "Inner", "Scan Direction": "Forward", "Index Name": "customer_pkey", "Relation Name": "customer", "Alias": "customer", "Startup Cost": 0.0, "Total Cost": 0.31, "Plan Rows": 1, "Plan Width": 12, "Actual Startup Time": 712.858, "Actual Total Time": 712.858, "Actual Rows": 119765, "Actual Loops": 119765, "Index Cond": "(c_custkey = orders.o_custkey)", "Rows Removed by Index Recheck": 0}]}]}]}]}]}]}]}, "Triggers": [], "Planner Runtime": 5, "Total Runtime": 6026.352, "Unique SQL Id": 3681808042}}, "(1, 85)": {"explain_plan": {"Plan": {"Node Type": "Sort", "Startup Cost": 535424.81, "Total Cost": 535424.84, "Plan Rows": 10, "Plan Width": 50, "Sort Key": ["(date_part('year'::text, orders.o_orderdate))"], "Plans": [{"Node Type": "Aggregate", "Strategy": "Hashed", "Parent Relationship": "Outer", "Startup Cost": 535424.5, "Total Cost": 535424.65, "Plan Rows": 10, "Plan Width": 50, "Group By Key": ["date_part('year'::text, orders.o_orderdate)"], "Plans": [{"Node Type": "Merge Join", "Parent Relationship": "Outer", "Join Type": "Inner", "Startup Cost": 535187.15, "Total Cost": 535304.68, "Plan Rows": 5991, "Plan Width": 50, "Inner Unique": false, "Merge Cond": "(n2.n_nationkey = supplier.s_nationkey)", "Plans": [{"Node Type": "Index Scan", "Parent Relationship": "Outer", "Scan Direction": "Forward", "Index Name": "nation_pkey", "Relation Name": "nation", "Alias": "n2", "Startup Cost": 0.0, "Total Cost": 12.62, "Plan Rows": 25, "Plan Width": 30}, {"Node Type": "Sort", "Parent Relationship": "Inner", "Startup Cost": 535187.15, "Total Cost": 535202.12, "Plan Rows": 5991, "Plan Width": 28, "Sort Key": ["supplier.s_nationkey"], "Plans": [{"Node Type": "Merge Join", "Parent Relationship": "Outer", "Join Type": "Inner", "Startup Cost": 534601.55, "Total Cost": 534811.25, "Plan Rows": 5991, "Plan Width": 28, "Inner Unique": false, "Merge Cond": "(n1.n_nationkey = customer.c_nationkey)", "Plans": [{"Node Type": "Sort", "Parent Relationship": "Outer", "Startup Cost": 20.8, "Total Cost": 20.81, "Plan Rows": 5, "Plan Width": 4, "Sort Key": ["n1.n_nationkey"], "Plans": [{"Node Type": "Nested Loop", "Parent Relationship": "Outer", "Join Type": "Inner", "Startup Cost": 0.0, "Total Cost": 20.74, "Plan Rows": 5, "Plan Width": 4, "Inner Unique": false, "Plans": [{"Node Type": "Index Scan", "Parent Relationship": "Outer", "Scan Direction": "Forward", "Index Name": "region_pkey", "Relation Name": "region", "Alias": "region", "Startup Cost": 0.0, "Total Cost": 12.34, "Plan Rows": 1, "Plan Width": 4, "Filter": "(r_name = 'ASIA'::bpchar)"}, {"Node Type": "Index Scan", "Parent Relationship": "Inner", "Scan Direction": "Forward", "Index Name": "idx_nation_regionkey", "Relation Name": "nation", "Alias": "n1", "Startup Cost": 0.0, "Total Cost": 8.35, "Plan Rows": 5, "Plan Width": 8, "Index Cond": "(n_regionkey = region.r_regionkey)"}]}]}, {"Node Type": "Sort", "Parent Relationship": "Inner", "Startup Cost": 534580.75, "Total Cost": 534655.64, "Plan Rows": 29954, "Plan Width": 32, "Sort Key": ["customer.c_nationkey"], "Plans": [{"Node Type": "Nested Loop", "Parent Relationship": "Outer", "Join Type": "Inner", "Startup Cost": 486464.82, "Total Cost": 532353.6, "Plan Rows": 29954, "Plan Width": 32, "Inner Unique": true, "Plans": [{"Node Type": "Nested Loop", "Parent Relationship": "Outer", "Join Type": "Inner", "Startup Cost": 486464.82, "Total Cost": 516101.73, "Plan Rows": 51198, "Plan Width": 36, "Inner Unique": true, "Plans": [{"Node Type": "Merge Join", "Parent Relationship": "Outer", "Join Type": "Inner", "Startup Cost": 486464.82, "Total Cost": 493168.85, "Plan Rows": 74637, "Plan Width": 28, "Inner Unique": true, "Merge Cond": "(lineitem.l_suppkey = supplier.s_suppkey)", "Plans": [{"Node Type": "Sort", "Parent Relationship": "Outer", "Startup Cost": 486464.79, "Total Cost": 486651.38, "Plan Rows": 74637, "Plan Width": 32, "Sort Key": ["lineitem.l_suppkey"], "Plans": [{"Node Type": "Nested Loop", "Parent Relationship": "Outer", "Join Type": "Inner", "Startup Cost": 0.0, "Total Cost": 480423.82, "Plan Rows": 74637, "Plan Width": 32, "Inner Unique": false, "Plans": [{"Node Type": "Index Scan", "Parent Relationship": "Outer", "Scan Direction": "Forward", "Index Name": "part_kpey", "Relation Name": "part", "Alias": "part", "Startup Cost": 0.0, "Total Cost": 105803.25, "Plan Rows": 13538, "Plan Width": 8, "Filter": "((p_type)::text = 'SMALL PLATED COPPER'::text)"}, {"Node Type": "Index Scan", "Parent Relationship": "Inner", "Scan Direction": "Forward", "Index Name": "idx_lineitem_part_supp", "Relation Name": "lineitem", "Alias": "lineitem", "Startup Cost": 0.0, "Total Cost": 27.61, "Plan Rows": 6, "Plan Width": 40, "Index Cond": "(l_partkey = part.p_partkey)"}]}]}, {"Node Type": "Index Scan", "Parent Relationship": "Inner", "Scan Direction": "Forward", "Index Name": "supplier_pkey", "Relation Name": "supplier", "Alias": "supplier", "Startup Cost": 0.0, "Total Cost": 5334.54, "Plan Rows": 100000, "Plan Width": 12}]}, {"Node Type": "Index Scan", "Parent Relationship": "Inner", "Scan Direction": "Forward", "Index Name": "orders_pkey", "Relation Name": "orders", "Alias": "orders", "Startup Cost": 0.0, "Total Cost": 0.3, "Plan Rows": 1, "Plan Width": 24, "Index Cond": "(o_orderkey = lineitem.l_orderkey)", "Filter": "((o_orderdate >= '1995-01-01 00:00:00'::timestamp(0) without time zone) AND (o_orderdate <= '1996-12-31 00:00:00'::timestamp(0) without time zone))"}]}, {"Node Type": "Index Scan", "Parent Relationship": "Inner", "Scan Direction": "Forward", "Index Name": "customer_pkey", "Relation Name": "customer", "Alias": "customer", "Startup Cost": 0.0, "Total Cost": 0.31, "Plan Rows": 1, "Plan Width": 12, "Index Cond": "(c_custkey = orders.o_custkey)"}]}]}]}]}]}]}]}, "Unique SQL Id": 3681808042, "Planner Runtime": 4}, "explain_analyze_plan": {"Plan": {"Node Type": "Sort", "Startup Cost": 535424.81, "Total Cost": 535424.84, "Plan Rows": 10, "Plan Width": 50, "Actual Startup Time": 6959.875, "Actual Total Time": 6959.875, "Actual Rows": 2, "Actual Loops": 1, "Sort Key": ["(date_part('year'::text, orders.o_orderdate))"], "Sort Method": "quicksort", "Sort Space Used": 25, "Sort Space Type": "Memory", "Plans": [{"Node Type": "Aggregate", "Strategy": "Hashed", "Parent Relationship": "Outer", "Startup Cost": 535424.5, "Total Cost": 535424.65, "Plan Rows": 10, "Plan Width": 50, "Actual Startup Time": 6959.859, "Actual Total Time": 6959.86, "Actual Rows": 2, "Actual Loops": 1, "Group By Key": ["date_part('year'::text, orders.o_orderdate)"], "Plans": [{"Node Type": "Merge Join", "Parent Relationship": "Outer", "Join Type": "Inner", "Startup Cost": 535187.15, "Total Cost": 535304.68, "Plan Rows": 5991, "Plan Width": 50, "Actual Startup Time": 6924.274, "Actual Total Time": 6940.714, "Actual Rows": 23929, "Actual Loops": 1, "Inner Unique": false, "Merge Cond": "(n2.n_nationkey = supplier.s_nationkey)", "Plans": [{"Node Type": "Index Scan", "Parent Relationship": "Outer", "Scan Direction": "Forward", "Index Name": "nation_pkey", "Relation Name": "nation", "Alias": "n2", "Startup Cost": 0.0, "Total Cost": 12.62, "Plan Rows": 25, "Plan Width": 30, "Actual Startup Time": 0.013, "Actual Total Time": 0.056, "Actual Rows": 25, "Actual Loops": 1}, {"Node Type": "Sort", "Parent Relationship": "Inner", "Startup Cost": 535187.15, "Total Cost": 535202.12, "Plan Rows": 5991, "Plan Width": 28, "Actual Startup Time": 6924.207, "Actual Total Time": 6926.882, "Actual Rows": 23929, "Actual Loops": 1, "Sort Key": ["supplier.s_nationkey"], "Sort Method": "quicksort", "Sort Space Used": 3012, "Sort Space Type": "Memory", "Plans": [{"Node Type": "Merge Join", "Parent Relationship": "Outer", "Join Type": "Inner", "Startup Cost": 534601.55, "Total Cost": 534811.25, "Plan Rows": 5991, "Plan Width": 28, "Actual Startup Time": 6893.587, "Actual Total Time": 6917.511, "Actual Rows": 23929, "Actual Loops": 1, "Inner Unique": false, "Merge Cond": "(n1.n_nationkey = customer.c_nationkey)", "Plans": [{"Node Type": "Sort", "Parent Relationship": "Outer", "Startup Cost": 20.8, "Total Cost": 20.81, "Plan Rows": 5, "Plan Width": 4, "Actual Startup Time": 0.036, "Actual Total Time": 0.04, "Actual Rows": 5, "Actual Loops": 1, "Sort Key": ["n1.n_nationkey"], "Sort Method": "quicksort", "Sort Space Used": 25, "Sort Space Type": "Memory", "Plans": [{"Node Type": "Nested Loop", "Parent Relationship": "Outer", "Join Type": "Inner", "Startup Cost": 0.0, "Total Cost": 20.74, "Plan Rows": 5, "Plan Width": 4, "Actual Startup Time": 0.019, "Actual Total Time": 0.026, "Actual Rows": 5, "Actual Loops": 1, "Inner Unique": false, "Plans": [{"Node Type": "Index Scan", "Parent Relationship": "Outer", "Scan Direction": "Forward", "Index Name": "region_pkey", "Relation Name": "region", "Alias": "region", "Startup Cost": 0.0, "Total Cost": 12.34, "Plan Rows": 1, "Plan Width": 4, "Actual Startup Time": 0.011, "Actual Total Time": 0.013, "Actual Rows": 1, "Actual Loops": 1, "Filter": "(r_name = 'ASIA'::bpchar)", "Rows Removed by Filter": 4}, {"Node Type": "Index Scan", "Parent Relationship": "Inner", "Scan Direction": "Forward", "Index Name": "idx_nation_regionkey", "Relation Name": "nation", "Alias": "n1", "Startup Cost": 0.0, "Total Cost": 8.35, "Plan Rows": 5, "Plan Width": 8, "Actual Startup Time": 0.005, "Actual Total Time": 0.009, "Actual Rows": 5, "Actual Loops": 1, "Index Cond": "(n_regionkey = region.r_regionkey)", "Rows Removed by Index Recheck": 0}]}]}, {"Node Type": "Sort", "Parent Relationship": "Inner", "Startup Cost": 534580.75, "Total Cost": 534655.64, "Plan Rows": 29954, "Plan Width": 32, "Actual Startup Time": 6880.512, "Actual Total Time": 6899.632, "Actual Rows": 105359, "Actual Loops": 1, "Sort Key": ["customer.c_nationkey"], "Sort Method": "quicksort", "Sort Space Used": 14300, "Sort Space Type": "Memory", "Plans": [{"Node Type": "Nested Loop", "Parent Relationship": "Outer", "Join Type": "Inner", "Startup Cost": 486464.82, "Total Cost": 532353.6, "Plan Rows": 29954, "Plan Width": 32, "Actual Startup Time": 2565.294, "Actual Total Time": 6831.916, "Actual Rows": 119765, "Actual Loops": 1, "Inner Unique": true, "Plans": [{"Node Type": "Nested Loop", "Parent Relationship": "Outer", "Join Type": "Inner", "Startup Cost": 486464.82, "Total Cost": 516101.73, "Plan Rows": 51198, "Plan Width": 36, "Actual Startup Time": 2565.278, "Actual Total Time": 5973.606, "Actual Rows": 119765, "Actual Loops": 1, "Inner Unique": true, "Plans": [{"Node Type": "Merge Join", "Parent Relationship": "Outer", "Join Type": "Inner", "Startup Cost": 486464.82, "Total Cost": 493168.85, "Plan Rows": 74637, "Plan Width": 28, "Actual Startup Time": 2565.197, "Actual Total Time": 2867.524, "Actual Rows": 395341, "Actual Loops": 1, "Inner Unique": true, "Merge Cond": "(lineitem.l_suppkey = supplier.s_suppkey)", "Plans": [{"Node Type": "Sort", "Parent Relationship": "Outer", "Startup Cost": 486464.79, "Total Cost": 486651.38, "Plan Rows": 74637, "Plan Width": 32, "Actual Startup Time": 2565.13, "Actual Total Time": 2645.493, "Actual Rows": 395341, "Actual Loops": 1, "Sort Key": ["lineitem.l_suppkey"], "Sort Method": "quicksort", "Sort Space Used": 49352, "Sort Space Type": "Memory", "Plans": [{"Node Type": "Nested Loop", "Parent Relationship": "Outer", "Join Type": "Inner", "Startup Cost": 0.0, "Total Cost": 480423.82, "Plan Rows": 74637, "Plan Width": 32, "Actual Startup Time": 0.035, "Actual Total Time": 2416.997, "Actual Rows": 395341, "Actual Loops": 1, "Inner Unique": false, "Plans": [{"Node Type": "Index Scan", "Parent Relationship": "Outer", "Scan Direction": "Forward", "Index Name": "part_kpey", "Relation Name": "part", "Alias": "part", "Startup Cost": 0.0, "Total Cost": 105803.25, "Plan Rows": 13538, "Plan Width": 8, "Actual Startup Time": 0.023, "Actual Total Time": 1341.461, "Actual Rows": 13163, "Actual Loops": 1, "Filter": "((p_type)::text = 'SMALL PLATED COPPER'::text)", "Rows Removed by Filter": 1986837}, {"Node Type": "Index Scan", "Parent Relationship": "Inner", "Scan Direction": "Forward", "Index Name": "idx_lineitem_part_supp", "Relation Name": "lineitem", "Alias": "lineitem", "Startup Cost": 0.0, "Total Cost": 27.61, "Plan Rows": 6, "Plan Width": 40, "Actual Startup Time": 133.224, "Actual Total Time": 982.499, "Actual Rows": 395341, "Actual Loops": 13163, "Index Cond": "(l_partkey = part.p_partkey)", "Rows Removed by Index Recheck": 0}]}]}, {"Node Type": "Index Scan", "Parent Relationship": "Inner", "Scan Direction": "Forward", "Index Name": "supplier_pkey", "Relation Name": "supplier", "Alias": "supplier", "Startup Cost": 0.0, "Total Cost": 5334.54, "Plan Rows": 100000, "Plan Width": 12, "Actual Startup Time": 0.049, "Actual Total Time": 64.999, "Actual Rows": 99998, "Actual Loops": 1}]}, {"Node Type": "Index Scan", "Parent Relationship": "Inner", "Scan Direction": "Forward", "Index Name": "orders_pkey", "Relation Name": "orders", "Alias": "orders", "Startup Cost": 0.0, "Total Cost": 0.3, "Plan Rows": 1, "Plan Width": 24, "Actual Startup Time": 2871.443, "Actual Total Time": 2871.443, "Actual Rows": 119765, "Actual Loops": 395341, "Index Cond": "(o_orderkey = lineitem.l_orderkey)", "Rows Removed by Index Recheck": 0, "Filter": "((o_orderdate >= '1995-01-01 00:00:00'::timestamp(0) without time zone) AND (o_orderdate <= '1996-12-31 00:00:00'::timestamp(0) without time zone))", "Rows Removed by Filter": 275576}]}, {"Node Type": "Index Scan", "Parent Relationship": "Inner", "Scan Direction": "Forward", "Index Name": "customer_pkey", "Relation Name": "customer", "Alias": "customer", "Startup Cost": 0.0, "Total Cost": 0.31, "Plan Rows": 1, "Plan Width": 12, "Actual Startup Time": 753.627, "Actual Total Time": 753.627, "Actual Rows": 119765, "Actual Loops": 119765, "Index Cond": "(c_custkey = orders.o_custkey)", "Rows Removed by Index Recheck": 0}]}]}]}]}]}]}]}, "Triggers": [], "Planner Runtime": 4, "Total Runtime": 6960.328, "Unique SQL Id": 3681808042}}, "(1, 86)": {"explain_plan": {"Plan": {"Node Type": "Sort", "Startup Cost": 858712.57, "Total Cost": 858712.59, "Plan Rows": 10, "Plan Width": 50, "Sort Key": ["(date_part('year'::text, orders.o_orderdate))"], "Plans": [{"Node Type": "Aggregate", "Strategy": "Hashed", "Parent Relationship": "Outer", "Startup Cost": 858712.25, "Total Cost": 858712.4, "Plan Rows": 10, "Plan Width": 50, "Group By Key": ["date_part('year'::text, orders.o_orderdate)"], "Plans": [{"Node Type": "Merge Join", "Parent Relationship": "Outer", "Join Type": "Inner", "Startup Cost": 858487.47, "Total Cost": 858592.43, "Plan Rows": 5991, "Plan Width": 50, "Inner Unique": false, "Merge Cond": "(n2.n_nationkey = supplier.s_nationkey)", "Plans": [{"Node Type": "Sort", "Parent Relationship": "Outer", "Startup Cost": 1.83, "Total Cost": 1.89, "Plan Rows": 25, "Plan Width": 30, "Sort Key": ["n2.n_nationkey"], "Plans": [{"Node Type": "Seq Scan", "Parent Relationship": "Outer", "Relation Name": "nation", "Alias": "n2", "Startup Cost": 0.0, "Total Cost": 1.25, "Plan Rows": 25, "Plan Width": 30}]}, {"Node Type": "Sort", "Parent Relationship": "Inner", "Startup Cost": 858485.64, "Total Cost": 858500.61, "Plan Rows": 5991, "Plan Width": 28, "Sort Key": ["supplier.s_nationkey"], "Plans": [{"Node Type": "Merge Join", "Parent Relationship": "Outer", "Join Type": "Inner", "Startup Cost": 857512.27, "Total Cost": 858109.74, "Plan Rows": 5991, "Plan Width": 28, "Inner Unique": true, "Merge Cond": "(lineitem.l_suppkey = supplier.s_suppkey)", "Plans": [{"Node Type": "Sort", "Parent Relationship": "Outer", "Startup Cost": 845924.44, "Total Cost": 845967.68, "Plan Rows": 17296, "Plan Width": 32, "Sort Key": ["lineitem.l_suppkey"], "Plans": [{"Node Type": "Merge Join", "Parent Relationship": "Outer", "Join Type": "Inner", "Startup Cost": 841820.47, "Total Cost": 844706.96, "Plan Rows": 17296, "Plan Width": 32, "Inner Unique": false, "Merge Cond": "(orders.o_custkey = customer.c_custkey)", "Plans": [{"Node Type": "Sort", "Parent Relationship": "Outer", "Startup Cost": 777363.03, "Total Cost": 777579.23, "Plan Rows": 86479, "Plan Width": 40, "Sort Key": ["orders.o_custkey"], "Plans": [{"Node Type": "Nested Loop", "Parent Relationship": "Outer", "Join Type": "Inner", "Startup Cost": 4.47, "Total Cost": 770271.73, "Plan Rows": 86479, "Plan Width": 40, "Inner Unique": true, "Plans": [{"Node Type": "Nested Loop", "Parent Relationship": "Outer", "Join Type": "Inner", "Startup Cost": 4.21, "Total Cost": 450147.9, "Plan Rows": 74637, "Plan Width": 32, "Inner Unique": false, "Plans": [{"Node Type": "Seq Scan", "Parent Relationship": "Outer", "Relation Name": "part", "Alias": "part", "Startup Cost": 0.0, "Total Cost": 66944.0, "Plan Rows": 13538, "Plan Width": 8, "Filter": "((p_type)::text = 'SMALL PLATED COPPER'::text)"}, {"Node Type": "Bitmap Heap Scan", "Parent Relationship": "Inner", "Relation Name": "lineitem", "Alias": "lineitem", "Startup Cost": 4.21, "Total Cost": 28.25, "Plan Rows": 6, "Plan Width": 40, "Recheck Cond": "(l_partkey = part.p_partkey)", "Plans": [{"Node Type": "Bitmap Index Scan", "Parent Relationship": "Outer", "Index Name": "idx_lineitem_part_supp", "Startup Cost": 0.0, "Total Cost": 4.21, "Plan Rows": 6, "Plan Width": 0, "Index Cond": "(l_partkey = part.p_partkey)"}]}]}, {"Node Type": "Bitmap Heap Scan", "Parent Relationship": "Inner", "Relation Name": "orders", "Alias": "orders", "Startup Cost": 0.26, "Total Cost": 4.28, "Plan Rows": 1, "Plan Width": 24, "Recheck Cond": "(o_orderkey = lineitem.l_orderkey)", "Filter": "((o_orderdate >= '1995-01-01 00:00:00'::timestamp(0) without time zone) AND (o_orderdate <= '1996-12-31 00:00:00'::timestamp(0) without time zone))", "Plans": [{"Node Type": "Bitmap Index Scan", "Parent Relationship": "Outer", "Index Name": "orders_pkey", "Startup Cost": 0.0, "Total Cost": 0.26, "Plan Rows": 1, "Plan Width": 0, "Index Cond": "(o_orderkey = lineitem.l_orderkey)"}]}]}]}, {"Node Type": "Sort", "Parent Relationship": "Inner", "Startup Cost": 64457.4, "Total Cost": 65207.4, "Plan Rows": 300000, "Plan Width": 8, "Sort Key": ["customer.c_custkey"], "Plans": [{"Node Type": "Nested Loop", "Parent Relationship": "Outer", "Join Type": "Inner", "Startup Cost": 1033.27, "Total Cost": 37165.49, "Plan Rows": 300000, "Plan Width": 8, "Inner Unique": false, "Plans": [{"Node Type": "Merge Join", "Parent Relationship": "Outer", "Join Type": "Inner", "Startup Cost": 2.9, "Total Cost": 3.09, "Plan Rows": 5, "Plan Width": 4, "Inner Unique": false, "Merge Cond": "(region.r_regionkey = n1.n_regionkey)", "Plans": [{"Node Type": "Sort", "Parent Relationship": "Outer", "Startup Cost": 1.07, "Total Cost": 1.08, "Plan Rows": 1, "Plan Width": 4, "Sort Key": ["region.r_regionkey"], "Plans": [{"Node Type": "Seq Scan", "Parent Relationship": "Outer", "Relation Name": "region", "Alias": "region", "Startup Cost": 0.0, "Total Cost": 1.06, "Plan Rows": 1, "Plan Width": 4, "Filter": "(r_name = 'ASIA'::bpchar)"}]}, {"Node Type": "Sort", "Parent Relationship": "Inner", "Startup Cost": 1.83, "Total Cost": 1.89, "Plan Rows": 25, "Plan Width": 8, "Sort Key": ["n1.n_regionkey"], "Plans": [{"Node Type": "Seq Scan", "Parent Relationship": "Outer", "Relation Name": "nation", "Alias": "n1", "Startup Cost": 0.0, "Total Cost": 1.25, "Plan Rows": 25, "Plan Width": 8}]}]}, {"Node Type": "Bitmap Heap Scan", "Parent Relationship": "Inner", "Relation Name": "customer", "Alias": "customer", "Startup Cost": 1030.37, "Total Cost": 6832.48, "Plan Rows": 60000, "Plan Width": 12, "Recheck Cond": "(c_nationkey = n1.n_nationkey)", "Plans": [{"Node Type": "Bitmap Index Scan", "Parent Relationship": "Outer", "Index Name": "idx_customer_nationkey", "Startup Cost": 0.0, "Total Cost": 1015.37, "Plan Rows": 60000, "Plan Width": 0, "Index Cond": "(c_nationkey = n1.n_nationkey)"}]}]}]}]}]}, {"Node Type": "Sort", "Parent Relationship": "Inner", "Startup Cost": 11587.82, "Total Cost": 11837.82, "Plan Rows": 100000, "Plan Width": 12, "Sort Key": ["supplier.s_suppkey"], "Plans": [{"Node Type": "Seq Scan", "Parent Relationship": "Outer", "Relation Name": "supplier", "Alias": "supplier", "Startup Cost": 0.0, "Total Cost": 3283.0, "Plan Rows": 100000, "Plan Width": 12}]}]}]}]}]}]}, "Unique SQL Id": 3681808042, "Planner Runtime": 4}, "explain_analyze_plan": {"Plan": {"Node Type": "Sort", "Startup Cost": 858712.57, "Total Cost": 858712.59, "Plan Rows": 10, "Plan Width": 50, "Actual Startup Time": 7174.647, "Actual Total Time": 7174.647, "Actual Rows": 2, "Actual Loops": 1, "Sort Key": ["(date_part('year'::text, orders.o_orderdate))"], "Sort Method": "quicksort", "Sort Space Used": 25, "Sort Space Type": "Memory", "Plans": [{"Node Type": "Aggregate", "Strategy": "Hashed", "Parent Relationship": "Outer", "Startup Cost": 858712.25, "Total Cost": 858712.4, "Plan Rows": 10, "Plan Width": 50, "Actual Startup Time": 7174.628, "Actual Total Time": 7174.63, "Actual Rows": 2, "Actual Loops": 1, "Group By Key": ["date_part('year'::text, orders.o_orderdate)"], "Plans": [{"Node Type": "Merge Join", "Parent Relationship": "Outer", "Join Type": "Inner", "Startup Cost": 858487.47, "Total Cost": 858592.43, "Plan Rows": 5991, "Plan Width": 50, "Actual Startup Time": 7139.655, "Actual Total Time": 7155.367, "Actual Rows": 23929, "Actual Loops": 1, "Inner Unique": false, "Merge Cond": "(n2.n_nationkey = supplier.s_nationkey)", "Plans": [{"Node Type": "Sort", "Parent Relationship": "Outer", "Startup Cost": 1.83, "Total Cost": 1.89, "Plan Rows": 25, "Plan Width": 30, "Actual Startup Time": 0.04, "Actual Total Time": 0.042, "Actual Rows": 25, "Actual Loops": 1, "Sort Key": ["n2.n_nationkey"], "Sort Method": "quicksort", "Sort Space Used": 27, "Sort Space Type": "Memory", "Plans": [{"Node Type": "Seq Scan", "Parent Relationship": "Outer", "Relation Name": "nation", "Alias": "n2", "Startup Cost": 0.0, "Total Cost": 1.25, "Plan Rows": 25, "Plan Width": 30, "Actual Startup Time": 0.017, "Actual Total Time": 0.024, "Actual Rows": 25, "Actual Loops": 1}]}, {"Node Type": "Sort", "Parent Relationship": "Inner", "Startup Cost": 858485.64, "Total Cost": 858500.61, "Plan Rows": 5991, "Plan Width": 28, "Actual Startup Time": 7139.571, "Actual Total Time": 7142.242, "Actual Rows": 23929, "Actual Loops": 1, "Sort Key": ["supplier.s_nationkey"], "Sort Method": "quicksort", "Sort Space Used": 3012, "Sort Space Type": "Memory", "Plans": [{"Node Type": "Merge Join", "Parent Relationship": "Outer", "Join Type": "Inner", "Startup Cost": 857512.27, "Total Cost": 858109.74, "Plan Rows": 5991, "Plan Width": 28, "Actual Startup Time": 7095.725, "Actual Total Time": 7132.741, "Actual Rows": 23929, "Actual Loops": 1, "Inner Unique": true, "Merge Cond": "(lineitem.l_suppkey = supplier.s_suppkey)", "Plans": [{"Node Type": "Sort", "Parent Relationship": "Outer", "Startup Cost": 845924.44, "Total Cost": 845967.68, "Plan Rows": 17296, "Plan Width": 32, "Actual Startup Time": 7031.354, "Actual Total Time": 7034.98, "Actual Rows": 23929, "Actual Loops": 1, "Sort Key": ["lineitem.l_suppkey"], "Sort Method": "quicksort", "Sort Space Used": 3012, "Sort Space Type": "Memory", "Plans": [{"Node Type": "Merge Join", "Parent Relationship": "Outer", "Join Type": "Inner", "Startup Cost": 841820.47, "Total Cost": 844706.96, "Plan Rows": 17296, "Plan Width": 32, "Actual Startup Time": 6882.769, "Actual Total Time": 7022.359, "Actual Rows": 23929, "Actual Loops": 1, "Inner Unique": false, "Merge Cond": "(orders.o_custkey = customer.c_custkey)", "Plans": [{"Node Type": "Sort", "Parent Relationship": "Outer", "Startup Cost": 777363.03, "Total Cost": 777579.23, "Plan Rows": 86479, "Plan Width": 40, "Actual Startup Time": 6158.324, "Actual Total Time": 6185.148, "Actual Rows": 119765, "Actual Loops": 1, "Sort Key": ["orders.o_custkey"], "Sort Method": "quicksort", "Sort Space Used": 14300, "Sort Space Type": "Memory", "Plans": [{"Node Type": "Nested Loop", "Parent Relationship": "Outer", "Join Type": "Inner", "Startup Cost": 4.47, "Total Cost": 770271.73, "Plan Rows": 86479, "Plan Width": 40, "Actual Startup Time": 0.168, "Actual Total Time": 6092.675, "Actual Rows": 119765, "Actual Loops": 1, "Inner Unique": true, "Plans": [{"Node Type": "Nested Loop", "Parent Relationship": "Outer", "Join Type": "Inner", "Startup Cost": 4.21, "Total Cost": 450147.9, "Plan Rows": 74637, "Plan Width": 32, "Actual Startup Time": 0.101, "Actual Total Time": 2171.061, "Actual Rows": 395341, "Actual Loops": 1, "Inner Unique": false, "Plans": [{"Node Type": "Seq Scan", "Parent Relationship": "Outer", "Relation Name": "part", "Alias": "part", "Startup Cost": 0.0, "Total Cost": 66944.0, "Plan Rows": 13538, "Plan Width": 8, "Actual Startup Time": 0.019, "Actual Total Time": 762.417, "Actual Rows": 13163, "Actual Loops": 1, "Filter": "((p_type)::text = 'SMALL PLATED COPPER'::text)", "Rows Removed by Filter": 1986837}, {"Node Type": "Bitmap Heap Scan", "Parent Relationship": "Inner", "Relation Name": "lineitem", "Alias": "lineitem", "Startup Cost": 4.21, "Total Cost": 28.25, "Plan Rows": 6, "Plan Width": 40, "Actual Startup Time": 248.31, "Actual Total Time": 1290.288, "Actual Rows": 395341, "Actual Loops": 13163, "Recheck Cond": "(l_partkey = part.p_partkey)", "Rows Removed by Index Recheck": 0, "Exact Heap Blocks": 395337, "Lossy Heap Blocks": 395337, "Plans": [{"Node Type": "Bitmap Index Scan", "Parent Relationship": "Outer", "Index Name": "idx_lineitem_part_supp", "Startup Cost": 0.0, "Total Cost": 4.21, "Plan Rows": 6, "Plan Width": 0, "Actual Startup Time": 156.657, "Actual Total Time": 156.657, "Actual Rows": 395341, "Actual Loops": 13163, "Index Cond": "(l_partkey = part.p_partkey)"}]}]}, {"Node Type": "Bitmap Heap Scan", "Parent Relationship": "Inner", "Relation Name": "orders", "Alias": "orders", "Startup Cost": 0.26, "Total Cost": 4.28, "Plan Rows": 1, "Plan Width": 24, "Actual Startup Time": 3443.332, "Actual Total Time": 3443.332, "Actual Rows": 119765, "Actual Loops": 395341, "Recheck Cond": "(o_orderkey = lineitem.l_orderkey)", "Rows Removed by Index Recheck": 0, "Filter": "((o_orderdate >= '1995-01-01 00:00:00'::timestamp(0) without time zone) AND (o_orderdate <= '1996-12-31 00:00:00'::timestamp(0) without time zone))", "Rows Removed by Filter": 275576, "Exact Heap Blocks": 395341, "Lossy Heap Blocks": 395341, "Plans": [{"Node Type": "Bitmap Index Scan", "Parent Relationship": "Outer", "Index Name": "orders_pkey", "Startup Cost": 0.0, "Total Cost": 0.26, "Plan Rows": 1, "Plan Width": 0, "Actual Startup Time": 2131.666, "Actual Total Time": 2131.666, "Actual Rows": 395341, "Actual Loops": 395341, "Index Cond": "(o_orderkey = lineitem.l_orderkey)"}]}]}]}, {"Node Type": "Sort", "Parent Relationship": "Inner", "Startup Cost": 64457.4, "Total Cost": 65207.4, "Plan Rows": 300000, "Plan Width": 8, "Actual Startup Time": 724.432, "Actual Total Time": 772.634, "Actual Rows": 301987, "Actual Loops": 1, "Sort Key": ["customer.c_custkey"], "Sort Method": "quicksort", "Sort Space Used": 31055, "Sort Space Type": "Memory", "Plans": [{"Node Type": "Nested Loop", "Parent Relationship": "Outer", "Join Type": "Inner", "Startup Cost": 1033.27, "Total Cost": 37165.49, "Plan Rows": 300000, "Plan Width": 8, "Actual Startup Time": 19.075, "Actual Total Time": 626.567, "Actual Rows": 300270, "Actual Loops": 1, "Inner Unique": false, "Plans": [{"Node Type": "Merge Join", "Parent Relationship": "Outer", "Join Type": "Inner", "Startup Cost": 2.9, "Total Cost": 3.09, "Plan Rows": 5, "Plan Width": 4, "Actual Startup Time": 0.084, "Actual Total Time": 0.12, "Actual Rows": 5, "Actual Loops": 1, "Inner Unique": false, "Merge Cond": "(region.r_regionkey = n1.n_regionkey)", "Plans": [{"Node Type": "Sort", "Parent Relationship": "Outer", "Startup Cost": 1.07, "Total Cost": 1.08, "Plan Rows": 1, "Plan Width": 4, "Actual Startup Time": 0.042, "Actual Total Time": 0.043, "Actual Rows": 1, "Actual Loops": 1, "Sort Key": ["region.r_regionkey"], "Sort Method": "quicksort", "Sort Space Used": 25, "Sort Space Type": "Memory", "Plans": [{"Node Type": "Seq Scan", "Parent Relationship": "Outer", "Relation Name": "region", "Alias": "region", "Startup Cost": 0.0, "Total Cost": 1.06, "Plan Rows": 1, "Plan Width": 4, "Actual Startup Time": 0.03, "Actual Total Time": 0.031, "Actual Rows": 1, "Actual Loops": 1, "Filter": "(r_name = 'ASIA'::bpchar)", "Rows Removed by Filter": 4}]}, {"Node Type": "Sort", "Parent Relationship": "Inner", "Startup Cost": 1.83, "Total Cost": 1.89, "Plan Rows": 25, "Plan Width": 8, "Actual Startup Time": 0.028, "Actual Total Time": 0.037, "Actual Rows": 16, "Actual Loops": 1, "Sort Key": ["n1.n_regionkey"], "Sort Method": "quicksort", "Sort Space Used": 26, "Sort Space Type": "Memory", "Plans": [{"Node Type": "Seq Scan", "Parent Relationship": "Outer", "Relation Name": "nation", "Alias": "n1", "Startup Cost": 0.0, "Total Cost": 1.25, "Plan Rows": 25, "Plan Width": 8, "Actual Startup Time": 0.011, "Actual Total Time": 0.015, "Actual Rows": 25, "Actual Loops": 1}]}]}, {"Node Type": "Bitmap Heap Scan", "Parent Relationship": "Inner", "Relation Name": "customer", "Alias": "customer", "Startup Cost": 1030.37, "Total Cost": 6832.48, "Plan Rows": 60000, "Plan Width": 12, "Actual Startup Time": 93.328, "Actual Total Time": 573.154, "Actual Rows": 300270, "Actual Loops": 5, "Recheck Cond": "(c_nationkey = n1.n_nationkey)", "Rows Removed by Index Recheck": 0, "Exact Heap Blocks": 150032, "Lossy Heap Blocks": 150032, "Plans": [{"Node Type": "Bitmap Index Scan", "Parent Relationship": "Outer", "Index Name": "idx_customer_nationkey", "Startup Cost": 0.0, "Total Cost": 1015.37, "Plan Rows": 60000, "Plan Width": 0, "Actual Startup Time": 60.287, "Actual Total Time": 60.287, "Actual Rows": 300270, "Actual Loops": 5, "Index Cond": "(c_nationkey = n1.n_nationkey)"}]}]}]}]}]}, {"Node Type": "Sort", "Parent Relationship": "Inner", "Startup Cost": 11587.82, "Total Cost": 11837.82, "Plan Rows": 100000, "Plan Width": 12, "Actual Startup Time": 64.355, "Actual Total Time": 74.499, "Actual Rows": 99998, "Actual Loops": 1, "Sort Key": ["supplier.s_suppkey"], "Sort Method": "quicksort", "Sort Space Used": 12448, "Sort Space Type": "Memory", "Plans": [{"Node Type": "Seq Scan", "Parent Relationship": "Outer", "Relation Name": "supplier", "Alias": "supplier", "Startup Cost": 0.0, "Total Cost": 3283.0, "Plan Rows": 100000, "Plan Width": 12, "Actual Startup Time": 0.037, "Actual Total Time": 33.674, "Actual Rows": 100000, "Actual Loops": 1}]}]}]}]}]}]}, "Triggers": [], "Planner Runtime": 4, "Total Runtime": 7175.21, "Unique SQL Id": 3681808042}}, "(1, 87)": {"explain_plan": {"Plan": {"Node Type": "Sort", "Startup Cost": 66661878.45, "Total Cost": 66661878.48, "Plan Rows": 10, "Plan Width": 50, "Sort Key": ["(date_part('year'::text, orders.o_orderdate))"], "Plans": [{"Node Type": "Aggregate", "Strategy": "Hashed", "Parent Relationship": "Outer", "Startup Cost": 66661878.14, "Total Cost": 66661878.29, "Plan Rows": 10, "Plan Width": 50, "Group By Key": ["date_part('year'::text, orders.o_orderdate)"], "Plans": [{"Node Type": "Nested Loop", "Parent Relationship": "Outer", "Join Type": "Inner", "Startup Cost": 115915.31, "Total Cost": 66661758.32, "Plan Rows": 5991, "Plan Width": 50, "Inner Unique": true, "Plans": [{"Node Type": "Nested Loop", "Parent Relationship": "Outer", "Join Type": "Inner", "Startup Cost": 115915.05, "Total Cost": 66636099.88, "Plan Rows": 5991, "Plan Width": 28, "Inner Unique": true, "Plans": [{"Node Type": "Nested Loop", "Parent Relationship": "Outer", "Join Type": "Inner", "Startup Cost": 115914.79, "Total Cost": 66562068.23, "Plan Rows": 17296, "Plan Width": 32, "Inner Unique": true, "Plans": [{"Node Type": "Nested Loop", "Parent Relationship": "Outer", "Join Type": "Inner", "Startup Cost": 115914.53, "Total Cost": 45938880.46, "Plan Rows": 4814867, "Plan Width": 40, "Inner Unique": false, "Plans": [{"Node Type": "Nested Loop", "Parent Relationship": "Outer", "Join Type": "Inner", "Startup Cost": 115914.01, "Total Cost": 43432501.27, "Plan Rows": 530296, "Plan Width": 16, "Inner Unique": true, "Plans": [{"Node Type": "Nested Loop", "Parent Relationship": "Outer", "Join Type": "Inner", "Startup Cost": 115913.43, "Total Cost": 31228406.3, "Plan Rows": 2651479, "Plan Width": 20, "Inner Unique": true, "Plans": [{"Node Type": "Nested Loop", "Parent Relationship": "Outer", "Join Type": "Inner", "Startup Cost": 115913.17, "Total Cost": 19879399.17, "Plan Rows": 2651479, "Plan Width": 20, "Inner Unique": true, "Plans": [{"Node Type": "Bitmap Heap Scan", "Parent Relationship": "Outer", "Relation Name": "orders", "Alias": "orders", "Startup Cost": 115912.91, "Total Cost": 460311.42, "Plan Rows": 4531967, "Plan Width": 24, "Recheck Cond": "((o_orderdate >= '1995-01-01 00:00:00'::timestamp(0) without time zone) AND (o_orderdate <= '1996-12-31 00:00:00'::timestamp(0) without time zone)), (LLVM Optimized)", "Plans": [{"Node Type": "Bitmap Index Scan", "Parent Relationship": "Outer", "Index Name": "idx_orders_orderdate", "Startup Cost": 0.0, "Total Cost": 114779.92, "Plan Rows": 4531967, "Plan Width": 0, "Index Cond": "((o_orderdate >= '1995-01-01 00:00:00'::timestamp(0) without time zone) AND (o_orderdate <= '1996-12-31 00:00:00'::timestamp(0) without time zone))"}]}, {"Node Type": "Bitmap Heap Scan", "Parent Relationship": "Inner", "Relation Name": "customer", "Alias": "customer", "Startup Cost": 0.26, "Total Cost": 4.27, "Plan Rows": 1, "Plan Width": 12, "Recheck Cond": "(c_custkey = orders.o_custkey)", "Plans": [{"Node Type": "Bitmap Index Scan", "Parent Relationship": "Outer", "Index Name": "customer_pkey", "Startup Cost": 0.0, "Total Cost": 0.26, "Plan Rows": 1, "Plan Width": 0, "Index Cond": "(c_custkey = orders.o_custkey)"}]}]}, {"Node Type": "Bitmap Heap Scan", "Parent Relationship": "Inner", "Relation Name": "nation", "Alias": "n1", "Startup Cost": 0.26, "Total Cost": 4.27, "Plan Rows": 1, "Plan Width": 8, "Recheck Cond": "(n_nationkey = customer.c_nationkey)", "Plans": [{"Node Type": "Bitmap Index Scan", "Parent Relationship": "Outer", "Index Name": "nation_pkey", "Startup Cost": 0.0, "Total Cost": 0.26, "Plan Rows": 1, "Plan Width": 0, "Index Cond": "(n_nationkey = customer.c_nationkey)"}]}]}, {"Node Type": "Bitmap Heap Scan", "Parent Relationship": "Inner", "Relation Name": "region", "Alias": "region", "Startup Cost": 0.58, "Total Cost": 4.59, "Plan Rows": 1, "Plan Width": 4, "Recheck Cond": "(r_regionkey = n1.n_regionkey)", "Filter": "(r_name = 'ASIA'::bpchar)", "Plans": [{"Node Type": "Bitmap Index Scan", "Parent Relationship": "Outer", "Index Name": "region_pkey", "Startup Cost": 0.0, "Total Cost": 0.58, "Plan Rows": 1, "Plan Width": 0, "Index Cond": "(r_regionkey = n1.n_regionkey)"}]}]}, {"Node Type": "Bitmap Heap Scan", "Parent Relationship": "Inner", "Relation Name": "lineitem", "Alias": "lineitem", "Startup Cost": 0.52, "Total Cost": 4.64, "Plan Rows": 9, "Plan Width": 40, "Recheck Cond": "(l_orderkey = orders.o_orderkey)", "Plans": [{"Node Type": "Bitmap Index Scan", "Parent Relationship": "Outer", "Index Name": "idx_lineitem_orderkey", "Startup Cost": 0.0, "Total Cost": 0.52, "Plan Rows": 9, "Plan Width": 0, "Index Cond": "(l_orderkey = orders.o_orderkey)"}]}]}, {"Node Type": "Bitmap Heap Scan", "Parent Relationship": "Inner", "Relation Name": "part", "Alias": "part", "Startup Cost": 0.26, "Total Cost": 4.27, "Plan Rows": 1, "Plan Width": 8, "Recheck Cond": "(p_partkey = lineitem.l_partkey)", "Filter": "((p_type)::text = 'SMALL PLATED COPPER'::text)", "Plans": [{"Node Type": "Bitmap Index Scan", "Parent Relationship": "Outer", "Index Name": "part_kpey", "Startup Cost": 0.0, "Total Cost": 0.26, "Plan Rows": 1, "Plan Width": 0, "Index Cond": "(p_partkey = lineitem.l_partkey)"}]}]}, {"Node Type": "Bitmap Heap Scan", "Parent Relationship": "Inner", "Relation Name": "supplier", "Alias": "supplier", "Startup Cost": 0.26, "Total Cost": 4.27, "Plan Rows": 1, "Plan Width": 12, "Recheck Cond": "(s_suppkey = lineitem.l_suppkey)", "Plans": [{"Node Type": "Bitmap Index Scan", "Parent Relationship": "Outer", "Index Name": "supplier_pkey", "Startup Cost": 0.0, "Total Cost": 0.26, "Plan Rows": 1, "Plan Width": 0, "Index Cond": "(s_suppkey = lineitem.l_suppkey)"}]}]}, {"Node Type": "Bitmap Heap Scan", "Parent Relationship": "Inner", "Relation Name": "nation", "Alias": "n2", "Startup Cost": 0.26, "Total Cost": 4.27, "Plan Rows": 1, "Plan Width": 30, "Recheck Cond": "(n_nationkey = supplier.s_nationkey)", "Plans": [{"Node Type": "Bitmap Index Scan", "Parent Relationship": "Outer", "Index Name": "nation_pkey", "Startup Cost": 0.0, "Total Cost": 0.26, "Plan Rows": 1, "Plan Width": 0, "Index Cond": "(n_nationkey = supplier.s_nationkey)"}]}]}]}]}, "Unique SQL Id": 3681808042, "Planner Runtime": 3}, "explain_analyze_plan": null}, "(1, 88)": {"explain_plan": {"Plan": {"Node Type": "Sort", "Startup Cost": 496537.18, "Total Cost": 496537.2, "Plan Rows": 10, "Plan Width": 50, "Sort Key": ["(date_part('year'::text, orders.o_orderdate))"], "Plans": [{"Node Type": "Aggregate", "Strategy": "Hashed", "Parent Relationship": "Outer", "Startup Cost": 496536.86, "Total Cost": 496537.01, "Plan Rows": 10, "Plan Width": 50, "Group By Key": ["date_part('year'::text, orders.o_orderdate)"], "Plans": [{"Node Type": "Merge Join", "Parent Relationship": "Outer", "Join Type": "Inner", "Startup Cost": 496312.07, "Total Cost": 496417.04, "Plan Rows": 5991, "Plan Width": 50, "Inner Unique": false, "Merge Cond": "(n2.n_nationkey = supplier.s_nationkey)", "Plans": [{"Node Type": "Sort", "Parent Relationship": "Outer", "Startup Cost": 1.83, "Total Cost": 1.89, "Plan Rows": 25, "Plan Width": 30, "Sort Key": ["n2.n_nationkey"], "Plans": [{"Node Type": "Seq Scan", "Parent Relationship": "Outer", "Relation Name": "nation", "Alias": "n2", "Startup Cost": 0.0, "Total Cost": 1.25, "Plan Rows": 25, "Plan Width": 30}]}, {"Node Type": "Sort", "Parent Relationship": "Inner", "Startup Cost": 496310.24, "Total Cost": 496325.22, "Plan Rows": 5991, "Plan Width": 28, "Sort Key": ["supplier.s_nationkey"], "Plans": [{"Node Type": "Merge Join", "Parent Relationship": "Outer", "Join Type": "Inner", "Startup Cost": 495724.65, "Total Cost": 495934.35, "Plan Rows": 5991, "Plan Width": 28, "Inner Unique": false, "Merge Cond": "(n1.n_nationkey = customer.c_nationkey)", "Plans": [{"Node Type": "Sort", "Parent Relationship": "Outer", "Startup Cost": 3.14, "Total Cost": 3.16, "Plan Rows": 5, "Plan Width": 4, "Sort Key": ["n1.n_nationkey"], "Plans": [{"Node Type": "Merge Join", "Parent Relationship": "Outer", "Join Type": "Inner", "Startup Cost": 2.9, "Total Cost": 3.09, "Plan Rows": 5, "Plan Width": 4, "Inner Unique": false, "Merge Cond": "(region.r_regionkey = n1.n_regionkey)", "Plans": [{"Node Type": "Sort", "Parent Relationship": "Outer", "Startup Cost": 1.07, "Total Cost": 1.08, "Plan Rows": 1, "Plan Width": 4, "Sort Key": ["region.r_regionkey"], "Plans": [{"Node Type": "Seq Scan", "Parent Relationship": "Outer", "Relation Name": "region", "Alias": "region", "Startup Cost": 0.0, "Total Cost": 1.06, "Plan Rows": 1, "Plan Width": 4, "Filter": "(r_name = 'ASIA'::bpchar)"}]}, {"Node Type": "Sort", "Parent Relationship": "Inner", "Startup Cost": 1.83, "Total Cost": 1.89, "Plan Rows": 25, "Plan Width": 8, "Sort Key": ["n1.n_regionkey"], "Plans": [{"Node Type": "Seq Scan", "Parent Relationship": "Outer", "Relation Name": "nation", "Alias": "n1", "Startup Cost": 0.0, "Total Cost": 1.25, "Plan Rows": 25, "Plan Width": 8}]}]}]}, {"Node Type": "Sort", "Parent Relationship": "Inner", "Startup Cost": 495721.5, "Total Cost": 495796.39, "Plan Rows": 29954, "Plan Width": 32, "Sort Key": ["customer.c_nationkey"], "Plans": [{"Node Type": "Nested Loop", "Parent Relationship": "Outer", "Join Type": "Inner", "Startup Cost": 447605.57, "Total Cost": 493494.35, "Plan Rows": 29954, "Plan Width": 32, "Inner Unique": true, "Plans": [{"Node Type": "Nested Loop", "Parent Relationship": "Outer", "Join Type": "Inner", "Startup Cost": 447605.57, "Total Cost": 477242.48, "Plan Rows": 51198, "Plan Width": 36, "Inner Unique": true, "Plans": [{"Node Type": "Merge Join", "Parent Relationship": "Outer", "Join Type": "Inner", "Startup Cost": 447605.57, "Total Cost": 454309.6, "Plan Rows": 74637, "Plan Width": 28, "Inner Unique": false, "Merge Cond": "(supplier.s_suppkey = lineitem.l_suppkey)", "Plans": [{"Node Type": "Index Scan", "Parent Relationship": "Outer", "Scan Direction": "Forward", "Index Name": "supplier_pkey", "Relation Name": "supplier", "Alias": "supplier", "Startup Cost": 0.0, "Total Cost": 5334.54, "Plan Rows": 100000, "Plan Width": 12}, {"Node Type": "Sort", "Parent Relationship": "Inner", "Startup Cost": 447605.54, "Total Cost": 447792.13, "Plan Rows": 74637, "Plan Width": 32, "Sort Key": ["lineitem.l_suppkey"], "Plans": [{"Node Type": "Nested Loop", "Parent Relationship": "Outer", "Join Type": "Inner", "Startup Cost": 0.0, "Total Cost": 441564.57, "Plan Rows": 74637, "Plan Width": 32, "Inner Unique": false, "Plans": [{"Node Type": "Seq Scan", "Parent Relationship": "Outer", "Relation Name": "part", "Alias": "part", "Startup Cost": 0.0, "Total Cost": 66944.0, "Plan Rows": 13538, "Plan Width": 8, "Filter": "((p_type)::text = 'SMALL PLATED COPPER'::text)"}, {"Node Type": "Index Scan", "Parent Relationship": "Inner", "Scan Direction": "Forward", "Index Name": "idx_lineitem_part_supp", "Relation Name": "lineitem", "Alias": "lineitem", "Startup Cost": 0.0, "Total Cost": 27.61, "Plan Rows": 6, "Plan Width": 40, "Index Cond": "(l_partkey = part.p_partkey)"}]}]}]}, {"Node Type": "Index Scan", "Parent Relationship": "Inner", "Scan Direction": "Forward", "Index Name": "orders_pkey", "Relation Name": "orders", "Alias": "orders", "Startup Cost": 0.0, "Total Cost": 0.3, "Plan Rows": 1, "Plan Width": 24, "Index Cond": "(o_orderkey = lineitem.l_orderkey)", "Filter": "((o_orderdate >= '1995-01-01 00:00:00'::timestamp(0) without time zone) AND (o_orderdate <= '1996-12-31 00:00:00'::timestamp(0) without time zone))"}]}, {"Node Type": "Index Scan", "Parent Relationship": "Inner", "Scan Direction": "Forward", "Index Name": "customer_pkey", "Relation Name": "customer", "Alias": "customer", "Startup Cost": 0.0, "Total Cost": 0.31, "Plan Rows": 1, "Plan Width": 12, "Index Cond": "(c_custkey = orders.o_custkey)"}]}]}]}]}]}]}]}, "Unique SQL Id": 3681808042, "Planner Runtime": 4}, "explain_analyze_plan": {"Plan": {"Node Type": "Sort", "Startup Cost": 496537.18, "Total Cost": 496537.2, "Plan Rows": 10, "Plan Width": 50, "Actual Startup Time": 6025.939, "Actual Total Time": 6025.94, "Actual Rows": 2, "Actual Loops": 1, "Sort Key": ["(date_part('year'::text, orders.o_orderdate))"], "Sort Method": "quicksort", "Sort Space Used": 25, "Sort Space Type": "Memory", "Plans": [{"Node Type": "Aggregate", "Strategy": "Hashed", "Parent Relationship": "Outer", "Startup Cost": 496536.86, "Total Cost": 496537.01, "Plan Rows": 10, "Plan Width": 50, "Actual Startup Time": 6025.919, "Actual Total Time": 6025.92, "Actual Rows": 2, "Actual Loops": 1, "Group By Key": ["date_part('year'::text, orders.o_orderdate)"], "Plans": [{"Node Type": "Merge Join", "Parent Relationship": "Outer", "Join Type": "Inner", "Startup Cost": 496312.07, "Total Cost": 496417.04, "Plan Rows": 5991, "Plan Width": 50, "Actual Startup Time": 5988.6, "Actual Total Time": 6007.101, "Actual Rows": 23929, "Actual Loops": 1, "Inner Unique": false, "Merge Cond": "(n2.n_nationkey = supplier.s_nationkey)", "Plans": [{"Node Type": "Sort", "Parent Relationship": "Outer", "Startup Cost": 1.83, "Total Cost": 1.89, "Plan Rows": 25, "Plan Width": 30, "Actual Startup Time": 0.053, "Actual Total Time": 0.056, "Actual Rows": 25, "Actual Loops": 1, "Sort Key": ["n2.n_nationkey"], "Sort Method": "quicksort", "Sort Space Used": 27, "Sort Space Type": "Memory", "Plans": [{"Node Type": "Seq Scan", "Parent Relationship": "Outer", "Relation Name": "nation", "Alias": "n2", "Startup Cost": 0.0, "Total Cost": 1.25, "Plan Rows": 25, "Plan Width": 30, "Actual Startup Time": 0.019, "Actual Total Time": 0.023, "Actual Rows": 25, "Actual Loops": 1}]}, {"Node Type": "Sort", "Parent Relationship": "Inner", "Startup Cost": 496310.24, "Total Cost": 496325.22, "Plan Rows": 5991, "Plan Width": 28, "Actual Startup Time": 5988.43, "Actual Total Time": 5993.616, "Actual Rows": 23929, "Actual Loops": 1, "Sort Key": ["supplier.s_nationkey"], "Sort Method": "quicksort", "Sort Space Used": 3012, "Sort Space Type": "Memory", "Plans": [{"Node Type": "Merge Join", "Parent Relationship": "Outer", "Join Type": "Inner", "Startup Cost": 495724.65, "Total Cost": 495934.35, "Plan Rows": 5991, "Plan Width": 28, "Actual Startup Time": 5955.296, "Actual Total Time": 5981.308, "Actual Rows": 23929, "Actual Loops": 1, "Inner Unique": false, "Merge Cond": "(n1.n_nationkey = customer.c_nationkey)", "Plans": [{"Node Type": "Sort", "Parent Relationship": "Outer", "Startup Cost": 3.14, "Total Cost": 3.16, "Plan Rows": 5, "Plan Width": 4, "Actual Startup Time": 0.06, "Actual Total Time": 0.062, "Actual Rows": 5, "Actual Loops": 1, "Sort Key": ["n1.n_nationkey"], "Sort Method": "quicksort", "Sort Space Used": 25, "Sort Space Type": "Memory", "Plans": [{"Node Type": "Merge Join", "Parent Relationship": "Outer", "Join Type": "Inner", "Startup Cost": 2.9, "Total Cost": 3.09, "Plan Rows": 5, "Plan Width": 4, "Actual Startup Time": 0.049, "Actual Total Time": 0.052, "Actual Rows": 5, "Actual Loops": 1, "Inner Unique": false, "Merge Cond": "(region.r_regionkey = n1.n_regionkey)", "Plans": [{"Node Type": "Sort", "Parent Relationship": "Outer", "Startup Cost": 1.07, "Total Cost": 1.08, "Plan Rows": 1, "Plan Width": 4, "Actual Startup Time": 0.015, "Actual Total Time": 0.015, "Actual Rows": 1, "Actual Loops": 1, "Sort Key": ["region.r_regionkey"], "Sort Method": "quicksort", "Sort Space Used": 25, "Sort Space Type": "Memory", "Plans": [{"Node Type": "Seq Scan", "Parent Relationship": "Outer", "Relation Name": "region", "Alias": "region", "Startup Cost": 0.0, "Total Cost": 1.06, "Plan Rows": 1, "Plan Width": 4, "Actual Startup Time": 0.012, "Actual Total Time": 0.013, "Actual Rows": 1, "Actual Loops": 1, "Filter": "(r_name = 'ASIA'::bpchar)", "Rows Removed by Filter": 4}]}, {"Node Type": "Sort", "Parent Relationship": "Inner", "Startup Cost": 1.83, "Total Cost": 1.89, "Plan Rows": 25, "Plan Width": 8, "Actual Startup Time": 0.026, "Actual Total Time": 0.027, "Actual Rows": 16, "Actual Loops": 1, "Sort Key": ["n1.n_regionkey"], "Sort Method": "quicksort", "Sort Space Used": 26, "Sort Space Type": "Memory", "Plans": [{"Node Type": "Seq Scan", "Parent Relationship": "Outer", "Relation Name": "nation", "Alias": "n1", "Startup Cost": 0.0, "Total Cost": 1.25, "Plan Rows": 25, "Plan Width": 8, "Actual Startup Time": 0.005, "Actual Total Time": 0.012, "Actual Rows": 25, "Actual Loops": 1}]}]}]}, {"Node Type": "Sort", "Parent Relationship": "Inner", "Startup Cost": 495721.5, "Total Cost": 495796.39, "Plan Rows": 29954, "Plan Width": 32, "Actual Startup Time": 5939.638, "Actual Total Time": 5962.894, "Actual Rows": 105359, "Actual Loops": 1, "Sort Key": ["customer.c_nationkey"], "Sort Method": "quicksort", "Sort Space Used": 14300, "Sort Space Type": "Memory", "Plans": [{"Node Type": "Nested Loop", "Parent Relationship": "Outer", "Join Type": "Inner", "Startup Cost": 447605.57, "Total Cost": 493494.35, "Plan Rows": 29954, "Plan Width": 32, "Actual Startup Time": 1845.825, "Actual Total Time": 5890.487, "Actual Rows": 119765, "Actual Loops": 1, "Inner Unique": true, "Plans": [{"Node Type": "Nested Loop", "Parent Relationship": "Outer", "Join Type": "Inner", "Startup Cost": 447605.57, "Total Cost": 477242.48, "Plan Rows": 51198, "Plan Width": 36, "Actual Startup Time": 1845.806, "Actual Total Time": 5075.608, "Actual Rows": 119765, "Actual Loops": 1, "Inner Unique": true, "Plans": [{"Node Type": "Merge Join", "Parent Relationship": "Outer", "Join Type": "Inner", "Startup Cost": 447605.57, "Total Cost": 454309.6, "Plan Rows": 74637, "Plan Width": 28, "Actual Startup Time": 1845.715, "Actual Total Time": 2129.421, "Actual Rows": 395341, "Actual Loops": 1, "Inner Unique": false, "Merge Cond": "(supplier.s_suppkey = lineitem.l_suppkey)", "Plans": [{"Node Type": "Index Scan", "Parent Relationship": "Outer", "Scan Direction": "Forward", "Index Name": "supplier_pkey", "Relation Name": "supplier", "Alias": "supplier", "Startup Cost": 0.0, "Total Cost": 5334.54, "Plan Rows": 100000, "Plan Width": 12, "Actual Startup Time": 0.023, "Actual Total Time": 62.089, "Actual Rows": 99999, "Actual Loops": 1}, {"Node Type": "Sort", "Parent Relationship": "Inner", "Startup Cost": 447605.54, "Total Cost": 447792.13, "Plan Rows": 74637, "Plan Width": 32, "Actual Startup Time": 1845.679, "Actual Total Time": 1916.12, "Actual Rows": 395341, "Actual Loops": 1, "Sort Key": ["lineitem.l_suppkey"], "Sort Method": "quicksort", "Sort Space Used": 49352, "Sort Space Type": "Memory", "Plans": [{"Node Type": "Nested Loop", "Parent Relationship": "Outer", "Join Type": "Inner", "Startup Cost": 0.0, "Total Cost": 441564.57, "Plan Rows": 74637, "Plan Width": 32, "Actual Startup Time": 0.028, "Actual Total Time": 1698.916, "Actual Rows": 395341, "Actual Loops": 1, "Inner Unique": false, "Plans": [{"Node Type": "Seq Scan", "Parent Relationship": "Outer", "Relation Name": "part", "Alias": "part", "Startup Cost": 0.0, "Total Cost": 66944.0, "Plan Rows": 13538, "Plan Width": 8, "Actual Startup Time": 0.013, "Actual Total Time": 733.115, "Actual Rows": 13163, "Actual Loops": 1, "Filter": "((p_type)::text = 'SMALL PLATED COPPER'::text)", "Rows Removed by Filter": 1986837}, {"Node Type": "Index Scan", "Parent Relationship": "Inner", "Scan Direction": "Forward", "Index Name": "idx_lineitem_part_supp", "Relation Name": "lineitem", "Alias": "lineitem", "Startup Cost": 0.0, "Total Cost": 27.61, "Plan Rows": 6, "Plan Width": 40, "Actual Startup Time": 131.025, "Actual Total Time": 870.837, "Actual Rows": 395341, "Actual Loops": 13163, "Index Cond": "(l_partkey = part.p_partkey)", "Rows Removed by Index Recheck": 0}]}]}]}, {"Node Type": "Index Scan", "Parent Relationship": "Inner", "Scan Direction": "Forward", "Index Name": "orders_pkey", "Relation Name": "orders", "Alias": "orders", "Startup Cost": 0.0, "Total Cost": 0.3, "Plan Rows": 1, "Plan Width": 24, "Actual Startup Time": 2712.149, "Actual Total Time": 2712.149, "Actual Rows": 119765, "Actual Loops": 395341, "Index Cond": "(o_orderkey = lineitem.l_orderkey)", "Rows Removed by Index Recheck": 0, "Filter": "((o_orderdate >= '1995-01-01 00:00:00'::timestamp(0) without time zone) AND (o_orderdate <= '1996-12-31 00:00:00'::timestamp(0) without time zone))", "Rows Removed by Filter": 275576}]}, {"Node Type": "Index Scan", "Parent Relationship": "Inner", "Scan Direction": "Forward", "Index Name": "customer_pkey", "Relation Name": "customer", "Alias": "customer", "Startup Cost": 0.0, "Total Cost": 0.31, "Plan Rows": 1, "Plan Width": 12, "Actual Startup Time": 712.858, "Actual Total Time": 712.858, "Actual Rows": 119765, "Actual Loops": 119765, "Index Cond": "(c_custkey = orders.o_custkey)", "Rows Removed by Index Recheck": 0}]}]}]}]}]}]}]}, "Triggers": [], "Planner Runtime": 5, "Total Runtime": 6026.352, "Unique SQL Id": 3681808042}}, "(1, 89)": {"explain_plan": {"Plan": {"Node Type": "Sort", "Startup Cost": 535424.81, "Total Cost": 535424.84, "Plan Rows": 10, "Plan Width": 50, "Sort Key": ["(date_part('year'::text, orders.o_orderdate))"], "Plans": [{"Node Type": "Aggregate", "Strategy": "Hashed", "Parent Relationship": "Outer", "Startup Cost": 535424.5, "Total Cost": 535424.65, "Plan Rows": 10, "Plan Width": 50, "Group By Key": ["date_part('year'::text, orders.o_orderdate)"], "Plans": [{"Node Type": "Merge Join", "Parent Relationship": "Outer", "Join Type": "Inner", "Startup Cost": 535187.15, "Total Cost": 535304.68, "Plan Rows": 5991, "Plan Width": 50, "Inner Unique": false, "Merge Cond": "(n2.n_nationkey = supplier.s_nationkey)", "Plans": [{"Node Type": "Index Scan", "Parent Relationship": "Outer", "Scan Direction": "Forward", "Index Name": "nation_pkey", "Relation Name": "nation", "Alias": "n2", "Startup Cost": 0.0, "Total Cost": 12.62, "Plan Rows": 25, "Plan Width": 30}, {"Node Type": "Sort", "Parent Relationship": "Inner", "Startup Cost": 535187.15, "Total Cost": 535202.12, "Plan Rows": 5991, "Plan Width": 28, "Sort Key": ["supplier.s_nationkey"], "Plans": [{"Node Type": "Merge Join", "Parent Relationship": "Outer", "Join Type": "Inner", "Startup Cost": 534601.55, "Total Cost": 534811.25, "Plan Rows": 5991, "Plan Width": 28, "Inner Unique": false, "Merge Cond": "(n1.n_nationkey = customer.c_nationkey)", "Plans": [{"Node Type": "Sort", "Parent Relationship": "Outer", "Startup Cost": 20.8, "Total Cost": 20.81, "Plan Rows": 5, "Plan Width": 4, "Sort Key": ["n1.n_nationkey"], "Plans": [{"Node Type": "Nested Loop", "Parent Relationship": "Outer", "Join Type": "Inner", "Startup Cost": 0.0, "Total Cost": 20.74, "Plan Rows": 5, "Plan Width": 4, "Inner Unique": false, "Plans": [{"Node Type": "Index Scan", "Parent Relationship": "Outer", "Scan Direction": "Forward", "Index Name": "region_pkey", "Relation Name": "region", "Alias": "region", "Startup Cost": 0.0, "Total Cost": 12.34, "Plan Rows": 1, "Plan Width": 4, "Filter": "(r_name = 'ASIA'::bpchar)"}, {"Node Type": "Index Scan", "Parent Relationship": "Inner", "Scan Direction": "Forward", "Index Name": "idx_nation_regionkey", "Relation Name": "nation", "Alias": "n1", "Startup Cost": 0.0, "Total Cost": 8.35, "Plan Rows": 5, "Plan Width": 8, "Index Cond": "(n_regionkey = region.r_regionkey)"}]}]}, {"Node Type": "Sort", "Parent Relationship": "Inner", "Startup Cost": 534580.75, "Total Cost": 534655.64, "Plan Rows": 29954, "Plan Width": 32, "Sort Key": ["customer.c_nationkey"], "Plans": [{"Node Type": "Nested Loop", "Parent Relationship": "Outer", "Join Type": "Inner", "Startup Cost": 486464.82, "Total Cost": 532353.6, "Plan Rows": 29954, "Plan Width": 32, "Inner Unique": true, "Plans": [{"Node Type": "Nested Loop", "Parent Relationship": "Outer", "Join Type": "Inner", "Startup Cost": 486464.82, "Total Cost": 516101.73, "Plan Rows": 51198, "Plan Width": 36, "Inner Unique": true, "Plans": [{"Node Type": "Merge Join", "Parent Relationship": "Outer", "Join Type": "Inner", "Startup Cost": 486464.82, "Total Cost": 493168.85, "Plan Rows": 74637, "Plan Width": 28, "Inner Unique": true, "Merge Cond": "(lineitem.l_suppkey = supplier.s_suppkey)", "Plans": [{"Node Type": "Sort", "Parent Relationship": "Outer", "Startup Cost": 486464.79, "Total Cost": 486651.38, "Plan Rows": 74637, "Plan Width": 32, "Sort Key": ["lineitem.l_suppkey"], "Plans": [{"Node Type": "Nested Loop", "Parent Relationship": "Outer", "Join Type": "Inner", "Startup Cost": 0.0, "Total Cost": 480423.82, "Plan Rows": 74637, "Plan Width": 32, "Inner Unique": false, "Plans": [{"Node Type": "Index Scan", "Parent Relationship": "Outer", "Scan Direction": "Forward", "Index Name": "part_kpey", "Relation Name": "part", "Alias": "part", "Startup Cost": 0.0, "Total Cost": 105803.25, "Plan Rows": 13538, "Plan Width": 8, "Filter": "((p_type)::text = 'SMALL PLATED COPPER'::text)"}, {"Node Type": "Index Scan", "Parent Relationship": "Inner", "Scan Direction": "Forward", "Index Name": "idx_lineitem_part_supp", "Relation Name": "lineitem", "Alias": "lineitem", "Startup Cost": 0.0, "Total Cost": 27.61, "Plan Rows": 6, "Plan Width": 40, "Index Cond": "(l_partkey = part.p_partkey)"}]}]}, {"Node Type": "Index Scan", "Parent Relationship": "Inner", "Scan Direction": "Forward", "Index Name": "supplier_pkey", "Relation Name": "supplier", "Alias": "supplier", "Startup Cost": 0.0, "Total Cost": 5334.54, "Plan Rows": 100000, "Plan Width": 12}]}, {"Node Type": "Index Scan", "Parent Relationship": "Inner", "Scan Direction": "Forward", "Index Name": "orders_pkey", "Relation Name": "orders", "Alias": "orders", "Startup Cost": 0.0, "Total Cost": 0.3, "Plan Rows": 1, "Plan Width": 24, "Index Cond": "(o_orderkey = lineitem.l_orderkey)", "Filter": "((o_orderdate >= '1995-01-01 00:00:00'::timestamp(0) without time zone) AND (o_orderdate <= '1996-12-31 00:00:00'::timestamp(0) without time zone))"}]}, {"Node Type": "Index Scan", "Parent Relationship": "Inner", "Scan Direction": "Forward", "Index Name": "customer_pkey", "Relation Name": "customer", "Alias": "customer", "Startup Cost": 0.0, "Total Cost": 0.31, "Plan Rows": 1, "Plan Width": 12, "Index Cond": "(c_custkey = orders.o_custkey)"}]}]}]}]}]}]}]}, "Unique SQL Id": 3681808042, "Planner Runtime": 4}, "explain_analyze_plan": {"Plan": {"Node Type": "Sort", "Startup Cost": 535424.81, "Total Cost": 535424.84, "Plan Rows": 10, "Plan Width": 50, "Actual Startup Time": 6959.875, "Actual Total Time": 6959.875, "Actual Rows": 2, "Actual Loops": 1, "Sort Key": ["(date_part('year'::text, orders.o_orderdate))"], "Sort Method": "quicksort", "Sort Space Used": 25, "Sort Space Type": "Memory", "Plans": [{"Node Type": "Aggregate", "Strategy": "Hashed", "Parent Relationship": "Outer", "Startup Cost": 535424.5, "Total Cost": 535424.65, "Plan Rows": 10, "Plan Width": 50, "Actual Startup Time": 6959.859, "Actual Total Time": 6959.86, "Actual Rows": 2, "Actual Loops": 1, "Group By Key": ["date_part('year'::text, orders.o_orderdate)"], "Plans": [{"Node Type": "Merge Join", "Parent Relationship": "Outer", "Join Type": "Inner", "Startup Cost": 535187.15, "Total Cost": 535304.68, "Plan Rows": 5991, "Plan Width": 50, "Actual Startup Time": 6924.274, "Actual Total Time": 6940.714, "Actual Rows": 23929, "Actual Loops": 1, "Inner Unique": false, "Merge Cond": "(n2.n_nationkey = supplier.s_nationkey)", "Plans": [{"Node Type": "Index Scan", "Parent Relationship": "Outer", "Scan Direction": "Forward", "Index Name": "nation_pkey", "Relation Name": "nation", "Alias": "n2", "Startup Cost": 0.0, "Total Cost": 12.62, "Plan Rows": 25, "Plan Width": 30, "Actual Startup Time": 0.013, "Actual Total Time": 0.056, "Actual Rows": 25, "Actual Loops": 1}, {"Node Type": "Sort", "Parent Relationship": "Inner", "Startup Cost": 535187.15, "Total Cost": 535202.12, "Plan Rows": 5991, "Plan Width": 28, "Actual Startup Time": 6924.207, "Actual Total Time": 6926.882, "Actual Rows": 23929, "Actual Loops": 1, "Sort Key": ["supplier.s_nationkey"], "Sort Method": "quicksort", "Sort Space Used": 3012, "Sort Space Type": "Memory", "Plans": [{"Node Type": "Merge Join", "Parent Relationship": "Outer", "Join Type": "Inner", "Startup Cost": 534601.55, "Total Cost": 534811.25, "Plan Rows": 5991, "Plan Width": 28, "Actual Startup Time": 6893.587, "Actual Total Time": 6917.511, "Actual Rows": 23929, "Actual Loops": 1, "Inner Unique": false, "Merge Cond": "(n1.n_nationkey = customer.c_nationkey)", "Plans": [{"Node Type": "Sort", "Parent Relationship": "Outer", "Startup Cost": 20.8, "Total Cost": 20.81, "Plan Rows": 5, "Plan Width": 4, "Actual Startup Time": 0.036, "Actual Total Time": 0.04, "Actual Rows": 5, "Actual Loops": 1, "Sort Key": ["n1.n_nationkey"], "Sort Method": "quicksort", "Sort Space Used": 25, "Sort Space Type": "Memory", "Plans": [{"Node Type": "Nested Loop", "Parent Relationship": "Outer", "Join Type": "Inner", "Startup Cost": 0.0, "Total Cost": 20.74, "Plan Rows": 5, "Plan Width": 4, "Actual Startup Time": 0.019, "Actual Total Time": 0.026, "Actual Rows": 5, "Actual Loops": 1, "Inner Unique": false, "Plans": [{"Node Type": "Index Scan", "Parent Relationship": "Outer", "Scan Direction": "Forward", "Index Name": "region_pkey", "Relation Name": "region", "Alias": "region", "Startup Cost": 0.0, "Total Cost": 12.34, "Plan Rows": 1, "Plan Width": 4, "Actual Startup Time": 0.011, "Actual Total Time": 0.013, "Actual Rows": 1, "Actual Loops": 1, "Filter": "(r_name = 'ASIA'::bpchar)", "Rows Removed by Filter": 4}, {"Node Type": "Index Scan", "Parent Relationship": "Inner", "Scan Direction": "Forward", "Index Name": "idx_nation_regionkey", "Relation Name": "nation", "Alias": "n1", "Startup Cost": 0.0, "Total Cost": 8.35, "Plan Rows": 5, "Plan Width": 8, "Actual Startup Time": 0.005, "Actual Total Time": 0.009, "Actual Rows": 5, "Actual Loops": 1, "Index Cond": "(n_regionkey = region.r_regionkey)", "Rows Removed by Index Recheck": 0}]}]}, {"Node Type": "Sort", "Parent Relationship": "Inner", "Startup Cost": 534580.75, "Total Cost": 534655.64, "Plan Rows": 29954, "Plan Width": 32, "Actual Startup Time": 6880.512, "Actual Total Time": 6899.632, "Actual Rows": 105359, "Actual Loops": 1, "Sort Key": ["customer.c_nationkey"], "Sort Method": "quicksort", "Sort Space Used": 14300, "Sort Space Type": "Memory", "Plans": [{"Node Type": "Nested Loop", "Parent Relationship": "Outer", "Join Type": "Inner", "Startup Cost": 486464.82, "Total Cost": 532353.6, "Plan Rows": 29954, "Plan Width": 32, "Actual Startup Time": 2565.294, "Actual Total Time": 6831.916, "Actual Rows": 119765, "Actual Loops": 1, "Inner Unique": true, "Plans": [{"Node Type": "Nested Loop", "Parent Relationship": "Outer", "Join Type": "Inner", "Startup Cost": 486464.82, "Total Cost": 516101.73, "Plan Rows": 51198, "Plan Width": 36, "Actual Startup Time": 2565.278, "Actual Total Time": 5973.606, "Actual Rows": 119765, "Actual Loops": 1, "Inner Unique": true, "Plans": [{"Node Type": "Merge Join", "Parent Relationship": "Outer", "Join Type": "Inner", "Startup Cost": 486464.82, "Total Cost": 493168.85, "Plan Rows": 74637, "Plan Width": 28, "Actual Startup Time": 2565.197, "Actual Total Time": 2867.524, "Actual Rows": 395341, "Actual Loops": 1, "Inner Unique": true, "Merge Cond": "(lineitem.l_suppkey = supplier.s_suppkey)", "Plans": [{"Node Type": "Sort", "Parent Relationship": "Outer", "Startup Cost": 486464.79, "Total Cost": 486651.38, "Plan Rows": 74637, "Plan Width": 32, "Actual Startup Time": 2565.13, "Actual Total Time": 2645.493, "Actual Rows": 395341, "Actual Loops": 1, "Sort Key": ["lineitem.l_suppkey"], "Sort Method": "quicksort", "Sort Space Used": 49352, "Sort Space Type": "Memory", "Plans": [{"Node Type": "Nested Loop", "Parent Relationship": "Outer", "Join Type": "Inner", "Startup Cost": 0.0, "Total Cost": 480423.82, "Plan Rows": 74637, "Plan Width": 32, "Actual Startup Time": 0.035, "Actual Total Time": 2416.997, "Actual Rows": 395341, "Actual Loops": 1, "Inner Unique": false, "Plans": [{"Node Type": "Index Scan", "Parent Relationship": "Outer", "Scan Direction": "Forward", "Index Name": "part_kpey", "Relation Name": "part", "Alias": "part", "Startup Cost": 0.0, "Total Cost": 105803.25, "Plan Rows": 13538, "Plan Width": 8, "Actual Startup Time": 0.023, "Actual Total Time": 1341.461, "Actual Rows": 13163, "Actual Loops": 1, "Filter": "((p_type)::text = 'SMALL PLATED COPPER'::text)", "Rows Removed by Filter": 1986837}, {"Node Type": "Index Scan", "Parent Relationship": "Inner", "Scan Direction": "Forward", "Index Name": "idx_lineitem_part_supp", "Relation Name": "lineitem", "Alias": "lineitem", "Startup Cost": 0.0, "Total Cost": 27.61, "Plan Rows": 6, "Plan Width": 40, "Actual Startup Time": 133.224, "Actual Total Time": 982.499, "Actual Rows": 395341, "Actual Loops": 13163, "Index Cond": "(l_partkey = part.p_partkey)", "Rows Removed by Index Recheck": 0}]}]}, {"Node Type": "Index Scan", "Parent Relationship": "Inner", "Scan Direction": "Forward", "Index Name": "supplier_pkey", "Relation Name": "supplier", "Alias": "supplier", "Startup Cost": 0.0, "Total Cost": 5334.54, "Plan Rows": 100000, "Plan Width": 12, "Actual Startup Time": 0.049, "Actual Total Time": 64.999, "Actual Rows": 99998, "Actual Loops": 1}]}, {"Node Type": "Index Scan", "Parent Relationship": "Inner", "Scan Direction": "Forward", "Index Name": "orders_pkey", "Relation Name": "orders", "Alias": "orders", "Startup Cost": 0.0, "Total Cost": 0.3, "Plan Rows": 1, "Plan Width": 24, "Actual Startup Time": 2871.443, "Actual Total Time": 2871.443, "Actual Rows": 119765, "Actual Loops": 395341, "Index Cond": "(o_orderkey = lineitem.l_orderkey)", "Rows Removed by Index Recheck": 0, "Filter": "((o_orderdate >= '1995-01-01 00:00:00'::timestamp(0) without time zone) AND (o_orderdate <= '1996-12-31 00:00:00'::timestamp(0) without time zone))", "Rows Removed by Filter": 275576}]}, {"Node Type": "Index Scan", "Parent Relationship": "Inner", "Scan Direction": "Forward", "Index Name": "customer_pkey", "Relation Name": "customer", "Alias": "customer", "Startup Cost": 0.0, "Total Cost": 0.31, "Plan Rows": 1, "Plan Width": 12, "Actual Startup Time": 753.627, "Actual Total Time": 753.627, "Actual Rows": 119765, "Actual Loops": 119765, "Index Cond": "(c_custkey = orders.o_custkey)", "Rows Removed by Index Recheck": 0}]}]}]}]}]}]}]}, "Triggers": [], "Planner Runtime": 4, "Total Runtime": 6960.328, "Unique SQL Id": 3681808042}}, "(1, 90)": {"explain_plan": {"Plan": {"Node Type": "Sort", "Startup Cost": 11405902.62, "Total Cost": 11405902.65, "Plan Rows": 10, "Plan Width": 50, "Sort Key": ["(date_part('year'::text, orders.o_orderdate))"], "Plans": [{"Node Type": "Aggregate", "Strategy": "Hashed", "Parent Relationship": "Outer", "Startup Cost": 11405902.3, "Total Cost": 11405902.45, "Plan Rows": 10, "Plan Width": 50, "Group By Key": ["date_part('year'::text, orders.o_orderdate)"], "Plans": [{"Node Type": "Merge Join", "Parent Relationship": "Outer", "Join Type": "Inner", "Startup Cost": 11405677.52, "Total Cost": 11405782.48, "Plan Rows": 5991, "Plan Width": 50, "Inner Unique": false, "Merge Cond": "(n2.n_nationkey = supplier.s_nationkey)", "Plans": [{"Node Type": "Sort", "Parent Relationship": "Outer", "Startup Cost": 1.83, "Total Cost": 1.89, "Plan Rows": 25, "Plan Width": 30, "Sort Key": ["n2.n_nationkey"], "Plans": [{"Node Type": "Seq Scan", "Parent Relationship": "Outer", "Relation Name": "nation", "Alias": "n2", "Startup Cost": 0.0, "Total Cost": 1.25, "Plan Rows": 25, "Plan Width": 30}]}, {"Node Type": "Sort", "Parent Relationship": "Inner", "Startup Cost": 11405675.69, "Total Cost": 11405690.66, "Plan Rows": 5991, "Plan Width": 28, "Sort Key": ["supplier.s_nationkey"], "Plans": [{"Node Type": "Merge Join", "Parent Relationship": "Outer", "Join Type": "Inner", "Startup Cost": 11405090.09, "Total Cost": 11405299.79, "Plan Rows": 5991, "Plan Width": 28, "Inner Unique": false, "Merge Cond": "(n1.n_nationkey = customer.c_nationkey)", "Plans": [{"Node Type": "Sort", "Parent Relationship": "Outer", "Startup Cost": 3.14, "Total Cost": 3.16, "Plan Rows": 5, "Plan Width": 4, "Sort Key": ["n1.n_nationkey"], "Plans": [{"Node Type": "Merge Join", "Parent Relationship": "Outer", "Join Type": "Inner", "Startup Cost": 2.9, "Total Cost": 3.09, "Plan Rows": 5, "Plan Width": 4, "Inner Unique": false, "Merge Cond": "(region.r_regionkey = n1.n_regionkey)", "Plans": [{"Node Type": "Sort", "Parent Relationship": "Outer", "Startup Cost": 1.07, "Total Cost": 1.08, "Plan Rows": 1, "Plan Width": 4, "Sort Key": ["region.r_regionkey"], "Plans": [{"Node Type": "Seq Scan", "Parent Relationship": "Outer", "Relation Name": "region", "Alias": "region", "Startup Cost": 0.0, "Total Cost": 1.06, "Plan Rows": 1, "Plan Width": 4, "Filter": "(r_name = 'ASIA'::bpchar)"}]}, {"Node Type": "Sort", "Parent Relationship": "Inner", "Startup Cost": 1.83, "Total Cost": 1.89, "Plan Rows": 25, "Plan Width": 8, "Sort Key": ["n1.n_regionkey"], "Plans": [{"Node Type": "Seq Scan", "Parent Relationship": "Outer", "Relation Name": "nation", "Alias": "n1", "Startup Cost": 0.0, "Total Cost": 1.25, "Plan Rows": 25, "Plan Width": 8}]}]}]}, {"Node Type": "Sort", "Parent Relationship": "Inner", "Startup Cost": 11405086.95, "Total Cost": 11405161.83, "Plan Rows": 29954, "Plan Width": 32, "Sort Key": ["customer.c_nationkey"], "Plans": [{"Node Type": "Merge Join", "Parent Relationship": "Outer", "Join Type": "Inner", "Startup Cost": 11394804.48, "Total Cost": 11402859.8, "Plan Rows": 29954, "Plan Width": 32, "Inner Unique": true, "Merge Cond": "(orders.o_custkey = customer.c_custkey)", "Plans": [{"Node Type": "Sort", "Parent Relationship": "Outer", "Startup Cost": 11188804.29, "Total Cost": 11188932.29, "Plan Rows": 51198, "Plan Width": 36, "Sort Key": ["orders.o_custkey"], "Plans": [{"Node Type": "Merge Join", "Parent Relationship": "Outer", "Join Type": "Inner", "Startup Cost": 11161255.48, "Total Cost": 11184799.64, "Plan Rows": 51198, "Plan Width": 36, "Inner Unique": true, "Merge Cond": "(lineitem.l_orderkey = orders.o_orderkey)", "Plans": [{"Node Type": "Sort", "Parent Relationship": "Outer", "Startup Cost": 10158795.85, "Total Cost": 10158982.44, "Plan Rows": 74637, "Plan Width": 28, "Sort Key": ["lineitem.l_orderkey"], "Plans": [{"Node Type": "Merge Join", "Parent Relationship": "Outer", "Join Type": "Inner", "Startup Cost": 10151135.39, "Total Cost": 10152754.88, "Plan Rows": 74637, "Plan Width": 28, "Inner Unique": true, "Merge Cond": "(lineitem.l_suppkey = supplier.s_suppkey)", "Plans": [{"Node Type": "Sort", "Parent Relationship": "Outer", "Startup Cost": 10139547.54, "Total Cost": 10139734.13, "Plan Rows": 74637, "Plan Width": 32, "Sort Key": ["lineitem.l_suppkey"], "Plans": [{"Node Type": "Merge Join", "Parent Relationship": "Outer", "Join Type": "Inner", "Startup Cost": 9832757.35, "Total Cost": 10133506.57, "Plan Rows": 74637, "Plan Width": 32, "Inner Unique": false, "Merge Cond": "(part.p_partkey = lineitem.l_partkey)", "Plans": [{"Node Type": "Sort", "Parent Relationship": "Outer", "Startup Cost": 67873.03, "Total Cost": 67906.87, "Plan Rows": 13538, "Plan Width": 8, "Sort Key": ["part.p_partkey"], "Plans": [{"Node Type": "Seq Scan", "Parent Relationship": "Outer", "Relation Name": "part", "Alias": "part", "Startup Cost": 0.0, "Total Cost": 66944.0, "Plan Rows": 13538, "Plan Width": 8, "Filter": "((p_type)::text = 'SMALL PLATED COPPER'::text)"}]}, {"Node Type": "Sort", "Parent Relationship": "Inner", "Startup Cost": 9764884.32, "Total Cost": 9914851.9, "Plan Rows": 59987033, "Plan Width": 40, "Sort Key": ["lineitem.l_partkey"], "Plans": [{"Node Type": "Seq Scan", "Parent Relationship": "Outer", "Relation Name": "lineitem", "Alias": "lineitem", "Startup Cost": 0.0, "Total Cost": 2015115.33, "Plan Rows": 59987033, "Plan Width": 40}]}]}]}, {"Node Type": "Sort", "Parent Relationship": "Inner", "Startup Cost": 11587.82, "Total Cost": 11837.82, "Plan Rows": 100000, "Plan Width": 12, "Sort Key": ["supplier.s_suppkey"], "Plans": [{"Node Type": "Seq Scan", "Parent Relationship": "Outer", "Relation Name": "supplier", "Alias": "supplier", "Startup Cost": 0.0, "Total Cost": 3283.0, "Plan Rows": 100000, "Plan Width": 12}]}]}]}, {"Node Type": "Sort", "Parent Relationship": "Inner", "Startup Cost": 1002458.79, "Total Cost": 1013788.71, "Plan Rows": 4531967, "Plan Width": 24, "Sort Key": ["orders.o_orderkey"], "Plans": [{"Node Type": "Seq Scan", "Parent Relationship": "Outer", "Relation Name": "orders", "Alias": "orders", "Startup Cost": 195.74, "Total Cost": 501411.18, "Plan Rows": 4531967, "Plan Width": 24, "Filter": "((o_orderdate >= '1995-01-01 00:00:00'::timestamp(0) without time zone) AND (o_orderdate <= '1996-12-31 00:00:00'::timestamp(0) without time zone)), (LLVM Optimized)"}]}]}]}, {"Node Type": "Sort", "Parent Relationship": "Inner", "Startup Cost": 205999.98, "Total Cost": 209749.98, "Plan Rows": 1500000, "Plan Width": 12, "Sort Key": ["customer.c_custkey"], "Plans": [{"Node Type": "Seq Scan", "Parent Relationship": "Outer", "Relation Name": "customer", "Alias": "customer", "Startup Cost": 0.0, "Total Cost": 52126.0, "Plan Rows": 1500000, "Plan Width": 12}]}]}]}]}]}]}]}]}, "Unique SQL Id": 3681808042, "Planner Runtime": 4}, "explain_analyze_plan": null}, "(1, 91)": {"explain_plan": {"Plan": {"Node Type": "Sort", "Startup Cost": 8000413660073.44, "Total Cost": 8000413660073.47, "Plan Rows": 10, "Plan Width": 50, "Sort Key": ["(date_part('year'::text, orders.o_orderdate))"], "Plans": [{"Node Type": "Aggregate", "Strategy": "Hashed", "Parent Relationship": "Outer", "Startup Cost": 8000413660073.13, "Total Cost": 8000413660073.28, "Plan Rows": 10, "Plan Width": 50, "Group By Key": ["date_part('year'::text, orders.o_orderdate)"], "Plans": [{"Node Type": "Merge Join", "Parent Relationship": "Outer", "Join Type": "Inner", "Startup Cost": 7010413658075.55, "Total Cost": 8000413659727.21, "Plan Rows": 17296, "Plan Width": 50, "Inner Unique": true, "Merge Cond": "(supplier.s_nationkey = n2.n_nationkey)", "Plans": [{"Node Type": "Sort", "Parent Relationship": "Outer", "Startup Cost": 7000413658075.55, "Total Cost": 7000413658118.79, "Plan Rows": 17296, "Plan Width": 28, "Sort Key": ["supplier.s_nationkey"], "Plans": [{"Node Type": "Merge Join", "Parent Relationship": "Outer", "Join Type": "Inner", "Startup Cost": 6010413122985.77, "Total Cost": 7000413656858.07, "Plan Rows": 17296, "Plan Width": 28, "Inner Unique": true, "Merge Cond": "(lineitem.l_suppkey = supplier.s_suppkey)", "Plans": [{"Node Type": "Sort", "Parent Relationship": "Outer", "Startup Cost": 6000413122985.76, "Total Cost": 6000413123029.0, "Plan Rows": 17296, "Plan Width": 32, "Sort Key": ["lineitem.l_suppkey"], "Plans": [{"Node Type": "Merge Join", "Parent Relationship": "Outer", "Join Type": "Inner", "Startup Cost": 5010413119842.7, "Total Cost": 6000413121768.28, "Plan Rows": 17296, "Plan Width": 32, "Inner Unique": true, "Merge Cond": "(n1.n_regionkey = region.r_regionkey)", "Plans": [{"Node Type": "Sort", "Parent Relationship": "Outer", "Startup Cost": 5000413119842.7, "Total Cost": 5000413120058.89, "Plan Rows": 86479, "Plan Width": 36, "Sort Key": ["n1.n_regionkey"], "Plans": [{"Node Type": "Merge Join", "Parent Relationship": "Outer", "Join Type": "Inner", "Startup Cost": 4010413110191.64, "Total Cost": 5000413112751.39, "Plan Rows": 86479, "Plan Width": 36, "Inner Unique": false, "Merge Cond": "(n1.n_nationkey = customer.c_nationkey)", "Plans": [{"Node Type": "Index Scan", "Parent Relationship": "Outer", "Scan Direction": "Forward", "Index Name": "nation_pkey", "Relation Name": "nation", "Alias": "n1", "Startup Cost": 10000000000.0, "Total Cost": 1000000001262.5, "Plan Rows": 25, "Plan Width": 8}, {"Node Type": "Sort", "Parent Relationship": "Inner", "Startup Cost": 4000413110191.64, "Total Cost": 4000413110407.84, "Plan Rows": 86479, "Plan Width": 36, "Sort Key": ["customer.c_nationkey"], "Plans": [{"Node Type": "Merge Join", "Parent Relationship": "Outer", "Join Type": "Inner", "Startup Cost": 3010432081738.41, "Total Cost": 4000413103100.34, "Plan Rows": 86479, "Plan Width": 36, "Inner Unique": true, "Merge Cond": "(orders.o_custkey = customer.c_custkey)", "Plans": [{"Node Type": "Sort", "Parent Relationship": "Outer", "Startup Cost": 3000405021517.55, "Total Cost": 3000405021733.74, "Plan Rows": 86479, "Plan Width": 40, "Sort Key": ["orders.o_custkey"], "Plans": [{"Node Type": "Merge Join", "Parent Relationship": "Outer", "Join Type": "Inner", "Startup Cost": 2010467355835.36, "Total Cost": 3000405014426.24, "Plan Rows": 86479, "Plan Width": 40, "Inner Unique": true, "Merge Cond": "(lineitem.l_partkey = part.p_partkey)", "Plans": [{"Node Type": "Sort", "Parent Relationship": "Outer", "Startup Cost": 2000394227560.84, "Total Cost": 2000394330431.79, "Plan Rows": 41148382, "Plan Width": 48, "Sort Key": ["lineitem.l_partkey"], "Plans": [{"Node Type": "Merge Join", "Parent Relationship": "Outer", "Join Type": "Inner", "Startup Cost": 20036483818.55, "Total Cost": 2000389023456.58, "Plan Rows": 41148382, "Plan Width": 48, "Inner Unique": false, "Merge Cond": "(orders.o_orderkey = lineitem.l_orderkey)", "Plans": [{"Node Type": "Index Scan", "Parent Relationship": "Outer", "Scan Direction": "Forward", "Index Name": "orders_pkey", "Relation Name": "orders", "Alias": "orders", "Startup Cost": 10000000000.0, "Total Cost": 1000080597583.0, "Plan Rows": 4531967, "Plan Width": 24, "Filter": "((o_orderdate >= '1995-01-01 00:00:00'::timestamp(0) without time zone) AND (o_orderdate <= '1996-12-31 00:00:00'::timestamp(0) without time zone)), (LLVM Optimized)"}, {"Node Type": "Index Scan", "Parent Relationship": "Inner", "Scan Direction": "Forward", "Index Name": "idx_lineitem_orderkey", "Relation Name": "lineitem", "Alias": "lineitem", "Startup Cost": 10000000000.0, "Total Cost": 1000324015374.5, "Plan Rows": 59987033, "Plan Width": 40}]}]}, {"Node Type": "Materialize", "Parent Relationship": "Inner", "Startup Cost": 10000000000.0, "Total Cost": 1000010580358.84, "Plan Rows": 13538, "Plan Width": 8, "Plans": [{"Node Type": "Index Scan", "Parent Relationship": "Outer", "Scan Direction": "Forward", "Index Name": "part_kpey", "Relation Name": "part", "Alias": "part", "Startup Cost": 10000000000.0, "Total Cost": 1000010580325.0, "Plan Rows": 13538, "Plan Width": 8, "Filter": "((p_type)::text = 'SMALL PLATED COPPER'::text)"}]}]}]}, {"Node Type": "Index Scan", "Parent Relationship": "Inner", "Scan Direction": "Forward", "Index Name": "customer_pkey", "Relation Name": "customer", "Alias": "customer", "Startup Cost": 10000000000.0, "Total Cost": 1000008076535.62, "Plan Rows": 1500000, "Plan Width": 12}]}]}]}]}, {"Node Type": "Materialize", "Parent Relationship": "Inner", "Startup Cost": 10000000000.0, "Total Cost": 1000000001233.75, "Plan Rows": 1, "Plan Width": 4, "Plans": [{"Node Type": "Index Scan", "Parent Relationship": "Outer", "Scan Direction": "Forward", "Index Name": "region_pkey", "Relation Name": "region", "Alias": "region", "Startup Cost": 10000000000.0, "Total Cost": 1000000001233.75, "Plan Rows": 1, "Plan Width": 4, "Filter": "(r_name = 'ASIA'::bpchar)"}]}]}]}, {"Node Type": "Index Scan", "Parent Relationship": "Inner", "Scan Direction": "Forward", "Index Name": "supplier_pkey", "Relation Name": "supplier", "Alias": "supplier", "Startup Cost": 10000000000.0, "Total Cost": 1000000533454.38, "Plan Rows": 100000, "Plan Width": 12}]}]}, {"Node Type": "Materialize", "Parent Relationship": "Inner", "Startup Cost": 10000000000.0, "Total Cost": 1000000001262.56, "Plan Rows": 25, "Plan Width": 30, "Plans": [{"Node Type": "Index Scan", "Parent Relationship": "Outer", "Scan Direction": "Forward", "Index Name": "nation_pkey", "Relation Name": "nation", "Alias": "n2", "Startup Cost": 10000000000.0, "Total Cost": 1000000001262.5, "Plan Rows": 25, "Plan Width": 30}]}]}]}]}, "Unique SQL Id": 3681808042, "Planner Runtime": 8}, "explain_analyze_plan": null}, "(1, 92)": {"explain_plan": {"Plan": {"Node Type": "Sort", "Startup Cost": 496537.18, "Total Cost": 496537.2, "Plan Rows": 10, "Plan Width": 50, "Sort Key": ["(date_part('year'::text, orders.o_orderdate))"], "Plans": [{"Node Type": "Aggregate", "Strategy": "Hashed", "Parent Relationship": "Outer", "Startup Cost": 496536.86, "Total Cost": 496537.01, "Plan Rows": 10, "Plan Width": 50, "Group By Key": ["date_part('year'::text, orders.o_orderdate)"], "Plans": [{"Node Type": "Merge Join", "Parent Relationship": "Outer", "Join Type": "Inner", "Startup Cost": 496312.07, "Total Cost": 496417.04, "Plan Rows": 5991, "Plan Width": 50, "Inner Unique": false, "Merge Cond": "(n2.n_nationkey = supplier.s_nationkey)", "Plans": [{"Node Type": "Sort", "Parent Relationship": "Outer", "Startup Cost": 1.83, "Total Cost": 1.89, "Plan Rows": 25, "Plan Width": 30, "Sort Key": ["n2.n_nationkey"], "Plans": [{"Node Type": "Seq Scan", "Parent Relationship": "Outer", "Relation Name": "nation", "Alias": "n2", "Startup Cost": 0.0, "Total Cost": 1.25, "Plan Rows": 25, "Plan Width": 30}]}, {"Node Type": "Sort", "Parent Relationship": "Inner", "Startup Cost": 496310.24, "Total Cost": 496325.22, "Plan Rows": 5991, "Plan Width": 28, "Sort Key": ["supplier.s_nationkey"], "Plans": [{"Node Type": "Merge Join", "Parent Relationship": "Outer", "Join Type": "Inner", "Startup Cost": 495724.65, "Total Cost": 495934.35, "Plan Rows": 5991, "Plan Width": 28, "Inner Unique": false, "Merge Cond": "(n1.n_nationkey = customer.c_nationkey)", "Plans": [{"Node Type": "Sort", "Parent Relationship": "Outer", "Startup Cost": 3.14, "Total Cost": 3.16, "Plan Rows": 5, "Plan Width": 4, "Sort Key": ["n1.n_nationkey"], "Plans": [{"Node Type": "Merge Join", "Parent Relationship": "Outer", "Join Type": "Inner", "Startup Cost": 2.9, "Total Cost": 3.09, "Plan Rows": 5, "Plan Width": 4, "Inner Unique": false, "Merge Cond": "(region.r_regionkey = n1.n_regionkey)", "Plans": [{"Node Type": "Sort", "Parent Relationship": "Outer", "Startup Cost": 1.07, "Total Cost": 1.08, "Plan Rows": 1, "Plan Width": 4, "Sort Key": ["region.r_regionkey"], "Plans": [{"Node Type": "Seq Scan", "Parent Relationship": "Outer", "Relation Name": "region", "Alias": "region", "Startup Cost": 0.0, "Total Cost": 1.06, "Plan Rows": 1, "Plan Width": 4, "Filter": "(r_name = 'ASIA'::bpchar)"}]}, {"Node Type": "Sort", "Parent Relationship": "Inner", "Startup Cost": 1.83, "Total Cost": 1.89, "Plan Rows": 25, "Plan Width": 8, "Sort Key": ["n1.n_regionkey"], "Plans": [{"Node Type": "Seq Scan", "Parent Relationship": "Outer", "Relation Name": "nation", "Alias": "n1", "Startup Cost": 0.0, "Total Cost": 1.25, "Plan Rows": 25, "Plan Width": 8}]}]}]}, {"Node Type": "Sort", "Parent Relationship": "Inner", "Startup Cost": 495721.5, "Total Cost": 495796.39, "Plan Rows": 29954, "Plan Width": 32, "Sort Key": ["customer.c_nationkey"], "Plans": [{"Node Type": "Nested Loop", "Parent Relationship": "Outer", "Join Type": "Inner", "Startup Cost": 447605.57, "Total Cost": 493494.35, "Plan Rows": 29954, "Plan Width": 32, "Inner Unique": true, "Plans": [{"Node Type": "Nested Loop", "Parent Relationship": "Outer", "Join Type": "Inner", "Startup Cost": 447605.57, "Total Cost": 477242.48, "Plan Rows": 51198, "Plan Width": 36, "Inner Unique": true, "Plans": [{"Node Type": "Merge Join", "Parent Relationship": "Outer", "Join Type": "Inner", "Startup Cost": 447605.57, "Total Cost": 454309.6, "Plan Rows": 74637, "Plan Width": 28, "Inner Unique": false, "Merge Cond": "(supplier.s_suppkey = lineitem.l_suppkey)", "Plans": [{"Node Type": "Index Scan", "Parent Relationship": "Outer", "Scan Direction": "Forward", "Index Name": "supplier_pkey", "Relation Name": "supplier", "Alias": "supplier", "Startup Cost": 0.0, "Total Cost": 5334.54, "Plan Rows": 100000, "Plan Width": 12}, {"Node Type": "Sort", "Parent Relationship": "Inner", "Startup Cost": 447605.54, "Total Cost": 447792.13, "Plan Rows": 74637, "Plan Width": 32, "Sort Key": ["lineitem.l_suppkey"], "Plans": [{"Node Type": "Nested Loop", "Parent Relationship": "Outer", "Join Type": "Inner", "Startup Cost": 0.0, "Total Cost": 441564.57, "Plan Rows": 74637, "Plan Width": 32, "Inner Unique": false, "Plans": [{"Node Type": "Seq Scan", "Parent Relationship": "Outer", "Relation Name": "part", "Alias": "part", "Startup Cost": 0.0, "Total Cost": 66944.0, "Plan Rows": 13538, "Plan Width": 8, "Filter": "((p_type)::text = 'SMALL PLATED COPPER'::text)"}, {"Node Type": "Index Scan", "Parent Relationship": "Inner", "Scan Direction": "Forward", "Index Name": "idx_lineitem_part_supp", "Relation Name": "lineitem", "Alias": "lineitem", "Startup Cost": 0.0, "Total Cost": 27.61, "Plan Rows": 6, "Plan Width": 40, "Index Cond": "(l_partkey = part.p_partkey)"}]}]}]}, {"Node Type": "Index Scan", "Parent Relationship": "Inner", "Scan Direction": "Forward", "Index Name": "orders_pkey", "Relation Name": "orders", "Alias": "orders", "Startup Cost": 0.0, "Total Cost": 0.3, "Plan Rows": 1, "Plan Width": 24, "Index Cond": "(o_orderkey = lineitem.l_orderkey)", "Filter": "((o_orderdate >= '1995-01-01 00:00:00'::timestamp(0) without time zone) AND (o_orderdate <= '1996-12-31 00:00:00'::timestamp(0) without time zone))"}]}, {"Node Type": "Index Scan", "Parent Relationship": "Inner", "Scan Direction": "Forward", "Index Name": "customer_pkey", "Relation Name": "customer", "Alias": "customer", "Startup Cost": 0.0, "Total Cost": 0.31, "Plan Rows": 1, "Plan Width": 12, "Index Cond": "(c_custkey = orders.o_custkey)"}]}]}]}]}]}]}]}, "Unique SQL Id": 3681808042, "Planner Runtime": 5}, "explain_analyze_plan": {"Plan": {"Node Type": "Sort", "Startup Cost": 496537.18, "Total Cost": 496537.2, "Plan Rows": 10, "Plan Width": 50, "Actual Startup Time": 6025.939, "Actual Total Time": 6025.94, "Actual Rows": 2, "Actual Loops": 1, "Sort Key": ["(date_part('year'::text, orders.o_orderdate))"], "Sort Method": "quicksort", "Sort Space Used": 25, "Sort Space Type": "Memory", "Plans": [{"Node Type": "Aggregate", "Strategy": "Hashed", "Parent Relationship": "Outer", "Startup Cost": 496536.86, "Total Cost": 496537.01, "Plan Rows": 10, "Plan Width": 50, "Actual Startup Time": 6025.919, "Actual Total Time": 6025.92, "Actual Rows": 2, "Actual Loops": 1, "Group By Key": ["date_part('year'::text, orders.o_orderdate)"], "Plans": [{"Node Type": "Merge Join", "Parent Relationship": "Outer", "Join Type": "Inner", "Startup Cost": 496312.07, "Total Cost": 496417.04, "Plan Rows": 5991, "Plan Width": 50, "Actual Startup Time": 5988.6, "Actual Total Time": 6007.101, "Actual Rows": 23929, "Actual Loops": 1, "Inner Unique": false, "Merge Cond": "(n2.n_nationkey = supplier.s_nationkey)", "Plans": [{"Node Type": "Sort", "Parent Relationship": "Outer", "Startup Cost": 1.83, "Total Cost": 1.89, "Plan Rows": 25, "Plan Width": 30, "Actual Startup Time": 0.053, "Actual Total Time": 0.056, "Actual Rows": 25, "Actual Loops": 1, "Sort Key": ["n2.n_nationkey"], "Sort Method": "quicksort", "Sort Space Used": 27, "Sort Space Type": "Memory", "Plans": [{"Node Type": "Seq Scan", "Parent Relationship": "Outer", "Relation Name": "nation", "Alias": "n2", "Startup Cost": 0.0, "Total Cost": 1.25, "Plan Rows": 25, "Plan Width": 30, "Actual Startup Time": 0.019, "Actual Total Time": 0.023, "Actual Rows": 25, "Actual Loops": 1}]}, {"Node Type": "Sort", "Parent Relationship": "Inner", "Startup Cost": 496310.24, "Total Cost": 496325.22, "Plan Rows": 5991, "Plan Width": 28, "Actual Startup Time": 5988.43, "Actual Total Time": 5993.616, "Actual Rows": 23929, "Actual Loops": 1, "Sort Key": ["supplier.s_nationkey"], "Sort Method": "quicksort", "Sort Space Used": 3012, "Sort Space Type": "Memory", "Plans": [{"Node Type": "Merge Join", "Parent Relationship": "Outer", "Join Type": "Inner", "Startup Cost": 495724.65, "Total Cost": 495934.35, "Plan Rows": 5991, "Plan Width": 28, "Actual Startup Time": 5955.296, "Actual Total Time": 5981.308, "Actual Rows": 23929, "Actual Loops": 1, "Inner Unique": false, "Merge Cond": "(n1.n_nationkey = customer.c_nationkey)", "Plans": [{"Node Type": "Sort", "Parent Relationship": "Outer", "Startup Cost": 3.14, "Total Cost": 3.16, "Plan Rows": 5, "Plan Width": 4, "Actual Startup Time": 0.06, "Actual Total Time": 0.062, "Actual Rows": 5, "Actual Loops": 1, "Sort Key": ["n1.n_nationkey"], "Sort Method": "quicksort", "Sort Space Used": 25, "Sort Space Type": "Memory", "Plans": [{"Node Type": "Merge Join", "Parent Relationship": "Outer", "Join Type": "Inner", "Startup Cost": 2.9, "Total Cost": 3.09, "Plan Rows": 5, "Plan Width": 4, "Actual Startup Time": 0.049, "Actual Total Time": 0.052, "Actual Rows": 5, "Actual Loops": 1, "Inner Unique": false, "Merge Cond": "(region.r_regionkey = n1.n_regionkey)", "Plans": [{"Node Type": "Sort", "Parent Relationship": "Outer", "Startup Cost": 1.07, "Total Cost": 1.08, "Plan Rows": 1, "Plan Width": 4, "Actual Startup Time": 0.015, "Actual Total Time": 0.015, "Actual Rows": 1, "Actual Loops": 1, "Sort Key": ["region.r_regionkey"], "Sort Method": "quicksort", "Sort Space Used": 25, "Sort Space Type": "Memory", "Plans": [{"Node Type": "Seq Scan", "Parent Relationship": "Outer", "Relation Name": "region", "Alias": "region", "Startup Cost": 0.0, "Total Cost": 1.06, "Plan Rows": 1, "Plan Width": 4, "Actual Startup Time": 0.012, "Actual Total Time": 0.013, "Actual Rows": 1, "Actual Loops": 1, "Filter": "(r_name = 'ASIA'::bpchar)", "Rows Removed by Filter": 4}]}, {"Node Type": "Sort", "Parent Relationship": "Inner", "Startup Cost": 1.83, "Total Cost": 1.89, "Plan Rows": 25, "Plan Width": 8, "Actual Startup Time": 0.026, "Actual Total Time": 0.027, "Actual Rows": 16, "Actual Loops": 1, "Sort Key": ["n1.n_regionkey"], "Sort Method": "quicksort", "Sort Space Used": 26, "Sort Space Type": "Memory", "Plans": [{"Node Type": "Seq Scan", "Parent Relationship": "Outer", "Relation Name": "nation", "Alias": "n1", "Startup Cost": 0.0, "Total Cost": 1.25, "Plan Rows": 25, "Plan Width": 8, "Actual Startup Time": 0.005, "Actual Total Time": 0.012, "Actual Rows": 25, "Actual Loops": 1}]}]}]}, {"Node Type": "Sort", "Parent Relationship": "Inner", "Startup Cost": 495721.5, "Total Cost": 495796.39, "Plan Rows": 29954, "Plan Width": 32, "Actual Startup Time": 5939.638, "Actual Total Time": 5962.894, "Actual Rows": 105359, "Actual Loops": 1, "Sort Key": ["customer.c_nationkey"], "Sort Method": "quicksort", "Sort Space Used": 14300, "Sort Space Type": "Memory", "Plans": [{"Node Type": "Nested Loop", "Parent Relationship": "Outer", "Join Type": "Inner", "Startup Cost": 447605.57, "Total Cost": 493494.35, "Plan Rows": 29954, "Plan Width": 32, "Actual Startup Time": 1845.825, "Actual Total Time": 5890.487, "Actual Rows": 119765, "Actual Loops": 1, "Inner Unique": true, "Plans": [{"Node Type": "Nested Loop", "Parent Relationship": "Outer", "Join Type": "Inner", "Startup Cost": 447605.57, "Total Cost": 477242.48, "Plan Rows": 51198, "Plan Width": 36, "Actual Startup Time": 1845.806, "Actual Total Time": 5075.608, "Actual Rows": 119765, "Actual Loops": 1, "Inner Unique": true, "Plans": [{"Node Type": "Merge Join", "Parent Relationship": "Outer", "Join Type": "Inner", "Startup Cost": 447605.57, "Total Cost": 454309.6, "Plan Rows": 74637, "Plan Width": 28, "Actual Startup Time": 1845.715, "Actual Total Time": 2129.421, "Actual Rows": 395341, "Actual Loops": 1, "Inner Unique": false, "Merge Cond": "(supplier.s_suppkey = lineitem.l_suppkey)", "Plans": [{"Node Type": "Index Scan", "Parent Relationship": "Outer", "Scan Direction": "Forward", "Index Name": "supplier_pkey", "Relation Name": "supplier", "Alias": "supplier", "Startup Cost": 0.0, "Total Cost": 5334.54, "Plan Rows": 100000, "Plan Width": 12, "Actual Startup Time": 0.023, "Actual Total Time": 62.089, "Actual Rows": 99999, "Actual Loops": 1}, {"Node Type": "Sort", "Parent Relationship": "Inner", "Startup Cost": 447605.54, "Total Cost": 447792.13, "Plan Rows": 74637, "Plan Width": 32, "Actual Startup Time": 1845.679, "Actual Total Time": 1916.12, "Actual Rows": 395341, "Actual Loops": 1, "Sort Key": ["lineitem.l_suppkey"], "Sort Method": "quicksort", "Sort Space Used": 49352, "Sort Space Type": "Memory", "Plans": [{"Node Type": "Nested Loop", "Parent Relationship": "Outer", "Join Type": "Inner", "Startup Cost": 0.0, "Total Cost": 441564.57, "Plan Rows": 74637, "Plan Width": 32, "Actual Startup Time": 0.028, "Actual Total Time": 1698.916, "Actual Rows": 395341, "Actual Loops": 1, "Inner Unique": false, "Plans": [{"Node Type": "Seq Scan", "Parent Relationship": "Outer", "Relation Name": "part", "Alias": "part", "Startup Cost": 0.0, "Total Cost": 66944.0, "Plan Rows": 13538, "Plan Width": 8, "Actual Startup Time": 0.013, "Actual Total Time": 733.115, "Actual Rows": 13163, "Actual Loops": 1, "Filter": "((p_type)::text = 'SMALL PLATED COPPER'::text)", "Rows Removed by Filter": 1986837}, {"Node Type": "Index Scan", "Parent Relationship": "Inner", "Scan Direction": "Forward", "Index Name": "idx_lineitem_part_supp", "Relation Name": "lineitem", "Alias": "lineitem", "Startup Cost": 0.0, "Total Cost": 27.61, "Plan Rows": 6, "Plan Width": 40, "Actual Startup Time": 131.025, "Actual Total Time": 870.837, "Actual Rows": 395341, "Actual Loops": 13163, "Index Cond": "(l_partkey = part.p_partkey)", "Rows Removed by Index Recheck": 0}]}]}]}, {"Node Type": "Index Scan", "Parent Relationship": "Inner", "Scan Direction": "Forward", "Index Name": "orders_pkey", "Relation Name": "orders", "Alias": "orders", "Startup Cost": 0.0, "Total Cost": 0.3, "Plan Rows": 1, "Plan Width": 24, "Actual Startup Time": 2712.149, "Actual Total Time": 2712.149, "Actual Rows": 119765, "Actual Loops": 395341, "Index Cond": "(o_orderkey = lineitem.l_orderkey)", "Rows Removed by Index Recheck": 0, "Filter": "((o_orderdate >= '1995-01-01 00:00:00'::timestamp(0) without time zone) AND (o_orderdate <= '1996-12-31 00:00:00'::timestamp(0) without time zone))", "Rows Removed by Filter": 275576}]}, {"Node Type": "Index Scan", "Parent Relationship": "Inner", "Scan Direction": "Forward", "Index Name": "customer_pkey", "Relation Name": "customer", "Alias": "customer", "Startup Cost": 0.0, "Total Cost": 0.31, "Plan Rows": 1, "Plan Width": 12, "Actual Startup Time": 712.858, "Actual Total Time": 712.858, "Actual Rows": 119765, "Actual Loops": 119765, "Index Cond": "(c_custkey = orders.o_custkey)", "Rows Removed by Index Recheck": 0}]}]}]}]}]}]}]}, "Triggers": [], "Planner Runtime": 5, "Total Runtime": 6026.352, "Unique SQL Id": 3681808042}}, "(1, 93)": {"explain_plan": {"Plan": {"Node Type": "Sort", "Startup Cost": 535424.81, "Total Cost": 535424.84, "Plan Rows": 10, "Plan Width": 50, "Sort Key": ["(date_part('year'::text, orders.o_orderdate))"], "Plans": [{"Node Type": "Aggregate", "Strategy": "Hashed", "Parent Relationship": "Outer", "Startup Cost": 535424.5, "Total Cost": 535424.65, "Plan Rows": 10, "Plan Width": 50, "Group By Key": ["date_part('year'::text, orders.o_orderdate)"], "Plans": [{"Node Type": "Merge Join", "Parent Relationship": "Outer", "Join Type": "Inner", "Startup Cost": 535187.15, "Total Cost": 535304.68, "Plan Rows": 5991, "Plan Width": 50, "Inner Unique": false, "Merge Cond": "(n2.n_nationkey = supplier.s_nationkey)", "Plans": [{"Node Type": "Index Scan", "Parent Relationship": "Outer", "Scan Direction": "Forward", "Index Name": "nation_pkey", "Relation Name": "nation", "Alias": "n2", "Startup Cost": 0.0, "Total Cost": 12.62, "Plan Rows": 25, "Plan Width": 30}, {"Node Type": "Sort", "Parent Relationship": "Inner", "Startup Cost": 535187.15, "Total Cost": 535202.12, "Plan Rows": 5991, "Plan Width": 28, "Sort Key": ["supplier.s_nationkey"], "Plans": [{"Node Type": "Merge Join", "Parent Relationship": "Outer", "Join Type": "Inner", "Startup Cost": 534601.55, "Total Cost": 534811.25, "Plan Rows": 5991, "Plan Width": 28, "Inner Unique": false, "Merge Cond": "(n1.n_nationkey = customer.c_nationkey)", "Plans": [{"Node Type": "Sort", "Parent Relationship": "Outer", "Startup Cost": 20.8, "Total Cost": 20.81, "Plan Rows": 5, "Plan Width": 4, "Sort Key": ["n1.n_nationkey"], "Plans": [{"Node Type": "Nested Loop", "Parent Relationship": "Outer", "Join Type": "Inner", "Startup Cost": 0.0, "Total Cost": 20.74, "Plan Rows": 5, "Plan Width": 4, "Inner Unique": false, "Plans": [{"Node Type": "Index Scan", "Parent Relationship": "Outer", "Scan Direction": "Forward", "Index Name": "region_pkey", "Relation Name": "region", "Alias": "region", "Startup Cost": 0.0, "Total Cost": 12.34, "Plan Rows": 1, "Plan Width": 4, "Filter": "(r_name = 'ASIA'::bpchar)"}, {"Node Type": "Index Scan", "Parent Relationship": "Inner", "Scan Direction": "Forward", "Index Name": "idx_nation_regionkey", "Relation Name": "nation", "Alias": "n1", "Startup Cost": 0.0, "Total Cost": 8.35, "Plan Rows": 5, "Plan Width": 8, "Index Cond": "(n_regionkey = region.r_regionkey)"}]}]}, {"Node Type": "Sort", "Parent Relationship": "Inner", "Startup Cost": 534580.75, "Total Cost": 534655.64, "Plan Rows": 29954, "Plan Width": 32, "Sort Key": ["customer.c_nationkey"], "Plans": [{"Node Type": "Nested Loop", "Parent Relationship": "Outer", "Join Type": "Inner", "Startup Cost": 486464.82, "Total Cost": 532353.6, "Plan Rows": 29954, "Plan Width": 32, "Inner Unique": true, "Plans": [{"Node Type": "Nested Loop", "Parent Relationship": "Outer", "Join Type": "Inner", "Startup Cost": 486464.82, "Total Cost": 516101.73, "Plan Rows": 51198, "Plan Width": 36, "Inner Unique": true, "Plans": [{"Node Type": "Merge Join", "Parent Relationship": "Outer", "Join Type": "Inner", "Startup Cost": 486464.82, "Total Cost": 493168.85, "Plan Rows": 74637, "Plan Width": 28, "Inner Unique": true, "Merge Cond": "(lineitem.l_suppkey = supplier.s_suppkey)", "Plans": [{"Node Type": "Sort", "Parent Relationship": "Outer", "Startup Cost": 486464.79, "Total Cost": 486651.38, "Plan Rows": 74637, "Plan Width": 32, "Sort Key": ["lineitem.l_suppkey"], "Plans": [{"Node Type": "Nested Loop", "Parent Relationship": "Outer", "Join Type": "Inner", "Startup Cost": 0.0, "Total Cost": 480423.82, "Plan Rows": 74637, "Plan Width": 32, "Inner Unique": false, "Plans": [{"Node Type": "Index Scan", "Parent Relationship": "Outer", "Scan Direction": "Forward", "Index Name": "part_kpey", "Relation Name": "part", "Alias": "part", "Startup Cost": 0.0, "Total Cost": 105803.25, "Plan Rows": 13538, "Plan Width": 8, "Filter": "((p_type)::text = 'SMALL PLATED COPPER'::text)"}, {"Node Type": "Index Scan", "Parent Relationship": "Inner", "Scan Direction": "Forward", "Index Name": "idx_lineitem_part_supp", "Relation Name": "lineitem", "Alias": "lineitem", "Startup Cost": 0.0, "Total Cost": 27.61, "Plan Rows": 6, "Plan Width": 40, "Index Cond": "(l_partkey = part.p_partkey)"}]}]}, {"Node Type": "Index Scan", "Parent Relationship": "Inner", "Scan Direction": "Forward", "Index Name": "supplier_pkey", "Relation Name": "supplier", "Alias": "supplier", "Startup Cost": 0.0, "Total Cost": 5334.54, "Plan Rows": 100000, "Plan Width": 12}]}, {"Node Type": "Index Scan", "Parent Relationship": "Inner", "Scan Direction": "Forward", "Index Name": "orders_pkey", "Relation Name": "orders", "Alias": "orders", "Startup Cost": 0.0, "Total Cost": 0.3, "Plan Rows": 1, "Plan Width": 24, "Index Cond": "(o_orderkey = lineitem.l_orderkey)", "Filter": "((o_orderdate >= '1995-01-01 00:00:00'::timestamp(0) without time zone) AND (o_orderdate <= '1996-12-31 00:00:00'::timestamp(0) without time zone))"}]}, {"Node Type": "Index Scan", "Parent Relationship": "Inner", "Scan Direction": "Forward", "Index Name": "customer_pkey", "Relation Name": "customer", "Alias": "customer", "Startup Cost": 0.0, "Total Cost": 0.31, "Plan Rows": 1, "Plan Width": 12, "Index Cond": "(c_custkey = orders.o_custkey)"}]}]}]}]}]}]}]}, "Unique SQL Id": 3681808042, "Planner Runtime": 4}, "explain_analyze_plan": {"Plan": {"Node Type": "Sort", "Startup Cost": 535424.81, "Total Cost": 535424.84, "Plan Rows": 10, "Plan Width": 50, "Actual Startup Time": 6959.875, "Actual Total Time": 6959.875, "Actual Rows": 2, "Actual Loops": 1, "Sort Key": ["(date_part('year'::text, orders.o_orderdate))"], "Sort Method": "quicksort", "Sort Space Used": 25, "Sort Space Type": "Memory", "Plans": [{"Node Type": "Aggregate", "Strategy": "Hashed", "Parent Relationship": "Outer", "Startup Cost": 535424.5, "Total Cost": 535424.65, "Plan Rows": 10, "Plan Width": 50, "Actual Startup Time": 6959.859, "Actual Total Time": 6959.86, "Actual Rows": 2, "Actual Loops": 1, "Group By Key": ["date_part('year'::text, orders.o_orderdate)"], "Plans": [{"Node Type": "Merge Join", "Parent Relationship": "Outer", "Join Type": "Inner", "Startup Cost": 535187.15, "Total Cost": 535304.68, "Plan Rows": 5991, "Plan Width": 50, "Actual Startup Time": 6924.274, "Actual Total Time": 6940.714, "Actual Rows": 23929, "Actual Loops": 1, "Inner Unique": false, "Merge Cond": "(n2.n_nationkey = supplier.s_nationkey)", "Plans": [{"Node Type": "Index Scan", "Parent Relationship": "Outer", "Scan Direction": "Forward", "Index Name": "nation_pkey", "Relation Name": "nation", "Alias": "n2", "Startup Cost": 0.0, "Total Cost": 12.62, "Plan Rows": 25, "Plan Width": 30, "Actual Startup Time": 0.013, "Actual Total Time": 0.056, "Actual Rows": 25, "Actual Loops": 1}, {"Node Type": "Sort", "Parent Relationship": "Inner", "Startup Cost": 535187.15, "Total Cost": 535202.12, "Plan Rows": 5991, "Plan Width": 28, "Actual Startup Time": 6924.207, "Actual Total Time": 6926.882, "Actual Rows": 23929, "Actual Loops": 1, "Sort Key": ["supplier.s_nationkey"], "Sort Method": "quicksort", "Sort Space Used": 3012, "Sort Space Type": "Memory", "Plans": [{"Node Type": "Merge Join", "Parent Relationship": "Outer", "Join Type": "Inner", "Startup Cost": 534601.55, "Total Cost": 534811.25, "Plan Rows": 5991, "Plan Width": 28, "Actual Startup Time": 6893.587, "Actual Total Time": 6917.511, "Actual Rows": 23929, "Actual Loops": 1, "Inner Unique": false, "Merge Cond": "(n1.n_nationkey = customer.c_nationkey)", "Plans": [{"Node Type": "Sort", "Parent Relationship": "Outer", "Startup Cost": 20.8, "Total Cost": 20.81, "Plan Rows": 5, "Plan Width": 4, "Actual Startup Time": 0.036, "Actual Total Time": 0.04, "Actual Rows": 5, "Actual Loops": 1, "Sort Key": ["n1.n_nationkey"], "Sort Method": "quicksort", "Sort Space Used": 25, "Sort Space Type": "Memory", "Plans": [{"Node Type": "Nested Loop", "Parent Relationship": "Outer", "Join Type": "Inner", "Startup Cost": 0.0, "Total Cost": 20.74, "Plan Rows": 5, "Plan Width": 4, "Actual Startup Time": 0.019, "Actual Total Time": 0.026, "Actual Rows": 5, "Actual Loops": 1, "Inner Unique": false, "Plans": [{"Node Type": "Index Scan", "Parent Relationship": "Outer", "Scan Direction": "Forward", "Index Name": "region_pkey", "Relation Name": "region", "Alias": "region", "Startup Cost": 0.0, "Total Cost": 12.34, "Plan Rows": 1, "Plan Width": 4, "Actual Startup Time": 0.011, "Actual Total Time": 0.013, "Actual Rows": 1, "Actual Loops": 1, "Filter": "(r_name = 'ASIA'::bpchar)", "Rows Removed by Filter": 4}, {"Node Type": "Index Scan", "Parent Relationship": "Inner", "Scan Direction": "Forward", "Index Name": "idx_nation_regionkey", "Relation Name": "nation", "Alias": "n1", "Startup Cost": 0.0, "Total Cost": 8.35, "Plan Rows": 5, "Plan Width": 8, "Actual Startup Time": 0.005, "Actual Total Time": 0.009, "Actual Rows": 5, "Actual Loops": 1, "Index Cond": "(n_regionkey = region.r_regionkey)", "Rows Removed by Index Recheck": 0}]}]}, {"Node Type": "Sort", "Parent Relationship": "Inner", "Startup Cost": 534580.75, "Total Cost": 534655.64, "Plan Rows": 29954, "Plan Width": 32, "Actual Startup Time": 6880.512, "Actual Total Time": 6899.632, "Actual Rows": 105359, "Actual Loops": 1, "Sort Key": ["customer.c_nationkey"], "Sort Method": "quicksort", "Sort Space Used": 14300, "Sort Space Type": "Memory", "Plans": [{"Node Type": "Nested Loop", "Parent Relationship": "Outer", "Join Type": "Inner", "Startup Cost": 486464.82, "Total Cost": 532353.6, "Plan Rows": 29954, "Plan Width": 32, "Actual Startup Time": 2565.294, "Actual Total Time": 6831.916, "Actual Rows": 119765, "Actual Loops": 1, "Inner Unique": true, "Plans": [{"Node Type": "Nested Loop", "Parent Relationship": "Outer", "Join Type": "Inner", "Startup Cost": 486464.82, "Total Cost": 516101.73, "Plan Rows": 51198, "Plan Width": 36, "Actual Startup Time": 2565.278, "Actual Total Time": 5973.606, "Actual Rows": 119765, "Actual Loops": 1, "Inner Unique": true, "Plans": [{"Node Type": "Merge Join", "Parent Relationship": "Outer", "Join Type": "Inner", "Startup Cost": 486464.82, "Total Cost": 493168.85, "Plan Rows": 74637, "Plan Width": 28, "Actual Startup Time": 2565.197, "Actual Total Time": 2867.524, "Actual Rows": 395341, "Actual Loops": 1, "Inner Unique": true, "Merge Cond": "(lineitem.l_suppkey = supplier.s_suppkey)", "Plans": [{"Node Type": "Sort", "Parent Relationship": "Outer", "Startup Cost": 486464.79, "Total Cost": 486651.38, "Plan Rows": 74637, "Plan Width": 32, "Actual Startup Time": 2565.13, "Actual Total Time": 2645.493, "Actual Rows": 395341, "Actual Loops": 1, "Sort Key": ["lineitem.l_suppkey"], "Sort Method": "quicksort", "Sort Space Used": 49352, "Sort Space Type": "Memory", "Plans": [{"Node Type": "Nested Loop", "Parent Relationship": "Outer", "Join Type": "Inner", "Startup Cost": 0.0, "Total Cost": 480423.82, "Plan Rows": 74637, "Plan Width": 32, "Actual Startup Time": 0.035, "Actual Total Time": 2416.997, "Actual Rows": 395341, "Actual Loops": 1, "Inner Unique": false, "Plans": [{"Node Type": "Index Scan", "Parent Relationship": "Outer", "Scan Direction": "Forward", "Index Name": "part_kpey", "Relation Name": "part", "Alias": "part", "Startup Cost": 0.0, "Total Cost": 105803.25, "Plan Rows": 13538, "Plan Width": 8, "Actual Startup Time": 0.023, "Actual Total Time": 1341.461, "Actual Rows": 13163, "Actual Loops": 1, "Filter": "((p_type)::text = 'SMALL PLATED COPPER'::text)", "Rows Removed by Filter": 1986837}, {"Node Type": "Index Scan", "Parent Relationship": "Inner", "Scan Direction": "Forward", "Index Name": "idx_lineitem_part_supp", "Relation Name": "lineitem", "Alias": "lineitem", "Startup Cost": 0.0, "Total Cost": 27.61, "Plan Rows": 6, "Plan Width": 40, "Actual Startup Time": 133.224, "Actual Total Time": 982.499, "Actual Rows": 395341, "Actual Loops": 13163, "Index Cond": "(l_partkey = part.p_partkey)", "Rows Removed by Index Recheck": 0}]}]}, {"Node Type": "Index Scan", "Parent Relationship": "Inner", "Scan Direction": "Forward", "Index Name": "supplier_pkey", "Relation Name": "supplier", "Alias": "supplier", "Startup Cost": 0.0, "Total Cost": 5334.54, "Plan Rows": 100000, "Plan Width": 12, "Actual Startup Time": 0.049, "Actual Total Time": 64.999, "Actual Rows": 99998, "Actual Loops": 1}]}, {"Node Type": "Index Scan", "Parent Relationship": "Inner", "Scan Direction": "Forward", "Index Name": "orders_pkey", "Relation Name": "orders", "Alias": "orders", "Startup Cost": 0.0, "Total Cost": 0.3, "Plan Rows": 1, "Plan Width": 24, "Actual Startup Time": 2871.443, "Actual Total Time": 2871.443, "Actual Rows": 119765, "Actual Loops": 395341, "Index Cond": "(o_orderkey = lineitem.l_orderkey)", "Rows Removed by Index Recheck": 0, "Filter": "((o_orderdate >= '1995-01-01 00:00:00'::timestamp(0) without time zone) AND (o_orderdate <= '1996-12-31 00:00:00'::timestamp(0) without time zone))", "Rows Removed by Filter": 275576}]}, {"Node Type": "Index Scan", "Parent Relationship": "Inner", "Scan Direction": "Forward", "Index Name": "customer_pkey", "Relation Name": "customer", "Alias": "customer", "Startup Cost": 0.0, "Total Cost": 0.31, "Plan Rows": 1, "Plan Width": 12, "Actual Startup Time": 753.627, "Actual Total Time": 753.627, "Actual Rows": 119765, "Actual Loops": 119765, "Index Cond": "(c_custkey = orders.o_custkey)", "Rows Removed by Index Recheck": 0}]}]}]}]}]}]}]}, "Triggers": [], "Planner Runtime": 4, "Total Runtime": 6960.328, "Unique SQL Id": 3681808042}}, "(1, 94)": {"explain_plan": {"Plan": {"Node Type": "Sort", "Startup Cost": 11405902.62, "Total Cost": 11405902.65, "Plan Rows": 10, "Plan Width": 50, "Sort Key": ["(date_part('year'::text, orders.o_orderdate))"], "Plans": [{"Node Type": "Aggregate", "Strategy": "Hashed", "Parent Relationship": "Outer", "Startup Cost": 11405902.3, "Total Cost": 11405902.45, "Plan Rows": 10, "Plan Width": 50, "Group By Key": ["date_part('year'::text, orders.o_orderdate)"], "Plans": [{"Node Type": "Merge Join", "Parent Relationship": "Outer", "Join Type": "Inner", "Startup Cost": 11405677.52, "Total Cost": 11405782.48, "Plan Rows": 5991, "Plan Width": 50, "Inner Unique": false, "Merge Cond": "(n2.n_nationkey = supplier.s_nationkey)", "Plans": [{"Node Type": "Sort", "Parent Relationship": "Outer", "Startup Cost": 1.83, "Total Cost": 1.89, "Plan Rows": 25, "Plan Width": 30, "Sort Key": ["n2.n_nationkey"], "Plans": [{"Node Type": "Seq Scan", "Parent Relationship": "Outer", "Relation Name": "nation", "Alias": "n2", "Startup Cost": 0.0, "Total Cost": 1.25, "Plan Rows": 25, "Plan Width": 30}]}, {"Node Type": "Sort", "Parent Relationship": "Inner", "Startup Cost": 11405675.69, "Total Cost": 11405690.66, "Plan Rows": 5991, "Plan Width": 28, "Sort Key": ["supplier.s_nationkey"], "Plans": [{"Node Type": "Merge Join", "Parent Relationship": "Outer", "Join Type": "Inner", "Startup Cost": 11405090.09, "Total Cost": 11405299.79, "Plan Rows": 5991, "Plan Width": 28, "Inner Unique": false, "Merge Cond": "(n1.n_nationkey = customer.c_nationkey)", "Plans": [{"Node Type": "Sort", "Parent Relationship": "Outer", "Startup Cost": 3.14, "Total Cost": 3.16, "Plan Rows": 5, "Plan Width": 4, "Sort Key": ["n1.n_nationkey"], "Plans": [{"Node Type": "Merge Join", "Parent Relationship": "Outer", "Join Type": "Inner", "Startup Cost": 2.9, "Total Cost": 3.09, "Plan Rows": 5, "Plan Width": 4, "Inner Unique": false, "Merge Cond": "(region.r_regionkey = n1.n_regionkey)", "Plans": [{"Node Type": "Sort", "Parent Relationship": "Outer", "Startup Cost": 1.07, "Total Cost": 1.08, "Plan Rows": 1, "Plan Width": 4, "Sort Key": ["region.r_regionkey"], "Plans": [{"Node Type": "Seq Scan", "Parent Relationship": "Outer", "Relation Name": "region", "Alias": "region", "Startup Cost": 0.0, "Total Cost": 1.06, "Plan Rows": 1, "Plan Width": 4, "Filter": "(r_name = 'ASIA'::bpchar)"}]}, {"Node Type": "Sort", "Parent Relationship": "Inner", "Startup Cost": 1.83, "Total Cost": 1.89, "Plan Rows": 25, "Plan Width": 8, "Sort Key": ["n1.n_regionkey"], "Plans": [{"Node Type": "Seq Scan", "Parent Relationship": "Outer", "Relation Name": "nation", "Alias": "n1", "Startup Cost": 0.0, "Total Cost": 1.25, "Plan Rows": 25, "Plan Width": 8}]}]}]}, {"Node Type": "Sort", "Parent Relationship": "Inner", "Startup Cost": 11405086.95, "Total Cost": 11405161.83, "Plan Rows": 29954, "Plan Width": 32, "Sort Key": ["customer.c_nationkey"], "Plans": [{"Node Type": "Merge Join", "Parent Relationship": "Outer", "Join Type": "Inner", "Startup Cost": 11394804.48, "Total Cost": 11402859.8, "Plan Rows": 29954, "Plan Width": 32, "Inner Unique": true, "Merge Cond": "(orders.o_custkey = customer.c_custkey)", "Plans": [{"Node Type": "Sort", "Parent Relationship": "Outer", "Startup Cost": 11188804.29, "Total Cost": 11188932.29, "Plan Rows": 51198, "Plan Width": 36, "Sort Key": ["orders.o_custkey"], "Plans": [{"Node Type": "Merge Join", "Parent Relationship": "Outer", "Join Type": "Inner", "Startup Cost": 11161255.48, "Total Cost": 11184799.64, "Plan Rows": 51198, "Plan Width": 36, "Inner Unique": true, "Merge Cond": "(lineitem.l_orderkey = orders.o_orderkey)", "Plans": [{"Node Type": "Sort", "Parent Relationship": "Outer", "Startup Cost": 10158795.85, "Total Cost": 10158982.44, "Plan Rows": 74637, "Plan Width": 28, "Sort Key": ["lineitem.l_orderkey"], "Plans": [{"Node Type": "Merge Join", "Parent Relationship": "Outer", "Join Type": "Inner", "Startup Cost": 10151135.39, "Total Cost": 10152754.88, "Plan Rows": 74637, "Plan Width": 28, "Inner Unique": true, "Merge Cond": "(lineitem.l_suppkey = supplier.s_suppkey)", "Plans": [{"Node Type": "Sort", "Parent Relationship": "Outer", "Startup Cost": 10139547.54, "Total Cost": 10139734.13, "Plan Rows": 74637, "Plan Width": 32, "Sort Key": ["lineitem.l_suppkey"], "Plans": [{"Node Type": "Merge Join", "Parent Relationship": "Outer", "Join Type": "Inner", "Startup Cost": 9832757.35, "Total Cost": 10133506.57, "Plan Rows": 74637, "Plan Width": 32, "Inner Unique": false, "Merge Cond": "(part.p_partkey = lineitem.l_partkey)", "Plans": [{"Node Type": "Sort", "Parent Relationship": "Outer", "Startup Cost": 67873.03, "Total Cost": 67906.87, "Plan Rows": 13538, "Plan Width": 8, "Sort Key": ["part.p_partkey"], "Plans": [{"Node Type": "Seq Scan", "Parent Relationship": "Outer", "Relation Name": "part", "Alias": "part", "Startup Cost": 0.0, "Total Cost": 66944.0, "Plan Rows": 13538, "Plan Width": 8, "Filter": "((p_type)::text = 'SMALL PLATED COPPER'::text)"}]}, {"Node Type": "Sort", "Parent Relationship": "Inner", "Startup Cost": 9764884.32, "Total Cost": 9914851.9, "Plan Rows": 59987033, "Plan Width": 40, "Sort Key": ["lineitem.l_partkey"], "Plans": [{"Node Type": "Seq Scan", "Parent Relationship": "Outer", "Relation Name": "lineitem", "Alias": "lineitem", "Startup Cost": 0.0, "Total Cost": 2015115.33, "Plan Rows": 59987033, "Plan Width": 40}]}]}]}, {"Node Type": "Sort", "Parent Relationship": "Inner", "Startup Cost": 11587.82, "Total Cost": 11837.82, "Plan Rows": 100000, "Plan Width": 12, "Sort Key": ["supplier.s_suppkey"], "Plans": [{"Node Type": "Seq Scan", "Parent Relationship": "Outer", "Relation Name": "supplier", "Alias": "supplier", "Startup Cost": 0.0, "Total Cost": 3283.0, "Plan Rows": 100000, "Plan Width": 12}]}]}]}, {"Node Type": "Sort", "Parent Relationship": "Inner", "Startup Cost": 1002458.79, "Total Cost": 1013788.71, "Plan Rows": 4531967, "Plan Width": 24, "Sort Key": ["orders.o_orderkey"], "Plans": [{"Node Type": "Seq Scan", "Parent Relationship": "Outer", "Relation Name": "orders", "Alias": "orders", "Startup Cost": 195.74, "Total Cost": 501411.18, "Plan Rows": 4531967, "Plan Width": 24, "Filter": "((o_orderdate >= '1995-01-01 00:00:00'::timestamp(0) without time zone) AND (o_orderdate <= '1996-12-31 00:00:00'::timestamp(0) without time zone)), (LLVM Optimized)"}]}]}]}, {"Node Type": "Sort", "Parent Relationship": "Inner", "Startup Cost": 205999.98, "Total Cost": 209749.98, "Plan Rows": 1500000, "Plan Width": 12, "Sort Key": ["customer.c_custkey"], "Plans": [{"Node Type": "Seq Scan", "Parent Relationship": "Outer", "Relation Name": "customer", "Alias": "customer", "Startup Cost": 0.0, "Total Cost": 52126.0, "Plan Rows": 1500000, "Plan Width": 12}]}]}]}]}]}]}]}]}, "Unique SQL Id": 3681808042, "Planner Runtime": 4}, "explain_analyze_plan": null}, "(1, 95)": {"explain_plan": {"Plan": {"Node Type": "Sort", "Startup Cost": 8000413660073.44, "Total Cost": 8000413660073.47, "Plan Rows": 10, "Plan Width": 50, "Sort Key": ["(date_part('year'::text, orders.o_orderdate))"], "Plans": [{"Node Type": "Aggregate", "Strategy": "Hashed", "Parent Relationship": "Outer", "Startup Cost": 8000413660073.13, "Total Cost": 8000413660073.28, "Plan Rows": 10, "Plan Width": 50, "Group By Key": ["date_part('year'::text, orders.o_orderdate)"], "Plans": [{"Node Type": "Merge Join", "Parent Relationship": "Outer", "Join Type": "Inner", "Startup Cost": 7010413658075.55, "Total Cost": 8000413659727.21, "Plan Rows": 17296, "Plan Width": 50, "Inner Unique": true, "Merge Cond": "(supplier.s_nationkey = n2.n_nationkey)", "Plans": [{"Node Type": "Sort", "Parent Relationship": "Outer", "Startup Cost": 7000413658075.55, "Total Cost": 7000413658118.79, "Plan Rows": 17296, "Plan Width": 28, "Sort Key": ["supplier.s_nationkey"], "Plans": [{"Node Type": "Merge Join", "Parent Relationship": "Outer", "Join Type": "Inner", "Startup Cost": 6010413122985.77, "Total Cost": 7000413656858.07, "Plan Rows": 17296, "Plan Width": 28, "Inner Unique": true, "Merge Cond": "(lineitem.l_suppkey = supplier.s_suppkey)", "Plans": [{"Node Type": "Sort", "Parent Relationship": "Outer", "Startup Cost": 6000413122985.76, "Total Cost": 6000413123029.0, "Plan Rows": 17296, "Plan Width": 32, "Sort Key": ["lineitem.l_suppkey"], "Plans": [{"Node Type": "Merge Join", "Parent Relationship": "Outer", "Join Type": "Inner", "Startup Cost": 5010413119842.7, "Total Cost": 6000413121768.28, "Plan Rows": 17296, "Plan Width": 32, "Inner Unique": true, "Merge Cond": "(n1.n_regionkey = region.r_regionkey)", "Plans": [{"Node Type": "Sort", "Parent Relationship": "Outer", "Startup Cost": 5000413119842.7, "Total Cost": 5000413120058.89, "Plan Rows": 86479, "Plan Width": 36, "Sort Key": ["n1.n_regionkey"], "Plans": [{"Node Type": "Merge Join", "Parent Relationship": "Outer", "Join Type": "Inner", "Startup Cost": 4010413110191.64, "Total Cost": 5000413112751.39, "Plan Rows": 86479, "Plan Width": 36, "Inner Unique": false, "Merge Cond": "(n1.n_nationkey = customer.c_nationkey)", "Plans": [{"Node Type": "Index Scan", "Parent Relationship": "Outer", "Scan Direction": "Forward", "Index Name": "nation_pkey", "Relation Name": "nation", "Alias": "n1", "Startup Cost": 10000000000.0, "Total Cost": 1000000001262.5, "Plan Rows": 25, "Plan Width": 8}, {"Node Type": "Sort", "Parent Relationship": "Inner", "Startup Cost": 4000413110191.64, "Total Cost": 4000413110407.84, "Plan Rows": 86479, "Plan Width": 36, "Sort Key": ["customer.c_nationkey"], "Plans": [{"Node Type": "Merge Join", "Parent Relationship": "Outer", "Join Type": "Inner", "Startup Cost": 3010432081738.41, "Total Cost": 4000413103100.34, "Plan Rows": 86479, "Plan Width": 36, "Inner Unique": true, "Merge Cond": "(orders.o_custkey = customer.c_custkey)", "Plans": [{"Node Type": "Sort", "Parent Relationship": "Outer", "Startup Cost": 3000405021517.55, "Total Cost": 3000405021733.74, "Plan Rows": 86479, "Plan Width": 40, "Sort Key": ["orders.o_custkey"], "Plans": [{"Node Type": "Merge Join", "Parent Relationship": "Outer", "Join Type": "Inner", "Startup Cost": 2010467355835.36, "Total Cost": 3000405014426.24, "Plan Rows": 86479, "Plan Width": 40, "Inner Unique": true, "Merge Cond": "(lineitem.l_partkey = part.p_partkey)", "Plans": [{"Node Type": "Sort", "Parent Relationship": "Outer", "Startup Cost": 2000394227560.84, "Total Cost": 2000394330431.79, "Plan Rows": 41148382, "Plan Width": 48, "Sort Key": ["lineitem.l_partkey"], "Plans": [{"Node Type": "Merge Join", "Parent Relationship": "Outer", "Join Type": "Inner", "Startup Cost": 20036483818.55, "Total Cost": 2000389023456.58, "Plan Rows": 41148382, "Plan Width": 48, "Inner Unique": false, "Merge Cond": "(orders.o_orderkey = lineitem.l_orderkey)", "Plans": [{"Node Type": "Index Scan", "Parent Relationship": "Outer", "Scan Direction": "Forward", "Index Name": "orders_pkey", "Relation Name": "orders", "Alias": "orders", "Startup Cost": 10000000000.0, "Total Cost": 1000080597583.0, "Plan Rows": 4531967, "Plan Width": 24, "Filter": "((o_orderdate >= '1995-01-01 00:00:00'::timestamp(0) without time zone) AND (o_orderdate <= '1996-12-31 00:00:00'::timestamp(0) without time zone)), (LLVM Optimized)"}, {"Node Type": "Index Scan", "Parent Relationship": "Inner", "Scan Direction": "Forward", "Index Name": "idx_lineitem_orderkey", "Relation Name": "lineitem", "Alias": "lineitem", "Startup Cost": 10000000000.0, "Total Cost": 1000324015374.5, "Plan Rows": 59987033, "Plan Width": 40}]}]}, {"Node Type": "Materialize", "Parent Relationship": "Inner", "Startup Cost": 10000000000.0, "Total Cost": 1000010580358.84, "Plan Rows": 13538, "Plan Width": 8, "Plans": [{"Node Type": "Index Scan", "Parent Relationship": "Outer", "Scan Direction": "Forward", "Index Name": "part_kpey", "Relation Name": "part", "Alias": "part", "Startup Cost": 10000000000.0, "Total Cost": 1000010580325.0, "Plan Rows": 13538, "Plan Width": 8, "Filter": "((p_type)::text = 'SMALL PLATED COPPER'::text)"}]}]}]}, {"Node Type": "Index Scan", "Parent Relationship": "Inner", "Scan Direction": "Forward", "Index Name": "customer_pkey", "Relation Name": "customer", "Alias": "customer", "Startup Cost": 10000000000.0, "Total Cost": 1000008076535.62, "Plan Rows": 1500000, "Plan Width": 12}]}]}]}]}, {"Node Type": "Materialize", "Parent Relationship": "Inner", "Startup Cost": 10000000000.0, "Total Cost": 1000000001233.75, "Plan Rows": 1, "Plan Width": 4, "Plans": [{"Node Type": "Index Scan", "Parent Relationship": "Outer", "Scan Direction": "Forward", "Index Name": "region_pkey", "Relation Name": "region", "Alias": "region", "Startup Cost": 10000000000.0, "Total Cost": 1000000001233.75, "Plan Rows": 1, "Plan Width": 4, "Filter": "(r_name = 'ASIA'::bpchar)"}]}]}]}, {"Node Type": "Index Scan", "Parent Relationship": "Inner", "Scan Direction": "Forward", "Index Name": "supplier_pkey", "Relation Name": "supplier", "Alias": "supplier", "Startup Cost": 10000000000.0, "Total Cost": 1000000533454.38, "Plan Rows": 100000, "Plan Width": 12}]}]}, {"Node Type": "Materialize", "Parent Relationship": "Inner", "Startup Cost": 10000000000.0, "Total Cost": 1000000001262.56, "Plan Rows": 25, "Plan Width": 30, "Plans": [{"Node Type": "Index Scan", "Parent Relationship": "Outer", "Scan Direction": "Forward", "Index Name": "nation_pkey", "Relation Name": "nation", "Alias": "n2", "Startup Cost": 10000000000.0, "Total Cost": 1000000001262.5, "Plan Rows": 25, "Plan Width": 30}]}]}]}]}, "Unique SQL Id": 3681808042, "Planner Runtime": 7}, "explain_analyze_plan": null}, "(1, 96)": {"explain_plan": {"Plan": {"Node Type": "Sort", "Startup Cost": 486022.68, "Total Cost": 486022.71, "Plan Rows": 10, "Plan Width": 50, "Sort Key": ["(date_part('year'::text, orders.o_orderdate))"], "Plans": [{"Node Type": "Aggregate", "Strategy": "Hashed", "Parent Relationship": "Outer", "Startup Cost": 486022.37, "Total Cost": 486022.52, "Plan Rows": 10, "Plan Width": 50, "Group By Key": ["date_part('year'::text, orders.o_orderdate)"], "Plans": [{"Node Type": "Hash Join", "Parent Relationship": "Outer", "Join Type": "Inner", "Startup Cost": 4537.06, "Total Cost": 485902.55, "Plan Rows": 5991, "Plan Width": 50, "Inner Unique": true, "Hash Cond": "(supplier.s_nationkey = n2.n_nationkey)", "Plans": [{"Node Type": "Hash Join", "Parent Relationship": "Outer", "Join Type": "Inner", "Startup Cost": 4535.5, "Total Cost": 485803.63, "Plan Rows": 5991, "Plan Width": 28, "Inner Unique": false, "Hash Cond": "(customer.c_nationkey = n1.n_nationkey)", "Plans": [{"Node Type": "Nested Loop", "Parent Relationship": "Outer", "Join Type": "Inner", "Startup Cost": 4533.0, "Total Cost": 485661.65, "Plan Rows": 29954, "Plan Width": 32, "Inner Unique": true, "Plans": [{"Node Type": "Hash Join", "Parent Relationship": "Outer", "Join Type": "Inner", "Startup Cost": 4533.0, "Total Cost": 469409.78, "Plan Rows": 51198, "Plan Width": 36, "Inner Unique": true, "Hash Cond": "(lineitem.l_suppkey = supplier.s_suppkey)", "Plans": [{"Node Type": "Nested Loop", "Parent Relationship": "Outer", "Join Type": "Inner", "Startup Cost": 0.0, "Total Cost": 464497.44, "Plan Rows": 86479, "Plan Width": 40, "Inner Unique": true, "Plans": [{"Node Type": "Nested Loop", "Parent Relationship": "Outer", "Join Type": "Inner", "Startup Cost": 0.0, "Total Cost": 441564.57, "Plan Rows": 74637, "Plan Width": 32, "Inner Unique": false, "Plans": [{"Node Type": "Seq Scan", "Parent Relationship": "Outer", "Relation Name": "part", "Alias": "part", "Startup Cost": 0.0, "Total Cost": 66944.0, "Plan Rows": 13538, "Plan Width": 8, "Filter": "((p_type)::text = 'SMALL PLATED COPPER'::text)"}, {"Node Type": "Index Scan", "Parent Relationship": "Inner", "Scan Direction": "Forward", "Index Name": "idx_lineitem_part_supp", "Relation Name": "lineitem", "Alias": "lineitem", "Startup Cost": 0.0, "Total Cost": 27.61, "Plan Rows": 6, "Plan Width": 40, "Index Cond": "(l_partkey = part.p_partkey)"}]}, {"Node Type": "Index Scan", "Parent Relationship": "Inner", "Scan Direction": "Forward", "Index Name": "orders_pkey", "Relation Name": "orders", "Alias": "orders", "Startup Cost": 0.0, "Total Cost": 0.3, "Plan Rows": 1, "Plan Width": 24, "Index Cond": "(o_orderkey = lineitem.l_orderkey)", "Filter": "((o_orderdate >= '1995-01-01 00:00:00'::timestamp(0) without time zone) AND (o_orderdate <= '1996-12-31 00:00:00'::timestamp(0) without time zone))"}]}, {"Node Type": "Hash", "Parent Relationship": "Inner", "Startup Cost": 3283.0, "Total Cost": 3283.0, "Plan Rows": 100000, "Plan Width": 12, "Plans": [{"Node Type": "Seq Scan", "Parent Relationship": "Outer", "Relation Name": "supplier", "Alias": "supplier", "Startup Cost": 0.0, "Total Cost": 3283.0, "Plan Rows": 100000, "Plan Width": 12}]}]}, {"Node Type": "Index Scan", "Parent Relationship": "Inner", "Scan Direction": "Forward", "Index Name": "customer_pkey", "Relation Name": "customer", "Alias": "customer", "Startup Cost": 0.0, "Total Cost": 0.31, "Plan Rows": 1, "Plan Width": 12, "Index Cond": "(c_custkey = orders.o_custkey)"}]}, {"Node Type": "Hash", "Parent Relationship": "Inner", "Startup Cost": 2.44, "Total Cost": 2.44, "Plan Rows": 5, "Plan Width": 4, "Plans": [{"Node Type": "Hash Join", "Parent Relationship": "Outer", "Join Type": "Inner", "Startup Cost": 1.07, "Total Cost": 2.44, "Plan Rows": 5, "Plan Width": 4, "Inner Unique": true, "Hash Cond": "(n1.n_regionkey = region.r_regionkey)", "Plans": [{"Node Type": "Seq Scan", "Parent Relationship": "Outer", "Relation Name": "nation", "Alias": "n1", "Startup Cost": 0.0, "Total Cost": 1.25, "Plan Rows": 25, "Plan Width": 8}, {"Node Type": "Hash", "Parent Relationship": "Inner", "Startup Cost": 1.06, "Total Cost": 1.06, "Plan Rows": 1, "Plan Width": 4, "Plans": [{"Node Type": "Seq Scan", "Parent Relationship": "Outer", "Relation Name": "region", "Alias": "region", "Startup Cost": 0.0, "Total Cost": 1.06, "Plan Rows": 1, "Plan Width": 4, "Filter": "(r_name = 'ASIA'::bpchar)"}]}]}]}]}, {"Node Type": "Hash", "Parent Relationship": "Inner", "Startup Cost": 1.25, "Total Cost": 1.25, "Plan Rows": 25, "Plan Width": 30, "Plans": [{"Node Type": "Seq Scan", "Parent Relationship": "Outer", "Relation Name": "nation", "Alias": "n2", "Startup Cost": 0.0, "Total Cost": 1.25, "Plan Rows": 25, "Plan Width": 30}]}]}]}]}, "Unique SQL Id": 3681808042, "Planner Runtime": 3}, "explain_analyze_plan": {"Plan": {"Node Type": "Sort", "Startup Cost": 486022.68, "Total Cost": 486022.71, "Plan Rows": 10, "Plan Width": 50, "Actual Startup Time": 7085.978, "Actual Total Time": 7085.978, "Actual Rows": 2, "Actual Loops": 1, "Sort Key": ["(date_part('year'::text, orders.o_orderdate))"], "Sort Method": "quicksort", "Sort Space Used": 25, "Sort Space Type": "Memory", "Plans": [{"Node Type": "Aggregate", "Strategy": "Hashed", "Parent Relationship": "Outer", "Startup Cost": 486022.37, "Total Cost": 486022.52, "Plan Rows": 10, "Plan Width": 50, "Actual Startup Time": 7085.958, "Actual Total Time": 7085.959, "Actual Rows": 2, "Actual Loops": 1, "Group By Key": ["date_part('year'::text, orders.o_orderdate)"], "Plans": [{"Node Type": "Hash Join", "Parent Relationship": "Outer", "Join Type": "Inner", "Startup Cost": 4537.06, "Total Cost": 485902.55, "Plan Rows": 5991, "Plan Width": 50, "Actual Startup Time": 66.946, "Actual Total Time": 7049.829, "Actual Rows": 23929, "Actual Loops": 1, "Inner Unique": true, "Hash Cond": "(supplier.s_nationkey = n2.n_nationkey)", "Plans": [{"Node Type": "Hash Join", "Parent Relationship": "Outer", "Join Type": "Inner", "Startup Cost": 4535.5, "Total Cost": 485803.63, "Plan Rows": 5991, "Plan Width": 28, "Actual Startup Time": 66.804, "Actual Total Time": 7017.431, "Actual Rows": 23929, "Actual Loops": 1, "Inner Unique": false, "Hash Cond": "(customer.c_nationkey = n1.n_nationkey)", "Plans": [{"Node Type": "Nested Loop", "Parent Relationship": "Outer", "Join Type": "Inner", "Startup Cost": 4533.0, "Total Cost": 485661.65, "Plan Rows": 29954, "Plan Width": 32, "Actual Startup Time": 66.457, "Actual Total Time": 6979.652, "Actual Rows": 119765, "Actual Loops": 1, "Inner Unique": true, "Plans": [{"Node Type": "Hash Join", "Parent Relationship": "Outer", "Join Type": "Inner", "Startup Cost": 4533.0, "Total Cost": 469409.78, "Plan Rows": 51198, "Plan Width": 36, "Actual Startup Time": 66.415, "Actual Total Time": 5952.152, "Actual Rows": 119765, "Actual Loops": 1, "Inner Unique": true, "Hash Cond": "(lineitem.l_suppkey = supplier.s_suppkey)", "Plans": [{"Node Type": "Nested Loop", "Parent Relationship": "Outer", "Join Type": "Inner", "Startup Cost": 0.0, "Total Cost": 464497.44, "Plan Rows": 86479, "Plan Width": 40, "Actual Startup Time": 0.201, "Actual Total Time": 5807.717, "Actual Rows": 119765, "Actual Loops": 1, "Inner Unique": true, "Plans": [{"Node Type": "Nested Loop", "Parent Relationship": "Outer", "Join Type": "Inner", "Startup Cost": 0.0, "Total Cost": 441564.57, "Plan Rows": 74637, "Plan Width": 32, "Actual Startup Time": 0.041, "Actual Total Time": 2124.482, "Actual Rows": 395341, "Actual Loops": 1, "Inner Unique": false, "Plans": [{"Node Type": "Seq Scan", "Parent Relationship": "Outer", "Relation Name": "part", "Alias": "part", "Startup Cost": 0.0, "Total Cost": 66944.0, "Plan Rows": 13538, "Plan Width": 8, "Actual Startup Time": 0.019, "Actual Total Time": 779.977, "Actual Rows": 13163, "Actual Loops": 1, "Filter": "((p_type)::text = 'SMALL PLATED COPPER'::text)", "Rows Removed by Filter": 1986837}, {"Node Type": "Index Scan", "Parent Relationship": "Inner", "Scan Direction": "Forward", "Index Name": "idx_lineitem_part_supp", "Relation Name": "lineitem", "Alias": "lineitem", "Startup Cost": 0.0, "Total Cost": 27.61, "Plan Rows": 6, "Plan Width": 40, "Actual Startup Time": 157.19, "Actual Total Time": 1241.18, "Actual Rows": 395341, "Actual Loops": 13163, "Index Cond": "(l_partkey = part.p_partkey)", "Rows Removed by Index Recheck": 0}]}, {"Node Type": "Index Scan", "Parent Relationship": "Inner", "Scan Direction": "Forward", "Index Name": "orders_pkey", "Relation Name": "orders", "Alias": "orders", "Startup Cost": 0.0, "Total Cost": 0.3, "Plan Rows": 1, "Plan Width": 24, "Actual Startup Time": 3448.635, "Actual Total Time": 3448.635, "Actual Rows": 119765, "Actual Loops": 395341, "Index Cond": "(o_orderkey = lineitem.l_orderkey)", "Rows Removed by Index Recheck": 0, "Filter": "((o_orderdate >= '1995-01-01 00:00:00'::timestamp(0) without time zone) AND (o_orderdate <= '1996-12-31 00:00:00'::timestamp(0) without time zone))", "Rows Removed by Filter": 275576}]}, {"Node Type": "Hash", "Parent Relationship": "Inner", "Startup Cost": 3283.0, "Total Cost": 3283.0, "Plan Rows": 100000, "Plan Width": 12, "Actual Startup Time": 66.103, "Actual Total Time": 66.103, "Actual Rows": 100000, "Actual Loops": 1, "Hash Buckets": 131072, "Hash Batches": 1, "Original Hash Batches": 1, "Peak Memory Usage": 4297, "Plans": [{"Node Type": "Seq Scan", "Parent Relationship": "Outer", "Relation Name": "supplier", "Alias": "supplier", "Startup Cost": 0.0, "Total Cost": 3283.0, "Plan Rows": 100000, "Plan Width": 12, "Actual Startup Time": 0.01, "Actual Total Time": 39.744, "Actual Rows": 100000, "Actual Loops": 1}]}]}, {"Node Type": "Index Scan", "Parent Relationship": "Inner", "Scan Direction": "Forward", "Index Name": "customer_pkey", "Relation Name": "customer", "Alias": "customer", "Startup Cost": 0.0, "Total Cost": 0.31, "Plan Rows": 1, "Plan Width": 12, "Actual Startup Time": 919.538, "Actual Total Time": 919.538, "Actual Rows": 119765, "Actual Loops": 119765, "Index Cond": "(c_custkey = orders.o_custkey)", "Rows Removed by Index Recheck": 0}]}, {"Node Type": "Hash", "Parent Relationship": "Inner", "Startup Cost": 2.44, "Total Cost": 2.44, "Plan Rows": 5, "Plan Width": 4, "Actual Startup Time": 0.064, "Actual Total Time": 0.064, "Actual Rows": 5, "Actual Loops": 1, "Hash Buckets": 32768, "Hash Batches": 1, "Original Hash Batches": 1, "Peak Memory Usage": 1, "Plans": [{"Node Type": "Hash Join", "Parent Relationship": "Outer", "Join Type": "Inner", "Startup Cost": 1.07, "Total Cost": 2.44, "Plan Rows": 5, "Plan Width": 4, "Actual Startup Time": 0.05, "Actual Total Time": 0.058, "Actual Rows": 5, "Actual Loops": 1, "Inner Unique": true, "Hash Cond": "(n1.n_regionkey = region.r_regionkey)", "Plans": [{"Node Type": "Seq Scan", "Parent Relationship": "Outer", "Relation Name": "nation", "Alias": "n1", "Startup Cost": 0.0, "Total Cost": 1.25, "Plan Rows": 25, "Plan Width": 8, "Actual Startup Time": 0.006, "Actual Total Time": 0.008, "Actual Rows": 25, "Actual Loops": 1}, {"Node Type": "Hash", "Parent Relationship": "Inner", "Startup Cost": 1.06, "Total Cost": 1.06, "Plan Rows": 1, "Plan Width": 4, "Actual Startup Time": 0.012, "Actual Total Time": 0.012, "Actual Rows": 1, "Actual Loops": 1, "Hash Buckets": 32768, "Hash Batches": 1, "Original Hash Batches": 1, "Peak Memory Usage": 1, "Plans": [{"Node Type": "Seq Scan", "Parent Relationship": "Outer", "Relation Name": "region", "Alias": "region", "Startup Cost": 0.0, "Total Cost": 1.06, "Plan Rows": 1, "Plan Width": 4, "Actual Startup Time": 0.009, "Actual Total Time": 0.01, "Actual Rows": 1, "Actual Loops": 1, "Filter": "(r_name = 'ASIA'::bpchar)", "Rows Removed by Filter": 4}]}]}]}]}, {"Node Type": "Hash", "Parent Relationship": "Inner", "Startup Cost": 1.25, "Total Cost": 1.25, "Plan Rows": 25, "Plan Width": 30, "Actual Startup Time": 0.038, "Actual Total Time": 0.038, "Actual Rows": 25, "Actual Loops": 1, "Hash Buckets": 32768, "Hash Batches": 1, "Original Hash Batches": 1, "Peak Memory Usage": 2, "Plans": [{"Node Type": "Seq Scan", "Parent Relationship": "Outer", "Relation Name": "nation", "Alias": "n2", "Startup Cost": 0.0, "Total Cost": 1.25, "Plan Rows": 25, "Plan Width": 30, "Actual Startup Time": 0.015, "Actual Total Time": 0.021, "Actual Rows": 25, "Actual Loops": 1}]}]}]}]}, "Triggers": [], "Planner Runtime": 3, "Total Runtime": 7086.399, "Unique SQL Id": 3681808042}}, "(1, 97)": {"explain_plan": {"Plan": {"Node Type": "Sort", "Startup Cost": 526963.15, "Total Cost": 526963.18, "Plan Rows": 10, "Plan Width": 50, "Sort Key": ["(date_part('year'::text, orders.o_orderdate))"], "Plans": [{"Node Type": "Aggregate", "Strategy": "Hashed", "Parent Relationship": "Outer", "Startup Cost": 526962.83, "Total Cost": 526962.98, "Plan Rows": 10, "Plan Width": 50, "Group By Key": ["date_part('year'::text, orders.o_orderdate)"], "Plans": [{"Node Type": "Hash Join", "Parent Relationship": "Outer", "Join Type": "Inner", "Startup Cost": 6618.28, "Total Cost": 526843.01, "Plan Rows": 5991, "Plan Width": 50, "Inner Unique": true, "Hash Cond": "(supplier.s_nationkey = n2.n_nationkey)", "Plans": [{"Node Type": "Hash Join", "Parent Relationship": "Outer", "Join Type": "Inner", "Startup Cost": 6605.34, "Total Cost": 526732.72, "Plan Rows": 5991, "Plan Width": 28, "Inner Unique": false, "Hash Cond": "(customer.c_nationkey = n1.n_nationkey)", "Plans": [{"Node Type": "Nested Loop", "Parent Relationship": "Outer", "Join Type": "Inner", "Startup Cost": 6584.54, "Total Cost": 526572.45, "Plan Rows": 29954, "Plan Width": 32, "Inner Unique": true, "Plans": [{"Node Type": "Hash Join", "Parent Relationship": "Outer", "Join Type": "Inner", "Startup Cost": 6584.54, "Total Cost": 510320.57, "Plan Rows": 51198, "Plan Width": 36, "Inner Unique": true, "Hash Cond": "(lineitem.l_suppkey = supplier.s_suppkey)", "Plans": [{"Node Type": "Nested Loop", "Parent Relationship": "Outer", "Join Type": "Inner", "Startup Cost": 0.0, "Total Cost": 503356.69, "Plan Rows": 86479, "Plan Width": 40, "Inner Unique": true, "Plans": [{"Node Type": "Nested Loop", "Parent Relationship": "Outer", "Join Type": "Inner", "Startup Cost": 0.0, "Total Cost": 480423.82, "Plan Rows": 74637, "Plan Width": 32, "Inner Unique": false, "Plans": [{"Node Type": "Index Scan", "Parent Relationship": "Outer", "Scan Direction": "Forward", "Index Name": "part_kpey", "Relation Name": "part", "Alias": "part", "Startup Cost": 0.0, "Total Cost": 105803.25, "Plan Rows": 13538, "Plan Width": 8, "Filter": "((p_type)::text = 'SMALL PLATED COPPER'::text)"}, {"Node Type": "Index Scan", "Parent Relationship": "Inner", "Scan Direction": "Forward", "Index Name": "idx_lineitem_part_supp", "Relation Name": "lineitem", "Alias": "lineitem", "Startup Cost": 0.0, "Total Cost": 27.61, "Plan Rows": 6, "Plan Width": 40, "Index Cond": "(l_partkey = part.p_partkey)"}]}, {"Node Type": "Index Scan", "Parent Relationship": "Inner", "Scan Direction": "Forward", "Index Name": "orders_pkey", "Relation Name": "orders", "Alias": "orders", "Startup Cost": 0.0, "Total Cost": 0.3, "Plan Rows": 1, "Plan Width": 24, "Index Cond": "(o_orderkey = lineitem.l_orderkey)", "Filter": "((o_orderdate >= '1995-01-01 00:00:00'::timestamp(0) without time zone) AND (o_orderdate <= '1996-12-31 00:00:00'::timestamp(0) without time zone))"}]}, {"Node Type": "Hash", "Parent Relationship": "Inner", "Startup Cost": 5334.54, "Total Cost": 5334.54, "Plan Rows": 100000, "Plan Width": 12, "Plans": [{"Node Type": "Index Scan", "Parent Relationship": "Outer", "Scan Direction": "Forward", "Index Name": "supplier_pkey", "Relation Name": "supplier", "Alias": "supplier", "Startup Cost": 0.0, "Total Cost": 5334.54, "Plan Rows": 100000, "Plan Width": 12}]}]}, {"Node Type": "Index Scan", "Parent Relationship": "Inner", "Scan Direction": "Forward", "Index Name": "customer_pkey", "Relation Name": "customer", "Alias": "customer", "Startup Cost": 0.0, "Total Cost": 0.31, "Plan Rows": 1, "Plan Width": 12, "Index Cond": "(c_custkey = orders.o_custkey)"}]}, {"Node Type": "Hash", "Parent Relationship": "Inner", "Startup Cost": 20.74, "Total Cost": 20.74, "Plan Rows": 5, "Plan Width": 4, "Plans": [{"Node Type": "Nested Loop", "Parent Relationship": "Outer", "Join Type": "Inner", "Startup Cost": 0.0, "Total Cost": 20.74, "Plan Rows": 5, "Plan Width": 4, "Inner Unique": false, "Plans": [{"Node Type": "Index Scan", "Parent Relationship": "Outer", "Scan Direction": "Forward", "Index Name": "region_pkey", "Relation Name": "region", "Alias": "region", "Startup Cost": 0.0, "Total Cost": 12.34, "Plan Rows": 1, "Plan Width": 4, "Filter": "(r_name = 'ASIA'::bpchar)"}, {"Node Type": "Index Scan", "Parent Relationship": "Inner", "Scan Direction": "Forward", "Index Name": "idx_nation_regionkey", "Relation Name": "nation", "Alias": "n1", "Startup Cost": 0.0, "Total Cost": 8.35, "Plan Rows": 5, "Plan Width": 8, "Index Cond": "(n_regionkey = region.r_regionkey)"}]}]}]}, {"Node Type": "Hash", "Parent Relationship": "Inner", "Startup Cost": 12.62, "Total Cost": 12.62, "Plan Rows": 25, "Plan Width": 30, "Plans": [{"Node Type": "Index Scan", "Parent Relationship": "Outer", "Scan Direction": "Forward", "Index Name": "nation_pkey", "Relation Name": "nation", "Alias": "n2", "Startup Cost": 0.0, "Total Cost": 12.62, "Plan Rows": 25, "Plan Width": 30}]}]}]}]}, "Unique SQL Id": 3681808042, "Planner Runtime": 3}, "explain_analyze_plan": {"Plan": {"Node Type": "Sort", "Startup Cost": 526963.15, "Total Cost": 526963.18, "Plan Rows": 10, "Plan Width": 50, "Actual Startup Time": 7593.695, "Actual Total Time": 7593.695, "Actual Rows": 2, "Actual Loops": 1, "Sort Key": ["(date_part('year'::text, orders.o_orderdate))"], "Sort Method": "quicksort", "Sort Space Used": 25, "Sort Space Type": "Memory", "Plans": [{"Node Type": "Aggregate", "Strategy": "Hashed", "Parent Relationship": "Outer", "Startup Cost": 526962.83, "Total Cost": 526962.98, "Plan Rows": 10, "Plan Width": 50, "Actual Startup Time": 7593.678, "Actual Total Time": 7593.679, "Actual Rows": 2, "Actual Loops": 1, "Group By Key": ["date_part('year'::text, orders.o_orderdate)"], "Plans": [{"Node Type": "Hash Join", "Parent Relationship": "Outer", "Join Type": "Inner", "Startup Cost": 6618.28, "Total Cost": 526843.01, "Plan Rows": 5991, "Plan Width": 50, "Actual Startup Time": 108.834, "Actual Total Time": 7556.085, "Actual Rows": 23929, "Actual Loops": 1, "Inner Unique": true, "Hash Cond": "(supplier.s_nationkey = n2.n_nationkey)", "Plans": [{"Node Type": "Hash Join", "Parent Relationship": "Outer", "Join Type": "Inner", "Startup Cost": 6605.34, "Total Cost": 526732.72, "Plan Rows": 5991, "Plan Width": 28, "Actual Startup Time": 108.741, "Actual Total Time": 7523.733, "Actual Rows": 23929, "Actual Loops": 1, "Inner Unique": false, "Hash Cond": "(customer.c_nationkey = n1.n_nationkey)", "Plans": [{"Node Type": "Nested Loop", "Parent Relationship": "Outer", "Join Type": "Inner", "Startup Cost": 6584.54, "Total Cost": 526572.45, "Plan Rows": 29954, "Plan Width": 32, "Actual Startup Time": 108.431, "Actual Total Time": 7485.765, "Actual Rows": 119765, "Actual Loops": 1, "Inner Unique": true, "Plans": [{"Node Type": "Hash Join", "Parent Relationship": "Outer", "Join Type": "Inner", "Startup Cost": 6584.54, "Total Cost": 510320.57, "Plan Rows": 51198, "Plan Width": 36, "Actual Startup Time": 108.394, "Actual Total Time": 6490.682, "Actual Rows": 119765, "Actual Loops": 1, "Inner Unique": true, "Hash Cond": "(lineitem.l_suppkey = supplier.s_suppkey)", "Plans": [{"Node Type": "Nested Loop", "Parent Relationship": "Outer", "Join Type": "Inner", "Startup Cost": 0.0, "Total Cost": 503356.69, "Plan Rows": 86479, "Plan Width": 40, "Actual Startup Time": 0.182, "Actual Total Time": 6301.075, "Actual Rows": 119765, "Actual Loops": 1, "Inner Unique": true, "Plans": [{"Node Type": "Nested Loop", "Parent Relationship": "Outer", "Join Type": "Inner", "Startup Cost": 0.0, "Total Cost": 480423.82, "Plan Rows": 74637, "Plan Width": 32, "Actual Startup Time": 0.043, "Actual Total Time": 2753.622, "Actual Rows": 395341, "Actual Loops": 1, "Inner Unique": false, "Plans": [{"Node Type": "Index Scan", "Parent Relationship": "Outer", "Scan Direction": "Forward", "Index Name": "part_kpey", "Relation Name": "part", "Alias": "part", "Startup Cost": 0.0, "Total Cost": 105803.25, "Plan Rows": 13538, "Plan Width": 8, "Actual Startup Time": 0.028, "Actual Total Time": 1463.221, "Actual Rows": 13163, "Actual Loops": 1, "Filter": "((p_type)::text = 'SMALL PLATED COPPER'::text)", "Rows Removed by Filter": 1986837}, {"Node Type": "Index Scan", "Parent Relationship": "Inner", "Scan Direction": "Forward", "Index Name": "idx_lineitem_part_supp", "Relation Name": "lineitem", "Alias": "lineitem", "Startup Cost": 0.0, "Total Cost": 27.61, "Plan Rows": 6, "Plan Width": 40, "Actual Startup Time": 154.362, "Actual Total Time": 1188.764, "Actual Rows": 395341, "Actual Loops": 13163, "Index Cond": "(l_partkey = part.p_partkey)", "Rows Removed by Index Recheck": 0}]}, {"Node Type": "Index Scan", "Parent Relationship": "Inner", "Scan Direction": "Forward", "Index Name": "orders_pkey", "Relation Name": "orders", "Alias": "orders", "Startup Cost": 0.0, "Total Cost": 0.3, "Plan Rows": 1, "Plan Width": 24, "Actual Startup Time": 3309.298, "Actual Total Time": 3309.298, "Actual Rows": 119765, "Actual Loops": 395341, "Index Cond": "(o_orderkey = lineitem.l_orderkey)", "Rows Removed by Index Recheck": 0, "Filter": "((o_orderdate >= '1995-01-01 00:00:00'::timestamp(0) without time zone) AND (o_orderdate <= '1996-12-31 00:00:00'::timestamp(0) without time zone))", "Rows Removed by Filter": 275576}]}, {"Node Type": "Hash", "Parent Relationship": "Inner", "Startup Cost": 5334.54, "Total Cost": 5334.54, "Plan Rows": 100000, "Plan Width": 12, "Actual Startup Time": 108.093, "Actual Total Time": 108.093, "Actual Rows": 100000, "Actual Loops": 1, "Hash Buckets": 131072, "Hash Batches": 1, "Original Hash Batches": 1, "Peak Memory Usage": 4297, "Plans": [{"Node Type": "Index Scan", "Parent Relationship": "Outer", "Scan Direction": "Forward", "Index Name": "supplier_pkey", "Relation Name": "supplier", "Alias": "supplier", "Startup Cost": 0.0, "Total Cost": 5334.54, "Plan Rows": 100000, "Plan Width": 12, "Actual Startup Time": 0.021, "Actual Total Time": 80.1, "Actual Rows": 100000, "Actual Loops": 1}]}]}, {"Node Type": "Index Scan", "Parent Relationship": "Inner", "Scan Direction": "Forward", "Index Name": "customer_pkey", "Relation Name": "customer", "Alias": "customer", "Startup Cost": 0.0, "Total Cost": 0.31, "Plan Rows": 1, "Plan Width": 12, "Actual Startup Time": 884.223, "Actual Total Time": 884.223, "Actual Rows": 119765, "Actual Loops": 119765, "Index Cond": "(c_custkey = orders.o_custkey)", "Rows Removed by Index Recheck": 0}]}, {"Node Type": "Hash", "Parent Relationship": "Inner", "Startup Cost": 20.74, "Total Cost": 20.74, "Plan Rows": 5, "Plan Width": 4, "Actual Startup Time": 0.027, "Actual Total Time": 0.027, "Actual Rows": 5, "Actual Loops": 1, "Hash Buckets": 32768, "Hash Batches": 1, "Original Hash Batches": 1, "Peak Memory Usage": 1, "Plans": [{"Node Type": "Nested Loop", "Parent Relationship": "Outer", "Join Type": "Inner", "Startup Cost": 0.0, "Total Cost": 20.74, "Plan Rows": 5, "Plan Width": 4, "Actual Startup Time": 0.018, "Actual Total Time": 0.024, "Actual Rows": 5, "Actual Loops": 1, "Inner Unique": false, "Plans": [{"Node Type": "Index Scan", "Parent Relationship": "Outer", "Scan Direction": "Forward", "Index Name": "region_pkey", "Relation Name": "region", "Alias": "region", "Startup Cost": 0.0, "Total Cost": 12.34, "Plan Rows": 1, "Plan Width": 4, "Actual Startup Time": 0.009, "Actual Total Time": 0.01, "Actual Rows": 1, "Actual Loops": 1, "Filter": "(r_name = 'ASIA'::bpchar)", "Rows Removed by Filter": 4}, {"Node Type": "Index Scan", "Parent Relationship": "Inner", "Scan Direction": "Forward", "Index Name": "idx_nation_regionkey", "Relation Name": "nation", "Alias": "n1", "Startup Cost": 0.0, "Total Cost": 8.35, "Plan Rows": 5, "Plan Width": 8, "Actual Startup Time": 0.007, "Actual Total Time": 0.009, "Actual Rows": 5, "Actual Loops": 1, "Index Cond": "(n_regionkey = region.r_regionkey)", "Rows Removed by Index Recheck": 0}]}]}]}, {"Node Type": "Hash", "Parent Relationship": "Inner", "Startup Cost": 12.62, "Total Cost": 12.62, "Plan Rows": 25, "Plan Width": 30, "Actual Startup Time": 0.04, "Actual Total Time": 0.04, "Actual Rows": 25, "Actual Loops": 1, "Hash Buckets": 32768, "Hash Batches": 1, "Original Hash Batches": 1, "Peak Memory Usage": 2, "Plans": [{"Node Type": "Index Scan", "Parent Relationship": "Outer", "Scan Direction": "Forward", "Index Name": "nation_pkey", "Relation Name": "nation", "Alias": "n2", "Startup Cost": 0.0, "Total Cost": 12.62, "Plan Rows": 25, "Plan Width": 30, "Actual Startup Time": 0.011, "Actual Total Time": 0.027, "Actual Rows": 25, "Actual Loops": 1}]}]}]}]}, "Triggers": [], "Planner Runtime": 3, "Total Runtime": 7594.11, "Unique SQL Id": 3681808042}}, "(1, 98)": {"explain_plan": {"Plan": {"Node Type": "Sort", "Startup Cost": 816569.87, "Total Cost": 816569.89, "Plan Rows": 10, "Plan Width": 50, "Sort Key": ["(date_part('year'::text, orders.o_orderdate))"], "Plans": [{"Node Type": "Aggregate", "Strategy": "Hashed", "Parent Relationship": "Outer", "Startup Cost": 816569.55, "Total Cost": 816569.7, "Plan Rows": 10, "Plan Width": 50, "Group By Key": ["date_part('year'::text, orders.o_orderdate)"], "Plans": [{"Node Type": "Hash Join", "Parent Relationship": "Outer", "Join Type": "Inner", "Startup Cost": 45453.88, "Total Cost": 816449.73, "Plan Rows": 5991, "Plan Width": 50, "Inner Unique": true, "Hash Cond": "(supplier.s_nationkey = n2.n_nationkey)", "Plans": [{"Node Type": "Hash Join", "Parent Relationship": "Outer", "Join Type": "Inner", "Startup Cost": 45452.32, "Total Cost": 816350.82, "Plan Rows": 5991, "Plan Width": 28, "Inner Unique": false, "Hash Cond": "(orders.o_custkey = customer.c_custkey)", "Plans": [{"Node Type": "Hash Join", "Parent Relationship": "Outer", "Join Type": "Inner", "Startup Cost": 4537.47, "Total Cost": 775184.07, "Plan Rows": 51198, "Plan Width": 36, "Inner Unique": true, "Hash Cond": "(lineitem.l_suppkey = supplier.s_suppkey)", "Plans": [{"Node Type": "Nested Loop", "Parent Relationship": "Outer", "Join Type": "Inner", "Startup Cost": 4.47, "Total Cost": 770271.73, "Plan Rows": 86479, "Plan Width": 40, "Inner Unique": true, "Plans": [{"Node Type": "Nested Loop", "Parent Relationship": "Outer", "Join Type": "Inner", "Startup Cost": 4.21, "Total Cost": 450147.9, "Plan Rows": 74637, "Plan Width": 32, "Inner Unique": false, "Plans": [{"Node Type": "Seq Scan", "Parent Relationship": "Outer", "Relation Name": "part", "Alias": "part", "Startup Cost": 0.0, "Total Cost": 66944.0, "Plan Rows": 13538, "Plan Width": 8, "Filter": "((p_type)::text = 'SMALL PLATED COPPER'::text)"}, {"Node Type": "Bitmap Heap Scan", "Parent Relationship": "Inner", "Relation Name": "lineitem", "Alias": "lineitem", "Startup Cost": 4.21, "Total Cost": 28.25, "Plan Rows": 6, "Plan Width": 40, "Recheck Cond": "(l_partkey = part.p_partkey)", "Plans": [{"Node Type": "Bitmap Index Scan", "Parent Relationship": "Outer", "Index Name": "idx_lineitem_part_supp", "Startup Cost": 0.0, "Total Cost": 4.21, "Plan Rows": 6, "Plan Width": 0, "Index Cond": "(l_partkey = part.p_partkey)"}]}]}, {"Node Type": "Bitmap Heap Scan", "Parent Relationship": "Inner", "Relation Name": "orders", "Alias": "orders", "Startup Cost": 0.26, "Total Cost": 4.28, "Plan Rows": 1, "Plan Width": 24, "Recheck Cond": "(o_orderkey = lineitem.l_orderkey)", "Filter": "((o_orderdate >= '1995-01-01 00:00:00'::timestamp(0) without time zone) AND (o_orderdate <= '1996-12-31 00:00:00'::timestamp(0) without time zone))", "Plans": [{"Node Type": "Bitmap Index Scan", "Parent Relationship": "Outer", "Index Name": "orders_pkey", "Startup Cost": 0.0, "Total Cost": 0.26, "Plan Rows": 1, "Plan Width": 0, "Index Cond": "(o_orderkey = lineitem.l_orderkey)"}]}]}, {"Node Type": "Hash", "Parent Relationship": "Inner", "Startup Cost": 3283.0, "Total Cost": 3283.0, "Plan Rows": 100000, "Plan Width": 12, "Plans": [{"Node Type": "Seq Scan", "Parent Relationship": "Outer", "Relation Name": "supplier", "Alias": "supplier", "Startup Cost": 0.0, "Total Cost": 3283.0, "Plan Rows": 100000, "Plan Width": 12}]}]}, {"Node Type": "Hash", "Parent Relationship": "Inner", "Startup Cost": 37164.85, "Total Cost": 37164.85, "Plan Rows": 300000, "Plan Width": 8, "Plans": [{"Node Type": "Nested Loop", "Parent Relationship": "Outer", "Join Type": "Inner", "Startup Cost": 1031.44, "Total Cost": 37164.85, "Plan Rows": 300000, "Plan Width": 8, "Inner Unique": false, "Plans": [{"Node Type": "Hash Join", "Parent Relationship": "Outer", "Join Type": "Inner", "Startup Cost": 1.07, "Total Cost": 2.44, "Plan Rows": 5, "Plan Width": 4, "Inner Unique": true, "Hash Cond": "(n1.n_regionkey = region.r_regionkey)", "Plans": [{"Node Type": "Seq Scan", "Parent Relationship": "Outer", "Relation Name": "nation", "Alias": "n1", "Startup Cost": 0.0, "Total Cost": 1.25, "Plan Rows": 25, "Plan Width": 8}, {"Node Type": "Hash", "Parent Relationship": "Inner", "Startup Cost": 1.06, "Total Cost": 1.06, "Plan Rows": 1, "Plan Width": 4, "Plans": [{"Node Type": "Seq Scan", "Parent Relationship": "Outer", "Relation Name": "region", "Alias": "region", "Startup Cost": 0.0, "Total Cost": 1.06, "Plan Rows": 1, "Plan Width": 4, "Filter": "(r_name = 'ASIA'::bpchar)"}]}]}, {"Node Type": "Bitmap Heap Scan", "Parent Relationship": "Inner", "Relation Name": "customer", "Alias": "customer", "Startup Cost": 1030.37, "Total Cost": 6832.48, "Plan Rows": 60000, "Plan Width": 12, "Recheck Cond": "(c_nationkey = n1.n_nationkey)", "Plans": [{"Node Type": "Bitmap Index Scan", "Parent Relationship": "Outer", "Index Name": "idx_customer_nationkey", "Startup Cost": 0.0, "Total Cost": 1015.37, "Plan Rows": 60000, "Plan Width": 0, "Index Cond": "(c_nationkey = n1.n_nationkey)"}]}]}]}]}, {"Node Type": "Hash", "Parent Relationship": "Inner", "Startup Cost": 1.25, "Total Cost": 1.25, "Plan Rows": 25, "Plan Width": 30, "Plans": [{"Node Type": "Seq Scan", "Parent Relationship": "Outer", "Relation Name": "nation", "Alias": "n2", "Startup Cost": 0.0, "Total Cost": 1.25, "Plan Rows": 25, "Plan Width": 30}]}]}]}]}, "Unique SQL Id": 3681808042, "Planner Runtime": 3}, "explain_analyze_plan": {"Plan": {"Node Type": "Sort", "Startup Cost": 816569.87, "Total Cost": 816569.89, "Plan Rows": 10, "Plan Width": 50, "Actual Startup Time": 7685.068, "Actual Total Time": 7685.068, "Actual Rows": 2, "Actual Loops": 1, "Sort Key": ["(date_part('year'::text, orders.o_orderdate))"], "Sort Method": "quicksort", "Sort Space Used": 25, "Sort Space Type": "Memory", "Plans": [{"Node Type": "Aggregate", "Strategy": "Hashed", "Parent Relationship": "Outer", "Startup Cost": 816569.55, "Total Cost": 816569.7, "Plan Rows": 10, "Plan Width": 50, "Actual Startup Time": 7685.049, "Actual Total Time": 7685.05, "Actual Rows": 2, "Actual Loops": 1, "Group By Key": ["date_part('year'::text, orders.o_orderdate)"], "Plans": [{"Node Type": "Hash Join", "Parent Relationship": "Outer", "Join Type": "Inner", "Startup Cost": 45453.88, "Total Cost": 816449.73, "Plan Rows": 5991, "Plan Width": 50, "Actual Startup Time": 829.652, "Actual Total Time": 7644.832, "Actual Rows": 23929, "Actual Loops": 1, "Inner Unique": true, "Hash Cond": "(supplier.s_nationkey = n2.n_nationkey)", "Plans": [{"Node Type": "Hash Join", "Parent Relationship": "Outer", "Join Type": "Inner", "Startup Cost": 45452.32, "Total Cost": 816350.82, "Plan Rows": 5991, "Plan Width": 28, "Actual Startup Time": 829.553, "Actual Total Time": 7610.529, "Actual Rows": 23929, "Actual Loops": 1, "Inner Unique": false, "Hash Cond": "(orders.o_custkey = customer.c_custkey)", "Plans": [{"Node Type": "Hash Join", "Parent Relationship": "Outer", "Join Type": "Inner", "Startup Cost": 4537.47, "Total Cost": 775184.07, "Plan Rows": 51198, "Plan Width": 36, "Actual Startup Time": 66.093, "Actual Total Time": 6779.759, "Actual Rows": 119765, "Actual Loops": 1, "Inner Unique": true, "Hash Cond": "(lineitem.l_suppkey = supplier.s_suppkey)", "Plans": [{"Node Type": "Nested Loop", "Parent Relationship": "Outer", "Join Type": "Inner", "Startup Cost": 4.47, "Total Cost": 770271.73, "Plan Rows": 86479, "Plan Width": 40, "Actual Startup Time": 0.151, "Actual Total Time": 6630.0, "Actual Rows": 119765, "Actual Loops": 1, "Inner Unique": true, "Plans": [{"Node Type": "Nested Loop", "Parent Relationship": "Outer", "Join Type": "Inner", "Startup Cost": 4.21, "Total Cost": 450147.9, "Plan Rows": 74637, "Plan Width": 32, "Actual Startup Time": 0.092, "Actual Total Time": 2343.852, "Actual Rows": 395341, "Actual Loops": 1, "Inner Unique": false, "Plans": [{"Node Type": "Seq Scan", "Parent Relationship": "Outer", "Relation Name": "part", "Alias": "part", "Startup Cost": 0.0, "Total Cost": 66944.0, "Plan Rows": 13538, "Plan Width": 8, "Actual Startup Time": 0.017, "Actual Total Time": 777.26, "Actual Rows": 13163, "Actual Loops": 1, "Filter": "((p_type)::text = 'SMALL PLATED COPPER'::text)", "Rows Removed by Filter": 1986837}, {"Node Type": "Bitmap Heap Scan", "Parent Relationship": "Inner", "Relation Name": "lineitem", "Alias": "lineitem", "Startup Cost": 4.21, "Total Cost": 28.25, "Plan Rows": 6, "Plan Width": 40, "Actual Startup Time": 263.201, "Actual Total Time": 1448.135, "Actual Rows": 395341, "Actual Loops": 13163, "Recheck Cond": "(l_partkey = part.p_partkey)", "Rows Removed by Index Recheck": 0, "Exact Heap Blocks": 395337, "Lossy Heap Blocks": 395337, "Plans": [{"Node Type": "Bitmap Index Scan", "Parent Relationship": "Outer", "Index Name": "idx_lineitem_part_supp", "Startup Cost": 0.0, "Total Cost": 4.21, "Plan Rows": 6, "Plan Width": 0, "Actual Startup Time": 166.06, "Actual Total Time": 166.06, "Actual Rows": 395341, "Actual Loops": 13163, "Index Cond": "(l_partkey = part.p_partkey)"}]}]}, {"Node Type": "Bitmap Heap Scan", "Parent Relationship": "Inner", "Relation Name": "orders", "Alias": "orders", "Startup Cost": 0.26, "Total Cost": 4.28, "Plan Rows": 1, "Plan Width": 24, "Actual Startup Time": 3806.361, "Actual Total Time": 3806.361, "Actual Rows": 119765, "Actual Loops": 395341, "Recheck Cond": "(o_orderkey = lineitem.l_orderkey)", "Rows Removed by Index Recheck": 0, "Filter": "((o_orderdate >= '1995-01-01 00:00:00'::timestamp(0) without time zone) AND (o_orderdate <= '1996-12-31 00:00:00'::timestamp(0) without time zone))", "Rows Removed by Filter": 275576, "Exact Heap Blocks": 395341, "Lossy Heap Blocks": 395341, "Plans": [{"Node Type": "Bitmap Index Scan", "Parent Relationship": "Outer", "Index Name": "orders_pkey", "Startup Cost": 0.0, "Total Cost": 0.26, "Plan Rows": 1, "Plan Width": 0, "Actual Startup Time": 2356.074, "Actual Total Time": 2356.074, "Actual Rows": 395341, "Actual Loops": 395341, "Index Cond": "(o_orderkey = lineitem.l_orderkey)"}]}]}, {"Node Type": "Hash", "Parent Relationship": "Inner", "Startup Cost": 3283.0, "Total Cost": 3283.0, "Plan Rows": 100000, "Plan Width": 12, "Actual Startup Time": 65.833, "Actual Total Time": 65.833, "Actual Rows": 100000, "Actual Loops": 1, "Hash Buckets": 131072, "Hash Batches": 1, "Original Hash Batches": 1, "Peak Memory Usage": 4297, "Plans": [{"Node Type": "Seq Scan", "Parent Relationship": "Outer", "Relation Name": "supplier", "Alias": "supplier", "Startup Cost": 0.0, "Total Cost": 3283.0, "Plan Rows": 100000, "Plan Width": 12, "Actual Startup Time": 0.019, "Actual Total Time": 39.38, "Actual Rows": 100000, "Actual Loops": 1}]}]}, {"Node Type": "Hash", "Parent Relationship": "Inner", "Startup Cost": 37164.85, "Total Cost": 37164.85, "Plan Rows": 300000, "Plan Width": 8, "Actual Startup Time": 763.021, "Actual Total Time": 763.021, "Actual Rows": 300270, "Actual Loops": 1, "Hash Buckets": 524288, "Hash Batches": 1, "Original Hash Batches": 1, "Peak Memory Usage": 11730, "Plans": [{"Node Type": "Nested Loop", "Parent Relationship": "Outer", "Join Type": "Inner", "Startup Cost": 1031.44, "Total Cost": 37164.85, "Plan Rows": 300000, "Plan Width": 8, "Actual Startup Time": 19.426, "Actual Total Time": 670.53, "Actual Rows": 300270, "Actual Loops": 1, "Inner Unique": false, "Plans": [{"Node Type": "Hash Join", "Parent Relationship": "Outer", "Join Type": "Inner", "Startup Cost": 1.07, "Total Cost": 2.44, "Plan Rows": 5, "Plan Width": 4, "Actual Startup Time": 0.077, "Actual Total Time": 0.142, "Actual Rows": 5, "Actual Loops": 1, "Inner Unique": true, "Hash Cond": "(n1.n_regionkey = region.r_regionkey)", "Plans": [{"Node Type": "Seq Scan", "Parent Relationship": "Outer", "Relation Name": "nation", "Alias": "n1", "Startup Cost": 0.0, "Total Cost": 1.25, "Plan Rows": 25, "Plan Width": 8, "Actual Startup Time": 0.015, "Actual Total Time": 0.036, "Actual Rows": 25, "Actual Loops": 1}, {"Node Type": "Hash", "Parent Relationship": "Inner", "Startup Cost": 1.06, "Total Cost": 1.06, "Plan Rows": 1, "Plan Width": 4, "Actual Startup Time": 0.021, "Actual Total Time": 0.021, "Actual Rows": 1, "Actual Loops": 1, "Hash Buckets": 32768, "Hash Batches": 1, "Original Hash Batches": 1, "Peak Memory Usage": 1, "Plans": [{"Node Type": "Seq Scan", "Parent Relationship": "Outer", "Relation Name": "region", "Alias": "region", "Startup Cost": 0.0, "Total Cost": 1.06, "Plan Rows": 1, "Plan Width": 4, "Actual Startup Time": 0.015, "Actual Total Time": 0.016, "Actual Rows": 1, "Actual Loops": 1, "Filter": "(r_name = 'ASIA'::bpchar)", "Rows Removed by Filter": 4}]}]}, {"Node Type": "Bitmap Heap Scan", "Parent Relationship": "Inner", "Relation Name": "customer", "Alias": "customer", "Startup Cost": 1030.37, "Total Cost": 6832.48, "Plan Rows": 60000, "Plan Width": 12, "Actual Startup Time": 91.328, "Actual Total Time": 611.675, "Actual Rows": 300270, "Actual Loops": 5, "Recheck Cond": "(c_nationkey = n1.n_nationkey)", "Rows Removed by Index Recheck": 0, "Exact Heap Blocks": 150032, "Lossy Heap Blocks": 150032, "Plans": [{"Node Type": "Bitmap Index Scan", "Parent Relationship": "Outer", "Index Name": "idx_customer_nationkey", "Startup Cost": 0.0, "Total Cost": 1015.37, "Plan Rows": 60000, "Plan Width": 0, "Actual Startup Time": 58.447, "Actual Total Time": 58.447, "Actual Rows": 300270, "Actual Loops": 5, "Index Cond": "(c_nationkey = n1.n_nationkey)"}]}]}]}]}, {"Node Type": "Hash", "Parent Relationship": "Inner", "Startup Cost": 1.25, "Total Cost": 1.25, "Plan Rows": 25, "Plan Width": 30, "Actual Startup Time": 0.036, "Actual Total Time": 0.036, "Actual Rows": 25, "Actual Loops": 1, "Hash Buckets": 32768, "Hash Batches": 1, "Original Hash Batches": 1, "Peak Memory Usage": 2, "Plans": [{"Node Type": "Seq Scan", "Parent Relationship": "Outer", "Relation Name": "nation", "Alias": "n2", "Startup Cost": 0.0, "Total Cost": 1.25, "Plan Rows": 25, "Plan Width": 30, "Actual Startup Time": 0.017, "Actual Total Time": 0.025, "Actual Rows": 25, "Actual Loops": 1}]}]}]}]}, "Triggers": [], "Planner Runtime": 3, "Total Runtime": 7685.556, "Unique SQL Id": 3681808042}}, "(1, 99)": {"explain_plan": {"Plan": {"Node Type": "Sort", "Startup Cost": 66661878.45, "Total Cost": 66661878.48, "Plan Rows": 10, "Plan Width": 50, "Sort Key": ["(date_part('year'::text, orders.o_orderdate))"], "Plans": [{"Node Type": "Aggregate", "Strategy": "Hashed", "Parent Relationship": "Outer", "Startup Cost": 66661878.14, "Total Cost": 66661878.29, "Plan Rows": 10, "Plan Width": 50, "Group By Key": ["date_part('year'::text, orders.o_orderdate)"], "Plans": [{"Node Type": "Nested Loop", "Parent Relationship": "Outer", "Join Type": "Inner", "Startup Cost": 115915.31, "Total Cost": 66661758.32, "Plan Rows": 5991, "Plan Width": 50, "Inner Unique": true, "Plans": [{"Node Type": "Nested Loop", "Parent Relationship": "Outer", "Join Type": "Inner", "Startup Cost": 115915.05, "Total Cost": 66636099.88, "Plan Rows": 5991, "Plan Width": 28, "Inner Unique": true, "Plans": [{"Node Type": "Nested Loop", "Parent Relationship": "Outer", "Join Type": "Inner", "Startup Cost": 115914.79, "Total Cost": 66562068.23, "Plan Rows": 17296, "Plan Width": 32, "Inner Unique": true, "Plans": [{"Node Type": "Nested Loop", "Parent Relationship": "Outer", "Join Type": "Inner", "Startup Cost": 115914.53, "Total Cost": 45938880.46, "Plan Rows": 4814867, "Plan Width": 40, "Inner Unique": false, "Plans": [{"Node Type": "Nested Loop", "Parent Relationship": "Outer", "Join Type": "Inner", "Startup Cost": 115914.01, "Total Cost": 43432501.27, "Plan Rows": 530296, "Plan Width": 16, "Inner Unique": true, "Plans": [{"Node Type": "Nested Loop", "Parent Relationship": "Outer", "Join Type": "Inner", "Startup Cost": 115913.43, "Total Cost": 31228406.3, "Plan Rows": 2651479, "Plan Width": 20, "Inner Unique": true, "Plans": [{"Node Type": "Nested Loop", "Parent Relationship": "Outer", "Join Type": "Inner", "Startup Cost": 115913.17, "Total Cost": 19879399.17, "Plan Rows": 2651479, "Plan Width": 20, "Inner Unique": true, "Plans": [{"Node Type": "Bitmap Heap Scan", "Parent Relationship": "Outer", "Relation Name": "orders", "Alias": "orders", "Startup Cost": 115912.91, "Total Cost": 460311.42, "Plan Rows": 4531967, "Plan Width": 24, "Recheck Cond": "((o_orderdate >= '1995-01-01 00:00:00'::timestamp(0) without time zone) AND (o_orderdate <= '1996-12-31 00:00:00'::timestamp(0) without time zone)), (LLVM Optimized)", "Plans": [{"Node Type": "Bitmap Index Scan", "Parent Relationship": "Outer", "Index Name": "idx_orders_orderdate", "Startup Cost": 0.0, "Total Cost": 114779.92, "Plan Rows": 4531967, "Plan Width": 0, "Index Cond": "((o_orderdate >= '1995-01-01 00:00:00'::timestamp(0) without time zone) AND (o_orderdate <= '1996-12-31 00:00:00'::timestamp(0) without time zone))"}]}, {"Node Type": "Bitmap Heap Scan", "Parent Relationship": "Inner", "Relation Name": "customer", "Alias": "customer", "Startup Cost": 0.26, "Total Cost": 4.27, "Plan Rows": 1, "Plan Width": 12, "Recheck Cond": "(c_custkey = orders.o_custkey)", "Plans": [{"Node Type": "Bitmap Index Scan", "Parent Relationship": "Outer", "Index Name": "customer_pkey", "Startup Cost": 0.0, "Total Cost": 0.26, "Plan Rows": 1, "Plan Width": 0, "Index Cond": "(c_custkey = orders.o_custkey)"}]}]}, {"Node Type": "Bitmap Heap Scan", "Parent Relationship": "Inner", "Relation Name": "nation", "Alias": "n1", "Startup Cost": 0.26, "Total Cost": 4.27, "Plan Rows": 1, "Plan Width": 8, "Recheck Cond": "(n_nationkey = customer.c_nationkey)", "Plans": [{"Node Type": "Bitmap Index Scan", "Parent Relationship": "Outer", "Index Name": "nation_pkey", "Startup Cost": 0.0, "Total Cost": 0.26, "Plan Rows": 1, "Plan Width": 0, "Index Cond": "(n_nationkey = customer.c_nationkey)"}]}]}, {"Node Type": "Bitmap Heap Scan", "Parent Relationship": "Inner", "Relation Name": "region", "Alias": "region", "Startup Cost": 0.58, "Total Cost": 4.59, "Plan Rows": 1, "Plan Width": 4, "Recheck Cond": "(r_regionkey = n1.n_regionkey)", "Filter": "(r_name = 'ASIA'::bpchar)", "Plans": [{"Node Type": "Bitmap Index Scan", "Parent Relationship": "Outer", "Index Name": "region_pkey", "Startup Cost": 0.0, "Total Cost": 0.58, "Plan Rows": 1, "Plan Width": 0, "Index Cond": "(r_regionkey = n1.n_regionkey)"}]}]}, {"Node Type": "Bitmap Heap Scan", "Parent Relationship": "Inner", "Relation Name": "lineitem", "Alias": "lineitem", "Startup Cost": 0.52, "Total Cost": 4.64, "Plan Rows": 9, "Plan Width": 40, "Recheck Cond": "(l_orderkey = orders.o_orderkey)", "Plans": [{"Node Type": "Bitmap Index Scan", "Parent Relationship": "Outer", "Index Name": "idx_lineitem_orderkey", "Startup Cost": 0.0, "Total Cost": 0.52, "Plan Rows": 9, "Plan Width": 0, "Index Cond": "(l_orderkey = orders.o_orderkey)"}]}]}, {"Node Type": "Bitmap Heap Scan", "Parent Relationship": "Inner", "Relation Name": "part", "Alias": "part", "Startup Cost": 0.26, "Total Cost": 4.27, "Plan Rows": 1, "Plan Width": 8, "Recheck Cond": "(p_partkey = lineitem.l_partkey)", "Filter": "((p_type)::text = 'SMALL PLATED COPPER'::text)", "Plans": [{"Node Type": "Bitmap Index Scan", "Parent Relationship": "Outer", "Index Name": "part_kpey", "Startup Cost": 0.0, "Total Cost": 0.26, "Plan Rows": 1, "Plan Width": 0, "Index Cond": "(p_partkey = lineitem.l_partkey)"}]}]}, {"Node Type": "Bitmap Heap Scan", "Parent Relationship": "Inner", "Relation Name": "supplier", "Alias": "supplier", "Startup Cost": 0.26, "Total Cost": 4.27, "Plan Rows": 1, "Plan Width": 12, "Recheck Cond": "(s_suppkey = lineitem.l_suppkey)", "Plans": [{"Node Type": "Bitmap Index Scan", "Parent Relationship": "Outer", "Index Name": "supplier_pkey", "Startup Cost": 0.0, "Total Cost": 0.26, "Plan Rows": 1, "Plan Width": 0, "Index Cond": "(s_suppkey = lineitem.l_suppkey)"}]}]}, {"Node Type": "Bitmap Heap Scan", "Parent Relationship": "Inner", "Relation Name": "nation", "Alias": "n2", "Startup Cost": 0.26, "Total Cost": 4.27, "Plan Rows": 1, "Plan Width": 30, "Recheck Cond": "(n_nationkey = supplier.s_nationkey)", "Plans": [{"Node Type": "Bitmap Index Scan", "Parent Relationship": "Outer", "Index Name": "nation_pkey", "Startup Cost": 0.0, "Total Cost": 0.26, "Plan Rows": 1, "Plan Width": 0, "Index Cond": "(n_nationkey = supplier.s_nationkey)"}]}]}]}]}, "Unique SQL Id": 3681808042, "Planner Runtime": 2}, "explain_analyze_plan": null}, "(1, 100)": {"explain_plan": {"Plan": {"Node Type": "Sort", "Startup Cost": 486022.68, "Total Cost": 486022.71, "Plan Rows": 10, "Plan Width": 50, "Sort Key": ["(date_part('year'::text, orders.o_orderdate))"], "Plans": [{"Node Type": "Aggregate", "Strategy": "Hashed", "Parent Relationship": "Outer", "Startup Cost": 486022.37, "Total Cost": 486022.52, "Plan Rows": 10, "Plan Width": 50, "Group By Key": ["date_part('year'::text, orders.o_orderdate)"], "Plans": [{"Node Type": "Hash Join", "Parent Relationship": "Outer", "Join Type": "Inner", "Startup Cost": 4537.06, "Total Cost": 485902.55, "Plan Rows": 5991, "Plan Width": 50, "Inner Unique": true, "Hash Cond": "(supplier.s_nationkey = n2.n_nationkey)", "Plans": [{"Node Type": "Hash Join", "Parent Relationship": "Outer", "Join Type": "Inner", "Startup Cost": 4535.5, "Total Cost": 485803.63, "Plan Rows": 5991, "Plan Width": 28, "Inner Unique": false, "Hash Cond": "(customer.c_nationkey = n1.n_nationkey)", "Plans": [{"Node Type": "Nested Loop", "Parent Relationship": "Outer", "Join Type": "Inner", "Startup Cost": 4533.0, "Total Cost": 485661.65, "Plan Rows": 29954, "Plan Width": 32, "Inner Unique": true, "Plans": [{"Node Type": "Hash Join", "Parent Relationship": "Outer", "Join Type": "Inner", "Startup Cost": 4533.0, "Total Cost": 469409.78, "Plan Rows": 51198, "Plan Width": 36, "Inner Unique": true, "Hash Cond": "(lineitem.l_suppkey = supplier.s_suppkey)", "Plans": [{"Node Type": "Nested Loop", "Parent Relationship": "Outer", "Join Type": "Inner", "Startup Cost": 0.0, "Total Cost": 464497.44, "Plan Rows": 86479, "Plan Width": 40, "Inner Unique": true, "Plans": [{"Node Type": "Nested Loop", "Parent Relationship": "Outer", "Join Type": "Inner", "Startup Cost": 0.0, "Total Cost": 441564.57, "Plan Rows": 74637, "Plan Width": 32, "Inner Unique": false, "Plans": [{"Node Type": "Seq Scan", "Parent Relationship": "Outer", "Relation Name": "part", "Alias": "part", "Startup Cost": 0.0, "Total Cost": 66944.0, "Plan Rows": 13538, "Plan Width": 8, "Filter": "((p_type)::text = 'SMALL PLATED COPPER'::text)"}, {"Node Type": "Index Scan", "Parent Relationship": "Inner", "Scan Direction": "Forward", "Index Name": "idx_lineitem_part_supp", "Relation Name": "lineitem", "Alias": "lineitem", "Startup Cost": 0.0, "Total Cost": 27.61, "Plan Rows": 6, "Plan Width": 40, "Index Cond": "(l_partkey = part.p_partkey)"}]}, {"Node Type": "Index Scan", "Parent Relationship": "Inner", "Scan Direction": "Forward", "Index Name": "orders_pkey", "Relation Name": "orders", "Alias": "orders", "Startup Cost": 0.0, "Total Cost": 0.3, "Plan Rows": 1, "Plan Width": 24, "Index Cond": "(o_orderkey = lineitem.l_orderkey)", "Filter": "((o_orderdate >= '1995-01-01 00:00:00'::timestamp(0) without time zone) AND (o_orderdate <= '1996-12-31 00:00:00'::timestamp(0) without time zone))"}]}, {"Node Type": "Hash", "Parent Relationship": "Inner", "Startup Cost": 3283.0, "Total Cost": 3283.0, "Plan Rows": 100000, "Plan Width": 12, "Plans": [{"Node Type": "Seq Scan", "Parent Relationship": "Outer", "Relation Name": "supplier", "Alias": "supplier", "Startup Cost": 0.0, "Total Cost": 3283.0, "Plan Rows": 100000, "Plan Width": 12}]}]}, {"Node Type": "Index Scan", "Parent Relationship": "Inner", "Scan Direction": "Forward", "Index Name": "customer_pkey", "Relation Name": "customer", "Alias": "customer", "Startup Cost": 0.0, "Total Cost": 0.31, "Plan Rows": 1, "Plan Width": 12, "Index Cond": "(c_custkey = orders.o_custkey)"}]}, {"Node Type": "Hash", "Parent Relationship": "Inner", "Startup Cost": 2.44, "Total Cost": 2.44, "Plan Rows": 5, "Plan Width": 4, "Plans": [{"Node Type": "Hash Join", "Parent Relationship": "Outer", "Join Type": "Inner", "Startup Cost": 1.07, "Total Cost": 2.44, "Plan Rows": 5, "Plan Width": 4, "Inner Unique": true, "Hash Cond": "(n1.n_regionkey = region.r_regionkey)", "Plans": [{"Node Type": "Seq Scan", "Parent Relationship": "Outer", "Relation Name": "nation", "Alias": "n1", "Startup Cost": 0.0, "Total Cost": 1.25, "Plan Rows": 25, "Plan Width": 8}, {"Node Type": "Hash", "Parent Relationship": "Inner", "Startup Cost": 1.06, "Total Cost": 1.06, "Plan Rows": 1, "Plan Width": 4, "Plans": [{"Node Type": "Seq Scan", "Parent Relationship": "Outer", "Relation Name": "region", "Alias": "region", "Startup Cost": 0.0, "Total Cost": 1.06, "Plan Rows": 1, "Plan Width": 4, "Filter": "(r_name = 'ASIA'::bpchar)"}]}]}]}]}, {"Node Type": "Hash", "Parent Relationship": "Inner", "Startup Cost": 1.25, "Total Cost": 1.25, "Plan Rows": 25, "Plan Width": 30, "Plans": [{"Node Type": "Seq Scan", "Parent Relationship": "Outer", "Relation Name": "nation", "Alias": "n2", "Startup Cost": 0.0, "Total Cost": 1.25, "Plan Rows": 25, "Plan Width": 30}]}]}]}]}, "Unique SQL Id": 3681808042, "Planner Runtime": 3}, "explain_analyze_plan": {"Plan": {"Node Type": "Sort", "Startup Cost": 486022.68, "Total Cost": 486022.71, "Plan Rows": 10, "Plan Width": 50, "Actual Startup Time": 7085.978, "Actual Total Time": 7085.978, "Actual Rows": 2, "Actual Loops": 1, "Sort Key": ["(date_part('year'::text, orders.o_orderdate))"], "Sort Method": "quicksort", "Sort Space Used": 25, "Sort Space Type": "Memory", "Plans": [{"Node Type": "Aggregate", "Strategy": "Hashed", "Parent Relationship": "Outer", "Startup Cost": 486022.37, "Total Cost": 486022.52, "Plan Rows": 10, "Plan Width": 50, "Actual Startup Time": 7085.958, "Actual Total Time": 7085.959, "Actual Rows": 2, "Actual Loops": 1, "Group By Key": ["date_part('year'::text, orders.o_orderdate)"], "Plans": [{"Node Type": "Hash Join", "Parent Relationship": "Outer", "Join Type": "Inner", "Startup Cost": 4537.06, "Total Cost": 485902.55, "Plan Rows": 5991, "Plan Width": 50, "Actual Startup Time": 66.946, "Actual Total Time": 7049.829, "Actual Rows": 23929, "Actual Loops": 1, "Inner Unique": true, "Hash Cond": "(supplier.s_nationkey = n2.n_nationkey)", "Plans": [{"Node Type": "Hash Join", "Parent Relationship": "Outer", "Join Type": "Inner", "Startup Cost": 4535.5, "Total Cost": 485803.63, "Plan Rows": 5991, "Plan Width": 28, "Actual Startup Time": 66.804, "Actual Total Time": 7017.431, "Actual Rows": 23929, "Actual Loops": 1, "Inner Unique": false, "Hash Cond": "(customer.c_nationkey = n1.n_nationkey)", "Plans": [{"Node Type": "Nested Loop", "Parent Relationship": "Outer", "Join Type": "Inner", "Startup Cost": 4533.0, "Total Cost": 485661.65, "Plan Rows": 29954, "Plan Width": 32, "Actual Startup Time": 66.457, "Actual Total Time": 6979.652, "Actual Rows": 119765, "Actual Loops": 1, "Inner Unique": true, "Plans": [{"Node Type": "Hash Join", "Parent Relationship": "Outer", "Join Type": "Inner", "Startup Cost": 4533.0, "Total Cost": 469409.78, "Plan Rows": 51198, "Plan Width": 36, "Actual Startup Time": 66.415, "Actual Total Time": 5952.152, "Actual Rows": 119765, "Actual Loops": 1, "Inner Unique": true, "Hash Cond": "(lineitem.l_suppkey = supplier.s_suppkey)", "Plans": [{"Node Type": "Nested Loop", "Parent Relationship": "Outer", "Join Type": "Inner", "Startup Cost": 0.0, "Total Cost": 464497.44, "Plan Rows": 86479, "Plan Width": 40, "Actual Startup Time": 0.201, "Actual Total Time": 5807.717, "Actual Rows": 119765, "Actual Loops": 1, "Inner Unique": true, "Plans": [{"Node Type": "Nested Loop", "Parent Relationship": "Outer", "Join Type": "Inner", "Startup Cost": 0.0, "Total Cost": 441564.57, "Plan Rows": 74637, "Plan Width": 32, "Actual Startup Time": 0.041, "Actual Total Time": 2124.482, "Actual Rows": 395341, "Actual Loops": 1, "Inner Unique": false, "Plans": [{"Node Type": "Seq Scan", "Parent Relationship": "Outer", "Relation Name": "part", "Alias": "part", "Startup Cost": 0.0, "Total Cost": 66944.0, "Plan Rows": 13538, "Plan Width": 8, "Actual Startup Time": 0.019, "Actual Total Time": 779.977, "Actual Rows": 13163, "Actual Loops": 1, "Filter": "((p_type)::text = 'SMALL PLATED COPPER'::text)", "Rows Removed by Filter": 1986837}, {"Node Type": "Index Scan", "Parent Relationship": "Inner", "Scan Direction": "Forward", "Index Name": "idx_lineitem_part_supp", "Relation Name": "lineitem", "Alias": "lineitem", "Startup Cost": 0.0, "Total Cost": 27.61, "Plan Rows": 6, "Plan Width": 40, "Actual Startup Time": 157.19, "Actual Total Time": 1241.18, "Actual Rows": 395341, "Actual Loops": 13163, "Index Cond": "(l_partkey = part.p_partkey)", "Rows Removed by Index Recheck": 0}]}, {"Node Type": "Index Scan", "Parent Relationship": "Inner", "Scan Direction": "Forward", "Index Name": "orders_pkey", "Relation Name": "orders", "Alias": "orders", "Startup Cost": 0.0, "Total Cost": 0.3, "Plan Rows": 1, "Plan Width": 24, "Actual Startup Time": 3448.635, "Actual Total Time": 3448.635, "Actual Rows": 119765, "Actual Loops": 395341, "Index Cond": "(o_orderkey = lineitem.l_orderkey)", "Rows Removed by Index Recheck": 0, "Filter": "((o_orderdate >= '1995-01-01 00:00:00'::timestamp(0) without time zone) AND (o_orderdate <= '1996-12-31 00:00:00'::timestamp(0) without time zone))", "Rows Removed by Filter": 275576}]}, {"Node Type": "Hash", "Parent Relationship": "Inner", "Startup Cost": 3283.0, "Total Cost": 3283.0, "Plan Rows": 100000, "Plan Width": 12, "Actual Startup Time": 66.103, "Actual Total Time": 66.103, "Actual Rows": 100000, "Actual Loops": 1, "Hash Buckets": 131072, "Hash Batches": 1, "Original Hash Batches": 1, "Peak Memory Usage": 4297, "Plans": [{"Node Type": "Seq Scan", "Parent Relationship": "Outer", "Relation Name": "supplier", "Alias": "supplier", "Startup Cost": 0.0, "Total Cost": 3283.0, "Plan Rows": 100000, "Plan Width": 12, "Actual Startup Time": 0.01, "Actual Total Time": 39.744, "Actual Rows": 100000, "Actual Loops": 1}]}]}, {"Node Type": "Index Scan", "Parent Relationship": "Inner", "Scan Direction": "Forward", "Index Name": "customer_pkey", "Relation Name": "customer", "Alias": "customer", "Startup Cost": 0.0, "Total Cost": 0.31, "Plan Rows": 1, "Plan Width": 12, "Actual Startup Time": 919.538, "Actual Total Time": 919.538, "Actual Rows": 119765, "Actual Loops": 119765, "Index Cond": "(c_custkey = orders.o_custkey)", "Rows Removed by Index Recheck": 0}]}, {"Node Type": "Hash", "Parent Relationship": "Inner", "Startup Cost": 2.44, "Total Cost": 2.44, "Plan Rows": 5, "Plan Width": 4, "Actual Startup Time": 0.064, "Actual Total Time": 0.064, "Actual Rows": 5, "Actual Loops": 1, "Hash Buckets": 32768, "Hash Batches": 1, "Original Hash Batches": 1, "Peak Memory Usage": 1, "Plans": [{"Node Type": "Hash Join", "Parent Relationship": "Outer", "Join Type": "Inner", "Startup Cost": 1.07, "Total Cost": 2.44, "Plan Rows": 5, "Plan Width": 4, "Actual Startup Time": 0.05, "Actual Total Time": 0.058, "Actual Rows": 5, "Actual Loops": 1, "Inner Unique": true, "Hash Cond": "(n1.n_regionkey = region.r_regionkey)", "Plans": [{"Node Type": "Seq Scan", "Parent Relationship": "Outer", "Relation Name": "nation", "Alias": "n1", "Startup Cost": 0.0, "Total Cost": 1.25, "Plan Rows": 25, "Plan Width": 8, "Actual Startup Time": 0.006, "Actual Total Time": 0.008, "Actual Rows": 25, "Actual Loops": 1}, {"Node Type": "Hash", "Parent Relationship": "Inner", "Startup Cost": 1.06, "Total Cost": 1.06, "Plan Rows": 1, "Plan Width": 4, "Actual Startup Time": 0.012, "Actual Total Time": 0.012, "Actual Rows": 1, "Actual Loops": 1, "Hash Buckets": 32768, "Hash Batches": 1, "Original Hash Batches": 1, "Peak Memory Usage": 1, "Plans": [{"Node Type": "Seq Scan", "Parent Relationship": "Outer", "Relation Name": "region", "Alias": "region", "Startup Cost": 0.0, "Total Cost": 1.06, "Plan Rows": 1, "Plan Width": 4, "Actual Startup Time": 0.009, "Actual Total Time": 0.01, "Actual Rows": 1, "Actual Loops": 1, "Filter": "(r_name = 'ASIA'::bpchar)", "Rows Removed by Filter": 4}]}]}]}]}, {"Node Type": "Hash", "Parent Relationship": "Inner", "Startup Cost": 1.25, "Total Cost": 1.25, "Plan Rows": 25, "Plan Width": 30, "Actual Startup Time": 0.038, "Actual Total Time": 0.038, "Actual Rows": 25, "Actual Loops": 1, "Hash Buckets": 32768, "Hash Batches": 1, "Original Hash Batches": 1, "Peak Memory Usage": 2, "Plans": [{"Node Type": "Seq Scan", "Parent Relationship": "Outer", "Relation Name": "nation", "Alias": "n2", "Startup Cost": 0.0, "Total Cost": 1.25, "Plan Rows": 25, "Plan Width": 30, "Actual Startup Time": 0.015, "Actual Total Time": 0.021, "Actual Rows": 25, "Actual Loops": 1}]}]}]}]}, "Triggers": [], "Planner Runtime": 3, "Total Runtime": 7086.399, "Unique SQL Id": 3681808042}}, "(1, 101)": {"explain_plan": {"Plan": {"Node Type": "Sort", "Startup Cost": 526963.15, "Total Cost": 526963.18, "Plan Rows": 10, "Plan Width": 50, "Sort Key": ["(date_part('year'::text, orders.o_orderdate))"], "Plans": [{"Node Type": "Aggregate", "Strategy": "Hashed", "Parent Relationship": "Outer", "Startup Cost": 526962.83, "Total Cost": 526962.98, "Plan Rows": 10, "Plan Width": 50, "Group By Key": ["date_part('year'::text, orders.o_orderdate)"], "Plans": [{"Node Type": "Hash Join", "Parent Relationship": "Outer", "Join Type": "Inner", "Startup Cost": 6618.28, "Total Cost": 526843.01, "Plan Rows": 5991, "Plan Width": 50, "Inner Unique": true, "Hash Cond": "(supplier.s_nationkey = n2.n_nationkey)", "Plans": [{"Node Type": "Hash Join", "Parent Relationship": "Outer", "Join Type": "Inner", "Startup Cost": 6605.34, "Total Cost": 526732.72, "Plan Rows": 5991, "Plan Width": 28, "Inner Unique": false, "Hash Cond": "(customer.c_nationkey = n1.n_nationkey)", "Plans": [{"Node Type": "Nested Loop", "Parent Relationship": "Outer", "Join Type": "Inner", "Startup Cost": 6584.54, "Total Cost": 526572.45, "Plan Rows": 29954, "Plan Width": 32, "Inner Unique": true, "Plans": [{"Node Type": "Hash Join", "Parent Relationship": "Outer", "Join Type": "Inner", "Startup Cost": 6584.54, "Total Cost": 510320.57, "Plan Rows": 51198, "Plan Width": 36, "Inner Unique": true, "Hash Cond": "(lineitem.l_suppkey = supplier.s_suppkey)", "Plans": [{"Node Type": "Nested Loop", "Parent Relationship": "Outer", "Join Type": "Inner", "Startup Cost": 0.0, "Total Cost": 503356.69, "Plan Rows": 86479, "Plan Width": 40, "Inner Unique": true, "Plans": [{"Node Type": "Nested Loop", "Parent Relationship": "Outer", "Join Type": "Inner", "Startup Cost": 0.0, "Total Cost": 480423.82, "Plan Rows": 74637, "Plan Width": 32, "Inner Unique": false, "Plans": [{"Node Type": "Index Scan", "Parent Relationship": "Outer", "Scan Direction": "Forward", "Index Name": "part_kpey", "Relation Name": "part", "Alias": "part", "Startup Cost": 0.0, "Total Cost": 105803.25, "Plan Rows": 13538, "Plan Width": 8, "Filter": "((p_type)::text = 'SMALL PLATED COPPER'::text)"}, {"Node Type": "Index Scan", "Parent Relationship": "Inner", "Scan Direction": "Forward", "Index Name": "idx_lineitem_part_supp", "Relation Name": "lineitem", "Alias": "lineitem", "Startup Cost": 0.0, "Total Cost": 27.61, "Plan Rows": 6, "Plan Width": 40, "Index Cond": "(l_partkey = part.p_partkey)"}]}, {"Node Type": "Index Scan", "Parent Relationship": "Inner", "Scan Direction": "Forward", "Index Name": "orders_pkey", "Relation Name": "orders", "Alias": "orders", "Startup Cost": 0.0, "Total Cost": 0.3, "Plan Rows": 1, "Plan Width": 24, "Index Cond": "(o_orderkey = lineitem.l_orderkey)", "Filter": "((o_orderdate >= '1995-01-01 00:00:00'::timestamp(0) without time zone) AND (o_orderdate <= '1996-12-31 00:00:00'::timestamp(0) without time zone))"}]}, {"Node Type": "Hash", "Parent Relationship": "Inner", "Startup Cost": 5334.54, "Total Cost": 5334.54, "Plan Rows": 100000, "Plan Width": 12, "Plans": [{"Node Type": "Index Scan", "Parent Relationship": "Outer", "Scan Direction": "Forward", "Index Name": "supplier_pkey", "Relation Name": "supplier", "Alias": "supplier", "Startup Cost": 0.0, "Total Cost": 5334.54, "Plan Rows": 100000, "Plan Width": 12}]}]}, {"Node Type": "Index Scan", "Parent Relationship": "Inner", "Scan Direction": "Forward", "Index Name": "customer_pkey", "Relation Name": "customer", "Alias": "customer", "Startup Cost": 0.0, "Total Cost": 0.31, "Plan Rows": 1, "Plan Width": 12, "Index Cond": "(c_custkey = orders.o_custkey)"}]}, {"Node Type": "Hash", "Parent Relationship": "Inner", "Startup Cost": 20.74, "Total Cost": 20.74, "Plan Rows": 5, "Plan Width": 4, "Plans": [{"Node Type": "Nested Loop", "Parent Relationship": "Outer", "Join Type": "Inner", "Startup Cost": 0.0, "Total Cost": 20.74, "Plan Rows": 5, "Plan Width": 4, "Inner Unique": false, "Plans": [{"Node Type": "Index Scan", "Parent Relationship": "Outer", "Scan Direction": "Forward", "Index Name": "region_pkey", "Relation Name": "region", "Alias": "region", "Startup Cost": 0.0, "Total Cost": 12.34, "Plan Rows": 1, "Plan Width": 4, "Filter": "(r_name = 'ASIA'::bpchar)"}, {"Node Type": "Index Scan", "Parent Relationship": "Inner", "Scan Direction": "Forward", "Index Name": "idx_nation_regionkey", "Relation Name": "nation", "Alias": "n1", "Startup Cost": 0.0, "Total Cost": 8.35, "Plan Rows": 5, "Plan Width": 8, "Index Cond": "(n_regionkey = region.r_regionkey)"}]}]}]}, {"Node Type": "Hash", "Parent Relationship": "Inner", "Startup Cost": 12.62, "Total Cost": 12.62, "Plan Rows": 25, "Plan Width": 30, "Plans": [{"Node Type": "Index Scan", "Parent Relationship": "Outer", "Scan Direction": "Forward", "Index Name": "nation_pkey", "Relation Name": "nation", "Alias": "n2", "Startup Cost": 0.0, "Total Cost": 12.62, "Plan Rows": 25, "Plan Width": 30}]}]}]}]}, "Unique SQL Id": 3681808042, "Planner Runtime": 3}, "explain_analyze_plan": {"Plan": {"Node Type": "Sort", "Startup Cost": 526963.15, "Total Cost": 526963.18, "Plan Rows": 10, "Plan Width": 50, "Actual Startup Time": 7593.695, "Actual Total Time": 7593.695, "Actual Rows": 2, "Actual Loops": 1, "Sort Key": ["(date_part('year'::text, orders.o_orderdate))"], "Sort Method": "quicksort", "Sort Space Used": 25, "Sort Space Type": "Memory", "Plans": [{"Node Type": "Aggregate", "Strategy": "Hashed", "Parent Relationship": "Outer", "Startup Cost": 526962.83, "Total Cost": 526962.98, "Plan Rows": 10, "Plan Width": 50, "Actual Startup Time": 7593.678, "Actual Total Time": 7593.679, "Actual Rows": 2, "Actual Loops": 1, "Group By Key": ["date_part('year'::text, orders.o_orderdate)"], "Plans": [{"Node Type": "Hash Join", "Parent Relationship": "Outer", "Join Type": "Inner", "Startup Cost": 6618.28, "Total Cost": 526843.01, "Plan Rows": 5991, "Plan Width": 50, "Actual Startup Time": 108.834, "Actual Total Time": 7556.085, "Actual Rows": 23929, "Actual Loops": 1, "Inner Unique": true, "Hash Cond": "(supplier.s_nationkey = n2.n_nationkey)", "Plans": [{"Node Type": "Hash Join", "Parent Relationship": "Outer", "Join Type": "Inner", "Startup Cost": 6605.34, "Total Cost": 526732.72, "Plan Rows": 5991, "Plan Width": 28, "Actual Startup Time": 108.741, "Actual Total Time": 7523.733, "Actual Rows": 23929, "Actual Loops": 1, "Inner Unique": false, "Hash Cond": "(customer.c_nationkey = n1.n_nationkey)", "Plans": [{"Node Type": "Nested Loop", "Parent Relationship": "Outer", "Join Type": "Inner", "Startup Cost": 6584.54, "Total Cost": 526572.45, "Plan Rows": 29954, "Plan Width": 32, "Actual Startup Time": 108.431, "Actual Total Time": 7485.765, "Actual Rows": 119765, "Actual Loops": 1, "Inner Unique": true, "Plans": [{"Node Type": "Hash Join", "Parent Relationship": "Outer", "Join Type": "Inner", "Startup Cost": 6584.54, "Total Cost": 510320.57, "Plan Rows": 51198, "Plan Width": 36, "Actual Startup Time": 108.394, "Actual Total Time": 6490.682, "Actual Rows": 119765, "Actual Loops": 1, "Inner Unique": true, "Hash Cond": "(lineitem.l_suppkey = supplier.s_suppkey)", "Plans": [{"Node Type": "Nested Loop", "Parent Relationship": "Outer", "Join Type": "Inner", "Startup Cost": 0.0, "Total Cost": 503356.69, "Plan Rows": 86479, "Plan Width": 40, "Actual Startup Time": 0.182, "Actual Total Time": 6301.075, "Actual Rows": 119765, "Actual Loops": 1, "Inner Unique": true, "Plans": [{"Node Type": "Nested Loop", "Parent Relationship": "Outer", "Join Type": "Inner", "Startup Cost": 0.0, "Total Cost": 480423.82, "Plan Rows": 74637, "Plan Width": 32, "Actual Startup Time": 0.043, "Actual Total Time": 2753.622, "Actual Rows": 395341, "Actual Loops": 1, "Inner Unique": false, "Plans": [{"Node Type": "Index Scan", "Parent Relationship": "Outer", "Scan Direction": "Forward", "Index Name": "part_kpey", "Relation Name": "part", "Alias": "part", "Startup Cost": 0.0, "Total Cost": 105803.25, "Plan Rows": 13538, "Plan Width": 8, "Actual Startup Time": 0.028, "Actual Total Time": 1463.221, "Actual Rows": 13163, "Actual Loops": 1, "Filter": "((p_type)::text = 'SMALL PLATED COPPER'::text)", "Rows Removed by Filter": 1986837}, {"Node Type": "Index Scan", "Parent Relationship": "Inner", "Scan Direction": "Forward", "Index Name": "idx_lineitem_part_supp", "Relation Name": "lineitem", "Alias": "lineitem", "Startup Cost": 0.0, "Total Cost": 27.61, "Plan Rows": 6, "Plan Width": 40, "Actual Startup Time": 154.362, "Actual Total Time": 1188.764, "Actual Rows": 395341, "Actual Loops": 13163, "Index Cond": "(l_partkey = part.p_partkey)", "Rows Removed by Index Recheck": 0}]}, {"Node Type": "Index Scan", "Parent Relationship": "Inner", "Scan Direction": "Forward", "Index Name": "orders_pkey", "Relation Name": "orders", "Alias": "orders", "Startup Cost": 0.0, "Total Cost": 0.3, "Plan Rows": 1, "Plan Width": 24, "Actual Startup Time": 3309.298, "Actual Total Time": 3309.298, "Actual Rows": 119765, "Actual Loops": 395341, "Index Cond": "(o_orderkey = lineitem.l_orderkey)", "Rows Removed by Index Recheck": 0, "Filter": "((o_orderdate >= '1995-01-01 00:00:00'::timestamp(0) without time zone) AND (o_orderdate <= '1996-12-31 00:00:00'::timestamp(0) without time zone))", "Rows Removed by Filter": 275576}]}, {"Node Type": "Hash", "Parent Relationship": "Inner", "Startup Cost": 5334.54, "Total Cost": 5334.54, "Plan Rows": 100000, "Plan Width": 12, "Actual Startup Time": 108.093, "Actual Total Time": 108.093, "Actual Rows": 100000, "Actual Loops": 1, "Hash Buckets": 131072, "Hash Batches": 1, "Original Hash Batches": 1, "Peak Memory Usage": 4297, "Plans": [{"Node Type": "Index Scan", "Parent Relationship": "Outer", "Scan Direction": "Forward", "Index Name": "supplier_pkey", "Relation Name": "supplier", "Alias": "supplier", "Startup Cost": 0.0, "Total Cost": 5334.54, "Plan Rows": 100000, "Plan Width": 12, "Actual Startup Time": 0.021, "Actual Total Time": 80.1, "Actual Rows": 100000, "Actual Loops": 1}]}]}, {"Node Type": "Index Scan", "Parent Relationship": "Inner", "Scan Direction": "Forward", "Index Name": "customer_pkey", "Relation Name": "customer", "Alias": "customer", "Startup Cost": 0.0, "Total Cost": 0.31, "Plan Rows": 1, "Plan Width": 12, "Actual Startup Time": 884.223, "Actual Total Time": 884.223, "Actual Rows": 119765, "Actual Loops": 119765, "Index Cond": "(c_custkey = orders.o_custkey)", "Rows Removed by Index Recheck": 0}]}, {"Node Type": "Hash", "Parent Relationship": "Inner", "Startup Cost": 20.74, "Total Cost": 20.74, "Plan Rows": 5, "Plan Width": 4, "Actual Startup Time": 0.027, "Actual Total Time": 0.027, "Actual Rows": 5, "Actual Loops": 1, "Hash Buckets": 32768, "Hash Batches": 1, "Original Hash Batches": 1, "Peak Memory Usage": 1, "Plans": [{"Node Type": "Nested Loop", "Parent Relationship": "Outer", "Join Type": "Inner", "Startup Cost": 0.0, "Total Cost": 20.74, "Plan Rows": 5, "Plan Width": 4, "Actual Startup Time": 0.018, "Actual Total Time": 0.024, "Actual Rows": 5, "Actual Loops": 1, "Inner Unique": false, "Plans": [{"Node Type": "Index Scan", "Parent Relationship": "Outer", "Scan Direction": "Forward", "Index Name": "region_pkey", "Relation Name": "region", "Alias": "region", "Startup Cost": 0.0, "Total Cost": 12.34, "Plan Rows": 1, "Plan Width": 4, "Actual Startup Time": 0.009, "Actual Total Time": 0.01, "Actual Rows": 1, "Actual Loops": 1, "Filter": "(r_name = 'ASIA'::bpchar)", "Rows Removed by Filter": 4}, {"Node Type": "Index Scan", "Parent Relationship": "Inner", "Scan Direction": "Forward", "Index Name": "idx_nation_regionkey", "Relation Name": "nation", "Alias": "n1", "Startup Cost": 0.0, "Total Cost": 8.35, "Plan Rows": 5, "Plan Width": 8, "Actual Startup Time": 0.007, "Actual Total Time": 0.009, "Actual Rows": 5, "Actual Loops": 1, "Index Cond": "(n_regionkey = region.r_regionkey)", "Rows Removed by Index Recheck": 0}]}]}]}, {"Node Type": "Hash", "Parent Relationship": "Inner", "Startup Cost": 12.62, "Total Cost": 12.62, "Plan Rows": 25, "Plan Width": 30, "Actual Startup Time": 0.04, "Actual Total Time": 0.04, "Actual Rows": 25, "Actual Loops": 1, "Hash Buckets": 32768, "Hash Batches": 1, "Original Hash Batches": 1, "Peak Memory Usage": 2, "Plans": [{"Node Type": "Index Scan", "Parent Relationship": "Outer", "Scan Direction": "Forward", "Index Name": "nation_pkey", "Relation Name": "nation", "Alias": "n2", "Startup Cost": 0.0, "Total Cost": 12.62, "Plan Rows": 25, "Plan Width": 30, "Actual Startup Time": 0.011, "Actual Total Time": 0.027, "Actual Rows": 25, "Actual Loops": 1}]}]}]}]}, "Triggers": [], "Planner Runtime": 3, "Total Runtime": 7594.11, "Unique SQL Id": 3681808042}}, "(1, 102)": {"explain_plan": {"Plan": {"Node Type": "Sort", "Startup Cost": 816569.87, "Total Cost": 816569.89, "Plan Rows": 10, "Plan Width": 50, "Sort Key": ["(date_part('year'::text, orders.o_orderdate))"], "Plans": [{"Node Type": "Aggregate", "Strategy": "Hashed", "Parent Relationship": "Outer", "Startup Cost": 816569.55, "Total Cost": 816569.7, "Plan Rows": 10, "Plan Width": 50, "Group By Key": ["date_part('year'::text, orders.o_orderdate)"], "Plans": [{"Node Type": "Hash Join", "Parent Relationship": "Outer", "Join Type": "Inner", "Startup Cost": 45453.88, "Total Cost": 816449.73, "Plan Rows": 5991, "Plan Width": 50, "Inner Unique": true, "Hash Cond": "(supplier.s_nationkey = n2.n_nationkey)", "Plans": [{"Node Type": "Hash Join", "Parent Relationship": "Outer", "Join Type": "Inner", "Startup Cost": 45452.32, "Total Cost": 816350.82, "Plan Rows": 5991, "Plan Width": 28, "Inner Unique": false, "Hash Cond": "(orders.o_custkey = customer.c_custkey)", "Plans": [{"Node Type": "Hash Join", "Parent Relationship": "Outer", "Join Type": "Inner", "Startup Cost": 4537.47, "Total Cost": 775184.07, "Plan Rows": 51198, "Plan Width": 36, "Inner Unique": true, "Hash Cond": "(lineitem.l_suppkey = supplier.s_suppkey)", "Plans": [{"Node Type": "Nested Loop", "Parent Relationship": "Outer", "Join Type": "Inner", "Startup Cost": 4.47, "Total Cost": 770271.73, "Plan Rows": 86479, "Plan Width": 40, "Inner Unique": true, "Plans": [{"Node Type": "Nested Loop", "Parent Relationship": "Outer", "Join Type": "Inner", "Startup Cost": 4.21, "Total Cost": 450147.9, "Plan Rows": 74637, "Plan Width": 32, "Inner Unique": false, "Plans": [{"Node Type": "Seq Scan", "Parent Relationship": "Outer", "Relation Name": "part", "Alias": "part", "Startup Cost": 0.0, "Total Cost": 66944.0, "Plan Rows": 13538, "Plan Width": 8, "Filter": "((p_type)::text = 'SMALL PLATED COPPER'::text)"}, {"Node Type": "Bitmap Heap Scan", "Parent Relationship": "Inner", "Relation Name": "lineitem", "Alias": "lineitem", "Startup Cost": 4.21, "Total Cost": 28.25, "Plan Rows": 6, "Plan Width": 40, "Recheck Cond": "(l_partkey = part.p_partkey)", "Plans": [{"Node Type": "Bitmap Index Scan", "Parent Relationship": "Outer", "Index Name": "idx_lineitem_part_supp", "Startup Cost": 0.0, "Total Cost": 4.21, "Plan Rows": 6, "Plan Width": 0, "Index Cond": "(l_partkey = part.p_partkey)"}]}]}, {"Node Type": "Bitmap Heap Scan", "Parent Relationship": "Inner", "Relation Name": "orders", "Alias": "orders", "Startup Cost": 0.26, "Total Cost": 4.28, "Plan Rows": 1, "Plan Width": 24, "Recheck Cond": "(o_orderkey = lineitem.l_orderkey)", "Filter": "((o_orderdate >= '1995-01-01 00:00:00'::timestamp(0) without time zone) AND (o_orderdate <= '1996-12-31 00:00:00'::timestamp(0) without time zone))", "Plans": [{"Node Type": "Bitmap Index Scan", "Parent Relationship": "Outer", "Index Name": "orders_pkey", "Startup Cost": 0.0, "Total Cost": 0.26, "Plan Rows": 1, "Plan Width": 0, "Index Cond": "(o_orderkey = lineitem.l_orderkey)"}]}]}, {"Node Type": "Hash", "Parent Relationship": "Inner", "Startup Cost": 3283.0, "Total Cost": 3283.0, "Plan Rows": 100000, "Plan Width": 12, "Plans": [{"Node Type": "Seq Scan", "Parent Relationship": "Outer", "Relation Name": "supplier", "Alias": "supplier", "Startup Cost": 0.0, "Total Cost": 3283.0, "Plan Rows": 100000, "Plan Width": 12}]}]}, {"Node Type": "Hash", "Parent Relationship": "Inner", "Startup Cost": 37164.85, "Total Cost": 37164.85, "Plan Rows": 300000, "Plan Width": 8, "Plans": [{"Node Type": "Nested Loop", "Parent Relationship": "Outer", "Join Type": "Inner", "Startup Cost": 1031.44, "Total Cost": 37164.85, "Plan Rows": 300000, "Plan Width": 8, "Inner Unique": false, "Plans": [{"Node Type": "Hash Join", "Parent Relationship": "Outer", "Join Type": "Inner", "Startup Cost": 1.07, "Total Cost": 2.44, "Plan Rows": 5, "Plan Width": 4, "Inner Unique": true, "Hash Cond": "(n1.n_regionkey = region.r_regionkey)", "Plans": [{"Node Type": "Seq Scan", "Parent Relationship": "Outer", "Relation Name": "nation", "Alias": "n1", "Startup Cost": 0.0, "Total Cost": 1.25, "Plan Rows": 25, "Plan Width": 8}, {"Node Type": "Hash", "Parent Relationship": "Inner", "Startup Cost": 1.06, "Total Cost": 1.06, "Plan Rows": 1, "Plan Width": 4, "Plans": [{"Node Type": "Seq Scan", "Parent Relationship": "Outer", "Relation Name": "region", "Alias": "region", "Startup Cost": 0.0, "Total Cost": 1.06, "Plan Rows": 1, "Plan Width": 4, "Filter": "(r_name = 'ASIA'::bpchar)"}]}]}, {"Node Type": "Bitmap Heap Scan", "Parent Relationship": "Inner", "Relation Name": "customer", "Alias": "customer", "Startup Cost": 1030.37, "Total Cost": 6832.48, "Plan Rows": 60000, "Plan Width": 12, "Recheck Cond": "(c_nationkey = n1.n_nationkey)", "Plans": [{"Node Type": "Bitmap Index Scan", "Parent Relationship": "Outer", "Index Name": "idx_customer_nationkey", "Startup Cost": 0.0, "Total Cost": 1015.37, "Plan Rows": 60000, "Plan Width": 0, "Index Cond": "(c_nationkey = n1.n_nationkey)"}]}]}]}]}, {"Node Type": "Hash", "Parent Relationship": "Inner", "Startup Cost": 1.25, "Total Cost": 1.25, "Plan Rows": 25, "Plan Width": 30, "Plans": [{"Node Type": "Seq Scan", "Parent Relationship": "Outer", "Relation Name": "nation", "Alias": "n2", "Startup Cost": 0.0, "Total Cost": 1.25, "Plan Rows": 25, "Plan Width": 30}]}]}]}]}, "Unique SQL Id": 3681808042, "Planner Runtime": 3}, "explain_analyze_plan": {"Plan": {"Node Type": "Sort", "Startup Cost": 816569.87, "Total Cost": 816569.89, "Plan Rows": 10, "Plan Width": 50, "Actual Startup Time": 7685.068, "Actual Total Time": 7685.068, "Actual Rows": 2, "Actual Loops": 1, "Sort Key": ["(date_part('year'::text, orders.o_orderdate))"], "Sort Method": "quicksort", "Sort Space Used": 25, "Sort Space Type": "Memory", "Plans": [{"Node Type": "Aggregate", "Strategy": "Hashed", "Parent Relationship": "Outer", "Startup Cost": 816569.55, "Total Cost": 816569.7, "Plan Rows": 10, "Plan Width": 50, "Actual Startup Time": 7685.049, "Actual Total Time": 7685.05, "Actual Rows": 2, "Actual Loops": 1, "Group By Key": ["date_part('year'::text, orders.o_orderdate)"], "Plans": [{"Node Type": "Hash Join", "Parent Relationship": "Outer", "Join Type": "Inner", "Startup Cost": 45453.88, "Total Cost": 816449.73, "Plan Rows": 5991, "Plan Width": 50, "Actual Startup Time": 829.652, "Actual Total Time": 7644.832, "Actual Rows": 23929, "Actual Loops": 1, "Inner Unique": true, "Hash Cond": "(supplier.s_nationkey = n2.n_nationkey)", "Plans": [{"Node Type": "Hash Join", "Parent Relationship": "Outer", "Join Type": "Inner", "Startup Cost": 45452.32, "Total Cost": 816350.82, "Plan Rows": 5991, "Plan Width": 28, "Actual Startup Time": 829.553, "Actual Total Time": 7610.529, "Actual Rows": 23929, "Actual Loops": 1, "Inner Unique": false, "Hash Cond": "(orders.o_custkey = customer.c_custkey)", "Plans": [{"Node Type": "Hash Join", "Parent Relationship": "Outer", "Join Type": "Inner", "Startup Cost": 4537.47, "Total Cost": 775184.07, "Plan Rows": 51198, "Plan Width": 36, "Actual Startup Time": 66.093, "Actual Total Time": 6779.759, "Actual Rows": 119765, "Actual Loops": 1, "Inner Unique": true, "Hash Cond": "(lineitem.l_suppkey = supplier.s_suppkey)", "Plans": [{"Node Type": "Nested Loop", "Parent Relationship": "Outer", "Join Type": "Inner", "Startup Cost": 4.47, "Total Cost": 770271.73, "Plan Rows": 86479, "Plan Width": 40, "Actual Startup Time": 0.151, "Actual Total Time": 6630.0, "Actual Rows": 119765, "Actual Loops": 1, "Inner Unique": true, "Plans": [{"Node Type": "Nested Loop", "Parent Relationship": "Outer", "Join Type": "Inner", "Startup Cost": 4.21, "Total Cost": 450147.9, "Plan Rows": 74637, "Plan Width": 32, "Actual Startup Time": 0.092, "Actual Total Time": 2343.852, "Actual Rows": 395341, "Actual Loops": 1, "Inner Unique": false, "Plans": [{"Node Type": "Seq Scan", "Parent Relationship": "Outer", "Relation Name": "part", "Alias": "part", "Startup Cost": 0.0, "Total Cost": 66944.0, "Plan Rows": 13538, "Plan Width": 8, "Actual Startup Time": 0.017, "Actual Total Time": 777.26, "Actual Rows": 13163, "Actual Loops": 1, "Filter": "((p_type)::text = 'SMALL PLATED COPPER'::text)", "Rows Removed by Filter": 1986837}, {"Node Type": "Bitmap Heap Scan", "Parent Relationship": "Inner", "Relation Name": "lineitem", "Alias": "lineitem", "Startup Cost": 4.21, "Total Cost": 28.25, "Plan Rows": 6, "Plan Width": 40, "Actual Startup Time": 263.201, "Actual Total Time": 1448.135, "Actual Rows": 395341, "Actual Loops": 13163, "Recheck Cond": "(l_partkey = part.p_partkey)", "Rows Removed by Index Recheck": 0, "Exact Heap Blocks": 395337, "Lossy Heap Blocks": 395337, "Plans": [{"Node Type": "Bitmap Index Scan", "Parent Relationship": "Outer", "Index Name": "idx_lineitem_part_supp", "Startup Cost": 0.0, "Total Cost": 4.21, "Plan Rows": 6, "Plan Width": 0, "Actual Startup Time": 166.06, "Actual Total Time": 166.06, "Actual Rows": 395341, "Actual Loops": 13163, "Index Cond": "(l_partkey = part.p_partkey)"}]}]}, {"Node Type": "Bitmap Heap Scan", "Parent Relationship": "Inner", "Relation Name": "orders", "Alias": "orders", "Startup Cost": 0.26, "Total Cost": 4.28, "Plan Rows": 1, "Plan Width": 24, "Actual Startup Time": 3806.361, "Actual Total Time": 3806.361, "Actual Rows": 119765, "Actual Loops": 395341, "Recheck Cond": "(o_orderkey = lineitem.l_orderkey)", "Rows Removed by Index Recheck": 0, "Filter": "((o_orderdate >= '1995-01-01 00:00:00'::timestamp(0) without time zone) AND (o_orderdate <= '1996-12-31 00:00:00'::timestamp(0) without time zone))", "Rows Removed by Filter": 275576, "Exact Heap Blocks": 395341, "Lossy Heap Blocks": 395341, "Plans": [{"Node Type": "Bitmap Index Scan", "Parent Relationship": "Outer", "Index Name": "orders_pkey", "Startup Cost": 0.0, "Total Cost": 0.26, "Plan Rows": 1, "Plan Width": 0, "Actual Startup Time": 2356.074, "Actual Total Time": 2356.074, "Actual Rows": 395341, "Actual Loops": 395341, "Index Cond": "(o_orderkey = lineitem.l_orderkey)"}]}]}, {"Node Type": "Hash", "Parent Relationship": "Inner", "Startup Cost": 3283.0, "Total Cost": 3283.0, "Plan Rows": 100000, "Plan Width": 12, "Actual Startup Time": 65.833, "Actual Total Time": 65.833, "Actual Rows": 100000, "Actual Loops": 1, "Hash Buckets": 131072, "Hash Batches": 1, "Original Hash Batches": 1, "Peak Memory Usage": 4297, "Plans": [{"Node Type": "Seq Scan", "Parent Relationship": "Outer", "Relation Name": "supplier", "Alias": "supplier", "Startup Cost": 0.0, "Total Cost": 3283.0, "Plan Rows": 100000, "Plan Width": 12, "Actual Startup Time": 0.019, "Actual Total Time": 39.38, "Actual Rows": 100000, "Actual Loops": 1}]}]}, {"Node Type": "Hash", "Parent Relationship": "Inner", "Startup Cost": 37164.85, "Total Cost": 37164.85, "Plan Rows": 300000, "Plan Width": 8, "Actual Startup Time": 763.021, "Actual Total Time": 763.021, "Actual Rows": 300270, "Actual Loops": 1, "Hash Buckets": 524288, "Hash Batches": 1, "Original Hash Batches": 1, "Peak Memory Usage": 11730, "Plans": [{"Node Type": "Nested Loop", "Parent Relationship": "Outer", "Join Type": "Inner", "Startup Cost": 1031.44, "Total Cost": 37164.85, "Plan Rows": 300000, "Plan Width": 8, "Actual Startup Time": 19.426, "Actual Total Time": 670.53, "Actual Rows": 300270, "Actual Loops": 1, "Inner Unique": false, "Plans": [{"Node Type": "Hash Join", "Parent Relationship": "Outer", "Join Type": "Inner", "Startup Cost": 1.07, "Total Cost": 2.44, "Plan Rows": 5, "Plan Width": 4, "Actual Startup Time": 0.077, "Actual Total Time": 0.142, "Actual Rows": 5, "Actual Loops": 1, "Inner Unique": true, "Hash Cond": "(n1.n_regionkey = region.r_regionkey)", "Plans": [{"Node Type": "Seq Scan", "Parent Relationship": "Outer", "Relation Name": "nation", "Alias": "n1", "Startup Cost": 0.0, "Total Cost": 1.25, "Plan Rows": 25, "Plan Width": 8, "Actual Startup Time": 0.015, "Actual Total Time": 0.036, "Actual Rows": 25, "Actual Loops": 1}, {"Node Type": "Hash", "Parent Relationship": "Inner", "Startup Cost": 1.06, "Total Cost": 1.06, "Plan Rows": 1, "Plan Width": 4, "Actual Startup Time": 0.021, "Actual Total Time": 0.021, "Actual Rows": 1, "Actual Loops": 1, "Hash Buckets": 32768, "Hash Batches": 1, "Original Hash Batches": 1, "Peak Memory Usage": 1, "Plans": [{"Node Type": "Seq Scan", "Parent Relationship": "Outer", "Relation Name": "region", "Alias": "region", "Startup Cost": 0.0, "Total Cost": 1.06, "Plan Rows": 1, "Plan Width": 4, "Actual Startup Time": 0.015, "Actual Total Time": 0.016, "Actual Rows": 1, "Actual Loops": 1, "Filter": "(r_name = 'ASIA'::bpchar)", "Rows Removed by Filter": 4}]}]}, {"Node Type": "Bitmap Heap Scan", "Parent Relationship": "Inner", "Relation Name": "customer", "Alias": "customer", "Startup Cost": 1030.37, "Total Cost": 6832.48, "Plan Rows": 60000, "Plan Width": 12, "Actual Startup Time": 91.328, "Actual Total Time": 611.675, "Actual Rows": 300270, "Actual Loops": 5, "Recheck Cond": "(c_nationkey = n1.n_nationkey)", "Rows Removed by Index Recheck": 0, "Exact Heap Blocks": 150032, "Lossy Heap Blocks": 150032, "Plans": [{"Node Type": "Bitmap Index Scan", "Parent Relationship": "Outer", "Index Name": "idx_customer_nationkey", "Startup Cost": 0.0, "Total Cost": 1015.37, "Plan Rows": 60000, "Plan Width": 0, "Actual Startup Time": 58.447, "Actual Total Time": 58.447, "Actual Rows": 300270, "Actual Loops": 5, "Index Cond": "(c_nationkey = n1.n_nationkey)"}]}]}]}]}, {"Node Type": "Hash", "Parent Relationship": "Inner", "Startup Cost": 1.25, "Total Cost": 1.25, "Plan Rows": 25, "Plan Width": 30, "Actual Startup Time": 0.036, "Actual Total Time": 0.036, "Actual Rows": 25, "Actual Loops": 1, "Hash Buckets": 32768, "Hash Batches": 1, "Original Hash Batches": 1, "Peak Memory Usage": 2, "Plans": [{"Node Type": "Seq Scan", "Parent Relationship": "Outer", "Relation Name": "nation", "Alias": "n2", "Startup Cost": 0.0, "Total Cost": 1.25, "Plan Rows": 25, "Plan Width": 30, "Actual Startup Time": 0.017, "Actual Total Time": 0.025, "Actual Rows": 25, "Actual Loops": 1}]}]}]}]}, "Triggers": [], "Planner Runtime": 3, "Total Runtime": 7685.556, "Unique SQL Id": 3681808042}}, "(1, 103)": {"explain_plan": {"Plan": {"Node Type": "Sort", "Startup Cost": 66661878.45, "Total Cost": 66661878.48, "Plan Rows": 10, "Plan Width": 50, "Sort Key": ["(date_part('year'::text, orders.o_orderdate))"], "Plans": [{"Node Type": "Aggregate", "Strategy": "Hashed", "Parent Relationship": "Outer", "Startup Cost": 66661878.14, "Total Cost": 66661878.29, "Plan Rows": 10, "Plan Width": 50, "Group By Key": ["date_part('year'::text, orders.o_orderdate)"], "Plans": [{"Node Type": "Nested Loop", "Parent Relationship": "Outer", "Join Type": "Inner", "Startup Cost": 115915.31, "Total Cost": 66661758.32, "Plan Rows": 5991, "Plan Width": 50, "Inner Unique": true, "Plans": [{"Node Type": "Nested Loop", "Parent Relationship": "Outer", "Join Type": "Inner", "Startup Cost": 115915.05, "Total Cost": 66636099.88, "Plan Rows": 5991, "Plan Width": 28, "Inner Unique": true, "Plans": [{"Node Type": "Nested Loop", "Parent Relationship": "Outer", "Join Type": "Inner", "Startup Cost": 115914.79, "Total Cost": 66562068.23, "Plan Rows": 17296, "Plan Width": 32, "Inner Unique": true, "Plans": [{"Node Type": "Nested Loop", "Parent Relationship": "Outer", "Join Type": "Inner", "Startup Cost": 115914.53, "Total Cost": 45938880.46, "Plan Rows": 4814867, "Plan Width": 40, "Inner Unique": false, "Plans": [{"Node Type": "Nested Loop", "Parent Relationship": "Outer", "Join Type": "Inner", "Startup Cost": 115914.01, "Total Cost": 43432501.27, "Plan Rows": 530296, "Plan Width": 16, "Inner Unique": true, "Plans": [{"Node Type": "Nested Loop", "Parent Relationship": "Outer", "Join Type": "Inner", "Startup Cost": 115913.43, "Total Cost": 31228406.3, "Plan Rows": 2651479, "Plan Width": 20, "Inner Unique": true, "Plans": [{"Node Type": "Nested Loop", "Parent Relationship": "Outer", "Join Type": "Inner", "Startup Cost": 115913.17, "Total Cost": 19879399.17, "Plan Rows": 2651479, "Plan Width": 20, "Inner Unique": true, "Plans": [{"Node Type": "Bitmap Heap Scan", "Parent Relationship": "Outer", "Relation Name": "orders", "Alias": "orders", "Startup Cost": 115912.91, "Total Cost": 460311.42, "Plan Rows": 4531967, "Plan Width": 24, "Recheck Cond": "((o_orderdate >= '1995-01-01 00:00:00'::timestamp(0) without time zone) AND (o_orderdate <= '1996-12-31 00:00:00'::timestamp(0) without time zone)), (LLVM Optimized)", "Plans": [{"Node Type": "Bitmap Index Scan", "Parent Relationship": "Outer", "Index Name": "idx_orders_orderdate", "Startup Cost": 0.0, "Total Cost": 114779.92, "Plan Rows": 4531967, "Plan Width": 0, "Index Cond": "((o_orderdate >= '1995-01-01 00:00:00'::timestamp(0) without time zone) AND (o_orderdate <= '1996-12-31 00:00:00'::timestamp(0) without time zone))"}]}, {"Node Type": "Bitmap Heap Scan", "Parent Relationship": "Inner", "Relation Name": "customer", "Alias": "customer", "Startup Cost": 0.26, "Total Cost": 4.27, "Plan Rows": 1, "Plan Width": 12, "Recheck Cond": "(c_custkey = orders.o_custkey)", "Plans": [{"Node Type": "Bitmap Index Scan", "Parent Relationship": "Outer", "Index Name": "customer_pkey", "Startup Cost": 0.0, "Total Cost": 0.26, "Plan Rows": 1, "Plan Width": 0, "Index Cond": "(c_custkey = orders.o_custkey)"}]}]}, {"Node Type": "Bitmap Heap Scan", "Parent Relationship": "Inner", "Relation Name": "nation", "Alias": "n1", "Startup Cost": 0.26, "Total Cost": 4.27, "Plan Rows": 1, "Plan Width": 8, "Recheck Cond": "(n_nationkey = customer.c_nationkey)", "Plans": [{"Node Type": "Bitmap Index Scan", "Parent Relationship": "Outer", "Index Name": "nation_pkey", "Startup Cost": 0.0, "Total Cost": 0.26, "Plan Rows": 1, "Plan Width": 0, "Index Cond": "(n_nationkey = customer.c_nationkey)"}]}]}, {"Node Type": "Bitmap Heap Scan", "Parent Relationship": "Inner", "Relation Name": "region", "Alias": "region", "Startup Cost": 0.58, "Total Cost": 4.59, "Plan Rows": 1, "Plan Width": 4, "Recheck Cond": "(r_regionkey = n1.n_regionkey)", "Filter": "(r_name = 'ASIA'::bpchar)", "Plans": [{"Node Type": "Bitmap Index Scan", "Parent Relationship": "Outer", "Index Name": "region_pkey", "Startup Cost": 0.0, "Total Cost": 0.58, "Plan Rows": 1, "Plan Width": 0, "Index Cond": "(r_regionkey = n1.n_regionkey)"}]}]}, {"Node Type": "Bitmap Heap Scan", "Parent Relationship": "Inner", "Relation Name": "lineitem", "Alias": "lineitem", "Startup Cost": 0.52, "Total Cost": 4.64, "Plan Rows": 9, "Plan Width": 40, "Recheck Cond": "(l_orderkey = orders.o_orderkey)", "Plans": [{"Node Type": "Bitmap Index Scan", "Parent Relationship": "Outer", "Index Name": "idx_lineitem_orderkey", "Startup Cost": 0.0, "Total Cost": 0.52, "Plan Rows": 9, "Plan Width": 0, "Index Cond": "(l_orderkey = orders.o_orderkey)"}]}]}, {"Node Type": "Bitmap Heap Scan", "Parent Relationship": "Inner", "Relation Name": "part", "Alias": "part", "Startup Cost": 0.26, "Total Cost": 4.27, "Plan Rows": 1, "Plan Width": 8, "Recheck Cond": "(p_partkey = lineitem.l_partkey)", "Filter": "((p_type)::text = 'SMALL PLATED COPPER'::text)", "Plans": [{"Node Type": "Bitmap Index Scan", "Parent Relationship": "Outer", "Index Name": "part_kpey", "Startup Cost": 0.0, "Total Cost": 0.26, "Plan Rows": 1, "Plan Width": 0, "Index Cond": "(p_partkey = lineitem.l_partkey)"}]}]}, {"Node Type": "Bitmap Heap Scan", "Parent Relationship": "Inner", "Relation Name": "supplier", "Alias": "supplier", "Startup Cost": 0.26, "Total Cost": 4.27, "Plan Rows": 1, "Plan Width": 12, "Recheck Cond": "(s_suppkey = lineitem.l_suppkey)", "Plans": [{"Node Type": "Bitmap Index Scan", "Parent Relationship": "Outer", "Index Name": "supplier_pkey", "Startup Cost": 0.0, "Total Cost": 0.26, "Plan Rows": 1, "Plan Width": 0, "Index Cond": "(s_suppkey = lineitem.l_suppkey)"}]}]}, {"Node Type": "Bitmap Heap Scan", "Parent Relationship": "Inner", "Relation Name": "nation", "Alias": "n2", "Startup Cost": 0.26, "Total Cost": 4.27, "Plan Rows": 1, "Plan Width": 30, "Recheck Cond": "(n_nationkey = supplier.s_nationkey)", "Plans": [{"Node Type": "Bitmap Index Scan", "Parent Relationship": "Outer", "Index Name": "nation_pkey", "Startup Cost": 0.0, "Total Cost": 0.26, "Plan Rows": 1, "Plan Width": 0, "Index Cond": "(n_nationkey = supplier.s_nationkey)"}]}]}]}]}, "Unique SQL Id": 3681808042, "Planner Runtime": 2}, "explain_analyze_plan": null}, "(1, 104)": {"explain_plan": {"Plan": {"Node Type": "Sort", "Startup Cost": 486022.68, "Total Cost": 486022.71, "Plan Rows": 10, "Plan Width": 50, "Sort Key": ["(date_part('year'::text, orders.o_orderdate))"], "Plans": [{"Node Type": "Aggregate", "Strategy": "Hashed", "Parent Relationship": "Outer", "Startup Cost": 486022.37, "Total Cost": 486022.52, "Plan Rows": 10, "Plan Width": 50, "Group By Key": ["date_part('year'::text, orders.o_orderdate)"], "Plans": [{"Node Type": "Hash Join", "Parent Relationship": "Outer", "Join Type": "Inner", "Startup Cost": 4537.06, "Total Cost": 485902.55, "Plan Rows": 5991, "Plan Width": 50, "Inner Unique": true, "Hash Cond": "(supplier.s_nationkey = n2.n_nationkey)", "Plans": [{"Node Type": "Hash Join", "Parent Relationship": "Outer", "Join Type": "Inner", "Startup Cost": 4535.5, "Total Cost": 485803.63, "Plan Rows": 5991, "Plan Width": 28, "Inner Unique": false, "Hash Cond": "(customer.c_nationkey = n1.n_nationkey)", "Plans": [{"Node Type": "Nested Loop", "Parent Relationship": "Outer", "Join Type": "Inner", "Startup Cost": 4533.0, "Total Cost": 485661.65, "Plan Rows": 29954, "Plan Width": 32, "Inner Unique": true, "Plans": [{"Node Type": "Hash Join", "Parent Relationship": "Outer", "Join Type": "Inner", "Startup Cost": 4533.0, "Total Cost": 469409.78, "Plan Rows": 51198, "Plan Width": 36, "Inner Unique": true, "Hash Cond": "(lineitem.l_suppkey = supplier.s_suppkey)", "Plans": [{"Node Type": "Nested Loop", "Parent Relationship": "Outer", "Join Type": "Inner", "Startup Cost": 0.0, "Total Cost": 464497.44, "Plan Rows": 86479, "Plan Width": 40, "Inner Unique": true, "Plans": [{"Node Type": "Nested Loop", "Parent Relationship": "Outer", "Join Type": "Inner", "Startup Cost": 0.0, "Total Cost": 441564.57, "Plan Rows": 74637, "Plan Width": 32, "Inner Unique": false, "Plans": [{"Node Type": "Seq Scan", "Parent Relationship": "Outer", "Relation Name": "part", "Alias": "part", "Startup Cost": 0.0, "Total Cost": 66944.0, "Plan Rows": 13538, "Plan Width": 8, "Filter": "((p_type)::text = 'SMALL PLATED COPPER'::text)"}, {"Node Type": "Index Scan", "Parent Relationship": "Inner", "Scan Direction": "Forward", "Index Name": "idx_lineitem_part_supp", "Relation Name": "lineitem", "Alias": "lineitem", "Startup Cost": 0.0, "Total Cost": 27.61, "Plan Rows": 6, "Plan Width": 40, "Index Cond": "(l_partkey = part.p_partkey)"}]}, {"Node Type": "Index Scan", "Parent Relationship": "Inner", "Scan Direction": "Forward", "Index Name": "orders_pkey", "Relation Name": "orders", "Alias": "orders", "Startup Cost": 0.0, "Total Cost": 0.3, "Plan Rows": 1, "Plan Width": 24, "Index Cond": "(o_orderkey = lineitem.l_orderkey)", "Filter": "((o_orderdate >= '1995-01-01 00:00:00'::timestamp(0) without time zone) AND (o_orderdate <= '1996-12-31 00:00:00'::timestamp(0) without time zone))"}]}, {"Node Type": "Hash", "Parent Relationship": "Inner", "Startup Cost": 3283.0, "Total Cost": 3283.0, "Plan Rows": 100000, "Plan Width": 12, "Plans": [{"Node Type": "Seq Scan", "Parent Relationship": "Outer", "Relation Name": "supplier", "Alias": "supplier", "Startup Cost": 0.0, "Total Cost": 3283.0, "Plan Rows": 100000, "Plan Width": 12}]}]}, {"Node Type": "Index Scan", "Parent Relationship": "Inner", "Scan Direction": "Forward", "Index Name": "customer_pkey", "Relation Name": "customer", "Alias": "customer", "Startup Cost": 0.0, "Total Cost": 0.31, "Plan Rows": 1, "Plan Width": 12, "Index Cond": "(c_custkey = orders.o_custkey)"}]}, {"Node Type": "Hash", "Parent Relationship": "Inner", "Startup Cost": 2.44, "Total Cost": 2.44, "Plan Rows": 5, "Plan Width": 4, "Plans": [{"Node Type": "Hash Join", "Parent Relationship": "Outer", "Join Type": "Inner", "Startup Cost": 1.07, "Total Cost": 2.44, "Plan Rows": 5, "Plan Width": 4, "Inner Unique": true, "Hash Cond": "(n1.n_regionkey = region.r_regionkey)", "Plans": [{"Node Type": "Seq Scan", "Parent Relationship": "Outer", "Relation Name": "nation", "Alias": "n1", "Startup Cost": 0.0, "Total Cost": 1.25, "Plan Rows": 25, "Plan Width": 8}, {"Node Type": "Hash", "Parent Relationship": "Inner", "Startup Cost": 1.06, "Total Cost": 1.06, "Plan Rows": 1, "Plan Width": 4, "Plans": [{"Node Type": "Seq Scan", "Parent Relationship": "Outer", "Relation Name": "region", "Alias": "region", "Startup Cost": 0.0, "Total Cost": 1.06, "Plan Rows": 1, "Plan Width": 4, "Filter": "(r_name = 'ASIA'::bpchar)"}]}]}]}]}, {"Node Type": "Hash", "Parent Relationship": "Inner", "Startup Cost": 1.25, "Total Cost": 1.25, "Plan Rows": 25, "Plan Width": 30, "Plans": [{"Node Type": "Seq Scan", "Parent Relationship": "Outer", "Relation Name": "nation", "Alias": "n2", "Startup Cost": 0.0, "Total Cost": 1.25, "Plan Rows": 25, "Plan Width": 30}]}]}]}]}, "Unique SQL Id": 3681808042, "Planner Runtime": 3}, "explain_analyze_plan": {"Plan": {"Node Type": "Sort", "Startup Cost": 486022.68, "Total Cost": 486022.71, "Plan Rows": 10, "Plan Width": 50, "Actual Startup Time": 7085.978, "Actual Total Time": 7085.978, "Actual Rows": 2, "Actual Loops": 1, "Sort Key": ["(date_part('year'::text, orders.o_orderdate))"], "Sort Method": "quicksort", "Sort Space Used": 25, "Sort Space Type": "Memory", "Plans": [{"Node Type": "Aggregate", "Strategy": "Hashed", "Parent Relationship": "Outer", "Startup Cost": 486022.37, "Total Cost": 486022.52, "Plan Rows": 10, "Plan Width": 50, "Actual Startup Time": 7085.958, "Actual Total Time": 7085.959, "Actual Rows": 2, "Actual Loops": 1, "Group By Key": ["date_part('year'::text, orders.o_orderdate)"], "Plans": [{"Node Type": "Hash Join", "Parent Relationship": "Outer", "Join Type": "Inner", "Startup Cost": 4537.06, "Total Cost": 485902.55, "Plan Rows": 5991, "Plan Width": 50, "Actual Startup Time": 66.946, "Actual Total Time": 7049.829, "Actual Rows": 23929, "Actual Loops": 1, "Inner Unique": true, "Hash Cond": "(supplier.s_nationkey = n2.n_nationkey)", "Plans": [{"Node Type": "Hash Join", "Parent Relationship": "Outer", "Join Type": "Inner", "Startup Cost": 4535.5, "Total Cost": 485803.63, "Plan Rows": 5991, "Plan Width": 28, "Actual Startup Time": 66.804, "Actual Total Time": 7017.431, "Actual Rows": 23929, "Actual Loops": 1, "Inner Unique": false, "Hash Cond": "(customer.c_nationkey = n1.n_nationkey)", "Plans": [{"Node Type": "Nested Loop", "Parent Relationship": "Outer", "Join Type": "Inner", "Startup Cost": 4533.0, "Total Cost": 485661.65, "Plan Rows": 29954, "Plan Width": 32, "Actual Startup Time": 66.457, "Actual Total Time": 6979.652, "Actual Rows": 119765, "Actual Loops": 1, "Inner Unique": true, "Plans": [{"Node Type": "Hash Join", "Parent Relationship": "Outer", "Join Type": "Inner", "Startup Cost": 4533.0, "Total Cost": 469409.78, "Plan Rows": 51198, "Plan Width": 36, "Actual Startup Time": 66.415, "Actual Total Time": 5952.152, "Actual Rows": 119765, "Actual Loops": 1, "Inner Unique": true, "Hash Cond": "(lineitem.l_suppkey = supplier.s_suppkey)", "Plans": [{"Node Type": "Nested Loop", "Parent Relationship": "Outer", "Join Type": "Inner", "Startup Cost": 0.0, "Total Cost": 464497.44, "Plan Rows": 86479, "Plan Width": 40, "Actual Startup Time": 0.201, "Actual Total Time": 5807.717, "Actual Rows": 119765, "Actual Loops": 1, "Inner Unique": true, "Plans": [{"Node Type": "Nested Loop", "Parent Relationship": "Outer", "Join Type": "Inner", "Startup Cost": 0.0, "Total Cost": 441564.57, "Plan Rows": 74637, "Plan Width": 32, "Actual Startup Time": 0.041, "Actual Total Time": 2124.482, "Actual Rows": 395341, "Actual Loops": 1, "Inner Unique": false, "Plans": [{"Node Type": "Seq Scan", "Parent Relationship": "Outer", "Relation Name": "part", "Alias": "part", "Startup Cost": 0.0, "Total Cost": 66944.0, "Plan Rows": 13538, "Plan Width": 8, "Actual Startup Time": 0.019, "Actual Total Time": 779.977, "Actual Rows": 13163, "Actual Loops": 1, "Filter": "((p_type)::text = 'SMALL PLATED COPPER'::text)", "Rows Removed by Filter": 1986837}, {"Node Type": "Index Scan", "Parent Relationship": "Inner", "Scan Direction": "Forward", "Index Name": "idx_lineitem_part_supp", "Relation Name": "lineitem", "Alias": "lineitem", "Startup Cost": 0.0, "Total Cost": 27.61, "Plan Rows": 6, "Plan Width": 40, "Actual Startup Time": 157.19, "Actual Total Time": 1241.18, "Actual Rows": 395341, "Actual Loops": 13163, "Index Cond": "(l_partkey = part.p_partkey)", "Rows Removed by Index Recheck": 0}]}, {"Node Type": "Index Scan", "Parent Relationship": "Inner", "Scan Direction": "Forward", "Index Name": "orders_pkey", "Relation Name": "orders", "Alias": "orders", "Startup Cost": 0.0, "Total Cost": 0.3, "Plan Rows": 1, "Plan Width": 24, "Actual Startup Time": 3448.635, "Actual Total Time": 3448.635, "Actual Rows": 119765, "Actual Loops": 395341, "Index Cond": "(o_orderkey = lineitem.l_orderkey)", "Rows Removed by Index Recheck": 0, "Filter": "((o_orderdate >= '1995-01-01 00:00:00'::timestamp(0) without time zone) AND (o_orderdate <= '1996-12-31 00:00:00'::timestamp(0) without time zone))", "Rows Removed by Filter": 275576}]}, {"Node Type": "Hash", "Parent Relationship": "Inner", "Startup Cost": 3283.0, "Total Cost": 3283.0, "Plan Rows": 100000, "Plan Width": 12, "Actual Startup Time": 66.103, "Actual Total Time": 66.103, "Actual Rows": 100000, "Actual Loops": 1, "Hash Buckets": 131072, "Hash Batches": 1, "Original Hash Batches": 1, "Peak Memory Usage": 4297, "Plans": [{"Node Type": "Seq Scan", "Parent Relationship": "Outer", "Relation Name": "supplier", "Alias": "supplier", "Startup Cost": 0.0, "Total Cost": 3283.0, "Plan Rows": 100000, "Plan Width": 12, "Actual Startup Time": 0.01, "Actual Total Time": 39.744, "Actual Rows": 100000, "Actual Loops": 1}]}]}, {"Node Type": "Index Scan", "Parent Relationship": "Inner", "Scan Direction": "Forward", "Index Name": "customer_pkey", "Relation Name": "customer", "Alias": "customer", "Startup Cost": 0.0, "Total Cost": 0.31, "Plan Rows": 1, "Plan Width": 12, "Actual Startup Time": 919.538, "Actual Total Time": 919.538, "Actual Rows": 119765, "Actual Loops": 119765, "Index Cond": "(c_custkey = orders.o_custkey)", "Rows Removed by Index Recheck": 0}]}, {"Node Type": "Hash", "Parent Relationship": "Inner", "Startup Cost": 2.44, "Total Cost": 2.44, "Plan Rows": 5, "Plan Width": 4, "Actual Startup Time": 0.064, "Actual Total Time": 0.064, "Actual Rows": 5, "Actual Loops": 1, "Hash Buckets": 32768, "Hash Batches": 1, "Original Hash Batches": 1, "Peak Memory Usage": 1, "Plans": [{"Node Type": "Hash Join", "Parent Relationship": "Outer", "Join Type": "Inner", "Startup Cost": 1.07, "Total Cost": 2.44, "Plan Rows": 5, "Plan Width": 4, "Actual Startup Time": 0.05, "Actual Total Time": 0.058, "Actual Rows": 5, "Actual Loops": 1, "Inner Unique": true, "Hash Cond": "(n1.n_regionkey = region.r_regionkey)", "Plans": [{"Node Type": "Seq Scan", "Parent Relationship": "Outer", "Relation Name": "nation", "Alias": "n1", "Startup Cost": 0.0, "Total Cost": 1.25, "Plan Rows": 25, "Plan Width": 8, "Actual Startup Time": 0.006, "Actual Total Time": 0.008, "Actual Rows": 25, "Actual Loops": 1}, {"Node Type": "Hash", "Parent Relationship": "Inner", "Startup Cost": 1.06, "Total Cost": 1.06, "Plan Rows": 1, "Plan Width": 4, "Actual Startup Time": 0.012, "Actual Total Time": 0.012, "Actual Rows": 1, "Actual Loops": 1, "Hash Buckets": 32768, "Hash Batches": 1, "Original Hash Batches": 1, "Peak Memory Usage": 1, "Plans": [{"Node Type": "Seq Scan", "Parent Relationship": "Outer", "Relation Name": "region", "Alias": "region", "Startup Cost": 0.0, "Total Cost": 1.06, "Plan Rows": 1, "Plan Width": 4, "Actual Startup Time": 0.009, "Actual Total Time": 0.01, "Actual Rows": 1, "Actual Loops": 1, "Filter": "(r_name = 'ASIA'::bpchar)", "Rows Removed by Filter": 4}]}]}]}]}, {"Node Type": "Hash", "Parent Relationship": "Inner", "Startup Cost": 1.25, "Total Cost": 1.25, "Plan Rows": 25, "Plan Width": 30, "Actual Startup Time": 0.038, "Actual Total Time": 0.038, "Actual Rows": 25, "Actual Loops": 1, "Hash Buckets": 32768, "Hash Batches": 1, "Original Hash Batches": 1, "Peak Memory Usage": 2, "Plans": [{"Node Type": "Seq Scan", "Parent Relationship": "Outer", "Relation Name": "nation", "Alias": "n2", "Startup Cost": 0.0, "Total Cost": 1.25, "Plan Rows": 25, "Plan Width": 30, "Actual Startup Time": 0.015, "Actual Total Time": 0.021, "Actual Rows": 25, "Actual Loops": 1}]}]}]}]}, "Triggers": [], "Planner Runtime": 3, "Total Runtime": 7086.399, "Unique SQL Id": 3681808042}}, "(1, 105)": {"explain_plan": {"Plan": {"Node Type": "Sort", "Startup Cost": 526963.15, "Total Cost": 526963.18, "Plan Rows": 10, "Plan Width": 50, "Sort Key": ["(date_part('year'::text, orders.o_orderdate))"], "Plans": [{"Node Type": "Aggregate", "Strategy": "Hashed", "Parent Relationship": "Outer", "Startup Cost": 526962.83, "Total Cost": 526962.98, "Plan Rows": 10, "Plan Width": 50, "Group By Key": ["date_part('year'::text, orders.o_orderdate)"], "Plans": [{"Node Type": "Hash Join", "Parent Relationship": "Outer", "Join Type": "Inner", "Startup Cost": 6618.28, "Total Cost": 526843.01, "Plan Rows": 5991, "Plan Width": 50, "Inner Unique": true, "Hash Cond": "(supplier.s_nationkey = n2.n_nationkey)", "Plans": [{"Node Type": "Hash Join", "Parent Relationship": "Outer", "Join Type": "Inner", "Startup Cost": 6605.34, "Total Cost": 526732.72, "Plan Rows": 5991, "Plan Width": 28, "Inner Unique": false, "Hash Cond": "(customer.c_nationkey = n1.n_nationkey)", "Plans": [{"Node Type": "Nested Loop", "Parent Relationship": "Outer", "Join Type": "Inner", "Startup Cost": 6584.54, "Total Cost": 526572.45, "Plan Rows": 29954, "Plan Width": 32, "Inner Unique": true, "Plans": [{"Node Type": "Hash Join", "Parent Relationship": "Outer", "Join Type": "Inner", "Startup Cost": 6584.54, "Total Cost": 510320.57, "Plan Rows": 51198, "Plan Width": 36, "Inner Unique": true, "Hash Cond": "(lineitem.l_suppkey = supplier.s_suppkey)", "Plans": [{"Node Type": "Nested Loop", "Parent Relationship": "Outer", "Join Type": "Inner", "Startup Cost": 0.0, "Total Cost": 503356.69, "Plan Rows": 86479, "Plan Width": 40, "Inner Unique": true, "Plans": [{"Node Type": "Nested Loop", "Parent Relationship": "Outer", "Join Type": "Inner", "Startup Cost": 0.0, "Total Cost": 480423.82, "Plan Rows": 74637, "Plan Width": 32, "Inner Unique": false, "Plans": [{"Node Type": "Index Scan", "Parent Relationship": "Outer", "Scan Direction": "Forward", "Index Name": "part_kpey", "Relation Name": "part", "Alias": "part", "Startup Cost": 0.0, "Total Cost": 105803.25, "Plan Rows": 13538, "Plan Width": 8, "Filter": "((p_type)::text = 'SMALL PLATED COPPER'::text)"}, {"Node Type": "Index Scan", "Parent Relationship": "Inner", "Scan Direction": "Forward", "Index Name": "idx_lineitem_part_supp", "Relation Name": "lineitem", "Alias": "lineitem", "Startup Cost": 0.0, "Total Cost": 27.61, "Plan Rows": 6, "Plan Width": 40, "Index Cond": "(l_partkey = part.p_partkey)"}]}, {"Node Type": "Index Scan", "Parent Relationship": "Inner", "Scan Direction": "Forward", "Index Name": "orders_pkey", "Relation Name": "orders", "Alias": "orders", "Startup Cost": 0.0, "Total Cost": 0.3, "Plan Rows": 1, "Plan Width": 24, "Index Cond": "(o_orderkey = lineitem.l_orderkey)", "Filter": "((o_orderdate >= '1995-01-01 00:00:00'::timestamp(0) without time zone) AND (o_orderdate <= '1996-12-31 00:00:00'::timestamp(0) without time zone))"}]}, {"Node Type": "Hash", "Parent Relationship": "Inner", "Startup Cost": 5334.54, "Total Cost": 5334.54, "Plan Rows": 100000, "Plan Width": 12, "Plans": [{"Node Type": "Index Scan", "Parent Relationship": "Outer", "Scan Direction": "Forward", "Index Name": "supplier_pkey", "Relation Name": "supplier", "Alias": "supplier", "Startup Cost": 0.0, "Total Cost": 5334.54, "Plan Rows": 100000, "Plan Width": 12}]}]}, {"Node Type": "Index Scan", "Parent Relationship": "Inner", "Scan Direction": "Forward", "Index Name": "customer_pkey", "Relation Name": "customer", "Alias": "customer", "Startup Cost": 0.0, "Total Cost": 0.31, "Plan Rows": 1, "Plan Width": 12, "Index Cond": "(c_custkey = orders.o_custkey)"}]}, {"Node Type": "Hash", "Parent Relationship": "Inner", "Startup Cost": 20.74, "Total Cost": 20.74, "Plan Rows": 5, "Plan Width": 4, "Plans": [{"Node Type": "Nested Loop", "Parent Relationship": "Outer", "Join Type": "Inner", "Startup Cost": 0.0, "Total Cost": 20.74, "Plan Rows": 5, "Plan Width": 4, "Inner Unique": false, "Plans": [{"Node Type": "Index Scan", "Parent Relationship": "Outer", "Scan Direction": "Forward", "Index Name": "region_pkey", "Relation Name": "region", "Alias": "region", "Startup Cost": 0.0, "Total Cost": 12.34, "Plan Rows": 1, "Plan Width": 4, "Filter": "(r_name = 'ASIA'::bpchar)"}, {"Node Type": "Index Scan", "Parent Relationship": "Inner", "Scan Direction": "Forward", "Index Name": "idx_nation_regionkey", "Relation Name": "nation", "Alias": "n1", "Startup Cost": 0.0, "Total Cost": 8.35, "Plan Rows": 5, "Plan Width": 8, "Index Cond": "(n_regionkey = region.r_regionkey)"}]}]}]}, {"Node Type": "Hash", "Parent Relationship": "Inner", "Startup Cost": 12.62, "Total Cost": 12.62, "Plan Rows": 25, "Plan Width": 30, "Plans": [{"Node Type": "Index Scan", "Parent Relationship": "Outer", "Scan Direction": "Forward", "Index Name": "nation_pkey", "Relation Name": "nation", "Alias": "n2", "Startup Cost": 0.0, "Total Cost": 12.62, "Plan Rows": 25, "Plan Width": 30}]}]}]}]}, "Unique SQL Id": 3681808042, "Planner Runtime": 3}, "explain_analyze_plan": {"Plan": {"Node Type": "Sort", "Startup Cost": 526963.15, "Total Cost": 526963.18, "Plan Rows": 10, "Plan Width": 50, "Actual Startup Time": 7593.695, "Actual Total Time": 7593.695, "Actual Rows": 2, "Actual Loops": 1, "Sort Key": ["(date_part('year'::text, orders.o_orderdate))"], "Sort Method": "quicksort", "Sort Space Used": 25, "Sort Space Type": "Memory", "Plans": [{"Node Type": "Aggregate", "Strategy": "Hashed", "Parent Relationship": "Outer", "Startup Cost": 526962.83, "Total Cost": 526962.98, "Plan Rows": 10, "Plan Width": 50, "Actual Startup Time": 7593.678, "Actual Total Time": 7593.679, "Actual Rows": 2, "Actual Loops": 1, "Group By Key": ["date_part('year'::text, orders.o_orderdate)"], "Plans": [{"Node Type": "Hash Join", "Parent Relationship": "Outer", "Join Type": "Inner", "Startup Cost": 6618.28, "Total Cost": 526843.01, "Plan Rows": 5991, "Plan Width": 50, "Actual Startup Time": 108.834, "Actual Total Time": 7556.085, "Actual Rows": 23929, "Actual Loops": 1, "Inner Unique": true, "Hash Cond": "(supplier.s_nationkey = n2.n_nationkey)", "Plans": [{"Node Type": "Hash Join", "Parent Relationship": "Outer", "Join Type": "Inner", "Startup Cost": 6605.34, "Total Cost": 526732.72, "Plan Rows": 5991, "Plan Width": 28, "Actual Startup Time": 108.741, "Actual Total Time": 7523.733, "Actual Rows": 23929, "Actual Loops": 1, "Inner Unique": false, "Hash Cond": "(customer.c_nationkey = n1.n_nationkey)", "Plans": [{"Node Type": "Nested Loop", "Parent Relationship": "Outer", "Join Type": "Inner", "Startup Cost": 6584.54, "Total Cost": 526572.45, "Plan Rows": 29954, "Plan Width": 32, "Actual Startup Time": 108.431, "Actual Total Time": 7485.765, "Actual Rows": 119765, "Actual Loops": 1, "Inner Unique": true, "Plans": [{"Node Type": "Hash Join", "Parent Relationship": "Outer", "Join Type": "Inner", "Startup Cost": 6584.54, "Total Cost": 510320.57, "Plan Rows": 51198, "Plan Width": 36, "Actual Startup Time": 108.394, "Actual Total Time": 6490.682, "Actual Rows": 119765, "Actual Loops": 1, "Inner Unique": true, "Hash Cond": "(lineitem.l_suppkey = supplier.s_suppkey)", "Plans": [{"Node Type": "Nested Loop", "Parent Relationship": "Outer", "Join Type": "Inner", "Startup Cost": 0.0, "Total Cost": 503356.69, "Plan Rows": 86479, "Plan Width": 40, "Actual Startup Time": 0.182, "Actual Total Time": 6301.075, "Actual Rows": 119765, "Actual Loops": 1, "Inner Unique": true, "Plans": [{"Node Type": "Nested Loop", "Parent Relationship": "Outer", "Join Type": "Inner", "Startup Cost": 0.0, "Total Cost": 480423.82, "Plan Rows": 74637, "Plan Width": 32, "Actual Startup Time": 0.043, "Actual Total Time": 2753.622, "Actual Rows": 395341, "Actual Loops": 1, "Inner Unique": false, "Plans": [{"Node Type": "Index Scan", "Parent Relationship": "Outer", "Scan Direction": "Forward", "Index Name": "part_kpey", "Relation Name": "part", "Alias": "part", "Startup Cost": 0.0, "Total Cost": 105803.25, "Plan Rows": 13538, "Plan Width": 8, "Actual Startup Time": 0.028, "Actual Total Time": 1463.221, "Actual Rows": 13163, "Actual Loops": 1, "Filter": "((p_type)::text = 'SMALL PLATED COPPER'::text)", "Rows Removed by Filter": 1986837}, {"Node Type": "Index Scan", "Parent Relationship": "Inner", "Scan Direction": "Forward", "Index Name": "idx_lineitem_part_supp", "Relation Name": "lineitem", "Alias": "lineitem", "Startup Cost": 0.0, "Total Cost": 27.61, "Plan Rows": 6, "Plan Width": 40, "Actual Startup Time": 154.362, "Actual Total Time": 1188.764, "Actual Rows": 395341, "Actual Loops": 13163, "Index Cond": "(l_partkey = part.p_partkey)", "Rows Removed by Index Recheck": 0}]}, {"Node Type": "Index Scan", "Parent Relationship": "Inner", "Scan Direction": "Forward", "Index Name": "orders_pkey", "Relation Name": "orders", "Alias": "orders", "Startup Cost": 0.0, "Total Cost": 0.3, "Plan Rows": 1, "Plan Width": 24, "Actual Startup Time": 3309.298, "Actual Total Time": 3309.298, "Actual Rows": 119765, "Actual Loops": 395341, "Index Cond": "(o_orderkey = lineitem.l_orderkey)", "Rows Removed by Index Recheck": 0, "Filter": "((o_orderdate >= '1995-01-01 00:00:00'::timestamp(0) without time zone) AND (o_orderdate <= '1996-12-31 00:00:00'::timestamp(0) without time zone))", "Rows Removed by Filter": 275576}]}, {"Node Type": "Hash", "Parent Relationship": "Inner", "Startup Cost": 5334.54, "Total Cost": 5334.54, "Plan Rows": 100000, "Plan Width": 12, "Actual Startup Time": 108.093, "Actual Total Time": 108.093, "Actual Rows": 100000, "Actual Loops": 1, "Hash Buckets": 131072, "Hash Batches": 1, "Original Hash Batches": 1, "Peak Memory Usage": 4297, "Plans": [{"Node Type": "Index Scan", "Parent Relationship": "Outer", "Scan Direction": "Forward", "Index Name": "supplier_pkey", "Relation Name": "supplier", "Alias": "supplier", "Startup Cost": 0.0, "Total Cost": 5334.54, "Plan Rows": 100000, "Plan Width": 12, "Actual Startup Time": 0.021, "Actual Total Time": 80.1, "Actual Rows": 100000, "Actual Loops": 1}]}]}, {"Node Type": "Index Scan", "Parent Relationship": "Inner", "Scan Direction": "Forward", "Index Name": "customer_pkey", "Relation Name": "customer", "Alias": "customer", "Startup Cost": 0.0, "Total Cost": 0.31, "Plan Rows": 1, "Plan Width": 12, "Actual Startup Time": 884.223, "Actual Total Time": 884.223, "Actual Rows": 119765, "Actual Loops": 119765, "Index Cond": "(c_custkey = orders.o_custkey)", "Rows Removed by Index Recheck": 0}]}, {"Node Type": "Hash", "Parent Relationship": "Inner", "Startup Cost": 20.74, "Total Cost": 20.74, "Plan Rows": 5, "Plan Width": 4, "Actual Startup Time": 0.027, "Actual Total Time": 0.027, "Actual Rows": 5, "Actual Loops": 1, "Hash Buckets": 32768, "Hash Batches": 1, "Original Hash Batches": 1, "Peak Memory Usage": 1, "Plans": [{"Node Type": "Nested Loop", "Parent Relationship": "Outer", "Join Type": "Inner", "Startup Cost": 0.0, "Total Cost": 20.74, "Plan Rows": 5, "Plan Width": 4, "Actual Startup Time": 0.018, "Actual Total Time": 0.024, "Actual Rows": 5, "Actual Loops": 1, "Inner Unique": false, "Plans": [{"Node Type": "Index Scan", "Parent Relationship": "Outer", "Scan Direction": "Forward", "Index Name": "region_pkey", "Relation Name": "region", "Alias": "region", "Startup Cost": 0.0, "Total Cost": 12.34, "Plan Rows": 1, "Plan Width": 4, "Actual Startup Time": 0.009, "Actual Total Time": 0.01, "Actual Rows": 1, "Actual Loops": 1, "Filter": "(r_name = 'ASIA'::bpchar)", "Rows Removed by Filter": 4}, {"Node Type": "Index Scan", "Parent Relationship": "Inner", "Scan Direction": "Forward", "Index Name": "idx_nation_regionkey", "Relation Name": "nation", "Alias": "n1", "Startup Cost": 0.0, "Total Cost": 8.35, "Plan Rows": 5, "Plan Width": 8, "Actual Startup Time": 0.007, "Actual Total Time": 0.009, "Actual Rows": 5, "Actual Loops": 1, "Index Cond": "(n_regionkey = region.r_regionkey)", "Rows Removed by Index Recheck": 0}]}]}]}, {"Node Type": "Hash", "Parent Relationship": "Inner", "Startup Cost": 12.62, "Total Cost": 12.62, "Plan Rows": 25, "Plan Width": 30, "Actual Startup Time": 0.04, "Actual Total Time": 0.04, "Actual Rows": 25, "Actual Loops": 1, "Hash Buckets": 32768, "Hash Batches": 1, "Original Hash Batches": 1, "Peak Memory Usage": 2, "Plans": [{"Node Type": "Index Scan", "Parent Relationship": "Outer", "Scan Direction": "Forward", "Index Name": "nation_pkey", "Relation Name": "nation", "Alias": "n2", "Startup Cost": 0.0, "Total Cost": 12.62, "Plan Rows": 25, "Plan Width": 30, "Actual Startup Time": 0.011, "Actual Total Time": 0.027, "Actual Rows": 25, "Actual Loops": 1}]}]}]}]}, "Triggers": [], "Planner Runtime": 3, "Total Runtime": 7594.11, "Unique SQL Id": 3681808042}}, "(1, 106)": {"explain_plan": {"Plan": {"Node Type": "Sort", "Startup Cost": 2907141.92, "Total Cost": 2907141.94, "Plan Rows": 10, "Plan Width": 50, "Sort Key": ["(date_part('year'::text, orders.o_orderdate))"], "Plans": [{"Node Type": "Aggregate", "Strategy": "Hashed", "Parent Relationship": "Outer", "Startup Cost": 2907141.6, "Total Cost": 2907141.75, "Plan Rows": 10, "Plan Width": 50, "Group By Key": ["date_part('year'::text, orders.o_orderdate)"], "Plans": [{"Node Type": "Hash Join", "Parent Relationship": "Outer", "Join Type": "Inner", "Startup Cost": 664848.38, "Total Cost": 2907021.78, "Plan Rows": 5991, "Plan Width": 50, "Inner Unique": true, "Hash Cond": "(supplier.s_nationkey = n2.n_nationkey)", "Plans": [{"Node Type": "Hash Join", "Parent Relationship": "Outer", "Join Type": "Inner", "Startup Cost": 664846.82, "Total Cost": 2906922.86, "Plan Rows": 5991, "Plan Width": 28, "Inner Unique": true, "Hash Cond": "(lineitem.l_suppkey = supplier.s_suppkey)", "Plans": [{"Node Type": "Hash Join", "Parent Relationship": "Outer", "Join Type": "Inner", "Startup Cost": 660313.82, "Total Cost": 2902243.54, "Plan Rows": 17296, "Plan Width": 32, "Inner Unique": false, "Hash Cond": "(lineitem.l_orderkey = orders.o_orderkey)", "Plans": [{"Node Type": "Hash Join", "Parent Relationship": "Outer", "Join Type": "Inner", "Startup Cost": 67113.23, "Total Cost": 2307926.3, "Plan Rows": 74637, "Plan Width": 32, "Inner Unique": true, "Hash Cond": "(lineitem.l_partkey = part.p_partkey)", "Plans": [{"Node Type": "Seq Scan", "Parent Relationship": "Outer", "Relation Name": "lineitem", "Alias": "lineitem", "Startup Cost": 0.0, "Total Cost": 2015115.33, "Plan Rows": 59987033, "Plan Width": 40}, {"Node Type": "Hash", "Parent Relationship": "Inner", "Startup Cost": 66944.0, "Total Cost": 66944.0, "Plan Rows": 13538, "Plan Width": 8, "Plans": [{"Node Type": "Seq Scan", "Parent Relationship": "Outer", "Relation Name": "part", "Alias": "part", "Startup Cost": 0.0, "Total Cost": 66944.0, "Plan Rows": 13538, "Plan Width": 8, "Filter": "((p_type)::text = 'SMALL PLATED COPPER'::text)"}]}]}, {"Node Type": "Hash", "Parent Relationship": "Inner", "Startup Cost": 586571.9, "Total Cost": 586571.9, "Plan Rows": 530296, "Plan Width": 16, "Plans": [{"Node Type": "Hash Join", "Parent Relationship": "Outer", "Join Type": "Inner", "Startup Cost": 63058.61, "Total Cost": 586571.9, "Plan Rows": 530296, "Plan Width": 16, "Inner Unique": false, "Hash Cond": "(orders.o_custkey = customer.c_custkey), (LLVM Optimized)", "Plans": [{"Node Type": "Seq Scan", "Parent Relationship": "Outer", "Relation Name": "orders", "Alias": "orders", "Startup Cost": 195.74, "Total Cost": 501411.18, "Plan Rows": 4531967, "Plan Width": 24, "Filter": "((o_orderdate >= '1995-01-01 00:00:00'::timestamp(0) without time zone) AND (o_orderdate <= '1996-12-31 00:00:00'::timestamp(0) without time zone)), (LLVM Optimized)"}, {"Node Type": "Hash", "Parent Relationship": "Inner", "Startup Cost": 59112.88, "Total Cost": 59112.88, "Plan Rows": 300000, "Plan Width": 8, "Plans": [{"Node Type": "Hash Join", "Parent Relationship": "Outer", "Join Type": "Inner", "Startup Cost": 2.5, "Total Cost": 59112.88, "Plan Rows": 300000, "Plan Width": 8, "Inner Unique": false, "Hash Cond": "(customer.c_nationkey = n1.n_nationkey), (LLVM Optimized)", "Plans": [{"Node Type": "Seq Scan", "Parent Relationship": "Outer", "Relation Name": "customer", "Alias": "customer", "Startup Cost": 0.0, "Total Cost": 52126.0, "Plan Rows": 1500000, "Plan Width": 12}, {"Node Type": "Hash", "Parent Relationship": "Inner", "Startup Cost": 2.44, "Total Cost": 2.44, "Plan Rows": 5, "Plan Width": 4, "Plans": [{"Node Type": "Hash Join", "Parent Relationship": "Outer", "Join Type": "Inner", "Startup Cost": 1.07, "Total Cost": 2.44, "Plan Rows": 5, "Plan Width": 4, "Inner Unique": true, "Hash Cond": "(n1.n_regionkey = region.r_regionkey)", "Plans": [{"Node Type": "Seq Scan", "Parent Relationship": "Outer", "Relation Name": "nation", "Alias": "n1", "Startup Cost": 0.0, "Total Cost": 1.25, "Plan Rows": 25, "Plan Width": 8}, {"Node Type": "Hash", "Parent Relationship": "Inner", "Startup Cost": 1.06, "Total Cost": 1.06, "Plan Rows": 1, "Plan Width": 4, "Plans": [{"Node Type": "Seq Scan", "Parent Relationship": "Outer", "Relation Name": "region", "Alias": "region", "Startup Cost": 0.0, "Total Cost": 1.06, "Plan Rows": 1, "Plan Width": 4, "Filter": "(r_name = 'ASIA'::bpchar)"}]}]}]}]}]}]}]}]}, {"Node Type": "Hash", "Parent Relationship": "Inner", "Startup Cost": 3283.0, "Total Cost": 3283.0, "Plan Rows": 100000, "Plan Width": 12, "Plans": [{"Node Type": "Seq Scan", "Parent Relationship": "Outer", "Relation Name": "supplier", "Alias": "supplier", "Startup Cost": 0.0, "Total Cost": 3283.0, "Plan Rows": 100000, "Plan Width": 12}]}]}, {"Node Type": "Hash", "Parent Relationship": "Inner", "Startup Cost": 1.25, "Total Cost": 1.25, "Plan Rows": 25, "Plan Width": 30, "Plans": [{"Node Type": "Seq Scan", "Parent Relationship": "Outer", "Relation Name": "nation", "Alias": "n2", "Startup Cost": 0.0, "Total Cost": 1.25, "Plan Rows": 25, "Plan Width": 30}]}]}]}]}, "Unique SQL Id": 3681808042, "Planner Runtime": 3}, "explain_analyze_plan": null}, "(1, 107)": {"explain_plan": {"Plan": {"Node Type": "Sort", "Startup Cost": 8000424381987.15, "Total Cost": 8000424381987.18, "Plan Rows": 10, "Plan Width": 50, "Sort Key": ["(date_part('year'::text, orders.o_orderdate))"], "Plans": [{"Node Type": "Aggregate", "Strategy": "Hashed", "Parent Relationship": "Outer", "Startup Cost": 8000424381986.84, "Total Cost": 8000424381986.99, "Plan Rows": 10, "Plan Width": 50, "Group By Key": ["date_part('year'::text, orders.o_orderdate)"], "Plans": [{"Node Type": "Hash Join", "Parent Relationship": "Outer", "Join Type": "Inner", "Startup Cost": 6020424107984.83, "Total Cost": 8000424381867.02, "Plan Rows": 5991, "Plan Width": 50, "Inner Unique": true, "Hash Cond": "(supplier.s_nationkey = n2.n_nationkey)", "Plans": [{"Node Type": "Hash Join", "Parent Relationship": "Outer", "Join Type": "Inner", "Startup Cost": 5020424106722.02, "Total Cost": 7000424380506.85, "Plan Rows": 5991, "Plan Width": 28, "Inner Unique": true, "Hash Cond": "(lineitem.l_suppkey = supplier.s_suppkey)", "Plans": [{"Node Type": "Hash Join", "Parent Relationship": "Outer", "Join Type": "Inner", "Startup Cost": 4020423572017.64, "Total Cost": 6000423845656.15, "Plan Rows": 17296, "Plan Width": 32, "Inner Unique": false, "Hash Cond": "(orders.o_orderkey = lineitem.l_orderkey)", "Plans": [{"Node Type": "Hash Join", "Parent Relationship": "Outer", "Join Type": "Inner", "Startup Cost": 2020088749518.21, "Total Cost": 4000089018342.74, "Plan Rows": 530296, "Plan Width": 16, "Inner Unique": false, "Hash Cond": "(customer.c_custkey = orders.o_custkey), (LLVM Optimized)", "Plans": [{"Node Type": "Hash Join", "Parent Relationship": "Outer", "Join Type": "Inner", "Startup Cost": 1020008095285.62, "Total Cost": 3000008100432.19, "Plan Rows": 300000, "Plan Width": 8, "Inner Unique": false, "Hash Cond": "(n1.n_nationkey = customer.c_nationkey), (LLVM Optimized)", "Plans": [{"Node Type": "Nested Loop", "Parent Relationship": "Outer", "Join Type": "Inner", "Startup Cost": 20000000000.0, "Total Cost": 2000000002068.8, "Plan Rows": 5, "Plan Width": 4, "Inner Unique": false, "Plans": [{"Node Type": "Index Scan", "Parent Relationship": "Outer", "Scan Direction": "Forward", "Index Name": "region_pkey", "Relation Name": "region", "Alias": "region", "Startup Cost": 10000000000.0, "Total Cost": 1000000001233.75, "Plan Rows": 1, "Plan Width": 4, "Filter": "(r_name = 'ASIA'::bpchar)"}, {"Node Type": "Index Scan", "Parent Relationship": "Inner", "Scan Direction": "Forward", "Index Name": "idx_nation_regionkey", "Relation Name": "nation", "Alias": "n1", "Startup Cost": 10000000000.0, "Total Cost": 1000000000835.0, "Plan Rows": 5, "Plan Width": 8, "Index Cond": "(n_regionkey = region.r_regionkey)"}]}, {"Node Type": "Hash", "Parent Relationship": "Inner", "Startup Cost": 1000008076535.62, "Total Cost": 1000008076535.62, "Plan Rows": 1500000, "Plan Width": 12, "Plans": [{"Node Type": "Index Scan", "Parent Relationship": "Outer", "Scan Direction": "Forward", "Index Name": "customer_pkey", "Relation Name": "customer", "Alias": "customer", "Startup Cost": 10000000000.0, "Total Cost": 1000008076535.62, "Plan Rows": 1500000, "Plan Width": 12}]}]}, {"Node Type": "Hash", "Parent Relationship": "Inner", "Startup Cost": 1000080597583.0, "Total Cost": 1000080597583.0, "Plan Rows": 4531967, "Plan Width": 24, "Plans": [{"Node Type": "Index Scan", "Parent Relationship": "Outer", "Scan Direction": "Forward", "Index Name": "orders_pkey", "Relation Name": "orders", "Alias": "orders", "Startup Cost": 10000000000.0, "Total Cost": 1000080597583.0, "Plan Rows": 4531967, "Plan Width": 24, "Filter": "((o_orderdate >= '1995-01-01 00:00:00'::timestamp(0) without time zone) AND (o_orderdate <= '1996-12-31 00:00:00'::timestamp(0) without time zone)), (LLVM Optimized)"}]}]}, {"Node Type": "Hash", "Parent Relationship": "Inner", "Startup Cost": 2000334821566.47, "Total Cost": 2000334821566.47, "Plan Rows": 74637, "Plan Width": 32, "Plans": [{"Node Type": "Hash Join", "Parent Relationship": "Outer", "Join Type": "Inner", "Startup Cost": 1010010580494.22, "Total Cost": 2000334821566.47, "Plan Rows": 74637, "Plan Width": 32, "Inner Unique": true, "Hash Cond": "(lineitem.l_partkey = part.p_partkey)", "Plans": [{"Node Type": "Index Scan", "Parent Relationship": "Outer", "Scan Direction": "Forward", "Index Name": "idx_lineitem_orderkey", "Relation Name": "lineitem", "Alias": "lineitem", "Startup Cost": 10000000000.0, "Total Cost": 1000324015374.5, "Plan Rows": 59987033, "Plan Width": 40}, {"Node Type": "Hash", "Parent Relationship": "Inner", "Startup Cost": 1000010580325.0, "Total Cost": 1000010580325.0, "Plan Rows": 13538, "Plan Width": 8, "Plans": [{"Node Type": "Index Scan", "Parent Relationship": "Outer", "Scan Direction": "Forward", "Index Name": "part_kpey", "Relation Name": "part", "Alias": "part", "Startup Cost": 10000000000.0, "Total Cost": 1000010580325.0, "Plan Rows": 13538, "Plan Width": 8, "Filter": "((p_type)::text = 'SMALL PLATED COPPER'::text)"}]}]}]}]}, {"Node Type": "Hash", "Parent Relationship": "Inner", "Startup Cost": 1000000533454.38, "Total Cost": 1000000533454.38, "Plan Rows": 100000, "Plan Width": 12, "Plans": [{"Node Type": "Index Scan", "Parent Relationship": "Outer", "Scan Direction": "Forward", "Index Name": "supplier_pkey", "Relation Name": "supplier", "Alias": "supplier", "Startup Cost": 10000000000.0, "Total Cost": 1000000533454.38, "Plan Rows": 100000, "Plan Width": 12}]}]}, {"Node Type": "Hash", "Parent Relationship": "Inner", "Startup Cost": 1000000001262.5, "Total Cost": 1000000001262.5, "Plan Rows": 25, "Plan Width": 30, "Plans": [{"Node Type": "Index Scan", "Parent Relationship": "Outer", "Scan Direction": "Forward", "Index Name": "nation_pkey", "Relation Name": "nation", "Alias": "n2", "Startup Cost": 10000000000.0, "Total Cost": 1000000001262.5, "Plan Rows": 25, "Plan Width": 30}]}]}]}]}, "Unique SQL Id": 3681808042, "Planner Runtime": 5}, "explain_analyze_plan": null}, "(1, 108)": {"explain_plan": {"Plan": {"Node Type": "Sort", "Startup Cost": 486022.68, "Total Cost": 486022.71, "Plan Rows": 10, "Plan Width": 50, "Sort Key": ["(date_part('year'::text, orders.o_orderdate))"], "Plans": [{"Node Type": "Aggregate", "Strategy": "Hashed", "Parent Relationship": "Outer", "Startup Cost": 486022.37, "Total Cost": 486022.52, "Plan Rows": 10, "Plan Width": 50, "Group By Key": ["date_part('year'::text, orders.o_orderdate)"], "Plans": [{"Node Type": "Hash Join", "Parent Relationship": "Outer", "Join Type": "Inner", "Startup Cost": 4537.06, "Total Cost": 485902.55, "Plan Rows": 5991, "Plan Width": 50, "Inner Unique": true, "Hash Cond": "(supplier.s_nationkey = n2.n_nationkey)", "Plans": [{"Node Type": "Hash Join", "Parent Relationship": "Outer", "Join Type": "Inner", "Startup Cost": 4535.5, "Total Cost": 485803.63, "Plan Rows": 5991, "Plan Width": 28, "Inner Unique": false, "Hash Cond": "(customer.c_nationkey = n1.n_nationkey)", "Plans": [{"Node Type": "Nested Loop", "Parent Relationship": "Outer", "Join Type": "Inner", "Startup Cost": 4533.0, "Total Cost": 485661.65, "Plan Rows": 29954, "Plan Width": 32, "Inner Unique": true, "Plans": [{"Node Type": "Hash Join", "Parent Relationship": "Outer", "Join Type": "Inner", "Startup Cost": 4533.0, "Total Cost": 469409.78, "Plan Rows": 51198, "Plan Width": 36, "Inner Unique": true, "Hash Cond": "(lineitem.l_suppkey = supplier.s_suppkey)", "Plans": [{"Node Type": "Nested Loop", "Parent Relationship": "Outer", "Join Type": "Inner", "Startup Cost": 0.0, "Total Cost": 464497.44, "Plan Rows": 86479, "Plan Width": 40, "Inner Unique": true, "Plans": [{"Node Type": "Nested Loop", "Parent Relationship": "Outer", "Join Type": "Inner", "Startup Cost": 0.0, "Total Cost": 441564.57, "Plan Rows": 74637, "Plan Width": 32, "Inner Unique": false, "Plans": [{"Node Type": "Seq Scan", "Parent Relationship": "Outer", "Relation Name": "part", "Alias": "part", "Startup Cost": 0.0, "Total Cost": 66944.0, "Plan Rows": 13538, "Plan Width": 8, "Filter": "((p_type)::text = 'SMALL PLATED COPPER'::text)"}, {"Node Type": "Index Scan", "Parent Relationship": "Inner", "Scan Direction": "Forward", "Index Name": "idx_lineitem_part_supp", "Relation Name": "lineitem", "Alias": "lineitem", "Startup Cost": 0.0, "Total Cost": 27.61, "Plan Rows": 6, "Plan Width": 40, "Index Cond": "(l_partkey = part.p_partkey)"}]}, {"Node Type": "Index Scan", "Parent Relationship": "Inner", "Scan Direction": "Forward", "Index Name": "orders_pkey", "Relation Name": "orders", "Alias": "orders", "Startup Cost": 0.0, "Total Cost": 0.3, "Plan Rows": 1, "Plan Width": 24, "Index Cond": "(o_orderkey = lineitem.l_orderkey)", "Filter": "((o_orderdate >= '1995-01-01 00:00:00'::timestamp(0) without time zone) AND (o_orderdate <= '1996-12-31 00:00:00'::timestamp(0) without time zone))"}]}, {"Node Type": "Hash", "Parent Relationship": "Inner", "Startup Cost": 3283.0, "Total Cost": 3283.0, "Plan Rows": 100000, "Plan Width": 12, "Plans": [{"Node Type": "Seq Scan", "Parent Relationship": "Outer", "Relation Name": "supplier", "Alias": "supplier", "Startup Cost": 0.0, "Total Cost": 3283.0, "Plan Rows": 100000, "Plan Width": 12}]}]}, {"Node Type": "Index Scan", "Parent Relationship": "Inner", "Scan Direction": "Forward", "Index Name": "customer_pkey", "Relation Name": "customer", "Alias": "customer", "Startup Cost": 0.0, "Total Cost": 0.31, "Plan Rows": 1, "Plan Width": 12, "Index Cond": "(c_custkey = orders.o_custkey)"}]}, {"Node Type": "Hash", "Parent Relationship": "Inner", "Startup Cost": 2.44, "Total Cost": 2.44, "Plan Rows": 5, "Plan Width": 4, "Plans": [{"Node Type": "Hash Join", "Parent Relationship": "Outer", "Join Type": "Inner", "Startup Cost": 1.07, "Total Cost": 2.44, "Plan Rows": 5, "Plan Width": 4, "Inner Unique": true, "Hash Cond": "(n1.n_regionkey = region.r_regionkey)", "Plans": [{"Node Type": "Seq Scan", "Parent Relationship": "Outer", "Relation Name": "nation", "Alias": "n1", "Startup Cost": 0.0, "Total Cost": 1.25, "Plan Rows": 25, "Plan Width": 8}, {"Node Type": "Hash", "Parent Relationship": "Inner", "Startup Cost": 1.06, "Total Cost": 1.06, "Plan Rows": 1, "Plan Width": 4, "Plans": [{"Node Type": "Seq Scan", "Parent Relationship": "Outer", "Relation Name": "region", "Alias": "region", "Startup Cost": 0.0, "Total Cost": 1.06, "Plan Rows": 1, "Plan Width": 4, "Filter": "(r_name = 'ASIA'::bpchar)"}]}]}]}]}, {"Node Type": "Hash", "Parent Relationship": "Inner", "Startup Cost": 1.25, "Total Cost": 1.25, "Plan Rows": 25, "Plan Width": 30, "Plans": [{"Node Type": "Seq Scan", "Parent Relationship": "Outer", "Relation Name": "nation", "Alias": "n2", "Startup Cost": 0.0, "Total Cost": 1.25, "Plan Rows": 25, "Plan Width": 30}]}]}]}]}, "Unique SQL Id": 3681808042, "Planner Runtime": 3}, "explain_analyze_plan": {"Plan": {"Node Type": "Sort", "Startup Cost": 486022.68, "Total Cost": 486022.71, "Plan Rows": 10, "Plan Width": 50, "Actual Startup Time": 7085.978, "Actual Total Time": 7085.978, "Actual Rows": 2, "Actual Loops": 1, "Sort Key": ["(date_part('year'::text, orders.o_orderdate))"], "Sort Method": "quicksort", "Sort Space Used": 25, "Sort Space Type": "Memory", "Plans": [{"Node Type": "Aggregate", "Strategy": "Hashed", "Parent Relationship": "Outer", "Startup Cost": 486022.37, "Total Cost": 486022.52, "Plan Rows": 10, "Plan Width": 50, "Actual Startup Time": 7085.958, "Actual Total Time": 7085.959, "Actual Rows": 2, "Actual Loops": 1, "Group By Key": ["date_part('year'::text, orders.o_orderdate)"], "Plans": [{"Node Type": "Hash Join", "Parent Relationship": "Outer", "Join Type": "Inner", "Startup Cost": 4537.06, "Total Cost": 485902.55, "Plan Rows": 5991, "Plan Width": 50, "Actual Startup Time": 66.946, "Actual Total Time": 7049.829, "Actual Rows": 23929, "Actual Loops": 1, "Inner Unique": true, "Hash Cond": "(supplier.s_nationkey = n2.n_nationkey)", "Plans": [{"Node Type": "Hash Join", "Parent Relationship": "Outer", "Join Type": "Inner", "Startup Cost": 4535.5, "Total Cost": 485803.63, "Plan Rows": 5991, "Plan Width": 28, "Actual Startup Time": 66.804, "Actual Total Time": 7017.431, "Actual Rows": 23929, "Actual Loops": 1, "Inner Unique": false, "Hash Cond": "(customer.c_nationkey = n1.n_nationkey)", "Plans": [{"Node Type": "Nested Loop", "Parent Relationship": "Outer", "Join Type": "Inner", "Startup Cost": 4533.0, "Total Cost": 485661.65, "Plan Rows": 29954, "Plan Width": 32, "Actual Startup Time": 66.457, "Actual Total Time": 6979.652, "Actual Rows": 119765, "Actual Loops": 1, "Inner Unique": true, "Plans": [{"Node Type": "Hash Join", "Parent Relationship": "Outer", "Join Type": "Inner", "Startup Cost": 4533.0, "Total Cost": 469409.78, "Plan Rows": 51198, "Plan Width": 36, "Actual Startup Time": 66.415, "Actual Total Time": 5952.152, "Actual Rows": 119765, "Actual Loops": 1, "Inner Unique": true, "Hash Cond": "(lineitem.l_suppkey = supplier.s_suppkey)", "Plans": [{"Node Type": "Nested Loop", "Parent Relationship": "Outer", "Join Type": "Inner", "Startup Cost": 0.0, "Total Cost": 464497.44, "Plan Rows": 86479, "Plan Width": 40, "Actual Startup Time": 0.201, "Actual Total Time": 5807.717, "Actual Rows": 119765, "Actual Loops": 1, "Inner Unique": true, "Plans": [{"Node Type": "Nested Loop", "Parent Relationship": "Outer", "Join Type": "Inner", "Startup Cost": 0.0, "Total Cost": 441564.57, "Plan Rows": 74637, "Plan Width": 32, "Actual Startup Time": 0.041, "Actual Total Time": 2124.482, "Actual Rows": 395341, "Actual Loops": 1, "Inner Unique": false, "Plans": [{"Node Type": "Seq Scan", "Parent Relationship": "Outer", "Relation Name": "part", "Alias": "part", "Startup Cost": 0.0, "Total Cost": 66944.0, "Plan Rows": 13538, "Plan Width": 8, "Actual Startup Time": 0.019, "Actual Total Time": 779.977, "Actual Rows": 13163, "Actual Loops": 1, "Filter": "((p_type)::text = 'SMALL PLATED COPPER'::text)", "Rows Removed by Filter": 1986837}, {"Node Type": "Index Scan", "Parent Relationship": "Inner", "Scan Direction": "Forward", "Index Name": "idx_lineitem_part_supp", "Relation Name": "lineitem", "Alias": "lineitem", "Startup Cost": 0.0, "Total Cost": 27.61, "Plan Rows": 6, "Plan Width": 40, "Actual Startup Time": 157.19, "Actual Total Time": 1241.18, "Actual Rows": 395341, "Actual Loops": 13163, "Index Cond": "(l_partkey = part.p_partkey)", "Rows Removed by Index Recheck": 0}]}, {"Node Type": "Index Scan", "Parent Relationship": "Inner", "Scan Direction": "Forward", "Index Name": "orders_pkey", "Relation Name": "orders", "Alias": "orders", "Startup Cost": 0.0, "Total Cost": 0.3, "Plan Rows": 1, "Plan Width": 24, "Actual Startup Time": 3448.635, "Actual Total Time": 3448.635, "Actual Rows": 119765, "Actual Loops": 395341, "Index Cond": "(o_orderkey = lineitem.l_orderkey)", "Rows Removed by Index Recheck": 0, "Filter": "((o_orderdate >= '1995-01-01 00:00:00'::timestamp(0) without time zone) AND (o_orderdate <= '1996-12-31 00:00:00'::timestamp(0) without time zone))", "Rows Removed by Filter": 275576}]}, {"Node Type": "Hash", "Parent Relationship": "Inner", "Startup Cost": 3283.0, "Total Cost": 3283.0, "Plan Rows": 100000, "Plan Width": 12, "Actual Startup Time": 66.103, "Actual Total Time": 66.103, "Actual Rows": 100000, "Actual Loops": 1, "Hash Buckets": 131072, "Hash Batches": 1, "Original Hash Batches": 1, "Peak Memory Usage": 4297, "Plans": [{"Node Type": "Seq Scan", "Parent Relationship": "Outer", "Relation Name": "supplier", "Alias": "supplier", "Startup Cost": 0.0, "Total Cost": 3283.0, "Plan Rows": 100000, "Plan Width": 12, "Actual Startup Time": 0.01, "Actual Total Time": 39.744, "Actual Rows": 100000, "Actual Loops": 1}]}]}, {"Node Type": "Index Scan", "Parent Relationship": "Inner", "Scan Direction": "Forward", "Index Name": "customer_pkey", "Relation Name": "customer", "Alias": "customer", "Startup Cost": 0.0, "Total Cost": 0.31, "Plan Rows": 1, "Plan Width": 12, "Actual Startup Time": 919.538, "Actual Total Time": 919.538, "Actual Rows": 119765, "Actual Loops": 119765, "Index Cond": "(c_custkey = orders.o_custkey)", "Rows Removed by Index Recheck": 0}]}, {"Node Type": "Hash", "Parent Relationship": "Inner", "Startup Cost": 2.44, "Total Cost": 2.44, "Plan Rows": 5, "Plan Width": 4, "Actual Startup Time": 0.064, "Actual Total Time": 0.064, "Actual Rows": 5, "Actual Loops": 1, "Hash Buckets": 32768, "Hash Batches": 1, "Original Hash Batches": 1, "Peak Memory Usage": 1, "Plans": [{"Node Type": "Hash Join", "Parent Relationship": "Outer", "Join Type": "Inner", "Startup Cost": 1.07, "Total Cost": 2.44, "Plan Rows": 5, "Plan Width": 4, "Actual Startup Time": 0.05, "Actual Total Time": 0.058, "Actual Rows": 5, "Actual Loops": 1, "Inner Unique": true, "Hash Cond": "(n1.n_regionkey = region.r_regionkey)", "Plans": [{"Node Type": "Seq Scan", "Parent Relationship": "Outer", "Relation Name": "nation", "Alias": "n1", "Startup Cost": 0.0, "Total Cost": 1.25, "Plan Rows": 25, "Plan Width": 8, "Actual Startup Time": 0.006, "Actual Total Time": 0.008, "Actual Rows": 25, "Actual Loops": 1}, {"Node Type": "Hash", "Parent Relationship": "Inner", "Startup Cost": 1.06, "Total Cost": 1.06, "Plan Rows": 1, "Plan Width": 4, "Actual Startup Time": 0.012, "Actual Total Time": 0.012, "Actual Rows": 1, "Actual Loops": 1, "Hash Buckets": 32768, "Hash Batches": 1, "Original Hash Batches": 1, "Peak Memory Usage": 1, "Plans": [{"Node Type": "Seq Scan", "Parent Relationship": "Outer", "Relation Name": "region", "Alias": "region", "Startup Cost": 0.0, "Total Cost": 1.06, "Plan Rows": 1, "Plan Width": 4, "Actual Startup Time": 0.009, "Actual Total Time": 0.01, "Actual Rows": 1, "Actual Loops": 1, "Filter": "(r_name = 'ASIA'::bpchar)", "Rows Removed by Filter": 4}]}]}]}]}, {"Node Type": "Hash", "Parent Relationship": "Inner", "Startup Cost": 1.25, "Total Cost": 1.25, "Plan Rows": 25, "Plan Width": 30, "Actual Startup Time": 0.038, "Actual Total Time": 0.038, "Actual Rows": 25, "Actual Loops": 1, "Hash Buckets": 32768, "Hash Batches": 1, "Original Hash Batches": 1, "Peak Memory Usage": 2, "Plans": [{"Node Type": "Seq Scan", "Parent Relationship": "Outer", "Relation Name": "nation", "Alias": "n2", "Startup Cost": 0.0, "Total Cost": 1.25, "Plan Rows": 25, "Plan Width": 30, "Actual Startup Time": 0.015, "Actual Total Time": 0.021, "Actual Rows": 25, "Actual Loops": 1}]}]}]}]}, "Triggers": [], "Planner Runtime": 3, "Total Runtime": 7086.399, "Unique SQL Id": 3681808042}}, "(1, 109)": {"explain_plan": {"Plan": {"Node Type": "Sort", "Startup Cost": 526963.15, "Total Cost": 526963.18, "Plan Rows": 10, "Plan Width": 50, "Sort Key": ["(date_part('year'::text, orders.o_orderdate))"], "Plans": [{"Node Type": "Aggregate", "Strategy": "Hashed", "Parent Relationship": "Outer", "Startup Cost": 526962.83, "Total Cost": 526962.98, "Plan Rows": 10, "Plan Width": 50, "Group By Key": ["date_part('year'::text, orders.o_orderdate)"], "Plans": [{"Node Type": "Hash Join", "Parent Relationship": "Outer", "Join Type": "Inner", "Startup Cost": 6618.28, "Total Cost": 526843.01, "Plan Rows": 5991, "Plan Width": 50, "Inner Unique": true, "Hash Cond": "(supplier.s_nationkey = n2.n_nationkey)", "Plans": [{"Node Type": "Hash Join", "Parent Relationship": "Outer", "Join Type": "Inner", "Startup Cost": 6605.34, "Total Cost": 526732.72, "Plan Rows": 5991, "Plan Width": 28, "Inner Unique": false, "Hash Cond": "(customer.c_nationkey = n1.n_nationkey)", "Plans": [{"Node Type": "Nested Loop", "Parent Relationship": "Outer", "Join Type": "Inner", "Startup Cost": 6584.54, "Total Cost": 526572.45, "Plan Rows": 29954, "Plan Width": 32, "Inner Unique": true, "Plans": [{"Node Type": "Hash Join", "Parent Relationship": "Outer", "Join Type": "Inner", "Startup Cost": 6584.54, "Total Cost": 510320.57, "Plan Rows": 51198, "Plan Width": 36, "Inner Unique": true, "Hash Cond": "(lineitem.l_suppkey = supplier.s_suppkey)", "Plans": [{"Node Type": "Nested Loop", "Parent Relationship": "Outer", "Join Type": "Inner", "Startup Cost": 0.0, "Total Cost": 503356.69, "Plan Rows": 86479, "Plan Width": 40, "Inner Unique": true, "Plans": [{"Node Type": "Nested Loop", "Parent Relationship": "Outer", "Join Type": "Inner", "Startup Cost": 0.0, "Total Cost": 480423.82, "Plan Rows": 74637, "Plan Width": 32, "Inner Unique": false, "Plans": [{"Node Type": "Index Scan", "Parent Relationship": "Outer", "Scan Direction": "Forward", "Index Name": "part_kpey", "Relation Name": "part", "Alias": "part", "Startup Cost": 0.0, "Total Cost": 105803.25, "Plan Rows": 13538, "Plan Width": 8, "Filter": "((p_type)::text = 'SMALL PLATED COPPER'::text)"}, {"Node Type": "Index Scan", "Parent Relationship": "Inner", "Scan Direction": "Forward", "Index Name": "idx_lineitem_part_supp", "Relation Name": "lineitem", "Alias": "lineitem", "Startup Cost": 0.0, "Total Cost": 27.61, "Plan Rows": 6, "Plan Width": 40, "Index Cond": "(l_partkey = part.p_partkey)"}]}, {"Node Type": "Index Scan", "Parent Relationship": "Inner", "Scan Direction": "Forward", "Index Name": "orders_pkey", "Relation Name": "orders", "Alias": "orders", "Startup Cost": 0.0, "Total Cost": 0.3, "Plan Rows": 1, "Plan Width": 24, "Index Cond": "(o_orderkey = lineitem.l_orderkey)", "Filter": "((o_orderdate >= '1995-01-01 00:00:00'::timestamp(0) without time zone) AND (o_orderdate <= '1996-12-31 00:00:00'::timestamp(0) without time zone))"}]}, {"Node Type": "Hash", "Parent Relationship": "Inner", "Startup Cost": 5334.54, "Total Cost": 5334.54, "Plan Rows": 100000, "Plan Width": 12, "Plans": [{"Node Type": "Index Scan", "Parent Relationship": "Outer", "Scan Direction": "Forward", "Index Name": "supplier_pkey", "Relation Name": "supplier", "Alias": "supplier", "Startup Cost": 0.0, "Total Cost": 5334.54, "Plan Rows": 100000, "Plan Width": 12}]}]}, {"Node Type": "Index Scan", "Parent Relationship": "Inner", "Scan Direction": "Forward", "Index Name": "customer_pkey", "Relation Name": "customer", "Alias": "customer", "Startup Cost": 0.0, "Total Cost": 0.31, "Plan Rows": 1, "Plan Width": 12, "Index Cond": "(c_custkey = orders.o_custkey)"}]}, {"Node Type": "Hash", "Parent Relationship": "Inner", "Startup Cost": 20.74, "Total Cost": 20.74, "Plan Rows": 5, "Plan Width": 4, "Plans": [{"Node Type": "Nested Loop", "Parent Relationship": "Outer", "Join Type": "Inner", "Startup Cost": 0.0, "Total Cost": 20.74, "Plan Rows": 5, "Plan Width": 4, "Inner Unique": false, "Plans": [{"Node Type": "Index Scan", "Parent Relationship": "Outer", "Scan Direction": "Forward", "Index Name": "region_pkey", "Relation Name": "region", "Alias": "region", "Startup Cost": 0.0, "Total Cost": 12.34, "Plan Rows": 1, "Plan Width": 4, "Filter": "(r_name = 'ASIA'::bpchar)"}, {"Node Type": "Index Scan", "Parent Relationship": "Inner", "Scan Direction": "Forward", "Index Name": "idx_nation_regionkey", "Relation Name": "nation", "Alias": "n1", "Startup Cost": 0.0, "Total Cost": 8.35, "Plan Rows": 5, "Plan Width": 8, "Index Cond": "(n_regionkey = region.r_regionkey)"}]}]}]}, {"Node Type": "Hash", "Parent Relationship": "Inner", "Startup Cost": 12.62, "Total Cost": 12.62, "Plan Rows": 25, "Plan Width": 30, "Plans": [{"Node Type": "Index Scan", "Parent Relationship": "Outer", "Scan Direction": "Forward", "Index Name": "nation_pkey", "Relation Name": "nation", "Alias": "n2", "Startup Cost": 0.0, "Total Cost": 12.62, "Plan Rows": 25, "Plan Width": 30}]}]}]}]}, "Unique SQL Id": 3681808042, "Planner Runtime": 3}, "explain_analyze_plan": {"Plan": {"Node Type": "Sort", "Startup Cost": 526963.15, "Total Cost": 526963.18, "Plan Rows": 10, "Plan Width": 50, "Actual Startup Time": 7593.695, "Actual Total Time": 7593.695, "Actual Rows": 2, "Actual Loops": 1, "Sort Key": ["(date_part('year'::text, orders.o_orderdate))"], "Sort Method": "quicksort", "Sort Space Used": 25, "Sort Space Type": "Memory", "Plans": [{"Node Type": "Aggregate", "Strategy": "Hashed", "Parent Relationship": "Outer", "Startup Cost": 526962.83, "Total Cost": 526962.98, "Plan Rows": 10, "Plan Width": 50, "Actual Startup Time": 7593.678, "Actual Total Time": 7593.679, "Actual Rows": 2, "Actual Loops": 1, "Group By Key": ["date_part('year'::text, orders.o_orderdate)"], "Plans": [{"Node Type": "Hash Join", "Parent Relationship": "Outer", "Join Type": "Inner", "Startup Cost": 6618.28, "Total Cost": 526843.01, "Plan Rows": 5991, "Plan Width": 50, "Actual Startup Time": 108.834, "Actual Total Time": 7556.085, "Actual Rows": 23929, "Actual Loops": 1, "Inner Unique": true, "Hash Cond": "(supplier.s_nationkey = n2.n_nationkey)", "Plans": [{"Node Type": "Hash Join", "Parent Relationship": "Outer", "Join Type": "Inner", "Startup Cost": 6605.34, "Total Cost": 526732.72, "Plan Rows": 5991, "Plan Width": 28, "Actual Startup Time": 108.741, "Actual Total Time": 7523.733, "Actual Rows": 23929, "Actual Loops": 1, "Inner Unique": false, "Hash Cond": "(customer.c_nationkey = n1.n_nationkey)", "Plans": [{"Node Type": "Nested Loop", "Parent Relationship": "Outer", "Join Type": "Inner", "Startup Cost": 6584.54, "Total Cost": 526572.45, "Plan Rows": 29954, "Plan Width": 32, "Actual Startup Time": 108.431, "Actual Total Time": 7485.765, "Actual Rows": 119765, "Actual Loops": 1, "Inner Unique": true, "Plans": [{"Node Type": "Hash Join", "Parent Relationship": "Outer", "Join Type": "Inner", "Startup Cost": 6584.54, "Total Cost": 510320.57, "Plan Rows": 51198, "Plan Width": 36, "Actual Startup Time": 108.394, "Actual Total Time": 6490.682, "Actual Rows": 119765, "Actual Loops": 1, "Inner Unique": true, "Hash Cond": "(lineitem.l_suppkey = supplier.s_suppkey)", "Plans": [{"Node Type": "Nested Loop", "Parent Relationship": "Outer", "Join Type": "Inner", "Startup Cost": 0.0, "Total Cost": 503356.69, "Plan Rows": 86479, "Plan Width": 40, "Actual Startup Time": 0.182, "Actual Total Time": 6301.075, "Actual Rows": 119765, "Actual Loops": 1, "Inner Unique": true, "Plans": [{"Node Type": "Nested Loop", "Parent Relationship": "Outer", "Join Type": "Inner", "Startup Cost": 0.0, "Total Cost": 480423.82, "Plan Rows": 74637, "Plan Width": 32, "Actual Startup Time": 0.043, "Actual Total Time": 2753.622, "Actual Rows": 395341, "Actual Loops": 1, "Inner Unique": false, "Plans": [{"Node Type": "Index Scan", "Parent Relationship": "Outer", "Scan Direction": "Forward", "Index Name": "part_kpey", "Relation Name": "part", "Alias": "part", "Startup Cost": 0.0, "Total Cost": 105803.25, "Plan Rows": 13538, "Plan Width": 8, "Actual Startup Time": 0.028, "Actual Total Time": 1463.221, "Actual Rows": 13163, "Actual Loops": 1, "Filter": "((p_type)::text = 'SMALL PLATED COPPER'::text)", "Rows Removed by Filter": 1986837}, {"Node Type": "Index Scan", "Parent Relationship": "Inner", "Scan Direction": "Forward", "Index Name": "idx_lineitem_part_supp", "Relation Name": "lineitem", "Alias": "lineitem", "Startup Cost": 0.0, "Total Cost": 27.61, "Plan Rows": 6, "Plan Width": 40, "Actual Startup Time": 154.362, "Actual Total Time": 1188.764, "Actual Rows": 395341, "Actual Loops": 13163, "Index Cond": "(l_partkey = part.p_partkey)", "Rows Removed by Index Recheck": 0}]}, {"Node Type": "Index Scan", "Parent Relationship": "Inner", "Scan Direction": "Forward", "Index Name": "orders_pkey", "Relation Name": "orders", "Alias": "orders", "Startup Cost": 0.0, "Total Cost": 0.3, "Plan Rows": 1, "Plan Width": 24, "Actual Startup Time": 3309.298, "Actual Total Time": 3309.298, "Actual Rows": 119765, "Actual Loops": 395341, "Index Cond": "(o_orderkey = lineitem.l_orderkey)", "Rows Removed by Index Recheck": 0, "Filter": "((o_orderdate >= '1995-01-01 00:00:00'::timestamp(0) without time zone) AND (o_orderdate <= '1996-12-31 00:00:00'::timestamp(0) without time zone))", "Rows Removed by Filter": 275576}]}, {"Node Type": "Hash", "Parent Relationship": "Inner", "Startup Cost": 5334.54, "Total Cost": 5334.54, "Plan Rows": 100000, "Plan Width": 12, "Actual Startup Time": 108.093, "Actual Total Time": 108.093, "Actual Rows": 100000, "Actual Loops": 1, "Hash Buckets": 131072, "Hash Batches": 1, "Original Hash Batches": 1, "Peak Memory Usage": 4297, "Plans": [{"Node Type": "Index Scan", "Parent Relationship": "Outer", "Scan Direction": "Forward", "Index Name": "supplier_pkey", "Relation Name": "supplier", "Alias": "supplier", "Startup Cost": 0.0, "Total Cost": 5334.54, "Plan Rows": 100000, "Plan Width": 12, "Actual Startup Time": 0.021, "Actual Total Time": 80.1, "Actual Rows": 100000, "Actual Loops": 1}]}]}, {"Node Type": "Index Scan", "Parent Relationship": "Inner", "Scan Direction": "Forward", "Index Name": "customer_pkey", "Relation Name": "customer", "Alias": "customer", "Startup Cost": 0.0, "Total Cost": 0.31, "Plan Rows": 1, "Plan Width": 12, "Actual Startup Time": 884.223, "Actual Total Time": 884.223, "Actual Rows": 119765, "Actual Loops": 119765, "Index Cond": "(c_custkey = orders.o_custkey)", "Rows Removed by Index Recheck": 0}]}, {"Node Type": "Hash", "Parent Relationship": "Inner", "Startup Cost": 20.74, "Total Cost": 20.74, "Plan Rows": 5, "Plan Width": 4, "Actual Startup Time": 0.027, "Actual Total Time": 0.027, "Actual Rows": 5, "Actual Loops": 1, "Hash Buckets": 32768, "Hash Batches": 1, "Original Hash Batches": 1, "Peak Memory Usage": 1, "Plans": [{"Node Type": "Nested Loop", "Parent Relationship": "Outer", "Join Type": "Inner", "Startup Cost": 0.0, "Total Cost": 20.74, "Plan Rows": 5, "Plan Width": 4, "Actual Startup Time": 0.018, "Actual Total Time": 0.024, "Actual Rows": 5, "Actual Loops": 1, "Inner Unique": false, "Plans": [{"Node Type": "Index Scan", "Parent Relationship": "Outer", "Scan Direction": "Forward", "Index Name": "region_pkey", "Relation Name": "region", "Alias": "region", "Startup Cost": 0.0, "Total Cost": 12.34, "Plan Rows": 1, "Plan Width": 4, "Actual Startup Time": 0.009, "Actual Total Time": 0.01, "Actual Rows": 1, "Actual Loops": 1, "Filter": "(r_name = 'ASIA'::bpchar)", "Rows Removed by Filter": 4}, {"Node Type": "Index Scan", "Parent Relationship": "Inner", "Scan Direction": "Forward", "Index Name": "idx_nation_regionkey", "Relation Name": "nation", "Alias": "n1", "Startup Cost": 0.0, "Total Cost": 8.35, "Plan Rows": 5, "Plan Width": 8, "Actual Startup Time": 0.007, "Actual Total Time": 0.009, "Actual Rows": 5, "Actual Loops": 1, "Index Cond": "(n_regionkey = region.r_regionkey)", "Rows Removed by Index Recheck": 0}]}]}]}, {"Node Type": "Hash", "Parent Relationship": "Inner", "Startup Cost": 12.62, "Total Cost": 12.62, "Plan Rows": 25, "Plan Width": 30, "Actual Startup Time": 0.04, "Actual Total Time": 0.04, "Actual Rows": 25, "Actual Loops": 1, "Hash Buckets": 32768, "Hash Batches": 1, "Original Hash Batches": 1, "Peak Memory Usage": 2, "Plans": [{"Node Type": "Index Scan", "Parent Relationship": "Outer", "Scan Direction": "Forward", "Index Name": "nation_pkey", "Relation Name": "nation", "Alias": "n2", "Startup Cost": 0.0, "Total Cost": 12.62, "Plan Rows": 25, "Plan Width": 30, "Actual Startup Time": 0.011, "Actual Total Time": 0.027, "Actual Rows": 25, "Actual Loops": 1}]}]}]}]}, "Triggers": [], "Planner Runtime": 3, "Total Runtime": 7594.11, "Unique SQL Id": 3681808042}}, "(1, 110)": {"explain_plan": {"Plan": {"Node Type": "Sort", "Startup Cost": 2907141.92, "Total Cost": 2907141.94, "Plan Rows": 10, "Plan Width": 50, "Sort Key": ["(date_part('year'::text, orders.o_orderdate))"], "Plans": [{"Node Type": "Aggregate", "Strategy": "Hashed", "Parent Relationship": "Outer", "Startup Cost": 2907141.6, "Total Cost": 2907141.75, "Plan Rows": 10, "Plan Width": 50, "Group By Key": ["date_part('year'::text, orders.o_orderdate)"], "Plans": [{"Node Type": "Hash Join", "Parent Relationship": "Outer", "Join Type": "Inner", "Startup Cost": 664848.38, "Total Cost": 2907021.78, "Plan Rows": 5991, "Plan Width": 50, "Inner Unique": true, "Hash Cond": "(supplier.s_nationkey = n2.n_nationkey)", "Plans": [{"Node Type": "Hash Join", "Parent Relationship": "Outer", "Join Type": "Inner", "Startup Cost": 664846.82, "Total Cost": 2906922.86, "Plan Rows": 5991, "Plan Width": 28, "Inner Unique": true, "Hash Cond": "(lineitem.l_suppkey = supplier.s_suppkey)", "Plans": [{"Node Type": "Hash Join", "Parent Relationship": "Outer", "Join Type": "Inner", "Startup Cost": 660313.82, "Total Cost": 2902243.54, "Plan Rows": 17296, "Plan Width": 32, "Inner Unique": false, "Hash Cond": "(lineitem.l_orderkey = orders.o_orderkey)", "Plans": [{"Node Type": "Hash Join", "Parent Relationship": "Outer", "Join Type": "Inner", "Startup Cost": 67113.23, "Total Cost": 2307926.3, "Plan Rows": 74637, "Plan Width": 32, "Inner Unique": true, "Hash Cond": "(lineitem.l_partkey = part.p_partkey)", "Plans": [{"Node Type": "Seq Scan", "Parent Relationship": "Outer", "Relation Name": "lineitem", "Alias": "lineitem", "Startup Cost": 0.0, "Total Cost": 2015115.33, "Plan Rows": 59987033, "Plan Width": 40}, {"Node Type": "Hash", "Parent Relationship": "Inner", "Startup Cost": 66944.0, "Total Cost": 66944.0, "Plan Rows": 13538, "Plan Width": 8, "Plans": [{"Node Type": "Seq Scan", "Parent Relationship": "Outer", "Relation Name": "part", "Alias": "part", "Startup Cost": 0.0, "Total Cost": 66944.0, "Plan Rows": 13538, "Plan Width": 8, "Filter": "((p_type)::text = 'SMALL PLATED COPPER'::text)"}]}]}, {"Node Type": "Hash", "Parent Relationship": "Inner", "Startup Cost": 586571.9, "Total Cost": 586571.9, "Plan Rows": 530296, "Plan Width": 16, "Plans": [{"Node Type": "Hash Join", "Parent Relationship": "Outer", "Join Type": "Inner", "Startup Cost": 63058.61, "Total Cost": 586571.9, "Plan Rows": 530296, "Plan Width": 16, "Inner Unique": false, "Hash Cond": "(orders.o_custkey = customer.c_custkey), (LLVM Optimized)", "Plans": [{"Node Type": "Seq Scan", "Parent Relationship": "Outer", "Relation Name": "orders", "Alias": "orders", "Startup Cost": 195.74, "Total Cost": 501411.18, "Plan Rows": 4531967, "Plan Width": 24, "Filter": "((o_orderdate >= '1995-01-01 00:00:00'::timestamp(0) without time zone) AND (o_orderdate <= '1996-12-31 00:00:00'::timestamp(0) without time zone)), (LLVM Optimized)"}, {"Node Type": "Hash", "Parent Relationship": "Inner", "Startup Cost": 59112.88, "Total Cost": 59112.88, "Plan Rows": 300000, "Plan Width": 8, "Plans": [{"Node Type": "Hash Join", "Parent Relationship": "Outer", "Join Type": "Inner", "Startup Cost": 2.5, "Total Cost": 59112.88, "Plan Rows": 300000, "Plan Width": 8, "Inner Unique": false, "Hash Cond": "(customer.c_nationkey = n1.n_nationkey), (LLVM Optimized)", "Plans": [{"Node Type": "Seq Scan", "Parent Relationship": "Outer", "Relation Name": "customer", "Alias": "customer", "Startup Cost": 0.0, "Total Cost": 52126.0, "Plan Rows": 1500000, "Plan Width": 12}, {"Node Type": "Hash", "Parent Relationship": "Inner", "Startup Cost": 2.44, "Total Cost": 2.44, "Plan Rows": 5, "Plan Width": 4, "Plans": [{"Node Type": "Hash Join", "Parent Relationship": "Outer", "Join Type": "Inner", "Startup Cost": 1.07, "Total Cost": 2.44, "Plan Rows": 5, "Plan Width": 4, "Inner Unique": true, "Hash Cond": "(n1.n_regionkey = region.r_regionkey)", "Plans": [{"Node Type": "Seq Scan", "Parent Relationship": "Outer", "Relation Name": "nation", "Alias": "n1", "Startup Cost": 0.0, "Total Cost": 1.25, "Plan Rows": 25, "Plan Width": 8}, {"Node Type": "Hash", "Parent Relationship": "Inner", "Startup Cost": 1.06, "Total Cost": 1.06, "Plan Rows": 1, "Plan Width": 4, "Plans": [{"Node Type": "Seq Scan", "Parent Relationship": "Outer", "Relation Name": "region", "Alias": "region", "Startup Cost": 0.0, "Total Cost": 1.06, "Plan Rows": 1, "Plan Width": 4, "Filter": "(r_name = 'ASIA'::bpchar)"}]}]}]}]}]}]}]}]}, {"Node Type": "Hash", "Parent Relationship": "Inner", "Startup Cost": 3283.0, "Total Cost": 3283.0, "Plan Rows": 100000, "Plan Width": 12, "Plans": [{"Node Type": "Seq Scan", "Parent Relationship": "Outer", "Relation Name": "supplier", "Alias": "supplier", "Startup Cost": 0.0, "Total Cost": 3283.0, "Plan Rows": 100000, "Plan Width": 12}]}]}, {"Node Type": "Hash", "Parent Relationship": "Inner", "Startup Cost": 1.25, "Total Cost": 1.25, "Plan Rows": 25, "Plan Width": 30, "Plans": [{"Node Type": "Seq Scan", "Parent Relationship": "Outer", "Relation Name": "nation", "Alias": "n2", "Startup Cost": 0.0, "Total Cost": 1.25, "Plan Rows": 25, "Plan Width": 30}]}]}]}]}, "Unique SQL Id": 3681808042, "Planner Runtime": 3}, "explain_analyze_plan": null}, "(1, 111)": {"explain_plan": {"Plan": {"Node Type": "Sort", "Startup Cost": 8000424381987.15, "Total Cost": 8000424381987.18, "Plan Rows": 10, "Plan Width": 50, "Sort Key": ["(date_part('year'::text, orders.o_orderdate))"], "Plans": [{"Node Type": "Aggregate", "Strategy": "Hashed", "Parent Relationship": "Outer", "Startup Cost": 8000424381986.84, "Total Cost": 8000424381986.99, "Plan Rows": 10, "Plan Width": 50, "Group By Key": ["date_part('year'::text, orders.o_orderdate)"], "Plans": [{"Node Type": "Hash Join", "Parent Relationship": "Outer", "Join Type": "Inner", "Startup Cost": 6020424107984.83, "Total Cost": 8000424381867.02, "Plan Rows": 5991, "Plan Width": 50, "Inner Unique": true, "Hash Cond": "(supplier.s_nationkey = n2.n_nationkey)", "Plans": [{"Node Type": "Hash Join", "Parent Relationship": "Outer", "Join Type": "Inner", "Startup Cost": 5020424106722.02, "Total Cost": 7000424380506.85, "Plan Rows": 5991, "Plan Width": 28, "Inner Unique": true, "Hash Cond": "(lineitem.l_suppkey = supplier.s_suppkey)", "Plans": [{"Node Type": "Hash Join", "Parent Relationship": "Outer", "Join Type": "Inner", "Startup Cost": 4020423572017.64, "Total Cost": 6000423845656.15, "Plan Rows": 17296, "Plan Width": 32, "Inner Unique": false, "Hash Cond": "(orders.o_orderkey = lineitem.l_orderkey)", "Plans": [{"Node Type": "Hash Join", "Parent Relationship": "Outer", "Join Type": "Inner", "Startup Cost": 2020088749518.21, "Total Cost": 4000089018342.74, "Plan Rows": 530296, "Plan Width": 16, "Inner Unique": false, "Hash Cond": "(customer.c_custkey = orders.o_custkey), (LLVM Optimized)", "Plans": [{"Node Type": "Hash Join", "Parent Relationship": "Outer", "Join Type": "Inner", "Startup Cost": 1020008095285.62, "Total Cost": 3000008100432.19, "Plan Rows": 300000, "Plan Width": 8, "Inner Unique": false, "Hash Cond": "(n1.n_nationkey = customer.c_nationkey), (LLVM Optimized)", "Plans": [{"Node Type": "Nested Loop", "Parent Relationship": "Outer", "Join Type": "Inner", "Startup Cost": 20000000000.0, "Total Cost": 2000000002068.8, "Plan Rows": 5, "Plan Width": 4, "Inner Unique": false, "Plans": [{"Node Type": "Index Scan", "Parent Relationship": "Outer", "Scan Direction": "Forward", "Index Name": "region_pkey", "Relation Name": "region", "Alias": "region", "Startup Cost": 10000000000.0, "Total Cost": 1000000001233.75, "Plan Rows": 1, "Plan Width": 4, "Filter": "(r_name = 'ASIA'::bpchar)"}, {"Node Type": "Index Scan", "Parent Relationship": "Inner", "Scan Direction": "Forward", "Index Name": "idx_nation_regionkey", "Relation Name": "nation", "Alias": "n1", "Startup Cost": 10000000000.0, "Total Cost": 1000000000835.0, "Plan Rows": 5, "Plan Width": 8, "Index Cond": "(n_regionkey = region.r_regionkey)"}]}, {"Node Type": "Hash", "Parent Relationship": "Inner", "Startup Cost": 1000008076535.62, "Total Cost": 1000008076535.62, "Plan Rows": 1500000, "Plan Width": 12, "Plans": [{"Node Type": "Index Scan", "Parent Relationship": "Outer", "Scan Direction": "Forward", "Index Name": "customer_pkey", "Relation Name": "customer", "Alias": "customer", "Startup Cost": 10000000000.0, "Total Cost": 1000008076535.62, "Plan Rows": 1500000, "Plan Width": 12}]}]}, {"Node Type": "Hash", "Parent Relationship": "Inner", "Startup Cost": 1000080597583.0, "Total Cost": 1000080597583.0, "Plan Rows": 4531967, "Plan Width": 24, "Plans": [{"Node Type": "Index Scan", "Parent Relationship": "Outer", "Scan Direction": "Forward", "Index Name": "orders_pkey", "Relation Name": "orders", "Alias": "orders", "Startup Cost": 10000000000.0, "Total Cost": 1000080597583.0, "Plan Rows": 4531967, "Plan Width": 24, "Filter": "((o_orderdate >= '1995-01-01 00:00:00'::timestamp(0) without time zone) AND (o_orderdate <= '1996-12-31 00:00:00'::timestamp(0) without time zone)), (LLVM Optimized)"}]}]}, {"Node Type": "Hash", "Parent Relationship": "Inner", "Startup Cost": 2000334821566.47, "Total Cost": 2000334821566.47, "Plan Rows": 74637, "Plan Width": 32, "Plans": [{"Node Type": "Hash Join", "Parent Relationship": "Outer", "Join Type": "Inner", "Startup Cost": 1010010580494.22, "Total Cost": 2000334821566.47, "Plan Rows": 74637, "Plan Width": 32, "Inner Unique": true, "Hash Cond": "(lineitem.l_partkey = part.p_partkey)", "Plans": [{"Node Type": "Index Scan", "Parent Relationship": "Outer", "Scan Direction": "Forward", "Index Name": "idx_lineitem_orderkey", "Relation Name": "lineitem", "Alias": "lineitem", "Startup Cost": 10000000000.0, "Total Cost": 1000324015374.5, "Plan Rows": 59987033, "Plan Width": 40}, {"Node Type": "Hash", "Parent Relationship": "Inner", "Startup Cost": 1000010580325.0, "Total Cost": 1000010580325.0, "Plan Rows": 13538, "Plan Width": 8, "Plans": [{"Node Type": "Index Scan", "Parent Relationship": "Outer", "Scan Direction": "Forward", "Index Name": "part_kpey", "Relation Name": "part", "Alias": "part", "Startup Cost": 10000000000.0, "Total Cost": 1000010580325.0, "Plan Rows": 13538, "Plan Width": 8, "Filter": "((p_type)::text = 'SMALL PLATED COPPER'::text)"}]}]}]}]}, {"Node Type": "Hash", "Parent Relationship": "Inner", "Startup Cost": 1000000533454.38, "Total Cost": 1000000533454.38, "Plan Rows": 100000, "Plan Width": 12, "Plans": [{"Node Type": "Index Scan", "Parent Relationship": "Outer", "Scan Direction": "Forward", "Index Name": "supplier_pkey", "Relation Name": "supplier", "Alias": "supplier", "Startup Cost": 10000000000.0, "Total Cost": 1000000533454.38, "Plan Rows": 100000, "Plan Width": 12}]}]}, {"Node Type": "Hash", "Parent Relationship": "Inner", "Startup Cost": 1000000001262.5, "Total Cost": 1000000001262.5, "Plan Rows": 25, "Plan Width": 30, "Plans": [{"Node Type": "Index Scan", "Parent Relationship": "Outer", "Scan Direction": "Forward", "Index Name": "nation_pkey", "Relation Name": "nation", "Alias": "n2", "Startup Cost": 10000000000.0, "Total Cost": 1000000001262.5, "Plan Rows": 25, "Plan Width": 30}]}]}]}]}, "Unique SQL Id": 3681808042, "Planner Runtime": 5}, "explain_analyze_plan": null}, "(1, 112)": {"explain_plan": {"Plan": {"Node Type": "Sort", "Startup Cost": 505096.47, "Total Cost": 505096.49, "Plan Rows": 10, "Plan Width": 50, "Sort Key": ["(date_part('year'::text, orders.o_orderdate))"], "Plans": [{"Node Type": "Aggregate", "Strategy": "Hashed", "Parent Relationship": "Outer", "Startup Cost": 505096.15, "Total Cost": 505096.3, "Plan Rows": 10, "Plan Width": 50, "Group By Key": ["date_part('year'::text, orders.o_orderdate)"], "Plans": [{"Node Type": "Nested Loop", "Parent Relationship": "Outer", "Join Type": "Inner", "Startup Cost": 0.0, "Total Cost": 504976.33, "Plan Rows": 5991, "Plan Width": 50, "Inner Unique": true, "Plans": [{"Node Type": "Nested Loop", "Parent Relationship": "Outer", "Join Type": "Inner", "Startup Cost": 0.0, "Total Cost": 503283.15, "Plan Rows": 5991, "Plan Width": 28, "Inner Unique": true, "Plans": [{"Node Type": "Nested Loop", "Parent Relationship": "Outer", "Join Type": "Inner", "Startup Cost": 0.0, "Total Cost": 498437.19, "Plan Rows": 17296, "Plan Width": 32, "Inner Unique": false, "Join Filter": "(n1.n_nationkey = customer.c_nationkey)", "Plans": [{"Node Type": "Nested Loop", "Parent Relationship": "Outer", "Join Type": "Inner", "Startup Cost": 0.0, "Total Cost": 491948.63, "Plan Rows": 86479, "Plan Width": 36, "Inner Unique": true, "Plans": [{"Node Type": "Nested Loop", "Parent Relationship": "Outer", "Join Type": "Inner", "Startup Cost": 0.0, "Total Cost": 464497.44, "Plan Rows": 86479, "Plan Width": 40, "Inner Unique": true, "Plans": [{"Node Type": "Nested Loop", "Parent Relationship": "Outer", "Join Type": "Inner", "Startup Cost": 0.0, "Total Cost": 441564.57, "Plan Rows": 74637, "Plan Width": 32, "Inner Unique": false, "Plans": [{"Node Type": "Seq Scan", "Parent Relationship": "Outer", "Relation Name": "part", "Alias": "part", "Startup Cost": 0.0, "Total Cost": 66944.0, "Plan Rows": 13538, "Plan Width": 8, "Filter": "((p_type)::text = 'SMALL PLATED COPPER'::text)"}, {"Node Type": "Index Scan", "Parent Relationship": "Inner", "Scan Direction": "Forward", "Index Name": "idx_lineitem_part_supp", "Relation Name": "lineitem", "Alias": "lineitem", "Startup Cost": 0.0, "Total Cost": 27.61, "Plan Rows": 6, "Plan Width": 40, "Index Cond": "(l_partkey = part.p_partkey)"}]}, {"Node Type": "Index Scan", "Parent Relationship": "Inner", "Scan Direction": "Forward", "Index Name": "orders_pkey", "Relation Name": "orders", "Alias": "orders", "Startup Cost": 0.0, "Total Cost": 0.3, "Plan Rows": 1, "Plan Width": 24, "Index Cond": "(o_orderkey = lineitem.l_orderkey)", "Filter": "((o_orderdate >= '1995-01-01 00:00:00'::timestamp(0) without time zone) AND (o_orderdate <= '1996-12-31 00:00:00'::timestamp(0) without time zone))"}]}, {"Node Type": "Index Scan", "Parent Relationship": "Inner", "Scan Direction": "Forward", "Index Name": "customer_pkey", "Relation Name": "customer", "Alias": "customer", "Startup Cost": 0.0, "Total Cost": 0.31, "Plan Rows": 1, "Plan Width": 12, "Index Cond": "(c_custkey = orders.o_custkey)"}]}, {"Node Type": "Materialize", "Parent Relationship": "Inner", "Startup Cost": 0.0, "Total Cost": 2.65, "Plan Rows": 5, "Plan Width": 4, "Plans": [{"Node Type": "Nested Loop", "Parent Relationship": "Outer", "Join Type": "Inner", "Startup Cost": 0.0, "Total Cost": 2.62, "Plan Rows": 5, "Plan Width": 4, "Inner Unique": false, "Join Filter": "(n1.n_regionkey = region.r_regionkey)", "Plans": [{"Node Type": "Seq Scan", "Parent Relationship": "Outer", "Relation Name": "region", "Alias": "region", "Startup Cost": 0.0, "Total Cost": 1.06, "Plan Rows": 1, "Plan Width": 4, "Filter": "(r_name = 'ASIA'::bpchar)"}, {"Node Type": "Seq Scan", "Parent Relationship": "Inner", "Relation Name": "nation", "Alias": "n1", "Startup Cost": 0.0, "Total Cost": 1.25, "Plan Rows": 25, "Plan Width": 8}]}]}]}, {"Node Type": "Index Scan", "Parent Relationship": "Inner", "Scan Direction": "Forward", "Index Name": "supplier_pkey", "Relation Name": "supplier", "Alias": "supplier", "Startup Cost": 0.0, "Total Cost": 0.27, "Plan Rows": 1, "Plan Width": 12, "Index Cond": "(s_suppkey = lineitem.l_suppkey)"}]}, {"Node Type": "Index Scan", "Parent Relationship": "Inner", "Scan Direction": "Forward", "Index Name": "nation_pkey", "Relation Name": "nation", "Alias": "n2", "Startup Cost": 0.0, "Total Cost": 0.27, "Plan Rows": 1, "Plan Width": 30, "Index Cond": "(n_nationkey = supplier.s_nationkey)"}]}]}]}, "Unique SQL Id": 3681808042, "Planner Runtime": 2}, "explain_analyze_plan": {"Plan": {"Node Type": "Sort", "Startup Cost": 505096.47, "Total Cost": 505096.49, "Plan Rows": 10, "Plan Width": 50, "Actual Startup Time": 6667.023, "Actual Total Time": 6667.023, "Actual Rows": 2, "Actual Loops": 1, "Sort Key": ["(date_part('year'::text, orders.o_orderdate))"], "Sort Method": "quicksort", "Sort Space Used": 25, "Sort Space Type": "Memory", "Plans": [{"Node Type": "Aggregate", "Strategy": "Hashed", "Parent Relationship": "Outer", "Startup Cost": 505096.15, "Total Cost": 505096.3, "Plan Rows": 10, "Plan Width": 50, "Actual Startup Time": 6666.995, "Actual Total Time": 6666.997, "Actual Rows": 2, "Actual Loops": 1, "Group By Key": ["date_part('year'::text, orders.o_orderdate)"], "Plans": [{"Node Type": "Nested Loop", "Parent Relationship": "Outer", "Join Type": "Inner", "Startup Cost": 0.0, "Total Cost": 504976.33, "Plan Rows": 5991, "Plan Width": 50, "Actual Startup Time": 0.426, "Actual Total Time": 6626.925, "Actual Rows": 23929, "Actual Loops": 1, "Inner Unique": true, "Plans": [{"Node Type": "Nested Loop", "Parent Relationship": "Outer", "Join Type": "Inner", "Startup Cost": 0.0, "Total Cost": 503283.15, "Plan Rows": 5991, "Plan Width": 28, "Actual Startup Time": 0.413, "Actual Total Time": 6538.132, "Actual Rows": 23929, "Actual Loops": 1, "Inner Unique": true, "Plans": [{"Node Type": "Nested Loop", "Parent Relationship": "Outer", "Join Type": "Inner", "Startup Cost": 0.0, "Total Cost": 498437.19, "Plan Rows": 17296, "Plan Width": 32, "Actual Startup Time": 0.402, "Actual Total Time": 6376.3, "Actual Rows": 23929, "Actual Loops": 1, "Inner Unique": false, "Join Filter": "(n1.n_nationkey = customer.c_nationkey)", "Rows Removed by Join Filter": 574896, "Plans": [{"Node Type": "Nested Loop", "Parent Relationship": "Outer", "Join Type": "Inner", "Startup Cost": 0.0, "Total Cost": 491948.63, "Plan Rows": 86479, "Plan Width": 36, "Actual Startup Time": 0.194, "Actual Total Time": 6158.929, "Actual Rows": 119765, "Actual Loops": 1, "Inner Unique": true, "Plans": [{"Node Type": "Nested Loop", "Parent Relationship": "Outer", "Join Type": "Inner", "Startup Cost": 0.0, "Total Cost": 464497.44, "Plan Rows": 86479, "Plan Width": 40, "Actual Startup Time": 0.184, "Actual Total Time": 5243.29, "Actual Rows": 119765, "Actual Loops": 1, "Inner Unique": true, "Plans": [{"Node Type": "Nested Loop", "Parent Relationship": "Outer", "Join Type": "Inner", "Startup Cost": 0.0, "Total Cost": 441564.57, "Plan Rows": 74637, "Plan Width": 32, "Actual Startup Time": 0.073, "Actual Total Time": 1943.41, "Actual Rows": 395341, "Actual Loops": 1, "Inner Unique": false, "Plans": [{"Node Type": "Seq Scan", "Parent Relationship": "Outer", "Relation Name": "part", "Alias": "part", "Startup Cost": 0.0, "Total Cost": 66944.0, "Plan Rows": 13538, "Plan Width": 8, "Actual Startup Time": 0.034, "Actual Total Time": 762.451, "Actual Rows": 13163, "Actual Loops": 1, "Filter": "((p_type)::text = 'SMALL PLATED COPPER'::text)", "Rows Removed by Filter": 1986837}, {"Node Type": "Index Scan", "Parent Relationship": "Inner", "Scan Direction": "Forward", "Index Name": "idx_lineitem_part_supp", "Relation Name": "lineitem", "Alias": "lineitem", "Startup Cost": 0.0, "Total Cost": 27.61, "Plan Rows": 6, "Plan Width": 40, "Actual Startup Time": 149.18, "Actual Total Time": 1074.779, "Actual Rows": 395341, "Actual Loops": 13163, "Index Cond": "(l_partkey = part.p_partkey)", "Rows Removed by Index Recheck": 0}]}, {"Node Type": "Index Scan", "Parent Relationship": "Inner", "Scan Direction": "Forward", "Index Name": "orders_pkey", "Relation Name": "orders", "Alias": "orders", "Startup Cost": 0.0, "Total Cost": 0.3, "Plan Rows": 1, "Plan Width": 24, "Actual Startup Time": 3052.025, "Actual Total Time": 3052.025, "Actual Rows": 119765, "Actual Loops": 395341, "Index Cond": "(o_orderkey = lineitem.l_orderkey)", "Rows Removed by Index Recheck": 0, "Filter": "((o_orderdate >= '1995-01-01 00:00:00'::timestamp(0) without time zone) AND (o_orderdate <= '1996-12-31 00:00:00'::timestamp(0) without time zone))", "Rows Removed by Filter": 275576}]}, {"Node Type": "Index Scan", "Parent Relationship": "Inner", "Scan Direction": "Forward", "Index Name": "customer_pkey", "Relation Name": "customer", "Alias": "customer", "Startup Cost": 0.0, "Total Cost": 0.31, "Plan Rows": 1, "Plan Width": 12, "Actual Startup Time": 807.54, "Actual Total Time": 807.54, "Actual Rows": 119765, "Actual Loops": 119765, "Index Cond": "(c_custkey = orders.o_custkey)", "Rows Removed by Index Recheck": 0}]}, {"Node Type": "Materialize", "Parent Relationship": "Inner", "Startup Cost": 0.0, "Total Cost": 2.65, "Plan Rows": 5, "Plan Width": 4, "Actual Startup Time": 12.511, "Actual Total Time": 64.751, "Actual Rows": 598825, "Actual Loops": 119765, "Plans": [{"Node Type": "Nested Loop", "Parent Relationship": "Outer", "Join Type": "Inner", "Startup Cost": 0.0, "Total Cost": 2.62, "Plan Rows": 5, "Plan Width": 4, "Actual Startup Time": 0.039, "Actual Total Time": 0.047, "Actual Rows": 5, "Actual Loops": 1, "Inner Unique": false, "Join Filter": "(n1.n_regionkey = region.r_regionkey)", "Rows Removed by Join Filter": 20, "Plans": [{"Node Type": "Seq Scan", "Parent Relationship": "Outer", "Relation Name": "region", "Alias": "region", "Startup Cost": 0.0, "Total Cost": 1.06, "Plan Rows": 1, "Plan Width": 4, "Actual Startup Time": 0.009, "Actual Total Time": 0.01, "Actual Rows": 1, "Actual Loops": 1, "Filter": "(r_name = 'ASIA'::bpchar)", "Rows Removed by Filter": 4}, {"Node Type": "Seq Scan", "Parent Relationship": "Inner", "Relation Name": "nation", "Alias": "n1", "Startup Cost": 0.0, "Total Cost": 1.25, "Plan Rows": 25, "Plan Width": 8, "Actual Startup Time": 0.018, "Actual Total Time": 0.022, "Actual Rows": 25, "Actual Loops": 1}]}]}]}, {"Node Type": "Index Scan", "Parent Relationship": "Inner", "Scan Direction": "Forward", "Index Name": "supplier_pkey", "Relation Name": "supplier", "Alias": "supplier", "Startup Cost": 0.0, "Total Cost": 0.27, "Plan Rows": 1, "Plan Width": 12, "Actual Startup Time": 130.532, "Actual Total Time": 130.532, "Actual Rows": 23929, "Actual Loops": 23929, "Index Cond": "(s_suppkey = lineitem.l_suppkey)", "Rows Removed by Index Recheck": 0}]}, {"Node Type": "Index Scan", "Parent Relationship": "Inner", "Scan Direction": "Forward", "Index Name": "nation_pkey", "Relation Name": "nation", "Alias": "n2", "Startup Cost": 0.0, "Total Cost": 0.27, "Plan Rows": 1, "Plan Width": 30, "Actual Startup Time": 41.763, "Actual Total Time": 41.763, "Actual Rows": 23929, "Actual Loops": 23929, "Index Cond": "(n_nationkey = supplier.s_nationkey)", "Rows Removed by Index Recheck": 0}]}]}]}, "Triggers": [], "Planner Runtime": 2, "Total Runtime": 6667.486, "Unique SQL Id": 3681808042}}, "(1, 113)": {"explain_plan": {"Plan": {"Node Type": "Sort", "Startup Cost": 543973.83, "Total Cost": 543973.85, "Plan Rows": 10, "Plan Width": 50, "Sort Key": ["(date_part('year'::text, orders.o_orderdate))"], "Plans": [{"Node Type": "Aggregate", "Strategy": "Hashed", "Parent Relationship": "Outer", "Startup Cost": 543973.51, "Total Cost": 543973.66, "Plan Rows": 10, "Plan Width": 50, "Group By Key": ["date_part('year'::text, orders.o_orderdate)"], "Plans": [{"Node Type": "Nested Loop", "Parent Relationship": "Outer", "Join Type": "Inner", "Startup Cost": 0.0, "Total Cost": 543853.69, "Plan Rows": 5991, "Plan Width": 50, "Inner Unique": true, "Plans": [{"Node Type": "Nested Loop", "Parent Relationship": "Outer", "Join Type": "Inner", "Startup Cost": 0.0, "Total Cost": 542160.52, "Plan Rows": 5991, "Plan Width": 28, "Inner Unique": true, "Plans": [{"Node Type": "Nested Loop", "Parent Relationship": "Outer", "Join Type": "Inner", "Startup Cost": 0.0, "Total Cost": 537314.56, "Plan Rows": 17296, "Plan Width": 32, "Inner Unique": false, "Join Filter": "(n1.n_nationkey = customer.c_nationkey)", "Plans": [{"Node Type": "Nested Loop", "Parent Relationship": "Outer", "Join Type": "Inner", "Startup Cost": 0.0, "Total Cost": 530807.88, "Plan Rows": 86479, "Plan Width": 36, "Inner Unique": true, "Plans": [{"Node Type": "Nested Loop", "Parent Relationship": "Outer", "Join Type": "Inner", "Startup Cost": 0.0, "Total Cost": 503356.69, "Plan Rows": 86479, "Plan Width": 40, "Inner Unique": true, "Plans": [{"Node Type": "Nested Loop", "Parent Relationship": "Outer", "Join Type": "Inner", "Startup Cost": 0.0, "Total Cost": 480423.82, "Plan Rows": 74637, "Plan Width": 32, "Inner Unique": false, "Plans": [{"Node Type": "Index Scan", "Parent Relationship": "Outer", "Scan Direction": "Forward", "Index Name": "part_kpey", "Relation Name": "part", "Alias": "part", "Startup Cost": 0.0, "Total Cost": 105803.25, "Plan Rows": 13538, "Plan Width": 8, "Filter": "((p_type)::text = 'SMALL PLATED COPPER'::text)"}, {"Node Type": "Index Scan", "Parent Relationship": "Inner", "Scan Direction": "Forward", "Index Name": "idx_lineitem_part_supp", "Relation Name": "lineitem", "Alias": "lineitem", "Startup Cost": 0.0, "Total Cost": 27.61, "Plan Rows": 6, "Plan Width": 40, "Index Cond": "(l_partkey = part.p_partkey)"}]}, {"Node Type": "Index Scan", "Parent Relationship": "Inner", "Scan Direction": "Forward", "Index Name": "orders_pkey", "Relation Name": "orders", "Alias": "orders", "Startup Cost": 0.0, "Total Cost": 0.3, "Plan Rows": 1, "Plan Width": 24, "Index Cond": "(o_orderkey = lineitem.l_orderkey)", "Filter": "((o_orderdate >= '1995-01-01 00:00:00'::timestamp(0) without time zone) AND (o_orderdate <= '1996-12-31 00:00:00'::timestamp(0) without time zone))"}]}, {"Node Type": "Index Scan", "Parent Relationship": "Inner", "Scan Direction": "Forward", "Index Name": "customer_pkey", "Relation Name": "customer", "Alias": "customer", "Startup Cost": 0.0, "Total Cost": 0.31, "Plan Rows": 1, "Plan Width": 12, "Index Cond": "(c_custkey = orders.o_custkey)"}]}, {"Node Type": "Materialize", "Parent Relationship": "Inner", "Startup Cost": 0.0, "Total Cost": 20.76, "Plan Rows": 5, "Plan Width": 4, "Plans": [{"Node Type": "Nested Loop", "Parent Relationship": "Outer", "Join Type": "Inner", "Startup Cost": 0.0, "Total Cost": 20.74, "Plan Rows": 5, "Plan Width": 4, "Inner Unique": false, "Plans": [{"Node Type": "Index Scan", "Parent Relationship": "Outer", "Scan Direction": "Forward", "Index Name": "region_pkey", "Relation Name": "region", "Alias": "region", "Startup Cost": 0.0, "Total Cost": 12.34, "Plan Rows": 1, "Plan Width": 4, "Filter": "(r_name = 'ASIA'::bpchar)"}, {"Node Type": "Index Scan", "Parent Relationship": "Inner", "Scan Direction": "Forward", "Index Name": "idx_nation_regionkey", "Relation Name": "nation", "Alias": "n1", "Startup Cost": 0.0, "Total Cost": 8.35, "Plan Rows": 5, "Plan Width": 8, "Index Cond": "(n_regionkey = region.r_regionkey)"}]}]}]}, {"Node Type": "Index Scan", "Parent Relationship": "Inner", "Scan Direction": "Forward", "Index Name": "supplier_pkey", "Relation Name": "supplier", "Alias": "supplier", "Startup Cost": 0.0, "Total Cost": 0.27, "Plan Rows": 1, "Plan Width": 12, "Index Cond": "(s_suppkey = lineitem.l_suppkey)"}]}, {"Node Type": "Index Scan", "Parent Relationship": "Inner", "Scan Direction": "Forward", "Index Name": "nation_pkey", "Relation Name": "nation", "Alias": "n2", "Startup Cost": 0.0, "Total Cost": 0.27, "Plan Rows": 1, "Plan Width": 30, "Index Cond": "(n_nationkey = supplier.s_nationkey)"}]}]}]}, "Unique SQL Id": 3681808042, "Planner Runtime": 2}, "explain_analyze_plan": {"Plan": {"Node Type": "Sort", "Startup Cost": 543973.83, "Total Cost": 543973.85, "Plan Rows": 10, "Plan Width": 50, "Actual Startup Time": 8110.251, "Actual Total Time": 8110.251, "Actual Rows": 2, "Actual Loops": 1, "Sort Key": ["(date_part('year'::text, orders.o_orderdate))"], "Sort Method": "quicksort", "Sort Space Used": 25, "Sort Space Type": "Memory", "Plans": [{"Node Type": "Aggregate", "Strategy": "Hashed", "Parent Relationship": "Outer", "Startup Cost": 543973.51, "Total Cost": 543973.66, "Plan Rows": 10, "Plan Width": 50, "Actual Startup Time": 8110.23, "Actual Total Time": 8110.231, "Actual Rows": 2, "Actual Loops": 1, "Group By Key": ["date_part('year'::text, orders.o_orderdate)"], "Plans": [{"Node Type": "Nested Loop", "Parent Relationship": "Outer", "Join Type": "Inner", "Startup Cost": 0.0, "Total Cost": 543853.69, "Plan Rows": 5991, "Plan Width": 50, "Actual Startup Time": 0.347, "Actual Total Time": 8073.255, "Actual Rows": 23929, "Actual Loops": 1, "Inner Unique": true, "Plans": [{"Node Type": "Nested Loop", "Parent Relationship": "Outer", "Join Type": "Inner", "Startup Cost": 0.0, "Total Cost": 542160.52, "Plan Rows": 5991, "Plan Width": 28, "Actual Startup Time": 0.337, "Actual Total Time": 7983.688, "Actual Rows": 23929, "Actual Loops": 1, "Inner Unique": true, "Plans": [{"Node Type": "Nested Loop", "Parent Relationship": "Outer", "Join Type": "Inner", "Startup Cost": 0.0, "Total Cost": 537314.56, "Plan Rows": 17296, "Plan Width": 32, "Actual Startup Time": 0.329, "Actual Total Time": 7801.196, "Actual Rows": 23929, "Actual Loops": 1, "Inner Unique": false, "Join Filter": "(n1.n_nationkey = customer.c_nationkey)", "Rows Removed by Join Filter": 574896, "Plans": [{"Node Type": "Nested Loop", "Parent Relationship": "Outer", "Join Type": "Inner", "Startup Cost": 0.0, "Total Cost": 530807.88, "Plan Rows": 86479, "Plan Width": 36, "Actual Startup Time": 0.172, "Actual Total Time": 7578.85, "Actual Rows": 119765, "Actual Loops": 1, "Inner Unique": true, "Plans": [{"Node Type": "Nested Loop", "Parent Relationship": "Outer", "Join Type": "Inner", "Startup Cost": 0.0, "Total Cost": 503356.69, "Plan Rows": 86479, "Plan Width": 40, "Actual Startup Time": 0.164, "Actual Total Time": 6543.231, "Actual Rows": 119765, "Actual Loops": 1, "Inner Unique": true, "Plans": [{"Node Type": "Nested Loop", "Parent Relationship": "Outer", "Join Type": "Inner", "Startup Cost": 0.0, "Total Cost": 480423.82, "Plan Rows": 74637, "Plan Width": 32, "Actual Startup Time": 0.068, "Actual Total Time": 2854.98, "Actual Rows": 395341, "Actual Loops": 1, "Inner Unique": false, "Plans": [{"Node Type": "Index Scan", "Parent Relationship": "Outer", "Scan Direction": "Forward", "Index Name": "part_kpey", "Relation Name": "part", "Alias": "part", "Startup Cost": 0.0, "Total Cost": 105803.25, "Plan Rows": 13538, "Plan Width": 8, "Actual Startup Time": 0.048, "Actual Total Time": 1507.382, "Actual Rows": 13163, "Actual Loops": 1, "Filter": "((p_type)::text = 'SMALL PLATED COPPER'::text)", "Rows Removed by Filter": 1986837}, {"Node Type": "Index Scan", "Parent Relationship": "Inner", "Scan Direction": "Forward", "Index Name": "idx_lineitem_part_supp", "Relation Name": "lineitem", "Alias": "lineitem", "Startup Cost": 0.0, "Total Cost": 27.61, "Plan Rows": 6, "Plan Width": 40, "Actual Startup Time": 157.001, "Actual Total Time": 1241.646, "Actual Rows": 395341, "Actual Loops": 13163, "Index Cond": "(l_partkey = part.p_partkey)", "Rows Removed by Index Recheck": 0}]}, {"Node Type": "Index Scan", "Parent Relationship": "Inner", "Scan Direction": "Forward", "Index Name": "orders_pkey", "Relation Name": "orders", "Alias": "orders", "Startup Cost": 0.0, "Total Cost": 0.3, "Plan Rows": 1, "Plan Width": 24, "Actual Startup Time": 3442.495, "Actual Total Time": 3442.495, "Actual Rows": 119765, "Actual Loops": 395341, "Index Cond": "(o_orderkey = lineitem.l_orderkey)", "Rows Removed by Index Recheck": 0, "Filter": "((o_orderdate >= '1995-01-01 00:00:00'::timestamp(0) without time zone) AND (o_orderdate <= '1996-12-31 00:00:00'::timestamp(0) without time zone))", "Rows Removed by Filter": 275576}]}, {"Node Type": "Index Scan", "Parent Relationship": "Inner", "Scan Direction": "Forward", "Index Name": "customer_pkey", "Relation Name": "customer", "Alias": "customer", "Startup Cost": 0.0, "Total Cost": 0.31, "Plan Rows": 1, "Plan Width": 12, "Actual Startup Time": 920.013, "Actual Total Time": 920.013, "Actual Rows": 119765, "Actual Loops": 119765, "Index Cond": "(c_custkey = orders.o_custkey)", "Rows Removed by Index Recheck": 0}]}, {"Node Type": "Materialize", "Parent Relationship": "Inner", "Startup Cost": 0.0, "Total Cost": 20.76, "Plan Rows": 5, "Plan Width": 4, "Actual Startup Time": 14.753, "Actual Total Time": 67.261, "Actual Rows": 598825, "Actual Loops": 119765, "Plans": [{"Node Type": "Nested Loop", "Parent Relationship": "Outer", "Join Type": "Inner", "Startup Cost": 0.0, "Total Cost": 20.74, "Plan Rows": 5, "Plan Width": 4, "Actual Startup Time": 0.015, "Actual Total Time": 0.022, "Actual Rows": 5, "Actual Loops": 1, "Inner Unique": false, "Plans": [{"Node Type": "Index Scan", "Parent Relationship": "Outer", "Scan Direction": "Forward", "Index Name": "region_pkey", "Relation Name": "region", "Alias": "region", "Startup Cost": 0.0, "Total Cost": 12.34, "Plan Rows": 1, "Plan Width": 4, "Actual Startup Time": 0.009, "Actual Total Time": 0.011, "Actual Rows": 1, "Actual Loops": 1, "Filter": "(r_name = 'ASIA'::bpchar)", "Rows Removed by Filter": 4}, {"Node Type": "Index Scan", "Parent Relationship": "Inner", "Scan Direction": "Forward", "Index Name": "idx_nation_regionkey", "Relation Name": "nation", "Alias": "n1", "Startup Cost": 0.0, "Total Cost": 8.35, "Plan Rows": 5, "Plan Width": 8, "Actual Startup Time": 0.004, "Actual Total Time": 0.009, "Actual Rows": 5, "Actual Loops": 1, "Index Cond": "(n_regionkey = region.r_regionkey)", "Rows Removed by Index Recheck": 0}]}]}]}, {"Node Type": "Index Scan", "Parent Relationship": "Inner", "Scan Direction": "Forward", "Index Name": "supplier_pkey", "Relation Name": "supplier", "Alias": "supplier", "Startup Cost": 0.0, "Total Cost": 0.27, "Plan Rows": 1, "Plan Width": 12, "Actual Startup Time": 149.839, "Actual Total Time": 149.839, "Actual Rows": 23929, "Actual Loops": 23929, "Index Cond": "(s_suppkey = lineitem.l_suppkey)", "Rows Removed by Index Recheck": 0}]}, {"Node Type": "Index Scan", "Parent Relationship": "Inner", "Scan Direction": "Forward", "Index Name": "nation_pkey", "Relation Name": "nation", "Alias": "n2", "Startup Cost": 0.0, "Total Cost": 0.27, "Plan Rows": 1, "Plan Width": 30, "Actual Startup Time": 42.432, "Actual Total Time": 42.432, "Actual Rows": 23929, "Actual Loops": 23929, "Index Cond": "(n_nationkey = supplier.s_nationkey)", "Rows Removed by Index Recheck": 0}]}]}]}, "Triggers": [], "Planner Runtime": 2, "Total Runtime": 8110.658, "Unique SQL Id": 3681808042}}, "(1, 114)": {"explain_plan": {"Plan": {"Node Type": "Sort", "Startup Cost": 1223730.05, "Total Cost": 1223730.08, "Plan Rows": 10, "Plan Width": 50, "Sort Key": ["(date_part('year'::text, orders.o_orderdate))"], "Plans": [{"Node Type": "Aggregate", "Strategy": "Hashed", "Parent Relationship": "Outer", "Startup Cost": 1223729.73, "Total Cost": 1223729.88, "Plan Rows": 10, "Plan Width": 50, "Group By Key": ["date_part('year'::text, orders.o_orderdate)"], "Plans": [{"Node Type": "Nested Loop", "Parent Relationship": "Outer", "Join Type": "Inner", "Startup Cost": 4.99, "Total Cost": 1223609.91, "Plan Rows": 5991, "Plan Width": 50, "Inner Unique": true, "Join Filter": "(supplier.s_nationkey = n2.n_nationkey)", "Plans": [{"Node Type": "Nested Loop", "Parent Relationship": "Outer", "Join Type": "Inner", "Startup Cost": 4.99, "Total Cost": 1221347.0, "Plan Rows": 5991, "Plan Width": 28, "Inner Unique": true, "Plans": [{"Node Type": "Nested Loop", "Parent Relationship": "Outer", "Join Type": "Inner", "Startup Cost": 4.73, "Total Cost": 1147315.35, "Plan Rows": 17296, "Plan Width": 32, "Inner Unique": false, "Join Filter": "(n1.n_nationkey = customer.c_nationkey)", "Plans": [{"Node Type": "Nested Loop", "Parent Relationship": "Outer", "Join Type": "Inner", "Startup Cost": 4.73, "Total Cost": 1140826.79, "Plan Rows": 86479, "Plan Width": 36, "Inner Unique": true, "Plans": [{"Node Type": "Nested Loop", "Parent Relationship": "Outer", "Join Type": "Inner", "Startup Cost": 4.47, "Total Cost": 770271.73, "Plan Rows": 86479, "Plan Width": 40, "Inner Unique": true, "Plans": [{"Node Type": "Nested Loop", "Parent Relationship": "Outer", "Join Type": "Inner", "Startup Cost": 4.21, "Total Cost": 450147.9, "Plan Rows": 74637, "Plan Width": 32, "Inner Unique": false, "Plans": [{"Node Type": "Seq Scan", "Parent Relationship": "Outer", "Relation Name": "part", "Alias": "part", "Startup Cost": 0.0, "Total Cost": 66944.0, "Plan Rows": 13538, "Plan Width": 8, "Filter": "((p_type)::text = 'SMALL PLATED COPPER'::text)"}, {"Node Type": "Bitmap Heap Scan", "Parent Relationship": "Inner", "Relation Name": "lineitem", "Alias": "lineitem", "Startup Cost": 4.21, "Total Cost": 28.25, "Plan Rows": 6, "Plan Width": 40, "Recheck Cond": "(l_partkey = part.p_partkey)", "Plans": [{"Node Type": "Bitmap Index Scan", "Parent Relationship": "Outer", "Index Name": "idx_lineitem_part_supp", "Startup Cost": 0.0, "Total Cost": 4.21, "Plan Rows": 6, "Plan Width": 0, "Index Cond": "(l_partkey = part.p_partkey)"}]}]}, {"Node Type": "Bitmap Heap Scan", "Parent Relationship": "Inner", "Relation Name": "orders", "Alias": "orders", "Startup Cost": 0.26, "Total Cost": 4.28, "Plan Rows": 1, "Plan Width": 24, "Recheck Cond": "(o_orderkey = lineitem.l_orderkey)", "Filter": "((o_orderdate >= '1995-01-01 00:00:00'::timestamp(0) without time zone) AND (o_orderdate <= '1996-12-31 00:00:00'::timestamp(0) without time zone))", "Plans": [{"Node Type": "Bitmap Index Scan", "Parent Relationship": "Outer", "Index Name": "orders_pkey", "Startup Cost": 0.0, "Total Cost": 0.26, "Plan Rows": 1, "Plan Width": 0, "Index Cond": "(o_orderkey = lineitem.l_orderkey)"}]}]}, {"Node Type": "Bitmap Heap Scan", "Parent Relationship": "Inner", "Relation Name": "customer", "Alias": "customer", "Startup Cost": 0.26, "Total Cost": 4.27, "Plan Rows": 1, "Plan Width": 12, "Recheck Cond": "(c_custkey = orders.o_custkey)", "Plans": [{"Node Type": "Bitmap Index Scan", "Parent Relationship": "Outer", "Index Name": "customer_pkey", "Startup Cost": 0.0, "Total Cost": 0.26, "Plan Rows": 1, "Plan Width": 0, "Index Cond": "(c_custkey = orders.o_custkey)"}]}]}, {"Node Type": "Materialize", "Parent Relationship": "Inner", "Startup Cost": 0.0, "Total Cost": 2.65, "Plan Rows": 5, "Plan Width": 4, "Plans": [{"Node Type": "Nested Loop", "Parent Relationship": "Outer", "Join Type": "Inner", "Startup Cost": 0.0, "Total Cost": 2.62, "Plan Rows": 5, "Plan Width": 4, "Inner Unique": false, "Join Filter": "(n1.n_regionkey = region.r_regionkey)", "Plans": [{"Node Type": "Seq Scan", "Parent Relationship": "Outer", "Relation Name": "region", "Alias": "region", "Startup Cost": 0.0, "Total Cost": 1.06, "Plan Rows": 1, "Plan Width": 4, "Filter": "(r_name = 'ASIA'::bpchar)"}, {"Node Type": "Seq Scan", "Parent Relationship": "Inner", "Relation Name": "nation", "Alias": "n1", "Startup Cost": 0.0, "Total Cost": 1.25, "Plan Rows": 25, "Plan Width": 8}]}]}]}, {"Node Type": "Bitmap Heap Scan", "Parent Relationship": "Inner", "Relation Name": "supplier", "Alias": "supplier", "Startup Cost": 0.26, "Total Cost": 4.27, "Plan Rows": 1, "Plan Width": 12, "Recheck Cond": "(s_suppkey = lineitem.l_suppkey)", "Plans": [{"Node Type": "Bitmap Index Scan", "Parent Relationship": "Outer", "Index Name": "supplier_pkey", "Startup Cost": 0.0, "Total Cost": 0.26, "Plan Rows": 1, "Plan Width": 0, "Index Cond": "(s_suppkey = lineitem.l_suppkey)"}]}]}, {"Node Type": "Materialize", "Parent Relationship": "Inner", "Startup Cost": 0.0, "Total Cost": 1.38, "Plan Rows": 25, "Plan Width": 30, "Plans": [{"Node Type": "Seq Scan", "Parent Relationship": "Outer", "Relation Name": "nation", "Alias": "n2", "Startup Cost": 0.0, "Total Cost": 1.25, "Plan Rows": 25, "Plan Width": 30}]}]}]}]}, "Unique SQL Id": 3681808042, "Planner Runtime": 2}, "explain_analyze_plan": {"Plan": {"Node Type": "Sort", "Startup Cost": 1223730.05, "Total Cost": 1223730.08, "Plan Rows": 10, "Plan Width": 50, "Actual Startup Time": 8482.76, "Actual Total Time": 8482.76, "Actual Rows": 2, "Actual Loops": 1, "Sort Key": ["(date_part('year'::text, orders.o_orderdate))"], "Sort Method": "quicksort", "Sort Space Used": 25, "Sort Space Type": "Memory", "Plans": [{"Node Type": "Aggregate", "Strategy": "Hashed", "Parent Relationship": "Outer", "Startup Cost": 1223729.73, "Total Cost": 1223729.88, "Plan Rows": 10, "Plan Width": 50, "Actual Startup Time": 8482.741, "Actual Total Time": 8482.741, "Actual Rows": 2, "Actual Loops": 1, "Group By Key": ["date_part('year'::text, orders.o_orderdate)"], "Plans": [{"Node Type": "Nested Loop", "Parent Relationship": "Outer", "Join Type": "Inner", "Startup Cost": 4.99, "Total Cost": 1223609.91, "Plan Rows": 5991, "Plan Width": 50, "Actual Startup Time": 0.294, "Actual Total Time": 8436.309, "Actual Rows": 23929, "Actual Loops": 1, "Inner Unique": true, "Join Filter": "(supplier.s_nationkey = n2.n_nationkey)", "Rows Removed by Join Filter": 288173, "Plans": [{"Node Type": "Nested Loop", "Parent Relationship": "Outer", "Join Type": "Inner", "Startup Cost": 4.99, "Total Cost": 1221347.0, "Plan Rows": 5991, "Plan Width": 28, "Actual Startup Time": 0.26, "Actual Total Time": 8310.449, "Actual Rows": 23929, "Actual Loops": 1, "Inner Unique": true, "Plans": [{"Node Type": "Nested Loop", "Parent Relationship": "Outer", "Join Type": "Inner", "Startup Cost": 4.73, "Total Cost": 1147315.35, "Plan Rows": 17296, "Plan Width": 32, "Actual Startup Time": 0.245, "Actual Total Time": 8091.743, "Actual Rows": 23929, "Actual Loops": 1, "Inner Unique": false, "Join Filter": "(n1.n_nationkey = customer.c_nationkey)", "Rows Removed by Join Filter": 574896, "Plans": [{"Node Type": "Nested Loop", "Parent Relationship": "Outer", "Join Type": "Inner", "Startup Cost": 4.73, "Total Cost": 1140826.79, "Plan Rows": 86479, "Plan Width": 36, "Actual Startup Time": 0.165, "Actual Total Time": 7859.141, "Actual Rows": 119765, "Actual Loops": 1, "Inner Unique": true, "Plans": [{"Node Type": "Nested Loop", "Parent Relationship": "Outer", "Join Type": "Inner", "Startup Cost": 4.47, "Total Cost": 770271.73, "Plan Rows": 86479, "Plan Width": 40, "Actual Startup Time": 0.143, "Actual Total Time": 6661.43, "Actual Rows": 119765, "Actual Loops": 1, "Inner Unique": true, "Plans": [{"Node Type": "Nested Loop", "Parent Relationship": "Outer", "Join Type": "Inner", "Startup Cost": 4.21, "Total Cost": 450147.9, "Plan Rows": 74637, "Plan Width": 32, "Actual Startup Time": 0.084, "Actual Total Time": 2368.794, "Actual Rows": 395341, "Actual Loops": 1, "Inner Unique": false, "Plans": [{"Node Type": "Seq Scan", "Parent Relationship": "Outer", "Relation Name": "part", "Alias": "part", "Startup Cost": 0.0, "Total Cost": 66944.0, "Plan Rows": 13538, "Plan Width": 8, "Actual Startup Time": 0.033, "Actual Total Time": 787.63, "Actual Rows": 13163, "Actual Loops": 1, "Filter": "((p_type)::text = 'SMALL PLATED COPPER'::text)", "Rows Removed by Filter": 1986837}, {"Node Type": "Bitmap Heap Scan", "Parent Relationship": "Inner", "Relation Name": "lineitem", "Alias": "lineitem", "Startup Cost": 4.21, "Total Cost": 28.25, "Plan Rows": 6, "Plan Width": 40, "Actual Startup Time": 272.018, "Actual Total Time": 1455.335, "Actual Rows": 395341, "Actual Loops": 13163, "Recheck Cond": "(l_partkey = part.p_partkey)", "Rows Removed by Index Recheck": 0, "Exact Heap Blocks": 395337, "Lossy Heap Blocks": 395337, "Plans": [{"Node Type": "Bitmap Index Scan", "Parent Relationship": "Outer", "Index Name": "idx_lineitem_part_supp", "Startup Cost": 0.0, "Total Cost": 4.21, "Plan Rows": 6, "Plan Width": 0, "Actual Startup Time": 169.949, "Actual Total Time": 169.949, "Actual Rows": 395341, "Actual Loops": 13163, "Index Cond": "(l_partkey = part.p_partkey)"}]}]}, {"Node Type": "Bitmap Heap Scan", "Parent Relationship": "Inner", "Relation Name": "orders", "Alias": "orders", "Startup Cost": 0.26, "Total Cost": 4.28, "Plan Rows": 1, "Plan Width": 24, "Actual Startup Time": 3809.202, "Actual Total Time": 3809.202, "Actual Rows": 119765, "Actual Loops": 395341, "Recheck Cond": "(o_orderkey = lineitem.l_orderkey)", "Rows Removed by Index Recheck": 0, "Filter": "((o_orderdate >= '1995-01-01 00:00:00'::timestamp(0) without time zone) AND (o_orderdate <= '1996-12-31 00:00:00'::timestamp(0) without time zone))", "Rows Removed by Filter": 275576, "Exact Heap Blocks": 395341, "Lossy Heap Blocks": 395341, "Plans": [{"Node Type": "Bitmap Index Scan", "Parent Relationship": "Outer", "Index Name": "orders_pkey", "Startup Cost": 0.0, "Total Cost": 0.26, "Plan Rows": 1, "Plan Width": 0, "Actual Startup Time": 2364.614, "Actual Total Time": 2364.614, "Actual Rows": 395341, "Actual Loops": 395341, "Index Cond": "(o_orderkey = lineitem.l_orderkey)"}]}]}, {"Node Type": "Bitmap Heap Scan", "Parent Relationship": "Inner", "Relation Name": "customer", "Alias": "customer", "Startup Cost": 0.26, "Total Cost": 4.27, "Plan Rows": 1, "Plan Width": 12, "Actual Startup Time": 1032.067, "Actual Total Time": 1032.067, "Actual Rows": 119765, "Actual Loops": 119765, "Recheck Cond": "(c_custkey = orders.o_custkey)", "Rows Removed by Index Recheck": 0, "Exact Heap Blocks": 119765, "Lossy Heap Blocks": 119765, "Plans": [{"Node Type": "Bitmap Index Scan", "Parent Relationship": "Outer", "Index Name": "customer_pkey", "Startup Cost": 0.0, "Total Cost": 0.26, "Plan Rows": 1, "Plan Width": 0, "Actual Startup Time": 648.246, "Actual Total Time": 648.246, "Actual Rows": 119765, "Actual Loops": 119765, "Index Cond": "(c_custkey = orders.o_custkey)"}]}]}, {"Node Type": "Materialize", "Parent Relationship": "Inner", "Startup Cost": 0.0, "Total Cost": 2.65, "Plan Rows": 5, "Plan Width": 4, "Actual Startup Time": 15.131, "Actual Total Time": 66.211, "Actual Rows": 598825, "Actual Loops": 119765, "Plans": [{"Node Type": "Nested Loop", "Parent Relationship": "Outer", "Join Type": "Inner", "Startup Cost": 0.0, "Total Cost": 2.62, "Plan Rows": 5, "Plan Width": 4, "Actual Startup Time": 0.027, "Actual Total Time": 0.036, "Actual Rows": 5, "Actual Loops": 1, "Inner Unique": false, "Join Filter": "(n1.n_regionkey = region.r_regionkey)", "Rows Removed by Join Filter": 20, "Plans": [{"Node Type": "Seq Scan", "Parent Relationship": "Outer", "Relation Name": "region", "Alias": "region", "Startup Cost": 0.0, "Total Cost": 1.06, "Plan Rows": 1, "Plan Width": 4, "Actual Startup Time": 0.01, "Actual Total Time": 0.011, "Actual Rows": 1, "Actual Loops": 1, "Filter": "(r_name = 'ASIA'::bpchar)", "Rows Removed by Filter": 4}, {"Node Type": "Seq Scan", "Parent Relationship": "Inner", "Relation Name": "nation", "Alias": "n1", "Startup Cost": 0.0, "Total Cost": 1.25, "Plan Rows": 25, "Plan Width": 8, "Actual Startup Time": 0.007, "Actual Total Time": 0.012, "Actual Rows": 25, "Actual Loops": 1}]}]}]}, {"Node Type": "Bitmap Heap Scan", "Parent Relationship": "Inner", "Relation Name": "supplier", "Alias": "supplier", "Startup Cost": 0.26, "Total Cost": 4.27, "Plan Rows": 1, "Plan Width": 12, "Actual Startup Time": 177.104, "Actual Total Time": 177.104, "Actual Rows": 23929, "Actual Loops": 23929, "Recheck Cond": "(s_suppkey = lineitem.l_suppkey)", "Rows Removed by Index Recheck": 0, "Exact Heap Blocks": 23929, "Lossy Heap Blocks": 23929, "Plans": [{"Node Type": "Bitmap Index Scan", "Parent Relationship": "Outer", "Index Name": "supplier_pkey", "Startup Cost": 0.0, "Total Cost": 0.26, "Plan Rows": 1, "Plan Width": 0, "Actual Startup Time": 99.458, "Actual Total Time": 99.458, "Actual Rows": 23929, "Actual Loops": 23929, "Index Cond": "(s_suppkey = lineitem.l_suppkey)"}]}]}, {"Node Type": "Materialize", "Parent Relationship": "Inner", "Startup Cost": 0.0, "Total Cost": 1.38, "Plan Rows": 25, "Plan Width": 30, "Actual Startup Time": 2.589, "Actual Total Time": 27.676, "Actual Rows": 312102, "Actual Loops": 23929, "Plans": [{"Node Type": "Seq Scan", "Parent Relationship": "Outer", "Relation Name": "nation", "Alias": "n2", "Startup Cost": 0.0, "Total Cost": 1.25, "Plan Rows": 25, "Plan Width": 30, "Actual Startup Time": 0.011, "Actual Total Time": 0.017, "Actual Rows": 25, "Actual Loops": 1}]}]}]}]}, "Triggers": [], "Planner Runtime": 2, "Total Runtime": 8483.162, "Unique SQL Id": 3681808042}}, "(1, 115)": {"explain_plan": {"Plan": {"Node Type": "Sort", "Startup Cost": 66661878.45, "Total Cost": 66661878.48, "Plan Rows": 10, "Plan Width": 50, "Sort Key": ["(date_part('year'::text, orders.o_orderdate))"], "Plans": [{"Node Type": "Aggregate", "Strategy": "Hashed", "Parent Relationship": "Outer", "Startup Cost": 66661878.14, "Total Cost": 66661878.29, "Plan Rows": 10, "Plan Width": 50, "Group By Key": ["date_part('year'::text, orders.o_orderdate)"], "Plans": [{"Node Type": "Nested Loop", "Parent Relationship": "Outer", "Join Type": "Inner", "Startup Cost": 115915.31, "Total Cost": 66661758.32, "Plan Rows": 5991, "Plan Width": 50, "Inner Unique": true, "Plans": [{"Node Type": "Nested Loop", "Parent Relationship": "Outer", "Join Type": "Inner", "Startup Cost": 115915.05, "Total Cost": 66636099.88, "Plan Rows": 5991, "Plan Width": 28, "Inner Unique": true, "Plans": [{"Node Type": "Nested Loop", "Parent Relationship": "Outer", "Join Type": "Inner", "Startup Cost": 115914.79, "Total Cost": 66562068.23, "Plan Rows": 17296, "Plan Width": 32, "Inner Unique": true, "Plans": [{"Node Type": "Nested Loop", "Parent Relationship": "Outer", "Join Type": "Inner", "Startup Cost": 115914.53, "Total Cost": 45938880.46, "Plan Rows": 4814867, "Plan Width": 40, "Inner Unique": false, "Plans": [{"Node Type": "Nested Loop", "Parent Relationship": "Outer", "Join Type": "Inner", "Startup Cost": 115914.01, "Total Cost": 43432501.27, "Plan Rows": 530296, "Plan Width": 16, "Inner Unique": true, "Plans": [{"Node Type": "Nested Loop", "Parent Relationship": "Outer", "Join Type": "Inner", "Startup Cost": 115913.43, "Total Cost": 31228406.3, "Plan Rows": 2651479, "Plan Width": 20, "Inner Unique": true, "Plans": [{"Node Type": "Nested Loop", "Parent Relationship": "Outer", "Join Type": "Inner", "Startup Cost": 115913.17, "Total Cost": 19879399.17, "Plan Rows": 2651479, "Plan Width": 20, "Inner Unique": true, "Plans": [{"Node Type": "Bitmap Heap Scan", "Parent Relationship": "Outer", "Relation Name": "orders", "Alias": "orders", "Startup Cost": 115912.91, "Total Cost": 460311.42, "Plan Rows": 4531967, "Plan Width": 24, "Recheck Cond": "((o_orderdate >= '1995-01-01 00:00:00'::timestamp(0) without time zone) AND (o_orderdate <= '1996-12-31 00:00:00'::timestamp(0) without time zone)), (LLVM Optimized)", "Plans": [{"Node Type": "Bitmap Index Scan", "Parent Relationship": "Outer", "Index Name": "idx_orders_orderdate", "Startup Cost": 0.0, "Total Cost": 114779.92, "Plan Rows": 4531967, "Plan Width": 0, "Index Cond": "((o_orderdate >= '1995-01-01 00:00:00'::timestamp(0) without time zone) AND (o_orderdate <= '1996-12-31 00:00:00'::timestamp(0) without time zone))"}]}, {"Node Type": "Bitmap Heap Scan", "Parent Relationship": "Inner", "Relation Name": "customer", "Alias": "customer", "Startup Cost": 0.26, "Total Cost": 4.27, "Plan Rows": 1, "Plan Width": 12, "Recheck Cond": "(c_custkey = orders.o_custkey)", "Plans": [{"Node Type": "Bitmap Index Scan", "Parent Relationship": "Outer", "Index Name": "customer_pkey", "Startup Cost": 0.0, "Total Cost": 0.26, "Plan Rows": 1, "Plan Width": 0, "Index Cond": "(c_custkey = orders.o_custkey)"}]}]}, {"Node Type": "Bitmap Heap Scan", "Parent Relationship": "Inner", "Relation Name": "nation", "Alias": "n1", "Startup Cost": 0.26, "Total Cost": 4.27, "Plan Rows": 1, "Plan Width": 8, "Recheck Cond": "(n_nationkey = customer.c_nationkey)", "Plans": [{"Node Type": "Bitmap Index Scan", "Parent Relationship": "Outer", "Index Name": "nation_pkey", "Startup Cost": 0.0, "Total Cost": 0.26, "Plan Rows": 1, "Plan Width": 0, "Index Cond": "(n_nationkey = customer.c_nationkey)"}]}]}, {"Node Type": "Bitmap Heap Scan", "Parent Relationship": "Inner", "Relation Name": "region", "Alias": "region", "Startup Cost": 0.58, "Total Cost": 4.59, "Plan Rows": 1, "Plan Width": 4, "Recheck Cond": "(r_regionkey = n1.n_regionkey)", "Filter": "(r_name = 'ASIA'::bpchar)", "Plans": [{"Node Type": "Bitmap Index Scan", "Parent Relationship": "Outer", "Index Name": "region_pkey", "Startup Cost": 0.0, "Total Cost": 0.58, "Plan Rows": 1, "Plan Width": 0, "Index Cond": "(r_regionkey = n1.n_regionkey)"}]}]}, {"Node Type": "Bitmap Heap Scan", "Parent Relationship": "Inner", "Relation Name": "lineitem", "Alias": "lineitem", "Startup Cost": 0.52, "Total Cost": 4.64, "Plan Rows": 9, "Plan Width": 40, "Recheck Cond": "(l_orderkey = orders.o_orderkey)", "Plans": [{"Node Type": "Bitmap Index Scan", "Parent Relationship": "Outer", "Index Name": "idx_lineitem_orderkey", "Startup Cost": 0.0, "Total Cost": 0.52, "Plan Rows": 9, "Plan Width": 0, "Index Cond": "(l_orderkey = orders.o_orderkey)"}]}]}, {"Node Type": "Bitmap Heap Scan", "Parent Relationship": "Inner", "Relation Name": "part", "Alias": "part", "Startup Cost": 0.26, "Total Cost": 4.27, "Plan Rows": 1, "Plan Width": 8, "Recheck Cond": "(p_partkey = lineitem.l_partkey)", "Filter": "((p_type)::text = 'SMALL PLATED COPPER'::text)", "Plans": [{"Node Type": "Bitmap Index Scan", "Parent Relationship": "Outer", "Index Name": "part_kpey", "Startup Cost": 0.0, "Total Cost": 0.26, "Plan Rows": 1, "Plan Width": 0, "Index Cond": "(p_partkey = lineitem.l_partkey)"}]}]}, {"Node Type": "Bitmap Heap Scan", "Parent Relationship": "Inner", "Relation Name": "supplier", "Alias": "supplier", "Startup Cost": 0.26, "Total Cost": 4.27, "Plan Rows": 1, "Plan Width": 12, "Recheck Cond": "(s_suppkey = lineitem.l_suppkey)", "Plans": [{"Node Type": "Bitmap Index Scan", "Parent Relationship": "Outer", "Index Name": "supplier_pkey", "Startup Cost": 0.0, "Total Cost": 0.26, "Plan Rows": 1, "Plan Width": 0, "Index Cond": "(s_suppkey = lineitem.l_suppkey)"}]}]}, {"Node Type": "Bitmap Heap Scan", "Parent Relationship": "Inner", "Relation Name": "nation", "Alias": "n2", "Startup Cost": 0.26, "Total Cost": 4.27, "Plan Rows": 1, "Plan Width": 30, "Recheck Cond": "(n_nationkey = supplier.s_nationkey)", "Plans": [{"Node Type": "Bitmap Index Scan", "Parent Relationship": "Outer", "Index Name": "nation_pkey", "Startup Cost": 0.0, "Total Cost": 0.26, "Plan Rows": 1, "Plan Width": 0, "Index Cond": "(n_nationkey = supplier.s_nationkey)"}]}]}]}]}, "Unique SQL Id": 3681808042, "Planner Runtime": 1}, "explain_analyze_plan": null}, "(1, 116)": {"explain_plan": {"Plan": {"Node Type": "Sort", "Startup Cost": 505096.47, "Total Cost": 505096.49, "Plan Rows": 10, "Plan Width": 50, "Sort Key": ["(date_part('year'::text, orders.o_orderdate))"], "Plans": [{"Node Type": "Aggregate", "Strategy": "Hashed", "Parent Relationship": "Outer", "Startup Cost": 505096.15, "Total Cost": 505096.3, "Plan Rows": 10, "Plan Width": 50, "Group By Key": ["date_part('year'::text, orders.o_orderdate)"], "Plans": [{"Node Type": "Nested Loop", "Parent Relationship": "Outer", "Join Type": "Inner", "Startup Cost": 0.0, "Total Cost": 504976.33, "Plan Rows": 5991, "Plan Width": 50, "Inner Unique": true, "Plans": [{"Node Type": "Nested Loop", "Parent Relationship": "Outer", "Join Type": "Inner", "Startup Cost": 0.0, "Total Cost": 503283.15, "Plan Rows": 5991, "Plan Width": 28, "Inner Unique": true, "Plans": [{"Node Type": "Nested Loop", "Parent Relationship": "Outer", "Join Type": "Inner", "Startup Cost": 0.0, "Total Cost": 498437.19, "Plan Rows": 17296, "Plan Width": 32, "Inner Unique": false, "Join Filter": "(n1.n_nationkey = customer.c_nationkey)", "Plans": [{"Node Type": "Nested Loop", "Parent Relationship": "Outer", "Join Type": "Inner", "Startup Cost": 0.0, "Total Cost": 491948.63, "Plan Rows": 86479, "Plan Width": 36, "Inner Unique": true, "Plans": [{"Node Type": "Nested Loop", "Parent Relationship": "Outer", "Join Type": "Inner", "Startup Cost": 0.0, "Total Cost": 464497.44, "Plan Rows": 86479, "Plan Width": 40, "Inner Unique": true, "Plans": [{"Node Type": "Nested Loop", "Parent Relationship": "Outer", "Join Type": "Inner", "Startup Cost": 0.0, "Total Cost": 441564.57, "Plan Rows": 74637, "Plan Width": 32, "Inner Unique": false, "Plans": [{"Node Type": "Seq Scan", "Parent Relationship": "Outer", "Relation Name": "part", "Alias": "part", "Startup Cost": 0.0, "Total Cost": 66944.0, "Plan Rows": 13538, "Plan Width": 8, "Filter": "((p_type)::text = 'SMALL PLATED COPPER'::text)"}, {"Node Type": "Index Scan", "Parent Relationship": "Inner", "Scan Direction": "Forward", "Index Name": "idx_lineitem_part_supp", "Relation Name": "lineitem", "Alias": "lineitem", "Startup Cost": 0.0, "Total Cost": 27.61, "Plan Rows": 6, "Plan Width": 40, "Index Cond": "(l_partkey = part.p_partkey)"}]}, {"Node Type": "Index Scan", "Parent Relationship": "Inner", "Scan Direction": "Forward", "Index Name": "orders_pkey", "Relation Name": "orders", "Alias": "orders", "Startup Cost": 0.0, "Total Cost": 0.3, "Plan Rows": 1, "Plan Width": 24, "Index Cond": "(o_orderkey = lineitem.l_orderkey)", "Filter": "((o_orderdate >= '1995-01-01 00:00:00'::timestamp(0) without time zone) AND (o_orderdate <= '1996-12-31 00:00:00'::timestamp(0) without time zone))"}]}, {"Node Type": "Index Scan", "Parent Relationship": "Inner", "Scan Direction": "Forward", "Index Name": "customer_pkey", "Relation Name": "customer", "Alias": "customer", "Startup Cost": 0.0, "Total Cost": 0.31, "Plan Rows": 1, "Plan Width": 12, "Index Cond": "(c_custkey = orders.o_custkey)"}]}, {"Node Type": "Materialize", "Parent Relationship": "Inner", "Startup Cost": 0.0, "Total Cost": 2.65, "Plan Rows": 5, "Plan Width": 4, "Plans": [{"Node Type": "Nested Loop", "Parent Relationship": "Outer", "Join Type": "Inner", "Startup Cost": 0.0, "Total Cost": 2.62, "Plan Rows": 5, "Plan Width": 4, "Inner Unique": false, "Join Filter": "(n1.n_regionkey = region.r_regionkey)", "Plans": [{"Node Type": "Seq Scan", "Parent Relationship": "Outer", "Relation Name": "region", "Alias": "region", "Startup Cost": 0.0, "Total Cost": 1.06, "Plan Rows": 1, "Plan Width": 4, "Filter": "(r_name = 'ASIA'::bpchar)"}, {"Node Type": "Seq Scan", "Parent Relationship": "Inner", "Relation Name": "nation", "Alias": "n1", "Startup Cost": 0.0, "Total Cost": 1.25, "Plan Rows": 25, "Plan Width": 8}]}]}]}, {"Node Type": "Index Scan", "Parent Relationship": "Inner", "Scan Direction": "Forward", "Index Name": "supplier_pkey", "Relation Name": "supplier", "Alias": "supplier", "Startup Cost": 0.0, "Total Cost": 0.27, "Plan Rows": 1, "Plan Width": 12, "Index Cond": "(s_suppkey = lineitem.l_suppkey)"}]}, {"Node Type": "Index Scan", "Parent Relationship": "Inner", "Scan Direction": "Forward", "Index Name": "nation_pkey", "Relation Name": "nation", "Alias": "n2", "Startup Cost": 0.0, "Total Cost": 0.27, "Plan Rows": 1, "Plan Width": 30, "Index Cond": "(n_nationkey = supplier.s_nationkey)"}]}]}]}, "Unique SQL Id": 3681808042, "Planner Runtime": 2}, "explain_analyze_plan": {"Plan": {"Node Type": "Sort", "Startup Cost": 505096.47, "Total Cost": 505096.49, "Plan Rows": 10, "Plan Width": 50, "Actual Startup Time": 6667.023, "Actual Total Time": 6667.023, "Actual Rows": 2, "Actual Loops": 1, "Sort Key": ["(date_part('year'::text, orders.o_orderdate))"], "Sort Method": "quicksort", "Sort Space Used": 25, "Sort Space Type": "Memory", "Plans": [{"Node Type": "Aggregate", "Strategy": "Hashed", "Parent Relationship": "Outer", "Startup Cost": 505096.15, "Total Cost": 505096.3, "Plan Rows": 10, "Plan Width": 50, "Actual Startup Time": 6666.995, "Actual Total Time": 6666.997, "Actual Rows": 2, "Actual Loops": 1, "Group By Key": ["date_part('year'::text, orders.o_orderdate)"], "Plans": [{"Node Type": "Nested Loop", "Parent Relationship": "Outer", "Join Type": "Inner", "Startup Cost": 0.0, "Total Cost": 504976.33, "Plan Rows": 5991, "Plan Width": 50, "Actual Startup Time": 0.426, "Actual Total Time": 6626.925, "Actual Rows": 23929, "Actual Loops": 1, "Inner Unique": true, "Plans": [{"Node Type": "Nested Loop", "Parent Relationship": "Outer", "Join Type": "Inner", "Startup Cost": 0.0, "Total Cost": 503283.15, "Plan Rows": 5991, "Plan Width": 28, "Actual Startup Time": 0.413, "Actual Total Time": 6538.132, "Actual Rows": 23929, "Actual Loops": 1, "Inner Unique": true, "Plans": [{"Node Type": "Nested Loop", "Parent Relationship": "Outer", "Join Type": "Inner", "Startup Cost": 0.0, "Total Cost": 498437.19, "Plan Rows": 17296, "Plan Width": 32, "Actual Startup Time": 0.402, "Actual Total Time": 6376.3, "Actual Rows": 23929, "Actual Loops": 1, "Inner Unique": false, "Join Filter": "(n1.n_nationkey = customer.c_nationkey)", "Rows Removed by Join Filter": 574896, "Plans": [{"Node Type": "Nested Loop", "Parent Relationship": "Outer", "Join Type": "Inner", "Startup Cost": 0.0, "Total Cost": 491948.63, "Plan Rows": 86479, "Plan Width": 36, "Actual Startup Time": 0.194, "Actual Total Time": 6158.929, "Actual Rows": 119765, "Actual Loops": 1, "Inner Unique": true, "Plans": [{"Node Type": "Nested Loop", "Parent Relationship": "Outer", "Join Type": "Inner", "Startup Cost": 0.0, "Total Cost": 464497.44, "Plan Rows": 86479, "Plan Width": 40, "Actual Startup Time": 0.184, "Actual Total Time": 5243.29, "Actual Rows": 119765, "Actual Loops": 1, "Inner Unique": true, "Plans": [{"Node Type": "Nested Loop", "Parent Relationship": "Outer", "Join Type": "Inner", "Startup Cost": 0.0, "Total Cost": 441564.57, "Plan Rows": 74637, "Plan Width": 32, "Actual Startup Time": 0.073, "Actual Total Time": 1943.41, "Actual Rows": 395341, "Actual Loops": 1, "Inner Unique": false, "Plans": [{"Node Type": "Seq Scan", "Parent Relationship": "Outer", "Relation Name": "part", "Alias": "part", "Startup Cost": 0.0, "Total Cost": 66944.0, "Plan Rows": 13538, "Plan Width": 8, "Actual Startup Time": 0.034, "Actual Total Time": 762.451, "Actual Rows": 13163, "Actual Loops": 1, "Filter": "((p_type)::text = 'SMALL PLATED COPPER'::text)", "Rows Removed by Filter": 1986837}, {"Node Type": "Index Scan", "Parent Relationship": "Inner", "Scan Direction": "Forward", "Index Name": "idx_lineitem_part_supp", "Relation Name": "lineitem", "Alias": "lineitem", "Startup Cost": 0.0, "Total Cost": 27.61, "Plan Rows": 6, "Plan Width": 40, "Actual Startup Time": 149.18, "Actual Total Time": 1074.779, "Actual Rows": 395341, "Actual Loops": 13163, "Index Cond": "(l_partkey = part.p_partkey)", "Rows Removed by Index Recheck": 0}]}, {"Node Type": "Index Scan", "Parent Relationship": "Inner", "Scan Direction": "Forward", "Index Name": "orders_pkey", "Relation Name": "orders", "Alias": "orders", "Startup Cost": 0.0, "Total Cost": 0.3, "Plan Rows": 1, "Plan Width": 24, "Actual Startup Time": 3052.025, "Actual Total Time": 3052.025, "Actual Rows": 119765, "Actual Loops": 395341, "Index Cond": "(o_orderkey = lineitem.l_orderkey)", "Rows Removed by Index Recheck": 0, "Filter": "((o_orderdate >= '1995-01-01 00:00:00'::timestamp(0) without time zone) AND (o_orderdate <= '1996-12-31 00:00:00'::timestamp(0) without time zone))", "Rows Removed by Filter": 275576}]}, {"Node Type": "Index Scan", "Parent Relationship": "Inner", "Scan Direction": "Forward", "Index Name": "customer_pkey", "Relation Name": "customer", "Alias": "customer", "Startup Cost": 0.0, "Total Cost": 0.31, "Plan Rows": 1, "Plan Width": 12, "Actual Startup Time": 807.54, "Actual Total Time": 807.54, "Actual Rows": 119765, "Actual Loops": 119765, "Index Cond": "(c_custkey = orders.o_custkey)", "Rows Removed by Index Recheck": 0}]}, {"Node Type": "Materialize", "Parent Relationship": "Inner", "Startup Cost": 0.0, "Total Cost": 2.65, "Plan Rows": 5, "Plan Width": 4, "Actual Startup Time": 12.511, "Actual Total Time": 64.751, "Actual Rows": 598825, "Actual Loops": 119765, "Plans": [{"Node Type": "Nested Loop", "Parent Relationship": "Outer", "Join Type": "Inner", "Startup Cost": 0.0, "Total Cost": 2.62, "Plan Rows": 5, "Plan Width": 4, "Actual Startup Time": 0.039, "Actual Total Time": 0.047, "Actual Rows": 5, "Actual Loops": 1, "Inner Unique": false, "Join Filter": "(n1.n_regionkey = region.r_regionkey)", "Rows Removed by Join Filter": 20, "Plans": [{"Node Type": "Seq Scan", "Parent Relationship": "Outer", "Relation Name": "region", "Alias": "region", "Startup Cost": 0.0, "Total Cost": 1.06, "Plan Rows": 1, "Plan Width": 4, "Actual Startup Time": 0.009, "Actual Total Time": 0.01, "Actual Rows": 1, "Actual Loops": 1, "Filter": "(r_name = 'ASIA'::bpchar)", "Rows Removed by Filter": 4}, {"Node Type": "Seq Scan", "Parent Relationship": "Inner", "Relation Name": "nation", "Alias": "n1", "Startup Cost": 0.0, "Total Cost": 1.25, "Plan Rows": 25, "Plan Width": 8, "Actual Startup Time": 0.018, "Actual Total Time": 0.022, "Actual Rows": 25, "Actual Loops": 1}]}]}]}, {"Node Type": "Index Scan", "Parent Relationship": "Inner", "Scan Direction": "Forward", "Index Name": "supplier_pkey", "Relation Name": "supplier", "Alias": "supplier", "Startup Cost": 0.0, "Total Cost": 0.27, "Plan Rows": 1, "Plan Width": 12, "Actual Startup Time": 130.532, "Actual Total Time": 130.532, "Actual Rows": 23929, "Actual Loops": 23929, "Index Cond": "(s_suppkey = lineitem.l_suppkey)", "Rows Removed by Index Recheck": 0}]}, {"Node Type": "Index Scan", "Parent Relationship": "Inner", "Scan Direction": "Forward", "Index Name": "nation_pkey", "Relation Name": "nation", "Alias": "n2", "Startup Cost": 0.0, "Total Cost": 0.27, "Plan Rows": 1, "Plan Width": 30, "Actual Startup Time": 41.763, "Actual Total Time": 41.763, "Actual Rows": 23929, "Actual Loops": 23929, "Index Cond": "(n_nationkey = supplier.s_nationkey)", "Rows Removed by Index Recheck": 0}]}]}]}, "Triggers": [], "Planner Runtime": 2, "Total Runtime": 6667.486, "Unique SQL Id": 3681808042}}, "(1, 117)": {"explain_plan": {"Plan": {"Node Type": "Sort", "Startup Cost": 543973.83, "Total Cost": 543973.85, "Plan Rows": 10, "Plan Width": 50, "Sort Key": ["(date_part('year'::text, orders.o_orderdate))"], "Plans": [{"Node Type": "Aggregate", "Strategy": "Hashed", "Parent Relationship": "Outer", "Startup Cost": 543973.51, "Total Cost": 543973.66, "Plan Rows": 10, "Plan Width": 50, "Group By Key": ["date_part('year'::text, orders.o_orderdate)"], "Plans": [{"Node Type": "Nested Loop", "Parent Relationship": "Outer", "Join Type": "Inner", "Startup Cost": 0.0, "Total Cost": 543853.69, "Plan Rows": 5991, "Plan Width": 50, "Inner Unique": true, "Plans": [{"Node Type": "Nested Loop", "Parent Relationship": "Outer", "Join Type": "Inner", "Startup Cost": 0.0, "Total Cost": 542160.52, "Plan Rows": 5991, "Plan Width": 28, "Inner Unique": true, "Plans": [{"Node Type": "Nested Loop", "Parent Relationship": "Outer", "Join Type": "Inner", "Startup Cost": 0.0, "Total Cost": 537314.56, "Plan Rows": 17296, "Plan Width": 32, "Inner Unique": false, "Join Filter": "(n1.n_nationkey = customer.c_nationkey)", "Plans": [{"Node Type": "Nested Loop", "Parent Relationship": "Outer", "Join Type": "Inner", "Startup Cost": 0.0, "Total Cost": 530807.88, "Plan Rows": 86479, "Plan Width": 36, "Inner Unique": true, "Plans": [{"Node Type": "Nested Loop", "Parent Relationship": "Outer", "Join Type": "Inner", "Startup Cost": 0.0, "Total Cost": 503356.69, "Plan Rows": 86479, "Plan Width": 40, "Inner Unique": true, "Plans": [{"Node Type": "Nested Loop", "Parent Relationship": "Outer", "Join Type": "Inner", "Startup Cost": 0.0, "Total Cost": 480423.82, "Plan Rows": 74637, "Plan Width": 32, "Inner Unique": false, "Plans": [{"Node Type": "Index Scan", "Parent Relationship": "Outer", "Scan Direction": "Forward", "Index Name": "part_kpey", "Relation Name": "part", "Alias": "part", "Startup Cost": 0.0, "Total Cost": 105803.25, "Plan Rows": 13538, "Plan Width": 8, "Filter": "((p_type)::text = 'SMALL PLATED COPPER'::text)"}, {"Node Type": "Index Scan", "Parent Relationship": "Inner", "Scan Direction": "Forward", "Index Name": "idx_lineitem_part_supp", "Relation Name": "lineitem", "Alias": "lineitem", "Startup Cost": 0.0, "Total Cost": 27.61, "Plan Rows": 6, "Plan Width": 40, "Index Cond": "(l_partkey = part.p_partkey)"}]}, {"Node Type": "Index Scan", "Parent Relationship": "Inner", "Scan Direction": "Forward", "Index Name": "orders_pkey", "Relation Name": "orders", "Alias": "orders", "Startup Cost": 0.0, "Total Cost": 0.3, "Plan Rows": 1, "Plan Width": 24, "Index Cond": "(o_orderkey = lineitem.l_orderkey)", "Filter": "((o_orderdate >= '1995-01-01 00:00:00'::timestamp(0) without time zone) AND (o_orderdate <= '1996-12-31 00:00:00'::timestamp(0) without time zone))"}]}, {"Node Type": "Index Scan", "Parent Relationship": "Inner", "Scan Direction": "Forward", "Index Name": "customer_pkey", "Relation Name": "customer", "Alias": "customer", "Startup Cost": 0.0, "Total Cost": 0.31, "Plan Rows": 1, "Plan Width": 12, "Index Cond": "(c_custkey = orders.o_custkey)"}]}, {"Node Type": "Materialize", "Parent Relationship": "Inner", "Startup Cost": 0.0, "Total Cost": 20.76, "Plan Rows": 5, "Plan Width": 4, "Plans": [{"Node Type": "Nested Loop", "Parent Relationship": "Outer", "Join Type": "Inner", "Startup Cost": 0.0, "Total Cost": 20.74, "Plan Rows": 5, "Plan Width": 4, "Inner Unique": false, "Plans": [{"Node Type": "Index Scan", "Parent Relationship": "Outer", "Scan Direction": "Forward", "Index Name": "region_pkey", "Relation Name": "region", "Alias": "region", "Startup Cost": 0.0, "Total Cost": 12.34, "Plan Rows": 1, "Plan Width": 4, "Filter": "(r_name = 'ASIA'::bpchar)"}, {"Node Type": "Index Scan", "Parent Relationship": "Inner", "Scan Direction": "Forward", "Index Name": "idx_nation_regionkey", "Relation Name": "nation", "Alias": "n1", "Startup Cost": 0.0, "Total Cost": 8.35, "Plan Rows": 5, "Plan Width": 8, "Index Cond": "(n_regionkey = region.r_regionkey)"}]}]}]}, {"Node Type": "Index Scan", "Parent Relationship": "Inner", "Scan Direction": "Forward", "Index Name": "supplier_pkey", "Relation Name": "supplier", "Alias": "supplier", "Startup Cost": 0.0, "Total Cost": 0.27, "Plan Rows": 1, "Plan Width": 12, "Index Cond": "(s_suppkey = lineitem.l_suppkey)"}]}, {"Node Type": "Index Scan", "Parent Relationship": "Inner", "Scan Direction": "Forward", "Index Name": "nation_pkey", "Relation Name": "nation", "Alias": "n2", "Startup Cost": 0.0, "Total Cost": 0.27, "Plan Rows": 1, "Plan Width": 30, "Index Cond": "(n_nationkey = supplier.s_nationkey)"}]}]}]}, "Unique SQL Id": 3681808042, "Planner Runtime": 2}, "explain_analyze_plan": {"Plan": {"Node Type": "Sort", "Startup Cost": 543973.83, "Total Cost": 543973.85, "Plan Rows": 10, "Plan Width": 50, "Actual Startup Time": 8110.251, "Actual Total Time": 8110.251, "Actual Rows": 2, "Actual Loops": 1, "Sort Key": ["(date_part('year'::text, orders.o_orderdate))"], "Sort Method": "quicksort", "Sort Space Used": 25, "Sort Space Type": "Memory", "Plans": [{"Node Type": "Aggregate", "Strategy": "Hashed", "Parent Relationship": "Outer", "Startup Cost": 543973.51, "Total Cost": 543973.66, "Plan Rows": 10, "Plan Width": 50, "Actual Startup Time": 8110.23, "Actual Total Time": 8110.231, "Actual Rows": 2, "Actual Loops": 1, "Group By Key": ["date_part('year'::text, orders.o_orderdate)"], "Plans": [{"Node Type": "Nested Loop", "Parent Relationship": "Outer", "Join Type": "Inner", "Startup Cost": 0.0, "Total Cost": 543853.69, "Plan Rows": 5991, "Plan Width": 50, "Actual Startup Time": 0.347, "Actual Total Time": 8073.255, "Actual Rows": 23929, "Actual Loops": 1, "Inner Unique": true, "Plans": [{"Node Type": "Nested Loop", "Parent Relationship": "Outer", "Join Type": "Inner", "Startup Cost": 0.0, "Total Cost": 542160.52, "Plan Rows": 5991, "Plan Width": 28, "Actual Startup Time": 0.337, "Actual Total Time": 7983.688, "Actual Rows": 23929, "Actual Loops": 1, "Inner Unique": true, "Plans": [{"Node Type": "Nested Loop", "Parent Relationship": "Outer", "Join Type": "Inner", "Startup Cost": 0.0, "Total Cost": 537314.56, "Plan Rows": 17296, "Plan Width": 32, "Actual Startup Time": 0.329, "Actual Total Time": 7801.196, "Actual Rows": 23929, "Actual Loops": 1, "Inner Unique": false, "Join Filter": "(n1.n_nationkey = customer.c_nationkey)", "Rows Removed by Join Filter": 574896, "Plans": [{"Node Type": "Nested Loop", "Parent Relationship": "Outer", "Join Type": "Inner", "Startup Cost": 0.0, "Total Cost": 530807.88, "Plan Rows": 86479, "Plan Width": 36, "Actual Startup Time": 0.172, "Actual Total Time": 7578.85, "Actual Rows": 119765, "Actual Loops": 1, "Inner Unique": true, "Plans": [{"Node Type": "Nested Loop", "Parent Relationship": "Outer", "Join Type": "Inner", "Startup Cost": 0.0, "Total Cost": 503356.69, "Plan Rows": 86479, "Plan Width": 40, "Actual Startup Time": 0.164, "Actual Total Time": 6543.231, "Actual Rows": 119765, "Actual Loops": 1, "Inner Unique": true, "Plans": [{"Node Type": "Nested Loop", "Parent Relationship": "Outer", "Join Type": "Inner", "Startup Cost": 0.0, "Total Cost": 480423.82, "Plan Rows": 74637, "Plan Width": 32, "Actual Startup Time": 0.068, "Actual Total Time": 2854.98, "Actual Rows": 395341, "Actual Loops": 1, "Inner Unique": false, "Plans": [{"Node Type": "Index Scan", "Parent Relationship": "Outer", "Scan Direction": "Forward", "Index Name": "part_kpey", "Relation Name": "part", "Alias": "part", "Startup Cost": 0.0, "Total Cost": 105803.25, "Plan Rows": 13538, "Plan Width": 8, "Actual Startup Time": 0.048, "Actual Total Time": 1507.382, "Actual Rows": 13163, "Actual Loops": 1, "Filter": "((p_type)::text = 'SMALL PLATED COPPER'::text)", "Rows Removed by Filter": 1986837}, {"Node Type": "Index Scan", "Parent Relationship": "Inner", "Scan Direction": "Forward", "Index Name": "idx_lineitem_part_supp", "Relation Name": "lineitem", "Alias": "lineitem", "Startup Cost": 0.0, "Total Cost": 27.61, "Plan Rows": 6, "Plan Width": 40, "Actual Startup Time": 157.001, "Actual Total Time": 1241.646, "Actual Rows": 395341, "Actual Loops": 13163, "Index Cond": "(l_partkey = part.p_partkey)", "Rows Removed by Index Recheck": 0}]}, {"Node Type": "Index Scan", "Parent Relationship": "Inner", "Scan Direction": "Forward", "Index Name": "orders_pkey", "Relation Name": "orders", "Alias": "orders", "Startup Cost": 0.0, "Total Cost": 0.3, "Plan Rows": 1, "Plan Width": 24, "Actual Startup Time": 3442.495, "Actual Total Time": 3442.495, "Actual Rows": 119765, "Actual Loops": 395341, "Index Cond": "(o_orderkey = lineitem.l_orderkey)", "Rows Removed by Index Recheck": 0, "Filter": "((o_orderdate >= '1995-01-01 00:00:00'::timestamp(0) without time zone) AND (o_orderdate <= '1996-12-31 00:00:00'::timestamp(0) without time zone))", "Rows Removed by Filter": 275576}]}, {"Node Type": "Index Scan", "Parent Relationship": "Inner", "Scan Direction": "Forward", "Index Name": "customer_pkey", "Relation Name": "customer", "Alias": "customer", "Startup Cost": 0.0, "Total Cost": 0.31, "Plan Rows": 1, "Plan Width": 12, "Actual Startup Time": 920.013, "Actual Total Time": 920.013, "Actual Rows": 119765, "Actual Loops": 119765, "Index Cond": "(c_custkey = orders.o_custkey)", "Rows Removed by Index Recheck": 0}]}, {"Node Type": "Materialize", "Parent Relationship": "Inner", "Startup Cost": 0.0, "Total Cost": 20.76, "Plan Rows": 5, "Plan Width": 4, "Actual Startup Time": 14.753, "Actual Total Time": 67.261, "Actual Rows": 598825, "Actual Loops": 119765, "Plans": [{"Node Type": "Nested Loop", "Parent Relationship": "Outer", "Join Type": "Inner", "Startup Cost": 0.0, "Total Cost": 20.74, "Plan Rows": 5, "Plan Width": 4, "Actual Startup Time": 0.015, "Actual Total Time": 0.022, "Actual Rows": 5, "Actual Loops": 1, "Inner Unique": false, "Plans": [{"Node Type": "Index Scan", "Parent Relationship": "Outer", "Scan Direction": "Forward", "Index Name": "region_pkey", "Relation Name": "region", "Alias": "region", "Startup Cost": 0.0, "Total Cost": 12.34, "Plan Rows": 1, "Plan Width": 4, "Actual Startup Time": 0.009, "Actual Total Time": 0.011, "Actual Rows": 1, "Actual Loops": 1, "Filter": "(r_name = 'ASIA'::bpchar)", "Rows Removed by Filter": 4}, {"Node Type": "Index Scan", "Parent Relationship": "Inner", "Scan Direction": "Forward", "Index Name": "idx_nation_regionkey", "Relation Name": "nation", "Alias": "n1", "Startup Cost": 0.0, "Total Cost": 8.35, "Plan Rows": 5, "Plan Width": 8, "Actual Startup Time": 0.004, "Actual Total Time": 0.009, "Actual Rows": 5, "Actual Loops": 1, "Index Cond": "(n_regionkey = region.r_regionkey)", "Rows Removed by Index Recheck": 0}]}]}]}, {"Node Type": "Index Scan", "Parent Relationship": "Inner", "Scan Direction": "Forward", "Index Name": "supplier_pkey", "Relation Name": "supplier", "Alias": "supplier", "Startup Cost": 0.0, "Total Cost": 0.27, "Plan Rows": 1, "Plan Width": 12, "Actual Startup Time": 149.839, "Actual Total Time": 149.839, "Actual Rows": 23929, "Actual Loops": 23929, "Index Cond": "(s_suppkey = lineitem.l_suppkey)", "Rows Removed by Index Recheck": 0}]}, {"Node Type": "Index Scan", "Parent Relationship": "Inner", "Scan Direction": "Forward", "Index Name": "nation_pkey", "Relation Name": "nation", "Alias": "n2", "Startup Cost": 0.0, "Total Cost": 0.27, "Plan Rows": 1, "Plan Width": 30, "Actual Startup Time": 42.432, "Actual Total Time": 42.432, "Actual Rows": 23929, "Actual Loops": 23929, "Index Cond": "(n_nationkey = supplier.s_nationkey)", "Rows Removed by Index Recheck": 0}]}]}]}, "Triggers": [], "Planner Runtime": 2, "Total Runtime": 8110.658, "Unique SQL Id": 3681808042}}, "(1, 118)": {"explain_plan": {"Plan": {"Node Type": "Sort", "Startup Cost": 1223730.05, "Total Cost": 1223730.08, "Plan Rows": 10, "Plan Width": 50, "Sort Key": ["(date_part('year'::text, orders.o_orderdate))"], "Plans": [{"Node Type": "Aggregate", "Strategy": "Hashed", "Parent Relationship": "Outer", "Startup Cost": 1223729.73, "Total Cost": 1223729.88, "Plan Rows": 10, "Plan Width": 50, "Group By Key": ["date_part('year'::text, orders.o_orderdate)"], "Plans": [{"Node Type": "Nested Loop", "Parent Relationship": "Outer", "Join Type": "Inner", "Startup Cost": 4.99, "Total Cost": 1223609.91, "Plan Rows": 5991, "Plan Width": 50, "Inner Unique": true, "Join Filter": "(supplier.s_nationkey = n2.n_nationkey)", "Plans": [{"Node Type": "Nested Loop", "Parent Relationship": "Outer", "Join Type": "Inner", "Startup Cost": 4.99, "Total Cost": 1221347.0, "Plan Rows": 5991, "Plan Width": 28, "Inner Unique": true, "Plans": [{"Node Type": "Nested Loop", "Parent Relationship": "Outer", "Join Type": "Inner", "Startup Cost": 4.73, "Total Cost": 1147315.35, "Plan Rows": 17296, "Plan Width": 32, "Inner Unique": false, "Join Filter": "(n1.n_nationkey = customer.c_nationkey)", "Plans": [{"Node Type": "Nested Loop", "Parent Relationship": "Outer", "Join Type": "Inner", "Startup Cost": 4.73, "Total Cost": 1140826.79, "Plan Rows": 86479, "Plan Width": 36, "Inner Unique": true, "Plans": [{"Node Type": "Nested Loop", "Parent Relationship": "Outer", "Join Type": "Inner", "Startup Cost": 4.47, "Total Cost": 770271.73, "Plan Rows": 86479, "Plan Width": 40, "Inner Unique": true, "Plans": [{"Node Type": "Nested Loop", "Parent Relationship": "Outer", "Join Type": "Inner", "Startup Cost": 4.21, "Total Cost": 450147.9, "Plan Rows": 74637, "Plan Width": 32, "Inner Unique": false, "Plans": [{"Node Type": "Seq Scan", "Parent Relationship": "Outer", "Relation Name": "part", "Alias": "part", "Startup Cost": 0.0, "Total Cost": 66944.0, "Plan Rows": 13538, "Plan Width": 8, "Filter": "((p_type)::text = 'SMALL PLATED COPPER'::text)"}, {"Node Type": "Bitmap Heap Scan", "Parent Relationship": "Inner", "Relation Name": "lineitem", "Alias": "lineitem", "Startup Cost": 4.21, "Total Cost": 28.25, "Plan Rows": 6, "Plan Width": 40, "Recheck Cond": "(l_partkey = part.p_partkey)", "Plans": [{"Node Type": "Bitmap Index Scan", "Parent Relationship": "Outer", "Index Name": "idx_lineitem_part_supp", "Startup Cost": 0.0, "Total Cost": 4.21, "Plan Rows": 6, "Plan Width": 0, "Index Cond": "(l_partkey = part.p_partkey)"}]}]}, {"Node Type": "Bitmap Heap Scan", "Parent Relationship": "Inner", "Relation Name": "orders", "Alias": "orders", "Startup Cost": 0.26, "Total Cost": 4.28, "Plan Rows": 1, "Plan Width": 24, "Recheck Cond": "(o_orderkey = lineitem.l_orderkey)", "Filter": "((o_orderdate >= '1995-01-01 00:00:00'::timestamp(0) without time zone) AND (o_orderdate <= '1996-12-31 00:00:00'::timestamp(0) without time zone))", "Plans": [{"Node Type": "Bitmap Index Scan", "Parent Relationship": "Outer", "Index Name": "orders_pkey", "Startup Cost": 0.0, "Total Cost": 0.26, "Plan Rows": 1, "Plan Width": 0, "Index Cond": "(o_orderkey = lineitem.l_orderkey)"}]}]}, {"Node Type": "Bitmap Heap Scan", "Parent Relationship": "Inner", "Relation Name": "customer", "Alias": "customer", "Startup Cost": 0.26, "Total Cost": 4.27, "Plan Rows": 1, "Plan Width": 12, "Recheck Cond": "(c_custkey = orders.o_custkey)", "Plans": [{"Node Type": "Bitmap Index Scan", "Parent Relationship": "Outer", "Index Name": "customer_pkey", "Startup Cost": 0.0, "Total Cost": 0.26, "Plan Rows": 1, "Plan Width": 0, "Index Cond": "(c_custkey = orders.o_custkey)"}]}]}, {"Node Type": "Materialize", "Parent Relationship": "Inner", "Startup Cost": 0.0, "Total Cost": 2.65, "Plan Rows": 5, "Plan Width": 4, "Plans": [{"Node Type": "Nested Loop", "Parent Relationship": "Outer", "Join Type": "Inner", "Startup Cost": 0.0, "Total Cost": 2.62, "Plan Rows": 5, "Plan Width": 4, "Inner Unique": false, "Join Filter": "(n1.n_regionkey = region.r_regionkey)", "Plans": [{"Node Type": "Seq Scan", "Parent Relationship": "Outer", "Relation Name": "region", "Alias": "region", "Startup Cost": 0.0, "Total Cost": 1.06, "Plan Rows": 1, "Plan Width": 4, "Filter": "(r_name = 'ASIA'::bpchar)"}, {"Node Type": "Seq Scan", "Parent Relationship": "Inner", "Relation Name": "nation", "Alias": "n1", "Startup Cost": 0.0, "Total Cost": 1.25, "Plan Rows": 25, "Plan Width": 8}]}]}]}, {"Node Type": "Bitmap Heap Scan", "Parent Relationship": "Inner", "Relation Name": "supplier", "Alias": "supplier", "Startup Cost": 0.26, "Total Cost": 4.27, "Plan Rows": 1, "Plan Width": 12, "Recheck Cond": "(s_suppkey = lineitem.l_suppkey)", "Plans": [{"Node Type": "Bitmap Index Scan", "Parent Relationship": "Outer", "Index Name": "supplier_pkey", "Startup Cost": 0.0, "Total Cost": 0.26, "Plan Rows": 1, "Plan Width": 0, "Index Cond": "(s_suppkey = lineitem.l_suppkey)"}]}]}, {"Node Type": "Materialize", "Parent Relationship": "Inner", "Startup Cost": 0.0, "Total Cost": 1.38, "Plan Rows": 25, "Plan Width": 30, "Plans": [{"Node Type": "Seq Scan", "Parent Relationship": "Outer", "Relation Name": "nation", "Alias": "n2", "Startup Cost": 0.0, "Total Cost": 1.25, "Plan Rows": 25, "Plan Width": 30}]}]}]}]}, "Unique SQL Id": 3681808042, "Planner Runtime": 2}, "explain_analyze_plan": {"Plan": {"Node Type": "Sort", "Startup Cost": 1223730.05, "Total Cost": 1223730.08, "Plan Rows": 10, "Plan Width": 50, "Actual Startup Time": 8482.76, "Actual Total Time": 8482.76, "Actual Rows": 2, "Actual Loops": 1, "Sort Key": ["(date_part('year'::text, orders.o_orderdate))"], "Sort Method": "quicksort", "Sort Space Used": 25, "Sort Space Type": "Memory", "Plans": [{"Node Type": "Aggregate", "Strategy": "Hashed", "Parent Relationship": "Outer", "Startup Cost": 1223729.73, "Total Cost": 1223729.88, "Plan Rows": 10, "Plan Width": 50, "Actual Startup Time": 8482.741, "Actual Total Time": 8482.741, "Actual Rows": 2, "Actual Loops": 1, "Group By Key": ["date_part('year'::text, orders.o_orderdate)"], "Plans": [{"Node Type": "Nested Loop", "Parent Relationship": "Outer", "Join Type": "Inner", "Startup Cost": 4.99, "Total Cost": 1223609.91, "Plan Rows": 5991, "Plan Width": 50, "Actual Startup Time": 0.294, "Actual Total Time": 8436.309, "Actual Rows": 23929, "Actual Loops": 1, "Inner Unique": true, "Join Filter": "(supplier.s_nationkey = n2.n_nationkey)", "Rows Removed by Join Filter": 288173, "Plans": [{"Node Type": "Nested Loop", "Parent Relationship": "Outer", "Join Type": "Inner", "Startup Cost": 4.99, "Total Cost": 1221347.0, "Plan Rows": 5991, "Plan Width": 28, "Actual Startup Time": 0.26, "Actual Total Time": 8310.449, "Actual Rows": 23929, "Actual Loops": 1, "Inner Unique": true, "Plans": [{"Node Type": "Nested Loop", "Parent Relationship": "Outer", "Join Type": "Inner", "Startup Cost": 4.73, "Total Cost": 1147315.35, "Plan Rows": 17296, "Plan Width": 32, "Actual Startup Time": 0.245, "Actual Total Time": 8091.743, "Actual Rows": 23929, "Actual Loops": 1, "Inner Unique": false, "Join Filter": "(n1.n_nationkey = customer.c_nationkey)", "Rows Removed by Join Filter": 574896, "Plans": [{"Node Type": "Nested Loop", "Parent Relationship": "Outer", "Join Type": "Inner", "Startup Cost": 4.73, "Total Cost": 1140826.79, "Plan Rows": 86479, "Plan Width": 36, "Actual Startup Time": 0.165, "Actual Total Time": 7859.141, "Actual Rows": 119765, "Actual Loops": 1, "Inner Unique": true, "Plans": [{"Node Type": "Nested Loop", "Parent Relationship": "Outer", "Join Type": "Inner", "Startup Cost": 4.47, "Total Cost": 770271.73, "Plan Rows": 86479, "Plan Width": 40, "Actual Startup Time": 0.143, "Actual Total Time": 6661.43, "Actual Rows": 119765, "Actual Loops": 1, "Inner Unique": true, "Plans": [{"Node Type": "Nested Loop", "Parent Relationship": "Outer", "Join Type": "Inner", "Startup Cost": 4.21, "Total Cost": 450147.9, "Plan Rows": 74637, "Plan Width": 32, "Actual Startup Time": 0.084, "Actual Total Time": 2368.794, "Actual Rows": 395341, "Actual Loops": 1, "Inner Unique": false, "Plans": [{"Node Type": "Seq Scan", "Parent Relationship": "Outer", "Relation Name": "part", "Alias": "part", "Startup Cost": 0.0, "Total Cost": 66944.0, "Plan Rows": 13538, "Plan Width": 8, "Actual Startup Time": 0.033, "Actual Total Time": 787.63, "Actual Rows": 13163, "Actual Loops": 1, "Filter": "((p_type)::text = 'SMALL PLATED COPPER'::text)", "Rows Removed by Filter": 1986837}, {"Node Type": "Bitmap Heap Scan", "Parent Relationship": "Inner", "Relation Name": "lineitem", "Alias": "lineitem", "Startup Cost": 4.21, "Total Cost": 28.25, "Plan Rows": 6, "Plan Width": 40, "Actual Startup Time": 272.018, "Actual Total Time": 1455.335, "Actual Rows": 395341, "Actual Loops": 13163, "Recheck Cond": "(l_partkey = part.p_partkey)", "Rows Removed by Index Recheck": 0, "Exact Heap Blocks": 395337, "Lossy Heap Blocks": 395337, "Plans": [{"Node Type": "Bitmap Index Scan", "Parent Relationship": "Outer", "Index Name": "idx_lineitem_part_supp", "Startup Cost": 0.0, "Total Cost": 4.21, "Plan Rows": 6, "Plan Width": 0, "Actual Startup Time": 169.949, "Actual Total Time": 169.949, "Actual Rows": 395341, "Actual Loops": 13163, "Index Cond": "(l_partkey = part.p_partkey)"}]}]}, {"Node Type": "Bitmap Heap Scan", "Parent Relationship": "Inner", "Relation Name": "orders", "Alias": "orders", "Startup Cost": 0.26, "Total Cost": 4.28, "Plan Rows": 1, "Plan Width": 24, "Actual Startup Time": 3809.202, "Actual Total Time": 3809.202, "Actual Rows": 119765, "Actual Loops": 395341, "Recheck Cond": "(o_orderkey = lineitem.l_orderkey)", "Rows Removed by Index Recheck": 0, "Filter": "((o_orderdate >= '1995-01-01 00:00:00'::timestamp(0) without time zone) AND (o_orderdate <= '1996-12-31 00:00:00'::timestamp(0) without time zone))", "Rows Removed by Filter": 275576, "Exact Heap Blocks": 395341, "Lossy Heap Blocks": 395341, "Plans": [{"Node Type": "Bitmap Index Scan", "Parent Relationship": "Outer", "Index Name": "orders_pkey", "Startup Cost": 0.0, "Total Cost": 0.26, "Plan Rows": 1, "Plan Width": 0, "Actual Startup Time": 2364.614, "Actual Total Time": 2364.614, "Actual Rows": 395341, "Actual Loops": 395341, "Index Cond": "(o_orderkey = lineitem.l_orderkey)"}]}]}, {"Node Type": "Bitmap Heap Scan", "Parent Relationship": "Inner", "Relation Name": "customer", "Alias": "customer", "Startup Cost": 0.26, "Total Cost": 4.27, "Plan Rows": 1, "Plan Width": 12, "Actual Startup Time": 1032.067, "Actual Total Time": 1032.067, "Actual Rows": 119765, "Actual Loops": 119765, "Recheck Cond": "(c_custkey = orders.o_custkey)", "Rows Removed by Index Recheck": 0, "Exact Heap Blocks": 119765, "Lossy Heap Blocks": 119765, "Plans": [{"Node Type": "Bitmap Index Scan", "Parent Relationship": "Outer", "Index Name": "customer_pkey", "Startup Cost": 0.0, "Total Cost": 0.26, "Plan Rows": 1, "Plan Width": 0, "Actual Startup Time": 648.246, "Actual Total Time": 648.246, "Actual Rows": 119765, "Actual Loops": 119765, "Index Cond": "(c_custkey = orders.o_custkey)"}]}]}, {"Node Type": "Materialize", "Parent Relationship": "Inner", "Startup Cost": 0.0, "Total Cost": 2.65, "Plan Rows": 5, "Plan Width": 4, "Actual Startup Time": 15.131, "Actual Total Time": 66.211, "Actual Rows": 598825, "Actual Loops": 119765, "Plans": [{"Node Type": "Nested Loop", "Parent Relationship": "Outer", "Join Type": "Inner", "Startup Cost": 0.0, "Total Cost": 2.62, "Plan Rows": 5, "Plan Width": 4, "Actual Startup Time": 0.027, "Actual Total Time": 0.036, "Actual Rows": 5, "Actual Loops": 1, "Inner Unique": false, "Join Filter": "(n1.n_regionkey = region.r_regionkey)", "Rows Removed by Join Filter": 20, "Plans": [{"Node Type": "Seq Scan", "Parent Relationship": "Outer", "Relation Name": "region", "Alias": "region", "Startup Cost": 0.0, "Total Cost": 1.06, "Plan Rows": 1, "Plan Width": 4, "Actual Startup Time": 0.01, "Actual Total Time": 0.011, "Actual Rows": 1, "Actual Loops": 1, "Filter": "(r_name = 'ASIA'::bpchar)", "Rows Removed by Filter": 4}, {"Node Type": "Seq Scan", "Parent Relationship": "Inner", "Relation Name": "nation", "Alias": "n1", "Startup Cost": 0.0, "Total Cost": 1.25, "Plan Rows": 25, "Plan Width": 8, "Actual Startup Time": 0.007, "Actual Total Time": 0.012, "Actual Rows": 25, "Actual Loops": 1}]}]}]}, {"Node Type": "Bitmap Heap Scan", "Parent Relationship": "Inner", "Relation Name": "supplier", "Alias": "supplier", "Startup Cost": 0.26, "Total Cost": 4.27, "Plan Rows": 1, "Plan Width": 12, "Actual Startup Time": 177.104, "Actual Total Time": 177.104, "Actual Rows": 23929, "Actual Loops": 23929, "Recheck Cond": "(s_suppkey = lineitem.l_suppkey)", "Rows Removed by Index Recheck": 0, "Exact Heap Blocks": 23929, "Lossy Heap Blocks": 23929, "Plans": [{"Node Type": "Bitmap Index Scan", "Parent Relationship": "Outer", "Index Name": "supplier_pkey", "Startup Cost": 0.0, "Total Cost": 0.26, "Plan Rows": 1, "Plan Width": 0, "Actual Startup Time": 99.458, "Actual Total Time": 99.458, "Actual Rows": 23929, "Actual Loops": 23929, "Index Cond": "(s_suppkey = lineitem.l_suppkey)"}]}]}, {"Node Type": "Materialize", "Parent Relationship": "Inner", "Startup Cost": 0.0, "Total Cost": 1.38, "Plan Rows": 25, "Plan Width": 30, "Actual Startup Time": 2.589, "Actual Total Time": 27.676, "Actual Rows": 312102, "Actual Loops": 23929, "Plans": [{"Node Type": "Seq Scan", "Parent Relationship": "Outer", "Relation Name": "nation", "Alias": "n2", "Startup Cost": 0.0, "Total Cost": 1.25, "Plan Rows": 25, "Plan Width": 30, "Actual Startup Time": 0.011, "Actual Total Time": 0.017, "Actual Rows": 25, "Actual Loops": 1}]}]}]}]}, "Triggers": [], "Planner Runtime": 2, "Total Runtime": 8483.162, "Unique SQL Id": 3681808042}}, "(1, 119)": {"explain_plan": {"Plan": {"Node Type": "Sort", "Startup Cost": 66661878.45, "Total Cost": 66661878.48, "Plan Rows": 10, "Plan Width": 50, "Sort Key": ["(date_part('year'::text, orders.o_orderdate))"], "Plans": [{"Node Type": "Aggregate", "Strategy": "Hashed", "Parent Relationship": "Outer", "Startup Cost": 66661878.14, "Total Cost": 66661878.29, "Plan Rows": 10, "Plan Width": 50, "Group By Key": ["date_part('year'::text, orders.o_orderdate)"], "Plans": [{"Node Type": "Nested Loop", "Parent Relationship": "Outer", "Join Type": "Inner", "Startup Cost": 115915.31, "Total Cost": 66661758.32, "Plan Rows": 5991, "Plan Width": 50, "Inner Unique": true, "Plans": [{"Node Type": "Nested Loop", "Parent Relationship": "Outer", "Join Type": "Inner", "Startup Cost": 115915.05, "Total Cost": 66636099.88, "Plan Rows": 5991, "Plan Width": 28, "Inner Unique": true, "Plans": [{"Node Type": "Nested Loop", "Parent Relationship": "Outer", "Join Type": "Inner", "Startup Cost": 115914.79, "Total Cost": 66562068.23, "Plan Rows": 17296, "Plan Width": 32, "Inner Unique": true, "Plans": [{"Node Type": "Nested Loop", "Parent Relationship": "Outer", "Join Type": "Inner", "Startup Cost": 115914.53, "Total Cost": 45938880.46, "Plan Rows": 4814867, "Plan Width": 40, "Inner Unique": false, "Plans": [{"Node Type": "Nested Loop", "Parent Relationship": "Outer", "Join Type": "Inner", "Startup Cost": 115914.01, "Total Cost": 43432501.27, "Plan Rows": 530296, "Plan Width": 16, "Inner Unique": true, "Plans": [{"Node Type": "Nested Loop", "Parent Relationship": "Outer", "Join Type": "Inner", "Startup Cost": 115913.43, "Total Cost": 31228406.3, "Plan Rows": 2651479, "Plan Width": 20, "Inner Unique": true, "Plans": [{"Node Type": "Nested Loop", "Parent Relationship": "Outer", "Join Type": "Inner", "Startup Cost": 115913.17, "Total Cost": 19879399.17, "Plan Rows": 2651479, "Plan Width": 20, "Inner Unique": true, "Plans": [{"Node Type": "Bitmap Heap Scan", "Parent Relationship": "Outer", "Relation Name": "orders", "Alias": "orders", "Startup Cost": 115912.91, "Total Cost": 460311.42, "Plan Rows": 4531967, "Plan Width": 24, "Recheck Cond": "((o_orderdate >= '1995-01-01 00:00:00'::timestamp(0) without time zone) AND (o_orderdate <= '1996-12-31 00:00:00'::timestamp(0) without time zone)), (LLVM Optimized)", "Plans": [{"Node Type": "Bitmap Index Scan", "Parent Relationship": "Outer", "Index Name": "idx_orders_orderdate", "Startup Cost": 0.0, "Total Cost": 114779.92, "Plan Rows": 4531967, "Plan Width": 0, "Index Cond": "((o_orderdate >= '1995-01-01 00:00:00'::timestamp(0) without time zone) AND (o_orderdate <= '1996-12-31 00:00:00'::timestamp(0) without time zone))"}]}, {"Node Type": "Bitmap Heap Scan", "Parent Relationship": "Inner", "Relation Name": "customer", "Alias": "customer", "Startup Cost": 0.26, "Total Cost": 4.27, "Plan Rows": 1, "Plan Width": 12, "Recheck Cond": "(c_custkey = orders.o_custkey)", "Plans": [{"Node Type": "Bitmap Index Scan", "Parent Relationship": "Outer", "Index Name": "customer_pkey", "Startup Cost": 0.0, "Total Cost": 0.26, "Plan Rows": 1, "Plan Width": 0, "Index Cond": "(c_custkey = orders.o_custkey)"}]}]}, {"Node Type": "Bitmap Heap Scan", "Parent Relationship": "Inner", "Relation Name": "nation", "Alias": "n1", "Startup Cost": 0.26, "Total Cost": 4.27, "Plan Rows": 1, "Plan Width": 8, "Recheck Cond": "(n_nationkey = customer.c_nationkey)", "Plans": [{"Node Type": "Bitmap Index Scan", "Parent Relationship": "Outer", "Index Name": "nation_pkey", "Startup Cost": 0.0, "Total Cost": 0.26, "Plan Rows": 1, "Plan Width": 0, "Index Cond": "(n_nationkey = customer.c_nationkey)"}]}]}, {"Node Type": "Bitmap Heap Scan", "Parent Relationship": "Inner", "Relation Name": "region", "Alias": "region", "Startup Cost": 0.58, "Total Cost": 4.59, "Plan Rows": 1, "Plan Width": 4, "Recheck Cond": "(r_regionkey = n1.n_regionkey)", "Filter": "(r_name = 'ASIA'::bpchar)", "Plans": [{"Node Type": "Bitmap Index Scan", "Parent Relationship": "Outer", "Index Name": "region_pkey", "Startup Cost": 0.0, "Total Cost": 0.58, "Plan Rows": 1, "Plan Width": 0, "Index Cond": "(r_regionkey = n1.n_regionkey)"}]}]}, {"Node Type": "Bitmap Heap Scan", "Parent Relationship": "Inner", "Relation Name": "lineitem", "Alias": "lineitem", "Startup Cost": 0.52, "Total Cost": 4.64, "Plan Rows": 9, "Plan Width": 40, "Recheck Cond": "(l_orderkey = orders.o_orderkey)", "Plans": [{"Node Type": "Bitmap Index Scan", "Parent Relationship": "Outer", "Index Name": "idx_lineitem_orderkey", "Startup Cost": 0.0, "Total Cost": 0.52, "Plan Rows": 9, "Plan Width": 0, "Index Cond": "(l_orderkey = orders.o_orderkey)"}]}]}, {"Node Type": "Bitmap Heap Scan", "Parent Relationship": "Inner", "Relation Name": "part", "Alias": "part", "Startup Cost": 0.26, "Total Cost": 4.27, "Plan Rows": 1, "Plan Width": 8, "Recheck Cond": "(p_partkey = lineitem.l_partkey)", "Filter": "((p_type)::text = 'SMALL PLATED COPPER'::text)", "Plans": [{"Node Type": "Bitmap Index Scan", "Parent Relationship": "Outer", "Index Name": "part_kpey", "Startup Cost": 0.0, "Total Cost": 0.26, "Plan Rows": 1, "Plan Width": 0, "Index Cond": "(p_partkey = lineitem.l_partkey)"}]}]}, {"Node Type": "Bitmap Heap Scan", "Parent Relationship": "Inner", "Relation Name": "supplier", "Alias": "supplier", "Startup Cost": 0.26, "Total Cost": 4.27, "Plan Rows": 1, "Plan Width": 12, "Recheck Cond": "(s_suppkey = lineitem.l_suppkey)", "Plans": [{"Node Type": "Bitmap Index Scan", "Parent Relationship": "Outer", "Index Name": "supplier_pkey", "Startup Cost": 0.0, "Total Cost": 0.26, "Plan Rows": 1, "Plan Width": 0, "Index Cond": "(s_suppkey = lineitem.l_suppkey)"}]}]}, {"Node Type": "Bitmap Heap Scan", "Parent Relationship": "Inner", "Relation Name": "nation", "Alias": "n2", "Startup Cost": 0.26, "Total Cost": 4.27, "Plan Rows": 1, "Plan Width": 30, "Recheck Cond": "(n_nationkey = supplier.s_nationkey)", "Plans": [{"Node Type": "Bitmap Index Scan", "Parent Relationship": "Outer", "Index Name": "nation_pkey", "Startup Cost": 0.0, "Total Cost": 0.26, "Plan Rows": 1, "Plan Width": 0, "Index Cond": "(n_nationkey = supplier.s_nationkey)"}]}]}]}]}, "Unique SQL Id": 3681808042, "Planner Runtime": 1}, "explain_analyze_plan": null}, "(1, 120)": {"explain_plan": {"Plan": {"Node Type": "Sort", "Startup Cost": 505096.47, "Total Cost": 505096.49, "Plan Rows": 10, "Plan Width": 50, "Sort Key": ["(date_part('year'::text, orders.o_orderdate))"], "Plans": [{"Node Type": "Aggregate", "Strategy": "Hashed", "Parent Relationship": "Outer", "Startup Cost": 505096.15, "Total Cost": 505096.3, "Plan Rows": 10, "Plan Width": 50, "Group By Key": ["date_part('year'::text, orders.o_orderdate)"], "Plans": [{"Node Type": "Nested Loop", "Parent Relationship": "Outer", "Join Type": "Inner", "Startup Cost": 0.0, "Total Cost": 504976.33, "Plan Rows": 5991, "Plan Width": 50, "Inner Unique": true, "Plans": [{"Node Type": "Nested Loop", "Parent Relationship": "Outer", "Join Type": "Inner", "Startup Cost": 0.0, "Total Cost": 503283.15, "Plan Rows": 5991, "Plan Width": 28, "Inner Unique": true, "Plans": [{"Node Type": "Nested Loop", "Parent Relationship": "Outer", "Join Type": "Inner", "Startup Cost": 0.0, "Total Cost": 498437.19, "Plan Rows": 17296, "Plan Width": 32, "Inner Unique": false, "Join Filter": "(n1.n_nationkey = customer.c_nationkey)", "Plans": [{"Node Type": "Nested Loop", "Parent Relationship": "Outer", "Join Type": "Inner", "Startup Cost": 0.0, "Total Cost": 491948.63, "Plan Rows": 86479, "Plan Width": 36, "Inner Unique": true, "Plans": [{"Node Type": "Nested Loop", "Parent Relationship": "Outer", "Join Type": "Inner", "Startup Cost": 0.0, "Total Cost": 464497.44, "Plan Rows": 86479, "Plan Width": 40, "Inner Unique": true, "Plans": [{"Node Type": "Nested Loop", "Parent Relationship": "Outer", "Join Type": "Inner", "Startup Cost": 0.0, "Total Cost": 441564.57, "Plan Rows": 74637, "Plan Width": 32, "Inner Unique": false, "Plans": [{"Node Type": "Seq Scan", "Parent Relationship": "Outer", "Relation Name": "part", "Alias": "part", "Startup Cost": 0.0, "Total Cost": 66944.0, "Plan Rows": 13538, "Plan Width": 8, "Filter": "((p_type)::text = 'SMALL PLATED COPPER'::text)"}, {"Node Type": "Index Scan", "Parent Relationship": "Inner", "Scan Direction": "Forward", "Index Name": "idx_lineitem_part_supp", "Relation Name": "lineitem", "Alias": "lineitem", "Startup Cost": 0.0, "Total Cost": 27.61, "Plan Rows": 6, "Plan Width": 40, "Index Cond": "(l_partkey = part.p_partkey)"}]}, {"Node Type": "Index Scan", "Parent Relationship": "Inner", "Scan Direction": "Forward", "Index Name": "orders_pkey", "Relation Name": "orders", "Alias": "orders", "Startup Cost": 0.0, "Total Cost": 0.3, "Plan Rows": 1, "Plan Width": 24, "Index Cond": "(o_orderkey = lineitem.l_orderkey)", "Filter": "((o_orderdate >= '1995-01-01 00:00:00'::timestamp(0) without time zone) AND (o_orderdate <= '1996-12-31 00:00:00'::timestamp(0) without time zone))"}]}, {"Node Type": "Index Scan", "Parent Relationship": "Inner", "Scan Direction": "Forward", "Index Name": "customer_pkey", "Relation Name": "customer", "Alias": "customer", "Startup Cost": 0.0, "Total Cost": 0.31, "Plan Rows": 1, "Plan Width": 12, "Index Cond": "(c_custkey = orders.o_custkey)"}]}, {"Node Type": "Materialize", "Parent Relationship": "Inner", "Startup Cost": 0.0, "Total Cost": 2.65, "Plan Rows": 5, "Plan Width": 4, "Plans": [{"Node Type": "Nested Loop", "Parent Relationship": "Outer", "Join Type": "Inner", "Startup Cost": 0.0, "Total Cost": 2.62, "Plan Rows": 5, "Plan Width": 4, "Inner Unique": false, "Join Filter": "(n1.n_regionkey = region.r_regionkey)", "Plans": [{"Node Type": "Seq Scan", "Parent Relationship": "Outer", "Relation Name": "region", "Alias": "region", "Startup Cost": 0.0, "Total Cost": 1.06, "Plan Rows": 1, "Plan Width": 4, "Filter": "(r_name = 'ASIA'::bpchar)"}, {"Node Type": "Seq Scan", "Parent Relationship": "Inner", "Relation Name": "nation", "Alias": "n1", "Startup Cost": 0.0, "Total Cost": 1.25, "Plan Rows": 25, "Plan Width": 8}]}]}]}, {"Node Type": "Index Scan", "Parent Relationship": "Inner", "Scan Direction": "Forward", "Index Name": "supplier_pkey", "Relation Name": "supplier", "Alias": "supplier", "Startup Cost": 0.0, "Total Cost": 0.27, "Plan Rows": 1, "Plan Width": 12, "Index Cond": "(s_suppkey = lineitem.l_suppkey)"}]}, {"Node Type": "Index Scan", "Parent Relationship": "Inner", "Scan Direction": "Forward", "Index Name": "nation_pkey", "Relation Name": "nation", "Alias": "n2", "Startup Cost": 0.0, "Total Cost": 0.27, "Plan Rows": 1, "Plan Width": 30, "Index Cond": "(n_nationkey = supplier.s_nationkey)"}]}]}]}, "Unique SQL Id": 3681808042, "Planner Runtime": 2}, "explain_analyze_plan": {"Plan": {"Node Type": "Sort", "Startup Cost": 505096.47, "Total Cost": 505096.49, "Plan Rows": 10, "Plan Width": 50, "Actual Startup Time": 6667.023, "Actual Total Time": 6667.023, "Actual Rows": 2, "Actual Loops": 1, "Sort Key": ["(date_part('year'::text, orders.o_orderdate))"], "Sort Method": "quicksort", "Sort Space Used": 25, "Sort Space Type": "Memory", "Plans": [{"Node Type": "Aggregate", "Strategy": "Hashed", "Parent Relationship": "Outer", "Startup Cost": 505096.15, "Total Cost": 505096.3, "Plan Rows": 10, "Plan Width": 50, "Actual Startup Time": 6666.995, "Actual Total Time": 6666.997, "Actual Rows": 2, "Actual Loops": 1, "Group By Key": ["date_part('year'::text, orders.o_orderdate)"], "Plans": [{"Node Type": "Nested Loop", "Parent Relationship": "Outer", "Join Type": "Inner", "Startup Cost": 0.0, "Total Cost": 504976.33, "Plan Rows": 5991, "Plan Width": 50, "Actual Startup Time": 0.426, "Actual Total Time": 6626.925, "Actual Rows": 23929, "Actual Loops": 1, "Inner Unique": true, "Plans": [{"Node Type": "Nested Loop", "Parent Relationship": "Outer", "Join Type": "Inner", "Startup Cost": 0.0, "Total Cost": 503283.15, "Plan Rows": 5991, "Plan Width": 28, "Actual Startup Time": 0.413, "Actual Total Time": 6538.132, "Actual Rows": 23929, "Actual Loops": 1, "Inner Unique": true, "Plans": [{"Node Type": "Nested Loop", "Parent Relationship": "Outer", "Join Type": "Inner", "Startup Cost": 0.0, "Total Cost": 498437.19, "Plan Rows": 17296, "Plan Width": 32, "Actual Startup Time": 0.402, "Actual Total Time": 6376.3, "Actual Rows": 23929, "Actual Loops": 1, "Inner Unique": false, "Join Filter": "(n1.n_nationkey = customer.c_nationkey)", "Rows Removed by Join Filter": 574896, "Plans": [{"Node Type": "Nested Loop", "Parent Relationship": "Outer", "Join Type": "Inner", "Startup Cost": 0.0, "Total Cost": 491948.63, "Plan Rows": 86479, "Plan Width": 36, "Actual Startup Time": 0.194, "Actual Total Time": 6158.929, "Actual Rows": 119765, "Actual Loops": 1, "Inner Unique": true, "Plans": [{"Node Type": "Nested Loop", "Parent Relationship": "Outer", "Join Type": "Inner", "Startup Cost": 0.0, "Total Cost": 464497.44, "Plan Rows": 86479, "Plan Width": 40, "Actual Startup Time": 0.184, "Actual Total Time": 5243.29, "Actual Rows": 119765, "Actual Loops": 1, "Inner Unique": true, "Plans": [{"Node Type": "Nested Loop", "Parent Relationship": "Outer", "Join Type": "Inner", "Startup Cost": 0.0, "Total Cost": 441564.57, "Plan Rows": 74637, "Plan Width": 32, "Actual Startup Time": 0.073, "Actual Total Time": 1943.41, "Actual Rows": 395341, "Actual Loops": 1, "Inner Unique": false, "Plans": [{"Node Type": "Seq Scan", "Parent Relationship": "Outer", "Relation Name": "part", "Alias": "part", "Startup Cost": 0.0, "Total Cost": 66944.0, "Plan Rows": 13538, "Plan Width": 8, "Actual Startup Time": 0.034, "Actual Total Time": 762.451, "Actual Rows": 13163, "Actual Loops": 1, "Filter": "((p_type)::text = 'SMALL PLATED COPPER'::text)", "Rows Removed by Filter": 1986837}, {"Node Type": "Index Scan", "Parent Relationship": "Inner", "Scan Direction": "Forward", "Index Name": "idx_lineitem_part_supp", "Relation Name": "lineitem", "Alias": "lineitem", "Startup Cost": 0.0, "Total Cost": 27.61, "Plan Rows": 6, "Plan Width": 40, "Actual Startup Time": 149.18, "Actual Total Time": 1074.779, "Actual Rows": 395341, "Actual Loops": 13163, "Index Cond": "(l_partkey = part.p_partkey)", "Rows Removed by Index Recheck": 0}]}, {"Node Type": "Index Scan", "Parent Relationship": "Inner", "Scan Direction": "Forward", "Index Name": "orders_pkey", "Relation Name": "orders", "Alias": "orders", "Startup Cost": 0.0, "Total Cost": 0.3, "Plan Rows": 1, "Plan Width": 24, "Actual Startup Time": 3052.025, "Actual Total Time": 3052.025, "Actual Rows": 119765, "Actual Loops": 395341, "Index Cond": "(o_orderkey = lineitem.l_orderkey)", "Rows Removed by Index Recheck": 0, "Filter": "((o_orderdate >= '1995-01-01 00:00:00'::timestamp(0) without time zone) AND (o_orderdate <= '1996-12-31 00:00:00'::timestamp(0) without time zone))", "Rows Removed by Filter": 275576}]}, {"Node Type": "Index Scan", "Parent Relationship": "Inner", "Scan Direction": "Forward", "Index Name": "customer_pkey", "Relation Name": "customer", "Alias": "customer", "Startup Cost": 0.0, "Total Cost": 0.31, "Plan Rows": 1, "Plan Width": 12, "Actual Startup Time": 807.54, "Actual Total Time": 807.54, "Actual Rows": 119765, "Actual Loops": 119765, "Index Cond": "(c_custkey = orders.o_custkey)", "Rows Removed by Index Recheck": 0}]}, {"Node Type": "Materialize", "Parent Relationship": "Inner", "Startup Cost": 0.0, "Total Cost": 2.65, "Plan Rows": 5, "Plan Width": 4, "Actual Startup Time": 12.511, "Actual Total Time": 64.751, "Actual Rows": 598825, "Actual Loops": 119765, "Plans": [{"Node Type": "Nested Loop", "Parent Relationship": "Outer", "Join Type": "Inner", "Startup Cost": 0.0, "Total Cost": 2.62, "Plan Rows": 5, "Plan Width": 4, "Actual Startup Time": 0.039, "Actual Total Time": 0.047, "Actual Rows": 5, "Actual Loops": 1, "Inner Unique": false, "Join Filter": "(n1.n_regionkey = region.r_regionkey)", "Rows Removed by Join Filter": 20, "Plans": [{"Node Type": "Seq Scan", "Parent Relationship": "Outer", "Relation Name": "region", "Alias": "region", "Startup Cost": 0.0, "Total Cost": 1.06, "Plan Rows": 1, "Plan Width": 4, "Actual Startup Time": 0.009, "Actual Total Time": 0.01, "Actual Rows": 1, "Actual Loops": 1, "Filter": "(r_name = 'ASIA'::bpchar)", "Rows Removed by Filter": 4}, {"Node Type": "Seq Scan", "Parent Relationship": "Inner", "Relation Name": "nation", "Alias": "n1", "Startup Cost": 0.0, "Total Cost": 1.25, "Plan Rows": 25, "Plan Width": 8, "Actual Startup Time": 0.018, "Actual Total Time": 0.022, "Actual Rows": 25, "Actual Loops": 1}]}]}]}, {"Node Type": "Index Scan", "Parent Relationship": "Inner", "Scan Direction": "Forward", "Index Name": "supplier_pkey", "Relation Name": "supplier", "Alias": "supplier", "Startup Cost": 0.0, "Total Cost": 0.27, "Plan Rows": 1, "Plan Width": 12, "Actual Startup Time": 130.532, "Actual Total Time": 130.532, "Actual Rows": 23929, "Actual Loops": 23929, "Index Cond": "(s_suppkey = lineitem.l_suppkey)", "Rows Removed by Index Recheck": 0}]}, {"Node Type": "Index Scan", "Parent Relationship": "Inner", "Scan Direction": "Forward", "Index Name": "nation_pkey", "Relation Name": "nation", "Alias": "n2", "Startup Cost": 0.0, "Total Cost": 0.27, "Plan Rows": 1, "Plan Width": 30, "Actual Startup Time": 41.763, "Actual Total Time": 41.763, "Actual Rows": 23929, "Actual Loops": 23929, "Index Cond": "(n_nationkey = supplier.s_nationkey)", "Rows Removed by Index Recheck": 0}]}]}]}, "Triggers": [], "Planner Runtime": 2, "Total Runtime": 6667.486, "Unique SQL Id": 3681808042}}, "(1, 121)": {"explain_plan": {"Plan": {"Node Type": "Sort", "Startup Cost": 543973.83, "Total Cost": 543973.85, "Plan Rows": 10, "Plan Width": 50, "Sort Key": ["(date_part('year'::text, orders.o_orderdate))"], "Plans": [{"Node Type": "Aggregate", "Strategy": "Hashed", "Parent Relationship": "Outer", "Startup Cost": 543973.51, "Total Cost": 543973.66, "Plan Rows": 10, "Plan Width": 50, "Group By Key": ["date_part('year'::text, orders.o_orderdate)"], "Plans": [{"Node Type": "Nested Loop", "Parent Relationship": "Outer", "Join Type": "Inner", "Startup Cost": 0.0, "Total Cost": 543853.69, "Plan Rows": 5991, "Plan Width": 50, "Inner Unique": true, "Plans": [{"Node Type": "Nested Loop", "Parent Relationship": "Outer", "Join Type": "Inner", "Startup Cost": 0.0, "Total Cost": 542160.52, "Plan Rows": 5991, "Plan Width": 28, "Inner Unique": true, "Plans": [{"Node Type": "Nested Loop", "Parent Relationship": "Outer", "Join Type": "Inner", "Startup Cost": 0.0, "Total Cost": 537314.56, "Plan Rows": 17296, "Plan Width": 32, "Inner Unique": false, "Join Filter": "(n1.n_nationkey = customer.c_nationkey)", "Plans": [{"Node Type": "Nested Loop", "Parent Relationship": "Outer", "Join Type": "Inner", "Startup Cost": 0.0, "Total Cost": 530807.88, "Plan Rows": 86479, "Plan Width": 36, "Inner Unique": true, "Plans": [{"Node Type": "Nested Loop", "Parent Relationship": "Outer", "Join Type": "Inner", "Startup Cost": 0.0, "Total Cost": 503356.69, "Plan Rows": 86479, "Plan Width": 40, "Inner Unique": true, "Plans": [{"Node Type": "Nested Loop", "Parent Relationship": "Outer", "Join Type": "Inner", "Startup Cost": 0.0, "Total Cost": 480423.82, "Plan Rows": 74637, "Plan Width": 32, "Inner Unique": false, "Plans": [{"Node Type": "Index Scan", "Parent Relationship": "Outer", "Scan Direction": "Forward", "Index Name": "part_kpey", "Relation Name": "part", "Alias": "part", "Startup Cost": 0.0, "Total Cost": 105803.25, "Plan Rows": 13538, "Plan Width": 8, "Filter": "((p_type)::text = 'SMALL PLATED COPPER'::text)"}, {"Node Type": "Index Scan", "Parent Relationship": "Inner", "Scan Direction": "Forward", "Index Name": "idx_lineitem_part_supp", "Relation Name": "lineitem", "Alias": "lineitem", "Startup Cost": 0.0, "Total Cost": 27.61, "Plan Rows": 6, "Plan Width": 40, "Index Cond": "(l_partkey = part.p_partkey)"}]}, {"Node Type": "Index Scan", "Parent Relationship": "Inner", "Scan Direction": "Forward", "Index Name": "orders_pkey", "Relation Name": "orders", "Alias": "orders", "Startup Cost": 0.0, "Total Cost": 0.3, "Plan Rows": 1, "Plan Width": 24, "Index Cond": "(o_orderkey = lineitem.l_orderkey)", "Filter": "((o_orderdate >= '1995-01-01 00:00:00'::timestamp(0) without time zone) AND (o_orderdate <= '1996-12-31 00:00:00'::timestamp(0) without time zone))"}]}, {"Node Type": "Index Scan", "Parent Relationship": "Inner", "Scan Direction": "Forward", "Index Name": "customer_pkey", "Relation Name": "customer", "Alias": "customer", "Startup Cost": 0.0, "Total Cost": 0.31, "Plan Rows": 1, "Plan Width": 12, "Index Cond": "(c_custkey = orders.o_custkey)"}]}, {"Node Type": "Materialize", "Parent Relationship": "Inner", "Startup Cost": 0.0, "Total Cost": 20.76, "Plan Rows": 5, "Plan Width": 4, "Plans": [{"Node Type": "Nested Loop", "Parent Relationship": "Outer", "Join Type": "Inner", "Startup Cost": 0.0, "Total Cost": 20.74, "Plan Rows": 5, "Plan Width": 4, "Inner Unique": false, "Plans": [{"Node Type": "Index Scan", "Parent Relationship": "Outer", "Scan Direction": "Forward", "Index Name": "region_pkey", "Relation Name": "region", "Alias": "region", "Startup Cost": 0.0, "Total Cost": 12.34, "Plan Rows": 1, "Plan Width": 4, "Filter": "(r_name = 'ASIA'::bpchar)"}, {"Node Type": "Index Scan", "Parent Relationship": "Inner", "Scan Direction": "Forward", "Index Name": "idx_nation_regionkey", "Relation Name": "nation", "Alias": "n1", "Startup Cost": 0.0, "Total Cost": 8.35, "Plan Rows": 5, "Plan Width": 8, "Index Cond": "(n_regionkey = region.r_regionkey)"}]}]}]}, {"Node Type": "Index Scan", "Parent Relationship": "Inner", "Scan Direction": "Forward", "Index Name": "supplier_pkey", "Relation Name": "supplier", "Alias": "supplier", "Startup Cost": 0.0, "Total Cost": 0.27, "Plan Rows": 1, "Plan Width": 12, "Index Cond": "(s_suppkey = lineitem.l_suppkey)"}]}, {"Node Type": "Index Scan", "Parent Relationship": "Inner", "Scan Direction": "Forward", "Index Name": "nation_pkey", "Relation Name": "nation", "Alias": "n2", "Startup Cost": 0.0, "Total Cost": 0.27, "Plan Rows": 1, "Plan Width": 30, "Index Cond": "(n_nationkey = supplier.s_nationkey)"}]}]}]}, "Unique SQL Id": 3681808042, "Planner Runtime": 2}, "explain_analyze_plan": {"Plan": {"Node Type": "Sort", "Startup Cost": 543973.83, "Total Cost": 543973.85, "Plan Rows": 10, "Plan Width": 50, "Actual Startup Time": 8110.251, "Actual Total Time": 8110.251, "Actual Rows": 2, "Actual Loops": 1, "Sort Key": ["(date_part('year'::text, orders.o_orderdate))"], "Sort Method": "quicksort", "Sort Space Used": 25, "Sort Space Type": "Memory", "Plans": [{"Node Type": "Aggregate", "Strategy": "Hashed", "Parent Relationship": "Outer", "Startup Cost": 543973.51, "Total Cost": 543973.66, "Plan Rows": 10, "Plan Width": 50, "Actual Startup Time": 8110.23, "Actual Total Time": 8110.231, "Actual Rows": 2, "Actual Loops": 1, "Group By Key": ["date_part('year'::text, orders.o_orderdate)"], "Plans": [{"Node Type": "Nested Loop", "Parent Relationship": "Outer", "Join Type": "Inner", "Startup Cost": 0.0, "Total Cost": 543853.69, "Plan Rows": 5991, "Plan Width": 50, "Actual Startup Time": 0.347, "Actual Total Time": 8073.255, "Actual Rows": 23929, "Actual Loops": 1, "Inner Unique": true, "Plans": [{"Node Type": "Nested Loop", "Parent Relationship": "Outer", "Join Type": "Inner", "Startup Cost": 0.0, "Total Cost": 542160.52, "Plan Rows": 5991, "Plan Width": 28, "Actual Startup Time": 0.337, "Actual Total Time": 7983.688, "Actual Rows": 23929, "Actual Loops": 1, "Inner Unique": true, "Plans": [{"Node Type": "Nested Loop", "Parent Relationship": "Outer", "Join Type": "Inner", "Startup Cost": 0.0, "Total Cost": 537314.56, "Plan Rows": 17296, "Plan Width": 32, "Actual Startup Time": 0.329, "Actual Total Time": 7801.196, "Actual Rows": 23929, "Actual Loops": 1, "Inner Unique": false, "Join Filter": "(n1.n_nationkey = customer.c_nationkey)", "Rows Removed by Join Filter": 574896, "Plans": [{"Node Type": "Nested Loop", "Parent Relationship": "Outer", "Join Type": "Inner", "Startup Cost": 0.0, "Total Cost": 530807.88, "Plan Rows": 86479, "Plan Width": 36, "Actual Startup Time": 0.172, "Actual Total Time": 7578.85, "Actual Rows": 119765, "Actual Loops": 1, "Inner Unique": true, "Plans": [{"Node Type": "Nested Loop", "Parent Relationship": "Outer", "Join Type": "Inner", "Startup Cost": 0.0, "Total Cost": 503356.69, "Plan Rows": 86479, "Plan Width": 40, "Actual Startup Time": 0.164, "Actual Total Time": 6543.231, "Actual Rows": 119765, "Actual Loops": 1, "Inner Unique": true, "Plans": [{"Node Type": "Nested Loop", "Parent Relationship": "Outer", "Join Type": "Inner", "Startup Cost": 0.0, "Total Cost": 480423.82, "Plan Rows": 74637, "Plan Width": 32, "Actual Startup Time": 0.068, "Actual Total Time": 2854.98, "Actual Rows": 395341, "Actual Loops": 1, "Inner Unique": false, "Plans": [{"Node Type": "Index Scan", "Parent Relationship": "Outer", "Scan Direction": "Forward", "Index Name": "part_kpey", "Relation Name": "part", "Alias": "part", "Startup Cost": 0.0, "Total Cost": 105803.25, "Plan Rows": 13538, "Plan Width": 8, "Actual Startup Time": 0.048, "Actual Total Time": 1507.382, "Actual Rows": 13163, "Actual Loops": 1, "Filter": "((p_type)::text = 'SMALL PLATED COPPER'::text)", "Rows Removed by Filter": 1986837}, {"Node Type": "Index Scan", "Parent Relationship": "Inner", "Scan Direction": "Forward", "Index Name": "idx_lineitem_part_supp", "Relation Name": "lineitem", "Alias": "lineitem", "Startup Cost": 0.0, "Total Cost": 27.61, "Plan Rows": 6, "Plan Width": 40, "Actual Startup Time": 157.001, "Actual Total Time": 1241.646, "Actual Rows": 395341, "Actual Loops": 13163, "Index Cond": "(l_partkey = part.p_partkey)", "Rows Removed by Index Recheck": 0}]}, {"Node Type": "Index Scan", "Parent Relationship": "Inner", "Scan Direction": "Forward", "Index Name": "orders_pkey", "Relation Name": "orders", "Alias": "orders", "Startup Cost": 0.0, "Total Cost": 0.3, "Plan Rows": 1, "Plan Width": 24, "Actual Startup Time": 3442.495, "Actual Total Time": 3442.495, "Actual Rows": 119765, "Actual Loops": 395341, "Index Cond": "(o_orderkey = lineitem.l_orderkey)", "Rows Removed by Index Recheck": 0, "Filter": "((o_orderdate >= '1995-01-01 00:00:00'::timestamp(0) without time zone) AND (o_orderdate <= '1996-12-31 00:00:00'::timestamp(0) without time zone))", "Rows Removed by Filter": 275576}]}, {"Node Type": "Index Scan", "Parent Relationship": "Inner", "Scan Direction": "Forward", "Index Name": "customer_pkey", "Relation Name": "customer", "Alias": "customer", "Startup Cost": 0.0, "Total Cost": 0.31, "Plan Rows": 1, "Plan Width": 12, "Actual Startup Time": 920.013, "Actual Total Time": 920.013, "Actual Rows": 119765, "Actual Loops": 119765, "Index Cond": "(c_custkey = orders.o_custkey)", "Rows Removed by Index Recheck": 0}]}, {"Node Type": "Materialize", "Parent Relationship": "Inner", "Startup Cost": 0.0, "Total Cost": 20.76, "Plan Rows": 5, "Plan Width": 4, "Actual Startup Time": 14.753, "Actual Total Time": 67.261, "Actual Rows": 598825, "Actual Loops": 119765, "Plans": [{"Node Type": "Nested Loop", "Parent Relationship": "Outer", "Join Type": "Inner", "Startup Cost": 0.0, "Total Cost": 20.74, "Plan Rows": 5, "Plan Width": 4, "Actual Startup Time": 0.015, "Actual Total Time": 0.022, "Actual Rows": 5, "Actual Loops": 1, "Inner Unique": false, "Plans": [{"Node Type": "Index Scan", "Parent Relationship": "Outer", "Scan Direction": "Forward", "Index Name": "region_pkey", "Relation Name": "region", "Alias": "region", "Startup Cost": 0.0, "Total Cost": 12.34, "Plan Rows": 1, "Plan Width": 4, "Actual Startup Time": 0.009, "Actual Total Time": 0.011, "Actual Rows": 1, "Actual Loops": 1, "Filter": "(r_name = 'ASIA'::bpchar)", "Rows Removed by Filter": 4}, {"Node Type": "Index Scan", "Parent Relationship": "Inner", "Scan Direction": "Forward", "Index Name": "idx_nation_regionkey", "Relation Name": "nation", "Alias": "n1", "Startup Cost": 0.0, "Total Cost": 8.35, "Plan Rows": 5, "Plan Width": 8, "Actual Startup Time": 0.004, "Actual Total Time": 0.009, "Actual Rows": 5, "Actual Loops": 1, "Index Cond": "(n_regionkey = region.r_regionkey)", "Rows Removed by Index Recheck": 0}]}]}]}, {"Node Type": "Index Scan", "Parent Relationship": "Inner", "Scan Direction": "Forward", "Index Name": "supplier_pkey", "Relation Name": "supplier", "Alias": "supplier", "Startup Cost": 0.0, "Total Cost": 0.27, "Plan Rows": 1, "Plan Width": 12, "Actual Startup Time": 149.839, "Actual Total Time": 149.839, "Actual Rows": 23929, "Actual Loops": 23929, "Index Cond": "(s_suppkey = lineitem.l_suppkey)", "Rows Removed by Index Recheck": 0}]}, {"Node Type": "Index Scan", "Parent Relationship": "Inner", "Scan Direction": "Forward", "Index Name": "nation_pkey", "Relation Name": "nation", "Alias": "n2", "Startup Cost": 0.0, "Total Cost": 0.27, "Plan Rows": 1, "Plan Width": 30, "Actual Startup Time": 42.432, "Actual Total Time": 42.432, "Actual Rows": 23929, "Actual Loops": 23929, "Index Cond": "(n_nationkey = supplier.s_nationkey)", "Rows Removed by Index Recheck": 0}]}]}]}, "Triggers": [], "Planner Runtime": 2, "Total Runtime": 8110.658, "Unique SQL Id": 3681808042}}, "(1, 122)": {"explain_plan": {"Plan": {"Node Type": "Sort", "Startup Cost": 17600453906.22, "Total Cost": 17600453906.25, "Plan Rows": 10, "Plan Width": 50, "Sort Key": ["(date_part('year'::text, orders.o_orderdate))"], "Plans": [{"Node Type": "Aggregate", "Strategy": "Hashed", "Parent Relationship": "Outer", "Startup Cost": 17600453905.91, "Total Cost": 17600453906.06, "Plan Rows": 10, "Plan Width": 50, "Group By Key": ["date_part('year'::text, orders.o_orderdate)"], "Plans": [{"Node Type": "Nested Loop", "Parent Relationship": "Outer", "Join Type": "Inner", "Startup Cost": 195.74, "Total Cost": 17600453786.09, "Plan Rows": 5991, "Plan Width": 50, "Inner Unique": true, "Join Filter": "(supplier.s_nationkey = n2.n_nationkey)", "Plans": [{"Node Type": "Nested Loop", "Parent Relationship": "Outer", "Join Type": "Inner", "Startup Cost": 195.74, "Total Cost": 17600451523.17, "Plan Rows": 5991, "Plan Width": 28, "Inner Unique": false, "Join Filter": "(customer.c_custkey = orders.o_custkey)", "Plans": [{"Node Type": "Nested Loop", "Parent Relationship": "Outer", "Join Type": "Inner", "Startup Cost": 0.0, "Total Cost": 164628.64, "Plan Rows": 300000, "Plan Width": 8, "Inner Unique": false, "Join Filter": "(n1.n_nationkey = customer.c_nationkey), (LLVM Optimized)", "Plans": [{"Node Type": "Seq Scan", "Parent Relationship": "Outer", "Relation Name": "customer", "Alias": "customer", "Startup Cost": 0.0, "Total Cost": 52126.0, "Plan Rows": 1500000, "Plan Width": 12}, {"Node Type": "Materialize", "Parent Relationship": "Inner", "Startup Cost": 0.0, "Total Cost": 2.65, "Plan Rows": 5, "Plan Width": 4, "Plans": [{"Node Type": "Nested Loop", "Parent Relationship": "Outer", "Join Type": "Inner", "Startup Cost": 0.0, "Total Cost": 2.62, "Plan Rows": 5, "Plan Width": 4, "Inner Unique": false, "Join Filter": "(n1.n_regionkey = region.r_regionkey)", "Plans": [{"Node Type": "Seq Scan", "Parent Relationship": "Outer", "Relation Name": "region", "Alias": "region", "Startup Cost": 0.0, "Total Cost": 1.06, "Plan Rows": 1, "Plan Width": 4, "Filter": "(r_name = 'ASIA'::bpchar)"}, {"Node Type": "Seq Scan", "Parent Relationship": "Inner", "Relation Name": "nation", "Alias": "n1", "Startup Cost": 0.0, "Total Cost": 1.25, "Plan Rows": 25, "Plan Width": 8}]}]}]}, {"Node Type": "Materialize", "Parent Relationship": "Inner", "Startup Cost": 195.74, "Total Cost": 17369896022.53, "Plan Rows": 51198, "Plan Width": 36, "Plans": [{"Node Type": "Nested Loop", "Parent Relationship": "Outer", "Join Type": "Inner", "Startup Cost": 195.74, "Total Cost": 17369895766.54, "Plan Rows": 51198, "Plan Width": 36, "Inner Unique": false, "Join Filter": "(lineitem.l_orderkey = orders.o_orderkey)", "Plans": [{"Node Type": "Seq Scan", "Parent Relationship": "Outer", "Relation Name": "orders", "Alias": "orders", "Startup Cost": 195.74, "Total Cost": 501411.18, "Plan Rows": 4531967, "Plan Width": 24, "Filter": "((o_orderdate >= '1995-01-01 00:00:00'::timestamp(0) without time zone) AND (o_orderdate <= '1996-12-31 00:00:00'::timestamp(0) without time zone)), (LLVM Optimized)"}, {"Node Type": "Materialize", "Parent Relationship": "Inner", "Startup Cost": 0.0, "Total Cost": 12295608227.26, "Plan Rows": 74637, "Plan Width": 28, "Plans": [{"Node Type": "Nested Loop", "Parent Relationship": "Outer", "Join Type": "Inner", "Startup Cost": 0.0, "Total Cost": 12295607854.08, "Plan Rows": 74637, "Plan Width": 28, "Inner Unique": false, "Join Filter": "(lineitem.l_suppkey = supplier.s_suppkey)", "Plans": [{"Node Type": "Seq Scan", "Parent Relationship": "Outer", "Relation Name": "supplier", "Alias": "supplier", "Startup Cost": 0.0, "Total Cost": 3283.0, "Plan Rows": 100000, "Plan Width": 12}, {"Node Type": "Materialize", "Parent Relationship": "Inner", "Startup Cost": 0.0, "Total Cost": 12183649257.67, "Plan Rows": 74637, "Plan Width": 32, "Plans": [{"Node Type": "Nested Loop", "Parent Relationship": "Outer", "Join Type": "Inner", "Startup Cost": 0.0, "Total Cost": 12183648884.49, "Plan Rows": 74637, "Plan Width": 32, "Inner Unique": true, "Join Filter": "(part.p_partkey = lineitem.l_partkey)", "Plans": [{"Node Type": "Seq Scan", "Parent Relationship": "Outer", "Relation Name": "lineitem", "Alias": "lineitem", "Startup Cost": 0.0, "Total Cost": 2015115.33, "Plan Rows": 59987033, "Plan Width": 40}, {"Node Type": "Materialize", "Parent Relationship": "Inner", "Startup Cost": 0.0, "Total Cost": 67011.69, "Plan Rows": 13538, "Plan Width": 8, "Plans": [{"Node Type": "Seq Scan", "Parent Relationship": "Outer", "Relation Name": "part", "Alias": "part", "Startup Cost": 0.0, "Total Cost": 66944.0, "Plan Rows": 13538, "Plan Width": 8, "Filter": "((p_type)::text = 'SMALL PLATED COPPER'::text)"}]}]}]}]}]}]}]}]}, {"Node Type": "Materialize", "Parent Relationship": "Inner", "Startup Cost": 0.0, "Total Cost": 1.38, "Plan Rows": 25, "Plan Width": 30, "Plans": [{"Node Type": "Seq Scan", "Parent Relationship": "Outer", "Relation Name": "nation", "Alias": "n2", "Startup Cost": 0.0, "Total Cost": 1.25, "Plan Rows": 25, "Plan Width": 30}]}]}]}]}, "Unique SQL Id": 3681808042, "Planner Runtime": 2}, "explain_analyze_plan": null}, "(1, 123)": {"explain_plan": {"Plan": {"Node Type": "Sort", "Startup Cost": 8018022317922.2, "Total Cost": 8018022317922.22, "Plan Rows": 10, "Plan Width": 50, "Sort Key": ["(date_part('year'::text, orders.o_orderdate))"], "Plans": [{"Node Type": "Aggregate", "Strategy": "Hashed", "Parent Relationship": "Outer", "Startup Cost": 8018022317921.88, "Total Cost": 8018022317922.03, "Plan Rows": 10, "Plan Width": 50, "Group By Key": ["date_part('year'::text, orders.o_orderdate)"], "Plans": [{"Node Type": "Nested Loop", "Parent Relationship": "Outer", "Join Type": "Inner", "Startup Cost": 80000000000.0, "Total Cost": 8018022317802.06, "Plan Rows": 5991, "Plan Width": 50, "Inner Unique": true, "Join Filter": "(supplier.s_nationkey = n2.n_nationkey)", "Plans": [{"Node Type": "Nested Loop", "Parent Relationship": "Outer", "Join Type": "Inner", "Startup Cost": 70000000000.0, "Total Cost": 7018022314277.89, "Plan Rows": 5991, "Plan Width": 28, "Inner Unique": false, "Join Filter": "(customer.c_custkey = orders.o_custkey)", "Plans": [{"Node Type": "Nested Loop", "Parent Relationship": "Outer", "Join Type": "Inner", "Startup Cost": 40000000000.0, "Total Cost": 4017783730995.63, "Plan Rows": 51198, "Plan Width": 36, "Inner Unique": true, "Join Filter": "(lineitem.l_orderkey = orders.o_orderkey)", "Plans": [{"Node Type": "Nested Loop", "Parent Relationship": "Outer", "Join Type": "Inner", "Startup Cost": 30000000000.0, "Total Cost": 3012629335768.03, "Plan Rows": 74637, "Plan Width": 28, "Inner Unique": false, "Join Filter": "(lineitem.l_suppkey = supplier.s_suppkey)", "Plans": [{"Node Type": "Index Scan", "Parent Relationship": "Outer", "Scan Direction": "Forward", "Index Name": "idx_supplier_nation_key", "Relation Name": "supplier", "Alias": "supplier", "Startup Cost": 10000000000.0, "Total Cost": 1000001217556.78, "Plan Rows": 100000, "Plan Width": 12}, {"Node Type": "Materialize", "Parent Relationship": "Inner", "Startup Cost": 20000000000.0, "Total Cost": 2012516162897.84, "Plan Rows": 74637, "Plan Width": 32, "Plans": [{"Node Type": "Nested Loop", "Parent Relationship": "Outer", "Join Type": "Inner", "Startup Cost": 20000000000.0, "Total Cost": 2012516162524.66, "Plan Rows": 74637, "Plan Width": 32, "Inner Unique": true, "Join Filter": "(part.p_partkey = lineitem.l_partkey)", "Plans": [{"Node Type": "Index Scan", "Parent Relationship": "Outer", "Scan Direction": "Forward", "Index Name": "idx_lineitem_orderkey", "Relation Name": "lineitem", "Alias": "lineitem", "Startup Cost": 10000000000.0, "Total Cost": 1000324015374.5, "Plan Rows": 59987033, "Plan Width": 40}, {"Node Type": "Materialize", "Parent Relationship": "Inner", "Startup Cost": 10000000000.0, "Total Cost": 1000010580392.69, "Plan Rows": 13538, "Plan Width": 8, "Plans": [{"Node Type": "Index Scan", "Parent Relationship": "Outer", "Scan Direction": "Forward", "Index Name": "part_kpey", "Relation Name": "part", "Alias": "part", "Startup Cost": 10000000000.0, "Total Cost": 1000010580325.0, "Plan Rows": 13538, "Plan Width": 8, "Filter": "((p_type)::text = 'SMALL PLATED COPPER'::text)"}]}]}]}]}, {"Node Type": "Materialize", "Parent Relationship": "Inner", "Startup Cost": 10000000000.0, "Total Cost": 1000080620242.83, "Plan Rows": 4531967, "Plan Width": 24, "Plans": [{"Node Type": "Index Scan", "Parent Relationship": "Outer", "Scan Direction": "Forward", "Index Name": "orders_pkey", "Relation Name": "orders", "Alias": "orders", "Startup Cost": 10000000000.0, "Total Cost": 1000080597583.0, "Plan Rows": 4531967, "Plan Width": 24, "Filter": "((o_orderdate >= '1995-01-01 00:00:00'::timestamp(0) without time zone) AND (o_orderdate <= '1996-12-31 00:00:00'::timestamp(0) without time zone)), (LLVM Optimized)"}]}]}, {"Node Type": "Materialize", "Parent Relationship": "Inner", "Startup Cost": 30000000000.0, "Total Cost": 3000008193032.26, "Plan Rows": 300000, "Plan Width": 8, "Plans": [{"Node Type": "Nested Loop", "Parent Relationship": "Outer", "Join Type": "Inner", "Startup Cost": 30000000000.0, "Total Cost": 3000008191532.26, "Plan Rows": 300000, "Plan Width": 8, "Inner Unique": false, "Join Filter": "(n1.n_nationkey = customer.c_nationkey), (LLVM Optimized)", "Plans": [{"Node Type": "Index Scan", "Parent Relationship": "Outer", "Scan Direction": "Forward", "Index Name": "customer_pkey", "Relation Name": "customer", "Alias": "customer", "Startup Cost": 10000000000.0, "Total Cost": 1000008076535.62, "Plan Rows": 1500000, "Plan Width": 12}, {"Node Type": "Materialize", "Parent Relationship": "Inner", "Startup Cost": 20000000000.0, "Total Cost": 2000000002496.65, "Plan Rows": 5, "Plan Width": 4, "Plans": [{"Node Type": "Nested Loop", "Parent Relationship": "Outer", "Join Type": "Inner", "Startup Cost": 20000000000.0, "Total Cost": 2000000002496.63, "Plan Rows": 5, "Plan Width": 4, "Inner Unique": true, "Join Filter": "(n1.n_regionkey = region.r_regionkey)", "Plans": [{"Node Type": "Index Scan", "Parent Relationship": "Outer", "Scan Direction": "Forward", "Index Name": "nation_pkey", "Relation Name": "nation", "Alias": "n1", "Startup Cost": 10000000000.0, "Total Cost": 1000000001262.5, "Plan Rows": 25, "Plan Width": 8}, {"Node Type": "Materialize", "Parent Relationship": "Inner", "Startup Cost": 10000000000.0, "Total Cost": 1000000001233.76, "Plan Rows": 1, "Plan Width": 4, "Plans": [{"Node Type": "Index Scan", "Parent Relationship": "Outer", "Scan Direction": "Forward", "Index Name": "region_pkey", "Relation Name": "region", "Alias": "region", "Startup Cost": 10000000000.0, "Total Cost": 1000000001233.75, "Plan Rows": 1, "Plan Width": 4, "Filter": "(r_name = 'ASIA'::bpchar)"}]}]}]}]}]}]}, {"Node Type": "Materialize", "Parent Relationship": "Inner", "Startup Cost": 10000000000.0, "Total Cost": 1000000001262.62, "Plan Rows": 25, "Plan Width": 30, "Plans": [{"Node Type": "Index Scan", "Parent Relationship": "Outer", "Scan Direction": "Forward", "Index Name": "nation_pkey", "Relation Name": "nation", "Alias": "n2", "Startup Cost": 10000000000.0, "Total Cost": 1000000001262.5, "Plan Rows": 25, "Plan Width": 30}]}]}]}]}, "Unique SQL Id": 3681808042, "Planner Runtime": 2}, "explain_analyze_plan": null}, "(1, 124)": {"explain_plan": {"Plan": {"Node Type": "Sort", "Startup Cost": 505096.47, "Total Cost": 505096.49, "Plan Rows": 10, "Plan Width": 50, "Sort Key": ["(date_part('year'::text, orders.o_orderdate))"], "Plans": [{"Node Type": "Aggregate", "Strategy": "Hashed", "Parent Relationship": "Outer", "Startup Cost": 505096.15, "Total Cost": 505096.3, "Plan Rows": 10, "Plan Width": 50, "Group By Key": ["date_part('year'::text, orders.o_orderdate)"], "Plans": [{"Node Type": "Nested Loop", "Parent Relationship": "Outer", "Join Type": "Inner", "Startup Cost": 0.0, "Total Cost": 504976.33, "Plan Rows": 5991, "Plan Width": 50, "Inner Unique": true, "Plans": [{"Node Type": "Nested Loop", "Parent Relationship": "Outer", "Join Type": "Inner", "Startup Cost": 0.0, "Total Cost": 503283.15, "Plan Rows": 5991, "Plan Width": 28, "Inner Unique": true, "Plans": [{"Node Type": "Nested Loop", "Parent Relationship": "Outer", "Join Type": "Inner", "Startup Cost": 0.0, "Total Cost": 498437.19, "Plan Rows": 17296, "Plan Width": 32, "Inner Unique": false, "Join Filter": "(n1.n_nationkey = customer.c_nationkey)", "Plans": [{"Node Type": "Nested Loop", "Parent Relationship": "Outer", "Join Type": "Inner", "Startup Cost": 0.0, "Total Cost": 491948.63, "Plan Rows": 86479, "Plan Width": 36, "Inner Unique": true, "Plans": [{"Node Type": "Nested Loop", "Parent Relationship": "Outer", "Join Type": "Inner", "Startup Cost": 0.0, "Total Cost": 464497.44, "Plan Rows": 86479, "Plan Width": 40, "Inner Unique": true, "Plans": [{"Node Type": "Nested Loop", "Parent Relationship": "Outer", "Join Type": "Inner", "Startup Cost": 0.0, "Total Cost": 441564.57, "Plan Rows": 74637, "Plan Width": 32, "Inner Unique": false, "Plans": [{"Node Type": "Seq Scan", "Parent Relationship": "Outer", "Relation Name": "part", "Alias": "part", "Startup Cost": 0.0, "Total Cost": 66944.0, "Plan Rows": 13538, "Plan Width": 8, "Filter": "((p_type)::text = 'SMALL PLATED COPPER'::text)"}, {"Node Type": "Index Scan", "Parent Relationship": "Inner", "Scan Direction": "Forward", "Index Name": "idx_lineitem_part_supp", "Relation Name": "lineitem", "Alias": "lineitem", "Startup Cost": 0.0, "Total Cost": 27.61, "Plan Rows": 6, "Plan Width": 40, "Index Cond": "(l_partkey = part.p_partkey)"}]}, {"Node Type": "Index Scan", "Parent Relationship": "Inner", "Scan Direction": "Forward", "Index Name": "orders_pkey", "Relation Name": "orders", "Alias": "orders", "Startup Cost": 0.0, "Total Cost": 0.3, "Plan Rows": 1, "Plan Width": 24, "Index Cond": "(o_orderkey = lineitem.l_orderkey)", "Filter": "((o_orderdate >= '1995-01-01 00:00:00'::timestamp(0) without time zone) AND (o_orderdate <= '1996-12-31 00:00:00'::timestamp(0) without time zone))"}]}, {"Node Type": "Index Scan", "Parent Relationship": "Inner", "Scan Direction": "Forward", "Index Name": "customer_pkey", "Relation Name": "customer", "Alias": "customer", "Startup Cost": 0.0, "Total Cost": 0.31, "Plan Rows": 1, "Plan Width": 12, "Index Cond": "(c_custkey = orders.o_custkey)"}]}, {"Node Type": "Materialize", "Parent Relationship": "Inner", "Startup Cost": 0.0, "Total Cost": 2.65, "Plan Rows": 5, "Plan Width": 4, "Plans": [{"Node Type": "Nested Loop", "Parent Relationship": "Outer", "Join Type": "Inner", "Startup Cost": 0.0, "Total Cost": 2.62, "Plan Rows": 5, "Plan Width": 4, "Inner Unique": false, "Join Filter": "(n1.n_regionkey = region.r_regionkey)", "Plans": [{"Node Type": "Seq Scan", "Parent Relationship": "Outer", "Relation Name": "region", "Alias": "region", "Startup Cost": 0.0, "Total Cost": 1.06, "Plan Rows": 1, "Plan Width": 4, "Filter": "(r_name = 'ASIA'::bpchar)"}, {"Node Type": "Seq Scan", "Parent Relationship": "Inner", "Relation Name": "nation", "Alias": "n1", "Startup Cost": 0.0, "Total Cost": 1.25, "Plan Rows": 25, "Plan Width": 8}]}]}]}, {"Node Type": "Index Scan", "Parent Relationship": "Inner", "Scan Direction": "Forward", "Index Name": "supplier_pkey", "Relation Name": "supplier", "Alias": "supplier", "Startup Cost": 0.0, "Total Cost": 0.27, "Plan Rows": 1, "Plan Width": 12, "Index Cond": "(s_suppkey = lineitem.l_suppkey)"}]}, {"Node Type": "Index Scan", "Parent Relationship": "Inner", "Scan Direction": "Forward", "Index Name": "nation_pkey", "Relation Name": "nation", "Alias": "n2", "Startup Cost": 0.0, "Total Cost": 0.27, "Plan Rows": 1, "Plan Width": 30, "Index Cond": "(n_nationkey = supplier.s_nationkey)"}]}]}]}, "Unique SQL Id": 3681808042, "Planner Runtime": 2}, "explain_analyze_plan": {"Plan": {"Node Type": "Sort", "Startup Cost": 505096.47, "Total Cost": 505096.49, "Plan Rows": 10, "Plan Width": 50, "Actual Startup Time": 6667.023, "Actual Total Time": 6667.023, "Actual Rows": 2, "Actual Loops": 1, "Sort Key": ["(date_part('year'::text, orders.o_orderdate))"], "Sort Method": "quicksort", "Sort Space Used": 25, "Sort Space Type": "Memory", "Plans": [{"Node Type": "Aggregate", "Strategy": "Hashed", "Parent Relationship": "Outer", "Startup Cost": 505096.15, "Total Cost": 505096.3, "Plan Rows": 10, "Plan Width": 50, "Actual Startup Time": 6666.995, "Actual Total Time": 6666.997, "Actual Rows": 2, "Actual Loops": 1, "Group By Key": ["date_part('year'::text, orders.o_orderdate)"], "Plans": [{"Node Type": "Nested Loop", "Parent Relationship": "Outer", "Join Type": "Inner", "Startup Cost": 0.0, "Total Cost": 504976.33, "Plan Rows": 5991, "Plan Width": 50, "Actual Startup Time": 0.426, "Actual Total Time": 6626.925, "Actual Rows": 23929, "Actual Loops": 1, "Inner Unique": true, "Plans": [{"Node Type": "Nested Loop", "Parent Relationship": "Outer", "Join Type": "Inner", "Startup Cost": 0.0, "Total Cost": 503283.15, "Plan Rows": 5991, "Plan Width": 28, "Actual Startup Time": 0.413, "Actual Total Time": 6538.132, "Actual Rows": 23929, "Actual Loops": 1, "Inner Unique": true, "Plans": [{"Node Type": "Nested Loop", "Parent Relationship": "Outer", "Join Type": "Inner", "Startup Cost": 0.0, "Total Cost": 498437.19, "Plan Rows": 17296, "Plan Width": 32, "Actual Startup Time": 0.402, "Actual Total Time": 6376.3, "Actual Rows": 23929, "Actual Loops": 1, "Inner Unique": false, "Join Filter": "(n1.n_nationkey = customer.c_nationkey)", "Rows Removed by Join Filter": 574896, "Plans": [{"Node Type": "Nested Loop", "Parent Relationship": "Outer", "Join Type": "Inner", "Startup Cost": 0.0, "Total Cost": 491948.63, "Plan Rows": 86479, "Plan Width": 36, "Actual Startup Time": 0.194, "Actual Total Time": 6158.929, "Actual Rows": 119765, "Actual Loops": 1, "Inner Unique": true, "Plans": [{"Node Type": "Nested Loop", "Parent Relationship": "Outer", "Join Type": "Inner", "Startup Cost": 0.0, "Total Cost": 464497.44, "Plan Rows": 86479, "Plan Width": 40, "Actual Startup Time": 0.184, "Actual Total Time": 5243.29, "Actual Rows": 119765, "Actual Loops": 1, "Inner Unique": true, "Plans": [{"Node Type": "Nested Loop", "Parent Relationship": "Outer", "Join Type": "Inner", "Startup Cost": 0.0, "Total Cost": 441564.57, "Plan Rows": 74637, "Plan Width": 32, "Actual Startup Time": 0.073, "Actual Total Time": 1943.41, "Actual Rows": 395341, "Actual Loops": 1, "Inner Unique": false, "Plans": [{"Node Type": "Seq Scan", "Parent Relationship": "Outer", "Relation Name": "part", "Alias": "part", "Startup Cost": 0.0, "Total Cost": 66944.0, "Plan Rows": 13538, "Plan Width": 8, "Actual Startup Time": 0.034, "Actual Total Time": 762.451, "Actual Rows": 13163, "Actual Loops": 1, "Filter": "((p_type)::text = 'SMALL PLATED COPPER'::text)", "Rows Removed by Filter": 1986837}, {"Node Type": "Index Scan", "Parent Relationship": "Inner", "Scan Direction": "Forward", "Index Name": "idx_lineitem_part_supp", "Relation Name": "lineitem", "Alias": "lineitem", "Startup Cost": 0.0, "Total Cost": 27.61, "Plan Rows": 6, "Plan Width": 40, "Actual Startup Time": 149.18, "Actual Total Time": 1074.779, "Actual Rows": 395341, "Actual Loops": 13163, "Index Cond": "(l_partkey = part.p_partkey)", "Rows Removed by Index Recheck": 0}]}, {"Node Type": "Index Scan", "Parent Relationship": "Inner", "Scan Direction": "Forward", "Index Name": "orders_pkey", "Relation Name": "orders", "Alias": "orders", "Startup Cost": 0.0, "Total Cost": 0.3, "Plan Rows": 1, "Plan Width": 24, "Actual Startup Time": 3052.025, "Actual Total Time": 3052.025, "Actual Rows": 119765, "Actual Loops": 395341, "Index Cond": "(o_orderkey = lineitem.l_orderkey)", "Rows Removed by Index Recheck": 0, "Filter": "((o_orderdate >= '1995-01-01 00:00:00'::timestamp(0) without time zone) AND (o_orderdate <= '1996-12-31 00:00:00'::timestamp(0) without time zone))", "Rows Removed by Filter": 275576}]}, {"Node Type": "Index Scan", "Parent Relationship": "Inner", "Scan Direction": "Forward", "Index Name": "customer_pkey", "Relation Name": "customer", "Alias": "customer", "Startup Cost": 0.0, "Total Cost": 0.31, "Plan Rows": 1, "Plan Width": 12, "Actual Startup Time": 807.54, "Actual Total Time": 807.54, "Actual Rows": 119765, "Actual Loops": 119765, "Index Cond": "(c_custkey = orders.o_custkey)", "Rows Removed by Index Recheck": 0}]}, {"Node Type": "Materialize", "Parent Relationship": "Inner", "Startup Cost": 0.0, "Total Cost": 2.65, "Plan Rows": 5, "Plan Width": 4, "Actual Startup Time": 12.511, "Actual Total Time": 64.751, "Actual Rows": 598825, "Actual Loops": 119765, "Plans": [{"Node Type": "Nested Loop", "Parent Relationship": "Outer", "Join Type": "Inner", "Startup Cost": 0.0, "Total Cost": 2.62, "Plan Rows": 5, "Plan Width": 4, "Actual Startup Time": 0.039, "Actual Total Time": 0.047, "Actual Rows": 5, "Actual Loops": 1, "Inner Unique": false, "Join Filter": "(n1.n_regionkey = region.r_regionkey)", "Rows Removed by Join Filter": 20, "Plans": [{"Node Type": "Seq Scan", "Parent Relationship": "Outer", "Relation Name": "region", "Alias": "region", "Startup Cost": 0.0, "Total Cost": 1.06, "Plan Rows": 1, "Plan Width": 4, "Actual Startup Time": 0.009, "Actual Total Time": 0.01, "Actual Rows": 1, "Actual Loops": 1, "Filter": "(r_name = 'ASIA'::bpchar)", "Rows Removed by Filter": 4}, {"Node Type": "Seq Scan", "Parent Relationship": "Inner", "Relation Name": "nation", "Alias": "n1", "Startup Cost": 0.0, "Total Cost": 1.25, "Plan Rows": 25, "Plan Width": 8, "Actual Startup Time": 0.018, "Actual Total Time": 0.022, "Actual Rows": 25, "Actual Loops": 1}]}]}]}, {"Node Type": "Index Scan", "Parent Relationship": "Inner", "Scan Direction": "Forward", "Index Name": "supplier_pkey", "Relation Name": "supplier", "Alias": "supplier", "Startup Cost": 0.0, "Total Cost": 0.27, "Plan Rows": 1, "Plan Width": 12, "Actual Startup Time": 130.532, "Actual Total Time": 130.532, "Actual Rows": 23929, "Actual Loops": 23929, "Index Cond": "(s_suppkey = lineitem.l_suppkey)", "Rows Removed by Index Recheck": 0}]}, {"Node Type": "Index Scan", "Parent Relationship": "Inner", "Scan Direction": "Forward", "Index Name": "nation_pkey", "Relation Name": "nation", "Alias": "n2", "Startup Cost": 0.0, "Total Cost": 0.27, "Plan Rows": 1, "Plan Width": 30, "Actual Startup Time": 41.763, "Actual Total Time": 41.763, "Actual Rows": 23929, "Actual Loops": 23929, "Index Cond": "(n_nationkey = supplier.s_nationkey)", "Rows Removed by Index Recheck": 0}]}]}]}, "Triggers": [], "Planner Runtime": 2, "Total Runtime": 6667.486, "Unique SQL Id": 3681808042}}, "(1, 125)": {"explain_plan": {"Plan": {"Node Type": "Sort", "Startup Cost": 543973.83, "Total Cost": 543973.85, "Plan Rows": 10, "Plan Width": 50, "Sort Key": ["(date_part('year'::text, orders.o_orderdate))"], "Plans": [{"Node Type": "Aggregate", "Strategy": "Hashed", "Parent Relationship": "Outer", "Startup Cost": 543973.51, "Total Cost": 543973.66, "Plan Rows": 10, "Plan Width": 50, "Group By Key": ["date_part('year'::text, orders.o_orderdate)"], "Plans": [{"Node Type": "Nested Loop", "Parent Relationship": "Outer", "Join Type": "Inner", "Startup Cost": 0.0, "Total Cost": 543853.69, "Plan Rows": 5991, "Plan Width": 50, "Inner Unique": true, "Plans": [{"Node Type": "Nested Loop", "Parent Relationship": "Outer", "Join Type": "Inner", "Startup Cost": 0.0, "Total Cost": 542160.52, "Plan Rows": 5991, "Plan Width": 28, "Inner Unique": true, "Plans": [{"Node Type": "Nested Loop", "Parent Relationship": "Outer", "Join Type": "Inner", "Startup Cost": 0.0, "Total Cost": 537314.56, "Plan Rows": 17296, "Plan Width": 32, "Inner Unique": false, "Join Filter": "(n1.n_nationkey = customer.c_nationkey)", "Plans": [{"Node Type": "Nested Loop", "Parent Relationship": "Outer", "Join Type": "Inner", "Startup Cost": 0.0, "Total Cost": 530807.88, "Plan Rows": 86479, "Plan Width": 36, "Inner Unique": true, "Plans": [{"Node Type": "Nested Loop", "Parent Relationship": "Outer", "Join Type": "Inner", "Startup Cost": 0.0, "Total Cost": 503356.69, "Plan Rows": 86479, "Plan Width": 40, "Inner Unique": true, "Plans": [{"Node Type": "Nested Loop", "Parent Relationship": "Outer", "Join Type": "Inner", "Startup Cost": 0.0, "Total Cost": 480423.82, "Plan Rows": 74637, "Plan Width": 32, "Inner Unique": false, "Plans": [{"Node Type": "Index Scan", "Parent Relationship": "Outer", "Scan Direction": "Forward", "Index Name": "part_kpey", "Relation Name": "part", "Alias": "part", "Startup Cost": 0.0, "Total Cost": 105803.25, "Plan Rows": 13538, "Plan Width": 8, "Filter": "((p_type)::text = 'SMALL PLATED COPPER'::text)"}, {"Node Type": "Index Scan", "Parent Relationship": "Inner", "Scan Direction": "Forward", "Index Name": "idx_lineitem_part_supp", "Relation Name": "lineitem", "Alias": "lineitem", "Startup Cost": 0.0, "Total Cost": 27.61, "Plan Rows": 6, "Plan Width": 40, "Index Cond": "(l_partkey = part.p_partkey)"}]}, {"Node Type": "Index Scan", "Parent Relationship": "Inner", "Scan Direction": "Forward", "Index Name": "orders_pkey", "Relation Name": "orders", "Alias": "orders", "Startup Cost": 0.0, "Total Cost": 0.3, "Plan Rows": 1, "Plan Width": 24, "Index Cond": "(o_orderkey = lineitem.l_orderkey)", "Filter": "((o_orderdate >= '1995-01-01 00:00:00'::timestamp(0) without time zone) AND (o_orderdate <= '1996-12-31 00:00:00'::timestamp(0) without time zone))"}]}, {"Node Type": "Index Scan", "Parent Relationship": "Inner", "Scan Direction": "Forward", "Index Name": "customer_pkey", "Relation Name": "customer", "Alias": "customer", "Startup Cost": 0.0, "Total Cost": 0.31, "Plan Rows": 1, "Plan Width": 12, "Index Cond": "(c_custkey = orders.o_custkey)"}]}, {"Node Type": "Materialize", "Parent Relationship": "Inner", "Startup Cost": 0.0, "Total Cost": 20.76, "Plan Rows": 5, "Plan Width": 4, "Plans": [{"Node Type": "Nested Loop", "Parent Relationship": "Outer", "Join Type": "Inner", "Startup Cost": 0.0, "Total Cost": 20.74, "Plan Rows": 5, "Plan Width": 4, "Inner Unique": false, "Plans": [{"Node Type": "Index Scan", "Parent Relationship": "Outer", "Scan Direction": "Forward", "Index Name": "region_pkey", "Relation Name": "region", "Alias": "region", "Startup Cost": 0.0, "Total Cost": 12.34, "Plan Rows": 1, "Plan Width": 4, "Filter": "(r_name = 'ASIA'::bpchar)"}, {"Node Type": "Index Scan", "Parent Relationship": "Inner", "Scan Direction": "Forward", "Index Name": "idx_nation_regionkey", "Relation Name": "nation", "Alias": "n1", "Startup Cost": 0.0, "Total Cost": 8.35, "Plan Rows": 5, "Plan Width": 8, "Index Cond": "(n_regionkey = region.r_regionkey)"}]}]}]}, {"Node Type": "Index Scan", "Parent Relationship": "Inner", "Scan Direction": "Forward", "Index Name": "supplier_pkey", "Relation Name": "supplier", "Alias": "supplier", "Startup Cost": 0.0, "Total Cost": 0.27, "Plan Rows": 1, "Plan Width": 12, "Index Cond": "(s_suppkey = lineitem.l_suppkey)"}]}, {"Node Type": "Index Scan", "Parent Relationship": "Inner", "Scan Direction": "Forward", "Index Name": "nation_pkey", "Relation Name": "nation", "Alias": "n2", "Startup Cost": 0.0, "Total Cost": 0.27, "Plan Rows": 1, "Plan Width": 30, "Index Cond": "(n_nationkey = supplier.s_nationkey)"}]}]}]}, "Unique SQL Id": 3681808042, "Planner Runtime": 2}, "explain_analyze_plan": {"Plan": {"Node Type": "Sort", "Startup Cost": 543973.83, "Total Cost": 543973.85, "Plan Rows": 10, "Plan Width": 50, "Actual Startup Time": 8110.251, "Actual Total Time": 8110.251, "Actual Rows": 2, "Actual Loops": 1, "Sort Key": ["(date_part('year'::text, orders.o_orderdate))"], "Sort Method": "quicksort", "Sort Space Used": 25, "Sort Space Type": "Memory", "Plans": [{"Node Type": "Aggregate", "Strategy": "Hashed", "Parent Relationship": "Outer", "Startup Cost": 543973.51, "Total Cost": 543973.66, "Plan Rows": 10, "Plan Width": 50, "Actual Startup Time": 8110.23, "Actual Total Time": 8110.231, "Actual Rows": 2, "Actual Loops": 1, "Group By Key": ["date_part('year'::text, orders.o_orderdate)"], "Plans": [{"Node Type": "Nested Loop", "Parent Relationship": "Outer", "Join Type": "Inner", "Startup Cost": 0.0, "Total Cost": 543853.69, "Plan Rows": 5991, "Plan Width": 50, "Actual Startup Time": 0.347, "Actual Total Time": 8073.255, "Actual Rows": 23929, "Actual Loops": 1, "Inner Unique": true, "Plans": [{"Node Type": "Nested Loop", "Parent Relationship": "Outer", "Join Type": "Inner", "Startup Cost": 0.0, "Total Cost": 542160.52, "Plan Rows": 5991, "Plan Width": 28, "Actual Startup Time": 0.337, "Actual Total Time": 7983.688, "Actual Rows": 23929, "Actual Loops": 1, "Inner Unique": true, "Plans": [{"Node Type": "Nested Loop", "Parent Relationship": "Outer", "Join Type": "Inner", "Startup Cost": 0.0, "Total Cost": 537314.56, "Plan Rows": 17296, "Plan Width": 32, "Actual Startup Time": 0.329, "Actual Total Time": 7801.196, "Actual Rows": 23929, "Actual Loops": 1, "Inner Unique": false, "Join Filter": "(n1.n_nationkey = customer.c_nationkey)", "Rows Removed by Join Filter": 574896, "Plans": [{"Node Type": "Nested Loop", "Parent Relationship": "Outer", "Join Type": "Inner", "Startup Cost": 0.0, "Total Cost": 530807.88, "Plan Rows": 86479, "Plan Width": 36, "Actual Startup Time": 0.172, "Actual Total Time": 7578.85, "Actual Rows": 119765, "Actual Loops": 1, "Inner Unique": true, "Plans": [{"Node Type": "Nested Loop", "Parent Relationship": "Outer", "Join Type": "Inner", "Startup Cost": 0.0, "Total Cost": 503356.69, "Plan Rows": 86479, "Plan Width": 40, "Actual Startup Time": 0.164, "Actual Total Time": 6543.231, "Actual Rows": 119765, "Actual Loops": 1, "Inner Unique": true, "Plans": [{"Node Type": "Nested Loop", "Parent Relationship": "Outer", "Join Type": "Inner", "Startup Cost": 0.0, "Total Cost": 480423.82, "Plan Rows": 74637, "Plan Width": 32, "Actual Startup Time": 0.068, "Actual Total Time": 2854.98, "Actual Rows": 395341, "Actual Loops": 1, "Inner Unique": false, "Plans": [{"Node Type": "Index Scan", "Parent Relationship": "Outer", "Scan Direction": "Forward", "Index Name": "part_kpey", "Relation Name": "part", "Alias": "part", "Startup Cost": 0.0, "Total Cost": 105803.25, "Plan Rows": 13538, "Plan Width": 8, "Actual Startup Time": 0.048, "Actual Total Time": 1507.382, "Actual Rows": 13163, "Actual Loops": 1, "Filter": "((p_type)::text = 'SMALL PLATED COPPER'::text)", "Rows Removed by Filter": 1986837}, {"Node Type": "Index Scan", "Parent Relationship": "Inner", "Scan Direction": "Forward", "Index Name": "idx_lineitem_part_supp", "Relation Name": "lineitem", "Alias": "lineitem", "Startup Cost": 0.0, "Total Cost": 27.61, "Plan Rows": 6, "Plan Width": 40, "Actual Startup Time": 157.001, "Actual Total Time": 1241.646, "Actual Rows": 395341, "Actual Loops": 13163, "Index Cond": "(l_partkey = part.p_partkey)", "Rows Removed by Index Recheck": 0}]}, {"Node Type": "Index Scan", "Parent Relationship": "Inner", "Scan Direction": "Forward", "Index Name": "orders_pkey", "Relation Name": "orders", "Alias": "orders", "Startup Cost": 0.0, "Total Cost": 0.3, "Plan Rows": 1, "Plan Width": 24, "Actual Startup Time": 3442.495, "Actual Total Time": 3442.495, "Actual Rows": 119765, "Actual Loops": 395341, "Index Cond": "(o_orderkey = lineitem.l_orderkey)", "Rows Removed by Index Recheck": 0, "Filter": "((o_orderdate >= '1995-01-01 00:00:00'::timestamp(0) without time zone) AND (o_orderdate <= '1996-12-31 00:00:00'::timestamp(0) without time zone))", "Rows Removed by Filter": 275576}]}, {"Node Type": "Index Scan", "Parent Relationship": "Inner", "Scan Direction": "Forward", "Index Name": "customer_pkey", "Relation Name": "customer", "Alias": "customer", "Startup Cost": 0.0, "Total Cost": 0.31, "Plan Rows": 1, "Plan Width": 12, "Actual Startup Time": 920.013, "Actual Total Time": 920.013, "Actual Rows": 119765, "Actual Loops": 119765, "Index Cond": "(c_custkey = orders.o_custkey)", "Rows Removed by Index Recheck": 0}]}, {"Node Type": "Materialize", "Parent Relationship": "Inner", "Startup Cost": 0.0, "Total Cost": 20.76, "Plan Rows": 5, "Plan Width": 4, "Actual Startup Time": 14.753, "Actual Total Time": 67.261, "Actual Rows": 598825, "Actual Loops": 119765, "Plans": [{"Node Type": "Nested Loop", "Parent Relationship": "Outer", "Join Type": "Inner", "Startup Cost": 0.0, "Total Cost": 20.74, "Plan Rows": 5, "Plan Width": 4, "Actual Startup Time": 0.015, "Actual Total Time": 0.022, "Actual Rows": 5, "Actual Loops": 1, "Inner Unique": false, "Plans": [{"Node Type": "Index Scan", "Parent Relationship": "Outer", "Scan Direction": "Forward", "Index Name": "region_pkey", "Relation Name": "region", "Alias": "region", "Startup Cost": 0.0, "Total Cost": 12.34, "Plan Rows": 1, "Plan Width": 4, "Actual Startup Time": 0.009, "Actual Total Time": 0.011, "Actual Rows": 1, "Actual Loops": 1, "Filter": "(r_name = 'ASIA'::bpchar)", "Rows Removed by Filter": 4}, {"Node Type": "Index Scan", "Parent Relationship": "Inner", "Scan Direction": "Forward", "Index Name": "idx_nation_regionkey", "Relation Name": "nation", "Alias": "n1", "Startup Cost": 0.0, "Total Cost": 8.35, "Plan Rows": 5, "Plan Width": 8, "Actual Startup Time": 0.004, "Actual Total Time": 0.009, "Actual Rows": 5, "Actual Loops": 1, "Index Cond": "(n_regionkey = region.r_regionkey)", "Rows Removed by Index Recheck": 0}]}]}]}, {"Node Type": "Index Scan", "Parent Relationship": "Inner", "Scan Direction": "Forward", "Index Name": "supplier_pkey", "Relation Name": "supplier", "Alias": "supplier", "Startup Cost": 0.0, "Total Cost": 0.27, "Plan Rows": 1, "Plan Width": 12, "Actual Startup Time": 149.839, "Actual Total Time": 149.839, "Actual Rows": 23929, "Actual Loops": 23929, "Index Cond": "(s_suppkey = lineitem.l_suppkey)", "Rows Removed by Index Recheck": 0}]}, {"Node Type": "Index Scan", "Parent Relationship": "Inner", "Scan Direction": "Forward", "Index Name": "nation_pkey", "Relation Name": "nation", "Alias": "n2", "Startup Cost": 0.0, "Total Cost": 0.27, "Plan Rows": 1, "Plan Width": 30, "Actual Startup Time": 42.432, "Actual Total Time": 42.432, "Actual Rows": 23929, "Actual Loops": 23929, "Index Cond": "(n_nationkey = supplier.s_nationkey)", "Rows Removed by Index Recheck": 0}]}]}]}, "Triggers": [], "Planner Runtime": 2, "Total Runtime": 8110.658, "Unique SQL Id": 3681808042}}, "(1, 126)": {"explain_plan": {"Plan": {"Node Type": "Sort", "Startup Cost": 17600453906.22, "Total Cost": 17600453906.25, "Plan Rows": 10, "Plan Width": 50, "Sort Key": ["(date_part('year'::text, orders.o_orderdate))"], "Plans": [{"Node Type": "Aggregate", "Strategy": "Hashed", "Parent Relationship": "Outer", "Startup Cost": 17600453905.91, "Total Cost": 17600453906.06, "Plan Rows": 10, "Plan Width": 50, "Group By Key": ["date_part('year'::text, orders.o_orderdate)"], "Plans": [{"Node Type": "Nested Loop", "Parent Relationship": "Outer", "Join Type": "Inner", "Startup Cost": 195.74, "Total Cost": 17600453786.09, "Plan Rows": 5991, "Plan Width": 50, "Inner Unique": true, "Join Filter": "(supplier.s_nationkey = n2.n_nationkey)", "Plans": [{"Node Type": "Nested Loop", "Parent Relationship": "Outer", "Join Type": "Inner", "Startup Cost": 195.74, "Total Cost": 17600451523.17, "Plan Rows": 5991, "Plan Width": 28, "Inner Unique": false, "Join Filter": "(customer.c_custkey = orders.o_custkey)", "Plans": [{"Node Type": "Nested Loop", "Parent Relationship": "Outer", "Join Type": "Inner", "Startup Cost": 0.0, "Total Cost": 164628.64, "Plan Rows": 300000, "Plan Width": 8, "Inner Unique": false, "Join Filter": "(n1.n_nationkey = customer.c_nationkey), (LLVM Optimized)", "Plans": [{"Node Type": "Seq Scan", "Parent Relationship": "Outer", "Relation Name": "customer", "Alias": "customer", "Startup Cost": 0.0, "Total Cost": 52126.0, "Plan Rows": 1500000, "Plan Width": 12}, {"Node Type": "Materialize", "Parent Relationship": "Inner", "Startup Cost": 0.0, "Total Cost": 2.65, "Plan Rows": 5, "Plan Width": 4, "Plans": [{"Node Type": "Nested Loop", "Parent Relationship": "Outer", "Join Type": "Inner", "Startup Cost": 0.0, "Total Cost": 2.62, "Plan Rows": 5, "Plan Width": 4, "Inner Unique": false, "Join Filter": "(n1.n_regionkey = region.r_regionkey)", "Plans": [{"Node Type": "Seq Scan", "Parent Relationship": "Outer", "Relation Name": "region", "Alias": "region", "Startup Cost": 0.0, "Total Cost": 1.06, "Plan Rows": 1, "Plan Width": 4, "Filter": "(r_name = 'ASIA'::bpchar)"}, {"Node Type": "Seq Scan", "Parent Relationship": "Inner", "Relation Name": "nation", "Alias": "n1", "Startup Cost": 0.0, "Total Cost": 1.25, "Plan Rows": 25, "Plan Width": 8}]}]}]}, {"Node Type": "Materialize", "Parent Relationship": "Inner", "Startup Cost": 195.74, "Total Cost": 17369896022.53, "Plan Rows": 51198, "Plan Width": 36, "Plans": [{"Node Type": "Nested Loop", "Parent Relationship": "Outer", "Join Type": "Inner", "Startup Cost": 195.74, "Total Cost": 17369895766.54, "Plan Rows": 51198, "Plan Width": 36, "Inner Unique": false, "Join Filter": "(lineitem.l_orderkey = orders.o_orderkey)", "Plans": [{"Node Type": "Seq Scan", "Parent Relationship": "Outer", "Relation Name": "orders", "Alias": "orders", "Startup Cost": 195.74, "Total Cost": 501411.18, "Plan Rows": 4531967, "Plan Width": 24, "Filter": "((o_orderdate >= '1995-01-01 00:00:00'::timestamp(0) without time zone) AND (o_orderdate <= '1996-12-31 00:00:00'::timestamp(0) without time zone)), (LLVM Optimized)"}, {"Node Type": "Materialize", "Parent Relationship": "Inner", "Startup Cost": 0.0, "Total Cost": 12295608227.26, "Plan Rows": 74637, "Plan Width": 28, "Plans": [{"Node Type": "Nested Loop", "Parent Relationship": "Outer", "Join Type": "Inner", "Startup Cost": 0.0, "Total Cost": 12295607854.08, "Plan Rows": 74637, "Plan Width": 28, "Inner Unique": false, "Join Filter": "(lineitem.l_suppkey = supplier.s_suppkey)", "Plans": [{"Node Type": "Seq Scan", "Parent Relationship": "Outer", "Relation Name": "supplier", "Alias": "supplier", "Startup Cost": 0.0, "Total Cost": 3283.0, "Plan Rows": 100000, "Plan Width": 12}, {"Node Type": "Materialize", "Parent Relationship": "Inner", "Startup Cost": 0.0, "Total Cost": 12183649257.67, "Plan Rows": 74637, "Plan Width": 32, "Plans": [{"Node Type": "Nested Loop", "Parent Relationship": "Outer", "Join Type": "Inner", "Startup Cost": 0.0, "Total Cost": 12183648884.49, "Plan Rows": 74637, "Plan Width": 32, "Inner Unique": true, "Join Filter": "(part.p_partkey = lineitem.l_partkey)", "Plans": [{"Node Type": "Seq Scan", "Parent Relationship": "Outer", "Relation Name": "lineitem", "Alias": "lineitem", "Startup Cost": 0.0, "Total Cost": 2015115.33, "Plan Rows": 59987033, "Plan Width": 40}, {"Node Type": "Materialize", "Parent Relationship": "Inner", "Startup Cost": 0.0, "Total Cost": 67011.69, "Plan Rows": 13538, "Plan Width": 8, "Plans": [{"Node Type": "Seq Scan", "Parent Relationship": "Outer", "Relation Name": "part", "Alias": "part", "Startup Cost": 0.0, "Total Cost": 66944.0, "Plan Rows": 13538, "Plan Width": 8, "Filter": "((p_type)::text = 'SMALL PLATED COPPER'::text)"}]}]}]}]}]}]}]}]}, {"Node Type": "Materialize", "Parent Relationship": "Inner", "Startup Cost": 0.0, "Total Cost": 1.38, "Plan Rows": 25, "Plan Width": 30, "Plans": [{"Node Type": "Seq Scan", "Parent Relationship": "Outer", "Relation Name": "nation", "Alias": "n2", "Startup Cost": 0.0, "Total Cost": 1.25, "Plan Rows": 25, "Plan Width": 30}]}]}]}]}, "Unique SQL Id": 3681808042, "Planner Runtime": 2}, "explain_analyze_plan": null}, "(1, 127)": {"explain_plan": {"Plan": {"Node Type": "Sort", "Startup Cost": 8018022317922.2, "Total Cost": 8018022317922.22, "Plan Rows": 10, "Plan Width": 50, "Sort Key": ["(date_part('year'::text, orders.o_orderdate))"], "Plans": [{"Node Type": "Aggregate", "Strategy": "Hashed", "Parent Relationship": "Outer", "Startup Cost": 8018022317921.88, "Total Cost": 8018022317922.03, "Plan Rows": 10, "Plan Width": 50, "Group By Key": ["date_part('year'::text, orders.o_orderdate)"], "Plans": [{"Node Type": "Nested Loop", "Parent Relationship": "Outer", "Join Type": "Inner", "Startup Cost": 80000000000.0, "Total Cost": 8018022317802.06, "Plan Rows": 5991, "Plan Width": 50, "Inner Unique": true, "Join Filter": "(supplier.s_nationkey = n2.n_nationkey)", "Plans": [{"Node Type": "Nested Loop", "Parent Relationship": "Outer", "Join Type": "Inner", "Startup Cost": 70000000000.0, "Total Cost": 7018022314277.89, "Plan Rows": 5991, "Plan Width": 28, "Inner Unique": false, "Join Filter": "(customer.c_custkey = orders.o_custkey)", "Plans": [{"Node Type": "Nested Loop", "Parent Relationship": "Outer", "Join Type": "Inner", "Startup Cost": 40000000000.0, "Total Cost": 4017783730995.63, "Plan Rows": 51198, "Plan Width": 36, "Inner Unique": true, "Join Filter": "(lineitem.l_orderkey = orders.o_orderkey)", "Plans": [{"Node Type": "Nested Loop", "Parent Relationship": "Outer", "Join Type": "Inner", "Startup Cost": 30000000000.0, "Total Cost": 3012629335768.03, "Plan Rows": 74637, "Plan Width": 28, "Inner Unique": false, "Join Filter": "(lineitem.l_suppkey = supplier.s_suppkey)", "Plans": [{"Node Type": "Index Scan", "Parent Relationship": "Outer", "Scan Direction": "Forward", "Index Name": "idx_supplier_nation_key", "Relation Name": "supplier", "Alias": "supplier", "Startup Cost": 10000000000.0, "Total Cost": 1000001217556.78, "Plan Rows": 100000, "Plan Width": 12}, {"Node Type": "Materialize", "Parent Relationship": "Inner", "Startup Cost": 20000000000.0, "Total Cost": 2012516162897.84, "Plan Rows": 74637, "Plan Width": 32, "Plans": [{"Node Type": "Nested Loop", "Parent Relationship": "Outer", "Join Type": "Inner", "Startup Cost": 20000000000.0, "Total Cost": 2012516162524.66, "Plan Rows": 74637, "Plan Width": 32, "Inner Unique": true, "Join Filter": "(part.p_partkey = lineitem.l_partkey)", "Plans": [{"Node Type": "Index Scan", "Parent Relationship": "Outer", "Scan Direction": "Forward", "Index Name": "idx_lineitem_orderkey", "Relation Name": "lineitem", "Alias": "lineitem", "Startup Cost": 10000000000.0, "Total Cost": 1000324015374.5, "Plan Rows": 59987033, "Plan Width": 40}, {"Node Type": "Materialize", "Parent Relationship": "Inner", "Startup Cost": 10000000000.0, "Total Cost": 1000010580392.69, "Plan Rows": 13538, "Plan Width": 8, "Plans": [{"Node Type": "Index Scan", "Parent Relationship": "Outer", "Scan Direction": "Forward", "Index Name": "part_kpey", "Relation Name": "part", "Alias": "part", "Startup Cost": 10000000000.0, "Total Cost": 1000010580325.0, "Plan Rows": 13538, "Plan Width": 8, "Filter": "((p_type)::text = 'SMALL PLATED COPPER'::text)"}]}]}]}]}, {"Node Type": "Materialize", "Parent Relationship": "Inner", "Startup Cost": 10000000000.0, "Total Cost": 1000080620242.83, "Plan Rows": 4531967, "Plan Width": 24, "Plans": [{"Node Type": "Index Scan", "Parent Relationship": "Outer", "Scan Direction": "Forward", "Index Name": "orders_pkey", "Relation Name": "orders", "Alias": "orders", "Startup Cost": 10000000000.0, "Total Cost": 1000080597583.0, "Plan Rows": 4531967, "Plan Width": 24, "Filter": "((o_orderdate >= '1995-01-01 00:00:00'::timestamp(0) without time zone) AND (o_orderdate <= '1996-12-31 00:00:00'::timestamp(0) without time zone)), (LLVM Optimized)"}]}]}, {"Node Type": "Materialize", "Parent Relationship": "Inner", "Startup Cost": 30000000000.0, "Total Cost": 3000008193032.26, "Plan Rows": 300000, "Plan Width": 8, "Plans": [{"Node Type": "Nested Loop", "Parent Relationship": "Outer", "Join Type": "Inner", "Startup Cost": 30000000000.0, "Total Cost": 3000008191532.26, "Plan Rows": 300000, "Plan Width": 8, "Inner Unique": false, "Join Filter": "(n1.n_nationkey = customer.c_nationkey), (LLVM Optimized)", "Plans": [{"Node Type": "Index Scan", "Parent Relationship": "Outer", "Scan Direction": "Forward", "Index Name": "customer_pkey", "Relation Name": "customer", "Alias": "customer", "Startup Cost": 10000000000.0, "Total Cost": 1000008076535.62, "Plan Rows": 1500000, "Plan Width": 12}, {"Node Type": "Materialize", "Parent Relationship": "Inner", "Startup Cost": 20000000000.0, "Total Cost": 2000000002496.65, "Plan Rows": 5, "Plan Width": 4, "Plans": [{"Node Type": "Nested Loop", "Parent Relationship": "Outer", "Join Type": "Inner", "Startup Cost": 20000000000.0, "Total Cost": 2000000002496.63, "Plan Rows": 5, "Plan Width": 4, "Inner Unique": true, "Join Filter": "(n1.n_regionkey = region.r_regionkey)", "Plans": [{"Node Type": "Index Scan", "Parent Relationship": "Outer", "Scan Direction": "Forward", "Index Name": "nation_pkey", "Relation Name": "nation", "Alias": "n1", "Startup Cost": 10000000000.0, "Total Cost": 1000000001262.5, "Plan Rows": 25, "Plan Width": 8}, {"Node Type": "Materialize", "Parent Relationship": "Inner", "Startup Cost": 10000000000.0, "Total Cost": 1000000001233.76, "Plan Rows": 1, "Plan Width": 4, "Plans": [{"Node Type": "Index Scan", "Parent Relationship": "Outer", "Scan Direction": "Forward", "Index Name": "region_pkey", "Relation Name": "region", "Alias": "region", "Startup Cost": 10000000000.0, "Total Cost": 1000000001233.75, "Plan Rows": 1, "Plan Width": 4, "Filter": "(r_name = 'ASIA'::bpchar)"}]}]}]}]}]}]}, {"Node Type": "Materialize", "Parent Relationship": "Inner", "Startup Cost": 10000000000.0, "Total Cost": 1000000001262.62, "Plan Rows": 25, "Plan Width": 30, "Plans": [{"Node Type": "Index Scan", "Parent Relationship": "Outer", "Scan Direction": "Forward", "Index Name": "nation_pkey", "Relation Name": "nation", "Alias": "n2", "Startup Cost": 10000000000.0, "Total Cost": 1000000001262.5, "Plan Rows": 25, "Plan Width": 30}]}]}]}]}, "Unique SQL Id": 3681808042, "Planner Runtime": 1}, "explain_analyze_plan": null}, "(16, 0)": {"explain_plan": {"Plan": {"Node Type": "Sort", "Startup Cost": 486630.31, "Total Cost": 486630.33, "Plan Rows": 10, "Plan Width": 66, "Sort Key": ["(date_part('year'::text, orders.o_orderdate))"], "Plans": [{"Node Type": "Aggregate", "Strategy": "Hashed", "Parent Relationship": "Outer", "Startup Cost": 486629.99, "Total Cost": 486630.14, "Plan Rows": 10, "Plan Width": 66, "Group By Key": ["date_part('year'::text, orders.o_orderdate)"], "Plans": [{"Node Type": "Hash Join", "Parent Relationship": "Outer", "Join Type": "Inner", "Startup Cost": 4536.12, "Total Cost": 486510.17, "Plan Rows": 5991, "Plan Width": 50, "Inner Unique": true, "Hash Cond": "(supplier.s_nationkey = n2.n_nationkey)", "Plans": [{"Node Type": "Nested Loop", "Parent Relationship": "Outer", "Join Type": "Inner", "Startup Cost": 4534.56, "Total Cost": 486417.81, "Plan Rows": 5991, "Plan Width": 28, "Inner Unique": false, "Join Filter": "(n1.n_regionkey = region.r_regionkey)", "Plans": [{"Node Type": "Seq Scan", "Parent Relationship": "Outer", "Relation Name": "region", "Alias": "region", "Startup Cost": 0.0, "Total Cost": 1.06, "Plan Rows": 1, "Plan Width": 4, "Filter": "(r_name = 'ASIA'::bpchar)"}, {"Node Type": "Hash Join", "Parent Relationship": "Inner", "Join Type": "Inner", "Startup Cost": 4534.56, "Total Cost": 486042.32, "Plan Rows": 29954, "Plan Width": 32, "Inner Unique": true, "Hash Cond": "(customer.c_nationkey = n1.n_nationkey)", "Plans": [{"Node Type": "Nested Loop", "Parent Relationship": "Outer", "Join Type": "Inner", "Startup Cost": 4533.0, "Total Cost": 485661.65, "Plan Rows": 29954, "Plan Width": 32, "Inner Unique": true, "Plans": [{"Node Type": "Hash Join", "Parent Relationship": "Outer", "Join Type": "Inner", "Startup Cost": 4533.0, "Total Cost": 469409.78, "Plan Rows": 51198, "Plan Width": 36, "Inner Unique": true, "Hash Cond": "(lineitem.l_suppkey = supplier.s_suppkey)", "Plans": [{"Node Type": "Nested Loop", "Parent Relationship": "Outer", "Join Type": "Inner", "Startup Cost": 0.0, "Total Cost": 464497.44, "Plan Rows": 86479, "Plan Width": 40, "Inner Unique": true, "Plans": [{"Node Type": "Nested Loop", "Parent Relationship": "Outer", "Join Type": "Inner", "Startup Cost": 0.0, "Total Cost": 441564.57, "Plan Rows": 74637, "Plan Width": 32, "Inner Unique": false, "Plans": [{"Node Type": "Seq Scan", "Parent Relationship": "Outer", "Relation Name": "part", "Alias": "part", "Startup Cost": 0.0, "Total Cost": 66944.0, "Plan Rows": 13538, "Plan Width": 8, "Filter": "((p_type)::text = 'SMALL PLATED COPPER'::text)"}, {"Node Type": "Index Scan", "Parent Relationship": "Inner", "Scan Direction": "Forward", "Index Name": "idx_lineitem_part_supp", "Relation Name": "lineitem", "Alias": "lineitem", "Startup Cost": 0.0, "Total Cost": 27.61, "Plan Rows": 6, "Plan Width": 40, "Index Cond": "(l_partkey = part.p_partkey)"}]}, {"Node Type": "Index Scan", "Parent Relationship": "Inner", "Scan Direction": "Forward", "Index Name": "orders_pkey", "Relation Name": "orders", "Alias": "orders", "Startup Cost": 0.0, "Total Cost": 0.3, "Plan Rows": 1, "Plan Width": 24, "Index Cond": "(o_orderkey = lineitem.l_orderkey)", "Filter": "((o_orderdate >= '1995-01-01 00:00:00'::timestamp(0) without time zone) AND (o_orderdate <= '1996-12-31 00:00:00'::timestamp(0) without time zone))"}]}, {"Node Type": "Hash", "Parent Relationship": "Inner", "Startup Cost": 3283.0, "Total Cost": 3283.0, "Plan Rows": 100000, "Plan Width": 12, "Plans": [{"Node Type": "Seq Scan", "Parent Relationship": "Outer", "Relation Name": "supplier", "Alias": "supplier", "Startup Cost": 0.0, "Total Cost": 3283.0, "Plan Rows": 100000, "Plan Width": 12}]}]}, {"Node Type": "Index Scan", "Parent Relationship": "Inner", "Scan Direction": "Forward", "Index Name": "customer_pkey", "Relation Name": "customer", "Alias": "customer", "Startup Cost": 0.0, "Total Cost": 0.31, "Plan Rows": 1, "Plan Width": 12, "Index Cond": "(c_custkey = orders.o_custkey)"}]}, {"Node Type": "Hash", "Parent Relationship": "Inner", "Startup Cost": 1.25, "Total Cost": 1.25, "Plan Rows": 25, "Plan Width": 8, "Plans": [{"Node Type": "Seq Scan", "Parent Relationship": "Outer", "Relation Name": "nation", "Alias": "n1", "Startup Cost": 0.0, "Total Cost": 1.25, "Plan Rows": 25, "Plan Width": 8}]}]}]}, {"Node Type": "Hash", "Parent Relationship": "Inner", "Startup Cost": 1.25, "Total Cost": 1.25, "Plan Rows": 25, "Plan Width": 30, "Plans": [{"Node Type": "Seq Scan", "Parent Relationship": "Outer", "Relation Name": "nation", "Alias": "n2", "Startup Cost": 0.0, "Total Cost": 1.25, "Plan Rows": 25, "Plan Width": 30}]}]}]}]}, "Unique SQL Id": 3681808042, "Planner Runtime": 9}, "explain_analyze_plan": {"Plan": {"Node Type": "Sort", "Startup Cost": 486630.31, "Total Cost": 486630.33, "Plan Rows": 10, "Plan Width": 66, "Actual Startup Time": 6657.822, "Actual Total Time": 6657.822, "Actual Rows": 2, "Actual Loops": 1, "Sort Key": ["(date_part('year'::text, orders.o_orderdate))"], "Sort Method": "quicksort", "Sort Space Used": 25, "Sort Space Type": "Memory", "Plans": [{"Node Type": "Aggregate", "Strategy": "Hashed", "Parent Relationship": "Outer", "Startup Cost": 486629.99, "Total Cost": 486630.14, "Plan Rows": 10, "Plan Width": 66, "Actual Startup Time": 6657.801, "Actual Total Time": 6657.801, "Actual Rows": 2, "Actual Loops": 1, "Group By Key": ["date_part('year'::text, orders.o_orderdate)"], "Plans": [{"Node Type": "Hash Join", "Parent Relationship": "Outer", "Join Type": "Inner", "Startup Cost": 4536.12, "Total Cost": 486510.17, "Plan Rows": 5991, "Plan Width": 50, "Actual Startup Time": 63.991, "Actual Total Time": 6619.798, "Actual Rows": 23929, "Actual Loops": 1, "Inner Unique": true, "Hash Cond": "(supplier.s_nationkey = n2.n_nationkey)", "Plans": [{"Node Type": "Nested Loop", "Parent Relationship": "Outer", "Join Type": "Inner", "Startup Cost": 4534.56, "Total Cost": 486417.81, "Plan Rows": 5991, "Plan Width": 28, "Actual Startup Time": 63.894, "Actual Total Time": 6584.866, "Actual Rows": 23929, "Actual Loops": 1, "Inner Unique": false, "Join Filter": "(n1.n_regionkey = region.r_regionkey)", "Rows Removed by Join Filter": 95836, "Plans": [{"Node Type": "Seq Scan", "Parent Relationship": "Outer", "Relation Name": "region", "Alias": "region", "Startup Cost": 0.0, "Total Cost": 1.06, "Plan Rows": 1, "Plan Width": 4, "Actual Startup Time": 0.01, "Actual Total Time": 0.014, "Actual Rows": 1, "Actual Loops": 1, "Filter": "(r_name = 'ASIA'::bpchar)", "Rows Removed by Filter": 4}, {"Node Type": "Hash Join", "Parent Relationship": "Inner", "Join Type": "Inner", "Startup Cost": 4534.56, "Total Cost": 486042.32, "Plan Rows": 29954, "Plan Width": 32, "Actual Startup Time": 63.701, "Actual Total Time": 6550.731, "Actual Rows": 119765, "Actual Loops": 1, "Inner Unique": true, "Hash Cond": "(customer.c_nationkey = n1.n_nationkey)", "Plans": [{"Node Type": "Nested Loop", "Parent Relationship": "Outer", "Join Type": "Inner", "Startup Cost": 4533.0, "Total Cost": 485661.65, "Plan Rows": 29954, "Plan Width": 32, "Actual Startup Time": 63.645, "Actual Total Time": 6479.463, "Actual Rows": 119765, "Actual Loops": 1, "Inner Unique": true, "Plans": [{"Node Type": "Hash Join", "Parent Relationship": "Outer", "Join Type": "Inner", "Startup Cost": 4533.0, "Total Cost": 469409.78, "Plan Rows": 51198, "Plan Width": 36, "Actual Startup Time": 63.597, "Actual Total Time": 5532.269, "Actual Rows": 119765, "Actual Loops": 1, "Inner Unique": true, "Hash Cond": "(lineitem.l_suppkey = supplier.s_suppkey)", "Plans": [{"Node Type": "Nested Loop", "Parent Relationship": "Outer", "Join Type": "Inner", "Startup Cost": 0.0, "Total Cost": 464497.44, "Plan Rows": 86479, "Plan Width": 40, "Actual Startup Time": 0.138, "Actual Total Time": 5382.924, "Actual Rows": 119765, "Actual Loops": 1, "Inner Unique": true, "Plans": [{"Node Type": "Nested Loop", "Parent Relationship": "Outer", "Join Type": "Inner", "Startup Cost": 0.0, "Total Cost": 441564.57, "Plan Rows": 74637, "Plan Width": 32, "Actual Startup Time": 0.036, "Actual Total Time": 1994.019, "Actual Rows": 395341, "Actual Loops": 1, "Inner Unique": false, "Plans": [{"Node Type": "Seq Scan", "Parent Relationship": "Outer", "Relation Name": "part", "Alias": "part", "Startup Cost": 0.0, "Total Cost": 66944.0, "Plan Rows": 13538, "Plan Width": 8, "Actual Startup Time": 0.014, "Actual Total Time": 761.161, "Actual Rows": 13163, "Actual Loops": 1, "Filter": "((p_type)::text = 'SMALL PLATED COPPER'::text)", "Rows Removed by Filter": 1986837}, {"Node Type": "Index Scan", "Parent Relationship": "Inner", "Scan Direction": "Forward", "Index Name": "idx_lineitem_part_supp", "Relation Name": "lineitem", "Alias": "lineitem", "Startup Cost": 0.0, "Total Cost": 27.61, "Plan Rows": 6, "Plan Width": 40, "Actual Startup Time": 155.365, "Actual Total Time": 1131.429, "Actual Rows": 395341, "Actual Loops": 13163, "Index Cond": "(l_partkey = part.p_partkey)", "Rows Removed by Index Recheck": 0}]}, {"Node Type": "Index Scan", "Parent Relationship": "Inner", "Scan Direction": "Forward", "Index Name": "orders_pkey", "Relation Name": "orders", "Alias": "orders", "Startup Cost": 0.0, "Total Cost": 0.3, "Plan Rows": 1, "Plan Width": 24, "Actual Startup Time": 3151.57, "Actual Total Time": 3151.57, "Actual Rows": 119765, "Actual Loops": 395341, "Index Cond": "(o_orderkey = lineitem.l_orderkey)", "Rows Removed by Index Recheck": 0, "Filter": "((o_orderdate >= '1995-01-01 00:00:00'::timestamp(0) without time zone) AND (o_orderdate <= '1996-12-31 00:00:00'::timestamp(0) without time zone))", "Rows Removed by Filter": 275576}]}, {"Node Type": "Hash", "Parent Relationship": "Inner", "Startup Cost": 3283.0, "Total Cost": 3283.0, "Plan Rows": 100000, "Plan Width": 12, "Actual Startup Time": 63.334, "Actual Total Time": 63.334, "Actual Rows": 100000, "Actual Loops": 1, "Hash Buckets": 131072, "Hash Batches": 1, "Original Hash Batches": 1, "Peak Memory Usage": 4297, "Plans": [{"Node Type": "Seq Scan", "Parent Relationship": "Outer", "Relation Name": "supplier", "Alias": "supplier", "Startup Cost": 0.0, "Total Cost": 3283.0, "Plan Rows": 100000, "Plan Width": 12, "Actual Startup Time": 0.012, "Actual Total Time": 36.132, "Actual Rows": 100000, "Actual Loops": 1}]}]}, {"Node Type": "Index Scan", "Parent Relationship": "Inner", "Scan Direction": "Forward", "Index Name": "customer_pkey", "Relation Name": "customer", "Alias": "customer", "Startup Cost": 0.0, "Total Cost": 0.31, "Plan Rows": 1, "Plan Width": 12, "Actual Startup Time": 838.481, "Actual Total Time": 838.481, "Actual Rows": 119765, "Actual Loops": 119765, "Index Cond": "(c_custkey = orders.o_custkey)", "Rows Removed by Index Recheck": 0}]}, {"Node Type": "Hash", "Parent Relationship": "Inner", "Startup Cost": 1.25, "Total Cost": 1.25, "Plan Rows": 25, "Plan Width": 8, "Actual Startup Time": 0.02, "Actual Total Time": 0.02, "Actual Rows": 25, "Actual Loops": 1, "Hash Buckets": 32768, "Hash Batches": 1, "Original Hash Batches": 1, "Peak Memory Usage": 1, "Plans": [{"Node Type": "Seq Scan", "Parent Relationship": "Outer", "Relation Name": "nation", "Alias": "n1", "Startup Cost": 0.0, "Total Cost": 1.25, "Plan Rows": 25, "Plan Width": 8, "Actual Startup Time": 0.007, "Actual Total Time": 0.012, "Actual Rows": 25, "Actual Loops": 1}]}]}]}, {"Node Type": "Hash", "Parent Relationship": "Inner", "Startup Cost": 1.25, "Total Cost": 1.25, "Plan Rows": 25, "Plan Width": 30, "Actual Startup Time": 0.04, "Actual Total Time": 0.04, "Actual Rows": 25, "Actual Loops": 1, "Hash Buckets": 32768, "Hash Batches": 1, "Original Hash Batches": 1, "Peak Memory Usage": 2, "Plans": [{"Node Type": "Seq Scan", "Parent Relationship": "Outer", "Relation Name": "nation", "Alias": "n2", "Startup Cost": 0.0, "Total Cost": 1.25, "Plan Rows": 25, "Plan Width": 30, "Actual Startup Time": 0.019, "Actual Total Time": 0.025, "Actual Rows": 25, "Actual Loops": 1}]}]}]}]}, "Triggers": [], "Planner Runtime": 5, "Total Runtime": 6658.228, "Unique SQL Id": 3681808042}}, "(16, 1)": {"explain_plan": {"Plan": {"Node Type": "Sort", "Startup Cost": 527575.13, "Total Cost": 527575.15, "Plan Rows": 10, "Plan Width": 66, "Sort Key": ["(date_part('year'::text, orders.o_orderdate))"], "Plans": [{"Node Type": "Aggregate", "Strategy": "Hashed", "Parent Relationship": "Outer", "Startup Cost": 527574.81, "Total Cost": 527574.96, "Plan Rows": 10, "Plan Width": 66, "Group By Key": ["date_part('year'::text, orders.o_orderdate)"], "Plans": [{"Node Type": "Hash Join", "Parent Relationship": "Outer", "Join Type": "Inner", "Startup Cost": 6610.42, "Total Cost": 527454.99, "Plan Rows": 5991, "Plan Width": 50, "Inner Unique": true, "Hash Cond": "(supplier.s_nationkey = n2.n_nationkey)", "Plans": [{"Node Type": "Nested Loop", "Parent Relationship": "Outer", "Join Type": "Inner", "Startup Cost": 6597.48, "Total Cost": 527351.25, "Plan Rows": 5991, "Plan Width": 28, "Inner Unique": false, "Join Filter": "(n1.n_regionkey = region.r_regionkey)", "Plans": [{"Node Type": "Index Scan", "Parent Relationship": "Outer", "Scan Direction": "Forward", "Index Name": "region_pkey", "Relation Name": "region", "Alias": "region", "Startup Cost": 0.0, "Total Cost": 12.34, "Plan Rows": 1, "Plan Width": 4, "Filter": "(r_name = 'ASIA'::bpchar)"}, {"Node Type": "Hash Join", "Parent Relationship": "Inner", "Join Type": "Inner", "Startup Cost": 6597.48, "Total Cost": 526964.49, "Plan Rows": 29954, "Plan Width": 32, "Inner Unique": true, "Hash Cond": "(customer.c_nationkey = n1.n_nationkey)", "Plans": [{"Node Type": "Nested Loop", "Parent Relationship": "Outer", "Join Type": "Inner", "Startup Cost": 6584.54, "Total Cost": 526572.45, "Plan Rows": 29954, "Plan Width": 32, "Inner Unique": true, "Plans": [{"Node Type": "Hash Join", "Parent Relationship": "Outer", "Join Type": "Inner", "Startup Cost": 6584.54, "Total Cost": 510320.57, "Plan Rows": 51198, "Plan Width": 36, "Inner Unique": true, "Hash Cond": "(lineitem.l_suppkey = supplier.s_suppkey)", "Plans": [{"Node Type": "Nested Loop", "Parent Relationship": "Outer", "Join Type": "Inner", "Startup Cost": 0.0, "Total Cost": 503356.69, "Plan Rows": 86479, "Plan Width": 40, "Inner Unique": true, "Plans": [{"Node Type": "Nested Loop", "Parent Relationship": "Outer", "Join Type": "Inner", "Startup Cost": 0.0, "Total Cost": 480423.82, "Plan Rows": 74637, "Plan Width": 32, "Inner Unique": false, "Plans": [{"Node Type": "Index Scan", "Parent Relationship": "Outer", "Scan Direction": "Forward", "Index Name": "part_kpey", "Relation Name": "part", "Alias": "part", "Startup Cost": 0.0, "Total Cost": 105803.25, "Plan Rows": 13538, "Plan Width": 8, "Filter": "((p_type)::text = 'SMALL PLATED COPPER'::text)"}, {"Node Type": "Index Scan", "Parent Relationship": "Inner", "Scan Direction": "Forward", "Index Name": "idx_lineitem_part_supp", "Relation Name": "lineitem", "Alias": "lineitem", "Startup Cost": 0.0, "Total Cost": 27.61, "Plan Rows": 6, "Plan Width": 40, "Index Cond": "(l_partkey = part.p_partkey)"}]}, {"Node Type": "Index Scan", "Parent Relationship": "Inner", "Scan Direction": "Forward", "Index Name": "orders_pkey", "Relation Name": "orders", "Alias": "orders", "Startup Cost": 0.0, "Total Cost": 0.3, "Plan Rows": 1, "Plan Width": 24, "Index Cond": "(o_orderkey = lineitem.l_orderkey)", "Filter": "((o_orderdate >= '1995-01-01 00:00:00'::timestamp(0) without time zone) AND (o_orderdate <= '1996-12-31 00:00:00'::timestamp(0) without time zone))"}]}, {"Node Type": "Hash", "Parent Relationship": "Inner", "Startup Cost": 5334.54, "Total Cost": 5334.54, "Plan Rows": 100000, "Plan Width": 12, "Plans": [{"Node Type": "Index Scan", "Parent Relationship": "Outer", "Scan Direction": "Forward", "Index Name": "supplier_pkey", "Relation Name": "supplier", "Alias": "supplier", "Startup Cost": 0.0, "Total Cost": 5334.54, "Plan Rows": 100000, "Plan Width": 12}]}]}, {"Node Type": "Index Scan", "Parent Relationship": "Inner", "Scan Direction": "Forward", "Index Name": "customer_pkey", "Relation Name": "customer", "Alias": "customer", "Startup Cost": 0.0, "Total Cost": 0.31, "Plan Rows": 1, "Plan Width": 12, "Index Cond": "(c_custkey = orders.o_custkey)"}]}, {"Node Type": "Hash", "Parent Relationship": "Inner", "Startup Cost": 12.62, "Total Cost": 12.62, "Plan Rows": 25, "Plan Width": 8, "Plans": [{"Node Type": "Index Scan", "Parent Relationship": "Outer", "Scan Direction": "Forward", "Index Name": "idx_nation_regionkey", "Relation Name": "nation", "Alias": "n1", "Startup Cost": 0.0, "Total Cost": 12.62, "Plan Rows": 25, "Plan Width": 8}]}]}]}, {"Node Type": "Hash", "Parent Relationship": "Inner", "Startup Cost": 12.62, "Total Cost": 12.62, "Plan Rows": 25, "Plan Width": 30, "Plans": [{"Node Type": "Index Scan", "Parent Relationship": "Outer", "Scan Direction": "Forward", "Index Name": "nation_pkey", "Relation Name": "nation", "Alias": "n2", "Startup Cost": 0.0, "Total Cost": 12.62, "Plan Rows": 25, "Plan Width": 30}]}]}]}]}, "Unique SQL Id": 3681808042, "Planner Runtime": 8}, "explain_analyze_plan": {"Plan": {"Node Type": "Sort", "Startup Cost": 527575.13, "Total Cost": 527575.15, "Plan Rows": 10, "Plan Width": 66, "Actual Startup Time": 7423.557, "Actual Total Time": 7423.558, "Actual Rows": 2, "Actual Loops": 1, "Sort Key": ["(date_part('year'::text, orders.o_orderdate))"], "Sort Method": "quicksort", "Sort Space Used": 25, "Sort Space Type": "Memory", "Plans": [{"Node Type": "Aggregate", "Strategy": "Hashed", "Parent Relationship": "Outer", "Startup Cost": 527574.81, "Total Cost": 527574.96, "Plan Rows": 10, "Plan Width": 66, "Actual Startup Time": 7423.523, "Actual Total Time": 7423.524, "Actual Rows": 2, "Actual Loops": 1, "Group By Key": ["date_part('year'::text, orders.o_orderdate)"], "Plans": [{"Node Type": "Hash Join", "Parent Relationship": "Outer", "Join Type": "Inner", "Startup Cost": 6610.42, "Total Cost": 527454.99, "Plan Rows": 5991, "Plan Width": 50, "Actual Startup Time": 97.403, "Actual Total Time": 7385.928, "Actual Rows": 23929, "Actual Loops": 1, "Inner Unique": true, "Hash Cond": "(supplier.s_nationkey = n2.n_nationkey)", "Plans": [{"Node Type": "Nested Loop", "Parent Relationship": "Outer", "Join Type": "Inner", "Startup Cost": 6597.48, "Total Cost": 527351.25, "Plan Rows": 5991, "Plan Width": 28, "Actual Startup Time": 97.231, "Actual Total Time": 7349.016, "Actual Rows": 23929, "Actual Loops": 1, "Inner Unique": false, "Join Filter": "(n1.n_regionkey = region.r_regionkey)", "Rows Removed by Join Filter": 95836, "Plans": [{"Node Type": "Index Scan", "Parent Relationship": "Outer", "Scan Direction": "Forward", "Index Name": "region_pkey", "Relation Name": "region", "Alias": "region", "Startup Cost": 0.0, "Total Cost": 12.34, "Plan Rows": 1, "Plan Width": 4, "Actual Startup Time": 0.024, "Actual Total Time": 0.142, "Actual Rows": 1, "Actual Loops": 1, "Filter": "(r_name = 'ASIA'::bpchar)", "Rows Removed by Filter": 4}, {"Node Type": "Hash Join", "Parent Relationship": "Inner", "Join Type": "Inner", "Startup Cost": 6597.48, "Total Cost": 526964.49, "Plan Rows": 29954, "Plan Width": 32, "Actual Startup Time": 97.012, "Actual Total Time": 7313.861, "Actual Rows": 119765, "Actual Loops": 1, "Inner Unique": true, "Hash Cond": "(customer.c_nationkey = n1.n_nationkey)", "Plans": [{"Node Type": "Nested Loop", "Parent Relationship": "Outer", "Join Type": "Inner", "Startup Cost": 6584.54, "Total Cost": 526572.45, "Plan Rows": 29954, "Plan Width": 32, "Actual Startup Time": 96.932, "Actual Total Time": 7244.756, "Actual Rows": 119765, "Actual Loops": 1, "Inner Unique": true, "Plans": [{"Node Type": "Hash Join", "Parent Relationship": "Outer", "Join Type": "Inner", "Startup Cost": 6584.54, "Total Cost": 510320.57, "Plan Rows": 51198, "Plan Width": 36, "Actual Startup Time": 96.902, "Actual Total Time": 6278.594, "Actual Rows": 119765, "Actual Loops": 1, "Inner Unique": true, "Hash Cond": "(lineitem.l_suppkey = supplier.s_suppkey)", "Plans": [{"Node Type": "Nested Loop", "Parent Relationship": "Outer", "Join Type": "Inner", "Startup Cost": 0.0, "Total Cost": 503356.69, "Plan Rows": 86479, "Plan Width": 40, "Actual Startup Time": 0.214, "Actual Total Time": 6094.059, "Actual Rows": 119765, "Actual Loops": 1, "Inner Unique": true, "Plans": [{"Node Type": "Nested Loop", "Parent Relationship": "Outer", "Join Type": "Inner", "Startup Cost": 0.0, "Total Cost": 480423.82, "Plan Rows": 74637, "Plan Width": 32, "Actual Startup Time": 0.077, "Actual Total Time": 2630.429, "Actual Rows": 395341, "Actual Loops": 1, "Inner Unique": false, "Plans": [{"Node Type": "Index Scan", "Parent Relationship": "Outer", "Scan Direction": "Forward", "Index Name": "part_kpey", "Relation Name": "part", "Alias": "part", "Startup Cost": 0.0, "Total Cost": 105803.25, "Plan Rows": 13538, "Plan Width": 8, "Actual Startup Time": 0.044, "Actual Total Time": 1377.295, "Actual Rows": 13163, "Actual Loops": 1, "Filter": "((p_type)::text = 'SMALL PLATED COPPER'::text)", "Rows Removed by Filter": 1986837}, {"Node Type": "Index Scan", "Parent Relationship": "Inner", "Scan Direction": "Forward", "Index Name": "idx_lineitem_part_supp", "Relation Name": "lineitem", "Alias": "lineitem", "Startup Cost": 0.0, "Total Cost": 27.61, "Plan Rows": 6, "Plan Width": 40, "Actual Startup Time": 157.831, "Actual Total Time": 1151.374, "Actual Rows": 395341, "Actual Loops": 13163, "Index Cond": "(l_partkey = part.p_partkey)", "Rows Removed by Index Recheck": 0}]}, {"Node Type": "Index Scan", "Parent Relationship": "Inner", "Scan Direction": "Forward", "Index Name": "orders_pkey", "Relation Name": "orders", "Alias": "orders", "Startup Cost": 0.0, "Total Cost": 0.3, "Plan Rows": 1, "Plan Width": 24, "Actual Startup Time": 3221.518, "Actual Total Time": 3221.518, "Actual Rows": 119765, "Actual Loops": 395341, "Index Cond": "(o_orderkey = lineitem.l_orderkey)", "Rows Removed by Index Recheck": 0, "Filter": "((o_orderdate >= '1995-01-01 00:00:00'::timestamp(0) without time zone) AND (o_orderdate <= '1996-12-31 00:00:00'::timestamp(0) without time zone))", "Rows Removed by Filter": 275576}]}, {"Node Type": "Hash", "Parent Relationship": "Inner", "Startup Cost": 5334.54, "Total Cost": 5334.54, "Plan Rows": 100000, "Plan Width": 12, "Actual Startup Time": 96.559, "Actual Total Time": 96.559, "Actual Rows": 100000, "Actual Loops": 1, "Hash Buckets": 131072, "Hash Batches": 1, "Original Hash Batches": 1, "Peak Memory Usage": 4297, "Plans": [{"Node Type": "Index Scan", "Parent Relationship": "Outer", "Scan Direction": "Forward", "Index Name": "supplier_pkey", "Relation Name": "supplier", "Alias": "supplier", "Startup Cost": 0.0, "Total Cost": 5334.54, "Plan Rows": 100000, "Plan Width": 12, "Actual Startup Time": 0.026, "Actual Total Time": 69.134, "Actual Rows": 100000, "Actual Loops": 1}]}]}, {"Node Type": "Index Scan", "Parent Relationship": "Inner", "Scan Direction": "Forward", "Index Name": "customer_pkey", "Relation Name": "customer", "Alias": "customer", "Startup Cost": 0.0, "Total Cost": 0.31, "Plan Rows": 1, "Plan Width": 12, "Actual Startup Time": 855.847, "Actual Total Time": 855.847, "Actual Rows": 119765, "Actual Loops": 119765, "Index Cond": "(c_custkey = orders.o_custkey)", "Rows Removed by Index Recheck": 0}]}, {"Node Type": "Hash", "Parent Relationship": "Inner", "Startup Cost": 12.62, "Total Cost": 12.62, "Plan Rows": 25, "Plan Width": 8, "Actual Startup Time": 0.03, "Actual Total Time": 0.03, "Actual Rows": 25, "Actual Loops": 1, "Hash Buckets": 32768, "Hash Batches": 1, "Original Hash Batches": 1, "Peak Memory Usage": 1, "Plans": [{"Node Type": "Index Scan", "Parent Relationship": "Outer", "Scan Direction": "Forward", "Index Name": "idx_nation_regionkey", "Relation Name": "nation", "Alias": "n1", "Startup Cost": 0.0, "Total Cost": 12.62, "Plan Rows": 25, "Plan Width": 8, "Actual Startup Time": 0.009, "Actual Total Time": 0.02, "Actual Rows": 25, "Actual Loops": 1}]}]}]}, {"Node Type": "Hash", "Parent Relationship": "Inner", "Startup Cost": 12.62, "Total Cost": 12.62, "Plan Rows": 25, "Plan Width": 30, "Actual Startup Time": 0.08, "Actual Total Time": 0.08, "Actual Rows": 25, "Actual Loops": 1, "Hash Buckets": 32768, "Hash Batches": 1, "Original Hash Batches": 1, "Peak Memory Usage": 2, "Plans": [{"Node Type": "Index Scan", "Parent Relationship": "Outer", "Scan Direction": "Forward", "Index Name": "nation_pkey", "Relation Name": "nation", "Alias": "n2", "Startup Cost": 0.0, "Total Cost": 12.62, "Plan Rows": 25, "Plan Width": 30, "Actual Startup Time": 0.04, "Actual Total Time": 0.061, "Actual Rows": 25, "Actual Loops": 1}]}]}]}]}, "Triggers": [], "Planner Runtime": 4, "Total Runtime": 7424.152, "Unique SQL Id": 3681808042}}, "(16, 2)": {"explain_plan": {"Plan": {"Node Type": "Sort", "Startup Cost": 818733.87, "Total Cost": 818733.89, "Plan Rows": 10, "Plan Width": 66, "Sort Key": ["(date_part('year'::text, orders.o_orderdate))"], "Plans": [{"Node Type": "Aggregate", "Strategy": "Hashed", "Parent Relationship": "Outer", "Startup Cost": 818733.55, "Total Cost": 818733.7, "Plan Rows": 10, "Plan Width": 66, "Group By Key": ["date_part('year'::text, orders.o_orderdate)"], "Plans": [{"Node Type": "Nested Loop", "Parent Relationship": "Outer", "Join Type": "Inner", "Startup Cost": 45452.32, "Total Cost": 818613.73, "Plan Rows": 5991, "Plan Width": 50, "Inner Unique": true, "Join Filter": "(supplier.s_nationkey = n2.n_nationkey)", "Plans": [{"Node Type": "Hash Join", "Parent Relationship": "Outer", "Join Type": "Inner", "Startup Cost": 45452.32, "Total Cost": 816350.82, "Plan Rows": 5991, "Plan Width": 28, "Inner Unique": false, "Hash Cond": "(orders.o_custkey = customer.c_custkey)", "Plans": [{"Node Type": "Hash Join", "Parent Relationship": "Outer", "Join Type": "Inner", "Startup Cost": 4537.47, "Total Cost": 775184.07, "Plan Rows": 51198, "Plan Width": 36, "Inner Unique": true, "Hash Cond": "(lineitem.l_suppkey = supplier.s_suppkey)", "Plans": [{"Node Type": "Nested Loop", "Parent Relationship": "Outer", "Join Type": "Inner", "Startup Cost": 4.47, "Total Cost": 770271.73, "Plan Rows": 86479, "Plan Width": 40, "Inner Unique": true, "Plans": [{"Node Type": "Nested Loop", "Parent Relationship": "Outer", "Join Type": "Inner", "Startup Cost": 4.21, "Total Cost": 450147.9, "Plan Rows": 74637, "Plan Width": 32, "Inner Unique": false, "Plans": [{"Node Type": "Seq Scan", "Parent Relationship": "Outer", "Relation Name": "part", "Alias": "part", "Startup Cost": 0.0, "Total Cost": 66944.0, "Plan Rows": 13538, "Plan Width": 8, "Filter": "((p_type)::text = 'SMALL PLATED COPPER'::text)"}, {"Node Type": "Bitmap Heap Scan", "Parent Relationship": "Inner", "Relation Name": "lineitem", "Alias": "lineitem", "Startup Cost": 4.21, "Total Cost": 28.25, "Plan Rows": 6, "Plan Width": 40, "Recheck Cond": "(l_partkey = part.p_partkey)", "Plans": [{"Node Type": "Bitmap Index Scan", "Parent Relationship": "Outer", "Index Name": "idx_lineitem_part_supp", "Startup Cost": 0.0, "Total Cost": 4.21, "Plan Rows": 6, "Plan Width": 0, "Index Cond": "(l_partkey = part.p_partkey)"}]}]}, {"Node Type": "Bitmap Heap Scan", "Parent Relationship": "Inner", "Relation Name": "orders", "Alias": "orders", "Startup Cost": 0.26, "Total Cost": 4.28, "Plan Rows": 1, "Plan Width": 24, "Recheck Cond": "(o_orderkey = lineitem.l_orderkey)", "Filter": "((o_orderdate >= '1995-01-01 00:00:00'::timestamp(0) without time zone) AND (o_orderdate <= '1996-12-31 00:00:00'::timestamp(0) without time zone))", "Plans": [{"Node Type": "Bitmap Index Scan", "Parent Relationship": "Outer", "Index Name": "orders_pkey", "Startup Cost": 0.0, "Total Cost": 0.26, "Plan Rows": 1, "Plan Width": 0, "Index Cond": "(o_orderkey = lineitem.l_orderkey)"}]}]}, {"Node Type": "Hash", "Parent Relationship": "Inner", "Startup Cost": 3283.0, "Total Cost": 3283.0, "Plan Rows": 100000, "Plan Width": 12, "Plans": [{"Node Type": "Seq Scan", "Parent Relationship": "Outer", "Relation Name": "supplier", "Alias": "supplier", "Startup Cost": 0.0, "Total Cost": 3283.0, "Plan Rows": 100000, "Plan Width": 12}]}]}, {"Node Type": "Hash", "Parent Relationship": "Inner", "Startup Cost": 37164.85, "Total Cost": 37164.85, "Plan Rows": 300000, "Plan Width": 8, "Plans": [{"Node Type": "Nested Loop", "Parent Relationship": "Outer", "Join Type": "Inner", "Startup Cost": 1031.44, "Total Cost": 37164.85, "Plan Rows": 300000, "Plan Width": 8, "Inner Unique": false, "Plans": [{"Node Type": "Hash Join", "Parent Relationship": "Outer", "Join Type": "Inner", "Startup Cost": 1.07, "Total Cost": 2.44, "Plan Rows": 5, "Plan Width": 4, "Inner Unique": true, "Hash Cond": "(n1.n_regionkey = region.r_regionkey)", "Plans": [{"Node Type": "Seq Scan", "Parent Relationship": "Outer", "Relation Name": "nation", "Alias": "n1", "Startup Cost": 0.0, "Total Cost": 1.25, "Plan Rows": 25, "Plan Width": 8}, {"Node Type": "Hash", "Parent Relationship": "Inner", "Startup Cost": 1.06, "Total Cost": 1.06, "Plan Rows": 1, "Plan Width": 4, "Plans": [{"Node Type": "Seq Scan", "Parent Relationship": "Outer", "Relation Name": "region", "Alias": "region", "Startup Cost": 0.0, "Total Cost": 1.06, "Plan Rows": 1, "Plan Width": 4, "Filter": "(r_name = 'ASIA'::bpchar)"}]}]}, {"Node Type": "Bitmap Heap Scan", "Parent Relationship": "Inner", "Relation Name": "customer", "Alias": "customer", "Startup Cost": 1030.37, "Total Cost": 6832.48, "Plan Rows": 60000, "Plan Width": 12, "Recheck Cond": "(c_nationkey = n1.n_nationkey)", "Plans": [{"Node Type": "Bitmap Index Scan", "Parent Relationship": "Outer", "Index Name": "idx_customer_nationkey", "Startup Cost": 0.0, "Total Cost": 1015.37, "Plan Rows": 60000, "Plan Width": 0, "Index Cond": "(c_nationkey = n1.n_nationkey)"}]}]}]}]}, {"Node Type": "Materialize", "Parent Relationship": "Inner", "Startup Cost": 0.0, "Total Cost": 1.38, "Plan Rows": 25, "Plan Width": 30, "Plans": [{"Node Type": "Seq Scan", "Parent Relationship": "Outer", "Relation Name": "nation", "Alias": "n2", "Startup Cost": 0.0, "Total Cost": 1.25, "Plan Rows": 25, "Plan Width": 30}]}]}]}]}, "Unique SQL Id": 3681808042, "Planner Runtime": 9}, "explain_analyze_plan": {"Plan": {"Node Type": "Sort", "Startup Cost": 818733.87, "Total Cost": 818733.89, "Plan Rows": 10, "Plan Width": 66, "Actual Startup Time": 7454.097, "Actual Total Time": 7454.098, "Actual Rows": 2, "Actual Loops": 1, "Sort Key": ["(date_part('year'::text, orders.o_orderdate))"], "Sort Method": "quicksort", "Sort Space Used": 25, "Sort Space Type": "Memory", "Plans": [{"Node Type": "Aggregate", "Strategy": "Hashed", "Parent Relationship": "Outer", "Startup Cost": 818733.55, "Total Cost": 818733.7, "Plan Rows": 10, "Plan Width": 66, "Actual Startup Time": 7454.051, "Actual Total Time": 7454.06, "Actual Rows": 2, "Actual Loops": 1, "Group By Key": ["date_part('year'::text, orders.o_orderdate)"], "Plans": [{"Node Type": "Nested Loop", "Parent Relationship": "Outer", "Join Type": "Inner", "Startup Cost": 45452.32, "Total Cost": 818613.73, "Plan Rows": 5991, "Plan Width": 50, "Actual Startup Time": 772.313, "Actual Total Time": 7413.286, "Actual Rows": 23929, "Actual Loops": 1, "Inner Unique": true, "Join Filter": "(supplier.s_nationkey = n2.n_nationkey)", "Rows Removed by Join Filter": 288173, "Plans": [{"Node Type": "Hash Join", "Parent Relationship": "Outer", "Join Type": "Inner", "Startup Cost": 45452.32, "Total Cost": 816350.82, "Plan Rows": 5991, "Plan Width": 28, "Actual Startup Time": 772.257, "Actual Total Time": 7291.072, "Actual Rows": 23929, "Actual Loops": 1, "Inner Unique": false, "Hash Cond": "(orders.o_custkey = customer.c_custkey)", "Plans": [{"Node Type": "Hash Join", "Parent Relationship": "Outer", "Join Type": "Inner", "Startup Cost": 4537.47, "Total Cost": 775184.07, "Plan Rows": 51198, "Plan Width": 36, "Actual Startup Time": 64.234, "Actual Total Time": 6502.347, "Actual Rows": 119765, "Actual Loops": 1, "Inner Unique": true, "Hash Cond": "(lineitem.l_suppkey = supplier.s_suppkey)", "Plans": [{"Node Type": "Nested Loop", "Parent Relationship": "Outer", "Join Type": "Inner", "Startup Cost": 4.47, "Total Cost": 770271.73, "Plan Rows": 86479, "Plan Width": 40, "Actual Startup Time": 0.146, "Actual Total Time": 6345.996, "Actual Rows": 119765, "Actual Loops": 1, "Inner Unique": true, "Plans": [{"Node Type": "Nested Loop", "Parent Relationship": "Outer", "Join Type": "Inner", "Startup Cost": 4.21, "Total Cost": 450147.9, "Plan Rows": 74637, "Plan Width": 32, "Actual Startup Time": 0.087, "Actual Total Time": 2263.022, "Actual Rows": 395341, "Actual Loops": 1, "Inner Unique": false, "Plans": [{"Node Type": "Seq Scan", "Parent Relationship": "Outer", "Relation Name": "part", "Alias": "part", "Startup Cost": 0.0, "Total Cost": 66944.0, "Plan Rows": 13538, "Plan Width": 8, "Actual Startup Time": 0.039, "Actual Total Time": 775.903, "Actual Rows": 13163, "Actual Loops": 1, "Filter": "((p_type)::text = 'SMALL PLATED COPPER'::text)", "Rows Removed by Filter": 1986837}, {"Node Type": "Bitmap Heap Scan", "Parent Relationship": "Inner", "Relation Name": "lineitem", "Alias": "lineitem", "Startup Cost": 4.21, "Total Cost": 28.25, "Plan Rows": 6, "Plan Width": 40, "Actual Startup Time": 265.701, "Actual Total Time": 1366.789, "Actual Rows": 395341, "Actual Loops": 13163, "Recheck Cond": "(l_partkey = part.p_partkey)", "Rows Removed by Index Recheck": 0, "Exact Heap Blocks": 395337, "Lossy Heap Blocks": 395337, "Plans": [{"Node Type": "Bitmap Index Scan", "Parent Relationship": "Outer", "Index Name": "idx_lineitem_part_supp", "Startup Cost": 0.0, "Total Cost": 4.21, "Plan Rows": 6, "Plan Width": 0, "Actual Startup Time": 168.578, "Actual Total Time": 168.578, "Actual Rows": 395341, "Actual Loops": 13163, "Index Cond": "(l_partkey = part.p_partkey)"}]}]}, {"Node Type": "Bitmap Heap Scan", "Parent Relationship": "Inner", "Relation Name": "orders", "Alias": "orders", "Startup Cost": 0.26, "Total Cost": 4.28, "Plan Rows": 1, "Plan Width": 24, "Actual Startup Time": 3600.993, "Actual Total Time": 3600.993, "Actual Rows": 119765, "Actual Loops": 395341, "Recheck Cond": "(o_orderkey = lineitem.l_orderkey)", "Rows Removed by Index Recheck": 0, "Filter": "((o_orderdate >= '1995-01-01 00:00:00'::timestamp(0) without time zone) AND (o_orderdate <= '1996-12-31 00:00:00'::timestamp(0) without time zone))", "Rows Removed by Filter": 275576, "Exact Heap Blocks": 395341, "Lossy Heap Blocks": 395341, "Plans": [{"Node Type": "Bitmap Index Scan", "Parent Relationship": "Outer", "Index Name": "orders_pkey", "Startup Cost": 0.0, "Total Cost": 0.26, "Plan Rows": 1, "Plan Width": 0, "Actual Startup Time": 2210.503, "Actual Total Time": 2210.503, "Actual Rows": 395341, "Actual Loops": 395341, "Index Cond": "(o_orderkey = lineitem.l_orderkey)"}]}]}, {"Node Type": "Hash", "Parent Relationship": "Inner", "Startup Cost": 3283.0, "Total Cost": 3283.0, "Plan Rows": 100000, "Plan Width": 12, "Actual Startup Time": 63.97, "Actual Total Time": 63.97, "Actual Rows": 100000, "Actual Loops": 1, "Hash Buckets": 131072, "Hash Batches": 1, "Original Hash Batches": 1, "Peak Memory Usage": 4297, "Plans": [{"Node Type": "Seq Scan", "Parent Relationship": "Outer", "Relation Name": "supplier", "Alias": "supplier", "Startup Cost": 0.0, "Total Cost": 3283.0, "Plan Rows": 100000, "Plan Width": 12, "Actual Startup Time": 0.009, "Actual Total Time": 36.461, "Actual Rows": 100000, "Actual Loops": 1}]}]}, {"Node Type": "Hash", "Parent Relationship": "Inner", "Startup Cost": 37164.85, "Total Cost": 37164.85, "Plan Rows": 300000, "Plan Width": 8, "Actual Startup Time": 707.576, "Actual Total Time": 707.576, "Actual Rows": 300270, "Actual Loops": 1, "Hash Buckets": 524288, "Hash Batches": 1, "Original Hash Batches": 1, "Peak Memory Usage": 11730, "Plans": [{"Node Type": "Nested Loop", "Parent Relationship": "Outer", "Join Type": "Inner", "Startup Cost": 1031.44, "Total Cost": 37164.85, "Plan Rows": 300000, "Plan Width": 8, "Actual Startup Time": 18.288, "Actual Total Time": 614.93, "Actual Rows": 300270, "Actual Loops": 1, "Inner Unique": false, "Plans": [{"Node Type": "Hash Join", "Parent Relationship": "Outer", "Join Type": "Inner", "Startup Cost": 1.07, "Total Cost": 2.44, "Plan Rows": 5, "Plan Width": 4, "Actual Startup Time": 0.078, "Actual Total Time": 0.16, "Actual Rows": 5, "Actual Loops": 1, "Inner Unique": true, "Hash Cond": "(n1.n_regionkey = region.r_regionkey)", "Plans": [{"Node Type": "Seq Scan", "Parent Relationship": "Outer", "Relation Name": "nation", "Alias": "n1", "Startup Cost": 0.0, "Total Cost": 1.25, "Plan Rows": 25, "Plan Width": 8, "Actual Startup Time": 0.021, "Actual Total Time": 0.043, "Actual Rows": 25, "Actual Loops": 1}, {"Node Type": "Hash", "Parent Relationship": "Inner", "Startup Cost": 1.06, "Total Cost": 1.06, "Plan Rows": 1, "Plan Width": 4, "Actual Startup Time": 0.018, "Actual Total Time": 0.018, "Actual Rows": 1, "Actual Loops": 1, "Hash Buckets": 32768, "Hash Batches": 1, "Original Hash Batches": 1, "Peak Memory Usage": 1, "Plans": [{"Node Type": "Seq Scan", "Parent Relationship": "Outer", "Relation Name": "region", "Alias": "region", "Startup Cost": 0.0, "Total Cost": 1.06, "Plan Rows": 1, "Plan Width": 4, "Actual Startup Time": 0.012, "Actual Total Time": 0.013, "Actual Rows": 1, "Actual Loops": 1, "Filter": "(r_name = 'ASIA'::bpchar)", "Rows Removed by Filter": 4}]}]}, {"Node Type": "Bitmap Heap Scan", "Parent Relationship": "Inner", "Relation Name": "customer", "Alias": "customer", "Startup Cost": 1030.37, "Total Cost": 6832.48, "Plan Rows": 60000, "Plan Width": 12, "Actual Startup Time": 97.989, "Actual Total Time": 555.861, "Actual Rows": 300270, "Actual Loops": 5, "Recheck Cond": "(c_nationkey = n1.n_nationkey)", "Rows Removed by Index Recheck": 0, "Exact Heap Blocks": 150032, "Lossy Heap Blocks": 150032, "Plans": [{"Node Type": "Bitmap Index Scan", "Parent Relationship": "Outer", "Index Name": "idx_customer_nationkey", "Startup Cost": 0.0, "Total Cost": 1015.37, "Plan Rows": 60000, "Plan Width": 0, "Actual Startup Time": 65.109, "Actual Total Time": 65.109, "Actual Rows": 300270, "Actual Loops": 5, "Index Cond": "(c_nationkey = n1.n_nationkey)"}]}]}]}]}, {"Node Type": "Materialize", "Parent Relationship": "Inner", "Startup Cost": 0.0, "Total Cost": 1.38, "Plan Rows": 25, "Plan Width": 30, "Actual Startup Time": 3.386, "Actual Total Time": 28.671, "Actual Rows": 312102, "Actual Loops": 23929, "Plans": [{"Node Type": "Seq Scan", "Parent Relationship": "Outer", "Relation Name": "nation", "Alias": "n2", "Startup Cost": 0.0, "Total Cost": 1.25, "Plan Rows": 25, "Plan Width": 30, "Actual Startup Time": 0.015, "Actual Total Time": 0.019, "Actual Rows": 25, "Actual Loops": 1}]}]}]}]}, "Triggers": [], "Planner Runtime": 6, "Total Runtime": 7454.653, "Unique SQL Id": 3681808042}}, "(16, 3)": {"explain_plan": {"Plan": {"Node Type": "Sort", "Startup Cost": 66661878.45, "Total Cost": 66661878.48, "Plan Rows": 10, "Plan Width": 66, "Sort Key": ["(date_part('year'::text, orders.o_orderdate))"], "Plans": [{"Node Type": "Aggregate", "Strategy": "Hashed", "Parent Relationship": "Outer", "Startup Cost": 66661878.14, "Total Cost": 66661878.29, "Plan Rows": 10, "Plan Width": 66, "Group By Key": ["date_part('year'::text, orders.o_orderdate)"], "Plans": [{"Node Type": "Nested Loop", "Parent Relationship": "Outer", "Join Type": "Inner", "Startup Cost": 115915.31, "Total Cost": 66661758.32, "Plan Rows": 5991, "Plan Width": 50, "Inner Unique": true, "Plans": [{"Node Type": "Nested Loop", "Parent Relationship": "Outer", "Join Type": "Inner", "Startup Cost": 115915.05, "Total Cost": 66636099.88, "Plan Rows": 5991, "Plan Width": 28, "Inner Unique": true, "Plans": [{"Node Type": "Nested Loop", "Parent Relationship": "Outer", "Join Type": "Inner", "Startup Cost": 115914.79, "Total Cost": 66562068.23, "Plan Rows": 17296, "Plan Width": 32, "Inner Unique": true, "Plans": [{"Node Type": "Nested Loop", "Parent Relationship": "Outer", "Join Type": "Inner", "Startup Cost": 115914.53, "Total Cost": 45938880.46, "Plan Rows": 4814867, "Plan Width": 40, "Inner Unique": false, "Plans": [{"Node Type": "Nested Loop", "Parent Relationship": "Outer", "Join Type": "Inner", "Startup Cost": 115914.01, "Total Cost": 43432501.27, "Plan Rows": 530296, "Plan Width": 16, "Inner Unique": true, "Plans": [{"Node Type": "Nested Loop", "Parent Relationship": "Outer", "Join Type": "Inner", "Startup Cost": 115913.43, "Total Cost": 31228406.3, "Plan Rows": 2651479, "Plan Width": 20, "Inner Unique": true, "Plans": [{"Node Type": "Nested Loop", "Parent Relationship": "Outer", "Join Type": "Inner", "Startup Cost": 115913.17, "Total Cost": 19879399.17, "Plan Rows": 2651479, "Plan Width": 20, "Inner Unique": true, "Plans": [{"Node Type": "Bitmap Heap Scan", "Parent Relationship": "Outer", "Relation Name": "orders", "Alias": "orders", "Startup Cost": 115912.91, "Total Cost": 460311.42, "Plan Rows": 4531967, "Plan Width": 24, "Recheck Cond": "((o_orderdate >= '1995-01-01 00:00:00'::timestamp(0) without time zone) AND (o_orderdate <= '1996-12-31 00:00:00'::timestamp(0) without time zone)), (LLVM Optimized)", "Plans": [{"Node Type": "Bitmap Index Scan", "Parent Relationship": "Outer", "Index Name": "idx_orders_orderdate", "Startup Cost": 0.0, "Total Cost": 114779.92, "Plan Rows": 4531967, "Plan Width": 0, "Index Cond": "((o_orderdate >= '1995-01-01 00:00:00'::timestamp(0) without time zone) AND (o_orderdate <= '1996-12-31 00:00:00'::timestamp(0) without time zone))"}]}, {"Node Type": "Bitmap Heap Scan", "Parent Relationship": "Inner", "Relation Name": "customer", "Alias": "customer", "Startup Cost": 0.26, "Total Cost": 4.27, "Plan Rows": 1, "Plan Width": 12, "Recheck Cond": "(c_custkey = orders.o_custkey)", "Plans": [{"Node Type": "Bitmap Index Scan", "Parent Relationship": "Outer", "Index Name": "customer_pkey", "Startup Cost": 0.0, "Total Cost": 0.26, "Plan Rows": 1, "Plan Width": 0, "Index Cond": "(c_custkey = orders.o_custkey)"}]}]}, {"Node Type": "Bitmap Heap Scan", "Parent Relationship": "Inner", "Relation Name": "nation", "Alias": "n1", "Startup Cost": 0.26, "Total Cost": 4.27, "Plan Rows": 1, "Plan Width": 8, "Recheck Cond": "(n_nationkey = customer.c_nationkey)", "Plans": [{"Node Type": "Bitmap Index Scan", "Parent Relationship": "Outer", "Index Name": "nation_pkey", "Startup Cost": 0.0, "Total Cost": 0.26, "Plan Rows": 1, "Plan Width": 0, "Index Cond": "(n_nationkey = customer.c_nationkey)"}]}]}, {"Node Type": "Bitmap Heap Scan", "Parent Relationship": "Inner", "Relation Name": "region", "Alias": "region", "Startup Cost": 0.58, "Total Cost": 4.59, "Plan Rows": 1, "Plan Width": 4, "Recheck Cond": "(r_regionkey = n1.n_regionkey)", "Filter": "(r_name = 'ASIA'::bpchar)", "Plans": [{"Node Type": "Bitmap Index Scan", "Parent Relationship": "Outer", "Index Name": "region_pkey", "Startup Cost": 0.0, "Total Cost": 0.58, "Plan Rows": 1, "Plan Width": 0, "Index Cond": "(r_regionkey = n1.n_regionkey)"}]}]}, {"Node Type": "Bitmap Heap Scan", "Parent Relationship": "Inner", "Relation Name": "lineitem", "Alias": "lineitem", "Startup Cost": 0.52, "Total Cost": 4.64, "Plan Rows": 9, "Plan Width": 40, "Recheck Cond": "(l_orderkey = orders.o_orderkey)", "Plans": [{"Node Type": "Bitmap Index Scan", "Parent Relationship": "Outer", "Index Name": "idx_lineitem_orderkey", "Startup Cost": 0.0, "Total Cost": 0.52, "Plan Rows": 9, "Plan Width": 0, "Index Cond": "(l_orderkey = orders.o_orderkey)"}]}]}, {"Node Type": "Bitmap Heap Scan", "Parent Relationship": "Inner", "Relation Name": "part", "Alias": "part", "Startup Cost": 0.26, "Total Cost": 4.27, "Plan Rows": 1, "Plan Width": 8, "Recheck Cond": "(p_partkey = lineitem.l_partkey)", "Filter": "((p_type)::text = 'SMALL PLATED COPPER'::text)", "Plans": [{"Node Type": "Bitmap Index Scan", "Parent Relationship": "Outer", "Index Name": "part_kpey", "Startup Cost": 0.0, "Total Cost": 0.26, "Plan Rows": 1, "Plan Width": 0, "Index Cond": "(p_partkey = lineitem.l_partkey)"}]}]}, {"Node Type": "Bitmap Heap Scan", "Parent Relationship": "Inner", "Relation Name": "supplier", "Alias": "supplier", "Startup Cost": 0.26, "Total Cost": 4.27, "Plan Rows": 1, "Plan Width": 12, "Recheck Cond": "(s_suppkey = lineitem.l_suppkey)", "Plans": [{"Node Type": "Bitmap Index Scan", "Parent Relationship": "Outer", "Index Name": "supplier_pkey", "Startup Cost": 0.0, "Total Cost": 0.26, "Plan Rows": 1, "Plan Width": 0, "Index Cond": "(s_suppkey = lineitem.l_suppkey)"}]}]}, {"Node Type": "Bitmap Heap Scan", "Parent Relationship": "Inner", "Relation Name": "nation", "Alias": "n2", "Startup Cost": 0.26, "Total Cost": 4.27, "Plan Rows": 1, "Plan Width": 30, "Recheck Cond": "(n_nationkey = supplier.s_nationkey)", "Plans": [{"Node Type": "Bitmap Index Scan", "Parent Relationship": "Outer", "Index Name": "nation_pkey", "Startup Cost": 0.0, "Total Cost": 0.26, "Plan Rows": 1, "Plan Width": 0, "Index Cond": "(n_nationkey = supplier.s_nationkey)"}]}]}]}]}, "Unique SQL Id": 3681808042, "Planner Runtime": 5}, "explain_analyze_plan": null}, "(16, 4)": {"explain_plan": {"Plan": {"Node Type": "Sort", "Startup Cost": 486630.31, "Total Cost": 486630.33, "Plan Rows": 10, "Plan Width": 66, "Sort Key": ["(date_part('year'::text, orders.o_orderdate))"], "Plans": [{"Node Type": "Aggregate", "Strategy": "Hashed", "Parent Relationship": "Outer", "Startup Cost": 486629.99, "Total Cost": 486630.14, "Plan Rows": 10, "Plan Width": 66, "Group By Key": ["date_part('year'::text, orders.o_orderdate)"], "Plans": [{"Node Type": "Hash Join", "Parent Relationship": "Outer", "Join Type": "Inner", "Startup Cost": 4536.12, "Total Cost": 486510.17, "Plan Rows": 5991, "Plan Width": 50, "Inner Unique": true, "Hash Cond": "(supplier.s_nationkey = n2.n_nationkey)", "Plans": [{"Node Type": "Nested Loop", "Parent Relationship": "Outer", "Join Type": "Inner", "Startup Cost": 4534.56, "Total Cost": 486417.81, "Plan Rows": 5991, "Plan Width": 28, "Inner Unique": false, "Join Filter": "(n1.n_regionkey = region.r_regionkey)", "Plans": [{"Node Type": "Seq Scan", "Parent Relationship": "Outer", "Relation Name": "region", "Alias": "region", "Startup Cost": 0.0, "Total Cost": 1.06, "Plan Rows": 1, "Plan Width": 4, "Filter": "(r_name = 'ASIA'::bpchar)"}, {"Node Type": "Hash Join", "Parent Relationship": "Inner", "Join Type": "Inner", "Startup Cost": 4534.56, "Total Cost": 486042.32, "Plan Rows": 29954, "Plan Width": 32, "Inner Unique": true, "Hash Cond": "(customer.c_nationkey = n1.n_nationkey)", "Plans": [{"Node Type": "Nested Loop", "Parent Relationship": "Outer", "Join Type": "Inner", "Startup Cost": 4533.0, "Total Cost": 485661.65, "Plan Rows": 29954, "Plan Width": 32, "Inner Unique": true, "Plans": [{"Node Type": "Hash Join", "Parent Relationship": "Outer", "Join Type": "Inner", "Startup Cost": 4533.0, "Total Cost": 469409.78, "Plan Rows": 51198, "Plan Width": 36, "Inner Unique": true, "Hash Cond": "(lineitem.l_suppkey = supplier.s_suppkey)", "Plans": [{"Node Type": "Nested Loop", "Parent Relationship": "Outer", "Join Type": "Inner", "Startup Cost": 0.0, "Total Cost": 464497.44, "Plan Rows": 86479, "Plan Width": 40, "Inner Unique": true, "Plans": [{"Node Type": "Nested Loop", "Parent Relationship": "Outer", "Join Type": "Inner", "Startup Cost": 0.0, "Total Cost": 441564.57, "Plan Rows": 74637, "Plan Width": 32, "Inner Unique": false, "Plans": [{"Node Type": "Seq Scan", "Parent Relationship": "Outer", "Relation Name": "part", "Alias": "part", "Startup Cost": 0.0, "Total Cost": 66944.0, "Plan Rows": 13538, "Plan Width": 8, "Filter": "((p_type)::text = 'SMALL PLATED COPPER'::text)"}, {"Node Type": "Index Scan", "Parent Relationship": "Inner", "Scan Direction": "Forward", "Index Name": "idx_lineitem_part_supp", "Relation Name": "lineitem", "Alias": "lineitem", "Startup Cost": 0.0, "Total Cost": 27.61, "Plan Rows": 6, "Plan Width": 40, "Index Cond": "(l_partkey = part.p_partkey)"}]}, {"Node Type": "Index Scan", "Parent Relationship": "Inner", "Scan Direction": "Forward", "Index Name": "orders_pkey", "Relation Name": "orders", "Alias": "orders", "Startup Cost": 0.0, "Total Cost": 0.3, "Plan Rows": 1, "Plan Width": 24, "Index Cond": "(o_orderkey = lineitem.l_orderkey)", "Filter": "((o_orderdate >= '1995-01-01 00:00:00'::timestamp(0) without time zone) AND (o_orderdate <= '1996-12-31 00:00:00'::timestamp(0) without time zone))"}]}, {"Node Type": "Hash", "Parent Relationship": "Inner", "Startup Cost": 3283.0, "Total Cost": 3283.0, "Plan Rows": 100000, "Plan Width": 12, "Plans": [{"Node Type": "Seq Scan", "Parent Relationship": "Outer", "Relation Name": "supplier", "Alias": "supplier", "Startup Cost": 0.0, "Total Cost": 3283.0, "Plan Rows": 100000, "Plan Width": 12}]}]}, {"Node Type": "Index Scan", "Parent Relationship": "Inner", "Scan Direction": "Forward", "Index Name": "customer_pkey", "Relation Name": "customer", "Alias": "customer", "Startup Cost": 0.0, "Total Cost": 0.31, "Plan Rows": 1, "Plan Width": 12, "Index Cond": "(c_custkey = orders.o_custkey)"}]}, {"Node Type": "Hash", "Parent Relationship": "Inner", "Startup Cost": 1.25, "Total Cost": 1.25, "Plan Rows": 25, "Plan Width": 8, "Plans": [{"Node Type": "Seq Scan", "Parent Relationship": "Outer", "Relation Name": "nation", "Alias": "n1", "Startup Cost": 0.0, "Total Cost": 1.25, "Plan Rows": 25, "Plan Width": 8}]}]}]}, {"Node Type": "Hash", "Parent Relationship": "Inner", "Startup Cost": 1.25, "Total Cost": 1.25, "Plan Rows": 25, "Plan Width": 30, "Plans": [{"Node Type": "Seq Scan", "Parent Relationship": "Outer", "Relation Name": "nation", "Alias": "n2", "Startup Cost": 0.0, "Total Cost": 1.25, "Plan Rows": 25, "Plan Width": 30}]}]}]}]}, "Unique SQL Id": 3681808042, "Planner Runtime": 8}, "explain_analyze_plan": {"Plan": {"Node Type": "Sort", "Startup Cost": 486630.31, "Total Cost": 486630.33, "Plan Rows": 10, "Plan Width": 66, "Actual Startup Time": 6657.822, "Actual Total Time": 6657.822, "Actual Rows": 2, "Actual Loops": 1, "Sort Key": ["(date_part('year'::text, orders.o_orderdate))"], "Sort Method": "quicksort", "Sort Space Used": 25, "Sort Space Type": "Memory", "Plans": [{"Node Type": "Aggregate", "Strategy": "Hashed", "Parent Relationship": "Outer", "Startup Cost": 486629.99, "Total Cost": 486630.14, "Plan Rows": 10, "Plan Width": 66, "Actual Startup Time": 6657.801, "Actual Total Time": 6657.801, "Actual Rows": 2, "Actual Loops": 1, "Group By Key": ["date_part('year'::text, orders.o_orderdate)"], "Plans": [{"Node Type": "Hash Join", "Parent Relationship": "Outer", "Join Type": "Inner", "Startup Cost": 4536.12, "Total Cost": 486510.17, "Plan Rows": 5991, "Plan Width": 50, "Actual Startup Time": 63.991, "Actual Total Time": 6619.798, "Actual Rows": 23929, "Actual Loops": 1, "Inner Unique": true, "Hash Cond": "(supplier.s_nationkey = n2.n_nationkey)", "Plans": [{"Node Type": "Nested Loop", "Parent Relationship": "Outer", "Join Type": "Inner", "Startup Cost": 4534.56, "Total Cost": 486417.81, "Plan Rows": 5991, "Plan Width": 28, "Actual Startup Time": 63.894, "Actual Total Time": 6584.866, "Actual Rows": 23929, "Actual Loops": 1, "Inner Unique": false, "Join Filter": "(n1.n_regionkey = region.r_regionkey)", "Rows Removed by Join Filter": 95836, "Plans": [{"Node Type": "Seq Scan", "Parent Relationship": "Outer", "Relation Name": "region", "Alias": "region", "Startup Cost": 0.0, "Total Cost": 1.06, "Plan Rows": 1, "Plan Width": 4, "Actual Startup Time": 0.01, "Actual Total Time": 0.014, "Actual Rows": 1, "Actual Loops": 1, "Filter": "(r_name = 'ASIA'::bpchar)", "Rows Removed by Filter": 4}, {"Node Type": "Hash Join", "Parent Relationship": "Inner", "Join Type": "Inner", "Startup Cost": 4534.56, "Total Cost": 486042.32, "Plan Rows": 29954, "Plan Width": 32, "Actual Startup Time": 63.701, "Actual Total Time": 6550.731, "Actual Rows": 119765, "Actual Loops": 1, "Inner Unique": true, "Hash Cond": "(customer.c_nationkey = n1.n_nationkey)", "Plans": [{"Node Type": "Nested Loop", "Parent Relationship": "Outer", "Join Type": "Inner", "Startup Cost": 4533.0, "Total Cost": 485661.65, "Plan Rows": 29954, "Plan Width": 32, "Actual Startup Time": 63.645, "Actual Total Time": 6479.463, "Actual Rows": 119765, "Actual Loops": 1, "Inner Unique": true, "Plans": [{"Node Type": "Hash Join", "Parent Relationship": "Outer", "Join Type": "Inner", "Startup Cost": 4533.0, "Total Cost": 469409.78, "Plan Rows": 51198, "Plan Width": 36, "Actual Startup Time": 63.597, "Actual Total Time": 5532.269, "Actual Rows": 119765, "Actual Loops": 1, "Inner Unique": true, "Hash Cond": "(lineitem.l_suppkey = supplier.s_suppkey)", "Plans": [{"Node Type": "Nested Loop", "Parent Relationship": "Outer", "Join Type": "Inner", "Startup Cost": 0.0, "Total Cost": 464497.44, "Plan Rows": 86479, "Plan Width": 40, "Actual Startup Time": 0.138, "Actual Total Time": 5382.924, "Actual Rows": 119765, "Actual Loops": 1, "Inner Unique": true, "Plans": [{"Node Type": "Nested Loop", "Parent Relationship": "Outer", "Join Type": "Inner", "Startup Cost": 0.0, "Total Cost": 441564.57, "Plan Rows": 74637, "Plan Width": 32, "Actual Startup Time": 0.036, "Actual Total Time": 1994.019, "Actual Rows": 395341, "Actual Loops": 1, "Inner Unique": false, "Plans": [{"Node Type": "Seq Scan", "Parent Relationship": "Outer", "Relation Name": "part", "Alias": "part", "Startup Cost": 0.0, "Total Cost": 66944.0, "Plan Rows": 13538, "Plan Width": 8, "Actual Startup Time": 0.014, "Actual Total Time": 761.161, "Actual Rows": 13163, "Actual Loops": 1, "Filter": "((p_type)::text = 'SMALL PLATED COPPER'::text)", "Rows Removed by Filter": 1986837}, {"Node Type": "Index Scan", "Parent Relationship": "Inner", "Scan Direction": "Forward", "Index Name": "idx_lineitem_part_supp", "Relation Name": "lineitem", "Alias": "lineitem", "Startup Cost": 0.0, "Total Cost": 27.61, "Plan Rows": 6, "Plan Width": 40, "Actual Startup Time": 155.365, "Actual Total Time": 1131.429, "Actual Rows": 395341, "Actual Loops": 13163, "Index Cond": "(l_partkey = part.p_partkey)", "Rows Removed by Index Recheck": 0}]}, {"Node Type": "Index Scan", "Parent Relationship": "Inner", "Scan Direction": "Forward", "Index Name": "orders_pkey", "Relation Name": "orders", "Alias": "orders", "Startup Cost": 0.0, "Total Cost": 0.3, "Plan Rows": 1, "Plan Width": 24, "Actual Startup Time": 3151.57, "Actual Total Time": 3151.57, "Actual Rows": 119765, "Actual Loops": 395341, "Index Cond": "(o_orderkey = lineitem.l_orderkey)", "Rows Removed by Index Recheck": 0, "Filter": "((o_orderdate >= '1995-01-01 00:00:00'::timestamp(0) without time zone) AND (o_orderdate <= '1996-12-31 00:00:00'::timestamp(0) without time zone))", "Rows Removed by Filter": 275576}]}, {"Node Type": "Hash", "Parent Relationship": "Inner", "Startup Cost": 3283.0, "Total Cost": 3283.0, "Plan Rows": 100000, "Plan Width": 12, "Actual Startup Time": 63.334, "Actual Total Time": 63.334, "Actual Rows": 100000, "Actual Loops": 1, "Hash Buckets": 131072, "Hash Batches": 1, "Original Hash Batches": 1, "Peak Memory Usage": 4297, "Plans": [{"Node Type": "Seq Scan", "Parent Relationship": "Outer", "Relation Name": "supplier", "Alias": "supplier", "Startup Cost": 0.0, "Total Cost": 3283.0, "Plan Rows": 100000, "Plan Width": 12, "Actual Startup Time": 0.012, "Actual Total Time": 36.132, "Actual Rows": 100000, "Actual Loops": 1}]}]}, {"Node Type": "Index Scan", "Parent Relationship": "Inner", "Scan Direction": "Forward", "Index Name": "customer_pkey", "Relation Name": "customer", "Alias": "customer", "Startup Cost": 0.0, "Total Cost": 0.31, "Plan Rows": 1, "Plan Width": 12, "Actual Startup Time": 838.481, "Actual Total Time": 838.481, "Actual Rows": 119765, "Actual Loops": 119765, "Index Cond": "(c_custkey = orders.o_custkey)", "Rows Removed by Index Recheck": 0}]}, {"Node Type": "Hash", "Parent Relationship": "Inner", "Startup Cost": 1.25, "Total Cost": 1.25, "Plan Rows": 25, "Plan Width": 8, "Actual Startup Time": 0.02, "Actual Total Time": 0.02, "Actual Rows": 25, "Actual Loops": 1, "Hash Buckets": 32768, "Hash Batches": 1, "Original Hash Batches": 1, "Peak Memory Usage": 1, "Plans": [{"Node Type": "Seq Scan", "Parent Relationship": "Outer", "Relation Name": "nation", "Alias": "n1", "Startup Cost": 0.0, "Total Cost": 1.25, "Plan Rows": 25, "Plan Width": 8, "Actual Startup Time": 0.007, "Actual Total Time": 0.012, "Actual Rows": 25, "Actual Loops": 1}]}]}]}, {"Node Type": "Hash", "Parent Relationship": "Inner", "Startup Cost": 1.25, "Total Cost": 1.25, "Plan Rows": 25, "Plan Width": 30, "Actual Startup Time": 0.04, "Actual Total Time": 0.04, "Actual Rows": 25, "Actual Loops": 1, "Hash Buckets": 32768, "Hash Batches": 1, "Original Hash Batches": 1, "Peak Memory Usage": 2, "Plans": [{"Node Type": "Seq Scan", "Parent Relationship": "Outer", "Relation Name": "nation", "Alias": "n2", "Startup Cost": 0.0, "Total Cost": 1.25, "Plan Rows": 25, "Plan Width": 30, "Actual Startup Time": 0.019, "Actual Total Time": 0.025, "Actual Rows": 25, "Actual Loops": 1}]}]}]}]}, "Triggers": [], "Planner Runtime": 5, "Total Runtime": 6658.228, "Unique SQL Id": 3681808042}}, "(16, 5)": {"explain_plan": {"Plan": {"Node Type": "Sort", "Startup Cost": 527575.13, "Total Cost": 527575.15, "Plan Rows": 10, "Plan Width": 66, "Sort Key": ["(date_part('year'::text, orders.o_orderdate))"], "Plans": [{"Node Type": "Aggregate", "Strategy": "Hashed", "Parent Relationship": "Outer", "Startup Cost": 527574.81, "Total Cost": 527574.96, "Plan Rows": 10, "Plan Width": 66, "Group By Key": ["date_part('year'::text, orders.o_orderdate)"], "Plans": [{"Node Type": "Hash Join", "Parent Relationship": "Outer", "Join Type": "Inner", "Startup Cost": 6610.42, "Total Cost": 527454.99, "Plan Rows": 5991, "Plan Width": 50, "Inner Unique": true, "Hash Cond": "(supplier.s_nationkey = n2.n_nationkey)", "Plans": [{"Node Type": "Nested Loop", "Parent Relationship": "Outer", "Join Type": "Inner", "Startup Cost": 6597.48, "Total Cost": 527351.25, "Plan Rows": 5991, "Plan Width": 28, "Inner Unique": false, "Join Filter": "(n1.n_regionkey = region.r_regionkey)", "Plans": [{"Node Type": "Index Scan", "Parent Relationship": "Outer", "Scan Direction": "Forward", "Index Name": "region_pkey", "Relation Name": "region", "Alias": "region", "Startup Cost": 0.0, "Total Cost": 12.34, "Plan Rows": 1, "Plan Width": 4, "Filter": "(r_name = 'ASIA'::bpchar)"}, {"Node Type": "Hash Join", "Parent Relationship": "Inner", "Join Type": "Inner", "Startup Cost": 6597.48, "Total Cost": 526964.49, "Plan Rows": 29954, "Plan Width": 32, "Inner Unique": true, "Hash Cond": "(customer.c_nationkey = n1.n_nationkey)", "Plans": [{"Node Type": "Nested Loop", "Parent Relationship": "Outer", "Join Type": "Inner", "Startup Cost": 6584.54, "Total Cost": 526572.45, "Plan Rows": 29954, "Plan Width": 32, "Inner Unique": true, "Plans": [{"Node Type": "Hash Join", "Parent Relationship": "Outer", "Join Type": "Inner", "Startup Cost": 6584.54, "Total Cost": 510320.57, "Plan Rows": 51198, "Plan Width": 36, "Inner Unique": true, "Hash Cond": "(lineitem.l_suppkey = supplier.s_suppkey)", "Plans": [{"Node Type": "Nested Loop", "Parent Relationship": "Outer", "Join Type": "Inner", "Startup Cost": 0.0, "Total Cost": 503356.69, "Plan Rows": 86479, "Plan Width": 40, "Inner Unique": true, "Plans": [{"Node Type": "Nested Loop", "Parent Relationship": "Outer", "Join Type": "Inner", "Startup Cost": 0.0, "Total Cost": 480423.82, "Plan Rows": 74637, "Plan Width": 32, "Inner Unique": false, "Plans": [{"Node Type": "Index Scan", "Parent Relationship": "Outer", "Scan Direction": "Forward", "Index Name": "part_kpey", "Relation Name": "part", "Alias": "part", "Startup Cost": 0.0, "Total Cost": 105803.25, "Plan Rows": 13538, "Plan Width": 8, "Filter": "((p_type)::text = 'SMALL PLATED COPPER'::text)"}, {"Node Type": "Index Scan", "Parent Relationship": "Inner", "Scan Direction": "Forward", "Index Name": "idx_lineitem_part_supp", "Relation Name": "lineitem", "Alias": "lineitem", "Startup Cost": 0.0, "Total Cost": 27.61, "Plan Rows": 6, "Plan Width": 40, "Index Cond": "(l_partkey = part.p_partkey)"}]}, {"Node Type": "Index Scan", "Parent Relationship": "Inner", "Scan Direction": "Forward", "Index Name": "orders_pkey", "Relation Name": "orders", "Alias": "orders", "Startup Cost": 0.0, "Total Cost": 0.3, "Plan Rows": 1, "Plan Width": 24, "Index Cond": "(o_orderkey = lineitem.l_orderkey)", "Filter": "((o_orderdate >= '1995-01-01 00:00:00'::timestamp(0) without time zone) AND (o_orderdate <= '1996-12-31 00:00:00'::timestamp(0) without time zone))"}]}, {"Node Type": "Hash", "Parent Relationship": "Inner", "Startup Cost": 5334.54, "Total Cost": 5334.54, "Plan Rows": 100000, "Plan Width": 12, "Plans": [{"Node Type": "Index Scan", "Parent Relationship": "Outer", "Scan Direction": "Forward", "Index Name": "supplier_pkey", "Relation Name": "supplier", "Alias": "supplier", "Startup Cost": 0.0, "Total Cost": 5334.54, "Plan Rows": 100000, "Plan Width": 12}]}]}, {"Node Type": "Index Scan", "Parent Relationship": "Inner", "Scan Direction": "Forward", "Index Name": "customer_pkey", "Relation Name": "customer", "Alias": "customer", "Startup Cost": 0.0, "Total Cost": 0.31, "Plan Rows": 1, "Plan Width": 12, "Index Cond": "(c_custkey = orders.o_custkey)"}]}, {"Node Type": "Hash", "Parent Relationship": "Inner", "Startup Cost": 12.62, "Total Cost": 12.62, "Plan Rows": 25, "Plan Width": 8, "Plans": [{"Node Type": "Index Scan", "Parent Relationship": "Outer", "Scan Direction": "Forward", "Index Name": "idx_nation_regionkey", "Relation Name": "nation", "Alias": "n1", "Startup Cost": 0.0, "Total Cost": 12.62, "Plan Rows": 25, "Plan Width": 8}]}]}]}, {"Node Type": "Hash", "Parent Relationship": "Inner", "Startup Cost": 12.62, "Total Cost": 12.62, "Plan Rows": 25, "Plan Width": 30, "Plans": [{"Node Type": "Index Scan", "Parent Relationship": "Outer", "Scan Direction": "Forward", "Index Name": "nation_pkey", "Relation Name": "nation", "Alias": "n2", "Startup Cost": 0.0, "Total Cost": 12.62, "Plan Rows": 25, "Plan Width": 30}]}]}]}]}, "Unique SQL Id": 3681808042, "Planner Runtime": 7}, "explain_analyze_plan": {"Plan": {"Node Type": "Sort", "Startup Cost": 527575.13, "Total Cost": 527575.15, "Plan Rows": 10, "Plan Width": 66, "Actual Startup Time": 7423.557, "Actual Total Time": 7423.558, "Actual Rows": 2, "Actual Loops": 1, "Sort Key": ["(date_part('year'::text, orders.o_orderdate))"], "Sort Method": "quicksort", "Sort Space Used": 25, "Sort Space Type": "Memory", "Plans": [{"Node Type": "Aggregate", "Strategy": "Hashed", "Parent Relationship": "Outer", "Startup Cost": 527574.81, "Total Cost": 527574.96, "Plan Rows": 10, "Plan Width": 66, "Actual Startup Time": 7423.523, "Actual Total Time": 7423.524, "Actual Rows": 2, "Actual Loops": 1, "Group By Key": ["date_part('year'::text, orders.o_orderdate)"], "Plans": [{"Node Type": "Hash Join", "Parent Relationship": "Outer", "Join Type": "Inner", "Startup Cost": 6610.42, "Total Cost": 527454.99, "Plan Rows": 5991, "Plan Width": 50, "Actual Startup Time": 97.403, "Actual Total Time": 7385.928, "Actual Rows": 23929, "Actual Loops": 1, "Inner Unique": true, "Hash Cond": "(supplier.s_nationkey = n2.n_nationkey)", "Plans": [{"Node Type": "Nested Loop", "Parent Relationship": "Outer", "Join Type": "Inner", "Startup Cost": 6597.48, "Total Cost": 527351.25, "Plan Rows": 5991, "Plan Width": 28, "Actual Startup Time": 97.231, "Actual Total Time": 7349.016, "Actual Rows": 23929, "Actual Loops": 1, "Inner Unique": false, "Join Filter": "(n1.n_regionkey = region.r_regionkey)", "Rows Removed by Join Filter": 95836, "Plans": [{"Node Type": "Index Scan", "Parent Relationship": "Outer", "Scan Direction": "Forward", "Index Name": "region_pkey", "Relation Name": "region", "Alias": "region", "Startup Cost": 0.0, "Total Cost": 12.34, "Plan Rows": 1, "Plan Width": 4, "Actual Startup Time": 0.024, "Actual Total Time": 0.142, "Actual Rows": 1, "Actual Loops": 1, "Filter": "(r_name = 'ASIA'::bpchar)", "Rows Removed by Filter": 4}, {"Node Type": "Hash Join", "Parent Relationship": "Inner", "Join Type": "Inner", "Startup Cost": 6597.48, "Total Cost": 526964.49, "Plan Rows": 29954, "Plan Width": 32, "Actual Startup Time": 97.012, "Actual Total Time": 7313.861, "Actual Rows": 119765, "Actual Loops": 1, "Inner Unique": true, "Hash Cond": "(customer.c_nationkey = n1.n_nationkey)", "Plans": [{"Node Type": "Nested Loop", "Parent Relationship": "Outer", "Join Type": "Inner", "Startup Cost": 6584.54, "Total Cost": 526572.45, "Plan Rows": 29954, "Plan Width": 32, "Actual Startup Time": 96.932, "Actual Total Time": 7244.756, "Actual Rows": 119765, "Actual Loops": 1, "Inner Unique": true, "Plans": [{"Node Type": "Hash Join", "Parent Relationship": "Outer", "Join Type": "Inner", "Startup Cost": 6584.54, "Total Cost": 510320.57, "Plan Rows": 51198, "Plan Width": 36, "Actual Startup Time": 96.902, "Actual Total Time": 6278.594, "Actual Rows": 119765, "Actual Loops": 1, "Inner Unique": true, "Hash Cond": "(lineitem.l_suppkey = supplier.s_suppkey)", "Plans": [{"Node Type": "Nested Loop", "Parent Relationship": "Outer", "Join Type": "Inner", "Startup Cost": 0.0, "Total Cost": 503356.69, "Plan Rows": 86479, "Plan Width": 40, "Actual Startup Time": 0.214, "Actual Total Time": 6094.059, "Actual Rows": 119765, "Actual Loops": 1, "Inner Unique": true, "Plans": [{"Node Type": "Nested Loop", "Parent Relationship": "Outer", "Join Type": "Inner", "Startup Cost": 0.0, "Total Cost": 480423.82, "Plan Rows": 74637, "Plan Width": 32, "Actual Startup Time": 0.077, "Actual Total Time": 2630.429, "Actual Rows": 395341, "Actual Loops": 1, "Inner Unique": false, "Plans": [{"Node Type": "Index Scan", "Parent Relationship": "Outer", "Scan Direction": "Forward", "Index Name": "part_kpey", "Relation Name": "part", "Alias": "part", "Startup Cost": 0.0, "Total Cost": 105803.25, "Plan Rows": 13538, "Plan Width": 8, "Actual Startup Time": 0.044, "Actual Total Time": 1377.295, "Actual Rows": 13163, "Actual Loops": 1, "Filter": "((p_type)::text = 'SMALL PLATED COPPER'::text)", "Rows Removed by Filter": 1986837}, {"Node Type": "Index Scan", "Parent Relationship": "Inner", "Scan Direction": "Forward", "Index Name": "idx_lineitem_part_supp", "Relation Name": "lineitem", "Alias": "lineitem", "Startup Cost": 0.0, "Total Cost": 27.61, "Plan Rows": 6, "Plan Width": 40, "Actual Startup Time": 157.831, "Actual Total Time": 1151.374, "Actual Rows": 395341, "Actual Loops": 13163, "Index Cond": "(l_partkey = part.p_partkey)", "Rows Removed by Index Recheck": 0}]}, {"Node Type": "Index Scan", "Parent Relationship": "Inner", "Scan Direction": "Forward", "Index Name": "orders_pkey", "Relation Name": "orders", "Alias": "orders", "Startup Cost": 0.0, "Total Cost": 0.3, "Plan Rows": 1, "Plan Width": 24, "Actual Startup Time": 3221.518, "Actual Total Time": 3221.518, "Actual Rows": 119765, "Actual Loops": 395341, "Index Cond": "(o_orderkey = lineitem.l_orderkey)", "Rows Removed by Index Recheck": 0, "Filter": "((o_orderdate >= '1995-01-01 00:00:00'::timestamp(0) without time zone) AND (o_orderdate <= '1996-12-31 00:00:00'::timestamp(0) without time zone))", "Rows Removed by Filter": 275576}]}, {"Node Type": "Hash", "Parent Relationship": "Inner", "Startup Cost": 5334.54, "Total Cost": 5334.54, "Plan Rows": 100000, "Plan Width": 12, "Actual Startup Time": 96.559, "Actual Total Time": 96.559, "Actual Rows": 100000, "Actual Loops": 1, "Hash Buckets": 131072, "Hash Batches": 1, "Original Hash Batches": 1, "Peak Memory Usage": 4297, "Plans": [{"Node Type": "Index Scan", "Parent Relationship": "Outer", "Scan Direction": "Forward", "Index Name": "supplier_pkey", "Relation Name": "supplier", "Alias": "supplier", "Startup Cost": 0.0, "Total Cost": 5334.54, "Plan Rows": 100000, "Plan Width": 12, "Actual Startup Time": 0.026, "Actual Total Time": 69.134, "Actual Rows": 100000, "Actual Loops": 1}]}]}, {"Node Type": "Index Scan", "Parent Relationship": "Inner", "Scan Direction": "Forward", "Index Name": "customer_pkey", "Relation Name": "customer", "Alias": "customer", "Startup Cost": 0.0, "Total Cost": 0.31, "Plan Rows": 1, "Plan Width": 12, "Actual Startup Time": 855.847, "Actual Total Time": 855.847, "Actual Rows": 119765, "Actual Loops": 119765, "Index Cond": "(c_custkey = orders.o_custkey)", "Rows Removed by Index Recheck": 0}]}, {"Node Type": "Hash", "Parent Relationship": "Inner", "Startup Cost": 12.62, "Total Cost": 12.62, "Plan Rows": 25, "Plan Width": 8, "Actual Startup Time": 0.03, "Actual Total Time": 0.03, "Actual Rows": 25, "Actual Loops": 1, "Hash Buckets": 32768, "Hash Batches": 1, "Original Hash Batches": 1, "Peak Memory Usage": 1, "Plans": [{"Node Type": "Index Scan", "Parent Relationship": "Outer", "Scan Direction": "Forward", "Index Name": "idx_nation_regionkey", "Relation Name": "nation", "Alias": "n1", "Startup Cost": 0.0, "Total Cost": 12.62, "Plan Rows": 25, "Plan Width": 8, "Actual Startup Time": 0.009, "Actual Total Time": 0.02, "Actual Rows": 25, "Actual Loops": 1}]}]}]}, {"Node Type": "Hash", "Parent Relationship": "Inner", "Startup Cost": 12.62, "Total Cost": 12.62, "Plan Rows": 25, "Plan Width": 30, "Actual Startup Time": 0.08, "Actual Total Time": 0.08, "Actual Rows": 25, "Actual Loops": 1, "Hash Buckets": 32768, "Hash Batches": 1, "Original Hash Batches": 1, "Peak Memory Usage": 2, "Plans": [{"Node Type": "Index Scan", "Parent Relationship": "Outer", "Scan Direction": "Forward", "Index Name": "nation_pkey", "Relation Name": "nation", "Alias": "n2", "Startup Cost": 0.0, "Total Cost": 12.62, "Plan Rows": 25, "Plan Width": 30, "Actual Startup Time": 0.04, "Actual Total Time": 0.061, "Actual Rows": 25, "Actual Loops": 1}]}]}]}]}, "Triggers": [], "Planner Runtime": 4, "Total Runtime": 7424.152, "Unique SQL Id": 3681808042}}, "(16, 6)": {"explain_plan": {"Plan": {"Node Type": "Sort", "Startup Cost": 818733.87, "Total Cost": 818733.89, "Plan Rows": 10, "Plan Width": 66, "Sort Key": ["(date_part('year'::text, orders.o_orderdate))"], "Plans": [{"Node Type": "Aggregate", "Strategy": "Hashed", "Parent Relationship": "Outer", "Startup Cost": 818733.55, "Total Cost": 818733.7, "Plan Rows": 10, "Plan Width": 66, "Group By Key": ["date_part('year'::text, orders.o_orderdate)"], "Plans": [{"Node Type": "Nested Loop", "Parent Relationship": "Outer", "Join Type": "Inner", "Startup Cost": 45452.32, "Total Cost": 818613.73, "Plan Rows": 5991, "Plan Width": 50, "Inner Unique": true, "Join Filter": "(supplier.s_nationkey = n2.n_nationkey)", "Plans": [{"Node Type": "Hash Join", "Parent Relationship": "Outer", "Join Type": "Inner", "Startup Cost": 45452.32, "Total Cost": 816350.82, "Plan Rows": 5991, "Plan Width": 28, "Inner Unique": false, "Hash Cond": "(orders.o_custkey = customer.c_custkey)", "Plans": [{"Node Type": "Hash Join", "Parent Relationship": "Outer", "Join Type": "Inner", "Startup Cost": 4537.47, "Total Cost": 775184.07, "Plan Rows": 51198, "Plan Width": 36, "Inner Unique": true, "Hash Cond": "(lineitem.l_suppkey = supplier.s_suppkey)", "Plans": [{"Node Type": "Nested Loop", "Parent Relationship": "Outer", "Join Type": "Inner", "Startup Cost": 4.47, "Total Cost": 770271.73, "Plan Rows": 86479, "Plan Width": 40, "Inner Unique": true, "Plans": [{"Node Type": "Nested Loop", "Parent Relationship": "Outer", "Join Type": "Inner", "Startup Cost": 4.21, "Total Cost": 450147.9, "Plan Rows": 74637, "Plan Width": 32, "Inner Unique": false, "Plans": [{"Node Type": "Seq Scan", "Parent Relationship": "Outer", "Relation Name": "part", "Alias": "part", "Startup Cost": 0.0, "Total Cost": 66944.0, "Plan Rows": 13538, "Plan Width": 8, "Filter": "((p_type)::text = 'SMALL PLATED COPPER'::text)"}, {"Node Type": "Bitmap Heap Scan", "Parent Relationship": "Inner", "Relation Name": "lineitem", "Alias": "lineitem", "Startup Cost": 4.21, "Total Cost": 28.25, "Plan Rows": 6, "Plan Width": 40, "Recheck Cond": "(l_partkey = part.p_partkey)", "Plans": [{"Node Type": "Bitmap Index Scan", "Parent Relationship": "Outer", "Index Name": "idx_lineitem_part_supp", "Startup Cost": 0.0, "Total Cost": 4.21, "Plan Rows": 6, "Plan Width": 0, "Index Cond": "(l_partkey = part.p_partkey)"}]}]}, {"Node Type": "Bitmap Heap Scan", "Parent Relationship": "Inner", "Relation Name": "orders", "Alias": "orders", "Startup Cost": 0.26, "Total Cost": 4.28, "Plan Rows": 1, "Plan Width": 24, "Recheck Cond": "(o_orderkey = lineitem.l_orderkey)", "Filter": "((o_orderdate >= '1995-01-01 00:00:00'::timestamp(0) without time zone) AND (o_orderdate <= '1996-12-31 00:00:00'::timestamp(0) without time zone))", "Plans": [{"Node Type": "Bitmap Index Scan", "Parent Relationship": "Outer", "Index Name": "orders_pkey", "Startup Cost": 0.0, "Total Cost": 0.26, "Plan Rows": 1, "Plan Width": 0, "Index Cond": "(o_orderkey = lineitem.l_orderkey)"}]}]}, {"Node Type": "Hash", "Parent Relationship": "Inner", "Startup Cost": 3283.0, "Total Cost": 3283.0, "Plan Rows": 100000, "Plan Width": 12, "Plans": [{"Node Type": "Seq Scan", "Parent Relationship": "Outer", "Relation Name": "supplier", "Alias": "supplier", "Startup Cost": 0.0, "Total Cost": 3283.0, "Plan Rows": 100000, "Plan Width": 12}]}]}, {"Node Type": "Hash", "Parent Relationship": "Inner", "Startup Cost": 37164.85, "Total Cost": 37164.85, "Plan Rows": 300000, "Plan Width": 8, "Plans": [{"Node Type": "Nested Loop", "Parent Relationship": "Outer", "Join Type": "Inner", "Startup Cost": 1031.44, "Total Cost": 37164.85, "Plan Rows": 300000, "Plan Width": 8, "Inner Unique": false, "Plans": [{"Node Type": "Hash Join", "Parent Relationship": "Outer", "Join Type": "Inner", "Startup Cost": 1.07, "Total Cost": 2.44, "Plan Rows": 5, "Plan Width": 4, "Inner Unique": true, "Hash Cond": "(n1.n_regionkey = region.r_regionkey)", "Plans": [{"Node Type": "Seq Scan", "Parent Relationship": "Outer", "Relation Name": "nation", "Alias": "n1", "Startup Cost": 0.0, "Total Cost": 1.25, "Plan Rows": 25, "Plan Width": 8}, {"Node Type": "Hash", "Parent Relationship": "Inner", "Startup Cost": 1.06, "Total Cost": 1.06, "Plan Rows": 1, "Plan Width": 4, "Plans": [{"Node Type": "Seq Scan", "Parent Relationship": "Outer", "Relation Name": "region", "Alias": "region", "Startup Cost": 0.0, "Total Cost": 1.06, "Plan Rows": 1, "Plan Width": 4, "Filter": "(r_name = 'ASIA'::bpchar)"}]}]}, {"Node Type": "Bitmap Heap Scan", "Parent Relationship": "Inner", "Relation Name": "customer", "Alias": "customer", "Startup Cost": 1030.37, "Total Cost": 6832.48, "Plan Rows": 60000, "Plan Width": 12, "Recheck Cond": "(c_nationkey = n1.n_nationkey)", "Plans": [{"Node Type": "Bitmap Index Scan", "Parent Relationship": "Outer", "Index Name": "idx_customer_nationkey", "Startup Cost": 0.0, "Total Cost": 1015.37, "Plan Rows": 60000, "Plan Width": 0, "Index Cond": "(c_nationkey = n1.n_nationkey)"}]}]}]}]}, {"Node Type": "Materialize", "Parent Relationship": "Inner", "Startup Cost": 0.0, "Total Cost": 1.38, "Plan Rows": 25, "Plan Width": 30, "Plans": [{"Node Type": "Seq Scan", "Parent Relationship": "Outer", "Relation Name": "nation", "Alias": "n2", "Startup Cost": 0.0, "Total Cost": 1.25, "Plan Rows": 25, "Plan Width": 30}]}]}]}]}, "Unique SQL Id": 3681808042, "Planner Runtime": 8}, "explain_analyze_plan": {"Plan": {"Node Type": "Sort", "Startup Cost": 818733.87, "Total Cost": 818733.89, "Plan Rows": 10, "Plan Width": 66, "Actual Startup Time": 7454.097, "Actual Total Time": 7454.098, "Actual Rows": 2, "Actual Loops": 1, "Sort Key": ["(date_part('year'::text, orders.o_orderdate))"], "Sort Method": "quicksort", "Sort Space Used": 25, "Sort Space Type": "Memory", "Plans": [{"Node Type": "Aggregate", "Strategy": "Hashed", "Parent Relationship": "Outer", "Startup Cost": 818733.55, "Total Cost": 818733.7, "Plan Rows": 10, "Plan Width": 66, "Actual Startup Time": 7454.051, "Actual Total Time": 7454.06, "Actual Rows": 2, "Actual Loops": 1, "Group By Key": ["date_part('year'::text, orders.o_orderdate)"], "Plans": [{"Node Type": "Nested Loop", "Parent Relationship": "Outer", "Join Type": "Inner", "Startup Cost": 45452.32, "Total Cost": 818613.73, "Plan Rows": 5991, "Plan Width": 50, "Actual Startup Time": 772.313, "Actual Total Time": 7413.286, "Actual Rows": 23929, "Actual Loops": 1, "Inner Unique": true, "Join Filter": "(supplier.s_nationkey = n2.n_nationkey)", "Rows Removed by Join Filter": 288173, "Plans": [{"Node Type": "Hash Join", "Parent Relationship": "Outer", "Join Type": "Inner", "Startup Cost": 45452.32, "Total Cost": 816350.82, "Plan Rows": 5991, "Plan Width": 28, "Actual Startup Time": 772.257, "Actual Total Time": 7291.072, "Actual Rows": 23929, "Actual Loops": 1, "Inner Unique": false, "Hash Cond": "(orders.o_custkey = customer.c_custkey)", "Plans": [{"Node Type": "Hash Join", "Parent Relationship": "Outer", "Join Type": "Inner", "Startup Cost": 4537.47, "Total Cost": 775184.07, "Plan Rows": 51198, "Plan Width": 36, "Actual Startup Time": 64.234, "Actual Total Time": 6502.347, "Actual Rows": 119765, "Actual Loops": 1, "Inner Unique": true, "Hash Cond": "(lineitem.l_suppkey = supplier.s_suppkey)", "Plans": [{"Node Type": "Nested Loop", "Parent Relationship": "Outer", "Join Type": "Inner", "Startup Cost": 4.47, "Total Cost": 770271.73, "Plan Rows": 86479, "Plan Width": 40, "Actual Startup Time": 0.146, "Actual Total Time": 6345.996, "Actual Rows": 119765, "Actual Loops": 1, "Inner Unique": true, "Plans": [{"Node Type": "Nested Loop", "Parent Relationship": "Outer", "Join Type": "Inner", "Startup Cost": 4.21, "Total Cost": 450147.9, "Plan Rows": 74637, "Plan Width": 32, "Actual Startup Time": 0.087, "Actual Total Time": 2263.022, "Actual Rows": 395341, "Actual Loops": 1, "Inner Unique": false, "Plans": [{"Node Type": "Seq Scan", "Parent Relationship": "Outer", "Relation Name": "part", "Alias": "part", "Startup Cost": 0.0, "Total Cost": 66944.0, "Plan Rows": 13538, "Plan Width": 8, "Actual Startup Time": 0.039, "Actual Total Time": 775.903, "Actual Rows": 13163, "Actual Loops": 1, "Filter": "((p_type)::text = 'SMALL PLATED COPPER'::text)", "Rows Removed by Filter": 1986837}, {"Node Type": "Bitmap Heap Scan", "Parent Relationship": "Inner", "Relation Name": "lineitem", "Alias": "lineitem", "Startup Cost": 4.21, "Total Cost": 28.25, "Plan Rows": 6, "Plan Width": 40, "Actual Startup Time": 265.701, "Actual Total Time": 1366.789, "Actual Rows": 395341, "Actual Loops": 13163, "Recheck Cond": "(l_partkey = part.p_partkey)", "Rows Removed by Index Recheck": 0, "Exact Heap Blocks": 395337, "Lossy Heap Blocks": 395337, "Plans": [{"Node Type": "Bitmap Index Scan", "Parent Relationship": "Outer", "Index Name": "idx_lineitem_part_supp", "Startup Cost": 0.0, "Total Cost": 4.21, "Plan Rows": 6, "Plan Width": 0, "Actual Startup Time": 168.578, "Actual Total Time": 168.578, "Actual Rows": 395341, "Actual Loops": 13163, "Index Cond": "(l_partkey = part.p_partkey)"}]}]}, {"Node Type": "Bitmap Heap Scan", "Parent Relationship": "Inner", "Relation Name": "orders", "Alias": "orders", "Startup Cost": 0.26, "Total Cost": 4.28, "Plan Rows": 1, "Plan Width": 24, "Actual Startup Time": 3600.993, "Actual Total Time": 3600.993, "Actual Rows": 119765, "Actual Loops": 395341, "Recheck Cond": "(o_orderkey = lineitem.l_orderkey)", "Rows Removed by Index Recheck": 0, "Filter": "((o_orderdate >= '1995-01-01 00:00:00'::timestamp(0) without time zone) AND (o_orderdate <= '1996-12-31 00:00:00'::timestamp(0) without time zone))", "Rows Removed by Filter": 275576, "Exact Heap Blocks": 395341, "Lossy Heap Blocks": 395341, "Plans": [{"Node Type": "Bitmap Index Scan", "Parent Relationship": "Outer", "Index Name": "orders_pkey", "Startup Cost": 0.0, "Total Cost": 0.26, "Plan Rows": 1, "Plan Width": 0, "Actual Startup Time": 2210.503, "Actual Total Time": 2210.503, "Actual Rows": 395341, "Actual Loops": 395341, "Index Cond": "(o_orderkey = lineitem.l_orderkey)"}]}]}, {"Node Type": "Hash", "Parent Relationship": "Inner", "Startup Cost": 3283.0, "Total Cost": 3283.0, "Plan Rows": 100000, "Plan Width": 12, "Actual Startup Time": 63.97, "Actual Total Time": 63.97, "Actual Rows": 100000, "Actual Loops": 1, "Hash Buckets": 131072, "Hash Batches": 1, "Original Hash Batches": 1, "Peak Memory Usage": 4297, "Plans": [{"Node Type": "Seq Scan", "Parent Relationship": "Outer", "Relation Name": "supplier", "Alias": "supplier", "Startup Cost": 0.0, "Total Cost": 3283.0, "Plan Rows": 100000, "Plan Width": 12, "Actual Startup Time": 0.009, "Actual Total Time": 36.461, "Actual Rows": 100000, "Actual Loops": 1}]}]}, {"Node Type": "Hash", "Parent Relationship": "Inner", "Startup Cost": 37164.85, "Total Cost": 37164.85, "Plan Rows": 300000, "Plan Width": 8, "Actual Startup Time": 707.576, "Actual Total Time": 707.576, "Actual Rows": 300270, "Actual Loops": 1, "Hash Buckets": 524288, "Hash Batches": 1, "Original Hash Batches": 1, "Peak Memory Usage": 11730, "Plans": [{"Node Type": "Nested Loop", "Parent Relationship": "Outer", "Join Type": "Inner", "Startup Cost": 1031.44, "Total Cost": 37164.85, "Plan Rows": 300000, "Plan Width": 8, "Actual Startup Time": 18.288, "Actual Total Time": 614.93, "Actual Rows": 300270, "Actual Loops": 1, "Inner Unique": false, "Plans": [{"Node Type": "Hash Join", "Parent Relationship": "Outer", "Join Type": "Inner", "Startup Cost": 1.07, "Total Cost": 2.44, "Plan Rows": 5, "Plan Width": 4, "Actual Startup Time": 0.078, "Actual Total Time": 0.16, "Actual Rows": 5, "Actual Loops": 1, "Inner Unique": true, "Hash Cond": "(n1.n_regionkey = region.r_regionkey)", "Plans": [{"Node Type": "Seq Scan", "Parent Relationship": "Outer", "Relation Name": "nation", "Alias": "n1", "Startup Cost": 0.0, "Total Cost": 1.25, "Plan Rows": 25, "Plan Width": 8, "Actual Startup Time": 0.021, "Actual Total Time": 0.043, "Actual Rows": 25, "Actual Loops": 1}, {"Node Type": "Hash", "Parent Relationship": "Inner", "Startup Cost": 1.06, "Total Cost": 1.06, "Plan Rows": 1, "Plan Width": 4, "Actual Startup Time": 0.018, "Actual Total Time": 0.018, "Actual Rows": 1, "Actual Loops": 1, "Hash Buckets": 32768, "Hash Batches": 1, "Original Hash Batches": 1, "Peak Memory Usage": 1, "Plans": [{"Node Type": "Seq Scan", "Parent Relationship": "Outer", "Relation Name": "region", "Alias": "region", "Startup Cost": 0.0, "Total Cost": 1.06, "Plan Rows": 1, "Plan Width": 4, "Actual Startup Time": 0.012, "Actual Total Time": 0.013, "Actual Rows": 1, "Actual Loops": 1, "Filter": "(r_name = 'ASIA'::bpchar)", "Rows Removed by Filter": 4}]}]}, {"Node Type": "Bitmap Heap Scan", "Parent Relationship": "Inner", "Relation Name": "customer", "Alias": "customer", "Startup Cost": 1030.37, "Total Cost": 6832.48, "Plan Rows": 60000, "Plan Width": 12, "Actual Startup Time": 97.989, "Actual Total Time": 555.861, "Actual Rows": 300270, "Actual Loops": 5, "Recheck Cond": "(c_nationkey = n1.n_nationkey)", "Rows Removed by Index Recheck": 0, "Exact Heap Blocks": 150032, "Lossy Heap Blocks": 150032, "Plans": [{"Node Type": "Bitmap Index Scan", "Parent Relationship": "Outer", "Index Name": "idx_customer_nationkey", "Startup Cost": 0.0, "Total Cost": 1015.37, "Plan Rows": 60000, "Plan Width": 0, "Actual Startup Time": 65.109, "Actual Total Time": 65.109, "Actual Rows": 300270, "Actual Loops": 5, "Index Cond": "(c_nationkey = n1.n_nationkey)"}]}]}]}]}, {"Node Type": "Materialize", "Parent Relationship": "Inner", "Startup Cost": 0.0, "Total Cost": 1.38, "Plan Rows": 25, "Plan Width": 30, "Actual Startup Time": 3.386, "Actual Total Time": 28.671, "Actual Rows": 312102, "Actual Loops": 23929, "Plans": [{"Node Type": "Seq Scan", "Parent Relationship": "Outer", "Relation Name": "nation", "Alias": "n2", "Startup Cost": 0.0, "Total Cost": 1.25, "Plan Rows": 25, "Plan Width": 30, "Actual Startup Time": 0.015, "Actual Total Time": 0.019, "Actual Rows": 25, "Actual Loops": 1}]}]}]}]}, "Triggers": [], "Planner Runtime": 6, "Total Runtime": 7454.653, "Unique SQL Id": 3681808042}}, "(16, 7)": {"explain_plan": {"Plan": {"Node Type": "Sort", "Startup Cost": 66661878.45, "Total Cost": 66661878.48, "Plan Rows": 10, "Plan Width": 66, "Sort Key": ["(date_part('year'::text, orders.o_orderdate))"], "Plans": [{"Node Type": "Aggregate", "Strategy": "Hashed", "Parent Relationship": "Outer", "Startup Cost": 66661878.14, "Total Cost": 66661878.29, "Plan Rows": 10, "Plan Width": 66, "Group By Key": ["date_part('year'::text, orders.o_orderdate)"], "Plans": [{"Node Type": "Nested Loop", "Parent Relationship": "Outer", "Join Type": "Inner", "Startup Cost": 115915.31, "Total Cost": 66661758.32, "Plan Rows": 5991, "Plan Width": 50, "Inner Unique": true, "Plans": [{"Node Type": "Nested Loop", "Parent Relationship": "Outer", "Join Type": "Inner", "Startup Cost": 115915.05, "Total Cost": 66636099.88, "Plan Rows": 5991, "Plan Width": 28, "Inner Unique": true, "Plans": [{"Node Type": "Nested Loop", "Parent Relationship": "Outer", "Join Type": "Inner", "Startup Cost": 115914.79, "Total Cost": 66562068.23, "Plan Rows": 17296, "Plan Width": 32, "Inner Unique": true, "Plans": [{"Node Type": "Nested Loop", "Parent Relationship": "Outer", "Join Type": "Inner", "Startup Cost": 115914.53, "Total Cost": 45938880.46, "Plan Rows": 4814867, "Plan Width": 40, "Inner Unique": false, "Plans": [{"Node Type": "Nested Loop", "Parent Relationship": "Outer", "Join Type": "Inner", "Startup Cost": 115914.01, "Total Cost": 43432501.27, "Plan Rows": 530296, "Plan Width": 16, "Inner Unique": true, "Plans": [{"Node Type": "Nested Loop", "Parent Relationship": "Outer", "Join Type": "Inner", "Startup Cost": 115913.43, "Total Cost": 31228406.3, "Plan Rows": 2651479, "Plan Width": 20, "Inner Unique": true, "Plans": [{"Node Type": "Nested Loop", "Parent Relationship": "Outer", "Join Type": "Inner", "Startup Cost": 115913.17, "Total Cost": 19879399.17, "Plan Rows": 2651479, "Plan Width": 20, "Inner Unique": true, "Plans": [{"Node Type": "Bitmap Heap Scan", "Parent Relationship": "Outer", "Relation Name": "orders", "Alias": "orders", "Startup Cost": 115912.91, "Total Cost": 460311.42, "Plan Rows": 4531967, "Plan Width": 24, "Recheck Cond": "((o_orderdate >= '1995-01-01 00:00:00'::timestamp(0) without time zone) AND (o_orderdate <= '1996-12-31 00:00:00'::timestamp(0) without time zone)), (LLVM Optimized)", "Plans": [{"Node Type": "Bitmap Index Scan", "Parent Relationship": "Outer", "Index Name": "idx_orders_orderdate", "Startup Cost": 0.0, "Total Cost": 114779.92, "Plan Rows": 4531967, "Plan Width": 0, "Index Cond": "((o_orderdate >= '1995-01-01 00:00:00'::timestamp(0) without time zone) AND (o_orderdate <= '1996-12-31 00:00:00'::timestamp(0) without time zone))"}]}, {"Node Type": "Bitmap Heap Scan", "Parent Relationship": "Inner", "Relation Name": "customer", "Alias": "customer", "Startup Cost": 0.26, "Total Cost": 4.27, "Plan Rows": 1, "Plan Width": 12, "Recheck Cond": "(c_custkey = orders.o_custkey)", "Plans": [{"Node Type": "Bitmap Index Scan", "Parent Relationship": "Outer", "Index Name": "customer_pkey", "Startup Cost": 0.0, "Total Cost": 0.26, "Plan Rows": 1, "Plan Width": 0, "Index Cond": "(c_custkey = orders.o_custkey)"}]}]}, {"Node Type": "Bitmap Heap Scan", "Parent Relationship": "Inner", "Relation Name": "nation", "Alias": "n1", "Startup Cost": 0.26, "Total Cost": 4.27, "Plan Rows": 1, "Plan Width": 8, "Recheck Cond": "(n_nationkey = customer.c_nationkey)", "Plans": [{"Node Type": "Bitmap Index Scan", "Parent Relationship": "Outer", "Index Name": "nation_pkey", "Startup Cost": 0.0, "Total Cost": 0.26, "Plan Rows": 1, "Plan Width": 0, "Index Cond": "(n_nationkey = customer.c_nationkey)"}]}]}, {"Node Type": "Bitmap Heap Scan", "Parent Relationship": "Inner", "Relation Name": "region", "Alias": "region", "Startup Cost": 0.58, "Total Cost": 4.59, "Plan Rows": 1, "Plan Width": 4, "Recheck Cond": "(r_regionkey = n1.n_regionkey)", "Filter": "(r_name = 'ASIA'::bpchar)", "Plans": [{"Node Type": "Bitmap Index Scan", "Parent Relationship": "Outer", "Index Name": "region_pkey", "Startup Cost": 0.0, "Total Cost": 0.58, "Plan Rows": 1, "Plan Width": 0, "Index Cond": "(r_regionkey = n1.n_regionkey)"}]}]}, {"Node Type": "Bitmap Heap Scan", "Parent Relationship": "Inner", "Relation Name": "lineitem", "Alias": "lineitem", "Startup Cost": 0.52, "Total Cost": 4.64, "Plan Rows": 9, "Plan Width": 40, "Recheck Cond": "(l_orderkey = orders.o_orderkey)", "Plans": [{"Node Type": "Bitmap Index Scan", "Parent Relationship": "Outer", "Index Name": "idx_lineitem_orderkey", "Startup Cost": 0.0, "Total Cost": 0.52, "Plan Rows": 9, "Plan Width": 0, "Index Cond": "(l_orderkey = orders.o_orderkey)"}]}]}, {"Node Type": "Bitmap Heap Scan", "Parent Relationship": "Inner", "Relation Name": "part", "Alias": "part", "Startup Cost": 0.26, "Total Cost": 4.27, "Plan Rows": 1, "Plan Width": 8, "Recheck Cond": "(p_partkey = lineitem.l_partkey)", "Filter": "((p_type)::text = 'SMALL PLATED COPPER'::text)", "Plans": [{"Node Type": "Bitmap Index Scan", "Parent Relationship": "Outer", "Index Name": "part_kpey", "Startup Cost": 0.0, "Total Cost": 0.26, "Plan Rows": 1, "Plan Width": 0, "Index Cond": "(p_partkey = lineitem.l_partkey)"}]}]}, {"Node Type": "Bitmap Heap Scan", "Parent Relationship": "Inner", "Relation Name": "supplier", "Alias": "supplier", "Startup Cost": 0.26, "Total Cost": 4.27, "Plan Rows": 1, "Plan Width": 12, "Recheck Cond": "(s_suppkey = lineitem.l_suppkey)", "Plans": [{"Node Type": "Bitmap Index Scan", "Parent Relationship": "Outer", "Index Name": "supplier_pkey", "Startup Cost": 0.0, "Total Cost": 0.26, "Plan Rows": 1, "Plan Width": 0, "Index Cond": "(s_suppkey = lineitem.l_suppkey)"}]}]}, {"Node Type": "Bitmap Heap Scan", "Parent Relationship": "Inner", "Relation Name": "nation", "Alias": "n2", "Startup Cost": 0.26, "Total Cost": 4.27, "Plan Rows": 1, "Plan Width": 30, "Recheck Cond": "(n_nationkey = supplier.s_nationkey)", "Plans": [{"Node Type": "Bitmap Index Scan", "Parent Relationship": "Outer", "Index Name": "nation_pkey", "Startup Cost": 0.0, "Total Cost": 0.26, "Plan Rows": 1, "Plan Width": 0, "Index Cond": "(n_nationkey = supplier.s_nationkey)"}]}]}]}]}, "Unique SQL Id": 3681808042, "Planner Runtime": 4}, "explain_analyze_plan": null}, "(16, 8)": {"explain_plan": {"Plan": {"Node Type": "Sort", "Startup Cost": 486630.31, "Total Cost": 486630.33, "Plan Rows": 10, "Plan Width": 66, "Sort Key": ["(date_part('year'::text, orders.o_orderdate))"], "Plans": [{"Node Type": "Aggregate", "Strategy": "Hashed", "Parent Relationship": "Outer", "Startup Cost": 486629.99, "Total Cost": 486630.14, "Plan Rows": 10, "Plan Width": 66, "Group By Key": ["date_part('year'::text, orders.o_orderdate)"], "Plans": [{"Node Type": "Hash Join", "Parent Relationship": "Outer", "Join Type": "Inner", "Startup Cost": 4536.12, "Total Cost": 486510.17, "Plan Rows": 5991, "Plan Width": 50, "Inner Unique": true, "Hash Cond": "(supplier.s_nationkey = n2.n_nationkey)", "Plans": [{"Node Type": "Nested Loop", "Parent Relationship": "Outer", "Join Type": "Inner", "Startup Cost": 4534.56, "Total Cost": 486417.81, "Plan Rows": 5991, "Plan Width": 28, "Inner Unique": false, "Join Filter": "(n1.n_regionkey = region.r_regionkey)", "Plans": [{"Node Type": "Seq Scan", "Parent Relationship": "Outer", "Relation Name": "region", "Alias": "region", "Startup Cost": 0.0, "Total Cost": 1.06, "Plan Rows": 1, "Plan Width": 4, "Filter": "(r_name = 'ASIA'::bpchar)"}, {"Node Type": "Hash Join", "Parent Relationship": "Inner", "Join Type": "Inner", "Startup Cost": 4534.56, "Total Cost": 486042.32, "Plan Rows": 29954, "Plan Width": 32, "Inner Unique": true, "Hash Cond": "(customer.c_nationkey = n1.n_nationkey)", "Plans": [{"Node Type": "Nested Loop", "Parent Relationship": "Outer", "Join Type": "Inner", "Startup Cost": 4533.0, "Total Cost": 485661.65, "Plan Rows": 29954, "Plan Width": 32, "Inner Unique": true, "Plans": [{"Node Type": "Hash Join", "Parent Relationship": "Outer", "Join Type": "Inner", "Startup Cost": 4533.0, "Total Cost": 469409.78, "Plan Rows": 51198, "Plan Width": 36, "Inner Unique": true, "Hash Cond": "(lineitem.l_suppkey = supplier.s_suppkey)", "Plans": [{"Node Type": "Nested Loop", "Parent Relationship": "Outer", "Join Type": "Inner", "Startup Cost": 0.0, "Total Cost": 464497.44, "Plan Rows": 86479, "Plan Width": 40, "Inner Unique": true, "Plans": [{"Node Type": "Nested Loop", "Parent Relationship": "Outer", "Join Type": "Inner", "Startup Cost": 0.0, "Total Cost": 441564.57, "Plan Rows": 74637, "Plan Width": 32, "Inner Unique": false, "Plans": [{"Node Type": "Seq Scan", "Parent Relationship": "Outer", "Relation Name": "part", "Alias": "part", "Startup Cost": 0.0, "Total Cost": 66944.0, "Plan Rows": 13538, "Plan Width": 8, "Filter": "((p_type)::text = 'SMALL PLATED COPPER'::text)"}, {"Node Type": "Index Scan", "Parent Relationship": "Inner", "Scan Direction": "Forward", "Index Name": "idx_lineitem_part_supp", "Relation Name": "lineitem", "Alias": "lineitem", "Startup Cost": 0.0, "Total Cost": 27.61, "Plan Rows": 6, "Plan Width": 40, "Index Cond": "(l_partkey = part.p_partkey)"}]}, {"Node Type": "Index Scan", "Parent Relationship": "Inner", "Scan Direction": "Forward", "Index Name": "orders_pkey", "Relation Name": "orders", "Alias": "orders", "Startup Cost": 0.0, "Total Cost": 0.3, "Plan Rows": 1, "Plan Width": 24, "Index Cond": "(o_orderkey = lineitem.l_orderkey)", "Filter": "((o_orderdate >= '1995-01-01 00:00:00'::timestamp(0) without time zone) AND (o_orderdate <= '1996-12-31 00:00:00'::timestamp(0) without time zone))"}]}, {"Node Type": "Hash", "Parent Relationship": "Inner", "Startup Cost": 3283.0, "Total Cost": 3283.0, "Plan Rows": 100000, "Plan Width": 12, "Plans": [{"Node Type": "Seq Scan", "Parent Relationship": "Outer", "Relation Name": "supplier", "Alias": "supplier", "Startup Cost": 0.0, "Total Cost": 3283.0, "Plan Rows": 100000, "Plan Width": 12}]}]}, {"Node Type": "Index Scan", "Parent Relationship": "Inner", "Scan Direction": "Forward", "Index Name": "customer_pkey", "Relation Name": "customer", "Alias": "customer", "Startup Cost": 0.0, "Total Cost": 0.31, "Plan Rows": 1, "Plan Width": 12, "Index Cond": "(c_custkey = orders.o_custkey)"}]}, {"Node Type": "Hash", "Parent Relationship": "Inner", "Startup Cost": 1.25, "Total Cost": 1.25, "Plan Rows": 25, "Plan Width": 8, "Plans": [{"Node Type": "Seq Scan", "Parent Relationship": "Outer", "Relation Name": "nation", "Alias": "n1", "Startup Cost": 0.0, "Total Cost": 1.25, "Plan Rows": 25, "Plan Width": 8}]}]}]}, {"Node Type": "Hash", "Parent Relationship": "Inner", "Startup Cost": 1.25, "Total Cost": 1.25, "Plan Rows": 25, "Plan Width": 30, "Plans": [{"Node Type": "Seq Scan", "Parent Relationship": "Outer", "Relation Name": "nation", "Alias": "n2", "Startup Cost": 0.0, "Total Cost": 1.25, "Plan Rows": 25, "Plan Width": 30}]}]}]}]}, "Unique SQL Id": 3681808042, "Planner Runtime": 7}, "explain_analyze_plan": {"Plan": {"Node Type": "Sort", "Startup Cost": 486630.31, "Total Cost": 486630.33, "Plan Rows": 10, "Plan Width": 66, "Actual Startup Time": 6657.822, "Actual Total Time": 6657.822, "Actual Rows": 2, "Actual Loops": 1, "Sort Key": ["(date_part('year'::text, orders.o_orderdate))"], "Sort Method": "quicksort", "Sort Space Used": 25, "Sort Space Type": "Memory", "Plans": [{"Node Type": "Aggregate", "Strategy": "Hashed", "Parent Relationship": "Outer", "Startup Cost": 486629.99, "Total Cost": 486630.14, "Plan Rows": 10, "Plan Width": 66, "Actual Startup Time": 6657.801, "Actual Total Time": 6657.801, "Actual Rows": 2, "Actual Loops": 1, "Group By Key": ["date_part('year'::text, orders.o_orderdate)"], "Plans": [{"Node Type": "Hash Join", "Parent Relationship": "Outer", "Join Type": "Inner", "Startup Cost": 4536.12, "Total Cost": 486510.17, "Plan Rows": 5991, "Plan Width": 50, "Actual Startup Time": 63.991, "Actual Total Time": 6619.798, "Actual Rows": 23929, "Actual Loops": 1, "Inner Unique": true, "Hash Cond": "(supplier.s_nationkey = n2.n_nationkey)", "Plans": [{"Node Type": "Nested Loop", "Parent Relationship": "Outer", "Join Type": "Inner", "Startup Cost": 4534.56, "Total Cost": 486417.81, "Plan Rows": 5991, "Plan Width": 28, "Actual Startup Time": 63.894, "Actual Total Time": 6584.866, "Actual Rows": 23929, "Actual Loops": 1, "Inner Unique": false, "Join Filter": "(n1.n_regionkey = region.r_regionkey)", "Rows Removed by Join Filter": 95836, "Plans": [{"Node Type": "Seq Scan", "Parent Relationship": "Outer", "Relation Name": "region", "Alias": "region", "Startup Cost": 0.0, "Total Cost": 1.06, "Plan Rows": 1, "Plan Width": 4, "Actual Startup Time": 0.01, "Actual Total Time": 0.014, "Actual Rows": 1, "Actual Loops": 1, "Filter": "(r_name = 'ASIA'::bpchar)", "Rows Removed by Filter": 4}, {"Node Type": "Hash Join", "Parent Relationship": "Inner", "Join Type": "Inner", "Startup Cost": 4534.56, "Total Cost": 486042.32, "Plan Rows": 29954, "Plan Width": 32, "Actual Startup Time": 63.701, "Actual Total Time": 6550.731, "Actual Rows": 119765, "Actual Loops": 1, "Inner Unique": true, "Hash Cond": "(customer.c_nationkey = n1.n_nationkey)", "Plans": [{"Node Type": "Nested Loop", "Parent Relationship": "Outer", "Join Type": "Inner", "Startup Cost": 4533.0, "Total Cost": 485661.65, "Plan Rows": 29954, "Plan Width": 32, "Actual Startup Time": 63.645, "Actual Total Time": 6479.463, "Actual Rows": 119765, "Actual Loops": 1, "Inner Unique": true, "Plans": [{"Node Type": "Hash Join", "Parent Relationship": "Outer", "Join Type": "Inner", "Startup Cost": 4533.0, "Total Cost": 469409.78, "Plan Rows": 51198, "Plan Width": 36, "Actual Startup Time": 63.597, "Actual Total Time": 5532.269, "Actual Rows": 119765, "Actual Loops": 1, "Inner Unique": true, "Hash Cond": "(lineitem.l_suppkey = supplier.s_suppkey)", "Plans": [{"Node Type": "Nested Loop", "Parent Relationship": "Outer", "Join Type": "Inner", "Startup Cost": 0.0, "Total Cost": 464497.44, "Plan Rows": 86479, "Plan Width": 40, "Actual Startup Time": 0.138, "Actual Total Time": 5382.924, "Actual Rows": 119765, "Actual Loops": 1, "Inner Unique": true, "Plans": [{"Node Type": "Nested Loop", "Parent Relationship": "Outer", "Join Type": "Inner", "Startup Cost": 0.0, "Total Cost": 441564.57, "Plan Rows": 74637, "Plan Width": 32, "Actual Startup Time": 0.036, "Actual Total Time": 1994.019, "Actual Rows": 395341, "Actual Loops": 1, "Inner Unique": false, "Plans": [{"Node Type": "Seq Scan", "Parent Relationship": "Outer", "Relation Name": "part", "Alias": "part", "Startup Cost": 0.0, "Total Cost": 66944.0, "Plan Rows": 13538, "Plan Width": 8, "Actual Startup Time": 0.014, "Actual Total Time": 761.161, "Actual Rows": 13163, "Actual Loops": 1, "Filter": "((p_type)::text = 'SMALL PLATED COPPER'::text)", "Rows Removed by Filter": 1986837}, {"Node Type": "Index Scan", "Parent Relationship": "Inner", "Scan Direction": "Forward", "Index Name": "idx_lineitem_part_supp", "Relation Name": "lineitem", "Alias": "lineitem", "Startup Cost": 0.0, "Total Cost": 27.61, "Plan Rows": 6, "Plan Width": 40, "Actual Startup Time": 155.365, "Actual Total Time": 1131.429, "Actual Rows": 395341, "Actual Loops": 13163, "Index Cond": "(l_partkey = part.p_partkey)", "Rows Removed by Index Recheck": 0}]}, {"Node Type": "Index Scan", "Parent Relationship": "Inner", "Scan Direction": "Forward", "Index Name": "orders_pkey", "Relation Name": "orders", "Alias": "orders", "Startup Cost": 0.0, "Total Cost": 0.3, "Plan Rows": 1, "Plan Width": 24, "Actual Startup Time": 3151.57, "Actual Total Time": 3151.57, "Actual Rows": 119765, "Actual Loops": 395341, "Index Cond": "(o_orderkey = lineitem.l_orderkey)", "Rows Removed by Index Recheck": 0, "Filter": "((o_orderdate >= '1995-01-01 00:00:00'::timestamp(0) without time zone) AND (o_orderdate <= '1996-12-31 00:00:00'::timestamp(0) without time zone))", "Rows Removed by Filter": 275576}]}, {"Node Type": "Hash", "Parent Relationship": "Inner", "Startup Cost": 3283.0, "Total Cost": 3283.0, "Plan Rows": 100000, "Plan Width": 12, "Actual Startup Time": 63.334, "Actual Total Time": 63.334, "Actual Rows": 100000, "Actual Loops": 1, "Hash Buckets": 131072, "Hash Batches": 1, "Original Hash Batches": 1, "Peak Memory Usage": 4297, "Plans": [{"Node Type": "Seq Scan", "Parent Relationship": "Outer", "Relation Name": "supplier", "Alias": "supplier", "Startup Cost": 0.0, "Total Cost": 3283.0, "Plan Rows": 100000, "Plan Width": 12, "Actual Startup Time": 0.012, "Actual Total Time": 36.132, "Actual Rows": 100000, "Actual Loops": 1}]}]}, {"Node Type": "Index Scan", "Parent Relationship": "Inner", "Scan Direction": "Forward", "Index Name": "customer_pkey", "Relation Name": "customer", "Alias": "customer", "Startup Cost": 0.0, "Total Cost": 0.31, "Plan Rows": 1, "Plan Width": 12, "Actual Startup Time": 838.481, "Actual Total Time": 838.481, "Actual Rows": 119765, "Actual Loops": 119765, "Index Cond": "(c_custkey = orders.o_custkey)", "Rows Removed by Index Recheck": 0}]}, {"Node Type": "Hash", "Parent Relationship": "Inner", "Startup Cost": 1.25, "Total Cost": 1.25, "Plan Rows": 25, "Plan Width": 8, "Actual Startup Time": 0.02, "Actual Total Time": 0.02, "Actual Rows": 25, "Actual Loops": 1, "Hash Buckets": 32768, "Hash Batches": 1, "Original Hash Batches": 1, "Peak Memory Usage": 1, "Plans": [{"Node Type": "Seq Scan", "Parent Relationship": "Outer", "Relation Name": "nation", "Alias": "n1", "Startup Cost": 0.0, "Total Cost": 1.25, "Plan Rows": 25, "Plan Width": 8, "Actual Startup Time": 0.007, "Actual Total Time": 0.012, "Actual Rows": 25, "Actual Loops": 1}]}]}]}, {"Node Type": "Hash", "Parent Relationship": "Inner", "Startup Cost": 1.25, "Total Cost": 1.25, "Plan Rows": 25, "Plan Width": 30, "Actual Startup Time": 0.04, "Actual Total Time": 0.04, "Actual Rows": 25, "Actual Loops": 1, "Hash Buckets": 32768, "Hash Batches": 1, "Original Hash Batches": 1, "Peak Memory Usage": 2, "Plans": [{"Node Type": "Seq Scan", "Parent Relationship": "Outer", "Relation Name": "nation", "Alias": "n2", "Startup Cost": 0.0, "Total Cost": 1.25, "Plan Rows": 25, "Plan Width": 30, "Actual Startup Time": 0.019, "Actual Total Time": 0.025, "Actual Rows": 25, "Actual Loops": 1}]}]}]}]}, "Triggers": [], "Planner Runtime": 5, "Total Runtime": 6658.228, "Unique SQL Id": 3681808042}}, "(16, 9)": {"explain_plan": {"Plan": {"Node Type": "Sort", "Startup Cost": 527575.13, "Total Cost": 527575.15, "Plan Rows": 10, "Plan Width": 66, "Sort Key": ["(date_part('year'::text, orders.o_orderdate))"], "Plans": [{"Node Type": "Aggregate", "Strategy": "Hashed", "Parent Relationship": "Outer", "Startup Cost": 527574.81, "Total Cost": 527574.96, "Plan Rows": 10, "Plan Width": 66, "Group By Key": ["date_part('year'::text, orders.o_orderdate)"], "Plans": [{"Node Type": "Hash Join", "Parent Relationship": "Outer", "Join Type": "Inner", "Startup Cost": 6610.42, "Total Cost": 527454.99, "Plan Rows": 5991, "Plan Width": 50, "Inner Unique": true, "Hash Cond": "(supplier.s_nationkey = n2.n_nationkey)", "Plans": [{"Node Type": "Nested Loop", "Parent Relationship": "Outer", "Join Type": "Inner", "Startup Cost": 6597.48, "Total Cost": 527351.25, "Plan Rows": 5991, "Plan Width": 28, "Inner Unique": false, "Join Filter": "(n1.n_regionkey = region.r_regionkey)", "Plans": [{"Node Type": "Index Scan", "Parent Relationship": "Outer", "Scan Direction": "Forward", "Index Name": "region_pkey", "Relation Name": "region", "Alias": "region", "Startup Cost": 0.0, "Total Cost": 12.34, "Plan Rows": 1, "Plan Width": 4, "Filter": "(r_name = 'ASIA'::bpchar)"}, {"Node Type": "Hash Join", "Parent Relationship": "Inner", "Join Type": "Inner", "Startup Cost": 6597.48, "Total Cost": 526964.49, "Plan Rows": 29954, "Plan Width": 32, "Inner Unique": true, "Hash Cond": "(customer.c_nationkey = n1.n_nationkey)", "Plans": [{"Node Type": "Nested Loop", "Parent Relationship": "Outer", "Join Type": "Inner", "Startup Cost": 6584.54, "Total Cost": 526572.45, "Plan Rows": 29954, "Plan Width": 32, "Inner Unique": true, "Plans": [{"Node Type": "Hash Join", "Parent Relationship": "Outer", "Join Type": "Inner", "Startup Cost": 6584.54, "Total Cost": 510320.57, "Plan Rows": 51198, "Plan Width": 36, "Inner Unique": true, "Hash Cond": "(lineitem.l_suppkey = supplier.s_suppkey)", "Plans": [{"Node Type": "Nested Loop", "Parent Relationship": "Outer", "Join Type": "Inner", "Startup Cost": 0.0, "Total Cost": 503356.69, "Plan Rows": 86479, "Plan Width": 40, "Inner Unique": true, "Plans": [{"Node Type": "Nested Loop", "Parent Relationship": "Outer", "Join Type": "Inner", "Startup Cost": 0.0, "Total Cost": 480423.82, "Plan Rows": 74637, "Plan Width": 32, "Inner Unique": false, "Plans": [{"Node Type": "Index Scan", "Parent Relationship": "Outer", "Scan Direction": "Forward", "Index Name": "part_kpey", "Relation Name": "part", "Alias": "part", "Startup Cost": 0.0, "Total Cost": 105803.25, "Plan Rows": 13538, "Plan Width": 8, "Filter": "((p_type)::text = 'SMALL PLATED COPPER'::text)"}, {"Node Type": "Index Scan", "Parent Relationship": "Inner", "Scan Direction": "Forward", "Index Name": "idx_lineitem_part_supp", "Relation Name": "lineitem", "Alias": "lineitem", "Startup Cost": 0.0, "Total Cost": 27.61, "Plan Rows": 6, "Plan Width": 40, "Index Cond": "(l_partkey = part.p_partkey)"}]}, {"Node Type": "Index Scan", "Parent Relationship": "Inner", "Scan Direction": "Forward", "Index Name": "orders_pkey", "Relation Name": "orders", "Alias": "orders", "Startup Cost": 0.0, "Total Cost": 0.3, "Plan Rows": 1, "Plan Width": 24, "Index Cond": "(o_orderkey = lineitem.l_orderkey)", "Filter": "((o_orderdate >= '1995-01-01 00:00:00'::timestamp(0) without time zone) AND (o_orderdate <= '1996-12-31 00:00:00'::timestamp(0) without time zone))"}]}, {"Node Type": "Hash", "Parent Relationship": "Inner", "Startup Cost": 5334.54, "Total Cost": 5334.54, "Plan Rows": 100000, "Plan Width": 12, "Plans": [{"Node Type": "Index Scan", "Parent Relationship": "Outer", "Scan Direction": "Forward", "Index Name": "supplier_pkey", "Relation Name": "supplier", "Alias": "supplier", "Startup Cost": 0.0, "Total Cost": 5334.54, "Plan Rows": 100000, "Plan Width": 12}]}]}, {"Node Type": "Index Scan", "Parent Relationship": "Inner", "Scan Direction": "Forward", "Index Name": "customer_pkey", "Relation Name": "customer", "Alias": "customer", "Startup Cost": 0.0, "Total Cost": 0.31, "Plan Rows": 1, "Plan Width": 12, "Index Cond": "(c_custkey = orders.o_custkey)"}]}, {"Node Type": "Hash", "Parent Relationship": "Inner", "Startup Cost": 12.62, "Total Cost": 12.62, "Plan Rows": 25, "Plan Width": 8, "Plans": [{"Node Type": "Index Scan", "Parent Relationship": "Outer", "Scan Direction": "Forward", "Index Name": "idx_nation_regionkey", "Relation Name": "nation", "Alias": "n1", "Startup Cost": 0.0, "Total Cost": 12.62, "Plan Rows": 25, "Plan Width": 8}]}]}]}, {"Node Type": "Hash", "Parent Relationship": "Inner", "Startup Cost": 12.62, "Total Cost": 12.62, "Plan Rows": 25, "Plan Width": 30, "Plans": [{"Node Type": "Index Scan", "Parent Relationship": "Outer", "Scan Direction": "Forward", "Index Name": "nation_pkey", "Relation Name": "nation", "Alias": "n2", "Startup Cost": 0.0, "Total Cost": 12.62, "Plan Rows": 25, "Plan Width": 30}]}]}]}]}, "Unique SQL Id": 3681808042, "Planner Runtime": 7}, "explain_analyze_plan": {"Plan": {"Node Type": "Sort", "Startup Cost": 527575.13, "Total Cost": 527575.15, "Plan Rows": 10, "Plan Width": 66, "Actual Startup Time": 7423.557, "Actual Total Time": 7423.558, "Actual Rows": 2, "Actual Loops": 1, "Sort Key": ["(date_part('year'::text, orders.o_orderdate))"], "Sort Method": "quicksort", "Sort Space Used": 25, "Sort Space Type": "Memory", "Plans": [{"Node Type": "Aggregate", "Strategy": "Hashed", "Parent Relationship": "Outer", "Startup Cost": 527574.81, "Total Cost": 527574.96, "Plan Rows": 10, "Plan Width": 66, "Actual Startup Time": 7423.523, "Actual Total Time": 7423.524, "Actual Rows": 2, "Actual Loops": 1, "Group By Key": ["date_part('year'::text, orders.o_orderdate)"], "Plans": [{"Node Type": "Hash Join", "Parent Relationship": "Outer", "Join Type": "Inner", "Startup Cost": 6610.42, "Total Cost": 527454.99, "Plan Rows": 5991, "Plan Width": 50, "Actual Startup Time": 97.403, "Actual Total Time": 7385.928, "Actual Rows": 23929, "Actual Loops": 1, "Inner Unique": true, "Hash Cond": "(supplier.s_nationkey = n2.n_nationkey)", "Plans": [{"Node Type": "Nested Loop", "Parent Relationship": "Outer", "Join Type": "Inner", "Startup Cost": 6597.48, "Total Cost": 527351.25, "Plan Rows": 5991, "Plan Width": 28, "Actual Startup Time": 97.231, "Actual Total Time": 7349.016, "Actual Rows": 23929, "Actual Loops": 1, "Inner Unique": false, "Join Filter": "(n1.n_regionkey = region.r_regionkey)", "Rows Removed by Join Filter": 95836, "Plans": [{"Node Type": "Index Scan", "Parent Relationship": "Outer", "Scan Direction": "Forward", "Index Name": "region_pkey", "Relation Name": "region", "Alias": "region", "Startup Cost": 0.0, "Total Cost": 12.34, "Plan Rows": 1, "Plan Width": 4, "Actual Startup Time": 0.024, "Actual Total Time": 0.142, "Actual Rows": 1, "Actual Loops": 1, "Filter": "(r_name = 'ASIA'::bpchar)", "Rows Removed by Filter": 4}, {"Node Type": "Hash Join", "Parent Relationship": "Inner", "Join Type": "Inner", "Startup Cost": 6597.48, "Total Cost": 526964.49, "Plan Rows": 29954, "Plan Width": 32, "Actual Startup Time": 97.012, "Actual Total Time": 7313.861, "Actual Rows": 119765, "Actual Loops": 1, "Inner Unique": true, "Hash Cond": "(customer.c_nationkey = n1.n_nationkey)", "Plans": [{"Node Type": "Nested Loop", "Parent Relationship": "Outer", "Join Type": "Inner", "Startup Cost": 6584.54, "Total Cost": 526572.45, "Plan Rows": 29954, "Plan Width": 32, "Actual Startup Time": 96.932, "Actual Total Time": 7244.756, "Actual Rows": 119765, "Actual Loops": 1, "Inner Unique": true, "Plans": [{"Node Type": "Hash Join", "Parent Relationship": "Outer", "Join Type": "Inner", "Startup Cost": 6584.54, "Total Cost": 510320.57, "Plan Rows": 51198, "Plan Width": 36, "Actual Startup Time": 96.902, "Actual Total Time": 6278.594, "Actual Rows": 119765, "Actual Loops": 1, "Inner Unique": true, "Hash Cond": "(lineitem.l_suppkey = supplier.s_suppkey)", "Plans": [{"Node Type": "Nested Loop", "Parent Relationship": "Outer", "Join Type": "Inner", "Startup Cost": 0.0, "Total Cost": 503356.69, "Plan Rows": 86479, "Plan Width": 40, "Actual Startup Time": 0.214, "Actual Total Time": 6094.059, "Actual Rows": 119765, "Actual Loops": 1, "Inner Unique": true, "Plans": [{"Node Type": "Nested Loop", "Parent Relationship": "Outer", "Join Type": "Inner", "Startup Cost": 0.0, "Total Cost": 480423.82, "Plan Rows": 74637, "Plan Width": 32, "Actual Startup Time": 0.077, "Actual Total Time": 2630.429, "Actual Rows": 395341, "Actual Loops": 1, "Inner Unique": false, "Plans": [{"Node Type": "Index Scan", "Parent Relationship": "Outer", "Scan Direction": "Forward", "Index Name": "part_kpey", "Relation Name": "part", "Alias": "part", "Startup Cost": 0.0, "Total Cost": 105803.25, "Plan Rows": 13538, "Plan Width": 8, "Actual Startup Time": 0.044, "Actual Total Time": 1377.295, "Actual Rows": 13163, "Actual Loops": 1, "Filter": "((p_type)::text = 'SMALL PLATED COPPER'::text)", "Rows Removed by Filter": 1986837}, {"Node Type": "Index Scan", "Parent Relationship": "Inner", "Scan Direction": "Forward", "Index Name": "idx_lineitem_part_supp", "Relation Name": "lineitem", "Alias": "lineitem", "Startup Cost": 0.0, "Total Cost": 27.61, "Plan Rows": 6, "Plan Width": 40, "Actual Startup Time": 157.831, "Actual Total Time": 1151.374, "Actual Rows": 395341, "Actual Loops": 13163, "Index Cond": "(l_partkey = part.p_partkey)", "Rows Removed by Index Recheck": 0}]}, {"Node Type": "Index Scan", "Parent Relationship": "Inner", "Scan Direction": "Forward", "Index Name": "orders_pkey", "Relation Name": "orders", "Alias": "orders", "Startup Cost": 0.0, "Total Cost": 0.3, "Plan Rows": 1, "Plan Width": 24, "Actual Startup Time": 3221.518, "Actual Total Time": 3221.518, "Actual Rows": 119765, "Actual Loops": 395341, "Index Cond": "(o_orderkey = lineitem.l_orderkey)", "Rows Removed by Index Recheck": 0, "Filter": "((o_orderdate >= '1995-01-01 00:00:00'::timestamp(0) without time zone) AND (o_orderdate <= '1996-12-31 00:00:00'::timestamp(0) without time zone))", "Rows Removed by Filter": 275576}]}, {"Node Type": "Hash", "Parent Relationship": "Inner", "Startup Cost": 5334.54, "Total Cost": 5334.54, "Plan Rows": 100000, "Plan Width": 12, "Actual Startup Time": 96.559, "Actual Total Time": 96.559, "Actual Rows": 100000, "Actual Loops": 1, "Hash Buckets": 131072, "Hash Batches": 1, "Original Hash Batches": 1, "Peak Memory Usage": 4297, "Plans": [{"Node Type": "Index Scan", "Parent Relationship": "Outer", "Scan Direction": "Forward", "Index Name": "supplier_pkey", "Relation Name": "supplier", "Alias": "supplier", "Startup Cost": 0.0, "Total Cost": 5334.54, "Plan Rows": 100000, "Plan Width": 12, "Actual Startup Time": 0.026, "Actual Total Time": 69.134, "Actual Rows": 100000, "Actual Loops": 1}]}]}, {"Node Type": "Index Scan", "Parent Relationship": "Inner", "Scan Direction": "Forward", "Index Name": "customer_pkey", "Relation Name": "customer", "Alias": "customer", "Startup Cost": 0.0, "Total Cost": 0.31, "Plan Rows": 1, "Plan Width": 12, "Actual Startup Time": 855.847, "Actual Total Time": 855.847, "Actual Rows": 119765, "Actual Loops": 119765, "Index Cond": "(c_custkey = orders.o_custkey)", "Rows Removed by Index Recheck": 0}]}, {"Node Type": "Hash", "Parent Relationship": "Inner", "Startup Cost": 12.62, "Total Cost": 12.62, "Plan Rows": 25, "Plan Width": 8, "Actual Startup Time": 0.03, "Actual Total Time": 0.03, "Actual Rows": 25, "Actual Loops": 1, "Hash Buckets": 32768, "Hash Batches": 1, "Original Hash Batches": 1, "Peak Memory Usage": 1, "Plans": [{"Node Type": "Index Scan", "Parent Relationship": "Outer", "Scan Direction": "Forward", "Index Name": "idx_nation_regionkey", "Relation Name": "nation", "Alias": "n1", "Startup Cost": 0.0, "Total Cost": 12.62, "Plan Rows": 25, "Plan Width": 8, "Actual Startup Time": 0.009, "Actual Total Time": 0.02, "Actual Rows": 25, "Actual Loops": 1}]}]}]}, {"Node Type": "Hash", "Parent Relationship": "Inner", "Startup Cost": 12.62, "Total Cost": 12.62, "Plan Rows": 25, "Plan Width": 30, "Actual Startup Time": 0.08, "Actual Total Time": 0.08, "Actual Rows": 25, "Actual Loops": 1, "Hash Buckets": 32768, "Hash Batches": 1, "Original Hash Batches": 1, "Peak Memory Usage": 2, "Plans": [{"Node Type": "Index Scan", "Parent Relationship": "Outer", "Scan Direction": "Forward", "Index Name": "nation_pkey", "Relation Name": "nation", "Alias": "n2", "Startup Cost": 0.0, "Total Cost": 12.62, "Plan Rows": 25, "Plan Width": 30, "Actual Startup Time": 0.04, "Actual Total Time": 0.061, "Actual Rows": 25, "Actual Loops": 1}]}]}]}]}, "Triggers": [], "Planner Runtime": 4, "Total Runtime": 7424.152, "Unique SQL Id": 3681808042}}, "(16, 10)": {"explain_plan": {"Plan": {"Node Type": "Sort", "Startup Cost": 2909305.92, "Total Cost": 2909305.94, "Plan Rows": 10, "Plan Width": 66, "Sort Key": ["(date_part('year'::text, orders.o_orderdate))"], "Plans": [{"Node Type": "Aggregate", "Strategy": "Hashed", "Parent Relationship": "Outer", "Startup Cost": 2909305.6, "Total Cost": 2909305.75, "Plan Rows": 10, "Plan Width": 66, "Group By Key": ["date_part('year'::text, orders.o_orderdate)"], "Plans": [{"Node Type": "Nested Loop", "Parent Relationship": "Outer", "Join Type": "Inner", "Startup Cost": 664846.82, "Total Cost": 2909185.78, "Plan Rows": 5991, "Plan Width": 50, "Inner Unique": true, "Join Filter": "(supplier.s_nationkey = n2.n_nationkey)", "Plans": [{"Node Type": "Hash Join", "Parent Relationship": "Outer", "Join Type": "Inner", "Startup Cost": 664846.82, "Total Cost": 2906922.86, "Plan Rows": 5991, "Plan Width": 28, "Inner Unique": true, "Hash Cond": "(lineitem.l_suppkey = supplier.s_suppkey)", "Plans": [{"Node Type": "Hash Join", "Parent Relationship": "Outer", "Join Type": "Inner", "Startup Cost": 660313.82, "Total Cost": 2902243.54, "Plan Rows": 17296, "Plan Width": 32, "Inner Unique": false, "Hash Cond": "(lineitem.l_orderkey = orders.o_orderkey)", "Plans": [{"Node Type": "Hash Join", "Parent Relationship": "Outer", "Join Type": "Inner", "Startup Cost": 67113.23, "Total Cost": 2307926.3, "Plan Rows": 74637, "Plan Width": 32, "Inner Unique": true, "Hash Cond": "(lineitem.l_partkey = part.p_partkey)", "Plans": [{"Node Type": "Seq Scan", "Parent Relationship": "Outer", "Relation Name": "lineitem", "Alias": "lineitem", "Startup Cost": 0.0, "Total Cost": 2015115.33, "Plan Rows": 59987033, "Plan Width": 40}, {"Node Type": "Hash", "Parent Relationship": "Inner", "Startup Cost": 66944.0, "Total Cost": 66944.0, "Plan Rows": 13538, "Plan Width": 8, "Plans": [{"Node Type": "Seq Scan", "Parent Relationship": "Outer", "Relation Name": "part", "Alias": "part", "Startup Cost": 0.0, "Total Cost": 66944.0, "Plan Rows": 13538, "Plan Width": 8, "Filter": "((p_type)::text = 'SMALL PLATED COPPER'::text)"}]}]}, {"Node Type": "Hash", "Parent Relationship": "Inner", "Startup Cost": 586571.9, "Total Cost": 586571.9, "Plan Rows": 530296, "Plan Width": 16, "Plans": [{"Node Type": "Hash Join", "Parent Relationship": "Outer", "Join Type": "Inner", "Startup Cost": 63058.22, "Total Cost": 586571.9, "Plan Rows": 530296, "Plan Width": 16, "Inner Unique": false, "Hash Cond": "(orders.o_custkey = customer.c_custkey), (LLVM Optimized)", "Plans": [{"Node Type": "Seq Scan", "Parent Relationship": "Outer", "Relation Name": "orders", "Alias": "orders", "Startup Cost": 195.35, "Total Cost": 501411.18, "Plan Rows": 4531967, "Plan Width": 24, "Filter": "((o_orderdate >= '1995-01-01 00:00:00'::timestamp(0) without time zone) AND (o_orderdate <= '1996-12-31 00:00:00'::timestamp(0) without time zone)), (LLVM Optimized)"}, {"Node Type": "Hash", "Parent Relationship": "Inner", "Startup Cost": 59112.88, "Total Cost": 59112.88, "Plan Rows": 300000, "Plan Width": 8, "Plans": [{"Node Type": "Hash Join", "Parent Relationship": "Outer", "Join Type": "Inner", "Startup Cost": 2.5, "Total Cost": 59112.88, "Plan Rows": 300000, "Plan Width": 8, "Inner Unique": false, "Hash Cond": "(customer.c_nationkey = n1.n_nationkey), (LLVM Optimized)", "Plans": [{"Node Type": "Seq Scan", "Parent Relationship": "Outer", "Relation Name": "customer", "Alias": "customer", "Startup Cost": 0.0, "Total Cost": 52126.0, "Plan Rows": 1500000, "Plan Width": 12}, {"Node Type": "Hash", "Parent Relationship": "Inner", "Startup Cost": 2.44, "Total Cost": 2.44, "Plan Rows": 5, "Plan Width": 4, "Plans": [{"Node Type": "Hash Join", "Parent Relationship": "Outer", "Join Type": "Inner", "Startup Cost": 1.07, "Total Cost": 2.44, "Plan Rows": 5, "Plan Width": 4, "Inner Unique": true, "Hash Cond": "(n1.n_regionkey = region.r_regionkey)", "Plans": [{"Node Type": "Seq Scan", "Parent Relationship": "Outer", "Relation Name": "nation", "Alias": "n1", "Startup Cost": 0.0, "Total Cost": 1.25, "Plan Rows": 25, "Plan Width": 8}, {"Node Type": "Hash", "Parent Relationship": "Inner", "Startup Cost": 1.06, "Total Cost": 1.06, "Plan Rows": 1, "Plan Width": 4, "Plans": [{"Node Type": "Seq Scan", "Parent Relationship": "Outer", "Relation Name": "region", "Alias": "region", "Startup Cost": 0.0, "Total Cost": 1.06, "Plan Rows": 1, "Plan Width": 4, "Filter": "(r_name = 'ASIA'::bpchar)"}]}]}]}]}]}]}]}]}, {"Node Type": "Hash", "Parent Relationship": "Inner", "Startup Cost": 3283.0, "Total Cost": 3283.0, "Plan Rows": 100000, "Plan Width": 12, "Plans": [{"Node Type": "Seq Scan", "Parent Relationship": "Outer", "Relation Name": "supplier", "Alias": "supplier", "Startup Cost": 0.0, "Total Cost": 3283.0, "Plan Rows": 100000, "Plan Width": 12}]}]}, {"Node Type": "Materialize", "Parent Relationship": "Inner", "Startup Cost": 0.0, "Total Cost": 1.38, "Plan Rows": 25, "Plan Width": 30, "Plans": [{"Node Type": "Seq Scan", "Parent Relationship": "Outer", "Relation Name": "nation", "Alias": "n2", "Startup Cost": 0.0, "Total Cost": 1.25, "Plan Rows": 25, "Plan Width": 30}]}]}]}]}, "Unique SQL Id": 3681808042, "Planner Runtime": 8}, "explain_analyze_plan": null}, "(16, 11)": {"explain_plan": {"Plan": {"Node Type": "Sort", "Startup Cost": 8018177364726.43, "Total Cost": 8018177364726.46, "Plan Rows": 10, "Plan Width": 66, "Sort Key": ["(date_part('year'::text, orders.o_orderdate))"], "Plans": [{"Node Type": "Aggregate", "Strategy": "Hashed", "Parent Relationship": "Outer", "Startup Cost": 8018177364726.12, "Total Cost": 8018177364726.27, "Plan Rows": 10, "Plan Width": 66, "Group By Key": ["date_part('year'::text, orders.o_orderdate)"], "Plans": [{"Node Type": "Nested Loop", "Parent Relationship": "Outer", "Join Type": "Inner", "Startup Cost": 80000000000.0, "Total Cost": 8018177364380.2, "Plan Rows": 17296, "Plan Width": 50, "Inner Unique": false, "Join Filter": "(supplier.s_suppkey = lineitem.l_suppkey)", "Plans": [{"Node Type": "Nested Loop", "Parent Relationship": "Outer", "Join Type": "Inner", "Startup Cost": 20000000000.0, "Total Cost": 2000000572216.94, "Plan Rows": 100000, "Plan Width": 34, "Inner Unique": true, "Join Filter": "(supplier.s_nationkey = n2.n_nationkey), (LLVM Optimized)", "Plans": [{"Node Type": "Index Scan", "Parent Relationship": "Outer", "Scan Direction": "Forward", "Index Name": "supplier_pkey", "Relation Name": "supplier", "Alias": "supplier", "Startup Cost": 10000000000.0, "Total Cost": 1000000533454.38, "Plan Rows": 100000, "Plan Width": 12}, {"Node Type": "Materialize", "Parent Relationship": "Inner", "Startup Cost": 10000000000.0, "Total Cost": 1000000001262.62, "Plan Rows": 25, "Plan Width": 30, "Plans": [{"Node Type": "Index Scan", "Parent Relationship": "Outer", "Scan Direction": "Forward", "Index Name": "nation_pkey", "Relation Name": "nation", "Alias": "n2", "Startup Cost": 10000000000.0, "Total Cost": 1000000001262.5, "Plan Rows": 25, "Plan Width": 30}]}]}, {"Node Type": "Materialize", "Parent Relationship": "Inner", "Startup Cost": 60000000000.0, "Total Cost": 6018150848163.26, "Plan Rows": 17296, "Plan Width": 32, "Plans": [{"Node Type": "Nested Loop", "Parent Relationship": "Outer", "Join Type": "Inner", "Startup Cost": 60000000000.0, "Total Cost": 6018150848076.78, "Plan Rows": 17296, "Plan Width": 32, "Inner Unique": false, "Join Filter": "(orders.o_custkey = customer.c_custkey)", "Plans": [{"Node Type": "Nested Loop", "Parent Relationship": "Outer", "Join Type": "Inner", "Startup Cost": 30000000000.0, "Total Cost": 3017753500294.51, "Plan Rows": 86479, "Plan Width": 40, "Inner Unique": false, "Join Filter": "(lineitem.l_orderkey = orders.o_orderkey)", "Plans": [{"Node Type": "Index Scan", "Parent Relationship": "Outer", "Scan Direction": "Forward", "Index Name": "idx_orders_custkey", "Relation Name": "orders", "Alias": "orders", "Startup Cost": 10000000000.0, "Total Cost": 1000163551268.58, "Plan Rows": 4531967, "Plan Width": 24, "Filter": "((o_orderdate >= '1995-01-01 00:00:00'::timestamp(0) without time zone) AND (o_orderdate <= '1996-12-31 00:00:00'::timestamp(0) without time zone)), (LLVM Optimized)"}, {"Node Type": "Materialize", "Parent Relationship": "Inner", "Startup Cost": 20000000000.0, "Total Cost": 2012516162897.84, "Plan Rows": 74637, "Plan Width": 32, "Plans": [{"Node Type": "Nested Loop", "Parent Relationship": "Outer", "Join Type": "Inner", "Startup Cost": 20000000000.0, "Total Cost": 2012516162524.66, "Plan Rows": 74637, "Plan Width": 32, "Inner Unique": true, "Join Filter": "(part.p_partkey = lineitem.l_partkey)", "Plans": [{"Node Type": "Index Scan", "Parent Relationship": "Outer", "Scan Direction": "Forward", "Index Name": "idx_lineitem_orderkey", "Relation Name": "lineitem", "Alias": "lineitem", "Startup Cost": 10000000000.0, "Total Cost": 1000324015374.5, "Plan Rows": 59987033, "Plan Width": 40}, {"Node Type": "Materialize", "Parent Relationship": "Inner", "Startup Cost": 10000000000.0, "Total Cost": 1000010580392.69, "Plan Rows": 13538, "Plan Width": 8, "Plans": [{"Node Type": "Index Scan", "Parent Relationship": "Outer", "Scan Direction": "Forward", "Index Name": "part_kpey", "Relation Name": "part", "Alias": "part", "Startup Cost": 10000000000.0, "Total Cost": 1000010580325.0, "Plan Rows": 13538, "Plan Width": 8, "Filter": "((p_type)::text = 'SMALL PLATED COPPER'::text)"}]}]}]}]}, {"Node Type": "Materialize", "Parent Relationship": "Inner", "Startup Cost": 30000000000.0, "Total Cost": 3000008193032.26, "Plan Rows": 300000, "Plan Width": 8, "Plans": [{"Node Type": "Nested Loop", "Parent Relationship": "Outer", "Join Type": "Inner", "Startup Cost": 30000000000.0, "Total Cost": 3000008191532.26, "Plan Rows": 300000, "Plan Width": 8, "Inner Unique": false, "Join Filter": "(n1.n_nationkey = customer.c_nationkey), (LLVM Optimized)", "Plans": [{"Node Type": "Index Scan", "Parent Relationship": "Outer", "Scan Direction": "Forward", "Index Name": "customer_pkey", "Relation Name": "customer", "Alias": "customer", "Startup Cost": 10000000000.0, "Total Cost": 1000008076535.62, "Plan Rows": 1500000, "Plan Width": 12}, {"Node Type": "Materialize", "Parent Relationship": "Inner", "Startup Cost": 20000000000.0, "Total Cost": 2000000002496.65, "Plan Rows": 5, "Plan Width": 4, "Plans": [{"Node Type": "Nested Loop", "Parent Relationship": "Outer", "Join Type": "Inner", "Startup Cost": 20000000000.0, "Total Cost": 2000000002496.63, "Plan Rows": 5, "Plan Width": 4, "Inner Unique": true, "Join Filter": "(n1.n_regionkey = region.r_regionkey)", "Plans": [{"Node Type": "Index Scan", "Parent Relationship": "Outer", "Scan Direction": "Forward", "Index Name": "nation_pkey", "Relation Name": "nation", "Alias": "n1", "Startup Cost": 10000000000.0, "Total Cost": 1000000001262.5, "Plan Rows": 25, "Plan Width": 8}, {"Node Type": "Materialize", "Parent Relationship": "Inner", "Startup Cost": 10000000000.0, "Total Cost": 1000000001233.76, "Plan Rows": 1, "Plan Width": 4, "Plans": [{"Node Type": "Index Scan", "Parent Relationship": "Outer", "Scan Direction": "Forward", "Index Name": "region_pkey", "Relation Name": "region", "Alias": "region", "Startup Cost": 10000000000.0, "Total Cost": 1000000001233.75, "Plan Rows": 1, "Plan Width": 4, "Filter": "(r_name = 'ASIA'::bpchar)"}]}]}]}]}]}]}]}]}]}]}, "Unique SQL Id": 3681808042, "Planner Runtime": 11}, "explain_analyze_plan": null}, "(16, 12)": {"explain_plan": {"Plan": {"Node Type": "Sort", "Startup Cost": 486630.31, "Total Cost": 486630.33, "Plan Rows": 10, "Plan Width": 66, "Sort Key": ["(date_part('year'::text, orders.o_orderdate))"], "Plans": [{"Node Type": "Aggregate", "Strategy": "Hashed", "Parent Relationship": "Outer", "Startup Cost": 486629.99, "Total Cost": 486630.14, "Plan Rows": 10, "Plan Width": 66, "Group By Key": ["date_part('year'::text, orders.o_orderdate)"], "Plans": [{"Node Type": "Hash Join", "Parent Relationship": "Outer", "Join Type": "Inner", "Startup Cost": 4536.12, "Total Cost": 486510.17, "Plan Rows": 5991, "Plan Width": 50, "Inner Unique": true, "Hash Cond": "(supplier.s_nationkey = n2.n_nationkey)", "Plans": [{"Node Type": "Nested Loop", "Parent Relationship": "Outer", "Join Type": "Inner", "Startup Cost": 4534.56, "Total Cost": 486417.81, "Plan Rows": 5991, "Plan Width": 28, "Inner Unique": false, "Join Filter": "(n1.n_regionkey = region.r_regionkey)", "Plans": [{"Node Type": "Seq Scan", "Parent Relationship": "Outer", "Relation Name": "region", "Alias": "region", "Startup Cost": 0.0, "Total Cost": 1.06, "Plan Rows": 1, "Plan Width": 4, "Filter": "(r_name = 'ASIA'::bpchar)"}, {"Node Type": "Hash Join", "Parent Relationship": "Inner", "Join Type": "Inner", "Startup Cost": 4534.56, "Total Cost": 486042.32, "Plan Rows": 29954, "Plan Width": 32, "Inner Unique": true, "Hash Cond": "(customer.c_nationkey = n1.n_nationkey)", "Plans": [{"Node Type": "Nested Loop", "Parent Relationship": "Outer", "Join Type": "Inner", "Startup Cost": 4533.0, "Total Cost": 485661.65, "Plan Rows": 29954, "Plan Width": 32, "Inner Unique": true, "Plans": [{"Node Type": "Hash Join", "Parent Relationship": "Outer", "Join Type": "Inner", "Startup Cost": 4533.0, "Total Cost": 469409.78, "Plan Rows": 51198, "Plan Width": 36, "Inner Unique": true, "Hash Cond": "(lineitem.l_suppkey = supplier.s_suppkey)", "Plans": [{"Node Type": "Nested Loop", "Parent Relationship": "Outer", "Join Type": "Inner", "Startup Cost": 0.0, "Total Cost": 464497.44, "Plan Rows": 86479, "Plan Width": 40, "Inner Unique": true, "Plans": [{"Node Type": "Nested Loop", "Parent Relationship": "Outer", "Join Type": "Inner", "Startup Cost": 0.0, "Total Cost": 441564.57, "Plan Rows": 74637, "Plan Width": 32, "Inner Unique": false, "Plans": [{"Node Type": "Seq Scan", "Parent Relationship": "Outer", "Relation Name": "part", "Alias": "part", "Startup Cost": 0.0, "Total Cost": 66944.0, "Plan Rows": 13538, "Plan Width": 8, "Filter": "((p_type)::text = 'SMALL PLATED COPPER'::text)"}, {"Node Type": "Index Scan", "Parent Relationship": "Inner", "Scan Direction": "Forward", "Index Name": "idx_lineitem_part_supp", "Relation Name": "lineitem", "Alias": "lineitem", "Startup Cost": 0.0, "Total Cost": 27.61, "Plan Rows": 6, "Plan Width": 40, "Index Cond": "(l_partkey = part.p_partkey)"}]}, {"Node Type": "Index Scan", "Parent Relationship": "Inner", "Scan Direction": "Forward", "Index Name": "orders_pkey", "Relation Name": "orders", "Alias": "orders", "Startup Cost": 0.0, "Total Cost": 0.3, "Plan Rows": 1, "Plan Width": 24, "Index Cond": "(o_orderkey = lineitem.l_orderkey)", "Filter": "((o_orderdate >= '1995-01-01 00:00:00'::timestamp(0) without time zone) AND (o_orderdate <= '1996-12-31 00:00:00'::timestamp(0) without time zone))"}]}, {"Node Type": "Hash", "Parent Relationship": "Inner", "Startup Cost": 3283.0, "Total Cost": 3283.0, "Plan Rows": 100000, "Plan Width": 12, "Plans": [{"Node Type": "Seq Scan", "Parent Relationship": "Outer", "Relation Name": "supplier", "Alias": "supplier", "Startup Cost": 0.0, "Total Cost": 3283.0, "Plan Rows": 100000, "Plan Width": 12}]}]}, {"Node Type": "Index Scan", "Parent Relationship": "Inner", "Scan Direction": "Forward", "Index Name": "customer_pkey", "Relation Name": "customer", "Alias": "customer", "Startup Cost": 0.0, "Total Cost": 0.31, "Plan Rows": 1, "Plan Width": 12, "Index Cond": "(c_custkey = orders.o_custkey)"}]}, {"Node Type": "Hash", "Parent Relationship": "Inner", "Startup Cost": 1.25, "Total Cost": 1.25, "Plan Rows": 25, "Plan Width": 8, "Plans": [{"Node Type": "Seq Scan", "Parent Relationship": "Outer", "Relation Name": "nation", "Alias": "n1", "Startup Cost": 0.0, "Total Cost": 1.25, "Plan Rows": 25, "Plan Width": 8}]}]}]}, {"Node Type": "Hash", "Parent Relationship": "Inner", "Startup Cost": 1.25, "Total Cost": 1.25, "Plan Rows": 25, "Plan Width": 30, "Plans": [{"Node Type": "Seq Scan", "Parent Relationship": "Outer", "Relation Name": "nation", "Alias": "n2", "Startup Cost": 0.0, "Total Cost": 1.25, "Plan Rows": 25, "Plan Width": 30}]}]}]}]}, "Unique SQL Id": 3681808042, "Planner Runtime": 8}, "explain_analyze_plan": {"Plan": {"Node Type": "Sort", "Startup Cost": 486630.31, "Total Cost": 486630.33, "Plan Rows": 10, "Plan Width": 66, "Actual Startup Time": 6657.822, "Actual Total Time": 6657.822, "Actual Rows": 2, "Actual Loops": 1, "Sort Key": ["(date_part('year'::text, orders.o_orderdate))"], "Sort Method": "quicksort", "Sort Space Used": 25, "Sort Space Type": "Memory", "Plans": [{"Node Type": "Aggregate", "Strategy": "Hashed", "Parent Relationship": "Outer", "Startup Cost": 486629.99, "Total Cost": 486630.14, "Plan Rows": 10, "Plan Width": 66, "Actual Startup Time": 6657.801, "Actual Total Time": 6657.801, "Actual Rows": 2, "Actual Loops": 1, "Group By Key": ["date_part('year'::text, orders.o_orderdate)"], "Plans": [{"Node Type": "Hash Join", "Parent Relationship": "Outer", "Join Type": "Inner", "Startup Cost": 4536.12, "Total Cost": 486510.17, "Plan Rows": 5991, "Plan Width": 50, "Actual Startup Time": 63.991, "Actual Total Time": 6619.798, "Actual Rows": 23929, "Actual Loops": 1, "Inner Unique": true, "Hash Cond": "(supplier.s_nationkey = n2.n_nationkey)", "Plans": [{"Node Type": "Nested Loop", "Parent Relationship": "Outer", "Join Type": "Inner", "Startup Cost": 4534.56, "Total Cost": 486417.81, "Plan Rows": 5991, "Plan Width": 28, "Actual Startup Time": 63.894, "Actual Total Time": 6584.866, "Actual Rows": 23929, "Actual Loops": 1, "Inner Unique": false, "Join Filter": "(n1.n_regionkey = region.r_regionkey)", "Rows Removed by Join Filter": 95836, "Plans": [{"Node Type": "Seq Scan", "Parent Relationship": "Outer", "Relation Name": "region", "Alias": "region", "Startup Cost": 0.0, "Total Cost": 1.06, "Plan Rows": 1, "Plan Width": 4, "Actual Startup Time": 0.01, "Actual Total Time": 0.014, "Actual Rows": 1, "Actual Loops": 1, "Filter": "(r_name = 'ASIA'::bpchar)", "Rows Removed by Filter": 4}, {"Node Type": "Hash Join", "Parent Relationship": "Inner", "Join Type": "Inner", "Startup Cost": 4534.56, "Total Cost": 486042.32, "Plan Rows": 29954, "Plan Width": 32, "Actual Startup Time": 63.701, "Actual Total Time": 6550.731, "Actual Rows": 119765, "Actual Loops": 1, "Inner Unique": true, "Hash Cond": "(customer.c_nationkey = n1.n_nationkey)", "Plans": [{"Node Type": "Nested Loop", "Parent Relationship": "Outer", "Join Type": "Inner", "Startup Cost": 4533.0, "Total Cost": 485661.65, "Plan Rows": 29954, "Plan Width": 32, "Actual Startup Time": 63.645, "Actual Total Time": 6479.463, "Actual Rows": 119765, "Actual Loops": 1, "Inner Unique": true, "Plans": [{"Node Type": "Hash Join", "Parent Relationship": "Outer", "Join Type": "Inner", "Startup Cost": 4533.0, "Total Cost": 469409.78, "Plan Rows": 51198, "Plan Width": 36, "Actual Startup Time": 63.597, "Actual Total Time": 5532.269, "Actual Rows": 119765, "Actual Loops": 1, "Inner Unique": true, "Hash Cond": "(lineitem.l_suppkey = supplier.s_suppkey)", "Plans": [{"Node Type": "Nested Loop", "Parent Relationship": "Outer", "Join Type": "Inner", "Startup Cost": 0.0, "Total Cost": 464497.44, "Plan Rows": 86479, "Plan Width": 40, "Actual Startup Time": 0.138, "Actual Total Time": 5382.924, "Actual Rows": 119765, "Actual Loops": 1, "Inner Unique": true, "Plans": [{"Node Type": "Nested Loop", "Parent Relationship": "Outer", "Join Type": "Inner", "Startup Cost": 0.0, "Total Cost": 441564.57, "Plan Rows": 74637, "Plan Width": 32, "Actual Startup Time": 0.036, "Actual Total Time": 1994.019, "Actual Rows": 395341, "Actual Loops": 1, "Inner Unique": false, "Plans": [{"Node Type": "Seq Scan", "Parent Relationship": "Outer", "Relation Name": "part", "Alias": "part", "Startup Cost": 0.0, "Total Cost": 66944.0, "Plan Rows": 13538, "Plan Width": 8, "Actual Startup Time": 0.014, "Actual Total Time": 761.161, "Actual Rows": 13163, "Actual Loops": 1, "Filter": "((p_type)::text = 'SMALL PLATED COPPER'::text)", "Rows Removed by Filter": 1986837}, {"Node Type": "Index Scan", "Parent Relationship": "Inner", "Scan Direction": "Forward", "Index Name": "idx_lineitem_part_supp", "Relation Name": "lineitem", "Alias": "lineitem", "Startup Cost": 0.0, "Total Cost": 27.61, "Plan Rows": 6, "Plan Width": 40, "Actual Startup Time": 155.365, "Actual Total Time": 1131.429, "Actual Rows": 395341, "Actual Loops": 13163, "Index Cond": "(l_partkey = part.p_partkey)", "Rows Removed by Index Recheck": 0}]}, {"Node Type": "Index Scan", "Parent Relationship": "Inner", "Scan Direction": "Forward", "Index Name": "orders_pkey", "Relation Name": "orders", "Alias": "orders", "Startup Cost": 0.0, "Total Cost": 0.3, "Plan Rows": 1, "Plan Width": 24, "Actual Startup Time": 3151.57, "Actual Total Time": 3151.57, "Actual Rows": 119765, "Actual Loops": 395341, "Index Cond": "(o_orderkey = lineitem.l_orderkey)", "Rows Removed by Index Recheck": 0, "Filter": "((o_orderdate >= '1995-01-01 00:00:00'::timestamp(0) without time zone) AND (o_orderdate <= '1996-12-31 00:00:00'::timestamp(0) without time zone))", "Rows Removed by Filter": 275576}]}, {"Node Type": "Hash", "Parent Relationship": "Inner", "Startup Cost": 3283.0, "Total Cost": 3283.0, "Plan Rows": 100000, "Plan Width": 12, "Actual Startup Time": 63.334, "Actual Total Time": 63.334, "Actual Rows": 100000, "Actual Loops": 1, "Hash Buckets": 131072, "Hash Batches": 1, "Original Hash Batches": 1, "Peak Memory Usage": 4297, "Plans": [{"Node Type": "Seq Scan", "Parent Relationship": "Outer", "Relation Name": "supplier", "Alias": "supplier", "Startup Cost": 0.0, "Total Cost": 3283.0, "Plan Rows": 100000, "Plan Width": 12, "Actual Startup Time": 0.012, "Actual Total Time": 36.132, "Actual Rows": 100000, "Actual Loops": 1}]}]}, {"Node Type": "Index Scan", "Parent Relationship": "Inner", "Scan Direction": "Forward", "Index Name": "customer_pkey", "Relation Name": "customer", "Alias": "customer", "Startup Cost": 0.0, "Total Cost": 0.31, "Plan Rows": 1, "Plan Width": 12, "Actual Startup Time": 838.481, "Actual Total Time": 838.481, "Actual Rows": 119765, "Actual Loops": 119765, "Index Cond": "(c_custkey = orders.o_custkey)", "Rows Removed by Index Recheck": 0}]}, {"Node Type": "Hash", "Parent Relationship": "Inner", "Startup Cost": 1.25, "Total Cost": 1.25, "Plan Rows": 25, "Plan Width": 8, "Actual Startup Time": 0.02, "Actual Total Time": 0.02, "Actual Rows": 25, "Actual Loops": 1, "Hash Buckets": 32768, "Hash Batches": 1, "Original Hash Batches": 1, "Peak Memory Usage": 1, "Plans": [{"Node Type": "Seq Scan", "Parent Relationship": "Outer", "Relation Name": "nation", "Alias": "n1", "Startup Cost": 0.0, "Total Cost": 1.25, "Plan Rows": 25, "Plan Width": 8, "Actual Startup Time": 0.007, "Actual Total Time": 0.012, "Actual Rows": 25, "Actual Loops": 1}]}]}]}, {"Node Type": "Hash", "Parent Relationship": "Inner", "Startup Cost": 1.25, "Total Cost": 1.25, "Plan Rows": 25, "Plan Width": 30, "Actual Startup Time": 0.04, "Actual Total Time": 0.04, "Actual Rows": 25, "Actual Loops": 1, "Hash Buckets": 32768, "Hash Batches": 1, "Original Hash Batches": 1, "Peak Memory Usage": 2, "Plans": [{"Node Type": "Seq Scan", "Parent Relationship": "Outer", "Relation Name": "nation", "Alias": "n2", "Startup Cost": 0.0, "Total Cost": 1.25, "Plan Rows": 25, "Plan Width": 30, "Actual Startup Time": 0.019, "Actual Total Time": 0.025, "Actual Rows": 25, "Actual Loops": 1}]}]}]}]}, "Triggers": [], "Planner Runtime": 5, "Total Runtime": 6658.228, "Unique SQL Id": 3681808042}}, "(16, 13)": {"explain_plan": {"Plan": {"Node Type": "Sort", "Startup Cost": 527575.13, "Total Cost": 527575.15, "Plan Rows": 10, "Plan Width": 66, "Sort Key": ["(date_part('year'::text, orders.o_orderdate))"], "Plans": [{"Node Type": "Aggregate", "Strategy": "Hashed", "Parent Relationship": "Outer", "Startup Cost": 527574.81, "Total Cost": 527574.96, "Plan Rows": 10, "Plan Width": 66, "Group By Key": ["date_part('year'::text, orders.o_orderdate)"], "Plans": [{"Node Type": "Hash Join", "Parent Relationship": "Outer", "Join Type": "Inner", "Startup Cost": 6610.42, "Total Cost": 527454.99, "Plan Rows": 5991, "Plan Width": 50, "Inner Unique": true, "Hash Cond": "(supplier.s_nationkey = n2.n_nationkey)", "Plans": [{"Node Type": "Nested Loop", "Parent Relationship": "Outer", "Join Type": "Inner", "Startup Cost": 6597.48, "Total Cost": 527351.25, "Plan Rows": 5991, "Plan Width": 28, "Inner Unique": false, "Join Filter": "(n1.n_regionkey = region.r_regionkey)", "Plans": [{"Node Type": "Index Scan", "Parent Relationship": "Outer", "Scan Direction": "Forward", "Index Name": "region_pkey", "Relation Name": "region", "Alias": "region", "Startup Cost": 0.0, "Total Cost": 12.34, "Plan Rows": 1, "Plan Width": 4, "Filter": "(r_name = 'ASIA'::bpchar)"}, {"Node Type": "Hash Join", "Parent Relationship": "Inner", "Join Type": "Inner", "Startup Cost": 6597.48, "Total Cost": 526964.49, "Plan Rows": 29954, "Plan Width": 32, "Inner Unique": true, "Hash Cond": "(customer.c_nationkey = n1.n_nationkey)", "Plans": [{"Node Type": "Nested Loop", "Parent Relationship": "Outer", "Join Type": "Inner", "Startup Cost": 6584.54, "Total Cost": 526572.45, "Plan Rows": 29954, "Plan Width": 32, "Inner Unique": true, "Plans": [{"Node Type": "Hash Join", "Parent Relationship": "Outer", "Join Type": "Inner", "Startup Cost": 6584.54, "Total Cost": 510320.57, "Plan Rows": 51198, "Plan Width": 36, "Inner Unique": true, "Hash Cond": "(lineitem.l_suppkey = supplier.s_suppkey)", "Plans": [{"Node Type": "Nested Loop", "Parent Relationship": "Outer", "Join Type": "Inner", "Startup Cost": 0.0, "Total Cost": 503356.69, "Plan Rows": 86479, "Plan Width": 40, "Inner Unique": true, "Plans": [{"Node Type": "Nested Loop", "Parent Relationship": "Outer", "Join Type": "Inner", "Startup Cost": 0.0, "Total Cost": 480423.82, "Plan Rows": 74637, "Plan Width": 32, "Inner Unique": false, "Plans": [{"Node Type": "Index Scan", "Parent Relationship": "Outer", "Scan Direction": "Forward", "Index Name": "part_kpey", "Relation Name": "part", "Alias": "part", "Startup Cost": 0.0, "Total Cost": 105803.25, "Plan Rows": 13538, "Plan Width": 8, "Filter": "((p_type)::text = 'SMALL PLATED COPPER'::text)"}, {"Node Type": "Index Scan", "Parent Relationship": "Inner", "Scan Direction": "Forward", "Index Name": "idx_lineitem_part_supp", "Relation Name": "lineitem", "Alias": "lineitem", "Startup Cost": 0.0, "Total Cost": 27.61, "Plan Rows": 6, "Plan Width": 40, "Index Cond": "(l_partkey = part.p_partkey)"}]}, {"Node Type": "Index Scan", "Parent Relationship": "Inner", "Scan Direction": "Forward", "Index Name": "orders_pkey", "Relation Name": "orders", "Alias": "orders", "Startup Cost": 0.0, "Total Cost": 0.3, "Plan Rows": 1, "Plan Width": 24, "Index Cond": "(o_orderkey = lineitem.l_orderkey)", "Filter": "((o_orderdate >= '1995-01-01 00:00:00'::timestamp(0) without time zone) AND (o_orderdate <= '1996-12-31 00:00:00'::timestamp(0) without time zone))"}]}, {"Node Type": "Hash", "Parent Relationship": "Inner", "Startup Cost": 5334.54, "Total Cost": 5334.54, "Plan Rows": 100000, "Plan Width": 12, "Plans": [{"Node Type": "Index Scan", "Parent Relationship": "Outer", "Scan Direction": "Forward", "Index Name": "supplier_pkey", "Relation Name": "supplier", "Alias": "supplier", "Startup Cost": 0.0, "Total Cost": 5334.54, "Plan Rows": 100000, "Plan Width": 12}]}]}, {"Node Type": "Index Scan", "Parent Relationship": "Inner", "Scan Direction": "Forward", "Index Name": "customer_pkey", "Relation Name": "customer", "Alias": "customer", "Startup Cost": 0.0, "Total Cost": 0.31, "Plan Rows": 1, "Plan Width": 12, "Index Cond": "(c_custkey = orders.o_custkey)"}]}, {"Node Type": "Hash", "Parent Relationship": "Inner", "Startup Cost": 12.62, "Total Cost": 12.62, "Plan Rows": 25, "Plan Width": 8, "Plans": [{"Node Type": "Index Scan", "Parent Relationship": "Outer", "Scan Direction": "Forward", "Index Name": "idx_nation_regionkey", "Relation Name": "nation", "Alias": "n1", "Startup Cost": 0.0, "Total Cost": 12.62, "Plan Rows": 25, "Plan Width": 8}]}]}]}, {"Node Type": "Hash", "Parent Relationship": "Inner", "Startup Cost": 12.62, "Total Cost": 12.62, "Plan Rows": 25, "Plan Width": 30, "Plans": [{"Node Type": "Index Scan", "Parent Relationship": "Outer", "Scan Direction": "Forward", "Index Name": "nation_pkey", "Relation Name": "nation", "Alias": "n2", "Startup Cost": 0.0, "Total Cost": 12.62, "Plan Rows": 25, "Plan Width": 30}]}]}]}]}, "Unique SQL Id": 3681808042, "Planner Runtime": 7}, "explain_analyze_plan": {"Plan": {"Node Type": "Sort", "Startup Cost": 527575.13, "Total Cost": 527575.15, "Plan Rows": 10, "Plan Width": 66, "Actual Startup Time": 7423.557, "Actual Total Time": 7423.558, "Actual Rows": 2, "Actual Loops": 1, "Sort Key": ["(date_part('year'::text, orders.o_orderdate))"], "Sort Method": "quicksort", "Sort Space Used": 25, "Sort Space Type": "Memory", "Plans": [{"Node Type": "Aggregate", "Strategy": "Hashed", "Parent Relationship": "Outer", "Startup Cost": 527574.81, "Total Cost": 527574.96, "Plan Rows": 10, "Plan Width": 66, "Actual Startup Time": 7423.523, "Actual Total Time": 7423.524, "Actual Rows": 2, "Actual Loops": 1, "Group By Key": ["date_part('year'::text, orders.o_orderdate)"], "Plans": [{"Node Type": "Hash Join", "Parent Relationship": "Outer", "Join Type": "Inner", "Startup Cost": 6610.42, "Total Cost": 527454.99, "Plan Rows": 5991, "Plan Width": 50, "Actual Startup Time": 97.403, "Actual Total Time": 7385.928, "Actual Rows": 23929, "Actual Loops": 1, "Inner Unique": true, "Hash Cond": "(supplier.s_nationkey = n2.n_nationkey)", "Plans": [{"Node Type": "Nested Loop", "Parent Relationship": "Outer", "Join Type": "Inner", "Startup Cost": 6597.48, "Total Cost": 527351.25, "Plan Rows": 5991, "Plan Width": 28, "Actual Startup Time": 97.231, "Actual Total Time": 7349.016, "Actual Rows": 23929, "Actual Loops": 1, "Inner Unique": false, "Join Filter": "(n1.n_regionkey = region.r_regionkey)", "Rows Removed by Join Filter": 95836, "Plans": [{"Node Type": "Index Scan", "Parent Relationship": "Outer", "Scan Direction": "Forward", "Index Name": "region_pkey", "Relation Name": "region", "Alias": "region", "Startup Cost": 0.0, "Total Cost": 12.34, "Plan Rows": 1, "Plan Width": 4, "Actual Startup Time": 0.024, "Actual Total Time": 0.142, "Actual Rows": 1, "Actual Loops": 1, "Filter": "(r_name = 'ASIA'::bpchar)", "Rows Removed by Filter": 4}, {"Node Type": "Hash Join", "Parent Relationship": "Inner", "Join Type": "Inner", "Startup Cost": 6597.48, "Total Cost": 526964.49, "Plan Rows": 29954, "Plan Width": 32, "Actual Startup Time": 97.012, "Actual Total Time": 7313.861, "Actual Rows": 119765, "Actual Loops": 1, "Inner Unique": true, "Hash Cond": "(customer.c_nationkey = n1.n_nationkey)", "Plans": [{"Node Type": "Nested Loop", "Parent Relationship": "Outer", "Join Type": "Inner", "Startup Cost": 6584.54, "Total Cost": 526572.45, "Plan Rows": 29954, "Plan Width": 32, "Actual Startup Time": 96.932, "Actual Total Time": 7244.756, "Actual Rows": 119765, "Actual Loops": 1, "Inner Unique": true, "Plans": [{"Node Type": "Hash Join", "Parent Relationship": "Outer", "Join Type": "Inner", "Startup Cost": 6584.54, "Total Cost": 510320.57, "Plan Rows": 51198, "Plan Width": 36, "Actual Startup Time": 96.902, "Actual Total Time": 6278.594, "Actual Rows": 119765, "Actual Loops": 1, "Inner Unique": true, "Hash Cond": "(lineitem.l_suppkey = supplier.s_suppkey)", "Plans": [{"Node Type": "Nested Loop", "Parent Relationship": "Outer", "Join Type": "Inner", "Startup Cost": 0.0, "Total Cost": 503356.69, "Plan Rows": 86479, "Plan Width": 40, "Actual Startup Time": 0.214, "Actual Total Time": 6094.059, "Actual Rows": 119765, "Actual Loops": 1, "Inner Unique": true, "Plans": [{"Node Type": "Nested Loop", "Parent Relationship": "Outer", "Join Type": "Inner", "Startup Cost": 0.0, "Total Cost": 480423.82, "Plan Rows": 74637, "Plan Width": 32, "Actual Startup Time": 0.077, "Actual Total Time": 2630.429, "Actual Rows": 395341, "Actual Loops": 1, "Inner Unique": false, "Plans": [{"Node Type": "Index Scan", "Parent Relationship": "Outer", "Scan Direction": "Forward", "Index Name": "part_kpey", "Relation Name": "part", "Alias": "part", "Startup Cost": 0.0, "Total Cost": 105803.25, "Plan Rows": 13538, "Plan Width": 8, "Actual Startup Time": 0.044, "Actual Total Time": 1377.295, "Actual Rows": 13163, "Actual Loops": 1, "Filter": "((p_type)::text = 'SMALL PLATED COPPER'::text)", "Rows Removed by Filter": 1986837}, {"Node Type": "Index Scan", "Parent Relationship": "Inner", "Scan Direction": "Forward", "Index Name": "idx_lineitem_part_supp", "Relation Name": "lineitem", "Alias": "lineitem", "Startup Cost": 0.0, "Total Cost": 27.61, "Plan Rows": 6, "Plan Width": 40, "Actual Startup Time": 157.831, "Actual Total Time": 1151.374, "Actual Rows": 395341, "Actual Loops": 13163, "Index Cond": "(l_partkey = part.p_partkey)", "Rows Removed by Index Recheck": 0}]}, {"Node Type": "Index Scan", "Parent Relationship": "Inner", "Scan Direction": "Forward", "Index Name": "orders_pkey", "Relation Name": "orders", "Alias": "orders", "Startup Cost": 0.0, "Total Cost": 0.3, "Plan Rows": 1, "Plan Width": 24, "Actual Startup Time": 3221.518, "Actual Total Time": 3221.518, "Actual Rows": 119765, "Actual Loops": 395341, "Index Cond": "(o_orderkey = lineitem.l_orderkey)", "Rows Removed by Index Recheck": 0, "Filter": "((o_orderdate >= '1995-01-01 00:00:00'::timestamp(0) without time zone) AND (o_orderdate <= '1996-12-31 00:00:00'::timestamp(0) without time zone))", "Rows Removed by Filter": 275576}]}, {"Node Type": "Hash", "Parent Relationship": "Inner", "Startup Cost": 5334.54, "Total Cost": 5334.54, "Plan Rows": 100000, "Plan Width": 12, "Actual Startup Time": 96.559, "Actual Total Time": 96.559, "Actual Rows": 100000, "Actual Loops": 1, "Hash Buckets": 131072, "Hash Batches": 1, "Original Hash Batches": 1, "Peak Memory Usage": 4297, "Plans": [{"Node Type": "Index Scan", "Parent Relationship": "Outer", "Scan Direction": "Forward", "Index Name": "supplier_pkey", "Relation Name": "supplier", "Alias": "supplier", "Startup Cost": 0.0, "Total Cost": 5334.54, "Plan Rows": 100000, "Plan Width": 12, "Actual Startup Time": 0.026, "Actual Total Time": 69.134, "Actual Rows": 100000, "Actual Loops": 1}]}]}, {"Node Type": "Index Scan", "Parent Relationship": "Inner", "Scan Direction": "Forward", "Index Name": "customer_pkey", "Relation Name": "customer", "Alias": "customer", "Startup Cost": 0.0, "Total Cost": 0.31, "Plan Rows": 1, "Plan Width": 12, "Actual Startup Time": 855.847, "Actual Total Time": 855.847, "Actual Rows": 119765, "Actual Loops": 119765, "Index Cond": "(c_custkey = orders.o_custkey)", "Rows Removed by Index Recheck": 0}]}, {"Node Type": "Hash", "Parent Relationship": "Inner", "Startup Cost": 12.62, "Total Cost": 12.62, "Plan Rows": 25, "Plan Width": 8, "Actual Startup Time": 0.03, "Actual Total Time": 0.03, "Actual Rows": 25, "Actual Loops": 1, "Hash Buckets": 32768, "Hash Batches": 1, "Original Hash Batches": 1, "Peak Memory Usage": 1, "Plans": [{"Node Type": "Index Scan", "Parent Relationship": "Outer", "Scan Direction": "Forward", "Index Name": "idx_nation_regionkey", "Relation Name": "nation", "Alias": "n1", "Startup Cost": 0.0, "Total Cost": 12.62, "Plan Rows": 25, "Plan Width": 8, "Actual Startup Time": 0.009, "Actual Total Time": 0.02, "Actual Rows": 25, "Actual Loops": 1}]}]}]}, {"Node Type": "Hash", "Parent Relationship": "Inner", "Startup Cost": 12.62, "Total Cost": 12.62, "Plan Rows": 25, "Plan Width": 30, "Actual Startup Time": 0.08, "Actual Total Time": 0.08, "Actual Rows": 25, "Actual Loops": 1, "Hash Buckets": 32768, "Hash Batches": 1, "Original Hash Batches": 1, "Peak Memory Usage": 2, "Plans": [{"Node Type": "Index Scan", "Parent Relationship": "Outer", "Scan Direction": "Forward", "Index Name": "nation_pkey", "Relation Name": "nation", "Alias": "n2", "Startup Cost": 0.0, "Total Cost": 12.62, "Plan Rows": 25, "Plan Width": 30, "Actual Startup Time": 0.04, "Actual Total Time": 0.061, "Actual Rows": 25, "Actual Loops": 1}]}]}]}]}, "Triggers": [], "Planner Runtime": 4, "Total Runtime": 7424.152, "Unique SQL Id": 3681808042}}, "(16, 14)": {"explain_plan": {"Plan": {"Node Type": "Sort", "Startup Cost": 2909305.92, "Total Cost": 2909305.94, "Plan Rows": 10, "Plan Width": 66, "Sort Key": ["(date_part('year'::text, orders.o_orderdate))"], "Plans": [{"Node Type": "Aggregate", "Strategy": "Hashed", "Parent Relationship": "Outer", "Startup Cost": 2909305.6, "Total Cost": 2909305.75, "Plan Rows": 10, "Plan Width": 66, "Group By Key": ["date_part('year'::text, orders.o_orderdate)"], "Plans": [{"Node Type": "Nested Loop", "Parent Relationship": "Outer", "Join Type": "Inner", "Startup Cost": 664846.82, "Total Cost": 2909185.78, "Plan Rows": 5991, "Plan Width": 50, "Inner Unique": true, "Join Filter": "(supplier.s_nationkey = n2.n_nationkey)", "Plans": [{"Node Type": "Hash Join", "Parent Relationship": "Outer", "Join Type": "Inner", "Startup Cost": 664846.82, "Total Cost": 2906922.86, "Plan Rows": 5991, "Plan Width": 28, "Inner Unique": true, "Hash Cond": "(lineitem.l_suppkey = supplier.s_suppkey)", "Plans": [{"Node Type": "Hash Join", "Parent Relationship": "Outer", "Join Type": "Inner", "Startup Cost": 660313.82, "Total Cost": 2902243.54, "Plan Rows": 17296, "Plan Width": 32, "Inner Unique": false, "Hash Cond": "(lineitem.l_orderkey = orders.o_orderkey)", "Plans": [{"Node Type": "Hash Join", "Parent Relationship": "Outer", "Join Type": "Inner", "Startup Cost": 67113.23, "Total Cost": 2307926.3, "Plan Rows": 74637, "Plan Width": 32, "Inner Unique": true, "Hash Cond": "(lineitem.l_partkey = part.p_partkey)", "Plans": [{"Node Type": "Seq Scan", "Parent Relationship": "Outer", "Relation Name": "lineitem", "Alias": "lineitem", "Startup Cost": 0.0, "Total Cost": 2015115.33, "Plan Rows": 59987033, "Plan Width": 40}, {"Node Type": "Hash", "Parent Relationship": "Inner", "Startup Cost": 66944.0, "Total Cost": 66944.0, "Plan Rows": 13538, "Plan Width": 8, "Plans": [{"Node Type": "Seq Scan", "Parent Relationship": "Outer", "Relation Name": "part", "Alias": "part", "Startup Cost": 0.0, "Total Cost": 66944.0, "Plan Rows": 13538, "Plan Width": 8, "Filter": "((p_type)::text = 'SMALL PLATED COPPER'::text)"}]}]}, {"Node Type": "Hash", "Parent Relationship": "Inner", "Startup Cost": 586571.9, "Total Cost": 586571.9, "Plan Rows": 530296, "Plan Width": 16, "Plans": [{"Node Type": "Hash Join", "Parent Relationship": "Outer", "Join Type": "Inner", "Startup Cost": 63058.22, "Total Cost": 586571.9, "Plan Rows": 530296, "Plan Width": 16, "Inner Unique": false, "Hash Cond": "(orders.o_custkey = customer.c_custkey), (LLVM Optimized)", "Plans": [{"Node Type": "Seq Scan", "Parent Relationship": "Outer", "Relation Name": "orders", "Alias": "orders", "Startup Cost": 195.35, "Total Cost": 501411.18, "Plan Rows": 4531967, "Plan Width": 24, "Filter": "((o_orderdate >= '1995-01-01 00:00:00'::timestamp(0) without time zone) AND (o_orderdate <= '1996-12-31 00:00:00'::timestamp(0) without time zone)), (LLVM Optimized)"}, {"Node Type": "Hash", "Parent Relationship": "Inner", "Startup Cost": 59112.88, "Total Cost": 59112.88, "Plan Rows": 300000, "Plan Width": 8, "Plans": [{"Node Type": "Hash Join", "Parent Relationship": "Outer", "Join Type": "Inner", "Startup Cost": 2.5, "Total Cost": 59112.88, "Plan Rows": 300000, "Plan Width": 8, "Inner Unique": false, "Hash Cond": "(customer.c_nationkey = n1.n_nationkey), (LLVM Optimized)", "Plans": [{"Node Type": "Seq Scan", "Parent Relationship": "Outer", "Relation Name": "customer", "Alias": "customer", "Startup Cost": 0.0, "Total Cost": 52126.0, "Plan Rows": 1500000, "Plan Width": 12}, {"Node Type": "Hash", "Parent Relationship": "Inner", "Startup Cost": 2.44, "Total Cost": 2.44, "Plan Rows": 5, "Plan Width": 4, "Plans": [{"Node Type": "Hash Join", "Parent Relationship": "Outer", "Join Type": "Inner", "Startup Cost": 1.07, "Total Cost": 2.44, "Plan Rows": 5, "Plan Width": 4, "Inner Unique": true, "Hash Cond": "(n1.n_regionkey = region.r_regionkey)", "Plans": [{"Node Type": "Seq Scan", "Parent Relationship": "Outer", "Relation Name": "nation", "Alias": "n1", "Startup Cost": 0.0, "Total Cost": 1.25, "Plan Rows": 25, "Plan Width": 8}, {"Node Type": "Hash", "Parent Relationship": "Inner", "Startup Cost": 1.06, "Total Cost": 1.06, "Plan Rows": 1, "Plan Width": 4, "Plans": [{"Node Type": "Seq Scan", "Parent Relationship": "Outer", "Relation Name": "region", "Alias": "region", "Startup Cost": 0.0, "Total Cost": 1.06, "Plan Rows": 1, "Plan Width": 4, "Filter": "(r_name = 'ASIA'::bpchar)"}]}]}]}]}]}]}]}]}, {"Node Type": "Hash", "Parent Relationship": "Inner", "Startup Cost": 3283.0, "Total Cost": 3283.0, "Plan Rows": 100000, "Plan Width": 12, "Plans": [{"Node Type": "Seq Scan", "Parent Relationship": "Outer", "Relation Name": "supplier", "Alias": "supplier", "Startup Cost": 0.0, "Total Cost": 3283.0, "Plan Rows": 100000, "Plan Width": 12}]}]}, {"Node Type": "Materialize", "Parent Relationship": "Inner", "Startup Cost": 0.0, "Total Cost": 1.38, "Plan Rows": 25, "Plan Width": 30, "Plans": [{"Node Type": "Seq Scan", "Parent Relationship": "Outer", "Relation Name": "nation", "Alias": "n2", "Startup Cost": 0.0, "Total Cost": 1.25, "Plan Rows": 25, "Plan Width": 30}]}]}]}]}, "Unique SQL Id": 3681808042, "Planner Runtime": 8}, "explain_analyze_plan": null}, "(16, 15)": {"explain_plan": {"Plan": {"Node Type": "Sort", "Startup Cost": 8018177364726.43, "Total Cost": 8018177364726.46, "Plan Rows": 10, "Plan Width": 66, "Sort Key": ["(date_part('year'::text, orders.o_orderdate))"], "Plans": [{"Node Type": "Aggregate", "Strategy": "Hashed", "Parent Relationship": "Outer", "Startup Cost": 8018177364726.12, "Total Cost": 8018177364726.27, "Plan Rows": 10, "Plan Width": 66, "Group By Key": ["date_part('year'::text, orders.o_orderdate)"], "Plans": [{"Node Type": "Nested Loop", "Parent Relationship": "Outer", "Join Type": "Inner", "Startup Cost": 80000000000.0, "Total Cost": 8018177364380.2, "Plan Rows": 17296, "Plan Width": 50, "Inner Unique": false, "Join Filter": "(supplier.s_suppkey = lineitem.l_suppkey)", "Plans": [{"Node Type": "Nested Loop", "Parent Relationship": "Outer", "Join Type": "Inner", "Startup Cost": 20000000000.0, "Total Cost": 2000000572216.94, "Plan Rows": 100000, "Plan Width": 34, "Inner Unique": true, "Join Filter": "(supplier.s_nationkey = n2.n_nationkey), (LLVM Optimized)", "Plans": [{"Node Type": "Index Scan", "Parent Relationship": "Outer", "Scan Direction": "Forward", "Index Name": "supplier_pkey", "Relation Name": "supplier", "Alias": "supplier", "Startup Cost": 10000000000.0, "Total Cost": 1000000533454.38, "Plan Rows": 100000, "Plan Width": 12}, {"Node Type": "Materialize", "Parent Relationship": "Inner", "Startup Cost": 10000000000.0, "Total Cost": 1000000001262.62, "Plan Rows": 25, "Plan Width": 30, "Plans": [{"Node Type": "Index Scan", "Parent Relationship": "Outer", "Scan Direction": "Forward", "Index Name": "nation_pkey", "Relation Name": "nation", "Alias": "n2", "Startup Cost": 10000000000.0, "Total Cost": 1000000001262.5, "Plan Rows": 25, "Plan Width": 30}]}]}, {"Node Type": "Materialize", "Parent Relationship": "Inner", "Startup Cost": 60000000000.0, "Total Cost": 6018150848163.26, "Plan Rows": 17296, "Plan Width": 32, "Plans": [{"Node Type": "Nested Loop", "Parent Relationship": "Outer", "Join Type": "Inner", "Startup Cost": 60000000000.0, "Total Cost": 6018150848076.78, "Plan Rows": 17296, "Plan Width": 32, "Inner Unique": false, "Join Filter": "(orders.o_custkey = customer.c_custkey)", "Plans": [{"Node Type": "Nested Loop", "Parent Relationship": "Outer", "Join Type": "Inner", "Startup Cost": 30000000000.0, "Total Cost": 3017753500294.51, "Plan Rows": 86479, "Plan Width": 40, "Inner Unique": false, "Join Filter": "(lineitem.l_orderkey = orders.o_orderkey)", "Plans": [{"Node Type": "Index Scan", "Parent Relationship": "Outer", "Scan Direction": "Forward", "Index Name": "idx_orders_custkey", "Relation Name": "orders", "Alias": "orders", "Startup Cost": 10000000000.0, "Total Cost": 1000163551268.58, "Plan Rows": 4531967, "Plan Width": 24, "Filter": "((o_orderdate >= '1995-01-01 00:00:00'::timestamp(0) without time zone) AND (o_orderdate <= '1996-12-31 00:00:00'::timestamp(0) without time zone)), (LLVM Optimized)"}, {"Node Type": "Materialize", "Parent Relationship": "Inner", "Startup Cost": 20000000000.0, "Total Cost": 2012516162897.84, "Plan Rows": 74637, "Plan Width": 32, "Plans": [{"Node Type": "Nested Loop", "Parent Relationship": "Outer", "Join Type": "Inner", "Startup Cost": 20000000000.0, "Total Cost": 2012516162524.66, "Plan Rows": 74637, "Plan Width": 32, "Inner Unique": true, "Join Filter": "(part.p_partkey = lineitem.l_partkey)", "Plans": [{"Node Type": "Index Scan", "Parent Relationship": "Outer", "Scan Direction": "Forward", "Index Name": "idx_lineitem_orderkey", "Relation Name": "lineitem", "Alias": "lineitem", "Startup Cost": 10000000000.0, "Total Cost": 1000324015374.5, "Plan Rows": 59987033, "Plan Width": 40}, {"Node Type": "Materialize", "Parent Relationship": "Inner", "Startup Cost": 10000000000.0, "Total Cost": 1000010580392.69, "Plan Rows": 13538, "Plan Width": 8, "Plans": [{"Node Type": "Index Scan", "Parent Relationship": "Outer", "Scan Direction": "Forward", "Index Name": "part_kpey", "Relation Name": "part", "Alias": "part", "Startup Cost": 10000000000.0, "Total Cost": 1000010580325.0, "Plan Rows": 13538, "Plan Width": 8, "Filter": "((p_type)::text = 'SMALL PLATED COPPER'::text)"}]}]}]}]}, {"Node Type": "Materialize", "Parent Relationship": "Inner", "Startup Cost": 30000000000.0, "Total Cost": 3000008193032.26, "Plan Rows": 300000, "Plan Width": 8, "Plans": [{"Node Type": "Nested Loop", "Parent Relationship": "Outer", "Join Type": "Inner", "Startup Cost": 30000000000.0, "Total Cost": 3000008191532.26, "Plan Rows": 300000, "Plan Width": 8, "Inner Unique": false, "Join Filter": "(n1.n_nationkey = customer.c_nationkey), (LLVM Optimized)", "Plans": [{"Node Type": "Index Scan", "Parent Relationship": "Outer", "Scan Direction": "Forward", "Index Name": "customer_pkey", "Relation Name": "customer", "Alias": "customer", "Startup Cost": 10000000000.0, "Total Cost": 1000008076535.62, "Plan Rows": 1500000, "Plan Width": 12}, {"Node Type": "Materialize", "Parent Relationship": "Inner", "Startup Cost": 20000000000.0, "Total Cost": 2000000002496.65, "Plan Rows": 5, "Plan Width": 4, "Plans": [{"Node Type": "Nested Loop", "Parent Relationship": "Outer", "Join Type": "Inner", "Startup Cost": 20000000000.0, "Total Cost": 2000000002496.63, "Plan Rows": 5, "Plan Width": 4, "Inner Unique": true, "Join Filter": "(n1.n_regionkey = region.r_regionkey)", "Plans": [{"Node Type": "Index Scan", "Parent Relationship": "Outer", "Scan Direction": "Forward", "Index Name": "nation_pkey", "Relation Name": "nation", "Alias": "n1", "Startup Cost": 10000000000.0, "Total Cost": 1000000001262.5, "Plan Rows": 25, "Plan Width": 8}, {"Node Type": "Materialize", "Parent Relationship": "Inner", "Startup Cost": 10000000000.0, "Total Cost": 1000000001233.76, "Plan Rows": 1, "Plan Width": 4, "Plans": [{"Node Type": "Index Scan", "Parent Relationship": "Outer", "Scan Direction": "Forward", "Index Name": "region_pkey", "Relation Name": "region", "Alias": "region", "Startup Cost": 10000000000.0, "Total Cost": 1000000001233.75, "Plan Rows": 1, "Plan Width": 4, "Filter": "(r_name = 'ASIA'::bpchar)"}]}]}]}]}]}]}]}]}]}]}, "Unique SQL Id": 3681808042, "Planner Runtime": 10}, "explain_analyze_plan": null}, "(16, 16)": {"explain_plan": {"Plan": {"Node Type": "Sort", "Startup Cost": 497556.85, "Total Cost": 497556.88, "Plan Rows": 10, "Plan Width": 66, "Sort Key": ["(date_part('year'::text, orders.o_orderdate))"], "Plans": [{"Node Type": "Aggregate", "Strategy": "Hashed", "Parent Relationship": "Outer", "Startup Cost": 497556.54, "Total Cost": 497556.69, "Plan Rows": 10, "Plan Width": 66, "Group By Key": ["date_part('year'::text, orders.o_orderdate)"], "Plans": [{"Node Type": "Nested Loop", "Parent Relationship": "Outer", "Join Type": "Inner", "Startup Cost": 447605.57, "Total Cost": 497436.72, "Plan Rows": 5991, "Plan Width": 50, "Inner Unique": true, "Plans": [{"Node Type": "Nested Loop", "Parent Relationship": "Outer", "Join Type": "Inner", "Startup Cost": 447605.57, "Total Cost": 495743.54, "Plan Rows": 5991, "Plan Width": 28, "Inner Unique": false, "Join Filter": "(n1.n_nationkey = customer.c_nationkey)", "Plans": [{"Node Type": "Nested Loop", "Parent Relationship": "Outer", "Join Type": "Inner", "Startup Cost": 447605.57, "Total Cost": 493494.35, "Plan Rows": 29954, "Plan Width": 32, "Inner Unique": true, "Plans": [{"Node Type": "Nested Loop", "Parent Relationship": "Outer", "Join Type": "Inner", "Startup Cost": 447605.57, "Total Cost": 477242.48, "Plan Rows": 51198, "Plan Width": 36, "Inner Unique": true, "Plans": [{"Node Type": "Merge Join", "Parent Relationship": "Outer", "Join Type": "Inner", "Startup Cost": 447605.57, "Total Cost": 454309.6, "Plan Rows": 74637, "Plan Width": 28, "Inner Unique": false, "Merge Cond": "(supplier.s_suppkey = lineitem.l_suppkey)", "Plans": [{"Node Type": "Index Scan", "Parent Relationship": "Outer", "Scan Direction": "Forward", "Index Name": "supplier_pkey", "Relation Name": "supplier", "Alias": "supplier", "Startup Cost": 0.0, "Total Cost": 5334.54, "Plan Rows": 100000, "Plan Width": 12}, {"Node Type": "Sort", "Parent Relationship": "Inner", "Startup Cost": 447605.54, "Total Cost": 447792.13, "Plan Rows": 74637, "Plan Width": 32, "Sort Key": ["lineitem.l_suppkey"], "Plans": [{"Node Type": "Nested Loop", "Parent Relationship": "Outer", "Join Type": "Inner", "Startup Cost": 0.0, "Total Cost": 441564.57, "Plan Rows": 74637, "Plan Width": 32, "Inner Unique": false, "Plans": [{"Node Type": "Seq Scan", "Parent Relationship": "Outer", "Relation Name": "part", "Alias": "part", "Startup Cost": 0.0, "Total Cost": 66944.0, "Plan Rows": 13538, "Plan Width": 8, "Filter": "((p_type)::text = 'SMALL PLATED COPPER'::text)"}, {"Node Type": "Index Scan", "Parent Relationship": "Inner", "Scan Direction": "Forward", "Index Name": "idx_lineitem_part_supp", "Relation Name": "lineitem", "Alias": "lineitem", "Startup Cost": 0.0, "Total Cost": 27.61, "Plan Rows": 6, "Plan Width": 40, "Index Cond": "(l_partkey = part.p_partkey)"}]}]}]}, {"Node Type": "Index Scan", "Parent Relationship": "Inner", "Scan Direction": "Forward", "Index Name": "orders_pkey", "Relation Name": "orders", "Alias": "orders", "Startup Cost": 0.0, "Total Cost": 0.3, "Plan Rows": 1, "Plan Width": 24, "Index Cond": "(o_orderkey = lineitem.l_orderkey)", "Filter": "((o_orderdate >= '1995-01-01 00:00:00'::timestamp(0) without time zone) AND (o_orderdate <= '1996-12-31 00:00:00'::timestamp(0) without time zone))"}]}, {"Node Type": "Index Scan", "Parent Relationship": "Inner", "Scan Direction": "Forward", "Index Name": "customer_pkey", "Relation Name": "customer", "Alias": "customer", "Startup Cost": 0.0, "Total Cost": 0.31, "Plan Rows": 1, "Plan Width": 12, "Index Cond": "(c_custkey = orders.o_custkey)"}]}, {"Node Type": "Materialize", "Parent Relationship": "Inner", "Startup Cost": 0.0, "Total Cost": 2.65, "Plan Rows": 5, "Plan Width": 4, "Plans": [{"Node Type": "Nested Loop", "Parent Relationship": "Outer", "Join Type": "Inner", "Startup Cost": 0.0, "Total Cost": 2.62, "Plan Rows": 5, "Plan Width": 4, "Inner Unique": false, "Join Filter": "(n1.n_regionkey = region.r_regionkey)", "Plans": [{"Node Type": "Seq Scan", "Parent Relationship": "Outer", "Relation Name": "region", "Alias": "region", "Startup Cost": 0.0, "Total Cost": 1.06, "Plan Rows": 1, "Plan Width": 4, "Filter": "(r_name = 'ASIA'::bpchar)"}, {"Node Type": "Seq Scan", "Parent Relationship": "Inner", "Relation Name": "nation", "Alias": "n1", "Startup Cost": 0.0, "Total Cost": 1.25, "Plan Rows": 25, "Plan Width": 8}]}]}]}, {"Node Type": "Index Scan", "Parent Relationship": "Inner", "Scan Direction": "Forward", "Index Name": "nation_pkey", "Relation Name": "nation", "Alias": "n2", "Startup Cost": 0.0, "Total Cost": 0.27, "Plan Rows": 1, "Plan Width": 30, "Index Cond": "(n_nationkey = supplier.s_nationkey)"}]}]}]}, "Unique SQL Id": 3681808042, "Planner Runtime": 6}, "explain_analyze_plan": {"Plan": {"Node Type": "Sort", "Startup Cost": 497556.85, "Total Cost": 497556.88, "Plan Rows": 10, "Plan Width": 66, "Actual Startup Time": 7060.025, "Actual Total Time": 7060.025, "Actual Rows": 2, "Actual Loops": 1, "Sort Key": ["(date_part('year'::text, orders.o_orderdate))"], "Sort Method": "quicksort", "Sort Space Used": 25, "Sort Space Type": "Memory", "Plans": [{"Node Type": "Aggregate", "Strategy": "Hashed", "Parent Relationship": "Outer", "Startup Cost": 497556.54, "Total Cost": 497556.69, "Plan Rows": 10, "Plan Width": 66, "Actual Startup Time": 7060.007, "Actual Total Time": 7060.007, "Actual Rows": 2, "Actual Loops": 1, "Group By Key": ["date_part('year'::text, orders.o_orderdate)"], "Plans": [{"Node Type": "Nested Loop", "Parent Relationship": "Outer", "Join Type": "Inner", "Startup Cost": 447605.57, "Total Cost": 497436.72, "Plan Rows": 5991, "Plan Width": 50, "Actual Startup Time": 2117.633, "Actual Total Time": 7023.181, "Actual Rows": 23929, "Actual Loops": 1, "Inner Unique": true, "Plans": [{"Node Type": "Nested Loop", "Parent Relationship": "Outer", "Join Type": "Inner", "Startup Cost": 447605.57, "Total Cost": 495743.54, "Plan Rows": 5991, "Plan Width": 28, "Actual Startup Time": 2117.608, "Actual Total Time": 6943.624, "Actual Rows": 23929, "Actual Loops": 1, "Inner Unique": false, "Join Filter": "(n1.n_nationkey = customer.c_nationkey)", "Rows Removed by Join Filter": 574896, "Plans": [{"Node Type": "Nested Loop", "Parent Relationship": "Outer", "Join Type": "Inner", "Startup Cost": 447605.57, "Total Cost": 493494.35, "Plan Rows": 29954, "Plan Width": 32, "Actual Startup Time": 2117.4, "Actual Total Time": 6727.056, "Actual Rows": 119765, "Actual Loops": 1, "Inner Unique": true, "Plans": [{"Node Type": "Nested Loop", "Parent Relationship": "Outer", "Join Type": "Inner", "Startup Cost": 447605.57, "Total Cost": 477242.48, "Plan Rows": 51198, "Plan Width": 36, "Actual Startup Time": 2117.376, "Actual Total Time": 5825.595, "Actual Rows": 119765, "Actual Loops": 1, "Inner Unique": true, "Plans": [{"Node Type": "Merge Join", "Parent Relationship": "Outer", "Join Type": "Inner", "Startup Cost": 447605.57, "Total Cost": 454309.6, "Plan Rows": 74637, "Plan Width": 28, "Actual Startup Time": 2117.294, "Actual Total Time": 2428.607, "Actual Rows": 395341, "Actual Loops": 1, "Inner Unique": false, "Merge Cond": "(supplier.s_suppkey = lineitem.l_suppkey)", "Plans": [{"Node Type": "Index Scan", "Parent Relationship": "Outer", "Scan Direction": "Forward", "Index Name": "supplier_pkey", "Relation Name": "supplier", "Alias": "supplier", "Startup Cost": 0.0, "Total Cost": 5334.54, "Plan Rows": 100000, "Plan Width": 12, "Actual Startup Time": 0.024, "Actual Total Time": 72.954, "Actual Rows": 99999, "Actual Loops": 1}, {"Node Type": "Sort", "Parent Relationship": "Inner", "Startup Cost": 447605.54, "Total Cost": 447792.13, "Plan Rows": 74637, "Plan Width": 32, "Actual Startup Time": 2117.258, "Actual Total Time": 2201.915, "Actual Rows": 395341, "Actual Loops": 1, "Sort Key": ["lineitem.l_suppkey"], "Sort Method": "quicksort", "Sort Space Used": 49352, "Sort Space Type": "Memory", "Plans": [{"Node Type": "Nested Loop", "Parent Relationship": "Outer", "Join Type": "Inner", "Startup Cost": 0.0, "Total Cost": 441564.57, "Plan Rows": 74637, "Plan Width": 32, "Actual Startup Time": 0.045, "Actual Total Time": 1966.992, "Actual Rows": 395341, "Actual Loops": 1, "Inner Unique": false, "Plans": [{"Node Type": "Seq Scan", "Parent Relationship": "Outer", "Relation Name": "part", "Alias": "part", "Startup Cost": 0.0, "Total Cost": 66944.0, "Plan Rows": 13538, "Plan Width": 8, "Actual Startup Time": 0.027, "Actual Total Time": 757.076, "Actual Rows": 13163, "Actual Loops": 1, "Filter": "((p_type)::text = 'SMALL PLATED COPPER'::text)", "Rows Removed by Filter": 1986837}, {"Node Type": "Index Scan", "Parent Relationship": "Inner", "Scan Direction": "Forward", "Index Name": "idx_lineitem_part_supp", "Relation Name": "lineitem", "Alias": "lineitem", "Startup Cost": 0.0, "Total Cost": 27.61, "Plan Rows": 6, "Plan Width": 40, "Actual Startup Time": 159.343, "Actual Total Time": 1114.597, "Actual Rows": 395341, "Actual Loops": 13163, "Index Cond": "(l_partkey = part.p_partkey)", "Rows Removed by Index Recheck": 0}]}]}]}, {"Node Type": "Index Scan", "Parent Relationship": "Inner", "Scan Direction": "Forward", "Index Name": "orders_pkey", "Relation Name": "orders", "Alias": "orders", "Startup Cost": 0.0, "Total Cost": 0.3, "Plan Rows": 1, "Plan Width": 24, "Actual Startup Time": 3159.409, "Actual Total Time": 3159.409, "Actual Rows": 119765, "Actual Loops": 395341, "Index Cond": "(o_orderkey = lineitem.l_orderkey)", "Rows Removed by Index Recheck": 0, "Filter": "((o_orderdate >= '1995-01-01 00:00:00'::timestamp(0) without time zone) AND (o_orderdate <= '1996-12-31 00:00:00'::timestamp(0) without time zone))", "Rows Removed by Filter": 275576}]}, {"Node Type": "Index Scan", "Parent Relationship": "Inner", "Scan Direction": "Forward", "Index Name": "customer_pkey", "Relation Name": "customer", "Alias": "customer", "Startup Cost": 0.0, "Total Cost": 0.31, "Plan Rows": 1, "Plan Width": 12, "Actual Startup Time": 798.018, "Actual Total Time": 798.018, "Actual Rows": 119765, "Actual Loops": 119765, "Index Cond": "(c_custkey = orders.o_custkey)", "Rows Removed by Index Recheck": 0}]}, {"Node Type": "Materialize", "Parent Relationship": "Inner", "Startup Cost": 0.0, "Total Cost": 2.65, "Plan Rows": 5, "Plan Width": 4, "Actual Startup Time": 12.618, "Actual Total Time": 64.889, "Actual Rows": 598825, "Actual Loops": 119765, "Plans": [{"Node Type": "Nested Loop", "Parent Relationship": "Outer", "Join Type": "Inner", "Startup Cost": 0.0, "Total Cost": 2.62, "Plan Rows": 5, "Plan Width": 4, "Actual Startup Time": 0.078, "Actual Total Time": 0.086, "Actual Rows": 5, "Actual Loops": 1, "Inner Unique": false, "Join Filter": "(n1.n_regionkey = region.r_regionkey)", "Rows Removed by Join Filter": 20, "Plans": [{"Node Type": "Seq Scan", "Parent Relationship": "Outer", "Relation Name": "region", "Alias": "region", "Startup Cost": 0.0, "Total Cost": 1.06, "Plan Rows": 1, "Plan Width": 4, "Actual Startup Time": 0.017, "Actual Total Time": 0.018, "Actual Rows": 1, "Actual Loops": 1, "Filter": "(r_name = 'ASIA'::bpchar)", "Rows Removed by Filter": 4}, {"Node Type": "Seq Scan", "Parent Relationship": "Inner", "Relation Name": "nation", "Alias": "n1", "Startup Cost": 0.0, "Total Cost": 1.25, "Plan Rows": 25, "Plan Width": 8, "Actual Startup Time": 0.036, "Actual Total Time": 0.039, "Actual Rows": 25, "Actual Loops": 1}]}]}]}, {"Node Type": "Index Scan", "Parent Relationship": "Inner", "Scan Direction": "Forward", "Index Name": "nation_pkey", "Relation Name": "nation", "Alias": "n2", "Startup Cost": 0.0, "Total Cost": 0.27, "Plan Rows": 1, "Plan Width": 30, "Actual Startup Time": 38.889, "Actual Total Time": 38.889, "Actual Rows": 23929, "Actual Loops": 23929, "Index Cond": "(n_nationkey = supplier.s_nationkey)", "Rows Removed by Index Recheck": 0}]}]}]}, "Triggers": [], "Planner Runtime": 6, "Total Runtime": 7060.423, "Unique SQL Id": 3681808042}}, "(16, 17)": {"explain_plan": {"Plan": {"Node Type": "Sort", "Startup Cost": 536434.22, "Total Cost": 536434.24, "Plan Rows": 10, "Plan Width": 66, "Sort Key": ["(date_part('year'::text, orders.o_orderdate))"], "Plans": [{"Node Type": "Aggregate", "Strategy": "Hashed", "Parent Relationship": "Outer", "Startup Cost": 536433.9, "Total Cost": 536434.05, "Plan Rows": 10, "Plan Width": 66, "Group By Key": ["date_part('year'::text, orders.o_orderdate)"], "Plans": [{"Node Type": "Nested Loop", "Parent Relationship": "Outer", "Join Type": "Inner", "Startup Cost": 486464.82, "Total Cost": 536314.08, "Plan Rows": 5991, "Plan Width": 50, "Inner Unique": true, "Plans": [{"Node Type": "Nested Loop", "Parent Relationship": "Outer", "Join Type": "Inner", "Startup Cost": 486464.82, "Total Cost": 534620.9, "Plan Rows": 5991, "Plan Width": 28, "Inner Unique": false, "Join Filter": "(n1.n_nationkey = customer.c_nationkey)", "Plans": [{"Node Type": "Nested Loop", "Parent Relationship": "Outer", "Join Type": "Inner", "Startup Cost": 486464.82, "Total Cost": 532353.6, "Plan Rows": 29954, "Plan Width": 32, "Inner Unique": true, "Plans": [{"Node Type": "Nested Loop", "Parent Relationship": "Outer", "Join Type": "Inner", "Startup Cost": 486464.82, "Total Cost": 516101.73, "Plan Rows": 51198, "Plan Width": 36, "Inner Unique": true, "Plans": [{"Node Type": "Merge Join", "Parent Relationship": "Outer", "Join Type": "Inner", "Startup Cost": 486464.82, "Total Cost": 493168.85, "Plan Rows": 74637, "Plan Width": 28, "Inner Unique": true, "Merge Cond": "(lineitem.l_suppkey = supplier.s_suppkey)", "Plans": [{"Node Type": "Sort", "Parent Relationship": "Outer", "Startup Cost": 486464.79, "Total Cost": 486651.38, "Plan Rows": 74637, "Plan Width": 32, "Sort Key": ["lineitem.l_suppkey"], "Plans": [{"Node Type": "Nested Loop", "Parent Relationship": "Outer", "Join Type": "Inner", "Startup Cost": 0.0, "Total Cost": 480423.82, "Plan Rows": 74637, "Plan Width": 32, "Inner Unique": false, "Plans": [{"Node Type": "Index Scan", "Parent Relationship": "Outer", "Scan Direction": "Forward", "Index Name": "part_kpey", "Relation Name": "part", "Alias": "part", "Startup Cost": 0.0, "Total Cost": 105803.25, "Plan Rows": 13538, "Plan Width": 8, "Filter": "((p_type)::text = 'SMALL PLATED COPPER'::text)"}, {"Node Type": "Index Scan", "Parent Relationship": "Inner", "Scan Direction": "Forward", "Index Name": "idx_lineitem_part_supp", "Relation Name": "lineitem", "Alias": "lineitem", "Startup Cost": 0.0, "Total Cost": 27.61, "Plan Rows": 6, "Plan Width": 40, "Index Cond": "(l_partkey = part.p_partkey)"}]}]}, {"Node Type": "Index Scan", "Parent Relationship": "Inner", "Scan Direction": "Forward", "Index Name": "supplier_pkey", "Relation Name": "supplier", "Alias": "supplier", "Startup Cost": 0.0, "Total Cost": 5334.54, "Plan Rows": 100000, "Plan Width": 12}]}, {"Node Type": "Index Scan", "Parent Relationship": "Inner", "Scan Direction": "Forward", "Index Name": "orders_pkey", "Relation Name": "orders", "Alias": "orders", "Startup Cost": 0.0, "Total Cost": 0.3, "Plan Rows": 1, "Plan Width": 24, "Index Cond": "(o_orderkey = lineitem.l_orderkey)", "Filter": "((o_orderdate >= '1995-01-01 00:00:00'::timestamp(0) without time zone) AND (o_orderdate <= '1996-12-31 00:00:00'::timestamp(0) without time zone))"}]}, {"Node Type": "Index Scan", "Parent Relationship": "Inner", "Scan Direction": "Forward", "Index Name": "customer_pkey", "Relation Name": "customer", "Alias": "customer", "Startup Cost": 0.0, "Total Cost": 0.31, "Plan Rows": 1, "Plan Width": 12, "Index Cond": "(c_custkey = orders.o_custkey)"}]}, {"Node Type": "Materialize", "Parent Relationship": "Inner", "Startup Cost": 0.0, "Total Cost": 20.76, "Plan Rows": 5, "Plan Width": 4, "Plans": [{"Node Type": "Nested Loop", "Parent Relationship": "Outer", "Join Type": "Inner", "Startup Cost": 0.0, "Total Cost": 20.74, "Plan Rows": 5, "Plan Width": 4, "Inner Unique": false, "Plans": [{"Node Type": "Index Scan", "Parent Relationship": "Outer", "Scan Direction": "Forward", "Index Name": "region_pkey", "Relation Name": "region", "Alias": "region", "Startup Cost": 0.0, "Total Cost": 12.34, "Plan Rows": 1, "Plan Width": 4, "Filter": "(r_name = 'ASIA'::bpchar)"}, {"Node Type": "Index Scan", "Parent Relationship": "Inner", "Scan Direction": "Forward", "Index Name": "idx_nation_regionkey", "Relation Name": "nation", "Alias": "n1", "Startup Cost": 0.0, "Total Cost": 8.35, "Plan Rows": 5, "Plan Width": 8, "Index Cond": "(n_regionkey = region.r_regionkey)"}]}]}]}, {"Node Type": "Index Scan", "Parent Relationship": "Inner", "Scan Direction": "Forward", "Index Name": "nation_pkey", "Relation Name": "nation", "Alias": "n2", "Startup Cost": 0.0, "Total Cost": 0.27, "Plan Rows": 1, "Plan Width": 30, "Index Cond": "(n_nationkey = supplier.s_nationkey)"}]}]}]}, "Unique SQL Id": 3681808042, "Planner Runtime": 7}, "explain_analyze_plan": {"Plan": {"Node Type": "Sort", "Startup Cost": 536434.22, "Total Cost": 536434.24, "Plan Rows": 10, "Plan Width": 66, "Actual Startup Time": 7688.6, "Actual Total Time": 7688.601, "Actual Rows": 2, "Actual Loops": 1, "Sort Key": ["(date_part('year'::text, orders.o_orderdate))"], "Sort Method": "quicksort", "Sort Space Used": 25, "Sort Space Type": "Memory", "Plans": [{"Node Type": "Aggregate", "Strategy": "Hashed", "Parent Relationship": "Outer", "Startup Cost": 536433.9, "Total Cost": 536434.05, "Plan Rows": 10, "Plan Width": 66, "Actual Startup Time": 7688.58, "Actual Total Time": 7688.58, "Actual Rows": 2, "Actual Loops": 1, "Group By Key": ["date_part('year'::text, orders.o_orderdate)"], "Plans": [{"Node Type": "Nested Loop", "Parent Relationship": "Outer", "Join Type": "Inner", "Startup Cost": 486464.82, "Total Cost": 536314.08, "Plan Rows": 5991, "Plan Width": 50, "Actual Startup Time": 2780.335, "Actual Total Time": 7652.447, "Actual Rows": 23929, "Actual Loops": 1, "Inner Unique": true, "Plans": [{"Node Type": "Nested Loop", "Parent Relationship": "Outer", "Join Type": "Inner", "Startup Cost": 486464.82, "Total Cost": 534620.9, "Plan Rows": 5991, "Plan Width": 28, "Actual Startup Time": 2780.222, "Actual Total Time": 7572.997, "Actual Rows": 23929, "Actual Loops": 1, "Inner Unique": false, "Join Filter": "(n1.n_nationkey = customer.c_nationkey)", "Rows Removed by Join Filter": 574896, "Plans": [{"Node Type": "Nested Loop", "Parent Relationship": "Outer", "Join Type": "Inner", "Startup Cost": 486464.82, "Total Cost": 532353.6, "Plan Rows": 29954, "Plan Width": 32, "Actual Startup Time": 2780.076, "Actual Total Time": 7359.4, "Actual Rows": 119765, "Actual Loops": 1, "Inner Unique": true, "Plans": [{"Node Type": "Nested Loop", "Parent Relationship": "Outer", "Join Type": "Inner", "Startup Cost": 486464.82, "Total Cost": 516101.73, "Plan Rows": 51198, "Plan Width": 36, "Actual Startup Time": 2780.06, "Actual Total Time": 6463.664, "Actual Rows": 119765, "Actual Loops": 1, "Inner Unique": true, "Plans": [{"Node Type": "Merge Join", "Parent Relationship": "Outer", "Join Type": "Inner", "Startup Cost": 486464.82, "Total Cost": 493168.85, "Plan Rows": 74637, "Plan Width": 28, "Actual Startup Time": 2779.981, "Actual Total Time": 3095.498, "Actual Rows": 395341, "Actual Loops": 1, "Inner Unique": true, "Merge Cond": "(lineitem.l_suppkey = supplier.s_suppkey)", "Plans": [{"Node Type": "Sort", "Parent Relationship": "Outer", "Startup Cost": 486464.79, "Total Cost": 486651.38, "Plan Rows": 74637, "Plan Width": 32, "Actual Startup Time": 2779.927, "Actual Total Time": 2868.34, "Actual Rows": 395341, "Actual Loops": 1, "Sort Key": ["lineitem.l_suppkey"], "Sort Method": "quicksort", "Sort Space Used": 49352, "Sort Space Type": "Memory", "Plans": [{"Node Type": "Nested Loop", "Parent Relationship": "Outer", "Join Type": "Inner", "Startup Cost": 0.0, "Total Cost": 480423.82, "Plan Rows": 74637, "Plan Width": 32, "Actual Startup Time": 0.052, "Actual Total Time": 2630.949, "Actual Rows": 395341, "Actual Loops": 1, "Inner Unique": false, "Plans": [{"Node Type": "Index Scan", "Parent Relationship": "Outer", "Scan Direction": "Forward", "Index Name": "part_kpey", "Relation Name": "part", "Alias": "part", "Startup Cost": 0.0, "Total Cost": 105803.25, "Plan Rows": 13538, "Plan Width": 8, "Actual Startup Time": 0.036, "Actual Total Time": 1513.419, "Actual Rows": 13163, "Actual Loops": 1, "Filter": "((p_type)::text = 'SMALL PLATED COPPER'::text)", "Rows Removed by Filter": 1986837}, {"Node Type": "Index Scan", "Parent Relationship": "Inner", "Scan Direction": "Forward", "Index Name": "idx_lineitem_part_supp", "Relation Name": "lineitem", "Alias": "lineitem", "Startup Cost": 0.0, "Total Cost": 27.61, "Plan Rows": 6, "Plan Width": 40, "Actual Startup Time": 128.233, "Actual Total Time": 1024.436, "Actual Rows": 395341, "Actual Loops": 13163, "Index Cond": "(l_partkey = part.p_partkey)", "Rows Removed by Index Recheck": 0}]}]}, {"Node Type": "Index Scan", "Parent Relationship": "Inner", "Scan Direction": "Forward", "Index Name": "supplier_pkey", "Relation Name": "supplier", "Alias": "supplier", "Startup Cost": 0.0, "Total Cost": 5334.54, "Plan Rows": 100000, "Plan Width": 12, "Actual Startup Time": 0.036, "Actual Total Time": 71.11, "Actual Rows": 99998, "Actual Loops": 1}]}, {"Node Type": "Index Scan", "Parent Relationship": "Inner", "Scan Direction": "Forward", "Index Name": "orders_pkey", "Relation Name": "orders", "Alias": "orders", "Startup Cost": 0.0, "Total Cost": 0.3, "Plan Rows": 1, "Plan Width": 24, "Actual Startup Time": 3130.421, "Actual Total Time": 3130.421, "Actual Rows": 119765, "Actual Loops": 395341, "Index Cond": "(o_orderkey = lineitem.l_orderkey)", "Rows Removed by Index Recheck": 0, "Filter": "((o_orderdate >= '1995-01-01 00:00:00'::timestamp(0) without time zone) AND (o_orderdate <= '1996-12-31 00:00:00'::timestamp(0) without time zone))", "Rows Removed by Filter": 275576}]}, {"Node Type": "Index Scan", "Parent Relationship": "Inner", "Scan Direction": "Forward", "Index Name": "customer_pkey", "Relation Name": "customer", "Alias": "customer", "Startup Cost": 0.0, "Total Cost": 0.31, "Plan Rows": 1, "Plan Width": 12, "Actual Startup Time": 793.221, "Actual Total Time": 793.221, "Actual Rows": 119765, "Actual Loops": 119765, "Index Cond": "(c_custkey = orders.o_custkey)", "Rows Removed by Index Recheck": 0}]}, {"Node Type": "Materialize", "Parent Relationship": "Inner", "Startup Cost": 0.0, "Total Cost": 20.76, "Plan Rows": 5, "Plan Width": 4, "Actual Startup Time": 12.907, "Actual Total Time": 64.81, "Actual Rows": 598825, "Actual Loops": 119765, "Plans": [{"Node Type": "Nested Loop", "Parent Relationship": "Outer", "Join Type": "Inner", "Startup Cost": 0.0, "Total Cost": 20.74, "Plan Rows": 5, "Plan Width": 4, "Actual Startup Time": 0.024, "Actual Total Time": 0.032, "Actual Rows": 5, "Actual Loops": 1, "Inner Unique": false, "Plans": [{"Node Type": "Index Scan", "Parent Relationship": "Outer", "Scan Direction": "Forward", "Index Name": "region_pkey", "Relation Name": "region", "Alias": "region", "Startup Cost": 0.0, "Total Cost": 12.34, "Plan Rows": 1, "Plan Width": 4, "Actual Startup Time": 0.012, "Actual Total Time": 0.014, "Actual Rows": 1, "Actual Loops": 1, "Filter": "(r_name = 'ASIA'::bpchar)", "Rows Removed by Filter": 4}, {"Node Type": "Index Scan", "Parent Relationship": "Inner", "Scan Direction": "Forward", "Index Name": "idx_nation_regionkey", "Relation Name": "nation", "Alias": "n1", "Startup Cost": 0.0, "Total Cost": 8.35, "Plan Rows": 5, "Plan Width": 8, "Actual Startup Time": 0.008, "Actual Total Time": 0.01, "Actual Rows": 5, "Actual Loops": 1, "Index Cond": "(n_regionkey = region.r_regionkey)", "Rows Removed by Index Recheck": 0}]}]}]}, {"Node Type": "Index Scan", "Parent Relationship": "Inner", "Scan Direction": "Forward", "Index Name": "nation_pkey", "Relation Name": "nation", "Alias": "n2", "Startup Cost": 0.0, "Total Cost": 0.27, "Plan Rows": 1, "Plan Width": 30, "Actual Startup Time": 38.79, "Actual Total Time": 38.79, "Actual Rows": 23929, "Actual Loops": 23929, "Index Cond": "(n_nationkey = supplier.s_nationkey)", "Rows Removed by Index Recheck": 0}]}]}]}, "Triggers": [], "Planner Runtime": 6, "Total Runtime": 7689.031, "Unique SQL Id": 3681808042}}, "(16, 18)": {"explain_plan": {"Plan": {"Node Type": "Sort", "Startup Cost": 857930.92, "Total Cost": 857930.94, "Plan Rows": 10, "Plan Width": 66, "Sort Key": ["(date_part('year'::text, orders.o_orderdate))"], "Plans": [{"Node Type": "Aggregate", "Strategy": "Hashed", "Parent Relationship": "Outer", "Startup Cost": 857930.6, "Total Cost": 857930.75, "Plan Rows": 10, "Plan Width": 66, "Group By Key": ["date_part('year'::text, orders.o_orderdate)"], "Plans": [{"Node Type": "Merge Join", "Parent Relationship": "Outer", "Join Type": "Inner", "Startup Cost": 857705.82, "Total Cost": 857810.78, "Plan Rows": 5991, "Plan Width": 50, "Inner Unique": false, "Merge Cond": "(n2.n_nationkey = supplier.s_nationkey)", "Plans": [{"Node Type": "Sort", "Parent Relationship": "Outer", "Startup Cost": 1.83, "Total Cost": 1.89, "Plan Rows": 25, "Plan Width": 30, "Sort Key": ["n2.n_nationkey"], "Plans": [{"Node Type": "Seq Scan", "Parent Relationship": "Outer", "Relation Name": "nation", "Alias": "n2", "Startup Cost": 0.0, "Total Cost": 1.25, "Plan Rows": 25, "Plan Width": 30}]}, {"Node Type": "Sort", "Parent Relationship": "Inner", "Startup Cost": 857703.98, "Total Cost": 857718.96, "Plan Rows": 5991, "Plan Width": 28, "Sort Key": ["supplier.s_nationkey"], "Plans": [{"Node Type": "Merge Join", "Parent Relationship": "Outer", "Join Type": "Inner", "Startup Cost": 856730.62, "Total Cost": 857328.09, "Plan Rows": 5991, "Plan Width": 28, "Inner Unique": true, "Merge Cond": "(lineitem.l_suppkey = supplier.s_suppkey)", "Plans": [{"Node Type": "Sort", "Parent Relationship": "Outer", "Startup Cost": 845142.79, "Total Cost": 845186.03, "Plan Rows": 17296, "Plan Width": 32, "Sort Key": ["lineitem.l_suppkey"], "Plans": [{"Node Type": "Merge Join", "Parent Relationship": "Outer", "Join Type": "Inner", "Startup Cost": 841820.01, "Total Cost": 843925.31, "Plan Rows": 17296, "Plan Width": 32, "Inner Unique": false, "Merge Cond": "(orders.o_custkey = customer.c_custkey)", "Plans": [{"Node Type": "Sort", "Parent Relationship": "Outer", "Startup Cost": 777363.03, "Total Cost": 777579.23, "Plan Rows": 86479, "Plan Width": 40, "Sort Key": ["orders.o_custkey"], "Plans": [{"Node Type": "Nested Loop", "Parent Relationship": "Outer", "Join Type": "Inner", "Startup Cost": 4.47, "Total Cost": 770271.73, "Plan Rows": 86479, "Plan Width": 40, "Inner Unique": true, "Plans": [{"Node Type": "Nested Loop", "Parent Relationship": "Outer", "Join Type": "Inner", "Startup Cost": 4.21, "Total Cost": 450147.9, "Plan Rows": 74637, "Plan Width": 32, "Inner Unique": false, "Plans": [{"Node Type": "Seq Scan", "Parent Relationship": "Outer", "Relation Name": "part", "Alias": "part", "Startup Cost": 0.0, "Total Cost": 66944.0, "Plan Rows": 13538, "Plan Width": 8, "Filter": "((p_type)::text = 'SMALL PLATED COPPER'::text)"}, {"Node Type": "Bitmap Heap Scan", "Parent Relationship": "Inner", "Relation Name": "lineitem", "Alias": "lineitem", "Startup Cost": 4.21, "Total Cost": 28.25, "Plan Rows": 6, "Plan Width": 40, "Recheck Cond": "(l_partkey = part.p_partkey)", "Plans": [{"Node Type": "Bitmap Index Scan", "Parent Relationship": "Outer", "Index Name": "idx_lineitem_part_supp", "Startup Cost": 0.0, "Total Cost": 4.21, "Plan Rows": 6, "Plan Width": 0, "Index Cond": "(l_partkey = part.p_partkey)"}]}]}, {"Node Type": "Bitmap Heap Scan", "Parent Relationship": "Inner", "Relation Name": "orders", "Alias": "orders", "Startup Cost": 0.26, "Total Cost": 4.28, "Plan Rows": 1, "Plan Width": 24, "Recheck Cond": "(o_orderkey = lineitem.l_orderkey)", "Filter": "((o_orderdate >= '1995-01-01 00:00:00'::timestamp(0) without time zone) AND (o_orderdate <= '1996-12-31 00:00:00'::timestamp(0) without time zone))", "Plans": [{"Node Type": "Bitmap Index Scan", "Parent Relationship": "Outer", "Index Name": "orders_pkey", "Startup Cost": 0.0, "Total Cost": 0.26, "Plan Rows": 1, "Plan Width": 0, "Index Cond": "(o_orderkey = lineitem.l_orderkey)"}]}]}]}, {"Node Type": "Sort", "Parent Relationship": "Inner", "Startup Cost": 64456.94, "Total Cost": 65206.94, "Plan Rows": 300000, "Plan Width": 8, "Sort Key": ["customer.c_custkey"], "Plans": [{"Node Type": "Nested Loop", "Parent Relationship": "Outer", "Join Type": "Inner", "Startup Cost": 1030.37, "Total Cost": 37165.03, "Plan Rows": 300000, "Plan Width": 8, "Inner Unique": false, "Plans": [{"Node Type": "Nested Loop", "Parent Relationship": "Outer", "Join Type": "Inner", "Startup Cost": 0.0, "Total Cost": 2.62, "Plan Rows": 5, "Plan Width": 4, "Inner Unique": false, "Join Filter": "(n1.n_regionkey = region.r_regionkey)", "Plans": [{"Node Type": "Seq Scan", "Parent Relationship": "Outer", "Relation Name": "region", "Alias": "region", "Startup Cost": 0.0, "Total Cost": 1.06, "Plan Rows": 1, "Plan Width": 4, "Filter": "(r_name = 'ASIA'::bpchar)"}, {"Node Type": "Seq Scan", "Parent Relationship": "Inner", "Relation Name": "nation", "Alias": "n1", "Startup Cost": 0.0, "Total Cost": 1.25, "Plan Rows": 25, "Plan Width": 8}]}, {"Node Type": "Bitmap Heap Scan", "Parent Relationship": "Inner", "Relation Name": "customer", "Alias": "customer", "Startup Cost": 1030.37, "Total Cost": 6832.48, "Plan Rows": 60000, "Plan Width": 12, "Recheck Cond": "(c_nationkey = n1.n_nationkey)", "Plans": [{"Node Type": "Bitmap Index Scan", "Parent Relationship": "Outer", "Index Name": "idx_customer_nationkey", "Startup Cost": 0.0, "Total Cost": 1015.37, "Plan Rows": 60000, "Plan Width": 0, "Index Cond": "(c_nationkey = n1.n_nationkey)"}]}]}]}]}]}, {"Node Type": "Sort", "Parent Relationship": "Inner", "Startup Cost": 11587.82, "Total Cost": 11837.82, "Plan Rows": 100000, "Plan Width": 12, "Sort Key": ["supplier.s_suppkey"], "Plans": [{"Node Type": "Seq Scan", "Parent Relationship": "Outer", "Relation Name": "supplier", "Alias": "supplier", "Startup Cost": 0.0, "Total Cost": 3283.0, "Plan Rows": 100000, "Plan Width": 12}]}]}]}]}]}]}, "Unique SQL Id": 3681808042, "Planner Runtime": 8}, "explain_analyze_plan": {"Plan": {"Node Type": "Sort", "Startup Cost": 857930.92, "Total Cost": 857930.94, "Plan Rows": 10, "Plan Width": 66, "Actual Startup Time": 7373.372, "Actual Total Time": 7373.372, "Actual Rows": 2, "Actual Loops": 1, "Sort Key": ["(date_part('year'::text, orders.o_orderdate))"], "Sort Method": "quicksort", "Sort Space Used": 25, "Sort Space Type": "Memory", "Plans": [{"Node Type": "Aggregate", "Strategy": "Hashed", "Parent Relationship": "Outer", "Startup Cost": 857930.6, "Total Cost": 857930.75, "Plan Rows": 10, "Plan Width": 66, "Actual Startup Time": 7373.36, "Actual Total Time": 7373.361, "Actual Rows": 2, "Actual Loops": 1, "Group By Key": ["date_part('year'::text, orders.o_orderdate)"], "Plans": [{"Node Type": "Merge Join", "Parent Relationship": "Outer", "Join Type": "Inner", "Startup Cost": 857705.82, "Total Cost": 857810.78, "Plan Rows": 5991, "Plan Width": 50, "Actual Startup Time": 7337.276, "Actual Total Time": 7354.525, "Actual Rows": 23929, "Actual Loops": 1, "Inner Unique": false, "Merge Cond": "(n2.n_nationkey = supplier.s_nationkey)", "Plans": [{"Node Type": "Sort", "Parent Relationship": "Outer", "Startup Cost": 1.83, "Total Cost": 1.89, "Plan Rows": 25, "Plan Width": 30, "Actual Startup Time": 0.041, "Actual Total Time": 0.044, "Actual Rows": 25, "Actual Loops": 1, "Sort Key": ["n2.n_nationkey"], "Sort Method": "quicksort", "Sort Space Used": 27, "Sort Space Type": "Memory", "Plans": [{"Node Type": "Seq Scan", "Parent Relationship": "Outer", "Relation Name": "nation", "Alias": "n2", "Startup Cost": 0.0, "Total Cost": 1.25, "Plan Rows": 25, "Plan Width": 30, "Actual Startup Time": 0.017, "Actual Total Time": 0.024, "Actual Rows": 25, "Actual Loops": 1}]}, {"Node Type": "Sort", "Parent Relationship": "Inner", "Startup Cost": 857703.98, "Total Cost": 857718.96, "Plan Rows": 5991, "Plan Width": 28, "Actual Startup Time": 7337.192, "Actual Total Time": 7340.314, "Actual Rows": 23929, "Actual Loops": 1, "Sort Key": ["supplier.s_nationkey"], "Sort Method": "quicksort", "Sort Space Used": 3012, "Sort Space Type": "Memory", "Plans": [{"Node Type": "Merge Join", "Parent Relationship": "Outer", "Join Type": "Inner", "Startup Cost": 856730.62, "Total Cost": 857328.09, "Plan Rows": 5991, "Plan Width": 28, "Actual Startup Time": 7290.057, "Actual Total Time": 7330.233, "Actual Rows": 23929, "Actual Loops": 1, "Inner Unique": true, "Merge Cond": "(lineitem.l_suppkey = supplier.s_suppkey)", "Plans": [{"Node Type": "Sort", "Parent Relationship": "Outer", "Startup Cost": 845142.79, "Total Cost": 845186.03, "Plan Rows": 17296, "Plan Width": 32, "Actual Startup Time": 7220.487, "Actual Total Time": 7225.147, "Actual Rows": 23929, "Actual Loops": 1, "Sort Key": ["lineitem.l_suppkey"], "Sort Method": "quicksort", "Sort Space Used": 3012, "Sort Space Type": "Memory", "Plans": [{"Node Type": "Merge Join", "Parent Relationship": "Outer", "Join Type": "Inner", "Startup Cost": 841820.01, "Total Cost": 843925.31, "Plan Rows": 17296, "Plan Width": 32, "Actual Startup Time": 7075.238, "Actual Total Time": 7211.055, "Actual Rows": 23929, "Actual Loops": 1, "Inner Unique": false, "Merge Cond": "(orders.o_custkey = customer.c_custkey)", "Plans": [{"Node Type": "Sort", "Parent Relationship": "Outer", "Startup Cost": 777363.03, "Total Cost": 777579.23, "Plan Rows": 86479, "Plan Width": 40, "Actual Startup Time": 6378.681, "Actual Total Time": 6406.612, "Actual Rows": 119765, "Actual Loops": 1, "Sort Key": ["orders.o_custkey"], "Sort Method": "quicksort", "Sort Space Used": 14300, "Sort Space Type": "Memory", "Plans": [{"Node Type": "Nested Loop", "Parent Relationship": "Outer", "Join Type": "Inner", "Startup Cost": 4.47, "Total Cost": 770271.73, "Plan Rows": 86479, "Plan Width": 40, "Actual Startup Time": 0.115, "Actual Total Time": 6311.313, "Actual Rows": 119765, "Actual Loops": 1, "Inner Unique": true, "Plans": [{"Node Type": "Nested Loop", "Parent Relationship": "Outer", "Join Type": "Inner", "Startup Cost": 4.21, "Total Cost": 450147.9, "Plan Rows": 74637, "Plan Width": 32, "Actual Startup Time": 0.059, "Actual Total Time": 2239.884, "Actual Rows": 395341, "Actual Loops": 1, "Inner Unique": false, "Plans": [{"Node Type": "Seq Scan", "Parent Relationship": "Outer", "Relation Name": "part", "Alias": "part", "Startup Cost": 0.0, "Total Cost": 66944.0, "Plan Rows": 13538, "Plan Width": 8, "Actual Startup Time": 0.019, "Actual Total Time": 763.747, "Actual Rows": 13163, "Actual Loops": 1, "Filter": "((p_type)::text = 'SMALL PLATED COPPER'::text)", "Rows Removed by Filter": 1986837}, {"Node Type": "Bitmap Heap Scan", "Parent Relationship": "Inner", "Relation Name": "lineitem", "Alias": "lineitem", "Startup Cost": 4.21, "Total Cost": 28.25, "Plan Rows": 6, "Plan Width": 40, "Actual Startup Time": 263.648, "Actual Total Time": 1358.894, "Actual Rows": 395341, "Actual Loops": 13163, "Recheck Cond": "(l_partkey = part.p_partkey)", "Rows Removed by Index Recheck": 0, "Exact Heap Blocks": 395337, "Lossy Heap Blocks": 395337, "Plans": [{"Node Type": "Bitmap Index Scan", "Parent Relationship": "Outer", "Index Name": "idx_lineitem_part_supp", "Startup Cost": 0.0, "Total Cost": 4.21, "Plan Rows": 6, "Plan Width": 0, "Actual Startup Time": 169.208, "Actual Total Time": 169.208, "Actual Rows": 395341, "Actual Loops": 13163, "Index Cond": "(l_partkey = part.p_partkey)"}]}]}, {"Node Type": "Bitmap Heap Scan", "Parent Relationship": "Inner", "Relation Name": "orders", "Alias": "orders", "Startup Cost": 0.26, "Total Cost": 4.28, "Plan Rows": 1, "Plan Width": 24, "Actual Startup Time": 3606.649, "Actual Total Time": 3606.649, "Actual Rows": 119765, "Actual Loops": 395341, "Recheck Cond": "(o_orderkey = lineitem.l_orderkey)", "Rows Removed by Index Recheck": 0, "Filter": "((o_orderdate >= '1995-01-01 00:00:00'::timestamp(0) without time zone) AND (o_orderdate <= '1996-12-31 00:00:00'::timestamp(0) without time zone))", "Rows Removed by Filter": 275576, "Exact Heap Blocks": 395341, "Lossy Heap Blocks": 395341, "Plans": [{"Node Type": "Bitmap Index Scan", "Parent Relationship": "Outer", "Index Name": "orders_pkey", "Startup Cost": 0.0, "Total Cost": 0.26, "Plan Rows": 1, "Plan Width": 0, "Actual Startup Time": 2180.006, "Actual Total Time": 2180.006, "Actual Rows": 395341, "Actual Loops": 395341, "Index Cond": "(o_orderkey = lineitem.l_orderkey)"}]}]}]}, {"Node Type": "Sort", "Parent Relationship": "Inner", "Startup Cost": 64456.94, "Total Cost": 65206.94, "Plan Rows": 300000, "Plan Width": 8, "Actual Startup Time": 696.545, "Actual Total Time": 739.786, "Actual Rows": 301987, "Actual Loops": 1, "Sort Key": ["customer.c_custkey"], "Sort Method": "quicksort", "Sort Space Used": 31055, "Sort Space Type": "Memory", "Plans": [{"Node Type": "Nested Loop", "Parent Relationship": "Outer", "Join Type": "Inner", "Startup Cost": 1030.37, "Total Cost": 37165.03, "Plan Rows": 300000, "Plan Width": 8, "Actual Startup Time": 21.944, "Actual Total Time": 595.763, "Actual Rows": 300270, "Actual Loops": 1, "Inner Unique": false, "Plans": [{"Node Type": "Nested Loop", "Parent Relationship": "Outer", "Join Type": "Inner", "Startup Cost": 0.0, "Total Cost": 2.62, "Plan Rows": 5, "Plan Width": 4, "Actual Startup Time": 0.1, "Actual Total Time": 0.16, "Actual Rows": 5, "Actual Loops": 1, "Inner Unique": false, "Join Filter": "(n1.n_regionkey = region.r_regionkey)", "Rows Removed by Join Filter": 20, "Plans": [{"Node Type": "Seq Scan", "Parent Relationship": "Outer", "Relation Name": "region", "Alias": "region", "Startup Cost": 0.0, "Total Cost": 1.06, "Plan Rows": 1, "Plan Width": 4, "Actual Startup Time": 0.036, "Actual Total Time": 0.042, "Actual Rows": 1, "Actual Loops": 1, "Filter": "(r_name = 'ASIA'::bpchar)", "Rows Removed by Filter": 4}, {"Node Type": "Seq Scan", "Parent Relationship": "Inner", "Relation Name": "nation", "Alias": "n1", "Startup Cost": 0.0, "Total Cost": 1.25, "Plan Rows": 25, "Plan Width": 8, "Actual Startup Time": 0.04, "Actual Total Time": 0.059, "Actual Rows": 25, "Actual Loops": 1}]}, {"Node Type": "Bitmap Heap Scan", "Parent Relationship": "Inner", "Relation Name": "customer", "Alias": "customer", "Startup Cost": 1030.37, "Total Cost": 6832.48, "Plan Rows": 60000, "Plan Width": 12, "Actual Startup Time": 104.643, "Actual Total Time": 542.41, "Actual Rows": 300270, "Actual Loops": 5, "Recheck Cond": "(c_nationkey = n1.n_nationkey)", "Rows Removed by Index Recheck": 0, "Exact Heap Blocks": 150032, "Lossy Heap Blocks": 150032, "Plans": [{"Node Type": "Bitmap Index Scan", "Parent Relationship": "Outer", "Index Name": "idx_customer_nationkey", "Startup Cost": 0.0, "Total Cost": 1015.37, "Plan Rows": 60000, "Plan Width": 0, "Actual Startup Time": 70.474, "Actual Total Time": 70.474, "Actual Rows": 300270, "Actual Loops": 5, "Index Cond": "(c_nationkey = n1.n_nationkey)"}]}]}]}]}]}, {"Node Type": "Sort", "Parent Relationship": "Inner", "Startup Cost": 11587.82, "Total Cost": 11837.82, "Plan Rows": 100000, "Plan Width": 12, "Actual Startup Time": 69.558, "Actual Total Time": 80.591, "Actual Rows": 99998, "Actual Loops": 1, "Sort Key": ["supplier.s_suppkey"], "Sort Method": "quicksort", "Sort Space Used": 12448, "Sort Space Type": "Memory", "Plans": [{"Node Type": "Seq Scan", "Parent Relationship": "Outer", "Relation Name": "supplier", "Alias": "supplier", "Startup Cost": 0.0, "Total Cost": 3283.0, "Plan Rows": 100000, "Plan Width": 12, "Actual Startup Time": 0.033, "Actual Total Time": 38.439, "Actual Rows": 100000, "Actual Loops": 1}]}]}]}]}]}]}, "Triggers": [], "Planner Runtime": 7, "Total Runtime": 7373.941, "Unique SQL Id": 3681808042}}, "(16, 19)": {"explain_plan": {"Plan": {"Node Type": "Sort", "Startup Cost": 66661878.45, "Total Cost": 66661878.48, "Plan Rows": 10, "Plan Width": 66, "Sort Key": ["(date_part('year'::text, orders.o_orderdate))"], "Plans": [{"Node Type": "Aggregate", "Strategy": "Hashed", "Parent Relationship": "Outer", "Startup Cost": 66661878.14, "Total Cost": 66661878.29, "Plan Rows": 10, "Plan Width": 66, "Group By Key": ["date_part('year'::text, orders.o_orderdate)"], "Plans": [{"Node Type": "Nested Loop", "Parent Relationship": "Outer", "Join Type": "Inner", "Startup Cost": 115915.31, "Total Cost": 66661758.32, "Plan Rows": 5991, "Plan Width": 50, "Inner Unique": true, "Plans": [{"Node Type": "Nested Loop", "Parent Relationship": "Outer", "Join Type": "Inner", "Startup Cost": 115915.05, "Total Cost": 66636099.88, "Plan Rows": 5991, "Plan Width": 28, "Inner Unique": true, "Plans": [{"Node Type": "Nested Loop", "Parent Relationship": "Outer", "Join Type": "Inner", "Startup Cost": 115914.79, "Total Cost": 66562068.23, "Plan Rows": 17296, "Plan Width": 32, "Inner Unique": true, "Plans": [{"Node Type": "Nested Loop", "Parent Relationship": "Outer", "Join Type": "Inner", "Startup Cost": 115914.53, "Total Cost": 45938880.46, "Plan Rows": 4814867, "Plan Width": 40, "Inner Unique": false, "Plans": [{"Node Type": "Nested Loop", "Parent Relationship": "Outer", "Join Type": "Inner", "Startup Cost": 115914.01, "Total Cost": 43432501.27, "Plan Rows": 530296, "Plan Width": 16, "Inner Unique": true, "Plans": [{"Node Type": "Nested Loop", "Parent Relationship": "Outer", "Join Type": "Inner", "Startup Cost": 115913.43, "Total Cost": 31228406.3, "Plan Rows": 2651479, "Plan Width": 20, "Inner Unique": true, "Plans": [{"Node Type": "Nested Loop", "Parent Relationship": "Outer", "Join Type": "Inner", "Startup Cost": 115913.17, "Total Cost": 19879399.17, "Plan Rows": 2651479, "Plan Width": 20, "Inner Unique": true, "Plans": [{"Node Type": "Bitmap Heap Scan", "Parent Relationship": "Outer", "Relation Name": "orders", "Alias": "orders", "Startup Cost": 115912.91, "Total Cost": 460311.42, "Plan Rows": 4531967, "Plan Width": 24, "Recheck Cond": "((o_orderdate >= '1995-01-01 00:00:00'::timestamp(0) without time zone) AND (o_orderdate <= '1996-12-31 00:00:00'::timestamp(0) without time zone)), (LLVM Optimized)", "Plans": [{"Node Type": "Bitmap Index Scan", "Parent Relationship": "Outer", "Index Name": "idx_orders_orderdate", "Startup Cost": 0.0, "Total Cost": 114779.92, "Plan Rows": 4531967, "Plan Width": 0, "Index Cond": "((o_orderdate >= '1995-01-01 00:00:00'::timestamp(0) without time zone) AND (o_orderdate <= '1996-12-31 00:00:00'::timestamp(0) without time zone))"}]}, {"Node Type": "Bitmap Heap Scan", "Parent Relationship": "Inner", "Relation Name": "customer", "Alias": "customer", "Startup Cost": 0.26, "Total Cost": 4.27, "Plan Rows": 1, "Plan Width": 12, "Recheck Cond": "(c_custkey = orders.o_custkey)", "Plans": [{"Node Type": "Bitmap Index Scan", "Parent Relationship": "Outer", "Index Name": "customer_pkey", "Startup Cost": 0.0, "Total Cost": 0.26, "Plan Rows": 1, "Plan Width": 0, "Index Cond": "(c_custkey = orders.o_custkey)"}]}]}, {"Node Type": "Bitmap Heap Scan", "Parent Relationship": "Inner", "Relation Name": "nation", "Alias": "n1", "Startup Cost": 0.26, "Total Cost": 4.27, "Plan Rows": 1, "Plan Width": 8, "Recheck Cond": "(n_nationkey = customer.c_nationkey)", "Plans": [{"Node Type": "Bitmap Index Scan", "Parent Relationship": "Outer", "Index Name": "nation_pkey", "Startup Cost": 0.0, "Total Cost": 0.26, "Plan Rows": 1, "Plan Width": 0, "Index Cond": "(n_nationkey = customer.c_nationkey)"}]}]}, {"Node Type": "Bitmap Heap Scan", "Parent Relationship": "Inner", "Relation Name": "region", "Alias": "region", "Startup Cost": 0.58, "Total Cost": 4.59, "Plan Rows": 1, "Plan Width": 4, "Recheck Cond": "(r_regionkey = n1.n_regionkey)", "Filter": "(r_name = 'ASIA'::bpchar)", "Plans": [{"Node Type": "Bitmap Index Scan", "Parent Relationship": "Outer", "Index Name": "region_pkey", "Startup Cost": 0.0, "Total Cost": 0.58, "Plan Rows": 1, "Plan Width": 0, "Index Cond": "(r_regionkey = n1.n_regionkey)"}]}]}, {"Node Type": "Bitmap Heap Scan", "Parent Relationship": "Inner", "Relation Name": "lineitem", "Alias": "lineitem", "Startup Cost": 0.52, "Total Cost": 4.64, "Plan Rows": 9, "Plan Width": 40, "Recheck Cond": "(l_orderkey = orders.o_orderkey)", "Plans": [{"Node Type": "Bitmap Index Scan", "Parent Relationship": "Outer", "Index Name": "idx_lineitem_orderkey", "Startup Cost": 0.0, "Total Cost": 0.52, "Plan Rows": 9, "Plan Width": 0, "Index Cond": "(l_orderkey = orders.o_orderkey)"}]}]}, {"Node Type": "Bitmap Heap Scan", "Parent Relationship": "Inner", "Relation Name": "part", "Alias": "part", "Startup Cost": 0.26, "Total Cost": 4.27, "Plan Rows": 1, "Plan Width": 8, "Recheck Cond": "(p_partkey = lineitem.l_partkey)", "Filter": "((p_type)::text = 'SMALL PLATED COPPER'::text)", "Plans": [{"Node Type": "Bitmap Index Scan", "Parent Relationship": "Outer", "Index Name": "part_kpey", "Startup Cost": 0.0, "Total Cost": 0.26, "Plan Rows": 1, "Plan Width": 0, "Index Cond": "(p_partkey = lineitem.l_partkey)"}]}]}, {"Node Type": "Bitmap Heap Scan", "Parent Relationship": "Inner", "Relation Name": "supplier", "Alias": "supplier", "Startup Cost": 0.26, "Total Cost": 4.27, "Plan Rows": 1, "Plan Width": 12, "Recheck Cond": "(s_suppkey = lineitem.l_suppkey)", "Plans": [{"Node Type": "Bitmap Index Scan", "Parent Relationship": "Outer", "Index Name": "supplier_pkey", "Startup Cost": 0.0, "Total Cost": 0.26, "Plan Rows": 1, "Plan Width": 0, "Index Cond": "(s_suppkey = lineitem.l_suppkey)"}]}]}, {"Node Type": "Bitmap Heap Scan", "Parent Relationship": "Inner", "Relation Name": "nation", "Alias": "n2", "Startup Cost": 0.26, "Total Cost": 4.27, "Plan Rows": 1, "Plan Width": 30, "Recheck Cond": "(n_nationkey = supplier.s_nationkey)", "Plans": [{"Node Type": "Bitmap Index Scan", "Parent Relationship": "Outer", "Index Name": "nation_pkey", "Startup Cost": 0.0, "Total Cost": 0.26, "Plan Rows": 1, "Plan Width": 0, "Index Cond": "(n_nationkey = supplier.s_nationkey)"}]}]}]}]}, "Unique SQL Id": 3681808042, "Planner Runtime": 5}, "explain_analyze_plan": null}, "(16, 20)": {"explain_plan": {"Plan": {"Node Type": "Sort", "Startup Cost": 497556.85, "Total Cost": 497556.88, "Plan Rows": 10, "Plan Width": 66, "Sort Key": ["(date_part('year'::text, orders.o_orderdate))"], "Plans": [{"Node Type": "Aggregate", "Strategy": "Hashed", "Parent Relationship": "Outer", "Startup Cost": 497556.54, "Total Cost": 497556.69, "Plan Rows": 10, "Plan Width": 66, "Group By Key": ["date_part('year'::text, orders.o_orderdate)"], "Plans": [{"Node Type": "Nested Loop", "Parent Relationship": "Outer", "Join Type": "Inner", "Startup Cost": 447605.57, "Total Cost": 497436.72, "Plan Rows": 5991, "Plan Width": 50, "Inner Unique": true, "Plans": [{"Node Type": "Nested Loop", "Parent Relationship": "Outer", "Join Type": "Inner", "Startup Cost": 447605.57, "Total Cost": 495743.54, "Plan Rows": 5991, "Plan Width": 28, "Inner Unique": false, "Join Filter": "(n1.n_nationkey = customer.c_nationkey)", "Plans": [{"Node Type": "Nested Loop", "Parent Relationship": "Outer", "Join Type": "Inner", "Startup Cost": 447605.57, "Total Cost": 493494.35, "Plan Rows": 29954, "Plan Width": 32, "Inner Unique": true, "Plans": [{"Node Type": "Nested Loop", "Parent Relationship": "Outer", "Join Type": "Inner", "Startup Cost": 447605.57, "Total Cost": 477242.48, "Plan Rows": 51198, "Plan Width": 36, "Inner Unique": true, "Plans": [{"Node Type": "Merge Join", "Parent Relationship": "Outer", "Join Type": "Inner", "Startup Cost": 447605.57, "Total Cost": 454309.6, "Plan Rows": 74637, "Plan Width": 28, "Inner Unique": false, "Merge Cond": "(supplier.s_suppkey = lineitem.l_suppkey)", "Plans": [{"Node Type": "Index Scan", "Parent Relationship": "Outer", "Scan Direction": "Forward", "Index Name": "supplier_pkey", "Relation Name": "supplier", "Alias": "supplier", "Startup Cost": 0.0, "Total Cost": 5334.54, "Plan Rows": 100000, "Plan Width": 12}, {"Node Type": "Sort", "Parent Relationship": "Inner", "Startup Cost": 447605.54, "Total Cost": 447792.13, "Plan Rows": 74637, "Plan Width": 32, "Sort Key": ["lineitem.l_suppkey"], "Plans": [{"Node Type": "Nested Loop", "Parent Relationship": "Outer", "Join Type": "Inner", "Startup Cost": 0.0, "Total Cost": 441564.57, "Plan Rows": 74637, "Plan Width": 32, "Inner Unique": false, "Plans": [{"Node Type": "Seq Scan", "Parent Relationship": "Outer", "Relation Name": "part", "Alias": "part", "Startup Cost": 0.0, "Total Cost": 66944.0, "Plan Rows": 13538, "Plan Width": 8, "Filter": "((p_type)::text = 'SMALL PLATED COPPER'::text)"}, {"Node Type": "Index Scan", "Parent Relationship": "Inner", "Scan Direction": "Forward", "Index Name": "idx_lineitem_part_supp", "Relation Name": "lineitem", "Alias": "lineitem", "Startup Cost": 0.0, "Total Cost": 27.61, "Plan Rows": 6, "Plan Width": 40, "Index Cond": "(l_partkey = part.p_partkey)"}]}]}]}, {"Node Type": "Index Scan", "Parent Relationship": "Inner", "Scan Direction": "Forward", "Index Name": "orders_pkey", "Relation Name": "orders", "Alias": "orders", "Startup Cost": 0.0, "Total Cost": 0.3, "Plan Rows": 1, "Plan Width": 24, "Index Cond": "(o_orderkey = lineitem.l_orderkey)", "Filter": "((o_orderdate >= '1995-01-01 00:00:00'::timestamp(0) without time zone) AND (o_orderdate <= '1996-12-31 00:00:00'::timestamp(0) without time zone))"}]}, {"Node Type": "Index Scan", "Parent Relationship": "Inner", "Scan Direction": "Forward", "Index Name": "customer_pkey", "Relation Name": "customer", "Alias": "customer", "Startup Cost": 0.0, "Total Cost": 0.31, "Plan Rows": 1, "Plan Width": 12, "Index Cond": "(c_custkey = orders.o_custkey)"}]}, {"Node Type": "Materialize", "Parent Relationship": "Inner", "Startup Cost": 0.0, "Total Cost": 2.65, "Plan Rows": 5, "Plan Width": 4, "Plans": [{"Node Type": "Nested Loop", "Parent Relationship": "Outer", "Join Type": "Inner", "Startup Cost": 0.0, "Total Cost": 2.62, "Plan Rows": 5, "Plan Width": 4, "Inner Unique": false, "Join Filter": "(n1.n_regionkey = region.r_regionkey)", "Plans": [{"Node Type": "Seq Scan", "Parent Relationship": "Outer", "Relation Name": "region", "Alias": "region", "Startup Cost": 0.0, "Total Cost": 1.06, "Plan Rows": 1, "Plan Width": 4, "Filter": "(r_name = 'ASIA'::bpchar)"}, {"Node Type": "Seq Scan", "Parent Relationship": "Inner", "Relation Name": "nation", "Alias": "n1", "Startup Cost": 0.0, "Total Cost": 1.25, "Plan Rows": 25, "Plan Width": 8}]}]}]}, {"Node Type": "Index Scan", "Parent Relationship": "Inner", "Scan Direction": "Forward", "Index Name": "nation_pkey", "Relation Name": "nation", "Alias": "n2", "Startup Cost": 0.0, "Total Cost": 0.27, "Plan Rows": 1, "Plan Width": 30, "Index Cond": "(n_nationkey = supplier.s_nationkey)"}]}]}]}, "Unique SQL Id": 3681808042, "Planner Runtime": 6}, "explain_analyze_plan": {"Plan": {"Node Type": "Sort", "Startup Cost": 497556.85, "Total Cost": 497556.88, "Plan Rows": 10, "Plan Width": 66, "Actual Startup Time": 7060.025, "Actual Total Time": 7060.025, "Actual Rows": 2, "Actual Loops": 1, "Sort Key": ["(date_part('year'::text, orders.o_orderdate))"], "Sort Method": "quicksort", "Sort Space Used": 25, "Sort Space Type": "Memory", "Plans": [{"Node Type": "Aggregate", "Strategy": "Hashed", "Parent Relationship": "Outer", "Startup Cost": 497556.54, "Total Cost": 497556.69, "Plan Rows": 10, "Plan Width": 66, "Actual Startup Time": 7060.007, "Actual Total Time": 7060.007, "Actual Rows": 2, "Actual Loops": 1, "Group By Key": ["date_part('year'::text, orders.o_orderdate)"], "Plans": [{"Node Type": "Nested Loop", "Parent Relationship": "Outer", "Join Type": "Inner", "Startup Cost": 447605.57, "Total Cost": 497436.72, "Plan Rows": 5991, "Plan Width": 50, "Actual Startup Time": 2117.633, "Actual Total Time": 7023.181, "Actual Rows": 23929, "Actual Loops": 1, "Inner Unique": true, "Plans": [{"Node Type": "Nested Loop", "Parent Relationship": "Outer", "Join Type": "Inner", "Startup Cost": 447605.57, "Total Cost": 495743.54, "Plan Rows": 5991, "Plan Width": 28, "Actual Startup Time": 2117.608, "Actual Total Time": 6943.624, "Actual Rows": 23929, "Actual Loops": 1, "Inner Unique": false, "Join Filter": "(n1.n_nationkey = customer.c_nationkey)", "Rows Removed by Join Filter": 574896, "Plans": [{"Node Type": "Nested Loop", "Parent Relationship": "Outer", "Join Type": "Inner", "Startup Cost": 447605.57, "Total Cost": 493494.35, "Plan Rows": 29954, "Plan Width": 32, "Actual Startup Time": 2117.4, "Actual Total Time": 6727.056, "Actual Rows": 119765, "Actual Loops": 1, "Inner Unique": true, "Plans": [{"Node Type": "Nested Loop", "Parent Relationship": "Outer", "Join Type": "Inner", "Startup Cost": 447605.57, "Total Cost": 477242.48, "Plan Rows": 51198, "Plan Width": 36, "Actual Startup Time": 2117.376, "Actual Total Time": 5825.595, "Actual Rows": 119765, "Actual Loops": 1, "Inner Unique": true, "Plans": [{"Node Type": "Merge Join", "Parent Relationship": "Outer", "Join Type": "Inner", "Startup Cost": 447605.57, "Total Cost": 454309.6, "Plan Rows": 74637, "Plan Width": 28, "Actual Startup Time": 2117.294, "Actual Total Time": 2428.607, "Actual Rows": 395341, "Actual Loops": 1, "Inner Unique": false, "Merge Cond": "(supplier.s_suppkey = lineitem.l_suppkey)", "Plans": [{"Node Type": "Index Scan", "Parent Relationship": "Outer", "Scan Direction": "Forward", "Index Name": "supplier_pkey", "Relation Name": "supplier", "Alias": "supplier", "Startup Cost": 0.0, "Total Cost": 5334.54, "Plan Rows": 100000, "Plan Width": 12, "Actual Startup Time": 0.024, "Actual Total Time": 72.954, "Actual Rows": 99999, "Actual Loops": 1}, {"Node Type": "Sort", "Parent Relationship": "Inner", "Startup Cost": 447605.54, "Total Cost": 447792.13, "Plan Rows": 74637, "Plan Width": 32, "Actual Startup Time": 2117.258, "Actual Total Time": 2201.915, "Actual Rows": 395341, "Actual Loops": 1, "Sort Key": ["lineitem.l_suppkey"], "Sort Method": "quicksort", "Sort Space Used": 49352, "Sort Space Type": "Memory", "Plans": [{"Node Type": "Nested Loop", "Parent Relationship": "Outer", "Join Type": "Inner", "Startup Cost": 0.0, "Total Cost": 441564.57, "Plan Rows": 74637, "Plan Width": 32, "Actual Startup Time": 0.045, "Actual Total Time": 1966.992, "Actual Rows": 395341, "Actual Loops": 1, "Inner Unique": false, "Plans": [{"Node Type": "Seq Scan", "Parent Relationship": "Outer", "Relation Name": "part", "Alias": "part", "Startup Cost": 0.0, "Total Cost": 66944.0, "Plan Rows": 13538, "Plan Width": 8, "Actual Startup Time": 0.027, "Actual Total Time": 757.076, "Actual Rows": 13163, "Actual Loops": 1, "Filter": "((p_type)::text = 'SMALL PLATED COPPER'::text)", "Rows Removed by Filter": 1986837}, {"Node Type": "Index Scan", "Parent Relationship": "Inner", "Scan Direction": "Forward", "Index Name": "idx_lineitem_part_supp", "Relation Name": "lineitem", "Alias": "lineitem", "Startup Cost": 0.0, "Total Cost": 27.61, "Plan Rows": 6, "Plan Width": 40, "Actual Startup Time": 159.343, "Actual Total Time": 1114.597, "Actual Rows": 395341, "Actual Loops": 13163, "Index Cond": "(l_partkey = part.p_partkey)", "Rows Removed by Index Recheck": 0}]}]}]}, {"Node Type": "Index Scan", "Parent Relationship": "Inner", "Scan Direction": "Forward", "Index Name": "orders_pkey", "Relation Name": "orders", "Alias": "orders", "Startup Cost": 0.0, "Total Cost": 0.3, "Plan Rows": 1, "Plan Width": 24, "Actual Startup Time": 3159.409, "Actual Total Time": 3159.409, "Actual Rows": 119765, "Actual Loops": 395341, "Index Cond": "(o_orderkey = lineitem.l_orderkey)", "Rows Removed by Index Recheck": 0, "Filter": "((o_orderdate >= '1995-01-01 00:00:00'::timestamp(0) without time zone) AND (o_orderdate <= '1996-12-31 00:00:00'::timestamp(0) without time zone))", "Rows Removed by Filter": 275576}]}, {"Node Type": "Index Scan", "Parent Relationship": "Inner", "Scan Direction": "Forward", "Index Name": "customer_pkey", "Relation Name": "customer", "Alias": "customer", "Startup Cost": 0.0, "Total Cost": 0.31, "Plan Rows": 1, "Plan Width": 12, "Actual Startup Time": 798.018, "Actual Total Time": 798.018, "Actual Rows": 119765, "Actual Loops": 119765, "Index Cond": "(c_custkey = orders.o_custkey)", "Rows Removed by Index Recheck": 0}]}, {"Node Type": "Materialize", "Parent Relationship": "Inner", "Startup Cost": 0.0, "Total Cost": 2.65, "Plan Rows": 5, "Plan Width": 4, "Actual Startup Time": 12.618, "Actual Total Time": 64.889, "Actual Rows": 598825, "Actual Loops": 119765, "Plans": [{"Node Type": "Nested Loop", "Parent Relationship": "Outer", "Join Type": "Inner", "Startup Cost": 0.0, "Total Cost": 2.62, "Plan Rows": 5, "Plan Width": 4, "Actual Startup Time": 0.078, "Actual Total Time": 0.086, "Actual Rows": 5, "Actual Loops": 1, "Inner Unique": false, "Join Filter": "(n1.n_regionkey = region.r_regionkey)", "Rows Removed by Join Filter": 20, "Plans": [{"Node Type": "Seq Scan", "Parent Relationship": "Outer", "Relation Name": "region", "Alias": "region", "Startup Cost": 0.0, "Total Cost": 1.06, "Plan Rows": 1, "Plan Width": 4, "Actual Startup Time": 0.017, "Actual Total Time": 0.018, "Actual Rows": 1, "Actual Loops": 1, "Filter": "(r_name = 'ASIA'::bpchar)", "Rows Removed by Filter": 4}, {"Node Type": "Seq Scan", "Parent Relationship": "Inner", "Relation Name": "nation", "Alias": "n1", "Startup Cost": 0.0, "Total Cost": 1.25, "Plan Rows": 25, "Plan Width": 8, "Actual Startup Time": 0.036, "Actual Total Time": 0.039, "Actual Rows": 25, "Actual Loops": 1}]}]}]}, {"Node Type": "Index Scan", "Parent Relationship": "Inner", "Scan Direction": "Forward", "Index Name": "nation_pkey", "Relation Name": "nation", "Alias": "n2", "Startup Cost": 0.0, "Total Cost": 0.27, "Plan Rows": 1, "Plan Width": 30, "Actual Startup Time": 38.889, "Actual Total Time": 38.889, "Actual Rows": 23929, "Actual Loops": 23929, "Index Cond": "(n_nationkey = supplier.s_nationkey)", "Rows Removed by Index Recheck": 0}]}]}]}, "Triggers": [], "Planner Runtime": 6, "Total Runtime": 7060.423, "Unique SQL Id": 3681808042}}, "(16, 21)": {"explain_plan": {"Plan": {"Node Type": "Sort", "Startup Cost": 536434.22, "Total Cost": 536434.24, "Plan Rows": 10, "Plan Width": 66, "Sort Key": ["(date_part('year'::text, orders.o_orderdate))"], "Plans": [{"Node Type": "Aggregate", "Strategy": "Hashed", "Parent Relationship": "Outer", "Startup Cost": 536433.9, "Total Cost": 536434.05, "Plan Rows": 10, "Plan Width": 66, "Group By Key": ["date_part('year'::text, orders.o_orderdate)"], "Plans": [{"Node Type": "Nested Loop", "Parent Relationship": "Outer", "Join Type": "Inner", "Startup Cost": 486464.82, "Total Cost": 536314.08, "Plan Rows": 5991, "Plan Width": 50, "Inner Unique": true, "Plans": [{"Node Type": "Nested Loop", "Parent Relationship": "Outer", "Join Type": "Inner", "Startup Cost": 486464.82, "Total Cost": 534620.9, "Plan Rows": 5991, "Plan Width": 28, "Inner Unique": false, "Join Filter": "(n1.n_nationkey = customer.c_nationkey)", "Plans": [{"Node Type": "Nested Loop", "Parent Relationship": "Outer", "Join Type": "Inner", "Startup Cost": 486464.82, "Total Cost": 532353.6, "Plan Rows": 29954, "Plan Width": 32, "Inner Unique": true, "Plans": [{"Node Type": "Nested Loop", "Parent Relationship": "Outer", "Join Type": "Inner", "Startup Cost": 486464.82, "Total Cost": 516101.73, "Plan Rows": 51198, "Plan Width": 36, "Inner Unique": true, "Plans": [{"Node Type": "Merge Join", "Parent Relationship": "Outer", "Join Type": "Inner", "Startup Cost": 486464.82, "Total Cost": 493168.85, "Plan Rows": 74637, "Plan Width": 28, "Inner Unique": true, "Merge Cond": "(lineitem.l_suppkey = supplier.s_suppkey)", "Plans": [{"Node Type": "Sort", "Parent Relationship": "Outer", "Startup Cost": 486464.79, "Total Cost": 486651.38, "Plan Rows": 74637, "Plan Width": 32, "Sort Key": ["lineitem.l_suppkey"], "Plans": [{"Node Type": "Nested Loop", "Parent Relationship": "Outer", "Join Type": "Inner", "Startup Cost": 0.0, "Total Cost": 480423.82, "Plan Rows": 74637, "Plan Width": 32, "Inner Unique": false, "Plans": [{"Node Type": "Index Scan", "Parent Relationship": "Outer", "Scan Direction": "Forward", "Index Name": "part_kpey", "Relation Name": "part", "Alias": "part", "Startup Cost": 0.0, "Total Cost": 105803.25, "Plan Rows": 13538, "Plan Width": 8, "Filter": "((p_type)::text = 'SMALL PLATED COPPER'::text)"}, {"Node Type": "Index Scan", "Parent Relationship": "Inner", "Scan Direction": "Forward", "Index Name": "idx_lineitem_part_supp", "Relation Name": "lineitem", "Alias": "lineitem", "Startup Cost": 0.0, "Total Cost": 27.61, "Plan Rows": 6, "Plan Width": 40, "Index Cond": "(l_partkey = part.p_partkey)"}]}]}, {"Node Type": "Index Scan", "Parent Relationship": "Inner", "Scan Direction": "Forward", "Index Name": "supplier_pkey", "Relation Name": "supplier", "Alias": "supplier", "Startup Cost": 0.0, "Total Cost": 5334.54, "Plan Rows": 100000, "Plan Width": 12}]}, {"Node Type": "Index Scan", "Parent Relationship": "Inner", "Scan Direction": "Forward", "Index Name": "orders_pkey", "Relation Name": "orders", "Alias": "orders", "Startup Cost": 0.0, "Total Cost": 0.3, "Plan Rows": 1, "Plan Width": 24, "Index Cond": "(o_orderkey = lineitem.l_orderkey)", "Filter": "((o_orderdate >= '1995-01-01 00:00:00'::timestamp(0) without time zone) AND (o_orderdate <= '1996-12-31 00:00:00'::timestamp(0) without time zone))"}]}, {"Node Type": "Index Scan", "Parent Relationship": "Inner", "Scan Direction": "Forward", "Index Name": "customer_pkey", "Relation Name": "customer", "Alias": "customer", "Startup Cost": 0.0, "Total Cost": 0.31, "Plan Rows": 1, "Plan Width": 12, "Index Cond": "(c_custkey = orders.o_custkey)"}]}, {"Node Type": "Materialize", "Parent Relationship": "Inner", "Startup Cost": 0.0, "Total Cost": 20.76, "Plan Rows": 5, "Plan Width": 4, "Plans": [{"Node Type": "Nested Loop", "Parent Relationship": "Outer", "Join Type": "Inner", "Startup Cost": 0.0, "Total Cost": 20.74, "Plan Rows": 5, "Plan Width": 4, "Inner Unique": false, "Plans": [{"Node Type": "Index Scan", "Parent Relationship": "Outer", "Scan Direction": "Forward", "Index Name": "region_pkey", "Relation Name": "region", "Alias": "region", "Startup Cost": 0.0, "Total Cost": 12.34, "Plan Rows": 1, "Plan Width": 4, "Filter": "(r_name = 'ASIA'::bpchar)"}, {"Node Type": "Index Scan", "Parent Relationship": "Inner", "Scan Direction": "Forward", "Index Name": "idx_nation_regionkey", "Relation Name": "nation", "Alias": "n1", "Startup Cost": 0.0, "Total Cost": 8.35, "Plan Rows": 5, "Plan Width": 8, "Index Cond": "(n_regionkey = region.r_regionkey)"}]}]}]}, {"Node Type": "Index Scan", "Parent Relationship": "Inner", "Scan Direction": "Forward", "Index Name": "nation_pkey", "Relation Name": "nation", "Alias": "n2", "Startup Cost": 0.0, "Total Cost": 0.27, "Plan Rows": 1, "Plan Width": 30, "Index Cond": "(n_nationkey = supplier.s_nationkey)"}]}]}]}, "Unique SQL Id": 3681808042, "Planner Runtime": 6}, "explain_analyze_plan": {"Plan": {"Node Type": "Sort", "Startup Cost": 536434.22, "Total Cost": 536434.24, "Plan Rows": 10, "Plan Width": 66, "Actual Startup Time": 7688.6, "Actual Total Time": 7688.601, "Actual Rows": 2, "Actual Loops": 1, "Sort Key": ["(date_part('year'::text, orders.o_orderdate))"], "Sort Method": "quicksort", "Sort Space Used": 25, "Sort Space Type": "Memory", "Plans": [{"Node Type": "Aggregate", "Strategy": "Hashed", "Parent Relationship": "Outer", "Startup Cost": 536433.9, "Total Cost": 536434.05, "Plan Rows": 10, "Plan Width": 66, "Actual Startup Time": 7688.58, "Actual Total Time": 7688.58, "Actual Rows": 2, "Actual Loops": 1, "Group By Key": ["date_part('year'::text, orders.o_orderdate)"], "Plans": [{"Node Type": "Nested Loop", "Parent Relationship": "Outer", "Join Type": "Inner", "Startup Cost": 486464.82, "Total Cost": 536314.08, "Plan Rows": 5991, "Plan Width": 50, "Actual Startup Time": 2780.335, "Actual Total Time": 7652.447, "Actual Rows": 23929, "Actual Loops": 1, "Inner Unique": true, "Plans": [{"Node Type": "Nested Loop", "Parent Relationship": "Outer", "Join Type": "Inner", "Startup Cost": 486464.82, "Total Cost": 534620.9, "Plan Rows": 5991, "Plan Width": 28, "Actual Startup Time": 2780.222, "Actual Total Time": 7572.997, "Actual Rows": 23929, "Actual Loops": 1, "Inner Unique": false, "Join Filter": "(n1.n_nationkey = customer.c_nationkey)", "Rows Removed by Join Filter": 574896, "Plans": [{"Node Type": "Nested Loop", "Parent Relationship": "Outer", "Join Type": "Inner", "Startup Cost": 486464.82, "Total Cost": 532353.6, "Plan Rows": 29954, "Plan Width": 32, "Actual Startup Time": 2780.076, "Actual Total Time": 7359.4, "Actual Rows": 119765, "Actual Loops": 1, "Inner Unique": true, "Plans": [{"Node Type": "Nested Loop", "Parent Relationship": "Outer", "Join Type": "Inner", "Startup Cost": 486464.82, "Total Cost": 516101.73, "Plan Rows": 51198, "Plan Width": 36, "Actual Startup Time": 2780.06, "Actual Total Time": 6463.664, "Actual Rows": 119765, "Actual Loops": 1, "Inner Unique": true, "Plans": [{"Node Type": "Merge Join", "Parent Relationship": "Outer", "Join Type": "Inner", "Startup Cost": 486464.82, "Total Cost": 493168.85, "Plan Rows": 74637, "Plan Width": 28, "Actual Startup Time": 2779.981, "Actual Total Time": 3095.498, "Actual Rows": 395341, "Actual Loops": 1, "Inner Unique": true, "Merge Cond": "(lineitem.l_suppkey = supplier.s_suppkey)", "Plans": [{"Node Type": "Sort", "Parent Relationship": "Outer", "Startup Cost": 486464.79, "Total Cost": 486651.38, "Plan Rows": 74637, "Plan Width": 32, "Actual Startup Time": 2779.927, "Actual Total Time": 2868.34, "Actual Rows": 395341, "Actual Loops": 1, "Sort Key": ["lineitem.l_suppkey"], "Sort Method": "quicksort", "Sort Space Used": 49352, "Sort Space Type": "Memory", "Plans": [{"Node Type": "Nested Loop", "Parent Relationship": "Outer", "Join Type": "Inner", "Startup Cost": 0.0, "Total Cost": 480423.82, "Plan Rows": 74637, "Plan Width": 32, "Actual Startup Time": 0.052, "Actual Total Time": 2630.949, "Actual Rows": 395341, "Actual Loops": 1, "Inner Unique": false, "Plans": [{"Node Type": "Index Scan", "Parent Relationship": "Outer", "Scan Direction": "Forward", "Index Name": "part_kpey", "Relation Name": "part", "Alias": "part", "Startup Cost": 0.0, "Total Cost": 105803.25, "Plan Rows": 13538, "Plan Width": 8, "Actual Startup Time": 0.036, "Actual Total Time": 1513.419, "Actual Rows": 13163, "Actual Loops": 1, "Filter": "((p_type)::text = 'SMALL PLATED COPPER'::text)", "Rows Removed by Filter": 1986837}, {"Node Type": "Index Scan", "Parent Relationship": "Inner", "Scan Direction": "Forward", "Index Name": "idx_lineitem_part_supp", "Relation Name": "lineitem", "Alias": "lineitem", "Startup Cost": 0.0, "Total Cost": 27.61, "Plan Rows": 6, "Plan Width": 40, "Actual Startup Time": 128.233, "Actual Total Time": 1024.436, "Actual Rows": 395341, "Actual Loops": 13163, "Index Cond": "(l_partkey = part.p_partkey)", "Rows Removed by Index Recheck": 0}]}]}, {"Node Type": "Index Scan", "Parent Relationship": "Inner", "Scan Direction": "Forward", "Index Name": "supplier_pkey", "Relation Name": "supplier", "Alias": "supplier", "Startup Cost": 0.0, "Total Cost": 5334.54, "Plan Rows": 100000, "Plan Width": 12, "Actual Startup Time": 0.036, "Actual Total Time": 71.11, "Actual Rows": 99998, "Actual Loops": 1}]}, {"Node Type": "Index Scan", "Parent Relationship": "Inner", "Scan Direction": "Forward", "Index Name": "orders_pkey", "Relation Name": "orders", "Alias": "orders", "Startup Cost": 0.0, "Total Cost": 0.3, "Plan Rows": 1, "Plan Width": 24, "Actual Startup Time": 3130.421, "Actual Total Time": 3130.421, "Actual Rows": 119765, "Actual Loops": 395341, "Index Cond": "(o_orderkey = lineitem.l_orderkey)", "Rows Removed by Index Recheck": 0, "Filter": "((o_orderdate >= '1995-01-01 00:00:00'::timestamp(0) without time zone) AND (o_orderdate <= '1996-12-31 00:00:00'::timestamp(0) without time zone))", "Rows Removed by Filter": 275576}]}, {"Node Type": "Index Scan", "Parent Relationship": "Inner", "Scan Direction": "Forward", "Index Name": "customer_pkey", "Relation Name": "customer", "Alias": "customer", "Startup Cost": 0.0, "Total Cost": 0.31, "Plan Rows": 1, "Plan Width": 12, "Actual Startup Time": 793.221, "Actual Total Time": 793.221, "Actual Rows": 119765, "Actual Loops": 119765, "Index Cond": "(c_custkey = orders.o_custkey)", "Rows Removed by Index Recheck": 0}]}, {"Node Type": "Materialize", "Parent Relationship": "Inner", "Startup Cost": 0.0, "Total Cost": 20.76, "Plan Rows": 5, "Plan Width": 4, "Actual Startup Time": 12.907, "Actual Total Time": 64.81, "Actual Rows": 598825, "Actual Loops": 119765, "Plans": [{"Node Type": "Nested Loop", "Parent Relationship": "Outer", "Join Type": "Inner", "Startup Cost": 0.0, "Total Cost": 20.74, "Plan Rows": 5, "Plan Width": 4, "Actual Startup Time": 0.024, "Actual Total Time": 0.032, "Actual Rows": 5, "Actual Loops": 1, "Inner Unique": false, "Plans": [{"Node Type": "Index Scan", "Parent Relationship": "Outer", "Scan Direction": "Forward", "Index Name": "region_pkey", "Relation Name": "region", "Alias": "region", "Startup Cost": 0.0, "Total Cost": 12.34, "Plan Rows": 1, "Plan Width": 4, "Actual Startup Time": 0.012, "Actual Total Time": 0.014, "Actual Rows": 1, "Actual Loops": 1, "Filter": "(r_name = 'ASIA'::bpchar)", "Rows Removed by Filter": 4}, {"Node Type": "Index Scan", "Parent Relationship": "Inner", "Scan Direction": "Forward", "Index Name": "idx_nation_regionkey", "Relation Name": "nation", "Alias": "n1", "Startup Cost": 0.0, "Total Cost": 8.35, "Plan Rows": 5, "Plan Width": 8, "Actual Startup Time": 0.008, "Actual Total Time": 0.01, "Actual Rows": 5, "Actual Loops": 1, "Index Cond": "(n_regionkey = region.r_regionkey)", "Rows Removed by Index Recheck": 0}]}]}]}, {"Node Type": "Index Scan", "Parent Relationship": "Inner", "Scan Direction": "Forward", "Index Name": "nation_pkey", "Relation Name": "nation", "Alias": "n2", "Startup Cost": 0.0, "Total Cost": 0.27, "Plan Rows": 1, "Plan Width": 30, "Actual Startup Time": 38.79, "Actual Total Time": 38.79, "Actual Rows": 23929, "Actual Loops": 23929, "Index Cond": "(n_nationkey = supplier.s_nationkey)", "Rows Removed by Index Recheck": 0}]}]}]}, "Triggers": [], "Planner Runtime": 6, "Total Runtime": 7689.031, "Unique SQL Id": 3681808042}}, "(16, 22)": {"explain_plan": {"Plan": {"Node Type": "Sort", "Startup Cost": 857930.92, "Total Cost": 857930.94, "Plan Rows": 10, "Plan Width": 66, "Sort Key": ["(date_part('year'::text, orders.o_orderdate))"], "Plans": [{"Node Type": "Aggregate", "Strategy": "Hashed", "Parent Relationship": "Outer", "Startup Cost": 857930.6, "Total Cost": 857930.75, "Plan Rows": 10, "Plan Width": 66, "Group By Key": ["date_part('year'::text, orders.o_orderdate)"], "Plans": [{"Node Type": "Merge Join", "Parent Relationship": "Outer", "Join Type": "Inner", "Startup Cost": 857705.82, "Total Cost": 857810.78, "Plan Rows": 5991, "Plan Width": 50, "Inner Unique": false, "Merge Cond": "(n2.n_nationkey = supplier.s_nationkey)", "Plans": [{"Node Type": "Sort", "Parent Relationship": "Outer", "Startup Cost": 1.83, "Total Cost": 1.89, "Plan Rows": 25, "Plan Width": 30, "Sort Key": ["n2.n_nationkey"], "Plans": [{"Node Type": "Seq Scan", "Parent Relationship": "Outer", "Relation Name": "nation", "Alias": "n2", "Startup Cost": 0.0, "Total Cost": 1.25, "Plan Rows": 25, "Plan Width": 30}]}, {"Node Type": "Sort", "Parent Relationship": "Inner", "Startup Cost": 857703.98, "Total Cost": 857718.96, "Plan Rows": 5991, "Plan Width": 28, "Sort Key": ["supplier.s_nationkey"], "Plans": [{"Node Type": "Merge Join", "Parent Relationship": "Outer", "Join Type": "Inner", "Startup Cost": 856730.62, "Total Cost": 857328.09, "Plan Rows": 5991, "Plan Width": 28, "Inner Unique": true, "Merge Cond": "(lineitem.l_suppkey = supplier.s_suppkey)", "Plans": [{"Node Type": "Sort", "Parent Relationship": "Outer", "Startup Cost": 845142.79, "Total Cost": 845186.03, "Plan Rows": 17296, "Plan Width": 32, "Sort Key": ["lineitem.l_suppkey"], "Plans": [{"Node Type": "Merge Join", "Parent Relationship": "Outer", "Join Type": "Inner", "Startup Cost": 841820.01, "Total Cost": 843925.31, "Plan Rows": 17296, "Plan Width": 32, "Inner Unique": false, "Merge Cond": "(orders.o_custkey = customer.c_custkey)", "Plans": [{"Node Type": "Sort", "Parent Relationship": "Outer", "Startup Cost": 777363.03, "Total Cost": 777579.23, "Plan Rows": 86479, "Plan Width": 40, "Sort Key": ["orders.o_custkey"], "Plans": [{"Node Type": "Nested Loop", "Parent Relationship": "Outer", "Join Type": "Inner", "Startup Cost": 4.47, "Total Cost": 770271.73, "Plan Rows": 86479, "Plan Width": 40, "Inner Unique": true, "Plans": [{"Node Type": "Nested Loop", "Parent Relationship": "Outer", "Join Type": "Inner", "Startup Cost": 4.21, "Total Cost": 450147.9, "Plan Rows": 74637, "Plan Width": 32, "Inner Unique": false, "Plans": [{"Node Type": "Seq Scan", "Parent Relationship": "Outer", "Relation Name": "part", "Alias": "part", "Startup Cost": 0.0, "Total Cost": 66944.0, "Plan Rows": 13538, "Plan Width": 8, "Filter": "((p_type)::text = 'SMALL PLATED COPPER'::text)"}, {"Node Type": "Bitmap Heap Scan", "Parent Relationship": "Inner", "Relation Name": "lineitem", "Alias": "lineitem", "Startup Cost": 4.21, "Total Cost": 28.25, "Plan Rows": 6, "Plan Width": 40, "Recheck Cond": "(l_partkey = part.p_partkey)", "Plans": [{"Node Type": "Bitmap Index Scan", "Parent Relationship": "Outer", "Index Name": "idx_lineitem_part_supp", "Startup Cost": 0.0, "Total Cost": 4.21, "Plan Rows": 6, "Plan Width": 0, "Index Cond": "(l_partkey = part.p_partkey)"}]}]}, {"Node Type": "Bitmap Heap Scan", "Parent Relationship": "Inner", "Relation Name": "orders", "Alias": "orders", "Startup Cost": 0.26, "Total Cost": 4.28, "Plan Rows": 1, "Plan Width": 24, "Recheck Cond": "(o_orderkey = lineitem.l_orderkey)", "Filter": "((o_orderdate >= '1995-01-01 00:00:00'::timestamp(0) without time zone) AND (o_orderdate <= '1996-12-31 00:00:00'::timestamp(0) without time zone))", "Plans": [{"Node Type": "Bitmap Index Scan", "Parent Relationship": "Outer", "Index Name": "orders_pkey", "Startup Cost": 0.0, "Total Cost": 0.26, "Plan Rows": 1, "Plan Width": 0, "Index Cond": "(o_orderkey = lineitem.l_orderkey)"}]}]}]}, {"Node Type": "Sort", "Parent Relationship": "Inner", "Startup Cost": 64456.94, "Total Cost": 65206.94, "Plan Rows": 300000, "Plan Width": 8, "Sort Key": ["customer.c_custkey"], "Plans": [{"Node Type": "Nested Loop", "Parent Relationship": "Outer", "Join Type": "Inner", "Startup Cost": 1030.37, "Total Cost": 37165.03, "Plan Rows": 300000, "Plan Width": 8, "Inner Unique": false, "Plans": [{"Node Type": "Nested Loop", "Parent Relationship": "Outer", "Join Type": "Inner", "Startup Cost": 0.0, "Total Cost": 2.62, "Plan Rows": 5, "Plan Width": 4, "Inner Unique": false, "Join Filter": "(n1.n_regionkey = region.r_regionkey)", "Plans": [{"Node Type": "Seq Scan", "Parent Relationship": "Outer", "Relation Name": "region", "Alias": "region", "Startup Cost": 0.0, "Total Cost": 1.06, "Plan Rows": 1, "Plan Width": 4, "Filter": "(r_name = 'ASIA'::bpchar)"}, {"Node Type": "Seq Scan", "Parent Relationship": "Inner", "Relation Name": "nation", "Alias": "n1", "Startup Cost": 0.0, "Total Cost": 1.25, "Plan Rows": 25, "Plan Width": 8}]}, {"Node Type": "Bitmap Heap Scan", "Parent Relationship": "Inner", "Relation Name": "customer", "Alias": "customer", "Startup Cost": 1030.37, "Total Cost": 6832.48, "Plan Rows": 60000, "Plan Width": 12, "Recheck Cond": "(c_nationkey = n1.n_nationkey)", "Plans": [{"Node Type": "Bitmap Index Scan", "Parent Relationship": "Outer", "Index Name": "idx_customer_nationkey", "Startup Cost": 0.0, "Total Cost": 1015.37, "Plan Rows": 60000, "Plan Width": 0, "Index Cond": "(c_nationkey = n1.n_nationkey)"}]}]}]}]}]}, {"Node Type": "Sort", "Parent Relationship": "Inner", "Startup Cost": 11587.82, "Total Cost": 11837.82, "Plan Rows": 100000, "Plan Width": 12, "Sort Key": ["supplier.s_suppkey"], "Plans": [{"Node Type": "Seq Scan", "Parent Relationship": "Outer", "Relation Name": "supplier", "Alias": "supplier", "Startup Cost": 0.0, "Total Cost": 3283.0, "Plan Rows": 100000, "Plan Width": 12}]}]}]}]}]}]}, "Unique SQL Id": 3681808042, "Planner Runtime": 7}, "explain_analyze_plan": {"Plan": {"Node Type": "Sort", "Startup Cost": 857930.92, "Total Cost": 857930.94, "Plan Rows": 10, "Plan Width": 66, "Actual Startup Time": 7373.372, "Actual Total Time": 7373.372, "Actual Rows": 2, "Actual Loops": 1, "Sort Key": ["(date_part('year'::text, orders.o_orderdate))"], "Sort Method": "quicksort", "Sort Space Used": 25, "Sort Space Type": "Memory", "Plans": [{"Node Type": "Aggregate", "Strategy": "Hashed", "Parent Relationship": "Outer", "Startup Cost": 857930.6, "Total Cost": 857930.75, "Plan Rows": 10, "Plan Width": 66, "Actual Startup Time": 7373.36, "Actual Total Time": 7373.361, "Actual Rows": 2, "Actual Loops": 1, "Group By Key": ["date_part('year'::text, orders.o_orderdate)"], "Plans": [{"Node Type": "Merge Join", "Parent Relationship": "Outer", "Join Type": "Inner", "Startup Cost": 857705.82, "Total Cost": 857810.78, "Plan Rows": 5991, "Plan Width": 50, "Actual Startup Time": 7337.276, "Actual Total Time": 7354.525, "Actual Rows": 23929, "Actual Loops": 1, "Inner Unique": false, "Merge Cond": "(n2.n_nationkey = supplier.s_nationkey)", "Plans": [{"Node Type": "Sort", "Parent Relationship": "Outer", "Startup Cost": 1.83, "Total Cost": 1.89, "Plan Rows": 25, "Plan Width": 30, "Actual Startup Time": 0.041, "Actual Total Time": 0.044, "Actual Rows": 25, "Actual Loops": 1, "Sort Key": ["n2.n_nationkey"], "Sort Method": "quicksort", "Sort Space Used": 27, "Sort Space Type": "Memory", "Plans": [{"Node Type": "Seq Scan", "Parent Relationship": "Outer", "Relation Name": "nation", "Alias": "n2", "Startup Cost": 0.0, "Total Cost": 1.25, "Plan Rows": 25, "Plan Width": 30, "Actual Startup Time": 0.017, "Actual Total Time": 0.024, "Actual Rows": 25, "Actual Loops": 1}]}, {"Node Type": "Sort", "Parent Relationship": "Inner", "Startup Cost": 857703.98, "Total Cost": 857718.96, "Plan Rows": 5991, "Plan Width": 28, "Actual Startup Time": 7337.192, "Actual Total Time": 7340.314, "Actual Rows": 23929, "Actual Loops": 1, "Sort Key": ["supplier.s_nationkey"], "Sort Method": "quicksort", "Sort Space Used": 3012, "Sort Space Type": "Memory", "Plans": [{"Node Type": "Merge Join", "Parent Relationship": "Outer", "Join Type": "Inner", "Startup Cost": 856730.62, "Total Cost": 857328.09, "Plan Rows": 5991, "Plan Width": 28, "Actual Startup Time": 7290.057, "Actual Total Time": 7330.233, "Actual Rows": 23929, "Actual Loops": 1, "Inner Unique": true, "Merge Cond": "(lineitem.l_suppkey = supplier.s_suppkey)", "Plans": [{"Node Type": "Sort", "Parent Relationship": "Outer", "Startup Cost": 845142.79, "Total Cost": 845186.03, "Plan Rows": 17296, "Plan Width": 32, "Actual Startup Time": 7220.487, "Actual Total Time": 7225.147, "Actual Rows": 23929, "Actual Loops": 1, "Sort Key": ["lineitem.l_suppkey"], "Sort Method": "quicksort", "Sort Space Used": 3012, "Sort Space Type": "Memory", "Plans": [{"Node Type": "Merge Join", "Parent Relationship": "Outer", "Join Type": "Inner", "Startup Cost": 841820.01, "Total Cost": 843925.31, "Plan Rows": 17296, "Plan Width": 32, "Actual Startup Time": 7075.238, "Actual Total Time": 7211.055, "Actual Rows": 23929, "Actual Loops": 1, "Inner Unique": false, "Merge Cond": "(orders.o_custkey = customer.c_custkey)", "Plans": [{"Node Type": "Sort", "Parent Relationship": "Outer", "Startup Cost": 777363.03, "Total Cost": 777579.23, "Plan Rows": 86479, "Plan Width": 40, "Actual Startup Time": 6378.681, "Actual Total Time": 6406.612, "Actual Rows": 119765, "Actual Loops": 1, "Sort Key": ["orders.o_custkey"], "Sort Method": "quicksort", "Sort Space Used": 14300, "Sort Space Type": "Memory", "Plans": [{"Node Type": "Nested Loop", "Parent Relationship": "Outer", "Join Type": "Inner", "Startup Cost": 4.47, "Total Cost": 770271.73, "Plan Rows": 86479, "Plan Width": 40, "Actual Startup Time": 0.115, "Actual Total Time": 6311.313, "Actual Rows": 119765, "Actual Loops": 1, "Inner Unique": true, "Plans": [{"Node Type": "Nested Loop", "Parent Relationship": "Outer", "Join Type": "Inner", "Startup Cost": 4.21, "Total Cost": 450147.9, "Plan Rows": 74637, "Plan Width": 32, "Actual Startup Time": 0.059, "Actual Total Time": 2239.884, "Actual Rows": 395341, "Actual Loops": 1, "Inner Unique": false, "Plans": [{"Node Type": "Seq Scan", "Parent Relationship": "Outer", "Relation Name": "part", "Alias": "part", "Startup Cost": 0.0, "Total Cost": 66944.0, "Plan Rows": 13538, "Plan Width": 8, "Actual Startup Time": 0.019, "Actual Total Time": 763.747, "Actual Rows": 13163, "Actual Loops": 1, "Filter": "((p_type)::text = 'SMALL PLATED COPPER'::text)", "Rows Removed by Filter": 1986837}, {"Node Type": "Bitmap Heap Scan", "Parent Relationship": "Inner", "Relation Name": "lineitem", "Alias": "lineitem", "Startup Cost": 4.21, "Total Cost": 28.25, "Plan Rows": 6, "Plan Width": 40, "Actual Startup Time": 263.648, "Actual Total Time": 1358.894, "Actual Rows": 395341, "Actual Loops": 13163, "Recheck Cond": "(l_partkey = part.p_partkey)", "Rows Removed by Index Recheck": 0, "Exact Heap Blocks": 395337, "Lossy Heap Blocks": 395337, "Plans": [{"Node Type": "Bitmap Index Scan", "Parent Relationship": "Outer", "Index Name": "idx_lineitem_part_supp", "Startup Cost": 0.0, "Total Cost": 4.21, "Plan Rows": 6, "Plan Width": 0, "Actual Startup Time": 169.208, "Actual Total Time": 169.208, "Actual Rows": 395341, "Actual Loops": 13163, "Index Cond": "(l_partkey = part.p_partkey)"}]}]}, {"Node Type": "Bitmap Heap Scan", "Parent Relationship": "Inner", "Relation Name": "orders", "Alias": "orders", "Startup Cost": 0.26, "Total Cost": 4.28, "Plan Rows": 1, "Plan Width": 24, "Actual Startup Time": 3606.649, "Actual Total Time": 3606.649, "Actual Rows": 119765, "Actual Loops": 395341, "Recheck Cond": "(o_orderkey = lineitem.l_orderkey)", "Rows Removed by Index Recheck": 0, "Filter": "((o_orderdate >= '1995-01-01 00:00:00'::timestamp(0) without time zone) AND (o_orderdate <= '1996-12-31 00:00:00'::timestamp(0) without time zone))", "Rows Removed by Filter": 275576, "Exact Heap Blocks": 395341, "Lossy Heap Blocks": 395341, "Plans": [{"Node Type": "Bitmap Index Scan", "Parent Relationship": "Outer", "Index Name": "orders_pkey", "Startup Cost": 0.0, "Total Cost": 0.26, "Plan Rows": 1, "Plan Width": 0, "Actual Startup Time": 2180.006, "Actual Total Time": 2180.006, "Actual Rows": 395341, "Actual Loops": 395341, "Index Cond": "(o_orderkey = lineitem.l_orderkey)"}]}]}]}, {"Node Type": "Sort", "Parent Relationship": "Inner", "Startup Cost": 64456.94, "Total Cost": 65206.94, "Plan Rows": 300000, "Plan Width": 8, "Actual Startup Time": 696.545, "Actual Total Time": 739.786, "Actual Rows": 301987, "Actual Loops": 1, "Sort Key": ["customer.c_custkey"], "Sort Method": "quicksort", "Sort Space Used": 31055, "Sort Space Type": "Memory", "Plans": [{"Node Type": "Nested Loop", "Parent Relationship": "Outer", "Join Type": "Inner", "Startup Cost": 1030.37, "Total Cost": 37165.03, "Plan Rows": 300000, "Plan Width": 8, "Actual Startup Time": 21.944, "Actual Total Time": 595.763, "Actual Rows": 300270, "Actual Loops": 1, "Inner Unique": false, "Plans": [{"Node Type": "Nested Loop", "Parent Relationship": "Outer", "Join Type": "Inner", "Startup Cost": 0.0, "Total Cost": 2.62, "Plan Rows": 5, "Plan Width": 4, "Actual Startup Time": 0.1, "Actual Total Time": 0.16, "Actual Rows": 5, "Actual Loops": 1, "Inner Unique": false, "Join Filter": "(n1.n_regionkey = region.r_regionkey)", "Rows Removed by Join Filter": 20, "Plans": [{"Node Type": "Seq Scan", "Parent Relationship": "Outer", "Relation Name": "region", "Alias": "region", "Startup Cost": 0.0, "Total Cost": 1.06, "Plan Rows": 1, "Plan Width": 4, "Actual Startup Time": 0.036, "Actual Total Time": 0.042, "Actual Rows": 1, "Actual Loops": 1, "Filter": "(r_name = 'ASIA'::bpchar)", "Rows Removed by Filter": 4}, {"Node Type": "Seq Scan", "Parent Relationship": "Inner", "Relation Name": "nation", "Alias": "n1", "Startup Cost": 0.0, "Total Cost": 1.25, "Plan Rows": 25, "Plan Width": 8, "Actual Startup Time": 0.04, "Actual Total Time": 0.059, "Actual Rows": 25, "Actual Loops": 1}]}, {"Node Type": "Bitmap Heap Scan", "Parent Relationship": "Inner", "Relation Name": "customer", "Alias": "customer", "Startup Cost": 1030.37, "Total Cost": 6832.48, "Plan Rows": 60000, "Plan Width": 12, "Actual Startup Time": 104.643, "Actual Total Time": 542.41, "Actual Rows": 300270, "Actual Loops": 5, "Recheck Cond": "(c_nationkey = n1.n_nationkey)", "Rows Removed by Index Recheck": 0, "Exact Heap Blocks": 150032, "Lossy Heap Blocks": 150032, "Plans": [{"Node Type": "Bitmap Index Scan", "Parent Relationship": "Outer", "Index Name": "idx_customer_nationkey", "Startup Cost": 0.0, "Total Cost": 1015.37, "Plan Rows": 60000, "Plan Width": 0, "Actual Startup Time": 70.474, "Actual Total Time": 70.474, "Actual Rows": 300270, "Actual Loops": 5, "Index Cond": "(c_nationkey = n1.n_nationkey)"}]}]}]}]}]}, {"Node Type": "Sort", "Parent Relationship": "Inner", "Startup Cost": 11587.82, "Total Cost": 11837.82, "Plan Rows": 100000, "Plan Width": 12, "Actual Startup Time": 69.558, "Actual Total Time": 80.591, "Actual Rows": 99998, "Actual Loops": 1, "Sort Key": ["supplier.s_suppkey"], "Sort Method": "quicksort", "Sort Space Used": 12448, "Sort Space Type": "Memory", "Plans": [{"Node Type": "Seq Scan", "Parent Relationship": "Outer", "Relation Name": "supplier", "Alias": "supplier", "Startup Cost": 0.0, "Total Cost": 3283.0, "Plan Rows": 100000, "Plan Width": 12, "Actual Startup Time": 0.033, "Actual Total Time": 38.439, "Actual Rows": 100000, "Actual Loops": 1}]}]}]}]}]}]}, "Triggers": [], "Planner Runtime": 7, "Total Runtime": 7373.941, "Unique SQL Id": 3681808042}}, "(16, 23)": {"explain_plan": {"Plan": {"Node Type": "Sort", "Startup Cost": 66661878.45, "Total Cost": 66661878.48, "Plan Rows": 10, "Plan Width": 66, "Sort Key": ["(date_part('year'::text, orders.o_orderdate))"], "Plans": [{"Node Type": "Aggregate", "Strategy": "Hashed", "Parent Relationship": "Outer", "Startup Cost": 66661878.14, "Total Cost": 66661878.29, "Plan Rows": 10, "Plan Width": 66, "Group By Key": ["date_part('year'::text, orders.o_orderdate)"], "Plans": [{"Node Type": "Nested Loop", "Parent Relationship": "Outer", "Join Type": "Inner", "Startup Cost": 115915.31, "Total Cost": 66661758.32, "Plan Rows": 5991, "Plan Width": 50, "Inner Unique": true, "Plans": [{"Node Type": "Nested Loop", "Parent Relationship": "Outer", "Join Type": "Inner", "Startup Cost": 115915.05, "Total Cost": 66636099.88, "Plan Rows": 5991, "Plan Width": 28, "Inner Unique": true, "Plans": [{"Node Type": "Nested Loop", "Parent Relationship": "Outer", "Join Type": "Inner", "Startup Cost": 115914.79, "Total Cost": 66562068.23, "Plan Rows": 17296, "Plan Width": 32, "Inner Unique": true, "Plans": [{"Node Type": "Nested Loop", "Parent Relationship": "Outer", "Join Type": "Inner", "Startup Cost": 115914.53, "Total Cost": 45938880.46, "Plan Rows": 4814867, "Plan Width": 40, "Inner Unique": false, "Plans": [{"Node Type": "Nested Loop", "Parent Relationship": "Outer", "Join Type": "Inner", "Startup Cost": 115914.01, "Total Cost": 43432501.27, "Plan Rows": 530296, "Plan Width": 16, "Inner Unique": true, "Plans": [{"Node Type": "Nested Loop", "Parent Relationship": "Outer", "Join Type": "Inner", "Startup Cost": 115913.43, "Total Cost": 31228406.3, "Plan Rows": 2651479, "Plan Width": 20, "Inner Unique": true, "Plans": [{"Node Type": "Nested Loop", "Parent Relationship": "Outer", "Join Type": "Inner", "Startup Cost": 115913.17, "Total Cost": 19879399.17, "Plan Rows": 2651479, "Plan Width": 20, "Inner Unique": true, "Plans": [{"Node Type": "Bitmap Heap Scan", "Parent Relationship": "Outer", "Relation Name": "orders", "Alias": "orders", "Startup Cost": 115912.91, "Total Cost": 460311.42, "Plan Rows": 4531967, "Plan Width": 24, "Recheck Cond": "((o_orderdate >= '1995-01-01 00:00:00'::timestamp(0) without time zone) AND (o_orderdate <= '1996-12-31 00:00:00'::timestamp(0) without time zone)), (LLVM Optimized)", "Plans": [{"Node Type": "Bitmap Index Scan", "Parent Relationship": "Outer", "Index Name": "idx_orders_orderdate", "Startup Cost": 0.0, "Total Cost": 114779.92, "Plan Rows": 4531967, "Plan Width": 0, "Index Cond": "((o_orderdate >= '1995-01-01 00:00:00'::timestamp(0) without time zone) AND (o_orderdate <= '1996-12-31 00:00:00'::timestamp(0) without time zone))"}]}, {"Node Type": "Bitmap Heap Scan", "Parent Relationship": "Inner", "Relation Name": "customer", "Alias": "customer", "Startup Cost": 0.26, "Total Cost": 4.27, "Plan Rows": 1, "Plan Width": 12, "Recheck Cond": "(c_custkey = orders.o_custkey)", "Plans": [{"Node Type": "Bitmap Index Scan", "Parent Relationship": "Outer", "Index Name": "customer_pkey", "Startup Cost": 0.0, "Total Cost": 0.26, "Plan Rows": 1, "Plan Width": 0, "Index Cond": "(c_custkey = orders.o_custkey)"}]}]}, {"Node Type": "Bitmap Heap Scan", "Parent Relationship": "Inner", "Relation Name": "nation", "Alias": "n1", "Startup Cost": 0.26, "Total Cost": 4.27, "Plan Rows": 1, "Plan Width": 8, "Recheck Cond": "(n_nationkey = customer.c_nationkey)", "Plans": [{"Node Type": "Bitmap Index Scan", "Parent Relationship": "Outer", "Index Name": "nation_pkey", "Startup Cost": 0.0, "Total Cost": 0.26, "Plan Rows": 1, "Plan Width": 0, "Index Cond": "(n_nationkey = customer.c_nationkey)"}]}]}, {"Node Type": "Bitmap Heap Scan", "Parent Relationship": "Inner", "Relation Name": "region", "Alias": "region", "Startup Cost": 0.58, "Total Cost": 4.59, "Plan Rows": 1, "Plan Width": 4, "Recheck Cond": "(r_regionkey = n1.n_regionkey)", "Filter": "(r_name = 'ASIA'::bpchar)", "Plans": [{"Node Type": "Bitmap Index Scan", "Parent Relationship": "Outer", "Index Name": "region_pkey", "Startup Cost": 0.0, "Total Cost": 0.58, "Plan Rows": 1, "Plan Width": 0, "Index Cond": "(r_regionkey = n1.n_regionkey)"}]}]}, {"Node Type": "Bitmap Heap Scan", "Parent Relationship": "Inner", "Relation Name": "lineitem", "Alias": "lineitem", "Startup Cost": 0.52, "Total Cost": 4.64, "Plan Rows": 9, "Plan Width": 40, "Recheck Cond": "(l_orderkey = orders.o_orderkey)", "Plans": [{"Node Type": "Bitmap Index Scan", "Parent Relationship": "Outer", "Index Name": "idx_lineitem_orderkey", "Startup Cost": 0.0, "Total Cost": 0.52, "Plan Rows": 9, "Plan Width": 0, "Index Cond": "(l_orderkey = orders.o_orderkey)"}]}]}, {"Node Type": "Bitmap Heap Scan", "Parent Relationship": "Inner", "Relation Name": "part", "Alias": "part", "Startup Cost": 0.26, "Total Cost": 4.27, "Plan Rows": 1, "Plan Width": 8, "Recheck Cond": "(p_partkey = lineitem.l_partkey)", "Filter": "((p_type)::text = 'SMALL PLATED COPPER'::text)", "Plans": [{"Node Type": "Bitmap Index Scan", "Parent Relationship": "Outer", "Index Name": "part_kpey", "Startup Cost": 0.0, "Total Cost": 0.26, "Plan Rows": 1, "Plan Width": 0, "Index Cond": "(p_partkey = lineitem.l_partkey)"}]}]}, {"Node Type": "Bitmap Heap Scan", "Parent Relationship": "Inner", "Relation Name": "supplier", "Alias": "supplier", "Startup Cost": 0.26, "Total Cost": 4.27, "Plan Rows": 1, "Plan Width": 12, "Recheck Cond": "(s_suppkey = lineitem.l_suppkey)", "Plans": [{"Node Type": "Bitmap Index Scan", "Parent Relationship": "Outer", "Index Name": "supplier_pkey", "Startup Cost": 0.0, "Total Cost": 0.26, "Plan Rows": 1, "Plan Width": 0, "Index Cond": "(s_suppkey = lineitem.l_suppkey)"}]}]}, {"Node Type": "Bitmap Heap Scan", "Parent Relationship": "Inner", "Relation Name": "nation", "Alias": "n2", "Startup Cost": 0.26, "Total Cost": 4.27, "Plan Rows": 1, "Plan Width": 30, "Recheck Cond": "(n_nationkey = supplier.s_nationkey)", "Plans": [{"Node Type": "Bitmap Index Scan", "Parent Relationship": "Outer", "Index Name": "nation_pkey", "Startup Cost": 0.0, "Total Cost": 0.26, "Plan Rows": 1, "Plan Width": 0, "Index Cond": "(n_nationkey = supplier.s_nationkey)"}]}]}]}]}, "Unique SQL Id": 3681808042, "Planner Runtime": 4}, "explain_analyze_plan": null}, "(16, 24)": {"explain_plan": {"Plan": {"Node Type": "Sort", "Startup Cost": 497556.85, "Total Cost": 497556.88, "Plan Rows": 10, "Plan Width": 66, "Sort Key": ["(date_part('year'::text, orders.o_orderdate))"], "Plans": [{"Node Type": "Aggregate", "Strategy": "Hashed", "Parent Relationship": "Outer", "Startup Cost": 497556.54, "Total Cost": 497556.69, "Plan Rows": 10, "Plan Width": 66, "Group By Key": ["date_part('year'::text, orders.o_orderdate)"], "Plans": [{"Node Type": "Nested Loop", "Parent Relationship": "Outer", "Join Type": "Inner", "Startup Cost": 447605.57, "Total Cost": 497436.72, "Plan Rows": 5991, "Plan Width": 50, "Inner Unique": true, "Plans": [{"Node Type": "Nested Loop", "Parent Relationship": "Outer", "Join Type": "Inner", "Startup Cost": 447605.57, "Total Cost": 495743.54, "Plan Rows": 5991, "Plan Width": 28, "Inner Unique": false, "Join Filter": "(n1.n_nationkey = customer.c_nationkey)", "Plans": [{"Node Type": "Nested Loop", "Parent Relationship": "Outer", "Join Type": "Inner", "Startup Cost": 447605.57, "Total Cost": 493494.35, "Plan Rows": 29954, "Plan Width": 32, "Inner Unique": true, "Plans": [{"Node Type": "Nested Loop", "Parent Relationship": "Outer", "Join Type": "Inner", "Startup Cost": 447605.57, "Total Cost": 477242.48, "Plan Rows": 51198, "Plan Width": 36, "Inner Unique": true, "Plans": [{"Node Type": "Merge Join", "Parent Relationship": "Outer", "Join Type": "Inner", "Startup Cost": 447605.57, "Total Cost": 454309.6, "Plan Rows": 74637, "Plan Width": 28, "Inner Unique": false, "Merge Cond": "(supplier.s_suppkey = lineitem.l_suppkey)", "Plans": [{"Node Type": "Index Scan", "Parent Relationship": "Outer", "Scan Direction": "Forward", "Index Name": "supplier_pkey", "Relation Name": "supplier", "Alias": "supplier", "Startup Cost": 0.0, "Total Cost": 5334.54, "Plan Rows": 100000, "Plan Width": 12}, {"Node Type": "Sort", "Parent Relationship": "Inner", "Startup Cost": 447605.54, "Total Cost": 447792.13, "Plan Rows": 74637, "Plan Width": 32, "Sort Key": ["lineitem.l_suppkey"], "Plans": [{"Node Type": "Nested Loop", "Parent Relationship": "Outer", "Join Type": "Inner", "Startup Cost": 0.0, "Total Cost": 441564.57, "Plan Rows": 74637, "Plan Width": 32, "Inner Unique": false, "Plans": [{"Node Type": "Seq Scan", "Parent Relationship": "Outer", "Relation Name": "part", "Alias": "part", "Startup Cost": 0.0, "Total Cost": 66944.0, "Plan Rows": 13538, "Plan Width": 8, "Filter": "((p_type)::text = 'SMALL PLATED COPPER'::text)"}, {"Node Type": "Index Scan", "Parent Relationship": "Inner", "Scan Direction": "Forward", "Index Name": "idx_lineitem_part_supp", "Relation Name": "lineitem", "Alias": "lineitem", "Startup Cost": 0.0, "Total Cost": 27.61, "Plan Rows": 6, "Plan Width": 40, "Index Cond": "(l_partkey = part.p_partkey)"}]}]}]}, {"Node Type": "Index Scan", "Parent Relationship": "Inner", "Scan Direction": "Forward", "Index Name": "orders_pkey", "Relation Name": "orders", "Alias": "orders", "Startup Cost": 0.0, "Total Cost": 0.3, "Plan Rows": 1, "Plan Width": 24, "Index Cond": "(o_orderkey = lineitem.l_orderkey)", "Filter": "((o_orderdate >= '1995-01-01 00:00:00'::timestamp(0) without time zone) AND (o_orderdate <= '1996-12-31 00:00:00'::timestamp(0) without time zone))"}]}, {"Node Type": "Index Scan", "Parent Relationship": "Inner", "Scan Direction": "Forward", "Index Name": "customer_pkey", "Relation Name": "customer", "Alias": "customer", "Startup Cost": 0.0, "Total Cost": 0.31, "Plan Rows": 1, "Plan Width": 12, "Index Cond": "(c_custkey = orders.o_custkey)"}]}, {"Node Type": "Materialize", "Parent Relationship": "Inner", "Startup Cost": 0.0, "Total Cost": 2.65, "Plan Rows": 5, "Plan Width": 4, "Plans": [{"Node Type": "Nested Loop", "Parent Relationship": "Outer", "Join Type": "Inner", "Startup Cost": 0.0, "Total Cost": 2.62, "Plan Rows": 5, "Plan Width": 4, "Inner Unique": false, "Join Filter": "(n1.n_regionkey = region.r_regionkey)", "Plans": [{"Node Type": "Seq Scan", "Parent Relationship": "Outer", "Relation Name": "region", "Alias": "region", "Startup Cost": 0.0, "Total Cost": 1.06, "Plan Rows": 1, "Plan Width": 4, "Filter": "(r_name = 'ASIA'::bpchar)"}, {"Node Type": "Seq Scan", "Parent Relationship": "Inner", "Relation Name": "nation", "Alias": "n1", "Startup Cost": 0.0, "Total Cost": 1.25, "Plan Rows": 25, "Plan Width": 8}]}]}]}, {"Node Type": "Index Scan", "Parent Relationship": "Inner", "Scan Direction": "Forward", "Index Name": "nation_pkey", "Relation Name": "nation", "Alias": "n2", "Startup Cost": 0.0, "Total Cost": 0.27, "Plan Rows": 1, "Plan Width": 30, "Index Cond": "(n_nationkey = supplier.s_nationkey)"}]}]}]}, "Unique SQL Id": 3681808042, "Planner Runtime": 6}, "explain_analyze_plan": {"Plan": {"Node Type": "Sort", "Startup Cost": 497556.85, "Total Cost": 497556.88, "Plan Rows": 10, "Plan Width": 66, "Actual Startup Time": 7060.025, "Actual Total Time": 7060.025, "Actual Rows": 2, "Actual Loops": 1, "Sort Key": ["(date_part('year'::text, orders.o_orderdate))"], "Sort Method": "quicksort", "Sort Space Used": 25, "Sort Space Type": "Memory", "Plans": [{"Node Type": "Aggregate", "Strategy": "Hashed", "Parent Relationship": "Outer", "Startup Cost": 497556.54, "Total Cost": 497556.69, "Plan Rows": 10, "Plan Width": 66, "Actual Startup Time": 7060.007, "Actual Total Time": 7060.007, "Actual Rows": 2, "Actual Loops": 1, "Group By Key": ["date_part('year'::text, orders.o_orderdate)"], "Plans": [{"Node Type": "Nested Loop", "Parent Relationship": "Outer", "Join Type": "Inner", "Startup Cost": 447605.57, "Total Cost": 497436.72, "Plan Rows": 5991, "Plan Width": 50, "Actual Startup Time": 2117.633, "Actual Total Time": 7023.181, "Actual Rows": 23929, "Actual Loops": 1, "Inner Unique": true, "Plans": [{"Node Type": "Nested Loop", "Parent Relationship": "Outer", "Join Type": "Inner", "Startup Cost": 447605.57, "Total Cost": 495743.54, "Plan Rows": 5991, "Plan Width": 28, "Actual Startup Time": 2117.608, "Actual Total Time": 6943.624, "Actual Rows": 23929, "Actual Loops": 1, "Inner Unique": false, "Join Filter": "(n1.n_nationkey = customer.c_nationkey)", "Rows Removed by Join Filter": 574896, "Plans": [{"Node Type": "Nested Loop", "Parent Relationship": "Outer", "Join Type": "Inner", "Startup Cost": 447605.57, "Total Cost": 493494.35, "Plan Rows": 29954, "Plan Width": 32, "Actual Startup Time": 2117.4, "Actual Total Time": 6727.056, "Actual Rows": 119765, "Actual Loops": 1, "Inner Unique": true, "Plans": [{"Node Type": "Nested Loop", "Parent Relationship": "Outer", "Join Type": "Inner", "Startup Cost": 447605.57, "Total Cost": 477242.48, "Plan Rows": 51198, "Plan Width": 36, "Actual Startup Time": 2117.376, "Actual Total Time": 5825.595, "Actual Rows": 119765, "Actual Loops": 1, "Inner Unique": true, "Plans": [{"Node Type": "Merge Join", "Parent Relationship": "Outer", "Join Type": "Inner", "Startup Cost": 447605.57, "Total Cost": 454309.6, "Plan Rows": 74637, "Plan Width": 28, "Actual Startup Time": 2117.294, "Actual Total Time": 2428.607, "Actual Rows": 395341, "Actual Loops": 1, "Inner Unique": false, "Merge Cond": "(supplier.s_suppkey = lineitem.l_suppkey)", "Plans": [{"Node Type": "Index Scan", "Parent Relationship": "Outer", "Scan Direction": "Forward", "Index Name": "supplier_pkey", "Relation Name": "supplier", "Alias": "supplier", "Startup Cost": 0.0, "Total Cost": 5334.54, "Plan Rows": 100000, "Plan Width": 12, "Actual Startup Time": 0.024, "Actual Total Time": 72.954, "Actual Rows": 99999, "Actual Loops": 1}, {"Node Type": "Sort", "Parent Relationship": "Inner", "Startup Cost": 447605.54, "Total Cost": 447792.13, "Plan Rows": 74637, "Plan Width": 32, "Actual Startup Time": 2117.258, "Actual Total Time": 2201.915, "Actual Rows": 395341, "Actual Loops": 1, "Sort Key": ["lineitem.l_suppkey"], "Sort Method": "quicksort", "Sort Space Used": 49352, "Sort Space Type": "Memory", "Plans": [{"Node Type": "Nested Loop", "Parent Relationship": "Outer", "Join Type": "Inner", "Startup Cost": 0.0, "Total Cost": 441564.57, "Plan Rows": 74637, "Plan Width": 32, "Actual Startup Time": 0.045, "Actual Total Time": 1966.992, "Actual Rows": 395341, "Actual Loops": 1, "Inner Unique": false, "Plans": [{"Node Type": "Seq Scan", "Parent Relationship": "Outer", "Relation Name": "part", "Alias": "part", "Startup Cost": 0.0, "Total Cost": 66944.0, "Plan Rows": 13538, "Plan Width": 8, "Actual Startup Time": 0.027, "Actual Total Time": 757.076, "Actual Rows": 13163, "Actual Loops": 1, "Filter": "((p_type)::text = 'SMALL PLATED COPPER'::text)", "Rows Removed by Filter": 1986837}, {"Node Type": "Index Scan", "Parent Relationship": "Inner", "Scan Direction": "Forward", "Index Name": "idx_lineitem_part_supp", "Relation Name": "lineitem", "Alias": "lineitem", "Startup Cost": 0.0, "Total Cost": 27.61, "Plan Rows": 6, "Plan Width": 40, "Actual Startup Time": 159.343, "Actual Total Time": 1114.597, "Actual Rows": 395341, "Actual Loops": 13163, "Index Cond": "(l_partkey = part.p_partkey)", "Rows Removed by Index Recheck": 0}]}]}]}, {"Node Type": "Index Scan", "Parent Relationship": "Inner", "Scan Direction": "Forward", "Index Name": "orders_pkey", "Relation Name": "orders", "Alias": "orders", "Startup Cost": 0.0, "Total Cost": 0.3, "Plan Rows": 1, "Plan Width": 24, "Actual Startup Time": 3159.409, "Actual Total Time": 3159.409, "Actual Rows": 119765, "Actual Loops": 395341, "Index Cond": "(o_orderkey = lineitem.l_orderkey)", "Rows Removed by Index Recheck": 0, "Filter": "((o_orderdate >= '1995-01-01 00:00:00'::timestamp(0) without time zone) AND (o_orderdate <= '1996-12-31 00:00:00'::timestamp(0) without time zone))", "Rows Removed by Filter": 275576}]}, {"Node Type": "Index Scan", "Parent Relationship": "Inner", "Scan Direction": "Forward", "Index Name": "customer_pkey", "Relation Name": "customer", "Alias": "customer", "Startup Cost": 0.0, "Total Cost": 0.31, "Plan Rows": 1, "Plan Width": 12, "Actual Startup Time": 798.018, "Actual Total Time": 798.018, "Actual Rows": 119765, "Actual Loops": 119765, "Index Cond": "(c_custkey = orders.o_custkey)", "Rows Removed by Index Recheck": 0}]}, {"Node Type": "Materialize", "Parent Relationship": "Inner", "Startup Cost": 0.0, "Total Cost": 2.65, "Plan Rows": 5, "Plan Width": 4, "Actual Startup Time": 12.618, "Actual Total Time": 64.889, "Actual Rows": 598825, "Actual Loops": 119765, "Plans": [{"Node Type": "Nested Loop", "Parent Relationship": "Outer", "Join Type": "Inner", "Startup Cost": 0.0, "Total Cost": 2.62, "Plan Rows": 5, "Plan Width": 4, "Actual Startup Time": 0.078, "Actual Total Time": 0.086, "Actual Rows": 5, "Actual Loops": 1, "Inner Unique": false, "Join Filter": "(n1.n_regionkey = region.r_regionkey)", "Rows Removed by Join Filter": 20, "Plans": [{"Node Type": "Seq Scan", "Parent Relationship": "Outer", "Relation Name": "region", "Alias": "region", "Startup Cost": 0.0, "Total Cost": 1.06, "Plan Rows": 1, "Plan Width": 4, "Actual Startup Time": 0.017, "Actual Total Time": 0.018, "Actual Rows": 1, "Actual Loops": 1, "Filter": "(r_name = 'ASIA'::bpchar)", "Rows Removed by Filter": 4}, {"Node Type": "Seq Scan", "Parent Relationship": "Inner", "Relation Name": "nation", "Alias": "n1", "Startup Cost": 0.0, "Total Cost": 1.25, "Plan Rows": 25, "Plan Width": 8, "Actual Startup Time": 0.036, "Actual Total Time": 0.039, "Actual Rows": 25, "Actual Loops": 1}]}]}]}, {"Node Type": "Index Scan", "Parent Relationship": "Inner", "Scan Direction": "Forward", "Index Name": "nation_pkey", "Relation Name": "nation", "Alias": "n2", "Startup Cost": 0.0, "Total Cost": 0.27, "Plan Rows": 1, "Plan Width": 30, "Actual Startup Time": 38.889, "Actual Total Time": 38.889, "Actual Rows": 23929, "Actual Loops": 23929, "Index Cond": "(n_nationkey = supplier.s_nationkey)", "Rows Removed by Index Recheck": 0}]}]}]}, "Triggers": [], "Planner Runtime": 6, "Total Runtime": 7060.423, "Unique SQL Id": 3681808042}}, "(16, 25)": {"explain_plan": {"Plan": {"Node Type": "Sort", "Startup Cost": 536434.22, "Total Cost": 536434.24, "Plan Rows": 10, "Plan Width": 66, "Sort Key": ["(date_part('year'::text, orders.o_orderdate))"], "Plans": [{"Node Type": "Aggregate", "Strategy": "Hashed", "Parent Relationship": "Outer", "Startup Cost": 536433.9, "Total Cost": 536434.05, "Plan Rows": 10, "Plan Width": 66, "Group By Key": ["date_part('year'::text, orders.o_orderdate)"], "Plans": [{"Node Type": "Nested Loop", "Parent Relationship": "Outer", "Join Type": "Inner", "Startup Cost": 486464.82, "Total Cost": 536314.08, "Plan Rows": 5991, "Plan Width": 50, "Inner Unique": true, "Plans": [{"Node Type": "Nested Loop", "Parent Relationship": "Outer", "Join Type": "Inner", "Startup Cost": 486464.82, "Total Cost": 534620.9, "Plan Rows": 5991, "Plan Width": 28, "Inner Unique": false, "Join Filter": "(n1.n_nationkey = customer.c_nationkey)", "Plans": [{"Node Type": "Nested Loop", "Parent Relationship": "Outer", "Join Type": "Inner", "Startup Cost": 486464.82, "Total Cost": 532353.6, "Plan Rows": 29954, "Plan Width": 32, "Inner Unique": true, "Plans": [{"Node Type": "Nested Loop", "Parent Relationship": "Outer", "Join Type": "Inner", "Startup Cost": 486464.82, "Total Cost": 516101.73, "Plan Rows": 51198, "Plan Width": 36, "Inner Unique": true, "Plans": [{"Node Type": "Merge Join", "Parent Relationship": "Outer", "Join Type": "Inner", "Startup Cost": 486464.82, "Total Cost": 493168.85, "Plan Rows": 74637, "Plan Width": 28, "Inner Unique": true, "Merge Cond": "(lineitem.l_suppkey = supplier.s_suppkey)", "Plans": [{"Node Type": "Sort", "Parent Relationship": "Outer", "Startup Cost": 486464.79, "Total Cost": 486651.38, "Plan Rows": 74637, "Plan Width": 32, "Sort Key": ["lineitem.l_suppkey"], "Plans": [{"Node Type": "Nested Loop", "Parent Relationship": "Outer", "Join Type": "Inner", "Startup Cost": 0.0, "Total Cost": 480423.82, "Plan Rows": 74637, "Plan Width": 32, "Inner Unique": false, "Plans": [{"Node Type": "Index Scan", "Parent Relationship": "Outer", "Scan Direction": "Forward", "Index Name": "part_kpey", "Relation Name": "part", "Alias": "part", "Startup Cost": 0.0, "Total Cost": 105803.25, "Plan Rows": 13538, "Plan Width": 8, "Filter": "((p_type)::text = 'SMALL PLATED COPPER'::text)"}, {"Node Type": "Index Scan", "Parent Relationship": "Inner", "Scan Direction": "Forward", "Index Name": "idx_lineitem_part_supp", "Relation Name": "lineitem", "Alias": "lineitem", "Startup Cost": 0.0, "Total Cost": 27.61, "Plan Rows": 6, "Plan Width": 40, "Index Cond": "(l_partkey = part.p_partkey)"}]}]}, {"Node Type": "Index Scan", "Parent Relationship": "Inner", "Scan Direction": "Forward", "Index Name": "supplier_pkey", "Relation Name": "supplier", "Alias": "supplier", "Startup Cost": 0.0, "Total Cost": 5334.54, "Plan Rows": 100000, "Plan Width": 12}]}, {"Node Type": "Index Scan", "Parent Relationship": "Inner", "Scan Direction": "Forward", "Index Name": "orders_pkey", "Relation Name": "orders", "Alias": "orders", "Startup Cost": 0.0, "Total Cost": 0.3, "Plan Rows": 1, "Plan Width": 24, "Index Cond": "(o_orderkey = lineitem.l_orderkey)", "Filter": "((o_orderdate >= '1995-01-01 00:00:00'::timestamp(0) without time zone) AND (o_orderdate <= '1996-12-31 00:00:00'::timestamp(0) without time zone))"}]}, {"Node Type": "Index Scan", "Parent Relationship": "Inner", "Scan Direction": "Forward", "Index Name": "customer_pkey", "Relation Name": "customer", "Alias": "customer", "Startup Cost": 0.0, "Total Cost": 0.31, "Plan Rows": 1, "Plan Width": 12, "Index Cond": "(c_custkey = orders.o_custkey)"}]}, {"Node Type": "Materialize", "Parent Relationship": "Inner", "Startup Cost": 0.0, "Total Cost": 20.76, "Plan Rows": 5, "Plan Width": 4, "Plans": [{"Node Type": "Nested Loop", "Parent Relationship": "Outer", "Join Type": "Inner", "Startup Cost": 0.0, "Total Cost": 20.74, "Plan Rows": 5, "Plan Width": 4, "Inner Unique": false, "Plans": [{"Node Type": "Index Scan", "Parent Relationship": "Outer", "Scan Direction": "Forward", "Index Name": "region_pkey", "Relation Name": "region", "Alias": "region", "Startup Cost": 0.0, "Total Cost": 12.34, "Plan Rows": 1, "Plan Width": 4, "Filter": "(r_name = 'ASIA'::bpchar)"}, {"Node Type": "Index Scan", "Parent Relationship": "Inner", "Scan Direction": "Forward", "Index Name": "idx_nation_regionkey", "Relation Name": "nation", "Alias": "n1", "Startup Cost": 0.0, "Total Cost": 8.35, "Plan Rows": 5, "Plan Width": 8, "Index Cond": "(n_regionkey = region.r_regionkey)"}]}]}]}, {"Node Type": "Index Scan", "Parent Relationship": "Inner", "Scan Direction": "Forward", "Index Name": "nation_pkey", "Relation Name": "nation", "Alias": "n2", "Startup Cost": 0.0, "Total Cost": 0.27, "Plan Rows": 1, "Plan Width": 30, "Index Cond": "(n_nationkey = supplier.s_nationkey)"}]}]}]}, "Unique SQL Id": 3681808042, "Planner Runtime": 6}, "explain_analyze_plan": {"Plan": {"Node Type": "Sort", "Startup Cost": 536434.22, "Total Cost": 536434.24, "Plan Rows": 10, "Plan Width": 66, "Actual Startup Time": 7688.6, "Actual Total Time": 7688.601, "Actual Rows": 2, "Actual Loops": 1, "Sort Key": ["(date_part('year'::text, orders.o_orderdate))"], "Sort Method": "quicksort", "Sort Space Used": 25, "Sort Space Type": "Memory", "Plans": [{"Node Type": "Aggregate", "Strategy": "Hashed", "Parent Relationship": "Outer", "Startup Cost": 536433.9, "Total Cost": 536434.05, "Plan Rows": 10, "Plan Width": 66, "Actual Startup Time": 7688.58, "Actual Total Time": 7688.58, "Actual Rows": 2, "Actual Loops": 1, "Group By Key": ["date_part('year'::text, orders.o_orderdate)"], "Plans": [{"Node Type": "Nested Loop", "Parent Relationship": "Outer", "Join Type": "Inner", "Startup Cost": 486464.82, "Total Cost": 536314.08, "Plan Rows": 5991, "Plan Width": 50, "Actual Startup Time": 2780.335, "Actual Total Time": 7652.447, "Actual Rows": 23929, "Actual Loops": 1, "Inner Unique": true, "Plans": [{"Node Type": "Nested Loop", "Parent Relationship": "Outer", "Join Type": "Inner", "Startup Cost": 486464.82, "Total Cost": 534620.9, "Plan Rows": 5991, "Plan Width": 28, "Actual Startup Time": 2780.222, "Actual Total Time": 7572.997, "Actual Rows": 23929, "Actual Loops": 1, "Inner Unique": false, "Join Filter": "(n1.n_nationkey = customer.c_nationkey)", "Rows Removed by Join Filter": 574896, "Plans": [{"Node Type": "Nested Loop", "Parent Relationship": "Outer", "Join Type": "Inner", "Startup Cost": 486464.82, "Total Cost": 532353.6, "Plan Rows": 29954, "Plan Width": 32, "Actual Startup Time": 2780.076, "Actual Total Time": 7359.4, "Actual Rows": 119765, "Actual Loops": 1, "Inner Unique": true, "Plans": [{"Node Type": "Nested Loop", "Parent Relationship": "Outer", "Join Type": "Inner", "Startup Cost": 486464.82, "Total Cost": 516101.73, "Plan Rows": 51198, "Plan Width": 36, "Actual Startup Time": 2780.06, "Actual Total Time": 6463.664, "Actual Rows": 119765, "Actual Loops": 1, "Inner Unique": true, "Plans": [{"Node Type": "Merge Join", "Parent Relationship": "Outer", "Join Type": "Inner", "Startup Cost": 486464.82, "Total Cost": 493168.85, "Plan Rows": 74637, "Plan Width": 28, "Actual Startup Time": 2779.981, "Actual Total Time": 3095.498, "Actual Rows": 395341, "Actual Loops": 1, "Inner Unique": true, "Merge Cond": "(lineitem.l_suppkey = supplier.s_suppkey)", "Plans": [{"Node Type": "Sort", "Parent Relationship": "Outer", "Startup Cost": 486464.79, "Total Cost": 486651.38, "Plan Rows": 74637, "Plan Width": 32, "Actual Startup Time": 2779.927, "Actual Total Time": 2868.34, "Actual Rows": 395341, "Actual Loops": 1, "Sort Key": ["lineitem.l_suppkey"], "Sort Method": "quicksort", "Sort Space Used": 49352, "Sort Space Type": "Memory", "Plans": [{"Node Type": "Nested Loop", "Parent Relationship": "Outer", "Join Type": "Inner", "Startup Cost": 0.0, "Total Cost": 480423.82, "Plan Rows": 74637, "Plan Width": 32, "Actual Startup Time": 0.052, "Actual Total Time": 2630.949, "Actual Rows": 395341, "Actual Loops": 1, "Inner Unique": false, "Plans": [{"Node Type": "Index Scan", "Parent Relationship": "Outer", "Scan Direction": "Forward", "Index Name": "part_kpey", "Relation Name": "part", "Alias": "part", "Startup Cost": 0.0, "Total Cost": 105803.25, "Plan Rows": 13538, "Plan Width": 8, "Actual Startup Time": 0.036, "Actual Total Time": 1513.419, "Actual Rows": 13163, "Actual Loops": 1, "Filter": "((p_type)::text = 'SMALL PLATED COPPER'::text)", "Rows Removed by Filter": 1986837}, {"Node Type": "Index Scan", "Parent Relationship": "Inner", "Scan Direction": "Forward", "Index Name": "idx_lineitem_part_supp", "Relation Name": "lineitem", "Alias": "lineitem", "Startup Cost": 0.0, "Total Cost": 27.61, "Plan Rows": 6, "Plan Width": 40, "Actual Startup Time": 128.233, "Actual Total Time": 1024.436, "Actual Rows": 395341, "Actual Loops": 13163, "Index Cond": "(l_partkey = part.p_partkey)", "Rows Removed by Index Recheck": 0}]}]}, {"Node Type": "Index Scan", "Parent Relationship": "Inner", "Scan Direction": "Forward", "Index Name": "supplier_pkey", "Relation Name": "supplier", "Alias": "supplier", "Startup Cost": 0.0, "Total Cost": 5334.54, "Plan Rows": 100000, "Plan Width": 12, "Actual Startup Time": 0.036, "Actual Total Time": 71.11, "Actual Rows": 99998, "Actual Loops": 1}]}, {"Node Type": "Index Scan", "Parent Relationship": "Inner", "Scan Direction": "Forward", "Index Name": "orders_pkey", "Relation Name": "orders", "Alias": "orders", "Startup Cost": 0.0, "Total Cost": 0.3, "Plan Rows": 1, "Plan Width": 24, "Actual Startup Time": 3130.421, "Actual Total Time": 3130.421, "Actual Rows": 119765, "Actual Loops": 395341, "Index Cond": "(o_orderkey = lineitem.l_orderkey)", "Rows Removed by Index Recheck": 0, "Filter": "((o_orderdate >= '1995-01-01 00:00:00'::timestamp(0) without time zone) AND (o_orderdate <= '1996-12-31 00:00:00'::timestamp(0) without time zone))", "Rows Removed by Filter": 275576}]}, {"Node Type": "Index Scan", "Parent Relationship": "Inner", "Scan Direction": "Forward", "Index Name": "customer_pkey", "Relation Name": "customer", "Alias": "customer", "Startup Cost": 0.0, "Total Cost": 0.31, "Plan Rows": 1, "Plan Width": 12, "Actual Startup Time": 793.221, "Actual Total Time": 793.221, "Actual Rows": 119765, "Actual Loops": 119765, "Index Cond": "(c_custkey = orders.o_custkey)", "Rows Removed by Index Recheck": 0}]}, {"Node Type": "Materialize", "Parent Relationship": "Inner", "Startup Cost": 0.0, "Total Cost": 20.76, "Plan Rows": 5, "Plan Width": 4, "Actual Startup Time": 12.907, "Actual Total Time": 64.81, "Actual Rows": 598825, "Actual Loops": 119765, "Plans": [{"Node Type": "Nested Loop", "Parent Relationship": "Outer", "Join Type": "Inner", "Startup Cost": 0.0, "Total Cost": 20.74, "Plan Rows": 5, "Plan Width": 4, "Actual Startup Time": 0.024, "Actual Total Time": 0.032, "Actual Rows": 5, "Actual Loops": 1, "Inner Unique": false, "Plans": [{"Node Type": "Index Scan", "Parent Relationship": "Outer", "Scan Direction": "Forward", "Index Name": "region_pkey", "Relation Name": "region", "Alias": "region", "Startup Cost": 0.0, "Total Cost": 12.34, "Plan Rows": 1, "Plan Width": 4, "Actual Startup Time": 0.012, "Actual Total Time": 0.014, "Actual Rows": 1, "Actual Loops": 1, "Filter": "(r_name = 'ASIA'::bpchar)", "Rows Removed by Filter": 4}, {"Node Type": "Index Scan", "Parent Relationship": "Inner", "Scan Direction": "Forward", "Index Name": "idx_nation_regionkey", "Relation Name": "nation", "Alias": "n1", "Startup Cost": 0.0, "Total Cost": 8.35, "Plan Rows": 5, "Plan Width": 8, "Actual Startup Time": 0.008, "Actual Total Time": 0.01, "Actual Rows": 5, "Actual Loops": 1, "Index Cond": "(n_regionkey = region.r_regionkey)", "Rows Removed by Index Recheck": 0}]}]}]}, {"Node Type": "Index Scan", "Parent Relationship": "Inner", "Scan Direction": "Forward", "Index Name": "nation_pkey", "Relation Name": "nation", "Alias": "n2", "Startup Cost": 0.0, "Total Cost": 0.27, "Plan Rows": 1, "Plan Width": 30, "Actual Startup Time": 38.79, "Actual Total Time": 38.79, "Actual Rows": 23929, "Actual Loops": 23929, "Index Cond": "(n_nationkey = supplier.s_nationkey)", "Rows Removed by Index Recheck": 0}]}]}]}, "Triggers": [], "Planner Runtime": 6, "Total Runtime": 7689.031, "Unique SQL Id": 3681808042}}, "(16, 26)": {"explain_plan": {"Plan": {"Node Type": "Sort", "Startup Cost": 11381808.12, "Total Cost": 11381808.14, "Plan Rows": 10, "Plan Width": 66, "Sort Key": ["(date_part('year'::text, orders.o_orderdate))"], "Plans": [{"Node Type": "Aggregate", "Strategy": "Hashed", "Parent Relationship": "Outer", "Startup Cost": 11381807.8, "Total Cost": 11381807.95, "Plan Rows": 10, "Plan Width": 66, "Group By Key": ["date_part('year'::text, orders.o_orderdate)"], "Plans": [{"Node Type": "Merge Join", "Parent Relationship": "Outer", "Join Type": "Inner", "Startup Cost": 11381583.02, "Total Cost": 11381687.98, "Plan Rows": 5991, "Plan Width": 50, "Inner Unique": false, "Merge Cond": "(n2.n_nationkey = supplier.s_nationkey)", "Plans": [{"Node Type": "Sort", "Parent Relationship": "Outer", "Startup Cost": 1.83, "Total Cost": 1.89, "Plan Rows": 25, "Plan Width": 30, "Sort Key": ["n2.n_nationkey"], "Plans": [{"Node Type": "Seq Scan", "Parent Relationship": "Outer", "Relation Name": "nation", "Alias": "n2", "Startup Cost": 0.0, "Total Cost": 1.25, "Plan Rows": 25, "Plan Width": 30}]}, {"Node Type": "Sort", "Parent Relationship": "Inner", "Startup Cost": 11381581.18, "Total Cost": 11381596.16, "Plan Rows": 5991, "Plan Width": 28, "Sort Key": ["supplier.s_nationkey"], "Plans": [{"Node Type": "Merge Join", "Parent Relationship": "Outer", "Join Type": "Inner", "Startup Cost": 11380607.82, "Total Cost": 11381205.29, "Plan Rows": 5991, "Plan Width": 28, "Inner Unique": true, "Merge Cond": "(lineitem.l_suppkey = supplier.s_suppkey)", "Plans": [{"Node Type": "Sort", "Parent Relationship": "Outer", "Startup Cost": 11369019.99, "Total Cost": 11369063.23, "Plan Rows": 17296, "Plan Width": 32, "Sort Key": ["lineitem.l_suppkey"], "Plans": [{"Node Type": "Merge Join", "Parent Relationship": "Outer", "Join Type": "Inner", "Startup Cost": 11364916.02, "Total Cost": 11367802.51, "Plan Rows": 17296, "Plan Width": 32, "Inner Unique": false, "Merge Cond": "(orders.o_custkey = customer.c_custkey)", "Plans": [{"Node Type": "Sort", "Parent Relationship": "Outer", "Startup Cost": 11172995.44, "Total Cost": 11173211.64, "Plan Rows": 86479, "Plan Width": 40, "Sort Key": ["orders.o_custkey"], "Plans": [{"Node Type": "Merge Join", "Parent Relationship": "Outer", "Join Type": "Inner", "Startup Cost": 11142007.17, "Total Cost": 11165904.14, "Plan Rows": 86479, "Plan Width": 40, "Inner Unique": true, "Merge Cond": "(lineitem.l_orderkey = orders.o_orderkey)", "Plans": [{"Node Type": "Sort", "Parent Relationship": "Outer", "Startup Cost": 10139547.54, "Total Cost": 10139734.13, "Plan Rows": 74637, "Plan Width": 32, "Sort Key": ["lineitem.l_orderkey"], "Plans": [{"Node Type": "Merge Join", "Parent Relationship": "Outer", "Join Type": "Inner", "Startup Cost": 9832757.35, "Total Cost": 10133506.57, "Plan Rows": 74637, "Plan Width": 32, "Inner Unique": false, "Merge Cond": "(part.p_partkey = lineitem.l_partkey)", "Plans": [{"Node Type": "Sort", "Parent Relationship": "Outer", "Startup Cost": 67873.03, "Total Cost": 67906.87, "Plan Rows": 13538, "Plan Width": 8, "Sort Key": ["part.p_partkey"], "Plans": [{"Node Type": "Seq Scan", "Parent Relationship": "Outer", "Relation Name": "part", "Alias": "part", "Startup Cost": 0.0, "Total Cost": 66944.0, "Plan Rows": 13538, "Plan Width": 8, "Filter": "((p_type)::text = 'SMALL PLATED COPPER'::text)"}]}, {"Node Type": "Sort", "Parent Relationship": "Inner", "Startup Cost": 9764884.32, "Total Cost": 9914851.9, "Plan Rows": 59987033, "Plan Width": 40, "Sort Key": ["lineitem.l_partkey"], "Plans": [{"Node Type": "Seq Scan", "Parent Relationship": "Outer", "Relation Name": "lineitem", "Alias": "lineitem", "Startup Cost": 0.0, "Total Cost": 2015115.33, "Plan Rows": 59987033, "Plan Width": 40}]}]}]}, {"Node Type": "Sort", "Parent Relationship": "Inner", "Startup Cost": 1002458.79, "Total Cost": 1013788.71, "Plan Rows": 4531967, "Plan Width": 24, "Sort Key": ["orders.o_orderkey"], "Plans": [{"Node Type": "Seq Scan", "Parent Relationship": "Outer", "Relation Name": "orders", "Alias": "orders", "Startup Cost": 195.35, "Total Cost": 501411.18, "Plan Rows": 4531967, "Plan Width": 24, "Filter": "((o_orderdate >= '1995-01-01 00:00:00'::timestamp(0) without time zone) AND (o_orderdate <= '1996-12-31 00:00:00'::timestamp(0) without time zone)), (LLVM Optimized)"}]}]}]}, {"Node Type": "Sort", "Parent Relationship": "Inner", "Startup Cost": 191920.54, "Total Cost": 192670.54, "Plan Rows": 300000, "Plan Width": 8, "Sort Key": ["customer.c_custkey"], "Plans": [{"Node Type": "Nested Loop", "Parent Relationship": "Outer", "Join Type": "Inner", "Startup Cost": 0.0, "Total Cost": 164628.64, "Plan Rows": 300000, "Plan Width": 8, "Inner Unique": false, "Join Filter": "(n1.n_nationkey = customer.c_nationkey), (LLVM Optimized)", "Plans": [{"Node Type": "Seq Scan", "Parent Relationship": "Outer", "Relation Name": "customer", "Alias": "customer", "Startup Cost": 0.0, "Total Cost": 52126.0, "Plan Rows": 1500000, "Plan Width": 12}, {"Node Type": "Materialize", "Parent Relationship": "Inner", "Startup Cost": 0.0, "Total Cost": 2.65, "Plan Rows": 5, "Plan Width": 4, "Plans": [{"Node Type": "Nested Loop", "Parent Relationship": "Outer", "Join Type": "Inner", "Startup Cost": 0.0, "Total Cost": 2.62, "Plan Rows": 5, "Plan Width": 4, "Inner Unique": false, "Join Filter": "(n1.n_regionkey = region.r_regionkey)", "Plans": [{"Node Type": "Seq Scan", "Parent Relationship": "Outer", "Relation Name": "region", "Alias": "region", "Startup Cost": 0.0, "Total Cost": 1.06, "Plan Rows": 1, "Plan Width": 4, "Filter": "(r_name = 'ASIA'::bpchar)"}, {"Node Type": "Seq Scan", "Parent Relationship": "Inner", "Relation Name": "nation", "Alias": "n1", "Startup Cost": 0.0, "Total Cost": 1.25, "Plan Rows": 25, "Plan Width": 8}]}]}]}]}]}]}, {"Node Type": "Sort", "Parent Relationship": "Inner", "Startup Cost": 11587.82, "Total Cost": 11837.82, "Plan Rows": 100000, "Plan Width": 12, "Sort Key": ["supplier.s_suppkey"], "Plans": [{"Node Type": "Seq Scan", "Parent Relationship": "Outer", "Relation Name": "supplier", "Alias": "supplier", "Startup Cost": 0.0, "Total Cost": 3283.0, "Plan Rows": 100000, "Plan Width": 12}]}]}]}]}]}]}, "Unique SQL Id": 3681808042, "Planner Runtime": 7}, "explain_analyze_plan": null}, "(16, 27)": {"explain_plan": {"Plan": {"Node Type": "Sort", "Startup Cost": 8018177364726.43, "Total Cost": 8018177364726.46, "Plan Rows": 10, "Plan Width": 66, "Sort Key": ["(date_part('year'::text, orders.o_orderdate))"], "Plans": [{"Node Type": "Aggregate", "Strategy": "Hashed", "Parent Relationship": "Outer", "Startup Cost": 8018177364726.12, "Total Cost": 8018177364726.27, "Plan Rows": 10, "Plan Width": 66, "Group By Key": ["date_part('year'::text, orders.o_orderdate)"], "Plans": [{"Node Type": "Nested Loop", "Parent Relationship": "Outer", "Join Type": "Inner", "Startup Cost": 80000000000.0, "Total Cost": 8018177364380.2, "Plan Rows": 17296, "Plan Width": 50, "Inner Unique": false, "Join Filter": "(supplier.s_suppkey = lineitem.l_suppkey)", "Plans": [{"Node Type": "Nested Loop", "Parent Relationship": "Outer", "Join Type": "Inner", "Startup Cost": 20000000000.0, "Total Cost": 2000000572216.94, "Plan Rows": 100000, "Plan Width": 34, "Inner Unique": true, "Join Filter": "(supplier.s_nationkey = n2.n_nationkey), (LLVM Optimized)", "Plans": [{"Node Type": "Index Scan", "Parent Relationship": "Outer", "Scan Direction": "Forward", "Index Name": "supplier_pkey", "Relation Name": "supplier", "Alias": "supplier", "Startup Cost": 10000000000.0, "Total Cost": 1000000533454.38, "Plan Rows": 100000, "Plan Width": 12}, {"Node Type": "Materialize", "Parent Relationship": "Inner", "Startup Cost": 10000000000.0, "Total Cost": 1000000001262.62, "Plan Rows": 25, "Plan Width": 30, "Plans": [{"Node Type": "Index Scan", "Parent Relationship": "Outer", "Scan Direction": "Forward", "Index Name": "nation_pkey", "Relation Name": "nation", "Alias": "n2", "Startup Cost": 10000000000.0, "Total Cost": 1000000001262.5, "Plan Rows": 25, "Plan Width": 30}]}]}, {"Node Type": "Materialize", "Parent Relationship": "Inner", "Startup Cost": 60000000000.0, "Total Cost": 6018150848163.26, "Plan Rows": 17296, "Plan Width": 32, "Plans": [{"Node Type": "Nested Loop", "Parent Relationship": "Outer", "Join Type": "Inner", "Startup Cost": 60000000000.0, "Total Cost": 6018150848076.78, "Plan Rows": 17296, "Plan Width": 32, "Inner Unique": false, "Join Filter": "(orders.o_custkey = customer.c_custkey)", "Plans": [{"Node Type": "Nested Loop", "Parent Relationship": "Outer", "Join Type": "Inner", "Startup Cost": 30000000000.0, "Total Cost": 3017753500294.51, "Plan Rows": 86479, "Plan Width": 40, "Inner Unique": false, "Join Filter": "(lineitem.l_orderkey = orders.o_orderkey)", "Plans": [{"Node Type": "Index Scan", "Parent Relationship": "Outer", "Scan Direction": "Forward", "Index Name": "idx_orders_custkey", "Relation Name": "orders", "Alias": "orders", "Startup Cost": 10000000000.0, "Total Cost": 1000163551268.58, "Plan Rows": 4531967, "Plan Width": 24, "Filter": "((o_orderdate >= '1995-01-01 00:00:00'::timestamp(0) without time zone) AND (o_orderdate <= '1996-12-31 00:00:00'::timestamp(0) without time zone)), (LLVM Optimized)"}, {"Node Type": "Materialize", "Parent Relationship": "Inner", "Startup Cost": 20000000000.0, "Total Cost": 2012516162897.84, "Plan Rows": 74637, "Plan Width": 32, "Plans": [{"Node Type": "Nested Loop", "Parent Relationship": "Outer", "Join Type": "Inner", "Startup Cost": 20000000000.0, "Total Cost": 2012516162524.66, "Plan Rows": 74637, "Plan Width": 32, "Inner Unique": true, "Join Filter": "(part.p_partkey = lineitem.l_partkey)", "Plans": [{"Node Type": "Index Scan", "Parent Relationship": "Outer", "Scan Direction": "Forward", "Index Name": "idx_lineitem_orderkey", "Relation Name": "lineitem", "Alias": "lineitem", "Startup Cost": 10000000000.0, "Total Cost": 1000324015374.5, "Plan Rows": 59987033, "Plan Width": 40}, {"Node Type": "Materialize", "Parent Relationship": "Inner", "Startup Cost": 10000000000.0, "Total Cost": 1000010580392.69, "Plan Rows": 13538, "Plan Width": 8, "Plans": [{"Node Type": "Index Scan", "Parent Relationship": "Outer", "Scan Direction": "Forward", "Index Name": "part_kpey", "Relation Name": "part", "Alias": "part", "Startup Cost": 10000000000.0, "Total Cost": 1000010580325.0, "Plan Rows": 13538, "Plan Width": 8, "Filter": "((p_type)::text = 'SMALL PLATED COPPER'::text)"}]}]}]}]}, {"Node Type": "Materialize", "Parent Relationship": "Inner", "Startup Cost": 30000000000.0, "Total Cost": 3000008193032.26, "Plan Rows": 300000, "Plan Width": 8, "Plans": [{"Node Type": "Nested Loop", "Parent Relationship": "Outer", "Join Type": "Inner", "Startup Cost": 30000000000.0, "Total Cost": 3000008191532.26, "Plan Rows": 300000, "Plan Width": 8, "Inner Unique": false, "Join Filter": "(n1.n_nationkey = customer.c_nationkey), (LLVM Optimized)", "Plans": [{"Node Type": "Index Scan", "Parent Relationship": "Outer", "Scan Direction": "Forward", "Index Name": "customer_pkey", "Relation Name": "customer", "Alias": "customer", "Startup Cost": 10000000000.0, "Total Cost": 1000008076535.62, "Plan Rows": 1500000, "Plan Width": 12}, {"Node Type": "Materialize", "Parent Relationship": "Inner", "Startup Cost": 20000000000.0, "Total Cost": 2000000002496.65, "Plan Rows": 5, "Plan Width": 4, "Plans": [{"Node Type": "Nested Loop", "Parent Relationship": "Outer", "Join Type": "Inner", "Startup Cost": 20000000000.0, "Total Cost": 2000000002496.63, "Plan Rows": 5, "Plan Width": 4, "Inner Unique": true, "Join Filter": "(n1.n_regionkey = region.r_regionkey)", "Plans": [{"Node Type": "Index Scan", "Parent Relationship": "Outer", "Scan Direction": "Forward", "Index Name": "nation_pkey", "Relation Name": "nation", "Alias": "n1", "Startup Cost": 10000000000.0, "Total Cost": 1000000001262.5, "Plan Rows": 25, "Plan Width": 8}, {"Node Type": "Materialize", "Parent Relationship": "Inner", "Startup Cost": 10000000000.0, "Total Cost": 1000000001233.76, "Plan Rows": 1, "Plan Width": 4, "Plans": [{"Node Type": "Index Scan", "Parent Relationship": "Outer", "Scan Direction": "Forward", "Index Name": "region_pkey", "Relation Name": "region", "Alias": "region", "Startup Cost": 10000000000.0, "Total Cost": 1000000001233.75, "Plan Rows": 1, "Plan Width": 4, "Filter": "(r_name = 'ASIA'::bpchar)"}]}]}]}]}]}]}]}]}]}]}, "Unique SQL Id": 3681808042, "Planner Runtime": 9}, "explain_analyze_plan": null}, "(16, 28)": {"explain_plan": {"Plan": {"Node Type": "Sort", "Startup Cost": 497556.85, "Total Cost": 497556.88, "Plan Rows": 10, "Plan Width": 66, "Sort Key": ["(date_part('year'::text, orders.o_orderdate))"], "Plans": [{"Node Type": "Aggregate", "Strategy": "Hashed", "Parent Relationship": "Outer", "Startup Cost": 497556.54, "Total Cost": 497556.69, "Plan Rows": 10, "Plan Width": 66, "Group By Key": ["date_part('year'::text, orders.o_orderdate)"], "Plans": [{"Node Type": "Nested Loop", "Parent Relationship": "Outer", "Join Type": "Inner", "Startup Cost": 447605.57, "Total Cost": 497436.72, "Plan Rows": 5991, "Plan Width": 50, "Inner Unique": true, "Plans": [{"Node Type": "Nested Loop", "Parent Relationship": "Outer", "Join Type": "Inner", "Startup Cost": 447605.57, "Total Cost": 495743.54, "Plan Rows": 5991, "Plan Width": 28, "Inner Unique": false, "Join Filter": "(n1.n_nationkey = customer.c_nationkey)", "Plans": [{"Node Type": "Nested Loop", "Parent Relationship": "Outer", "Join Type": "Inner", "Startup Cost": 447605.57, "Total Cost": 493494.35, "Plan Rows": 29954, "Plan Width": 32, "Inner Unique": true, "Plans": [{"Node Type": "Nested Loop", "Parent Relationship": "Outer", "Join Type": "Inner", "Startup Cost": 447605.57, "Total Cost": 477242.48, "Plan Rows": 51198, "Plan Width": 36, "Inner Unique": true, "Plans": [{"Node Type": "Merge Join", "Parent Relationship": "Outer", "Join Type": "Inner", "Startup Cost": 447605.57, "Total Cost": 454309.6, "Plan Rows": 74637, "Plan Width": 28, "Inner Unique": false, "Merge Cond": "(supplier.s_suppkey = lineitem.l_suppkey)", "Plans": [{"Node Type": "Index Scan", "Parent Relationship": "Outer", "Scan Direction": "Forward", "Index Name": "supplier_pkey", "Relation Name": "supplier", "Alias": "supplier", "Startup Cost": 0.0, "Total Cost": 5334.54, "Plan Rows": 100000, "Plan Width": 12}, {"Node Type": "Sort", "Parent Relationship": "Inner", "Startup Cost": 447605.54, "Total Cost": 447792.13, "Plan Rows": 74637, "Plan Width": 32, "Sort Key": ["lineitem.l_suppkey"], "Plans": [{"Node Type": "Nested Loop", "Parent Relationship": "Outer", "Join Type": "Inner", "Startup Cost": 0.0, "Total Cost": 441564.57, "Plan Rows": 74637, "Plan Width": 32, "Inner Unique": false, "Plans": [{"Node Type": "Seq Scan", "Parent Relationship": "Outer", "Relation Name": "part", "Alias": "part", "Startup Cost": 0.0, "Total Cost": 66944.0, "Plan Rows": 13538, "Plan Width": 8, "Filter": "((p_type)::text = 'SMALL PLATED COPPER'::text)"}, {"Node Type": "Index Scan", "Parent Relationship": "Inner", "Scan Direction": "Forward", "Index Name": "idx_lineitem_part_supp", "Relation Name": "lineitem", "Alias": "lineitem", "Startup Cost": 0.0, "Total Cost": 27.61, "Plan Rows": 6, "Plan Width": 40, "Index Cond": "(l_partkey = part.p_partkey)"}]}]}]}, {"Node Type": "Index Scan", "Parent Relationship": "Inner", "Scan Direction": "Forward", "Index Name": "orders_pkey", "Relation Name": "orders", "Alias": "orders", "Startup Cost": 0.0, "Total Cost": 0.3, "Plan Rows": 1, "Plan Width": 24, "Index Cond": "(o_orderkey = lineitem.l_orderkey)", "Filter": "((o_orderdate >= '1995-01-01 00:00:00'::timestamp(0) without time zone) AND (o_orderdate <= '1996-12-31 00:00:00'::timestamp(0) without time zone))"}]}, {"Node Type": "Index Scan", "Parent Relationship": "Inner", "Scan Direction": "Forward", "Index Name": "customer_pkey", "Relation Name": "customer", "Alias": "customer", "Startup Cost": 0.0, "Total Cost": 0.31, "Plan Rows": 1, "Plan Width": 12, "Index Cond": "(c_custkey = orders.o_custkey)"}]}, {"Node Type": "Materialize", "Parent Relationship": "Inner", "Startup Cost": 0.0, "Total Cost": 2.65, "Plan Rows": 5, "Plan Width": 4, "Plans": [{"Node Type": "Nested Loop", "Parent Relationship": "Outer", "Join Type": "Inner", "Startup Cost": 0.0, "Total Cost": 2.62, "Plan Rows": 5, "Plan Width": 4, "Inner Unique": false, "Join Filter": "(n1.n_regionkey = region.r_regionkey)", "Plans": [{"Node Type": "Seq Scan", "Parent Relationship": "Outer", "Relation Name": "region", "Alias": "region", "Startup Cost": 0.0, "Total Cost": 1.06, "Plan Rows": 1, "Plan Width": 4, "Filter": "(r_name = 'ASIA'::bpchar)"}, {"Node Type": "Seq Scan", "Parent Relationship": "Inner", "Relation Name": "nation", "Alias": "n1", "Startup Cost": 0.0, "Total Cost": 1.25, "Plan Rows": 25, "Plan Width": 8}]}]}]}, {"Node Type": "Index Scan", "Parent Relationship": "Inner", "Scan Direction": "Forward", "Index Name": "nation_pkey", "Relation Name": "nation", "Alias": "n2", "Startup Cost": 0.0, "Total Cost": 0.27, "Plan Rows": 1, "Plan Width": 30, "Index Cond": "(n_nationkey = supplier.s_nationkey)"}]}]}]}, "Unique SQL Id": 3681808042, "Planner Runtime": 6}, "explain_analyze_plan": {"Plan": {"Node Type": "Sort", "Startup Cost": 497556.85, "Total Cost": 497556.88, "Plan Rows": 10, "Plan Width": 66, "Actual Startup Time": 7060.025, "Actual Total Time": 7060.025, "Actual Rows": 2, "Actual Loops": 1, "Sort Key": ["(date_part('year'::text, orders.o_orderdate))"], "Sort Method": "quicksort", "Sort Space Used": 25, "Sort Space Type": "Memory", "Plans": [{"Node Type": "Aggregate", "Strategy": "Hashed", "Parent Relationship": "Outer", "Startup Cost": 497556.54, "Total Cost": 497556.69, "Plan Rows": 10, "Plan Width": 66, "Actual Startup Time": 7060.007, "Actual Total Time": 7060.007, "Actual Rows": 2, "Actual Loops": 1, "Group By Key": ["date_part('year'::text, orders.o_orderdate)"], "Plans": [{"Node Type": "Nested Loop", "Parent Relationship": "Outer", "Join Type": "Inner", "Startup Cost": 447605.57, "Total Cost": 497436.72, "Plan Rows": 5991, "Plan Width": 50, "Actual Startup Time": 2117.633, "Actual Total Time": 7023.181, "Actual Rows": 23929, "Actual Loops": 1, "Inner Unique": true, "Plans": [{"Node Type": "Nested Loop", "Parent Relationship": "Outer", "Join Type": "Inner", "Startup Cost": 447605.57, "Total Cost": 495743.54, "Plan Rows": 5991, "Plan Width": 28, "Actual Startup Time": 2117.608, "Actual Total Time": 6943.624, "Actual Rows": 23929, "Actual Loops": 1, "Inner Unique": false, "Join Filter": "(n1.n_nationkey = customer.c_nationkey)", "Rows Removed by Join Filter": 574896, "Plans": [{"Node Type": "Nested Loop", "Parent Relationship": "Outer", "Join Type": "Inner", "Startup Cost": 447605.57, "Total Cost": 493494.35, "Plan Rows": 29954, "Plan Width": 32, "Actual Startup Time": 2117.4, "Actual Total Time": 6727.056, "Actual Rows": 119765, "Actual Loops": 1, "Inner Unique": true, "Plans": [{"Node Type": "Nested Loop", "Parent Relationship": "Outer", "Join Type": "Inner", "Startup Cost": 447605.57, "Total Cost": 477242.48, "Plan Rows": 51198, "Plan Width": 36, "Actual Startup Time": 2117.376, "Actual Total Time": 5825.595, "Actual Rows": 119765, "Actual Loops": 1, "Inner Unique": true, "Plans": [{"Node Type": "Merge Join", "Parent Relationship": "Outer", "Join Type": "Inner", "Startup Cost": 447605.57, "Total Cost": 454309.6, "Plan Rows": 74637, "Plan Width": 28, "Actual Startup Time": 2117.294, "Actual Total Time": 2428.607, "Actual Rows": 395341, "Actual Loops": 1, "Inner Unique": false, "Merge Cond": "(supplier.s_suppkey = lineitem.l_suppkey)", "Plans": [{"Node Type": "Index Scan", "Parent Relationship": "Outer", "Scan Direction": "Forward", "Index Name": "supplier_pkey", "Relation Name": "supplier", "Alias": "supplier", "Startup Cost": 0.0, "Total Cost": 5334.54, "Plan Rows": 100000, "Plan Width": 12, "Actual Startup Time": 0.024, "Actual Total Time": 72.954, "Actual Rows": 99999, "Actual Loops": 1}, {"Node Type": "Sort", "Parent Relationship": "Inner", "Startup Cost": 447605.54, "Total Cost": 447792.13, "Plan Rows": 74637, "Plan Width": 32, "Actual Startup Time": 2117.258, "Actual Total Time": 2201.915, "Actual Rows": 395341, "Actual Loops": 1, "Sort Key": ["lineitem.l_suppkey"], "Sort Method": "quicksort", "Sort Space Used": 49352, "Sort Space Type": "Memory", "Plans": [{"Node Type": "Nested Loop", "Parent Relationship": "Outer", "Join Type": "Inner", "Startup Cost": 0.0, "Total Cost": 441564.57, "Plan Rows": 74637, "Plan Width": 32, "Actual Startup Time": 0.045, "Actual Total Time": 1966.992, "Actual Rows": 395341, "Actual Loops": 1, "Inner Unique": false, "Plans": [{"Node Type": "Seq Scan", "Parent Relationship": "Outer", "Relation Name": "part", "Alias": "part", "Startup Cost": 0.0, "Total Cost": 66944.0, "Plan Rows": 13538, "Plan Width": 8, "Actual Startup Time": 0.027, "Actual Total Time": 757.076, "Actual Rows": 13163, "Actual Loops": 1, "Filter": "((p_type)::text = 'SMALL PLATED COPPER'::text)", "Rows Removed by Filter": 1986837}, {"Node Type": "Index Scan", "Parent Relationship": "Inner", "Scan Direction": "Forward", "Index Name": "idx_lineitem_part_supp", "Relation Name": "lineitem", "Alias": "lineitem", "Startup Cost": 0.0, "Total Cost": 27.61, "Plan Rows": 6, "Plan Width": 40, "Actual Startup Time": 159.343, "Actual Total Time": 1114.597, "Actual Rows": 395341, "Actual Loops": 13163, "Index Cond": "(l_partkey = part.p_partkey)", "Rows Removed by Index Recheck": 0}]}]}]}, {"Node Type": "Index Scan", "Parent Relationship": "Inner", "Scan Direction": "Forward", "Index Name": "orders_pkey", "Relation Name": "orders", "Alias": "orders", "Startup Cost": 0.0, "Total Cost": 0.3, "Plan Rows": 1, "Plan Width": 24, "Actual Startup Time": 3159.409, "Actual Total Time": 3159.409, "Actual Rows": 119765, "Actual Loops": 395341, "Index Cond": "(o_orderkey = lineitem.l_orderkey)", "Rows Removed by Index Recheck": 0, "Filter": "((o_orderdate >= '1995-01-01 00:00:00'::timestamp(0) without time zone) AND (o_orderdate <= '1996-12-31 00:00:00'::timestamp(0) without time zone))", "Rows Removed by Filter": 275576}]}, {"Node Type": "Index Scan", "Parent Relationship": "Inner", "Scan Direction": "Forward", "Index Name": "customer_pkey", "Relation Name": "customer", "Alias": "customer", "Startup Cost": 0.0, "Total Cost": 0.31, "Plan Rows": 1, "Plan Width": 12, "Actual Startup Time": 798.018, "Actual Total Time": 798.018, "Actual Rows": 119765, "Actual Loops": 119765, "Index Cond": "(c_custkey = orders.o_custkey)", "Rows Removed by Index Recheck": 0}]}, {"Node Type": "Materialize", "Parent Relationship": "Inner", "Startup Cost": 0.0, "Total Cost": 2.65, "Plan Rows": 5, "Plan Width": 4, "Actual Startup Time": 12.618, "Actual Total Time": 64.889, "Actual Rows": 598825, "Actual Loops": 119765, "Plans": [{"Node Type": "Nested Loop", "Parent Relationship": "Outer", "Join Type": "Inner", "Startup Cost": 0.0, "Total Cost": 2.62, "Plan Rows": 5, "Plan Width": 4, "Actual Startup Time": 0.078, "Actual Total Time": 0.086, "Actual Rows": 5, "Actual Loops": 1, "Inner Unique": false, "Join Filter": "(n1.n_regionkey = region.r_regionkey)", "Rows Removed by Join Filter": 20, "Plans": [{"Node Type": "Seq Scan", "Parent Relationship": "Outer", "Relation Name": "region", "Alias": "region", "Startup Cost": 0.0, "Total Cost": 1.06, "Plan Rows": 1, "Plan Width": 4, "Actual Startup Time": 0.017, "Actual Total Time": 0.018, "Actual Rows": 1, "Actual Loops": 1, "Filter": "(r_name = 'ASIA'::bpchar)", "Rows Removed by Filter": 4}, {"Node Type": "Seq Scan", "Parent Relationship": "Inner", "Relation Name": "nation", "Alias": "n1", "Startup Cost": 0.0, "Total Cost": 1.25, "Plan Rows": 25, "Plan Width": 8, "Actual Startup Time": 0.036, "Actual Total Time": 0.039, "Actual Rows": 25, "Actual Loops": 1}]}]}]}, {"Node Type": "Index Scan", "Parent Relationship": "Inner", "Scan Direction": "Forward", "Index Name": "nation_pkey", "Relation Name": "nation", "Alias": "n2", "Startup Cost": 0.0, "Total Cost": 0.27, "Plan Rows": 1, "Plan Width": 30, "Actual Startup Time": 38.889, "Actual Total Time": 38.889, "Actual Rows": 23929, "Actual Loops": 23929, "Index Cond": "(n_nationkey = supplier.s_nationkey)", "Rows Removed by Index Recheck": 0}]}]}]}, "Triggers": [], "Planner Runtime": 6, "Total Runtime": 7060.423, "Unique SQL Id": 3681808042}}, "(16, 29)": {"explain_plan": {"Plan": {"Node Type": "Sort", "Startup Cost": 536434.22, "Total Cost": 536434.24, "Plan Rows": 10, "Plan Width": 66, "Sort Key": ["(date_part('year'::text, orders.o_orderdate))"], "Plans": [{"Node Type": "Aggregate", "Strategy": "Hashed", "Parent Relationship": "Outer", "Startup Cost": 536433.9, "Total Cost": 536434.05, "Plan Rows": 10, "Plan Width": 66, "Group By Key": ["date_part('year'::text, orders.o_orderdate)"], "Plans": [{"Node Type": "Nested Loop", "Parent Relationship": "Outer", "Join Type": "Inner", "Startup Cost": 486464.82, "Total Cost": 536314.08, "Plan Rows": 5991, "Plan Width": 50, "Inner Unique": true, "Plans": [{"Node Type": "Nested Loop", "Parent Relationship": "Outer", "Join Type": "Inner", "Startup Cost": 486464.82, "Total Cost": 534620.9, "Plan Rows": 5991, "Plan Width": 28, "Inner Unique": false, "Join Filter": "(n1.n_nationkey = customer.c_nationkey)", "Plans": [{"Node Type": "Nested Loop", "Parent Relationship": "Outer", "Join Type": "Inner", "Startup Cost": 486464.82, "Total Cost": 532353.6, "Plan Rows": 29954, "Plan Width": 32, "Inner Unique": true, "Plans": [{"Node Type": "Nested Loop", "Parent Relationship": "Outer", "Join Type": "Inner", "Startup Cost": 486464.82, "Total Cost": 516101.73, "Plan Rows": 51198, "Plan Width": 36, "Inner Unique": true, "Plans": [{"Node Type": "Merge Join", "Parent Relationship": "Outer", "Join Type": "Inner", "Startup Cost": 486464.82, "Total Cost": 493168.85, "Plan Rows": 74637, "Plan Width": 28, "Inner Unique": true, "Merge Cond": "(lineitem.l_suppkey = supplier.s_suppkey)", "Plans": [{"Node Type": "Sort", "Parent Relationship": "Outer", "Startup Cost": 486464.79, "Total Cost": 486651.38, "Plan Rows": 74637, "Plan Width": 32, "Sort Key": ["lineitem.l_suppkey"], "Plans": [{"Node Type": "Nested Loop", "Parent Relationship": "Outer", "Join Type": "Inner", "Startup Cost": 0.0, "Total Cost": 480423.82, "Plan Rows": 74637, "Plan Width": 32, "Inner Unique": false, "Plans": [{"Node Type": "Index Scan", "Parent Relationship": "Outer", "Scan Direction": "Forward", "Index Name": "part_kpey", "Relation Name": "part", "Alias": "part", "Startup Cost": 0.0, "Total Cost": 105803.25, "Plan Rows": 13538, "Plan Width": 8, "Filter": "((p_type)::text = 'SMALL PLATED COPPER'::text)"}, {"Node Type": "Index Scan", "Parent Relationship": "Inner", "Scan Direction": "Forward", "Index Name": "idx_lineitem_part_supp", "Relation Name": "lineitem", "Alias": "lineitem", "Startup Cost": 0.0, "Total Cost": 27.61, "Plan Rows": 6, "Plan Width": 40, "Index Cond": "(l_partkey = part.p_partkey)"}]}]}, {"Node Type": "Index Scan", "Parent Relationship": "Inner", "Scan Direction": "Forward", "Index Name": "supplier_pkey", "Relation Name": "supplier", "Alias": "supplier", "Startup Cost": 0.0, "Total Cost": 5334.54, "Plan Rows": 100000, "Plan Width": 12}]}, {"Node Type": "Index Scan", "Parent Relationship": "Inner", "Scan Direction": "Forward", "Index Name": "orders_pkey", "Relation Name": "orders", "Alias": "orders", "Startup Cost": 0.0, "Total Cost": 0.3, "Plan Rows": 1, "Plan Width": 24, "Index Cond": "(o_orderkey = lineitem.l_orderkey)", "Filter": "((o_orderdate >= '1995-01-01 00:00:00'::timestamp(0) without time zone) AND (o_orderdate <= '1996-12-31 00:00:00'::timestamp(0) without time zone))"}]}, {"Node Type": "Index Scan", "Parent Relationship": "Inner", "Scan Direction": "Forward", "Index Name": "customer_pkey", "Relation Name": "customer", "Alias": "customer", "Startup Cost": 0.0, "Total Cost": 0.31, "Plan Rows": 1, "Plan Width": 12, "Index Cond": "(c_custkey = orders.o_custkey)"}]}, {"Node Type": "Materialize", "Parent Relationship": "Inner", "Startup Cost": 0.0, "Total Cost": 20.76, "Plan Rows": 5, "Plan Width": 4, "Plans": [{"Node Type": "Nested Loop", "Parent Relationship": "Outer", "Join Type": "Inner", "Startup Cost": 0.0, "Total Cost": 20.74, "Plan Rows": 5, "Plan Width": 4, "Inner Unique": false, "Plans": [{"Node Type": "Index Scan", "Parent Relationship": "Outer", "Scan Direction": "Forward", "Index Name": "region_pkey", "Relation Name": "region", "Alias": "region", "Startup Cost": 0.0, "Total Cost": 12.34, "Plan Rows": 1, "Plan Width": 4, "Filter": "(r_name = 'ASIA'::bpchar)"}, {"Node Type": "Index Scan", "Parent Relationship": "Inner", "Scan Direction": "Forward", "Index Name": "idx_nation_regionkey", "Relation Name": "nation", "Alias": "n1", "Startup Cost": 0.0, "Total Cost": 8.35, "Plan Rows": 5, "Plan Width": 8, "Index Cond": "(n_regionkey = region.r_regionkey)"}]}]}]}, {"Node Type": "Index Scan", "Parent Relationship": "Inner", "Scan Direction": "Forward", "Index Name": "nation_pkey", "Relation Name": "nation", "Alias": "n2", "Startup Cost": 0.0, "Total Cost": 0.27, "Plan Rows": 1, "Plan Width": 30, "Index Cond": "(n_nationkey = supplier.s_nationkey)"}]}]}]}, "Unique SQL Id": 3681808042, "Planner Runtime": 6}, "explain_analyze_plan": {"Plan": {"Node Type": "Sort", "Startup Cost": 536434.22, "Total Cost": 536434.24, "Plan Rows": 10, "Plan Width": 66, "Actual Startup Time": 7688.6, "Actual Total Time": 7688.601, "Actual Rows": 2, "Actual Loops": 1, "Sort Key": ["(date_part('year'::text, orders.o_orderdate))"], "Sort Method": "quicksort", "Sort Space Used": 25, "Sort Space Type": "Memory", "Plans": [{"Node Type": "Aggregate", "Strategy": "Hashed", "Parent Relationship": "Outer", "Startup Cost": 536433.9, "Total Cost": 536434.05, "Plan Rows": 10, "Plan Width": 66, "Actual Startup Time": 7688.58, "Actual Total Time": 7688.58, "Actual Rows": 2, "Actual Loops": 1, "Group By Key": ["date_part('year'::text, orders.o_orderdate)"], "Plans": [{"Node Type": "Nested Loop", "Parent Relationship": "Outer", "Join Type": "Inner", "Startup Cost": 486464.82, "Total Cost": 536314.08, "Plan Rows": 5991, "Plan Width": 50, "Actual Startup Time": 2780.335, "Actual Total Time": 7652.447, "Actual Rows": 23929, "Actual Loops": 1, "Inner Unique": true, "Plans": [{"Node Type": "Nested Loop", "Parent Relationship": "Outer", "Join Type": "Inner", "Startup Cost": 486464.82, "Total Cost": 534620.9, "Plan Rows": 5991, "Plan Width": 28, "Actual Startup Time": 2780.222, "Actual Total Time": 7572.997, "Actual Rows": 23929, "Actual Loops": 1, "Inner Unique": false, "Join Filter": "(n1.n_nationkey = customer.c_nationkey)", "Rows Removed by Join Filter": 574896, "Plans": [{"Node Type": "Nested Loop", "Parent Relationship": "Outer", "Join Type": "Inner", "Startup Cost": 486464.82, "Total Cost": 532353.6, "Plan Rows": 29954, "Plan Width": 32, "Actual Startup Time": 2780.076, "Actual Total Time": 7359.4, "Actual Rows": 119765, "Actual Loops": 1, "Inner Unique": true, "Plans": [{"Node Type": "Nested Loop", "Parent Relationship": "Outer", "Join Type": "Inner", "Startup Cost": 486464.82, "Total Cost": 516101.73, "Plan Rows": 51198, "Plan Width": 36, "Actual Startup Time": 2780.06, "Actual Total Time": 6463.664, "Actual Rows": 119765, "Actual Loops": 1, "Inner Unique": true, "Plans": [{"Node Type": "Merge Join", "Parent Relationship": "Outer", "Join Type": "Inner", "Startup Cost": 486464.82, "Total Cost": 493168.85, "Plan Rows": 74637, "Plan Width": 28, "Actual Startup Time": 2779.981, "Actual Total Time": 3095.498, "Actual Rows": 395341, "Actual Loops": 1, "Inner Unique": true, "Merge Cond": "(lineitem.l_suppkey = supplier.s_suppkey)", "Plans": [{"Node Type": "Sort", "Parent Relationship": "Outer", "Startup Cost": 486464.79, "Total Cost": 486651.38, "Plan Rows": 74637, "Plan Width": 32, "Actual Startup Time": 2779.927, "Actual Total Time": 2868.34, "Actual Rows": 395341, "Actual Loops": 1, "Sort Key": ["lineitem.l_suppkey"], "Sort Method": "quicksort", "Sort Space Used": 49352, "Sort Space Type": "Memory", "Plans": [{"Node Type": "Nested Loop", "Parent Relationship": "Outer", "Join Type": "Inner", "Startup Cost": 0.0, "Total Cost": 480423.82, "Plan Rows": 74637, "Plan Width": 32, "Actual Startup Time": 0.052, "Actual Total Time": 2630.949, "Actual Rows": 395341, "Actual Loops": 1, "Inner Unique": false, "Plans": [{"Node Type": "Index Scan", "Parent Relationship": "Outer", "Scan Direction": "Forward", "Index Name": "part_kpey", "Relation Name": "part", "Alias": "part", "Startup Cost": 0.0, "Total Cost": 105803.25, "Plan Rows": 13538, "Plan Width": 8, "Actual Startup Time": 0.036, "Actual Total Time": 1513.419, "Actual Rows": 13163, "Actual Loops": 1, "Filter": "((p_type)::text = 'SMALL PLATED COPPER'::text)", "Rows Removed by Filter": 1986837}, {"Node Type": "Index Scan", "Parent Relationship": "Inner", "Scan Direction": "Forward", "Index Name": "idx_lineitem_part_supp", "Relation Name": "lineitem", "Alias": "lineitem", "Startup Cost": 0.0, "Total Cost": 27.61, "Plan Rows": 6, "Plan Width": 40, "Actual Startup Time": 128.233, "Actual Total Time": 1024.436, "Actual Rows": 395341, "Actual Loops": 13163, "Index Cond": "(l_partkey = part.p_partkey)", "Rows Removed by Index Recheck": 0}]}]}, {"Node Type": "Index Scan", "Parent Relationship": "Inner", "Scan Direction": "Forward", "Index Name": "supplier_pkey", "Relation Name": "supplier", "Alias": "supplier", "Startup Cost": 0.0, "Total Cost": 5334.54, "Plan Rows": 100000, "Plan Width": 12, "Actual Startup Time": 0.036, "Actual Total Time": 71.11, "Actual Rows": 99998, "Actual Loops": 1}]}, {"Node Type": "Index Scan", "Parent Relationship": "Inner", "Scan Direction": "Forward", "Index Name": "orders_pkey", "Relation Name": "orders", "Alias": "orders", "Startup Cost": 0.0, "Total Cost": 0.3, "Plan Rows": 1, "Plan Width": 24, "Actual Startup Time": 3130.421, "Actual Total Time": 3130.421, "Actual Rows": 119765, "Actual Loops": 395341, "Index Cond": "(o_orderkey = lineitem.l_orderkey)", "Rows Removed by Index Recheck": 0, "Filter": "((o_orderdate >= '1995-01-01 00:00:00'::timestamp(0) without time zone) AND (o_orderdate <= '1996-12-31 00:00:00'::timestamp(0) without time zone))", "Rows Removed by Filter": 275576}]}, {"Node Type": "Index Scan", "Parent Relationship": "Inner", "Scan Direction": "Forward", "Index Name": "customer_pkey", "Relation Name": "customer", "Alias": "customer", "Startup Cost": 0.0, "Total Cost": 0.31, "Plan Rows": 1, "Plan Width": 12, "Actual Startup Time": 793.221, "Actual Total Time": 793.221, "Actual Rows": 119765, "Actual Loops": 119765, "Index Cond": "(c_custkey = orders.o_custkey)", "Rows Removed by Index Recheck": 0}]}, {"Node Type": "Materialize", "Parent Relationship": "Inner", "Startup Cost": 0.0, "Total Cost": 20.76, "Plan Rows": 5, "Plan Width": 4, "Actual Startup Time": 12.907, "Actual Total Time": 64.81, "Actual Rows": 598825, "Actual Loops": 119765, "Plans": [{"Node Type": "Nested Loop", "Parent Relationship": "Outer", "Join Type": "Inner", "Startup Cost": 0.0, "Total Cost": 20.74, "Plan Rows": 5, "Plan Width": 4, "Actual Startup Time": 0.024, "Actual Total Time": 0.032, "Actual Rows": 5, "Actual Loops": 1, "Inner Unique": false, "Plans": [{"Node Type": "Index Scan", "Parent Relationship": "Outer", "Scan Direction": "Forward", "Index Name": "region_pkey", "Relation Name": "region", "Alias": "region", "Startup Cost": 0.0, "Total Cost": 12.34, "Plan Rows": 1, "Plan Width": 4, "Actual Startup Time": 0.012, "Actual Total Time": 0.014, "Actual Rows": 1, "Actual Loops": 1, "Filter": "(r_name = 'ASIA'::bpchar)", "Rows Removed by Filter": 4}, {"Node Type": "Index Scan", "Parent Relationship": "Inner", "Scan Direction": "Forward", "Index Name": "idx_nation_regionkey", "Relation Name": "nation", "Alias": "n1", "Startup Cost": 0.0, "Total Cost": 8.35, "Plan Rows": 5, "Plan Width": 8, "Actual Startup Time": 0.008, "Actual Total Time": 0.01, "Actual Rows": 5, "Actual Loops": 1, "Index Cond": "(n_regionkey = region.r_regionkey)", "Rows Removed by Index Recheck": 0}]}]}]}, {"Node Type": "Index Scan", "Parent Relationship": "Inner", "Scan Direction": "Forward", "Index Name": "nation_pkey", "Relation Name": "nation", "Alias": "n2", "Startup Cost": 0.0, "Total Cost": 0.27, "Plan Rows": 1, "Plan Width": 30, "Actual Startup Time": 38.79, "Actual Total Time": 38.79, "Actual Rows": 23929, "Actual Loops": 23929, "Index Cond": "(n_nationkey = supplier.s_nationkey)", "Rows Removed by Index Recheck": 0}]}]}]}, "Triggers": [], "Planner Runtime": 6, "Total Runtime": 7689.031, "Unique SQL Id": 3681808042}}, "(16, 30)": {"explain_plan": {"Plan": {"Node Type": "Sort", "Startup Cost": 11381808.12, "Total Cost": 11381808.14, "Plan Rows": 10, "Plan Width": 66, "Sort Key": ["(date_part('year'::text, orders.o_orderdate))"], "Plans": [{"Node Type": "Aggregate", "Strategy": "Hashed", "Parent Relationship": "Outer", "Startup Cost": 11381807.8, "Total Cost": 11381807.95, "Plan Rows": 10, "Plan Width": 66, "Group By Key": ["date_part('year'::text, orders.o_orderdate)"], "Plans": [{"Node Type": "Merge Join", "Parent Relationship": "Outer", "Join Type": "Inner", "Startup Cost": 11381583.02, "Total Cost": 11381687.98, "Plan Rows": 5991, "Plan Width": 50, "Inner Unique": false, "Merge Cond": "(n2.n_nationkey = supplier.s_nationkey)", "Plans": [{"Node Type": "Sort", "Parent Relationship": "Outer", "Startup Cost": 1.83, "Total Cost": 1.89, "Plan Rows": 25, "Plan Width": 30, "Sort Key": ["n2.n_nationkey"], "Plans": [{"Node Type": "Seq Scan", "Parent Relationship": "Outer", "Relation Name": "nation", "Alias": "n2", "Startup Cost": 0.0, "Total Cost": 1.25, "Plan Rows": 25, "Plan Width": 30}]}, {"Node Type": "Sort", "Parent Relationship": "Inner", "Startup Cost": 11381581.18, "Total Cost": 11381596.16, "Plan Rows": 5991, "Plan Width": 28, "Sort Key": ["supplier.s_nationkey"], "Plans": [{"Node Type": "Merge Join", "Parent Relationship": "Outer", "Join Type": "Inner", "Startup Cost": 11380607.82, "Total Cost": 11381205.29, "Plan Rows": 5991, "Plan Width": 28, "Inner Unique": true, "Merge Cond": "(lineitem.l_suppkey = supplier.s_suppkey)", "Plans": [{"Node Type": "Sort", "Parent Relationship": "Outer", "Startup Cost": 11369019.99, "Total Cost": 11369063.23, "Plan Rows": 17296, "Plan Width": 32, "Sort Key": ["lineitem.l_suppkey"], "Plans": [{"Node Type": "Merge Join", "Parent Relationship": "Outer", "Join Type": "Inner", "Startup Cost": 11364916.02, "Total Cost": 11367802.51, "Plan Rows": 17296, "Plan Width": 32, "Inner Unique": false, "Merge Cond": "(orders.o_custkey = customer.c_custkey)", "Plans": [{"Node Type": "Sort", "Parent Relationship": "Outer", "Startup Cost": 11172995.44, "Total Cost": 11173211.64, "Plan Rows": 86479, "Plan Width": 40, "Sort Key": ["orders.o_custkey"], "Plans": [{"Node Type": "Merge Join", "Parent Relationship": "Outer", "Join Type": "Inner", "Startup Cost": 11142007.17, "Total Cost": 11165904.14, "Plan Rows": 86479, "Plan Width": 40, "Inner Unique": true, "Merge Cond": "(lineitem.l_orderkey = orders.o_orderkey)", "Plans": [{"Node Type": "Sort", "Parent Relationship": "Outer", "Startup Cost": 10139547.54, "Total Cost": 10139734.13, "Plan Rows": 74637, "Plan Width": 32, "Sort Key": ["lineitem.l_orderkey"], "Plans": [{"Node Type": "Merge Join", "Parent Relationship": "Outer", "Join Type": "Inner", "Startup Cost": 9832757.35, "Total Cost": 10133506.57, "Plan Rows": 74637, "Plan Width": 32, "Inner Unique": false, "Merge Cond": "(part.p_partkey = lineitem.l_partkey)", "Plans": [{"Node Type": "Sort", "Parent Relationship": "Outer", "Startup Cost": 67873.03, "Total Cost": 67906.87, "Plan Rows": 13538, "Plan Width": 8, "Sort Key": ["part.p_partkey"], "Plans": [{"Node Type": "Seq Scan", "Parent Relationship": "Outer", "Relation Name": "part", "Alias": "part", "Startup Cost": 0.0, "Total Cost": 66944.0, "Plan Rows": 13538, "Plan Width": 8, "Filter": "((p_type)::text = 'SMALL PLATED COPPER'::text)"}]}, {"Node Type": "Sort", "Parent Relationship": "Inner", "Startup Cost": 9764884.32, "Total Cost": 9914851.9, "Plan Rows": 59987033, "Plan Width": 40, "Sort Key": ["lineitem.l_partkey"], "Plans": [{"Node Type": "Seq Scan", "Parent Relationship": "Outer", "Relation Name": "lineitem", "Alias": "lineitem", "Startup Cost": 0.0, "Total Cost": 2015115.33, "Plan Rows": 59987033, "Plan Width": 40}]}]}]}, {"Node Type": "Sort", "Parent Relationship": "Inner", "Startup Cost": 1002458.79, "Total Cost": 1013788.71, "Plan Rows": 4531967, "Plan Width": 24, "Sort Key": ["orders.o_orderkey"], "Plans": [{"Node Type": "Seq Scan", "Parent Relationship": "Outer", "Relation Name": "orders", "Alias": "orders", "Startup Cost": 195.35, "Total Cost": 501411.18, "Plan Rows": 4531967, "Plan Width": 24, "Filter": "((o_orderdate >= '1995-01-01 00:00:00'::timestamp(0) without time zone) AND (o_orderdate <= '1996-12-31 00:00:00'::timestamp(0) without time zone)), (LLVM Optimized)"}]}]}]}, {"Node Type": "Sort", "Parent Relationship": "Inner", "Startup Cost": 191920.54, "Total Cost": 192670.54, "Plan Rows": 300000, "Plan Width": 8, "Sort Key": ["customer.c_custkey"], "Plans": [{"Node Type": "Nested Loop", "Parent Relationship": "Outer", "Join Type": "Inner", "Startup Cost": 0.0, "Total Cost": 164628.64, "Plan Rows": 300000, "Plan Width": 8, "Inner Unique": false, "Join Filter": "(n1.n_nationkey = customer.c_nationkey), (LLVM Optimized)", "Plans": [{"Node Type": "Seq Scan", "Parent Relationship": "Outer", "Relation Name": "customer", "Alias": "customer", "Startup Cost": 0.0, "Total Cost": 52126.0, "Plan Rows": 1500000, "Plan Width": 12}, {"Node Type": "Materialize", "Parent Relationship": "Inner", "Startup Cost": 0.0, "Total Cost": 2.65, "Plan Rows": 5, "Plan Width": 4, "Plans": [{"Node Type": "Nested Loop", "Parent Relationship": "Outer", "Join Type": "Inner", "Startup Cost": 0.0, "Total Cost": 2.62, "Plan Rows": 5, "Plan Width": 4, "Inner Unique": false, "Join Filter": "(n1.n_regionkey = region.r_regionkey)", "Plans": [{"Node Type": "Seq Scan", "Parent Relationship": "Outer", "Relation Name": "region", "Alias": "region", "Startup Cost": 0.0, "Total Cost": 1.06, "Plan Rows": 1, "Plan Width": 4, "Filter": "(r_name = 'ASIA'::bpchar)"}, {"Node Type": "Seq Scan", "Parent Relationship": "Inner", "Relation Name": "nation", "Alias": "n1", "Startup Cost": 0.0, "Total Cost": 1.25, "Plan Rows": 25, "Plan Width": 8}]}]}]}]}]}]}, {"Node Type": "Sort", "Parent Relationship": "Inner", "Startup Cost": 11587.82, "Total Cost": 11837.82, "Plan Rows": 100000, "Plan Width": 12, "Sort Key": ["supplier.s_suppkey"], "Plans": [{"Node Type": "Seq Scan", "Parent Relationship": "Outer", "Relation Name": "supplier", "Alias": "supplier", "Startup Cost": 0.0, "Total Cost": 3283.0, "Plan Rows": 100000, "Plan Width": 12}]}]}]}]}]}]}, "Unique SQL Id": 3681808042, "Planner Runtime": 7}, "explain_analyze_plan": null}, "(16, 31)": {"explain_plan": {"Plan": {"Node Type": "Sort", "Startup Cost": 8018177364726.43, "Total Cost": 8018177364726.46, "Plan Rows": 10, "Plan Width": 66, "Sort Key": ["(date_part('year'::text, orders.o_orderdate))"], "Plans": [{"Node Type": "Aggregate", "Strategy": "Hashed", "Parent Relationship": "Outer", "Startup Cost": 8018177364726.12, "Total Cost": 8018177364726.27, "Plan Rows": 10, "Plan Width": 66, "Group By Key": ["date_part('year'::text, orders.o_orderdate)"], "Plans": [{"Node Type": "Nested Loop", "Parent Relationship": "Outer", "Join Type": "Inner", "Startup Cost": 80000000000.0, "Total Cost": 8018177364380.2, "Plan Rows": 17296, "Plan Width": 50, "Inner Unique": false, "Join Filter": "(supplier.s_suppkey = lineitem.l_suppkey)", "Plans": [{"Node Type": "Nested Loop", "Parent Relationship": "Outer", "Join Type": "Inner", "Startup Cost": 20000000000.0, "Total Cost": 2000000572216.94, "Plan Rows": 100000, "Plan Width": 34, "Inner Unique": true, "Join Filter": "(supplier.s_nationkey = n2.n_nationkey), (LLVM Optimized)", "Plans": [{"Node Type": "Index Scan", "Parent Relationship": "Outer", "Scan Direction": "Forward", "Index Name": "supplier_pkey", "Relation Name": "supplier", "Alias": "supplier", "Startup Cost": 10000000000.0, "Total Cost": 1000000533454.38, "Plan Rows": 100000, "Plan Width": 12}, {"Node Type": "Materialize", "Parent Relationship": "Inner", "Startup Cost": 10000000000.0, "Total Cost": 1000000001262.62, "Plan Rows": 25, "Plan Width": 30, "Plans": [{"Node Type": "Index Scan", "Parent Relationship": "Outer", "Scan Direction": "Forward", "Index Name": "nation_pkey", "Relation Name": "nation", "Alias": "n2", "Startup Cost": 10000000000.0, "Total Cost": 1000000001262.5, "Plan Rows": 25, "Plan Width": 30}]}]}, {"Node Type": "Materialize", "Parent Relationship": "Inner", "Startup Cost": 60000000000.0, "Total Cost": 6018150848163.26, "Plan Rows": 17296, "Plan Width": 32, "Plans": [{"Node Type": "Nested Loop", "Parent Relationship": "Outer", "Join Type": "Inner", "Startup Cost": 60000000000.0, "Total Cost": 6018150848076.78, "Plan Rows": 17296, "Plan Width": 32, "Inner Unique": false, "Join Filter": "(orders.o_custkey = customer.c_custkey)", "Plans": [{"Node Type": "Nested Loop", "Parent Relationship": "Outer", "Join Type": "Inner", "Startup Cost": 30000000000.0, "Total Cost": 3017753500294.51, "Plan Rows": 86479, "Plan Width": 40, "Inner Unique": false, "Join Filter": "(lineitem.l_orderkey = orders.o_orderkey)", "Plans": [{"Node Type": "Index Scan", "Parent Relationship": "Outer", "Scan Direction": "Forward", "Index Name": "idx_orders_custkey", "Relation Name": "orders", "Alias": "orders", "Startup Cost": 10000000000.0, "Total Cost": 1000163551268.58, "Plan Rows": 4531967, "Plan Width": 24, "Filter": "((o_orderdate >= '1995-01-01 00:00:00'::timestamp(0) without time zone) AND (o_orderdate <= '1996-12-31 00:00:00'::timestamp(0) without time zone)), (LLVM Optimized)"}, {"Node Type": "Materialize", "Parent Relationship": "Inner", "Startup Cost": 20000000000.0, "Total Cost": 2012516162897.84, "Plan Rows": 74637, "Plan Width": 32, "Plans": [{"Node Type": "Nested Loop", "Parent Relationship": "Outer", "Join Type": "Inner", "Startup Cost": 20000000000.0, "Total Cost": 2012516162524.66, "Plan Rows": 74637, "Plan Width": 32, "Inner Unique": true, "Join Filter": "(part.p_partkey = lineitem.l_partkey)", "Plans": [{"Node Type": "Index Scan", "Parent Relationship": "Outer", "Scan Direction": "Forward", "Index Name": "idx_lineitem_orderkey", "Relation Name": "lineitem", "Alias": "lineitem", "Startup Cost": 10000000000.0, "Total Cost": 1000324015374.5, "Plan Rows": 59987033, "Plan Width": 40}, {"Node Type": "Materialize", "Parent Relationship": "Inner", "Startup Cost": 10000000000.0, "Total Cost": 1000010580392.69, "Plan Rows": 13538, "Plan Width": 8, "Plans": [{"Node Type": "Index Scan", "Parent Relationship": "Outer", "Scan Direction": "Forward", "Index Name": "part_kpey", "Relation Name": "part", "Alias": "part", "Startup Cost": 10000000000.0, "Total Cost": 1000010580325.0, "Plan Rows": 13538, "Plan Width": 8, "Filter": "((p_type)::text = 'SMALL PLATED COPPER'::text)"}]}]}]}]}, {"Node Type": "Materialize", "Parent Relationship": "Inner", "Startup Cost": 30000000000.0, "Total Cost": 3000008193032.26, "Plan Rows": 300000, "Plan Width": 8, "Plans": [{"Node Type": "Nested Loop", "Parent Relationship": "Outer", "Join Type": "Inner", "Startup Cost": 30000000000.0, "Total Cost": 3000008191532.26, "Plan Rows": 300000, "Plan Width": 8, "Inner Unique": false, "Join Filter": "(n1.n_nationkey = customer.c_nationkey), (LLVM Optimized)", "Plans": [{"Node Type": "Index Scan", "Parent Relationship": "Outer", "Scan Direction": "Forward", "Index Name": "customer_pkey", "Relation Name": "customer", "Alias": "customer", "Startup Cost": 10000000000.0, "Total Cost": 1000008076535.62, "Plan Rows": 1500000, "Plan Width": 12}, {"Node Type": "Materialize", "Parent Relationship": "Inner", "Startup Cost": 20000000000.0, "Total Cost": 2000000002496.65, "Plan Rows": 5, "Plan Width": 4, "Plans": [{"Node Type": "Nested Loop", "Parent Relationship": "Outer", "Join Type": "Inner", "Startup Cost": 20000000000.0, "Total Cost": 2000000002496.63, "Plan Rows": 5, "Plan Width": 4, "Inner Unique": true, "Join Filter": "(n1.n_regionkey = region.r_regionkey)", "Plans": [{"Node Type": "Index Scan", "Parent Relationship": "Outer", "Scan Direction": "Forward", "Index Name": "nation_pkey", "Relation Name": "nation", "Alias": "n1", "Startup Cost": 10000000000.0, "Total Cost": 1000000001262.5, "Plan Rows": 25, "Plan Width": 8}, {"Node Type": "Materialize", "Parent Relationship": "Inner", "Startup Cost": 10000000000.0, "Total Cost": 1000000001233.76, "Plan Rows": 1, "Plan Width": 4, "Plans": [{"Node Type": "Index Scan", "Parent Relationship": "Outer", "Scan Direction": "Forward", "Index Name": "region_pkey", "Relation Name": "region", "Alias": "region", "Startup Cost": 10000000000.0, "Total Cost": 1000000001233.75, "Plan Rows": 1, "Plan Width": 4, "Filter": "(r_name = 'ASIA'::bpchar)"}]}]}]}]}]}]}]}]}]}]}, "Unique SQL Id": 3681808042, "Planner Runtime": 8}, "explain_analyze_plan": null}, "(16, 32)": {"explain_plan": {"Plan": {"Node Type": "Sort", "Startup Cost": 486630.31, "Total Cost": 486630.33, "Plan Rows": 10, "Plan Width": 66, "Sort Key": ["(date_part('year'::text, orders.o_orderdate))"], "Plans": [{"Node Type": "Aggregate", "Strategy": "Hashed", "Parent Relationship": "Outer", "Startup Cost": 486629.99, "Total Cost": 486630.14, "Plan Rows": 10, "Plan Width": 66, "Group By Key": ["date_part('year'::text, orders.o_orderdate)"], "Plans": [{"Node Type": "Hash Join", "Parent Relationship": "Outer", "Join Type": "Inner", "Startup Cost": 4536.12, "Total Cost": 486510.17, "Plan Rows": 5991, "Plan Width": 50, "Inner Unique": true, "Hash Cond": "(supplier.s_nationkey = n2.n_nationkey)", "Plans": [{"Node Type": "Nested Loop", "Parent Relationship": "Outer", "Join Type": "Inner", "Startup Cost": 4534.56, "Total Cost": 486417.81, "Plan Rows": 5991, "Plan Width": 28, "Inner Unique": false, "Join Filter": "(n1.n_regionkey = region.r_regionkey)", "Plans": [{"Node Type": "Seq Scan", "Parent Relationship": "Outer", "Relation Name": "region", "Alias": "region", "Startup Cost": 0.0, "Total Cost": 1.06, "Plan Rows": 1, "Plan Width": 4, "Filter": "(r_name = 'ASIA'::bpchar)"}, {"Node Type": "Hash Join", "Parent Relationship": "Inner", "Join Type": "Inner", "Startup Cost": 4534.56, "Total Cost": 486042.32, "Plan Rows": 29954, "Plan Width": 32, "Inner Unique": true, "Hash Cond": "(customer.c_nationkey = n1.n_nationkey)", "Plans": [{"Node Type": "Nested Loop", "Parent Relationship": "Outer", "Join Type": "Inner", "Startup Cost": 4533.0, "Total Cost": 485661.65, "Plan Rows": 29954, "Plan Width": 32, "Inner Unique": true, "Plans": [{"Node Type": "Hash Join", "Parent Relationship": "Outer", "Join Type": "Inner", "Startup Cost": 4533.0, "Total Cost": 469409.78, "Plan Rows": 51198, "Plan Width": 36, "Inner Unique": true, "Hash Cond": "(lineitem.l_suppkey = supplier.s_suppkey)", "Plans": [{"Node Type": "Nested Loop", "Parent Relationship": "Outer", "Join Type": "Inner", "Startup Cost": 0.0, "Total Cost": 464497.44, "Plan Rows": 86479, "Plan Width": 40, "Inner Unique": true, "Plans": [{"Node Type": "Nested Loop", "Parent Relationship": "Outer", "Join Type": "Inner", "Startup Cost": 0.0, "Total Cost": 441564.57, "Plan Rows": 74637, "Plan Width": 32, "Inner Unique": false, "Plans": [{"Node Type": "Seq Scan", "Parent Relationship": "Outer", "Relation Name": "part", "Alias": "part", "Startup Cost": 0.0, "Total Cost": 66944.0, "Plan Rows": 13538, "Plan Width": 8, "Filter": "((p_type)::text = 'SMALL PLATED COPPER'::text)"}, {"Node Type": "Index Scan", "Parent Relationship": "Inner", "Scan Direction": "Forward", "Index Name": "idx_lineitem_part_supp", "Relation Name": "lineitem", "Alias": "lineitem", "Startup Cost": 0.0, "Total Cost": 27.61, "Plan Rows": 6, "Plan Width": 40, "Index Cond": "(l_partkey = part.p_partkey)"}]}, {"Node Type": "Index Scan", "Parent Relationship": "Inner", "Scan Direction": "Forward", "Index Name": "orders_pkey", "Relation Name": "orders", "Alias": "orders", "Startup Cost": 0.0, "Total Cost": 0.3, "Plan Rows": 1, "Plan Width": 24, "Index Cond": "(o_orderkey = lineitem.l_orderkey)", "Filter": "((o_orderdate >= '1995-01-01 00:00:00'::timestamp(0) without time zone) AND (o_orderdate <= '1996-12-31 00:00:00'::timestamp(0) without time zone))"}]}, {"Node Type": "Hash", "Parent Relationship": "Inner", "Startup Cost": 3283.0, "Total Cost": 3283.0, "Plan Rows": 100000, "Plan Width": 12, "Plans": [{"Node Type": "Seq Scan", "Parent Relationship": "Outer", "Relation Name": "supplier", "Alias": "supplier", "Startup Cost": 0.0, "Total Cost": 3283.0, "Plan Rows": 100000, "Plan Width": 12}]}]}, {"Node Type": "Index Scan", "Parent Relationship": "Inner", "Scan Direction": "Forward", "Index Name": "customer_pkey", "Relation Name": "customer", "Alias": "customer", "Startup Cost": 0.0, "Total Cost": 0.31, "Plan Rows": 1, "Plan Width": 12, "Index Cond": "(c_custkey = orders.o_custkey)"}]}, {"Node Type": "Hash", "Parent Relationship": "Inner", "Startup Cost": 1.25, "Total Cost": 1.25, "Plan Rows": 25, "Plan Width": 8, "Plans": [{"Node Type": "Seq Scan", "Parent Relationship": "Outer", "Relation Name": "nation", "Alias": "n1", "Startup Cost": 0.0, "Total Cost": 1.25, "Plan Rows": 25, "Plan Width": 8}]}]}]}, {"Node Type": "Hash", "Parent Relationship": "Inner", "Startup Cost": 1.25, "Total Cost": 1.25, "Plan Rows": 25, "Plan Width": 30, "Plans": [{"Node Type": "Seq Scan", "Parent Relationship": "Outer", "Relation Name": "nation", "Alias": "n2", "Startup Cost": 0.0, "Total Cost": 1.25, "Plan Rows": 25, "Plan Width": 30}]}]}]}]}, "Unique SQL Id": 3681808042, "Planner Runtime": 5}, "explain_analyze_plan": {"Plan": {"Node Type": "Sort", "Startup Cost": 486630.31, "Total Cost": 486630.33, "Plan Rows": 10, "Plan Width": 66, "Actual Startup Time": 6657.822, "Actual Total Time": 6657.822, "Actual Rows": 2, "Actual Loops": 1, "Sort Key": ["(date_part('year'::text, orders.o_orderdate))"], "Sort Method": "quicksort", "Sort Space Used": 25, "Sort Space Type": "Memory", "Plans": [{"Node Type": "Aggregate", "Strategy": "Hashed", "Parent Relationship": "Outer", "Startup Cost": 486629.99, "Total Cost": 486630.14, "Plan Rows": 10, "Plan Width": 66, "Actual Startup Time": 6657.801, "Actual Total Time": 6657.801, "Actual Rows": 2, "Actual Loops": 1, "Group By Key": ["date_part('year'::text, orders.o_orderdate)"], "Plans": [{"Node Type": "Hash Join", "Parent Relationship": "Outer", "Join Type": "Inner", "Startup Cost": 4536.12, "Total Cost": 486510.17, "Plan Rows": 5991, "Plan Width": 50, "Actual Startup Time": 63.991, "Actual Total Time": 6619.798, "Actual Rows": 23929, "Actual Loops": 1, "Inner Unique": true, "Hash Cond": "(supplier.s_nationkey = n2.n_nationkey)", "Plans": [{"Node Type": "Nested Loop", "Parent Relationship": "Outer", "Join Type": "Inner", "Startup Cost": 4534.56, "Total Cost": 486417.81, "Plan Rows": 5991, "Plan Width": 28, "Actual Startup Time": 63.894, "Actual Total Time": 6584.866, "Actual Rows": 23929, "Actual Loops": 1, "Inner Unique": false, "Join Filter": "(n1.n_regionkey = region.r_regionkey)", "Rows Removed by Join Filter": 95836, "Plans": [{"Node Type": "Seq Scan", "Parent Relationship": "Outer", "Relation Name": "region", "Alias": "region", "Startup Cost": 0.0, "Total Cost": 1.06, "Plan Rows": 1, "Plan Width": 4, "Actual Startup Time": 0.01, "Actual Total Time": 0.014, "Actual Rows": 1, "Actual Loops": 1, "Filter": "(r_name = 'ASIA'::bpchar)", "Rows Removed by Filter": 4}, {"Node Type": "Hash Join", "Parent Relationship": "Inner", "Join Type": "Inner", "Startup Cost": 4534.56, "Total Cost": 486042.32, "Plan Rows": 29954, "Plan Width": 32, "Actual Startup Time": 63.701, "Actual Total Time": 6550.731, "Actual Rows": 119765, "Actual Loops": 1, "Inner Unique": true, "Hash Cond": "(customer.c_nationkey = n1.n_nationkey)", "Plans": [{"Node Type": "Nested Loop", "Parent Relationship": "Outer", "Join Type": "Inner", "Startup Cost": 4533.0, "Total Cost": 485661.65, "Plan Rows": 29954, "Plan Width": 32, "Actual Startup Time": 63.645, "Actual Total Time": 6479.463, "Actual Rows": 119765, "Actual Loops": 1, "Inner Unique": true, "Plans": [{"Node Type": "Hash Join", "Parent Relationship": "Outer", "Join Type": "Inner", "Startup Cost": 4533.0, "Total Cost": 469409.78, "Plan Rows": 51198, "Plan Width": 36, "Actual Startup Time": 63.597, "Actual Total Time": 5532.269, "Actual Rows": 119765, "Actual Loops": 1, "Inner Unique": true, "Hash Cond": "(lineitem.l_suppkey = supplier.s_suppkey)", "Plans": [{"Node Type": "Nested Loop", "Parent Relationship": "Outer", "Join Type": "Inner", "Startup Cost": 0.0, "Total Cost": 464497.44, "Plan Rows": 86479, "Plan Width": 40, "Actual Startup Time": 0.138, "Actual Total Time": 5382.924, "Actual Rows": 119765, "Actual Loops": 1, "Inner Unique": true, "Plans": [{"Node Type": "Nested Loop", "Parent Relationship": "Outer", "Join Type": "Inner", "Startup Cost": 0.0, "Total Cost": 441564.57, "Plan Rows": 74637, "Plan Width": 32, "Actual Startup Time": 0.036, "Actual Total Time": 1994.019, "Actual Rows": 395341, "Actual Loops": 1, "Inner Unique": false, "Plans": [{"Node Type": "Seq Scan", "Parent Relationship": "Outer", "Relation Name": "part", "Alias": "part", "Startup Cost": 0.0, "Total Cost": 66944.0, "Plan Rows": 13538, "Plan Width": 8, "Actual Startup Time": 0.014, "Actual Total Time": 761.161, "Actual Rows": 13163, "Actual Loops": 1, "Filter": "((p_type)::text = 'SMALL PLATED COPPER'::text)", "Rows Removed by Filter": 1986837}, {"Node Type": "Index Scan", "Parent Relationship": "Inner", "Scan Direction": "Forward", "Index Name": "idx_lineitem_part_supp", "Relation Name": "lineitem", "Alias": "lineitem", "Startup Cost": 0.0, "Total Cost": 27.61, "Plan Rows": 6, "Plan Width": 40, "Actual Startup Time": 155.365, "Actual Total Time": 1131.429, "Actual Rows": 395341, "Actual Loops": 13163, "Index Cond": "(l_partkey = part.p_partkey)", "Rows Removed by Index Recheck": 0}]}, {"Node Type": "Index Scan", "Parent Relationship": "Inner", "Scan Direction": "Forward", "Index Name": "orders_pkey", "Relation Name": "orders", "Alias": "orders", "Startup Cost": 0.0, "Total Cost": 0.3, "Plan Rows": 1, "Plan Width": 24, "Actual Startup Time": 3151.57, "Actual Total Time": 3151.57, "Actual Rows": 119765, "Actual Loops": 395341, "Index Cond": "(o_orderkey = lineitem.l_orderkey)", "Rows Removed by Index Recheck": 0, "Filter": "((o_orderdate >= '1995-01-01 00:00:00'::timestamp(0) without time zone) AND (o_orderdate <= '1996-12-31 00:00:00'::timestamp(0) without time zone))", "Rows Removed by Filter": 275576}]}, {"Node Type": "Hash", "Parent Relationship": "Inner", "Startup Cost": 3283.0, "Total Cost": 3283.0, "Plan Rows": 100000, "Plan Width": 12, "Actual Startup Time": 63.334, "Actual Total Time": 63.334, "Actual Rows": 100000, "Actual Loops": 1, "Hash Buckets": 131072, "Hash Batches": 1, "Original Hash Batches": 1, "Peak Memory Usage": 4297, "Plans": [{"Node Type": "Seq Scan", "Parent Relationship": "Outer", "Relation Name": "supplier", "Alias": "supplier", "Startup Cost": 0.0, "Total Cost": 3283.0, "Plan Rows": 100000, "Plan Width": 12, "Actual Startup Time": 0.012, "Actual Total Time": 36.132, "Actual Rows": 100000, "Actual Loops": 1}]}]}, {"Node Type": "Index Scan", "Parent Relationship": "Inner", "Scan Direction": "Forward", "Index Name": "customer_pkey", "Relation Name": "customer", "Alias": "customer", "Startup Cost": 0.0, "Total Cost": 0.31, "Plan Rows": 1, "Plan Width": 12, "Actual Startup Time": 838.481, "Actual Total Time": 838.481, "Actual Rows": 119765, "Actual Loops": 119765, "Index Cond": "(c_custkey = orders.o_custkey)", "Rows Removed by Index Recheck": 0}]}, {"Node Type": "Hash", "Parent Relationship": "Inner", "Startup Cost": 1.25, "Total Cost": 1.25, "Plan Rows": 25, "Plan Width": 8, "Actual Startup Time": 0.02, "Actual Total Time": 0.02, "Actual Rows": 25, "Actual Loops": 1, "Hash Buckets": 32768, "Hash Batches": 1, "Original Hash Batches": 1, "Peak Memory Usage": 1, "Plans": [{"Node Type": "Seq Scan", "Parent Relationship": "Outer", "Relation Name": "nation", "Alias": "n1", "Startup Cost": 0.0, "Total Cost": 1.25, "Plan Rows": 25, "Plan Width": 8, "Actual Startup Time": 0.007, "Actual Total Time": 0.012, "Actual Rows": 25, "Actual Loops": 1}]}]}]}, {"Node Type": "Hash", "Parent Relationship": "Inner", "Startup Cost": 1.25, "Total Cost": 1.25, "Plan Rows": 25, "Plan Width": 30, "Actual Startup Time": 0.04, "Actual Total Time": 0.04, "Actual Rows": 25, "Actual Loops": 1, "Hash Buckets": 32768, "Hash Batches": 1, "Original Hash Batches": 1, "Peak Memory Usage": 2, "Plans": [{"Node Type": "Seq Scan", "Parent Relationship": "Outer", "Relation Name": "nation", "Alias": "n2", "Startup Cost": 0.0, "Total Cost": 1.25, "Plan Rows": 25, "Plan Width": 30, "Actual Startup Time": 0.019, "Actual Total Time": 0.025, "Actual Rows": 25, "Actual Loops": 1}]}]}]}]}, "Triggers": [], "Planner Runtime": 5, "Total Runtime": 6658.228, "Unique SQL Id": 3681808042}}, "(16, 33)": {"explain_plan": {"Plan": {"Node Type": "Sort", "Startup Cost": 527575.13, "Total Cost": 527575.15, "Plan Rows": 10, "Plan Width": 66, "Sort Key": ["(date_part('year'::text, orders.o_orderdate))"], "Plans": [{"Node Type": "Aggregate", "Strategy": "Hashed", "Parent Relationship": "Outer", "Startup Cost": 527574.81, "Total Cost": 527574.96, "Plan Rows": 10, "Plan Width": 66, "Group By Key": ["date_part('year'::text, orders.o_orderdate)"], "Plans": [{"Node Type": "Hash Join", "Parent Relationship": "Outer", "Join Type": "Inner", "Startup Cost": 6610.42, "Total Cost": 527454.99, "Plan Rows": 5991, "Plan Width": 50, "Inner Unique": true, "Hash Cond": "(supplier.s_nationkey = n2.n_nationkey)", "Plans": [{"Node Type": "Nested Loop", "Parent Relationship": "Outer", "Join Type": "Inner", "Startup Cost": 6597.48, "Total Cost": 527351.25, "Plan Rows": 5991, "Plan Width": 28, "Inner Unique": false, "Join Filter": "(n1.n_regionkey = region.r_regionkey)", "Plans": [{"Node Type": "Index Scan", "Parent Relationship": "Outer", "Scan Direction": "Forward", "Index Name": "region_pkey", "Relation Name": "region", "Alias": "region", "Startup Cost": 0.0, "Total Cost": 12.34, "Plan Rows": 1, "Plan Width": 4, "Filter": "(r_name = 'ASIA'::bpchar)"}, {"Node Type": "Hash Join", "Parent Relationship": "Inner", "Join Type": "Inner", "Startup Cost": 6597.48, "Total Cost": 526964.49, "Plan Rows": 29954, "Plan Width": 32, "Inner Unique": true, "Hash Cond": "(customer.c_nationkey = n1.n_nationkey)", "Plans": [{"Node Type": "Nested Loop", "Parent Relationship": "Outer", "Join Type": "Inner", "Startup Cost": 6584.54, "Total Cost": 526572.45, "Plan Rows": 29954, "Plan Width": 32, "Inner Unique": true, "Plans": [{"Node Type": "Hash Join", "Parent Relationship": "Outer", "Join Type": "Inner", "Startup Cost": 6584.54, "Total Cost": 510320.57, "Plan Rows": 51198, "Plan Width": 36, "Inner Unique": true, "Hash Cond": "(lineitem.l_suppkey = supplier.s_suppkey)", "Plans": [{"Node Type": "Nested Loop", "Parent Relationship": "Outer", "Join Type": "Inner", "Startup Cost": 0.0, "Total Cost": 503356.69, "Plan Rows": 86479, "Plan Width": 40, "Inner Unique": true, "Plans": [{"Node Type": "Nested Loop", "Parent Relationship": "Outer", "Join Type": "Inner", "Startup Cost": 0.0, "Total Cost": 480423.82, "Plan Rows": 74637, "Plan Width": 32, "Inner Unique": false, "Plans": [{"Node Type": "Index Scan", "Parent Relationship": "Outer", "Scan Direction": "Forward", "Index Name": "part_kpey", "Relation Name": "part", "Alias": "part", "Startup Cost": 0.0, "Total Cost": 105803.25, "Plan Rows": 13538, "Plan Width": 8, "Filter": "((p_type)::text = 'SMALL PLATED COPPER'::text)"}, {"Node Type": "Index Scan", "Parent Relationship": "Inner", "Scan Direction": "Forward", "Index Name": "idx_lineitem_part_supp", "Relation Name": "lineitem", "Alias": "lineitem", "Startup Cost": 0.0, "Total Cost": 27.61, "Plan Rows": 6, "Plan Width": 40, "Index Cond": "(l_partkey = part.p_partkey)"}]}, {"Node Type": "Index Scan", "Parent Relationship": "Inner", "Scan Direction": "Forward", "Index Name": "orders_pkey", "Relation Name": "orders", "Alias": "orders", "Startup Cost": 0.0, "Total Cost": 0.3, "Plan Rows": 1, "Plan Width": 24, "Index Cond": "(o_orderkey = lineitem.l_orderkey)", "Filter": "((o_orderdate >= '1995-01-01 00:00:00'::timestamp(0) without time zone) AND (o_orderdate <= '1996-12-31 00:00:00'::timestamp(0) without time zone))"}]}, {"Node Type": "Hash", "Parent Relationship": "Inner", "Startup Cost": 5334.54, "Total Cost": 5334.54, "Plan Rows": 100000, "Plan Width": 12, "Plans": [{"Node Type": "Index Scan", "Parent Relationship": "Outer", "Scan Direction": "Forward", "Index Name": "supplier_pkey", "Relation Name": "supplier", "Alias": "supplier", "Startup Cost": 0.0, "Total Cost": 5334.54, "Plan Rows": 100000, "Plan Width": 12}]}]}, {"Node Type": "Index Scan", "Parent Relationship": "Inner", "Scan Direction": "Forward", "Index Name": "customer_pkey", "Relation Name": "customer", "Alias": "customer", "Startup Cost": 0.0, "Total Cost": 0.31, "Plan Rows": 1, "Plan Width": 12, "Index Cond": "(c_custkey = orders.o_custkey)"}]}, {"Node Type": "Hash", "Parent Relationship": "Inner", "Startup Cost": 12.62, "Total Cost": 12.62, "Plan Rows": 25, "Plan Width": 8, "Plans": [{"Node Type": "Index Scan", "Parent Relationship": "Outer", "Scan Direction": "Forward", "Index Name": "idx_nation_regionkey", "Relation Name": "nation", "Alias": "n1", "Startup Cost": 0.0, "Total Cost": 12.62, "Plan Rows": 25, "Plan Width": 8}]}]}]}, {"Node Type": "Hash", "Parent Relationship": "Inner", "Startup Cost": 12.62, "Total Cost": 12.62, "Plan Rows": 25, "Plan Width": 30, "Plans": [{"Node Type": "Index Scan", "Parent Relationship": "Outer", "Scan Direction": "Forward", "Index Name": "nation_pkey", "Relation Name": "nation", "Alias": "n2", "Startup Cost": 0.0, "Total Cost": 12.62, "Plan Rows": 25, "Plan Width": 30}]}]}]}]}, "Unique SQL Id": 3681808042, "Planner Runtime": 4}, "explain_analyze_plan": {"Plan": {"Node Type": "Sort", "Startup Cost": 527575.13, "Total Cost": 527575.15, "Plan Rows": 10, "Plan Width": 66, "Actual Startup Time": 7423.557, "Actual Total Time": 7423.558, "Actual Rows": 2, "Actual Loops": 1, "Sort Key": ["(date_part('year'::text, orders.o_orderdate))"], "Sort Method": "quicksort", "Sort Space Used": 25, "Sort Space Type": "Memory", "Plans": [{"Node Type": "Aggregate", "Strategy": "Hashed", "Parent Relationship": "Outer", "Startup Cost": 527574.81, "Total Cost": 527574.96, "Plan Rows": 10, "Plan Width": 66, "Actual Startup Time": 7423.523, "Actual Total Time": 7423.524, "Actual Rows": 2, "Actual Loops": 1, "Group By Key": ["date_part('year'::text, orders.o_orderdate)"], "Plans": [{"Node Type": "Hash Join", "Parent Relationship": "Outer", "Join Type": "Inner", "Startup Cost": 6610.42, "Total Cost": 527454.99, "Plan Rows": 5991, "Plan Width": 50, "Actual Startup Time": 97.403, "Actual Total Time": 7385.928, "Actual Rows": 23929, "Actual Loops": 1, "Inner Unique": true, "Hash Cond": "(supplier.s_nationkey = n2.n_nationkey)", "Plans": [{"Node Type": "Nested Loop", "Parent Relationship": "Outer", "Join Type": "Inner", "Startup Cost": 6597.48, "Total Cost": 527351.25, "Plan Rows": 5991, "Plan Width": 28, "Actual Startup Time": 97.231, "Actual Total Time": 7349.016, "Actual Rows": 23929, "Actual Loops": 1, "Inner Unique": false, "Join Filter": "(n1.n_regionkey = region.r_regionkey)", "Rows Removed by Join Filter": 95836, "Plans": [{"Node Type": "Index Scan", "Parent Relationship": "Outer", "Scan Direction": "Forward", "Index Name": "region_pkey", "Relation Name": "region", "Alias": "region", "Startup Cost": 0.0, "Total Cost": 12.34, "Plan Rows": 1, "Plan Width": 4, "Actual Startup Time": 0.024, "Actual Total Time": 0.142, "Actual Rows": 1, "Actual Loops": 1, "Filter": "(r_name = 'ASIA'::bpchar)", "Rows Removed by Filter": 4}, {"Node Type": "Hash Join", "Parent Relationship": "Inner", "Join Type": "Inner", "Startup Cost": 6597.48, "Total Cost": 526964.49, "Plan Rows": 29954, "Plan Width": 32, "Actual Startup Time": 97.012, "Actual Total Time": 7313.861, "Actual Rows": 119765, "Actual Loops": 1, "Inner Unique": true, "Hash Cond": "(customer.c_nationkey = n1.n_nationkey)", "Plans": [{"Node Type": "Nested Loop", "Parent Relationship": "Outer", "Join Type": "Inner", "Startup Cost": 6584.54, "Total Cost": 526572.45, "Plan Rows": 29954, "Plan Width": 32, "Actual Startup Time": 96.932, "Actual Total Time": 7244.756, "Actual Rows": 119765, "Actual Loops": 1, "Inner Unique": true, "Plans": [{"Node Type": "Hash Join", "Parent Relationship": "Outer", "Join Type": "Inner", "Startup Cost": 6584.54, "Total Cost": 510320.57, "Plan Rows": 51198, "Plan Width": 36, "Actual Startup Time": 96.902, "Actual Total Time": 6278.594, "Actual Rows": 119765, "Actual Loops": 1, "Inner Unique": true, "Hash Cond": "(lineitem.l_suppkey = supplier.s_suppkey)", "Plans": [{"Node Type": "Nested Loop", "Parent Relationship": "Outer", "Join Type": "Inner", "Startup Cost": 0.0, "Total Cost": 503356.69, "Plan Rows": 86479, "Plan Width": 40, "Actual Startup Time": 0.214, "Actual Total Time": 6094.059, "Actual Rows": 119765, "Actual Loops": 1, "Inner Unique": true, "Plans": [{"Node Type": "Nested Loop", "Parent Relationship": "Outer", "Join Type": "Inner", "Startup Cost": 0.0, "Total Cost": 480423.82, "Plan Rows": 74637, "Plan Width": 32, "Actual Startup Time": 0.077, "Actual Total Time": 2630.429, "Actual Rows": 395341, "Actual Loops": 1, "Inner Unique": false, "Plans": [{"Node Type": "Index Scan", "Parent Relationship": "Outer", "Scan Direction": "Forward", "Index Name": "part_kpey", "Relation Name": "part", "Alias": "part", "Startup Cost": 0.0, "Total Cost": 105803.25, "Plan Rows": 13538, "Plan Width": 8, "Actual Startup Time": 0.044, "Actual Total Time": 1377.295, "Actual Rows": 13163, "Actual Loops": 1, "Filter": "((p_type)::text = 'SMALL PLATED COPPER'::text)", "Rows Removed by Filter": 1986837}, {"Node Type": "Index Scan", "Parent Relationship": "Inner", "Scan Direction": "Forward", "Index Name": "idx_lineitem_part_supp", "Relation Name": "lineitem", "Alias": "lineitem", "Startup Cost": 0.0, "Total Cost": 27.61, "Plan Rows": 6, "Plan Width": 40, "Actual Startup Time": 157.831, "Actual Total Time": 1151.374, "Actual Rows": 395341, "Actual Loops": 13163, "Index Cond": "(l_partkey = part.p_partkey)", "Rows Removed by Index Recheck": 0}]}, {"Node Type": "Index Scan", "Parent Relationship": "Inner", "Scan Direction": "Forward", "Index Name": "orders_pkey", "Relation Name": "orders", "Alias": "orders", "Startup Cost": 0.0, "Total Cost": 0.3, "Plan Rows": 1, "Plan Width": 24, "Actual Startup Time": 3221.518, "Actual Total Time": 3221.518, "Actual Rows": 119765, "Actual Loops": 395341, "Index Cond": "(o_orderkey = lineitem.l_orderkey)", "Rows Removed by Index Recheck": 0, "Filter": "((o_orderdate >= '1995-01-01 00:00:00'::timestamp(0) without time zone) AND (o_orderdate <= '1996-12-31 00:00:00'::timestamp(0) without time zone))", "Rows Removed by Filter": 275576}]}, {"Node Type": "Hash", "Parent Relationship": "Inner", "Startup Cost": 5334.54, "Total Cost": 5334.54, "Plan Rows": 100000, "Plan Width": 12, "Actual Startup Time": 96.559, "Actual Total Time": 96.559, "Actual Rows": 100000, "Actual Loops": 1, "Hash Buckets": 131072, "Hash Batches": 1, "Original Hash Batches": 1, "Peak Memory Usage": 4297, "Plans": [{"Node Type": "Index Scan", "Parent Relationship": "Outer", "Scan Direction": "Forward", "Index Name": "supplier_pkey", "Relation Name": "supplier", "Alias": "supplier", "Startup Cost": 0.0, "Total Cost": 5334.54, "Plan Rows": 100000, "Plan Width": 12, "Actual Startup Time": 0.026, "Actual Total Time": 69.134, "Actual Rows": 100000, "Actual Loops": 1}]}]}, {"Node Type": "Index Scan", "Parent Relationship": "Inner", "Scan Direction": "Forward", "Index Name": "customer_pkey", "Relation Name": "customer", "Alias": "customer", "Startup Cost": 0.0, "Total Cost": 0.31, "Plan Rows": 1, "Plan Width": 12, "Actual Startup Time": 855.847, "Actual Total Time": 855.847, "Actual Rows": 119765, "Actual Loops": 119765, "Index Cond": "(c_custkey = orders.o_custkey)", "Rows Removed by Index Recheck": 0}]}, {"Node Type": "Hash", "Parent Relationship": "Inner", "Startup Cost": 12.62, "Total Cost": 12.62, "Plan Rows": 25, "Plan Width": 8, "Actual Startup Time": 0.03, "Actual Total Time": 0.03, "Actual Rows": 25, "Actual Loops": 1, "Hash Buckets": 32768, "Hash Batches": 1, "Original Hash Batches": 1, "Peak Memory Usage": 1, "Plans": [{"Node Type": "Index Scan", "Parent Relationship": "Outer", "Scan Direction": "Forward", "Index Name": "idx_nation_regionkey", "Relation Name": "nation", "Alias": "n1", "Startup Cost": 0.0, "Total Cost": 12.62, "Plan Rows": 25, "Plan Width": 8, "Actual Startup Time": 0.009, "Actual Total Time": 0.02, "Actual Rows": 25, "Actual Loops": 1}]}]}]}, {"Node Type": "Hash", "Parent Relationship": "Inner", "Startup Cost": 12.62, "Total Cost": 12.62, "Plan Rows": 25, "Plan Width": 30, "Actual Startup Time": 0.08, "Actual Total Time": 0.08, "Actual Rows": 25, "Actual Loops": 1, "Hash Buckets": 32768, "Hash Batches": 1, "Original Hash Batches": 1, "Peak Memory Usage": 2, "Plans": [{"Node Type": "Index Scan", "Parent Relationship": "Outer", "Scan Direction": "Forward", "Index Name": "nation_pkey", "Relation Name": "nation", "Alias": "n2", "Startup Cost": 0.0, "Total Cost": 12.62, "Plan Rows": 25, "Plan Width": 30, "Actual Startup Time": 0.04, "Actual Total Time": 0.061, "Actual Rows": 25, "Actual Loops": 1}]}]}]}]}, "Triggers": [], "Planner Runtime": 4, "Total Runtime": 7424.152, "Unique SQL Id": 3681808042}}, "(16, 34)": {"explain_plan": {"Plan": {"Node Type": "Sort", "Startup Cost": 818733.87, "Total Cost": 818733.89, "Plan Rows": 10, "Plan Width": 66, "Sort Key": ["(date_part('year'::text, orders.o_orderdate))"], "Plans": [{"Node Type": "Aggregate", "Strategy": "Hashed", "Parent Relationship": "Outer", "Startup Cost": 818733.55, "Total Cost": 818733.7, "Plan Rows": 10, "Plan Width": 66, "Group By Key": ["date_part('year'::text, orders.o_orderdate)"], "Plans": [{"Node Type": "Nested Loop", "Parent Relationship": "Outer", "Join Type": "Inner", "Startup Cost": 45452.32, "Total Cost": 818613.73, "Plan Rows": 5991, "Plan Width": 50, "Inner Unique": true, "Join Filter": "(supplier.s_nationkey = n2.n_nationkey)", "Plans": [{"Node Type": "Hash Join", "Parent Relationship": "Outer", "Join Type": "Inner", "Startup Cost": 45452.32, "Total Cost": 816350.82, "Plan Rows": 5991, "Plan Width": 28, "Inner Unique": false, "Hash Cond": "(orders.o_custkey = customer.c_custkey)", "Plans": [{"Node Type": "Hash Join", "Parent Relationship": "Outer", "Join Type": "Inner", "Startup Cost": 4537.47, "Total Cost": 775184.07, "Plan Rows": 51198, "Plan Width": 36, "Inner Unique": true, "Hash Cond": "(lineitem.l_suppkey = supplier.s_suppkey)", "Plans": [{"Node Type": "Nested Loop", "Parent Relationship": "Outer", "Join Type": "Inner", "Startup Cost": 4.47, "Total Cost": 770271.73, "Plan Rows": 86479, "Plan Width": 40, "Inner Unique": true, "Plans": [{"Node Type": "Nested Loop", "Parent Relationship": "Outer", "Join Type": "Inner", "Startup Cost": 4.21, "Total Cost": 450147.9, "Plan Rows": 74637, "Plan Width": 32, "Inner Unique": false, "Plans": [{"Node Type": "Seq Scan", "Parent Relationship": "Outer", "Relation Name": "part", "Alias": "part", "Startup Cost": 0.0, "Total Cost": 66944.0, "Plan Rows": 13538, "Plan Width": 8, "Filter": "((p_type)::text = 'SMALL PLATED COPPER'::text)"}, {"Node Type": "Bitmap Heap Scan", "Parent Relationship": "Inner", "Relation Name": "lineitem", "Alias": "lineitem", "Startup Cost": 4.21, "Total Cost": 28.25, "Plan Rows": 6, "Plan Width": 40, "Recheck Cond": "(l_partkey = part.p_partkey)", "Plans": [{"Node Type": "Bitmap Index Scan", "Parent Relationship": "Outer", "Index Name": "idx_lineitem_part_supp", "Startup Cost": 0.0, "Total Cost": 4.21, "Plan Rows": 6, "Plan Width": 0, "Index Cond": "(l_partkey = part.p_partkey)"}]}]}, {"Node Type": "Bitmap Heap Scan", "Parent Relationship": "Inner", "Relation Name": "orders", "Alias": "orders", "Startup Cost": 0.26, "Total Cost": 4.28, "Plan Rows": 1, "Plan Width": 24, "Recheck Cond": "(o_orderkey = lineitem.l_orderkey)", "Filter": "((o_orderdate >= '1995-01-01 00:00:00'::timestamp(0) without time zone) AND (o_orderdate <= '1996-12-31 00:00:00'::timestamp(0) without time zone))", "Plans": [{"Node Type": "Bitmap Index Scan", "Parent Relationship": "Outer", "Index Name": "orders_pkey", "Startup Cost": 0.0, "Total Cost": 0.26, "Plan Rows": 1, "Plan Width": 0, "Index Cond": "(o_orderkey = lineitem.l_orderkey)"}]}]}, {"Node Type": "Hash", "Parent Relationship": "Inner", "Startup Cost": 3283.0, "Total Cost": 3283.0, "Plan Rows": 100000, "Plan Width": 12, "Plans": [{"Node Type": "Seq Scan", "Parent Relationship": "Outer", "Relation Name": "supplier", "Alias": "supplier", "Startup Cost": 0.0, "Total Cost": 3283.0, "Plan Rows": 100000, "Plan Width": 12}]}]}, {"Node Type": "Hash", "Parent Relationship": "Inner", "Startup Cost": 37164.85, "Total Cost": 37164.85, "Plan Rows": 300000, "Plan Width": 8, "Plans": [{"Node Type": "Nested Loop", "Parent Relationship": "Outer", "Join Type": "Inner", "Startup Cost": 1031.44, "Total Cost": 37164.85, "Plan Rows": 300000, "Plan Width": 8, "Inner Unique": false, "Plans": [{"Node Type": "Hash Join", "Parent Relationship": "Outer", "Join Type": "Inner", "Startup Cost": 1.07, "Total Cost": 2.44, "Plan Rows": 5, "Plan Width": 4, "Inner Unique": true, "Hash Cond": "(n1.n_regionkey = region.r_regionkey)", "Plans": [{"Node Type": "Seq Scan", "Parent Relationship": "Outer", "Relation Name": "nation", "Alias": "n1", "Startup Cost": 0.0, "Total Cost": 1.25, "Plan Rows": 25, "Plan Width": 8}, {"Node Type": "Hash", "Parent Relationship": "Inner", "Startup Cost": 1.06, "Total Cost": 1.06, "Plan Rows": 1, "Plan Width": 4, "Plans": [{"Node Type": "Seq Scan", "Parent Relationship": "Outer", "Relation Name": "region", "Alias": "region", "Startup Cost": 0.0, "Total Cost": 1.06, "Plan Rows": 1, "Plan Width": 4, "Filter": "(r_name = 'ASIA'::bpchar)"}]}]}, {"Node Type": "Bitmap Heap Scan", "Parent Relationship": "Inner", "Relation Name": "customer", "Alias": "customer", "Startup Cost": 1030.37, "Total Cost": 6832.48, "Plan Rows": 60000, "Plan Width": 12, "Recheck Cond": "(c_nationkey = n1.n_nationkey)", "Plans": [{"Node Type": "Bitmap Index Scan", "Parent Relationship": "Outer", "Index Name": "idx_customer_nationkey", "Startup Cost": 0.0, "Total Cost": 1015.37, "Plan Rows": 60000, "Plan Width": 0, "Index Cond": "(c_nationkey = n1.n_nationkey)"}]}]}]}]}, {"Node Type": "Materialize", "Parent Relationship": "Inner", "Startup Cost": 0.0, "Total Cost": 1.38, "Plan Rows": 25, "Plan Width": 30, "Plans": [{"Node Type": "Seq Scan", "Parent Relationship": "Outer", "Relation Name": "nation", "Alias": "n2", "Startup Cost": 0.0, "Total Cost": 1.25, "Plan Rows": 25, "Plan Width": 30}]}]}]}]}, "Unique SQL Id": 3681808042, "Planner Runtime": 6}, "explain_analyze_plan": {"Plan": {"Node Type": "Sort", "Startup Cost": 818733.87, "Total Cost": 818733.89, "Plan Rows": 10, "Plan Width": 66, "Actual Startup Time": 7454.097, "Actual Total Time": 7454.098, "Actual Rows": 2, "Actual Loops": 1, "Sort Key": ["(date_part('year'::text, orders.o_orderdate))"], "Sort Method": "quicksort", "Sort Space Used": 25, "Sort Space Type": "Memory", "Plans": [{"Node Type": "Aggregate", "Strategy": "Hashed", "Parent Relationship": "Outer", "Startup Cost": 818733.55, "Total Cost": 818733.7, "Plan Rows": 10, "Plan Width": 66, "Actual Startup Time": 7454.051, "Actual Total Time": 7454.06, "Actual Rows": 2, "Actual Loops": 1, "Group By Key": ["date_part('year'::text, orders.o_orderdate)"], "Plans": [{"Node Type": "Nested Loop", "Parent Relationship": "Outer", "Join Type": "Inner", "Startup Cost": 45452.32, "Total Cost": 818613.73, "Plan Rows": 5991, "Plan Width": 50, "Actual Startup Time": 772.313, "Actual Total Time": 7413.286, "Actual Rows": 23929, "Actual Loops": 1, "Inner Unique": true, "Join Filter": "(supplier.s_nationkey = n2.n_nationkey)", "Rows Removed by Join Filter": 288173, "Plans": [{"Node Type": "Hash Join", "Parent Relationship": "Outer", "Join Type": "Inner", "Startup Cost": 45452.32, "Total Cost": 816350.82, "Plan Rows": 5991, "Plan Width": 28, "Actual Startup Time": 772.257, "Actual Total Time": 7291.072, "Actual Rows": 23929, "Actual Loops": 1, "Inner Unique": false, "Hash Cond": "(orders.o_custkey = customer.c_custkey)", "Plans": [{"Node Type": "Hash Join", "Parent Relationship": "Outer", "Join Type": "Inner", "Startup Cost": 4537.47, "Total Cost": 775184.07, "Plan Rows": 51198, "Plan Width": 36, "Actual Startup Time": 64.234, "Actual Total Time": 6502.347, "Actual Rows": 119765, "Actual Loops": 1, "Inner Unique": true, "Hash Cond": "(lineitem.l_suppkey = supplier.s_suppkey)", "Plans": [{"Node Type": "Nested Loop", "Parent Relationship": "Outer", "Join Type": "Inner", "Startup Cost": 4.47, "Total Cost": 770271.73, "Plan Rows": 86479, "Plan Width": 40, "Actual Startup Time": 0.146, "Actual Total Time": 6345.996, "Actual Rows": 119765, "Actual Loops": 1, "Inner Unique": true, "Plans": [{"Node Type": "Nested Loop", "Parent Relationship": "Outer", "Join Type": "Inner", "Startup Cost": 4.21, "Total Cost": 450147.9, "Plan Rows": 74637, "Plan Width": 32, "Actual Startup Time": 0.087, "Actual Total Time": 2263.022, "Actual Rows": 395341, "Actual Loops": 1, "Inner Unique": false, "Plans": [{"Node Type": "Seq Scan", "Parent Relationship": "Outer", "Relation Name": "part", "Alias": "part", "Startup Cost": 0.0, "Total Cost": 66944.0, "Plan Rows": 13538, "Plan Width": 8, "Actual Startup Time": 0.039, "Actual Total Time": 775.903, "Actual Rows": 13163, "Actual Loops": 1, "Filter": "((p_type)::text = 'SMALL PLATED COPPER'::text)", "Rows Removed by Filter": 1986837}, {"Node Type": "Bitmap Heap Scan", "Parent Relationship": "Inner", "Relation Name": "lineitem", "Alias": "lineitem", "Startup Cost": 4.21, "Total Cost": 28.25, "Plan Rows": 6, "Plan Width": 40, "Actual Startup Time": 265.701, "Actual Total Time": 1366.789, "Actual Rows": 395341, "Actual Loops": 13163, "Recheck Cond": "(l_partkey = part.p_partkey)", "Rows Removed by Index Recheck": 0, "Exact Heap Blocks": 395337, "Lossy Heap Blocks": 395337, "Plans": [{"Node Type": "Bitmap Index Scan", "Parent Relationship": "Outer", "Index Name": "idx_lineitem_part_supp", "Startup Cost": 0.0, "Total Cost": 4.21, "Plan Rows": 6, "Plan Width": 0, "Actual Startup Time": 168.578, "Actual Total Time": 168.578, "Actual Rows": 395341, "Actual Loops": 13163, "Index Cond": "(l_partkey = part.p_partkey)"}]}]}, {"Node Type": "Bitmap Heap Scan", "Parent Relationship": "Inner", "Relation Name": "orders", "Alias": "orders", "Startup Cost": 0.26, "Total Cost": 4.28, "Plan Rows": 1, "Plan Width": 24, "Actual Startup Time": 3600.993, "Actual Total Time": 3600.993, "Actual Rows": 119765, "Actual Loops": 395341, "Recheck Cond": "(o_orderkey = lineitem.l_orderkey)", "Rows Removed by Index Recheck": 0, "Filter": "((o_orderdate >= '1995-01-01 00:00:00'::timestamp(0) without time zone) AND (o_orderdate <= '1996-12-31 00:00:00'::timestamp(0) without time zone))", "Rows Removed by Filter": 275576, "Exact Heap Blocks": 395341, "Lossy Heap Blocks": 395341, "Plans": [{"Node Type": "Bitmap Index Scan", "Parent Relationship": "Outer", "Index Name": "orders_pkey", "Startup Cost": 0.0, "Total Cost": 0.26, "Plan Rows": 1, "Plan Width": 0, "Actual Startup Time": 2210.503, "Actual Total Time": 2210.503, "Actual Rows": 395341, "Actual Loops": 395341, "Index Cond": "(o_orderkey = lineitem.l_orderkey)"}]}]}, {"Node Type": "Hash", "Parent Relationship": "Inner", "Startup Cost": 3283.0, "Total Cost": 3283.0, "Plan Rows": 100000, "Plan Width": 12, "Actual Startup Time": 63.97, "Actual Total Time": 63.97, "Actual Rows": 100000, "Actual Loops": 1, "Hash Buckets": 131072, "Hash Batches": 1, "Original Hash Batches": 1, "Peak Memory Usage": 4297, "Plans": [{"Node Type": "Seq Scan", "Parent Relationship": "Outer", "Relation Name": "supplier", "Alias": "supplier", "Startup Cost": 0.0, "Total Cost": 3283.0, "Plan Rows": 100000, "Plan Width": 12, "Actual Startup Time": 0.009, "Actual Total Time": 36.461, "Actual Rows": 100000, "Actual Loops": 1}]}]}, {"Node Type": "Hash", "Parent Relationship": "Inner", "Startup Cost": 37164.85, "Total Cost": 37164.85, "Plan Rows": 300000, "Plan Width": 8, "Actual Startup Time": 707.576, "Actual Total Time": 707.576, "Actual Rows": 300270, "Actual Loops": 1, "Hash Buckets": 524288, "Hash Batches": 1, "Original Hash Batches": 1, "Peak Memory Usage": 11730, "Plans": [{"Node Type": "Nested Loop", "Parent Relationship": "Outer", "Join Type": "Inner", "Startup Cost": 1031.44, "Total Cost": 37164.85, "Plan Rows": 300000, "Plan Width": 8, "Actual Startup Time": 18.288, "Actual Total Time": 614.93, "Actual Rows": 300270, "Actual Loops": 1, "Inner Unique": false, "Plans": [{"Node Type": "Hash Join", "Parent Relationship": "Outer", "Join Type": "Inner", "Startup Cost": 1.07, "Total Cost": 2.44, "Plan Rows": 5, "Plan Width": 4, "Actual Startup Time": 0.078, "Actual Total Time": 0.16, "Actual Rows": 5, "Actual Loops": 1, "Inner Unique": true, "Hash Cond": "(n1.n_regionkey = region.r_regionkey)", "Plans": [{"Node Type": "Seq Scan", "Parent Relationship": "Outer", "Relation Name": "nation", "Alias": "n1", "Startup Cost": 0.0, "Total Cost": 1.25, "Plan Rows": 25, "Plan Width": 8, "Actual Startup Time": 0.021, "Actual Total Time": 0.043, "Actual Rows": 25, "Actual Loops": 1}, {"Node Type": "Hash", "Parent Relationship": "Inner", "Startup Cost": 1.06, "Total Cost": 1.06, "Plan Rows": 1, "Plan Width": 4, "Actual Startup Time": 0.018, "Actual Total Time": 0.018, "Actual Rows": 1, "Actual Loops": 1, "Hash Buckets": 32768, "Hash Batches": 1, "Original Hash Batches": 1, "Peak Memory Usage": 1, "Plans": [{"Node Type": "Seq Scan", "Parent Relationship": "Outer", "Relation Name": "region", "Alias": "region", "Startup Cost": 0.0, "Total Cost": 1.06, "Plan Rows": 1, "Plan Width": 4, "Actual Startup Time": 0.012, "Actual Total Time": 0.013, "Actual Rows": 1, "Actual Loops": 1, "Filter": "(r_name = 'ASIA'::bpchar)", "Rows Removed by Filter": 4}]}]}, {"Node Type": "Bitmap Heap Scan", "Parent Relationship": "Inner", "Relation Name": "customer", "Alias": "customer", "Startup Cost": 1030.37, "Total Cost": 6832.48, "Plan Rows": 60000, "Plan Width": 12, "Actual Startup Time": 97.989, "Actual Total Time": 555.861, "Actual Rows": 300270, "Actual Loops": 5, "Recheck Cond": "(c_nationkey = n1.n_nationkey)", "Rows Removed by Index Recheck": 0, "Exact Heap Blocks": 150032, "Lossy Heap Blocks": 150032, "Plans": [{"Node Type": "Bitmap Index Scan", "Parent Relationship": "Outer", "Index Name": "idx_customer_nationkey", "Startup Cost": 0.0, "Total Cost": 1015.37, "Plan Rows": 60000, "Plan Width": 0, "Actual Startup Time": 65.109, "Actual Total Time": 65.109, "Actual Rows": 300270, "Actual Loops": 5, "Index Cond": "(c_nationkey = n1.n_nationkey)"}]}]}]}]}, {"Node Type": "Materialize", "Parent Relationship": "Inner", "Startup Cost": 0.0, "Total Cost": 1.38, "Plan Rows": 25, "Plan Width": 30, "Actual Startup Time": 3.386, "Actual Total Time": 28.671, "Actual Rows": 312102, "Actual Loops": 23929, "Plans": [{"Node Type": "Seq Scan", "Parent Relationship": "Outer", "Relation Name": "nation", "Alias": "n2", "Startup Cost": 0.0, "Total Cost": 1.25, "Plan Rows": 25, "Plan Width": 30, "Actual Startup Time": 0.015, "Actual Total Time": 0.019, "Actual Rows": 25, "Actual Loops": 1}]}]}]}]}, "Triggers": [], "Planner Runtime": 6, "Total Runtime": 7454.653, "Unique SQL Id": 3681808042}}, "(16, 35)": {"explain_plan": {"Plan": {"Node Type": "Sort", "Startup Cost": 66661878.45, "Total Cost": 66661878.48, "Plan Rows": 10, "Plan Width": 66, "Sort Key": ["(date_part('year'::text, orders.o_orderdate))"], "Plans": [{"Node Type": "Aggregate", "Strategy": "Hashed", "Parent Relationship": "Outer", "Startup Cost": 66661878.14, "Total Cost": 66661878.29, "Plan Rows": 10, "Plan Width": 66, "Group By Key": ["date_part('year'::text, orders.o_orderdate)"], "Plans": [{"Node Type": "Nested Loop", "Parent Relationship": "Outer", "Join Type": "Inner", "Startup Cost": 115915.31, "Total Cost": 66661758.32, "Plan Rows": 5991, "Plan Width": 50, "Inner Unique": true, "Plans": [{"Node Type": "Nested Loop", "Parent Relationship": "Outer", "Join Type": "Inner", "Startup Cost": 115915.05, "Total Cost": 66636099.88, "Plan Rows": 5991, "Plan Width": 28, "Inner Unique": true, "Plans": [{"Node Type": "Nested Loop", "Parent Relationship": "Outer", "Join Type": "Inner", "Startup Cost": 115914.79, "Total Cost": 66562068.23, "Plan Rows": 17296, "Plan Width": 32, "Inner Unique": true, "Plans": [{"Node Type": "Nested Loop", "Parent Relationship": "Outer", "Join Type": "Inner", "Startup Cost": 115914.53, "Total Cost": 45938880.46, "Plan Rows": 4814867, "Plan Width": 40, "Inner Unique": false, "Plans": [{"Node Type": "Nested Loop", "Parent Relationship": "Outer", "Join Type": "Inner", "Startup Cost": 115914.01, "Total Cost": 43432501.27, "Plan Rows": 530296, "Plan Width": 16, "Inner Unique": true, "Plans": [{"Node Type": "Nested Loop", "Parent Relationship": "Outer", "Join Type": "Inner", "Startup Cost": 115913.43, "Total Cost": 31228406.3, "Plan Rows": 2651479, "Plan Width": 20, "Inner Unique": true, "Plans": [{"Node Type": "Nested Loop", "Parent Relationship": "Outer", "Join Type": "Inner", "Startup Cost": 115913.17, "Total Cost": 19879399.17, "Plan Rows": 2651479, "Plan Width": 20, "Inner Unique": true, "Plans": [{"Node Type": "Bitmap Heap Scan", "Parent Relationship": "Outer", "Relation Name": "orders", "Alias": "orders", "Startup Cost": 115912.91, "Total Cost": 460311.42, "Plan Rows": 4531967, "Plan Width": 24, "Recheck Cond": "((o_orderdate >= '1995-01-01 00:00:00'::timestamp(0) without time zone) AND (o_orderdate <= '1996-12-31 00:00:00'::timestamp(0) without time zone)), (LLVM Optimized)", "Plans": [{"Node Type": "Bitmap Index Scan", "Parent Relationship": "Outer", "Index Name": "idx_orders_orderdate", "Startup Cost": 0.0, "Total Cost": 114779.92, "Plan Rows": 4531967, "Plan Width": 0, "Index Cond": "((o_orderdate >= '1995-01-01 00:00:00'::timestamp(0) without time zone) AND (o_orderdate <= '1996-12-31 00:00:00'::timestamp(0) without time zone))"}]}, {"Node Type": "Bitmap Heap Scan", "Parent Relationship": "Inner", "Relation Name": "customer", "Alias": "customer", "Startup Cost": 0.26, "Total Cost": 4.27, "Plan Rows": 1, "Plan Width": 12, "Recheck Cond": "(c_custkey = orders.o_custkey)", "Plans": [{"Node Type": "Bitmap Index Scan", "Parent Relationship": "Outer", "Index Name": "customer_pkey", "Startup Cost": 0.0, "Total Cost": 0.26, "Plan Rows": 1, "Plan Width": 0, "Index Cond": "(c_custkey = orders.o_custkey)"}]}]}, {"Node Type": "Bitmap Heap Scan", "Parent Relationship": "Inner", "Relation Name": "nation", "Alias": "n1", "Startup Cost": 0.26, "Total Cost": 4.27, "Plan Rows": 1, "Plan Width": 8, "Recheck Cond": "(n_nationkey = customer.c_nationkey)", "Plans": [{"Node Type": "Bitmap Index Scan", "Parent Relationship": "Outer", "Index Name": "nation_pkey", "Startup Cost": 0.0, "Total Cost": 0.26, "Plan Rows": 1, "Plan Width": 0, "Index Cond": "(n_nationkey = customer.c_nationkey)"}]}]}, {"Node Type": "Bitmap Heap Scan", "Parent Relationship": "Inner", "Relation Name": "region", "Alias": "region", "Startup Cost": 0.58, "Total Cost": 4.59, "Plan Rows": 1, "Plan Width": 4, "Recheck Cond": "(r_regionkey = n1.n_regionkey)", "Filter": "(r_name = 'ASIA'::bpchar)", "Plans": [{"Node Type": "Bitmap Index Scan", "Parent Relationship": "Outer", "Index Name": "region_pkey", "Startup Cost": 0.0, "Total Cost": 0.58, "Plan Rows": 1, "Plan Width": 0, "Index Cond": "(r_regionkey = n1.n_regionkey)"}]}]}, {"Node Type": "Bitmap Heap Scan", "Parent Relationship": "Inner", "Relation Name": "lineitem", "Alias": "lineitem", "Startup Cost": 0.52, "Total Cost": 4.64, "Plan Rows": 9, "Plan Width": 40, "Recheck Cond": "(l_orderkey = orders.o_orderkey)", "Plans": [{"Node Type": "Bitmap Index Scan", "Parent Relationship": "Outer", "Index Name": "idx_lineitem_orderkey", "Startup Cost": 0.0, "Total Cost": 0.52, "Plan Rows": 9, "Plan Width": 0, "Index Cond": "(l_orderkey = orders.o_orderkey)"}]}]}, {"Node Type": "Bitmap Heap Scan", "Parent Relationship": "Inner", "Relation Name": "part", "Alias": "part", "Startup Cost": 0.26, "Total Cost": 4.27, "Plan Rows": 1, "Plan Width": 8, "Recheck Cond": "(p_partkey = lineitem.l_partkey)", "Filter": "((p_type)::text = 'SMALL PLATED COPPER'::text)", "Plans": [{"Node Type": "Bitmap Index Scan", "Parent Relationship": "Outer", "Index Name": "part_kpey", "Startup Cost": 0.0, "Total Cost": 0.26, "Plan Rows": 1, "Plan Width": 0, "Index Cond": "(p_partkey = lineitem.l_partkey)"}]}]}, {"Node Type": "Bitmap Heap Scan", "Parent Relationship": "Inner", "Relation Name": "supplier", "Alias": "supplier", "Startup Cost": 0.26, "Total Cost": 4.27, "Plan Rows": 1, "Plan Width": 12, "Recheck Cond": "(s_suppkey = lineitem.l_suppkey)", "Plans": [{"Node Type": "Bitmap Index Scan", "Parent Relationship": "Outer", "Index Name": "supplier_pkey", "Startup Cost": 0.0, "Total Cost": 0.26, "Plan Rows": 1, "Plan Width": 0, "Index Cond": "(s_suppkey = lineitem.l_suppkey)"}]}]}, {"Node Type": "Bitmap Heap Scan", "Parent Relationship": "Inner", "Relation Name": "nation", "Alias": "n2", "Startup Cost": 0.26, "Total Cost": 4.27, "Plan Rows": 1, "Plan Width": 30, "Recheck Cond": "(n_nationkey = supplier.s_nationkey)", "Plans": [{"Node Type": "Bitmap Index Scan", "Parent Relationship": "Outer", "Index Name": "nation_pkey", "Startup Cost": 0.0, "Total Cost": 0.26, "Plan Rows": 1, "Plan Width": 0, "Index Cond": "(n_nationkey = supplier.s_nationkey)"}]}]}]}]}, "Unique SQL Id": 3681808042, "Planner Runtime": 2}, "explain_analyze_plan": null}, "(16, 36)": {"explain_plan": {"Plan": {"Node Type": "Sort", "Startup Cost": 486630.31, "Total Cost": 486630.33, "Plan Rows": 10, "Plan Width": 66, "Sort Key": ["(date_part('year'::text, orders.o_orderdate))"], "Plans": [{"Node Type": "Aggregate", "Strategy": "Hashed", "Parent Relationship": "Outer", "Startup Cost": 486629.99, "Total Cost": 486630.14, "Plan Rows": 10, "Plan Width": 66, "Group By Key": ["date_part('year'::text, orders.o_orderdate)"], "Plans": [{"Node Type": "Hash Join", "Parent Relationship": "Outer", "Join Type": "Inner", "Startup Cost": 4536.12, "Total Cost": 486510.17, "Plan Rows": 5991, "Plan Width": 50, "Inner Unique": true, "Hash Cond": "(supplier.s_nationkey = n2.n_nationkey)", "Plans": [{"Node Type": "Nested Loop", "Parent Relationship": "Outer", "Join Type": "Inner", "Startup Cost": 4534.56, "Total Cost": 486417.81, "Plan Rows": 5991, "Plan Width": 28, "Inner Unique": false, "Join Filter": "(n1.n_regionkey = region.r_regionkey)", "Plans": [{"Node Type": "Seq Scan", "Parent Relationship": "Outer", "Relation Name": "region", "Alias": "region", "Startup Cost": 0.0, "Total Cost": 1.06, "Plan Rows": 1, "Plan Width": 4, "Filter": "(r_name = 'ASIA'::bpchar)"}, {"Node Type": "Hash Join", "Parent Relationship": "Inner", "Join Type": "Inner", "Startup Cost": 4534.56, "Total Cost": 486042.32, "Plan Rows": 29954, "Plan Width": 32, "Inner Unique": true, "Hash Cond": "(customer.c_nationkey = n1.n_nationkey)", "Plans": [{"Node Type": "Nested Loop", "Parent Relationship": "Outer", "Join Type": "Inner", "Startup Cost": 4533.0, "Total Cost": 485661.65, "Plan Rows": 29954, "Plan Width": 32, "Inner Unique": true, "Plans": [{"Node Type": "Hash Join", "Parent Relationship": "Outer", "Join Type": "Inner", "Startup Cost": 4533.0, "Total Cost": 469409.78, "Plan Rows": 51198, "Plan Width": 36, "Inner Unique": true, "Hash Cond": "(lineitem.l_suppkey = supplier.s_suppkey)", "Plans": [{"Node Type": "Nested Loop", "Parent Relationship": "Outer", "Join Type": "Inner", "Startup Cost": 0.0, "Total Cost": 464497.44, "Plan Rows": 86479, "Plan Width": 40, "Inner Unique": true, "Plans": [{"Node Type": "Nested Loop", "Parent Relationship": "Outer", "Join Type": "Inner", "Startup Cost": 0.0, "Total Cost": 441564.57, "Plan Rows": 74637, "Plan Width": 32, "Inner Unique": false, "Plans": [{"Node Type": "Seq Scan", "Parent Relationship": "Outer", "Relation Name": "part", "Alias": "part", "Startup Cost": 0.0, "Total Cost": 66944.0, "Plan Rows": 13538, "Plan Width": 8, "Filter": "((p_type)::text = 'SMALL PLATED COPPER'::text)"}, {"Node Type": "Index Scan", "Parent Relationship": "Inner", "Scan Direction": "Forward", "Index Name": "idx_lineitem_part_supp", "Relation Name": "lineitem", "Alias": "lineitem", "Startup Cost": 0.0, "Total Cost": 27.61, "Plan Rows": 6, "Plan Width": 40, "Index Cond": "(l_partkey = part.p_partkey)"}]}, {"Node Type": "Index Scan", "Parent Relationship": "Inner", "Scan Direction": "Forward", "Index Name": "orders_pkey", "Relation Name": "orders", "Alias": "orders", "Startup Cost": 0.0, "Total Cost": 0.3, "Plan Rows": 1, "Plan Width": 24, "Index Cond": "(o_orderkey = lineitem.l_orderkey)", "Filter": "((o_orderdate >= '1995-01-01 00:00:00'::timestamp(0) without time zone) AND (o_orderdate <= '1996-12-31 00:00:00'::timestamp(0) without time zone))"}]}, {"Node Type": "Hash", "Parent Relationship": "Inner", "Startup Cost": 3283.0, "Total Cost": 3283.0, "Plan Rows": 100000, "Plan Width": 12, "Plans": [{"Node Type": "Seq Scan", "Parent Relationship": "Outer", "Relation Name": "supplier", "Alias": "supplier", "Startup Cost": 0.0, "Total Cost": 3283.0, "Plan Rows": 100000, "Plan Width": 12}]}]}, {"Node Type": "Index Scan", "Parent Relationship": "Inner", "Scan Direction": "Forward", "Index Name": "customer_pkey", "Relation Name": "customer", "Alias": "customer", "Startup Cost": 0.0, "Total Cost": 0.31, "Plan Rows": 1, "Plan Width": 12, "Index Cond": "(c_custkey = orders.o_custkey)"}]}, {"Node Type": "Hash", "Parent Relationship": "Inner", "Startup Cost": 1.25, "Total Cost": 1.25, "Plan Rows": 25, "Plan Width": 8, "Plans": [{"Node Type": "Seq Scan", "Parent Relationship": "Outer", "Relation Name": "nation", "Alias": "n1", "Startup Cost": 0.0, "Total Cost": 1.25, "Plan Rows": 25, "Plan Width": 8}]}]}]}, {"Node Type": "Hash", "Parent Relationship": "Inner", "Startup Cost": 1.25, "Total Cost": 1.25, "Plan Rows": 25, "Plan Width": 30, "Plans": [{"Node Type": "Seq Scan", "Parent Relationship": "Outer", "Relation Name": "nation", "Alias": "n2", "Startup Cost": 0.0, "Total Cost": 1.25, "Plan Rows": 25, "Plan Width": 30}]}]}]}]}, "Unique SQL Id": 3681808042, "Planner Runtime": 5}, "explain_analyze_plan": {"Plan": {"Node Type": "Sort", "Startup Cost": 486630.31, "Total Cost": 486630.33, "Plan Rows": 10, "Plan Width": 66, "Actual Startup Time": 6657.822, "Actual Total Time": 6657.822, "Actual Rows": 2, "Actual Loops": 1, "Sort Key": ["(date_part('year'::text, orders.o_orderdate))"], "Sort Method": "quicksort", "Sort Space Used": 25, "Sort Space Type": "Memory", "Plans": [{"Node Type": "Aggregate", "Strategy": "Hashed", "Parent Relationship": "Outer", "Startup Cost": 486629.99, "Total Cost": 486630.14, "Plan Rows": 10, "Plan Width": 66, "Actual Startup Time": 6657.801, "Actual Total Time": 6657.801, "Actual Rows": 2, "Actual Loops": 1, "Group By Key": ["date_part('year'::text, orders.o_orderdate)"], "Plans": [{"Node Type": "Hash Join", "Parent Relationship": "Outer", "Join Type": "Inner", "Startup Cost": 4536.12, "Total Cost": 486510.17, "Plan Rows": 5991, "Plan Width": 50, "Actual Startup Time": 63.991, "Actual Total Time": 6619.798, "Actual Rows": 23929, "Actual Loops": 1, "Inner Unique": true, "Hash Cond": "(supplier.s_nationkey = n2.n_nationkey)", "Plans": [{"Node Type": "Nested Loop", "Parent Relationship": "Outer", "Join Type": "Inner", "Startup Cost": 4534.56, "Total Cost": 486417.81, "Plan Rows": 5991, "Plan Width": 28, "Actual Startup Time": 63.894, "Actual Total Time": 6584.866, "Actual Rows": 23929, "Actual Loops": 1, "Inner Unique": false, "Join Filter": "(n1.n_regionkey = region.r_regionkey)", "Rows Removed by Join Filter": 95836, "Plans": [{"Node Type": "Seq Scan", "Parent Relationship": "Outer", "Relation Name": "region", "Alias": "region", "Startup Cost": 0.0, "Total Cost": 1.06, "Plan Rows": 1, "Plan Width": 4, "Actual Startup Time": 0.01, "Actual Total Time": 0.014, "Actual Rows": 1, "Actual Loops": 1, "Filter": "(r_name = 'ASIA'::bpchar)", "Rows Removed by Filter": 4}, {"Node Type": "Hash Join", "Parent Relationship": "Inner", "Join Type": "Inner", "Startup Cost": 4534.56, "Total Cost": 486042.32, "Plan Rows": 29954, "Plan Width": 32, "Actual Startup Time": 63.701, "Actual Total Time": 6550.731, "Actual Rows": 119765, "Actual Loops": 1, "Inner Unique": true, "Hash Cond": "(customer.c_nationkey = n1.n_nationkey)", "Plans": [{"Node Type": "Nested Loop", "Parent Relationship": "Outer", "Join Type": "Inner", "Startup Cost": 4533.0, "Total Cost": 485661.65, "Plan Rows": 29954, "Plan Width": 32, "Actual Startup Time": 63.645, "Actual Total Time": 6479.463, "Actual Rows": 119765, "Actual Loops": 1, "Inner Unique": true, "Plans": [{"Node Type": "Hash Join", "Parent Relationship": "Outer", "Join Type": "Inner", "Startup Cost": 4533.0, "Total Cost": 469409.78, "Plan Rows": 51198, "Plan Width": 36, "Actual Startup Time": 63.597, "Actual Total Time": 5532.269, "Actual Rows": 119765, "Actual Loops": 1, "Inner Unique": true, "Hash Cond": "(lineitem.l_suppkey = supplier.s_suppkey)", "Plans": [{"Node Type": "Nested Loop", "Parent Relationship": "Outer", "Join Type": "Inner", "Startup Cost": 0.0, "Total Cost": 464497.44, "Plan Rows": 86479, "Plan Width": 40, "Actual Startup Time": 0.138, "Actual Total Time": 5382.924, "Actual Rows": 119765, "Actual Loops": 1, "Inner Unique": true, "Plans": [{"Node Type": "Nested Loop", "Parent Relationship": "Outer", "Join Type": "Inner", "Startup Cost": 0.0, "Total Cost": 441564.57, "Plan Rows": 74637, "Plan Width": 32, "Actual Startup Time": 0.036, "Actual Total Time": 1994.019, "Actual Rows": 395341, "Actual Loops": 1, "Inner Unique": false, "Plans": [{"Node Type": "Seq Scan", "Parent Relationship": "Outer", "Relation Name": "part", "Alias": "part", "Startup Cost": 0.0, "Total Cost": 66944.0, "Plan Rows": 13538, "Plan Width": 8, "Actual Startup Time": 0.014, "Actual Total Time": 761.161, "Actual Rows": 13163, "Actual Loops": 1, "Filter": "((p_type)::text = 'SMALL PLATED COPPER'::text)", "Rows Removed by Filter": 1986837}, {"Node Type": "Index Scan", "Parent Relationship": "Inner", "Scan Direction": "Forward", "Index Name": "idx_lineitem_part_supp", "Relation Name": "lineitem", "Alias": "lineitem", "Startup Cost": 0.0, "Total Cost": 27.61, "Plan Rows": 6, "Plan Width": 40, "Actual Startup Time": 155.365, "Actual Total Time": 1131.429, "Actual Rows": 395341, "Actual Loops": 13163, "Index Cond": "(l_partkey = part.p_partkey)", "Rows Removed by Index Recheck": 0}]}, {"Node Type": "Index Scan", "Parent Relationship": "Inner", "Scan Direction": "Forward", "Index Name": "orders_pkey", "Relation Name": "orders", "Alias": "orders", "Startup Cost": 0.0, "Total Cost": 0.3, "Plan Rows": 1, "Plan Width": 24, "Actual Startup Time": 3151.57, "Actual Total Time": 3151.57, "Actual Rows": 119765, "Actual Loops": 395341, "Index Cond": "(o_orderkey = lineitem.l_orderkey)", "Rows Removed by Index Recheck": 0, "Filter": "((o_orderdate >= '1995-01-01 00:00:00'::timestamp(0) without time zone) AND (o_orderdate <= '1996-12-31 00:00:00'::timestamp(0) without time zone))", "Rows Removed by Filter": 275576}]}, {"Node Type": "Hash", "Parent Relationship": "Inner", "Startup Cost": 3283.0, "Total Cost": 3283.0, "Plan Rows": 100000, "Plan Width": 12, "Actual Startup Time": 63.334, "Actual Total Time": 63.334, "Actual Rows": 100000, "Actual Loops": 1, "Hash Buckets": 131072, "Hash Batches": 1, "Original Hash Batches": 1, "Peak Memory Usage": 4297, "Plans": [{"Node Type": "Seq Scan", "Parent Relationship": "Outer", "Relation Name": "supplier", "Alias": "supplier", "Startup Cost": 0.0, "Total Cost": 3283.0, "Plan Rows": 100000, "Plan Width": 12, "Actual Startup Time": 0.012, "Actual Total Time": 36.132, "Actual Rows": 100000, "Actual Loops": 1}]}]}, {"Node Type": "Index Scan", "Parent Relationship": "Inner", "Scan Direction": "Forward", "Index Name": "customer_pkey", "Relation Name": "customer", "Alias": "customer", "Startup Cost": 0.0, "Total Cost": 0.31, "Plan Rows": 1, "Plan Width": 12, "Actual Startup Time": 838.481, "Actual Total Time": 838.481, "Actual Rows": 119765, "Actual Loops": 119765, "Index Cond": "(c_custkey = orders.o_custkey)", "Rows Removed by Index Recheck": 0}]}, {"Node Type": "Hash", "Parent Relationship": "Inner", "Startup Cost": 1.25, "Total Cost": 1.25, "Plan Rows": 25, "Plan Width": 8, "Actual Startup Time": 0.02, "Actual Total Time": 0.02, "Actual Rows": 25, "Actual Loops": 1, "Hash Buckets": 32768, "Hash Batches": 1, "Original Hash Batches": 1, "Peak Memory Usage": 1, "Plans": [{"Node Type": "Seq Scan", "Parent Relationship": "Outer", "Relation Name": "nation", "Alias": "n1", "Startup Cost": 0.0, "Total Cost": 1.25, "Plan Rows": 25, "Plan Width": 8, "Actual Startup Time": 0.007, "Actual Total Time": 0.012, "Actual Rows": 25, "Actual Loops": 1}]}]}]}, {"Node Type": "Hash", "Parent Relationship": "Inner", "Startup Cost": 1.25, "Total Cost": 1.25, "Plan Rows": 25, "Plan Width": 30, "Actual Startup Time": 0.04, "Actual Total Time": 0.04, "Actual Rows": 25, "Actual Loops": 1, "Hash Buckets": 32768, "Hash Batches": 1, "Original Hash Batches": 1, "Peak Memory Usage": 2, "Plans": [{"Node Type": "Seq Scan", "Parent Relationship": "Outer", "Relation Name": "nation", "Alias": "n2", "Startup Cost": 0.0, "Total Cost": 1.25, "Plan Rows": 25, "Plan Width": 30, "Actual Startup Time": 0.019, "Actual Total Time": 0.025, "Actual Rows": 25, "Actual Loops": 1}]}]}]}]}, "Triggers": [], "Planner Runtime": 5, "Total Runtime": 6658.228, "Unique SQL Id": 3681808042}}, "(16, 37)": {"explain_plan": {"Plan": {"Node Type": "Sort", "Startup Cost": 527575.13, "Total Cost": 527575.15, "Plan Rows": 10, "Plan Width": 66, "Sort Key": ["(date_part('year'::text, orders.o_orderdate))"], "Plans": [{"Node Type": "Aggregate", "Strategy": "Hashed", "Parent Relationship": "Outer", "Startup Cost": 527574.81, "Total Cost": 527574.96, "Plan Rows": 10, "Plan Width": 66, "Group By Key": ["date_part('year'::text, orders.o_orderdate)"], "Plans": [{"Node Type": "Hash Join", "Parent Relationship": "Outer", "Join Type": "Inner", "Startup Cost": 6610.42, "Total Cost": 527454.99, "Plan Rows": 5991, "Plan Width": 50, "Inner Unique": true, "Hash Cond": "(supplier.s_nationkey = n2.n_nationkey)", "Plans": [{"Node Type": "Nested Loop", "Parent Relationship": "Outer", "Join Type": "Inner", "Startup Cost": 6597.48, "Total Cost": 527351.25, "Plan Rows": 5991, "Plan Width": 28, "Inner Unique": false, "Join Filter": "(n1.n_regionkey = region.r_regionkey)", "Plans": [{"Node Type": "Index Scan", "Parent Relationship": "Outer", "Scan Direction": "Forward", "Index Name": "region_pkey", "Relation Name": "region", "Alias": "region", "Startup Cost": 0.0, "Total Cost": 12.34, "Plan Rows": 1, "Plan Width": 4, "Filter": "(r_name = 'ASIA'::bpchar)"}, {"Node Type": "Hash Join", "Parent Relationship": "Inner", "Join Type": "Inner", "Startup Cost": 6597.48, "Total Cost": 526964.49, "Plan Rows": 29954, "Plan Width": 32, "Inner Unique": true, "Hash Cond": "(customer.c_nationkey = n1.n_nationkey)", "Plans": [{"Node Type": "Nested Loop", "Parent Relationship": "Outer", "Join Type": "Inner", "Startup Cost": 6584.54, "Total Cost": 526572.45, "Plan Rows": 29954, "Plan Width": 32, "Inner Unique": true, "Plans": [{"Node Type": "Hash Join", "Parent Relationship": "Outer", "Join Type": "Inner", "Startup Cost": 6584.54, "Total Cost": 510320.57, "Plan Rows": 51198, "Plan Width": 36, "Inner Unique": true, "Hash Cond": "(lineitem.l_suppkey = supplier.s_suppkey)", "Plans": [{"Node Type": "Nested Loop", "Parent Relationship": "Outer", "Join Type": "Inner", "Startup Cost": 0.0, "Total Cost": 503356.69, "Plan Rows": 86479, "Plan Width": 40, "Inner Unique": true, "Plans": [{"Node Type": "Nested Loop", "Parent Relationship": "Outer", "Join Type": "Inner", "Startup Cost": 0.0, "Total Cost": 480423.82, "Plan Rows": 74637, "Plan Width": 32, "Inner Unique": false, "Plans": [{"Node Type": "Index Scan", "Parent Relationship": "Outer", "Scan Direction": "Forward", "Index Name": "part_kpey", "Relation Name": "part", "Alias": "part", "Startup Cost": 0.0, "Total Cost": 105803.25, "Plan Rows": 13538, "Plan Width": 8, "Filter": "((p_type)::text = 'SMALL PLATED COPPER'::text)"}, {"Node Type": "Index Scan", "Parent Relationship": "Inner", "Scan Direction": "Forward", "Index Name": "idx_lineitem_part_supp", "Relation Name": "lineitem", "Alias": "lineitem", "Startup Cost": 0.0, "Total Cost": 27.61, "Plan Rows": 6, "Plan Width": 40, "Index Cond": "(l_partkey = part.p_partkey)"}]}, {"Node Type": "Index Scan", "Parent Relationship": "Inner", "Scan Direction": "Forward", "Index Name": "orders_pkey", "Relation Name": "orders", "Alias": "orders", "Startup Cost": 0.0, "Total Cost": 0.3, "Plan Rows": 1, "Plan Width": 24, "Index Cond": "(o_orderkey = lineitem.l_orderkey)", "Filter": "((o_orderdate >= '1995-01-01 00:00:00'::timestamp(0) without time zone) AND (o_orderdate <= '1996-12-31 00:00:00'::timestamp(0) without time zone))"}]}, {"Node Type": "Hash", "Parent Relationship": "Inner", "Startup Cost": 5334.54, "Total Cost": 5334.54, "Plan Rows": 100000, "Plan Width": 12, "Plans": [{"Node Type": "Index Scan", "Parent Relationship": "Outer", "Scan Direction": "Forward", "Index Name": "supplier_pkey", "Relation Name": "supplier", "Alias": "supplier", "Startup Cost": 0.0, "Total Cost": 5334.54, "Plan Rows": 100000, "Plan Width": 12}]}]}, {"Node Type": "Index Scan", "Parent Relationship": "Inner", "Scan Direction": "Forward", "Index Name": "customer_pkey", "Relation Name": "customer", "Alias": "customer", "Startup Cost": 0.0, "Total Cost": 0.31, "Plan Rows": 1, "Plan Width": 12, "Index Cond": "(c_custkey = orders.o_custkey)"}]}, {"Node Type": "Hash", "Parent Relationship": "Inner", "Startup Cost": 12.62, "Total Cost": 12.62, "Plan Rows": 25, "Plan Width": 8, "Plans": [{"Node Type": "Index Scan", "Parent Relationship": "Outer", "Scan Direction": "Forward", "Index Name": "idx_nation_regionkey", "Relation Name": "nation", "Alias": "n1", "Startup Cost": 0.0, "Total Cost": 12.62, "Plan Rows": 25, "Plan Width": 8}]}]}]}, {"Node Type": "Hash", "Parent Relationship": "Inner", "Startup Cost": 12.62, "Total Cost": 12.62, "Plan Rows": 25, "Plan Width": 30, "Plans": [{"Node Type": "Index Scan", "Parent Relationship": "Outer", "Scan Direction": "Forward", "Index Name": "nation_pkey", "Relation Name": "nation", "Alias": "n2", "Startup Cost": 0.0, "Total Cost": 12.62, "Plan Rows": 25, "Plan Width": 30}]}]}]}]}, "Unique SQL Id": 3681808042, "Planner Runtime": 4}, "explain_analyze_plan": {"Plan": {"Node Type": "Sort", "Startup Cost": 527575.13, "Total Cost": 527575.15, "Plan Rows": 10, "Plan Width": 66, "Actual Startup Time": 7423.557, "Actual Total Time": 7423.558, "Actual Rows": 2, "Actual Loops": 1, "Sort Key": ["(date_part('year'::text, orders.o_orderdate))"], "Sort Method": "quicksort", "Sort Space Used": 25, "Sort Space Type": "Memory", "Plans": [{"Node Type": "Aggregate", "Strategy": "Hashed", "Parent Relationship": "Outer", "Startup Cost": 527574.81, "Total Cost": 527574.96, "Plan Rows": 10, "Plan Width": 66, "Actual Startup Time": 7423.523, "Actual Total Time": 7423.524, "Actual Rows": 2, "Actual Loops": 1, "Group By Key": ["date_part('year'::text, orders.o_orderdate)"], "Plans": [{"Node Type": "Hash Join", "Parent Relationship": "Outer", "Join Type": "Inner", "Startup Cost": 6610.42, "Total Cost": 527454.99, "Plan Rows": 5991, "Plan Width": 50, "Actual Startup Time": 97.403, "Actual Total Time": 7385.928, "Actual Rows": 23929, "Actual Loops": 1, "Inner Unique": true, "Hash Cond": "(supplier.s_nationkey = n2.n_nationkey)", "Plans": [{"Node Type": "Nested Loop", "Parent Relationship": "Outer", "Join Type": "Inner", "Startup Cost": 6597.48, "Total Cost": 527351.25, "Plan Rows": 5991, "Plan Width": 28, "Actual Startup Time": 97.231, "Actual Total Time": 7349.016, "Actual Rows": 23929, "Actual Loops": 1, "Inner Unique": false, "Join Filter": "(n1.n_regionkey = region.r_regionkey)", "Rows Removed by Join Filter": 95836, "Plans": [{"Node Type": "Index Scan", "Parent Relationship": "Outer", "Scan Direction": "Forward", "Index Name": "region_pkey", "Relation Name": "region", "Alias": "region", "Startup Cost": 0.0, "Total Cost": 12.34, "Plan Rows": 1, "Plan Width": 4, "Actual Startup Time": 0.024, "Actual Total Time": 0.142, "Actual Rows": 1, "Actual Loops": 1, "Filter": "(r_name = 'ASIA'::bpchar)", "Rows Removed by Filter": 4}, {"Node Type": "Hash Join", "Parent Relationship": "Inner", "Join Type": "Inner", "Startup Cost": 6597.48, "Total Cost": 526964.49, "Plan Rows": 29954, "Plan Width": 32, "Actual Startup Time": 97.012, "Actual Total Time": 7313.861, "Actual Rows": 119765, "Actual Loops": 1, "Inner Unique": true, "Hash Cond": "(customer.c_nationkey = n1.n_nationkey)", "Plans": [{"Node Type": "Nested Loop", "Parent Relationship": "Outer", "Join Type": "Inner", "Startup Cost": 6584.54, "Total Cost": 526572.45, "Plan Rows": 29954, "Plan Width": 32, "Actual Startup Time": 96.932, "Actual Total Time": 7244.756, "Actual Rows": 119765, "Actual Loops": 1, "Inner Unique": true, "Plans": [{"Node Type": "Hash Join", "Parent Relationship": "Outer", "Join Type": "Inner", "Startup Cost": 6584.54, "Total Cost": 510320.57, "Plan Rows": 51198, "Plan Width": 36, "Actual Startup Time": 96.902, "Actual Total Time": 6278.594, "Actual Rows": 119765, "Actual Loops": 1, "Inner Unique": true, "Hash Cond": "(lineitem.l_suppkey = supplier.s_suppkey)", "Plans": [{"Node Type": "Nested Loop", "Parent Relationship": "Outer", "Join Type": "Inner", "Startup Cost": 0.0, "Total Cost": 503356.69, "Plan Rows": 86479, "Plan Width": 40, "Actual Startup Time": 0.214, "Actual Total Time": 6094.059, "Actual Rows": 119765, "Actual Loops": 1, "Inner Unique": true, "Plans": [{"Node Type": "Nested Loop", "Parent Relationship": "Outer", "Join Type": "Inner", "Startup Cost": 0.0, "Total Cost": 480423.82, "Plan Rows": 74637, "Plan Width": 32, "Actual Startup Time": 0.077, "Actual Total Time": 2630.429, "Actual Rows": 395341, "Actual Loops": 1, "Inner Unique": false, "Plans": [{"Node Type": "Index Scan", "Parent Relationship": "Outer", "Scan Direction": "Forward", "Index Name": "part_kpey", "Relation Name": "part", "Alias": "part", "Startup Cost": 0.0, "Total Cost": 105803.25, "Plan Rows": 13538, "Plan Width": 8, "Actual Startup Time": 0.044, "Actual Total Time": 1377.295, "Actual Rows": 13163, "Actual Loops": 1, "Filter": "((p_type)::text = 'SMALL PLATED COPPER'::text)", "Rows Removed by Filter": 1986837}, {"Node Type": "Index Scan", "Parent Relationship": "Inner", "Scan Direction": "Forward", "Index Name": "idx_lineitem_part_supp", "Relation Name": "lineitem", "Alias": "lineitem", "Startup Cost": 0.0, "Total Cost": 27.61, "Plan Rows": 6, "Plan Width": 40, "Actual Startup Time": 157.831, "Actual Total Time": 1151.374, "Actual Rows": 395341, "Actual Loops": 13163, "Index Cond": "(l_partkey = part.p_partkey)", "Rows Removed by Index Recheck": 0}]}, {"Node Type": "Index Scan", "Parent Relationship": "Inner", "Scan Direction": "Forward", "Index Name": "orders_pkey", "Relation Name": "orders", "Alias": "orders", "Startup Cost": 0.0, "Total Cost": 0.3, "Plan Rows": 1, "Plan Width": 24, "Actual Startup Time": 3221.518, "Actual Total Time": 3221.518, "Actual Rows": 119765, "Actual Loops": 395341, "Index Cond": "(o_orderkey = lineitem.l_orderkey)", "Rows Removed by Index Recheck": 0, "Filter": "((o_orderdate >= '1995-01-01 00:00:00'::timestamp(0) without time zone) AND (o_orderdate <= '1996-12-31 00:00:00'::timestamp(0) without time zone))", "Rows Removed by Filter": 275576}]}, {"Node Type": "Hash", "Parent Relationship": "Inner", "Startup Cost": 5334.54, "Total Cost": 5334.54, "Plan Rows": 100000, "Plan Width": 12, "Actual Startup Time": 96.559, "Actual Total Time": 96.559, "Actual Rows": 100000, "Actual Loops": 1, "Hash Buckets": 131072, "Hash Batches": 1, "Original Hash Batches": 1, "Peak Memory Usage": 4297, "Plans": [{"Node Type": "Index Scan", "Parent Relationship": "Outer", "Scan Direction": "Forward", "Index Name": "supplier_pkey", "Relation Name": "supplier", "Alias": "supplier", "Startup Cost": 0.0, "Total Cost": 5334.54, "Plan Rows": 100000, "Plan Width": 12, "Actual Startup Time": 0.026, "Actual Total Time": 69.134, "Actual Rows": 100000, "Actual Loops": 1}]}]}, {"Node Type": "Index Scan", "Parent Relationship": "Inner", "Scan Direction": "Forward", "Index Name": "customer_pkey", "Relation Name": "customer", "Alias": "customer", "Startup Cost": 0.0, "Total Cost": 0.31, "Plan Rows": 1, "Plan Width": 12, "Actual Startup Time": 855.847, "Actual Total Time": 855.847, "Actual Rows": 119765, "Actual Loops": 119765, "Index Cond": "(c_custkey = orders.o_custkey)", "Rows Removed by Index Recheck": 0}]}, {"Node Type": "Hash", "Parent Relationship": "Inner", "Startup Cost": 12.62, "Total Cost": 12.62, "Plan Rows": 25, "Plan Width": 8, "Actual Startup Time": 0.03, "Actual Total Time": 0.03, "Actual Rows": 25, "Actual Loops": 1, "Hash Buckets": 32768, "Hash Batches": 1, "Original Hash Batches": 1, "Peak Memory Usage": 1, "Plans": [{"Node Type": "Index Scan", "Parent Relationship": "Outer", "Scan Direction": "Forward", "Index Name": "idx_nation_regionkey", "Relation Name": "nation", "Alias": "n1", "Startup Cost": 0.0, "Total Cost": 12.62, "Plan Rows": 25, "Plan Width": 8, "Actual Startup Time": 0.009, "Actual Total Time": 0.02, "Actual Rows": 25, "Actual Loops": 1}]}]}]}, {"Node Type": "Hash", "Parent Relationship": "Inner", "Startup Cost": 12.62, "Total Cost": 12.62, "Plan Rows": 25, "Plan Width": 30, "Actual Startup Time": 0.08, "Actual Total Time": 0.08, "Actual Rows": 25, "Actual Loops": 1, "Hash Buckets": 32768, "Hash Batches": 1, "Original Hash Batches": 1, "Peak Memory Usage": 2, "Plans": [{"Node Type": "Index Scan", "Parent Relationship": "Outer", "Scan Direction": "Forward", "Index Name": "nation_pkey", "Relation Name": "nation", "Alias": "n2", "Startup Cost": 0.0, "Total Cost": 12.62, "Plan Rows": 25, "Plan Width": 30, "Actual Startup Time": 0.04, "Actual Total Time": 0.061, "Actual Rows": 25, "Actual Loops": 1}]}]}]}]}, "Triggers": [], "Planner Runtime": 4, "Total Runtime": 7424.152, "Unique SQL Id": 3681808042}}, "(16, 38)": {"explain_plan": {"Plan": {"Node Type": "Sort", "Startup Cost": 818733.87, "Total Cost": 818733.89, "Plan Rows": 10, "Plan Width": 66, "Sort Key": ["(date_part('year'::text, orders.o_orderdate))"], "Plans": [{"Node Type": "Aggregate", "Strategy": "Hashed", "Parent Relationship": "Outer", "Startup Cost": 818733.55, "Total Cost": 818733.7, "Plan Rows": 10, "Plan Width": 66, "Group By Key": ["date_part('year'::text, orders.o_orderdate)"], "Plans": [{"Node Type": "Nested Loop", "Parent Relationship": "Outer", "Join Type": "Inner", "Startup Cost": 45452.32, "Total Cost": 818613.73, "Plan Rows": 5991, "Plan Width": 50, "Inner Unique": true, "Join Filter": "(supplier.s_nationkey = n2.n_nationkey)", "Plans": [{"Node Type": "Hash Join", "Parent Relationship": "Outer", "Join Type": "Inner", "Startup Cost": 45452.32, "Total Cost": 816350.82, "Plan Rows": 5991, "Plan Width": 28, "Inner Unique": false, "Hash Cond": "(orders.o_custkey = customer.c_custkey)", "Plans": [{"Node Type": "Hash Join", "Parent Relationship": "Outer", "Join Type": "Inner", "Startup Cost": 4537.47, "Total Cost": 775184.07, "Plan Rows": 51198, "Plan Width": 36, "Inner Unique": true, "Hash Cond": "(lineitem.l_suppkey = supplier.s_suppkey)", "Plans": [{"Node Type": "Nested Loop", "Parent Relationship": "Outer", "Join Type": "Inner", "Startup Cost": 4.47, "Total Cost": 770271.73, "Plan Rows": 86479, "Plan Width": 40, "Inner Unique": true, "Plans": [{"Node Type": "Nested Loop", "Parent Relationship": "Outer", "Join Type": "Inner", "Startup Cost": 4.21, "Total Cost": 450147.9, "Plan Rows": 74637, "Plan Width": 32, "Inner Unique": false, "Plans": [{"Node Type": "Seq Scan", "Parent Relationship": "Outer", "Relation Name": "part", "Alias": "part", "Startup Cost": 0.0, "Total Cost": 66944.0, "Plan Rows": 13538, "Plan Width": 8, "Filter": "((p_type)::text = 'SMALL PLATED COPPER'::text)"}, {"Node Type": "Bitmap Heap Scan", "Parent Relationship": "Inner", "Relation Name": "lineitem", "Alias": "lineitem", "Startup Cost": 4.21, "Total Cost": 28.25, "Plan Rows": 6, "Plan Width": 40, "Recheck Cond": "(l_partkey = part.p_partkey)", "Plans": [{"Node Type": "Bitmap Index Scan", "Parent Relationship": "Outer", "Index Name": "idx_lineitem_part_supp", "Startup Cost": 0.0, "Total Cost": 4.21, "Plan Rows": 6, "Plan Width": 0, "Index Cond": "(l_partkey = part.p_partkey)"}]}]}, {"Node Type": "Bitmap Heap Scan", "Parent Relationship": "Inner", "Relation Name": "orders", "Alias": "orders", "Startup Cost": 0.26, "Total Cost": 4.28, "Plan Rows": 1, "Plan Width": 24, "Recheck Cond": "(o_orderkey = lineitem.l_orderkey)", "Filter": "((o_orderdate >= '1995-01-01 00:00:00'::timestamp(0) without time zone) AND (o_orderdate <= '1996-12-31 00:00:00'::timestamp(0) without time zone))", "Plans": [{"Node Type": "Bitmap Index Scan", "Parent Relationship": "Outer", "Index Name": "orders_pkey", "Startup Cost": 0.0, "Total Cost": 0.26, "Plan Rows": 1, "Plan Width": 0, "Index Cond": "(o_orderkey = lineitem.l_orderkey)"}]}]}, {"Node Type": "Hash", "Parent Relationship": "Inner", "Startup Cost": 3283.0, "Total Cost": 3283.0, "Plan Rows": 100000, "Plan Width": 12, "Plans": [{"Node Type": "Seq Scan", "Parent Relationship": "Outer", "Relation Name": "supplier", "Alias": "supplier", "Startup Cost": 0.0, "Total Cost": 3283.0, "Plan Rows": 100000, "Plan Width": 12}]}]}, {"Node Type": "Hash", "Parent Relationship": "Inner", "Startup Cost": 37164.85, "Total Cost": 37164.85, "Plan Rows": 300000, "Plan Width": 8, "Plans": [{"Node Type": "Nested Loop", "Parent Relationship": "Outer", "Join Type": "Inner", "Startup Cost": 1031.44, "Total Cost": 37164.85, "Plan Rows": 300000, "Plan Width": 8, "Inner Unique": false, "Plans": [{"Node Type": "Hash Join", "Parent Relationship": "Outer", "Join Type": "Inner", "Startup Cost": 1.07, "Total Cost": 2.44, "Plan Rows": 5, "Plan Width": 4, "Inner Unique": true, "Hash Cond": "(n1.n_regionkey = region.r_regionkey)", "Plans": [{"Node Type": "Seq Scan", "Parent Relationship": "Outer", "Relation Name": "nation", "Alias": "n1", "Startup Cost": 0.0, "Total Cost": 1.25, "Plan Rows": 25, "Plan Width": 8}, {"Node Type": "Hash", "Parent Relationship": "Inner", "Startup Cost": 1.06, "Total Cost": 1.06, "Plan Rows": 1, "Plan Width": 4, "Plans": [{"Node Type": "Seq Scan", "Parent Relationship": "Outer", "Relation Name": "region", "Alias": "region", "Startup Cost": 0.0, "Total Cost": 1.06, "Plan Rows": 1, "Plan Width": 4, "Filter": "(r_name = 'ASIA'::bpchar)"}]}]}, {"Node Type": "Bitmap Heap Scan", "Parent Relationship": "Inner", "Relation Name": "customer", "Alias": "customer", "Startup Cost": 1030.37, "Total Cost": 6832.48, "Plan Rows": 60000, "Plan Width": 12, "Recheck Cond": "(c_nationkey = n1.n_nationkey)", "Plans": [{"Node Type": "Bitmap Index Scan", "Parent Relationship": "Outer", "Index Name": "idx_customer_nationkey", "Startup Cost": 0.0, "Total Cost": 1015.37, "Plan Rows": 60000, "Plan Width": 0, "Index Cond": "(c_nationkey = n1.n_nationkey)"}]}]}]}]}, {"Node Type": "Materialize", "Parent Relationship": "Inner", "Startup Cost": 0.0, "Total Cost": 1.38, "Plan Rows": 25, "Plan Width": 30, "Plans": [{"Node Type": "Seq Scan", "Parent Relationship": "Outer", "Relation Name": "nation", "Alias": "n2", "Startup Cost": 0.0, "Total Cost": 1.25, "Plan Rows": 25, "Plan Width": 30}]}]}]}]}, "Unique SQL Id": 3681808042, "Planner Runtime": 6}, "explain_analyze_plan": {"Plan": {"Node Type": "Sort", "Startup Cost": 818733.87, "Total Cost": 818733.89, "Plan Rows": 10, "Plan Width": 66, "Actual Startup Time": 7454.097, "Actual Total Time": 7454.098, "Actual Rows": 2, "Actual Loops": 1, "Sort Key": ["(date_part('year'::text, orders.o_orderdate))"], "Sort Method": "quicksort", "Sort Space Used": 25, "Sort Space Type": "Memory", "Plans": [{"Node Type": "Aggregate", "Strategy": "Hashed", "Parent Relationship": "Outer", "Startup Cost": 818733.55, "Total Cost": 818733.7, "Plan Rows": 10, "Plan Width": 66, "Actual Startup Time": 7454.051, "Actual Total Time": 7454.06, "Actual Rows": 2, "Actual Loops": 1, "Group By Key": ["date_part('year'::text, orders.o_orderdate)"], "Plans": [{"Node Type": "Nested Loop", "Parent Relationship": "Outer", "Join Type": "Inner", "Startup Cost": 45452.32, "Total Cost": 818613.73, "Plan Rows": 5991, "Plan Width": 50, "Actual Startup Time": 772.313, "Actual Total Time": 7413.286, "Actual Rows": 23929, "Actual Loops": 1, "Inner Unique": true, "Join Filter": "(supplier.s_nationkey = n2.n_nationkey)", "Rows Removed by Join Filter": 288173, "Plans": [{"Node Type": "Hash Join", "Parent Relationship": "Outer", "Join Type": "Inner", "Startup Cost": 45452.32, "Total Cost": 816350.82, "Plan Rows": 5991, "Plan Width": 28, "Actual Startup Time": 772.257, "Actual Total Time": 7291.072, "Actual Rows": 23929, "Actual Loops": 1, "Inner Unique": false, "Hash Cond": "(orders.o_custkey = customer.c_custkey)", "Plans": [{"Node Type": "Hash Join", "Parent Relationship": "Outer", "Join Type": "Inner", "Startup Cost": 4537.47, "Total Cost": 775184.07, "Plan Rows": 51198, "Plan Width": 36, "Actual Startup Time": 64.234, "Actual Total Time": 6502.347, "Actual Rows": 119765, "Actual Loops": 1, "Inner Unique": true, "Hash Cond": "(lineitem.l_suppkey = supplier.s_suppkey)", "Plans": [{"Node Type": "Nested Loop", "Parent Relationship": "Outer", "Join Type": "Inner", "Startup Cost": 4.47, "Total Cost": 770271.73, "Plan Rows": 86479, "Plan Width": 40, "Actual Startup Time": 0.146, "Actual Total Time": 6345.996, "Actual Rows": 119765, "Actual Loops": 1, "Inner Unique": true, "Plans": [{"Node Type": "Nested Loop", "Parent Relationship": "Outer", "Join Type": "Inner", "Startup Cost": 4.21, "Total Cost": 450147.9, "Plan Rows": 74637, "Plan Width": 32, "Actual Startup Time": 0.087, "Actual Total Time": 2263.022, "Actual Rows": 395341, "Actual Loops": 1, "Inner Unique": false, "Plans": [{"Node Type": "Seq Scan", "Parent Relationship": "Outer", "Relation Name": "part", "Alias": "part", "Startup Cost": 0.0, "Total Cost": 66944.0, "Plan Rows": 13538, "Plan Width": 8, "Actual Startup Time": 0.039, "Actual Total Time": 775.903, "Actual Rows": 13163, "Actual Loops": 1, "Filter": "((p_type)::text = 'SMALL PLATED COPPER'::text)", "Rows Removed by Filter": 1986837}, {"Node Type": "Bitmap Heap Scan", "Parent Relationship": "Inner", "Relation Name": "lineitem", "Alias": "lineitem", "Startup Cost": 4.21, "Total Cost": 28.25, "Plan Rows": 6, "Plan Width": 40, "Actual Startup Time": 265.701, "Actual Total Time": 1366.789, "Actual Rows": 395341, "Actual Loops": 13163, "Recheck Cond": "(l_partkey = part.p_partkey)", "Rows Removed by Index Recheck": 0, "Exact Heap Blocks": 395337, "Lossy Heap Blocks": 395337, "Plans": [{"Node Type": "Bitmap Index Scan", "Parent Relationship": "Outer", "Index Name": "idx_lineitem_part_supp", "Startup Cost": 0.0, "Total Cost": 4.21, "Plan Rows": 6, "Plan Width": 0, "Actual Startup Time": 168.578, "Actual Total Time": 168.578, "Actual Rows": 395341, "Actual Loops": 13163, "Index Cond": "(l_partkey = part.p_partkey)"}]}]}, {"Node Type": "Bitmap Heap Scan", "Parent Relationship": "Inner", "Relation Name": "orders", "Alias": "orders", "Startup Cost": 0.26, "Total Cost": 4.28, "Plan Rows": 1, "Plan Width": 24, "Actual Startup Time": 3600.993, "Actual Total Time": 3600.993, "Actual Rows": 119765, "Actual Loops": 395341, "Recheck Cond": "(o_orderkey = lineitem.l_orderkey)", "Rows Removed by Index Recheck": 0, "Filter": "((o_orderdate >= '1995-01-01 00:00:00'::timestamp(0) without time zone) AND (o_orderdate <= '1996-12-31 00:00:00'::timestamp(0) without time zone))", "Rows Removed by Filter": 275576, "Exact Heap Blocks": 395341, "Lossy Heap Blocks": 395341, "Plans": [{"Node Type": "Bitmap Index Scan", "Parent Relationship": "Outer", "Index Name": "orders_pkey", "Startup Cost": 0.0, "Total Cost": 0.26, "Plan Rows": 1, "Plan Width": 0, "Actual Startup Time": 2210.503, "Actual Total Time": 2210.503, "Actual Rows": 395341, "Actual Loops": 395341, "Index Cond": "(o_orderkey = lineitem.l_orderkey)"}]}]}, {"Node Type": "Hash", "Parent Relationship": "Inner", "Startup Cost": 3283.0, "Total Cost": 3283.0, "Plan Rows": 100000, "Plan Width": 12, "Actual Startup Time": 63.97, "Actual Total Time": 63.97, "Actual Rows": 100000, "Actual Loops": 1, "Hash Buckets": 131072, "Hash Batches": 1, "Original Hash Batches": 1, "Peak Memory Usage": 4297, "Plans": [{"Node Type": "Seq Scan", "Parent Relationship": "Outer", "Relation Name": "supplier", "Alias": "supplier", "Startup Cost": 0.0, "Total Cost": 3283.0, "Plan Rows": 100000, "Plan Width": 12, "Actual Startup Time": 0.009, "Actual Total Time": 36.461, "Actual Rows": 100000, "Actual Loops": 1}]}]}, {"Node Type": "Hash", "Parent Relationship": "Inner", "Startup Cost": 37164.85, "Total Cost": 37164.85, "Plan Rows": 300000, "Plan Width": 8, "Actual Startup Time": 707.576, "Actual Total Time": 707.576, "Actual Rows": 300270, "Actual Loops": 1, "Hash Buckets": 524288, "Hash Batches": 1, "Original Hash Batches": 1, "Peak Memory Usage": 11730, "Plans": [{"Node Type": "Nested Loop", "Parent Relationship": "Outer", "Join Type": "Inner", "Startup Cost": 1031.44, "Total Cost": 37164.85, "Plan Rows": 300000, "Plan Width": 8, "Actual Startup Time": 18.288, "Actual Total Time": 614.93, "Actual Rows": 300270, "Actual Loops": 1, "Inner Unique": false, "Plans": [{"Node Type": "Hash Join", "Parent Relationship": "Outer", "Join Type": "Inner", "Startup Cost": 1.07, "Total Cost": 2.44, "Plan Rows": 5, "Plan Width": 4, "Actual Startup Time": 0.078, "Actual Total Time": 0.16, "Actual Rows": 5, "Actual Loops": 1, "Inner Unique": true, "Hash Cond": "(n1.n_regionkey = region.r_regionkey)", "Plans": [{"Node Type": "Seq Scan", "Parent Relationship": "Outer", "Relation Name": "nation", "Alias": "n1", "Startup Cost": 0.0, "Total Cost": 1.25, "Plan Rows": 25, "Plan Width": 8, "Actual Startup Time": 0.021, "Actual Total Time": 0.043, "Actual Rows": 25, "Actual Loops": 1}, {"Node Type": "Hash", "Parent Relationship": "Inner", "Startup Cost": 1.06, "Total Cost": 1.06, "Plan Rows": 1, "Plan Width": 4, "Actual Startup Time": 0.018, "Actual Total Time": 0.018, "Actual Rows": 1, "Actual Loops": 1, "Hash Buckets": 32768, "Hash Batches": 1, "Original Hash Batches": 1, "Peak Memory Usage": 1, "Plans": [{"Node Type": "Seq Scan", "Parent Relationship": "Outer", "Relation Name": "region", "Alias": "region", "Startup Cost": 0.0, "Total Cost": 1.06, "Plan Rows": 1, "Plan Width": 4, "Actual Startup Time": 0.012, "Actual Total Time": 0.013, "Actual Rows": 1, "Actual Loops": 1, "Filter": "(r_name = 'ASIA'::bpchar)", "Rows Removed by Filter": 4}]}]}, {"Node Type": "Bitmap Heap Scan", "Parent Relationship": "Inner", "Relation Name": "customer", "Alias": "customer", "Startup Cost": 1030.37, "Total Cost": 6832.48, "Plan Rows": 60000, "Plan Width": 12, "Actual Startup Time": 97.989, "Actual Total Time": 555.861, "Actual Rows": 300270, "Actual Loops": 5, "Recheck Cond": "(c_nationkey = n1.n_nationkey)", "Rows Removed by Index Recheck": 0, "Exact Heap Blocks": 150032, "Lossy Heap Blocks": 150032, "Plans": [{"Node Type": "Bitmap Index Scan", "Parent Relationship": "Outer", "Index Name": "idx_customer_nationkey", "Startup Cost": 0.0, "Total Cost": 1015.37, "Plan Rows": 60000, "Plan Width": 0, "Actual Startup Time": 65.109, "Actual Total Time": 65.109, "Actual Rows": 300270, "Actual Loops": 5, "Index Cond": "(c_nationkey = n1.n_nationkey)"}]}]}]}]}, {"Node Type": "Materialize", "Parent Relationship": "Inner", "Startup Cost": 0.0, "Total Cost": 1.38, "Plan Rows": 25, "Plan Width": 30, "Actual Startup Time": 3.386, "Actual Total Time": 28.671, "Actual Rows": 312102, "Actual Loops": 23929, "Plans": [{"Node Type": "Seq Scan", "Parent Relationship": "Outer", "Relation Name": "nation", "Alias": "n2", "Startup Cost": 0.0, "Total Cost": 1.25, "Plan Rows": 25, "Plan Width": 30, "Actual Startup Time": 0.015, "Actual Total Time": 0.019, "Actual Rows": 25, "Actual Loops": 1}]}]}]}]}, "Triggers": [], "Planner Runtime": 6, "Total Runtime": 7454.653, "Unique SQL Id": 3681808042}}, "(16, 39)": {"explain_plan": {"Plan": {"Node Type": "Sort", "Startup Cost": 66661878.45, "Total Cost": 66661878.48, "Plan Rows": 10, "Plan Width": 66, "Sort Key": ["(date_part('year'::text, orders.o_orderdate))"], "Plans": [{"Node Type": "Aggregate", "Strategy": "Hashed", "Parent Relationship": "Outer", "Startup Cost": 66661878.14, "Total Cost": 66661878.29, "Plan Rows": 10, "Plan Width": 66, "Group By Key": ["date_part('year'::text, orders.o_orderdate)"], "Plans": [{"Node Type": "Nested Loop", "Parent Relationship": "Outer", "Join Type": "Inner", "Startup Cost": 115915.31, "Total Cost": 66661758.32, "Plan Rows": 5991, "Plan Width": 50, "Inner Unique": true, "Plans": [{"Node Type": "Nested Loop", "Parent Relationship": "Outer", "Join Type": "Inner", "Startup Cost": 115915.05, "Total Cost": 66636099.88, "Plan Rows": 5991, "Plan Width": 28, "Inner Unique": true, "Plans": [{"Node Type": "Nested Loop", "Parent Relationship": "Outer", "Join Type": "Inner", "Startup Cost": 115914.79, "Total Cost": 66562068.23, "Plan Rows": 17296, "Plan Width": 32, "Inner Unique": true, "Plans": [{"Node Type": "Nested Loop", "Parent Relationship": "Outer", "Join Type": "Inner", "Startup Cost": 115914.53, "Total Cost": 45938880.46, "Plan Rows": 4814867, "Plan Width": 40, "Inner Unique": false, "Plans": [{"Node Type": "Nested Loop", "Parent Relationship": "Outer", "Join Type": "Inner", "Startup Cost": 115914.01, "Total Cost": 43432501.27, "Plan Rows": 530296, "Plan Width": 16, "Inner Unique": true, "Plans": [{"Node Type": "Nested Loop", "Parent Relationship": "Outer", "Join Type": "Inner", "Startup Cost": 115913.43, "Total Cost": 31228406.3, "Plan Rows": 2651479, "Plan Width": 20, "Inner Unique": true, "Plans": [{"Node Type": "Nested Loop", "Parent Relationship": "Outer", "Join Type": "Inner", "Startup Cost": 115913.17, "Total Cost": 19879399.17, "Plan Rows": 2651479, "Plan Width": 20, "Inner Unique": true, "Plans": [{"Node Type": "Bitmap Heap Scan", "Parent Relationship": "Outer", "Relation Name": "orders", "Alias": "orders", "Startup Cost": 115912.91, "Total Cost": 460311.42, "Plan Rows": 4531967, "Plan Width": 24, "Recheck Cond": "((o_orderdate >= '1995-01-01 00:00:00'::timestamp(0) without time zone) AND (o_orderdate <= '1996-12-31 00:00:00'::timestamp(0) without time zone)), (LLVM Optimized)", "Plans": [{"Node Type": "Bitmap Index Scan", "Parent Relationship": "Outer", "Index Name": "idx_orders_orderdate", "Startup Cost": 0.0, "Total Cost": 114779.92, "Plan Rows": 4531967, "Plan Width": 0, "Index Cond": "((o_orderdate >= '1995-01-01 00:00:00'::timestamp(0) without time zone) AND (o_orderdate <= '1996-12-31 00:00:00'::timestamp(0) without time zone))"}]}, {"Node Type": "Bitmap Heap Scan", "Parent Relationship": "Inner", "Relation Name": "customer", "Alias": "customer", "Startup Cost": 0.26, "Total Cost": 4.27, "Plan Rows": 1, "Plan Width": 12, "Recheck Cond": "(c_custkey = orders.o_custkey)", "Plans": [{"Node Type": "Bitmap Index Scan", "Parent Relationship": "Outer", "Index Name": "customer_pkey", "Startup Cost": 0.0, "Total Cost": 0.26, "Plan Rows": 1, "Plan Width": 0, "Index Cond": "(c_custkey = orders.o_custkey)"}]}]}, {"Node Type": "Bitmap Heap Scan", "Parent Relationship": "Inner", "Relation Name": "nation", "Alias": "n1", "Startup Cost": 0.26, "Total Cost": 4.27, "Plan Rows": 1, "Plan Width": 8, "Recheck Cond": "(n_nationkey = customer.c_nationkey)", "Plans": [{"Node Type": "Bitmap Index Scan", "Parent Relationship": "Outer", "Index Name": "nation_pkey", "Startup Cost": 0.0, "Total Cost": 0.26, "Plan Rows": 1, "Plan Width": 0, "Index Cond": "(n_nationkey = customer.c_nationkey)"}]}]}, {"Node Type": "Bitmap Heap Scan", "Parent Relationship": "Inner", "Relation Name": "region", "Alias": "region", "Startup Cost": 0.58, "Total Cost": 4.59, "Plan Rows": 1, "Plan Width": 4, "Recheck Cond": "(r_regionkey = n1.n_regionkey)", "Filter": "(r_name = 'ASIA'::bpchar)", "Plans": [{"Node Type": "Bitmap Index Scan", "Parent Relationship": "Outer", "Index Name": "region_pkey", "Startup Cost": 0.0, "Total Cost": 0.58, "Plan Rows": 1, "Plan Width": 0, "Index Cond": "(r_regionkey = n1.n_regionkey)"}]}]}, {"Node Type": "Bitmap Heap Scan", "Parent Relationship": "Inner", "Relation Name": "lineitem", "Alias": "lineitem", "Startup Cost": 0.52, "Total Cost": 4.64, "Plan Rows": 9, "Plan Width": 40, "Recheck Cond": "(l_orderkey = orders.o_orderkey)", "Plans": [{"Node Type": "Bitmap Index Scan", "Parent Relationship": "Outer", "Index Name": "idx_lineitem_orderkey", "Startup Cost": 0.0, "Total Cost": 0.52, "Plan Rows": 9, "Plan Width": 0, "Index Cond": "(l_orderkey = orders.o_orderkey)"}]}]}, {"Node Type": "Bitmap Heap Scan", "Parent Relationship": "Inner", "Relation Name": "part", "Alias": "part", "Startup Cost": 0.26, "Total Cost": 4.27, "Plan Rows": 1, "Plan Width": 8, "Recheck Cond": "(p_partkey = lineitem.l_partkey)", "Filter": "((p_type)::text = 'SMALL PLATED COPPER'::text)", "Plans": [{"Node Type": "Bitmap Index Scan", "Parent Relationship": "Outer", "Index Name": "part_kpey", "Startup Cost": 0.0, "Total Cost": 0.26, "Plan Rows": 1, "Plan Width": 0, "Index Cond": "(p_partkey = lineitem.l_partkey)"}]}]}, {"Node Type": "Bitmap Heap Scan", "Parent Relationship": "Inner", "Relation Name": "supplier", "Alias": "supplier", "Startup Cost": 0.26, "Total Cost": 4.27, "Plan Rows": 1, "Plan Width": 12, "Recheck Cond": "(s_suppkey = lineitem.l_suppkey)", "Plans": [{"Node Type": "Bitmap Index Scan", "Parent Relationship": "Outer", "Index Name": "supplier_pkey", "Startup Cost": 0.0, "Total Cost": 0.26, "Plan Rows": 1, "Plan Width": 0, "Index Cond": "(s_suppkey = lineitem.l_suppkey)"}]}]}, {"Node Type": "Bitmap Heap Scan", "Parent Relationship": "Inner", "Relation Name": "nation", "Alias": "n2", "Startup Cost": 0.26, "Total Cost": 4.27, "Plan Rows": 1, "Plan Width": 30, "Recheck Cond": "(n_nationkey = supplier.s_nationkey)", "Plans": [{"Node Type": "Bitmap Index Scan", "Parent Relationship": "Outer", "Index Name": "nation_pkey", "Startup Cost": 0.0, "Total Cost": 0.26, "Plan Rows": 1, "Plan Width": 0, "Index Cond": "(n_nationkey = supplier.s_nationkey)"}]}]}]}]}, "Unique SQL Id": 3681808042, "Planner Runtime": 2}, "explain_analyze_plan": null}, "(16, 40)": {"explain_plan": {"Plan": {"Node Type": "Sort", "Startup Cost": 486630.31, "Total Cost": 486630.33, "Plan Rows": 10, "Plan Width": 66, "Sort Key": ["(date_part('year'::text, orders.o_orderdate))"], "Plans": [{"Node Type": "Aggregate", "Strategy": "Hashed", "Parent Relationship": "Outer", "Startup Cost": 486629.99, "Total Cost": 486630.14, "Plan Rows": 10, "Plan Width": 66, "Group By Key": ["date_part('year'::text, orders.o_orderdate)"], "Plans": [{"Node Type": "Hash Join", "Parent Relationship": "Outer", "Join Type": "Inner", "Startup Cost": 4536.12, "Total Cost": 486510.17, "Plan Rows": 5991, "Plan Width": 50, "Inner Unique": true, "Hash Cond": "(supplier.s_nationkey = n2.n_nationkey)", "Plans": [{"Node Type": "Nested Loop", "Parent Relationship": "Outer", "Join Type": "Inner", "Startup Cost": 4534.56, "Total Cost": 486417.81, "Plan Rows": 5991, "Plan Width": 28, "Inner Unique": false, "Join Filter": "(n1.n_regionkey = region.r_regionkey)", "Plans": [{"Node Type": "Seq Scan", "Parent Relationship": "Outer", "Relation Name": "region", "Alias": "region", "Startup Cost": 0.0, "Total Cost": 1.06, "Plan Rows": 1, "Plan Width": 4, "Filter": "(r_name = 'ASIA'::bpchar)"}, {"Node Type": "Hash Join", "Parent Relationship": "Inner", "Join Type": "Inner", "Startup Cost": 4534.56, "Total Cost": 486042.32, "Plan Rows": 29954, "Plan Width": 32, "Inner Unique": true, "Hash Cond": "(customer.c_nationkey = n1.n_nationkey)", "Plans": [{"Node Type": "Nested Loop", "Parent Relationship": "Outer", "Join Type": "Inner", "Startup Cost": 4533.0, "Total Cost": 485661.65, "Plan Rows": 29954, "Plan Width": 32, "Inner Unique": true, "Plans": [{"Node Type": "Hash Join", "Parent Relationship": "Outer", "Join Type": "Inner", "Startup Cost": 4533.0, "Total Cost": 469409.78, "Plan Rows": 51198, "Plan Width": 36, "Inner Unique": true, "Hash Cond": "(lineitem.l_suppkey = supplier.s_suppkey)", "Plans": [{"Node Type": "Nested Loop", "Parent Relationship": "Outer", "Join Type": "Inner", "Startup Cost": 0.0, "Total Cost": 464497.44, "Plan Rows": 86479, "Plan Width": 40, "Inner Unique": true, "Plans": [{"Node Type": "Nested Loop", "Parent Relationship": "Outer", "Join Type": "Inner", "Startup Cost": 0.0, "Total Cost": 441564.57, "Plan Rows": 74637, "Plan Width": 32, "Inner Unique": false, "Plans": [{"Node Type": "Seq Scan", "Parent Relationship": "Outer", "Relation Name": "part", "Alias": "part", "Startup Cost": 0.0, "Total Cost": 66944.0, "Plan Rows": 13538, "Plan Width": 8, "Filter": "((p_type)::text = 'SMALL PLATED COPPER'::text)"}, {"Node Type": "Index Scan", "Parent Relationship": "Inner", "Scan Direction": "Forward", "Index Name": "idx_lineitem_part_supp", "Relation Name": "lineitem", "Alias": "lineitem", "Startup Cost": 0.0, "Total Cost": 27.61, "Plan Rows": 6, "Plan Width": 40, "Index Cond": "(l_partkey = part.p_partkey)"}]}, {"Node Type": "Index Scan", "Parent Relationship": "Inner", "Scan Direction": "Forward", "Index Name": "orders_pkey", "Relation Name": "orders", "Alias": "orders", "Startup Cost": 0.0, "Total Cost": 0.3, "Plan Rows": 1, "Plan Width": 24, "Index Cond": "(o_orderkey = lineitem.l_orderkey)", "Filter": "((o_orderdate >= '1995-01-01 00:00:00'::timestamp(0) without time zone) AND (o_orderdate <= '1996-12-31 00:00:00'::timestamp(0) without time zone))"}]}, {"Node Type": "Hash", "Parent Relationship": "Inner", "Startup Cost": 3283.0, "Total Cost": 3283.0, "Plan Rows": 100000, "Plan Width": 12, "Plans": [{"Node Type": "Seq Scan", "Parent Relationship": "Outer", "Relation Name": "supplier", "Alias": "supplier", "Startup Cost": 0.0, "Total Cost": 3283.0, "Plan Rows": 100000, "Plan Width": 12}]}]}, {"Node Type": "Index Scan", "Parent Relationship": "Inner", "Scan Direction": "Forward", "Index Name": "customer_pkey", "Relation Name": "customer", "Alias": "customer", "Startup Cost": 0.0, "Total Cost": 0.31, "Plan Rows": 1, "Plan Width": 12, "Index Cond": "(c_custkey = orders.o_custkey)"}]}, {"Node Type": "Hash", "Parent Relationship": "Inner", "Startup Cost": 1.25, "Total Cost": 1.25, "Plan Rows": 25, "Plan Width": 8, "Plans": [{"Node Type": "Seq Scan", "Parent Relationship": "Outer", "Relation Name": "nation", "Alias": "n1", "Startup Cost": 0.0, "Total Cost": 1.25, "Plan Rows": 25, "Plan Width": 8}]}]}]}, {"Node Type": "Hash", "Parent Relationship": "Inner", "Startup Cost": 1.25, "Total Cost": 1.25, "Plan Rows": 25, "Plan Width": 30, "Plans": [{"Node Type": "Seq Scan", "Parent Relationship": "Outer", "Relation Name": "nation", "Alias": "n2", "Startup Cost": 0.0, "Total Cost": 1.25, "Plan Rows": 25, "Plan Width": 30}]}]}]}]}, "Unique SQL Id": 3681808042, "Planner Runtime": 5}, "explain_analyze_plan": {"Plan": {"Node Type": "Sort", "Startup Cost": 486630.31, "Total Cost": 486630.33, "Plan Rows": 10, "Plan Width": 66, "Actual Startup Time": 6657.822, "Actual Total Time": 6657.822, "Actual Rows": 2, "Actual Loops": 1, "Sort Key": ["(date_part('year'::text, orders.o_orderdate))"], "Sort Method": "quicksort", "Sort Space Used": 25, "Sort Space Type": "Memory", "Plans": [{"Node Type": "Aggregate", "Strategy": "Hashed", "Parent Relationship": "Outer", "Startup Cost": 486629.99, "Total Cost": 486630.14, "Plan Rows": 10, "Plan Width": 66, "Actual Startup Time": 6657.801, "Actual Total Time": 6657.801, "Actual Rows": 2, "Actual Loops": 1, "Group By Key": ["date_part('year'::text, orders.o_orderdate)"], "Plans": [{"Node Type": "Hash Join", "Parent Relationship": "Outer", "Join Type": "Inner", "Startup Cost": 4536.12, "Total Cost": 486510.17, "Plan Rows": 5991, "Plan Width": 50, "Actual Startup Time": 63.991, "Actual Total Time": 6619.798, "Actual Rows": 23929, "Actual Loops": 1, "Inner Unique": true, "Hash Cond": "(supplier.s_nationkey = n2.n_nationkey)", "Plans": [{"Node Type": "Nested Loop", "Parent Relationship": "Outer", "Join Type": "Inner", "Startup Cost": 4534.56, "Total Cost": 486417.81, "Plan Rows": 5991, "Plan Width": 28, "Actual Startup Time": 63.894, "Actual Total Time": 6584.866, "Actual Rows": 23929, "Actual Loops": 1, "Inner Unique": false, "Join Filter": "(n1.n_regionkey = region.r_regionkey)", "Rows Removed by Join Filter": 95836, "Plans": [{"Node Type": "Seq Scan", "Parent Relationship": "Outer", "Relation Name": "region", "Alias": "region", "Startup Cost": 0.0, "Total Cost": 1.06, "Plan Rows": 1, "Plan Width": 4, "Actual Startup Time": 0.01, "Actual Total Time": 0.014, "Actual Rows": 1, "Actual Loops": 1, "Filter": "(r_name = 'ASIA'::bpchar)", "Rows Removed by Filter": 4}, {"Node Type": "Hash Join", "Parent Relationship": "Inner", "Join Type": "Inner", "Startup Cost": 4534.56, "Total Cost": 486042.32, "Plan Rows": 29954, "Plan Width": 32, "Actual Startup Time": 63.701, "Actual Total Time": 6550.731, "Actual Rows": 119765, "Actual Loops": 1, "Inner Unique": true, "Hash Cond": "(customer.c_nationkey = n1.n_nationkey)", "Plans": [{"Node Type": "Nested Loop", "Parent Relationship": "Outer", "Join Type": "Inner", "Startup Cost": 4533.0, "Total Cost": 485661.65, "Plan Rows": 29954, "Plan Width": 32, "Actual Startup Time": 63.645, "Actual Total Time": 6479.463, "Actual Rows": 119765, "Actual Loops": 1, "Inner Unique": true, "Plans": [{"Node Type": "Hash Join", "Parent Relationship": "Outer", "Join Type": "Inner", "Startup Cost": 4533.0, "Total Cost": 469409.78, "Plan Rows": 51198, "Plan Width": 36, "Actual Startup Time": 63.597, "Actual Total Time": 5532.269, "Actual Rows": 119765, "Actual Loops": 1, "Inner Unique": true, "Hash Cond": "(lineitem.l_suppkey = supplier.s_suppkey)", "Plans": [{"Node Type": "Nested Loop", "Parent Relationship": "Outer", "Join Type": "Inner", "Startup Cost": 0.0, "Total Cost": 464497.44, "Plan Rows": 86479, "Plan Width": 40, "Actual Startup Time": 0.138, "Actual Total Time": 5382.924, "Actual Rows": 119765, "Actual Loops": 1, "Inner Unique": true, "Plans": [{"Node Type": "Nested Loop", "Parent Relationship": "Outer", "Join Type": "Inner", "Startup Cost": 0.0, "Total Cost": 441564.57, "Plan Rows": 74637, "Plan Width": 32, "Actual Startup Time": 0.036, "Actual Total Time": 1994.019, "Actual Rows": 395341, "Actual Loops": 1, "Inner Unique": false, "Plans": [{"Node Type": "Seq Scan", "Parent Relationship": "Outer", "Relation Name": "part", "Alias": "part", "Startup Cost": 0.0, "Total Cost": 66944.0, "Plan Rows": 13538, "Plan Width": 8, "Actual Startup Time": 0.014, "Actual Total Time": 761.161, "Actual Rows": 13163, "Actual Loops": 1, "Filter": "((p_type)::text = 'SMALL PLATED COPPER'::text)", "Rows Removed by Filter": 1986837}, {"Node Type": "Index Scan", "Parent Relationship": "Inner", "Scan Direction": "Forward", "Index Name": "idx_lineitem_part_supp", "Relation Name": "lineitem", "Alias": "lineitem", "Startup Cost": 0.0, "Total Cost": 27.61, "Plan Rows": 6, "Plan Width": 40, "Actual Startup Time": 155.365, "Actual Total Time": 1131.429, "Actual Rows": 395341, "Actual Loops": 13163, "Index Cond": "(l_partkey = part.p_partkey)", "Rows Removed by Index Recheck": 0}]}, {"Node Type": "Index Scan", "Parent Relationship": "Inner", "Scan Direction": "Forward", "Index Name": "orders_pkey", "Relation Name": "orders", "Alias": "orders", "Startup Cost": 0.0, "Total Cost": 0.3, "Plan Rows": 1, "Plan Width": 24, "Actual Startup Time": 3151.57, "Actual Total Time": 3151.57, "Actual Rows": 119765, "Actual Loops": 395341, "Index Cond": "(o_orderkey = lineitem.l_orderkey)", "Rows Removed by Index Recheck": 0, "Filter": "((o_orderdate >= '1995-01-01 00:00:00'::timestamp(0) without time zone) AND (o_orderdate <= '1996-12-31 00:00:00'::timestamp(0) without time zone))", "Rows Removed by Filter": 275576}]}, {"Node Type": "Hash", "Parent Relationship": "Inner", "Startup Cost": 3283.0, "Total Cost": 3283.0, "Plan Rows": 100000, "Plan Width": 12, "Actual Startup Time": 63.334, "Actual Total Time": 63.334, "Actual Rows": 100000, "Actual Loops": 1, "Hash Buckets": 131072, "Hash Batches": 1, "Original Hash Batches": 1, "Peak Memory Usage": 4297, "Plans": [{"Node Type": "Seq Scan", "Parent Relationship": "Outer", "Relation Name": "supplier", "Alias": "supplier", "Startup Cost": 0.0, "Total Cost": 3283.0, "Plan Rows": 100000, "Plan Width": 12, "Actual Startup Time": 0.012, "Actual Total Time": 36.132, "Actual Rows": 100000, "Actual Loops": 1}]}]}, {"Node Type": "Index Scan", "Parent Relationship": "Inner", "Scan Direction": "Forward", "Index Name": "customer_pkey", "Relation Name": "customer", "Alias": "customer", "Startup Cost": 0.0, "Total Cost": 0.31, "Plan Rows": 1, "Plan Width": 12, "Actual Startup Time": 838.481, "Actual Total Time": 838.481, "Actual Rows": 119765, "Actual Loops": 119765, "Index Cond": "(c_custkey = orders.o_custkey)", "Rows Removed by Index Recheck": 0}]}, {"Node Type": "Hash", "Parent Relationship": "Inner", "Startup Cost": 1.25, "Total Cost": 1.25, "Plan Rows": 25, "Plan Width": 8, "Actual Startup Time": 0.02, "Actual Total Time": 0.02, "Actual Rows": 25, "Actual Loops": 1, "Hash Buckets": 32768, "Hash Batches": 1, "Original Hash Batches": 1, "Peak Memory Usage": 1, "Plans": [{"Node Type": "Seq Scan", "Parent Relationship": "Outer", "Relation Name": "nation", "Alias": "n1", "Startup Cost": 0.0, "Total Cost": 1.25, "Plan Rows": 25, "Plan Width": 8, "Actual Startup Time": 0.007, "Actual Total Time": 0.012, "Actual Rows": 25, "Actual Loops": 1}]}]}]}, {"Node Type": "Hash", "Parent Relationship": "Inner", "Startup Cost": 1.25, "Total Cost": 1.25, "Plan Rows": 25, "Plan Width": 30, "Actual Startup Time": 0.04, "Actual Total Time": 0.04, "Actual Rows": 25, "Actual Loops": 1, "Hash Buckets": 32768, "Hash Batches": 1, "Original Hash Batches": 1, "Peak Memory Usage": 2, "Plans": [{"Node Type": "Seq Scan", "Parent Relationship": "Outer", "Relation Name": "nation", "Alias": "n2", "Startup Cost": 0.0, "Total Cost": 1.25, "Plan Rows": 25, "Plan Width": 30, "Actual Startup Time": 0.019, "Actual Total Time": 0.025, "Actual Rows": 25, "Actual Loops": 1}]}]}]}]}, "Triggers": [], "Planner Runtime": 5, "Total Runtime": 6658.228, "Unique SQL Id": 3681808042}}, "(16, 41)": {"explain_plan": {"Plan": {"Node Type": "Sort", "Startup Cost": 527575.13, "Total Cost": 527575.15, "Plan Rows": 10, "Plan Width": 66, "Sort Key": ["(date_part('year'::text, orders.o_orderdate))"], "Plans": [{"Node Type": "Aggregate", "Strategy": "Hashed", "Parent Relationship": "Outer", "Startup Cost": 527574.81, "Total Cost": 527574.96, "Plan Rows": 10, "Plan Width": 66, "Group By Key": ["date_part('year'::text, orders.o_orderdate)"], "Plans": [{"Node Type": "Hash Join", "Parent Relationship": "Outer", "Join Type": "Inner", "Startup Cost": 6610.42, "Total Cost": 527454.99, "Plan Rows": 5991, "Plan Width": 50, "Inner Unique": true, "Hash Cond": "(supplier.s_nationkey = n2.n_nationkey)", "Plans": [{"Node Type": "Nested Loop", "Parent Relationship": "Outer", "Join Type": "Inner", "Startup Cost": 6597.48, "Total Cost": 527351.25, "Plan Rows": 5991, "Plan Width": 28, "Inner Unique": false, "Join Filter": "(n1.n_regionkey = region.r_regionkey)", "Plans": [{"Node Type": "Index Scan", "Parent Relationship": "Outer", "Scan Direction": "Forward", "Index Name": "region_pkey", "Relation Name": "region", "Alias": "region", "Startup Cost": 0.0, "Total Cost": 12.34, "Plan Rows": 1, "Plan Width": 4, "Filter": "(r_name = 'ASIA'::bpchar)"}, {"Node Type": "Hash Join", "Parent Relationship": "Inner", "Join Type": "Inner", "Startup Cost": 6597.48, "Total Cost": 526964.49, "Plan Rows": 29954, "Plan Width": 32, "Inner Unique": true, "Hash Cond": "(customer.c_nationkey = n1.n_nationkey)", "Plans": [{"Node Type": "Nested Loop", "Parent Relationship": "Outer", "Join Type": "Inner", "Startup Cost": 6584.54, "Total Cost": 526572.45, "Plan Rows": 29954, "Plan Width": 32, "Inner Unique": true, "Plans": [{"Node Type": "Hash Join", "Parent Relationship": "Outer", "Join Type": "Inner", "Startup Cost": 6584.54, "Total Cost": 510320.57, "Plan Rows": 51198, "Plan Width": 36, "Inner Unique": true, "Hash Cond": "(lineitem.l_suppkey = supplier.s_suppkey)", "Plans": [{"Node Type": "Nested Loop", "Parent Relationship": "Outer", "Join Type": "Inner", "Startup Cost": 0.0, "Total Cost": 503356.69, "Plan Rows": 86479, "Plan Width": 40, "Inner Unique": true, "Plans": [{"Node Type": "Nested Loop", "Parent Relationship": "Outer", "Join Type": "Inner", "Startup Cost": 0.0, "Total Cost": 480423.82, "Plan Rows": 74637, "Plan Width": 32, "Inner Unique": false, "Plans": [{"Node Type": "Index Scan", "Parent Relationship": "Outer", "Scan Direction": "Forward", "Index Name": "part_kpey", "Relation Name": "part", "Alias": "part", "Startup Cost": 0.0, "Total Cost": 105803.25, "Plan Rows": 13538, "Plan Width": 8, "Filter": "((p_type)::text = 'SMALL PLATED COPPER'::text)"}, {"Node Type": "Index Scan", "Parent Relationship": "Inner", "Scan Direction": "Forward", "Index Name": "idx_lineitem_part_supp", "Relation Name": "lineitem", "Alias": "lineitem", "Startup Cost": 0.0, "Total Cost": 27.61, "Plan Rows": 6, "Plan Width": 40, "Index Cond": "(l_partkey = part.p_partkey)"}]}, {"Node Type": "Index Scan", "Parent Relationship": "Inner", "Scan Direction": "Forward", "Index Name": "orders_pkey", "Relation Name": "orders", "Alias": "orders", "Startup Cost": 0.0, "Total Cost": 0.3, "Plan Rows": 1, "Plan Width": 24, "Index Cond": "(o_orderkey = lineitem.l_orderkey)", "Filter": "((o_orderdate >= '1995-01-01 00:00:00'::timestamp(0) without time zone) AND (o_orderdate <= '1996-12-31 00:00:00'::timestamp(0) without time zone))"}]}, {"Node Type": "Hash", "Parent Relationship": "Inner", "Startup Cost": 5334.54, "Total Cost": 5334.54, "Plan Rows": 100000, "Plan Width": 12, "Plans": [{"Node Type": "Index Scan", "Parent Relationship": "Outer", "Scan Direction": "Forward", "Index Name": "supplier_pkey", "Relation Name": "supplier", "Alias": "supplier", "Startup Cost": 0.0, "Total Cost": 5334.54, "Plan Rows": 100000, "Plan Width": 12}]}]}, {"Node Type": "Index Scan", "Parent Relationship": "Inner", "Scan Direction": "Forward", "Index Name": "customer_pkey", "Relation Name": "customer", "Alias": "customer", "Startup Cost": 0.0, "Total Cost": 0.31, "Plan Rows": 1, "Plan Width": 12, "Index Cond": "(c_custkey = orders.o_custkey)"}]}, {"Node Type": "Hash", "Parent Relationship": "Inner", "Startup Cost": 12.62, "Total Cost": 12.62, "Plan Rows": 25, "Plan Width": 8, "Plans": [{"Node Type": "Index Scan", "Parent Relationship": "Outer", "Scan Direction": "Forward", "Index Name": "idx_nation_regionkey", "Relation Name": "nation", "Alias": "n1", "Startup Cost": 0.0, "Total Cost": 12.62, "Plan Rows": 25, "Plan Width": 8}]}]}]}, {"Node Type": "Hash", "Parent Relationship": "Inner", "Startup Cost": 12.62, "Total Cost": 12.62, "Plan Rows": 25, "Plan Width": 30, "Plans": [{"Node Type": "Index Scan", "Parent Relationship": "Outer", "Scan Direction": "Forward", "Index Name": "nation_pkey", "Relation Name": "nation", "Alias": "n2", "Startup Cost": 0.0, "Total Cost": 12.62, "Plan Rows": 25, "Plan Width": 30}]}]}]}]}, "Unique SQL Id": 3681808042, "Planner Runtime": 4}, "explain_analyze_plan": {"Plan": {"Node Type": "Sort", "Startup Cost": 527575.13, "Total Cost": 527575.15, "Plan Rows": 10, "Plan Width": 66, "Actual Startup Time": 7423.557, "Actual Total Time": 7423.558, "Actual Rows": 2, "Actual Loops": 1, "Sort Key": ["(date_part('year'::text, orders.o_orderdate))"], "Sort Method": "quicksort", "Sort Space Used": 25, "Sort Space Type": "Memory", "Plans": [{"Node Type": "Aggregate", "Strategy": "Hashed", "Parent Relationship": "Outer", "Startup Cost": 527574.81, "Total Cost": 527574.96, "Plan Rows": 10, "Plan Width": 66, "Actual Startup Time": 7423.523, "Actual Total Time": 7423.524, "Actual Rows": 2, "Actual Loops": 1, "Group By Key": ["date_part('year'::text, orders.o_orderdate)"], "Plans": [{"Node Type": "Hash Join", "Parent Relationship": "Outer", "Join Type": "Inner", "Startup Cost": 6610.42, "Total Cost": 527454.99, "Plan Rows": 5991, "Plan Width": 50, "Actual Startup Time": 97.403, "Actual Total Time": 7385.928, "Actual Rows": 23929, "Actual Loops": 1, "Inner Unique": true, "Hash Cond": "(supplier.s_nationkey = n2.n_nationkey)", "Plans": [{"Node Type": "Nested Loop", "Parent Relationship": "Outer", "Join Type": "Inner", "Startup Cost": 6597.48, "Total Cost": 527351.25, "Plan Rows": 5991, "Plan Width": 28, "Actual Startup Time": 97.231, "Actual Total Time": 7349.016, "Actual Rows": 23929, "Actual Loops": 1, "Inner Unique": false, "Join Filter": "(n1.n_regionkey = region.r_regionkey)", "Rows Removed by Join Filter": 95836, "Plans": [{"Node Type": "Index Scan", "Parent Relationship": "Outer", "Scan Direction": "Forward", "Index Name": "region_pkey", "Relation Name": "region", "Alias": "region", "Startup Cost": 0.0, "Total Cost": 12.34, "Plan Rows": 1, "Plan Width": 4, "Actual Startup Time": 0.024, "Actual Total Time": 0.142, "Actual Rows": 1, "Actual Loops": 1, "Filter": "(r_name = 'ASIA'::bpchar)", "Rows Removed by Filter": 4}, {"Node Type": "Hash Join", "Parent Relationship": "Inner", "Join Type": "Inner", "Startup Cost": 6597.48, "Total Cost": 526964.49, "Plan Rows": 29954, "Plan Width": 32, "Actual Startup Time": 97.012, "Actual Total Time": 7313.861, "Actual Rows": 119765, "Actual Loops": 1, "Inner Unique": true, "Hash Cond": "(customer.c_nationkey = n1.n_nationkey)", "Plans": [{"Node Type": "Nested Loop", "Parent Relationship": "Outer", "Join Type": "Inner", "Startup Cost": 6584.54, "Total Cost": 526572.45, "Plan Rows": 29954, "Plan Width": 32, "Actual Startup Time": 96.932, "Actual Total Time": 7244.756, "Actual Rows": 119765, "Actual Loops": 1, "Inner Unique": true, "Plans": [{"Node Type": "Hash Join", "Parent Relationship": "Outer", "Join Type": "Inner", "Startup Cost": 6584.54, "Total Cost": 510320.57, "Plan Rows": 51198, "Plan Width": 36, "Actual Startup Time": 96.902, "Actual Total Time": 6278.594, "Actual Rows": 119765, "Actual Loops": 1, "Inner Unique": true, "Hash Cond": "(lineitem.l_suppkey = supplier.s_suppkey)", "Plans": [{"Node Type": "Nested Loop", "Parent Relationship": "Outer", "Join Type": "Inner", "Startup Cost": 0.0, "Total Cost": 503356.69, "Plan Rows": 86479, "Plan Width": 40, "Actual Startup Time": 0.214, "Actual Total Time": 6094.059, "Actual Rows": 119765, "Actual Loops": 1, "Inner Unique": true, "Plans": [{"Node Type": "Nested Loop", "Parent Relationship": "Outer", "Join Type": "Inner", "Startup Cost": 0.0, "Total Cost": 480423.82, "Plan Rows": 74637, "Plan Width": 32, "Actual Startup Time": 0.077, "Actual Total Time": 2630.429, "Actual Rows": 395341, "Actual Loops": 1, "Inner Unique": false, "Plans": [{"Node Type": "Index Scan", "Parent Relationship": "Outer", "Scan Direction": "Forward", "Index Name": "part_kpey", "Relation Name": "part", "Alias": "part", "Startup Cost": 0.0, "Total Cost": 105803.25, "Plan Rows": 13538, "Plan Width": 8, "Actual Startup Time": 0.044, "Actual Total Time": 1377.295, "Actual Rows": 13163, "Actual Loops": 1, "Filter": "((p_type)::text = 'SMALL PLATED COPPER'::text)", "Rows Removed by Filter": 1986837}, {"Node Type": "Index Scan", "Parent Relationship": "Inner", "Scan Direction": "Forward", "Index Name": "idx_lineitem_part_supp", "Relation Name": "lineitem", "Alias": "lineitem", "Startup Cost": 0.0, "Total Cost": 27.61, "Plan Rows": 6, "Plan Width": 40, "Actual Startup Time": 157.831, "Actual Total Time": 1151.374, "Actual Rows": 395341, "Actual Loops": 13163, "Index Cond": "(l_partkey = part.p_partkey)", "Rows Removed by Index Recheck": 0}]}, {"Node Type": "Index Scan", "Parent Relationship": "Inner", "Scan Direction": "Forward", "Index Name": "orders_pkey", "Relation Name": "orders", "Alias": "orders", "Startup Cost": 0.0, "Total Cost": 0.3, "Plan Rows": 1, "Plan Width": 24, "Actual Startup Time": 3221.518, "Actual Total Time": 3221.518, "Actual Rows": 119765, "Actual Loops": 395341, "Index Cond": "(o_orderkey = lineitem.l_orderkey)", "Rows Removed by Index Recheck": 0, "Filter": "((o_orderdate >= '1995-01-01 00:00:00'::timestamp(0) without time zone) AND (o_orderdate <= '1996-12-31 00:00:00'::timestamp(0) without time zone))", "Rows Removed by Filter": 275576}]}, {"Node Type": "Hash", "Parent Relationship": "Inner", "Startup Cost": 5334.54, "Total Cost": 5334.54, "Plan Rows": 100000, "Plan Width": 12, "Actual Startup Time": 96.559, "Actual Total Time": 96.559, "Actual Rows": 100000, "Actual Loops": 1, "Hash Buckets": 131072, "Hash Batches": 1, "Original Hash Batches": 1, "Peak Memory Usage": 4297, "Plans": [{"Node Type": "Index Scan", "Parent Relationship": "Outer", "Scan Direction": "Forward", "Index Name": "supplier_pkey", "Relation Name": "supplier", "Alias": "supplier", "Startup Cost": 0.0, "Total Cost": 5334.54, "Plan Rows": 100000, "Plan Width": 12, "Actual Startup Time": 0.026, "Actual Total Time": 69.134, "Actual Rows": 100000, "Actual Loops": 1}]}]}, {"Node Type": "Index Scan", "Parent Relationship": "Inner", "Scan Direction": "Forward", "Index Name": "customer_pkey", "Relation Name": "customer", "Alias": "customer", "Startup Cost": 0.0, "Total Cost": 0.31, "Plan Rows": 1, "Plan Width": 12, "Actual Startup Time": 855.847, "Actual Total Time": 855.847, "Actual Rows": 119765, "Actual Loops": 119765, "Index Cond": "(c_custkey = orders.o_custkey)", "Rows Removed by Index Recheck": 0}]}, {"Node Type": "Hash", "Parent Relationship": "Inner", "Startup Cost": 12.62, "Total Cost": 12.62, "Plan Rows": 25, "Plan Width": 8, "Actual Startup Time": 0.03, "Actual Total Time": 0.03, "Actual Rows": 25, "Actual Loops": 1, "Hash Buckets": 32768, "Hash Batches": 1, "Original Hash Batches": 1, "Peak Memory Usage": 1, "Plans": [{"Node Type": "Index Scan", "Parent Relationship": "Outer", "Scan Direction": "Forward", "Index Name": "idx_nation_regionkey", "Relation Name": "nation", "Alias": "n1", "Startup Cost": 0.0, "Total Cost": 12.62, "Plan Rows": 25, "Plan Width": 8, "Actual Startup Time": 0.009, "Actual Total Time": 0.02, "Actual Rows": 25, "Actual Loops": 1}]}]}]}, {"Node Type": "Hash", "Parent Relationship": "Inner", "Startup Cost": 12.62, "Total Cost": 12.62, "Plan Rows": 25, "Plan Width": 30, "Actual Startup Time": 0.08, "Actual Total Time": 0.08, "Actual Rows": 25, "Actual Loops": 1, "Hash Buckets": 32768, "Hash Batches": 1, "Original Hash Batches": 1, "Peak Memory Usage": 2, "Plans": [{"Node Type": "Index Scan", "Parent Relationship": "Outer", "Scan Direction": "Forward", "Index Name": "nation_pkey", "Relation Name": "nation", "Alias": "n2", "Startup Cost": 0.0, "Total Cost": 12.62, "Plan Rows": 25, "Plan Width": 30, "Actual Startup Time": 0.04, "Actual Total Time": 0.061, "Actual Rows": 25, "Actual Loops": 1}]}]}]}]}, "Triggers": [], "Planner Runtime": 4, "Total Runtime": 7424.152, "Unique SQL Id": 3681808042}}, "(16, 42)": {"explain_plan": {"Plan": {"Node Type": "Sort", "Startup Cost": 2909305.92, "Total Cost": 2909305.94, "Plan Rows": 10, "Plan Width": 66, "Sort Key": ["(date_part('year'::text, orders.o_orderdate))"], "Plans": [{"Node Type": "Aggregate", "Strategy": "Hashed", "Parent Relationship": "Outer", "Startup Cost": 2909305.6, "Total Cost": 2909305.75, "Plan Rows": 10, "Plan Width": 66, "Group By Key": ["date_part('year'::text, orders.o_orderdate)"], "Plans": [{"Node Type": "Nested Loop", "Parent Relationship": "Outer", "Join Type": "Inner", "Startup Cost": 664846.82, "Total Cost": 2909185.78, "Plan Rows": 5991, "Plan Width": 50, "Inner Unique": true, "Join Filter": "(supplier.s_nationkey = n2.n_nationkey)", "Plans": [{"Node Type": "Hash Join", "Parent Relationship": "Outer", "Join Type": "Inner", "Startup Cost": 664846.82, "Total Cost": 2906922.86, "Plan Rows": 5991, "Plan Width": 28, "Inner Unique": true, "Hash Cond": "(lineitem.l_suppkey = supplier.s_suppkey)", "Plans": [{"Node Type": "Hash Join", "Parent Relationship": "Outer", "Join Type": "Inner", "Startup Cost": 660313.82, "Total Cost": 2902243.54, "Plan Rows": 17296, "Plan Width": 32, "Inner Unique": false, "Hash Cond": "(lineitem.l_orderkey = orders.o_orderkey)", "Plans": [{"Node Type": "Hash Join", "Parent Relationship": "Outer", "Join Type": "Inner", "Startup Cost": 67113.23, "Total Cost": 2307926.3, "Plan Rows": 74637, "Plan Width": 32, "Inner Unique": true, "Hash Cond": "(lineitem.l_partkey = part.p_partkey)", "Plans": [{"Node Type": "Seq Scan", "Parent Relationship": "Outer", "Relation Name": "lineitem", "Alias": "lineitem", "Startup Cost": 0.0, "Total Cost": 2015115.33, "Plan Rows": 59987033, "Plan Width": 40}, {"Node Type": "Hash", "Parent Relationship": "Inner", "Startup Cost": 66944.0, "Total Cost": 66944.0, "Plan Rows": 13538, "Plan Width": 8, "Plans": [{"Node Type": "Seq Scan", "Parent Relationship": "Outer", "Relation Name": "part", "Alias": "part", "Startup Cost": 0.0, "Total Cost": 66944.0, "Plan Rows": 13538, "Plan Width": 8, "Filter": "((p_type)::text = 'SMALL PLATED COPPER'::text)"}]}]}, {"Node Type": "Hash", "Parent Relationship": "Inner", "Startup Cost": 586571.9, "Total Cost": 586571.9, "Plan Rows": 530296, "Plan Width": 16, "Plans": [{"Node Type": "Hash Join", "Parent Relationship": "Outer", "Join Type": "Inner", "Startup Cost": 63058.22, "Total Cost": 586571.9, "Plan Rows": 530296, "Plan Width": 16, "Inner Unique": false, "Hash Cond": "(orders.o_custkey = customer.c_custkey), (LLVM Optimized)", "Plans": [{"Node Type": "Seq Scan", "Parent Relationship": "Outer", "Relation Name": "orders", "Alias": "orders", "Startup Cost": 195.35, "Total Cost": 501411.18, "Plan Rows": 4531967, "Plan Width": 24, "Filter": "((o_orderdate >= '1995-01-01 00:00:00'::timestamp(0) without time zone) AND (o_orderdate <= '1996-12-31 00:00:00'::timestamp(0) without time zone)), (LLVM Optimized)"}, {"Node Type": "Hash", "Parent Relationship": "Inner", "Startup Cost": 59112.88, "Total Cost": 59112.88, "Plan Rows": 300000, "Plan Width": 8, "Plans": [{"Node Type": "Hash Join", "Parent Relationship": "Outer", "Join Type": "Inner", "Startup Cost": 2.5, "Total Cost": 59112.88, "Plan Rows": 300000, "Plan Width": 8, "Inner Unique": false, "Hash Cond": "(customer.c_nationkey = n1.n_nationkey), (LLVM Optimized)", "Plans": [{"Node Type": "Seq Scan", "Parent Relationship": "Outer", "Relation Name": "customer", "Alias": "customer", "Startup Cost": 0.0, "Total Cost": 52126.0, "Plan Rows": 1500000, "Plan Width": 12}, {"Node Type": "Hash", "Parent Relationship": "Inner", "Startup Cost": 2.44, "Total Cost": 2.44, "Plan Rows": 5, "Plan Width": 4, "Plans": [{"Node Type": "Hash Join", "Parent Relationship": "Outer", "Join Type": "Inner", "Startup Cost": 1.07, "Total Cost": 2.44, "Plan Rows": 5, "Plan Width": 4, "Inner Unique": true, "Hash Cond": "(n1.n_regionkey = region.r_regionkey)", "Plans": [{"Node Type": "Seq Scan", "Parent Relationship": "Outer", "Relation Name": "nation", "Alias": "n1", "Startup Cost": 0.0, "Total Cost": 1.25, "Plan Rows": 25, "Plan Width": 8}, {"Node Type": "Hash", "Parent Relationship": "Inner", "Startup Cost": 1.06, "Total Cost": 1.06, "Plan Rows": 1, "Plan Width": 4, "Plans": [{"Node Type": "Seq Scan", "Parent Relationship": "Outer", "Relation Name": "region", "Alias": "region", "Startup Cost": 0.0, "Total Cost": 1.06, "Plan Rows": 1, "Plan Width": 4, "Filter": "(r_name = 'ASIA'::bpchar)"}]}]}]}]}]}]}]}]}, {"Node Type": "Hash", "Parent Relationship": "Inner", "Startup Cost": 3283.0, "Total Cost": 3283.0, "Plan Rows": 100000, "Plan Width": 12, "Plans": [{"Node Type": "Seq Scan", "Parent Relationship": "Outer", "Relation Name": "supplier", "Alias": "supplier", "Startup Cost": 0.0, "Total Cost": 3283.0, "Plan Rows": 100000, "Plan Width": 12}]}]}, {"Node Type": "Materialize", "Parent Relationship": "Inner", "Startup Cost": 0.0, "Total Cost": 1.38, "Plan Rows": 25, "Plan Width": 30, "Plans": [{"Node Type": "Seq Scan", "Parent Relationship": "Outer", "Relation Name": "nation", "Alias": "n2", "Startup Cost": 0.0, "Total Cost": 1.25, "Plan Rows": 25, "Plan Width": 30}]}]}]}]}, "Unique SQL Id": 3681808042, "Planner Runtime": 6}, "explain_analyze_plan": null}, "(16, 43)": {"explain_plan": {"Plan": {"Node Type": "Sort", "Startup Cost": 8018177364726.43, "Total Cost": 8018177364726.46, "Plan Rows": 10, "Plan Width": 66, "Sort Key": ["(date_part('year'::text, orders.o_orderdate))"], "Plans": [{"Node Type": "Aggregate", "Strategy": "Hashed", "Parent Relationship": "Outer", "Startup Cost": 8018177364726.12, "Total Cost": 8018177364726.27, "Plan Rows": 10, "Plan Width": 66, "Group By Key": ["date_part('year'::text, orders.o_orderdate)"], "Plans": [{"Node Type": "Nested Loop", "Parent Relationship": "Outer", "Join Type": "Inner", "Startup Cost": 80000000000.0, "Total Cost": 8018177364380.2, "Plan Rows": 17296, "Plan Width": 50, "Inner Unique": false, "Join Filter": "(supplier.s_suppkey = lineitem.l_suppkey)", "Plans": [{"Node Type": "Nested Loop", "Parent Relationship": "Outer", "Join Type": "Inner", "Startup Cost": 20000000000.0, "Total Cost": 2000000572216.94, "Plan Rows": 100000, "Plan Width": 34, "Inner Unique": true, "Join Filter": "(supplier.s_nationkey = n2.n_nationkey), (LLVM Optimized)", "Plans": [{"Node Type": "Index Scan", "Parent Relationship": "Outer", "Scan Direction": "Forward", "Index Name": "supplier_pkey", "Relation Name": "supplier", "Alias": "supplier", "Startup Cost": 10000000000.0, "Total Cost": 1000000533454.38, "Plan Rows": 100000, "Plan Width": 12}, {"Node Type": "Materialize", "Parent Relationship": "Inner", "Startup Cost": 10000000000.0, "Total Cost": 1000000001262.62, "Plan Rows": 25, "Plan Width": 30, "Plans": [{"Node Type": "Index Scan", "Parent Relationship": "Outer", "Scan Direction": "Forward", "Index Name": "nation_pkey", "Relation Name": "nation", "Alias": "n2", "Startup Cost": 10000000000.0, "Total Cost": 1000000001262.5, "Plan Rows": 25, "Plan Width": 30}]}]}, {"Node Type": "Materialize", "Parent Relationship": "Inner", "Startup Cost": 60000000000.0, "Total Cost": 6018150848163.26, "Plan Rows": 17296, "Plan Width": 32, "Plans": [{"Node Type": "Nested Loop", "Parent Relationship": "Outer", "Join Type": "Inner", "Startup Cost": 60000000000.0, "Total Cost": 6018150848076.78, "Plan Rows": 17296, "Plan Width": 32, "Inner Unique": false, "Join Filter": "(orders.o_custkey = customer.c_custkey)", "Plans": [{"Node Type": "Nested Loop", "Parent Relationship": "Outer", "Join Type": "Inner", "Startup Cost": 30000000000.0, "Total Cost": 3017753500294.51, "Plan Rows": 86479, "Plan Width": 40, "Inner Unique": false, "Join Filter": "(lineitem.l_orderkey = orders.o_orderkey)", "Plans": [{"Node Type": "Index Scan", "Parent Relationship": "Outer", "Scan Direction": "Forward", "Index Name": "idx_orders_custkey", "Relation Name": "orders", "Alias": "orders", "Startup Cost": 10000000000.0, "Total Cost": 1000163551268.58, "Plan Rows": 4531967, "Plan Width": 24, "Filter": "((o_orderdate >= '1995-01-01 00:00:00'::timestamp(0) without time zone) AND (o_orderdate <= '1996-12-31 00:00:00'::timestamp(0) without time zone)), (LLVM Optimized)"}, {"Node Type": "Materialize", "Parent Relationship": "Inner", "Startup Cost": 20000000000.0, "Total Cost": 2012516162897.84, "Plan Rows": 74637, "Plan Width": 32, "Plans": [{"Node Type": "Nested Loop", "Parent Relationship": "Outer", "Join Type": "Inner", "Startup Cost": 20000000000.0, "Total Cost": 2012516162524.66, "Plan Rows": 74637, "Plan Width": 32, "Inner Unique": true, "Join Filter": "(part.p_partkey = lineitem.l_partkey)", "Plans": [{"Node Type": "Index Scan", "Parent Relationship": "Outer", "Scan Direction": "Forward", "Index Name": "idx_lineitem_orderkey", "Relation Name": "lineitem", "Alias": "lineitem", "Startup Cost": 10000000000.0, "Total Cost": 1000324015374.5, "Plan Rows": 59987033, "Plan Width": 40}, {"Node Type": "Materialize", "Parent Relationship": "Inner", "Startup Cost": 10000000000.0, "Total Cost": 1000010580392.69, "Plan Rows": 13538, "Plan Width": 8, "Plans": [{"Node Type": "Index Scan", "Parent Relationship": "Outer", "Scan Direction": "Forward", "Index Name": "part_kpey", "Relation Name": "part", "Alias": "part", "Startup Cost": 10000000000.0, "Total Cost": 1000010580325.0, "Plan Rows": 13538, "Plan Width": 8, "Filter": "((p_type)::text = 'SMALL PLATED COPPER'::text)"}]}]}]}]}, {"Node Type": "Materialize", "Parent Relationship": "Inner", "Startup Cost": 30000000000.0, "Total Cost": 3000008193032.26, "Plan Rows": 300000, "Plan Width": 8, "Plans": [{"Node Type": "Nested Loop", "Parent Relationship": "Outer", "Join Type": "Inner", "Startup Cost": 30000000000.0, "Total Cost": 3000008191532.26, "Plan Rows": 300000, "Plan Width": 8, "Inner Unique": false, "Join Filter": "(n1.n_nationkey = customer.c_nationkey), (LLVM Optimized)", "Plans": [{"Node Type": "Index Scan", "Parent Relationship": "Outer", "Scan Direction": "Forward", "Index Name": "customer_pkey", "Relation Name": "customer", "Alias": "customer", "Startup Cost": 10000000000.0, "Total Cost": 1000008076535.62, "Plan Rows": 1500000, "Plan Width": 12}, {"Node Type": "Materialize", "Parent Relationship": "Inner", "Startup Cost": 20000000000.0, "Total Cost": 2000000002496.65, "Plan Rows": 5, "Plan Width": 4, "Plans": [{"Node Type": "Nested Loop", "Parent Relationship": "Outer", "Join Type": "Inner", "Startup Cost": 20000000000.0, "Total Cost": 2000000002496.63, "Plan Rows": 5, "Plan Width": 4, "Inner Unique": true, "Join Filter": "(n1.n_regionkey = region.r_regionkey)", "Plans": [{"Node Type": "Index Scan", "Parent Relationship": "Outer", "Scan Direction": "Forward", "Index Name": "nation_pkey", "Relation Name": "nation", "Alias": "n1", "Startup Cost": 10000000000.0, "Total Cost": 1000000001262.5, "Plan Rows": 25, "Plan Width": 8}, {"Node Type": "Materialize", "Parent Relationship": "Inner", "Startup Cost": 10000000000.0, "Total Cost": 1000000001233.76, "Plan Rows": 1, "Plan Width": 4, "Plans": [{"Node Type": "Index Scan", "Parent Relationship": "Outer", "Scan Direction": "Forward", "Index Name": "region_pkey", "Relation Name": "region", "Alias": "region", "Startup Cost": 10000000000.0, "Total Cost": 1000000001233.75, "Plan Rows": 1, "Plan Width": 4, "Filter": "(r_name = 'ASIA'::bpchar)"}]}]}]}]}]}]}]}]}]}]}, "Unique SQL Id": 3681808042, "Planner Runtime": 5}, "explain_analyze_plan": null}, "(16, 44)": {"explain_plan": {"Plan": {"Node Type": "Sort", "Startup Cost": 486630.31, "Total Cost": 486630.33, "Plan Rows": 10, "Plan Width": 66, "Sort Key": ["(date_part('year'::text, orders.o_orderdate))"], "Plans": [{"Node Type": "Aggregate", "Strategy": "Hashed", "Parent Relationship": "Outer", "Startup Cost": 486629.99, "Total Cost": 486630.14, "Plan Rows": 10, "Plan Width": 66, "Group By Key": ["date_part('year'::text, orders.o_orderdate)"], "Plans": [{"Node Type": "Hash Join", "Parent Relationship": "Outer", "Join Type": "Inner", "Startup Cost": 4536.12, "Total Cost": 486510.17, "Plan Rows": 5991, "Plan Width": 50, "Inner Unique": true, "Hash Cond": "(supplier.s_nationkey = n2.n_nationkey)", "Plans": [{"Node Type": "Nested Loop", "Parent Relationship": "Outer", "Join Type": "Inner", "Startup Cost": 4534.56, "Total Cost": 486417.81, "Plan Rows": 5991, "Plan Width": 28, "Inner Unique": false, "Join Filter": "(n1.n_regionkey = region.r_regionkey)", "Plans": [{"Node Type": "Seq Scan", "Parent Relationship": "Outer", "Relation Name": "region", "Alias": "region", "Startup Cost": 0.0, "Total Cost": 1.06, "Plan Rows": 1, "Plan Width": 4, "Filter": "(r_name = 'ASIA'::bpchar)"}, {"Node Type": "Hash Join", "Parent Relationship": "Inner", "Join Type": "Inner", "Startup Cost": 4534.56, "Total Cost": 486042.32, "Plan Rows": 29954, "Plan Width": 32, "Inner Unique": true, "Hash Cond": "(customer.c_nationkey = n1.n_nationkey)", "Plans": [{"Node Type": "Nested Loop", "Parent Relationship": "Outer", "Join Type": "Inner", "Startup Cost": 4533.0, "Total Cost": 485661.65, "Plan Rows": 29954, "Plan Width": 32, "Inner Unique": true, "Plans": [{"Node Type": "Hash Join", "Parent Relationship": "Outer", "Join Type": "Inner", "Startup Cost": 4533.0, "Total Cost": 469409.78, "Plan Rows": 51198, "Plan Width": 36, "Inner Unique": true, "Hash Cond": "(lineitem.l_suppkey = supplier.s_suppkey)", "Plans": [{"Node Type": "Nested Loop", "Parent Relationship": "Outer", "Join Type": "Inner", "Startup Cost": 0.0, "Total Cost": 464497.44, "Plan Rows": 86479, "Plan Width": 40, "Inner Unique": true, "Plans": [{"Node Type": "Nested Loop", "Parent Relationship": "Outer", "Join Type": "Inner", "Startup Cost": 0.0, "Total Cost": 441564.57, "Plan Rows": 74637, "Plan Width": 32, "Inner Unique": false, "Plans": [{"Node Type": "Seq Scan", "Parent Relationship": "Outer", "Relation Name": "part", "Alias": "part", "Startup Cost": 0.0, "Total Cost": 66944.0, "Plan Rows": 13538, "Plan Width": 8, "Filter": "((p_type)::text = 'SMALL PLATED COPPER'::text)"}, {"Node Type": "Index Scan", "Parent Relationship": "Inner", "Scan Direction": "Forward", "Index Name": "idx_lineitem_part_supp", "Relation Name": "lineitem", "Alias": "lineitem", "Startup Cost": 0.0, "Total Cost": 27.61, "Plan Rows": 6, "Plan Width": 40, "Index Cond": "(l_partkey = part.p_partkey)"}]}, {"Node Type": "Index Scan", "Parent Relationship": "Inner", "Scan Direction": "Forward", "Index Name": "orders_pkey", "Relation Name": "orders", "Alias": "orders", "Startup Cost": 0.0, "Total Cost": 0.3, "Plan Rows": 1, "Plan Width": 24, "Index Cond": "(o_orderkey = lineitem.l_orderkey)", "Filter": "((o_orderdate >= '1995-01-01 00:00:00'::timestamp(0) without time zone) AND (o_orderdate <= '1996-12-31 00:00:00'::timestamp(0) without time zone))"}]}, {"Node Type": "Hash", "Parent Relationship": "Inner", "Startup Cost": 3283.0, "Total Cost": 3283.0, "Plan Rows": 100000, "Plan Width": 12, "Plans": [{"Node Type": "Seq Scan", "Parent Relationship": "Outer", "Relation Name": "supplier", "Alias": "supplier", "Startup Cost": 0.0, "Total Cost": 3283.0, "Plan Rows": 100000, "Plan Width": 12}]}]}, {"Node Type": "Index Scan", "Parent Relationship": "Inner", "Scan Direction": "Forward", "Index Name": "customer_pkey", "Relation Name": "customer", "Alias": "customer", "Startup Cost": 0.0, "Total Cost": 0.31, "Plan Rows": 1, "Plan Width": 12, "Index Cond": "(c_custkey = orders.o_custkey)"}]}, {"Node Type": "Hash", "Parent Relationship": "Inner", "Startup Cost": 1.25, "Total Cost": 1.25, "Plan Rows": 25, "Plan Width": 8, "Plans": [{"Node Type": "Seq Scan", "Parent Relationship": "Outer", "Relation Name": "nation", "Alias": "n1", "Startup Cost": 0.0, "Total Cost": 1.25, "Plan Rows": 25, "Plan Width": 8}]}]}]}, {"Node Type": "Hash", "Parent Relationship": "Inner", "Startup Cost": 1.25, "Total Cost": 1.25, "Plan Rows": 25, "Plan Width": 30, "Plans": [{"Node Type": "Seq Scan", "Parent Relationship": "Outer", "Relation Name": "nation", "Alias": "n2", "Startup Cost": 0.0, "Total Cost": 1.25, "Plan Rows": 25, "Plan Width": 30}]}]}]}]}, "Unique SQL Id": 3681808042, "Planner Runtime": 5}, "explain_analyze_plan": {"Plan": {"Node Type": "Sort", "Startup Cost": 486630.31, "Total Cost": 486630.33, "Plan Rows": 10, "Plan Width": 66, "Actual Startup Time": 6657.822, "Actual Total Time": 6657.822, "Actual Rows": 2, "Actual Loops": 1, "Sort Key": ["(date_part('year'::text, orders.o_orderdate))"], "Sort Method": "quicksort", "Sort Space Used": 25, "Sort Space Type": "Memory", "Plans": [{"Node Type": "Aggregate", "Strategy": "Hashed", "Parent Relationship": "Outer", "Startup Cost": 486629.99, "Total Cost": 486630.14, "Plan Rows": 10, "Plan Width": 66, "Actual Startup Time": 6657.801, "Actual Total Time": 6657.801, "Actual Rows": 2, "Actual Loops": 1, "Group By Key": ["date_part('year'::text, orders.o_orderdate)"], "Plans": [{"Node Type": "Hash Join", "Parent Relationship": "Outer", "Join Type": "Inner", "Startup Cost": 4536.12, "Total Cost": 486510.17, "Plan Rows": 5991, "Plan Width": 50, "Actual Startup Time": 63.991, "Actual Total Time": 6619.798, "Actual Rows": 23929, "Actual Loops": 1, "Inner Unique": true, "Hash Cond": "(supplier.s_nationkey = n2.n_nationkey)", "Plans": [{"Node Type": "Nested Loop", "Parent Relationship": "Outer", "Join Type": "Inner", "Startup Cost": 4534.56, "Total Cost": 486417.81, "Plan Rows": 5991, "Plan Width": 28, "Actual Startup Time": 63.894, "Actual Total Time": 6584.866, "Actual Rows": 23929, "Actual Loops": 1, "Inner Unique": false, "Join Filter": "(n1.n_regionkey = region.r_regionkey)", "Rows Removed by Join Filter": 95836, "Plans": [{"Node Type": "Seq Scan", "Parent Relationship": "Outer", "Relation Name": "region", "Alias": "region", "Startup Cost": 0.0, "Total Cost": 1.06, "Plan Rows": 1, "Plan Width": 4, "Actual Startup Time": 0.01, "Actual Total Time": 0.014, "Actual Rows": 1, "Actual Loops": 1, "Filter": "(r_name = 'ASIA'::bpchar)", "Rows Removed by Filter": 4}, {"Node Type": "Hash Join", "Parent Relationship": "Inner", "Join Type": "Inner", "Startup Cost": 4534.56, "Total Cost": 486042.32, "Plan Rows": 29954, "Plan Width": 32, "Actual Startup Time": 63.701, "Actual Total Time": 6550.731, "Actual Rows": 119765, "Actual Loops": 1, "Inner Unique": true, "Hash Cond": "(customer.c_nationkey = n1.n_nationkey)", "Plans": [{"Node Type": "Nested Loop", "Parent Relationship": "Outer", "Join Type": "Inner", "Startup Cost": 4533.0, "Total Cost": 485661.65, "Plan Rows": 29954, "Plan Width": 32, "Actual Startup Time": 63.645, "Actual Total Time": 6479.463, "Actual Rows": 119765, "Actual Loops": 1, "Inner Unique": true, "Plans": [{"Node Type": "Hash Join", "Parent Relationship": "Outer", "Join Type": "Inner", "Startup Cost": 4533.0, "Total Cost": 469409.78, "Plan Rows": 51198, "Plan Width": 36, "Actual Startup Time": 63.597, "Actual Total Time": 5532.269, "Actual Rows": 119765, "Actual Loops": 1, "Inner Unique": true, "Hash Cond": "(lineitem.l_suppkey = supplier.s_suppkey)", "Plans": [{"Node Type": "Nested Loop", "Parent Relationship": "Outer", "Join Type": "Inner", "Startup Cost": 0.0, "Total Cost": 464497.44, "Plan Rows": 86479, "Plan Width": 40, "Actual Startup Time": 0.138, "Actual Total Time": 5382.924, "Actual Rows": 119765, "Actual Loops": 1, "Inner Unique": true, "Plans": [{"Node Type": "Nested Loop", "Parent Relationship": "Outer", "Join Type": "Inner", "Startup Cost": 0.0, "Total Cost": 441564.57, "Plan Rows": 74637, "Plan Width": 32, "Actual Startup Time": 0.036, "Actual Total Time": 1994.019, "Actual Rows": 395341, "Actual Loops": 1, "Inner Unique": false, "Plans": [{"Node Type": "Seq Scan", "Parent Relationship": "Outer", "Relation Name": "part", "Alias": "part", "Startup Cost": 0.0, "Total Cost": 66944.0, "Plan Rows": 13538, "Plan Width": 8, "Actual Startup Time": 0.014, "Actual Total Time": 761.161, "Actual Rows": 13163, "Actual Loops": 1, "Filter": "((p_type)::text = 'SMALL PLATED COPPER'::text)", "Rows Removed by Filter": 1986837}, {"Node Type": "Index Scan", "Parent Relationship": "Inner", "Scan Direction": "Forward", "Index Name": "idx_lineitem_part_supp", "Relation Name": "lineitem", "Alias": "lineitem", "Startup Cost": 0.0, "Total Cost": 27.61, "Plan Rows": 6, "Plan Width": 40, "Actual Startup Time": 155.365, "Actual Total Time": 1131.429, "Actual Rows": 395341, "Actual Loops": 13163, "Index Cond": "(l_partkey = part.p_partkey)", "Rows Removed by Index Recheck": 0}]}, {"Node Type": "Index Scan", "Parent Relationship": "Inner", "Scan Direction": "Forward", "Index Name": "orders_pkey", "Relation Name": "orders", "Alias": "orders", "Startup Cost": 0.0, "Total Cost": 0.3, "Plan Rows": 1, "Plan Width": 24, "Actual Startup Time": 3151.57, "Actual Total Time": 3151.57, "Actual Rows": 119765, "Actual Loops": 395341, "Index Cond": "(o_orderkey = lineitem.l_orderkey)", "Rows Removed by Index Recheck": 0, "Filter": "((o_orderdate >= '1995-01-01 00:00:00'::timestamp(0) without time zone) AND (o_orderdate <= '1996-12-31 00:00:00'::timestamp(0) without time zone))", "Rows Removed by Filter": 275576}]}, {"Node Type": "Hash", "Parent Relationship": "Inner", "Startup Cost": 3283.0, "Total Cost": 3283.0, "Plan Rows": 100000, "Plan Width": 12, "Actual Startup Time": 63.334, "Actual Total Time": 63.334, "Actual Rows": 100000, "Actual Loops": 1, "Hash Buckets": 131072, "Hash Batches": 1, "Original Hash Batches": 1, "Peak Memory Usage": 4297, "Plans": [{"Node Type": "Seq Scan", "Parent Relationship": "Outer", "Relation Name": "supplier", "Alias": "supplier", "Startup Cost": 0.0, "Total Cost": 3283.0, "Plan Rows": 100000, "Plan Width": 12, "Actual Startup Time": 0.012, "Actual Total Time": 36.132, "Actual Rows": 100000, "Actual Loops": 1}]}]}, {"Node Type": "Index Scan", "Parent Relationship": "Inner", "Scan Direction": "Forward", "Index Name": "customer_pkey", "Relation Name": "customer", "Alias": "customer", "Startup Cost": 0.0, "Total Cost": 0.31, "Plan Rows": 1, "Plan Width": 12, "Actual Startup Time": 838.481, "Actual Total Time": 838.481, "Actual Rows": 119765, "Actual Loops": 119765, "Index Cond": "(c_custkey = orders.o_custkey)", "Rows Removed by Index Recheck": 0}]}, {"Node Type": "Hash", "Parent Relationship": "Inner", "Startup Cost": 1.25, "Total Cost": 1.25, "Plan Rows": 25, "Plan Width": 8, "Actual Startup Time": 0.02, "Actual Total Time": 0.02, "Actual Rows": 25, "Actual Loops": 1, "Hash Buckets": 32768, "Hash Batches": 1, "Original Hash Batches": 1, "Peak Memory Usage": 1, "Plans": [{"Node Type": "Seq Scan", "Parent Relationship": "Outer", "Relation Name": "nation", "Alias": "n1", "Startup Cost": 0.0, "Total Cost": 1.25, "Plan Rows": 25, "Plan Width": 8, "Actual Startup Time": 0.007, "Actual Total Time": 0.012, "Actual Rows": 25, "Actual Loops": 1}]}]}]}, {"Node Type": "Hash", "Parent Relationship": "Inner", "Startup Cost": 1.25, "Total Cost": 1.25, "Plan Rows": 25, "Plan Width": 30, "Actual Startup Time": 0.04, "Actual Total Time": 0.04, "Actual Rows": 25, "Actual Loops": 1, "Hash Buckets": 32768, "Hash Batches": 1, "Original Hash Batches": 1, "Peak Memory Usage": 2, "Plans": [{"Node Type": "Seq Scan", "Parent Relationship": "Outer", "Relation Name": "nation", "Alias": "n2", "Startup Cost": 0.0, "Total Cost": 1.25, "Plan Rows": 25, "Plan Width": 30, "Actual Startup Time": 0.019, "Actual Total Time": 0.025, "Actual Rows": 25, "Actual Loops": 1}]}]}]}]}, "Triggers": [], "Planner Runtime": 5, "Total Runtime": 6658.228, "Unique SQL Id": 3681808042}}, "(16, 45)": {"explain_plan": {"Plan": {"Node Type": "Sort", "Startup Cost": 527575.13, "Total Cost": 527575.15, "Plan Rows": 10, "Plan Width": 66, "Sort Key": ["(date_part('year'::text, orders.o_orderdate))"], "Plans": [{"Node Type": "Aggregate", "Strategy": "Hashed", "Parent Relationship": "Outer", "Startup Cost": 527574.81, "Total Cost": 527574.96, "Plan Rows": 10, "Plan Width": 66, "Group By Key": ["date_part('year'::text, orders.o_orderdate)"], "Plans": [{"Node Type": "Hash Join", "Parent Relationship": "Outer", "Join Type": "Inner", "Startup Cost": 6610.42, "Total Cost": 527454.99, "Plan Rows": 5991, "Plan Width": 50, "Inner Unique": true, "Hash Cond": "(supplier.s_nationkey = n2.n_nationkey)", "Plans": [{"Node Type": "Nested Loop", "Parent Relationship": "Outer", "Join Type": "Inner", "Startup Cost": 6597.48, "Total Cost": 527351.25, "Plan Rows": 5991, "Plan Width": 28, "Inner Unique": false, "Join Filter": "(n1.n_regionkey = region.r_regionkey)", "Plans": [{"Node Type": "Index Scan", "Parent Relationship": "Outer", "Scan Direction": "Forward", "Index Name": "region_pkey", "Relation Name": "region", "Alias": "region", "Startup Cost": 0.0, "Total Cost": 12.34, "Plan Rows": 1, "Plan Width": 4, "Filter": "(r_name = 'ASIA'::bpchar)"}, {"Node Type": "Hash Join", "Parent Relationship": "Inner", "Join Type": "Inner", "Startup Cost": 6597.48, "Total Cost": 526964.49, "Plan Rows": 29954, "Plan Width": 32, "Inner Unique": true, "Hash Cond": "(customer.c_nationkey = n1.n_nationkey)", "Plans": [{"Node Type": "Nested Loop", "Parent Relationship": "Outer", "Join Type": "Inner", "Startup Cost": 6584.54, "Total Cost": 526572.45, "Plan Rows": 29954, "Plan Width": 32, "Inner Unique": true, "Plans": [{"Node Type": "Hash Join", "Parent Relationship": "Outer", "Join Type": "Inner", "Startup Cost": 6584.54, "Total Cost": 510320.57, "Plan Rows": 51198, "Plan Width": 36, "Inner Unique": true, "Hash Cond": "(lineitem.l_suppkey = supplier.s_suppkey)", "Plans": [{"Node Type": "Nested Loop", "Parent Relationship": "Outer", "Join Type": "Inner", "Startup Cost": 0.0, "Total Cost": 503356.69, "Plan Rows": 86479, "Plan Width": 40, "Inner Unique": true, "Plans": [{"Node Type": "Nested Loop", "Parent Relationship": "Outer", "Join Type": "Inner", "Startup Cost": 0.0, "Total Cost": 480423.82, "Plan Rows": 74637, "Plan Width": 32, "Inner Unique": false, "Plans": [{"Node Type": "Index Scan", "Parent Relationship": "Outer", "Scan Direction": "Forward", "Index Name": "part_kpey", "Relation Name": "part", "Alias": "part", "Startup Cost": 0.0, "Total Cost": 105803.25, "Plan Rows": 13538, "Plan Width": 8, "Filter": "((p_type)::text = 'SMALL PLATED COPPER'::text)"}, {"Node Type": "Index Scan", "Parent Relationship": "Inner", "Scan Direction": "Forward", "Index Name": "idx_lineitem_part_supp", "Relation Name": "lineitem", "Alias": "lineitem", "Startup Cost": 0.0, "Total Cost": 27.61, "Plan Rows": 6, "Plan Width": 40, "Index Cond": "(l_partkey = part.p_partkey)"}]}, {"Node Type": "Index Scan", "Parent Relationship": "Inner", "Scan Direction": "Forward", "Index Name": "orders_pkey", "Relation Name": "orders", "Alias": "orders", "Startup Cost": 0.0, "Total Cost": 0.3, "Plan Rows": 1, "Plan Width": 24, "Index Cond": "(o_orderkey = lineitem.l_orderkey)", "Filter": "((o_orderdate >= '1995-01-01 00:00:00'::timestamp(0) without time zone) AND (o_orderdate <= '1996-12-31 00:00:00'::timestamp(0) without time zone))"}]}, {"Node Type": "Hash", "Parent Relationship": "Inner", "Startup Cost": 5334.54, "Total Cost": 5334.54, "Plan Rows": 100000, "Plan Width": 12, "Plans": [{"Node Type": "Index Scan", "Parent Relationship": "Outer", "Scan Direction": "Forward", "Index Name": "supplier_pkey", "Relation Name": "supplier", "Alias": "supplier", "Startup Cost": 0.0, "Total Cost": 5334.54, "Plan Rows": 100000, "Plan Width": 12}]}]}, {"Node Type": "Index Scan", "Parent Relationship": "Inner", "Scan Direction": "Forward", "Index Name": "customer_pkey", "Relation Name": "customer", "Alias": "customer", "Startup Cost": 0.0, "Total Cost": 0.31, "Plan Rows": 1, "Plan Width": 12, "Index Cond": "(c_custkey = orders.o_custkey)"}]}, {"Node Type": "Hash", "Parent Relationship": "Inner", "Startup Cost": 12.62, "Total Cost": 12.62, "Plan Rows": 25, "Plan Width": 8, "Plans": [{"Node Type": "Index Scan", "Parent Relationship": "Outer", "Scan Direction": "Forward", "Index Name": "idx_nation_regionkey", "Relation Name": "nation", "Alias": "n1", "Startup Cost": 0.0, "Total Cost": 12.62, "Plan Rows": 25, "Plan Width": 8}]}]}]}, {"Node Type": "Hash", "Parent Relationship": "Inner", "Startup Cost": 12.62, "Total Cost": 12.62, "Plan Rows": 25, "Plan Width": 30, "Plans": [{"Node Type": "Index Scan", "Parent Relationship": "Outer", "Scan Direction": "Forward", "Index Name": "nation_pkey", "Relation Name": "nation", "Alias": "n2", "Startup Cost": 0.0, "Total Cost": 12.62, "Plan Rows": 25, "Plan Width": 30}]}]}]}]}, "Unique SQL Id": 3681808042, "Planner Runtime": 4}, "explain_analyze_plan": {"Plan": {"Node Type": "Sort", "Startup Cost": 527575.13, "Total Cost": 527575.15, "Plan Rows": 10, "Plan Width": 66, "Actual Startup Time": 7423.557, "Actual Total Time": 7423.558, "Actual Rows": 2, "Actual Loops": 1, "Sort Key": ["(date_part('year'::text, orders.o_orderdate))"], "Sort Method": "quicksort", "Sort Space Used": 25, "Sort Space Type": "Memory", "Plans": [{"Node Type": "Aggregate", "Strategy": "Hashed", "Parent Relationship": "Outer", "Startup Cost": 527574.81, "Total Cost": 527574.96, "Plan Rows": 10, "Plan Width": 66, "Actual Startup Time": 7423.523, "Actual Total Time": 7423.524, "Actual Rows": 2, "Actual Loops": 1, "Group By Key": ["date_part('year'::text, orders.o_orderdate)"], "Plans": [{"Node Type": "Hash Join", "Parent Relationship": "Outer", "Join Type": "Inner", "Startup Cost": 6610.42, "Total Cost": 527454.99, "Plan Rows": 5991, "Plan Width": 50, "Actual Startup Time": 97.403, "Actual Total Time": 7385.928, "Actual Rows": 23929, "Actual Loops": 1, "Inner Unique": true, "Hash Cond": "(supplier.s_nationkey = n2.n_nationkey)", "Plans": [{"Node Type": "Nested Loop", "Parent Relationship": "Outer", "Join Type": "Inner", "Startup Cost": 6597.48, "Total Cost": 527351.25, "Plan Rows": 5991, "Plan Width": 28, "Actual Startup Time": 97.231, "Actual Total Time": 7349.016, "Actual Rows": 23929, "Actual Loops": 1, "Inner Unique": false, "Join Filter": "(n1.n_regionkey = region.r_regionkey)", "Rows Removed by Join Filter": 95836, "Plans": [{"Node Type": "Index Scan", "Parent Relationship": "Outer", "Scan Direction": "Forward", "Index Name": "region_pkey", "Relation Name": "region", "Alias": "region", "Startup Cost": 0.0, "Total Cost": 12.34, "Plan Rows": 1, "Plan Width": 4, "Actual Startup Time": 0.024, "Actual Total Time": 0.142, "Actual Rows": 1, "Actual Loops": 1, "Filter": "(r_name = 'ASIA'::bpchar)", "Rows Removed by Filter": 4}, {"Node Type": "Hash Join", "Parent Relationship": "Inner", "Join Type": "Inner", "Startup Cost": 6597.48, "Total Cost": 526964.49, "Plan Rows": 29954, "Plan Width": 32, "Actual Startup Time": 97.012, "Actual Total Time": 7313.861, "Actual Rows": 119765, "Actual Loops": 1, "Inner Unique": true, "Hash Cond": "(customer.c_nationkey = n1.n_nationkey)", "Plans": [{"Node Type": "Nested Loop", "Parent Relationship": "Outer", "Join Type": "Inner", "Startup Cost": 6584.54, "Total Cost": 526572.45, "Plan Rows": 29954, "Plan Width": 32, "Actual Startup Time": 96.932, "Actual Total Time": 7244.756, "Actual Rows": 119765, "Actual Loops": 1, "Inner Unique": true, "Plans": [{"Node Type": "Hash Join", "Parent Relationship": "Outer", "Join Type": "Inner", "Startup Cost": 6584.54, "Total Cost": 510320.57, "Plan Rows": 51198, "Plan Width": 36, "Actual Startup Time": 96.902, "Actual Total Time": 6278.594, "Actual Rows": 119765, "Actual Loops": 1, "Inner Unique": true, "Hash Cond": "(lineitem.l_suppkey = supplier.s_suppkey)", "Plans": [{"Node Type": "Nested Loop", "Parent Relationship": "Outer", "Join Type": "Inner", "Startup Cost": 0.0, "Total Cost": 503356.69, "Plan Rows": 86479, "Plan Width": 40, "Actual Startup Time": 0.214, "Actual Total Time": 6094.059, "Actual Rows": 119765, "Actual Loops": 1, "Inner Unique": true, "Plans": [{"Node Type": "Nested Loop", "Parent Relationship": "Outer", "Join Type": "Inner", "Startup Cost": 0.0, "Total Cost": 480423.82, "Plan Rows": 74637, "Plan Width": 32, "Actual Startup Time": 0.077, "Actual Total Time": 2630.429, "Actual Rows": 395341, "Actual Loops": 1, "Inner Unique": false, "Plans": [{"Node Type": "Index Scan", "Parent Relationship": "Outer", "Scan Direction": "Forward", "Index Name": "part_kpey", "Relation Name": "part", "Alias": "part", "Startup Cost": 0.0, "Total Cost": 105803.25, "Plan Rows": 13538, "Plan Width": 8, "Actual Startup Time": 0.044, "Actual Total Time": 1377.295, "Actual Rows": 13163, "Actual Loops": 1, "Filter": "((p_type)::text = 'SMALL PLATED COPPER'::text)", "Rows Removed by Filter": 1986837}, {"Node Type": "Index Scan", "Parent Relationship": "Inner", "Scan Direction": "Forward", "Index Name": "idx_lineitem_part_supp", "Relation Name": "lineitem", "Alias": "lineitem", "Startup Cost": 0.0, "Total Cost": 27.61, "Plan Rows": 6, "Plan Width": 40, "Actual Startup Time": 157.831, "Actual Total Time": 1151.374, "Actual Rows": 395341, "Actual Loops": 13163, "Index Cond": "(l_partkey = part.p_partkey)", "Rows Removed by Index Recheck": 0}]}, {"Node Type": "Index Scan", "Parent Relationship": "Inner", "Scan Direction": "Forward", "Index Name": "orders_pkey", "Relation Name": "orders", "Alias": "orders", "Startup Cost": 0.0, "Total Cost": 0.3, "Plan Rows": 1, "Plan Width": 24, "Actual Startup Time": 3221.518, "Actual Total Time": 3221.518, "Actual Rows": 119765, "Actual Loops": 395341, "Index Cond": "(o_orderkey = lineitem.l_orderkey)", "Rows Removed by Index Recheck": 0, "Filter": "((o_orderdate >= '1995-01-01 00:00:00'::timestamp(0) without time zone) AND (o_orderdate <= '1996-12-31 00:00:00'::timestamp(0) without time zone))", "Rows Removed by Filter": 275576}]}, {"Node Type": "Hash", "Parent Relationship": "Inner", "Startup Cost": 5334.54, "Total Cost": 5334.54, "Plan Rows": 100000, "Plan Width": 12, "Actual Startup Time": 96.559, "Actual Total Time": 96.559, "Actual Rows": 100000, "Actual Loops": 1, "Hash Buckets": 131072, "Hash Batches": 1, "Original Hash Batches": 1, "Peak Memory Usage": 4297, "Plans": [{"Node Type": "Index Scan", "Parent Relationship": "Outer", "Scan Direction": "Forward", "Index Name": "supplier_pkey", "Relation Name": "supplier", "Alias": "supplier", "Startup Cost": 0.0, "Total Cost": 5334.54, "Plan Rows": 100000, "Plan Width": 12, "Actual Startup Time": 0.026, "Actual Total Time": 69.134, "Actual Rows": 100000, "Actual Loops": 1}]}]}, {"Node Type": "Index Scan", "Parent Relationship": "Inner", "Scan Direction": "Forward", "Index Name": "customer_pkey", "Relation Name": "customer", "Alias": "customer", "Startup Cost": 0.0, "Total Cost": 0.31, "Plan Rows": 1, "Plan Width": 12, "Actual Startup Time": 855.847, "Actual Total Time": 855.847, "Actual Rows": 119765, "Actual Loops": 119765, "Index Cond": "(c_custkey = orders.o_custkey)", "Rows Removed by Index Recheck": 0}]}, {"Node Type": "Hash", "Parent Relationship": "Inner", "Startup Cost": 12.62, "Total Cost": 12.62, "Plan Rows": 25, "Plan Width": 8, "Actual Startup Time": 0.03, "Actual Total Time": 0.03, "Actual Rows": 25, "Actual Loops": 1, "Hash Buckets": 32768, "Hash Batches": 1, "Original Hash Batches": 1, "Peak Memory Usage": 1, "Plans": [{"Node Type": "Index Scan", "Parent Relationship": "Outer", "Scan Direction": "Forward", "Index Name": "idx_nation_regionkey", "Relation Name": "nation", "Alias": "n1", "Startup Cost": 0.0, "Total Cost": 12.62, "Plan Rows": 25, "Plan Width": 8, "Actual Startup Time": 0.009, "Actual Total Time": 0.02, "Actual Rows": 25, "Actual Loops": 1}]}]}]}, {"Node Type": "Hash", "Parent Relationship": "Inner", "Startup Cost": 12.62, "Total Cost": 12.62, "Plan Rows": 25, "Plan Width": 30, "Actual Startup Time": 0.08, "Actual Total Time": 0.08, "Actual Rows": 25, "Actual Loops": 1, "Hash Buckets": 32768, "Hash Batches": 1, "Original Hash Batches": 1, "Peak Memory Usage": 2, "Plans": [{"Node Type": "Index Scan", "Parent Relationship": "Outer", "Scan Direction": "Forward", "Index Name": "nation_pkey", "Relation Name": "nation", "Alias": "n2", "Startup Cost": 0.0, "Total Cost": 12.62, "Plan Rows": 25, "Plan Width": 30, "Actual Startup Time": 0.04, "Actual Total Time": 0.061, "Actual Rows": 25, "Actual Loops": 1}]}]}]}]}, "Triggers": [], "Planner Runtime": 4, "Total Runtime": 7424.152, "Unique SQL Id": 3681808042}}, "(16, 46)": {"explain_plan": {"Plan": {"Node Type": "Sort", "Startup Cost": 2909305.92, "Total Cost": 2909305.94, "Plan Rows": 10, "Plan Width": 66, "Sort Key": ["(date_part('year'::text, orders.o_orderdate))"], "Plans": [{"Node Type": "Aggregate", "Strategy": "Hashed", "Parent Relationship": "Outer", "Startup Cost": 2909305.6, "Total Cost": 2909305.75, "Plan Rows": 10, "Plan Width": 66, "Group By Key": ["date_part('year'::text, orders.o_orderdate)"], "Plans": [{"Node Type": "Nested Loop", "Parent Relationship": "Outer", "Join Type": "Inner", "Startup Cost": 664846.82, "Total Cost": 2909185.78, "Plan Rows": 5991, "Plan Width": 50, "Inner Unique": true, "Join Filter": "(supplier.s_nationkey = n2.n_nationkey)", "Plans": [{"Node Type": "Hash Join", "Parent Relationship": "Outer", "Join Type": "Inner", "Startup Cost": 664846.82, "Total Cost": 2906922.86, "Plan Rows": 5991, "Plan Width": 28, "Inner Unique": true, "Hash Cond": "(lineitem.l_suppkey = supplier.s_suppkey)", "Plans": [{"Node Type": "Hash Join", "Parent Relationship": "Outer", "Join Type": "Inner", "Startup Cost": 660313.82, "Total Cost": 2902243.54, "Plan Rows": 17296, "Plan Width": 32, "Inner Unique": false, "Hash Cond": "(lineitem.l_orderkey = orders.o_orderkey)", "Plans": [{"Node Type": "Hash Join", "Parent Relationship": "Outer", "Join Type": "Inner", "Startup Cost": 67113.23, "Total Cost": 2307926.3, "Plan Rows": 74637, "Plan Width": 32, "Inner Unique": true, "Hash Cond": "(lineitem.l_partkey = part.p_partkey)", "Plans": [{"Node Type": "Seq Scan", "Parent Relationship": "Outer", "Relation Name": "lineitem", "Alias": "lineitem", "Startup Cost": 0.0, "Total Cost": 2015115.33, "Plan Rows": 59987033, "Plan Width": 40}, {"Node Type": "Hash", "Parent Relationship": "Inner", "Startup Cost": 66944.0, "Total Cost": 66944.0, "Plan Rows": 13538, "Plan Width": 8, "Plans": [{"Node Type": "Seq Scan", "Parent Relationship": "Outer", "Relation Name": "part", "Alias": "part", "Startup Cost": 0.0, "Total Cost": 66944.0, "Plan Rows": 13538, "Plan Width": 8, "Filter": "((p_type)::text = 'SMALL PLATED COPPER'::text)"}]}]}, {"Node Type": "Hash", "Parent Relationship": "Inner", "Startup Cost": 586571.9, "Total Cost": 586571.9, "Plan Rows": 530296, "Plan Width": 16, "Plans": [{"Node Type": "Hash Join", "Parent Relationship": "Outer", "Join Type": "Inner", "Startup Cost": 63058.22, "Total Cost": 586571.9, "Plan Rows": 530296, "Plan Width": 16, "Inner Unique": false, "Hash Cond": "(orders.o_custkey = customer.c_custkey), (LLVM Optimized)", "Plans": [{"Node Type": "Seq Scan", "Parent Relationship": "Outer", "Relation Name": "orders", "Alias": "orders", "Startup Cost": 195.35, "Total Cost": 501411.18, "Plan Rows": 4531967, "Plan Width": 24, "Filter": "((o_orderdate >= '1995-01-01 00:00:00'::timestamp(0) without time zone) AND (o_orderdate <= '1996-12-31 00:00:00'::timestamp(0) without time zone)), (LLVM Optimized)"}, {"Node Type": "Hash", "Parent Relationship": "Inner", "Startup Cost": 59112.88, "Total Cost": 59112.88, "Plan Rows": 300000, "Plan Width": 8, "Plans": [{"Node Type": "Hash Join", "Parent Relationship": "Outer", "Join Type": "Inner", "Startup Cost": 2.5, "Total Cost": 59112.88, "Plan Rows": 300000, "Plan Width": 8, "Inner Unique": false, "Hash Cond": "(customer.c_nationkey = n1.n_nationkey), (LLVM Optimized)", "Plans": [{"Node Type": "Seq Scan", "Parent Relationship": "Outer", "Relation Name": "customer", "Alias": "customer", "Startup Cost": 0.0, "Total Cost": 52126.0, "Plan Rows": 1500000, "Plan Width": 12}, {"Node Type": "Hash", "Parent Relationship": "Inner", "Startup Cost": 2.44, "Total Cost": 2.44, "Plan Rows": 5, "Plan Width": 4, "Plans": [{"Node Type": "Hash Join", "Parent Relationship": "Outer", "Join Type": "Inner", "Startup Cost": 1.07, "Total Cost": 2.44, "Plan Rows": 5, "Plan Width": 4, "Inner Unique": true, "Hash Cond": "(n1.n_regionkey = region.r_regionkey)", "Plans": [{"Node Type": "Seq Scan", "Parent Relationship": "Outer", "Relation Name": "nation", "Alias": "n1", "Startup Cost": 0.0, "Total Cost": 1.25, "Plan Rows": 25, "Plan Width": 8}, {"Node Type": "Hash", "Parent Relationship": "Inner", "Startup Cost": 1.06, "Total Cost": 1.06, "Plan Rows": 1, "Plan Width": 4, "Plans": [{"Node Type": "Seq Scan", "Parent Relationship": "Outer", "Relation Name": "region", "Alias": "region", "Startup Cost": 0.0, "Total Cost": 1.06, "Plan Rows": 1, "Plan Width": 4, "Filter": "(r_name = 'ASIA'::bpchar)"}]}]}]}]}]}]}]}]}, {"Node Type": "Hash", "Parent Relationship": "Inner", "Startup Cost": 3283.0, "Total Cost": 3283.0, "Plan Rows": 100000, "Plan Width": 12, "Plans": [{"Node Type": "Seq Scan", "Parent Relationship": "Outer", "Relation Name": "supplier", "Alias": "supplier", "Startup Cost": 0.0, "Total Cost": 3283.0, "Plan Rows": 100000, "Plan Width": 12}]}]}, {"Node Type": "Materialize", "Parent Relationship": "Inner", "Startup Cost": 0.0, "Total Cost": 1.38, "Plan Rows": 25, "Plan Width": 30, "Plans": [{"Node Type": "Seq Scan", "Parent Relationship": "Outer", "Relation Name": "nation", "Alias": "n2", "Startup Cost": 0.0, "Total Cost": 1.25, "Plan Rows": 25, "Plan Width": 30}]}]}]}]}, "Unique SQL Id": 3681808042, "Planner Runtime": 6}, "explain_analyze_plan": null}, "(16, 47)": {"explain_plan": {"Plan": {"Node Type": "Sort", "Startup Cost": 8018177364726.43, "Total Cost": 8018177364726.46, "Plan Rows": 10, "Plan Width": 66, "Sort Key": ["(date_part('year'::text, orders.o_orderdate))"], "Plans": [{"Node Type": "Aggregate", "Strategy": "Hashed", "Parent Relationship": "Outer", "Startup Cost": 8018177364726.12, "Total Cost": 8018177364726.27, "Plan Rows": 10, "Plan Width": 66, "Group By Key": ["date_part('year'::text, orders.o_orderdate)"], "Plans": [{"Node Type": "Nested Loop", "Parent Relationship": "Outer", "Join Type": "Inner", "Startup Cost": 80000000000.0, "Total Cost": 8018177364380.2, "Plan Rows": 17296, "Plan Width": 50, "Inner Unique": false, "Join Filter": "(supplier.s_suppkey = lineitem.l_suppkey)", "Plans": [{"Node Type": "Nested Loop", "Parent Relationship": "Outer", "Join Type": "Inner", "Startup Cost": 20000000000.0, "Total Cost": 2000000572216.94, "Plan Rows": 100000, "Plan Width": 34, "Inner Unique": true, "Join Filter": "(supplier.s_nationkey = n2.n_nationkey), (LLVM Optimized)", "Plans": [{"Node Type": "Index Scan", "Parent Relationship": "Outer", "Scan Direction": "Forward", "Index Name": "supplier_pkey", "Relation Name": "supplier", "Alias": "supplier", "Startup Cost": 10000000000.0, "Total Cost": 1000000533454.38, "Plan Rows": 100000, "Plan Width": 12}, {"Node Type": "Materialize", "Parent Relationship": "Inner", "Startup Cost": 10000000000.0, "Total Cost": 1000000001262.62, "Plan Rows": 25, "Plan Width": 30, "Plans": [{"Node Type": "Index Scan", "Parent Relationship": "Outer", "Scan Direction": "Forward", "Index Name": "nation_pkey", "Relation Name": "nation", "Alias": "n2", "Startup Cost": 10000000000.0, "Total Cost": 1000000001262.5, "Plan Rows": 25, "Plan Width": 30}]}]}, {"Node Type": "Materialize", "Parent Relationship": "Inner", "Startup Cost": 60000000000.0, "Total Cost": 6018150848163.26, "Plan Rows": 17296, "Plan Width": 32, "Plans": [{"Node Type": "Nested Loop", "Parent Relationship": "Outer", "Join Type": "Inner", "Startup Cost": 60000000000.0, "Total Cost": 6018150848076.78, "Plan Rows": 17296, "Plan Width": 32, "Inner Unique": false, "Join Filter": "(orders.o_custkey = customer.c_custkey)", "Plans": [{"Node Type": "Nested Loop", "Parent Relationship": "Outer", "Join Type": "Inner", "Startup Cost": 30000000000.0, "Total Cost": 3017753500294.51, "Plan Rows": 86479, "Plan Width": 40, "Inner Unique": false, "Join Filter": "(lineitem.l_orderkey = orders.o_orderkey)", "Plans": [{"Node Type": "Index Scan", "Parent Relationship": "Outer", "Scan Direction": "Forward", "Index Name": "idx_orders_custkey", "Relation Name": "orders", "Alias": "orders", "Startup Cost": 10000000000.0, "Total Cost": 1000163551268.58, "Plan Rows": 4531967, "Plan Width": 24, "Filter": "((o_orderdate >= '1995-01-01 00:00:00'::timestamp(0) without time zone) AND (o_orderdate <= '1996-12-31 00:00:00'::timestamp(0) without time zone)), (LLVM Optimized)"}, {"Node Type": "Materialize", "Parent Relationship": "Inner", "Startup Cost": 20000000000.0, "Total Cost": 2012516162897.84, "Plan Rows": 74637, "Plan Width": 32, "Plans": [{"Node Type": "Nested Loop", "Parent Relationship": "Outer", "Join Type": "Inner", "Startup Cost": 20000000000.0, "Total Cost": 2012516162524.66, "Plan Rows": 74637, "Plan Width": 32, "Inner Unique": true, "Join Filter": "(part.p_partkey = lineitem.l_partkey)", "Plans": [{"Node Type": "Index Scan", "Parent Relationship": "Outer", "Scan Direction": "Forward", "Index Name": "idx_lineitem_orderkey", "Relation Name": "lineitem", "Alias": "lineitem", "Startup Cost": 10000000000.0, "Total Cost": 1000324015374.5, "Plan Rows": 59987033, "Plan Width": 40}, {"Node Type": "Materialize", "Parent Relationship": "Inner", "Startup Cost": 10000000000.0, "Total Cost": 1000010580392.69, "Plan Rows": 13538, "Plan Width": 8, "Plans": [{"Node Type": "Index Scan", "Parent Relationship": "Outer", "Scan Direction": "Forward", "Index Name": "part_kpey", "Relation Name": "part", "Alias": "part", "Startup Cost": 10000000000.0, "Total Cost": 1000010580325.0, "Plan Rows": 13538, "Plan Width": 8, "Filter": "((p_type)::text = 'SMALL PLATED COPPER'::text)"}]}]}]}]}, {"Node Type": "Materialize", "Parent Relationship": "Inner", "Startup Cost": 30000000000.0, "Total Cost": 3000008193032.26, "Plan Rows": 300000, "Plan Width": 8, "Plans": [{"Node Type": "Nested Loop", "Parent Relationship": "Outer", "Join Type": "Inner", "Startup Cost": 30000000000.0, "Total Cost": 3000008191532.26, "Plan Rows": 300000, "Plan Width": 8, "Inner Unique": false, "Join Filter": "(n1.n_nationkey = customer.c_nationkey), (LLVM Optimized)", "Plans": [{"Node Type": "Index Scan", "Parent Relationship": "Outer", "Scan Direction": "Forward", "Index Name": "customer_pkey", "Relation Name": "customer", "Alias": "customer", "Startup Cost": 10000000000.0, "Total Cost": 1000008076535.62, "Plan Rows": 1500000, "Plan Width": 12}, {"Node Type": "Materialize", "Parent Relationship": "Inner", "Startup Cost": 20000000000.0, "Total Cost": 2000000002496.65, "Plan Rows": 5, "Plan Width": 4, "Plans": [{"Node Type": "Nested Loop", "Parent Relationship": "Outer", "Join Type": "Inner", "Startup Cost": 20000000000.0, "Total Cost": 2000000002496.63, "Plan Rows": 5, "Plan Width": 4, "Inner Unique": true, "Join Filter": "(n1.n_regionkey = region.r_regionkey)", "Plans": [{"Node Type": "Index Scan", "Parent Relationship": "Outer", "Scan Direction": "Forward", "Index Name": "nation_pkey", "Relation Name": "nation", "Alias": "n1", "Startup Cost": 10000000000.0, "Total Cost": 1000000001262.5, "Plan Rows": 25, "Plan Width": 8}, {"Node Type": "Materialize", "Parent Relationship": "Inner", "Startup Cost": 10000000000.0, "Total Cost": 1000000001233.76, "Plan Rows": 1, "Plan Width": 4, "Plans": [{"Node Type": "Index Scan", "Parent Relationship": "Outer", "Scan Direction": "Forward", "Index Name": "region_pkey", "Relation Name": "region", "Alias": "region", "Startup Cost": 10000000000.0, "Total Cost": 1000000001233.75, "Plan Rows": 1, "Plan Width": 4, "Filter": "(r_name = 'ASIA'::bpchar)"}]}]}]}]}]}]}]}]}]}]}, "Unique SQL Id": 3681808042, "Planner Runtime": 5}, "explain_analyze_plan": null}, "(16, 48)": {"explain_plan": {"Plan": {"Node Type": "Sort", "Startup Cost": 505096.47, "Total Cost": 505096.49, "Plan Rows": 10, "Plan Width": 66, "Sort Key": ["(date_part('year'::text, orders.o_orderdate))"], "Plans": [{"Node Type": "Aggregate", "Strategy": "Hashed", "Parent Relationship": "Outer", "Startup Cost": 505096.15, "Total Cost": 505096.3, "Plan Rows": 10, "Plan Width": 66, "Group By Key": ["date_part('year'::text, orders.o_orderdate)"], "Plans": [{"Node Type": "Nested Loop", "Parent Relationship": "Outer", "Join Type": "Inner", "Startup Cost": 0.0, "Total Cost": 504976.33, "Plan Rows": 5991, "Plan Width": 50, "Inner Unique": true, "Plans": [{"Node Type": "Nested Loop", "Parent Relationship": "Outer", "Join Type": "Inner", "Startup Cost": 0.0, "Total Cost": 503283.15, "Plan Rows": 5991, "Plan Width": 28, "Inner Unique": true, "Plans": [{"Node Type": "Nested Loop", "Parent Relationship": "Outer", "Join Type": "Inner", "Startup Cost": 0.0, "Total Cost": 498437.19, "Plan Rows": 17296, "Plan Width": 32, "Inner Unique": false, "Join Filter": "(n1.n_nationkey = customer.c_nationkey)", "Plans": [{"Node Type": "Nested Loop", "Parent Relationship": "Outer", "Join Type": "Inner", "Startup Cost": 0.0, "Total Cost": 491948.63, "Plan Rows": 86479, "Plan Width": 36, "Inner Unique": true, "Plans": [{"Node Type": "Nested Loop", "Parent Relationship": "Outer", "Join Type": "Inner", "Startup Cost": 0.0, "Total Cost": 464497.44, "Plan Rows": 86479, "Plan Width": 40, "Inner Unique": true, "Plans": [{"Node Type": "Nested Loop", "Parent Relationship": "Outer", "Join Type": "Inner", "Startup Cost": 0.0, "Total Cost": 441564.57, "Plan Rows": 74637, "Plan Width": 32, "Inner Unique": false, "Plans": [{"Node Type": "Seq Scan", "Parent Relationship": "Outer", "Relation Name": "part", "Alias": "part", "Startup Cost": 0.0, "Total Cost": 66944.0, "Plan Rows": 13538, "Plan Width": 8, "Filter": "((p_type)::text = 'SMALL PLATED COPPER'::text)"}, {"Node Type": "Index Scan", "Parent Relationship": "Inner", "Scan Direction": "Forward", "Index Name": "idx_lineitem_part_supp", "Relation Name": "lineitem", "Alias": "lineitem", "Startup Cost": 0.0, "Total Cost": 27.61, "Plan Rows": 6, "Plan Width": 40, "Index Cond": "(l_partkey = part.p_partkey)"}]}, {"Node Type": "Index Scan", "Parent Relationship": "Inner", "Scan Direction": "Forward", "Index Name": "orders_pkey", "Relation Name": "orders", "Alias": "orders", "Startup Cost": 0.0, "Total Cost": 0.3, "Plan Rows": 1, "Plan Width": 24, "Index Cond": "(o_orderkey = lineitem.l_orderkey)", "Filter": "((o_orderdate >= '1995-01-01 00:00:00'::timestamp(0) without time zone) AND (o_orderdate <= '1996-12-31 00:00:00'::timestamp(0) without time zone))"}]}, {"Node Type": "Index Scan", "Parent Relationship": "Inner", "Scan Direction": "Forward", "Index Name": "customer_pkey", "Relation Name": "customer", "Alias": "customer", "Startup Cost": 0.0, "Total Cost": 0.31, "Plan Rows": 1, "Plan Width": 12, "Index Cond": "(c_custkey = orders.o_custkey)"}]}, {"Node Type": "Materialize", "Parent Relationship": "Inner", "Startup Cost": 0.0, "Total Cost": 2.65, "Plan Rows": 5, "Plan Width": 4, "Plans": [{"Node Type": "Nested Loop", "Parent Relationship": "Outer", "Join Type": "Inner", "Startup Cost": 0.0, "Total Cost": 2.62, "Plan Rows": 5, "Plan Width": 4, "Inner Unique": false, "Join Filter": "(n1.n_regionkey = region.r_regionkey)", "Plans": [{"Node Type": "Seq Scan", "Parent Relationship": "Outer", "Relation Name": "region", "Alias": "region", "Startup Cost": 0.0, "Total Cost": 1.06, "Plan Rows": 1, "Plan Width": 4, "Filter": "(r_name = 'ASIA'::bpchar)"}, {"Node Type": "Seq Scan", "Parent Relationship": "Inner", "Relation Name": "nation", "Alias": "n1", "Startup Cost": 0.0, "Total Cost": 1.25, "Plan Rows": 25, "Plan Width": 8}]}]}]}, {"Node Type": "Index Scan", "Parent Relationship": "Inner", "Scan Direction": "Forward", "Index Name": "supplier_pkey", "Relation Name": "supplier", "Alias": "supplier", "Startup Cost": 0.0, "Total Cost": 0.27, "Plan Rows": 1, "Plan Width": 12, "Index Cond": "(s_suppkey = lineitem.l_suppkey)"}]}, {"Node Type": "Index Scan", "Parent Relationship": "Inner", "Scan Direction": "Forward", "Index Name": "nation_pkey", "Relation Name": "nation", "Alias": "n2", "Startup Cost": 0.0, "Total Cost": 0.27, "Plan Rows": 1, "Plan Width": 30, "Index Cond": "(n_nationkey = supplier.s_nationkey)"}]}]}]}, "Unique SQL Id": 3681808042, "Planner Runtime": 3}, "explain_analyze_plan": {"Plan": {"Node Type": "Sort", "Startup Cost": 505096.47, "Total Cost": 505096.49, "Plan Rows": 10, "Plan Width": 66, "Actual Startup Time": 7006.798, "Actual Total Time": 7006.798, "Actual Rows": 2, "Actual Loops": 1, "Sort Key": ["(date_part('year'::text, orders.o_orderdate))"], "Sort Method": "quicksort", "Sort Space Used": 25, "Sort Space Type": "Memory", "Plans": [{"Node Type": "Aggregate", "Strategy": "Hashed", "Parent Relationship": "Outer", "Startup Cost": 505096.15, "Total Cost": 505096.3, "Plan Rows": 10, "Plan Width": 66, "Actual Startup Time": 7006.778, "Actual Total Time": 7006.779, "Actual Rows": 2, "Actual Loops": 1, "Group By Key": ["date_part('year'::text, orders.o_orderdate)"], "Plans": [{"Node Type": "Nested Loop", "Parent Relationship": "Outer", "Join Type": "Inner", "Startup Cost": 0.0, "Total Cost": 504976.33, "Plan Rows": 5991, "Plan Width": 50, "Actual Startup Time": 0.506, "Actual Total Time": 6967.878, "Actual Rows": 23929, "Actual Loops": 1, "Inner Unique": true, "Plans": [{"Node Type": "Nested Loop", "Parent Relationship": "Outer", "Join Type": "Inner", "Startup Cost": 0.0, "Total Cost": 503283.15, "Plan Rows": 5991, "Plan Width": 28, "Actual Startup Time": 0.488, "Actual Total Time": 6879.824, "Actual Rows": 23929, "Actual Loops": 1, "Inner Unique": true, "Plans": [{"Node Type": "Nested Loop", "Parent Relationship": "Outer", "Join Type": "Inner", "Startup Cost": 0.0, "Total Cost": 498437.19, "Plan Rows": 17296, "Plan Width": 32, "Actual Startup Time": 0.473, "Actual Total Time": 6704.702, "Actual Rows": 23929, "Actual Loops": 1, "Inner Unique": false, "Join Filter": "(n1.n_nationkey = customer.c_nationkey)", "Rows Removed by Join Filter": 574896, "Plans": [{"Node Type": "Nested Loop", "Parent Relationship": "Outer", "Join Type": "Inner", "Startup Cost": 0.0, "Total Cost": 491948.63, "Plan Rows": 86479, "Plan Width": 36, "Actual Startup Time": 0.233, "Actual Total Time": 6486.62, "Actual Rows": 119765, "Actual Loops": 1, "Inner Unique": true, "Plans": [{"Node Type": "Nested Loop", "Parent Relationship": "Outer", "Join Type": "Inner", "Startup Cost": 0.0, "Total Cost": 464497.44, "Plan Rows": 86479, "Plan Width": 40, "Actual Startup Time": 0.218, "Actual Total Time": 5536.531, "Actual Rows": 119765, "Actual Loops": 1, "Inner Unique": true, "Plans": [{"Node Type": "Nested Loop", "Parent Relationship": "Outer", "Join Type": "Inner", "Startup Cost": 0.0, "Total Cost": 441564.57, "Plan Rows": 74637, "Plan Width": 32, "Actual Startup Time": 0.063, "Actual Total Time": 2039.844, "Actual Rows": 395341, "Actual Loops": 1, "Inner Unique": false, "Plans": [{"Node Type": "Seq Scan", "Parent Relationship": "Outer", "Relation Name": "part", "Alias": "part", "Startup Cost": 0.0, "Total Cost": 66944.0, "Plan Rows": 13538, "Plan Width": 8, "Actual Startup Time": 0.033, "Actual Total Time": 773.896, "Actual Rows": 13163, "Actual Loops": 1, "Filter": "((p_type)::text = 'SMALL PLATED COPPER'::text)", "Rows Removed by Filter": 1986837}, {"Node Type": "Index Scan", "Parent Relationship": "Inner", "Scan Direction": "Forward", "Index Name": "idx_lineitem_part_supp", "Relation Name": "lineitem", "Alias": "lineitem", "Startup Cost": 0.0, "Total Cost": 27.61, "Plan Rows": 6, "Plan Width": 40, "Actual Startup Time": 159.965, "Actual Total Time": 1161.38, "Actual Rows": 395341, "Actual Loops": 13163, "Index Cond": "(l_partkey = part.p_partkey)", "Rows Removed by Index Recheck": 0}]}, {"Node Type": "Index Scan", "Parent Relationship": "Inner", "Scan Direction": "Forward", "Index Name": "orders_pkey", "Relation Name": "orders", "Alias": "orders", "Startup Cost": 0.0, "Total Cost": 0.3, "Plan Rows": 1, "Plan Width": 24, "Actual Startup Time": 3248.275, "Actual Total Time": 3248.275, "Actual Rows": 119765, "Actual Loops": 395341, "Index Cond": "(o_orderkey = lineitem.l_orderkey)", "Rows Removed by Index Recheck": 0, "Filter": "((o_orderdate >= '1995-01-01 00:00:00'::timestamp(0) without time zone) AND (o_orderdate <= '1996-12-31 00:00:00'::timestamp(0) without time zone))", "Rows Removed by Filter": 275576}]}, {"Node Type": "Index Scan", "Parent Relationship": "Inner", "Scan Direction": "Forward", "Index Name": "customer_pkey", "Relation Name": "customer", "Alias": "customer", "Startup Cost": 0.0, "Total Cost": 0.31, "Plan Rows": 1, "Plan Width": 12, "Actual Startup Time": 839.255, "Actual Total Time": 839.255, "Actual Rows": 119765, "Actual Loops": 119765, "Index Cond": "(c_custkey = orders.o_custkey)", "Rows Removed by Index Recheck": 0}]}, {"Node Type": "Materialize", "Parent Relationship": "Inner", "Startup Cost": 0.0, "Total Cost": 2.65, "Plan Rows": 5, "Plan Width": 4, "Actual Startup Time": 12.797, "Actual Total Time": 64.631, "Actual Rows": 598825, "Actual Loops": 119765, "Plans": [{"Node Type": "Nested Loop", "Parent Relationship": "Outer", "Join Type": "Inner", "Startup Cost": 0.0, "Total Cost": 2.62, "Plan Rows": 5, "Plan Width": 4, "Actual Startup Time": 0.023, "Actual Total Time": 0.033, "Actual Rows": 5, "Actual Loops": 1, "Inner Unique": false, "Join Filter": "(n1.n_regionkey = region.r_regionkey)", "Rows Removed by Join Filter": 20, "Plans": [{"Node Type": "Seq Scan", "Parent Relationship": "Outer", "Relation Name": "region", "Alias": "region", "Startup Cost": 0.0, "Total Cost": 1.06, "Plan Rows": 1, "Plan Width": 4, "Actual Startup Time": 0.007, "Actual Total Time": 0.008, "Actual Rows": 1, "Actual Loops": 1, "Filter": "(r_name = 'ASIA'::bpchar)", "Rows Removed by Filter": 4}, {"Node Type": "Seq Scan", "Parent Relationship": "Inner", "Relation Name": "nation", "Alias": "n1", "Startup Cost": 0.0, "Total Cost": 1.25, "Plan Rows": 25, "Plan Width": 8, "Actual Startup Time": 0.007, "Actual Total Time": 0.01, "Actual Rows": 25, "Actual Loops": 1}]}]}]}, {"Node Type": "Index Scan", "Parent Relationship": "Inner", "Scan Direction": "Forward", "Index Name": "supplier_pkey", "Relation Name": "supplier", "Alias": "supplier", "Startup Cost": 0.0, "Total Cost": 0.27, "Plan Rows": 1, "Plan Width": 12, "Actual Startup Time": 143.152, "Actual Total Time": 143.152, "Actual Rows": 23929, "Actual Loops": 23929, "Index Cond": "(s_suppkey = lineitem.l_suppkey)", "Rows Removed by Index Recheck": 0}]}, {"Node Type": "Index Scan", "Parent Relationship": "Inner", "Scan Direction": "Forward", "Index Name": "nation_pkey", "Relation Name": "nation", "Alias": "n2", "Startup Cost": 0.0, "Total Cost": 0.27, "Plan Rows": 1, "Plan Width": 30, "Actual Startup Time": 41.105, "Actual Total Time": 41.105, "Actual Rows": 23929, "Actual Loops": 23929, "Index Cond": "(n_nationkey = supplier.s_nationkey)", "Rows Removed by Index Recheck": 0}]}]}]}, "Triggers": [], "Planner Runtime": 3, "Total Runtime": 7007.196, "Unique SQL Id": 3681808042}}, "(16, 49)": {"explain_plan": {"Plan": {"Node Type": "Sort", "Startup Cost": 543973.83, "Total Cost": 543973.85, "Plan Rows": 10, "Plan Width": 66, "Sort Key": ["(date_part('year'::text, orders.o_orderdate))"], "Plans": [{"Node Type": "Aggregate", "Strategy": "Hashed", "Parent Relationship": "Outer", "Startup Cost": 543973.51, "Total Cost": 543973.66, "Plan Rows": 10, "Plan Width": 66, "Group By Key": ["date_part('year'::text, orders.o_orderdate)"], "Plans": [{"Node Type": "Nested Loop", "Parent Relationship": "Outer", "Join Type": "Inner", "Startup Cost": 0.0, "Total Cost": 543853.69, "Plan Rows": 5991, "Plan Width": 50, "Inner Unique": true, "Plans": [{"Node Type": "Nested Loop", "Parent Relationship": "Outer", "Join Type": "Inner", "Startup Cost": 0.0, "Total Cost": 542160.52, "Plan Rows": 5991, "Plan Width": 28, "Inner Unique": true, "Plans": [{"Node Type": "Nested Loop", "Parent Relationship": "Outer", "Join Type": "Inner", "Startup Cost": 0.0, "Total Cost": 537314.56, "Plan Rows": 17296, "Plan Width": 32, "Inner Unique": false, "Join Filter": "(n1.n_nationkey = customer.c_nationkey)", "Plans": [{"Node Type": "Nested Loop", "Parent Relationship": "Outer", "Join Type": "Inner", "Startup Cost": 0.0, "Total Cost": 530807.88, "Plan Rows": 86479, "Plan Width": 36, "Inner Unique": true, "Plans": [{"Node Type": "Nested Loop", "Parent Relationship": "Outer", "Join Type": "Inner", "Startup Cost": 0.0, "Total Cost": 503356.69, "Plan Rows": 86479, "Plan Width": 40, "Inner Unique": true, "Plans": [{"Node Type": "Nested Loop", "Parent Relationship": "Outer", "Join Type": "Inner", "Startup Cost": 0.0, "Total Cost": 480423.82, "Plan Rows": 74637, "Plan Width": 32, "Inner Unique": false, "Plans": [{"Node Type": "Index Scan", "Parent Relationship": "Outer", "Scan Direction": "Forward", "Index Name": "part_kpey", "Relation Name": "part", "Alias": "part", "Startup Cost": 0.0, "Total Cost": 105803.25, "Plan Rows": 13538, "Plan Width": 8, "Filter": "((p_type)::text = 'SMALL PLATED COPPER'::text)"}, {"Node Type": "Index Scan", "Parent Relationship": "Inner", "Scan Direction": "Forward", "Index Name": "idx_lineitem_part_supp", "Relation Name": "lineitem", "Alias": "lineitem", "Startup Cost": 0.0, "Total Cost": 27.61, "Plan Rows": 6, "Plan Width": 40, "Index Cond": "(l_partkey = part.p_partkey)"}]}, {"Node Type": "Index Scan", "Parent Relationship": "Inner", "Scan Direction": "Forward", "Index Name": "orders_pkey", "Relation Name": "orders", "Alias": "orders", "Startup Cost": 0.0, "Total Cost": 0.3, "Plan Rows": 1, "Plan Width": 24, "Index Cond": "(o_orderkey = lineitem.l_orderkey)", "Filter": "((o_orderdate >= '1995-01-01 00:00:00'::timestamp(0) without time zone) AND (o_orderdate <= '1996-12-31 00:00:00'::timestamp(0) without time zone))"}]}, {"Node Type": "Index Scan", "Parent Relationship": "Inner", "Scan Direction": "Forward", "Index Name": "customer_pkey", "Relation Name": "customer", "Alias": "customer", "Startup Cost": 0.0, "Total Cost": 0.31, "Plan Rows": 1, "Plan Width": 12, "Index Cond": "(c_custkey = orders.o_custkey)"}]}, {"Node Type": "Materialize", "Parent Relationship": "Inner", "Startup Cost": 0.0, "Total Cost": 20.76, "Plan Rows": 5, "Plan Width": 4, "Plans": [{"Node Type": "Nested Loop", "Parent Relationship": "Outer", "Join Type": "Inner", "Startup Cost": 0.0, "Total Cost": 20.74, "Plan Rows": 5, "Plan Width": 4, "Inner Unique": false, "Plans": [{"Node Type": "Index Scan", "Parent Relationship": "Outer", "Scan Direction": "Forward", "Index Name": "region_pkey", "Relation Name": "region", "Alias": "region", "Startup Cost": 0.0, "Total Cost": 12.34, "Plan Rows": 1, "Plan Width": 4, "Filter": "(r_name = 'ASIA'::bpchar)"}, {"Node Type": "Index Scan", "Parent Relationship": "Inner", "Scan Direction": "Forward", "Index Name": "idx_nation_regionkey", "Relation Name": "nation", "Alias": "n1", "Startup Cost": 0.0, "Total Cost": 8.35, "Plan Rows": 5, "Plan Width": 8, "Index Cond": "(n_regionkey = region.r_regionkey)"}]}]}]}, {"Node Type": "Index Scan", "Parent Relationship": "Inner", "Scan Direction": "Forward", "Index Name": "supplier_pkey", "Relation Name": "supplier", "Alias": "supplier", "Startup Cost": 0.0, "Total Cost": 0.27, "Plan Rows": 1, "Plan Width": 12, "Index Cond": "(s_suppkey = lineitem.l_suppkey)"}]}, {"Node Type": "Index Scan", "Parent Relationship": "Inner", "Scan Direction": "Forward", "Index Name": "nation_pkey", "Relation Name": "nation", "Alias": "n2", "Startup Cost": 0.0, "Total Cost": 0.27, "Plan Rows": 1, "Plan Width": 30, "Index Cond": "(n_nationkey = supplier.s_nationkey)"}]}]}]}, "Unique SQL Id": 3681808042, "Planner Runtime": 3}, "explain_analyze_plan": {"Plan": {"Node Type": "Sort", "Startup Cost": 543973.83, "Total Cost": 543973.85, "Plan Rows": 10, "Plan Width": 66, "Actual Startup Time": 7638.685, "Actual Total Time": 7638.685, "Actual Rows": 2, "Actual Loops": 1, "Sort Key": ["(date_part('year'::text, orders.o_orderdate))"], "Sort Method": "quicksort", "Sort Space Used": 25, "Sort Space Type": "Memory", "Plans": [{"Node Type": "Aggregate", "Strategy": "Hashed", "Parent Relationship": "Outer", "Startup Cost": 543973.51, "Total Cost": 543973.66, "Plan Rows": 10, "Plan Width": 66, "Actual Startup Time": 7638.658, "Actual Total Time": 7638.66, "Actual Rows": 2, "Actual Loops": 1, "Group By Key": ["date_part('year'::text, orders.o_orderdate)"], "Plans": [{"Node Type": "Nested Loop", "Parent Relationship": "Outer", "Join Type": "Inner", "Startup Cost": 0.0, "Total Cost": 543853.69, "Plan Rows": 5991, "Plan Width": 50, "Actual Startup Time": 0.367, "Actual Total Time": 7599.402, "Actual Rows": 23929, "Actual Loops": 1, "Inner Unique": true, "Plans": [{"Node Type": "Nested Loop", "Parent Relationship": "Outer", "Join Type": "Inner", "Startup Cost": 0.0, "Total Cost": 542160.52, "Plan Rows": 5991, "Plan Width": 28, "Actual Startup Time": 0.356, "Actual Total Time": 7511.304, "Actual Rows": 23929, "Actual Loops": 1, "Inner Unique": true, "Plans": [{"Node Type": "Nested Loop", "Parent Relationship": "Outer", "Join Type": "Inner", "Startup Cost": 0.0, "Total Cost": 537314.56, "Plan Rows": 17296, "Plan Width": 32, "Actual Startup Time": 0.348, "Actual Total Time": 7329.477, "Actual Rows": 23929, "Actual Loops": 1, "Inner Unique": false, "Join Filter": "(n1.n_nationkey = customer.c_nationkey)", "Rows Removed by Join Filter": 574896, "Plans": [{"Node Type": "Nested Loop", "Parent Relationship": "Outer", "Join Type": "Inner", "Startup Cost": 0.0, "Total Cost": 530807.88, "Plan Rows": 86479, "Plan Width": 36, "Actual Startup Time": 0.177, "Actual Total Time": 7111.281, "Actual Rows": 119765, "Actual Loops": 1, "Inner Unique": true, "Plans": [{"Node Type": "Nested Loop", "Parent Relationship": "Outer", "Join Type": "Inner", "Startup Cost": 0.0, "Total Cost": 503356.69, "Plan Rows": 86479, "Plan Width": 40, "Actual Startup Time": 0.168, "Actual Total Time": 6165.853, "Actual Rows": 119765, "Actual Loops": 1, "Inner Unique": true, "Plans": [{"Node Type": "Nested Loop", "Parent Relationship": "Outer", "Join Type": "Inner", "Startup Cost": 0.0, "Total Cost": 480423.82, "Plan Rows": 74637, "Plan Width": 32, "Actual Startup Time": 0.063, "Actual Total Time": 2640.791, "Actual Rows": 395341, "Actual Loops": 1, "Inner Unique": false, "Plans": [{"Node Type": "Index Scan", "Parent Relationship": "Outer", "Scan Direction": "Forward", "Index Name": "part_kpey", "Relation Name": "part", "Alias": "part", "Startup Cost": 0.0, "Total Cost": 105803.25, "Plan Rows": 13538, "Plan Width": 8, "Actual Startup Time": 0.04, "Actual Total Time": 1363.377, "Actual Rows": 13163, "Actual Loops": 1, "Filter": "((p_type)::text = 'SMALL PLATED COPPER'::text)", "Rows Removed by Filter": 1986837}, {"Node Type": "Index Scan", "Parent Relationship": "Inner", "Scan Direction": "Forward", "Index Name": "idx_lineitem_part_supp", "Relation Name": "lineitem", "Alias": "lineitem", "Startup Cost": 0.0, "Total Cost": 27.61, "Plan Rows": 6, "Plan Width": 40, "Actual Startup Time": 164.943, "Actual Total Time": 1171.622, "Actual Rows": 395341, "Actual Loops": 13163, "Index Cond": "(l_partkey = part.p_partkey)", "Rows Removed by Index Recheck": 0}]}, {"Node Type": "Index Scan", "Parent Relationship": "Inner", "Scan Direction": "Forward", "Index Name": "orders_pkey", "Relation Name": "orders", "Alias": "orders", "Startup Cost": 0.0, "Total Cost": 0.3, "Plan Rows": 1, "Plan Width": 24, "Actual Startup Time": 3278.401, "Actual Total Time": 3278.401, "Actual Rows": 119765, "Actual Loops": 395341, "Index Cond": "(o_orderkey = lineitem.l_orderkey)", "Rows Removed by Index Recheck": 0, "Filter": "((o_orderdate >= '1995-01-01 00:00:00'::timestamp(0) without time zone) AND (o_orderdate <= '1996-12-31 00:00:00'::timestamp(0) without time zone))", "Rows Removed by Filter": 275576}]}, {"Node Type": "Index Scan", "Parent Relationship": "Inner", "Scan Direction": "Forward", "Index Name": "customer_pkey", "Relation Name": "customer", "Alias": "customer", "Startup Cost": 0.0, "Total Cost": 0.31, "Plan Rows": 1, "Plan Width": 12, "Actual Startup Time": 832.202, "Actual Total Time": 832.202, "Actual Rows": 119765, "Actual Loops": 119765, "Index Cond": "(c_custkey = orders.o_custkey)", "Rows Removed by Index Recheck": 0}]}, {"Node Type": "Materialize", "Parent Relationship": "Inner", "Startup Cost": 0.0, "Total Cost": 20.76, "Plan Rows": 5, "Plan Width": 4, "Actual Startup Time": 12.425, "Actual Total Time": 64.665, "Actual Rows": 598825, "Actual Loops": 119765, "Plans": [{"Node Type": "Nested Loop", "Parent Relationship": "Outer", "Join Type": "Inner", "Startup Cost": 0.0, "Total Cost": 20.74, "Plan Rows": 5, "Plan Width": 4, "Actual Startup Time": 0.018, "Actual Total Time": 0.024, "Actual Rows": 5, "Actual Loops": 1, "Inner Unique": false, "Plans": [{"Node Type": "Index Scan", "Parent Relationship": "Outer", "Scan Direction": "Forward", "Index Name": "region_pkey", "Relation Name": "region", "Alias": "region", "Startup Cost": 0.0, "Total Cost": 12.34, "Plan Rows": 1, "Plan Width": 4, "Actual Startup Time": 0.009, "Actual Total Time": 0.011, "Actual Rows": 1, "Actual Loops": 1, "Filter": "(r_name = 'ASIA'::bpchar)", "Rows Removed by Filter": 4}, {"Node Type": "Index Scan", "Parent Relationship": "Inner", "Scan Direction": "Forward", "Index Name": "idx_nation_regionkey", "Relation Name": "nation", "Alias": "n1", "Startup Cost": 0.0, "Total Cost": 8.35, "Plan Rows": 5, "Plan Width": 8, "Actual Startup Time": 0.005, "Actual Total Time": 0.006, "Actual Rows": 5, "Actual Loops": 1, "Index Cond": "(n_regionkey = region.r_regionkey)", "Rows Removed by Index Recheck": 0}]}]}]}, {"Node Type": "Index Scan", "Parent Relationship": "Inner", "Scan Direction": "Forward", "Index Name": "supplier_pkey", "Relation Name": "supplier", "Alias": "supplier", "Startup Cost": 0.0, "Total Cost": 0.27, "Plan Rows": 1, "Plan Width": 12, "Actual Startup Time": 148.659, "Actual Total Time": 148.659, "Actual Rows": 23929, "Actual Loops": 23929, "Index Cond": "(s_suppkey = lineitem.l_suppkey)", "Rows Removed by Index Recheck": 0}]}, {"Node Type": "Index Scan", "Parent Relationship": "Inner", "Scan Direction": "Forward", "Index Name": "nation_pkey", "Relation Name": "nation", "Alias": "n2", "Startup Cost": 0.0, "Total Cost": 0.27, "Plan Rows": 1, "Plan Width": 30, "Actual Startup Time": 41.417, "Actual Total Time": 41.417, "Actual Rows": 23929, "Actual Loops": 23929, "Index Cond": "(n_nationkey = supplier.s_nationkey)", "Rows Removed by Index Recheck": 0}]}]}]}, "Triggers": [], "Planner Runtime": 2, "Total Runtime": 7639.12, "Unique SQL Id": 3681808042}}, "(16, 50)": {"explain_plan": {"Plan": {"Node Type": "Sort", "Startup Cost": 1223730.05, "Total Cost": 1223730.08, "Plan Rows": 10, "Plan Width": 66, "Sort Key": ["(date_part('year'::text, orders.o_orderdate))"], "Plans": [{"Node Type": "Aggregate", "Strategy": "Hashed", "Parent Relationship": "Outer", "Startup Cost": 1223729.73, "Total Cost": 1223729.88, "Plan Rows": 10, "Plan Width": 66, "Group By Key": ["date_part('year'::text, orders.o_orderdate)"], "Plans": [{"Node Type": "Nested Loop", "Parent Relationship": "Outer", "Join Type": "Inner", "Startup Cost": 4.99, "Total Cost": 1223609.91, "Plan Rows": 5991, "Plan Width": 50, "Inner Unique": true, "Join Filter": "(supplier.s_nationkey = n2.n_nationkey)", "Plans": [{"Node Type": "Nested Loop", "Parent Relationship": "Outer", "Join Type": "Inner", "Startup Cost": 4.99, "Total Cost": 1221347.0, "Plan Rows": 5991, "Plan Width": 28, "Inner Unique": true, "Plans": [{"Node Type": "Nested Loop", "Parent Relationship": "Outer", "Join Type": "Inner", "Startup Cost": 4.73, "Total Cost": 1147315.35, "Plan Rows": 17296, "Plan Width": 32, "Inner Unique": false, "Join Filter": "(n1.n_nationkey = customer.c_nationkey)", "Plans": [{"Node Type": "Nested Loop", "Parent Relationship": "Outer", "Join Type": "Inner", "Startup Cost": 4.73, "Total Cost": 1140826.79, "Plan Rows": 86479, "Plan Width": 36, "Inner Unique": true, "Plans": [{"Node Type": "Nested Loop", "Parent Relationship": "Outer", "Join Type": "Inner", "Startup Cost": 4.47, "Total Cost": 770271.73, "Plan Rows": 86479, "Plan Width": 40, "Inner Unique": true, "Plans": [{"Node Type": "Nested Loop", "Parent Relationship": "Outer", "Join Type": "Inner", "Startup Cost": 4.21, "Total Cost": 450147.9, "Plan Rows": 74637, "Plan Width": 32, "Inner Unique": false, "Plans": [{"Node Type": "Seq Scan", "Parent Relationship": "Outer", "Relation Name": "part", "Alias": "part", "Startup Cost": 0.0, "Total Cost": 66944.0, "Plan Rows": 13538, "Plan Width": 8, "Filter": "((p_type)::text = 'SMALL PLATED COPPER'::text)"}, {"Node Type": "Bitmap Heap Scan", "Parent Relationship": "Inner", "Relation Name": "lineitem", "Alias": "lineitem", "Startup Cost": 4.21, "Total Cost": 28.25, "Plan Rows": 6, "Plan Width": 40, "Recheck Cond": "(l_partkey = part.p_partkey)", "Plans": [{"Node Type": "Bitmap Index Scan", "Parent Relationship": "Outer", "Index Name": "idx_lineitem_part_supp", "Startup Cost": 0.0, "Total Cost": 4.21, "Plan Rows": 6, "Plan Width": 0, "Index Cond": "(l_partkey = part.p_partkey)"}]}]}, {"Node Type": "Bitmap Heap Scan", "Parent Relationship": "Inner", "Relation Name": "orders", "Alias": "orders", "Startup Cost": 0.26, "Total Cost": 4.28, "Plan Rows": 1, "Plan Width": 24, "Recheck Cond": "(o_orderkey = lineitem.l_orderkey)", "Filter": "((o_orderdate >= '1995-01-01 00:00:00'::timestamp(0) without time zone) AND (o_orderdate <= '1996-12-31 00:00:00'::timestamp(0) without time zone))", "Plans": [{"Node Type": "Bitmap Index Scan", "Parent Relationship": "Outer", "Index Name": "orders_pkey", "Startup Cost": 0.0, "Total Cost": 0.26, "Plan Rows": 1, "Plan Width": 0, "Index Cond": "(o_orderkey = lineitem.l_orderkey)"}]}]}, {"Node Type": "Bitmap Heap Scan", "Parent Relationship": "Inner", "Relation Name": "customer", "Alias": "customer", "Startup Cost": 0.26, "Total Cost": 4.27, "Plan Rows": 1, "Plan Width": 12, "Recheck Cond": "(c_custkey = orders.o_custkey)", "Plans": [{"Node Type": "Bitmap Index Scan", "Parent Relationship": "Outer", "Index Name": "customer_pkey", "Startup Cost": 0.0, "Total Cost": 0.26, "Plan Rows": 1, "Plan Width": 0, "Index Cond": "(c_custkey = orders.o_custkey)"}]}]}, {"Node Type": "Materialize", "Parent Relationship": "Inner", "Startup Cost": 0.0, "Total Cost": 2.65, "Plan Rows": 5, "Plan Width": 4, "Plans": [{"Node Type": "Nested Loop", "Parent Relationship": "Outer", "Join Type": "Inner", "Startup Cost": 0.0, "Total Cost": 2.62, "Plan Rows": 5, "Plan Width": 4, "Inner Unique": false, "Join Filter": "(n1.n_regionkey = region.r_regionkey)", "Plans": [{"Node Type": "Seq Scan", "Parent Relationship": "Outer", "Relation Name": "region", "Alias": "region", "Startup Cost": 0.0, "Total Cost": 1.06, "Plan Rows": 1, "Plan Width": 4, "Filter": "(r_name = 'ASIA'::bpchar)"}, {"Node Type": "Seq Scan", "Parent Relationship": "Inner", "Relation Name": "nation", "Alias": "n1", "Startup Cost": 0.0, "Total Cost": 1.25, "Plan Rows": 25, "Plan Width": 8}]}]}]}, {"Node Type": "Bitmap Heap Scan", "Parent Relationship": "Inner", "Relation Name": "supplier", "Alias": "supplier", "Startup Cost": 0.26, "Total Cost": 4.27, "Plan Rows": 1, "Plan Width": 12, "Recheck Cond": "(s_suppkey = lineitem.l_suppkey)", "Plans": [{"Node Type": "Bitmap Index Scan", "Parent Relationship": "Outer", "Index Name": "supplier_pkey", "Startup Cost": 0.0, "Total Cost": 0.26, "Plan Rows": 1, "Plan Width": 0, "Index Cond": "(s_suppkey = lineitem.l_suppkey)"}]}]}, {"Node Type": "Materialize", "Parent Relationship": "Inner", "Startup Cost": 0.0, "Total Cost": 1.38, "Plan Rows": 25, "Plan Width": 30, "Plans": [{"Node Type": "Seq Scan", "Parent Relationship": "Outer", "Relation Name": "nation", "Alias": "n2", "Startup Cost": 0.0, "Total Cost": 1.25, "Plan Rows": 25, "Plan Width": 30}]}]}]}]}, "Unique SQL Id": 3681808042, "Planner Runtime": 5}, "explain_analyze_plan": {"Plan": {"Node Type": "Sort", "Startup Cost": 1223730.05, "Total Cost": 1223730.08, "Plan Rows": 10, "Plan Width": 66, "Actual Startup Time": 8170.316, "Actual Total Time": 8170.317, "Actual Rows": 2, "Actual Loops": 1, "Sort Key": ["(date_part('year'::text, orders.o_orderdate))"], "Sort Method": "quicksort", "Sort Space Used": 25, "Sort Space Type": "Memory", "Plans": [{"Node Type": "Aggregate", "Strategy": "Hashed", "Parent Relationship": "Outer", "Startup Cost": 1223729.73, "Total Cost": 1223729.88, "Plan Rows": 10, "Plan Width": 66, "Actual Startup Time": 8170.296, "Actual Total Time": 8170.298, "Actual Rows": 2, "Actual Loops": 1, "Group By Key": ["date_part('year'::text, orders.o_orderdate)"], "Plans": [{"Node Type": "Nested Loop", "Parent Relationship": "Outer", "Join Type": "Inner", "Startup Cost": 4.99, "Total Cost": 1223609.91, "Plan Rows": 5991, "Plan Width": 50, "Actual Startup Time": 0.291, "Actual Total Time": 8124.022, "Actual Rows": 23929, "Actual Loops": 1, "Inner Unique": true, "Join Filter": "(supplier.s_nationkey = n2.n_nationkey)", "Rows Removed by Join Filter": 288173, "Plans": [{"Node Type": "Nested Loop", "Parent Relationship": "Outer", "Join Type": "Inner", "Startup Cost": 4.99, "Total Cost": 1221347.0, "Plan Rows": 5991, "Plan Width": 28, "Actual Startup Time": 0.252, "Actual Total Time": 7998.743, "Actual Rows": 23929, "Actual Loops": 1, "Inner Unique": true, "Plans": [{"Node Type": "Nested Loop", "Parent Relationship": "Outer", "Join Type": "Inner", "Startup Cost": 4.73, "Total Cost": 1147315.35, "Plan Rows": 17296, "Plan Width": 32, "Actual Startup Time": 0.241, "Actual Total Time": 7784.122, "Actual Rows": 23929, "Actual Loops": 1, "Inner Unique": false, "Join Filter": "(n1.n_nationkey = customer.c_nationkey)", "Rows Removed by Join Filter": 574896, "Plans": [{"Node Type": "Nested Loop", "Parent Relationship": "Outer", "Join Type": "Inner", "Startup Cost": 4.73, "Total Cost": 1140826.79, "Plan Rows": 86479, "Plan Width": 36, "Actual Startup Time": 0.157, "Actual Total Time": 7553.689, "Actual Rows": 119765, "Actual Loops": 1, "Inner Unique": true, "Plans": [{"Node Type": "Nested Loop", "Parent Relationship": "Outer", "Join Type": "Inner", "Startup Cost": 4.47, "Total Cost": 770271.73, "Plan Rows": 86479, "Plan Width": 40, "Actual Startup Time": 0.142, "Actual Total Time": 6427.353, "Actual Rows": 119765, "Actual Loops": 1, "Inner Unique": true, "Plans": [{"Node Type": "Nested Loop", "Parent Relationship": "Outer", "Join Type": "Inner", "Startup Cost": 4.21, "Total Cost": 450147.9, "Plan Rows": 74637, "Plan Width": 32, "Actual Startup Time": 0.086, "Actual Total Time": 2289.677, "Actual Rows": 395341, "Actual Loops": 1, "Inner Unique": false, "Plans": [{"Node Type": "Seq Scan", "Parent Relationship": "Outer", "Relation Name": "part", "Alias": "part", "Startup Cost": 0.0, "Total Cost": 66944.0, "Plan Rows": 13538, "Plan Width": 8, "Actual Startup Time": 0.037, "Actual Total Time": 779.065, "Actual Rows": 13163, "Actual Loops": 1, "Filter": "((p_type)::text = 'SMALL PLATED COPPER'::text)", "Rows Removed by Filter": 1986837}, {"Node Type": "Bitmap Heap Scan", "Parent Relationship": "Inner", "Relation Name": "lineitem", "Alias": "lineitem", "Startup Cost": 4.21, "Total Cost": 28.25, "Plan Rows": 6, "Plan Width": 40, "Actual Startup Time": 276.094, "Actual Total Time": 1381.693, "Actual Rows": 395341, "Actual Loops": 13163, "Recheck Cond": "(l_partkey = part.p_partkey)", "Rows Removed by Index Recheck": 0, "Exact Heap Blocks": 395337, "Lossy Heap Blocks": 395337, "Plans": [{"Node Type": "Bitmap Index Scan", "Parent Relationship": "Outer", "Index Name": "idx_lineitem_part_supp", "Startup Cost": 0.0, "Total Cost": 4.21, "Plan Rows": 6, "Plan Width": 0, "Actual Startup Time": 175.231, "Actual Total Time": 175.231, "Actual Rows": 395341, "Actual Loops": 13163, "Index Cond": "(l_partkey = part.p_partkey)"}]}]}, {"Node Type": "Bitmap Heap Scan", "Parent Relationship": "Inner", "Relation Name": "orders", "Alias": "orders", "Startup Cost": 0.26, "Total Cost": 4.28, "Plan Rows": 1, "Plan Width": 24, "Actual Startup Time": 3646.277, "Actual Total Time": 3646.277, "Actual Rows": 119765, "Actual Loops": 395341, "Recheck Cond": "(o_orderkey = lineitem.l_orderkey)", "Rows Removed by Index Recheck": 0, "Filter": "((o_orderdate >= '1995-01-01 00:00:00'::timestamp(0) without time zone) AND (o_orderdate <= '1996-12-31 00:00:00'::timestamp(0) without time zone))", "Rows Removed by Filter": 275576, "Exact Heap Blocks": 395341, "Lossy Heap Blocks": 395341, "Plans": [{"Node Type": "Bitmap Index Scan", "Parent Relationship": "Outer", "Index Name": "orders_pkey", "Startup Cost": 0.0, "Total Cost": 0.26, "Plan Rows": 1, "Plan Width": 0, "Actual Startup Time": 2219.138, "Actual Total Time": 2219.138, "Actual Rows": 395341, "Actual Loops": 395341, "Index Cond": "(o_orderkey = lineitem.l_orderkey)"}]}]}, {"Node Type": "Bitmap Heap Scan", "Parent Relationship": "Inner", "Relation Name": "customer", "Alias": "customer", "Startup Cost": 0.26, "Total Cost": 4.27, "Plan Rows": 1, "Plan Width": 12, "Actual Startup Time": 960.376, "Actual Total Time": 960.376, "Actual Rows": 119765, "Actual Loops": 119765, "Recheck Cond": "(c_custkey = orders.o_custkey)", "Rows Removed by Index Recheck": 0, "Exact Heap Blocks": 119765, "Lossy Heap Blocks": 119765, "Plans": [{"Node Type": "Bitmap Index Scan", "Parent Relationship": "Outer", "Index Name": "customer_pkey", "Startup Cost": 0.0, "Total Cost": 0.26, "Plan Rows": 1, "Plan Width": 0, "Actual Startup Time": 599.793, "Actual Total Time": 599.793, "Actual Rows": 119765, "Actual Loops": 119765, "Index Cond": "(c_custkey = orders.o_custkey)"}]}]}, {"Node Type": "Materialize", "Parent Relationship": "Inner", "Startup Cost": 0.0, "Total Cost": 2.65, "Plan Rows": 5, "Plan Width": 4, "Actual Startup Time": 14.571, "Actual Total Time": 65.685, "Actual Rows": 598825, "Actual Loops": 119765, "Plans": [{"Node Type": "Nested Loop", "Parent Relationship": "Outer", "Join Type": "Inner", "Startup Cost": 0.0, "Total Cost": 2.62, "Plan Rows": 5, "Plan Width": 4, "Actual Startup Time": 0.034, "Actual Total Time": 0.044, "Actual Rows": 5, "Actual Loops": 1, "Inner Unique": false, "Join Filter": "(n1.n_regionkey = region.r_regionkey)", "Rows Removed by Join Filter": 20, "Plans": [{"Node Type": "Seq Scan", "Parent Relationship": "Outer", "Relation Name": "region", "Alias": "region", "Startup Cost": 0.0, "Total Cost": 1.06, "Plan Rows": 1, "Plan Width": 4, "Actual Startup Time": 0.01, "Actual Total Time": 0.011, "Actual Rows": 1, "Actual Loops": 1, "Filter": "(r_name = 'ASIA'::bpchar)", "Rows Removed by Filter": 4}, {"Node Type": "Seq Scan", "Parent Relationship": "Inner", "Relation Name": "nation", "Alias": "n1", "Startup Cost": 0.0, "Total Cost": 1.25, "Plan Rows": 25, "Plan Width": 8, "Actual Startup Time": 0.016, "Actual Total Time": 0.022, "Actual Rows": 25, "Actual Loops": 1}]}]}]}, {"Node Type": "Bitmap Heap Scan", "Parent Relationship": "Inner", "Relation Name": "supplier", "Alias": "supplier", "Startup Cost": 0.26, "Total Cost": 4.27, "Plan Rows": 1, "Plan Width": 12, "Actual Startup Time": 173.01, "Actual Total Time": 173.01, "Actual Rows": 23929, "Actual Loops": 23929, "Recheck Cond": "(s_suppkey = lineitem.l_suppkey)", "Rows Removed by Index Recheck": 0, "Exact Heap Blocks": 23929, "Lossy Heap Blocks": 23929, "Plans": [{"Node Type": "Bitmap Index Scan", "Parent Relationship": "Outer", "Index Name": "supplier_pkey", "Startup Cost": 0.0, "Total Cost": 0.26, "Plan Rows": 1, "Plan Width": 0, "Actual Startup Time": 96.136, "Actual Total Time": 96.136, "Actual Rows": 23929, "Actual Loops": 23929, "Index Cond": "(s_suppkey = lineitem.l_suppkey)"}]}]}, {"Node Type": "Materialize", "Parent Relationship": "Inner", "Startup Cost": 0.0, "Total Cost": 1.38, "Plan Rows": 25, "Plan Width": 30, "Actual Startup Time": 2.965, "Actual Total Time": 28.55, "Actual Rows": 312102, "Actual Loops": 23929, "Plans": [{"Node Type": "Seq Scan", "Parent Relationship": "Outer", "Relation Name": "nation", "Alias": "n2", "Startup Cost": 0.0, "Total Cost": 1.25, "Plan Rows": 25, "Plan Width": 30, "Actual Startup Time": 0.012, "Actual Total Time": 0.017, "Actual Rows": 25, "Actual Loops": 1}]}]}]}]}, "Triggers": [], "Planner Runtime": 4, "Total Runtime": 8170.735, "Unique SQL Id": 3681808042}}, "(16, 51)": {"explain_plan": {"Plan": {"Node Type": "Sort", "Startup Cost": 66661878.45, "Total Cost": 66661878.48, "Plan Rows": 10, "Plan Width": 66, "Sort Key": ["(date_part('year'::text, orders.o_orderdate))"], "Plans": [{"Node Type": "Aggregate", "Strategy": "Hashed", "Parent Relationship": "Outer", "Startup Cost": 66661878.14, "Total Cost": 66661878.29, "Plan Rows": 10, "Plan Width": 66, "Group By Key": ["date_part('year'::text, orders.o_orderdate)"], "Plans": [{"Node Type": "Nested Loop", "Parent Relationship": "Outer", "Join Type": "Inner", "Startup Cost": 115915.31, "Total Cost": 66661758.32, "Plan Rows": 5991, "Plan Width": 50, "Inner Unique": true, "Plans": [{"Node Type": "Nested Loop", "Parent Relationship": "Outer", "Join Type": "Inner", "Startup Cost": 115915.05, "Total Cost": 66636099.88, "Plan Rows": 5991, "Plan Width": 28, "Inner Unique": true, "Plans": [{"Node Type": "Nested Loop", "Parent Relationship": "Outer", "Join Type": "Inner", "Startup Cost": 115914.79, "Total Cost": 66562068.23, "Plan Rows": 17296, "Plan Width": 32, "Inner Unique": true, "Plans": [{"Node Type": "Nested Loop", "Parent Relationship": "Outer", "Join Type": "Inner", "Startup Cost": 115914.53, "Total Cost": 45938880.46, "Plan Rows": 4814867, "Plan Width": 40, "Inner Unique": false, "Plans": [{"Node Type": "Nested Loop", "Parent Relationship": "Outer", "Join Type": "Inner", "Startup Cost": 115914.01, "Total Cost": 43432501.27, "Plan Rows": 530296, "Plan Width": 16, "Inner Unique": true, "Plans": [{"Node Type": "Nested Loop", "Parent Relationship": "Outer", "Join Type": "Inner", "Startup Cost": 115913.43, "Total Cost": 31228406.3, "Plan Rows": 2651479, "Plan Width": 20, "Inner Unique": true, "Plans": [{"Node Type": "Nested Loop", "Parent Relationship": "Outer", "Join Type": "Inner", "Startup Cost": 115913.17, "Total Cost": 19879399.17, "Plan Rows": 2651479, "Plan Width": 20, "Inner Unique": true, "Plans": [{"Node Type": "Bitmap Heap Scan", "Parent Relationship": "Outer", "Relation Name": "orders", "Alias": "orders", "Startup Cost": 115912.91, "Total Cost": 460311.42, "Plan Rows": 4531967, "Plan Width": 24, "Recheck Cond": "((o_orderdate >= '1995-01-01 00:00:00'::timestamp(0) without time zone) AND (o_orderdate <= '1996-12-31 00:00:00'::timestamp(0) without time zone)), (LLVM Optimized)", "Plans": [{"Node Type": "Bitmap Index Scan", "Parent Relationship": "Outer", "Index Name": "idx_orders_orderdate", "Startup Cost": 0.0, "Total Cost": 114779.92, "Plan Rows": 4531967, "Plan Width": 0, "Index Cond": "((o_orderdate >= '1995-01-01 00:00:00'::timestamp(0) without time zone) AND (o_orderdate <= '1996-12-31 00:00:00'::timestamp(0) without time zone))"}]}, {"Node Type": "Bitmap Heap Scan", "Parent Relationship": "Inner", "Relation Name": "customer", "Alias": "customer", "Startup Cost": 0.26, "Total Cost": 4.27, "Plan Rows": 1, "Plan Width": 12, "Recheck Cond": "(c_custkey = orders.o_custkey)", "Plans": [{"Node Type": "Bitmap Index Scan", "Parent Relationship": "Outer", "Index Name": "customer_pkey", "Startup Cost": 0.0, "Total Cost": 0.26, "Plan Rows": 1, "Plan Width": 0, "Index Cond": "(c_custkey = orders.o_custkey)"}]}]}, {"Node Type": "Bitmap Heap Scan", "Parent Relationship": "Inner", "Relation Name": "nation", "Alias": "n1", "Startup Cost": 0.26, "Total Cost": 4.27, "Plan Rows": 1, "Plan Width": 8, "Recheck Cond": "(n_nationkey = customer.c_nationkey)", "Plans": [{"Node Type": "Bitmap Index Scan", "Parent Relationship": "Outer", "Index Name": "nation_pkey", "Startup Cost": 0.0, "Total Cost": 0.26, "Plan Rows": 1, "Plan Width": 0, "Index Cond": "(n_nationkey = customer.c_nationkey)"}]}]}, {"Node Type": "Bitmap Heap Scan", "Parent Relationship": "Inner", "Relation Name": "region", "Alias": "region", "Startup Cost": 0.58, "Total Cost": 4.59, "Plan Rows": 1, "Plan Width": 4, "Recheck Cond": "(r_regionkey = n1.n_regionkey)", "Filter": "(r_name = 'ASIA'::bpchar)", "Plans": [{"Node Type": "Bitmap Index Scan", "Parent Relationship": "Outer", "Index Name": "region_pkey", "Startup Cost": 0.0, "Total Cost": 0.58, "Plan Rows": 1, "Plan Width": 0, "Index Cond": "(r_regionkey = n1.n_regionkey)"}]}]}, {"Node Type": "Bitmap Heap Scan", "Parent Relationship": "Inner", "Relation Name": "lineitem", "Alias": "lineitem", "Startup Cost": 0.52, "Total Cost": 4.64, "Plan Rows": 9, "Plan Width": 40, "Recheck Cond": "(l_orderkey = orders.o_orderkey)", "Plans": [{"Node Type": "Bitmap Index Scan", "Parent Relationship": "Outer", "Index Name": "idx_lineitem_orderkey", "Startup Cost": 0.0, "Total Cost": 0.52, "Plan Rows": 9, "Plan Width": 0, "Index Cond": "(l_orderkey = orders.o_orderkey)"}]}]}, {"Node Type": "Bitmap Heap Scan", "Parent Relationship": "Inner", "Relation Name": "part", "Alias": "part", "Startup Cost": 0.26, "Total Cost": 4.27, "Plan Rows": 1, "Plan Width": 8, "Recheck Cond": "(p_partkey = lineitem.l_partkey)", "Filter": "((p_type)::text = 'SMALL PLATED COPPER'::text)", "Plans": [{"Node Type": "Bitmap Index Scan", "Parent Relationship": "Outer", "Index Name": "part_kpey", "Startup Cost": 0.0, "Total Cost": 0.26, "Plan Rows": 1, "Plan Width": 0, "Index Cond": "(p_partkey = lineitem.l_partkey)"}]}]}, {"Node Type": "Bitmap Heap Scan", "Parent Relationship": "Inner", "Relation Name": "supplier", "Alias": "supplier", "Startup Cost": 0.26, "Total Cost": 4.27, "Plan Rows": 1, "Plan Width": 12, "Recheck Cond": "(s_suppkey = lineitem.l_suppkey)", "Plans": [{"Node Type": "Bitmap Index Scan", "Parent Relationship": "Outer", "Index Name": "supplier_pkey", "Startup Cost": 0.0, "Total Cost": 0.26, "Plan Rows": 1, "Plan Width": 0, "Index Cond": "(s_suppkey = lineitem.l_suppkey)"}]}]}, {"Node Type": "Bitmap Heap Scan", "Parent Relationship": "Inner", "Relation Name": "nation", "Alias": "n2", "Startup Cost": 0.26, "Total Cost": 4.27, "Plan Rows": 1, "Plan Width": 30, "Recheck Cond": "(n_nationkey = supplier.s_nationkey)", "Plans": [{"Node Type": "Bitmap Index Scan", "Parent Relationship": "Outer", "Index Name": "nation_pkey", "Startup Cost": 0.0, "Total Cost": 0.26, "Plan Rows": 1, "Plan Width": 0, "Index Cond": "(n_nationkey = supplier.s_nationkey)"}]}]}]}]}, "Unique SQL Id": 3681808042, "Planner Runtime": 3}, "explain_analyze_plan": null}, "(16, 52)": {"explain_plan": {"Plan": {"Node Type": "Sort", "Startup Cost": 505096.47, "Total Cost": 505096.49, "Plan Rows": 10, "Plan Width": 66, "Sort Key": ["(date_part('year'::text, orders.o_orderdate))"], "Plans": [{"Node Type": "Aggregate", "Strategy": "Hashed", "Parent Relationship": "Outer", "Startup Cost": 505096.15, "Total Cost": 505096.3, "Plan Rows": 10, "Plan Width": 66, "Group By Key": ["date_part('year'::text, orders.o_orderdate)"], "Plans": [{"Node Type": "Nested Loop", "Parent Relationship": "Outer", "Join Type": "Inner", "Startup Cost": 0.0, "Total Cost": 504976.33, "Plan Rows": 5991, "Plan Width": 50, "Inner Unique": true, "Plans": [{"Node Type": "Nested Loop", "Parent Relationship": "Outer", "Join Type": "Inner", "Startup Cost": 0.0, "Total Cost": 503283.15, "Plan Rows": 5991, "Plan Width": 28, "Inner Unique": true, "Plans": [{"Node Type": "Nested Loop", "Parent Relationship": "Outer", "Join Type": "Inner", "Startup Cost": 0.0, "Total Cost": 498437.19, "Plan Rows": 17296, "Plan Width": 32, "Inner Unique": false, "Join Filter": "(n1.n_nationkey = customer.c_nationkey)", "Plans": [{"Node Type": "Nested Loop", "Parent Relationship": "Outer", "Join Type": "Inner", "Startup Cost": 0.0, "Total Cost": 491948.63, "Plan Rows": 86479, "Plan Width": 36, "Inner Unique": true, "Plans": [{"Node Type": "Nested Loop", "Parent Relationship": "Outer", "Join Type": "Inner", "Startup Cost": 0.0, "Total Cost": 464497.44, "Plan Rows": 86479, "Plan Width": 40, "Inner Unique": true, "Plans": [{"Node Type": "Nested Loop", "Parent Relationship": "Outer", "Join Type": "Inner", "Startup Cost": 0.0, "Total Cost": 441564.57, "Plan Rows": 74637, "Plan Width": 32, "Inner Unique": false, "Plans": [{"Node Type": "Seq Scan", "Parent Relationship": "Outer", "Relation Name": "part", "Alias": "part", "Startup Cost": 0.0, "Total Cost": 66944.0, "Plan Rows": 13538, "Plan Width": 8, "Filter": "((p_type)::text = 'SMALL PLATED COPPER'::text)"}, {"Node Type": "Index Scan", "Parent Relationship": "Inner", "Scan Direction": "Forward", "Index Name": "idx_lineitem_part_supp", "Relation Name": "lineitem", "Alias": "lineitem", "Startup Cost": 0.0, "Total Cost": 27.61, "Plan Rows": 6, "Plan Width": 40, "Index Cond": "(l_partkey = part.p_partkey)"}]}, {"Node Type": "Index Scan", "Parent Relationship": "Inner", "Scan Direction": "Forward", "Index Name": "orders_pkey", "Relation Name": "orders", "Alias": "orders", "Startup Cost": 0.0, "Total Cost": 0.3, "Plan Rows": 1, "Plan Width": 24, "Index Cond": "(o_orderkey = lineitem.l_orderkey)", "Filter": "((o_orderdate >= '1995-01-01 00:00:00'::timestamp(0) without time zone) AND (o_orderdate <= '1996-12-31 00:00:00'::timestamp(0) without time zone))"}]}, {"Node Type": "Index Scan", "Parent Relationship": "Inner", "Scan Direction": "Forward", "Index Name": "customer_pkey", "Relation Name": "customer", "Alias": "customer", "Startup Cost": 0.0, "Total Cost": 0.31, "Plan Rows": 1, "Plan Width": 12, "Index Cond": "(c_custkey = orders.o_custkey)"}]}, {"Node Type": "Materialize", "Parent Relationship": "Inner", "Startup Cost": 0.0, "Total Cost": 2.65, "Plan Rows": 5, "Plan Width": 4, "Plans": [{"Node Type": "Nested Loop", "Parent Relationship": "Outer", "Join Type": "Inner", "Startup Cost": 0.0, "Total Cost": 2.62, "Plan Rows": 5, "Plan Width": 4, "Inner Unique": false, "Join Filter": "(n1.n_regionkey = region.r_regionkey)", "Plans": [{"Node Type": "Seq Scan", "Parent Relationship": "Outer", "Relation Name": "region", "Alias": "region", "Startup Cost": 0.0, "Total Cost": 1.06, "Plan Rows": 1, "Plan Width": 4, "Filter": "(r_name = 'ASIA'::bpchar)"}, {"Node Type": "Seq Scan", "Parent Relationship": "Inner", "Relation Name": "nation", "Alias": "n1", "Startup Cost": 0.0, "Total Cost": 1.25, "Plan Rows": 25, "Plan Width": 8}]}]}]}, {"Node Type": "Index Scan", "Parent Relationship": "Inner", "Scan Direction": "Forward", "Index Name": "supplier_pkey", "Relation Name": "supplier", "Alias": "supplier", "Startup Cost": 0.0, "Total Cost": 0.27, "Plan Rows": 1, "Plan Width": 12, "Index Cond": "(s_suppkey = lineitem.l_suppkey)"}]}, {"Node Type": "Index Scan", "Parent Relationship": "Inner", "Scan Direction": "Forward", "Index Name": "nation_pkey", "Relation Name": "nation", "Alias": "n2", "Startup Cost": 0.0, "Total Cost": 0.27, "Plan Rows": 1, "Plan Width": 30, "Index Cond": "(n_nationkey = supplier.s_nationkey)"}]}]}]}, "Unique SQL Id": 3681808042, "Planner Runtime": 3}, "explain_analyze_plan": {"Plan": {"Node Type": "Sort", "Startup Cost": 505096.47, "Total Cost": 505096.49, "Plan Rows": 10, "Plan Width": 66, "Actual Startup Time": 7006.798, "Actual Total Time": 7006.798, "Actual Rows": 2, "Actual Loops": 1, "Sort Key": ["(date_part('year'::text, orders.o_orderdate))"], "Sort Method": "quicksort", "Sort Space Used": 25, "Sort Space Type": "Memory", "Plans": [{"Node Type": "Aggregate", "Strategy": "Hashed", "Parent Relationship": "Outer", "Startup Cost": 505096.15, "Total Cost": 505096.3, "Plan Rows": 10, "Plan Width": 66, "Actual Startup Time": 7006.778, "Actual Total Time": 7006.779, "Actual Rows": 2, "Actual Loops": 1, "Group By Key": ["date_part('year'::text, orders.o_orderdate)"], "Plans": [{"Node Type": "Nested Loop", "Parent Relationship": "Outer", "Join Type": "Inner", "Startup Cost": 0.0, "Total Cost": 504976.33, "Plan Rows": 5991, "Plan Width": 50, "Actual Startup Time": 0.506, "Actual Total Time": 6967.878, "Actual Rows": 23929, "Actual Loops": 1, "Inner Unique": true, "Plans": [{"Node Type": "Nested Loop", "Parent Relationship": "Outer", "Join Type": "Inner", "Startup Cost": 0.0, "Total Cost": 503283.15, "Plan Rows": 5991, "Plan Width": 28, "Actual Startup Time": 0.488, "Actual Total Time": 6879.824, "Actual Rows": 23929, "Actual Loops": 1, "Inner Unique": true, "Plans": [{"Node Type": "Nested Loop", "Parent Relationship": "Outer", "Join Type": "Inner", "Startup Cost": 0.0, "Total Cost": 498437.19, "Plan Rows": 17296, "Plan Width": 32, "Actual Startup Time": 0.473, "Actual Total Time": 6704.702, "Actual Rows": 23929, "Actual Loops": 1, "Inner Unique": false, "Join Filter": "(n1.n_nationkey = customer.c_nationkey)", "Rows Removed by Join Filter": 574896, "Plans": [{"Node Type": "Nested Loop", "Parent Relationship": "Outer", "Join Type": "Inner", "Startup Cost": 0.0, "Total Cost": 491948.63, "Plan Rows": 86479, "Plan Width": 36, "Actual Startup Time": 0.233, "Actual Total Time": 6486.62, "Actual Rows": 119765, "Actual Loops": 1, "Inner Unique": true, "Plans": [{"Node Type": "Nested Loop", "Parent Relationship": "Outer", "Join Type": "Inner", "Startup Cost": 0.0, "Total Cost": 464497.44, "Plan Rows": 86479, "Plan Width": 40, "Actual Startup Time": 0.218, "Actual Total Time": 5536.531, "Actual Rows": 119765, "Actual Loops": 1, "Inner Unique": true, "Plans": [{"Node Type": "Nested Loop", "Parent Relationship": "Outer", "Join Type": "Inner", "Startup Cost": 0.0, "Total Cost": 441564.57, "Plan Rows": 74637, "Plan Width": 32, "Actual Startup Time": 0.063, "Actual Total Time": 2039.844, "Actual Rows": 395341, "Actual Loops": 1, "Inner Unique": false, "Plans": [{"Node Type": "Seq Scan", "Parent Relationship": "Outer", "Relation Name": "part", "Alias": "part", "Startup Cost": 0.0, "Total Cost": 66944.0, "Plan Rows": 13538, "Plan Width": 8, "Actual Startup Time": 0.033, "Actual Total Time": 773.896, "Actual Rows": 13163, "Actual Loops": 1, "Filter": "((p_type)::text = 'SMALL PLATED COPPER'::text)", "Rows Removed by Filter": 1986837}, {"Node Type": "Index Scan", "Parent Relationship": "Inner", "Scan Direction": "Forward", "Index Name": "idx_lineitem_part_supp", "Relation Name": "lineitem", "Alias": "lineitem", "Startup Cost": 0.0, "Total Cost": 27.61, "Plan Rows": 6, "Plan Width": 40, "Actual Startup Time": 159.965, "Actual Total Time": 1161.38, "Actual Rows": 395341, "Actual Loops": 13163, "Index Cond": "(l_partkey = part.p_partkey)", "Rows Removed by Index Recheck": 0}]}, {"Node Type": "Index Scan", "Parent Relationship": "Inner", "Scan Direction": "Forward", "Index Name": "orders_pkey", "Relation Name": "orders", "Alias": "orders", "Startup Cost": 0.0, "Total Cost": 0.3, "Plan Rows": 1, "Plan Width": 24, "Actual Startup Time": 3248.275, "Actual Total Time": 3248.275, "Actual Rows": 119765, "Actual Loops": 395341, "Index Cond": "(o_orderkey = lineitem.l_orderkey)", "Rows Removed by Index Recheck": 0, "Filter": "((o_orderdate >= '1995-01-01 00:00:00'::timestamp(0) without time zone) AND (o_orderdate <= '1996-12-31 00:00:00'::timestamp(0) without time zone))", "Rows Removed by Filter": 275576}]}, {"Node Type": "Index Scan", "Parent Relationship": "Inner", "Scan Direction": "Forward", "Index Name": "customer_pkey", "Relation Name": "customer", "Alias": "customer", "Startup Cost": 0.0, "Total Cost": 0.31, "Plan Rows": 1, "Plan Width": 12, "Actual Startup Time": 839.255, "Actual Total Time": 839.255, "Actual Rows": 119765, "Actual Loops": 119765, "Index Cond": "(c_custkey = orders.o_custkey)", "Rows Removed by Index Recheck": 0}]}, {"Node Type": "Materialize", "Parent Relationship": "Inner", "Startup Cost": 0.0, "Total Cost": 2.65, "Plan Rows": 5, "Plan Width": 4, "Actual Startup Time": 12.797, "Actual Total Time": 64.631, "Actual Rows": 598825, "Actual Loops": 119765, "Plans": [{"Node Type": "Nested Loop", "Parent Relationship": "Outer", "Join Type": "Inner", "Startup Cost": 0.0, "Total Cost": 2.62, "Plan Rows": 5, "Plan Width": 4, "Actual Startup Time": 0.023, "Actual Total Time": 0.033, "Actual Rows": 5, "Actual Loops": 1, "Inner Unique": false, "Join Filter": "(n1.n_regionkey = region.r_regionkey)", "Rows Removed by Join Filter": 20, "Plans": [{"Node Type": "Seq Scan", "Parent Relationship": "Outer", "Relation Name": "region", "Alias": "region", "Startup Cost": 0.0, "Total Cost": 1.06, "Plan Rows": 1, "Plan Width": 4, "Actual Startup Time": 0.007, "Actual Total Time": 0.008, "Actual Rows": 1, "Actual Loops": 1, "Filter": "(r_name = 'ASIA'::bpchar)", "Rows Removed by Filter": 4}, {"Node Type": "Seq Scan", "Parent Relationship": "Inner", "Relation Name": "nation", "Alias": "n1", "Startup Cost": 0.0, "Total Cost": 1.25, "Plan Rows": 25, "Plan Width": 8, "Actual Startup Time": 0.007, "Actual Total Time": 0.01, "Actual Rows": 25, "Actual Loops": 1}]}]}]}, {"Node Type": "Index Scan", "Parent Relationship": "Inner", "Scan Direction": "Forward", "Index Name": "supplier_pkey", "Relation Name": "supplier", "Alias": "supplier", "Startup Cost": 0.0, "Total Cost": 0.27, "Plan Rows": 1, "Plan Width": 12, "Actual Startup Time": 143.152, "Actual Total Time": 143.152, "Actual Rows": 23929, "Actual Loops": 23929, "Index Cond": "(s_suppkey = lineitem.l_suppkey)", "Rows Removed by Index Recheck": 0}]}, {"Node Type": "Index Scan", "Parent Relationship": "Inner", "Scan Direction": "Forward", "Index Name": "nation_pkey", "Relation Name": "nation", "Alias": "n2", "Startup Cost": 0.0, "Total Cost": 0.27, "Plan Rows": 1, "Plan Width": 30, "Actual Startup Time": 41.105, "Actual Total Time": 41.105, "Actual Rows": 23929, "Actual Loops": 23929, "Index Cond": "(n_nationkey = supplier.s_nationkey)", "Rows Removed by Index Recheck": 0}]}]}]}, "Triggers": [], "Planner Runtime": 3, "Total Runtime": 7007.196, "Unique SQL Id": 3681808042}}, "(16, 53)": {"explain_plan": {"Plan": {"Node Type": "Sort", "Startup Cost": 543973.83, "Total Cost": 543973.85, "Plan Rows": 10, "Plan Width": 66, "Sort Key": ["(date_part('year'::text, orders.o_orderdate))"], "Plans": [{"Node Type": "Aggregate", "Strategy": "Hashed", "Parent Relationship": "Outer", "Startup Cost": 543973.51, "Total Cost": 543973.66, "Plan Rows": 10, "Plan Width": 66, "Group By Key": ["date_part('year'::text, orders.o_orderdate)"], "Plans": [{"Node Type": "Nested Loop", "Parent Relationship": "Outer", "Join Type": "Inner", "Startup Cost": 0.0, "Total Cost": 543853.69, "Plan Rows": 5991, "Plan Width": 50, "Inner Unique": true, "Plans": [{"Node Type": "Nested Loop", "Parent Relationship": "Outer", "Join Type": "Inner", "Startup Cost": 0.0, "Total Cost": 542160.52, "Plan Rows": 5991, "Plan Width": 28, "Inner Unique": true, "Plans": [{"Node Type": "Nested Loop", "Parent Relationship": "Outer", "Join Type": "Inner", "Startup Cost": 0.0, "Total Cost": 537314.56, "Plan Rows": 17296, "Plan Width": 32, "Inner Unique": false, "Join Filter": "(n1.n_nationkey = customer.c_nationkey)", "Plans": [{"Node Type": "Nested Loop", "Parent Relationship": "Outer", "Join Type": "Inner", "Startup Cost": 0.0, "Total Cost": 530807.88, "Plan Rows": 86479, "Plan Width": 36, "Inner Unique": true, "Plans": [{"Node Type": "Nested Loop", "Parent Relationship": "Outer", "Join Type": "Inner", "Startup Cost": 0.0, "Total Cost": 503356.69, "Plan Rows": 86479, "Plan Width": 40, "Inner Unique": true, "Plans": [{"Node Type": "Nested Loop", "Parent Relationship": "Outer", "Join Type": "Inner", "Startup Cost": 0.0, "Total Cost": 480423.82, "Plan Rows": 74637, "Plan Width": 32, "Inner Unique": false, "Plans": [{"Node Type": "Index Scan", "Parent Relationship": "Outer", "Scan Direction": "Forward", "Index Name": "part_kpey", "Relation Name": "part", "Alias": "part", "Startup Cost": 0.0, "Total Cost": 105803.25, "Plan Rows": 13538, "Plan Width": 8, "Filter": "((p_type)::text = 'SMALL PLATED COPPER'::text)"}, {"Node Type": "Index Scan", "Parent Relationship": "Inner", "Scan Direction": "Forward", "Index Name": "idx_lineitem_part_supp", "Relation Name": "lineitem", "Alias": "lineitem", "Startup Cost": 0.0, "Total Cost": 27.61, "Plan Rows": 6, "Plan Width": 40, "Index Cond": "(l_partkey = part.p_partkey)"}]}, {"Node Type": "Index Scan", "Parent Relationship": "Inner", "Scan Direction": "Forward", "Index Name": "orders_pkey", "Relation Name": "orders", "Alias": "orders", "Startup Cost": 0.0, "Total Cost": 0.3, "Plan Rows": 1, "Plan Width": 24, "Index Cond": "(o_orderkey = lineitem.l_orderkey)", "Filter": "((o_orderdate >= '1995-01-01 00:00:00'::timestamp(0) without time zone) AND (o_orderdate <= '1996-12-31 00:00:00'::timestamp(0) without time zone))"}]}, {"Node Type": "Index Scan", "Parent Relationship": "Inner", "Scan Direction": "Forward", "Index Name": "customer_pkey", "Relation Name": "customer", "Alias": "customer", "Startup Cost": 0.0, "Total Cost": 0.31, "Plan Rows": 1, "Plan Width": 12, "Index Cond": "(c_custkey = orders.o_custkey)"}]}, {"Node Type": "Materialize", "Parent Relationship": "Inner", "Startup Cost": 0.0, "Total Cost": 20.76, "Plan Rows": 5, "Plan Width": 4, "Plans": [{"Node Type": "Nested Loop", "Parent Relationship": "Outer", "Join Type": "Inner", "Startup Cost": 0.0, "Total Cost": 20.74, "Plan Rows": 5, "Plan Width": 4, "Inner Unique": false, "Plans": [{"Node Type": "Index Scan", "Parent Relationship": "Outer", "Scan Direction": "Forward", "Index Name": "region_pkey", "Relation Name": "region", "Alias": "region", "Startup Cost": 0.0, "Total Cost": 12.34, "Plan Rows": 1, "Plan Width": 4, "Filter": "(r_name = 'ASIA'::bpchar)"}, {"Node Type": "Index Scan", "Parent Relationship": "Inner", "Scan Direction": "Forward", "Index Name": "idx_nation_regionkey", "Relation Name": "nation", "Alias": "n1", "Startup Cost": 0.0, "Total Cost": 8.35, "Plan Rows": 5, "Plan Width": 8, "Index Cond": "(n_regionkey = region.r_regionkey)"}]}]}]}, {"Node Type": "Index Scan", "Parent Relationship": "Inner", "Scan Direction": "Forward", "Index Name": "supplier_pkey", "Relation Name": "supplier", "Alias": "supplier", "Startup Cost": 0.0, "Total Cost": 0.27, "Plan Rows": 1, "Plan Width": 12, "Index Cond": "(s_suppkey = lineitem.l_suppkey)"}]}, {"Node Type": "Index Scan", "Parent Relationship": "Inner", "Scan Direction": "Forward", "Index Name": "nation_pkey", "Relation Name": "nation", "Alias": "n2", "Startup Cost": 0.0, "Total Cost": 0.27, "Plan Rows": 1, "Plan Width": 30, "Index Cond": "(n_nationkey = supplier.s_nationkey)"}]}]}]}, "Unique SQL Id": 3681808042, "Planner Runtime": 3}, "explain_analyze_plan": {"Plan": {"Node Type": "Sort", "Startup Cost": 543973.83, "Total Cost": 543973.85, "Plan Rows": 10, "Plan Width": 66, "Actual Startup Time": 7638.685, "Actual Total Time": 7638.685, "Actual Rows": 2, "Actual Loops": 1, "Sort Key": ["(date_part('year'::text, orders.o_orderdate))"], "Sort Method": "quicksort", "Sort Space Used": 25, "Sort Space Type": "Memory", "Plans": [{"Node Type": "Aggregate", "Strategy": "Hashed", "Parent Relationship": "Outer", "Startup Cost": 543973.51, "Total Cost": 543973.66, "Plan Rows": 10, "Plan Width": 66, "Actual Startup Time": 7638.658, "Actual Total Time": 7638.66, "Actual Rows": 2, "Actual Loops": 1, "Group By Key": ["date_part('year'::text, orders.o_orderdate)"], "Plans": [{"Node Type": "Nested Loop", "Parent Relationship": "Outer", "Join Type": "Inner", "Startup Cost": 0.0, "Total Cost": 543853.69, "Plan Rows": 5991, "Plan Width": 50, "Actual Startup Time": 0.367, "Actual Total Time": 7599.402, "Actual Rows": 23929, "Actual Loops": 1, "Inner Unique": true, "Plans": [{"Node Type": "Nested Loop", "Parent Relationship": "Outer", "Join Type": "Inner", "Startup Cost": 0.0, "Total Cost": 542160.52, "Plan Rows": 5991, "Plan Width": 28, "Actual Startup Time": 0.356, "Actual Total Time": 7511.304, "Actual Rows": 23929, "Actual Loops": 1, "Inner Unique": true, "Plans": [{"Node Type": "Nested Loop", "Parent Relationship": "Outer", "Join Type": "Inner", "Startup Cost": 0.0, "Total Cost": 537314.56, "Plan Rows": 17296, "Plan Width": 32, "Actual Startup Time": 0.348, "Actual Total Time": 7329.477, "Actual Rows": 23929, "Actual Loops": 1, "Inner Unique": false, "Join Filter": "(n1.n_nationkey = customer.c_nationkey)", "Rows Removed by Join Filter": 574896, "Plans": [{"Node Type": "Nested Loop", "Parent Relationship": "Outer", "Join Type": "Inner", "Startup Cost": 0.0, "Total Cost": 530807.88, "Plan Rows": 86479, "Plan Width": 36, "Actual Startup Time": 0.177, "Actual Total Time": 7111.281, "Actual Rows": 119765, "Actual Loops": 1, "Inner Unique": true, "Plans": [{"Node Type": "Nested Loop", "Parent Relationship": "Outer", "Join Type": "Inner", "Startup Cost": 0.0, "Total Cost": 503356.69, "Plan Rows": 86479, "Plan Width": 40, "Actual Startup Time": 0.168, "Actual Total Time": 6165.853, "Actual Rows": 119765, "Actual Loops": 1, "Inner Unique": true, "Plans": [{"Node Type": "Nested Loop", "Parent Relationship": "Outer", "Join Type": "Inner", "Startup Cost": 0.0, "Total Cost": 480423.82, "Plan Rows": 74637, "Plan Width": 32, "Actual Startup Time": 0.063, "Actual Total Time": 2640.791, "Actual Rows": 395341, "Actual Loops": 1, "Inner Unique": false, "Plans": [{"Node Type": "Index Scan", "Parent Relationship": "Outer", "Scan Direction": "Forward", "Index Name": "part_kpey", "Relation Name": "part", "Alias": "part", "Startup Cost": 0.0, "Total Cost": 105803.25, "Plan Rows": 13538, "Plan Width": 8, "Actual Startup Time": 0.04, "Actual Total Time": 1363.377, "Actual Rows": 13163, "Actual Loops": 1, "Filter": "((p_type)::text = 'SMALL PLATED COPPER'::text)", "Rows Removed by Filter": 1986837}, {"Node Type": "Index Scan", "Parent Relationship": "Inner", "Scan Direction": "Forward", "Index Name": "idx_lineitem_part_supp", "Relation Name": "lineitem", "Alias": "lineitem", "Startup Cost": 0.0, "Total Cost": 27.61, "Plan Rows": 6, "Plan Width": 40, "Actual Startup Time": 164.943, "Actual Total Time": 1171.622, "Actual Rows": 395341, "Actual Loops": 13163, "Index Cond": "(l_partkey = part.p_partkey)", "Rows Removed by Index Recheck": 0}]}, {"Node Type": "Index Scan", "Parent Relationship": "Inner", "Scan Direction": "Forward", "Index Name": "orders_pkey", "Relation Name": "orders", "Alias": "orders", "Startup Cost": 0.0, "Total Cost": 0.3, "Plan Rows": 1, "Plan Width": 24, "Actual Startup Time": 3278.401, "Actual Total Time": 3278.401, "Actual Rows": 119765, "Actual Loops": 395341, "Index Cond": "(o_orderkey = lineitem.l_orderkey)", "Rows Removed by Index Recheck": 0, "Filter": "((o_orderdate >= '1995-01-01 00:00:00'::timestamp(0) without time zone) AND (o_orderdate <= '1996-12-31 00:00:00'::timestamp(0) without time zone))", "Rows Removed by Filter": 275576}]}, {"Node Type": "Index Scan", "Parent Relationship": "Inner", "Scan Direction": "Forward", "Index Name": "customer_pkey", "Relation Name": "customer", "Alias": "customer", "Startup Cost": 0.0, "Total Cost": 0.31, "Plan Rows": 1, "Plan Width": 12, "Actual Startup Time": 832.202, "Actual Total Time": 832.202, "Actual Rows": 119765, "Actual Loops": 119765, "Index Cond": "(c_custkey = orders.o_custkey)", "Rows Removed by Index Recheck": 0}]}, {"Node Type": "Materialize", "Parent Relationship": "Inner", "Startup Cost": 0.0, "Total Cost": 20.76, "Plan Rows": 5, "Plan Width": 4, "Actual Startup Time": 12.425, "Actual Total Time": 64.665, "Actual Rows": 598825, "Actual Loops": 119765, "Plans": [{"Node Type": "Nested Loop", "Parent Relationship": "Outer", "Join Type": "Inner", "Startup Cost": 0.0, "Total Cost": 20.74, "Plan Rows": 5, "Plan Width": 4, "Actual Startup Time": 0.018, "Actual Total Time": 0.024, "Actual Rows": 5, "Actual Loops": 1, "Inner Unique": false, "Plans": [{"Node Type": "Index Scan", "Parent Relationship": "Outer", "Scan Direction": "Forward", "Index Name": "region_pkey", "Relation Name": "region", "Alias": "region", "Startup Cost": 0.0, "Total Cost": 12.34, "Plan Rows": 1, "Plan Width": 4, "Actual Startup Time": 0.009, "Actual Total Time": 0.011, "Actual Rows": 1, "Actual Loops": 1, "Filter": "(r_name = 'ASIA'::bpchar)", "Rows Removed by Filter": 4}, {"Node Type": "Index Scan", "Parent Relationship": "Inner", "Scan Direction": "Forward", "Index Name": "idx_nation_regionkey", "Relation Name": "nation", "Alias": "n1", "Startup Cost": 0.0, "Total Cost": 8.35, "Plan Rows": 5, "Plan Width": 8, "Actual Startup Time": 0.005, "Actual Total Time": 0.006, "Actual Rows": 5, "Actual Loops": 1, "Index Cond": "(n_regionkey = region.r_regionkey)", "Rows Removed by Index Recheck": 0}]}]}]}, {"Node Type": "Index Scan", "Parent Relationship": "Inner", "Scan Direction": "Forward", "Index Name": "supplier_pkey", "Relation Name": "supplier", "Alias": "supplier", "Startup Cost": 0.0, "Total Cost": 0.27, "Plan Rows": 1, "Plan Width": 12, "Actual Startup Time": 148.659, "Actual Total Time": 148.659, "Actual Rows": 23929, "Actual Loops": 23929, "Index Cond": "(s_suppkey = lineitem.l_suppkey)", "Rows Removed by Index Recheck": 0}]}, {"Node Type": "Index Scan", "Parent Relationship": "Inner", "Scan Direction": "Forward", "Index Name": "nation_pkey", "Relation Name": "nation", "Alias": "n2", "Startup Cost": 0.0, "Total Cost": 0.27, "Plan Rows": 1, "Plan Width": 30, "Actual Startup Time": 41.417, "Actual Total Time": 41.417, "Actual Rows": 23929, "Actual Loops": 23929, "Index Cond": "(n_nationkey = supplier.s_nationkey)", "Rows Removed by Index Recheck": 0}]}]}]}, "Triggers": [], "Planner Runtime": 2, "Total Runtime": 7639.12, "Unique SQL Id": 3681808042}}, "(16, 54)": {"explain_plan": {"Plan": {"Node Type": "Sort", "Startup Cost": 1223730.05, "Total Cost": 1223730.08, "Plan Rows": 10, "Plan Width": 66, "Sort Key": ["(date_part('year'::text, orders.o_orderdate))"], "Plans": [{"Node Type": "Aggregate", "Strategy": "Hashed", "Parent Relationship": "Outer", "Startup Cost": 1223729.73, "Total Cost": 1223729.88, "Plan Rows": 10, "Plan Width": 66, "Group By Key": ["date_part('year'::text, orders.o_orderdate)"], "Plans": [{"Node Type": "Nested Loop", "Parent Relationship": "Outer", "Join Type": "Inner", "Startup Cost": 4.99, "Total Cost": 1223609.91, "Plan Rows": 5991, "Plan Width": 50, "Inner Unique": true, "Join Filter": "(supplier.s_nationkey = n2.n_nationkey)", "Plans": [{"Node Type": "Nested Loop", "Parent Relationship": "Outer", "Join Type": "Inner", "Startup Cost": 4.99, "Total Cost": 1221347.0, "Plan Rows": 5991, "Plan Width": 28, "Inner Unique": true, "Plans": [{"Node Type": "Nested Loop", "Parent Relationship": "Outer", "Join Type": "Inner", "Startup Cost": 4.73, "Total Cost": 1147315.35, "Plan Rows": 17296, "Plan Width": 32, "Inner Unique": false, "Join Filter": "(n1.n_nationkey = customer.c_nationkey)", "Plans": [{"Node Type": "Nested Loop", "Parent Relationship": "Outer", "Join Type": "Inner", "Startup Cost": 4.73, "Total Cost": 1140826.79, "Plan Rows": 86479, "Plan Width": 36, "Inner Unique": true, "Plans": [{"Node Type": "Nested Loop", "Parent Relationship": "Outer", "Join Type": "Inner", "Startup Cost": 4.47, "Total Cost": 770271.73, "Plan Rows": 86479, "Plan Width": 40, "Inner Unique": true, "Plans": [{"Node Type": "Nested Loop", "Parent Relationship": "Outer", "Join Type": "Inner", "Startup Cost": 4.21, "Total Cost": 450147.9, "Plan Rows": 74637, "Plan Width": 32, "Inner Unique": false, "Plans": [{"Node Type": "Seq Scan", "Parent Relationship": "Outer", "Relation Name": "part", "Alias": "part", "Startup Cost": 0.0, "Total Cost": 66944.0, "Plan Rows": 13538, "Plan Width": 8, "Filter": "((p_type)::text = 'SMALL PLATED COPPER'::text)"}, {"Node Type": "Bitmap Heap Scan", "Parent Relationship": "Inner", "Relation Name": "lineitem", "Alias": "lineitem", "Startup Cost": 4.21, "Total Cost": 28.25, "Plan Rows": 6, "Plan Width": 40, "Recheck Cond": "(l_partkey = part.p_partkey)", "Plans": [{"Node Type": "Bitmap Index Scan", "Parent Relationship": "Outer", "Index Name": "idx_lineitem_part_supp", "Startup Cost": 0.0, "Total Cost": 4.21, "Plan Rows": 6, "Plan Width": 0, "Index Cond": "(l_partkey = part.p_partkey)"}]}]}, {"Node Type": "Bitmap Heap Scan", "Parent Relationship": "Inner", "Relation Name": "orders", "Alias": "orders", "Startup Cost": 0.26, "Total Cost": 4.28, "Plan Rows": 1, "Plan Width": 24, "Recheck Cond": "(o_orderkey = lineitem.l_orderkey)", "Filter": "((o_orderdate >= '1995-01-01 00:00:00'::timestamp(0) without time zone) AND (o_orderdate <= '1996-12-31 00:00:00'::timestamp(0) without time zone))", "Plans": [{"Node Type": "Bitmap Index Scan", "Parent Relationship": "Outer", "Index Name": "orders_pkey", "Startup Cost": 0.0, "Total Cost": 0.26, "Plan Rows": 1, "Plan Width": 0, "Index Cond": "(o_orderkey = lineitem.l_orderkey)"}]}]}, {"Node Type": "Bitmap Heap Scan", "Parent Relationship": "Inner", "Relation Name": "customer", "Alias": "customer", "Startup Cost": 0.26, "Total Cost": 4.27, "Plan Rows": 1, "Plan Width": 12, "Recheck Cond": "(c_custkey = orders.o_custkey)", "Plans": [{"Node Type": "Bitmap Index Scan", "Parent Relationship": "Outer", "Index Name": "customer_pkey", "Startup Cost": 0.0, "Total Cost": 0.26, "Plan Rows": 1, "Plan Width": 0, "Index Cond": "(c_custkey = orders.o_custkey)"}]}]}, {"Node Type": "Materialize", "Parent Relationship": "Inner", "Startup Cost": 0.0, "Total Cost": 2.65, "Plan Rows": 5, "Plan Width": 4, "Plans": [{"Node Type": "Nested Loop", "Parent Relationship": "Outer", "Join Type": "Inner", "Startup Cost": 0.0, "Total Cost": 2.62, "Plan Rows": 5, "Plan Width": 4, "Inner Unique": false, "Join Filter": "(n1.n_regionkey = region.r_regionkey)", "Plans": [{"Node Type": "Seq Scan", "Parent Relationship": "Outer", "Relation Name": "region", "Alias": "region", "Startup Cost": 0.0, "Total Cost": 1.06, "Plan Rows": 1, "Plan Width": 4, "Filter": "(r_name = 'ASIA'::bpchar)"}, {"Node Type": "Seq Scan", "Parent Relationship": "Inner", "Relation Name": "nation", "Alias": "n1", "Startup Cost": 0.0, "Total Cost": 1.25, "Plan Rows": 25, "Plan Width": 8}]}]}]}, {"Node Type": "Bitmap Heap Scan", "Parent Relationship": "Inner", "Relation Name": "supplier", "Alias": "supplier", "Startup Cost": 0.26, "Total Cost": 4.27, "Plan Rows": 1, "Plan Width": 12, "Recheck Cond": "(s_suppkey = lineitem.l_suppkey)", "Plans": [{"Node Type": "Bitmap Index Scan", "Parent Relationship": "Outer", "Index Name": "supplier_pkey", "Startup Cost": 0.0, "Total Cost": 0.26, "Plan Rows": 1, "Plan Width": 0, "Index Cond": "(s_suppkey = lineitem.l_suppkey)"}]}]}, {"Node Type": "Materialize", "Parent Relationship": "Inner", "Startup Cost": 0.0, "Total Cost": 1.38, "Plan Rows": 25, "Plan Width": 30, "Plans": [{"Node Type": "Seq Scan", "Parent Relationship": "Outer", "Relation Name": "nation", "Alias": "n2", "Startup Cost": 0.0, "Total Cost": 1.25, "Plan Rows": 25, "Plan Width": 30}]}]}]}]}, "Unique SQL Id": 3681808042, "Planner Runtime": 4}, "explain_analyze_plan": {"Plan": {"Node Type": "Sort", "Startup Cost": 1223730.05, "Total Cost": 1223730.08, "Plan Rows": 10, "Plan Width": 66, "Actual Startup Time": 8170.316, "Actual Total Time": 8170.317, "Actual Rows": 2, "Actual Loops": 1, "Sort Key": ["(date_part('year'::text, orders.o_orderdate))"], "Sort Method": "quicksort", "Sort Space Used": 25, "Sort Space Type": "Memory", "Plans": [{"Node Type": "Aggregate", "Strategy": "Hashed", "Parent Relationship": "Outer", "Startup Cost": 1223729.73, "Total Cost": 1223729.88, "Plan Rows": 10, "Plan Width": 66, "Actual Startup Time": 8170.296, "Actual Total Time": 8170.298, "Actual Rows": 2, "Actual Loops": 1, "Group By Key": ["date_part('year'::text, orders.o_orderdate)"], "Plans": [{"Node Type": "Nested Loop", "Parent Relationship": "Outer", "Join Type": "Inner", "Startup Cost": 4.99, "Total Cost": 1223609.91, "Plan Rows": 5991, "Plan Width": 50, "Actual Startup Time": 0.291, "Actual Total Time": 8124.022, "Actual Rows": 23929, "Actual Loops": 1, "Inner Unique": true, "Join Filter": "(supplier.s_nationkey = n2.n_nationkey)", "Rows Removed by Join Filter": 288173, "Plans": [{"Node Type": "Nested Loop", "Parent Relationship": "Outer", "Join Type": "Inner", "Startup Cost": 4.99, "Total Cost": 1221347.0, "Plan Rows": 5991, "Plan Width": 28, "Actual Startup Time": 0.252, "Actual Total Time": 7998.743, "Actual Rows": 23929, "Actual Loops": 1, "Inner Unique": true, "Plans": [{"Node Type": "Nested Loop", "Parent Relationship": "Outer", "Join Type": "Inner", "Startup Cost": 4.73, "Total Cost": 1147315.35, "Plan Rows": 17296, "Plan Width": 32, "Actual Startup Time": 0.241, "Actual Total Time": 7784.122, "Actual Rows": 23929, "Actual Loops": 1, "Inner Unique": false, "Join Filter": "(n1.n_nationkey = customer.c_nationkey)", "Rows Removed by Join Filter": 574896, "Plans": [{"Node Type": "Nested Loop", "Parent Relationship": "Outer", "Join Type": "Inner", "Startup Cost": 4.73, "Total Cost": 1140826.79, "Plan Rows": 86479, "Plan Width": 36, "Actual Startup Time": 0.157, "Actual Total Time": 7553.689, "Actual Rows": 119765, "Actual Loops": 1, "Inner Unique": true, "Plans": [{"Node Type": "Nested Loop", "Parent Relationship": "Outer", "Join Type": "Inner", "Startup Cost": 4.47, "Total Cost": 770271.73, "Plan Rows": 86479, "Plan Width": 40, "Actual Startup Time": 0.142, "Actual Total Time": 6427.353, "Actual Rows": 119765, "Actual Loops": 1, "Inner Unique": true, "Plans": [{"Node Type": "Nested Loop", "Parent Relationship": "Outer", "Join Type": "Inner", "Startup Cost": 4.21, "Total Cost": 450147.9, "Plan Rows": 74637, "Plan Width": 32, "Actual Startup Time": 0.086, "Actual Total Time": 2289.677, "Actual Rows": 395341, "Actual Loops": 1, "Inner Unique": false, "Plans": [{"Node Type": "Seq Scan", "Parent Relationship": "Outer", "Relation Name": "part", "Alias": "part", "Startup Cost": 0.0, "Total Cost": 66944.0, "Plan Rows": 13538, "Plan Width": 8, "Actual Startup Time": 0.037, "Actual Total Time": 779.065, "Actual Rows": 13163, "Actual Loops": 1, "Filter": "((p_type)::text = 'SMALL PLATED COPPER'::text)", "Rows Removed by Filter": 1986837}, {"Node Type": "Bitmap Heap Scan", "Parent Relationship": "Inner", "Relation Name": "lineitem", "Alias": "lineitem", "Startup Cost": 4.21, "Total Cost": 28.25, "Plan Rows": 6, "Plan Width": 40, "Actual Startup Time": 276.094, "Actual Total Time": 1381.693, "Actual Rows": 395341, "Actual Loops": 13163, "Recheck Cond": "(l_partkey = part.p_partkey)", "Rows Removed by Index Recheck": 0, "Exact Heap Blocks": 395337, "Lossy Heap Blocks": 395337, "Plans": [{"Node Type": "Bitmap Index Scan", "Parent Relationship": "Outer", "Index Name": "idx_lineitem_part_supp", "Startup Cost": 0.0, "Total Cost": 4.21, "Plan Rows": 6, "Plan Width": 0, "Actual Startup Time": 175.231, "Actual Total Time": 175.231, "Actual Rows": 395341, "Actual Loops": 13163, "Index Cond": "(l_partkey = part.p_partkey)"}]}]}, {"Node Type": "Bitmap Heap Scan", "Parent Relationship": "Inner", "Relation Name": "orders", "Alias": "orders", "Startup Cost": 0.26, "Total Cost": 4.28, "Plan Rows": 1, "Plan Width": 24, "Actual Startup Time": 3646.277, "Actual Total Time": 3646.277, "Actual Rows": 119765, "Actual Loops": 395341, "Recheck Cond": "(o_orderkey = lineitem.l_orderkey)", "Rows Removed by Index Recheck": 0, "Filter": "((o_orderdate >= '1995-01-01 00:00:00'::timestamp(0) without time zone) AND (o_orderdate <= '1996-12-31 00:00:00'::timestamp(0) without time zone))", "Rows Removed by Filter": 275576, "Exact Heap Blocks": 395341, "Lossy Heap Blocks": 395341, "Plans": [{"Node Type": "Bitmap Index Scan", "Parent Relationship": "Outer", "Index Name": "orders_pkey", "Startup Cost": 0.0, "Total Cost": 0.26, "Plan Rows": 1, "Plan Width": 0, "Actual Startup Time": 2219.138, "Actual Total Time": 2219.138, "Actual Rows": 395341, "Actual Loops": 395341, "Index Cond": "(o_orderkey = lineitem.l_orderkey)"}]}]}, {"Node Type": "Bitmap Heap Scan", "Parent Relationship": "Inner", "Relation Name": "customer", "Alias": "customer", "Startup Cost": 0.26, "Total Cost": 4.27, "Plan Rows": 1, "Plan Width": 12, "Actual Startup Time": 960.376, "Actual Total Time": 960.376, "Actual Rows": 119765, "Actual Loops": 119765, "Recheck Cond": "(c_custkey = orders.o_custkey)", "Rows Removed by Index Recheck": 0, "Exact Heap Blocks": 119765, "Lossy Heap Blocks": 119765, "Plans": [{"Node Type": "Bitmap Index Scan", "Parent Relationship": "Outer", "Index Name": "customer_pkey", "Startup Cost": 0.0, "Total Cost": 0.26, "Plan Rows": 1, "Plan Width": 0, "Actual Startup Time": 599.793, "Actual Total Time": 599.793, "Actual Rows": 119765, "Actual Loops": 119765, "Index Cond": "(c_custkey = orders.o_custkey)"}]}]}, {"Node Type": "Materialize", "Parent Relationship": "Inner", "Startup Cost": 0.0, "Total Cost": 2.65, "Plan Rows": 5, "Plan Width": 4, "Actual Startup Time": 14.571, "Actual Total Time": 65.685, "Actual Rows": 598825, "Actual Loops": 119765, "Plans": [{"Node Type": "Nested Loop", "Parent Relationship": "Outer", "Join Type": "Inner", "Startup Cost": 0.0, "Total Cost": 2.62, "Plan Rows": 5, "Plan Width": 4, "Actual Startup Time": 0.034, "Actual Total Time": 0.044, "Actual Rows": 5, "Actual Loops": 1, "Inner Unique": false, "Join Filter": "(n1.n_regionkey = region.r_regionkey)", "Rows Removed by Join Filter": 20, "Plans": [{"Node Type": "Seq Scan", "Parent Relationship": "Outer", "Relation Name": "region", "Alias": "region", "Startup Cost": 0.0, "Total Cost": 1.06, "Plan Rows": 1, "Plan Width": 4, "Actual Startup Time": 0.01, "Actual Total Time": 0.011, "Actual Rows": 1, "Actual Loops": 1, "Filter": "(r_name = 'ASIA'::bpchar)", "Rows Removed by Filter": 4}, {"Node Type": "Seq Scan", "Parent Relationship": "Inner", "Relation Name": "nation", "Alias": "n1", "Startup Cost": 0.0, "Total Cost": 1.25, "Plan Rows": 25, "Plan Width": 8, "Actual Startup Time": 0.016, "Actual Total Time": 0.022, "Actual Rows": 25, "Actual Loops": 1}]}]}]}, {"Node Type": "Bitmap Heap Scan", "Parent Relationship": "Inner", "Relation Name": "supplier", "Alias": "supplier", "Startup Cost": 0.26, "Total Cost": 4.27, "Plan Rows": 1, "Plan Width": 12, "Actual Startup Time": 173.01, "Actual Total Time": 173.01, "Actual Rows": 23929, "Actual Loops": 23929, "Recheck Cond": "(s_suppkey = lineitem.l_suppkey)", "Rows Removed by Index Recheck": 0, "Exact Heap Blocks": 23929, "Lossy Heap Blocks": 23929, "Plans": [{"Node Type": "Bitmap Index Scan", "Parent Relationship": "Outer", "Index Name": "supplier_pkey", "Startup Cost": 0.0, "Total Cost": 0.26, "Plan Rows": 1, "Plan Width": 0, "Actual Startup Time": 96.136, "Actual Total Time": 96.136, "Actual Rows": 23929, "Actual Loops": 23929, "Index Cond": "(s_suppkey = lineitem.l_suppkey)"}]}]}, {"Node Type": "Materialize", "Parent Relationship": "Inner", "Startup Cost": 0.0, "Total Cost": 1.38, "Plan Rows": 25, "Plan Width": 30, "Actual Startup Time": 2.965, "Actual Total Time": 28.55, "Actual Rows": 312102, "Actual Loops": 23929, "Plans": [{"Node Type": "Seq Scan", "Parent Relationship": "Outer", "Relation Name": "nation", "Alias": "n2", "Startup Cost": 0.0, "Total Cost": 1.25, "Plan Rows": 25, "Plan Width": 30, "Actual Startup Time": 0.012, "Actual Total Time": 0.017, "Actual Rows": 25, "Actual Loops": 1}]}]}]}]}, "Triggers": [], "Planner Runtime": 4, "Total Runtime": 8170.735, "Unique SQL Id": 3681808042}}, "(16, 55)": {"explain_plan": {"Plan": {"Node Type": "Sort", "Startup Cost": 66661878.45, "Total Cost": 66661878.48, "Plan Rows": 10, "Plan Width": 66, "Sort Key": ["(date_part('year'::text, orders.o_orderdate))"], "Plans": [{"Node Type": "Aggregate", "Strategy": "Hashed", "Parent Relationship": "Outer", "Startup Cost": 66661878.14, "Total Cost": 66661878.29, "Plan Rows": 10, "Plan Width": 66, "Group By Key": ["date_part('year'::text, orders.o_orderdate)"], "Plans": [{"Node Type": "Nested Loop", "Parent Relationship": "Outer", "Join Type": "Inner", "Startup Cost": 115915.31, "Total Cost": 66661758.32, "Plan Rows": 5991, "Plan Width": 50, "Inner Unique": true, "Plans": [{"Node Type": "Nested Loop", "Parent Relationship": "Outer", "Join Type": "Inner", "Startup Cost": 115915.05, "Total Cost": 66636099.88, "Plan Rows": 5991, "Plan Width": 28, "Inner Unique": true, "Plans": [{"Node Type": "Nested Loop", "Parent Relationship": "Outer", "Join Type": "Inner", "Startup Cost": 115914.79, "Total Cost": 66562068.23, "Plan Rows": 17296, "Plan Width": 32, "Inner Unique": true, "Plans": [{"Node Type": "Nested Loop", "Parent Relationship": "Outer", "Join Type": "Inner", "Startup Cost": 115914.53, "Total Cost": 45938880.46, "Plan Rows": 4814867, "Plan Width": 40, "Inner Unique": false, "Plans": [{"Node Type": "Nested Loop", "Parent Relationship": "Outer", "Join Type": "Inner", "Startup Cost": 115914.01, "Total Cost": 43432501.27, "Plan Rows": 530296, "Plan Width": 16, "Inner Unique": true, "Plans": [{"Node Type": "Nested Loop", "Parent Relationship": "Outer", "Join Type": "Inner", "Startup Cost": 115913.43, "Total Cost": 31228406.3, "Plan Rows": 2651479, "Plan Width": 20, "Inner Unique": true, "Plans": [{"Node Type": "Nested Loop", "Parent Relationship": "Outer", "Join Type": "Inner", "Startup Cost": 115913.17, "Total Cost": 19879399.17, "Plan Rows": 2651479, "Plan Width": 20, "Inner Unique": true, "Plans": [{"Node Type": "Bitmap Heap Scan", "Parent Relationship": "Outer", "Relation Name": "orders", "Alias": "orders", "Startup Cost": 115912.91, "Total Cost": 460311.42, "Plan Rows": 4531967, "Plan Width": 24, "Recheck Cond": "((o_orderdate >= '1995-01-01 00:00:00'::timestamp(0) without time zone) AND (o_orderdate <= '1996-12-31 00:00:00'::timestamp(0) without time zone)), (LLVM Optimized)", "Plans": [{"Node Type": "Bitmap Index Scan", "Parent Relationship": "Outer", "Index Name": "idx_orders_orderdate", "Startup Cost": 0.0, "Total Cost": 114779.92, "Plan Rows": 4531967, "Plan Width": 0, "Index Cond": "((o_orderdate >= '1995-01-01 00:00:00'::timestamp(0) without time zone) AND (o_orderdate <= '1996-12-31 00:00:00'::timestamp(0) without time zone))"}]}, {"Node Type": "Bitmap Heap Scan", "Parent Relationship": "Inner", "Relation Name": "customer", "Alias": "customer", "Startup Cost": 0.26, "Total Cost": 4.27, "Plan Rows": 1, "Plan Width": 12, "Recheck Cond": "(c_custkey = orders.o_custkey)", "Plans": [{"Node Type": "Bitmap Index Scan", "Parent Relationship": "Outer", "Index Name": "customer_pkey", "Startup Cost": 0.0, "Total Cost": 0.26, "Plan Rows": 1, "Plan Width": 0, "Index Cond": "(c_custkey = orders.o_custkey)"}]}]}, {"Node Type": "Bitmap Heap Scan", "Parent Relationship": "Inner", "Relation Name": "nation", "Alias": "n1", "Startup Cost": 0.26, "Total Cost": 4.27, "Plan Rows": 1, "Plan Width": 8, "Recheck Cond": "(n_nationkey = customer.c_nationkey)", "Plans": [{"Node Type": "Bitmap Index Scan", "Parent Relationship": "Outer", "Index Name": "nation_pkey", "Startup Cost": 0.0, "Total Cost": 0.26, "Plan Rows": 1, "Plan Width": 0, "Index Cond": "(n_nationkey = customer.c_nationkey)"}]}]}, {"Node Type": "Bitmap Heap Scan", "Parent Relationship": "Inner", "Relation Name": "region", "Alias": "region", "Startup Cost": 0.58, "Total Cost": 4.59, "Plan Rows": 1, "Plan Width": 4, "Recheck Cond": "(r_regionkey = n1.n_regionkey)", "Filter": "(r_name = 'ASIA'::bpchar)", "Plans": [{"Node Type": "Bitmap Index Scan", "Parent Relationship": "Outer", "Index Name": "region_pkey", "Startup Cost": 0.0, "Total Cost": 0.58, "Plan Rows": 1, "Plan Width": 0, "Index Cond": "(r_regionkey = n1.n_regionkey)"}]}]}, {"Node Type": "Bitmap Heap Scan", "Parent Relationship": "Inner", "Relation Name": "lineitem", "Alias": "lineitem", "Startup Cost": 0.52, "Total Cost": 4.64, "Plan Rows": 9, "Plan Width": 40, "Recheck Cond": "(l_orderkey = orders.o_orderkey)", "Plans": [{"Node Type": "Bitmap Index Scan", "Parent Relationship": "Outer", "Index Name": "idx_lineitem_orderkey", "Startup Cost": 0.0, "Total Cost": 0.52, "Plan Rows": 9, "Plan Width": 0, "Index Cond": "(l_orderkey = orders.o_orderkey)"}]}]}, {"Node Type": "Bitmap Heap Scan", "Parent Relationship": "Inner", "Relation Name": "part", "Alias": "part", "Startup Cost": 0.26, "Total Cost": 4.27, "Plan Rows": 1, "Plan Width": 8, "Recheck Cond": "(p_partkey = lineitem.l_partkey)", "Filter": "((p_type)::text = 'SMALL PLATED COPPER'::text)", "Plans": [{"Node Type": "Bitmap Index Scan", "Parent Relationship": "Outer", "Index Name": "part_kpey", "Startup Cost": 0.0, "Total Cost": 0.26, "Plan Rows": 1, "Plan Width": 0, "Index Cond": "(p_partkey = lineitem.l_partkey)"}]}]}, {"Node Type": "Bitmap Heap Scan", "Parent Relationship": "Inner", "Relation Name": "supplier", "Alias": "supplier", "Startup Cost": 0.26, "Total Cost": 4.27, "Plan Rows": 1, "Plan Width": 12, "Recheck Cond": "(s_suppkey = lineitem.l_suppkey)", "Plans": [{"Node Type": "Bitmap Index Scan", "Parent Relationship": "Outer", "Index Name": "supplier_pkey", "Startup Cost": 0.0, "Total Cost": 0.26, "Plan Rows": 1, "Plan Width": 0, "Index Cond": "(s_suppkey = lineitem.l_suppkey)"}]}]}, {"Node Type": "Bitmap Heap Scan", "Parent Relationship": "Inner", "Relation Name": "nation", "Alias": "n2", "Startup Cost": 0.26, "Total Cost": 4.27, "Plan Rows": 1, "Plan Width": 30, "Recheck Cond": "(n_nationkey = supplier.s_nationkey)", "Plans": [{"Node Type": "Bitmap Index Scan", "Parent Relationship": "Outer", "Index Name": "nation_pkey", "Startup Cost": 0.0, "Total Cost": 0.26, "Plan Rows": 1, "Plan Width": 0, "Index Cond": "(n_nationkey = supplier.s_nationkey)"}]}]}]}]}, "Unique SQL Id": 3681808042, "Planner Runtime": 2}, "explain_analyze_plan": null}, "(16, 56)": {"explain_plan": {"Plan": {"Node Type": "Sort", "Startup Cost": 505096.47, "Total Cost": 505096.49, "Plan Rows": 10, "Plan Width": 66, "Sort Key": ["(date_part('year'::text, orders.o_orderdate))"], "Plans": [{"Node Type": "Aggregate", "Strategy": "Hashed", "Parent Relationship": "Outer", "Startup Cost": 505096.15, "Total Cost": 505096.3, "Plan Rows": 10, "Plan Width": 66, "Group By Key": ["date_part('year'::text, orders.o_orderdate)"], "Plans": [{"Node Type": "Nested Loop", "Parent Relationship": "Outer", "Join Type": "Inner", "Startup Cost": 0.0, "Total Cost": 504976.33, "Plan Rows": 5991, "Plan Width": 50, "Inner Unique": true, "Plans": [{"Node Type": "Nested Loop", "Parent Relationship": "Outer", "Join Type": "Inner", "Startup Cost": 0.0, "Total Cost": 503283.15, "Plan Rows": 5991, "Plan Width": 28, "Inner Unique": true, "Plans": [{"Node Type": "Nested Loop", "Parent Relationship": "Outer", "Join Type": "Inner", "Startup Cost": 0.0, "Total Cost": 498437.19, "Plan Rows": 17296, "Plan Width": 32, "Inner Unique": false, "Join Filter": "(n1.n_nationkey = customer.c_nationkey)", "Plans": [{"Node Type": "Nested Loop", "Parent Relationship": "Outer", "Join Type": "Inner", "Startup Cost": 0.0, "Total Cost": 491948.63, "Plan Rows": 86479, "Plan Width": 36, "Inner Unique": true, "Plans": [{"Node Type": "Nested Loop", "Parent Relationship": "Outer", "Join Type": "Inner", "Startup Cost": 0.0, "Total Cost": 464497.44, "Plan Rows": 86479, "Plan Width": 40, "Inner Unique": true, "Plans": [{"Node Type": "Nested Loop", "Parent Relationship": "Outer", "Join Type": "Inner", "Startup Cost": 0.0, "Total Cost": 441564.57, "Plan Rows": 74637, "Plan Width": 32, "Inner Unique": false, "Plans": [{"Node Type": "Seq Scan", "Parent Relationship": "Outer", "Relation Name": "part", "Alias": "part", "Startup Cost": 0.0, "Total Cost": 66944.0, "Plan Rows": 13538, "Plan Width": 8, "Filter": "((p_type)::text = 'SMALL PLATED COPPER'::text)"}, {"Node Type": "Index Scan", "Parent Relationship": "Inner", "Scan Direction": "Forward", "Index Name": "idx_lineitem_part_supp", "Relation Name": "lineitem", "Alias": "lineitem", "Startup Cost": 0.0, "Total Cost": 27.61, "Plan Rows": 6, "Plan Width": 40, "Index Cond": "(l_partkey = part.p_partkey)"}]}, {"Node Type": "Index Scan", "Parent Relationship": "Inner", "Scan Direction": "Forward", "Index Name": "orders_pkey", "Relation Name": "orders", "Alias": "orders", "Startup Cost": 0.0, "Total Cost": 0.3, "Plan Rows": 1, "Plan Width": 24, "Index Cond": "(o_orderkey = lineitem.l_orderkey)", "Filter": "((o_orderdate >= '1995-01-01 00:00:00'::timestamp(0) without time zone) AND (o_orderdate <= '1996-12-31 00:00:00'::timestamp(0) without time zone))"}]}, {"Node Type": "Index Scan", "Parent Relationship": "Inner", "Scan Direction": "Forward", "Index Name": "customer_pkey", "Relation Name": "customer", "Alias": "customer", "Startup Cost": 0.0, "Total Cost": 0.31, "Plan Rows": 1, "Plan Width": 12, "Index Cond": "(c_custkey = orders.o_custkey)"}]}, {"Node Type": "Materialize", "Parent Relationship": "Inner", "Startup Cost": 0.0, "Total Cost": 2.65, "Plan Rows": 5, "Plan Width": 4, "Plans": [{"Node Type": "Nested Loop", "Parent Relationship": "Outer", "Join Type": "Inner", "Startup Cost": 0.0, "Total Cost": 2.62, "Plan Rows": 5, "Plan Width": 4, "Inner Unique": false, "Join Filter": "(n1.n_regionkey = region.r_regionkey)", "Plans": [{"Node Type": "Seq Scan", "Parent Relationship": "Outer", "Relation Name": "region", "Alias": "region", "Startup Cost": 0.0, "Total Cost": 1.06, "Plan Rows": 1, "Plan Width": 4, "Filter": "(r_name = 'ASIA'::bpchar)"}, {"Node Type": "Seq Scan", "Parent Relationship": "Inner", "Relation Name": "nation", "Alias": "n1", "Startup Cost": 0.0, "Total Cost": 1.25, "Plan Rows": 25, "Plan Width": 8}]}]}]}, {"Node Type": "Index Scan", "Parent Relationship": "Inner", "Scan Direction": "Forward", "Index Name": "supplier_pkey", "Relation Name": "supplier", "Alias": "supplier", "Startup Cost": 0.0, "Total Cost": 0.27, "Plan Rows": 1, "Plan Width": 12, "Index Cond": "(s_suppkey = lineitem.l_suppkey)"}]}, {"Node Type": "Index Scan", "Parent Relationship": "Inner", "Scan Direction": "Forward", "Index Name": "nation_pkey", "Relation Name": "nation", "Alias": "n2", "Startup Cost": 0.0, "Total Cost": 0.27, "Plan Rows": 1, "Plan Width": 30, "Index Cond": "(n_nationkey = supplier.s_nationkey)"}]}]}]}, "Unique SQL Id": 3681808042, "Planner Runtime": 3}, "explain_analyze_plan": {"Plan": {"Node Type": "Sort", "Startup Cost": 505096.47, "Total Cost": 505096.49, "Plan Rows": 10, "Plan Width": 66, "Actual Startup Time": 7006.798, "Actual Total Time": 7006.798, "Actual Rows": 2, "Actual Loops": 1, "Sort Key": ["(date_part('year'::text, orders.o_orderdate))"], "Sort Method": "quicksort", "Sort Space Used": 25, "Sort Space Type": "Memory", "Plans": [{"Node Type": "Aggregate", "Strategy": "Hashed", "Parent Relationship": "Outer", "Startup Cost": 505096.15, "Total Cost": 505096.3, "Plan Rows": 10, "Plan Width": 66, "Actual Startup Time": 7006.778, "Actual Total Time": 7006.779, "Actual Rows": 2, "Actual Loops": 1, "Group By Key": ["date_part('year'::text, orders.o_orderdate)"], "Plans": [{"Node Type": "Nested Loop", "Parent Relationship": "Outer", "Join Type": "Inner", "Startup Cost": 0.0, "Total Cost": 504976.33, "Plan Rows": 5991, "Plan Width": 50, "Actual Startup Time": 0.506, "Actual Total Time": 6967.878, "Actual Rows": 23929, "Actual Loops": 1, "Inner Unique": true, "Plans": [{"Node Type": "Nested Loop", "Parent Relationship": "Outer", "Join Type": "Inner", "Startup Cost": 0.0, "Total Cost": 503283.15, "Plan Rows": 5991, "Plan Width": 28, "Actual Startup Time": 0.488, "Actual Total Time": 6879.824, "Actual Rows": 23929, "Actual Loops": 1, "Inner Unique": true, "Plans": [{"Node Type": "Nested Loop", "Parent Relationship": "Outer", "Join Type": "Inner", "Startup Cost": 0.0, "Total Cost": 498437.19, "Plan Rows": 17296, "Plan Width": 32, "Actual Startup Time": 0.473, "Actual Total Time": 6704.702, "Actual Rows": 23929, "Actual Loops": 1, "Inner Unique": false, "Join Filter": "(n1.n_nationkey = customer.c_nationkey)", "Rows Removed by Join Filter": 574896, "Plans": [{"Node Type": "Nested Loop", "Parent Relationship": "Outer", "Join Type": "Inner", "Startup Cost": 0.0, "Total Cost": 491948.63, "Plan Rows": 86479, "Plan Width": 36, "Actual Startup Time": 0.233, "Actual Total Time": 6486.62, "Actual Rows": 119765, "Actual Loops": 1, "Inner Unique": true, "Plans": [{"Node Type": "Nested Loop", "Parent Relationship": "Outer", "Join Type": "Inner", "Startup Cost": 0.0, "Total Cost": 464497.44, "Plan Rows": 86479, "Plan Width": 40, "Actual Startup Time": 0.218, "Actual Total Time": 5536.531, "Actual Rows": 119765, "Actual Loops": 1, "Inner Unique": true, "Plans": [{"Node Type": "Nested Loop", "Parent Relationship": "Outer", "Join Type": "Inner", "Startup Cost": 0.0, "Total Cost": 441564.57, "Plan Rows": 74637, "Plan Width": 32, "Actual Startup Time": 0.063, "Actual Total Time": 2039.844, "Actual Rows": 395341, "Actual Loops": 1, "Inner Unique": false, "Plans": [{"Node Type": "Seq Scan", "Parent Relationship": "Outer", "Relation Name": "part", "Alias": "part", "Startup Cost": 0.0, "Total Cost": 66944.0, "Plan Rows": 13538, "Plan Width": 8, "Actual Startup Time": 0.033, "Actual Total Time": 773.896, "Actual Rows": 13163, "Actual Loops": 1, "Filter": "((p_type)::text = 'SMALL PLATED COPPER'::text)", "Rows Removed by Filter": 1986837}, {"Node Type": "Index Scan", "Parent Relationship": "Inner", "Scan Direction": "Forward", "Index Name": "idx_lineitem_part_supp", "Relation Name": "lineitem", "Alias": "lineitem", "Startup Cost": 0.0, "Total Cost": 27.61, "Plan Rows": 6, "Plan Width": 40, "Actual Startup Time": 159.965, "Actual Total Time": 1161.38, "Actual Rows": 395341, "Actual Loops": 13163, "Index Cond": "(l_partkey = part.p_partkey)", "Rows Removed by Index Recheck": 0}]}, {"Node Type": "Index Scan", "Parent Relationship": "Inner", "Scan Direction": "Forward", "Index Name": "orders_pkey", "Relation Name": "orders", "Alias": "orders", "Startup Cost": 0.0, "Total Cost": 0.3, "Plan Rows": 1, "Plan Width": 24, "Actual Startup Time": 3248.275, "Actual Total Time": 3248.275, "Actual Rows": 119765, "Actual Loops": 395341, "Index Cond": "(o_orderkey = lineitem.l_orderkey)", "Rows Removed by Index Recheck": 0, "Filter": "((o_orderdate >= '1995-01-01 00:00:00'::timestamp(0) without time zone) AND (o_orderdate <= '1996-12-31 00:00:00'::timestamp(0) without time zone))", "Rows Removed by Filter": 275576}]}, {"Node Type": "Index Scan", "Parent Relationship": "Inner", "Scan Direction": "Forward", "Index Name": "customer_pkey", "Relation Name": "customer", "Alias": "customer", "Startup Cost": 0.0, "Total Cost": 0.31, "Plan Rows": 1, "Plan Width": 12, "Actual Startup Time": 839.255, "Actual Total Time": 839.255, "Actual Rows": 119765, "Actual Loops": 119765, "Index Cond": "(c_custkey = orders.o_custkey)", "Rows Removed by Index Recheck": 0}]}, {"Node Type": "Materialize", "Parent Relationship": "Inner", "Startup Cost": 0.0, "Total Cost": 2.65, "Plan Rows": 5, "Plan Width": 4, "Actual Startup Time": 12.797, "Actual Total Time": 64.631, "Actual Rows": 598825, "Actual Loops": 119765, "Plans": [{"Node Type": "Nested Loop", "Parent Relationship": "Outer", "Join Type": "Inner", "Startup Cost": 0.0, "Total Cost": 2.62, "Plan Rows": 5, "Plan Width": 4, "Actual Startup Time": 0.023, "Actual Total Time": 0.033, "Actual Rows": 5, "Actual Loops": 1, "Inner Unique": false, "Join Filter": "(n1.n_regionkey = region.r_regionkey)", "Rows Removed by Join Filter": 20, "Plans": [{"Node Type": "Seq Scan", "Parent Relationship": "Outer", "Relation Name": "region", "Alias": "region", "Startup Cost": 0.0, "Total Cost": 1.06, "Plan Rows": 1, "Plan Width": 4, "Actual Startup Time": 0.007, "Actual Total Time": 0.008, "Actual Rows": 1, "Actual Loops": 1, "Filter": "(r_name = 'ASIA'::bpchar)", "Rows Removed by Filter": 4}, {"Node Type": "Seq Scan", "Parent Relationship": "Inner", "Relation Name": "nation", "Alias": "n1", "Startup Cost": 0.0, "Total Cost": 1.25, "Plan Rows": 25, "Plan Width": 8, "Actual Startup Time": 0.007, "Actual Total Time": 0.01, "Actual Rows": 25, "Actual Loops": 1}]}]}]}, {"Node Type": "Index Scan", "Parent Relationship": "Inner", "Scan Direction": "Forward", "Index Name": "supplier_pkey", "Relation Name": "supplier", "Alias": "supplier", "Startup Cost": 0.0, "Total Cost": 0.27, "Plan Rows": 1, "Plan Width": 12, "Actual Startup Time": 143.152, "Actual Total Time": 143.152, "Actual Rows": 23929, "Actual Loops": 23929, "Index Cond": "(s_suppkey = lineitem.l_suppkey)", "Rows Removed by Index Recheck": 0}]}, {"Node Type": "Index Scan", "Parent Relationship": "Inner", "Scan Direction": "Forward", "Index Name": "nation_pkey", "Relation Name": "nation", "Alias": "n2", "Startup Cost": 0.0, "Total Cost": 0.27, "Plan Rows": 1, "Plan Width": 30, "Actual Startup Time": 41.105, "Actual Total Time": 41.105, "Actual Rows": 23929, "Actual Loops": 23929, "Index Cond": "(n_nationkey = supplier.s_nationkey)", "Rows Removed by Index Recheck": 0}]}]}]}, "Triggers": [], "Planner Runtime": 3, "Total Runtime": 7007.196, "Unique SQL Id": 3681808042}}, "(16, 57)": {"explain_plan": {"Plan": {"Node Type": "Sort", "Startup Cost": 543973.83, "Total Cost": 543973.85, "Plan Rows": 10, "Plan Width": 66, "Sort Key": ["(date_part('year'::text, orders.o_orderdate))"], "Plans": [{"Node Type": "Aggregate", "Strategy": "Hashed", "Parent Relationship": "Outer", "Startup Cost": 543973.51, "Total Cost": 543973.66, "Plan Rows": 10, "Plan Width": 66, "Group By Key": ["date_part('year'::text, orders.o_orderdate)"], "Plans": [{"Node Type": "Nested Loop", "Parent Relationship": "Outer", "Join Type": "Inner", "Startup Cost": 0.0, "Total Cost": 543853.69, "Plan Rows": 5991, "Plan Width": 50, "Inner Unique": true, "Plans": [{"Node Type": "Nested Loop", "Parent Relationship": "Outer", "Join Type": "Inner", "Startup Cost": 0.0, "Total Cost": 542160.52, "Plan Rows": 5991, "Plan Width": 28, "Inner Unique": true, "Plans": [{"Node Type": "Nested Loop", "Parent Relationship": "Outer", "Join Type": "Inner", "Startup Cost": 0.0, "Total Cost": 537314.56, "Plan Rows": 17296, "Plan Width": 32, "Inner Unique": false, "Join Filter": "(n1.n_nationkey = customer.c_nationkey)", "Plans": [{"Node Type": "Nested Loop", "Parent Relationship": "Outer", "Join Type": "Inner", "Startup Cost": 0.0, "Total Cost": 530807.88, "Plan Rows": 86479, "Plan Width": 36, "Inner Unique": true, "Plans": [{"Node Type": "Nested Loop", "Parent Relationship": "Outer", "Join Type": "Inner", "Startup Cost": 0.0, "Total Cost": 503356.69, "Plan Rows": 86479, "Plan Width": 40, "Inner Unique": true, "Plans": [{"Node Type": "Nested Loop", "Parent Relationship": "Outer", "Join Type": "Inner", "Startup Cost": 0.0, "Total Cost": 480423.82, "Plan Rows": 74637, "Plan Width": 32, "Inner Unique": false, "Plans": [{"Node Type": "Index Scan", "Parent Relationship": "Outer", "Scan Direction": "Forward", "Index Name": "part_kpey", "Relation Name": "part", "Alias": "part", "Startup Cost": 0.0, "Total Cost": 105803.25, "Plan Rows": 13538, "Plan Width": 8, "Filter": "((p_type)::text = 'SMALL PLATED COPPER'::text)"}, {"Node Type": "Index Scan", "Parent Relationship": "Inner", "Scan Direction": "Forward", "Index Name": "idx_lineitem_part_supp", "Relation Name": "lineitem", "Alias": "lineitem", "Startup Cost": 0.0, "Total Cost": 27.61, "Plan Rows": 6, "Plan Width": 40, "Index Cond": "(l_partkey = part.p_partkey)"}]}, {"Node Type": "Index Scan", "Parent Relationship": "Inner", "Scan Direction": "Forward", "Index Name": "orders_pkey", "Relation Name": "orders", "Alias": "orders", "Startup Cost": 0.0, "Total Cost": 0.3, "Plan Rows": 1, "Plan Width": 24, "Index Cond": "(o_orderkey = lineitem.l_orderkey)", "Filter": "((o_orderdate >= '1995-01-01 00:00:00'::timestamp(0) without time zone) AND (o_orderdate <= '1996-12-31 00:00:00'::timestamp(0) without time zone))"}]}, {"Node Type": "Index Scan", "Parent Relationship": "Inner", "Scan Direction": "Forward", "Index Name": "customer_pkey", "Relation Name": "customer", "Alias": "customer", "Startup Cost": 0.0, "Total Cost": 0.31, "Plan Rows": 1, "Plan Width": 12, "Index Cond": "(c_custkey = orders.o_custkey)"}]}, {"Node Type": "Materialize", "Parent Relationship": "Inner", "Startup Cost": 0.0, "Total Cost": 20.76, "Plan Rows": 5, "Plan Width": 4, "Plans": [{"Node Type": "Nested Loop", "Parent Relationship": "Outer", "Join Type": "Inner", "Startup Cost": 0.0, "Total Cost": 20.74, "Plan Rows": 5, "Plan Width": 4, "Inner Unique": false, "Plans": [{"Node Type": "Index Scan", "Parent Relationship": "Outer", "Scan Direction": "Forward", "Index Name": "region_pkey", "Relation Name": "region", "Alias": "region", "Startup Cost": 0.0, "Total Cost": 12.34, "Plan Rows": 1, "Plan Width": 4, "Filter": "(r_name = 'ASIA'::bpchar)"}, {"Node Type": "Index Scan", "Parent Relationship": "Inner", "Scan Direction": "Forward", "Index Name": "idx_nation_regionkey", "Relation Name": "nation", "Alias": "n1", "Startup Cost": 0.0, "Total Cost": 8.35, "Plan Rows": 5, "Plan Width": 8, "Index Cond": "(n_regionkey = region.r_regionkey)"}]}]}]}, {"Node Type": "Index Scan", "Parent Relationship": "Inner", "Scan Direction": "Forward", "Index Name": "supplier_pkey", "Relation Name": "supplier", "Alias": "supplier", "Startup Cost": 0.0, "Total Cost": 0.27, "Plan Rows": 1, "Plan Width": 12, "Index Cond": "(s_suppkey = lineitem.l_suppkey)"}]}, {"Node Type": "Index Scan", "Parent Relationship": "Inner", "Scan Direction": "Forward", "Index Name": "nation_pkey", "Relation Name": "nation", "Alias": "n2", "Startup Cost": 0.0, "Total Cost": 0.27, "Plan Rows": 1, "Plan Width": 30, "Index Cond": "(n_nationkey = supplier.s_nationkey)"}]}]}]}, "Unique SQL Id": 3681808042, "Planner Runtime": 2}, "explain_analyze_plan": {"Plan": {"Node Type": "Sort", "Startup Cost": 543973.83, "Total Cost": 543973.85, "Plan Rows": 10, "Plan Width": 66, "Actual Startup Time": 7638.685, "Actual Total Time": 7638.685, "Actual Rows": 2, "Actual Loops": 1, "Sort Key": ["(date_part('year'::text, orders.o_orderdate))"], "Sort Method": "quicksort", "Sort Space Used": 25, "Sort Space Type": "Memory", "Plans": [{"Node Type": "Aggregate", "Strategy": "Hashed", "Parent Relationship": "Outer", "Startup Cost": 543973.51, "Total Cost": 543973.66, "Plan Rows": 10, "Plan Width": 66, "Actual Startup Time": 7638.658, "Actual Total Time": 7638.66, "Actual Rows": 2, "Actual Loops": 1, "Group By Key": ["date_part('year'::text, orders.o_orderdate)"], "Plans": [{"Node Type": "Nested Loop", "Parent Relationship": "Outer", "Join Type": "Inner", "Startup Cost": 0.0, "Total Cost": 543853.69, "Plan Rows": 5991, "Plan Width": 50, "Actual Startup Time": 0.367, "Actual Total Time": 7599.402, "Actual Rows": 23929, "Actual Loops": 1, "Inner Unique": true, "Plans": [{"Node Type": "Nested Loop", "Parent Relationship": "Outer", "Join Type": "Inner", "Startup Cost": 0.0, "Total Cost": 542160.52, "Plan Rows": 5991, "Plan Width": 28, "Actual Startup Time": 0.356, "Actual Total Time": 7511.304, "Actual Rows": 23929, "Actual Loops": 1, "Inner Unique": true, "Plans": [{"Node Type": "Nested Loop", "Parent Relationship": "Outer", "Join Type": "Inner", "Startup Cost": 0.0, "Total Cost": 537314.56, "Plan Rows": 17296, "Plan Width": 32, "Actual Startup Time": 0.348, "Actual Total Time": 7329.477, "Actual Rows": 23929, "Actual Loops": 1, "Inner Unique": false, "Join Filter": "(n1.n_nationkey = customer.c_nationkey)", "Rows Removed by Join Filter": 574896, "Plans": [{"Node Type": "Nested Loop", "Parent Relationship": "Outer", "Join Type": "Inner", "Startup Cost": 0.0, "Total Cost": 530807.88, "Plan Rows": 86479, "Plan Width": 36, "Actual Startup Time": 0.177, "Actual Total Time": 7111.281, "Actual Rows": 119765, "Actual Loops": 1, "Inner Unique": true, "Plans": [{"Node Type": "Nested Loop", "Parent Relationship": "Outer", "Join Type": "Inner", "Startup Cost": 0.0, "Total Cost": 503356.69, "Plan Rows": 86479, "Plan Width": 40, "Actual Startup Time": 0.168, "Actual Total Time": 6165.853, "Actual Rows": 119765, "Actual Loops": 1, "Inner Unique": true, "Plans": [{"Node Type": "Nested Loop", "Parent Relationship": "Outer", "Join Type": "Inner", "Startup Cost": 0.0, "Total Cost": 480423.82, "Plan Rows": 74637, "Plan Width": 32, "Actual Startup Time": 0.063, "Actual Total Time": 2640.791, "Actual Rows": 395341, "Actual Loops": 1, "Inner Unique": false, "Plans": [{"Node Type": "Index Scan", "Parent Relationship": "Outer", "Scan Direction": "Forward", "Index Name": "part_kpey", "Relation Name": "part", "Alias": "part", "Startup Cost": 0.0, "Total Cost": 105803.25, "Plan Rows": 13538, "Plan Width": 8, "Actual Startup Time": 0.04, "Actual Total Time": 1363.377, "Actual Rows": 13163, "Actual Loops": 1, "Filter": "((p_type)::text = 'SMALL PLATED COPPER'::text)", "Rows Removed by Filter": 1986837}, {"Node Type": "Index Scan", "Parent Relationship": "Inner", "Scan Direction": "Forward", "Index Name": "idx_lineitem_part_supp", "Relation Name": "lineitem", "Alias": "lineitem", "Startup Cost": 0.0, "Total Cost": 27.61, "Plan Rows": 6, "Plan Width": 40, "Actual Startup Time": 164.943, "Actual Total Time": 1171.622, "Actual Rows": 395341, "Actual Loops": 13163, "Index Cond": "(l_partkey = part.p_partkey)", "Rows Removed by Index Recheck": 0}]}, {"Node Type": "Index Scan", "Parent Relationship": "Inner", "Scan Direction": "Forward", "Index Name": "orders_pkey", "Relation Name": "orders", "Alias": "orders", "Startup Cost": 0.0, "Total Cost": 0.3, "Plan Rows": 1, "Plan Width": 24, "Actual Startup Time": 3278.401, "Actual Total Time": 3278.401, "Actual Rows": 119765, "Actual Loops": 395341, "Index Cond": "(o_orderkey = lineitem.l_orderkey)", "Rows Removed by Index Recheck": 0, "Filter": "((o_orderdate >= '1995-01-01 00:00:00'::timestamp(0) without time zone) AND (o_orderdate <= '1996-12-31 00:00:00'::timestamp(0) without time zone))", "Rows Removed by Filter": 275576}]}, {"Node Type": "Index Scan", "Parent Relationship": "Inner", "Scan Direction": "Forward", "Index Name": "customer_pkey", "Relation Name": "customer", "Alias": "customer", "Startup Cost": 0.0, "Total Cost": 0.31, "Plan Rows": 1, "Plan Width": 12, "Actual Startup Time": 832.202, "Actual Total Time": 832.202, "Actual Rows": 119765, "Actual Loops": 119765, "Index Cond": "(c_custkey = orders.o_custkey)", "Rows Removed by Index Recheck": 0}]}, {"Node Type": "Materialize", "Parent Relationship": "Inner", "Startup Cost": 0.0, "Total Cost": 20.76, "Plan Rows": 5, "Plan Width": 4, "Actual Startup Time": 12.425, "Actual Total Time": 64.665, "Actual Rows": 598825, "Actual Loops": 119765, "Plans": [{"Node Type": "Nested Loop", "Parent Relationship": "Outer", "Join Type": "Inner", "Startup Cost": 0.0, "Total Cost": 20.74, "Plan Rows": 5, "Plan Width": 4, "Actual Startup Time": 0.018, "Actual Total Time": 0.024, "Actual Rows": 5, "Actual Loops": 1, "Inner Unique": false, "Plans": [{"Node Type": "Index Scan", "Parent Relationship": "Outer", "Scan Direction": "Forward", "Index Name": "region_pkey", "Relation Name": "region", "Alias": "region", "Startup Cost": 0.0, "Total Cost": 12.34, "Plan Rows": 1, "Plan Width": 4, "Actual Startup Time": 0.009, "Actual Total Time": 0.011, "Actual Rows": 1, "Actual Loops": 1, "Filter": "(r_name = 'ASIA'::bpchar)", "Rows Removed by Filter": 4}, {"Node Type": "Index Scan", "Parent Relationship": "Inner", "Scan Direction": "Forward", "Index Name": "idx_nation_regionkey", "Relation Name": "nation", "Alias": "n1", "Startup Cost": 0.0, "Total Cost": 8.35, "Plan Rows": 5, "Plan Width": 8, "Actual Startup Time": 0.005, "Actual Total Time": 0.006, "Actual Rows": 5, "Actual Loops": 1, "Index Cond": "(n_regionkey = region.r_regionkey)", "Rows Removed by Index Recheck": 0}]}]}]}, {"Node Type": "Index Scan", "Parent Relationship": "Inner", "Scan Direction": "Forward", "Index Name": "supplier_pkey", "Relation Name": "supplier", "Alias": "supplier", "Startup Cost": 0.0, "Total Cost": 0.27, "Plan Rows": 1, "Plan Width": 12, "Actual Startup Time": 148.659, "Actual Total Time": 148.659, "Actual Rows": 23929, "Actual Loops": 23929, "Index Cond": "(s_suppkey = lineitem.l_suppkey)", "Rows Removed by Index Recheck": 0}]}, {"Node Type": "Index Scan", "Parent Relationship": "Inner", "Scan Direction": "Forward", "Index Name": "nation_pkey", "Relation Name": "nation", "Alias": "n2", "Startup Cost": 0.0, "Total Cost": 0.27, "Plan Rows": 1, "Plan Width": 30, "Actual Startup Time": 41.417, "Actual Total Time": 41.417, "Actual Rows": 23929, "Actual Loops": 23929, "Index Cond": "(n_nationkey = supplier.s_nationkey)", "Rows Removed by Index Recheck": 0}]}]}]}, "Triggers": [], "Planner Runtime": 2, "Total Runtime": 7639.12, "Unique SQL Id": 3681808042}}, "(16, 58)": {"explain_plan": {"Plan": {"Node Type": "Sort", "Startup Cost": 17600453906.22, "Total Cost": 17600453906.25, "Plan Rows": 10, "Plan Width": 66, "Sort Key": ["(date_part('year'::text, orders.o_orderdate))"], "Plans": [{"Node Type": "Aggregate", "Strategy": "Hashed", "Parent Relationship": "Outer", "Startup Cost": 17600453905.91, "Total Cost": 17600453906.06, "Plan Rows": 10, "Plan Width": 66, "Group By Key": ["date_part('year'::text, orders.o_orderdate)"], "Plans": [{"Node Type": "Nested Loop", "Parent Relationship": "Outer", "Join Type": "Inner", "Startup Cost": 195.35, "Total Cost": 17600453786.09, "Plan Rows": 5991, "Plan Width": 50, "Inner Unique": true, "Join Filter": "(supplier.s_nationkey = n2.n_nationkey)", "Plans": [{"Node Type": "Nested Loop", "Parent Relationship": "Outer", "Join Type": "Inner", "Startup Cost": 195.35, "Total Cost": 17600451523.17, "Plan Rows": 5991, "Plan Width": 28, "Inner Unique": false, "Join Filter": "(customer.c_custkey = orders.o_custkey)", "Plans": [{"Node Type": "Nested Loop", "Parent Relationship": "Outer", "Join Type": "Inner", "Startup Cost": 0.0, "Total Cost": 164628.64, "Plan Rows": 300000, "Plan Width": 8, "Inner Unique": false, "Join Filter": "(n1.n_nationkey = customer.c_nationkey), (LLVM Optimized)", "Plans": [{"Node Type": "Seq Scan", "Parent Relationship": "Outer", "Relation Name": "customer", "Alias": "customer", "Startup Cost": 0.0, "Total Cost": 52126.0, "Plan Rows": 1500000, "Plan Width": 12}, {"Node Type": "Materialize", "Parent Relationship": "Inner", "Startup Cost": 0.0, "Total Cost": 2.65, "Plan Rows": 5, "Plan Width": 4, "Plans": [{"Node Type": "Nested Loop", "Parent Relationship": "Outer", "Join Type": "Inner", "Startup Cost": 0.0, "Total Cost": 2.62, "Plan Rows": 5, "Plan Width": 4, "Inner Unique": false, "Join Filter": "(n1.n_regionkey = region.r_regionkey)", "Plans": [{"Node Type": "Seq Scan", "Parent Relationship": "Outer", "Relation Name": "region", "Alias": "region", "Startup Cost": 0.0, "Total Cost": 1.06, "Plan Rows": 1, "Plan Width": 4, "Filter": "(r_name = 'ASIA'::bpchar)"}, {"Node Type": "Seq Scan", "Parent Relationship": "Inner", "Relation Name": "nation", "Alias": "n1", "Startup Cost": 0.0, "Total Cost": 1.25, "Plan Rows": 25, "Plan Width": 8}]}]}]}, {"Node Type": "Materialize", "Parent Relationship": "Inner", "Startup Cost": 195.35, "Total Cost": 17369896022.53, "Plan Rows": 51198, "Plan Width": 36, "Plans": [{"Node Type": "Nested Loop", "Parent Relationship": "Outer", "Join Type": "Inner", "Startup Cost": 195.35, "Total Cost": 17369895766.54, "Plan Rows": 51198, "Plan Width": 36, "Inner Unique": false, "Join Filter": "(lineitem.l_orderkey = orders.o_orderkey)", "Plans": [{"Node Type": "Seq Scan", "Parent Relationship": "Outer", "Relation Name": "orders", "Alias": "orders", "Startup Cost": 195.35, "Total Cost": 501411.18, "Plan Rows": 4531967, "Plan Width": 24, "Filter": "((o_orderdate >= '1995-01-01 00:00:00'::timestamp(0) without time zone) AND (o_orderdate <= '1996-12-31 00:00:00'::timestamp(0) without time zone)), (LLVM Optimized)"}, {"Node Type": "Materialize", "Parent Relationship": "Inner", "Startup Cost": 0.0, "Total Cost": 12295608227.26, "Plan Rows": 74637, "Plan Width": 28, "Plans": [{"Node Type": "Nested Loop", "Parent Relationship": "Outer", "Join Type": "Inner", "Startup Cost": 0.0, "Total Cost": 12295607854.08, "Plan Rows": 74637, "Plan Width": 28, "Inner Unique": false, "Join Filter": "(lineitem.l_suppkey = supplier.s_suppkey)", "Plans": [{"Node Type": "Seq Scan", "Parent Relationship": "Outer", "Relation Name": "supplier", "Alias": "supplier", "Startup Cost": 0.0, "Total Cost": 3283.0, "Plan Rows": 100000, "Plan Width": 12}, {"Node Type": "Materialize", "Parent Relationship": "Inner", "Startup Cost": 0.0, "Total Cost": 12183649257.67, "Plan Rows": 74637, "Plan Width": 32, "Plans": [{"Node Type": "Nested Loop", "Parent Relationship": "Outer", "Join Type": "Inner", "Startup Cost": 0.0, "Total Cost": 12183648884.49, "Plan Rows": 74637, "Plan Width": 32, "Inner Unique": true, "Join Filter": "(part.p_partkey = lineitem.l_partkey)", "Plans": [{"Node Type": "Seq Scan", "Parent Relationship": "Outer", "Relation Name": "lineitem", "Alias": "lineitem", "Startup Cost": 0.0, "Total Cost": 2015115.33, "Plan Rows": 59987033, "Plan Width": 40}, {"Node Type": "Materialize", "Parent Relationship": "Inner", "Startup Cost": 0.0, "Total Cost": 67011.69, "Plan Rows": 13538, "Plan Width": 8, "Plans": [{"Node Type": "Seq Scan", "Parent Relationship": "Outer", "Relation Name": "part", "Alias": "part", "Startup Cost": 0.0, "Total Cost": 66944.0, "Plan Rows": 13538, "Plan Width": 8, "Filter": "((p_type)::text = 'SMALL PLATED COPPER'::text)"}]}]}]}]}]}]}]}]}, {"Node Type": "Materialize", "Parent Relationship": "Inner", "Startup Cost": 0.0, "Total Cost": 1.38, "Plan Rows": 25, "Plan Width": 30, "Plans": [{"Node Type": "Seq Scan", "Parent Relationship": "Outer", "Relation Name": "nation", "Alias": "n2", "Startup Cost": 0.0, "Total Cost": 1.25, "Plan Rows": 25, "Plan Width": 30}]}]}]}]}, "Unique SQL Id": 3681808042, "Planner Runtime": 2}, "explain_analyze_plan": null}, "(16, 59)": {"explain_plan": {"Plan": {"Node Type": "Sort", "Startup Cost": 8018022317922.2, "Total Cost": 8018022317922.22, "Plan Rows": 10, "Plan Width": 66, "Sort Key": ["(date_part('year'::text, orders.o_orderdate))"], "Plans": [{"Node Type": "Aggregate", "Strategy": "Hashed", "Parent Relationship": "Outer", "Startup Cost": 8018022317921.88, "Total Cost": 8018022317922.03, "Plan Rows": 10, "Plan Width": 66, "Group By Key": ["date_part('year'::text, orders.o_orderdate)"], "Plans": [{"Node Type": "Nested Loop", "Parent Relationship": "Outer", "Join Type": "Inner", "Startup Cost": 80000000000.0, "Total Cost": 8018022317802.06, "Plan Rows": 5991, "Plan Width": 50, "Inner Unique": true, "Join Filter": "(supplier.s_nationkey = n2.n_nationkey)", "Plans": [{"Node Type": "Nested Loop", "Parent Relationship": "Outer", "Join Type": "Inner", "Startup Cost": 70000000000.0, "Total Cost": 7018022314277.89, "Plan Rows": 5991, "Plan Width": 28, "Inner Unique": false, "Join Filter": "(customer.c_custkey = orders.o_custkey)", "Plans": [{"Node Type": "Nested Loop", "Parent Relationship": "Outer", "Join Type": "Inner", "Startup Cost": 40000000000.0, "Total Cost": 4017783730995.63, "Plan Rows": 51198, "Plan Width": 36, "Inner Unique": true, "Join Filter": "(lineitem.l_orderkey = orders.o_orderkey)", "Plans": [{"Node Type": "Nested Loop", "Parent Relationship": "Outer", "Join Type": "Inner", "Startup Cost": 30000000000.0, "Total Cost": 3012629335768.03, "Plan Rows": 74637, "Plan Width": 28, "Inner Unique": false, "Join Filter": "(lineitem.l_suppkey = supplier.s_suppkey)", "Plans": [{"Node Type": "Index Scan", "Parent Relationship": "Outer", "Scan Direction": "Forward", "Index Name": "idx_supplier_nation_key", "Relation Name": "supplier", "Alias": "supplier", "Startup Cost": 10000000000.0, "Total Cost": 1000001217556.78, "Plan Rows": 100000, "Plan Width": 12}, {"Node Type": "Materialize", "Parent Relationship": "Inner", "Startup Cost": 20000000000.0, "Total Cost": 2012516162897.84, "Plan Rows": 74637, "Plan Width": 32, "Plans": [{"Node Type": "Nested Loop", "Parent Relationship": "Outer", "Join Type": "Inner", "Startup Cost": 20000000000.0, "Total Cost": 2012516162524.66, "Plan Rows": 74637, "Plan Width": 32, "Inner Unique": true, "Join Filter": "(part.p_partkey = lineitem.l_partkey)", "Plans": [{"Node Type": "Index Scan", "Parent Relationship": "Outer", "Scan Direction": "Forward", "Index Name": "idx_lineitem_orderkey", "Relation Name": "lineitem", "Alias": "lineitem", "Startup Cost": 10000000000.0, "Total Cost": 1000324015374.5, "Plan Rows": 59987033, "Plan Width": 40}, {"Node Type": "Materialize", "Parent Relationship": "Inner", "Startup Cost": 10000000000.0, "Total Cost": 1000010580392.69, "Plan Rows": 13538, "Plan Width": 8, "Plans": [{"Node Type": "Index Scan", "Parent Relationship": "Outer", "Scan Direction": "Forward", "Index Name": "part_kpey", "Relation Name": "part", "Alias": "part", "Startup Cost": 10000000000.0, "Total Cost": 1000010580325.0, "Plan Rows": 13538, "Plan Width": 8, "Filter": "((p_type)::text = 'SMALL PLATED COPPER'::text)"}]}]}]}]}, {"Node Type": "Materialize", "Parent Relationship": "Inner", "Startup Cost": 10000000000.0, "Total Cost": 1000080620242.83, "Plan Rows": 4531967, "Plan Width": 24, "Plans": [{"Node Type": "Index Scan", "Parent Relationship": "Outer", "Scan Direction": "Forward", "Index Name": "orders_pkey", "Relation Name": "orders", "Alias": "orders", "Startup Cost": 10000000000.0, "Total Cost": 1000080597583.0, "Plan Rows": 4531967, "Plan Width": 24, "Filter": "((o_orderdate >= '1995-01-01 00:00:00'::timestamp(0) without time zone) AND (o_orderdate <= '1996-12-31 00:00:00'::timestamp(0) without time zone)), (LLVM Optimized)"}]}]}, {"Node Type": "Materialize", "Parent Relationship": "Inner", "Startup Cost": 30000000000.0, "Total Cost": 3000008193032.26, "Plan Rows": 300000, "Plan Width": 8, "Plans": [{"Node Type": "Nested Loop", "Parent Relationship": "Outer", "Join Type": "Inner", "Startup Cost": 30000000000.0, "Total Cost": 3000008191532.26, "Plan Rows": 300000, "Plan Width": 8, "Inner Unique": false, "Join Filter": "(n1.n_nationkey = customer.c_nationkey), (LLVM Optimized)", "Plans": [{"Node Type": "Index Scan", "Parent Relationship": "Outer", "Scan Direction": "Forward", "Index Name": "customer_pkey", "Relation Name": "customer", "Alias": "customer", "Startup Cost": 10000000000.0, "Total Cost": 1000008076535.62, "Plan Rows": 1500000, "Plan Width": 12}, {"Node Type": "Materialize", "Parent Relationship": "Inner", "Startup Cost": 20000000000.0, "Total Cost": 2000000002496.65, "Plan Rows": 5, "Plan Width": 4, "Plans": [{"Node Type": "Nested Loop", "Parent Relationship": "Outer", "Join Type": "Inner", "Startup Cost": 20000000000.0, "Total Cost": 2000000002496.63, "Plan Rows": 5, "Plan Width": 4, "Inner Unique": true, "Join Filter": "(n1.n_regionkey = region.r_regionkey)", "Plans": [{"Node Type": "Index Scan", "Parent Relationship": "Outer", "Scan Direction": "Forward", "Index Name": "nation_pkey", "Relation Name": "nation", "Alias": "n1", "Startup Cost": 10000000000.0, "Total Cost": 1000000001262.5, "Plan Rows": 25, "Plan Width": 8}, {"Node Type": "Materialize", "Parent Relationship": "Inner", "Startup Cost": 10000000000.0, "Total Cost": 1000000001233.76, "Plan Rows": 1, "Plan Width": 4, "Plans": [{"Node Type": "Index Scan", "Parent Relationship": "Outer", "Scan Direction": "Forward", "Index Name": "region_pkey", "Relation Name": "region", "Alias": "region", "Startup Cost": 10000000000.0, "Total Cost": 1000000001233.75, "Plan Rows": 1, "Plan Width": 4, "Filter": "(r_name = 'ASIA'::bpchar)"}]}]}]}]}]}]}, {"Node Type": "Materialize", "Parent Relationship": "Inner", "Startup Cost": 10000000000.0, "Total Cost": 1000000001262.62, "Plan Rows": 25, "Plan Width": 30, "Plans": [{"Node Type": "Index Scan", "Parent Relationship": "Outer", "Scan Direction": "Forward", "Index Name": "nation_pkey", "Relation Name": "nation", "Alias": "n2", "Startup Cost": 10000000000.0, "Total Cost": 1000000001262.5, "Plan Rows": 25, "Plan Width": 30}]}]}]}]}, "Unique SQL Id": 3681808042, "Planner Runtime": 3}, "explain_analyze_plan": null}, "(16, 60)": {"explain_plan": {"Plan": {"Node Type": "Sort", "Startup Cost": 505096.47, "Total Cost": 505096.49, "Plan Rows": 10, "Plan Width": 66, "Sort Key": ["(date_part('year'::text, orders.o_orderdate))"], "Plans": [{"Node Type": "Aggregate", "Strategy": "Hashed", "Parent Relationship": "Outer", "Startup Cost": 505096.15, "Total Cost": 505096.3, "Plan Rows": 10, "Plan Width": 66, "Group By Key": ["date_part('year'::text, orders.o_orderdate)"], "Plans": [{"Node Type": "Nested Loop", "Parent Relationship": "Outer", "Join Type": "Inner", "Startup Cost": 0.0, "Total Cost": 504976.33, "Plan Rows": 5991, "Plan Width": 50, "Inner Unique": true, "Plans": [{"Node Type": "Nested Loop", "Parent Relationship": "Outer", "Join Type": "Inner", "Startup Cost": 0.0, "Total Cost": 503283.15, "Plan Rows": 5991, "Plan Width": 28, "Inner Unique": true, "Plans": [{"Node Type": "Nested Loop", "Parent Relationship": "Outer", "Join Type": "Inner", "Startup Cost": 0.0, "Total Cost": 498437.19, "Plan Rows": 17296, "Plan Width": 32, "Inner Unique": false, "Join Filter": "(n1.n_nationkey = customer.c_nationkey)", "Plans": [{"Node Type": "Nested Loop", "Parent Relationship": "Outer", "Join Type": "Inner", "Startup Cost": 0.0, "Total Cost": 491948.63, "Plan Rows": 86479, "Plan Width": 36, "Inner Unique": true, "Plans": [{"Node Type": "Nested Loop", "Parent Relationship": "Outer", "Join Type": "Inner", "Startup Cost": 0.0, "Total Cost": 464497.44, "Plan Rows": 86479, "Plan Width": 40, "Inner Unique": true, "Plans": [{"Node Type": "Nested Loop", "Parent Relationship": "Outer", "Join Type": "Inner", "Startup Cost": 0.0, "Total Cost": 441564.57, "Plan Rows": 74637, "Plan Width": 32, "Inner Unique": false, "Plans": [{"Node Type": "Seq Scan", "Parent Relationship": "Outer", "Relation Name": "part", "Alias": "part", "Startup Cost": 0.0, "Total Cost": 66944.0, "Plan Rows": 13538, "Plan Width": 8, "Filter": "((p_type)::text = 'SMALL PLATED COPPER'::text)"}, {"Node Type": "Index Scan", "Parent Relationship": "Inner", "Scan Direction": "Forward", "Index Name": "idx_lineitem_part_supp", "Relation Name": "lineitem", "Alias": "lineitem", "Startup Cost": 0.0, "Total Cost": 27.61, "Plan Rows": 6, "Plan Width": 40, "Index Cond": "(l_partkey = part.p_partkey)"}]}, {"Node Type": "Index Scan", "Parent Relationship": "Inner", "Scan Direction": "Forward", "Index Name": "orders_pkey", "Relation Name": "orders", "Alias": "orders", "Startup Cost": 0.0, "Total Cost": 0.3, "Plan Rows": 1, "Plan Width": 24, "Index Cond": "(o_orderkey = lineitem.l_orderkey)", "Filter": "((o_orderdate >= '1995-01-01 00:00:00'::timestamp(0) without time zone) AND (o_orderdate <= '1996-12-31 00:00:00'::timestamp(0) without time zone))"}]}, {"Node Type": "Index Scan", "Parent Relationship": "Inner", "Scan Direction": "Forward", "Index Name": "customer_pkey", "Relation Name": "customer", "Alias": "customer", "Startup Cost": 0.0, "Total Cost": 0.31, "Plan Rows": 1, "Plan Width": 12, "Index Cond": "(c_custkey = orders.o_custkey)"}]}, {"Node Type": "Materialize", "Parent Relationship": "Inner", "Startup Cost": 0.0, "Total Cost": 2.65, "Plan Rows": 5, "Plan Width": 4, "Plans": [{"Node Type": "Nested Loop", "Parent Relationship": "Outer", "Join Type": "Inner", "Startup Cost": 0.0, "Total Cost": 2.62, "Plan Rows": 5, "Plan Width": 4, "Inner Unique": false, "Join Filter": "(n1.n_regionkey = region.r_regionkey)", "Plans": [{"Node Type": "Seq Scan", "Parent Relationship": "Outer", "Relation Name": "region", "Alias": "region", "Startup Cost": 0.0, "Total Cost": 1.06, "Plan Rows": 1, "Plan Width": 4, "Filter": "(r_name = 'ASIA'::bpchar)"}, {"Node Type": "Seq Scan", "Parent Relationship": "Inner", "Relation Name": "nation", "Alias": "n1", "Startup Cost": 0.0, "Total Cost": 1.25, "Plan Rows": 25, "Plan Width": 8}]}]}]}, {"Node Type": "Index Scan", "Parent Relationship": "Inner", "Scan Direction": "Forward", "Index Name": "supplier_pkey", "Relation Name": "supplier", "Alias": "supplier", "Startup Cost": 0.0, "Total Cost": 0.27, "Plan Rows": 1, "Plan Width": 12, "Index Cond": "(s_suppkey = lineitem.l_suppkey)"}]}, {"Node Type": "Index Scan", "Parent Relationship": "Inner", "Scan Direction": "Forward", "Index Name": "nation_pkey", "Relation Name": "nation", "Alias": "n2", "Startup Cost": 0.0, "Total Cost": 0.27, "Plan Rows": 1, "Plan Width": 30, "Index Cond": "(n_nationkey = supplier.s_nationkey)"}]}]}]}, "Unique SQL Id": 3681808042, "Planner Runtime": 3}, "explain_analyze_plan": {"Plan": {"Node Type": "Sort", "Startup Cost": 505096.47, "Total Cost": 505096.49, "Plan Rows": 10, "Plan Width": 66, "Actual Startup Time": 7006.798, "Actual Total Time": 7006.798, "Actual Rows": 2, "Actual Loops": 1, "Sort Key": ["(date_part('year'::text, orders.o_orderdate))"], "Sort Method": "quicksort", "Sort Space Used": 25, "Sort Space Type": "Memory", "Plans": [{"Node Type": "Aggregate", "Strategy": "Hashed", "Parent Relationship": "Outer", "Startup Cost": 505096.15, "Total Cost": 505096.3, "Plan Rows": 10, "Plan Width": 66, "Actual Startup Time": 7006.778, "Actual Total Time": 7006.779, "Actual Rows": 2, "Actual Loops": 1, "Group By Key": ["date_part('year'::text, orders.o_orderdate)"], "Plans": [{"Node Type": "Nested Loop", "Parent Relationship": "Outer", "Join Type": "Inner", "Startup Cost": 0.0, "Total Cost": 504976.33, "Plan Rows": 5991, "Plan Width": 50, "Actual Startup Time": 0.506, "Actual Total Time": 6967.878, "Actual Rows": 23929, "Actual Loops": 1, "Inner Unique": true, "Plans": [{"Node Type": "Nested Loop", "Parent Relationship": "Outer", "Join Type": "Inner", "Startup Cost": 0.0, "Total Cost": 503283.15, "Plan Rows": 5991, "Plan Width": 28, "Actual Startup Time": 0.488, "Actual Total Time": 6879.824, "Actual Rows": 23929, "Actual Loops": 1, "Inner Unique": true, "Plans": [{"Node Type": "Nested Loop", "Parent Relationship": "Outer", "Join Type": "Inner", "Startup Cost": 0.0, "Total Cost": 498437.19, "Plan Rows": 17296, "Plan Width": 32, "Actual Startup Time": 0.473, "Actual Total Time": 6704.702, "Actual Rows": 23929, "Actual Loops": 1, "Inner Unique": false, "Join Filter": "(n1.n_nationkey = customer.c_nationkey)", "Rows Removed by Join Filter": 574896, "Plans": [{"Node Type": "Nested Loop", "Parent Relationship": "Outer", "Join Type": "Inner", "Startup Cost": 0.0, "Total Cost": 491948.63, "Plan Rows": 86479, "Plan Width": 36, "Actual Startup Time": 0.233, "Actual Total Time": 6486.62, "Actual Rows": 119765, "Actual Loops": 1, "Inner Unique": true, "Plans": [{"Node Type": "Nested Loop", "Parent Relationship": "Outer", "Join Type": "Inner", "Startup Cost": 0.0, "Total Cost": 464497.44, "Plan Rows": 86479, "Plan Width": 40, "Actual Startup Time": 0.218, "Actual Total Time": 5536.531, "Actual Rows": 119765, "Actual Loops": 1, "Inner Unique": true, "Plans": [{"Node Type": "Nested Loop", "Parent Relationship": "Outer", "Join Type": "Inner", "Startup Cost": 0.0, "Total Cost": 441564.57, "Plan Rows": 74637, "Plan Width": 32, "Actual Startup Time": 0.063, "Actual Total Time": 2039.844, "Actual Rows": 395341, "Actual Loops": 1, "Inner Unique": false, "Plans": [{"Node Type": "Seq Scan", "Parent Relationship": "Outer", "Relation Name": "part", "Alias": "part", "Startup Cost": 0.0, "Total Cost": 66944.0, "Plan Rows": 13538, "Plan Width": 8, "Actual Startup Time": 0.033, "Actual Total Time": 773.896, "Actual Rows": 13163, "Actual Loops": 1, "Filter": "((p_type)::text = 'SMALL PLATED COPPER'::text)", "Rows Removed by Filter": 1986837}, {"Node Type": "Index Scan", "Parent Relationship": "Inner", "Scan Direction": "Forward", "Index Name": "idx_lineitem_part_supp", "Relation Name": "lineitem", "Alias": "lineitem", "Startup Cost": 0.0, "Total Cost": 27.61, "Plan Rows": 6, "Plan Width": 40, "Actual Startup Time": 159.965, "Actual Total Time": 1161.38, "Actual Rows": 395341, "Actual Loops": 13163, "Index Cond": "(l_partkey = part.p_partkey)", "Rows Removed by Index Recheck": 0}]}, {"Node Type": "Index Scan", "Parent Relationship": "Inner", "Scan Direction": "Forward", "Index Name": "orders_pkey", "Relation Name": "orders", "Alias": "orders", "Startup Cost": 0.0, "Total Cost": 0.3, "Plan Rows": 1, "Plan Width": 24, "Actual Startup Time": 3248.275, "Actual Total Time": 3248.275, "Actual Rows": 119765, "Actual Loops": 395341, "Index Cond": "(o_orderkey = lineitem.l_orderkey)", "Rows Removed by Index Recheck": 0, "Filter": "((o_orderdate >= '1995-01-01 00:00:00'::timestamp(0) without time zone) AND (o_orderdate <= '1996-12-31 00:00:00'::timestamp(0) without time zone))", "Rows Removed by Filter": 275576}]}, {"Node Type": "Index Scan", "Parent Relationship": "Inner", "Scan Direction": "Forward", "Index Name": "customer_pkey", "Relation Name": "customer", "Alias": "customer", "Startup Cost": 0.0, "Total Cost": 0.31, "Plan Rows": 1, "Plan Width": 12, "Actual Startup Time": 839.255, "Actual Total Time": 839.255, "Actual Rows": 119765, "Actual Loops": 119765, "Index Cond": "(c_custkey = orders.o_custkey)", "Rows Removed by Index Recheck": 0}]}, {"Node Type": "Materialize", "Parent Relationship": "Inner", "Startup Cost": 0.0, "Total Cost": 2.65, "Plan Rows": 5, "Plan Width": 4, "Actual Startup Time": 12.797, "Actual Total Time": 64.631, "Actual Rows": 598825, "Actual Loops": 119765, "Plans": [{"Node Type": "Nested Loop", "Parent Relationship": "Outer", "Join Type": "Inner", "Startup Cost": 0.0, "Total Cost": 2.62, "Plan Rows": 5, "Plan Width": 4, "Actual Startup Time": 0.023, "Actual Total Time": 0.033, "Actual Rows": 5, "Actual Loops": 1, "Inner Unique": false, "Join Filter": "(n1.n_regionkey = region.r_regionkey)", "Rows Removed by Join Filter": 20, "Plans": [{"Node Type": "Seq Scan", "Parent Relationship": "Outer", "Relation Name": "region", "Alias": "region", "Startup Cost": 0.0, "Total Cost": 1.06, "Plan Rows": 1, "Plan Width": 4, "Actual Startup Time": 0.007, "Actual Total Time": 0.008, "Actual Rows": 1, "Actual Loops": 1, "Filter": "(r_name = 'ASIA'::bpchar)", "Rows Removed by Filter": 4}, {"Node Type": "Seq Scan", "Parent Relationship": "Inner", "Relation Name": "nation", "Alias": "n1", "Startup Cost": 0.0, "Total Cost": 1.25, "Plan Rows": 25, "Plan Width": 8, "Actual Startup Time": 0.007, "Actual Total Time": 0.01, "Actual Rows": 25, "Actual Loops": 1}]}]}]}, {"Node Type": "Index Scan", "Parent Relationship": "Inner", "Scan Direction": "Forward", "Index Name": "supplier_pkey", "Relation Name": "supplier", "Alias": "supplier", "Startup Cost": 0.0, "Total Cost": 0.27, "Plan Rows": 1, "Plan Width": 12, "Actual Startup Time": 143.152, "Actual Total Time": 143.152, "Actual Rows": 23929, "Actual Loops": 23929, "Index Cond": "(s_suppkey = lineitem.l_suppkey)", "Rows Removed by Index Recheck": 0}]}, {"Node Type": "Index Scan", "Parent Relationship": "Inner", "Scan Direction": "Forward", "Index Name": "nation_pkey", "Relation Name": "nation", "Alias": "n2", "Startup Cost": 0.0, "Total Cost": 0.27, "Plan Rows": 1, "Plan Width": 30, "Actual Startup Time": 41.105, "Actual Total Time": 41.105, "Actual Rows": 23929, "Actual Loops": 23929, "Index Cond": "(n_nationkey = supplier.s_nationkey)", "Rows Removed by Index Recheck": 0}]}]}]}, "Triggers": [], "Planner Runtime": 3, "Total Runtime": 7007.196, "Unique SQL Id": 3681808042}}, "(16, 61)": {"explain_plan": {"Plan": {"Node Type": "Sort", "Startup Cost": 543973.83, "Total Cost": 543973.85, "Plan Rows": 10, "Plan Width": 66, "Sort Key": ["(date_part('year'::text, orders.o_orderdate))"], "Plans": [{"Node Type": "Aggregate", "Strategy": "Hashed", "Parent Relationship": "Outer", "Startup Cost": 543973.51, "Total Cost": 543973.66, "Plan Rows": 10, "Plan Width": 66, "Group By Key": ["date_part('year'::text, orders.o_orderdate)"], "Plans": [{"Node Type": "Nested Loop", "Parent Relationship": "Outer", "Join Type": "Inner", "Startup Cost": 0.0, "Total Cost": 543853.69, "Plan Rows": 5991, "Plan Width": 50, "Inner Unique": true, "Plans": [{"Node Type": "Nested Loop", "Parent Relationship": "Outer", "Join Type": "Inner", "Startup Cost": 0.0, "Total Cost": 542160.52, "Plan Rows": 5991, "Plan Width": 28, "Inner Unique": true, "Plans": [{"Node Type": "Nested Loop", "Parent Relationship": "Outer", "Join Type": "Inner", "Startup Cost": 0.0, "Total Cost": 537314.56, "Plan Rows": 17296, "Plan Width": 32, "Inner Unique": false, "Join Filter": "(n1.n_nationkey = customer.c_nationkey)", "Plans": [{"Node Type": "Nested Loop", "Parent Relationship": "Outer", "Join Type": "Inner", "Startup Cost": 0.0, "Total Cost": 530807.88, "Plan Rows": 86479, "Plan Width": 36, "Inner Unique": true, "Plans": [{"Node Type": "Nested Loop", "Parent Relationship": "Outer", "Join Type": "Inner", "Startup Cost": 0.0, "Total Cost": 503356.69, "Plan Rows": 86479, "Plan Width": 40, "Inner Unique": true, "Plans": [{"Node Type": "Nested Loop", "Parent Relationship": "Outer", "Join Type": "Inner", "Startup Cost": 0.0, "Total Cost": 480423.82, "Plan Rows": 74637, "Plan Width": 32, "Inner Unique": false, "Plans": [{"Node Type": "Index Scan", "Parent Relationship": "Outer", "Scan Direction": "Forward", "Index Name": "part_kpey", "Relation Name": "part", "Alias": "part", "Startup Cost": 0.0, "Total Cost": 105803.25, "Plan Rows": 13538, "Plan Width": 8, "Filter": "((p_type)::text = 'SMALL PLATED COPPER'::text)"}, {"Node Type": "Index Scan", "Parent Relationship": "Inner", "Scan Direction": "Forward", "Index Name": "idx_lineitem_part_supp", "Relation Name": "lineitem", "Alias": "lineitem", "Startup Cost": 0.0, "Total Cost": 27.61, "Plan Rows": 6, "Plan Width": 40, "Index Cond": "(l_partkey = part.p_partkey)"}]}, {"Node Type": "Index Scan", "Parent Relationship": "Inner", "Scan Direction": "Forward", "Index Name": "orders_pkey", "Relation Name": "orders", "Alias": "orders", "Startup Cost": 0.0, "Total Cost": 0.3, "Plan Rows": 1, "Plan Width": 24, "Index Cond": "(o_orderkey = lineitem.l_orderkey)", "Filter": "((o_orderdate >= '1995-01-01 00:00:00'::timestamp(0) without time zone) AND (o_orderdate <= '1996-12-31 00:00:00'::timestamp(0) without time zone))"}]}, {"Node Type": "Index Scan", "Parent Relationship": "Inner", "Scan Direction": "Forward", "Index Name": "customer_pkey", "Relation Name": "customer", "Alias": "customer", "Startup Cost": 0.0, "Total Cost": 0.31, "Plan Rows": 1, "Plan Width": 12, "Index Cond": "(c_custkey = orders.o_custkey)"}]}, {"Node Type": "Materialize", "Parent Relationship": "Inner", "Startup Cost": 0.0, "Total Cost": 20.76, "Plan Rows": 5, "Plan Width": 4, "Plans": [{"Node Type": "Nested Loop", "Parent Relationship": "Outer", "Join Type": "Inner", "Startup Cost": 0.0, "Total Cost": 20.74, "Plan Rows": 5, "Plan Width": 4, "Inner Unique": false, "Plans": [{"Node Type": "Index Scan", "Parent Relationship": "Outer", "Scan Direction": "Forward", "Index Name": "region_pkey", "Relation Name": "region", "Alias": "region", "Startup Cost": 0.0, "Total Cost": 12.34, "Plan Rows": 1, "Plan Width": 4, "Filter": "(r_name = 'ASIA'::bpchar)"}, {"Node Type": "Index Scan", "Parent Relationship": "Inner", "Scan Direction": "Forward", "Index Name": "idx_nation_regionkey", "Relation Name": "nation", "Alias": "n1", "Startup Cost": 0.0, "Total Cost": 8.35, "Plan Rows": 5, "Plan Width": 8, "Index Cond": "(n_regionkey = region.r_regionkey)"}]}]}]}, {"Node Type": "Index Scan", "Parent Relationship": "Inner", "Scan Direction": "Forward", "Index Name": "supplier_pkey", "Relation Name": "supplier", "Alias": "supplier", "Startup Cost": 0.0, "Total Cost": 0.27, "Plan Rows": 1, "Plan Width": 12, "Index Cond": "(s_suppkey = lineitem.l_suppkey)"}]}, {"Node Type": "Index Scan", "Parent Relationship": "Inner", "Scan Direction": "Forward", "Index Name": "nation_pkey", "Relation Name": "nation", "Alias": "n2", "Startup Cost": 0.0, "Total Cost": 0.27, "Plan Rows": 1, "Plan Width": 30, "Index Cond": "(n_nationkey = supplier.s_nationkey)"}]}]}]}, "Unique SQL Id": 3681808042, "Planner Runtime": 2}, "explain_analyze_plan": {"Plan": {"Node Type": "Sort", "Startup Cost": 543973.83, "Total Cost": 543973.85, "Plan Rows": 10, "Plan Width": 66, "Actual Startup Time": 7638.685, "Actual Total Time": 7638.685, "Actual Rows": 2, "Actual Loops": 1, "Sort Key": ["(date_part('year'::text, orders.o_orderdate))"], "Sort Method": "quicksort", "Sort Space Used": 25, "Sort Space Type": "Memory", "Plans": [{"Node Type": "Aggregate", "Strategy": "Hashed", "Parent Relationship": "Outer", "Startup Cost": 543973.51, "Total Cost": 543973.66, "Plan Rows": 10, "Plan Width": 66, "Actual Startup Time": 7638.658, "Actual Total Time": 7638.66, "Actual Rows": 2, "Actual Loops": 1, "Group By Key": ["date_part('year'::text, orders.o_orderdate)"], "Plans": [{"Node Type": "Nested Loop", "Parent Relationship": "Outer", "Join Type": "Inner", "Startup Cost": 0.0, "Total Cost": 543853.69, "Plan Rows": 5991, "Plan Width": 50, "Actual Startup Time": 0.367, "Actual Total Time": 7599.402, "Actual Rows": 23929, "Actual Loops": 1, "Inner Unique": true, "Plans": [{"Node Type": "Nested Loop", "Parent Relationship": "Outer", "Join Type": "Inner", "Startup Cost": 0.0, "Total Cost": 542160.52, "Plan Rows": 5991, "Plan Width": 28, "Actual Startup Time": 0.356, "Actual Total Time": 7511.304, "Actual Rows": 23929, "Actual Loops": 1, "Inner Unique": true, "Plans": [{"Node Type": "Nested Loop", "Parent Relationship": "Outer", "Join Type": "Inner", "Startup Cost": 0.0, "Total Cost": 537314.56, "Plan Rows": 17296, "Plan Width": 32, "Actual Startup Time": 0.348, "Actual Total Time": 7329.477, "Actual Rows": 23929, "Actual Loops": 1, "Inner Unique": false, "Join Filter": "(n1.n_nationkey = customer.c_nationkey)", "Rows Removed by Join Filter": 574896, "Plans": [{"Node Type": "Nested Loop", "Parent Relationship": "Outer", "Join Type": "Inner", "Startup Cost": 0.0, "Total Cost": 530807.88, "Plan Rows": 86479, "Plan Width": 36, "Actual Startup Time": 0.177, "Actual Total Time": 7111.281, "Actual Rows": 119765, "Actual Loops": 1, "Inner Unique": true, "Plans": [{"Node Type": "Nested Loop", "Parent Relationship": "Outer", "Join Type": "Inner", "Startup Cost": 0.0, "Total Cost": 503356.69, "Plan Rows": 86479, "Plan Width": 40, "Actual Startup Time": 0.168, "Actual Total Time": 6165.853, "Actual Rows": 119765, "Actual Loops": 1, "Inner Unique": true, "Plans": [{"Node Type": "Nested Loop", "Parent Relationship": "Outer", "Join Type": "Inner", "Startup Cost": 0.0, "Total Cost": 480423.82, "Plan Rows": 74637, "Plan Width": 32, "Actual Startup Time": 0.063, "Actual Total Time": 2640.791, "Actual Rows": 395341, "Actual Loops": 1, "Inner Unique": false, "Plans": [{"Node Type": "Index Scan", "Parent Relationship": "Outer", "Scan Direction": "Forward", "Index Name": "part_kpey", "Relation Name": "part", "Alias": "part", "Startup Cost": 0.0, "Total Cost": 105803.25, "Plan Rows": 13538, "Plan Width": 8, "Actual Startup Time": 0.04, "Actual Total Time": 1363.377, "Actual Rows": 13163, "Actual Loops": 1, "Filter": "((p_type)::text = 'SMALL PLATED COPPER'::text)", "Rows Removed by Filter": 1986837}, {"Node Type": "Index Scan", "Parent Relationship": "Inner", "Scan Direction": "Forward", "Index Name": "idx_lineitem_part_supp", "Relation Name": "lineitem", "Alias": "lineitem", "Startup Cost": 0.0, "Total Cost": 27.61, "Plan Rows": 6, "Plan Width": 40, "Actual Startup Time": 164.943, "Actual Total Time": 1171.622, "Actual Rows": 395341, "Actual Loops": 13163, "Index Cond": "(l_partkey = part.p_partkey)", "Rows Removed by Index Recheck": 0}]}, {"Node Type": "Index Scan", "Parent Relationship": "Inner", "Scan Direction": "Forward", "Index Name": "orders_pkey", "Relation Name": "orders", "Alias": "orders", "Startup Cost": 0.0, "Total Cost": 0.3, "Plan Rows": 1, "Plan Width": 24, "Actual Startup Time": 3278.401, "Actual Total Time": 3278.401, "Actual Rows": 119765, "Actual Loops": 395341, "Index Cond": "(o_orderkey = lineitem.l_orderkey)", "Rows Removed by Index Recheck": 0, "Filter": "((o_orderdate >= '1995-01-01 00:00:00'::timestamp(0) without time zone) AND (o_orderdate <= '1996-12-31 00:00:00'::timestamp(0) without time zone))", "Rows Removed by Filter": 275576}]}, {"Node Type": "Index Scan", "Parent Relationship": "Inner", "Scan Direction": "Forward", "Index Name": "customer_pkey", "Relation Name": "customer", "Alias": "customer", "Startup Cost": 0.0, "Total Cost": 0.31, "Plan Rows": 1, "Plan Width": 12, "Actual Startup Time": 832.202, "Actual Total Time": 832.202, "Actual Rows": 119765, "Actual Loops": 119765, "Index Cond": "(c_custkey = orders.o_custkey)", "Rows Removed by Index Recheck": 0}]}, {"Node Type": "Materialize", "Parent Relationship": "Inner", "Startup Cost": 0.0, "Total Cost": 20.76, "Plan Rows": 5, "Plan Width": 4, "Actual Startup Time": 12.425, "Actual Total Time": 64.665, "Actual Rows": 598825, "Actual Loops": 119765, "Plans": [{"Node Type": "Nested Loop", "Parent Relationship": "Outer", "Join Type": "Inner", "Startup Cost": 0.0, "Total Cost": 20.74, "Plan Rows": 5, "Plan Width": 4, "Actual Startup Time": 0.018, "Actual Total Time": 0.024, "Actual Rows": 5, "Actual Loops": 1, "Inner Unique": false, "Plans": [{"Node Type": "Index Scan", "Parent Relationship": "Outer", "Scan Direction": "Forward", "Index Name": "region_pkey", "Relation Name": "region", "Alias": "region", "Startup Cost": 0.0, "Total Cost": 12.34, "Plan Rows": 1, "Plan Width": 4, "Actual Startup Time": 0.009, "Actual Total Time": 0.011, "Actual Rows": 1, "Actual Loops": 1, "Filter": "(r_name = 'ASIA'::bpchar)", "Rows Removed by Filter": 4}, {"Node Type": "Index Scan", "Parent Relationship": "Inner", "Scan Direction": "Forward", "Index Name": "idx_nation_regionkey", "Relation Name": "nation", "Alias": "n1", "Startup Cost": 0.0, "Total Cost": 8.35, "Plan Rows": 5, "Plan Width": 8, "Actual Startup Time": 0.005, "Actual Total Time": 0.006, "Actual Rows": 5, "Actual Loops": 1, "Index Cond": "(n_regionkey = region.r_regionkey)", "Rows Removed by Index Recheck": 0}]}]}]}, {"Node Type": "Index Scan", "Parent Relationship": "Inner", "Scan Direction": "Forward", "Index Name": "supplier_pkey", "Relation Name": "supplier", "Alias": "supplier", "Startup Cost": 0.0, "Total Cost": 0.27, "Plan Rows": 1, "Plan Width": 12, "Actual Startup Time": 148.659, "Actual Total Time": 148.659, "Actual Rows": 23929, "Actual Loops": 23929, "Index Cond": "(s_suppkey = lineitem.l_suppkey)", "Rows Removed by Index Recheck": 0}]}, {"Node Type": "Index Scan", "Parent Relationship": "Inner", "Scan Direction": "Forward", "Index Name": "nation_pkey", "Relation Name": "nation", "Alias": "n2", "Startup Cost": 0.0, "Total Cost": 0.27, "Plan Rows": 1, "Plan Width": 30, "Actual Startup Time": 41.417, "Actual Total Time": 41.417, "Actual Rows": 23929, "Actual Loops": 23929, "Index Cond": "(n_nationkey = supplier.s_nationkey)", "Rows Removed by Index Recheck": 0}]}]}]}, "Triggers": [], "Planner Runtime": 2, "Total Runtime": 7639.12, "Unique SQL Id": 3681808042}}, "(16, 62)": {"explain_plan": {"Plan": {"Node Type": "Sort", "Startup Cost": 17600453906.22, "Total Cost": 17600453906.25, "Plan Rows": 10, "Plan Width": 66, "Sort Key": ["(date_part('year'::text, orders.o_orderdate))"], "Plans": [{"Node Type": "Aggregate", "Strategy": "Hashed", "Parent Relationship": "Outer", "Startup Cost": 17600453905.91, "Total Cost": 17600453906.06, "Plan Rows": 10, "Plan Width": 66, "Group By Key": ["date_part('year'::text, orders.o_orderdate)"], "Plans": [{"Node Type": "Nested Loop", "Parent Relationship": "Outer", "Join Type": "Inner", "Startup Cost": 195.35, "Total Cost": 17600453786.09, "Plan Rows": 5991, "Plan Width": 50, "Inner Unique": true, "Join Filter": "(supplier.s_nationkey = n2.n_nationkey)", "Plans": [{"Node Type": "Nested Loop", "Parent Relationship": "Outer", "Join Type": "Inner", "Startup Cost": 195.35, "Total Cost": 17600451523.17, "Plan Rows": 5991, "Plan Width": 28, "Inner Unique": false, "Join Filter": "(customer.c_custkey = orders.o_custkey)", "Plans": [{"Node Type": "Nested Loop", "Parent Relationship": "Outer", "Join Type": "Inner", "Startup Cost": 0.0, "Total Cost": 164628.64, "Plan Rows": 300000, "Plan Width": 8, "Inner Unique": false, "Join Filter": "(n1.n_nationkey = customer.c_nationkey), (LLVM Optimized)", "Plans": [{"Node Type": "Seq Scan", "Parent Relationship": "Outer", "Relation Name": "customer", "Alias": "customer", "Startup Cost": 0.0, "Total Cost": 52126.0, "Plan Rows": 1500000, "Plan Width": 12}, {"Node Type": "Materialize", "Parent Relationship": "Inner", "Startup Cost": 0.0, "Total Cost": 2.65, "Plan Rows": 5, "Plan Width": 4, "Plans": [{"Node Type": "Nested Loop", "Parent Relationship": "Outer", "Join Type": "Inner", "Startup Cost": 0.0, "Total Cost": 2.62, "Plan Rows": 5, "Plan Width": 4, "Inner Unique": false, "Join Filter": "(n1.n_regionkey = region.r_regionkey)", "Plans": [{"Node Type": "Seq Scan", "Parent Relationship": "Outer", "Relation Name": "region", "Alias": "region", "Startup Cost": 0.0, "Total Cost": 1.06, "Plan Rows": 1, "Plan Width": 4, "Filter": "(r_name = 'ASIA'::bpchar)"}, {"Node Type": "Seq Scan", "Parent Relationship": "Inner", "Relation Name": "nation", "Alias": "n1", "Startup Cost": 0.0, "Total Cost": 1.25, "Plan Rows": 25, "Plan Width": 8}]}]}]}, {"Node Type": "Materialize", "Parent Relationship": "Inner", "Startup Cost": 195.35, "Total Cost": 17369896022.53, "Plan Rows": 51198, "Plan Width": 36, "Plans": [{"Node Type": "Nested Loop", "Parent Relationship": "Outer", "Join Type": "Inner", "Startup Cost": 195.35, "Total Cost": 17369895766.54, "Plan Rows": 51198, "Plan Width": 36, "Inner Unique": false, "Join Filter": "(lineitem.l_orderkey = orders.o_orderkey)", "Plans": [{"Node Type": "Seq Scan", "Parent Relationship": "Outer", "Relation Name": "orders", "Alias": "orders", "Startup Cost": 195.35, "Total Cost": 501411.18, "Plan Rows": 4531967, "Plan Width": 24, "Filter": "((o_orderdate >= '1995-01-01 00:00:00'::timestamp(0) without time zone) AND (o_orderdate <= '1996-12-31 00:00:00'::timestamp(0) without time zone)), (LLVM Optimized)"}, {"Node Type": "Materialize", "Parent Relationship": "Inner", "Startup Cost": 0.0, "Total Cost": 12295608227.26, "Plan Rows": 74637, "Plan Width": 28, "Plans": [{"Node Type": "Nested Loop", "Parent Relationship": "Outer", "Join Type": "Inner", "Startup Cost": 0.0, "Total Cost": 12295607854.08, "Plan Rows": 74637, "Plan Width": 28, "Inner Unique": false, "Join Filter": "(lineitem.l_suppkey = supplier.s_suppkey)", "Plans": [{"Node Type": "Seq Scan", "Parent Relationship": "Outer", "Relation Name": "supplier", "Alias": "supplier", "Startup Cost": 0.0, "Total Cost": 3283.0, "Plan Rows": 100000, "Plan Width": 12}, {"Node Type": "Materialize", "Parent Relationship": "Inner", "Startup Cost": 0.0, "Total Cost": 12183649257.67, "Plan Rows": 74637, "Plan Width": 32, "Plans": [{"Node Type": "Nested Loop", "Parent Relationship": "Outer", "Join Type": "Inner", "Startup Cost": 0.0, "Total Cost": 12183648884.49, "Plan Rows": 74637, "Plan Width": 32, "Inner Unique": true, "Join Filter": "(part.p_partkey = lineitem.l_partkey)", "Plans": [{"Node Type": "Seq Scan", "Parent Relationship": "Outer", "Relation Name": "lineitem", "Alias": "lineitem", "Startup Cost": 0.0, "Total Cost": 2015115.33, "Plan Rows": 59987033, "Plan Width": 40}, {"Node Type": "Materialize", "Parent Relationship": "Inner", "Startup Cost": 0.0, "Total Cost": 67011.69, "Plan Rows": 13538, "Plan Width": 8, "Plans": [{"Node Type": "Seq Scan", "Parent Relationship": "Outer", "Relation Name": "part", "Alias": "part", "Startup Cost": 0.0, "Total Cost": 66944.0, "Plan Rows": 13538, "Plan Width": 8, "Filter": "((p_type)::text = 'SMALL PLATED COPPER'::text)"}]}]}]}]}]}]}]}]}, {"Node Type": "Materialize", "Parent Relationship": "Inner", "Startup Cost": 0.0, "Total Cost": 1.38, "Plan Rows": 25, "Plan Width": 30, "Plans": [{"Node Type": "Seq Scan", "Parent Relationship": "Outer", "Relation Name": "nation", "Alias": "n2", "Startup Cost": 0.0, "Total Cost": 1.25, "Plan Rows": 25, "Plan Width": 30}]}]}]}]}, "Unique SQL Id": 3681808042, "Planner Runtime": 2}, "explain_analyze_plan": null}, "(16, 63)": {"explain_plan": {"Plan": {"Node Type": "Sort", "Startup Cost": 8018022317922.2, "Total Cost": 8018022317922.22, "Plan Rows": 10, "Plan Width": 66, "Sort Key": ["(date_part('year'::text, orders.o_orderdate))"], "Plans": [{"Node Type": "Aggregate", "Strategy": "Hashed", "Parent Relationship": "Outer", "Startup Cost": 8018022317921.88, "Total Cost": 8018022317922.03, "Plan Rows": 10, "Plan Width": 66, "Group By Key": ["date_part('year'::text, orders.o_orderdate)"], "Plans": [{"Node Type": "Nested Loop", "Parent Relationship": "Outer", "Join Type": "Inner", "Startup Cost": 80000000000.0, "Total Cost": 8018022317802.06, "Plan Rows": 5991, "Plan Width": 50, "Inner Unique": true, "Join Filter": "(supplier.s_nationkey = n2.n_nationkey)", "Plans": [{"Node Type": "Nested Loop", "Parent Relationship": "Outer", "Join Type": "Inner", "Startup Cost": 70000000000.0, "Total Cost": 7018022314277.89, "Plan Rows": 5991, "Plan Width": 28, "Inner Unique": false, "Join Filter": "(customer.c_custkey = orders.o_custkey)", "Plans": [{"Node Type": "Nested Loop", "Parent Relationship": "Outer", "Join Type": "Inner", "Startup Cost": 40000000000.0, "Total Cost": 4017783730995.63, "Plan Rows": 51198, "Plan Width": 36, "Inner Unique": true, "Join Filter": "(lineitem.l_orderkey = orders.o_orderkey)", "Plans": [{"Node Type": "Nested Loop", "Parent Relationship": "Outer", "Join Type": "Inner", "Startup Cost": 30000000000.0, "Total Cost": 3012629335768.03, "Plan Rows": 74637, "Plan Width": 28, "Inner Unique": false, "Join Filter": "(lineitem.l_suppkey = supplier.s_suppkey)", "Plans": [{"Node Type": "Index Scan", "Parent Relationship": "Outer", "Scan Direction": "Forward", "Index Name": "idx_supplier_nation_key", "Relation Name": "supplier", "Alias": "supplier", "Startup Cost": 10000000000.0, "Total Cost": 1000001217556.78, "Plan Rows": 100000, "Plan Width": 12}, {"Node Type": "Materialize", "Parent Relationship": "Inner", "Startup Cost": 20000000000.0, "Total Cost": 2012516162897.84, "Plan Rows": 74637, "Plan Width": 32, "Plans": [{"Node Type": "Nested Loop", "Parent Relationship": "Outer", "Join Type": "Inner", "Startup Cost": 20000000000.0, "Total Cost": 2012516162524.66, "Plan Rows": 74637, "Plan Width": 32, "Inner Unique": true, "Join Filter": "(part.p_partkey = lineitem.l_partkey)", "Plans": [{"Node Type": "Index Scan", "Parent Relationship": "Outer", "Scan Direction": "Forward", "Index Name": "idx_lineitem_orderkey", "Relation Name": "lineitem", "Alias": "lineitem", "Startup Cost": 10000000000.0, "Total Cost": 1000324015374.5, "Plan Rows": 59987033, "Plan Width": 40}, {"Node Type": "Materialize", "Parent Relationship": "Inner", "Startup Cost": 10000000000.0, "Total Cost": 1000010580392.69, "Plan Rows": 13538, "Plan Width": 8, "Plans": [{"Node Type": "Index Scan", "Parent Relationship": "Outer", "Scan Direction": "Forward", "Index Name": "part_kpey", "Relation Name": "part", "Alias": "part", "Startup Cost": 10000000000.0, "Total Cost": 1000010580325.0, "Plan Rows": 13538, "Plan Width": 8, "Filter": "((p_type)::text = 'SMALL PLATED COPPER'::text)"}]}]}]}]}, {"Node Type": "Materialize", "Parent Relationship": "Inner", "Startup Cost": 10000000000.0, "Total Cost": 1000080620242.83, "Plan Rows": 4531967, "Plan Width": 24, "Plans": [{"Node Type": "Index Scan", "Parent Relationship": "Outer", "Scan Direction": "Forward", "Index Name": "orders_pkey", "Relation Name": "orders", "Alias": "orders", "Startup Cost": 10000000000.0, "Total Cost": 1000080597583.0, "Plan Rows": 4531967, "Plan Width": 24, "Filter": "((o_orderdate >= '1995-01-01 00:00:00'::timestamp(0) without time zone) AND (o_orderdate <= '1996-12-31 00:00:00'::timestamp(0) without time zone)), (LLVM Optimized)"}]}]}, {"Node Type": "Materialize", "Parent Relationship": "Inner", "Startup Cost": 30000000000.0, "Total Cost": 3000008193032.26, "Plan Rows": 300000, "Plan Width": 8, "Plans": [{"Node Type": "Nested Loop", "Parent Relationship": "Outer", "Join Type": "Inner", "Startup Cost": 30000000000.0, "Total Cost": 3000008191532.26, "Plan Rows": 300000, "Plan Width": 8, "Inner Unique": false, "Join Filter": "(n1.n_nationkey = customer.c_nationkey), (LLVM Optimized)", "Plans": [{"Node Type": "Index Scan", "Parent Relationship": "Outer", "Scan Direction": "Forward", "Index Name": "customer_pkey", "Relation Name": "customer", "Alias": "customer", "Startup Cost": 10000000000.0, "Total Cost": 1000008076535.62, "Plan Rows": 1500000, "Plan Width": 12}, {"Node Type": "Materialize", "Parent Relationship": "Inner", "Startup Cost": 20000000000.0, "Total Cost": 2000000002496.65, "Plan Rows": 5, "Plan Width": 4, "Plans": [{"Node Type": "Nested Loop", "Parent Relationship": "Outer", "Join Type": "Inner", "Startup Cost": 20000000000.0, "Total Cost": 2000000002496.63, "Plan Rows": 5, "Plan Width": 4, "Inner Unique": true, "Join Filter": "(n1.n_regionkey = region.r_regionkey)", "Plans": [{"Node Type": "Index Scan", "Parent Relationship": "Outer", "Scan Direction": "Forward", "Index Name": "nation_pkey", "Relation Name": "nation", "Alias": "n1", "Startup Cost": 10000000000.0, "Total Cost": 1000000001262.5, "Plan Rows": 25, "Plan Width": 8}, {"Node Type": "Materialize", "Parent Relationship": "Inner", "Startup Cost": 10000000000.0, "Total Cost": 1000000001233.76, "Plan Rows": 1, "Plan Width": 4, "Plans": [{"Node Type": "Index Scan", "Parent Relationship": "Outer", "Scan Direction": "Forward", "Index Name": "region_pkey", "Relation Name": "region", "Alias": "region", "Startup Cost": 10000000000.0, "Total Cost": 1000000001233.75, "Plan Rows": 1, "Plan Width": 4, "Filter": "(r_name = 'ASIA'::bpchar)"}]}]}]}]}]}]}, {"Node Type": "Materialize", "Parent Relationship": "Inner", "Startup Cost": 10000000000.0, "Total Cost": 1000000001262.62, "Plan Rows": 25, "Plan Width": 30, "Plans": [{"Node Type": "Index Scan", "Parent Relationship": "Outer", "Scan Direction": "Forward", "Index Name": "nation_pkey", "Relation Name": "nation", "Alias": "n2", "Startup Cost": 10000000000.0, "Total Cost": 1000000001262.5, "Plan Rows": 25, "Plan Width": 30}]}]}]}]}, "Unique SQL Id": 3681808042, "Planner Runtime": 2}, "explain_analyze_plan": null}, "(16, 64)": {"explain_plan": {"Plan": {"Node Type": "Sort", "Startup Cost": 486022.68, "Total Cost": 486022.71, "Plan Rows": 10, "Plan Width": 66, "Sort Key": ["(date_part('year'::text, orders.o_orderdate))"], "Plans": [{"Node Type": "Aggregate", "Strategy": "Hashed", "Parent Relationship": "Outer", "Startup Cost": 486022.37, "Total Cost": 486022.52, "Plan Rows": 10, "Plan Width": 66, "Group By Key": ["date_part('year'::text, orders.o_orderdate)"], "Plans": [{"Node Type": "Hash Join", "Parent Relationship": "Outer", "Join Type": "Inner", "Startup Cost": 4537.06, "Total Cost": 485902.55, "Plan Rows": 5991, "Plan Width": 50, "Inner Unique": true, "Hash Cond": "(supplier.s_nationkey = n2.n_nationkey)", "Plans": [{"Node Type": "Hash Join", "Parent Relationship": "Outer", "Join Type": "Inner", "Startup Cost": 4535.5, "Total Cost": 485803.63, "Plan Rows": 5991, "Plan Width": 28, "Inner Unique": false, "Hash Cond": "(customer.c_nationkey = n1.n_nationkey)", "Plans": [{"Node Type": "Nested Loop", "Parent Relationship": "Outer", "Join Type": "Inner", "Startup Cost": 4533.0, "Total Cost": 485661.65, "Plan Rows": 29954, "Plan Width": 32, "Inner Unique": true, "Plans": [{"Node Type": "Hash Join", "Parent Relationship": "Outer", "Join Type": "Inner", "Startup Cost": 4533.0, "Total Cost": 469409.78, "Plan Rows": 51198, "Plan Width": 36, "Inner Unique": true, "Hash Cond": "(lineitem.l_suppkey = supplier.s_suppkey)", "Plans": [{"Node Type": "Nested Loop", "Parent Relationship": "Outer", "Join Type": "Inner", "Startup Cost": 0.0, "Total Cost": 464497.44, "Plan Rows": 86479, "Plan Width": 40, "Inner Unique": true, "Plans": [{"Node Type": "Nested Loop", "Parent Relationship": "Outer", "Join Type": "Inner", "Startup Cost": 0.0, "Total Cost": 441564.57, "Plan Rows": 74637, "Plan Width": 32, "Inner Unique": false, "Plans": [{"Node Type": "Seq Scan", "Parent Relationship": "Outer", "Relation Name": "part", "Alias": "part", "Startup Cost": 0.0, "Total Cost": 66944.0, "Plan Rows": 13538, "Plan Width": 8, "Filter": "((p_type)::text = 'SMALL PLATED COPPER'::text)"}, {"Node Type": "Index Scan", "Parent Relationship": "Inner", "Scan Direction": "Forward", "Index Name": "idx_lineitem_part_supp", "Relation Name": "lineitem", "Alias": "lineitem", "Startup Cost": 0.0, "Total Cost": 27.61, "Plan Rows": 6, "Plan Width": 40, "Index Cond": "(l_partkey = part.p_partkey)"}]}, {"Node Type": "Index Scan", "Parent Relationship": "Inner", "Scan Direction": "Forward", "Index Name": "orders_pkey", "Relation Name": "orders", "Alias": "orders", "Startup Cost": 0.0, "Total Cost": 0.3, "Plan Rows": 1, "Plan Width": 24, "Index Cond": "(o_orderkey = lineitem.l_orderkey)", "Filter": "((o_orderdate >= '1995-01-01 00:00:00'::timestamp(0) without time zone) AND (o_orderdate <= '1996-12-31 00:00:00'::timestamp(0) without time zone))"}]}, {"Node Type": "Hash", "Parent Relationship": "Inner", "Startup Cost": 3283.0, "Total Cost": 3283.0, "Plan Rows": 100000, "Plan Width": 12, "Plans": [{"Node Type": "Seq Scan", "Parent Relationship": "Outer", "Relation Name": "supplier", "Alias": "supplier", "Startup Cost": 0.0, "Total Cost": 3283.0, "Plan Rows": 100000, "Plan Width": 12}]}]}, {"Node Type": "Index Scan", "Parent Relationship": "Inner", "Scan Direction": "Forward", "Index Name": "customer_pkey", "Relation Name": "customer", "Alias": "customer", "Startup Cost": 0.0, "Total Cost": 0.31, "Plan Rows": 1, "Plan Width": 12, "Index Cond": "(c_custkey = orders.o_custkey)"}]}, {"Node Type": "Hash", "Parent Relationship": "Inner", "Startup Cost": 2.44, "Total Cost": 2.44, "Plan Rows": 5, "Plan Width": 4, "Plans": [{"Node Type": "Hash Join", "Parent Relationship": "Outer", "Join Type": "Inner", "Startup Cost": 1.07, "Total Cost": 2.44, "Plan Rows": 5, "Plan Width": 4, "Inner Unique": true, "Hash Cond": "(n1.n_regionkey = region.r_regionkey)", "Plans": [{"Node Type": "Seq Scan", "Parent Relationship": "Outer", "Relation Name": "nation", "Alias": "n1", "Startup Cost": 0.0, "Total Cost": 1.25, "Plan Rows": 25, "Plan Width": 8}, {"Node Type": "Hash", "Parent Relationship": "Inner", "Startup Cost": 1.06, "Total Cost": 1.06, "Plan Rows": 1, "Plan Width": 4, "Plans": [{"Node Type": "Seq Scan", "Parent Relationship": "Outer", "Relation Name": "region", "Alias": "region", "Startup Cost": 0.0, "Total Cost": 1.06, "Plan Rows": 1, "Plan Width": 4, "Filter": "(r_name = 'ASIA'::bpchar)"}]}]}]}]}, {"Node Type": "Hash", "Parent Relationship": "Inner", "Startup Cost": 1.25, "Total Cost": 1.25, "Plan Rows": 25, "Plan Width": 30, "Plans": [{"Node Type": "Seq Scan", "Parent Relationship": "Outer", "Relation Name": "nation", "Alias": "n2", "Startup Cost": 0.0, "Total Cost": 1.25, "Plan Rows": 25, "Plan Width": 30}]}]}]}]}, "Unique SQL Id": 3681808042, "Planner Runtime": 8}, "explain_analyze_plan": {"Plan": {"Node Type": "Sort", "Startup Cost": 486022.68, "Total Cost": 486022.71, "Plan Rows": 10, "Plan Width": 66, "Actual Startup Time": 6590.092, "Actual Total Time": 6590.092, "Actual Rows": 2, "Actual Loops": 1, "Sort Key": ["(date_part('year'::text, orders.o_orderdate))"], "Sort Method": "quicksort", "Sort Space Used": 25, "Sort Space Type": "Memory", "Plans": [{"Node Type": "Aggregate", "Strategy": "Hashed", "Parent Relationship": "Outer", "Startup Cost": 486022.37, "Total Cost": 486022.52, "Plan Rows": 10, "Plan Width": 66, "Actual Startup Time": 6590.073, "Actual Total Time": 6590.074, "Actual Rows": 2, "Actual Loops": 1, "Group By Key": ["date_part('year'::text, orders.o_orderdate)"], "Plans": [{"Node Type": "Hash Join", "Parent Relationship": "Outer", "Join Type": "Inner", "Startup Cost": 4537.06, "Total Cost": 485902.55, "Plan Rows": 5991, "Plan Width": 50, "Actual Startup Time": 66.803, "Actual Total Time": 6553.248, "Actual Rows": 23929, "Actual Loops": 1, "Inner Unique": true, "Hash Cond": "(supplier.s_nationkey = n2.n_nationkey)", "Plans": [{"Node Type": "Hash Join", "Parent Relationship": "Outer", "Join Type": "Inner", "Startup Cost": 4535.5, "Total Cost": 485803.63, "Plan Rows": 5991, "Plan Width": 28, "Actual Startup Time": 66.711, "Actual Total Time": 6520.183, "Actual Rows": 23929, "Actual Loops": 1, "Inner Unique": false, "Hash Cond": "(customer.c_nationkey = n1.n_nationkey)", "Plans": [{"Node Type": "Nested Loop", "Parent Relationship": "Outer", "Join Type": "Inner", "Startup Cost": 4533.0, "Total Cost": 485661.65, "Plan Rows": 29954, "Plan Width": 32, "Actual Startup Time": 66.389, "Actual Total Time": 6481.607, "Actual Rows": 119765, "Actual Loops": 1, "Inner Unique": true, "Plans": [{"Node Type": "Hash Join", "Parent Relationship": "Outer", "Join Type": "Inner", "Startup Cost": 4533.0, "Total Cost": 469409.78, "Plan Rows": 51198, "Plan Width": 36, "Actual Startup Time": 66.354, "Actual Total Time": 5548.261, "Actual Rows": 119765, "Actual Loops": 1, "Inner Unique": true, "Hash Cond": "(lineitem.l_suppkey = supplier.s_suppkey)", "Plans": [{"Node Type": "Nested Loop", "Parent Relationship": "Outer", "Join Type": "Inner", "Startup Cost": 0.0, "Total Cost": 464497.44, "Plan Rows": 86479, "Plan Width": 40, "Actual Startup Time": 0.187, "Actual Total Time": 5396.366, "Actual Rows": 119765, "Actual Loops": 1, "Inner Unique": true, "Plans": [{"Node Type": "Nested Loop", "Parent Relationship": "Outer", "Join Type": "Inner", "Startup Cost": 0.0, "Total Cost": 441564.57, "Plan Rows": 74637, "Plan Width": 32, "Actual Startup Time": 0.036, "Actual Total Time": 2002.849, "Actual Rows": 395341, "Actual Loops": 1, "Inner Unique": false, "Plans": [{"Node Type": "Seq Scan", "Parent Relationship": "Outer", "Relation Name": "part", "Alias": "part", "Startup Cost": 0.0, "Total Cost": 66944.0, "Plan Rows": 13538, "Plan Width": 8, "Actual Startup Time": 0.015, "Actual Total Time": 768.176, "Actual Rows": 13163, "Actual Loops": 1, "Filter": "((p_type)::text = 'SMALL PLATED COPPER'::text)", "Rows Removed by Filter": 1986837}, {"Node Type": "Index Scan", "Parent Relationship": "Inner", "Scan Direction": "Forward", "Index Name": "idx_lineitem_part_supp", "Relation Name": "lineitem", "Alias": "lineitem", "Startup Cost": 0.0, "Total Cost": 27.61, "Plan Rows": 6, "Plan Width": 40, "Actual Startup Time": 153.5, "Actual Total Time": 1124.19, "Actual Rows": 395341, "Actual Loops": 13163, "Index Cond": "(l_partkey = part.p_partkey)", "Rows Removed by Index Recheck": 0}]}, {"Node Type": "Index Scan", "Parent Relationship": "Inner", "Scan Direction": "Forward", "Index Name": "orders_pkey", "Relation Name": "orders", "Alias": "orders", "Startup Cost": 0.0, "Total Cost": 0.3, "Plan Rows": 1, "Plan Width": 24, "Actual Startup Time": 3157.377, "Actual Total Time": 3157.377, "Actual Rows": 119765, "Actual Loops": 395341, "Index Cond": "(o_orderkey = lineitem.l_orderkey)", "Rows Removed by Index Recheck": 0, "Filter": "((o_orderdate >= '1995-01-01 00:00:00'::timestamp(0) without time zone) AND (o_orderdate <= '1996-12-31 00:00:00'::timestamp(0) without time zone))", "Rows Removed by Filter": 275576}]}, {"Node Type": "Hash", "Parent Relationship": "Inner", "Startup Cost": 3283.0, "Total Cost": 3283.0, "Plan Rows": 100000, "Plan Width": 12, "Actual Startup Time": 66.061, "Actual Total Time": 66.061, "Actual Rows": 100000, "Actual Loops": 1, "Hash Buckets": 131072, "Hash Batches": 1, "Original Hash Batches": 1, "Peak Memory Usage": 4297, "Plans": [{"Node Type": "Seq Scan", "Parent Relationship": "Outer", "Relation Name": "supplier", "Alias": "supplier", "Startup Cost": 0.0, "Total Cost": 3283.0, "Plan Rows": 100000, "Plan Width": 12, "Actual Startup Time": 0.015, "Actual Total Time": 39.607, "Actual Rows": 100000, "Actual Loops": 1}]}]}, {"Node Type": "Index Scan", "Parent Relationship": "Inner", "Scan Direction": "Forward", "Index Name": "customer_pkey", "Relation Name": "customer", "Alias": "customer", "Startup Cost": 0.0, "Total Cost": 0.31, "Plan Rows": 1, "Plan Width": 12, "Actual Startup Time": 825.415, "Actual Total Time": 825.415, "Actual Rows": 119765, "Actual Loops": 119765, "Index Cond": "(c_custkey = orders.o_custkey)", "Rows Removed by Index Recheck": 0}]}, {"Node Type": "Hash", "Parent Relationship": "Inner", "Startup Cost": 2.44, "Total Cost": 2.44, "Plan Rows": 5, "Plan Width": 4, "Actual Startup Time": 0.074, "Actual Total Time": 0.074, "Actual Rows": 5, "Actual Loops": 1, "Hash Buckets": 32768, "Hash Batches": 1, "Original Hash Batches": 1, "Peak Memory Usage": 1, "Plans": [{"Node Type": "Hash Join", "Parent Relationship": "Outer", "Join Type": "Inner", "Startup Cost": 1.07, "Total Cost": 2.44, "Plan Rows": 5, "Plan Width": 4, "Actual Startup Time": 0.06, "Actual Total Time": 0.068, "Actual Rows": 5, "Actual Loops": 1, "Inner Unique": true, "Hash Cond": "(n1.n_regionkey = region.r_regionkey)", "Plans": [{"Node Type": "Seq Scan", "Parent Relationship": "Outer", "Relation Name": "nation", "Alias": "n1", "Startup Cost": 0.0, "Total Cost": 1.25, "Plan Rows": 25, "Plan Width": 8, "Actual Startup Time": 0.011, "Actual Total Time": 0.015, "Actual Rows": 25, "Actual Loops": 1}, {"Node Type": "Hash", "Parent Relationship": "Inner", "Startup Cost": 1.06, "Total Cost": 1.06, "Plan Rows": 1, "Plan Width": 4, "Actual Startup Time": 0.013, "Actual Total Time": 0.013, "Actual Rows": 1, "Actual Loops": 1, "Hash Buckets": 32768, "Hash Batches": 1, "Original Hash Batches": 1, "Peak Memory Usage": 1, "Plans": [{"Node Type": "Seq Scan", "Parent Relationship": "Outer", "Relation Name": "region", "Alias": "region", "Startup Cost": 0.0, "Total Cost": 1.06, "Plan Rows": 1, "Plan Width": 4, "Actual Startup Time": 0.011, "Actual Total Time": 0.012, "Actual Rows": 1, "Actual Loops": 1, "Filter": "(r_name = 'ASIA'::bpchar)", "Rows Removed by Filter": 4}]}]}]}]}, {"Node Type": "Hash", "Parent Relationship": "Inner", "Startup Cost": 1.25, "Total Cost": 1.25, "Plan Rows": 25, "Plan Width": 30, "Actual Startup Time": 0.04, "Actual Total Time": 0.04, "Actual Rows": 25, "Actual Loops": 1, "Hash Buckets": 32768, "Hash Batches": 1, "Original Hash Batches": 1, "Peak Memory Usage": 2, "Plans": [{"Node Type": "Seq Scan", "Parent Relationship": "Outer", "Relation Name": "nation", "Alias": "n2", "Startup Cost": 0.0, "Total Cost": 1.25, "Plan Rows": 25, "Plan Width": 30, "Actual Startup Time": 0.016, "Actual Total Time": 0.023, "Actual Rows": 25, "Actual Loops": 1}]}]}]}]}, "Triggers": [], "Planner Runtime": 5, "Total Runtime": 6590.535, "Unique SQL Id": 3681808042}}, "(16, 65)": {"explain_plan": {"Plan": {"Node Type": "Sort", "Startup Cost": 526963.15, "Total Cost": 526963.18, "Plan Rows": 10, "Plan Width": 66, "Sort Key": ["(date_part('year'::text, orders.o_orderdate))"], "Plans": [{"Node Type": "Aggregate", "Strategy": "Hashed", "Parent Relationship": "Outer", "Startup Cost": 526962.83, "Total Cost": 526962.98, "Plan Rows": 10, "Plan Width": 66, "Group By Key": ["date_part('year'::text, orders.o_orderdate)"], "Plans": [{"Node Type": "Hash Join", "Parent Relationship": "Outer", "Join Type": "Inner", "Startup Cost": 6618.28, "Total Cost": 526843.01, "Plan Rows": 5991, "Plan Width": 50, "Inner Unique": true, "Hash Cond": "(supplier.s_nationkey = n2.n_nationkey)", "Plans": [{"Node Type": "Hash Join", "Parent Relationship": "Outer", "Join Type": "Inner", "Startup Cost": 6605.34, "Total Cost": 526732.72, "Plan Rows": 5991, "Plan Width": 28, "Inner Unique": false, "Hash Cond": "(customer.c_nationkey = n1.n_nationkey)", "Plans": [{"Node Type": "Nested Loop", "Parent Relationship": "Outer", "Join Type": "Inner", "Startup Cost": 6584.54, "Total Cost": 526572.45, "Plan Rows": 29954, "Plan Width": 32, "Inner Unique": true, "Plans": [{"Node Type": "Hash Join", "Parent Relationship": "Outer", "Join Type": "Inner", "Startup Cost": 6584.54, "Total Cost": 510320.57, "Plan Rows": 51198, "Plan Width": 36, "Inner Unique": true, "Hash Cond": "(lineitem.l_suppkey = supplier.s_suppkey)", "Plans": [{"Node Type": "Nested Loop", "Parent Relationship": "Outer", "Join Type": "Inner", "Startup Cost": 0.0, "Total Cost": 503356.69, "Plan Rows": 86479, "Plan Width": 40, "Inner Unique": true, "Plans": [{"Node Type": "Nested Loop", "Parent Relationship": "Outer", "Join Type": "Inner", "Startup Cost": 0.0, "Total Cost": 480423.82, "Plan Rows": 74637, "Plan Width": 32, "Inner Unique": false, "Plans": [{"Node Type": "Index Scan", "Parent Relationship": "Outer", "Scan Direction": "Forward", "Index Name": "part_kpey", "Relation Name": "part", "Alias": "part", "Startup Cost": 0.0, "Total Cost": 105803.25, "Plan Rows": 13538, "Plan Width": 8, "Filter": "((p_type)::text = 'SMALL PLATED COPPER'::text)"}, {"Node Type": "Index Scan", "Parent Relationship": "Inner", "Scan Direction": "Forward", "Index Name": "idx_lineitem_part_supp", "Relation Name": "lineitem", "Alias": "lineitem", "Startup Cost": 0.0, "Total Cost": 27.61, "Plan Rows": 6, "Plan Width": 40, "Index Cond": "(l_partkey = part.p_partkey)"}]}, {"Node Type": "Index Scan", "Parent Relationship": "Inner", "Scan Direction": "Forward", "Index Name": "orders_pkey", "Relation Name": "orders", "Alias": "orders", "Startup Cost": 0.0, "Total Cost": 0.3, "Plan Rows": 1, "Plan Width": 24, "Index Cond": "(o_orderkey = lineitem.l_orderkey)", "Filter": "((o_orderdate >= '1995-01-01 00:00:00'::timestamp(0) without time zone) AND (o_orderdate <= '1996-12-31 00:00:00'::timestamp(0) without time zone))"}]}, {"Node Type": "Hash", "Parent Relationship": "Inner", "Startup Cost": 5334.54, "Total Cost": 5334.54, "Plan Rows": 100000, "Plan Width": 12, "Plans": [{"Node Type": "Index Scan", "Parent Relationship": "Outer", "Scan Direction": "Forward", "Index Name": "supplier_pkey", "Relation Name": "supplier", "Alias": "supplier", "Startup Cost": 0.0, "Total Cost": 5334.54, "Plan Rows": 100000, "Plan Width": 12}]}]}, {"Node Type": "Index Scan", "Parent Relationship": "Inner", "Scan Direction": "Forward", "Index Name": "customer_pkey", "Relation Name": "customer", "Alias": "customer", "Startup Cost": 0.0, "Total Cost": 0.31, "Plan Rows": 1, "Plan Width": 12, "Index Cond": "(c_custkey = orders.o_custkey)"}]}, {"Node Type": "Hash", "Parent Relationship": "Inner", "Startup Cost": 20.74, "Total Cost": 20.74, "Plan Rows": 5, "Plan Width": 4, "Plans": [{"Node Type": "Nested Loop", "Parent Relationship": "Outer", "Join Type": "Inner", "Startup Cost": 0.0, "Total Cost": 20.74, "Plan Rows": 5, "Plan Width": 4, "Inner Unique": false, "Plans": [{"Node Type": "Index Scan", "Parent Relationship": "Outer", "Scan Direction": "Forward", "Index Name": "region_pkey", "Relation Name": "region", "Alias": "region", "Startup Cost": 0.0, "Total Cost": 12.34, "Plan Rows": 1, "Plan Width": 4, "Filter": "(r_name = 'ASIA'::bpchar)"}, {"Node Type": "Index Scan", "Parent Relationship": "Inner", "Scan Direction": "Forward", "Index Name": "idx_nation_regionkey", "Relation Name": "nation", "Alias": "n1", "Startup Cost": 0.0, "Total Cost": 8.35, "Plan Rows": 5, "Plan Width": 8, "Index Cond": "(n_regionkey = region.r_regionkey)"}]}]}]}, {"Node Type": "Hash", "Parent Relationship": "Inner", "Startup Cost": 12.62, "Total Cost": 12.62, "Plan Rows": 25, "Plan Width": 30, "Plans": [{"Node Type": "Index Scan", "Parent Relationship": "Outer", "Scan Direction": "Forward", "Index Name": "nation_pkey", "Relation Name": "nation", "Alias": "n2", "Startup Cost": 0.0, "Total Cost": 12.62, "Plan Rows": 25, "Plan Width": 30}]}]}]}]}, "Unique SQL Id": 3681808042, "Planner Runtime": 8}, "explain_analyze_plan": {"Plan": {"Node Type": "Sort", "Startup Cost": 526963.15, "Total Cost": 526963.18, "Plan Rows": 10, "Plan Width": 66, "Actual Startup Time": 7259.118, "Actual Total Time": 7259.118, "Actual Rows": 2, "Actual Loops": 1, "Sort Key": ["(date_part('year'::text, orders.o_orderdate))"], "Sort Method": "quicksort", "Sort Space Used": 25, "Sort Space Type": "Memory", "Plans": [{"Node Type": "Aggregate", "Strategy": "Hashed", "Parent Relationship": "Outer", "Startup Cost": 526962.83, "Total Cost": 526962.98, "Plan Rows": 10, "Plan Width": 66, "Actual Startup Time": 7259.099, "Actual Total Time": 7259.101, "Actual Rows": 2, "Actual Loops": 1, "Group By Key": ["date_part('year'::text, orders.o_orderdate)"], "Plans": [{"Node Type": "Hash Join", "Parent Relationship": "Outer", "Join Type": "Inner", "Startup Cost": 6618.28, "Total Cost": 526843.01, "Plan Rows": 5991, "Plan Width": 50, "Actual Startup Time": 103.776, "Actual Total Time": 7221.88, "Actual Rows": 23929, "Actual Loops": 1, "Inner Unique": true, "Hash Cond": "(supplier.s_nationkey = n2.n_nationkey)", "Plans": [{"Node Type": "Hash Join", "Parent Relationship": "Outer", "Join Type": "Inner", "Startup Cost": 6605.34, "Total Cost": 526732.72, "Plan Rows": 5991, "Plan Width": 28, "Actual Startup Time": 103.672, "Actual Total Time": 7187.912, "Actual Rows": 23929, "Actual Loops": 1, "Inner Unique": false, "Hash Cond": "(customer.c_nationkey = n1.n_nationkey)", "Plans": [{"Node Type": "Nested Loop", "Parent Relationship": "Outer", "Join Type": "Inner", "Startup Cost": 6584.54, "Total Cost": 526572.45, "Plan Rows": 29954, "Plan Width": 32, "Actual Startup Time": 103.406, "Actual Total Time": 7150.2, "Actual Rows": 119765, "Actual Loops": 1, "Inner Unique": true, "Plans": [{"Node Type": "Hash Join", "Parent Relationship": "Outer", "Join Type": "Inner", "Startup Cost": 6584.54, "Total Cost": 510320.57, "Plan Rows": 51198, "Plan Width": 36, "Actual Startup Time": 103.376, "Actual Total Time": 6218.905, "Actual Rows": 119765, "Actual Loops": 1, "Inner Unique": true, "Hash Cond": "(lineitem.l_suppkey = supplier.s_suppkey)", "Plans": [{"Node Type": "Nested Loop", "Parent Relationship": "Outer", "Join Type": "Inner", "Startup Cost": 0.0, "Total Cost": 503356.69, "Plan Rows": 86479, "Plan Width": 40, "Actual Startup Time": 0.145, "Actual Total Time": 6033.436, "Actual Rows": 119765, "Actual Loops": 1, "Inner Unique": true, "Plans": [{"Node Type": "Nested Loop", "Parent Relationship": "Outer", "Join Type": "Inner", "Startup Cost": 0.0, "Total Cost": 480423.82, "Plan Rows": 74637, "Plan Width": 32, "Actual Startup Time": 0.038, "Actual Total Time": 2610.331, "Actual Rows": 395341, "Actual Loops": 1, "Inner Unique": false, "Plans": [{"Node Type": "Index Scan", "Parent Relationship": "Outer", "Scan Direction": "Forward", "Index Name": "part_kpey", "Relation Name": "part", "Alias": "part", "Startup Cost": 0.0, "Total Cost": 105803.25, "Plan Rows": 13538, "Plan Width": 8, "Actual Startup Time": 0.024, "Actual Total Time": 1364.05, "Actual Rows": 13163, "Actual Loops": 1, "Filter": "((p_type)::text = 'SMALL PLATED COPPER'::text)", "Rows Removed by Filter": 1986837}, {"Node Type": "Index Scan", "Parent Relationship": "Inner", "Scan Direction": "Forward", "Index Name": "idx_lineitem_part_supp", "Relation Name": "lineitem", "Alias": "lineitem", "Startup Cost": 0.0, "Total Cost": 27.61, "Plan Rows": 6, "Plan Width": 40, "Actual Startup Time": 160.318, "Actual Total Time": 1143.093, "Actual Rows": 395341, "Actual Loops": 13163, "Index Cond": "(l_partkey = part.p_partkey)", "Rows Removed by Index Recheck": 0}]}, {"Node Type": "Index Scan", "Parent Relationship": "Inner", "Scan Direction": "Forward", "Index Name": "orders_pkey", "Relation Name": "orders", "Alias": "orders", "Startup Cost": 0.0, "Total Cost": 0.3, "Plan Rows": 1, "Plan Width": 24, "Actual Startup Time": 3189.021, "Actual Total Time": 3189.021, "Actual Rows": 119765, "Actual Loops": 395341, "Index Cond": "(o_orderkey = lineitem.l_orderkey)", "Rows Removed by Index Recheck": 0, "Filter": "((o_orderdate >= '1995-01-01 00:00:00'::timestamp(0) without time zone) AND (o_orderdate <= '1996-12-31 00:00:00'::timestamp(0) without time zone))", "Rows Removed by Filter": 275576}]}, {"Node Type": "Hash", "Parent Relationship": "Inner", "Startup Cost": 5334.54, "Total Cost": 5334.54, "Plan Rows": 100000, "Plan Width": 12, "Actual Startup Time": 103.046, "Actual Total Time": 103.046, "Actual Rows": 100000, "Actual Loops": 1, "Hash Buckets": 131072, "Hash Batches": 1, "Original Hash Batches": 1, "Peak Memory Usage": 4297, "Plans": [{"Node Type": "Index Scan", "Parent Relationship": "Outer", "Scan Direction": "Forward", "Index Name": "supplier_pkey", "Relation Name": "supplier", "Alias": "supplier", "Startup Cost": 0.0, "Total Cost": 5334.54, "Plan Rows": 100000, "Plan Width": 12, "Actual Startup Time": 0.019, "Actual Total Time": 74.651, "Actual Rows": 100000, "Actual Loops": 1}]}]}, {"Node Type": "Index Scan", "Parent Relationship": "Inner", "Scan Direction": "Forward", "Index Name": "customer_pkey", "Relation Name": "customer", "Alias": "customer", "Startup Cost": 0.0, "Total Cost": 0.31, "Plan Rows": 1, "Plan Width": 12, "Actual Startup Time": 819.21, "Actual Total Time": 819.21, "Actual Rows": 119765, "Actual Loops": 119765, "Index Cond": "(c_custkey = orders.o_custkey)", "Rows Removed by Index Recheck": 0}]}, {"Node Type": "Hash", "Parent Relationship": "Inner", "Startup Cost": 20.74, "Total Cost": 20.74, "Plan Rows": 5, "Plan Width": 4, "Actual Startup Time": 0.027, "Actual Total Time": 0.027, "Actual Rows": 5, "Actual Loops": 1, "Hash Buckets": 32768, "Hash Batches": 1, "Original Hash Batches": 1, "Peak Memory Usage": 1, "Plans": [{"Node Type": "Nested Loop", "Parent Relationship": "Outer", "Join Type": "Inner", "Startup Cost": 0.0, "Total Cost": 20.74, "Plan Rows": 5, "Plan Width": 4, "Actual Startup Time": 0.018, "Actual Total Time": 0.024, "Actual Rows": 5, "Actual Loops": 1, "Inner Unique": false, "Plans": [{"Node Type": "Index Scan", "Parent Relationship": "Outer", "Scan Direction": "Forward", "Index Name": "region_pkey", "Relation Name": "region", "Alias": "region", "Startup Cost": 0.0, "Total Cost": 12.34, "Plan Rows": 1, "Plan Width": 4, "Actual Startup Time": 0.009, "Actual Total Time": 0.01, "Actual Rows": 1, "Actual Loops": 1, "Filter": "(r_name = 'ASIA'::bpchar)", "Rows Removed by Filter": 4}, {"Node Type": "Index Scan", "Parent Relationship": "Inner", "Scan Direction": "Forward", "Index Name": "idx_nation_regionkey", "Relation Name": "nation", "Alias": "n1", "Startup Cost": 0.0, "Total Cost": 8.35, "Plan Rows": 5, "Plan Width": 8, "Actual Startup Time": 0.006, "Actual Total Time": 0.007, "Actual Rows": 5, "Actual Loops": 1, "Index Cond": "(n_regionkey = region.r_regionkey)", "Rows Removed by Index Recheck": 0}]}]}]}, {"Node Type": "Hash", "Parent Relationship": "Inner", "Startup Cost": 12.62, "Total Cost": 12.62, "Plan Rows": 25, "Plan Width": 30, "Actual Startup Time": 0.035, "Actual Total Time": 0.035, "Actual Rows": 25, "Actual Loops": 1, "Hash Buckets": 32768, "Hash Batches": 1, "Original Hash Batches": 1, "Peak Memory Usage": 2, "Plans": [{"Node Type": "Index Scan", "Parent Relationship": "Outer", "Scan Direction": "Forward", "Index Name": "nation_pkey", "Relation Name": "nation", "Alias": "n2", "Startup Cost": 0.0, "Total Cost": 12.62, "Plan Rows": 25, "Plan Width": 30, "Actual Startup Time": 0.009, "Actual Total Time": 0.023, "Actual Rows": 25, "Actual Loops": 1}]}]}]}]}, "Triggers": [], "Planner Runtime": 4, "Total Runtime": 7259.535, "Unique SQL Id": 3681808042}}, "(16, 66)": {"explain_plan": {"Plan": {"Node Type": "Sort", "Startup Cost": 816569.87, "Total Cost": 816569.89, "Plan Rows": 10, "Plan Width": 66, "Sort Key": ["(date_part('year'::text, orders.o_orderdate))"], "Plans": [{"Node Type": "Aggregate", "Strategy": "Hashed", "Parent Relationship": "Outer", "Startup Cost": 816569.55, "Total Cost": 816569.7, "Plan Rows": 10, "Plan Width": 66, "Group By Key": ["date_part('year'::text, orders.o_orderdate)"], "Plans": [{"Node Type": "Hash Join", "Parent Relationship": "Outer", "Join Type": "Inner", "Startup Cost": 45453.88, "Total Cost": 816449.73, "Plan Rows": 5991, "Plan Width": 50, "Inner Unique": true, "Hash Cond": "(supplier.s_nationkey = n2.n_nationkey)", "Plans": [{"Node Type": "Hash Join", "Parent Relationship": "Outer", "Join Type": "Inner", "Startup Cost": 45452.32, "Total Cost": 816350.82, "Plan Rows": 5991, "Plan Width": 28, "Inner Unique": false, "Hash Cond": "(orders.o_custkey = customer.c_custkey)", "Plans": [{"Node Type": "Hash Join", "Parent Relationship": "Outer", "Join Type": "Inner", "Startup Cost": 4537.47, "Total Cost": 775184.07, "Plan Rows": 51198, "Plan Width": 36, "Inner Unique": true, "Hash Cond": "(lineitem.l_suppkey = supplier.s_suppkey)", "Plans": [{"Node Type": "Nested Loop", "Parent Relationship": "Outer", "Join Type": "Inner", "Startup Cost": 4.47, "Total Cost": 770271.73, "Plan Rows": 86479, "Plan Width": 40, "Inner Unique": true, "Plans": [{"Node Type": "Nested Loop", "Parent Relationship": "Outer", "Join Type": "Inner", "Startup Cost": 4.21, "Total Cost": 450147.9, "Plan Rows": 74637, "Plan Width": 32, "Inner Unique": false, "Plans": [{"Node Type": "Seq Scan", "Parent Relationship": "Outer", "Relation Name": "part", "Alias": "part", "Startup Cost": 0.0, "Total Cost": 66944.0, "Plan Rows": 13538, "Plan Width": 8, "Filter": "((p_type)::text = 'SMALL PLATED COPPER'::text)"}, {"Node Type": "Bitmap Heap Scan", "Parent Relationship": "Inner", "Relation Name": "lineitem", "Alias": "lineitem", "Startup Cost": 4.21, "Total Cost": 28.25, "Plan Rows": 6, "Plan Width": 40, "Recheck Cond": "(l_partkey = part.p_partkey)", "Plans": [{"Node Type": "Bitmap Index Scan", "Parent Relationship": "Outer", "Index Name": "idx_lineitem_part_supp", "Startup Cost": 0.0, "Total Cost": 4.21, "Plan Rows": 6, "Plan Width": 0, "Index Cond": "(l_partkey = part.p_partkey)"}]}]}, {"Node Type": "Bitmap Heap Scan", "Parent Relationship": "Inner", "Relation Name": "orders", "Alias": "orders", "Startup Cost": 0.26, "Total Cost": 4.28, "Plan Rows": 1, "Plan Width": 24, "Recheck Cond": "(o_orderkey = lineitem.l_orderkey)", "Filter": "((o_orderdate >= '1995-01-01 00:00:00'::timestamp(0) without time zone) AND (o_orderdate <= '1996-12-31 00:00:00'::timestamp(0) without time zone))", "Plans": [{"Node Type": "Bitmap Index Scan", "Parent Relationship": "Outer", "Index Name": "orders_pkey", "Startup Cost": 0.0, "Total Cost": 0.26, "Plan Rows": 1, "Plan Width": 0, "Index Cond": "(o_orderkey = lineitem.l_orderkey)"}]}]}, {"Node Type": "Hash", "Parent Relationship": "Inner", "Startup Cost": 3283.0, "Total Cost": 3283.0, "Plan Rows": 100000, "Plan Width": 12, "Plans": [{"Node Type": "Seq Scan", "Parent Relationship": "Outer", "Relation Name": "supplier", "Alias": "supplier", "Startup Cost": 0.0, "Total Cost": 3283.0, "Plan Rows": 100000, "Plan Width": 12}]}]}, {"Node Type": "Hash", "Parent Relationship": "Inner", "Startup Cost": 37164.85, "Total Cost": 37164.85, "Plan Rows": 300000, "Plan Width": 8, "Plans": [{"Node Type": "Nested Loop", "Parent Relationship": "Outer", "Join Type": "Inner", "Startup Cost": 1031.44, "Total Cost": 37164.85, "Plan Rows": 300000, "Plan Width": 8, "Inner Unique": false, "Plans": [{"Node Type": "Hash Join", "Parent Relationship": "Outer", "Join Type": "Inner", "Startup Cost": 1.07, "Total Cost": 2.44, "Plan Rows": 5, "Plan Width": 4, "Inner Unique": true, "Hash Cond": "(n1.n_regionkey = region.r_regionkey)", "Plans": [{"Node Type": "Seq Scan", "Parent Relationship": "Outer", "Relation Name": "nation", "Alias": "n1", "Startup Cost": 0.0, "Total Cost": 1.25, "Plan Rows": 25, "Plan Width": 8}, {"Node Type": "Hash", "Parent Relationship": "Inner", "Startup Cost": 1.06, "Total Cost": 1.06, "Plan Rows": 1, "Plan Width": 4, "Plans": [{"Node Type": "Seq Scan", "Parent Relationship": "Outer", "Relation Name": "region", "Alias": "region", "Startup Cost": 0.0, "Total Cost": 1.06, "Plan Rows": 1, "Plan Width": 4, "Filter": "(r_name = 'ASIA'::bpchar)"}]}]}, {"Node Type": "Bitmap Heap Scan", "Parent Relationship": "Inner", "Relation Name": "customer", "Alias": "customer", "Startup Cost": 1030.37, "Total Cost": 6832.48, "Plan Rows": 60000, "Plan Width": 12, "Recheck Cond": "(c_nationkey = n1.n_nationkey)", "Plans": [{"Node Type": "Bitmap Index Scan", "Parent Relationship": "Outer", "Index Name": "idx_customer_nationkey", "Startup Cost": 0.0, "Total Cost": 1015.37, "Plan Rows": 60000, "Plan Width": 0, "Index Cond": "(c_nationkey = n1.n_nationkey)"}]}]}]}]}, {"Node Type": "Hash", "Parent Relationship": "Inner", "Startup Cost": 1.25, "Total Cost": 1.25, "Plan Rows": 25, "Plan Width": 30, "Plans": [{"Node Type": "Seq Scan", "Parent Relationship": "Outer", "Relation Name": "nation", "Alias": "n2", "Startup Cost": 0.0, "Total Cost": 1.25, "Plan Rows": 25, "Plan Width": 30}]}]}]}]}, "Unique SQL Id": 3681808042, "Planner Runtime": 8}, "explain_analyze_plan": {"Plan": {"Node Type": "Sort", "Startup Cost": 816569.87, "Total Cost": 816569.89, "Plan Rows": 10, "Plan Width": 66, "Actual Startup Time": 7358.668, "Actual Total Time": 7358.669, "Actual Rows": 2, "Actual Loops": 1, "Sort Key": ["(date_part('year'::text, orders.o_orderdate))"], "Sort Method": "quicksort", "Sort Space Used": 25, "Sort Space Type": "Memory", "Plans": [{"Node Type": "Aggregate", "Strategy": "Hashed", "Parent Relationship": "Outer", "Startup Cost": 816569.55, "Total Cost": 816569.7, "Plan Rows": 10, "Plan Width": 66, "Actual Startup Time": 7358.648, "Actual Total Time": 7358.649, "Actual Rows": 2, "Actual Loops": 1, "Group By Key": ["date_part('year'::text, orders.o_orderdate)"], "Plans": [{"Node Type": "Hash Join", "Parent Relationship": "Outer", "Join Type": "Inner", "Startup Cost": 45453.88, "Total Cost": 816449.73, "Plan Rows": 5991, "Plan Width": 50, "Actual Startup Time": 770.366, "Actual Total Time": 7318.784, "Actual Rows": 23929, "Actual Loops": 1, "Inner Unique": true, "Hash Cond": "(supplier.s_nationkey = n2.n_nationkey)", "Plans": [{"Node Type": "Hash Join", "Parent Relationship": "Outer", "Join Type": "Inner", "Startup Cost": 45452.32, "Total Cost": 816350.82, "Plan Rows": 5991, "Plan Width": 28, "Actual Startup Time": 770.253, "Actual Total Time": 7282.943, "Actual Rows": 23929, "Actual Loops": 1, "Inner Unique": false, "Hash Cond": "(orders.o_custkey = customer.c_custkey)", "Plans": [{"Node Type": "Hash Join", "Parent Relationship": "Outer", "Join Type": "Inner", "Startup Cost": 4537.47, "Total Cost": 775184.07, "Plan Rows": 51198, "Plan Width": 36, "Actual Startup Time": 66.748, "Actual Total Time": 6501.552, "Actual Rows": 119765, "Actual Loops": 1, "Inner Unique": true, "Hash Cond": "(lineitem.l_suppkey = supplier.s_suppkey)", "Plans": [{"Node Type": "Nested Loop", "Parent Relationship": "Outer", "Join Type": "Inner", "Startup Cost": 4.47, "Total Cost": 770271.73, "Plan Rows": 86479, "Plan Width": 40, "Actual Startup Time": 0.113, "Actual Total Time": 6340.536, "Actual Rows": 119765, "Actual Loops": 1, "Inner Unique": true, "Plans": [{"Node Type": "Nested Loop", "Parent Relationship": "Outer", "Join Type": "Inner", "Startup Cost": 4.21, "Total Cost": 450147.9, "Plan Rows": 74637, "Plan Width": 32, "Actual Startup Time": 0.059, "Actual Total Time": 2253.186, "Actual Rows": 395341, "Actual Loops": 1, "Inner Unique": false, "Plans": [{"Node Type": "Seq Scan", "Parent Relationship": "Outer", "Relation Name": "part", "Alias": "part", "Startup Cost": 0.0, "Total Cost": 66944.0, "Plan Rows": 13538, "Plan Width": 8, "Actual Startup Time": 0.018, "Actual Total Time": 766.111, "Actual Rows": 13163, "Actual Loops": 1, "Filter": "((p_type)::text = 'SMALL PLATED COPPER'::text)", "Rows Removed by Filter": 1986837}, {"Node Type": "Bitmap Heap Scan", "Parent Relationship": "Inner", "Relation Name": "lineitem", "Alias": "lineitem", "Startup Cost": 4.21, "Total Cost": 28.25, "Plan Rows": 6, "Plan Width": 40, "Actual Startup Time": 268.936, "Actual Total Time": 1366.26, "Actual Rows": 395341, "Actual Loops": 13163, "Recheck Cond": "(l_partkey = part.p_partkey)", "Rows Removed by Index Recheck": 0, "Exact Heap Blocks": 395337, "Lossy Heap Blocks": 395337, "Plans": [{"Node Type": "Bitmap Index Scan", "Parent Relationship": "Outer", "Index Name": "idx_lineitem_part_supp", "Startup Cost": 0.0, "Total Cost": 4.21, "Plan Rows": 6, "Plan Width": 0, "Actual Startup Time": 170.537, "Actual Total Time": 170.537, "Actual Rows": 395341, "Actual Loops": 13163, "Index Cond": "(l_partkey = part.p_partkey)"}]}]}, {"Node Type": "Bitmap Heap Scan", "Parent Relationship": "Inner", "Relation Name": "orders", "Alias": "orders", "Startup Cost": 0.26, "Total Cost": 4.28, "Plan Rows": 1, "Plan Width": 24, "Actual Startup Time": 3609.99, "Actual Total Time": 3609.99, "Actual Rows": 119765, "Actual Loops": 395341, "Recheck Cond": "(o_orderkey = lineitem.l_orderkey)", "Rows Removed by Index Recheck": 0, "Filter": "((o_orderdate >= '1995-01-01 00:00:00'::timestamp(0) without time zone) AND (o_orderdate <= '1996-12-31 00:00:00'::timestamp(0) without time zone))", "Rows Removed by Filter": 275576, "Exact Heap Blocks": 395341, "Lossy Heap Blocks": 395341, "Plans": [{"Node Type": "Bitmap Index Scan", "Parent Relationship": "Outer", "Index Name": "orders_pkey", "Startup Cost": 0.0, "Total Cost": 0.26, "Plan Rows": 1, "Plan Width": 0, "Actual Startup Time": 2181.487, "Actual Total Time": 2181.487, "Actual Rows": 395341, "Actual Loops": 395341, "Index Cond": "(o_orderkey = lineitem.l_orderkey)"}]}]}, {"Node Type": "Hash", "Parent Relationship": "Inner", "Startup Cost": 3283.0, "Total Cost": 3283.0, "Plan Rows": 100000, "Plan Width": 12, "Actual Startup Time": 66.457, "Actual Total Time": 66.457, "Actual Rows": 100000, "Actual Loops": 1, "Hash Buckets": 131072, "Hash Batches": 1, "Original Hash Batches": 1, "Peak Memory Usage": 4297, "Plans": [{"Node Type": "Seq Scan", "Parent Relationship": "Outer", "Relation Name": "supplier", "Alias": "supplier", "Startup Cost": 0.0, "Total Cost": 3283.0, "Plan Rows": 100000, "Plan Width": 12, "Actual Startup Time": 0.016, "Actual Total Time": 38.866, "Actual Rows": 100000, "Actual Loops": 1}]}]}, {"Node Type": "Hash", "Parent Relationship": "Inner", "Startup Cost": 37164.85, "Total Cost": 37164.85, "Plan Rows": 300000, "Plan Width": 8, "Actual Startup Time": 702.784, "Actual Total Time": 702.784, "Actual Rows": 300270, "Actual Loops": 1, "Hash Buckets": 524288, "Hash Batches": 1, "Original Hash Batches": 1, "Peak Memory Usage": 11730, "Plans": [{"Node Type": "Nested Loop", "Parent Relationship": "Outer", "Join Type": "Inner", "Startup Cost": 1031.44, "Total Cost": 37164.85, "Plan Rows": 300000, "Plan Width": 8, "Actual Startup Time": 21.763, "Actual Total Time": 590.375, "Actual Rows": 300270, "Actual Loops": 1, "Inner Unique": false, "Plans": [{"Node Type": "Hash Join", "Parent Relationship": "Outer", "Join Type": "Inner", "Startup Cost": 1.07, "Total Cost": 2.44, "Plan Rows": 5, "Plan Width": 4, "Actual Startup Time": 0.102, "Actual Total Time": 0.167, "Actual Rows": 5, "Actual Loops": 1, "Inner Unique": true, "Hash Cond": "(n1.n_regionkey = region.r_regionkey)", "Plans": [{"Node Type": "Seq Scan", "Parent Relationship": "Outer", "Relation Name": "nation", "Alias": "n1", "Startup Cost": 0.0, "Total Cost": 1.25, "Plan Rows": 25, "Plan Width": 8, "Actual Startup Time": 0.02, "Actual Total Time": 0.038, "Actual Rows": 25, "Actual Loops": 1}, {"Node Type": "Hash", "Parent Relationship": "Inner", "Startup Cost": 1.06, "Total Cost": 1.06, "Plan Rows": 1, "Plan Width": 4, "Actual Startup Time": 0.019, "Actual Total Time": 0.019, "Actual Rows": 1, "Actual Loops": 1, "Hash Buckets": 32768, "Hash Batches": 1, "Original Hash Batches": 1, "Peak Memory Usage": 1, "Plans": [{"Node Type": "Seq Scan", "Parent Relationship": "Outer", "Relation Name": "region", "Alias": "region", "Startup Cost": 0.0, "Total Cost": 1.06, "Plan Rows": 1, "Plan Width": 4, "Actual Startup Time": 0.013, "Actual Total Time": 0.014, "Actual Rows": 1, "Actual Loops": 1, "Filter": "(r_name = 'ASIA'::bpchar)", "Rows Removed by Filter": 4}]}]}, {"Node Type": "Bitmap Heap Scan", "Parent Relationship": "Inner", "Relation Name": "customer", "Alias": "customer", "Startup Cost": 1030.37, "Total Cost": 6832.48, "Plan Rows": 60000, "Plan Width": 12, "Actual Startup Time": 101.997, "Actual Total Time": 532.217, "Actual Rows": 300270, "Actual Loops": 5, "Recheck Cond": "(c_nationkey = n1.n_nationkey)", "Rows Removed by Index Recheck": 0, "Exact Heap Blocks": 150032, "Lossy Heap Blocks": 150032, "Plans": [{"Node Type": "Bitmap Index Scan", "Parent Relationship": "Outer", "Index Name": "idx_customer_nationkey", "Startup Cost": 0.0, "Total Cost": 1015.37, "Plan Rows": 60000, "Plan Width": 0, "Actual Startup Time": 68.068, "Actual Total Time": 68.068, "Actual Rows": 300270, "Actual Loops": 5, "Index Cond": "(c_nationkey = n1.n_nationkey)"}]}]}]}]}, {"Node Type": "Hash", "Parent Relationship": "Inner", "Startup Cost": 1.25, "Total Cost": 1.25, "Plan Rows": 25, "Plan Width": 30, "Actual Startup Time": 0.032, "Actual Total Time": 0.032, "Actual Rows": 25, "Actual Loops": 1, "Hash Buckets": 32768, "Hash Batches": 1, "Original Hash Batches": 1, "Peak Memory Usage": 2, "Plans": [{"Node Type": "Seq Scan", "Parent Relationship": "Outer", "Relation Name": "nation", "Alias": "n2", "Startup Cost": 0.0, "Total Cost": 1.25, "Plan Rows": 25, "Plan Width": 30, "Actual Startup Time": 0.014, "Actual Total Time": 0.02, "Actual Rows": 25, "Actual Loops": 1}]}]}]}]}, "Triggers": [], "Planner Runtime": 5, "Total Runtime": 7359.233, "Unique SQL Id": 3681808042}}, "(16, 67)": {"explain_plan": {"Plan": {"Node Type": "Sort", "Startup Cost": 66661878.45, "Total Cost": 66661878.48, "Plan Rows": 10, "Plan Width": 66, "Sort Key": ["(date_part('year'::text, orders.o_orderdate))"], "Plans": [{"Node Type": "Aggregate", "Strategy": "Hashed", "Parent Relationship": "Outer", "Startup Cost": 66661878.14, "Total Cost": 66661878.29, "Plan Rows": 10, "Plan Width": 66, "Group By Key": ["date_part('year'::text, orders.o_orderdate)"], "Plans": [{"Node Type": "Nested Loop", "Parent Relationship": "Outer", "Join Type": "Inner", "Startup Cost": 115915.31, "Total Cost": 66661758.32, "Plan Rows": 5991, "Plan Width": 50, "Inner Unique": true, "Plans": [{"Node Type": "Nested Loop", "Parent Relationship": "Outer", "Join Type": "Inner", "Startup Cost": 115915.05, "Total Cost": 66636099.88, "Plan Rows": 5991, "Plan Width": 28, "Inner Unique": true, "Plans": [{"Node Type": "Nested Loop", "Parent Relationship": "Outer", "Join Type": "Inner", "Startup Cost": 115914.79, "Total Cost": 66562068.23, "Plan Rows": 17296, "Plan Width": 32, "Inner Unique": true, "Plans": [{"Node Type": "Nested Loop", "Parent Relationship": "Outer", "Join Type": "Inner", "Startup Cost": 115914.53, "Total Cost": 45938880.46, "Plan Rows": 4814867, "Plan Width": 40, "Inner Unique": false, "Plans": [{"Node Type": "Nested Loop", "Parent Relationship": "Outer", "Join Type": "Inner", "Startup Cost": 115914.01, "Total Cost": 43432501.27, "Plan Rows": 530296, "Plan Width": 16, "Inner Unique": true, "Plans": [{"Node Type": "Nested Loop", "Parent Relationship": "Outer", "Join Type": "Inner", "Startup Cost": 115913.43, "Total Cost": 31228406.3, "Plan Rows": 2651479, "Plan Width": 20, "Inner Unique": true, "Plans": [{"Node Type": "Nested Loop", "Parent Relationship": "Outer", "Join Type": "Inner", "Startup Cost": 115913.17, "Total Cost": 19879399.17, "Plan Rows": 2651479, "Plan Width": 20, "Inner Unique": true, "Plans": [{"Node Type": "Bitmap Heap Scan", "Parent Relationship": "Outer", "Relation Name": "orders", "Alias": "orders", "Startup Cost": 115912.91, "Total Cost": 460311.42, "Plan Rows": 4531967, "Plan Width": 24, "Recheck Cond": "((o_orderdate >= '1995-01-01 00:00:00'::timestamp(0) without time zone) AND (o_orderdate <= '1996-12-31 00:00:00'::timestamp(0) without time zone)), (LLVM Optimized)", "Plans": [{"Node Type": "Bitmap Index Scan", "Parent Relationship": "Outer", "Index Name": "idx_orders_orderdate", "Startup Cost": 0.0, "Total Cost": 114779.92, "Plan Rows": 4531967, "Plan Width": 0, "Index Cond": "((o_orderdate >= '1995-01-01 00:00:00'::timestamp(0) without time zone) AND (o_orderdate <= '1996-12-31 00:00:00'::timestamp(0) without time zone))"}]}, {"Node Type": "Bitmap Heap Scan", "Parent Relationship": "Inner", "Relation Name": "customer", "Alias": "customer", "Startup Cost": 0.26, "Total Cost": 4.27, "Plan Rows": 1, "Plan Width": 12, "Recheck Cond": "(c_custkey = orders.o_custkey)", "Plans": [{"Node Type": "Bitmap Index Scan", "Parent Relationship": "Outer", "Index Name": "customer_pkey", "Startup Cost": 0.0, "Total Cost": 0.26, "Plan Rows": 1, "Plan Width": 0, "Index Cond": "(c_custkey = orders.o_custkey)"}]}]}, {"Node Type": "Bitmap Heap Scan", "Parent Relationship": "Inner", "Relation Name": "nation", "Alias": "n1", "Startup Cost": 0.26, "Total Cost": 4.27, "Plan Rows": 1, "Plan Width": 8, "Recheck Cond": "(n_nationkey = customer.c_nationkey)", "Plans": [{"Node Type": "Bitmap Index Scan", "Parent Relationship": "Outer", "Index Name": "nation_pkey", "Startup Cost": 0.0, "Total Cost": 0.26, "Plan Rows": 1, "Plan Width": 0, "Index Cond": "(n_nationkey = customer.c_nationkey)"}]}]}, {"Node Type": "Bitmap Heap Scan", "Parent Relationship": "Inner", "Relation Name": "region", "Alias": "region", "Startup Cost": 0.58, "Total Cost": 4.59, "Plan Rows": 1, "Plan Width": 4, "Recheck Cond": "(r_regionkey = n1.n_regionkey)", "Filter": "(r_name = 'ASIA'::bpchar)", "Plans": [{"Node Type": "Bitmap Index Scan", "Parent Relationship": "Outer", "Index Name": "region_pkey", "Startup Cost": 0.0, "Total Cost": 0.58, "Plan Rows": 1, "Plan Width": 0, "Index Cond": "(r_regionkey = n1.n_regionkey)"}]}]}, {"Node Type": "Bitmap Heap Scan", "Parent Relationship": "Inner", "Relation Name": "lineitem", "Alias": "lineitem", "Startup Cost": 0.52, "Total Cost": 4.64, "Plan Rows": 9, "Plan Width": 40, "Recheck Cond": "(l_orderkey = orders.o_orderkey)", "Plans": [{"Node Type": "Bitmap Index Scan", "Parent Relationship": "Outer", "Index Name": "idx_lineitem_orderkey", "Startup Cost": 0.0, "Total Cost": 0.52, "Plan Rows": 9, "Plan Width": 0, "Index Cond": "(l_orderkey = orders.o_orderkey)"}]}]}, {"Node Type": "Bitmap Heap Scan", "Parent Relationship": "Inner", "Relation Name": "part", "Alias": "part", "Startup Cost": 0.26, "Total Cost": 4.27, "Plan Rows": 1, "Plan Width": 8, "Recheck Cond": "(p_partkey = lineitem.l_partkey)", "Filter": "((p_type)::text = 'SMALL PLATED COPPER'::text)", "Plans": [{"Node Type": "Bitmap Index Scan", "Parent Relationship": "Outer", "Index Name": "part_kpey", "Startup Cost": 0.0, "Total Cost": 0.26, "Plan Rows": 1, "Plan Width": 0, "Index Cond": "(p_partkey = lineitem.l_partkey)"}]}]}, {"Node Type": "Bitmap Heap Scan", "Parent Relationship": "Inner", "Relation Name": "supplier", "Alias": "supplier", "Startup Cost": 0.26, "Total Cost": 4.27, "Plan Rows": 1, "Plan Width": 12, "Recheck Cond": "(s_suppkey = lineitem.l_suppkey)", "Plans": [{"Node Type": "Bitmap Index Scan", "Parent Relationship": "Outer", "Index Name": "supplier_pkey", "Startup Cost": 0.0, "Total Cost": 0.26, "Plan Rows": 1, "Plan Width": 0, "Index Cond": "(s_suppkey = lineitem.l_suppkey)"}]}]}, {"Node Type": "Bitmap Heap Scan", "Parent Relationship": "Inner", "Relation Name": "nation", "Alias": "n2", "Startup Cost": 0.26, "Total Cost": 4.27, "Plan Rows": 1, "Plan Width": 30, "Recheck Cond": "(n_nationkey = supplier.s_nationkey)", "Plans": [{"Node Type": "Bitmap Index Scan", "Parent Relationship": "Outer", "Index Name": "nation_pkey", "Startup Cost": 0.0, "Total Cost": 0.26, "Plan Rows": 1, "Plan Width": 0, "Index Cond": "(n_nationkey = supplier.s_nationkey)"}]}]}]}]}, "Unique SQL Id": 3681808042, "Planner Runtime": 5}, "explain_analyze_plan": null}, "(16, 68)": {"explain_plan": {"Plan": {"Node Type": "Sort", "Startup Cost": 486022.68, "Total Cost": 486022.71, "Plan Rows": 10, "Plan Width": 66, "Sort Key": ["(date_part('year'::text, orders.o_orderdate))"], "Plans": [{"Node Type": "Aggregate", "Strategy": "Hashed", "Parent Relationship": "Outer", "Startup Cost": 486022.37, "Total Cost": 486022.52, "Plan Rows": 10, "Plan Width": 66, "Group By Key": ["date_part('year'::text, orders.o_orderdate)"], "Plans": [{"Node Type": "Hash Join", "Parent Relationship": "Outer", "Join Type": "Inner", "Startup Cost": 4537.06, "Total Cost": 485902.55, "Plan Rows": 5991, "Plan Width": 50, "Inner Unique": true, "Hash Cond": "(supplier.s_nationkey = n2.n_nationkey)", "Plans": [{"Node Type": "Hash Join", "Parent Relationship": "Outer", "Join Type": "Inner", "Startup Cost": 4535.5, "Total Cost": 485803.63, "Plan Rows": 5991, "Plan Width": 28, "Inner Unique": false, "Hash Cond": "(customer.c_nationkey = n1.n_nationkey)", "Plans": [{"Node Type": "Nested Loop", "Parent Relationship": "Outer", "Join Type": "Inner", "Startup Cost": 4533.0, "Total Cost": 485661.65, "Plan Rows": 29954, "Plan Width": 32, "Inner Unique": true, "Plans": [{"Node Type": "Hash Join", "Parent Relationship": "Outer", "Join Type": "Inner", "Startup Cost": 4533.0, "Total Cost": 469409.78, "Plan Rows": 51198, "Plan Width": 36, "Inner Unique": true, "Hash Cond": "(lineitem.l_suppkey = supplier.s_suppkey)", "Plans": [{"Node Type": "Nested Loop", "Parent Relationship": "Outer", "Join Type": "Inner", "Startup Cost": 0.0, "Total Cost": 464497.44, "Plan Rows": 86479, "Plan Width": 40, "Inner Unique": true, "Plans": [{"Node Type": "Nested Loop", "Parent Relationship": "Outer", "Join Type": "Inner", "Startup Cost": 0.0, "Total Cost": 441564.57, "Plan Rows": 74637, "Plan Width": 32, "Inner Unique": false, "Plans": [{"Node Type": "Seq Scan", "Parent Relationship": "Outer", "Relation Name": "part", "Alias": "part", "Startup Cost": 0.0, "Total Cost": 66944.0, "Plan Rows": 13538, "Plan Width": 8, "Filter": "((p_type)::text = 'SMALL PLATED COPPER'::text)"}, {"Node Type": "Index Scan", "Parent Relationship": "Inner", "Scan Direction": "Forward", "Index Name": "idx_lineitem_part_supp", "Relation Name": "lineitem", "Alias": "lineitem", "Startup Cost": 0.0, "Total Cost": 27.61, "Plan Rows": 6, "Plan Width": 40, "Index Cond": "(l_partkey = part.p_partkey)"}]}, {"Node Type": "Index Scan", "Parent Relationship": "Inner", "Scan Direction": "Forward", "Index Name": "orders_pkey", "Relation Name": "orders", "Alias": "orders", "Startup Cost": 0.0, "Total Cost": 0.3, "Plan Rows": 1, "Plan Width": 24, "Index Cond": "(o_orderkey = lineitem.l_orderkey)", "Filter": "((o_orderdate >= '1995-01-01 00:00:00'::timestamp(0) without time zone) AND (o_orderdate <= '1996-12-31 00:00:00'::timestamp(0) without time zone))"}]}, {"Node Type": "Hash", "Parent Relationship": "Inner", "Startup Cost": 3283.0, "Total Cost": 3283.0, "Plan Rows": 100000, "Plan Width": 12, "Plans": [{"Node Type": "Seq Scan", "Parent Relationship": "Outer", "Relation Name": "supplier", "Alias": "supplier", "Startup Cost": 0.0, "Total Cost": 3283.0, "Plan Rows": 100000, "Plan Width": 12}]}]}, {"Node Type": "Index Scan", "Parent Relationship": "Inner", "Scan Direction": "Forward", "Index Name": "customer_pkey", "Relation Name": "customer", "Alias": "customer", "Startup Cost": 0.0, "Total Cost": 0.31, "Plan Rows": 1, "Plan Width": 12, "Index Cond": "(c_custkey = orders.o_custkey)"}]}, {"Node Type": "Hash", "Parent Relationship": "Inner", "Startup Cost": 2.44, "Total Cost": 2.44, "Plan Rows": 5, "Plan Width": 4, "Plans": [{"Node Type": "Hash Join", "Parent Relationship": "Outer", "Join Type": "Inner", "Startup Cost": 1.07, "Total Cost": 2.44, "Plan Rows": 5, "Plan Width": 4, "Inner Unique": true, "Hash Cond": "(n1.n_regionkey = region.r_regionkey)", "Plans": [{"Node Type": "Seq Scan", "Parent Relationship": "Outer", "Relation Name": "nation", "Alias": "n1", "Startup Cost": 0.0, "Total Cost": 1.25, "Plan Rows": 25, "Plan Width": 8}, {"Node Type": "Hash", "Parent Relationship": "Inner", "Startup Cost": 1.06, "Total Cost": 1.06, "Plan Rows": 1, "Plan Width": 4, "Plans": [{"Node Type": "Seq Scan", "Parent Relationship": "Outer", "Relation Name": "region", "Alias": "region", "Startup Cost": 0.0, "Total Cost": 1.06, "Plan Rows": 1, "Plan Width": 4, "Filter": "(r_name = 'ASIA'::bpchar)"}]}]}]}]}, {"Node Type": "Hash", "Parent Relationship": "Inner", "Startup Cost": 1.25, "Total Cost": 1.25, "Plan Rows": 25, "Plan Width": 30, "Plans": [{"Node Type": "Seq Scan", "Parent Relationship": "Outer", "Relation Name": "nation", "Alias": "n2", "Startup Cost": 0.0, "Total Cost": 1.25, "Plan Rows": 25, "Plan Width": 30}]}]}]}]}, "Unique SQL Id": 3681808042, "Planner Runtime": 7}, "explain_analyze_plan": {"Plan": {"Node Type": "Sort", "Startup Cost": 486022.68, "Total Cost": 486022.71, "Plan Rows": 10, "Plan Width": 66, "Actual Startup Time": 6590.092, "Actual Total Time": 6590.092, "Actual Rows": 2, "Actual Loops": 1, "Sort Key": ["(date_part('year'::text, orders.o_orderdate))"], "Sort Method": "quicksort", "Sort Space Used": 25, "Sort Space Type": "Memory", "Plans": [{"Node Type": "Aggregate", "Strategy": "Hashed", "Parent Relationship": "Outer", "Startup Cost": 486022.37, "Total Cost": 486022.52, "Plan Rows": 10, "Plan Width": 66, "Actual Startup Time": 6590.073, "Actual Total Time": 6590.074, "Actual Rows": 2, "Actual Loops": 1, "Group By Key": ["date_part('year'::text, orders.o_orderdate)"], "Plans": [{"Node Type": "Hash Join", "Parent Relationship": "Outer", "Join Type": "Inner", "Startup Cost": 4537.06, "Total Cost": 485902.55, "Plan Rows": 5991, "Plan Width": 50, "Actual Startup Time": 66.803, "Actual Total Time": 6553.248, "Actual Rows": 23929, "Actual Loops": 1, "Inner Unique": true, "Hash Cond": "(supplier.s_nationkey = n2.n_nationkey)", "Plans": [{"Node Type": "Hash Join", "Parent Relationship": "Outer", "Join Type": "Inner", "Startup Cost": 4535.5, "Total Cost": 485803.63, "Plan Rows": 5991, "Plan Width": 28, "Actual Startup Time": 66.711, "Actual Total Time": 6520.183, "Actual Rows": 23929, "Actual Loops": 1, "Inner Unique": false, "Hash Cond": "(customer.c_nationkey = n1.n_nationkey)", "Plans": [{"Node Type": "Nested Loop", "Parent Relationship": "Outer", "Join Type": "Inner", "Startup Cost": 4533.0, "Total Cost": 485661.65, "Plan Rows": 29954, "Plan Width": 32, "Actual Startup Time": 66.389, "Actual Total Time": 6481.607, "Actual Rows": 119765, "Actual Loops": 1, "Inner Unique": true, "Plans": [{"Node Type": "Hash Join", "Parent Relationship": "Outer", "Join Type": "Inner", "Startup Cost": 4533.0, "Total Cost": 469409.78, "Plan Rows": 51198, "Plan Width": 36, "Actual Startup Time": 66.354, "Actual Total Time": 5548.261, "Actual Rows": 119765, "Actual Loops": 1, "Inner Unique": true, "Hash Cond": "(lineitem.l_suppkey = supplier.s_suppkey)", "Plans": [{"Node Type": "Nested Loop", "Parent Relationship": "Outer", "Join Type": "Inner", "Startup Cost": 0.0, "Total Cost": 464497.44, "Plan Rows": 86479, "Plan Width": 40, "Actual Startup Time": 0.187, "Actual Total Time": 5396.366, "Actual Rows": 119765, "Actual Loops": 1, "Inner Unique": true, "Plans": [{"Node Type": "Nested Loop", "Parent Relationship": "Outer", "Join Type": "Inner", "Startup Cost": 0.0, "Total Cost": 441564.57, "Plan Rows": 74637, "Plan Width": 32, "Actual Startup Time": 0.036, "Actual Total Time": 2002.849, "Actual Rows": 395341, "Actual Loops": 1, "Inner Unique": false, "Plans": [{"Node Type": "Seq Scan", "Parent Relationship": "Outer", "Relation Name": "part", "Alias": "part", "Startup Cost": 0.0, "Total Cost": 66944.0, "Plan Rows": 13538, "Plan Width": 8, "Actual Startup Time": 0.015, "Actual Total Time": 768.176, "Actual Rows": 13163, "Actual Loops": 1, "Filter": "((p_type)::text = 'SMALL PLATED COPPER'::text)", "Rows Removed by Filter": 1986837}, {"Node Type": "Index Scan", "Parent Relationship": "Inner", "Scan Direction": "Forward", "Index Name": "idx_lineitem_part_supp", "Relation Name": "lineitem", "Alias": "lineitem", "Startup Cost": 0.0, "Total Cost": 27.61, "Plan Rows": 6, "Plan Width": 40, "Actual Startup Time": 153.5, "Actual Total Time": 1124.19, "Actual Rows": 395341, "Actual Loops": 13163, "Index Cond": "(l_partkey = part.p_partkey)", "Rows Removed by Index Recheck": 0}]}, {"Node Type": "Index Scan", "Parent Relationship": "Inner", "Scan Direction": "Forward", "Index Name": "orders_pkey", "Relation Name": "orders", "Alias": "orders", "Startup Cost": 0.0, "Total Cost": 0.3, "Plan Rows": 1, "Plan Width": 24, "Actual Startup Time": 3157.377, "Actual Total Time": 3157.377, "Actual Rows": 119765, "Actual Loops": 395341, "Index Cond": "(o_orderkey = lineitem.l_orderkey)", "Rows Removed by Index Recheck": 0, "Filter": "((o_orderdate >= '1995-01-01 00:00:00'::timestamp(0) without time zone) AND (o_orderdate <= '1996-12-31 00:00:00'::timestamp(0) without time zone))", "Rows Removed by Filter": 275576}]}, {"Node Type": "Hash", "Parent Relationship": "Inner", "Startup Cost": 3283.0, "Total Cost": 3283.0, "Plan Rows": 100000, "Plan Width": 12, "Actual Startup Time": 66.061, "Actual Total Time": 66.061, "Actual Rows": 100000, "Actual Loops": 1, "Hash Buckets": 131072, "Hash Batches": 1, "Original Hash Batches": 1, "Peak Memory Usage": 4297, "Plans": [{"Node Type": "Seq Scan", "Parent Relationship": "Outer", "Relation Name": "supplier", "Alias": "supplier", "Startup Cost": 0.0, "Total Cost": 3283.0, "Plan Rows": 100000, "Plan Width": 12, "Actual Startup Time": 0.015, "Actual Total Time": 39.607, "Actual Rows": 100000, "Actual Loops": 1}]}]}, {"Node Type": "Index Scan", "Parent Relationship": "Inner", "Scan Direction": "Forward", "Index Name": "customer_pkey", "Relation Name": "customer", "Alias": "customer", "Startup Cost": 0.0, "Total Cost": 0.31, "Plan Rows": 1, "Plan Width": 12, "Actual Startup Time": 825.415, "Actual Total Time": 825.415, "Actual Rows": 119765, "Actual Loops": 119765, "Index Cond": "(c_custkey = orders.o_custkey)", "Rows Removed by Index Recheck": 0}]}, {"Node Type": "Hash", "Parent Relationship": "Inner", "Startup Cost": 2.44, "Total Cost": 2.44, "Plan Rows": 5, "Plan Width": 4, "Actual Startup Time": 0.074, "Actual Total Time": 0.074, "Actual Rows": 5, "Actual Loops": 1, "Hash Buckets": 32768, "Hash Batches": 1, "Original Hash Batches": 1, "Peak Memory Usage": 1, "Plans": [{"Node Type": "Hash Join", "Parent Relationship": "Outer", "Join Type": "Inner", "Startup Cost": 1.07, "Total Cost": 2.44, "Plan Rows": 5, "Plan Width": 4, "Actual Startup Time": 0.06, "Actual Total Time": 0.068, "Actual Rows": 5, "Actual Loops": 1, "Inner Unique": true, "Hash Cond": "(n1.n_regionkey = region.r_regionkey)", "Plans": [{"Node Type": "Seq Scan", "Parent Relationship": "Outer", "Relation Name": "nation", "Alias": "n1", "Startup Cost": 0.0, "Total Cost": 1.25, "Plan Rows": 25, "Plan Width": 8, "Actual Startup Time": 0.011, "Actual Total Time": 0.015, "Actual Rows": 25, "Actual Loops": 1}, {"Node Type": "Hash", "Parent Relationship": "Inner", "Startup Cost": 1.06, "Total Cost": 1.06, "Plan Rows": 1, "Plan Width": 4, "Actual Startup Time": 0.013, "Actual Total Time": 0.013, "Actual Rows": 1, "Actual Loops": 1, "Hash Buckets": 32768, "Hash Batches": 1, "Original Hash Batches": 1, "Peak Memory Usage": 1, "Plans": [{"Node Type": "Seq Scan", "Parent Relationship": "Outer", "Relation Name": "region", "Alias": "region", "Startup Cost": 0.0, "Total Cost": 1.06, "Plan Rows": 1, "Plan Width": 4, "Actual Startup Time": 0.011, "Actual Total Time": 0.012, "Actual Rows": 1, "Actual Loops": 1, "Filter": "(r_name = 'ASIA'::bpchar)", "Rows Removed by Filter": 4}]}]}]}]}, {"Node Type": "Hash", "Parent Relationship": "Inner", "Startup Cost": 1.25, "Total Cost": 1.25, "Plan Rows": 25, "Plan Width": 30, "Actual Startup Time": 0.04, "Actual Total Time": 0.04, "Actual Rows": 25, "Actual Loops": 1, "Hash Buckets": 32768, "Hash Batches": 1, "Original Hash Batches": 1, "Peak Memory Usage": 2, "Plans": [{"Node Type": "Seq Scan", "Parent Relationship": "Outer", "Relation Name": "nation", "Alias": "n2", "Startup Cost": 0.0, "Total Cost": 1.25, "Plan Rows": 25, "Plan Width": 30, "Actual Startup Time": 0.016, "Actual Total Time": 0.023, "Actual Rows": 25, "Actual Loops": 1}]}]}]}]}, "Triggers": [], "Planner Runtime": 5, "Total Runtime": 6590.535, "Unique SQL Id": 3681808042}}, "(16, 69)": {"explain_plan": {"Plan": {"Node Type": "Sort", "Startup Cost": 526963.15, "Total Cost": 526963.18, "Plan Rows": 10, "Plan Width": 66, "Sort Key": ["(date_part('year'::text, orders.o_orderdate))"], "Plans": [{"Node Type": "Aggregate", "Strategy": "Hashed", "Parent Relationship": "Outer", "Startup Cost": 526962.83, "Total Cost": 526962.98, "Plan Rows": 10, "Plan Width": 66, "Group By Key": ["date_part('year'::text, orders.o_orderdate)"], "Plans": [{"Node Type": "Hash Join", "Parent Relationship": "Outer", "Join Type": "Inner", "Startup Cost": 6618.28, "Total Cost": 526843.01, "Plan Rows": 5991, "Plan Width": 50, "Inner Unique": true, "Hash Cond": "(supplier.s_nationkey = n2.n_nationkey)", "Plans": [{"Node Type": "Hash Join", "Parent Relationship": "Outer", "Join Type": "Inner", "Startup Cost": 6605.34, "Total Cost": 526732.72, "Plan Rows": 5991, "Plan Width": 28, "Inner Unique": false, "Hash Cond": "(customer.c_nationkey = n1.n_nationkey)", "Plans": [{"Node Type": "Nested Loop", "Parent Relationship": "Outer", "Join Type": "Inner", "Startup Cost": 6584.54, "Total Cost": 526572.45, "Plan Rows": 29954, "Plan Width": 32, "Inner Unique": true, "Plans": [{"Node Type": "Hash Join", "Parent Relationship": "Outer", "Join Type": "Inner", "Startup Cost": 6584.54, "Total Cost": 510320.57, "Plan Rows": 51198, "Plan Width": 36, "Inner Unique": true, "Hash Cond": "(lineitem.l_suppkey = supplier.s_suppkey)", "Plans": [{"Node Type": "Nested Loop", "Parent Relationship": "Outer", "Join Type": "Inner", "Startup Cost": 0.0, "Total Cost": 503356.69, "Plan Rows": 86479, "Plan Width": 40, "Inner Unique": true, "Plans": [{"Node Type": "Nested Loop", "Parent Relationship": "Outer", "Join Type": "Inner", "Startup Cost": 0.0, "Total Cost": 480423.82, "Plan Rows": 74637, "Plan Width": 32, "Inner Unique": false, "Plans": [{"Node Type": "Index Scan", "Parent Relationship": "Outer", "Scan Direction": "Forward", "Index Name": "part_kpey", "Relation Name": "part", "Alias": "part", "Startup Cost": 0.0, "Total Cost": 105803.25, "Plan Rows": 13538, "Plan Width": 8, "Filter": "((p_type)::text = 'SMALL PLATED COPPER'::text)"}, {"Node Type": "Index Scan", "Parent Relationship": "Inner", "Scan Direction": "Forward", "Index Name": "idx_lineitem_part_supp", "Relation Name": "lineitem", "Alias": "lineitem", "Startup Cost": 0.0, "Total Cost": 27.61, "Plan Rows": 6, "Plan Width": 40, "Index Cond": "(l_partkey = part.p_partkey)"}]}, {"Node Type": "Index Scan", "Parent Relationship": "Inner", "Scan Direction": "Forward", "Index Name": "orders_pkey", "Relation Name": "orders", "Alias": "orders", "Startup Cost": 0.0, "Total Cost": 0.3, "Plan Rows": 1, "Plan Width": 24, "Index Cond": "(o_orderkey = lineitem.l_orderkey)", "Filter": "((o_orderdate >= '1995-01-01 00:00:00'::timestamp(0) without time zone) AND (o_orderdate <= '1996-12-31 00:00:00'::timestamp(0) without time zone))"}]}, {"Node Type": "Hash", "Parent Relationship": "Inner", "Startup Cost": 5334.54, "Total Cost": 5334.54, "Plan Rows": 100000, "Plan Width": 12, "Plans": [{"Node Type": "Index Scan", "Parent Relationship": "Outer", "Scan Direction": "Forward", "Index Name": "supplier_pkey", "Relation Name": "supplier", "Alias": "supplier", "Startup Cost": 0.0, "Total Cost": 5334.54, "Plan Rows": 100000, "Plan Width": 12}]}]}, {"Node Type": "Index Scan", "Parent Relationship": "Inner", "Scan Direction": "Forward", "Index Name": "customer_pkey", "Relation Name": "customer", "Alias": "customer", "Startup Cost": 0.0, "Total Cost": 0.31, "Plan Rows": 1, "Plan Width": 12, "Index Cond": "(c_custkey = orders.o_custkey)"}]}, {"Node Type": "Hash", "Parent Relationship": "Inner", "Startup Cost": 20.74, "Total Cost": 20.74, "Plan Rows": 5, "Plan Width": 4, "Plans": [{"Node Type": "Nested Loop", "Parent Relationship": "Outer", "Join Type": "Inner", "Startup Cost": 0.0, "Total Cost": 20.74, "Plan Rows": 5, "Plan Width": 4, "Inner Unique": false, "Plans": [{"Node Type": "Index Scan", "Parent Relationship": "Outer", "Scan Direction": "Forward", "Index Name": "region_pkey", "Relation Name": "region", "Alias": "region", "Startup Cost": 0.0, "Total Cost": 12.34, "Plan Rows": 1, "Plan Width": 4, "Filter": "(r_name = 'ASIA'::bpchar)"}, {"Node Type": "Index Scan", "Parent Relationship": "Inner", "Scan Direction": "Forward", "Index Name": "idx_nation_regionkey", "Relation Name": "nation", "Alias": "n1", "Startup Cost": 0.0, "Total Cost": 8.35, "Plan Rows": 5, "Plan Width": 8, "Index Cond": "(n_regionkey = region.r_regionkey)"}]}]}]}, {"Node Type": "Hash", "Parent Relationship": "Inner", "Startup Cost": 12.62, "Total Cost": 12.62, "Plan Rows": 25, "Plan Width": 30, "Plans": [{"Node Type": "Index Scan", "Parent Relationship": "Outer", "Scan Direction": "Forward", "Index Name": "nation_pkey", "Relation Name": "nation", "Alias": "n2", "Startup Cost": 0.0, "Total Cost": 12.62, "Plan Rows": 25, "Plan Width": 30}]}]}]}]}, "Unique SQL Id": 3681808042, "Planner Runtime": 7}, "explain_analyze_plan": {"Plan": {"Node Type": "Sort", "Startup Cost": 526963.15, "Total Cost": 526963.18, "Plan Rows": 10, "Plan Width": 66, "Actual Startup Time": 7259.118, "Actual Total Time": 7259.118, "Actual Rows": 2, "Actual Loops": 1, "Sort Key": ["(date_part('year'::text, orders.o_orderdate))"], "Sort Method": "quicksort", "Sort Space Used": 25, "Sort Space Type": "Memory", "Plans": [{"Node Type": "Aggregate", "Strategy": "Hashed", "Parent Relationship": "Outer", "Startup Cost": 526962.83, "Total Cost": 526962.98, "Plan Rows": 10, "Plan Width": 66, "Actual Startup Time": 7259.099, "Actual Total Time": 7259.101, "Actual Rows": 2, "Actual Loops": 1, "Group By Key": ["date_part('year'::text, orders.o_orderdate)"], "Plans": [{"Node Type": "Hash Join", "Parent Relationship": "Outer", "Join Type": "Inner", "Startup Cost": 6618.28, "Total Cost": 526843.01, "Plan Rows": 5991, "Plan Width": 50, "Actual Startup Time": 103.776, "Actual Total Time": 7221.88, "Actual Rows": 23929, "Actual Loops": 1, "Inner Unique": true, "Hash Cond": "(supplier.s_nationkey = n2.n_nationkey)", "Plans": [{"Node Type": "Hash Join", "Parent Relationship": "Outer", "Join Type": "Inner", "Startup Cost": 6605.34, "Total Cost": 526732.72, "Plan Rows": 5991, "Plan Width": 28, "Actual Startup Time": 103.672, "Actual Total Time": 7187.912, "Actual Rows": 23929, "Actual Loops": 1, "Inner Unique": false, "Hash Cond": "(customer.c_nationkey = n1.n_nationkey)", "Plans": [{"Node Type": "Nested Loop", "Parent Relationship": "Outer", "Join Type": "Inner", "Startup Cost": 6584.54, "Total Cost": 526572.45, "Plan Rows": 29954, "Plan Width": 32, "Actual Startup Time": 103.406, "Actual Total Time": 7150.2, "Actual Rows": 119765, "Actual Loops": 1, "Inner Unique": true, "Plans": [{"Node Type": "Hash Join", "Parent Relationship": "Outer", "Join Type": "Inner", "Startup Cost": 6584.54, "Total Cost": 510320.57, "Plan Rows": 51198, "Plan Width": 36, "Actual Startup Time": 103.376, "Actual Total Time": 6218.905, "Actual Rows": 119765, "Actual Loops": 1, "Inner Unique": true, "Hash Cond": "(lineitem.l_suppkey = supplier.s_suppkey)", "Plans": [{"Node Type": "Nested Loop", "Parent Relationship": "Outer", "Join Type": "Inner", "Startup Cost": 0.0, "Total Cost": 503356.69, "Plan Rows": 86479, "Plan Width": 40, "Actual Startup Time": 0.145, "Actual Total Time": 6033.436, "Actual Rows": 119765, "Actual Loops": 1, "Inner Unique": true, "Plans": [{"Node Type": "Nested Loop", "Parent Relationship": "Outer", "Join Type": "Inner", "Startup Cost": 0.0, "Total Cost": 480423.82, "Plan Rows": 74637, "Plan Width": 32, "Actual Startup Time": 0.038, "Actual Total Time": 2610.331, "Actual Rows": 395341, "Actual Loops": 1, "Inner Unique": false, "Plans": [{"Node Type": "Index Scan", "Parent Relationship": "Outer", "Scan Direction": "Forward", "Index Name": "part_kpey", "Relation Name": "part", "Alias": "part", "Startup Cost": 0.0, "Total Cost": 105803.25, "Plan Rows": 13538, "Plan Width": 8, "Actual Startup Time": 0.024, "Actual Total Time": 1364.05, "Actual Rows": 13163, "Actual Loops": 1, "Filter": "((p_type)::text = 'SMALL PLATED COPPER'::text)", "Rows Removed by Filter": 1986837}, {"Node Type": "Index Scan", "Parent Relationship": "Inner", "Scan Direction": "Forward", "Index Name": "idx_lineitem_part_supp", "Relation Name": "lineitem", "Alias": "lineitem", "Startup Cost": 0.0, "Total Cost": 27.61, "Plan Rows": 6, "Plan Width": 40, "Actual Startup Time": 160.318, "Actual Total Time": 1143.093, "Actual Rows": 395341, "Actual Loops": 13163, "Index Cond": "(l_partkey = part.p_partkey)", "Rows Removed by Index Recheck": 0}]}, {"Node Type": "Index Scan", "Parent Relationship": "Inner", "Scan Direction": "Forward", "Index Name": "orders_pkey", "Relation Name": "orders", "Alias": "orders", "Startup Cost": 0.0, "Total Cost": 0.3, "Plan Rows": 1, "Plan Width": 24, "Actual Startup Time": 3189.021, "Actual Total Time": 3189.021, "Actual Rows": 119765, "Actual Loops": 395341, "Index Cond": "(o_orderkey = lineitem.l_orderkey)", "Rows Removed by Index Recheck": 0, "Filter": "((o_orderdate >= '1995-01-01 00:00:00'::timestamp(0) without time zone) AND (o_orderdate <= '1996-12-31 00:00:00'::timestamp(0) without time zone))", "Rows Removed by Filter": 275576}]}, {"Node Type": "Hash", "Parent Relationship": "Inner", "Startup Cost": 5334.54, "Total Cost": 5334.54, "Plan Rows": 100000, "Plan Width": 12, "Actual Startup Time": 103.046, "Actual Total Time": 103.046, "Actual Rows": 100000, "Actual Loops": 1, "Hash Buckets": 131072, "Hash Batches": 1, "Original Hash Batches": 1, "Peak Memory Usage": 4297, "Plans": [{"Node Type": "Index Scan", "Parent Relationship": "Outer", "Scan Direction": "Forward", "Index Name": "supplier_pkey", "Relation Name": "supplier", "Alias": "supplier", "Startup Cost": 0.0, "Total Cost": 5334.54, "Plan Rows": 100000, "Plan Width": 12, "Actual Startup Time": 0.019, "Actual Total Time": 74.651, "Actual Rows": 100000, "Actual Loops": 1}]}]}, {"Node Type": "Index Scan", "Parent Relationship": "Inner", "Scan Direction": "Forward", "Index Name": "customer_pkey", "Relation Name": "customer", "Alias": "customer", "Startup Cost": 0.0, "Total Cost": 0.31, "Plan Rows": 1, "Plan Width": 12, "Actual Startup Time": 819.21, "Actual Total Time": 819.21, "Actual Rows": 119765, "Actual Loops": 119765, "Index Cond": "(c_custkey = orders.o_custkey)", "Rows Removed by Index Recheck": 0}]}, {"Node Type": "Hash", "Parent Relationship": "Inner", "Startup Cost": 20.74, "Total Cost": 20.74, "Plan Rows": 5, "Plan Width": 4, "Actual Startup Time": 0.027, "Actual Total Time": 0.027, "Actual Rows": 5, "Actual Loops": 1, "Hash Buckets": 32768, "Hash Batches": 1, "Original Hash Batches": 1, "Peak Memory Usage": 1, "Plans": [{"Node Type": "Nested Loop", "Parent Relationship": "Outer", "Join Type": "Inner", "Startup Cost": 0.0, "Total Cost": 20.74, "Plan Rows": 5, "Plan Width": 4, "Actual Startup Time": 0.018, "Actual Total Time": 0.024, "Actual Rows": 5, "Actual Loops": 1, "Inner Unique": false, "Plans": [{"Node Type": "Index Scan", "Parent Relationship": "Outer", "Scan Direction": "Forward", "Index Name": "region_pkey", "Relation Name": "region", "Alias": "region", "Startup Cost": 0.0, "Total Cost": 12.34, "Plan Rows": 1, "Plan Width": 4, "Actual Startup Time": 0.009, "Actual Total Time": 0.01, "Actual Rows": 1, "Actual Loops": 1, "Filter": "(r_name = 'ASIA'::bpchar)", "Rows Removed by Filter": 4}, {"Node Type": "Index Scan", "Parent Relationship": "Inner", "Scan Direction": "Forward", "Index Name": "idx_nation_regionkey", "Relation Name": "nation", "Alias": "n1", "Startup Cost": 0.0, "Total Cost": 8.35, "Plan Rows": 5, "Plan Width": 8, "Actual Startup Time": 0.006, "Actual Total Time": 0.007, "Actual Rows": 5, "Actual Loops": 1, "Index Cond": "(n_regionkey = region.r_regionkey)", "Rows Removed by Index Recheck": 0}]}]}]}, {"Node Type": "Hash", "Parent Relationship": "Inner", "Startup Cost": 12.62, "Total Cost": 12.62, "Plan Rows": 25, "Plan Width": 30, "Actual Startup Time": 0.035, "Actual Total Time": 0.035, "Actual Rows": 25, "Actual Loops": 1, "Hash Buckets": 32768, "Hash Batches": 1, "Original Hash Batches": 1, "Peak Memory Usage": 2, "Plans": [{"Node Type": "Index Scan", "Parent Relationship": "Outer", "Scan Direction": "Forward", "Index Name": "nation_pkey", "Relation Name": "nation", "Alias": "n2", "Startup Cost": 0.0, "Total Cost": 12.62, "Plan Rows": 25, "Plan Width": 30, "Actual Startup Time": 0.009, "Actual Total Time": 0.023, "Actual Rows": 25, "Actual Loops": 1}]}]}]}]}, "Triggers": [], "Planner Runtime": 4, "Total Runtime": 7259.535, "Unique SQL Id": 3681808042}}, "(16, 70)": {"explain_plan": {"Plan": {"Node Type": "Sort", "Startup Cost": 816569.87, "Total Cost": 816569.89, "Plan Rows": 10, "Plan Width": 66, "Sort Key": ["(date_part('year'::text, orders.o_orderdate))"], "Plans": [{"Node Type": "Aggregate", "Strategy": "Hashed", "Parent Relationship": "Outer", "Startup Cost": 816569.55, "Total Cost": 816569.7, "Plan Rows": 10, "Plan Width": 66, "Group By Key": ["date_part('year'::text, orders.o_orderdate)"], "Plans": [{"Node Type": "Hash Join", "Parent Relationship": "Outer", "Join Type": "Inner", "Startup Cost": 45453.88, "Total Cost": 816449.73, "Plan Rows": 5991, "Plan Width": 50, "Inner Unique": true, "Hash Cond": "(supplier.s_nationkey = n2.n_nationkey)", "Plans": [{"Node Type": "Hash Join", "Parent Relationship": "Outer", "Join Type": "Inner", "Startup Cost": 45452.32, "Total Cost": 816350.82, "Plan Rows": 5991, "Plan Width": 28, "Inner Unique": false, "Hash Cond": "(orders.o_custkey = customer.c_custkey)", "Plans": [{"Node Type": "Hash Join", "Parent Relationship": "Outer", "Join Type": "Inner", "Startup Cost": 4537.47, "Total Cost": 775184.07, "Plan Rows": 51198, "Plan Width": 36, "Inner Unique": true, "Hash Cond": "(lineitem.l_suppkey = supplier.s_suppkey)", "Plans": [{"Node Type": "Nested Loop", "Parent Relationship": "Outer", "Join Type": "Inner", "Startup Cost": 4.47, "Total Cost": 770271.73, "Plan Rows": 86479, "Plan Width": 40, "Inner Unique": true, "Plans": [{"Node Type": "Nested Loop", "Parent Relationship": "Outer", "Join Type": "Inner", "Startup Cost": 4.21, "Total Cost": 450147.9, "Plan Rows": 74637, "Plan Width": 32, "Inner Unique": false, "Plans": [{"Node Type": "Seq Scan", "Parent Relationship": "Outer", "Relation Name": "part", "Alias": "part", "Startup Cost": 0.0, "Total Cost": 66944.0, "Plan Rows": 13538, "Plan Width": 8, "Filter": "((p_type)::text = 'SMALL PLATED COPPER'::text)"}, {"Node Type": "Bitmap Heap Scan", "Parent Relationship": "Inner", "Relation Name": "lineitem", "Alias": "lineitem", "Startup Cost": 4.21, "Total Cost": 28.25, "Plan Rows": 6, "Plan Width": 40, "Recheck Cond": "(l_partkey = part.p_partkey)", "Plans": [{"Node Type": "Bitmap Index Scan", "Parent Relationship": "Outer", "Index Name": "idx_lineitem_part_supp", "Startup Cost": 0.0, "Total Cost": 4.21, "Plan Rows": 6, "Plan Width": 0, "Index Cond": "(l_partkey = part.p_partkey)"}]}]}, {"Node Type": "Bitmap Heap Scan", "Parent Relationship": "Inner", "Relation Name": "orders", "Alias": "orders", "Startup Cost": 0.26, "Total Cost": 4.28, "Plan Rows": 1, "Plan Width": 24, "Recheck Cond": "(o_orderkey = lineitem.l_orderkey)", "Filter": "((o_orderdate >= '1995-01-01 00:00:00'::timestamp(0) without time zone) AND (o_orderdate <= '1996-12-31 00:00:00'::timestamp(0) without time zone))", "Plans": [{"Node Type": "Bitmap Index Scan", "Parent Relationship": "Outer", "Index Name": "orders_pkey", "Startup Cost": 0.0, "Total Cost": 0.26, "Plan Rows": 1, "Plan Width": 0, "Index Cond": "(o_orderkey = lineitem.l_orderkey)"}]}]}, {"Node Type": "Hash", "Parent Relationship": "Inner", "Startup Cost": 3283.0, "Total Cost": 3283.0, "Plan Rows": 100000, "Plan Width": 12, "Plans": [{"Node Type": "Seq Scan", "Parent Relationship": "Outer", "Relation Name": "supplier", "Alias": "supplier", "Startup Cost": 0.0, "Total Cost": 3283.0, "Plan Rows": 100000, "Plan Width": 12}]}]}, {"Node Type": "Hash", "Parent Relationship": "Inner", "Startup Cost": 37164.85, "Total Cost": 37164.85, "Plan Rows": 300000, "Plan Width": 8, "Plans": [{"Node Type": "Nested Loop", "Parent Relationship": "Outer", "Join Type": "Inner", "Startup Cost": 1031.44, "Total Cost": 37164.85, "Plan Rows": 300000, "Plan Width": 8, "Inner Unique": false, "Plans": [{"Node Type": "Hash Join", "Parent Relationship": "Outer", "Join Type": "Inner", "Startup Cost": 1.07, "Total Cost": 2.44, "Plan Rows": 5, "Plan Width": 4, "Inner Unique": true, "Hash Cond": "(n1.n_regionkey = region.r_regionkey)", "Plans": [{"Node Type": "Seq Scan", "Parent Relationship": "Outer", "Relation Name": "nation", "Alias": "n1", "Startup Cost": 0.0, "Total Cost": 1.25, "Plan Rows": 25, "Plan Width": 8}, {"Node Type": "Hash", "Parent Relationship": "Inner", "Startup Cost": 1.06, "Total Cost": 1.06, "Plan Rows": 1, "Plan Width": 4, "Plans": [{"Node Type": "Seq Scan", "Parent Relationship": "Outer", "Relation Name": "region", "Alias": "region", "Startup Cost": 0.0, "Total Cost": 1.06, "Plan Rows": 1, "Plan Width": 4, "Filter": "(r_name = 'ASIA'::bpchar)"}]}]}, {"Node Type": "Bitmap Heap Scan", "Parent Relationship": "Inner", "Relation Name": "customer", "Alias": "customer", "Startup Cost": 1030.37, "Total Cost": 6832.48, "Plan Rows": 60000, "Plan Width": 12, "Recheck Cond": "(c_nationkey = n1.n_nationkey)", "Plans": [{"Node Type": "Bitmap Index Scan", "Parent Relationship": "Outer", "Index Name": "idx_customer_nationkey", "Startup Cost": 0.0, "Total Cost": 1015.37, "Plan Rows": 60000, "Plan Width": 0, "Index Cond": "(c_nationkey = n1.n_nationkey)"}]}]}]}]}, {"Node Type": "Hash", "Parent Relationship": "Inner", "Startup Cost": 1.25, "Total Cost": 1.25, "Plan Rows": 25, "Plan Width": 30, "Plans": [{"Node Type": "Seq Scan", "Parent Relationship": "Outer", "Relation Name": "nation", "Alias": "n2", "Startup Cost": 0.0, "Total Cost": 1.25, "Plan Rows": 25, "Plan Width": 30}]}]}]}]}, "Unique SQL Id": 3681808042, "Planner Runtime": 8}, "explain_analyze_plan": {"Plan": {"Node Type": "Sort", "Startup Cost": 816569.87, "Total Cost": 816569.89, "Plan Rows": 10, "Plan Width": 66, "Actual Startup Time": 7358.668, "Actual Total Time": 7358.669, "Actual Rows": 2, "Actual Loops": 1, "Sort Key": ["(date_part('year'::text, orders.o_orderdate))"], "Sort Method": "quicksort", "Sort Space Used": 25, "Sort Space Type": "Memory", "Plans": [{"Node Type": "Aggregate", "Strategy": "Hashed", "Parent Relationship": "Outer", "Startup Cost": 816569.55, "Total Cost": 816569.7, "Plan Rows": 10, "Plan Width": 66, "Actual Startup Time": 7358.648, "Actual Total Time": 7358.649, "Actual Rows": 2, "Actual Loops": 1, "Group By Key": ["date_part('year'::text, orders.o_orderdate)"], "Plans": [{"Node Type": "Hash Join", "Parent Relationship": "Outer", "Join Type": "Inner", "Startup Cost": 45453.88, "Total Cost": 816449.73, "Plan Rows": 5991, "Plan Width": 50, "Actual Startup Time": 770.366, "Actual Total Time": 7318.784, "Actual Rows": 23929, "Actual Loops": 1, "Inner Unique": true, "Hash Cond": "(supplier.s_nationkey = n2.n_nationkey)", "Plans": [{"Node Type": "Hash Join", "Parent Relationship": "Outer", "Join Type": "Inner", "Startup Cost": 45452.32, "Total Cost": 816350.82, "Plan Rows": 5991, "Plan Width": 28, "Actual Startup Time": 770.253, "Actual Total Time": 7282.943, "Actual Rows": 23929, "Actual Loops": 1, "Inner Unique": false, "Hash Cond": "(orders.o_custkey = customer.c_custkey)", "Plans": [{"Node Type": "Hash Join", "Parent Relationship": "Outer", "Join Type": "Inner", "Startup Cost": 4537.47, "Total Cost": 775184.07, "Plan Rows": 51198, "Plan Width": 36, "Actual Startup Time": 66.748, "Actual Total Time": 6501.552, "Actual Rows": 119765, "Actual Loops": 1, "Inner Unique": true, "Hash Cond": "(lineitem.l_suppkey = supplier.s_suppkey)", "Plans": [{"Node Type": "Nested Loop", "Parent Relationship": "Outer", "Join Type": "Inner", "Startup Cost": 4.47, "Total Cost": 770271.73, "Plan Rows": 86479, "Plan Width": 40, "Actual Startup Time": 0.113, "Actual Total Time": 6340.536, "Actual Rows": 119765, "Actual Loops": 1, "Inner Unique": true, "Plans": [{"Node Type": "Nested Loop", "Parent Relationship": "Outer", "Join Type": "Inner", "Startup Cost": 4.21, "Total Cost": 450147.9, "Plan Rows": 74637, "Plan Width": 32, "Actual Startup Time": 0.059, "Actual Total Time": 2253.186, "Actual Rows": 395341, "Actual Loops": 1, "Inner Unique": false, "Plans": [{"Node Type": "Seq Scan", "Parent Relationship": "Outer", "Relation Name": "part", "Alias": "part", "Startup Cost": 0.0, "Total Cost": 66944.0, "Plan Rows": 13538, "Plan Width": 8, "Actual Startup Time": 0.018, "Actual Total Time": 766.111, "Actual Rows": 13163, "Actual Loops": 1, "Filter": "((p_type)::text = 'SMALL PLATED COPPER'::text)", "Rows Removed by Filter": 1986837}, {"Node Type": "Bitmap Heap Scan", "Parent Relationship": "Inner", "Relation Name": "lineitem", "Alias": "lineitem", "Startup Cost": 4.21, "Total Cost": 28.25, "Plan Rows": 6, "Plan Width": 40, "Actual Startup Time": 268.936, "Actual Total Time": 1366.26, "Actual Rows": 395341, "Actual Loops": 13163, "Recheck Cond": "(l_partkey = part.p_partkey)", "Rows Removed by Index Recheck": 0, "Exact Heap Blocks": 395337, "Lossy Heap Blocks": 395337, "Plans": [{"Node Type": "Bitmap Index Scan", "Parent Relationship": "Outer", "Index Name": "idx_lineitem_part_supp", "Startup Cost": 0.0, "Total Cost": 4.21, "Plan Rows": 6, "Plan Width": 0, "Actual Startup Time": 170.537, "Actual Total Time": 170.537, "Actual Rows": 395341, "Actual Loops": 13163, "Index Cond": "(l_partkey = part.p_partkey)"}]}]}, {"Node Type": "Bitmap Heap Scan", "Parent Relationship": "Inner", "Relation Name": "orders", "Alias": "orders", "Startup Cost": 0.26, "Total Cost": 4.28, "Plan Rows": 1, "Plan Width": 24, "Actual Startup Time": 3609.99, "Actual Total Time": 3609.99, "Actual Rows": 119765, "Actual Loops": 395341, "Recheck Cond": "(o_orderkey = lineitem.l_orderkey)", "Rows Removed by Index Recheck": 0, "Filter": "((o_orderdate >= '1995-01-01 00:00:00'::timestamp(0) without time zone) AND (o_orderdate <= '1996-12-31 00:00:00'::timestamp(0) without time zone))", "Rows Removed by Filter": 275576, "Exact Heap Blocks": 395341, "Lossy Heap Blocks": 395341, "Plans": [{"Node Type": "Bitmap Index Scan", "Parent Relationship": "Outer", "Index Name": "orders_pkey", "Startup Cost": 0.0, "Total Cost": 0.26, "Plan Rows": 1, "Plan Width": 0, "Actual Startup Time": 2181.487, "Actual Total Time": 2181.487, "Actual Rows": 395341, "Actual Loops": 395341, "Index Cond": "(o_orderkey = lineitem.l_orderkey)"}]}]}, {"Node Type": "Hash", "Parent Relationship": "Inner", "Startup Cost": 3283.0, "Total Cost": 3283.0, "Plan Rows": 100000, "Plan Width": 12, "Actual Startup Time": 66.457, "Actual Total Time": 66.457, "Actual Rows": 100000, "Actual Loops": 1, "Hash Buckets": 131072, "Hash Batches": 1, "Original Hash Batches": 1, "Peak Memory Usage": 4297, "Plans": [{"Node Type": "Seq Scan", "Parent Relationship": "Outer", "Relation Name": "supplier", "Alias": "supplier", "Startup Cost": 0.0, "Total Cost": 3283.0, "Plan Rows": 100000, "Plan Width": 12, "Actual Startup Time": 0.016, "Actual Total Time": 38.866, "Actual Rows": 100000, "Actual Loops": 1}]}]}, {"Node Type": "Hash", "Parent Relationship": "Inner", "Startup Cost": 37164.85, "Total Cost": 37164.85, "Plan Rows": 300000, "Plan Width": 8, "Actual Startup Time": 702.784, "Actual Total Time": 702.784, "Actual Rows": 300270, "Actual Loops": 1, "Hash Buckets": 524288, "Hash Batches": 1, "Original Hash Batches": 1, "Peak Memory Usage": 11730, "Plans": [{"Node Type": "Nested Loop", "Parent Relationship": "Outer", "Join Type": "Inner", "Startup Cost": 1031.44, "Total Cost": 37164.85, "Plan Rows": 300000, "Plan Width": 8, "Actual Startup Time": 21.763, "Actual Total Time": 590.375, "Actual Rows": 300270, "Actual Loops": 1, "Inner Unique": false, "Plans": [{"Node Type": "Hash Join", "Parent Relationship": "Outer", "Join Type": "Inner", "Startup Cost": 1.07, "Total Cost": 2.44, "Plan Rows": 5, "Plan Width": 4, "Actual Startup Time": 0.102, "Actual Total Time": 0.167, "Actual Rows": 5, "Actual Loops": 1, "Inner Unique": true, "Hash Cond": "(n1.n_regionkey = region.r_regionkey)", "Plans": [{"Node Type": "Seq Scan", "Parent Relationship": "Outer", "Relation Name": "nation", "Alias": "n1", "Startup Cost": 0.0, "Total Cost": 1.25, "Plan Rows": 25, "Plan Width": 8, "Actual Startup Time": 0.02, "Actual Total Time": 0.038, "Actual Rows": 25, "Actual Loops": 1}, {"Node Type": "Hash", "Parent Relationship": "Inner", "Startup Cost": 1.06, "Total Cost": 1.06, "Plan Rows": 1, "Plan Width": 4, "Actual Startup Time": 0.019, "Actual Total Time": 0.019, "Actual Rows": 1, "Actual Loops": 1, "Hash Buckets": 32768, "Hash Batches": 1, "Original Hash Batches": 1, "Peak Memory Usage": 1, "Plans": [{"Node Type": "Seq Scan", "Parent Relationship": "Outer", "Relation Name": "region", "Alias": "region", "Startup Cost": 0.0, "Total Cost": 1.06, "Plan Rows": 1, "Plan Width": 4, "Actual Startup Time": 0.013, "Actual Total Time": 0.014, "Actual Rows": 1, "Actual Loops": 1, "Filter": "(r_name = 'ASIA'::bpchar)", "Rows Removed by Filter": 4}]}]}, {"Node Type": "Bitmap Heap Scan", "Parent Relationship": "Inner", "Relation Name": "customer", "Alias": "customer", "Startup Cost": 1030.37, "Total Cost": 6832.48, "Plan Rows": 60000, "Plan Width": 12, "Actual Startup Time": 101.997, "Actual Total Time": 532.217, "Actual Rows": 300270, "Actual Loops": 5, "Recheck Cond": "(c_nationkey = n1.n_nationkey)", "Rows Removed by Index Recheck": 0, "Exact Heap Blocks": 150032, "Lossy Heap Blocks": 150032, "Plans": [{"Node Type": "Bitmap Index Scan", "Parent Relationship": "Outer", "Index Name": "idx_customer_nationkey", "Startup Cost": 0.0, "Total Cost": 1015.37, "Plan Rows": 60000, "Plan Width": 0, "Actual Startup Time": 68.068, "Actual Total Time": 68.068, "Actual Rows": 300270, "Actual Loops": 5, "Index Cond": "(c_nationkey = n1.n_nationkey)"}]}]}]}]}, {"Node Type": "Hash", "Parent Relationship": "Inner", "Startup Cost": 1.25, "Total Cost": 1.25, "Plan Rows": 25, "Plan Width": 30, "Actual Startup Time": 0.032, "Actual Total Time": 0.032, "Actual Rows": 25, "Actual Loops": 1, "Hash Buckets": 32768, "Hash Batches": 1, "Original Hash Batches": 1, "Peak Memory Usage": 2, "Plans": [{"Node Type": "Seq Scan", "Parent Relationship": "Outer", "Relation Name": "nation", "Alias": "n2", "Startup Cost": 0.0, "Total Cost": 1.25, "Plan Rows": 25, "Plan Width": 30, "Actual Startup Time": 0.014, "Actual Total Time": 0.02, "Actual Rows": 25, "Actual Loops": 1}]}]}]}]}, "Triggers": [], "Planner Runtime": 5, "Total Runtime": 7359.233, "Unique SQL Id": 3681808042}}, "(16, 71)": {"explain_plan": {"Plan": {"Node Type": "Sort", "Startup Cost": 66661878.45, "Total Cost": 66661878.48, "Plan Rows": 10, "Plan Width": 66, "Sort Key": ["(date_part('year'::text, orders.o_orderdate))"], "Plans": [{"Node Type": "Aggregate", "Strategy": "Hashed", "Parent Relationship": "Outer", "Startup Cost": 66661878.14, "Total Cost": 66661878.29, "Plan Rows": 10, "Plan Width": 66, "Group By Key": ["date_part('year'::text, orders.o_orderdate)"], "Plans": [{"Node Type": "Nested Loop", "Parent Relationship": "Outer", "Join Type": "Inner", "Startup Cost": 115915.31, "Total Cost": 66661758.32, "Plan Rows": 5991, "Plan Width": 50, "Inner Unique": true, "Plans": [{"Node Type": "Nested Loop", "Parent Relationship": "Outer", "Join Type": "Inner", "Startup Cost": 115915.05, "Total Cost": 66636099.88, "Plan Rows": 5991, "Plan Width": 28, "Inner Unique": true, "Plans": [{"Node Type": "Nested Loop", "Parent Relationship": "Outer", "Join Type": "Inner", "Startup Cost": 115914.79, "Total Cost": 66562068.23, "Plan Rows": 17296, "Plan Width": 32, "Inner Unique": true, "Plans": [{"Node Type": "Nested Loop", "Parent Relationship": "Outer", "Join Type": "Inner", "Startup Cost": 115914.53, "Total Cost": 45938880.46, "Plan Rows": 4814867, "Plan Width": 40, "Inner Unique": false, "Plans": [{"Node Type": "Nested Loop", "Parent Relationship": "Outer", "Join Type": "Inner", "Startup Cost": 115914.01, "Total Cost": 43432501.27, "Plan Rows": 530296, "Plan Width": 16, "Inner Unique": true, "Plans": [{"Node Type": "Nested Loop", "Parent Relationship": "Outer", "Join Type": "Inner", "Startup Cost": 115913.43, "Total Cost": 31228406.3, "Plan Rows": 2651479, "Plan Width": 20, "Inner Unique": true, "Plans": [{"Node Type": "Nested Loop", "Parent Relationship": "Outer", "Join Type": "Inner", "Startup Cost": 115913.17, "Total Cost": 19879399.17, "Plan Rows": 2651479, "Plan Width": 20, "Inner Unique": true, "Plans": [{"Node Type": "Bitmap Heap Scan", "Parent Relationship": "Outer", "Relation Name": "orders", "Alias": "orders", "Startup Cost": 115912.91, "Total Cost": 460311.42, "Plan Rows": 4531967, "Plan Width": 24, "Recheck Cond": "((o_orderdate >= '1995-01-01 00:00:00'::timestamp(0) without time zone) AND (o_orderdate <= '1996-12-31 00:00:00'::timestamp(0) without time zone)), (LLVM Optimized)", "Plans": [{"Node Type": "Bitmap Index Scan", "Parent Relationship": "Outer", "Index Name": "idx_orders_orderdate", "Startup Cost": 0.0, "Total Cost": 114779.92, "Plan Rows": 4531967, "Plan Width": 0, "Index Cond": "((o_orderdate >= '1995-01-01 00:00:00'::timestamp(0) without time zone) AND (o_orderdate <= '1996-12-31 00:00:00'::timestamp(0) without time zone))"}]}, {"Node Type": "Bitmap Heap Scan", "Parent Relationship": "Inner", "Relation Name": "customer", "Alias": "customer", "Startup Cost": 0.26, "Total Cost": 4.27, "Plan Rows": 1, "Plan Width": 12, "Recheck Cond": "(c_custkey = orders.o_custkey)", "Plans": [{"Node Type": "Bitmap Index Scan", "Parent Relationship": "Outer", "Index Name": "customer_pkey", "Startup Cost": 0.0, "Total Cost": 0.26, "Plan Rows": 1, "Plan Width": 0, "Index Cond": "(c_custkey = orders.o_custkey)"}]}]}, {"Node Type": "Bitmap Heap Scan", "Parent Relationship": "Inner", "Relation Name": "nation", "Alias": "n1", "Startup Cost": 0.26, "Total Cost": 4.27, "Plan Rows": 1, "Plan Width": 8, "Recheck Cond": "(n_nationkey = customer.c_nationkey)", "Plans": [{"Node Type": "Bitmap Index Scan", "Parent Relationship": "Outer", "Index Name": "nation_pkey", "Startup Cost": 0.0, "Total Cost": 0.26, "Plan Rows": 1, "Plan Width": 0, "Index Cond": "(n_nationkey = customer.c_nationkey)"}]}]}, {"Node Type": "Bitmap Heap Scan", "Parent Relationship": "Inner", "Relation Name": "region", "Alias": "region", "Startup Cost": 0.58, "Total Cost": 4.59, "Plan Rows": 1, "Plan Width": 4, "Recheck Cond": "(r_regionkey = n1.n_regionkey)", "Filter": "(r_name = 'ASIA'::bpchar)", "Plans": [{"Node Type": "Bitmap Index Scan", "Parent Relationship": "Outer", "Index Name": "region_pkey", "Startup Cost": 0.0, "Total Cost": 0.58, "Plan Rows": 1, "Plan Width": 0, "Index Cond": "(r_regionkey = n1.n_regionkey)"}]}]}, {"Node Type": "Bitmap Heap Scan", "Parent Relationship": "Inner", "Relation Name": "lineitem", "Alias": "lineitem", "Startup Cost": 0.52, "Total Cost": 4.64, "Plan Rows": 9, "Plan Width": 40, "Recheck Cond": "(l_orderkey = orders.o_orderkey)", "Plans": [{"Node Type": "Bitmap Index Scan", "Parent Relationship": "Outer", "Index Name": "idx_lineitem_orderkey", "Startup Cost": 0.0, "Total Cost": 0.52, "Plan Rows": 9, "Plan Width": 0, "Index Cond": "(l_orderkey = orders.o_orderkey)"}]}]}, {"Node Type": "Bitmap Heap Scan", "Parent Relationship": "Inner", "Relation Name": "part", "Alias": "part", "Startup Cost": 0.26, "Total Cost": 4.27, "Plan Rows": 1, "Plan Width": 8, "Recheck Cond": "(p_partkey = lineitem.l_partkey)", "Filter": "((p_type)::text = 'SMALL PLATED COPPER'::text)", "Plans": [{"Node Type": "Bitmap Index Scan", "Parent Relationship": "Outer", "Index Name": "part_kpey", "Startup Cost": 0.0, "Total Cost": 0.26, "Plan Rows": 1, "Plan Width": 0, "Index Cond": "(p_partkey = lineitem.l_partkey)"}]}]}, {"Node Type": "Bitmap Heap Scan", "Parent Relationship": "Inner", "Relation Name": "supplier", "Alias": "supplier", "Startup Cost": 0.26, "Total Cost": 4.27, "Plan Rows": 1, "Plan Width": 12, "Recheck Cond": "(s_suppkey = lineitem.l_suppkey)", "Plans": [{"Node Type": "Bitmap Index Scan", "Parent Relationship": "Outer", "Index Name": "supplier_pkey", "Startup Cost": 0.0, "Total Cost": 0.26, "Plan Rows": 1, "Plan Width": 0, "Index Cond": "(s_suppkey = lineitem.l_suppkey)"}]}]}, {"Node Type": "Bitmap Heap Scan", "Parent Relationship": "Inner", "Relation Name": "nation", "Alias": "n2", "Startup Cost": 0.26, "Total Cost": 4.27, "Plan Rows": 1, "Plan Width": 30, "Recheck Cond": "(n_nationkey = supplier.s_nationkey)", "Plans": [{"Node Type": "Bitmap Index Scan", "Parent Relationship": "Outer", "Index Name": "nation_pkey", "Startup Cost": 0.0, "Total Cost": 0.26, "Plan Rows": 1, "Plan Width": 0, "Index Cond": "(n_nationkey = supplier.s_nationkey)"}]}]}]}]}, "Unique SQL Id": 3681808042, "Planner Runtime": 5}, "explain_analyze_plan": null}, "(16, 72)": {"explain_plan": {"Plan": {"Node Type": "Sort", "Startup Cost": 486022.68, "Total Cost": 486022.71, "Plan Rows": 10, "Plan Width": 66, "Sort Key": ["(date_part('year'::text, orders.o_orderdate))"], "Plans": [{"Node Type": "Aggregate", "Strategy": "Hashed", "Parent Relationship": "Outer", "Startup Cost": 486022.37, "Total Cost": 486022.52, "Plan Rows": 10, "Plan Width": 66, "Group By Key": ["date_part('year'::text, orders.o_orderdate)"], "Plans": [{"Node Type": "Hash Join", "Parent Relationship": "Outer", "Join Type": "Inner", "Startup Cost": 4537.06, "Total Cost": 485902.55, "Plan Rows": 5991, "Plan Width": 50, "Inner Unique": true, "Hash Cond": "(supplier.s_nationkey = n2.n_nationkey)", "Plans": [{"Node Type": "Hash Join", "Parent Relationship": "Outer", "Join Type": "Inner", "Startup Cost": 4535.5, "Total Cost": 485803.63, "Plan Rows": 5991, "Plan Width": 28, "Inner Unique": false, "Hash Cond": "(customer.c_nationkey = n1.n_nationkey)", "Plans": [{"Node Type": "Nested Loop", "Parent Relationship": "Outer", "Join Type": "Inner", "Startup Cost": 4533.0, "Total Cost": 485661.65, "Plan Rows": 29954, "Plan Width": 32, "Inner Unique": true, "Plans": [{"Node Type": "Hash Join", "Parent Relationship": "Outer", "Join Type": "Inner", "Startup Cost": 4533.0, "Total Cost": 469409.78, "Plan Rows": 51198, "Plan Width": 36, "Inner Unique": true, "Hash Cond": "(lineitem.l_suppkey = supplier.s_suppkey)", "Plans": [{"Node Type": "Nested Loop", "Parent Relationship": "Outer", "Join Type": "Inner", "Startup Cost": 0.0, "Total Cost": 464497.44, "Plan Rows": 86479, "Plan Width": 40, "Inner Unique": true, "Plans": [{"Node Type": "Nested Loop", "Parent Relationship": "Outer", "Join Type": "Inner", "Startup Cost": 0.0, "Total Cost": 441564.57, "Plan Rows": 74637, "Plan Width": 32, "Inner Unique": false, "Plans": [{"Node Type": "Seq Scan", "Parent Relationship": "Outer", "Relation Name": "part", "Alias": "part", "Startup Cost": 0.0, "Total Cost": 66944.0, "Plan Rows": 13538, "Plan Width": 8, "Filter": "((p_type)::text = 'SMALL PLATED COPPER'::text)"}, {"Node Type": "Index Scan", "Parent Relationship": "Inner", "Scan Direction": "Forward", "Index Name": "idx_lineitem_part_supp", "Relation Name": "lineitem", "Alias": "lineitem", "Startup Cost": 0.0, "Total Cost": 27.61, "Plan Rows": 6, "Plan Width": 40, "Index Cond": "(l_partkey = part.p_partkey)"}]}, {"Node Type": "Index Scan", "Parent Relationship": "Inner", "Scan Direction": "Forward", "Index Name": "orders_pkey", "Relation Name": "orders", "Alias": "orders", "Startup Cost": 0.0, "Total Cost": 0.3, "Plan Rows": 1, "Plan Width": 24, "Index Cond": "(o_orderkey = lineitem.l_orderkey)", "Filter": "((o_orderdate >= '1995-01-01 00:00:00'::timestamp(0) without time zone) AND (o_orderdate <= '1996-12-31 00:00:00'::timestamp(0) without time zone))"}]}, {"Node Type": "Hash", "Parent Relationship": "Inner", "Startup Cost": 3283.0, "Total Cost": 3283.0, "Plan Rows": 100000, "Plan Width": 12, "Plans": [{"Node Type": "Seq Scan", "Parent Relationship": "Outer", "Relation Name": "supplier", "Alias": "supplier", "Startup Cost": 0.0, "Total Cost": 3283.0, "Plan Rows": 100000, "Plan Width": 12}]}]}, {"Node Type": "Index Scan", "Parent Relationship": "Inner", "Scan Direction": "Forward", "Index Name": "customer_pkey", "Relation Name": "customer", "Alias": "customer", "Startup Cost": 0.0, "Total Cost": 0.31, "Plan Rows": 1, "Plan Width": 12, "Index Cond": "(c_custkey = orders.o_custkey)"}]}, {"Node Type": "Hash", "Parent Relationship": "Inner", "Startup Cost": 2.44, "Total Cost": 2.44, "Plan Rows": 5, "Plan Width": 4, "Plans": [{"Node Type": "Hash Join", "Parent Relationship": "Outer", "Join Type": "Inner", "Startup Cost": 1.07, "Total Cost": 2.44, "Plan Rows": 5, "Plan Width": 4, "Inner Unique": true, "Hash Cond": "(n1.n_regionkey = region.r_regionkey)", "Plans": [{"Node Type": "Seq Scan", "Parent Relationship": "Outer", "Relation Name": "nation", "Alias": "n1", "Startup Cost": 0.0, "Total Cost": 1.25, "Plan Rows": 25, "Plan Width": 8}, {"Node Type": "Hash", "Parent Relationship": "Inner", "Startup Cost": 1.06, "Total Cost": 1.06, "Plan Rows": 1, "Plan Width": 4, "Plans": [{"Node Type": "Seq Scan", "Parent Relationship": "Outer", "Relation Name": "region", "Alias": "region", "Startup Cost": 0.0, "Total Cost": 1.06, "Plan Rows": 1, "Plan Width": 4, "Filter": "(r_name = 'ASIA'::bpchar)"}]}]}]}]}, {"Node Type": "Hash", "Parent Relationship": "Inner", "Startup Cost": 1.25, "Total Cost": 1.25, "Plan Rows": 25, "Plan Width": 30, "Plans": [{"Node Type": "Seq Scan", "Parent Relationship": "Outer", "Relation Name": "nation", "Alias": "n2", "Startup Cost": 0.0, "Total Cost": 1.25, "Plan Rows": 25, "Plan Width": 30}]}]}]}]}, "Unique SQL Id": 3681808042, "Planner Runtime": 7}, "explain_analyze_plan": {"Plan": {"Node Type": "Sort", "Startup Cost": 486022.68, "Total Cost": 486022.71, "Plan Rows": 10, "Plan Width": 66, "Actual Startup Time": 6590.092, "Actual Total Time": 6590.092, "Actual Rows": 2, "Actual Loops": 1, "Sort Key": ["(date_part('year'::text, orders.o_orderdate))"], "Sort Method": "quicksort", "Sort Space Used": 25, "Sort Space Type": "Memory", "Plans": [{"Node Type": "Aggregate", "Strategy": "Hashed", "Parent Relationship": "Outer", "Startup Cost": 486022.37, "Total Cost": 486022.52, "Plan Rows": 10, "Plan Width": 66, "Actual Startup Time": 6590.073, "Actual Total Time": 6590.074, "Actual Rows": 2, "Actual Loops": 1, "Group By Key": ["date_part('year'::text, orders.o_orderdate)"], "Plans": [{"Node Type": "Hash Join", "Parent Relationship": "Outer", "Join Type": "Inner", "Startup Cost": 4537.06, "Total Cost": 485902.55, "Plan Rows": 5991, "Plan Width": 50, "Actual Startup Time": 66.803, "Actual Total Time": 6553.248, "Actual Rows": 23929, "Actual Loops": 1, "Inner Unique": true, "Hash Cond": "(supplier.s_nationkey = n2.n_nationkey)", "Plans": [{"Node Type": "Hash Join", "Parent Relationship": "Outer", "Join Type": "Inner", "Startup Cost": 4535.5, "Total Cost": 485803.63, "Plan Rows": 5991, "Plan Width": 28, "Actual Startup Time": 66.711, "Actual Total Time": 6520.183, "Actual Rows": 23929, "Actual Loops": 1, "Inner Unique": false, "Hash Cond": "(customer.c_nationkey = n1.n_nationkey)", "Plans": [{"Node Type": "Nested Loop", "Parent Relationship": "Outer", "Join Type": "Inner", "Startup Cost": 4533.0, "Total Cost": 485661.65, "Plan Rows": 29954, "Plan Width": 32, "Actual Startup Time": 66.389, "Actual Total Time": 6481.607, "Actual Rows": 119765, "Actual Loops": 1, "Inner Unique": true, "Plans": [{"Node Type": "Hash Join", "Parent Relationship": "Outer", "Join Type": "Inner", "Startup Cost": 4533.0, "Total Cost": 469409.78, "Plan Rows": 51198, "Plan Width": 36, "Actual Startup Time": 66.354, "Actual Total Time": 5548.261, "Actual Rows": 119765, "Actual Loops": 1, "Inner Unique": true, "Hash Cond": "(lineitem.l_suppkey = supplier.s_suppkey)", "Plans": [{"Node Type": "Nested Loop", "Parent Relationship": "Outer", "Join Type": "Inner", "Startup Cost": 0.0, "Total Cost": 464497.44, "Plan Rows": 86479, "Plan Width": 40, "Actual Startup Time": 0.187, "Actual Total Time": 5396.366, "Actual Rows": 119765, "Actual Loops": 1, "Inner Unique": true, "Plans": [{"Node Type": "Nested Loop", "Parent Relationship": "Outer", "Join Type": "Inner", "Startup Cost": 0.0, "Total Cost": 441564.57, "Plan Rows": 74637, "Plan Width": 32, "Actual Startup Time": 0.036, "Actual Total Time": 2002.849, "Actual Rows": 395341, "Actual Loops": 1, "Inner Unique": false, "Plans": [{"Node Type": "Seq Scan", "Parent Relationship": "Outer", "Relation Name": "part", "Alias": "part", "Startup Cost": 0.0, "Total Cost": 66944.0, "Plan Rows": 13538, "Plan Width": 8, "Actual Startup Time": 0.015, "Actual Total Time": 768.176, "Actual Rows": 13163, "Actual Loops": 1, "Filter": "((p_type)::text = 'SMALL PLATED COPPER'::text)", "Rows Removed by Filter": 1986837}, {"Node Type": "Index Scan", "Parent Relationship": "Inner", "Scan Direction": "Forward", "Index Name": "idx_lineitem_part_supp", "Relation Name": "lineitem", "Alias": "lineitem", "Startup Cost": 0.0, "Total Cost": 27.61, "Plan Rows": 6, "Plan Width": 40, "Actual Startup Time": 153.5, "Actual Total Time": 1124.19, "Actual Rows": 395341, "Actual Loops": 13163, "Index Cond": "(l_partkey = part.p_partkey)", "Rows Removed by Index Recheck": 0}]}, {"Node Type": "Index Scan", "Parent Relationship": "Inner", "Scan Direction": "Forward", "Index Name": "orders_pkey", "Relation Name": "orders", "Alias": "orders", "Startup Cost": 0.0, "Total Cost": 0.3, "Plan Rows": 1, "Plan Width": 24, "Actual Startup Time": 3157.377, "Actual Total Time": 3157.377, "Actual Rows": 119765, "Actual Loops": 395341, "Index Cond": "(o_orderkey = lineitem.l_orderkey)", "Rows Removed by Index Recheck": 0, "Filter": "((o_orderdate >= '1995-01-01 00:00:00'::timestamp(0) without time zone) AND (o_orderdate <= '1996-12-31 00:00:00'::timestamp(0) without time zone))", "Rows Removed by Filter": 275576}]}, {"Node Type": "Hash", "Parent Relationship": "Inner", "Startup Cost": 3283.0, "Total Cost": 3283.0, "Plan Rows": 100000, "Plan Width": 12, "Actual Startup Time": 66.061, "Actual Total Time": 66.061, "Actual Rows": 100000, "Actual Loops": 1, "Hash Buckets": 131072, "Hash Batches": 1, "Original Hash Batches": 1, "Peak Memory Usage": 4297, "Plans": [{"Node Type": "Seq Scan", "Parent Relationship": "Outer", "Relation Name": "supplier", "Alias": "supplier", "Startup Cost": 0.0, "Total Cost": 3283.0, "Plan Rows": 100000, "Plan Width": 12, "Actual Startup Time": 0.015, "Actual Total Time": 39.607, "Actual Rows": 100000, "Actual Loops": 1}]}]}, {"Node Type": "Index Scan", "Parent Relationship": "Inner", "Scan Direction": "Forward", "Index Name": "customer_pkey", "Relation Name": "customer", "Alias": "customer", "Startup Cost": 0.0, "Total Cost": 0.31, "Plan Rows": 1, "Plan Width": 12, "Actual Startup Time": 825.415, "Actual Total Time": 825.415, "Actual Rows": 119765, "Actual Loops": 119765, "Index Cond": "(c_custkey = orders.o_custkey)", "Rows Removed by Index Recheck": 0}]}, {"Node Type": "Hash", "Parent Relationship": "Inner", "Startup Cost": 2.44, "Total Cost": 2.44, "Plan Rows": 5, "Plan Width": 4, "Actual Startup Time": 0.074, "Actual Total Time": 0.074, "Actual Rows": 5, "Actual Loops": 1, "Hash Buckets": 32768, "Hash Batches": 1, "Original Hash Batches": 1, "Peak Memory Usage": 1, "Plans": [{"Node Type": "Hash Join", "Parent Relationship": "Outer", "Join Type": "Inner", "Startup Cost": 1.07, "Total Cost": 2.44, "Plan Rows": 5, "Plan Width": 4, "Actual Startup Time": 0.06, "Actual Total Time": 0.068, "Actual Rows": 5, "Actual Loops": 1, "Inner Unique": true, "Hash Cond": "(n1.n_regionkey = region.r_regionkey)", "Plans": [{"Node Type": "Seq Scan", "Parent Relationship": "Outer", "Relation Name": "nation", "Alias": "n1", "Startup Cost": 0.0, "Total Cost": 1.25, "Plan Rows": 25, "Plan Width": 8, "Actual Startup Time": 0.011, "Actual Total Time": 0.015, "Actual Rows": 25, "Actual Loops": 1}, {"Node Type": "Hash", "Parent Relationship": "Inner", "Startup Cost": 1.06, "Total Cost": 1.06, "Plan Rows": 1, "Plan Width": 4, "Actual Startup Time": 0.013, "Actual Total Time": 0.013, "Actual Rows": 1, "Actual Loops": 1, "Hash Buckets": 32768, "Hash Batches": 1, "Original Hash Batches": 1, "Peak Memory Usage": 1, "Plans": [{"Node Type": "Seq Scan", "Parent Relationship": "Outer", "Relation Name": "region", "Alias": "region", "Startup Cost": 0.0, "Total Cost": 1.06, "Plan Rows": 1, "Plan Width": 4, "Actual Startup Time": 0.011, "Actual Total Time": 0.012, "Actual Rows": 1, "Actual Loops": 1, "Filter": "(r_name = 'ASIA'::bpchar)", "Rows Removed by Filter": 4}]}]}]}]}, {"Node Type": "Hash", "Parent Relationship": "Inner", "Startup Cost": 1.25, "Total Cost": 1.25, "Plan Rows": 25, "Plan Width": 30, "Actual Startup Time": 0.04, "Actual Total Time": 0.04, "Actual Rows": 25, "Actual Loops": 1, "Hash Buckets": 32768, "Hash Batches": 1, "Original Hash Batches": 1, "Peak Memory Usage": 2, "Plans": [{"Node Type": "Seq Scan", "Parent Relationship": "Outer", "Relation Name": "nation", "Alias": "n2", "Startup Cost": 0.0, "Total Cost": 1.25, "Plan Rows": 25, "Plan Width": 30, "Actual Startup Time": 0.016, "Actual Total Time": 0.023, "Actual Rows": 25, "Actual Loops": 1}]}]}]}]}, "Triggers": [], "Planner Runtime": 5, "Total Runtime": 6590.535, "Unique SQL Id": 3681808042}}, "(16, 73)": {"explain_plan": {"Plan": {"Node Type": "Sort", "Startup Cost": 526963.15, "Total Cost": 526963.18, "Plan Rows": 10, "Plan Width": 66, "Sort Key": ["(date_part('year'::text, orders.o_orderdate))"], "Plans": [{"Node Type": "Aggregate", "Strategy": "Hashed", "Parent Relationship": "Outer", "Startup Cost": 526962.83, "Total Cost": 526962.98, "Plan Rows": 10, "Plan Width": 66, "Group By Key": ["date_part('year'::text, orders.o_orderdate)"], "Plans": [{"Node Type": "Hash Join", "Parent Relationship": "Outer", "Join Type": "Inner", "Startup Cost": 6618.28, "Total Cost": 526843.01, "Plan Rows": 5991, "Plan Width": 50, "Inner Unique": true, "Hash Cond": "(supplier.s_nationkey = n2.n_nationkey)", "Plans": [{"Node Type": "Hash Join", "Parent Relationship": "Outer", "Join Type": "Inner", "Startup Cost": 6605.34, "Total Cost": 526732.72, "Plan Rows": 5991, "Plan Width": 28, "Inner Unique": false, "Hash Cond": "(customer.c_nationkey = n1.n_nationkey)", "Plans": [{"Node Type": "Nested Loop", "Parent Relationship": "Outer", "Join Type": "Inner", "Startup Cost": 6584.54, "Total Cost": 526572.45, "Plan Rows": 29954, "Plan Width": 32, "Inner Unique": true, "Plans": [{"Node Type": "Hash Join", "Parent Relationship": "Outer", "Join Type": "Inner", "Startup Cost": 6584.54, "Total Cost": 510320.57, "Plan Rows": 51198, "Plan Width": 36, "Inner Unique": true, "Hash Cond": "(lineitem.l_suppkey = supplier.s_suppkey)", "Plans": [{"Node Type": "Nested Loop", "Parent Relationship": "Outer", "Join Type": "Inner", "Startup Cost": 0.0, "Total Cost": 503356.69, "Plan Rows": 86479, "Plan Width": 40, "Inner Unique": true, "Plans": [{"Node Type": "Nested Loop", "Parent Relationship": "Outer", "Join Type": "Inner", "Startup Cost": 0.0, "Total Cost": 480423.82, "Plan Rows": 74637, "Plan Width": 32, "Inner Unique": false, "Plans": [{"Node Type": "Index Scan", "Parent Relationship": "Outer", "Scan Direction": "Forward", "Index Name": "part_kpey", "Relation Name": "part", "Alias": "part", "Startup Cost": 0.0, "Total Cost": 105803.25, "Plan Rows": 13538, "Plan Width": 8, "Filter": "((p_type)::text = 'SMALL PLATED COPPER'::text)"}, {"Node Type": "Index Scan", "Parent Relationship": "Inner", "Scan Direction": "Forward", "Index Name": "idx_lineitem_part_supp", "Relation Name": "lineitem", "Alias": "lineitem", "Startup Cost": 0.0, "Total Cost": 27.61, "Plan Rows": 6, "Plan Width": 40, "Index Cond": "(l_partkey = part.p_partkey)"}]}, {"Node Type": "Index Scan", "Parent Relationship": "Inner", "Scan Direction": "Forward", "Index Name": "orders_pkey", "Relation Name": "orders", "Alias": "orders", "Startup Cost": 0.0, "Total Cost": 0.3, "Plan Rows": 1, "Plan Width": 24, "Index Cond": "(o_orderkey = lineitem.l_orderkey)", "Filter": "((o_orderdate >= '1995-01-01 00:00:00'::timestamp(0) without time zone) AND (o_orderdate <= '1996-12-31 00:00:00'::timestamp(0) without time zone))"}]}, {"Node Type": "Hash", "Parent Relationship": "Inner", "Startup Cost": 5334.54, "Total Cost": 5334.54, "Plan Rows": 100000, "Plan Width": 12, "Plans": [{"Node Type": "Index Scan", "Parent Relationship": "Outer", "Scan Direction": "Forward", "Index Name": "supplier_pkey", "Relation Name": "supplier", "Alias": "supplier", "Startup Cost": 0.0, "Total Cost": 5334.54, "Plan Rows": 100000, "Plan Width": 12}]}]}, {"Node Type": "Index Scan", "Parent Relationship": "Inner", "Scan Direction": "Forward", "Index Name": "customer_pkey", "Relation Name": "customer", "Alias": "customer", "Startup Cost": 0.0, "Total Cost": 0.31, "Plan Rows": 1, "Plan Width": 12, "Index Cond": "(c_custkey = orders.o_custkey)"}]}, {"Node Type": "Hash", "Parent Relationship": "Inner", "Startup Cost": 20.74, "Total Cost": 20.74, "Plan Rows": 5, "Plan Width": 4, "Plans": [{"Node Type": "Nested Loop", "Parent Relationship": "Outer", "Join Type": "Inner", "Startup Cost": 0.0, "Total Cost": 20.74, "Plan Rows": 5, "Plan Width": 4, "Inner Unique": false, "Plans": [{"Node Type": "Index Scan", "Parent Relationship": "Outer", "Scan Direction": "Forward", "Index Name": "region_pkey", "Relation Name": "region", "Alias": "region", "Startup Cost": 0.0, "Total Cost": 12.34, "Plan Rows": 1, "Plan Width": 4, "Filter": "(r_name = 'ASIA'::bpchar)"}, {"Node Type": "Index Scan", "Parent Relationship": "Inner", "Scan Direction": "Forward", "Index Name": "idx_nation_regionkey", "Relation Name": "nation", "Alias": "n1", "Startup Cost": 0.0, "Total Cost": 8.35, "Plan Rows": 5, "Plan Width": 8, "Index Cond": "(n_regionkey = region.r_regionkey)"}]}]}]}, {"Node Type": "Hash", "Parent Relationship": "Inner", "Startup Cost": 12.62, "Total Cost": 12.62, "Plan Rows": 25, "Plan Width": 30, "Plans": [{"Node Type": "Index Scan", "Parent Relationship": "Outer", "Scan Direction": "Forward", "Index Name": "nation_pkey", "Relation Name": "nation", "Alias": "n2", "Startup Cost": 0.0, "Total Cost": 12.62, "Plan Rows": 25, "Plan Width": 30}]}]}]}]}, "Unique SQL Id": 3681808042, "Planner Runtime": 7}, "explain_analyze_plan": {"Plan": {"Node Type": "Sort", "Startup Cost": 526963.15, "Total Cost": 526963.18, "Plan Rows": 10, "Plan Width": 66, "Actual Startup Time": 7259.118, "Actual Total Time": 7259.118, "Actual Rows": 2, "Actual Loops": 1, "Sort Key": ["(date_part('year'::text, orders.o_orderdate))"], "Sort Method": "quicksort", "Sort Space Used": 25, "Sort Space Type": "Memory", "Plans": [{"Node Type": "Aggregate", "Strategy": "Hashed", "Parent Relationship": "Outer", "Startup Cost": 526962.83, "Total Cost": 526962.98, "Plan Rows": 10, "Plan Width": 66, "Actual Startup Time": 7259.099, "Actual Total Time": 7259.101, "Actual Rows": 2, "Actual Loops": 1, "Group By Key": ["date_part('year'::text, orders.o_orderdate)"], "Plans": [{"Node Type": "Hash Join", "Parent Relationship": "Outer", "Join Type": "Inner", "Startup Cost": 6618.28, "Total Cost": 526843.01, "Plan Rows": 5991, "Plan Width": 50, "Actual Startup Time": 103.776, "Actual Total Time": 7221.88, "Actual Rows": 23929, "Actual Loops": 1, "Inner Unique": true, "Hash Cond": "(supplier.s_nationkey = n2.n_nationkey)", "Plans": [{"Node Type": "Hash Join", "Parent Relationship": "Outer", "Join Type": "Inner", "Startup Cost": 6605.34, "Total Cost": 526732.72, "Plan Rows": 5991, "Plan Width": 28, "Actual Startup Time": 103.672, "Actual Total Time": 7187.912, "Actual Rows": 23929, "Actual Loops": 1, "Inner Unique": false, "Hash Cond": "(customer.c_nationkey = n1.n_nationkey)", "Plans": [{"Node Type": "Nested Loop", "Parent Relationship": "Outer", "Join Type": "Inner", "Startup Cost": 6584.54, "Total Cost": 526572.45, "Plan Rows": 29954, "Plan Width": 32, "Actual Startup Time": 103.406, "Actual Total Time": 7150.2, "Actual Rows": 119765, "Actual Loops": 1, "Inner Unique": true, "Plans": [{"Node Type": "Hash Join", "Parent Relationship": "Outer", "Join Type": "Inner", "Startup Cost": 6584.54, "Total Cost": 510320.57, "Plan Rows": 51198, "Plan Width": 36, "Actual Startup Time": 103.376, "Actual Total Time": 6218.905, "Actual Rows": 119765, "Actual Loops": 1, "Inner Unique": true, "Hash Cond": "(lineitem.l_suppkey = supplier.s_suppkey)", "Plans": [{"Node Type": "Nested Loop", "Parent Relationship": "Outer", "Join Type": "Inner", "Startup Cost": 0.0, "Total Cost": 503356.69, "Plan Rows": 86479, "Plan Width": 40, "Actual Startup Time": 0.145, "Actual Total Time": 6033.436, "Actual Rows": 119765, "Actual Loops": 1, "Inner Unique": true, "Plans": [{"Node Type": "Nested Loop", "Parent Relationship": "Outer", "Join Type": "Inner", "Startup Cost": 0.0, "Total Cost": 480423.82, "Plan Rows": 74637, "Plan Width": 32, "Actual Startup Time": 0.038, "Actual Total Time": 2610.331, "Actual Rows": 395341, "Actual Loops": 1, "Inner Unique": false, "Plans": [{"Node Type": "Index Scan", "Parent Relationship": "Outer", "Scan Direction": "Forward", "Index Name": "part_kpey", "Relation Name": "part", "Alias": "part", "Startup Cost": 0.0, "Total Cost": 105803.25, "Plan Rows": 13538, "Plan Width": 8, "Actual Startup Time": 0.024, "Actual Total Time": 1364.05, "Actual Rows": 13163, "Actual Loops": 1, "Filter": "((p_type)::text = 'SMALL PLATED COPPER'::text)", "Rows Removed by Filter": 1986837}, {"Node Type": "Index Scan", "Parent Relationship": "Inner", "Scan Direction": "Forward", "Index Name": "idx_lineitem_part_supp", "Relation Name": "lineitem", "Alias": "lineitem", "Startup Cost": 0.0, "Total Cost": 27.61, "Plan Rows": 6, "Plan Width": 40, "Actual Startup Time": 160.318, "Actual Total Time": 1143.093, "Actual Rows": 395341, "Actual Loops": 13163, "Index Cond": "(l_partkey = part.p_partkey)", "Rows Removed by Index Recheck": 0}]}, {"Node Type": "Index Scan", "Parent Relationship": "Inner", "Scan Direction": "Forward", "Index Name": "orders_pkey", "Relation Name": "orders", "Alias": "orders", "Startup Cost": 0.0, "Total Cost": 0.3, "Plan Rows": 1, "Plan Width": 24, "Actual Startup Time": 3189.021, "Actual Total Time": 3189.021, "Actual Rows": 119765, "Actual Loops": 395341, "Index Cond": "(o_orderkey = lineitem.l_orderkey)", "Rows Removed by Index Recheck": 0, "Filter": "((o_orderdate >= '1995-01-01 00:00:00'::timestamp(0) without time zone) AND (o_orderdate <= '1996-12-31 00:00:00'::timestamp(0) without time zone))", "Rows Removed by Filter": 275576}]}, {"Node Type": "Hash", "Parent Relationship": "Inner", "Startup Cost": 5334.54, "Total Cost": 5334.54, "Plan Rows": 100000, "Plan Width": 12, "Actual Startup Time": 103.046, "Actual Total Time": 103.046, "Actual Rows": 100000, "Actual Loops": 1, "Hash Buckets": 131072, "Hash Batches": 1, "Original Hash Batches": 1, "Peak Memory Usage": 4297, "Plans": [{"Node Type": "Index Scan", "Parent Relationship": "Outer", "Scan Direction": "Forward", "Index Name": "supplier_pkey", "Relation Name": "supplier", "Alias": "supplier", "Startup Cost": 0.0, "Total Cost": 5334.54, "Plan Rows": 100000, "Plan Width": 12, "Actual Startup Time": 0.019, "Actual Total Time": 74.651, "Actual Rows": 100000, "Actual Loops": 1}]}]}, {"Node Type": "Index Scan", "Parent Relationship": "Inner", "Scan Direction": "Forward", "Index Name": "customer_pkey", "Relation Name": "customer", "Alias": "customer", "Startup Cost": 0.0, "Total Cost": 0.31, "Plan Rows": 1, "Plan Width": 12, "Actual Startup Time": 819.21, "Actual Total Time": 819.21, "Actual Rows": 119765, "Actual Loops": 119765, "Index Cond": "(c_custkey = orders.o_custkey)", "Rows Removed by Index Recheck": 0}]}, {"Node Type": "Hash", "Parent Relationship": "Inner", "Startup Cost": 20.74, "Total Cost": 20.74, "Plan Rows": 5, "Plan Width": 4, "Actual Startup Time": 0.027, "Actual Total Time": 0.027, "Actual Rows": 5, "Actual Loops": 1, "Hash Buckets": 32768, "Hash Batches": 1, "Original Hash Batches": 1, "Peak Memory Usage": 1, "Plans": [{"Node Type": "Nested Loop", "Parent Relationship": "Outer", "Join Type": "Inner", "Startup Cost": 0.0, "Total Cost": 20.74, "Plan Rows": 5, "Plan Width": 4, "Actual Startup Time": 0.018, "Actual Total Time": 0.024, "Actual Rows": 5, "Actual Loops": 1, "Inner Unique": false, "Plans": [{"Node Type": "Index Scan", "Parent Relationship": "Outer", "Scan Direction": "Forward", "Index Name": "region_pkey", "Relation Name": "region", "Alias": "region", "Startup Cost": 0.0, "Total Cost": 12.34, "Plan Rows": 1, "Plan Width": 4, "Actual Startup Time": 0.009, "Actual Total Time": 0.01, "Actual Rows": 1, "Actual Loops": 1, "Filter": "(r_name = 'ASIA'::bpchar)", "Rows Removed by Filter": 4}, {"Node Type": "Index Scan", "Parent Relationship": "Inner", "Scan Direction": "Forward", "Index Name": "idx_nation_regionkey", "Relation Name": "nation", "Alias": "n1", "Startup Cost": 0.0, "Total Cost": 8.35, "Plan Rows": 5, "Plan Width": 8, "Actual Startup Time": 0.006, "Actual Total Time": 0.007, "Actual Rows": 5, "Actual Loops": 1, "Index Cond": "(n_regionkey = region.r_regionkey)", "Rows Removed by Index Recheck": 0}]}]}]}, {"Node Type": "Hash", "Parent Relationship": "Inner", "Startup Cost": 12.62, "Total Cost": 12.62, "Plan Rows": 25, "Plan Width": 30, "Actual Startup Time": 0.035, "Actual Total Time": 0.035, "Actual Rows": 25, "Actual Loops": 1, "Hash Buckets": 32768, "Hash Batches": 1, "Original Hash Batches": 1, "Peak Memory Usage": 2, "Plans": [{"Node Type": "Index Scan", "Parent Relationship": "Outer", "Scan Direction": "Forward", "Index Name": "nation_pkey", "Relation Name": "nation", "Alias": "n2", "Startup Cost": 0.0, "Total Cost": 12.62, "Plan Rows": 25, "Plan Width": 30, "Actual Startup Time": 0.009, "Actual Total Time": 0.023, "Actual Rows": 25, "Actual Loops": 1}]}]}]}]}, "Triggers": [], "Planner Runtime": 4, "Total Runtime": 7259.535, "Unique SQL Id": 3681808042}}, "(16, 74)": {"explain_plan": {"Plan": {"Node Type": "Sort", "Startup Cost": 2907141.92, "Total Cost": 2907141.94, "Plan Rows": 10, "Plan Width": 66, "Sort Key": ["(date_part('year'::text, orders.o_orderdate))"], "Plans": [{"Node Type": "Aggregate", "Strategy": "Hashed", "Parent Relationship": "Outer", "Startup Cost": 2907141.6, "Total Cost": 2907141.75, "Plan Rows": 10, "Plan Width": 66, "Group By Key": ["date_part('year'::text, orders.o_orderdate)"], "Plans": [{"Node Type": "Hash Join", "Parent Relationship": "Outer", "Join Type": "Inner", "Startup Cost": 664848.38, "Total Cost": 2907021.78, "Plan Rows": 5991, "Plan Width": 50, "Inner Unique": true, "Hash Cond": "(supplier.s_nationkey = n2.n_nationkey)", "Plans": [{"Node Type": "Hash Join", "Parent Relationship": "Outer", "Join Type": "Inner", "Startup Cost": 664846.82, "Total Cost": 2906922.86, "Plan Rows": 5991, "Plan Width": 28, "Inner Unique": true, "Hash Cond": "(lineitem.l_suppkey = supplier.s_suppkey)", "Plans": [{"Node Type": "Hash Join", "Parent Relationship": "Outer", "Join Type": "Inner", "Startup Cost": 660313.82, "Total Cost": 2902243.54, "Plan Rows": 17296, "Plan Width": 32, "Inner Unique": false, "Hash Cond": "(lineitem.l_orderkey = orders.o_orderkey)", "Plans": [{"Node Type": "Hash Join", "Parent Relationship": "Outer", "Join Type": "Inner", "Startup Cost": 67113.23, "Total Cost": 2307926.3, "Plan Rows": 74637, "Plan Width": 32, "Inner Unique": true, "Hash Cond": "(lineitem.l_partkey = part.p_partkey)", "Plans": [{"Node Type": "Seq Scan", "Parent Relationship": "Outer", "Relation Name": "lineitem", "Alias": "lineitem", "Startup Cost": 0.0, "Total Cost": 2015115.33, "Plan Rows": 59987033, "Plan Width": 40}, {"Node Type": "Hash", "Parent Relationship": "Inner", "Startup Cost": 66944.0, "Total Cost": 66944.0, "Plan Rows": 13538, "Plan Width": 8, "Plans": [{"Node Type": "Seq Scan", "Parent Relationship": "Outer", "Relation Name": "part", "Alias": "part", "Startup Cost": 0.0, "Total Cost": 66944.0, "Plan Rows": 13538, "Plan Width": 8, "Filter": "((p_type)::text = 'SMALL PLATED COPPER'::text)"}]}]}, {"Node Type": "Hash", "Parent Relationship": "Inner", "Startup Cost": 586571.9, "Total Cost": 586571.9, "Plan Rows": 530296, "Plan Width": 16, "Plans": [{"Node Type": "Hash Join", "Parent Relationship": "Outer", "Join Type": "Inner", "Startup Cost": 63058.22, "Total Cost": 586571.9, "Plan Rows": 530296, "Plan Width": 16, "Inner Unique": false, "Hash Cond": "(orders.o_custkey = customer.c_custkey), (LLVM Optimized)", "Plans": [{"Node Type": "Seq Scan", "Parent Relationship": "Outer", "Relation Name": "orders", "Alias": "orders", "Startup Cost": 195.35, "Total Cost": 501411.18, "Plan Rows": 4531967, "Plan Width": 24, "Filter": "((o_orderdate >= '1995-01-01 00:00:00'::timestamp(0) without time zone) AND (o_orderdate <= '1996-12-31 00:00:00'::timestamp(0) without time zone)), (LLVM Optimized)"}, {"Node Type": "Hash", "Parent Relationship": "Inner", "Startup Cost": 59112.88, "Total Cost": 59112.88, "Plan Rows": 300000, "Plan Width": 8, "Plans": [{"Node Type": "Hash Join", "Parent Relationship": "Outer", "Join Type": "Inner", "Startup Cost": 2.5, "Total Cost": 59112.88, "Plan Rows": 300000, "Plan Width": 8, "Inner Unique": false, "Hash Cond": "(customer.c_nationkey = n1.n_nationkey), (LLVM Optimized)", "Plans": [{"Node Type": "Seq Scan", "Parent Relationship": "Outer", "Relation Name": "customer", "Alias": "customer", "Startup Cost": 0.0, "Total Cost": 52126.0, "Plan Rows": 1500000, "Plan Width": 12}, {"Node Type": "Hash", "Parent Relationship": "Inner", "Startup Cost": 2.44, "Total Cost": 2.44, "Plan Rows": 5, "Plan Width": 4, "Plans": [{"Node Type": "Hash Join", "Parent Relationship": "Outer", "Join Type": "Inner", "Startup Cost": 1.07, "Total Cost": 2.44, "Plan Rows": 5, "Plan Width": 4, "Inner Unique": true, "Hash Cond": "(n1.n_regionkey = region.r_regionkey)", "Plans": [{"Node Type": "Seq Scan", "Parent Relationship": "Outer", "Relation Name": "nation", "Alias": "n1", "Startup Cost": 0.0, "Total Cost": 1.25, "Plan Rows": 25, "Plan Width": 8}, {"Node Type": "Hash", "Parent Relationship": "Inner", "Startup Cost": 1.06, "Total Cost": 1.06, "Plan Rows": 1, "Plan Width": 4, "Plans": [{"Node Type": "Seq Scan", "Parent Relationship": "Outer", "Relation Name": "region", "Alias": "region", "Startup Cost": 0.0, "Total Cost": 1.06, "Plan Rows": 1, "Plan Width": 4, "Filter": "(r_name = 'ASIA'::bpchar)"}]}]}]}]}]}]}]}]}, {"Node Type": "Hash", "Parent Relationship": "Inner", "Startup Cost": 3283.0, "Total Cost": 3283.0, "Plan Rows": 100000, "Plan Width": 12, "Plans": [{"Node Type": "Seq Scan", "Parent Relationship": "Outer", "Relation Name": "supplier", "Alias": "supplier", "Startup Cost": 0.0, "Total Cost": 3283.0, "Plan Rows": 100000, "Plan Width": 12}]}]}, {"Node Type": "Hash", "Parent Relationship": "Inner", "Startup Cost": 1.25, "Total Cost": 1.25, "Plan Rows": 25, "Plan Width": 30, "Plans": [{"Node Type": "Seq Scan", "Parent Relationship": "Outer", "Relation Name": "nation", "Alias": "n2", "Startup Cost": 0.0, "Total Cost": 1.25, "Plan Rows": 25, "Plan Width": 30}]}]}]}]}, "Unique SQL Id": 3681808042, "Planner Runtime": 7}, "explain_analyze_plan": null}, "(16, 75)": {"explain_plan": {"Plan": {"Node Type": "Sort", "Startup Cost": 8000408394571.21, "Total Cost": 8000408394571.23, "Plan Rows": 10, "Plan Width": 66, "Sort Key": ["(date_part('year'::text, orders.o_orderdate))"], "Plans": [{"Node Type": "Aggregate", "Strategy": "Hashed", "Parent Relationship": "Outer", "Startup Cost": 8000408394570.89, "Total Cost": 8000408394571.04, "Plan Rows": 10, "Plan Width": 66, "Group By Key": ["date_part('year'::text, orders.o_orderdate)"], "Plans": [{"Node Type": "Hash Join", "Parent Relationship": "Outer", "Join Type": "Inner", "Startup Cost": 6020055697634.45, "Total Cost": 8000408394224.97, "Plan Rows": 17296, "Plan Width": 50, "Inner Unique": true, "Hash Cond": "(supplier.s_nationkey = n2.n_nationkey)", "Plans": [{"Node Type": "Hash Join", "Parent Relationship": "Outer", "Join Type": "Inner", "Startup Cost": 5020055696371.64, "Total Cost": 7000408392681.1, "Plan Rows": 17296, "Plan Width": 28, "Inner Unique": true, "Hash Cond": "(lineitem.l_suppkey = supplier.s_suppkey)", "Plans": [{"Node Type": "Hash Join", "Parent Relationship": "Outer", "Join Type": "Inner", "Startup Cost": 4020055161667.26, "Total Cost": 6000407857830.4, "Plan Rows": 17296, "Plan Width": 32, "Inner Unique": false, "Hash Cond": "(customer.c_nationkey = n1.n_nationkey)", "Plans": [{"Node Type": "Hash Join", "Parent Relationship": "Outer", "Join Type": "Inner", "Startup Cost": 2020055159598.39, "Total Cost": 4000407855264.28, "Plan Rows": 86479, "Plan Width": 36, "Inner Unique": true, "Hash Cond": "(orders.o_custkey = customer.c_custkey)", "Plans": [{"Node Type": "Hash Join", "Parent Relationship": "Outer", "Join Type": "Inner", "Startup Cost": 1020047064312.77, "Total Cost": 3000399758789.57, "Plan Rows": 86479, "Plan Width": 40, "Inner Unique": true, "Hash Cond": "(lineitem.l_partkey = part.p_partkey)", "Plans": [{"Node Type": "Merge Join", "Parent Relationship": "Outer", "Join Type": "Inner", "Startup Cost": 20036483818.55, "Total Cost": 2000389023456.58, "Plan Rows": 41148382, "Plan Width": 48, "Inner Unique": false, "Merge Cond": "(orders.o_orderkey = lineitem.l_orderkey)", "Plans": [{"Node Type": "Index Scan", "Parent Relationship": "Outer", "Scan Direction": "Forward", "Index Name": "orders_pkey", "Relation Name": "orders", "Alias": "orders", "Startup Cost": 10000000000.0, "Total Cost": 1000080597583.0, "Plan Rows": 4531967, "Plan Width": 24, "Filter": "((o_orderdate >= '1995-01-01 00:00:00'::timestamp(0) without time zone) AND (o_orderdate <= '1996-12-31 00:00:00'::timestamp(0) without time zone)), (LLVM Optimized)"}, {"Node Type": "Index Scan", "Parent Relationship": "Inner", "Scan Direction": "Forward", "Index Name": "idx_lineitem_orderkey", "Relation Name": "lineitem", "Alias": "lineitem", "Startup Cost": 10000000000.0, "Total Cost": 1000324015374.5, "Plan Rows": 59987033, "Plan Width": 40}]}, {"Node Type": "Hash", "Parent Relationship": "Inner", "Startup Cost": 1000010580325.0, "Total Cost": 1000010580325.0, "Plan Rows": 13538, "Plan Width": 8, "Plans": [{"Node Type": "Index Scan", "Parent Relationship": "Outer", "Scan Direction": "Forward", "Index Name": "part_kpey", "Relation Name": "part", "Alias": "part", "Startup Cost": 10000000000.0, "Total Cost": 1000010580325.0, "Plan Rows": 13538, "Plan Width": 8, "Filter": "((p_type)::text = 'SMALL PLATED COPPER'::text)"}]}]}, {"Node Type": "Hash", "Parent Relationship": "Inner", "Startup Cost": 1000008076535.62, "Total Cost": 1000008076535.62, "Plan Rows": 1500000, "Plan Width": 12, "Plans": [{"Node Type": "Index Scan", "Parent Relationship": "Outer", "Scan Direction": "Forward", "Index Name": "customer_pkey", "Relation Name": "customer", "Alias": "customer", "Startup Cost": 10000000000.0, "Total Cost": 1000008076535.62, "Plan Rows": 1500000, "Plan Width": 12}]}]}, {"Node Type": "Hash", "Parent Relationship": "Inner", "Startup Cost": 2000000002068.8, "Total Cost": 2000000002068.8, "Plan Rows": 5, "Plan Width": 4, "Plans": [{"Node Type": "Nested Loop", "Parent Relationship": "Outer", "Join Type": "Inner", "Startup Cost": 20000000000.0, "Total Cost": 2000000002068.8, "Plan Rows": 5, "Plan Width": 4, "Inner Unique": false, "Plans": [{"Node Type": "Index Scan", "Parent Relationship": "Outer", "Scan Direction": "Forward", "Index Name": "region_pkey", "Relation Name": "region", "Alias": "region", "Startup Cost": 10000000000.0, "Total Cost": 1000000001233.75, "Plan Rows": 1, "Plan Width": 4, "Filter": "(r_name = 'ASIA'::bpchar)"}, {"Node Type": "Index Scan", "Parent Relationship": "Inner", "Scan Direction": "Forward", "Index Name": "idx_nation_regionkey", "Relation Name": "nation", "Alias": "n1", "Startup Cost": 10000000000.0, "Total Cost": 1000000000835.0, "Plan Rows": 5, "Plan Width": 8, "Index Cond": "(n_regionkey = region.r_regionkey)"}]}]}]}, {"Node Type": "Hash", "Parent Relationship": "Inner", "Startup Cost": 1000000533454.38, "Total Cost": 1000000533454.38, "Plan Rows": 100000, "Plan Width": 12, "Plans": [{"Node Type": "Index Scan", "Parent Relationship": "Outer", "Scan Direction": "Forward", "Index Name": "supplier_pkey", "Relation Name": "supplier", "Alias": "supplier", "Startup Cost": 10000000000.0, "Total Cost": 1000000533454.38, "Plan Rows": 100000, "Plan Width": 12}]}]}, {"Node Type": "Hash", "Parent Relationship": "Inner", "Startup Cost": 1000000001262.5, "Total Cost": 1000000001262.5, "Plan Rows": 25, "Plan Width": 30, "Plans": [{"Node Type": "Index Scan", "Parent Relationship": "Outer", "Scan Direction": "Forward", "Index Name": "nation_pkey", "Relation Name": "nation", "Alias": "n2", "Startup Cost": 10000000000.0, "Total Cost": 1000000001262.5, "Plan Rows": 25, "Plan Width": 30}]}]}]}]}, "Unique SQL Id": 3681808042, "Planner Runtime": 16}, "explain_analyze_plan": null}, "(16, 76)": {"explain_plan": {"Plan": {"Node Type": "Sort", "Startup Cost": 486022.68, "Total Cost": 486022.71, "Plan Rows": 10, "Plan Width": 66, "Sort Key": ["(date_part('year'::text, orders.o_orderdate))"], "Plans": [{"Node Type": "Aggregate", "Strategy": "Hashed", "Parent Relationship": "Outer", "Startup Cost": 486022.37, "Total Cost": 486022.52, "Plan Rows": 10, "Plan Width": 66, "Group By Key": ["date_part('year'::text, orders.o_orderdate)"], "Plans": [{"Node Type": "Hash Join", "Parent Relationship": "Outer", "Join Type": "Inner", "Startup Cost": 4537.06, "Total Cost": 485902.55, "Plan Rows": 5991, "Plan Width": 50, "Inner Unique": true, "Hash Cond": "(supplier.s_nationkey = n2.n_nationkey)", "Plans": [{"Node Type": "Hash Join", "Parent Relationship": "Outer", "Join Type": "Inner", "Startup Cost": 4535.5, "Total Cost": 485803.63, "Plan Rows": 5991, "Plan Width": 28, "Inner Unique": false, "Hash Cond": "(customer.c_nationkey = n1.n_nationkey)", "Plans": [{"Node Type": "Nested Loop", "Parent Relationship": "Outer", "Join Type": "Inner", "Startup Cost": 4533.0, "Total Cost": 485661.65, "Plan Rows": 29954, "Plan Width": 32, "Inner Unique": true, "Plans": [{"Node Type": "Hash Join", "Parent Relationship": "Outer", "Join Type": "Inner", "Startup Cost": 4533.0, "Total Cost": 469409.78, "Plan Rows": 51198, "Plan Width": 36, "Inner Unique": true, "Hash Cond": "(lineitem.l_suppkey = supplier.s_suppkey)", "Plans": [{"Node Type": "Nested Loop", "Parent Relationship": "Outer", "Join Type": "Inner", "Startup Cost": 0.0, "Total Cost": 464497.44, "Plan Rows": 86479, "Plan Width": 40, "Inner Unique": true, "Plans": [{"Node Type": "Nested Loop", "Parent Relationship": "Outer", "Join Type": "Inner", "Startup Cost": 0.0, "Total Cost": 441564.57, "Plan Rows": 74637, "Plan Width": 32, "Inner Unique": false, "Plans": [{"Node Type": "Seq Scan", "Parent Relationship": "Outer", "Relation Name": "part", "Alias": "part", "Startup Cost": 0.0, "Total Cost": 66944.0, "Plan Rows": 13538, "Plan Width": 8, "Filter": "((p_type)::text = 'SMALL PLATED COPPER'::text)"}, {"Node Type": "Index Scan", "Parent Relationship": "Inner", "Scan Direction": "Forward", "Index Name": "idx_lineitem_part_supp", "Relation Name": "lineitem", "Alias": "lineitem", "Startup Cost": 0.0, "Total Cost": 27.61, "Plan Rows": 6, "Plan Width": 40, "Index Cond": "(l_partkey = part.p_partkey)"}]}, {"Node Type": "Index Scan", "Parent Relationship": "Inner", "Scan Direction": "Forward", "Index Name": "orders_pkey", "Relation Name": "orders", "Alias": "orders", "Startup Cost": 0.0, "Total Cost": 0.3, "Plan Rows": 1, "Plan Width": 24, "Index Cond": "(o_orderkey = lineitem.l_orderkey)", "Filter": "((o_orderdate >= '1995-01-01 00:00:00'::timestamp(0) without time zone) AND (o_orderdate <= '1996-12-31 00:00:00'::timestamp(0) without time zone))"}]}, {"Node Type": "Hash", "Parent Relationship": "Inner", "Startup Cost": 3283.0, "Total Cost": 3283.0, "Plan Rows": 100000, "Plan Width": 12, "Plans": [{"Node Type": "Seq Scan", "Parent Relationship": "Outer", "Relation Name": "supplier", "Alias": "supplier", "Startup Cost": 0.0, "Total Cost": 3283.0, "Plan Rows": 100000, "Plan Width": 12}]}]}, {"Node Type": "Index Scan", "Parent Relationship": "Inner", "Scan Direction": "Forward", "Index Name": "customer_pkey", "Relation Name": "customer", "Alias": "customer", "Startup Cost": 0.0, "Total Cost": 0.31, "Plan Rows": 1, "Plan Width": 12, "Index Cond": "(c_custkey = orders.o_custkey)"}]}, {"Node Type": "Hash", "Parent Relationship": "Inner", "Startup Cost": 2.44, "Total Cost": 2.44, "Plan Rows": 5, "Plan Width": 4, "Plans": [{"Node Type": "Hash Join", "Parent Relationship": "Outer", "Join Type": "Inner", "Startup Cost": 1.07, "Total Cost": 2.44, "Plan Rows": 5, "Plan Width": 4, "Inner Unique": true, "Hash Cond": "(n1.n_regionkey = region.r_regionkey)", "Plans": [{"Node Type": "Seq Scan", "Parent Relationship": "Outer", "Relation Name": "nation", "Alias": "n1", "Startup Cost": 0.0, "Total Cost": 1.25, "Plan Rows": 25, "Plan Width": 8}, {"Node Type": "Hash", "Parent Relationship": "Inner", "Startup Cost": 1.06, "Total Cost": 1.06, "Plan Rows": 1, "Plan Width": 4, "Plans": [{"Node Type": "Seq Scan", "Parent Relationship": "Outer", "Relation Name": "region", "Alias": "region", "Startup Cost": 0.0, "Total Cost": 1.06, "Plan Rows": 1, "Plan Width": 4, "Filter": "(r_name = 'ASIA'::bpchar)"}]}]}]}]}, {"Node Type": "Hash", "Parent Relationship": "Inner", "Startup Cost": 1.25, "Total Cost": 1.25, "Plan Rows": 25, "Plan Width": 30, "Plans": [{"Node Type": "Seq Scan", "Parent Relationship": "Outer", "Relation Name": "nation", "Alias": "n2", "Startup Cost": 0.0, "Total Cost": 1.25, "Plan Rows": 25, "Plan Width": 30}]}]}]}]}, "Unique SQL Id": 3681808042, "Planner Runtime": 8}, "explain_analyze_plan": {"Plan": {"Node Type": "Sort", "Startup Cost": 486022.68, "Total Cost": 486022.71, "Plan Rows": 10, "Plan Width": 66, "Actual Startup Time": 6590.092, "Actual Total Time": 6590.092, "Actual Rows": 2, "Actual Loops": 1, "Sort Key": ["(date_part('year'::text, orders.o_orderdate))"], "Sort Method": "quicksort", "Sort Space Used": 25, "Sort Space Type": "Memory", "Plans": [{"Node Type": "Aggregate", "Strategy": "Hashed", "Parent Relationship": "Outer", "Startup Cost": 486022.37, "Total Cost": 486022.52, "Plan Rows": 10, "Plan Width": 66, "Actual Startup Time": 6590.073, "Actual Total Time": 6590.074, "Actual Rows": 2, "Actual Loops": 1, "Group By Key": ["date_part('year'::text, orders.o_orderdate)"], "Plans": [{"Node Type": "Hash Join", "Parent Relationship": "Outer", "Join Type": "Inner", "Startup Cost": 4537.06, "Total Cost": 485902.55, "Plan Rows": 5991, "Plan Width": 50, "Actual Startup Time": 66.803, "Actual Total Time": 6553.248, "Actual Rows": 23929, "Actual Loops": 1, "Inner Unique": true, "Hash Cond": "(supplier.s_nationkey = n2.n_nationkey)", "Plans": [{"Node Type": "Hash Join", "Parent Relationship": "Outer", "Join Type": "Inner", "Startup Cost": 4535.5, "Total Cost": 485803.63, "Plan Rows": 5991, "Plan Width": 28, "Actual Startup Time": 66.711, "Actual Total Time": 6520.183, "Actual Rows": 23929, "Actual Loops": 1, "Inner Unique": false, "Hash Cond": "(customer.c_nationkey = n1.n_nationkey)", "Plans": [{"Node Type": "Nested Loop", "Parent Relationship": "Outer", "Join Type": "Inner", "Startup Cost": 4533.0, "Total Cost": 485661.65, "Plan Rows": 29954, "Plan Width": 32, "Actual Startup Time": 66.389, "Actual Total Time": 6481.607, "Actual Rows": 119765, "Actual Loops": 1, "Inner Unique": true, "Plans": [{"Node Type": "Hash Join", "Parent Relationship": "Outer", "Join Type": "Inner", "Startup Cost": 4533.0, "Total Cost": 469409.78, "Plan Rows": 51198, "Plan Width": 36, "Actual Startup Time": 66.354, "Actual Total Time": 5548.261, "Actual Rows": 119765, "Actual Loops": 1, "Inner Unique": true, "Hash Cond": "(lineitem.l_suppkey = supplier.s_suppkey)", "Plans": [{"Node Type": "Nested Loop", "Parent Relationship": "Outer", "Join Type": "Inner", "Startup Cost": 0.0, "Total Cost": 464497.44, "Plan Rows": 86479, "Plan Width": 40, "Actual Startup Time": 0.187, "Actual Total Time": 5396.366, "Actual Rows": 119765, "Actual Loops": 1, "Inner Unique": true, "Plans": [{"Node Type": "Nested Loop", "Parent Relationship": "Outer", "Join Type": "Inner", "Startup Cost": 0.0, "Total Cost": 441564.57, "Plan Rows": 74637, "Plan Width": 32, "Actual Startup Time": 0.036, "Actual Total Time": 2002.849, "Actual Rows": 395341, "Actual Loops": 1, "Inner Unique": false, "Plans": [{"Node Type": "Seq Scan", "Parent Relationship": "Outer", "Relation Name": "part", "Alias": "part", "Startup Cost": 0.0, "Total Cost": 66944.0, "Plan Rows": 13538, "Plan Width": 8, "Actual Startup Time": 0.015, "Actual Total Time": 768.176, "Actual Rows": 13163, "Actual Loops": 1, "Filter": "((p_type)::text = 'SMALL PLATED COPPER'::text)", "Rows Removed by Filter": 1986837}, {"Node Type": "Index Scan", "Parent Relationship": "Inner", "Scan Direction": "Forward", "Index Name": "idx_lineitem_part_supp", "Relation Name": "lineitem", "Alias": "lineitem", "Startup Cost": 0.0, "Total Cost": 27.61, "Plan Rows": 6, "Plan Width": 40, "Actual Startup Time": 153.5, "Actual Total Time": 1124.19, "Actual Rows": 395341, "Actual Loops": 13163, "Index Cond": "(l_partkey = part.p_partkey)", "Rows Removed by Index Recheck": 0}]}, {"Node Type": "Index Scan", "Parent Relationship": "Inner", "Scan Direction": "Forward", "Index Name": "orders_pkey", "Relation Name": "orders", "Alias": "orders", "Startup Cost": 0.0, "Total Cost": 0.3, "Plan Rows": 1, "Plan Width": 24, "Actual Startup Time": 3157.377, "Actual Total Time": 3157.377, "Actual Rows": 119765, "Actual Loops": 395341, "Index Cond": "(o_orderkey = lineitem.l_orderkey)", "Rows Removed by Index Recheck": 0, "Filter": "((o_orderdate >= '1995-01-01 00:00:00'::timestamp(0) without time zone) AND (o_orderdate <= '1996-12-31 00:00:00'::timestamp(0) without time zone))", "Rows Removed by Filter": 275576}]}, {"Node Type": "Hash", "Parent Relationship": "Inner", "Startup Cost": 3283.0, "Total Cost": 3283.0, "Plan Rows": 100000, "Plan Width": 12, "Actual Startup Time": 66.061, "Actual Total Time": 66.061, "Actual Rows": 100000, "Actual Loops": 1, "Hash Buckets": 131072, "Hash Batches": 1, "Original Hash Batches": 1, "Peak Memory Usage": 4297, "Plans": [{"Node Type": "Seq Scan", "Parent Relationship": "Outer", "Relation Name": "supplier", "Alias": "supplier", "Startup Cost": 0.0, "Total Cost": 3283.0, "Plan Rows": 100000, "Plan Width": 12, "Actual Startup Time": 0.015, "Actual Total Time": 39.607, "Actual Rows": 100000, "Actual Loops": 1}]}]}, {"Node Type": "Index Scan", "Parent Relationship": "Inner", "Scan Direction": "Forward", "Index Name": "customer_pkey", "Relation Name": "customer", "Alias": "customer", "Startup Cost": 0.0, "Total Cost": 0.31, "Plan Rows": 1, "Plan Width": 12, "Actual Startup Time": 825.415, "Actual Total Time": 825.415, "Actual Rows": 119765, "Actual Loops": 119765, "Index Cond": "(c_custkey = orders.o_custkey)", "Rows Removed by Index Recheck": 0}]}, {"Node Type": "Hash", "Parent Relationship": "Inner", "Startup Cost": 2.44, "Total Cost": 2.44, "Plan Rows": 5, "Plan Width": 4, "Actual Startup Time": 0.074, "Actual Total Time": 0.074, "Actual Rows": 5, "Actual Loops": 1, "Hash Buckets": 32768, "Hash Batches": 1, "Original Hash Batches": 1, "Peak Memory Usage": 1, "Plans": [{"Node Type": "Hash Join", "Parent Relationship": "Outer", "Join Type": "Inner", "Startup Cost": 1.07, "Total Cost": 2.44, "Plan Rows": 5, "Plan Width": 4, "Actual Startup Time": 0.06, "Actual Total Time": 0.068, "Actual Rows": 5, "Actual Loops": 1, "Inner Unique": true, "Hash Cond": "(n1.n_regionkey = region.r_regionkey)", "Plans": [{"Node Type": "Seq Scan", "Parent Relationship": "Outer", "Relation Name": "nation", "Alias": "n1", "Startup Cost": 0.0, "Total Cost": 1.25, "Plan Rows": 25, "Plan Width": 8, "Actual Startup Time": 0.011, "Actual Total Time": 0.015, "Actual Rows": 25, "Actual Loops": 1}, {"Node Type": "Hash", "Parent Relationship": "Inner", "Startup Cost": 1.06, "Total Cost": 1.06, "Plan Rows": 1, "Plan Width": 4, "Actual Startup Time": 0.013, "Actual Total Time": 0.013, "Actual Rows": 1, "Actual Loops": 1, "Hash Buckets": 32768, "Hash Batches": 1, "Original Hash Batches": 1, "Peak Memory Usage": 1, "Plans": [{"Node Type": "Seq Scan", "Parent Relationship": "Outer", "Relation Name": "region", "Alias": "region", "Startup Cost": 0.0, "Total Cost": 1.06, "Plan Rows": 1, "Plan Width": 4, "Actual Startup Time": 0.011, "Actual Total Time": 0.012, "Actual Rows": 1, "Actual Loops": 1, "Filter": "(r_name = 'ASIA'::bpchar)", "Rows Removed by Filter": 4}]}]}]}]}, {"Node Type": "Hash", "Parent Relationship": "Inner", "Startup Cost": 1.25, "Total Cost": 1.25, "Plan Rows": 25, "Plan Width": 30, "Actual Startup Time": 0.04, "Actual Total Time": 0.04, "Actual Rows": 25, "Actual Loops": 1, "Hash Buckets": 32768, "Hash Batches": 1, "Original Hash Batches": 1, "Peak Memory Usage": 2, "Plans": [{"Node Type": "Seq Scan", "Parent Relationship": "Outer", "Relation Name": "nation", "Alias": "n2", "Startup Cost": 0.0, "Total Cost": 1.25, "Plan Rows": 25, "Plan Width": 30, "Actual Startup Time": 0.016, "Actual Total Time": 0.023, "Actual Rows": 25, "Actual Loops": 1}]}]}]}]}, "Triggers": [], "Planner Runtime": 5, "Total Runtime": 6590.535, "Unique SQL Id": 3681808042}}, "(16, 77)": {"explain_plan": {"Plan": {"Node Type": "Sort", "Startup Cost": 526963.15, "Total Cost": 526963.18, "Plan Rows": 10, "Plan Width": 66, "Sort Key": ["(date_part('year'::text, orders.o_orderdate))"], "Plans": [{"Node Type": "Aggregate", "Strategy": "Hashed", "Parent Relationship": "Outer", "Startup Cost": 526962.83, "Total Cost": 526962.98, "Plan Rows": 10, "Plan Width": 66, "Group By Key": ["date_part('year'::text, orders.o_orderdate)"], "Plans": [{"Node Type": "Hash Join", "Parent Relationship": "Outer", "Join Type": "Inner", "Startup Cost": 6618.28, "Total Cost": 526843.01, "Plan Rows": 5991, "Plan Width": 50, "Inner Unique": true, "Hash Cond": "(supplier.s_nationkey = n2.n_nationkey)", "Plans": [{"Node Type": "Hash Join", "Parent Relationship": "Outer", "Join Type": "Inner", "Startup Cost": 6605.34, "Total Cost": 526732.72, "Plan Rows": 5991, "Plan Width": 28, "Inner Unique": false, "Hash Cond": "(customer.c_nationkey = n1.n_nationkey)", "Plans": [{"Node Type": "Nested Loop", "Parent Relationship": "Outer", "Join Type": "Inner", "Startup Cost": 6584.54, "Total Cost": 526572.45, "Plan Rows": 29954, "Plan Width": 32, "Inner Unique": true, "Plans": [{"Node Type": "Hash Join", "Parent Relationship": "Outer", "Join Type": "Inner", "Startup Cost": 6584.54, "Total Cost": 510320.57, "Plan Rows": 51198, "Plan Width": 36, "Inner Unique": true, "Hash Cond": "(lineitem.l_suppkey = supplier.s_suppkey)", "Plans": [{"Node Type": "Nested Loop", "Parent Relationship": "Outer", "Join Type": "Inner", "Startup Cost": 0.0, "Total Cost": 503356.69, "Plan Rows": 86479, "Plan Width": 40, "Inner Unique": true, "Plans": [{"Node Type": "Nested Loop", "Parent Relationship": "Outer", "Join Type": "Inner", "Startup Cost": 0.0, "Total Cost": 480423.82, "Plan Rows": 74637, "Plan Width": 32, "Inner Unique": false, "Plans": [{"Node Type": "Index Scan", "Parent Relationship": "Outer", "Scan Direction": "Forward", "Index Name": "part_kpey", "Relation Name": "part", "Alias": "part", "Startup Cost": 0.0, "Total Cost": 105803.25, "Plan Rows": 13538, "Plan Width": 8, "Filter": "((p_type)::text = 'SMALL PLATED COPPER'::text)"}, {"Node Type": "Index Scan", "Parent Relationship": "Inner", "Scan Direction": "Forward", "Index Name": "idx_lineitem_part_supp", "Relation Name": "lineitem", "Alias": "lineitem", "Startup Cost": 0.0, "Total Cost": 27.61, "Plan Rows": 6, "Plan Width": 40, "Index Cond": "(l_partkey = part.p_partkey)"}]}, {"Node Type": "Index Scan", "Parent Relationship": "Inner", "Scan Direction": "Forward", "Index Name": "orders_pkey", "Relation Name": "orders", "Alias": "orders", "Startup Cost": 0.0, "Total Cost": 0.3, "Plan Rows": 1, "Plan Width": 24, "Index Cond": "(o_orderkey = lineitem.l_orderkey)", "Filter": "((o_orderdate >= '1995-01-01 00:00:00'::timestamp(0) without time zone) AND (o_orderdate <= '1996-12-31 00:00:00'::timestamp(0) without time zone))"}]}, {"Node Type": "Hash", "Parent Relationship": "Inner", "Startup Cost": 5334.54, "Total Cost": 5334.54, "Plan Rows": 100000, "Plan Width": 12, "Plans": [{"Node Type": "Index Scan", "Parent Relationship": "Outer", "Scan Direction": "Forward", "Index Name": "supplier_pkey", "Relation Name": "supplier", "Alias": "supplier", "Startup Cost": 0.0, "Total Cost": 5334.54, "Plan Rows": 100000, "Plan Width": 12}]}]}, {"Node Type": "Index Scan", "Parent Relationship": "Inner", "Scan Direction": "Forward", "Index Name": "customer_pkey", "Relation Name": "customer", "Alias": "customer", "Startup Cost": 0.0, "Total Cost": 0.31, "Plan Rows": 1, "Plan Width": 12, "Index Cond": "(c_custkey = orders.o_custkey)"}]}, {"Node Type": "Hash", "Parent Relationship": "Inner", "Startup Cost": 20.74, "Total Cost": 20.74, "Plan Rows": 5, "Plan Width": 4, "Plans": [{"Node Type": "Nested Loop", "Parent Relationship": "Outer", "Join Type": "Inner", "Startup Cost": 0.0, "Total Cost": 20.74, "Plan Rows": 5, "Plan Width": 4, "Inner Unique": false, "Plans": [{"Node Type": "Index Scan", "Parent Relationship": "Outer", "Scan Direction": "Forward", "Index Name": "region_pkey", "Relation Name": "region", "Alias": "region", "Startup Cost": 0.0, "Total Cost": 12.34, "Plan Rows": 1, "Plan Width": 4, "Filter": "(r_name = 'ASIA'::bpchar)"}, {"Node Type": "Index Scan", "Parent Relationship": "Inner", "Scan Direction": "Forward", "Index Name": "idx_nation_regionkey", "Relation Name": "nation", "Alias": "n1", "Startup Cost": 0.0, "Total Cost": 8.35, "Plan Rows": 5, "Plan Width": 8, "Index Cond": "(n_regionkey = region.r_regionkey)"}]}]}]}, {"Node Type": "Hash", "Parent Relationship": "Inner", "Startup Cost": 12.62, "Total Cost": 12.62, "Plan Rows": 25, "Plan Width": 30, "Plans": [{"Node Type": "Index Scan", "Parent Relationship": "Outer", "Scan Direction": "Forward", "Index Name": "nation_pkey", "Relation Name": "nation", "Alias": "n2", "Startup Cost": 0.0, "Total Cost": 12.62, "Plan Rows": 25, "Plan Width": 30}]}]}]}]}, "Unique SQL Id": 3681808042, "Planner Runtime": 7}, "explain_analyze_plan": {"Plan": {"Node Type": "Sort", "Startup Cost": 526963.15, "Total Cost": 526963.18, "Plan Rows": 10, "Plan Width": 66, "Actual Startup Time": 7259.118, "Actual Total Time": 7259.118, "Actual Rows": 2, "Actual Loops": 1, "Sort Key": ["(date_part('year'::text, orders.o_orderdate))"], "Sort Method": "quicksort", "Sort Space Used": 25, "Sort Space Type": "Memory", "Plans": [{"Node Type": "Aggregate", "Strategy": "Hashed", "Parent Relationship": "Outer", "Startup Cost": 526962.83, "Total Cost": 526962.98, "Plan Rows": 10, "Plan Width": 66, "Actual Startup Time": 7259.099, "Actual Total Time": 7259.101, "Actual Rows": 2, "Actual Loops": 1, "Group By Key": ["date_part('year'::text, orders.o_orderdate)"], "Plans": [{"Node Type": "Hash Join", "Parent Relationship": "Outer", "Join Type": "Inner", "Startup Cost": 6618.28, "Total Cost": 526843.01, "Plan Rows": 5991, "Plan Width": 50, "Actual Startup Time": 103.776, "Actual Total Time": 7221.88, "Actual Rows": 23929, "Actual Loops": 1, "Inner Unique": true, "Hash Cond": "(supplier.s_nationkey = n2.n_nationkey)", "Plans": [{"Node Type": "Hash Join", "Parent Relationship": "Outer", "Join Type": "Inner", "Startup Cost": 6605.34, "Total Cost": 526732.72, "Plan Rows": 5991, "Plan Width": 28, "Actual Startup Time": 103.672, "Actual Total Time": 7187.912, "Actual Rows": 23929, "Actual Loops": 1, "Inner Unique": false, "Hash Cond": "(customer.c_nationkey = n1.n_nationkey)", "Plans": [{"Node Type": "Nested Loop", "Parent Relationship": "Outer", "Join Type": "Inner", "Startup Cost": 6584.54, "Total Cost": 526572.45, "Plan Rows": 29954, "Plan Width": 32, "Actual Startup Time": 103.406, "Actual Total Time": 7150.2, "Actual Rows": 119765, "Actual Loops": 1, "Inner Unique": true, "Plans": [{"Node Type": "Hash Join", "Parent Relationship": "Outer", "Join Type": "Inner", "Startup Cost": 6584.54, "Total Cost": 510320.57, "Plan Rows": 51198, "Plan Width": 36, "Actual Startup Time": 103.376, "Actual Total Time": 6218.905, "Actual Rows": 119765, "Actual Loops": 1, "Inner Unique": true, "Hash Cond": "(lineitem.l_suppkey = supplier.s_suppkey)", "Plans": [{"Node Type": "Nested Loop", "Parent Relationship": "Outer", "Join Type": "Inner", "Startup Cost": 0.0, "Total Cost": 503356.69, "Plan Rows": 86479, "Plan Width": 40, "Actual Startup Time": 0.145, "Actual Total Time": 6033.436, "Actual Rows": 119765, "Actual Loops": 1, "Inner Unique": true, "Plans": [{"Node Type": "Nested Loop", "Parent Relationship": "Outer", "Join Type": "Inner", "Startup Cost": 0.0, "Total Cost": 480423.82, "Plan Rows": 74637, "Plan Width": 32, "Actual Startup Time": 0.038, "Actual Total Time": 2610.331, "Actual Rows": 395341, "Actual Loops": 1, "Inner Unique": false, "Plans": [{"Node Type": "Index Scan", "Parent Relationship": "Outer", "Scan Direction": "Forward", "Index Name": "part_kpey", "Relation Name": "part", "Alias": "part", "Startup Cost": 0.0, "Total Cost": 105803.25, "Plan Rows": 13538, "Plan Width": 8, "Actual Startup Time": 0.024, "Actual Total Time": 1364.05, "Actual Rows": 13163, "Actual Loops": 1, "Filter": "((p_type)::text = 'SMALL PLATED COPPER'::text)", "Rows Removed by Filter": 1986837}, {"Node Type": "Index Scan", "Parent Relationship": "Inner", "Scan Direction": "Forward", "Index Name": "idx_lineitem_part_supp", "Relation Name": "lineitem", "Alias": "lineitem", "Startup Cost": 0.0, "Total Cost": 27.61, "Plan Rows": 6, "Plan Width": 40, "Actual Startup Time": 160.318, "Actual Total Time": 1143.093, "Actual Rows": 395341, "Actual Loops": 13163, "Index Cond": "(l_partkey = part.p_partkey)", "Rows Removed by Index Recheck": 0}]}, {"Node Type": "Index Scan", "Parent Relationship": "Inner", "Scan Direction": "Forward", "Index Name": "orders_pkey", "Relation Name": "orders", "Alias": "orders", "Startup Cost": 0.0, "Total Cost": 0.3, "Plan Rows": 1, "Plan Width": 24, "Actual Startup Time": 3189.021, "Actual Total Time": 3189.021, "Actual Rows": 119765, "Actual Loops": 395341, "Index Cond": "(o_orderkey = lineitem.l_orderkey)", "Rows Removed by Index Recheck": 0, "Filter": "((o_orderdate >= '1995-01-01 00:00:00'::timestamp(0) without time zone) AND (o_orderdate <= '1996-12-31 00:00:00'::timestamp(0) without time zone))", "Rows Removed by Filter": 275576}]}, {"Node Type": "Hash", "Parent Relationship": "Inner", "Startup Cost": 5334.54, "Total Cost": 5334.54, "Plan Rows": 100000, "Plan Width": 12, "Actual Startup Time": 103.046, "Actual Total Time": 103.046, "Actual Rows": 100000, "Actual Loops": 1, "Hash Buckets": 131072, "Hash Batches": 1, "Original Hash Batches": 1, "Peak Memory Usage": 4297, "Plans": [{"Node Type": "Index Scan", "Parent Relationship": "Outer", "Scan Direction": "Forward", "Index Name": "supplier_pkey", "Relation Name": "supplier", "Alias": "supplier", "Startup Cost": 0.0, "Total Cost": 5334.54, "Plan Rows": 100000, "Plan Width": 12, "Actual Startup Time": 0.019, "Actual Total Time": 74.651, "Actual Rows": 100000, "Actual Loops": 1}]}]}, {"Node Type": "Index Scan", "Parent Relationship": "Inner", "Scan Direction": "Forward", "Index Name": "customer_pkey", "Relation Name": "customer", "Alias": "customer", "Startup Cost": 0.0, "Total Cost": 0.31, "Plan Rows": 1, "Plan Width": 12, "Actual Startup Time": 819.21, "Actual Total Time": 819.21, "Actual Rows": 119765, "Actual Loops": 119765, "Index Cond": "(c_custkey = orders.o_custkey)", "Rows Removed by Index Recheck": 0}]}, {"Node Type": "Hash", "Parent Relationship": "Inner", "Startup Cost": 20.74, "Total Cost": 20.74, "Plan Rows": 5, "Plan Width": 4, "Actual Startup Time": 0.027, "Actual Total Time": 0.027, "Actual Rows": 5, "Actual Loops": 1, "Hash Buckets": 32768, "Hash Batches": 1, "Original Hash Batches": 1, "Peak Memory Usage": 1, "Plans": [{"Node Type": "Nested Loop", "Parent Relationship": "Outer", "Join Type": "Inner", "Startup Cost": 0.0, "Total Cost": 20.74, "Plan Rows": 5, "Plan Width": 4, "Actual Startup Time": 0.018, "Actual Total Time": 0.024, "Actual Rows": 5, "Actual Loops": 1, "Inner Unique": false, "Plans": [{"Node Type": "Index Scan", "Parent Relationship": "Outer", "Scan Direction": "Forward", "Index Name": "region_pkey", "Relation Name": "region", "Alias": "region", "Startup Cost": 0.0, "Total Cost": 12.34, "Plan Rows": 1, "Plan Width": 4, "Actual Startup Time": 0.009, "Actual Total Time": 0.01, "Actual Rows": 1, "Actual Loops": 1, "Filter": "(r_name = 'ASIA'::bpchar)", "Rows Removed by Filter": 4}, {"Node Type": "Index Scan", "Parent Relationship": "Inner", "Scan Direction": "Forward", "Index Name": "idx_nation_regionkey", "Relation Name": "nation", "Alias": "n1", "Startup Cost": 0.0, "Total Cost": 8.35, "Plan Rows": 5, "Plan Width": 8, "Actual Startup Time": 0.006, "Actual Total Time": 0.007, "Actual Rows": 5, "Actual Loops": 1, "Index Cond": "(n_regionkey = region.r_regionkey)", "Rows Removed by Index Recheck": 0}]}]}]}, {"Node Type": "Hash", "Parent Relationship": "Inner", "Startup Cost": 12.62, "Total Cost": 12.62, "Plan Rows": 25, "Plan Width": 30, "Actual Startup Time": 0.035, "Actual Total Time": 0.035, "Actual Rows": 25, "Actual Loops": 1, "Hash Buckets": 32768, "Hash Batches": 1, "Original Hash Batches": 1, "Peak Memory Usage": 2, "Plans": [{"Node Type": "Index Scan", "Parent Relationship": "Outer", "Scan Direction": "Forward", "Index Name": "nation_pkey", "Relation Name": "nation", "Alias": "n2", "Startup Cost": 0.0, "Total Cost": 12.62, "Plan Rows": 25, "Plan Width": 30, "Actual Startup Time": 0.009, "Actual Total Time": 0.023, "Actual Rows": 25, "Actual Loops": 1}]}]}]}]}, "Triggers": [], "Planner Runtime": 4, "Total Runtime": 7259.535, "Unique SQL Id": 3681808042}}, "(16, 78)": {"explain_plan": {"Plan": {"Node Type": "Sort", "Startup Cost": 2907141.92, "Total Cost": 2907141.94, "Plan Rows": 10, "Plan Width": 66, "Sort Key": ["(date_part('year'::text, orders.o_orderdate))"], "Plans": [{"Node Type": "Aggregate", "Strategy": "Hashed", "Parent Relationship": "Outer", "Startup Cost": 2907141.6, "Total Cost": 2907141.75, "Plan Rows": 10, "Plan Width": 66, "Group By Key": ["date_part('year'::text, orders.o_orderdate)"], "Plans": [{"Node Type": "Hash Join", "Parent Relationship": "Outer", "Join Type": "Inner", "Startup Cost": 664848.38, "Total Cost": 2907021.78, "Plan Rows": 5991, "Plan Width": 50, "Inner Unique": true, "Hash Cond": "(supplier.s_nationkey = n2.n_nationkey)", "Plans": [{"Node Type": "Hash Join", "Parent Relationship": "Outer", "Join Type": "Inner", "Startup Cost": 664846.82, "Total Cost": 2906922.86, "Plan Rows": 5991, "Plan Width": 28, "Inner Unique": true, "Hash Cond": "(lineitem.l_suppkey = supplier.s_suppkey)", "Plans": [{"Node Type": "Hash Join", "Parent Relationship": "Outer", "Join Type": "Inner", "Startup Cost": 660313.82, "Total Cost": 2902243.54, "Plan Rows": 17296, "Plan Width": 32, "Inner Unique": false, "Hash Cond": "(lineitem.l_orderkey = orders.o_orderkey)", "Plans": [{"Node Type": "Hash Join", "Parent Relationship": "Outer", "Join Type": "Inner", "Startup Cost": 67113.23, "Total Cost": 2307926.3, "Plan Rows": 74637, "Plan Width": 32, "Inner Unique": true, "Hash Cond": "(lineitem.l_partkey = part.p_partkey)", "Plans": [{"Node Type": "Seq Scan", "Parent Relationship": "Outer", "Relation Name": "lineitem", "Alias": "lineitem", "Startup Cost": 0.0, "Total Cost": 2015115.33, "Plan Rows": 59987033, "Plan Width": 40}, {"Node Type": "Hash", "Parent Relationship": "Inner", "Startup Cost": 66944.0, "Total Cost": 66944.0, "Plan Rows": 13538, "Plan Width": 8, "Plans": [{"Node Type": "Seq Scan", "Parent Relationship": "Outer", "Relation Name": "part", "Alias": "part", "Startup Cost": 0.0, "Total Cost": 66944.0, "Plan Rows": 13538, "Plan Width": 8, "Filter": "((p_type)::text = 'SMALL PLATED COPPER'::text)"}]}]}, {"Node Type": "Hash", "Parent Relationship": "Inner", "Startup Cost": 586571.9, "Total Cost": 586571.9, "Plan Rows": 530296, "Plan Width": 16, "Plans": [{"Node Type": "Hash Join", "Parent Relationship": "Outer", "Join Type": "Inner", "Startup Cost": 63058.22, "Total Cost": 586571.9, "Plan Rows": 530296, "Plan Width": 16, "Inner Unique": false, "Hash Cond": "(orders.o_custkey = customer.c_custkey), (LLVM Optimized)", "Plans": [{"Node Type": "Seq Scan", "Parent Relationship": "Outer", "Relation Name": "orders", "Alias": "orders", "Startup Cost": 195.35, "Total Cost": 501411.18, "Plan Rows": 4531967, "Plan Width": 24, "Filter": "((o_orderdate >= '1995-01-01 00:00:00'::timestamp(0) without time zone) AND (o_orderdate <= '1996-12-31 00:00:00'::timestamp(0) without time zone)), (LLVM Optimized)"}, {"Node Type": "Hash", "Parent Relationship": "Inner", "Startup Cost": 59112.88, "Total Cost": 59112.88, "Plan Rows": 300000, "Plan Width": 8, "Plans": [{"Node Type": "Hash Join", "Parent Relationship": "Outer", "Join Type": "Inner", "Startup Cost": 2.5, "Total Cost": 59112.88, "Plan Rows": 300000, "Plan Width": 8, "Inner Unique": false, "Hash Cond": "(customer.c_nationkey = n1.n_nationkey), (LLVM Optimized)", "Plans": [{"Node Type": "Seq Scan", "Parent Relationship": "Outer", "Relation Name": "customer", "Alias": "customer", "Startup Cost": 0.0, "Total Cost": 52126.0, "Plan Rows": 1500000, "Plan Width": 12}, {"Node Type": "Hash", "Parent Relationship": "Inner", "Startup Cost": 2.44, "Total Cost": 2.44, "Plan Rows": 5, "Plan Width": 4, "Plans": [{"Node Type": "Hash Join", "Parent Relationship": "Outer", "Join Type": "Inner", "Startup Cost": 1.07, "Total Cost": 2.44, "Plan Rows": 5, "Plan Width": 4, "Inner Unique": true, "Hash Cond": "(n1.n_regionkey = region.r_regionkey)", "Plans": [{"Node Type": "Seq Scan", "Parent Relationship": "Outer", "Relation Name": "nation", "Alias": "n1", "Startup Cost": 0.0, "Total Cost": 1.25, "Plan Rows": 25, "Plan Width": 8}, {"Node Type": "Hash", "Parent Relationship": "Inner", "Startup Cost": 1.06, "Total Cost": 1.06, "Plan Rows": 1, "Plan Width": 4, "Plans": [{"Node Type": "Seq Scan", "Parent Relationship": "Outer", "Relation Name": "region", "Alias": "region", "Startup Cost": 0.0, "Total Cost": 1.06, "Plan Rows": 1, "Plan Width": 4, "Filter": "(r_name = 'ASIA'::bpchar)"}]}]}]}]}]}]}]}]}, {"Node Type": "Hash", "Parent Relationship": "Inner", "Startup Cost": 3283.0, "Total Cost": 3283.0, "Plan Rows": 100000, "Plan Width": 12, "Plans": [{"Node Type": "Seq Scan", "Parent Relationship": "Outer", "Relation Name": "supplier", "Alias": "supplier", "Startup Cost": 0.0, "Total Cost": 3283.0, "Plan Rows": 100000, "Plan Width": 12}]}]}, {"Node Type": "Hash", "Parent Relationship": "Inner", "Startup Cost": 1.25, "Total Cost": 1.25, "Plan Rows": 25, "Plan Width": 30, "Plans": [{"Node Type": "Seq Scan", "Parent Relationship": "Outer", "Relation Name": "nation", "Alias": "n2", "Startup Cost": 0.0, "Total Cost": 1.25, "Plan Rows": 25, "Plan Width": 30}]}]}]}]}, "Unique SQL Id": 3681808042, "Planner Runtime": 7}, "explain_analyze_plan": null}, "(16, 79)": {"explain_plan": {"Plan": {"Node Type": "Sort", "Startup Cost": 8000408394571.21, "Total Cost": 8000408394571.23, "Plan Rows": 10, "Plan Width": 66, "Sort Key": ["(date_part('year'::text, orders.o_orderdate))"], "Plans": [{"Node Type": "Aggregate", "Strategy": "Hashed", "Parent Relationship": "Outer", "Startup Cost": 8000408394570.89, "Total Cost": 8000408394571.04, "Plan Rows": 10, "Plan Width": 66, "Group By Key": ["date_part('year'::text, orders.o_orderdate)"], "Plans": [{"Node Type": "Hash Join", "Parent Relationship": "Outer", "Join Type": "Inner", "Startup Cost": 6020055697634.45, "Total Cost": 8000408394224.97, "Plan Rows": 17296, "Plan Width": 50, "Inner Unique": true, "Hash Cond": "(supplier.s_nationkey = n2.n_nationkey)", "Plans": [{"Node Type": "Hash Join", "Parent Relationship": "Outer", "Join Type": "Inner", "Startup Cost": 5020055696371.64, "Total Cost": 7000408392681.1, "Plan Rows": 17296, "Plan Width": 28, "Inner Unique": true, "Hash Cond": "(lineitem.l_suppkey = supplier.s_suppkey)", "Plans": [{"Node Type": "Hash Join", "Parent Relationship": "Outer", "Join Type": "Inner", "Startup Cost": 4020055161667.26, "Total Cost": 6000407857830.4, "Plan Rows": 17296, "Plan Width": 32, "Inner Unique": false, "Hash Cond": "(customer.c_nationkey = n1.n_nationkey)", "Plans": [{"Node Type": "Hash Join", "Parent Relationship": "Outer", "Join Type": "Inner", "Startup Cost": 2020055159598.39, "Total Cost": 4000407855264.28, "Plan Rows": 86479, "Plan Width": 36, "Inner Unique": true, "Hash Cond": "(orders.o_custkey = customer.c_custkey)", "Plans": [{"Node Type": "Hash Join", "Parent Relationship": "Outer", "Join Type": "Inner", "Startup Cost": 1020047064312.77, "Total Cost": 3000399758789.57, "Plan Rows": 86479, "Plan Width": 40, "Inner Unique": true, "Hash Cond": "(lineitem.l_partkey = part.p_partkey)", "Plans": [{"Node Type": "Merge Join", "Parent Relationship": "Outer", "Join Type": "Inner", "Startup Cost": 20036483818.55, "Total Cost": 2000389023456.58, "Plan Rows": 41148382, "Plan Width": 48, "Inner Unique": false, "Merge Cond": "(orders.o_orderkey = lineitem.l_orderkey)", "Plans": [{"Node Type": "Index Scan", "Parent Relationship": "Outer", "Scan Direction": "Forward", "Index Name": "orders_pkey", "Relation Name": "orders", "Alias": "orders", "Startup Cost": 10000000000.0, "Total Cost": 1000080597583.0, "Plan Rows": 4531967, "Plan Width": 24, "Filter": "((o_orderdate >= '1995-01-01 00:00:00'::timestamp(0) without time zone) AND (o_orderdate <= '1996-12-31 00:00:00'::timestamp(0) without time zone)), (LLVM Optimized)"}, {"Node Type": "Index Scan", "Parent Relationship": "Inner", "Scan Direction": "Forward", "Index Name": "idx_lineitem_orderkey", "Relation Name": "lineitem", "Alias": "lineitem", "Startup Cost": 10000000000.0, "Total Cost": 1000324015374.5, "Plan Rows": 59987033, "Plan Width": 40}]}, {"Node Type": "Hash", "Parent Relationship": "Inner", "Startup Cost": 1000010580325.0, "Total Cost": 1000010580325.0, "Plan Rows": 13538, "Plan Width": 8, "Plans": [{"Node Type": "Index Scan", "Parent Relationship": "Outer", "Scan Direction": "Forward", "Index Name": "part_kpey", "Relation Name": "part", "Alias": "part", "Startup Cost": 10000000000.0, "Total Cost": 1000010580325.0, "Plan Rows": 13538, "Plan Width": 8, "Filter": "((p_type)::text = 'SMALL PLATED COPPER'::text)"}]}]}, {"Node Type": "Hash", "Parent Relationship": "Inner", "Startup Cost": 1000008076535.62, "Total Cost": 1000008076535.62, "Plan Rows": 1500000, "Plan Width": 12, "Plans": [{"Node Type": "Index Scan", "Parent Relationship": "Outer", "Scan Direction": "Forward", "Index Name": "customer_pkey", "Relation Name": "customer", "Alias": "customer", "Startup Cost": 10000000000.0, "Total Cost": 1000008076535.62, "Plan Rows": 1500000, "Plan Width": 12}]}]}, {"Node Type": "Hash", "Parent Relationship": "Inner", "Startup Cost": 2000000002068.8, "Total Cost": 2000000002068.8, "Plan Rows": 5, "Plan Width": 4, "Plans": [{"Node Type": "Nested Loop", "Parent Relationship": "Outer", "Join Type": "Inner", "Startup Cost": 20000000000.0, "Total Cost": 2000000002068.8, "Plan Rows": 5, "Plan Width": 4, "Inner Unique": false, "Plans": [{"Node Type": "Index Scan", "Parent Relationship": "Outer", "Scan Direction": "Forward", "Index Name": "region_pkey", "Relation Name": "region", "Alias": "region", "Startup Cost": 10000000000.0, "Total Cost": 1000000001233.75, "Plan Rows": 1, "Plan Width": 4, "Filter": "(r_name = 'ASIA'::bpchar)"}, {"Node Type": "Index Scan", "Parent Relationship": "Inner", "Scan Direction": "Forward", "Index Name": "idx_nation_regionkey", "Relation Name": "nation", "Alias": "n1", "Startup Cost": 10000000000.0, "Total Cost": 1000000000835.0, "Plan Rows": 5, "Plan Width": 8, "Index Cond": "(n_regionkey = region.r_regionkey)"}]}]}]}, {"Node Type": "Hash", "Parent Relationship": "Inner", "Startup Cost": 1000000533454.38, "Total Cost": 1000000533454.38, "Plan Rows": 100000, "Plan Width": 12, "Plans": [{"Node Type": "Index Scan", "Parent Relationship": "Outer", "Scan Direction": "Forward", "Index Name": "supplier_pkey", "Relation Name": "supplier", "Alias": "supplier", "Startup Cost": 10000000000.0, "Total Cost": 1000000533454.38, "Plan Rows": 100000, "Plan Width": 12}]}]}, {"Node Type": "Hash", "Parent Relationship": "Inner", "Startup Cost": 1000000001262.5, "Total Cost": 1000000001262.5, "Plan Rows": 25, "Plan Width": 30, "Plans": [{"Node Type": "Index Scan", "Parent Relationship": "Outer", "Scan Direction": "Forward", "Index Name": "nation_pkey", "Relation Name": "nation", "Alias": "n2", "Startup Cost": 10000000000.0, "Total Cost": 1000000001262.5, "Plan Rows": 25, "Plan Width": 30}]}]}]}]}, "Unique SQL Id": 3681808042, "Planner Runtime": 16}, "explain_analyze_plan": null}, "(16, 80)": {"explain_plan": {"Plan": {"Node Type": "Sort", "Startup Cost": 496537.18, "Total Cost": 496537.2, "Plan Rows": 10, "Plan Width": 66, "Sort Key": ["(date_part('year'::text, orders.o_orderdate))"], "Plans": [{"Node Type": "Aggregate", "Strategy": "Hashed", "Parent Relationship": "Outer", "Startup Cost": 496536.86, "Total Cost": 496537.01, "Plan Rows": 10, "Plan Width": 66, "Group By Key": ["date_part('year'::text, orders.o_orderdate)"], "Plans": [{"Node Type": "Merge Join", "Parent Relationship": "Outer", "Join Type": "Inner", "Startup Cost": 496312.07, "Total Cost": 496417.04, "Plan Rows": 5991, "Plan Width": 50, "Inner Unique": false, "Merge Cond": "(n2.n_nationkey = supplier.s_nationkey)", "Plans": [{"Node Type": "Sort", "Parent Relationship": "Outer", "Startup Cost": 1.83, "Total Cost": 1.89, "Plan Rows": 25, "Plan Width": 30, "Sort Key": ["n2.n_nationkey"], "Plans": [{"Node Type": "Seq Scan", "Parent Relationship": "Outer", "Relation Name": "nation", "Alias": "n2", "Startup Cost": 0.0, "Total Cost": 1.25, "Plan Rows": 25, "Plan Width": 30}]}, {"Node Type": "Sort", "Parent Relationship": "Inner", "Startup Cost": 496310.24, "Total Cost": 496325.22, "Plan Rows": 5991, "Plan Width": 28, "Sort Key": ["supplier.s_nationkey"], "Plans": [{"Node Type": "Merge Join", "Parent Relationship": "Outer", "Join Type": "Inner", "Startup Cost": 495724.65, "Total Cost": 495934.35, "Plan Rows": 5991, "Plan Width": 28, "Inner Unique": false, "Merge Cond": "(n1.n_nationkey = customer.c_nationkey)", "Plans": [{"Node Type": "Sort", "Parent Relationship": "Outer", "Startup Cost": 3.14, "Total Cost": 3.16, "Plan Rows": 5, "Plan Width": 4, "Sort Key": ["n1.n_nationkey"], "Plans": [{"Node Type": "Merge Join", "Parent Relationship": "Outer", "Join Type": "Inner", "Startup Cost": 2.9, "Total Cost": 3.09, "Plan Rows": 5, "Plan Width": 4, "Inner Unique": false, "Merge Cond": "(region.r_regionkey = n1.n_regionkey)", "Plans": [{"Node Type": "Sort", "Parent Relationship": "Outer", "Startup Cost": 1.07, "Total Cost": 1.08, "Plan Rows": 1, "Plan Width": 4, "Sort Key": ["region.r_regionkey"], "Plans": [{"Node Type": "Seq Scan", "Parent Relationship": "Outer", "Relation Name": "region", "Alias": "region", "Startup Cost": 0.0, "Total Cost": 1.06, "Plan Rows": 1, "Plan Width": 4, "Filter": "(r_name = 'ASIA'::bpchar)"}]}, {"Node Type": "Sort", "Parent Relationship": "Inner", "Startup Cost": 1.83, "Total Cost": 1.89, "Plan Rows": 25, "Plan Width": 8, "Sort Key": ["n1.n_regionkey"], "Plans": [{"Node Type": "Seq Scan", "Parent Relationship": "Outer", "Relation Name": "nation", "Alias": "n1", "Startup Cost": 0.0, "Total Cost": 1.25, "Plan Rows": 25, "Plan Width": 8}]}]}]}, {"Node Type": "Sort", "Parent Relationship": "Inner", "Startup Cost": 495721.5, "Total Cost": 495796.39, "Plan Rows": 29954, "Plan Width": 32, "Sort Key": ["customer.c_nationkey"], "Plans": [{"Node Type": "Nested Loop", "Parent Relationship": "Outer", "Join Type": "Inner", "Startup Cost": 447605.57, "Total Cost": 493494.35, "Plan Rows": 29954, "Plan Width": 32, "Inner Unique": true, "Plans": [{"Node Type": "Nested Loop", "Parent Relationship": "Outer", "Join Type": "Inner", "Startup Cost": 447605.57, "Total Cost": 477242.48, "Plan Rows": 51198, "Plan Width": 36, "Inner Unique": true, "Plans": [{"Node Type": "Merge Join", "Parent Relationship": "Outer", "Join Type": "Inner", "Startup Cost": 447605.57, "Total Cost": 454309.6, "Plan Rows": 74637, "Plan Width": 28, "Inner Unique": false, "Merge Cond": "(supplier.s_suppkey = lineitem.l_suppkey)", "Plans": [{"Node Type": "Index Scan", "Parent Relationship": "Outer", "Scan Direction": "Forward", "Index Name": "supplier_pkey", "Relation Name": "supplier", "Alias": "supplier", "Startup Cost": 0.0, "Total Cost": 5334.54, "Plan Rows": 100000, "Plan Width": 12}, {"Node Type": "Sort", "Parent Relationship": "Inner", "Startup Cost": 447605.54, "Total Cost": 447792.13, "Plan Rows": 74637, "Plan Width": 32, "Sort Key": ["lineitem.l_suppkey"], "Plans": [{"Node Type": "Nested Loop", "Parent Relationship": "Outer", "Join Type": "Inner", "Startup Cost": 0.0, "Total Cost": 441564.57, "Plan Rows": 74637, "Plan Width": 32, "Inner Unique": false, "Plans": [{"Node Type": "Seq Scan", "Parent Relationship": "Outer", "Relation Name": "part", "Alias": "part", "Startup Cost": 0.0, "Total Cost": 66944.0, "Plan Rows": 13538, "Plan Width": 8, "Filter": "((p_type)::text = 'SMALL PLATED COPPER'::text)"}, {"Node Type": "Index Scan", "Parent Relationship": "Inner", "Scan Direction": "Forward", "Index Name": "idx_lineitem_part_supp", "Relation Name": "lineitem", "Alias": "lineitem", "Startup Cost": 0.0, "Total Cost": 27.61, "Plan Rows": 6, "Plan Width": 40, "Index Cond": "(l_partkey = part.p_partkey)"}]}]}]}, {"Node Type": "Index Scan", "Parent Relationship": "Inner", "Scan Direction": "Forward", "Index Name": "orders_pkey", "Relation Name": "orders", "Alias": "orders", "Startup Cost": 0.0, "Total Cost": 0.3, "Plan Rows": 1, "Plan Width": 24, "Index Cond": "(o_orderkey = lineitem.l_orderkey)", "Filter": "((o_orderdate >= '1995-01-01 00:00:00'::timestamp(0) without time zone) AND (o_orderdate <= '1996-12-31 00:00:00'::timestamp(0) without time zone))"}]}, {"Node Type": "Index Scan", "Parent Relationship": "Inner", "Scan Direction": "Forward", "Index Name": "customer_pkey", "Relation Name": "customer", "Alias": "customer", "Startup Cost": 0.0, "Total Cost": 0.31, "Plan Rows": 1, "Plan Width": 12, "Index Cond": "(c_custkey = orders.o_custkey)"}]}]}]}]}]}]}]}, "Unique SQL Id": 3681808042, "Planner Runtime": 6}, "explain_analyze_plan": {"Plan": {"Node Type": "Sort", "Startup Cost": 496537.18, "Total Cost": 496537.2, "Plan Rows": 10, "Plan Width": 66, "Actual Startup Time": 6731.082, "Actual Total Time": 6731.082, "Actual Rows": 2, "Actual Loops": 1, "Sort Key": ["(date_part('year'::text, orders.o_orderdate))"], "Sort Method": "quicksort", "Sort Space Used": 25, "Sort Space Type": "Memory", "Plans": [{"Node Type": "Aggregate", "Strategy": "Hashed", "Parent Relationship": "Outer", "Startup Cost": 496536.86, "Total Cost": 496537.01, "Plan Rows": 10, "Plan Width": 66, "Actual Startup Time": 6731.068, "Actual Total Time": 6731.068, "Actual Rows": 2, "Actual Loops": 1, "Group By Key": ["date_part('year'::text, orders.o_orderdate)"], "Plans": [{"Node Type": "Merge Join", "Parent Relationship": "Outer", "Join Type": "Inner", "Startup Cost": 496312.07, "Total Cost": 496417.04, "Plan Rows": 5991, "Plan Width": 50, "Actual Startup Time": 6695.45, "Actual Total Time": 6711.56, "Actual Rows": 23929, "Actual Loops": 1, "Inner Unique": false, "Merge Cond": "(n2.n_nationkey = supplier.s_nationkey)", "Plans": [{"Node Type": "Sort", "Parent Relationship": "Outer", "Startup Cost": 1.83, "Total Cost": 1.89, "Plan Rows": 25, "Plan Width": 30, "Actual Startup Time": 0.036, "Actual Total Time": 0.042, "Actual Rows": 25, "Actual Loops": 1, "Sort Key": ["n2.n_nationkey"], "Sort Method": "quicksort", "Sort Space Used": 27, "Sort Space Type": "Memory", "Plans": [{"Node Type": "Seq Scan", "Parent Relationship": "Outer", "Relation Name": "nation", "Alias": "n2", "Startup Cost": 0.0, "Total Cost": 1.25, "Plan Rows": 25, "Plan Width": 30, "Actual Startup Time": 0.012, "Actual Total Time": 0.019, "Actual Rows": 25, "Actual Loops": 1}]}, {"Node Type": "Sort", "Parent Relationship": "Inner", "Startup Cost": 496310.24, "Total Cost": 496325.22, "Plan Rows": 5991, "Plan Width": 28, "Actual Startup Time": 6695.367, "Actual Total Time": 6698.257, "Actual Rows": 23929, "Actual Loops": 1, "Sort Key": ["supplier.s_nationkey"], "Sort Method": "quicksort", "Sort Space Used": 3012, "Sort Space Type": "Memory", "Plans": [{"Node Type": "Merge Join", "Parent Relationship": "Outer", "Join Type": "Inner", "Startup Cost": 495724.65, "Total Cost": 495934.35, "Plan Rows": 5991, "Plan Width": 28, "Actual Startup Time": 6660.019, "Actual Total Time": 6688.406, "Actual Rows": 23929, "Actual Loops": 1, "Inner Unique": false, "Merge Cond": "(n1.n_nationkey = customer.c_nationkey)", "Plans": [{"Node Type": "Sort", "Parent Relationship": "Outer", "Startup Cost": 3.14, "Total Cost": 3.16, "Plan Rows": 5, "Plan Width": 4, "Actual Startup Time": 0.055, "Actual Total Time": 0.057, "Actual Rows": 5, "Actual Loops": 1, "Sort Key": ["n1.n_nationkey"], "Sort Method": "quicksort", "Sort Space Used": 25, "Sort Space Type": "Memory", "Plans": [{"Node Type": "Merge Join", "Parent Relationship": "Outer", "Join Type": "Inner", "Startup Cost": 2.9, "Total Cost": 3.09, "Plan Rows": 5, "Plan Width": 4, "Actual Startup Time": 0.044, "Actual Total Time": 0.048, "Actual Rows": 5, "Actual Loops": 1, "Inner Unique": false, "Merge Cond": "(region.r_regionkey = n1.n_regionkey)", "Plans": [{"Node Type": "Sort", "Parent Relationship": "Outer", "Startup Cost": 1.07, "Total Cost": 1.08, "Plan Rows": 1, "Plan Width": 4, "Actual Startup Time": 0.013, "Actual Total Time": 0.013, "Actual Rows": 1, "Actual Loops": 1, "Sort Key": ["region.r_regionkey"], "Sort Method": "quicksort", "Sort Space Used": 25, "Sort Space Type": "Memory", "Plans": [{"Node Type": "Seq Scan", "Parent Relationship": "Outer", "Relation Name": "region", "Alias": "region", "Startup Cost": 0.0, "Total Cost": 1.06, "Plan Rows": 1, "Plan Width": 4, "Actual Startup Time": 0.009, "Actual Total Time": 0.01, "Actual Rows": 1, "Actual Loops": 1, "Filter": "(r_name = 'ASIA'::bpchar)", "Rows Removed by Filter": 4}]}, {"Node Type": "Sort", "Parent Relationship": "Inner", "Startup Cost": 1.83, "Total Cost": 1.89, "Plan Rows": 25, "Plan Width": 8, "Actual Startup Time": 0.024, "Actual Total Time": 0.026, "Actual Rows": 16, "Actual Loops": 1, "Sort Key": ["n1.n_regionkey"], "Sort Method": "quicksort", "Sort Space Used": 26, "Sort Space Type": "Memory", "Plans": [{"Node Type": "Seq Scan", "Parent Relationship": "Outer", "Relation Name": "nation", "Alias": "n1", "Startup Cost": 0.0, "Total Cost": 1.25, "Plan Rows": 25, "Plan Width": 8, "Actual Startup Time": 0.006, "Actual Total Time": 0.011, "Actual Rows": 25, "Actual Loops": 1}]}]}]}, {"Node Type": "Sort", "Parent Relationship": "Inner", "Startup Cost": 495721.5, "Total Cost": 495796.39, "Plan Rows": 29954, "Plan Width": 32, "Actual Startup Time": 6645.718, "Actual Total Time": 6668.514, "Actual Rows": 105359, "Actual Loops": 1, "Sort Key": ["customer.c_nationkey"], "Sort Method": "quicksort", "Sort Space Used": 14300, "Sort Space Type": "Memory", "Plans": [{"Node Type": "Nested Loop", "Parent Relationship": "Outer", "Join Type": "Inner", "Startup Cost": 447605.57, "Total Cost": 493494.35, "Plan Rows": 29954, "Plan Width": 32, "Actual Startup Time": 2095.186, "Actual Total Time": 6595.522, "Actual Rows": 119765, "Actual Loops": 1, "Inner Unique": true, "Plans": [{"Node Type": "Nested Loop", "Parent Relationship": "Outer", "Join Type": "Inner", "Startup Cost": 447605.57, "Total Cost": 477242.48, "Plan Rows": 51198, "Plan Width": 36, "Actual Startup Time": 2095.162, "Actual Total Time": 5710.8, "Actual Rows": 119765, "Actual Loops": 1, "Inner Unique": true, "Plans": [{"Node Type": "Merge Join", "Parent Relationship": "Outer", "Join Type": "Inner", "Startup Cost": 447605.57, "Total Cost": 454309.6, "Plan Rows": 74637, "Plan Width": 28, "Actual Startup Time": 2095.069, "Actual Total Time": 2393.422, "Actual Rows": 395341, "Actual Loops": 1, "Inner Unique": false, "Merge Cond": "(supplier.s_suppkey = lineitem.l_suppkey)", "Plans": [{"Node Type": "Index Scan", "Parent Relationship": "Outer", "Scan Direction": "Forward", "Index Name": "supplier_pkey", "Relation Name": "supplier", "Alias": "supplier", "Startup Cost": 0.0, "Total Cost": 5334.54, "Plan Rows": 100000, "Plan Width": 12, "Actual Startup Time": 0.021, "Actual Total Time": 67.468, "Actual Rows": 99999, "Actual Loops": 1}, {"Node Type": "Sort", "Parent Relationship": "Inner", "Startup Cost": 447605.54, "Total Cost": 447792.13, "Plan Rows": 74637, "Plan Width": 32, "Actual Startup Time": 2095.038, "Actual Total Time": 2174.775, "Actual Rows": 395341, "Actual Loops": 1, "Sort Key": ["lineitem.l_suppkey"], "Sort Method": "quicksort", "Sort Space Used": 49352, "Sort Space Type": "Memory", "Plans": [{"Node Type": "Nested Loop", "Parent Relationship": "Outer", "Join Type": "Inner", "Startup Cost": 0.0, "Total Cost": 441564.57, "Plan Rows": 74637, "Plan Width": 32, "Actual Startup Time": 0.038, "Actual Total Time": 1945.866, "Actual Rows": 395341, "Actual Loops": 1, "Inner Unique": false, "Plans": [{"Node Type": "Seq Scan", "Parent Relationship": "Outer", "Relation Name": "part", "Alias": "part", "Startup Cost": 0.0, "Total Cost": 66944.0, "Plan Rows": 13538, "Plan Width": 8, "Actual Startup Time": 0.02, "Actual Total Time": 756.914, "Actual Rows": 13163, "Actual Loops": 1, "Filter": "((p_type)::text = 'SMALL PLATED COPPER'::text)", "Rows Removed by Filter": 1986837}, {"Node Type": "Index Scan", "Parent Relationship": "Inner", "Scan Direction": "Forward", "Index Name": "idx_lineitem_part_supp", "Relation Name": "lineitem", "Alias": "lineitem", "Startup Cost": 0.0, "Total Cost": 27.61, "Plan Rows": 6, "Plan Width": 40, "Actual Startup Time": 152.495, "Actual Total Time": 1096.608, "Actual Rows": 395341, "Actual Loops": 13163, "Index Cond": "(l_partkey = part.p_partkey)", "Rows Removed by Index Recheck": 0}]}]}]}, {"Node Type": "Index Scan", "Parent Relationship": "Inner", "Scan Direction": "Forward", "Index Name": "orders_pkey", "Relation Name": "orders", "Alias": "orders", "Startup Cost": 0.0, "Total Cost": 0.3, "Plan Rows": 1, "Plan Width": 24, "Actual Startup Time": 3082.293, "Actual Total Time": 3082.293, "Actual Rows": 119765, "Actual Loops": 395341, "Index Cond": "(o_orderkey = lineitem.l_orderkey)", "Rows Removed by Index Recheck": 0, "Filter": "((o_orderdate >= '1995-01-01 00:00:00'::timestamp(0) without time zone) AND (o_orderdate <= '1996-12-31 00:00:00'::timestamp(0) without time zone))", "Rows Removed by Filter": 275576}]}, {"Node Type": "Index Scan", "Parent Relationship": "Inner", "Scan Direction": "Forward", "Index Name": "customer_pkey", "Relation Name": "customer", "Alias": "customer", "Startup Cost": 0.0, "Total Cost": 0.31, "Plan Rows": 1, "Plan Width": 12, "Actual Startup Time": 784.634, "Actual Total Time": 784.634, "Actual Rows": 119765, "Actual Loops": 119765, "Index Cond": "(c_custkey = orders.o_custkey)", "Rows Removed by Index Recheck": 0}]}]}]}]}]}]}]}, "Triggers": [], "Planner Runtime": 7, "Total Runtime": 6731.525, "Unique SQL Id": 3681808042}}, "(16, 81)": {"explain_plan": {"Plan": {"Node Type": "Sort", "Startup Cost": 535424.81, "Total Cost": 535424.84, "Plan Rows": 10, "Plan Width": 66, "Sort Key": ["(date_part('year'::text, orders.o_orderdate))"], "Plans": [{"Node Type": "Aggregate", "Strategy": "Hashed", "Parent Relationship": "Outer", "Startup Cost": 535424.5, "Total Cost": 535424.65, "Plan Rows": 10, "Plan Width": 66, "Group By Key": ["date_part('year'::text, orders.o_orderdate)"], "Plans": [{"Node Type": "Merge Join", "Parent Relationship": "Outer", "Join Type": "Inner", "Startup Cost": 535187.15, "Total Cost": 535304.68, "Plan Rows": 5991, "Plan Width": 50, "Inner Unique": false, "Merge Cond": "(n2.n_nationkey = supplier.s_nationkey)", "Plans": [{"Node Type": "Index Scan", "Parent Relationship": "Outer", "Scan Direction": "Forward", "Index Name": "nation_pkey", "Relation Name": "nation", "Alias": "n2", "Startup Cost": 0.0, "Total Cost": 12.62, "Plan Rows": 25, "Plan Width": 30}, {"Node Type": "Sort", "Parent Relationship": "Inner", "Startup Cost": 535187.15, "Total Cost": 535202.12, "Plan Rows": 5991, "Plan Width": 28, "Sort Key": ["supplier.s_nationkey"], "Plans": [{"Node Type": "Merge Join", "Parent Relationship": "Outer", "Join Type": "Inner", "Startup Cost": 534601.55, "Total Cost": 534811.25, "Plan Rows": 5991, "Plan Width": 28, "Inner Unique": false, "Merge Cond": "(n1.n_nationkey = customer.c_nationkey)", "Plans": [{"Node Type": "Sort", "Parent Relationship": "Outer", "Startup Cost": 20.8, "Total Cost": 20.81, "Plan Rows": 5, "Plan Width": 4, "Sort Key": ["n1.n_nationkey"], "Plans": [{"Node Type": "Nested Loop", "Parent Relationship": "Outer", "Join Type": "Inner", "Startup Cost": 0.0, "Total Cost": 20.74, "Plan Rows": 5, "Plan Width": 4, "Inner Unique": false, "Plans": [{"Node Type": "Index Scan", "Parent Relationship": "Outer", "Scan Direction": "Forward", "Index Name": "region_pkey", "Relation Name": "region", "Alias": "region", "Startup Cost": 0.0, "Total Cost": 12.34, "Plan Rows": 1, "Plan Width": 4, "Filter": "(r_name = 'ASIA'::bpchar)"}, {"Node Type": "Index Scan", "Parent Relationship": "Inner", "Scan Direction": "Forward", "Index Name": "idx_nation_regionkey", "Relation Name": "nation", "Alias": "n1", "Startup Cost": 0.0, "Total Cost": 8.35, "Plan Rows": 5, "Plan Width": 8, "Index Cond": "(n_regionkey = region.r_regionkey)"}]}]}, {"Node Type": "Sort", "Parent Relationship": "Inner", "Startup Cost": 534580.75, "Total Cost": 534655.64, "Plan Rows": 29954, "Plan Width": 32, "Sort Key": ["customer.c_nationkey"], "Plans": [{"Node Type": "Nested Loop", "Parent Relationship": "Outer", "Join Type": "Inner", "Startup Cost": 486464.82, "Total Cost": 532353.6, "Plan Rows": 29954, "Plan Width": 32, "Inner Unique": true, "Plans": [{"Node Type": "Nested Loop", "Parent Relationship": "Outer", "Join Type": "Inner", "Startup Cost": 486464.82, "Total Cost": 516101.73, "Plan Rows": 51198, "Plan Width": 36, "Inner Unique": true, "Plans": [{"Node Type": "Merge Join", "Parent Relationship": "Outer", "Join Type": "Inner", "Startup Cost": 486464.82, "Total Cost": 493168.85, "Plan Rows": 74637, "Plan Width": 28, "Inner Unique": true, "Merge Cond": "(lineitem.l_suppkey = supplier.s_suppkey)", "Plans": [{"Node Type": "Sort", "Parent Relationship": "Outer", "Startup Cost": 486464.79, "Total Cost": 486651.38, "Plan Rows": 74637, "Plan Width": 32, "Sort Key": ["lineitem.l_suppkey"], "Plans": [{"Node Type": "Nested Loop", "Parent Relationship": "Outer", "Join Type": "Inner", "Startup Cost": 0.0, "Total Cost": 480423.82, "Plan Rows": 74637, "Plan Width": 32, "Inner Unique": false, "Plans": [{"Node Type": "Index Scan", "Parent Relationship": "Outer", "Scan Direction": "Forward", "Index Name": "part_kpey", "Relation Name": "part", "Alias": "part", "Startup Cost": 0.0, "Total Cost": 105803.25, "Plan Rows": 13538, "Plan Width": 8, "Filter": "((p_type)::text = 'SMALL PLATED COPPER'::text)"}, {"Node Type": "Index Scan", "Parent Relationship": "Inner", "Scan Direction": "Forward", "Index Name": "idx_lineitem_part_supp", "Relation Name": "lineitem", "Alias": "lineitem", "Startup Cost": 0.0, "Total Cost": 27.61, "Plan Rows": 6, "Plan Width": 40, "Index Cond": "(l_partkey = part.p_partkey)"}]}]}, {"Node Type": "Index Scan", "Parent Relationship": "Inner", "Scan Direction": "Forward", "Index Name": "supplier_pkey", "Relation Name": "supplier", "Alias": "supplier", "Startup Cost": 0.0, "Total Cost": 5334.54, "Plan Rows": 100000, "Plan Width": 12}]}, {"Node Type": "Index Scan", "Parent Relationship": "Inner", "Scan Direction": "Forward", "Index Name": "orders_pkey", "Relation Name": "orders", "Alias": "orders", "Startup Cost": 0.0, "Total Cost": 0.3, "Plan Rows": 1, "Plan Width": 24, "Index Cond": "(o_orderkey = lineitem.l_orderkey)", "Filter": "((o_orderdate >= '1995-01-01 00:00:00'::timestamp(0) without time zone) AND (o_orderdate <= '1996-12-31 00:00:00'::timestamp(0) without time zone))"}]}, {"Node Type": "Index Scan", "Parent Relationship": "Inner", "Scan Direction": "Forward", "Index Name": "customer_pkey", "Relation Name": "customer", "Alias": "customer", "Startup Cost": 0.0, "Total Cost": 0.31, "Plan Rows": 1, "Plan Width": 12, "Index Cond": "(c_custkey = orders.o_custkey)"}]}]}]}]}]}]}]}, "Unique SQL Id": 3681808042, "Planner Runtime": 7}, "explain_analyze_plan": {"Plan": {"Node Type": "Sort", "Startup Cost": 535424.81, "Total Cost": 535424.84, "Plan Rows": 10, "Plan Width": 66, "Actual Startup Time": 7424.093, "Actual Total Time": 7424.093, "Actual Rows": 2, "Actual Loops": 1, "Sort Key": ["(date_part('year'::text, orders.o_orderdate))"], "Sort Method": "quicksort", "Sort Space Used": 25, "Sort Space Type": "Memory", "Plans": [{"Node Type": "Aggregate", "Strategy": "Hashed", "Parent Relationship": "Outer", "Startup Cost": 535424.5, "Total Cost": 535424.65, "Plan Rows": 10, "Plan Width": 66, "Actual Startup Time": 7424.08, "Actual Total Time": 7424.082, "Actual Rows": 2, "Actual Loops": 1, "Group By Key": ["date_part('year'::text, orders.o_orderdate)"], "Plans": [{"Node Type": "Merge Join", "Parent Relationship": "Outer", "Join Type": "Inner", "Startup Cost": 535187.15, "Total Cost": 535304.68, "Plan Rows": 5991, "Plan Width": 50, "Actual Startup Time": 7388.7, "Actual Total Time": 7405.134, "Actual Rows": 23929, "Actual Loops": 1, "Inner Unique": false, "Merge Cond": "(n2.n_nationkey = supplier.s_nationkey)", "Plans": [{"Node Type": "Index Scan", "Parent Relationship": "Outer", "Scan Direction": "Forward", "Index Name": "nation_pkey", "Relation Name": "nation", "Alias": "n2", "Startup Cost": 0.0, "Total Cost": 12.62, "Plan Rows": 25, "Plan Width": 30, "Actual Startup Time": 0.01, "Actual Total Time": 0.04, "Actual Rows": 25, "Actual Loops": 1}, {"Node Type": "Sort", "Parent Relationship": "Inner", "Startup Cost": 535187.15, "Total Cost": 535202.12, "Plan Rows": 5991, "Plan Width": 28, "Actual Startup Time": 7388.652, "Actual Total Time": 7391.542, "Actual Rows": 23929, "Actual Loops": 1, "Sort Key": ["supplier.s_nationkey"], "Sort Method": "quicksort", "Sort Space Used": 3012, "Sort Space Type": "Memory", "Plans": [{"Node Type": "Merge Join", "Parent Relationship": "Outer", "Join Type": "Inner", "Startup Cost": 534601.55, "Total Cost": 534811.25, "Plan Rows": 5991, "Plan Width": 28, "Actual Startup Time": 7355.925, "Actual Total Time": 7381.743, "Actual Rows": 23929, "Actual Loops": 1, "Inner Unique": false, "Merge Cond": "(n1.n_nationkey = customer.c_nationkey)", "Plans": [{"Node Type": "Sort", "Parent Relationship": "Outer", "Startup Cost": 20.8, "Total Cost": 20.81, "Plan Rows": 5, "Plan Width": 4, "Actual Startup Time": 0.028, "Actual Total Time": 0.031, "Actual Rows": 5, "Actual Loops": 1, "Sort Key": ["n1.n_nationkey"], "Sort Method": "quicksort", "Sort Space Used": 25, "Sort Space Type": "Memory", "Plans": [{"Node Type": "Nested Loop", "Parent Relationship": "Outer", "Join Type": "Inner", "Startup Cost": 0.0, "Total Cost": 20.74, "Plan Rows": 5, "Plan Width": 4, "Actual Startup Time": 0.017, "Actual Total Time": 0.022, "Actual Rows": 5, "Actual Loops": 1, "Inner Unique": false, "Plans": [{"Node Type": "Index Scan", "Parent Relationship": "Outer", "Scan Direction": "Forward", "Index Name": "region_pkey", "Relation Name": "region", "Alias": "region", "Startup Cost": 0.0, "Total Cost": 12.34, "Plan Rows": 1, "Plan Width": 4, "Actual Startup Time": 0.009, "Actual Total Time": 0.011, "Actual Rows": 1, "Actual Loops": 1, "Filter": "(r_name = 'ASIA'::bpchar)", "Rows Removed by Filter": 4}, {"Node Type": "Index Scan", "Parent Relationship": "Inner", "Scan Direction": "Forward", "Index Name": "idx_nation_regionkey", "Relation Name": "nation", "Alias": "n1", "Startup Cost": 0.0, "Total Cost": 8.35, "Plan Rows": 5, "Plan Width": 8, "Actual Startup Time": 0.005, "Actual Total Time": 0.006, "Actual Rows": 5, "Actual Loops": 1, "Index Cond": "(n_regionkey = region.r_regionkey)", "Rows Removed by Index Recheck": 0}]}]}, {"Node Type": "Sort", "Parent Relationship": "Inner", "Startup Cost": 534580.75, "Total Cost": 534655.64, "Plan Rows": 29954, "Plan Width": 32, "Actual Startup Time": 7339.686, "Actual Total Time": 7362.383, "Actual Rows": 105359, "Actual Loops": 1, "Sort Key": ["customer.c_nationkey"], "Sort Method": "quicksort", "Sort Space Used": 14300, "Sort Space Type": "Memory", "Plans": [{"Node Type": "Nested Loop", "Parent Relationship": "Outer", "Join Type": "Inner", "Startup Cost": 486464.82, "Total Cost": 532353.6, "Plan Rows": 29954, "Plan Width": 32, "Actual Startup Time": 2726.979, "Actual Total Time": 7289.231, "Actual Rows": 119765, "Actual Loops": 1, "Inner Unique": true, "Plans": [{"Node Type": "Nested Loop", "Parent Relationship": "Outer", "Join Type": "Inner", "Startup Cost": 486464.82, "Total Cost": 516101.73, "Plan Rows": 51198, "Plan Width": 36, "Actual Startup Time": 2726.954, "Actual Total Time": 6409.487, "Actual Rows": 119765, "Actual Loops": 1, "Inner Unique": true, "Plans": [{"Node Type": "Merge Join", "Parent Relationship": "Outer", "Join Type": "Inner", "Startup Cost": 486464.82, "Total Cost": 493168.85, "Plan Rows": 74637, "Plan Width": 28, "Actual Startup Time": 2726.864, "Actual Total Time": 3045.316, "Actual Rows": 395341, "Actual Loops": 1, "Inner Unique": true, "Merge Cond": "(lineitem.l_suppkey = supplier.s_suppkey)", "Plans": [{"Node Type": "Sort", "Parent Relationship": "Outer", "Startup Cost": 486464.79, "Total Cost": 486651.38, "Plan Rows": 74637, "Plan Width": 32, "Actual Startup Time": 2726.805, "Actual Total Time": 2815.877, "Actual Rows": 395341, "Actual Loops": 1, "Sort Key": ["lineitem.l_suppkey"], "Sort Method": "quicksort", "Sort Space Used": 49352, "Sort Space Type": "Memory", "Plans": [{"Node Type": "Nested Loop", "Parent Relationship": "Outer", "Join Type": "Inner", "Startup Cost": 0.0, "Total Cost": 480423.82, "Plan Rows": 74637, "Plan Width": 32, "Actual Startup Time": 0.042, "Actual Total Time": 2576.916, "Actual Rows": 395341, "Actual Loops": 1, "Inner Unique": false, "Plans": [{"Node Type": "Index Scan", "Parent Relationship": "Outer", "Scan Direction": "Forward", "Index Name": "part_kpey", "Relation Name": "part", "Alias": "part", "Startup Cost": 0.0, "Total Cost": 105803.25, "Plan Rows": 13538, "Plan Width": 8, "Actual Startup Time": 0.027, "Actual Total Time": 1408.448, "Actual Rows": 13163, "Actual Loops": 1, "Filter": "((p_type)::text = 'SMALL PLATED COPPER'::text)", "Rows Removed by Filter": 1986837}, {"Node Type": "Index Scan", "Parent Relationship": "Inner", "Scan Direction": "Forward", "Index Name": "idx_lineitem_part_supp", "Relation Name": "lineitem", "Alias": "lineitem", "Startup Cost": 0.0, "Total Cost": 27.61, "Plan Rows": 6, "Plan Width": 40, "Actual Startup Time": 142.012, "Actual Total Time": 1074.632, "Actual Rows": 395341, "Actual Loops": 13163, "Index Cond": "(l_partkey = part.p_partkey)", "Rows Removed by Index Recheck": 0}]}]}, {"Node Type": "Index Scan", "Parent Relationship": "Inner", "Scan Direction": "Forward", "Index Name": "supplier_pkey", "Relation Name": "supplier", "Alias": "supplier", "Startup Cost": 0.0, "Total Cost": 5334.54, "Plan Rows": 100000, "Plan Width": 12, "Actual Startup Time": 0.045, "Actual Total Time": 71.072, "Actual Rows": 99998, "Actual Loops": 1}]}, {"Node Type": "Index Scan", "Parent Relationship": "Inner", "Scan Direction": "Forward", "Index Name": "orders_pkey", "Relation Name": "orders", "Alias": "orders", "Startup Cost": 0.0, "Total Cost": 0.3, "Plan Rows": 1, "Plan Width": 24, "Actual Startup Time": 3129.302, "Actual Total Time": 3129.302, "Actual Rows": 119765, "Actual Loops": 395341, "Index Cond": "(o_orderkey = lineitem.l_orderkey)", "Rows Removed by Index Recheck": 0, "Filter": "((o_orderdate >= '1995-01-01 00:00:00'::timestamp(0) without time zone) AND (o_orderdate <= '1996-12-31 00:00:00'::timestamp(0) without time zone))", "Rows Removed by Filter": 275576}]}, {"Node Type": "Index Scan", "Parent Relationship": "Inner", "Scan Direction": "Forward", "Index Name": "customer_pkey", "Relation Name": "customer", "Alias": "customer", "Startup Cost": 0.0, "Total Cost": 0.31, "Plan Rows": 1, "Plan Width": 12, "Actual Startup Time": 777.264, "Actual Total Time": 777.264, "Actual Rows": 119765, "Actual Loops": 119765, "Index Cond": "(c_custkey = orders.o_custkey)", "Rows Removed by Index Recheck": 0}]}]}]}]}]}]}]}, "Triggers": [], "Planner Runtime": 6, "Total Runtime": 7424.512, "Unique SQL Id": 3681808042}}, "(16, 82)": {"explain_plan": {"Plan": {"Node Type": "Sort", "Startup Cost": 858712.57, "Total Cost": 858712.59, "Plan Rows": 10, "Plan Width": 66, "Sort Key": ["(date_part('year'::text, orders.o_orderdate))"], "Plans": [{"Node Type": "Aggregate", "Strategy": "Hashed", "Parent Relationship": "Outer", "Startup Cost": 858712.25, "Total Cost": 858712.4, "Plan Rows": 10, "Plan Width": 66, "Group By Key": ["date_part('year'::text, orders.o_orderdate)"], "Plans": [{"Node Type": "Merge Join", "Parent Relationship": "Outer", "Join Type": "Inner", "Startup Cost": 858487.47, "Total Cost": 858592.43, "Plan Rows": 5991, "Plan Width": 50, "Inner Unique": false, "Merge Cond": "(n2.n_nationkey = supplier.s_nationkey)", "Plans": [{"Node Type": "Sort", "Parent Relationship": "Outer", "Startup Cost": 1.83, "Total Cost": 1.89, "Plan Rows": 25, "Plan Width": 30, "Sort Key": ["n2.n_nationkey"], "Plans": [{"Node Type": "Seq Scan", "Parent Relationship": "Outer", "Relation Name": "nation", "Alias": "n2", "Startup Cost": 0.0, "Total Cost": 1.25, "Plan Rows": 25, "Plan Width": 30}]}, {"Node Type": "Sort", "Parent Relationship": "Inner", "Startup Cost": 858485.64, "Total Cost": 858500.61, "Plan Rows": 5991, "Plan Width": 28, "Sort Key": ["supplier.s_nationkey"], "Plans": [{"Node Type": "Merge Join", "Parent Relationship": "Outer", "Join Type": "Inner", "Startup Cost": 857512.27, "Total Cost": 858109.74, "Plan Rows": 5991, "Plan Width": 28, "Inner Unique": true, "Merge Cond": "(lineitem.l_suppkey = supplier.s_suppkey)", "Plans": [{"Node Type": "Sort", "Parent Relationship": "Outer", "Startup Cost": 845924.44, "Total Cost": 845967.68, "Plan Rows": 17296, "Plan Width": 32, "Sort Key": ["lineitem.l_suppkey"], "Plans": [{"Node Type": "Merge Join", "Parent Relationship": "Outer", "Join Type": "Inner", "Startup Cost": 841820.47, "Total Cost": 844706.96, "Plan Rows": 17296, "Plan Width": 32, "Inner Unique": false, "Merge Cond": "(orders.o_custkey = customer.c_custkey)", "Plans": [{"Node Type": "Sort", "Parent Relationship": "Outer", "Startup Cost": 777363.03, "Total Cost": 777579.23, "Plan Rows": 86479, "Plan Width": 40, "Sort Key": ["orders.o_custkey"], "Plans": [{"Node Type": "Nested Loop", "Parent Relationship": "Outer", "Join Type": "Inner", "Startup Cost": 4.47, "Total Cost": 770271.73, "Plan Rows": 86479, "Plan Width": 40, "Inner Unique": true, "Plans": [{"Node Type": "Nested Loop", "Parent Relationship": "Outer", "Join Type": "Inner", "Startup Cost": 4.21, "Total Cost": 450147.9, "Plan Rows": 74637, "Plan Width": 32, "Inner Unique": false, "Plans": [{"Node Type": "Seq Scan", "Parent Relationship": "Outer", "Relation Name": "part", "Alias": "part", "Startup Cost": 0.0, "Total Cost": 66944.0, "Plan Rows": 13538, "Plan Width": 8, "Filter": "((p_type)::text = 'SMALL PLATED COPPER'::text)"}, {"Node Type": "Bitmap Heap Scan", "Parent Relationship": "Inner", "Relation Name": "lineitem", "Alias": "lineitem", "Startup Cost": 4.21, "Total Cost": 28.25, "Plan Rows": 6, "Plan Width": 40, "Recheck Cond": "(l_partkey = part.p_partkey)", "Plans": [{"Node Type": "Bitmap Index Scan", "Parent Relationship": "Outer", "Index Name": "idx_lineitem_part_supp", "Startup Cost": 0.0, "Total Cost": 4.21, "Plan Rows": 6, "Plan Width": 0, "Index Cond": "(l_partkey = part.p_partkey)"}]}]}, {"Node Type": "Bitmap Heap Scan", "Parent Relationship": "Inner", "Relation Name": "orders", "Alias": "orders", "Startup Cost": 0.26, "Total Cost": 4.28, "Plan Rows": 1, "Plan Width": 24, "Recheck Cond": "(o_orderkey = lineitem.l_orderkey)", "Filter": "((o_orderdate >= '1995-01-01 00:00:00'::timestamp(0) without time zone) AND (o_orderdate <= '1996-12-31 00:00:00'::timestamp(0) without time zone))", "Plans": [{"Node Type": "Bitmap Index Scan", "Parent Relationship": "Outer", "Index Name": "orders_pkey", "Startup Cost": 0.0, "Total Cost": 0.26, "Plan Rows": 1, "Plan Width": 0, "Index Cond": "(o_orderkey = lineitem.l_orderkey)"}]}]}]}, {"Node Type": "Sort", "Parent Relationship": "Inner", "Startup Cost": 64457.4, "Total Cost": 65207.4, "Plan Rows": 300000, "Plan Width": 8, "Sort Key": ["customer.c_custkey"], "Plans": [{"Node Type": "Nested Loop", "Parent Relationship": "Outer", "Join Type": "Inner", "Startup Cost": 1033.27, "Total Cost": 37165.49, "Plan Rows": 300000, "Plan Width": 8, "Inner Unique": false, "Plans": [{"Node Type": "Merge Join", "Parent Relationship": "Outer", "Join Type": "Inner", "Startup Cost": 2.9, "Total Cost": 3.09, "Plan Rows": 5, "Plan Width": 4, "Inner Unique": false, "Merge Cond": "(region.r_regionkey = n1.n_regionkey)", "Plans": [{"Node Type": "Sort", "Parent Relationship": "Outer", "Startup Cost": 1.07, "Total Cost": 1.08, "Plan Rows": 1, "Plan Width": 4, "Sort Key": ["region.r_regionkey"], "Plans": [{"Node Type": "Seq Scan", "Parent Relationship": "Outer", "Relation Name": "region", "Alias": "region", "Startup Cost": 0.0, "Total Cost": 1.06, "Plan Rows": 1, "Plan Width": 4, "Filter": "(r_name = 'ASIA'::bpchar)"}]}, {"Node Type": "Sort", "Parent Relationship": "Inner", "Startup Cost": 1.83, "Total Cost": 1.89, "Plan Rows": 25, "Plan Width": 8, "Sort Key": ["n1.n_regionkey"], "Plans": [{"Node Type": "Seq Scan", "Parent Relationship": "Outer", "Relation Name": "nation", "Alias": "n1", "Startup Cost": 0.0, "Total Cost": 1.25, "Plan Rows": 25, "Plan Width": 8}]}]}, {"Node Type": "Bitmap Heap Scan", "Parent Relationship": "Inner", "Relation Name": "customer", "Alias": "customer", "Startup Cost": 1030.37, "Total Cost": 6832.48, "Plan Rows": 60000, "Plan Width": 12, "Recheck Cond": "(c_nationkey = n1.n_nationkey)", "Plans": [{"Node Type": "Bitmap Index Scan", "Parent Relationship": "Outer", "Index Name": "idx_customer_nationkey", "Startup Cost": 0.0, "Total Cost": 1015.37, "Plan Rows": 60000, "Plan Width": 0, "Index Cond": "(c_nationkey = n1.n_nationkey)"}]}]}]}]}]}, {"Node Type": "Sort", "Parent Relationship": "Inner", "Startup Cost": 11587.82, "Total Cost": 11837.82, "Plan Rows": 100000, "Plan Width": 12, "Sort Key": ["supplier.s_suppkey"], "Plans": [{"Node Type": "Seq Scan", "Parent Relationship": "Outer", "Relation Name": "supplier", "Alias": "supplier", "Startup Cost": 0.0, "Total Cost": 3283.0, "Plan Rows": 100000, "Plan Width": 12}]}]}]}]}]}]}, "Unique SQL Id": 3681808042, "Planner Runtime": 7}, "explain_analyze_plan": {"Plan": {"Node Type": "Sort", "Startup Cost": 858712.57, "Total Cost": 858712.59, "Plan Rows": 10, "Plan Width": 66, "Actual Startup Time": 7386.57, "Actual Total Time": 7386.57, "Actual Rows": 2, "Actual Loops": 1, "Sort Key": ["(date_part('year'::text, orders.o_orderdate))"], "Sort Method": "quicksort", "Sort Space Used": 25, "Sort Space Type": "Memory", "Plans": [{"Node Type": "Aggregate", "Strategy": "Hashed", "Parent Relationship": "Outer", "Startup Cost": 858712.25, "Total Cost": 858712.4, "Plan Rows": 10, "Plan Width": 66, "Actual Startup Time": 7386.555, "Actual Total Time": 7386.556, "Actual Rows": 2, "Actual Loops": 1, "Group By Key": ["date_part('year'::text, orders.o_orderdate)"], "Plans": [{"Node Type": "Merge Join", "Parent Relationship": "Outer", "Join Type": "Inner", "Startup Cost": 858487.47, "Total Cost": 858592.43, "Plan Rows": 5991, "Plan Width": 50, "Actual Startup Time": 7351.309, "Actual Total Time": 7367.34, "Actual Rows": 23929, "Actual Loops": 1, "Inner Unique": false, "Merge Cond": "(n2.n_nationkey = supplier.s_nationkey)", "Plans": [{"Node Type": "Sort", "Parent Relationship": "Outer", "Startup Cost": 1.83, "Total Cost": 1.89, "Plan Rows": 25, "Plan Width": 30, "Actual Startup Time": 0.036, "Actual Total Time": 0.037, "Actual Rows": 25, "Actual Loops": 1, "Sort Key": ["n2.n_nationkey"], "Sort Method": "quicksort", "Sort Space Used": 27, "Sort Space Type": "Memory", "Plans": [{"Node Type": "Seq Scan", "Parent Relationship": "Outer", "Relation Name": "nation", "Alias": "n2", "Startup Cost": 0.0, "Total Cost": 1.25, "Plan Rows": 25, "Plan Width": 30, "Actual Startup Time": 0.013, "Actual Total Time": 0.016, "Actual Rows": 25, "Actual Loops": 1}]}, {"Node Type": "Sort", "Parent Relationship": "Inner", "Startup Cost": 858485.64, "Total Cost": 858500.61, "Plan Rows": 5991, "Plan Width": 28, "Actual Startup Time": 7351.22, "Actual Total Time": 7354.057, "Actual Rows": 23929, "Actual Loops": 1, "Sort Key": ["supplier.s_nationkey"], "Sort Method": "quicksort", "Sort Space Used": 3012, "Sort Space Type": "Memory", "Plans": [{"Node Type": "Merge Join", "Parent Relationship": "Outer", "Join Type": "Inner", "Startup Cost": 857512.27, "Total Cost": 858109.74, "Plan Rows": 5991, "Plan Width": 28, "Actual Startup Time": 7304.699, "Actual Total Time": 7344.248, "Actual Rows": 23929, "Actual Loops": 1, "Inner Unique": true, "Merge Cond": "(lineitem.l_suppkey = supplier.s_suppkey)", "Plans": [{"Node Type": "Sort", "Parent Relationship": "Outer", "Startup Cost": 845924.44, "Total Cost": 845967.68, "Plan Rows": 17296, "Plan Width": 32, "Actual Startup Time": 7236.21, "Actual Total Time": 7240.777, "Actual Rows": 23929, "Actual Loops": 1, "Sort Key": ["lineitem.l_suppkey"], "Sort Method": "quicksort", "Sort Space Used": 3012, "Sort Space Type": "Memory", "Plans": [{"Node Type": "Merge Join", "Parent Relationship": "Outer", "Join Type": "Inner", "Startup Cost": 841820.47, "Total Cost": 844706.96, "Plan Rows": 17296, "Plan Width": 32, "Actual Startup Time": 7093.594, "Actual Total Time": 7226.856, "Actual Rows": 23929, "Actual Loops": 1, "Inner Unique": false, "Merge Cond": "(orders.o_custkey = customer.c_custkey)", "Plans": [{"Node Type": "Sort", "Parent Relationship": "Outer", "Startup Cost": 777363.03, "Total Cost": 777579.23, "Plan Rows": 86479, "Plan Width": 40, "Actual Startup Time": 6400.522, "Actual Total Time": 6426.467, "Actual Rows": 119765, "Actual Loops": 1, "Sort Key": ["orders.o_custkey"], "Sort Method": "quicksort", "Sort Space Used": 14300, "Sort Space Type": "Memory", "Plans": [{"Node Type": "Nested Loop", "Parent Relationship": "Outer", "Join Type": "Inner", "Startup Cost": 4.47, "Total Cost": 770271.73, "Plan Rows": 86479, "Plan Width": 40, "Actual Startup Time": 0.127, "Actual Total Time": 6333.221, "Actual Rows": 119765, "Actual Loops": 1, "Inner Unique": true, "Plans": [{"Node Type": "Nested Loop", "Parent Relationship": "Outer", "Join Type": "Inner", "Startup Cost": 4.21, "Total Cost": 450147.9, "Plan Rows": 74637, "Plan Width": 32, "Actual Startup Time": 0.065, "Actual Total Time": 2244.444, "Actual Rows": 395341, "Actual Loops": 1, "Inner Unique": false, "Plans": [{"Node Type": "Seq Scan", "Parent Relationship": "Outer", "Relation Name": "part", "Alias": "part", "Startup Cost": 0.0, "Total Cost": 66944.0, "Plan Rows": 13538, "Plan Width": 8, "Actual Startup Time": 0.025, "Actual Total Time": 771.521, "Actual Rows": 13163, "Actual Loops": 1, "Filter": "((p_type)::text = 'SMALL PLATED COPPER'::text)", "Rows Removed by Filter": 1986837}, {"Node Type": "Bitmap Heap Scan", "Parent Relationship": "Inner", "Relation Name": "lineitem", "Alias": "lineitem", "Startup Cost": 4.21, "Total Cost": 28.25, "Plan Rows": 6, "Plan Width": 40, "Actual Startup Time": 260.442, "Actual Total Time": 1356.955, "Actual Rows": 395341, "Actual Loops": 13163, "Recheck Cond": "(l_partkey = part.p_partkey)", "Rows Removed by Index Recheck": 0, "Exact Heap Blocks": 395337, "Lossy Heap Blocks": 395337, "Plans": [{"Node Type": "Bitmap Index Scan", "Parent Relationship": "Outer", "Index Name": "idx_lineitem_part_supp", "Startup Cost": 0.0, "Total Cost": 4.21, "Plan Rows": 6, "Plan Width": 0, "Actual Startup Time": 168.549, "Actual Total Time": 168.549, "Actual Rows": 395341, "Actual Loops": 13163, "Index Cond": "(l_partkey = part.p_partkey)"}]}]}, {"Node Type": "Bitmap Heap Scan", "Parent Relationship": "Inner", "Relation Name": "orders", "Alias": "orders", "Startup Cost": 0.26, "Total Cost": 4.28, "Plan Rows": 1, "Plan Width": 24, "Actual Startup Time": 3601.809, "Actual Total Time": 3601.809, "Actual Rows": 119765, "Actual Loops": 395341, "Recheck Cond": "(o_orderkey = lineitem.l_orderkey)", "Rows Removed by Index Recheck": 0, "Filter": "((o_orderdate >= '1995-01-01 00:00:00'::timestamp(0) without time zone) AND (o_orderdate <= '1996-12-31 00:00:00'::timestamp(0) without time zone))", "Rows Removed by Filter": 275576, "Exact Heap Blocks": 395341, "Lossy Heap Blocks": 395341, "Plans": [{"Node Type": "Bitmap Index Scan", "Parent Relationship": "Outer", "Index Name": "orders_pkey", "Startup Cost": 0.0, "Total Cost": 0.26, "Plan Rows": 1, "Plan Width": 0, "Actual Startup Time": 2175.885, "Actual Total Time": 2175.885, "Actual Rows": 395341, "Actual Loops": 395341, "Index Cond": "(o_orderkey = lineitem.l_orderkey)"}]}]}]}, {"Node Type": "Sort", "Parent Relationship": "Inner", "Startup Cost": 64457.4, "Total Cost": 65207.4, "Plan Rows": 300000, "Plan Width": 8, "Actual Startup Time": 693.057, "Actual Total Time": 735.841, "Actual Rows": 301987, "Actual Loops": 1, "Sort Key": ["customer.c_custkey"], "Sort Method": "quicksort", "Sort Space Used": 31055, "Sort Space Type": "Memory", "Plans": [{"Node Type": "Nested Loop", "Parent Relationship": "Outer", "Join Type": "Inner", "Startup Cost": 1033.27, "Total Cost": 37165.49, "Plan Rows": 300000, "Plan Width": 8, "Actual Startup Time": 21.395, "Actual Total Time": 591.484, "Actual Rows": 300270, "Actual Loops": 1, "Inner Unique": false, "Plans": [{"Node Type": "Merge Join", "Parent Relationship": "Outer", "Join Type": "Inner", "Startup Cost": 2.9, "Total Cost": 3.09, "Plan Rows": 5, "Plan Width": 4, "Actual Startup Time": 0.103, "Actual Total Time": 0.154, "Actual Rows": 5, "Actual Loops": 1, "Inner Unique": false, "Merge Cond": "(region.r_regionkey = n1.n_regionkey)", "Plans": [{"Node Type": "Sort", "Parent Relationship": "Outer", "Startup Cost": 1.07, "Total Cost": 1.08, "Plan Rows": 1, "Plan Width": 4, "Actual Startup Time": 0.05, "Actual Total Time": 0.051, "Actual Rows": 1, "Actual Loops": 1, "Sort Key": ["region.r_regionkey"], "Sort Method": "quicksort", "Sort Space Used": 25, "Sort Space Type": "Memory", "Plans": [{"Node Type": "Seq Scan", "Parent Relationship": "Outer", "Relation Name": "region", "Alias": "region", "Startup Cost": 0.0, "Total Cost": 1.06, "Plan Rows": 1, "Plan Width": 4, "Actual Startup Time": 0.039, "Actual Total Time": 0.04, "Actual Rows": 1, "Actual Loops": 1, "Filter": "(r_name = 'ASIA'::bpchar)", "Rows Removed by Filter": 4}]}, {"Node Type": "Sort", "Parent Relationship": "Inner", "Startup Cost": 1.83, "Total Cost": 1.89, "Plan Rows": 25, "Plan Width": 8, "Actual Startup Time": 0.042, "Actual Total Time": 0.061, "Actual Rows": 16, "Actual Loops": 1, "Sort Key": ["n1.n_regionkey"], "Sort Method": "quicksort", "Sort Space Used": 26, "Sort Space Type": "Memory", "Plans": [{"Node Type": "Seq Scan", "Parent Relationship": "Outer", "Relation Name": "nation", "Alias": "n1", "Startup Cost": 0.0, "Total Cost": 1.25, "Plan Rows": 25, "Plan Width": 8, "Actual Startup Time": 0.011, "Actual Total Time": 0.016, "Actual Rows": 25, "Actual Loops": 1}]}]}, {"Node Type": "Bitmap Heap Scan", "Parent Relationship": "Inner", "Relation Name": "customer", "Alias": "customer", "Startup Cost": 1030.37, "Total Cost": 6832.48, "Plan Rows": 60000, "Plan Width": 12, "Actual Startup Time": 104.464, "Actual Total Time": 535.996, "Actual Rows": 300270, "Actual Loops": 5, "Recheck Cond": "(c_nationkey = n1.n_nationkey)", "Rows Removed by Index Recheck": 0, "Exact Heap Blocks": 150032, "Lossy Heap Blocks": 150032, "Plans": [{"Node Type": "Bitmap Index Scan", "Parent Relationship": "Outer", "Index Name": "idx_customer_nationkey", "Startup Cost": 0.0, "Total Cost": 1015.37, "Plan Rows": 60000, "Plan Width": 0, "Actual Startup Time": 69.608, "Actual Total Time": 69.608, "Actual Rows": 300270, "Actual Loops": 5, "Index Cond": "(c_nationkey = n1.n_nationkey)"}]}]}]}]}]}, {"Node Type": "Sort", "Parent Relationship": "Inner", "Startup Cost": 11587.82, "Total Cost": 11837.82, "Plan Rows": 100000, "Plan Width": 12, "Actual Startup Time": 68.473, "Actual Total Time": 79.278, "Actual Rows": 99998, "Actual Loops": 1, "Sort Key": ["supplier.s_suppkey"], "Sort Method": "quicksort", "Sort Space Used": 12448, "Sort Space Type": "Memory", "Plans": [{"Node Type": "Seq Scan", "Parent Relationship": "Outer", "Relation Name": "supplier", "Alias": "supplier", "Startup Cost": 0.0, "Total Cost": 3283.0, "Plan Rows": 100000, "Plan Width": 12, "Actual Startup Time": 0.033, "Actual Total Time": 37.421, "Actual Rows": 100000, "Actual Loops": 1}]}]}]}]}]}]}, "Triggers": [], "Planner Runtime": 7, "Total Runtime": 7387.145, "Unique SQL Id": 3681808042}}, "(16, 83)": {"explain_plan": {"Plan": {"Node Type": "Sort", "Startup Cost": 66661878.45, "Total Cost": 66661878.48, "Plan Rows": 10, "Plan Width": 66, "Sort Key": ["(date_part('year'::text, orders.o_orderdate))"], "Plans": [{"Node Type": "Aggregate", "Strategy": "Hashed", "Parent Relationship": "Outer", "Startup Cost": 66661878.14, "Total Cost": 66661878.29, "Plan Rows": 10, "Plan Width": 66, "Group By Key": ["date_part('year'::text, orders.o_orderdate)"], "Plans": [{"Node Type": "Nested Loop", "Parent Relationship": "Outer", "Join Type": "Inner", "Startup Cost": 115915.31, "Total Cost": 66661758.32, "Plan Rows": 5991, "Plan Width": 50, "Inner Unique": true, "Plans": [{"Node Type": "Nested Loop", "Parent Relationship": "Outer", "Join Type": "Inner", "Startup Cost": 115915.05, "Total Cost": 66636099.88, "Plan Rows": 5991, "Plan Width": 28, "Inner Unique": true, "Plans": [{"Node Type": "Nested Loop", "Parent Relationship": "Outer", "Join Type": "Inner", "Startup Cost": 115914.79, "Total Cost": 66562068.23, "Plan Rows": 17296, "Plan Width": 32, "Inner Unique": true, "Plans": [{"Node Type": "Nested Loop", "Parent Relationship": "Outer", "Join Type": "Inner", "Startup Cost": 115914.53, "Total Cost": 45938880.46, "Plan Rows": 4814867, "Plan Width": 40, "Inner Unique": false, "Plans": [{"Node Type": "Nested Loop", "Parent Relationship": "Outer", "Join Type": "Inner", "Startup Cost": 115914.01, "Total Cost": 43432501.27, "Plan Rows": 530296, "Plan Width": 16, "Inner Unique": true, "Plans": [{"Node Type": "Nested Loop", "Parent Relationship": "Outer", "Join Type": "Inner", "Startup Cost": 115913.43, "Total Cost": 31228406.3, "Plan Rows": 2651479, "Plan Width": 20, "Inner Unique": true, "Plans": [{"Node Type": "Nested Loop", "Parent Relationship": "Outer", "Join Type": "Inner", "Startup Cost": 115913.17, "Total Cost": 19879399.17, "Plan Rows": 2651479, "Plan Width": 20, "Inner Unique": true, "Plans": [{"Node Type": "Bitmap Heap Scan", "Parent Relationship": "Outer", "Relation Name": "orders", "Alias": "orders", "Startup Cost": 115912.91, "Total Cost": 460311.42, "Plan Rows": 4531967, "Plan Width": 24, "Recheck Cond": "((o_orderdate >= '1995-01-01 00:00:00'::timestamp(0) without time zone) AND (o_orderdate <= '1996-12-31 00:00:00'::timestamp(0) without time zone)), (LLVM Optimized)", "Plans": [{"Node Type": "Bitmap Index Scan", "Parent Relationship": "Outer", "Index Name": "idx_orders_orderdate", "Startup Cost": 0.0, "Total Cost": 114779.92, "Plan Rows": 4531967, "Plan Width": 0, "Index Cond": "((o_orderdate >= '1995-01-01 00:00:00'::timestamp(0) without time zone) AND (o_orderdate <= '1996-12-31 00:00:00'::timestamp(0) without time zone))"}]}, {"Node Type": "Bitmap Heap Scan", "Parent Relationship": "Inner", "Relation Name": "customer", "Alias": "customer", "Startup Cost": 0.26, "Total Cost": 4.27, "Plan Rows": 1, "Plan Width": 12, "Recheck Cond": "(c_custkey = orders.o_custkey)", "Plans": [{"Node Type": "Bitmap Index Scan", "Parent Relationship": "Outer", "Index Name": "customer_pkey", "Startup Cost": 0.0, "Total Cost": 0.26, "Plan Rows": 1, "Plan Width": 0, "Index Cond": "(c_custkey = orders.o_custkey)"}]}]}, {"Node Type": "Bitmap Heap Scan", "Parent Relationship": "Inner", "Relation Name": "nation", "Alias": "n1", "Startup Cost": 0.26, "Total Cost": 4.27, "Plan Rows": 1, "Plan Width": 8, "Recheck Cond": "(n_nationkey = customer.c_nationkey)", "Plans": [{"Node Type": "Bitmap Index Scan", "Parent Relationship": "Outer", "Index Name": "nation_pkey", "Startup Cost": 0.0, "Total Cost": 0.26, "Plan Rows": 1, "Plan Width": 0, "Index Cond": "(n_nationkey = customer.c_nationkey)"}]}]}, {"Node Type": "Bitmap Heap Scan", "Parent Relationship": "Inner", "Relation Name": "region", "Alias": "region", "Startup Cost": 0.58, "Total Cost": 4.59, "Plan Rows": 1, "Plan Width": 4, "Recheck Cond": "(r_regionkey = n1.n_regionkey)", "Filter": "(r_name = 'ASIA'::bpchar)", "Plans": [{"Node Type": "Bitmap Index Scan", "Parent Relationship": "Outer", "Index Name": "region_pkey", "Startup Cost": 0.0, "Total Cost": 0.58, "Plan Rows": 1, "Plan Width": 0, "Index Cond": "(r_regionkey = n1.n_regionkey)"}]}]}, {"Node Type": "Bitmap Heap Scan", "Parent Relationship": "Inner", "Relation Name": "lineitem", "Alias": "lineitem", "Startup Cost": 0.52, "Total Cost": 4.64, "Plan Rows": 9, "Plan Width": 40, "Recheck Cond": "(l_orderkey = orders.o_orderkey)", "Plans": [{"Node Type": "Bitmap Index Scan", "Parent Relationship": "Outer", "Index Name": "idx_lineitem_orderkey", "Startup Cost": 0.0, "Total Cost": 0.52, "Plan Rows": 9, "Plan Width": 0, "Index Cond": "(l_orderkey = orders.o_orderkey)"}]}]}, {"Node Type": "Bitmap Heap Scan", "Parent Relationship": "Inner", "Relation Name": "part", "Alias": "part", "Startup Cost": 0.26, "Total Cost": 4.27, "Plan Rows": 1, "Plan Width": 8, "Recheck Cond": "(p_partkey = lineitem.l_partkey)", "Filter": "((p_type)::text = 'SMALL PLATED COPPER'::text)", "Plans": [{"Node Type": "Bitmap Index Scan", "Parent Relationship": "Outer", "Index Name": "part_kpey", "Startup Cost": 0.0, "Total Cost": 0.26, "Plan Rows": 1, "Plan Width": 0, "Index Cond": "(p_partkey = lineitem.l_partkey)"}]}]}, {"Node Type": "Bitmap Heap Scan", "Parent Relationship": "Inner", "Relation Name": "supplier", "Alias": "supplier", "Startup Cost": 0.26, "Total Cost": 4.27, "Plan Rows": 1, "Plan Width": 12, "Recheck Cond": "(s_suppkey = lineitem.l_suppkey)", "Plans": [{"Node Type": "Bitmap Index Scan", "Parent Relationship": "Outer", "Index Name": "supplier_pkey", "Startup Cost": 0.0, "Total Cost": 0.26, "Plan Rows": 1, "Plan Width": 0, "Index Cond": "(s_suppkey = lineitem.l_suppkey)"}]}]}, {"Node Type": "Bitmap Heap Scan", "Parent Relationship": "Inner", "Relation Name": "nation", "Alias": "n2", "Startup Cost": 0.26, "Total Cost": 4.27, "Plan Rows": 1, "Plan Width": 30, "Recheck Cond": "(n_nationkey = supplier.s_nationkey)", "Plans": [{"Node Type": "Bitmap Index Scan", "Parent Relationship": "Outer", "Index Name": "nation_pkey", "Startup Cost": 0.0, "Total Cost": 0.26, "Plan Rows": 1, "Plan Width": 0, "Index Cond": "(n_nationkey = supplier.s_nationkey)"}]}]}]}]}, "Unique SQL Id": 3681808042, "Planner Runtime": 5}, "explain_analyze_plan": null}, "(16, 84)": {"explain_plan": {"Plan": {"Node Type": "Sort", "Startup Cost": 496537.18, "Total Cost": 496537.2, "Plan Rows": 10, "Plan Width": 66, "Sort Key": ["(date_part('year'::text, orders.o_orderdate))"], "Plans": [{"Node Type": "Aggregate", "Strategy": "Hashed", "Parent Relationship": "Outer", "Startup Cost": 496536.86, "Total Cost": 496537.01, "Plan Rows": 10, "Plan Width": 66, "Group By Key": ["date_part('year'::text, orders.o_orderdate)"], "Plans": [{"Node Type": "Merge Join", "Parent Relationship": "Outer", "Join Type": "Inner", "Startup Cost": 496312.07, "Total Cost": 496417.04, "Plan Rows": 5991, "Plan Width": 50, "Inner Unique": false, "Merge Cond": "(n2.n_nationkey = supplier.s_nationkey)", "Plans": [{"Node Type": "Sort", "Parent Relationship": "Outer", "Startup Cost": 1.83, "Total Cost": 1.89, "Plan Rows": 25, "Plan Width": 30, "Sort Key": ["n2.n_nationkey"], "Plans": [{"Node Type": "Seq Scan", "Parent Relationship": "Outer", "Relation Name": "nation", "Alias": "n2", "Startup Cost": 0.0, "Total Cost": 1.25, "Plan Rows": 25, "Plan Width": 30}]}, {"Node Type": "Sort", "Parent Relationship": "Inner", "Startup Cost": 496310.24, "Total Cost": 496325.22, "Plan Rows": 5991, "Plan Width": 28, "Sort Key": ["supplier.s_nationkey"], "Plans": [{"Node Type": "Merge Join", "Parent Relationship": "Outer", "Join Type": "Inner", "Startup Cost": 495724.65, "Total Cost": 495934.35, "Plan Rows": 5991, "Plan Width": 28, "Inner Unique": false, "Merge Cond": "(n1.n_nationkey = customer.c_nationkey)", "Plans": [{"Node Type": "Sort", "Parent Relationship": "Outer", "Startup Cost": 3.14, "Total Cost": 3.16, "Plan Rows": 5, "Plan Width": 4, "Sort Key": ["n1.n_nationkey"], "Plans": [{"Node Type": "Merge Join", "Parent Relationship": "Outer", "Join Type": "Inner", "Startup Cost": 2.9, "Total Cost": 3.09, "Plan Rows": 5, "Plan Width": 4, "Inner Unique": false, "Merge Cond": "(region.r_regionkey = n1.n_regionkey)", "Plans": [{"Node Type": "Sort", "Parent Relationship": "Outer", "Startup Cost": 1.07, "Total Cost": 1.08, "Plan Rows": 1, "Plan Width": 4, "Sort Key": ["region.r_regionkey"], "Plans": [{"Node Type": "Seq Scan", "Parent Relationship": "Outer", "Relation Name": "region", "Alias": "region", "Startup Cost": 0.0, "Total Cost": 1.06, "Plan Rows": 1, "Plan Width": 4, "Filter": "(r_name = 'ASIA'::bpchar)"}]}, {"Node Type": "Sort", "Parent Relationship": "Inner", "Startup Cost": 1.83, "Total Cost": 1.89, "Plan Rows": 25, "Plan Width": 8, "Sort Key": ["n1.n_regionkey"], "Plans": [{"Node Type": "Seq Scan", "Parent Relationship": "Outer", "Relation Name": "nation", "Alias": "n1", "Startup Cost": 0.0, "Total Cost": 1.25, "Plan Rows": 25, "Plan Width": 8}]}]}]}, {"Node Type": "Sort", "Parent Relationship": "Inner", "Startup Cost": 495721.5, "Total Cost": 495796.39, "Plan Rows": 29954, "Plan Width": 32, "Sort Key": ["customer.c_nationkey"], "Plans": [{"Node Type": "Nested Loop", "Parent Relationship": "Outer", "Join Type": "Inner", "Startup Cost": 447605.57, "Total Cost": 493494.35, "Plan Rows": 29954, "Plan Width": 32, "Inner Unique": true, "Plans": [{"Node Type": "Nested Loop", "Parent Relationship": "Outer", "Join Type": "Inner", "Startup Cost": 447605.57, "Total Cost": 477242.48, "Plan Rows": 51198, "Plan Width": 36, "Inner Unique": true, "Plans": [{"Node Type": "Merge Join", "Parent Relationship": "Outer", "Join Type": "Inner", "Startup Cost": 447605.57, "Total Cost": 454309.6, "Plan Rows": 74637, "Plan Width": 28, "Inner Unique": false, "Merge Cond": "(supplier.s_suppkey = lineitem.l_suppkey)", "Plans": [{"Node Type": "Index Scan", "Parent Relationship": "Outer", "Scan Direction": "Forward", "Index Name": "supplier_pkey", "Relation Name": "supplier", "Alias": "supplier", "Startup Cost": 0.0, "Total Cost": 5334.54, "Plan Rows": 100000, "Plan Width": 12}, {"Node Type": "Sort", "Parent Relationship": "Inner", "Startup Cost": 447605.54, "Total Cost": 447792.13, "Plan Rows": 74637, "Plan Width": 32, "Sort Key": ["lineitem.l_suppkey"], "Plans": [{"Node Type": "Nested Loop", "Parent Relationship": "Outer", "Join Type": "Inner", "Startup Cost": 0.0, "Total Cost": 441564.57, "Plan Rows": 74637, "Plan Width": 32, "Inner Unique": false, "Plans": [{"Node Type": "Seq Scan", "Parent Relationship": "Outer", "Relation Name": "part", "Alias": "part", "Startup Cost": 0.0, "Total Cost": 66944.0, "Plan Rows": 13538, "Plan Width": 8, "Filter": "((p_type)::text = 'SMALL PLATED COPPER'::text)"}, {"Node Type": "Index Scan", "Parent Relationship": "Inner", "Scan Direction": "Forward", "Index Name": "idx_lineitem_part_supp", "Relation Name": "lineitem", "Alias": "lineitem", "Startup Cost": 0.0, "Total Cost": 27.61, "Plan Rows": 6, "Plan Width": 40, "Index Cond": "(l_partkey = part.p_partkey)"}]}]}]}, {"Node Type": "Index Scan", "Parent Relationship": "Inner", "Scan Direction": "Forward", "Index Name": "orders_pkey", "Relation Name": "orders", "Alias": "orders", "Startup Cost": 0.0, "Total Cost": 0.3, "Plan Rows": 1, "Plan Width": 24, "Index Cond": "(o_orderkey = lineitem.l_orderkey)", "Filter": "((o_orderdate >= '1995-01-01 00:00:00'::timestamp(0) without time zone) AND (o_orderdate <= '1996-12-31 00:00:00'::timestamp(0) without time zone))"}]}, {"Node Type": "Index Scan", "Parent Relationship": "Inner", "Scan Direction": "Forward", "Index Name": "customer_pkey", "Relation Name": "customer", "Alias": "customer", "Startup Cost": 0.0, "Total Cost": 0.31, "Plan Rows": 1, "Plan Width": 12, "Index Cond": "(c_custkey = orders.o_custkey)"}]}]}]}]}]}]}]}, "Unique SQL Id": 3681808042, "Planner Runtime": 6}, "explain_analyze_plan": {"Plan": {"Node Type": "Sort", "Startup Cost": 496537.18, "Total Cost": 496537.2, "Plan Rows": 10, "Plan Width": 66, "Actual Startup Time": 6731.082, "Actual Total Time": 6731.082, "Actual Rows": 2, "Actual Loops": 1, "Sort Key": ["(date_part('year'::text, orders.o_orderdate))"], "Sort Method": "quicksort", "Sort Space Used": 25, "Sort Space Type": "Memory", "Plans": [{"Node Type": "Aggregate", "Strategy": "Hashed", "Parent Relationship": "Outer", "Startup Cost": 496536.86, "Total Cost": 496537.01, "Plan Rows": 10, "Plan Width": 66, "Actual Startup Time": 6731.068, "Actual Total Time": 6731.068, "Actual Rows": 2, "Actual Loops": 1, "Group By Key": ["date_part('year'::text, orders.o_orderdate)"], "Plans": [{"Node Type": "Merge Join", "Parent Relationship": "Outer", "Join Type": "Inner", "Startup Cost": 496312.07, "Total Cost": 496417.04, "Plan Rows": 5991, "Plan Width": 50, "Actual Startup Time": 6695.45, "Actual Total Time": 6711.56, "Actual Rows": 23929, "Actual Loops": 1, "Inner Unique": false, "Merge Cond": "(n2.n_nationkey = supplier.s_nationkey)", "Plans": [{"Node Type": "Sort", "Parent Relationship": "Outer", "Startup Cost": 1.83, "Total Cost": 1.89, "Plan Rows": 25, "Plan Width": 30, "Actual Startup Time": 0.036, "Actual Total Time": 0.042, "Actual Rows": 25, "Actual Loops": 1, "Sort Key": ["n2.n_nationkey"], "Sort Method": "quicksort", "Sort Space Used": 27, "Sort Space Type": "Memory", "Plans": [{"Node Type": "Seq Scan", "Parent Relationship": "Outer", "Relation Name": "nation", "Alias": "n2", "Startup Cost": 0.0, "Total Cost": 1.25, "Plan Rows": 25, "Plan Width": 30, "Actual Startup Time": 0.012, "Actual Total Time": 0.019, "Actual Rows": 25, "Actual Loops": 1}]}, {"Node Type": "Sort", "Parent Relationship": "Inner", "Startup Cost": 496310.24, "Total Cost": 496325.22, "Plan Rows": 5991, "Plan Width": 28, "Actual Startup Time": 6695.367, "Actual Total Time": 6698.257, "Actual Rows": 23929, "Actual Loops": 1, "Sort Key": ["supplier.s_nationkey"], "Sort Method": "quicksort", "Sort Space Used": 3012, "Sort Space Type": "Memory", "Plans": [{"Node Type": "Merge Join", "Parent Relationship": "Outer", "Join Type": "Inner", "Startup Cost": 495724.65, "Total Cost": 495934.35, "Plan Rows": 5991, "Plan Width": 28, "Actual Startup Time": 6660.019, "Actual Total Time": 6688.406, "Actual Rows": 23929, "Actual Loops": 1, "Inner Unique": false, "Merge Cond": "(n1.n_nationkey = customer.c_nationkey)", "Plans": [{"Node Type": "Sort", "Parent Relationship": "Outer", "Startup Cost": 3.14, "Total Cost": 3.16, "Plan Rows": 5, "Plan Width": 4, "Actual Startup Time": 0.055, "Actual Total Time": 0.057, "Actual Rows": 5, "Actual Loops": 1, "Sort Key": ["n1.n_nationkey"], "Sort Method": "quicksort", "Sort Space Used": 25, "Sort Space Type": "Memory", "Plans": [{"Node Type": "Merge Join", "Parent Relationship": "Outer", "Join Type": "Inner", "Startup Cost": 2.9, "Total Cost": 3.09, "Plan Rows": 5, "Plan Width": 4, "Actual Startup Time": 0.044, "Actual Total Time": 0.048, "Actual Rows": 5, "Actual Loops": 1, "Inner Unique": false, "Merge Cond": "(region.r_regionkey = n1.n_regionkey)", "Plans": [{"Node Type": "Sort", "Parent Relationship": "Outer", "Startup Cost": 1.07, "Total Cost": 1.08, "Plan Rows": 1, "Plan Width": 4, "Actual Startup Time": 0.013, "Actual Total Time": 0.013, "Actual Rows": 1, "Actual Loops": 1, "Sort Key": ["region.r_regionkey"], "Sort Method": "quicksort", "Sort Space Used": 25, "Sort Space Type": "Memory", "Plans": [{"Node Type": "Seq Scan", "Parent Relationship": "Outer", "Relation Name": "region", "Alias": "region", "Startup Cost": 0.0, "Total Cost": 1.06, "Plan Rows": 1, "Plan Width": 4, "Actual Startup Time": 0.009, "Actual Total Time": 0.01, "Actual Rows": 1, "Actual Loops": 1, "Filter": "(r_name = 'ASIA'::bpchar)", "Rows Removed by Filter": 4}]}, {"Node Type": "Sort", "Parent Relationship": "Inner", "Startup Cost": 1.83, "Total Cost": 1.89, "Plan Rows": 25, "Plan Width": 8, "Actual Startup Time": 0.024, "Actual Total Time": 0.026, "Actual Rows": 16, "Actual Loops": 1, "Sort Key": ["n1.n_regionkey"], "Sort Method": "quicksort", "Sort Space Used": 26, "Sort Space Type": "Memory", "Plans": [{"Node Type": "Seq Scan", "Parent Relationship": "Outer", "Relation Name": "nation", "Alias": "n1", "Startup Cost": 0.0, "Total Cost": 1.25, "Plan Rows": 25, "Plan Width": 8, "Actual Startup Time": 0.006, "Actual Total Time": 0.011, "Actual Rows": 25, "Actual Loops": 1}]}]}]}, {"Node Type": "Sort", "Parent Relationship": "Inner", "Startup Cost": 495721.5, "Total Cost": 495796.39, "Plan Rows": 29954, "Plan Width": 32, "Actual Startup Time": 6645.718, "Actual Total Time": 6668.514, "Actual Rows": 105359, "Actual Loops": 1, "Sort Key": ["customer.c_nationkey"], "Sort Method": "quicksort", "Sort Space Used": 14300, "Sort Space Type": "Memory", "Plans": [{"Node Type": "Nested Loop", "Parent Relationship": "Outer", "Join Type": "Inner", "Startup Cost": 447605.57, "Total Cost": 493494.35, "Plan Rows": 29954, "Plan Width": 32, "Actual Startup Time": 2095.186, "Actual Total Time": 6595.522, "Actual Rows": 119765, "Actual Loops": 1, "Inner Unique": true, "Plans": [{"Node Type": "Nested Loop", "Parent Relationship": "Outer", "Join Type": "Inner", "Startup Cost": 447605.57, "Total Cost": 477242.48, "Plan Rows": 51198, "Plan Width": 36, "Actual Startup Time": 2095.162, "Actual Total Time": 5710.8, "Actual Rows": 119765, "Actual Loops": 1, "Inner Unique": true, "Plans": [{"Node Type": "Merge Join", "Parent Relationship": "Outer", "Join Type": "Inner", "Startup Cost": 447605.57, "Total Cost": 454309.6, "Plan Rows": 74637, "Plan Width": 28, "Actual Startup Time": 2095.069, "Actual Total Time": 2393.422, "Actual Rows": 395341, "Actual Loops": 1, "Inner Unique": false, "Merge Cond": "(supplier.s_suppkey = lineitem.l_suppkey)", "Plans": [{"Node Type": "Index Scan", "Parent Relationship": "Outer", "Scan Direction": "Forward", "Index Name": "supplier_pkey", "Relation Name": "supplier", "Alias": "supplier", "Startup Cost": 0.0, "Total Cost": 5334.54, "Plan Rows": 100000, "Plan Width": 12, "Actual Startup Time": 0.021, "Actual Total Time": 67.468, "Actual Rows": 99999, "Actual Loops": 1}, {"Node Type": "Sort", "Parent Relationship": "Inner", "Startup Cost": 447605.54, "Total Cost": 447792.13, "Plan Rows": 74637, "Plan Width": 32, "Actual Startup Time": 2095.038, "Actual Total Time": 2174.775, "Actual Rows": 395341, "Actual Loops": 1, "Sort Key": ["lineitem.l_suppkey"], "Sort Method": "quicksort", "Sort Space Used": 49352, "Sort Space Type": "Memory", "Plans": [{"Node Type": "Nested Loop", "Parent Relationship": "Outer", "Join Type": "Inner", "Startup Cost": 0.0, "Total Cost": 441564.57, "Plan Rows": 74637, "Plan Width": 32, "Actual Startup Time": 0.038, "Actual Total Time": 1945.866, "Actual Rows": 395341, "Actual Loops": 1, "Inner Unique": false, "Plans": [{"Node Type": "Seq Scan", "Parent Relationship": "Outer", "Relation Name": "part", "Alias": "part", "Startup Cost": 0.0, "Total Cost": 66944.0, "Plan Rows": 13538, "Plan Width": 8, "Actual Startup Time": 0.02, "Actual Total Time": 756.914, "Actual Rows": 13163, "Actual Loops": 1, "Filter": "((p_type)::text = 'SMALL PLATED COPPER'::text)", "Rows Removed by Filter": 1986837}, {"Node Type": "Index Scan", "Parent Relationship": "Inner", "Scan Direction": "Forward", "Index Name": "idx_lineitem_part_supp", "Relation Name": "lineitem", "Alias": "lineitem", "Startup Cost": 0.0, "Total Cost": 27.61, "Plan Rows": 6, "Plan Width": 40, "Actual Startup Time": 152.495, "Actual Total Time": 1096.608, "Actual Rows": 395341, "Actual Loops": 13163, "Index Cond": "(l_partkey = part.p_partkey)", "Rows Removed by Index Recheck": 0}]}]}]}, {"Node Type": "Index Scan", "Parent Relationship": "Inner", "Scan Direction": "Forward", "Index Name": "orders_pkey", "Relation Name": "orders", "Alias": "orders", "Startup Cost": 0.0, "Total Cost": 0.3, "Plan Rows": 1, "Plan Width": 24, "Actual Startup Time": 3082.293, "Actual Total Time": 3082.293, "Actual Rows": 119765, "Actual Loops": 395341, "Index Cond": "(o_orderkey = lineitem.l_orderkey)", "Rows Removed by Index Recheck": 0, "Filter": "((o_orderdate >= '1995-01-01 00:00:00'::timestamp(0) without time zone) AND (o_orderdate <= '1996-12-31 00:00:00'::timestamp(0) without time zone))", "Rows Removed by Filter": 275576}]}, {"Node Type": "Index Scan", "Parent Relationship": "Inner", "Scan Direction": "Forward", "Index Name": "customer_pkey", "Relation Name": "customer", "Alias": "customer", "Startup Cost": 0.0, "Total Cost": 0.31, "Plan Rows": 1, "Plan Width": 12, "Actual Startup Time": 784.634, "Actual Total Time": 784.634, "Actual Rows": 119765, "Actual Loops": 119765, "Index Cond": "(c_custkey = orders.o_custkey)", "Rows Removed by Index Recheck": 0}]}]}]}]}]}]}]}, "Triggers": [], "Planner Runtime": 7, "Total Runtime": 6731.525, "Unique SQL Id": 3681808042}}, "(16, 85)": {"explain_plan": {"Plan": {"Node Type": "Sort", "Startup Cost": 535424.81, "Total Cost": 535424.84, "Plan Rows": 10, "Plan Width": 66, "Sort Key": ["(date_part('year'::text, orders.o_orderdate))"], "Plans": [{"Node Type": "Aggregate", "Strategy": "Hashed", "Parent Relationship": "Outer", "Startup Cost": 535424.5, "Total Cost": 535424.65, "Plan Rows": 10, "Plan Width": 66, "Group By Key": ["date_part('year'::text, orders.o_orderdate)"], "Plans": [{"Node Type": "Merge Join", "Parent Relationship": "Outer", "Join Type": "Inner", "Startup Cost": 535187.15, "Total Cost": 535304.68, "Plan Rows": 5991, "Plan Width": 50, "Inner Unique": false, "Merge Cond": "(n2.n_nationkey = supplier.s_nationkey)", "Plans": [{"Node Type": "Index Scan", "Parent Relationship": "Outer", "Scan Direction": "Forward", "Index Name": "nation_pkey", "Relation Name": "nation", "Alias": "n2", "Startup Cost": 0.0, "Total Cost": 12.62, "Plan Rows": 25, "Plan Width": 30}, {"Node Type": "Sort", "Parent Relationship": "Inner", "Startup Cost": 535187.15, "Total Cost": 535202.12, "Plan Rows": 5991, "Plan Width": 28, "Sort Key": ["supplier.s_nationkey"], "Plans": [{"Node Type": "Merge Join", "Parent Relationship": "Outer", "Join Type": "Inner", "Startup Cost": 534601.55, "Total Cost": 534811.25, "Plan Rows": 5991, "Plan Width": 28, "Inner Unique": false, "Merge Cond": "(n1.n_nationkey = customer.c_nationkey)", "Plans": [{"Node Type": "Sort", "Parent Relationship": "Outer", "Startup Cost": 20.8, "Total Cost": 20.81, "Plan Rows": 5, "Plan Width": 4, "Sort Key": ["n1.n_nationkey"], "Plans": [{"Node Type": "Nested Loop", "Parent Relationship": "Outer", "Join Type": "Inner", "Startup Cost": 0.0, "Total Cost": 20.74, "Plan Rows": 5, "Plan Width": 4, "Inner Unique": false, "Plans": [{"Node Type": "Index Scan", "Parent Relationship": "Outer", "Scan Direction": "Forward", "Index Name": "region_pkey", "Relation Name": "region", "Alias": "region", "Startup Cost": 0.0, "Total Cost": 12.34, "Plan Rows": 1, "Plan Width": 4, "Filter": "(r_name = 'ASIA'::bpchar)"}, {"Node Type": "Index Scan", "Parent Relationship": "Inner", "Scan Direction": "Forward", "Index Name": "idx_nation_regionkey", "Relation Name": "nation", "Alias": "n1", "Startup Cost": 0.0, "Total Cost": 8.35, "Plan Rows": 5, "Plan Width": 8, "Index Cond": "(n_regionkey = region.r_regionkey)"}]}]}, {"Node Type": "Sort", "Parent Relationship": "Inner", "Startup Cost": 534580.75, "Total Cost": 534655.64, "Plan Rows": 29954, "Plan Width": 32, "Sort Key": ["customer.c_nationkey"], "Plans": [{"Node Type": "Nested Loop", "Parent Relationship": "Outer", "Join Type": "Inner", "Startup Cost": 486464.82, "Total Cost": 532353.6, "Plan Rows": 29954, "Plan Width": 32, "Inner Unique": true, "Plans": [{"Node Type": "Nested Loop", "Parent Relationship": "Outer", "Join Type": "Inner", "Startup Cost": 486464.82, "Total Cost": 516101.73, "Plan Rows": 51198, "Plan Width": 36, "Inner Unique": true, "Plans": [{"Node Type": "Merge Join", "Parent Relationship": "Outer", "Join Type": "Inner", "Startup Cost": 486464.82, "Total Cost": 493168.85, "Plan Rows": 74637, "Plan Width": 28, "Inner Unique": true, "Merge Cond": "(lineitem.l_suppkey = supplier.s_suppkey)", "Plans": [{"Node Type": "Sort", "Parent Relationship": "Outer", "Startup Cost": 486464.79, "Total Cost": 486651.38, "Plan Rows": 74637, "Plan Width": 32, "Sort Key": ["lineitem.l_suppkey"], "Plans": [{"Node Type": "Nested Loop", "Parent Relationship": "Outer", "Join Type": "Inner", "Startup Cost": 0.0, "Total Cost": 480423.82, "Plan Rows": 74637, "Plan Width": 32, "Inner Unique": false, "Plans": [{"Node Type": "Index Scan", "Parent Relationship": "Outer", "Scan Direction": "Forward", "Index Name": "part_kpey", "Relation Name": "part", "Alias": "part", "Startup Cost": 0.0, "Total Cost": 105803.25, "Plan Rows": 13538, "Plan Width": 8, "Filter": "((p_type)::text = 'SMALL PLATED COPPER'::text)"}, {"Node Type": "Index Scan", "Parent Relationship": "Inner", "Scan Direction": "Forward", "Index Name": "idx_lineitem_part_supp", "Relation Name": "lineitem", "Alias": "lineitem", "Startup Cost": 0.0, "Total Cost": 27.61, "Plan Rows": 6, "Plan Width": 40, "Index Cond": "(l_partkey = part.p_partkey)"}]}]}, {"Node Type": "Index Scan", "Parent Relationship": "Inner", "Scan Direction": "Forward", "Index Name": "supplier_pkey", "Relation Name": "supplier", "Alias": "supplier", "Startup Cost": 0.0, "Total Cost": 5334.54, "Plan Rows": 100000, "Plan Width": 12}]}, {"Node Type": "Index Scan", "Parent Relationship": "Inner", "Scan Direction": "Forward", "Index Name": "orders_pkey", "Relation Name": "orders", "Alias": "orders", "Startup Cost": 0.0, "Total Cost": 0.3, "Plan Rows": 1, "Plan Width": 24, "Index Cond": "(o_orderkey = lineitem.l_orderkey)", "Filter": "((o_orderdate >= '1995-01-01 00:00:00'::timestamp(0) without time zone) AND (o_orderdate <= '1996-12-31 00:00:00'::timestamp(0) without time zone))"}]}, {"Node Type": "Index Scan", "Parent Relationship": "Inner", "Scan Direction": "Forward", "Index Name": "customer_pkey", "Relation Name": "customer", "Alias": "customer", "Startup Cost": 0.0, "Total Cost": 0.31, "Plan Rows": 1, "Plan Width": 12, "Index Cond": "(c_custkey = orders.o_custkey)"}]}]}]}]}]}]}]}, "Unique SQL Id": 3681808042, "Planner Runtime": 6}, "explain_analyze_plan": {"Plan": {"Node Type": "Sort", "Startup Cost": 535424.81, "Total Cost": 535424.84, "Plan Rows": 10, "Plan Width": 66, "Actual Startup Time": 7424.093, "Actual Total Time": 7424.093, "Actual Rows": 2, "Actual Loops": 1, "Sort Key": ["(date_part('year'::text, orders.o_orderdate))"], "Sort Method": "quicksort", "Sort Space Used": 25, "Sort Space Type": "Memory", "Plans": [{"Node Type": "Aggregate", "Strategy": "Hashed", "Parent Relationship": "Outer", "Startup Cost": 535424.5, "Total Cost": 535424.65, "Plan Rows": 10, "Plan Width": 66, "Actual Startup Time": 7424.08, "Actual Total Time": 7424.082, "Actual Rows": 2, "Actual Loops": 1, "Group By Key": ["date_part('year'::text, orders.o_orderdate)"], "Plans": [{"Node Type": "Merge Join", "Parent Relationship": "Outer", "Join Type": "Inner", "Startup Cost": 535187.15, "Total Cost": 535304.68, "Plan Rows": 5991, "Plan Width": 50, "Actual Startup Time": 7388.7, "Actual Total Time": 7405.134, "Actual Rows": 23929, "Actual Loops": 1, "Inner Unique": false, "Merge Cond": "(n2.n_nationkey = supplier.s_nationkey)", "Plans": [{"Node Type": "Index Scan", "Parent Relationship": "Outer", "Scan Direction": "Forward", "Index Name": "nation_pkey", "Relation Name": "nation", "Alias": "n2", "Startup Cost": 0.0, "Total Cost": 12.62, "Plan Rows": 25, "Plan Width": 30, "Actual Startup Time": 0.01, "Actual Total Time": 0.04, "Actual Rows": 25, "Actual Loops": 1}, {"Node Type": "Sort", "Parent Relationship": "Inner", "Startup Cost": 535187.15, "Total Cost": 535202.12, "Plan Rows": 5991, "Plan Width": 28, "Actual Startup Time": 7388.652, "Actual Total Time": 7391.542, "Actual Rows": 23929, "Actual Loops": 1, "Sort Key": ["supplier.s_nationkey"], "Sort Method": "quicksort", "Sort Space Used": 3012, "Sort Space Type": "Memory", "Plans": [{"Node Type": "Merge Join", "Parent Relationship": "Outer", "Join Type": "Inner", "Startup Cost": 534601.55, "Total Cost": 534811.25, "Plan Rows": 5991, "Plan Width": 28, "Actual Startup Time": 7355.925, "Actual Total Time": 7381.743, "Actual Rows": 23929, "Actual Loops": 1, "Inner Unique": false, "Merge Cond": "(n1.n_nationkey = customer.c_nationkey)", "Plans": [{"Node Type": "Sort", "Parent Relationship": "Outer", "Startup Cost": 20.8, "Total Cost": 20.81, "Plan Rows": 5, "Plan Width": 4, "Actual Startup Time": 0.028, "Actual Total Time": 0.031, "Actual Rows": 5, "Actual Loops": 1, "Sort Key": ["n1.n_nationkey"], "Sort Method": "quicksort", "Sort Space Used": 25, "Sort Space Type": "Memory", "Plans": [{"Node Type": "Nested Loop", "Parent Relationship": "Outer", "Join Type": "Inner", "Startup Cost": 0.0, "Total Cost": 20.74, "Plan Rows": 5, "Plan Width": 4, "Actual Startup Time": 0.017, "Actual Total Time": 0.022, "Actual Rows": 5, "Actual Loops": 1, "Inner Unique": false, "Plans": [{"Node Type": "Index Scan", "Parent Relationship": "Outer", "Scan Direction": "Forward", "Index Name": "region_pkey", "Relation Name": "region", "Alias": "region", "Startup Cost": 0.0, "Total Cost": 12.34, "Plan Rows": 1, "Plan Width": 4, "Actual Startup Time": 0.009, "Actual Total Time": 0.011, "Actual Rows": 1, "Actual Loops": 1, "Filter": "(r_name = 'ASIA'::bpchar)", "Rows Removed by Filter": 4}, {"Node Type": "Index Scan", "Parent Relationship": "Inner", "Scan Direction": "Forward", "Index Name": "idx_nation_regionkey", "Relation Name": "nation", "Alias": "n1", "Startup Cost": 0.0, "Total Cost": 8.35, "Plan Rows": 5, "Plan Width": 8, "Actual Startup Time": 0.005, "Actual Total Time": 0.006, "Actual Rows": 5, "Actual Loops": 1, "Index Cond": "(n_regionkey = region.r_regionkey)", "Rows Removed by Index Recheck": 0}]}]}, {"Node Type": "Sort", "Parent Relationship": "Inner", "Startup Cost": 534580.75, "Total Cost": 534655.64, "Plan Rows": 29954, "Plan Width": 32, "Actual Startup Time": 7339.686, "Actual Total Time": 7362.383, "Actual Rows": 105359, "Actual Loops": 1, "Sort Key": ["customer.c_nationkey"], "Sort Method": "quicksort", "Sort Space Used": 14300, "Sort Space Type": "Memory", "Plans": [{"Node Type": "Nested Loop", "Parent Relationship": "Outer", "Join Type": "Inner", "Startup Cost": 486464.82, "Total Cost": 532353.6, "Plan Rows": 29954, "Plan Width": 32, "Actual Startup Time": 2726.979, "Actual Total Time": 7289.231, "Actual Rows": 119765, "Actual Loops": 1, "Inner Unique": true, "Plans": [{"Node Type": "Nested Loop", "Parent Relationship": "Outer", "Join Type": "Inner", "Startup Cost": 486464.82, "Total Cost": 516101.73, "Plan Rows": 51198, "Plan Width": 36, "Actual Startup Time": 2726.954, "Actual Total Time": 6409.487, "Actual Rows": 119765, "Actual Loops": 1, "Inner Unique": true, "Plans": [{"Node Type": "Merge Join", "Parent Relationship": "Outer", "Join Type": "Inner", "Startup Cost": 486464.82, "Total Cost": 493168.85, "Plan Rows": 74637, "Plan Width": 28, "Actual Startup Time": 2726.864, "Actual Total Time": 3045.316, "Actual Rows": 395341, "Actual Loops": 1, "Inner Unique": true, "Merge Cond": "(lineitem.l_suppkey = supplier.s_suppkey)", "Plans": [{"Node Type": "Sort", "Parent Relationship": "Outer", "Startup Cost": 486464.79, "Total Cost": 486651.38, "Plan Rows": 74637, "Plan Width": 32, "Actual Startup Time": 2726.805, "Actual Total Time": 2815.877, "Actual Rows": 395341, "Actual Loops": 1, "Sort Key": ["lineitem.l_suppkey"], "Sort Method": "quicksort", "Sort Space Used": 49352, "Sort Space Type": "Memory", "Plans": [{"Node Type": "Nested Loop", "Parent Relationship": "Outer", "Join Type": "Inner", "Startup Cost": 0.0, "Total Cost": 480423.82, "Plan Rows": 74637, "Plan Width": 32, "Actual Startup Time": 0.042, "Actual Total Time": 2576.916, "Actual Rows": 395341, "Actual Loops": 1, "Inner Unique": false, "Plans": [{"Node Type": "Index Scan", "Parent Relationship": "Outer", "Scan Direction": "Forward", "Index Name": "part_kpey", "Relation Name": "part", "Alias": "part", "Startup Cost": 0.0, "Total Cost": 105803.25, "Plan Rows": 13538, "Plan Width": 8, "Actual Startup Time": 0.027, "Actual Total Time": 1408.448, "Actual Rows": 13163, "Actual Loops": 1, "Filter": "((p_type)::text = 'SMALL PLATED COPPER'::text)", "Rows Removed by Filter": 1986837}, {"Node Type": "Index Scan", "Parent Relationship": "Inner", "Scan Direction": "Forward", "Index Name": "idx_lineitem_part_supp", "Relation Name": "lineitem", "Alias": "lineitem", "Startup Cost": 0.0, "Total Cost": 27.61, "Plan Rows": 6, "Plan Width": 40, "Actual Startup Time": 142.012, "Actual Total Time": 1074.632, "Actual Rows": 395341, "Actual Loops": 13163, "Index Cond": "(l_partkey = part.p_partkey)", "Rows Removed by Index Recheck": 0}]}]}, {"Node Type": "Index Scan", "Parent Relationship": "Inner", "Scan Direction": "Forward", "Index Name": "supplier_pkey", "Relation Name": "supplier", "Alias": "supplier", "Startup Cost": 0.0, "Total Cost": 5334.54, "Plan Rows": 100000, "Plan Width": 12, "Actual Startup Time": 0.045, "Actual Total Time": 71.072, "Actual Rows": 99998, "Actual Loops": 1}]}, {"Node Type": "Index Scan", "Parent Relationship": "Inner", "Scan Direction": "Forward", "Index Name": "orders_pkey", "Relation Name": "orders", "Alias": "orders", "Startup Cost": 0.0, "Total Cost": 0.3, "Plan Rows": 1, "Plan Width": 24, "Actual Startup Time": 3129.302, "Actual Total Time": 3129.302, "Actual Rows": 119765, "Actual Loops": 395341, "Index Cond": "(o_orderkey = lineitem.l_orderkey)", "Rows Removed by Index Recheck": 0, "Filter": "((o_orderdate >= '1995-01-01 00:00:00'::timestamp(0) without time zone) AND (o_orderdate <= '1996-12-31 00:00:00'::timestamp(0) without time zone))", "Rows Removed by Filter": 275576}]}, {"Node Type": "Index Scan", "Parent Relationship": "Inner", "Scan Direction": "Forward", "Index Name": "customer_pkey", "Relation Name": "customer", "Alias": "customer", "Startup Cost": 0.0, "Total Cost": 0.31, "Plan Rows": 1, "Plan Width": 12, "Actual Startup Time": 777.264, "Actual Total Time": 777.264, "Actual Rows": 119765, "Actual Loops": 119765, "Index Cond": "(c_custkey = orders.o_custkey)", "Rows Removed by Index Recheck": 0}]}]}]}]}]}]}]}, "Triggers": [], "Planner Runtime": 6, "Total Runtime": 7424.512, "Unique SQL Id": 3681808042}}, "(16, 86)": {"explain_plan": {"Plan": {"Node Type": "Sort", "Startup Cost": 858712.57, "Total Cost": 858712.59, "Plan Rows": 10, "Plan Width": 66, "Sort Key": ["(date_part('year'::text, orders.o_orderdate))"], "Plans": [{"Node Type": "Aggregate", "Strategy": "Hashed", "Parent Relationship": "Outer", "Startup Cost": 858712.25, "Total Cost": 858712.4, "Plan Rows": 10, "Plan Width": 66, "Group By Key": ["date_part('year'::text, orders.o_orderdate)"], "Plans": [{"Node Type": "Merge Join", "Parent Relationship": "Outer", "Join Type": "Inner", "Startup Cost": 858487.47, "Total Cost": 858592.43, "Plan Rows": 5991, "Plan Width": 50, "Inner Unique": false, "Merge Cond": "(n2.n_nationkey = supplier.s_nationkey)", "Plans": [{"Node Type": "Sort", "Parent Relationship": "Outer", "Startup Cost": 1.83, "Total Cost": 1.89, "Plan Rows": 25, "Plan Width": 30, "Sort Key": ["n2.n_nationkey"], "Plans": [{"Node Type": "Seq Scan", "Parent Relationship": "Outer", "Relation Name": "nation", "Alias": "n2", "Startup Cost": 0.0, "Total Cost": 1.25, "Plan Rows": 25, "Plan Width": 30}]}, {"Node Type": "Sort", "Parent Relationship": "Inner", "Startup Cost": 858485.64, "Total Cost": 858500.61, "Plan Rows": 5991, "Plan Width": 28, "Sort Key": ["supplier.s_nationkey"], "Plans": [{"Node Type": "Merge Join", "Parent Relationship": "Outer", "Join Type": "Inner", "Startup Cost": 857512.27, "Total Cost": 858109.74, "Plan Rows": 5991, "Plan Width": 28, "Inner Unique": true, "Merge Cond": "(lineitem.l_suppkey = supplier.s_suppkey)", "Plans": [{"Node Type": "Sort", "Parent Relationship": "Outer", "Startup Cost": 845924.44, "Total Cost": 845967.68, "Plan Rows": 17296, "Plan Width": 32, "Sort Key": ["lineitem.l_suppkey"], "Plans": [{"Node Type": "Merge Join", "Parent Relationship": "Outer", "Join Type": "Inner", "Startup Cost": 841820.47, "Total Cost": 844706.96, "Plan Rows": 17296, "Plan Width": 32, "Inner Unique": false, "Merge Cond": "(orders.o_custkey = customer.c_custkey)", "Plans": [{"Node Type": "Sort", "Parent Relationship": "Outer", "Startup Cost": 777363.03, "Total Cost": 777579.23, "Plan Rows": 86479, "Plan Width": 40, "Sort Key": ["orders.o_custkey"], "Plans": [{"Node Type": "Nested Loop", "Parent Relationship": "Outer", "Join Type": "Inner", "Startup Cost": 4.47, "Total Cost": 770271.73, "Plan Rows": 86479, "Plan Width": 40, "Inner Unique": true, "Plans": [{"Node Type": "Nested Loop", "Parent Relationship": "Outer", "Join Type": "Inner", "Startup Cost": 4.21, "Total Cost": 450147.9, "Plan Rows": 74637, "Plan Width": 32, "Inner Unique": false, "Plans": [{"Node Type": "Seq Scan", "Parent Relationship": "Outer", "Relation Name": "part", "Alias": "part", "Startup Cost": 0.0, "Total Cost": 66944.0, "Plan Rows": 13538, "Plan Width": 8, "Filter": "((p_type)::text = 'SMALL PLATED COPPER'::text)"}, {"Node Type": "Bitmap Heap Scan", "Parent Relationship": "Inner", "Relation Name": "lineitem", "Alias": "lineitem", "Startup Cost": 4.21, "Total Cost": 28.25, "Plan Rows": 6, "Plan Width": 40, "Recheck Cond": "(l_partkey = part.p_partkey)", "Plans": [{"Node Type": "Bitmap Index Scan", "Parent Relationship": "Outer", "Index Name": "idx_lineitem_part_supp", "Startup Cost": 0.0, "Total Cost": 4.21, "Plan Rows": 6, "Plan Width": 0, "Index Cond": "(l_partkey = part.p_partkey)"}]}]}, {"Node Type": "Bitmap Heap Scan", "Parent Relationship": "Inner", "Relation Name": "orders", "Alias": "orders", "Startup Cost": 0.26, "Total Cost": 4.28, "Plan Rows": 1, "Plan Width": 24, "Recheck Cond": "(o_orderkey = lineitem.l_orderkey)", "Filter": "((o_orderdate >= '1995-01-01 00:00:00'::timestamp(0) without time zone) AND (o_orderdate <= '1996-12-31 00:00:00'::timestamp(0) without time zone))", "Plans": [{"Node Type": "Bitmap Index Scan", "Parent Relationship": "Outer", "Index Name": "orders_pkey", "Startup Cost": 0.0, "Total Cost": 0.26, "Plan Rows": 1, "Plan Width": 0, "Index Cond": "(o_orderkey = lineitem.l_orderkey)"}]}]}]}, {"Node Type": "Sort", "Parent Relationship": "Inner", "Startup Cost": 64457.4, "Total Cost": 65207.4, "Plan Rows": 300000, "Plan Width": 8, "Sort Key": ["customer.c_custkey"], "Plans": [{"Node Type": "Nested Loop", "Parent Relationship": "Outer", "Join Type": "Inner", "Startup Cost": 1033.27, "Total Cost": 37165.49, "Plan Rows": 300000, "Plan Width": 8, "Inner Unique": false, "Plans": [{"Node Type": "Merge Join", "Parent Relationship": "Outer", "Join Type": "Inner", "Startup Cost": 2.9, "Total Cost": 3.09, "Plan Rows": 5, "Plan Width": 4, "Inner Unique": false, "Merge Cond": "(region.r_regionkey = n1.n_regionkey)", "Plans": [{"Node Type": "Sort", "Parent Relationship": "Outer", "Startup Cost": 1.07, "Total Cost": 1.08, "Plan Rows": 1, "Plan Width": 4, "Sort Key": ["region.r_regionkey"], "Plans": [{"Node Type": "Seq Scan", "Parent Relationship": "Outer", "Relation Name": "region", "Alias": "region", "Startup Cost": 0.0, "Total Cost": 1.06, "Plan Rows": 1, "Plan Width": 4, "Filter": "(r_name = 'ASIA'::bpchar)"}]}, {"Node Type": "Sort", "Parent Relationship": "Inner", "Startup Cost": 1.83, "Total Cost": 1.89, "Plan Rows": 25, "Plan Width": 8, "Sort Key": ["n1.n_regionkey"], "Plans": [{"Node Type": "Seq Scan", "Parent Relationship": "Outer", "Relation Name": "nation", "Alias": "n1", "Startup Cost": 0.0, "Total Cost": 1.25, "Plan Rows": 25, "Plan Width": 8}]}]}, {"Node Type": "Bitmap Heap Scan", "Parent Relationship": "Inner", "Relation Name": "customer", "Alias": "customer", "Startup Cost": 1030.37, "Total Cost": 6832.48, "Plan Rows": 60000, "Plan Width": 12, "Recheck Cond": "(c_nationkey = n1.n_nationkey)", "Plans": [{"Node Type": "Bitmap Index Scan", "Parent Relationship": "Outer", "Index Name": "idx_customer_nationkey", "Startup Cost": 0.0, "Total Cost": 1015.37, "Plan Rows": 60000, "Plan Width": 0, "Index Cond": "(c_nationkey = n1.n_nationkey)"}]}]}]}]}]}, {"Node Type": "Sort", "Parent Relationship": "Inner", "Startup Cost": 11587.82, "Total Cost": 11837.82, "Plan Rows": 100000, "Plan Width": 12, "Sort Key": ["supplier.s_suppkey"], "Plans": [{"Node Type": "Seq Scan", "Parent Relationship": "Outer", "Relation Name": "supplier", "Alias": "supplier", "Startup Cost": 0.0, "Total Cost": 3283.0, "Plan Rows": 100000, "Plan Width": 12}]}]}]}]}]}]}, "Unique SQL Id": 3681808042, "Planner Runtime": 7}, "explain_analyze_plan": {"Plan": {"Node Type": "Sort", "Startup Cost": 858712.57, "Total Cost": 858712.59, "Plan Rows": 10, "Plan Width": 66, "Actual Startup Time": 7386.57, "Actual Total Time": 7386.57, "Actual Rows": 2, "Actual Loops": 1, "Sort Key": ["(date_part('year'::text, orders.o_orderdate))"], "Sort Method": "quicksort", "Sort Space Used": 25, "Sort Space Type": "Memory", "Plans": [{"Node Type": "Aggregate", "Strategy": "Hashed", "Parent Relationship": "Outer", "Startup Cost": 858712.25, "Total Cost": 858712.4, "Plan Rows": 10, "Plan Width": 66, "Actual Startup Time": 7386.555, "Actual Total Time": 7386.556, "Actual Rows": 2, "Actual Loops": 1, "Group By Key": ["date_part('year'::text, orders.o_orderdate)"], "Plans": [{"Node Type": "Merge Join", "Parent Relationship": "Outer", "Join Type": "Inner", "Startup Cost": 858487.47, "Total Cost": 858592.43, "Plan Rows": 5991, "Plan Width": 50, "Actual Startup Time": 7351.309, "Actual Total Time": 7367.34, "Actual Rows": 23929, "Actual Loops": 1, "Inner Unique": false, "Merge Cond": "(n2.n_nationkey = supplier.s_nationkey)", "Plans": [{"Node Type": "Sort", "Parent Relationship": "Outer", "Startup Cost": 1.83, "Total Cost": 1.89, "Plan Rows": 25, "Plan Width": 30, "Actual Startup Time": 0.036, "Actual Total Time": 0.037, "Actual Rows": 25, "Actual Loops": 1, "Sort Key": ["n2.n_nationkey"], "Sort Method": "quicksort", "Sort Space Used": 27, "Sort Space Type": "Memory", "Plans": [{"Node Type": "Seq Scan", "Parent Relationship": "Outer", "Relation Name": "nation", "Alias": "n2", "Startup Cost": 0.0, "Total Cost": 1.25, "Plan Rows": 25, "Plan Width": 30, "Actual Startup Time": 0.013, "Actual Total Time": 0.016, "Actual Rows": 25, "Actual Loops": 1}]}, {"Node Type": "Sort", "Parent Relationship": "Inner", "Startup Cost": 858485.64, "Total Cost": 858500.61, "Plan Rows": 5991, "Plan Width": 28, "Actual Startup Time": 7351.22, "Actual Total Time": 7354.057, "Actual Rows": 23929, "Actual Loops": 1, "Sort Key": ["supplier.s_nationkey"], "Sort Method": "quicksort", "Sort Space Used": 3012, "Sort Space Type": "Memory", "Plans": [{"Node Type": "Merge Join", "Parent Relationship": "Outer", "Join Type": "Inner", "Startup Cost": 857512.27, "Total Cost": 858109.74, "Plan Rows": 5991, "Plan Width": 28, "Actual Startup Time": 7304.699, "Actual Total Time": 7344.248, "Actual Rows": 23929, "Actual Loops": 1, "Inner Unique": true, "Merge Cond": "(lineitem.l_suppkey = supplier.s_suppkey)", "Plans": [{"Node Type": "Sort", "Parent Relationship": "Outer", "Startup Cost": 845924.44, "Total Cost": 845967.68, "Plan Rows": 17296, "Plan Width": 32, "Actual Startup Time": 7236.21, "Actual Total Time": 7240.777, "Actual Rows": 23929, "Actual Loops": 1, "Sort Key": ["lineitem.l_suppkey"], "Sort Method": "quicksort", "Sort Space Used": 3012, "Sort Space Type": "Memory", "Plans": [{"Node Type": "Merge Join", "Parent Relationship": "Outer", "Join Type": "Inner", "Startup Cost": 841820.47, "Total Cost": 844706.96, "Plan Rows": 17296, "Plan Width": 32, "Actual Startup Time": 7093.594, "Actual Total Time": 7226.856, "Actual Rows": 23929, "Actual Loops": 1, "Inner Unique": false, "Merge Cond": "(orders.o_custkey = customer.c_custkey)", "Plans": [{"Node Type": "Sort", "Parent Relationship": "Outer", "Startup Cost": 777363.03, "Total Cost": 777579.23, "Plan Rows": 86479, "Plan Width": 40, "Actual Startup Time": 6400.522, "Actual Total Time": 6426.467, "Actual Rows": 119765, "Actual Loops": 1, "Sort Key": ["orders.o_custkey"], "Sort Method": "quicksort", "Sort Space Used": 14300, "Sort Space Type": "Memory", "Plans": [{"Node Type": "Nested Loop", "Parent Relationship": "Outer", "Join Type": "Inner", "Startup Cost": 4.47, "Total Cost": 770271.73, "Plan Rows": 86479, "Plan Width": 40, "Actual Startup Time": 0.127, "Actual Total Time": 6333.221, "Actual Rows": 119765, "Actual Loops": 1, "Inner Unique": true, "Plans": [{"Node Type": "Nested Loop", "Parent Relationship": "Outer", "Join Type": "Inner", "Startup Cost": 4.21, "Total Cost": 450147.9, "Plan Rows": 74637, "Plan Width": 32, "Actual Startup Time": 0.065, "Actual Total Time": 2244.444, "Actual Rows": 395341, "Actual Loops": 1, "Inner Unique": false, "Plans": [{"Node Type": "Seq Scan", "Parent Relationship": "Outer", "Relation Name": "part", "Alias": "part", "Startup Cost": 0.0, "Total Cost": 66944.0, "Plan Rows": 13538, "Plan Width": 8, "Actual Startup Time": 0.025, "Actual Total Time": 771.521, "Actual Rows": 13163, "Actual Loops": 1, "Filter": "((p_type)::text = 'SMALL PLATED COPPER'::text)", "Rows Removed by Filter": 1986837}, {"Node Type": "Bitmap Heap Scan", "Parent Relationship": "Inner", "Relation Name": "lineitem", "Alias": "lineitem", "Startup Cost": 4.21, "Total Cost": 28.25, "Plan Rows": 6, "Plan Width": 40, "Actual Startup Time": 260.442, "Actual Total Time": 1356.955, "Actual Rows": 395341, "Actual Loops": 13163, "Recheck Cond": "(l_partkey = part.p_partkey)", "Rows Removed by Index Recheck": 0, "Exact Heap Blocks": 395337, "Lossy Heap Blocks": 395337, "Plans": [{"Node Type": "Bitmap Index Scan", "Parent Relationship": "Outer", "Index Name": "idx_lineitem_part_supp", "Startup Cost": 0.0, "Total Cost": 4.21, "Plan Rows": 6, "Plan Width": 0, "Actual Startup Time": 168.549, "Actual Total Time": 168.549, "Actual Rows": 395341, "Actual Loops": 13163, "Index Cond": "(l_partkey = part.p_partkey)"}]}]}, {"Node Type": "Bitmap Heap Scan", "Parent Relationship": "Inner", "Relation Name": "orders", "Alias": "orders", "Startup Cost": 0.26, "Total Cost": 4.28, "Plan Rows": 1, "Plan Width": 24, "Actual Startup Time": 3601.809, "Actual Total Time": 3601.809, "Actual Rows": 119765, "Actual Loops": 395341, "Recheck Cond": "(o_orderkey = lineitem.l_orderkey)", "Rows Removed by Index Recheck": 0, "Filter": "((o_orderdate >= '1995-01-01 00:00:00'::timestamp(0) without time zone) AND (o_orderdate <= '1996-12-31 00:00:00'::timestamp(0) without time zone))", "Rows Removed by Filter": 275576, "Exact Heap Blocks": 395341, "Lossy Heap Blocks": 395341, "Plans": [{"Node Type": "Bitmap Index Scan", "Parent Relationship": "Outer", "Index Name": "orders_pkey", "Startup Cost": 0.0, "Total Cost": 0.26, "Plan Rows": 1, "Plan Width": 0, "Actual Startup Time": 2175.885, "Actual Total Time": 2175.885, "Actual Rows": 395341, "Actual Loops": 395341, "Index Cond": "(o_orderkey = lineitem.l_orderkey)"}]}]}]}, {"Node Type": "Sort", "Parent Relationship": "Inner", "Startup Cost": 64457.4, "Total Cost": 65207.4, "Plan Rows": 300000, "Plan Width": 8, "Actual Startup Time": 693.057, "Actual Total Time": 735.841, "Actual Rows": 301987, "Actual Loops": 1, "Sort Key": ["customer.c_custkey"], "Sort Method": "quicksort", "Sort Space Used": 31055, "Sort Space Type": "Memory", "Plans": [{"Node Type": "Nested Loop", "Parent Relationship": "Outer", "Join Type": "Inner", "Startup Cost": 1033.27, "Total Cost": 37165.49, "Plan Rows": 300000, "Plan Width": 8, "Actual Startup Time": 21.395, "Actual Total Time": 591.484, "Actual Rows": 300270, "Actual Loops": 1, "Inner Unique": false, "Plans": [{"Node Type": "Merge Join", "Parent Relationship": "Outer", "Join Type": "Inner", "Startup Cost": 2.9, "Total Cost": 3.09, "Plan Rows": 5, "Plan Width": 4, "Actual Startup Time": 0.103, "Actual Total Time": 0.154, "Actual Rows": 5, "Actual Loops": 1, "Inner Unique": false, "Merge Cond": "(region.r_regionkey = n1.n_regionkey)", "Plans": [{"Node Type": "Sort", "Parent Relationship": "Outer", "Startup Cost": 1.07, "Total Cost": 1.08, "Plan Rows": 1, "Plan Width": 4, "Actual Startup Time": 0.05, "Actual Total Time": 0.051, "Actual Rows": 1, "Actual Loops": 1, "Sort Key": ["region.r_regionkey"], "Sort Method": "quicksort", "Sort Space Used": 25, "Sort Space Type": "Memory", "Plans": [{"Node Type": "Seq Scan", "Parent Relationship": "Outer", "Relation Name": "region", "Alias": "region", "Startup Cost": 0.0, "Total Cost": 1.06, "Plan Rows": 1, "Plan Width": 4, "Actual Startup Time": 0.039, "Actual Total Time": 0.04, "Actual Rows": 1, "Actual Loops": 1, "Filter": "(r_name = 'ASIA'::bpchar)", "Rows Removed by Filter": 4}]}, {"Node Type": "Sort", "Parent Relationship": "Inner", "Startup Cost": 1.83, "Total Cost": 1.89, "Plan Rows": 25, "Plan Width": 8, "Actual Startup Time": 0.042, "Actual Total Time": 0.061, "Actual Rows": 16, "Actual Loops": 1, "Sort Key": ["n1.n_regionkey"], "Sort Method": "quicksort", "Sort Space Used": 26, "Sort Space Type": "Memory", "Plans": [{"Node Type": "Seq Scan", "Parent Relationship": "Outer", "Relation Name": "nation", "Alias": "n1", "Startup Cost": 0.0, "Total Cost": 1.25, "Plan Rows": 25, "Plan Width": 8, "Actual Startup Time": 0.011, "Actual Total Time": 0.016, "Actual Rows": 25, "Actual Loops": 1}]}]}, {"Node Type": "Bitmap Heap Scan", "Parent Relationship": "Inner", "Relation Name": "customer", "Alias": "customer", "Startup Cost": 1030.37, "Total Cost": 6832.48, "Plan Rows": 60000, "Plan Width": 12, "Actual Startup Time": 104.464, "Actual Total Time": 535.996, "Actual Rows": 300270, "Actual Loops": 5, "Recheck Cond": "(c_nationkey = n1.n_nationkey)", "Rows Removed by Index Recheck": 0, "Exact Heap Blocks": 150032, "Lossy Heap Blocks": 150032, "Plans": [{"Node Type": "Bitmap Index Scan", "Parent Relationship": "Outer", "Index Name": "idx_customer_nationkey", "Startup Cost": 0.0, "Total Cost": 1015.37, "Plan Rows": 60000, "Plan Width": 0, "Actual Startup Time": 69.608, "Actual Total Time": 69.608, "Actual Rows": 300270, "Actual Loops": 5, "Index Cond": "(c_nationkey = n1.n_nationkey)"}]}]}]}]}]}, {"Node Type": "Sort", "Parent Relationship": "Inner", "Startup Cost": 11587.82, "Total Cost": 11837.82, "Plan Rows": 100000, "Plan Width": 12, "Actual Startup Time": 68.473, "Actual Total Time": 79.278, "Actual Rows": 99998, "Actual Loops": 1, "Sort Key": ["supplier.s_suppkey"], "Sort Method": "quicksort", "Sort Space Used": 12448, "Sort Space Type": "Memory", "Plans": [{"Node Type": "Seq Scan", "Parent Relationship": "Outer", "Relation Name": "supplier", "Alias": "supplier", "Startup Cost": 0.0, "Total Cost": 3283.0, "Plan Rows": 100000, "Plan Width": 12, "Actual Startup Time": 0.033, "Actual Total Time": 37.421, "Actual Rows": 100000, "Actual Loops": 1}]}]}]}]}]}]}, "Triggers": [], "Planner Runtime": 7, "Total Runtime": 7387.145, "Unique SQL Id": 3681808042}}, "(16, 87)": {"explain_plan": {"Plan": {"Node Type": "Sort", "Startup Cost": 66661878.45, "Total Cost": 66661878.48, "Plan Rows": 10, "Plan Width": 66, "Sort Key": ["(date_part('year'::text, orders.o_orderdate))"], "Plans": [{"Node Type": "Aggregate", "Strategy": "Hashed", "Parent Relationship": "Outer", "Startup Cost": 66661878.14, "Total Cost": 66661878.29, "Plan Rows": 10, "Plan Width": 66, "Group By Key": ["date_part('year'::text, orders.o_orderdate)"], "Plans": [{"Node Type": "Nested Loop", "Parent Relationship": "Outer", "Join Type": "Inner", "Startup Cost": 115915.31, "Total Cost": 66661758.32, "Plan Rows": 5991, "Plan Width": 50, "Inner Unique": true, "Plans": [{"Node Type": "Nested Loop", "Parent Relationship": "Outer", "Join Type": "Inner", "Startup Cost": 115915.05, "Total Cost": 66636099.88, "Plan Rows": 5991, "Plan Width": 28, "Inner Unique": true, "Plans": [{"Node Type": "Nested Loop", "Parent Relationship": "Outer", "Join Type": "Inner", "Startup Cost": 115914.79, "Total Cost": 66562068.23, "Plan Rows": 17296, "Plan Width": 32, "Inner Unique": true, "Plans": [{"Node Type": "Nested Loop", "Parent Relationship": "Outer", "Join Type": "Inner", "Startup Cost": 115914.53, "Total Cost": 45938880.46, "Plan Rows": 4814867, "Plan Width": 40, "Inner Unique": false, "Plans": [{"Node Type": "Nested Loop", "Parent Relationship": "Outer", "Join Type": "Inner", "Startup Cost": 115914.01, "Total Cost": 43432501.27, "Plan Rows": 530296, "Plan Width": 16, "Inner Unique": true, "Plans": [{"Node Type": "Nested Loop", "Parent Relationship": "Outer", "Join Type": "Inner", "Startup Cost": 115913.43, "Total Cost": 31228406.3, "Plan Rows": 2651479, "Plan Width": 20, "Inner Unique": true, "Plans": [{"Node Type": "Nested Loop", "Parent Relationship": "Outer", "Join Type": "Inner", "Startup Cost": 115913.17, "Total Cost": 19879399.17, "Plan Rows": 2651479, "Plan Width": 20, "Inner Unique": true, "Plans": [{"Node Type": "Bitmap Heap Scan", "Parent Relationship": "Outer", "Relation Name": "orders", "Alias": "orders", "Startup Cost": 115912.91, "Total Cost": 460311.42, "Plan Rows": 4531967, "Plan Width": 24, "Recheck Cond": "((o_orderdate >= '1995-01-01 00:00:00'::timestamp(0) without time zone) AND (o_orderdate <= '1996-12-31 00:00:00'::timestamp(0) without time zone)), (LLVM Optimized)", "Plans": [{"Node Type": "Bitmap Index Scan", "Parent Relationship": "Outer", "Index Name": "idx_orders_orderdate", "Startup Cost": 0.0, "Total Cost": 114779.92, "Plan Rows": 4531967, "Plan Width": 0, "Index Cond": "((o_orderdate >= '1995-01-01 00:00:00'::timestamp(0) without time zone) AND (o_orderdate <= '1996-12-31 00:00:00'::timestamp(0) without time zone))"}]}, {"Node Type": "Bitmap Heap Scan", "Parent Relationship": "Inner", "Relation Name": "customer", "Alias": "customer", "Startup Cost": 0.26, "Total Cost": 4.27, "Plan Rows": 1, "Plan Width": 12, "Recheck Cond": "(c_custkey = orders.o_custkey)", "Plans": [{"Node Type": "Bitmap Index Scan", "Parent Relationship": "Outer", "Index Name": "customer_pkey", "Startup Cost": 0.0, "Total Cost": 0.26, "Plan Rows": 1, "Plan Width": 0, "Index Cond": "(c_custkey = orders.o_custkey)"}]}]}, {"Node Type": "Bitmap Heap Scan", "Parent Relationship": "Inner", "Relation Name": "nation", "Alias": "n1", "Startup Cost": 0.26, "Total Cost": 4.27, "Plan Rows": 1, "Plan Width": 8, "Recheck Cond": "(n_nationkey = customer.c_nationkey)", "Plans": [{"Node Type": "Bitmap Index Scan", "Parent Relationship": "Outer", "Index Name": "nation_pkey", "Startup Cost": 0.0, "Total Cost": 0.26, "Plan Rows": 1, "Plan Width": 0, "Index Cond": "(n_nationkey = customer.c_nationkey)"}]}]}, {"Node Type": "Bitmap Heap Scan", "Parent Relationship": "Inner", "Relation Name": "region", "Alias": "region", "Startup Cost": 0.58, "Total Cost": 4.59, "Plan Rows": 1, "Plan Width": 4, "Recheck Cond": "(r_regionkey = n1.n_regionkey)", "Filter": "(r_name = 'ASIA'::bpchar)", "Plans": [{"Node Type": "Bitmap Index Scan", "Parent Relationship": "Outer", "Index Name": "region_pkey", "Startup Cost": 0.0, "Total Cost": 0.58, "Plan Rows": 1, "Plan Width": 0, "Index Cond": "(r_regionkey = n1.n_regionkey)"}]}]}, {"Node Type": "Bitmap Heap Scan", "Parent Relationship": "Inner", "Relation Name": "lineitem", "Alias": "lineitem", "Startup Cost": 0.52, "Total Cost": 4.64, "Plan Rows": 9, "Plan Width": 40, "Recheck Cond": "(l_orderkey = orders.o_orderkey)", "Plans": [{"Node Type": "Bitmap Index Scan", "Parent Relationship": "Outer", "Index Name": "idx_lineitem_orderkey", "Startup Cost": 0.0, "Total Cost": 0.52, "Plan Rows": 9, "Plan Width": 0, "Index Cond": "(l_orderkey = orders.o_orderkey)"}]}]}, {"Node Type": "Bitmap Heap Scan", "Parent Relationship": "Inner", "Relation Name": "part", "Alias": "part", "Startup Cost": 0.26, "Total Cost": 4.27, "Plan Rows": 1, "Plan Width": 8, "Recheck Cond": "(p_partkey = lineitem.l_partkey)", "Filter": "((p_type)::text = 'SMALL PLATED COPPER'::text)", "Plans": [{"Node Type": "Bitmap Index Scan", "Parent Relationship": "Outer", "Index Name": "part_kpey", "Startup Cost": 0.0, "Total Cost": 0.26, "Plan Rows": 1, "Plan Width": 0, "Index Cond": "(p_partkey = lineitem.l_partkey)"}]}]}, {"Node Type": "Bitmap Heap Scan", "Parent Relationship": "Inner", "Relation Name": "supplier", "Alias": "supplier", "Startup Cost": 0.26, "Total Cost": 4.27, "Plan Rows": 1, "Plan Width": 12, "Recheck Cond": "(s_suppkey = lineitem.l_suppkey)", "Plans": [{"Node Type": "Bitmap Index Scan", "Parent Relationship": "Outer", "Index Name": "supplier_pkey", "Startup Cost": 0.0, "Total Cost": 0.26, "Plan Rows": 1, "Plan Width": 0, "Index Cond": "(s_suppkey = lineitem.l_suppkey)"}]}]}, {"Node Type": "Bitmap Heap Scan", "Parent Relationship": "Inner", "Relation Name": "nation", "Alias": "n2", "Startup Cost": 0.26, "Total Cost": 4.27, "Plan Rows": 1, "Plan Width": 30, "Recheck Cond": "(n_nationkey = supplier.s_nationkey)", "Plans": [{"Node Type": "Bitmap Index Scan", "Parent Relationship": "Outer", "Index Name": "nation_pkey", "Startup Cost": 0.0, "Total Cost": 0.26, "Plan Rows": 1, "Plan Width": 0, "Index Cond": "(n_nationkey = supplier.s_nationkey)"}]}]}]}]}, "Unique SQL Id": 3681808042, "Planner Runtime": 4}, "explain_analyze_plan": null}, "(16, 88)": {"explain_plan": {"Plan": {"Node Type": "Sort", "Startup Cost": 496537.18, "Total Cost": 496537.2, "Plan Rows": 10, "Plan Width": 66, "Sort Key": ["(date_part('year'::text, orders.o_orderdate))"], "Plans": [{"Node Type": "Aggregate", "Strategy": "Hashed", "Parent Relationship": "Outer", "Startup Cost": 496536.86, "Total Cost": 496537.01, "Plan Rows": 10, "Plan Width": 66, "Group By Key": ["date_part('year'::text, orders.o_orderdate)"], "Plans": [{"Node Type": "Merge Join", "Parent Relationship": "Outer", "Join Type": "Inner", "Startup Cost": 496312.07, "Total Cost": 496417.04, "Plan Rows": 5991, "Plan Width": 50, "Inner Unique": false, "Merge Cond": "(n2.n_nationkey = supplier.s_nationkey)", "Plans": [{"Node Type": "Sort", "Parent Relationship": "Outer", "Startup Cost": 1.83, "Total Cost": 1.89, "Plan Rows": 25, "Plan Width": 30, "Sort Key": ["n2.n_nationkey"], "Plans": [{"Node Type": "Seq Scan", "Parent Relationship": "Outer", "Relation Name": "nation", "Alias": "n2", "Startup Cost": 0.0, "Total Cost": 1.25, "Plan Rows": 25, "Plan Width": 30}]}, {"Node Type": "Sort", "Parent Relationship": "Inner", "Startup Cost": 496310.24, "Total Cost": 496325.22, "Plan Rows": 5991, "Plan Width": 28, "Sort Key": ["supplier.s_nationkey"], "Plans": [{"Node Type": "Merge Join", "Parent Relationship": "Outer", "Join Type": "Inner", "Startup Cost": 495724.65, "Total Cost": 495934.35, "Plan Rows": 5991, "Plan Width": 28, "Inner Unique": false, "Merge Cond": "(n1.n_nationkey = customer.c_nationkey)", "Plans": [{"Node Type": "Sort", "Parent Relationship": "Outer", "Startup Cost": 3.14, "Total Cost": 3.16, "Plan Rows": 5, "Plan Width": 4, "Sort Key": ["n1.n_nationkey"], "Plans": [{"Node Type": "Merge Join", "Parent Relationship": "Outer", "Join Type": "Inner", "Startup Cost": 2.9, "Total Cost": 3.09, "Plan Rows": 5, "Plan Width": 4, "Inner Unique": false, "Merge Cond": "(region.r_regionkey = n1.n_regionkey)", "Plans": [{"Node Type": "Sort", "Parent Relationship": "Outer", "Startup Cost": 1.07, "Total Cost": 1.08, "Plan Rows": 1, "Plan Width": 4, "Sort Key": ["region.r_regionkey"], "Plans": [{"Node Type": "Seq Scan", "Parent Relationship": "Outer", "Relation Name": "region", "Alias": "region", "Startup Cost": 0.0, "Total Cost": 1.06, "Plan Rows": 1, "Plan Width": 4, "Filter": "(r_name = 'ASIA'::bpchar)"}]}, {"Node Type": "Sort", "Parent Relationship": "Inner", "Startup Cost": 1.83, "Total Cost": 1.89, "Plan Rows": 25, "Plan Width": 8, "Sort Key": ["n1.n_regionkey"], "Plans": [{"Node Type": "Seq Scan", "Parent Relationship": "Outer", "Relation Name": "nation", "Alias": "n1", "Startup Cost": 0.0, "Total Cost": 1.25, "Plan Rows": 25, "Plan Width": 8}]}]}]}, {"Node Type": "Sort", "Parent Relationship": "Inner", "Startup Cost": 495721.5, "Total Cost": 495796.39, "Plan Rows": 29954, "Plan Width": 32, "Sort Key": ["customer.c_nationkey"], "Plans": [{"Node Type": "Nested Loop", "Parent Relationship": "Outer", "Join Type": "Inner", "Startup Cost": 447605.57, "Total Cost": 493494.35, "Plan Rows": 29954, "Plan Width": 32, "Inner Unique": true, "Plans": [{"Node Type": "Nested Loop", "Parent Relationship": "Outer", "Join Type": "Inner", "Startup Cost": 447605.57, "Total Cost": 477242.48, "Plan Rows": 51198, "Plan Width": 36, "Inner Unique": true, "Plans": [{"Node Type": "Merge Join", "Parent Relationship": "Outer", "Join Type": "Inner", "Startup Cost": 447605.57, "Total Cost": 454309.6, "Plan Rows": 74637, "Plan Width": 28, "Inner Unique": false, "Merge Cond": "(supplier.s_suppkey = lineitem.l_suppkey)", "Plans": [{"Node Type": "Index Scan", "Parent Relationship": "Outer", "Scan Direction": "Forward", "Index Name": "supplier_pkey", "Relation Name": "supplier", "Alias": "supplier", "Startup Cost": 0.0, "Total Cost": 5334.54, "Plan Rows": 100000, "Plan Width": 12}, {"Node Type": "Sort", "Parent Relationship": "Inner", "Startup Cost": 447605.54, "Total Cost": 447792.13, "Plan Rows": 74637, "Plan Width": 32, "Sort Key": ["lineitem.l_suppkey"], "Plans": [{"Node Type": "Nested Loop", "Parent Relationship": "Outer", "Join Type": "Inner", "Startup Cost": 0.0, "Total Cost": 441564.57, "Plan Rows": 74637, "Plan Width": 32, "Inner Unique": false, "Plans": [{"Node Type": "Seq Scan", "Parent Relationship": "Outer", "Relation Name": "part", "Alias": "part", "Startup Cost": 0.0, "Total Cost": 66944.0, "Plan Rows": 13538, "Plan Width": 8, "Filter": "((p_type)::text = 'SMALL PLATED COPPER'::text)"}, {"Node Type": "Index Scan", "Parent Relationship": "Inner", "Scan Direction": "Forward", "Index Name": "idx_lineitem_part_supp", "Relation Name": "lineitem", "Alias": "lineitem", "Startup Cost": 0.0, "Total Cost": 27.61, "Plan Rows": 6, "Plan Width": 40, "Index Cond": "(l_partkey = part.p_partkey)"}]}]}]}, {"Node Type": "Index Scan", "Parent Relationship": "Inner", "Scan Direction": "Forward", "Index Name": "orders_pkey", "Relation Name": "orders", "Alias": "orders", "Startup Cost": 0.0, "Total Cost": 0.3, "Plan Rows": 1, "Plan Width": 24, "Index Cond": "(o_orderkey = lineitem.l_orderkey)", "Filter": "((o_orderdate >= '1995-01-01 00:00:00'::timestamp(0) without time zone) AND (o_orderdate <= '1996-12-31 00:00:00'::timestamp(0) without time zone))"}]}, {"Node Type": "Index Scan", "Parent Relationship": "Inner", "Scan Direction": "Forward", "Index Name": "customer_pkey", "Relation Name": "customer", "Alias": "customer", "Startup Cost": 0.0, "Total Cost": 0.31, "Plan Rows": 1, "Plan Width": 12, "Index Cond": "(c_custkey = orders.o_custkey)"}]}]}]}]}]}]}]}, "Unique SQL Id": 3681808042, "Planner Runtime": 6}, "explain_analyze_plan": {"Plan": {"Node Type": "Sort", "Startup Cost": 496537.18, "Total Cost": 496537.2, "Plan Rows": 10, "Plan Width": 66, "Actual Startup Time": 6731.082, "Actual Total Time": 6731.082, "Actual Rows": 2, "Actual Loops": 1, "Sort Key": ["(date_part('year'::text, orders.o_orderdate))"], "Sort Method": "quicksort", "Sort Space Used": 25, "Sort Space Type": "Memory", "Plans": [{"Node Type": "Aggregate", "Strategy": "Hashed", "Parent Relationship": "Outer", "Startup Cost": 496536.86, "Total Cost": 496537.01, "Plan Rows": 10, "Plan Width": 66, "Actual Startup Time": 6731.068, "Actual Total Time": 6731.068, "Actual Rows": 2, "Actual Loops": 1, "Group By Key": ["date_part('year'::text, orders.o_orderdate)"], "Plans": [{"Node Type": "Merge Join", "Parent Relationship": "Outer", "Join Type": "Inner", "Startup Cost": 496312.07, "Total Cost": 496417.04, "Plan Rows": 5991, "Plan Width": 50, "Actual Startup Time": 6695.45, "Actual Total Time": 6711.56, "Actual Rows": 23929, "Actual Loops": 1, "Inner Unique": false, "Merge Cond": "(n2.n_nationkey = supplier.s_nationkey)", "Plans": [{"Node Type": "Sort", "Parent Relationship": "Outer", "Startup Cost": 1.83, "Total Cost": 1.89, "Plan Rows": 25, "Plan Width": 30, "Actual Startup Time": 0.036, "Actual Total Time": 0.042, "Actual Rows": 25, "Actual Loops": 1, "Sort Key": ["n2.n_nationkey"], "Sort Method": "quicksort", "Sort Space Used": 27, "Sort Space Type": "Memory", "Plans": [{"Node Type": "Seq Scan", "Parent Relationship": "Outer", "Relation Name": "nation", "Alias": "n2", "Startup Cost": 0.0, "Total Cost": 1.25, "Plan Rows": 25, "Plan Width": 30, "Actual Startup Time": 0.012, "Actual Total Time": 0.019, "Actual Rows": 25, "Actual Loops": 1}]}, {"Node Type": "Sort", "Parent Relationship": "Inner", "Startup Cost": 496310.24, "Total Cost": 496325.22, "Plan Rows": 5991, "Plan Width": 28, "Actual Startup Time": 6695.367, "Actual Total Time": 6698.257, "Actual Rows": 23929, "Actual Loops": 1, "Sort Key": ["supplier.s_nationkey"], "Sort Method": "quicksort", "Sort Space Used": 3012, "Sort Space Type": "Memory", "Plans": [{"Node Type": "Merge Join", "Parent Relationship": "Outer", "Join Type": "Inner", "Startup Cost": 495724.65, "Total Cost": 495934.35, "Plan Rows": 5991, "Plan Width": 28, "Actual Startup Time": 6660.019, "Actual Total Time": 6688.406, "Actual Rows": 23929, "Actual Loops": 1, "Inner Unique": false, "Merge Cond": "(n1.n_nationkey = customer.c_nationkey)", "Plans": [{"Node Type": "Sort", "Parent Relationship": "Outer", "Startup Cost": 3.14, "Total Cost": 3.16, "Plan Rows": 5, "Plan Width": 4, "Actual Startup Time": 0.055, "Actual Total Time": 0.057, "Actual Rows": 5, "Actual Loops": 1, "Sort Key": ["n1.n_nationkey"], "Sort Method": "quicksort", "Sort Space Used": 25, "Sort Space Type": "Memory", "Plans": [{"Node Type": "Merge Join", "Parent Relationship": "Outer", "Join Type": "Inner", "Startup Cost": 2.9, "Total Cost": 3.09, "Plan Rows": 5, "Plan Width": 4, "Actual Startup Time": 0.044, "Actual Total Time": 0.048, "Actual Rows": 5, "Actual Loops": 1, "Inner Unique": false, "Merge Cond": "(region.r_regionkey = n1.n_regionkey)", "Plans": [{"Node Type": "Sort", "Parent Relationship": "Outer", "Startup Cost": 1.07, "Total Cost": 1.08, "Plan Rows": 1, "Plan Width": 4, "Actual Startup Time": 0.013, "Actual Total Time": 0.013, "Actual Rows": 1, "Actual Loops": 1, "Sort Key": ["region.r_regionkey"], "Sort Method": "quicksort", "Sort Space Used": 25, "Sort Space Type": "Memory", "Plans": [{"Node Type": "Seq Scan", "Parent Relationship": "Outer", "Relation Name": "region", "Alias": "region", "Startup Cost": 0.0, "Total Cost": 1.06, "Plan Rows": 1, "Plan Width": 4, "Actual Startup Time": 0.009, "Actual Total Time": 0.01, "Actual Rows": 1, "Actual Loops": 1, "Filter": "(r_name = 'ASIA'::bpchar)", "Rows Removed by Filter": 4}]}, {"Node Type": "Sort", "Parent Relationship": "Inner", "Startup Cost": 1.83, "Total Cost": 1.89, "Plan Rows": 25, "Plan Width": 8, "Actual Startup Time": 0.024, "Actual Total Time": 0.026, "Actual Rows": 16, "Actual Loops": 1, "Sort Key": ["n1.n_regionkey"], "Sort Method": "quicksort", "Sort Space Used": 26, "Sort Space Type": "Memory", "Plans": [{"Node Type": "Seq Scan", "Parent Relationship": "Outer", "Relation Name": "nation", "Alias": "n1", "Startup Cost": 0.0, "Total Cost": 1.25, "Plan Rows": 25, "Plan Width": 8, "Actual Startup Time": 0.006, "Actual Total Time": 0.011, "Actual Rows": 25, "Actual Loops": 1}]}]}]}, {"Node Type": "Sort", "Parent Relationship": "Inner", "Startup Cost": 495721.5, "Total Cost": 495796.39, "Plan Rows": 29954, "Plan Width": 32, "Actual Startup Time": 6645.718, "Actual Total Time": 6668.514, "Actual Rows": 105359, "Actual Loops": 1, "Sort Key": ["customer.c_nationkey"], "Sort Method": "quicksort", "Sort Space Used": 14300, "Sort Space Type": "Memory", "Plans": [{"Node Type": "Nested Loop", "Parent Relationship": "Outer", "Join Type": "Inner", "Startup Cost": 447605.57, "Total Cost": 493494.35, "Plan Rows": 29954, "Plan Width": 32, "Actual Startup Time": 2095.186, "Actual Total Time": 6595.522, "Actual Rows": 119765, "Actual Loops": 1, "Inner Unique": true, "Plans": [{"Node Type": "Nested Loop", "Parent Relationship": "Outer", "Join Type": "Inner", "Startup Cost": 447605.57, "Total Cost": 477242.48, "Plan Rows": 51198, "Plan Width": 36, "Actual Startup Time": 2095.162, "Actual Total Time": 5710.8, "Actual Rows": 119765, "Actual Loops": 1, "Inner Unique": true, "Plans": [{"Node Type": "Merge Join", "Parent Relationship": "Outer", "Join Type": "Inner", "Startup Cost": 447605.57, "Total Cost": 454309.6, "Plan Rows": 74637, "Plan Width": 28, "Actual Startup Time": 2095.069, "Actual Total Time": 2393.422, "Actual Rows": 395341, "Actual Loops": 1, "Inner Unique": false, "Merge Cond": "(supplier.s_suppkey = lineitem.l_suppkey)", "Plans": [{"Node Type": "Index Scan", "Parent Relationship": "Outer", "Scan Direction": "Forward", "Index Name": "supplier_pkey", "Relation Name": "supplier", "Alias": "supplier", "Startup Cost": 0.0, "Total Cost": 5334.54, "Plan Rows": 100000, "Plan Width": 12, "Actual Startup Time": 0.021, "Actual Total Time": 67.468, "Actual Rows": 99999, "Actual Loops": 1}, {"Node Type": "Sort", "Parent Relationship": "Inner", "Startup Cost": 447605.54, "Total Cost": 447792.13, "Plan Rows": 74637, "Plan Width": 32, "Actual Startup Time": 2095.038, "Actual Total Time": 2174.775, "Actual Rows": 395341, "Actual Loops": 1, "Sort Key": ["lineitem.l_suppkey"], "Sort Method": "quicksort", "Sort Space Used": 49352, "Sort Space Type": "Memory", "Plans": [{"Node Type": "Nested Loop", "Parent Relationship": "Outer", "Join Type": "Inner", "Startup Cost": 0.0, "Total Cost": 441564.57, "Plan Rows": 74637, "Plan Width": 32, "Actual Startup Time": 0.038, "Actual Total Time": 1945.866, "Actual Rows": 395341, "Actual Loops": 1, "Inner Unique": false, "Plans": [{"Node Type": "Seq Scan", "Parent Relationship": "Outer", "Relation Name": "part", "Alias": "part", "Startup Cost": 0.0, "Total Cost": 66944.0, "Plan Rows": 13538, "Plan Width": 8, "Actual Startup Time": 0.02, "Actual Total Time": 756.914, "Actual Rows": 13163, "Actual Loops": 1, "Filter": "((p_type)::text = 'SMALL PLATED COPPER'::text)", "Rows Removed by Filter": 1986837}, {"Node Type": "Index Scan", "Parent Relationship": "Inner", "Scan Direction": "Forward", "Index Name": "idx_lineitem_part_supp", "Relation Name": "lineitem", "Alias": "lineitem", "Startup Cost": 0.0, "Total Cost": 27.61, "Plan Rows": 6, "Plan Width": 40, "Actual Startup Time": 152.495, "Actual Total Time": 1096.608, "Actual Rows": 395341, "Actual Loops": 13163, "Index Cond": "(l_partkey = part.p_partkey)", "Rows Removed by Index Recheck": 0}]}]}]}, {"Node Type": "Index Scan", "Parent Relationship": "Inner", "Scan Direction": "Forward", "Index Name": "orders_pkey", "Relation Name": "orders", "Alias": "orders", "Startup Cost": 0.0, "Total Cost": 0.3, "Plan Rows": 1, "Plan Width": 24, "Actual Startup Time": 3082.293, "Actual Total Time": 3082.293, "Actual Rows": 119765, "Actual Loops": 395341, "Index Cond": "(o_orderkey = lineitem.l_orderkey)", "Rows Removed by Index Recheck": 0, "Filter": "((o_orderdate >= '1995-01-01 00:00:00'::timestamp(0) without time zone) AND (o_orderdate <= '1996-12-31 00:00:00'::timestamp(0) without time zone))", "Rows Removed by Filter": 275576}]}, {"Node Type": "Index Scan", "Parent Relationship": "Inner", "Scan Direction": "Forward", "Index Name": "customer_pkey", "Relation Name": "customer", "Alias": "customer", "Startup Cost": 0.0, "Total Cost": 0.31, "Plan Rows": 1, "Plan Width": 12, "Actual Startup Time": 784.634, "Actual Total Time": 784.634, "Actual Rows": 119765, "Actual Loops": 119765, "Index Cond": "(c_custkey = orders.o_custkey)", "Rows Removed by Index Recheck": 0}]}]}]}]}]}]}]}, "Triggers": [], "Planner Runtime": 7, "Total Runtime": 6731.525, "Unique SQL Id": 3681808042}}, "(16, 89)": {"explain_plan": {"Plan": {"Node Type": "Sort", "Startup Cost": 535424.81, "Total Cost": 535424.84, "Plan Rows": 10, "Plan Width": 66, "Sort Key": ["(date_part('year'::text, orders.o_orderdate))"], "Plans": [{"Node Type": "Aggregate", "Strategy": "Hashed", "Parent Relationship": "Outer", "Startup Cost": 535424.5, "Total Cost": 535424.65, "Plan Rows": 10, "Plan Width": 66, "Group By Key": ["date_part('year'::text, orders.o_orderdate)"], "Plans": [{"Node Type": "Merge Join", "Parent Relationship": "Outer", "Join Type": "Inner", "Startup Cost": 535187.15, "Total Cost": 535304.68, "Plan Rows": 5991, "Plan Width": 50, "Inner Unique": false, "Merge Cond": "(n2.n_nationkey = supplier.s_nationkey)", "Plans": [{"Node Type": "Index Scan", "Parent Relationship": "Outer", "Scan Direction": "Forward", "Index Name": "nation_pkey", "Relation Name": "nation", "Alias": "n2", "Startup Cost": 0.0, "Total Cost": 12.62, "Plan Rows": 25, "Plan Width": 30}, {"Node Type": "Sort", "Parent Relationship": "Inner", "Startup Cost": 535187.15, "Total Cost": 535202.12, "Plan Rows": 5991, "Plan Width": 28, "Sort Key": ["supplier.s_nationkey"], "Plans": [{"Node Type": "Merge Join", "Parent Relationship": "Outer", "Join Type": "Inner", "Startup Cost": 534601.55, "Total Cost": 534811.25, "Plan Rows": 5991, "Plan Width": 28, "Inner Unique": false, "Merge Cond": "(n1.n_nationkey = customer.c_nationkey)", "Plans": [{"Node Type": "Sort", "Parent Relationship": "Outer", "Startup Cost": 20.8, "Total Cost": 20.81, "Plan Rows": 5, "Plan Width": 4, "Sort Key": ["n1.n_nationkey"], "Plans": [{"Node Type": "Nested Loop", "Parent Relationship": "Outer", "Join Type": "Inner", "Startup Cost": 0.0, "Total Cost": 20.74, "Plan Rows": 5, "Plan Width": 4, "Inner Unique": false, "Plans": [{"Node Type": "Index Scan", "Parent Relationship": "Outer", "Scan Direction": "Forward", "Index Name": "region_pkey", "Relation Name": "region", "Alias": "region", "Startup Cost": 0.0, "Total Cost": 12.34, "Plan Rows": 1, "Plan Width": 4, "Filter": "(r_name = 'ASIA'::bpchar)"}, {"Node Type": "Index Scan", "Parent Relationship": "Inner", "Scan Direction": "Forward", "Index Name": "idx_nation_regionkey", "Relation Name": "nation", "Alias": "n1", "Startup Cost": 0.0, "Total Cost": 8.35, "Plan Rows": 5, "Plan Width": 8, "Index Cond": "(n_regionkey = region.r_regionkey)"}]}]}, {"Node Type": "Sort", "Parent Relationship": "Inner", "Startup Cost": 534580.75, "Total Cost": 534655.64, "Plan Rows": 29954, "Plan Width": 32, "Sort Key": ["customer.c_nationkey"], "Plans": [{"Node Type": "Nested Loop", "Parent Relationship": "Outer", "Join Type": "Inner", "Startup Cost": 486464.82, "Total Cost": 532353.6, "Plan Rows": 29954, "Plan Width": 32, "Inner Unique": true, "Plans": [{"Node Type": "Nested Loop", "Parent Relationship": "Outer", "Join Type": "Inner", "Startup Cost": 486464.82, "Total Cost": 516101.73, "Plan Rows": 51198, "Plan Width": 36, "Inner Unique": true, "Plans": [{"Node Type": "Merge Join", "Parent Relationship": "Outer", "Join Type": "Inner", "Startup Cost": 486464.82, "Total Cost": 493168.85, "Plan Rows": 74637, "Plan Width": 28, "Inner Unique": true, "Merge Cond": "(lineitem.l_suppkey = supplier.s_suppkey)", "Plans": [{"Node Type": "Sort", "Parent Relationship": "Outer", "Startup Cost": 486464.79, "Total Cost": 486651.38, "Plan Rows": 74637, "Plan Width": 32, "Sort Key": ["lineitem.l_suppkey"], "Plans": [{"Node Type": "Nested Loop", "Parent Relationship": "Outer", "Join Type": "Inner", "Startup Cost": 0.0, "Total Cost": 480423.82, "Plan Rows": 74637, "Plan Width": 32, "Inner Unique": false, "Plans": [{"Node Type": "Index Scan", "Parent Relationship": "Outer", "Scan Direction": "Forward", "Index Name": "part_kpey", "Relation Name": "part", "Alias": "part", "Startup Cost": 0.0, "Total Cost": 105803.25, "Plan Rows": 13538, "Plan Width": 8, "Filter": "((p_type)::text = 'SMALL PLATED COPPER'::text)"}, {"Node Type": "Index Scan", "Parent Relationship": "Inner", "Scan Direction": "Forward", "Index Name": "idx_lineitem_part_supp", "Relation Name": "lineitem", "Alias": "lineitem", "Startup Cost": 0.0, "Total Cost": 27.61, "Plan Rows": 6, "Plan Width": 40, "Index Cond": "(l_partkey = part.p_partkey)"}]}]}, {"Node Type": "Index Scan", "Parent Relationship": "Inner", "Scan Direction": "Forward", "Index Name": "supplier_pkey", "Relation Name": "supplier", "Alias": "supplier", "Startup Cost": 0.0, "Total Cost": 5334.54, "Plan Rows": 100000, "Plan Width": 12}]}, {"Node Type": "Index Scan", "Parent Relationship": "Inner", "Scan Direction": "Forward", "Index Name": "orders_pkey", "Relation Name": "orders", "Alias": "orders", "Startup Cost": 0.0, "Total Cost": 0.3, "Plan Rows": 1, "Plan Width": 24, "Index Cond": "(o_orderkey = lineitem.l_orderkey)", "Filter": "((o_orderdate >= '1995-01-01 00:00:00'::timestamp(0) without time zone) AND (o_orderdate <= '1996-12-31 00:00:00'::timestamp(0) without time zone))"}]}, {"Node Type": "Index Scan", "Parent Relationship": "Inner", "Scan Direction": "Forward", "Index Name": "customer_pkey", "Relation Name": "customer", "Alias": "customer", "Startup Cost": 0.0, "Total Cost": 0.31, "Plan Rows": 1, "Plan Width": 12, "Index Cond": "(c_custkey = orders.o_custkey)"}]}]}]}]}]}]}]}, "Unique SQL Id": 3681808042, "Planner Runtime": 6}, "explain_analyze_plan": {"Plan": {"Node Type": "Sort", "Startup Cost": 535424.81, "Total Cost": 535424.84, "Plan Rows": 10, "Plan Width": 66, "Actual Startup Time": 7424.093, "Actual Total Time": 7424.093, "Actual Rows": 2, "Actual Loops": 1, "Sort Key": ["(date_part('year'::text, orders.o_orderdate))"], "Sort Method": "quicksort", "Sort Space Used": 25, "Sort Space Type": "Memory", "Plans": [{"Node Type": "Aggregate", "Strategy": "Hashed", "Parent Relationship": "Outer", "Startup Cost": 535424.5, "Total Cost": 535424.65, "Plan Rows": 10, "Plan Width": 66, "Actual Startup Time": 7424.08, "Actual Total Time": 7424.082, "Actual Rows": 2, "Actual Loops": 1, "Group By Key": ["date_part('year'::text, orders.o_orderdate)"], "Plans": [{"Node Type": "Merge Join", "Parent Relationship": "Outer", "Join Type": "Inner", "Startup Cost": 535187.15, "Total Cost": 535304.68, "Plan Rows": 5991, "Plan Width": 50, "Actual Startup Time": 7388.7, "Actual Total Time": 7405.134, "Actual Rows": 23929, "Actual Loops": 1, "Inner Unique": false, "Merge Cond": "(n2.n_nationkey = supplier.s_nationkey)", "Plans": [{"Node Type": "Index Scan", "Parent Relationship": "Outer", "Scan Direction": "Forward", "Index Name": "nation_pkey", "Relation Name": "nation", "Alias": "n2", "Startup Cost": 0.0, "Total Cost": 12.62, "Plan Rows": 25, "Plan Width": 30, "Actual Startup Time": 0.01, "Actual Total Time": 0.04, "Actual Rows": 25, "Actual Loops": 1}, {"Node Type": "Sort", "Parent Relationship": "Inner", "Startup Cost": 535187.15, "Total Cost": 535202.12, "Plan Rows": 5991, "Plan Width": 28, "Actual Startup Time": 7388.652, "Actual Total Time": 7391.542, "Actual Rows": 23929, "Actual Loops": 1, "Sort Key": ["supplier.s_nationkey"], "Sort Method": "quicksort", "Sort Space Used": 3012, "Sort Space Type": "Memory", "Plans": [{"Node Type": "Merge Join", "Parent Relationship": "Outer", "Join Type": "Inner", "Startup Cost": 534601.55, "Total Cost": 534811.25, "Plan Rows": 5991, "Plan Width": 28, "Actual Startup Time": 7355.925, "Actual Total Time": 7381.743, "Actual Rows": 23929, "Actual Loops": 1, "Inner Unique": false, "Merge Cond": "(n1.n_nationkey = customer.c_nationkey)", "Plans": [{"Node Type": "Sort", "Parent Relationship": "Outer", "Startup Cost": 20.8, "Total Cost": 20.81, "Plan Rows": 5, "Plan Width": 4, "Actual Startup Time": 0.028, "Actual Total Time": 0.031, "Actual Rows": 5, "Actual Loops": 1, "Sort Key": ["n1.n_nationkey"], "Sort Method": "quicksort", "Sort Space Used": 25, "Sort Space Type": "Memory", "Plans": [{"Node Type": "Nested Loop", "Parent Relationship": "Outer", "Join Type": "Inner", "Startup Cost": 0.0, "Total Cost": 20.74, "Plan Rows": 5, "Plan Width": 4, "Actual Startup Time": 0.017, "Actual Total Time": 0.022, "Actual Rows": 5, "Actual Loops": 1, "Inner Unique": false, "Plans": [{"Node Type": "Index Scan", "Parent Relationship": "Outer", "Scan Direction": "Forward", "Index Name": "region_pkey", "Relation Name": "region", "Alias": "region", "Startup Cost": 0.0, "Total Cost": 12.34, "Plan Rows": 1, "Plan Width": 4, "Actual Startup Time": 0.009, "Actual Total Time": 0.011, "Actual Rows": 1, "Actual Loops": 1, "Filter": "(r_name = 'ASIA'::bpchar)", "Rows Removed by Filter": 4}, {"Node Type": "Index Scan", "Parent Relationship": "Inner", "Scan Direction": "Forward", "Index Name": "idx_nation_regionkey", "Relation Name": "nation", "Alias": "n1", "Startup Cost": 0.0, "Total Cost": 8.35, "Plan Rows": 5, "Plan Width": 8, "Actual Startup Time": 0.005, "Actual Total Time": 0.006, "Actual Rows": 5, "Actual Loops": 1, "Index Cond": "(n_regionkey = region.r_regionkey)", "Rows Removed by Index Recheck": 0}]}]}, {"Node Type": "Sort", "Parent Relationship": "Inner", "Startup Cost": 534580.75, "Total Cost": 534655.64, "Plan Rows": 29954, "Plan Width": 32, "Actual Startup Time": 7339.686, "Actual Total Time": 7362.383, "Actual Rows": 105359, "Actual Loops": 1, "Sort Key": ["customer.c_nationkey"], "Sort Method": "quicksort", "Sort Space Used": 14300, "Sort Space Type": "Memory", "Plans": [{"Node Type": "Nested Loop", "Parent Relationship": "Outer", "Join Type": "Inner", "Startup Cost": 486464.82, "Total Cost": 532353.6, "Plan Rows": 29954, "Plan Width": 32, "Actual Startup Time": 2726.979, "Actual Total Time": 7289.231, "Actual Rows": 119765, "Actual Loops": 1, "Inner Unique": true, "Plans": [{"Node Type": "Nested Loop", "Parent Relationship": "Outer", "Join Type": "Inner", "Startup Cost": 486464.82, "Total Cost": 516101.73, "Plan Rows": 51198, "Plan Width": 36, "Actual Startup Time": 2726.954, "Actual Total Time": 6409.487, "Actual Rows": 119765, "Actual Loops": 1, "Inner Unique": true, "Plans": [{"Node Type": "Merge Join", "Parent Relationship": "Outer", "Join Type": "Inner", "Startup Cost": 486464.82, "Total Cost": 493168.85, "Plan Rows": 74637, "Plan Width": 28, "Actual Startup Time": 2726.864, "Actual Total Time": 3045.316, "Actual Rows": 395341, "Actual Loops": 1, "Inner Unique": true, "Merge Cond": "(lineitem.l_suppkey = supplier.s_suppkey)", "Plans": [{"Node Type": "Sort", "Parent Relationship": "Outer", "Startup Cost": 486464.79, "Total Cost": 486651.38, "Plan Rows": 74637, "Plan Width": 32, "Actual Startup Time": 2726.805, "Actual Total Time": 2815.877, "Actual Rows": 395341, "Actual Loops": 1, "Sort Key": ["lineitem.l_suppkey"], "Sort Method": "quicksort", "Sort Space Used": 49352, "Sort Space Type": "Memory", "Plans": [{"Node Type": "Nested Loop", "Parent Relationship": "Outer", "Join Type": "Inner", "Startup Cost": 0.0, "Total Cost": 480423.82, "Plan Rows": 74637, "Plan Width": 32, "Actual Startup Time": 0.042, "Actual Total Time": 2576.916, "Actual Rows": 395341, "Actual Loops": 1, "Inner Unique": false, "Plans": [{"Node Type": "Index Scan", "Parent Relationship": "Outer", "Scan Direction": "Forward", "Index Name": "part_kpey", "Relation Name": "part", "Alias": "part", "Startup Cost": 0.0, "Total Cost": 105803.25, "Plan Rows": 13538, "Plan Width": 8, "Actual Startup Time": 0.027, "Actual Total Time": 1408.448, "Actual Rows": 13163, "Actual Loops": 1, "Filter": "((p_type)::text = 'SMALL PLATED COPPER'::text)", "Rows Removed by Filter": 1986837}, {"Node Type": "Index Scan", "Parent Relationship": "Inner", "Scan Direction": "Forward", "Index Name": "idx_lineitem_part_supp", "Relation Name": "lineitem", "Alias": "lineitem", "Startup Cost": 0.0, "Total Cost": 27.61, "Plan Rows": 6, "Plan Width": 40, "Actual Startup Time": 142.012, "Actual Total Time": 1074.632, "Actual Rows": 395341, "Actual Loops": 13163, "Index Cond": "(l_partkey = part.p_partkey)", "Rows Removed by Index Recheck": 0}]}]}, {"Node Type": "Index Scan", "Parent Relationship": "Inner", "Scan Direction": "Forward", "Index Name": "supplier_pkey", "Relation Name": "supplier", "Alias": "supplier", "Startup Cost": 0.0, "Total Cost": 5334.54, "Plan Rows": 100000, "Plan Width": 12, "Actual Startup Time": 0.045, "Actual Total Time": 71.072, "Actual Rows": 99998, "Actual Loops": 1}]}, {"Node Type": "Index Scan", "Parent Relationship": "Inner", "Scan Direction": "Forward", "Index Name": "orders_pkey", "Relation Name": "orders", "Alias": "orders", "Startup Cost": 0.0, "Total Cost": 0.3, "Plan Rows": 1, "Plan Width": 24, "Actual Startup Time": 3129.302, "Actual Total Time": 3129.302, "Actual Rows": 119765, "Actual Loops": 395341, "Index Cond": "(o_orderkey = lineitem.l_orderkey)", "Rows Removed by Index Recheck": 0, "Filter": "((o_orderdate >= '1995-01-01 00:00:00'::timestamp(0) without time zone) AND (o_orderdate <= '1996-12-31 00:00:00'::timestamp(0) without time zone))", "Rows Removed by Filter": 275576}]}, {"Node Type": "Index Scan", "Parent Relationship": "Inner", "Scan Direction": "Forward", "Index Name": "customer_pkey", "Relation Name": "customer", "Alias": "customer", "Startup Cost": 0.0, "Total Cost": 0.31, "Plan Rows": 1, "Plan Width": 12, "Actual Startup Time": 777.264, "Actual Total Time": 777.264, "Actual Rows": 119765, "Actual Loops": 119765, "Index Cond": "(c_custkey = orders.o_custkey)", "Rows Removed by Index Recheck": 0}]}]}]}]}]}]}]}, "Triggers": [], "Planner Runtime": 6, "Total Runtime": 7424.512, "Unique SQL Id": 3681808042}}, "(16, 90)": {"explain_plan": {"Plan": {"Node Type": "Sort", "Startup Cost": 11405902.62, "Total Cost": 11405902.65, "Plan Rows": 10, "Plan Width": 66, "Sort Key": ["(date_part('year'::text, orders.o_orderdate))"], "Plans": [{"Node Type": "Aggregate", "Strategy": "Hashed", "Parent Relationship": "Outer", "Startup Cost": 11405902.3, "Total Cost": 11405902.45, "Plan Rows": 10, "Plan Width": 66, "Group By Key": ["date_part('year'::text, orders.o_orderdate)"], "Plans": [{"Node Type": "Merge Join", "Parent Relationship": "Outer", "Join Type": "Inner", "Startup Cost": 11405677.52, "Total Cost": 11405782.48, "Plan Rows": 5991, "Plan Width": 50, "Inner Unique": false, "Merge Cond": "(n2.n_nationkey = supplier.s_nationkey)", "Plans": [{"Node Type": "Sort", "Parent Relationship": "Outer", "Startup Cost": 1.83, "Total Cost": 1.89, "Plan Rows": 25, "Plan Width": 30, "Sort Key": ["n2.n_nationkey"], "Plans": [{"Node Type": "Seq Scan", "Parent Relationship": "Outer", "Relation Name": "nation", "Alias": "n2", "Startup Cost": 0.0, "Total Cost": 1.25, "Plan Rows": 25, "Plan Width": 30}]}, {"Node Type": "Sort", "Parent Relationship": "Inner", "Startup Cost": 11405675.69, "Total Cost": 11405690.66, "Plan Rows": 5991, "Plan Width": 28, "Sort Key": ["supplier.s_nationkey"], "Plans": [{"Node Type": "Merge Join", "Parent Relationship": "Outer", "Join Type": "Inner", "Startup Cost": 11405090.09, "Total Cost": 11405299.79, "Plan Rows": 5991, "Plan Width": 28, "Inner Unique": false, "Merge Cond": "(n1.n_nationkey = customer.c_nationkey)", "Plans": [{"Node Type": "Sort", "Parent Relationship": "Outer", "Startup Cost": 3.14, "Total Cost": 3.16, "Plan Rows": 5, "Plan Width": 4, "Sort Key": ["n1.n_nationkey"], "Plans": [{"Node Type": "Merge Join", "Parent Relationship": "Outer", "Join Type": "Inner", "Startup Cost": 2.9, "Total Cost": 3.09, "Plan Rows": 5, "Plan Width": 4, "Inner Unique": false, "Merge Cond": "(region.r_regionkey = n1.n_regionkey)", "Plans": [{"Node Type": "Sort", "Parent Relationship": "Outer", "Startup Cost": 1.07, "Total Cost": 1.08, "Plan Rows": 1, "Plan Width": 4, "Sort Key": ["region.r_regionkey"], "Plans": [{"Node Type": "Seq Scan", "Parent Relationship": "Outer", "Relation Name": "region", "Alias": "region", "Startup Cost": 0.0, "Total Cost": 1.06, "Plan Rows": 1, "Plan Width": 4, "Filter": "(r_name = 'ASIA'::bpchar)"}]}, {"Node Type": "Sort", "Parent Relationship": "Inner", "Startup Cost": 1.83, "Total Cost": 1.89, "Plan Rows": 25, "Plan Width": 8, "Sort Key": ["n1.n_regionkey"], "Plans": [{"Node Type": "Seq Scan", "Parent Relationship": "Outer", "Relation Name": "nation", "Alias": "n1", "Startup Cost": 0.0, "Total Cost": 1.25, "Plan Rows": 25, "Plan Width": 8}]}]}]}, {"Node Type": "Sort", "Parent Relationship": "Inner", "Startup Cost": 11405086.95, "Total Cost": 11405161.83, "Plan Rows": 29954, "Plan Width": 32, "Sort Key": ["customer.c_nationkey"], "Plans": [{"Node Type": "Merge Join", "Parent Relationship": "Outer", "Join Type": "Inner", "Startup Cost": 11394804.48, "Total Cost": 11402859.8, "Plan Rows": 29954, "Plan Width": 32, "Inner Unique": true, "Merge Cond": "(orders.o_custkey = customer.c_custkey)", "Plans": [{"Node Type": "Sort", "Parent Relationship": "Outer", "Startup Cost": 11188804.29, "Total Cost": 11188932.29, "Plan Rows": 51198, "Plan Width": 36, "Sort Key": ["orders.o_custkey"], "Plans": [{"Node Type": "Merge Join", "Parent Relationship": "Outer", "Join Type": "Inner", "Startup Cost": 11161255.48, "Total Cost": 11184799.64, "Plan Rows": 51198, "Plan Width": 36, "Inner Unique": true, "Merge Cond": "(lineitem.l_orderkey = orders.o_orderkey)", "Plans": [{"Node Type": "Sort", "Parent Relationship": "Outer", "Startup Cost": 10158795.85, "Total Cost": 10158982.44, "Plan Rows": 74637, "Plan Width": 28, "Sort Key": ["lineitem.l_orderkey"], "Plans": [{"Node Type": "Merge Join", "Parent Relationship": "Outer", "Join Type": "Inner", "Startup Cost": 10151135.39, "Total Cost": 10152754.88, "Plan Rows": 74637, "Plan Width": 28, "Inner Unique": true, "Merge Cond": "(lineitem.l_suppkey = supplier.s_suppkey)", "Plans": [{"Node Type": "Sort", "Parent Relationship": "Outer", "Startup Cost": 10139547.54, "Total Cost": 10139734.13, "Plan Rows": 74637, "Plan Width": 32, "Sort Key": ["lineitem.l_suppkey"], "Plans": [{"Node Type": "Merge Join", "Parent Relationship": "Outer", "Join Type": "Inner", "Startup Cost": 9832757.35, "Total Cost": 10133506.57, "Plan Rows": 74637, "Plan Width": 32, "Inner Unique": false, "Merge Cond": "(part.p_partkey = lineitem.l_partkey)", "Plans": [{"Node Type": "Sort", "Parent Relationship": "Outer", "Startup Cost": 67873.03, "Total Cost": 67906.87, "Plan Rows": 13538, "Plan Width": 8, "Sort Key": ["part.p_partkey"], "Plans": [{"Node Type": "Seq Scan", "Parent Relationship": "Outer", "Relation Name": "part", "Alias": "part", "Startup Cost": 0.0, "Total Cost": 66944.0, "Plan Rows": 13538, "Plan Width": 8, "Filter": "((p_type)::text = 'SMALL PLATED COPPER'::text)"}]}, {"Node Type": "Sort", "Parent Relationship": "Inner", "Startup Cost": 9764884.32, "Total Cost": 9914851.9, "Plan Rows": 59987033, "Plan Width": 40, "Sort Key": ["lineitem.l_partkey"], "Plans": [{"Node Type": "Seq Scan", "Parent Relationship": "Outer", "Relation Name": "lineitem", "Alias": "lineitem", "Startup Cost": 0.0, "Total Cost": 2015115.33, "Plan Rows": 59987033, "Plan Width": 40}]}]}]}, {"Node Type": "Sort", "Parent Relationship": "Inner", "Startup Cost": 11587.82, "Total Cost": 11837.82, "Plan Rows": 100000, "Plan Width": 12, "Sort Key": ["supplier.s_suppkey"], "Plans": [{"Node Type": "Seq Scan", "Parent Relationship": "Outer", "Relation Name": "supplier", "Alias": "supplier", "Startup Cost": 0.0, "Total Cost": 3283.0, "Plan Rows": 100000, "Plan Width": 12}]}]}]}, {"Node Type": "Sort", "Parent Relationship": "Inner", "Startup Cost": 1002458.79, "Total Cost": 1013788.71, "Plan Rows": 4531967, "Plan Width": 24, "Sort Key": ["orders.o_orderkey"], "Plans": [{"Node Type": "Seq Scan", "Parent Relationship": "Outer", "Relation Name": "orders", "Alias": "orders", "Startup Cost": 195.35, "Total Cost": 501411.18, "Plan Rows": 4531967, "Plan Width": 24, "Filter": "((o_orderdate >= '1995-01-01 00:00:00'::timestamp(0) without time zone) AND (o_orderdate <= '1996-12-31 00:00:00'::timestamp(0) without time zone)), (LLVM Optimized)"}]}]}]}, {"Node Type": "Sort", "Parent Relationship": "Inner", "Startup Cost": 205999.98, "Total Cost": 209749.98, "Plan Rows": 1500000, "Plan Width": 12, "Sort Key": ["customer.c_custkey"], "Plans": [{"Node Type": "Seq Scan", "Parent Relationship": "Outer", "Relation Name": "customer", "Alias": "customer", "Startup Cost": 0.0, "Total Cost": 52126.0, "Plan Rows": 1500000, "Plan Width": 12}]}]}]}]}]}]}]}]}, "Unique SQL Id": 3681808042, "Planner Runtime": 6}, "explain_analyze_plan": null}, "(16, 91)": {"explain_plan": {"Plan": {"Node Type": "Sort", "Startup Cost": 8000413660073.44, "Total Cost": 8000413660073.47, "Plan Rows": 10, "Plan Width": 66, "Sort Key": ["(date_part('year'::text, orders.o_orderdate))"], "Plans": [{"Node Type": "Aggregate", "Strategy": "Hashed", "Parent Relationship": "Outer", "Startup Cost": 8000413660073.13, "Total Cost": 8000413660073.28, "Plan Rows": 10, "Plan Width": 66, "Group By Key": ["date_part('year'::text, orders.o_orderdate)"], "Plans": [{"Node Type": "Merge Join", "Parent Relationship": "Outer", "Join Type": "Inner", "Startup Cost": 7010413658075.55, "Total Cost": 8000413659727.21, "Plan Rows": 17296, "Plan Width": 50, "Inner Unique": true, "Merge Cond": "(supplier.s_nationkey = n2.n_nationkey)", "Plans": [{"Node Type": "Sort", "Parent Relationship": "Outer", "Startup Cost": 7000413658075.55, "Total Cost": 7000413658118.79, "Plan Rows": 17296, "Plan Width": 28, "Sort Key": ["supplier.s_nationkey"], "Plans": [{"Node Type": "Merge Join", "Parent Relationship": "Outer", "Join Type": "Inner", "Startup Cost": 6010413122985.77, "Total Cost": 7000413656858.07, "Plan Rows": 17296, "Plan Width": 28, "Inner Unique": true, "Merge Cond": "(lineitem.l_suppkey = supplier.s_suppkey)", "Plans": [{"Node Type": "Sort", "Parent Relationship": "Outer", "Startup Cost": 6000413122985.76, "Total Cost": 6000413123029.0, "Plan Rows": 17296, "Plan Width": 32, "Sort Key": ["lineitem.l_suppkey"], "Plans": [{"Node Type": "Merge Join", "Parent Relationship": "Outer", "Join Type": "Inner", "Startup Cost": 5010413119842.7, "Total Cost": 6000413121768.28, "Plan Rows": 17296, "Plan Width": 32, "Inner Unique": true, "Merge Cond": "(n1.n_regionkey = region.r_regionkey)", "Plans": [{"Node Type": "Sort", "Parent Relationship": "Outer", "Startup Cost": 5000413119842.7, "Total Cost": 5000413120058.89, "Plan Rows": 86479, "Plan Width": 36, "Sort Key": ["n1.n_regionkey"], "Plans": [{"Node Type": "Merge Join", "Parent Relationship": "Outer", "Join Type": "Inner", "Startup Cost": 4010413110191.64, "Total Cost": 5000413112751.39, "Plan Rows": 86479, "Plan Width": 36, "Inner Unique": false, "Merge Cond": "(n1.n_nationkey = customer.c_nationkey)", "Plans": [{"Node Type": "Index Scan", "Parent Relationship": "Outer", "Scan Direction": "Forward", "Index Name": "nation_pkey", "Relation Name": "nation", "Alias": "n1", "Startup Cost": 10000000000.0, "Total Cost": 1000000001262.5, "Plan Rows": 25, "Plan Width": 8}, {"Node Type": "Sort", "Parent Relationship": "Inner", "Startup Cost": 4000413110191.64, "Total Cost": 4000413110407.84, "Plan Rows": 86479, "Plan Width": 36, "Sort Key": ["customer.c_nationkey"], "Plans": [{"Node Type": "Merge Join", "Parent Relationship": "Outer", "Join Type": "Inner", "Startup Cost": 3010432081738.41, "Total Cost": 4000413103100.34, "Plan Rows": 86479, "Plan Width": 36, "Inner Unique": true, "Merge Cond": "(orders.o_custkey = customer.c_custkey)", "Plans": [{"Node Type": "Sort", "Parent Relationship": "Outer", "Startup Cost": 3000405021517.55, "Total Cost": 3000405021733.74, "Plan Rows": 86479, "Plan Width": 40, "Sort Key": ["orders.o_custkey"], "Plans": [{"Node Type": "Merge Join", "Parent Relationship": "Outer", "Join Type": "Inner", "Startup Cost": 2010467355835.36, "Total Cost": 3000405014426.24, "Plan Rows": 86479, "Plan Width": 40, "Inner Unique": true, "Merge Cond": "(lineitem.l_partkey = part.p_partkey)", "Plans": [{"Node Type": "Sort", "Parent Relationship": "Outer", "Startup Cost": 2000394227560.84, "Total Cost": 2000394330431.79, "Plan Rows": 41148382, "Plan Width": 48, "Sort Key": ["lineitem.l_partkey"], "Plans": [{"Node Type": "Merge Join", "Parent Relationship": "Outer", "Join Type": "Inner", "Startup Cost": 20036483818.55, "Total Cost": 2000389023456.58, "Plan Rows": 41148382, "Plan Width": 48, "Inner Unique": false, "Merge Cond": "(orders.o_orderkey = lineitem.l_orderkey)", "Plans": [{"Node Type": "Index Scan", "Parent Relationship": "Outer", "Scan Direction": "Forward", "Index Name": "orders_pkey", "Relation Name": "orders", "Alias": "orders", "Startup Cost": 10000000000.0, "Total Cost": 1000080597583.0, "Plan Rows": 4531967, "Plan Width": 24, "Filter": "((o_orderdate >= '1995-01-01 00:00:00'::timestamp(0) without time zone) AND (o_orderdate <= '1996-12-31 00:00:00'::timestamp(0) without time zone)), (LLVM Optimized)"}, {"Node Type": "Index Scan", "Parent Relationship": "Inner", "Scan Direction": "Forward", "Index Name": "idx_lineitem_orderkey", "Relation Name": "lineitem", "Alias": "lineitem", "Startup Cost": 10000000000.0, "Total Cost": 1000324015374.5, "Plan Rows": 59987033, "Plan Width": 40}]}]}, {"Node Type": "Materialize", "Parent Relationship": "Inner", "Startup Cost": 10000000000.0, "Total Cost": 1000010580358.84, "Plan Rows": 13538, "Plan Width": 8, "Plans": [{"Node Type": "Index Scan", "Parent Relationship": "Outer", "Scan Direction": "Forward", "Index Name": "part_kpey", "Relation Name": "part", "Alias": "part", "Startup Cost": 10000000000.0, "Total Cost": 1000010580325.0, "Plan Rows": 13538, "Plan Width": 8, "Filter": "((p_type)::text = 'SMALL PLATED COPPER'::text)"}]}]}]}, {"Node Type": "Index Scan", "Parent Relationship": "Inner", "Scan Direction": "Forward", "Index Name": "customer_pkey", "Relation Name": "customer", "Alias": "customer", "Startup Cost": 10000000000.0, "Total Cost": 1000008076535.62, "Plan Rows": 1500000, "Plan Width": 12}]}]}]}]}, {"Node Type": "Materialize", "Parent Relationship": "Inner", "Startup Cost": 10000000000.0, "Total Cost": 1000000001233.75, "Plan Rows": 1, "Plan Width": 4, "Plans": [{"Node Type": "Index Scan", "Parent Relationship": "Outer", "Scan Direction": "Forward", "Index Name": "region_pkey", "Relation Name": "region", "Alias": "region", "Startup Cost": 10000000000.0, "Total Cost": 1000000001233.75, "Plan Rows": 1, "Plan Width": 4, "Filter": "(r_name = 'ASIA'::bpchar)"}]}]}]}, {"Node Type": "Index Scan", "Parent Relationship": "Inner", "Scan Direction": "Forward", "Index Name": "supplier_pkey", "Relation Name": "supplier", "Alias": "supplier", "Startup Cost": 10000000000.0, "Total Cost": 1000000533454.38, "Plan Rows": 100000, "Plan Width": 12}]}]}, {"Node Type": "Materialize", "Parent Relationship": "Inner", "Startup Cost": 10000000000.0, "Total Cost": 1000000001262.56, "Plan Rows": 25, "Plan Width": 30, "Plans": [{"Node Type": "Index Scan", "Parent Relationship": "Outer", "Scan Direction": "Forward", "Index Name": "nation_pkey", "Relation Name": "nation", "Alias": "n2", "Startup Cost": 10000000000.0, "Total Cost": 1000000001262.5, "Plan Rows": 25, "Plan Width": 30}]}]}]}]}, "Unique SQL Id": 3681808042, "Planner Runtime": 15}, "explain_analyze_plan": null}, "(16, 92)": {"explain_plan": {"Plan": {"Node Type": "Sort", "Startup Cost": 496537.18, "Total Cost": 496537.2, "Plan Rows": 10, "Plan Width": 66, "Sort Key": ["(date_part('year'::text, orders.o_orderdate))"], "Plans": [{"Node Type": "Aggregate", "Strategy": "Hashed", "Parent Relationship": "Outer", "Startup Cost": 496536.86, "Total Cost": 496537.01, "Plan Rows": 10, "Plan Width": 66, "Group By Key": ["date_part('year'::text, orders.o_orderdate)"], "Plans": [{"Node Type": "Merge Join", "Parent Relationship": "Outer", "Join Type": "Inner", "Startup Cost": 496312.07, "Total Cost": 496417.04, "Plan Rows": 5991, "Plan Width": 50, "Inner Unique": false, "Merge Cond": "(n2.n_nationkey = supplier.s_nationkey)", "Plans": [{"Node Type": "Sort", "Parent Relationship": "Outer", "Startup Cost": 1.83, "Total Cost": 1.89, "Plan Rows": 25, "Plan Width": 30, "Sort Key": ["n2.n_nationkey"], "Plans": [{"Node Type": "Seq Scan", "Parent Relationship": "Outer", "Relation Name": "nation", "Alias": "n2", "Startup Cost": 0.0, "Total Cost": 1.25, "Plan Rows": 25, "Plan Width": 30}]}, {"Node Type": "Sort", "Parent Relationship": "Inner", "Startup Cost": 496310.24, "Total Cost": 496325.22, "Plan Rows": 5991, "Plan Width": 28, "Sort Key": ["supplier.s_nationkey"], "Plans": [{"Node Type": "Merge Join", "Parent Relationship": "Outer", "Join Type": "Inner", "Startup Cost": 495724.65, "Total Cost": 495934.35, "Plan Rows": 5991, "Plan Width": 28, "Inner Unique": false, "Merge Cond": "(n1.n_nationkey = customer.c_nationkey)", "Plans": [{"Node Type": "Sort", "Parent Relationship": "Outer", "Startup Cost": 3.14, "Total Cost": 3.16, "Plan Rows": 5, "Plan Width": 4, "Sort Key": ["n1.n_nationkey"], "Plans": [{"Node Type": "Merge Join", "Parent Relationship": "Outer", "Join Type": "Inner", "Startup Cost": 2.9, "Total Cost": 3.09, "Plan Rows": 5, "Plan Width": 4, "Inner Unique": false, "Merge Cond": "(region.r_regionkey = n1.n_regionkey)", "Plans": [{"Node Type": "Sort", "Parent Relationship": "Outer", "Startup Cost": 1.07, "Total Cost": 1.08, "Plan Rows": 1, "Plan Width": 4, "Sort Key": ["region.r_regionkey"], "Plans": [{"Node Type": "Seq Scan", "Parent Relationship": "Outer", "Relation Name": "region", "Alias": "region", "Startup Cost": 0.0, "Total Cost": 1.06, "Plan Rows": 1, "Plan Width": 4, "Filter": "(r_name = 'ASIA'::bpchar)"}]}, {"Node Type": "Sort", "Parent Relationship": "Inner", "Startup Cost": 1.83, "Total Cost": 1.89, "Plan Rows": 25, "Plan Width": 8, "Sort Key": ["n1.n_regionkey"], "Plans": [{"Node Type": "Seq Scan", "Parent Relationship": "Outer", "Relation Name": "nation", "Alias": "n1", "Startup Cost": 0.0, "Total Cost": 1.25, "Plan Rows": 25, "Plan Width": 8}]}]}]}, {"Node Type": "Sort", "Parent Relationship": "Inner", "Startup Cost": 495721.5, "Total Cost": 495796.39, "Plan Rows": 29954, "Plan Width": 32, "Sort Key": ["customer.c_nationkey"], "Plans": [{"Node Type": "Nested Loop", "Parent Relationship": "Outer", "Join Type": "Inner", "Startup Cost": 447605.57, "Total Cost": 493494.35, "Plan Rows": 29954, "Plan Width": 32, "Inner Unique": true, "Plans": [{"Node Type": "Nested Loop", "Parent Relationship": "Outer", "Join Type": "Inner", "Startup Cost": 447605.57, "Total Cost": 477242.48, "Plan Rows": 51198, "Plan Width": 36, "Inner Unique": true, "Plans": [{"Node Type": "Merge Join", "Parent Relationship": "Outer", "Join Type": "Inner", "Startup Cost": 447605.57, "Total Cost": 454309.6, "Plan Rows": 74637, "Plan Width": 28, "Inner Unique": false, "Merge Cond": "(supplier.s_suppkey = lineitem.l_suppkey)", "Plans": [{"Node Type": "Index Scan", "Parent Relationship": "Outer", "Scan Direction": "Forward", "Index Name": "supplier_pkey", "Relation Name": "supplier", "Alias": "supplier", "Startup Cost": 0.0, "Total Cost": 5334.54, "Plan Rows": 100000, "Plan Width": 12}, {"Node Type": "Sort", "Parent Relationship": "Inner", "Startup Cost": 447605.54, "Total Cost": 447792.13, "Plan Rows": 74637, "Plan Width": 32, "Sort Key": ["lineitem.l_suppkey"], "Plans": [{"Node Type": "Nested Loop", "Parent Relationship": "Outer", "Join Type": "Inner", "Startup Cost": 0.0, "Total Cost": 441564.57, "Plan Rows": 74637, "Plan Width": 32, "Inner Unique": false, "Plans": [{"Node Type": "Seq Scan", "Parent Relationship": "Outer", "Relation Name": "part", "Alias": "part", "Startup Cost": 0.0, "Total Cost": 66944.0, "Plan Rows": 13538, "Plan Width": 8, "Filter": "((p_type)::text = 'SMALL PLATED COPPER'::text)"}, {"Node Type": "Index Scan", "Parent Relationship": "Inner", "Scan Direction": "Forward", "Index Name": "idx_lineitem_part_supp", "Relation Name": "lineitem", "Alias": "lineitem", "Startup Cost": 0.0, "Total Cost": 27.61, "Plan Rows": 6, "Plan Width": 40, "Index Cond": "(l_partkey = part.p_partkey)"}]}]}]}, {"Node Type": "Index Scan", "Parent Relationship": "Inner", "Scan Direction": "Forward", "Index Name": "orders_pkey", "Relation Name": "orders", "Alias": "orders", "Startup Cost": 0.0, "Total Cost": 0.3, "Plan Rows": 1, "Plan Width": 24, "Index Cond": "(o_orderkey = lineitem.l_orderkey)", "Filter": "((o_orderdate >= '1995-01-01 00:00:00'::timestamp(0) without time zone) AND (o_orderdate <= '1996-12-31 00:00:00'::timestamp(0) without time zone))"}]}, {"Node Type": "Index Scan", "Parent Relationship": "Inner", "Scan Direction": "Forward", "Index Name": "customer_pkey", "Relation Name": "customer", "Alias": "customer", "Startup Cost": 0.0, "Total Cost": 0.31, "Plan Rows": 1, "Plan Width": 12, "Index Cond": "(c_custkey = orders.o_custkey)"}]}]}]}]}]}]}]}, "Unique SQL Id": 3681808042, "Planner Runtime": 7}, "explain_analyze_plan": {"Plan": {"Node Type": "Sort", "Startup Cost": 496537.18, "Total Cost": 496537.2, "Plan Rows": 10, "Plan Width": 66, "Actual Startup Time": 6731.082, "Actual Total Time": 6731.082, "Actual Rows": 2, "Actual Loops": 1, "Sort Key": ["(date_part('year'::text, orders.o_orderdate))"], "Sort Method": "quicksort", "Sort Space Used": 25, "Sort Space Type": "Memory", "Plans": [{"Node Type": "Aggregate", "Strategy": "Hashed", "Parent Relationship": "Outer", "Startup Cost": 496536.86, "Total Cost": 496537.01, "Plan Rows": 10, "Plan Width": 66, "Actual Startup Time": 6731.068, "Actual Total Time": 6731.068, "Actual Rows": 2, "Actual Loops": 1, "Group By Key": ["date_part('year'::text, orders.o_orderdate)"], "Plans": [{"Node Type": "Merge Join", "Parent Relationship": "Outer", "Join Type": "Inner", "Startup Cost": 496312.07, "Total Cost": 496417.04, "Plan Rows": 5991, "Plan Width": 50, "Actual Startup Time": 6695.45, "Actual Total Time": 6711.56, "Actual Rows": 23929, "Actual Loops": 1, "Inner Unique": false, "Merge Cond": "(n2.n_nationkey = supplier.s_nationkey)", "Plans": [{"Node Type": "Sort", "Parent Relationship": "Outer", "Startup Cost": 1.83, "Total Cost": 1.89, "Plan Rows": 25, "Plan Width": 30, "Actual Startup Time": 0.036, "Actual Total Time": 0.042, "Actual Rows": 25, "Actual Loops": 1, "Sort Key": ["n2.n_nationkey"], "Sort Method": "quicksort", "Sort Space Used": 27, "Sort Space Type": "Memory", "Plans": [{"Node Type": "Seq Scan", "Parent Relationship": "Outer", "Relation Name": "nation", "Alias": "n2", "Startup Cost": 0.0, "Total Cost": 1.25, "Plan Rows": 25, "Plan Width": 30, "Actual Startup Time": 0.012, "Actual Total Time": 0.019, "Actual Rows": 25, "Actual Loops": 1}]}, {"Node Type": "Sort", "Parent Relationship": "Inner", "Startup Cost": 496310.24, "Total Cost": 496325.22, "Plan Rows": 5991, "Plan Width": 28, "Actual Startup Time": 6695.367, "Actual Total Time": 6698.257, "Actual Rows": 23929, "Actual Loops": 1, "Sort Key": ["supplier.s_nationkey"], "Sort Method": "quicksort", "Sort Space Used": 3012, "Sort Space Type": "Memory", "Plans": [{"Node Type": "Merge Join", "Parent Relationship": "Outer", "Join Type": "Inner", "Startup Cost": 495724.65, "Total Cost": 495934.35, "Plan Rows": 5991, "Plan Width": 28, "Actual Startup Time": 6660.019, "Actual Total Time": 6688.406, "Actual Rows": 23929, "Actual Loops": 1, "Inner Unique": false, "Merge Cond": "(n1.n_nationkey = customer.c_nationkey)", "Plans": [{"Node Type": "Sort", "Parent Relationship": "Outer", "Startup Cost": 3.14, "Total Cost": 3.16, "Plan Rows": 5, "Plan Width": 4, "Actual Startup Time": 0.055, "Actual Total Time": 0.057, "Actual Rows": 5, "Actual Loops": 1, "Sort Key": ["n1.n_nationkey"], "Sort Method": "quicksort", "Sort Space Used": 25, "Sort Space Type": "Memory", "Plans": [{"Node Type": "Merge Join", "Parent Relationship": "Outer", "Join Type": "Inner", "Startup Cost": 2.9, "Total Cost": 3.09, "Plan Rows": 5, "Plan Width": 4, "Actual Startup Time": 0.044, "Actual Total Time": 0.048, "Actual Rows": 5, "Actual Loops": 1, "Inner Unique": false, "Merge Cond": "(region.r_regionkey = n1.n_regionkey)", "Plans": [{"Node Type": "Sort", "Parent Relationship": "Outer", "Startup Cost": 1.07, "Total Cost": 1.08, "Plan Rows": 1, "Plan Width": 4, "Actual Startup Time": 0.013, "Actual Total Time": 0.013, "Actual Rows": 1, "Actual Loops": 1, "Sort Key": ["region.r_regionkey"], "Sort Method": "quicksort", "Sort Space Used": 25, "Sort Space Type": "Memory", "Plans": [{"Node Type": "Seq Scan", "Parent Relationship": "Outer", "Relation Name": "region", "Alias": "region", "Startup Cost": 0.0, "Total Cost": 1.06, "Plan Rows": 1, "Plan Width": 4, "Actual Startup Time": 0.009, "Actual Total Time": 0.01, "Actual Rows": 1, "Actual Loops": 1, "Filter": "(r_name = 'ASIA'::bpchar)", "Rows Removed by Filter": 4}]}, {"Node Type": "Sort", "Parent Relationship": "Inner", "Startup Cost": 1.83, "Total Cost": 1.89, "Plan Rows": 25, "Plan Width": 8, "Actual Startup Time": 0.024, "Actual Total Time": 0.026, "Actual Rows": 16, "Actual Loops": 1, "Sort Key": ["n1.n_regionkey"], "Sort Method": "quicksort", "Sort Space Used": 26, "Sort Space Type": "Memory", "Plans": [{"Node Type": "Seq Scan", "Parent Relationship": "Outer", "Relation Name": "nation", "Alias": "n1", "Startup Cost": 0.0, "Total Cost": 1.25, "Plan Rows": 25, "Plan Width": 8, "Actual Startup Time": 0.006, "Actual Total Time": 0.011, "Actual Rows": 25, "Actual Loops": 1}]}]}]}, {"Node Type": "Sort", "Parent Relationship": "Inner", "Startup Cost": 495721.5, "Total Cost": 495796.39, "Plan Rows": 29954, "Plan Width": 32, "Actual Startup Time": 6645.718, "Actual Total Time": 6668.514, "Actual Rows": 105359, "Actual Loops": 1, "Sort Key": ["customer.c_nationkey"], "Sort Method": "quicksort", "Sort Space Used": 14300, "Sort Space Type": "Memory", "Plans": [{"Node Type": "Nested Loop", "Parent Relationship": "Outer", "Join Type": "Inner", "Startup Cost": 447605.57, "Total Cost": 493494.35, "Plan Rows": 29954, "Plan Width": 32, "Actual Startup Time": 2095.186, "Actual Total Time": 6595.522, "Actual Rows": 119765, "Actual Loops": 1, "Inner Unique": true, "Plans": [{"Node Type": "Nested Loop", "Parent Relationship": "Outer", "Join Type": "Inner", "Startup Cost": 447605.57, "Total Cost": 477242.48, "Plan Rows": 51198, "Plan Width": 36, "Actual Startup Time": 2095.162, "Actual Total Time": 5710.8, "Actual Rows": 119765, "Actual Loops": 1, "Inner Unique": true, "Plans": [{"Node Type": "Merge Join", "Parent Relationship": "Outer", "Join Type": "Inner", "Startup Cost": 447605.57, "Total Cost": 454309.6, "Plan Rows": 74637, "Plan Width": 28, "Actual Startup Time": 2095.069, "Actual Total Time": 2393.422, "Actual Rows": 395341, "Actual Loops": 1, "Inner Unique": false, "Merge Cond": "(supplier.s_suppkey = lineitem.l_suppkey)", "Plans": [{"Node Type": "Index Scan", "Parent Relationship": "Outer", "Scan Direction": "Forward", "Index Name": "supplier_pkey", "Relation Name": "supplier", "Alias": "supplier", "Startup Cost": 0.0, "Total Cost": 5334.54, "Plan Rows": 100000, "Plan Width": 12, "Actual Startup Time": 0.021, "Actual Total Time": 67.468, "Actual Rows": 99999, "Actual Loops": 1}, {"Node Type": "Sort", "Parent Relationship": "Inner", "Startup Cost": 447605.54, "Total Cost": 447792.13, "Plan Rows": 74637, "Plan Width": 32, "Actual Startup Time": 2095.038, "Actual Total Time": 2174.775, "Actual Rows": 395341, "Actual Loops": 1, "Sort Key": ["lineitem.l_suppkey"], "Sort Method": "quicksort", "Sort Space Used": 49352, "Sort Space Type": "Memory", "Plans": [{"Node Type": "Nested Loop", "Parent Relationship": "Outer", "Join Type": "Inner", "Startup Cost": 0.0, "Total Cost": 441564.57, "Plan Rows": 74637, "Plan Width": 32, "Actual Startup Time": 0.038, "Actual Total Time": 1945.866, "Actual Rows": 395341, "Actual Loops": 1, "Inner Unique": false, "Plans": [{"Node Type": "Seq Scan", "Parent Relationship": "Outer", "Relation Name": "part", "Alias": "part", "Startup Cost": 0.0, "Total Cost": 66944.0, "Plan Rows": 13538, "Plan Width": 8, "Actual Startup Time": 0.02, "Actual Total Time": 756.914, "Actual Rows": 13163, "Actual Loops": 1, "Filter": "((p_type)::text = 'SMALL PLATED COPPER'::text)", "Rows Removed by Filter": 1986837}, {"Node Type": "Index Scan", "Parent Relationship": "Inner", "Scan Direction": "Forward", "Index Name": "idx_lineitem_part_supp", "Relation Name": "lineitem", "Alias": "lineitem", "Startup Cost": 0.0, "Total Cost": 27.61, "Plan Rows": 6, "Plan Width": 40, "Actual Startup Time": 152.495, "Actual Total Time": 1096.608, "Actual Rows": 395341, "Actual Loops": 13163, "Index Cond": "(l_partkey = part.p_partkey)", "Rows Removed by Index Recheck": 0}]}]}]}, {"Node Type": "Index Scan", "Parent Relationship": "Inner", "Scan Direction": "Forward", "Index Name": "orders_pkey", "Relation Name": "orders", "Alias": "orders", "Startup Cost": 0.0, "Total Cost": 0.3, "Plan Rows": 1, "Plan Width": 24, "Actual Startup Time": 3082.293, "Actual Total Time": 3082.293, "Actual Rows": 119765, "Actual Loops": 395341, "Index Cond": "(o_orderkey = lineitem.l_orderkey)", "Rows Removed by Index Recheck": 0, "Filter": "((o_orderdate >= '1995-01-01 00:00:00'::timestamp(0) without time zone) AND (o_orderdate <= '1996-12-31 00:00:00'::timestamp(0) without time zone))", "Rows Removed by Filter": 275576}]}, {"Node Type": "Index Scan", "Parent Relationship": "Inner", "Scan Direction": "Forward", "Index Name": "customer_pkey", "Relation Name": "customer", "Alias": "customer", "Startup Cost": 0.0, "Total Cost": 0.31, "Plan Rows": 1, "Plan Width": 12, "Actual Startup Time": 784.634, "Actual Total Time": 784.634, "Actual Rows": 119765, "Actual Loops": 119765, "Index Cond": "(c_custkey = orders.o_custkey)", "Rows Removed by Index Recheck": 0}]}]}]}]}]}]}]}, "Triggers": [], "Planner Runtime": 7, "Total Runtime": 6731.525, "Unique SQL Id": 3681808042}}, "(16, 93)": {"explain_plan": {"Plan": {"Node Type": "Sort", "Startup Cost": 535424.81, "Total Cost": 535424.84, "Plan Rows": 10, "Plan Width": 66, "Sort Key": ["(date_part('year'::text, orders.o_orderdate))"], "Plans": [{"Node Type": "Aggregate", "Strategy": "Hashed", "Parent Relationship": "Outer", "Startup Cost": 535424.5, "Total Cost": 535424.65, "Plan Rows": 10, "Plan Width": 66, "Group By Key": ["date_part('year'::text, orders.o_orderdate)"], "Plans": [{"Node Type": "Merge Join", "Parent Relationship": "Outer", "Join Type": "Inner", "Startup Cost": 535187.15, "Total Cost": 535304.68, "Plan Rows": 5991, "Plan Width": 50, "Inner Unique": false, "Merge Cond": "(n2.n_nationkey = supplier.s_nationkey)", "Plans": [{"Node Type": "Index Scan", "Parent Relationship": "Outer", "Scan Direction": "Forward", "Index Name": "nation_pkey", "Relation Name": "nation", "Alias": "n2", "Startup Cost": 0.0, "Total Cost": 12.62, "Plan Rows": 25, "Plan Width": 30}, {"Node Type": "Sort", "Parent Relationship": "Inner", "Startup Cost": 535187.15, "Total Cost": 535202.12, "Plan Rows": 5991, "Plan Width": 28, "Sort Key": ["supplier.s_nationkey"], "Plans": [{"Node Type": "Merge Join", "Parent Relationship": "Outer", "Join Type": "Inner", "Startup Cost": 534601.55, "Total Cost": 534811.25, "Plan Rows": 5991, "Plan Width": 28, "Inner Unique": false, "Merge Cond": "(n1.n_nationkey = customer.c_nationkey)", "Plans": [{"Node Type": "Sort", "Parent Relationship": "Outer", "Startup Cost": 20.8, "Total Cost": 20.81, "Plan Rows": 5, "Plan Width": 4, "Sort Key": ["n1.n_nationkey"], "Plans": [{"Node Type": "Nested Loop", "Parent Relationship": "Outer", "Join Type": "Inner", "Startup Cost": 0.0, "Total Cost": 20.74, "Plan Rows": 5, "Plan Width": 4, "Inner Unique": false, "Plans": [{"Node Type": "Index Scan", "Parent Relationship": "Outer", "Scan Direction": "Forward", "Index Name": "region_pkey", "Relation Name": "region", "Alias": "region", "Startup Cost": 0.0, "Total Cost": 12.34, "Plan Rows": 1, "Plan Width": 4, "Filter": "(r_name = 'ASIA'::bpchar)"}, {"Node Type": "Index Scan", "Parent Relationship": "Inner", "Scan Direction": "Forward", "Index Name": "idx_nation_regionkey", "Relation Name": "nation", "Alias": "n1", "Startup Cost": 0.0, "Total Cost": 8.35, "Plan Rows": 5, "Plan Width": 8, "Index Cond": "(n_regionkey = region.r_regionkey)"}]}]}, {"Node Type": "Sort", "Parent Relationship": "Inner", "Startup Cost": 534580.75, "Total Cost": 534655.64, "Plan Rows": 29954, "Plan Width": 32, "Sort Key": ["customer.c_nationkey"], "Plans": [{"Node Type": "Nested Loop", "Parent Relationship": "Outer", "Join Type": "Inner", "Startup Cost": 486464.82, "Total Cost": 532353.6, "Plan Rows": 29954, "Plan Width": 32, "Inner Unique": true, "Plans": [{"Node Type": "Nested Loop", "Parent Relationship": "Outer", "Join Type": "Inner", "Startup Cost": 486464.82, "Total Cost": 516101.73, "Plan Rows": 51198, "Plan Width": 36, "Inner Unique": true, "Plans": [{"Node Type": "Merge Join", "Parent Relationship": "Outer", "Join Type": "Inner", "Startup Cost": 486464.82, "Total Cost": 493168.85, "Plan Rows": 74637, "Plan Width": 28, "Inner Unique": true, "Merge Cond": "(lineitem.l_suppkey = supplier.s_suppkey)", "Plans": [{"Node Type": "Sort", "Parent Relationship": "Outer", "Startup Cost": 486464.79, "Total Cost": 486651.38, "Plan Rows": 74637, "Plan Width": 32, "Sort Key": ["lineitem.l_suppkey"], "Plans": [{"Node Type": "Nested Loop", "Parent Relationship": "Outer", "Join Type": "Inner", "Startup Cost": 0.0, "Total Cost": 480423.82, "Plan Rows": 74637, "Plan Width": 32, "Inner Unique": false, "Plans": [{"Node Type": "Index Scan", "Parent Relationship": "Outer", "Scan Direction": "Forward", "Index Name": "part_kpey", "Relation Name": "part", "Alias": "part", "Startup Cost": 0.0, "Total Cost": 105803.25, "Plan Rows": 13538, "Plan Width": 8, "Filter": "((p_type)::text = 'SMALL PLATED COPPER'::text)"}, {"Node Type": "Index Scan", "Parent Relationship": "Inner", "Scan Direction": "Forward", "Index Name": "idx_lineitem_part_supp", "Relation Name": "lineitem", "Alias": "lineitem", "Startup Cost": 0.0, "Total Cost": 27.61, "Plan Rows": 6, "Plan Width": 40, "Index Cond": "(l_partkey = part.p_partkey)"}]}]}, {"Node Type": "Index Scan", "Parent Relationship": "Inner", "Scan Direction": "Forward", "Index Name": "supplier_pkey", "Relation Name": "supplier", "Alias": "supplier", "Startup Cost": 0.0, "Total Cost": 5334.54, "Plan Rows": 100000, "Plan Width": 12}]}, {"Node Type": "Index Scan", "Parent Relationship": "Inner", "Scan Direction": "Forward", "Index Name": "orders_pkey", "Relation Name": "orders", "Alias": "orders", "Startup Cost": 0.0, "Total Cost": 0.3, "Plan Rows": 1, "Plan Width": 24, "Index Cond": "(o_orderkey = lineitem.l_orderkey)", "Filter": "((o_orderdate >= '1995-01-01 00:00:00'::timestamp(0) without time zone) AND (o_orderdate <= '1996-12-31 00:00:00'::timestamp(0) without time zone))"}]}, {"Node Type": "Index Scan", "Parent Relationship": "Inner", "Scan Direction": "Forward", "Index Name": "customer_pkey", "Relation Name": "customer", "Alias": "customer", "Startup Cost": 0.0, "Total Cost": 0.31, "Plan Rows": 1, "Plan Width": 12, "Index Cond": "(c_custkey = orders.o_custkey)"}]}]}]}]}]}]}]}, "Unique SQL Id": 3681808042, "Planner Runtime": 6}, "explain_analyze_plan": {"Plan": {"Node Type": "Sort", "Startup Cost": 535424.81, "Total Cost": 535424.84, "Plan Rows": 10, "Plan Width": 66, "Actual Startup Time": 7424.093, "Actual Total Time": 7424.093, "Actual Rows": 2, "Actual Loops": 1, "Sort Key": ["(date_part('year'::text, orders.o_orderdate))"], "Sort Method": "quicksort", "Sort Space Used": 25, "Sort Space Type": "Memory", "Plans": [{"Node Type": "Aggregate", "Strategy": "Hashed", "Parent Relationship": "Outer", "Startup Cost": 535424.5, "Total Cost": 535424.65, "Plan Rows": 10, "Plan Width": 66, "Actual Startup Time": 7424.08, "Actual Total Time": 7424.082, "Actual Rows": 2, "Actual Loops": 1, "Group By Key": ["date_part('year'::text, orders.o_orderdate)"], "Plans": [{"Node Type": "Merge Join", "Parent Relationship": "Outer", "Join Type": "Inner", "Startup Cost": 535187.15, "Total Cost": 535304.68, "Plan Rows": 5991, "Plan Width": 50, "Actual Startup Time": 7388.7, "Actual Total Time": 7405.134, "Actual Rows": 23929, "Actual Loops": 1, "Inner Unique": false, "Merge Cond": "(n2.n_nationkey = supplier.s_nationkey)", "Plans": [{"Node Type": "Index Scan", "Parent Relationship": "Outer", "Scan Direction": "Forward", "Index Name": "nation_pkey", "Relation Name": "nation", "Alias": "n2", "Startup Cost": 0.0, "Total Cost": 12.62, "Plan Rows": 25, "Plan Width": 30, "Actual Startup Time": 0.01, "Actual Total Time": 0.04, "Actual Rows": 25, "Actual Loops": 1}, {"Node Type": "Sort", "Parent Relationship": "Inner", "Startup Cost": 535187.15, "Total Cost": 535202.12, "Plan Rows": 5991, "Plan Width": 28, "Actual Startup Time": 7388.652, "Actual Total Time": 7391.542, "Actual Rows": 23929, "Actual Loops": 1, "Sort Key": ["supplier.s_nationkey"], "Sort Method": "quicksort", "Sort Space Used": 3012, "Sort Space Type": "Memory", "Plans": [{"Node Type": "Merge Join", "Parent Relationship": "Outer", "Join Type": "Inner", "Startup Cost": 534601.55, "Total Cost": 534811.25, "Plan Rows": 5991, "Plan Width": 28, "Actual Startup Time": 7355.925, "Actual Total Time": 7381.743, "Actual Rows": 23929, "Actual Loops": 1, "Inner Unique": false, "Merge Cond": "(n1.n_nationkey = customer.c_nationkey)", "Plans": [{"Node Type": "Sort", "Parent Relationship": "Outer", "Startup Cost": 20.8, "Total Cost": 20.81, "Plan Rows": 5, "Plan Width": 4, "Actual Startup Time": 0.028, "Actual Total Time": 0.031, "Actual Rows": 5, "Actual Loops": 1, "Sort Key": ["n1.n_nationkey"], "Sort Method": "quicksort", "Sort Space Used": 25, "Sort Space Type": "Memory", "Plans": [{"Node Type": "Nested Loop", "Parent Relationship": "Outer", "Join Type": "Inner", "Startup Cost": 0.0, "Total Cost": 20.74, "Plan Rows": 5, "Plan Width": 4, "Actual Startup Time": 0.017, "Actual Total Time": 0.022, "Actual Rows": 5, "Actual Loops": 1, "Inner Unique": false, "Plans": [{"Node Type": "Index Scan", "Parent Relationship": "Outer", "Scan Direction": "Forward", "Index Name": "region_pkey", "Relation Name": "region", "Alias": "region", "Startup Cost": 0.0, "Total Cost": 12.34, "Plan Rows": 1, "Plan Width": 4, "Actual Startup Time": 0.009, "Actual Total Time": 0.011, "Actual Rows": 1, "Actual Loops": 1, "Filter": "(r_name = 'ASIA'::bpchar)", "Rows Removed by Filter": 4}, {"Node Type": "Index Scan", "Parent Relationship": "Inner", "Scan Direction": "Forward", "Index Name": "idx_nation_regionkey", "Relation Name": "nation", "Alias": "n1", "Startup Cost": 0.0, "Total Cost": 8.35, "Plan Rows": 5, "Plan Width": 8, "Actual Startup Time": 0.005, "Actual Total Time": 0.006, "Actual Rows": 5, "Actual Loops": 1, "Index Cond": "(n_regionkey = region.r_regionkey)", "Rows Removed by Index Recheck": 0}]}]}, {"Node Type": "Sort", "Parent Relationship": "Inner", "Startup Cost": 534580.75, "Total Cost": 534655.64, "Plan Rows": 29954, "Plan Width": 32, "Actual Startup Time": 7339.686, "Actual Total Time": 7362.383, "Actual Rows": 105359, "Actual Loops": 1, "Sort Key": ["customer.c_nationkey"], "Sort Method": "quicksort", "Sort Space Used": 14300, "Sort Space Type": "Memory", "Plans": [{"Node Type": "Nested Loop", "Parent Relationship": "Outer", "Join Type": "Inner", "Startup Cost": 486464.82, "Total Cost": 532353.6, "Plan Rows": 29954, "Plan Width": 32, "Actual Startup Time": 2726.979, "Actual Total Time": 7289.231, "Actual Rows": 119765, "Actual Loops": 1, "Inner Unique": true, "Plans": [{"Node Type": "Nested Loop", "Parent Relationship": "Outer", "Join Type": "Inner", "Startup Cost": 486464.82, "Total Cost": 516101.73, "Plan Rows": 51198, "Plan Width": 36, "Actual Startup Time": 2726.954, "Actual Total Time": 6409.487, "Actual Rows": 119765, "Actual Loops": 1, "Inner Unique": true, "Plans": [{"Node Type": "Merge Join", "Parent Relationship": "Outer", "Join Type": "Inner", "Startup Cost": 486464.82, "Total Cost": 493168.85, "Plan Rows": 74637, "Plan Width": 28, "Actual Startup Time": 2726.864, "Actual Total Time": 3045.316, "Actual Rows": 395341, "Actual Loops": 1, "Inner Unique": true, "Merge Cond": "(lineitem.l_suppkey = supplier.s_suppkey)", "Plans": [{"Node Type": "Sort", "Parent Relationship": "Outer", "Startup Cost": 486464.79, "Total Cost": 486651.38, "Plan Rows": 74637, "Plan Width": 32, "Actual Startup Time": 2726.805, "Actual Total Time": 2815.877, "Actual Rows": 395341, "Actual Loops": 1, "Sort Key": ["lineitem.l_suppkey"], "Sort Method": "quicksort", "Sort Space Used": 49352, "Sort Space Type": "Memory", "Plans": [{"Node Type": "Nested Loop", "Parent Relationship": "Outer", "Join Type": "Inner", "Startup Cost": 0.0, "Total Cost": 480423.82, "Plan Rows": 74637, "Plan Width": 32, "Actual Startup Time": 0.042, "Actual Total Time": 2576.916, "Actual Rows": 395341, "Actual Loops": 1, "Inner Unique": false, "Plans": [{"Node Type": "Index Scan", "Parent Relationship": "Outer", "Scan Direction": "Forward", "Index Name": "part_kpey", "Relation Name": "part", "Alias": "part", "Startup Cost": 0.0, "Total Cost": 105803.25, "Plan Rows": 13538, "Plan Width": 8, "Actual Startup Time": 0.027, "Actual Total Time": 1408.448, "Actual Rows": 13163, "Actual Loops": 1, "Filter": "((p_type)::text = 'SMALL PLATED COPPER'::text)", "Rows Removed by Filter": 1986837}, {"Node Type": "Index Scan", "Parent Relationship": "Inner", "Scan Direction": "Forward", "Index Name": "idx_lineitem_part_supp", "Relation Name": "lineitem", "Alias": "lineitem", "Startup Cost": 0.0, "Total Cost": 27.61, "Plan Rows": 6, "Plan Width": 40, "Actual Startup Time": 142.012, "Actual Total Time": 1074.632, "Actual Rows": 395341, "Actual Loops": 13163, "Index Cond": "(l_partkey = part.p_partkey)", "Rows Removed by Index Recheck": 0}]}]}, {"Node Type": "Index Scan", "Parent Relationship": "Inner", "Scan Direction": "Forward", "Index Name": "supplier_pkey", "Relation Name": "supplier", "Alias": "supplier", "Startup Cost": 0.0, "Total Cost": 5334.54, "Plan Rows": 100000, "Plan Width": 12, "Actual Startup Time": 0.045, "Actual Total Time": 71.072, "Actual Rows": 99998, "Actual Loops": 1}]}, {"Node Type": "Index Scan", "Parent Relationship": "Inner", "Scan Direction": "Forward", "Index Name": "orders_pkey", "Relation Name": "orders", "Alias": "orders", "Startup Cost": 0.0, "Total Cost": 0.3, "Plan Rows": 1, "Plan Width": 24, "Actual Startup Time": 3129.302, "Actual Total Time": 3129.302, "Actual Rows": 119765, "Actual Loops": 395341, "Index Cond": "(o_orderkey = lineitem.l_orderkey)", "Rows Removed by Index Recheck": 0, "Filter": "((o_orderdate >= '1995-01-01 00:00:00'::timestamp(0) without time zone) AND (o_orderdate <= '1996-12-31 00:00:00'::timestamp(0) without time zone))", "Rows Removed by Filter": 275576}]}, {"Node Type": "Index Scan", "Parent Relationship": "Inner", "Scan Direction": "Forward", "Index Name": "customer_pkey", "Relation Name": "customer", "Alias": "customer", "Startup Cost": 0.0, "Total Cost": 0.31, "Plan Rows": 1, "Plan Width": 12, "Actual Startup Time": 777.264, "Actual Total Time": 777.264, "Actual Rows": 119765, "Actual Loops": 119765, "Index Cond": "(c_custkey = orders.o_custkey)", "Rows Removed by Index Recheck": 0}]}]}]}]}]}]}]}, "Triggers": [], "Planner Runtime": 6, "Total Runtime": 7424.512, "Unique SQL Id": 3681808042}}, "(16, 94)": {"explain_plan": {"Plan": {"Node Type": "Sort", "Startup Cost": 11405902.62, "Total Cost": 11405902.65, "Plan Rows": 10, "Plan Width": 66, "Sort Key": ["(date_part('year'::text, orders.o_orderdate))"], "Plans": [{"Node Type": "Aggregate", "Strategy": "Hashed", "Parent Relationship": "Outer", "Startup Cost": 11405902.3, "Total Cost": 11405902.45, "Plan Rows": 10, "Plan Width": 66, "Group By Key": ["date_part('year'::text, orders.o_orderdate)"], "Plans": [{"Node Type": "Merge Join", "Parent Relationship": "Outer", "Join Type": "Inner", "Startup Cost": 11405677.52, "Total Cost": 11405782.48, "Plan Rows": 5991, "Plan Width": 50, "Inner Unique": false, "Merge Cond": "(n2.n_nationkey = supplier.s_nationkey)", "Plans": [{"Node Type": "Sort", "Parent Relationship": "Outer", "Startup Cost": 1.83, "Total Cost": 1.89, "Plan Rows": 25, "Plan Width": 30, "Sort Key": ["n2.n_nationkey"], "Plans": [{"Node Type": "Seq Scan", "Parent Relationship": "Outer", "Relation Name": "nation", "Alias": "n2", "Startup Cost": 0.0, "Total Cost": 1.25, "Plan Rows": 25, "Plan Width": 30}]}, {"Node Type": "Sort", "Parent Relationship": "Inner", "Startup Cost": 11405675.69, "Total Cost": 11405690.66, "Plan Rows": 5991, "Plan Width": 28, "Sort Key": ["supplier.s_nationkey"], "Plans": [{"Node Type": "Merge Join", "Parent Relationship": "Outer", "Join Type": "Inner", "Startup Cost": 11405090.09, "Total Cost": 11405299.79, "Plan Rows": 5991, "Plan Width": 28, "Inner Unique": false, "Merge Cond": "(n1.n_nationkey = customer.c_nationkey)", "Plans": [{"Node Type": "Sort", "Parent Relationship": "Outer", "Startup Cost": 3.14, "Total Cost": 3.16, "Plan Rows": 5, "Plan Width": 4, "Sort Key": ["n1.n_nationkey"], "Plans": [{"Node Type": "Merge Join", "Parent Relationship": "Outer", "Join Type": "Inner", "Startup Cost": 2.9, "Total Cost": 3.09, "Plan Rows": 5, "Plan Width": 4, "Inner Unique": false, "Merge Cond": "(region.r_regionkey = n1.n_regionkey)", "Plans": [{"Node Type": "Sort", "Parent Relationship": "Outer", "Startup Cost": 1.07, "Total Cost": 1.08, "Plan Rows": 1, "Plan Width": 4, "Sort Key": ["region.r_regionkey"], "Plans": [{"Node Type": "Seq Scan", "Parent Relationship": "Outer", "Relation Name": "region", "Alias": "region", "Startup Cost": 0.0, "Total Cost": 1.06, "Plan Rows": 1, "Plan Width": 4, "Filter": "(r_name = 'ASIA'::bpchar)"}]}, {"Node Type": "Sort", "Parent Relationship": "Inner", "Startup Cost": 1.83, "Total Cost": 1.89, "Plan Rows": 25, "Plan Width": 8, "Sort Key": ["n1.n_regionkey"], "Plans": [{"Node Type": "Seq Scan", "Parent Relationship": "Outer", "Relation Name": "nation", "Alias": "n1", "Startup Cost": 0.0, "Total Cost": 1.25, "Plan Rows": 25, "Plan Width": 8}]}]}]}, {"Node Type": "Sort", "Parent Relationship": "Inner", "Startup Cost": 11405086.95, "Total Cost": 11405161.83, "Plan Rows": 29954, "Plan Width": 32, "Sort Key": ["customer.c_nationkey"], "Plans": [{"Node Type": "Merge Join", "Parent Relationship": "Outer", "Join Type": "Inner", "Startup Cost": 11394804.48, "Total Cost": 11402859.8, "Plan Rows": 29954, "Plan Width": 32, "Inner Unique": true, "Merge Cond": "(orders.o_custkey = customer.c_custkey)", "Plans": [{"Node Type": "Sort", "Parent Relationship": "Outer", "Startup Cost": 11188804.29, "Total Cost": 11188932.29, "Plan Rows": 51198, "Plan Width": 36, "Sort Key": ["orders.o_custkey"], "Plans": [{"Node Type": "Merge Join", "Parent Relationship": "Outer", "Join Type": "Inner", "Startup Cost": 11161255.48, "Total Cost": 11184799.64, "Plan Rows": 51198, "Plan Width": 36, "Inner Unique": true, "Merge Cond": "(lineitem.l_orderkey = orders.o_orderkey)", "Plans": [{"Node Type": "Sort", "Parent Relationship": "Outer", "Startup Cost": 10158795.85, "Total Cost": 10158982.44, "Plan Rows": 74637, "Plan Width": 28, "Sort Key": ["lineitem.l_orderkey"], "Plans": [{"Node Type": "Merge Join", "Parent Relationship": "Outer", "Join Type": "Inner", "Startup Cost": 10151135.39, "Total Cost": 10152754.88, "Plan Rows": 74637, "Plan Width": 28, "Inner Unique": true, "Merge Cond": "(lineitem.l_suppkey = supplier.s_suppkey)", "Plans": [{"Node Type": "Sort", "Parent Relationship": "Outer", "Startup Cost": 10139547.54, "Total Cost": 10139734.13, "Plan Rows": 74637, "Plan Width": 32, "Sort Key": ["lineitem.l_suppkey"], "Plans": [{"Node Type": "Merge Join", "Parent Relationship": "Outer", "Join Type": "Inner", "Startup Cost": 9832757.35, "Total Cost": 10133506.57, "Plan Rows": 74637, "Plan Width": 32, "Inner Unique": false, "Merge Cond": "(part.p_partkey = lineitem.l_partkey)", "Plans": [{"Node Type": "Sort", "Parent Relationship": "Outer", "Startup Cost": 67873.03, "Total Cost": 67906.87, "Plan Rows": 13538, "Plan Width": 8, "Sort Key": ["part.p_partkey"], "Plans": [{"Node Type": "Seq Scan", "Parent Relationship": "Outer", "Relation Name": "part", "Alias": "part", "Startup Cost": 0.0, "Total Cost": 66944.0, "Plan Rows": 13538, "Plan Width": 8, "Filter": "((p_type)::text = 'SMALL PLATED COPPER'::text)"}]}, {"Node Type": "Sort", "Parent Relationship": "Inner", "Startup Cost": 9764884.32, "Total Cost": 9914851.9, "Plan Rows": 59987033, "Plan Width": 40, "Sort Key": ["lineitem.l_partkey"], "Plans": [{"Node Type": "Seq Scan", "Parent Relationship": "Outer", "Relation Name": "lineitem", "Alias": "lineitem", "Startup Cost": 0.0, "Total Cost": 2015115.33, "Plan Rows": 59987033, "Plan Width": 40}]}]}]}, {"Node Type": "Sort", "Parent Relationship": "Inner", "Startup Cost": 11587.82, "Total Cost": 11837.82, "Plan Rows": 100000, "Plan Width": 12, "Sort Key": ["supplier.s_suppkey"], "Plans": [{"Node Type": "Seq Scan", "Parent Relationship": "Outer", "Relation Name": "supplier", "Alias": "supplier", "Startup Cost": 0.0, "Total Cost": 3283.0, "Plan Rows": 100000, "Plan Width": 12}]}]}]}, {"Node Type": "Sort", "Parent Relationship": "Inner", "Startup Cost": 1002458.79, "Total Cost": 1013788.71, "Plan Rows": 4531967, "Plan Width": 24, "Sort Key": ["orders.o_orderkey"], "Plans": [{"Node Type": "Seq Scan", "Parent Relationship": "Outer", "Relation Name": "orders", "Alias": "orders", "Startup Cost": 195.35, "Total Cost": 501411.18, "Plan Rows": 4531967, "Plan Width": 24, "Filter": "((o_orderdate >= '1995-01-01 00:00:00'::timestamp(0) without time zone) AND (o_orderdate <= '1996-12-31 00:00:00'::timestamp(0) without time zone)), (LLVM Optimized)"}]}]}]}, {"Node Type": "Sort", "Parent Relationship": "Inner", "Startup Cost": 205999.98, "Total Cost": 209749.98, "Plan Rows": 1500000, "Plan Width": 12, "Sort Key": ["customer.c_custkey"], "Plans": [{"Node Type": "Seq Scan", "Parent Relationship": "Outer", "Relation Name": "customer", "Alias": "customer", "Startup Cost": 0.0, "Total Cost": 52126.0, "Plan Rows": 1500000, "Plan Width": 12}]}]}]}]}]}]}]}]}, "Unique SQL Id": 3681808042, "Planner Runtime": 6}, "explain_analyze_plan": null}, "(16, 95)": {"explain_plan": {"Plan": {"Node Type": "Sort", "Startup Cost": 8000413660073.44, "Total Cost": 8000413660073.47, "Plan Rows": 10, "Plan Width": 66, "Sort Key": ["(date_part('year'::text, orders.o_orderdate))"], "Plans": [{"Node Type": "Aggregate", "Strategy": "Hashed", "Parent Relationship": "Outer", "Startup Cost": 8000413660073.13, "Total Cost": 8000413660073.28, "Plan Rows": 10, "Plan Width": 66, "Group By Key": ["date_part('year'::text, orders.o_orderdate)"], "Plans": [{"Node Type": "Merge Join", "Parent Relationship": "Outer", "Join Type": "Inner", "Startup Cost": 7010413658075.55, "Total Cost": 8000413659727.21, "Plan Rows": 17296, "Plan Width": 50, "Inner Unique": true, "Merge Cond": "(supplier.s_nationkey = n2.n_nationkey)", "Plans": [{"Node Type": "Sort", "Parent Relationship": "Outer", "Startup Cost": 7000413658075.55, "Total Cost": 7000413658118.79, "Plan Rows": 17296, "Plan Width": 28, "Sort Key": ["supplier.s_nationkey"], "Plans": [{"Node Type": "Merge Join", "Parent Relationship": "Outer", "Join Type": "Inner", "Startup Cost": 6010413122985.77, "Total Cost": 7000413656858.07, "Plan Rows": 17296, "Plan Width": 28, "Inner Unique": true, "Merge Cond": "(lineitem.l_suppkey = supplier.s_suppkey)", "Plans": [{"Node Type": "Sort", "Parent Relationship": "Outer", "Startup Cost": 6000413122985.76, "Total Cost": 6000413123029.0, "Plan Rows": 17296, "Plan Width": 32, "Sort Key": ["lineitem.l_suppkey"], "Plans": [{"Node Type": "Merge Join", "Parent Relationship": "Outer", "Join Type": "Inner", "Startup Cost": 5010413119842.7, "Total Cost": 6000413121768.28, "Plan Rows": 17296, "Plan Width": 32, "Inner Unique": true, "Merge Cond": "(n1.n_regionkey = region.r_regionkey)", "Plans": [{"Node Type": "Sort", "Parent Relationship": "Outer", "Startup Cost": 5000413119842.7, "Total Cost": 5000413120058.89, "Plan Rows": 86479, "Plan Width": 36, "Sort Key": ["n1.n_regionkey"], "Plans": [{"Node Type": "Merge Join", "Parent Relationship": "Outer", "Join Type": "Inner", "Startup Cost": 4010413110191.64, "Total Cost": 5000413112751.39, "Plan Rows": 86479, "Plan Width": 36, "Inner Unique": false, "Merge Cond": "(n1.n_nationkey = customer.c_nationkey)", "Plans": [{"Node Type": "Index Scan", "Parent Relationship": "Outer", "Scan Direction": "Forward", "Index Name": "nation_pkey", "Relation Name": "nation", "Alias": "n1", "Startup Cost": 10000000000.0, "Total Cost": 1000000001262.5, "Plan Rows": 25, "Plan Width": 8}, {"Node Type": "Sort", "Parent Relationship": "Inner", "Startup Cost": 4000413110191.64, "Total Cost": 4000413110407.84, "Plan Rows": 86479, "Plan Width": 36, "Sort Key": ["customer.c_nationkey"], "Plans": [{"Node Type": "Merge Join", "Parent Relationship": "Outer", "Join Type": "Inner", "Startup Cost": 3010432081738.41, "Total Cost": 4000413103100.34, "Plan Rows": 86479, "Plan Width": 36, "Inner Unique": true, "Merge Cond": "(orders.o_custkey = customer.c_custkey)", "Plans": [{"Node Type": "Sort", "Parent Relationship": "Outer", "Startup Cost": 3000405021517.55, "Total Cost": 3000405021733.74, "Plan Rows": 86479, "Plan Width": 40, "Sort Key": ["orders.o_custkey"], "Plans": [{"Node Type": "Merge Join", "Parent Relationship": "Outer", "Join Type": "Inner", "Startup Cost": 2010467355835.36, "Total Cost": 3000405014426.24, "Plan Rows": 86479, "Plan Width": 40, "Inner Unique": true, "Merge Cond": "(lineitem.l_partkey = part.p_partkey)", "Plans": [{"Node Type": "Sort", "Parent Relationship": "Outer", "Startup Cost": 2000394227560.84, "Total Cost": 2000394330431.79, "Plan Rows": 41148382, "Plan Width": 48, "Sort Key": ["lineitem.l_partkey"], "Plans": [{"Node Type": "Merge Join", "Parent Relationship": "Outer", "Join Type": "Inner", "Startup Cost": 20036483818.55, "Total Cost": 2000389023456.58, "Plan Rows": 41148382, "Plan Width": 48, "Inner Unique": false, "Merge Cond": "(orders.o_orderkey = lineitem.l_orderkey)", "Plans": [{"Node Type": "Index Scan", "Parent Relationship": "Outer", "Scan Direction": "Forward", "Index Name": "orders_pkey", "Relation Name": "orders", "Alias": "orders", "Startup Cost": 10000000000.0, "Total Cost": 1000080597583.0, "Plan Rows": 4531967, "Plan Width": 24, "Filter": "((o_orderdate >= '1995-01-01 00:00:00'::timestamp(0) without time zone) AND (o_orderdate <= '1996-12-31 00:00:00'::timestamp(0) without time zone)), (LLVM Optimized)"}, {"Node Type": "Index Scan", "Parent Relationship": "Inner", "Scan Direction": "Forward", "Index Name": "idx_lineitem_orderkey", "Relation Name": "lineitem", "Alias": "lineitem", "Startup Cost": 10000000000.0, "Total Cost": 1000324015374.5, "Plan Rows": 59987033, "Plan Width": 40}]}]}, {"Node Type": "Materialize", "Parent Relationship": "Inner", "Startup Cost": 10000000000.0, "Total Cost": 1000010580358.84, "Plan Rows": 13538, "Plan Width": 8, "Plans": [{"Node Type": "Index Scan", "Parent Relationship": "Outer", "Scan Direction": "Forward", "Index Name": "part_kpey", "Relation Name": "part", "Alias": "part", "Startup Cost": 10000000000.0, "Total Cost": 1000010580325.0, "Plan Rows": 13538, "Plan Width": 8, "Filter": "((p_type)::text = 'SMALL PLATED COPPER'::text)"}]}]}]}, {"Node Type": "Index Scan", "Parent Relationship": "Inner", "Scan Direction": "Forward", "Index Name": "customer_pkey", "Relation Name": "customer", "Alias": "customer", "Startup Cost": 10000000000.0, "Total Cost": 1000008076535.62, "Plan Rows": 1500000, "Plan Width": 12}]}]}]}]}, {"Node Type": "Materialize", "Parent Relationship": "Inner", "Startup Cost": 10000000000.0, "Total Cost": 1000000001233.75, "Plan Rows": 1, "Plan Width": 4, "Plans": [{"Node Type": "Index Scan", "Parent Relationship": "Outer", "Scan Direction": "Forward", "Index Name": "region_pkey", "Relation Name": "region", "Alias": "region", "Startup Cost": 10000000000.0, "Total Cost": 1000000001233.75, "Plan Rows": 1, "Plan Width": 4, "Filter": "(r_name = 'ASIA'::bpchar)"}]}]}]}, {"Node Type": "Index Scan", "Parent Relationship": "Inner", "Scan Direction": "Forward", "Index Name": "supplier_pkey", "Relation Name": "supplier", "Alias": "supplier", "Startup Cost": 10000000000.0, "Total Cost": 1000000533454.38, "Plan Rows": 100000, "Plan Width": 12}]}]}, {"Node Type": "Materialize", "Parent Relationship": "Inner", "Startup Cost": 10000000000.0, "Total Cost": 1000000001262.56, "Plan Rows": 25, "Plan Width": 30, "Plans": [{"Node Type": "Index Scan", "Parent Relationship": "Outer", "Scan Direction": "Forward", "Index Name": "nation_pkey", "Relation Name": "nation", "Alias": "n2", "Startup Cost": 10000000000.0, "Total Cost": 1000000001262.5, "Plan Rows": 25, "Plan Width": 30}]}]}]}]}, "Unique SQL Id": 3681808042, "Planner Runtime": 14}, "explain_analyze_plan": null}, "(16, 96)": {"explain_plan": {"Plan": {"Node Type": "Sort", "Startup Cost": 486022.68, "Total Cost": 486022.71, "Plan Rows": 10, "Plan Width": 66, "Sort Key": ["(date_part('year'::text, orders.o_orderdate))"], "Plans": [{"Node Type": "Aggregate", "Strategy": "Hashed", "Parent Relationship": "Outer", "Startup Cost": 486022.37, "Total Cost": 486022.52, "Plan Rows": 10, "Plan Width": 66, "Group By Key": ["date_part('year'::text, orders.o_orderdate)"], "Plans": [{"Node Type": "Hash Join", "Parent Relationship": "Outer", "Join Type": "Inner", "Startup Cost": 4537.06, "Total Cost": 485902.55, "Plan Rows": 5991, "Plan Width": 50, "Inner Unique": true, "Hash Cond": "(supplier.s_nationkey = n2.n_nationkey)", "Plans": [{"Node Type": "Hash Join", "Parent Relationship": "Outer", "Join Type": "Inner", "Startup Cost": 4535.5, "Total Cost": 485803.63, "Plan Rows": 5991, "Plan Width": 28, "Inner Unique": false, "Hash Cond": "(customer.c_nationkey = n1.n_nationkey)", "Plans": [{"Node Type": "Nested Loop", "Parent Relationship": "Outer", "Join Type": "Inner", "Startup Cost": 4533.0, "Total Cost": 485661.65, "Plan Rows": 29954, "Plan Width": 32, "Inner Unique": true, "Plans": [{"Node Type": "Hash Join", "Parent Relationship": "Outer", "Join Type": "Inner", "Startup Cost": 4533.0, "Total Cost": 469409.78, "Plan Rows": 51198, "Plan Width": 36, "Inner Unique": true, "Hash Cond": "(lineitem.l_suppkey = supplier.s_suppkey)", "Plans": [{"Node Type": "Nested Loop", "Parent Relationship": "Outer", "Join Type": "Inner", "Startup Cost": 0.0, "Total Cost": 464497.44, "Plan Rows": 86479, "Plan Width": 40, "Inner Unique": true, "Plans": [{"Node Type": "Nested Loop", "Parent Relationship": "Outer", "Join Type": "Inner", "Startup Cost": 0.0, "Total Cost": 441564.57, "Plan Rows": 74637, "Plan Width": 32, "Inner Unique": false, "Plans": [{"Node Type": "Seq Scan", "Parent Relationship": "Outer", "Relation Name": "part", "Alias": "part", "Startup Cost": 0.0, "Total Cost": 66944.0, "Plan Rows": 13538, "Plan Width": 8, "Filter": "((p_type)::text = 'SMALL PLATED COPPER'::text)"}, {"Node Type": "Index Scan", "Parent Relationship": "Inner", "Scan Direction": "Forward", "Index Name": "idx_lineitem_part_supp", "Relation Name": "lineitem", "Alias": "lineitem", "Startup Cost": 0.0, "Total Cost": 27.61, "Plan Rows": 6, "Plan Width": 40, "Index Cond": "(l_partkey = part.p_partkey)"}]}, {"Node Type": "Index Scan", "Parent Relationship": "Inner", "Scan Direction": "Forward", "Index Name": "orders_pkey", "Relation Name": "orders", "Alias": "orders", "Startup Cost": 0.0, "Total Cost": 0.3, "Plan Rows": 1, "Plan Width": 24, "Index Cond": "(o_orderkey = lineitem.l_orderkey)", "Filter": "((o_orderdate >= '1995-01-01 00:00:00'::timestamp(0) without time zone) AND (o_orderdate <= '1996-12-31 00:00:00'::timestamp(0) without time zone))"}]}, {"Node Type": "Hash", "Parent Relationship": "Inner", "Startup Cost": 3283.0, "Total Cost": 3283.0, "Plan Rows": 100000, "Plan Width": 12, "Plans": [{"Node Type": "Seq Scan", "Parent Relationship": "Outer", "Relation Name": "supplier", "Alias": "supplier", "Startup Cost": 0.0, "Total Cost": 3283.0, "Plan Rows": 100000, "Plan Width": 12}]}]}, {"Node Type": "Index Scan", "Parent Relationship": "Inner", "Scan Direction": "Forward", "Index Name": "customer_pkey", "Relation Name": "customer", "Alias": "customer", "Startup Cost": 0.0, "Total Cost": 0.31, "Plan Rows": 1, "Plan Width": 12, "Index Cond": "(c_custkey = orders.o_custkey)"}]}, {"Node Type": "Hash", "Parent Relationship": "Inner", "Startup Cost": 2.44, "Total Cost": 2.44, "Plan Rows": 5, "Plan Width": 4, "Plans": [{"Node Type": "Hash Join", "Parent Relationship": "Outer", "Join Type": "Inner", "Startup Cost": 1.07, "Total Cost": 2.44, "Plan Rows": 5, "Plan Width": 4, "Inner Unique": true, "Hash Cond": "(n1.n_regionkey = region.r_regionkey)", "Plans": [{"Node Type": "Seq Scan", "Parent Relationship": "Outer", "Relation Name": "nation", "Alias": "n1", "Startup Cost": 0.0, "Total Cost": 1.25, "Plan Rows": 25, "Plan Width": 8}, {"Node Type": "Hash", "Parent Relationship": "Inner", "Startup Cost": 1.06, "Total Cost": 1.06, "Plan Rows": 1, "Plan Width": 4, "Plans": [{"Node Type": "Seq Scan", "Parent Relationship": "Outer", "Relation Name": "region", "Alias": "region", "Startup Cost": 0.0, "Total Cost": 1.06, "Plan Rows": 1, "Plan Width": 4, "Filter": "(r_name = 'ASIA'::bpchar)"}]}]}]}]}, {"Node Type": "Hash", "Parent Relationship": "Inner", "Startup Cost": 1.25, "Total Cost": 1.25, "Plan Rows": 25, "Plan Width": 30, "Plans": [{"Node Type": "Seq Scan", "Parent Relationship": "Outer", "Relation Name": "nation", "Alias": "n2", "Startup Cost": 0.0, "Total Cost": 1.25, "Plan Rows": 25, "Plan Width": 30}]}]}]}]}, "Unique SQL Id": 3681808042, "Planner Runtime": 5}, "explain_analyze_plan": {"Plan": {"Node Type": "Sort", "Startup Cost": 486022.68, "Total Cost": 486022.71, "Plan Rows": 10, "Plan Width": 66, "Actual Startup Time": 6590.092, "Actual Total Time": 6590.092, "Actual Rows": 2, "Actual Loops": 1, "Sort Key": ["(date_part('year'::text, orders.o_orderdate))"], "Sort Method": "quicksort", "Sort Space Used": 25, "Sort Space Type": "Memory", "Plans": [{"Node Type": "Aggregate", "Strategy": "Hashed", "Parent Relationship": "Outer", "Startup Cost": 486022.37, "Total Cost": 486022.52, "Plan Rows": 10, "Plan Width": 66, "Actual Startup Time": 6590.073, "Actual Total Time": 6590.074, "Actual Rows": 2, "Actual Loops": 1, "Group By Key": ["date_part('year'::text, orders.o_orderdate)"], "Plans": [{"Node Type": "Hash Join", "Parent Relationship": "Outer", "Join Type": "Inner", "Startup Cost": 4537.06, "Total Cost": 485902.55, "Plan Rows": 5991, "Plan Width": 50, "Actual Startup Time": 66.803, "Actual Total Time": 6553.248, "Actual Rows": 23929, "Actual Loops": 1, "Inner Unique": true, "Hash Cond": "(supplier.s_nationkey = n2.n_nationkey)", "Plans": [{"Node Type": "Hash Join", "Parent Relationship": "Outer", "Join Type": "Inner", "Startup Cost": 4535.5, "Total Cost": 485803.63, "Plan Rows": 5991, "Plan Width": 28, "Actual Startup Time": 66.711, "Actual Total Time": 6520.183, "Actual Rows": 23929, "Actual Loops": 1, "Inner Unique": false, "Hash Cond": "(customer.c_nationkey = n1.n_nationkey)", "Plans": [{"Node Type": "Nested Loop", "Parent Relationship": "Outer", "Join Type": "Inner", "Startup Cost": 4533.0, "Total Cost": 485661.65, "Plan Rows": 29954, "Plan Width": 32, "Actual Startup Time": 66.389, "Actual Total Time": 6481.607, "Actual Rows": 119765, "Actual Loops": 1, "Inner Unique": true, "Plans": [{"Node Type": "Hash Join", "Parent Relationship": "Outer", "Join Type": "Inner", "Startup Cost": 4533.0, "Total Cost": 469409.78, "Plan Rows": 51198, "Plan Width": 36, "Actual Startup Time": 66.354, "Actual Total Time": 5548.261, "Actual Rows": 119765, "Actual Loops": 1, "Inner Unique": true, "Hash Cond": "(lineitem.l_suppkey = supplier.s_suppkey)", "Plans": [{"Node Type": "Nested Loop", "Parent Relationship": "Outer", "Join Type": "Inner", "Startup Cost": 0.0, "Total Cost": 464497.44, "Plan Rows": 86479, "Plan Width": 40, "Actual Startup Time": 0.187, "Actual Total Time": 5396.366, "Actual Rows": 119765, "Actual Loops": 1, "Inner Unique": true, "Plans": [{"Node Type": "Nested Loop", "Parent Relationship": "Outer", "Join Type": "Inner", "Startup Cost": 0.0, "Total Cost": 441564.57, "Plan Rows": 74637, "Plan Width": 32, "Actual Startup Time": 0.036, "Actual Total Time": 2002.849, "Actual Rows": 395341, "Actual Loops": 1, "Inner Unique": false, "Plans": [{"Node Type": "Seq Scan", "Parent Relationship": "Outer", "Relation Name": "part", "Alias": "part", "Startup Cost": 0.0, "Total Cost": 66944.0, "Plan Rows": 13538, "Plan Width": 8, "Actual Startup Time": 0.015, "Actual Total Time": 768.176, "Actual Rows": 13163, "Actual Loops": 1, "Filter": "((p_type)::text = 'SMALL PLATED COPPER'::text)", "Rows Removed by Filter": 1986837}, {"Node Type": "Index Scan", "Parent Relationship": "Inner", "Scan Direction": "Forward", "Index Name": "idx_lineitem_part_supp", "Relation Name": "lineitem", "Alias": "lineitem", "Startup Cost": 0.0, "Total Cost": 27.61, "Plan Rows": 6, "Plan Width": 40, "Actual Startup Time": 153.5, "Actual Total Time": 1124.19, "Actual Rows": 395341, "Actual Loops": 13163, "Index Cond": "(l_partkey = part.p_partkey)", "Rows Removed by Index Recheck": 0}]}, {"Node Type": "Index Scan", "Parent Relationship": "Inner", "Scan Direction": "Forward", "Index Name": "orders_pkey", "Relation Name": "orders", "Alias": "orders", "Startup Cost": 0.0, "Total Cost": 0.3, "Plan Rows": 1, "Plan Width": 24, "Actual Startup Time": 3157.377, "Actual Total Time": 3157.377, "Actual Rows": 119765, "Actual Loops": 395341, "Index Cond": "(o_orderkey = lineitem.l_orderkey)", "Rows Removed by Index Recheck": 0, "Filter": "((o_orderdate >= '1995-01-01 00:00:00'::timestamp(0) without time zone) AND (o_orderdate <= '1996-12-31 00:00:00'::timestamp(0) without time zone))", "Rows Removed by Filter": 275576}]}, {"Node Type": "Hash", "Parent Relationship": "Inner", "Startup Cost": 3283.0, "Total Cost": 3283.0, "Plan Rows": 100000, "Plan Width": 12, "Actual Startup Time": 66.061, "Actual Total Time": 66.061, "Actual Rows": 100000, "Actual Loops": 1, "Hash Buckets": 131072, "Hash Batches": 1, "Original Hash Batches": 1, "Peak Memory Usage": 4297, "Plans": [{"Node Type": "Seq Scan", "Parent Relationship": "Outer", "Relation Name": "supplier", "Alias": "supplier", "Startup Cost": 0.0, "Total Cost": 3283.0, "Plan Rows": 100000, "Plan Width": 12, "Actual Startup Time": 0.015, "Actual Total Time": 39.607, "Actual Rows": 100000, "Actual Loops": 1}]}]}, {"Node Type": "Index Scan", "Parent Relationship": "Inner", "Scan Direction": "Forward", "Index Name": "customer_pkey", "Relation Name": "customer", "Alias": "customer", "Startup Cost": 0.0, "Total Cost": 0.31, "Plan Rows": 1, "Plan Width": 12, "Actual Startup Time": 825.415, "Actual Total Time": 825.415, "Actual Rows": 119765, "Actual Loops": 119765, "Index Cond": "(c_custkey = orders.o_custkey)", "Rows Removed by Index Recheck": 0}]}, {"Node Type": "Hash", "Parent Relationship": "Inner", "Startup Cost": 2.44, "Total Cost": 2.44, "Plan Rows": 5, "Plan Width": 4, "Actual Startup Time": 0.074, "Actual Total Time": 0.074, "Actual Rows": 5, "Actual Loops": 1, "Hash Buckets": 32768, "Hash Batches": 1, "Original Hash Batches": 1, "Peak Memory Usage": 1, "Plans": [{"Node Type": "Hash Join", "Parent Relationship": "Outer", "Join Type": "Inner", "Startup Cost": 1.07, "Total Cost": 2.44, "Plan Rows": 5, "Plan Width": 4, "Actual Startup Time": 0.06, "Actual Total Time": 0.068, "Actual Rows": 5, "Actual Loops": 1, "Inner Unique": true, "Hash Cond": "(n1.n_regionkey = region.r_regionkey)", "Plans": [{"Node Type": "Seq Scan", "Parent Relationship": "Outer", "Relation Name": "nation", "Alias": "n1", "Startup Cost": 0.0, "Total Cost": 1.25, "Plan Rows": 25, "Plan Width": 8, "Actual Startup Time": 0.011, "Actual Total Time": 0.015, "Actual Rows": 25, "Actual Loops": 1}, {"Node Type": "Hash", "Parent Relationship": "Inner", "Startup Cost": 1.06, "Total Cost": 1.06, "Plan Rows": 1, "Plan Width": 4, "Actual Startup Time": 0.013, "Actual Total Time": 0.013, "Actual Rows": 1, "Actual Loops": 1, "Hash Buckets": 32768, "Hash Batches": 1, "Original Hash Batches": 1, "Peak Memory Usage": 1, "Plans": [{"Node Type": "Seq Scan", "Parent Relationship": "Outer", "Relation Name": "region", "Alias": "region", "Startup Cost": 0.0, "Total Cost": 1.06, "Plan Rows": 1, "Plan Width": 4, "Actual Startup Time": 0.011, "Actual Total Time": 0.012, "Actual Rows": 1, "Actual Loops": 1, "Filter": "(r_name = 'ASIA'::bpchar)", "Rows Removed by Filter": 4}]}]}]}]}, {"Node Type": "Hash", "Parent Relationship": "Inner", "Startup Cost": 1.25, "Total Cost": 1.25, "Plan Rows": 25, "Plan Width": 30, "Actual Startup Time": 0.04, "Actual Total Time": 0.04, "Actual Rows": 25, "Actual Loops": 1, "Hash Buckets": 32768, "Hash Batches": 1, "Original Hash Batches": 1, "Peak Memory Usage": 2, "Plans": [{"Node Type": "Seq Scan", "Parent Relationship": "Outer", "Relation Name": "nation", "Alias": "n2", "Startup Cost": 0.0, "Total Cost": 1.25, "Plan Rows": 25, "Plan Width": 30, "Actual Startup Time": 0.016, "Actual Total Time": 0.023, "Actual Rows": 25, "Actual Loops": 1}]}]}]}]}, "Triggers": [], "Planner Runtime": 5, "Total Runtime": 6590.535, "Unique SQL Id": 3681808042}}, "(16, 97)": {"explain_plan": {"Plan": {"Node Type": "Sort", "Startup Cost": 526963.15, "Total Cost": 526963.18, "Plan Rows": 10, "Plan Width": 66, "Sort Key": ["(date_part('year'::text, orders.o_orderdate))"], "Plans": [{"Node Type": "Aggregate", "Strategy": "Hashed", "Parent Relationship": "Outer", "Startup Cost": 526962.83, "Total Cost": 526962.98, "Plan Rows": 10, "Plan Width": 66, "Group By Key": ["date_part('year'::text, orders.o_orderdate)"], "Plans": [{"Node Type": "Hash Join", "Parent Relationship": "Outer", "Join Type": "Inner", "Startup Cost": 6618.28, "Total Cost": 526843.01, "Plan Rows": 5991, "Plan Width": 50, "Inner Unique": true, "Hash Cond": "(supplier.s_nationkey = n2.n_nationkey)", "Plans": [{"Node Type": "Hash Join", "Parent Relationship": "Outer", "Join Type": "Inner", "Startup Cost": 6605.34, "Total Cost": 526732.72, "Plan Rows": 5991, "Plan Width": 28, "Inner Unique": false, "Hash Cond": "(customer.c_nationkey = n1.n_nationkey)", "Plans": [{"Node Type": "Nested Loop", "Parent Relationship": "Outer", "Join Type": "Inner", "Startup Cost": 6584.54, "Total Cost": 526572.45, "Plan Rows": 29954, "Plan Width": 32, "Inner Unique": true, "Plans": [{"Node Type": "Hash Join", "Parent Relationship": "Outer", "Join Type": "Inner", "Startup Cost": 6584.54, "Total Cost": 510320.57, "Plan Rows": 51198, "Plan Width": 36, "Inner Unique": true, "Hash Cond": "(lineitem.l_suppkey = supplier.s_suppkey)", "Plans": [{"Node Type": "Nested Loop", "Parent Relationship": "Outer", "Join Type": "Inner", "Startup Cost": 0.0, "Total Cost": 503356.69, "Plan Rows": 86479, "Plan Width": 40, "Inner Unique": true, "Plans": [{"Node Type": "Nested Loop", "Parent Relationship": "Outer", "Join Type": "Inner", "Startup Cost": 0.0, "Total Cost": 480423.82, "Plan Rows": 74637, "Plan Width": 32, "Inner Unique": false, "Plans": [{"Node Type": "Index Scan", "Parent Relationship": "Outer", "Scan Direction": "Forward", "Index Name": "part_kpey", "Relation Name": "part", "Alias": "part", "Startup Cost": 0.0, "Total Cost": 105803.25, "Plan Rows": 13538, "Plan Width": 8, "Filter": "((p_type)::text = 'SMALL PLATED COPPER'::text)"}, {"Node Type": "Index Scan", "Parent Relationship": "Inner", "Scan Direction": "Forward", "Index Name": "idx_lineitem_part_supp", "Relation Name": "lineitem", "Alias": "lineitem", "Startup Cost": 0.0, "Total Cost": 27.61, "Plan Rows": 6, "Plan Width": 40, "Index Cond": "(l_partkey = part.p_partkey)"}]}, {"Node Type": "Index Scan", "Parent Relationship": "Inner", "Scan Direction": "Forward", "Index Name": "orders_pkey", "Relation Name": "orders", "Alias": "orders", "Startup Cost": 0.0, "Total Cost": 0.3, "Plan Rows": 1, "Plan Width": 24, "Index Cond": "(o_orderkey = lineitem.l_orderkey)", "Filter": "((o_orderdate >= '1995-01-01 00:00:00'::timestamp(0) without time zone) AND (o_orderdate <= '1996-12-31 00:00:00'::timestamp(0) without time zone))"}]}, {"Node Type": "Hash", "Parent Relationship": "Inner", "Startup Cost": 5334.54, "Total Cost": 5334.54, "Plan Rows": 100000, "Plan Width": 12, "Plans": [{"Node Type": "Index Scan", "Parent Relationship": "Outer", "Scan Direction": "Forward", "Index Name": "supplier_pkey", "Relation Name": "supplier", "Alias": "supplier", "Startup Cost": 0.0, "Total Cost": 5334.54, "Plan Rows": 100000, "Plan Width": 12}]}]}, {"Node Type": "Index Scan", "Parent Relationship": "Inner", "Scan Direction": "Forward", "Index Name": "customer_pkey", "Relation Name": "customer", "Alias": "customer", "Startup Cost": 0.0, "Total Cost": 0.31, "Plan Rows": 1, "Plan Width": 12, "Index Cond": "(c_custkey = orders.o_custkey)"}]}, {"Node Type": "Hash", "Parent Relationship": "Inner", "Startup Cost": 20.74, "Total Cost": 20.74, "Plan Rows": 5, "Plan Width": 4, "Plans": [{"Node Type": "Nested Loop", "Parent Relationship": "Outer", "Join Type": "Inner", "Startup Cost": 0.0, "Total Cost": 20.74, "Plan Rows": 5, "Plan Width": 4, "Inner Unique": false, "Plans": [{"Node Type": "Index Scan", "Parent Relationship": "Outer", "Scan Direction": "Forward", "Index Name": "region_pkey", "Relation Name": "region", "Alias": "region", "Startup Cost": 0.0, "Total Cost": 12.34, "Plan Rows": 1, "Plan Width": 4, "Filter": "(r_name = 'ASIA'::bpchar)"}, {"Node Type": "Index Scan", "Parent Relationship": "Inner", "Scan Direction": "Forward", "Index Name": "idx_nation_regionkey", "Relation Name": "nation", "Alias": "n1", "Startup Cost": 0.0, "Total Cost": 8.35, "Plan Rows": 5, "Plan Width": 8, "Index Cond": "(n_regionkey = region.r_regionkey)"}]}]}]}, {"Node Type": "Hash", "Parent Relationship": "Inner", "Startup Cost": 12.62, "Total Cost": 12.62, "Plan Rows": 25, "Plan Width": 30, "Plans": [{"Node Type": "Index Scan", "Parent Relationship": "Outer", "Scan Direction": "Forward", "Index Name": "nation_pkey", "Relation Name": "nation", "Alias": "n2", "Startup Cost": 0.0, "Total Cost": 12.62, "Plan Rows": 25, "Plan Width": 30}]}]}]}]}, "Unique SQL Id": 3681808042, "Planner Runtime": 5}, "explain_analyze_plan": {"Plan": {"Node Type": "Sort", "Startup Cost": 526963.15, "Total Cost": 526963.18, "Plan Rows": 10, "Plan Width": 66, "Actual Startup Time": 7259.118, "Actual Total Time": 7259.118, "Actual Rows": 2, "Actual Loops": 1, "Sort Key": ["(date_part('year'::text, orders.o_orderdate))"], "Sort Method": "quicksort", "Sort Space Used": 25, "Sort Space Type": "Memory", "Plans": [{"Node Type": "Aggregate", "Strategy": "Hashed", "Parent Relationship": "Outer", "Startup Cost": 526962.83, "Total Cost": 526962.98, "Plan Rows": 10, "Plan Width": 66, "Actual Startup Time": 7259.099, "Actual Total Time": 7259.101, "Actual Rows": 2, "Actual Loops": 1, "Group By Key": ["date_part('year'::text, orders.o_orderdate)"], "Plans": [{"Node Type": "Hash Join", "Parent Relationship": "Outer", "Join Type": "Inner", "Startup Cost": 6618.28, "Total Cost": 526843.01, "Plan Rows": 5991, "Plan Width": 50, "Actual Startup Time": 103.776, "Actual Total Time": 7221.88, "Actual Rows": 23929, "Actual Loops": 1, "Inner Unique": true, "Hash Cond": "(supplier.s_nationkey = n2.n_nationkey)", "Plans": [{"Node Type": "Hash Join", "Parent Relationship": "Outer", "Join Type": "Inner", "Startup Cost": 6605.34, "Total Cost": 526732.72, "Plan Rows": 5991, "Plan Width": 28, "Actual Startup Time": 103.672, "Actual Total Time": 7187.912, "Actual Rows": 23929, "Actual Loops": 1, "Inner Unique": false, "Hash Cond": "(customer.c_nationkey = n1.n_nationkey)", "Plans": [{"Node Type": "Nested Loop", "Parent Relationship": "Outer", "Join Type": "Inner", "Startup Cost": 6584.54, "Total Cost": 526572.45, "Plan Rows": 29954, "Plan Width": 32, "Actual Startup Time": 103.406, "Actual Total Time": 7150.2, "Actual Rows": 119765, "Actual Loops": 1, "Inner Unique": true, "Plans": [{"Node Type": "Hash Join", "Parent Relationship": "Outer", "Join Type": "Inner", "Startup Cost": 6584.54, "Total Cost": 510320.57, "Plan Rows": 51198, "Plan Width": 36, "Actual Startup Time": 103.376, "Actual Total Time": 6218.905, "Actual Rows": 119765, "Actual Loops": 1, "Inner Unique": true, "Hash Cond": "(lineitem.l_suppkey = supplier.s_suppkey)", "Plans": [{"Node Type": "Nested Loop", "Parent Relationship": "Outer", "Join Type": "Inner", "Startup Cost": 0.0, "Total Cost": 503356.69, "Plan Rows": 86479, "Plan Width": 40, "Actual Startup Time": 0.145, "Actual Total Time": 6033.436, "Actual Rows": 119765, "Actual Loops": 1, "Inner Unique": true, "Plans": [{"Node Type": "Nested Loop", "Parent Relationship": "Outer", "Join Type": "Inner", "Startup Cost": 0.0, "Total Cost": 480423.82, "Plan Rows": 74637, "Plan Width": 32, "Actual Startup Time": 0.038, "Actual Total Time": 2610.331, "Actual Rows": 395341, "Actual Loops": 1, "Inner Unique": false, "Plans": [{"Node Type": "Index Scan", "Parent Relationship": "Outer", "Scan Direction": "Forward", "Index Name": "part_kpey", "Relation Name": "part", "Alias": "part", "Startup Cost": 0.0, "Total Cost": 105803.25, "Plan Rows": 13538, "Plan Width": 8, "Actual Startup Time": 0.024, "Actual Total Time": 1364.05, "Actual Rows": 13163, "Actual Loops": 1, "Filter": "((p_type)::text = 'SMALL PLATED COPPER'::text)", "Rows Removed by Filter": 1986837}, {"Node Type": "Index Scan", "Parent Relationship": "Inner", "Scan Direction": "Forward", "Index Name": "idx_lineitem_part_supp", "Relation Name": "lineitem", "Alias": "lineitem", "Startup Cost": 0.0, "Total Cost": 27.61, "Plan Rows": 6, "Plan Width": 40, "Actual Startup Time": 160.318, "Actual Total Time": 1143.093, "Actual Rows": 395341, "Actual Loops": 13163, "Index Cond": "(l_partkey = part.p_partkey)", "Rows Removed by Index Recheck": 0}]}, {"Node Type": "Index Scan", "Parent Relationship": "Inner", "Scan Direction": "Forward", "Index Name": "orders_pkey", "Relation Name": "orders", "Alias": "orders", "Startup Cost": 0.0, "Total Cost": 0.3, "Plan Rows": 1, "Plan Width": 24, "Actual Startup Time": 3189.021, "Actual Total Time": 3189.021, "Actual Rows": 119765, "Actual Loops": 395341, "Index Cond": "(o_orderkey = lineitem.l_orderkey)", "Rows Removed by Index Recheck": 0, "Filter": "((o_orderdate >= '1995-01-01 00:00:00'::timestamp(0) without time zone) AND (o_orderdate <= '1996-12-31 00:00:00'::timestamp(0) without time zone))", "Rows Removed by Filter": 275576}]}, {"Node Type": "Hash", "Parent Relationship": "Inner", "Startup Cost": 5334.54, "Total Cost": 5334.54, "Plan Rows": 100000, "Plan Width": 12, "Actual Startup Time": 103.046, "Actual Total Time": 103.046, "Actual Rows": 100000, "Actual Loops": 1, "Hash Buckets": 131072, "Hash Batches": 1, "Original Hash Batches": 1, "Peak Memory Usage": 4297, "Plans": [{"Node Type": "Index Scan", "Parent Relationship": "Outer", "Scan Direction": "Forward", "Index Name": "supplier_pkey", "Relation Name": "supplier", "Alias": "supplier", "Startup Cost": 0.0, "Total Cost": 5334.54, "Plan Rows": 100000, "Plan Width": 12, "Actual Startup Time": 0.019, "Actual Total Time": 74.651, "Actual Rows": 100000, "Actual Loops": 1}]}]}, {"Node Type": "Index Scan", "Parent Relationship": "Inner", "Scan Direction": "Forward", "Index Name": "customer_pkey", "Relation Name": "customer", "Alias": "customer", "Startup Cost": 0.0, "Total Cost": 0.31, "Plan Rows": 1, "Plan Width": 12, "Actual Startup Time": 819.21, "Actual Total Time": 819.21, "Actual Rows": 119765, "Actual Loops": 119765, "Index Cond": "(c_custkey = orders.o_custkey)", "Rows Removed by Index Recheck": 0}]}, {"Node Type": "Hash", "Parent Relationship": "Inner", "Startup Cost": 20.74, "Total Cost": 20.74, "Plan Rows": 5, "Plan Width": 4, "Actual Startup Time": 0.027, "Actual Total Time": 0.027, "Actual Rows": 5, "Actual Loops": 1, "Hash Buckets": 32768, "Hash Batches": 1, "Original Hash Batches": 1, "Peak Memory Usage": 1, "Plans": [{"Node Type": "Nested Loop", "Parent Relationship": "Outer", "Join Type": "Inner", "Startup Cost": 0.0, "Total Cost": 20.74, "Plan Rows": 5, "Plan Width": 4, "Actual Startup Time": 0.018, "Actual Total Time": 0.024, "Actual Rows": 5, "Actual Loops": 1, "Inner Unique": false, "Plans": [{"Node Type": "Index Scan", "Parent Relationship": "Outer", "Scan Direction": "Forward", "Index Name": "region_pkey", "Relation Name": "region", "Alias": "region", "Startup Cost": 0.0, "Total Cost": 12.34, "Plan Rows": 1, "Plan Width": 4, "Actual Startup Time": 0.009, "Actual Total Time": 0.01, "Actual Rows": 1, "Actual Loops": 1, "Filter": "(r_name = 'ASIA'::bpchar)", "Rows Removed by Filter": 4}, {"Node Type": "Index Scan", "Parent Relationship": "Inner", "Scan Direction": "Forward", "Index Name": "idx_nation_regionkey", "Relation Name": "nation", "Alias": "n1", "Startup Cost": 0.0, "Total Cost": 8.35, "Plan Rows": 5, "Plan Width": 8, "Actual Startup Time": 0.006, "Actual Total Time": 0.007, "Actual Rows": 5, "Actual Loops": 1, "Index Cond": "(n_regionkey = region.r_regionkey)", "Rows Removed by Index Recheck": 0}]}]}]}, {"Node Type": "Hash", "Parent Relationship": "Inner", "Startup Cost": 12.62, "Total Cost": 12.62, "Plan Rows": 25, "Plan Width": 30, "Actual Startup Time": 0.035, "Actual Total Time": 0.035, "Actual Rows": 25, "Actual Loops": 1, "Hash Buckets": 32768, "Hash Batches": 1, "Original Hash Batches": 1, "Peak Memory Usage": 2, "Plans": [{"Node Type": "Index Scan", "Parent Relationship": "Outer", "Scan Direction": "Forward", "Index Name": "nation_pkey", "Relation Name": "nation", "Alias": "n2", "Startup Cost": 0.0, "Total Cost": 12.62, "Plan Rows": 25, "Plan Width": 30, "Actual Startup Time": 0.009, "Actual Total Time": 0.023, "Actual Rows": 25, "Actual Loops": 1}]}]}]}]}, "Triggers": [], "Planner Runtime": 4, "Total Runtime": 7259.535, "Unique SQL Id": 3681808042}}, "(16, 98)": {"explain_plan": {"Plan": {"Node Type": "Sort", "Startup Cost": 816569.87, "Total Cost": 816569.89, "Plan Rows": 10, "Plan Width": 66, "Sort Key": ["(date_part('year'::text, orders.o_orderdate))"], "Plans": [{"Node Type": "Aggregate", "Strategy": "Hashed", "Parent Relationship": "Outer", "Startup Cost": 816569.55, "Total Cost": 816569.7, "Plan Rows": 10, "Plan Width": 66, "Group By Key": ["date_part('year'::text, orders.o_orderdate)"], "Plans": [{"Node Type": "Hash Join", "Parent Relationship": "Outer", "Join Type": "Inner", "Startup Cost": 45453.88, "Total Cost": 816449.73, "Plan Rows": 5991, "Plan Width": 50, "Inner Unique": true, "Hash Cond": "(supplier.s_nationkey = n2.n_nationkey)", "Plans": [{"Node Type": "Hash Join", "Parent Relationship": "Outer", "Join Type": "Inner", "Startup Cost": 45452.32, "Total Cost": 816350.82, "Plan Rows": 5991, "Plan Width": 28, "Inner Unique": false, "Hash Cond": "(orders.o_custkey = customer.c_custkey)", "Plans": [{"Node Type": "Hash Join", "Parent Relationship": "Outer", "Join Type": "Inner", "Startup Cost": 4537.47, "Total Cost": 775184.07, "Plan Rows": 51198, "Plan Width": 36, "Inner Unique": true, "Hash Cond": "(lineitem.l_suppkey = supplier.s_suppkey)", "Plans": [{"Node Type": "Nested Loop", "Parent Relationship": "Outer", "Join Type": "Inner", "Startup Cost": 4.47, "Total Cost": 770271.73, "Plan Rows": 86479, "Plan Width": 40, "Inner Unique": true, "Plans": [{"Node Type": "Nested Loop", "Parent Relationship": "Outer", "Join Type": "Inner", "Startup Cost": 4.21, "Total Cost": 450147.9, "Plan Rows": 74637, "Plan Width": 32, "Inner Unique": false, "Plans": [{"Node Type": "Seq Scan", "Parent Relationship": "Outer", "Relation Name": "part", "Alias": "part", "Startup Cost": 0.0, "Total Cost": 66944.0, "Plan Rows": 13538, "Plan Width": 8, "Filter": "((p_type)::text = 'SMALL PLATED COPPER'::text)"}, {"Node Type": "Bitmap Heap Scan", "Parent Relationship": "Inner", "Relation Name": "lineitem", "Alias": "lineitem", "Startup Cost": 4.21, "Total Cost": 28.25, "Plan Rows": 6, "Plan Width": 40, "Recheck Cond": "(l_partkey = part.p_partkey)", "Plans": [{"Node Type": "Bitmap Index Scan", "Parent Relationship": "Outer", "Index Name": "idx_lineitem_part_supp", "Startup Cost": 0.0, "Total Cost": 4.21, "Plan Rows": 6, "Plan Width": 0, "Index Cond": "(l_partkey = part.p_partkey)"}]}]}, {"Node Type": "Bitmap Heap Scan", "Parent Relationship": "Inner", "Relation Name": "orders", "Alias": "orders", "Startup Cost": 0.26, "Total Cost": 4.28, "Plan Rows": 1, "Plan Width": 24, "Recheck Cond": "(o_orderkey = lineitem.l_orderkey)", "Filter": "((o_orderdate >= '1995-01-01 00:00:00'::timestamp(0) without time zone) AND (o_orderdate <= '1996-12-31 00:00:00'::timestamp(0) without time zone))", "Plans": [{"Node Type": "Bitmap Index Scan", "Parent Relationship": "Outer", "Index Name": "orders_pkey", "Startup Cost": 0.0, "Total Cost": 0.26, "Plan Rows": 1, "Plan Width": 0, "Index Cond": "(o_orderkey = lineitem.l_orderkey)"}]}]}, {"Node Type": "Hash", "Parent Relationship": "Inner", "Startup Cost": 3283.0, "Total Cost": 3283.0, "Plan Rows": 100000, "Plan Width": 12, "Plans": [{"Node Type": "Seq Scan", "Parent Relationship": "Outer", "Relation Name": "supplier", "Alias": "supplier", "Startup Cost": 0.0, "Total Cost": 3283.0, "Plan Rows": 100000, "Plan Width": 12}]}]}, {"Node Type": "Hash", "Parent Relationship": "Inner", "Startup Cost": 37164.85, "Total Cost": 37164.85, "Plan Rows": 300000, "Plan Width": 8, "Plans": [{"Node Type": "Nested Loop", "Parent Relationship": "Outer", "Join Type": "Inner", "Startup Cost": 1031.44, "Total Cost": 37164.85, "Plan Rows": 300000, "Plan Width": 8, "Inner Unique": false, "Plans": [{"Node Type": "Hash Join", "Parent Relationship": "Outer", "Join Type": "Inner", "Startup Cost": 1.07, "Total Cost": 2.44, "Plan Rows": 5, "Plan Width": 4, "Inner Unique": true, "Hash Cond": "(n1.n_regionkey = region.r_regionkey)", "Plans": [{"Node Type": "Seq Scan", "Parent Relationship": "Outer", "Relation Name": "nation", "Alias": "n1", "Startup Cost": 0.0, "Total Cost": 1.25, "Plan Rows": 25, "Plan Width": 8}, {"Node Type": "Hash", "Parent Relationship": "Inner", "Startup Cost": 1.06, "Total Cost": 1.06, "Plan Rows": 1, "Plan Width": 4, "Plans": [{"Node Type": "Seq Scan", "Parent Relationship": "Outer", "Relation Name": "region", "Alias": "region", "Startup Cost": 0.0, "Total Cost": 1.06, "Plan Rows": 1, "Plan Width": 4, "Filter": "(r_name = 'ASIA'::bpchar)"}]}]}, {"Node Type": "Bitmap Heap Scan", "Parent Relationship": "Inner", "Relation Name": "customer", "Alias": "customer", "Startup Cost": 1030.37, "Total Cost": 6832.48, "Plan Rows": 60000, "Plan Width": 12, "Recheck Cond": "(c_nationkey = n1.n_nationkey)", "Plans": [{"Node Type": "Bitmap Index Scan", "Parent Relationship": "Outer", "Index Name": "idx_customer_nationkey", "Startup Cost": 0.0, "Total Cost": 1015.37, "Plan Rows": 60000, "Plan Width": 0, "Index Cond": "(c_nationkey = n1.n_nationkey)"}]}]}]}]}, {"Node Type": "Hash", "Parent Relationship": "Inner", "Startup Cost": 1.25, "Total Cost": 1.25, "Plan Rows": 25, "Plan Width": 30, "Plans": [{"Node Type": "Seq Scan", "Parent Relationship": "Outer", "Relation Name": "nation", "Alias": "n2", "Startup Cost": 0.0, "Total Cost": 1.25, "Plan Rows": 25, "Plan Width": 30}]}]}]}]}, "Unique SQL Id": 3681808042, "Planner Runtime": 6}, "explain_analyze_plan": {"Plan": {"Node Type": "Sort", "Startup Cost": 816569.87, "Total Cost": 816569.89, "Plan Rows": 10, "Plan Width": 66, "Actual Startup Time": 7358.668, "Actual Total Time": 7358.669, "Actual Rows": 2, "Actual Loops": 1, "Sort Key": ["(date_part('year'::text, orders.o_orderdate))"], "Sort Method": "quicksort", "Sort Space Used": 25, "Sort Space Type": "Memory", "Plans": [{"Node Type": "Aggregate", "Strategy": "Hashed", "Parent Relationship": "Outer", "Startup Cost": 816569.55, "Total Cost": 816569.7, "Plan Rows": 10, "Plan Width": 66, "Actual Startup Time": 7358.648, "Actual Total Time": 7358.649, "Actual Rows": 2, "Actual Loops": 1, "Group By Key": ["date_part('year'::text, orders.o_orderdate)"], "Plans": [{"Node Type": "Hash Join", "Parent Relationship": "Outer", "Join Type": "Inner", "Startup Cost": 45453.88, "Total Cost": 816449.73, "Plan Rows": 5991, "Plan Width": 50, "Actual Startup Time": 770.366, "Actual Total Time": 7318.784, "Actual Rows": 23929, "Actual Loops": 1, "Inner Unique": true, "Hash Cond": "(supplier.s_nationkey = n2.n_nationkey)", "Plans": [{"Node Type": "Hash Join", "Parent Relationship": "Outer", "Join Type": "Inner", "Startup Cost": 45452.32, "Total Cost": 816350.82, "Plan Rows": 5991, "Plan Width": 28, "Actual Startup Time": 770.253, "Actual Total Time": 7282.943, "Actual Rows": 23929, "Actual Loops": 1, "Inner Unique": false, "Hash Cond": "(orders.o_custkey = customer.c_custkey)", "Plans": [{"Node Type": "Hash Join", "Parent Relationship": "Outer", "Join Type": "Inner", "Startup Cost": 4537.47, "Total Cost": 775184.07, "Plan Rows": 51198, "Plan Width": 36, "Actual Startup Time": 66.748, "Actual Total Time": 6501.552, "Actual Rows": 119765, "Actual Loops": 1, "Inner Unique": true, "Hash Cond": "(lineitem.l_suppkey = supplier.s_suppkey)", "Plans": [{"Node Type": "Nested Loop", "Parent Relationship": "Outer", "Join Type": "Inner", "Startup Cost": 4.47, "Total Cost": 770271.73, "Plan Rows": 86479, "Plan Width": 40, "Actual Startup Time": 0.113, "Actual Total Time": 6340.536, "Actual Rows": 119765, "Actual Loops": 1, "Inner Unique": true, "Plans": [{"Node Type": "Nested Loop", "Parent Relationship": "Outer", "Join Type": "Inner", "Startup Cost": 4.21, "Total Cost": 450147.9, "Plan Rows": 74637, "Plan Width": 32, "Actual Startup Time": 0.059, "Actual Total Time": 2253.186, "Actual Rows": 395341, "Actual Loops": 1, "Inner Unique": false, "Plans": [{"Node Type": "Seq Scan", "Parent Relationship": "Outer", "Relation Name": "part", "Alias": "part", "Startup Cost": 0.0, "Total Cost": 66944.0, "Plan Rows": 13538, "Plan Width": 8, "Actual Startup Time": 0.018, "Actual Total Time": 766.111, "Actual Rows": 13163, "Actual Loops": 1, "Filter": "((p_type)::text = 'SMALL PLATED COPPER'::text)", "Rows Removed by Filter": 1986837}, {"Node Type": "Bitmap Heap Scan", "Parent Relationship": "Inner", "Relation Name": "lineitem", "Alias": "lineitem", "Startup Cost": 4.21, "Total Cost": 28.25, "Plan Rows": 6, "Plan Width": 40, "Actual Startup Time": 268.936, "Actual Total Time": 1366.26, "Actual Rows": 395341, "Actual Loops": 13163, "Recheck Cond": "(l_partkey = part.p_partkey)", "Rows Removed by Index Recheck": 0, "Exact Heap Blocks": 395337, "Lossy Heap Blocks": 395337, "Plans": [{"Node Type": "Bitmap Index Scan", "Parent Relationship": "Outer", "Index Name": "idx_lineitem_part_supp", "Startup Cost": 0.0, "Total Cost": 4.21, "Plan Rows": 6, "Plan Width": 0, "Actual Startup Time": 170.537, "Actual Total Time": 170.537, "Actual Rows": 395341, "Actual Loops": 13163, "Index Cond": "(l_partkey = part.p_partkey)"}]}]}, {"Node Type": "Bitmap Heap Scan", "Parent Relationship": "Inner", "Relation Name": "orders", "Alias": "orders", "Startup Cost": 0.26, "Total Cost": 4.28, "Plan Rows": 1, "Plan Width": 24, "Actual Startup Time": 3609.99, "Actual Total Time": 3609.99, "Actual Rows": 119765, "Actual Loops": 395341, "Recheck Cond": "(o_orderkey = lineitem.l_orderkey)", "Rows Removed by Index Recheck": 0, "Filter": "((o_orderdate >= '1995-01-01 00:00:00'::timestamp(0) without time zone) AND (o_orderdate <= '1996-12-31 00:00:00'::timestamp(0) without time zone))", "Rows Removed by Filter": 275576, "Exact Heap Blocks": 395341, "Lossy Heap Blocks": 395341, "Plans": [{"Node Type": "Bitmap Index Scan", "Parent Relationship": "Outer", "Index Name": "orders_pkey", "Startup Cost": 0.0, "Total Cost": 0.26, "Plan Rows": 1, "Plan Width": 0, "Actual Startup Time": 2181.487, "Actual Total Time": 2181.487, "Actual Rows": 395341, "Actual Loops": 395341, "Index Cond": "(o_orderkey = lineitem.l_orderkey)"}]}]}, {"Node Type": "Hash", "Parent Relationship": "Inner", "Startup Cost": 3283.0, "Total Cost": 3283.0, "Plan Rows": 100000, "Plan Width": 12, "Actual Startup Time": 66.457, "Actual Total Time": 66.457, "Actual Rows": 100000, "Actual Loops": 1, "Hash Buckets": 131072, "Hash Batches": 1, "Original Hash Batches": 1, "Peak Memory Usage": 4297, "Plans": [{"Node Type": "Seq Scan", "Parent Relationship": "Outer", "Relation Name": "supplier", "Alias": "supplier", "Startup Cost": 0.0, "Total Cost": 3283.0, "Plan Rows": 100000, "Plan Width": 12, "Actual Startup Time": 0.016, "Actual Total Time": 38.866, "Actual Rows": 100000, "Actual Loops": 1}]}]}, {"Node Type": "Hash", "Parent Relationship": "Inner", "Startup Cost": 37164.85, "Total Cost": 37164.85, "Plan Rows": 300000, "Plan Width": 8, "Actual Startup Time": 702.784, "Actual Total Time": 702.784, "Actual Rows": 300270, "Actual Loops": 1, "Hash Buckets": 524288, "Hash Batches": 1, "Original Hash Batches": 1, "Peak Memory Usage": 11730, "Plans": [{"Node Type": "Nested Loop", "Parent Relationship": "Outer", "Join Type": "Inner", "Startup Cost": 1031.44, "Total Cost": 37164.85, "Plan Rows": 300000, "Plan Width": 8, "Actual Startup Time": 21.763, "Actual Total Time": 590.375, "Actual Rows": 300270, "Actual Loops": 1, "Inner Unique": false, "Plans": [{"Node Type": "Hash Join", "Parent Relationship": "Outer", "Join Type": "Inner", "Startup Cost": 1.07, "Total Cost": 2.44, "Plan Rows": 5, "Plan Width": 4, "Actual Startup Time": 0.102, "Actual Total Time": 0.167, "Actual Rows": 5, "Actual Loops": 1, "Inner Unique": true, "Hash Cond": "(n1.n_regionkey = region.r_regionkey)", "Plans": [{"Node Type": "Seq Scan", "Parent Relationship": "Outer", "Relation Name": "nation", "Alias": "n1", "Startup Cost": 0.0, "Total Cost": 1.25, "Plan Rows": 25, "Plan Width": 8, "Actual Startup Time": 0.02, "Actual Total Time": 0.038, "Actual Rows": 25, "Actual Loops": 1}, {"Node Type": "Hash", "Parent Relationship": "Inner", "Startup Cost": 1.06, "Total Cost": 1.06, "Plan Rows": 1, "Plan Width": 4, "Actual Startup Time": 0.019, "Actual Total Time": 0.019, "Actual Rows": 1, "Actual Loops": 1, "Hash Buckets": 32768, "Hash Batches": 1, "Original Hash Batches": 1, "Peak Memory Usage": 1, "Plans": [{"Node Type": "Seq Scan", "Parent Relationship": "Outer", "Relation Name": "region", "Alias": "region", "Startup Cost": 0.0, "Total Cost": 1.06, "Plan Rows": 1, "Plan Width": 4, "Actual Startup Time": 0.013, "Actual Total Time": 0.014, "Actual Rows": 1, "Actual Loops": 1, "Filter": "(r_name = 'ASIA'::bpchar)", "Rows Removed by Filter": 4}]}]}, {"Node Type": "Bitmap Heap Scan", "Parent Relationship": "Inner", "Relation Name": "customer", "Alias": "customer", "Startup Cost": 1030.37, "Total Cost": 6832.48, "Plan Rows": 60000, "Plan Width": 12, "Actual Startup Time": 101.997, "Actual Total Time": 532.217, "Actual Rows": 300270, "Actual Loops": 5, "Recheck Cond": "(c_nationkey = n1.n_nationkey)", "Rows Removed by Index Recheck": 0, "Exact Heap Blocks": 150032, "Lossy Heap Blocks": 150032, "Plans": [{"Node Type": "Bitmap Index Scan", "Parent Relationship": "Outer", "Index Name": "idx_customer_nationkey", "Startup Cost": 0.0, "Total Cost": 1015.37, "Plan Rows": 60000, "Plan Width": 0, "Actual Startup Time": 68.068, "Actual Total Time": 68.068, "Actual Rows": 300270, "Actual Loops": 5, "Index Cond": "(c_nationkey = n1.n_nationkey)"}]}]}]}]}, {"Node Type": "Hash", "Parent Relationship": "Inner", "Startup Cost": 1.25, "Total Cost": 1.25, "Plan Rows": 25, "Plan Width": 30, "Actual Startup Time": 0.032, "Actual Total Time": 0.032, "Actual Rows": 25, "Actual Loops": 1, "Hash Buckets": 32768, "Hash Batches": 1, "Original Hash Batches": 1, "Peak Memory Usage": 2, "Plans": [{"Node Type": "Seq Scan", "Parent Relationship": "Outer", "Relation Name": "nation", "Alias": "n2", "Startup Cost": 0.0, "Total Cost": 1.25, "Plan Rows": 25, "Plan Width": 30, "Actual Startup Time": 0.014, "Actual Total Time": 0.02, "Actual Rows": 25, "Actual Loops": 1}]}]}]}]}, "Triggers": [], "Planner Runtime": 5, "Total Runtime": 7359.233, "Unique SQL Id": 3681808042}}, "(16, 99)": {"explain_plan": {"Plan": {"Node Type": "Sort", "Startup Cost": 66661878.45, "Total Cost": 66661878.48, "Plan Rows": 10, "Plan Width": 66, "Sort Key": ["(date_part('year'::text, orders.o_orderdate))"], "Plans": [{"Node Type": "Aggregate", "Strategy": "Hashed", "Parent Relationship": "Outer", "Startup Cost": 66661878.14, "Total Cost": 66661878.29, "Plan Rows": 10, "Plan Width": 66, "Group By Key": ["date_part('year'::text, orders.o_orderdate)"], "Plans": [{"Node Type": "Nested Loop", "Parent Relationship": "Outer", "Join Type": "Inner", "Startup Cost": 115915.31, "Total Cost": 66661758.32, "Plan Rows": 5991, "Plan Width": 50, "Inner Unique": true, "Plans": [{"Node Type": "Nested Loop", "Parent Relationship": "Outer", "Join Type": "Inner", "Startup Cost": 115915.05, "Total Cost": 66636099.88, "Plan Rows": 5991, "Plan Width": 28, "Inner Unique": true, "Plans": [{"Node Type": "Nested Loop", "Parent Relationship": "Outer", "Join Type": "Inner", "Startup Cost": 115914.79, "Total Cost": 66562068.23, "Plan Rows": 17296, "Plan Width": 32, "Inner Unique": true, "Plans": [{"Node Type": "Nested Loop", "Parent Relationship": "Outer", "Join Type": "Inner", "Startup Cost": 115914.53, "Total Cost": 45938880.46, "Plan Rows": 4814867, "Plan Width": 40, "Inner Unique": false, "Plans": [{"Node Type": "Nested Loop", "Parent Relationship": "Outer", "Join Type": "Inner", "Startup Cost": 115914.01, "Total Cost": 43432501.27, "Plan Rows": 530296, "Plan Width": 16, "Inner Unique": true, "Plans": [{"Node Type": "Nested Loop", "Parent Relationship": "Outer", "Join Type": "Inner", "Startup Cost": 115913.43, "Total Cost": 31228406.3, "Plan Rows": 2651479, "Plan Width": 20, "Inner Unique": true, "Plans": [{"Node Type": "Nested Loop", "Parent Relationship": "Outer", "Join Type": "Inner", "Startup Cost": 115913.17, "Total Cost": 19879399.17, "Plan Rows": 2651479, "Plan Width": 20, "Inner Unique": true, "Plans": [{"Node Type": "Bitmap Heap Scan", "Parent Relationship": "Outer", "Relation Name": "orders", "Alias": "orders", "Startup Cost": 115912.91, "Total Cost": 460311.42, "Plan Rows": 4531967, "Plan Width": 24, "Recheck Cond": "((o_orderdate >= '1995-01-01 00:00:00'::timestamp(0) without time zone) AND (o_orderdate <= '1996-12-31 00:00:00'::timestamp(0) without time zone)), (LLVM Optimized)", "Plans": [{"Node Type": "Bitmap Index Scan", "Parent Relationship": "Outer", "Index Name": "idx_orders_orderdate", "Startup Cost": 0.0, "Total Cost": 114779.92, "Plan Rows": 4531967, "Plan Width": 0, "Index Cond": "((o_orderdate >= '1995-01-01 00:00:00'::timestamp(0) without time zone) AND (o_orderdate <= '1996-12-31 00:00:00'::timestamp(0) without time zone))"}]}, {"Node Type": "Bitmap Heap Scan", "Parent Relationship": "Inner", "Relation Name": "customer", "Alias": "customer", "Startup Cost": 0.26, "Total Cost": 4.27, "Plan Rows": 1, "Plan Width": 12, "Recheck Cond": "(c_custkey = orders.o_custkey)", "Plans": [{"Node Type": "Bitmap Index Scan", "Parent Relationship": "Outer", "Index Name": "customer_pkey", "Startup Cost": 0.0, "Total Cost": 0.26, "Plan Rows": 1, "Plan Width": 0, "Index Cond": "(c_custkey = orders.o_custkey)"}]}]}, {"Node Type": "Bitmap Heap Scan", "Parent Relationship": "Inner", "Relation Name": "nation", "Alias": "n1", "Startup Cost": 0.26, "Total Cost": 4.27, "Plan Rows": 1, "Plan Width": 8, "Recheck Cond": "(n_nationkey = customer.c_nationkey)", "Plans": [{"Node Type": "Bitmap Index Scan", "Parent Relationship": "Outer", "Index Name": "nation_pkey", "Startup Cost": 0.0, "Total Cost": 0.26, "Plan Rows": 1, "Plan Width": 0, "Index Cond": "(n_nationkey = customer.c_nationkey)"}]}]}, {"Node Type": "Bitmap Heap Scan", "Parent Relationship": "Inner", "Relation Name": "region", "Alias": "region", "Startup Cost": 0.58, "Total Cost": 4.59, "Plan Rows": 1, "Plan Width": 4, "Recheck Cond": "(r_regionkey = n1.n_regionkey)", "Filter": "(r_name = 'ASIA'::bpchar)", "Plans": [{"Node Type": "Bitmap Index Scan", "Parent Relationship": "Outer", "Index Name": "region_pkey", "Startup Cost": 0.0, "Total Cost": 0.58, "Plan Rows": 1, "Plan Width": 0, "Index Cond": "(r_regionkey = n1.n_regionkey)"}]}]}, {"Node Type": "Bitmap Heap Scan", "Parent Relationship": "Inner", "Relation Name": "lineitem", "Alias": "lineitem", "Startup Cost": 0.52, "Total Cost": 4.64, "Plan Rows": 9, "Plan Width": 40, "Recheck Cond": "(l_orderkey = orders.o_orderkey)", "Plans": [{"Node Type": "Bitmap Index Scan", "Parent Relationship": "Outer", "Index Name": "idx_lineitem_orderkey", "Startup Cost": 0.0, "Total Cost": 0.52, "Plan Rows": 9, "Plan Width": 0, "Index Cond": "(l_orderkey = orders.o_orderkey)"}]}]}, {"Node Type": "Bitmap Heap Scan", "Parent Relationship": "Inner", "Relation Name": "part", "Alias": "part", "Startup Cost": 0.26, "Total Cost": 4.27, "Plan Rows": 1, "Plan Width": 8, "Recheck Cond": "(p_partkey = lineitem.l_partkey)", "Filter": "((p_type)::text = 'SMALL PLATED COPPER'::text)", "Plans": [{"Node Type": "Bitmap Index Scan", "Parent Relationship": "Outer", "Index Name": "part_kpey", "Startup Cost": 0.0, "Total Cost": 0.26, "Plan Rows": 1, "Plan Width": 0, "Index Cond": "(p_partkey = lineitem.l_partkey)"}]}]}, {"Node Type": "Bitmap Heap Scan", "Parent Relationship": "Inner", "Relation Name": "supplier", "Alias": "supplier", "Startup Cost": 0.26, "Total Cost": 4.27, "Plan Rows": 1, "Plan Width": 12, "Recheck Cond": "(s_suppkey = lineitem.l_suppkey)", "Plans": [{"Node Type": "Bitmap Index Scan", "Parent Relationship": "Outer", "Index Name": "supplier_pkey", "Startup Cost": 0.0, "Total Cost": 0.26, "Plan Rows": 1, "Plan Width": 0, "Index Cond": "(s_suppkey = lineitem.l_suppkey)"}]}]}, {"Node Type": "Bitmap Heap Scan", "Parent Relationship": "Inner", "Relation Name": "nation", "Alias": "n2", "Startup Cost": 0.26, "Total Cost": 4.27, "Plan Rows": 1, "Plan Width": 30, "Recheck Cond": "(n_nationkey = supplier.s_nationkey)", "Plans": [{"Node Type": "Bitmap Index Scan", "Parent Relationship": "Outer", "Index Name": "nation_pkey", "Startup Cost": 0.0, "Total Cost": 0.26, "Plan Rows": 1, "Plan Width": 0, "Index Cond": "(n_nationkey = supplier.s_nationkey)"}]}]}]}]}, "Unique SQL Id": 3681808042, "Planner Runtime": 3}, "explain_analyze_plan": null}, "(16, 100)": {"explain_plan": {"Plan": {"Node Type": "Sort", "Startup Cost": 486022.68, "Total Cost": 486022.71, "Plan Rows": 10, "Plan Width": 66, "Sort Key": ["(date_part('year'::text, orders.o_orderdate))"], "Plans": [{"Node Type": "Aggregate", "Strategy": "Hashed", "Parent Relationship": "Outer", "Startup Cost": 486022.37, "Total Cost": 486022.52, "Plan Rows": 10, "Plan Width": 66, "Group By Key": ["date_part('year'::text, orders.o_orderdate)"], "Plans": [{"Node Type": "Hash Join", "Parent Relationship": "Outer", "Join Type": "Inner", "Startup Cost": 4537.06, "Total Cost": 485902.55, "Plan Rows": 5991, "Plan Width": 50, "Inner Unique": true, "Hash Cond": "(supplier.s_nationkey = n2.n_nationkey)", "Plans": [{"Node Type": "Hash Join", "Parent Relationship": "Outer", "Join Type": "Inner", "Startup Cost": 4535.5, "Total Cost": 485803.63, "Plan Rows": 5991, "Plan Width": 28, "Inner Unique": false, "Hash Cond": "(customer.c_nationkey = n1.n_nationkey)", "Plans": [{"Node Type": "Nested Loop", "Parent Relationship": "Outer", "Join Type": "Inner", "Startup Cost": 4533.0, "Total Cost": 485661.65, "Plan Rows": 29954, "Plan Width": 32, "Inner Unique": true, "Plans": [{"Node Type": "Hash Join", "Parent Relationship": "Outer", "Join Type": "Inner", "Startup Cost": 4533.0, "Total Cost": 469409.78, "Plan Rows": 51198, "Plan Width": 36, "Inner Unique": true, "Hash Cond": "(lineitem.l_suppkey = supplier.s_suppkey)", "Plans": [{"Node Type": "Nested Loop", "Parent Relationship": "Outer", "Join Type": "Inner", "Startup Cost": 0.0, "Total Cost": 464497.44, "Plan Rows": 86479, "Plan Width": 40, "Inner Unique": true, "Plans": [{"Node Type": "Nested Loop", "Parent Relationship": "Outer", "Join Type": "Inner", "Startup Cost": 0.0, "Total Cost": 441564.57, "Plan Rows": 74637, "Plan Width": 32, "Inner Unique": false, "Plans": [{"Node Type": "Seq Scan", "Parent Relationship": "Outer", "Relation Name": "part", "Alias": "part", "Startup Cost": 0.0, "Total Cost": 66944.0, "Plan Rows": 13538, "Plan Width": 8, "Filter": "((p_type)::text = 'SMALL PLATED COPPER'::text)"}, {"Node Type": "Index Scan", "Parent Relationship": "Inner", "Scan Direction": "Forward", "Index Name": "idx_lineitem_part_supp", "Relation Name": "lineitem", "Alias": "lineitem", "Startup Cost": 0.0, "Total Cost": 27.61, "Plan Rows": 6, "Plan Width": 40, "Index Cond": "(l_partkey = part.p_partkey)"}]}, {"Node Type": "Index Scan", "Parent Relationship": "Inner", "Scan Direction": "Forward", "Index Name": "orders_pkey", "Relation Name": "orders", "Alias": "orders", "Startup Cost": 0.0, "Total Cost": 0.3, "Plan Rows": 1, "Plan Width": 24, "Index Cond": "(o_orderkey = lineitem.l_orderkey)", "Filter": "((o_orderdate >= '1995-01-01 00:00:00'::timestamp(0) without time zone) AND (o_orderdate <= '1996-12-31 00:00:00'::timestamp(0) without time zone))"}]}, {"Node Type": "Hash", "Parent Relationship": "Inner", "Startup Cost": 3283.0, "Total Cost": 3283.0, "Plan Rows": 100000, "Plan Width": 12, "Plans": [{"Node Type": "Seq Scan", "Parent Relationship": "Outer", "Relation Name": "supplier", "Alias": "supplier", "Startup Cost": 0.0, "Total Cost": 3283.0, "Plan Rows": 100000, "Plan Width": 12}]}]}, {"Node Type": "Index Scan", "Parent Relationship": "Inner", "Scan Direction": "Forward", "Index Name": "customer_pkey", "Relation Name": "customer", "Alias": "customer", "Startup Cost": 0.0, "Total Cost": 0.31, "Plan Rows": 1, "Plan Width": 12, "Index Cond": "(c_custkey = orders.o_custkey)"}]}, {"Node Type": "Hash", "Parent Relationship": "Inner", "Startup Cost": 2.44, "Total Cost": 2.44, "Plan Rows": 5, "Plan Width": 4, "Plans": [{"Node Type": "Hash Join", "Parent Relationship": "Outer", "Join Type": "Inner", "Startup Cost": 1.07, "Total Cost": 2.44, "Plan Rows": 5, "Plan Width": 4, "Inner Unique": true, "Hash Cond": "(n1.n_regionkey = region.r_regionkey)", "Plans": [{"Node Type": "Seq Scan", "Parent Relationship": "Outer", "Relation Name": "nation", "Alias": "n1", "Startup Cost": 0.0, "Total Cost": 1.25, "Plan Rows": 25, "Plan Width": 8}, {"Node Type": "Hash", "Parent Relationship": "Inner", "Startup Cost": 1.06, "Total Cost": 1.06, "Plan Rows": 1, "Plan Width": 4, "Plans": [{"Node Type": "Seq Scan", "Parent Relationship": "Outer", "Relation Name": "region", "Alias": "region", "Startup Cost": 0.0, "Total Cost": 1.06, "Plan Rows": 1, "Plan Width": 4, "Filter": "(r_name = 'ASIA'::bpchar)"}]}]}]}]}, {"Node Type": "Hash", "Parent Relationship": "Inner", "Startup Cost": 1.25, "Total Cost": 1.25, "Plan Rows": 25, "Plan Width": 30, "Plans": [{"Node Type": "Seq Scan", "Parent Relationship": "Outer", "Relation Name": "nation", "Alias": "n2", "Startup Cost": 0.0, "Total Cost": 1.25, "Plan Rows": 25, "Plan Width": 30}]}]}]}]}, "Unique SQL Id": 3681808042, "Planner Runtime": 5}, "explain_analyze_plan": {"Plan": {"Node Type": "Sort", "Startup Cost": 486022.68, "Total Cost": 486022.71, "Plan Rows": 10, "Plan Width": 66, "Actual Startup Time": 6590.092, "Actual Total Time": 6590.092, "Actual Rows": 2, "Actual Loops": 1, "Sort Key": ["(date_part('year'::text, orders.o_orderdate))"], "Sort Method": "quicksort", "Sort Space Used": 25, "Sort Space Type": "Memory", "Plans": [{"Node Type": "Aggregate", "Strategy": "Hashed", "Parent Relationship": "Outer", "Startup Cost": 486022.37, "Total Cost": 486022.52, "Plan Rows": 10, "Plan Width": 66, "Actual Startup Time": 6590.073, "Actual Total Time": 6590.074, "Actual Rows": 2, "Actual Loops": 1, "Group By Key": ["date_part('year'::text, orders.o_orderdate)"], "Plans": [{"Node Type": "Hash Join", "Parent Relationship": "Outer", "Join Type": "Inner", "Startup Cost": 4537.06, "Total Cost": 485902.55, "Plan Rows": 5991, "Plan Width": 50, "Actual Startup Time": 66.803, "Actual Total Time": 6553.248, "Actual Rows": 23929, "Actual Loops": 1, "Inner Unique": true, "Hash Cond": "(supplier.s_nationkey = n2.n_nationkey)", "Plans": [{"Node Type": "Hash Join", "Parent Relationship": "Outer", "Join Type": "Inner", "Startup Cost": 4535.5, "Total Cost": 485803.63, "Plan Rows": 5991, "Plan Width": 28, "Actual Startup Time": 66.711, "Actual Total Time": 6520.183, "Actual Rows": 23929, "Actual Loops": 1, "Inner Unique": false, "Hash Cond": "(customer.c_nationkey = n1.n_nationkey)", "Plans": [{"Node Type": "Nested Loop", "Parent Relationship": "Outer", "Join Type": "Inner", "Startup Cost": 4533.0, "Total Cost": 485661.65, "Plan Rows": 29954, "Plan Width": 32, "Actual Startup Time": 66.389, "Actual Total Time": 6481.607, "Actual Rows": 119765, "Actual Loops": 1, "Inner Unique": true, "Plans": [{"Node Type": "Hash Join", "Parent Relationship": "Outer", "Join Type": "Inner", "Startup Cost": 4533.0, "Total Cost": 469409.78, "Plan Rows": 51198, "Plan Width": 36, "Actual Startup Time": 66.354, "Actual Total Time": 5548.261, "Actual Rows": 119765, "Actual Loops": 1, "Inner Unique": true, "Hash Cond": "(lineitem.l_suppkey = supplier.s_suppkey)", "Plans": [{"Node Type": "Nested Loop", "Parent Relationship": "Outer", "Join Type": "Inner", "Startup Cost": 0.0, "Total Cost": 464497.44, "Plan Rows": 86479, "Plan Width": 40, "Actual Startup Time": 0.187, "Actual Total Time": 5396.366, "Actual Rows": 119765, "Actual Loops": 1, "Inner Unique": true, "Plans": [{"Node Type": "Nested Loop", "Parent Relationship": "Outer", "Join Type": "Inner", "Startup Cost": 0.0, "Total Cost": 441564.57, "Plan Rows": 74637, "Plan Width": 32, "Actual Startup Time": 0.036, "Actual Total Time": 2002.849, "Actual Rows": 395341, "Actual Loops": 1, "Inner Unique": false, "Plans": [{"Node Type": "Seq Scan", "Parent Relationship": "Outer", "Relation Name": "part", "Alias": "part", "Startup Cost": 0.0, "Total Cost": 66944.0, "Plan Rows": 13538, "Plan Width": 8, "Actual Startup Time": 0.015, "Actual Total Time": 768.176, "Actual Rows": 13163, "Actual Loops": 1, "Filter": "((p_type)::text = 'SMALL PLATED COPPER'::text)", "Rows Removed by Filter": 1986837}, {"Node Type": "Index Scan", "Parent Relationship": "Inner", "Scan Direction": "Forward", "Index Name": "idx_lineitem_part_supp", "Relation Name": "lineitem", "Alias": "lineitem", "Startup Cost": 0.0, "Total Cost": 27.61, "Plan Rows": 6, "Plan Width": 40, "Actual Startup Time": 153.5, "Actual Total Time": 1124.19, "Actual Rows": 395341, "Actual Loops": 13163, "Index Cond": "(l_partkey = part.p_partkey)", "Rows Removed by Index Recheck": 0}]}, {"Node Type": "Index Scan", "Parent Relationship": "Inner", "Scan Direction": "Forward", "Index Name": "orders_pkey", "Relation Name": "orders", "Alias": "orders", "Startup Cost": 0.0, "Total Cost": 0.3, "Plan Rows": 1, "Plan Width": 24, "Actual Startup Time": 3157.377, "Actual Total Time": 3157.377, "Actual Rows": 119765, "Actual Loops": 395341, "Index Cond": "(o_orderkey = lineitem.l_orderkey)", "Rows Removed by Index Recheck": 0, "Filter": "((o_orderdate >= '1995-01-01 00:00:00'::timestamp(0) without time zone) AND (o_orderdate <= '1996-12-31 00:00:00'::timestamp(0) without time zone))", "Rows Removed by Filter": 275576}]}, {"Node Type": "Hash", "Parent Relationship": "Inner", "Startup Cost": 3283.0, "Total Cost": 3283.0, "Plan Rows": 100000, "Plan Width": 12, "Actual Startup Time": 66.061, "Actual Total Time": 66.061, "Actual Rows": 100000, "Actual Loops": 1, "Hash Buckets": 131072, "Hash Batches": 1, "Original Hash Batches": 1, "Peak Memory Usage": 4297, "Plans": [{"Node Type": "Seq Scan", "Parent Relationship": "Outer", "Relation Name": "supplier", "Alias": "supplier", "Startup Cost": 0.0, "Total Cost": 3283.0, "Plan Rows": 100000, "Plan Width": 12, "Actual Startup Time": 0.015, "Actual Total Time": 39.607, "Actual Rows": 100000, "Actual Loops": 1}]}]}, {"Node Type": "Index Scan", "Parent Relationship": "Inner", "Scan Direction": "Forward", "Index Name": "customer_pkey", "Relation Name": "customer", "Alias": "customer", "Startup Cost": 0.0, "Total Cost": 0.31, "Plan Rows": 1, "Plan Width": 12, "Actual Startup Time": 825.415, "Actual Total Time": 825.415, "Actual Rows": 119765, "Actual Loops": 119765, "Index Cond": "(c_custkey = orders.o_custkey)", "Rows Removed by Index Recheck": 0}]}, {"Node Type": "Hash", "Parent Relationship": "Inner", "Startup Cost": 2.44, "Total Cost": 2.44, "Plan Rows": 5, "Plan Width": 4, "Actual Startup Time": 0.074, "Actual Total Time": 0.074, "Actual Rows": 5, "Actual Loops": 1, "Hash Buckets": 32768, "Hash Batches": 1, "Original Hash Batches": 1, "Peak Memory Usage": 1, "Plans": [{"Node Type": "Hash Join", "Parent Relationship": "Outer", "Join Type": "Inner", "Startup Cost": 1.07, "Total Cost": 2.44, "Plan Rows": 5, "Plan Width": 4, "Actual Startup Time": 0.06, "Actual Total Time": 0.068, "Actual Rows": 5, "Actual Loops": 1, "Inner Unique": true, "Hash Cond": "(n1.n_regionkey = region.r_regionkey)", "Plans": [{"Node Type": "Seq Scan", "Parent Relationship": "Outer", "Relation Name": "nation", "Alias": "n1", "Startup Cost": 0.0, "Total Cost": 1.25, "Plan Rows": 25, "Plan Width": 8, "Actual Startup Time": 0.011, "Actual Total Time": 0.015, "Actual Rows": 25, "Actual Loops": 1}, {"Node Type": "Hash", "Parent Relationship": "Inner", "Startup Cost": 1.06, "Total Cost": 1.06, "Plan Rows": 1, "Plan Width": 4, "Actual Startup Time": 0.013, "Actual Total Time": 0.013, "Actual Rows": 1, "Actual Loops": 1, "Hash Buckets": 32768, "Hash Batches": 1, "Original Hash Batches": 1, "Peak Memory Usage": 1, "Plans": [{"Node Type": "Seq Scan", "Parent Relationship": "Outer", "Relation Name": "region", "Alias": "region", "Startup Cost": 0.0, "Total Cost": 1.06, "Plan Rows": 1, "Plan Width": 4, "Actual Startup Time": 0.011, "Actual Total Time": 0.012, "Actual Rows": 1, "Actual Loops": 1, "Filter": "(r_name = 'ASIA'::bpchar)", "Rows Removed by Filter": 4}]}]}]}]}, {"Node Type": "Hash", "Parent Relationship": "Inner", "Startup Cost": 1.25, "Total Cost": 1.25, "Plan Rows": 25, "Plan Width": 30, "Actual Startup Time": 0.04, "Actual Total Time": 0.04, "Actual Rows": 25, "Actual Loops": 1, "Hash Buckets": 32768, "Hash Batches": 1, "Original Hash Batches": 1, "Peak Memory Usage": 2, "Plans": [{"Node Type": "Seq Scan", "Parent Relationship": "Outer", "Relation Name": "nation", "Alias": "n2", "Startup Cost": 0.0, "Total Cost": 1.25, "Plan Rows": 25, "Plan Width": 30, "Actual Startup Time": 0.016, "Actual Total Time": 0.023, "Actual Rows": 25, "Actual Loops": 1}]}]}]}]}, "Triggers": [], "Planner Runtime": 5, "Total Runtime": 6590.535, "Unique SQL Id": 3681808042}}, "(16, 101)": {"explain_plan": {"Plan": {"Node Type": "Sort", "Startup Cost": 526963.15, "Total Cost": 526963.18, "Plan Rows": 10, "Plan Width": 66, "Sort Key": ["(date_part('year'::text, orders.o_orderdate))"], "Plans": [{"Node Type": "Aggregate", "Strategy": "Hashed", "Parent Relationship": "Outer", "Startup Cost": 526962.83, "Total Cost": 526962.98, "Plan Rows": 10, "Plan Width": 66, "Group By Key": ["date_part('year'::text, orders.o_orderdate)"], "Plans": [{"Node Type": "Hash Join", "Parent Relationship": "Outer", "Join Type": "Inner", "Startup Cost": 6618.28, "Total Cost": 526843.01, "Plan Rows": 5991, "Plan Width": 50, "Inner Unique": true, "Hash Cond": "(supplier.s_nationkey = n2.n_nationkey)", "Plans": [{"Node Type": "Hash Join", "Parent Relationship": "Outer", "Join Type": "Inner", "Startup Cost": 6605.34, "Total Cost": 526732.72, "Plan Rows": 5991, "Plan Width": 28, "Inner Unique": false, "Hash Cond": "(customer.c_nationkey = n1.n_nationkey)", "Plans": [{"Node Type": "Nested Loop", "Parent Relationship": "Outer", "Join Type": "Inner", "Startup Cost": 6584.54, "Total Cost": 526572.45, "Plan Rows": 29954, "Plan Width": 32, "Inner Unique": true, "Plans": [{"Node Type": "Hash Join", "Parent Relationship": "Outer", "Join Type": "Inner", "Startup Cost": 6584.54, "Total Cost": 510320.57, "Plan Rows": 51198, "Plan Width": 36, "Inner Unique": true, "Hash Cond": "(lineitem.l_suppkey = supplier.s_suppkey)", "Plans": [{"Node Type": "Nested Loop", "Parent Relationship": "Outer", "Join Type": "Inner", "Startup Cost": 0.0, "Total Cost": 503356.69, "Plan Rows": 86479, "Plan Width": 40, "Inner Unique": true, "Plans": [{"Node Type": "Nested Loop", "Parent Relationship": "Outer", "Join Type": "Inner", "Startup Cost": 0.0, "Total Cost": 480423.82, "Plan Rows": 74637, "Plan Width": 32, "Inner Unique": false, "Plans": [{"Node Type": "Index Scan", "Parent Relationship": "Outer", "Scan Direction": "Forward", "Index Name": "part_kpey", "Relation Name": "part", "Alias": "part", "Startup Cost": 0.0, "Total Cost": 105803.25, "Plan Rows": 13538, "Plan Width": 8, "Filter": "((p_type)::text = 'SMALL PLATED COPPER'::text)"}, {"Node Type": "Index Scan", "Parent Relationship": "Inner", "Scan Direction": "Forward", "Index Name": "idx_lineitem_part_supp", "Relation Name": "lineitem", "Alias": "lineitem", "Startup Cost": 0.0, "Total Cost": 27.61, "Plan Rows": 6, "Plan Width": 40, "Index Cond": "(l_partkey = part.p_partkey)"}]}, {"Node Type": "Index Scan", "Parent Relationship": "Inner", "Scan Direction": "Forward", "Index Name": "orders_pkey", "Relation Name": "orders", "Alias": "orders", "Startup Cost": 0.0, "Total Cost": 0.3, "Plan Rows": 1, "Plan Width": 24, "Index Cond": "(o_orderkey = lineitem.l_orderkey)", "Filter": "((o_orderdate >= '1995-01-01 00:00:00'::timestamp(0) without time zone) AND (o_orderdate <= '1996-12-31 00:00:00'::timestamp(0) without time zone))"}]}, {"Node Type": "Hash", "Parent Relationship": "Inner", "Startup Cost": 5334.54, "Total Cost": 5334.54, "Plan Rows": 100000, "Plan Width": 12, "Plans": [{"Node Type": "Index Scan", "Parent Relationship": "Outer", "Scan Direction": "Forward", "Index Name": "supplier_pkey", "Relation Name": "supplier", "Alias": "supplier", "Startup Cost": 0.0, "Total Cost": 5334.54, "Plan Rows": 100000, "Plan Width": 12}]}]}, {"Node Type": "Index Scan", "Parent Relationship": "Inner", "Scan Direction": "Forward", "Index Name": "customer_pkey", "Relation Name": "customer", "Alias": "customer", "Startup Cost": 0.0, "Total Cost": 0.31, "Plan Rows": 1, "Plan Width": 12, "Index Cond": "(c_custkey = orders.o_custkey)"}]}, {"Node Type": "Hash", "Parent Relationship": "Inner", "Startup Cost": 20.74, "Total Cost": 20.74, "Plan Rows": 5, "Plan Width": 4, "Plans": [{"Node Type": "Nested Loop", "Parent Relationship": "Outer", "Join Type": "Inner", "Startup Cost": 0.0, "Total Cost": 20.74, "Plan Rows": 5, "Plan Width": 4, "Inner Unique": false, "Plans": [{"Node Type": "Index Scan", "Parent Relationship": "Outer", "Scan Direction": "Forward", "Index Name": "region_pkey", "Relation Name": "region", "Alias": "region", "Startup Cost": 0.0, "Total Cost": 12.34, "Plan Rows": 1, "Plan Width": 4, "Filter": "(r_name = 'ASIA'::bpchar)"}, {"Node Type": "Index Scan", "Parent Relationship": "Inner", "Scan Direction": "Forward", "Index Name": "idx_nation_regionkey", "Relation Name": "nation", "Alias": "n1", "Startup Cost": 0.0, "Total Cost": 8.35, "Plan Rows": 5, "Plan Width": 8, "Index Cond": "(n_regionkey = region.r_regionkey)"}]}]}]}, {"Node Type": "Hash", "Parent Relationship": "Inner", "Startup Cost": 12.62, "Total Cost": 12.62, "Plan Rows": 25, "Plan Width": 30, "Plans": [{"Node Type": "Index Scan", "Parent Relationship": "Outer", "Scan Direction": "Forward", "Index Name": "nation_pkey", "Relation Name": "nation", "Alias": "n2", "Startup Cost": 0.0, "Total Cost": 12.62, "Plan Rows": 25, "Plan Width": 30}]}]}]}]}, "Unique SQL Id": 3681808042, "Planner Runtime": 4}, "explain_analyze_plan": {"Plan": {"Node Type": "Sort", "Startup Cost": 526963.15, "Total Cost": 526963.18, "Plan Rows": 10, "Plan Width": 66, "Actual Startup Time": 7259.118, "Actual Total Time": 7259.118, "Actual Rows": 2, "Actual Loops": 1, "Sort Key": ["(date_part('year'::text, orders.o_orderdate))"], "Sort Method": "quicksort", "Sort Space Used": 25, "Sort Space Type": "Memory", "Plans": [{"Node Type": "Aggregate", "Strategy": "Hashed", "Parent Relationship": "Outer", "Startup Cost": 526962.83, "Total Cost": 526962.98, "Plan Rows": 10, "Plan Width": 66, "Actual Startup Time": 7259.099, "Actual Total Time": 7259.101, "Actual Rows": 2, "Actual Loops": 1, "Group By Key": ["date_part('year'::text, orders.o_orderdate)"], "Plans": [{"Node Type": "Hash Join", "Parent Relationship": "Outer", "Join Type": "Inner", "Startup Cost": 6618.28, "Total Cost": 526843.01, "Plan Rows": 5991, "Plan Width": 50, "Actual Startup Time": 103.776, "Actual Total Time": 7221.88, "Actual Rows": 23929, "Actual Loops": 1, "Inner Unique": true, "Hash Cond": "(supplier.s_nationkey = n2.n_nationkey)", "Plans": [{"Node Type": "Hash Join", "Parent Relationship": "Outer", "Join Type": "Inner", "Startup Cost": 6605.34, "Total Cost": 526732.72, "Plan Rows": 5991, "Plan Width": 28, "Actual Startup Time": 103.672, "Actual Total Time": 7187.912, "Actual Rows": 23929, "Actual Loops": 1, "Inner Unique": false, "Hash Cond": "(customer.c_nationkey = n1.n_nationkey)", "Plans": [{"Node Type": "Nested Loop", "Parent Relationship": "Outer", "Join Type": "Inner", "Startup Cost": 6584.54, "Total Cost": 526572.45, "Plan Rows": 29954, "Plan Width": 32, "Actual Startup Time": 103.406, "Actual Total Time": 7150.2, "Actual Rows": 119765, "Actual Loops": 1, "Inner Unique": true, "Plans": [{"Node Type": "Hash Join", "Parent Relationship": "Outer", "Join Type": "Inner", "Startup Cost": 6584.54, "Total Cost": 510320.57, "Plan Rows": 51198, "Plan Width": 36, "Actual Startup Time": 103.376, "Actual Total Time": 6218.905, "Actual Rows": 119765, "Actual Loops": 1, "Inner Unique": true, "Hash Cond": "(lineitem.l_suppkey = supplier.s_suppkey)", "Plans": [{"Node Type": "Nested Loop", "Parent Relationship": "Outer", "Join Type": "Inner", "Startup Cost": 0.0, "Total Cost": 503356.69, "Plan Rows": 86479, "Plan Width": 40, "Actual Startup Time": 0.145, "Actual Total Time": 6033.436, "Actual Rows": 119765, "Actual Loops": 1, "Inner Unique": true, "Plans": [{"Node Type": "Nested Loop", "Parent Relationship": "Outer", "Join Type": "Inner", "Startup Cost": 0.0, "Total Cost": 480423.82, "Plan Rows": 74637, "Plan Width": 32, "Actual Startup Time": 0.038, "Actual Total Time": 2610.331, "Actual Rows": 395341, "Actual Loops": 1, "Inner Unique": false, "Plans": [{"Node Type": "Index Scan", "Parent Relationship": "Outer", "Scan Direction": "Forward", "Index Name": "part_kpey", "Relation Name": "part", "Alias": "part", "Startup Cost": 0.0, "Total Cost": 105803.25, "Plan Rows": 13538, "Plan Width": 8, "Actual Startup Time": 0.024, "Actual Total Time": 1364.05, "Actual Rows": 13163, "Actual Loops": 1, "Filter": "((p_type)::text = 'SMALL PLATED COPPER'::text)", "Rows Removed by Filter": 1986837}, {"Node Type": "Index Scan", "Parent Relationship": "Inner", "Scan Direction": "Forward", "Index Name": "idx_lineitem_part_supp", "Relation Name": "lineitem", "Alias": "lineitem", "Startup Cost": 0.0, "Total Cost": 27.61, "Plan Rows": 6, "Plan Width": 40, "Actual Startup Time": 160.318, "Actual Total Time": 1143.093, "Actual Rows": 395341, "Actual Loops": 13163, "Index Cond": "(l_partkey = part.p_partkey)", "Rows Removed by Index Recheck": 0}]}, {"Node Type": "Index Scan", "Parent Relationship": "Inner", "Scan Direction": "Forward", "Index Name": "orders_pkey", "Relation Name": "orders", "Alias": "orders", "Startup Cost": 0.0, "Total Cost": 0.3, "Plan Rows": 1, "Plan Width": 24, "Actual Startup Time": 3189.021, "Actual Total Time": 3189.021, "Actual Rows": 119765, "Actual Loops": 395341, "Index Cond": "(o_orderkey = lineitem.l_orderkey)", "Rows Removed by Index Recheck": 0, "Filter": "((o_orderdate >= '1995-01-01 00:00:00'::timestamp(0) without time zone) AND (o_orderdate <= '1996-12-31 00:00:00'::timestamp(0) without time zone))", "Rows Removed by Filter": 275576}]}, {"Node Type": "Hash", "Parent Relationship": "Inner", "Startup Cost": 5334.54, "Total Cost": 5334.54, "Plan Rows": 100000, "Plan Width": 12, "Actual Startup Time": 103.046, "Actual Total Time": 103.046, "Actual Rows": 100000, "Actual Loops": 1, "Hash Buckets": 131072, "Hash Batches": 1, "Original Hash Batches": 1, "Peak Memory Usage": 4297, "Plans": [{"Node Type": "Index Scan", "Parent Relationship": "Outer", "Scan Direction": "Forward", "Index Name": "supplier_pkey", "Relation Name": "supplier", "Alias": "supplier", "Startup Cost": 0.0, "Total Cost": 5334.54, "Plan Rows": 100000, "Plan Width": 12, "Actual Startup Time": 0.019, "Actual Total Time": 74.651, "Actual Rows": 100000, "Actual Loops": 1}]}]}, {"Node Type": "Index Scan", "Parent Relationship": "Inner", "Scan Direction": "Forward", "Index Name": "customer_pkey", "Relation Name": "customer", "Alias": "customer", "Startup Cost": 0.0, "Total Cost": 0.31, "Plan Rows": 1, "Plan Width": 12, "Actual Startup Time": 819.21, "Actual Total Time": 819.21, "Actual Rows": 119765, "Actual Loops": 119765, "Index Cond": "(c_custkey = orders.o_custkey)", "Rows Removed by Index Recheck": 0}]}, {"Node Type": "Hash", "Parent Relationship": "Inner", "Startup Cost": 20.74, "Total Cost": 20.74, "Plan Rows": 5, "Plan Width": 4, "Actual Startup Time": 0.027, "Actual Total Time": 0.027, "Actual Rows": 5, "Actual Loops": 1, "Hash Buckets": 32768, "Hash Batches": 1, "Original Hash Batches": 1, "Peak Memory Usage": 1, "Plans": [{"Node Type": "Nested Loop", "Parent Relationship": "Outer", "Join Type": "Inner", "Startup Cost": 0.0, "Total Cost": 20.74, "Plan Rows": 5, "Plan Width": 4, "Actual Startup Time": 0.018, "Actual Total Time": 0.024, "Actual Rows": 5, "Actual Loops": 1, "Inner Unique": false, "Plans": [{"Node Type": "Index Scan", "Parent Relationship": "Outer", "Scan Direction": "Forward", "Index Name": "region_pkey", "Relation Name": "region", "Alias": "region", "Startup Cost": 0.0, "Total Cost": 12.34, "Plan Rows": 1, "Plan Width": 4, "Actual Startup Time": 0.009, "Actual Total Time": 0.01, "Actual Rows": 1, "Actual Loops": 1, "Filter": "(r_name = 'ASIA'::bpchar)", "Rows Removed by Filter": 4}, {"Node Type": "Index Scan", "Parent Relationship": "Inner", "Scan Direction": "Forward", "Index Name": "idx_nation_regionkey", "Relation Name": "nation", "Alias": "n1", "Startup Cost": 0.0, "Total Cost": 8.35, "Plan Rows": 5, "Plan Width": 8, "Actual Startup Time": 0.006, "Actual Total Time": 0.007, "Actual Rows": 5, "Actual Loops": 1, "Index Cond": "(n_regionkey = region.r_regionkey)", "Rows Removed by Index Recheck": 0}]}]}]}, {"Node Type": "Hash", "Parent Relationship": "Inner", "Startup Cost": 12.62, "Total Cost": 12.62, "Plan Rows": 25, "Plan Width": 30, "Actual Startup Time": 0.035, "Actual Total Time": 0.035, "Actual Rows": 25, "Actual Loops": 1, "Hash Buckets": 32768, "Hash Batches": 1, "Original Hash Batches": 1, "Peak Memory Usage": 2, "Plans": [{"Node Type": "Index Scan", "Parent Relationship": "Outer", "Scan Direction": "Forward", "Index Name": "nation_pkey", "Relation Name": "nation", "Alias": "n2", "Startup Cost": 0.0, "Total Cost": 12.62, "Plan Rows": 25, "Plan Width": 30, "Actual Startup Time": 0.009, "Actual Total Time": 0.023, "Actual Rows": 25, "Actual Loops": 1}]}]}]}]}, "Triggers": [], "Planner Runtime": 4, "Total Runtime": 7259.535, "Unique SQL Id": 3681808042}}, "(16, 102)": {"explain_plan": {"Plan": {"Node Type": "Sort", "Startup Cost": 816569.87, "Total Cost": 816569.89, "Plan Rows": 10, "Plan Width": 66, "Sort Key": ["(date_part('year'::text, orders.o_orderdate))"], "Plans": [{"Node Type": "Aggregate", "Strategy": "Hashed", "Parent Relationship": "Outer", "Startup Cost": 816569.55, "Total Cost": 816569.7, "Plan Rows": 10, "Plan Width": 66, "Group By Key": ["date_part('year'::text, orders.o_orderdate)"], "Plans": [{"Node Type": "Hash Join", "Parent Relationship": "Outer", "Join Type": "Inner", "Startup Cost": 45453.88, "Total Cost": 816449.73, "Plan Rows": 5991, "Plan Width": 50, "Inner Unique": true, "Hash Cond": "(supplier.s_nationkey = n2.n_nationkey)", "Plans": [{"Node Type": "Hash Join", "Parent Relationship": "Outer", "Join Type": "Inner", "Startup Cost": 45452.32, "Total Cost": 816350.82, "Plan Rows": 5991, "Plan Width": 28, "Inner Unique": false, "Hash Cond": "(orders.o_custkey = customer.c_custkey)", "Plans": [{"Node Type": "Hash Join", "Parent Relationship": "Outer", "Join Type": "Inner", "Startup Cost": 4537.47, "Total Cost": 775184.07, "Plan Rows": 51198, "Plan Width": 36, "Inner Unique": true, "Hash Cond": "(lineitem.l_suppkey = supplier.s_suppkey)", "Plans": [{"Node Type": "Nested Loop", "Parent Relationship": "Outer", "Join Type": "Inner", "Startup Cost": 4.47, "Total Cost": 770271.73, "Plan Rows": 86479, "Plan Width": 40, "Inner Unique": true, "Plans": [{"Node Type": "Nested Loop", "Parent Relationship": "Outer", "Join Type": "Inner", "Startup Cost": 4.21, "Total Cost": 450147.9, "Plan Rows": 74637, "Plan Width": 32, "Inner Unique": false, "Plans": [{"Node Type": "Seq Scan", "Parent Relationship": "Outer", "Relation Name": "part", "Alias": "part", "Startup Cost": 0.0, "Total Cost": 66944.0, "Plan Rows": 13538, "Plan Width": 8, "Filter": "((p_type)::text = 'SMALL PLATED COPPER'::text)"}, {"Node Type": "Bitmap Heap Scan", "Parent Relationship": "Inner", "Relation Name": "lineitem", "Alias": "lineitem", "Startup Cost": 4.21, "Total Cost": 28.25, "Plan Rows": 6, "Plan Width": 40, "Recheck Cond": "(l_partkey = part.p_partkey)", "Plans": [{"Node Type": "Bitmap Index Scan", "Parent Relationship": "Outer", "Index Name": "idx_lineitem_part_supp", "Startup Cost": 0.0, "Total Cost": 4.21, "Plan Rows": 6, "Plan Width": 0, "Index Cond": "(l_partkey = part.p_partkey)"}]}]}, {"Node Type": "Bitmap Heap Scan", "Parent Relationship": "Inner", "Relation Name": "orders", "Alias": "orders", "Startup Cost": 0.26, "Total Cost": 4.28, "Plan Rows": 1, "Plan Width": 24, "Recheck Cond": "(o_orderkey = lineitem.l_orderkey)", "Filter": "((o_orderdate >= '1995-01-01 00:00:00'::timestamp(0) without time zone) AND (o_orderdate <= '1996-12-31 00:00:00'::timestamp(0) without time zone))", "Plans": [{"Node Type": "Bitmap Index Scan", "Parent Relationship": "Outer", "Index Name": "orders_pkey", "Startup Cost": 0.0, "Total Cost": 0.26, "Plan Rows": 1, "Plan Width": 0, "Index Cond": "(o_orderkey = lineitem.l_orderkey)"}]}]}, {"Node Type": "Hash", "Parent Relationship": "Inner", "Startup Cost": 3283.0, "Total Cost": 3283.0, "Plan Rows": 100000, "Plan Width": 12, "Plans": [{"Node Type": "Seq Scan", "Parent Relationship": "Outer", "Relation Name": "supplier", "Alias": "supplier", "Startup Cost": 0.0, "Total Cost": 3283.0, "Plan Rows": 100000, "Plan Width": 12}]}]}, {"Node Type": "Hash", "Parent Relationship": "Inner", "Startup Cost": 37164.85, "Total Cost": 37164.85, "Plan Rows": 300000, "Plan Width": 8, "Plans": [{"Node Type": "Nested Loop", "Parent Relationship": "Outer", "Join Type": "Inner", "Startup Cost": 1031.44, "Total Cost": 37164.85, "Plan Rows": 300000, "Plan Width": 8, "Inner Unique": false, "Plans": [{"Node Type": "Hash Join", "Parent Relationship": "Outer", "Join Type": "Inner", "Startup Cost": 1.07, "Total Cost": 2.44, "Plan Rows": 5, "Plan Width": 4, "Inner Unique": true, "Hash Cond": "(n1.n_regionkey = region.r_regionkey)", "Plans": [{"Node Type": "Seq Scan", "Parent Relationship": "Outer", "Relation Name": "nation", "Alias": "n1", "Startup Cost": 0.0, "Total Cost": 1.25, "Plan Rows": 25, "Plan Width": 8}, {"Node Type": "Hash", "Parent Relationship": "Inner", "Startup Cost": 1.06, "Total Cost": 1.06, "Plan Rows": 1, "Plan Width": 4, "Plans": [{"Node Type": "Seq Scan", "Parent Relationship": "Outer", "Relation Name": "region", "Alias": "region", "Startup Cost": 0.0, "Total Cost": 1.06, "Plan Rows": 1, "Plan Width": 4, "Filter": "(r_name = 'ASIA'::bpchar)"}]}]}, {"Node Type": "Bitmap Heap Scan", "Parent Relationship": "Inner", "Relation Name": "customer", "Alias": "customer", "Startup Cost": 1030.37, "Total Cost": 6832.48, "Plan Rows": 60000, "Plan Width": 12, "Recheck Cond": "(c_nationkey = n1.n_nationkey)", "Plans": [{"Node Type": "Bitmap Index Scan", "Parent Relationship": "Outer", "Index Name": "idx_customer_nationkey", "Startup Cost": 0.0, "Total Cost": 1015.37, "Plan Rows": 60000, "Plan Width": 0, "Index Cond": "(c_nationkey = n1.n_nationkey)"}]}]}]}]}, {"Node Type": "Hash", "Parent Relationship": "Inner", "Startup Cost": 1.25, "Total Cost": 1.25, "Plan Rows": 25, "Plan Width": 30, "Plans": [{"Node Type": "Seq Scan", "Parent Relationship": "Outer", "Relation Name": "nation", "Alias": "n2", "Startup Cost": 0.0, "Total Cost": 1.25, "Plan Rows": 25, "Plan Width": 30}]}]}]}]}, "Unique SQL Id": 3681808042, "Planner Runtime": 5}, "explain_analyze_plan": {"Plan": {"Node Type": "Sort", "Startup Cost": 816569.87, "Total Cost": 816569.89, "Plan Rows": 10, "Plan Width": 66, "Actual Startup Time": 7358.668, "Actual Total Time": 7358.669, "Actual Rows": 2, "Actual Loops": 1, "Sort Key": ["(date_part('year'::text, orders.o_orderdate))"], "Sort Method": "quicksort", "Sort Space Used": 25, "Sort Space Type": "Memory", "Plans": [{"Node Type": "Aggregate", "Strategy": "Hashed", "Parent Relationship": "Outer", "Startup Cost": 816569.55, "Total Cost": 816569.7, "Plan Rows": 10, "Plan Width": 66, "Actual Startup Time": 7358.648, "Actual Total Time": 7358.649, "Actual Rows": 2, "Actual Loops": 1, "Group By Key": ["date_part('year'::text, orders.o_orderdate)"], "Plans": [{"Node Type": "Hash Join", "Parent Relationship": "Outer", "Join Type": "Inner", "Startup Cost": 45453.88, "Total Cost": 816449.73, "Plan Rows": 5991, "Plan Width": 50, "Actual Startup Time": 770.366, "Actual Total Time": 7318.784, "Actual Rows": 23929, "Actual Loops": 1, "Inner Unique": true, "Hash Cond": "(supplier.s_nationkey = n2.n_nationkey)", "Plans": [{"Node Type": "Hash Join", "Parent Relationship": "Outer", "Join Type": "Inner", "Startup Cost": 45452.32, "Total Cost": 816350.82, "Plan Rows": 5991, "Plan Width": 28, "Actual Startup Time": 770.253, "Actual Total Time": 7282.943, "Actual Rows": 23929, "Actual Loops": 1, "Inner Unique": false, "Hash Cond": "(orders.o_custkey = customer.c_custkey)", "Plans": [{"Node Type": "Hash Join", "Parent Relationship": "Outer", "Join Type": "Inner", "Startup Cost": 4537.47, "Total Cost": 775184.07, "Plan Rows": 51198, "Plan Width": 36, "Actual Startup Time": 66.748, "Actual Total Time": 6501.552, "Actual Rows": 119765, "Actual Loops": 1, "Inner Unique": true, "Hash Cond": "(lineitem.l_suppkey = supplier.s_suppkey)", "Plans": [{"Node Type": "Nested Loop", "Parent Relationship": "Outer", "Join Type": "Inner", "Startup Cost": 4.47, "Total Cost": 770271.73, "Plan Rows": 86479, "Plan Width": 40, "Actual Startup Time": 0.113, "Actual Total Time": 6340.536, "Actual Rows": 119765, "Actual Loops": 1, "Inner Unique": true, "Plans": [{"Node Type": "Nested Loop", "Parent Relationship": "Outer", "Join Type": "Inner", "Startup Cost": 4.21, "Total Cost": 450147.9, "Plan Rows": 74637, "Plan Width": 32, "Actual Startup Time": 0.059, "Actual Total Time": 2253.186, "Actual Rows": 395341, "Actual Loops": 1, "Inner Unique": false, "Plans": [{"Node Type": "Seq Scan", "Parent Relationship": "Outer", "Relation Name": "part", "Alias": "part", "Startup Cost": 0.0, "Total Cost": 66944.0, "Plan Rows": 13538, "Plan Width": 8, "Actual Startup Time": 0.018, "Actual Total Time": 766.111, "Actual Rows": 13163, "Actual Loops": 1, "Filter": "((p_type)::text = 'SMALL PLATED COPPER'::text)", "Rows Removed by Filter": 1986837}, {"Node Type": "Bitmap Heap Scan", "Parent Relationship": "Inner", "Relation Name": "lineitem", "Alias": "lineitem", "Startup Cost": 4.21, "Total Cost": 28.25, "Plan Rows": 6, "Plan Width": 40, "Actual Startup Time": 268.936, "Actual Total Time": 1366.26, "Actual Rows": 395341, "Actual Loops": 13163, "Recheck Cond": "(l_partkey = part.p_partkey)", "Rows Removed by Index Recheck": 0, "Exact Heap Blocks": 395337, "Lossy Heap Blocks": 395337, "Plans": [{"Node Type": "Bitmap Index Scan", "Parent Relationship": "Outer", "Index Name": "idx_lineitem_part_supp", "Startup Cost": 0.0, "Total Cost": 4.21, "Plan Rows": 6, "Plan Width": 0, "Actual Startup Time": 170.537, "Actual Total Time": 170.537, "Actual Rows": 395341, "Actual Loops": 13163, "Index Cond": "(l_partkey = part.p_partkey)"}]}]}, {"Node Type": "Bitmap Heap Scan", "Parent Relationship": "Inner", "Relation Name": "orders", "Alias": "orders", "Startup Cost": 0.26, "Total Cost": 4.28, "Plan Rows": 1, "Plan Width": 24, "Actual Startup Time": 3609.99, "Actual Total Time": 3609.99, "Actual Rows": 119765, "Actual Loops": 395341, "Recheck Cond": "(o_orderkey = lineitem.l_orderkey)", "Rows Removed by Index Recheck": 0, "Filter": "((o_orderdate >= '1995-01-01 00:00:00'::timestamp(0) without time zone) AND (o_orderdate <= '1996-12-31 00:00:00'::timestamp(0) without time zone))", "Rows Removed by Filter": 275576, "Exact Heap Blocks": 395341, "Lossy Heap Blocks": 395341, "Plans": [{"Node Type": "Bitmap Index Scan", "Parent Relationship": "Outer", "Index Name": "orders_pkey", "Startup Cost": 0.0, "Total Cost": 0.26, "Plan Rows": 1, "Plan Width": 0, "Actual Startup Time": 2181.487, "Actual Total Time": 2181.487, "Actual Rows": 395341, "Actual Loops": 395341, "Index Cond": "(o_orderkey = lineitem.l_orderkey)"}]}]}, {"Node Type": "Hash", "Parent Relationship": "Inner", "Startup Cost": 3283.0, "Total Cost": 3283.0, "Plan Rows": 100000, "Plan Width": 12, "Actual Startup Time": 66.457, "Actual Total Time": 66.457, "Actual Rows": 100000, "Actual Loops": 1, "Hash Buckets": 131072, "Hash Batches": 1, "Original Hash Batches": 1, "Peak Memory Usage": 4297, "Plans": [{"Node Type": "Seq Scan", "Parent Relationship": "Outer", "Relation Name": "supplier", "Alias": "supplier", "Startup Cost": 0.0, "Total Cost": 3283.0, "Plan Rows": 100000, "Plan Width": 12, "Actual Startup Time": 0.016, "Actual Total Time": 38.866, "Actual Rows": 100000, "Actual Loops": 1}]}]}, {"Node Type": "Hash", "Parent Relationship": "Inner", "Startup Cost": 37164.85, "Total Cost": 37164.85, "Plan Rows": 300000, "Plan Width": 8, "Actual Startup Time": 702.784, "Actual Total Time": 702.784, "Actual Rows": 300270, "Actual Loops": 1, "Hash Buckets": 524288, "Hash Batches": 1, "Original Hash Batches": 1, "Peak Memory Usage": 11730, "Plans": [{"Node Type": "Nested Loop", "Parent Relationship": "Outer", "Join Type": "Inner", "Startup Cost": 1031.44, "Total Cost": 37164.85, "Plan Rows": 300000, "Plan Width": 8, "Actual Startup Time": 21.763, "Actual Total Time": 590.375, "Actual Rows": 300270, "Actual Loops": 1, "Inner Unique": false, "Plans": [{"Node Type": "Hash Join", "Parent Relationship": "Outer", "Join Type": "Inner", "Startup Cost": 1.07, "Total Cost": 2.44, "Plan Rows": 5, "Plan Width": 4, "Actual Startup Time": 0.102, "Actual Total Time": 0.167, "Actual Rows": 5, "Actual Loops": 1, "Inner Unique": true, "Hash Cond": "(n1.n_regionkey = region.r_regionkey)", "Plans": [{"Node Type": "Seq Scan", "Parent Relationship": "Outer", "Relation Name": "nation", "Alias": "n1", "Startup Cost": 0.0, "Total Cost": 1.25, "Plan Rows": 25, "Plan Width": 8, "Actual Startup Time": 0.02, "Actual Total Time": 0.038, "Actual Rows": 25, "Actual Loops": 1}, {"Node Type": "Hash", "Parent Relationship": "Inner", "Startup Cost": 1.06, "Total Cost": 1.06, "Plan Rows": 1, "Plan Width": 4, "Actual Startup Time": 0.019, "Actual Total Time": 0.019, "Actual Rows": 1, "Actual Loops": 1, "Hash Buckets": 32768, "Hash Batches": 1, "Original Hash Batches": 1, "Peak Memory Usage": 1, "Plans": [{"Node Type": "Seq Scan", "Parent Relationship": "Outer", "Relation Name": "region", "Alias": "region", "Startup Cost": 0.0, "Total Cost": 1.06, "Plan Rows": 1, "Plan Width": 4, "Actual Startup Time": 0.013, "Actual Total Time": 0.014, "Actual Rows": 1, "Actual Loops": 1, "Filter": "(r_name = 'ASIA'::bpchar)", "Rows Removed by Filter": 4}]}]}, {"Node Type": "Bitmap Heap Scan", "Parent Relationship": "Inner", "Relation Name": "customer", "Alias": "customer", "Startup Cost": 1030.37, "Total Cost": 6832.48, "Plan Rows": 60000, "Plan Width": 12, "Actual Startup Time": 101.997, "Actual Total Time": 532.217, "Actual Rows": 300270, "Actual Loops": 5, "Recheck Cond": "(c_nationkey = n1.n_nationkey)", "Rows Removed by Index Recheck": 0, "Exact Heap Blocks": 150032, "Lossy Heap Blocks": 150032, "Plans": [{"Node Type": "Bitmap Index Scan", "Parent Relationship": "Outer", "Index Name": "idx_customer_nationkey", "Startup Cost": 0.0, "Total Cost": 1015.37, "Plan Rows": 60000, "Plan Width": 0, "Actual Startup Time": 68.068, "Actual Total Time": 68.068, "Actual Rows": 300270, "Actual Loops": 5, "Index Cond": "(c_nationkey = n1.n_nationkey)"}]}]}]}]}, {"Node Type": "Hash", "Parent Relationship": "Inner", "Startup Cost": 1.25, "Total Cost": 1.25, "Plan Rows": 25, "Plan Width": 30, "Actual Startup Time": 0.032, "Actual Total Time": 0.032, "Actual Rows": 25, "Actual Loops": 1, "Hash Buckets": 32768, "Hash Batches": 1, "Original Hash Batches": 1, "Peak Memory Usage": 2, "Plans": [{"Node Type": "Seq Scan", "Parent Relationship": "Outer", "Relation Name": "nation", "Alias": "n2", "Startup Cost": 0.0, "Total Cost": 1.25, "Plan Rows": 25, "Plan Width": 30, "Actual Startup Time": 0.014, "Actual Total Time": 0.02, "Actual Rows": 25, "Actual Loops": 1}]}]}]}]}, "Triggers": [], "Planner Runtime": 5, "Total Runtime": 7359.233, "Unique SQL Id": 3681808042}}, "(16, 103)": {"explain_plan": {"Plan": {"Node Type": "Sort", "Startup Cost": 66661878.45, "Total Cost": 66661878.48, "Plan Rows": 10, "Plan Width": 66, "Sort Key": ["(date_part('year'::text, orders.o_orderdate))"], "Plans": [{"Node Type": "Aggregate", "Strategy": "Hashed", "Parent Relationship": "Outer", "Startup Cost": 66661878.14, "Total Cost": 66661878.29, "Plan Rows": 10, "Plan Width": 66, "Group By Key": ["date_part('year'::text, orders.o_orderdate)"], "Plans": [{"Node Type": "Nested Loop", "Parent Relationship": "Outer", "Join Type": "Inner", "Startup Cost": 115915.31, "Total Cost": 66661758.32, "Plan Rows": 5991, "Plan Width": 50, "Inner Unique": true, "Plans": [{"Node Type": "Nested Loop", "Parent Relationship": "Outer", "Join Type": "Inner", "Startup Cost": 115915.05, "Total Cost": 66636099.88, "Plan Rows": 5991, "Plan Width": 28, "Inner Unique": true, "Plans": [{"Node Type": "Nested Loop", "Parent Relationship": "Outer", "Join Type": "Inner", "Startup Cost": 115914.79, "Total Cost": 66562068.23, "Plan Rows": 17296, "Plan Width": 32, "Inner Unique": true, "Plans": [{"Node Type": "Nested Loop", "Parent Relationship": "Outer", "Join Type": "Inner", "Startup Cost": 115914.53, "Total Cost": 45938880.46, "Plan Rows": 4814867, "Plan Width": 40, "Inner Unique": false, "Plans": [{"Node Type": "Nested Loop", "Parent Relationship": "Outer", "Join Type": "Inner", "Startup Cost": 115914.01, "Total Cost": 43432501.27, "Plan Rows": 530296, "Plan Width": 16, "Inner Unique": true, "Plans": [{"Node Type": "Nested Loop", "Parent Relationship": "Outer", "Join Type": "Inner", "Startup Cost": 115913.43, "Total Cost": 31228406.3, "Plan Rows": 2651479, "Plan Width": 20, "Inner Unique": true, "Plans": [{"Node Type": "Nested Loop", "Parent Relationship": "Outer", "Join Type": "Inner", "Startup Cost": 115913.17, "Total Cost": 19879399.17, "Plan Rows": 2651479, "Plan Width": 20, "Inner Unique": true, "Plans": [{"Node Type": "Bitmap Heap Scan", "Parent Relationship": "Outer", "Relation Name": "orders", "Alias": "orders", "Startup Cost": 115912.91, "Total Cost": 460311.42, "Plan Rows": 4531967, "Plan Width": 24, "Recheck Cond": "((o_orderdate >= '1995-01-01 00:00:00'::timestamp(0) without time zone) AND (o_orderdate <= '1996-12-31 00:00:00'::timestamp(0) without time zone)), (LLVM Optimized)", "Plans": [{"Node Type": "Bitmap Index Scan", "Parent Relationship": "Outer", "Index Name": "idx_orders_orderdate", "Startup Cost": 0.0, "Total Cost": 114779.92, "Plan Rows": 4531967, "Plan Width": 0, "Index Cond": "((o_orderdate >= '1995-01-01 00:00:00'::timestamp(0) without time zone) AND (o_orderdate <= '1996-12-31 00:00:00'::timestamp(0) without time zone))"}]}, {"Node Type": "Bitmap Heap Scan", "Parent Relationship": "Inner", "Relation Name": "customer", "Alias": "customer", "Startup Cost": 0.26, "Total Cost": 4.27, "Plan Rows": 1, "Plan Width": 12, "Recheck Cond": "(c_custkey = orders.o_custkey)", "Plans": [{"Node Type": "Bitmap Index Scan", "Parent Relationship": "Outer", "Index Name": "customer_pkey", "Startup Cost": 0.0, "Total Cost": 0.26, "Plan Rows": 1, "Plan Width": 0, "Index Cond": "(c_custkey = orders.o_custkey)"}]}]}, {"Node Type": "Bitmap Heap Scan", "Parent Relationship": "Inner", "Relation Name": "nation", "Alias": "n1", "Startup Cost": 0.26, "Total Cost": 4.27, "Plan Rows": 1, "Plan Width": 8, "Recheck Cond": "(n_nationkey = customer.c_nationkey)", "Plans": [{"Node Type": "Bitmap Index Scan", "Parent Relationship": "Outer", "Index Name": "nation_pkey", "Startup Cost": 0.0, "Total Cost": 0.26, "Plan Rows": 1, "Plan Width": 0, "Index Cond": "(n_nationkey = customer.c_nationkey)"}]}]}, {"Node Type": "Bitmap Heap Scan", "Parent Relationship": "Inner", "Relation Name": "region", "Alias": "region", "Startup Cost": 0.58, "Total Cost": 4.59, "Plan Rows": 1, "Plan Width": 4, "Recheck Cond": "(r_regionkey = n1.n_regionkey)", "Filter": "(r_name = 'ASIA'::bpchar)", "Plans": [{"Node Type": "Bitmap Index Scan", "Parent Relationship": "Outer", "Index Name": "region_pkey", "Startup Cost": 0.0, "Total Cost": 0.58, "Plan Rows": 1, "Plan Width": 0, "Index Cond": "(r_regionkey = n1.n_regionkey)"}]}]}, {"Node Type": "Bitmap Heap Scan", "Parent Relationship": "Inner", "Relation Name": "lineitem", "Alias": "lineitem", "Startup Cost": 0.52, "Total Cost": 4.64, "Plan Rows": 9, "Plan Width": 40, "Recheck Cond": "(l_orderkey = orders.o_orderkey)", "Plans": [{"Node Type": "Bitmap Index Scan", "Parent Relationship": "Outer", "Index Name": "idx_lineitem_orderkey", "Startup Cost": 0.0, "Total Cost": 0.52, "Plan Rows": 9, "Plan Width": 0, "Index Cond": "(l_orderkey = orders.o_orderkey)"}]}]}, {"Node Type": "Bitmap Heap Scan", "Parent Relationship": "Inner", "Relation Name": "part", "Alias": "part", "Startup Cost": 0.26, "Total Cost": 4.27, "Plan Rows": 1, "Plan Width": 8, "Recheck Cond": "(p_partkey = lineitem.l_partkey)", "Filter": "((p_type)::text = 'SMALL PLATED COPPER'::text)", "Plans": [{"Node Type": "Bitmap Index Scan", "Parent Relationship": "Outer", "Index Name": "part_kpey", "Startup Cost": 0.0, "Total Cost": 0.26, "Plan Rows": 1, "Plan Width": 0, "Index Cond": "(p_partkey = lineitem.l_partkey)"}]}]}, {"Node Type": "Bitmap Heap Scan", "Parent Relationship": "Inner", "Relation Name": "supplier", "Alias": "supplier", "Startup Cost": 0.26, "Total Cost": 4.27, "Plan Rows": 1, "Plan Width": 12, "Recheck Cond": "(s_suppkey = lineitem.l_suppkey)", "Plans": [{"Node Type": "Bitmap Index Scan", "Parent Relationship": "Outer", "Index Name": "supplier_pkey", "Startup Cost": 0.0, "Total Cost": 0.26, "Plan Rows": 1, "Plan Width": 0, "Index Cond": "(s_suppkey = lineitem.l_suppkey)"}]}]}, {"Node Type": "Bitmap Heap Scan", "Parent Relationship": "Inner", "Relation Name": "nation", "Alias": "n2", "Startup Cost": 0.26, "Total Cost": 4.27, "Plan Rows": 1, "Plan Width": 30, "Recheck Cond": "(n_nationkey = supplier.s_nationkey)", "Plans": [{"Node Type": "Bitmap Index Scan", "Parent Relationship": "Outer", "Index Name": "nation_pkey", "Startup Cost": 0.0, "Total Cost": 0.26, "Plan Rows": 1, "Plan Width": 0, "Index Cond": "(n_nationkey = supplier.s_nationkey)"}]}]}]}]}, "Unique SQL Id": 3681808042, "Planner Runtime": 3}, "explain_analyze_plan": null}, "(16, 104)": {"explain_plan": {"Plan": {"Node Type": "Sort", "Startup Cost": 486022.68, "Total Cost": 486022.71, "Plan Rows": 10, "Plan Width": 66, "Sort Key": ["(date_part('year'::text, orders.o_orderdate))"], "Plans": [{"Node Type": "Aggregate", "Strategy": "Hashed", "Parent Relationship": "Outer", "Startup Cost": 486022.37, "Total Cost": 486022.52, "Plan Rows": 10, "Plan Width": 66, "Group By Key": ["date_part('year'::text, orders.o_orderdate)"], "Plans": [{"Node Type": "Hash Join", "Parent Relationship": "Outer", "Join Type": "Inner", "Startup Cost": 4537.06, "Total Cost": 485902.55, "Plan Rows": 5991, "Plan Width": 50, "Inner Unique": true, "Hash Cond": "(supplier.s_nationkey = n2.n_nationkey)", "Plans": [{"Node Type": "Hash Join", "Parent Relationship": "Outer", "Join Type": "Inner", "Startup Cost": 4535.5, "Total Cost": 485803.63, "Plan Rows": 5991, "Plan Width": 28, "Inner Unique": false, "Hash Cond": "(customer.c_nationkey = n1.n_nationkey)", "Plans": [{"Node Type": "Nested Loop", "Parent Relationship": "Outer", "Join Type": "Inner", "Startup Cost": 4533.0, "Total Cost": 485661.65, "Plan Rows": 29954, "Plan Width": 32, "Inner Unique": true, "Plans": [{"Node Type": "Hash Join", "Parent Relationship": "Outer", "Join Type": "Inner", "Startup Cost": 4533.0, "Total Cost": 469409.78, "Plan Rows": 51198, "Plan Width": 36, "Inner Unique": true, "Hash Cond": "(lineitem.l_suppkey = supplier.s_suppkey)", "Plans": [{"Node Type": "Nested Loop", "Parent Relationship": "Outer", "Join Type": "Inner", "Startup Cost": 0.0, "Total Cost": 464497.44, "Plan Rows": 86479, "Plan Width": 40, "Inner Unique": true, "Plans": [{"Node Type": "Nested Loop", "Parent Relationship": "Outer", "Join Type": "Inner", "Startup Cost": 0.0, "Total Cost": 441564.57, "Plan Rows": 74637, "Plan Width": 32, "Inner Unique": false, "Plans": [{"Node Type": "Seq Scan", "Parent Relationship": "Outer", "Relation Name": "part", "Alias": "part", "Startup Cost": 0.0, "Total Cost": 66944.0, "Plan Rows": 13538, "Plan Width": 8, "Filter": "((p_type)::text = 'SMALL PLATED COPPER'::text)"}, {"Node Type": "Index Scan", "Parent Relationship": "Inner", "Scan Direction": "Forward", "Index Name": "idx_lineitem_part_supp", "Relation Name": "lineitem", "Alias": "lineitem", "Startup Cost": 0.0, "Total Cost": 27.61, "Plan Rows": 6, "Plan Width": 40, "Index Cond": "(l_partkey = part.p_partkey)"}]}, {"Node Type": "Index Scan", "Parent Relationship": "Inner", "Scan Direction": "Forward", "Index Name": "orders_pkey", "Relation Name": "orders", "Alias": "orders", "Startup Cost": 0.0, "Total Cost": 0.3, "Plan Rows": 1, "Plan Width": 24, "Index Cond": "(o_orderkey = lineitem.l_orderkey)", "Filter": "((o_orderdate >= '1995-01-01 00:00:00'::timestamp(0) without time zone) AND (o_orderdate <= '1996-12-31 00:00:00'::timestamp(0) without time zone))"}]}, {"Node Type": "Hash", "Parent Relationship": "Inner", "Startup Cost": 3283.0, "Total Cost": 3283.0, "Plan Rows": 100000, "Plan Width": 12, "Plans": [{"Node Type": "Seq Scan", "Parent Relationship": "Outer", "Relation Name": "supplier", "Alias": "supplier", "Startup Cost": 0.0, "Total Cost": 3283.0, "Plan Rows": 100000, "Plan Width": 12}]}]}, {"Node Type": "Index Scan", "Parent Relationship": "Inner", "Scan Direction": "Forward", "Index Name": "customer_pkey", "Relation Name": "customer", "Alias": "customer", "Startup Cost": 0.0, "Total Cost": 0.31, "Plan Rows": 1, "Plan Width": 12, "Index Cond": "(c_custkey = orders.o_custkey)"}]}, {"Node Type": "Hash", "Parent Relationship": "Inner", "Startup Cost": 2.44, "Total Cost": 2.44, "Plan Rows": 5, "Plan Width": 4, "Plans": [{"Node Type": "Hash Join", "Parent Relationship": "Outer", "Join Type": "Inner", "Startup Cost": 1.07, "Total Cost": 2.44, "Plan Rows": 5, "Plan Width": 4, "Inner Unique": true, "Hash Cond": "(n1.n_regionkey = region.r_regionkey)", "Plans": [{"Node Type": "Seq Scan", "Parent Relationship": "Outer", "Relation Name": "nation", "Alias": "n1", "Startup Cost": 0.0, "Total Cost": 1.25, "Plan Rows": 25, "Plan Width": 8}, {"Node Type": "Hash", "Parent Relationship": "Inner", "Startup Cost": 1.06, "Total Cost": 1.06, "Plan Rows": 1, "Plan Width": 4, "Plans": [{"Node Type": "Seq Scan", "Parent Relationship": "Outer", "Relation Name": "region", "Alias": "region", "Startup Cost": 0.0, "Total Cost": 1.06, "Plan Rows": 1, "Plan Width": 4, "Filter": "(r_name = 'ASIA'::bpchar)"}]}]}]}]}, {"Node Type": "Hash", "Parent Relationship": "Inner", "Startup Cost": 1.25, "Total Cost": 1.25, "Plan Rows": 25, "Plan Width": 30, "Plans": [{"Node Type": "Seq Scan", "Parent Relationship": "Outer", "Relation Name": "nation", "Alias": "n2", "Startup Cost": 0.0, "Total Cost": 1.25, "Plan Rows": 25, "Plan Width": 30}]}]}]}]}, "Unique SQL Id": 3681808042, "Planner Runtime": 5}, "explain_analyze_plan": {"Plan": {"Node Type": "Sort", "Startup Cost": 486022.68, "Total Cost": 486022.71, "Plan Rows": 10, "Plan Width": 66, "Actual Startup Time": 6590.092, "Actual Total Time": 6590.092, "Actual Rows": 2, "Actual Loops": 1, "Sort Key": ["(date_part('year'::text, orders.o_orderdate))"], "Sort Method": "quicksort", "Sort Space Used": 25, "Sort Space Type": "Memory", "Plans": [{"Node Type": "Aggregate", "Strategy": "Hashed", "Parent Relationship": "Outer", "Startup Cost": 486022.37, "Total Cost": 486022.52, "Plan Rows": 10, "Plan Width": 66, "Actual Startup Time": 6590.073, "Actual Total Time": 6590.074, "Actual Rows": 2, "Actual Loops": 1, "Group By Key": ["date_part('year'::text, orders.o_orderdate)"], "Plans": [{"Node Type": "Hash Join", "Parent Relationship": "Outer", "Join Type": "Inner", "Startup Cost": 4537.06, "Total Cost": 485902.55, "Plan Rows": 5991, "Plan Width": 50, "Actual Startup Time": 66.803, "Actual Total Time": 6553.248, "Actual Rows": 23929, "Actual Loops": 1, "Inner Unique": true, "Hash Cond": "(supplier.s_nationkey = n2.n_nationkey)", "Plans": [{"Node Type": "Hash Join", "Parent Relationship": "Outer", "Join Type": "Inner", "Startup Cost": 4535.5, "Total Cost": 485803.63, "Plan Rows": 5991, "Plan Width": 28, "Actual Startup Time": 66.711, "Actual Total Time": 6520.183, "Actual Rows": 23929, "Actual Loops": 1, "Inner Unique": false, "Hash Cond": "(customer.c_nationkey = n1.n_nationkey)", "Plans": [{"Node Type": "Nested Loop", "Parent Relationship": "Outer", "Join Type": "Inner", "Startup Cost": 4533.0, "Total Cost": 485661.65, "Plan Rows": 29954, "Plan Width": 32, "Actual Startup Time": 66.389, "Actual Total Time": 6481.607, "Actual Rows": 119765, "Actual Loops": 1, "Inner Unique": true, "Plans": [{"Node Type": "Hash Join", "Parent Relationship": "Outer", "Join Type": "Inner", "Startup Cost": 4533.0, "Total Cost": 469409.78, "Plan Rows": 51198, "Plan Width": 36, "Actual Startup Time": 66.354, "Actual Total Time": 5548.261, "Actual Rows": 119765, "Actual Loops": 1, "Inner Unique": true, "Hash Cond": "(lineitem.l_suppkey = supplier.s_suppkey)", "Plans": [{"Node Type": "Nested Loop", "Parent Relationship": "Outer", "Join Type": "Inner", "Startup Cost": 0.0, "Total Cost": 464497.44, "Plan Rows": 86479, "Plan Width": 40, "Actual Startup Time": 0.187, "Actual Total Time": 5396.366, "Actual Rows": 119765, "Actual Loops": 1, "Inner Unique": true, "Plans": [{"Node Type": "Nested Loop", "Parent Relationship": "Outer", "Join Type": "Inner", "Startup Cost": 0.0, "Total Cost": 441564.57, "Plan Rows": 74637, "Plan Width": 32, "Actual Startup Time": 0.036, "Actual Total Time": 2002.849, "Actual Rows": 395341, "Actual Loops": 1, "Inner Unique": false, "Plans": [{"Node Type": "Seq Scan", "Parent Relationship": "Outer", "Relation Name": "part", "Alias": "part", "Startup Cost": 0.0, "Total Cost": 66944.0, "Plan Rows": 13538, "Plan Width": 8, "Actual Startup Time": 0.015, "Actual Total Time": 768.176, "Actual Rows": 13163, "Actual Loops": 1, "Filter": "((p_type)::text = 'SMALL PLATED COPPER'::text)", "Rows Removed by Filter": 1986837}, {"Node Type": "Index Scan", "Parent Relationship": "Inner", "Scan Direction": "Forward", "Index Name": "idx_lineitem_part_supp", "Relation Name": "lineitem", "Alias": "lineitem", "Startup Cost": 0.0, "Total Cost": 27.61, "Plan Rows": 6, "Plan Width": 40, "Actual Startup Time": 153.5, "Actual Total Time": 1124.19, "Actual Rows": 395341, "Actual Loops": 13163, "Index Cond": "(l_partkey = part.p_partkey)", "Rows Removed by Index Recheck": 0}]}, {"Node Type": "Index Scan", "Parent Relationship": "Inner", "Scan Direction": "Forward", "Index Name": "orders_pkey", "Relation Name": "orders", "Alias": "orders", "Startup Cost": 0.0, "Total Cost": 0.3, "Plan Rows": 1, "Plan Width": 24, "Actual Startup Time": 3157.377, "Actual Total Time": 3157.377, "Actual Rows": 119765, "Actual Loops": 395341, "Index Cond": "(o_orderkey = lineitem.l_orderkey)", "Rows Removed by Index Recheck": 0, "Filter": "((o_orderdate >= '1995-01-01 00:00:00'::timestamp(0) without time zone) AND (o_orderdate <= '1996-12-31 00:00:00'::timestamp(0) without time zone))", "Rows Removed by Filter": 275576}]}, {"Node Type": "Hash", "Parent Relationship": "Inner", "Startup Cost": 3283.0, "Total Cost": 3283.0, "Plan Rows": 100000, "Plan Width": 12, "Actual Startup Time": 66.061, "Actual Total Time": 66.061, "Actual Rows": 100000, "Actual Loops": 1, "Hash Buckets": 131072, "Hash Batches": 1, "Original Hash Batches": 1, "Peak Memory Usage": 4297, "Plans": [{"Node Type": "Seq Scan", "Parent Relationship": "Outer", "Relation Name": "supplier", "Alias": "supplier", "Startup Cost": 0.0, "Total Cost": 3283.0, "Plan Rows": 100000, "Plan Width": 12, "Actual Startup Time": 0.015, "Actual Total Time": 39.607, "Actual Rows": 100000, "Actual Loops": 1}]}]}, {"Node Type": "Index Scan", "Parent Relationship": "Inner", "Scan Direction": "Forward", "Index Name": "customer_pkey", "Relation Name": "customer", "Alias": "customer", "Startup Cost": 0.0, "Total Cost": 0.31, "Plan Rows": 1, "Plan Width": 12, "Actual Startup Time": 825.415, "Actual Total Time": 825.415, "Actual Rows": 119765, "Actual Loops": 119765, "Index Cond": "(c_custkey = orders.o_custkey)", "Rows Removed by Index Recheck": 0}]}, {"Node Type": "Hash", "Parent Relationship": "Inner", "Startup Cost": 2.44, "Total Cost": 2.44, "Plan Rows": 5, "Plan Width": 4, "Actual Startup Time": 0.074, "Actual Total Time": 0.074, "Actual Rows": 5, "Actual Loops": 1, "Hash Buckets": 32768, "Hash Batches": 1, "Original Hash Batches": 1, "Peak Memory Usage": 1, "Plans": [{"Node Type": "Hash Join", "Parent Relationship": "Outer", "Join Type": "Inner", "Startup Cost": 1.07, "Total Cost": 2.44, "Plan Rows": 5, "Plan Width": 4, "Actual Startup Time": 0.06, "Actual Total Time": 0.068, "Actual Rows": 5, "Actual Loops": 1, "Inner Unique": true, "Hash Cond": "(n1.n_regionkey = region.r_regionkey)", "Plans": [{"Node Type": "Seq Scan", "Parent Relationship": "Outer", "Relation Name": "nation", "Alias": "n1", "Startup Cost": 0.0, "Total Cost": 1.25, "Plan Rows": 25, "Plan Width": 8, "Actual Startup Time": 0.011, "Actual Total Time": 0.015, "Actual Rows": 25, "Actual Loops": 1}, {"Node Type": "Hash", "Parent Relationship": "Inner", "Startup Cost": 1.06, "Total Cost": 1.06, "Plan Rows": 1, "Plan Width": 4, "Actual Startup Time": 0.013, "Actual Total Time": 0.013, "Actual Rows": 1, "Actual Loops": 1, "Hash Buckets": 32768, "Hash Batches": 1, "Original Hash Batches": 1, "Peak Memory Usage": 1, "Plans": [{"Node Type": "Seq Scan", "Parent Relationship": "Outer", "Relation Name": "region", "Alias": "region", "Startup Cost": 0.0, "Total Cost": 1.06, "Plan Rows": 1, "Plan Width": 4, "Actual Startup Time": 0.011, "Actual Total Time": 0.012, "Actual Rows": 1, "Actual Loops": 1, "Filter": "(r_name = 'ASIA'::bpchar)", "Rows Removed by Filter": 4}]}]}]}]}, {"Node Type": "Hash", "Parent Relationship": "Inner", "Startup Cost": 1.25, "Total Cost": 1.25, "Plan Rows": 25, "Plan Width": 30, "Actual Startup Time": 0.04, "Actual Total Time": 0.04, "Actual Rows": 25, "Actual Loops": 1, "Hash Buckets": 32768, "Hash Batches": 1, "Original Hash Batches": 1, "Peak Memory Usage": 2, "Plans": [{"Node Type": "Seq Scan", "Parent Relationship": "Outer", "Relation Name": "nation", "Alias": "n2", "Startup Cost": 0.0, "Total Cost": 1.25, "Plan Rows": 25, "Plan Width": 30, "Actual Startup Time": 0.016, "Actual Total Time": 0.023, "Actual Rows": 25, "Actual Loops": 1}]}]}]}]}, "Triggers": [], "Planner Runtime": 5, "Total Runtime": 6590.535, "Unique SQL Id": 3681808042}}, "(16, 105)": {"explain_plan": {"Plan": {"Node Type": "Sort", "Startup Cost": 526963.15, "Total Cost": 526963.18, "Plan Rows": 10, "Plan Width": 66, "Sort Key": ["(date_part('year'::text, orders.o_orderdate))"], "Plans": [{"Node Type": "Aggregate", "Strategy": "Hashed", "Parent Relationship": "Outer", "Startup Cost": 526962.83, "Total Cost": 526962.98, "Plan Rows": 10, "Plan Width": 66, "Group By Key": ["date_part('year'::text, orders.o_orderdate)"], "Plans": [{"Node Type": "Hash Join", "Parent Relationship": "Outer", "Join Type": "Inner", "Startup Cost": 6618.28, "Total Cost": 526843.01, "Plan Rows": 5991, "Plan Width": 50, "Inner Unique": true, "Hash Cond": "(supplier.s_nationkey = n2.n_nationkey)", "Plans": [{"Node Type": "Hash Join", "Parent Relationship": "Outer", "Join Type": "Inner", "Startup Cost": 6605.34, "Total Cost": 526732.72, "Plan Rows": 5991, "Plan Width": 28, "Inner Unique": false, "Hash Cond": "(customer.c_nationkey = n1.n_nationkey)", "Plans": [{"Node Type": "Nested Loop", "Parent Relationship": "Outer", "Join Type": "Inner", "Startup Cost": 6584.54, "Total Cost": 526572.45, "Plan Rows": 29954, "Plan Width": 32, "Inner Unique": true, "Plans": [{"Node Type": "Hash Join", "Parent Relationship": "Outer", "Join Type": "Inner", "Startup Cost": 6584.54, "Total Cost": 510320.57, "Plan Rows": 51198, "Plan Width": 36, "Inner Unique": true, "Hash Cond": "(lineitem.l_suppkey = supplier.s_suppkey)", "Plans": [{"Node Type": "Nested Loop", "Parent Relationship": "Outer", "Join Type": "Inner", "Startup Cost": 0.0, "Total Cost": 503356.69, "Plan Rows": 86479, "Plan Width": 40, "Inner Unique": true, "Plans": [{"Node Type": "Nested Loop", "Parent Relationship": "Outer", "Join Type": "Inner", "Startup Cost": 0.0, "Total Cost": 480423.82, "Plan Rows": 74637, "Plan Width": 32, "Inner Unique": false, "Plans": [{"Node Type": "Index Scan", "Parent Relationship": "Outer", "Scan Direction": "Forward", "Index Name": "part_kpey", "Relation Name": "part", "Alias": "part", "Startup Cost": 0.0, "Total Cost": 105803.25, "Plan Rows": 13538, "Plan Width": 8, "Filter": "((p_type)::text = 'SMALL PLATED COPPER'::text)"}, {"Node Type": "Index Scan", "Parent Relationship": "Inner", "Scan Direction": "Forward", "Index Name": "idx_lineitem_part_supp", "Relation Name": "lineitem", "Alias": "lineitem", "Startup Cost": 0.0, "Total Cost": 27.61, "Plan Rows": 6, "Plan Width": 40, "Index Cond": "(l_partkey = part.p_partkey)"}]}, {"Node Type": "Index Scan", "Parent Relationship": "Inner", "Scan Direction": "Forward", "Index Name": "orders_pkey", "Relation Name": "orders", "Alias": "orders", "Startup Cost": 0.0, "Total Cost": 0.3, "Plan Rows": 1, "Plan Width": 24, "Index Cond": "(o_orderkey = lineitem.l_orderkey)", "Filter": "((o_orderdate >= '1995-01-01 00:00:00'::timestamp(0) without time zone) AND (o_orderdate <= '1996-12-31 00:00:00'::timestamp(0) without time zone))"}]}, {"Node Type": "Hash", "Parent Relationship": "Inner", "Startup Cost": 5334.54, "Total Cost": 5334.54, "Plan Rows": 100000, "Plan Width": 12, "Plans": [{"Node Type": "Index Scan", "Parent Relationship": "Outer", "Scan Direction": "Forward", "Index Name": "supplier_pkey", "Relation Name": "supplier", "Alias": "supplier", "Startup Cost": 0.0, "Total Cost": 5334.54, "Plan Rows": 100000, "Plan Width": 12}]}]}, {"Node Type": "Index Scan", "Parent Relationship": "Inner", "Scan Direction": "Forward", "Index Name": "customer_pkey", "Relation Name": "customer", "Alias": "customer", "Startup Cost": 0.0, "Total Cost": 0.31, "Plan Rows": 1, "Plan Width": 12, "Index Cond": "(c_custkey = orders.o_custkey)"}]}, {"Node Type": "Hash", "Parent Relationship": "Inner", "Startup Cost": 20.74, "Total Cost": 20.74, "Plan Rows": 5, "Plan Width": 4, "Plans": [{"Node Type": "Nested Loop", "Parent Relationship": "Outer", "Join Type": "Inner", "Startup Cost": 0.0, "Total Cost": 20.74, "Plan Rows": 5, "Plan Width": 4, "Inner Unique": false, "Plans": [{"Node Type": "Index Scan", "Parent Relationship": "Outer", "Scan Direction": "Forward", "Index Name": "region_pkey", "Relation Name": "region", "Alias": "region", "Startup Cost": 0.0, "Total Cost": 12.34, "Plan Rows": 1, "Plan Width": 4, "Filter": "(r_name = 'ASIA'::bpchar)"}, {"Node Type": "Index Scan", "Parent Relationship": "Inner", "Scan Direction": "Forward", "Index Name": "idx_nation_regionkey", "Relation Name": "nation", "Alias": "n1", "Startup Cost": 0.0, "Total Cost": 8.35, "Plan Rows": 5, "Plan Width": 8, "Index Cond": "(n_regionkey = region.r_regionkey)"}]}]}]}, {"Node Type": "Hash", "Parent Relationship": "Inner", "Startup Cost": 12.62, "Total Cost": 12.62, "Plan Rows": 25, "Plan Width": 30, "Plans": [{"Node Type": "Index Scan", "Parent Relationship": "Outer", "Scan Direction": "Forward", "Index Name": "nation_pkey", "Relation Name": "nation", "Alias": "n2", "Startup Cost": 0.0, "Total Cost": 12.62, "Plan Rows": 25, "Plan Width": 30}]}]}]}]}, "Unique SQL Id": 3681808042, "Planner Runtime": 4}, "explain_analyze_plan": {"Plan": {"Node Type": "Sort", "Startup Cost": 526963.15, "Total Cost": 526963.18, "Plan Rows": 10, "Plan Width": 66, "Actual Startup Time": 7259.118, "Actual Total Time": 7259.118, "Actual Rows": 2, "Actual Loops": 1, "Sort Key": ["(date_part('year'::text, orders.o_orderdate))"], "Sort Method": "quicksort", "Sort Space Used": 25, "Sort Space Type": "Memory", "Plans": [{"Node Type": "Aggregate", "Strategy": "Hashed", "Parent Relationship": "Outer", "Startup Cost": 526962.83, "Total Cost": 526962.98, "Plan Rows": 10, "Plan Width": 66, "Actual Startup Time": 7259.099, "Actual Total Time": 7259.101, "Actual Rows": 2, "Actual Loops": 1, "Group By Key": ["date_part('year'::text, orders.o_orderdate)"], "Plans": [{"Node Type": "Hash Join", "Parent Relationship": "Outer", "Join Type": "Inner", "Startup Cost": 6618.28, "Total Cost": 526843.01, "Plan Rows": 5991, "Plan Width": 50, "Actual Startup Time": 103.776, "Actual Total Time": 7221.88, "Actual Rows": 23929, "Actual Loops": 1, "Inner Unique": true, "Hash Cond": "(supplier.s_nationkey = n2.n_nationkey)", "Plans": [{"Node Type": "Hash Join", "Parent Relationship": "Outer", "Join Type": "Inner", "Startup Cost": 6605.34, "Total Cost": 526732.72, "Plan Rows": 5991, "Plan Width": 28, "Actual Startup Time": 103.672, "Actual Total Time": 7187.912, "Actual Rows": 23929, "Actual Loops": 1, "Inner Unique": false, "Hash Cond": "(customer.c_nationkey = n1.n_nationkey)", "Plans": [{"Node Type": "Nested Loop", "Parent Relationship": "Outer", "Join Type": "Inner", "Startup Cost": 6584.54, "Total Cost": 526572.45, "Plan Rows": 29954, "Plan Width": 32, "Actual Startup Time": 103.406, "Actual Total Time": 7150.2, "Actual Rows": 119765, "Actual Loops": 1, "Inner Unique": true, "Plans": [{"Node Type": "Hash Join", "Parent Relationship": "Outer", "Join Type": "Inner", "Startup Cost": 6584.54, "Total Cost": 510320.57, "Plan Rows": 51198, "Plan Width": 36, "Actual Startup Time": 103.376, "Actual Total Time": 6218.905, "Actual Rows": 119765, "Actual Loops": 1, "Inner Unique": true, "Hash Cond": "(lineitem.l_suppkey = supplier.s_suppkey)", "Plans": [{"Node Type": "Nested Loop", "Parent Relationship": "Outer", "Join Type": "Inner", "Startup Cost": 0.0, "Total Cost": 503356.69, "Plan Rows": 86479, "Plan Width": 40, "Actual Startup Time": 0.145, "Actual Total Time": 6033.436, "Actual Rows": 119765, "Actual Loops": 1, "Inner Unique": true, "Plans": [{"Node Type": "Nested Loop", "Parent Relationship": "Outer", "Join Type": "Inner", "Startup Cost": 0.0, "Total Cost": 480423.82, "Plan Rows": 74637, "Plan Width": 32, "Actual Startup Time": 0.038, "Actual Total Time": 2610.331, "Actual Rows": 395341, "Actual Loops": 1, "Inner Unique": false, "Plans": [{"Node Type": "Index Scan", "Parent Relationship": "Outer", "Scan Direction": "Forward", "Index Name": "part_kpey", "Relation Name": "part", "Alias": "part", "Startup Cost": 0.0, "Total Cost": 105803.25, "Plan Rows": 13538, "Plan Width": 8, "Actual Startup Time": 0.024, "Actual Total Time": 1364.05, "Actual Rows": 13163, "Actual Loops": 1, "Filter": "((p_type)::text = 'SMALL PLATED COPPER'::text)", "Rows Removed by Filter": 1986837}, {"Node Type": "Index Scan", "Parent Relationship": "Inner", "Scan Direction": "Forward", "Index Name": "idx_lineitem_part_supp", "Relation Name": "lineitem", "Alias": "lineitem", "Startup Cost": 0.0, "Total Cost": 27.61, "Plan Rows": 6, "Plan Width": 40, "Actual Startup Time": 160.318, "Actual Total Time": 1143.093, "Actual Rows": 395341, "Actual Loops": 13163, "Index Cond": "(l_partkey = part.p_partkey)", "Rows Removed by Index Recheck": 0}]}, {"Node Type": "Index Scan", "Parent Relationship": "Inner", "Scan Direction": "Forward", "Index Name": "orders_pkey", "Relation Name": "orders", "Alias": "orders", "Startup Cost": 0.0, "Total Cost": 0.3, "Plan Rows": 1, "Plan Width": 24, "Actual Startup Time": 3189.021, "Actual Total Time": 3189.021, "Actual Rows": 119765, "Actual Loops": 395341, "Index Cond": "(o_orderkey = lineitem.l_orderkey)", "Rows Removed by Index Recheck": 0, "Filter": "((o_orderdate >= '1995-01-01 00:00:00'::timestamp(0) without time zone) AND (o_orderdate <= '1996-12-31 00:00:00'::timestamp(0) without time zone))", "Rows Removed by Filter": 275576}]}, {"Node Type": "Hash", "Parent Relationship": "Inner", "Startup Cost": 5334.54, "Total Cost": 5334.54, "Plan Rows": 100000, "Plan Width": 12, "Actual Startup Time": 103.046, "Actual Total Time": 103.046, "Actual Rows": 100000, "Actual Loops": 1, "Hash Buckets": 131072, "Hash Batches": 1, "Original Hash Batches": 1, "Peak Memory Usage": 4297, "Plans": [{"Node Type": "Index Scan", "Parent Relationship": "Outer", "Scan Direction": "Forward", "Index Name": "supplier_pkey", "Relation Name": "supplier", "Alias": "supplier", "Startup Cost": 0.0, "Total Cost": 5334.54, "Plan Rows": 100000, "Plan Width": 12, "Actual Startup Time": 0.019, "Actual Total Time": 74.651, "Actual Rows": 100000, "Actual Loops": 1}]}]}, {"Node Type": "Index Scan", "Parent Relationship": "Inner", "Scan Direction": "Forward", "Index Name": "customer_pkey", "Relation Name": "customer", "Alias": "customer", "Startup Cost": 0.0, "Total Cost": 0.31, "Plan Rows": 1, "Plan Width": 12, "Actual Startup Time": 819.21, "Actual Total Time": 819.21, "Actual Rows": 119765, "Actual Loops": 119765, "Index Cond": "(c_custkey = orders.o_custkey)", "Rows Removed by Index Recheck": 0}]}, {"Node Type": "Hash", "Parent Relationship": "Inner", "Startup Cost": 20.74, "Total Cost": 20.74, "Plan Rows": 5, "Plan Width": 4, "Actual Startup Time": 0.027, "Actual Total Time": 0.027, "Actual Rows": 5, "Actual Loops": 1, "Hash Buckets": 32768, "Hash Batches": 1, "Original Hash Batches": 1, "Peak Memory Usage": 1, "Plans": [{"Node Type": "Nested Loop", "Parent Relationship": "Outer", "Join Type": "Inner", "Startup Cost": 0.0, "Total Cost": 20.74, "Plan Rows": 5, "Plan Width": 4, "Actual Startup Time": 0.018, "Actual Total Time": 0.024, "Actual Rows": 5, "Actual Loops": 1, "Inner Unique": false, "Plans": [{"Node Type": "Index Scan", "Parent Relationship": "Outer", "Scan Direction": "Forward", "Index Name": "region_pkey", "Relation Name": "region", "Alias": "region", "Startup Cost": 0.0, "Total Cost": 12.34, "Plan Rows": 1, "Plan Width": 4, "Actual Startup Time": 0.009, "Actual Total Time": 0.01, "Actual Rows": 1, "Actual Loops": 1, "Filter": "(r_name = 'ASIA'::bpchar)", "Rows Removed by Filter": 4}, {"Node Type": "Index Scan", "Parent Relationship": "Inner", "Scan Direction": "Forward", "Index Name": "idx_nation_regionkey", "Relation Name": "nation", "Alias": "n1", "Startup Cost": 0.0, "Total Cost": 8.35, "Plan Rows": 5, "Plan Width": 8, "Actual Startup Time": 0.006, "Actual Total Time": 0.007, "Actual Rows": 5, "Actual Loops": 1, "Index Cond": "(n_regionkey = region.r_regionkey)", "Rows Removed by Index Recheck": 0}]}]}]}, {"Node Type": "Hash", "Parent Relationship": "Inner", "Startup Cost": 12.62, "Total Cost": 12.62, "Plan Rows": 25, "Plan Width": 30, "Actual Startup Time": 0.035, "Actual Total Time": 0.035, "Actual Rows": 25, "Actual Loops": 1, "Hash Buckets": 32768, "Hash Batches": 1, "Original Hash Batches": 1, "Peak Memory Usage": 2, "Plans": [{"Node Type": "Index Scan", "Parent Relationship": "Outer", "Scan Direction": "Forward", "Index Name": "nation_pkey", "Relation Name": "nation", "Alias": "n2", "Startup Cost": 0.0, "Total Cost": 12.62, "Plan Rows": 25, "Plan Width": 30, "Actual Startup Time": 0.009, "Actual Total Time": 0.023, "Actual Rows": 25, "Actual Loops": 1}]}]}]}]}, "Triggers": [], "Planner Runtime": 4, "Total Runtime": 7259.535, "Unique SQL Id": 3681808042}}, "(16, 106)": {"explain_plan": {"Plan": {"Node Type": "Sort", "Startup Cost": 2907141.92, "Total Cost": 2907141.94, "Plan Rows": 10, "Plan Width": 66, "Sort Key": ["(date_part('year'::text, orders.o_orderdate))"], "Plans": [{"Node Type": "Aggregate", "Strategy": "Hashed", "Parent Relationship": "Outer", "Startup Cost": 2907141.6, "Total Cost": 2907141.75, "Plan Rows": 10, "Plan Width": 66, "Group By Key": ["date_part('year'::text, orders.o_orderdate)"], "Plans": [{"Node Type": "Hash Join", "Parent Relationship": "Outer", "Join Type": "Inner", "Startup Cost": 664848.38, "Total Cost": 2907021.78, "Plan Rows": 5991, "Plan Width": 50, "Inner Unique": true, "Hash Cond": "(supplier.s_nationkey = n2.n_nationkey)", "Plans": [{"Node Type": "Hash Join", "Parent Relationship": "Outer", "Join Type": "Inner", "Startup Cost": 664846.82, "Total Cost": 2906922.86, "Plan Rows": 5991, "Plan Width": 28, "Inner Unique": true, "Hash Cond": "(lineitem.l_suppkey = supplier.s_suppkey)", "Plans": [{"Node Type": "Hash Join", "Parent Relationship": "Outer", "Join Type": "Inner", "Startup Cost": 660313.82, "Total Cost": 2902243.54, "Plan Rows": 17296, "Plan Width": 32, "Inner Unique": false, "Hash Cond": "(lineitem.l_orderkey = orders.o_orderkey)", "Plans": [{"Node Type": "Hash Join", "Parent Relationship": "Outer", "Join Type": "Inner", "Startup Cost": 67113.23, "Total Cost": 2307926.3, "Plan Rows": 74637, "Plan Width": 32, "Inner Unique": true, "Hash Cond": "(lineitem.l_partkey = part.p_partkey)", "Plans": [{"Node Type": "Seq Scan", "Parent Relationship": "Outer", "Relation Name": "lineitem", "Alias": "lineitem", "Startup Cost": 0.0, "Total Cost": 2015115.33, "Plan Rows": 59987033, "Plan Width": 40}, {"Node Type": "Hash", "Parent Relationship": "Inner", "Startup Cost": 66944.0, "Total Cost": 66944.0, "Plan Rows": 13538, "Plan Width": 8, "Plans": [{"Node Type": "Seq Scan", "Parent Relationship": "Outer", "Relation Name": "part", "Alias": "part", "Startup Cost": 0.0, "Total Cost": 66944.0, "Plan Rows": 13538, "Plan Width": 8, "Filter": "((p_type)::text = 'SMALL PLATED COPPER'::text)"}]}]}, {"Node Type": "Hash", "Parent Relationship": "Inner", "Startup Cost": 586571.9, "Total Cost": 586571.9, "Plan Rows": 530296, "Plan Width": 16, "Plans": [{"Node Type": "Hash Join", "Parent Relationship": "Outer", "Join Type": "Inner", "Startup Cost": 63058.22, "Total Cost": 586571.9, "Plan Rows": 530296, "Plan Width": 16, "Inner Unique": false, "Hash Cond": "(orders.o_custkey = customer.c_custkey), (LLVM Optimized)", "Plans": [{"Node Type": "Seq Scan", "Parent Relationship": "Outer", "Relation Name": "orders", "Alias": "orders", "Startup Cost": 195.35, "Total Cost": 501411.18, "Plan Rows": 4531967, "Plan Width": 24, "Filter": "((o_orderdate >= '1995-01-01 00:00:00'::timestamp(0) without time zone) AND (o_orderdate <= '1996-12-31 00:00:00'::timestamp(0) without time zone)), (LLVM Optimized)"}, {"Node Type": "Hash", "Parent Relationship": "Inner", "Startup Cost": 59112.88, "Total Cost": 59112.88, "Plan Rows": 300000, "Plan Width": 8, "Plans": [{"Node Type": "Hash Join", "Parent Relationship": "Outer", "Join Type": "Inner", "Startup Cost": 2.5, "Total Cost": 59112.88, "Plan Rows": 300000, "Plan Width": 8, "Inner Unique": false, "Hash Cond": "(customer.c_nationkey = n1.n_nationkey), (LLVM Optimized)", "Plans": [{"Node Type": "Seq Scan", "Parent Relationship": "Outer", "Relation Name": "customer", "Alias": "customer", "Startup Cost": 0.0, "Total Cost": 52126.0, "Plan Rows": 1500000, "Plan Width": 12}, {"Node Type": "Hash", "Parent Relationship": "Inner", "Startup Cost": 2.44, "Total Cost": 2.44, "Plan Rows": 5, "Plan Width": 4, "Plans": [{"Node Type": "Hash Join", "Parent Relationship": "Outer", "Join Type": "Inner", "Startup Cost": 1.07, "Total Cost": 2.44, "Plan Rows": 5, "Plan Width": 4, "Inner Unique": true, "Hash Cond": "(n1.n_regionkey = region.r_regionkey)", "Plans": [{"Node Type": "Seq Scan", "Parent Relationship": "Outer", "Relation Name": "nation", "Alias": "n1", "Startup Cost": 0.0, "Total Cost": 1.25, "Plan Rows": 25, "Plan Width": 8}, {"Node Type": "Hash", "Parent Relationship": "Inner", "Startup Cost": 1.06, "Total Cost": 1.06, "Plan Rows": 1, "Plan Width": 4, "Plans": [{"Node Type": "Seq Scan", "Parent Relationship": "Outer", "Relation Name": "region", "Alias": "region", "Startup Cost": 0.0, "Total Cost": 1.06, "Plan Rows": 1, "Plan Width": 4, "Filter": "(r_name = 'ASIA'::bpchar)"}]}]}]}]}]}]}]}]}, {"Node Type": "Hash", "Parent Relationship": "Inner", "Startup Cost": 3283.0, "Total Cost": 3283.0, "Plan Rows": 100000, "Plan Width": 12, "Plans": [{"Node Type": "Seq Scan", "Parent Relationship": "Outer", "Relation Name": "supplier", "Alias": "supplier", "Startup Cost": 0.0, "Total Cost": 3283.0, "Plan Rows": 100000, "Plan Width": 12}]}]}, {"Node Type": "Hash", "Parent Relationship": "Inner", "Startup Cost": 1.25, "Total Cost": 1.25, "Plan Rows": 25, "Plan Width": 30, "Plans": [{"Node Type": "Seq Scan", "Parent Relationship": "Outer", "Relation Name": "nation", "Alias": "n2", "Startup Cost": 0.0, "Total Cost": 1.25, "Plan Rows": 25, "Plan Width": 30}]}]}]}]}, "Unique SQL Id": 3681808042, "Planner Runtime": 5}, "explain_analyze_plan": null}, "(16, 107)": {"explain_plan": {"Plan": {"Node Type": "Sort", "Startup Cost": 8000424382396.96, "Total Cost": 8000424382396.98, "Plan Rows": 10, "Plan Width": 66, "Sort Key": ["(date_part('year'::text, orders.o_orderdate))"], "Plans": [{"Node Type": "Aggregate", "Strategy": "Hashed", "Parent Relationship": "Outer", "Startup Cost": 8000424382396.64, "Total Cost": 8000424382396.79, "Plan Rows": 10, "Plan Width": 66, "Group By Key": ["date_part('year'::text, orders.o_orderdate)"], "Plans": [{"Node Type": "Hash Join", "Parent Relationship": "Outer", "Join Type": "Inner", "Startup Cost": 6020424107984.83, "Total Cost": 8000424382050.72, "Plan Rows": 17296, "Plan Width": 50, "Inner Unique": true, "Hash Cond": "(supplier.s_nationkey = n2.n_nationkey)", "Plans": [{"Node Type": "Hash Join", "Parent Relationship": "Outer", "Join Type": "Inner", "Startup Cost": 5020424106722.02, "Total Cost": 7000424380506.85, "Plan Rows": 17296, "Plan Width": 28, "Inner Unique": true, "Hash Cond": "(lineitem.l_suppkey = supplier.s_suppkey)", "Plans": [{"Node Type": "Hash Join", "Parent Relationship": "Outer", "Join Type": "Inner", "Startup Cost": 4020423572017.64, "Total Cost": 6000423845656.15, "Plan Rows": 17296, "Plan Width": 32, "Inner Unique": false, "Hash Cond": "(orders.o_orderkey = lineitem.l_orderkey)", "Plans": [{"Node Type": "Hash Join", "Parent Relationship": "Outer", "Join Type": "Inner", "Startup Cost": 2020088749518.21, "Total Cost": 4000089018342.74, "Plan Rows": 530296, "Plan Width": 16, "Inner Unique": false, "Hash Cond": "(customer.c_custkey = orders.o_custkey), (LLVM Optimized)", "Plans": [{"Node Type": "Hash Join", "Parent Relationship": "Outer", "Join Type": "Inner", "Startup Cost": 1020008095285.62, "Total Cost": 3000008100432.19, "Plan Rows": 300000, "Plan Width": 8, "Inner Unique": false, "Hash Cond": "(n1.n_nationkey = customer.c_nationkey), (LLVM Optimized)", "Plans": [{"Node Type": "Nested Loop", "Parent Relationship": "Outer", "Join Type": "Inner", "Startup Cost": 20000000000.0, "Total Cost": 2000000002068.8, "Plan Rows": 5, "Plan Width": 4, "Inner Unique": false, "Plans": [{"Node Type": "Index Scan", "Parent Relationship": "Outer", "Scan Direction": "Forward", "Index Name": "region_pkey", "Relation Name": "region", "Alias": "region", "Startup Cost": 10000000000.0, "Total Cost": 1000000001233.75, "Plan Rows": 1, "Plan Width": 4, "Filter": "(r_name = 'ASIA'::bpchar)"}, {"Node Type": "Index Scan", "Parent Relationship": "Inner", "Scan Direction": "Forward", "Index Name": "idx_nation_regionkey", "Relation Name": "nation", "Alias": "n1", "Startup Cost": 10000000000.0, "Total Cost": 1000000000835.0, "Plan Rows": 5, "Plan Width": 8, "Index Cond": "(n_regionkey = region.r_regionkey)"}]}, {"Node Type": "Hash", "Parent Relationship": "Inner", "Startup Cost": 1000008076535.62, "Total Cost": 1000008076535.62, "Plan Rows": 1500000, "Plan Width": 12, "Plans": [{"Node Type": "Index Scan", "Parent Relationship": "Outer", "Scan Direction": "Forward", "Index Name": "customer_pkey", "Relation Name": "customer", "Alias": "customer", "Startup Cost": 10000000000.0, "Total Cost": 1000008076535.62, "Plan Rows": 1500000, "Plan Width": 12}]}]}, {"Node Type": "Hash", "Parent Relationship": "Inner", "Startup Cost": 1000080597583.0, "Total Cost": 1000080597583.0, "Plan Rows": 4531967, "Plan Width": 24, "Plans": [{"Node Type": "Index Scan", "Parent Relationship": "Outer", "Scan Direction": "Forward", "Index Name": "orders_pkey", "Relation Name": "orders", "Alias": "orders", "Startup Cost": 10000000000.0, "Total Cost": 1000080597583.0, "Plan Rows": 4531967, "Plan Width": 24, "Filter": "((o_orderdate >= '1995-01-01 00:00:00'::timestamp(0) without time zone) AND (o_orderdate <= '1996-12-31 00:00:00'::timestamp(0) without time zone)), (LLVM Optimized)"}]}]}, {"Node Type": "Hash", "Parent Relationship": "Inner", "Startup Cost": 2000334821566.47, "Total Cost": 2000334821566.47, "Plan Rows": 74637, "Plan Width": 32, "Plans": [{"Node Type": "Hash Join", "Parent Relationship": "Outer", "Join Type": "Inner", "Startup Cost": 1010010580494.22, "Total Cost": 2000334821566.47, "Plan Rows": 74637, "Plan Width": 32, "Inner Unique": true, "Hash Cond": "(lineitem.l_partkey = part.p_partkey)", "Plans": [{"Node Type": "Index Scan", "Parent Relationship": "Outer", "Scan Direction": "Forward", "Index Name": "idx_lineitem_orderkey", "Relation Name": "lineitem", "Alias": "lineitem", "Startup Cost": 10000000000.0, "Total Cost": 1000324015374.5, "Plan Rows": 59987033, "Plan Width": 40}, {"Node Type": "Hash", "Parent Relationship": "Inner", "Startup Cost": 1000010580325.0, "Total Cost": 1000010580325.0, "Plan Rows": 13538, "Plan Width": 8, "Plans": [{"Node Type": "Index Scan", "Parent Relationship": "Outer", "Scan Direction": "Forward", "Index Name": "part_kpey", "Relation Name": "part", "Alias": "part", "Startup Cost": 10000000000.0, "Total Cost": 1000010580325.0, "Plan Rows": 13538, "Plan Width": 8, "Filter": "((p_type)::text = 'SMALL PLATED COPPER'::text)"}]}]}]}]}, {"Node Type": "Hash", "Parent Relationship": "Inner", "Startup Cost": 1000000533454.38, "Total Cost": 1000000533454.38, "Plan Rows": 100000, "Plan Width": 12, "Plans": [{"Node Type": "Index Scan", "Parent Relationship": "Outer", "Scan Direction": "Forward", "Index Name": "supplier_pkey", "Relation Name": "supplier", "Alias": "supplier", "Startup Cost": 10000000000.0, "Total Cost": 1000000533454.38, "Plan Rows": 100000, "Plan Width": 12}]}]}, {"Node Type": "Hash", "Parent Relationship": "Inner", "Startup Cost": 1000000001262.5, "Total Cost": 1000000001262.5, "Plan Rows": 25, "Plan Width": 30, "Plans": [{"Node Type": "Index Scan", "Parent Relationship": "Outer", "Scan Direction": "Forward", "Index Name": "nation_pkey", "Relation Name": "nation", "Alias": "n2", "Startup Cost": 10000000000.0, "Total Cost": 1000000001262.5, "Plan Rows": 25, "Plan Width": 30}]}]}]}]}, "Unique SQL Id": 3681808042, "Planner Runtime": 10}, "explain_analyze_plan": null}, "(16, 108)": {"explain_plan": {"Plan": {"Node Type": "Sort", "Startup Cost": 486022.68, "Total Cost": 486022.71, "Plan Rows": 10, "Plan Width": 66, "Sort Key": ["(date_part('year'::text, orders.o_orderdate))"], "Plans": [{"Node Type": "Aggregate", "Strategy": "Hashed", "Parent Relationship": "Outer", "Startup Cost": 486022.37, "Total Cost": 486022.52, "Plan Rows": 10, "Plan Width": 66, "Group By Key": ["date_part('year'::text, orders.o_orderdate)"], "Plans": [{"Node Type": "Hash Join", "Parent Relationship": "Outer", "Join Type": "Inner", "Startup Cost": 4537.06, "Total Cost": 485902.55, "Plan Rows": 5991, "Plan Width": 50, "Inner Unique": true, "Hash Cond": "(supplier.s_nationkey = n2.n_nationkey)", "Plans": [{"Node Type": "Hash Join", "Parent Relationship": "Outer", "Join Type": "Inner", "Startup Cost": 4535.5, "Total Cost": 485803.63, "Plan Rows": 5991, "Plan Width": 28, "Inner Unique": false, "Hash Cond": "(customer.c_nationkey = n1.n_nationkey)", "Plans": [{"Node Type": "Nested Loop", "Parent Relationship": "Outer", "Join Type": "Inner", "Startup Cost": 4533.0, "Total Cost": 485661.65, "Plan Rows": 29954, "Plan Width": 32, "Inner Unique": true, "Plans": [{"Node Type": "Hash Join", "Parent Relationship": "Outer", "Join Type": "Inner", "Startup Cost": 4533.0, "Total Cost": 469409.78, "Plan Rows": 51198, "Plan Width": 36, "Inner Unique": true, "Hash Cond": "(lineitem.l_suppkey = supplier.s_suppkey)", "Plans": [{"Node Type": "Nested Loop", "Parent Relationship": "Outer", "Join Type": "Inner", "Startup Cost": 0.0, "Total Cost": 464497.44, "Plan Rows": 86479, "Plan Width": 40, "Inner Unique": true, "Plans": [{"Node Type": "Nested Loop", "Parent Relationship": "Outer", "Join Type": "Inner", "Startup Cost": 0.0, "Total Cost": 441564.57, "Plan Rows": 74637, "Plan Width": 32, "Inner Unique": false, "Plans": [{"Node Type": "Seq Scan", "Parent Relationship": "Outer", "Relation Name": "part", "Alias": "part", "Startup Cost": 0.0, "Total Cost": 66944.0, "Plan Rows": 13538, "Plan Width": 8, "Filter": "((p_type)::text = 'SMALL PLATED COPPER'::text)"}, {"Node Type": "Index Scan", "Parent Relationship": "Inner", "Scan Direction": "Forward", "Index Name": "idx_lineitem_part_supp", "Relation Name": "lineitem", "Alias": "lineitem", "Startup Cost": 0.0, "Total Cost": 27.61, "Plan Rows": 6, "Plan Width": 40, "Index Cond": "(l_partkey = part.p_partkey)"}]}, {"Node Type": "Index Scan", "Parent Relationship": "Inner", "Scan Direction": "Forward", "Index Name": "orders_pkey", "Relation Name": "orders", "Alias": "orders", "Startup Cost": 0.0, "Total Cost": 0.3, "Plan Rows": 1, "Plan Width": 24, "Index Cond": "(o_orderkey = lineitem.l_orderkey)", "Filter": "((o_orderdate >= '1995-01-01 00:00:00'::timestamp(0) without time zone) AND (o_orderdate <= '1996-12-31 00:00:00'::timestamp(0) without time zone))"}]}, {"Node Type": "Hash", "Parent Relationship": "Inner", "Startup Cost": 3283.0, "Total Cost": 3283.0, "Plan Rows": 100000, "Plan Width": 12, "Plans": [{"Node Type": "Seq Scan", "Parent Relationship": "Outer", "Relation Name": "supplier", "Alias": "supplier", "Startup Cost": 0.0, "Total Cost": 3283.0, "Plan Rows": 100000, "Plan Width": 12}]}]}, {"Node Type": "Index Scan", "Parent Relationship": "Inner", "Scan Direction": "Forward", "Index Name": "customer_pkey", "Relation Name": "customer", "Alias": "customer", "Startup Cost": 0.0, "Total Cost": 0.31, "Plan Rows": 1, "Plan Width": 12, "Index Cond": "(c_custkey = orders.o_custkey)"}]}, {"Node Type": "Hash", "Parent Relationship": "Inner", "Startup Cost": 2.44, "Total Cost": 2.44, "Plan Rows": 5, "Plan Width": 4, "Plans": [{"Node Type": "Hash Join", "Parent Relationship": "Outer", "Join Type": "Inner", "Startup Cost": 1.07, "Total Cost": 2.44, "Plan Rows": 5, "Plan Width": 4, "Inner Unique": true, "Hash Cond": "(n1.n_regionkey = region.r_regionkey)", "Plans": [{"Node Type": "Seq Scan", "Parent Relationship": "Outer", "Relation Name": "nation", "Alias": "n1", "Startup Cost": 0.0, "Total Cost": 1.25, "Plan Rows": 25, "Plan Width": 8}, {"Node Type": "Hash", "Parent Relationship": "Inner", "Startup Cost": 1.06, "Total Cost": 1.06, "Plan Rows": 1, "Plan Width": 4, "Plans": [{"Node Type": "Seq Scan", "Parent Relationship": "Outer", "Relation Name": "region", "Alias": "region", "Startup Cost": 0.0, "Total Cost": 1.06, "Plan Rows": 1, "Plan Width": 4, "Filter": "(r_name = 'ASIA'::bpchar)"}]}]}]}]}, {"Node Type": "Hash", "Parent Relationship": "Inner", "Startup Cost": 1.25, "Total Cost": 1.25, "Plan Rows": 25, "Plan Width": 30, "Plans": [{"Node Type": "Seq Scan", "Parent Relationship": "Outer", "Relation Name": "nation", "Alias": "n2", "Startup Cost": 0.0, "Total Cost": 1.25, "Plan Rows": 25, "Plan Width": 30}]}]}]}]}, "Unique SQL Id": 3681808042, "Planner Runtime": 5}, "explain_analyze_plan": {"Plan": {"Node Type": "Sort", "Startup Cost": 486022.68, "Total Cost": 486022.71, "Plan Rows": 10, "Plan Width": 66, "Actual Startup Time": 6590.092, "Actual Total Time": 6590.092, "Actual Rows": 2, "Actual Loops": 1, "Sort Key": ["(date_part('year'::text, orders.o_orderdate))"], "Sort Method": "quicksort", "Sort Space Used": 25, "Sort Space Type": "Memory", "Plans": [{"Node Type": "Aggregate", "Strategy": "Hashed", "Parent Relationship": "Outer", "Startup Cost": 486022.37, "Total Cost": 486022.52, "Plan Rows": 10, "Plan Width": 66, "Actual Startup Time": 6590.073, "Actual Total Time": 6590.074, "Actual Rows": 2, "Actual Loops": 1, "Group By Key": ["date_part('year'::text, orders.o_orderdate)"], "Plans": [{"Node Type": "Hash Join", "Parent Relationship": "Outer", "Join Type": "Inner", "Startup Cost": 4537.06, "Total Cost": 485902.55, "Plan Rows": 5991, "Plan Width": 50, "Actual Startup Time": 66.803, "Actual Total Time": 6553.248, "Actual Rows": 23929, "Actual Loops": 1, "Inner Unique": true, "Hash Cond": "(supplier.s_nationkey = n2.n_nationkey)", "Plans": [{"Node Type": "Hash Join", "Parent Relationship": "Outer", "Join Type": "Inner", "Startup Cost": 4535.5, "Total Cost": 485803.63, "Plan Rows": 5991, "Plan Width": 28, "Actual Startup Time": 66.711, "Actual Total Time": 6520.183, "Actual Rows": 23929, "Actual Loops": 1, "Inner Unique": false, "Hash Cond": "(customer.c_nationkey = n1.n_nationkey)", "Plans": [{"Node Type": "Nested Loop", "Parent Relationship": "Outer", "Join Type": "Inner", "Startup Cost": 4533.0, "Total Cost": 485661.65, "Plan Rows": 29954, "Plan Width": 32, "Actual Startup Time": 66.389, "Actual Total Time": 6481.607, "Actual Rows": 119765, "Actual Loops": 1, "Inner Unique": true, "Plans": [{"Node Type": "Hash Join", "Parent Relationship": "Outer", "Join Type": "Inner", "Startup Cost": 4533.0, "Total Cost": 469409.78, "Plan Rows": 51198, "Plan Width": 36, "Actual Startup Time": 66.354, "Actual Total Time": 5548.261, "Actual Rows": 119765, "Actual Loops": 1, "Inner Unique": true, "Hash Cond": "(lineitem.l_suppkey = supplier.s_suppkey)", "Plans": [{"Node Type": "Nested Loop", "Parent Relationship": "Outer", "Join Type": "Inner", "Startup Cost": 0.0, "Total Cost": 464497.44, "Plan Rows": 86479, "Plan Width": 40, "Actual Startup Time": 0.187, "Actual Total Time": 5396.366, "Actual Rows": 119765, "Actual Loops": 1, "Inner Unique": true, "Plans": [{"Node Type": "Nested Loop", "Parent Relationship": "Outer", "Join Type": "Inner", "Startup Cost": 0.0, "Total Cost": 441564.57, "Plan Rows": 74637, "Plan Width": 32, "Actual Startup Time": 0.036, "Actual Total Time": 2002.849, "Actual Rows": 395341, "Actual Loops": 1, "Inner Unique": false, "Plans": [{"Node Type": "Seq Scan", "Parent Relationship": "Outer", "Relation Name": "part", "Alias": "part", "Startup Cost": 0.0, "Total Cost": 66944.0, "Plan Rows": 13538, "Plan Width": 8, "Actual Startup Time": 0.015, "Actual Total Time": 768.176, "Actual Rows": 13163, "Actual Loops": 1, "Filter": "((p_type)::text = 'SMALL PLATED COPPER'::text)", "Rows Removed by Filter": 1986837}, {"Node Type": "Index Scan", "Parent Relationship": "Inner", "Scan Direction": "Forward", "Index Name": "idx_lineitem_part_supp", "Relation Name": "lineitem", "Alias": "lineitem", "Startup Cost": 0.0, "Total Cost": 27.61, "Plan Rows": 6, "Plan Width": 40, "Actual Startup Time": 153.5, "Actual Total Time": 1124.19, "Actual Rows": 395341, "Actual Loops": 13163, "Index Cond": "(l_partkey = part.p_partkey)", "Rows Removed by Index Recheck": 0}]}, {"Node Type": "Index Scan", "Parent Relationship": "Inner", "Scan Direction": "Forward", "Index Name": "orders_pkey", "Relation Name": "orders", "Alias": "orders", "Startup Cost": 0.0, "Total Cost": 0.3, "Plan Rows": 1, "Plan Width": 24, "Actual Startup Time": 3157.377, "Actual Total Time": 3157.377, "Actual Rows": 119765, "Actual Loops": 395341, "Index Cond": "(o_orderkey = lineitem.l_orderkey)", "Rows Removed by Index Recheck": 0, "Filter": "((o_orderdate >= '1995-01-01 00:00:00'::timestamp(0) without time zone) AND (o_orderdate <= '1996-12-31 00:00:00'::timestamp(0) without time zone))", "Rows Removed by Filter": 275576}]}, {"Node Type": "Hash", "Parent Relationship": "Inner", "Startup Cost": 3283.0, "Total Cost": 3283.0, "Plan Rows": 100000, "Plan Width": 12, "Actual Startup Time": 66.061, "Actual Total Time": 66.061, "Actual Rows": 100000, "Actual Loops": 1, "Hash Buckets": 131072, "Hash Batches": 1, "Original Hash Batches": 1, "Peak Memory Usage": 4297, "Plans": [{"Node Type": "Seq Scan", "Parent Relationship": "Outer", "Relation Name": "supplier", "Alias": "supplier", "Startup Cost": 0.0, "Total Cost": 3283.0, "Plan Rows": 100000, "Plan Width": 12, "Actual Startup Time": 0.015, "Actual Total Time": 39.607, "Actual Rows": 100000, "Actual Loops": 1}]}]}, {"Node Type": "Index Scan", "Parent Relationship": "Inner", "Scan Direction": "Forward", "Index Name": "customer_pkey", "Relation Name": "customer", "Alias": "customer", "Startup Cost": 0.0, "Total Cost": 0.31, "Plan Rows": 1, "Plan Width": 12, "Actual Startup Time": 825.415, "Actual Total Time": 825.415, "Actual Rows": 119765, "Actual Loops": 119765, "Index Cond": "(c_custkey = orders.o_custkey)", "Rows Removed by Index Recheck": 0}]}, {"Node Type": "Hash", "Parent Relationship": "Inner", "Startup Cost": 2.44, "Total Cost": 2.44, "Plan Rows": 5, "Plan Width": 4, "Actual Startup Time": 0.074, "Actual Total Time": 0.074, "Actual Rows": 5, "Actual Loops": 1, "Hash Buckets": 32768, "Hash Batches": 1, "Original Hash Batches": 1, "Peak Memory Usage": 1, "Plans": [{"Node Type": "Hash Join", "Parent Relationship": "Outer", "Join Type": "Inner", "Startup Cost": 1.07, "Total Cost": 2.44, "Plan Rows": 5, "Plan Width": 4, "Actual Startup Time": 0.06, "Actual Total Time": 0.068, "Actual Rows": 5, "Actual Loops": 1, "Inner Unique": true, "Hash Cond": "(n1.n_regionkey = region.r_regionkey)", "Plans": [{"Node Type": "Seq Scan", "Parent Relationship": "Outer", "Relation Name": "nation", "Alias": "n1", "Startup Cost": 0.0, "Total Cost": 1.25, "Plan Rows": 25, "Plan Width": 8, "Actual Startup Time": 0.011, "Actual Total Time": 0.015, "Actual Rows": 25, "Actual Loops": 1}, {"Node Type": "Hash", "Parent Relationship": "Inner", "Startup Cost": 1.06, "Total Cost": 1.06, "Plan Rows": 1, "Plan Width": 4, "Actual Startup Time": 0.013, "Actual Total Time": 0.013, "Actual Rows": 1, "Actual Loops": 1, "Hash Buckets": 32768, "Hash Batches": 1, "Original Hash Batches": 1, "Peak Memory Usage": 1, "Plans": [{"Node Type": "Seq Scan", "Parent Relationship": "Outer", "Relation Name": "region", "Alias": "region", "Startup Cost": 0.0, "Total Cost": 1.06, "Plan Rows": 1, "Plan Width": 4, "Actual Startup Time": 0.011, "Actual Total Time": 0.012, "Actual Rows": 1, "Actual Loops": 1, "Filter": "(r_name = 'ASIA'::bpchar)", "Rows Removed by Filter": 4}]}]}]}]}, {"Node Type": "Hash", "Parent Relationship": "Inner", "Startup Cost": 1.25, "Total Cost": 1.25, "Plan Rows": 25, "Plan Width": 30, "Actual Startup Time": 0.04, "Actual Total Time": 0.04, "Actual Rows": 25, "Actual Loops": 1, "Hash Buckets": 32768, "Hash Batches": 1, "Original Hash Batches": 1, "Peak Memory Usage": 2, "Plans": [{"Node Type": "Seq Scan", "Parent Relationship": "Outer", "Relation Name": "nation", "Alias": "n2", "Startup Cost": 0.0, "Total Cost": 1.25, "Plan Rows": 25, "Plan Width": 30, "Actual Startup Time": 0.016, "Actual Total Time": 0.023, "Actual Rows": 25, "Actual Loops": 1}]}]}]}]}, "Triggers": [], "Planner Runtime": 5, "Total Runtime": 6590.535, "Unique SQL Id": 3681808042}}, "(16, 109)": {"explain_plan": {"Plan": {"Node Type": "Sort", "Startup Cost": 526963.15, "Total Cost": 526963.18, "Plan Rows": 10, "Plan Width": 66, "Sort Key": ["(date_part('year'::text, orders.o_orderdate))"], "Plans": [{"Node Type": "Aggregate", "Strategy": "Hashed", "Parent Relationship": "Outer", "Startup Cost": 526962.83, "Total Cost": 526962.98, "Plan Rows": 10, "Plan Width": 66, "Group By Key": ["date_part('year'::text, orders.o_orderdate)"], "Plans": [{"Node Type": "Hash Join", "Parent Relationship": "Outer", "Join Type": "Inner", "Startup Cost": 6618.28, "Total Cost": 526843.01, "Plan Rows": 5991, "Plan Width": 50, "Inner Unique": true, "Hash Cond": "(supplier.s_nationkey = n2.n_nationkey)", "Plans": [{"Node Type": "Hash Join", "Parent Relationship": "Outer", "Join Type": "Inner", "Startup Cost": 6605.34, "Total Cost": 526732.72, "Plan Rows": 5991, "Plan Width": 28, "Inner Unique": false, "Hash Cond": "(customer.c_nationkey = n1.n_nationkey)", "Plans": [{"Node Type": "Nested Loop", "Parent Relationship": "Outer", "Join Type": "Inner", "Startup Cost": 6584.54, "Total Cost": 526572.45, "Plan Rows": 29954, "Plan Width": 32, "Inner Unique": true, "Plans": [{"Node Type": "Hash Join", "Parent Relationship": "Outer", "Join Type": "Inner", "Startup Cost": 6584.54, "Total Cost": 510320.57, "Plan Rows": 51198, "Plan Width": 36, "Inner Unique": true, "Hash Cond": "(lineitem.l_suppkey = supplier.s_suppkey)", "Plans": [{"Node Type": "Nested Loop", "Parent Relationship": "Outer", "Join Type": "Inner", "Startup Cost": 0.0, "Total Cost": 503356.69, "Plan Rows": 86479, "Plan Width": 40, "Inner Unique": true, "Plans": [{"Node Type": "Nested Loop", "Parent Relationship": "Outer", "Join Type": "Inner", "Startup Cost": 0.0, "Total Cost": 480423.82, "Plan Rows": 74637, "Plan Width": 32, "Inner Unique": false, "Plans": [{"Node Type": "Index Scan", "Parent Relationship": "Outer", "Scan Direction": "Forward", "Index Name": "part_kpey", "Relation Name": "part", "Alias": "part", "Startup Cost": 0.0, "Total Cost": 105803.25, "Plan Rows": 13538, "Plan Width": 8, "Filter": "((p_type)::text = 'SMALL PLATED COPPER'::text)"}, {"Node Type": "Index Scan", "Parent Relationship": "Inner", "Scan Direction": "Forward", "Index Name": "idx_lineitem_part_supp", "Relation Name": "lineitem", "Alias": "lineitem", "Startup Cost": 0.0, "Total Cost": 27.61, "Plan Rows": 6, "Plan Width": 40, "Index Cond": "(l_partkey = part.p_partkey)"}]}, {"Node Type": "Index Scan", "Parent Relationship": "Inner", "Scan Direction": "Forward", "Index Name": "orders_pkey", "Relation Name": "orders", "Alias": "orders", "Startup Cost": 0.0, "Total Cost": 0.3, "Plan Rows": 1, "Plan Width": 24, "Index Cond": "(o_orderkey = lineitem.l_orderkey)", "Filter": "((o_orderdate >= '1995-01-01 00:00:00'::timestamp(0) without time zone) AND (o_orderdate <= '1996-12-31 00:00:00'::timestamp(0) without time zone))"}]}, {"Node Type": "Hash", "Parent Relationship": "Inner", "Startup Cost": 5334.54, "Total Cost": 5334.54, "Plan Rows": 100000, "Plan Width": 12, "Plans": [{"Node Type": "Index Scan", "Parent Relationship": "Outer", "Scan Direction": "Forward", "Index Name": "supplier_pkey", "Relation Name": "supplier", "Alias": "supplier", "Startup Cost": 0.0, "Total Cost": 5334.54, "Plan Rows": 100000, "Plan Width": 12}]}]}, {"Node Type": "Index Scan", "Parent Relationship": "Inner", "Scan Direction": "Forward", "Index Name": "customer_pkey", "Relation Name": "customer", "Alias": "customer", "Startup Cost": 0.0, "Total Cost": 0.31, "Plan Rows": 1, "Plan Width": 12, "Index Cond": "(c_custkey = orders.o_custkey)"}]}, {"Node Type": "Hash", "Parent Relationship": "Inner", "Startup Cost": 20.74, "Total Cost": 20.74, "Plan Rows": 5, "Plan Width": 4, "Plans": [{"Node Type": "Nested Loop", "Parent Relationship": "Outer", "Join Type": "Inner", "Startup Cost": 0.0, "Total Cost": 20.74, "Plan Rows": 5, "Plan Width": 4, "Inner Unique": false, "Plans": [{"Node Type": "Index Scan", "Parent Relationship": "Outer", "Scan Direction": "Forward", "Index Name": "region_pkey", "Relation Name": "region", "Alias": "region", "Startup Cost": 0.0, "Total Cost": 12.34, "Plan Rows": 1, "Plan Width": 4, "Filter": "(r_name = 'ASIA'::bpchar)"}, {"Node Type": "Index Scan", "Parent Relationship": "Inner", "Scan Direction": "Forward", "Index Name": "idx_nation_regionkey", "Relation Name": "nation", "Alias": "n1", "Startup Cost": 0.0, "Total Cost": 8.35, "Plan Rows": 5, "Plan Width": 8, "Index Cond": "(n_regionkey = region.r_regionkey)"}]}]}]}, {"Node Type": "Hash", "Parent Relationship": "Inner", "Startup Cost": 12.62, "Total Cost": 12.62, "Plan Rows": 25, "Plan Width": 30, "Plans": [{"Node Type": "Index Scan", "Parent Relationship": "Outer", "Scan Direction": "Forward", "Index Name": "nation_pkey", "Relation Name": "nation", "Alias": "n2", "Startup Cost": 0.0, "Total Cost": 12.62, "Plan Rows": 25, "Plan Width": 30}]}]}]}]}, "Unique SQL Id": 3681808042, "Planner Runtime": 4}, "explain_analyze_plan": {"Plan": {"Node Type": "Sort", "Startup Cost": 526963.15, "Total Cost": 526963.18, "Plan Rows": 10, "Plan Width": 66, "Actual Startup Time": 7259.118, "Actual Total Time": 7259.118, "Actual Rows": 2, "Actual Loops": 1, "Sort Key": ["(date_part('year'::text, orders.o_orderdate))"], "Sort Method": "quicksort", "Sort Space Used": 25, "Sort Space Type": "Memory", "Plans": [{"Node Type": "Aggregate", "Strategy": "Hashed", "Parent Relationship": "Outer", "Startup Cost": 526962.83, "Total Cost": 526962.98, "Plan Rows": 10, "Plan Width": 66, "Actual Startup Time": 7259.099, "Actual Total Time": 7259.101, "Actual Rows": 2, "Actual Loops": 1, "Group By Key": ["date_part('year'::text, orders.o_orderdate)"], "Plans": [{"Node Type": "Hash Join", "Parent Relationship": "Outer", "Join Type": "Inner", "Startup Cost": 6618.28, "Total Cost": 526843.01, "Plan Rows": 5991, "Plan Width": 50, "Actual Startup Time": 103.776, "Actual Total Time": 7221.88, "Actual Rows": 23929, "Actual Loops": 1, "Inner Unique": true, "Hash Cond": "(supplier.s_nationkey = n2.n_nationkey)", "Plans": [{"Node Type": "Hash Join", "Parent Relationship": "Outer", "Join Type": "Inner", "Startup Cost": 6605.34, "Total Cost": 526732.72, "Plan Rows": 5991, "Plan Width": 28, "Actual Startup Time": 103.672, "Actual Total Time": 7187.912, "Actual Rows": 23929, "Actual Loops": 1, "Inner Unique": false, "Hash Cond": "(customer.c_nationkey = n1.n_nationkey)", "Plans": [{"Node Type": "Nested Loop", "Parent Relationship": "Outer", "Join Type": "Inner", "Startup Cost": 6584.54, "Total Cost": 526572.45, "Plan Rows": 29954, "Plan Width": 32, "Actual Startup Time": 103.406, "Actual Total Time": 7150.2, "Actual Rows": 119765, "Actual Loops": 1, "Inner Unique": true, "Plans": [{"Node Type": "Hash Join", "Parent Relationship": "Outer", "Join Type": "Inner", "Startup Cost": 6584.54, "Total Cost": 510320.57, "Plan Rows": 51198, "Plan Width": 36, "Actual Startup Time": 103.376, "Actual Total Time": 6218.905, "Actual Rows": 119765, "Actual Loops": 1, "Inner Unique": true, "Hash Cond": "(lineitem.l_suppkey = supplier.s_suppkey)", "Plans": [{"Node Type": "Nested Loop", "Parent Relationship": "Outer", "Join Type": "Inner", "Startup Cost": 0.0, "Total Cost": 503356.69, "Plan Rows": 86479, "Plan Width": 40, "Actual Startup Time": 0.145, "Actual Total Time": 6033.436, "Actual Rows": 119765, "Actual Loops": 1, "Inner Unique": true, "Plans": [{"Node Type": "Nested Loop", "Parent Relationship": "Outer", "Join Type": "Inner", "Startup Cost": 0.0, "Total Cost": 480423.82, "Plan Rows": 74637, "Plan Width": 32, "Actual Startup Time": 0.038, "Actual Total Time": 2610.331, "Actual Rows": 395341, "Actual Loops": 1, "Inner Unique": false, "Plans": [{"Node Type": "Index Scan", "Parent Relationship": "Outer", "Scan Direction": "Forward", "Index Name": "part_kpey", "Relation Name": "part", "Alias": "part", "Startup Cost": 0.0, "Total Cost": 105803.25, "Plan Rows": 13538, "Plan Width": 8, "Actual Startup Time": 0.024, "Actual Total Time": 1364.05, "Actual Rows": 13163, "Actual Loops": 1, "Filter": "((p_type)::text = 'SMALL PLATED COPPER'::text)", "Rows Removed by Filter": 1986837}, {"Node Type": "Index Scan", "Parent Relationship": "Inner", "Scan Direction": "Forward", "Index Name": "idx_lineitem_part_supp", "Relation Name": "lineitem", "Alias": "lineitem", "Startup Cost": 0.0, "Total Cost": 27.61, "Plan Rows": 6, "Plan Width": 40, "Actual Startup Time": 160.318, "Actual Total Time": 1143.093, "Actual Rows": 395341, "Actual Loops": 13163, "Index Cond": "(l_partkey = part.p_partkey)", "Rows Removed by Index Recheck": 0}]}, {"Node Type": "Index Scan", "Parent Relationship": "Inner", "Scan Direction": "Forward", "Index Name": "orders_pkey", "Relation Name": "orders", "Alias": "orders", "Startup Cost": 0.0, "Total Cost": 0.3, "Plan Rows": 1, "Plan Width": 24, "Actual Startup Time": 3189.021, "Actual Total Time": 3189.021, "Actual Rows": 119765, "Actual Loops": 395341, "Index Cond": "(o_orderkey = lineitem.l_orderkey)", "Rows Removed by Index Recheck": 0, "Filter": "((o_orderdate >= '1995-01-01 00:00:00'::timestamp(0) without time zone) AND (o_orderdate <= '1996-12-31 00:00:00'::timestamp(0) without time zone))", "Rows Removed by Filter": 275576}]}, {"Node Type": "Hash", "Parent Relationship": "Inner", "Startup Cost": 5334.54, "Total Cost": 5334.54, "Plan Rows": 100000, "Plan Width": 12, "Actual Startup Time": 103.046, "Actual Total Time": 103.046, "Actual Rows": 100000, "Actual Loops": 1, "Hash Buckets": 131072, "Hash Batches": 1, "Original Hash Batches": 1, "Peak Memory Usage": 4297, "Plans": [{"Node Type": "Index Scan", "Parent Relationship": "Outer", "Scan Direction": "Forward", "Index Name": "supplier_pkey", "Relation Name": "supplier", "Alias": "supplier", "Startup Cost": 0.0, "Total Cost": 5334.54, "Plan Rows": 100000, "Plan Width": 12, "Actual Startup Time": 0.019, "Actual Total Time": 74.651, "Actual Rows": 100000, "Actual Loops": 1}]}]}, {"Node Type": "Index Scan", "Parent Relationship": "Inner", "Scan Direction": "Forward", "Index Name": "customer_pkey", "Relation Name": "customer", "Alias": "customer", "Startup Cost": 0.0, "Total Cost": 0.31, "Plan Rows": 1, "Plan Width": 12, "Actual Startup Time": 819.21, "Actual Total Time": 819.21, "Actual Rows": 119765, "Actual Loops": 119765, "Index Cond": "(c_custkey = orders.o_custkey)", "Rows Removed by Index Recheck": 0}]}, {"Node Type": "Hash", "Parent Relationship": "Inner", "Startup Cost": 20.74, "Total Cost": 20.74, "Plan Rows": 5, "Plan Width": 4, "Actual Startup Time": 0.027, "Actual Total Time": 0.027, "Actual Rows": 5, "Actual Loops": 1, "Hash Buckets": 32768, "Hash Batches": 1, "Original Hash Batches": 1, "Peak Memory Usage": 1, "Plans": [{"Node Type": "Nested Loop", "Parent Relationship": "Outer", "Join Type": "Inner", "Startup Cost": 0.0, "Total Cost": 20.74, "Plan Rows": 5, "Plan Width": 4, "Actual Startup Time": 0.018, "Actual Total Time": 0.024, "Actual Rows": 5, "Actual Loops": 1, "Inner Unique": false, "Plans": [{"Node Type": "Index Scan", "Parent Relationship": "Outer", "Scan Direction": "Forward", "Index Name": "region_pkey", "Relation Name": "region", "Alias": "region", "Startup Cost": 0.0, "Total Cost": 12.34, "Plan Rows": 1, "Plan Width": 4, "Actual Startup Time": 0.009, "Actual Total Time": 0.01, "Actual Rows": 1, "Actual Loops": 1, "Filter": "(r_name = 'ASIA'::bpchar)", "Rows Removed by Filter": 4}, {"Node Type": "Index Scan", "Parent Relationship": "Inner", "Scan Direction": "Forward", "Index Name": "idx_nation_regionkey", "Relation Name": "nation", "Alias": "n1", "Startup Cost": 0.0, "Total Cost": 8.35, "Plan Rows": 5, "Plan Width": 8, "Actual Startup Time": 0.006, "Actual Total Time": 0.007, "Actual Rows": 5, "Actual Loops": 1, "Index Cond": "(n_regionkey = region.r_regionkey)", "Rows Removed by Index Recheck": 0}]}]}]}, {"Node Type": "Hash", "Parent Relationship": "Inner", "Startup Cost": 12.62, "Total Cost": 12.62, "Plan Rows": 25, "Plan Width": 30, "Actual Startup Time": 0.035, "Actual Total Time": 0.035, "Actual Rows": 25, "Actual Loops": 1, "Hash Buckets": 32768, "Hash Batches": 1, "Original Hash Batches": 1, "Peak Memory Usage": 2, "Plans": [{"Node Type": "Index Scan", "Parent Relationship": "Outer", "Scan Direction": "Forward", "Index Name": "nation_pkey", "Relation Name": "nation", "Alias": "n2", "Startup Cost": 0.0, "Total Cost": 12.62, "Plan Rows": 25, "Plan Width": 30, "Actual Startup Time": 0.009, "Actual Total Time": 0.023, "Actual Rows": 25, "Actual Loops": 1}]}]}]}]}, "Triggers": [], "Planner Runtime": 4, "Total Runtime": 7259.535, "Unique SQL Id": 3681808042}}, "(16, 110)": {"explain_plan": {"Plan": {"Node Type": "Sort", "Startup Cost": 2907141.92, "Total Cost": 2907141.94, "Plan Rows": 10, "Plan Width": 66, "Sort Key": ["(date_part('year'::text, orders.o_orderdate))"], "Plans": [{"Node Type": "Aggregate", "Strategy": "Hashed", "Parent Relationship": "Outer", "Startup Cost": 2907141.6, "Total Cost": 2907141.75, "Plan Rows": 10, "Plan Width": 66, "Group By Key": ["date_part('year'::text, orders.o_orderdate)"], "Plans": [{"Node Type": "Hash Join", "Parent Relationship": "Outer", "Join Type": "Inner", "Startup Cost": 664848.38, "Total Cost": 2907021.78, "Plan Rows": 5991, "Plan Width": 50, "Inner Unique": true, "Hash Cond": "(supplier.s_nationkey = n2.n_nationkey)", "Plans": [{"Node Type": "Hash Join", "Parent Relationship": "Outer", "Join Type": "Inner", "Startup Cost": 664846.82, "Total Cost": 2906922.86, "Plan Rows": 5991, "Plan Width": 28, "Inner Unique": true, "Hash Cond": "(lineitem.l_suppkey = supplier.s_suppkey)", "Plans": [{"Node Type": "Hash Join", "Parent Relationship": "Outer", "Join Type": "Inner", "Startup Cost": 660313.82, "Total Cost": 2902243.54, "Plan Rows": 17296, "Plan Width": 32, "Inner Unique": false, "Hash Cond": "(lineitem.l_orderkey = orders.o_orderkey)", "Plans": [{"Node Type": "Hash Join", "Parent Relationship": "Outer", "Join Type": "Inner", "Startup Cost": 67113.23, "Total Cost": 2307926.3, "Plan Rows": 74637, "Plan Width": 32, "Inner Unique": true, "Hash Cond": "(lineitem.l_partkey = part.p_partkey)", "Plans": [{"Node Type": "Seq Scan", "Parent Relationship": "Outer", "Relation Name": "lineitem", "Alias": "lineitem", "Startup Cost": 0.0, "Total Cost": 2015115.33, "Plan Rows": 59987033, "Plan Width": 40}, {"Node Type": "Hash", "Parent Relationship": "Inner", "Startup Cost": 66944.0, "Total Cost": 66944.0, "Plan Rows": 13538, "Plan Width": 8, "Plans": [{"Node Type": "Seq Scan", "Parent Relationship": "Outer", "Relation Name": "part", "Alias": "part", "Startup Cost": 0.0, "Total Cost": 66944.0, "Plan Rows": 13538, "Plan Width": 8, "Filter": "((p_type)::text = 'SMALL PLATED COPPER'::text)"}]}]}, {"Node Type": "Hash", "Parent Relationship": "Inner", "Startup Cost": 586571.9, "Total Cost": 586571.9, "Plan Rows": 530296, "Plan Width": 16, "Plans": [{"Node Type": "Hash Join", "Parent Relationship": "Outer", "Join Type": "Inner", "Startup Cost": 63058.22, "Total Cost": 586571.9, "Plan Rows": 530296, "Plan Width": 16, "Inner Unique": false, "Hash Cond": "(orders.o_custkey = customer.c_custkey), (LLVM Optimized)", "Plans": [{"Node Type": "Seq Scan", "Parent Relationship": "Outer", "Relation Name": "orders", "Alias": "orders", "Startup Cost": 195.35, "Total Cost": 501411.18, "Plan Rows": 4531967, "Plan Width": 24, "Filter": "((o_orderdate >= '1995-01-01 00:00:00'::timestamp(0) without time zone) AND (o_orderdate <= '1996-12-31 00:00:00'::timestamp(0) without time zone)), (LLVM Optimized)"}, {"Node Type": "Hash", "Parent Relationship": "Inner", "Startup Cost": 59112.88, "Total Cost": 59112.88, "Plan Rows": 300000, "Plan Width": 8, "Plans": [{"Node Type": "Hash Join", "Parent Relationship": "Outer", "Join Type": "Inner", "Startup Cost": 2.5, "Total Cost": 59112.88, "Plan Rows": 300000, "Plan Width": 8, "Inner Unique": false, "Hash Cond": "(customer.c_nationkey = n1.n_nationkey), (LLVM Optimized)", "Plans": [{"Node Type": "Seq Scan", "Parent Relationship": "Outer", "Relation Name": "customer", "Alias": "customer", "Startup Cost": 0.0, "Total Cost": 52126.0, "Plan Rows": 1500000, "Plan Width": 12}, {"Node Type": "Hash", "Parent Relationship": "Inner", "Startup Cost": 2.44, "Total Cost": 2.44, "Plan Rows": 5, "Plan Width": 4, "Plans": [{"Node Type": "Hash Join", "Parent Relationship": "Outer", "Join Type": "Inner", "Startup Cost": 1.07, "Total Cost": 2.44, "Plan Rows": 5, "Plan Width": 4, "Inner Unique": true, "Hash Cond": "(n1.n_regionkey = region.r_regionkey)", "Plans": [{"Node Type": "Seq Scan", "Parent Relationship": "Outer", "Relation Name": "nation", "Alias": "n1", "Startup Cost": 0.0, "Total Cost": 1.25, "Plan Rows": 25, "Plan Width": 8}, {"Node Type": "Hash", "Parent Relationship": "Inner", "Startup Cost": 1.06, "Total Cost": 1.06, "Plan Rows": 1, "Plan Width": 4, "Plans": [{"Node Type": "Seq Scan", "Parent Relationship": "Outer", "Relation Name": "region", "Alias": "region", "Startup Cost": 0.0, "Total Cost": 1.06, "Plan Rows": 1, "Plan Width": 4, "Filter": "(r_name = 'ASIA'::bpchar)"}]}]}]}]}]}]}]}]}, {"Node Type": "Hash", "Parent Relationship": "Inner", "Startup Cost": 3283.0, "Total Cost": 3283.0, "Plan Rows": 100000, "Plan Width": 12, "Plans": [{"Node Type": "Seq Scan", "Parent Relationship": "Outer", "Relation Name": "supplier", "Alias": "supplier", "Startup Cost": 0.0, "Total Cost": 3283.0, "Plan Rows": 100000, "Plan Width": 12}]}]}, {"Node Type": "Hash", "Parent Relationship": "Inner", "Startup Cost": 1.25, "Total Cost": 1.25, "Plan Rows": 25, "Plan Width": 30, "Plans": [{"Node Type": "Seq Scan", "Parent Relationship": "Outer", "Relation Name": "nation", "Alias": "n2", "Startup Cost": 0.0, "Total Cost": 1.25, "Plan Rows": 25, "Plan Width": 30}]}]}]}]}, "Unique SQL Id": 3681808042, "Planner Runtime": 5}, "explain_analyze_plan": null}, "(16, 111)": {"explain_plan": {"Plan": {"Node Type": "Sort", "Startup Cost": 8000424382396.96, "Total Cost": 8000424382396.98, "Plan Rows": 10, "Plan Width": 66, "Sort Key": ["(date_part('year'::text, orders.o_orderdate))"], "Plans": [{"Node Type": "Aggregate", "Strategy": "Hashed", "Parent Relationship": "Outer", "Startup Cost": 8000424382396.64, "Total Cost": 8000424382396.79, "Plan Rows": 10, "Plan Width": 66, "Group By Key": ["date_part('year'::text, orders.o_orderdate)"], "Plans": [{"Node Type": "Hash Join", "Parent Relationship": "Outer", "Join Type": "Inner", "Startup Cost": 6020424107984.83, "Total Cost": 8000424382050.72, "Plan Rows": 17296, "Plan Width": 50, "Inner Unique": true, "Hash Cond": "(supplier.s_nationkey = n2.n_nationkey)", "Plans": [{"Node Type": "Hash Join", "Parent Relationship": "Outer", "Join Type": "Inner", "Startup Cost": 5020424106722.02, "Total Cost": 7000424380506.85, "Plan Rows": 17296, "Plan Width": 28, "Inner Unique": true, "Hash Cond": "(lineitem.l_suppkey = supplier.s_suppkey)", "Plans": [{"Node Type": "Hash Join", "Parent Relationship": "Outer", "Join Type": "Inner", "Startup Cost": 4020423572017.64, "Total Cost": 6000423845656.15, "Plan Rows": 17296, "Plan Width": 32, "Inner Unique": false, "Hash Cond": "(orders.o_orderkey = lineitem.l_orderkey)", "Plans": [{"Node Type": "Hash Join", "Parent Relationship": "Outer", "Join Type": "Inner", "Startup Cost": 2020088749518.21, "Total Cost": 4000089018342.74, "Plan Rows": 530296, "Plan Width": 16, "Inner Unique": false, "Hash Cond": "(customer.c_custkey = orders.o_custkey), (LLVM Optimized)", "Plans": [{"Node Type": "Hash Join", "Parent Relationship": "Outer", "Join Type": "Inner", "Startup Cost": 1020008095285.62, "Total Cost": 3000008100432.19, "Plan Rows": 300000, "Plan Width": 8, "Inner Unique": false, "Hash Cond": "(n1.n_nationkey = customer.c_nationkey), (LLVM Optimized)", "Plans": [{"Node Type": "Nested Loop", "Parent Relationship": "Outer", "Join Type": "Inner", "Startup Cost": 20000000000.0, "Total Cost": 2000000002068.8, "Plan Rows": 5, "Plan Width": 4, "Inner Unique": false, "Plans": [{"Node Type": "Index Scan", "Parent Relationship": "Outer", "Scan Direction": "Forward", "Index Name": "region_pkey", "Relation Name": "region", "Alias": "region", "Startup Cost": 10000000000.0, "Total Cost": 1000000001233.75, "Plan Rows": 1, "Plan Width": 4, "Filter": "(r_name = 'ASIA'::bpchar)"}, {"Node Type": "Index Scan", "Parent Relationship": "Inner", "Scan Direction": "Forward", "Index Name": "idx_nation_regionkey", "Relation Name": "nation", "Alias": "n1", "Startup Cost": 10000000000.0, "Total Cost": 1000000000835.0, "Plan Rows": 5, "Plan Width": 8, "Index Cond": "(n_regionkey = region.r_regionkey)"}]}, {"Node Type": "Hash", "Parent Relationship": "Inner", "Startup Cost": 1000008076535.62, "Total Cost": 1000008076535.62, "Plan Rows": 1500000, "Plan Width": 12, "Plans": [{"Node Type": "Index Scan", "Parent Relationship": "Outer", "Scan Direction": "Forward", "Index Name": "customer_pkey", "Relation Name": "customer", "Alias": "customer", "Startup Cost": 10000000000.0, "Total Cost": 1000008076535.62, "Plan Rows": 1500000, "Plan Width": 12}]}]}, {"Node Type": "Hash", "Parent Relationship": "Inner", "Startup Cost": 1000080597583.0, "Total Cost": 1000080597583.0, "Plan Rows": 4531967, "Plan Width": 24, "Plans": [{"Node Type": "Index Scan", "Parent Relationship": "Outer", "Scan Direction": "Forward", "Index Name": "orders_pkey", "Relation Name": "orders", "Alias": "orders", "Startup Cost": 10000000000.0, "Total Cost": 1000080597583.0, "Plan Rows": 4531967, "Plan Width": 24, "Filter": "((o_orderdate >= '1995-01-01 00:00:00'::timestamp(0) without time zone) AND (o_orderdate <= '1996-12-31 00:00:00'::timestamp(0) without time zone)), (LLVM Optimized)"}]}]}, {"Node Type": "Hash", "Parent Relationship": "Inner", "Startup Cost": 2000334821566.47, "Total Cost": 2000334821566.47, "Plan Rows": 74637, "Plan Width": 32, "Plans": [{"Node Type": "Hash Join", "Parent Relationship": "Outer", "Join Type": "Inner", "Startup Cost": 1010010580494.22, "Total Cost": 2000334821566.47, "Plan Rows": 74637, "Plan Width": 32, "Inner Unique": true, "Hash Cond": "(lineitem.l_partkey = part.p_partkey)", "Plans": [{"Node Type": "Index Scan", "Parent Relationship": "Outer", "Scan Direction": "Forward", "Index Name": "idx_lineitem_orderkey", "Relation Name": "lineitem", "Alias": "lineitem", "Startup Cost": 10000000000.0, "Total Cost": 1000324015374.5, "Plan Rows": 59987033, "Plan Width": 40}, {"Node Type": "Hash", "Parent Relationship": "Inner", "Startup Cost": 1000010580325.0, "Total Cost": 1000010580325.0, "Plan Rows": 13538, "Plan Width": 8, "Plans": [{"Node Type": "Index Scan", "Parent Relationship": "Outer", "Scan Direction": "Forward", "Index Name": "part_kpey", "Relation Name": "part", "Alias": "part", "Startup Cost": 10000000000.0, "Total Cost": 1000010580325.0, "Plan Rows": 13538, "Plan Width": 8, "Filter": "((p_type)::text = 'SMALL PLATED COPPER'::text)"}]}]}]}]}, {"Node Type": "Hash", "Parent Relationship": "Inner", "Startup Cost": 1000000533454.38, "Total Cost": 1000000533454.38, "Plan Rows": 100000, "Plan Width": 12, "Plans": [{"Node Type": "Index Scan", "Parent Relationship": "Outer", "Scan Direction": "Forward", "Index Name": "supplier_pkey", "Relation Name": "supplier", "Alias": "supplier", "Startup Cost": 10000000000.0, "Total Cost": 1000000533454.38, "Plan Rows": 100000, "Plan Width": 12}]}]}, {"Node Type": "Hash", "Parent Relationship": "Inner", "Startup Cost": 1000000001262.5, "Total Cost": 1000000001262.5, "Plan Rows": 25, "Plan Width": 30, "Plans": [{"Node Type": "Index Scan", "Parent Relationship": "Outer", "Scan Direction": "Forward", "Index Name": "nation_pkey", "Relation Name": "nation", "Alias": "n2", "Startup Cost": 10000000000.0, "Total Cost": 1000000001262.5, "Plan Rows": 25, "Plan Width": 30}]}]}]}]}, "Unique SQL Id": 3681808042, "Planner Runtime": 10}, "explain_analyze_plan": null}, "(16, 112)": {"explain_plan": {"Plan": {"Node Type": "Sort", "Startup Cost": 505096.47, "Total Cost": 505096.49, "Plan Rows": 10, "Plan Width": 66, "Sort Key": ["(date_part('year'::text, orders.o_orderdate))"], "Plans": [{"Node Type": "Aggregate", "Strategy": "Hashed", "Parent Relationship": "Outer", "Startup Cost": 505096.15, "Total Cost": 505096.3, "Plan Rows": 10, "Plan Width": 66, "Group By Key": ["date_part('year'::text, orders.o_orderdate)"], "Plans": [{"Node Type": "Nested Loop", "Parent Relationship": "Outer", "Join Type": "Inner", "Startup Cost": 0.0, "Total Cost": 504976.33, "Plan Rows": 5991, "Plan Width": 50, "Inner Unique": true, "Plans": [{"Node Type": "Nested Loop", "Parent Relationship": "Outer", "Join Type": "Inner", "Startup Cost": 0.0, "Total Cost": 503283.15, "Plan Rows": 5991, "Plan Width": 28, "Inner Unique": true, "Plans": [{"Node Type": "Nested Loop", "Parent Relationship": "Outer", "Join Type": "Inner", "Startup Cost": 0.0, "Total Cost": 498437.19, "Plan Rows": 17296, "Plan Width": 32, "Inner Unique": false, "Join Filter": "(n1.n_nationkey = customer.c_nationkey)", "Plans": [{"Node Type": "Nested Loop", "Parent Relationship": "Outer", "Join Type": "Inner", "Startup Cost": 0.0, "Total Cost": 491948.63, "Plan Rows": 86479, "Plan Width": 36, "Inner Unique": true, "Plans": [{"Node Type": "Nested Loop", "Parent Relationship": "Outer", "Join Type": "Inner", "Startup Cost": 0.0, "Total Cost": 464497.44, "Plan Rows": 86479, "Plan Width": 40, "Inner Unique": true, "Plans": [{"Node Type": "Nested Loop", "Parent Relationship": "Outer", "Join Type": "Inner", "Startup Cost": 0.0, "Total Cost": 441564.57, "Plan Rows": 74637, "Plan Width": 32, "Inner Unique": false, "Plans": [{"Node Type": "Seq Scan", "Parent Relationship": "Outer", "Relation Name": "part", "Alias": "part", "Startup Cost": 0.0, "Total Cost": 66944.0, "Plan Rows": 13538, "Plan Width": 8, "Filter": "((p_type)::text = 'SMALL PLATED COPPER'::text)"}, {"Node Type": "Index Scan", "Parent Relationship": "Inner", "Scan Direction": "Forward", "Index Name": "idx_lineitem_part_supp", "Relation Name": "lineitem", "Alias": "lineitem", "Startup Cost": 0.0, "Total Cost": 27.61, "Plan Rows": 6, "Plan Width": 40, "Index Cond": "(l_partkey = part.p_partkey)"}]}, {"Node Type": "Index Scan", "Parent Relationship": "Inner", "Scan Direction": "Forward", "Index Name": "orders_pkey", "Relation Name": "orders", "Alias": "orders", "Startup Cost": 0.0, "Total Cost": 0.3, "Plan Rows": 1, "Plan Width": 24, "Index Cond": "(o_orderkey = lineitem.l_orderkey)", "Filter": "((o_orderdate >= '1995-01-01 00:00:00'::timestamp(0) without time zone) AND (o_orderdate <= '1996-12-31 00:00:00'::timestamp(0) without time zone))"}]}, {"Node Type": "Index Scan", "Parent Relationship": "Inner", "Scan Direction": "Forward", "Index Name": "customer_pkey", "Relation Name": "customer", "Alias": "customer", "Startup Cost": 0.0, "Total Cost": 0.31, "Plan Rows": 1, "Plan Width": 12, "Index Cond": "(c_custkey = orders.o_custkey)"}]}, {"Node Type": "Materialize", "Parent Relationship": "Inner", "Startup Cost": 0.0, "Total Cost": 2.65, "Plan Rows": 5, "Plan Width": 4, "Plans": [{"Node Type": "Nested Loop", "Parent Relationship": "Outer", "Join Type": "Inner", "Startup Cost": 0.0, "Total Cost": 2.62, "Plan Rows": 5, "Plan Width": 4, "Inner Unique": false, "Join Filter": "(n1.n_regionkey = region.r_regionkey)", "Plans": [{"Node Type": "Seq Scan", "Parent Relationship": "Outer", "Relation Name": "region", "Alias": "region", "Startup Cost": 0.0, "Total Cost": 1.06, "Plan Rows": 1, "Plan Width": 4, "Filter": "(r_name = 'ASIA'::bpchar)"}, {"Node Type": "Seq Scan", "Parent Relationship": "Inner", "Relation Name": "nation", "Alias": "n1", "Startup Cost": 0.0, "Total Cost": 1.25, "Plan Rows": 25, "Plan Width": 8}]}]}]}, {"Node Type": "Index Scan", "Parent Relationship": "Inner", "Scan Direction": "Forward", "Index Name": "supplier_pkey", "Relation Name": "supplier", "Alias": "supplier", "Startup Cost": 0.0, "Total Cost": 0.27, "Plan Rows": 1, "Plan Width": 12, "Index Cond": "(s_suppkey = lineitem.l_suppkey)"}]}, {"Node Type": "Index Scan", "Parent Relationship": "Inner", "Scan Direction": "Forward", "Index Name": "nation_pkey", "Relation Name": "nation", "Alias": "n2", "Startup Cost": 0.0, "Total Cost": 0.27, "Plan Rows": 1, "Plan Width": 30, "Index Cond": "(n_nationkey = supplier.s_nationkey)"}]}]}]}, "Unique SQL Id": 3681808042, "Planner Runtime": 3}, "explain_analyze_plan": {"Plan": {"Node Type": "Sort", "Startup Cost": 505096.47, "Total Cost": 505096.49, "Plan Rows": 10, "Plan Width": 66, "Actual Startup Time": 7006.798, "Actual Total Time": 7006.798, "Actual Rows": 2, "Actual Loops": 1, "Sort Key": ["(date_part('year'::text, orders.o_orderdate))"], "Sort Method": "quicksort", "Sort Space Used": 25, "Sort Space Type": "Memory", "Plans": [{"Node Type": "Aggregate", "Strategy": "Hashed", "Parent Relationship": "Outer", "Startup Cost": 505096.15, "Total Cost": 505096.3, "Plan Rows": 10, "Plan Width": 66, "Actual Startup Time": 7006.778, "Actual Total Time": 7006.779, "Actual Rows": 2, "Actual Loops": 1, "Group By Key": ["date_part('year'::text, orders.o_orderdate)"], "Plans": [{"Node Type": "Nested Loop", "Parent Relationship": "Outer", "Join Type": "Inner", "Startup Cost": 0.0, "Total Cost": 504976.33, "Plan Rows": 5991, "Plan Width": 50, "Actual Startup Time": 0.506, "Actual Total Time": 6967.878, "Actual Rows": 23929, "Actual Loops": 1, "Inner Unique": true, "Plans": [{"Node Type": "Nested Loop", "Parent Relationship": "Outer", "Join Type": "Inner", "Startup Cost": 0.0, "Total Cost": 503283.15, "Plan Rows": 5991, "Plan Width": 28, "Actual Startup Time": 0.488, "Actual Total Time": 6879.824, "Actual Rows": 23929, "Actual Loops": 1, "Inner Unique": true, "Plans": [{"Node Type": "Nested Loop", "Parent Relationship": "Outer", "Join Type": "Inner", "Startup Cost": 0.0, "Total Cost": 498437.19, "Plan Rows": 17296, "Plan Width": 32, "Actual Startup Time": 0.473, "Actual Total Time": 6704.702, "Actual Rows": 23929, "Actual Loops": 1, "Inner Unique": false, "Join Filter": "(n1.n_nationkey = customer.c_nationkey)", "Rows Removed by Join Filter": 574896, "Plans": [{"Node Type": "Nested Loop", "Parent Relationship": "Outer", "Join Type": "Inner", "Startup Cost": 0.0, "Total Cost": 491948.63, "Plan Rows": 86479, "Plan Width": 36, "Actual Startup Time": 0.233, "Actual Total Time": 6486.62, "Actual Rows": 119765, "Actual Loops": 1, "Inner Unique": true, "Plans": [{"Node Type": "Nested Loop", "Parent Relationship": "Outer", "Join Type": "Inner", "Startup Cost": 0.0, "Total Cost": 464497.44, "Plan Rows": 86479, "Plan Width": 40, "Actual Startup Time": 0.218, "Actual Total Time": 5536.531, "Actual Rows": 119765, "Actual Loops": 1, "Inner Unique": true, "Plans": [{"Node Type": "Nested Loop", "Parent Relationship": "Outer", "Join Type": "Inner", "Startup Cost": 0.0, "Total Cost": 441564.57, "Plan Rows": 74637, "Plan Width": 32, "Actual Startup Time": 0.063, "Actual Total Time": 2039.844, "Actual Rows": 395341, "Actual Loops": 1, "Inner Unique": false, "Plans": [{"Node Type": "Seq Scan", "Parent Relationship": "Outer", "Relation Name": "part", "Alias": "part", "Startup Cost": 0.0, "Total Cost": 66944.0, "Plan Rows": 13538, "Plan Width": 8, "Actual Startup Time": 0.033, "Actual Total Time": 773.896, "Actual Rows": 13163, "Actual Loops": 1, "Filter": "((p_type)::text = 'SMALL PLATED COPPER'::text)", "Rows Removed by Filter": 1986837}, {"Node Type": "Index Scan", "Parent Relationship": "Inner", "Scan Direction": "Forward", "Index Name": "idx_lineitem_part_supp", "Relation Name": "lineitem", "Alias": "lineitem", "Startup Cost": 0.0, "Total Cost": 27.61, "Plan Rows": 6, "Plan Width": 40, "Actual Startup Time": 159.965, "Actual Total Time": 1161.38, "Actual Rows": 395341, "Actual Loops": 13163, "Index Cond": "(l_partkey = part.p_partkey)", "Rows Removed by Index Recheck": 0}]}, {"Node Type": "Index Scan", "Parent Relationship": "Inner", "Scan Direction": "Forward", "Index Name": "orders_pkey", "Relation Name": "orders", "Alias": "orders", "Startup Cost": 0.0, "Total Cost": 0.3, "Plan Rows": 1, "Plan Width": 24, "Actual Startup Time": 3248.275, "Actual Total Time": 3248.275, "Actual Rows": 119765, "Actual Loops": 395341, "Index Cond": "(o_orderkey = lineitem.l_orderkey)", "Rows Removed by Index Recheck": 0, "Filter": "((o_orderdate >= '1995-01-01 00:00:00'::timestamp(0) without time zone) AND (o_orderdate <= '1996-12-31 00:00:00'::timestamp(0) without time zone))", "Rows Removed by Filter": 275576}]}, {"Node Type": "Index Scan", "Parent Relationship": "Inner", "Scan Direction": "Forward", "Index Name": "customer_pkey", "Relation Name": "customer", "Alias": "customer", "Startup Cost": 0.0, "Total Cost": 0.31, "Plan Rows": 1, "Plan Width": 12, "Actual Startup Time": 839.255, "Actual Total Time": 839.255, "Actual Rows": 119765, "Actual Loops": 119765, "Index Cond": "(c_custkey = orders.o_custkey)", "Rows Removed by Index Recheck": 0}]}, {"Node Type": "Materialize", "Parent Relationship": "Inner", "Startup Cost": 0.0, "Total Cost": 2.65, "Plan Rows": 5, "Plan Width": 4, "Actual Startup Time": 12.797, "Actual Total Time": 64.631, "Actual Rows": 598825, "Actual Loops": 119765, "Plans": [{"Node Type": "Nested Loop", "Parent Relationship": "Outer", "Join Type": "Inner", "Startup Cost": 0.0, "Total Cost": 2.62, "Plan Rows": 5, "Plan Width": 4, "Actual Startup Time": 0.023, "Actual Total Time": 0.033, "Actual Rows": 5, "Actual Loops": 1, "Inner Unique": false, "Join Filter": "(n1.n_regionkey = region.r_regionkey)", "Rows Removed by Join Filter": 20, "Plans": [{"Node Type": "Seq Scan", "Parent Relationship": "Outer", "Relation Name": "region", "Alias": "region", "Startup Cost": 0.0, "Total Cost": 1.06, "Plan Rows": 1, "Plan Width": 4, "Actual Startup Time": 0.007, "Actual Total Time": 0.008, "Actual Rows": 1, "Actual Loops": 1, "Filter": "(r_name = 'ASIA'::bpchar)", "Rows Removed by Filter": 4}, {"Node Type": "Seq Scan", "Parent Relationship": "Inner", "Relation Name": "nation", "Alias": "n1", "Startup Cost": 0.0, "Total Cost": 1.25, "Plan Rows": 25, "Plan Width": 8, "Actual Startup Time": 0.007, "Actual Total Time": 0.01, "Actual Rows": 25, "Actual Loops": 1}]}]}]}, {"Node Type": "Index Scan", "Parent Relationship": "Inner", "Scan Direction": "Forward", "Index Name": "supplier_pkey", "Relation Name": "supplier", "Alias": "supplier", "Startup Cost": 0.0, "Total Cost": 0.27, "Plan Rows": 1, "Plan Width": 12, "Actual Startup Time": 143.152, "Actual Total Time": 143.152, "Actual Rows": 23929, "Actual Loops": 23929, "Index Cond": "(s_suppkey = lineitem.l_suppkey)", "Rows Removed by Index Recheck": 0}]}, {"Node Type": "Index Scan", "Parent Relationship": "Inner", "Scan Direction": "Forward", "Index Name": "nation_pkey", "Relation Name": "nation", "Alias": "n2", "Startup Cost": 0.0, "Total Cost": 0.27, "Plan Rows": 1, "Plan Width": 30, "Actual Startup Time": 41.105, "Actual Total Time": 41.105, "Actual Rows": 23929, "Actual Loops": 23929, "Index Cond": "(n_nationkey = supplier.s_nationkey)", "Rows Removed by Index Recheck": 0}]}]}]}, "Triggers": [], "Planner Runtime": 3, "Total Runtime": 7007.196, "Unique SQL Id": 3681808042}}, "(16, 113)": {"explain_plan": {"Plan": {"Node Type": "Sort", "Startup Cost": 543973.83, "Total Cost": 543973.85, "Plan Rows": 10, "Plan Width": 66, "Sort Key": ["(date_part('year'::text, orders.o_orderdate))"], "Plans": [{"Node Type": "Aggregate", "Strategy": "Hashed", "Parent Relationship": "Outer", "Startup Cost": 543973.51, "Total Cost": 543973.66, "Plan Rows": 10, "Plan Width": 66, "Group By Key": ["date_part('year'::text, orders.o_orderdate)"], "Plans": [{"Node Type": "Nested Loop", "Parent Relationship": "Outer", "Join Type": "Inner", "Startup Cost": 0.0, "Total Cost": 543853.69, "Plan Rows": 5991, "Plan Width": 50, "Inner Unique": true, "Plans": [{"Node Type": "Nested Loop", "Parent Relationship": "Outer", "Join Type": "Inner", "Startup Cost": 0.0, "Total Cost": 542160.52, "Plan Rows": 5991, "Plan Width": 28, "Inner Unique": true, "Plans": [{"Node Type": "Nested Loop", "Parent Relationship": "Outer", "Join Type": "Inner", "Startup Cost": 0.0, "Total Cost": 537314.56, "Plan Rows": 17296, "Plan Width": 32, "Inner Unique": false, "Join Filter": "(n1.n_nationkey = customer.c_nationkey)", "Plans": [{"Node Type": "Nested Loop", "Parent Relationship": "Outer", "Join Type": "Inner", "Startup Cost": 0.0, "Total Cost": 530807.88, "Plan Rows": 86479, "Plan Width": 36, "Inner Unique": true, "Plans": [{"Node Type": "Nested Loop", "Parent Relationship": "Outer", "Join Type": "Inner", "Startup Cost": 0.0, "Total Cost": 503356.69, "Plan Rows": 86479, "Plan Width": 40, "Inner Unique": true, "Plans": [{"Node Type": "Nested Loop", "Parent Relationship": "Outer", "Join Type": "Inner", "Startup Cost": 0.0, "Total Cost": 480423.82, "Plan Rows": 74637, "Plan Width": 32, "Inner Unique": false, "Plans": [{"Node Type": "Index Scan", "Parent Relationship": "Outer", "Scan Direction": "Forward", "Index Name": "part_kpey", "Relation Name": "part", "Alias": "part", "Startup Cost": 0.0, "Total Cost": 105803.25, "Plan Rows": 13538, "Plan Width": 8, "Filter": "((p_type)::text = 'SMALL PLATED COPPER'::text)"}, {"Node Type": "Index Scan", "Parent Relationship": "Inner", "Scan Direction": "Forward", "Index Name": "idx_lineitem_part_supp", "Relation Name": "lineitem", "Alias": "lineitem", "Startup Cost": 0.0, "Total Cost": 27.61, "Plan Rows": 6, "Plan Width": 40, "Index Cond": "(l_partkey = part.p_partkey)"}]}, {"Node Type": "Index Scan", "Parent Relationship": "Inner", "Scan Direction": "Forward", "Index Name": "orders_pkey", "Relation Name": "orders", "Alias": "orders", "Startup Cost": 0.0, "Total Cost": 0.3, "Plan Rows": 1, "Plan Width": 24, "Index Cond": "(o_orderkey = lineitem.l_orderkey)", "Filter": "((o_orderdate >= '1995-01-01 00:00:00'::timestamp(0) without time zone) AND (o_orderdate <= '1996-12-31 00:00:00'::timestamp(0) without time zone))"}]}, {"Node Type": "Index Scan", "Parent Relationship": "Inner", "Scan Direction": "Forward", "Index Name": "customer_pkey", "Relation Name": "customer", "Alias": "customer", "Startup Cost": 0.0, "Total Cost": 0.31, "Plan Rows": 1, "Plan Width": 12, "Index Cond": "(c_custkey = orders.o_custkey)"}]}, {"Node Type": "Materialize", "Parent Relationship": "Inner", "Startup Cost": 0.0, "Total Cost": 20.76, "Plan Rows": 5, "Plan Width": 4, "Plans": [{"Node Type": "Nested Loop", "Parent Relationship": "Outer", "Join Type": "Inner", "Startup Cost": 0.0, "Total Cost": 20.74, "Plan Rows": 5, "Plan Width": 4, "Inner Unique": false, "Plans": [{"Node Type": "Index Scan", "Parent Relationship": "Outer", "Scan Direction": "Forward", "Index Name": "region_pkey", "Relation Name": "region", "Alias": "region", "Startup Cost": 0.0, "Total Cost": 12.34, "Plan Rows": 1, "Plan Width": 4, "Filter": "(r_name = 'ASIA'::bpchar)"}, {"Node Type": "Index Scan", "Parent Relationship": "Inner", "Scan Direction": "Forward", "Index Name": "idx_nation_regionkey", "Relation Name": "nation", "Alias": "n1", "Startup Cost": 0.0, "Total Cost": 8.35, "Plan Rows": 5, "Plan Width": 8, "Index Cond": "(n_regionkey = region.r_regionkey)"}]}]}]}, {"Node Type": "Index Scan", "Parent Relationship": "Inner", "Scan Direction": "Forward", "Index Name": "supplier_pkey", "Relation Name": "supplier", "Alias": "supplier", "Startup Cost": 0.0, "Total Cost": 0.27, "Plan Rows": 1, "Plan Width": 12, "Index Cond": "(s_suppkey = lineitem.l_suppkey)"}]}, {"Node Type": "Index Scan", "Parent Relationship": "Inner", "Scan Direction": "Forward", "Index Name": "nation_pkey", "Relation Name": "nation", "Alias": "n2", "Startup Cost": 0.0, "Total Cost": 0.27, "Plan Rows": 1, "Plan Width": 30, "Index Cond": "(n_nationkey = supplier.s_nationkey)"}]}]}]}, "Unique SQL Id": 3681808042, "Planner Runtime": 3}, "explain_analyze_plan": {"Plan": {"Node Type": "Sort", "Startup Cost": 543973.83, "Total Cost": 543973.85, "Plan Rows": 10, "Plan Width": 66, "Actual Startup Time": 7638.685, "Actual Total Time": 7638.685, "Actual Rows": 2, "Actual Loops": 1, "Sort Key": ["(date_part('year'::text, orders.o_orderdate))"], "Sort Method": "quicksort", "Sort Space Used": 25, "Sort Space Type": "Memory", "Plans": [{"Node Type": "Aggregate", "Strategy": "Hashed", "Parent Relationship": "Outer", "Startup Cost": 543973.51, "Total Cost": 543973.66, "Plan Rows": 10, "Plan Width": 66, "Actual Startup Time": 7638.658, "Actual Total Time": 7638.66, "Actual Rows": 2, "Actual Loops": 1, "Group By Key": ["date_part('year'::text, orders.o_orderdate)"], "Plans": [{"Node Type": "Nested Loop", "Parent Relationship": "Outer", "Join Type": "Inner", "Startup Cost": 0.0, "Total Cost": 543853.69, "Plan Rows": 5991, "Plan Width": 50, "Actual Startup Time": 0.367, "Actual Total Time": 7599.402, "Actual Rows": 23929, "Actual Loops": 1, "Inner Unique": true, "Plans": [{"Node Type": "Nested Loop", "Parent Relationship": "Outer", "Join Type": "Inner", "Startup Cost": 0.0, "Total Cost": 542160.52, "Plan Rows": 5991, "Plan Width": 28, "Actual Startup Time": 0.356, "Actual Total Time": 7511.304, "Actual Rows": 23929, "Actual Loops": 1, "Inner Unique": true, "Plans": [{"Node Type": "Nested Loop", "Parent Relationship": "Outer", "Join Type": "Inner", "Startup Cost": 0.0, "Total Cost": 537314.56, "Plan Rows": 17296, "Plan Width": 32, "Actual Startup Time": 0.348, "Actual Total Time": 7329.477, "Actual Rows": 23929, "Actual Loops": 1, "Inner Unique": false, "Join Filter": "(n1.n_nationkey = customer.c_nationkey)", "Rows Removed by Join Filter": 574896, "Plans": [{"Node Type": "Nested Loop", "Parent Relationship": "Outer", "Join Type": "Inner", "Startup Cost": 0.0, "Total Cost": 530807.88, "Plan Rows": 86479, "Plan Width": 36, "Actual Startup Time": 0.177, "Actual Total Time": 7111.281, "Actual Rows": 119765, "Actual Loops": 1, "Inner Unique": true, "Plans": [{"Node Type": "Nested Loop", "Parent Relationship": "Outer", "Join Type": "Inner", "Startup Cost": 0.0, "Total Cost": 503356.69, "Plan Rows": 86479, "Plan Width": 40, "Actual Startup Time": 0.168, "Actual Total Time": 6165.853, "Actual Rows": 119765, "Actual Loops": 1, "Inner Unique": true, "Plans": [{"Node Type": "Nested Loop", "Parent Relationship": "Outer", "Join Type": "Inner", "Startup Cost": 0.0, "Total Cost": 480423.82, "Plan Rows": 74637, "Plan Width": 32, "Actual Startup Time": 0.063, "Actual Total Time": 2640.791, "Actual Rows": 395341, "Actual Loops": 1, "Inner Unique": false, "Plans": [{"Node Type": "Index Scan", "Parent Relationship": "Outer", "Scan Direction": "Forward", "Index Name": "part_kpey", "Relation Name": "part", "Alias": "part", "Startup Cost": 0.0, "Total Cost": 105803.25, "Plan Rows": 13538, "Plan Width": 8, "Actual Startup Time": 0.04, "Actual Total Time": 1363.377, "Actual Rows": 13163, "Actual Loops": 1, "Filter": "((p_type)::text = 'SMALL PLATED COPPER'::text)", "Rows Removed by Filter": 1986837}, {"Node Type": "Index Scan", "Parent Relationship": "Inner", "Scan Direction": "Forward", "Index Name": "idx_lineitem_part_supp", "Relation Name": "lineitem", "Alias": "lineitem", "Startup Cost": 0.0, "Total Cost": 27.61, "Plan Rows": 6, "Plan Width": 40, "Actual Startup Time": 164.943, "Actual Total Time": 1171.622, "Actual Rows": 395341, "Actual Loops": 13163, "Index Cond": "(l_partkey = part.p_partkey)", "Rows Removed by Index Recheck": 0}]}, {"Node Type": "Index Scan", "Parent Relationship": "Inner", "Scan Direction": "Forward", "Index Name": "orders_pkey", "Relation Name": "orders", "Alias": "orders", "Startup Cost": 0.0, "Total Cost": 0.3, "Plan Rows": 1, "Plan Width": 24, "Actual Startup Time": 3278.401, "Actual Total Time": 3278.401, "Actual Rows": 119765, "Actual Loops": 395341, "Index Cond": "(o_orderkey = lineitem.l_orderkey)", "Rows Removed by Index Recheck": 0, "Filter": "((o_orderdate >= '1995-01-01 00:00:00'::timestamp(0) without time zone) AND (o_orderdate <= '1996-12-31 00:00:00'::timestamp(0) without time zone))", "Rows Removed by Filter": 275576}]}, {"Node Type": "Index Scan", "Parent Relationship": "Inner", "Scan Direction": "Forward", "Index Name": "customer_pkey", "Relation Name": "customer", "Alias": "customer", "Startup Cost": 0.0, "Total Cost": 0.31, "Plan Rows": 1, "Plan Width": 12, "Actual Startup Time": 832.202, "Actual Total Time": 832.202, "Actual Rows": 119765, "Actual Loops": 119765, "Index Cond": "(c_custkey = orders.o_custkey)", "Rows Removed by Index Recheck": 0}]}, {"Node Type": "Materialize", "Parent Relationship": "Inner", "Startup Cost": 0.0, "Total Cost": 20.76, "Plan Rows": 5, "Plan Width": 4, "Actual Startup Time": 12.425, "Actual Total Time": 64.665, "Actual Rows": 598825, "Actual Loops": 119765, "Plans": [{"Node Type": "Nested Loop", "Parent Relationship": "Outer", "Join Type": "Inner", "Startup Cost": 0.0, "Total Cost": 20.74, "Plan Rows": 5, "Plan Width": 4, "Actual Startup Time": 0.018, "Actual Total Time": 0.024, "Actual Rows": 5, "Actual Loops": 1, "Inner Unique": false, "Plans": [{"Node Type": "Index Scan", "Parent Relationship": "Outer", "Scan Direction": "Forward", "Index Name": "region_pkey", "Relation Name": "region", "Alias": "region", "Startup Cost": 0.0, "Total Cost": 12.34, "Plan Rows": 1, "Plan Width": 4, "Actual Startup Time": 0.009, "Actual Total Time": 0.011, "Actual Rows": 1, "Actual Loops": 1, "Filter": "(r_name = 'ASIA'::bpchar)", "Rows Removed by Filter": 4}, {"Node Type": "Index Scan", "Parent Relationship": "Inner", "Scan Direction": "Forward", "Index Name": "idx_nation_regionkey", "Relation Name": "nation", "Alias": "n1", "Startup Cost": 0.0, "Total Cost": 8.35, "Plan Rows": 5, "Plan Width": 8, "Actual Startup Time": 0.005, "Actual Total Time": 0.006, "Actual Rows": 5, "Actual Loops": 1, "Index Cond": "(n_regionkey = region.r_regionkey)", "Rows Removed by Index Recheck": 0}]}]}]}, {"Node Type": "Index Scan", "Parent Relationship": "Inner", "Scan Direction": "Forward", "Index Name": "supplier_pkey", "Relation Name": "supplier", "Alias": "supplier", "Startup Cost": 0.0, "Total Cost": 0.27, "Plan Rows": 1, "Plan Width": 12, "Actual Startup Time": 148.659, "Actual Total Time": 148.659, "Actual Rows": 23929, "Actual Loops": 23929, "Index Cond": "(s_suppkey = lineitem.l_suppkey)", "Rows Removed by Index Recheck": 0}]}, {"Node Type": "Index Scan", "Parent Relationship": "Inner", "Scan Direction": "Forward", "Index Name": "nation_pkey", "Relation Name": "nation", "Alias": "n2", "Startup Cost": 0.0, "Total Cost": 0.27, "Plan Rows": 1, "Plan Width": 30, "Actual Startup Time": 41.417, "Actual Total Time": 41.417, "Actual Rows": 23929, "Actual Loops": 23929, "Index Cond": "(n_nationkey = supplier.s_nationkey)", "Rows Removed by Index Recheck": 0}]}]}]}, "Triggers": [], "Planner Runtime": 2, "Total Runtime": 7639.12, "Unique SQL Id": 3681808042}}, "(16, 114)": {"explain_plan": {"Plan": {"Node Type": "Sort", "Startup Cost": 1223730.05, "Total Cost": 1223730.08, "Plan Rows": 10, "Plan Width": 66, "Sort Key": ["(date_part('year'::text, orders.o_orderdate))"], "Plans": [{"Node Type": "Aggregate", "Strategy": "Hashed", "Parent Relationship": "Outer", "Startup Cost": 1223729.73, "Total Cost": 1223729.88, "Plan Rows": 10, "Plan Width": 66, "Group By Key": ["date_part('year'::text, orders.o_orderdate)"], "Plans": [{"Node Type": "Nested Loop", "Parent Relationship": "Outer", "Join Type": "Inner", "Startup Cost": 4.99, "Total Cost": 1223609.91, "Plan Rows": 5991, "Plan Width": 50, "Inner Unique": true, "Join Filter": "(supplier.s_nationkey = n2.n_nationkey)", "Plans": [{"Node Type": "Nested Loop", "Parent Relationship": "Outer", "Join Type": "Inner", "Startup Cost": 4.99, "Total Cost": 1221347.0, "Plan Rows": 5991, "Plan Width": 28, "Inner Unique": true, "Plans": [{"Node Type": "Nested Loop", "Parent Relationship": "Outer", "Join Type": "Inner", "Startup Cost": 4.73, "Total Cost": 1147315.35, "Plan Rows": 17296, "Plan Width": 32, "Inner Unique": false, "Join Filter": "(n1.n_nationkey = customer.c_nationkey)", "Plans": [{"Node Type": "Nested Loop", "Parent Relationship": "Outer", "Join Type": "Inner", "Startup Cost": 4.73, "Total Cost": 1140826.79, "Plan Rows": 86479, "Plan Width": 36, "Inner Unique": true, "Plans": [{"Node Type": "Nested Loop", "Parent Relationship": "Outer", "Join Type": "Inner", "Startup Cost": 4.47, "Total Cost": 770271.73, "Plan Rows": 86479, "Plan Width": 40, "Inner Unique": true, "Plans": [{"Node Type": "Nested Loop", "Parent Relationship": "Outer", "Join Type": "Inner", "Startup Cost": 4.21, "Total Cost": 450147.9, "Plan Rows": 74637, "Plan Width": 32, "Inner Unique": false, "Plans": [{"Node Type": "Seq Scan", "Parent Relationship": "Outer", "Relation Name": "part", "Alias": "part", "Startup Cost": 0.0, "Total Cost": 66944.0, "Plan Rows": 13538, "Plan Width": 8, "Filter": "((p_type)::text = 'SMALL PLATED COPPER'::text)"}, {"Node Type": "Bitmap Heap Scan", "Parent Relationship": "Inner", "Relation Name": "lineitem", "Alias": "lineitem", "Startup Cost": 4.21, "Total Cost": 28.25, "Plan Rows": 6, "Plan Width": 40, "Recheck Cond": "(l_partkey = part.p_partkey)", "Plans": [{"Node Type": "Bitmap Index Scan", "Parent Relationship": "Outer", "Index Name": "idx_lineitem_part_supp", "Startup Cost": 0.0, "Total Cost": 4.21, "Plan Rows": 6, "Plan Width": 0, "Index Cond": "(l_partkey = part.p_partkey)"}]}]}, {"Node Type": "Bitmap Heap Scan", "Parent Relationship": "Inner", "Relation Name": "orders", "Alias": "orders", "Startup Cost": 0.26, "Total Cost": 4.28, "Plan Rows": 1, "Plan Width": 24, "Recheck Cond": "(o_orderkey = lineitem.l_orderkey)", "Filter": "((o_orderdate >= '1995-01-01 00:00:00'::timestamp(0) without time zone) AND (o_orderdate <= '1996-12-31 00:00:00'::timestamp(0) without time zone))", "Plans": [{"Node Type": "Bitmap Index Scan", "Parent Relationship": "Outer", "Index Name": "orders_pkey", "Startup Cost": 0.0, "Total Cost": 0.26, "Plan Rows": 1, "Plan Width": 0, "Index Cond": "(o_orderkey = lineitem.l_orderkey)"}]}]}, {"Node Type": "Bitmap Heap Scan", "Parent Relationship": "Inner", "Relation Name": "customer", "Alias": "customer", "Startup Cost": 0.26, "Total Cost": 4.27, "Plan Rows": 1, "Plan Width": 12, "Recheck Cond": "(c_custkey = orders.o_custkey)", "Plans": [{"Node Type": "Bitmap Index Scan", "Parent Relationship": "Outer", "Index Name": "customer_pkey", "Startup Cost": 0.0, "Total Cost": 0.26, "Plan Rows": 1, "Plan Width": 0, "Index Cond": "(c_custkey = orders.o_custkey)"}]}]}, {"Node Type": "Materialize", "Parent Relationship": "Inner", "Startup Cost": 0.0, "Total Cost": 2.65, "Plan Rows": 5, "Plan Width": 4, "Plans": [{"Node Type": "Nested Loop", "Parent Relationship": "Outer", "Join Type": "Inner", "Startup Cost": 0.0, "Total Cost": 2.62, "Plan Rows": 5, "Plan Width": 4, "Inner Unique": false, "Join Filter": "(n1.n_regionkey = region.r_regionkey)", "Plans": [{"Node Type": "Seq Scan", "Parent Relationship": "Outer", "Relation Name": "region", "Alias": "region", "Startup Cost": 0.0, "Total Cost": 1.06, "Plan Rows": 1, "Plan Width": 4, "Filter": "(r_name = 'ASIA'::bpchar)"}, {"Node Type": "Seq Scan", "Parent Relationship": "Inner", "Relation Name": "nation", "Alias": "n1", "Startup Cost": 0.0, "Total Cost": 1.25, "Plan Rows": 25, "Plan Width": 8}]}]}]}, {"Node Type": "Bitmap Heap Scan", "Parent Relationship": "Inner", "Relation Name": "supplier", "Alias": "supplier", "Startup Cost": 0.26, "Total Cost": 4.27, "Plan Rows": 1, "Plan Width": 12, "Recheck Cond": "(s_suppkey = lineitem.l_suppkey)", "Plans": [{"Node Type": "Bitmap Index Scan", "Parent Relationship": "Outer", "Index Name": "supplier_pkey", "Startup Cost": 0.0, "Total Cost": 0.26, "Plan Rows": 1, "Plan Width": 0, "Index Cond": "(s_suppkey = lineitem.l_suppkey)"}]}]}, {"Node Type": "Materialize", "Parent Relationship": "Inner", "Startup Cost": 0.0, "Total Cost": 1.38, "Plan Rows": 25, "Plan Width": 30, "Plans": [{"Node Type": "Seq Scan", "Parent Relationship": "Outer", "Relation Name": "nation", "Alias": "n2", "Startup Cost": 0.0, "Total Cost": 1.25, "Plan Rows": 25, "Plan Width": 30}]}]}]}]}, "Unique SQL Id": 3681808042, "Planner Runtime": 4}, "explain_analyze_plan": {"Plan": {"Node Type": "Sort", "Startup Cost": 1223730.05, "Total Cost": 1223730.08, "Plan Rows": 10, "Plan Width": 66, "Actual Startup Time": 8170.316, "Actual Total Time": 8170.317, "Actual Rows": 2, "Actual Loops": 1, "Sort Key": ["(date_part('year'::text, orders.o_orderdate))"], "Sort Method": "quicksort", "Sort Space Used": 25, "Sort Space Type": "Memory", "Plans": [{"Node Type": "Aggregate", "Strategy": "Hashed", "Parent Relationship": "Outer", "Startup Cost": 1223729.73, "Total Cost": 1223729.88, "Plan Rows": 10, "Plan Width": 66, "Actual Startup Time": 8170.296, "Actual Total Time": 8170.298, "Actual Rows": 2, "Actual Loops": 1, "Group By Key": ["date_part('year'::text, orders.o_orderdate)"], "Plans": [{"Node Type": "Nested Loop", "Parent Relationship": "Outer", "Join Type": "Inner", "Startup Cost": 4.99, "Total Cost": 1223609.91, "Plan Rows": 5991, "Plan Width": 50, "Actual Startup Time": 0.291, "Actual Total Time": 8124.022, "Actual Rows": 23929, "Actual Loops": 1, "Inner Unique": true, "Join Filter": "(supplier.s_nationkey = n2.n_nationkey)", "Rows Removed by Join Filter": 288173, "Plans": [{"Node Type": "Nested Loop", "Parent Relationship": "Outer", "Join Type": "Inner", "Startup Cost": 4.99, "Total Cost": 1221347.0, "Plan Rows": 5991, "Plan Width": 28, "Actual Startup Time": 0.252, "Actual Total Time": 7998.743, "Actual Rows": 23929, "Actual Loops": 1, "Inner Unique": true, "Plans": [{"Node Type": "Nested Loop", "Parent Relationship": "Outer", "Join Type": "Inner", "Startup Cost": 4.73, "Total Cost": 1147315.35, "Plan Rows": 17296, "Plan Width": 32, "Actual Startup Time": 0.241, "Actual Total Time": 7784.122, "Actual Rows": 23929, "Actual Loops": 1, "Inner Unique": false, "Join Filter": "(n1.n_nationkey = customer.c_nationkey)", "Rows Removed by Join Filter": 574896, "Plans": [{"Node Type": "Nested Loop", "Parent Relationship": "Outer", "Join Type": "Inner", "Startup Cost": 4.73, "Total Cost": 1140826.79, "Plan Rows": 86479, "Plan Width": 36, "Actual Startup Time": 0.157, "Actual Total Time": 7553.689, "Actual Rows": 119765, "Actual Loops": 1, "Inner Unique": true, "Plans": [{"Node Type": "Nested Loop", "Parent Relationship": "Outer", "Join Type": "Inner", "Startup Cost": 4.47, "Total Cost": 770271.73, "Plan Rows": 86479, "Plan Width": 40, "Actual Startup Time": 0.142, "Actual Total Time": 6427.353, "Actual Rows": 119765, "Actual Loops": 1, "Inner Unique": true, "Plans": [{"Node Type": "Nested Loop", "Parent Relationship": "Outer", "Join Type": "Inner", "Startup Cost": 4.21, "Total Cost": 450147.9, "Plan Rows": 74637, "Plan Width": 32, "Actual Startup Time": 0.086, "Actual Total Time": 2289.677, "Actual Rows": 395341, "Actual Loops": 1, "Inner Unique": false, "Plans": [{"Node Type": "Seq Scan", "Parent Relationship": "Outer", "Relation Name": "part", "Alias": "part", "Startup Cost": 0.0, "Total Cost": 66944.0, "Plan Rows": 13538, "Plan Width": 8, "Actual Startup Time": 0.037, "Actual Total Time": 779.065, "Actual Rows": 13163, "Actual Loops": 1, "Filter": "((p_type)::text = 'SMALL PLATED COPPER'::text)", "Rows Removed by Filter": 1986837}, {"Node Type": "Bitmap Heap Scan", "Parent Relationship": "Inner", "Relation Name": "lineitem", "Alias": "lineitem", "Startup Cost": 4.21, "Total Cost": 28.25, "Plan Rows": 6, "Plan Width": 40, "Actual Startup Time": 276.094, "Actual Total Time": 1381.693, "Actual Rows": 395341, "Actual Loops": 13163, "Recheck Cond": "(l_partkey = part.p_partkey)", "Rows Removed by Index Recheck": 0, "Exact Heap Blocks": 395337, "Lossy Heap Blocks": 395337, "Plans": [{"Node Type": "Bitmap Index Scan", "Parent Relationship": "Outer", "Index Name": "idx_lineitem_part_supp", "Startup Cost": 0.0, "Total Cost": 4.21, "Plan Rows": 6, "Plan Width": 0, "Actual Startup Time": 175.231, "Actual Total Time": 175.231, "Actual Rows": 395341, "Actual Loops": 13163, "Index Cond": "(l_partkey = part.p_partkey)"}]}]}, {"Node Type": "Bitmap Heap Scan", "Parent Relationship": "Inner", "Relation Name": "orders", "Alias": "orders", "Startup Cost": 0.26, "Total Cost": 4.28, "Plan Rows": 1, "Plan Width": 24, "Actual Startup Time": 3646.277, "Actual Total Time": 3646.277, "Actual Rows": 119765, "Actual Loops": 395341, "Recheck Cond": "(o_orderkey = lineitem.l_orderkey)", "Rows Removed by Index Recheck": 0, "Filter": "((o_orderdate >= '1995-01-01 00:00:00'::timestamp(0) without time zone) AND (o_orderdate <= '1996-12-31 00:00:00'::timestamp(0) without time zone))", "Rows Removed by Filter": 275576, "Exact Heap Blocks": 395341, "Lossy Heap Blocks": 395341, "Plans": [{"Node Type": "Bitmap Index Scan", "Parent Relationship": "Outer", "Index Name": "orders_pkey", "Startup Cost": 0.0, "Total Cost": 0.26, "Plan Rows": 1, "Plan Width": 0, "Actual Startup Time": 2219.138, "Actual Total Time": 2219.138, "Actual Rows": 395341, "Actual Loops": 395341, "Index Cond": "(o_orderkey = lineitem.l_orderkey)"}]}]}, {"Node Type": "Bitmap Heap Scan", "Parent Relationship": "Inner", "Relation Name": "customer", "Alias": "customer", "Startup Cost": 0.26, "Total Cost": 4.27, "Plan Rows": 1, "Plan Width": 12, "Actual Startup Time": 960.376, "Actual Total Time": 960.376, "Actual Rows": 119765, "Actual Loops": 119765, "Recheck Cond": "(c_custkey = orders.o_custkey)", "Rows Removed by Index Recheck": 0, "Exact Heap Blocks": 119765, "Lossy Heap Blocks": 119765, "Plans": [{"Node Type": "Bitmap Index Scan", "Parent Relationship": "Outer", "Index Name": "customer_pkey", "Startup Cost": 0.0, "Total Cost": 0.26, "Plan Rows": 1, "Plan Width": 0, "Actual Startup Time": 599.793, "Actual Total Time": 599.793, "Actual Rows": 119765, "Actual Loops": 119765, "Index Cond": "(c_custkey = orders.o_custkey)"}]}]}, {"Node Type": "Materialize", "Parent Relationship": "Inner", "Startup Cost": 0.0, "Total Cost": 2.65, "Plan Rows": 5, "Plan Width": 4, "Actual Startup Time": 14.571, "Actual Total Time": 65.685, "Actual Rows": 598825, "Actual Loops": 119765, "Plans": [{"Node Type": "Nested Loop", "Parent Relationship": "Outer", "Join Type": "Inner", "Startup Cost": 0.0, "Total Cost": 2.62, "Plan Rows": 5, "Plan Width": 4, "Actual Startup Time": 0.034, "Actual Total Time": 0.044, "Actual Rows": 5, "Actual Loops": 1, "Inner Unique": false, "Join Filter": "(n1.n_regionkey = region.r_regionkey)", "Rows Removed by Join Filter": 20, "Plans": [{"Node Type": "Seq Scan", "Parent Relationship": "Outer", "Relation Name": "region", "Alias": "region", "Startup Cost": 0.0, "Total Cost": 1.06, "Plan Rows": 1, "Plan Width": 4, "Actual Startup Time": 0.01, "Actual Total Time": 0.011, "Actual Rows": 1, "Actual Loops": 1, "Filter": "(r_name = 'ASIA'::bpchar)", "Rows Removed by Filter": 4}, {"Node Type": "Seq Scan", "Parent Relationship": "Inner", "Relation Name": "nation", "Alias": "n1", "Startup Cost": 0.0, "Total Cost": 1.25, "Plan Rows": 25, "Plan Width": 8, "Actual Startup Time": 0.016, "Actual Total Time": 0.022, "Actual Rows": 25, "Actual Loops": 1}]}]}]}, {"Node Type": "Bitmap Heap Scan", "Parent Relationship": "Inner", "Relation Name": "supplier", "Alias": "supplier", "Startup Cost": 0.26, "Total Cost": 4.27, "Plan Rows": 1, "Plan Width": 12, "Actual Startup Time": 173.01, "Actual Total Time": 173.01, "Actual Rows": 23929, "Actual Loops": 23929, "Recheck Cond": "(s_suppkey = lineitem.l_suppkey)", "Rows Removed by Index Recheck": 0, "Exact Heap Blocks": 23929, "Lossy Heap Blocks": 23929, "Plans": [{"Node Type": "Bitmap Index Scan", "Parent Relationship": "Outer", "Index Name": "supplier_pkey", "Startup Cost": 0.0, "Total Cost": 0.26, "Plan Rows": 1, "Plan Width": 0, "Actual Startup Time": 96.136, "Actual Total Time": 96.136, "Actual Rows": 23929, "Actual Loops": 23929, "Index Cond": "(s_suppkey = lineitem.l_suppkey)"}]}]}, {"Node Type": "Materialize", "Parent Relationship": "Inner", "Startup Cost": 0.0, "Total Cost": 1.38, "Plan Rows": 25, "Plan Width": 30, "Actual Startup Time": 2.965, "Actual Total Time": 28.55, "Actual Rows": 312102, "Actual Loops": 23929, "Plans": [{"Node Type": "Seq Scan", "Parent Relationship": "Outer", "Relation Name": "nation", "Alias": "n2", "Startup Cost": 0.0, "Total Cost": 1.25, "Plan Rows": 25, "Plan Width": 30, "Actual Startup Time": 0.012, "Actual Total Time": 0.017, "Actual Rows": 25, "Actual Loops": 1}]}]}]}]}, "Triggers": [], "Planner Runtime": 4, "Total Runtime": 8170.735, "Unique SQL Id": 3681808042}}, "(16, 115)": {"explain_plan": {"Plan": {"Node Type": "Sort", "Startup Cost": 66661878.45, "Total Cost": 66661878.48, "Plan Rows": 10, "Plan Width": 66, "Sort Key": ["(date_part('year'::text, orders.o_orderdate))"], "Plans": [{"Node Type": "Aggregate", "Strategy": "Hashed", "Parent Relationship": "Outer", "Startup Cost": 66661878.14, "Total Cost": 66661878.29, "Plan Rows": 10, "Plan Width": 66, "Group By Key": ["date_part('year'::text, orders.o_orderdate)"], "Plans": [{"Node Type": "Nested Loop", "Parent Relationship": "Outer", "Join Type": "Inner", "Startup Cost": 115915.31, "Total Cost": 66661758.32, "Plan Rows": 5991, "Plan Width": 50, "Inner Unique": true, "Plans": [{"Node Type": "Nested Loop", "Parent Relationship": "Outer", "Join Type": "Inner", "Startup Cost": 115915.05, "Total Cost": 66636099.88, "Plan Rows": 5991, "Plan Width": 28, "Inner Unique": true, "Plans": [{"Node Type": "Nested Loop", "Parent Relationship": "Outer", "Join Type": "Inner", "Startup Cost": 115914.79, "Total Cost": 66562068.23, "Plan Rows": 17296, "Plan Width": 32, "Inner Unique": true, "Plans": [{"Node Type": "Nested Loop", "Parent Relationship": "Outer", "Join Type": "Inner", "Startup Cost": 115914.53, "Total Cost": 45938880.46, "Plan Rows": 4814867, "Plan Width": 40, "Inner Unique": false, "Plans": [{"Node Type": "Nested Loop", "Parent Relationship": "Outer", "Join Type": "Inner", "Startup Cost": 115914.01, "Total Cost": 43432501.27, "Plan Rows": 530296, "Plan Width": 16, "Inner Unique": true, "Plans": [{"Node Type": "Nested Loop", "Parent Relationship": "Outer", "Join Type": "Inner", "Startup Cost": 115913.43, "Total Cost": 31228406.3, "Plan Rows": 2651479, "Plan Width": 20, "Inner Unique": true, "Plans": [{"Node Type": "Nested Loop", "Parent Relationship": "Outer", "Join Type": "Inner", "Startup Cost": 115913.17, "Total Cost": 19879399.17, "Plan Rows": 2651479, "Plan Width": 20, "Inner Unique": true, "Plans": [{"Node Type": "Bitmap Heap Scan", "Parent Relationship": "Outer", "Relation Name": "orders", "Alias": "orders", "Startup Cost": 115912.91, "Total Cost": 460311.42, "Plan Rows": 4531967, "Plan Width": 24, "Recheck Cond": "((o_orderdate >= '1995-01-01 00:00:00'::timestamp(0) without time zone) AND (o_orderdate <= '1996-12-31 00:00:00'::timestamp(0) without time zone)), (LLVM Optimized)", "Plans": [{"Node Type": "Bitmap Index Scan", "Parent Relationship": "Outer", "Index Name": "idx_orders_orderdate", "Startup Cost": 0.0, "Total Cost": 114779.92, "Plan Rows": 4531967, "Plan Width": 0, "Index Cond": "((o_orderdate >= '1995-01-01 00:00:00'::timestamp(0) without time zone) AND (o_orderdate <= '1996-12-31 00:00:00'::timestamp(0) without time zone))"}]}, {"Node Type": "Bitmap Heap Scan", "Parent Relationship": "Inner", "Relation Name": "customer", "Alias": "customer", "Startup Cost": 0.26, "Total Cost": 4.27, "Plan Rows": 1, "Plan Width": 12, "Recheck Cond": "(c_custkey = orders.o_custkey)", "Plans": [{"Node Type": "Bitmap Index Scan", "Parent Relationship": "Outer", "Index Name": "customer_pkey", "Startup Cost": 0.0, "Total Cost": 0.26, "Plan Rows": 1, "Plan Width": 0, "Index Cond": "(c_custkey = orders.o_custkey)"}]}]}, {"Node Type": "Bitmap Heap Scan", "Parent Relationship": "Inner", "Relation Name": "nation", "Alias": "n1", "Startup Cost": 0.26, "Total Cost": 4.27, "Plan Rows": 1, "Plan Width": 8, "Recheck Cond": "(n_nationkey = customer.c_nationkey)", "Plans": [{"Node Type": "Bitmap Index Scan", "Parent Relationship": "Outer", "Index Name": "nation_pkey", "Startup Cost": 0.0, "Total Cost": 0.26, "Plan Rows": 1, "Plan Width": 0, "Index Cond": "(n_nationkey = customer.c_nationkey)"}]}]}, {"Node Type": "Bitmap Heap Scan", "Parent Relationship": "Inner", "Relation Name": "region", "Alias": "region", "Startup Cost": 0.58, "Total Cost": 4.59, "Plan Rows": 1, "Plan Width": 4, "Recheck Cond": "(r_regionkey = n1.n_regionkey)", "Filter": "(r_name = 'ASIA'::bpchar)", "Plans": [{"Node Type": "Bitmap Index Scan", "Parent Relationship": "Outer", "Index Name": "region_pkey", "Startup Cost": 0.0, "Total Cost": 0.58, "Plan Rows": 1, "Plan Width": 0, "Index Cond": "(r_regionkey = n1.n_regionkey)"}]}]}, {"Node Type": "Bitmap Heap Scan", "Parent Relationship": "Inner", "Relation Name": "lineitem", "Alias": "lineitem", "Startup Cost": 0.52, "Total Cost": 4.64, "Plan Rows": 9, "Plan Width": 40, "Recheck Cond": "(l_orderkey = orders.o_orderkey)", "Plans": [{"Node Type": "Bitmap Index Scan", "Parent Relationship": "Outer", "Index Name": "idx_lineitem_orderkey", "Startup Cost": 0.0, "Total Cost": 0.52, "Plan Rows": 9, "Plan Width": 0, "Index Cond": "(l_orderkey = orders.o_orderkey)"}]}]}, {"Node Type": "Bitmap Heap Scan", "Parent Relationship": "Inner", "Relation Name": "part", "Alias": "part", "Startup Cost": 0.26, "Total Cost": 4.27, "Plan Rows": 1, "Plan Width": 8, "Recheck Cond": "(p_partkey = lineitem.l_partkey)", "Filter": "((p_type)::text = 'SMALL PLATED COPPER'::text)", "Plans": [{"Node Type": "Bitmap Index Scan", "Parent Relationship": "Outer", "Index Name": "part_kpey", "Startup Cost": 0.0, "Total Cost": 0.26, "Plan Rows": 1, "Plan Width": 0, "Index Cond": "(p_partkey = lineitem.l_partkey)"}]}]}, {"Node Type": "Bitmap Heap Scan", "Parent Relationship": "Inner", "Relation Name": "supplier", "Alias": "supplier", "Startup Cost": 0.26, "Total Cost": 4.27, "Plan Rows": 1, "Plan Width": 12, "Recheck Cond": "(s_suppkey = lineitem.l_suppkey)", "Plans": [{"Node Type": "Bitmap Index Scan", "Parent Relationship": "Outer", "Index Name": "supplier_pkey", "Startup Cost": 0.0, "Total Cost": 0.26, "Plan Rows": 1, "Plan Width": 0, "Index Cond": "(s_suppkey = lineitem.l_suppkey)"}]}]}, {"Node Type": "Bitmap Heap Scan", "Parent Relationship": "Inner", "Relation Name": "nation", "Alias": "n2", "Startup Cost": 0.26, "Total Cost": 4.27, "Plan Rows": 1, "Plan Width": 30, "Recheck Cond": "(n_nationkey = supplier.s_nationkey)", "Plans": [{"Node Type": "Bitmap Index Scan", "Parent Relationship": "Outer", "Index Name": "nation_pkey", "Startup Cost": 0.0, "Total Cost": 0.26, "Plan Rows": 1, "Plan Width": 0, "Index Cond": "(n_nationkey = supplier.s_nationkey)"}]}]}]}]}, "Unique SQL Id": 3681808042, "Planner Runtime": 2}, "explain_analyze_plan": null}, "(16, 116)": {"explain_plan": {"Plan": {"Node Type": "Sort", "Startup Cost": 505096.47, "Total Cost": 505096.49, "Plan Rows": 10, "Plan Width": 66, "Sort Key": ["(date_part('year'::text, orders.o_orderdate))"], "Plans": [{"Node Type": "Aggregate", "Strategy": "Hashed", "Parent Relationship": "Outer", "Startup Cost": 505096.15, "Total Cost": 505096.3, "Plan Rows": 10, "Plan Width": 66, "Group By Key": ["date_part('year'::text, orders.o_orderdate)"], "Plans": [{"Node Type": "Nested Loop", "Parent Relationship": "Outer", "Join Type": "Inner", "Startup Cost": 0.0, "Total Cost": 504976.33, "Plan Rows": 5991, "Plan Width": 50, "Inner Unique": true, "Plans": [{"Node Type": "Nested Loop", "Parent Relationship": "Outer", "Join Type": "Inner", "Startup Cost": 0.0, "Total Cost": 503283.15, "Plan Rows": 5991, "Plan Width": 28, "Inner Unique": true, "Plans": [{"Node Type": "Nested Loop", "Parent Relationship": "Outer", "Join Type": "Inner", "Startup Cost": 0.0, "Total Cost": 498437.19, "Plan Rows": 17296, "Plan Width": 32, "Inner Unique": false, "Join Filter": "(n1.n_nationkey = customer.c_nationkey)", "Plans": [{"Node Type": "Nested Loop", "Parent Relationship": "Outer", "Join Type": "Inner", "Startup Cost": 0.0, "Total Cost": 491948.63, "Plan Rows": 86479, "Plan Width": 36, "Inner Unique": true, "Plans": [{"Node Type": "Nested Loop", "Parent Relationship": "Outer", "Join Type": "Inner", "Startup Cost": 0.0, "Total Cost": 464497.44, "Plan Rows": 86479, "Plan Width": 40, "Inner Unique": true, "Plans": [{"Node Type": "Nested Loop", "Parent Relationship": "Outer", "Join Type": "Inner", "Startup Cost": 0.0, "Total Cost": 441564.57, "Plan Rows": 74637, "Plan Width": 32, "Inner Unique": false, "Plans": [{"Node Type": "Seq Scan", "Parent Relationship": "Outer", "Relation Name": "part", "Alias": "part", "Startup Cost": 0.0, "Total Cost": 66944.0, "Plan Rows": 13538, "Plan Width": 8, "Filter": "((p_type)::text = 'SMALL PLATED COPPER'::text)"}, {"Node Type": "Index Scan", "Parent Relationship": "Inner", "Scan Direction": "Forward", "Index Name": "idx_lineitem_part_supp", "Relation Name": "lineitem", "Alias": "lineitem", "Startup Cost": 0.0, "Total Cost": 27.61, "Plan Rows": 6, "Plan Width": 40, "Index Cond": "(l_partkey = part.p_partkey)"}]}, {"Node Type": "Index Scan", "Parent Relationship": "Inner", "Scan Direction": "Forward", "Index Name": "orders_pkey", "Relation Name": "orders", "Alias": "orders", "Startup Cost": 0.0, "Total Cost": 0.3, "Plan Rows": 1, "Plan Width": 24, "Index Cond": "(o_orderkey = lineitem.l_orderkey)", "Filter": "((o_orderdate >= '1995-01-01 00:00:00'::timestamp(0) without time zone) AND (o_orderdate <= '1996-12-31 00:00:00'::timestamp(0) without time zone))"}]}, {"Node Type": "Index Scan", "Parent Relationship": "Inner", "Scan Direction": "Forward", "Index Name": "customer_pkey", "Relation Name": "customer", "Alias": "customer", "Startup Cost": 0.0, "Total Cost": 0.31, "Plan Rows": 1, "Plan Width": 12, "Index Cond": "(c_custkey = orders.o_custkey)"}]}, {"Node Type": "Materialize", "Parent Relationship": "Inner", "Startup Cost": 0.0, "Total Cost": 2.65, "Plan Rows": 5, "Plan Width": 4, "Plans": [{"Node Type": "Nested Loop", "Parent Relationship": "Outer", "Join Type": "Inner", "Startup Cost": 0.0, "Total Cost": 2.62, "Plan Rows": 5, "Plan Width": 4, "Inner Unique": false, "Join Filter": "(n1.n_regionkey = region.r_regionkey)", "Plans": [{"Node Type": "Seq Scan", "Parent Relationship": "Outer", "Relation Name": "region", "Alias": "region", "Startup Cost": 0.0, "Total Cost": 1.06, "Plan Rows": 1, "Plan Width": 4, "Filter": "(r_name = 'ASIA'::bpchar)"}, {"Node Type": "Seq Scan", "Parent Relationship": "Inner", "Relation Name": "nation", "Alias": "n1", "Startup Cost": 0.0, "Total Cost": 1.25, "Plan Rows": 25, "Plan Width": 8}]}]}]}, {"Node Type": "Index Scan", "Parent Relationship": "Inner", "Scan Direction": "Forward", "Index Name": "supplier_pkey", "Relation Name": "supplier", "Alias": "supplier", "Startup Cost": 0.0, "Total Cost": 0.27, "Plan Rows": 1, "Plan Width": 12, "Index Cond": "(s_suppkey = lineitem.l_suppkey)"}]}, {"Node Type": "Index Scan", "Parent Relationship": "Inner", "Scan Direction": "Forward", "Index Name": "nation_pkey", "Relation Name": "nation", "Alias": "n2", "Startup Cost": 0.0, "Total Cost": 0.27, "Plan Rows": 1, "Plan Width": 30, "Index Cond": "(n_nationkey = supplier.s_nationkey)"}]}]}]}, "Unique SQL Id": 3681808042, "Planner Runtime": 3}, "explain_analyze_plan": {"Plan": {"Node Type": "Sort", "Startup Cost": 505096.47, "Total Cost": 505096.49, "Plan Rows": 10, "Plan Width": 66, "Actual Startup Time": 7006.798, "Actual Total Time": 7006.798, "Actual Rows": 2, "Actual Loops": 1, "Sort Key": ["(date_part('year'::text, orders.o_orderdate))"], "Sort Method": "quicksort", "Sort Space Used": 25, "Sort Space Type": "Memory", "Plans": [{"Node Type": "Aggregate", "Strategy": "Hashed", "Parent Relationship": "Outer", "Startup Cost": 505096.15, "Total Cost": 505096.3, "Plan Rows": 10, "Plan Width": 66, "Actual Startup Time": 7006.778, "Actual Total Time": 7006.779, "Actual Rows": 2, "Actual Loops": 1, "Group By Key": ["date_part('year'::text, orders.o_orderdate)"], "Plans": [{"Node Type": "Nested Loop", "Parent Relationship": "Outer", "Join Type": "Inner", "Startup Cost": 0.0, "Total Cost": 504976.33, "Plan Rows": 5991, "Plan Width": 50, "Actual Startup Time": 0.506, "Actual Total Time": 6967.878, "Actual Rows": 23929, "Actual Loops": 1, "Inner Unique": true, "Plans": [{"Node Type": "Nested Loop", "Parent Relationship": "Outer", "Join Type": "Inner", "Startup Cost": 0.0, "Total Cost": 503283.15, "Plan Rows": 5991, "Plan Width": 28, "Actual Startup Time": 0.488, "Actual Total Time": 6879.824, "Actual Rows": 23929, "Actual Loops": 1, "Inner Unique": true, "Plans": [{"Node Type": "Nested Loop", "Parent Relationship": "Outer", "Join Type": "Inner", "Startup Cost": 0.0, "Total Cost": 498437.19, "Plan Rows": 17296, "Plan Width": 32, "Actual Startup Time": 0.473, "Actual Total Time": 6704.702, "Actual Rows": 23929, "Actual Loops": 1, "Inner Unique": false, "Join Filter": "(n1.n_nationkey = customer.c_nationkey)", "Rows Removed by Join Filter": 574896, "Plans": [{"Node Type": "Nested Loop", "Parent Relationship": "Outer", "Join Type": "Inner", "Startup Cost": 0.0, "Total Cost": 491948.63, "Plan Rows": 86479, "Plan Width": 36, "Actual Startup Time": 0.233, "Actual Total Time": 6486.62, "Actual Rows": 119765, "Actual Loops": 1, "Inner Unique": true, "Plans": [{"Node Type": "Nested Loop", "Parent Relationship": "Outer", "Join Type": "Inner", "Startup Cost": 0.0, "Total Cost": 464497.44, "Plan Rows": 86479, "Plan Width": 40, "Actual Startup Time": 0.218, "Actual Total Time": 5536.531, "Actual Rows": 119765, "Actual Loops": 1, "Inner Unique": true, "Plans": [{"Node Type": "Nested Loop", "Parent Relationship": "Outer", "Join Type": "Inner", "Startup Cost": 0.0, "Total Cost": 441564.57, "Plan Rows": 74637, "Plan Width": 32, "Actual Startup Time": 0.063, "Actual Total Time": 2039.844, "Actual Rows": 395341, "Actual Loops": 1, "Inner Unique": false, "Plans": [{"Node Type": "Seq Scan", "Parent Relationship": "Outer", "Relation Name": "part", "Alias": "part", "Startup Cost": 0.0, "Total Cost": 66944.0, "Plan Rows": 13538, "Plan Width": 8, "Actual Startup Time": 0.033, "Actual Total Time": 773.896, "Actual Rows": 13163, "Actual Loops": 1, "Filter": "((p_type)::text = 'SMALL PLATED COPPER'::text)", "Rows Removed by Filter": 1986837}, {"Node Type": "Index Scan", "Parent Relationship": "Inner", "Scan Direction": "Forward", "Index Name": "idx_lineitem_part_supp", "Relation Name": "lineitem", "Alias": "lineitem", "Startup Cost": 0.0, "Total Cost": 27.61, "Plan Rows": 6, "Plan Width": 40, "Actual Startup Time": 159.965, "Actual Total Time": 1161.38, "Actual Rows": 395341, "Actual Loops": 13163, "Index Cond": "(l_partkey = part.p_partkey)", "Rows Removed by Index Recheck": 0}]}, {"Node Type": "Index Scan", "Parent Relationship": "Inner", "Scan Direction": "Forward", "Index Name": "orders_pkey", "Relation Name": "orders", "Alias": "orders", "Startup Cost": 0.0, "Total Cost": 0.3, "Plan Rows": 1, "Plan Width": 24, "Actual Startup Time": 3248.275, "Actual Total Time": 3248.275, "Actual Rows": 119765, "Actual Loops": 395341, "Index Cond": "(o_orderkey = lineitem.l_orderkey)", "Rows Removed by Index Recheck": 0, "Filter": "((o_orderdate >= '1995-01-01 00:00:00'::timestamp(0) without time zone) AND (o_orderdate <= '1996-12-31 00:00:00'::timestamp(0) without time zone))", "Rows Removed by Filter": 275576}]}, {"Node Type": "Index Scan", "Parent Relationship": "Inner", "Scan Direction": "Forward", "Index Name": "customer_pkey", "Relation Name": "customer", "Alias": "customer", "Startup Cost": 0.0, "Total Cost": 0.31, "Plan Rows": 1, "Plan Width": 12, "Actual Startup Time": 839.255, "Actual Total Time": 839.255, "Actual Rows": 119765, "Actual Loops": 119765, "Index Cond": "(c_custkey = orders.o_custkey)", "Rows Removed by Index Recheck": 0}]}, {"Node Type": "Materialize", "Parent Relationship": "Inner", "Startup Cost": 0.0, "Total Cost": 2.65, "Plan Rows": 5, "Plan Width": 4, "Actual Startup Time": 12.797, "Actual Total Time": 64.631, "Actual Rows": 598825, "Actual Loops": 119765, "Plans": [{"Node Type": "Nested Loop", "Parent Relationship": "Outer", "Join Type": "Inner", "Startup Cost": 0.0, "Total Cost": 2.62, "Plan Rows": 5, "Plan Width": 4, "Actual Startup Time": 0.023, "Actual Total Time": 0.033, "Actual Rows": 5, "Actual Loops": 1, "Inner Unique": false, "Join Filter": "(n1.n_regionkey = region.r_regionkey)", "Rows Removed by Join Filter": 20, "Plans": [{"Node Type": "Seq Scan", "Parent Relationship": "Outer", "Relation Name": "region", "Alias": "region", "Startup Cost": 0.0, "Total Cost": 1.06, "Plan Rows": 1, "Plan Width": 4, "Actual Startup Time": 0.007, "Actual Total Time": 0.008, "Actual Rows": 1, "Actual Loops": 1, "Filter": "(r_name = 'ASIA'::bpchar)", "Rows Removed by Filter": 4}, {"Node Type": "Seq Scan", "Parent Relationship": "Inner", "Relation Name": "nation", "Alias": "n1", "Startup Cost": 0.0, "Total Cost": 1.25, "Plan Rows": 25, "Plan Width": 8, "Actual Startup Time": 0.007, "Actual Total Time": 0.01, "Actual Rows": 25, "Actual Loops": 1}]}]}]}, {"Node Type": "Index Scan", "Parent Relationship": "Inner", "Scan Direction": "Forward", "Index Name": "supplier_pkey", "Relation Name": "supplier", "Alias": "supplier", "Startup Cost": 0.0, "Total Cost": 0.27, "Plan Rows": 1, "Plan Width": 12, "Actual Startup Time": 143.152, "Actual Total Time": 143.152, "Actual Rows": 23929, "Actual Loops": 23929, "Index Cond": "(s_suppkey = lineitem.l_suppkey)", "Rows Removed by Index Recheck": 0}]}, {"Node Type": "Index Scan", "Parent Relationship": "Inner", "Scan Direction": "Forward", "Index Name": "nation_pkey", "Relation Name": "nation", "Alias": "n2", "Startup Cost": 0.0, "Total Cost": 0.27, "Plan Rows": 1, "Plan Width": 30, "Actual Startup Time": 41.105, "Actual Total Time": 41.105, "Actual Rows": 23929, "Actual Loops": 23929, "Index Cond": "(n_nationkey = supplier.s_nationkey)", "Rows Removed by Index Recheck": 0}]}]}]}, "Triggers": [], "Planner Runtime": 3, "Total Runtime": 7007.196, "Unique SQL Id": 3681808042}}, "(16, 117)": {"explain_plan": {"Plan": {"Node Type": "Sort", "Startup Cost": 543973.83, "Total Cost": 543973.85, "Plan Rows": 10, "Plan Width": 66, "Sort Key": ["(date_part('year'::text, orders.o_orderdate))"], "Plans": [{"Node Type": "Aggregate", "Strategy": "Hashed", "Parent Relationship": "Outer", "Startup Cost": 543973.51, "Total Cost": 543973.66, "Plan Rows": 10, "Plan Width": 66, "Group By Key": ["date_part('year'::text, orders.o_orderdate)"], "Plans": [{"Node Type": "Nested Loop", "Parent Relationship": "Outer", "Join Type": "Inner", "Startup Cost": 0.0, "Total Cost": 543853.69, "Plan Rows": 5991, "Plan Width": 50, "Inner Unique": true, "Plans": [{"Node Type": "Nested Loop", "Parent Relationship": "Outer", "Join Type": "Inner", "Startup Cost": 0.0, "Total Cost": 542160.52, "Plan Rows": 5991, "Plan Width": 28, "Inner Unique": true, "Plans": [{"Node Type": "Nested Loop", "Parent Relationship": "Outer", "Join Type": "Inner", "Startup Cost": 0.0, "Total Cost": 537314.56, "Plan Rows": 17296, "Plan Width": 32, "Inner Unique": false, "Join Filter": "(n1.n_nationkey = customer.c_nationkey)", "Plans": [{"Node Type": "Nested Loop", "Parent Relationship": "Outer", "Join Type": "Inner", "Startup Cost": 0.0, "Total Cost": 530807.88, "Plan Rows": 86479, "Plan Width": 36, "Inner Unique": true, "Plans": [{"Node Type": "Nested Loop", "Parent Relationship": "Outer", "Join Type": "Inner", "Startup Cost": 0.0, "Total Cost": 503356.69, "Plan Rows": 86479, "Plan Width": 40, "Inner Unique": true, "Plans": [{"Node Type": "Nested Loop", "Parent Relationship": "Outer", "Join Type": "Inner", "Startup Cost": 0.0, "Total Cost": 480423.82, "Plan Rows": 74637, "Plan Width": 32, "Inner Unique": false, "Plans": [{"Node Type": "Index Scan", "Parent Relationship": "Outer", "Scan Direction": "Forward", "Index Name": "part_kpey", "Relation Name": "part", "Alias": "part", "Startup Cost": 0.0, "Total Cost": 105803.25, "Plan Rows": 13538, "Plan Width": 8, "Filter": "((p_type)::text = 'SMALL PLATED COPPER'::text)"}, {"Node Type": "Index Scan", "Parent Relationship": "Inner", "Scan Direction": "Forward", "Index Name": "idx_lineitem_part_supp", "Relation Name": "lineitem", "Alias": "lineitem", "Startup Cost": 0.0, "Total Cost": 27.61, "Plan Rows": 6, "Plan Width": 40, "Index Cond": "(l_partkey = part.p_partkey)"}]}, {"Node Type": "Index Scan", "Parent Relationship": "Inner", "Scan Direction": "Forward", "Index Name": "orders_pkey", "Relation Name": "orders", "Alias": "orders", "Startup Cost": 0.0, "Total Cost": 0.3, "Plan Rows": 1, "Plan Width": 24, "Index Cond": "(o_orderkey = lineitem.l_orderkey)", "Filter": "((o_orderdate >= '1995-01-01 00:00:00'::timestamp(0) without time zone) AND (o_orderdate <= '1996-12-31 00:00:00'::timestamp(0) without time zone))"}]}, {"Node Type": "Index Scan", "Parent Relationship": "Inner", "Scan Direction": "Forward", "Index Name": "customer_pkey", "Relation Name": "customer", "Alias": "customer", "Startup Cost": 0.0, "Total Cost": 0.31, "Plan Rows": 1, "Plan Width": 12, "Index Cond": "(c_custkey = orders.o_custkey)"}]}, {"Node Type": "Materialize", "Parent Relationship": "Inner", "Startup Cost": 0.0, "Total Cost": 20.76, "Plan Rows": 5, "Plan Width": 4, "Plans": [{"Node Type": "Nested Loop", "Parent Relationship": "Outer", "Join Type": "Inner", "Startup Cost": 0.0, "Total Cost": 20.74, "Plan Rows": 5, "Plan Width": 4, "Inner Unique": false, "Plans": [{"Node Type": "Index Scan", "Parent Relationship": "Outer", "Scan Direction": "Forward", "Index Name": "region_pkey", "Relation Name": "region", "Alias": "region", "Startup Cost": 0.0, "Total Cost": 12.34, "Plan Rows": 1, "Plan Width": 4, "Filter": "(r_name = 'ASIA'::bpchar)"}, {"Node Type": "Index Scan", "Parent Relationship": "Inner", "Scan Direction": "Forward", "Index Name": "idx_nation_regionkey", "Relation Name": "nation", "Alias": "n1", "Startup Cost": 0.0, "Total Cost": 8.35, "Plan Rows": 5, "Plan Width": 8, "Index Cond": "(n_regionkey = region.r_regionkey)"}]}]}]}, {"Node Type": "Index Scan", "Parent Relationship": "Inner", "Scan Direction": "Forward", "Index Name": "supplier_pkey", "Relation Name": "supplier", "Alias": "supplier", "Startup Cost": 0.0, "Total Cost": 0.27, "Plan Rows": 1, "Plan Width": 12, "Index Cond": "(s_suppkey = lineitem.l_suppkey)"}]}, {"Node Type": "Index Scan", "Parent Relationship": "Inner", "Scan Direction": "Forward", "Index Name": "nation_pkey", "Relation Name": "nation", "Alias": "n2", "Startup Cost": 0.0, "Total Cost": 0.27, "Plan Rows": 1, "Plan Width": 30, "Index Cond": "(n_nationkey = supplier.s_nationkey)"}]}]}]}, "Unique SQL Id": 3681808042, "Planner Runtime": 3}, "explain_analyze_plan": {"Plan": {"Node Type": "Sort", "Startup Cost": 543973.83, "Total Cost": 543973.85, "Plan Rows": 10, "Plan Width": 66, "Actual Startup Time": 7638.685, "Actual Total Time": 7638.685, "Actual Rows": 2, "Actual Loops": 1, "Sort Key": ["(date_part('year'::text, orders.o_orderdate))"], "Sort Method": "quicksort", "Sort Space Used": 25, "Sort Space Type": "Memory", "Plans": [{"Node Type": "Aggregate", "Strategy": "Hashed", "Parent Relationship": "Outer", "Startup Cost": 543973.51, "Total Cost": 543973.66, "Plan Rows": 10, "Plan Width": 66, "Actual Startup Time": 7638.658, "Actual Total Time": 7638.66, "Actual Rows": 2, "Actual Loops": 1, "Group By Key": ["date_part('year'::text, orders.o_orderdate)"], "Plans": [{"Node Type": "Nested Loop", "Parent Relationship": "Outer", "Join Type": "Inner", "Startup Cost": 0.0, "Total Cost": 543853.69, "Plan Rows": 5991, "Plan Width": 50, "Actual Startup Time": 0.367, "Actual Total Time": 7599.402, "Actual Rows": 23929, "Actual Loops": 1, "Inner Unique": true, "Plans": [{"Node Type": "Nested Loop", "Parent Relationship": "Outer", "Join Type": "Inner", "Startup Cost": 0.0, "Total Cost": 542160.52, "Plan Rows": 5991, "Plan Width": 28, "Actual Startup Time": 0.356, "Actual Total Time": 7511.304, "Actual Rows": 23929, "Actual Loops": 1, "Inner Unique": true, "Plans": [{"Node Type": "Nested Loop", "Parent Relationship": "Outer", "Join Type": "Inner", "Startup Cost": 0.0, "Total Cost": 537314.56, "Plan Rows": 17296, "Plan Width": 32, "Actual Startup Time": 0.348, "Actual Total Time": 7329.477, "Actual Rows": 23929, "Actual Loops": 1, "Inner Unique": false, "Join Filter": "(n1.n_nationkey = customer.c_nationkey)", "Rows Removed by Join Filter": 574896, "Plans": [{"Node Type": "Nested Loop", "Parent Relationship": "Outer", "Join Type": "Inner", "Startup Cost": 0.0, "Total Cost": 530807.88, "Plan Rows": 86479, "Plan Width": 36, "Actual Startup Time": 0.177, "Actual Total Time": 7111.281, "Actual Rows": 119765, "Actual Loops": 1, "Inner Unique": true, "Plans": [{"Node Type": "Nested Loop", "Parent Relationship": "Outer", "Join Type": "Inner", "Startup Cost": 0.0, "Total Cost": 503356.69, "Plan Rows": 86479, "Plan Width": 40, "Actual Startup Time": 0.168, "Actual Total Time": 6165.853, "Actual Rows": 119765, "Actual Loops": 1, "Inner Unique": true, "Plans": [{"Node Type": "Nested Loop", "Parent Relationship": "Outer", "Join Type": "Inner", "Startup Cost": 0.0, "Total Cost": 480423.82, "Plan Rows": 74637, "Plan Width": 32, "Actual Startup Time": 0.063, "Actual Total Time": 2640.791, "Actual Rows": 395341, "Actual Loops": 1, "Inner Unique": false, "Plans": [{"Node Type": "Index Scan", "Parent Relationship": "Outer", "Scan Direction": "Forward", "Index Name": "part_kpey", "Relation Name": "part", "Alias": "part", "Startup Cost": 0.0, "Total Cost": 105803.25, "Plan Rows": 13538, "Plan Width": 8, "Actual Startup Time": 0.04, "Actual Total Time": 1363.377, "Actual Rows": 13163, "Actual Loops": 1, "Filter": "((p_type)::text = 'SMALL PLATED COPPER'::text)", "Rows Removed by Filter": 1986837}, {"Node Type": "Index Scan", "Parent Relationship": "Inner", "Scan Direction": "Forward", "Index Name": "idx_lineitem_part_supp", "Relation Name": "lineitem", "Alias": "lineitem", "Startup Cost": 0.0, "Total Cost": 27.61, "Plan Rows": 6, "Plan Width": 40, "Actual Startup Time": 164.943, "Actual Total Time": 1171.622, "Actual Rows": 395341, "Actual Loops": 13163, "Index Cond": "(l_partkey = part.p_partkey)", "Rows Removed by Index Recheck": 0}]}, {"Node Type": "Index Scan", "Parent Relationship": "Inner", "Scan Direction": "Forward", "Index Name": "orders_pkey", "Relation Name": "orders", "Alias": "orders", "Startup Cost": 0.0, "Total Cost": 0.3, "Plan Rows": 1, "Plan Width": 24, "Actual Startup Time": 3278.401, "Actual Total Time": 3278.401, "Actual Rows": 119765, "Actual Loops": 395341, "Index Cond": "(o_orderkey = lineitem.l_orderkey)", "Rows Removed by Index Recheck": 0, "Filter": "((o_orderdate >= '1995-01-01 00:00:00'::timestamp(0) without time zone) AND (o_orderdate <= '1996-12-31 00:00:00'::timestamp(0) without time zone))", "Rows Removed by Filter": 275576}]}, {"Node Type": "Index Scan", "Parent Relationship": "Inner", "Scan Direction": "Forward", "Index Name": "customer_pkey", "Relation Name": "customer", "Alias": "customer", "Startup Cost": 0.0, "Total Cost": 0.31, "Plan Rows": 1, "Plan Width": 12, "Actual Startup Time": 832.202, "Actual Total Time": 832.202, "Actual Rows": 119765, "Actual Loops": 119765, "Index Cond": "(c_custkey = orders.o_custkey)", "Rows Removed by Index Recheck": 0}]}, {"Node Type": "Materialize", "Parent Relationship": "Inner", "Startup Cost": 0.0, "Total Cost": 20.76, "Plan Rows": 5, "Plan Width": 4, "Actual Startup Time": 12.425, "Actual Total Time": 64.665, "Actual Rows": 598825, "Actual Loops": 119765, "Plans": [{"Node Type": "Nested Loop", "Parent Relationship": "Outer", "Join Type": "Inner", "Startup Cost": 0.0, "Total Cost": 20.74, "Plan Rows": 5, "Plan Width": 4, "Actual Startup Time": 0.018, "Actual Total Time": 0.024, "Actual Rows": 5, "Actual Loops": 1, "Inner Unique": false, "Plans": [{"Node Type": "Index Scan", "Parent Relationship": "Outer", "Scan Direction": "Forward", "Index Name": "region_pkey", "Relation Name": "region", "Alias": "region", "Startup Cost": 0.0, "Total Cost": 12.34, "Plan Rows": 1, "Plan Width": 4, "Actual Startup Time": 0.009, "Actual Total Time": 0.011, "Actual Rows": 1, "Actual Loops": 1, "Filter": "(r_name = 'ASIA'::bpchar)", "Rows Removed by Filter": 4}, {"Node Type": "Index Scan", "Parent Relationship": "Inner", "Scan Direction": "Forward", "Index Name": "idx_nation_regionkey", "Relation Name": "nation", "Alias": "n1", "Startup Cost": 0.0, "Total Cost": 8.35, "Plan Rows": 5, "Plan Width": 8, "Actual Startup Time": 0.005, "Actual Total Time": 0.006, "Actual Rows": 5, "Actual Loops": 1, "Index Cond": "(n_regionkey = region.r_regionkey)", "Rows Removed by Index Recheck": 0}]}]}]}, {"Node Type": "Index Scan", "Parent Relationship": "Inner", "Scan Direction": "Forward", "Index Name": "supplier_pkey", "Relation Name": "supplier", "Alias": "supplier", "Startup Cost": 0.0, "Total Cost": 0.27, "Plan Rows": 1, "Plan Width": 12, "Actual Startup Time": 148.659, "Actual Total Time": 148.659, "Actual Rows": 23929, "Actual Loops": 23929, "Index Cond": "(s_suppkey = lineitem.l_suppkey)", "Rows Removed by Index Recheck": 0}]}, {"Node Type": "Index Scan", "Parent Relationship": "Inner", "Scan Direction": "Forward", "Index Name": "nation_pkey", "Relation Name": "nation", "Alias": "n2", "Startup Cost": 0.0, "Total Cost": 0.27, "Plan Rows": 1, "Plan Width": 30, "Actual Startup Time": 41.417, "Actual Total Time": 41.417, "Actual Rows": 23929, "Actual Loops": 23929, "Index Cond": "(n_nationkey = supplier.s_nationkey)", "Rows Removed by Index Recheck": 0}]}]}]}, "Triggers": [], "Planner Runtime": 2, "Total Runtime": 7639.12, "Unique SQL Id": 3681808042}}, "(16, 118)": {"explain_plan": {"Plan": {"Node Type": "Sort", "Startup Cost": 1223730.05, "Total Cost": 1223730.08, "Plan Rows": 10, "Plan Width": 66, "Sort Key": ["(date_part('year'::text, orders.o_orderdate))"], "Plans": [{"Node Type": "Aggregate", "Strategy": "Hashed", "Parent Relationship": "Outer", "Startup Cost": 1223729.73, "Total Cost": 1223729.88, "Plan Rows": 10, "Plan Width": 66, "Group By Key": ["date_part('year'::text, orders.o_orderdate)"], "Plans": [{"Node Type": "Nested Loop", "Parent Relationship": "Outer", "Join Type": "Inner", "Startup Cost": 4.99, "Total Cost": 1223609.91, "Plan Rows": 5991, "Plan Width": 50, "Inner Unique": true, "Join Filter": "(supplier.s_nationkey = n2.n_nationkey)", "Plans": [{"Node Type": "Nested Loop", "Parent Relationship": "Outer", "Join Type": "Inner", "Startup Cost": 4.99, "Total Cost": 1221347.0, "Plan Rows": 5991, "Plan Width": 28, "Inner Unique": true, "Plans": [{"Node Type": "Nested Loop", "Parent Relationship": "Outer", "Join Type": "Inner", "Startup Cost": 4.73, "Total Cost": 1147315.35, "Plan Rows": 17296, "Plan Width": 32, "Inner Unique": false, "Join Filter": "(n1.n_nationkey = customer.c_nationkey)", "Plans": [{"Node Type": "Nested Loop", "Parent Relationship": "Outer", "Join Type": "Inner", "Startup Cost": 4.73, "Total Cost": 1140826.79, "Plan Rows": 86479, "Plan Width": 36, "Inner Unique": true, "Plans": [{"Node Type": "Nested Loop", "Parent Relationship": "Outer", "Join Type": "Inner", "Startup Cost": 4.47, "Total Cost": 770271.73, "Plan Rows": 86479, "Plan Width": 40, "Inner Unique": true, "Plans": [{"Node Type": "Nested Loop", "Parent Relationship": "Outer", "Join Type": "Inner", "Startup Cost": 4.21, "Total Cost": 450147.9, "Plan Rows": 74637, "Plan Width": 32, "Inner Unique": false, "Plans": [{"Node Type": "Seq Scan", "Parent Relationship": "Outer", "Relation Name": "part", "Alias": "part", "Startup Cost": 0.0, "Total Cost": 66944.0, "Plan Rows": 13538, "Plan Width": 8, "Filter": "((p_type)::text = 'SMALL PLATED COPPER'::text)"}, {"Node Type": "Bitmap Heap Scan", "Parent Relationship": "Inner", "Relation Name": "lineitem", "Alias": "lineitem", "Startup Cost": 4.21, "Total Cost": 28.25, "Plan Rows": 6, "Plan Width": 40, "Recheck Cond": "(l_partkey = part.p_partkey)", "Plans": [{"Node Type": "Bitmap Index Scan", "Parent Relationship": "Outer", "Index Name": "idx_lineitem_part_supp", "Startup Cost": 0.0, "Total Cost": 4.21, "Plan Rows": 6, "Plan Width": 0, "Index Cond": "(l_partkey = part.p_partkey)"}]}]}, {"Node Type": "Bitmap Heap Scan", "Parent Relationship": "Inner", "Relation Name": "orders", "Alias": "orders", "Startup Cost": 0.26, "Total Cost": 4.28, "Plan Rows": 1, "Plan Width": 24, "Recheck Cond": "(o_orderkey = lineitem.l_orderkey)", "Filter": "((o_orderdate >= '1995-01-01 00:00:00'::timestamp(0) without time zone) AND (o_orderdate <= '1996-12-31 00:00:00'::timestamp(0) without time zone))", "Plans": [{"Node Type": "Bitmap Index Scan", "Parent Relationship": "Outer", "Index Name": "orders_pkey", "Startup Cost": 0.0, "Total Cost": 0.26, "Plan Rows": 1, "Plan Width": 0, "Index Cond": "(o_orderkey = lineitem.l_orderkey)"}]}]}, {"Node Type": "Bitmap Heap Scan", "Parent Relationship": "Inner", "Relation Name": "customer", "Alias": "customer", "Startup Cost": 0.26, "Total Cost": 4.27, "Plan Rows": 1, "Plan Width": 12, "Recheck Cond": "(c_custkey = orders.o_custkey)", "Plans": [{"Node Type": "Bitmap Index Scan", "Parent Relationship": "Outer", "Index Name": "customer_pkey", "Startup Cost": 0.0, "Total Cost": 0.26, "Plan Rows": 1, "Plan Width": 0, "Index Cond": "(c_custkey = orders.o_custkey)"}]}]}, {"Node Type": "Materialize", "Parent Relationship": "Inner", "Startup Cost": 0.0, "Total Cost": 2.65, "Plan Rows": 5, "Plan Width": 4, "Plans": [{"Node Type": "Nested Loop", "Parent Relationship": "Outer", "Join Type": "Inner", "Startup Cost": 0.0, "Total Cost": 2.62, "Plan Rows": 5, "Plan Width": 4, "Inner Unique": false, "Join Filter": "(n1.n_regionkey = region.r_regionkey)", "Plans": [{"Node Type": "Seq Scan", "Parent Relationship": "Outer", "Relation Name": "region", "Alias": "region", "Startup Cost": 0.0, "Total Cost": 1.06, "Plan Rows": 1, "Plan Width": 4, "Filter": "(r_name = 'ASIA'::bpchar)"}, {"Node Type": "Seq Scan", "Parent Relationship": "Inner", "Relation Name": "nation", "Alias": "n1", "Startup Cost": 0.0, "Total Cost": 1.25, "Plan Rows": 25, "Plan Width": 8}]}]}]}, {"Node Type": "Bitmap Heap Scan", "Parent Relationship": "Inner", "Relation Name": "supplier", "Alias": "supplier", "Startup Cost": 0.26, "Total Cost": 4.27, "Plan Rows": 1, "Plan Width": 12, "Recheck Cond": "(s_suppkey = lineitem.l_suppkey)", "Plans": [{"Node Type": "Bitmap Index Scan", "Parent Relationship": "Outer", "Index Name": "supplier_pkey", "Startup Cost": 0.0, "Total Cost": 0.26, "Plan Rows": 1, "Plan Width": 0, "Index Cond": "(s_suppkey = lineitem.l_suppkey)"}]}]}, {"Node Type": "Materialize", "Parent Relationship": "Inner", "Startup Cost": 0.0, "Total Cost": 1.38, "Plan Rows": 25, "Plan Width": 30, "Plans": [{"Node Type": "Seq Scan", "Parent Relationship": "Outer", "Relation Name": "nation", "Alias": "n2", "Startup Cost": 0.0, "Total Cost": 1.25, "Plan Rows": 25, "Plan Width": 30}]}]}]}]}, "Unique SQL Id": 3681808042, "Planner Runtime": 4}, "explain_analyze_plan": {"Plan": {"Node Type": "Sort", "Startup Cost": 1223730.05, "Total Cost": 1223730.08, "Plan Rows": 10, "Plan Width": 66, "Actual Startup Time": 8170.316, "Actual Total Time": 8170.317, "Actual Rows": 2, "Actual Loops": 1, "Sort Key": ["(date_part('year'::text, orders.o_orderdate))"], "Sort Method": "quicksort", "Sort Space Used": 25, "Sort Space Type": "Memory", "Plans": [{"Node Type": "Aggregate", "Strategy": "Hashed", "Parent Relationship": "Outer", "Startup Cost": 1223729.73, "Total Cost": 1223729.88, "Plan Rows": 10, "Plan Width": 66, "Actual Startup Time": 8170.296, "Actual Total Time": 8170.298, "Actual Rows": 2, "Actual Loops": 1, "Group By Key": ["date_part('year'::text, orders.o_orderdate)"], "Plans": [{"Node Type": "Nested Loop", "Parent Relationship": "Outer", "Join Type": "Inner", "Startup Cost": 4.99, "Total Cost": 1223609.91, "Plan Rows": 5991, "Plan Width": 50, "Actual Startup Time": 0.291, "Actual Total Time": 8124.022, "Actual Rows": 23929, "Actual Loops": 1, "Inner Unique": true, "Join Filter": "(supplier.s_nationkey = n2.n_nationkey)", "Rows Removed by Join Filter": 288173, "Plans": [{"Node Type": "Nested Loop", "Parent Relationship": "Outer", "Join Type": "Inner", "Startup Cost": 4.99, "Total Cost": 1221347.0, "Plan Rows": 5991, "Plan Width": 28, "Actual Startup Time": 0.252, "Actual Total Time": 7998.743, "Actual Rows": 23929, "Actual Loops": 1, "Inner Unique": true, "Plans": [{"Node Type": "Nested Loop", "Parent Relationship": "Outer", "Join Type": "Inner", "Startup Cost": 4.73, "Total Cost": 1147315.35, "Plan Rows": 17296, "Plan Width": 32, "Actual Startup Time": 0.241, "Actual Total Time": 7784.122, "Actual Rows": 23929, "Actual Loops": 1, "Inner Unique": false, "Join Filter": "(n1.n_nationkey = customer.c_nationkey)", "Rows Removed by Join Filter": 574896, "Plans": [{"Node Type": "Nested Loop", "Parent Relationship": "Outer", "Join Type": "Inner", "Startup Cost": 4.73, "Total Cost": 1140826.79, "Plan Rows": 86479, "Plan Width": 36, "Actual Startup Time": 0.157, "Actual Total Time": 7553.689, "Actual Rows": 119765, "Actual Loops": 1, "Inner Unique": true, "Plans": [{"Node Type": "Nested Loop", "Parent Relationship": "Outer", "Join Type": "Inner", "Startup Cost": 4.47, "Total Cost": 770271.73, "Plan Rows": 86479, "Plan Width": 40, "Actual Startup Time": 0.142, "Actual Total Time": 6427.353, "Actual Rows": 119765, "Actual Loops": 1, "Inner Unique": true, "Plans": [{"Node Type": "Nested Loop", "Parent Relationship": "Outer", "Join Type": "Inner", "Startup Cost": 4.21, "Total Cost": 450147.9, "Plan Rows": 74637, "Plan Width": 32, "Actual Startup Time": 0.086, "Actual Total Time": 2289.677, "Actual Rows": 395341, "Actual Loops": 1, "Inner Unique": false, "Plans": [{"Node Type": "Seq Scan", "Parent Relationship": "Outer", "Relation Name": "part", "Alias": "part", "Startup Cost": 0.0, "Total Cost": 66944.0, "Plan Rows": 13538, "Plan Width": 8, "Actual Startup Time": 0.037, "Actual Total Time": 779.065, "Actual Rows": 13163, "Actual Loops": 1, "Filter": "((p_type)::text = 'SMALL PLATED COPPER'::text)", "Rows Removed by Filter": 1986837}, {"Node Type": "Bitmap Heap Scan", "Parent Relationship": "Inner", "Relation Name": "lineitem", "Alias": "lineitem", "Startup Cost": 4.21, "Total Cost": 28.25, "Plan Rows": 6, "Plan Width": 40, "Actual Startup Time": 276.094, "Actual Total Time": 1381.693, "Actual Rows": 395341, "Actual Loops": 13163, "Recheck Cond": "(l_partkey = part.p_partkey)", "Rows Removed by Index Recheck": 0, "Exact Heap Blocks": 395337, "Lossy Heap Blocks": 395337, "Plans": [{"Node Type": "Bitmap Index Scan", "Parent Relationship": "Outer", "Index Name": "idx_lineitem_part_supp", "Startup Cost": 0.0, "Total Cost": 4.21, "Plan Rows": 6, "Plan Width": 0, "Actual Startup Time": 175.231, "Actual Total Time": 175.231, "Actual Rows": 395341, "Actual Loops": 13163, "Index Cond": "(l_partkey = part.p_partkey)"}]}]}, {"Node Type": "Bitmap Heap Scan", "Parent Relationship": "Inner", "Relation Name": "orders", "Alias": "orders", "Startup Cost": 0.26, "Total Cost": 4.28, "Plan Rows": 1, "Plan Width": 24, "Actual Startup Time": 3646.277, "Actual Total Time": 3646.277, "Actual Rows": 119765, "Actual Loops": 395341, "Recheck Cond": "(o_orderkey = lineitem.l_orderkey)", "Rows Removed by Index Recheck": 0, "Filter": "((o_orderdate >= '1995-01-01 00:00:00'::timestamp(0) without time zone) AND (o_orderdate <= '1996-12-31 00:00:00'::timestamp(0) without time zone))", "Rows Removed by Filter": 275576, "Exact Heap Blocks": 395341, "Lossy Heap Blocks": 395341, "Plans": [{"Node Type": "Bitmap Index Scan", "Parent Relationship": "Outer", "Index Name": "orders_pkey", "Startup Cost": 0.0, "Total Cost": 0.26, "Plan Rows": 1, "Plan Width": 0, "Actual Startup Time": 2219.138, "Actual Total Time": 2219.138, "Actual Rows": 395341, "Actual Loops": 395341, "Index Cond": "(o_orderkey = lineitem.l_orderkey)"}]}]}, {"Node Type": "Bitmap Heap Scan", "Parent Relationship": "Inner", "Relation Name": "customer", "Alias": "customer", "Startup Cost": 0.26, "Total Cost": 4.27, "Plan Rows": 1, "Plan Width": 12, "Actual Startup Time": 960.376, "Actual Total Time": 960.376, "Actual Rows": 119765, "Actual Loops": 119765, "Recheck Cond": "(c_custkey = orders.o_custkey)", "Rows Removed by Index Recheck": 0, "Exact Heap Blocks": 119765, "Lossy Heap Blocks": 119765, "Plans": [{"Node Type": "Bitmap Index Scan", "Parent Relationship": "Outer", "Index Name": "customer_pkey", "Startup Cost": 0.0, "Total Cost": 0.26, "Plan Rows": 1, "Plan Width": 0, "Actual Startup Time": 599.793, "Actual Total Time": 599.793, "Actual Rows": 119765, "Actual Loops": 119765, "Index Cond": "(c_custkey = orders.o_custkey)"}]}]}, {"Node Type": "Materialize", "Parent Relationship": "Inner", "Startup Cost": 0.0, "Total Cost": 2.65, "Plan Rows": 5, "Plan Width": 4, "Actual Startup Time": 14.571, "Actual Total Time": 65.685, "Actual Rows": 598825, "Actual Loops": 119765, "Plans": [{"Node Type": "Nested Loop", "Parent Relationship": "Outer", "Join Type": "Inner", "Startup Cost": 0.0, "Total Cost": 2.62, "Plan Rows": 5, "Plan Width": 4, "Actual Startup Time": 0.034, "Actual Total Time": 0.044, "Actual Rows": 5, "Actual Loops": 1, "Inner Unique": false, "Join Filter": "(n1.n_regionkey = region.r_regionkey)", "Rows Removed by Join Filter": 20, "Plans": [{"Node Type": "Seq Scan", "Parent Relationship": "Outer", "Relation Name": "region", "Alias": "region", "Startup Cost": 0.0, "Total Cost": 1.06, "Plan Rows": 1, "Plan Width": 4, "Actual Startup Time": 0.01, "Actual Total Time": 0.011, "Actual Rows": 1, "Actual Loops": 1, "Filter": "(r_name = 'ASIA'::bpchar)", "Rows Removed by Filter": 4}, {"Node Type": "Seq Scan", "Parent Relationship": "Inner", "Relation Name": "nation", "Alias": "n1", "Startup Cost": 0.0, "Total Cost": 1.25, "Plan Rows": 25, "Plan Width": 8, "Actual Startup Time": 0.016, "Actual Total Time": 0.022, "Actual Rows": 25, "Actual Loops": 1}]}]}]}, {"Node Type": "Bitmap Heap Scan", "Parent Relationship": "Inner", "Relation Name": "supplier", "Alias": "supplier", "Startup Cost": 0.26, "Total Cost": 4.27, "Plan Rows": 1, "Plan Width": 12, "Actual Startup Time": 173.01, "Actual Total Time": 173.01, "Actual Rows": 23929, "Actual Loops": 23929, "Recheck Cond": "(s_suppkey = lineitem.l_suppkey)", "Rows Removed by Index Recheck": 0, "Exact Heap Blocks": 23929, "Lossy Heap Blocks": 23929, "Plans": [{"Node Type": "Bitmap Index Scan", "Parent Relationship": "Outer", "Index Name": "supplier_pkey", "Startup Cost": 0.0, "Total Cost": 0.26, "Plan Rows": 1, "Plan Width": 0, "Actual Startup Time": 96.136, "Actual Total Time": 96.136, "Actual Rows": 23929, "Actual Loops": 23929, "Index Cond": "(s_suppkey = lineitem.l_suppkey)"}]}]}, {"Node Type": "Materialize", "Parent Relationship": "Inner", "Startup Cost": 0.0, "Total Cost": 1.38, "Plan Rows": 25, "Plan Width": 30, "Actual Startup Time": 2.965, "Actual Total Time": 28.55, "Actual Rows": 312102, "Actual Loops": 23929, "Plans": [{"Node Type": "Seq Scan", "Parent Relationship": "Outer", "Relation Name": "nation", "Alias": "n2", "Startup Cost": 0.0, "Total Cost": 1.25, "Plan Rows": 25, "Plan Width": 30, "Actual Startup Time": 0.012, "Actual Total Time": 0.017, "Actual Rows": 25, "Actual Loops": 1}]}]}]}]}, "Triggers": [], "Planner Runtime": 4, "Total Runtime": 8170.735, "Unique SQL Id": 3681808042}}, "(16, 119)": {"explain_plan": {"Plan": {"Node Type": "Sort", "Startup Cost": 66661878.45, "Total Cost": 66661878.48, "Plan Rows": 10, "Plan Width": 66, "Sort Key": ["(date_part('year'::text, orders.o_orderdate))"], "Plans": [{"Node Type": "Aggregate", "Strategy": "Hashed", "Parent Relationship": "Outer", "Startup Cost": 66661878.14, "Total Cost": 66661878.29, "Plan Rows": 10, "Plan Width": 66, "Group By Key": ["date_part('year'::text, orders.o_orderdate)"], "Plans": [{"Node Type": "Nested Loop", "Parent Relationship": "Outer", "Join Type": "Inner", "Startup Cost": 115915.31, "Total Cost": 66661758.32, "Plan Rows": 5991, "Plan Width": 50, "Inner Unique": true, "Plans": [{"Node Type": "Nested Loop", "Parent Relationship": "Outer", "Join Type": "Inner", "Startup Cost": 115915.05, "Total Cost": 66636099.88, "Plan Rows": 5991, "Plan Width": 28, "Inner Unique": true, "Plans": [{"Node Type": "Nested Loop", "Parent Relationship": "Outer", "Join Type": "Inner", "Startup Cost": 115914.79, "Total Cost": 66562068.23, "Plan Rows": 17296, "Plan Width": 32, "Inner Unique": true, "Plans": [{"Node Type": "Nested Loop", "Parent Relationship": "Outer", "Join Type": "Inner", "Startup Cost": 115914.53, "Total Cost": 45938880.46, "Plan Rows": 4814867, "Plan Width": 40, "Inner Unique": false, "Plans": [{"Node Type": "Nested Loop", "Parent Relationship": "Outer", "Join Type": "Inner", "Startup Cost": 115914.01, "Total Cost": 43432501.27, "Plan Rows": 530296, "Plan Width": 16, "Inner Unique": true, "Plans": [{"Node Type": "Nested Loop", "Parent Relationship": "Outer", "Join Type": "Inner", "Startup Cost": 115913.43, "Total Cost": 31228406.3, "Plan Rows": 2651479, "Plan Width": 20, "Inner Unique": true, "Plans": [{"Node Type": "Nested Loop", "Parent Relationship": "Outer", "Join Type": "Inner", "Startup Cost": 115913.17, "Total Cost": 19879399.17, "Plan Rows": 2651479, "Plan Width": 20, "Inner Unique": true, "Plans": [{"Node Type": "Bitmap Heap Scan", "Parent Relationship": "Outer", "Relation Name": "orders", "Alias": "orders", "Startup Cost": 115912.91, "Total Cost": 460311.42, "Plan Rows": 4531967, "Plan Width": 24, "Recheck Cond": "((o_orderdate >= '1995-01-01 00:00:00'::timestamp(0) without time zone) AND (o_orderdate <= '1996-12-31 00:00:00'::timestamp(0) without time zone)), (LLVM Optimized)", "Plans": [{"Node Type": "Bitmap Index Scan", "Parent Relationship": "Outer", "Index Name": "idx_orders_orderdate", "Startup Cost": 0.0, "Total Cost": 114779.92, "Plan Rows": 4531967, "Plan Width": 0, "Index Cond": "((o_orderdate >= '1995-01-01 00:00:00'::timestamp(0) without time zone) AND (o_orderdate <= '1996-12-31 00:00:00'::timestamp(0) without time zone))"}]}, {"Node Type": "Bitmap Heap Scan", "Parent Relationship": "Inner", "Relation Name": "customer", "Alias": "customer", "Startup Cost": 0.26, "Total Cost": 4.27, "Plan Rows": 1, "Plan Width": 12, "Recheck Cond": "(c_custkey = orders.o_custkey)", "Plans": [{"Node Type": "Bitmap Index Scan", "Parent Relationship": "Outer", "Index Name": "customer_pkey", "Startup Cost": 0.0, "Total Cost": 0.26, "Plan Rows": 1, "Plan Width": 0, "Index Cond": "(c_custkey = orders.o_custkey)"}]}]}, {"Node Type": "Bitmap Heap Scan", "Parent Relationship": "Inner", "Relation Name": "nation", "Alias": "n1", "Startup Cost": 0.26, "Total Cost": 4.27, "Plan Rows": 1, "Plan Width": 8, "Recheck Cond": "(n_nationkey = customer.c_nationkey)", "Plans": [{"Node Type": "Bitmap Index Scan", "Parent Relationship": "Outer", "Index Name": "nation_pkey", "Startup Cost": 0.0, "Total Cost": 0.26, "Plan Rows": 1, "Plan Width": 0, "Index Cond": "(n_nationkey = customer.c_nationkey)"}]}]}, {"Node Type": "Bitmap Heap Scan", "Parent Relationship": "Inner", "Relation Name": "region", "Alias": "region", "Startup Cost": 0.58, "Total Cost": 4.59, "Plan Rows": 1, "Plan Width": 4, "Recheck Cond": "(r_regionkey = n1.n_regionkey)", "Filter": "(r_name = 'ASIA'::bpchar)", "Plans": [{"Node Type": "Bitmap Index Scan", "Parent Relationship": "Outer", "Index Name": "region_pkey", "Startup Cost": 0.0, "Total Cost": 0.58, "Plan Rows": 1, "Plan Width": 0, "Index Cond": "(r_regionkey = n1.n_regionkey)"}]}]}, {"Node Type": "Bitmap Heap Scan", "Parent Relationship": "Inner", "Relation Name": "lineitem", "Alias": "lineitem", "Startup Cost": 0.52, "Total Cost": 4.64, "Plan Rows": 9, "Plan Width": 40, "Recheck Cond": "(l_orderkey = orders.o_orderkey)", "Plans": [{"Node Type": "Bitmap Index Scan", "Parent Relationship": "Outer", "Index Name": "idx_lineitem_orderkey", "Startup Cost": 0.0, "Total Cost": 0.52, "Plan Rows": 9, "Plan Width": 0, "Index Cond": "(l_orderkey = orders.o_orderkey)"}]}]}, {"Node Type": "Bitmap Heap Scan", "Parent Relationship": "Inner", "Relation Name": "part", "Alias": "part", "Startup Cost": 0.26, "Total Cost": 4.27, "Plan Rows": 1, "Plan Width": 8, "Recheck Cond": "(p_partkey = lineitem.l_partkey)", "Filter": "((p_type)::text = 'SMALL PLATED COPPER'::text)", "Plans": [{"Node Type": "Bitmap Index Scan", "Parent Relationship": "Outer", "Index Name": "part_kpey", "Startup Cost": 0.0, "Total Cost": 0.26, "Plan Rows": 1, "Plan Width": 0, "Index Cond": "(p_partkey = lineitem.l_partkey)"}]}]}, {"Node Type": "Bitmap Heap Scan", "Parent Relationship": "Inner", "Relation Name": "supplier", "Alias": "supplier", "Startup Cost": 0.26, "Total Cost": 4.27, "Plan Rows": 1, "Plan Width": 12, "Recheck Cond": "(s_suppkey = lineitem.l_suppkey)", "Plans": [{"Node Type": "Bitmap Index Scan", "Parent Relationship": "Outer", "Index Name": "supplier_pkey", "Startup Cost": 0.0, "Total Cost": 0.26, "Plan Rows": 1, "Plan Width": 0, "Index Cond": "(s_suppkey = lineitem.l_suppkey)"}]}]}, {"Node Type": "Bitmap Heap Scan", "Parent Relationship": "Inner", "Relation Name": "nation", "Alias": "n2", "Startup Cost": 0.26, "Total Cost": 4.27, "Plan Rows": 1, "Plan Width": 30, "Recheck Cond": "(n_nationkey = supplier.s_nationkey)", "Plans": [{"Node Type": "Bitmap Index Scan", "Parent Relationship": "Outer", "Index Name": "nation_pkey", "Startup Cost": 0.0, "Total Cost": 0.26, "Plan Rows": 1, "Plan Width": 0, "Index Cond": "(n_nationkey = supplier.s_nationkey)"}]}]}]}]}, "Unique SQL Id": 3681808042, "Planner Runtime": 2}, "explain_analyze_plan": null}, "(16, 120)": {"explain_plan": {"Plan": {"Node Type": "Sort", "Startup Cost": 505096.47, "Total Cost": 505096.49, "Plan Rows": 10, "Plan Width": 66, "Sort Key": ["(date_part('year'::text, orders.o_orderdate))"], "Plans": [{"Node Type": "Aggregate", "Strategy": "Hashed", "Parent Relationship": "Outer", "Startup Cost": 505096.15, "Total Cost": 505096.3, "Plan Rows": 10, "Plan Width": 66, "Group By Key": ["date_part('year'::text, orders.o_orderdate)"], "Plans": [{"Node Type": "Nested Loop", "Parent Relationship": "Outer", "Join Type": "Inner", "Startup Cost": 0.0, "Total Cost": 504976.33, "Plan Rows": 5991, "Plan Width": 50, "Inner Unique": true, "Plans": [{"Node Type": "Nested Loop", "Parent Relationship": "Outer", "Join Type": "Inner", "Startup Cost": 0.0, "Total Cost": 503283.15, "Plan Rows": 5991, "Plan Width": 28, "Inner Unique": true, "Plans": [{"Node Type": "Nested Loop", "Parent Relationship": "Outer", "Join Type": "Inner", "Startup Cost": 0.0, "Total Cost": 498437.19, "Plan Rows": 17296, "Plan Width": 32, "Inner Unique": false, "Join Filter": "(n1.n_nationkey = customer.c_nationkey)", "Plans": [{"Node Type": "Nested Loop", "Parent Relationship": "Outer", "Join Type": "Inner", "Startup Cost": 0.0, "Total Cost": 491948.63, "Plan Rows": 86479, "Plan Width": 36, "Inner Unique": true, "Plans": [{"Node Type": "Nested Loop", "Parent Relationship": "Outer", "Join Type": "Inner", "Startup Cost": 0.0, "Total Cost": 464497.44, "Plan Rows": 86479, "Plan Width": 40, "Inner Unique": true, "Plans": [{"Node Type": "Nested Loop", "Parent Relationship": "Outer", "Join Type": "Inner", "Startup Cost": 0.0, "Total Cost": 441564.57, "Plan Rows": 74637, "Plan Width": 32, "Inner Unique": false, "Plans": [{"Node Type": "Seq Scan", "Parent Relationship": "Outer", "Relation Name": "part", "Alias": "part", "Startup Cost": 0.0, "Total Cost": 66944.0, "Plan Rows": 13538, "Plan Width": 8, "Filter": "((p_type)::text = 'SMALL PLATED COPPER'::text)"}, {"Node Type": "Index Scan", "Parent Relationship": "Inner", "Scan Direction": "Forward", "Index Name": "idx_lineitem_part_supp", "Relation Name": "lineitem", "Alias": "lineitem", "Startup Cost": 0.0, "Total Cost": 27.61, "Plan Rows": 6, "Plan Width": 40, "Index Cond": "(l_partkey = part.p_partkey)"}]}, {"Node Type": "Index Scan", "Parent Relationship": "Inner", "Scan Direction": "Forward", "Index Name": "orders_pkey", "Relation Name": "orders", "Alias": "orders", "Startup Cost": 0.0, "Total Cost": 0.3, "Plan Rows": 1, "Plan Width": 24, "Index Cond": "(o_orderkey = lineitem.l_orderkey)", "Filter": "((o_orderdate >= '1995-01-01 00:00:00'::timestamp(0) without time zone) AND (o_orderdate <= '1996-12-31 00:00:00'::timestamp(0) without time zone))"}]}, {"Node Type": "Index Scan", "Parent Relationship": "Inner", "Scan Direction": "Forward", "Index Name": "customer_pkey", "Relation Name": "customer", "Alias": "customer", "Startup Cost": 0.0, "Total Cost": 0.31, "Plan Rows": 1, "Plan Width": 12, "Index Cond": "(c_custkey = orders.o_custkey)"}]}, {"Node Type": "Materialize", "Parent Relationship": "Inner", "Startup Cost": 0.0, "Total Cost": 2.65, "Plan Rows": 5, "Plan Width": 4, "Plans": [{"Node Type": "Nested Loop", "Parent Relationship": "Outer", "Join Type": "Inner", "Startup Cost": 0.0, "Total Cost": 2.62, "Plan Rows": 5, "Plan Width": 4, "Inner Unique": false, "Join Filter": "(n1.n_regionkey = region.r_regionkey)", "Plans": [{"Node Type": "Seq Scan", "Parent Relationship": "Outer", "Relation Name": "region", "Alias": "region", "Startup Cost": 0.0, "Total Cost": 1.06, "Plan Rows": 1, "Plan Width": 4, "Filter": "(r_name = 'ASIA'::bpchar)"}, {"Node Type": "Seq Scan", "Parent Relationship": "Inner", "Relation Name": "nation", "Alias": "n1", "Startup Cost": 0.0, "Total Cost": 1.25, "Plan Rows": 25, "Plan Width": 8}]}]}]}, {"Node Type": "Index Scan", "Parent Relationship": "Inner", "Scan Direction": "Forward", "Index Name": "supplier_pkey", "Relation Name": "supplier", "Alias": "supplier", "Startup Cost": 0.0, "Total Cost": 0.27, "Plan Rows": 1, "Plan Width": 12, "Index Cond": "(s_suppkey = lineitem.l_suppkey)"}]}, {"Node Type": "Index Scan", "Parent Relationship": "Inner", "Scan Direction": "Forward", "Index Name": "nation_pkey", "Relation Name": "nation", "Alias": "n2", "Startup Cost": 0.0, "Total Cost": 0.27, "Plan Rows": 1, "Plan Width": 30, "Index Cond": "(n_nationkey = supplier.s_nationkey)"}]}]}]}, "Unique SQL Id": 3681808042, "Planner Runtime": 3}, "explain_analyze_plan": {"Plan": {"Node Type": "Sort", "Startup Cost": 505096.47, "Total Cost": 505096.49, "Plan Rows": 10, "Plan Width": 66, "Actual Startup Time": 7006.798, "Actual Total Time": 7006.798, "Actual Rows": 2, "Actual Loops": 1, "Sort Key": ["(date_part('year'::text, orders.o_orderdate))"], "Sort Method": "quicksort", "Sort Space Used": 25, "Sort Space Type": "Memory", "Plans": [{"Node Type": "Aggregate", "Strategy": "Hashed", "Parent Relationship": "Outer", "Startup Cost": 505096.15, "Total Cost": 505096.3, "Plan Rows": 10, "Plan Width": 66, "Actual Startup Time": 7006.778, "Actual Total Time": 7006.779, "Actual Rows": 2, "Actual Loops": 1, "Group By Key": ["date_part('year'::text, orders.o_orderdate)"], "Plans": [{"Node Type": "Nested Loop", "Parent Relationship": "Outer", "Join Type": "Inner", "Startup Cost": 0.0, "Total Cost": 504976.33, "Plan Rows": 5991, "Plan Width": 50, "Actual Startup Time": 0.506, "Actual Total Time": 6967.878, "Actual Rows": 23929, "Actual Loops": 1, "Inner Unique": true, "Plans": [{"Node Type": "Nested Loop", "Parent Relationship": "Outer", "Join Type": "Inner", "Startup Cost": 0.0, "Total Cost": 503283.15, "Plan Rows": 5991, "Plan Width": 28, "Actual Startup Time": 0.488, "Actual Total Time": 6879.824, "Actual Rows": 23929, "Actual Loops": 1, "Inner Unique": true, "Plans": [{"Node Type": "Nested Loop", "Parent Relationship": "Outer", "Join Type": "Inner", "Startup Cost": 0.0, "Total Cost": 498437.19, "Plan Rows": 17296, "Plan Width": 32, "Actual Startup Time": 0.473, "Actual Total Time": 6704.702, "Actual Rows": 23929, "Actual Loops": 1, "Inner Unique": false, "Join Filter": "(n1.n_nationkey = customer.c_nationkey)", "Rows Removed by Join Filter": 574896, "Plans": [{"Node Type": "Nested Loop", "Parent Relationship": "Outer", "Join Type": "Inner", "Startup Cost": 0.0, "Total Cost": 491948.63, "Plan Rows": 86479, "Plan Width": 36, "Actual Startup Time": 0.233, "Actual Total Time": 6486.62, "Actual Rows": 119765, "Actual Loops": 1, "Inner Unique": true, "Plans": [{"Node Type": "Nested Loop", "Parent Relationship": "Outer", "Join Type": "Inner", "Startup Cost": 0.0, "Total Cost": 464497.44, "Plan Rows": 86479, "Plan Width": 40, "Actual Startup Time": 0.218, "Actual Total Time": 5536.531, "Actual Rows": 119765, "Actual Loops": 1, "Inner Unique": true, "Plans": [{"Node Type": "Nested Loop", "Parent Relationship": "Outer", "Join Type": "Inner", "Startup Cost": 0.0, "Total Cost": 441564.57, "Plan Rows": 74637, "Plan Width": 32, "Actual Startup Time": 0.063, "Actual Total Time": 2039.844, "Actual Rows": 395341, "Actual Loops": 1, "Inner Unique": false, "Plans": [{"Node Type": "Seq Scan", "Parent Relationship": "Outer", "Relation Name": "part", "Alias": "part", "Startup Cost": 0.0, "Total Cost": 66944.0, "Plan Rows": 13538, "Plan Width": 8, "Actual Startup Time": 0.033, "Actual Total Time": 773.896, "Actual Rows": 13163, "Actual Loops": 1, "Filter": "((p_type)::text = 'SMALL PLATED COPPER'::text)", "Rows Removed by Filter": 1986837}, {"Node Type": "Index Scan", "Parent Relationship": "Inner", "Scan Direction": "Forward", "Index Name": "idx_lineitem_part_supp", "Relation Name": "lineitem", "Alias": "lineitem", "Startup Cost": 0.0, "Total Cost": 27.61, "Plan Rows": 6, "Plan Width": 40, "Actual Startup Time": 159.965, "Actual Total Time": 1161.38, "Actual Rows": 395341, "Actual Loops": 13163, "Index Cond": "(l_partkey = part.p_partkey)", "Rows Removed by Index Recheck": 0}]}, {"Node Type": "Index Scan", "Parent Relationship": "Inner", "Scan Direction": "Forward", "Index Name": "orders_pkey", "Relation Name": "orders", "Alias": "orders", "Startup Cost": 0.0, "Total Cost": 0.3, "Plan Rows": 1, "Plan Width": 24, "Actual Startup Time": 3248.275, "Actual Total Time": 3248.275, "Actual Rows": 119765, "Actual Loops": 395341, "Index Cond": "(o_orderkey = lineitem.l_orderkey)", "Rows Removed by Index Recheck": 0, "Filter": "((o_orderdate >= '1995-01-01 00:00:00'::timestamp(0) without time zone) AND (o_orderdate <= '1996-12-31 00:00:00'::timestamp(0) without time zone))", "Rows Removed by Filter": 275576}]}, {"Node Type": "Index Scan", "Parent Relationship": "Inner", "Scan Direction": "Forward", "Index Name": "customer_pkey", "Relation Name": "customer", "Alias": "customer", "Startup Cost": 0.0, "Total Cost": 0.31, "Plan Rows": 1, "Plan Width": 12, "Actual Startup Time": 839.255, "Actual Total Time": 839.255, "Actual Rows": 119765, "Actual Loops": 119765, "Index Cond": "(c_custkey = orders.o_custkey)", "Rows Removed by Index Recheck": 0}]}, {"Node Type": "Materialize", "Parent Relationship": "Inner", "Startup Cost": 0.0, "Total Cost": 2.65, "Plan Rows": 5, "Plan Width": 4, "Actual Startup Time": 12.797, "Actual Total Time": 64.631, "Actual Rows": 598825, "Actual Loops": 119765, "Plans": [{"Node Type": "Nested Loop", "Parent Relationship": "Outer", "Join Type": "Inner", "Startup Cost": 0.0, "Total Cost": 2.62, "Plan Rows": 5, "Plan Width": 4, "Actual Startup Time": 0.023, "Actual Total Time": 0.033, "Actual Rows": 5, "Actual Loops": 1, "Inner Unique": false, "Join Filter": "(n1.n_regionkey = region.r_regionkey)", "Rows Removed by Join Filter": 20, "Plans": [{"Node Type": "Seq Scan", "Parent Relationship": "Outer", "Relation Name": "region", "Alias": "region", "Startup Cost": 0.0, "Total Cost": 1.06, "Plan Rows": 1, "Plan Width": 4, "Actual Startup Time": 0.007, "Actual Total Time": 0.008, "Actual Rows": 1, "Actual Loops": 1, "Filter": "(r_name = 'ASIA'::bpchar)", "Rows Removed by Filter": 4}, {"Node Type": "Seq Scan", "Parent Relationship": "Inner", "Relation Name": "nation", "Alias": "n1", "Startup Cost": 0.0, "Total Cost": 1.25, "Plan Rows": 25, "Plan Width": 8, "Actual Startup Time": 0.007, "Actual Total Time": 0.01, "Actual Rows": 25, "Actual Loops": 1}]}]}]}, {"Node Type": "Index Scan", "Parent Relationship": "Inner", "Scan Direction": "Forward", "Index Name": "supplier_pkey", "Relation Name": "supplier", "Alias": "supplier", "Startup Cost": 0.0, "Total Cost": 0.27, "Plan Rows": 1, "Plan Width": 12, "Actual Startup Time": 143.152, "Actual Total Time": 143.152, "Actual Rows": 23929, "Actual Loops": 23929, "Index Cond": "(s_suppkey = lineitem.l_suppkey)", "Rows Removed by Index Recheck": 0}]}, {"Node Type": "Index Scan", "Parent Relationship": "Inner", "Scan Direction": "Forward", "Index Name": "nation_pkey", "Relation Name": "nation", "Alias": "n2", "Startup Cost": 0.0, "Total Cost": 0.27, "Plan Rows": 1, "Plan Width": 30, "Actual Startup Time": 41.105, "Actual Total Time": 41.105, "Actual Rows": 23929, "Actual Loops": 23929, "Index Cond": "(n_nationkey = supplier.s_nationkey)", "Rows Removed by Index Recheck": 0}]}]}]}, "Triggers": [], "Planner Runtime": 3, "Total Runtime": 7007.196, "Unique SQL Id": 3681808042}}, "(16, 121)": {"explain_plan": {"Plan": {"Node Type": "Sort", "Startup Cost": 543973.83, "Total Cost": 543973.85, "Plan Rows": 10, "Plan Width": 66, "Sort Key": ["(date_part('year'::text, orders.o_orderdate))"], "Plans": [{"Node Type": "Aggregate", "Strategy": "Hashed", "Parent Relationship": "Outer", "Startup Cost": 543973.51, "Total Cost": 543973.66, "Plan Rows": 10, "Plan Width": 66, "Group By Key": ["date_part('year'::text, orders.o_orderdate)"], "Plans": [{"Node Type": "Nested Loop", "Parent Relationship": "Outer", "Join Type": "Inner", "Startup Cost": 0.0, "Total Cost": 543853.69, "Plan Rows": 5991, "Plan Width": 50, "Inner Unique": true, "Plans": [{"Node Type": "Nested Loop", "Parent Relationship": "Outer", "Join Type": "Inner", "Startup Cost": 0.0, "Total Cost": 542160.52, "Plan Rows": 5991, "Plan Width": 28, "Inner Unique": true, "Plans": [{"Node Type": "Nested Loop", "Parent Relationship": "Outer", "Join Type": "Inner", "Startup Cost": 0.0, "Total Cost": 537314.56, "Plan Rows": 17296, "Plan Width": 32, "Inner Unique": false, "Join Filter": "(n1.n_nationkey = customer.c_nationkey)", "Plans": [{"Node Type": "Nested Loop", "Parent Relationship": "Outer", "Join Type": "Inner", "Startup Cost": 0.0, "Total Cost": 530807.88, "Plan Rows": 86479, "Plan Width": 36, "Inner Unique": true, "Plans": [{"Node Type": "Nested Loop", "Parent Relationship": "Outer", "Join Type": "Inner", "Startup Cost": 0.0, "Total Cost": 503356.69, "Plan Rows": 86479, "Plan Width": 40, "Inner Unique": true, "Plans": [{"Node Type": "Nested Loop", "Parent Relationship": "Outer", "Join Type": "Inner", "Startup Cost": 0.0, "Total Cost": 480423.82, "Plan Rows": 74637, "Plan Width": 32, "Inner Unique": false, "Plans": [{"Node Type": "Index Scan", "Parent Relationship": "Outer", "Scan Direction": "Forward", "Index Name": "part_kpey", "Relation Name": "part", "Alias": "part", "Startup Cost": 0.0, "Total Cost": 105803.25, "Plan Rows": 13538, "Plan Width": 8, "Filter": "((p_type)::text = 'SMALL PLATED COPPER'::text)"}, {"Node Type": "Index Scan", "Parent Relationship": "Inner", "Scan Direction": "Forward", "Index Name": "idx_lineitem_part_supp", "Relation Name": "lineitem", "Alias": "lineitem", "Startup Cost": 0.0, "Total Cost": 27.61, "Plan Rows": 6, "Plan Width": 40, "Index Cond": "(l_partkey = part.p_partkey)"}]}, {"Node Type": "Index Scan", "Parent Relationship": "Inner", "Scan Direction": "Forward", "Index Name": "orders_pkey", "Relation Name": "orders", "Alias": "orders", "Startup Cost": 0.0, "Total Cost": 0.3, "Plan Rows": 1, "Plan Width": 24, "Index Cond": "(o_orderkey = lineitem.l_orderkey)", "Filter": "((o_orderdate >= '1995-01-01 00:00:00'::timestamp(0) without time zone) AND (o_orderdate <= '1996-12-31 00:00:00'::timestamp(0) without time zone))"}]}, {"Node Type": "Index Scan", "Parent Relationship": "Inner", "Scan Direction": "Forward", "Index Name": "customer_pkey", "Relation Name": "customer", "Alias": "customer", "Startup Cost": 0.0, "Total Cost": 0.31, "Plan Rows": 1, "Plan Width": 12, "Index Cond": "(c_custkey = orders.o_custkey)"}]}, {"Node Type": "Materialize", "Parent Relationship": "Inner", "Startup Cost": 0.0, "Total Cost": 20.76, "Plan Rows": 5, "Plan Width": 4, "Plans": [{"Node Type": "Nested Loop", "Parent Relationship": "Outer", "Join Type": "Inner", "Startup Cost": 0.0, "Total Cost": 20.74, "Plan Rows": 5, "Plan Width": 4, "Inner Unique": false, "Plans": [{"Node Type": "Index Scan", "Parent Relationship": "Outer", "Scan Direction": "Forward", "Index Name": "region_pkey", "Relation Name": "region", "Alias": "region", "Startup Cost": 0.0, "Total Cost": 12.34, "Plan Rows": 1, "Plan Width": 4, "Filter": "(r_name = 'ASIA'::bpchar)"}, {"Node Type": "Index Scan", "Parent Relationship": "Inner", "Scan Direction": "Forward", "Index Name": "idx_nation_regionkey", "Relation Name": "nation", "Alias": "n1", "Startup Cost": 0.0, "Total Cost": 8.35, "Plan Rows": 5, "Plan Width": 8, "Index Cond": "(n_regionkey = region.r_regionkey)"}]}]}]}, {"Node Type": "Index Scan", "Parent Relationship": "Inner", "Scan Direction": "Forward", "Index Name": "supplier_pkey", "Relation Name": "supplier", "Alias": "supplier", "Startup Cost": 0.0, "Total Cost": 0.27, "Plan Rows": 1, "Plan Width": 12, "Index Cond": "(s_suppkey = lineitem.l_suppkey)"}]}, {"Node Type": "Index Scan", "Parent Relationship": "Inner", "Scan Direction": "Forward", "Index Name": "nation_pkey", "Relation Name": "nation", "Alias": "n2", "Startup Cost": 0.0, "Total Cost": 0.27, "Plan Rows": 1, "Plan Width": 30, "Index Cond": "(n_nationkey = supplier.s_nationkey)"}]}]}]}, "Unique SQL Id": 3681808042, "Planner Runtime": 2}, "explain_analyze_plan": {"Plan": {"Node Type": "Sort", "Startup Cost": 543973.83, "Total Cost": 543973.85, "Plan Rows": 10, "Plan Width": 66, "Actual Startup Time": 7638.685, "Actual Total Time": 7638.685, "Actual Rows": 2, "Actual Loops": 1, "Sort Key": ["(date_part('year'::text, orders.o_orderdate))"], "Sort Method": "quicksort", "Sort Space Used": 25, "Sort Space Type": "Memory", "Plans": [{"Node Type": "Aggregate", "Strategy": "Hashed", "Parent Relationship": "Outer", "Startup Cost": 543973.51, "Total Cost": 543973.66, "Plan Rows": 10, "Plan Width": 66, "Actual Startup Time": 7638.658, "Actual Total Time": 7638.66, "Actual Rows": 2, "Actual Loops": 1, "Group By Key": ["date_part('year'::text, orders.o_orderdate)"], "Plans": [{"Node Type": "Nested Loop", "Parent Relationship": "Outer", "Join Type": "Inner", "Startup Cost": 0.0, "Total Cost": 543853.69, "Plan Rows": 5991, "Plan Width": 50, "Actual Startup Time": 0.367, "Actual Total Time": 7599.402, "Actual Rows": 23929, "Actual Loops": 1, "Inner Unique": true, "Plans": [{"Node Type": "Nested Loop", "Parent Relationship": "Outer", "Join Type": "Inner", "Startup Cost": 0.0, "Total Cost": 542160.52, "Plan Rows": 5991, "Plan Width": 28, "Actual Startup Time": 0.356, "Actual Total Time": 7511.304, "Actual Rows": 23929, "Actual Loops": 1, "Inner Unique": true, "Plans": [{"Node Type": "Nested Loop", "Parent Relationship": "Outer", "Join Type": "Inner", "Startup Cost": 0.0, "Total Cost": 537314.56, "Plan Rows": 17296, "Plan Width": 32, "Actual Startup Time": 0.348, "Actual Total Time": 7329.477, "Actual Rows": 23929, "Actual Loops": 1, "Inner Unique": false, "Join Filter": "(n1.n_nationkey = customer.c_nationkey)", "Rows Removed by Join Filter": 574896, "Plans": [{"Node Type": "Nested Loop", "Parent Relationship": "Outer", "Join Type": "Inner", "Startup Cost": 0.0, "Total Cost": 530807.88, "Plan Rows": 86479, "Plan Width": 36, "Actual Startup Time": 0.177, "Actual Total Time": 7111.281, "Actual Rows": 119765, "Actual Loops": 1, "Inner Unique": true, "Plans": [{"Node Type": "Nested Loop", "Parent Relationship": "Outer", "Join Type": "Inner", "Startup Cost": 0.0, "Total Cost": 503356.69, "Plan Rows": 86479, "Plan Width": 40, "Actual Startup Time": 0.168, "Actual Total Time": 6165.853, "Actual Rows": 119765, "Actual Loops": 1, "Inner Unique": true, "Plans": [{"Node Type": "Nested Loop", "Parent Relationship": "Outer", "Join Type": "Inner", "Startup Cost": 0.0, "Total Cost": 480423.82, "Plan Rows": 74637, "Plan Width": 32, "Actual Startup Time": 0.063, "Actual Total Time": 2640.791, "Actual Rows": 395341, "Actual Loops": 1, "Inner Unique": false, "Plans": [{"Node Type": "Index Scan", "Parent Relationship": "Outer", "Scan Direction": "Forward", "Index Name": "part_kpey", "Relation Name": "part", "Alias": "part", "Startup Cost": 0.0, "Total Cost": 105803.25, "Plan Rows": 13538, "Plan Width": 8, "Actual Startup Time": 0.04, "Actual Total Time": 1363.377, "Actual Rows": 13163, "Actual Loops": 1, "Filter": "((p_type)::text = 'SMALL PLATED COPPER'::text)", "Rows Removed by Filter": 1986837}, {"Node Type": "Index Scan", "Parent Relationship": "Inner", "Scan Direction": "Forward", "Index Name": "idx_lineitem_part_supp", "Relation Name": "lineitem", "Alias": "lineitem", "Startup Cost": 0.0, "Total Cost": 27.61, "Plan Rows": 6, "Plan Width": 40, "Actual Startup Time": 164.943, "Actual Total Time": 1171.622, "Actual Rows": 395341, "Actual Loops": 13163, "Index Cond": "(l_partkey = part.p_partkey)", "Rows Removed by Index Recheck": 0}]}, {"Node Type": "Index Scan", "Parent Relationship": "Inner", "Scan Direction": "Forward", "Index Name": "orders_pkey", "Relation Name": "orders", "Alias": "orders", "Startup Cost": 0.0, "Total Cost": 0.3, "Plan Rows": 1, "Plan Width": 24, "Actual Startup Time": 3278.401, "Actual Total Time": 3278.401, "Actual Rows": 119765, "Actual Loops": 395341, "Index Cond": "(o_orderkey = lineitem.l_orderkey)", "Rows Removed by Index Recheck": 0, "Filter": "((o_orderdate >= '1995-01-01 00:00:00'::timestamp(0) without time zone) AND (o_orderdate <= '1996-12-31 00:00:00'::timestamp(0) without time zone))", "Rows Removed by Filter": 275576}]}, {"Node Type": "Index Scan", "Parent Relationship": "Inner", "Scan Direction": "Forward", "Index Name": "customer_pkey", "Relation Name": "customer", "Alias": "customer", "Startup Cost": 0.0, "Total Cost": 0.31, "Plan Rows": 1, "Plan Width": 12, "Actual Startup Time": 832.202, "Actual Total Time": 832.202, "Actual Rows": 119765, "Actual Loops": 119765, "Index Cond": "(c_custkey = orders.o_custkey)", "Rows Removed by Index Recheck": 0}]}, {"Node Type": "Materialize", "Parent Relationship": "Inner", "Startup Cost": 0.0, "Total Cost": 20.76, "Plan Rows": 5, "Plan Width": 4, "Actual Startup Time": 12.425, "Actual Total Time": 64.665, "Actual Rows": 598825, "Actual Loops": 119765, "Plans": [{"Node Type": "Nested Loop", "Parent Relationship": "Outer", "Join Type": "Inner", "Startup Cost": 0.0, "Total Cost": 20.74, "Plan Rows": 5, "Plan Width": 4, "Actual Startup Time": 0.018, "Actual Total Time": 0.024, "Actual Rows": 5, "Actual Loops": 1, "Inner Unique": false, "Plans": [{"Node Type": "Index Scan", "Parent Relationship": "Outer", "Scan Direction": "Forward", "Index Name": "region_pkey", "Relation Name": "region", "Alias": "region", "Startup Cost": 0.0, "Total Cost": 12.34, "Plan Rows": 1, "Plan Width": 4, "Actual Startup Time": 0.009, "Actual Total Time": 0.011, "Actual Rows": 1, "Actual Loops": 1, "Filter": "(r_name = 'ASIA'::bpchar)", "Rows Removed by Filter": 4}, {"Node Type": "Index Scan", "Parent Relationship": "Inner", "Scan Direction": "Forward", "Index Name": "idx_nation_regionkey", "Relation Name": "nation", "Alias": "n1", "Startup Cost": 0.0, "Total Cost": 8.35, "Plan Rows": 5, "Plan Width": 8, "Actual Startup Time": 0.005, "Actual Total Time": 0.006, "Actual Rows": 5, "Actual Loops": 1, "Index Cond": "(n_regionkey = region.r_regionkey)", "Rows Removed by Index Recheck": 0}]}]}]}, {"Node Type": "Index Scan", "Parent Relationship": "Inner", "Scan Direction": "Forward", "Index Name": "supplier_pkey", "Relation Name": "supplier", "Alias": "supplier", "Startup Cost": 0.0, "Total Cost": 0.27, "Plan Rows": 1, "Plan Width": 12, "Actual Startup Time": 148.659, "Actual Total Time": 148.659, "Actual Rows": 23929, "Actual Loops": 23929, "Index Cond": "(s_suppkey = lineitem.l_suppkey)", "Rows Removed by Index Recheck": 0}]}, {"Node Type": "Index Scan", "Parent Relationship": "Inner", "Scan Direction": "Forward", "Index Name": "nation_pkey", "Relation Name": "nation", "Alias": "n2", "Startup Cost": 0.0, "Total Cost": 0.27, "Plan Rows": 1, "Plan Width": 30, "Actual Startup Time": 41.417, "Actual Total Time": 41.417, "Actual Rows": 23929, "Actual Loops": 23929, "Index Cond": "(n_nationkey = supplier.s_nationkey)", "Rows Removed by Index Recheck": 0}]}]}]}, "Triggers": [], "Planner Runtime": 2, "Total Runtime": 7639.12, "Unique SQL Id": 3681808042}}, "(16, 122)": {"explain_plan": {"Plan": {"Node Type": "Sort", "Startup Cost": 17600453906.22, "Total Cost": 17600453906.25, "Plan Rows": 10, "Plan Width": 66, "Sort Key": ["(date_part('year'::text, orders.o_orderdate))"], "Plans": [{"Node Type": "Aggregate", "Strategy": "Hashed", "Parent Relationship": "Outer", "Startup Cost": 17600453905.91, "Total Cost": 17600453906.06, "Plan Rows": 10, "Plan Width": 66, "Group By Key": ["date_part('year'::text, orders.o_orderdate)"], "Plans": [{"Node Type": "Nested Loop", "Parent Relationship": "Outer", "Join Type": "Inner", "Startup Cost": 195.35, "Total Cost": 17600453786.09, "Plan Rows": 5991, "Plan Width": 50, "Inner Unique": true, "Join Filter": "(supplier.s_nationkey = n2.n_nationkey)", "Plans": [{"Node Type": "Nested Loop", "Parent Relationship": "Outer", "Join Type": "Inner", "Startup Cost": 195.35, "Total Cost": 17600451523.17, "Plan Rows": 5991, "Plan Width": 28, "Inner Unique": false, "Join Filter": "(customer.c_custkey = orders.o_custkey)", "Plans": [{"Node Type": "Nested Loop", "Parent Relationship": "Outer", "Join Type": "Inner", "Startup Cost": 0.0, "Total Cost": 164628.64, "Plan Rows": 300000, "Plan Width": 8, "Inner Unique": false, "Join Filter": "(n1.n_nationkey = customer.c_nationkey), (LLVM Optimized)", "Plans": [{"Node Type": "Seq Scan", "Parent Relationship": "Outer", "Relation Name": "customer", "Alias": "customer", "Startup Cost": 0.0, "Total Cost": 52126.0, "Plan Rows": 1500000, "Plan Width": 12}, {"Node Type": "Materialize", "Parent Relationship": "Inner", "Startup Cost": 0.0, "Total Cost": 2.65, "Plan Rows": 5, "Plan Width": 4, "Plans": [{"Node Type": "Nested Loop", "Parent Relationship": "Outer", "Join Type": "Inner", "Startup Cost": 0.0, "Total Cost": 2.62, "Plan Rows": 5, "Plan Width": 4, "Inner Unique": false, "Join Filter": "(n1.n_regionkey = region.r_regionkey)", "Plans": [{"Node Type": "Seq Scan", "Parent Relationship": "Outer", "Relation Name": "region", "Alias": "region", "Startup Cost": 0.0, "Total Cost": 1.06, "Plan Rows": 1, "Plan Width": 4, "Filter": "(r_name = 'ASIA'::bpchar)"}, {"Node Type": "Seq Scan", "Parent Relationship": "Inner", "Relation Name": "nation", "Alias": "n1", "Startup Cost": 0.0, "Total Cost": 1.25, "Plan Rows": 25, "Plan Width": 8}]}]}]}, {"Node Type": "Materialize", "Parent Relationship": "Inner", "Startup Cost": 195.35, "Total Cost": 17369896022.53, "Plan Rows": 51198, "Plan Width": 36, "Plans": [{"Node Type": "Nested Loop", "Parent Relationship": "Outer", "Join Type": "Inner", "Startup Cost": 195.35, "Total Cost": 17369895766.54, "Plan Rows": 51198, "Plan Width": 36, "Inner Unique": false, "Join Filter": "(lineitem.l_orderkey = orders.o_orderkey)", "Plans": [{"Node Type": "Seq Scan", "Parent Relationship": "Outer", "Relation Name": "orders", "Alias": "orders", "Startup Cost": 195.35, "Total Cost": 501411.18, "Plan Rows": 4531967, "Plan Width": 24, "Filter": "((o_orderdate >= '1995-01-01 00:00:00'::timestamp(0) without time zone) AND (o_orderdate <= '1996-12-31 00:00:00'::timestamp(0) without time zone)), (LLVM Optimized)"}, {"Node Type": "Materialize", "Parent Relationship": "Inner", "Startup Cost": 0.0, "Total Cost": 12295608227.26, "Plan Rows": 74637, "Plan Width": 28, "Plans": [{"Node Type": "Nested Loop", "Parent Relationship": "Outer", "Join Type": "Inner", "Startup Cost": 0.0, "Total Cost": 12295607854.08, "Plan Rows": 74637, "Plan Width": 28, "Inner Unique": false, "Join Filter": "(lineitem.l_suppkey = supplier.s_suppkey)", "Plans": [{"Node Type": "Seq Scan", "Parent Relationship": "Outer", "Relation Name": "supplier", "Alias": "supplier", "Startup Cost": 0.0, "Total Cost": 3283.0, "Plan Rows": 100000, "Plan Width": 12}, {"Node Type": "Materialize", "Parent Relationship": "Inner", "Startup Cost": 0.0, "Total Cost": 12183649257.67, "Plan Rows": 74637, "Plan Width": 32, "Plans": [{"Node Type": "Nested Loop", "Parent Relationship": "Outer", "Join Type": "Inner", "Startup Cost": 0.0, "Total Cost": 12183648884.49, "Plan Rows": 74637, "Plan Width": 32, "Inner Unique": true, "Join Filter": "(part.p_partkey = lineitem.l_partkey)", "Plans": [{"Node Type": "Seq Scan", "Parent Relationship": "Outer", "Relation Name": "lineitem", "Alias": "lineitem", "Startup Cost": 0.0, "Total Cost": 2015115.33, "Plan Rows": 59987033, "Plan Width": 40}, {"Node Type": "Materialize", "Parent Relationship": "Inner", "Startup Cost": 0.0, "Total Cost": 67011.69, "Plan Rows": 13538, "Plan Width": 8, "Plans": [{"Node Type": "Seq Scan", "Parent Relationship": "Outer", "Relation Name": "part", "Alias": "part", "Startup Cost": 0.0, "Total Cost": 66944.0, "Plan Rows": 13538, "Plan Width": 8, "Filter": "((p_type)::text = 'SMALL PLATED COPPER'::text)"}]}]}]}]}]}]}]}]}, {"Node Type": "Materialize", "Parent Relationship": "Inner", "Startup Cost": 0.0, "Total Cost": 1.38, "Plan Rows": 25, "Plan Width": 30, "Plans": [{"Node Type": "Seq Scan", "Parent Relationship": "Outer", "Relation Name": "nation", "Alias": "n2", "Startup Cost": 0.0, "Total Cost": 1.25, "Plan Rows": 25, "Plan Width": 30}]}]}]}]}, "Unique SQL Id": 3681808042, "Planner Runtime": 2}, "explain_analyze_plan": null}, "(16, 123)": {"explain_plan": {"Plan": {"Node Type": "Sort", "Startup Cost": 8018022317922.2, "Total Cost": 8018022317922.22, "Plan Rows": 10, "Plan Width": 66, "Sort Key": ["(date_part('year'::text, orders.o_orderdate))"], "Plans": [{"Node Type": "Aggregate", "Strategy": "Hashed", "Parent Relationship": "Outer", "Startup Cost": 8018022317921.88, "Total Cost": 8018022317922.03, "Plan Rows": 10, "Plan Width": 66, "Group By Key": ["date_part('year'::text, orders.o_orderdate)"], "Plans": [{"Node Type": "Nested Loop", "Parent Relationship": "Outer", "Join Type": "Inner", "Startup Cost": 80000000000.0, "Total Cost": 8018022317802.06, "Plan Rows": 5991, "Plan Width": 50, "Inner Unique": true, "Join Filter": "(supplier.s_nationkey = n2.n_nationkey)", "Plans": [{"Node Type": "Nested Loop", "Parent Relationship": "Outer", "Join Type": "Inner", "Startup Cost": 70000000000.0, "Total Cost": 7018022314277.89, "Plan Rows": 5991, "Plan Width": 28, "Inner Unique": false, "Join Filter": "(customer.c_custkey = orders.o_custkey)", "Plans": [{"Node Type": "Nested Loop", "Parent Relationship": "Outer", "Join Type": "Inner", "Startup Cost": 40000000000.0, "Total Cost": 4017783730995.63, "Plan Rows": 51198, "Plan Width": 36, "Inner Unique": true, "Join Filter": "(lineitem.l_orderkey = orders.o_orderkey)", "Plans": [{"Node Type": "Nested Loop", "Parent Relationship": "Outer", "Join Type": "Inner", "Startup Cost": 30000000000.0, "Total Cost": 3012629335768.03, "Plan Rows": 74637, "Plan Width": 28, "Inner Unique": false, "Join Filter": "(lineitem.l_suppkey = supplier.s_suppkey)", "Plans": [{"Node Type": "Index Scan", "Parent Relationship": "Outer", "Scan Direction": "Forward", "Index Name": "idx_supplier_nation_key", "Relation Name": "supplier", "Alias": "supplier", "Startup Cost": 10000000000.0, "Total Cost": 1000001217556.78, "Plan Rows": 100000, "Plan Width": 12}, {"Node Type": "Materialize", "Parent Relationship": "Inner", "Startup Cost": 20000000000.0, "Total Cost": 2012516162897.84, "Plan Rows": 74637, "Plan Width": 32, "Plans": [{"Node Type": "Nested Loop", "Parent Relationship": "Outer", "Join Type": "Inner", "Startup Cost": 20000000000.0, "Total Cost": 2012516162524.66, "Plan Rows": 74637, "Plan Width": 32, "Inner Unique": true, "Join Filter": "(part.p_partkey = lineitem.l_partkey)", "Plans": [{"Node Type": "Index Scan", "Parent Relationship": "Outer", "Scan Direction": "Forward", "Index Name": "idx_lineitem_orderkey", "Relation Name": "lineitem", "Alias": "lineitem", "Startup Cost": 10000000000.0, "Total Cost": 1000324015374.5, "Plan Rows": 59987033, "Plan Width": 40}, {"Node Type": "Materialize", "Parent Relationship": "Inner", "Startup Cost": 10000000000.0, "Total Cost": 1000010580392.69, "Plan Rows": 13538, "Plan Width": 8, "Plans": [{"Node Type": "Index Scan", "Parent Relationship": "Outer", "Scan Direction": "Forward", "Index Name": "part_kpey", "Relation Name": "part", "Alias": "part", "Startup Cost": 10000000000.0, "Total Cost": 1000010580325.0, "Plan Rows": 13538, "Plan Width": 8, "Filter": "((p_type)::text = 'SMALL PLATED COPPER'::text)"}]}]}]}]}, {"Node Type": "Materialize", "Parent Relationship": "Inner", "Startup Cost": 10000000000.0, "Total Cost": 1000080620242.83, "Plan Rows": 4531967, "Plan Width": 24, "Plans": [{"Node Type": "Index Scan", "Parent Relationship": "Outer", "Scan Direction": "Forward", "Index Name": "orders_pkey", "Relation Name": "orders", "Alias": "orders", "Startup Cost": 10000000000.0, "Total Cost": 1000080597583.0, "Plan Rows": 4531967, "Plan Width": 24, "Filter": "((o_orderdate >= '1995-01-01 00:00:00'::timestamp(0) without time zone) AND (o_orderdate <= '1996-12-31 00:00:00'::timestamp(0) without time zone)), (LLVM Optimized)"}]}]}, {"Node Type": "Materialize", "Parent Relationship": "Inner", "Startup Cost": 30000000000.0, "Total Cost": 3000008193032.26, "Plan Rows": 300000, "Plan Width": 8, "Plans": [{"Node Type": "Nested Loop", "Parent Relationship": "Outer", "Join Type": "Inner", "Startup Cost": 30000000000.0, "Total Cost": 3000008191532.26, "Plan Rows": 300000, "Plan Width": 8, "Inner Unique": false, "Join Filter": "(n1.n_nationkey = customer.c_nationkey), (LLVM Optimized)", "Plans": [{"Node Type": "Index Scan", "Parent Relationship": "Outer", "Scan Direction": "Forward", "Index Name": "customer_pkey", "Relation Name": "customer", "Alias": "customer", "Startup Cost": 10000000000.0, "Total Cost": 1000008076535.62, "Plan Rows": 1500000, "Plan Width": 12}, {"Node Type": "Materialize", "Parent Relationship": "Inner", "Startup Cost": 20000000000.0, "Total Cost": 2000000002496.65, "Plan Rows": 5, "Plan Width": 4, "Plans": [{"Node Type": "Nested Loop", "Parent Relationship": "Outer", "Join Type": "Inner", "Startup Cost": 20000000000.0, "Total Cost": 2000000002496.63, "Plan Rows": 5, "Plan Width": 4, "Inner Unique": true, "Join Filter": "(n1.n_regionkey = region.r_regionkey)", "Plans": [{"Node Type": "Index Scan", "Parent Relationship": "Outer", "Scan Direction": "Forward", "Index Name": "nation_pkey", "Relation Name": "nation", "Alias": "n1", "Startup Cost": 10000000000.0, "Total Cost": 1000000001262.5, "Plan Rows": 25, "Plan Width": 8}, {"Node Type": "Materialize", "Parent Relationship": "Inner", "Startup Cost": 10000000000.0, "Total Cost": 1000000001233.76, "Plan Rows": 1, "Plan Width": 4, "Plans": [{"Node Type": "Index Scan", "Parent Relationship": "Outer", "Scan Direction": "Forward", "Index Name": "region_pkey", "Relation Name": "region", "Alias": "region", "Startup Cost": 10000000000.0, "Total Cost": 1000000001233.75, "Plan Rows": 1, "Plan Width": 4, "Filter": "(r_name = 'ASIA'::bpchar)"}]}]}]}]}]}]}, {"Node Type": "Materialize", "Parent Relationship": "Inner", "Startup Cost": 10000000000.0, "Total Cost": 1000000001262.62, "Plan Rows": 25, "Plan Width": 30, "Plans": [{"Node Type": "Index Scan", "Parent Relationship": "Outer", "Scan Direction": "Forward", "Index Name": "nation_pkey", "Relation Name": "nation", "Alias": "n2", "Startup Cost": 10000000000.0, "Total Cost": 1000000001262.5, "Plan Rows": 25, "Plan Width": 30}]}]}]}]}, "Unique SQL Id": 3681808042, "Planner Runtime": 2}, "explain_analyze_plan": null}, "(16, 124)": {"explain_plan": {"Plan": {"Node Type": "Sort", "Startup Cost": 505096.47, "Total Cost": 505096.49, "Plan Rows": 10, "Plan Width": 66, "Sort Key": ["(date_part('year'::text, orders.o_orderdate))"], "Plans": [{"Node Type": "Aggregate", "Strategy": "Hashed", "Parent Relationship": "Outer", "Startup Cost": 505096.15, "Total Cost": 505096.3, "Plan Rows": 10, "Plan Width": 66, "Group By Key": ["date_part('year'::text, orders.o_orderdate)"], "Plans": [{"Node Type": "Nested Loop", "Parent Relationship": "Outer", "Join Type": "Inner", "Startup Cost": 0.0, "Total Cost": 504976.33, "Plan Rows": 5991, "Plan Width": 50, "Inner Unique": true, "Plans": [{"Node Type": "Nested Loop", "Parent Relationship": "Outer", "Join Type": "Inner", "Startup Cost": 0.0, "Total Cost": 503283.15, "Plan Rows": 5991, "Plan Width": 28, "Inner Unique": true, "Plans": [{"Node Type": "Nested Loop", "Parent Relationship": "Outer", "Join Type": "Inner", "Startup Cost": 0.0, "Total Cost": 498437.19, "Plan Rows": 17296, "Plan Width": 32, "Inner Unique": false, "Join Filter": "(n1.n_nationkey = customer.c_nationkey)", "Plans": [{"Node Type": "Nested Loop", "Parent Relationship": "Outer", "Join Type": "Inner", "Startup Cost": 0.0, "Total Cost": 491948.63, "Plan Rows": 86479, "Plan Width": 36, "Inner Unique": true, "Plans": [{"Node Type": "Nested Loop", "Parent Relationship": "Outer", "Join Type": "Inner", "Startup Cost": 0.0, "Total Cost": 464497.44, "Plan Rows": 86479, "Plan Width": 40, "Inner Unique": true, "Plans": [{"Node Type": "Nested Loop", "Parent Relationship": "Outer", "Join Type": "Inner", "Startup Cost": 0.0, "Total Cost": 441564.57, "Plan Rows": 74637, "Plan Width": 32, "Inner Unique": false, "Plans": [{"Node Type": "Seq Scan", "Parent Relationship": "Outer", "Relation Name": "part", "Alias": "part", "Startup Cost": 0.0, "Total Cost": 66944.0, "Plan Rows": 13538, "Plan Width": 8, "Filter": "((p_type)::text = 'SMALL PLATED COPPER'::text)"}, {"Node Type": "Index Scan", "Parent Relationship": "Inner", "Scan Direction": "Forward", "Index Name": "idx_lineitem_part_supp", "Relation Name": "lineitem", "Alias": "lineitem", "Startup Cost": 0.0, "Total Cost": 27.61, "Plan Rows": 6, "Plan Width": 40, "Index Cond": "(l_partkey = part.p_partkey)"}]}, {"Node Type": "Index Scan", "Parent Relationship": "Inner", "Scan Direction": "Forward", "Index Name": "orders_pkey", "Relation Name": "orders", "Alias": "orders", "Startup Cost": 0.0, "Total Cost": 0.3, "Plan Rows": 1, "Plan Width": 24, "Index Cond": "(o_orderkey = lineitem.l_orderkey)", "Filter": "((o_orderdate >= '1995-01-01 00:00:00'::timestamp(0) without time zone) AND (o_orderdate <= '1996-12-31 00:00:00'::timestamp(0) without time zone))"}]}, {"Node Type": "Index Scan", "Parent Relationship": "Inner", "Scan Direction": "Forward", "Index Name": "customer_pkey", "Relation Name": "customer", "Alias": "customer", "Startup Cost": 0.0, "Total Cost": 0.31, "Plan Rows": 1, "Plan Width": 12, "Index Cond": "(c_custkey = orders.o_custkey)"}]}, {"Node Type": "Materialize", "Parent Relationship": "Inner", "Startup Cost": 0.0, "Total Cost": 2.65, "Plan Rows": 5, "Plan Width": 4, "Plans": [{"Node Type": "Nested Loop", "Parent Relationship": "Outer", "Join Type": "Inner", "Startup Cost": 0.0, "Total Cost": 2.62, "Plan Rows": 5, "Plan Width": 4, "Inner Unique": false, "Join Filter": "(n1.n_regionkey = region.r_regionkey)", "Plans": [{"Node Type": "Seq Scan", "Parent Relationship": "Outer", "Relation Name": "region", "Alias": "region", "Startup Cost": 0.0, "Total Cost": 1.06, "Plan Rows": 1, "Plan Width": 4, "Filter": "(r_name = 'ASIA'::bpchar)"}, {"Node Type": "Seq Scan", "Parent Relationship": "Inner", "Relation Name": "nation", "Alias": "n1", "Startup Cost": 0.0, "Total Cost": 1.25, "Plan Rows": 25, "Plan Width": 8}]}]}]}, {"Node Type": "Index Scan", "Parent Relationship": "Inner", "Scan Direction": "Forward", "Index Name": "supplier_pkey", "Relation Name": "supplier", "Alias": "supplier", "Startup Cost": 0.0, "Total Cost": 0.27, "Plan Rows": 1, "Plan Width": 12, "Index Cond": "(s_suppkey = lineitem.l_suppkey)"}]}, {"Node Type": "Index Scan", "Parent Relationship": "Inner", "Scan Direction": "Forward", "Index Name": "nation_pkey", "Relation Name": "nation", "Alias": "n2", "Startup Cost": 0.0, "Total Cost": 0.27, "Plan Rows": 1, "Plan Width": 30, "Index Cond": "(n_nationkey = supplier.s_nationkey)"}]}]}]}, "Unique SQL Id": 3681808042, "Planner Runtime": 3}, "explain_analyze_plan": {"Plan": {"Node Type": "Sort", "Startup Cost": 505096.47, "Total Cost": 505096.49, "Plan Rows": 10, "Plan Width": 66, "Actual Startup Time": 7006.798, "Actual Total Time": 7006.798, "Actual Rows": 2, "Actual Loops": 1, "Sort Key": ["(date_part('year'::text, orders.o_orderdate))"], "Sort Method": "quicksort", "Sort Space Used": 25, "Sort Space Type": "Memory", "Plans": [{"Node Type": "Aggregate", "Strategy": "Hashed", "Parent Relationship": "Outer", "Startup Cost": 505096.15, "Total Cost": 505096.3, "Plan Rows": 10, "Plan Width": 66, "Actual Startup Time": 7006.778, "Actual Total Time": 7006.779, "Actual Rows": 2, "Actual Loops": 1, "Group By Key": ["date_part('year'::text, orders.o_orderdate)"], "Plans": [{"Node Type": "Nested Loop", "Parent Relationship": "Outer", "Join Type": "Inner", "Startup Cost": 0.0, "Total Cost": 504976.33, "Plan Rows": 5991, "Plan Width": 50, "Actual Startup Time": 0.506, "Actual Total Time": 6967.878, "Actual Rows": 23929, "Actual Loops": 1, "Inner Unique": true, "Plans": [{"Node Type": "Nested Loop", "Parent Relationship": "Outer", "Join Type": "Inner", "Startup Cost": 0.0, "Total Cost": 503283.15, "Plan Rows": 5991, "Plan Width": 28, "Actual Startup Time": 0.488, "Actual Total Time": 6879.824, "Actual Rows": 23929, "Actual Loops": 1, "Inner Unique": true, "Plans": [{"Node Type": "Nested Loop", "Parent Relationship": "Outer", "Join Type": "Inner", "Startup Cost": 0.0, "Total Cost": 498437.19, "Plan Rows": 17296, "Plan Width": 32, "Actual Startup Time": 0.473, "Actual Total Time": 6704.702, "Actual Rows": 23929, "Actual Loops": 1, "Inner Unique": false, "Join Filter": "(n1.n_nationkey = customer.c_nationkey)", "Rows Removed by Join Filter": 574896, "Plans": [{"Node Type": "Nested Loop", "Parent Relationship": "Outer", "Join Type": "Inner", "Startup Cost": 0.0, "Total Cost": 491948.63, "Plan Rows": 86479, "Plan Width": 36, "Actual Startup Time": 0.233, "Actual Total Time": 6486.62, "Actual Rows": 119765, "Actual Loops": 1, "Inner Unique": true, "Plans": [{"Node Type": "Nested Loop", "Parent Relationship": "Outer", "Join Type": "Inner", "Startup Cost": 0.0, "Total Cost": 464497.44, "Plan Rows": 86479, "Plan Width": 40, "Actual Startup Time": 0.218, "Actual Total Time": 5536.531, "Actual Rows": 119765, "Actual Loops": 1, "Inner Unique": true, "Plans": [{"Node Type": "Nested Loop", "Parent Relationship": "Outer", "Join Type": "Inner", "Startup Cost": 0.0, "Total Cost": 441564.57, "Plan Rows": 74637, "Plan Width": 32, "Actual Startup Time": 0.063, "Actual Total Time": 2039.844, "Actual Rows": 395341, "Actual Loops": 1, "Inner Unique": false, "Plans": [{"Node Type": "Seq Scan", "Parent Relationship": "Outer", "Relation Name": "part", "Alias": "part", "Startup Cost": 0.0, "Total Cost": 66944.0, "Plan Rows": 13538, "Plan Width": 8, "Actual Startup Time": 0.033, "Actual Total Time": 773.896, "Actual Rows": 13163, "Actual Loops": 1, "Filter": "((p_type)::text = 'SMALL PLATED COPPER'::text)", "Rows Removed by Filter": 1986837}, {"Node Type": "Index Scan", "Parent Relationship": "Inner", "Scan Direction": "Forward", "Index Name": "idx_lineitem_part_supp", "Relation Name": "lineitem", "Alias": "lineitem", "Startup Cost": 0.0, "Total Cost": 27.61, "Plan Rows": 6, "Plan Width": 40, "Actual Startup Time": 159.965, "Actual Total Time": 1161.38, "Actual Rows": 395341, "Actual Loops": 13163, "Index Cond": "(l_partkey = part.p_partkey)", "Rows Removed by Index Recheck": 0}]}, {"Node Type": "Index Scan", "Parent Relationship": "Inner", "Scan Direction": "Forward", "Index Name": "orders_pkey", "Relation Name": "orders", "Alias": "orders", "Startup Cost": 0.0, "Total Cost": 0.3, "Plan Rows": 1, "Plan Width": 24, "Actual Startup Time": 3248.275, "Actual Total Time": 3248.275, "Actual Rows": 119765, "Actual Loops": 395341, "Index Cond": "(o_orderkey = lineitem.l_orderkey)", "Rows Removed by Index Recheck": 0, "Filter": "((o_orderdate >= '1995-01-01 00:00:00'::timestamp(0) without time zone) AND (o_orderdate <= '1996-12-31 00:00:00'::timestamp(0) without time zone))", "Rows Removed by Filter": 275576}]}, {"Node Type": "Index Scan", "Parent Relationship": "Inner", "Scan Direction": "Forward", "Index Name": "customer_pkey", "Relation Name": "customer", "Alias": "customer", "Startup Cost": 0.0, "Total Cost": 0.31, "Plan Rows": 1, "Plan Width": 12, "Actual Startup Time": 839.255, "Actual Total Time": 839.255, "Actual Rows": 119765, "Actual Loops": 119765, "Index Cond": "(c_custkey = orders.o_custkey)", "Rows Removed by Index Recheck": 0}]}, {"Node Type": "Materialize", "Parent Relationship": "Inner", "Startup Cost": 0.0, "Total Cost": 2.65, "Plan Rows": 5, "Plan Width": 4, "Actual Startup Time": 12.797, "Actual Total Time": 64.631, "Actual Rows": 598825, "Actual Loops": 119765, "Plans": [{"Node Type": "Nested Loop", "Parent Relationship": "Outer", "Join Type": "Inner", "Startup Cost": 0.0, "Total Cost": 2.62, "Plan Rows": 5, "Plan Width": 4, "Actual Startup Time": 0.023, "Actual Total Time": 0.033, "Actual Rows": 5, "Actual Loops": 1, "Inner Unique": false, "Join Filter": "(n1.n_regionkey = region.r_regionkey)", "Rows Removed by Join Filter": 20, "Plans": [{"Node Type": "Seq Scan", "Parent Relationship": "Outer", "Relation Name": "region", "Alias": "region", "Startup Cost": 0.0, "Total Cost": 1.06, "Plan Rows": 1, "Plan Width": 4, "Actual Startup Time": 0.007, "Actual Total Time": 0.008, "Actual Rows": 1, "Actual Loops": 1, "Filter": "(r_name = 'ASIA'::bpchar)", "Rows Removed by Filter": 4}, {"Node Type": "Seq Scan", "Parent Relationship": "Inner", "Relation Name": "nation", "Alias": "n1", "Startup Cost": 0.0, "Total Cost": 1.25, "Plan Rows": 25, "Plan Width": 8, "Actual Startup Time": 0.007, "Actual Total Time": 0.01, "Actual Rows": 25, "Actual Loops": 1}]}]}]}, {"Node Type": "Index Scan", "Parent Relationship": "Inner", "Scan Direction": "Forward", "Index Name": "supplier_pkey", "Relation Name": "supplier", "Alias": "supplier", "Startup Cost": 0.0, "Total Cost": 0.27, "Plan Rows": 1, "Plan Width": 12, "Actual Startup Time": 143.152, "Actual Total Time": 143.152, "Actual Rows": 23929, "Actual Loops": 23929, "Index Cond": "(s_suppkey = lineitem.l_suppkey)", "Rows Removed by Index Recheck": 0}]}, {"Node Type": "Index Scan", "Parent Relationship": "Inner", "Scan Direction": "Forward", "Index Name": "nation_pkey", "Relation Name": "nation", "Alias": "n2", "Startup Cost": 0.0, "Total Cost": 0.27, "Plan Rows": 1, "Plan Width": 30, "Actual Startup Time": 41.105, "Actual Total Time": 41.105, "Actual Rows": 23929, "Actual Loops": 23929, "Index Cond": "(n_nationkey = supplier.s_nationkey)", "Rows Removed by Index Recheck": 0}]}]}]}, "Triggers": [], "Planner Runtime": 3, "Total Runtime": 7007.196, "Unique SQL Id": 3681808042}}, "(16, 125)": {"explain_plan": {"Plan": {"Node Type": "Sort", "Startup Cost": 543973.83, "Total Cost": 543973.85, "Plan Rows": 10, "Plan Width": 66, "Sort Key": ["(date_part('year'::text, orders.o_orderdate))"], "Plans": [{"Node Type": "Aggregate", "Strategy": "Hashed", "Parent Relationship": "Outer", "Startup Cost": 543973.51, "Total Cost": 543973.66, "Plan Rows": 10, "Plan Width": 66, "Group By Key": ["date_part('year'::text, orders.o_orderdate)"], "Plans": [{"Node Type": "Nested Loop", "Parent Relationship": "Outer", "Join Type": "Inner", "Startup Cost": 0.0, "Total Cost": 543853.69, "Plan Rows": 5991, "Plan Width": 50, "Inner Unique": true, "Plans": [{"Node Type": "Nested Loop", "Parent Relationship": "Outer", "Join Type": "Inner", "Startup Cost": 0.0, "Total Cost": 542160.52, "Plan Rows": 5991, "Plan Width": 28, "Inner Unique": true, "Plans": [{"Node Type": "Nested Loop", "Parent Relationship": "Outer", "Join Type": "Inner", "Startup Cost": 0.0, "Total Cost": 537314.56, "Plan Rows": 17296, "Plan Width": 32, "Inner Unique": false, "Join Filter": "(n1.n_nationkey = customer.c_nationkey)", "Plans": [{"Node Type": "Nested Loop", "Parent Relationship": "Outer", "Join Type": "Inner", "Startup Cost": 0.0, "Total Cost": 530807.88, "Plan Rows": 86479, "Plan Width": 36, "Inner Unique": true, "Plans": [{"Node Type": "Nested Loop", "Parent Relationship": "Outer", "Join Type": "Inner", "Startup Cost": 0.0, "Total Cost": 503356.69, "Plan Rows": 86479, "Plan Width": 40, "Inner Unique": true, "Plans": [{"Node Type": "Nested Loop", "Parent Relationship": "Outer", "Join Type": "Inner", "Startup Cost": 0.0, "Total Cost": 480423.82, "Plan Rows": 74637, "Plan Width": 32, "Inner Unique": false, "Plans": [{"Node Type": "Index Scan", "Parent Relationship": "Outer", "Scan Direction": "Forward", "Index Name": "part_kpey", "Relation Name": "part", "Alias": "part", "Startup Cost": 0.0, "Total Cost": 105803.25, "Plan Rows": 13538, "Plan Width": 8, "Filter": "((p_type)::text = 'SMALL PLATED COPPER'::text)"}, {"Node Type": "Index Scan", "Parent Relationship": "Inner", "Scan Direction": "Forward", "Index Name": "idx_lineitem_part_supp", "Relation Name": "lineitem", "Alias": "lineitem", "Startup Cost": 0.0, "Total Cost": 27.61, "Plan Rows": 6, "Plan Width": 40, "Index Cond": "(l_partkey = part.p_partkey)"}]}, {"Node Type": "Index Scan", "Parent Relationship": "Inner", "Scan Direction": "Forward", "Index Name": "orders_pkey", "Relation Name": "orders", "Alias": "orders", "Startup Cost": 0.0, "Total Cost": 0.3, "Plan Rows": 1, "Plan Width": 24, "Index Cond": "(o_orderkey = lineitem.l_orderkey)", "Filter": "((o_orderdate >= '1995-01-01 00:00:00'::timestamp(0) without time zone) AND (o_orderdate <= '1996-12-31 00:00:00'::timestamp(0) without time zone))"}]}, {"Node Type": "Index Scan", "Parent Relationship": "Inner", "Scan Direction": "Forward", "Index Name": "customer_pkey", "Relation Name": "customer", "Alias": "customer", "Startup Cost": 0.0, "Total Cost": 0.31, "Plan Rows": 1, "Plan Width": 12, "Index Cond": "(c_custkey = orders.o_custkey)"}]}, {"Node Type": "Materialize", "Parent Relationship": "Inner", "Startup Cost": 0.0, "Total Cost": 20.76, "Plan Rows": 5, "Plan Width": 4, "Plans": [{"Node Type": "Nested Loop", "Parent Relationship": "Outer", "Join Type": "Inner", "Startup Cost": 0.0, "Total Cost": 20.74, "Plan Rows": 5, "Plan Width": 4, "Inner Unique": false, "Plans": [{"Node Type": "Index Scan", "Parent Relationship": "Outer", "Scan Direction": "Forward", "Index Name": "region_pkey", "Relation Name": "region", "Alias": "region", "Startup Cost": 0.0, "Total Cost": 12.34, "Plan Rows": 1, "Plan Width": 4, "Filter": "(r_name = 'ASIA'::bpchar)"}, {"Node Type": "Index Scan", "Parent Relationship": "Inner", "Scan Direction": "Forward", "Index Name": "idx_nation_regionkey", "Relation Name": "nation", "Alias": "n1", "Startup Cost": 0.0, "Total Cost": 8.35, "Plan Rows": 5, "Plan Width": 8, "Index Cond": "(n_regionkey = region.r_regionkey)"}]}]}]}, {"Node Type": "Index Scan", "Parent Relationship": "Inner", "Scan Direction": "Forward", "Index Name": "supplier_pkey", "Relation Name": "supplier", "Alias": "supplier", "Startup Cost": 0.0, "Total Cost": 0.27, "Plan Rows": 1, "Plan Width": 12, "Index Cond": "(s_suppkey = lineitem.l_suppkey)"}]}, {"Node Type": "Index Scan", "Parent Relationship": "Inner", "Scan Direction": "Forward", "Index Name": "nation_pkey", "Relation Name": "nation", "Alias": "n2", "Startup Cost": 0.0, "Total Cost": 0.27, "Plan Rows": 1, "Plan Width": 30, "Index Cond": "(n_nationkey = supplier.s_nationkey)"}]}]}]}, "Unique SQL Id": 3681808042, "Planner Runtime": 2}, "explain_analyze_plan": {"Plan": {"Node Type": "Sort", "Startup Cost": 543973.83, "Total Cost": 543973.85, "Plan Rows": 10, "Plan Width": 66, "Actual Startup Time": 7638.685, "Actual Total Time": 7638.685, "Actual Rows": 2, "Actual Loops": 1, "Sort Key": ["(date_part('year'::text, orders.o_orderdate))"], "Sort Method": "quicksort", "Sort Space Used": 25, "Sort Space Type": "Memory", "Plans": [{"Node Type": "Aggregate", "Strategy": "Hashed", "Parent Relationship": "Outer", "Startup Cost": 543973.51, "Total Cost": 543973.66, "Plan Rows": 10, "Plan Width": 66, "Actual Startup Time": 7638.658, "Actual Total Time": 7638.66, "Actual Rows": 2, "Actual Loops": 1, "Group By Key": ["date_part('year'::text, orders.o_orderdate)"], "Plans": [{"Node Type": "Nested Loop", "Parent Relationship": "Outer", "Join Type": "Inner", "Startup Cost": 0.0, "Total Cost": 543853.69, "Plan Rows": 5991, "Plan Width": 50, "Actual Startup Time": 0.367, "Actual Total Time": 7599.402, "Actual Rows": 23929, "Actual Loops": 1, "Inner Unique": true, "Plans": [{"Node Type": "Nested Loop", "Parent Relationship": "Outer", "Join Type": "Inner", "Startup Cost": 0.0, "Total Cost": 542160.52, "Plan Rows": 5991, "Plan Width": 28, "Actual Startup Time": 0.356, "Actual Total Time": 7511.304, "Actual Rows": 23929, "Actual Loops": 1, "Inner Unique": true, "Plans": [{"Node Type": "Nested Loop", "Parent Relationship": "Outer", "Join Type": "Inner", "Startup Cost": 0.0, "Total Cost": 537314.56, "Plan Rows": 17296, "Plan Width": 32, "Actual Startup Time": 0.348, "Actual Total Time": 7329.477, "Actual Rows": 23929, "Actual Loops": 1, "Inner Unique": false, "Join Filter": "(n1.n_nationkey = customer.c_nationkey)", "Rows Removed by Join Filter": 574896, "Plans": [{"Node Type": "Nested Loop", "Parent Relationship": "Outer", "Join Type": "Inner", "Startup Cost": 0.0, "Total Cost": 530807.88, "Plan Rows": 86479, "Plan Width": 36, "Actual Startup Time": 0.177, "Actual Total Time": 7111.281, "Actual Rows": 119765, "Actual Loops": 1, "Inner Unique": true, "Plans": [{"Node Type": "Nested Loop", "Parent Relationship": "Outer", "Join Type": "Inner", "Startup Cost": 0.0, "Total Cost": 503356.69, "Plan Rows": 86479, "Plan Width": 40, "Actual Startup Time": 0.168, "Actual Total Time": 6165.853, "Actual Rows": 119765, "Actual Loops": 1, "Inner Unique": true, "Plans": [{"Node Type": "Nested Loop", "Parent Relationship": "Outer", "Join Type": "Inner", "Startup Cost": 0.0, "Total Cost": 480423.82, "Plan Rows": 74637, "Plan Width": 32, "Actual Startup Time": 0.063, "Actual Total Time": 2640.791, "Actual Rows": 395341, "Actual Loops": 1, "Inner Unique": false, "Plans": [{"Node Type": "Index Scan", "Parent Relationship": "Outer", "Scan Direction": "Forward", "Index Name": "part_kpey", "Relation Name": "part", "Alias": "part", "Startup Cost": 0.0, "Total Cost": 105803.25, "Plan Rows": 13538, "Plan Width": 8, "Actual Startup Time": 0.04, "Actual Total Time": 1363.377, "Actual Rows": 13163, "Actual Loops": 1, "Filter": "((p_type)::text = 'SMALL PLATED COPPER'::text)", "Rows Removed by Filter": 1986837}, {"Node Type": "Index Scan", "Parent Relationship": "Inner", "Scan Direction": "Forward", "Index Name": "idx_lineitem_part_supp", "Relation Name": "lineitem", "Alias": "lineitem", "Startup Cost": 0.0, "Total Cost": 27.61, "Plan Rows": 6, "Plan Width": 40, "Actual Startup Time": 164.943, "Actual Total Time": 1171.622, "Actual Rows": 395341, "Actual Loops": 13163, "Index Cond": "(l_partkey = part.p_partkey)", "Rows Removed by Index Recheck": 0}]}, {"Node Type": "Index Scan", "Parent Relationship": "Inner", "Scan Direction": "Forward", "Index Name": "orders_pkey", "Relation Name": "orders", "Alias": "orders", "Startup Cost": 0.0, "Total Cost": 0.3, "Plan Rows": 1, "Plan Width": 24, "Actual Startup Time": 3278.401, "Actual Total Time": 3278.401, "Actual Rows": 119765, "Actual Loops": 395341, "Index Cond": "(o_orderkey = lineitem.l_orderkey)", "Rows Removed by Index Recheck": 0, "Filter": "((o_orderdate >= '1995-01-01 00:00:00'::timestamp(0) without time zone) AND (o_orderdate <= '1996-12-31 00:00:00'::timestamp(0) without time zone))", "Rows Removed by Filter": 275576}]}, {"Node Type": "Index Scan", "Parent Relationship": "Inner", "Scan Direction": "Forward", "Index Name": "customer_pkey", "Relation Name": "customer", "Alias": "customer", "Startup Cost": 0.0, "Total Cost": 0.31, "Plan Rows": 1, "Plan Width": 12, "Actual Startup Time": 832.202, "Actual Total Time": 832.202, "Actual Rows": 119765, "Actual Loops": 119765, "Index Cond": "(c_custkey = orders.o_custkey)", "Rows Removed by Index Recheck": 0}]}, {"Node Type": "Materialize", "Parent Relationship": "Inner", "Startup Cost": 0.0, "Total Cost": 20.76, "Plan Rows": 5, "Plan Width": 4, "Actual Startup Time": 12.425, "Actual Total Time": 64.665, "Actual Rows": 598825, "Actual Loops": 119765, "Plans": [{"Node Type": "Nested Loop", "Parent Relationship": "Outer", "Join Type": "Inner", "Startup Cost": 0.0, "Total Cost": 20.74, "Plan Rows": 5, "Plan Width": 4, "Actual Startup Time": 0.018, "Actual Total Time": 0.024, "Actual Rows": 5, "Actual Loops": 1, "Inner Unique": false, "Plans": [{"Node Type": "Index Scan", "Parent Relationship": "Outer", "Scan Direction": "Forward", "Index Name": "region_pkey", "Relation Name": "region", "Alias": "region", "Startup Cost": 0.0, "Total Cost": 12.34, "Plan Rows": 1, "Plan Width": 4, "Actual Startup Time": 0.009, "Actual Total Time": 0.011, "Actual Rows": 1, "Actual Loops": 1, "Filter": "(r_name = 'ASIA'::bpchar)", "Rows Removed by Filter": 4}, {"Node Type": "Index Scan", "Parent Relationship": "Inner", "Scan Direction": "Forward", "Index Name": "idx_nation_regionkey", "Relation Name": "nation", "Alias": "n1", "Startup Cost": 0.0, "Total Cost": 8.35, "Plan Rows": 5, "Plan Width": 8, "Actual Startup Time": 0.005, "Actual Total Time": 0.006, "Actual Rows": 5, "Actual Loops": 1, "Index Cond": "(n_regionkey = region.r_regionkey)", "Rows Removed by Index Recheck": 0}]}]}]}, {"Node Type": "Index Scan", "Parent Relationship": "Inner", "Scan Direction": "Forward", "Index Name": "supplier_pkey", "Relation Name": "supplier", "Alias": "supplier", "Startup Cost": 0.0, "Total Cost": 0.27, "Plan Rows": 1, "Plan Width": 12, "Actual Startup Time": 148.659, "Actual Total Time": 148.659, "Actual Rows": 23929, "Actual Loops": 23929, "Index Cond": "(s_suppkey = lineitem.l_suppkey)", "Rows Removed by Index Recheck": 0}]}, {"Node Type": "Index Scan", "Parent Relationship": "Inner", "Scan Direction": "Forward", "Index Name": "nation_pkey", "Relation Name": "nation", "Alias": "n2", "Startup Cost": 0.0, "Total Cost": 0.27, "Plan Rows": 1, "Plan Width": 30, "Actual Startup Time": 41.417, "Actual Total Time": 41.417, "Actual Rows": 23929, "Actual Loops": 23929, "Index Cond": "(n_nationkey = supplier.s_nationkey)", "Rows Removed by Index Recheck": 0}]}]}]}, "Triggers": [], "Planner Runtime": 2, "Total Runtime": 7639.12, "Unique SQL Id": 3681808042}}, "(16, 126)": {"explain_plan": {"Plan": {"Node Type": "Sort", "Startup Cost": 17600453906.22, "Total Cost": 17600453906.25, "Plan Rows": 10, "Plan Width": 66, "Sort Key": ["(date_part('year'::text, orders.o_orderdate))"], "Plans": [{"Node Type": "Aggregate", "Strategy": "Hashed", "Parent Relationship": "Outer", "Startup Cost": 17600453905.91, "Total Cost": 17600453906.06, "Plan Rows": 10, "Plan Width": 66, "Group By Key": ["date_part('year'::text, orders.o_orderdate)"], "Plans": [{"Node Type": "Nested Loop", "Parent Relationship": "Outer", "Join Type": "Inner", "Startup Cost": 195.35, "Total Cost": 17600453786.09, "Plan Rows": 5991, "Plan Width": 50, "Inner Unique": true, "Join Filter": "(supplier.s_nationkey = n2.n_nationkey)", "Plans": [{"Node Type": "Nested Loop", "Parent Relationship": "Outer", "Join Type": "Inner", "Startup Cost": 195.35, "Total Cost": 17600451523.17, "Plan Rows": 5991, "Plan Width": 28, "Inner Unique": false, "Join Filter": "(customer.c_custkey = orders.o_custkey)", "Plans": [{"Node Type": "Nested Loop", "Parent Relationship": "Outer", "Join Type": "Inner", "Startup Cost": 0.0, "Total Cost": 164628.64, "Plan Rows": 300000, "Plan Width": 8, "Inner Unique": false, "Join Filter": "(n1.n_nationkey = customer.c_nationkey), (LLVM Optimized)", "Plans": [{"Node Type": "Seq Scan", "Parent Relationship": "Outer", "Relation Name": "customer", "Alias": "customer", "Startup Cost": 0.0, "Total Cost": 52126.0, "Plan Rows": 1500000, "Plan Width": 12}, {"Node Type": "Materialize", "Parent Relationship": "Inner", "Startup Cost": 0.0, "Total Cost": 2.65, "Plan Rows": 5, "Plan Width": 4, "Plans": [{"Node Type": "Nested Loop", "Parent Relationship": "Outer", "Join Type": "Inner", "Startup Cost": 0.0, "Total Cost": 2.62, "Plan Rows": 5, "Plan Width": 4, "Inner Unique": false, "Join Filter": "(n1.n_regionkey = region.r_regionkey)", "Plans": [{"Node Type": "Seq Scan", "Parent Relationship": "Outer", "Relation Name": "region", "Alias": "region", "Startup Cost": 0.0, "Total Cost": 1.06, "Plan Rows": 1, "Plan Width": 4, "Filter": "(r_name = 'ASIA'::bpchar)"}, {"Node Type": "Seq Scan", "Parent Relationship": "Inner", "Relation Name": "nation", "Alias": "n1", "Startup Cost": 0.0, "Total Cost": 1.25, "Plan Rows": 25, "Plan Width": 8}]}]}]}, {"Node Type": "Materialize", "Parent Relationship": "Inner", "Startup Cost": 195.35, "Total Cost": 17369896022.53, "Plan Rows": 51198, "Plan Width": 36, "Plans": [{"Node Type": "Nested Loop", "Parent Relationship": "Outer", "Join Type": "Inner", "Startup Cost": 195.35, "Total Cost": 17369895766.54, "Plan Rows": 51198, "Plan Width": 36, "Inner Unique": false, "Join Filter": "(lineitem.l_orderkey = orders.o_orderkey)", "Plans": [{"Node Type": "Seq Scan", "Parent Relationship": "Outer", "Relation Name": "orders", "Alias": "orders", "Startup Cost": 195.35, "Total Cost": 501411.18, "Plan Rows": 4531967, "Plan Width": 24, "Filter": "((o_orderdate >= '1995-01-01 00:00:00'::timestamp(0) without time zone) AND (o_orderdate <= '1996-12-31 00:00:00'::timestamp(0) without time zone)), (LLVM Optimized)"}, {"Node Type": "Materialize", "Parent Relationship": "Inner", "Startup Cost": 0.0, "Total Cost": 12295608227.26, "Plan Rows": 74637, "Plan Width": 28, "Plans": [{"Node Type": "Nested Loop", "Parent Relationship": "Outer", "Join Type": "Inner", "Startup Cost": 0.0, "Total Cost": 12295607854.08, "Plan Rows": 74637, "Plan Width": 28, "Inner Unique": false, "Join Filter": "(lineitem.l_suppkey = supplier.s_suppkey)", "Plans": [{"Node Type": "Seq Scan", "Parent Relationship": "Outer", "Relation Name": "supplier", "Alias": "supplier", "Startup Cost": 0.0, "Total Cost": 3283.0, "Plan Rows": 100000, "Plan Width": 12}, {"Node Type": "Materialize", "Parent Relationship": "Inner", "Startup Cost": 0.0, "Total Cost": 12183649257.67, "Plan Rows": 74637, "Plan Width": 32, "Plans": [{"Node Type": "Nested Loop", "Parent Relationship": "Outer", "Join Type": "Inner", "Startup Cost": 0.0, "Total Cost": 12183648884.49, "Plan Rows": 74637, "Plan Width": 32, "Inner Unique": true, "Join Filter": "(part.p_partkey = lineitem.l_partkey)", "Plans": [{"Node Type": "Seq Scan", "Parent Relationship": "Outer", "Relation Name": "lineitem", "Alias": "lineitem", "Startup Cost": 0.0, "Total Cost": 2015115.33, "Plan Rows": 59987033, "Plan Width": 40}, {"Node Type": "Materialize", "Parent Relationship": "Inner", "Startup Cost": 0.0, "Total Cost": 67011.69, "Plan Rows": 13538, "Plan Width": 8, "Plans": [{"Node Type": "Seq Scan", "Parent Relationship": "Outer", "Relation Name": "part", "Alias": "part", "Startup Cost": 0.0, "Total Cost": 66944.0, "Plan Rows": 13538, "Plan Width": 8, "Filter": "((p_type)::text = 'SMALL PLATED COPPER'::text)"}]}]}]}]}]}]}]}]}, {"Node Type": "Materialize", "Parent Relationship": "Inner", "Startup Cost": 0.0, "Total Cost": 1.38, "Plan Rows": 25, "Plan Width": 30, "Plans": [{"Node Type": "Seq Scan", "Parent Relationship": "Outer", "Relation Name": "nation", "Alias": "n2", "Startup Cost": 0.0, "Total Cost": 1.25, "Plan Rows": 25, "Plan Width": 30}]}]}]}]}, "Unique SQL Id": 3681808042, "Planner Runtime": 2}, "explain_analyze_plan": null}, "(16, 127)": {"explain_plan": {"Plan": {"Node Type": "Sort", "Startup Cost": 8018022317922.2, "Total Cost": 8018022317922.22, "Plan Rows": 10, "Plan Width": 66, "Sort Key": ["(date_part('year'::text, orders.o_orderdate))"], "Plans": [{"Node Type": "Aggregate", "Strategy": "Hashed", "Parent Relationship": "Outer", "Startup Cost": 8018022317921.88, "Total Cost": 8018022317922.03, "Plan Rows": 10, "Plan Width": 66, "Group By Key": ["date_part('year'::text, orders.o_orderdate)"], "Plans": [{"Node Type": "Nested Loop", "Parent Relationship": "Outer", "Join Type": "Inner", "Startup Cost": 80000000000.0, "Total Cost": 8018022317802.06, "Plan Rows": 5991, "Plan Width": 50, "Inner Unique": true, "Join Filter": "(supplier.s_nationkey = n2.n_nationkey)", "Plans": [{"Node Type": "Nested Loop", "Parent Relationship": "Outer", "Join Type": "Inner", "Startup Cost": 70000000000.0, "Total Cost": 7018022314277.89, "Plan Rows": 5991, "Plan Width": 28, "Inner Unique": false, "Join Filter": "(customer.c_custkey = orders.o_custkey)", "Plans": [{"Node Type": "Nested Loop", "Parent Relationship": "Outer", "Join Type": "Inner", "Startup Cost": 40000000000.0, "Total Cost": 4017783730995.63, "Plan Rows": 51198, "Plan Width": 36, "Inner Unique": true, "Join Filter": "(lineitem.l_orderkey = orders.o_orderkey)", "Plans": [{"Node Type": "Nested Loop", "Parent Relationship": "Outer", "Join Type": "Inner", "Startup Cost": 30000000000.0, "Total Cost": 3012629335768.03, "Plan Rows": 74637, "Plan Width": 28, "Inner Unique": false, "Join Filter": "(lineitem.l_suppkey = supplier.s_suppkey)", "Plans": [{"Node Type": "Index Scan", "Parent Relationship": "Outer", "Scan Direction": "Forward", "Index Name": "idx_supplier_nation_key", "Relation Name": "supplier", "Alias": "supplier", "Startup Cost": 10000000000.0, "Total Cost": 1000001217556.78, "Plan Rows": 100000, "Plan Width": 12}, {"Node Type": "Materialize", "Parent Relationship": "Inner", "Startup Cost": 20000000000.0, "Total Cost": 2012516162897.84, "Plan Rows": 74637, "Plan Width": 32, "Plans": [{"Node Type": "Nested Loop", "Parent Relationship": "Outer", "Join Type": "Inner", "Startup Cost": 20000000000.0, "Total Cost": 2012516162524.66, "Plan Rows": 74637, "Plan Width": 32, "Inner Unique": true, "Join Filter": "(part.p_partkey = lineitem.l_partkey)", "Plans": [{"Node Type": "Index Scan", "Parent Relationship": "Outer", "Scan Direction": "Forward", "Index Name": "idx_lineitem_orderkey", "Relation Name": "lineitem", "Alias": "lineitem", "Startup Cost": 10000000000.0, "Total Cost": 1000324015374.5, "Plan Rows": 59987033, "Plan Width": 40}, {"Node Type": "Materialize", "Parent Relationship": "Inner", "Startup Cost": 10000000000.0, "Total Cost": 1000010580392.69, "Plan Rows": 13538, "Plan Width": 8, "Plans": [{"Node Type": "Index Scan", "Parent Relationship": "Outer", "Scan Direction": "Forward", "Index Name": "part_kpey", "Relation Name": "part", "Alias": "part", "Startup Cost": 10000000000.0, "Total Cost": 1000010580325.0, "Plan Rows": 13538, "Plan Width": 8, "Filter": "((p_type)::text = 'SMALL PLATED COPPER'::text)"}]}]}]}]}, {"Node Type": "Materialize", "Parent Relationship": "Inner", "Startup Cost": 10000000000.0, "Total Cost": 1000080620242.83, "Plan Rows": 4531967, "Plan Width": 24, "Plans": [{"Node Type": "Index Scan", "Parent Relationship": "Outer", "Scan Direction": "Forward", "Index Name": "orders_pkey", "Relation Name": "orders", "Alias": "orders", "Startup Cost": 10000000000.0, "Total Cost": 1000080597583.0, "Plan Rows": 4531967, "Plan Width": 24, "Filter": "((o_orderdate >= '1995-01-01 00:00:00'::timestamp(0) without time zone) AND (o_orderdate <= '1996-12-31 00:00:00'::timestamp(0) without time zone)), (LLVM Optimized)"}]}]}, {"Node Type": "Materialize", "Parent Relationship": "Inner", "Startup Cost": 30000000000.0, "Total Cost": 3000008193032.26, "Plan Rows": 300000, "Plan Width": 8, "Plans": [{"Node Type": "Nested Loop", "Parent Relationship": "Outer", "Join Type": "Inner", "Startup Cost": 30000000000.0, "Total Cost": 3000008191532.26, "Plan Rows": 300000, "Plan Width": 8, "Inner Unique": false, "Join Filter": "(n1.n_nationkey = customer.c_nationkey), (LLVM Optimized)", "Plans": [{"Node Type": "Index Scan", "Parent Relationship": "Outer", "Scan Direction": "Forward", "Index Name": "customer_pkey", "Relation Name": "customer", "Alias": "customer", "Startup Cost": 10000000000.0, "Total Cost": 1000008076535.62, "Plan Rows": 1500000, "Plan Width": 12}, {"Node Type": "Materialize", "Parent Relationship": "Inner", "Startup Cost": 20000000000.0, "Total Cost": 2000000002496.65, "Plan Rows": 5, "Plan Width": 4, "Plans": [{"Node Type": "Nested Loop", "Parent Relationship": "Outer", "Join Type": "Inner", "Startup Cost": 20000000000.0, "Total Cost": 2000000002496.63, "Plan Rows": 5, "Plan Width": 4, "Inner Unique": true, "Join Filter": "(n1.n_regionkey = region.r_regionkey)", "Plans": [{"Node Type": "Index Scan", "Parent Relationship": "Outer", "Scan Direction": "Forward", "Index Name": "nation_pkey", "Relation Name": "nation", "Alias": "n1", "Startup Cost": 10000000000.0, "Total Cost": 1000000001262.5, "Plan Rows": 25, "Plan Width": 8}, {"Node Type": "Materialize", "Parent Relationship": "Inner", "Startup Cost": 10000000000.0, "Total Cost": 1000000001233.76, "Plan Rows": 1, "Plan Width": 4, "Plans": [{"Node Type": "Index Scan", "Parent Relationship": "Outer", "Scan Direction": "Forward", "Index Name": "region_pkey", "Relation Name": "region", "Alias": "region", "Startup Cost": 10000000000.0, "Total Cost": 1000000001233.75, "Plan Rows": 1, "Plan Width": 4, "Filter": "(r_name = 'ASIA'::bpchar)"}]}]}]}]}]}]}, {"Node Type": "Materialize", "Parent Relationship": "Inner", "Startup Cost": 10000000000.0, "Total Cost": 1000000001262.62, "Plan Rows": 25, "Plan Width": 30, "Plans": [{"Node Type": "Index Scan", "Parent Relationship": "Outer", "Scan Direction": "Forward", "Index Name": "nation_pkey", "Relation Name": "nation", "Alias": "n2", "Startup Cost": 10000000000.0, "Total Cost": 1000000001262.5, "Plan Rows": 25, "Plan Width": 30}]}]}]}]}, "Unique SQL Id": 3681808042, "Planner Runtime": 2}, "explain_analyze_plan": null}, "(64, 0)": {"explain_plan": {"Plan": {"Node Type": "Sort", "Startup Cost": 486630.31, "Total Cost": 486630.33, "Plan Rows": 10, "Plan Width": 66, "Sort Key": ["(date_part('year'::text, orders.o_orderdate))"], "Plans": [{"Node Type": "Aggregate", "Strategy": "Hashed", "Parent Relationship": "Outer", "Startup Cost": 486629.99, "Total Cost": 486630.14, "Plan Rows": 10, "Plan Width": 66, "Group By Key": ["date_part('year'::text, orders.o_orderdate)"], "Plans": [{"Node Type": "Hash Join", "Parent Relationship": "Outer", "Join Type": "Inner", "Startup Cost": 4536.12, "Total Cost": 486510.17, "Plan Rows": 5991, "Plan Width": 50, "Inner Unique": true, "Hash Cond": "(supplier.s_nationkey = n2.n_nationkey)", "Plans": [{"Node Type": "Nested Loop", "Parent Relationship": "Outer", "Join Type": "Inner", "Startup Cost": 4534.56, "Total Cost": 486417.81, "Plan Rows": 5991, "Plan Width": 28, "Inner Unique": false, "Join Filter": "(n1.n_regionkey = region.r_regionkey)", "Plans": [{"Node Type": "Seq Scan", "Parent Relationship": "Outer", "Relation Name": "region", "Alias": "region", "Startup Cost": 0.0, "Total Cost": 1.06, "Plan Rows": 1, "Plan Width": 4, "Filter": "(r_name = 'ASIA'::bpchar)"}, {"Node Type": "Hash Join", "Parent Relationship": "Inner", "Join Type": "Inner", "Startup Cost": 4534.56, "Total Cost": 486042.32, "Plan Rows": 29954, "Plan Width": 32, "Inner Unique": true, "Hash Cond": "(customer.c_nationkey = n1.n_nationkey)", "Plans": [{"Node Type": "Nested Loop", "Parent Relationship": "Outer", "Join Type": "Inner", "Startup Cost": 4533.0, "Total Cost": 485661.65, "Plan Rows": 29954, "Plan Width": 32, "Inner Unique": true, "Plans": [{"Node Type": "Hash Join", "Parent Relationship": "Outer", "Join Type": "Inner", "Startup Cost": 4533.0, "Total Cost": 469409.78, "Plan Rows": 51198, "Plan Width": 36, "Inner Unique": true, "Hash Cond": "(lineitem.l_suppkey = supplier.s_suppkey)", "Plans": [{"Node Type": "Nested Loop", "Parent Relationship": "Outer", "Join Type": "Inner", "Startup Cost": 0.0, "Total Cost": 464497.44, "Plan Rows": 86479, "Plan Width": 40, "Inner Unique": true, "Plans": [{"Node Type": "Nested Loop", "Parent Relationship": "Outer", "Join Type": "Inner", "Startup Cost": 0.0, "Total Cost": 441564.57, "Plan Rows": 74637, "Plan Width": 32, "Inner Unique": false, "Plans": [{"Node Type": "Seq Scan", "Parent Relationship": "Outer", "Relation Name": "part", "Alias": "part", "Startup Cost": 0.0, "Total Cost": 66944.0, "Plan Rows": 13538, "Plan Width": 8, "Filter": "((p_type)::text = 'SMALL PLATED COPPER'::text)"}, {"Node Type": "Index Scan", "Parent Relationship": "Inner", "Scan Direction": "Forward", "Index Name": "idx_lineitem_part_supp", "Relation Name": "lineitem", "Alias": "lineitem", "Startup Cost": 0.0, "Total Cost": 27.61, "Plan Rows": 6, "Plan Width": 40, "Index Cond": "(l_partkey = part.p_partkey)"}]}, {"Node Type": "Index Scan", "Parent Relationship": "Inner", "Scan Direction": "Forward", "Index Name": "orders_pkey", "Relation Name": "orders", "Alias": "orders", "Startup Cost": 0.0, "Total Cost": 0.3, "Plan Rows": 1, "Plan Width": 24, "Index Cond": "(o_orderkey = lineitem.l_orderkey)", "Filter": "((o_orderdate >= '1995-01-01 00:00:00'::timestamp(0) without time zone) AND (o_orderdate <= '1996-12-31 00:00:00'::timestamp(0) without time zone))"}]}, {"Node Type": "Hash", "Parent Relationship": "Inner", "Startup Cost": 3283.0, "Total Cost": 3283.0, "Plan Rows": 100000, "Plan Width": 12, "Plans": [{"Node Type": "Seq Scan", "Parent Relationship": "Outer", "Relation Name": "supplier", "Alias": "supplier", "Startup Cost": 0.0, "Total Cost": 3283.0, "Plan Rows": 100000, "Plan Width": 12}]}]}, {"Node Type": "Index Scan", "Parent Relationship": "Inner", "Scan Direction": "Forward", "Index Name": "customer_pkey", "Relation Name": "customer", "Alias": "customer", "Startup Cost": 0.0, "Total Cost": 0.31, "Plan Rows": 1, "Plan Width": 12, "Index Cond": "(c_custkey = orders.o_custkey)"}]}, {"Node Type": "Hash", "Parent Relationship": "Inner", "Startup Cost": 1.25, "Total Cost": 1.25, "Plan Rows": 25, "Plan Width": 8, "Plans": [{"Node Type": "Seq Scan", "Parent Relationship": "Outer", "Relation Name": "nation", "Alias": "n1", "Startup Cost": 0.0, "Total Cost": 1.25, "Plan Rows": 25, "Plan Width": 8}]}]}]}, {"Node Type": "Hash", "Parent Relationship": "Inner", "Startup Cost": 1.25, "Total Cost": 1.25, "Plan Rows": 25, "Plan Width": 30, "Plans": [{"Node Type": "Seq Scan", "Parent Relationship": "Outer", "Relation Name": "nation", "Alias": "n2", "Startup Cost": 0.0, "Total Cost": 1.25, "Plan Rows": 25, "Plan Width": 30}]}]}]}]}, "Unique SQL Id": 3681808042, "Planner Runtime": 8}, "explain_analyze_plan": {"Plan": {"Node Type": "Sort", "Startup Cost": 486630.31, "Total Cost": 486630.33, "Plan Rows": 10, "Plan Width": 66, "Actual Startup Time": 6864.764, "Actual Total Time": 6864.764, "Actual Rows": 2, "Actual Loops": 1, "Sort Key": ["(date_part('year'::text, orders.o_orderdate))"], "Sort Method": "quicksort", "Sort Space Used": 25, "Sort Space Type": "Memory", "Plans": [{"Node Type": "Aggregate", "Strategy": "Hashed", "Parent Relationship": "Outer", "Startup Cost": 486629.99, "Total Cost": 486630.14, "Plan Rows": 10, "Plan Width": 66, "Actual Startup Time": 6864.748, "Actual Total Time": 6864.749, "Actual Rows": 2, "Actual Loops": 1, "Group By Key": ["date_part('year'::text, orders.o_orderdate)"], "Plans": [{"Node Type": "Hash Join", "Parent Relationship": "Outer", "Join Type": "Inner", "Startup Cost": 4536.12, "Total Cost": 486510.17, "Plan Rows": 5991, "Plan Width": 50, "Actual Startup Time": 67.0, "Actual Total Time": 6830.243, "Actual Rows": 23929, "Actual Loops": 1, "Inner Unique": true, "Hash Cond": "(supplier.s_nationkey = n2.n_nationkey)", "Plans": [{"Node Type": "Nested Loop", "Parent Relationship": "Outer", "Join Type": "Inner", "Startup Cost": 4534.56, "Total Cost": 486417.81, "Plan Rows": 5991, "Plan Width": 28, "Actual Startup Time": 66.92, "Actual Total Time": 6795.81, "Actual Rows": 23929, "Actual Loops": 1, "Inner Unique": false, "Join Filter": "(n1.n_regionkey = region.r_regionkey)", "Rows Removed by Join Filter": 95836, "Plans": [{"Node Type": "Seq Scan", "Parent Relationship": "Outer", "Relation Name": "region", "Alias": "region", "Startup Cost": 0.0, "Total Cost": 1.06, "Plan Rows": 1, "Plan Width": 4, "Actual Startup Time": 0.008, "Actual Total Time": 0.01, "Actual Rows": 1, "Actual Loops": 1, "Filter": "(r_name = 'ASIA'::bpchar)", "Rows Removed by Filter": 4}, {"Node Type": "Hash Join", "Parent Relationship": "Inner", "Join Type": "Inner", "Startup Cost": 4534.56, "Total Cost": 486042.32, "Plan Rows": 29954, "Plan Width": 32, "Actual Startup Time": 66.706, "Actual Total Time": 6763.963, "Actual Rows": 119765, "Actual Loops": 1, "Inner Unique": true, "Hash Cond": "(customer.c_nationkey = n1.n_nationkey)", "Plans": [{"Node Type": "Nested Loop", "Parent Relationship": "Outer", "Join Type": "Inner", "Startup Cost": 4533.0, "Total Cost": 485661.65, "Plan Rows": 29954, "Plan Width": 32, "Actual Startup Time": 66.644, "Actual Total Time": 6694.943, "Actual Rows": 119765, "Actual Loops": 1, "Inner Unique": true, "Plans": [{"Node Type": "Hash Join", "Parent Relationship": "Outer", "Join Type": "Inner", "Startup Cost": 4533.0, "Total Cost": 469409.78, "Plan Rows": 51198, "Plan Width": 36, "Actual Startup Time": 66.611, "Actual Total Time": 5686.148, "Actual Rows": 119765, "Actual Loops": 1, "Inner Unique": true, "Hash Cond": "(lineitem.l_suppkey = supplier.s_suppkey)", "Plans": [{"Node Type": "Nested Loop", "Parent Relationship": "Outer", "Join Type": "Inner", "Startup Cost": 0.0, "Total Cost": 464497.44, "Plan Rows": 86479, "Plan Width": 40, "Actual Startup Time": 0.149, "Actual Total Time": 5541.572, "Actual Rows": 119765, "Actual Loops": 1, "Inner Unique": true, "Plans": [{"Node Type": "Nested Loop", "Parent Relationship": "Outer", "Join Type": "Inner", "Startup Cost": 0.0, "Total Cost": 441564.57, "Plan Rows": 74637, "Plan Width": 32, "Actual Startup Time": 0.033, "Actual Total Time": 2018.871, "Actual Rows": 395341, "Actual Loops": 1, "Inner Unique": false, "Plans": [{"Node Type": "Seq Scan", "Parent Relationship": "Outer", "Relation Name": "part", "Alias": "part", "Startup Cost": 0.0, "Total Cost": 66944.0, "Plan Rows": 13538, "Plan Width": 8, "Actual Startup Time": 0.014, "Actual Total Time": 773.39, "Actual Rows": 13163, "Actual Loops": 1, "Filter": "((p_type)::text = 'SMALL PLATED COPPER'::text)", "Rows Removed by Filter": 1986837}, {"Node Type": "Index Scan", "Parent Relationship": "Inner", "Scan Direction": "Forward", "Index Name": "idx_lineitem_part_supp", "Relation Name": "lineitem", "Alias": "lineitem", "Startup Cost": 0.0, "Total Cost": 27.61, "Plan Rows": 6, "Plan Width": 40, "Actual Startup Time": 157.237, "Actual Total Time": 1142.534, "Actual Rows": 395341, "Actual Loops": 13163, "Index Cond": "(l_partkey = part.p_partkey)", "Rows Removed by Index Recheck": 0}]}, {"Node Type": "Index Scan", "Parent Relationship": "Inner", "Scan Direction": "Forward", "Index Name": "orders_pkey", "Relation Name": "orders", "Alias": "orders", "Startup Cost": 0.0, "Total Cost": 0.3, "Plan Rows": 1, "Plan Width": 24, "Actual Startup Time": 3288.207, "Actual Total Time": 3288.207, "Actual Rows": 119765, "Actual Loops": 395341, "Index Cond": "(o_orderkey = lineitem.l_orderkey)", "Rows Removed by Index Recheck": 0, "Filter": "((o_orderdate >= '1995-01-01 00:00:00'::timestamp(0) without time zone) AND (o_orderdate <= '1996-12-31 00:00:00'::timestamp(0) without time zone))", "Rows Removed by Filter": 275576}]}, {"Node Type": "Hash", "Parent Relationship": "Inner", "Startup Cost": 3283.0, "Total Cost": 3283.0, "Plan Rows": 100000, "Plan Width": 12, "Actual Startup Time": 66.355, "Actual Total Time": 66.355, "Actual Rows": 100000, "Actual Loops": 1, "Hash Buckets": 131072, "Hash Batches": 1, "Original Hash Batches": 1, "Peak Memory Usage": 4297, "Plans": [{"Node Type": "Seq Scan", "Parent Relationship": "Outer", "Relation Name": "supplier", "Alias": "supplier", "Startup Cost": 0.0, "Total Cost": 3283.0, "Plan Rows": 100000, "Plan Width": 12, "Actual Startup Time": 0.011, "Actual Total Time": 39.877, "Actual Rows": 100000, "Actual Loops": 1}]}]}, {"Node Type": "Index Scan", "Parent Relationship": "Inner", "Scan Direction": "Forward", "Index Name": "customer_pkey", "Relation Name": "customer", "Alias": "customer", "Startup Cost": 0.0, "Total Cost": 0.31, "Plan Rows": 1, "Plan Width": 12, "Actual Startup Time": 899.108, "Actual Total Time": 899.108, "Actual Rows": 119765, "Actual Loops": 119765, "Index Cond": "(c_custkey = orders.o_custkey)", "Rows Removed by Index Recheck": 0}]}, {"Node Type": "Hash", "Parent Relationship": "Inner", "Startup Cost": 1.25, "Total Cost": 1.25, "Plan Rows": 25, "Plan Width": 8, "Actual Startup Time": 0.02, "Actual Total Time": 0.02, "Actual Rows": 25, "Actual Loops": 1, "Hash Buckets": 32768, "Hash Batches": 1, "Original Hash Batches": 1, "Peak Memory Usage": 1, "Plans": [{"Node Type": "Seq Scan", "Parent Relationship": "Outer", "Relation Name": "nation", "Alias": "n1", "Startup Cost": 0.0, "Total Cost": 1.25, "Plan Rows": 25, "Plan Width": 8, "Actual Startup Time": 0.007, "Actual Total Time": 0.011, "Actual Rows": 25, "Actual Loops": 1}]}]}]}, {"Node Type": "Hash", "Parent Relationship": "Inner", "Startup Cost": 1.25, "Total Cost": 1.25, "Plan Rows": 25, "Plan Width": 30, "Actual Startup Time": 0.034, "Actual Total Time": 0.034, "Actual Rows": 25, "Actual Loops": 1, "Hash Buckets": 32768, "Hash Batches": 1, "Original Hash Batches": 1, "Peak Memory Usage": 2, "Plans": [{"Node Type": "Seq Scan", "Parent Relationship": "Outer", "Relation Name": "nation", "Alias": "n2", "Startup Cost": 0.0, "Total Cost": 1.25, "Plan Rows": 25, "Plan Width": 30, "Actual Startup Time": 0.014, "Actual Total Time": 0.021, "Actual Rows": 25, "Actual Loops": 1}]}]}]}]}, "Triggers": [], "Planner Runtime": 5, "Total Runtime": 6865.211, "Unique SQL Id": 3681808042}}, "(64, 1)": {"explain_plan": {"Plan": {"Node Type": "Sort", "Startup Cost": 527575.13, "Total Cost": 527575.15, "Plan Rows": 10, "Plan Width": 66, "Sort Key": ["(date_part('year'::text, orders.o_orderdate))"], "Plans": [{"Node Type": "Aggregate", "Strategy": "Hashed", "Parent Relationship": "Outer", "Startup Cost": 527574.81, "Total Cost": 527574.96, "Plan Rows": 10, "Plan Width": 66, "Group By Key": ["date_part('year'::text, orders.o_orderdate)"], "Plans": [{"Node Type": "Hash Join", "Parent Relationship": "Outer", "Join Type": "Inner", "Startup Cost": 6610.42, "Total Cost": 527454.99, "Plan Rows": 5991, "Plan Width": 50, "Inner Unique": true, "Hash Cond": "(supplier.s_nationkey = n2.n_nationkey)", "Plans": [{"Node Type": "Nested Loop", "Parent Relationship": "Outer", "Join Type": "Inner", "Startup Cost": 6597.48, "Total Cost": 527351.25, "Plan Rows": 5991, "Plan Width": 28, "Inner Unique": false, "Join Filter": "(n1.n_regionkey = region.r_regionkey)", "Plans": [{"Node Type": "Index Scan", "Parent Relationship": "Outer", "Scan Direction": "Forward", "Index Name": "region_pkey", "Relation Name": "region", "Alias": "region", "Startup Cost": 0.0, "Total Cost": 12.34, "Plan Rows": 1, "Plan Width": 4, "Filter": "(r_name = 'ASIA'::bpchar)"}, {"Node Type": "Hash Join", "Parent Relationship": "Inner", "Join Type": "Inner", "Startup Cost": 6597.48, "Total Cost": 526964.49, "Plan Rows": 29954, "Plan Width": 32, "Inner Unique": true, "Hash Cond": "(customer.c_nationkey = n1.n_nationkey)", "Plans": [{"Node Type": "Nested Loop", "Parent Relationship": "Outer", "Join Type": "Inner", "Startup Cost": 6584.54, "Total Cost": 526572.45, "Plan Rows": 29954, "Plan Width": 32, "Inner Unique": true, "Plans": [{"Node Type": "Hash Join", "Parent Relationship": "Outer", "Join Type": "Inner", "Startup Cost": 6584.54, "Total Cost": 510320.57, "Plan Rows": 51198, "Plan Width": 36, "Inner Unique": true, "Hash Cond": "(lineitem.l_suppkey = supplier.s_suppkey)", "Plans": [{"Node Type": "Nested Loop", "Parent Relationship": "Outer", "Join Type": "Inner", "Startup Cost": 0.0, "Total Cost": 503356.69, "Plan Rows": 86479, "Plan Width": 40, "Inner Unique": true, "Plans": [{"Node Type": "Nested Loop", "Parent Relationship": "Outer", "Join Type": "Inner", "Startup Cost": 0.0, "Total Cost": 480423.82, "Plan Rows": 74637, "Plan Width": 32, "Inner Unique": false, "Plans": [{"Node Type": "Index Scan", "Parent Relationship": "Outer", "Scan Direction": "Forward", "Index Name": "part_kpey", "Relation Name": "part", "Alias": "part", "Startup Cost": 0.0, "Total Cost": 105803.25, "Plan Rows": 13538, "Plan Width": 8, "Filter": "((p_type)::text = 'SMALL PLATED COPPER'::text)"}, {"Node Type": "Index Scan", "Parent Relationship": "Inner", "Scan Direction": "Forward", "Index Name": "idx_lineitem_part_supp", "Relation Name": "lineitem", "Alias": "lineitem", "Startup Cost": 0.0, "Total Cost": 27.61, "Plan Rows": 6, "Plan Width": 40, "Index Cond": "(l_partkey = part.p_partkey)"}]}, {"Node Type": "Index Scan", "Parent Relationship": "Inner", "Scan Direction": "Forward", "Index Name": "orders_pkey", "Relation Name": "orders", "Alias": "orders", "Startup Cost": 0.0, "Total Cost": 0.3, "Plan Rows": 1, "Plan Width": 24, "Index Cond": "(o_orderkey = lineitem.l_orderkey)", "Filter": "((o_orderdate >= '1995-01-01 00:00:00'::timestamp(0) without time zone) AND (o_orderdate <= '1996-12-31 00:00:00'::timestamp(0) without time zone))"}]}, {"Node Type": "Hash", "Parent Relationship": "Inner", "Startup Cost": 5334.54, "Total Cost": 5334.54, "Plan Rows": 100000, "Plan Width": 12, "Plans": [{"Node Type": "Index Scan", "Parent Relationship": "Outer", "Scan Direction": "Forward", "Index Name": "supplier_pkey", "Relation Name": "supplier", "Alias": "supplier", "Startup Cost": 0.0, "Total Cost": 5334.54, "Plan Rows": 100000, "Plan Width": 12}]}]}, {"Node Type": "Index Scan", "Parent Relationship": "Inner", "Scan Direction": "Forward", "Index Name": "customer_pkey", "Relation Name": "customer", "Alias": "customer", "Startup Cost": 0.0, "Total Cost": 0.31, "Plan Rows": 1, "Plan Width": 12, "Index Cond": "(c_custkey = orders.o_custkey)"}]}, {"Node Type": "Hash", "Parent Relationship": "Inner", "Startup Cost": 12.62, "Total Cost": 12.62, "Plan Rows": 25, "Plan Width": 8, "Plans": [{"Node Type": "Index Scan", "Parent Relationship": "Outer", "Scan Direction": "Forward", "Index Name": "idx_nation_regionkey", "Relation Name": "nation", "Alias": "n1", "Startup Cost": 0.0, "Total Cost": 12.62, "Plan Rows": 25, "Plan Width": 8}]}]}]}, {"Node Type": "Hash", "Parent Relationship": "Inner", "Startup Cost": 12.62, "Total Cost": 12.62, "Plan Rows": 25, "Plan Width": 30, "Plans": [{"Node Type": "Index Scan", "Parent Relationship": "Outer", "Scan Direction": "Forward", "Index Name": "nation_pkey", "Relation Name": "nation", "Alias": "n2", "Startup Cost": 0.0, "Total Cost": 12.62, "Plan Rows": 25, "Plan Width": 30}]}]}]}]}, "Unique SQL Id": 3681808042, "Planner Runtime": 8}, "explain_analyze_plan": {"Plan": {"Node Type": "Sort", "Startup Cost": 527575.13, "Total Cost": 527575.15, "Plan Rows": 10, "Plan Width": 66, "Actual Startup Time": 7581.242, "Actual Total Time": 7581.242, "Actual Rows": 2, "Actual Loops": 1, "Sort Key": ["(date_part('year'::text, orders.o_orderdate))"], "Sort Method": "quicksort", "Sort Space Used": 25, "Sort Space Type": "Memory", "Plans": [{"Node Type": "Aggregate", "Strategy": "Hashed", "Parent Relationship": "Outer", "Startup Cost": 527574.81, "Total Cost": 527574.96, "Plan Rows": 10, "Plan Width": 66, "Actual Startup Time": 7581.225, "Actual Total Time": 7581.226, "Actual Rows": 2, "Actual Loops": 1, "Group By Key": ["date_part('year'::text, orders.o_orderdate)"], "Plans": [{"Node Type": "Hash Join", "Parent Relationship": "Outer", "Join Type": "Inner", "Startup Cost": 6610.42, "Total Cost": 527454.99, "Plan Rows": 5991, "Plan Width": 50, "Actual Startup Time": 110.337, "Actual Total Time": 7546.674, "Actual Rows": 23929, "Actual Loops": 1, "Inner Unique": true, "Hash Cond": "(supplier.s_nationkey = n2.n_nationkey)", "Plans": [{"Node Type": "Nested Loop", "Parent Relationship": "Outer", "Join Type": "Inner", "Startup Cost": 6597.48, "Total Cost": 527351.25, "Plan Rows": 5991, "Plan Width": 28, "Actual Startup Time": 110.244, "Actual Total Time": 7512.896, "Actual Rows": 23929, "Actual Loops": 1, "Inner Unique": false, "Join Filter": "(n1.n_regionkey = region.r_regionkey)", "Rows Removed by Join Filter": 95836, "Plans": [{"Node Type": "Index Scan", "Parent Relationship": "Outer", "Scan Direction": "Forward", "Index Name": "region_pkey", "Relation Name": "region", "Alias": "region", "Startup Cost": 0.0, "Total Cost": 12.34, "Plan Rows": 1, "Plan Width": 4, "Actual Startup Time": 0.008, "Actual Total Time": 0.015, "Actual Rows": 1, "Actual Loops": 1, "Filter": "(r_name = 'ASIA'::bpchar)", "Rows Removed by Filter": 4}, {"Node Type": "Hash Join", "Parent Relationship": "Inner", "Join Type": "Inner", "Startup Cost": 6597.48, "Total Cost": 526964.49, "Plan Rows": 29954, "Plan Width": 32, "Actual Startup Time": 110.017, "Actual Total Time": 7480.171, "Actual Rows": 119765, "Actual Loops": 1, "Inner Unique": true, "Hash Cond": "(customer.c_nationkey = n1.n_nationkey)", "Plans": [{"Node Type": "Nested Loop", "Parent Relationship": "Outer", "Join Type": "Inner", "Startup Cost": 6584.54, "Total Cost": 526572.45, "Plan Rows": 29954, "Plan Width": 32, "Actual Startup Time": 109.959, "Actual Total Time": 7409.138, "Actual Rows": 119765, "Actual Loops": 1, "Inner Unique": true, "Plans": [{"Node Type": "Hash Join", "Parent Relationship": "Outer", "Join Type": "Inner", "Startup Cost": 6584.54, "Total Cost": 510320.57, "Plan Rows": 51198, "Plan Width": 36, "Actual Startup Time": 109.931, "Actual Total Time": 6406.487, "Actual Rows": 119765, "Actual Loops": 1, "Inner Unique": true, "Hash Cond": "(lineitem.l_suppkey = supplier.s_suppkey)", "Plans": [{"Node Type": "Nested Loop", "Parent Relationship": "Outer", "Join Type": "Inner", "Startup Cost": 0.0, "Total Cost": 503356.69, "Plan Rows": 86479, "Plan Width": 40, "Actual Startup Time": 0.156, "Actual Total Time": 6213.592, "Actual Rows": 119765, "Actual Loops": 1, "Inner Unique": true, "Plans": [{"Node Type": "Nested Loop", "Parent Relationship": "Outer", "Join Type": "Inner", "Startup Cost": 0.0, "Total Cost": 480423.82, "Plan Rows": 74637, "Plan Width": 32, "Actual Startup Time": 0.041, "Actual Total Time": 2695.99, "Actual Rows": 395341, "Actual Loops": 1, "Inner Unique": false, "Plans": [{"Node Type": "Index Scan", "Parent Relationship": "Outer", "Scan Direction": "Forward", "Index Name": "part_kpey", "Relation Name": "part", "Alias": "part", "Startup Cost": 0.0, "Total Cost": 105803.25, "Plan Rows": 13538, "Plan Width": 8, "Actual Startup Time": 0.026, "Actual Total Time": 1440.569, "Actual Rows": 13163, "Actual Loops": 1, "Filter": "((p_type)::text = 'SMALL PLATED COPPER'::text)", "Rows Removed by Filter": 1986837}, {"Node Type": "Index Scan", "Parent Relationship": "Inner", "Scan Direction": "Forward", "Index Name": "idx_lineitem_part_supp", "Relation Name": "lineitem", "Alias": "lineitem", "Startup Cost": 0.0, "Total Cost": 27.61, "Plan Rows": 6, "Plan Width": 40, "Actual Startup Time": 155.451, "Actual Total Time": 1155.312, "Actual Rows": 395341, "Actual Loops": 13163, "Index Cond": "(l_partkey = part.p_partkey)", "Rows Removed by Index Recheck": 0}]}, {"Node Type": "Index Scan", "Parent Relationship": "Inner", "Scan Direction": "Forward", "Index Name": "orders_pkey", "Relation Name": "orders", "Alias": "orders", "Startup Cost": 0.0, "Total Cost": 0.3, "Plan Rows": 1, "Plan Width": 24, "Actual Startup Time": 3279.079, "Actual Total Time": 3279.079, "Actual Rows": 119765, "Actual Loops": 395341, "Index Cond": "(o_orderkey = lineitem.l_orderkey)", "Rows Removed by Index Recheck": 0, "Filter": "((o_orderdate >= '1995-01-01 00:00:00'::timestamp(0) without time zone) AND (o_orderdate <= '1996-12-31 00:00:00'::timestamp(0) without time zone))", "Rows Removed by Filter": 275576}]}, {"Node Type": "Hash", "Parent Relationship": "Inner", "Startup Cost": 5334.54, "Total Cost": 5334.54, "Plan Rows": 100000, "Plan Width": 12, "Actual Startup Time": 109.671, "Actual Total Time": 109.671, "Actual Rows": 100000, "Actual Loops": 1, "Hash Buckets": 131072, "Hash Batches": 1, "Original Hash Batches": 1, "Peak Memory Usage": 4297, "Plans": [{"Node Type": "Index Scan", "Parent Relationship": "Outer", "Scan Direction": "Forward", "Index Name": "supplier_pkey", "Relation Name": "supplier", "Alias": "supplier", "Startup Cost": 0.0, "Total Cost": 5334.54, "Plan Rows": 100000, "Plan Width": 12, "Actual Startup Time": 0.017, "Actual Total Time": 82.398, "Actual Rows": 100000, "Actual Loops": 1}]}]}, {"Node Type": "Index Scan", "Parent Relationship": "Inner", "Scan Direction": "Forward", "Index Name": "customer_pkey", "Relation Name": "customer", "Alias": "customer", "Startup Cost": 0.0, "Total Cost": 0.31, "Plan Rows": 1, "Plan Width": 12, "Actual Startup Time": 892.623, "Actual Total Time": 892.623, "Actual Rows": 119765, "Actual Loops": 119765, "Index Cond": "(c_custkey = orders.o_custkey)", "Rows Removed by Index Recheck": 0}]}, {"Node Type": "Hash", "Parent Relationship": "Inner", "Startup Cost": 12.62, "Total Cost": 12.62, "Plan Rows": 25, "Plan Width": 8, "Actual Startup Time": 0.024, "Actual Total Time": 0.024, "Actual Rows": 25, "Actual Loops": 1, "Hash Buckets": 32768, "Hash Batches": 1, "Original Hash Batches": 1, "Peak Memory Usage": 1, "Plans": [{"Node Type": "Index Scan", "Parent Relationship": "Outer", "Scan Direction": "Forward", "Index Name": "idx_nation_regionkey", "Relation Name": "nation", "Alias": "n1", "Startup Cost": 0.0, "Total Cost": 12.62, "Plan Rows": 25, "Plan Width": 8, "Actual Startup Time": 0.005, "Actual Total Time": 0.016, "Actual Rows": 25, "Actual Loops": 1}]}]}]}, {"Node Type": "Hash", "Parent Relationship": "Inner", "Startup Cost": 12.62, "Total Cost": 12.62, "Plan Rows": 25, "Plan Width": 30, "Actual Startup Time": 0.039, "Actual Total Time": 0.039, "Actual Rows": 25, "Actual Loops": 1, "Hash Buckets": 32768, "Hash Batches": 1, "Original Hash Batches": 1, "Peak Memory Usage": 2, "Plans": [{"Node Type": "Index Scan", "Parent Relationship": "Outer", "Scan Direction": "Forward", "Index Name": "nation_pkey", "Relation Name": "nation", "Alias": "n2", "Startup Cost": 0.0, "Total Cost": 12.62, "Plan Rows": 25, "Plan Width": 30, "Actual Startup Time": 0.01, "Actual Total Time": 0.028, "Actual Rows": 25, "Actual Loops": 1}]}]}]}]}, "Triggers": [], "Planner Runtime": 4, "Total Runtime": 7581.588, "Unique SQL Id": 3681808042}}, "(64, 2)": {"explain_plan": {"Plan": {"Node Type": "Sort", "Startup Cost": 818733.87, "Total Cost": 818733.89, "Plan Rows": 10, "Plan Width": 66, "Sort Key": ["(date_part('year'::text, orders.o_orderdate))"], "Plans": [{"Node Type": "Aggregate", "Strategy": "Hashed", "Parent Relationship": "Outer", "Startup Cost": 818733.55, "Total Cost": 818733.7, "Plan Rows": 10, "Plan Width": 66, "Group By Key": ["date_part('year'::text, orders.o_orderdate)"], "Plans": [{"Node Type": "Nested Loop", "Parent Relationship": "Outer", "Join Type": "Inner", "Startup Cost": 45452.32, "Total Cost": 818613.73, "Plan Rows": 5991, "Plan Width": 50, "Inner Unique": true, "Join Filter": "(supplier.s_nationkey = n2.n_nationkey)", "Plans": [{"Node Type": "Hash Join", "Parent Relationship": "Outer", "Join Type": "Inner", "Startup Cost": 45452.32, "Total Cost": 816350.82, "Plan Rows": 5991, "Plan Width": 28, "Inner Unique": false, "Hash Cond": "(orders.o_custkey = customer.c_custkey)", "Plans": [{"Node Type": "Hash Join", "Parent Relationship": "Outer", "Join Type": "Inner", "Startup Cost": 4537.47, "Total Cost": 775184.07, "Plan Rows": 51198, "Plan Width": 36, "Inner Unique": true, "Hash Cond": "(lineitem.l_suppkey = supplier.s_suppkey)", "Plans": [{"Node Type": "Nested Loop", "Parent Relationship": "Outer", "Join Type": "Inner", "Startup Cost": 4.47, "Total Cost": 770271.73, "Plan Rows": 86479, "Plan Width": 40, "Inner Unique": true, "Plans": [{"Node Type": "Nested Loop", "Parent Relationship": "Outer", "Join Type": "Inner", "Startup Cost": 4.21, "Total Cost": 450147.9, "Plan Rows": 74637, "Plan Width": 32, "Inner Unique": false, "Plans": [{"Node Type": "Seq Scan", "Parent Relationship": "Outer", "Relation Name": "part", "Alias": "part", "Startup Cost": 0.0, "Total Cost": 66944.0, "Plan Rows": 13538, "Plan Width": 8, "Filter": "((p_type)::text = 'SMALL PLATED COPPER'::text)"}, {"Node Type": "Bitmap Heap Scan", "Parent Relationship": "Inner", "Relation Name": "lineitem", "Alias": "lineitem", "Startup Cost": 4.21, "Total Cost": 28.25, "Plan Rows": 6, "Plan Width": 40, "Recheck Cond": "(l_partkey = part.p_partkey)", "Plans": [{"Node Type": "Bitmap Index Scan", "Parent Relationship": "Outer", "Index Name": "idx_lineitem_part_supp", "Startup Cost": 0.0, "Total Cost": 4.21, "Plan Rows": 6, "Plan Width": 0, "Index Cond": "(l_partkey = part.p_partkey)"}]}]}, {"Node Type": "Bitmap Heap Scan", "Parent Relationship": "Inner", "Relation Name": "orders", "Alias": "orders", "Startup Cost": 0.26, "Total Cost": 4.28, "Plan Rows": 1, "Plan Width": 24, "Recheck Cond": "(o_orderkey = lineitem.l_orderkey)", "Filter": "((o_orderdate >= '1995-01-01 00:00:00'::timestamp(0) without time zone) AND (o_orderdate <= '1996-12-31 00:00:00'::timestamp(0) without time zone))", "Plans": [{"Node Type": "Bitmap Index Scan", "Parent Relationship": "Outer", "Index Name": "orders_pkey", "Startup Cost": 0.0, "Total Cost": 0.26, "Plan Rows": 1, "Plan Width": 0, "Index Cond": "(o_orderkey = lineitem.l_orderkey)"}]}]}, {"Node Type": "Hash", "Parent Relationship": "Inner", "Startup Cost": 3283.0, "Total Cost": 3283.0, "Plan Rows": 100000, "Plan Width": 12, "Plans": [{"Node Type": "Seq Scan", "Parent Relationship": "Outer", "Relation Name": "supplier", "Alias": "supplier", "Startup Cost": 0.0, "Total Cost": 3283.0, "Plan Rows": 100000, "Plan Width": 12}]}]}, {"Node Type": "Hash", "Parent Relationship": "Inner", "Startup Cost": 37164.85, "Total Cost": 37164.85, "Plan Rows": 300000, "Plan Width": 8, "Plans": [{"Node Type": "Nested Loop", "Parent Relationship": "Outer", "Join Type": "Inner", "Startup Cost": 1031.44, "Total Cost": 37164.85, "Plan Rows": 300000, "Plan Width": 8, "Inner Unique": false, "Plans": [{"Node Type": "Hash Join", "Parent Relationship": "Outer", "Join Type": "Inner", "Startup Cost": 1.07, "Total Cost": 2.44, "Plan Rows": 5, "Plan Width": 4, "Inner Unique": true, "Hash Cond": "(n1.n_regionkey = region.r_regionkey)", "Plans": [{"Node Type": "Seq Scan", "Parent Relationship": "Outer", "Relation Name": "nation", "Alias": "n1", "Startup Cost": 0.0, "Total Cost": 1.25, "Plan Rows": 25, "Plan Width": 8}, {"Node Type": "Hash", "Parent Relationship": "Inner", "Startup Cost": 1.06, "Total Cost": 1.06, "Plan Rows": 1, "Plan Width": 4, "Plans": [{"Node Type": "Seq Scan", "Parent Relationship": "Outer", "Relation Name": "region", "Alias": "region", "Startup Cost": 0.0, "Total Cost": 1.06, "Plan Rows": 1, "Plan Width": 4, "Filter": "(r_name = 'ASIA'::bpchar)"}]}]}, {"Node Type": "Bitmap Heap Scan", "Parent Relationship": "Inner", "Relation Name": "customer", "Alias": "customer", "Startup Cost": 1030.37, "Total Cost": 6832.48, "Plan Rows": 60000, "Plan Width": 12, "Recheck Cond": "(c_nationkey = n1.n_nationkey)", "Plans": [{"Node Type": "Bitmap Index Scan", "Parent Relationship": "Outer", "Index Name": "idx_customer_nationkey", "Startup Cost": 0.0, "Total Cost": 1015.37, "Plan Rows": 60000, "Plan Width": 0, "Index Cond": "(c_nationkey = n1.n_nationkey)"}]}]}]}]}, {"Node Type": "Materialize", "Parent Relationship": "Inner", "Startup Cost": 0.0, "Total Cost": 1.38, "Plan Rows": 25, "Plan Width": 30, "Plans": [{"Node Type": "Seq Scan", "Parent Relationship": "Outer", "Relation Name": "nation", "Alias": "n2", "Startup Cost": 0.0, "Total Cost": 1.25, "Plan Rows": 25, "Plan Width": 30}]}]}]}]}, "Unique SQL Id": 3681808042, "Planner Runtime": 8}, "explain_analyze_plan": {"Plan": {"Node Type": "Sort", "Startup Cost": 818733.87, "Total Cost": 818733.89, "Plan Rows": 10, "Plan Width": 66, "Actual Startup Time": 7727.646, "Actual Total Time": 7727.646, "Actual Rows": 2, "Actual Loops": 1, "Sort Key": ["(date_part('year'::text, orders.o_orderdate))"], "Sort Method": "quicksort", "Sort Space Used": 25, "Sort Space Type": "Memory", "Plans": [{"Node Type": "Aggregate", "Strategy": "Hashed", "Parent Relationship": "Outer", "Startup Cost": 818733.55, "Total Cost": 818733.7, "Plan Rows": 10, "Plan Width": 66, "Actual Startup Time": 7727.627, "Actual Total Time": 7727.629, "Actual Rows": 2, "Actual Loops": 1, "Group By Key": ["date_part('year'::text, orders.o_orderdate)"], "Plans": [{"Node Type": "Nested Loop", "Parent Relationship": "Outer", "Join Type": "Inner", "Startup Cost": 45452.32, "Total Cost": 818613.73, "Plan Rows": 5991, "Plan Width": 50, "Actual Startup Time": 862.141, "Actual Total Time": 7689.535, "Actual Rows": 23929, "Actual Loops": 1, "Inner Unique": true, "Join Filter": "(supplier.s_nationkey = n2.n_nationkey)", "Rows Removed by Join Filter": 288173, "Plans": [{"Node Type": "Hash Join", "Parent Relationship": "Outer", "Join Type": "Inner", "Startup Cost": 45452.32, "Total Cost": 816350.82, "Plan Rows": 5991, "Plan Width": 28, "Actual Startup Time": 862.095, "Actual Total Time": 7570.097, "Actual Rows": 23929, "Actual Loops": 1, "Inner Unique": false, "Hash Cond": "(orders.o_custkey = customer.c_custkey)", "Plans": [{"Node Type": "Hash Join", "Parent Relationship": "Outer", "Join Type": "Inner", "Startup Cost": 4537.47, "Total Cost": 775184.07, "Plan Rows": 51198, "Plan Width": 36, "Actual Startup Time": 67.13, "Actual Total Time": 6711.267, "Actual Rows": 119765, "Actual Loops": 1, "Inner Unique": true, "Hash Cond": "(lineitem.l_suppkey = supplier.s_suppkey)", "Plans": [{"Node Type": "Nested Loop", "Parent Relationship": "Outer", "Join Type": "Inner", "Startup Cost": 4.47, "Total Cost": 770271.73, "Plan Rows": 86479, "Plan Width": 40, "Actual Startup Time": 0.12, "Actual Total Time": 6562.441, "Actual Rows": 119765, "Actual Loops": 1, "Inner Unique": true, "Plans": [{"Node Type": "Nested Loop", "Parent Relationship": "Outer", "Join Type": "Inner", "Startup Cost": 4.21, "Total Cost": 450147.9, "Plan Rows": 74637, "Plan Width": 32, "Actual Startup Time": 0.064, "Actual Total Time": 2277.38, "Actual Rows": 395341, "Actual Loops": 1, "Inner Unique": false, "Plans": [{"Node Type": "Seq Scan", "Parent Relationship": "Outer", "Relation Name": "part", "Alias": "part", "Startup Cost": 0.0, "Total Cost": 66944.0, "Plan Rows": 13538, "Plan Width": 8, "Actual Startup Time": 0.024, "Actual Total Time": 784.076, "Actual Rows": 13163, "Actual Loops": 1, "Filter": "((p_type)::text = 'SMALL PLATED COPPER'::text)", "Rows Removed by Filter": 1986837}, {"Node Type": "Bitmap Heap Scan", "Parent Relationship": "Inner", "Relation Name": "lineitem", "Alias": "lineitem", "Startup Cost": 4.21, "Total Cost": 28.25, "Plan Rows": 6, "Plan Width": 40, "Actual Startup Time": 265.824, "Actual Total Time": 1377.637, "Actual Rows": 395341, "Actual Loops": 13163, "Recheck Cond": "(l_partkey = part.p_partkey)", "Rows Removed by Index Recheck": 0, "Exact Heap Blocks": 395337, "Lossy Heap Blocks": 395337, "Plans": [{"Node Type": "Bitmap Index Scan", "Parent Relationship": "Outer", "Index Name": "idx_lineitem_part_supp", "Startup Cost": 0.0, "Total Cost": 4.21, "Plan Rows": 6, "Plan Width": 0, "Actual Startup Time": 172.401, "Actual Total Time": 172.401, "Actual Rows": 395341, "Actual Loops": 13163, "Index Cond": "(l_partkey = part.p_partkey)"}]}]}, {"Node Type": "Bitmap Heap Scan", "Parent Relationship": "Inner", "Relation Name": "orders", "Alias": "orders", "Startup Cost": 0.26, "Total Cost": 4.28, "Plan Rows": 1, "Plan Width": 24, "Actual Startup Time": 3807.095, "Actual Total Time": 3807.095, "Actual Rows": 119765, "Actual Loops": 395341, "Recheck Cond": "(o_orderkey = lineitem.l_orderkey)", "Rows Removed by Index Recheck": 0, "Filter": "((o_orderdate >= '1995-01-01 00:00:00'::timestamp(0) without time zone) AND (o_orderdate <= '1996-12-31 00:00:00'::timestamp(0) without time zone))", "Rows Removed by Filter": 275576, "Exact Heap Blocks": 395341, "Lossy Heap Blocks": 395341, "Plans": [{"Node Type": "Bitmap Index Scan", "Parent Relationship": "Outer", "Index Name": "orders_pkey", "Startup Cost": 0.0, "Total Cost": 0.26, "Plan Rows": 1, "Plan Width": 0, "Actual Startup Time": 2318.38, "Actual Total Time": 2318.38, "Actual Rows": 395341, "Actual Loops": 395341, "Index Cond": "(o_orderkey = lineitem.l_orderkey)"}]}]}, {"Node Type": "Hash", "Parent Relationship": "Inner", "Startup Cost": 3283.0, "Total Cost": 3283.0, "Plan Rows": 100000, "Plan Width": 12, "Actual Startup Time": 66.9, "Actual Total Time": 66.9, "Actual Rows": 100000, "Actual Loops": 1, "Hash Buckets": 131072, "Hash Batches": 1, "Original Hash Batches": 1, "Peak Memory Usage": 4297, "Plans": [{"Node Type": "Seq Scan", "Parent Relationship": "Outer", "Relation Name": "supplier", "Alias": "supplier", "Startup Cost": 0.0, "Total Cost": 3283.0, "Plan Rows": 100000, "Plan Width": 12, "Actual Startup Time": 0.013, "Actual Total Time": 39.813, "Actual Rows": 100000, "Actual Loops": 1}]}]}, {"Node Type": "Hash", "Parent Relationship": "Inner", "Startup Cost": 37164.85, "Total Cost": 37164.85, "Plan Rows": 300000, "Plan Width": 8, "Actual Startup Time": 794.528, "Actual Total Time": 794.528, "Actual Rows": 300270, "Actual Loops": 1, "Hash Buckets": 524288, "Hash Batches": 1, "Original Hash Batches": 1, "Peak Memory Usage": 11730, "Plans": [{"Node Type": "Nested Loop", "Parent Relationship": "Outer", "Join Type": "Inner", "Startup Cost": 1031.44, "Total Cost": 37164.85, "Plan Rows": 300000, "Plan Width": 8, "Actual Startup Time": 18.39, "Actual Total Time": 703.096, "Actual Rows": 300270, "Actual Loops": 1, "Inner Unique": false, "Plans": [{"Node Type": "Hash Join", "Parent Relationship": "Outer", "Join Type": "Inner", "Startup Cost": 1.07, "Total Cost": 2.44, "Plan Rows": 5, "Plan Width": 4, "Actual Startup Time": 0.075, "Actual Total Time": 0.128, "Actual Rows": 5, "Actual Loops": 1, "Inner Unique": true, "Hash Cond": "(n1.n_regionkey = region.r_regionkey)", "Plans": [{"Node Type": "Seq Scan", "Parent Relationship": "Outer", "Relation Name": "nation", "Alias": "n1", "Startup Cost": 0.0, "Total Cost": 1.25, "Plan Rows": 25, "Plan Width": 8, "Actual Startup Time": 0.017, "Actual Total Time": 0.032, "Actual Rows": 25, "Actual Loops": 1}, {"Node Type": "Hash", "Parent Relationship": "Inner", "Startup Cost": 1.06, "Total Cost": 1.06, "Plan Rows": 1, "Plan Width": 4, "Actual Startup Time": 0.019, "Actual Total Time": 0.019, "Actual Rows": 1, "Actual Loops": 1, "Hash Buckets": 32768, "Hash Batches": 1, "Original Hash Batches": 1, "Peak Memory Usage": 1, "Plans": [{"Node Type": "Seq Scan", "Parent Relationship": "Outer", "Relation Name": "region", "Alias": "region", "Startup Cost": 0.0, "Total Cost": 1.06, "Plan Rows": 1, "Plan Width": 4, "Actual Startup Time": 0.011, "Actual Total Time": 0.013, "Actual Rows": 1, "Actual Loops": 1, "Filter": "(r_name = 'ASIA'::bpchar)", "Rows Removed by Filter": 4}]}]}, {"Node Type": "Bitmap Heap Scan", "Parent Relationship": "Inner", "Relation Name": "customer", "Alias": "customer", "Startup Cost": 1030.37, "Total Cost": 6832.48, "Plan Rows": 60000, "Plan Width": 12, "Actual Startup Time": 104.609, "Actual Total Time": 643.743, "Actual Rows": 300270, "Actual Loops": 5, "Recheck Cond": "(c_nationkey = n1.n_nationkey)", "Rows Removed by Index Recheck": 0, "Exact Heap Blocks": 150032, "Lossy Heap Blocks": 150032, "Plans": [{"Node Type": "Bitmap Index Scan", "Parent Relationship": "Outer", "Index Name": "idx_customer_nationkey", "Startup Cost": 0.0, "Total Cost": 1015.37, "Plan Rows": 60000, "Plan Width": 0, "Actual Startup Time": 71.894, "Actual Total Time": 71.894, "Actual Rows": 300270, "Actual Loops": 5, "Index Cond": "(c_nationkey = n1.n_nationkey)"}]}]}]}]}, {"Node Type": "Materialize", "Parent Relationship": "Inner", "Startup Cost": 0.0, "Total Cost": 1.38, "Plan Rows": 25, "Plan Width": 30, "Actual Startup Time": 3.075, "Actual Total Time": 28.02, "Actual Rows": 312102, "Actual Loops": 23929, "Plans": [{"Node Type": "Seq Scan", "Parent Relationship": "Outer", "Relation Name": "nation", "Alias": "n2", "Startup Cost": 0.0, "Total Cost": 1.25, "Plan Rows": 25, "Plan Width": 30, "Actual Startup Time": 0.011, "Actual Total Time": 0.015, "Actual Rows": 25, "Actual Loops": 1}]}]}]}]}, "Triggers": [], "Planner Runtime": 6, "Total Runtime": 7728.157, "Unique SQL Id": 3681808042}}, "(64, 3)": {"explain_plan": {"Plan": {"Node Type": "Sort", "Startup Cost": 66661878.45, "Total Cost": 66661878.48, "Plan Rows": 10, "Plan Width": 66, "Sort Key": ["(date_part('year'::text, orders.o_orderdate))"], "Plans": [{"Node Type": "Aggregate", "Strategy": "Hashed", "Parent Relationship": "Outer", "Startup Cost": 66661878.14, "Total Cost": 66661878.29, "Plan Rows": 10, "Plan Width": 66, "Group By Key": ["date_part('year'::text, orders.o_orderdate)"], "Plans": [{"Node Type": "Nested Loop", "Parent Relationship": "Outer", "Join Type": "Inner", "Startup Cost": 115915.31, "Total Cost": 66661758.32, "Plan Rows": 5991, "Plan Width": 50, "Inner Unique": true, "Plans": [{"Node Type": "Nested Loop", "Parent Relationship": "Outer", "Join Type": "Inner", "Startup Cost": 115915.05, "Total Cost": 66636099.88, "Plan Rows": 5991, "Plan Width": 28, "Inner Unique": true, "Plans": [{"Node Type": "Nested Loop", "Parent Relationship": "Outer", "Join Type": "Inner", "Startup Cost": 115914.79, "Total Cost": 66562068.23, "Plan Rows": 17296, "Plan Width": 32, "Inner Unique": true, "Plans": [{"Node Type": "Nested Loop", "Parent Relationship": "Outer", "Join Type": "Inner", "Startup Cost": 115914.53, "Total Cost": 45938880.46, "Plan Rows": 4814867, "Plan Width": 40, "Inner Unique": false, "Plans": [{"Node Type": "Nested Loop", "Parent Relationship": "Outer", "Join Type": "Inner", "Startup Cost": 115914.01, "Total Cost": 43432501.27, "Plan Rows": 530296, "Plan Width": 16, "Inner Unique": true, "Plans": [{"Node Type": "Nested Loop", "Parent Relationship": "Outer", "Join Type": "Inner", "Startup Cost": 115913.43, "Total Cost": 31228406.3, "Plan Rows": 2651479, "Plan Width": 20, "Inner Unique": true, "Plans": [{"Node Type": "Nested Loop", "Parent Relationship": "Outer", "Join Type": "Inner", "Startup Cost": 115913.17, "Total Cost": 19879399.17, "Plan Rows": 2651479, "Plan Width": 20, "Inner Unique": true, "Plans": [{"Node Type": "Bitmap Heap Scan", "Parent Relationship": "Outer", "Relation Name": "orders", "Alias": "orders", "Startup Cost": 115912.91, "Total Cost": 460311.42, "Plan Rows": 4531967, "Plan Width": 24, "Recheck Cond": "((o_orderdate >= '1995-01-01 00:00:00'::timestamp(0) without time zone) AND (o_orderdate <= '1996-12-31 00:00:00'::timestamp(0) without time zone)), (LLVM Optimized)", "Plans": [{"Node Type": "Bitmap Index Scan", "Parent Relationship": "Outer", "Index Name": "idx_orders_orderdate", "Startup Cost": 0.0, "Total Cost": 114779.92, "Plan Rows": 4531967, "Plan Width": 0, "Index Cond": "((o_orderdate >= '1995-01-01 00:00:00'::timestamp(0) without time zone) AND (o_orderdate <= '1996-12-31 00:00:00'::timestamp(0) without time zone))"}]}, {"Node Type": "Bitmap Heap Scan", "Parent Relationship": "Inner", "Relation Name": "customer", "Alias": "customer", "Startup Cost": 0.26, "Total Cost": 4.27, "Plan Rows": 1, "Plan Width": 12, "Recheck Cond": "(c_custkey = orders.o_custkey)", "Plans": [{"Node Type": "Bitmap Index Scan", "Parent Relationship": "Outer", "Index Name": "customer_pkey", "Startup Cost": 0.0, "Total Cost": 0.26, "Plan Rows": 1, "Plan Width": 0, "Index Cond": "(c_custkey = orders.o_custkey)"}]}]}, {"Node Type": "Bitmap Heap Scan", "Parent Relationship": "Inner", "Relation Name": "nation", "Alias": "n1", "Startup Cost": 0.26, "Total Cost": 4.27, "Plan Rows": 1, "Plan Width": 8, "Recheck Cond": "(n_nationkey = customer.c_nationkey)", "Plans": [{"Node Type": "Bitmap Index Scan", "Parent Relationship": "Outer", "Index Name": "nation_pkey", "Startup Cost": 0.0, "Total Cost": 0.26, "Plan Rows": 1, "Plan Width": 0, "Index Cond": "(n_nationkey = customer.c_nationkey)"}]}]}, {"Node Type": "Bitmap Heap Scan", "Parent Relationship": "Inner", "Relation Name": "region", "Alias": "region", "Startup Cost": 0.58, "Total Cost": 4.59, "Plan Rows": 1, "Plan Width": 4, "Recheck Cond": "(r_regionkey = n1.n_regionkey)", "Filter": "(r_name = 'ASIA'::bpchar)", "Plans": [{"Node Type": "Bitmap Index Scan", "Parent Relationship": "Outer", "Index Name": "region_pkey", "Startup Cost": 0.0, "Total Cost": 0.58, "Plan Rows": 1, "Plan Width": 0, "Index Cond": "(r_regionkey = n1.n_regionkey)"}]}]}, {"Node Type": "Bitmap Heap Scan", "Parent Relationship": "Inner", "Relation Name": "lineitem", "Alias": "lineitem", "Startup Cost": 0.52, "Total Cost": 4.64, "Plan Rows": 9, "Plan Width": 40, "Recheck Cond": "(l_orderkey = orders.o_orderkey)", "Plans": [{"Node Type": "Bitmap Index Scan", "Parent Relationship": "Outer", "Index Name": "idx_lineitem_orderkey", "Startup Cost": 0.0, "Total Cost": 0.52, "Plan Rows": 9, "Plan Width": 0, "Index Cond": "(l_orderkey = orders.o_orderkey)"}]}]}, {"Node Type": "Bitmap Heap Scan", "Parent Relationship": "Inner", "Relation Name": "part", "Alias": "part", "Startup Cost": 0.26, "Total Cost": 4.27, "Plan Rows": 1, "Plan Width": 8, "Recheck Cond": "(p_partkey = lineitem.l_partkey)", "Filter": "((p_type)::text = 'SMALL PLATED COPPER'::text)", "Plans": [{"Node Type": "Bitmap Index Scan", "Parent Relationship": "Outer", "Index Name": "part_kpey", "Startup Cost": 0.0, "Total Cost": 0.26, "Plan Rows": 1, "Plan Width": 0, "Index Cond": "(p_partkey = lineitem.l_partkey)"}]}]}, {"Node Type": "Bitmap Heap Scan", "Parent Relationship": "Inner", "Relation Name": "supplier", "Alias": "supplier", "Startup Cost": 0.26, "Total Cost": 4.27, "Plan Rows": 1, "Plan Width": 12, "Recheck Cond": "(s_suppkey = lineitem.l_suppkey)", "Plans": [{"Node Type": "Bitmap Index Scan", "Parent Relationship": "Outer", "Index Name": "supplier_pkey", "Startup Cost": 0.0, "Total Cost": 0.26, "Plan Rows": 1, "Plan Width": 0, "Index Cond": "(s_suppkey = lineitem.l_suppkey)"}]}]}, {"Node Type": "Bitmap Heap Scan", "Parent Relationship": "Inner", "Relation Name": "nation", "Alias": "n2", "Startup Cost": 0.26, "Total Cost": 4.27, "Plan Rows": 1, "Plan Width": 30, "Recheck Cond": "(n_nationkey = supplier.s_nationkey)", "Plans": [{"Node Type": "Bitmap Index Scan", "Parent Relationship": "Outer", "Index Name": "nation_pkey", "Startup Cost": 0.0, "Total Cost": 0.26, "Plan Rows": 1, "Plan Width": 0, "Index Cond": "(n_nationkey = supplier.s_nationkey)"}]}]}]}]}, "Unique SQL Id": 3681808042, "Planner Runtime": 5}, "explain_analyze_plan": null}, "(64, 4)": {"explain_plan": {"Plan": {"Node Type": "Sort", "Startup Cost": 486630.31, "Total Cost": 486630.33, "Plan Rows": 10, "Plan Width": 66, "Sort Key": ["(date_part('year'::text, orders.o_orderdate))"], "Plans": [{"Node Type": "Aggregate", "Strategy": "Hashed", "Parent Relationship": "Outer", "Startup Cost": 486629.99, "Total Cost": 486630.14, "Plan Rows": 10, "Plan Width": 66, "Group By Key": ["date_part('year'::text, orders.o_orderdate)"], "Plans": [{"Node Type": "Hash Join", "Parent Relationship": "Outer", "Join Type": "Inner", "Startup Cost": 4536.12, "Total Cost": 486510.17, "Plan Rows": 5991, "Plan Width": 50, "Inner Unique": true, "Hash Cond": "(supplier.s_nationkey = n2.n_nationkey)", "Plans": [{"Node Type": "Nested Loop", "Parent Relationship": "Outer", "Join Type": "Inner", "Startup Cost": 4534.56, "Total Cost": 486417.81, "Plan Rows": 5991, "Plan Width": 28, "Inner Unique": false, "Join Filter": "(n1.n_regionkey = region.r_regionkey)", "Plans": [{"Node Type": "Seq Scan", "Parent Relationship": "Outer", "Relation Name": "region", "Alias": "region", "Startup Cost": 0.0, "Total Cost": 1.06, "Plan Rows": 1, "Plan Width": 4, "Filter": "(r_name = 'ASIA'::bpchar)"}, {"Node Type": "Hash Join", "Parent Relationship": "Inner", "Join Type": "Inner", "Startup Cost": 4534.56, "Total Cost": 486042.32, "Plan Rows": 29954, "Plan Width": 32, "Inner Unique": true, "Hash Cond": "(customer.c_nationkey = n1.n_nationkey)", "Plans": [{"Node Type": "Nested Loop", "Parent Relationship": "Outer", "Join Type": "Inner", "Startup Cost": 4533.0, "Total Cost": 485661.65, "Plan Rows": 29954, "Plan Width": 32, "Inner Unique": true, "Plans": [{"Node Type": "Hash Join", "Parent Relationship": "Outer", "Join Type": "Inner", "Startup Cost": 4533.0, "Total Cost": 469409.78, "Plan Rows": 51198, "Plan Width": 36, "Inner Unique": true, "Hash Cond": "(lineitem.l_suppkey = supplier.s_suppkey)", "Plans": [{"Node Type": "Nested Loop", "Parent Relationship": "Outer", "Join Type": "Inner", "Startup Cost": 0.0, "Total Cost": 464497.44, "Plan Rows": 86479, "Plan Width": 40, "Inner Unique": true, "Plans": [{"Node Type": "Nested Loop", "Parent Relationship": "Outer", "Join Type": "Inner", "Startup Cost": 0.0, "Total Cost": 441564.57, "Plan Rows": 74637, "Plan Width": 32, "Inner Unique": false, "Plans": [{"Node Type": "Seq Scan", "Parent Relationship": "Outer", "Relation Name": "part", "Alias": "part", "Startup Cost": 0.0, "Total Cost": 66944.0, "Plan Rows": 13538, "Plan Width": 8, "Filter": "((p_type)::text = 'SMALL PLATED COPPER'::text)"}, {"Node Type": "Index Scan", "Parent Relationship": "Inner", "Scan Direction": "Forward", "Index Name": "idx_lineitem_part_supp", "Relation Name": "lineitem", "Alias": "lineitem", "Startup Cost": 0.0, "Total Cost": 27.61, "Plan Rows": 6, "Plan Width": 40, "Index Cond": "(l_partkey = part.p_partkey)"}]}, {"Node Type": "Index Scan", "Parent Relationship": "Inner", "Scan Direction": "Forward", "Index Name": "orders_pkey", "Relation Name": "orders", "Alias": "orders", "Startup Cost": 0.0, "Total Cost": 0.3, "Plan Rows": 1, "Plan Width": 24, "Index Cond": "(o_orderkey = lineitem.l_orderkey)", "Filter": "((o_orderdate >= '1995-01-01 00:00:00'::timestamp(0) without time zone) AND (o_orderdate <= '1996-12-31 00:00:00'::timestamp(0) without time zone))"}]}, {"Node Type": "Hash", "Parent Relationship": "Inner", "Startup Cost": 3283.0, "Total Cost": 3283.0, "Plan Rows": 100000, "Plan Width": 12, "Plans": [{"Node Type": "Seq Scan", "Parent Relationship": "Outer", "Relation Name": "supplier", "Alias": "supplier", "Startup Cost": 0.0, "Total Cost": 3283.0, "Plan Rows": 100000, "Plan Width": 12}]}]}, {"Node Type": "Index Scan", "Parent Relationship": "Inner", "Scan Direction": "Forward", "Index Name": "customer_pkey", "Relation Name": "customer", "Alias": "customer", "Startup Cost": 0.0, "Total Cost": 0.31, "Plan Rows": 1, "Plan Width": 12, "Index Cond": "(c_custkey = orders.o_custkey)"}]}, {"Node Type": "Hash", "Parent Relationship": "Inner", "Startup Cost": 1.25, "Total Cost": 1.25, "Plan Rows": 25, "Plan Width": 8, "Plans": [{"Node Type": "Seq Scan", "Parent Relationship": "Outer", "Relation Name": "nation", "Alias": "n1", "Startup Cost": 0.0, "Total Cost": 1.25, "Plan Rows": 25, "Plan Width": 8}]}]}]}, {"Node Type": "Hash", "Parent Relationship": "Inner", "Startup Cost": 1.25, "Total Cost": 1.25, "Plan Rows": 25, "Plan Width": 30, "Plans": [{"Node Type": "Seq Scan", "Parent Relationship": "Outer", "Relation Name": "nation", "Alias": "n2", "Startup Cost": 0.0, "Total Cost": 1.25, "Plan Rows": 25, "Plan Width": 30}]}]}]}]}, "Unique SQL Id": 3681808042, "Planner Runtime": 8}, "explain_analyze_plan": {"Plan": {"Node Type": "Sort", "Startup Cost": 486630.31, "Total Cost": 486630.33, "Plan Rows": 10, "Plan Width": 66, "Actual Startup Time": 6864.764, "Actual Total Time": 6864.764, "Actual Rows": 2, "Actual Loops": 1, "Sort Key": ["(date_part('year'::text, orders.o_orderdate))"], "Sort Method": "quicksort", "Sort Space Used": 25, "Sort Space Type": "Memory", "Plans": [{"Node Type": "Aggregate", "Strategy": "Hashed", "Parent Relationship": "Outer", "Startup Cost": 486629.99, "Total Cost": 486630.14, "Plan Rows": 10, "Plan Width": 66, "Actual Startup Time": 6864.748, "Actual Total Time": 6864.749, "Actual Rows": 2, "Actual Loops": 1, "Group By Key": ["date_part('year'::text, orders.o_orderdate)"], "Plans": [{"Node Type": "Hash Join", "Parent Relationship": "Outer", "Join Type": "Inner", "Startup Cost": 4536.12, "Total Cost": 486510.17, "Plan Rows": 5991, "Plan Width": 50, "Actual Startup Time": 67.0, "Actual Total Time": 6830.243, "Actual Rows": 23929, "Actual Loops": 1, "Inner Unique": true, "Hash Cond": "(supplier.s_nationkey = n2.n_nationkey)", "Plans": [{"Node Type": "Nested Loop", "Parent Relationship": "Outer", "Join Type": "Inner", "Startup Cost": 4534.56, "Total Cost": 486417.81, "Plan Rows": 5991, "Plan Width": 28, "Actual Startup Time": 66.92, "Actual Total Time": 6795.81, "Actual Rows": 23929, "Actual Loops": 1, "Inner Unique": false, "Join Filter": "(n1.n_regionkey = region.r_regionkey)", "Rows Removed by Join Filter": 95836, "Plans": [{"Node Type": "Seq Scan", "Parent Relationship": "Outer", "Relation Name": "region", "Alias": "region", "Startup Cost": 0.0, "Total Cost": 1.06, "Plan Rows": 1, "Plan Width": 4, "Actual Startup Time": 0.008, "Actual Total Time": 0.01, "Actual Rows": 1, "Actual Loops": 1, "Filter": "(r_name = 'ASIA'::bpchar)", "Rows Removed by Filter": 4}, {"Node Type": "Hash Join", "Parent Relationship": "Inner", "Join Type": "Inner", "Startup Cost": 4534.56, "Total Cost": 486042.32, "Plan Rows": 29954, "Plan Width": 32, "Actual Startup Time": 66.706, "Actual Total Time": 6763.963, "Actual Rows": 119765, "Actual Loops": 1, "Inner Unique": true, "Hash Cond": "(customer.c_nationkey = n1.n_nationkey)", "Plans": [{"Node Type": "Nested Loop", "Parent Relationship": "Outer", "Join Type": "Inner", "Startup Cost": 4533.0, "Total Cost": 485661.65, "Plan Rows": 29954, "Plan Width": 32, "Actual Startup Time": 66.644, "Actual Total Time": 6694.943, "Actual Rows": 119765, "Actual Loops": 1, "Inner Unique": true, "Plans": [{"Node Type": "Hash Join", "Parent Relationship": "Outer", "Join Type": "Inner", "Startup Cost": 4533.0, "Total Cost": 469409.78, "Plan Rows": 51198, "Plan Width": 36, "Actual Startup Time": 66.611, "Actual Total Time": 5686.148, "Actual Rows": 119765, "Actual Loops": 1, "Inner Unique": true, "Hash Cond": "(lineitem.l_suppkey = supplier.s_suppkey)", "Plans": [{"Node Type": "Nested Loop", "Parent Relationship": "Outer", "Join Type": "Inner", "Startup Cost": 0.0, "Total Cost": 464497.44, "Plan Rows": 86479, "Plan Width": 40, "Actual Startup Time": 0.149, "Actual Total Time": 5541.572, "Actual Rows": 119765, "Actual Loops": 1, "Inner Unique": true, "Plans": [{"Node Type": "Nested Loop", "Parent Relationship": "Outer", "Join Type": "Inner", "Startup Cost": 0.0, "Total Cost": 441564.57, "Plan Rows": 74637, "Plan Width": 32, "Actual Startup Time": 0.033, "Actual Total Time": 2018.871, "Actual Rows": 395341, "Actual Loops": 1, "Inner Unique": false, "Plans": [{"Node Type": "Seq Scan", "Parent Relationship": "Outer", "Relation Name": "part", "Alias": "part", "Startup Cost": 0.0, "Total Cost": 66944.0, "Plan Rows": 13538, "Plan Width": 8, "Actual Startup Time": 0.014, "Actual Total Time": 773.39, "Actual Rows": 13163, "Actual Loops": 1, "Filter": "((p_type)::text = 'SMALL PLATED COPPER'::text)", "Rows Removed by Filter": 1986837}, {"Node Type": "Index Scan", "Parent Relationship": "Inner", "Scan Direction": "Forward", "Index Name": "idx_lineitem_part_supp", "Relation Name": "lineitem", "Alias": "lineitem", "Startup Cost": 0.0, "Total Cost": 27.61, "Plan Rows": 6, "Plan Width": 40, "Actual Startup Time": 157.237, "Actual Total Time": 1142.534, "Actual Rows": 395341, "Actual Loops": 13163, "Index Cond": "(l_partkey = part.p_partkey)", "Rows Removed by Index Recheck": 0}]}, {"Node Type": "Index Scan", "Parent Relationship": "Inner", "Scan Direction": "Forward", "Index Name": "orders_pkey", "Relation Name": "orders", "Alias": "orders", "Startup Cost": 0.0, "Total Cost": 0.3, "Plan Rows": 1, "Plan Width": 24, "Actual Startup Time": 3288.207, "Actual Total Time": 3288.207, "Actual Rows": 119765, "Actual Loops": 395341, "Index Cond": "(o_orderkey = lineitem.l_orderkey)", "Rows Removed by Index Recheck": 0, "Filter": "((o_orderdate >= '1995-01-01 00:00:00'::timestamp(0) without time zone) AND (o_orderdate <= '1996-12-31 00:00:00'::timestamp(0) without time zone))", "Rows Removed by Filter": 275576}]}, {"Node Type": "Hash", "Parent Relationship": "Inner", "Startup Cost": 3283.0, "Total Cost": 3283.0, "Plan Rows": 100000, "Plan Width": 12, "Actual Startup Time": 66.355, "Actual Total Time": 66.355, "Actual Rows": 100000, "Actual Loops": 1, "Hash Buckets": 131072, "Hash Batches": 1, "Original Hash Batches": 1, "Peak Memory Usage": 4297, "Plans": [{"Node Type": "Seq Scan", "Parent Relationship": "Outer", "Relation Name": "supplier", "Alias": "supplier", "Startup Cost": 0.0, "Total Cost": 3283.0, "Plan Rows": 100000, "Plan Width": 12, "Actual Startup Time": 0.011, "Actual Total Time": 39.877, "Actual Rows": 100000, "Actual Loops": 1}]}]}, {"Node Type": "Index Scan", "Parent Relationship": "Inner", "Scan Direction": "Forward", "Index Name": "customer_pkey", "Relation Name": "customer", "Alias": "customer", "Startup Cost": 0.0, "Total Cost": 0.31, "Plan Rows": 1, "Plan Width": 12, "Actual Startup Time": 899.108, "Actual Total Time": 899.108, "Actual Rows": 119765, "Actual Loops": 119765, "Index Cond": "(c_custkey = orders.o_custkey)", "Rows Removed by Index Recheck": 0}]}, {"Node Type": "Hash", "Parent Relationship": "Inner", "Startup Cost": 1.25, "Total Cost": 1.25, "Plan Rows": 25, "Plan Width": 8, "Actual Startup Time": 0.02, "Actual Total Time": 0.02, "Actual Rows": 25, "Actual Loops": 1, "Hash Buckets": 32768, "Hash Batches": 1, "Original Hash Batches": 1, "Peak Memory Usage": 1, "Plans": [{"Node Type": "Seq Scan", "Parent Relationship": "Outer", "Relation Name": "nation", "Alias": "n1", "Startup Cost": 0.0, "Total Cost": 1.25, "Plan Rows": 25, "Plan Width": 8, "Actual Startup Time": 0.007, "Actual Total Time": 0.011, "Actual Rows": 25, "Actual Loops": 1}]}]}]}, {"Node Type": "Hash", "Parent Relationship": "Inner", "Startup Cost": 1.25, "Total Cost": 1.25, "Plan Rows": 25, "Plan Width": 30, "Actual Startup Time": 0.034, "Actual Total Time": 0.034, "Actual Rows": 25, "Actual Loops": 1, "Hash Buckets": 32768, "Hash Batches": 1, "Original Hash Batches": 1, "Peak Memory Usage": 2, "Plans": [{"Node Type": "Seq Scan", "Parent Relationship": "Outer", "Relation Name": "nation", "Alias": "n2", "Startup Cost": 0.0, "Total Cost": 1.25, "Plan Rows": 25, "Plan Width": 30, "Actual Startup Time": 0.014, "Actual Total Time": 0.021, "Actual Rows": 25, "Actual Loops": 1}]}]}]}]}, "Triggers": [], "Planner Runtime": 5, "Total Runtime": 6865.211, "Unique SQL Id": 3681808042}}, "(64, 5)": {"explain_plan": {"Plan": {"Node Type": "Sort", "Startup Cost": 527575.13, "Total Cost": 527575.15, "Plan Rows": 10, "Plan Width": 66, "Sort Key": ["(date_part('year'::text, orders.o_orderdate))"], "Plans": [{"Node Type": "Aggregate", "Strategy": "Hashed", "Parent Relationship": "Outer", "Startup Cost": 527574.81, "Total Cost": 527574.96, "Plan Rows": 10, "Plan Width": 66, "Group By Key": ["date_part('year'::text, orders.o_orderdate)"], "Plans": [{"Node Type": "Hash Join", "Parent Relationship": "Outer", "Join Type": "Inner", "Startup Cost": 6610.42, "Total Cost": 527454.99, "Plan Rows": 5991, "Plan Width": 50, "Inner Unique": true, "Hash Cond": "(supplier.s_nationkey = n2.n_nationkey)", "Plans": [{"Node Type": "Nested Loop", "Parent Relationship": "Outer", "Join Type": "Inner", "Startup Cost": 6597.48, "Total Cost": 527351.25, "Plan Rows": 5991, "Plan Width": 28, "Inner Unique": false, "Join Filter": "(n1.n_regionkey = region.r_regionkey)", "Plans": [{"Node Type": "Index Scan", "Parent Relationship": "Outer", "Scan Direction": "Forward", "Index Name": "region_pkey", "Relation Name": "region", "Alias": "region", "Startup Cost": 0.0, "Total Cost": 12.34, "Plan Rows": 1, "Plan Width": 4, "Filter": "(r_name = 'ASIA'::bpchar)"}, {"Node Type": "Hash Join", "Parent Relationship": "Inner", "Join Type": "Inner", "Startup Cost": 6597.48, "Total Cost": 526964.49, "Plan Rows": 29954, "Plan Width": 32, "Inner Unique": true, "Hash Cond": "(customer.c_nationkey = n1.n_nationkey)", "Plans": [{"Node Type": "Nested Loop", "Parent Relationship": "Outer", "Join Type": "Inner", "Startup Cost": 6584.54, "Total Cost": 526572.45, "Plan Rows": 29954, "Plan Width": 32, "Inner Unique": true, "Plans": [{"Node Type": "Hash Join", "Parent Relationship": "Outer", "Join Type": "Inner", "Startup Cost": 6584.54, "Total Cost": 510320.57, "Plan Rows": 51198, "Plan Width": 36, "Inner Unique": true, "Hash Cond": "(lineitem.l_suppkey = supplier.s_suppkey)", "Plans": [{"Node Type": "Nested Loop", "Parent Relationship": "Outer", "Join Type": "Inner", "Startup Cost": 0.0, "Total Cost": 503356.69, "Plan Rows": 86479, "Plan Width": 40, "Inner Unique": true, "Plans": [{"Node Type": "Nested Loop", "Parent Relationship": "Outer", "Join Type": "Inner", "Startup Cost": 0.0, "Total Cost": 480423.82, "Plan Rows": 74637, "Plan Width": 32, "Inner Unique": false, "Plans": [{"Node Type": "Index Scan", "Parent Relationship": "Outer", "Scan Direction": "Forward", "Index Name": "part_kpey", "Relation Name": "part", "Alias": "part", "Startup Cost": 0.0, "Total Cost": 105803.25, "Plan Rows": 13538, "Plan Width": 8, "Filter": "((p_type)::text = 'SMALL PLATED COPPER'::text)"}, {"Node Type": "Index Scan", "Parent Relationship": "Inner", "Scan Direction": "Forward", "Index Name": "idx_lineitem_part_supp", "Relation Name": "lineitem", "Alias": "lineitem", "Startup Cost": 0.0, "Total Cost": 27.61, "Plan Rows": 6, "Plan Width": 40, "Index Cond": "(l_partkey = part.p_partkey)"}]}, {"Node Type": "Index Scan", "Parent Relationship": "Inner", "Scan Direction": "Forward", "Index Name": "orders_pkey", "Relation Name": "orders", "Alias": "orders", "Startup Cost": 0.0, "Total Cost": 0.3, "Plan Rows": 1, "Plan Width": 24, "Index Cond": "(o_orderkey = lineitem.l_orderkey)", "Filter": "((o_orderdate >= '1995-01-01 00:00:00'::timestamp(0) without time zone) AND (o_orderdate <= '1996-12-31 00:00:00'::timestamp(0) without time zone))"}]}, {"Node Type": "Hash", "Parent Relationship": "Inner", "Startup Cost": 5334.54, "Total Cost": 5334.54, "Plan Rows": 100000, "Plan Width": 12, "Plans": [{"Node Type": "Index Scan", "Parent Relationship": "Outer", "Scan Direction": "Forward", "Index Name": "supplier_pkey", "Relation Name": "supplier", "Alias": "supplier", "Startup Cost": 0.0, "Total Cost": 5334.54, "Plan Rows": 100000, "Plan Width": 12}]}]}, {"Node Type": "Index Scan", "Parent Relationship": "Inner", "Scan Direction": "Forward", "Index Name": "customer_pkey", "Relation Name": "customer", "Alias": "customer", "Startup Cost": 0.0, "Total Cost": 0.31, "Plan Rows": 1, "Plan Width": 12, "Index Cond": "(c_custkey = orders.o_custkey)"}]}, {"Node Type": "Hash", "Parent Relationship": "Inner", "Startup Cost": 12.62, "Total Cost": 12.62, "Plan Rows": 25, "Plan Width": 8, "Plans": [{"Node Type": "Index Scan", "Parent Relationship": "Outer", "Scan Direction": "Forward", "Index Name": "idx_nation_regionkey", "Relation Name": "nation", "Alias": "n1", "Startup Cost": 0.0, "Total Cost": 12.62, "Plan Rows": 25, "Plan Width": 8}]}]}]}, {"Node Type": "Hash", "Parent Relationship": "Inner", "Startup Cost": 12.62, "Total Cost": 12.62, "Plan Rows": 25, "Plan Width": 30, "Plans": [{"Node Type": "Index Scan", "Parent Relationship": "Outer", "Scan Direction": "Forward", "Index Name": "nation_pkey", "Relation Name": "nation", "Alias": "n2", "Startup Cost": 0.0, "Total Cost": 12.62, "Plan Rows": 25, "Plan Width": 30}]}]}]}]}, "Unique SQL Id": 3681808042, "Planner Runtime": 7}, "explain_analyze_plan": {"Plan": {"Node Type": "Sort", "Startup Cost": 527575.13, "Total Cost": 527575.15, "Plan Rows": 10, "Plan Width": 66, "Actual Startup Time": 7581.242, "Actual Total Time": 7581.242, "Actual Rows": 2, "Actual Loops": 1, "Sort Key": ["(date_part('year'::text, orders.o_orderdate))"], "Sort Method": "quicksort", "Sort Space Used": 25, "Sort Space Type": "Memory", "Plans": [{"Node Type": "Aggregate", "Strategy": "Hashed", "Parent Relationship": "Outer", "Startup Cost": 527574.81, "Total Cost": 527574.96, "Plan Rows": 10, "Plan Width": 66, "Actual Startup Time": 7581.225, "Actual Total Time": 7581.226, "Actual Rows": 2, "Actual Loops": 1, "Group By Key": ["date_part('year'::text, orders.o_orderdate)"], "Plans": [{"Node Type": "Hash Join", "Parent Relationship": "Outer", "Join Type": "Inner", "Startup Cost": 6610.42, "Total Cost": 527454.99, "Plan Rows": 5991, "Plan Width": 50, "Actual Startup Time": 110.337, "Actual Total Time": 7546.674, "Actual Rows": 23929, "Actual Loops": 1, "Inner Unique": true, "Hash Cond": "(supplier.s_nationkey = n2.n_nationkey)", "Plans": [{"Node Type": "Nested Loop", "Parent Relationship": "Outer", "Join Type": "Inner", "Startup Cost": 6597.48, "Total Cost": 527351.25, "Plan Rows": 5991, "Plan Width": 28, "Actual Startup Time": 110.244, "Actual Total Time": 7512.896, "Actual Rows": 23929, "Actual Loops": 1, "Inner Unique": false, "Join Filter": "(n1.n_regionkey = region.r_regionkey)", "Rows Removed by Join Filter": 95836, "Plans": [{"Node Type": "Index Scan", "Parent Relationship": "Outer", "Scan Direction": "Forward", "Index Name": "region_pkey", "Relation Name": "region", "Alias": "region", "Startup Cost": 0.0, "Total Cost": 12.34, "Plan Rows": 1, "Plan Width": 4, "Actual Startup Time": 0.008, "Actual Total Time": 0.015, "Actual Rows": 1, "Actual Loops": 1, "Filter": "(r_name = 'ASIA'::bpchar)", "Rows Removed by Filter": 4}, {"Node Type": "Hash Join", "Parent Relationship": "Inner", "Join Type": "Inner", "Startup Cost": 6597.48, "Total Cost": 526964.49, "Plan Rows": 29954, "Plan Width": 32, "Actual Startup Time": 110.017, "Actual Total Time": 7480.171, "Actual Rows": 119765, "Actual Loops": 1, "Inner Unique": true, "Hash Cond": "(customer.c_nationkey = n1.n_nationkey)", "Plans": [{"Node Type": "Nested Loop", "Parent Relationship": "Outer", "Join Type": "Inner", "Startup Cost": 6584.54, "Total Cost": 526572.45, "Plan Rows": 29954, "Plan Width": 32, "Actual Startup Time": 109.959, "Actual Total Time": 7409.138, "Actual Rows": 119765, "Actual Loops": 1, "Inner Unique": true, "Plans": [{"Node Type": "Hash Join", "Parent Relationship": "Outer", "Join Type": "Inner", "Startup Cost": 6584.54, "Total Cost": 510320.57, "Plan Rows": 51198, "Plan Width": 36, "Actual Startup Time": 109.931, "Actual Total Time": 6406.487, "Actual Rows": 119765, "Actual Loops": 1, "Inner Unique": true, "Hash Cond": "(lineitem.l_suppkey = supplier.s_suppkey)", "Plans": [{"Node Type": "Nested Loop", "Parent Relationship": "Outer", "Join Type": "Inner", "Startup Cost": 0.0, "Total Cost": 503356.69, "Plan Rows": 86479, "Plan Width": 40, "Actual Startup Time": 0.156, "Actual Total Time": 6213.592, "Actual Rows": 119765, "Actual Loops": 1, "Inner Unique": true, "Plans": [{"Node Type": "Nested Loop", "Parent Relationship": "Outer", "Join Type": "Inner", "Startup Cost": 0.0, "Total Cost": 480423.82, "Plan Rows": 74637, "Plan Width": 32, "Actual Startup Time": 0.041, "Actual Total Time": 2695.99, "Actual Rows": 395341, "Actual Loops": 1, "Inner Unique": false, "Plans": [{"Node Type": "Index Scan", "Parent Relationship": "Outer", "Scan Direction": "Forward", "Index Name": "part_kpey", "Relation Name": "part", "Alias": "part", "Startup Cost": 0.0, "Total Cost": 105803.25, "Plan Rows": 13538, "Plan Width": 8, "Actual Startup Time": 0.026, "Actual Total Time": 1440.569, "Actual Rows": 13163, "Actual Loops": 1, "Filter": "((p_type)::text = 'SMALL PLATED COPPER'::text)", "Rows Removed by Filter": 1986837}, {"Node Type": "Index Scan", "Parent Relationship": "Inner", "Scan Direction": "Forward", "Index Name": "idx_lineitem_part_supp", "Relation Name": "lineitem", "Alias": "lineitem", "Startup Cost": 0.0, "Total Cost": 27.61, "Plan Rows": 6, "Plan Width": 40, "Actual Startup Time": 155.451, "Actual Total Time": 1155.312, "Actual Rows": 395341, "Actual Loops": 13163, "Index Cond": "(l_partkey = part.p_partkey)", "Rows Removed by Index Recheck": 0}]}, {"Node Type": "Index Scan", "Parent Relationship": "Inner", "Scan Direction": "Forward", "Index Name": "orders_pkey", "Relation Name": "orders", "Alias": "orders", "Startup Cost": 0.0, "Total Cost": 0.3, "Plan Rows": 1, "Plan Width": 24, "Actual Startup Time": 3279.079, "Actual Total Time": 3279.079, "Actual Rows": 119765, "Actual Loops": 395341, "Index Cond": "(o_orderkey = lineitem.l_orderkey)", "Rows Removed by Index Recheck": 0, "Filter": "((o_orderdate >= '1995-01-01 00:00:00'::timestamp(0) without time zone) AND (o_orderdate <= '1996-12-31 00:00:00'::timestamp(0) without time zone))", "Rows Removed by Filter": 275576}]}, {"Node Type": "Hash", "Parent Relationship": "Inner", "Startup Cost": 5334.54, "Total Cost": 5334.54, "Plan Rows": 100000, "Plan Width": 12, "Actual Startup Time": 109.671, "Actual Total Time": 109.671, "Actual Rows": 100000, "Actual Loops": 1, "Hash Buckets": 131072, "Hash Batches": 1, "Original Hash Batches": 1, "Peak Memory Usage": 4297, "Plans": [{"Node Type": "Index Scan", "Parent Relationship": "Outer", "Scan Direction": "Forward", "Index Name": "supplier_pkey", "Relation Name": "supplier", "Alias": "supplier", "Startup Cost": 0.0, "Total Cost": 5334.54, "Plan Rows": 100000, "Plan Width": 12, "Actual Startup Time": 0.017, "Actual Total Time": 82.398, "Actual Rows": 100000, "Actual Loops": 1}]}]}, {"Node Type": "Index Scan", "Parent Relationship": "Inner", "Scan Direction": "Forward", "Index Name": "customer_pkey", "Relation Name": "customer", "Alias": "customer", "Startup Cost": 0.0, "Total Cost": 0.31, "Plan Rows": 1, "Plan Width": 12, "Actual Startup Time": 892.623, "Actual Total Time": 892.623, "Actual Rows": 119765, "Actual Loops": 119765, "Index Cond": "(c_custkey = orders.o_custkey)", "Rows Removed by Index Recheck": 0}]}, {"Node Type": "Hash", "Parent Relationship": "Inner", "Startup Cost": 12.62, "Total Cost": 12.62, "Plan Rows": 25, "Plan Width": 8, "Actual Startup Time": 0.024, "Actual Total Time": 0.024, "Actual Rows": 25, "Actual Loops": 1, "Hash Buckets": 32768, "Hash Batches": 1, "Original Hash Batches": 1, "Peak Memory Usage": 1, "Plans": [{"Node Type": "Index Scan", "Parent Relationship": "Outer", "Scan Direction": "Forward", "Index Name": "idx_nation_regionkey", "Relation Name": "nation", "Alias": "n1", "Startup Cost": 0.0, "Total Cost": 12.62, "Plan Rows": 25, "Plan Width": 8, "Actual Startup Time": 0.005, "Actual Total Time": 0.016, "Actual Rows": 25, "Actual Loops": 1}]}]}]}, {"Node Type": "Hash", "Parent Relationship": "Inner", "Startup Cost": 12.62, "Total Cost": 12.62, "Plan Rows": 25, "Plan Width": 30, "Actual Startup Time": 0.039, "Actual Total Time": 0.039, "Actual Rows": 25, "Actual Loops": 1, "Hash Buckets": 32768, "Hash Batches": 1, "Original Hash Batches": 1, "Peak Memory Usage": 2, "Plans": [{"Node Type": "Index Scan", "Parent Relationship": "Outer", "Scan Direction": "Forward", "Index Name": "nation_pkey", "Relation Name": "nation", "Alias": "n2", "Startup Cost": 0.0, "Total Cost": 12.62, "Plan Rows": 25, "Plan Width": 30, "Actual Startup Time": 0.01, "Actual Total Time": 0.028, "Actual Rows": 25, "Actual Loops": 1}]}]}]}]}, "Triggers": [], "Planner Runtime": 4, "Total Runtime": 7581.588, "Unique SQL Id": 3681808042}}, "(64, 6)": {"explain_plan": {"Plan": {"Node Type": "Sort", "Startup Cost": 818733.87, "Total Cost": 818733.89, "Plan Rows": 10, "Plan Width": 66, "Sort Key": ["(date_part('year'::text, orders.o_orderdate))"], "Plans": [{"Node Type": "Aggregate", "Strategy": "Hashed", "Parent Relationship": "Outer", "Startup Cost": 818733.55, "Total Cost": 818733.7, "Plan Rows": 10, "Plan Width": 66, "Group By Key": ["date_part('year'::text, orders.o_orderdate)"], "Plans": [{"Node Type": "Nested Loop", "Parent Relationship": "Outer", "Join Type": "Inner", "Startup Cost": 45452.32, "Total Cost": 818613.73, "Plan Rows": 5991, "Plan Width": 50, "Inner Unique": true, "Join Filter": "(supplier.s_nationkey = n2.n_nationkey)", "Plans": [{"Node Type": "Hash Join", "Parent Relationship": "Outer", "Join Type": "Inner", "Startup Cost": 45452.32, "Total Cost": 816350.82, "Plan Rows": 5991, "Plan Width": 28, "Inner Unique": false, "Hash Cond": "(orders.o_custkey = customer.c_custkey)", "Plans": [{"Node Type": "Hash Join", "Parent Relationship": "Outer", "Join Type": "Inner", "Startup Cost": 4537.47, "Total Cost": 775184.07, "Plan Rows": 51198, "Plan Width": 36, "Inner Unique": true, "Hash Cond": "(lineitem.l_suppkey = supplier.s_suppkey)", "Plans": [{"Node Type": "Nested Loop", "Parent Relationship": "Outer", "Join Type": "Inner", "Startup Cost": 4.47, "Total Cost": 770271.73, "Plan Rows": 86479, "Plan Width": 40, "Inner Unique": true, "Plans": [{"Node Type": "Nested Loop", "Parent Relationship": "Outer", "Join Type": "Inner", "Startup Cost": 4.21, "Total Cost": 450147.9, "Plan Rows": 74637, "Plan Width": 32, "Inner Unique": false, "Plans": [{"Node Type": "Seq Scan", "Parent Relationship": "Outer", "Relation Name": "part", "Alias": "part", "Startup Cost": 0.0, "Total Cost": 66944.0, "Plan Rows": 13538, "Plan Width": 8, "Filter": "((p_type)::text = 'SMALL PLATED COPPER'::text)"}, {"Node Type": "Bitmap Heap Scan", "Parent Relationship": "Inner", "Relation Name": "lineitem", "Alias": "lineitem", "Startup Cost": 4.21, "Total Cost": 28.25, "Plan Rows": 6, "Plan Width": 40, "Recheck Cond": "(l_partkey = part.p_partkey)", "Plans": [{"Node Type": "Bitmap Index Scan", "Parent Relationship": "Outer", "Index Name": "idx_lineitem_part_supp", "Startup Cost": 0.0, "Total Cost": 4.21, "Plan Rows": 6, "Plan Width": 0, "Index Cond": "(l_partkey = part.p_partkey)"}]}]}, {"Node Type": "Bitmap Heap Scan", "Parent Relationship": "Inner", "Relation Name": "orders", "Alias": "orders", "Startup Cost": 0.26, "Total Cost": 4.28, "Plan Rows": 1, "Plan Width": 24, "Recheck Cond": "(o_orderkey = lineitem.l_orderkey)", "Filter": "((o_orderdate >= '1995-01-01 00:00:00'::timestamp(0) without time zone) AND (o_orderdate <= '1996-12-31 00:00:00'::timestamp(0) without time zone))", "Plans": [{"Node Type": "Bitmap Index Scan", "Parent Relationship": "Outer", "Index Name": "orders_pkey", "Startup Cost": 0.0, "Total Cost": 0.26, "Plan Rows": 1, "Plan Width": 0, "Index Cond": "(o_orderkey = lineitem.l_orderkey)"}]}]}, {"Node Type": "Hash", "Parent Relationship": "Inner", "Startup Cost": 3283.0, "Total Cost": 3283.0, "Plan Rows": 100000, "Plan Width": 12, "Plans": [{"Node Type": "Seq Scan", "Parent Relationship": "Outer", "Relation Name": "supplier", "Alias": "supplier", "Startup Cost": 0.0, "Total Cost": 3283.0, "Plan Rows": 100000, "Plan Width": 12}]}]}, {"Node Type": "Hash", "Parent Relationship": "Inner", "Startup Cost": 37164.85, "Total Cost": 37164.85, "Plan Rows": 300000, "Plan Width": 8, "Plans": [{"Node Type": "Nested Loop", "Parent Relationship": "Outer", "Join Type": "Inner", "Startup Cost": 1031.44, "Total Cost": 37164.85, "Plan Rows": 300000, "Plan Width": 8, "Inner Unique": false, "Plans": [{"Node Type": "Hash Join", "Parent Relationship": "Outer", "Join Type": "Inner", "Startup Cost": 1.07, "Total Cost": 2.44, "Plan Rows": 5, "Plan Width": 4, "Inner Unique": true, "Hash Cond": "(n1.n_regionkey = region.r_regionkey)", "Plans": [{"Node Type": "Seq Scan", "Parent Relationship": "Outer", "Relation Name": "nation", "Alias": "n1", "Startup Cost": 0.0, "Total Cost": 1.25, "Plan Rows": 25, "Plan Width": 8}, {"Node Type": "Hash", "Parent Relationship": "Inner", "Startup Cost": 1.06, "Total Cost": 1.06, "Plan Rows": 1, "Plan Width": 4, "Plans": [{"Node Type": "Seq Scan", "Parent Relationship": "Outer", "Relation Name": "region", "Alias": "region", "Startup Cost": 0.0, "Total Cost": 1.06, "Plan Rows": 1, "Plan Width": 4, "Filter": "(r_name = 'ASIA'::bpchar)"}]}]}, {"Node Type": "Bitmap Heap Scan", "Parent Relationship": "Inner", "Relation Name": "customer", "Alias": "customer", "Startup Cost": 1030.37, "Total Cost": 6832.48, "Plan Rows": 60000, "Plan Width": 12, "Recheck Cond": "(c_nationkey = n1.n_nationkey)", "Plans": [{"Node Type": "Bitmap Index Scan", "Parent Relationship": "Outer", "Index Name": "idx_customer_nationkey", "Startup Cost": 0.0, "Total Cost": 1015.37, "Plan Rows": 60000, "Plan Width": 0, "Index Cond": "(c_nationkey = n1.n_nationkey)"}]}]}]}]}, {"Node Type": "Materialize", "Parent Relationship": "Inner", "Startup Cost": 0.0, "Total Cost": 1.38, "Plan Rows": 25, "Plan Width": 30, "Plans": [{"Node Type": "Seq Scan", "Parent Relationship": "Outer", "Relation Name": "nation", "Alias": "n2", "Startup Cost": 0.0, "Total Cost": 1.25, "Plan Rows": 25, "Plan Width": 30}]}]}]}]}, "Unique SQL Id": 3681808042, "Planner Runtime": 8}, "explain_analyze_plan": {"Plan": {"Node Type": "Sort", "Startup Cost": 818733.87, "Total Cost": 818733.89, "Plan Rows": 10, "Plan Width": 66, "Actual Startup Time": 7727.646, "Actual Total Time": 7727.646, "Actual Rows": 2, "Actual Loops": 1, "Sort Key": ["(date_part('year'::text, orders.o_orderdate))"], "Sort Method": "quicksort", "Sort Space Used": 25, "Sort Space Type": "Memory", "Plans": [{"Node Type": "Aggregate", "Strategy": "Hashed", "Parent Relationship": "Outer", "Startup Cost": 818733.55, "Total Cost": 818733.7, "Plan Rows": 10, "Plan Width": 66, "Actual Startup Time": 7727.627, "Actual Total Time": 7727.629, "Actual Rows": 2, "Actual Loops": 1, "Group By Key": ["date_part('year'::text, orders.o_orderdate)"], "Plans": [{"Node Type": "Nested Loop", "Parent Relationship": "Outer", "Join Type": "Inner", "Startup Cost": 45452.32, "Total Cost": 818613.73, "Plan Rows": 5991, "Plan Width": 50, "Actual Startup Time": 862.141, "Actual Total Time": 7689.535, "Actual Rows": 23929, "Actual Loops": 1, "Inner Unique": true, "Join Filter": "(supplier.s_nationkey = n2.n_nationkey)", "Rows Removed by Join Filter": 288173, "Plans": [{"Node Type": "Hash Join", "Parent Relationship": "Outer", "Join Type": "Inner", "Startup Cost": 45452.32, "Total Cost": 816350.82, "Plan Rows": 5991, "Plan Width": 28, "Actual Startup Time": 862.095, "Actual Total Time": 7570.097, "Actual Rows": 23929, "Actual Loops": 1, "Inner Unique": false, "Hash Cond": "(orders.o_custkey = customer.c_custkey)", "Plans": [{"Node Type": "Hash Join", "Parent Relationship": "Outer", "Join Type": "Inner", "Startup Cost": 4537.47, "Total Cost": 775184.07, "Plan Rows": 51198, "Plan Width": 36, "Actual Startup Time": 67.13, "Actual Total Time": 6711.267, "Actual Rows": 119765, "Actual Loops": 1, "Inner Unique": true, "Hash Cond": "(lineitem.l_suppkey = supplier.s_suppkey)", "Plans": [{"Node Type": "Nested Loop", "Parent Relationship": "Outer", "Join Type": "Inner", "Startup Cost": 4.47, "Total Cost": 770271.73, "Plan Rows": 86479, "Plan Width": 40, "Actual Startup Time": 0.12, "Actual Total Time": 6562.441, "Actual Rows": 119765, "Actual Loops": 1, "Inner Unique": true, "Plans": [{"Node Type": "Nested Loop", "Parent Relationship": "Outer", "Join Type": "Inner", "Startup Cost": 4.21, "Total Cost": 450147.9, "Plan Rows": 74637, "Plan Width": 32, "Actual Startup Time": 0.064, "Actual Total Time": 2277.38, "Actual Rows": 395341, "Actual Loops": 1, "Inner Unique": false, "Plans": [{"Node Type": "Seq Scan", "Parent Relationship": "Outer", "Relation Name": "part", "Alias": "part", "Startup Cost": 0.0, "Total Cost": 66944.0, "Plan Rows": 13538, "Plan Width": 8, "Actual Startup Time": 0.024, "Actual Total Time": 784.076, "Actual Rows": 13163, "Actual Loops": 1, "Filter": "((p_type)::text = 'SMALL PLATED COPPER'::text)", "Rows Removed by Filter": 1986837}, {"Node Type": "Bitmap Heap Scan", "Parent Relationship": "Inner", "Relation Name": "lineitem", "Alias": "lineitem", "Startup Cost": 4.21, "Total Cost": 28.25, "Plan Rows": 6, "Plan Width": 40, "Actual Startup Time": 265.824, "Actual Total Time": 1377.637, "Actual Rows": 395341, "Actual Loops": 13163, "Recheck Cond": "(l_partkey = part.p_partkey)", "Rows Removed by Index Recheck": 0, "Exact Heap Blocks": 395337, "Lossy Heap Blocks": 395337, "Plans": [{"Node Type": "Bitmap Index Scan", "Parent Relationship": "Outer", "Index Name": "idx_lineitem_part_supp", "Startup Cost": 0.0, "Total Cost": 4.21, "Plan Rows": 6, "Plan Width": 0, "Actual Startup Time": 172.401, "Actual Total Time": 172.401, "Actual Rows": 395341, "Actual Loops": 13163, "Index Cond": "(l_partkey = part.p_partkey)"}]}]}, {"Node Type": "Bitmap Heap Scan", "Parent Relationship": "Inner", "Relation Name": "orders", "Alias": "orders", "Startup Cost": 0.26, "Total Cost": 4.28, "Plan Rows": 1, "Plan Width": 24, "Actual Startup Time": 3807.095, "Actual Total Time": 3807.095, "Actual Rows": 119765, "Actual Loops": 395341, "Recheck Cond": "(o_orderkey = lineitem.l_orderkey)", "Rows Removed by Index Recheck": 0, "Filter": "((o_orderdate >= '1995-01-01 00:00:00'::timestamp(0) without time zone) AND (o_orderdate <= '1996-12-31 00:00:00'::timestamp(0) without time zone))", "Rows Removed by Filter": 275576, "Exact Heap Blocks": 395341, "Lossy Heap Blocks": 395341, "Plans": [{"Node Type": "Bitmap Index Scan", "Parent Relationship": "Outer", "Index Name": "orders_pkey", "Startup Cost": 0.0, "Total Cost": 0.26, "Plan Rows": 1, "Plan Width": 0, "Actual Startup Time": 2318.38, "Actual Total Time": 2318.38, "Actual Rows": 395341, "Actual Loops": 395341, "Index Cond": "(o_orderkey = lineitem.l_orderkey)"}]}]}, {"Node Type": "Hash", "Parent Relationship": "Inner", "Startup Cost": 3283.0, "Total Cost": 3283.0, "Plan Rows": 100000, "Plan Width": 12, "Actual Startup Time": 66.9, "Actual Total Time": 66.9, "Actual Rows": 100000, "Actual Loops": 1, "Hash Buckets": 131072, "Hash Batches": 1, "Original Hash Batches": 1, "Peak Memory Usage": 4297, "Plans": [{"Node Type": "Seq Scan", "Parent Relationship": "Outer", "Relation Name": "supplier", "Alias": "supplier", "Startup Cost": 0.0, "Total Cost": 3283.0, "Plan Rows": 100000, "Plan Width": 12, "Actual Startup Time": 0.013, "Actual Total Time": 39.813, "Actual Rows": 100000, "Actual Loops": 1}]}]}, {"Node Type": "Hash", "Parent Relationship": "Inner", "Startup Cost": 37164.85, "Total Cost": 37164.85, "Plan Rows": 300000, "Plan Width": 8, "Actual Startup Time": 794.528, "Actual Total Time": 794.528, "Actual Rows": 300270, "Actual Loops": 1, "Hash Buckets": 524288, "Hash Batches": 1, "Original Hash Batches": 1, "Peak Memory Usage": 11730, "Plans": [{"Node Type": "Nested Loop", "Parent Relationship": "Outer", "Join Type": "Inner", "Startup Cost": 1031.44, "Total Cost": 37164.85, "Plan Rows": 300000, "Plan Width": 8, "Actual Startup Time": 18.39, "Actual Total Time": 703.096, "Actual Rows": 300270, "Actual Loops": 1, "Inner Unique": false, "Plans": [{"Node Type": "Hash Join", "Parent Relationship": "Outer", "Join Type": "Inner", "Startup Cost": 1.07, "Total Cost": 2.44, "Plan Rows": 5, "Plan Width": 4, "Actual Startup Time": 0.075, "Actual Total Time": 0.128, "Actual Rows": 5, "Actual Loops": 1, "Inner Unique": true, "Hash Cond": "(n1.n_regionkey = region.r_regionkey)", "Plans": [{"Node Type": "Seq Scan", "Parent Relationship": "Outer", "Relation Name": "nation", "Alias": "n1", "Startup Cost": 0.0, "Total Cost": 1.25, "Plan Rows": 25, "Plan Width": 8, "Actual Startup Time": 0.017, "Actual Total Time": 0.032, "Actual Rows": 25, "Actual Loops": 1}, {"Node Type": "Hash", "Parent Relationship": "Inner", "Startup Cost": 1.06, "Total Cost": 1.06, "Plan Rows": 1, "Plan Width": 4, "Actual Startup Time": 0.019, "Actual Total Time": 0.019, "Actual Rows": 1, "Actual Loops": 1, "Hash Buckets": 32768, "Hash Batches": 1, "Original Hash Batches": 1, "Peak Memory Usage": 1, "Plans": [{"Node Type": "Seq Scan", "Parent Relationship": "Outer", "Relation Name": "region", "Alias": "region", "Startup Cost": 0.0, "Total Cost": 1.06, "Plan Rows": 1, "Plan Width": 4, "Actual Startup Time": 0.011, "Actual Total Time": 0.013, "Actual Rows": 1, "Actual Loops": 1, "Filter": "(r_name = 'ASIA'::bpchar)", "Rows Removed by Filter": 4}]}]}, {"Node Type": "Bitmap Heap Scan", "Parent Relationship": "Inner", "Relation Name": "customer", "Alias": "customer", "Startup Cost": 1030.37, "Total Cost": 6832.48, "Plan Rows": 60000, "Plan Width": 12, "Actual Startup Time": 104.609, "Actual Total Time": 643.743, "Actual Rows": 300270, "Actual Loops": 5, "Recheck Cond": "(c_nationkey = n1.n_nationkey)", "Rows Removed by Index Recheck": 0, "Exact Heap Blocks": 150032, "Lossy Heap Blocks": 150032, "Plans": [{"Node Type": "Bitmap Index Scan", "Parent Relationship": "Outer", "Index Name": "idx_customer_nationkey", "Startup Cost": 0.0, "Total Cost": 1015.37, "Plan Rows": 60000, "Plan Width": 0, "Actual Startup Time": 71.894, "Actual Total Time": 71.894, "Actual Rows": 300270, "Actual Loops": 5, "Index Cond": "(c_nationkey = n1.n_nationkey)"}]}]}]}]}, {"Node Type": "Materialize", "Parent Relationship": "Inner", "Startup Cost": 0.0, "Total Cost": 1.38, "Plan Rows": 25, "Plan Width": 30, "Actual Startup Time": 3.075, "Actual Total Time": 28.02, "Actual Rows": 312102, "Actual Loops": 23929, "Plans": [{"Node Type": "Seq Scan", "Parent Relationship": "Outer", "Relation Name": "nation", "Alias": "n2", "Startup Cost": 0.0, "Total Cost": 1.25, "Plan Rows": 25, "Plan Width": 30, "Actual Startup Time": 0.011, "Actual Total Time": 0.015, "Actual Rows": 25, "Actual Loops": 1}]}]}]}]}, "Triggers": [], "Planner Runtime": 6, "Total Runtime": 7728.157, "Unique SQL Id": 3681808042}}, "(64, 7)": {"explain_plan": {"Plan": {"Node Type": "Sort", "Startup Cost": 66661878.45, "Total Cost": 66661878.48, "Plan Rows": 10, "Plan Width": 66, "Sort Key": ["(date_part('year'::text, orders.o_orderdate))"], "Plans": [{"Node Type": "Aggregate", "Strategy": "Hashed", "Parent Relationship": "Outer", "Startup Cost": 66661878.14, "Total Cost": 66661878.29, "Plan Rows": 10, "Plan Width": 66, "Group By Key": ["date_part('year'::text, orders.o_orderdate)"], "Plans": [{"Node Type": "Nested Loop", "Parent Relationship": "Outer", "Join Type": "Inner", "Startup Cost": 115915.31, "Total Cost": 66661758.32, "Plan Rows": 5991, "Plan Width": 50, "Inner Unique": true, "Plans": [{"Node Type": "Nested Loop", "Parent Relationship": "Outer", "Join Type": "Inner", "Startup Cost": 115915.05, "Total Cost": 66636099.88, "Plan Rows": 5991, "Plan Width": 28, "Inner Unique": true, "Plans": [{"Node Type": "Nested Loop", "Parent Relationship": "Outer", "Join Type": "Inner", "Startup Cost": 115914.79, "Total Cost": 66562068.23, "Plan Rows": 17296, "Plan Width": 32, "Inner Unique": true, "Plans": [{"Node Type": "Nested Loop", "Parent Relationship": "Outer", "Join Type": "Inner", "Startup Cost": 115914.53, "Total Cost": 45938880.46, "Plan Rows": 4814867, "Plan Width": 40, "Inner Unique": false, "Plans": [{"Node Type": "Nested Loop", "Parent Relationship": "Outer", "Join Type": "Inner", "Startup Cost": 115914.01, "Total Cost": 43432501.27, "Plan Rows": 530296, "Plan Width": 16, "Inner Unique": true, "Plans": [{"Node Type": "Nested Loop", "Parent Relationship": "Outer", "Join Type": "Inner", "Startup Cost": 115913.43, "Total Cost": 31228406.3, "Plan Rows": 2651479, "Plan Width": 20, "Inner Unique": true, "Plans": [{"Node Type": "Nested Loop", "Parent Relationship": "Outer", "Join Type": "Inner", "Startup Cost": 115913.17, "Total Cost": 19879399.17, "Plan Rows": 2651479, "Plan Width": 20, "Inner Unique": true, "Plans": [{"Node Type": "Bitmap Heap Scan", "Parent Relationship": "Outer", "Relation Name": "orders", "Alias": "orders", "Startup Cost": 115912.91, "Total Cost": 460311.42, "Plan Rows": 4531967, "Plan Width": 24, "Recheck Cond": "((o_orderdate >= '1995-01-01 00:00:00'::timestamp(0) without time zone) AND (o_orderdate <= '1996-12-31 00:00:00'::timestamp(0) without time zone)), (LLVM Optimized)", "Plans": [{"Node Type": "Bitmap Index Scan", "Parent Relationship": "Outer", "Index Name": "idx_orders_orderdate", "Startup Cost": 0.0, "Total Cost": 114779.92, "Plan Rows": 4531967, "Plan Width": 0, "Index Cond": "((o_orderdate >= '1995-01-01 00:00:00'::timestamp(0) without time zone) AND (o_orderdate <= '1996-12-31 00:00:00'::timestamp(0) without time zone))"}]}, {"Node Type": "Bitmap Heap Scan", "Parent Relationship": "Inner", "Relation Name": "customer", "Alias": "customer", "Startup Cost": 0.26, "Total Cost": 4.27, "Plan Rows": 1, "Plan Width": 12, "Recheck Cond": "(c_custkey = orders.o_custkey)", "Plans": [{"Node Type": "Bitmap Index Scan", "Parent Relationship": "Outer", "Index Name": "customer_pkey", "Startup Cost": 0.0, "Total Cost": 0.26, "Plan Rows": 1, "Plan Width": 0, "Index Cond": "(c_custkey = orders.o_custkey)"}]}]}, {"Node Type": "Bitmap Heap Scan", "Parent Relationship": "Inner", "Relation Name": "nation", "Alias": "n1", "Startup Cost": 0.26, "Total Cost": 4.27, "Plan Rows": 1, "Plan Width": 8, "Recheck Cond": "(n_nationkey = customer.c_nationkey)", "Plans": [{"Node Type": "Bitmap Index Scan", "Parent Relationship": "Outer", "Index Name": "nation_pkey", "Startup Cost": 0.0, "Total Cost": 0.26, "Plan Rows": 1, "Plan Width": 0, "Index Cond": "(n_nationkey = customer.c_nationkey)"}]}]}, {"Node Type": "Bitmap Heap Scan", "Parent Relationship": "Inner", "Relation Name": "region", "Alias": "region", "Startup Cost": 0.58, "Total Cost": 4.59, "Plan Rows": 1, "Plan Width": 4, "Recheck Cond": "(r_regionkey = n1.n_regionkey)", "Filter": "(r_name = 'ASIA'::bpchar)", "Plans": [{"Node Type": "Bitmap Index Scan", "Parent Relationship": "Outer", "Index Name": "region_pkey", "Startup Cost": 0.0, "Total Cost": 0.58, "Plan Rows": 1, "Plan Width": 0, "Index Cond": "(r_regionkey = n1.n_regionkey)"}]}]}, {"Node Type": "Bitmap Heap Scan", "Parent Relationship": "Inner", "Relation Name": "lineitem", "Alias": "lineitem", "Startup Cost": 0.52, "Total Cost": 4.64, "Plan Rows": 9, "Plan Width": 40, "Recheck Cond": "(l_orderkey = orders.o_orderkey)", "Plans": [{"Node Type": "Bitmap Index Scan", "Parent Relationship": "Outer", "Index Name": "idx_lineitem_orderkey", "Startup Cost": 0.0, "Total Cost": 0.52, "Plan Rows": 9, "Plan Width": 0, "Index Cond": "(l_orderkey = orders.o_orderkey)"}]}]}, {"Node Type": "Bitmap Heap Scan", "Parent Relationship": "Inner", "Relation Name": "part", "Alias": "part", "Startup Cost": 0.26, "Total Cost": 4.27, "Plan Rows": 1, "Plan Width": 8, "Recheck Cond": "(p_partkey = lineitem.l_partkey)", "Filter": "((p_type)::text = 'SMALL PLATED COPPER'::text)", "Plans": [{"Node Type": "Bitmap Index Scan", "Parent Relationship": "Outer", "Index Name": "part_kpey", "Startup Cost": 0.0, "Total Cost": 0.26, "Plan Rows": 1, "Plan Width": 0, "Index Cond": "(p_partkey = lineitem.l_partkey)"}]}]}, {"Node Type": "Bitmap Heap Scan", "Parent Relationship": "Inner", "Relation Name": "supplier", "Alias": "supplier", "Startup Cost": 0.26, "Total Cost": 4.27, "Plan Rows": 1, "Plan Width": 12, "Recheck Cond": "(s_suppkey = lineitem.l_suppkey)", "Plans": [{"Node Type": "Bitmap Index Scan", "Parent Relationship": "Outer", "Index Name": "supplier_pkey", "Startup Cost": 0.0, "Total Cost": 0.26, "Plan Rows": 1, "Plan Width": 0, "Index Cond": "(s_suppkey = lineitem.l_suppkey)"}]}]}, {"Node Type": "Bitmap Heap Scan", "Parent Relationship": "Inner", "Relation Name": "nation", "Alias": "n2", "Startup Cost": 0.26, "Total Cost": 4.27, "Plan Rows": 1, "Plan Width": 30, "Recheck Cond": "(n_nationkey = supplier.s_nationkey)", "Plans": [{"Node Type": "Bitmap Index Scan", "Parent Relationship": "Outer", "Index Name": "nation_pkey", "Startup Cost": 0.0, "Total Cost": 0.26, "Plan Rows": 1, "Plan Width": 0, "Index Cond": "(n_nationkey = supplier.s_nationkey)"}]}]}]}]}, "Unique SQL Id": 3681808042, "Planner Runtime": 4}, "explain_analyze_plan": null}, "(64, 8)": {"explain_plan": {"Plan": {"Node Type": "Sort", "Startup Cost": 486630.31, "Total Cost": 486630.33, "Plan Rows": 10, "Plan Width": 66, "Sort Key": ["(date_part('year'::text, orders.o_orderdate))"], "Plans": [{"Node Type": "Aggregate", "Strategy": "Hashed", "Parent Relationship": "Outer", "Startup Cost": 486629.99, "Total Cost": 486630.14, "Plan Rows": 10, "Plan Width": 66, "Group By Key": ["date_part('year'::text, orders.o_orderdate)"], "Plans": [{"Node Type": "Hash Join", "Parent Relationship": "Outer", "Join Type": "Inner", "Startup Cost": 4536.12, "Total Cost": 486510.17, "Plan Rows": 5991, "Plan Width": 50, "Inner Unique": true, "Hash Cond": "(supplier.s_nationkey = n2.n_nationkey)", "Plans": [{"Node Type": "Nested Loop", "Parent Relationship": "Outer", "Join Type": "Inner", "Startup Cost": 4534.56, "Total Cost": 486417.81, "Plan Rows": 5991, "Plan Width": 28, "Inner Unique": false, "Join Filter": "(n1.n_regionkey = region.r_regionkey)", "Plans": [{"Node Type": "Seq Scan", "Parent Relationship": "Outer", "Relation Name": "region", "Alias": "region", "Startup Cost": 0.0, "Total Cost": 1.06, "Plan Rows": 1, "Plan Width": 4, "Filter": "(r_name = 'ASIA'::bpchar)"}, {"Node Type": "Hash Join", "Parent Relationship": "Inner", "Join Type": "Inner", "Startup Cost": 4534.56, "Total Cost": 486042.32, "Plan Rows": 29954, "Plan Width": 32, "Inner Unique": true, "Hash Cond": "(customer.c_nationkey = n1.n_nationkey)", "Plans": [{"Node Type": "Nested Loop", "Parent Relationship": "Outer", "Join Type": "Inner", "Startup Cost": 4533.0, "Total Cost": 485661.65, "Plan Rows": 29954, "Plan Width": 32, "Inner Unique": true, "Plans": [{"Node Type": "Hash Join", "Parent Relationship": "Outer", "Join Type": "Inner", "Startup Cost": 4533.0, "Total Cost": 469409.78, "Plan Rows": 51198, "Plan Width": 36, "Inner Unique": true, "Hash Cond": "(lineitem.l_suppkey = supplier.s_suppkey)", "Plans": [{"Node Type": "Nested Loop", "Parent Relationship": "Outer", "Join Type": "Inner", "Startup Cost": 0.0, "Total Cost": 464497.44, "Plan Rows": 86479, "Plan Width": 40, "Inner Unique": true, "Plans": [{"Node Type": "Nested Loop", "Parent Relationship": "Outer", "Join Type": "Inner", "Startup Cost": 0.0, "Total Cost": 441564.57, "Plan Rows": 74637, "Plan Width": 32, "Inner Unique": false, "Plans": [{"Node Type": "Seq Scan", "Parent Relationship": "Outer", "Relation Name": "part", "Alias": "part", "Startup Cost": 0.0, "Total Cost": 66944.0, "Plan Rows": 13538, "Plan Width": 8, "Filter": "((p_type)::text = 'SMALL PLATED COPPER'::text)"}, {"Node Type": "Index Scan", "Parent Relationship": "Inner", "Scan Direction": "Forward", "Index Name": "idx_lineitem_part_supp", "Relation Name": "lineitem", "Alias": "lineitem", "Startup Cost": 0.0, "Total Cost": 27.61, "Plan Rows": 6, "Plan Width": 40, "Index Cond": "(l_partkey = part.p_partkey)"}]}, {"Node Type": "Index Scan", "Parent Relationship": "Inner", "Scan Direction": "Forward", "Index Name": "orders_pkey", "Relation Name": "orders", "Alias": "orders", "Startup Cost": 0.0, "Total Cost": 0.3, "Plan Rows": 1, "Plan Width": 24, "Index Cond": "(o_orderkey = lineitem.l_orderkey)", "Filter": "((o_orderdate >= '1995-01-01 00:00:00'::timestamp(0) without time zone) AND (o_orderdate <= '1996-12-31 00:00:00'::timestamp(0) without time zone))"}]}, {"Node Type": "Hash", "Parent Relationship": "Inner", "Startup Cost": 3283.0, "Total Cost": 3283.0, "Plan Rows": 100000, "Plan Width": 12, "Plans": [{"Node Type": "Seq Scan", "Parent Relationship": "Outer", "Relation Name": "supplier", "Alias": "supplier", "Startup Cost": 0.0, "Total Cost": 3283.0, "Plan Rows": 100000, "Plan Width": 12}]}]}, {"Node Type": "Index Scan", "Parent Relationship": "Inner", "Scan Direction": "Forward", "Index Name": "customer_pkey", "Relation Name": "customer", "Alias": "customer", "Startup Cost": 0.0, "Total Cost": 0.31, "Plan Rows": 1, "Plan Width": 12, "Index Cond": "(c_custkey = orders.o_custkey)"}]}, {"Node Type": "Hash", "Parent Relationship": "Inner", "Startup Cost": 1.25, "Total Cost": 1.25, "Plan Rows": 25, "Plan Width": 8, "Plans": [{"Node Type": "Seq Scan", "Parent Relationship": "Outer", "Relation Name": "nation", "Alias": "n1", "Startup Cost": 0.0, "Total Cost": 1.25, "Plan Rows": 25, "Plan Width": 8}]}]}]}, {"Node Type": "Hash", "Parent Relationship": "Inner", "Startup Cost": 1.25, "Total Cost": 1.25, "Plan Rows": 25, "Plan Width": 30, "Plans": [{"Node Type": "Seq Scan", "Parent Relationship": "Outer", "Relation Name": "nation", "Alias": "n2", "Startup Cost": 0.0, "Total Cost": 1.25, "Plan Rows": 25, "Plan Width": 30}]}]}]}]}, "Unique SQL Id": 3681808042, "Planner Runtime": 7}, "explain_analyze_plan": {"Plan": {"Node Type": "Sort", "Startup Cost": 486630.31, "Total Cost": 486630.33, "Plan Rows": 10, "Plan Width": 66, "Actual Startup Time": 6864.764, "Actual Total Time": 6864.764, "Actual Rows": 2, "Actual Loops": 1, "Sort Key": ["(date_part('year'::text, orders.o_orderdate))"], "Sort Method": "quicksort", "Sort Space Used": 25, "Sort Space Type": "Memory", "Plans": [{"Node Type": "Aggregate", "Strategy": "Hashed", "Parent Relationship": "Outer", "Startup Cost": 486629.99, "Total Cost": 486630.14, "Plan Rows": 10, "Plan Width": 66, "Actual Startup Time": 6864.748, "Actual Total Time": 6864.749, "Actual Rows": 2, "Actual Loops": 1, "Group By Key": ["date_part('year'::text, orders.o_orderdate)"], "Plans": [{"Node Type": "Hash Join", "Parent Relationship": "Outer", "Join Type": "Inner", "Startup Cost": 4536.12, "Total Cost": 486510.17, "Plan Rows": 5991, "Plan Width": 50, "Actual Startup Time": 67.0, "Actual Total Time": 6830.243, "Actual Rows": 23929, "Actual Loops": 1, "Inner Unique": true, "Hash Cond": "(supplier.s_nationkey = n2.n_nationkey)", "Plans": [{"Node Type": "Nested Loop", "Parent Relationship": "Outer", "Join Type": "Inner", "Startup Cost": 4534.56, "Total Cost": 486417.81, "Plan Rows": 5991, "Plan Width": 28, "Actual Startup Time": 66.92, "Actual Total Time": 6795.81, "Actual Rows": 23929, "Actual Loops": 1, "Inner Unique": false, "Join Filter": "(n1.n_regionkey = region.r_regionkey)", "Rows Removed by Join Filter": 95836, "Plans": [{"Node Type": "Seq Scan", "Parent Relationship": "Outer", "Relation Name": "region", "Alias": "region", "Startup Cost": 0.0, "Total Cost": 1.06, "Plan Rows": 1, "Plan Width": 4, "Actual Startup Time": 0.008, "Actual Total Time": 0.01, "Actual Rows": 1, "Actual Loops": 1, "Filter": "(r_name = 'ASIA'::bpchar)", "Rows Removed by Filter": 4}, {"Node Type": "Hash Join", "Parent Relationship": "Inner", "Join Type": "Inner", "Startup Cost": 4534.56, "Total Cost": 486042.32, "Plan Rows": 29954, "Plan Width": 32, "Actual Startup Time": 66.706, "Actual Total Time": 6763.963, "Actual Rows": 119765, "Actual Loops": 1, "Inner Unique": true, "Hash Cond": "(customer.c_nationkey = n1.n_nationkey)", "Plans": [{"Node Type": "Nested Loop", "Parent Relationship": "Outer", "Join Type": "Inner", "Startup Cost": 4533.0, "Total Cost": 485661.65, "Plan Rows": 29954, "Plan Width": 32, "Actual Startup Time": 66.644, "Actual Total Time": 6694.943, "Actual Rows": 119765, "Actual Loops": 1, "Inner Unique": true, "Plans": [{"Node Type": "Hash Join", "Parent Relationship": "Outer", "Join Type": "Inner", "Startup Cost": 4533.0, "Total Cost": 469409.78, "Plan Rows": 51198, "Plan Width": 36, "Actual Startup Time": 66.611, "Actual Total Time": 5686.148, "Actual Rows": 119765, "Actual Loops": 1, "Inner Unique": true, "Hash Cond": "(lineitem.l_suppkey = supplier.s_suppkey)", "Plans": [{"Node Type": "Nested Loop", "Parent Relationship": "Outer", "Join Type": "Inner", "Startup Cost": 0.0, "Total Cost": 464497.44, "Plan Rows": 86479, "Plan Width": 40, "Actual Startup Time": 0.149, "Actual Total Time": 5541.572, "Actual Rows": 119765, "Actual Loops": 1, "Inner Unique": true, "Plans": [{"Node Type": "Nested Loop", "Parent Relationship": "Outer", "Join Type": "Inner", "Startup Cost": 0.0, "Total Cost": 441564.57, "Plan Rows": 74637, "Plan Width": 32, "Actual Startup Time": 0.033, "Actual Total Time": 2018.871, "Actual Rows": 395341, "Actual Loops": 1, "Inner Unique": false, "Plans": [{"Node Type": "Seq Scan", "Parent Relationship": "Outer", "Relation Name": "part", "Alias": "part", "Startup Cost": 0.0, "Total Cost": 66944.0, "Plan Rows": 13538, "Plan Width": 8, "Actual Startup Time": 0.014, "Actual Total Time": 773.39, "Actual Rows": 13163, "Actual Loops": 1, "Filter": "((p_type)::text = 'SMALL PLATED COPPER'::text)", "Rows Removed by Filter": 1986837}, {"Node Type": "Index Scan", "Parent Relationship": "Inner", "Scan Direction": "Forward", "Index Name": "idx_lineitem_part_supp", "Relation Name": "lineitem", "Alias": "lineitem", "Startup Cost": 0.0, "Total Cost": 27.61, "Plan Rows": 6, "Plan Width": 40, "Actual Startup Time": 157.237, "Actual Total Time": 1142.534, "Actual Rows": 395341, "Actual Loops": 13163, "Index Cond": "(l_partkey = part.p_partkey)", "Rows Removed by Index Recheck": 0}]}, {"Node Type": "Index Scan", "Parent Relationship": "Inner", "Scan Direction": "Forward", "Index Name": "orders_pkey", "Relation Name": "orders", "Alias": "orders", "Startup Cost": 0.0, "Total Cost": 0.3, "Plan Rows": 1, "Plan Width": 24, "Actual Startup Time": 3288.207, "Actual Total Time": 3288.207, "Actual Rows": 119765, "Actual Loops": 395341, "Index Cond": "(o_orderkey = lineitem.l_orderkey)", "Rows Removed by Index Recheck": 0, "Filter": "((o_orderdate >= '1995-01-01 00:00:00'::timestamp(0) without time zone) AND (o_orderdate <= '1996-12-31 00:00:00'::timestamp(0) without time zone))", "Rows Removed by Filter": 275576}]}, {"Node Type": "Hash", "Parent Relationship": "Inner", "Startup Cost": 3283.0, "Total Cost": 3283.0, "Plan Rows": 100000, "Plan Width": 12, "Actual Startup Time": 66.355, "Actual Total Time": 66.355, "Actual Rows": 100000, "Actual Loops": 1, "Hash Buckets": 131072, "Hash Batches": 1, "Original Hash Batches": 1, "Peak Memory Usage": 4297, "Plans": [{"Node Type": "Seq Scan", "Parent Relationship": "Outer", "Relation Name": "supplier", "Alias": "supplier", "Startup Cost": 0.0, "Total Cost": 3283.0, "Plan Rows": 100000, "Plan Width": 12, "Actual Startup Time": 0.011, "Actual Total Time": 39.877, "Actual Rows": 100000, "Actual Loops": 1}]}]}, {"Node Type": "Index Scan", "Parent Relationship": "Inner", "Scan Direction": "Forward", "Index Name": "customer_pkey", "Relation Name": "customer", "Alias": "customer", "Startup Cost": 0.0, "Total Cost": 0.31, "Plan Rows": 1, "Plan Width": 12, "Actual Startup Time": 899.108, "Actual Total Time": 899.108, "Actual Rows": 119765, "Actual Loops": 119765, "Index Cond": "(c_custkey = orders.o_custkey)", "Rows Removed by Index Recheck": 0}]}, {"Node Type": "Hash", "Parent Relationship": "Inner", "Startup Cost": 1.25, "Total Cost": 1.25, "Plan Rows": 25, "Plan Width": 8, "Actual Startup Time": 0.02, "Actual Total Time": 0.02, "Actual Rows": 25, "Actual Loops": 1, "Hash Buckets": 32768, "Hash Batches": 1, "Original Hash Batches": 1, "Peak Memory Usage": 1, "Plans": [{"Node Type": "Seq Scan", "Parent Relationship": "Outer", "Relation Name": "nation", "Alias": "n1", "Startup Cost": 0.0, "Total Cost": 1.25, "Plan Rows": 25, "Plan Width": 8, "Actual Startup Time": 0.007, "Actual Total Time": 0.011, "Actual Rows": 25, "Actual Loops": 1}]}]}]}, {"Node Type": "Hash", "Parent Relationship": "Inner", "Startup Cost": 1.25, "Total Cost": 1.25, "Plan Rows": 25, "Plan Width": 30, "Actual Startup Time": 0.034, "Actual Total Time": 0.034, "Actual Rows": 25, "Actual Loops": 1, "Hash Buckets": 32768, "Hash Batches": 1, "Original Hash Batches": 1, "Peak Memory Usage": 2, "Plans": [{"Node Type": "Seq Scan", "Parent Relationship": "Outer", "Relation Name": "nation", "Alias": "n2", "Startup Cost": 0.0, "Total Cost": 1.25, "Plan Rows": 25, "Plan Width": 30, "Actual Startup Time": 0.014, "Actual Total Time": 0.021, "Actual Rows": 25, "Actual Loops": 1}]}]}]}]}, "Triggers": [], "Planner Runtime": 5, "Total Runtime": 6865.211, "Unique SQL Id": 3681808042}}, "(64, 9)": {"explain_plan": {"Plan": {"Node Type": "Sort", "Startup Cost": 527575.13, "Total Cost": 527575.15, "Plan Rows": 10, "Plan Width": 66, "Sort Key": ["(date_part('year'::text, orders.o_orderdate))"], "Plans": [{"Node Type": "Aggregate", "Strategy": "Hashed", "Parent Relationship": "Outer", "Startup Cost": 527574.81, "Total Cost": 527574.96, "Plan Rows": 10, "Plan Width": 66, "Group By Key": ["date_part('year'::text, orders.o_orderdate)"], "Plans": [{"Node Type": "Hash Join", "Parent Relationship": "Outer", "Join Type": "Inner", "Startup Cost": 6610.42, "Total Cost": 527454.99, "Plan Rows": 5991, "Plan Width": 50, "Inner Unique": true, "Hash Cond": "(supplier.s_nationkey = n2.n_nationkey)", "Plans": [{"Node Type": "Nested Loop", "Parent Relationship": "Outer", "Join Type": "Inner", "Startup Cost": 6597.48, "Total Cost": 527351.25, "Plan Rows": 5991, "Plan Width": 28, "Inner Unique": false, "Join Filter": "(n1.n_regionkey = region.r_regionkey)", "Plans": [{"Node Type": "Index Scan", "Parent Relationship": "Outer", "Scan Direction": "Forward", "Index Name": "region_pkey", "Relation Name": "region", "Alias": "region", "Startup Cost": 0.0, "Total Cost": 12.34, "Plan Rows": 1, "Plan Width": 4, "Filter": "(r_name = 'ASIA'::bpchar)"}, {"Node Type": "Hash Join", "Parent Relationship": "Inner", "Join Type": "Inner", "Startup Cost": 6597.48, "Total Cost": 526964.49, "Plan Rows": 29954, "Plan Width": 32, "Inner Unique": true, "Hash Cond": "(customer.c_nationkey = n1.n_nationkey)", "Plans": [{"Node Type": "Nested Loop", "Parent Relationship": "Outer", "Join Type": "Inner", "Startup Cost": 6584.54, "Total Cost": 526572.45, "Plan Rows": 29954, "Plan Width": 32, "Inner Unique": true, "Plans": [{"Node Type": "Hash Join", "Parent Relationship": "Outer", "Join Type": "Inner", "Startup Cost": 6584.54, "Total Cost": 510320.57, "Plan Rows": 51198, "Plan Width": 36, "Inner Unique": true, "Hash Cond": "(lineitem.l_suppkey = supplier.s_suppkey)", "Plans": [{"Node Type": "Nested Loop", "Parent Relationship": "Outer", "Join Type": "Inner", "Startup Cost": 0.0, "Total Cost": 503356.69, "Plan Rows": 86479, "Plan Width": 40, "Inner Unique": true, "Plans": [{"Node Type": "Nested Loop", "Parent Relationship": "Outer", "Join Type": "Inner", "Startup Cost": 0.0, "Total Cost": 480423.82, "Plan Rows": 74637, "Plan Width": 32, "Inner Unique": false, "Plans": [{"Node Type": "Index Scan", "Parent Relationship": "Outer", "Scan Direction": "Forward", "Index Name": "part_kpey", "Relation Name": "part", "Alias": "part", "Startup Cost": 0.0, "Total Cost": 105803.25, "Plan Rows": 13538, "Plan Width": 8, "Filter": "((p_type)::text = 'SMALL PLATED COPPER'::text)"}, {"Node Type": "Index Scan", "Parent Relationship": "Inner", "Scan Direction": "Forward", "Index Name": "idx_lineitem_part_supp", "Relation Name": "lineitem", "Alias": "lineitem", "Startup Cost": 0.0, "Total Cost": 27.61, "Plan Rows": 6, "Plan Width": 40, "Index Cond": "(l_partkey = part.p_partkey)"}]}, {"Node Type": "Index Scan", "Parent Relationship": "Inner", "Scan Direction": "Forward", "Index Name": "orders_pkey", "Relation Name": "orders", "Alias": "orders", "Startup Cost": 0.0, "Total Cost": 0.3, "Plan Rows": 1, "Plan Width": 24, "Index Cond": "(o_orderkey = lineitem.l_orderkey)", "Filter": "((o_orderdate >= '1995-01-01 00:00:00'::timestamp(0) without time zone) AND (o_orderdate <= '1996-12-31 00:00:00'::timestamp(0) without time zone))"}]}, {"Node Type": "Hash", "Parent Relationship": "Inner", "Startup Cost": 5334.54, "Total Cost": 5334.54, "Plan Rows": 100000, "Plan Width": 12, "Plans": [{"Node Type": "Index Scan", "Parent Relationship": "Outer", "Scan Direction": "Forward", "Index Name": "supplier_pkey", "Relation Name": "supplier", "Alias": "supplier", "Startup Cost": 0.0, "Total Cost": 5334.54, "Plan Rows": 100000, "Plan Width": 12}]}]}, {"Node Type": "Index Scan", "Parent Relationship": "Inner", "Scan Direction": "Forward", "Index Name": "customer_pkey", "Relation Name": "customer", "Alias": "customer", "Startup Cost": 0.0, "Total Cost": 0.31, "Plan Rows": 1, "Plan Width": 12, "Index Cond": "(c_custkey = orders.o_custkey)"}]}, {"Node Type": "Hash", "Parent Relationship": "Inner", "Startup Cost": 12.62, "Total Cost": 12.62, "Plan Rows": 25, "Plan Width": 8, "Plans": [{"Node Type": "Index Scan", "Parent Relationship": "Outer", "Scan Direction": "Forward", "Index Name": "idx_nation_regionkey", "Relation Name": "nation", "Alias": "n1", "Startup Cost": 0.0, "Total Cost": 12.62, "Plan Rows": 25, "Plan Width": 8}]}]}]}, {"Node Type": "Hash", "Parent Relationship": "Inner", "Startup Cost": 12.62, "Total Cost": 12.62, "Plan Rows": 25, "Plan Width": 30, "Plans": [{"Node Type": "Index Scan", "Parent Relationship": "Outer", "Scan Direction": "Forward", "Index Name": "nation_pkey", "Relation Name": "nation", "Alias": "n2", "Startup Cost": 0.0, "Total Cost": 12.62, "Plan Rows": 25, "Plan Width": 30}]}]}]}]}, "Unique SQL Id": 3681808042, "Planner Runtime": 7}, "explain_analyze_plan": {"Plan": {"Node Type": "Sort", "Startup Cost": 527575.13, "Total Cost": 527575.15, "Plan Rows": 10, "Plan Width": 66, "Actual Startup Time": 7581.242, "Actual Total Time": 7581.242, "Actual Rows": 2, "Actual Loops": 1, "Sort Key": ["(date_part('year'::text, orders.o_orderdate))"], "Sort Method": "quicksort", "Sort Space Used": 25, "Sort Space Type": "Memory", "Plans": [{"Node Type": "Aggregate", "Strategy": "Hashed", "Parent Relationship": "Outer", "Startup Cost": 527574.81, "Total Cost": 527574.96, "Plan Rows": 10, "Plan Width": 66, "Actual Startup Time": 7581.225, "Actual Total Time": 7581.226, "Actual Rows": 2, "Actual Loops": 1, "Group By Key": ["date_part('year'::text, orders.o_orderdate)"], "Plans": [{"Node Type": "Hash Join", "Parent Relationship": "Outer", "Join Type": "Inner", "Startup Cost": 6610.42, "Total Cost": 527454.99, "Plan Rows": 5991, "Plan Width": 50, "Actual Startup Time": 110.337, "Actual Total Time": 7546.674, "Actual Rows": 23929, "Actual Loops": 1, "Inner Unique": true, "Hash Cond": "(supplier.s_nationkey = n2.n_nationkey)", "Plans": [{"Node Type": "Nested Loop", "Parent Relationship": "Outer", "Join Type": "Inner", "Startup Cost": 6597.48, "Total Cost": 527351.25, "Plan Rows": 5991, "Plan Width": 28, "Actual Startup Time": 110.244, "Actual Total Time": 7512.896, "Actual Rows": 23929, "Actual Loops": 1, "Inner Unique": false, "Join Filter": "(n1.n_regionkey = region.r_regionkey)", "Rows Removed by Join Filter": 95836, "Plans": [{"Node Type": "Index Scan", "Parent Relationship": "Outer", "Scan Direction": "Forward", "Index Name": "region_pkey", "Relation Name": "region", "Alias": "region", "Startup Cost": 0.0, "Total Cost": 12.34, "Plan Rows": 1, "Plan Width": 4, "Actual Startup Time": 0.008, "Actual Total Time": 0.015, "Actual Rows": 1, "Actual Loops": 1, "Filter": "(r_name = 'ASIA'::bpchar)", "Rows Removed by Filter": 4}, {"Node Type": "Hash Join", "Parent Relationship": "Inner", "Join Type": "Inner", "Startup Cost": 6597.48, "Total Cost": 526964.49, "Plan Rows": 29954, "Plan Width": 32, "Actual Startup Time": 110.017, "Actual Total Time": 7480.171, "Actual Rows": 119765, "Actual Loops": 1, "Inner Unique": true, "Hash Cond": "(customer.c_nationkey = n1.n_nationkey)", "Plans": [{"Node Type": "Nested Loop", "Parent Relationship": "Outer", "Join Type": "Inner", "Startup Cost": 6584.54, "Total Cost": 526572.45, "Plan Rows": 29954, "Plan Width": 32, "Actual Startup Time": 109.959, "Actual Total Time": 7409.138, "Actual Rows": 119765, "Actual Loops": 1, "Inner Unique": true, "Plans": [{"Node Type": "Hash Join", "Parent Relationship": "Outer", "Join Type": "Inner", "Startup Cost": 6584.54, "Total Cost": 510320.57, "Plan Rows": 51198, "Plan Width": 36, "Actual Startup Time": 109.931, "Actual Total Time": 6406.487, "Actual Rows": 119765, "Actual Loops": 1, "Inner Unique": true, "Hash Cond": "(lineitem.l_suppkey = supplier.s_suppkey)", "Plans": [{"Node Type": "Nested Loop", "Parent Relationship": "Outer", "Join Type": "Inner", "Startup Cost": 0.0, "Total Cost": 503356.69, "Plan Rows": 86479, "Plan Width": 40, "Actual Startup Time": 0.156, "Actual Total Time": 6213.592, "Actual Rows": 119765, "Actual Loops": 1, "Inner Unique": true, "Plans": [{"Node Type": "Nested Loop", "Parent Relationship": "Outer", "Join Type": "Inner", "Startup Cost": 0.0, "Total Cost": 480423.82, "Plan Rows": 74637, "Plan Width": 32, "Actual Startup Time": 0.041, "Actual Total Time": 2695.99, "Actual Rows": 395341, "Actual Loops": 1, "Inner Unique": false, "Plans": [{"Node Type": "Index Scan", "Parent Relationship": "Outer", "Scan Direction": "Forward", "Index Name": "part_kpey", "Relation Name": "part", "Alias": "part", "Startup Cost": 0.0, "Total Cost": 105803.25, "Plan Rows": 13538, "Plan Width": 8, "Actual Startup Time": 0.026, "Actual Total Time": 1440.569, "Actual Rows": 13163, "Actual Loops": 1, "Filter": "((p_type)::text = 'SMALL PLATED COPPER'::text)", "Rows Removed by Filter": 1986837}, {"Node Type": "Index Scan", "Parent Relationship": "Inner", "Scan Direction": "Forward", "Index Name": "idx_lineitem_part_supp", "Relation Name": "lineitem", "Alias": "lineitem", "Startup Cost": 0.0, "Total Cost": 27.61, "Plan Rows": 6, "Plan Width": 40, "Actual Startup Time": 155.451, "Actual Total Time": 1155.312, "Actual Rows": 395341, "Actual Loops": 13163, "Index Cond": "(l_partkey = part.p_partkey)", "Rows Removed by Index Recheck": 0}]}, {"Node Type": "Index Scan", "Parent Relationship": "Inner", "Scan Direction": "Forward", "Index Name": "orders_pkey", "Relation Name": "orders", "Alias": "orders", "Startup Cost": 0.0, "Total Cost": 0.3, "Plan Rows": 1, "Plan Width": 24, "Actual Startup Time": 3279.079, "Actual Total Time": 3279.079, "Actual Rows": 119765, "Actual Loops": 395341, "Index Cond": "(o_orderkey = lineitem.l_orderkey)", "Rows Removed by Index Recheck": 0, "Filter": "((o_orderdate >= '1995-01-01 00:00:00'::timestamp(0) without time zone) AND (o_orderdate <= '1996-12-31 00:00:00'::timestamp(0) without time zone))", "Rows Removed by Filter": 275576}]}, {"Node Type": "Hash", "Parent Relationship": "Inner", "Startup Cost": 5334.54, "Total Cost": 5334.54, "Plan Rows": 100000, "Plan Width": 12, "Actual Startup Time": 109.671, "Actual Total Time": 109.671, "Actual Rows": 100000, "Actual Loops": 1, "Hash Buckets": 131072, "Hash Batches": 1, "Original Hash Batches": 1, "Peak Memory Usage": 4297, "Plans": [{"Node Type": "Index Scan", "Parent Relationship": "Outer", "Scan Direction": "Forward", "Index Name": "supplier_pkey", "Relation Name": "supplier", "Alias": "supplier", "Startup Cost": 0.0, "Total Cost": 5334.54, "Plan Rows": 100000, "Plan Width": 12, "Actual Startup Time": 0.017, "Actual Total Time": 82.398, "Actual Rows": 100000, "Actual Loops": 1}]}]}, {"Node Type": "Index Scan", "Parent Relationship": "Inner", "Scan Direction": "Forward", "Index Name": "customer_pkey", "Relation Name": "customer", "Alias": "customer", "Startup Cost": 0.0, "Total Cost": 0.31, "Plan Rows": 1, "Plan Width": 12, "Actual Startup Time": 892.623, "Actual Total Time": 892.623, "Actual Rows": 119765, "Actual Loops": 119765, "Index Cond": "(c_custkey = orders.o_custkey)", "Rows Removed by Index Recheck": 0}]}, {"Node Type": "Hash", "Parent Relationship": "Inner", "Startup Cost": 12.62, "Total Cost": 12.62, "Plan Rows": 25, "Plan Width": 8, "Actual Startup Time": 0.024, "Actual Total Time": 0.024, "Actual Rows": 25, "Actual Loops": 1, "Hash Buckets": 32768, "Hash Batches": 1, "Original Hash Batches": 1, "Peak Memory Usage": 1, "Plans": [{"Node Type": "Index Scan", "Parent Relationship": "Outer", "Scan Direction": "Forward", "Index Name": "idx_nation_regionkey", "Relation Name": "nation", "Alias": "n1", "Startup Cost": 0.0, "Total Cost": 12.62, "Plan Rows": 25, "Plan Width": 8, "Actual Startup Time": 0.005, "Actual Total Time": 0.016, "Actual Rows": 25, "Actual Loops": 1}]}]}]}, {"Node Type": "Hash", "Parent Relationship": "Inner", "Startup Cost": 12.62, "Total Cost": 12.62, "Plan Rows": 25, "Plan Width": 30, "Actual Startup Time": 0.039, "Actual Total Time": 0.039, "Actual Rows": 25, "Actual Loops": 1, "Hash Buckets": 32768, "Hash Batches": 1, "Original Hash Batches": 1, "Peak Memory Usage": 2, "Plans": [{"Node Type": "Index Scan", "Parent Relationship": "Outer", "Scan Direction": "Forward", "Index Name": "nation_pkey", "Relation Name": "nation", "Alias": "n2", "Startup Cost": 0.0, "Total Cost": 12.62, "Plan Rows": 25, "Plan Width": 30, "Actual Startup Time": 0.01, "Actual Total Time": 0.028, "Actual Rows": 25, "Actual Loops": 1}]}]}]}]}, "Triggers": [], "Planner Runtime": 4, "Total Runtime": 7581.588, "Unique SQL Id": 3681808042}}, "(64, 10)": {"explain_plan": {"Plan": {"Node Type": "Sort", "Startup Cost": 2909305.92, "Total Cost": 2909305.94, "Plan Rows": 10, "Plan Width": 66, "Sort Key": ["(date_part('year'::text, orders.o_orderdate))"], "Plans": [{"Node Type": "Aggregate", "Strategy": "Hashed", "Parent Relationship": "Outer", "Startup Cost": 2909305.6, "Total Cost": 2909305.75, "Plan Rows": 10, "Plan Width": 66, "Group By Key": ["date_part('year'::text, orders.o_orderdate)"], "Plans": [{"Node Type": "Nested Loop", "Parent Relationship": "Outer", "Join Type": "Inner", "Startup Cost": 664846.82, "Total Cost": 2909185.78, "Plan Rows": 5991, "Plan Width": 50, "Inner Unique": true, "Join Filter": "(supplier.s_nationkey = n2.n_nationkey)", "Plans": [{"Node Type": "Hash Join", "Parent Relationship": "Outer", "Join Type": "Inner", "Startup Cost": 664846.82, "Total Cost": 2906922.86, "Plan Rows": 5991, "Plan Width": 28, "Inner Unique": true, "Hash Cond": "(lineitem.l_suppkey = supplier.s_suppkey)", "Plans": [{"Node Type": "Hash Join", "Parent Relationship": "Outer", "Join Type": "Inner", "Startup Cost": 660313.82, "Total Cost": 2902243.54, "Plan Rows": 17296, "Plan Width": 32, "Inner Unique": false, "Hash Cond": "(lineitem.l_orderkey = orders.o_orderkey)", "Plans": [{"Node Type": "Hash Join", "Parent Relationship": "Outer", "Join Type": "Inner", "Startup Cost": 67113.23, "Total Cost": 2307926.3, "Plan Rows": 74637, "Plan Width": 32, "Inner Unique": true, "Hash Cond": "(lineitem.l_partkey = part.p_partkey)", "Plans": [{"Node Type": "Seq Scan", "Parent Relationship": "Outer", "Relation Name": "lineitem", "Alias": "lineitem", "Startup Cost": 0.0, "Total Cost": 2015115.33, "Plan Rows": 59987033, "Plan Width": 40}, {"Node Type": "Hash", "Parent Relationship": "Inner", "Startup Cost": 66944.0, "Total Cost": 66944.0, "Plan Rows": 13538, "Plan Width": 8, "Plans": [{"Node Type": "Seq Scan", "Parent Relationship": "Outer", "Relation Name": "part", "Alias": "part", "Startup Cost": 0.0, "Total Cost": 66944.0, "Plan Rows": 13538, "Plan Width": 8, "Filter": "((p_type)::text = 'SMALL PLATED COPPER'::text)"}]}]}, {"Node Type": "Hash", "Parent Relationship": "Inner", "Startup Cost": 586571.9, "Total Cost": 586571.9, "Plan Rows": 530296, "Plan Width": 16, "Plans": [{"Node Type": "Hash Join", "Parent Relationship": "Outer", "Join Type": "Inner", "Startup Cost": 63058.19, "Total Cost": 586571.9, "Plan Rows": 530296, "Plan Width": 16, "Inner Unique": false, "Hash Cond": "(orders.o_custkey = customer.c_custkey), (LLVM Optimized)", "Plans": [{"Node Type": "Seq Scan", "Parent Relationship": "Outer", "Relation Name": "orders", "Alias": "orders", "Startup Cost": 195.31, "Total Cost": 501411.18, "Plan Rows": 4531967, "Plan Width": 24, "Filter": "((o_orderdate >= '1995-01-01 00:00:00'::timestamp(0) without time zone) AND (o_orderdate <= '1996-12-31 00:00:00'::timestamp(0) without time zone)), (LLVM Optimized)"}, {"Node Type": "Hash", "Parent Relationship": "Inner", "Startup Cost": 59112.88, "Total Cost": 59112.88, "Plan Rows": 300000, "Plan Width": 8, "Plans": [{"Node Type": "Hash Join", "Parent Relationship": "Outer", "Join Type": "Inner", "Startup Cost": 2.5, "Total Cost": 59112.88, "Plan Rows": 300000, "Plan Width": 8, "Inner Unique": false, "Hash Cond": "(customer.c_nationkey = n1.n_nationkey), (LLVM Optimized)", "Plans": [{"Node Type": "Seq Scan", "Parent Relationship": "Outer", "Relation Name": "customer", "Alias": "customer", "Startup Cost": 0.0, "Total Cost": 52126.0, "Plan Rows": 1500000, "Plan Width": 12}, {"Node Type": "Hash", "Parent Relationship": "Inner", "Startup Cost": 2.44, "Total Cost": 2.44, "Plan Rows": 5, "Plan Width": 4, "Plans": [{"Node Type": "Hash Join", "Parent Relationship": "Outer", "Join Type": "Inner", "Startup Cost": 1.07, "Total Cost": 2.44, "Plan Rows": 5, "Plan Width": 4, "Inner Unique": true, "Hash Cond": "(n1.n_regionkey = region.r_regionkey)", "Plans": [{"Node Type": "Seq Scan", "Parent Relationship": "Outer", "Relation Name": "nation", "Alias": "n1", "Startup Cost": 0.0, "Total Cost": 1.25, "Plan Rows": 25, "Plan Width": 8}, {"Node Type": "Hash", "Parent Relationship": "Inner", "Startup Cost": 1.06, "Total Cost": 1.06, "Plan Rows": 1, "Plan Width": 4, "Plans": [{"Node Type": "Seq Scan", "Parent Relationship": "Outer", "Relation Name": "region", "Alias": "region", "Startup Cost": 0.0, "Total Cost": 1.06, "Plan Rows": 1, "Plan Width": 4, "Filter": "(r_name = 'ASIA'::bpchar)"}]}]}]}]}]}]}]}]}, {"Node Type": "Hash", "Parent Relationship": "Inner", "Startup Cost": 3283.0, "Total Cost": 3283.0, "Plan Rows": 100000, "Plan Width": 12, "Plans": [{"Node Type": "Seq Scan", "Parent Relationship": "Outer", "Relation Name": "supplier", "Alias": "supplier", "Startup Cost": 0.0, "Total Cost": 3283.0, "Plan Rows": 100000, "Plan Width": 12}]}]}, {"Node Type": "Materialize", "Parent Relationship": "Inner", "Startup Cost": 0.0, "Total Cost": 1.38, "Plan Rows": 25, "Plan Width": 30, "Plans": [{"Node Type": "Seq Scan", "Parent Relationship": "Outer", "Relation Name": "nation", "Alias": "n2", "Startup Cost": 0.0, "Total Cost": 1.25, "Plan Rows": 25, "Plan Width": 30}]}]}]}]}, "Unique SQL Id": 3681808042, "Planner Runtime": 8}, "explain_analyze_plan": null}, "(64, 11)": {"explain_plan": {"Plan": {"Node Type": "Sort", "Startup Cost": 8018177364726.43, "Total Cost": 8018177364726.46, "Plan Rows": 10, "Plan Width": 66, "Sort Key": ["(date_part('year'::text, orders.o_orderdate))"], "Plans": [{"Node Type": "Aggregate", "Strategy": "Hashed", "Parent Relationship": "Outer", "Startup Cost": 8018177364726.12, "Total Cost": 8018177364726.27, "Plan Rows": 10, "Plan Width": 66, "Group By Key": ["date_part('year'::text, orders.o_orderdate)"], "Plans": [{"Node Type": "Nested Loop", "Parent Relationship": "Outer", "Join Type": "Inner", "Startup Cost": 80000000000.0, "Total Cost": 8018177364380.2, "Plan Rows": 17296, "Plan Width": 50, "Inner Unique": false, "Join Filter": "(supplier.s_suppkey = lineitem.l_suppkey)", "Plans": [{"Node Type": "Nested Loop", "Parent Relationship": "Outer", "Join Type": "Inner", "Startup Cost": 20000000000.0, "Total Cost": 2000000572216.94, "Plan Rows": 100000, "Plan Width": 34, "Inner Unique": true, "Join Filter": "(supplier.s_nationkey = n2.n_nationkey), (LLVM Optimized)", "Plans": [{"Node Type": "Index Scan", "Parent Relationship": "Outer", "Scan Direction": "Forward", "Index Name": "supplier_pkey", "Relation Name": "supplier", "Alias": "supplier", "Startup Cost": 10000000000.0, "Total Cost": 1000000533454.38, "Plan Rows": 100000, "Plan Width": 12}, {"Node Type": "Materialize", "Parent Relationship": "Inner", "Startup Cost": 10000000000.0, "Total Cost": 1000000001262.62, "Plan Rows": 25, "Plan Width": 30, "Plans": [{"Node Type": "Index Scan", "Parent Relationship": "Outer", "Scan Direction": "Forward", "Index Name": "nation_pkey", "Relation Name": "nation", "Alias": "n2", "Startup Cost": 10000000000.0, "Total Cost": 1000000001262.5, "Plan Rows": 25, "Plan Width": 30}]}]}, {"Node Type": "Materialize", "Parent Relationship": "Inner", "Startup Cost": 60000000000.0, "Total Cost": 6018150848163.26, "Plan Rows": 17296, "Plan Width": 32, "Plans": [{"Node Type": "Nested Loop", "Parent Relationship": "Outer", "Join Type": "Inner", "Startup Cost": 60000000000.0, "Total Cost": 6018150848076.78, "Plan Rows": 17296, "Plan Width": 32, "Inner Unique": false, "Join Filter": "(orders.o_custkey = customer.c_custkey)", "Plans": [{"Node Type": "Nested Loop", "Parent Relationship": "Outer", "Join Type": "Inner", "Startup Cost": 30000000000.0, "Total Cost": 3017753500294.51, "Plan Rows": 86479, "Plan Width": 40, "Inner Unique": false, "Join Filter": "(lineitem.l_orderkey = orders.o_orderkey)", "Plans": [{"Node Type": "Index Scan", "Parent Relationship": "Outer", "Scan Direction": "Forward", "Index Name": "idx_orders_custkey", "Relation Name": "orders", "Alias": "orders", "Startup Cost": 10000000000.0, "Total Cost": 1000163551268.58, "Plan Rows": 4531967, "Plan Width": 24, "Filter": "((o_orderdate >= '1995-01-01 00:00:00'::timestamp(0) without time zone) AND (o_orderdate <= '1996-12-31 00:00:00'::timestamp(0) without time zone)), (LLVM Optimized)"}, {"Node Type": "Materialize", "Parent Relationship": "Inner", "Startup Cost": 20000000000.0, "Total Cost": 2012516162897.84, "Plan Rows": 74637, "Plan Width": 32, "Plans": [{"Node Type": "Nested Loop", "Parent Relationship": "Outer", "Join Type": "Inner", "Startup Cost": 20000000000.0, "Total Cost": 2012516162524.66, "Plan Rows": 74637, "Plan Width": 32, "Inner Unique": true, "Join Filter": "(part.p_partkey = lineitem.l_partkey)", "Plans": [{"Node Type": "Index Scan", "Parent Relationship": "Outer", "Scan Direction": "Forward", "Index Name": "idx_lineitem_orderkey", "Relation Name": "lineitem", "Alias": "lineitem", "Startup Cost": 10000000000.0, "Total Cost": 1000324015374.5, "Plan Rows": 59987033, "Plan Width": 40}, {"Node Type": "Materialize", "Parent Relationship": "Inner", "Startup Cost": 10000000000.0, "Total Cost": 1000010580392.69, "Plan Rows": 13538, "Plan Width": 8, "Plans": [{"Node Type": "Index Scan", "Parent Relationship": "Outer", "Scan Direction": "Forward", "Index Name": "part_kpey", "Relation Name": "part", "Alias": "part", "Startup Cost": 10000000000.0, "Total Cost": 1000010580325.0, "Plan Rows": 13538, "Plan Width": 8, "Filter": "((p_type)::text = 'SMALL PLATED COPPER'::text)"}]}]}]}]}, {"Node Type": "Materialize", "Parent Relationship": "Inner", "Startup Cost": 30000000000.0, "Total Cost": 3000008193032.26, "Plan Rows": 300000, "Plan Width": 8, "Plans": [{"Node Type": "Nested Loop", "Parent Relationship": "Outer", "Join Type": "Inner", "Startup Cost": 30000000000.0, "Total Cost": 3000008191532.26, "Plan Rows": 300000, "Plan Width": 8, "Inner Unique": false, "Join Filter": "(n1.n_nationkey = customer.c_nationkey), (LLVM Optimized)", "Plans": [{"Node Type": "Index Scan", "Parent Relationship": "Outer", "Scan Direction": "Forward", "Index Name": "customer_pkey", "Relation Name": "customer", "Alias": "customer", "Startup Cost": 10000000000.0, "Total Cost": 1000008076535.62, "Plan Rows": 1500000, "Plan Width": 12}, {"Node Type": "Materialize", "Parent Relationship": "Inner", "Startup Cost": 20000000000.0, "Total Cost": 2000000002496.65, "Plan Rows": 5, "Plan Width": 4, "Plans": [{"Node Type": "Nested Loop", "Parent Relationship": "Outer", "Join Type": "Inner", "Startup Cost": 20000000000.0, "Total Cost": 2000000002496.63, "Plan Rows": 5, "Plan Width": 4, "Inner Unique": true, "Join Filter": "(n1.n_regionkey = region.r_regionkey)", "Plans": [{"Node Type": "Index Scan", "Parent Relationship": "Outer", "Scan Direction": "Forward", "Index Name": "nation_pkey", "Relation Name": "nation", "Alias": "n1", "Startup Cost": 10000000000.0, "Total Cost": 1000000001262.5, "Plan Rows": 25, "Plan Width": 8}, {"Node Type": "Materialize", "Parent Relationship": "Inner", "Startup Cost": 10000000000.0, "Total Cost": 1000000001233.76, "Plan Rows": 1, "Plan Width": 4, "Plans": [{"Node Type": "Index Scan", "Parent Relationship": "Outer", "Scan Direction": "Forward", "Index Name": "region_pkey", "Relation Name": "region", "Alias": "region", "Startup Cost": 10000000000.0, "Total Cost": 1000000001233.75, "Plan Rows": 1, "Plan Width": 4, "Filter": "(r_name = 'ASIA'::bpchar)"}]}]}]}]}]}]}]}]}]}]}, "Unique SQL Id": 3681808042, "Planner Runtime": 10}, "explain_analyze_plan": null}, "(64, 12)": {"explain_plan": {"Plan": {"Node Type": "Sort", "Startup Cost": 486630.31, "Total Cost": 486630.33, "Plan Rows": 10, "Plan Width": 66, "Sort Key": ["(date_part('year'::text, orders.o_orderdate))"], "Plans": [{"Node Type": "Aggregate", "Strategy": "Hashed", "Parent Relationship": "Outer", "Startup Cost": 486629.99, "Total Cost": 486630.14, "Plan Rows": 10, "Plan Width": 66, "Group By Key": ["date_part('year'::text, orders.o_orderdate)"], "Plans": [{"Node Type": "Hash Join", "Parent Relationship": "Outer", "Join Type": "Inner", "Startup Cost": 4536.12, "Total Cost": 486510.17, "Plan Rows": 5991, "Plan Width": 50, "Inner Unique": true, "Hash Cond": "(supplier.s_nationkey = n2.n_nationkey)", "Plans": [{"Node Type": "Nested Loop", "Parent Relationship": "Outer", "Join Type": "Inner", "Startup Cost": 4534.56, "Total Cost": 486417.81, "Plan Rows": 5991, "Plan Width": 28, "Inner Unique": false, "Join Filter": "(n1.n_regionkey = region.r_regionkey)", "Plans": [{"Node Type": "Seq Scan", "Parent Relationship": "Outer", "Relation Name": "region", "Alias": "region", "Startup Cost": 0.0, "Total Cost": 1.06, "Plan Rows": 1, "Plan Width": 4, "Filter": "(r_name = 'ASIA'::bpchar)"}, {"Node Type": "Hash Join", "Parent Relationship": "Inner", "Join Type": "Inner", "Startup Cost": 4534.56, "Total Cost": 486042.32, "Plan Rows": 29954, "Plan Width": 32, "Inner Unique": true, "Hash Cond": "(customer.c_nationkey = n1.n_nationkey)", "Plans": [{"Node Type": "Nested Loop", "Parent Relationship": "Outer", "Join Type": "Inner", "Startup Cost": 4533.0, "Total Cost": 485661.65, "Plan Rows": 29954, "Plan Width": 32, "Inner Unique": true, "Plans": [{"Node Type": "Hash Join", "Parent Relationship": "Outer", "Join Type": "Inner", "Startup Cost": 4533.0, "Total Cost": 469409.78, "Plan Rows": 51198, "Plan Width": 36, "Inner Unique": true, "Hash Cond": "(lineitem.l_suppkey = supplier.s_suppkey)", "Plans": [{"Node Type": "Nested Loop", "Parent Relationship": "Outer", "Join Type": "Inner", "Startup Cost": 0.0, "Total Cost": 464497.44, "Plan Rows": 86479, "Plan Width": 40, "Inner Unique": true, "Plans": [{"Node Type": "Nested Loop", "Parent Relationship": "Outer", "Join Type": "Inner", "Startup Cost": 0.0, "Total Cost": 441564.57, "Plan Rows": 74637, "Plan Width": 32, "Inner Unique": false, "Plans": [{"Node Type": "Seq Scan", "Parent Relationship": "Outer", "Relation Name": "part", "Alias": "part", "Startup Cost": 0.0, "Total Cost": 66944.0, "Plan Rows": 13538, "Plan Width": 8, "Filter": "((p_type)::text = 'SMALL PLATED COPPER'::text)"}, {"Node Type": "Index Scan", "Parent Relationship": "Inner", "Scan Direction": "Forward", "Index Name": "idx_lineitem_part_supp", "Relation Name": "lineitem", "Alias": "lineitem", "Startup Cost": 0.0, "Total Cost": 27.61, "Plan Rows": 6, "Plan Width": 40, "Index Cond": "(l_partkey = part.p_partkey)"}]}, {"Node Type": "Index Scan", "Parent Relationship": "Inner", "Scan Direction": "Forward", "Index Name": "orders_pkey", "Relation Name": "orders", "Alias": "orders", "Startup Cost": 0.0, "Total Cost": 0.3, "Plan Rows": 1, "Plan Width": 24, "Index Cond": "(o_orderkey = lineitem.l_orderkey)", "Filter": "((o_orderdate >= '1995-01-01 00:00:00'::timestamp(0) without time zone) AND (o_orderdate <= '1996-12-31 00:00:00'::timestamp(0) without time zone))"}]}, {"Node Type": "Hash", "Parent Relationship": "Inner", "Startup Cost": 3283.0, "Total Cost": 3283.0, "Plan Rows": 100000, "Plan Width": 12, "Plans": [{"Node Type": "Seq Scan", "Parent Relationship": "Outer", "Relation Name": "supplier", "Alias": "supplier", "Startup Cost": 0.0, "Total Cost": 3283.0, "Plan Rows": 100000, "Plan Width": 12}]}]}, {"Node Type": "Index Scan", "Parent Relationship": "Inner", "Scan Direction": "Forward", "Index Name": "customer_pkey", "Relation Name": "customer", "Alias": "customer", "Startup Cost": 0.0, "Total Cost": 0.31, "Plan Rows": 1, "Plan Width": 12, "Index Cond": "(c_custkey = orders.o_custkey)"}]}, {"Node Type": "Hash", "Parent Relationship": "Inner", "Startup Cost": 1.25, "Total Cost": 1.25, "Plan Rows": 25, "Plan Width": 8, "Plans": [{"Node Type": "Seq Scan", "Parent Relationship": "Outer", "Relation Name": "nation", "Alias": "n1", "Startup Cost": 0.0, "Total Cost": 1.25, "Plan Rows": 25, "Plan Width": 8}]}]}]}, {"Node Type": "Hash", "Parent Relationship": "Inner", "Startup Cost": 1.25, "Total Cost": 1.25, "Plan Rows": 25, "Plan Width": 30, "Plans": [{"Node Type": "Seq Scan", "Parent Relationship": "Outer", "Relation Name": "nation", "Alias": "n2", "Startup Cost": 0.0, "Total Cost": 1.25, "Plan Rows": 25, "Plan Width": 30}]}]}]}]}, "Unique SQL Id": 3681808042, "Planner Runtime": 8}, "explain_analyze_plan": {"Plan": {"Node Type": "Sort", "Startup Cost": 486630.31, "Total Cost": 486630.33, "Plan Rows": 10, "Plan Width": 66, "Actual Startup Time": 6864.764, "Actual Total Time": 6864.764, "Actual Rows": 2, "Actual Loops": 1, "Sort Key": ["(date_part('year'::text, orders.o_orderdate))"], "Sort Method": "quicksort", "Sort Space Used": 25, "Sort Space Type": "Memory", "Plans": [{"Node Type": "Aggregate", "Strategy": "Hashed", "Parent Relationship": "Outer", "Startup Cost": 486629.99, "Total Cost": 486630.14, "Plan Rows": 10, "Plan Width": 66, "Actual Startup Time": 6864.748, "Actual Total Time": 6864.749, "Actual Rows": 2, "Actual Loops": 1, "Group By Key": ["date_part('year'::text, orders.o_orderdate)"], "Plans": [{"Node Type": "Hash Join", "Parent Relationship": "Outer", "Join Type": "Inner", "Startup Cost": 4536.12, "Total Cost": 486510.17, "Plan Rows": 5991, "Plan Width": 50, "Actual Startup Time": 67.0, "Actual Total Time": 6830.243, "Actual Rows": 23929, "Actual Loops": 1, "Inner Unique": true, "Hash Cond": "(supplier.s_nationkey = n2.n_nationkey)", "Plans": [{"Node Type": "Nested Loop", "Parent Relationship": "Outer", "Join Type": "Inner", "Startup Cost": 4534.56, "Total Cost": 486417.81, "Plan Rows": 5991, "Plan Width": 28, "Actual Startup Time": 66.92, "Actual Total Time": 6795.81, "Actual Rows": 23929, "Actual Loops": 1, "Inner Unique": false, "Join Filter": "(n1.n_regionkey = region.r_regionkey)", "Rows Removed by Join Filter": 95836, "Plans": [{"Node Type": "Seq Scan", "Parent Relationship": "Outer", "Relation Name": "region", "Alias": "region", "Startup Cost": 0.0, "Total Cost": 1.06, "Plan Rows": 1, "Plan Width": 4, "Actual Startup Time": 0.008, "Actual Total Time": 0.01, "Actual Rows": 1, "Actual Loops": 1, "Filter": "(r_name = 'ASIA'::bpchar)", "Rows Removed by Filter": 4}, {"Node Type": "Hash Join", "Parent Relationship": "Inner", "Join Type": "Inner", "Startup Cost": 4534.56, "Total Cost": 486042.32, "Plan Rows": 29954, "Plan Width": 32, "Actual Startup Time": 66.706, "Actual Total Time": 6763.963, "Actual Rows": 119765, "Actual Loops": 1, "Inner Unique": true, "Hash Cond": "(customer.c_nationkey = n1.n_nationkey)", "Plans": [{"Node Type": "Nested Loop", "Parent Relationship": "Outer", "Join Type": "Inner", "Startup Cost": 4533.0, "Total Cost": 485661.65, "Plan Rows": 29954, "Plan Width": 32, "Actual Startup Time": 66.644, "Actual Total Time": 6694.943, "Actual Rows": 119765, "Actual Loops": 1, "Inner Unique": true, "Plans": [{"Node Type": "Hash Join", "Parent Relationship": "Outer", "Join Type": "Inner", "Startup Cost": 4533.0, "Total Cost": 469409.78, "Plan Rows": 51198, "Plan Width": 36, "Actual Startup Time": 66.611, "Actual Total Time": 5686.148, "Actual Rows": 119765, "Actual Loops": 1, "Inner Unique": true, "Hash Cond": "(lineitem.l_suppkey = supplier.s_suppkey)", "Plans": [{"Node Type": "Nested Loop", "Parent Relationship": "Outer", "Join Type": "Inner", "Startup Cost": 0.0, "Total Cost": 464497.44, "Plan Rows": 86479, "Plan Width": 40, "Actual Startup Time": 0.149, "Actual Total Time": 5541.572, "Actual Rows": 119765, "Actual Loops": 1, "Inner Unique": true, "Plans": [{"Node Type": "Nested Loop", "Parent Relationship": "Outer", "Join Type": "Inner", "Startup Cost": 0.0, "Total Cost": 441564.57, "Plan Rows": 74637, "Plan Width": 32, "Actual Startup Time": 0.033, "Actual Total Time": 2018.871, "Actual Rows": 395341, "Actual Loops": 1, "Inner Unique": false, "Plans": [{"Node Type": "Seq Scan", "Parent Relationship": "Outer", "Relation Name": "part", "Alias": "part", "Startup Cost": 0.0, "Total Cost": 66944.0, "Plan Rows": 13538, "Plan Width": 8, "Actual Startup Time": 0.014, "Actual Total Time": 773.39, "Actual Rows": 13163, "Actual Loops": 1, "Filter": "((p_type)::text = 'SMALL PLATED COPPER'::text)", "Rows Removed by Filter": 1986837}, {"Node Type": "Index Scan", "Parent Relationship": "Inner", "Scan Direction": "Forward", "Index Name": "idx_lineitem_part_supp", "Relation Name": "lineitem", "Alias": "lineitem", "Startup Cost": 0.0, "Total Cost": 27.61, "Plan Rows": 6, "Plan Width": 40, "Actual Startup Time": 157.237, "Actual Total Time": 1142.534, "Actual Rows": 395341, "Actual Loops": 13163, "Index Cond": "(l_partkey = part.p_partkey)", "Rows Removed by Index Recheck": 0}]}, {"Node Type": "Index Scan", "Parent Relationship": "Inner", "Scan Direction": "Forward", "Index Name": "orders_pkey", "Relation Name": "orders", "Alias": "orders", "Startup Cost": 0.0, "Total Cost": 0.3, "Plan Rows": 1, "Plan Width": 24, "Actual Startup Time": 3288.207, "Actual Total Time": 3288.207, "Actual Rows": 119765, "Actual Loops": 395341, "Index Cond": "(o_orderkey = lineitem.l_orderkey)", "Rows Removed by Index Recheck": 0, "Filter": "((o_orderdate >= '1995-01-01 00:00:00'::timestamp(0) without time zone) AND (o_orderdate <= '1996-12-31 00:00:00'::timestamp(0) without time zone))", "Rows Removed by Filter": 275576}]}, {"Node Type": "Hash", "Parent Relationship": "Inner", "Startup Cost": 3283.0, "Total Cost": 3283.0, "Plan Rows": 100000, "Plan Width": 12, "Actual Startup Time": 66.355, "Actual Total Time": 66.355, "Actual Rows": 100000, "Actual Loops": 1, "Hash Buckets": 131072, "Hash Batches": 1, "Original Hash Batches": 1, "Peak Memory Usage": 4297, "Plans": [{"Node Type": "Seq Scan", "Parent Relationship": "Outer", "Relation Name": "supplier", "Alias": "supplier", "Startup Cost": 0.0, "Total Cost": 3283.0, "Plan Rows": 100000, "Plan Width": 12, "Actual Startup Time": 0.011, "Actual Total Time": 39.877, "Actual Rows": 100000, "Actual Loops": 1}]}]}, {"Node Type": "Index Scan", "Parent Relationship": "Inner", "Scan Direction": "Forward", "Index Name": "customer_pkey", "Relation Name": "customer", "Alias": "customer", "Startup Cost": 0.0, "Total Cost": 0.31, "Plan Rows": 1, "Plan Width": 12, "Actual Startup Time": 899.108, "Actual Total Time": 899.108, "Actual Rows": 119765, "Actual Loops": 119765, "Index Cond": "(c_custkey = orders.o_custkey)", "Rows Removed by Index Recheck": 0}]}, {"Node Type": "Hash", "Parent Relationship": "Inner", "Startup Cost": 1.25, "Total Cost": 1.25, "Plan Rows": 25, "Plan Width": 8, "Actual Startup Time": 0.02, "Actual Total Time": 0.02, "Actual Rows": 25, "Actual Loops": 1, "Hash Buckets": 32768, "Hash Batches": 1, "Original Hash Batches": 1, "Peak Memory Usage": 1, "Plans": [{"Node Type": "Seq Scan", "Parent Relationship": "Outer", "Relation Name": "nation", "Alias": "n1", "Startup Cost": 0.0, "Total Cost": 1.25, "Plan Rows": 25, "Plan Width": 8, "Actual Startup Time": 0.007, "Actual Total Time": 0.011, "Actual Rows": 25, "Actual Loops": 1}]}]}]}, {"Node Type": "Hash", "Parent Relationship": "Inner", "Startup Cost": 1.25, "Total Cost": 1.25, "Plan Rows": 25, "Plan Width": 30, "Actual Startup Time": 0.034, "Actual Total Time": 0.034, "Actual Rows": 25, "Actual Loops": 1, "Hash Buckets": 32768, "Hash Batches": 1, "Original Hash Batches": 1, "Peak Memory Usage": 2, "Plans": [{"Node Type": "Seq Scan", "Parent Relationship": "Outer", "Relation Name": "nation", "Alias": "n2", "Startup Cost": 0.0, "Total Cost": 1.25, "Plan Rows": 25, "Plan Width": 30, "Actual Startup Time": 0.014, "Actual Total Time": 0.021, "Actual Rows": 25, "Actual Loops": 1}]}]}]}]}, "Triggers": [], "Planner Runtime": 5, "Total Runtime": 6865.211, "Unique SQL Id": 3681808042}}, "(64, 13)": {"explain_plan": {"Plan": {"Node Type": "Sort", "Startup Cost": 527575.13, "Total Cost": 527575.15, "Plan Rows": 10, "Plan Width": 66, "Sort Key": ["(date_part('year'::text, orders.o_orderdate))"], "Plans": [{"Node Type": "Aggregate", "Strategy": "Hashed", "Parent Relationship": "Outer", "Startup Cost": 527574.81, "Total Cost": 527574.96, "Plan Rows": 10, "Plan Width": 66, "Group By Key": ["date_part('year'::text, orders.o_orderdate)"], "Plans": [{"Node Type": "Hash Join", "Parent Relationship": "Outer", "Join Type": "Inner", "Startup Cost": 6610.42, "Total Cost": 527454.99, "Plan Rows": 5991, "Plan Width": 50, "Inner Unique": true, "Hash Cond": "(supplier.s_nationkey = n2.n_nationkey)", "Plans": [{"Node Type": "Nested Loop", "Parent Relationship": "Outer", "Join Type": "Inner", "Startup Cost": 6597.48, "Total Cost": 527351.25, "Plan Rows": 5991, "Plan Width": 28, "Inner Unique": false, "Join Filter": "(n1.n_regionkey = region.r_regionkey)", "Plans": [{"Node Type": "Index Scan", "Parent Relationship": "Outer", "Scan Direction": "Forward", "Index Name": "region_pkey", "Relation Name": "region", "Alias": "region", "Startup Cost": 0.0, "Total Cost": 12.34, "Plan Rows": 1, "Plan Width": 4, "Filter": "(r_name = 'ASIA'::bpchar)"}, {"Node Type": "Hash Join", "Parent Relationship": "Inner", "Join Type": "Inner", "Startup Cost": 6597.48, "Total Cost": 526964.49, "Plan Rows": 29954, "Plan Width": 32, "Inner Unique": true, "Hash Cond": "(customer.c_nationkey = n1.n_nationkey)", "Plans": [{"Node Type": "Nested Loop", "Parent Relationship": "Outer", "Join Type": "Inner", "Startup Cost": 6584.54, "Total Cost": 526572.45, "Plan Rows": 29954, "Plan Width": 32, "Inner Unique": true, "Plans": [{"Node Type": "Hash Join", "Parent Relationship": "Outer", "Join Type": "Inner", "Startup Cost": 6584.54, "Total Cost": 510320.57, "Plan Rows": 51198, "Plan Width": 36, "Inner Unique": true, "Hash Cond": "(lineitem.l_suppkey = supplier.s_suppkey)", "Plans": [{"Node Type": "Nested Loop", "Parent Relationship": "Outer", "Join Type": "Inner", "Startup Cost": 0.0, "Total Cost": 503356.69, "Plan Rows": 86479, "Plan Width": 40, "Inner Unique": true, "Plans": [{"Node Type": "Nested Loop", "Parent Relationship": "Outer", "Join Type": "Inner", "Startup Cost": 0.0, "Total Cost": 480423.82, "Plan Rows": 74637, "Plan Width": 32, "Inner Unique": false, "Plans": [{"Node Type": "Index Scan", "Parent Relationship": "Outer", "Scan Direction": "Forward", "Index Name": "part_kpey", "Relation Name": "part", "Alias": "part", "Startup Cost": 0.0, "Total Cost": 105803.25, "Plan Rows": 13538, "Plan Width": 8, "Filter": "((p_type)::text = 'SMALL PLATED COPPER'::text)"}, {"Node Type": "Index Scan", "Parent Relationship": "Inner", "Scan Direction": "Forward", "Index Name": "idx_lineitem_part_supp", "Relation Name": "lineitem", "Alias": "lineitem", "Startup Cost": 0.0, "Total Cost": 27.61, "Plan Rows": 6, "Plan Width": 40, "Index Cond": "(l_partkey = part.p_partkey)"}]}, {"Node Type": "Index Scan", "Parent Relationship": "Inner", "Scan Direction": "Forward", "Index Name": "orders_pkey", "Relation Name": "orders", "Alias": "orders", "Startup Cost": 0.0, "Total Cost": 0.3, "Plan Rows": 1, "Plan Width": 24, "Index Cond": "(o_orderkey = lineitem.l_orderkey)", "Filter": "((o_orderdate >= '1995-01-01 00:00:00'::timestamp(0) without time zone) AND (o_orderdate <= '1996-12-31 00:00:00'::timestamp(0) without time zone))"}]}, {"Node Type": "Hash", "Parent Relationship": "Inner", "Startup Cost": 5334.54, "Total Cost": 5334.54, "Plan Rows": 100000, "Plan Width": 12, "Plans": [{"Node Type": "Index Scan", "Parent Relationship": "Outer", "Scan Direction": "Forward", "Index Name": "supplier_pkey", "Relation Name": "supplier", "Alias": "supplier", "Startup Cost": 0.0, "Total Cost": 5334.54, "Plan Rows": 100000, "Plan Width": 12}]}]}, {"Node Type": "Index Scan", "Parent Relationship": "Inner", "Scan Direction": "Forward", "Index Name": "customer_pkey", "Relation Name": "customer", "Alias": "customer", "Startup Cost": 0.0, "Total Cost": 0.31, "Plan Rows": 1, "Plan Width": 12, "Index Cond": "(c_custkey = orders.o_custkey)"}]}, {"Node Type": "Hash", "Parent Relationship": "Inner", "Startup Cost": 12.62, "Total Cost": 12.62, "Plan Rows": 25, "Plan Width": 8, "Plans": [{"Node Type": "Index Scan", "Parent Relationship": "Outer", "Scan Direction": "Forward", "Index Name": "idx_nation_regionkey", "Relation Name": "nation", "Alias": "n1", "Startup Cost": 0.0, "Total Cost": 12.62, "Plan Rows": 25, "Plan Width": 8}]}]}]}, {"Node Type": "Hash", "Parent Relationship": "Inner", "Startup Cost": 12.62, "Total Cost": 12.62, "Plan Rows": 25, "Plan Width": 30, "Plans": [{"Node Type": "Index Scan", "Parent Relationship": "Outer", "Scan Direction": "Forward", "Index Name": "nation_pkey", "Relation Name": "nation", "Alias": "n2", "Startup Cost": 0.0, "Total Cost": 12.62, "Plan Rows": 25, "Plan Width": 30}]}]}]}]}, "Unique SQL Id": 3681808042, "Planner Runtime": 7}, "explain_analyze_plan": {"Plan": {"Node Type": "Sort", "Startup Cost": 527575.13, "Total Cost": 527575.15, "Plan Rows": 10, "Plan Width": 66, "Actual Startup Time": 7581.242, "Actual Total Time": 7581.242, "Actual Rows": 2, "Actual Loops": 1, "Sort Key": ["(date_part('year'::text, orders.o_orderdate))"], "Sort Method": "quicksort", "Sort Space Used": 25, "Sort Space Type": "Memory", "Plans": [{"Node Type": "Aggregate", "Strategy": "Hashed", "Parent Relationship": "Outer", "Startup Cost": 527574.81, "Total Cost": 527574.96, "Plan Rows": 10, "Plan Width": 66, "Actual Startup Time": 7581.225, "Actual Total Time": 7581.226, "Actual Rows": 2, "Actual Loops": 1, "Group By Key": ["date_part('year'::text, orders.o_orderdate)"], "Plans": [{"Node Type": "Hash Join", "Parent Relationship": "Outer", "Join Type": "Inner", "Startup Cost": 6610.42, "Total Cost": 527454.99, "Plan Rows": 5991, "Plan Width": 50, "Actual Startup Time": 110.337, "Actual Total Time": 7546.674, "Actual Rows": 23929, "Actual Loops": 1, "Inner Unique": true, "Hash Cond": "(supplier.s_nationkey = n2.n_nationkey)", "Plans": [{"Node Type": "Nested Loop", "Parent Relationship": "Outer", "Join Type": "Inner", "Startup Cost": 6597.48, "Total Cost": 527351.25, "Plan Rows": 5991, "Plan Width": 28, "Actual Startup Time": 110.244, "Actual Total Time": 7512.896, "Actual Rows": 23929, "Actual Loops": 1, "Inner Unique": false, "Join Filter": "(n1.n_regionkey = region.r_regionkey)", "Rows Removed by Join Filter": 95836, "Plans": [{"Node Type": "Index Scan", "Parent Relationship": "Outer", "Scan Direction": "Forward", "Index Name": "region_pkey", "Relation Name": "region", "Alias": "region", "Startup Cost": 0.0, "Total Cost": 12.34, "Plan Rows": 1, "Plan Width": 4, "Actual Startup Time": 0.008, "Actual Total Time": 0.015, "Actual Rows": 1, "Actual Loops": 1, "Filter": "(r_name = 'ASIA'::bpchar)", "Rows Removed by Filter": 4}, {"Node Type": "Hash Join", "Parent Relationship": "Inner", "Join Type": "Inner", "Startup Cost": 6597.48, "Total Cost": 526964.49, "Plan Rows": 29954, "Plan Width": 32, "Actual Startup Time": 110.017, "Actual Total Time": 7480.171, "Actual Rows": 119765, "Actual Loops": 1, "Inner Unique": true, "Hash Cond": "(customer.c_nationkey = n1.n_nationkey)", "Plans": [{"Node Type": "Nested Loop", "Parent Relationship": "Outer", "Join Type": "Inner", "Startup Cost": 6584.54, "Total Cost": 526572.45, "Plan Rows": 29954, "Plan Width": 32, "Actual Startup Time": 109.959, "Actual Total Time": 7409.138, "Actual Rows": 119765, "Actual Loops": 1, "Inner Unique": true, "Plans": [{"Node Type": "Hash Join", "Parent Relationship": "Outer", "Join Type": "Inner", "Startup Cost": 6584.54, "Total Cost": 510320.57, "Plan Rows": 51198, "Plan Width": 36, "Actual Startup Time": 109.931, "Actual Total Time": 6406.487, "Actual Rows": 119765, "Actual Loops": 1, "Inner Unique": true, "Hash Cond": "(lineitem.l_suppkey = supplier.s_suppkey)", "Plans": [{"Node Type": "Nested Loop", "Parent Relationship": "Outer", "Join Type": "Inner", "Startup Cost": 0.0, "Total Cost": 503356.69, "Plan Rows": 86479, "Plan Width": 40, "Actual Startup Time": 0.156, "Actual Total Time": 6213.592, "Actual Rows": 119765, "Actual Loops": 1, "Inner Unique": true, "Plans": [{"Node Type": "Nested Loop", "Parent Relationship": "Outer", "Join Type": "Inner", "Startup Cost": 0.0, "Total Cost": 480423.82, "Plan Rows": 74637, "Plan Width": 32, "Actual Startup Time": 0.041, "Actual Total Time": 2695.99, "Actual Rows": 395341, "Actual Loops": 1, "Inner Unique": false, "Plans": [{"Node Type": "Index Scan", "Parent Relationship": "Outer", "Scan Direction": "Forward", "Index Name": "part_kpey", "Relation Name": "part", "Alias": "part", "Startup Cost": 0.0, "Total Cost": 105803.25, "Plan Rows": 13538, "Plan Width": 8, "Actual Startup Time": 0.026, "Actual Total Time": 1440.569, "Actual Rows": 13163, "Actual Loops": 1, "Filter": "((p_type)::text = 'SMALL PLATED COPPER'::text)", "Rows Removed by Filter": 1986837}, {"Node Type": "Index Scan", "Parent Relationship": "Inner", "Scan Direction": "Forward", "Index Name": "idx_lineitem_part_supp", "Relation Name": "lineitem", "Alias": "lineitem", "Startup Cost": 0.0, "Total Cost": 27.61, "Plan Rows": 6, "Plan Width": 40, "Actual Startup Time": 155.451, "Actual Total Time": 1155.312, "Actual Rows": 395341, "Actual Loops": 13163, "Index Cond": "(l_partkey = part.p_partkey)", "Rows Removed by Index Recheck": 0}]}, {"Node Type": "Index Scan", "Parent Relationship": "Inner", "Scan Direction": "Forward", "Index Name": "orders_pkey", "Relation Name": "orders", "Alias": "orders", "Startup Cost": 0.0, "Total Cost": 0.3, "Plan Rows": 1, "Plan Width": 24, "Actual Startup Time": 3279.079, "Actual Total Time": 3279.079, "Actual Rows": 119765, "Actual Loops": 395341, "Index Cond": "(o_orderkey = lineitem.l_orderkey)", "Rows Removed by Index Recheck": 0, "Filter": "((o_orderdate >= '1995-01-01 00:00:00'::timestamp(0) without time zone) AND (o_orderdate <= '1996-12-31 00:00:00'::timestamp(0) without time zone))", "Rows Removed by Filter": 275576}]}, {"Node Type": "Hash", "Parent Relationship": "Inner", "Startup Cost": 5334.54, "Total Cost": 5334.54, "Plan Rows": 100000, "Plan Width": 12, "Actual Startup Time": 109.671, "Actual Total Time": 109.671, "Actual Rows": 100000, "Actual Loops": 1, "Hash Buckets": 131072, "Hash Batches": 1, "Original Hash Batches": 1, "Peak Memory Usage": 4297, "Plans": [{"Node Type": "Index Scan", "Parent Relationship": "Outer", "Scan Direction": "Forward", "Index Name": "supplier_pkey", "Relation Name": "supplier", "Alias": "supplier", "Startup Cost": 0.0, "Total Cost": 5334.54, "Plan Rows": 100000, "Plan Width": 12, "Actual Startup Time": 0.017, "Actual Total Time": 82.398, "Actual Rows": 100000, "Actual Loops": 1}]}]}, {"Node Type": "Index Scan", "Parent Relationship": "Inner", "Scan Direction": "Forward", "Index Name": "customer_pkey", "Relation Name": "customer", "Alias": "customer", "Startup Cost": 0.0, "Total Cost": 0.31, "Plan Rows": 1, "Plan Width": 12, "Actual Startup Time": 892.623, "Actual Total Time": 892.623, "Actual Rows": 119765, "Actual Loops": 119765, "Index Cond": "(c_custkey = orders.o_custkey)", "Rows Removed by Index Recheck": 0}]}, {"Node Type": "Hash", "Parent Relationship": "Inner", "Startup Cost": 12.62, "Total Cost": 12.62, "Plan Rows": 25, "Plan Width": 8, "Actual Startup Time": 0.024, "Actual Total Time": 0.024, "Actual Rows": 25, "Actual Loops": 1, "Hash Buckets": 32768, "Hash Batches": 1, "Original Hash Batches": 1, "Peak Memory Usage": 1, "Plans": [{"Node Type": "Index Scan", "Parent Relationship": "Outer", "Scan Direction": "Forward", "Index Name": "idx_nation_regionkey", "Relation Name": "nation", "Alias": "n1", "Startup Cost": 0.0, "Total Cost": 12.62, "Plan Rows": 25, "Plan Width": 8, "Actual Startup Time": 0.005, "Actual Total Time": 0.016, "Actual Rows": 25, "Actual Loops": 1}]}]}]}, {"Node Type": "Hash", "Parent Relationship": "Inner", "Startup Cost": 12.62, "Total Cost": 12.62, "Plan Rows": 25, "Plan Width": 30, "Actual Startup Time": 0.039, "Actual Total Time": 0.039, "Actual Rows": 25, "Actual Loops": 1, "Hash Buckets": 32768, "Hash Batches": 1, "Original Hash Batches": 1, "Peak Memory Usage": 2, "Plans": [{"Node Type": "Index Scan", "Parent Relationship": "Outer", "Scan Direction": "Forward", "Index Name": "nation_pkey", "Relation Name": "nation", "Alias": "n2", "Startup Cost": 0.0, "Total Cost": 12.62, "Plan Rows": 25, "Plan Width": 30, "Actual Startup Time": 0.01, "Actual Total Time": 0.028, "Actual Rows": 25, "Actual Loops": 1}]}]}]}]}, "Triggers": [], "Planner Runtime": 4, "Total Runtime": 7581.588, "Unique SQL Id": 3681808042}}, "(64, 14)": {"explain_plan": {"Plan": {"Node Type": "Sort", "Startup Cost": 2909305.92, "Total Cost": 2909305.94, "Plan Rows": 10, "Plan Width": 66, "Sort Key": ["(date_part('year'::text, orders.o_orderdate))"], "Plans": [{"Node Type": "Aggregate", "Strategy": "Hashed", "Parent Relationship": "Outer", "Startup Cost": 2909305.6, "Total Cost": 2909305.75, "Plan Rows": 10, "Plan Width": 66, "Group By Key": ["date_part('year'::text, orders.o_orderdate)"], "Plans": [{"Node Type": "Nested Loop", "Parent Relationship": "Outer", "Join Type": "Inner", "Startup Cost": 664846.82, "Total Cost": 2909185.78, "Plan Rows": 5991, "Plan Width": 50, "Inner Unique": true, "Join Filter": "(supplier.s_nationkey = n2.n_nationkey)", "Plans": [{"Node Type": "Hash Join", "Parent Relationship": "Outer", "Join Type": "Inner", "Startup Cost": 664846.82, "Total Cost": 2906922.86, "Plan Rows": 5991, "Plan Width": 28, "Inner Unique": true, "Hash Cond": "(lineitem.l_suppkey = supplier.s_suppkey)", "Plans": [{"Node Type": "Hash Join", "Parent Relationship": "Outer", "Join Type": "Inner", "Startup Cost": 660313.82, "Total Cost": 2902243.54, "Plan Rows": 17296, "Plan Width": 32, "Inner Unique": false, "Hash Cond": "(lineitem.l_orderkey = orders.o_orderkey)", "Plans": [{"Node Type": "Hash Join", "Parent Relationship": "Outer", "Join Type": "Inner", "Startup Cost": 67113.23, "Total Cost": 2307926.3, "Plan Rows": 74637, "Plan Width": 32, "Inner Unique": true, "Hash Cond": "(lineitem.l_partkey = part.p_partkey)", "Plans": [{"Node Type": "Seq Scan", "Parent Relationship": "Outer", "Relation Name": "lineitem", "Alias": "lineitem", "Startup Cost": 0.0, "Total Cost": 2015115.33, "Plan Rows": 59987033, "Plan Width": 40}, {"Node Type": "Hash", "Parent Relationship": "Inner", "Startup Cost": 66944.0, "Total Cost": 66944.0, "Plan Rows": 13538, "Plan Width": 8, "Plans": [{"Node Type": "Seq Scan", "Parent Relationship": "Outer", "Relation Name": "part", "Alias": "part", "Startup Cost": 0.0, "Total Cost": 66944.0, "Plan Rows": 13538, "Plan Width": 8, "Filter": "((p_type)::text = 'SMALL PLATED COPPER'::text)"}]}]}, {"Node Type": "Hash", "Parent Relationship": "Inner", "Startup Cost": 586571.9, "Total Cost": 586571.9, "Plan Rows": 530296, "Plan Width": 16, "Plans": [{"Node Type": "Hash Join", "Parent Relationship": "Outer", "Join Type": "Inner", "Startup Cost": 63058.19, "Total Cost": 586571.9, "Plan Rows": 530296, "Plan Width": 16, "Inner Unique": false, "Hash Cond": "(orders.o_custkey = customer.c_custkey), (LLVM Optimized)", "Plans": [{"Node Type": "Seq Scan", "Parent Relationship": "Outer", "Relation Name": "orders", "Alias": "orders", "Startup Cost": 195.31, "Total Cost": 501411.18, "Plan Rows": 4531967, "Plan Width": 24, "Filter": "((o_orderdate >= '1995-01-01 00:00:00'::timestamp(0) without time zone) AND (o_orderdate <= '1996-12-31 00:00:00'::timestamp(0) without time zone)), (LLVM Optimized)"}, {"Node Type": "Hash", "Parent Relationship": "Inner", "Startup Cost": 59112.88, "Total Cost": 59112.88, "Plan Rows": 300000, "Plan Width": 8, "Plans": [{"Node Type": "Hash Join", "Parent Relationship": "Outer", "Join Type": "Inner", "Startup Cost": 2.5, "Total Cost": 59112.88, "Plan Rows": 300000, "Plan Width": 8, "Inner Unique": false, "Hash Cond": "(customer.c_nationkey = n1.n_nationkey), (LLVM Optimized)", "Plans": [{"Node Type": "Seq Scan", "Parent Relationship": "Outer", "Relation Name": "customer", "Alias": "customer", "Startup Cost": 0.0, "Total Cost": 52126.0, "Plan Rows": 1500000, "Plan Width": 12}, {"Node Type": "Hash", "Parent Relationship": "Inner", "Startup Cost": 2.44, "Total Cost": 2.44, "Plan Rows": 5, "Plan Width": 4, "Plans": [{"Node Type": "Hash Join", "Parent Relationship": "Outer", "Join Type": "Inner", "Startup Cost": 1.07, "Total Cost": 2.44, "Plan Rows": 5, "Plan Width": 4, "Inner Unique": true, "Hash Cond": "(n1.n_regionkey = region.r_regionkey)", "Plans": [{"Node Type": "Seq Scan", "Parent Relationship": "Outer", "Relation Name": "nation", "Alias": "n1", "Startup Cost": 0.0, "Total Cost": 1.25, "Plan Rows": 25, "Plan Width": 8}, {"Node Type": "Hash", "Parent Relationship": "Inner", "Startup Cost": 1.06, "Total Cost": 1.06, "Plan Rows": 1, "Plan Width": 4, "Plans": [{"Node Type": "Seq Scan", "Parent Relationship": "Outer", "Relation Name": "region", "Alias": "region", "Startup Cost": 0.0, "Total Cost": 1.06, "Plan Rows": 1, "Plan Width": 4, "Filter": "(r_name = 'ASIA'::bpchar)"}]}]}]}]}]}]}]}]}, {"Node Type": "Hash", "Parent Relationship": "Inner", "Startup Cost": 3283.0, "Total Cost": 3283.0, "Plan Rows": 100000, "Plan Width": 12, "Plans": [{"Node Type": "Seq Scan", "Parent Relationship": "Outer", "Relation Name": "supplier", "Alias": "supplier", "Startup Cost": 0.0, "Total Cost": 3283.0, "Plan Rows": 100000, "Plan Width": 12}]}]}, {"Node Type": "Materialize", "Parent Relationship": "Inner", "Startup Cost": 0.0, "Total Cost": 1.38, "Plan Rows": 25, "Plan Width": 30, "Plans": [{"Node Type": "Seq Scan", "Parent Relationship": "Outer", "Relation Name": "nation", "Alias": "n2", "Startup Cost": 0.0, "Total Cost": 1.25, "Plan Rows": 25, "Plan Width": 30}]}]}]}]}, "Unique SQL Id": 3681808042, "Planner Runtime": 8}, "explain_analyze_plan": null}, "(64, 15)": {"explain_plan": {"Plan": {"Node Type": "Sort", "Startup Cost": 8018177364726.43, "Total Cost": 8018177364726.46, "Plan Rows": 10, "Plan Width": 66, "Sort Key": ["(date_part('year'::text, orders.o_orderdate))"], "Plans": [{"Node Type": "Aggregate", "Strategy": "Hashed", "Parent Relationship": "Outer", "Startup Cost": 8018177364726.12, "Total Cost": 8018177364726.27, "Plan Rows": 10, "Plan Width": 66, "Group By Key": ["date_part('year'::text, orders.o_orderdate)"], "Plans": [{"Node Type": "Nested Loop", "Parent Relationship": "Outer", "Join Type": "Inner", "Startup Cost": 80000000000.0, "Total Cost": 8018177364380.2, "Plan Rows": 17296, "Plan Width": 50, "Inner Unique": false, "Join Filter": "(supplier.s_suppkey = lineitem.l_suppkey)", "Plans": [{"Node Type": "Nested Loop", "Parent Relationship": "Outer", "Join Type": "Inner", "Startup Cost": 20000000000.0, "Total Cost": 2000000572216.94, "Plan Rows": 100000, "Plan Width": 34, "Inner Unique": true, "Join Filter": "(supplier.s_nationkey = n2.n_nationkey), (LLVM Optimized)", "Plans": [{"Node Type": "Index Scan", "Parent Relationship": "Outer", "Scan Direction": "Forward", "Index Name": "supplier_pkey", "Relation Name": "supplier", "Alias": "supplier", "Startup Cost": 10000000000.0, "Total Cost": 1000000533454.38, "Plan Rows": 100000, "Plan Width": 12}, {"Node Type": "Materialize", "Parent Relationship": "Inner", "Startup Cost": 10000000000.0, "Total Cost": 1000000001262.62, "Plan Rows": 25, "Plan Width": 30, "Plans": [{"Node Type": "Index Scan", "Parent Relationship": "Outer", "Scan Direction": "Forward", "Index Name": "nation_pkey", "Relation Name": "nation", "Alias": "n2", "Startup Cost": 10000000000.0, "Total Cost": 1000000001262.5, "Plan Rows": 25, "Plan Width": 30}]}]}, {"Node Type": "Materialize", "Parent Relationship": "Inner", "Startup Cost": 60000000000.0, "Total Cost": 6018150848163.26, "Plan Rows": 17296, "Plan Width": 32, "Plans": [{"Node Type": "Nested Loop", "Parent Relationship": "Outer", "Join Type": "Inner", "Startup Cost": 60000000000.0, "Total Cost": 6018150848076.78, "Plan Rows": 17296, "Plan Width": 32, "Inner Unique": false, "Join Filter": "(orders.o_custkey = customer.c_custkey)", "Plans": [{"Node Type": "Nested Loop", "Parent Relationship": "Outer", "Join Type": "Inner", "Startup Cost": 30000000000.0, "Total Cost": 3017753500294.51, "Plan Rows": 86479, "Plan Width": 40, "Inner Unique": false, "Join Filter": "(lineitem.l_orderkey = orders.o_orderkey)", "Plans": [{"Node Type": "Index Scan", "Parent Relationship": "Outer", "Scan Direction": "Forward", "Index Name": "idx_orders_custkey", "Relation Name": "orders", "Alias": "orders", "Startup Cost": 10000000000.0, "Total Cost": 1000163551268.58, "Plan Rows": 4531967, "Plan Width": 24, "Filter": "((o_orderdate >= '1995-01-01 00:00:00'::timestamp(0) without time zone) AND (o_orderdate <= '1996-12-31 00:00:00'::timestamp(0) without time zone)), (LLVM Optimized)"}, {"Node Type": "Materialize", "Parent Relationship": "Inner", "Startup Cost": 20000000000.0, "Total Cost": 2012516162897.84, "Plan Rows": 74637, "Plan Width": 32, "Plans": [{"Node Type": "Nested Loop", "Parent Relationship": "Outer", "Join Type": "Inner", "Startup Cost": 20000000000.0, "Total Cost": 2012516162524.66, "Plan Rows": 74637, "Plan Width": 32, "Inner Unique": true, "Join Filter": "(part.p_partkey = lineitem.l_partkey)", "Plans": [{"Node Type": "Index Scan", "Parent Relationship": "Outer", "Scan Direction": "Forward", "Index Name": "idx_lineitem_orderkey", "Relation Name": "lineitem", "Alias": "lineitem", "Startup Cost": 10000000000.0, "Total Cost": 1000324015374.5, "Plan Rows": 59987033, "Plan Width": 40}, {"Node Type": "Materialize", "Parent Relationship": "Inner", "Startup Cost": 10000000000.0, "Total Cost": 1000010580392.69, "Plan Rows": 13538, "Plan Width": 8, "Plans": [{"Node Type": "Index Scan", "Parent Relationship": "Outer", "Scan Direction": "Forward", "Index Name": "part_kpey", "Relation Name": "part", "Alias": "part", "Startup Cost": 10000000000.0, "Total Cost": 1000010580325.0, "Plan Rows": 13538, "Plan Width": 8, "Filter": "((p_type)::text = 'SMALL PLATED COPPER'::text)"}]}]}]}]}, {"Node Type": "Materialize", "Parent Relationship": "Inner", "Startup Cost": 30000000000.0, "Total Cost": 3000008193032.26, "Plan Rows": 300000, "Plan Width": 8, "Plans": [{"Node Type": "Nested Loop", "Parent Relationship": "Outer", "Join Type": "Inner", "Startup Cost": 30000000000.0, "Total Cost": 3000008191532.26, "Plan Rows": 300000, "Plan Width": 8, "Inner Unique": false, "Join Filter": "(n1.n_nationkey = customer.c_nationkey), (LLVM Optimized)", "Plans": [{"Node Type": "Index Scan", "Parent Relationship": "Outer", "Scan Direction": "Forward", "Index Name": "customer_pkey", "Relation Name": "customer", "Alias": "customer", "Startup Cost": 10000000000.0, "Total Cost": 1000008076535.62, "Plan Rows": 1500000, "Plan Width": 12}, {"Node Type": "Materialize", "Parent Relationship": "Inner", "Startup Cost": 20000000000.0, "Total Cost": 2000000002496.65, "Plan Rows": 5, "Plan Width": 4, "Plans": [{"Node Type": "Nested Loop", "Parent Relationship": "Outer", "Join Type": "Inner", "Startup Cost": 20000000000.0, "Total Cost": 2000000002496.63, "Plan Rows": 5, "Plan Width": 4, "Inner Unique": true, "Join Filter": "(n1.n_regionkey = region.r_regionkey)", "Plans": [{"Node Type": "Index Scan", "Parent Relationship": "Outer", "Scan Direction": "Forward", "Index Name": "nation_pkey", "Relation Name": "nation", "Alias": "n1", "Startup Cost": 10000000000.0, "Total Cost": 1000000001262.5, "Plan Rows": 25, "Plan Width": 8}, {"Node Type": "Materialize", "Parent Relationship": "Inner", "Startup Cost": 10000000000.0, "Total Cost": 1000000001233.76, "Plan Rows": 1, "Plan Width": 4, "Plans": [{"Node Type": "Index Scan", "Parent Relationship": "Outer", "Scan Direction": "Forward", "Index Name": "region_pkey", "Relation Name": "region", "Alias": "region", "Startup Cost": 10000000000.0, "Total Cost": 1000000001233.75, "Plan Rows": 1, "Plan Width": 4, "Filter": "(r_name = 'ASIA'::bpchar)"}]}]}]}]}]}]}]}]}]}]}, "Unique SQL Id": 3681808042, "Planner Runtime": 10}, "explain_analyze_plan": null}, "(64, 16)": {"explain_plan": {"Plan": {"Node Type": "Sort", "Startup Cost": 497556.85, "Total Cost": 497556.88, "Plan Rows": 10, "Plan Width": 66, "Sort Key": ["(date_part('year'::text, orders.o_orderdate))"], "Plans": [{"Node Type": "Aggregate", "Strategy": "Hashed", "Parent Relationship": "Outer", "Startup Cost": 497556.54, "Total Cost": 497556.69, "Plan Rows": 10, "Plan Width": 66, "Group By Key": ["date_part('year'::text, orders.o_orderdate)"], "Plans": [{"Node Type": "Nested Loop", "Parent Relationship": "Outer", "Join Type": "Inner", "Startup Cost": 447605.57, "Total Cost": 497436.72, "Plan Rows": 5991, "Plan Width": 50, "Inner Unique": true, "Plans": [{"Node Type": "Nested Loop", "Parent Relationship": "Outer", "Join Type": "Inner", "Startup Cost": 447605.57, "Total Cost": 495743.54, "Plan Rows": 5991, "Plan Width": 28, "Inner Unique": false, "Join Filter": "(n1.n_nationkey = customer.c_nationkey)", "Plans": [{"Node Type": "Nested Loop", "Parent Relationship": "Outer", "Join Type": "Inner", "Startup Cost": 447605.57, "Total Cost": 493494.35, "Plan Rows": 29954, "Plan Width": 32, "Inner Unique": true, "Plans": [{"Node Type": "Nested Loop", "Parent Relationship": "Outer", "Join Type": "Inner", "Startup Cost": 447605.57, "Total Cost": 477242.48, "Plan Rows": 51198, "Plan Width": 36, "Inner Unique": true, "Plans": [{"Node Type": "Merge Join", "Parent Relationship": "Outer", "Join Type": "Inner", "Startup Cost": 447605.57, "Total Cost": 454309.6, "Plan Rows": 74637, "Plan Width": 28, "Inner Unique": false, "Merge Cond": "(supplier.s_suppkey = lineitem.l_suppkey)", "Plans": [{"Node Type": "Index Scan", "Parent Relationship": "Outer", "Scan Direction": "Forward", "Index Name": "supplier_pkey", "Relation Name": "supplier", "Alias": "supplier", "Startup Cost": 0.0, "Total Cost": 5334.54, "Plan Rows": 100000, "Plan Width": 12}, {"Node Type": "Sort", "Parent Relationship": "Inner", "Startup Cost": 447605.54, "Total Cost": 447792.13, "Plan Rows": 74637, "Plan Width": 32, "Sort Key": ["lineitem.l_suppkey"], "Plans": [{"Node Type": "Nested Loop", "Parent Relationship": "Outer", "Join Type": "Inner", "Startup Cost": 0.0, "Total Cost": 441564.57, "Plan Rows": 74637, "Plan Width": 32, "Inner Unique": false, "Plans": [{"Node Type": "Seq Scan", "Parent Relationship": "Outer", "Relation Name": "part", "Alias": "part", "Startup Cost": 0.0, "Total Cost": 66944.0, "Plan Rows": 13538, "Plan Width": 8, "Filter": "((p_type)::text = 'SMALL PLATED COPPER'::text)"}, {"Node Type": "Index Scan", "Parent Relationship": "Inner", "Scan Direction": "Forward", "Index Name": "idx_lineitem_part_supp", "Relation Name": "lineitem", "Alias": "lineitem", "Startup Cost": 0.0, "Total Cost": 27.61, "Plan Rows": 6, "Plan Width": 40, "Index Cond": "(l_partkey = part.p_partkey)"}]}]}]}, {"Node Type": "Index Scan", "Parent Relationship": "Inner", "Scan Direction": "Forward", "Index Name": "orders_pkey", "Relation Name": "orders", "Alias": "orders", "Startup Cost": 0.0, "Total Cost": 0.3, "Plan Rows": 1, "Plan Width": 24, "Index Cond": "(o_orderkey = lineitem.l_orderkey)", "Filter": "((o_orderdate >= '1995-01-01 00:00:00'::timestamp(0) without time zone) AND (o_orderdate <= '1996-12-31 00:00:00'::timestamp(0) without time zone))"}]}, {"Node Type": "Index Scan", "Parent Relationship": "Inner", "Scan Direction": "Forward", "Index Name": "customer_pkey", "Relation Name": "customer", "Alias": "customer", "Startup Cost": 0.0, "Total Cost": 0.31, "Plan Rows": 1, "Plan Width": 12, "Index Cond": "(c_custkey = orders.o_custkey)"}]}, {"Node Type": "Materialize", "Parent Relationship": "Inner", "Startup Cost": 0.0, "Total Cost": 2.65, "Plan Rows": 5, "Plan Width": 4, "Plans": [{"Node Type": "Nested Loop", "Parent Relationship": "Outer", "Join Type": "Inner", "Startup Cost": 0.0, "Total Cost": 2.62, "Plan Rows": 5, "Plan Width": 4, "Inner Unique": false, "Join Filter": "(n1.n_regionkey = region.r_regionkey)", "Plans": [{"Node Type": "Seq Scan", "Parent Relationship": "Outer", "Relation Name": "region", "Alias": "region", "Startup Cost": 0.0, "Total Cost": 1.06, "Plan Rows": 1, "Plan Width": 4, "Filter": "(r_name = 'ASIA'::bpchar)"}, {"Node Type": "Seq Scan", "Parent Relationship": "Inner", "Relation Name": "nation", "Alias": "n1", "Startup Cost": 0.0, "Total Cost": 1.25, "Plan Rows": 25, "Plan Width": 8}]}]}]}, {"Node Type": "Index Scan", "Parent Relationship": "Inner", "Scan Direction": "Forward", "Index Name": "nation_pkey", "Relation Name": "nation", "Alias": "n2", "Startup Cost": 0.0, "Total Cost": 0.27, "Plan Rows": 1, "Plan Width": 30, "Index Cond": "(n_nationkey = supplier.s_nationkey)"}]}]}]}, "Unique SQL Id": 3681808042, "Planner Runtime": 6}, "explain_analyze_plan": {"Plan": {"Node Type": "Sort", "Startup Cost": 497556.85, "Total Cost": 497556.88, "Plan Rows": 10, "Plan Width": 66, "Actual Startup Time": 7379.456, "Actual Total Time": 7379.456, "Actual Rows": 2, "Actual Loops": 1, "Sort Key": ["(date_part('year'::text, orders.o_orderdate))"], "Sort Method": "quicksort", "Sort Space Used": 25, "Sort Space Type": "Memory", "Plans": [{"Node Type": "Aggregate", "Strategy": "Hashed", "Parent Relationship": "Outer", "Startup Cost": 497556.54, "Total Cost": 497556.69, "Plan Rows": 10, "Plan Width": 66, "Actual Startup Time": 7379.44, "Actual Total Time": 7379.441, "Actual Rows": 2, "Actual Loops": 1, "Group By Key": ["date_part('year'::text, orders.o_orderdate)"], "Plans": [{"Node Type": "Nested Loop", "Parent Relationship": "Outer", "Join Type": "Inner", "Startup Cost": 447605.57, "Total Cost": 497436.72, "Plan Rows": 5991, "Plan Width": 50, "Actual Startup Time": 2091.767, "Actual Total Time": 7346.713, "Actual Rows": 23929, "Actual Loops": 1, "Inner Unique": true, "Plans": [{"Node Type": "Nested Loop", "Parent Relationship": "Outer", "Join Type": "Inner", "Startup Cost": 447605.57, "Total Cost": 495743.54, "Plan Rows": 5991, "Plan Width": 28, "Actual Startup Time": 2091.742, "Actual Total Time": 7271.305, "Actual Rows": 23929, "Actual Loops": 1, "Inner Unique": false, "Join Filter": "(n1.n_nationkey = customer.c_nationkey)", "Rows Removed by Join Filter": 574896, "Plans": [{"Node Type": "Nested Loop", "Parent Relationship": "Outer", "Join Type": "Inner", "Startup Cost": 447605.57, "Total Cost": 493494.35, "Plan Rows": 29954, "Plan Width": 32, "Actual Startup Time": 2091.547, "Actual Total Time": 7055.909, "Actual Rows": 119765, "Actual Loops": 1, "Inner Unique": true, "Plans": [{"Node Type": "Nested Loop", "Parent Relationship": "Outer", "Join Type": "Inner", "Startup Cost": 447605.57, "Total Cost": 477242.48, "Plan Rows": 51198, "Plan Width": 36, "Actual Startup Time": 2091.525, "Actual Total Time": 6021.746, "Actual Rows": 119765, "Actual Loops": 1, "Inner Unique": true, "Plans": [{"Node Type": "Merge Join", "Parent Relationship": "Outer", "Join Type": "Inner", "Startup Cost": 447605.57, "Total Cost": 454309.6, "Plan Rows": 74637, "Plan Width": 28, "Actual Startup Time": 2091.347, "Actual Total Time": 2397.848, "Actual Rows": 395341, "Actual Loops": 1, "Inner Unique": false, "Merge Cond": "(supplier.s_suppkey = lineitem.l_suppkey)", "Plans": [{"Node Type": "Index Scan", "Parent Relationship": "Outer", "Scan Direction": "Forward", "Index Name": "supplier_pkey", "Relation Name": "supplier", "Alias": "supplier", "Startup Cost": 0.0, "Total Cost": 5334.54, "Plan Rows": 100000, "Plan Width": 12, "Actual Startup Time": 0.021, "Actual Total Time": 75.974, "Actual Rows": 99999, "Actual Loops": 1}, {"Node Type": "Sort", "Parent Relationship": "Inner", "Startup Cost": 447605.54, "Total Cost": 447792.13, "Plan Rows": 74637, "Plan Width": 32, "Actual Startup Time": 2091.308, "Actual Total Time": 2171.794, "Actual Rows": 395341, "Actual Loops": 1, "Sort Key": ["lineitem.l_suppkey"], "Sort Method": "quicksort", "Sort Space Used": 49352, "Sort Space Type": "Memory", "Plans": [{"Node Type": "Nested Loop", "Parent Relationship": "Outer", "Join Type": "Inner", "Startup Cost": 0.0, "Total Cost": 441564.57, "Plan Rows": 74637, "Plan Width": 32, "Actual Startup Time": 0.037, "Actual Total Time": 1939.668, "Actual Rows": 395341, "Actual Loops": 1, "Inner Unique": false, "Plans": [{"Node Type": "Seq Scan", "Parent Relationship": "Outer", "Relation Name": "part", "Alias": "part", "Startup Cost": 0.0, "Total Cost": 66944.0, "Plan Rows": 13538, "Plan Width": 8, "Actual Startup Time": 0.021, "Actual Total Time": 763.324, "Actual Rows": 13163, "Actual Loops": 1, "Filter": "((p_type)::text = 'SMALL PLATED COPPER'::text)", "Rows Removed by Filter": 1986837}, {"Node Type": "Index Scan", "Parent Relationship": "Inner", "Scan Direction": "Forward", "Index Name": "idx_lineitem_part_supp", "Relation Name": "lineitem", "Alias": "lineitem", "Startup Cost": 0.0, "Total Cost": 27.61, "Plan Rows": 6, "Plan Width": 40, "Actual Startup Time": 146.15, "Actual Total Time": 1084.901, "Actual Rows": 395341, "Actual Loops": 13163, "Index Cond": "(l_partkey = part.p_partkey)", "Rows Removed by Index Recheck": 0}]}]}]}, {"Node Type": "Index Scan", "Parent Relationship": "Inner", "Scan Direction": "Forward", "Index Name": "orders_pkey", "Relation Name": "orders", "Alias": "orders", "Startup Cost": 0.0, "Total Cost": 0.3, "Plan Rows": 1, "Plan Width": 24, "Actual Startup Time": 3391.121, "Actual Total Time": 3391.121, "Actual Rows": 119765, "Actual Loops": 395341, "Index Cond": "(o_orderkey = lineitem.l_orderkey)", "Rows Removed by Index Recheck": 0, "Filter": "((o_orderdate >= '1995-01-01 00:00:00'::timestamp(0) without time zone) AND (o_orderdate <= '1996-12-31 00:00:00'::timestamp(0) without time zone))", "Rows Removed by Filter": 275576}]}, {"Node Type": "Index Scan", "Parent Relationship": "Inner", "Scan Direction": "Forward", "Index Name": "customer_pkey", "Relation Name": "customer", "Alias": "customer", "Startup Cost": 0.0, "Total Cost": 0.31, "Plan Rows": 1, "Plan Width": 12, "Actual Startup Time": 931.786, "Actual Total Time": 931.786, "Actual Rows": 119765, "Actual Loops": 119765, "Index Cond": "(c_custkey = orders.o_custkey)", "Rows Removed by Index Recheck": 0}]}, {"Node Type": "Materialize", "Parent Relationship": "Inner", "Startup Cost": 0.0, "Total Cost": 2.65, "Plan Rows": 5, "Plan Width": 4, "Actual Startup Time": 12.468, "Actual Total Time": 64.854, "Actual Rows": 598825, "Actual Loops": 119765, "Plans": [{"Node Type": "Nested Loop", "Parent Relationship": "Outer", "Join Type": "Inner", "Startup Cost": 0.0, "Total Cost": 2.62, "Plan Rows": 5, "Plan Width": 4, "Actual Startup Time": 0.041, "Actual Total Time": 0.05, "Actual Rows": 5, "Actual Loops": 1, "Inner Unique": false, "Join Filter": "(n1.n_regionkey = region.r_regionkey)", "Rows Removed by Join Filter": 20, "Plans": [{"Node Type": "Seq Scan", "Parent Relationship": "Outer", "Relation Name": "region", "Alias": "region", "Startup Cost": 0.0, "Total Cost": 1.06, "Plan Rows": 1, "Plan Width": 4, "Actual Startup Time": 0.014, "Actual Total Time": 0.015, "Actual Rows": 1, "Actual Loops": 1, "Filter": "(r_name = 'ASIA'::bpchar)", "Rows Removed by Filter": 4}, {"Node Type": "Seq Scan", "Parent Relationship": "Inner", "Relation Name": "nation", "Alias": "n1", "Startup Cost": 0.0, "Total Cost": 1.25, "Plan Rows": 25, "Plan Width": 8, "Actual Startup Time": 0.01, "Actual Total Time": 0.014, "Actual Rows": 25, "Actual Loops": 1}]}]}]}, {"Node Type": "Index Scan", "Parent Relationship": "Inner", "Scan Direction": "Forward", "Index Name": "nation_pkey", "Relation Name": "nation", "Alias": "n2", "Startup Cost": 0.0, "Total Cost": 0.27, "Plan Rows": 1, "Plan Width": 30, "Actual Startup Time": 38.744, "Actual Total Time": 38.744, "Actual Rows": 23929, "Actual Loops": 23929, "Index Cond": "(n_nationkey = supplier.s_nationkey)", "Rows Removed by Index Recheck": 0}]}]}]}, "Triggers": [], "Planner Runtime": 6, "Total Runtime": 7379.856, "Unique SQL Id": 3681808042}}, "(64, 17)": {"explain_plan": {"Plan": {"Node Type": "Sort", "Startup Cost": 536434.22, "Total Cost": 536434.24, "Plan Rows": 10, "Plan Width": 66, "Sort Key": ["(date_part('year'::text, orders.o_orderdate))"], "Plans": [{"Node Type": "Aggregate", "Strategy": "Hashed", "Parent Relationship": "Outer", "Startup Cost": 536433.9, "Total Cost": 536434.05, "Plan Rows": 10, "Plan Width": 66, "Group By Key": ["date_part('year'::text, orders.o_orderdate)"], "Plans": [{"Node Type": "Nested Loop", "Parent Relationship": "Outer", "Join Type": "Inner", "Startup Cost": 486464.82, "Total Cost": 536314.08, "Plan Rows": 5991, "Plan Width": 50, "Inner Unique": true, "Plans": [{"Node Type": "Nested Loop", "Parent Relationship": "Outer", "Join Type": "Inner", "Startup Cost": 486464.82, "Total Cost": 534620.9, "Plan Rows": 5991, "Plan Width": 28, "Inner Unique": false, "Join Filter": "(n1.n_nationkey = customer.c_nationkey)", "Plans": [{"Node Type": "Nested Loop", "Parent Relationship": "Outer", "Join Type": "Inner", "Startup Cost": 486464.82, "Total Cost": 532353.6, "Plan Rows": 29954, "Plan Width": 32, "Inner Unique": true, "Plans": [{"Node Type": "Nested Loop", "Parent Relationship": "Outer", "Join Type": "Inner", "Startup Cost": 486464.82, "Total Cost": 516101.73, "Plan Rows": 51198, "Plan Width": 36, "Inner Unique": true, "Plans": [{"Node Type": "Merge Join", "Parent Relationship": "Outer", "Join Type": "Inner", "Startup Cost": 486464.82, "Total Cost": 493168.85, "Plan Rows": 74637, "Plan Width": 28, "Inner Unique": true, "Merge Cond": "(lineitem.l_suppkey = supplier.s_suppkey)", "Plans": [{"Node Type": "Sort", "Parent Relationship": "Outer", "Startup Cost": 486464.79, "Total Cost": 486651.38, "Plan Rows": 74637, "Plan Width": 32, "Sort Key": ["lineitem.l_suppkey"], "Plans": [{"Node Type": "Nested Loop", "Parent Relationship": "Outer", "Join Type": "Inner", "Startup Cost": 0.0, "Total Cost": 480423.82, "Plan Rows": 74637, "Plan Width": 32, "Inner Unique": false, "Plans": [{"Node Type": "Index Scan", "Parent Relationship": "Outer", "Scan Direction": "Forward", "Index Name": "part_kpey", "Relation Name": "part", "Alias": "part", "Startup Cost": 0.0, "Total Cost": 105803.25, "Plan Rows": 13538, "Plan Width": 8, "Filter": "((p_type)::text = 'SMALL PLATED COPPER'::text)"}, {"Node Type": "Index Scan", "Parent Relationship": "Inner", "Scan Direction": "Forward", "Index Name": "idx_lineitem_part_supp", "Relation Name": "lineitem", "Alias": "lineitem", "Startup Cost": 0.0, "Total Cost": 27.61, "Plan Rows": 6, "Plan Width": 40, "Index Cond": "(l_partkey = part.p_partkey)"}]}]}, {"Node Type": "Index Scan", "Parent Relationship": "Inner", "Scan Direction": "Forward", "Index Name": "supplier_pkey", "Relation Name": "supplier", "Alias": "supplier", "Startup Cost": 0.0, "Total Cost": 5334.54, "Plan Rows": 100000, "Plan Width": 12}]}, {"Node Type": "Index Scan", "Parent Relationship": "Inner", "Scan Direction": "Forward", "Index Name": "orders_pkey", "Relation Name": "orders", "Alias": "orders", "Startup Cost": 0.0, "Total Cost": 0.3, "Plan Rows": 1, "Plan Width": 24, "Index Cond": "(o_orderkey = lineitem.l_orderkey)", "Filter": "((o_orderdate >= '1995-01-01 00:00:00'::timestamp(0) without time zone) AND (o_orderdate <= '1996-12-31 00:00:00'::timestamp(0) without time zone))"}]}, {"Node Type": "Index Scan", "Parent Relationship": "Inner", "Scan Direction": "Forward", "Index Name": "customer_pkey", "Relation Name": "customer", "Alias": "customer", "Startup Cost": 0.0, "Total Cost": 0.31, "Plan Rows": 1, "Plan Width": 12, "Index Cond": "(c_custkey = orders.o_custkey)"}]}, {"Node Type": "Materialize", "Parent Relationship": "Inner", "Startup Cost": 0.0, "Total Cost": 20.76, "Plan Rows": 5, "Plan Width": 4, "Plans": [{"Node Type": "Nested Loop", "Parent Relationship": "Outer", "Join Type": "Inner", "Startup Cost": 0.0, "Total Cost": 20.74, "Plan Rows": 5, "Plan Width": 4, "Inner Unique": false, "Plans": [{"Node Type": "Index Scan", "Parent Relationship": "Outer", "Scan Direction": "Forward", "Index Name": "region_pkey", "Relation Name": "region", "Alias": "region", "Startup Cost": 0.0, "Total Cost": 12.34, "Plan Rows": 1, "Plan Width": 4, "Filter": "(r_name = 'ASIA'::bpchar)"}, {"Node Type": "Index Scan", "Parent Relationship": "Inner", "Scan Direction": "Forward", "Index Name": "idx_nation_regionkey", "Relation Name": "nation", "Alias": "n1", "Startup Cost": 0.0, "Total Cost": 8.35, "Plan Rows": 5, "Plan Width": 8, "Index Cond": "(n_regionkey = region.r_regionkey)"}]}]}]}, {"Node Type": "Index Scan", "Parent Relationship": "Inner", "Scan Direction": "Forward", "Index Name": "nation_pkey", "Relation Name": "nation", "Alias": "n2", "Startup Cost": 0.0, "Total Cost": 0.27, "Plan Rows": 1, "Plan Width": 30, "Index Cond": "(n_nationkey = supplier.s_nationkey)"}]}]}]}, "Unique SQL Id": 3681808042, "Planner Runtime": 6}, "explain_analyze_plan": {"Plan": {"Node Type": "Sort", "Startup Cost": 536434.22, "Total Cost": 536434.24, "Plan Rows": 10, "Plan Width": 66, "Actual Startup Time": 7721.332, "Actual Total Time": 7721.333, "Actual Rows": 2, "Actual Loops": 1, "Sort Key": ["(date_part('year'::text, orders.o_orderdate))"], "Sort Method": "quicksort", "Sort Space Used": 25, "Sort Space Type": "Memory", "Plans": [{"Node Type": "Aggregate", "Strategy": "Hashed", "Parent Relationship": "Outer", "Startup Cost": 536433.9, "Total Cost": 536434.05, "Plan Rows": 10, "Plan Width": 66, "Actual Startup Time": 7721.308, "Actual Total Time": 7721.31, "Actual Rows": 2, "Actual Loops": 1, "Group By Key": ["date_part('year'::text, orders.o_orderdate)"], "Plans": [{"Node Type": "Nested Loop", "Parent Relationship": "Outer", "Join Type": "Inner", "Startup Cost": 486464.82, "Total Cost": 536314.08, "Plan Rows": 5991, "Plan Width": 50, "Actual Startup Time": 2627.278, "Actual Total Time": 7688.829, "Actual Rows": 23929, "Actual Loops": 1, "Inner Unique": true, "Plans": [{"Node Type": "Nested Loop", "Parent Relationship": "Outer", "Join Type": "Inner", "Startup Cost": 486464.82, "Total Cost": 534620.9, "Plan Rows": 5991, "Plan Width": 28, "Actual Startup Time": 2627.205, "Actual Total Time": 7612.281, "Actual Rows": 23929, "Actual Loops": 1, "Inner Unique": false, "Join Filter": "(n1.n_nationkey = customer.c_nationkey)", "Rows Removed by Join Filter": 574896, "Plans": [{"Node Type": "Nested Loop", "Parent Relationship": "Outer", "Join Type": "Inner", "Startup Cost": 486464.82, "Total Cost": 532353.6, "Plan Rows": 29954, "Plan Width": 32, "Actual Startup Time": 2627.061, "Actual Total Time": 7398.392, "Actual Rows": 119765, "Actual Loops": 1, "Inner Unique": true, "Plans": [{"Node Type": "Nested Loop", "Parent Relationship": "Outer", "Join Type": "Inner", "Startup Cost": 486464.82, "Total Cost": 516101.73, "Plan Rows": 51198, "Plan Width": 36, "Actual Startup Time": 2627.042, "Actual Total Time": 6420.188, "Actual Rows": 119765, "Actual Loops": 1, "Inner Unique": true, "Plans": [{"Node Type": "Merge Join", "Parent Relationship": "Outer", "Join Type": "Inner", "Startup Cost": 486464.82, "Total Cost": 493168.85, "Plan Rows": 74637, "Plan Width": 28, "Actual Startup Time": 2626.979, "Actual Total Time": 2931.824, "Actual Rows": 395341, "Actual Loops": 1, "Inner Unique": true, "Merge Cond": "(lineitem.l_suppkey = supplier.s_suppkey)", "Plans": [{"Node Type": "Sort", "Parent Relationship": "Outer", "Startup Cost": 486464.79, "Total Cost": 486651.38, "Plan Rows": 74637, "Plan Width": 32, "Actual Startup Time": 2626.94, "Actual Total Time": 2706.281, "Actual Rows": 395341, "Actual Loops": 1, "Sort Key": ["lineitem.l_suppkey"], "Sort Method": "quicksort", "Sort Space Used": 49352, "Sort Space Type": "Memory", "Plans": [{"Node Type": "Nested Loop", "Parent Relationship": "Outer", "Join Type": "Inner", "Startup Cost": 0.0, "Total Cost": 480423.82, "Plan Rows": 74637, "Plan Width": 32, "Actual Startup Time": 0.051, "Actual Total Time": 2478.314, "Actual Rows": 395341, "Actual Loops": 1, "Inner Unique": false, "Plans": [{"Node Type": "Index Scan", "Parent Relationship": "Outer", "Scan Direction": "Forward", "Index Name": "part_kpey", "Relation Name": "part", "Alias": "part", "Startup Cost": 0.0, "Total Cost": 105803.25, "Plan Rows": 13538, "Plan Width": 8, "Actual Startup Time": 0.034, "Actual Total Time": 1311.953, "Actual Rows": 13163, "Actual Loops": 1, "Filter": "((p_type)::text = 'SMALL PLATED COPPER'::text)", "Rows Removed by Filter": 1986837}, {"Node Type": "Index Scan", "Parent Relationship": "Inner", "Scan Direction": "Forward", "Index Name": "idx_lineitem_part_supp", "Relation Name": "lineitem", "Alias": "lineitem", "Startup Cost": 0.0, "Total Cost": 27.61, "Plan Rows": 6, "Plan Width": 40, "Actual Startup Time": 141.104, "Actual Total Time": 1072.195, "Actual Rows": 395341, "Actual Loops": 13163, "Index Cond": "(l_partkey = part.p_partkey)", "Rows Removed by Index Recheck": 0}]}]}, {"Node Type": "Index Scan", "Parent Relationship": "Inner", "Scan Direction": "Forward", "Index Name": "supplier_pkey", "Relation Name": "supplier", "Alias": "supplier", "Startup Cost": 0.0, "Total Cost": 5334.54, "Plan Rows": 100000, "Plan Width": 12, "Actual Startup Time": 0.029, "Actual Total Time": 71.887, "Actual Rows": 99998, "Actual Loops": 1}]}, {"Node Type": "Index Scan", "Parent Relationship": "Inner", "Scan Direction": "Forward", "Index Name": "orders_pkey", "Relation Name": "orders", "Alias": "orders", "Startup Cost": 0.0, "Total Cost": 0.3, "Plan Rows": 1, "Plan Width": 24, "Actual Startup Time": 3251.026, "Actual Total Time": 3251.026, "Actual Rows": 119765, "Actual Loops": 395341, "Index Cond": "(o_orderkey = lineitem.l_orderkey)", "Rows Removed by Index Recheck": 0, "Filter": "((o_orderdate >= '1995-01-01 00:00:00'::timestamp(0) without time zone) AND (o_orderdate <= '1996-12-31 00:00:00'::timestamp(0) without time zone))", "Rows Removed by Filter": 275576}]}, {"Node Type": "Index Scan", "Parent Relationship": "Inner", "Scan Direction": "Forward", "Index Name": "customer_pkey", "Relation Name": "customer", "Alias": "customer", "Startup Cost": 0.0, "Total Cost": 0.31, "Plan Rows": 1, "Plan Width": 12, "Actual Startup Time": 877.396, "Actual Total Time": 877.396, "Actual Rows": 119765, "Actual Loops": 119765, "Index Cond": "(c_custkey = orders.o_custkey)", "Rows Removed by Index Recheck": 0}]}, {"Node Type": "Materialize", "Parent Relationship": "Inner", "Startup Cost": 0.0, "Total Cost": 20.76, "Plan Rows": 5, "Plan Width": 4, "Actual Startup Time": 12.922, "Actual Total Time": 65.428, "Actual Rows": 598825, "Actual Loops": 119765, "Plans": [{"Node Type": "Nested Loop", "Parent Relationship": "Outer", "Join Type": "Inner", "Startup Cost": 0.0, "Total Cost": 20.74, "Plan Rows": 5, "Plan Width": 4, "Actual Startup Time": 0.023, "Actual Total Time": 0.029, "Actual Rows": 5, "Actual Loops": 1, "Inner Unique": false, "Plans": [{"Node Type": "Index Scan", "Parent Relationship": "Outer", "Scan Direction": "Forward", "Index Name": "region_pkey", "Relation Name": "region", "Alias": "region", "Startup Cost": 0.0, "Total Cost": 12.34, "Plan Rows": 1, "Plan Width": 4, "Actual Startup Time": 0.011, "Actual Total Time": 0.013, "Actual Rows": 1, "Actual Loops": 1, "Filter": "(r_name = 'ASIA'::bpchar)", "Rows Removed by Filter": 4}, {"Node Type": "Index Scan", "Parent Relationship": "Inner", "Scan Direction": "Forward", "Index Name": "idx_nation_regionkey", "Relation Name": "nation", "Alias": "n1", "Startup Cost": 0.0, "Total Cost": 8.35, "Plan Rows": 5, "Plan Width": 8, "Actual Startup Time": 0.008, "Actual Total Time": 0.011, "Actual Rows": 5, "Actual Loops": 1, "Index Cond": "(n_regionkey = region.r_regionkey)", "Rows Removed by Index Recheck": 0}]}]}]}, {"Node Type": "Index Scan", "Parent Relationship": "Inner", "Scan Direction": "Forward", "Index Name": "nation_pkey", "Relation Name": "nation", "Alias": "n2", "Startup Cost": 0.0, "Total Cost": 0.27, "Plan Rows": 1, "Plan Width": 30, "Actual Startup Time": 38.689, "Actual Total Time": 38.689, "Actual Rows": 23929, "Actual Loops": 23929, "Index Cond": "(n_nationkey = supplier.s_nationkey)", "Rows Removed by Index Recheck": 0}]}]}]}, "Triggers": [], "Planner Runtime": 7, "Total Runtime": 7721.756, "Unique SQL Id": 3681808042}}, "(64, 18)": {"explain_plan": {"Plan": {"Node Type": "Sort", "Startup Cost": 857930.92, "Total Cost": 857930.94, "Plan Rows": 10, "Plan Width": 66, "Sort Key": ["(date_part('year'::text, orders.o_orderdate))"], "Plans": [{"Node Type": "Aggregate", "Strategy": "Hashed", "Parent Relationship": "Outer", "Startup Cost": 857930.6, "Total Cost": 857930.75, "Plan Rows": 10, "Plan Width": 66, "Group By Key": ["date_part('year'::text, orders.o_orderdate)"], "Plans": [{"Node Type": "Merge Join", "Parent Relationship": "Outer", "Join Type": "Inner", "Startup Cost": 857705.82, "Total Cost": 857810.78, "Plan Rows": 5991, "Plan Width": 50, "Inner Unique": false, "Merge Cond": "(n2.n_nationkey = supplier.s_nationkey)", "Plans": [{"Node Type": "Sort", "Parent Relationship": "Outer", "Startup Cost": 1.83, "Total Cost": 1.89, "Plan Rows": 25, "Plan Width": 30, "Sort Key": ["n2.n_nationkey"], "Plans": [{"Node Type": "Seq Scan", "Parent Relationship": "Outer", "Relation Name": "nation", "Alias": "n2", "Startup Cost": 0.0, "Total Cost": 1.25, "Plan Rows": 25, "Plan Width": 30}]}, {"Node Type": "Sort", "Parent Relationship": "Inner", "Startup Cost": 857703.98, "Total Cost": 857718.96, "Plan Rows": 5991, "Plan Width": 28, "Sort Key": ["supplier.s_nationkey"], "Plans": [{"Node Type": "Merge Join", "Parent Relationship": "Outer", "Join Type": "Inner", "Startup Cost": 856730.62, "Total Cost": 857328.09, "Plan Rows": 5991, "Plan Width": 28, "Inner Unique": true, "Merge Cond": "(lineitem.l_suppkey = supplier.s_suppkey)", "Plans": [{"Node Type": "Sort", "Parent Relationship": "Outer", "Startup Cost": 845142.79, "Total Cost": 845186.03, "Plan Rows": 17296, "Plan Width": 32, "Sort Key": ["lineitem.l_suppkey"], "Plans": [{"Node Type": "Merge Join", "Parent Relationship": "Outer", "Join Type": "Inner", "Startup Cost": 841820.01, "Total Cost": 843925.31, "Plan Rows": 17296, "Plan Width": 32, "Inner Unique": false, "Merge Cond": "(orders.o_custkey = customer.c_custkey)", "Plans": [{"Node Type": "Sort", "Parent Relationship": "Outer", "Startup Cost": 777363.03, "Total Cost": 777579.23, "Plan Rows": 86479, "Plan Width": 40, "Sort Key": ["orders.o_custkey"], "Plans": [{"Node Type": "Nested Loop", "Parent Relationship": "Outer", "Join Type": "Inner", "Startup Cost": 4.47, "Total Cost": 770271.73, "Plan Rows": 86479, "Plan Width": 40, "Inner Unique": true, "Plans": [{"Node Type": "Nested Loop", "Parent Relationship": "Outer", "Join Type": "Inner", "Startup Cost": 4.21, "Total Cost": 450147.9, "Plan Rows": 74637, "Plan Width": 32, "Inner Unique": false, "Plans": [{"Node Type": "Seq Scan", "Parent Relationship": "Outer", "Relation Name": "part", "Alias": "part", "Startup Cost": 0.0, "Total Cost": 66944.0, "Plan Rows": 13538, "Plan Width": 8, "Filter": "((p_type)::text = 'SMALL PLATED COPPER'::text)"}, {"Node Type": "Bitmap Heap Scan", "Parent Relationship": "Inner", "Relation Name": "lineitem", "Alias": "lineitem", "Startup Cost": 4.21, "Total Cost": 28.25, "Plan Rows": 6, "Plan Width": 40, "Recheck Cond": "(l_partkey = part.p_partkey)", "Plans": [{"Node Type": "Bitmap Index Scan", "Parent Relationship": "Outer", "Index Name": "idx_lineitem_part_supp", "Startup Cost": 0.0, "Total Cost": 4.21, "Plan Rows": 6, "Plan Width": 0, "Index Cond": "(l_partkey = part.p_partkey)"}]}]}, {"Node Type": "Bitmap Heap Scan", "Parent Relationship": "Inner", "Relation Name": "orders", "Alias": "orders", "Startup Cost": 0.26, "Total Cost": 4.28, "Plan Rows": 1, "Plan Width": 24, "Recheck Cond": "(o_orderkey = lineitem.l_orderkey)", "Filter": "((o_orderdate >= '1995-01-01 00:00:00'::timestamp(0) without time zone) AND (o_orderdate <= '1996-12-31 00:00:00'::timestamp(0) without time zone))", "Plans": [{"Node Type": "Bitmap Index Scan", "Parent Relationship": "Outer", "Index Name": "orders_pkey", "Startup Cost": 0.0, "Total Cost": 0.26, "Plan Rows": 1, "Plan Width": 0, "Index Cond": "(o_orderkey = lineitem.l_orderkey)"}]}]}]}, {"Node Type": "Sort", "Parent Relationship": "Inner", "Startup Cost": 64456.94, "Total Cost": 65206.94, "Plan Rows": 300000, "Plan Width": 8, "Sort Key": ["customer.c_custkey"], "Plans": [{"Node Type": "Nested Loop", "Parent Relationship": "Outer", "Join Type": "Inner", "Startup Cost": 1030.37, "Total Cost": 37165.03, "Plan Rows": 300000, "Plan Width": 8, "Inner Unique": false, "Plans": [{"Node Type": "Nested Loop", "Parent Relationship": "Outer", "Join Type": "Inner", "Startup Cost": 0.0, "Total Cost": 2.62, "Plan Rows": 5, "Plan Width": 4, "Inner Unique": false, "Join Filter": "(n1.n_regionkey = region.r_regionkey)", "Plans": [{"Node Type": "Seq Scan", "Parent Relationship": "Outer", "Relation Name": "region", "Alias": "region", "Startup Cost": 0.0, "Total Cost": 1.06, "Plan Rows": 1, "Plan Width": 4, "Filter": "(r_name = 'ASIA'::bpchar)"}, {"Node Type": "Seq Scan", "Parent Relationship": "Inner", "Relation Name": "nation", "Alias": "n1", "Startup Cost": 0.0, "Total Cost": 1.25, "Plan Rows": 25, "Plan Width": 8}]}, {"Node Type": "Bitmap Heap Scan", "Parent Relationship": "Inner", "Relation Name": "customer", "Alias": "customer", "Startup Cost": 1030.37, "Total Cost": 6832.48, "Plan Rows": 60000, "Plan Width": 12, "Recheck Cond": "(c_nationkey = n1.n_nationkey)", "Plans": [{"Node Type": "Bitmap Index Scan", "Parent Relationship": "Outer", "Index Name": "idx_customer_nationkey", "Startup Cost": 0.0, "Total Cost": 1015.37, "Plan Rows": 60000, "Plan Width": 0, "Index Cond": "(c_nationkey = n1.n_nationkey)"}]}]}]}]}]}, {"Node Type": "Sort", "Parent Relationship": "Inner", "Startup Cost": 11587.82, "Total Cost": 11837.82, "Plan Rows": 100000, "Plan Width": 12, "Sort Key": ["supplier.s_suppkey"], "Plans": [{"Node Type": "Seq Scan", "Parent Relationship": "Outer", "Relation Name": "supplier", "Alias": "supplier", "Startup Cost": 0.0, "Total Cost": 3283.0, "Plan Rows": 100000, "Plan Width": 12}]}]}]}]}]}]}, "Unique SQL Id": 3681808042, "Planner Runtime": 8}, "explain_analyze_plan": {"Plan": {"Node Type": "Sort", "Startup Cost": 857930.92, "Total Cost": 857930.94, "Plan Rows": 10, "Plan Width": 66, "Actual Startup Time": 7800.663, "Actual Total Time": 7800.664, "Actual Rows": 2, "Actual Loops": 1, "Sort Key": ["(date_part('year'::text, orders.o_orderdate))"], "Sort Method": "quicksort", "Sort Space Used": 25, "Sort Space Type": "Memory", "Plans": [{"Node Type": "Aggregate", "Strategy": "Hashed", "Parent Relationship": "Outer", "Startup Cost": 857930.6, "Total Cost": 857930.75, "Plan Rows": 10, "Plan Width": 66, "Actual Startup Time": 7800.65, "Actual Total Time": 7800.651, "Actual Rows": 2, "Actual Loops": 1, "Group By Key": ["date_part('year'::text, orders.o_orderdate)"], "Plans": [{"Node Type": "Merge Join", "Parent Relationship": "Outer", "Join Type": "Inner", "Startup Cost": 857705.82, "Total Cost": 857810.78, "Plan Rows": 5991, "Plan Width": 50, "Actual Startup Time": 7766.099, "Actual Total Time": 7781.8, "Actual Rows": 23929, "Actual Loops": 1, "Inner Unique": false, "Merge Cond": "(n2.n_nationkey = supplier.s_nationkey)", "Plans": [{"Node Type": "Sort", "Parent Relationship": "Outer", "Startup Cost": 1.83, "Total Cost": 1.89, "Plan Rows": 25, "Plan Width": 30, "Actual Startup Time": 0.036, "Actual Total Time": 0.037, "Actual Rows": 25, "Actual Loops": 1, "Sort Key": ["n2.n_nationkey"], "Sort Method": "quicksort", "Sort Space Used": 27, "Sort Space Type": "Memory", "Plans": [{"Node Type": "Seq Scan", "Parent Relationship": "Outer", "Relation Name": "nation", "Alias": "n2", "Startup Cost": 0.0, "Total Cost": 1.25, "Plan Rows": 25, "Plan Width": 30, "Actual Startup Time": 0.013, "Actual Total Time": 0.019, "Actual Rows": 25, "Actual Loops": 1}]}, {"Node Type": "Sort", "Parent Relationship": "Inner", "Startup Cost": 857703.98, "Total Cost": 857718.96, "Plan Rows": 5991, "Plan Width": 28, "Actual Startup Time": 7766.026, "Actual Total Time": 7768.679, "Actual Rows": 23929, "Actual Loops": 1, "Sort Key": ["supplier.s_nationkey"], "Sort Method": "quicksort", "Sort Space Used": 3012, "Sort Space Type": "Memory", "Plans": [{"Node Type": "Merge Join", "Parent Relationship": "Outer", "Join Type": "Inner", "Startup Cost": 856730.62, "Total Cost": 857328.09, "Plan Rows": 5991, "Plan Width": 28, "Actual Startup Time": 7722.664, "Actual Total Time": 7759.322, "Actual Rows": 23929, "Actual Loops": 1, "Inner Unique": true, "Merge Cond": "(lineitem.l_suppkey = supplier.s_suppkey)", "Plans": [{"Node Type": "Sort", "Parent Relationship": "Outer", "Startup Cost": 845142.79, "Total Cost": 845186.03, "Plan Rows": 17296, "Plan Width": 32, "Actual Startup Time": 7653.786, "Actual Total Time": 7657.172, "Actual Rows": 23929, "Actual Loops": 1, "Sort Key": ["lineitem.l_suppkey"], "Sort Method": "quicksort", "Sort Space Used": 3012, "Sort Space Type": "Memory", "Plans": [{"Node Type": "Merge Join", "Parent Relationship": "Outer", "Join Type": "Inner", "Startup Cost": 841820.01, "Total Cost": 843925.31, "Plan Rows": 17296, "Plan Width": 32, "Actual Startup Time": 7531.959, "Actual Total Time": 7644.856, "Actual Rows": 23929, "Actual Loops": 1, "Inner Unique": false, "Merge Cond": "(orders.o_custkey = customer.c_custkey)", "Plans": [{"Node Type": "Sort", "Parent Relationship": "Outer", "Startup Cost": 777363.03, "Total Cost": 777579.23, "Plan Rows": 86479, "Plan Width": 40, "Actual Startup Time": 6753.187, "Actual Total Time": 6772.988, "Actual Rows": 119765, "Actual Loops": 1, "Sort Key": ["orders.o_custkey"], "Sort Method": "quicksort", "Sort Space Used": 14300, "Sort Space Type": "Memory", "Plans": [{"Node Type": "Nested Loop", "Parent Relationship": "Outer", "Join Type": "Inner", "Startup Cost": 4.47, "Total Cost": 770271.73, "Plan Rows": 86479, "Plan Width": 40, "Actual Startup Time": 0.127, "Actual Total Time": 6688.553, "Actual Rows": 119765, "Actual Loops": 1, "Inner Unique": true, "Plans": [{"Node Type": "Nested Loop", "Parent Relationship": "Outer", "Join Type": "Inner", "Startup Cost": 4.21, "Total Cost": 450147.9, "Plan Rows": 74637, "Plan Width": 32, "Actual Startup Time": 0.057, "Actual Total Time": 2287.067, "Actual Rows": 395341, "Actual Loops": 1, "Inner Unique": false, "Plans": [{"Node Type": "Seq Scan", "Parent Relationship": "Outer", "Relation Name": "part", "Alias": "part", "Startup Cost": 0.0, "Total Cost": 66944.0, "Plan Rows": 13538, "Plan Width": 8, "Actual Startup Time": 0.018, "Actual Total Time": 786.641, "Actual Rows": 13163, "Actual Loops": 1, "Filter": "((p_type)::text = 'SMALL PLATED COPPER'::text)", "Rows Removed by Filter": 1986837}, {"Node Type": "Bitmap Heap Scan", "Parent Relationship": "Inner", "Relation Name": "lineitem", "Alias": "lineitem", "Startup Cost": 4.21, "Total Cost": 28.25, "Plan Rows": 6, "Plan Width": 40, "Actual Startup Time": 262.773, "Actual Total Time": 1388.36, "Actual Rows": 395341, "Actual Loops": 13163, "Recheck Cond": "(l_partkey = part.p_partkey)", "Rows Removed by Index Recheck": 0, "Exact Heap Blocks": 395337, "Lossy Heap Blocks": 395337, "Plans": [{"Node Type": "Bitmap Index Scan", "Parent Relationship": "Outer", "Index Name": "idx_lineitem_part_supp", "Startup Cost": 0.0, "Total Cost": 4.21, "Plan Rows": 6, "Plan Width": 0, "Actual Startup Time": 173.458, "Actual Total Time": 173.458, "Actual Rows": 395341, "Actual Loops": 13163, "Index Cond": "(l_partkey = part.p_partkey)"}]}]}, {"Node Type": "Bitmap Heap Scan", "Parent Relationship": "Inner", "Relation Name": "orders", "Alias": "orders", "Startup Cost": 0.26, "Total Cost": 4.28, "Plan Rows": 1, "Plan Width": 24, "Actual Startup Time": 3924.567, "Actual Total Time": 3924.567, "Actual Rows": 119765, "Actual Loops": 395341, "Recheck Cond": "(o_orderkey = lineitem.l_orderkey)", "Rows Removed by Index Recheck": 0, "Filter": "((o_orderdate >= '1995-01-01 00:00:00'::timestamp(0) without time zone) AND (o_orderdate <= '1996-12-31 00:00:00'::timestamp(0) without time zone))", "Rows Removed by Filter": 275576, "Exact Heap Blocks": 395341, "Lossy Heap Blocks": 395341, "Plans": [{"Node Type": "Bitmap Index Scan", "Parent Relationship": "Outer", "Index Name": "orders_pkey", "Startup Cost": 0.0, "Total Cost": 0.26, "Plan Rows": 1, "Plan Width": 0, "Actual Startup Time": 2372.4, "Actual Total Time": 2372.4, "Actual Rows": 395341, "Actual Loops": 395341, "Index Cond": "(o_orderkey = lineitem.l_orderkey)"}]}]}]}, {"Node Type": "Sort", "Parent Relationship": "Inner", "Startup Cost": 64456.94, "Total Cost": 65206.94, "Plan Rows": 300000, "Plan Width": 8, "Actual Startup Time": 778.758, "Actual Total Time": 807.901, "Actual Rows": 301987, "Actual Loops": 1, "Sort Key": ["customer.c_custkey"], "Sort Method": "quicksort", "Sort Space Used": 31055, "Sort Space Type": "Memory", "Plans": [{"Node Type": "Nested Loop", "Parent Relationship": "Outer", "Join Type": "Inner", "Startup Cost": 1030.37, "Total Cost": 37165.03, "Plan Rows": 300000, "Plan Width": 8, "Actual Startup Time": 18.16, "Actual Total Time": 679.28, "Actual Rows": 300270, "Actual Loops": 1, "Inner Unique": false, "Plans": [{"Node Type": "Nested Loop", "Parent Relationship": "Outer", "Join Type": "Inner", "Startup Cost": 0.0, "Total Cost": 2.62, "Plan Rows": 5, "Plan Width": 4, "Actual Startup Time": 0.064, "Actual Total Time": 0.113, "Actual Rows": 5, "Actual Loops": 1, "Inner Unique": false, "Join Filter": "(n1.n_regionkey = region.r_regionkey)", "Rows Removed by Join Filter": 20, "Plans": [{"Node Type": "Seq Scan", "Parent Relationship": "Outer", "Relation Name": "region", "Alias": "region", "Startup Cost": 0.0, "Total Cost": 1.06, "Plan Rows": 1, "Plan Width": 4, "Actual Startup Time": 0.028, "Actual Total Time": 0.032, "Actual Rows": 1, "Actual Loops": 1, "Filter": "(r_name = 'ASIA'::bpchar)", "Rows Removed by Filter": 4}, {"Node Type": "Seq Scan", "Parent Relationship": "Inner", "Relation Name": "nation", "Alias": "n1", "Startup Cost": 0.0, "Total Cost": 1.25, "Plan Rows": 25, "Plan Width": 8, "Actual Startup Time": 0.012, "Actual Total Time": 0.026, "Actual Rows": 25, "Actual Loops": 1}]}, {"Node Type": "Bitmap Heap Scan", "Parent Relationship": "Inner", "Relation Name": "customer", "Alias": "customer", "Startup Cost": 1030.37, "Total Cost": 6832.48, "Plan Rows": 60000, "Plan Width": 12, "Actual Startup Time": 89.483, "Actual Total Time": 626.06, "Actual Rows": 300270, "Actual Loops": 5, "Recheck Cond": "(c_nationkey = n1.n_nationkey)", "Rows Removed by Index Recheck": 0, "Exact Heap Blocks": 150032, "Lossy Heap Blocks": 150032, "Plans": [{"Node Type": "Bitmap Index Scan", "Parent Relationship": "Outer", "Index Name": "idx_customer_nationkey", "Startup Cost": 0.0, "Total Cost": 1015.37, "Plan Rows": 60000, "Plan Width": 0, "Actual Startup Time": 56.513, "Actual Total Time": 56.513, "Actual Rows": 300270, "Actual Loops": 5, "Index Cond": "(c_nationkey = n1.n_nationkey)"}]}]}]}]}]}, {"Node Type": "Sort", "Parent Relationship": "Inner", "Startup Cost": 11587.82, "Total Cost": 11837.82, "Plan Rows": 100000, "Plan Width": 12, "Actual Startup Time": 68.868, "Actual Total Time": 79.009, "Actual Rows": 99998, "Actual Loops": 1, "Sort Key": ["supplier.s_suppkey"], "Sort Method": "quicksort", "Sort Space Used": 12448, "Sort Space Type": "Memory", "Plans": [{"Node Type": "Seq Scan", "Parent Relationship": "Outer", "Relation Name": "supplier", "Alias": "supplier", "Startup Cost": 0.0, "Total Cost": 3283.0, "Plan Rows": 100000, "Plan Width": 12, "Actual Startup Time": 0.03, "Actual Total Time": 37.967, "Actual Rows": 100000, "Actual Loops": 1}]}]}]}]}]}]}, "Triggers": [], "Planner Runtime": 7, "Total Runtime": 7801.229, "Unique SQL Id": 3681808042}}, "(64, 19)": {"explain_plan": {"Plan": {"Node Type": "Sort", "Startup Cost": 66661878.45, "Total Cost": 66661878.48, "Plan Rows": 10, "Plan Width": 66, "Sort Key": ["(date_part('year'::text, orders.o_orderdate))"], "Plans": [{"Node Type": "Aggregate", "Strategy": "Hashed", "Parent Relationship": "Outer", "Startup Cost": 66661878.14, "Total Cost": 66661878.29, "Plan Rows": 10, "Plan Width": 66, "Group By Key": ["date_part('year'::text, orders.o_orderdate)"], "Plans": [{"Node Type": "Nested Loop", "Parent Relationship": "Outer", "Join Type": "Inner", "Startup Cost": 115915.31, "Total Cost": 66661758.32, "Plan Rows": 5991, "Plan Width": 50, "Inner Unique": true, "Plans": [{"Node Type": "Nested Loop", "Parent Relationship": "Outer", "Join Type": "Inner", "Startup Cost": 115915.05, "Total Cost": 66636099.88, "Plan Rows": 5991, "Plan Width": 28, "Inner Unique": true, "Plans": [{"Node Type": "Nested Loop", "Parent Relationship": "Outer", "Join Type": "Inner", "Startup Cost": 115914.79, "Total Cost": 66562068.23, "Plan Rows": 17296, "Plan Width": 32, "Inner Unique": true, "Plans": [{"Node Type": "Nested Loop", "Parent Relationship": "Outer", "Join Type": "Inner", "Startup Cost": 115914.53, "Total Cost": 45938880.46, "Plan Rows": 4814867, "Plan Width": 40, "Inner Unique": false, "Plans": [{"Node Type": "Nested Loop", "Parent Relationship": "Outer", "Join Type": "Inner", "Startup Cost": 115914.01, "Total Cost": 43432501.27, "Plan Rows": 530296, "Plan Width": 16, "Inner Unique": true, "Plans": [{"Node Type": "Nested Loop", "Parent Relationship": "Outer", "Join Type": "Inner", "Startup Cost": 115913.43, "Total Cost": 31228406.3, "Plan Rows": 2651479, "Plan Width": 20, "Inner Unique": true, "Plans": [{"Node Type": "Nested Loop", "Parent Relationship": "Outer", "Join Type": "Inner", "Startup Cost": 115913.17, "Total Cost": 19879399.17, "Plan Rows": 2651479, "Plan Width": 20, "Inner Unique": true, "Plans": [{"Node Type": "Bitmap Heap Scan", "Parent Relationship": "Outer", "Relation Name": "orders", "Alias": "orders", "Startup Cost": 115912.91, "Total Cost": 460311.42, "Plan Rows": 4531967, "Plan Width": 24, "Recheck Cond": "((o_orderdate >= '1995-01-01 00:00:00'::timestamp(0) without time zone) AND (o_orderdate <= '1996-12-31 00:00:00'::timestamp(0) without time zone)), (LLVM Optimized)", "Plans": [{"Node Type": "Bitmap Index Scan", "Parent Relationship": "Outer", "Index Name": "idx_orders_orderdate", "Startup Cost": 0.0, "Total Cost": 114779.92, "Plan Rows": 4531967, "Plan Width": 0, "Index Cond": "((o_orderdate >= '1995-01-01 00:00:00'::timestamp(0) without time zone) AND (o_orderdate <= '1996-12-31 00:00:00'::timestamp(0) without time zone))"}]}, {"Node Type": "Bitmap Heap Scan", "Parent Relationship": "Inner", "Relation Name": "customer", "Alias": "customer", "Startup Cost": 0.26, "Total Cost": 4.27, "Plan Rows": 1, "Plan Width": 12, "Recheck Cond": "(c_custkey = orders.o_custkey)", "Plans": [{"Node Type": "Bitmap Index Scan", "Parent Relationship": "Outer", "Index Name": "customer_pkey", "Startup Cost": 0.0, "Total Cost": 0.26, "Plan Rows": 1, "Plan Width": 0, "Index Cond": "(c_custkey = orders.o_custkey)"}]}]}, {"Node Type": "Bitmap Heap Scan", "Parent Relationship": "Inner", "Relation Name": "nation", "Alias": "n1", "Startup Cost": 0.26, "Total Cost": 4.27, "Plan Rows": 1, "Plan Width": 8, "Recheck Cond": "(n_nationkey = customer.c_nationkey)", "Plans": [{"Node Type": "Bitmap Index Scan", "Parent Relationship": "Outer", "Index Name": "nation_pkey", "Startup Cost": 0.0, "Total Cost": 0.26, "Plan Rows": 1, "Plan Width": 0, "Index Cond": "(n_nationkey = customer.c_nationkey)"}]}]}, {"Node Type": "Bitmap Heap Scan", "Parent Relationship": "Inner", "Relation Name": "region", "Alias": "region", "Startup Cost": 0.58, "Total Cost": 4.59, "Plan Rows": 1, "Plan Width": 4, "Recheck Cond": "(r_regionkey = n1.n_regionkey)", "Filter": "(r_name = 'ASIA'::bpchar)", "Plans": [{"Node Type": "Bitmap Index Scan", "Parent Relationship": "Outer", "Index Name": "region_pkey", "Startup Cost": 0.0, "Total Cost": 0.58, "Plan Rows": 1, "Plan Width": 0, "Index Cond": "(r_regionkey = n1.n_regionkey)"}]}]}, {"Node Type": "Bitmap Heap Scan", "Parent Relationship": "Inner", "Relation Name": "lineitem", "Alias": "lineitem", "Startup Cost": 0.52, "Total Cost": 4.64, "Plan Rows": 9, "Plan Width": 40, "Recheck Cond": "(l_orderkey = orders.o_orderkey)", "Plans": [{"Node Type": "Bitmap Index Scan", "Parent Relationship": "Outer", "Index Name": "idx_lineitem_orderkey", "Startup Cost": 0.0, "Total Cost": 0.52, "Plan Rows": 9, "Plan Width": 0, "Index Cond": "(l_orderkey = orders.o_orderkey)"}]}]}, {"Node Type": "Bitmap Heap Scan", "Parent Relationship": "Inner", "Relation Name": "part", "Alias": "part", "Startup Cost": 0.26, "Total Cost": 4.27, "Plan Rows": 1, "Plan Width": 8, "Recheck Cond": "(p_partkey = lineitem.l_partkey)", "Filter": "((p_type)::text = 'SMALL PLATED COPPER'::text)", "Plans": [{"Node Type": "Bitmap Index Scan", "Parent Relationship": "Outer", "Index Name": "part_kpey", "Startup Cost": 0.0, "Total Cost": 0.26, "Plan Rows": 1, "Plan Width": 0, "Index Cond": "(p_partkey = lineitem.l_partkey)"}]}]}, {"Node Type": "Bitmap Heap Scan", "Parent Relationship": "Inner", "Relation Name": "supplier", "Alias": "supplier", "Startup Cost": 0.26, "Total Cost": 4.27, "Plan Rows": 1, "Plan Width": 12, "Recheck Cond": "(s_suppkey = lineitem.l_suppkey)", "Plans": [{"Node Type": "Bitmap Index Scan", "Parent Relationship": "Outer", "Index Name": "supplier_pkey", "Startup Cost": 0.0, "Total Cost": 0.26, "Plan Rows": 1, "Plan Width": 0, "Index Cond": "(s_suppkey = lineitem.l_suppkey)"}]}]}, {"Node Type": "Bitmap Heap Scan", "Parent Relationship": "Inner", "Relation Name": "nation", "Alias": "n2", "Startup Cost": 0.26, "Total Cost": 4.27, "Plan Rows": 1, "Plan Width": 30, "Recheck Cond": "(n_nationkey = supplier.s_nationkey)", "Plans": [{"Node Type": "Bitmap Index Scan", "Parent Relationship": "Outer", "Index Name": "nation_pkey", "Startup Cost": 0.0, "Total Cost": 0.26, "Plan Rows": 1, "Plan Width": 0, "Index Cond": "(n_nationkey = supplier.s_nationkey)"}]}]}]}]}, "Unique SQL Id": 3681808042, "Planner Runtime": 5}, "explain_analyze_plan": null}, "(64, 20)": {"explain_plan": {"Plan": {"Node Type": "Sort", "Startup Cost": 497556.85, "Total Cost": 497556.88, "Plan Rows": 10, "Plan Width": 66, "Sort Key": ["(date_part('year'::text, orders.o_orderdate))"], "Plans": [{"Node Type": "Aggregate", "Strategy": "Hashed", "Parent Relationship": "Outer", "Startup Cost": 497556.54, "Total Cost": 497556.69, "Plan Rows": 10, "Plan Width": 66, "Group By Key": ["date_part('year'::text, orders.o_orderdate)"], "Plans": [{"Node Type": "Nested Loop", "Parent Relationship": "Outer", "Join Type": "Inner", "Startup Cost": 447605.57, "Total Cost": 497436.72, "Plan Rows": 5991, "Plan Width": 50, "Inner Unique": true, "Plans": [{"Node Type": "Nested Loop", "Parent Relationship": "Outer", "Join Type": "Inner", "Startup Cost": 447605.57, "Total Cost": 495743.54, "Plan Rows": 5991, "Plan Width": 28, "Inner Unique": false, "Join Filter": "(n1.n_nationkey = customer.c_nationkey)", "Plans": [{"Node Type": "Nested Loop", "Parent Relationship": "Outer", "Join Type": "Inner", "Startup Cost": 447605.57, "Total Cost": 493494.35, "Plan Rows": 29954, "Plan Width": 32, "Inner Unique": true, "Plans": [{"Node Type": "Nested Loop", "Parent Relationship": "Outer", "Join Type": "Inner", "Startup Cost": 447605.57, "Total Cost": 477242.48, "Plan Rows": 51198, "Plan Width": 36, "Inner Unique": true, "Plans": [{"Node Type": "Merge Join", "Parent Relationship": "Outer", "Join Type": "Inner", "Startup Cost": 447605.57, "Total Cost": 454309.6, "Plan Rows": 74637, "Plan Width": 28, "Inner Unique": false, "Merge Cond": "(supplier.s_suppkey = lineitem.l_suppkey)", "Plans": [{"Node Type": "Index Scan", "Parent Relationship": "Outer", "Scan Direction": "Forward", "Index Name": "supplier_pkey", "Relation Name": "supplier", "Alias": "supplier", "Startup Cost": 0.0, "Total Cost": 5334.54, "Plan Rows": 100000, "Plan Width": 12}, {"Node Type": "Sort", "Parent Relationship": "Inner", "Startup Cost": 447605.54, "Total Cost": 447792.13, "Plan Rows": 74637, "Plan Width": 32, "Sort Key": ["lineitem.l_suppkey"], "Plans": [{"Node Type": "Nested Loop", "Parent Relationship": "Outer", "Join Type": "Inner", "Startup Cost": 0.0, "Total Cost": 441564.57, "Plan Rows": 74637, "Plan Width": 32, "Inner Unique": false, "Plans": [{"Node Type": "Seq Scan", "Parent Relationship": "Outer", "Relation Name": "part", "Alias": "part", "Startup Cost": 0.0, "Total Cost": 66944.0, "Plan Rows": 13538, "Plan Width": 8, "Filter": "((p_type)::text = 'SMALL PLATED COPPER'::text)"}, {"Node Type": "Index Scan", "Parent Relationship": "Inner", "Scan Direction": "Forward", "Index Name": "idx_lineitem_part_supp", "Relation Name": "lineitem", "Alias": "lineitem", "Startup Cost": 0.0, "Total Cost": 27.61, "Plan Rows": 6, "Plan Width": 40, "Index Cond": "(l_partkey = part.p_partkey)"}]}]}]}, {"Node Type": "Index Scan", "Parent Relationship": "Inner", "Scan Direction": "Forward", "Index Name": "orders_pkey", "Relation Name": "orders", "Alias": "orders", "Startup Cost": 0.0, "Total Cost": 0.3, "Plan Rows": 1, "Plan Width": 24, "Index Cond": "(o_orderkey = lineitem.l_orderkey)", "Filter": "((o_orderdate >= '1995-01-01 00:00:00'::timestamp(0) without time zone) AND (o_orderdate <= '1996-12-31 00:00:00'::timestamp(0) without time zone))"}]}, {"Node Type": "Index Scan", "Parent Relationship": "Inner", "Scan Direction": "Forward", "Index Name": "customer_pkey", "Relation Name": "customer", "Alias": "customer", "Startup Cost": 0.0, "Total Cost": 0.31, "Plan Rows": 1, "Plan Width": 12, "Index Cond": "(c_custkey = orders.o_custkey)"}]}, {"Node Type": "Materialize", "Parent Relationship": "Inner", "Startup Cost": 0.0, "Total Cost": 2.65, "Plan Rows": 5, "Plan Width": 4, "Plans": [{"Node Type": "Nested Loop", "Parent Relationship": "Outer", "Join Type": "Inner", "Startup Cost": 0.0, "Total Cost": 2.62, "Plan Rows": 5, "Plan Width": 4, "Inner Unique": false, "Join Filter": "(n1.n_regionkey = region.r_regionkey)", "Plans": [{"Node Type": "Seq Scan", "Parent Relationship": "Outer", "Relation Name": "region", "Alias": "region", "Startup Cost": 0.0, "Total Cost": 1.06, "Plan Rows": 1, "Plan Width": 4, "Filter": "(r_name = 'ASIA'::bpchar)"}, {"Node Type": "Seq Scan", "Parent Relationship": "Inner", "Relation Name": "nation", "Alias": "n1", "Startup Cost": 0.0, "Total Cost": 1.25, "Plan Rows": 25, "Plan Width": 8}]}]}]}, {"Node Type": "Index Scan", "Parent Relationship": "Inner", "Scan Direction": "Forward", "Index Name": "nation_pkey", "Relation Name": "nation", "Alias": "n2", "Startup Cost": 0.0, "Total Cost": 0.27, "Plan Rows": 1, "Plan Width": 30, "Index Cond": "(n_nationkey = supplier.s_nationkey)"}]}]}]}, "Unique SQL Id": 3681808042, "Planner Runtime": 6}, "explain_analyze_plan": {"Plan": {"Node Type": "Sort", "Startup Cost": 497556.85, "Total Cost": 497556.88, "Plan Rows": 10, "Plan Width": 66, "Actual Startup Time": 7379.456, "Actual Total Time": 7379.456, "Actual Rows": 2, "Actual Loops": 1, "Sort Key": ["(date_part('year'::text, orders.o_orderdate))"], "Sort Method": "quicksort", "Sort Space Used": 25, "Sort Space Type": "Memory", "Plans": [{"Node Type": "Aggregate", "Strategy": "Hashed", "Parent Relationship": "Outer", "Startup Cost": 497556.54, "Total Cost": 497556.69, "Plan Rows": 10, "Plan Width": 66, "Actual Startup Time": 7379.44, "Actual Total Time": 7379.441, "Actual Rows": 2, "Actual Loops": 1, "Group By Key": ["date_part('year'::text, orders.o_orderdate)"], "Plans": [{"Node Type": "Nested Loop", "Parent Relationship": "Outer", "Join Type": "Inner", "Startup Cost": 447605.57, "Total Cost": 497436.72, "Plan Rows": 5991, "Plan Width": 50, "Actual Startup Time": 2091.767, "Actual Total Time": 7346.713, "Actual Rows": 23929, "Actual Loops": 1, "Inner Unique": true, "Plans": [{"Node Type": "Nested Loop", "Parent Relationship": "Outer", "Join Type": "Inner", "Startup Cost": 447605.57, "Total Cost": 495743.54, "Plan Rows": 5991, "Plan Width": 28, "Actual Startup Time": 2091.742, "Actual Total Time": 7271.305, "Actual Rows": 23929, "Actual Loops": 1, "Inner Unique": false, "Join Filter": "(n1.n_nationkey = customer.c_nationkey)", "Rows Removed by Join Filter": 574896, "Plans": [{"Node Type": "Nested Loop", "Parent Relationship": "Outer", "Join Type": "Inner", "Startup Cost": 447605.57, "Total Cost": 493494.35, "Plan Rows": 29954, "Plan Width": 32, "Actual Startup Time": 2091.547, "Actual Total Time": 7055.909, "Actual Rows": 119765, "Actual Loops": 1, "Inner Unique": true, "Plans": [{"Node Type": "Nested Loop", "Parent Relationship": "Outer", "Join Type": "Inner", "Startup Cost": 447605.57, "Total Cost": 477242.48, "Plan Rows": 51198, "Plan Width": 36, "Actual Startup Time": 2091.525, "Actual Total Time": 6021.746, "Actual Rows": 119765, "Actual Loops": 1, "Inner Unique": true, "Plans": [{"Node Type": "Merge Join", "Parent Relationship": "Outer", "Join Type": "Inner", "Startup Cost": 447605.57, "Total Cost": 454309.6, "Plan Rows": 74637, "Plan Width": 28, "Actual Startup Time": 2091.347, "Actual Total Time": 2397.848, "Actual Rows": 395341, "Actual Loops": 1, "Inner Unique": false, "Merge Cond": "(supplier.s_suppkey = lineitem.l_suppkey)", "Plans": [{"Node Type": "Index Scan", "Parent Relationship": "Outer", "Scan Direction": "Forward", "Index Name": "supplier_pkey", "Relation Name": "supplier", "Alias": "supplier", "Startup Cost": 0.0, "Total Cost": 5334.54, "Plan Rows": 100000, "Plan Width": 12, "Actual Startup Time": 0.021, "Actual Total Time": 75.974, "Actual Rows": 99999, "Actual Loops": 1}, {"Node Type": "Sort", "Parent Relationship": "Inner", "Startup Cost": 447605.54, "Total Cost": 447792.13, "Plan Rows": 74637, "Plan Width": 32, "Actual Startup Time": 2091.308, "Actual Total Time": 2171.794, "Actual Rows": 395341, "Actual Loops": 1, "Sort Key": ["lineitem.l_suppkey"], "Sort Method": "quicksort", "Sort Space Used": 49352, "Sort Space Type": "Memory", "Plans": [{"Node Type": "Nested Loop", "Parent Relationship": "Outer", "Join Type": "Inner", "Startup Cost": 0.0, "Total Cost": 441564.57, "Plan Rows": 74637, "Plan Width": 32, "Actual Startup Time": 0.037, "Actual Total Time": 1939.668, "Actual Rows": 395341, "Actual Loops": 1, "Inner Unique": false, "Plans": [{"Node Type": "Seq Scan", "Parent Relationship": "Outer", "Relation Name": "part", "Alias": "part", "Startup Cost": 0.0, "Total Cost": 66944.0, "Plan Rows": 13538, "Plan Width": 8, "Actual Startup Time": 0.021, "Actual Total Time": 763.324, "Actual Rows": 13163, "Actual Loops": 1, "Filter": "((p_type)::text = 'SMALL PLATED COPPER'::text)", "Rows Removed by Filter": 1986837}, {"Node Type": "Index Scan", "Parent Relationship": "Inner", "Scan Direction": "Forward", "Index Name": "idx_lineitem_part_supp", "Relation Name": "lineitem", "Alias": "lineitem", "Startup Cost": 0.0, "Total Cost": 27.61, "Plan Rows": 6, "Plan Width": 40, "Actual Startup Time": 146.15, "Actual Total Time": 1084.901, "Actual Rows": 395341, "Actual Loops": 13163, "Index Cond": "(l_partkey = part.p_partkey)", "Rows Removed by Index Recheck": 0}]}]}]}, {"Node Type": "Index Scan", "Parent Relationship": "Inner", "Scan Direction": "Forward", "Index Name": "orders_pkey", "Relation Name": "orders", "Alias": "orders", "Startup Cost": 0.0, "Total Cost": 0.3, "Plan Rows": 1, "Plan Width": 24, "Actual Startup Time": 3391.121, "Actual Total Time": 3391.121, "Actual Rows": 119765, "Actual Loops": 395341, "Index Cond": "(o_orderkey = lineitem.l_orderkey)", "Rows Removed by Index Recheck": 0, "Filter": "((o_orderdate >= '1995-01-01 00:00:00'::timestamp(0) without time zone) AND (o_orderdate <= '1996-12-31 00:00:00'::timestamp(0) without time zone))", "Rows Removed by Filter": 275576}]}, {"Node Type": "Index Scan", "Parent Relationship": "Inner", "Scan Direction": "Forward", "Index Name": "customer_pkey", "Relation Name": "customer", "Alias": "customer", "Startup Cost": 0.0, "Total Cost": 0.31, "Plan Rows": 1, "Plan Width": 12, "Actual Startup Time": 931.786, "Actual Total Time": 931.786, "Actual Rows": 119765, "Actual Loops": 119765, "Index Cond": "(c_custkey = orders.o_custkey)", "Rows Removed by Index Recheck": 0}]}, {"Node Type": "Materialize", "Parent Relationship": "Inner", "Startup Cost": 0.0, "Total Cost": 2.65, "Plan Rows": 5, "Plan Width": 4, "Actual Startup Time": 12.468, "Actual Total Time": 64.854, "Actual Rows": 598825, "Actual Loops": 119765, "Plans": [{"Node Type": "Nested Loop", "Parent Relationship": "Outer", "Join Type": "Inner", "Startup Cost": 0.0, "Total Cost": 2.62, "Plan Rows": 5, "Plan Width": 4, "Actual Startup Time": 0.041, "Actual Total Time": 0.05, "Actual Rows": 5, "Actual Loops": 1, "Inner Unique": false, "Join Filter": "(n1.n_regionkey = region.r_regionkey)", "Rows Removed by Join Filter": 20, "Plans": [{"Node Type": "Seq Scan", "Parent Relationship": "Outer", "Relation Name": "region", "Alias": "region", "Startup Cost": 0.0, "Total Cost": 1.06, "Plan Rows": 1, "Plan Width": 4, "Actual Startup Time": 0.014, "Actual Total Time": 0.015, "Actual Rows": 1, "Actual Loops": 1, "Filter": "(r_name = 'ASIA'::bpchar)", "Rows Removed by Filter": 4}, {"Node Type": "Seq Scan", "Parent Relationship": "Inner", "Relation Name": "nation", "Alias": "n1", "Startup Cost": 0.0, "Total Cost": 1.25, "Plan Rows": 25, "Plan Width": 8, "Actual Startup Time": 0.01, "Actual Total Time": 0.014, "Actual Rows": 25, "Actual Loops": 1}]}]}]}, {"Node Type": "Index Scan", "Parent Relationship": "Inner", "Scan Direction": "Forward", "Index Name": "nation_pkey", "Relation Name": "nation", "Alias": "n2", "Startup Cost": 0.0, "Total Cost": 0.27, "Plan Rows": 1, "Plan Width": 30, "Actual Startup Time": 38.744, "Actual Total Time": 38.744, "Actual Rows": 23929, "Actual Loops": 23929, "Index Cond": "(n_nationkey = supplier.s_nationkey)", "Rows Removed by Index Recheck": 0}]}]}]}, "Triggers": [], "Planner Runtime": 6, "Total Runtime": 7379.856, "Unique SQL Id": 3681808042}}, "(64, 21)": {"explain_plan": {"Plan": {"Node Type": "Sort", "Startup Cost": 536434.22, "Total Cost": 536434.24, "Plan Rows": 10, "Plan Width": 66, "Sort Key": ["(date_part('year'::text, orders.o_orderdate))"], "Plans": [{"Node Type": "Aggregate", "Strategy": "Hashed", "Parent Relationship": "Outer", "Startup Cost": 536433.9, "Total Cost": 536434.05, "Plan Rows": 10, "Plan Width": 66, "Group By Key": ["date_part('year'::text, orders.o_orderdate)"], "Plans": [{"Node Type": "Nested Loop", "Parent Relationship": "Outer", "Join Type": "Inner", "Startup Cost": 486464.82, "Total Cost": 536314.08, "Plan Rows": 5991, "Plan Width": 50, "Inner Unique": true, "Plans": [{"Node Type": "Nested Loop", "Parent Relationship": "Outer", "Join Type": "Inner", "Startup Cost": 486464.82, "Total Cost": 534620.9, "Plan Rows": 5991, "Plan Width": 28, "Inner Unique": false, "Join Filter": "(n1.n_nationkey = customer.c_nationkey)", "Plans": [{"Node Type": "Nested Loop", "Parent Relationship": "Outer", "Join Type": "Inner", "Startup Cost": 486464.82, "Total Cost": 532353.6, "Plan Rows": 29954, "Plan Width": 32, "Inner Unique": true, "Plans": [{"Node Type": "Nested Loop", "Parent Relationship": "Outer", "Join Type": "Inner", "Startup Cost": 486464.82, "Total Cost": 516101.73, "Plan Rows": 51198, "Plan Width": 36, "Inner Unique": true, "Plans": [{"Node Type": "Merge Join", "Parent Relationship": "Outer", "Join Type": "Inner", "Startup Cost": 486464.82, "Total Cost": 493168.85, "Plan Rows": 74637, "Plan Width": 28, "Inner Unique": true, "Merge Cond": "(lineitem.l_suppkey = supplier.s_suppkey)", "Plans": [{"Node Type": "Sort", "Parent Relationship": "Outer", "Startup Cost": 486464.79, "Total Cost": 486651.38, "Plan Rows": 74637, "Plan Width": 32, "Sort Key": ["lineitem.l_suppkey"], "Plans": [{"Node Type": "Nested Loop", "Parent Relationship": "Outer", "Join Type": "Inner", "Startup Cost": 0.0, "Total Cost": 480423.82, "Plan Rows": 74637, "Plan Width": 32, "Inner Unique": false, "Plans": [{"Node Type": "Index Scan", "Parent Relationship": "Outer", "Scan Direction": "Forward", "Index Name": "part_kpey", "Relation Name": "part", "Alias": "part", "Startup Cost": 0.0, "Total Cost": 105803.25, "Plan Rows": 13538, "Plan Width": 8, "Filter": "((p_type)::text = 'SMALL PLATED COPPER'::text)"}, {"Node Type": "Index Scan", "Parent Relationship": "Inner", "Scan Direction": "Forward", "Index Name": "idx_lineitem_part_supp", "Relation Name": "lineitem", "Alias": "lineitem", "Startup Cost": 0.0, "Total Cost": 27.61, "Plan Rows": 6, "Plan Width": 40, "Index Cond": "(l_partkey = part.p_partkey)"}]}]}, {"Node Type": "Index Scan", "Parent Relationship": "Inner", "Scan Direction": "Forward", "Index Name": "supplier_pkey", "Relation Name": "supplier", "Alias": "supplier", "Startup Cost": 0.0, "Total Cost": 5334.54, "Plan Rows": 100000, "Plan Width": 12}]}, {"Node Type": "Index Scan", "Parent Relationship": "Inner", "Scan Direction": "Forward", "Index Name": "orders_pkey", "Relation Name": "orders", "Alias": "orders", "Startup Cost": 0.0, "Total Cost": 0.3, "Plan Rows": 1, "Plan Width": 24, "Index Cond": "(o_orderkey = lineitem.l_orderkey)", "Filter": "((o_orderdate >= '1995-01-01 00:00:00'::timestamp(0) without time zone) AND (o_orderdate <= '1996-12-31 00:00:00'::timestamp(0) without time zone))"}]}, {"Node Type": "Index Scan", "Parent Relationship": "Inner", "Scan Direction": "Forward", "Index Name": "customer_pkey", "Relation Name": "customer", "Alias": "customer", "Startup Cost": 0.0, "Total Cost": 0.31, "Plan Rows": 1, "Plan Width": 12, "Index Cond": "(c_custkey = orders.o_custkey)"}]}, {"Node Type": "Materialize", "Parent Relationship": "Inner", "Startup Cost": 0.0, "Total Cost": 20.76, "Plan Rows": 5, "Plan Width": 4, "Plans": [{"Node Type": "Nested Loop", "Parent Relationship": "Outer", "Join Type": "Inner", "Startup Cost": 0.0, "Total Cost": 20.74, "Plan Rows": 5, "Plan Width": 4, "Inner Unique": false, "Plans": [{"Node Type": "Index Scan", "Parent Relationship": "Outer", "Scan Direction": "Forward", "Index Name": "region_pkey", "Relation Name": "region", "Alias": "region", "Startup Cost": 0.0, "Total Cost": 12.34, "Plan Rows": 1, "Plan Width": 4, "Filter": "(r_name = 'ASIA'::bpchar)"}, {"Node Type": "Index Scan", "Parent Relationship": "Inner", "Scan Direction": "Forward", "Index Name": "idx_nation_regionkey", "Relation Name": "nation", "Alias": "n1", "Startup Cost": 0.0, "Total Cost": 8.35, "Plan Rows": 5, "Plan Width": 8, "Index Cond": "(n_regionkey = region.r_regionkey)"}]}]}]}, {"Node Type": "Index Scan", "Parent Relationship": "Inner", "Scan Direction": "Forward", "Index Name": "nation_pkey", "Relation Name": "nation", "Alias": "n2", "Startup Cost": 0.0, "Total Cost": 0.27, "Plan Rows": 1, "Plan Width": 30, "Index Cond": "(n_nationkey = supplier.s_nationkey)"}]}]}]}, "Unique SQL Id": 3681808042, "Planner Runtime": 6}, "explain_analyze_plan": {"Plan": {"Node Type": "Sort", "Startup Cost": 536434.22, "Total Cost": 536434.24, "Plan Rows": 10, "Plan Width": 66, "Actual Startup Time": 7721.332, "Actual Total Time": 7721.333, "Actual Rows": 2, "Actual Loops": 1, "Sort Key": ["(date_part('year'::text, orders.o_orderdate))"], "Sort Method": "quicksort", "Sort Space Used": 25, "Sort Space Type": "Memory", "Plans": [{"Node Type": "Aggregate", "Strategy": "Hashed", "Parent Relationship": "Outer", "Startup Cost": 536433.9, "Total Cost": 536434.05, "Plan Rows": 10, "Plan Width": 66, "Actual Startup Time": 7721.308, "Actual Total Time": 7721.31, "Actual Rows": 2, "Actual Loops": 1, "Group By Key": ["date_part('year'::text, orders.o_orderdate)"], "Plans": [{"Node Type": "Nested Loop", "Parent Relationship": "Outer", "Join Type": "Inner", "Startup Cost": 486464.82, "Total Cost": 536314.08, "Plan Rows": 5991, "Plan Width": 50, "Actual Startup Time": 2627.278, "Actual Total Time": 7688.829, "Actual Rows": 23929, "Actual Loops": 1, "Inner Unique": true, "Plans": [{"Node Type": "Nested Loop", "Parent Relationship": "Outer", "Join Type": "Inner", "Startup Cost": 486464.82, "Total Cost": 534620.9, "Plan Rows": 5991, "Plan Width": 28, "Actual Startup Time": 2627.205, "Actual Total Time": 7612.281, "Actual Rows": 23929, "Actual Loops": 1, "Inner Unique": false, "Join Filter": "(n1.n_nationkey = customer.c_nationkey)", "Rows Removed by Join Filter": 574896, "Plans": [{"Node Type": "Nested Loop", "Parent Relationship": "Outer", "Join Type": "Inner", "Startup Cost": 486464.82, "Total Cost": 532353.6, "Plan Rows": 29954, "Plan Width": 32, "Actual Startup Time": 2627.061, "Actual Total Time": 7398.392, "Actual Rows": 119765, "Actual Loops": 1, "Inner Unique": true, "Plans": [{"Node Type": "Nested Loop", "Parent Relationship": "Outer", "Join Type": "Inner", "Startup Cost": 486464.82, "Total Cost": 516101.73, "Plan Rows": 51198, "Plan Width": 36, "Actual Startup Time": 2627.042, "Actual Total Time": 6420.188, "Actual Rows": 119765, "Actual Loops": 1, "Inner Unique": true, "Plans": [{"Node Type": "Merge Join", "Parent Relationship": "Outer", "Join Type": "Inner", "Startup Cost": 486464.82, "Total Cost": 493168.85, "Plan Rows": 74637, "Plan Width": 28, "Actual Startup Time": 2626.979, "Actual Total Time": 2931.824, "Actual Rows": 395341, "Actual Loops": 1, "Inner Unique": true, "Merge Cond": "(lineitem.l_suppkey = supplier.s_suppkey)", "Plans": [{"Node Type": "Sort", "Parent Relationship": "Outer", "Startup Cost": 486464.79, "Total Cost": 486651.38, "Plan Rows": 74637, "Plan Width": 32, "Actual Startup Time": 2626.94, "Actual Total Time": 2706.281, "Actual Rows": 395341, "Actual Loops": 1, "Sort Key": ["lineitem.l_suppkey"], "Sort Method": "quicksort", "Sort Space Used": 49352, "Sort Space Type": "Memory", "Plans": [{"Node Type": "Nested Loop", "Parent Relationship": "Outer", "Join Type": "Inner", "Startup Cost": 0.0, "Total Cost": 480423.82, "Plan Rows": 74637, "Plan Width": 32, "Actual Startup Time": 0.051, "Actual Total Time": 2478.314, "Actual Rows": 395341, "Actual Loops": 1, "Inner Unique": false, "Plans": [{"Node Type": "Index Scan", "Parent Relationship": "Outer", "Scan Direction": "Forward", "Index Name": "part_kpey", "Relation Name": "part", "Alias": "part", "Startup Cost": 0.0, "Total Cost": 105803.25, "Plan Rows": 13538, "Plan Width": 8, "Actual Startup Time": 0.034, "Actual Total Time": 1311.953, "Actual Rows": 13163, "Actual Loops": 1, "Filter": "((p_type)::text = 'SMALL PLATED COPPER'::text)", "Rows Removed by Filter": 1986837}, {"Node Type": "Index Scan", "Parent Relationship": "Inner", "Scan Direction": "Forward", "Index Name": "idx_lineitem_part_supp", "Relation Name": "lineitem", "Alias": "lineitem", "Startup Cost": 0.0, "Total Cost": 27.61, "Plan Rows": 6, "Plan Width": 40, "Actual Startup Time": 141.104, "Actual Total Time": 1072.195, "Actual Rows": 395341, "Actual Loops": 13163, "Index Cond": "(l_partkey = part.p_partkey)", "Rows Removed by Index Recheck": 0}]}]}, {"Node Type": "Index Scan", "Parent Relationship": "Inner", "Scan Direction": "Forward", "Index Name": "supplier_pkey", "Relation Name": "supplier", "Alias": "supplier", "Startup Cost": 0.0, "Total Cost": 5334.54, "Plan Rows": 100000, "Plan Width": 12, "Actual Startup Time": 0.029, "Actual Total Time": 71.887, "Actual Rows": 99998, "Actual Loops": 1}]}, {"Node Type": "Index Scan", "Parent Relationship": "Inner", "Scan Direction": "Forward", "Index Name": "orders_pkey", "Relation Name": "orders", "Alias": "orders", "Startup Cost": 0.0, "Total Cost": 0.3, "Plan Rows": 1, "Plan Width": 24, "Actual Startup Time": 3251.026, "Actual Total Time": 3251.026, "Actual Rows": 119765, "Actual Loops": 395341, "Index Cond": "(o_orderkey = lineitem.l_orderkey)", "Rows Removed by Index Recheck": 0, "Filter": "((o_orderdate >= '1995-01-01 00:00:00'::timestamp(0) without time zone) AND (o_orderdate <= '1996-12-31 00:00:00'::timestamp(0) without time zone))", "Rows Removed by Filter": 275576}]}, {"Node Type": "Index Scan", "Parent Relationship": "Inner", "Scan Direction": "Forward", "Index Name": "customer_pkey", "Relation Name": "customer", "Alias": "customer", "Startup Cost": 0.0, "Total Cost": 0.31, "Plan Rows": 1, "Plan Width": 12, "Actual Startup Time": 877.396, "Actual Total Time": 877.396, "Actual Rows": 119765, "Actual Loops": 119765, "Index Cond": "(c_custkey = orders.o_custkey)", "Rows Removed by Index Recheck": 0}]}, {"Node Type": "Materialize", "Parent Relationship": "Inner", "Startup Cost": 0.0, "Total Cost": 20.76, "Plan Rows": 5, "Plan Width": 4, "Actual Startup Time": 12.922, "Actual Total Time": 65.428, "Actual Rows": 598825, "Actual Loops": 119765, "Plans": [{"Node Type": "Nested Loop", "Parent Relationship": "Outer", "Join Type": "Inner", "Startup Cost": 0.0, "Total Cost": 20.74, "Plan Rows": 5, "Plan Width": 4, "Actual Startup Time": 0.023, "Actual Total Time": 0.029, "Actual Rows": 5, "Actual Loops": 1, "Inner Unique": false, "Plans": [{"Node Type": "Index Scan", "Parent Relationship": "Outer", "Scan Direction": "Forward", "Index Name": "region_pkey", "Relation Name": "region", "Alias": "region", "Startup Cost": 0.0, "Total Cost": 12.34, "Plan Rows": 1, "Plan Width": 4, "Actual Startup Time": 0.011, "Actual Total Time": 0.013, "Actual Rows": 1, "Actual Loops": 1, "Filter": "(r_name = 'ASIA'::bpchar)", "Rows Removed by Filter": 4}, {"Node Type": "Index Scan", "Parent Relationship": "Inner", "Scan Direction": "Forward", "Index Name": "idx_nation_regionkey", "Relation Name": "nation", "Alias": "n1", "Startup Cost": 0.0, "Total Cost": 8.35, "Plan Rows": 5, "Plan Width": 8, "Actual Startup Time": 0.008, "Actual Total Time": 0.011, "Actual Rows": 5, "Actual Loops": 1, "Index Cond": "(n_regionkey = region.r_regionkey)", "Rows Removed by Index Recheck": 0}]}]}]}, {"Node Type": "Index Scan", "Parent Relationship": "Inner", "Scan Direction": "Forward", "Index Name": "nation_pkey", "Relation Name": "nation", "Alias": "n2", "Startup Cost": 0.0, "Total Cost": 0.27, "Plan Rows": 1, "Plan Width": 30, "Actual Startup Time": 38.689, "Actual Total Time": 38.689, "Actual Rows": 23929, "Actual Loops": 23929, "Index Cond": "(n_nationkey = supplier.s_nationkey)", "Rows Removed by Index Recheck": 0}]}]}]}, "Triggers": [], "Planner Runtime": 7, "Total Runtime": 7721.756, "Unique SQL Id": 3681808042}}, "(64, 22)": {"explain_plan": {"Plan": {"Node Type": "Sort", "Startup Cost": 857930.92, "Total Cost": 857930.94, "Plan Rows": 10, "Plan Width": 66, "Sort Key": ["(date_part('year'::text, orders.o_orderdate))"], "Plans": [{"Node Type": "Aggregate", "Strategy": "Hashed", "Parent Relationship": "Outer", "Startup Cost": 857930.6, "Total Cost": 857930.75, "Plan Rows": 10, "Plan Width": 66, "Group By Key": ["date_part('year'::text, orders.o_orderdate)"], "Plans": [{"Node Type": "Merge Join", "Parent Relationship": "Outer", "Join Type": "Inner", "Startup Cost": 857705.82, "Total Cost": 857810.78, "Plan Rows": 5991, "Plan Width": 50, "Inner Unique": false, "Merge Cond": "(n2.n_nationkey = supplier.s_nationkey)", "Plans": [{"Node Type": "Sort", "Parent Relationship": "Outer", "Startup Cost": 1.83, "Total Cost": 1.89, "Plan Rows": 25, "Plan Width": 30, "Sort Key": ["n2.n_nationkey"], "Plans": [{"Node Type": "Seq Scan", "Parent Relationship": "Outer", "Relation Name": "nation", "Alias": "n2", "Startup Cost": 0.0, "Total Cost": 1.25, "Plan Rows": 25, "Plan Width": 30}]}, {"Node Type": "Sort", "Parent Relationship": "Inner", "Startup Cost": 857703.98, "Total Cost": 857718.96, "Plan Rows": 5991, "Plan Width": 28, "Sort Key": ["supplier.s_nationkey"], "Plans": [{"Node Type": "Merge Join", "Parent Relationship": "Outer", "Join Type": "Inner", "Startup Cost": 856730.62, "Total Cost": 857328.09, "Plan Rows": 5991, "Plan Width": 28, "Inner Unique": true, "Merge Cond": "(lineitem.l_suppkey = supplier.s_suppkey)", "Plans": [{"Node Type": "Sort", "Parent Relationship": "Outer", "Startup Cost": 845142.79, "Total Cost": 845186.03, "Plan Rows": 17296, "Plan Width": 32, "Sort Key": ["lineitem.l_suppkey"], "Plans": [{"Node Type": "Merge Join", "Parent Relationship": "Outer", "Join Type": "Inner", "Startup Cost": 841820.01, "Total Cost": 843925.31, "Plan Rows": 17296, "Plan Width": 32, "Inner Unique": false, "Merge Cond": "(orders.o_custkey = customer.c_custkey)", "Plans": [{"Node Type": "Sort", "Parent Relationship": "Outer", "Startup Cost": 777363.03, "Total Cost": 777579.23, "Plan Rows": 86479, "Plan Width": 40, "Sort Key": ["orders.o_custkey"], "Plans": [{"Node Type": "Nested Loop", "Parent Relationship": "Outer", "Join Type": "Inner", "Startup Cost": 4.47, "Total Cost": 770271.73, "Plan Rows": 86479, "Plan Width": 40, "Inner Unique": true, "Plans": [{"Node Type": "Nested Loop", "Parent Relationship": "Outer", "Join Type": "Inner", "Startup Cost": 4.21, "Total Cost": 450147.9, "Plan Rows": 74637, "Plan Width": 32, "Inner Unique": false, "Plans": [{"Node Type": "Seq Scan", "Parent Relationship": "Outer", "Relation Name": "part", "Alias": "part", "Startup Cost": 0.0, "Total Cost": 66944.0, "Plan Rows": 13538, "Plan Width": 8, "Filter": "((p_type)::text = 'SMALL PLATED COPPER'::text)"}, {"Node Type": "Bitmap Heap Scan", "Parent Relationship": "Inner", "Relation Name": "lineitem", "Alias": "lineitem", "Startup Cost": 4.21, "Total Cost": 28.25, "Plan Rows": 6, "Plan Width": 40, "Recheck Cond": "(l_partkey = part.p_partkey)", "Plans": [{"Node Type": "Bitmap Index Scan", "Parent Relationship": "Outer", "Index Name": "idx_lineitem_part_supp", "Startup Cost": 0.0, "Total Cost": 4.21, "Plan Rows": 6, "Plan Width": 0, "Index Cond": "(l_partkey = part.p_partkey)"}]}]}, {"Node Type": "Bitmap Heap Scan", "Parent Relationship": "Inner", "Relation Name": "orders", "Alias": "orders", "Startup Cost": 0.26, "Total Cost": 4.28, "Plan Rows": 1, "Plan Width": 24, "Recheck Cond": "(o_orderkey = lineitem.l_orderkey)", "Filter": "((o_orderdate >= '1995-01-01 00:00:00'::timestamp(0) without time zone) AND (o_orderdate <= '1996-12-31 00:00:00'::timestamp(0) without time zone))", "Plans": [{"Node Type": "Bitmap Index Scan", "Parent Relationship": "Outer", "Index Name": "orders_pkey", "Startup Cost": 0.0, "Total Cost": 0.26, "Plan Rows": 1, "Plan Width": 0, "Index Cond": "(o_orderkey = lineitem.l_orderkey)"}]}]}]}, {"Node Type": "Sort", "Parent Relationship": "Inner", "Startup Cost": 64456.94, "Total Cost": 65206.94, "Plan Rows": 300000, "Plan Width": 8, "Sort Key": ["customer.c_custkey"], "Plans": [{"Node Type": "Nested Loop", "Parent Relationship": "Outer", "Join Type": "Inner", "Startup Cost": 1030.37, "Total Cost": 37165.03, "Plan Rows": 300000, "Plan Width": 8, "Inner Unique": false, "Plans": [{"Node Type": "Nested Loop", "Parent Relationship": "Outer", "Join Type": "Inner", "Startup Cost": 0.0, "Total Cost": 2.62, "Plan Rows": 5, "Plan Width": 4, "Inner Unique": false, "Join Filter": "(n1.n_regionkey = region.r_regionkey)", "Plans": [{"Node Type": "Seq Scan", "Parent Relationship": "Outer", "Relation Name": "region", "Alias": "region", "Startup Cost": 0.0, "Total Cost": 1.06, "Plan Rows": 1, "Plan Width": 4, "Filter": "(r_name = 'ASIA'::bpchar)"}, {"Node Type": "Seq Scan", "Parent Relationship": "Inner", "Relation Name": "nation", "Alias": "n1", "Startup Cost": 0.0, "Total Cost": 1.25, "Plan Rows": 25, "Plan Width": 8}]}, {"Node Type": "Bitmap Heap Scan", "Parent Relationship": "Inner", "Relation Name": "customer", "Alias": "customer", "Startup Cost": 1030.37, "Total Cost": 6832.48, "Plan Rows": 60000, "Plan Width": 12, "Recheck Cond": "(c_nationkey = n1.n_nationkey)", "Plans": [{"Node Type": "Bitmap Index Scan", "Parent Relationship": "Outer", "Index Name": "idx_customer_nationkey", "Startup Cost": 0.0, "Total Cost": 1015.37, "Plan Rows": 60000, "Plan Width": 0, "Index Cond": "(c_nationkey = n1.n_nationkey)"}]}]}]}]}]}, {"Node Type": "Sort", "Parent Relationship": "Inner", "Startup Cost": 11587.82, "Total Cost": 11837.82, "Plan Rows": 100000, "Plan Width": 12, "Sort Key": ["supplier.s_suppkey"], "Plans": [{"Node Type": "Seq Scan", "Parent Relationship": "Outer", "Relation Name": "supplier", "Alias": "supplier", "Startup Cost": 0.0, "Total Cost": 3283.0, "Plan Rows": 100000, "Plan Width": 12}]}]}]}]}]}]}, "Unique SQL Id": 3681808042, "Planner Runtime": 7}, "explain_analyze_plan": {"Plan": {"Node Type": "Sort", "Startup Cost": 857930.92, "Total Cost": 857930.94, "Plan Rows": 10, "Plan Width": 66, "Actual Startup Time": 7800.663, "Actual Total Time": 7800.664, "Actual Rows": 2, "Actual Loops": 1, "Sort Key": ["(date_part('year'::text, orders.o_orderdate))"], "Sort Method": "quicksort", "Sort Space Used": 25, "Sort Space Type": "Memory", "Plans": [{"Node Type": "Aggregate", "Strategy": "Hashed", "Parent Relationship": "Outer", "Startup Cost": 857930.6, "Total Cost": 857930.75, "Plan Rows": 10, "Plan Width": 66, "Actual Startup Time": 7800.65, "Actual Total Time": 7800.651, "Actual Rows": 2, "Actual Loops": 1, "Group By Key": ["date_part('year'::text, orders.o_orderdate)"], "Plans": [{"Node Type": "Merge Join", "Parent Relationship": "Outer", "Join Type": "Inner", "Startup Cost": 857705.82, "Total Cost": 857810.78, "Plan Rows": 5991, "Plan Width": 50, "Actual Startup Time": 7766.099, "Actual Total Time": 7781.8, "Actual Rows": 23929, "Actual Loops": 1, "Inner Unique": false, "Merge Cond": "(n2.n_nationkey = supplier.s_nationkey)", "Plans": [{"Node Type": "Sort", "Parent Relationship": "Outer", "Startup Cost": 1.83, "Total Cost": 1.89, "Plan Rows": 25, "Plan Width": 30, "Actual Startup Time": 0.036, "Actual Total Time": 0.037, "Actual Rows": 25, "Actual Loops": 1, "Sort Key": ["n2.n_nationkey"], "Sort Method": "quicksort", "Sort Space Used": 27, "Sort Space Type": "Memory", "Plans": [{"Node Type": "Seq Scan", "Parent Relationship": "Outer", "Relation Name": "nation", "Alias": "n2", "Startup Cost": 0.0, "Total Cost": 1.25, "Plan Rows": 25, "Plan Width": 30, "Actual Startup Time": 0.013, "Actual Total Time": 0.019, "Actual Rows": 25, "Actual Loops": 1}]}, {"Node Type": "Sort", "Parent Relationship": "Inner", "Startup Cost": 857703.98, "Total Cost": 857718.96, "Plan Rows": 5991, "Plan Width": 28, "Actual Startup Time": 7766.026, "Actual Total Time": 7768.679, "Actual Rows": 23929, "Actual Loops": 1, "Sort Key": ["supplier.s_nationkey"], "Sort Method": "quicksort", "Sort Space Used": 3012, "Sort Space Type": "Memory", "Plans": [{"Node Type": "Merge Join", "Parent Relationship": "Outer", "Join Type": "Inner", "Startup Cost": 856730.62, "Total Cost": 857328.09, "Plan Rows": 5991, "Plan Width": 28, "Actual Startup Time": 7722.664, "Actual Total Time": 7759.322, "Actual Rows": 23929, "Actual Loops": 1, "Inner Unique": true, "Merge Cond": "(lineitem.l_suppkey = supplier.s_suppkey)", "Plans": [{"Node Type": "Sort", "Parent Relationship": "Outer", "Startup Cost": 845142.79, "Total Cost": 845186.03, "Plan Rows": 17296, "Plan Width": 32, "Actual Startup Time": 7653.786, "Actual Total Time": 7657.172, "Actual Rows": 23929, "Actual Loops": 1, "Sort Key": ["lineitem.l_suppkey"], "Sort Method": "quicksort", "Sort Space Used": 3012, "Sort Space Type": "Memory", "Plans": [{"Node Type": "Merge Join", "Parent Relationship": "Outer", "Join Type": "Inner", "Startup Cost": 841820.01, "Total Cost": 843925.31, "Plan Rows": 17296, "Plan Width": 32, "Actual Startup Time": 7531.959, "Actual Total Time": 7644.856, "Actual Rows": 23929, "Actual Loops": 1, "Inner Unique": false, "Merge Cond": "(orders.o_custkey = customer.c_custkey)", "Plans": [{"Node Type": "Sort", "Parent Relationship": "Outer", "Startup Cost": 777363.03, "Total Cost": 777579.23, "Plan Rows": 86479, "Plan Width": 40, "Actual Startup Time": 6753.187, "Actual Total Time": 6772.988, "Actual Rows": 119765, "Actual Loops": 1, "Sort Key": ["orders.o_custkey"], "Sort Method": "quicksort", "Sort Space Used": 14300, "Sort Space Type": "Memory", "Plans": [{"Node Type": "Nested Loop", "Parent Relationship": "Outer", "Join Type": "Inner", "Startup Cost": 4.47, "Total Cost": 770271.73, "Plan Rows": 86479, "Plan Width": 40, "Actual Startup Time": 0.127, "Actual Total Time": 6688.553, "Actual Rows": 119765, "Actual Loops": 1, "Inner Unique": true, "Plans": [{"Node Type": "Nested Loop", "Parent Relationship": "Outer", "Join Type": "Inner", "Startup Cost": 4.21, "Total Cost": 450147.9, "Plan Rows": 74637, "Plan Width": 32, "Actual Startup Time": 0.057, "Actual Total Time": 2287.067, "Actual Rows": 395341, "Actual Loops": 1, "Inner Unique": false, "Plans": [{"Node Type": "Seq Scan", "Parent Relationship": "Outer", "Relation Name": "part", "Alias": "part", "Startup Cost": 0.0, "Total Cost": 66944.0, "Plan Rows": 13538, "Plan Width": 8, "Actual Startup Time": 0.018, "Actual Total Time": 786.641, "Actual Rows": 13163, "Actual Loops": 1, "Filter": "((p_type)::text = 'SMALL PLATED COPPER'::text)", "Rows Removed by Filter": 1986837}, {"Node Type": "Bitmap Heap Scan", "Parent Relationship": "Inner", "Relation Name": "lineitem", "Alias": "lineitem", "Startup Cost": 4.21, "Total Cost": 28.25, "Plan Rows": 6, "Plan Width": 40, "Actual Startup Time": 262.773, "Actual Total Time": 1388.36, "Actual Rows": 395341, "Actual Loops": 13163, "Recheck Cond": "(l_partkey = part.p_partkey)", "Rows Removed by Index Recheck": 0, "Exact Heap Blocks": 395337, "Lossy Heap Blocks": 395337, "Plans": [{"Node Type": "Bitmap Index Scan", "Parent Relationship": "Outer", "Index Name": "idx_lineitem_part_supp", "Startup Cost": 0.0, "Total Cost": 4.21, "Plan Rows": 6, "Plan Width": 0, "Actual Startup Time": 173.458, "Actual Total Time": 173.458, "Actual Rows": 395341, "Actual Loops": 13163, "Index Cond": "(l_partkey = part.p_partkey)"}]}]}, {"Node Type": "Bitmap Heap Scan", "Parent Relationship": "Inner", "Relation Name": "orders", "Alias": "orders", "Startup Cost": 0.26, "Total Cost": 4.28, "Plan Rows": 1, "Plan Width": 24, "Actual Startup Time": 3924.567, "Actual Total Time": 3924.567, "Actual Rows": 119765, "Actual Loops": 395341, "Recheck Cond": "(o_orderkey = lineitem.l_orderkey)", "Rows Removed by Index Recheck": 0, "Filter": "((o_orderdate >= '1995-01-01 00:00:00'::timestamp(0) without time zone) AND (o_orderdate <= '1996-12-31 00:00:00'::timestamp(0) without time zone))", "Rows Removed by Filter": 275576, "Exact Heap Blocks": 395341, "Lossy Heap Blocks": 395341, "Plans": [{"Node Type": "Bitmap Index Scan", "Parent Relationship": "Outer", "Index Name": "orders_pkey", "Startup Cost": 0.0, "Total Cost": 0.26, "Plan Rows": 1, "Plan Width": 0, "Actual Startup Time": 2372.4, "Actual Total Time": 2372.4, "Actual Rows": 395341, "Actual Loops": 395341, "Index Cond": "(o_orderkey = lineitem.l_orderkey)"}]}]}]}, {"Node Type": "Sort", "Parent Relationship": "Inner", "Startup Cost": 64456.94, "Total Cost": 65206.94, "Plan Rows": 300000, "Plan Width": 8, "Actual Startup Time": 778.758, "Actual Total Time": 807.901, "Actual Rows": 301987, "Actual Loops": 1, "Sort Key": ["customer.c_custkey"], "Sort Method": "quicksort", "Sort Space Used": 31055, "Sort Space Type": "Memory", "Plans": [{"Node Type": "Nested Loop", "Parent Relationship": "Outer", "Join Type": "Inner", "Startup Cost": 1030.37, "Total Cost": 37165.03, "Plan Rows": 300000, "Plan Width": 8, "Actual Startup Time": 18.16, "Actual Total Time": 679.28, "Actual Rows": 300270, "Actual Loops": 1, "Inner Unique": false, "Plans": [{"Node Type": "Nested Loop", "Parent Relationship": "Outer", "Join Type": "Inner", "Startup Cost": 0.0, "Total Cost": 2.62, "Plan Rows": 5, "Plan Width": 4, "Actual Startup Time": 0.064, "Actual Total Time": 0.113, "Actual Rows": 5, "Actual Loops": 1, "Inner Unique": false, "Join Filter": "(n1.n_regionkey = region.r_regionkey)", "Rows Removed by Join Filter": 20, "Plans": [{"Node Type": "Seq Scan", "Parent Relationship": "Outer", "Relation Name": "region", "Alias": "region", "Startup Cost": 0.0, "Total Cost": 1.06, "Plan Rows": 1, "Plan Width": 4, "Actual Startup Time": 0.028, "Actual Total Time": 0.032, "Actual Rows": 1, "Actual Loops": 1, "Filter": "(r_name = 'ASIA'::bpchar)", "Rows Removed by Filter": 4}, {"Node Type": "Seq Scan", "Parent Relationship": "Inner", "Relation Name": "nation", "Alias": "n1", "Startup Cost": 0.0, "Total Cost": 1.25, "Plan Rows": 25, "Plan Width": 8, "Actual Startup Time": 0.012, "Actual Total Time": 0.026, "Actual Rows": 25, "Actual Loops": 1}]}, {"Node Type": "Bitmap Heap Scan", "Parent Relationship": "Inner", "Relation Name": "customer", "Alias": "customer", "Startup Cost": 1030.37, "Total Cost": 6832.48, "Plan Rows": 60000, "Plan Width": 12, "Actual Startup Time": 89.483, "Actual Total Time": 626.06, "Actual Rows": 300270, "Actual Loops": 5, "Recheck Cond": "(c_nationkey = n1.n_nationkey)", "Rows Removed by Index Recheck": 0, "Exact Heap Blocks": 150032, "Lossy Heap Blocks": 150032, "Plans": [{"Node Type": "Bitmap Index Scan", "Parent Relationship": "Outer", "Index Name": "idx_customer_nationkey", "Startup Cost": 0.0, "Total Cost": 1015.37, "Plan Rows": 60000, "Plan Width": 0, "Actual Startup Time": 56.513, "Actual Total Time": 56.513, "Actual Rows": 300270, "Actual Loops": 5, "Index Cond": "(c_nationkey = n1.n_nationkey)"}]}]}]}]}]}, {"Node Type": "Sort", "Parent Relationship": "Inner", "Startup Cost": 11587.82, "Total Cost": 11837.82, "Plan Rows": 100000, "Plan Width": 12, "Actual Startup Time": 68.868, "Actual Total Time": 79.009, "Actual Rows": 99998, "Actual Loops": 1, "Sort Key": ["supplier.s_suppkey"], "Sort Method": "quicksort", "Sort Space Used": 12448, "Sort Space Type": "Memory", "Plans": [{"Node Type": "Seq Scan", "Parent Relationship": "Outer", "Relation Name": "supplier", "Alias": "supplier", "Startup Cost": 0.0, "Total Cost": 3283.0, "Plan Rows": 100000, "Plan Width": 12, "Actual Startup Time": 0.03, "Actual Total Time": 37.967, "Actual Rows": 100000, "Actual Loops": 1}]}]}]}]}]}]}, "Triggers": [], "Planner Runtime": 7, "Total Runtime": 7801.229, "Unique SQL Id": 3681808042}}, "(64, 23)": {"explain_plan": {"Plan": {"Node Type": "Sort", "Startup Cost": 66661878.45, "Total Cost": 66661878.48, "Plan Rows": 10, "Plan Width": 66, "Sort Key": ["(date_part('year'::text, orders.o_orderdate))"], "Plans": [{"Node Type": "Aggregate", "Strategy": "Hashed", "Parent Relationship": "Outer", "Startup Cost": 66661878.14, "Total Cost": 66661878.29, "Plan Rows": 10, "Plan Width": 66, "Group By Key": ["date_part('year'::text, orders.o_orderdate)"], "Plans": [{"Node Type": "Nested Loop", "Parent Relationship": "Outer", "Join Type": "Inner", "Startup Cost": 115915.31, "Total Cost": 66661758.32, "Plan Rows": 5991, "Plan Width": 50, "Inner Unique": true, "Plans": [{"Node Type": "Nested Loop", "Parent Relationship": "Outer", "Join Type": "Inner", "Startup Cost": 115915.05, "Total Cost": 66636099.88, "Plan Rows": 5991, "Plan Width": 28, "Inner Unique": true, "Plans": [{"Node Type": "Nested Loop", "Parent Relationship": "Outer", "Join Type": "Inner", "Startup Cost": 115914.79, "Total Cost": 66562068.23, "Plan Rows": 17296, "Plan Width": 32, "Inner Unique": true, "Plans": [{"Node Type": "Nested Loop", "Parent Relationship": "Outer", "Join Type": "Inner", "Startup Cost": 115914.53, "Total Cost": 45938880.46, "Plan Rows": 4814867, "Plan Width": 40, "Inner Unique": false, "Plans": [{"Node Type": "Nested Loop", "Parent Relationship": "Outer", "Join Type": "Inner", "Startup Cost": 115914.01, "Total Cost": 43432501.27, "Plan Rows": 530296, "Plan Width": 16, "Inner Unique": true, "Plans": [{"Node Type": "Nested Loop", "Parent Relationship": "Outer", "Join Type": "Inner", "Startup Cost": 115913.43, "Total Cost": 31228406.3, "Plan Rows": 2651479, "Plan Width": 20, "Inner Unique": true, "Plans": [{"Node Type": "Nested Loop", "Parent Relationship": "Outer", "Join Type": "Inner", "Startup Cost": 115913.17, "Total Cost": 19879399.17, "Plan Rows": 2651479, "Plan Width": 20, "Inner Unique": true, "Plans": [{"Node Type": "Bitmap Heap Scan", "Parent Relationship": "Outer", "Relation Name": "orders", "Alias": "orders", "Startup Cost": 115912.91, "Total Cost": 460311.42, "Plan Rows": 4531967, "Plan Width": 24, "Recheck Cond": "((o_orderdate >= '1995-01-01 00:00:00'::timestamp(0) without time zone) AND (o_orderdate <= '1996-12-31 00:00:00'::timestamp(0) without time zone)), (LLVM Optimized)", "Plans": [{"Node Type": "Bitmap Index Scan", "Parent Relationship": "Outer", "Index Name": "idx_orders_orderdate", "Startup Cost": 0.0, "Total Cost": 114779.92, "Plan Rows": 4531967, "Plan Width": 0, "Index Cond": "((o_orderdate >= '1995-01-01 00:00:00'::timestamp(0) without time zone) AND (o_orderdate <= '1996-12-31 00:00:00'::timestamp(0) without time zone))"}]}, {"Node Type": "Bitmap Heap Scan", "Parent Relationship": "Inner", "Relation Name": "customer", "Alias": "customer", "Startup Cost": 0.26, "Total Cost": 4.27, "Plan Rows": 1, "Plan Width": 12, "Recheck Cond": "(c_custkey = orders.o_custkey)", "Plans": [{"Node Type": "Bitmap Index Scan", "Parent Relationship": "Outer", "Index Name": "customer_pkey", "Startup Cost": 0.0, "Total Cost": 0.26, "Plan Rows": 1, "Plan Width": 0, "Index Cond": "(c_custkey = orders.o_custkey)"}]}]}, {"Node Type": "Bitmap Heap Scan", "Parent Relationship": "Inner", "Relation Name": "nation", "Alias": "n1", "Startup Cost": 0.26, "Total Cost": 4.27, "Plan Rows": 1, "Plan Width": 8, "Recheck Cond": "(n_nationkey = customer.c_nationkey)", "Plans": [{"Node Type": "Bitmap Index Scan", "Parent Relationship": "Outer", "Index Name": "nation_pkey", "Startup Cost": 0.0, "Total Cost": 0.26, "Plan Rows": 1, "Plan Width": 0, "Index Cond": "(n_nationkey = customer.c_nationkey)"}]}]}, {"Node Type": "Bitmap Heap Scan", "Parent Relationship": "Inner", "Relation Name": "region", "Alias": "region", "Startup Cost": 0.58, "Total Cost": 4.59, "Plan Rows": 1, "Plan Width": 4, "Recheck Cond": "(r_regionkey = n1.n_regionkey)", "Filter": "(r_name = 'ASIA'::bpchar)", "Plans": [{"Node Type": "Bitmap Index Scan", "Parent Relationship": "Outer", "Index Name": "region_pkey", "Startup Cost": 0.0, "Total Cost": 0.58, "Plan Rows": 1, "Plan Width": 0, "Index Cond": "(r_regionkey = n1.n_regionkey)"}]}]}, {"Node Type": "Bitmap Heap Scan", "Parent Relationship": "Inner", "Relation Name": "lineitem", "Alias": "lineitem", "Startup Cost": 0.52, "Total Cost": 4.64, "Plan Rows": 9, "Plan Width": 40, "Recheck Cond": "(l_orderkey = orders.o_orderkey)", "Plans": [{"Node Type": "Bitmap Index Scan", "Parent Relationship": "Outer", "Index Name": "idx_lineitem_orderkey", "Startup Cost": 0.0, "Total Cost": 0.52, "Plan Rows": 9, "Plan Width": 0, "Index Cond": "(l_orderkey = orders.o_orderkey)"}]}]}, {"Node Type": "Bitmap Heap Scan", "Parent Relationship": "Inner", "Relation Name": "part", "Alias": "part", "Startup Cost": 0.26, "Total Cost": 4.27, "Plan Rows": 1, "Plan Width": 8, "Recheck Cond": "(p_partkey = lineitem.l_partkey)", "Filter": "((p_type)::text = 'SMALL PLATED COPPER'::text)", "Plans": [{"Node Type": "Bitmap Index Scan", "Parent Relationship": "Outer", "Index Name": "part_kpey", "Startup Cost": 0.0, "Total Cost": 0.26, "Plan Rows": 1, "Plan Width": 0, "Index Cond": "(p_partkey = lineitem.l_partkey)"}]}]}, {"Node Type": "Bitmap Heap Scan", "Parent Relationship": "Inner", "Relation Name": "supplier", "Alias": "supplier", "Startup Cost": 0.26, "Total Cost": 4.27, "Plan Rows": 1, "Plan Width": 12, "Recheck Cond": "(s_suppkey = lineitem.l_suppkey)", "Plans": [{"Node Type": "Bitmap Index Scan", "Parent Relationship": "Outer", "Index Name": "supplier_pkey", "Startup Cost": 0.0, "Total Cost": 0.26, "Plan Rows": 1, "Plan Width": 0, "Index Cond": "(s_suppkey = lineitem.l_suppkey)"}]}]}, {"Node Type": "Bitmap Heap Scan", "Parent Relationship": "Inner", "Relation Name": "nation", "Alias": "n2", "Startup Cost": 0.26, "Total Cost": 4.27, "Plan Rows": 1, "Plan Width": 30, "Recheck Cond": "(n_nationkey = supplier.s_nationkey)", "Plans": [{"Node Type": "Bitmap Index Scan", "Parent Relationship": "Outer", "Index Name": "nation_pkey", "Startup Cost": 0.0, "Total Cost": 0.26, "Plan Rows": 1, "Plan Width": 0, "Index Cond": "(n_nationkey = supplier.s_nationkey)"}]}]}]}]}, "Unique SQL Id": 3681808042, "Planner Runtime": 4}, "explain_analyze_plan": null}, "(64, 24)": {"explain_plan": {"Plan": {"Node Type": "Sort", "Startup Cost": 497556.85, "Total Cost": 497556.88, "Plan Rows": 10, "Plan Width": 66, "Sort Key": ["(date_part('year'::text, orders.o_orderdate))"], "Plans": [{"Node Type": "Aggregate", "Strategy": "Hashed", "Parent Relationship": "Outer", "Startup Cost": 497556.54, "Total Cost": 497556.69, "Plan Rows": 10, "Plan Width": 66, "Group By Key": ["date_part('year'::text, orders.o_orderdate)"], "Plans": [{"Node Type": "Nested Loop", "Parent Relationship": "Outer", "Join Type": "Inner", "Startup Cost": 447605.57, "Total Cost": 497436.72, "Plan Rows": 5991, "Plan Width": 50, "Inner Unique": true, "Plans": [{"Node Type": "Nested Loop", "Parent Relationship": "Outer", "Join Type": "Inner", "Startup Cost": 447605.57, "Total Cost": 495743.54, "Plan Rows": 5991, "Plan Width": 28, "Inner Unique": false, "Join Filter": "(n1.n_nationkey = customer.c_nationkey)", "Plans": [{"Node Type": "Nested Loop", "Parent Relationship": "Outer", "Join Type": "Inner", "Startup Cost": 447605.57, "Total Cost": 493494.35, "Plan Rows": 29954, "Plan Width": 32, "Inner Unique": true, "Plans": [{"Node Type": "Nested Loop", "Parent Relationship": "Outer", "Join Type": "Inner", "Startup Cost": 447605.57, "Total Cost": 477242.48, "Plan Rows": 51198, "Plan Width": 36, "Inner Unique": true, "Plans": [{"Node Type": "Merge Join", "Parent Relationship": "Outer", "Join Type": "Inner", "Startup Cost": 447605.57, "Total Cost": 454309.6, "Plan Rows": 74637, "Plan Width": 28, "Inner Unique": false, "Merge Cond": "(supplier.s_suppkey = lineitem.l_suppkey)", "Plans": [{"Node Type": "Index Scan", "Parent Relationship": "Outer", "Scan Direction": "Forward", "Index Name": "supplier_pkey", "Relation Name": "supplier", "Alias": "supplier", "Startup Cost": 0.0, "Total Cost": 5334.54, "Plan Rows": 100000, "Plan Width": 12}, {"Node Type": "Sort", "Parent Relationship": "Inner", "Startup Cost": 447605.54, "Total Cost": 447792.13, "Plan Rows": 74637, "Plan Width": 32, "Sort Key": ["lineitem.l_suppkey"], "Plans": [{"Node Type": "Nested Loop", "Parent Relationship": "Outer", "Join Type": "Inner", "Startup Cost": 0.0, "Total Cost": 441564.57, "Plan Rows": 74637, "Plan Width": 32, "Inner Unique": false, "Plans": [{"Node Type": "Seq Scan", "Parent Relationship": "Outer", "Relation Name": "part", "Alias": "part", "Startup Cost": 0.0, "Total Cost": 66944.0, "Plan Rows": 13538, "Plan Width": 8, "Filter": "((p_type)::text = 'SMALL PLATED COPPER'::text)"}, {"Node Type": "Index Scan", "Parent Relationship": "Inner", "Scan Direction": "Forward", "Index Name": "idx_lineitem_part_supp", "Relation Name": "lineitem", "Alias": "lineitem", "Startup Cost": 0.0, "Total Cost": 27.61, "Plan Rows": 6, "Plan Width": 40, "Index Cond": "(l_partkey = part.p_partkey)"}]}]}]}, {"Node Type": "Index Scan", "Parent Relationship": "Inner", "Scan Direction": "Forward", "Index Name": "orders_pkey", "Relation Name": "orders", "Alias": "orders", "Startup Cost": 0.0, "Total Cost": 0.3, "Plan Rows": 1, "Plan Width": 24, "Index Cond": "(o_orderkey = lineitem.l_orderkey)", "Filter": "((o_orderdate >= '1995-01-01 00:00:00'::timestamp(0) without time zone) AND (o_orderdate <= '1996-12-31 00:00:00'::timestamp(0) without time zone))"}]}, {"Node Type": "Index Scan", "Parent Relationship": "Inner", "Scan Direction": "Forward", "Index Name": "customer_pkey", "Relation Name": "customer", "Alias": "customer", "Startup Cost": 0.0, "Total Cost": 0.31, "Plan Rows": 1, "Plan Width": 12, "Index Cond": "(c_custkey = orders.o_custkey)"}]}, {"Node Type": "Materialize", "Parent Relationship": "Inner", "Startup Cost": 0.0, "Total Cost": 2.65, "Plan Rows": 5, "Plan Width": 4, "Plans": [{"Node Type": "Nested Loop", "Parent Relationship": "Outer", "Join Type": "Inner", "Startup Cost": 0.0, "Total Cost": 2.62, "Plan Rows": 5, "Plan Width": 4, "Inner Unique": false, "Join Filter": "(n1.n_regionkey = region.r_regionkey)", "Plans": [{"Node Type": "Seq Scan", "Parent Relationship": "Outer", "Relation Name": "region", "Alias": "region", "Startup Cost": 0.0, "Total Cost": 1.06, "Plan Rows": 1, "Plan Width": 4, "Filter": "(r_name = 'ASIA'::bpchar)"}, {"Node Type": "Seq Scan", "Parent Relationship": "Inner", "Relation Name": "nation", "Alias": "n1", "Startup Cost": 0.0, "Total Cost": 1.25, "Plan Rows": 25, "Plan Width": 8}]}]}]}, {"Node Type": "Index Scan", "Parent Relationship": "Inner", "Scan Direction": "Forward", "Index Name": "nation_pkey", "Relation Name": "nation", "Alias": "n2", "Startup Cost": 0.0, "Total Cost": 0.27, "Plan Rows": 1, "Plan Width": 30, "Index Cond": "(n_nationkey = supplier.s_nationkey)"}]}]}]}, "Unique SQL Id": 3681808042, "Planner Runtime": 6}, "explain_analyze_plan": {"Plan": {"Node Type": "Sort", "Startup Cost": 497556.85, "Total Cost": 497556.88, "Plan Rows": 10, "Plan Width": 66, "Actual Startup Time": 7379.456, "Actual Total Time": 7379.456, "Actual Rows": 2, "Actual Loops": 1, "Sort Key": ["(date_part('year'::text, orders.o_orderdate))"], "Sort Method": "quicksort", "Sort Space Used": 25, "Sort Space Type": "Memory", "Plans": [{"Node Type": "Aggregate", "Strategy": "Hashed", "Parent Relationship": "Outer", "Startup Cost": 497556.54, "Total Cost": 497556.69, "Plan Rows": 10, "Plan Width": 66, "Actual Startup Time": 7379.44, "Actual Total Time": 7379.441, "Actual Rows": 2, "Actual Loops": 1, "Group By Key": ["date_part('year'::text, orders.o_orderdate)"], "Plans": [{"Node Type": "Nested Loop", "Parent Relationship": "Outer", "Join Type": "Inner", "Startup Cost": 447605.57, "Total Cost": 497436.72, "Plan Rows": 5991, "Plan Width": 50, "Actual Startup Time": 2091.767, "Actual Total Time": 7346.713, "Actual Rows": 23929, "Actual Loops": 1, "Inner Unique": true, "Plans": [{"Node Type": "Nested Loop", "Parent Relationship": "Outer", "Join Type": "Inner", "Startup Cost": 447605.57, "Total Cost": 495743.54, "Plan Rows": 5991, "Plan Width": 28, "Actual Startup Time": 2091.742, "Actual Total Time": 7271.305, "Actual Rows": 23929, "Actual Loops": 1, "Inner Unique": false, "Join Filter": "(n1.n_nationkey = customer.c_nationkey)", "Rows Removed by Join Filter": 574896, "Plans": [{"Node Type": "Nested Loop", "Parent Relationship": "Outer", "Join Type": "Inner", "Startup Cost": 447605.57, "Total Cost": 493494.35, "Plan Rows": 29954, "Plan Width": 32, "Actual Startup Time": 2091.547, "Actual Total Time": 7055.909, "Actual Rows": 119765, "Actual Loops": 1, "Inner Unique": true, "Plans": [{"Node Type": "Nested Loop", "Parent Relationship": "Outer", "Join Type": "Inner", "Startup Cost": 447605.57, "Total Cost": 477242.48, "Plan Rows": 51198, "Plan Width": 36, "Actual Startup Time": 2091.525, "Actual Total Time": 6021.746, "Actual Rows": 119765, "Actual Loops": 1, "Inner Unique": true, "Plans": [{"Node Type": "Merge Join", "Parent Relationship": "Outer", "Join Type": "Inner", "Startup Cost": 447605.57, "Total Cost": 454309.6, "Plan Rows": 74637, "Plan Width": 28, "Actual Startup Time": 2091.347, "Actual Total Time": 2397.848, "Actual Rows": 395341, "Actual Loops": 1, "Inner Unique": false, "Merge Cond": "(supplier.s_suppkey = lineitem.l_suppkey)", "Plans": [{"Node Type": "Index Scan", "Parent Relationship": "Outer", "Scan Direction": "Forward", "Index Name": "supplier_pkey", "Relation Name": "supplier", "Alias": "supplier", "Startup Cost": 0.0, "Total Cost": 5334.54, "Plan Rows": 100000, "Plan Width": 12, "Actual Startup Time": 0.021, "Actual Total Time": 75.974, "Actual Rows": 99999, "Actual Loops": 1}, {"Node Type": "Sort", "Parent Relationship": "Inner", "Startup Cost": 447605.54, "Total Cost": 447792.13, "Plan Rows": 74637, "Plan Width": 32, "Actual Startup Time": 2091.308, "Actual Total Time": 2171.794, "Actual Rows": 395341, "Actual Loops": 1, "Sort Key": ["lineitem.l_suppkey"], "Sort Method": "quicksort", "Sort Space Used": 49352, "Sort Space Type": "Memory", "Plans": [{"Node Type": "Nested Loop", "Parent Relationship": "Outer", "Join Type": "Inner", "Startup Cost": 0.0, "Total Cost": 441564.57, "Plan Rows": 74637, "Plan Width": 32, "Actual Startup Time": 0.037, "Actual Total Time": 1939.668, "Actual Rows": 395341, "Actual Loops": 1, "Inner Unique": false, "Plans": [{"Node Type": "Seq Scan", "Parent Relationship": "Outer", "Relation Name": "part", "Alias": "part", "Startup Cost": 0.0, "Total Cost": 66944.0, "Plan Rows": 13538, "Plan Width": 8, "Actual Startup Time": 0.021, "Actual Total Time": 763.324, "Actual Rows": 13163, "Actual Loops": 1, "Filter": "((p_type)::text = 'SMALL PLATED COPPER'::text)", "Rows Removed by Filter": 1986837}, {"Node Type": "Index Scan", "Parent Relationship": "Inner", "Scan Direction": "Forward", "Index Name": "idx_lineitem_part_supp", "Relation Name": "lineitem", "Alias": "lineitem", "Startup Cost": 0.0, "Total Cost": 27.61, "Plan Rows": 6, "Plan Width": 40, "Actual Startup Time": 146.15, "Actual Total Time": 1084.901, "Actual Rows": 395341, "Actual Loops": 13163, "Index Cond": "(l_partkey = part.p_partkey)", "Rows Removed by Index Recheck": 0}]}]}]}, {"Node Type": "Index Scan", "Parent Relationship": "Inner", "Scan Direction": "Forward", "Index Name": "orders_pkey", "Relation Name": "orders", "Alias": "orders", "Startup Cost": 0.0, "Total Cost": 0.3, "Plan Rows": 1, "Plan Width": 24, "Actual Startup Time": 3391.121, "Actual Total Time": 3391.121, "Actual Rows": 119765, "Actual Loops": 395341, "Index Cond": "(o_orderkey = lineitem.l_orderkey)", "Rows Removed by Index Recheck": 0, "Filter": "((o_orderdate >= '1995-01-01 00:00:00'::timestamp(0) without time zone) AND (o_orderdate <= '1996-12-31 00:00:00'::timestamp(0) without time zone))", "Rows Removed by Filter": 275576}]}, {"Node Type": "Index Scan", "Parent Relationship": "Inner", "Scan Direction": "Forward", "Index Name": "customer_pkey", "Relation Name": "customer", "Alias": "customer", "Startup Cost": 0.0, "Total Cost": 0.31, "Plan Rows": 1, "Plan Width": 12, "Actual Startup Time": 931.786, "Actual Total Time": 931.786, "Actual Rows": 119765, "Actual Loops": 119765, "Index Cond": "(c_custkey = orders.o_custkey)", "Rows Removed by Index Recheck": 0}]}, {"Node Type": "Materialize", "Parent Relationship": "Inner", "Startup Cost": 0.0, "Total Cost": 2.65, "Plan Rows": 5, "Plan Width": 4, "Actual Startup Time": 12.468, "Actual Total Time": 64.854, "Actual Rows": 598825, "Actual Loops": 119765, "Plans": [{"Node Type": "Nested Loop", "Parent Relationship": "Outer", "Join Type": "Inner", "Startup Cost": 0.0, "Total Cost": 2.62, "Plan Rows": 5, "Plan Width": 4, "Actual Startup Time": 0.041, "Actual Total Time": 0.05, "Actual Rows": 5, "Actual Loops": 1, "Inner Unique": false, "Join Filter": "(n1.n_regionkey = region.r_regionkey)", "Rows Removed by Join Filter": 20, "Plans": [{"Node Type": "Seq Scan", "Parent Relationship": "Outer", "Relation Name": "region", "Alias": "region", "Startup Cost": 0.0, "Total Cost": 1.06, "Plan Rows": 1, "Plan Width": 4, "Actual Startup Time": 0.014, "Actual Total Time": 0.015, "Actual Rows": 1, "Actual Loops": 1, "Filter": "(r_name = 'ASIA'::bpchar)", "Rows Removed by Filter": 4}, {"Node Type": "Seq Scan", "Parent Relationship": "Inner", "Relation Name": "nation", "Alias": "n1", "Startup Cost": 0.0, "Total Cost": 1.25, "Plan Rows": 25, "Plan Width": 8, "Actual Startup Time": 0.01, "Actual Total Time": 0.014, "Actual Rows": 25, "Actual Loops": 1}]}]}]}, {"Node Type": "Index Scan", "Parent Relationship": "Inner", "Scan Direction": "Forward", "Index Name": "nation_pkey", "Relation Name": "nation", "Alias": "n2", "Startup Cost": 0.0, "Total Cost": 0.27, "Plan Rows": 1, "Plan Width": 30, "Actual Startup Time": 38.744, "Actual Total Time": 38.744, "Actual Rows": 23929, "Actual Loops": 23929, "Index Cond": "(n_nationkey = supplier.s_nationkey)", "Rows Removed by Index Recheck": 0}]}]}]}, "Triggers": [], "Planner Runtime": 6, "Total Runtime": 7379.856, "Unique SQL Id": 3681808042}}, "(64, 25)": {"explain_plan": {"Plan": {"Node Type": "Sort", "Startup Cost": 536434.22, "Total Cost": 536434.24, "Plan Rows": 10, "Plan Width": 66, "Sort Key": ["(date_part('year'::text, orders.o_orderdate))"], "Plans": [{"Node Type": "Aggregate", "Strategy": "Hashed", "Parent Relationship": "Outer", "Startup Cost": 536433.9, "Total Cost": 536434.05, "Plan Rows": 10, "Plan Width": 66, "Group By Key": ["date_part('year'::text, orders.o_orderdate)"], "Plans": [{"Node Type": "Nested Loop", "Parent Relationship": "Outer", "Join Type": "Inner", "Startup Cost": 486464.82, "Total Cost": 536314.08, "Plan Rows": 5991, "Plan Width": 50, "Inner Unique": true, "Plans": [{"Node Type": "Nested Loop", "Parent Relationship": "Outer", "Join Type": "Inner", "Startup Cost": 486464.82, "Total Cost": 534620.9, "Plan Rows": 5991, "Plan Width": 28, "Inner Unique": false, "Join Filter": "(n1.n_nationkey = customer.c_nationkey)", "Plans": [{"Node Type": "Nested Loop", "Parent Relationship": "Outer", "Join Type": "Inner", "Startup Cost": 486464.82, "Total Cost": 532353.6, "Plan Rows": 29954, "Plan Width": 32, "Inner Unique": true, "Plans": [{"Node Type": "Nested Loop", "Parent Relationship": "Outer", "Join Type": "Inner", "Startup Cost": 486464.82, "Total Cost": 516101.73, "Plan Rows": 51198, "Plan Width": 36, "Inner Unique": true, "Plans": [{"Node Type": "Merge Join", "Parent Relationship": "Outer", "Join Type": "Inner", "Startup Cost": 486464.82, "Total Cost": 493168.85, "Plan Rows": 74637, "Plan Width": 28, "Inner Unique": true, "Merge Cond": "(lineitem.l_suppkey = supplier.s_suppkey)", "Plans": [{"Node Type": "Sort", "Parent Relationship": "Outer", "Startup Cost": 486464.79, "Total Cost": 486651.38, "Plan Rows": 74637, "Plan Width": 32, "Sort Key": ["lineitem.l_suppkey"], "Plans": [{"Node Type": "Nested Loop", "Parent Relationship": "Outer", "Join Type": "Inner", "Startup Cost": 0.0, "Total Cost": 480423.82, "Plan Rows": 74637, "Plan Width": 32, "Inner Unique": false, "Plans": [{"Node Type": "Index Scan", "Parent Relationship": "Outer", "Scan Direction": "Forward", "Index Name": "part_kpey", "Relation Name": "part", "Alias": "part", "Startup Cost": 0.0, "Total Cost": 105803.25, "Plan Rows": 13538, "Plan Width": 8, "Filter": "((p_type)::text = 'SMALL PLATED COPPER'::text)"}, {"Node Type": "Index Scan", "Parent Relationship": "Inner", "Scan Direction": "Forward", "Index Name": "idx_lineitem_part_supp", "Relation Name": "lineitem", "Alias": "lineitem", "Startup Cost": 0.0, "Total Cost": 27.61, "Plan Rows": 6, "Plan Width": 40, "Index Cond": "(l_partkey = part.p_partkey)"}]}]}, {"Node Type": "Index Scan", "Parent Relationship": "Inner", "Scan Direction": "Forward", "Index Name": "supplier_pkey", "Relation Name": "supplier", "Alias": "supplier", "Startup Cost": 0.0, "Total Cost": 5334.54, "Plan Rows": 100000, "Plan Width": 12}]}, {"Node Type": "Index Scan", "Parent Relationship": "Inner", "Scan Direction": "Forward", "Index Name": "orders_pkey", "Relation Name": "orders", "Alias": "orders", "Startup Cost": 0.0, "Total Cost": 0.3, "Plan Rows": 1, "Plan Width": 24, "Index Cond": "(o_orderkey = lineitem.l_orderkey)", "Filter": "((o_orderdate >= '1995-01-01 00:00:00'::timestamp(0) without time zone) AND (o_orderdate <= '1996-12-31 00:00:00'::timestamp(0) without time zone))"}]}, {"Node Type": "Index Scan", "Parent Relationship": "Inner", "Scan Direction": "Forward", "Index Name": "customer_pkey", "Relation Name": "customer", "Alias": "customer", "Startup Cost": 0.0, "Total Cost": 0.31, "Plan Rows": 1, "Plan Width": 12, "Index Cond": "(c_custkey = orders.o_custkey)"}]}, {"Node Type": "Materialize", "Parent Relationship": "Inner", "Startup Cost": 0.0, "Total Cost": 20.76, "Plan Rows": 5, "Plan Width": 4, "Plans": [{"Node Type": "Nested Loop", "Parent Relationship": "Outer", "Join Type": "Inner", "Startup Cost": 0.0, "Total Cost": 20.74, "Plan Rows": 5, "Plan Width": 4, "Inner Unique": false, "Plans": [{"Node Type": "Index Scan", "Parent Relationship": "Outer", "Scan Direction": "Forward", "Index Name": "region_pkey", "Relation Name": "region", "Alias": "region", "Startup Cost": 0.0, "Total Cost": 12.34, "Plan Rows": 1, "Plan Width": 4, "Filter": "(r_name = 'ASIA'::bpchar)"}, {"Node Type": "Index Scan", "Parent Relationship": "Inner", "Scan Direction": "Forward", "Index Name": "idx_nation_regionkey", "Relation Name": "nation", "Alias": "n1", "Startup Cost": 0.0, "Total Cost": 8.35, "Plan Rows": 5, "Plan Width": 8, "Index Cond": "(n_regionkey = region.r_regionkey)"}]}]}]}, {"Node Type": "Index Scan", "Parent Relationship": "Inner", "Scan Direction": "Forward", "Index Name": "nation_pkey", "Relation Name": "nation", "Alias": "n2", "Startup Cost": 0.0, "Total Cost": 0.27, "Plan Rows": 1, "Plan Width": 30, "Index Cond": "(n_nationkey = supplier.s_nationkey)"}]}]}]}, "Unique SQL Id": 3681808042, "Planner Runtime": 6}, "explain_analyze_plan": {"Plan": {"Node Type": "Sort", "Startup Cost": 536434.22, "Total Cost": 536434.24, "Plan Rows": 10, "Plan Width": 66, "Actual Startup Time": 7721.332, "Actual Total Time": 7721.333, "Actual Rows": 2, "Actual Loops": 1, "Sort Key": ["(date_part('year'::text, orders.o_orderdate))"], "Sort Method": "quicksort", "Sort Space Used": 25, "Sort Space Type": "Memory", "Plans": [{"Node Type": "Aggregate", "Strategy": "Hashed", "Parent Relationship": "Outer", "Startup Cost": 536433.9, "Total Cost": 536434.05, "Plan Rows": 10, "Plan Width": 66, "Actual Startup Time": 7721.308, "Actual Total Time": 7721.31, "Actual Rows": 2, "Actual Loops": 1, "Group By Key": ["date_part('year'::text, orders.o_orderdate)"], "Plans": [{"Node Type": "Nested Loop", "Parent Relationship": "Outer", "Join Type": "Inner", "Startup Cost": 486464.82, "Total Cost": 536314.08, "Plan Rows": 5991, "Plan Width": 50, "Actual Startup Time": 2627.278, "Actual Total Time": 7688.829, "Actual Rows": 23929, "Actual Loops": 1, "Inner Unique": true, "Plans": [{"Node Type": "Nested Loop", "Parent Relationship": "Outer", "Join Type": "Inner", "Startup Cost": 486464.82, "Total Cost": 534620.9, "Plan Rows": 5991, "Plan Width": 28, "Actual Startup Time": 2627.205, "Actual Total Time": 7612.281, "Actual Rows": 23929, "Actual Loops": 1, "Inner Unique": false, "Join Filter": "(n1.n_nationkey = customer.c_nationkey)", "Rows Removed by Join Filter": 574896, "Plans": [{"Node Type": "Nested Loop", "Parent Relationship": "Outer", "Join Type": "Inner", "Startup Cost": 486464.82, "Total Cost": 532353.6, "Plan Rows": 29954, "Plan Width": 32, "Actual Startup Time": 2627.061, "Actual Total Time": 7398.392, "Actual Rows": 119765, "Actual Loops": 1, "Inner Unique": true, "Plans": [{"Node Type": "Nested Loop", "Parent Relationship": "Outer", "Join Type": "Inner", "Startup Cost": 486464.82, "Total Cost": 516101.73, "Plan Rows": 51198, "Plan Width": 36, "Actual Startup Time": 2627.042, "Actual Total Time": 6420.188, "Actual Rows": 119765, "Actual Loops": 1, "Inner Unique": true, "Plans": [{"Node Type": "Merge Join", "Parent Relationship": "Outer", "Join Type": "Inner", "Startup Cost": 486464.82, "Total Cost": 493168.85, "Plan Rows": 74637, "Plan Width": 28, "Actual Startup Time": 2626.979, "Actual Total Time": 2931.824, "Actual Rows": 395341, "Actual Loops": 1, "Inner Unique": true, "Merge Cond": "(lineitem.l_suppkey = supplier.s_suppkey)", "Plans": [{"Node Type": "Sort", "Parent Relationship": "Outer", "Startup Cost": 486464.79, "Total Cost": 486651.38, "Plan Rows": 74637, "Plan Width": 32, "Actual Startup Time": 2626.94, "Actual Total Time": 2706.281, "Actual Rows": 395341, "Actual Loops": 1, "Sort Key": ["lineitem.l_suppkey"], "Sort Method": "quicksort", "Sort Space Used": 49352, "Sort Space Type": "Memory", "Plans": [{"Node Type": "Nested Loop", "Parent Relationship": "Outer", "Join Type": "Inner", "Startup Cost": 0.0, "Total Cost": 480423.82, "Plan Rows": 74637, "Plan Width": 32, "Actual Startup Time": 0.051, "Actual Total Time": 2478.314, "Actual Rows": 395341, "Actual Loops": 1, "Inner Unique": false, "Plans": [{"Node Type": "Index Scan", "Parent Relationship": "Outer", "Scan Direction": "Forward", "Index Name": "part_kpey", "Relation Name": "part", "Alias": "part", "Startup Cost": 0.0, "Total Cost": 105803.25, "Plan Rows": 13538, "Plan Width": 8, "Actual Startup Time": 0.034, "Actual Total Time": 1311.953, "Actual Rows": 13163, "Actual Loops": 1, "Filter": "((p_type)::text = 'SMALL PLATED COPPER'::text)", "Rows Removed by Filter": 1986837}, {"Node Type": "Index Scan", "Parent Relationship": "Inner", "Scan Direction": "Forward", "Index Name": "idx_lineitem_part_supp", "Relation Name": "lineitem", "Alias": "lineitem", "Startup Cost": 0.0, "Total Cost": 27.61, "Plan Rows": 6, "Plan Width": 40, "Actual Startup Time": 141.104, "Actual Total Time": 1072.195, "Actual Rows": 395341, "Actual Loops": 13163, "Index Cond": "(l_partkey = part.p_partkey)", "Rows Removed by Index Recheck": 0}]}]}, {"Node Type": "Index Scan", "Parent Relationship": "Inner", "Scan Direction": "Forward", "Index Name": "supplier_pkey", "Relation Name": "supplier", "Alias": "supplier", "Startup Cost": 0.0, "Total Cost": 5334.54, "Plan Rows": 100000, "Plan Width": 12, "Actual Startup Time": 0.029, "Actual Total Time": 71.887, "Actual Rows": 99998, "Actual Loops": 1}]}, {"Node Type": "Index Scan", "Parent Relationship": "Inner", "Scan Direction": "Forward", "Index Name": "orders_pkey", "Relation Name": "orders", "Alias": "orders", "Startup Cost": 0.0, "Total Cost": 0.3, "Plan Rows": 1, "Plan Width": 24, "Actual Startup Time": 3251.026, "Actual Total Time": 3251.026, "Actual Rows": 119765, "Actual Loops": 395341, "Index Cond": "(o_orderkey = lineitem.l_orderkey)", "Rows Removed by Index Recheck": 0, "Filter": "((o_orderdate >= '1995-01-01 00:00:00'::timestamp(0) without time zone) AND (o_orderdate <= '1996-12-31 00:00:00'::timestamp(0) without time zone))", "Rows Removed by Filter": 275576}]}, {"Node Type": "Index Scan", "Parent Relationship": "Inner", "Scan Direction": "Forward", "Index Name": "customer_pkey", "Relation Name": "customer", "Alias": "customer", "Startup Cost": 0.0, "Total Cost": 0.31, "Plan Rows": 1, "Plan Width": 12, "Actual Startup Time": 877.396, "Actual Total Time": 877.396, "Actual Rows": 119765, "Actual Loops": 119765, "Index Cond": "(c_custkey = orders.o_custkey)", "Rows Removed by Index Recheck": 0}]}, {"Node Type": "Materialize", "Parent Relationship": "Inner", "Startup Cost": 0.0, "Total Cost": 20.76, "Plan Rows": 5, "Plan Width": 4, "Actual Startup Time": 12.922, "Actual Total Time": 65.428, "Actual Rows": 598825, "Actual Loops": 119765, "Plans": [{"Node Type": "Nested Loop", "Parent Relationship": "Outer", "Join Type": "Inner", "Startup Cost": 0.0, "Total Cost": 20.74, "Plan Rows": 5, "Plan Width": 4, "Actual Startup Time": 0.023, "Actual Total Time": 0.029, "Actual Rows": 5, "Actual Loops": 1, "Inner Unique": false, "Plans": [{"Node Type": "Index Scan", "Parent Relationship": "Outer", "Scan Direction": "Forward", "Index Name": "region_pkey", "Relation Name": "region", "Alias": "region", "Startup Cost": 0.0, "Total Cost": 12.34, "Plan Rows": 1, "Plan Width": 4, "Actual Startup Time": 0.011, "Actual Total Time": 0.013, "Actual Rows": 1, "Actual Loops": 1, "Filter": "(r_name = 'ASIA'::bpchar)", "Rows Removed by Filter": 4}, {"Node Type": "Index Scan", "Parent Relationship": "Inner", "Scan Direction": "Forward", "Index Name": "idx_nation_regionkey", "Relation Name": "nation", "Alias": "n1", "Startup Cost": 0.0, "Total Cost": 8.35, "Plan Rows": 5, "Plan Width": 8, "Actual Startup Time": 0.008, "Actual Total Time": 0.011, "Actual Rows": 5, "Actual Loops": 1, "Index Cond": "(n_regionkey = region.r_regionkey)", "Rows Removed by Index Recheck": 0}]}]}]}, {"Node Type": "Index Scan", "Parent Relationship": "Inner", "Scan Direction": "Forward", "Index Name": "nation_pkey", "Relation Name": "nation", "Alias": "n2", "Startup Cost": 0.0, "Total Cost": 0.27, "Plan Rows": 1, "Plan Width": 30, "Actual Startup Time": 38.689, "Actual Total Time": 38.689, "Actual Rows": 23929, "Actual Loops": 23929, "Index Cond": "(n_nationkey = supplier.s_nationkey)", "Rows Removed by Index Recheck": 0}]}]}]}, "Triggers": [], "Planner Runtime": 7, "Total Runtime": 7721.756, "Unique SQL Id": 3681808042}}, "(64, 26)": {"explain_plan": {"Plan": {"Node Type": "Sort", "Startup Cost": 11381808.12, "Total Cost": 11381808.14, "Plan Rows": 10, "Plan Width": 66, "Sort Key": ["(date_part('year'::text, orders.o_orderdate))"], "Plans": [{"Node Type": "Aggregate", "Strategy": "Hashed", "Parent Relationship": "Outer", "Startup Cost": 11381807.8, "Total Cost": 11381807.95, "Plan Rows": 10, "Plan Width": 66, "Group By Key": ["date_part('year'::text, orders.o_orderdate)"], "Plans": [{"Node Type": "Merge Join", "Parent Relationship": "Outer", "Join Type": "Inner", "Startup Cost": 11381583.02, "Total Cost": 11381687.98, "Plan Rows": 5991, "Plan Width": 50, "Inner Unique": false, "Merge Cond": "(n2.n_nationkey = supplier.s_nationkey)", "Plans": [{"Node Type": "Sort", "Parent Relationship": "Outer", "Startup Cost": 1.83, "Total Cost": 1.89, "Plan Rows": 25, "Plan Width": 30, "Sort Key": ["n2.n_nationkey"], "Plans": [{"Node Type": "Seq Scan", "Parent Relationship": "Outer", "Relation Name": "nation", "Alias": "n2", "Startup Cost": 0.0, "Total Cost": 1.25, "Plan Rows": 25, "Plan Width": 30}]}, {"Node Type": "Sort", "Parent Relationship": "Inner", "Startup Cost": 11381581.18, "Total Cost": 11381596.16, "Plan Rows": 5991, "Plan Width": 28, "Sort Key": ["supplier.s_nationkey"], "Plans": [{"Node Type": "Merge Join", "Parent Relationship": "Outer", "Join Type": "Inner", "Startup Cost": 11380607.82, "Total Cost": 11381205.29, "Plan Rows": 5991, "Plan Width": 28, "Inner Unique": true, "Merge Cond": "(lineitem.l_suppkey = supplier.s_suppkey)", "Plans": [{"Node Type": "Sort", "Parent Relationship": "Outer", "Startup Cost": 11369019.99, "Total Cost": 11369063.23, "Plan Rows": 17296, "Plan Width": 32, "Sort Key": ["lineitem.l_suppkey"], "Plans": [{"Node Type": "Merge Join", "Parent Relationship": "Outer", "Join Type": "Inner", "Startup Cost": 11364916.02, "Total Cost": 11367802.51, "Plan Rows": 17296, "Plan Width": 32, "Inner Unique": false, "Merge Cond": "(orders.o_custkey = customer.c_custkey)", "Plans": [{"Node Type": "Sort", "Parent Relationship": "Outer", "Startup Cost": 11172995.44, "Total Cost": 11173211.64, "Plan Rows": 86479, "Plan Width": 40, "Sort Key": ["orders.o_custkey"], "Plans": [{"Node Type": "Merge Join", "Parent Relationship": "Outer", "Join Type": "Inner", "Startup Cost": 11142007.17, "Total Cost": 11165904.14, "Plan Rows": 86479, "Plan Width": 40, "Inner Unique": true, "Merge Cond": "(lineitem.l_orderkey = orders.o_orderkey)", "Plans": [{"Node Type": "Sort", "Parent Relationship": "Outer", "Startup Cost": 10139547.54, "Total Cost": 10139734.13, "Plan Rows": 74637, "Plan Width": 32, "Sort Key": ["lineitem.l_orderkey"], "Plans": [{"Node Type": "Merge Join", "Parent Relationship": "Outer", "Join Type": "Inner", "Startup Cost": 9832757.35, "Total Cost": 10133506.57, "Plan Rows": 74637, "Plan Width": 32, "Inner Unique": false, "Merge Cond": "(part.p_partkey = lineitem.l_partkey)", "Plans": [{"Node Type": "Sort", "Parent Relationship": "Outer", "Startup Cost": 67873.03, "Total Cost": 67906.87, "Plan Rows": 13538, "Plan Width": 8, "Sort Key": ["part.p_partkey"], "Plans": [{"Node Type": "Seq Scan", "Parent Relationship": "Outer", "Relation Name": "part", "Alias": "part", "Startup Cost": 0.0, "Total Cost": 66944.0, "Plan Rows": 13538, "Plan Width": 8, "Filter": "((p_type)::text = 'SMALL PLATED COPPER'::text)"}]}, {"Node Type": "Sort", "Parent Relationship": "Inner", "Startup Cost": 9764884.32, "Total Cost": 9914851.9, "Plan Rows": 59987033, "Plan Width": 40, "Sort Key": ["lineitem.l_partkey"], "Plans": [{"Node Type": "Seq Scan", "Parent Relationship": "Outer", "Relation Name": "lineitem", "Alias": "lineitem", "Startup Cost": 0.0, "Total Cost": 2015115.33, "Plan Rows": 59987033, "Plan Width": 40}]}]}]}, {"Node Type": "Sort", "Parent Relationship": "Inner", "Startup Cost": 1002458.79, "Total Cost": 1013788.71, "Plan Rows": 4531967, "Plan Width": 24, "Sort Key": ["orders.o_orderkey"], "Plans": [{"Node Type": "Seq Scan", "Parent Relationship": "Outer", "Relation Name": "orders", "Alias": "orders", "Startup Cost": 195.31, "Total Cost": 501411.18, "Plan Rows": 4531967, "Plan Width": 24, "Filter": "((o_orderdate >= '1995-01-01 00:00:00'::timestamp(0) without time zone) AND (o_orderdate <= '1996-12-31 00:00:00'::timestamp(0) without time zone)), (LLVM Optimized)"}]}]}]}, {"Node Type": "Sort", "Parent Relationship": "Inner", "Startup Cost": 191920.54, "Total Cost": 192670.54, "Plan Rows": 300000, "Plan Width": 8, "Sort Key": ["customer.c_custkey"], "Plans": [{"Node Type": "Nested Loop", "Parent Relationship": "Outer", "Join Type": "Inner", "Startup Cost": 0.0, "Total Cost": 164628.64, "Plan Rows": 300000, "Plan Width": 8, "Inner Unique": false, "Join Filter": "(n1.n_nationkey = customer.c_nationkey), (LLVM Optimized)", "Plans": [{"Node Type": "Seq Scan", "Parent Relationship": "Outer", "Relation Name": "customer", "Alias": "customer", "Startup Cost": 0.0, "Total Cost": 52126.0, "Plan Rows": 1500000, "Plan Width": 12}, {"Node Type": "Materialize", "Parent Relationship": "Inner", "Startup Cost": 0.0, "Total Cost": 2.65, "Plan Rows": 5, "Plan Width": 4, "Plans": [{"Node Type": "Nested Loop", "Parent Relationship": "Outer", "Join Type": "Inner", "Startup Cost": 0.0, "Total Cost": 2.62, "Plan Rows": 5, "Plan Width": 4, "Inner Unique": false, "Join Filter": "(n1.n_regionkey = region.r_regionkey)", "Plans": [{"Node Type": "Seq Scan", "Parent Relationship": "Outer", "Relation Name": "region", "Alias": "region", "Startup Cost": 0.0, "Total Cost": 1.06, "Plan Rows": 1, "Plan Width": 4, "Filter": "(r_name = 'ASIA'::bpchar)"}, {"Node Type": "Seq Scan", "Parent Relationship": "Inner", "Relation Name": "nation", "Alias": "n1", "Startup Cost": 0.0, "Total Cost": 1.25, "Plan Rows": 25, "Plan Width": 8}]}]}]}]}]}]}, {"Node Type": "Sort", "Parent Relationship": "Inner", "Startup Cost": 11587.82, "Total Cost": 11837.82, "Plan Rows": 100000, "Plan Width": 12, "Sort Key": ["supplier.s_suppkey"], "Plans": [{"Node Type": "Seq Scan", "Parent Relationship": "Outer", "Relation Name": "supplier", "Alias": "supplier", "Startup Cost": 0.0, "Total Cost": 3283.0, "Plan Rows": 100000, "Plan Width": 12}]}]}]}]}]}]}, "Unique SQL Id": 3681808042, "Planner Runtime": 7}, "explain_analyze_plan": null}, "(64, 27)": {"explain_plan": {"Plan": {"Node Type": "Sort", "Startup Cost": 8018177364726.43, "Total Cost": 8018177364726.46, "Plan Rows": 10, "Plan Width": 66, "Sort Key": ["(date_part('year'::text, orders.o_orderdate))"], "Plans": [{"Node Type": "Aggregate", "Strategy": "Hashed", "Parent Relationship": "Outer", "Startup Cost": 8018177364726.12, "Total Cost": 8018177364726.27, "Plan Rows": 10, "Plan Width": 66, "Group By Key": ["date_part('year'::text, orders.o_orderdate)"], "Plans": [{"Node Type": "Nested Loop", "Parent Relationship": "Outer", "Join Type": "Inner", "Startup Cost": 80000000000.0, "Total Cost": 8018177364380.2, "Plan Rows": 17296, "Plan Width": 50, "Inner Unique": false, "Join Filter": "(supplier.s_suppkey = lineitem.l_suppkey)", "Plans": [{"Node Type": "Nested Loop", "Parent Relationship": "Outer", "Join Type": "Inner", "Startup Cost": 20000000000.0, "Total Cost": 2000000572216.94, "Plan Rows": 100000, "Plan Width": 34, "Inner Unique": true, "Join Filter": "(supplier.s_nationkey = n2.n_nationkey), (LLVM Optimized)", "Plans": [{"Node Type": "Index Scan", "Parent Relationship": "Outer", "Scan Direction": "Forward", "Index Name": "supplier_pkey", "Relation Name": "supplier", "Alias": "supplier", "Startup Cost": 10000000000.0, "Total Cost": 1000000533454.38, "Plan Rows": 100000, "Plan Width": 12}, {"Node Type": "Materialize", "Parent Relationship": "Inner", "Startup Cost": 10000000000.0, "Total Cost": 1000000001262.62, "Plan Rows": 25, "Plan Width": 30, "Plans": [{"Node Type": "Index Scan", "Parent Relationship": "Outer", "Scan Direction": "Forward", "Index Name": "nation_pkey", "Relation Name": "nation", "Alias": "n2", "Startup Cost": 10000000000.0, "Total Cost": 1000000001262.5, "Plan Rows": 25, "Plan Width": 30}]}]}, {"Node Type": "Materialize", "Parent Relationship": "Inner", "Startup Cost": 60000000000.0, "Total Cost": 6018150848163.26, "Plan Rows": 17296, "Plan Width": 32, "Plans": [{"Node Type": "Nested Loop", "Parent Relationship": "Outer", "Join Type": "Inner", "Startup Cost": 60000000000.0, "Total Cost": 6018150848076.78, "Plan Rows": 17296, "Plan Width": 32, "Inner Unique": false, "Join Filter": "(orders.o_custkey = customer.c_custkey)", "Plans": [{"Node Type": "Nested Loop", "Parent Relationship": "Outer", "Join Type": "Inner", "Startup Cost": 30000000000.0, "Total Cost": 3017753500294.51, "Plan Rows": 86479, "Plan Width": 40, "Inner Unique": false, "Join Filter": "(lineitem.l_orderkey = orders.o_orderkey)", "Plans": [{"Node Type": "Index Scan", "Parent Relationship": "Outer", "Scan Direction": "Forward", "Index Name": "idx_orders_custkey", "Relation Name": "orders", "Alias": "orders", "Startup Cost": 10000000000.0, "Total Cost": 1000163551268.58, "Plan Rows": 4531967, "Plan Width": 24, "Filter": "((o_orderdate >= '1995-01-01 00:00:00'::timestamp(0) without time zone) AND (o_orderdate <= '1996-12-31 00:00:00'::timestamp(0) without time zone)), (LLVM Optimized)"}, {"Node Type": "Materialize", "Parent Relationship": "Inner", "Startup Cost": 20000000000.0, "Total Cost": 2012516162897.84, "Plan Rows": 74637, "Plan Width": 32, "Plans": [{"Node Type": "Nested Loop", "Parent Relationship": "Outer", "Join Type": "Inner", "Startup Cost": 20000000000.0, "Total Cost": 2012516162524.66, "Plan Rows": 74637, "Plan Width": 32, "Inner Unique": true, "Join Filter": "(part.p_partkey = lineitem.l_partkey)", "Plans": [{"Node Type": "Index Scan", "Parent Relationship": "Outer", "Scan Direction": "Forward", "Index Name": "idx_lineitem_orderkey", "Relation Name": "lineitem", "Alias": "lineitem", "Startup Cost": 10000000000.0, "Total Cost": 1000324015374.5, "Plan Rows": 59987033, "Plan Width": 40}, {"Node Type": "Materialize", "Parent Relationship": "Inner", "Startup Cost": 10000000000.0, "Total Cost": 1000010580392.69, "Plan Rows": 13538, "Plan Width": 8, "Plans": [{"Node Type": "Index Scan", "Parent Relationship": "Outer", "Scan Direction": "Forward", "Index Name": "part_kpey", "Relation Name": "part", "Alias": "part", "Startup Cost": 10000000000.0, "Total Cost": 1000010580325.0, "Plan Rows": 13538, "Plan Width": 8, "Filter": "((p_type)::text = 'SMALL PLATED COPPER'::text)"}]}]}]}]}, {"Node Type": "Materialize", "Parent Relationship": "Inner", "Startup Cost": 30000000000.0, "Total Cost": 3000008193032.26, "Plan Rows": 300000, "Plan Width": 8, "Plans": [{"Node Type": "Nested Loop", "Parent Relationship": "Outer", "Join Type": "Inner", "Startup Cost": 30000000000.0, "Total Cost": 3000008191532.26, "Plan Rows": 300000, "Plan Width": 8, "Inner Unique": false, "Join Filter": "(n1.n_nationkey = customer.c_nationkey), (LLVM Optimized)", "Plans": [{"Node Type": "Index Scan", "Parent Relationship": "Outer", "Scan Direction": "Forward", "Index Name": "customer_pkey", "Relation Name": "customer", "Alias": "customer", "Startup Cost": 10000000000.0, "Total Cost": 1000008076535.62, "Plan Rows": 1500000, "Plan Width": 12}, {"Node Type": "Materialize", "Parent Relationship": "Inner", "Startup Cost": 20000000000.0, "Total Cost": 2000000002496.65, "Plan Rows": 5, "Plan Width": 4, "Plans": [{"Node Type": "Nested Loop", "Parent Relationship": "Outer", "Join Type": "Inner", "Startup Cost": 20000000000.0, "Total Cost": 2000000002496.63, "Plan Rows": 5, "Plan Width": 4, "Inner Unique": true, "Join Filter": "(n1.n_regionkey = region.r_regionkey)", "Plans": [{"Node Type": "Index Scan", "Parent Relationship": "Outer", "Scan Direction": "Forward", "Index Name": "nation_pkey", "Relation Name": "nation", "Alias": "n1", "Startup Cost": 10000000000.0, "Total Cost": 1000000001262.5, "Plan Rows": 25, "Plan Width": 8}, {"Node Type": "Materialize", "Parent Relationship": "Inner", "Startup Cost": 10000000000.0, "Total Cost": 1000000001233.76, "Plan Rows": 1, "Plan Width": 4, "Plans": [{"Node Type": "Index Scan", "Parent Relationship": "Outer", "Scan Direction": "Forward", "Index Name": "region_pkey", "Relation Name": "region", "Alias": "region", "Startup Cost": 10000000000.0, "Total Cost": 1000000001233.75, "Plan Rows": 1, "Plan Width": 4, "Filter": "(r_name = 'ASIA'::bpchar)"}]}]}]}]}]}]}]}]}]}]}, "Unique SQL Id": 3681808042, "Planner Runtime": 8}, "explain_analyze_plan": null}, "(64, 28)": {"explain_plan": {"Plan": {"Node Type": "Sort", "Startup Cost": 497556.85, "Total Cost": 497556.88, "Plan Rows": 10, "Plan Width": 66, "Sort Key": ["(date_part('year'::text, orders.o_orderdate))"], "Plans": [{"Node Type": "Aggregate", "Strategy": "Hashed", "Parent Relationship": "Outer", "Startup Cost": 497556.54, "Total Cost": 497556.69, "Plan Rows": 10, "Plan Width": 66, "Group By Key": ["date_part('year'::text, orders.o_orderdate)"], "Plans": [{"Node Type": "Nested Loop", "Parent Relationship": "Outer", "Join Type": "Inner", "Startup Cost": 447605.57, "Total Cost": 497436.72, "Plan Rows": 5991, "Plan Width": 50, "Inner Unique": true, "Plans": [{"Node Type": "Nested Loop", "Parent Relationship": "Outer", "Join Type": "Inner", "Startup Cost": 447605.57, "Total Cost": 495743.54, "Plan Rows": 5991, "Plan Width": 28, "Inner Unique": false, "Join Filter": "(n1.n_nationkey = customer.c_nationkey)", "Plans": [{"Node Type": "Nested Loop", "Parent Relationship": "Outer", "Join Type": "Inner", "Startup Cost": 447605.57, "Total Cost": 493494.35, "Plan Rows": 29954, "Plan Width": 32, "Inner Unique": true, "Plans": [{"Node Type": "Nested Loop", "Parent Relationship": "Outer", "Join Type": "Inner", "Startup Cost": 447605.57, "Total Cost": 477242.48, "Plan Rows": 51198, "Plan Width": 36, "Inner Unique": true, "Plans": [{"Node Type": "Merge Join", "Parent Relationship": "Outer", "Join Type": "Inner", "Startup Cost": 447605.57, "Total Cost": 454309.6, "Plan Rows": 74637, "Plan Width": 28, "Inner Unique": false, "Merge Cond": "(supplier.s_suppkey = lineitem.l_suppkey)", "Plans": [{"Node Type": "Index Scan", "Parent Relationship": "Outer", "Scan Direction": "Forward", "Index Name": "supplier_pkey", "Relation Name": "supplier", "Alias": "supplier", "Startup Cost": 0.0, "Total Cost": 5334.54, "Plan Rows": 100000, "Plan Width": 12}, {"Node Type": "Sort", "Parent Relationship": "Inner", "Startup Cost": 447605.54, "Total Cost": 447792.13, "Plan Rows": 74637, "Plan Width": 32, "Sort Key": ["lineitem.l_suppkey"], "Plans": [{"Node Type": "Nested Loop", "Parent Relationship": "Outer", "Join Type": "Inner", "Startup Cost": 0.0, "Total Cost": 441564.57, "Plan Rows": 74637, "Plan Width": 32, "Inner Unique": false, "Plans": [{"Node Type": "Seq Scan", "Parent Relationship": "Outer", "Relation Name": "part", "Alias": "part", "Startup Cost": 0.0, "Total Cost": 66944.0, "Plan Rows": 13538, "Plan Width": 8, "Filter": "((p_type)::text = 'SMALL PLATED COPPER'::text)"}, {"Node Type": "Index Scan", "Parent Relationship": "Inner", "Scan Direction": "Forward", "Index Name": "idx_lineitem_part_supp", "Relation Name": "lineitem", "Alias": "lineitem", "Startup Cost": 0.0, "Total Cost": 27.61, "Plan Rows": 6, "Plan Width": 40, "Index Cond": "(l_partkey = part.p_partkey)"}]}]}]}, {"Node Type": "Index Scan", "Parent Relationship": "Inner", "Scan Direction": "Forward", "Index Name": "orders_pkey", "Relation Name": "orders", "Alias": "orders", "Startup Cost": 0.0, "Total Cost": 0.3, "Plan Rows": 1, "Plan Width": 24, "Index Cond": "(o_orderkey = lineitem.l_orderkey)", "Filter": "((o_orderdate >= '1995-01-01 00:00:00'::timestamp(0) without time zone) AND (o_orderdate <= '1996-12-31 00:00:00'::timestamp(0) without time zone))"}]}, {"Node Type": "Index Scan", "Parent Relationship": "Inner", "Scan Direction": "Forward", "Index Name": "customer_pkey", "Relation Name": "customer", "Alias": "customer", "Startup Cost": 0.0, "Total Cost": 0.31, "Plan Rows": 1, "Plan Width": 12, "Index Cond": "(c_custkey = orders.o_custkey)"}]}, {"Node Type": "Materialize", "Parent Relationship": "Inner", "Startup Cost": 0.0, "Total Cost": 2.65, "Plan Rows": 5, "Plan Width": 4, "Plans": [{"Node Type": "Nested Loop", "Parent Relationship": "Outer", "Join Type": "Inner", "Startup Cost": 0.0, "Total Cost": 2.62, "Plan Rows": 5, "Plan Width": 4, "Inner Unique": false, "Join Filter": "(n1.n_regionkey = region.r_regionkey)", "Plans": [{"Node Type": "Seq Scan", "Parent Relationship": "Outer", "Relation Name": "region", "Alias": "region", "Startup Cost": 0.0, "Total Cost": 1.06, "Plan Rows": 1, "Plan Width": 4, "Filter": "(r_name = 'ASIA'::bpchar)"}, {"Node Type": "Seq Scan", "Parent Relationship": "Inner", "Relation Name": "nation", "Alias": "n1", "Startup Cost": 0.0, "Total Cost": 1.25, "Plan Rows": 25, "Plan Width": 8}]}]}]}, {"Node Type": "Index Scan", "Parent Relationship": "Inner", "Scan Direction": "Forward", "Index Name": "nation_pkey", "Relation Name": "nation", "Alias": "n2", "Startup Cost": 0.0, "Total Cost": 0.27, "Plan Rows": 1, "Plan Width": 30, "Index Cond": "(n_nationkey = supplier.s_nationkey)"}]}]}]}, "Unique SQL Id": 3681808042, "Planner Runtime": 6}, "explain_analyze_plan": {"Plan": {"Node Type": "Sort", "Startup Cost": 497556.85, "Total Cost": 497556.88, "Plan Rows": 10, "Plan Width": 66, "Actual Startup Time": 7379.456, "Actual Total Time": 7379.456, "Actual Rows": 2, "Actual Loops": 1, "Sort Key": ["(date_part('year'::text, orders.o_orderdate))"], "Sort Method": "quicksort", "Sort Space Used": 25, "Sort Space Type": "Memory", "Plans": [{"Node Type": "Aggregate", "Strategy": "Hashed", "Parent Relationship": "Outer", "Startup Cost": 497556.54, "Total Cost": 497556.69, "Plan Rows": 10, "Plan Width": 66, "Actual Startup Time": 7379.44, "Actual Total Time": 7379.441, "Actual Rows": 2, "Actual Loops": 1, "Group By Key": ["date_part('year'::text, orders.o_orderdate)"], "Plans": [{"Node Type": "Nested Loop", "Parent Relationship": "Outer", "Join Type": "Inner", "Startup Cost": 447605.57, "Total Cost": 497436.72, "Plan Rows": 5991, "Plan Width": 50, "Actual Startup Time": 2091.767, "Actual Total Time": 7346.713, "Actual Rows": 23929, "Actual Loops": 1, "Inner Unique": true, "Plans": [{"Node Type": "Nested Loop", "Parent Relationship": "Outer", "Join Type": "Inner", "Startup Cost": 447605.57, "Total Cost": 495743.54, "Plan Rows": 5991, "Plan Width": 28, "Actual Startup Time": 2091.742, "Actual Total Time": 7271.305, "Actual Rows": 23929, "Actual Loops": 1, "Inner Unique": false, "Join Filter": "(n1.n_nationkey = customer.c_nationkey)", "Rows Removed by Join Filter": 574896, "Plans": [{"Node Type": "Nested Loop", "Parent Relationship": "Outer", "Join Type": "Inner", "Startup Cost": 447605.57, "Total Cost": 493494.35, "Plan Rows": 29954, "Plan Width": 32, "Actual Startup Time": 2091.547, "Actual Total Time": 7055.909, "Actual Rows": 119765, "Actual Loops": 1, "Inner Unique": true, "Plans": [{"Node Type": "Nested Loop", "Parent Relationship": "Outer", "Join Type": "Inner", "Startup Cost": 447605.57, "Total Cost": 477242.48, "Plan Rows": 51198, "Plan Width": 36, "Actual Startup Time": 2091.525, "Actual Total Time": 6021.746, "Actual Rows": 119765, "Actual Loops": 1, "Inner Unique": true, "Plans": [{"Node Type": "Merge Join", "Parent Relationship": "Outer", "Join Type": "Inner", "Startup Cost": 447605.57, "Total Cost": 454309.6, "Plan Rows": 74637, "Plan Width": 28, "Actual Startup Time": 2091.347, "Actual Total Time": 2397.848, "Actual Rows": 395341, "Actual Loops": 1, "Inner Unique": false, "Merge Cond": "(supplier.s_suppkey = lineitem.l_suppkey)", "Plans": [{"Node Type": "Index Scan", "Parent Relationship": "Outer", "Scan Direction": "Forward", "Index Name": "supplier_pkey", "Relation Name": "supplier", "Alias": "supplier", "Startup Cost": 0.0, "Total Cost": 5334.54, "Plan Rows": 100000, "Plan Width": 12, "Actual Startup Time": 0.021, "Actual Total Time": 75.974, "Actual Rows": 99999, "Actual Loops": 1}, {"Node Type": "Sort", "Parent Relationship": "Inner", "Startup Cost": 447605.54, "Total Cost": 447792.13, "Plan Rows": 74637, "Plan Width": 32, "Actual Startup Time": 2091.308, "Actual Total Time": 2171.794, "Actual Rows": 395341, "Actual Loops": 1, "Sort Key": ["lineitem.l_suppkey"], "Sort Method": "quicksort", "Sort Space Used": 49352, "Sort Space Type": "Memory", "Plans": [{"Node Type": "Nested Loop", "Parent Relationship": "Outer", "Join Type": "Inner", "Startup Cost": 0.0, "Total Cost": 441564.57, "Plan Rows": 74637, "Plan Width": 32, "Actual Startup Time": 0.037, "Actual Total Time": 1939.668, "Actual Rows": 395341, "Actual Loops": 1, "Inner Unique": false, "Plans": [{"Node Type": "Seq Scan", "Parent Relationship": "Outer", "Relation Name": "part", "Alias": "part", "Startup Cost": 0.0, "Total Cost": 66944.0, "Plan Rows": 13538, "Plan Width": 8, "Actual Startup Time": 0.021, "Actual Total Time": 763.324, "Actual Rows": 13163, "Actual Loops": 1, "Filter": "((p_type)::text = 'SMALL PLATED COPPER'::text)", "Rows Removed by Filter": 1986837}, {"Node Type": "Index Scan", "Parent Relationship": "Inner", "Scan Direction": "Forward", "Index Name": "idx_lineitem_part_supp", "Relation Name": "lineitem", "Alias": "lineitem", "Startup Cost": 0.0, "Total Cost": 27.61, "Plan Rows": 6, "Plan Width": 40, "Actual Startup Time": 146.15, "Actual Total Time": 1084.901, "Actual Rows": 395341, "Actual Loops": 13163, "Index Cond": "(l_partkey = part.p_partkey)", "Rows Removed by Index Recheck": 0}]}]}]}, {"Node Type": "Index Scan", "Parent Relationship": "Inner", "Scan Direction": "Forward", "Index Name": "orders_pkey", "Relation Name": "orders", "Alias": "orders", "Startup Cost": 0.0, "Total Cost": 0.3, "Plan Rows": 1, "Plan Width": 24, "Actual Startup Time": 3391.121, "Actual Total Time": 3391.121, "Actual Rows": 119765, "Actual Loops": 395341, "Index Cond": "(o_orderkey = lineitem.l_orderkey)", "Rows Removed by Index Recheck": 0, "Filter": "((o_orderdate >= '1995-01-01 00:00:00'::timestamp(0) without time zone) AND (o_orderdate <= '1996-12-31 00:00:00'::timestamp(0) without time zone))", "Rows Removed by Filter": 275576}]}, {"Node Type": "Index Scan", "Parent Relationship": "Inner", "Scan Direction": "Forward", "Index Name": "customer_pkey", "Relation Name": "customer", "Alias": "customer", "Startup Cost": 0.0, "Total Cost": 0.31, "Plan Rows": 1, "Plan Width": 12, "Actual Startup Time": 931.786, "Actual Total Time": 931.786, "Actual Rows": 119765, "Actual Loops": 119765, "Index Cond": "(c_custkey = orders.o_custkey)", "Rows Removed by Index Recheck": 0}]}, {"Node Type": "Materialize", "Parent Relationship": "Inner", "Startup Cost": 0.0, "Total Cost": 2.65, "Plan Rows": 5, "Plan Width": 4, "Actual Startup Time": 12.468, "Actual Total Time": 64.854, "Actual Rows": 598825, "Actual Loops": 119765, "Plans": [{"Node Type": "Nested Loop", "Parent Relationship": "Outer", "Join Type": "Inner", "Startup Cost": 0.0, "Total Cost": 2.62, "Plan Rows": 5, "Plan Width": 4, "Actual Startup Time": 0.041, "Actual Total Time": 0.05, "Actual Rows": 5, "Actual Loops": 1, "Inner Unique": false, "Join Filter": "(n1.n_regionkey = region.r_regionkey)", "Rows Removed by Join Filter": 20, "Plans": [{"Node Type": "Seq Scan", "Parent Relationship": "Outer", "Relation Name": "region", "Alias": "region", "Startup Cost": 0.0, "Total Cost": 1.06, "Plan Rows": 1, "Plan Width": 4, "Actual Startup Time": 0.014, "Actual Total Time": 0.015, "Actual Rows": 1, "Actual Loops": 1, "Filter": "(r_name = 'ASIA'::bpchar)", "Rows Removed by Filter": 4}, {"Node Type": "Seq Scan", "Parent Relationship": "Inner", "Relation Name": "nation", "Alias": "n1", "Startup Cost": 0.0, "Total Cost": 1.25, "Plan Rows": 25, "Plan Width": 8, "Actual Startup Time": 0.01, "Actual Total Time": 0.014, "Actual Rows": 25, "Actual Loops": 1}]}]}]}, {"Node Type": "Index Scan", "Parent Relationship": "Inner", "Scan Direction": "Forward", "Index Name": "nation_pkey", "Relation Name": "nation", "Alias": "n2", "Startup Cost": 0.0, "Total Cost": 0.27, "Plan Rows": 1, "Plan Width": 30, "Actual Startup Time": 38.744, "Actual Total Time": 38.744, "Actual Rows": 23929, "Actual Loops": 23929, "Index Cond": "(n_nationkey = supplier.s_nationkey)", "Rows Removed by Index Recheck": 0}]}]}]}, "Triggers": [], "Planner Runtime": 6, "Total Runtime": 7379.856, "Unique SQL Id": 3681808042}}, "(64, 29)": {"explain_plan": {"Plan": {"Node Type": "Sort", "Startup Cost": 536434.22, "Total Cost": 536434.24, "Plan Rows": 10, "Plan Width": 66, "Sort Key": ["(date_part('year'::text, orders.o_orderdate))"], "Plans": [{"Node Type": "Aggregate", "Strategy": "Hashed", "Parent Relationship": "Outer", "Startup Cost": 536433.9, "Total Cost": 536434.05, "Plan Rows": 10, "Plan Width": 66, "Group By Key": ["date_part('year'::text, orders.o_orderdate)"], "Plans": [{"Node Type": "Nested Loop", "Parent Relationship": "Outer", "Join Type": "Inner", "Startup Cost": 486464.82, "Total Cost": 536314.08, "Plan Rows": 5991, "Plan Width": 50, "Inner Unique": true, "Plans": [{"Node Type": "Nested Loop", "Parent Relationship": "Outer", "Join Type": "Inner", "Startup Cost": 486464.82, "Total Cost": 534620.9, "Plan Rows": 5991, "Plan Width": 28, "Inner Unique": false, "Join Filter": "(n1.n_nationkey = customer.c_nationkey)", "Plans": [{"Node Type": "Nested Loop", "Parent Relationship": "Outer", "Join Type": "Inner", "Startup Cost": 486464.82, "Total Cost": 532353.6, "Plan Rows": 29954, "Plan Width": 32, "Inner Unique": true, "Plans": [{"Node Type": "Nested Loop", "Parent Relationship": "Outer", "Join Type": "Inner", "Startup Cost": 486464.82, "Total Cost": 516101.73, "Plan Rows": 51198, "Plan Width": 36, "Inner Unique": true, "Plans": [{"Node Type": "Merge Join", "Parent Relationship": "Outer", "Join Type": "Inner", "Startup Cost": 486464.82, "Total Cost": 493168.85, "Plan Rows": 74637, "Plan Width": 28, "Inner Unique": true, "Merge Cond": "(lineitem.l_suppkey = supplier.s_suppkey)", "Plans": [{"Node Type": "Sort", "Parent Relationship": "Outer", "Startup Cost": 486464.79, "Total Cost": 486651.38, "Plan Rows": 74637, "Plan Width": 32, "Sort Key": ["lineitem.l_suppkey"], "Plans": [{"Node Type": "Nested Loop", "Parent Relationship": "Outer", "Join Type": "Inner", "Startup Cost": 0.0, "Total Cost": 480423.82, "Plan Rows": 74637, "Plan Width": 32, "Inner Unique": false, "Plans": [{"Node Type": "Index Scan", "Parent Relationship": "Outer", "Scan Direction": "Forward", "Index Name": "part_kpey", "Relation Name": "part", "Alias": "part", "Startup Cost": 0.0, "Total Cost": 105803.25, "Plan Rows": 13538, "Plan Width": 8, "Filter": "((p_type)::text = 'SMALL PLATED COPPER'::text)"}, {"Node Type": "Index Scan", "Parent Relationship": "Inner", "Scan Direction": "Forward", "Index Name": "idx_lineitem_part_supp", "Relation Name": "lineitem", "Alias": "lineitem", "Startup Cost": 0.0, "Total Cost": 27.61, "Plan Rows": 6, "Plan Width": 40, "Index Cond": "(l_partkey = part.p_partkey)"}]}]}, {"Node Type": "Index Scan", "Parent Relationship": "Inner", "Scan Direction": "Forward", "Index Name": "supplier_pkey", "Relation Name": "supplier", "Alias": "supplier", "Startup Cost": 0.0, "Total Cost": 5334.54, "Plan Rows": 100000, "Plan Width": 12}]}, {"Node Type": "Index Scan", "Parent Relationship": "Inner", "Scan Direction": "Forward", "Index Name": "orders_pkey", "Relation Name": "orders", "Alias": "orders", "Startup Cost": 0.0, "Total Cost": 0.3, "Plan Rows": 1, "Plan Width": 24, "Index Cond": "(o_orderkey = lineitem.l_orderkey)", "Filter": "((o_orderdate >= '1995-01-01 00:00:00'::timestamp(0) without time zone) AND (o_orderdate <= '1996-12-31 00:00:00'::timestamp(0) without time zone))"}]}, {"Node Type": "Index Scan", "Parent Relationship": "Inner", "Scan Direction": "Forward", "Index Name": "customer_pkey", "Relation Name": "customer", "Alias": "customer", "Startup Cost": 0.0, "Total Cost": 0.31, "Plan Rows": 1, "Plan Width": 12, "Index Cond": "(c_custkey = orders.o_custkey)"}]}, {"Node Type": "Materialize", "Parent Relationship": "Inner", "Startup Cost": 0.0, "Total Cost": 20.76, "Plan Rows": 5, "Plan Width": 4, "Plans": [{"Node Type": "Nested Loop", "Parent Relationship": "Outer", "Join Type": "Inner", "Startup Cost": 0.0, "Total Cost": 20.74, "Plan Rows": 5, "Plan Width": 4, "Inner Unique": false, "Plans": [{"Node Type": "Index Scan", "Parent Relationship": "Outer", "Scan Direction": "Forward", "Index Name": "region_pkey", "Relation Name": "region", "Alias": "region", "Startup Cost": 0.0, "Total Cost": 12.34, "Plan Rows": 1, "Plan Width": 4, "Filter": "(r_name = 'ASIA'::bpchar)"}, {"Node Type": "Index Scan", "Parent Relationship": "Inner", "Scan Direction": "Forward", "Index Name": "idx_nation_regionkey", "Relation Name": "nation", "Alias": "n1", "Startup Cost": 0.0, "Total Cost": 8.35, "Plan Rows": 5, "Plan Width": 8, "Index Cond": "(n_regionkey = region.r_regionkey)"}]}]}]}, {"Node Type": "Index Scan", "Parent Relationship": "Inner", "Scan Direction": "Forward", "Index Name": "nation_pkey", "Relation Name": "nation", "Alias": "n2", "Startup Cost": 0.0, "Total Cost": 0.27, "Plan Rows": 1, "Plan Width": 30, "Index Cond": "(n_nationkey = supplier.s_nationkey)"}]}]}]}, "Unique SQL Id": 3681808042, "Planner Runtime": 7}, "explain_analyze_plan": {"Plan": {"Node Type": "Sort", "Startup Cost": 536434.22, "Total Cost": 536434.24, "Plan Rows": 10, "Plan Width": 66, "Actual Startup Time": 7721.332, "Actual Total Time": 7721.333, "Actual Rows": 2, "Actual Loops": 1, "Sort Key": ["(date_part('year'::text, orders.o_orderdate))"], "Sort Method": "quicksort", "Sort Space Used": 25, "Sort Space Type": "Memory", "Plans": [{"Node Type": "Aggregate", "Strategy": "Hashed", "Parent Relationship": "Outer", "Startup Cost": 536433.9, "Total Cost": 536434.05, "Plan Rows": 10, "Plan Width": 66, "Actual Startup Time": 7721.308, "Actual Total Time": 7721.31, "Actual Rows": 2, "Actual Loops": 1, "Group By Key": ["date_part('year'::text, orders.o_orderdate)"], "Plans": [{"Node Type": "Nested Loop", "Parent Relationship": "Outer", "Join Type": "Inner", "Startup Cost": 486464.82, "Total Cost": 536314.08, "Plan Rows": 5991, "Plan Width": 50, "Actual Startup Time": 2627.278, "Actual Total Time": 7688.829, "Actual Rows": 23929, "Actual Loops": 1, "Inner Unique": true, "Plans": [{"Node Type": "Nested Loop", "Parent Relationship": "Outer", "Join Type": "Inner", "Startup Cost": 486464.82, "Total Cost": 534620.9, "Plan Rows": 5991, "Plan Width": 28, "Actual Startup Time": 2627.205, "Actual Total Time": 7612.281, "Actual Rows": 23929, "Actual Loops": 1, "Inner Unique": false, "Join Filter": "(n1.n_nationkey = customer.c_nationkey)", "Rows Removed by Join Filter": 574896, "Plans": [{"Node Type": "Nested Loop", "Parent Relationship": "Outer", "Join Type": "Inner", "Startup Cost": 486464.82, "Total Cost": 532353.6, "Plan Rows": 29954, "Plan Width": 32, "Actual Startup Time": 2627.061, "Actual Total Time": 7398.392, "Actual Rows": 119765, "Actual Loops": 1, "Inner Unique": true, "Plans": [{"Node Type": "Nested Loop", "Parent Relationship": "Outer", "Join Type": "Inner", "Startup Cost": 486464.82, "Total Cost": 516101.73, "Plan Rows": 51198, "Plan Width": 36, "Actual Startup Time": 2627.042, "Actual Total Time": 6420.188, "Actual Rows": 119765, "Actual Loops": 1, "Inner Unique": true, "Plans": [{"Node Type": "Merge Join", "Parent Relationship": "Outer", "Join Type": "Inner", "Startup Cost": 486464.82, "Total Cost": 493168.85, "Plan Rows": 74637, "Plan Width": 28, "Actual Startup Time": 2626.979, "Actual Total Time": 2931.824, "Actual Rows": 395341, "Actual Loops": 1, "Inner Unique": true, "Merge Cond": "(lineitem.l_suppkey = supplier.s_suppkey)", "Plans": [{"Node Type": "Sort", "Parent Relationship": "Outer", "Startup Cost": 486464.79, "Total Cost": 486651.38, "Plan Rows": 74637, "Plan Width": 32, "Actual Startup Time": 2626.94, "Actual Total Time": 2706.281, "Actual Rows": 395341, "Actual Loops": 1, "Sort Key": ["lineitem.l_suppkey"], "Sort Method": "quicksort", "Sort Space Used": 49352, "Sort Space Type": "Memory", "Plans": [{"Node Type": "Nested Loop", "Parent Relationship": "Outer", "Join Type": "Inner", "Startup Cost": 0.0, "Total Cost": 480423.82, "Plan Rows": 74637, "Plan Width": 32, "Actual Startup Time": 0.051, "Actual Total Time": 2478.314, "Actual Rows": 395341, "Actual Loops": 1, "Inner Unique": false, "Plans": [{"Node Type": "Index Scan", "Parent Relationship": "Outer", "Scan Direction": "Forward", "Index Name": "part_kpey", "Relation Name": "part", "Alias": "part", "Startup Cost": 0.0, "Total Cost": 105803.25, "Plan Rows": 13538, "Plan Width": 8, "Actual Startup Time": 0.034, "Actual Total Time": 1311.953, "Actual Rows": 13163, "Actual Loops": 1, "Filter": "((p_type)::text = 'SMALL PLATED COPPER'::text)", "Rows Removed by Filter": 1986837}, {"Node Type": "Index Scan", "Parent Relationship": "Inner", "Scan Direction": "Forward", "Index Name": "idx_lineitem_part_supp", "Relation Name": "lineitem", "Alias": "lineitem", "Startup Cost": 0.0, "Total Cost": 27.61, "Plan Rows": 6, "Plan Width": 40, "Actual Startup Time": 141.104, "Actual Total Time": 1072.195, "Actual Rows": 395341, "Actual Loops": 13163, "Index Cond": "(l_partkey = part.p_partkey)", "Rows Removed by Index Recheck": 0}]}]}, {"Node Type": "Index Scan", "Parent Relationship": "Inner", "Scan Direction": "Forward", "Index Name": "supplier_pkey", "Relation Name": "supplier", "Alias": "supplier", "Startup Cost": 0.0, "Total Cost": 5334.54, "Plan Rows": 100000, "Plan Width": 12, "Actual Startup Time": 0.029, "Actual Total Time": 71.887, "Actual Rows": 99998, "Actual Loops": 1}]}, {"Node Type": "Index Scan", "Parent Relationship": "Inner", "Scan Direction": "Forward", "Index Name": "orders_pkey", "Relation Name": "orders", "Alias": "orders", "Startup Cost": 0.0, "Total Cost": 0.3, "Plan Rows": 1, "Plan Width": 24, "Actual Startup Time": 3251.026, "Actual Total Time": 3251.026, "Actual Rows": 119765, "Actual Loops": 395341, "Index Cond": "(o_orderkey = lineitem.l_orderkey)", "Rows Removed by Index Recheck": 0, "Filter": "((o_orderdate >= '1995-01-01 00:00:00'::timestamp(0) without time zone) AND (o_orderdate <= '1996-12-31 00:00:00'::timestamp(0) without time zone))", "Rows Removed by Filter": 275576}]}, {"Node Type": "Index Scan", "Parent Relationship": "Inner", "Scan Direction": "Forward", "Index Name": "customer_pkey", "Relation Name": "customer", "Alias": "customer", "Startup Cost": 0.0, "Total Cost": 0.31, "Plan Rows": 1, "Plan Width": 12, "Actual Startup Time": 877.396, "Actual Total Time": 877.396, "Actual Rows": 119765, "Actual Loops": 119765, "Index Cond": "(c_custkey = orders.o_custkey)", "Rows Removed by Index Recheck": 0}]}, {"Node Type": "Materialize", "Parent Relationship": "Inner", "Startup Cost": 0.0, "Total Cost": 20.76, "Plan Rows": 5, "Plan Width": 4, "Actual Startup Time": 12.922, "Actual Total Time": 65.428, "Actual Rows": 598825, "Actual Loops": 119765, "Plans": [{"Node Type": "Nested Loop", "Parent Relationship": "Outer", "Join Type": "Inner", "Startup Cost": 0.0, "Total Cost": 20.74, "Plan Rows": 5, "Plan Width": 4, "Actual Startup Time": 0.023, "Actual Total Time": 0.029, "Actual Rows": 5, "Actual Loops": 1, "Inner Unique": false, "Plans": [{"Node Type": "Index Scan", "Parent Relationship": "Outer", "Scan Direction": "Forward", "Index Name": "region_pkey", "Relation Name": "region", "Alias": "region", "Startup Cost": 0.0, "Total Cost": 12.34, "Plan Rows": 1, "Plan Width": 4, "Actual Startup Time": 0.011, "Actual Total Time": 0.013, "Actual Rows": 1, "Actual Loops": 1, "Filter": "(r_name = 'ASIA'::bpchar)", "Rows Removed by Filter": 4}, {"Node Type": "Index Scan", "Parent Relationship": "Inner", "Scan Direction": "Forward", "Index Name": "idx_nation_regionkey", "Relation Name": "nation", "Alias": "n1", "Startup Cost": 0.0, "Total Cost": 8.35, "Plan Rows": 5, "Plan Width": 8, "Actual Startup Time": 0.008, "Actual Total Time": 0.011, "Actual Rows": 5, "Actual Loops": 1, "Index Cond": "(n_regionkey = region.r_regionkey)", "Rows Removed by Index Recheck": 0}]}]}]}, {"Node Type": "Index Scan", "Parent Relationship": "Inner", "Scan Direction": "Forward", "Index Name": "nation_pkey", "Relation Name": "nation", "Alias": "n2", "Startup Cost": 0.0, "Total Cost": 0.27, "Plan Rows": 1, "Plan Width": 30, "Actual Startup Time": 38.689, "Actual Total Time": 38.689, "Actual Rows": 23929, "Actual Loops": 23929, "Index Cond": "(n_nationkey = supplier.s_nationkey)", "Rows Removed by Index Recheck": 0}]}]}]}, "Triggers": [], "Planner Runtime": 7, "Total Runtime": 7721.756, "Unique SQL Id": 3681808042}}, "(64, 30)": {"explain_plan": {"Plan": {"Node Type": "Sort", "Startup Cost": 11381808.12, "Total Cost": 11381808.14, "Plan Rows": 10, "Plan Width": 66, "Sort Key": ["(date_part('year'::text, orders.o_orderdate))"], "Plans": [{"Node Type": "Aggregate", "Strategy": "Hashed", "Parent Relationship": "Outer", "Startup Cost": 11381807.8, "Total Cost": 11381807.95, "Plan Rows": 10, "Plan Width": 66, "Group By Key": ["date_part('year'::text, orders.o_orderdate)"], "Plans": [{"Node Type": "Merge Join", "Parent Relationship": "Outer", "Join Type": "Inner", "Startup Cost": 11381583.02, "Total Cost": 11381687.98, "Plan Rows": 5991, "Plan Width": 50, "Inner Unique": false, "Merge Cond": "(n2.n_nationkey = supplier.s_nationkey)", "Plans": [{"Node Type": "Sort", "Parent Relationship": "Outer", "Startup Cost": 1.83, "Total Cost": 1.89, "Plan Rows": 25, "Plan Width": 30, "Sort Key": ["n2.n_nationkey"], "Plans": [{"Node Type": "Seq Scan", "Parent Relationship": "Outer", "Relation Name": "nation", "Alias": "n2", "Startup Cost": 0.0, "Total Cost": 1.25, "Plan Rows": 25, "Plan Width": 30}]}, {"Node Type": "Sort", "Parent Relationship": "Inner", "Startup Cost": 11381581.18, "Total Cost": 11381596.16, "Plan Rows": 5991, "Plan Width": 28, "Sort Key": ["supplier.s_nationkey"], "Plans": [{"Node Type": "Merge Join", "Parent Relationship": "Outer", "Join Type": "Inner", "Startup Cost": 11380607.82, "Total Cost": 11381205.29, "Plan Rows": 5991, "Plan Width": 28, "Inner Unique": true, "Merge Cond": "(lineitem.l_suppkey = supplier.s_suppkey)", "Plans": [{"Node Type": "Sort", "Parent Relationship": "Outer", "Startup Cost": 11369019.99, "Total Cost": 11369063.23, "Plan Rows": 17296, "Plan Width": 32, "Sort Key": ["lineitem.l_suppkey"], "Plans": [{"Node Type": "Merge Join", "Parent Relationship": "Outer", "Join Type": "Inner", "Startup Cost": 11364916.02, "Total Cost": 11367802.51, "Plan Rows": 17296, "Plan Width": 32, "Inner Unique": false, "Merge Cond": "(orders.o_custkey = customer.c_custkey)", "Plans": [{"Node Type": "Sort", "Parent Relationship": "Outer", "Startup Cost": 11172995.44, "Total Cost": 11173211.64, "Plan Rows": 86479, "Plan Width": 40, "Sort Key": ["orders.o_custkey"], "Plans": [{"Node Type": "Merge Join", "Parent Relationship": "Outer", "Join Type": "Inner", "Startup Cost": 11142007.17, "Total Cost": 11165904.14, "Plan Rows": 86479, "Plan Width": 40, "Inner Unique": true, "Merge Cond": "(lineitem.l_orderkey = orders.o_orderkey)", "Plans": [{"Node Type": "Sort", "Parent Relationship": "Outer", "Startup Cost": 10139547.54, "Total Cost": 10139734.13, "Plan Rows": 74637, "Plan Width": 32, "Sort Key": ["lineitem.l_orderkey"], "Plans": [{"Node Type": "Merge Join", "Parent Relationship": "Outer", "Join Type": "Inner", "Startup Cost": 9832757.35, "Total Cost": 10133506.57, "Plan Rows": 74637, "Plan Width": 32, "Inner Unique": false, "Merge Cond": "(part.p_partkey = lineitem.l_partkey)", "Plans": [{"Node Type": "Sort", "Parent Relationship": "Outer", "Startup Cost": 67873.03, "Total Cost": 67906.87, "Plan Rows": 13538, "Plan Width": 8, "Sort Key": ["part.p_partkey"], "Plans": [{"Node Type": "Seq Scan", "Parent Relationship": "Outer", "Relation Name": "part", "Alias": "part", "Startup Cost": 0.0, "Total Cost": 66944.0, "Plan Rows": 13538, "Plan Width": 8, "Filter": "((p_type)::text = 'SMALL PLATED COPPER'::text)"}]}, {"Node Type": "Sort", "Parent Relationship": "Inner", "Startup Cost": 9764884.32, "Total Cost": 9914851.9, "Plan Rows": 59987033, "Plan Width": 40, "Sort Key": ["lineitem.l_partkey"], "Plans": [{"Node Type": "Seq Scan", "Parent Relationship": "Outer", "Relation Name": "lineitem", "Alias": "lineitem", "Startup Cost": 0.0, "Total Cost": 2015115.33, "Plan Rows": 59987033, "Plan Width": 40}]}]}]}, {"Node Type": "Sort", "Parent Relationship": "Inner", "Startup Cost": 1002458.79, "Total Cost": 1013788.71, "Plan Rows": 4531967, "Plan Width": 24, "Sort Key": ["orders.o_orderkey"], "Plans": [{"Node Type": "Seq Scan", "Parent Relationship": "Outer", "Relation Name": "orders", "Alias": "orders", "Startup Cost": 195.31, "Total Cost": 501411.18, "Plan Rows": 4531967, "Plan Width": 24, "Filter": "((o_orderdate >= '1995-01-01 00:00:00'::timestamp(0) without time zone) AND (o_orderdate <= '1996-12-31 00:00:00'::timestamp(0) without time zone)), (LLVM Optimized)"}]}]}]}, {"Node Type": "Sort", "Parent Relationship": "Inner", "Startup Cost": 191920.54, "Total Cost": 192670.54, "Plan Rows": 300000, "Plan Width": 8, "Sort Key": ["customer.c_custkey"], "Plans": [{"Node Type": "Nested Loop", "Parent Relationship": "Outer", "Join Type": "Inner", "Startup Cost": 0.0, "Total Cost": 164628.64, "Plan Rows": 300000, "Plan Width": 8, "Inner Unique": false, "Join Filter": "(n1.n_nationkey = customer.c_nationkey), (LLVM Optimized)", "Plans": [{"Node Type": "Seq Scan", "Parent Relationship": "Outer", "Relation Name": "customer", "Alias": "customer", "Startup Cost": 0.0, "Total Cost": 52126.0, "Plan Rows": 1500000, "Plan Width": 12}, {"Node Type": "Materialize", "Parent Relationship": "Inner", "Startup Cost": 0.0, "Total Cost": 2.65, "Plan Rows": 5, "Plan Width": 4, "Plans": [{"Node Type": "Nested Loop", "Parent Relationship": "Outer", "Join Type": "Inner", "Startup Cost": 0.0, "Total Cost": 2.62, "Plan Rows": 5, "Plan Width": 4, "Inner Unique": false, "Join Filter": "(n1.n_regionkey = region.r_regionkey)", "Plans": [{"Node Type": "Seq Scan", "Parent Relationship": "Outer", "Relation Name": "region", "Alias": "region", "Startup Cost": 0.0, "Total Cost": 1.06, "Plan Rows": 1, "Plan Width": 4, "Filter": "(r_name = 'ASIA'::bpchar)"}, {"Node Type": "Seq Scan", "Parent Relationship": "Inner", "Relation Name": "nation", "Alias": "n1", "Startup Cost": 0.0, "Total Cost": 1.25, "Plan Rows": 25, "Plan Width": 8}]}]}]}]}]}]}, {"Node Type": "Sort", "Parent Relationship": "Inner", "Startup Cost": 11587.82, "Total Cost": 11837.82, "Plan Rows": 100000, "Plan Width": 12, "Sort Key": ["supplier.s_suppkey"], "Plans": [{"Node Type": "Seq Scan", "Parent Relationship": "Outer", "Relation Name": "supplier", "Alias": "supplier", "Startup Cost": 0.0, "Total Cost": 3283.0, "Plan Rows": 100000, "Plan Width": 12}]}]}]}]}]}]}, "Unique SQL Id": 3681808042, "Planner Runtime": 7}, "explain_analyze_plan": null}, "(64, 31)": {"explain_plan": {"Plan": {"Node Type": "Sort", "Startup Cost": 8018177364726.43, "Total Cost": 8018177364726.46, "Plan Rows": 10, "Plan Width": 66, "Sort Key": ["(date_part('year'::text, orders.o_orderdate))"], "Plans": [{"Node Type": "Aggregate", "Strategy": "Hashed", "Parent Relationship": "Outer", "Startup Cost": 8018177364726.12, "Total Cost": 8018177364726.27, "Plan Rows": 10, "Plan Width": 66, "Group By Key": ["date_part('year'::text, orders.o_orderdate)"], "Plans": [{"Node Type": "Nested Loop", "Parent Relationship": "Outer", "Join Type": "Inner", "Startup Cost": 80000000000.0, "Total Cost": 8018177364380.2, "Plan Rows": 17296, "Plan Width": 50, "Inner Unique": false, "Join Filter": "(supplier.s_suppkey = lineitem.l_suppkey)", "Plans": [{"Node Type": "Nested Loop", "Parent Relationship": "Outer", "Join Type": "Inner", "Startup Cost": 20000000000.0, "Total Cost": 2000000572216.94, "Plan Rows": 100000, "Plan Width": 34, "Inner Unique": true, "Join Filter": "(supplier.s_nationkey = n2.n_nationkey), (LLVM Optimized)", "Plans": [{"Node Type": "Index Scan", "Parent Relationship": "Outer", "Scan Direction": "Forward", "Index Name": "supplier_pkey", "Relation Name": "supplier", "Alias": "supplier", "Startup Cost": 10000000000.0, "Total Cost": 1000000533454.38, "Plan Rows": 100000, "Plan Width": 12}, {"Node Type": "Materialize", "Parent Relationship": "Inner", "Startup Cost": 10000000000.0, "Total Cost": 1000000001262.62, "Plan Rows": 25, "Plan Width": 30, "Plans": [{"Node Type": "Index Scan", "Parent Relationship": "Outer", "Scan Direction": "Forward", "Index Name": "nation_pkey", "Relation Name": "nation", "Alias": "n2", "Startup Cost": 10000000000.0, "Total Cost": 1000000001262.5, "Plan Rows": 25, "Plan Width": 30}]}]}, {"Node Type": "Materialize", "Parent Relationship": "Inner", "Startup Cost": 60000000000.0, "Total Cost": 6018150848163.26, "Plan Rows": 17296, "Plan Width": 32, "Plans": [{"Node Type": "Nested Loop", "Parent Relationship": "Outer", "Join Type": "Inner", "Startup Cost": 60000000000.0, "Total Cost": 6018150848076.78, "Plan Rows": 17296, "Plan Width": 32, "Inner Unique": false, "Join Filter": "(orders.o_custkey = customer.c_custkey)", "Plans": [{"Node Type": "Nested Loop", "Parent Relationship": "Outer", "Join Type": "Inner", "Startup Cost": 30000000000.0, "Total Cost": 3017753500294.51, "Plan Rows": 86479, "Plan Width": 40, "Inner Unique": false, "Join Filter": "(lineitem.l_orderkey = orders.o_orderkey)", "Plans": [{"Node Type": "Index Scan", "Parent Relationship": "Outer", "Scan Direction": "Forward", "Index Name": "idx_orders_custkey", "Relation Name": "orders", "Alias": "orders", "Startup Cost": 10000000000.0, "Total Cost": 1000163551268.58, "Plan Rows": 4531967, "Plan Width": 24, "Filter": "((o_orderdate >= '1995-01-01 00:00:00'::timestamp(0) without time zone) AND (o_orderdate <= '1996-12-31 00:00:00'::timestamp(0) without time zone)), (LLVM Optimized)"}, {"Node Type": "Materialize", "Parent Relationship": "Inner", "Startup Cost": 20000000000.0, "Total Cost": 2012516162897.84, "Plan Rows": 74637, "Plan Width": 32, "Plans": [{"Node Type": "Nested Loop", "Parent Relationship": "Outer", "Join Type": "Inner", "Startup Cost": 20000000000.0, "Total Cost": 2012516162524.66, "Plan Rows": 74637, "Plan Width": 32, "Inner Unique": true, "Join Filter": "(part.p_partkey = lineitem.l_partkey)", "Plans": [{"Node Type": "Index Scan", "Parent Relationship": "Outer", "Scan Direction": "Forward", "Index Name": "idx_lineitem_orderkey", "Relation Name": "lineitem", "Alias": "lineitem", "Startup Cost": 10000000000.0, "Total Cost": 1000324015374.5, "Plan Rows": 59987033, "Plan Width": 40}, {"Node Type": "Materialize", "Parent Relationship": "Inner", "Startup Cost": 10000000000.0, "Total Cost": 1000010580392.69, "Plan Rows": 13538, "Plan Width": 8, "Plans": [{"Node Type": "Index Scan", "Parent Relationship": "Outer", "Scan Direction": "Forward", "Index Name": "part_kpey", "Relation Name": "part", "Alias": "part", "Startup Cost": 10000000000.0, "Total Cost": 1000010580325.0, "Plan Rows": 13538, "Plan Width": 8, "Filter": "((p_type)::text = 'SMALL PLATED COPPER'::text)"}]}]}]}]}, {"Node Type": "Materialize", "Parent Relationship": "Inner", "Startup Cost": 30000000000.0, "Total Cost": 3000008193032.26, "Plan Rows": 300000, "Plan Width": 8, "Plans": [{"Node Type": "Nested Loop", "Parent Relationship": "Outer", "Join Type": "Inner", "Startup Cost": 30000000000.0, "Total Cost": 3000008191532.26, "Plan Rows": 300000, "Plan Width": 8, "Inner Unique": false, "Join Filter": "(n1.n_nationkey = customer.c_nationkey), (LLVM Optimized)", "Plans": [{"Node Type": "Index Scan", "Parent Relationship": "Outer", "Scan Direction": "Forward", "Index Name": "customer_pkey", "Relation Name": "customer", "Alias": "customer", "Startup Cost": 10000000000.0, "Total Cost": 1000008076535.62, "Plan Rows": 1500000, "Plan Width": 12}, {"Node Type": "Materialize", "Parent Relationship": "Inner", "Startup Cost": 20000000000.0, "Total Cost": 2000000002496.65, "Plan Rows": 5, "Plan Width": 4, "Plans": [{"Node Type": "Nested Loop", "Parent Relationship": "Outer", "Join Type": "Inner", "Startup Cost": 20000000000.0, "Total Cost": 2000000002496.63, "Plan Rows": 5, "Plan Width": 4, "Inner Unique": true, "Join Filter": "(n1.n_regionkey = region.r_regionkey)", "Plans": [{"Node Type": "Index Scan", "Parent Relationship": "Outer", "Scan Direction": "Forward", "Index Name": "nation_pkey", "Relation Name": "nation", "Alias": "n1", "Startup Cost": 10000000000.0, "Total Cost": 1000000001262.5, "Plan Rows": 25, "Plan Width": 8}, {"Node Type": "Materialize", "Parent Relationship": "Inner", "Startup Cost": 10000000000.0, "Total Cost": 1000000001233.76, "Plan Rows": 1, "Plan Width": 4, "Plans": [{"Node Type": "Index Scan", "Parent Relationship": "Outer", "Scan Direction": "Forward", "Index Name": "region_pkey", "Relation Name": "region", "Alias": "region", "Startup Cost": 10000000000.0, "Total Cost": 1000000001233.75, "Plan Rows": 1, "Plan Width": 4, "Filter": "(r_name = 'ASIA'::bpchar)"}]}]}]}]}]}]}]}]}]}]}, "Unique SQL Id": 3681808042, "Planner Runtime": 8}, "explain_analyze_plan": null}, "(64, 32)": {"explain_plan": {"Plan": {"Node Type": "Sort", "Startup Cost": 486630.31, "Total Cost": 486630.33, "Plan Rows": 10, "Plan Width": 66, "Sort Key": ["(date_part('year'::text, orders.o_orderdate))"], "Plans": [{"Node Type": "Aggregate", "Strategy": "Hashed", "Parent Relationship": "Outer", "Startup Cost": 486629.99, "Total Cost": 486630.14, "Plan Rows": 10, "Plan Width": 66, "Group By Key": ["date_part('year'::text, orders.o_orderdate)"], "Plans": [{"Node Type": "Hash Join", "Parent Relationship": "Outer", "Join Type": "Inner", "Startup Cost": 4536.12, "Total Cost": 486510.17, "Plan Rows": 5991, "Plan Width": 50, "Inner Unique": true, "Hash Cond": "(supplier.s_nationkey = n2.n_nationkey)", "Plans": [{"Node Type": "Nested Loop", "Parent Relationship": "Outer", "Join Type": "Inner", "Startup Cost": 4534.56, "Total Cost": 486417.81, "Plan Rows": 5991, "Plan Width": 28, "Inner Unique": false, "Join Filter": "(n1.n_regionkey = region.r_regionkey)", "Plans": [{"Node Type": "Seq Scan", "Parent Relationship": "Outer", "Relation Name": "region", "Alias": "region", "Startup Cost": 0.0, "Total Cost": 1.06, "Plan Rows": 1, "Plan Width": 4, "Filter": "(r_name = 'ASIA'::bpchar)"}, {"Node Type": "Hash Join", "Parent Relationship": "Inner", "Join Type": "Inner", "Startup Cost": 4534.56, "Total Cost": 486042.32, "Plan Rows": 29954, "Plan Width": 32, "Inner Unique": true, "Hash Cond": "(customer.c_nationkey = n1.n_nationkey)", "Plans": [{"Node Type": "Nested Loop", "Parent Relationship": "Outer", "Join Type": "Inner", "Startup Cost": 4533.0, "Total Cost": 485661.65, "Plan Rows": 29954, "Plan Width": 32, "Inner Unique": true, "Plans": [{"Node Type": "Hash Join", "Parent Relationship": "Outer", "Join Type": "Inner", "Startup Cost": 4533.0, "Total Cost": 469409.78, "Plan Rows": 51198, "Plan Width": 36, "Inner Unique": true, "Hash Cond": "(lineitem.l_suppkey = supplier.s_suppkey)", "Plans": [{"Node Type": "Nested Loop", "Parent Relationship": "Outer", "Join Type": "Inner", "Startup Cost": 0.0, "Total Cost": 464497.44, "Plan Rows": 86479, "Plan Width": 40, "Inner Unique": true, "Plans": [{"Node Type": "Nested Loop", "Parent Relationship": "Outer", "Join Type": "Inner", "Startup Cost": 0.0, "Total Cost": 441564.57, "Plan Rows": 74637, "Plan Width": 32, "Inner Unique": false, "Plans": [{"Node Type": "Seq Scan", "Parent Relationship": "Outer", "Relation Name": "part", "Alias": "part", "Startup Cost": 0.0, "Total Cost": 66944.0, "Plan Rows": 13538, "Plan Width": 8, "Filter": "((p_type)::text = 'SMALL PLATED COPPER'::text)"}, {"Node Type": "Index Scan", "Parent Relationship": "Inner", "Scan Direction": "Forward", "Index Name": "idx_lineitem_part_supp", "Relation Name": "lineitem", "Alias": "lineitem", "Startup Cost": 0.0, "Total Cost": 27.61, "Plan Rows": 6, "Plan Width": 40, "Index Cond": "(l_partkey = part.p_partkey)"}]}, {"Node Type": "Index Scan", "Parent Relationship": "Inner", "Scan Direction": "Forward", "Index Name": "orders_pkey", "Relation Name": "orders", "Alias": "orders", "Startup Cost": 0.0, "Total Cost": 0.3, "Plan Rows": 1, "Plan Width": 24, "Index Cond": "(o_orderkey = lineitem.l_orderkey)", "Filter": "((o_orderdate >= '1995-01-01 00:00:00'::timestamp(0) without time zone) AND (o_orderdate <= '1996-12-31 00:00:00'::timestamp(0) without time zone))"}]}, {"Node Type": "Hash", "Parent Relationship": "Inner", "Startup Cost": 3283.0, "Total Cost": 3283.0, "Plan Rows": 100000, "Plan Width": 12, "Plans": [{"Node Type": "Seq Scan", "Parent Relationship": "Outer", "Relation Name": "supplier", "Alias": "supplier", "Startup Cost": 0.0, "Total Cost": 3283.0, "Plan Rows": 100000, "Plan Width": 12}]}]}, {"Node Type": "Index Scan", "Parent Relationship": "Inner", "Scan Direction": "Forward", "Index Name": "customer_pkey", "Relation Name": "customer", "Alias": "customer", "Startup Cost": 0.0, "Total Cost": 0.31, "Plan Rows": 1, "Plan Width": 12, "Index Cond": "(c_custkey = orders.o_custkey)"}]}, {"Node Type": "Hash", "Parent Relationship": "Inner", "Startup Cost": 1.25, "Total Cost": 1.25, "Plan Rows": 25, "Plan Width": 8, "Plans": [{"Node Type": "Seq Scan", "Parent Relationship": "Outer", "Relation Name": "nation", "Alias": "n1", "Startup Cost": 0.0, "Total Cost": 1.25, "Plan Rows": 25, "Plan Width": 8}]}]}]}, {"Node Type": "Hash", "Parent Relationship": "Inner", "Startup Cost": 1.25, "Total Cost": 1.25, "Plan Rows": 25, "Plan Width": 30, "Plans": [{"Node Type": "Seq Scan", "Parent Relationship": "Outer", "Relation Name": "nation", "Alias": "n2", "Startup Cost": 0.0, "Total Cost": 1.25, "Plan Rows": 25, "Plan Width": 30}]}]}]}]}, "Unique SQL Id": 3681808042, "Planner Runtime": 5}, "explain_analyze_plan": {"Plan": {"Node Type": "Sort", "Startup Cost": 486630.31, "Total Cost": 486630.33, "Plan Rows": 10, "Plan Width": 66, "Actual Startup Time": 6864.764, "Actual Total Time": 6864.764, "Actual Rows": 2, "Actual Loops": 1, "Sort Key": ["(date_part('year'::text, orders.o_orderdate))"], "Sort Method": "quicksort", "Sort Space Used": 25, "Sort Space Type": "Memory", "Plans": [{"Node Type": "Aggregate", "Strategy": "Hashed", "Parent Relationship": "Outer", "Startup Cost": 486629.99, "Total Cost": 486630.14, "Plan Rows": 10, "Plan Width": 66, "Actual Startup Time": 6864.748, "Actual Total Time": 6864.749, "Actual Rows": 2, "Actual Loops": 1, "Group By Key": ["date_part('year'::text, orders.o_orderdate)"], "Plans": [{"Node Type": "Hash Join", "Parent Relationship": "Outer", "Join Type": "Inner", "Startup Cost": 4536.12, "Total Cost": 486510.17, "Plan Rows": 5991, "Plan Width": 50, "Actual Startup Time": 67.0, "Actual Total Time": 6830.243, "Actual Rows": 23929, "Actual Loops": 1, "Inner Unique": true, "Hash Cond": "(supplier.s_nationkey = n2.n_nationkey)", "Plans": [{"Node Type": "Nested Loop", "Parent Relationship": "Outer", "Join Type": "Inner", "Startup Cost": 4534.56, "Total Cost": 486417.81, "Plan Rows": 5991, "Plan Width": 28, "Actual Startup Time": 66.92, "Actual Total Time": 6795.81, "Actual Rows": 23929, "Actual Loops": 1, "Inner Unique": false, "Join Filter": "(n1.n_regionkey = region.r_regionkey)", "Rows Removed by Join Filter": 95836, "Plans": [{"Node Type": "Seq Scan", "Parent Relationship": "Outer", "Relation Name": "region", "Alias": "region", "Startup Cost": 0.0, "Total Cost": 1.06, "Plan Rows": 1, "Plan Width": 4, "Actual Startup Time": 0.008, "Actual Total Time": 0.01, "Actual Rows": 1, "Actual Loops": 1, "Filter": "(r_name = 'ASIA'::bpchar)", "Rows Removed by Filter": 4}, {"Node Type": "Hash Join", "Parent Relationship": "Inner", "Join Type": "Inner", "Startup Cost": 4534.56, "Total Cost": 486042.32, "Plan Rows": 29954, "Plan Width": 32, "Actual Startup Time": 66.706, "Actual Total Time": 6763.963, "Actual Rows": 119765, "Actual Loops": 1, "Inner Unique": true, "Hash Cond": "(customer.c_nationkey = n1.n_nationkey)", "Plans": [{"Node Type": "Nested Loop", "Parent Relationship": "Outer", "Join Type": "Inner", "Startup Cost": 4533.0, "Total Cost": 485661.65, "Plan Rows": 29954, "Plan Width": 32, "Actual Startup Time": 66.644, "Actual Total Time": 6694.943, "Actual Rows": 119765, "Actual Loops": 1, "Inner Unique": true, "Plans": [{"Node Type": "Hash Join", "Parent Relationship": "Outer", "Join Type": "Inner", "Startup Cost": 4533.0, "Total Cost": 469409.78, "Plan Rows": 51198, "Plan Width": 36, "Actual Startup Time": 66.611, "Actual Total Time": 5686.148, "Actual Rows": 119765, "Actual Loops": 1, "Inner Unique": true, "Hash Cond": "(lineitem.l_suppkey = supplier.s_suppkey)", "Plans": [{"Node Type": "Nested Loop", "Parent Relationship": "Outer", "Join Type": "Inner", "Startup Cost": 0.0, "Total Cost": 464497.44, "Plan Rows": 86479, "Plan Width": 40, "Actual Startup Time": 0.149, "Actual Total Time": 5541.572, "Actual Rows": 119765, "Actual Loops": 1, "Inner Unique": true, "Plans": [{"Node Type": "Nested Loop", "Parent Relationship": "Outer", "Join Type": "Inner", "Startup Cost": 0.0, "Total Cost": 441564.57, "Plan Rows": 74637, "Plan Width": 32, "Actual Startup Time": 0.033, "Actual Total Time": 2018.871, "Actual Rows": 395341, "Actual Loops": 1, "Inner Unique": false, "Plans": [{"Node Type": "Seq Scan", "Parent Relationship": "Outer", "Relation Name": "part", "Alias": "part", "Startup Cost": 0.0, "Total Cost": 66944.0, "Plan Rows": 13538, "Plan Width": 8, "Actual Startup Time": 0.014, "Actual Total Time": 773.39, "Actual Rows": 13163, "Actual Loops": 1, "Filter": "((p_type)::text = 'SMALL PLATED COPPER'::text)", "Rows Removed by Filter": 1986837}, {"Node Type": "Index Scan", "Parent Relationship": "Inner", "Scan Direction": "Forward", "Index Name": "idx_lineitem_part_supp", "Relation Name": "lineitem", "Alias": "lineitem", "Startup Cost": 0.0, "Total Cost": 27.61, "Plan Rows": 6, "Plan Width": 40, "Actual Startup Time": 157.237, "Actual Total Time": 1142.534, "Actual Rows": 395341, "Actual Loops": 13163, "Index Cond": "(l_partkey = part.p_partkey)", "Rows Removed by Index Recheck": 0}]}, {"Node Type": "Index Scan", "Parent Relationship": "Inner", "Scan Direction": "Forward", "Index Name": "orders_pkey", "Relation Name": "orders", "Alias": "orders", "Startup Cost": 0.0, "Total Cost": 0.3, "Plan Rows": 1, "Plan Width": 24, "Actual Startup Time": 3288.207, "Actual Total Time": 3288.207, "Actual Rows": 119765, "Actual Loops": 395341, "Index Cond": "(o_orderkey = lineitem.l_orderkey)", "Rows Removed by Index Recheck": 0, "Filter": "((o_orderdate >= '1995-01-01 00:00:00'::timestamp(0) without time zone) AND (o_orderdate <= '1996-12-31 00:00:00'::timestamp(0) without time zone))", "Rows Removed by Filter": 275576}]}, {"Node Type": "Hash", "Parent Relationship": "Inner", "Startup Cost": 3283.0, "Total Cost": 3283.0, "Plan Rows": 100000, "Plan Width": 12, "Actual Startup Time": 66.355, "Actual Total Time": 66.355, "Actual Rows": 100000, "Actual Loops": 1, "Hash Buckets": 131072, "Hash Batches": 1, "Original Hash Batches": 1, "Peak Memory Usage": 4297, "Plans": [{"Node Type": "Seq Scan", "Parent Relationship": "Outer", "Relation Name": "supplier", "Alias": "supplier", "Startup Cost": 0.0, "Total Cost": 3283.0, "Plan Rows": 100000, "Plan Width": 12, "Actual Startup Time": 0.011, "Actual Total Time": 39.877, "Actual Rows": 100000, "Actual Loops": 1}]}]}, {"Node Type": "Index Scan", "Parent Relationship": "Inner", "Scan Direction": "Forward", "Index Name": "customer_pkey", "Relation Name": "customer", "Alias": "customer", "Startup Cost": 0.0, "Total Cost": 0.31, "Plan Rows": 1, "Plan Width": 12, "Actual Startup Time": 899.108, "Actual Total Time": 899.108, "Actual Rows": 119765, "Actual Loops": 119765, "Index Cond": "(c_custkey = orders.o_custkey)", "Rows Removed by Index Recheck": 0}]}, {"Node Type": "Hash", "Parent Relationship": "Inner", "Startup Cost": 1.25, "Total Cost": 1.25, "Plan Rows": 25, "Plan Width": 8, "Actual Startup Time": 0.02, "Actual Total Time": 0.02, "Actual Rows": 25, "Actual Loops": 1, "Hash Buckets": 32768, "Hash Batches": 1, "Original Hash Batches": 1, "Peak Memory Usage": 1, "Plans": [{"Node Type": "Seq Scan", "Parent Relationship": "Outer", "Relation Name": "nation", "Alias": "n1", "Startup Cost": 0.0, "Total Cost": 1.25, "Plan Rows": 25, "Plan Width": 8, "Actual Startup Time": 0.007, "Actual Total Time": 0.011, "Actual Rows": 25, "Actual Loops": 1}]}]}]}, {"Node Type": "Hash", "Parent Relationship": "Inner", "Startup Cost": 1.25, "Total Cost": 1.25, "Plan Rows": 25, "Plan Width": 30, "Actual Startup Time": 0.034, "Actual Total Time": 0.034, "Actual Rows": 25, "Actual Loops": 1, "Hash Buckets": 32768, "Hash Batches": 1, "Original Hash Batches": 1, "Peak Memory Usage": 2, "Plans": [{"Node Type": "Seq Scan", "Parent Relationship": "Outer", "Relation Name": "nation", "Alias": "n2", "Startup Cost": 0.0, "Total Cost": 1.25, "Plan Rows": 25, "Plan Width": 30, "Actual Startup Time": 0.014, "Actual Total Time": 0.021, "Actual Rows": 25, "Actual Loops": 1}]}]}]}]}, "Triggers": [], "Planner Runtime": 5, "Total Runtime": 6865.211, "Unique SQL Id": 3681808042}}, "(64, 33)": {"explain_plan": {"Plan": {"Node Type": "Sort", "Startup Cost": 527575.13, "Total Cost": 527575.15, "Plan Rows": 10, "Plan Width": 66, "Sort Key": ["(date_part('year'::text, orders.o_orderdate))"], "Plans": [{"Node Type": "Aggregate", "Strategy": "Hashed", "Parent Relationship": "Outer", "Startup Cost": 527574.81, "Total Cost": 527574.96, "Plan Rows": 10, "Plan Width": 66, "Group By Key": ["date_part('year'::text, orders.o_orderdate)"], "Plans": [{"Node Type": "Hash Join", "Parent Relationship": "Outer", "Join Type": "Inner", "Startup Cost": 6610.42, "Total Cost": 527454.99, "Plan Rows": 5991, "Plan Width": 50, "Inner Unique": true, "Hash Cond": "(supplier.s_nationkey = n2.n_nationkey)", "Plans": [{"Node Type": "Nested Loop", "Parent Relationship": "Outer", "Join Type": "Inner", "Startup Cost": 6597.48, "Total Cost": 527351.25, "Plan Rows": 5991, "Plan Width": 28, "Inner Unique": false, "Join Filter": "(n1.n_regionkey = region.r_regionkey)", "Plans": [{"Node Type": "Index Scan", "Parent Relationship": "Outer", "Scan Direction": "Forward", "Index Name": "region_pkey", "Relation Name": "region", "Alias": "region", "Startup Cost": 0.0, "Total Cost": 12.34, "Plan Rows": 1, "Plan Width": 4, "Filter": "(r_name = 'ASIA'::bpchar)"}, {"Node Type": "Hash Join", "Parent Relationship": "Inner", "Join Type": "Inner", "Startup Cost": 6597.48, "Total Cost": 526964.49, "Plan Rows": 29954, "Plan Width": 32, "Inner Unique": true, "Hash Cond": "(customer.c_nationkey = n1.n_nationkey)", "Plans": [{"Node Type": "Nested Loop", "Parent Relationship": "Outer", "Join Type": "Inner", "Startup Cost": 6584.54, "Total Cost": 526572.45, "Plan Rows": 29954, "Plan Width": 32, "Inner Unique": true, "Plans": [{"Node Type": "Hash Join", "Parent Relationship": "Outer", "Join Type": "Inner", "Startup Cost": 6584.54, "Total Cost": 510320.57, "Plan Rows": 51198, "Plan Width": 36, "Inner Unique": true, "Hash Cond": "(lineitem.l_suppkey = supplier.s_suppkey)", "Plans": [{"Node Type": "Nested Loop", "Parent Relationship": "Outer", "Join Type": "Inner", "Startup Cost": 0.0, "Total Cost": 503356.69, "Plan Rows": 86479, "Plan Width": 40, "Inner Unique": true, "Plans": [{"Node Type": "Nested Loop", "Parent Relationship": "Outer", "Join Type": "Inner", "Startup Cost": 0.0, "Total Cost": 480423.82, "Plan Rows": 74637, "Plan Width": 32, "Inner Unique": false, "Plans": [{"Node Type": "Index Scan", "Parent Relationship": "Outer", "Scan Direction": "Forward", "Index Name": "part_kpey", "Relation Name": "part", "Alias": "part", "Startup Cost": 0.0, "Total Cost": 105803.25, "Plan Rows": 13538, "Plan Width": 8, "Filter": "((p_type)::text = 'SMALL PLATED COPPER'::text)"}, {"Node Type": "Index Scan", "Parent Relationship": "Inner", "Scan Direction": "Forward", "Index Name": "idx_lineitem_part_supp", "Relation Name": "lineitem", "Alias": "lineitem", "Startup Cost": 0.0, "Total Cost": 27.61, "Plan Rows": 6, "Plan Width": 40, "Index Cond": "(l_partkey = part.p_partkey)"}]}, {"Node Type": "Index Scan", "Parent Relationship": "Inner", "Scan Direction": "Forward", "Index Name": "orders_pkey", "Relation Name": "orders", "Alias": "orders", "Startup Cost": 0.0, "Total Cost": 0.3, "Plan Rows": 1, "Plan Width": 24, "Index Cond": "(o_orderkey = lineitem.l_orderkey)", "Filter": "((o_orderdate >= '1995-01-01 00:00:00'::timestamp(0) without time zone) AND (o_orderdate <= '1996-12-31 00:00:00'::timestamp(0) without time zone))"}]}, {"Node Type": "Hash", "Parent Relationship": "Inner", "Startup Cost": 5334.54, "Total Cost": 5334.54, "Plan Rows": 100000, "Plan Width": 12, "Plans": [{"Node Type": "Index Scan", "Parent Relationship": "Outer", "Scan Direction": "Forward", "Index Name": "supplier_pkey", "Relation Name": "supplier", "Alias": "supplier", "Startup Cost": 0.0, "Total Cost": 5334.54, "Plan Rows": 100000, "Plan Width": 12}]}]}, {"Node Type": "Index Scan", "Parent Relationship": "Inner", "Scan Direction": "Forward", "Index Name": "customer_pkey", "Relation Name": "customer", "Alias": "customer", "Startup Cost": 0.0, "Total Cost": 0.31, "Plan Rows": 1, "Plan Width": 12, "Index Cond": "(c_custkey = orders.o_custkey)"}]}, {"Node Type": "Hash", "Parent Relationship": "Inner", "Startup Cost": 12.62, "Total Cost": 12.62, "Plan Rows": 25, "Plan Width": 8, "Plans": [{"Node Type": "Index Scan", "Parent Relationship": "Outer", "Scan Direction": "Forward", "Index Name": "idx_nation_regionkey", "Relation Name": "nation", "Alias": "n1", "Startup Cost": 0.0, "Total Cost": 12.62, "Plan Rows": 25, "Plan Width": 8}]}]}]}, {"Node Type": "Hash", "Parent Relationship": "Inner", "Startup Cost": 12.62, "Total Cost": 12.62, "Plan Rows": 25, "Plan Width": 30, "Plans": [{"Node Type": "Index Scan", "Parent Relationship": "Outer", "Scan Direction": "Forward", "Index Name": "nation_pkey", "Relation Name": "nation", "Alias": "n2", "Startup Cost": 0.0, "Total Cost": 12.62, "Plan Rows": 25, "Plan Width": 30}]}]}]}]}, "Unique SQL Id": 3681808042, "Planner Runtime": 4}, "explain_analyze_plan": {"Plan": {"Node Type": "Sort", "Startup Cost": 527575.13, "Total Cost": 527575.15, "Plan Rows": 10, "Plan Width": 66, "Actual Startup Time": 7581.242, "Actual Total Time": 7581.242, "Actual Rows": 2, "Actual Loops": 1, "Sort Key": ["(date_part('year'::text, orders.o_orderdate))"], "Sort Method": "quicksort", "Sort Space Used": 25, "Sort Space Type": "Memory", "Plans": [{"Node Type": "Aggregate", "Strategy": "Hashed", "Parent Relationship": "Outer", "Startup Cost": 527574.81, "Total Cost": 527574.96, "Plan Rows": 10, "Plan Width": 66, "Actual Startup Time": 7581.225, "Actual Total Time": 7581.226, "Actual Rows": 2, "Actual Loops": 1, "Group By Key": ["date_part('year'::text, orders.o_orderdate)"], "Plans": [{"Node Type": "Hash Join", "Parent Relationship": "Outer", "Join Type": "Inner", "Startup Cost": 6610.42, "Total Cost": 527454.99, "Plan Rows": 5991, "Plan Width": 50, "Actual Startup Time": 110.337, "Actual Total Time": 7546.674, "Actual Rows": 23929, "Actual Loops": 1, "Inner Unique": true, "Hash Cond": "(supplier.s_nationkey = n2.n_nationkey)", "Plans": [{"Node Type": "Nested Loop", "Parent Relationship": "Outer", "Join Type": "Inner", "Startup Cost": 6597.48, "Total Cost": 527351.25, "Plan Rows": 5991, "Plan Width": 28, "Actual Startup Time": 110.244, "Actual Total Time": 7512.896, "Actual Rows": 23929, "Actual Loops": 1, "Inner Unique": false, "Join Filter": "(n1.n_regionkey = region.r_regionkey)", "Rows Removed by Join Filter": 95836, "Plans": [{"Node Type": "Index Scan", "Parent Relationship": "Outer", "Scan Direction": "Forward", "Index Name": "region_pkey", "Relation Name": "region", "Alias": "region", "Startup Cost": 0.0, "Total Cost": 12.34, "Plan Rows": 1, "Plan Width": 4, "Actual Startup Time": 0.008, "Actual Total Time": 0.015, "Actual Rows": 1, "Actual Loops": 1, "Filter": "(r_name = 'ASIA'::bpchar)", "Rows Removed by Filter": 4}, {"Node Type": "Hash Join", "Parent Relationship": "Inner", "Join Type": "Inner", "Startup Cost": 6597.48, "Total Cost": 526964.49, "Plan Rows": 29954, "Plan Width": 32, "Actual Startup Time": 110.017, "Actual Total Time": 7480.171, "Actual Rows": 119765, "Actual Loops": 1, "Inner Unique": true, "Hash Cond": "(customer.c_nationkey = n1.n_nationkey)", "Plans": [{"Node Type": "Nested Loop", "Parent Relationship": "Outer", "Join Type": "Inner", "Startup Cost": 6584.54, "Total Cost": 526572.45, "Plan Rows": 29954, "Plan Width": 32, "Actual Startup Time": 109.959, "Actual Total Time": 7409.138, "Actual Rows": 119765, "Actual Loops": 1, "Inner Unique": true, "Plans": [{"Node Type": "Hash Join", "Parent Relationship": "Outer", "Join Type": "Inner", "Startup Cost": 6584.54, "Total Cost": 510320.57, "Plan Rows": 51198, "Plan Width": 36, "Actual Startup Time": 109.931, "Actual Total Time": 6406.487, "Actual Rows": 119765, "Actual Loops": 1, "Inner Unique": true, "Hash Cond": "(lineitem.l_suppkey = supplier.s_suppkey)", "Plans": [{"Node Type": "Nested Loop", "Parent Relationship": "Outer", "Join Type": "Inner", "Startup Cost": 0.0, "Total Cost": 503356.69, "Plan Rows": 86479, "Plan Width": 40, "Actual Startup Time": 0.156, "Actual Total Time": 6213.592, "Actual Rows": 119765, "Actual Loops": 1, "Inner Unique": true, "Plans": [{"Node Type": "Nested Loop", "Parent Relationship": "Outer", "Join Type": "Inner", "Startup Cost": 0.0, "Total Cost": 480423.82, "Plan Rows": 74637, "Plan Width": 32, "Actual Startup Time": 0.041, "Actual Total Time": 2695.99, "Actual Rows": 395341, "Actual Loops": 1, "Inner Unique": false, "Plans": [{"Node Type": "Index Scan", "Parent Relationship": "Outer", "Scan Direction": "Forward", "Index Name": "part_kpey", "Relation Name": "part", "Alias": "part", "Startup Cost": 0.0, "Total Cost": 105803.25, "Plan Rows": 13538, "Plan Width": 8, "Actual Startup Time": 0.026, "Actual Total Time": 1440.569, "Actual Rows": 13163, "Actual Loops": 1, "Filter": "((p_type)::text = 'SMALL PLATED COPPER'::text)", "Rows Removed by Filter": 1986837}, {"Node Type": "Index Scan", "Parent Relationship": "Inner", "Scan Direction": "Forward", "Index Name": "idx_lineitem_part_supp", "Relation Name": "lineitem", "Alias": "lineitem", "Startup Cost": 0.0, "Total Cost": 27.61, "Plan Rows": 6, "Plan Width": 40, "Actual Startup Time": 155.451, "Actual Total Time": 1155.312, "Actual Rows": 395341, "Actual Loops": 13163, "Index Cond": "(l_partkey = part.p_partkey)", "Rows Removed by Index Recheck": 0}]}, {"Node Type": "Index Scan", "Parent Relationship": "Inner", "Scan Direction": "Forward", "Index Name": "orders_pkey", "Relation Name": "orders", "Alias": "orders", "Startup Cost": 0.0, "Total Cost": 0.3, "Plan Rows": 1, "Plan Width": 24, "Actual Startup Time": 3279.079, "Actual Total Time": 3279.079, "Actual Rows": 119765, "Actual Loops": 395341, "Index Cond": "(o_orderkey = lineitem.l_orderkey)", "Rows Removed by Index Recheck": 0, "Filter": "((o_orderdate >= '1995-01-01 00:00:00'::timestamp(0) without time zone) AND (o_orderdate <= '1996-12-31 00:00:00'::timestamp(0) without time zone))", "Rows Removed by Filter": 275576}]}, {"Node Type": "Hash", "Parent Relationship": "Inner", "Startup Cost": 5334.54, "Total Cost": 5334.54, "Plan Rows": 100000, "Plan Width": 12, "Actual Startup Time": 109.671, "Actual Total Time": 109.671, "Actual Rows": 100000, "Actual Loops": 1, "Hash Buckets": 131072, "Hash Batches": 1, "Original Hash Batches": 1, "Peak Memory Usage": 4297, "Plans": [{"Node Type": "Index Scan", "Parent Relationship": "Outer", "Scan Direction": "Forward", "Index Name": "supplier_pkey", "Relation Name": "supplier", "Alias": "supplier", "Startup Cost": 0.0, "Total Cost": 5334.54, "Plan Rows": 100000, "Plan Width": 12, "Actual Startup Time": 0.017, "Actual Total Time": 82.398, "Actual Rows": 100000, "Actual Loops": 1}]}]}, {"Node Type": "Index Scan", "Parent Relationship": "Inner", "Scan Direction": "Forward", "Index Name": "customer_pkey", "Relation Name": "customer", "Alias": "customer", "Startup Cost": 0.0, "Total Cost": 0.31, "Plan Rows": 1, "Plan Width": 12, "Actual Startup Time": 892.623, "Actual Total Time": 892.623, "Actual Rows": 119765, "Actual Loops": 119765, "Index Cond": "(c_custkey = orders.o_custkey)", "Rows Removed by Index Recheck": 0}]}, {"Node Type": "Hash", "Parent Relationship": "Inner", "Startup Cost": 12.62, "Total Cost": 12.62, "Plan Rows": 25, "Plan Width": 8, "Actual Startup Time": 0.024, "Actual Total Time": 0.024, "Actual Rows": 25, "Actual Loops": 1, "Hash Buckets": 32768, "Hash Batches": 1, "Original Hash Batches": 1, "Peak Memory Usage": 1, "Plans": [{"Node Type": "Index Scan", "Parent Relationship": "Outer", "Scan Direction": "Forward", "Index Name": "idx_nation_regionkey", "Relation Name": "nation", "Alias": "n1", "Startup Cost": 0.0, "Total Cost": 12.62, "Plan Rows": 25, "Plan Width": 8, "Actual Startup Time": 0.005, "Actual Total Time": 0.016, "Actual Rows": 25, "Actual Loops": 1}]}]}]}, {"Node Type": "Hash", "Parent Relationship": "Inner", "Startup Cost": 12.62, "Total Cost": 12.62, "Plan Rows": 25, "Plan Width": 30, "Actual Startup Time": 0.039, "Actual Total Time": 0.039, "Actual Rows": 25, "Actual Loops": 1, "Hash Buckets": 32768, "Hash Batches": 1, "Original Hash Batches": 1, "Peak Memory Usage": 2, "Plans": [{"Node Type": "Index Scan", "Parent Relationship": "Outer", "Scan Direction": "Forward", "Index Name": "nation_pkey", "Relation Name": "nation", "Alias": "n2", "Startup Cost": 0.0, "Total Cost": 12.62, "Plan Rows": 25, "Plan Width": 30, "Actual Startup Time": 0.01, "Actual Total Time": 0.028, "Actual Rows": 25, "Actual Loops": 1}]}]}]}]}, "Triggers": [], "Planner Runtime": 4, "Total Runtime": 7581.588, "Unique SQL Id": 3681808042}}, "(64, 34)": {"explain_plan": {"Plan": {"Node Type": "Sort", "Startup Cost": 818733.87, "Total Cost": 818733.89, "Plan Rows": 10, "Plan Width": 66, "Sort Key": ["(date_part('year'::text, orders.o_orderdate))"], "Plans": [{"Node Type": "Aggregate", "Strategy": "Hashed", "Parent Relationship": "Outer", "Startup Cost": 818733.55, "Total Cost": 818733.7, "Plan Rows": 10, "Plan Width": 66, "Group By Key": ["date_part('year'::text, orders.o_orderdate)"], "Plans": [{"Node Type": "Nested Loop", "Parent Relationship": "Outer", "Join Type": "Inner", "Startup Cost": 45452.32, "Total Cost": 818613.73, "Plan Rows": 5991, "Plan Width": 50, "Inner Unique": true, "Join Filter": "(supplier.s_nationkey = n2.n_nationkey)", "Plans": [{"Node Type": "Hash Join", "Parent Relationship": "Outer", "Join Type": "Inner", "Startup Cost": 45452.32, "Total Cost": 816350.82, "Plan Rows": 5991, "Plan Width": 28, "Inner Unique": false, "Hash Cond": "(orders.o_custkey = customer.c_custkey)", "Plans": [{"Node Type": "Hash Join", "Parent Relationship": "Outer", "Join Type": "Inner", "Startup Cost": 4537.47, "Total Cost": 775184.07, "Plan Rows": 51198, "Plan Width": 36, "Inner Unique": true, "Hash Cond": "(lineitem.l_suppkey = supplier.s_suppkey)", "Plans": [{"Node Type": "Nested Loop", "Parent Relationship": "Outer", "Join Type": "Inner", "Startup Cost": 4.47, "Total Cost": 770271.73, "Plan Rows": 86479, "Plan Width": 40, "Inner Unique": true, "Plans": [{"Node Type": "Nested Loop", "Parent Relationship": "Outer", "Join Type": "Inner", "Startup Cost": 4.21, "Total Cost": 450147.9, "Plan Rows": 74637, "Plan Width": 32, "Inner Unique": false, "Plans": [{"Node Type": "Seq Scan", "Parent Relationship": "Outer", "Relation Name": "part", "Alias": "part", "Startup Cost": 0.0, "Total Cost": 66944.0, "Plan Rows": 13538, "Plan Width": 8, "Filter": "((p_type)::text = 'SMALL PLATED COPPER'::text)"}, {"Node Type": "Bitmap Heap Scan", "Parent Relationship": "Inner", "Relation Name": "lineitem", "Alias": "lineitem", "Startup Cost": 4.21, "Total Cost": 28.25, "Plan Rows": 6, "Plan Width": 40, "Recheck Cond": "(l_partkey = part.p_partkey)", "Plans": [{"Node Type": "Bitmap Index Scan", "Parent Relationship": "Outer", "Index Name": "idx_lineitem_part_supp", "Startup Cost": 0.0, "Total Cost": 4.21, "Plan Rows": 6, "Plan Width": 0, "Index Cond": "(l_partkey = part.p_partkey)"}]}]}, {"Node Type": "Bitmap Heap Scan", "Parent Relationship": "Inner", "Relation Name": "orders", "Alias": "orders", "Startup Cost": 0.26, "Total Cost": 4.28, "Plan Rows": 1, "Plan Width": 24, "Recheck Cond": "(o_orderkey = lineitem.l_orderkey)", "Filter": "((o_orderdate >= '1995-01-01 00:00:00'::timestamp(0) without time zone) AND (o_orderdate <= '1996-12-31 00:00:00'::timestamp(0) without time zone))", "Plans": [{"Node Type": "Bitmap Index Scan", "Parent Relationship": "Outer", "Index Name": "orders_pkey", "Startup Cost": 0.0, "Total Cost": 0.26, "Plan Rows": 1, "Plan Width": 0, "Index Cond": "(o_orderkey = lineitem.l_orderkey)"}]}]}, {"Node Type": "Hash", "Parent Relationship": "Inner", "Startup Cost": 3283.0, "Total Cost": 3283.0, "Plan Rows": 100000, "Plan Width": 12, "Plans": [{"Node Type": "Seq Scan", "Parent Relationship": "Outer", "Relation Name": "supplier", "Alias": "supplier", "Startup Cost": 0.0, "Total Cost": 3283.0, "Plan Rows": 100000, "Plan Width": 12}]}]}, {"Node Type": "Hash", "Parent Relationship": "Inner", "Startup Cost": 37164.85, "Total Cost": 37164.85, "Plan Rows": 300000, "Plan Width": 8, "Plans": [{"Node Type": "Nested Loop", "Parent Relationship": "Outer", "Join Type": "Inner", "Startup Cost": 1031.44, "Total Cost": 37164.85, "Plan Rows": 300000, "Plan Width": 8, "Inner Unique": false, "Plans": [{"Node Type": "Hash Join", "Parent Relationship": "Outer", "Join Type": "Inner", "Startup Cost": 1.07, "Total Cost": 2.44, "Plan Rows": 5, "Plan Width": 4, "Inner Unique": true, "Hash Cond": "(n1.n_regionkey = region.r_regionkey)", "Plans": [{"Node Type": "Seq Scan", "Parent Relationship": "Outer", "Relation Name": "nation", "Alias": "n1", "Startup Cost": 0.0, "Total Cost": 1.25, "Plan Rows": 25, "Plan Width": 8}, {"Node Type": "Hash", "Parent Relationship": "Inner", "Startup Cost": 1.06, "Total Cost": 1.06, "Plan Rows": 1, "Plan Width": 4, "Plans": [{"Node Type": "Seq Scan", "Parent Relationship": "Outer", "Relation Name": "region", "Alias": "region", "Startup Cost": 0.0, "Total Cost": 1.06, "Plan Rows": 1, "Plan Width": 4, "Filter": "(r_name = 'ASIA'::bpchar)"}]}]}, {"Node Type": "Bitmap Heap Scan", "Parent Relationship": "Inner", "Relation Name": "customer", "Alias": "customer", "Startup Cost": 1030.37, "Total Cost": 6832.48, "Plan Rows": 60000, "Plan Width": 12, "Recheck Cond": "(c_nationkey = n1.n_nationkey)", "Plans": [{"Node Type": "Bitmap Index Scan", "Parent Relationship": "Outer", "Index Name": "idx_customer_nationkey", "Startup Cost": 0.0, "Total Cost": 1015.37, "Plan Rows": 60000, "Plan Width": 0, "Index Cond": "(c_nationkey = n1.n_nationkey)"}]}]}]}]}, {"Node Type": "Materialize", "Parent Relationship": "Inner", "Startup Cost": 0.0, "Total Cost": 1.38, "Plan Rows": 25, "Plan Width": 30, "Plans": [{"Node Type": "Seq Scan", "Parent Relationship": "Outer", "Relation Name": "nation", "Alias": "n2", "Startup Cost": 0.0, "Total Cost": 1.25, "Plan Rows": 25, "Plan Width": 30}]}]}]}]}, "Unique SQL Id": 3681808042, "Planner Runtime": 6}, "explain_analyze_plan": {"Plan": {"Node Type": "Sort", "Startup Cost": 818733.87, "Total Cost": 818733.89, "Plan Rows": 10, "Plan Width": 66, "Actual Startup Time": 7727.646, "Actual Total Time": 7727.646, "Actual Rows": 2, "Actual Loops": 1, "Sort Key": ["(date_part('year'::text, orders.o_orderdate))"], "Sort Method": "quicksort", "Sort Space Used": 25, "Sort Space Type": "Memory", "Plans": [{"Node Type": "Aggregate", "Strategy": "Hashed", "Parent Relationship": "Outer", "Startup Cost": 818733.55, "Total Cost": 818733.7, "Plan Rows": 10, "Plan Width": 66, "Actual Startup Time": 7727.627, "Actual Total Time": 7727.629, "Actual Rows": 2, "Actual Loops": 1, "Group By Key": ["date_part('year'::text, orders.o_orderdate)"], "Plans": [{"Node Type": "Nested Loop", "Parent Relationship": "Outer", "Join Type": "Inner", "Startup Cost": 45452.32, "Total Cost": 818613.73, "Plan Rows": 5991, "Plan Width": 50, "Actual Startup Time": 862.141, "Actual Total Time": 7689.535, "Actual Rows": 23929, "Actual Loops": 1, "Inner Unique": true, "Join Filter": "(supplier.s_nationkey = n2.n_nationkey)", "Rows Removed by Join Filter": 288173, "Plans": [{"Node Type": "Hash Join", "Parent Relationship": "Outer", "Join Type": "Inner", "Startup Cost": 45452.32, "Total Cost": 816350.82, "Plan Rows": 5991, "Plan Width": 28, "Actual Startup Time": 862.095, "Actual Total Time": 7570.097, "Actual Rows": 23929, "Actual Loops": 1, "Inner Unique": false, "Hash Cond": "(orders.o_custkey = customer.c_custkey)", "Plans": [{"Node Type": "Hash Join", "Parent Relationship": "Outer", "Join Type": "Inner", "Startup Cost": 4537.47, "Total Cost": 775184.07, "Plan Rows": 51198, "Plan Width": 36, "Actual Startup Time": 67.13, "Actual Total Time": 6711.267, "Actual Rows": 119765, "Actual Loops": 1, "Inner Unique": true, "Hash Cond": "(lineitem.l_suppkey = supplier.s_suppkey)", "Plans": [{"Node Type": "Nested Loop", "Parent Relationship": "Outer", "Join Type": "Inner", "Startup Cost": 4.47, "Total Cost": 770271.73, "Plan Rows": 86479, "Plan Width": 40, "Actual Startup Time": 0.12, "Actual Total Time": 6562.441, "Actual Rows": 119765, "Actual Loops": 1, "Inner Unique": true, "Plans": [{"Node Type": "Nested Loop", "Parent Relationship": "Outer", "Join Type": "Inner", "Startup Cost": 4.21, "Total Cost": 450147.9, "Plan Rows": 74637, "Plan Width": 32, "Actual Startup Time": 0.064, "Actual Total Time": 2277.38, "Actual Rows": 395341, "Actual Loops": 1, "Inner Unique": false, "Plans": [{"Node Type": "Seq Scan", "Parent Relationship": "Outer", "Relation Name": "part", "Alias": "part", "Startup Cost": 0.0, "Total Cost": 66944.0, "Plan Rows": 13538, "Plan Width": 8, "Actual Startup Time": 0.024, "Actual Total Time": 784.076, "Actual Rows": 13163, "Actual Loops": 1, "Filter": "((p_type)::text = 'SMALL PLATED COPPER'::text)", "Rows Removed by Filter": 1986837}, {"Node Type": "Bitmap Heap Scan", "Parent Relationship": "Inner", "Relation Name": "lineitem", "Alias": "lineitem", "Startup Cost": 4.21, "Total Cost": 28.25, "Plan Rows": 6, "Plan Width": 40, "Actual Startup Time": 265.824, "Actual Total Time": 1377.637, "Actual Rows": 395341, "Actual Loops": 13163, "Recheck Cond": "(l_partkey = part.p_partkey)", "Rows Removed by Index Recheck": 0, "Exact Heap Blocks": 395337, "Lossy Heap Blocks": 395337, "Plans": [{"Node Type": "Bitmap Index Scan", "Parent Relationship": "Outer", "Index Name": "idx_lineitem_part_supp", "Startup Cost": 0.0, "Total Cost": 4.21, "Plan Rows": 6, "Plan Width": 0, "Actual Startup Time": 172.401, "Actual Total Time": 172.401, "Actual Rows": 395341, "Actual Loops": 13163, "Index Cond": "(l_partkey = part.p_partkey)"}]}]}, {"Node Type": "Bitmap Heap Scan", "Parent Relationship": "Inner", "Relation Name": "orders", "Alias": "orders", "Startup Cost": 0.26, "Total Cost": 4.28, "Plan Rows": 1, "Plan Width": 24, "Actual Startup Time": 3807.095, "Actual Total Time": 3807.095, "Actual Rows": 119765, "Actual Loops": 395341, "Recheck Cond": "(o_orderkey = lineitem.l_orderkey)", "Rows Removed by Index Recheck": 0, "Filter": "((o_orderdate >= '1995-01-01 00:00:00'::timestamp(0) without time zone) AND (o_orderdate <= '1996-12-31 00:00:00'::timestamp(0) without time zone))", "Rows Removed by Filter": 275576, "Exact Heap Blocks": 395341, "Lossy Heap Blocks": 395341, "Plans": [{"Node Type": "Bitmap Index Scan", "Parent Relationship": "Outer", "Index Name": "orders_pkey", "Startup Cost": 0.0, "Total Cost": 0.26, "Plan Rows": 1, "Plan Width": 0, "Actual Startup Time": 2318.38, "Actual Total Time": 2318.38, "Actual Rows": 395341, "Actual Loops": 395341, "Index Cond": "(o_orderkey = lineitem.l_orderkey)"}]}]}, {"Node Type": "Hash", "Parent Relationship": "Inner", "Startup Cost": 3283.0, "Total Cost": 3283.0, "Plan Rows": 100000, "Plan Width": 12, "Actual Startup Time": 66.9, "Actual Total Time": 66.9, "Actual Rows": 100000, "Actual Loops": 1, "Hash Buckets": 131072, "Hash Batches": 1, "Original Hash Batches": 1, "Peak Memory Usage": 4297, "Plans": [{"Node Type": "Seq Scan", "Parent Relationship": "Outer", "Relation Name": "supplier", "Alias": "supplier", "Startup Cost": 0.0, "Total Cost": 3283.0, "Plan Rows": 100000, "Plan Width": 12, "Actual Startup Time": 0.013, "Actual Total Time": 39.813, "Actual Rows": 100000, "Actual Loops": 1}]}]}, {"Node Type": "Hash", "Parent Relationship": "Inner", "Startup Cost": 37164.85, "Total Cost": 37164.85, "Plan Rows": 300000, "Plan Width": 8, "Actual Startup Time": 794.528, "Actual Total Time": 794.528, "Actual Rows": 300270, "Actual Loops": 1, "Hash Buckets": 524288, "Hash Batches": 1, "Original Hash Batches": 1, "Peak Memory Usage": 11730, "Plans": [{"Node Type": "Nested Loop", "Parent Relationship": "Outer", "Join Type": "Inner", "Startup Cost": 1031.44, "Total Cost": 37164.85, "Plan Rows": 300000, "Plan Width": 8, "Actual Startup Time": 18.39, "Actual Total Time": 703.096, "Actual Rows": 300270, "Actual Loops": 1, "Inner Unique": false, "Plans": [{"Node Type": "Hash Join", "Parent Relationship": "Outer", "Join Type": "Inner", "Startup Cost": 1.07, "Total Cost": 2.44, "Plan Rows": 5, "Plan Width": 4, "Actual Startup Time": 0.075, "Actual Total Time": 0.128, "Actual Rows": 5, "Actual Loops": 1, "Inner Unique": true, "Hash Cond": "(n1.n_regionkey = region.r_regionkey)", "Plans": [{"Node Type": "Seq Scan", "Parent Relationship": "Outer", "Relation Name": "nation", "Alias": "n1", "Startup Cost": 0.0, "Total Cost": 1.25, "Plan Rows": 25, "Plan Width": 8, "Actual Startup Time": 0.017, "Actual Total Time": 0.032, "Actual Rows": 25, "Actual Loops": 1}, {"Node Type": "Hash", "Parent Relationship": "Inner", "Startup Cost": 1.06, "Total Cost": 1.06, "Plan Rows": 1, "Plan Width": 4, "Actual Startup Time": 0.019, "Actual Total Time": 0.019, "Actual Rows": 1, "Actual Loops": 1, "Hash Buckets": 32768, "Hash Batches": 1, "Original Hash Batches": 1, "Peak Memory Usage": 1, "Plans": [{"Node Type": "Seq Scan", "Parent Relationship": "Outer", "Relation Name": "region", "Alias": "region", "Startup Cost": 0.0, "Total Cost": 1.06, "Plan Rows": 1, "Plan Width": 4, "Actual Startup Time": 0.011, "Actual Total Time": 0.013, "Actual Rows": 1, "Actual Loops": 1, "Filter": "(r_name = 'ASIA'::bpchar)", "Rows Removed by Filter": 4}]}]}, {"Node Type": "Bitmap Heap Scan", "Parent Relationship": "Inner", "Relation Name": "customer", "Alias": "customer", "Startup Cost": 1030.37, "Total Cost": 6832.48, "Plan Rows": 60000, "Plan Width": 12, "Actual Startup Time": 104.609, "Actual Total Time": 643.743, "Actual Rows": 300270, "Actual Loops": 5, "Recheck Cond": "(c_nationkey = n1.n_nationkey)", "Rows Removed by Index Recheck": 0, "Exact Heap Blocks": 150032, "Lossy Heap Blocks": 150032, "Plans": [{"Node Type": "Bitmap Index Scan", "Parent Relationship": "Outer", "Index Name": "idx_customer_nationkey", "Startup Cost": 0.0, "Total Cost": 1015.37, "Plan Rows": 60000, "Plan Width": 0, "Actual Startup Time": 71.894, "Actual Total Time": 71.894, "Actual Rows": 300270, "Actual Loops": 5, "Index Cond": "(c_nationkey = n1.n_nationkey)"}]}]}]}]}, {"Node Type": "Materialize", "Parent Relationship": "Inner", "Startup Cost": 0.0, "Total Cost": 1.38, "Plan Rows": 25, "Plan Width": 30, "Actual Startup Time": 3.075, "Actual Total Time": 28.02, "Actual Rows": 312102, "Actual Loops": 23929, "Plans": [{"Node Type": "Seq Scan", "Parent Relationship": "Outer", "Relation Name": "nation", "Alias": "n2", "Startup Cost": 0.0, "Total Cost": 1.25, "Plan Rows": 25, "Plan Width": 30, "Actual Startup Time": 0.011, "Actual Total Time": 0.015, "Actual Rows": 25, "Actual Loops": 1}]}]}]}]}, "Triggers": [], "Planner Runtime": 6, "Total Runtime": 7728.157, "Unique SQL Id": 3681808042}}, "(64, 35)": {"explain_plan": {"Plan": {"Node Type": "Sort", "Startup Cost": 66661878.45, "Total Cost": 66661878.48, "Plan Rows": 10, "Plan Width": 66, "Sort Key": ["(date_part('year'::text, orders.o_orderdate))"], "Plans": [{"Node Type": "Aggregate", "Strategy": "Hashed", "Parent Relationship": "Outer", "Startup Cost": 66661878.14, "Total Cost": 66661878.29, "Plan Rows": 10, "Plan Width": 66, "Group By Key": ["date_part('year'::text, orders.o_orderdate)"], "Plans": [{"Node Type": "Nested Loop", "Parent Relationship": "Outer", "Join Type": "Inner", "Startup Cost": 115915.31, "Total Cost": 66661758.32, "Plan Rows": 5991, "Plan Width": 50, "Inner Unique": true, "Plans": [{"Node Type": "Nested Loop", "Parent Relationship": "Outer", "Join Type": "Inner", "Startup Cost": 115915.05, "Total Cost": 66636099.88, "Plan Rows": 5991, "Plan Width": 28, "Inner Unique": true, "Plans": [{"Node Type": "Nested Loop", "Parent Relationship": "Outer", "Join Type": "Inner", "Startup Cost": 115914.79, "Total Cost": 66562068.23, "Plan Rows": 17296, "Plan Width": 32, "Inner Unique": true, "Plans": [{"Node Type": "Nested Loop", "Parent Relationship": "Outer", "Join Type": "Inner", "Startup Cost": 115914.53, "Total Cost": 45938880.46, "Plan Rows": 4814867, "Plan Width": 40, "Inner Unique": false, "Plans": [{"Node Type": "Nested Loop", "Parent Relationship": "Outer", "Join Type": "Inner", "Startup Cost": 115914.01, "Total Cost": 43432501.27, "Plan Rows": 530296, "Plan Width": 16, "Inner Unique": true, "Plans": [{"Node Type": "Nested Loop", "Parent Relationship": "Outer", "Join Type": "Inner", "Startup Cost": 115913.43, "Total Cost": 31228406.3, "Plan Rows": 2651479, "Plan Width": 20, "Inner Unique": true, "Plans": [{"Node Type": "Nested Loop", "Parent Relationship": "Outer", "Join Type": "Inner", "Startup Cost": 115913.17, "Total Cost": 19879399.17, "Plan Rows": 2651479, "Plan Width": 20, "Inner Unique": true, "Plans": [{"Node Type": "Bitmap Heap Scan", "Parent Relationship": "Outer", "Relation Name": "orders", "Alias": "orders", "Startup Cost": 115912.91, "Total Cost": 460311.42, "Plan Rows": 4531967, "Plan Width": 24, "Recheck Cond": "((o_orderdate >= '1995-01-01 00:00:00'::timestamp(0) without time zone) AND (o_orderdate <= '1996-12-31 00:00:00'::timestamp(0) without time zone)), (LLVM Optimized)", "Plans": [{"Node Type": "Bitmap Index Scan", "Parent Relationship": "Outer", "Index Name": "idx_orders_orderdate", "Startup Cost": 0.0, "Total Cost": 114779.92, "Plan Rows": 4531967, "Plan Width": 0, "Index Cond": "((o_orderdate >= '1995-01-01 00:00:00'::timestamp(0) without time zone) AND (o_orderdate <= '1996-12-31 00:00:00'::timestamp(0) without time zone))"}]}, {"Node Type": "Bitmap Heap Scan", "Parent Relationship": "Inner", "Relation Name": "customer", "Alias": "customer", "Startup Cost": 0.26, "Total Cost": 4.27, "Plan Rows": 1, "Plan Width": 12, "Recheck Cond": "(c_custkey = orders.o_custkey)", "Plans": [{"Node Type": "Bitmap Index Scan", "Parent Relationship": "Outer", "Index Name": "customer_pkey", "Startup Cost": 0.0, "Total Cost": 0.26, "Plan Rows": 1, "Plan Width": 0, "Index Cond": "(c_custkey = orders.o_custkey)"}]}]}, {"Node Type": "Bitmap Heap Scan", "Parent Relationship": "Inner", "Relation Name": "nation", "Alias": "n1", "Startup Cost": 0.26, "Total Cost": 4.27, "Plan Rows": 1, "Plan Width": 8, "Recheck Cond": "(n_nationkey = customer.c_nationkey)", "Plans": [{"Node Type": "Bitmap Index Scan", "Parent Relationship": "Outer", "Index Name": "nation_pkey", "Startup Cost": 0.0, "Total Cost": 0.26, "Plan Rows": 1, "Plan Width": 0, "Index Cond": "(n_nationkey = customer.c_nationkey)"}]}]}, {"Node Type": "Bitmap Heap Scan", "Parent Relationship": "Inner", "Relation Name": "region", "Alias": "region", "Startup Cost": 0.58, "Total Cost": 4.59, "Plan Rows": 1, "Plan Width": 4, "Recheck Cond": "(r_regionkey = n1.n_regionkey)", "Filter": "(r_name = 'ASIA'::bpchar)", "Plans": [{"Node Type": "Bitmap Index Scan", "Parent Relationship": "Outer", "Index Name": "region_pkey", "Startup Cost": 0.0, "Total Cost": 0.58, "Plan Rows": 1, "Plan Width": 0, "Index Cond": "(r_regionkey = n1.n_regionkey)"}]}]}, {"Node Type": "Bitmap Heap Scan", "Parent Relationship": "Inner", "Relation Name": "lineitem", "Alias": "lineitem", "Startup Cost": 0.52, "Total Cost": 4.64, "Plan Rows": 9, "Plan Width": 40, "Recheck Cond": "(l_orderkey = orders.o_orderkey)", "Plans": [{"Node Type": "Bitmap Index Scan", "Parent Relationship": "Outer", "Index Name": "idx_lineitem_orderkey", "Startup Cost": 0.0, "Total Cost": 0.52, "Plan Rows": 9, "Plan Width": 0, "Index Cond": "(l_orderkey = orders.o_orderkey)"}]}]}, {"Node Type": "Bitmap Heap Scan", "Parent Relationship": "Inner", "Relation Name": "part", "Alias": "part", "Startup Cost": 0.26, "Total Cost": 4.27, "Plan Rows": 1, "Plan Width": 8, "Recheck Cond": "(p_partkey = lineitem.l_partkey)", "Filter": "((p_type)::text = 'SMALL PLATED COPPER'::text)", "Plans": [{"Node Type": "Bitmap Index Scan", "Parent Relationship": "Outer", "Index Name": "part_kpey", "Startup Cost": 0.0, "Total Cost": 0.26, "Plan Rows": 1, "Plan Width": 0, "Index Cond": "(p_partkey = lineitem.l_partkey)"}]}]}, {"Node Type": "Bitmap Heap Scan", "Parent Relationship": "Inner", "Relation Name": "supplier", "Alias": "supplier", "Startup Cost": 0.26, "Total Cost": 4.27, "Plan Rows": 1, "Plan Width": 12, "Recheck Cond": "(s_suppkey = lineitem.l_suppkey)", "Plans": [{"Node Type": "Bitmap Index Scan", "Parent Relationship": "Outer", "Index Name": "supplier_pkey", "Startup Cost": 0.0, "Total Cost": 0.26, "Plan Rows": 1, "Plan Width": 0, "Index Cond": "(s_suppkey = lineitem.l_suppkey)"}]}]}, {"Node Type": "Bitmap Heap Scan", "Parent Relationship": "Inner", "Relation Name": "nation", "Alias": "n2", "Startup Cost": 0.26, "Total Cost": 4.27, "Plan Rows": 1, "Plan Width": 30, "Recheck Cond": "(n_nationkey = supplier.s_nationkey)", "Plans": [{"Node Type": "Bitmap Index Scan", "Parent Relationship": "Outer", "Index Name": "nation_pkey", "Startup Cost": 0.0, "Total Cost": 0.26, "Plan Rows": 1, "Plan Width": 0, "Index Cond": "(n_nationkey = supplier.s_nationkey)"}]}]}]}]}, "Unique SQL Id": 3681808042, "Planner Runtime": 2}, "explain_analyze_plan": null}, "(64, 36)": {"explain_plan": {"Plan": {"Node Type": "Sort", "Startup Cost": 486630.31, "Total Cost": 486630.33, "Plan Rows": 10, "Plan Width": 66, "Sort Key": ["(date_part('year'::text, orders.o_orderdate))"], "Plans": [{"Node Type": "Aggregate", "Strategy": "Hashed", "Parent Relationship": "Outer", "Startup Cost": 486629.99, "Total Cost": 486630.14, "Plan Rows": 10, "Plan Width": 66, "Group By Key": ["date_part('year'::text, orders.o_orderdate)"], "Plans": [{"Node Type": "Hash Join", "Parent Relationship": "Outer", "Join Type": "Inner", "Startup Cost": 4536.12, "Total Cost": 486510.17, "Plan Rows": 5991, "Plan Width": 50, "Inner Unique": true, "Hash Cond": "(supplier.s_nationkey = n2.n_nationkey)", "Plans": [{"Node Type": "Nested Loop", "Parent Relationship": "Outer", "Join Type": "Inner", "Startup Cost": 4534.56, "Total Cost": 486417.81, "Plan Rows": 5991, "Plan Width": 28, "Inner Unique": false, "Join Filter": "(n1.n_regionkey = region.r_regionkey)", "Plans": [{"Node Type": "Seq Scan", "Parent Relationship": "Outer", "Relation Name": "region", "Alias": "region", "Startup Cost": 0.0, "Total Cost": 1.06, "Plan Rows": 1, "Plan Width": 4, "Filter": "(r_name = 'ASIA'::bpchar)"}, {"Node Type": "Hash Join", "Parent Relationship": "Inner", "Join Type": "Inner", "Startup Cost": 4534.56, "Total Cost": 486042.32, "Plan Rows": 29954, "Plan Width": 32, "Inner Unique": true, "Hash Cond": "(customer.c_nationkey = n1.n_nationkey)", "Plans": [{"Node Type": "Nested Loop", "Parent Relationship": "Outer", "Join Type": "Inner", "Startup Cost": 4533.0, "Total Cost": 485661.65, "Plan Rows": 29954, "Plan Width": 32, "Inner Unique": true, "Plans": [{"Node Type": "Hash Join", "Parent Relationship": "Outer", "Join Type": "Inner", "Startup Cost": 4533.0, "Total Cost": 469409.78, "Plan Rows": 51198, "Plan Width": 36, "Inner Unique": true, "Hash Cond": "(lineitem.l_suppkey = supplier.s_suppkey)", "Plans": [{"Node Type": "Nested Loop", "Parent Relationship": "Outer", "Join Type": "Inner", "Startup Cost": 0.0, "Total Cost": 464497.44, "Plan Rows": 86479, "Plan Width": 40, "Inner Unique": true, "Plans": [{"Node Type": "Nested Loop", "Parent Relationship": "Outer", "Join Type": "Inner", "Startup Cost": 0.0, "Total Cost": 441564.57, "Plan Rows": 74637, "Plan Width": 32, "Inner Unique": false, "Plans": [{"Node Type": "Seq Scan", "Parent Relationship": "Outer", "Relation Name": "part", "Alias": "part", "Startup Cost": 0.0, "Total Cost": 66944.0, "Plan Rows": 13538, "Plan Width": 8, "Filter": "((p_type)::text = 'SMALL PLATED COPPER'::text)"}, {"Node Type": "Index Scan", "Parent Relationship": "Inner", "Scan Direction": "Forward", "Index Name": "idx_lineitem_part_supp", "Relation Name": "lineitem", "Alias": "lineitem", "Startup Cost": 0.0, "Total Cost": 27.61, "Plan Rows": 6, "Plan Width": 40, "Index Cond": "(l_partkey = part.p_partkey)"}]}, {"Node Type": "Index Scan", "Parent Relationship": "Inner", "Scan Direction": "Forward", "Index Name": "orders_pkey", "Relation Name": "orders", "Alias": "orders", "Startup Cost": 0.0, "Total Cost": 0.3, "Plan Rows": 1, "Plan Width": 24, "Index Cond": "(o_orderkey = lineitem.l_orderkey)", "Filter": "((o_orderdate >= '1995-01-01 00:00:00'::timestamp(0) without time zone) AND (o_orderdate <= '1996-12-31 00:00:00'::timestamp(0) without time zone))"}]}, {"Node Type": "Hash", "Parent Relationship": "Inner", "Startup Cost": 3283.0, "Total Cost": 3283.0, "Plan Rows": 100000, "Plan Width": 12, "Plans": [{"Node Type": "Seq Scan", "Parent Relationship": "Outer", "Relation Name": "supplier", "Alias": "supplier", "Startup Cost": 0.0, "Total Cost": 3283.0, "Plan Rows": 100000, "Plan Width": 12}]}]}, {"Node Type": "Index Scan", "Parent Relationship": "Inner", "Scan Direction": "Forward", "Index Name": "customer_pkey", "Relation Name": "customer", "Alias": "customer", "Startup Cost": 0.0, "Total Cost": 0.31, "Plan Rows": 1, "Plan Width": 12, "Index Cond": "(c_custkey = orders.o_custkey)"}]}, {"Node Type": "Hash", "Parent Relationship": "Inner", "Startup Cost": 1.25, "Total Cost": 1.25, "Plan Rows": 25, "Plan Width": 8, "Plans": [{"Node Type": "Seq Scan", "Parent Relationship": "Outer", "Relation Name": "nation", "Alias": "n1", "Startup Cost": 0.0, "Total Cost": 1.25, "Plan Rows": 25, "Plan Width": 8}]}]}]}, {"Node Type": "Hash", "Parent Relationship": "Inner", "Startup Cost": 1.25, "Total Cost": 1.25, "Plan Rows": 25, "Plan Width": 30, "Plans": [{"Node Type": "Seq Scan", "Parent Relationship": "Outer", "Relation Name": "nation", "Alias": "n2", "Startup Cost": 0.0, "Total Cost": 1.25, "Plan Rows": 25, "Plan Width": 30}]}]}]}]}, "Unique SQL Id": 3681808042, "Planner Runtime": 5}, "explain_analyze_plan": {"Plan": {"Node Type": "Sort", "Startup Cost": 486630.31, "Total Cost": 486630.33, "Plan Rows": 10, "Plan Width": 66, "Actual Startup Time": 6864.764, "Actual Total Time": 6864.764, "Actual Rows": 2, "Actual Loops": 1, "Sort Key": ["(date_part('year'::text, orders.o_orderdate))"], "Sort Method": "quicksort", "Sort Space Used": 25, "Sort Space Type": "Memory", "Plans": [{"Node Type": "Aggregate", "Strategy": "Hashed", "Parent Relationship": "Outer", "Startup Cost": 486629.99, "Total Cost": 486630.14, "Plan Rows": 10, "Plan Width": 66, "Actual Startup Time": 6864.748, "Actual Total Time": 6864.749, "Actual Rows": 2, "Actual Loops": 1, "Group By Key": ["date_part('year'::text, orders.o_orderdate)"], "Plans": [{"Node Type": "Hash Join", "Parent Relationship": "Outer", "Join Type": "Inner", "Startup Cost": 4536.12, "Total Cost": 486510.17, "Plan Rows": 5991, "Plan Width": 50, "Actual Startup Time": 67.0, "Actual Total Time": 6830.243, "Actual Rows": 23929, "Actual Loops": 1, "Inner Unique": true, "Hash Cond": "(supplier.s_nationkey = n2.n_nationkey)", "Plans": [{"Node Type": "Nested Loop", "Parent Relationship": "Outer", "Join Type": "Inner", "Startup Cost": 4534.56, "Total Cost": 486417.81, "Plan Rows": 5991, "Plan Width": 28, "Actual Startup Time": 66.92, "Actual Total Time": 6795.81, "Actual Rows": 23929, "Actual Loops": 1, "Inner Unique": false, "Join Filter": "(n1.n_regionkey = region.r_regionkey)", "Rows Removed by Join Filter": 95836, "Plans": [{"Node Type": "Seq Scan", "Parent Relationship": "Outer", "Relation Name": "region", "Alias": "region", "Startup Cost": 0.0, "Total Cost": 1.06, "Plan Rows": 1, "Plan Width": 4, "Actual Startup Time": 0.008, "Actual Total Time": 0.01, "Actual Rows": 1, "Actual Loops": 1, "Filter": "(r_name = 'ASIA'::bpchar)", "Rows Removed by Filter": 4}, {"Node Type": "Hash Join", "Parent Relationship": "Inner", "Join Type": "Inner", "Startup Cost": 4534.56, "Total Cost": 486042.32, "Plan Rows": 29954, "Plan Width": 32, "Actual Startup Time": 66.706, "Actual Total Time": 6763.963, "Actual Rows": 119765, "Actual Loops": 1, "Inner Unique": true, "Hash Cond": "(customer.c_nationkey = n1.n_nationkey)", "Plans": [{"Node Type": "Nested Loop", "Parent Relationship": "Outer", "Join Type": "Inner", "Startup Cost": 4533.0, "Total Cost": 485661.65, "Plan Rows": 29954, "Plan Width": 32, "Actual Startup Time": 66.644, "Actual Total Time": 6694.943, "Actual Rows": 119765, "Actual Loops": 1, "Inner Unique": true, "Plans": [{"Node Type": "Hash Join", "Parent Relationship": "Outer", "Join Type": "Inner", "Startup Cost": 4533.0, "Total Cost": 469409.78, "Plan Rows": 51198, "Plan Width": 36, "Actual Startup Time": 66.611, "Actual Total Time": 5686.148, "Actual Rows": 119765, "Actual Loops": 1, "Inner Unique": true, "Hash Cond": "(lineitem.l_suppkey = supplier.s_suppkey)", "Plans": [{"Node Type": "Nested Loop", "Parent Relationship": "Outer", "Join Type": "Inner", "Startup Cost": 0.0, "Total Cost": 464497.44, "Plan Rows": 86479, "Plan Width": 40, "Actual Startup Time": 0.149, "Actual Total Time": 5541.572, "Actual Rows": 119765, "Actual Loops": 1, "Inner Unique": true, "Plans": [{"Node Type": "Nested Loop", "Parent Relationship": "Outer", "Join Type": "Inner", "Startup Cost": 0.0, "Total Cost": 441564.57, "Plan Rows": 74637, "Plan Width": 32, "Actual Startup Time": 0.033, "Actual Total Time": 2018.871, "Actual Rows": 395341, "Actual Loops": 1, "Inner Unique": false, "Plans": [{"Node Type": "Seq Scan", "Parent Relationship": "Outer", "Relation Name": "part", "Alias": "part", "Startup Cost": 0.0, "Total Cost": 66944.0, "Plan Rows": 13538, "Plan Width": 8, "Actual Startup Time": 0.014, "Actual Total Time": 773.39, "Actual Rows": 13163, "Actual Loops": 1, "Filter": "((p_type)::text = 'SMALL PLATED COPPER'::text)", "Rows Removed by Filter": 1986837}, {"Node Type": "Index Scan", "Parent Relationship": "Inner", "Scan Direction": "Forward", "Index Name": "idx_lineitem_part_supp", "Relation Name": "lineitem", "Alias": "lineitem", "Startup Cost": 0.0, "Total Cost": 27.61, "Plan Rows": 6, "Plan Width": 40, "Actual Startup Time": 157.237, "Actual Total Time": 1142.534, "Actual Rows": 395341, "Actual Loops": 13163, "Index Cond": "(l_partkey = part.p_partkey)", "Rows Removed by Index Recheck": 0}]}, {"Node Type": "Index Scan", "Parent Relationship": "Inner", "Scan Direction": "Forward", "Index Name": "orders_pkey", "Relation Name": "orders", "Alias": "orders", "Startup Cost": 0.0, "Total Cost": 0.3, "Plan Rows": 1, "Plan Width": 24, "Actual Startup Time": 3288.207, "Actual Total Time": 3288.207, "Actual Rows": 119765, "Actual Loops": 395341, "Index Cond": "(o_orderkey = lineitem.l_orderkey)", "Rows Removed by Index Recheck": 0, "Filter": "((o_orderdate >= '1995-01-01 00:00:00'::timestamp(0) without time zone) AND (o_orderdate <= '1996-12-31 00:00:00'::timestamp(0) without time zone))", "Rows Removed by Filter": 275576}]}, {"Node Type": "Hash", "Parent Relationship": "Inner", "Startup Cost": 3283.0, "Total Cost": 3283.0, "Plan Rows": 100000, "Plan Width": 12, "Actual Startup Time": 66.355, "Actual Total Time": 66.355, "Actual Rows": 100000, "Actual Loops": 1, "Hash Buckets": 131072, "Hash Batches": 1, "Original Hash Batches": 1, "Peak Memory Usage": 4297, "Plans": [{"Node Type": "Seq Scan", "Parent Relationship": "Outer", "Relation Name": "supplier", "Alias": "supplier", "Startup Cost": 0.0, "Total Cost": 3283.0, "Plan Rows": 100000, "Plan Width": 12, "Actual Startup Time": 0.011, "Actual Total Time": 39.877, "Actual Rows": 100000, "Actual Loops": 1}]}]}, {"Node Type": "Index Scan", "Parent Relationship": "Inner", "Scan Direction": "Forward", "Index Name": "customer_pkey", "Relation Name": "customer", "Alias": "customer", "Startup Cost": 0.0, "Total Cost": 0.31, "Plan Rows": 1, "Plan Width": 12, "Actual Startup Time": 899.108, "Actual Total Time": 899.108, "Actual Rows": 119765, "Actual Loops": 119765, "Index Cond": "(c_custkey = orders.o_custkey)", "Rows Removed by Index Recheck": 0}]}, {"Node Type": "Hash", "Parent Relationship": "Inner", "Startup Cost": 1.25, "Total Cost": 1.25, "Plan Rows": 25, "Plan Width": 8, "Actual Startup Time": 0.02, "Actual Total Time": 0.02, "Actual Rows": 25, "Actual Loops": 1, "Hash Buckets": 32768, "Hash Batches": 1, "Original Hash Batches": 1, "Peak Memory Usage": 1, "Plans": [{"Node Type": "Seq Scan", "Parent Relationship": "Outer", "Relation Name": "nation", "Alias": "n1", "Startup Cost": 0.0, "Total Cost": 1.25, "Plan Rows": 25, "Plan Width": 8, "Actual Startup Time": 0.007, "Actual Total Time": 0.011, "Actual Rows": 25, "Actual Loops": 1}]}]}]}, {"Node Type": "Hash", "Parent Relationship": "Inner", "Startup Cost": 1.25, "Total Cost": 1.25, "Plan Rows": 25, "Plan Width": 30, "Actual Startup Time": 0.034, "Actual Total Time": 0.034, "Actual Rows": 25, "Actual Loops": 1, "Hash Buckets": 32768, "Hash Batches": 1, "Original Hash Batches": 1, "Peak Memory Usage": 2, "Plans": [{"Node Type": "Seq Scan", "Parent Relationship": "Outer", "Relation Name": "nation", "Alias": "n2", "Startup Cost": 0.0, "Total Cost": 1.25, "Plan Rows": 25, "Plan Width": 30, "Actual Startup Time": 0.014, "Actual Total Time": 0.021, "Actual Rows": 25, "Actual Loops": 1}]}]}]}]}, "Triggers": [], "Planner Runtime": 5, "Total Runtime": 6865.211, "Unique SQL Id": 3681808042}}, "(64, 37)": {"explain_plan": {"Plan": {"Node Type": "Sort", "Startup Cost": 527575.13, "Total Cost": 527575.15, "Plan Rows": 10, "Plan Width": 66, "Sort Key": ["(date_part('year'::text, orders.o_orderdate))"], "Plans": [{"Node Type": "Aggregate", "Strategy": "Hashed", "Parent Relationship": "Outer", "Startup Cost": 527574.81, "Total Cost": 527574.96, "Plan Rows": 10, "Plan Width": 66, "Group By Key": ["date_part('year'::text, orders.o_orderdate)"], "Plans": [{"Node Type": "Hash Join", "Parent Relationship": "Outer", "Join Type": "Inner", "Startup Cost": 6610.42, "Total Cost": 527454.99, "Plan Rows": 5991, "Plan Width": 50, "Inner Unique": true, "Hash Cond": "(supplier.s_nationkey = n2.n_nationkey)", "Plans": [{"Node Type": "Nested Loop", "Parent Relationship": "Outer", "Join Type": "Inner", "Startup Cost": 6597.48, "Total Cost": 527351.25, "Plan Rows": 5991, "Plan Width": 28, "Inner Unique": false, "Join Filter": "(n1.n_regionkey = region.r_regionkey)", "Plans": [{"Node Type": "Index Scan", "Parent Relationship": "Outer", "Scan Direction": "Forward", "Index Name": "region_pkey", "Relation Name": "region", "Alias": "region", "Startup Cost": 0.0, "Total Cost": 12.34, "Plan Rows": 1, "Plan Width": 4, "Filter": "(r_name = 'ASIA'::bpchar)"}, {"Node Type": "Hash Join", "Parent Relationship": "Inner", "Join Type": "Inner", "Startup Cost": 6597.48, "Total Cost": 526964.49, "Plan Rows": 29954, "Plan Width": 32, "Inner Unique": true, "Hash Cond": "(customer.c_nationkey = n1.n_nationkey)", "Plans": [{"Node Type": "Nested Loop", "Parent Relationship": "Outer", "Join Type": "Inner", "Startup Cost": 6584.54, "Total Cost": 526572.45, "Plan Rows": 29954, "Plan Width": 32, "Inner Unique": true, "Plans": [{"Node Type": "Hash Join", "Parent Relationship": "Outer", "Join Type": "Inner", "Startup Cost": 6584.54, "Total Cost": 510320.57, "Plan Rows": 51198, "Plan Width": 36, "Inner Unique": true, "Hash Cond": "(lineitem.l_suppkey = supplier.s_suppkey)", "Plans": [{"Node Type": "Nested Loop", "Parent Relationship": "Outer", "Join Type": "Inner", "Startup Cost": 0.0, "Total Cost": 503356.69, "Plan Rows": 86479, "Plan Width": 40, "Inner Unique": true, "Plans": [{"Node Type": "Nested Loop", "Parent Relationship": "Outer", "Join Type": "Inner", "Startup Cost": 0.0, "Total Cost": 480423.82, "Plan Rows": 74637, "Plan Width": 32, "Inner Unique": false, "Plans": [{"Node Type": "Index Scan", "Parent Relationship": "Outer", "Scan Direction": "Forward", "Index Name": "part_kpey", "Relation Name": "part", "Alias": "part", "Startup Cost": 0.0, "Total Cost": 105803.25, "Plan Rows": 13538, "Plan Width": 8, "Filter": "((p_type)::text = 'SMALL PLATED COPPER'::text)"}, {"Node Type": "Index Scan", "Parent Relationship": "Inner", "Scan Direction": "Forward", "Index Name": "idx_lineitem_part_supp", "Relation Name": "lineitem", "Alias": "lineitem", "Startup Cost": 0.0, "Total Cost": 27.61, "Plan Rows": 6, "Plan Width": 40, "Index Cond": "(l_partkey = part.p_partkey)"}]}, {"Node Type": "Index Scan", "Parent Relationship": "Inner", "Scan Direction": "Forward", "Index Name": "orders_pkey", "Relation Name": "orders", "Alias": "orders", "Startup Cost": 0.0, "Total Cost": 0.3, "Plan Rows": 1, "Plan Width": 24, "Index Cond": "(o_orderkey = lineitem.l_orderkey)", "Filter": "((o_orderdate >= '1995-01-01 00:00:00'::timestamp(0) without time zone) AND (o_orderdate <= '1996-12-31 00:00:00'::timestamp(0) without time zone))"}]}, {"Node Type": "Hash", "Parent Relationship": "Inner", "Startup Cost": 5334.54, "Total Cost": 5334.54, "Plan Rows": 100000, "Plan Width": 12, "Plans": [{"Node Type": "Index Scan", "Parent Relationship": "Outer", "Scan Direction": "Forward", "Index Name": "supplier_pkey", "Relation Name": "supplier", "Alias": "supplier", "Startup Cost": 0.0, "Total Cost": 5334.54, "Plan Rows": 100000, "Plan Width": 12}]}]}, {"Node Type": "Index Scan", "Parent Relationship": "Inner", "Scan Direction": "Forward", "Index Name": "customer_pkey", "Relation Name": "customer", "Alias": "customer", "Startup Cost": 0.0, "Total Cost": 0.31, "Plan Rows": 1, "Plan Width": 12, "Index Cond": "(c_custkey = orders.o_custkey)"}]}, {"Node Type": "Hash", "Parent Relationship": "Inner", "Startup Cost": 12.62, "Total Cost": 12.62, "Plan Rows": 25, "Plan Width": 8, "Plans": [{"Node Type": "Index Scan", "Parent Relationship": "Outer", "Scan Direction": "Forward", "Index Name": "idx_nation_regionkey", "Relation Name": "nation", "Alias": "n1", "Startup Cost": 0.0, "Total Cost": 12.62, "Plan Rows": 25, "Plan Width": 8}]}]}]}, {"Node Type": "Hash", "Parent Relationship": "Inner", "Startup Cost": 12.62, "Total Cost": 12.62, "Plan Rows": 25, "Plan Width": 30, "Plans": [{"Node Type": "Index Scan", "Parent Relationship": "Outer", "Scan Direction": "Forward", "Index Name": "nation_pkey", "Relation Name": "nation", "Alias": "n2", "Startup Cost": 0.0, "Total Cost": 12.62, "Plan Rows": 25, "Plan Width": 30}]}]}]}]}, "Unique SQL Id": 3681808042, "Planner Runtime": 4}, "explain_analyze_plan": {"Plan": {"Node Type": "Sort", "Startup Cost": 527575.13, "Total Cost": 527575.15, "Plan Rows": 10, "Plan Width": 66, "Actual Startup Time": 7581.242, "Actual Total Time": 7581.242, "Actual Rows": 2, "Actual Loops": 1, "Sort Key": ["(date_part('year'::text, orders.o_orderdate))"], "Sort Method": "quicksort", "Sort Space Used": 25, "Sort Space Type": "Memory", "Plans": [{"Node Type": "Aggregate", "Strategy": "Hashed", "Parent Relationship": "Outer", "Startup Cost": 527574.81, "Total Cost": 527574.96, "Plan Rows": 10, "Plan Width": 66, "Actual Startup Time": 7581.225, "Actual Total Time": 7581.226, "Actual Rows": 2, "Actual Loops": 1, "Group By Key": ["date_part('year'::text, orders.o_orderdate)"], "Plans": [{"Node Type": "Hash Join", "Parent Relationship": "Outer", "Join Type": "Inner", "Startup Cost": 6610.42, "Total Cost": 527454.99, "Plan Rows": 5991, "Plan Width": 50, "Actual Startup Time": 110.337, "Actual Total Time": 7546.674, "Actual Rows": 23929, "Actual Loops": 1, "Inner Unique": true, "Hash Cond": "(supplier.s_nationkey = n2.n_nationkey)", "Plans": [{"Node Type": "Nested Loop", "Parent Relationship": "Outer", "Join Type": "Inner", "Startup Cost": 6597.48, "Total Cost": 527351.25, "Plan Rows": 5991, "Plan Width": 28, "Actual Startup Time": 110.244, "Actual Total Time": 7512.896, "Actual Rows": 23929, "Actual Loops": 1, "Inner Unique": false, "Join Filter": "(n1.n_regionkey = region.r_regionkey)", "Rows Removed by Join Filter": 95836, "Plans": [{"Node Type": "Index Scan", "Parent Relationship": "Outer", "Scan Direction": "Forward", "Index Name": "region_pkey", "Relation Name": "region", "Alias": "region", "Startup Cost": 0.0, "Total Cost": 12.34, "Plan Rows": 1, "Plan Width": 4, "Actual Startup Time": 0.008, "Actual Total Time": 0.015, "Actual Rows": 1, "Actual Loops": 1, "Filter": "(r_name = 'ASIA'::bpchar)", "Rows Removed by Filter": 4}, {"Node Type": "Hash Join", "Parent Relationship": "Inner", "Join Type": "Inner", "Startup Cost": 6597.48, "Total Cost": 526964.49, "Plan Rows": 29954, "Plan Width": 32, "Actual Startup Time": 110.017, "Actual Total Time": 7480.171, "Actual Rows": 119765, "Actual Loops": 1, "Inner Unique": true, "Hash Cond": "(customer.c_nationkey = n1.n_nationkey)", "Plans": [{"Node Type": "Nested Loop", "Parent Relationship": "Outer", "Join Type": "Inner", "Startup Cost": 6584.54, "Total Cost": 526572.45, "Plan Rows": 29954, "Plan Width": 32, "Actual Startup Time": 109.959, "Actual Total Time": 7409.138, "Actual Rows": 119765, "Actual Loops": 1, "Inner Unique": true, "Plans": [{"Node Type": "Hash Join", "Parent Relationship": "Outer", "Join Type": "Inner", "Startup Cost": 6584.54, "Total Cost": 510320.57, "Plan Rows": 51198, "Plan Width": 36, "Actual Startup Time": 109.931, "Actual Total Time": 6406.487, "Actual Rows": 119765, "Actual Loops": 1, "Inner Unique": true, "Hash Cond": "(lineitem.l_suppkey = supplier.s_suppkey)", "Plans": [{"Node Type": "Nested Loop", "Parent Relationship": "Outer", "Join Type": "Inner", "Startup Cost": 0.0, "Total Cost": 503356.69, "Plan Rows": 86479, "Plan Width": 40, "Actual Startup Time": 0.156, "Actual Total Time": 6213.592, "Actual Rows": 119765, "Actual Loops": 1, "Inner Unique": true, "Plans": [{"Node Type": "Nested Loop", "Parent Relationship": "Outer", "Join Type": "Inner", "Startup Cost": 0.0, "Total Cost": 480423.82, "Plan Rows": 74637, "Plan Width": 32, "Actual Startup Time": 0.041, "Actual Total Time": 2695.99, "Actual Rows": 395341, "Actual Loops": 1, "Inner Unique": false, "Plans": [{"Node Type": "Index Scan", "Parent Relationship": "Outer", "Scan Direction": "Forward", "Index Name": "part_kpey", "Relation Name": "part", "Alias": "part", "Startup Cost": 0.0, "Total Cost": 105803.25, "Plan Rows": 13538, "Plan Width": 8, "Actual Startup Time": 0.026, "Actual Total Time": 1440.569, "Actual Rows": 13163, "Actual Loops": 1, "Filter": "((p_type)::text = 'SMALL PLATED COPPER'::text)", "Rows Removed by Filter": 1986837}, {"Node Type": "Index Scan", "Parent Relationship": "Inner", "Scan Direction": "Forward", "Index Name": "idx_lineitem_part_supp", "Relation Name": "lineitem", "Alias": "lineitem", "Startup Cost": 0.0, "Total Cost": 27.61, "Plan Rows": 6, "Plan Width": 40, "Actual Startup Time": 155.451, "Actual Total Time": 1155.312, "Actual Rows": 395341, "Actual Loops": 13163, "Index Cond": "(l_partkey = part.p_partkey)", "Rows Removed by Index Recheck": 0}]}, {"Node Type": "Index Scan", "Parent Relationship": "Inner", "Scan Direction": "Forward", "Index Name": "orders_pkey", "Relation Name": "orders", "Alias": "orders", "Startup Cost": 0.0, "Total Cost": 0.3, "Plan Rows": 1, "Plan Width": 24, "Actual Startup Time": 3279.079, "Actual Total Time": 3279.079, "Actual Rows": 119765, "Actual Loops": 395341, "Index Cond": "(o_orderkey = lineitem.l_orderkey)", "Rows Removed by Index Recheck": 0, "Filter": "((o_orderdate >= '1995-01-01 00:00:00'::timestamp(0) without time zone) AND (o_orderdate <= '1996-12-31 00:00:00'::timestamp(0) without time zone))", "Rows Removed by Filter": 275576}]}, {"Node Type": "Hash", "Parent Relationship": "Inner", "Startup Cost": 5334.54, "Total Cost": 5334.54, "Plan Rows": 100000, "Plan Width": 12, "Actual Startup Time": 109.671, "Actual Total Time": 109.671, "Actual Rows": 100000, "Actual Loops": 1, "Hash Buckets": 131072, "Hash Batches": 1, "Original Hash Batches": 1, "Peak Memory Usage": 4297, "Plans": [{"Node Type": "Index Scan", "Parent Relationship": "Outer", "Scan Direction": "Forward", "Index Name": "supplier_pkey", "Relation Name": "supplier", "Alias": "supplier", "Startup Cost": 0.0, "Total Cost": 5334.54, "Plan Rows": 100000, "Plan Width": 12, "Actual Startup Time": 0.017, "Actual Total Time": 82.398, "Actual Rows": 100000, "Actual Loops": 1}]}]}, {"Node Type": "Index Scan", "Parent Relationship": "Inner", "Scan Direction": "Forward", "Index Name": "customer_pkey", "Relation Name": "customer", "Alias": "customer", "Startup Cost": 0.0, "Total Cost": 0.31, "Plan Rows": 1, "Plan Width": 12, "Actual Startup Time": 892.623, "Actual Total Time": 892.623, "Actual Rows": 119765, "Actual Loops": 119765, "Index Cond": "(c_custkey = orders.o_custkey)", "Rows Removed by Index Recheck": 0}]}, {"Node Type": "Hash", "Parent Relationship": "Inner", "Startup Cost": 12.62, "Total Cost": 12.62, "Plan Rows": 25, "Plan Width": 8, "Actual Startup Time": 0.024, "Actual Total Time": 0.024, "Actual Rows": 25, "Actual Loops": 1, "Hash Buckets": 32768, "Hash Batches": 1, "Original Hash Batches": 1, "Peak Memory Usage": 1, "Plans": [{"Node Type": "Index Scan", "Parent Relationship": "Outer", "Scan Direction": "Forward", "Index Name": "idx_nation_regionkey", "Relation Name": "nation", "Alias": "n1", "Startup Cost": 0.0, "Total Cost": 12.62, "Plan Rows": 25, "Plan Width": 8, "Actual Startup Time": 0.005, "Actual Total Time": 0.016, "Actual Rows": 25, "Actual Loops": 1}]}]}]}, {"Node Type": "Hash", "Parent Relationship": "Inner", "Startup Cost": 12.62, "Total Cost": 12.62, "Plan Rows": 25, "Plan Width": 30, "Actual Startup Time": 0.039, "Actual Total Time": 0.039, "Actual Rows": 25, "Actual Loops": 1, "Hash Buckets": 32768, "Hash Batches": 1, "Original Hash Batches": 1, "Peak Memory Usage": 2, "Plans": [{"Node Type": "Index Scan", "Parent Relationship": "Outer", "Scan Direction": "Forward", "Index Name": "nation_pkey", "Relation Name": "nation", "Alias": "n2", "Startup Cost": 0.0, "Total Cost": 12.62, "Plan Rows": 25, "Plan Width": 30, "Actual Startup Time": 0.01, "Actual Total Time": 0.028, "Actual Rows": 25, "Actual Loops": 1}]}]}]}]}, "Triggers": [], "Planner Runtime": 4, "Total Runtime": 7581.588, "Unique SQL Id": 3681808042}}, "(64, 38)": {"explain_plan": {"Plan": {"Node Type": "Sort", "Startup Cost": 818733.87, "Total Cost": 818733.89, "Plan Rows": 10, "Plan Width": 66, "Sort Key": ["(date_part('year'::text, orders.o_orderdate))"], "Plans": [{"Node Type": "Aggregate", "Strategy": "Hashed", "Parent Relationship": "Outer", "Startup Cost": 818733.55, "Total Cost": 818733.7, "Plan Rows": 10, "Plan Width": 66, "Group By Key": ["date_part('year'::text, orders.o_orderdate)"], "Plans": [{"Node Type": "Nested Loop", "Parent Relationship": "Outer", "Join Type": "Inner", "Startup Cost": 45452.32, "Total Cost": 818613.73, "Plan Rows": 5991, "Plan Width": 50, "Inner Unique": true, "Join Filter": "(supplier.s_nationkey = n2.n_nationkey)", "Plans": [{"Node Type": "Hash Join", "Parent Relationship": "Outer", "Join Type": "Inner", "Startup Cost": 45452.32, "Total Cost": 816350.82, "Plan Rows": 5991, "Plan Width": 28, "Inner Unique": false, "Hash Cond": "(orders.o_custkey = customer.c_custkey)", "Plans": [{"Node Type": "Hash Join", "Parent Relationship": "Outer", "Join Type": "Inner", "Startup Cost": 4537.47, "Total Cost": 775184.07, "Plan Rows": 51198, "Plan Width": 36, "Inner Unique": true, "Hash Cond": "(lineitem.l_suppkey = supplier.s_suppkey)", "Plans": [{"Node Type": "Nested Loop", "Parent Relationship": "Outer", "Join Type": "Inner", "Startup Cost": 4.47, "Total Cost": 770271.73, "Plan Rows": 86479, "Plan Width": 40, "Inner Unique": true, "Plans": [{"Node Type": "Nested Loop", "Parent Relationship": "Outer", "Join Type": "Inner", "Startup Cost": 4.21, "Total Cost": 450147.9, "Plan Rows": 74637, "Plan Width": 32, "Inner Unique": false, "Plans": [{"Node Type": "Seq Scan", "Parent Relationship": "Outer", "Relation Name": "part", "Alias": "part", "Startup Cost": 0.0, "Total Cost": 66944.0, "Plan Rows": 13538, "Plan Width": 8, "Filter": "((p_type)::text = 'SMALL PLATED COPPER'::text)"}, {"Node Type": "Bitmap Heap Scan", "Parent Relationship": "Inner", "Relation Name": "lineitem", "Alias": "lineitem", "Startup Cost": 4.21, "Total Cost": 28.25, "Plan Rows": 6, "Plan Width": 40, "Recheck Cond": "(l_partkey = part.p_partkey)", "Plans": [{"Node Type": "Bitmap Index Scan", "Parent Relationship": "Outer", "Index Name": "idx_lineitem_part_supp", "Startup Cost": 0.0, "Total Cost": 4.21, "Plan Rows": 6, "Plan Width": 0, "Index Cond": "(l_partkey = part.p_partkey)"}]}]}, {"Node Type": "Bitmap Heap Scan", "Parent Relationship": "Inner", "Relation Name": "orders", "Alias": "orders", "Startup Cost": 0.26, "Total Cost": 4.28, "Plan Rows": 1, "Plan Width": 24, "Recheck Cond": "(o_orderkey = lineitem.l_orderkey)", "Filter": "((o_orderdate >= '1995-01-01 00:00:00'::timestamp(0) without time zone) AND (o_orderdate <= '1996-12-31 00:00:00'::timestamp(0) without time zone))", "Plans": [{"Node Type": "Bitmap Index Scan", "Parent Relationship": "Outer", "Index Name": "orders_pkey", "Startup Cost": 0.0, "Total Cost": 0.26, "Plan Rows": 1, "Plan Width": 0, "Index Cond": "(o_orderkey = lineitem.l_orderkey)"}]}]}, {"Node Type": "Hash", "Parent Relationship": "Inner", "Startup Cost": 3283.0, "Total Cost": 3283.0, "Plan Rows": 100000, "Plan Width": 12, "Plans": [{"Node Type": "Seq Scan", "Parent Relationship": "Outer", "Relation Name": "supplier", "Alias": "supplier", "Startup Cost": 0.0, "Total Cost": 3283.0, "Plan Rows": 100000, "Plan Width": 12}]}]}, {"Node Type": "Hash", "Parent Relationship": "Inner", "Startup Cost": 37164.85, "Total Cost": 37164.85, "Plan Rows": 300000, "Plan Width": 8, "Plans": [{"Node Type": "Nested Loop", "Parent Relationship": "Outer", "Join Type": "Inner", "Startup Cost": 1031.44, "Total Cost": 37164.85, "Plan Rows": 300000, "Plan Width": 8, "Inner Unique": false, "Plans": [{"Node Type": "Hash Join", "Parent Relationship": "Outer", "Join Type": "Inner", "Startup Cost": 1.07, "Total Cost": 2.44, "Plan Rows": 5, "Plan Width": 4, "Inner Unique": true, "Hash Cond": "(n1.n_regionkey = region.r_regionkey)", "Plans": [{"Node Type": "Seq Scan", "Parent Relationship": "Outer", "Relation Name": "nation", "Alias": "n1", "Startup Cost": 0.0, "Total Cost": 1.25, "Plan Rows": 25, "Plan Width": 8}, {"Node Type": "Hash", "Parent Relationship": "Inner", "Startup Cost": 1.06, "Total Cost": 1.06, "Plan Rows": 1, "Plan Width": 4, "Plans": [{"Node Type": "Seq Scan", "Parent Relationship": "Outer", "Relation Name": "region", "Alias": "region", "Startup Cost": 0.0, "Total Cost": 1.06, "Plan Rows": 1, "Plan Width": 4, "Filter": "(r_name = 'ASIA'::bpchar)"}]}]}, {"Node Type": "Bitmap Heap Scan", "Parent Relationship": "Inner", "Relation Name": "customer", "Alias": "customer", "Startup Cost": 1030.37, "Total Cost": 6832.48, "Plan Rows": 60000, "Plan Width": 12, "Recheck Cond": "(c_nationkey = n1.n_nationkey)", "Plans": [{"Node Type": "Bitmap Index Scan", "Parent Relationship": "Outer", "Index Name": "idx_customer_nationkey", "Startup Cost": 0.0, "Total Cost": 1015.37, "Plan Rows": 60000, "Plan Width": 0, "Index Cond": "(c_nationkey = n1.n_nationkey)"}]}]}]}]}, {"Node Type": "Materialize", "Parent Relationship": "Inner", "Startup Cost": 0.0, "Total Cost": 1.38, "Plan Rows": 25, "Plan Width": 30, "Plans": [{"Node Type": "Seq Scan", "Parent Relationship": "Outer", "Relation Name": "nation", "Alias": "n2", "Startup Cost": 0.0, "Total Cost": 1.25, "Plan Rows": 25, "Plan Width": 30}]}]}]}]}, "Unique SQL Id": 3681808042, "Planner Runtime": 6}, "explain_analyze_plan": {"Plan": {"Node Type": "Sort", "Startup Cost": 818733.87, "Total Cost": 818733.89, "Plan Rows": 10, "Plan Width": 66, "Actual Startup Time": 7727.646, "Actual Total Time": 7727.646, "Actual Rows": 2, "Actual Loops": 1, "Sort Key": ["(date_part('year'::text, orders.o_orderdate))"], "Sort Method": "quicksort", "Sort Space Used": 25, "Sort Space Type": "Memory", "Plans": [{"Node Type": "Aggregate", "Strategy": "Hashed", "Parent Relationship": "Outer", "Startup Cost": 818733.55, "Total Cost": 818733.7, "Plan Rows": 10, "Plan Width": 66, "Actual Startup Time": 7727.627, "Actual Total Time": 7727.629, "Actual Rows": 2, "Actual Loops": 1, "Group By Key": ["date_part('year'::text, orders.o_orderdate)"], "Plans": [{"Node Type": "Nested Loop", "Parent Relationship": "Outer", "Join Type": "Inner", "Startup Cost": 45452.32, "Total Cost": 818613.73, "Plan Rows": 5991, "Plan Width": 50, "Actual Startup Time": 862.141, "Actual Total Time": 7689.535, "Actual Rows": 23929, "Actual Loops": 1, "Inner Unique": true, "Join Filter": "(supplier.s_nationkey = n2.n_nationkey)", "Rows Removed by Join Filter": 288173, "Plans": [{"Node Type": "Hash Join", "Parent Relationship": "Outer", "Join Type": "Inner", "Startup Cost": 45452.32, "Total Cost": 816350.82, "Plan Rows": 5991, "Plan Width": 28, "Actual Startup Time": 862.095, "Actual Total Time": 7570.097, "Actual Rows": 23929, "Actual Loops": 1, "Inner Unique": false, "Hash Cond": "(orders.o_custkey = customer.c_custkey)", "Plans": [{"Node Type": "Hash Join", "Parent Relationship": "Outer", "Join Type": "Inner", "Startup Cost": 4537.47, "Total Cost": 775184.07, "Plan Rows": 51198, "Plan Width": 36, "Actual Startup Time": 67.13, "Actual Total Time": 6711.267, "Actual Rows": 119765, "Actual Loops": 1, "Inner Unique": true, "Hash Cond": "(lineitem.l_suppkey = supplier.s_suppkey)", "Plans": [{"Node Type": "Nested Loop", "Parent Relationship": "Outer", "Join Type": "Inner", "Startup Cost": 4.47, "Total Cost": 770271.73, "Plan Rows": 86479, "Plan Width": 40, "Actual Startup Time": 0.12, "Actual Total Time": 6562.441, "Actual Rows": 119765, "Actual Loops": 1, "Inner Unique": true, "Plans": [{"Node Type": "Nested Loop", "Parent Relationship": "Outer", "Join Type": "Inner", "Startup Cost": 4.21, "Total Cost": 450147.9, "Plan Rows": 74637, "Plan Width": 32, "Actual Startup Time": 0.064, "Actual Total Time": 2277.38, "Actual Rows": 395341, "Actual Loops": 1, "Inner Unique": false, "Plans": [{"Node Type": "Seq Scan", "Parent Relationship": "Outer", "Relation Name": "part", "Alias": "part", "Startup Cost": 0.0, "Total Cost": 66944.0, "Plan Rows": 13538, "Plan Width": 8, "Actual Startup Time": 0.024, "Actual Total Time": 784.076, "Actual Rows": 13163, "Actual Loops": 1, "Filter": "((p_type)::text = 'SMALL PLATED COPPER'::text)", "Rows Removed by Filter": 1986837}, {"Node Type": "Bitmap Heap Scan", "Parent Relationship": "Inner", "Relation Name": "lineitem", "Alias": "lineitem", "Startup Cost": 4.21, "Total Cost": 28.25, "Plan Rows": 6, "Plan Width": 40, "Actual Startup Time": 265.824, "Actual Total Time": 1377.637, "Actual Rows": 395341, "Actual Loops": 13163, "Recheck Cond": "(l_partkey = part.p_partkey)", "Rows Removed by Index Recheck": 0, "Exact Heap Blocks": 395337, "Lossy Heap Blocks": 395337, "Plans": [{"Node Type": "Bitmap Index Scan", "Parent Relationship": "Outer", "Index Name": "idx_lineitem_part_supp", "Startup Cost": 0.0, "Total Cost": 4.21, "Plan Rows": 6, "Plan Width": 0, "Actual Startup Time": 172.401, "Actual Total Time": 172.401, "Actual Rows": 395341, "Actual Loops": 13163, "Index Cond": "(l_partkey = part.p_partkey)"}]}]}, {"Node Type": "Bitmap Heap Scan", "Parent Relationship": "Inner", "Relation Name": "orders", "Alias": "orders", "Startup Cost": 0.26, "Total Cost": 4.28, "Plan Rows": 1, "Plan Width": 24, "Actual Startup Time": 3807.095, "Actual Total Time": 3807.095, "Actual Rows": 119765, "Actual Loops": 395341, "Recheck Cond": "(o_orderkey = lineitem.l_orderkey)", "Rows Removed by Index Recheck": 0, "Filter": "((o_orderdate >= '1995-01-01 00:00:00'::timestamp(0) without time zone) AND (o_orderdate <= '1996-12-31 00:00:00'::timestamp(0) without time zone))", "Rows Removed by Filter": 275576, "Exact Heap Blocks": 395341, "Lossy Heap Blocks": 395341, "Plans": [{"Node Type": "Bitmap Index Scan", "Parent Relationship": "Outer", "Index Name": "orders_pkey", "Startup Cost": 0.0, "Total Cost": 0.26, "Plan Rows": 1, "Plan Width": 0, "Actual Startup Time": 2318.38, "Actual Total Time": 2318.38, "Actual Rows": 395341, "Actual Loops": 395341, "Index Cond": "(o_orderkey = lineitem.l_orderkey)"}]}]}, {"Node Type": "Hash", "Parent Relationship": "Inner", "Startup Cost": 3283.0, "Total Cost": 3283.0, "Plan Rows": 100000, "Plan Width": 12, "Actual Startup Time": 66.9, "Actual Total Time": 66.9, "Actual Rows": 100000, "Actual Loops": 1, "Hash Buckets": 131072, "Hash Batches": 1, "Original Hash Batches": 1, "Peak Memory Usage": 4297, "Plans": [{"Node Type": "Seq Scan", "Parent Relationship": "Outer", "Relation Name": "supplier", "Alias": "supplier", "Startup Cost": 0.0, "Total Cost": 3283.0, "Plan Rows": 100000, "Plan Width": 12, "Actual Startup Time": 0.013, "Actual Total Time": 39.813, "Actual Rows": 100000, "Actual Loops": 1}]}]}, {"Node Type": "Hash", "Parent Relationship": "Inner", "Startup Cost": 37164.85, "Total Cost": 37164.85, "Plan Rows": 300000, "Plan Width": 8, "Actual Startup Time": 794.528, "Actual Total Time": 794.528, "Actual Rows": 300270, "Actual Loops": 1, "Hash Buckets": 524288, "Hash Batches": 1, "Original Hash Batches": 1, "Peak Memory Usage": 11730, "Plans": [{"Node Type": "Nested Loop", "Parent Relationship": "Outer", "Join Type": "Inner", "Startup Cost": 1031.44, "Total Cost": 37164.85, "Plan Rows": 300000, "Plan Width": 8, "Actual Startup Time": 18.39, "Actual Total Time": 703.096, "Actual Rows": 300270, "Actual Loops": 1, "Inner Unique": false, "Plans": [{"Node Type": "Hash Join", "Parent Relationship": "Outer", "Join Type": "Inner", "Startup Cost": 1.07, "Total Cost": 2.44, "Plan Rows": 5, "Plan Width": 4, "Actual Startup Time": 0.075, "Actual Total Time": 0.128, "Actual Rows": 5, "Actual Loops": 1, "Inner Unique": true, "Hash Cond": "(n1.n_regionkey = region.r_regionkey)", "Plans": [{"Node Type": "Seq Scan", "Parent Relationship": "Outer", "Relation Name": "nation", "Alias": "n1", "Startup Cost": 0.0, "Total Cost": 1.25, "Plan Rows": 25, "Plan Width": 8, "Actual Startup Time": 0.017, "Actual Total Time": 0.032, "Actual Rows": 25, "Actual Loops": 1}, {"Node Type": "Hash", "Parent Relationship": "Inner", "Startup Cost": 1.06, "Total Cost": 1.06, "Plan Rows": 1, "Plan Width": 4, "Actual Startup Time": 0.019, "Actual Total Time": 0.019, "Actual Rows": 1, "Actual Loops": 1, "Hash Buckets": 32768, "Hash Batches": 1, "Original Hash Batches": 1, "Peak Memory Usage": 1, "Plans": [{"Node Type": "Seq Scan", "Parent Relationship": "Outer", "Relation Name": "region", "Alias": "region", "Startup Cost": 0.0, "Total Cost": 1.06, "Plan Rows": 1, "Plan Width": 4, "Actual Startup Time": 0.011, "Actual Total Time": 0.013, "Actual Rows": 1, "Actual Loops": 1, "Filter": "(r_name = 'ASIA'::bpchar)", "Rows Removed by Filter": 4}]}]}, {"Node Type": "Bitmap Heap Scan", "Parent Relationship": "Inner", "Relation Name": "customer", "Alias": "customer", "Startup Cost": 1030.37, "Total Cost": 6832.48, "Plan Rows": 60000, "Plan Width": 12, "Actual Startup Time": 104.609, "Actual Total Time": 643.743, "Actual Rows": 300270, "Actual Loops": 5, "Recheck Cond": "(c_nationkey = n1.n_nationkey)", "Rows Removed by Index Recheck": 0, "Exact Heap Blocks": 150032, "Lossy Heap Blocks": 150032, "Plans": [{"Node Type": "Bitmap Index Scan", "Parent Relationship": "Outer", "Index Name": "idx_customer_nationkey", "Startup Cost": 0.0, "Total Cost": 1015.37, "Plan Rows": 60000, "Plan Width": 0, "Actual Startup Time": 71.894, "Actual Total Time": 71.894, "Actual Rows": 300270, "Actual Loops": 5, "Index Cond": "(c_nationkey = n1.n_nationkey)"}]}]}]}]}, {"Node Type": "Materialize", "Parent Relationship": "Inner", "Startup Cost": 0.0, "Total Cost": 1.38, "Plan Rows": 25, "Plan Width": 30, "Actual Startup Time": 3.075, "Actual Total Time": 28.02, "Actual Rows": 312102, "Actual Loops": 23929, "Plans": [{"Node Type": "Seq Scan", "Parent Relationship": "Outer", "Relation Name": "nation", "Alias": "n2", "Startup Cost": 0.0, "Total Cost": 1.25, "Plan Rows": 25, "Plan Width": 30, "Actual Startup Time": 0.011, "Actual Total Time": 0.015, "Actual Rows": 25, "Actual Loops": 1}]}]}]}]}, "Triggers": [], "Planner Runtime": 6, "Total Runtime": 7728.157, "Unique SQL Id": 3681808042}}, "(64, 39)": {"explain_plan": {"Plan": {"Node Type": "Sort", "Startup Cost": 66661878.45, "Total Cost": 66661878.48, "Plan Rows": 10, "Plan Width": 66, "Sort Key": ["(date_part('year'::text, orders.o_orderdate))"], "Plans": [{"Node Type": "Aggregate", "Strategy": "Hashed", "Parent Relationship": "Outer", "Startup Cost": 66661878.14, "Total Cost": 66661878.29, "Plan Rows": 10, "Plan Width": 66, "Group By Key": ["date_part('year'::text, orders.o_orderdate)"], "Plans": [{"Node Type": "Nested Loop", "Parent Relationship": "Outer", "Join Type": "Inner", "Startup Cost": 115915.31, "Total Cost": 66661758.32, "Plan Rows": 5991, "Plan Width": 50, "Inner Unique": true, "Plans": [{"Node Type": "Nested Loop", "Parent Relationship": "Outer", "Join Type": "Inner", "Startup Cost": 115915.05, "Total Cost": 66636099.88, "Plan Rows": 5991, "Plan Width": 28, "Inner Unique": true, "Plans": [{"Node Type": "Nested Loop", "Parent Relationship": "Outer", "Join Type": "Inner", "Startup Cost": 115914.79, "Total Cost": 66562068.23, "Plan Rows": 17296, "Plan Width": 32, "Inner Unique": true, "Plans": [{"Node Type": "Nested Loop", "Parent Relationship": "Outer", "Join Type": "Inner", "Startup Cost": 115914.53, "Total Cost": 45938880.46, "Plan Rows": 4814867, "Plan Width": 40, "Inner Unique": false, "Plans": [{"Node Type": "Nested Loop", "Parent Relationship": "Outer", "Join Type": "Inner", "Startup Cost": 115914.01, "Total Cost": 43432501.27, "Plan Rows": 530296, "Plan Width": 16, "Inner Unique": true, "Plans": [{"Node Type": "Nested Loop", "Parent Relationship": "Outer", "Join Type": "Inner", "Startup Cost": 115913.43, "Total Cost": 31228406.3, "Plan Rows": 2651479, "Plan Width": 20, "Inner Unique": true, "Plans": [{"Node Type": "Nested Loop", "Parent Relationship": "Outer", "Join Type": "Inner", "Startup Cost": 115913.17, "Total Cost": 19879399.17, "Plan Rows": 2651479, "Plan Width": 20, "Inner Unique": true, "Plans": [{"Node Type": "Bitmap Heap Scan", "Parent Relationship": "Outer", "Relation Name": "orders", "Alias": "orders", "Startup Cost": 115912.91, "Total Cost": 460311.42, "Plan Rows": 4531967, "Plan Width": 24, "Recheck Cond": "((o_orderdate >= '1995-01-01 00:00:00'::timestamp(0) without time zone) AND (o_orderdate <= '1996-12-31 00:00:00'::timestamp(0) without time zone)), (LLVM Optimized)", "Plans": [{"Node Type": "Bitmap Index Scan", "Parent Relationship": "Outer", "Index Name": "idx_orders_orderdate", "Startup Cost": 0.0, "Total Cost": 114779.92, "Plan Rows": 4531967, "Plan Width": 0, "Index Cond": "((o_orderdate >= '1995-01-01 00:00:00'::timestamp(0) without time zone) AND (o_orderdate <= '1996-12-31 00:00:00'::timestamp(0) without time zone))"}]}, {"Node Type": "Bitmap Heap Scan", "Parent Relationship": "Inner", "Relation Name": "customer", "Alias": "customer", "Startup Cost": 0.26, "Total Cost": 4.27, "Plan Rows": 1, "Plan Width": 12, "Recheck Cond": "(c_custkey = orders.o_custkey)", "Plans": [{"Node Type": "Bitmap Index Scan", "Parent Relationship": "Outer", "Index Name": "customer_pkey", "Startup Cost": 0.0, "Total Cost": 0.26, "Plan Rows": 1, "Plan Width": 0, "Index Cond": "(c_custkey = orders.o_custkey)"}]}]}, {"Node Type": "Bitmap Heap Scan", "Parent Relationship": "Inner", "Relation Name": "nation", "Alias": "n1", "Startup Cost": 0.26, "Total Cost": 4.27, "Plan Rows": 1, "Plan Width": 8, "Recheck Cond": "(n_nationkey = customer.c_nationkey)", "Plans": [{"Node Type": "Bitmap Index Scan", "Parent Relationship": "Outer", "Index Name": "nation_pkey", "Startup Cost": 0.0, "Total Cost": 0.26, "Plan Rows": 1, "Plan Width": 0, "Index Cond": "(n_nationkey = customer.c_nationkey)"}]}]}, {"Node Type": "Bitmap Heap Scan", "Parent Relationship": "Inner", "Relation Name": "region", "Alias": "region", "Startup Cost": 0.58, "Total Cost": 4.59, "Plan Rows": 1, "Plan Width": 4, "Recheck Cond": "(r_regionkey = n1.n_regionkey)", "Filter": "(r_name = 'ASIA'::bpchar)", "Plans": [{"Node Type": "Bitmap Index Scan", "Parent Relationship": "Outer", "Index Name": "region_pkey", "Startup Cost": 0.0, "Total Cost": 0.58, "Plan Rows": 1, "Plan Width": 0, "Index Cond": "(r_regionkey = n1.n_regionkey)"}]}]}, {"Node Type": "Bitmap Heap Scan", "Parent Relationship": "Inner", "Relation Name": "lineitem", "Alias": "lineitem", "Startup Cost": 0.52, "Total Cost": 4.64, "Plan Rows": 9, "Plan Width": 40, "Recheck Cond": "(l_orderkey = orders.o_orderkey)", "Plans": [{"Node Type": "Bitmap Index Scan", "Parent Relationship": "Outer", "Index Name": "idx_lineitem_orderkey", "Startup Cost": 0.0, "Total Cost": 0.52, "Plan Rows": 9, "Plan Width": 0, "Index Cond": "(l_orderkey = orders.o_orderkey)"}]}]}, {"Node Type": "Bitmap Heap Scan", "Parent Relationship": "Inner", "Relation Name": "part", "Alias": "part", "Startup Cost": 0.26, "Total Cost": 4.27, "Plan Rows": 1, "Plan Width": 8, "Recheck Cond": "(p_partkey = lineitem.l_partkey)", "Filter": "((p_type)::text = 'SMALL PLATED COPPER'::text)", "Plans": [{"Node Type": "Bitmap Index Scan", "Parent Relationship": "Outer", "Index Name": "part_kpey", "Startup Cost": 0.0, "Total Cost": 0.26, "Plan Rows": 1, "Plan Width": 0, "Index Cond": "(p_partkey = lineitem.l_partkey)"}]}]}, {"Node Type": "Bitmap Heap Scan", "Parent Relationship": "Inner", "Relation Name": "supplier", "Alias": "supplier", "Startup Cost": 0.26, "Total Cost": 4.27, "Plan Rows": 1, "Plan Width": 12, "Recheck Cond": "(s_suppkey = lineitem.l_suppkey)", "Plans": [{"Node Type": "Bitmap Index Scan", "Parent Relationship": "Outer", "Index Name": "supplier_pkey", "Startup Cost": 0.0, "Total Cost": 0.26, "Plan Rows": 1, "Plan Width": 0, "Index Cond": "(s_suppkey = lineitem.l_suppkey)"}]}]}, {"Node Type": "Bitmap Heap Scan", "Parent Relationship": "Inner", "Relation Name": "nation", "Alias": "n2", "Startup Cost": 0.26, "Total Cost": 4.27, "Plan Rows": 1, "Plan Width": 30, "Recheck Cond": "(n_nationkey = supplier.s_nationkey)", "Plans": [{"Node Type": "Bitmap Index Scan", "Parent Relationship": "Outer", "Index Name": "nation_pkey", "Startup Cost": 0.0, "Total Cost": 0.26, "Plan Rows": 1, "Plan Width": 0, "Index Cond": "(n_nationkey = supplier.s_nationkey)"}]}]}]}]}, "Unique SQL Id": 3681808042, "Planner Runtime": 2}, "explain_analyze_plan": null}, "(64, 40)": {"explain_plan": {"Plan": {"Node Type": "Sort", "Startup Cost": 486630.31, "Total Cost": 486630.33, "Plan Rows": 10, "Plan Width": 66, "Sort Key": ["(date_part('year'::text, orders.o_orderdate))"], "Plans": [{"Node Type": "Aggregate", "Strategy": "Hashed", "Parent Relationship": "Outer", "Startup Cost": 486629.99, "Total Cost": 486630.14, "Plan Rows": 10, "Plan Width": 66, "Group By Key": ["date_part('year'::text, orders.o_orderdate)"], "Plans": [{"Node Type": "Hash Join", "Parent Relationship": "Outer", "Join Type": "Inner", "Startup Cost": 4536.12, "Total Cost": 486510.17, "Plan Rows": 5991, "Plan Width": 50, "Inner Unique": true, "Hash Cond": "(supplier.s_nationkey = n2.n_nationkey)", "Plans": [{"Node Type": "Nested Loop", "Parent Relationship": "Outer", "Join Type": "Inner", "Startup Cost": 4534.56, "Total Cost": 486417.81, "Plan Rows": 5991, "Plan Width": 28, "Inner Unique": false, "Join Filter": "(n1.n_regionkey = region.r_regionkey)", "Plans": [{"Node Type": "Seq Scan", "Parent Relationship": "Outer", "Relation Name": "region", "Alias": "region", "Startup Cost": 0.0, "Total Cost": 1.06, "Plan Rows": 1, "Plan Width": 4, "Filter": "(r_name = 'ASIA'::bpchar)"}, {"Node Type": "Hash Join", "Parent Relationship": "Inner", "Join Type": "Inner", "Startup Cost": 4534.56, "Total Cost": 486042.32, "Plan Rows": 29954, "Plan Width": 32, "Inner Unique": true, "Hash Cond": "(customer.c_nationkey = n1.n_nationkey)", "Plans": [{"Node Type": "Nested Loop", "Parent Relationship": "Outer", "Join Type": "Inner", "Startup Cost": 4533.0, "Total Cost": 485661.65, "Plan Rows": 29954, "Plan Width": 32, "Inner Unique": true, "Plans": [{"Node Type": "Hash Join", "Parent Relationship": "Outer", "Join Type": "Inner", "Startup Cost": 4533.0, "Total Cost": 469409.78, "Plan Rows": 51198, "Plan Width": 36, "Inner Unique": true, "Hash Cond": "(lineitem.l_suppkey = supplier.s_suppkey)", "Plans": [{"Node Type": "Nested Loop", "Parent Relationship": "Outer", "Join Type": "Inner", "Startup Cost": 0.0, "Total Cost": 464497.44, "Plan Rows": 86479, "Plan Width": 40, "Inner Unique": true, "Plans": [{"Node Type": "Nested Loop", "Parent Relationship": "Outer", "Join Type": "Inner", "Startup Cost": 0.0, "Total Cost": 441564.57, "Plan Rows": 74637, "Plan Width": 32, "Inner Unique": false, "Plans": [{"Node Type": "Seq Scan", "Parent Relationship": "Outer", "Relation Name": "part", "Alias": "part", "Startup Cost": 0.0, "Total Cost": 66944.0, "Plan Rows": 13538, "Plan Width": 8, "Filter": "((p_type)::text = 'SMALL PLATED COPPER'::text)"}, {"Node Type": "Index Scan", "Parent Relationship": "Inner", "Scan Direction": "Forward", "Index Name": "idx_lineitem_part_supp", "Relation Name": "lineitem", "Alias": "lineitem", "Startup Cost": 0.0, "Total Cost": 27.61, "Plan Rows": 6, "Plan Width": 40, "Index Cond": "(l_partkey = part.p_partkey)"}]}, {"Node Type": "Index Scan", "Parent Relationship": "Inner", "Scan Direction": "Forward", "Index Name": "orders_pkey", "Relation Name": "orders", "Alias": "orders", "Startup Cost": 0.0, "Total Cost": 0.3, "Plan Rows": 1, "Plan Width": 24, "Index Cond": "(o_orderkey = lineitem.l_orderkey)", "Filter": "((o_orderdate >= '1995-01-01 00:00:00'::timestamp(0) without time zone) AND (o_orderdate <= '1996-12-31 00:00:00'::timestamp(0) without time zone))"}]}, {"Node Type": "Hash", "Parent Relationship": "Inner", "Startup Cost": 3283.0, "Total Cost": 3283.0, "Plan Rows": 100000, "Plan Width": 12, "Plans": [{"Node Type": "Seq Scan", "Parent Relationship": "Outer", "Relation Name": "supplier", "Alias": "supplier", "Startup Cost": 0.0, "Total Cost": 3283.0, "Plan Rows": 100000, "Plan Width": 12}]}]}, {"Node Type": "Index Scan", "Parent Relationship": "Inner", "Scan Direction": "Forward", "Index Name": "customer_pkey", "Relation Name": "customer", "Alias": "customer", "Startup Cost": 0.0, "Total Cost": 0.31, "Plan Rows": 1, "Plan Width": 12, "Index Cond": "(c_custkey = orders.o_custkey)"}]}, {"Node Type": "Hash", "Parent Relationship": "Inner", "Startup Cost": 1.25, "Total Cost": 1.25, "Plan Rows": 25, "Plan Width": 8, "Plans": [{"Node Type": "Seq Scan", "Parent Relationship": "Outer", "Relation Name": "nation", "Alias": "n1", "Startup Cost": 0.0, "Total Cost": 1.25, "Plan Rows": 25, "Plan Width": 8}]}]}]}, {"Node Type": "Hash", "Parent Relationship": "Inner", "Startup Cost": 1.25, "Total Cost": 1.25, "Plan Rows": 25, "Plan Width": 30, "Plans": [{"Node Type": "Seq Scan", "Parent Relationship": "Outer", "Relation Name": "nation", "Alias": "n2", "Startup Cost": 0.0, "Total Cost": 1.25, "Plan Rows": 25, "Plan Width": 30}]}]}]}]}, "Unique SQL Id": 3681808042, "Planner Runtime": 5}, "explain_analyze_plan": {"Plan": {"Node Type": "Sort", "Startup Cost": 486630.31, "Total Cost": 486630.33, "Plan Rows": 10, "Plan Width": 66, "Actual Startup Time": 6864.764, "Actual Total Time": 6864.764, "Actual Rows": 2, "Actual Loops": 1, "Sort Key": ["(date_part('year'::text, orders.o_orderdate))"], "Sort Method": "quicksort", "Sort Space Used": 25, "Sort Space Type": "Memory", "Plans": [{"Node Type": "Aggregate", "Strategy": "Hashed", "Parent Relationship": "Outer", "Startup Cost": 486629.99, "Total Cost": 486630.14, "Plan Rows": 10, "Plan Width": 66, "Actual Startup Time": 6864.748, "Actual Total Time": 6864.749, "Actual Rows": 2, "Actual Loops": 1, "Group By Key": ["date_part('year'::text, orders.o_orderdate)"], "Plans": [{"Node Type": "Hash Join", "Parent Relationship": "Outer", "Join Type": "Inner", "Startup Cost": 4536.12, "Total Cost": 486510.17, "Plan Rows": 5991, "Plan Width": 50, "Actual Startup Time": 67.0, "Actual Total Time": 6830.243, "Actual Rows": 23929, "Actual Loops": 1, "Inner Unique": true, "Hash Cond": "(supplier.s_nationkey = n2.n_nationkey)", "Plans": [{"Node Type": "Nested Loop", "Parent Relationship": "Outer", "Join Type": "Inner", "Startup Cost": 4534.56, "Total Cost": 486417.81, "Plan Rows": 5991, "Plan Width": 28, "Actual Startup Time": 66.92, "Actual Total Time": 6795.81, "Actual Rows": 23929, "Actual Loops": 1, "Inner Unique": false, "Join Filter": "(n1.n_regionkey = region.r_regionkey)", "Rows Removed by Join Filter": 95836, "Plans": [{"Node Type": "Seq Scan", "Parent Relationship": "Outer", "Relation Name": "region", "Alias": "region", "Startup Cost": 0.0, "Total Cost": 1.06, "Plan Rows": 1, "Plan Width": 4, "Actual Startup Time": 0.008, "Actual Total Time": 0.01, "Actual Rows": 1, "Actual Loops": 1, "Filter": "(r_name = 'ASIA'::bpchar)", "Rows Removed by Filter": 4}, {"Node Type": "Hash Join", "Parent Relationship": "Inner", "Join Type": "Inner", "Startup Cost": 4534.56, "Total Cost": 486042.32, "Plan Rows": 29954, "Plan Width": 32, "Actual Startup Time": 66.706, "Actual Total Time": 6763.963, "Actual Rows": 119765, "Actual Loops": 1, "Inner Unique": true, "Hash Cond": "(customer.c_nationkey = n1.n_nationkey)", "Plans": [{"Node Type": "Nested Loop", "Parent Relationship": "Outer", "Join Type": "Inner", "Startup Cost": 4533.0, "Total Cost": 485661.65, "Plan Rows": 29954, "Plan Width": 32, "Actual Startup Time": 66.644, "Actual Total Time": 6694.943, "Actual Rows": 119765, "Actual Loops": 1, "Inner Unique": true, "Plans": [{"Node Type": "Hash Join", "Parent Relationship": "Outer", "Join Type": "Inner", "Startup Cost": 4533.0, "Total Cost": 469409.78, "Plan Rows": 51198, "Plan Width": 36, "Actual Startup Time": 66.611, "Actual Total Time": 5686.148, "Actual Rows": 119765, "Actual Loops": 1, "Inner Unique": true, "Hash Cond": "(lineitem.l_suppkey = supplier.s_suppkey)", "Plans": [{"Node Type": "Nested Loop", "Parent Relationship": "Outer", "Join Type": "Inner", "Startup Cost": 0.0, "Total Cost": 464497.44, "Plan Rows": 86479, "Plan Width": 40, "Actual Startup Time": 0.149, "Actual Total Time": 5541.572, "Actual Rows": 119765, "Actual Loops": 1, "Inner Unique": true, "Plans": [{"Node Type": "Nested Loop", "Parent Relationship": "Outer", "Join Type": "Inner", "Startup Cost": 0.0, "Total Cost": 441564.57, "Plan Rows": 74637, "Plan Width": 32, "Actual Startup Time": 0.033, "Actual Total Time": 2018.871, "Actual Rows": 395341, "Actual Loops": 1, "Inner Unique": false, "Plans": [{"Node Type": "Seq Scan", "Parent Relationship": "Outer", "Relation Name": "part", "Alias": "part", "Startup Cost": 0.0, "Total Cost": 66944.0, "Plan Rows": 13538, "Plan Width": 8, "Actual Startup Time": 0.014, "Actual Total Time": 773.39, "Actual Rows": 13163, "Actual Loops": 1, "Filter": "((p_type)::text = 'SMALL PLATED COPPER'::text)", "Rows Removed by Filter": 1986837}, {"Node Type": "Index Scan", "Parent Relationship": "Inner", "Scan Direction": "Forward", "Index Name": "idx_lineitem_part_supp", "Relation Name": "lineitem", "Alias": "lineitem", "Startup Cost": 0.0, "Total Cost": 27.61, "Plan Rows": 6, "Plan Width": 40, "Actual Startup Time": 157.237, "Actual Total Time": 1142.534, "Actual Rows": 395341, "Actual Loops": 13163, "Index Cond": "(l_partkey = part.p_partkey)", "Rows Removed by Index Recheck": 0}]}, {"Node Type": "Index Scan", "Parent Relationship": "Inner", "Scan Direction": "Forward", "Index Name": "orders_pkey", "Relation Name": "orders", "Alias": "orders", "Startup Cost": 0.0, "Total Cost": 0.3, "Plan Rows": 1, "Plan Width": 24, "Actual Startup Time": 3288.207, "Actual Total Time": 3288.207, "Actual Rows": 119765, "Actual Loops": 395341, "Index Cond": "(o_orderkey = lineitem.l_orderkey)", "Rows Removed by Index Recheck": 0, "Filter": "((o_orderdate >= '1995-01-01 00:00:00'::timestamp(0) without time zone) AND (o_orderdate <= '1996-12-31 00:00:00'::timestamp(0) without time zone))", "Rows Removed by Filter": 275576}]}, {"Node Type": "Hash", "Parent Relationship": "Inner", "Startup Cost": 3283.0, "Total Cost": 3283.0, "Plan Rows": 100000, "Plan Width": 12, "Actual Startup Time": 66.355, "Actual Total Time": 66.355, "Actual Rows": 100000, "Actual Loops": 1, "Hash Buckets": 131072, "Hash Batches": 1, "Original Hash Batches": 1, "Peak Memory Usage": 4297, "Plans": [{"Node Type": "Seq Scan", "Parent Relationship": "Outer", "Relation Name": "supplier", "Alias": "supplier", "Startup Cost": 0.0, "Total Cost": 3283.0, "Plan Rows": 100000, "Plan Width": 12, "Actual Startup Time": 0.011, "Actual Total Time": 39.877, "Actual Rows": 100000, "Actual Loops": 1}]}]}, {"Node Type": "Index Scan", "Parent Relationship": "Inner", "Scan Direction": "Forward", "Index Name": "customer_pkey", "Relation Name": "customer", "Alias": "customer", "Startup Cost": 0.0, "Total Cost": 0.31, "Plan Rows": 1, "Plan Width": 12, "Actual Startup Time": 899.108, "Actual Total Time": 899.108, "Actual Rows": 119765, "Actual Loops": 119765, "Index Cond": "(c_custkey = orders.o_custkey)", "Rows Removed by Index Recheck": 0}]}, {"Node Type": "Hash", "Parent Relationship": "Inner", "Startup Cost": 1.25, "Total Cost": 1.25, "Plan Rows": 25, "Plan Width": 8, "Actual Startup Time": 0.02, "Actual Total Time": 0.02, "Actual Rows": 25, "Actual Loops": 1, "Hash Buckets": 32768, "Hash Batches": 1, "Original Hash Batches": 1, "Peak Memory Usage": 1, "Plans": [{"Node Type": "Seq Scan", "Parent Relationship": "Outer", "Relation Name": "nation", "Alias": "n1", "Startup Cost": 0.0, "Total Cost": 1.25, "Plan Rows": 25, "Plan Width": 8, "Actual Startup Time": 0.007, "Actual Total Time": 0.011, "Actual Rows": 25, "Actual Loops": 1}]}]}]}, {"Node Type": "Hash", "Parent Relationship": "Inner", "Startup Cost": 1.25, "Total Cost": 1.25, "Plan Rows": 25, "Plan Width": 30, "Actual Startup Time": 0.034, "Actual Total Time": 0.034, "Actual Rows": 25, "Actual Loops": 1, "Hash Buckets": 32768, "Hash Batches": 1, "Original Hash Batches": 1, "Peak Memory Usage": 2, "Plans": [{"Node Type": "Seq Scan", "Parent Relationship": "Outer", "Relation Name": "nation", "Alias": "n2", "Startup Cost": 0.0, "Total Cost": 1.25, "Plan Rows": 25, "Plan Width": 30, "Actual Startup Time": 0.014, "Actual Total Time": 0.021, "Actual Rows": 25, "Actual Loops": 1}]}]}]}]}, "Triggers": [], "Planner Runtime": 5, "Total Runtime": 6865.211, "Unique SQL Id": 3681808042}}, "(64, 41)": {"explain_plan": {"Plan": {"Node Type": "Sort", "Startup Cost": 527575.13, "Total Cost": 527575.15, "Plan Rows": 10, "Plan Width": 66, "Sort Key": ["(date_part('year'::text, orders.o_orderdate))"], "Plans": [{"Node Type": "Aggregate", "Strategy": "Hashed", "Parent Relationship": "Outer", "Startup Cost": 527574.81, "Total Cost": 527574.96, "Plan Rows": 10, "Plan Width": 66, "Group By Key": ["date_part('year'::text, orders.o_orderdate)"], "Plans": [{"Node Type": "Hash Join", "Parent Relationship": "Outer", "Join Type": "Inner", "Startup Cost": 6610.42, "Total Cost": 527454.99, "Plan Rows": 5991, "Plan Width": 50, "Inner Unique": true, "Hash Cond": "(supplier.s_nationkey = n2.n_nationkey)", "Plans": [{"Node Type": "Nested Loop", "Parent Relationship": "Outer", "Join Type": "Inner", "Startup Cost": 6597.48, "Total Cost": 527351.25, "Plan Rows": 5991, "Plan Width": 28, "Inner Unique": false, "Join Filter": "(n1.n_regionkey = region.r_regionkey)", "Plans": [{"Node Type": "Index Scan", "Parent Relationship": "Outer", "Scan Direction": "Forward", "Index Name": "region_pkey", "Relation Name": "region", "Alias": "region", "Startup Cost": 0.0, "Total Cost": 12.34, "Plan Rows": 1, "Plan Width": 4, "Filter": "(r_name = 'ASIA'::bpchar)"}, {"Node Type": "Hash Join", "Parent Relationship": "Inner", "Join Type": "Inner", "Startup Cost": 6597.48, "Total Cost": 526964.49, "Plan Rows": 29954, "Plan Width": 32, "Inner Unique": true, "Hash Cond": "(customer.c_nationkey = n1.n_nationkey)", "Plans": [{"Node Type": "Nested Loop", "Parent Relationship": "Outer", "Join Type": "Inner", "Startup Cost": 6584.54, "Total Cost": 526572.45, "Plan Rows": 29954, "Plan Width": 32, "Inner Unique": true, "Plans": [{"Node Type": "Hash Join", "Parent Relationship": "Outer", "Join Type": "Inner", "Startup Cost": 6584.54, "Total Cost": 510320.57, "Plan Rows": 51198, "Plan Width": 36, "Inner Unique": true, "Hash Cond": "(lineitem.l_suppkey = supplier.s_suppkey)", "Plans": [{"Node Type": "Nested Loop", "Parent Relationship": "Outer", "Join Type": "Inner", "Startup Cost": 0.0, "Total Cost": 503356.69, "Plan Rows": 86479, "Plan Width": 40, "Inner Unique": true, "Plans": [{"Node Type": "Nested Loop", "Parent Relationship": "Outer", "Join Type": "Inner", "Startup Cost": 0.0, "Total Cost": 480423.82, "Plan Rows": 74637, "Plan Width": 32, "Inner Unique": false, "Plans": [{"Node Type": "Index Scan", "Parent Relationship": "Outer", "Scan Direction": "Forward", "Index Name": "part_kpey", "Relation Name": "part", "Alias": "part", "Startup Cost": 0.0, "Total Cost": 105803.25, "Plan Rows": 13538, "Plan Width": 8, "Filter": "((p_type)::text = 'SMALL PLATED COPPER'::text)"}, {"Node Type": "Index Scan", "Parent Relationship": "Inner", "Scan Direction": "Forward", "Index Name": "idx_lineitem_part_supp", "Relation Name": "lineitem", "Alias": "lineitem", "Startup Cost": 0.0, "Total Cost": 27.61, "Plan Rows": 6, "Plan Width": 40, "Index Cond": "(l_partkey = part.p_partkey)"}]}, {"Node Type": "Index Scan", "Parent Relationship": "Inner", "Scan Direction": "Forward", "Index Name": "orders_pkey", "Relation Name": "orders", "Alias": "orders", "Startup Cost": 0.0, "Total Cost": 0.3, "Plan Rows": 1, "Plan Width": 24, "Index Cond": "(o_orderkey = lineitem.l_orderkey)", "Filter": "((o_orderdate >= '1995-01-01 00:00:00'::timestamp(0) without time zone) AND (o_orderdate <= '1996-12-31 00:00:00'::timestamp(0) without time zone))"}]}, {"Node Type": "Hash", "Parent Relationship": "Inner", "Startup Cost": 5334.54, "Total Cost": 5334.54, "Plan Rows": 100000, "Plan Width": 12, "Plans": [{"Node Type": "Index Scan", "Parent Relationship": "Outer", "Scan Direction": "Forward", "Index Name": "supplier_pkey", "Relation Name": "supplier", "Alias": "supplier", "Startup Cost": 0.0, "Total Cost": 5334.54, "Plan Rows": 100000, "Plan Width": 12}]}]}, {"Node Type": "Index Scan", "Parent Relationship": "Inner", "Scan Direction": "Forward", "Index Name": "customer_pkey", "Relation Name": "customer", "Alias": "customer", "Startup Cost": 0.0, "Total Cost": 0.31, "Plan Rows": 1, "Plan Width": 12, "Index Cond": "(c_custkey = orders.o_custkey)"}]}, {"Node Type": "Hash", "Parent Relationship": "Inner", "Startup Cost": 12.62, "Total Cost": 12.62, "Plan Rows": 25, "Plan Width": 8, "Plans": [{"Node Type": "Index Scan", "Parent Relationship": "Outer", "Scan Direction": "Forward", "Index Name": "idx_nation_regionkey", "Relation Name": "nation", "Alias": "n1", "Startup Cost": 0.0, "Total Cost": 12.62, "Plan Rows": 25, "Plan Width": 8}]}]}]}, {"Node Type": "Hash", "Parent Relationship": "Inner", "Startup Cost": 12.62, "Total Cost": 12.62, "Plan Rows": 25, "Plan Width": 30, "Plans": [{"Node Type": "Index Scan", "Parent Relationship": "Outer", "Scan Direction": "Forward", "Index Name": "nation_pkey", "Relation Name": "nation", "Alias": "n2", "Startup Cost": 0.0, "Total Cost": 12.62, "Plan Rows": 25, "Plan Width": 30}]}]}]}]}, "Unique SQL Id": 3681808042, "Planner Runtime": 4}, "explain_analyze_plan": {"Plan": {"Node Type": "Sort", "Startup Cost": 527575.13, "Total Cost": 527575.15, "Plan Rows": 10, "Plan Width": 66, "Actual Startup Time": 7581.242, "Actual Total Time": 7581.242, "Actual Rows": 2, "Actual Loops": 1, "Sort Key": ["(date_part('year'::text, orders.o_orderdate))"], "Sort Method": "quicksort", "Sort Space Used": 25, "Sort Space Type": "Memory", "Plans": [{"Node Type": "Aggregate", "Strategy": "Hashed", "Parent Relationship": "Outer", "Startup Cost": 527574.81, "Total Cost": 527574.96, "Plan Rows": 10, "Plan Width": 66, "Actual Startup Time": 7581.225, "Actual Total Time": 7581.226, "Actual Rows": 2, "Actual Loops": 1, "Group By Key": ["date_part('year'::text, orders.o_orderdate)"], "Plans": [{"Node Type": "Hash Join", "Parent Relationship": "Outer", "Join Type": "Inner", "Startup Cost": 6610.42, "Total Cost": 527454.99, "Plan Rows": 5991, "Plan Width": 50, "Actual Startup Time": 110.337, "Actual Total Time": 7546.674, "Actual Rows": 23929, "Actual Loops": 1, "Inner Unique": true, "Hash Cond": "(supplier.s_nationkey = n2.n_nationkey)", "Plans": [{"Node Type": "Nested Loop", "Parent Relationship": "Outer", "Join Type": "Inner", "Startup Cost": 6597.48, "Total Cost": 527351.25, "Plan Rows": 5991, "Plan Width": 28, "Actual Startup Time": 110.244, "Actual Total Time": 7512.896, "Actual Rows": 23929, "Actual Loops": 1, "Inner Unique": false, "Join Filter": "(n1.n_regionkey = region.r_regionkey)", "Rows Removed by Join Filter": 95836, "Plans": [{"Node Type": "Index Scan", "Parent Relationship": "Outer", "Scan Direction": "Forward", "Index Name": "region_pkey", "Relation Name": "region", "Alias": "region", "Startup Cost": 0.0, "Total Cost": 12.34, "Plan Rows": 1, "Plan Width": 4, "Actual Startup Time": 0.008, "Actual Total Time": 0.015, "Actual Rows": 1, "Actual Loops": 1, "Filter": "(r_name = 'ASIA'::bpchar)", "Rows Removed by Filter": 4}, {"Node Type": "Hash Join", "Parent Relationship": "Inner", "Join Type": "Inner", "Startup Cost": 6597.48, "Total Cost": 526964.49, "Plan Rows": 29954, "Plan Width": 32, "Actual Startup Time": 110.017, "Actual Total Time": 7480.171, "Actual Rows": 119765, "Actual Loops": 1, "Inner Unique": true, "Hash Cond": "(customer.c_nationkey = n1.n_nationkey)", "Plans": [{"Node Type": "Nested Loop", "Parent Relationship": "Outer", "Join Type": "Inner", "Startup Cost": 6584.54, "Total Cost": 526572.45, "Plan Rows": 29954, "Plan Width": 32, "Actual Startup Time": 109.959, "Actual Total Time": 7409.138, "Actual Rows": 119765, "Actual Loops": 1, "Inner Unique": true, "Plans": [{"Node Type": "Hash Join", "Parent Relationship": "Outer", "Join Type": "Inner", "Startup Cost": 6584.54, "Total Cost": 510320.57, "Plan Rows": 51198, "Plan Width": 36, "Actual Startup Time": 109.931, "Actual Total Time": 6406.487, "Actual Rows": 119765, "Actual Loops": 1, "Inner Unique": true, "Hash Cond": "(lineitem.l_suppkey = supplier.s_suppkey)", "Plans": [{"Node Type": "Nested Loop", "Parent Relationship": "Outer", "Join Type": "Inner", "Startup Cost": 0.0, "Total Cost": 503356.69, "Plan Rows": 86479, "Plan Width": 40, "Actual Startup Time": 0.156, "Actual Total Time": 6213.592, "Actual Rows": 119765, "Actual Loops": 1, "Inner Unique": true, "Plans": [{"Node Type": "Nested Loop", "Parent Relationship": "Outer", "Join Type": "Inner", "Startup Cost": 0.0, "Total Cost": 480423.82, "Plan Rows": 74637, "Plan Width": 32, "Actual Startup Time": 0.041, "Actual Total Time": 2695.99, "Actual Rows": 395341, "Actual Loops": 1, "Inner Unique": false, "Plans": [{"Node Type": "Index Scan", "Parent Relationship": "Outer", "Scan Direction": "Forward", "Index Name": "part_kpey", "Relation Name": "part", "Alias": "part", "Startup Cost": 0.0, "Total Cost": 105803.25, "Plan Rows": 13538, "Plan Width": 8, "Actual Startup Time": 0.026, "Actual Total Time": 1440.569, "Actual Rows": 13163, "Actual Loops": 1, "Filter": "((p_type)::text = 'SMALL PLATED COPPER'::text)", "Rows Removed by Filter": 1986837}, {"Node Type": "Index Scan", "Parent Relationship": "Inner", "Scan Direction": "Forward", "Index Name": "idx_lineitem_part_supp", "Relation Name": "lineitem", "Alias": "lineitem", "Startup Cost": 0.0, "Total Cost": 27.61, "Plan Rows": 6, "Plan Width": 40, "Actual Startup Time": 155.451, "Actual Total Time": 1155.312, "Actual Rows": 395341, "Actual Loops": 13163, "Index Cond": "(l_partkey = part.p_partkey)", "Rows Removed by Index Recheck": 0}]}, {"Node Type": "Index Scan", "Parent Relationship": "Inner", "Scan Direction": "Forward", "Index Name": "orders_pkey", "Relation Name": "orders", "Alias": "orders", "Startup Cost": 0.0, "Total Cost": 0.3, "Plan Rows": 1, "Plan Width": 24, "Actual Startup Time": 3279.079, "Actual Total Time": 3279.079, "Actual Rows": 119765, "Actual Loops": 395341, "Index Cond": "(o_orderkey = lineitem.l_orderkey)", "Rows Removed by Index Recheck": 0, "Filter": "((o_orderdate >= '1995-01-01 00:00:00'::timestamp(0) without time zone) AND (o_orderdate <= '1996-12-31 00:00:00'::timestamp(0) without time zone))", "Rows Removed by Filter": 275576}]}, {"Node Type": "Hash", "Parent Relationship": "Inner", "Startup Cost": 5334.54, "Total Cost": 5334.54, "Plan Rows": 100000, "Plan Width": 12, "Actual Startup Time": 109.671, "Actual Total Time": 109.671, "Actual Rows": 100000, "Actual Loops": 1, "Hash Buckets": 131072, "Hash Batches": 1, "Original Hash Batches": 1, "Peak Memory Usage": 4297, "Plans": [{"Node Type": "Index Scan", "Parent Relationship": "Outer", "Scan Direction": "Forward", "Index Name": "supplier_pkey", "Relation Name": "supplier", "Alias": "supplier", "Startup Cost": 0.0, "Total Cost": 5334.54, "Plan Rows": 100000, "Plan Width": 12, "Actual Startup Time": 0.017, "Actual Total Time": 82.398, "Actual Rows": 100000, "Actual Loops": 1}]}]}, {"Node Type": "Index Scan", "Parent Relationship": "Inner", "Scan Direction": "Forward", "Index Name": "customer_pkey", "Relation Name": "customer", "Alias": "customer", "Startup Cost": 0.0, "Total Cost": 0.31, "Plan Rows": 1, "Plan Width": 12, "Actual Startup Time": 892.623, "Actual Total Time": 892.623, "Actual Rows": 119765, "Actual Loops": 119765, "Index Cond": "(c_custkey = orders.o_custkey)", "Rows Removed by Index Recheck": 0}]}, {"Node Type": "Hash", "Parent Relationship": "Inner", "Startup Cost": 12.62, "Total Cost": 12.62, "Plan Rows": 25, "Plan Width": 8, "Actual Startup Time": 0.024, "Actual Total Time": 0.024, "Actual Rows": 25, "Actual Loops": 1, "Hash Buckets": 32768, "Hash Batches": 1, "Original Hash Batches": 1, "Peak Memory Usage": 1, "Plans": [{"Node Type": "Index Scan", "Parent Relationship": "Outer", "Scan Direction": "Forward", "Index Name": "idx_nation_regionkey", "Relation Name": "nation", "Alias": "n1", "Startup Cost": 0.0, "Total Cost": 12.62, "Plan Rows": 25, "Plan Width": 8, "Actual Startup Time": 0.005, "Actual Total Time": 0.016, "Actual Rows": 25, "Actual Loops": 1}]}]}]}, {"Node Type": "Hash", "Parent Relationship": "Inner", "Startup Cost": 12.62, "Total Cost": 12.62, "Plan Rows": 25, "Plan Width": 30, "Actual Startup Time": 0.039, "Actual Total Time": 0.039, "Actual Rows": 25, "Actual Loops": 1, "Hash Buckets": 32768, "Hash Batches": 1, "Original Hash Batches": 1, "Peak Memory Usage": 2, "Plans": [{"Node Type": "Index Scan", "Parent Relationship": "Outer", "Scan Direction": "Forward", "Index Name": "nation_pkey", "Relation Name": "nation", "Alias": "n2", "Startup Cost": 0.0, "Total Cost": 12.62, "Plan Rows": 25, "Plan Width": 30, "Actual Startup Time": 0.01, "Actual Total Time": 0.028, "Actual Rows": 25, "Actual Loops": 1}]}]}]}]}, "Triggers": [], "Planner Runtime": 4, "Total Runtime": 7581.588, "Unique SQL Id": 3681808042}}, "(64, 42)": {"explain_plan": {"Plan": {"Node Type": "Sort", "Startup Cost": 2909305.92, "Total Cost": 2909305.94, "Plan Rows": 10, "Plan Width": 66, "Sort Key": ["(date_part('year'::text, orders.o_orderdate))"], "Plans": [{"Node Type": "Aggregate", "Strategy": "Hashed", "Parent Relationship": "Outer", "Startup Cost": 2909305.6, "Total Cost": 2909305.75, "Plan Rows": 10, "Plan Width": 66, "Group By Key": ["date_part('year'::text, orders.o_orderdate)"], "Plans": [{"Node Type": "Nested Loop", "Parent Relationship": "Outer", "Join Type": "Inner", "Startup Cost": 664846.82, "Total Cost": 2909185.78, "Plan Rows": 5991, "Plan Width": 50, "Inner Unique": true, "Join Filter": "(supplier.s_nationkey = n2.n_nationkey)", "Plans": [{"Node Type": "Hash Join", "Parent Relationship": "Outer", "Join Type": "Inner", "Startup Cost": 664846.82, "Total Cost": 2906922.86, "Plan Rows": 5991, "Plan Width": 28, "Inner Unique": true, "Hash Cond": "(lineitem.l_suppkey = supplier.s_suppkey)", "Plans": [{"Node Type": "Hash Join", "Parent Relationship": "Outer", "Join Type": "Inner", "Startup Cost": 660313.82, "Total Cost": 2902243.54, "Plan Rows": 17296, "Plan Width": 32, "Inner Unique": false, "Hash Cond": "(lineitem.l_orderkey = orders.o_orderkey)", "Plans": [{"Node Type": "Hash Join", "Parent Relationship": "Outer", "Join Type": "Inner", "Startup Cost": 67113.23, "Total Cost": 2307926.3, "Plan Rows": 74637, "Plan Width": 32, "Inner Unique": true, "Hash Cond": "(lineitem.l_partkey = part.p_partkey)", "Plans": [{"Node Type": "Seq Scan", "Parent Relationship": "Outer", "Relation Name": "lineitem", "Alias": "lineitem", "Startup Cost": 0.0, "Total Cost": 2015115.33, "Plan Rows": 59987033, "Plan Width": 40}, {"Node Type": "Hash", "Parent Relationship": "Inner", "Startup Cost": 66944.0, "Total Cost": 66944.0, "Plan Rows": 13538, "Plan Width": 8, "Plans": [{"Node Type": "Seq Scan", "Parent Relationship": "Outer", "Relation Name": "part", "Alias": "part", "Startup Cost": 0.0, "Total Cost": 66944.0, "Plan Rows": 13538, "Plan Width": 8, "Filter": "((p_type)::text = 'SMALL PLATED COPPER'::text)"}]}]}, {"Node Type": "Hash", "Parent Relationship": "Inner", "Startup Cost": 586571.9, "Total Cost": 586571.9, "Plan Rows": 530296, "Plan Width": 16, "Plans": [{"Node Type": "Hash Join", "Parent Relationship": "Outer", "Join Type": "Inner", "Startup Cost": 63058.19, "Total Cost": 586571.9, "Plan Rows": 530296, "Plan Width": 16, "Inner Unique": false, "Hash Cond": "(orders.o_custkey = customer.c_custkey), (LLVM Optimized)", "Plans": [{"Node Type": "Seq Scan", "Parent Relationship": "Outer", "Relation Name": "orders", "Alias": "orders", "Startup Cost": 195.31, "Total Cost": 501411.18, "Plan Rows": 4531967, "Plan Width": 24, "Filter": "((o_orderdate >= '1995-01-01 00:00:00'::timestamp(0) without time zone) AND (o_orderdate <= '1996-12-31 00:00:00'::timestamp(0) without time zone)), (LLVM Optimized)"}, {"Node Type": "Hash", "Parent Relationship": "Inner", "Startup Cost": 59112.88, "Total Cost": 59112.88, "Plan Rows": 300000, "Plan Width": 8, "Plans": [{"Node Type": "Hash Join", "Parent Relationship": "Outer", "Join Type": "Inner", "Startup Cost": 2.5, "Total Cost": 59112.88, "Plan Rows": 300000, "Plan Width": 8, "Inner Unique": false, "Hash Cond": "(customer.c_nationkey = n1.n_nationkey), (LLVM Optimized)", "Plans": [{"Node Type": "Seq Scan", "Parent Relationship": "Outer", "Relation Name": "customer", "Alias": "customer", "Startup Cost": 0.0, "Total Cost": 52126.0, "Plan Rows": 1500000, "Plan Width": 12}, {"Node Type": "Hash", "Parent Relationship": "Inner", "Startup Cost": 2.44, "Total Cost": 2.44, "Plan Rows": 5, "Plan Width": 4, "Plans": [{"Node Type": "Hash Join", "Parent Relationship": "Outer", "Join Type": "Inner", "Startup Cost": 1.07, "Total Cost": 2.44, "Plan Rows": 5, "Plan Width": 4, "Inner Unique": true, "Hash Cond": "(n1.n_regionkey = region.r_regionkey)", "Plans": [{"Node Type": "Seq Scan", "Parent Relationship": "Outer", "Relation Name": "nation", "Alias": "n1", "Startup Cost": 0.0, "Total Cost": 1.25, "Plan Rows": 25, "Plan Width": 8}, {"Node Type": "Hash", "Parent Relationship": "Inner", "Startup Cost": 1.06, "Total Cost": 1.06, "Plan Rows": 1, "Plan Width": 4, "Plans": [{"Node Type": "Seq Scan", "Parent Relationship": "Outer", "Relation Name": "region", "Alias": "region", "Startup Cost": 0.0, "Total Cost": 1.06, "Plan Rows": 1, "Plan Width": 4, "Filter": "(r_name = 'ASIA'::bpchar)"}]}]}]}]}]}]}]}]}, {"Node Type": "Hash", "Parent Relationship": "Inner", "Startup Cost": 3283.0, "Total Cost": 3283.0, "Plan Rows": 100000, "Plan Width": 12, "Plans": [{"Node Type": "Seq Scan", "Parent Relationship": "Outer", "Relation Name": "supplier", "Alias": "supplier", "Startup Cost": 0.0, "Total Cost": 3283.0, "Plan Rows": 100000, "Plan Width": 12}]}]}, {"Node Type": "Materialize", "Parent Relationship": "Inner", "Startup Cost": 0.0, "Total Cost": 1.38, "Plan Rows": 25, "Plan Width": 30, "Plans": [{"Node Type": "Seq Scan", "Parent Relationship": "Outer", "Relation Name": "nation", "Alias": "n2", "Startup Cost": 0.0, "Total Cost": 1.25, "Plan Rows": 25, "Plan Width": 30}]}]}]}]}, "Unique SQL Id": 3681808042, "Planner Runtime": 6}, "explain_analyze_plan": null}, "(64, 43)": {"explain_plan": {"Plan": {"Node Type": "Sort", "Startup Cost": 8018177364726.43, "Total Cost": 8018177364726.46, "Plan Rows": 10, "Plan Width": 66, "Sort Key": ["(date_part('year'::text, orders.o_orderdate))"], "Plans": [{"Node Type": "Aggregate", "Strategy": "Hashed", "Parent Relationship": "Outer", "Startup Cost": 8018177364726.12, "Total Cost": 8018177364726.27, "Plan Rows": 10, "Plan Width": 66, "Group By Key": ["date_part('year'::text, orders.o_orderdate)"], "Plans": [{"Node Type": "Nested Loop", "Parent Relationship": "Outer", "Join Type": "Inner", "Startup Cost": 80000000000.0, "Total Cost": 8018177364380.2, "Plan Rows": 17296, "Plan Width": 50, "Inner Unique": false, "Join Filter": "(supplier.s_suppkey = lineitem.l_suppkey)", "Plans": [{"Node Type": "Nested Loop", "Parent Relationship": "Outer", "Join Type": "Inner", "Startup Cost": 20000000000.0, "Total Cost": 2000000572216.94, "Plan Rows": 100000, "Plan Width": 34, "Inner Unique": true, "Join Filter": "(supplier.s_nationkey = n2.n_nationkey), (LLVM Optimized)", "Plans": [{"Node Type": "Index Scan", "Parent Relationship": "Outer", "Scan Direction": "Forward", "Index Name": "supplier_pkey", "Relation Name": "supplier", "Alias": "supplier", "Startup Cost": 10000000000.0, "Total Cost": 1000000533454.38, "Plan Rows": 100000, "Plan Width": 12}, {"Node Type": "Materialize", "Parent Relationship": "Inner", "Startup Cost": 10000000000.0, "Total Cost": 1000000001262.62, "Plan Rows": 25, "Plan Width": 30, "Plans": [{"Node Type": "Index Scan", "Parent Relationship": "Outer", "Scan Direction": "Forward", "Index Name": "nation_pkey", "Relation Name": "nation", "Alias": "n2", "Startup Cost": 10000000000.0, "Total Cost": 1000000001262.5, "Plan Rows": 25, "Plan Width": 30}]}]}, {"Node Type": "Materialize", "Parent Relationship": "Inner", "Startup Cost": 60000000000.0, "Total Cost": 6018150848163.26, "Plan Rows": 17296, "Plan Width": 32, "Plans": [{"Node Type": "Nested Loop", "Parent Relationship": "Outer", "Join Type": "Inner", "Startup Cost": 60000000000.0, "Total Cost": 6018150848076.78, "Plan Rows": 17296, "Plan Width": 32, "Inner Unique": false, "Join Filter": "(orders.o_custkey = customer.c_custkey)", "Plans": [{"Node Type": "Nested Loop", "Parent Relationship": "Outer", "Join Type": "Inner", "Startup Cost": 30000000000.0, "Total Cost": 3017753500294.51, "Plan Rows": 86479, "Plan Width": 40, "Inner Unique": false, "Join Filter": "(lineitem.l_orderkey = orders.o_orderkey)", "Plans": [{"Node Type": "Index Scan", "Parent Relationship": "Outer", "Scan Direction": "Forward", "Index Name": "idx_orders_custkey", "Relation Name": "orders", "Alias": "orders", "Startup Cost": 10000000000.0, "Total Cost": 1000163551268.58, "Plan Rows": 4531967, "Plan Width": 24, "Filter": "((o_orderdate >= '1995-01-01 00:00:00'::timestamp(0) without time zone) AND (o_orderdate <= '1996-12-31 00:00:00'::timestamp(0) without time zone)), (LLVM Optimized)"}, {"Node Type": "Materialize", "Parent Relationship": "Inner", "Startup Cost": 20000000000.0, "Total Cost": 2012516162897.84, "Plan Rows": 74637, "Plan Width": 32, "Plans": [{"Node Type": "Nested Loop", "Parent Relationship": "Outer", "Join Type": "Inner", "Startup Cost": 20000000000.0, "Total Cost": 2012516162524.66, "Plan Rows": 74637, "Plan Width": 32, "Inner Unique": true, "Join Filter": "(part.p_partkey = lineitem.l_partkey)", "Plans": [{"Node Type": "Index Scan", "Parent Relationship": "Outer", "Scan Direction": "Forward", "Index Name": "idx_lineitem_orderkey", "Relation Name": "lineitem", "Alias": "lineitem", "Startup Cost": 10000000000.0, "Total Cost": 1000324015374.5, "Plan Rows": 59987033, "Plan Width": 40}, {"Node Type": "Materialize", "Parent Relationship": "Inner", "Startup Cost": 10000000000.0, "Total Cost": 1000010580392.69, "Plan Rows": 13538, "Plan Width": 8, "Plans": [{"Node Type": "Index Scan", "Parent Relationship": "Outer", "Scan Direction": "Forward", "Index Name": "part_kpey", "Relation Name": "part", "Alias": "part", "Startup Cost": 10000000000.0, "Total Cost": 1000010580325.0, "Plan Rows": 13538, "Plan Width": 8, "Filter": "((p_type)::text = 'SMALL PLATED COPPER'::text)"}]}]}]}]}, {"Node Type": "Materialize", "Parent Relationship": "Inner", "Startup Cost": 30000000000.0, "Total Cost": 3000008193032.26, "Plan Rows": 300000, "Plan Width": 8, "Plans": [{"Node Type": "Nested Loop", "Parent Relationship": "Outer", "Join Type": "Inner", "Startup Cost": 30000000000.0, "Total Cost": 3000008191532.26, "Plan Rows": 300000, "Plan Width": 8, "Inner Unique": false, "Join Filter": "(n1.n_nationkey = customer.c_nationkey), (LLVM Optimized)", "Plans": [{"Node Type": "Index Scan", "Parent Relationship": "Outer", "Scan Direction": "Forward", "Index Name": "customer_pkey", "Relation Name": "customer", "Alias": "customer", "Startup Cost": 10000000000.0, "Total Cost": 1000008076535.62, "Plan Rows": 1500000, "Plan Width": 12}, {"Node Type": "Materialize", "Parent Relationship": "Inner", "Startup Cost": 20000000000.0, "Total Cost": 2000000002496.65, "Plan Rows": 5, "Plan Width": 4, "Plans": [{"Node Type": "Nested Loop", "Parent Relationship": "Outer", "Join Type": "Inner", "Startup Cost": 20000000000.0, "Total Cost": 2000000002496.63, "Plan Rows": 5, "Plan Width": 4, "Inner Unique": true, "Join Filter": "(n1.n_regionkey = region.r_regionkey)", "Plans": [{"Node Type": "Index Scan", "Parent Relationship": "Outer", "Scan Direction": "Forward", "Index Name": "nation_pkey", "Relation Name": "nation", "Alias": "n1", "Startup Cost": 10000000000.0, "Total Cost": 1000000001262.5, "Plan Rows": 25, "Plan Width": 8}, {"Node Type": "Materialize", "Parent Relationship": "Inner", "Startup Cost": 10000000000.0, "Total Cost": 1000000001233.76, "Plan Rows": 1, "Plan Width": 4, "Plans": [{"Node Type": "Index Scan", "Parent Relationship": "Outer", "Scan Direction": "Forward", "Index Name": "region_pkey", "Relation Name": "region", "Alias": "region", "Startup Cost": 10000000000.0, "Total Cost": 1000000001233.75, "Plan Rows": 1, "Plan Width": 4, "Filter": "(r_name = 'ASIA'::bpchar)"}]}]}]}]}]}]}]}]}]}]}, "Unique SQL Id": 3681808042, "Planner Runtime": 5}, "explain_analyze_plan": null}, "(64, 44)": {"explain_plan": {"Plan": {"Node Type": "Sort", "Startup Cost": 486630.31, "Total Cost": 486630.33, "Plan Rows": 10, "Plan Width": 66, "Sort Key": ["(date_part('year'::text, orders.o_orderdate))"], "Plans": [{"Node Type": "Aggregate", "Strategy": "Hashed", "Parent Relationship": "Outer", "Startup Cost": 486629.99, "Total Cost": 486630.14, "Plan Rows": 10, "Plan Width": 66, "Group By Key": ["date_part('year'::text, orders.o_orderdate)"], "Plans": [{"Node Type": "Hash Join", "Parent Relationship": "Outer", "Join Type": "Inner", "Startup Cost": 4536.12, "Total Cost": 486510.17, "Plan Rows": 5991, "Plan Width": 50, "Inner Unique": true, "Hash Cond": "(supplier.s_nationkey = n2.n_nationkey)", "Plans": [{"Node Type": "Nested Loop", "Parent Relationship": "Outer", "Join Type": "Inner", "Startup Cost": 4534.56, "Total Cost": 486417.81, "Plan Rows": 5991, "Plan Width": 28, "Inner Unique": false, "Join Filter": "(n1.n_regionkey = region.r_regionkey)", "Plans": [{"Node Type": "Seq Scan", "Parent Relationship": "Outer", "Relation Name": "region", "Alias": "region", "Startup Cost": 0.0, "Total Cost": 1.06, "Plan Rows": 1, "Plan Width": 4, "Filter": "(r_name = 'ASIA'::bpchar)"}, {"Node Type": "Hash Join", "Parent Relationship": "Inner", "Join Type": "Inner", "Startup Cost": 4534.56, "Total Cost": 486042.32, "Plan Rows": 29954, "Plan Width": 32, "Inner Unique": true, "Hash Cond": "(customer.c_nationkey = n1.n_nationkey)", "Plans": [{"Node Type": "Nested Loop", "Parent Relationship": "Outer", "Join Type": "Inner", "Startup Cost": 4533.0, "Total Cost": 485661.65, "Plan Rows": 29954, "Plan Width": 32, "Inner Unique": true, "Plans": [{"Node Type": "Hash Join", "Parent Relationship": "Outer", "Join Type": "Inner", "Startup Cost": 4533.0, "Total Cost": 469409.78, "Plan Rows": 51198, "Plan Width": 36, "Inner Unique": true, "Hash Cond": "(lineitem.l_suppkey = supplier.s_suppkey)", "Plans": [{"Node Type": "Nested Loop", "Parent Relationship": "Outer", "Join Type": "Inner", "Startup Cost": 0.0, "Total Cost": 464497.44, "Plan Rows": 86479, "Plan Width": 40, "Inner Unique": true, "Plans": [{"Node Type": "Nested Loop", "Parent Relationship": "Outer", "Join Type": "Inner", "Startup Cost": 0.0, "Total Cost": 441564.57, "Plan Rows": 74637, "Plan Width": 32, "Inner Unique": false, "Plans": [{"Node Type": "Seq Scan", "Parent Relationship": "Outer", "Relation Name": "part", "Alias": "part", "Startup Cost": 0.0, "Total Cost": 66944.0, "Plan Rows": 13538, "Plan Width": 8, "Filter": "((p_type)::text = 'SMALL PLATED COPPER'::text)"}, {"Node Type": "Index Scan", "Parent Relationship": "Inner", "Scan Direction": "Forward", "Index Name": "idx_lineitem_part_supp", "Relation Name": "lineitem", "Alias": "lineitem", "Startup Cost": 0.0, "Total Cost": 27.61, "Plan Rows": 6, "Plan Width": 40, "Index Cond": "(l_partkey = part.p_partkey)"}]}, {"Node Type": "Index Scan", "Parent Relationship": "Inner", "Scan Direction": "Forward", "Index Name": "orders_pkey", "Relation Name": "orders", "Alias": "orders", "Startup Cost": 0.0, "Total Cost": 0.3, "Plan Rows": 1, "Plan Width": 24, "Index Cond": "(o_orderkey = lineitem.l_orderkey)", "Filter": "((o_orderdate >= '1995-01-01 00:00:00'::timestamp(0) without time zone) AND (o_orderdate <= '1996-12-31 00:00:00'::timestamp(0) without time zone))"}]}, {"Node Type": "Hash", "Parent Relationship": "Inner", "Startup Cost": 3283.0, "Total Cost": 3283.0, "Plan Rows": 100000, "Plan Width": 12, "Plans": [{"Node Type": "Seq Scan", "Parent Relationship": "Outer", "Relation Name": "supplier", "Alias": "supplier", "Startup Cost": 0.0, "Total Cost": 3283.0, "Plan Rows": 100000, "Plan Width": 12}]}]}, {"Node Type": "Index Scan", "Parent Relationship": "Inner", "Scan Direction": "Forward", "Index Name": "customer_pkey", "Relation Name": "customer", "Alias": "customer", "Startup Cost": 0.0, "Total Cost": 0.31, "Plan Rows": 1, "Plan Width": 12, "Index Cond": "(c_custkey = orders.o_custkey)"}]}, {"Node Type": "Hash", "Parent Relationship": "Inner", "Startup Cost": 1.25, "Total Cost": 1.25, "Plan Rows": 25, "Plan Width": 8, "Plans": [{"Node Type": "Seq Scan", "Parent Relationship": "Outer", "Relation Name": "nation", "Alias": "n1", "Startup Cost": 0.0, "Total Cost": 1.25, "Plan Rows": 25, "Plan Width": 8}]}]}]}, {"Node Type": "Hash", "Parent Relationship": "Inner", "Startup Cost": 1.25, "Total Cost": 1.25, "Plan Rows": 25, "Plan Width": 30, "Plans": [{"Node Type": "Seq Scan", "Parent Relationship": "Outer", "Relation Name": "nation", "Alias": "n2", "Startup Cost": 0.0, "Total Cost": 1.25, "Plan Rows": 25, "Plan Width": 30}]}]}]}]}, "Unique SQL Id": 3681808042, "Planner Runtime": 5}, "explain_analyze_plan": {"Plan": {"Node Type": "Sort", "Startup Cost": 486630.31, "Total Cost": 486630.33, "Plan Rows": 10, "Plan Width": 66, "Actual Startup Time": 6864.764, "Actual Total Time": 6864.764, "Actual Rows": 2, "Actual Loops": 1, "Sort Key": ["(date_part('year'::text, orders.o_orderdate))"], "Sort Method": "quicksort", "Sort Space Used": 25, "Sort Space Type": "Memory", "Plans": [{"Node Type": "Aggregate", "Strategy": "Hashed", "Parent Relationship": "Outer", "Startup Cost": 486629.99, "Total Cost": 486630.14, "Plan Rows": 10, "Plan Width": 66, "Actual Startup Time": 6864.748, "Actual Total Time": 6864.749, "Actual Rows": 2, "Actual Loops": 1, "Group By Key": ["date_part('year'::text, orders.o_orderdate)"], "Plans": [{"Node Type": "Hash Join", "Parent Relationship": "Outer", "Join Type": "Inner", "Startup Cost": 4536.12, "Total Cost": 486510.17, "Plan Rows": 5991, "Plan Width": 50, "Actual Startup Time": 67.0, "Actual Total Time": 6830.243, "Actual Rows": 23929, "Actual Loops": 1, "Inner Unique": true, "Hash Cond": "(supplier.s_nationkey = n2.n_nationkey)", "Plans": [{"Node Type": "Nested Loop", "Parent Relationship": "Outer", "Join Type": "Inner", "Startup Cost": 4534.56, "Total Cost": 486417.81, "Plan Rows": 5991, "Plan Width": 28, "Actual Startup Time": 66.92, "Actual Total Time": 6795.81, "Actual Rows": 23929, "Actual Loops": 1, "Inner Unique": false, "Join Filter": "(n1.n_regionkey = region.r_regionkey)", "Rows Removed by Join Filter": 95836, "Plans": [{"Node Type": "Seq Scan", "Parent Relationship": "Outer", "Relation Name": "region", "Alias": "region", "Startup Cost": 0.0, "Total Cost": 1.06, "Plan Rows": 1, "Plan Width": 4, "Actual Startup Time": 0.008, "Actual Total Time": 0.01, "Actual Rows": 1, "Actual Loops": 1, "Filter": "(r_name = 'ASIA'::bpchar)", "Rows Removed by Filter": 4}, {"Node Type": "Hash Join", "Parent Relationship": "Inner", "Join Type": "Inner", "Startup Cost": 4534.56, "Total Cost": 486042.32, "Plan Rows": 29954, "Plan Width": 32, "Actual Startup Time": 66.706, "Actual Total Time": 6763.963, "Actual Rows": 119765, "Actual Loops": 1, "Inner Unique": true, "Hash Cond": "(customer.c_nationkey = n1.n_nationkey)", "Plans": [{"Node Type": "Nested Loop", "Parent Relationship": "Outer", "Join Type": "Inner", "Startup Cost": 4533.0, "Total Cost": 485661.65, "Plan Rows": 29954, "Plan Width": 32, "Actual Startup Time": 66.644, "Actual Total Time": 6694.943, "Actual Rows": 119765, "Actual Loops": 1, "Inner Unique": true, "Plans": [{"Node Type": "Hash Join", "Parent Relationship": "Outer", "Join Type": "Inner", "Startup Cost": 4533.0, "Total Cost": 469409.78, "Plan Rows": 51198, "Plan Width": 36, "Actual Startup Time": 66.611, "Actual Total Time": 5686.148, "Actual Rows": 119765, "Actual Loops": 1, "Inner Unique": true, "Hash Cond": "(lineitem.l_suppkey = supplier.s_suppkey)", "Plans": [{"Node Type": "Nested Loop", "Parent Relationship": "Outer", "Join Type": "Inner", "Startup Cost": 0.0, "Total Cost": 464497.44, "Plan Rows": 86479, "Plan Width": 40, "Actual Startup Time": 0.149, "Actual Total Time": 5541.572, "Actual Rows": 119765, "Actual Loops": 1, "Inner Unique": true, "Plans": [{"Node Type": "Nested Loop", "Parent Relationship": "Outer", "Join Type": "Inner", "Startup Cost": 0.0, "Total Cost": 441564.57, "Plan Rows": 74637, "Plan Width": 32, "Actual Startup Time": 0.033, "Actual Total Time": 2018.871, "Actual Rows": 395341, "Actual Loops": 1, "Inner Unique": false, "Plans": [{"Node Type": "Seq Scan", "Parent Relationship": "Outer", "Relation Name": "part", "Alias": "part", "Startup Cost": 0.0, "Total Cost": 66944.0, "Plan Rows": 13538, "Plan Width": 8, "Actual Startup Time": 0.014, "Actual Total Time": 773.39, "Actual Rows": 13163, "Actual Loops": 1, "Filter": "((p_type)::text = 'SMALL PLATED COPPER'::text)", "Rows Removed by Filter": 1986837}, {"Node Type": "Index Scan", "Parent Relationship": "Inner", "Scan Direction": "Forward", "Index Name": "idx_lineitem_part_supp", "Relation Name": "lineitem", "Alias": "lineitem", "Startup Cost": 0.0, "Total Cost": 27.61, "Plan Rows": 6, "Plan Width": 40, "Actual Startup Time": 157.237, "Actual Total Time": 1142.534, "Actual Rows": 395341, "Actual Loops": 13163, "Index Cond": "(l_partkey = part.p_partkey)", "Rows Removed by Index Recheck": 0}]}, {"Node Type": "Index Scan", "Parent Relationship": "Inner", "Scan Direction": "Forward", "Index Name": "orders_pkey", "Relation Name": "orders", "Alias": "orders", "Startup Cost": 0.0, "Total Cost": 0.3, "Plan Rows": 1, "Plan Width": 24, "Actual Startup Time": 3288.207, "Actual Total Time": 3288.207, "Actual Rows": 119765, "Actual Loops": 395341, "Index Cond": "(o_orderkey = lineitem.l_orderkey)", "Rows Removed by Index Recheck": 0, "Filter": "((o_orderdate >= '1995-01-01 00:00:00'::timestamp(0) without time zone) AND (o_orderdate <= '1996-12-31 00:00:00'::timestamp(0) without time zone))", "Rows Removed by Filter": 275576}]}, {"Node Type": "Hash", "Parent Relationship": "Inner", "Startup Cost": 3283.0, "Total Cost": 3283.0, "Plan Rows": 100000, "Plan Width": 12, "Actual Startup Time": 66.355, "Actual Total Time": 66.355, "Actual Rows": 100000, "Actual Loops": 1, "Hash Buckets": 131072, "Hash Batches": 1, "Original Hash Batches": 1, "Peak Memory Usage": 4297, "Plans": [{"Node Type": "Seq Scan", "Parent Relationship": "Outer", "Relation Name": "supplier", "Alias": "supplier", "Startup Cost": 0.0, "Total Cost": 3283.0, "Plan Rows": 100000, "Plan Width": 12, "Actual Startup Time": 0.011, "Actual Total Time": 39.877, "Actual Rows": 100000, "Actual Loops": 1}]}]}, {"Node Type": "Index Scan", "Parent Relationship": "Inner", "Scan Direction": "Forward", "Index Name": "customer_pkey", "Relation Name": "customer", "Alias": "customer", "Startup Cost": 0.0, "Total Cost": 0.31, "Plan Rows": 1, "Plan Width": 12, "Actual Startup Time": 899.108, "Actual Total Time": 899.108, "Actual Rows": 119765, "Actual Loops": 119765, "Index Cond": "(c_custkey = orders.o_custkey)", "Rows Removed by Index Recheck": 0}]}, {"Node Type": "Hash", "Parent Relationship": "Inner", "Startup Cost": 1.25, "Total Cost": 1.25, "Plan Rows": 25, "Plan Width": 8, "Actual Startup Time": 0.02, "Actual Total Time": 0.02, "Actual Rows": 25, "Actual Loops": 1, "Hash Buckets": 32768, "Hash Batches": 1, "Original Hash Batches": 1, "Peak Memory Usage": 1, "Plans": [{"Node Type": "Seq Scan", "Parent Relationship": "Outer", "Relation Name": "nation", "Alias": "n1", "Startup Cost": 0.0, "Total Cost": 1.25, "Plan Rows": 25, "Plan Width": 8, "Actual Startup Time": 0.007, "Actual Total Time": 0.011, "Actual Rows": 25, "Actual Loops": 1}]}]}]}, {"Node Type": "Hash", "Parent Relationship": "Inner", "Startup Cost": 1.25, "Total Cost": 1.25, "Plan Rows": 25, "Plan Width": 30, "Actual Startup Time": 0.034, "Actual Total Time": 0.034, "Actual Rows": 25, "Actual Loops": 1, "Hash Buckets": 32768, "Hash Batches": 1, "Original Hash Batches": 1, "Peak Memory Usage": 2, "Plans": [{"Node Type": "Seq Scan", "Parent Relationship": "Outer", "Relation Name": "nation", "Alias": "n2", "Startup Cost": 0.0, "Total Cost": 1.25, "Plan Rows": 25, "Plan Width": 30, "Actual Startup Time": 0.014, "Actual Total Time": 0.021, "Actual Rows": 25, "Actual Loops": 1}]}]}]}]}, "Triggers": [], "Planner Runtime": 5, "Total Runtime": 6865.211, "Unique SQL Id": 3681808042}}, "(64, 45)": {"explain_plan": {"Plan": {"Node Type": "Sort", "Startup Cost": 527575.13, "Total Cost": 527575.15, "Plan Rows": 10, "Plan Width": 66, "Sort Key": ["(date_part('year'::text, orders.o_orderdate))"], "Plans": [{"Node Type": "Aggregate", "Strategy": "Hashed", "Parent Relationship": "Outer", "Startup Cost": 527574.81, "Total Cost": 527574.96, "Plan Rows": 10, "Plan Width": 66, "Group By Key": ["date_part('year'::text, orders.o_orderdate)"], "Plans": [{"Node Type": "Hash Join", "Parent Relationship": "Outer", "Join Type": "Inner", "Startup Cost": 6610.42, "Total Cost": 527454.99, "Plan Rows": 5991, "Plan Width": 50, "Inner Unique": true, "Hash Cond": "(supplier.s_nationkey = n2.n_nationkey)", "Plans": [{"Node Type": "Nested Loop", "Parent Relationship": "Outer", "Join Type": "Inner", "Startup Cost": 6597.48, "Total Cost": 527351.25, "Plan Rows": 5991, "Plan Width": 28, "Inner Unique": false, "Join Filter": "(n1.n_regionkey = region.r_regionkey)", "Plans": [{"Node Type": "Index Scan", "Parent Relationship": "Outer", "Scan Direction": "Forward", "Index Name": "region_pkey", "Relation Name": "region", "Alias": "region", "Startup Cost": 0.0, "Total Cost": 12.34, "Plan Rows": 1, "Plan Width": 4, "Filter": "(r_name = 'ASIA'::bpchar)"}, {"Node Type": "Hash Join", "Parent Relationship": "Inner", "Join Type": "Inner", "Startup Cost": 6597.48, "Total Cost": 526964.49, "Plan Rows": 29954, "Plan Width": 32, "Inner Unique": true, "Hash Cond": "(customer.c_nationkey = n1.n_nationkey)", "Plans": [{"Node Type": "Nested Loop", "Parent Relationship": "Outer", "Join Type": "Inner", "Startup Cost": 6584.54, "Total Cost": 526572.45, "Plan Rows": 29954, "Plan Width": 32, "Inner Unique": true, "Plans": [{"Node Type": "Hash Join", "Parent Relationship": "Outer", "Join Type": "Inner", "Startup Cost": 6584.54, "Total Cost": 510320.57, "Plan Rows": 51198, "Plan Width": 36, "Inner Unique": true, "Hash Cond": "(lineitem.l_suppkey = supplier.s_suppkey)", "Plans": [{"Node Type": "Nested Loop", "Parent Relationship": "Outer", "Join Type": "Inner", "Startup Cost": 0.0, "Total Cost": 503356.69, "Plan Rows": 86479, "Plan Width": 40, "Inner Unique": true, "Plans": [{"Node Type": "Nested Loop", "Parent Relationship": "Outer", "Join Type": "Inner", "Startup Cost": 0.0, "Total Cost": 480423.82, "Plan Rows": 74637, "Plan Width": 32, "Inner Unique": false, "Plans": [{"Node Type": "Index Scan", "Parent Relationship": "Outer", "Scan Direction": "Forward", "Index Name": "part_kpey", "Relation Name": "part", "Alias": "part", "Startup Cost": 0.0, "Total Cost": 105803.25, "Plan Rows": 13538, "Plan Width": 8, "Filter": "((p_type)::text = 'SMALL PLATED COPPER'::text)"}, {"Node Type": "Index Scan", "Parent Relationship": "Inner", "Scan Direction": "Forward", "Index Name": "idx_lineitem_part_supp", "Relation Name": "lineitem", "Alias": "lineitem", "Startup Cost": 0.0, "Total Cost": 27.61, "Plan Rows": 6, "Plan Width": 40, "Index Cond": "(l_partkey = part.p_partkey)"}]}, {"Node Type": "Index Scan", "Parent Relationship": "Inner", "Scan Direction": "Forward", "Index Name": "orders_pkey", "Relation Name": "orders", "Alias": "orders", "Startup Cost": 0.0, "Total Cost": 0.3, "Plan Rows": 1, "Plan Width": 24, "Index Cond": "(o_orderkey = lineitem.l_orderkey)", "Filter": "((o_orderdate >= '1995-01-01 00:00:00'::timestamp(0) without time zone) AND (o_orderdate <= '1996-12-31 00:00:00'::timestamp(0) without time zone))"}]}, {"Node Type": "Hash", "Parent Relationship": "Inner", "Startup Cost": 5334.54, "Total Cost": 5334.54, "Plan Rows": 100000, "Plan Width": 12, "Plans": [{"Node Type": "Index Scan", "Parent Relationship": "Outer", "Scan Direction": "Forward", "Index Name": "supplier_pkey", "Relation Name": "supplier", "Alias": "supplier", "Startup Cost": 0.0, "Total Cost": 5334.54, "Plan Rows": 100000, "Plan Width": 12}]}]}, {"Node Type": "Index Scan", "Parent Relationship": "Inner", "Scan Direction": "Forward", "Index Name": "customer_pkey", "Relation Name": "customer", "Alias": "customer", "Startup Cost": 0.0, "Total Cost": 0.31, "Plan Rows": 1, "Plan Width": 12, "Index Cond": "(c_custkey = orders.o_custkey)"}]}, {"Node Type": "Hash", "Parent Relationship": "Inner", "Startup Cost": 12.62, "Total Cost": 12.62, "Plan Rows": 25, "Plan Width": 8, "Plans": [{"Node Type": "Index Scan", "Parent Relationship": "Outer", "Scan Direction": "Forward", "Index Name": "idx_nation_regionkey", "Relation Name": "nation", "Alias": "n1", "Startup Cost": 0.0, "Total Cost": 12.62, "Plan Rows": 25, "Plan Width": 8}]}]}]}, {"Node Type": "Hash", "Parent Relationship": "Inner", "Startup Cost": 12.62, "Total Cost": 12.62, "Plan Rows": 25, "Plan Width": 30, "Plans": [{"Node Type": "Index Scan", "Parent Relationship": "Outer", "Scan Direction": "Forward", "Index Name": "nation_pkey", "Relation Name": "nation", "Alias": "n2", "Startup Cost": 0.0, "Total Cost": 12.62, "Plan Rows": 25, "Plan Width": 30}]}]}]}]}, "Unique SQL Id": 3681808042, "Planner Runtime": 4}, "explain_analyze_plan": {"Plan": {"Node Type": "Sort", "Startup Cost": 527575.13, "Total Cost": 527575.15, "Plan Rows": 10, "Plan Width": 66, "Actual Startup Time": 7581.242, "Actual Total Time": 7581.242, "Actual Rows": 2, "Actual Loops": 1, "Sort Key": ["(date_part('year'::text, orders.o_orderdate))"], "Sort Method": "quicksort", "Sort Space Used": 25, "Sort Space Type": "Memory", "Plans": [{"Node Type": "Aggregate", "Strategy": "Hashed", "Parent Relationship": "Outer", "Startup Cost": 527574.81, "Total Cost": 527574.96, "Plan Rows": 10, "Plan Width": 66, "Actual Startup Time": 7581.225, "Actual Total Time": 7581.226, "Actual Rows": 2, "Actual Loops": 1, "Group By Key": ["date_part('year'::text, orders.o_orderdate)"], "Plans": [{"Node Type": "Hash Join", "Parent Relationship": "Outer", "Join Type": "Inner", "Startup Cost": 6610.42, "Total Cost": 527454.99, "Plan Rows": 5991, "Plan Width": 50, "Actual Startup Time": 110.337, "Actual Total Time": 7546.674, "Actual Rows": 23929, "Actual Loops": 1, "Inner Unique": true, "Hash Cond": "(supplier.s_nationkey = n2.n_nationkey)", "Plans": [{"Node Type": "Nested Loop", "Parent Relationship": "Outer", "Join Type": "Inner", "Startup Cost": 6597.48, "Total Cost": 527351.25, "Plan Rows": 5991, "Plan Width": 28, "Actual Startup Time": 110.244, "Actual Total Time": 7512.896, "Actual Rows": 23929, "Actual Loops": 1, "Inner Unique": false, "Join Filter": "(n1.n_regionkey = region.r_regionkey)", "Rows Removed by Join Filter": 95836, "Plans": [{"Node Type": "Index Scan", "Parent Relationship": "Outer", "Scan Direction": "Forward", "Index Name": "region_pkey", "Relation Name": "region", "Alias": "region", "Startup Cost": 0.0, "Total Cost": 12.34, "Plan Rows": 1, "Plan Width": 4, "Actual Startup Time": 0.008, "Actual Total Time": 0.015, "Actual Rows": 1, "Actual Loops": 1, "Filter": "(r_name = 'ASIA'::bpchar)", "Rows Removed by Filter": 4}, {"Node Type": "Hash Join", "Parent Relationship": "Inner", "Join Type": "Inner", "Startup Cost": 6597.48, "Total Cost": 526964.49, "Plan Rows": 29954, "Plan Width": 32, "Actual Startup Time": 110.017, "Actual Total Time": 7480.171, "Actual Rows": 119765, "Actual Loops": 1, "Inner Unique": true, "Hash Cond": "(customer.c_nationkey = n1.n_nationkey)", "Plans": [{"Node Type": "Nested Loop", "Parent Relationship": "Outer", "Join Type": "Inner", "Startup Cost": 6584.54, "Total Cost": 526572.45, "Plan Rows": 29954, "Plan Width": 32, "Actual Startup Time": 109.959, "Actual Total Time": 7409.138, "Actual Rows": 119765, "Actual Loops": 1, "Inner Unique": true, "Plans": [{"Node Type": "Hash Join", "Parent Relationship": "Outer", "Join Type": "Inner", "Startup Cost": 6584.54, "Total Cost": 510320.57, "Plan Rows": 51198, "Plan Width": 36, "Actual Startup Time": 109.931, "Actual Total Time": 6406.487, "Actual Rows": 119765, "Actual Loops": 1, "Inner Unique": true, "Hash Cond": "(lineitem.l_suppkey = supplier.s_suppkey)", "Plans": [{"Node Type": "Nested Loop", "Parent Relationship": "Outer", "Join Type": "Inner", "Startup Cost": 0.0, "Total Cost": 503356.69, "Plan Rows": 86479, "Plan Width": 40, "Actual Startup Time": 0.156, "Actual Total Time": 6213.592, "Actual Rows": 119765, "Actual Loops": 1, "Inner Unique": true, "Plans": [{"Node Type": "Nested Loop", "Parent Relationship": "Outer", "Join Type": "Inner", "Startup Cost": 0.0, "Total Cost": 480423.82, "Plan Rows": 74637, "Plan Width": 32, "Actual Startup Time": 0.041, "Actual Total Time": 2695.99, "Actual Rows": 395341, "Actual Loops": 1, "Inner Unique": false, "Plans": [{"Node Type": "Index Scan", "Parent Relationship": "Outer", "Scan Direction": "Forward", "Index Name": "part_kpey", "Relation Name": "part", "Alias": "part", "Startup Cost": 0.0, "Total Cost": 105803.25, "Plan Rows": 13538, "Plan Width": 8, "Actual Startup Time": 0.026, "Actual Total Time": 1440.569, "Actual Rows": 13163, "Actual Loops": 1, "Filter": "((p_type)::text = 'SMALL PLATED COPPER'::text)", "Rows Removed by Filter": 1986837}, {"Node Type": "Index Scan", "Parent Relationship": "Inner", "Scan Direction": "Forward", "Index Name": "idx_lineitem_part_supp", "Relation Name": "lineitem", "Alias": "lineitem", "Startup Cost": 0.0, "Total Cost": 27.61, "Plan Rows": 6, "Plan Width": 40, "Actual Startup Time": 155.451, "Actual Total Time": 1155.312, "Actual Rows": 395341, "Actual Loops": 13163, "Index Cond": "(l_partkey = part.p_partkey)", "Rows Removed by Index Recheck": 0}]}, {"Node Type": "Index Scan", "Parent Relationship": "Inner", "Scan Direction": "Forward", "Index Name": "orders_pkey", "Relation Name": "orders", "Alias": "orders", "Startup Cost": 0.0, "Total Cost": 0.3, "Plan Rows": 1, "Plan Width": 24, "Actual Startup Time": 3279.079, "Actual Total Time": 3279.079, "Actual Rows": 119765, "Actual Loops": 395341, "Index Cond": "(o_orderkey = lineitem.l_orderkey)", "Rows Removed by Index Recheck": 0, "Filter": "((o_orderdate >= '1995-01-01 00:00:00'::timestamp(0) without time zone) AND (o_orderdate <= '1996-12-31 00:00:00'::timestamp(0) without time zone))", "Rows Removed by Filter": 275576}]}, {"Node Type": "Hash", "Parent Relationship": "Inner", "Startup Cost": 5334.54, "Total Cost": 5334.54, "Plan Rows": 100000, "Plan Width": 12, "Actual Startup Time": 109.671, "Actual Total Time": 109.671, "Actual Rows": 100000, "Actual Loops": 1, "Hash Buckets": 131072, "Hash Batches": 1, "Original Hash Batches": 1, "Peak Memory Usage": 4297, "Plans": [{"Node Type": "Index Scan", "Parent Relationship": "Outer", "Scan Direction": "Forward", "Index Name": "supplier_pkey", "Relation Name": "supplier", "Alias": "supplier", "Startup Cost": 0.0, "Total Cost": 5334.54, "Plan Rows": 100000, "Plan Width": 12, "Actual Startup Time": 0.017, "Actual Total Time": 82.398, "Actual Rows": 100000, "Actual Loops": 1}]}]}, {"Node Type": "Index Scan", "Parent Relationship": "Inner", "Scan Direction": "Forward", "Index Name": "customer_pkey", "Relation Name": "customer", "Alias": "customer", "Startup Cost": 0.0, "Total Cost": 0.31, "Plan Rows": 1, "Plan Width": 12, "Actual Startup Time": 892.623, "Actual Total Time": 892.623, "Actual Rows": 119765, "Actual Loops": 119765, "Index Cond": "(c_custkey = orders.o_custkey)", "Rows Removed by Index Recheck": 0}]}, {"Node Type": "Hash", "Parent Relationship": "Inner", "Startup Cost": 12.62, "Total Cost": 12.62, "Plan Rows": 25, "Plan Width": 8, "Actual Startup Time": 0.024, "Actual Total Time": 0.024, "Actual Rows": 25, "Actual Loops": 1, "Hash Buckets": 32768, "Hash Batches": 1, "Original Hash Batches": 1, "Peak Memory Usage": 1, "Plans": [{"Node Type": "Index Scan", "Parent Relationship": "Outer", "Scan Direction": "Forward", "Index Name": "idx_nation_regionkey", "Relation Name": "nation", "Alias": "n1", "Startup Cost": 0.0, "Total Cost": 12.62, "Plan Rows": 25, "Plan Width": 8, "Actual Startup Time": 0.005, "Actual Total Time": 0.016, "Actual Rows": 25, "Actual Loops": 1}]}]}]}, {"Node Type": "Hash", "Parent Relationship": "Inner", "Startup Cost": 12.62, "Total Cost": 12.62, "Plan Rows": 25, "Plan Width": 30, "Actual Startup Time": 0.039, "Actual Total Time": 0.039, "Actual Rows": 25, "Actual Loops": 1, "Hash Buckets": 32768, "Hash Batches": 1, "Original Hash Batches": 1, "Peak Memory Usage": 2, "Plans": [{"Node Type": "Index Scan", "Parent Relationship": "Outer", "Scan Direction": "Forward", "Index Name": "nation_pkey", "Relation Name": "nation", "Alias": "n2", "Startup Cost": 0.0, "Total Cost": 12.62, "Plan Rows": 25, "Plan Width": 30, "Actual Startup Time": 0.01, "Actual Total Time": 0.028, "Actual Rows": 25, "Actual Loops": 1}]}]}]}]}, "Triggers": [], "Planner Runtime": 4, "Total Runtime": 7581.588, "Unique SQL Id": 3681808042}}, "(64, 46)": {"explain_plan": {"Plan": {"Node Type": "Sort", "Startup Cost": 2909305.92, "Total Cost": 2909305.94, "Plan Rows": 10, "Plan Width": 66, "Sort Key": ["(date_part('year'::text, orders.o_orderdate))"], "Plans": [{"Node Type": "Aggregate", "Strategy": "Hashed", "Parent Relationship": "Outer", "Startup Cost": 2909305.6, "Total Cost": 2909305.75, "Plan Rows": 10, "Plan Width": 66, "Group By Key": ["date_part('year'::text, orders.o_orderdate)"], "Plans": [{"Node Type": "Nested Loop", "Parent Relationship": "Outer", "Join Type": "Inner", "Startup Cost": 664846.82, "Total Cost": 2909185.78, "Plan Rows": 5991, "Plan Width": 50, "Inner Unique": true, "Join Filter": "(supplier.s_nationkey = n2.n_nationkey)", "Plans": [{"Node Type": "Hash Join", "Parent Relationship": "Outer", "Join Type": "Inner", "Startup Cost": 664846.82, "Total Cost": 2906922.86, "Plan Rows": 5991, "Plan Width": 28, "Inner Unique": true, "Hash Cond": "(lineitem.l_suppkey = supplier.s_suppkey)", "Plans": [{"Node Type": "Hash Join", "Parent Relationship": "Outer", "Join Type": "Inner", "Startup Cost": 660313.82, "Total Cost": 2902243.54, "Plan Rows": 17296, "Plan Width": 32, "Inner Unique": false, "Hash Cond": "(lineitem.l_orderkey = orders.o_orderkey)", "Plans": [{"Node Type": "Hash Join", "Parent Relationship": "Outer", "Join Type": "Inner", "Startup Cost": 67113.23, "Total Cost": 2307926.3, "Plan Rows": 74637, "Plan Width": 32, "Inner Unique": true, "Hash Cond": "(lineitem.l_partkey = part.p_partkey)", "Plans": [{"Node Type": "Seq Scan", "Parent Relationship": "Outer", "Relation Name": "lineitem", "Alias": "lineitem", "Startup Cost": 0.0, "Total Cost": 2015115.33, "Plan Rows": 59987033, "Plan Width": 40}, {"Node Type": "Hash", "Parent Relationship": "Inner", "Startup Cost": 66944.0, "Total Cost": 66944.0, "Plan Rows": 13538, "Plan Width": 8, "Plans": [{"Node Type": "Seq Scan", "Parent Relationship": "Outer", "Relation Name": "part", "Alias": "part", "Startup Cost": 0.0, "Total Cost": 66944.0, "Plan Rows": 13538, "Plan Width": 8, "Filter": "((p_type)::text = 'SMALL PLATED COPPER'::text)"}]}]}, {"Node Type": "Hash", "Parent Relationship": "Inner", "Startup Cost": 586571.9, "Total Cost": 586571.9, "Plan Rows": 530296, "Plan Width": 16, "Plans": [{"Node Type": "Hash Join", "Parent Relationship": "Outer", "Join Type": "Inner", "Startup Cost": 63058.19, "Total Cost": 586571.9, "Plan Rows": 530296, "Plan Width": 16, "Inner Unique": false, "Hash Cond": "(orders.o_custkey = customer.c_custkey), (LLVM Optimized)", "Plans": [{"Node Type": "Seq Scan", "Parent Relationship": "Outer", "Relation Name": "orders", "Alias": "orders", "Startup Cost": 195.31, "Total Cost": 501411.18, "Plan Rows": 4531967, "Plan Width": 24, "Filter": "((o_orderdate >= '1995-01-01 00:00:00'::timestamp(0) without time zone) AND (o_orderdate <= '1996-12-31 00:00:00'::timestamp(0) without time zone)), (LLVM Optimized)"}, {"Node Type": "Hash", "Parent Relationship": "Inner", "Startup Cost": 59112.88, "Total Cost": 59112.88, "Plan Rows": 300000, "Plan Width": 8, "Plans": [{"Node Type": "Hash Join", "Parent Relationship": "Outer", "Join Type": "Inner", "Startup Cost": 2.5, "Total Cost": 59112.88, "Plan Rows": 300000, "Plan Width": 8, "Inner Unique": false, "Hash Cond": "(customer.c_nationkey = n1.n_nationkey), (LLVM Optimized)", "Plans": [{"Node Type": "Seq Scan", "Parent Relationship": "Outer", "Relation Name": "customer", "Alias": "customer", "Startup Cost": 0.0, "Total Cost": 52126.0, "Plan Rows": 1500000, "Plan Width": 12}, {"Node Type": "Hash", "Parent Relationship": "Inner", "Startup Cost": 2.44, "Total Cost": 2.44, "Plan Rows": 5, "Plan Width": 4, "Plans": [{"Node Type": "Hash Join", "Parent Relationship": "Outer", "Join Type": "Inner", "Startup Cost": 1.07, "Total Cost": 2.44, "Plan Rows": 5, "Plan Width": 4, "Inner Unique": true, "Hash Cond": "(n1.n_regionkey = region.r_regionkey)", "Plans": [{"Node Type": "Seq Scan", "Parent Relationship": "Outer", "Relation Name": "nation", "Alias": "n1", "Startup Cost": 0.0, "Total Cost": 1.25, "Plan Rows": 25, "Plan Width": 8}, {"Node Type": "Hash", "Parent Relationship": "Inner", "Startup Cost": 1.06, "Total Cost": 1.06, "Plan Rows": 1, "Plan Width": 4, "Plans": [{"Node Type": "Seq Scan", "Parent Relationship": "Outer", "Relation Name": "region", "Alias": "region", "Startup Cost": 0.0, "Total Cost": 1.06, "Plan Rows": 1, "Plan Width": 4, "Filter": "(r_name = 'ASIA'::bpchar)"}]}]}]}]}]}]}]}]}, {"Node Type": "Hash", "Parent Relationship": "Inner", "Startup Cost": 3283.0, "Total Cost": 3283.0, "Plan Rows": 100000, "Plan Width": 12, "Plans": [{"Node Type": "Seq Scan", "Parent Relationship": "Outer", "Relation Name": "supplier", "Alias": "supplier", "Startup Cost": 0.0, "Total Cost": 3283.0, "Plan Rows": 100000, "Plan Width": 12}]}]}, {"Node Type": "Materialize", "Parent Relationship": "Inner", "Startup Cost": 0.0, "Total Cost": 1.38, "Plan Rows": 25, "Plan Width": 30, "Plans": [{"Node Type": "Seq Scan", "Parent Relationship": "Outer", "Relation Name": "nation", "Alias": "n2", "Startup Cost": 0.0, "Total Cost": 1.25, "Plan Rows": 25, "Plan Width": 30}]}]}]}]}, "Unique SQL Id": 3681808042, "Planner Runtime": 6}, "explain_analyze_plan": null}, "(64, 47)": {"explain_plan": {"Plan": {"Node Type": "Sort", "Startup Cost": 8018177364726.43, "Total Cost": 8018177364726.46, "Plan Rows": 10, "Plan Width": 66, "Sort Key": ["(date_part('year'::text, orders.o_orderdate))"], "Plans": [{"Node Type": "Aggregate", "Strategy": "Hashed", "Parent Relationship": "Outer", "Startup Cost": 8018177364726.12, "Total Cost": 8018177364726.27, "Plan Rows": 10, "Plan Width": 66, "Group By Key": ["date_part('year'::text, orders.o_orderdate)"], "Plans": [{"Node Type": "Nested Loop", "Parent Relationship": "Outer", "Join Type": "Inner", "Startup Cost": 80000000000.0, "Total Cost": 8018177364380.2, "Plan Rows": 17296, "Plan Width": 50, "Inner Unique": false, "Join Filter": "(supplier.s_suppkey = lineitem.l_suppkey)", "Plans": [{"Node Type": "Nested Loop", "Parent Relationship": "Outer", "Join Type": "Inner", "Startup Cost": 20000000000.0, "Total Cost": 2000000572216.94, "Plan Rows": 100000, "Plan Width": 34, "Inner Unique": true, "Join Filter": "(supplier.s_nationkey = n2.n_nationkey), (LLVM Optimized)", "Plans": [{"Node Type": "Index Scan", "Parent Relationship": "Outer", "Scan Direction": "Forward", "Index Name": "supplier_pkey", "Relation Name": "supplier", "Alias": "supplier", "Startup Cost": 10000000000.0, "Total Cost": 1000000533454.38, "Plan Rows": 100000, "Plan Width": 12}, {"Node Type": "Materialize", "Parent Relationship": "Inner", "Startup Cost": 10000000000.0, "Total Cost": 1000000001262.62, "Plan Rows": 25, "Plan Width": 30, "Plans": [{"Node Type": "Index Scan", "Parent Relationship": "Outer", "Scan Direction": "Forward", "Index Name": "nation_pkey", "Relation Name": "nation", "Alias": "n2", "Startup Cost": 10000000000.0, "Total Cost": 1000000001262.5, "Plan Rows": 25, "Plan Width": 30}]}]}, {"Node Type": "Materialize", "Parent Relationship": "Inner", "Startup Cost": 60000000000.0, "Total Cost": 6018150848163.26, "Plan Rows": 17296, "Plan Width": 32, "Plans": [{"Node Type": "Nested Loop", "Parent Relationship": "Outer", "Join Type": "Inner", "Startup Cost": 60000000000.0, "Total Cost": 6018150848076.78, "Plan Rows": 17296, "Plan Width": 32, "Inner Unique": false, "Join Filter": "(orders.o_custkey = customer.c_custkey)", "Plans": [{"Node Type": "Nested Loop", "Parent Relationship": "Outer", "Join Type": "Inner", "Startup Cost": 30000000000.0, "Total Cost": 3017753500294.51, "Plan Rows": 86479, "Plan Width": 40, "Inner Unique": false, "Join Filter": "(lineitem.l_orderkey = orders.o_orderkey)", "Plans": [{"Node Type": "Index Scan", "Parent Relationship": "Outer", "Scan Direction": "Forward", "Index Name": "idx_orders_custkey", "Relation Name": "orders", "Alias": "orders", "Startup Cost": 10000000000.0, "Total Cost": 1000163551268.58, "Plan Rows": 4531967, "Plan Width": 24, "Filter": "((o_orderdate >= '1995-01-01 00:00:00'::timestamp(0) without time zone) AND (o_orderdate <= '1996-12-31 00:00:00'::timestamp(0) without time zone)), (LLVM Optimized)"}, {"Node Type": "Materialize", "Parent Relationship": "Inner", "Startup Cost": 20000000000.0, "Total Cost": 2012516162897.84, "Plan Rows": 74637, "Plan Width": 32, "Plans": [{"Node Type": "Nested Loop", "Parent Relationship": "Outer", "Join Type": "Inner", "Startup Cost": 20000000000.0, "Total Cost": 2012516162524.66, "Plan Rows": 74637, "Plan Width": 32, "Inner Unique": true, "Join Filter": "(part.p_partkey = lineitem.l_partkey)", "Plans": [{"Node Type": "Index Scan", "Parent Relationship": "Outer", "Scan Direction": "Forward", "Index Name": "idx_lineitem_orderkey", "Relation Name": "lineitem", "Alias": "lineitem", "Startup Cost": 10000000000.0, "Total Cost": 1000324015374.5, "Plan Rows": 59987033, "Plan Width": 40}, {"Node Type": "Materialize", "Parent Relationship": "Inner", "Startup Cost": 10000000000.0, "Total Cost": 1000010580392.69, "Plan Rows": 13538, "Plan Width": 8, "Plans": [{"Node Type": "Index Scan", "Parent Relationship": "Outer", "Scan Direction": "Forward", "Index Name": "part_kpey", "Relation Name": "part", "Alias": "part", "Startup Cost": 10000000000.0, "Total Cost": 1000010580325.0, "Plan Rows": 13538, "Plan Width": 8, "Filter": "((p_type)::text = 'SMALL PLATED COPPER'::text)"}]}]}]}]}, {"Node Type": "Materialize", "Parent Relationship": "Inner", "Startup Cost": 30000000000.0, "Total Cost": 3000008193032.26, "Plan Rows": 300000, "Plan Width": 8, "Plans": [{"Node Type": "Nested Loop", "Parent Relationship": "Outer", "Join Type": "Inner", "Startup Cost": 30000000000.0, "Total Cost": 3000008191532.26, "Plan Rows": 300000, "Plan Width": 8, "Inner Unique": false, "Join Filter": "(n1.n_nationkey = customer.c_nationkey), (LLVM Optimized)", "Plans": [{"Node Type": "Index Scan", "Parent Relationship": "Outer", "Scan Direction": "Forward", "Index Name": "customer_pkey", "Relation Name": "customer", "Alias": "customer", "Startup Cost": 10000000000.0, "Total Cost": 1000008076535.62, "Plan Rows": 1500000, "Plan Width": 12}, {"Node Type": "Materialize", "Parent Relationship": "Inner", "Startup Cost": 20000000000.0, "Total Cost": 2000000002496.65, "Plan Rows": 5, "Plan Width": 4, "Plans": [{"Node Type": "Nested Loop", "Parent Relationship": "Outer", "Join Type": "Inner", "Startup Cost": 20000000000.0, "Total Cost": 2000000002496.63, "Plan Rows": 5, "Plan Width": 4, "Inner Unique": true, "Join Filter": "(n1.n_regionkey = region.r_regionkey)", "Plans": [{"Node Type": "Index Scan", "Parent Relationship": "Outer", "Scan Direction": "Forward", "Index Name": "nation_pkey", "Relation Name": "nation", "Alias": "n1", "Startup Cost": 10000000000.0, "Total Cost": 1000000001262.5, "Plan Rows": 25, "Plan Width": 8}, {"Node Type": "Materialize", "Parent Relationship": "Inner", "Startup Cost": 10000000000.0, "Total Cost": 1000000001233.76, "Plan Rows": 1, "Plan Width": 4, "Plans": [{"Node Type": "Index Scan", "Parent Relationship": "Outer", "Scan Direction": "Forward", "Index Name": "region_pkey", "Relation Name": "region", "Alias": "region", "Startup Cost": 10000000000.0, "Total Cost": 1000000001233.75, "Plan Rows": 1, "Plan Width": 4, "Filter": "(r_name = 'ASIA'::bpchar)"}]}]}]}]}]}]}]}]}]}]}, "Unique SQL Id": 3681808042, "Planner Runtime": 5}, "explain_analyze_plan": null}, "(64, 48)": {"explain_plan": {"Plan": {"Node Type": "Sort", "Startup Cost": 505096.47, "Total Cost": 505096.49, "Plan Rows": 10, "Plan Width": 66, "Sort Key": ["(date_part('year'::text, orders.o_orderdate))"], "Plans": [{"Node Type": "Aggregate", "Strategy": "Hashed", "Parent Relationship": "Outer", "Startup Cost": 505096.15, "Total Cost": 505096.3, "Plan Rows": 10, "Plan Width": 66, "Group By Key": ["date_part('year'::text, orders.o_orderdate)"], "Plans": [{"Node Type": "Nested Loop", "Parent Relationship": "Outer", "Join Type": "Inner", "Startup Cost": 0.0, "Total Cost": 504976.33, "Plan Rows": 5991, "Plan Width": 50, "Inner Unique": true, "Plans": [{"Node Type": "Nested Loop", "Parent Relationship": "Outer", "Join Type": "Inner", "Startup Cost": 0.0, "Total Cost": 503283.15, "Plan Rows": 5991, "Plan Width": 28, "Inner Unique": true, "Plans": [{"Node Type": "Nested Loop", "Parent Relationship": "Outer", "Join Type": "Inner", "Startup Cost": 0.0, "Total Cost": 498437.19, "Plan Rows": 17296, "Plan Width": 32, "Inner Unique": false, "Join Filter": "(n1.n_nationkey = customer.c_nationkey)", "Plans": [{"Node Type": "Nested Loop", "Parent Relationship": "Outer", "Join Type": "Inner", "Startup Cost": 0.0, "Total Cost": 491948.63, "Plan Rows": 86479, "Plan Width": 36, "Inner Unique": true, "Plans": [{"Node Type": "Nested Loop", "Parent Relationship": "Outer", "Join Type": "Inner", "Startup Cost": 0.0, "Total Cost": 464497.44, "Plan Rows": 86479, "Plan Width": 40, "Inner Unique": true, "Plans": [{"Node Type": "Nested Loop", "Parent Relationship": "Outer", "Join Type": "Inner", "Startup Cost": 0.0, "Total Cost": 441564.57, "Plan Rows": 74637, "Plan Width": 32, "Inner Unique": false, "Plans": [{"Node Type": "Seq Scan", "Parent Relationship": "Outer", "Relation Name": "part", "Alias": "part", "Startup Cost": 0.0, "Total Cost": 66944.0, "Plan Rows": 13538, "Plan Width": 8, "Filter": "((p_type)::text = 'SMALL PLATED COPPER'::text)"}, {"Node Type": "Index Scan", "Parent Relationship": "Inner", "Scan Direction": "Forward", "Index Name": "idx_lineitem_part_supp", "Relation Name": "lineitem", "Alias": "lineitem", "Startup Cost": 0.0, "Total Cost": 27.61, "Plan Rows": 6, "Plan Width": 40, "Index Cond": "(l_partkey = part.p_partkey)"}]}, {"Node Type": "Index Scan", "Parent Relationship": "Inner", "Scan Direction": "Forward", "Index Name": "orders_pkey", "Relation Name": "orders", "Alias": "orders", "Startup Cost": 0.0, "Total Cost": 0.3, "Plan Rows": 1, "Plan Width": 24, "Index Cond": "(o_orderkey = lineitem.l_orderkey)", "Filter": "((o_orderdate >= '1995-01-01 00:00:00'::timestamp(0) without time zone) AND (o_orderdate <= '1996-12-31 00:00:00'::timestamp(0) without time zone))"}]}, {"Node Type": "Index Scan", "Parent Relationship": "Inner", "Scan Direction": "Forward", "Index Name": "customer_pkey", "Relation Name": "customer", "Alias": "customer", "Startup Cost": 0.0, "Total Cost": 0.31, "Plan Rows": 1, "Plan Width": 12, "Index Cond": "(c_custkey = orders.o_custkey)"}]}, {"Node Type": "Materialize", "Parent Relationship": "Inner", "Startup Cost": 0.0, "Total Cost": 2.65, "Plan Rows": 5, "Plan Width": 4, "Plans": [{"Node Type": "Nested Loop", "Parent Relationship": "Outer", "Join Type": "Inner", "Startup Cost": 0.0, "Total Cost": 2.62, "Plan Rows": 5, "Plan Width": 4, "Inner Unique": false, "Join Filter": "(n1.n_regionkey = region.r_regionkey)", "Plans": [{"Node Type": "Seq Scan", "Parent Relationship": "Outer", "Relation Name": "region", "Alias": "region", "Startup Cost": 0.0, "Total Cost": 1.06, "Plan Rows": 1, "Plan Width": 4, "Filter": "(r_name = 'ASIA'::bpchar)"}, {"Node Type": "Seq Scan", "Parent Relationship": "Inner", "Relation Name": "nation", "Alias": "n1", "Startup Cost": 0.0, "Total Cost": 1.25, "Plan Rows": 25, "Plan Width": 8}]}]}]}, {"Node Type": "Index Scan", "Parent Relationship": "Inner", "Scan Direction": "Forward", "Index Name": "supplier_pkey", "Relation Name": "supplier", "Alias": "supplier", "Startup Cost": 0.0, "Total Cost": 0.27, "Plan Rows": 1, "Plan Width": 12, "Index Cond": "(s_suppkey = lineitem.l_suppkey)"}]}, {"Node Type": "Index Scan", "Parent Relationship": "Inner", "Scan Direction": "Forward", "Index Name": "nation_pkey", "Relation Name": "nation", "Alias": "n2", "Startup Cost": 0.0, "Total Cost": 0.27, "Plan Rows": 1, "Plan Width": 30, "Index Cond": "(n_nationkey = supplier.s_nationkey)"}]}]}]}, "Unique SQL Id": 3681808042, "Planner Runtime": 3}, "explain_analyze_plan": {"Plan": {"Node Type": "Sort", "Startup Cost": 505096.47, "Total Cost": 505096.49, "Plan Rows": 10, "Plan Width": 66, "Actual Startup Time": 7314.626, "Actual Total Time": 7314.626, "Actual Rows": 2, "Actual Loops": 1, "Sort Key": ["(date_part('year'::text, orders.o_orderdate))"], "Sort Method": "quicksort", "Sort Space Used": 25, "Sort Space Type": "Memory", "Plans": [{"Node Type": "Aggregate", "Strategy": "Hashed", "Parent Relationship": "Outer", "Startup Cost": 505096.15, "Total Cost": 505096.3, "Plan Rows": 10, "Plan Width": 66, "Actual Startup Time": 7314.597, "Actual Total Time": 7314.601, "Actual Rows": 2, "Actual Loops": 1, "Group By Key": ["date_part('year'::text, orders.o_orderdate)"], "Plans": [{"Node Type": "Nested Loop", "Parent Relationship": "Outer", "Join Type": "Inner", "Startup Cost": 0.0, "Total Cost": 504976.33, "Plan Rows": 5991, "Plan Width": 50, "Actual Startup Time": 0.509, "Actual Total Time": 7278.082, "Actual Rows": 23929, "Actual Loops": 1, "Inner Unique": true, "Plans": [{"Node Type": "Nested Loop", "Parent Relationship": "Outer", "Join Type": "Inner", "Startup Cost": 0.0, "Total Cost": 503283.15, "Plan Rows": 5991, "Plan Width": 28, "Actual Startup Time": 0.495, "Actual Total Time": 7190.663, "Actual Rows": 23929, "Actual Loops": 1, "Inner Unique": true, "Plans": [{"Node Type": "Nested Loop", "Parent Relationship": "Outer", "Join Type": "Inner", "Startup Cost": 0.0, "Total Cost": 498437.19, "Plan Rows": 17296, "Plan Width": 32, "Actual Startup Time": 0.483, "Actual Total Time": 7008.042, "Actual Rows": 23929, "Actual Loops": 1, "Inner Unique": false, "Join Filter": "(n1.n_nationkey = customer.c_nationkey)", "Rows Removed by Join Filter": 574896, "Plans": [{"Node Type": "Nested Loop", "Parent Relationship": "Outer", "Join Type": "Inner", "Startup Cost": 0.0, "Total Cost": 491948.63, "Plan Rows": 86479, "Plan Width": 36, "Actual Startup Time": 0.229, "Actual Total Time": 6792.302, "Actual Rows": 119765, "Actual Loops": 1, "Inner Unique": true, "Plans": [{"Node Type": "Nested Loop", "Parent Relationship": "Outer", "Join Type": "Inner", "Startup Cost": 0.0, "Total Cost": 464497.44, "Plan Rows": 86479, "Plan Width": 40, "Actual Startup Time": 0.214, "Actual Total Time": 5746.479, "Actual Rows": 119765, "Actual Loops": 1, "Inner Unique": true, "Plans": [{"Node Type": "Nested Loop", "Parent Relationship": "Outer", "Join Type": "Inner", "Startup Cost": 0.0, "Total Cost": 441564.57, "Plan Rows": 74637, "Plan Width": 32, "Actual Startup Time": 0.054, "Actual Total Time": 2070.092, "Actual Rows": 395341, "Actual Loops": 1, "Inner Unique": false, "Plans": [{"Node Type": "Seq Scan", "Parent Relationship": "Outer", "Relation Name": "part", "Alias": "part", "Startup Cost": 0.0, "Total Cost": 66944.0, "Plan Rows": 13538, "Plan Width": 8, "Actual Startup Time": 0.026, "Actual Total Time": 786.655, "Actual Rows": 13163, "Actual Loops": 1, "Filter": "((p_type)::text = 'SMALL PLATED COPPER'::text)", "Rows Removed by Filter": 1986837}, {"Node Type": "Index Scan", "Parent Relationship": "Inner", "Scan Direction": "Forward", "Index Name": "idx_lineitem_part_supp", "Relation Name": "lineitem", "Alias": "lineitem", "Startup Cost": 0.0, "Total Cost": 27.61, "Plan Rows": 6, "Plan Width": 40, "Actual Startup Time": 162.315, "Actual Total Time": 1179.492, "Actual Rows": 395341, "Actual Loops": 13163, "Index Cond": "(l_partkey = part.p_partkey)", "Rows Removed by Index Recheck": 0}]}, {"Node Type": "Index Scan", "Parent Relationship": "Inner", "Scan Direction": "Forward", "Index Name": "orders_pkey", "Relation Name": "orders", "Alias": "orders", "Startup Cost": 0.0, "Total Cost": 0.3, "Plan Rows": 1, "Plan Width": 24, "Actual Startup Time": 3432.033, "Actual Total Time": 3432.033, "Actual Rows": 119765, "Actual Loops": 395341, "Index Cond": "(o_orderkey = lineitem.l_orderkey)", "Rows Removed by Index Recheck": 0, "Filter": "((o_orderdate >= '1995-01-01 00:00:00'::timestamp(0) without time zone) AND (o_orderdate <= '1996-12-31 00:00:00'::timestamp(0) without time zone))", "Rows Removed by Filter": 275576}]}, {"Node Type": "Index Scan", "Parent Relationship": "Inner", "Scan Direction": "Forward", "Index Name": "customer_pkey", "Relation Name": "customer", "Alias": "customer", "Startup Cost": 0.0, "Total Cost": 0.31, "Plan Rows": 1, "Plan Width": 12, "Actual Startup Time": 936.558, "Actual Total Time": 936.558, "Actual Rows": 119765, "Actual Loops": 119765, "Index Cond": "(c_custkey = orders.o_custkey)", "Rows Removed by Index Recheck": 0}]}, {"Node Type": "Materialize", "Parent Relationship": "Inner", "Startup Cost": 0.0, "Total Cost": 2.65, "Plan Rows": 5, "Plan Width": 4, "Actual Startup Time": 12.277, "Actual Total Time": 64.247, "Actual Rows": 598825, "Actual Loops": 119765, "Plans": [{"Node Type": "Nested Loop", "Parent Relationship": "Outer", "Join Type": "Inner", "Startup Cost": 0.0, "Total Cost": 2.62, "Plan Rows": 5, "Plan Width": 4, "Actual Startup Time": 0.03, "Actual Total Time": 0.038, "Actual Rows": 5, "Actual Loops": 1, "Inner Unique": false, "Join Filter": "(n1.n_regionkey = region.r_regionkey)", "Rows Removed by Join Filter": 20, "Plans": [{"Node Type": "Seq Scan", "Parent Relationship": "Outer", "Relation Name": "region", "Alias": "region", "Startup Cost": 0.0, "Total Cost": 1.06, "Plan Rows": 1, "Plan Width": 4, "Actual Startup Time": 0.009, "Actual Total Time": 0.011, "Actual Rows": 1, "Actual Loops": 1, "Filter": "(r_name = 'ASIA'::bpchar)", "Rows Removed by Filter": 4}, {"Node Type": "Seq Scan", "Parent Relationship": "Inner", "Relation Name": "nation", "Alias": "n1", "Startup Cost": 0.0, "Total Cost": 1.25, "Plan Rows": 25, "Plan Width": 8, "Actual Startup Time": 0.013, "Actual Total Time": 0.017, "Actual Rows": 25, "Actual Loops": 1}]}]}]}, {"Node Type": "Index Scan", "Parent Relationship": "Inner", "Scan Direction": "Forward", "Index Name": "supplier_pkey", "Relation Name": "supplier", "Alias": "supplier", "Startup Cost": 0.0, "Total Cost": 0.27, "Plan Rows": 1, "Plan Width": 12, "Actual Startup Time": 152.595, "Actual Total Time": 152.595, "Actual Rows": 23929, "Actual Loops": 23929, "Index Cond": "(s_suppkey = lineitem.l_suppkey)", "Rows Removed by Index Recheck": 0}]}, {"Node Type": "Index Scan", "Parent Relationship": "Inner", "Scan Direction": "Forward", "Index Name": "nation_pkey", "Relation Name": "nation", "Alias": "n2", "Startup Cost": 0.0, "Total Cost": 0.27, "Plan Rows": 1, "Plan Width": 30, "Actual Startup Time": 41.305, "Actual Total Time": 41.305, "Actual Rows": 23929, "Actual Loops": 23929, "Index Cond": "(n_nationkey = supplier.s_nationkey)", "Rows Removed by Index Recheck": 0}]}]}]}, "Triggers": [], "Planner Runtime": 3, "Total Runtime": 7315.049, "Unique SQL Id": 3681808042}}, "(64, 49)": {"explain_plan": {"Plan": {"Node Type": "Sort", "Startup Cost": 543973.83, "Total Cost": 543973.85, "Plan Rows": 10, "Plan Width": 66, "Sort Key": ["(date_part('year'::text, orders.o_orderdate))"], "Plans": [{"Node Type": "Aggregate", "Strategy": "Hashed", "Parent Relationship": "Outer", "Startup Cost": 543973.51, "Total Cost": 543973.66, "Plan Rows": 10, "Plan Width": 66, "Group By Key": ["date_part('year'::text, orders.o_orderdate)"], "Plans": [{"Node Type": "Nested Loop", "Parent Relationship": "Outer", "Join Type": "Inner", "Startup Cost": 0.0, "Total Cost": 543853.69, "Plan Rows": 5991, "Plan Width": 50, "Inner Unique": true, "Plans": [{"Node Type": "Nested Loop", "Parent Relationship": "Outer", "Join Type": "Inner", "Startup Cost": 0.0, "Total Cost": 542160.52, "Plan Rows": 5991, "Plan Width": 28, "Inner Unique": true, "Plans": [{"Node Type": "Nested Loop", "Parent Relationship": "Outer", "Join Type": "Inner", "Startup Cost": 0.0, "Total Cost": 537314.56, "Plan Rows": 17296, "Plan Width": 32, "Inner Unique": false, "Join Filter": "(n1.n_nationkey = customer.c_nationkey)", "Plans": [{"Node Type": "Nested Loop", "Parent Relationship": "Outer", "Join Type": "Inner", "Startup Cost": 0.0, "Total Cost": 530807.88, "Plan Rows": 86479, "Plan Width": 36, "Inner Unique": true, "Plans": [{"Node Type": "Nested Loop", "Parent Relationship": "Outer", "Join Type": "Inner", "Startup Cost": 0.0, "Total Cost": 503356.69, "Plan Rows": 86479, "Plan Width": 40, "Inner Unique": true, "Plans": [{"Node Type": "Nested Loop", "Parent Relationship": "Outer", "Join Type": "Inner", "Startup Cost": 0.0, "Total Cost": 480423.82, "Plan Rows": 74637, "Plan Width": 32, "Inner Unique": false, "Plans": [{"Node Type": "Index Scan", "Parent Relationship": "Outer", "Scan Direction": "Forward", "Index Name": "part_kpey", "Relation Name": "part", "Alias": "part", "Startup Cost": 0.0, "Total Cost": 105803.25, "Plan Rows": 13538, "Plan Width": 8, "Filter": "((p_type)::text = 'SMALL PLATED COPPER'::text)"}, {"Node Type": "Index Scan", "Parent Relationship": "Inner", "Scan Direction": "Forward", "Index Name": "idx_lineitem_part_supp", "Relation Name": "lineitem", "Alias": "lineitem", "Startup Cost": 0.0, "Total Cost": 27.61, "Plan Rows": 6, "Plan Width": 40, "Index Cond": "(l_partkey = part.p_partkey)"}]}, {"Node Type": "Index Scan", "Parent Relationship": "Inner", "Scan Direction": "Forward", "Index Name": "orders_pkey", "Relation Name": "orders", "Alias": "orders", "Startup Cost": 0.0, "Total Cost": 0.3, "Plan Rows": 1, "Plan Width": 24, "Index Cond": "(o_orderkey = lineitem.l_orderkey)", "Filter": "((o_orderdate >= '1995-01-01 00:00:00'::timestamp(0) without time zone) AND (o_orderdate <= '1996-12-31 00:00:00'::timestamp(0) without time zone))"}]}, {"Node Type": "Index Scan", "Parent Relationship": "Inner", "Scan Direction": "Forward", "Index Name": "customer_pkey", "Relation Name": "customer", "Alias": "customer", "Startup Cost": 0.0, "Total Cost": 0.31, "Plan Rows": 1, "Plan Width": 12, "Index Cond": "(c_custkey = orders.o_custkey)"}]}, {"Node Type": "Materialize", "Parent Relationship": "Inner", "Startup Cost": 0.0, "Total Cost": 20.76, "Plan Rows": 5, "Plan Width": 4, "Plans": [{"Node Type": "Nested Loop", "Parent Relationship": "Outer", "Join Type": "Inner", "Startup Cost": 0.0, "Total Cost": 20.74, "Plan Rows": 5, "Plan Width": 4, "Inner Unique": false, "Plans": [{"Node Type": "Index Scan", "Parent Relationship": "Outer", "Scan Direction": "Forward", "Index Name": "region_pkey", "Relation Name": "region", "Alias": "region", "Startup Cost": 0.0, "Total Cost": 12.34, "Plan Rows": 1, "Plan Width": 4, "Filter": "(r_name = 'ASIA'::bpchar)"}, {"Node Type": "Index Scan", "Parent Relationship": "Inner", "Scan Direction": "Forward", "Index Name": "idx_nation_regionkey", "Relation Name": "nation", "Alias": "n1", "Startup Cost": 0.0, "Total Cost": 8.35, "Plan Rows": 5, "Plan Width": 8, "Index Cond": "(n_regionkey = region.r_regionkey)"}]}]}]}, {"Node Type": "Index Scan", "Parent Relationship": "Inner", "Scan Direction": "Forward", "Index Name": "supplier_pkey", "Relation Name": "supplier", "Alias": "supplier", "Startup Cost": 0.0, "Total Cost": 0.27, "Plan Rows": 1, "Plan Width": 12, "Index Cond": "(s_suppkey = lineitem.l_suppkey)"}]}, {"Node Type": "Index Scan", "Parent Relationship": "Inner", "Scan Direction": "Forward", "Index Name": "nation_pkey", "Relation Name": "nation", "Alias": "n2", "Startup Cost": 0.0, "Total Cost": 0.27, "Plan Rows": 1, "Plan Width": 30, "Index Cond": "(n_nationkey = supplier.s_nationkey)"}]}]}]}, "Unique SQL Id": 3681808042, "Planner Runtime": 3}, "explain_analyze_plan": {"Plan": {"Node Type": "Sort", "Startup Cost": 543973.83, "Total Cost": 543973.85, "Plan Rows": 10, "Plan Width": 66, "Actual Startup Time": 7100.372, "Actual Total Time": 7100.372, "Actual Rows": 2, "Actual Loops": 1, "Sort Key": ["(date_part('year'::text, orders.o_orderdate))"], "Sort Method": "quicksort", "Sort Space Used": 25, "Sort Space Type": "Memory", "Plans": [{"Node Type": "Aggregate", "Strategy": "Hashed", "Parent Relationship": "Outer", "Startup Cost": 543973.51, "Total Cost": 543973.66, "Plan Rows": 10, "Plan Width": 66, "Actual Startup Time": 7100.352, "Actual Total Time": 7100.353, "Actual Rows": 2, "Actual Loops": 1, "Group By Key": ["date_part('year'::text, orders.o_orderdate)"], "Plans": [{"Node Type": "Nested Loop", "Parent Relationship": "Outer", "Join Type": "Inner", "Startup Cost": 0.0, "Total Cost": 543853.69, "Plan Rows": 5991, "Plan Width": 50, "Actual Startup Time": 0.473, "Actual Total Time": 7059.063, "Actual Rows": 23929, "Actual Loops": 1, "Inner Unique": true, "Plans": [{"Node Type": "Nested Loop", "Parent Relationship": "Outer", "Join Type": "Inner", "Startup Cost": 0.0, "Total Cost": 542160.52, "Plan Rows": 5991, "Plan Width": 28, "Actual Startup Time": 0.459, "Actual Total Time": 6967.882, "Actual Rows": 23929, "Actual Loops": 1, "Inner Unique": true, "Plans": [{"Node Type": "Nested Loop", "Parent Relationship": "Outer", "Join Type": "Inner", "Startup Cost": 0.0, "Total Cost": 537314.56, "Plan Rows": 17296, "Plan Width": 32, "Actual Startup Time": 0.446, "Actual Total Time": 6815.141, "Actual Rows": 23929, "Actual Loops": 1, "Inner Unique": false, "Join Filter": "(n1.n_nationkey = customer.c_nationkey)", "Rows Removed by Join Filter": 574896, "Plans": [{"Node Type": "Nested Loop", "Parent Relationship": "Outer", "Join Type": "Inner", "Startup Cost": 0.0, "Total Cost": 530807.88, "Plan Rows": 86479, "Plan Width": 36, "Actual Startup Time": 0.226, "Actual Total Time": 6596.471, "Actual Rows": 119765, "Actual Loops": 1, "Inner Unique": true, "Plans": [{"Node Type": "Nested Loop", "Parent Relationship": "Outer", "Join Type": "Inner", "Startup Cost": 0.0, "Total Cost": 503356.69, "Plan Rows": 86479, "Plan Width": 40, "Actual Startup Time": 0.209, "Actual Total Time": 5745.029, "Actual Rows": 119765, "Actual Loops": 1, "Inner Unique": true, "Plans": [{"Node Type": "Nested Loop", "Parent Relationship": "Outer", "Join Type": "Inner", "Startup Cost": 0.0, "Total Cost": 480423.82, "Plan Rows": 74637, "Plan Width": 32, "Actual Startup Time": 0.074, "Actual Total Time": 2567.575, "Actual Rows": 395341, "Actual Loops": 1, "Inner Unique": false, "Plans": [{"Node Type": "Index Scan", "Parent Relationship": "Outer", "Scan Direction": "Forward", "Index Name": "part_kpey", "Relation Name": "part", "Alias": "part", "Startup Cost": 0.0, "Total Cost": 105803.25, "Plan Rows": 13538, "Plan Width": 8, "Actual Startup Time": 0.047, "Actual Total Time": 1352.105, "Actual Rows": 13163, "Actual Loops": 1, "Filter": "((p_type)::text = 'SMALL PLATED COPPER'::text)", "Rows Removed by Filter": 1986837}, {"Node Type": "Index Scan", "Parent Relationship": "Inner", "Scan Direction": "Forward", "Index Name": "idx_lineitem_part_supp", "Relation Name": "lineitem", "Alias": "lineitem", "Startup Cost": 0.0, "Total Cost": 27.61, "Plan Rows": 6, "Plan Width": 40, "Actual Startup Time": 144.181, "Actual Total Time": 1108.152, "Actual Rows": 395341, "Actual Loops": 13163, "Index Cond": "(l_partkey = part.p_partkey)", "Rows Removed by Index Recheck": 0}]}, {"Node Type": "Index Scan", "Parent Relationship": "Inner", "Scan Direction": "Forward", "Index Name": "orders_pkey", "Relation Name": "orders", "Alias": "orders", "Startup Cost": 0.0, "Total Cost": 0.3, "Plan Rows": 1, "Plan Width": 24, "Actual Startup Time": 2929.821, "Actual Total Time": 2929.821, "Actual Rows": 119765, "Actual Loops": 395341, "Index Cond": "(o_orderkey = lineitem.l_orderkey)", "Rows Removed by Index Recheck": 0, "Filter": "((o_orderdate >= '1995-01-01 00:00:00'::timestamp(0) without time zone) AND (o_orderdate <= '1996-12-31 00:00:00'::timestamp(0) without time zone))", "Rows Removed by Filter": 275576}]}, {"Node Type": "Index Scan", "Parent Relationship": "Inner", "Scan Direction": "Forward", "Index Name": "customer_pkey", "Relation Name": "customer", "Alias": "customer", "Startup Cost": 0.0, "Total Cost": 0.31, "Plan Rows": 1, "Plan Width": 12, "Actual Startup Time": 737.554, "Actual Total Time": 737.554, "Actual Rows": 119765, "Actual Loops": 119765, "Index Cond": "(c_custkey = orders.o_custkey)", "Rows Removed by Index Recheck": 0}]}, {"Node Type": "Materialize", "Parent Relationship": "Inner", "Startup Cost": 0.0, "Total Cost": 20.76, "Plan Rows": 5, "Plan Width": 4, "Actual Startup Time": 12.647, "Actual Total Time": 64.64, "Actual Rows": 598825, "Actual Loops": 119765, "Plans": [{"Node Type": "Nested Loop", "Parent Relationship": "Outer", "Join Type": "Inner", "Startup Cost": 0.0, "Total Cost": 20.74, "Plan Rows": 5, "Plan Width": 4, "Actual Startup Time": 0.018, "Actual Total Time": 0.024, "Actual Rows": 5, "Actual Loops": 1, "Inner Unique": false, "Plans": [{"Node Type": "Index Scan", "Parent Relationship": "Outer", "Scan Direction": "Forward", "Index Name": "region_pkey", "Relation Name": "region", "Alias": "region", "Startup Cost": 0.0, "Total Cost": 12.34, "Plan Rows": 1, "Plan Width": 4, "Actual Startup Time": 0.01, "Actual Total Time": 0.011, "Actual Rows": 1, "Actual Loops": 1, "Filter": "(r_name = 'ASIA'::bpchar)", "Rows Removed by Filter": 4}, {"Node Type": "Index Scan", "Parent Relationship": "Inner", "Scan Direction": "Forward", "Index Name": "idx_nation_regionkey", "Relation Name": "nation", "Alias": "n1", "Startup Cost": 0.0, "Total Cost": 8.35, "Plan Rows": 5, "Plan Width": 8, "Actual Startup Time": 0.007, "Actual Total Time": 0.01, "Actual Rows": 5, "Actual Loops": 1, "Index Cond": "(n_regionkey = region.r_regionkey)", "Rows Removed by Index Recheck": 0}]}]}]}, {"Node Type": "Index Scan", "Parent Relationship": "Inner", "Scan Direction": "Forward", "Index Name": "supplier_pkey", "Relation Name": "supplier", "Alias": "supplier", "Startup Cost": 0.0, "Total Cost": 0.27, "Plan Rows": 1, "Plan Width": 12, "Actual Startup Time": 118.401, "Actual Total Time": 118.401, "Actual Rows": 23929, "Actual Loops": 23929, "Index Cond": "(s_suppkey = lineitem.l_suppkey)", "Rows Removed by Index Recheck": 0}]}, {"Node Type": "Index Scan", "Parent Relationship": "Inner", "Scan Direction": "Forward", "Index Name": "nation_pkey", "Relation Name": "nation", "Alias": "n2", "Startup Cost": 0.0, "Total Cost": 0.27, "Plan Rows": 1, "Plan Width": 30, "Actual Startup Time": 41.586, "Actual Total Time": 41.586, "Actual Rows": 23929, "Actual Loops": 23929, "Index Cond": "(n_nationkey = supplier.s_nationkey)", "Rows Removed by Index Recheck": 0}]}]}]}, "Triggers": [], "Planner Runtime": 2, "Total Runtime": 7100.698, "Unique SQL Id": 3681808042}}, "(64, 50)": {"explain_plan": {"Plan": {"Node Type": "Sort", "Startup Cost": 1223730.05, "Total Cost": 1223730.08, "Plan Rows": 10, "Plan Width": 66, "Sort Key": ["(date_part('year'::text, orders.o_orderdate))"], "Plans": [{"Node Type": "Aggregate", "Strategy": "Hashed", "Parent Relationship": "Outer", "Startup Cost": 1223729.73, "Total Cost": 1223729.88, "Plan Rows": 10, "Plan Width": 66, "Group By Key": ["date_part('year'::text, orders.o_orderdate)"], "Plans": [{"Node Type": "Nested Loop", "Parent Relationship": "Outer", "Join Type": "Inner", "Startup Cost": 4.99, "Total Cost": 1223609.91, "Plan Rows": 5991, "Plan Width": 50, "Inner Unique": true, "Join Filter": "(supplier.s_nationkey = n2.n_nationkey)", "Plans": [{"Node Type": "Nested Loop", "Parent Relationship": "Outer", "Join Type": "Inner", "Startup Cost": 4.99, "Total Cost": 1221347.0, "Plan Rows": 5991, "Plan Width": 28, "Inner Unique": true, "Plans": [{"Node Type": "Nested Loop", "Parent Relationship": "Outer", "Join Type": "Inner", "Startup Cost": 4.73, "Total Cost": 1147315.35, "Plan Rows": 17296, "Plan Width": 32, "Inner Unique": false, "Join Filter": "(n1.n_nationkey = customer.c_nationkey)", "Plans": [{"Node Type": "Nested Loop", "Parent Relationship": "Outer", "Join Type": "Inner", "Startup Cost": 4.73, "Total Cost": 1140826.79, "Plan Rows": 86479, "Plan Width": 36, "Inner Unique": true, "Plans": [{"Node Type": "Nested Loop", "Parent Relationship": "Outer", "Join Type": "Inner", "Startup Cost": 4.47, "Total Cost": 770271.73, "Plan Rows": 86479, "Plan Width": 40, "Inner Unique": true, "Plans": [{"Node Type": "Nested Loop", "Parent Relationship": "Outer", "Join Type": "Inner", "Startup Cost": 4.21, "Total Cost": 450147.9, "Plan Rows": 74637, "Plan Width": 32, "Inner Unique": false, "Plans": [{"Node Type": "Seq Scan", "Parent Relationship": "Outer", "Relation Name": "part", "Alias": "part", "Startup Cost": 0.0, "Total Cost": 66944.0, "Plan Rows": 13538, "Plan Width": 8, "Filter": "((p_type)::text = 'SMALL PLATED COPPER'::text)"}, {"Node Type": "Bitmap Heap Scan", "Parent Relationship": "Inner", "Relation Name": "lineitem", "Alias": "lineitem", "Startup Cost": 4.21, "Total Cost": 28.25, "Plan Rows": 6, "Plan Width": 40, "Recheck Cond": "(l_partkey = part.p_partkey)", "Plans": [{"Node Type": "Bitmap Index Scan", "Parent Relationship": "Outer", "Index Name": "idx_lineitem_part_supp", "Startup Cost": 0.0, "Total Cost": 4.21, "Plan Rows": 6, "Plan Width": 0, "Index Cond": "(l_partkey = part.p_partkey)"}]}]}, {"Node Type": "Bitmap Heap Scan", "Parent Relationship": "Inner", "Relation Name": "orders", "Alias": "orders", "Startup Cost": 0.26, "Total Cost": 4.28, "Plan Rows": 1, "Plan Width": 24, "Recheck Cond": "(o_orderkey = lineitem.l_orderkey)", "Filter": "((o_orderdate >= '1995-01-01 00:00:00'::timestamp(0) without time zone) AND (o_orderdate <= '1996-12-31 00:00:00'::timestamp(0) without time zone))", "Plans": [{"Node Type": "Bitmap Index Scan", "Parent Relationship": "Outer", "Index Name": "orders_pkey", "Startup Cost": 0.0, "Total Cost": 0.26, "Plan Rows": 1, "Plan Width": 0, "Index Cond": "(o_orderkey = lineitem.l_orderkey)"}]}]}, {"Node Type": "Bitmap Heap Scan", "Parent Relationship": "Inner", "Relation Name": "customer", "Alias": "customer", "Startup Cost": 0.26, "Total Cost": 4.27, "Plan Rows": 1, "Plan Width": 12, "Recheck Cond": "(c_custkey = orders.o_custkey)", "Plans": [{"Node Type": "Bitmap Index Scan", "Parent Relationship": "Outer", "Index Name": "customer_pkey", "Startup Cost": 0.0, "Total Cost": 0.26, "Plan Rows": 1, "Plan Width": 0, "Index Cond": "(c_custkey = orders.o_custkey)"}]}]}, {"Node Type": "Materialize", "Parent Relationship": "Inner", "Startup Cost": 0.0, "Total Cost": 2.65, "Plan Rows": 5, "Plan Width": 4, "Plans": [{"Node Type": "Nested Loop", "Parent Relationship": "Outer", "Join Type": "Inner", "Startup Cost": 0.0, "Total Cost": 2.62, "Plan Rows": 5, "Plan Width": 4, "Inner Unique": false, "Join Filter": "(n1.n_regionkey = region.r_regionkey)", "Plans": [{"Node Type": "Seq Scan", "Parent Relationship": "Outer", "Relation Name": "region", "Alias": "region", "Startup Cost": 0.0, "Total Cost": 1.06, "Plan Rows": 1, "Plan Width": 4, "Filter": "(r_name = 'ASIA'::bpchar)"}, {"Node Type": "Seq Scan", "Parent Relationship": "Inner", "Relation Name": "nation", "Alias": "n1", "Startup Cost": 0.0, "Total Cost": 1.25, "Plan Rows": 25, "Plan Width": 8}]}]}]}, {"Node Type": "Bitmap Heap Scan", "Parent Relationship": "Inner", "Relation Name": "supplier", "Alias": "supplier", "Startup Cost": 0.26, "Total Cost": 4.27, "Plan Rows": 1, "Plan Width": 12, "Recheck Cond": "(s_suppkey = lineitem.l_suppkey)", "Plans": [{"Node Type": "Bitmap Index Scan", "Parent Relationship": "Outer", "Index Name": "supplier_pkey", "Startup Cost": 0.0, "Total Cost": 0.26, "Plan Rows": 1, "Plan Width": 0, "Index Cond": "(s_suppkey = lineitem.l_suppkey)"}]}]}, {"Node Type": "Materialize", "Parent Relationship": "Inner", "Startup Cost": 0.0, "Total Cost": 1.38, "Plan Rows": 25, "Plan Width": 30, "Plans": [{"Node Type": "Seq Scan", "Parent Relationship": "Outer", "Relation Name": "nation", "Alias": "n2", "Startup Cost": 0.0, "Total Cost": 1.25, "Plan Rows": 25, "Plan Width": 30}]}]}]}]}, "Unique SQL Id": 3681808042, "Planner Runtime": 4}, "explain_analyze_plan": {"Plan": {"Node Type": "Sort", "Startup Cost": 1223730.05, "Total Cost": 1223730.08, "Plan Rows": 10, "Plan Width": 66, "Actual Startup Time": 8393.038, "Actual Total Time": 8393.038, "Actual Rows": 2, "Actual Loops": 1, "Sort Key": ["(date_part('year'::text, orders.o_orderdate))"], "Sort Method": "quicksort", "Sort Space Used": 25, "Sort Space Type": "Memory", "Plans": [{"Node Type": "Aggregate", "Strategy": "Hashed", "Parent Relationship": "Outer", "Startup Cost": 1223729.73, "Total Cost": 1223729.88, "Plan Rows": 10, "Plan Width": 66, "Actual Startup Time": 8393.009, "Actual Total Time": 8393.012, "Actual Rows": 2, "Actual Loops": 1, "Group By Key": ["date_part('year'::text, orders.o_orderdate)"], "Plans": [{"Node Type": "Nested Loop", "Parent Relationship": "Outer", "Join Type": "Inner", "Startup Cost": 4.99, "Total Cost": 1223609.91, "Plan Rows": 5991, "Plan Width": 50, "Actual Startup Time": 0.365, "Actual Total Time": 8351.175, "Actual Rows": 23929, "Actual Loops": 1, "Inner Unique": true, "Join Filter": "(supplier.s_nationkey = n2.n_nationkey)", "Rows Removed by Join Filter": 288173, "Plans": [{"Node Type": "Nested Loop", "Parent Relationship": "Outer", "Join Type": "Inner", "Startup Cost": 4.99, "Total Cost": 1221347.0, "Plan Rows": 5991, "Plan Width": 28, "Actual Startup Time": 0.332, "Actual Total Time": 8228.709, "Actual Rows": 23929, "Actual Loops": 1, "Inner Unique": true, "Plans": [{"Node Type": "Nested Loop", "Parent Relationship": "Outer", "Join Type": "Inner", "Startup Cost": 4.73, "Total Cost": 1147315.35, "Plan Rows": 17296, "Plan Width": 32, "Actual Startup Time": 0.301, "Actual Total Time": 8011.475, "Actual Rows": 23929, "Actual Loops": 1, "Inner Unique": false, "Join Filter": "(n1.n_nationkey = customer.c_nationkey)", "Rows Removed by Join Filter": 574896, "Plans": [{"Node Type": "Nested Loop", "Parent Relationship": "Outer", "Join Type": "Inner", "Startup Cost": 4.73, "Total Cost": 1140826.79, "Plan Rows": 86479, "Plan Width": 36, "Actual Startup Time": 0.198, "Actual Total Time": 7781.846, "Actual Rows": 119765, "Actual Loops": 1, "Inner Unique": true, "Plans": [{"Node Type": "Nested Loop", "Parent Relationship": "Outer", "Join Type": "Inner", "Startup Cost": 4.47, "Total Cost": 770271.73, "Plan Rows": 86479, "Plan Width": 40, "Actual Startup Time": 0.171, "Actual Total Time": 6571.031, "Actual Rows": 119765, "Actual Loops": 1, "Inner Unique": true, "Plans": [{"Node Type": "Nested Loop", "Parent Relationship": "Outer", "Join Type": "Inner", "Startup Cost": 4.21, "Total Cost": 450147.9, "Plan Rows": 74637, "Plan Width": 32, "Actual Startup Time": 0.085, "Actual Total Time": 2286.759, "Actual Rows": 395341, "Actual Loops": 1, "Inner Unique": false, "Plans": [{"Node Type": "Seq Scan", "Parent Relationship": "Outer", "Relation Name": "part", "Alias": "part", "Startup Cost": 0.0, "Total Cost": 66944.0, "Plan Rows": 13538, "Plan Width": 8, "Actual Startup Time": 0.031, "Actual Total Time": 780.186, "Actual Rows": 13163, "Actual Loops": 1, "Filter": "((p_type)::text = 'SMALL PLATED COPPER'::text)", "Rows Removed by Filter": 1986837}, {"Node Type": "Bitmap Heap Scan", "Parent Relationship": "Inner", "Relation Name": "lineitem", "Alias": "lineitem", "Startup Cost": 4.21, "Total Cost": 28.25, "Plan Rows": 6, "Plan Width": 40, "Actual Startup Time": 270.625, "Actual Total Time": 1384.075, "Actual Rows": 395341, "Actual Loops": 13163, "Recheck Cond": "(l_partkey = part.p_partkey)", "Rows Removed by Index Recheck": 0, "Exact Heap Blocks": 395337, "Lossy Heap Blocks": 395337, "Plans": [{"Node Type": "Bitmap Index Scan", "Parent Relationship": "Outer", "Index Name": "idx_lineitem_part_supp", "Startup Cost": 0.0, "Total Cost": 4.21, "Plan Rows": 6, "Plan Width": 0, "Actual Startup Time": 173.229, "Actual Total Time": 173.229, "Actual Rows": 395341, "Actual Loops": 13163, "Index Cond": "(l_partkey = part.p_partkey)"}]}]}, {"Node Type": "Bitmap Heap Scan", "Parent Relationship": "Inner", "Relation Name": "orders", "Alias": "orders", "Startup Cost": 0.26, "Total Cost": 4.28, "Plan Rows": 1, "Plan Width": 24, "Actual Startup Time": 3793.327, "Actual Total Time": 3793.327, "Actual Rows": 119765, "Actual Loops": 395341, "Recheck Cond": "(o_orderkey = lineitem.l_orderkey)", "Rows Removed by Index Recheck": 0, "Filter": "((o_orderdate >= '1995-01-01 00:00:00'::timestamp(0) without time zone) AND (o_orderdate <= '1996-12-31 00:00:00'::timestamp(0) without time zone))", "Rows Removed by Filter": 275576, "Exact Heap Blocks": 395341, "Lossy Heap Blocks": 395341, "Plans": [{"Node Type": "Bitmap Index Scan", "Parent Relationship": "Outer", "Index Name": "orders_pkey", "Startup Cost": 0.0, "Total Cost": 0.26, "Plan Rows": 1, "Plan Width": 0, "Actual Startup Time": 2325.184, "Actual Total Time": 2325.184, "Actual Rows": 395341, "Actual Loops": 395341, "Index Cond": "(o_orderkey = lineitem.l_orderkey)"}]}]}, {"Node Type": "Bitmap Heap Scan", "Parent Relationship": "Inner", "Relation Name": "customer", "Alias": "customer", "Startup Cost": 0.26, "Total Cost": 4.27, "Plan Rows": 1, "Plan Width": 12, "Actual Startup Time": 1046.66, "Actual Total Time": 1046.66, "Actual Rows": 119765, "Actual Loops": 119765, "Recheck Cond": "(c_custkey = orders.o_custkey)", "Rows Removed by Index Recheck": 0, "Exact Heap Blocks": 119765, "Lossy Heap Blocks": 119765, "Plans": [{"Node Type": "Bitmap Index Scan", "Parent Relationship": "Outer", "Index Name": "customer_pkey", "Startup Cost": 0.0, "Total Cost": 0.26, "Plan Rows": 1, "Plan Width": 0, "Actual Startup Time": 654.268, "Actual Total Time": 654.268, "Actual Rows": 119765, "Actual Loops": 119765, "Index Cond": "(c_custkey = orders.o_custkey)"}]}]}, {"Node Type": "Materialize", "Parent Relationship": "Inner", "Startup Cost": 0.0, "Total Cost": 2.65, "Plan Rows": 5, "Plan Width": 4, "Actual Startup Time": 14.861, "Actual Total Time": 66.218, "Actual Rows": 598825, "Actual Loops": 119765, "Plans": [{"Node Type": "Nested Loop", "Parent Relationship": "Outer", "Join Type": "Inner", "Startup Cost": 0.0, "Total Cost": 2.62, "Plan Rows": 5, "Plan Width": 4, "Actual Startup Time": 0.031, "Actual Total Time": 0.04, "Actual Rows": 5, "Actual Loops": 1, "Inner Unique": false, "Join Filter": "(n1.n_regionkey = region.r_regionkey)", "Rows Removed by Join Filter": 20, "Plans": [{"Node Type": "Seq Scan", "Parent Relationship": "Outer", "Relation Name": "region", "Alias": "region", "Startup Cost": 0.0, "Total Cost": 1.06, "Plan Rows": 1, "Plan Width": 4, "Actual Startup Time": 0.011, "Actual Total Time": 0.012, "Actual Rows": 1, "Actual Loops": 1, "Filter": "(r_name = 'ASIA'::bpchar)", "Rows Removed by Filter": 4}, {"Node Type": "Seq Scan", "Parent Relationship": "Inner", "Relation Name": "nation", "Alias": "n1", "Startup Cost": 0.0, "Total Cost": 1.25, "Plan Rows": 25, "Plan Width": 8, "Actual Startup Time": 0.012, "Actual Total Time": 0.016, "Actual Rows": 25, "Actual Loops": 1}]}]}]}, {"Node Type": "Bitmap Heap Scan", "Parent Relationship": "Inner", "Relation Name": "supplier", "Alias": "supplier", "Startup Cost": 0.26, "Total Cost": 4.27, "Plan Rows": 1, "Plan Width": 12, "Actual Startup Time": 177.934, "Actual Total Time": 177.934, "Actual Rows": 23929, "Actual Loops": 23929, "Recheck Cond": "(s_suppkey = lineitem.l_suppkey)", "Rows Removed by Index Recheck": 0, "Exact Heap Blocks": 23929, "Lossy Heap Blocks": 23929, "Plans": [{"Node Type": "Bitmap Index Scan", "Parent Relationship": "Outer", "Index Name": "supplier_pkey", "Startup Cost": 0.0, "Total Cost": 0.26, "Plan Rows": 1, "Plan Width": 0, "Actual Startup Time": 98.842, "Actual Total Time": 98.842, "Actual Rows": 23929, "Actual Loops": 23929, "Index Cond": "(s_suppkey = lineitem.l_suppkey)"}]}]}, {"Node Type": "Materialize", "Parent Relationship": "Inner", "Startup Cost": 0.0, "Total Cost": 1.38, "Plan Rows": 25, "Plan Width": 30, "Actual Startup Time": 2.824, "Actual Total Time": 28.164, "Actual Rows": 312102, "Actual Loops": 23929, "Plans": [{"Node Type": "Seq Scan", "Parent Relationship": "Outer", "Relation Name": "nation", "Alias": "n2", "Startup Cost": 0.0, "Total Cost": 1.25, "Plan Rows": 25, "Plan Width": 30, "Actual Startup Time": 0.007, "Actual Total Time": 0.01, "Actual Rows": 25, "Actual Loops": 1}]}]}]}]}, "Triggers": [], "Planner Runtime": 4, "Total Runtime": 8393.426, "Unique SQL Id": 3681808042}}, "(64, 51)": {"explain_plan": {"Plan": {"Node Type": "Sort", "Startup Cost": 66661878.45, "Total Cost": 66661878.48, "Plan Rows": 10, "Plan Width": 66, "Sort Key": ["(date_part('year'::text, orders.o_orderdate))"], "Plans": [{"Node Type": "Aggregate", "Strategy": "Hashed", "Parent Relationship": "Outer", "Startup Cost": 66661878.14, "Total Cost": 66661878.29, "Plan Rows": 10, "Plan Width": 66, "Group By Key": ["date_part('year'::text, orders.o_orderdate)"], "Plans": [{"Node Type": "Nested Loop", "Parent Relationship": "Outer", "Join Type": "Inner", "Startup Cost": 115915.31, "Total Cost": 66661758.32, "Plan Rows": 5991, "Plan Width": 50, "Inner Unique": true, "Plans": [{"Node Type": "Nested Loop", "Parent Relationship": "Outer", "Join Type": "Inner", "Startup Cost": 115915.05, "Total Cost": 66636099.88, "Plan Rows": 5991, "Plan Width": 28, "Inner Unique": true, "Plans": [{"Node Type": "Nested Loop", "Parent Relationship": "Outer", "Join Type": "Inner", "Startup Cost": 115914.79, "Total Cost": 66562068.23, "Plan Rows": 17296, "Plan Width": 32, "Inner Unique": true, "Plans": [{"Node Type": "Nested Loop", "Parent Relationship": "Outer", "Join Type": "Inner", "Startup Cost": 115914.53, "Total Cost": 45938880.46, "Plan Rows": 4814867, "Plan Width": 40, "Inner Unique": false, "Plans": [{"Node Type": "Nested Loop", "Parent Relationship": "Outer", "Join Type": "Inner", "Startup Cost": 115914.01, "Total Cost": 43432501.27, "Plan Rows": 530296, "Plan Width": 16, "Inner Unique": true, "Plans": [{"Node Type": "Nested Loop", "Parent Relationship": "Outer", "Join Type": "Inner", "Startup Cost": 115913.43, "Total Cost": 31228406.3, "Plan Rows": 2651479, "Plan Width": 20, "Inner Unique": true, "Plans": [{"Node Type": "Nested Loop", "Parent Relationship": "Outer", "Join Type": "Inner", "Startup Cost": 115913.17, "Total Cost": 19879399.17, "Plan Rows": 2651479, "Plan Width": 20, "Inner Unique": true, "Plans": [{"Node Type": "Bitmap Heap Scan", "Parent Relationship": "Outer", "Relation Name": "orders", "Alias": "orders", "Startup Cost": 115912.91, "Total Cost": 460311.42, "Plan Rows": 4531967, "Plan Width": 24, "Recheck Cond": "((o_orderdate >= '1995-01-01 00:00:00'::timestamp(0) without time zone) AND (o_orderdate <= '1996-12-31 00:00:00'::timestamp(0) without time zone)), (LLVM Optimized)", "Plans": [{"Node Type": "Bitmap Index Scan", "Parent Relationship": "Outer", "Index Name": "idx_orders_orderdate", "Startup Cost": 0.0, "Total Cost": 114779.92, "Plan Rows": 4531967, "Plan Width": 0, "Index Cond": "((o_orderdate >= '1995-01-01 00:00:00'::timestamp(0) without time zone) AND (o_orderdate <= '1996-12-31 00:00:00'::timestamp(0) without time zone))"}]}, {"Node Type": "Bitmap Heap Scan", "Parent Relationship": "Inner", "Relation Name": "customer", "Alias": "customer", "Startup Cost": 0.26, "Total Cost": 4.27, "Plan Rows": 1, "Plan Width": 12, "Recheck Cond": "(c_custkey = orders.o_custkey)", "Plans": [{"Node Type": "Bitmap Index Scan", "Parent Relationship": "Outer", "Index Name": "customer_pkey", "Startup Cost": 0.0, "Total Cost": 0.26, "Plan Rows": 1, "Plan Width": 0, "Index Cond": "(c_custkey = orders.o_custkey)"}]}]}, {"Node Type": "Bitmap Heap Scan", "Parent Relationship": "Inner", "Relation Name": "nation", "Alias": "n1", "Startup Cost": 0.26, "Total Cost": 4.27, "Plan Rows": 1, "Plan Width": 8, "Recheck Cond": "(n_nationkey = customer.c_nationkey)", "Plans": [{"Node Type": "Bitmap Index Scan", "Parent Relationship": "Outer", "Index Name": "nation_pkey", "Startup Cost": 0.0, "Total Cost": 0.26, "Plan Rows": 1, "Plan Width": 0, "Index Cond": "(n_nationkey = customer.c_nationkey)"}]}]}, {"Node Type": "Bitmap Heap Scan", "Parent Relationship": "Inner", "Relation Name": "region", "Alias": "region", "Startup Cost": 0.58, "Total Cost": 4.59, "Plan Rows": 1, "Plan Width": 4, "Recheck Cond": "(r_regionkey = n1.n_regionkey)", "Filter": "(r_name = 'ASIA'::bpchar)", "Plans": [{"Node Type": "Bitmap Index Scan", "Parent Relationship": "Outer", "Index Name": "region_pkey", "Startup Cost": 0.0, "Total Cost": 0.58, "Plan Rows": 1, "Plan Width": 0, "Index Cond": "(r_regionkey = n1.n_regionkey)"}]}]}, {"Node Type": "Bitmap Heap Scan", "Parent Relationship": "Inner", "Relation Name": "lineitem", "Alias": "lineitem", "Startup Cost": 0.52, "Total Cost": 4.64, "Plan Rows": 9, "Plan Width": 40, "Recheck Cond": "(l_orderkey = orders.o_orderkey)", "Plans": [{"Node Type": "Bitmap Index Scan", "Parent Relationship": "Outer", "Index Name": "idx_lineitem_orderkey", "Startup Cost": 0.0, "Total Cost": 0.52, "Plan Rows": 9, "Plan Width": 0, "Index Cond": "(l_orderkey = orders.o_orderkey)"}]}]}, {"Node Type": "Bitmap Heap Scan", "Parent Relationship": "Inner", "Relation Name": "part", "Alias": "part", "Startup Cost": 0.26, "Total Cost": 4.27, "Plan Rows": 1, "Plan Width": 8, "Recheck Cond": "(p_partkey = lineitem.l_partkey)", "Filter": "((p_type)::text = 'SMALL PLATED COPPER'::text)", "Plans": [{"Node Type": "Bitmap Index Scan", "Parent Relationship": "Outer", "Index Name": "part_kpey", "Startup Cost": 0.0, "Total Cost": 0.26, "Plan Rows": 1, "Plan Width": 0, "Index Cond": "(p_partkey = lineitem.l_partkey)"}]}]}, {"Node Type": "Bitmap Heap Scan", "Parent Relationship": "Inner", "Relation Name": "supplier", "Alias": "supplier", "Startup Cost": 0.26, "Total Cost": 4.27, "Plan Rows": 1, "Plan Width": 12, "Recheck Cond": "(s_suppkey = lineitem.l_suppkey)", "Plans": [{"Node Type": "Bitmap Index Scan", "Parent Relationship": "Outer", "Index Name": "supplier_pkey", "Startup Cost": 0.0, "Total Cost": 0.26, "Plan Rows": 1, "Plan Width": 0, "Index Cond": "(s_suppkey = lineitem.l_suppkey)"}]}]}, {"Node Type": "Bitmap Heap Scan", "Parent Relationship": "Inner", "Relation Name": "nation", "Alias": "n2", "Startup Cost": 0.26, "Total Cost": 4.27, "Plan Rows": 1, "Plan Width": 30, "Recheck Cond": "(n_nationkey = supplier.s_nationkey)", "Plans": [{"Node Type": "Bitmap Index Scan", "Parent Relationship": "Outer", "Index Name": "nation_pkey", "Startup Cost": 0.0, "Total Cost": 0.26, "Plan Rows": 1, "Plan Width": 0, "Index Cond": "(n_nationkey = supplier.s_nationkey)"}]}]}]}]}, "Unique SQL Id": 3681808042, "Planner Runtime": 2}, "explain_analyze_plan": null}, "(64, 52)": {"explain_plan": {"Plan": {"Node Type": "Sort", "Startup Cost": 505096.47, "Total Cost": 505096.49, "Plan Rows": 10, "Plan Width": 66, "Sort Key": ["(date_part('year'::text, orders.o_orderdate))"], "Plans": [{"Node Type": "Aggregate", "Strategy": "Hashed", "Parent Relationship": "Outer", "Startup Cost": 505096.15, "Total Cost": 505096.3, "Plan Rows": 10, "Plan Width": 66, "Group By Key": ["date_part('year'::text, orders.o_orderdate)"], "Plans": [{"Node Type": "Nested Loop", "Parent Relationship": "Outer", "Join Type": "Inner", "Startup Cost": 0.0, "Total Cost": 504976.33, "Plan Rows": 5991, "Plan Width": 50, "Inner Unique": true, "Plans": [{"Node Type": "Nested Loop", "Parent Relationship": "Outer", "Join Type": "Inner", "Startup Cost": 0.0, "Total Cost": 503283.15, "Plan Rows": 5991, "Plan Width": 28, "Inner Unique": true, "Plans": [{"Node Type": "Nested Loop", "Parent Relationship": "Outer", "Join Type": "Inner", "Startup Cost": 0.0, "Total Cost": 498437.19, "Plan Rows": 17296, "Plan Width": 32, "Inner Unique": false, "Join Filter": "(n1.n_nationkey = customer.c_nationkey)", "Plans": [{"Node Type": "Nested Loop", "Parent Relationship": "Outer", "Join Type": "Inner", "Startup Cost": 0.0, "Total Cost": 491948.63, "Plan Rows": 86479, "Plan Width": 36, "Inner Unique": true, "Plans": [{"Node Type": "Nested Loop", "Parent Relationship": "Outer", "Join Type": "Inner", "Startup Cost": 0.0, "Total Cost": 464497.44, "Plan Rows": 86479, "Plan Width": 40, "Inner Unique": true, "Plans": [{"Node Type": "Nested Loop", "Parent Relationship": "Outer", "Join Type": "Inner", "Startup Cost": 0.0, "Total Cost": 441564.57, "Plan Rows": 74637, "Plan Width": 32, "Inner Unique": false, "Plans": [{"Node Type": "Seq Scan", "Parent Relationship": "Outer", "Relation Name": "part", "Alias": "part", "Startup Cost": 0.0, "Total Cost": 66944.0, "Plan Rows": 13538, "Plan Width": 8, "Filter": "((p_type)::text = 'SMALL PLATED COPPER'::text)"}, {"Node Type": "Index Scan", "Parent Relationship": "Inner", "Scan Direction": "Forward", "Index Name": "idx_lineitem_part_supp", "Relation Name": "lineitem", "Alias": "lineitem", "Startup Cost": 0.0, "Total Cost": 27.61, "Plan Rows": 6, "Plan Width": 40, "Index Cond": "(l_partkey = part.p_partkey)"}]}, {"Node Type": "Index Scan", "Parent Relationship": "Inner", "Scan Direction": "Forward", "Index Name": "orders_pkey", "Relation Name": "orders", "Alias": "orders", "Startup Cost": 0.0, "Total Cost": 0.3, "Plan Rows": 1, "Plan Width": 24, "Index Cond": "(o_orderkey = lineitem.l_orderkey)", "Filter": "((o_orderdate >= '1995-01-01 00:00:00'::timestamp(0) without time zone) AND (o_orderdate <= '1996-12-31 00:00:00'::timestamp(0) without time zone))"}]}, {"Node Type": "Index Scan", "Parent Relationship": "Inner", "Scan Direction": "Forward", "Index Name": "customer_pkey", "Relation Name": "customer", "Alias": "customer", "Startup Cost": 0.0, "Total Cost": 0.31, "Plan Rows": 1, "Plan Width": 12, "Index Cond": "(c_custkey = orders.o_custkey)"}]}, {"Node Type": "Materialize", "Parent Relationship": "Inner", "Startup Cost": 0.0, "Total Cost": 2.65, "Plan Rows": 5, "Plan Width": 4, "Plans": [{"Node Type": "Nested Loop", "Parent Relationship": "Outer", "Join Type": "Inner", "Startup Cost": 0.0, "Total Cost": 2.62, "Plan Rows": 5, "Plan Width": 4, "Inner Unique": false, "Join Filter": "(n1.n_regionkey = region.r_regionkey)", "Plans": [{"Node Type": "Seq Scan", "Parent Relationship": "Outer", "Relation Name": "region", "Alias": "region", "Startup Cost": 0.0, "Total Cost": 1.06, "Plan Rows": 1, "Plan Width": 4, "Filter": "(r_name = 'ASIA'::bpchar)"}, {"Node Type": "Seq Scan", "Parent Relationship": "Inner", "Relation Name": "nation", "Alias": "n1", "Startup Cost": 0.0, "Total Cost": 1.25, "Plan Rows": 25, "Plan Width": 8}]}]}]}, {"Node Type": "Index Scan", "Parent Relationship": "Inner", "Scan Direction": "Forward", "Index Name": "supplier_pkey", "Relation Name": "supplier", "Alias": "supplier", "Startup Cost": 0.0, "Total Cost": 0.27, "Plan Rows": 1, "Plan Width": 12, "Index Cond": "(s_suppkey = lineitem.l_suppkey)"}]}, {"Node Type": "Index Scan", "Parent Relationship": "Inner", "Scan Direction": "Forward", "Index Name": "nation_pkey", "Relation Name": "nation", "Alias": "n2", "Startup Cost": 0.0, "Total Cost": 0.27, "Plan Rows": 1, "Plan Width": 30, "Index Cond": "(n_nationkey = supplier.s_nationkey)"}]}]}]}, "Unique SQL Id": 3681808042, "Planner Runtime": 3}, "explain_analyze_plan": {"Plan": {"Node Type": "Sort", "Startup Cost": 505096.47, "Total Cost": 505096.49, "Plan Rows": 10, "Plan Width": 66, "Actual Startup Time": 7314.626, "Actual Total Time": 7314.626, "Actual Rows": 2, "Actual Loops": 1, "Sort Key": ["(date_part('year'::text, orders.o_orderdate))"], "Sort Method": "quicksort", "Sort Space Used": 25, "Sort Space Type": "Memory", "Plans": [{"Node Type": "Aggregate", "Strategy": "Hashed", "Parent Relationship": "Outer", "Startup Cost": 505096.15, "Total Cost": 505096.3, "Plan Rows": 10, "Plan Width": 66, "Actual Startup Time": 7314.597, "Actual Total Time": 7314.601, "Actual Rows": 2, "Actual Loops": 1, "Group By Key": ["date_part('year'::text, orders.o_orderdate)"], "Plans": [{"Node Type": "Nested Loop", "Parent Relationship": "Outer", "Join Type": "Inner", "Startup Cost": 0.0, "Total Cost": 504976.33, "Plan Rows": 5991, "Plan Width": 50, "Actual Startup Time": 0.509, "Actual Total Time": 7278.082, "Actual Rows": 23929, "Actual Loops": 1, "Inner Unique": true, "Plans": [{"Node Type": "Nested Loop", "Parent Relationship": "Outer", "Join Type": "Inner", "Startup Cost": 0.0, "Total Cost": 503283.15, "Plan Rows": 5991, "Plan Width": 28, "Actual Startup Time": 0.495, "Actual Total Time": 7190.663, "Actual Rows": 23929, "Actual Loops": 1, "Inner Unique": true, "Plans": [{"Node Type": "Nested Loop", "Parent Relationship": "Outer", "Join Type": "Inner", "Startup Cost": 0.0, "Total Cost": 498437.19, "Plan Rows": 17296, "Plan Width": 32, "Actual Startup Time": 0.483, "Actual Total Time": 7008.042, "Actual Rows": 23929, "Actual Loops": 1, "Inner Unique": false, "Join Filter": "(n1.n_nationkey = customer.c_nationkey)", "Rows Removed by Join Filter": 574896, "Plans": [{"Node Type": "Nested Loop", "Parent Relationship": "Outer", "Join Type": "Inner", "Startup Cost": 0.0, "Total Cost": 491948.63, "Plan Rows": 86479, "Plan Width": 36, "Actual Startup Time": 0.229, "Actual Total Time": 6792.302, "Actual Rows": 119765, "Actual Loops": 1, "Inner Unique": true, "Plans": [{"Node Type": "Nested Loop", "Parent Relationship": "Outer", "Join Type": "Inner", "Startup Cost": 0.0, "Total Cost": 464497.44, "Plan Rows": 86479, "Plan Width": 40, "Actual Startup Time": 0.214, "Actual Total Time": 5746.479, "Actual Rows": 119765, "Actual Loops": 1, "Inner Unique": true, "Plans": [{"Node Type": "Nested Loop", "Parent Relationship": "Outer", "Join Type": "Inner", "Startup Cost": 0.0, "Total Cost": 441564.57, "Plan Rows": 74637, "Plan Width": 32, "Actual Startup Time": 0.054, "Actual Total Time": 2070.092, "Actual Rows": 395341, "Actual Loops": 1, "Inner Unique": false, "Plans": [{"Node Type": "Seq Scan", "Parent Relationship": "Outer", "Relation Name": "part", "Alias": "part", "Startup Cost": 0.0, "Total Cost": 66944.0, "Plan Rows": 13538, "Plan Width": 8, "Actual Startup Time": 0.026, "Actual Total Time": 786.655, "Actual Rows": 13163, "Actual Loops": 1, "Filter": "((p_type)::text = 'SMALL PLATED COPPER'::text)", "Rows Removed by Filter": 1986837}, {"Node Type": "Index Scan", "Parent Relationship": "Inner", "Scan Direction": "Forward", "Index Name": "idx_lineitem_part_supp", "Relation Name": "lineitem", "Alias": "lineitem", "Startup Cost": 0.0, "Total Cost": 27.61, "Plan Rows": 6, "Plan Width": 40, "Actual Startup Time": 162.315, "Actual Total Time": 1179.492, "Actual Rows": 395341, "Actual Loops": 13163, "Index Cond": "(l_partkey = part.p_partkey)", "Rows Removed by Index Recheck": 0}]}, {"Node Type": "Index Scan", "Parent Relationship": "Inner", "Scan Direction": "Forward", "Index Name": "orders_pkey", "Relation Name": "orders", "Alias": "orders", "Startup Cost": 0.0, "Total Cost": 0.3, "Plan Rows": 1, "Plan Width": 24, "Actual Startup Time": 3432.033, "Actual Total Time": 3432.033, "Actual Rows": 119765, "Actual Loops": 395341, "Index Cond": "(o_orderkey = lineitem.l_orderkey)", "Rows Removed by Index Recheck": 0, "Filter": "((o_orderdate >= '1995-01-01 00:00:00'::timestamp(0) without time zone) AND (o_orderdate <= '1996-12-31 00:00:00'::timestamp(0) without time zone))", "Rows Removed by Filter": 275576}]}, {"Node Type": "Index Scan", "Parent Relationship": "Inner", "Scan Direction": "Forward", "Index Name": "customer_pkey", "Relation Name": "customer", "Alias": "customer", "Startup Cost": 0.0, "Total Cost": 0.31, "Plan Rows": 1, "Plan Width": 12, "Actual Startup Time": 936.558, "Actual Total Time": 936.558, "Actual Rows": 119765, "Actual Loops": 119765, "Index Cond": "(c_custkey = orders.o_custkey)", "Rows Removed by Index Recheck": 0}]}, {"Node Type": "Materialize", "Parent Relationship": "Inner", "Startup Cost": 0.0, "Total Cost": 2.65, "Plan Rows": 5, "Plan Width": 4, "Actual Startup Time": 12.277, "Actual Total Time": 64.247, "Actual Rows": 598825, "Actual Loops": 119765, "Plans": [{"Node Type": "Nested Loop", "Parent Relationship": "Outer", "Join Type": "Inner", "Startup Cost": 0.0, "Total Cost": 2.62, "Plan Rows": 5, "Plan Width": 4, "Actual Startup Time": 0.03, "Actual Total Time": 0.038, "Actual Rows": 5, "Actual Loops": 1, "Inner Unique": false, "Join Filter": "(n1.n_regionkey = region.r_regionkey)", "Rows Removed by Join Filter": 20, "Plans": [{"Node Type": "Seq Scan", "Parent Relationship": "Outer", "Relation Name": "region", "Alias": "region", "Startup Cost": 0.0, "Total Cost": 1.06, "Plan Rows": 1, "Plan Width": 4, "Actual Startup Time": 0.009, "Actual Total Time": 0.011, "Actual Rows": 1, "Actual Loops": 1, "Filter": "(r_name = 'ASIA'::bpchar)", "Rows Removed by Filter": 4}, {"Node Type": "Seq Scan", "Parent Relationship": "Inner", "Relation Name": "nation", "Alias": "n1", "Startup Cost": 0.0, "Total Cost": 1.25, "Plan Rows": 25, "Plan Width": 8, "Actual Startup Time": 0.013, "Actual Total Time": 0.017, "Actual Rows": 25, "Actual Loops": 1}]}]}]}, {"Node Type": "Index Scan", "Parent Relationship": "Inner", "Scan Direction": "Forward", "Index Name": "supplier_pkey", "Relation Name": "supplier", "Alias": "supplier", "Startup Cost": 0.0, "Total Cost": 0.27, "Plan Rows": 1, "Plan Width": 12, "Actual Startup Time": 152.595, "Actual Total Time": 152.595, "Actual Rows": 23929, "Actual Loops": 23929, "Index Cond": "(s_suppkey = lineitem.l_suppkey)", "Rows Removed by Index Recheck": 0}]}, {"Node Type": "Index Scan", "Parent Relationship": "Inner", "Scan Direction": "Forward", "Index Name": "nation_pkey", "Relation Name": "nation", "Alias": "n2", "Startup Cost": 0.0, "Total Cost": 0.27, "Plan Rows": 1, "Plan Width": 30, "Actual Startup Time": 41.305, "Actual Total Time": 41.305, "Actual Rows": 23929, "Actual Loops": 23929, "Index Cond": "(n_nationkey = supplier.s_nationkey)", "Rows Removed by Index Recheck": 0}]}]}]}, "Triggers": [], "Planner Runtime": 3, "Total Runtime": 7315.049, "Unique SQL Id": 3681808042}}, "(64, 53)": {"explain_plan": {"Plan": {"Node Type": "Sort", "Startup Cost": 543973.83, "Total Cost": 543973.85, "Plan Rows": 10, "Plan Width": 66, "Sort Key": ["(date_part('year'::text, orders.o_orderdate))"], "Plans": [{"Node Type": "Aggregate", "Strategy": "Hashed", "Parent Relationship": "Outer", "Startup Cost": 543973.51, "Total Cost": 543973.66, "Plan Rows": 10, "Plan Width": 66, "Group By Key": ["date_part('year'::text, orders.o_orderdate)"], "Plans": [{"Node Type": "Nested Loop", "Parent Relationship": "Outer", "Join Type": "Inner", "Startup Cost": 0.0, "Total Cost": 543853.69, "Plan Rows": 5991, "Plan Width": 50, "Inner Unique": true, "Plans": [{"Node Type": "Nested Loop", "Parent Relationship": "Outer", "Join Type": "Inner", "Startup Cost": 0.0, "Total Cost": 542160.52, "Plan Rows": 5991, "Plan Width": 28, "Inner Unique": true, "Plans": [{"Node Type": "Nested Loop", "Parent Relationship": "Outer", "Join Type": "Inner", "Startup Cost": 0.0, "Total Cost": 537314.56, "Plan Rows": 17296, "Plan Width": 32, "Inner Unique": false, "Join Filter": "(n1.n_nationkey = customer.c_nationkey)", "Plans": [{"Node Type": "Nested Loop", "Parent Relationship": "Outer", "Join Type": "Inner", "Startup Cost": 0.0, "Total Cost": 530807.88, "Plan Rows": 86479, "Plan Width": 36, "Inner Unique": true, "Plans": [{"Node Type": "Nested Loop", "Parent Relationship": "Outer", "Join Type": "Inner", "Startup Cost": 0.0, "Total Cost": 503356.69, "Plan Rows": 86479, "Plan Width": 40, "Inner Unique": true, "Plans": [{"Node Type": "Nested Loop", "Parent Relationship": "Outer", "Join Type": "Inner", "Startup Cost": 0.0, "Total Cost": 480423.82, "Plan Rows": 74637, "Plan Width": 32, "Inner Unique": false, "Plans": [{"Node Type": "Index Scan", "Parent Relationship": "Outer", "Scan Direction": "Forward", "Index Name": "part_kpey", "Relation Name": "part", "Alias": "part", "Startup Cost": 0.0, "Total Cost": 105803.25, "Plan Rows": 13538, "Plan Width": 8, "Filter": "((p_type)::text = 'SMALL PLATED COPPER'::text)"}, {"Node Type": "Index Scan", "Parent Relationship": "Inner", "Scan Direction": "Forward", "Index Name": "idx_lineitem_part_supp", "Relation Name": "lineitem", "Alias": "lineitem", "Startup Cost": 0.0, "Total Cost": 27.61, "Plan Rows": 6, "Plan Width": 40, "Index Cond": "(l_partkey = part.p_partkey)"}]}, {"Node Type": "Index Scan", "Parent Relationship": "Inner", "Scan Direction": "Forward", "Index Name": "orders_pkey", "Relation Name": "orders", "Alias": "orders", "Startup Cost": 0.0, "Total Cost": 0.3, "Plan Rows": 1, "Plan Width": 24, "Index Cond": "(o_orderkey = lineitem.l_orderkey)", "Filter": "((o_orderdate >= '1995-01-01 00:00:00'::timestamp(0) without time zone) AND (o_orderdate <= '1996-12-31 00:00:00'::timestamp(0) without time zone))"}]}, {"Node Type": "Index Scan", "Parent Relationship": "Inner", "Scan Direction": "Forward", "Index Name": "customer_pkey", "Relation Name": "customer", "Alias": "customer", "Startup Cost": 0.0, "Total Cost": 0.31, "Plan Rows": 1, "Plan Width": 12, "Index Cond": "(c_custkey = orders.o_custkey)"}]}, {"Node Type": "Materialize", "Parent Relationship": "Inner", "Startup Cost": 0.0, "Total Cost": 20.76, "Plan Rows": 5, "Plan Width": 4, "Plans": [{"Node Type": "Nested Loop", "Parent Relationship": "Outer", "Join Type": "Inner", "Startup Cost": 0.0, "Total Cost": 20.74, "Plan Rows": 5, "Plan Width": 4, "Inner Unique": false, "Plans": [{"Node Type": "Index Scan", "Parent Relationship": "Outer", "Scan Direction": "Forward", "Index Name": "region_pkey", "Relation Name": "region", "Alias": "region", "Startup Cost": 0.0, "Total Cost": 12.34, "Plan Rows": 1, "Plan Width": 4, "Filter": "(r_name = 'ASIA'::bpchar)"}, {"Node Type": "Index Scan", "Parent Relationship": "Inner", "Scan Direction": "Forward", "Index Name": "idx_nation_regionkey", "Relation Name": "nation", "Alias": "n1", "Startup Cost": 0.0, "Total Cost": 8.35, "Plan Rows": 5, "Plan Width": 8, "Index Cond": "(n_regionkey = region.r_regionkey)"}]}]}]}, {"Node Type": "Index Scan", "Parent Relationship": "Inner", "Scan Direction": "Forward", "Index Name": "supplier_pkey", "Relation Name": "supplier", "Alias": "supplier", "Startup Cost": 0.0, "Total Cost": 0.27, "Plan Rows": 1, "Plan Width": 12, "Index Cond": "(s_suppkey = lineitem.l_suppkey)"}]}, {"Node Type": "Index Scan", "Parent Relationship": "Inner", "Scan Direction": "Forward", "Index Name": "nation_pkey", "Relation Name": "nation", "Alias": "n2", "Startup Cost": 0.0, "Total Cost": 0.27, "Plan Rows": 1, "Plan Width": 30, "Index Cond": "(n_nationkey = supplier.s_nationkey)"}]}]}]}, "Unique SQL Id": 3681808042, "Planner Runtime": 3}, "explain_analyze_plan": {"Plan": {"Node Type": "Sort", "Startup Cost": 543973.83, "Total Cost": 543973.85, "Plan Rows": 10, "Plan Width": 66, "Actual Startup Time": 7100.372, "Actual Total Time": 7100.372, "Actual Rows": 2, "Actual Loops": 1, "Sort Key": ["(date_part('year'::text, orders.o_orderdate))"], "Sort Method": "quicksort", "Sort Space Used": 25, "Sort Space Type": "Memory", "Plans": [{"Node Type": "Aggregate", "Strategy": "Hashed", "Parent Relationship": "Outer", "Startup Cost": 543973.51, "Total Cost": 543973.66, "Plan Rows": 10, "Plan Width": 66, "Actual Startup Time": 7100.352, "Actual Total Time": 7100.353, "Actual Rows": 2, "Actual Loops": 1, "Group By Key": ["date_part('year'::text, orders.o_orderdate)"], "Plans": [{"Node Type": "Nested Loop", "Parent Relationship": "Outer", "Join Type": "Inner", "Startup Cost": 0.0, "Total Cost": 543853.69, "Plan Rows": 5991, "Plan Width": 50, "Actual Startup Time": 0.473, "Actual Total Time": 7059.063, "Actual Rows": 23929, "Actual Loops": 1, "Inner Unique": true, "Plans": [{"Node Type": "Nested Loop", "Parent Relationship": "Outer", "Join Type": "Inner", "Startup Cost": 0.0, "Total Cost": 542160.52, "Plan Rows": 5991, "Plan Width": 28, "Actual Startup Time": 0.459, "Actual Total Time": 6967.882, "Actual Rows": 23929, "Actual Loops": 1, "Inner Unique": true, "Plans": [{"Node Type": "Nested Loop", "Parent Relationship": "Outer", "Join Type": "Inner", "Startup Cost": 0.0, "Total Cost": 537314.56, "Plan Rows": 17296, "Plan Width": 32, "Actual Startup Time": 0.446, "Actual Total Time": 6815.141, "Actual Rows": 23929, "Actual Loops": 1, "Inner Unique": false, "Join Filter": "(n1.n_nationkey = customer.c_nationkey)", "Rows Removed by Join Filter": 574896, "Plans": [{"Node Type": "Nested Loop", "Parent Relationship": "Outer", "Join Type": "Inner", "Startup Cost": 0.0, "Total Cost": 530807.88, "Plan Rows": 86479, "Plan Width": 36, "Actual Startup Time": 0.226, "Actual Total Time": 6596.471, "Actual Rows": 119765, "Actual Loops": 1, "Inner Unique": true, "Plans": [{"Node Type": "Nested Loop", "Parent Relationship": "Outer", "Join Type": "Inner", "Startup Cost": 0.0, "Total Cost": 503356.69, "Plan Rows": 86479, "Plan Width": 40, "Actual Startup Time": 0.209, "Actual Total Time": 5745.029, "Actual Rows": 119765, "Actual Loops": 1, "Inner Unique": true, "Plans": [{"Node Type": "Nested Loop", "Parent Relationship": "Outer", "Join Type": "Inner", "Startup Cost": 0.0, "Total Cost": 480423.82, "Plan Rows": 74637, "Plan Width": 32, "Actual Startup Time": 0.074, "Actual Total Time": 2567.575, "Actual Rows": 395341, "Actual Loops": 1, "Inner Unique": false, "Plans": [{"Node Type": "Index Scan", "Parent Relationship": "Outer", "Scan Direction": "Forward", "Index Name": "part_kpey", "Relation Name": "part", "Alias": "part", "Startup Cost": 0.0, "Total Cost": 105803.25, "Plan Rows": 13538, "Plan Width": 8, "Actual Startup Time": 0.047, "Actual Total Time": 1352.105, "Actual Rows": 13163, "Actual Loops": 1, "Filter": "((p_type)::text = 'SMALL PLATED COPPER'::text)", "Rows Removed by Filter": 1986837}, {"Node Type": "Index Scan", "Parent Relationship": "Inner", "Scan Direction": "Forward", "Index Name": "idx_lineitem_part_supp", "Relation Name": "lineitem", "Alias": "lineitem", "Startup Cost": 0.0, "Total Cost": 27.61, "Plan Rows": 6, "Plan Width": 40, "Actual Startup Time": 144.181, "Actual Total Time": 1108.152, "Actual Rows": 395341, "Actual Loops": 13163, "Index Cond": "(l_partkey = part.p_partkey)", "Rows Removed by Index Recheck": 0}]}, {"Node Type": "Index Scan", "Parent Relationship": "Inner", "Scan Direction": "Forward", "Index Name": "orders_pkey", "Relation Name": "orders", "Alias": "orders", "Startup Cost": 0.0, "Total Cost": 0.3, "Plan Rows": 1, "Plan Width": 24, "Actual Startup Time": 2929.821, "Actual Total Time": 2929.821, "Actual Rows": 119765, "Actual Loops": 395341, "Index Cond": "(o_orderkey = lineitem.l_orderkey)", "Rows Removed by Index Recheck": 0, "Filter": "((o_orderdate >= '1995-01-01 00:00:00'::timestamp(0) without time zone) AND (o_orderdate <= '1996-12-31 00:00:00'::timestamp(0) without time zone))", "Rows Removed by Filter": 275576}]}, {"Node Type": "Index Scan", "Parent Relationship": "Inner", "Scan Direction": "Forward", "Index Name": "customer_pkey", "Relation Name": "customer", "Alias": "customer", "Startup Cost": 0.0, "Total Cost": 0.31, "Plan Rows": 1, "Plan Width": 12, "Actual Startup Time": 737.554, "Actual Total Time": 737.554, "Actual Rows": 119765, "Actual Loops": 119765, "Index Cond": "(c_custkey = orders.o_custkey)", "Rows Removed by Index Recheck": 0}]}, {"Node Type": "Materialize", "Parent Relationship": "Inner", "Startup Cost": 0.0, "Total Cost": 20.76, "Plan Rows": 5, "Plan Width": 4, "Actual Startup Time": 12.647, "Actual Total Time": 64.64, "Actual Rows": 598825, "Actual Loops": 119765, "Plans": [{"Node Type": "Nested Loop", "Parent Relationship": "Outer", "Join Type": "Inner", "Startup Cost": 0.0, "Total Cost": 20.74, "Plan Rows": 5, "Plan Width": 4, "Actual Startup Time": 0.018, "Actual Total Time": 0.024, "Actual Rows": 5, "Actual Loops": 1, "Inner Unique": false, "Plans": [{"Node Type": "Index Scan", "Parent Relationship": "Outer", "Scan Direction": "Forward", "Index Name": "region_pkey", "Relation Name": "region", "Alias": "region", "Startup Cost": 0.0, "Total Cost": 12.34, "Plan Rows": 1, "Plan Width": 4, "Actual Startup Time": 0.01, "Actual Total Time": 0.011, "Actual Rows": 1, "Actual Loops": 1, "Filter": "(r_name = 'ASIA'::bpchar)", "Rows Removed by Filter": 4}, {"Node Type": "Index Scan", "Parent Relationship": "Inner", "Scan Direction": "Forward", "Index Name": "idx_nation_regionkey", "Relation Name": "nation", "Alias": "n1", "Startup Cost": 0.0, "Total Cost": 8.35, "Plan Rows": 5, "Plan Width": 8, "Actual Startup Time": 0.007, "Actual Total Time": 0.01, "Actual Rows": 5, "Actual Loops": 1, "Index Cond": "(n_regionkey = region.r_regionkey)", "Rows Removed by Index Recheck": 0}]}]}]}, {"Node Type": "Index Scan", "Parent Relationship": "Inner", "Scan Direction": "Forward", "Index Name": "supplier_pkey", "Relation Name": "supplier", "Alias": "supplier", "Startup Cost": 0.0, "Total Cost": 0.27, "Plan Rows": 1, "Plan Width": 12, "Actual Startup Time": 118.401, "Actual Total Time": 118.401, "Actual Rows": 23929, "Actual Loops": 23929, "Index Cond": "(s_suppkey = lineitem.l_suppkey)", "Rows Removed by Index Recheck": 0}]}, {"Node Type": "Index Scan", "Parent Relationship": "Inner", "Scan Direction": "Forward", "Index Name": "nation_pkey", "Relation Name": "nation", "Alias": "n2", "Startup Cost": 0.0, "Total Cost": 0.27, "Plan Rows": 1, "Plan Width": 30, "Actual Startup Time": 41.586, "Actual Total Time": 41.586, "Actual Rows": 23929, "Actual Loops": 23929, "Index Cond": "(n_nationkey = supplier.s_nationkey)", "Rows Removed by Index Recheck": 0}]}]}]}, "Triggers": [], "Planner Runtime": 2, "Total Runtime": 7100.698, "Unique SQL Id": 3681808042}}, "(64, 54)": {"explain_plan": {"Plan": {"Node Type": "Sort", "Startup Cost": 1223730.05, "Total Cost": 1223730.08, "Plan Rows": 10, "Plan Width": 66, "Sort Key": ["(date_part('year'::text, orders.o_orderdate))"], "Plans": [{"Node Type": "Aggregate", "Strategy": "Hashed", "Parent Relationship": "Outer", "Startup Cost": 1223729.73, "Total Cost": 1223729.88, "Plan Rows": 10, "Plan Width": 66, "Group By Key": ["date_part('year'::text, orders.o_orderdate)"], "Plans": [{"Node Type": "Nested Loop", "Parent Relationship": "Outer", "Join Type": "Inner", "Startup Cost": 4.99, "Total Cost": 1223609.91, "Plan Rows": 5991, "Plan Width": 50, "Inner Unique": true, "Join Filter": "(supplier.s_nationkey = n2.n_nationkey)", "Plans": [{"Node Type": "Nested Loop", "Parent Relationship": "Outer", "Join Type": "Inner", "Startup Cost": 4.99, "Total Cost": 1221347.0, "Plan Rows": 5991, "Plan Width": 28, "Inner Unique": true, "Plans": [{"Node Type": "Nested Loop", "Parent Relationship": "Outer", "Join Type": "Inner", "Startup Cost": 4.73, "Total Cost": 1147315.35, "Plan Rows": 17296, "Plan Width": 32, "Inner Unique": false, "Join Filter": "(n1.n_nationkey = customer.c_nationkey)", "Plans": [{"Node Type": "Nested Loop", "Parent Relationship": "Outer", "Join Type": "Inner", "Startup Cost": 4.73, "Total Cost": 1140826.79, "Plan Rows": 86479, "Plan Width": 36, "Inner Unique": true, "Plans": [{"Node Type": "Nested Loop", "Parent Relationship": "Outer", "Join Type": "Inner", "Startup Cost": 4.47, "Total Cost": 770271.73, "Plan Rows": 86479, "Plan Width": 40, "Inner Unique": true, "Plans": [{"Node Type": "Nested Loop", "Parent Relationship": "Outer", "Join Type": "Inner", "Startup Cost": 4.21, "Total Cost": 450147.9, "Plan Rows": 74637, "Plan Width": 32, "Inner Unique": false, "Plans": [{"Node Type": "Seq Scan", "Parent Relationship": "Outer", "Relation Name": "part", "Alias": "part", "Startup Cost": 0.0, "Total Cost": 66944.0, "Plan Rows": 13538, "Plan Width": 8, "Filter": "((p_type)::text = 'SMALL PLATED COPPER'::text)"}, {"Node Type": "Bitmap Heap Scan", "Parent Relationship": "Inner", "Relation Name": "lineitem", "Alias": "lineitem", "Startup Cost": 4.21, "Total Cost": 28.25, "Plan Rows": 6, "Plan Width": 40, "Recheck Cond": "(l_partkey = part.p_partkey)", "Plans": [{"Node Type": "Bitmap Index Scan", "Parent Relationship": "Outer", "Index Name": "idx_lineitem_part_supp", "Startup Cost": 0.0, "Total Cost": 4.21, "Plan Rows": 6, "Plan Width": 0, "Index Cond": "(l_partkey = part.p_partkey)"}]}]}, {"Node Type": "Bitmap Heap Scan", "Parent Relationship": "Inner", "Relation Name": "orders", "Alias": "orders", "Startup Cost": 0.26, "Total Cost": 4.28, "Plan Rows": 1, "Plan Width": 24, "Recheck Cond": "(o_orderkey = lineitem.l_orderkey)", "Filter": "((o_orderdate >= '1995-01-01 00:00:00'::timestamp(0) without time zone) AND (o_orderdate <= '1996-12-31 00:00:00'::timestamp(0) without time zone))", "Plans": [{"Node Type": "Bitmap Index Scan", "Parent Relationship": "Outer", "Index Name": "orders_pkey", "Startup Cost": 0.0, "Total Cost": 0.26, "Plan Rows": 1, "Plan Width": 0, "Index Cond": "(o_orderkey = lineitem.l_orderkey)"}]}]}, {"Node Type": "Bitmap Heap Scan", "Parent Relationship": "Inner", "Relation Name": "customer", "Alias": "customer", "Startup Cost": 0.26, "Total Cost": 4.27, "Plan Rows": 1, "Plan Width": 12, "Recheck Cond": "(c_custkey = orders.o_custkey)", "Plans": [{"Node Type": "Bitmap Index Scan", "Parent Relationship": "Outer", "Index Name": "customer_pkey", "Startup Cost": 0.0, "Total Cost": 0.26, "Plan Rows": 1, "Plan Width": 0, "Index Cond": "(c_custkey = orders.o_custkey)"}]}]}, {"Node Type": "Materialize", "Parent Relationship": "Inner", "Startup Cost": 0.0, "Total Cost": 2.65, "Plan Rows": 5, "Plan Width": 4, "Plans": [{"Node Type": "Nested Loop", "Parent Relationship": "Outer", "Join Type": "Inner", "Startup Cost": 0.0, "Total Cost": 2.62, "Plan Rows": 5, "Plan Width": 4, "Inner Unique": false, "Join Filter": "(n1.n_regionkey = region.r_regionkey)", "Plans": [{"Node Type": "Seq Scan", "Parent Relationship": "Outer", "Relation Name": "region", "Alias": "region", "Startup Cost": 0.0, "Total Cost": 1.06, "Plan Rows": 1, "Plan Width": 4, "Filter": "(r_name = 'ASIA'::bpchar)"}, {"Node Type": "Seq Scan", "Parent Relationship": "Inner", "Relation Name": "nation", "Alias": "n1", "Startup Cost": 0.0, "Total Cost": 1.25, "Plan Rows": 25, "Plan Width": 8}]}]}]}, {"Node Type": "Bitmap Heap Scan", "Parent Relationship": "Inner", "Relation Name": "supplier", "Alias": "supplier", "Startup Cost": 0.26, "Total Cost": 4.27, "Plan Rows": 1, "Plan Width": 12, "Recheck Cond": "(s_suppkey = lineitem.l_suppkey)", "Plans": [{"Node Type": "Bitmap Index Scan", "Parent Relationship": "Outer", "Index Name": "supplier_pkey", "Startup Cost": 0.0, "Total Cost": 0.26, "Plan Rows": 1, "Plan Width": 0, "Index Cond": "(s_suppkey = lineitem.l_suppkey)"}]}]}, {"Node Type": "Materialize", "Parent Relationship": "Inner", "Startup Cost": 0.0, "Total Cost": 1.38, "Plan Rows": 25, "Plan Width": 30, "Plans": [{"Node Type": "Seq Scan", "Parent Relationship": "Outer", "Relation Name": "nation", "Alias": "n2", "Startup Cost": 0.0, "Total Cost": 1.25, "Plan Rows": 25, "Plan Width": 30}]}]}]}]}, "Unique SQL Id": 3681808042, "Planner Runtime": 4}, "explain_analyze_plan": {"Plan": {"Node Type": "Sort", "Startup Cost": 1223730.05, "Total Cost": 1223730.08, "Plan Rows": 10, "Plan Width": 66, "Actual Startup Time": 8393.038, "Actual Total Time": 8393.038, "Actual Rows": 2, "Actual Loops": 1, "Sort Key": ["(date_part('year'::text, orders.o_orderdate))"], "Sort Method": "quicksort", "Sort Space Used": 25, "Sort Space Type": "Memory", "Plans": [{"Node Type": "Aggregate", "Strategy": "Hashed", "Parent Relationship": "Outer", "Startup Cost": 1223729.73, "Total Cost": 1223729.88, "Plan Rows": 10, "Plan Width": 66, "Actual Startup Time": 8393.009, "Actual Total Time": 8393.012, "Actual Rows": 2, "Actual Loops": 1, "Group By Key": ["date_part('year'::text, orders.o_orderdate)"], "Plans": [{"Node Type": "Nested Loop", "Parent Relationship": "Outer", "Join Type": "Inner", "Startup Cost": 4.99, "Total Cost": 1223609.91, "Plan Rows": 5991, "Plan Width": 50, "Actual Startup Time": 0.365, "Actual Total Time": 8351.175, "Actual Rows": 23929, "Actual Loops": 1, "Inner Unique": true, "Join Filter": "(supplier.s_nationkey = n2.n_nationkey)", "Rows Removed by Join Filter": 288173, "Plans": [{"Node Type": "Nested Loop", "Parent Relationship": "Outer", "Join Type": "Inner", "Startup Cost": 4.99, "Total Cost": 1221347.0, "Plan Rows": 5991, "Plan Width": 28, "Actual Startup Time": 0.332, "Actual Total Time": 8228.709, "Actual Rows": 23929, "Actual Loops": 1, "Inner Unique": true, "Plans": [{"Node Type": "Nested Loop", "Parent Relationship": "Outer", "Join Type": "Inner", "Startup Cost": 4.73, "Total Cost": 1147315.35, "Plan Rows": 17296, "Plan Width": 32, "Actual Startup Time": 0.301, "Actual Total Time": 8011.475, "Actual Rows": 23929, "Actual Loops": 1, "Inner Unique": false, "Join Filter": "(n1.n_nationkey = customer.c_nationkey)", "Rows Removed by Join Filter": 574896, "Plans": [{"Node Type": "Nested Loop", "Parent Relationship": "Outer", "Join Type": "Inner", "Startup Cost": 4.73, "Total Cost": 1140826.79, "Plan Rows": 86479, "Plan Width": 36, "Actual Startup Time": 0.198, "Actual Total Time": 7781.846, "Actual Rows": 119765, "Actual Loops": 1, "Inner Unique": true, "Plans": [{"Node Type": "Nested Loop", "Parent Relationship": "Outer", "Join Type": "Inner", "Startup Cost": 4.47, "Total Cost": 770271.73, "Plan Rows": 86479, "Plan Width": 40, "Actual Startup Time": 0.171, "Actual Total Time": 6571.031, "Actual Rows": 119765, "Actual Loops": 1, "Inner Unique": true, "Plans": [{"Node Type": "Nested Loop", "Parent Relationship": "Outer", "Join Type": "Inner", "Startup Cost": 4.21, "Total Cost": 450147.9, "Plan Rows": 74637, "Plan Width": 32, "Actual Startup Time": 0.085, "Actual Total Time": 2286.759, "Actual Rows": 395341, "Actual Loops": 1, "Inner Unique": false, "Plans": [{"Node Type": "Seq Scan", "Parent Relationship": "Outer", "Relation Name": "part", "Alias": "part", "Startup Cost": 0.0, "Total Cost": 66944.0, "Plan Rows": 13538, "Plan Width": 8, "Actual Startup Time": 0.031, "Actual Total Time": 780.186, "Actual Rows": 13163, "Actual Loops": 1, "Filter": "((p_type)::text = 'SMALL PLATED COPPER'::text)", "Rows Removed by Filter": 1986837}, {"Node Type": "Bitmap Heap Scan", "Parent Relationship": "Inner", "Relation Name": "lineitem", "Alias": "lineitem", "Startup Cost": 4.21, "Total Cost": 28.25, "Plan Rows": 6, "Plan Width": 40, "Actual Startup Time": 270.625, "Actual Total Time": 1384.075, "Actual Rows": 395341, "Actual Loops": 13163, "Recheck Cond": "(l_partkey = part.p_partkey)", "Rows Removed by Index Recheck": 0, "Exact Heap Blocks": 395337, "Lossy Heap Blocks": 395337, "Plans": [{"Node Type": "Bitmap Index Scan", "Parent Relationship": "Outer", "Index Name": "idx_lineitem_part_supp", "Startup Cost": 0.0, "Total Cost": 4.21, "Plan Rows": 6, "Plan Width": 0, "Actual Startup Time": 173.229, "Actual Total Time": 173.229, "Actual Rows": 395341, "Actual Loops": 13163, "Index Cond": "(l_partkey = part.p_partkey)"}]}]}, {"Node Type": "Bitmap Heap Scan", "Parent Relationship": "Inner", "Relation Name": "orders", "Alias": "orders", "Startup Cost": 0.26, "Total Cost": 4.28, "Plan Rows": 1, "Plan Width": 24, "Actual Startup Time": 3793.327, "Actual Total Time": 3793.327, "Actual Rows": 119765, "Actual Loops": 395341, "Recheck Cond": "(o_orderkey = lineitem.l_orderkey)", "Rows Removed by Index Recheck": 0, "Filter": "((o_orderdate >= '1995-01-01 00:00:00'::timestamp(0) without time zone) AND (o_orderdate <= '1996-12-31 00:00:00'::timestamp(0) without time zone))", "Rows Removed by Filter": 275576, "Exact Heap Blocks": 395341, "Lossy Heap Blocks": 395341, "Plans": [{"Node Type": "Bitmap Index Scan", "Parent Relationship": "Outer", "Index Name": "orders_pkey", "Startup Cost": 0.0, "Total Cost": 0.26, "Plan Rows": 1, "Plan Width": 0, "Actual Startup Time": 2325.184, "Actual Total Time": 2325.184, "Actual Rows": 395341, "Actual Loops": 395341, "Index Cond": "(o_orderkey = lineitem.l_orderkey)"}]}]}, {"Node Type": "Bitmap Heap Scan", "Parent Relationship": "Inner", "Relation Name": "customer", "Alias": "customer", "Startup Cost": 0.26, "Total Cost": 4.27, "Plan Rows": 1, "Plan Width": 12, "Actual Startup Time": 1046.66, "Actual Total Time": 1046.66, "Actual Rows": 119765, "Actual Loops": 119765, "Recheck Cond": "(c_custkey = orders.o_custkey)", "Rows Removed by Index Recheck": 0, "Exact Heap Blocks": 119765, "Lossy Heap Blocks": 119765, "Plans": [{"Node Type": "Bitmap Index Scan", "Parent Relationship": "Outer", "Index Name": "customer_pkey", "Startup Cost": 0.0, "Total Cost": 0.26, "Plan Rows": 1, "Plan Width": 0, "Actual Startup Time": 654.268, "Actual Total Time": 654.268, "Actual Rows": 119765, "Actual Loops": 119765, "Index Cond": "(c_custkey = orders.o_custkey)"}]}]}, {"Node Type": "Materialize", "Parent Relationship": "Inner", "Startup Cost": 0.0, "Total Cost": 2.65, "Plan Rows": 5, "Plan Width": 4, "Actual Startup Time": 14.861, "Actual Total Time": 66.218, "Actual Rows": 598825, "Actual Loops": 119765, "Plans": [{"Node Type": "Nested Loop", "Parent Relationship": "Outer", "Join Type": "Inner", "Startup Cost": 0.0, "Total Cost": 2.62, "Plan Rows": 5, "Plan Width": 4, "Actual Startup Time": 0.031, "Actual Total Time": 0.04, "Actual Rows": 5, "Actual Loops": 1, "Inner Unique": false, "Join Filter": "(n1.n_regionkey = region.r_regionkey)", "Rows Removed by Join Filter": 20, "Plans": [{"Node Type": "Seq Scan", "Parent Relationship": "Outer", "Relation Name": "region", "Alias": "region", "Startup Cost": 0.0, "Total Cost": 1.06, "Plan Rows": 1, "Plan Width": 4, "Actual Startup Time": 0.011, "Actual Total Time": 0.012, "Actual Rows": 1, "Actual Loops": 1, "Filter": "(r_name = 'ASIA'::bpchar)", "Rows Removed by Filter": 4}, {"Node Type": "Seq Scan", "Parent Relationship": "Inner", "Relation Name": "nation", "Alias": "n1", "Startup Cost": 0.0, "Total Cost": 1.25, "Plan Rows": 25, "Plan Width": 8, "Actual Startup Time": 0.012, "Actual Total Time": 0.016, "Actual Rows": 25, "Actual Loops": 1}]}]}]}, {"Node Type": "Bitmap Heap Scan", "Parent Relationship": "Inner", "Relation Name": "supplier", "Alias": "supplier", "Startup Cost": 0.26, "Total Cost": 4.27, "Plan Rows": 1, "Plan Width": 12, "Actual Startup Time": 177.934, "Actual Total Time": 177.934, "Actual Rows": 23929, "Actual Loops": 23929, "Recheck Cond": "(s_suppkey = lineitem.l_suppkey)", "Rows Removed by Index Recheck": 0, "Exact Heap Blocks": 23929, "Lossy Heap Blocks": 23929, "Plans": [{"Node Type": "Bitmap Index Scan", "Parent Relationship": "Outer", "Index Name": "supplier_pkey", "Startup Cost": 0.0, "Total Cost": 0.26, "Plan Rows": 1, "Plan Width": 0, "Actual Startup Time": 98.842, "Actual Total Time": 98.842, "Actual Rows": 23929, "Actual Loops": 23929, "Index Cond": "(s_suppkey = lineitem.l_suppkey)"}]}]}, {"Node Type": "Materialize", "Parent Relationship": "Inner", "Startup Cost": 0.0, "Total Cost": 1.38, "Plan Rows": 25, "Plan Width": 30, "Actual Startup Time": 2.824, "Actual Total Time": 28.164, "Actual Rows": 312102, "Actual Loops": 23929, "Plans": [{"Node Type": "Seq Scan", "Parent Relationship": "Outer", "Relation Name": "nation", "Alias": "n2", "Startup Cost": 0.0, "Total Cost": 1.25, "Plan Rows": 25, "Plan Width": 30, "Actual Startup Time": 0.007, "Actual Total Time": 0.01, "Actual Rows": 25, "Actual Loops": 1}]}]}]}]}, "Triggers": [], "Planner Runtime": 4, "Total Runtime": 8393.426, "Unique SQL Id": 3681808042}}, "(64, 55)": {"explain_plan": {"Plan": {"Node Type": "Sort", "Startup Cost": 66661878.45, "Total Cost": 66661878.48, "Plan Rows": 10, "Plan Width": 66, "Sort Key": ["(date_part('year'::text, orders.o_orderdate))"], "Plans": [{"Node Type": "Aggregate", "Strategy": "Hashed", "Parent Relationship": "Outer", "Startup Cost": 66661878.14, "Total Cost": 66661878.29, "Plan Rows": 10, "Plan Width": 66, "Group By Key": ["date_part('year'::text, orders.o_orderdate)"], "Plans": [{"Node Type": "Nested Loop", "Parent Relationship": "Outer", "Join Type": "Inner", "Startup Cost": 115915.31, "Total Cost": 66661758.32, "Plan Rows": 5991, "Plan Width": 50, "Inner Unique": true, "Plans": [{"Node Type": "Nested Loop", "Parent Relationship": "Outer", "Join Type": "Inner", "Startup Cost": 115915.05, "Total Cost": 66636099.88, "Plan Rows": 5991, "Plan Width": 28, "Inner Unique": true, "Plans": [{"Node Type": "Nested Loop", "Parent Relationship": "Outer", "Join Type": "Inner", "Startup Cost": 115914.79, "Total Cost": 66562068.23, "Plan Rows": 17296, "Plan Width": 32, "Inner Unique": true, "Plans": [{"Node Type": "Nested Loop", "Parent Relationship": "Outer", "Join Type": "Inner", "Startup Cost": 115914.53, "Total Cost": 45938880.46, "Plan Rows": 4814867, "Plan Width": 40, "Inner Unique": false, "Plans": [{"Node Type": "Nested Loop", "Parent Relationship": "Outer", "Join Type": "Inner", "Startup Cost": 115914.01, "Total Cost": 43432501.27, "Plan Rows": 530296, "Plan Width": 16, "Inner Unique": true, "Plans": [{"Node Type": "Nested Loop", "Parent Relationship": "Outer", "Join Type": "Inner", "Startup Cost": 115913.43, "Total Cost": 31228406.3, "Plan Rows": 2651479, "Plan Width": 20, "Inner Unique": true, "Plans": [{"Node Type": "Nested Loop", "Parent Relationship": "Outer", "Join Type": "Inner", "Startup Cost": 115913.17, "Total Cost": 19879399.17, "Plan Rows": 2651479, "Plan Width": 20, "Inner Unique": true, "Plans": [{"Node Type": "Bitmap Heap Scan", "Parent Relationship": "Outer", "Relation Name": "orders", "Alias": "orders", "Startup Cost": 115912.91, "Total Cost": 460311.42, "Plan Rows": 4531967, "Plan Width": 24, "Recheck Cond": "((o_orderdate >= '1995-01-01 00:00:00'::timestamp(0) without time zone) AND (o_orderdate <= '1996-12-31 00:00:00'::timestamp(0) without time zone)), (LLVM Optimized)", "Plans": [{"Node Type": "Bitmap Index Scan", "Parent Relationship": "Outer", "Index Name": "idx_orders_orderdate", "Startup Cost": 0.0, "Total Cost": 114779.92, "Plan Rows": 4531967, "Plan Width": 0, "Index Cond": "((o_orderdate >= '1995-01-01 00:00:00'::timestamp(0) without time zone) AND (o_orderdate <= '1996-12-31 00:00:00'::timestamp(0) without time zone))"}]}, {"Node Type": "Bitmap Heap Scan", "Parent Relationship": "Inner", "Relation Name": "customer", "Alias": "customer", "Startup Cost": 0.26, "Total Cost": 4.27, "Plan Rows": 1, "Plan Width": 12, "Recheck Cond": "(c_custkey = orders.o_custkey)", "Plans": [{"Node Type": "Bitmap Index Scan", "Parent Relationship": "Outer", "Index Name": "customer_pkey", "Startup Cost": 0.0, "Total Cost": 0.26, "Plan Rows": 1, "Plan Width": 0, "Index Cond": "(c_custkey = orders.o_custkey)"}]}]}, {"Node Type": "Bitmap Heap Scan", "Parent Relationship": "Inner", "Relation Name": "nation", "Alias": "n1", "Startup Cost": 0.26, "Total Cost": 4.27, "Plan Rows": 1, "Plan Width": 8, "Recheck Cond": "(n_nationkey = customer.c_nationkey)", "Plans": [{"Node Type": "Bitmap Index Scan", "Parent Relationship": "Outer", "Index Name": "nation_pkey", "Startup Cost": 0.0, "Total Cost": 0.26, "Plan Rows": 1, "Plan Width": 0, "Index Cond": "(n_nationkey = customer.c_nationkey)"}]}]}, {"Node Type": "Bitmap Heap Scan", "Parent Relationship": "Inner", "Relation Name": "region", "Alias": "region", "Startup Cost": 0.58, "Total Cost": 4.59, "Plan Rows": 1, "Plan Width": 4, "Recheck Cond": "(r_regionkey = n1.n_regionkey)", "Filter": "(r_name = 'ASIA'::bpchar)", "Plans": [{"Node Type": "Bitmap Index Scan", "Parent Relationship": "Outer", "Index Name": "region_pkey", "Startup Cost": 0.0, "Total Cost": 0.58, "Plan Rows": 1, "Plan Width": 0, "Index Cond": "(r_regionkey = n1.n_regionkey)"}]}]}, {"Node Type": "Bitmap Heap Scan", "Parent Relationship": "Inner", "Relation Name": "lineitem", "Alias": "lineitem", "Startup Cost": 0.52, "Total Cost": 4.64, "Plan Rows": 9, "Plan Width": 40, "Recheck Cond": "(l_orderkey = orders.o_orderkey)", "Plans": [{"Node Type": "Bitmap Index Scan", "Parent Relationship": "Outer", "Index Name": "idx_lineitem_orderkey", "Startup Cost": 0.0, "Total Cost": 0.52, "Plan Rows": 9, "Plan Width": 0, "Index Cond": "(l_orderkey = orders.o_orderkey)"}]}]}, {"Node Type": "Bitmap Heap Scan", "Parent Relationship": "Inner", "Relation Name": "part", "Alias": "part", "Startup Cost": 0.26, "Total Cost": 4.27, "Plan Rows": 1, "Plan Width": 8, "Recheck Cond": "(p_partkey = lineitem.l_partkey)", "Filter": "((p_type)::text = 'SMALL PLATED COPPER'::text)", "Plans": [{"Node Type": "Bitmap Index Scan", "Parent Relationship": "Outer", "Index Name": "part_kpey", "Startup Cost": 0.0, "Total Cost": 0.26, "Plan Rows": 1, "Plan Width": 0, "Index Cond": "(p_partkey = lineitem.l_partkey)"}]}]}, {"Node Type": "Bitmap Heap Scan", "Parent Relationship": "Inner", "Relation Name": "supplier", "Alias": "supplier", "Startup Cost": 0.26, "Total Cost": 4.27, "Plan Rows": 1, "Plan Width": 12, "Recheck Cond": "(s_suppkey = lineitem.l_suppkey)", "Plans": [{"Node Type": "Bitmap Index Scan", "Parent Relationship": "Outer", "Index Name": "supplier_pkey", "Startup Cost": 0.0, "Total Cost": 0.26, "Plan Rows": 1, "Plan Width": 0, "Index Cond": "(s_suppkey = lineitem.l_suppkey)"}]}]}, {"Node Type": "Bitmap Heap Scan", "Parent Relationship": "Inner", "Relation Name": "nation", "Alias": "n2", "Startup Cost": 0.26, "Total Cost": 4.27, "Plan Rows": 1, "Plan Width": 30, "Recheck Cond": "(n_nationkey = supplier.s_nationkey)", "Plans": [{"Node Type": "Bitmap Index Scan", "Parent Relationship": "Outer", "Index Name": "nation_pkey", "Startup Cost": 0.0, "Total Cost": 0.26, "Plan Rows": 1, "Plan Width": 0, "Index Cond": "(n_nationkey = supplier.s_nationkey)"}]}]}]}]}, "Unique SQL Id": 3681808042, "Planner Runtime": 2}, "explain_analyze_plan": null}, "(64, 56)": {"explain_plan": {"Plan": {"Node Type": "Sort", "Startup Cost": 505096.47, "Total Cost": 505096.49, "Plan Rows": 10, "Plan Width": 66, "Sort Key": ["(date_part('year'::text, orders.o_orderdate))"], "Plans": [{"Node Type": "Aggregate", "Strategy": "Hashed", "Parent Relationship": "Outer", "Startup Cost": 505096.15, "Total Cost": 505096.3, "Plan Rows": 10, "Plan Width": 66, "Group By Key": ["date_part('year'::text, orders.o_orderdate)"], "Plans": [{"Node Type": "Nested Loop", "Parent Relationship": "Outer", "Join Type": "Inner", "Startup Cost": 0.0, "Total Cost": 504976.33, "Plan Rows": 5991, "Plan Width": 50, "Inner Unique": true, "Plans": [{"Node Type": "Nested Loop", "Parent Relationship": "Outer", "Join Type": "Inner", "Startup Cost": 0.0, "Total Cost": 503283.15, "Plan Rows": 5991, "Plan Width": 28, "Inner Unique": true, "Plans": [{"Node Type": "Nested Loop", "Parent Relationship": "Outer", "Join Type": "Inner", "Startup Cost": 0.0, "Total Cost": 498437.19, "Plan Rows": 17296, "Plan Width": 32, "Inner Unique": false, "Join Filter": "(n1.n_nationkey = customer.c_nationkey)", "Plans": [{"Node Type": "Nested Loop", "Parent Relationship": "Outer", "Join Type": "Inner", "Startup Cost": 0.0, "Total Cost": 491948.63, "Plan Rows": 86479, "Plan Width": 36, "Inner Unique": true, "Plans": [{"Node Type": "Nested Loop", "Parent Relationship": "Outer", "Join Type": "Inner", "Startup Cost": 0.0, "Total Cost": 464497.44, "Plan Rows": 86479, "Plan Width": 40, "Inner Unique": true, "Plans": [{"Node Type": "Nested Loop", "Parent Relationship": "Outer", "Join Type": "Inner", "Startup Cost": 0.0, "Total Cost": 441564.57, "Plan Rows": 74637, "Plan Width": 32, "Inner Unique": false, "Plans": [{"Node Type": "Seq Scan", "Parent Relationship": "Outer", "Relation Name": "part", "Alias": "part", "Startup Cost": 0.0, "Total Cost": 66944.0, "Plan Rows": 13538, "Plan Width": 8, "Filter": "((p_type)::text = 'SMALL PLATED COPPER'::text)"}, {"Node Type": "Index Scan", "Parent Relationship": "Inner", "Scan Direction": "Forward", "Index Name": "idx_lineitem_part_supp", "Relation Name": "lineitem", "Alias": "lineitem", "Startup Cost": 0.0, "Total Cost": 27.61, "Plan Rows": 6, "Plan Width": 40, "Index Cond": "(l_partkey = part.p_partkey)"}]}, {"Node Type": "Index Scan", "Parent Relationship": "Inner", "Scan Direction": "Forward", "Index Name": "orders_pkey", "Relation Name": "orders", "Alias": "orders", "Startup Cost": 0.0, "Total Cost": 0.3, "Plan Rows": 1, "Plan Width": 24, "Index Cond": "(o_orderkey = lineitem.l_orderkey)", "Filter": "((o_orderdate >= '1995-01-01 00:00:00'::timestamp(0) without time zone) AND (o_orderdate <= '1996-12-31 00:00:00'::timestamp(0) without time zone))"}]}, {"Node Type": "Index Scan", "Parent Relationship": "Inner", "Scan Direction": "Forward", "Index Name": "customer_pkey", "Relation Name": "customer", "Alias": "customer", "Startup Cost": 0.0, "Total Cost": 0.31, "Plan Rows": 1, "Plan Width": 12, "Index Cond": "(c_custkey = orders.o_custkey)"}]}, {"Node Type": "Materialize", "Parent Relationship": "Inner", "Startup Cost": 0.0, "Total Cost": 2.65, "Plan Rows": 5, "Plan Width": 4, "Plans": [{"Node Type": "Nested Loop", "Parent Relationship": "Outer", "Join Type": "Inner", "Startup Cost": 0.0, "Total Cost": 2.62, "Plan Rows": 5, "Plan Width": 4, "Inner Unique": false, "Join Filter": "(n1.n_regionkey = region.r_regionkey)", "Plans": [{"Node Type": "Seq Scan", "Parent Relationship": "Outer", "Relation Name": "region", "Alias": "region", "Startup Cost": 0.0, "Total Cost": 1.06, "Plan Rows": 1, "Plan Width": 4, "Filter": "(r_name = 'ASIA'::bpchar)"}, {"Node Type": "Seq Scan", "Parent Relationship": "Inner", "Relation Name": "nation", "Alias": "n1", "Startup Cost": 0.0, "Total Cost": 1.25, "Plan Rows": 25, "Plan Width": 8}]}]}]}, {"Node Type": "Index Scan", "Parent Relationship": "Inner", "Scan Direction": "Forward", "Index Name": "supplier_pkey", "Relation Name": "supplier", "Alias": "supplier", "Startup Cost": 0.0, "Total Cost": 0.27, "Plan Rows": 1, "Plan Width": 12, "Index Cond": "(s_suppkey = lineitem.l_suppkey)"}]}, {"Node Type": "Index Scan", "Parent Relationship": "Inner", "Scan Direction": "Forward", "Index Name": "nation_pkey", "Relation Name": "nation", "Alias": "n2", "Startup Cost": 0.0, "Total Cost": 0.27, "Plan Rows": 1, "Plan Width": 30, "Index Cond": "(n_nationkey = supplier.s_nationkey)"}]}]}]}, "Unique SQL Id": 3681808042, "Planner Runtime": 3}, "explain_analyze_plan": {"Plan": {"Node Type": "Sort", "Startup Cost": 505096.47, "Total Cost": 505096.49, "Plan Rows": 10, "Plan Width": 66, "Actual Startup Time": 7314.626, "Actual Total Time": 7314.626, "Actual Rows": 2, "Actual Loops": 1, "Sort Key": ["(date_part('year'::text, orders.o_orderdate))"], "Sort Method": "quicksort", "Sort Space Used": 25, "Sort Space Type": "Memory", "Plans": [{"Node Type": "Aggregate", "Strategy": "Hashed", "Parent Relationship": "Outer", "Startup Cost": 505096.15, "Total Cost": 505096.3, "Plan Rows": 10, "Plan Width": 66, "Actual Startup Time": 7314.597, "Actual Total Time": 7314.601, "Actual Rows": 2, "Actual Loops": 1, "Group By Key": ["date_part('year'::text, orders.o_orderdate)"], "Plans": [{"Node Type": "Nested Loop", "Parent Relationship": "Outer", "Join Type": "Inner", "Startup Cost": 0.0, "Total Cost": 504976.33, "Plan Rows": 5991, "Plan Width": 50, "Actual Startup Time": 0.509, "Actual Total Time": 7278.082, "Actual Rows": 23929, "Actual Loops": 1, "Inner Unique": true, "Plans": [{"Node Type": "Nested Loop", "Parent Relationship": "Outer", "Join Type": "Inner", "Startup Cost": 0.0, "Total Cost": 503283.15, "Plan Rows": 5991, "Plan Width": 28, "Actual Startup Time": 0.495, "Actual Total Time": 7190.663, "Actual Rows": 23929, "Actual Loops": 1, "Inner Unique": true, "Plans": [{"Node Type": "Nested Loop", "Parent Relationship": "Outer", "Join Type": "Inner", "Startup Cost": 0.0, "Total Cost": 498437.19, "Plan Rows": 17296, "Plan Width": 32, "Actual Startup Time": 0.483, "Actual Total Time": 7008.042, "Actual Rows": 23929, "Actual Loops": 1, "Inner Unique": false, "Join Filter": "(n1.n_nationkey = customer.c_nationkey)", "Rows Removed by Join Filter": 574896, "Plans": [{"Node Type": "Nested Loop", "Parent Relationship": "Outer", "Join Type": "Inner", "Startup Cost": 0.0, "Total Cost": 491948.63, "Plan Rows": 86479, "Plan Width": 36, "Actual Startup Time": 0.229, "Actual Total Time": 6792.302, "Actual Rows": 119765, "Actual Loops": 1, "Inner Unique": true, "Plans": [{"Node Type": "Nested Loop", "Parent Relationship": "Outer", "Join Type": "Inner", "Startup Cost": 0.0, "Total Cost": 464497.44, "Plan Rows": 86479, "Plan Width": 40, "Actual Startup Time": 0.214, "Actual Total Time": 5746.479, "Actual Rows": 119765, "Actual Loops": 1, "Inner Unique": true, "Plans": [{"Node Type": "Nested Loop", "Parent Relationship": "Outer", "Join Type": "Inner", "Startup Cost": 0.0, "Total Cost": 441564.57, "Plan Rows": 74637, "Plan Width": 32, "Actual Startup Time": 0.054, "Actual Total Time": 2070.092, "Actual Rows": 395341, "Actual Loops": 1, "Inner Unique": false, "Plans": [{"Node Type": "Seq Scan", "Parent Relationship": "Outer", "Relation Name": "part", "Alias": "part", "Startup Cost": 0.0, "Total Cost": 66944.0, "Plan Rows": 13538, "Plan Width": 8, "Actual Startup Time": 0.026, "Actual Total Time": 786.655, "Actual Rows": 13163, "Actual Loops": 1, "Filter": "((p_type)::text = 'SMALL PLATED COPPER'::text)", "Rows Removed by Filter": 1986837}, {"Node Type": "Index Scan", "Parent Relationship": "Inner", "Scan Direction": "Forward", "Index Name": "idx_lineitem_part_supp", "Relation Name": "lineitem", "Alias": "lineitem", "Startup Cost": 0.0, "Total Cost": 27.61, "Plan Rows": 6, "Plan Width": 40, "Actual Startup Time": 162.315, "Actual Total Time": 1179.492, "Actual Rows": 395341, "Actual Loops": 13163, "Index Cond": "(l_partkey = part.p_partkey)", "Rows Removed by Index Recheck": 0}]}, {"Node Type": "Index Scan", "Parent Relationship": "Inner", "Scan Direction": "Forward", "Index Name": "orders_pkey", "Relation Name": "orders", "Alias": "orders", "Startup Cost": 0.0, "Total Cost": 0.3, "Plan Rows": 1, "Plan Width": 24, "Actual Startup Time": 3432.033, "Actual Total Time": 3432.033, "Actual Rows": 119765, "Actual Loops": 395341, "Index Cond": "(o_orderkey = lineitem.l_orderkey)", "Rows Removed by Index Recheck": 0, "Filter": "((o_orderdate >= '1995-01-01 00:00:00'::timestamp(0) without time zone) AND (o_orderdate <= '1996-12-31 00:00:00'::timestamp(0) without time zone))", "Rows Removed by Filter": 275576}]}, {"Node Type": "Index Scan", "Parent Relationship": "Inner", "Scan Direction": "Forward", "Index Name": "customer_pkey", "Relation Name": "customer", "Alias": "customer", "Startup Cost": 0.0, "Total Cost": 0.31, "Plan Rows": 1, "Plan Width": 12, "Actual Startup Time": 936.558, "Actual Total Time": 936.558, "Actual Rows": 119765, "Actual Loops": 119765, "Index Cond": "(c_custkey = orders.o_custkey)", "Rows Removed by Index Recheck": 0}]}, {"Node Type": "Materialize", "Parent Relationship": "Inner", "Startup Cost": 0.0, "Total Cost": 2.65, "Plan Rows": 5, "Plan Width": 4, "Actual Startup Time": 12.277, "Actual Total Time": 64.247, "Actual Rows": 598825, "Actual Loops": 119765, "Plans": [{"Node Type": "Nested Loop", "Parent Relationship": "Outer", "Join Type": "Inner", "Startup Cost": 0.0, "Total Cost": 2.62, "Plan Rows": 5, "Plan Width": 4, "Actual Startup Time": 0.03, "Actual Total Time": 0.038, "Actual Rows": 5, "Actual Loops": 1, "Inner Unique": false, "Join Filter": "(n1.n_regionkey = region.r_regionkey)", "Rows Removed by Join Filter": 20, "Plans": [{"Node Type": "Seq Scan", "Parent Relationship": "Outer", "Relation Name": "region", "Alias": "region", "Startup Cost": 0.0, "Total Cost": 1.06, "Plan Rows": 1, "Plan Width": 4, "Actual Startup Time": 0.009, "Actual Total Time": 0.011, "Actual Rows": 1, "Actual Loops": 1, "Filter": "(r_name = 'ASIA'::bpchar)", "Rows Removed by Filter": 4}, {"Node Type": "Seq Scan", "Parent Relationship": "Inner", "Relation Name": "nation", "Alias": "n1", "Startup Cost": 0.0, "Total Cost": 1.25, "Plan Rows": 25, "Plan Width": 8, "Actual Startup Time": 0.013, "Actual Total Time": 0.017, "Actual Rows": 25, "Actual Loops": 1}]}]}]}, {"Node Type": "Index Scan", "Parent Relationship": "Inner", "Scan Direction": "Forward", "Index Name": "supplier_pkey", "Relation Name": "supplier", "Alias": "supplier", "Startup Cost": 0.0, "Total Cost": 0.27, "Plan Rows": 1, "Plan Width": 12, "Actual Startup Time": 152.595, "Actual Total Time": 152.595, "Actual Rows": 23929, "Actual Loops": 23929, "Index Cond": "(s_suppkey = lineitem.l_suppkey)", "Rows Removed by Index Recheck": 0}]}, {"Node Type": "Index Scan", "Parent Relationship": "Inner", "Scan Direction": "Forward", "Index Name": "nation_pkey", "Relation Name": "nation", "Alias": "n2", "Startup Cost": 0.0, "Total Cost": 0.27, "Plan Rows": 1, "Plan Width": 30, "Actual Startup Time": 41.305, "Actual Total Time": 41.305, "Actual Rows": 23929, "Actual Loops": 23929, "Index Cond": "(n_nationkey = supplier.s_nationkey)", "Rows Removed by Index Recheck": 0}]}]}]}, "Triggers": [], "Planner Runtime": 3, "Total Runtime": 7315.049, "Unique SQL Id": 3681808042}}, "(64, 57)": {"explain_plan": {"Plan": {"Node Type": "Sort", "Startup Cost": 543973.83, "Total Cost": 543973.85, "Plan Rows": 10, "Plan Width": 66, "Sort Key": ["(date_part('year'::text, orders.o_orderdate))"], "Plans": [{"Node Type": "Aggregate", "Strategy": "Hashed", "Parent Relationship": "Outer", "Startup Cost": 543973.51, "Total Cost": 543973.66, "Plan Rows": 10, "Plan Width": 66, "Group By Key": ["date_part('year'::text, orders.o_orderdate)"], "Plans": [{"Node Type": "Nested Loop", "Parent Relationship": "Outer", "Join Type": "Inner", "Startup Cost": 0.0, "Total Cost": 543853.69, "Plan Rows": 5991, "Plan Width": 50, "Inner Unique": true, "Plans": [{"Node Type": "Nested Loop", "Parent Relationship": "Outer", "Join Type": "Inner", "Startup Cost": 0.0, "Total Cost": 542160.52, "Plan Rows": 5991, "Plan Width": 28, "Inner Unique": true, "Plans": [{"Node Type": "Nested Loop", "Parent Relationship": "Outer", "Join Type": "Inner", "Startup Cost": 0.0, "Total Cost": 537314.56, "Plan Rows": 17296, "Plan Width": 32, "Inner Unique": false, "Join Filter": "(n1.n_nationkey = customer.c_nationkey)", "Plans": [{"Node Type": "Nested Loop", "Parent Relationship": "Outer", "Join Type": "Inner", "Startup Cost": 0.0, "Total Cost": 530807.88, "Plan Rows": 86479, "Plan Width": 36, "Inner Unique": true, "Plans": [{"Node Type": "Nested Loop", "Parent Relationship": "Outer", "Join Type": "Inner", "Startup Cost": 0.0, "Total Cost": 503356.69, "Plan Rows": 86479, "Plan Width": 40, "Inner Unique": true, "Plans": [{"Node Type": "Nested Loop", "Parent Relationship": "Outer", "Join Type": "Inner", "Startup Cost": 0.0, "Total Cost": 480423.82, "Plan Rows": 74637, "Plan Width": 32, "Inner Unique": false, "Plans": [{"Node Type": "Index Scan", "Parent Relationship": "Outer", "Scan Direction": "Forward", "Index Name": "part_kpey", "Relation Name": "part", "Alias": "part", "Startup Cost": 0.0, "Total Cost": 105803.25, "Plan Rows": 13538, "Plan Width": 8, "Filter": "((p_type)::text = 'SMALL PLATED COPPER'::text)"}, {"Node Type": "Index Scan", "Parent Relationship": "Inner", "Scan Direction": "Forward", "Index Name": "idx_lineitem_part_supp", "Relation Name": "lineitem", "Alias": "lineitem", "Startup Cost": 0.0, "Total Cost": 27.61, "Plan Rows": 6, "Plan Width": 40, "Index Cond": "(l_partkey = part.p_partkey)"}]}, {"Node Type": "Index Scan", "Parent Relationship": "Inner", "Scan Direction": "Forward", "Index Name": "orders_pkey", "Relation Name": "orders", "Alias": "orders", "Startup Cost": 0.0, "Total Cost": 0.3, "Plan Rows": 1, "Plan Width": 24, "Index Cond": "(o_orderkey = lineitem.l_orderkey)", "Filter": "((o_orderdate >= '1995-01-01 00:00:00'::timestamp(0) without time zone) AND (o_orderdate <= '1996-12-31 00:00:00'::timestamp(0) without time zone))"}]}, {"Node Type": "Index Scan", "Parent Relationship": "Inner", "Scan Direction": "Forward", "Index Name": "customer_pkey", "Relation Name": "customer", "Alias": "customer", "Startup Cost": 0.0, "Total Cost": 0.31, "Plan Rows": 1, "Plan Width": 12, "Index Cond": "(c_custkey = orders.o_custkey)"}]}, {"Node Type": "Materialize", "Parent Relationship": "Inner", "Startup Cost": 0.0, "Total Cost": 20.76, "Plan Rows": 5, "Plan Width": 4, "Plans": [{"Node Type": "Nested Loop", "Parent Relationship": "Outer", "Join Type": "Inner", "Startup Cost": 0.0, "Total Cost": 20.74, "Plan Rows": 5, "Plan Width": 4, "Inner Unique": false, "Plans": [{"Node Type": "Index Scan", "Parent Relationship": "Outer", "Scan Direction": "Forward", "Index Name": "region_pkey", "Relation Name": "region", "Alias": "region", "Startup Cost": 0.0, "Total Cost": 12.34, "Plan Rows": 1, "Plan Width": 4, "Filter": "(r_name = 'ASIA'::bpchar)"}, {"Node Type": "Index Scan", "Parent Relationship": "Inner", "Scan Direction": "Forward", "Index Name": "idx_nation_regionkey", "Relation Name": "nation", "Alias": "n1", "Startup Cost": 0.0, "Total Cost": 8.35, "Plan Rows": 5, "Plan Width": 8, "Index Cond": "(n_regionkey = region.r_regionkey)"}]}]}]}, {"Node Type": "Index Scan", "Parent Relationship": "Inner", "Scan Direction": "Forward", "Index Name": "supplier_pkey", "Relation Name": "supplier", "Alias": "supplier", "Startup Cost": 0.0, "Total Cost": 0.27, "Plan Rows": 1, "Plan Width": 12, "Index Cond": "(s_suppkey = lineitem.l_suppkey)"}]}, {"Node Type": "Index Scan", "Parent Relationship": "Inner", "Scan Direction": "Forward", "Index Name": "nation_pkey", "Relation Name": "nation", "Alias": "n2", "Startup Cost": 0.0, "Total Cost": 0.27, "Plan Rows": 1, "Plan Width": 30, "Index Cond": "(n_nationkey = supplier.s_nationkey)"}]}]}]}, "Unique SQL Id": 3681808042, "Planner Runtime": 2}, "explain_analyze_plan": {"Plan": {"Node Type": "Sort", "Startup Cost": 543973.83, "Total Cost": 543973.85, "Plan Rows": 10, "Plan Width": 66, "Actual Startup Time": 7100.372, "Actual Total Time": 7100.372, "Actual Rows": 2, "Actual Loops": 1, "Sort Key": ["(date_part('year'::text, orders.o_orderdate))"], "Sort Method": "quicksort", "Sort Space Used": 25, "Sort Space Type": "Memory", "Plans": [{"Node Type": "Aggregate", "Strategy": "Hashed", "Parent Relationship": "Outer", "Startup Cost": 543973.51, "Total Cost": 543973.66, "Plan Rows": 10, "Plan Width": 66, "Actual Startup Time": 7100.352, "Actual Total Time": 7100.353, "Actual Rows": 2, "Actual Loops": 1, "Group By Key": ["date_part('year'::text, orders.o_orderdate)"], "Plans": [{"Node Type": "Nested Loop", "Parent Relationship": "Outer", "Join Type": "Inner", "Startup Cost": 0.0, "Total Cost": 543853.69, "Plan Rows": 5991, "Plan Width": 50, "Actual Startup Time": 0.473, "Actual Total Time": 7059.063, "Actual Rows": 23929, "Actual Loops": 1, "Inner Unique": true, "Plans": [{"Node Type": "Nested Loop", "Parent Relationship": "Outer", "Join Type": "Inner", "Startup Cost": 0.0, "Total Cost": 542160.52, "Plan Rows": 5991, "Plan Width": 28, "Actual Startup Time": 0.459, "Actual Total Time": 6967.882, "Actual Rows": 23929, "Actual Loops": 1, "Inner Unique": true, "Plans": [{"Node Type": "Nested Loop", "Parent Relationship": "Outer", "Join Type": "Inner", "Startup Cost": 0.0, "Total Cost": 537314.56, "Plan Rows": 17296, "Plan Width": 32, "Actual Startup Time": 0.446, "Actual Total Time": 6815.141, "Actual Rows": 23929, "Actual Loops": 1, "Inner Unique": false, "Join Filter": "(n1.n_nationkey = customer.c_nationkey)", "Rows Removed by Join Filter": 574896, "Plans": [{"Node Type": "Nested Loop", "Parent Relationship": "Outer", "Join Type": "Inner", "Startup Cost": 0.0, "Total Cost": 530807.88, "Plan Rows": 86479, "Plan Width": 36, "Actual Startup Time": 0.226, "Actual Total Time": 6596.471, "Actual Rows": 119765, "Actual Loops": 1, "Inner Unique": true, "Plans": [{"Node Type": "Nested Loop", "Parent Relationship": "Outer", "Join Type": "Inner", "Startup Cost": 0.0, "Total Cost": 503356.69, "Plan Rows": 86479, "Plan Width": 40, "Actual Startup Time": 0.209, "Actual Total Time": 5745.029, "Actual Rows": 119765, "Actual Loops": 1, "Inner Unique": true, "Plans": [{"Node Type": "Nested Loop", "Parent Relationship": "Outer", "Join Type": "Inner", "Startup Cost": 0.0, "Total Cost": 480423.82, "Plan Rows": 74637, "Plan Width": 32, "Actual Startup Time": 0.074, "Actual Total Time": 2567.575, "Actual Rows": 395341, "Actual Loops": 1, "Inner Unique": false, "Plans": [{"Node Type": "Index Scan", "Parent Relationship": "Outer", "Scan Direction": "Forward", "Index Name": "part_kpey", "Relation Name": "part", "Alias": "part", "Startup Cost": 0.0, "Total Cost": 105803.25, "Plan Rows": 13538, "Plan Width": 8, "Actual Startup Time": 0.047, "Actual Total Time": 1352.105, "Actual Rows": 13163, "Actual Loops": 1, "Filter": "((p_type)::text = 'SMALL PLATED COPPER'::text)", "Rows Removed by Filter": 1986837}, {"Node Type": "Index Scan", "Parent Relationship": "Inner", "Scan Direction": "Forward", "Index Name": "idx_lineitem_part_supp", "Relation Name": "lineitem", "Alias": "lineitem", "Startup Cost": 0.0, "Total Cost": 27.61, "Plan Rows": 6, "Plan Width": 40, "Actual Startup Time": 144.181, "Actual Total Time": 1108.152, "Actual Rows": 395341, "Actual Loops": 13163, "Index Cond": "(l_partkey = part.p_partkey)", "Rows Removed by Index Recheck": 0}]}, {"Node Type": "Index Scan", "Parent Relationship": "Inner", "Scan Direction": "Forward", "Index Name": "orders_pkey", "Relation Name": "orders", "Alias": "orders", "Startup Cost": 0.0, "Total Cost": 0.3, "Plan Rows": 1, "Plan Width": 24, "Actual Startup Time": 2929.821, "Actual Total Time": 2929.821, "Actual Rows": 119765, "Actual Loops": 395341, "Index Cond": "(o_orderkey = lineitem.l_orderkey)", "Rows Removed by Index Recheck": 0, "Filter": "((o_orderdate >= '1995-01-01 00:00:00'::timestamp(0) without time zone) AND (o_orderdate <= '1996-12-31 00:00:00'::timestamp(0) without time zone))", "Rows Removed by Filter": 275576}]}, {"Node Type": "Index Scan", "Parent Relationship": "Inner", "Scan Direction": "Forward", "Index Name": "customer_pkey", "Relation Name": "customer", "Alias": "customer", "Startup Cost": 0.0, "Total Cost": 0.31, "Plan Rows": 1, "Plan Width": 12, "Actual Startup Time": 737.554, "Actual Total Time": 737.554, "Actual Rows": 119765, "Actual Loops": 119765, "Index Cond": "(c_custkey = orders.o_custkey)", "Rows Removed by Index Recheck": 0}]}, {"Node Type": "Materialize", "Parent Relationship": "Inner", "Startup Cost": 0.0, "Total Cost": 20.76, "Plan Rows": 5, "Plan Width": 4, "Actual Startup Time": 12.647, "Actual Total Time": 64.64, "Actual Rows": 598825, "Actual Loops": 119765, "Plans": [{"Node Type": "Nested Loop", "Parent Relationship": "Outer", "Join Type": "Inner", "Startup Cost": 0.0, "Total Cost": 20.74, "Plan Rows": 5, "Plan Width": 4, "Actual Startup Time": 0.018, "Actual Total Time": 0.024, "Actual Rows": 5, "Actual Loops": 1, "Inner Unique": false, "Plans": [{"Node Type": "Index Scan", "Parent Relationship": "Outer", "Scan Direction": "Forward", "Index Name": "region_pkey", "Relation Name": "region", "Alias": "region", "Startup Cost": 0.0, "Total Cost": 12.34, "Plan Rows": 1, "Plan Width": 4, "Actual Startup Time": 0.01, "Actual Total Time": 0.011, "Actual Rows": 1, "Actual Loops": 1, "Filter": "(r_name = 'ASIA'::bpchar)", "Rows Removed by Filter": 4}, {"Node Type": "Index Scan", "Parent Relationship": "Inner", "Scan Direction": "Forward", "Index Name": "idx_nation_regionkey", "Relation Name": "nation", "Alias": "n1", "Startup Cost": 0.0, "Total Cost": 8.35, "Plan Rows": 5, "Plan Width": 8, "Actual Startup Time": 0.007, "Actual Total Time": 0.01, "Actual Rows": 5, "Actual Loops": 1, "Index Cond": "(n_regionkey = region.r_regionkey)", "Rows Removed by Index Recheck": 0}]}]}]}, {"Node Type": "Index Scan", "Parent Relationship": "Inner", "Scan Direction": "Forward", "Index Name": "supplier_pkey", "Relation Name": "supplier", "Alias": "supplier", "Startup Cost": 0.0, "Total Cost": 0.27, "Plan Rows": 1, "Plan Width": 12, "Actual Startup Time": 118.401, "Actual Total Time": 118.401, "Actual Rows": 23929, "Actual Loops": 23929, "Index Cond": "(s_suppkey = lineitem.l_suppkey)", "Rows Removed by Index Recheck": 0}]}, {"Node Type": "Index Scan", "Parent Relationship": "Inner", "Scan Direction": "Forward", "Index Name": "nation_pkey", "Relation Name": "nation", "Alias": "n2", "Startup Cost": 0.0, "Total Cost": 0.27, "Plan Rows": 1, "Plan Width": 30, "Actual Startup Time": 41.586, "Actual Total Time": 41.586, "Actual Rows": 23929, "Actual Loops": 23929, "Index Cond": "(n_nationkey = supplier.s_nationkey)", "Rows Removed by Index Recheck": 0}]}]}]}, "Triggers": [], "Planner Runtime": 2, "Total Runtime": 7100.698, "Unique SQL Id": 3681808042}}, "(64, 58)": {"explain_plan": {"Plan": {"Node Type": "Sort", "Startup Cost": 17600453906.22, "Total Cost": 17600453906.25, "Plan Rows": 10, "Plan Width": 66, "Sort Key": ["(date_part('year'::text, orders.o_orderdate))"], "Plans": [{"Node Type": "Aggregate", "Strategy": "Hashed", "Parent Relationship": "Outer", "Startup Cost": 17600453905.91, "Total Cost": 17600453906.06, "Plan Rows": 10, "Plan Width": 66, "Group By Key": ["date_part('year'::text, orders.o_orderdate)"], "Plans": [{"Node Type": "Nested Loop", "Parent Relationship": "Outer", "Join Type": "Inner", "Startup Cost": 195.31, "Total Cost": 17600453786.09, "Plan Rows": 5991, "Plan Width": 50, "Inner Unique": true, "Join Filter": "(supplier.s_nationkey = n2.n_nationkey)", "Plans": [{"Node Type": "Nested Loop", "Parent Relationship": "Outer", "Join Type": "Inner", "Startup Cost": 195.31, "Total Cost": 17600451523.17, "Plan Rows": 5991, "Plan Width": 28, "Inner Unique": false, "Join Filter": "(customer.c_custkey = orders.o_custkey)", "Plans": [{"Node Type": "Nested Loop", "Parent Relationship": "Outer", "Join Type": "Inner", "Startup Cost": 0.0, "Total Cost": 164628.64, "Plan Rows": 300000, "Plan Width": 8, "Inner Unique": false, "Join Filter": "(n1.n_nationkey = customer.c_nationkey), (LLVM Optimized)", "Plans": [{"Node Type": "Seq Scan", "Parent Relationship": "Outer", "Relation Name": "customer", "Alias": "customer", "Startup Cost": 0.0, "Total Cost": 52126.0, "Plan Rows": 1500000, "Plan Width": 12}, {"Node Type": "Materialize", "Parent Relationship": "Inner", "Startup Cost": 0.0, "Total Cost": 2.65, "Plan Rows": 5, "Plan Width": 4, "Plans": [{"Node Type": "Nested Loop", "Parent Relationship": "Outer", "Join Type": "Inner", "Startup Cost": 0.0, "Total Cost": 2.62, "Plan Rows": 5, "Plan Width": 4, "Inner Unique": false, "Join Filter": "(n1.n_regionkey = region.r_regionkey)", "Plans": [{"Node Type": "Seq Scan", "Parent Relationship": "Outer", "Relation Name": "region", "Alias": "region", "Startup Cost": 0.0, "Total Cost": 1.06, "Plan Rows": 1, "Plan Width": 4, "Filter": "(r_name = 'ASIA'::bpchar)"}, {"Node Type": "Seq Scan", "Parent Relationship": "Inner", "Relation Name": "nation", "Alias": "n1", "Startup Cost": 0.0, "Total Cost": 1.25, "Plan Rows": 25, "Plan Width": 8}]}]}]}, {"Node Type": "Materialize", "Parent Relationship": "Inner", "Startup Cost": 195.31, "Total Cost": 17369896022.53, "Plan Rows": 51198, "Plan Width": 36, "Plans": [{"Node Type": "Nested Loop", "Parent Relationship": "Outer", "Join Type": "Inner", "Startup Cost": 195.31, "Total Cost": 17369895766.54, "Plan Rows": 51198, "Plan Width": 36, "Inner Unique": false, "Join Filter": "(lineitem.l_orderkey = orders.o_orderkey)", "Plans": [{"Node Type": "Seq Scan", "Parent Relationship": "Outer", "Relation Name": "orders", "Alias": "orders", "Startup Cost": 195.31, "Total Cost": 501411.18, "Plan Rows": 4531967, "Plan Width": 24, "Filter": "((o_orderdate >= '1995-01-01 00:00:00'::timestamp(0) without time zone) AND (o_orderdate <= '1996-12-31 00:00:00'::timestamp(0) without time zone)), (LLVM Optimized)"}, {"Node Type": "Materialize", "Parent Relationship": "Inner", "Startup Cost": 0.0, "Total Cost": 12295608227.26, "Plan Rows": 74637, "Plan Width": 28, "Plans": [{"Node Type": "Nested Loop", "Parent Relationship": "Outer", "Join Type": "Inner", "Startup Cost": 0.0, "Total Cost": 12295607854.08, "Plan Rows": 74637, "Plan Width": 28, "Inner Unique": false, "Join Filter": "(lineitem.l_suppkey = supplier.s_suppkey)", "Plans": [{"Node Type": "Seq Scan", "Parent Relationship": "Outer", "Relation Name": "supplier", "Alias": "supplier", "Startup Cost": 0.0, "Total Cost": 3283.0, "Plan Rows": 100000, "Plan Width": 12}, {"Node Type": "Materialize", "Parent Relationship": "Inner", "Startup Cost": 0.0, "Total Cost": 12183649257.67, "Plan Rows": 74637, "Plan Width": 32, "Plans": [{"Node Type": "Nested Loop", "Parent Relationship": "Outer", "Join Type": "Inner", "Startup Cost": 0.0, "Total Cost": 12183648884.49, "Plan Rows": 74637, "Plan Width": 32, "Inner Unique": true, "Join Filter": "(part.p_partkey = lineitem.l_partkey)", "Plans": [{"Node Type": "Seq Scan", "Parent Relationship": "Outer", "Relation Name": "lineitem", "Alias": "lineitem", "Startup Cost": 0.0, "Total Cost": 2015115.33, "Plan Rows": 59987033, "Plan Width": 40}, {"Node Type": "Materialize", "Parent Relationship": "Inner", "Startup Cost": 0.0, "Total Cost": 67011.69, "Plan Rows": 13538, "Plan Width": 8, "Plans": [{"Node Type": "Seq Scan", "Parent Relationship": "Outer", "Relation Name": "part", "Alias": "part", "Startup Cost": 0.0, "Total Cost": 66944.0, "Plan Rows": 13538, "Plan Width": 8, "Filter": "((p_type)::text = 'SMALL PLATED COPPER'::text)"}]}]}]}]}]}]}]}]}, {"Node Type": "Materialize", "Parent Relationship": "Inner", "Startup Cost": 0.0, "Total Cost": 1.38, "Plan Rows": 25, "Plan Width": 30, "Plans": [{"Node Type": "Seq Scan", "Parent Relationship": "Outer", "Relation Name": "nation", "Alias": "n2", "Startup Cost": 0.0, "Total Cost": 1.25, "Plan Rows": 25, "Plan Width": 30}]}]}]}]}, "Unique SQL Id": 3681808042, "Planner Runtime": 2}, "explain_analyze_plan": null}, "(64, 59)": {"explain_plan": {"Plan": {"Node Type": "Sort", "Startup Cost": 8018022317922.2, "Total Cost": 8018022317922.22, "Plan Rows": 10, "Plan Width": 66, "Sort Key": ["(date_part('year'::text, orders.o_orderdate))"], "Plans": [{"Node Type": "Aggregate", "Strategy": "Hashed", "Parent Relationship": "Outer", "Startup Cost": 8018022317921.88, "Total Cost": 8018022317922.03, "Plan Rows": 10, "Plan Width": 66, "Group By Key": ["date_part('year'::text, orders.o_orderdate)"], "Plans": [{"Node Type": "Nested Loop", "Parent Relationship": "Outer", "Join Type": "Inner", "Startup Cost": 80000000000.0, "Total Cost": 8018022317802.06, "Plan Rows": 5991, "Plan Width": 50, "Inner Unique": true, "Join Filter": "(supplier.s_nationkey = n2.n_nationkey)", "Plans": [{"Node Type": "Nested Loop", "Parent Relationship": "Outer", "Join Type": "Inner", "Startup Cost": 70000000000.0, "Total Cost": 7018022314277.89, "Plan Rows": 5991, "Plan Width": 28, "Inner Unique": false, "Join Filter": "(customer.c_custkey = orders.o_custkey)", "Plans": [{"Node Type": "Nested Loop", "Parent Relationship": "Outer", "Join Type": "Inner", "Startup Cost": 40000000000.0, "Total Cost": 4017783730995.63, "Plan Rows": 51198, "Plan Width": 36, "Inner Unique": true, "Join Filter": "(lineitem.l_orderkey = orders.o_orderkey)", "Plans": [{"Node Type": "Nested Loop", "Parent Relationship": "Outer", "Join Type": "Inner", "Startup Cost": 30000000000.0, "Total Cost": 3012629335768.03, "Plan Rows": 74637, "Plan Width": 28, "Inner Unique": false, "Join Filter": "(lineitem.l_suppkey = supplier.s_suppkey)", "Plans": [{"Node Type": "Index Scan", "Parent Relationship": "Outer", "Scan Direction": "Forward", "Index Name": "idx_supplier_nation_key", "Relation Name": "supplier", "Alias": "supplier", "Startup Cost": 10000000000.0, "Total Cost": 1000001217556.78, "Plan Rows": 100000, "Plan Width": 12}, {"Node Type": "Materialize", "Parent Relationship": "Inner", "Startup Cost": 20000000000.0, "Total Cost": 2012516162897.84, "Plan Rows": 74637, "Plan Width": 32, "Plans": [{"Node Type": "Nested Loop", "Parent Relationship": "Outer", "Join Type": "Inner", "Startup Cost": 20000000000.0, "Total Cost": 2012516162524.66, "Plan Rows": 74637, "Plan Width": 32, "Inner Unique": true, "Join Filter": "(part.p_partkey = lineitem.l_partkey)", "Plans": [{"Node Type": "Index Scan", "Parent Relationship": "Outer", "Scan Direction": "Forward", "Index Name": "idx_lineitem_orderkey", "Relation Name": "lineitem", "Alias": "lineitem", "Startup Cost": 10000000000.0, "Total Cost": 1000324015374.5, "Plan Rows": 59987033, "Plan Width": 40}, {"Node Type": "Materialize", "Parent Relationship": "Inner", "Startup Cost": 10000000000.0, "Total Cost": 1000010580392.69, "Plan Rows": 13538, "Plan Width": 8, "Plans": [{"Node Type": "Index Scan", "Parent Relationship": "Outer", "Scan Direction": "Forward", "Index Name": "part_kpey", "Relation Name": "part", "Alias": "part", "Startup Cost": 10000000000.0, "Total Cost": 1000010580325.0, "Plan Rows": 13538, "Plan Width": 8, "Filter": "((p_type)::text = 'SMALL PLATED COPPER'::text)"}]}]}]}]}, {"Node Type": "Materialize", "Parent Relationship": "Inner", "Startup Cost": 10000000000.0, "Total Cost": 1000080620242.83, "Plan Rows": 4531967, "Plan Width": 24, "Plans": [{"Node Type": "Index Scan", "Parent Relationship": "Outer", "Scan Direction": "Forward", "Index Name": "orders_pkey", "Relation Name": "orders", "Alias": "orders", "Startup Cost": 10000000000.0, "Total Cost": 1000080597583.0, "Plan Rows": 4531967, "Plan Width": 24, "Filter": "((o_orderdate >= '1995-01-01 00:00:00'::timestamp(0) without time zone) AND (o_orderdate <= '1996-12-31 00:00:00'::timestamp(0) without time zone)), (LLVM Optimized)"}]}]}, {"Node Type": "Materialize", "Parent Relationship": "Inner", "Startup Cost": 30000000000.0, "Total Cost": 3000008193032.26, "Plan Rows": 300000, "Plan Width": 8, "Plans": [{"Node Type": "Nested Loop", "Parent Relationship": "Outer", "Join Type": "Inner", "Startup Cost": 30000000000.0, "Total Cost": 3000008191532.26, "Plan Rows": 300000, "Plan Width": 8, "Inner Unique": false, "Join Filter": "(n1.n_nationkey = customer.c_nationkey), (LLVM Optimized)", "Plans": [{"Node Type": "Index Scan", "Parent Relationship": "Outer", "Scan Direction": "Forward", "Index Name": "customer_pkey", "Relation Name": "customer", "Alias": "customer", "Startup Cost": 10000000000.0, "Total Cost": 1000008076535.62, "Plan Rows": 1500000, "Plan Width": 12}, {"Node Type": "Materialize", "Parent Relationship": "Inner", "Startup Cost": 20000000000.0, "Total Cost": 2000000002496.65, "Plan Rows": 5, "Plan Width": 4, "Plans": [{"Node Type": "Nested Loop", "Parent Relationship": "Outer", "Join Type": "Inner", "Startup Cost": 20000000000.0, "Total Cost": 2000000002496.63, "Plan Rows": 5, "Plan Width": 4, "Inner Unique": true, "Join Filter": "(n1.n_regionkey = region.r_regionkey)", "Plans": [{"Node Type": "Index Scan", "Parent Relationship": "Outer", "Scan Direction": "Forward", "Index Name": "nation_pkey", "Relation Name": "nation", "Alias": "n1", "Startup Cost": 10000000000.0, "Total Cost": 1000000001262.5, "Plan Rows": 25, "Plan Width": 8}, {"Node Type": "Materialize", "Parent Relationship": "Inner", "Startup Cost": 10000000000.0, "Total Cost": 1000000001233.76, "Plan Rows": 1, "Plan Width": 4, "Plans": [{"Node Type": "Index Scan", "Parent Relationship": "Outer", "Scan Direction": "Forward", "Index Name": "region_pkey", "Relation Name": "region", "Alias": "region", "Startup Cost": 10000000000.0, "Total Cost": 1000000001233.75, "Plan Rows": 1, "Plan Width": 4, "Filter": "(r_name = 'ASIA'::bpchar)"}]}]}]}]}]}]}, {"Node Type": "Materialize", "Parent Relationship": "Inner", "Startup Cost": 10000000000.0, "Total Cost": 1000000001262.62, "Plan Rows": 25, "Plan Width": 30, "Plans": [{"Node Type": "Index Scan", "Parent Relationship": "Outer", "Scan Direction": "Forward", "Index Name": "nation_pkey", "Relation Name": "nation", "Alias": "n2", "Startup Cost": 10000000000.0, "Total Cost": 1000000001262.5, "Plan Rows": 25, "Plan Width": 30}]}]}]}]}, "Unique SQL Id": 3681808042, "Planner Runtime": 3}, "explain_analyze_plan": null}, "(64, 60)": {"explain_plan": {"Plan": {"Node Type": "Sort", "Startup Cost": 505096.47, "Total Cost": 505096.49, "Plan Rows": 10, "Plan Width": 66, "Sort Key": ["(date_part('year'::text, orders.o_orderdate))"], "Plans": [{"Node Type": "Aggregate", "Strategy": "Hashed", "Parent Relationship": "Outer", "Startup Cost": 505096.15, "Total Cost": 505096.3, "Plan Rows": 10, "Plan Width": 66, "Group By Key": ["date_part('year'::text, orders.o_orderdate)"], "Plans": [{"Node Type": "Nested Loop", "Parent Relationship": "Outer", "Join Type": "Inner", "Startup Cost": 0.0, "Total Cost": 504976.33, "Plan Rows": 5991, "Plan Width": 50, "Inner Unique": true, "Plans": [{"Node Type": "Nested Loop", "Parent Relationship": "Outer", "Join Type": "Inner", "Startup Cost": 0.0, "Total Cost": 503283.15, "Plan Rows": 5991, "Plan Width": 28, "Inner Unique": true, "Plans": [{"Node Type": "Nested Loop", "Parent Relationship": "Outer", "Join Type": "Inner", "Startup Cost": 0.0, "Total Cost": 498437.19, "Plan Rows": 17296, "Plan Width": 32, "Inner Unique": false, "Join Filter": "(n1.n_nationkey = customer.c_nationkey)", "Plans": [{"Node Type": "Nested Loop", "Parent Relationship": "Outer", "Join Type": "Inner", "Startup Cost": 0.0, "Total Cost": 491948.63, "Plan Rows": 86479, "Plan Width": 36, "Inner Unique": true, "Plans": [{"Node Type": "Nested Loop", "Parent Relationship": "Outer", "Join Type": "Inner", "Startup Cost": 0.0, "Total Cost": 464497.44, "Plan Rows": 86479, "Plan Width": 40, "Inner Unique": true, "Plans": [{"Node Type": "Nested Loop", "Parent Relationship": "Outer", "Join Type": "Inner", "Startup Cost": 0.0, "Total Cost": 441564.57, "Plan Rows": 74637, "Plan Width": 32, "Inner Unique": false, "Plans": [{"Node Type": "Seq Scan", "Parent Relationship": "Outer", "Relation Name": "part", "Alias": "part", "Startup Cost": 0.0, "Total Cost": 66944.0, "Plan Rows": 13538, "Plan Width": 8, "Filter": "((p_type)::text = 'SMALL PLATED COPPER'::text)"}, {"Node Type": "Index Scan", "Parent Relationship": "Inner", "Scan Direction": "Forward", "Index Name": "idx_lineitem_part_supp", "Relation Name": "lineitem", "Alias": "lineitem", "Startup Cost": 0.0, "Total Cost": 27.61, "Plan Rows": 6, "Plan Width": 40, "Index Cond": "(l_partkey = part.p_partkey)"}]}, {"Node Type": "Index Scan", "Parent Relationship": "Inner", "Scan Direction": "Forward", "Index Name": "orders_pkey", "Relation Name": "orders", "Alias": "orders", "Startup Cost": 0.0, "Total Cost": 0.3, "Plan Rows": 1, "Plan Width": 24, "Index Cond": "(o_orderkey = lineitem.l_orderkey)", "Filter": "((o_orderdate >= '1995-01-01 00:00:00'::timestamp(0) without time zone) AND (o_orderdate <= '1996-12-31 00:00:00'::timestamp(0) without time zone))"}]}, {"Node Type": "Index Scan", "Parent Relationship": "Inner", "Scan Direction": "Forward", "Index Name": "customer_pkey", "Relation Name": "customer", "Alias": "customer", "Startup Cost": 0.0, "Total Cost": 0.31, "Plan Rows": 1, "Plan Width": 12, "Index Cond": "(c_custkey = orders.o_custkey)"}]}, {"Node Type": "Materialize", "Parent Relationship": "Inner", "Startup Cost": 0.0, "Total Cost": 2.65, "Plan Rows": 5, "Plan Width": 4, "Plans": [{"Node Type": "Nested Loop", "Parent Relationship": "Outer", "Join Type": "Inner", "Startup Cost": 0.0, "Total Cost": 2.62, "Plan Rows": 5, "Plan Width": 4, "Inner Unique": false, "Join Filter": "(n1.n_regionkey = region.r_regionkey)", "Plans": [{"Node Type": "Seq Scan", "Parent Relationship": "Outer", "Relation Name": "region", "Alias": "region", "Startup Cost": 0.0, "Total Cost": 1.06, "Plan Rows": 1, "Plan Width": 4, "Filter": "(r_name = 'ASIA'::bpchar)"}, {"Node Type": "Seq Scan", "Parent Relationship": "Inner", "Relation Name": "nation", "Alias": "n1", "Startup Cost": 0.0, "Total Cost": 1.25, "Plan Rows": 25, "Plan Width": 8}]}]}]}, {"Node Type": "Index Scan", "Parent Relationship": "Inner", "Scan Direction": "Forward", "Index Name": "supplier_pkey", "Relation Name": "supplier", "Alias": "supplier", "Startup Cost": 0.0, "Total Cost": 0.27, "Plan Rows": 1, "Plan Width": 12, "Index Cond": "(s_suppkey = lineitem.l_suppkey)"}]}, {"Node Type": "Index Scan", "Parent Relationship": "Inner", "Scan Direction": "Forward", "Index Name": "nation_pkey", "Relation Name": "nation", "Alias": "n2", "Startup Cost": 0.0, "Total Cost": 0.27, "Plan Rows": 1, "Plan Width": 30, "Index Cond": "(n_nationkey = supplier.s_nationkey)"}]}]}]}, "Unique SQL Id": 3681808042, "Planner Runtime": 3}, "explain_analyze_plan": {"Plan": {"Node Type": "Sort", "Startup Cost": 505096.47, "Total Cost": 505096.49, "Plan Rows": 10, "Plan Width": 66, "Actual Startup Time": 7314.626, "Actual Total Time": 7314.626, "Actual Rows": 2, "Actual Loops": 1, "Sort Key": ["(date_part('year'::text, orders.o_orderdate))"], "Sort Method": "quicksort", "Sort Space Used": 25, "Sort Space Type": "Memory", "Plans": [{"Node Type": "Aggregate", "Strategy": "Hashed", "Parent Relationship": "Outer", "Startup Cost": 505096.15, "Total Cost": 505096.3, "Plan Rows": 10, "Plan Width": 66, "Actual Startup Time": 7314.597, "Actual Total Time": 7314.601, "Actual Rows": 2, "Actual Loops": 1, "Group By Key": ["date_part('year'::text, orders.o_orderdate)"], "Plans": [{"Node Type": "Nested Loop", "Parent Relationship": "Outer", "Join Type": "Inner", "Startup Cost": 0.0, "Total Cost": 504976.33, "Plan Rows": 5991, "Plan Width": 50, "Actual Startup Time": 0.509, "Actual Total Time": 7278.082, "Actual Rows": 23929, "Actual Loops": 1, "Inner Unique": true, "Plans": [{"Node Type": "Nested Loop", "Parent Relationship": "Outer", "Join Type": "Inner", "Startup Cost": 0.0, "Total Cost": 503283.15, "Plan Rows": 5991, "Plan Width": 28, "Actual Startup Time": 0.495, "Actual Total Time": 7190.663, "Actual Rows": 23929, "Actual Loops": 1, "Inner Unique": true, "Plans": [{"Node Type": "Nested Loop", "Parent Relationship": "Outer", "Join Type": "Inner", "Startup Cost": 0.0, "Total Cost": 498437.19, "Plan Rows": 17296, "Plan Width": 32, "Actual Startup Time": 0.483, "Actual Total Time": 7008.042, "Actual Rows": 23929, "Actual Loops": 1, "Inner Unique": false, "Join Filter": "(n1.n_nationkey = customer.c_nationkey)", "Rows Removed by Join Filter": 574896, "Plans": [{"Node Type": "Nested Loop", "Parent Relationship": "Outer", "Join Type": "Inner", "Startup Cost": 0.0, "Total Cost": 491948.63, "Plan Rows": 86479, "Plan Width": 36, "Actual Startup Time": 0.229, "Actual Total Time": 6792.302, "Actual Rows": 119765, "Actual Loops": 1, "Inner Unique": true, "Plans": [{"Node Type": "Nested Loop", "Parent Relationship": "Outer", "Join Type": "Inner", "Startup Cost": 0.0, "Total Cost": 464497.44, "Plan Rows": 86479, "Plan Width": 40, "Actual Startup Time": 0.214, "Actual Total Time": 5746.479, "Actual Rows": 119765, "Actual Loops": 1, "Inner Unique": true, "Plans": [{"Node Type": "Nested Loop", "Parent Relationship": "Outer", "Join Type": "Inner", "Startup Cost": 0.0, "Total Cost": 441564.57, "Plan Rows": 74637, "Plan Width": 32, "Actual Startup Time": 0.054, "Actual Total Time": 2070.092, "Actual Rows": 395341, "Actual Loops": 1, "Inner Unique": false, "Plans": [{"Node Type": "Seq Scan", "Parent Relationship": "Outer", "Relation Name": "part", "Alias": "part", "Startup Cost": 0.0, "Total Cost": 66944.0, "Plan Rows": 13538, "Plan Width": 8, "Actual Startup Time": 0.026, "Actual Total Time": 786.655, "Actual Rows": 13163, "Actual Loops": 1, "Filter": "((p_type)::text = 'SMALL PLATED COPPER'::text)", "Rows Removed by Filter": 1986837}, {"Node Type": "Index Scan", "Parent Relationship": "Inner", "Scan Direction": "Forward", "Index Name": "idx_lineitem_part_supp", "Relation Name": "lineitem", "Alias": "lineitem", "Startup Cost": 0.0, "Total Cost": 27.61, "Plan Rows": 6, "Plan Width": 40, "Actual Startup Time": 162.315, "Actual Total Time": 1179.492, "Actual Rows": 395341, "Actual Loops": 13163, "Index Cond": "(l_partkey = part.p_partkey)", "Rows Removed by Index Recheck": 0}]}, {"Node Type": "Index Scan", "Parent Relationship": "Inner", "Scan Direction": "Forward", "Index Name": "orders_pkey", "Relation Name": "orders", "Alias": "orders", "Startup Cost": 0.0, "Total Cost": 0.3, "Plan Rows": 1, "Plan Width": 24, "Actual Startup Time": 3432.033, "Actual Total Time": 3432.033, "Actual Rows": 119765, "Actual Loops": 395341, "Index Cond": "(o_orderkey = lineitem.l_orderkey)", "Rows Removed by Index Recheck": 0, "Filter": "((o_orderdate >= '1995-01-01 00:00:00'::timestamp(0) without time zone) AND (o_orderdate <= '1996-12-31 00:00:00'::timestamp(0) without time zone))", "Rows Removed by Filter": 275576}]}, {"Node Type": "Index Scan", "Parent Relationship": "Inner", "Scan Direction": "Forward", "Index Name": "customer_pkey", "Relation Name": "customer", "Alias": "customer", "Startup Cost": 0.0, "Total Cost": 0.31, "Plan Rows": 1, "Plan Width": 12, "Actual Startup Time": 936.558, "Actual Total Time": 936.558, "Actual Rows": 119765, "Actual Loops": 119765, "Index Cond": "(c_custkey = orders.o_custkey)", "Rows Removed by Index Recheck": 0}]}, {"Node Type": "Materialize", "Parent Relationship": "Inner", "Startup Cost": 0.0, "Total Cost": 2.65, "Plan Rows": 5, "Plan Width": 4, "Actual Startup Time": 12.277, "Actual Total Time": 64.247, "Actual Rows": 598825, "Actual Loops": 119765, "Plans": [{"Node Type": "Nested Loop", "Parent Relationship": "Outer", "Join Type": "Inner", "Startup Cost": 0.0, "Total Cost": 2.62, "Plan Rows": 5, "Plan Width": 4, "Actual Startup Time": 0.03, "Actual Total Time": 0.038, "Actual Rows": 5, "Actual Loops": 1, "Inner Unique": false, "Join Filter": "(n1.n_regionkey = region.r_regionkey)", "Rows Removed by Join Filter": 20, "Plans": [{"Node Type": "Seq Scan", "Parent Relationship": "Outer", "Relation Name": "region", "Alias": "region", "Startup Cost": 0.0, "Total Cost": 1.06, "Plan Rows": 1, "Plan Width": 4, "Actual Startup Time": 0.009, "Actual Total Time": 0.011, "Actual Rows": 1, "Actual Loops": 1, "Filter": "(r_name = 'ASIA'::bpchar)", "Rows Removed by Filter": 4}, {"Node Type": "Seq Scan", "Parent Relationship": "Inner", "Relation Name": "nation", "Alias": "n1", "Startup Cost": 0.0, "Total Cost": 1.25, "Plan Rows": 25, "Plan Width": 8, "Actual Startup Time": 0.013, "Actual Total Time": 0.017, "Actual Rows": 25, "Actual Loops": 1}]}]}]}, {"Node Type": "Index Scan", "Parent Relationship": "Inner", "Scan Direction": "Forward", "Index Name": "supplier_pkey", "Relation Name": "supplier", "Alias": "supplier", "Startup Cost": 0.0, "Total Cost": 0.27, "Plan Rows": 1, "Plan Width": 12, "Actual Startup Time": 152.595, "Actual Total Time": 152.595, "Actual Rows": 23929, "Actual Loops": 23929, "Index Cond": "(s_suppkey = lineitem.l_suppkey)", "Rows Removed by Index Recheck": 0}]}, {"Node Type": "Index Scan", "Parent Relationship": "Inner", "Scan Direction": "Forward", "Index Name": "nation_pkey", "Relation Name": "nation", "Alias": "n2", "Startup Cost": 0.0, "Total Cost": 0.27, "Plan Rows": 1, "Plan Width": 30, "Actual Startup Time": 41.305, "Actual Total Time": 41.305, "Actual Rows": 23929, "Actual Loops": 23929, "Index Cond": "(n_nationkey = supplier.s_nationkey)", "Rows Removed by Index Recheck": 0}]}]}]}, "Triggers": [], "Planner Runtime": 3, "Total Runtime": 7315.049, "Unique SQL Id": 3681808042}}, "(64, 61)": {"explain_plan": {"Plan": {"Node Type": "Sort", "Startup Cost": 543973.83, "Total Cost": 543973.85, "Plan Rows": 10, "Plan Width": 66, "Sort Key": ["(date_part('year'::text, orders.o_orderdate))"], "Plans": [{"Node Type": "Aggregate", "Strategy": "Hashed", "Parent Relationship": "Outer", "Startup Cost": 543973.51, "Total Cost": 543973.66, "Plan Rows": 10, "Plan Width": 66, "Group By Key": ["date_part('year'::text, orders.o_orderdate)"], "Plans": [{"Node Type": "Nested Loop", "Parent Relationship": "Outer", "Join Type": "Inner", "Startup Cost": 0.0, "Total Cost": 543853.69, "Plan Rows": 5991, "Plan Width": 50, "Inner Unique": true, "Plans": [{"Node Type": "Nested Loop", "Parent Relationship": "Outer", "Join Type": "Inner", "Startup Cost": 0.0, "Total Cost": 542160.52, "Plan Rows": 5991, "Plan Width": 28, "Inner Unique": true, "Plans": [{"Node Type": "Nested Loop", "Parent Relationship": "Outer", "Join Type": "Inner", "Startup Cost": 0.0, "Total Cost": 537314.56, "Plan Rows": 17296, "Plan Width": 32, "Inner Unique": false, "Join Filter": "(n1.n_nationkey = customer.c_nationkey)", "Plans": [{"Node Type": "Nested Loop", "Parent Relationship": "Outer", "Join Type": "Inner", "Startup Cost": 0.0, "Total Cost": 530807.88, "Plan Rows": 86479, "Plan Width": 36, "Inner Unique": true, "Plans": [{"Node Type": "Nested Loop", "Parent Relationship": "Outer", "Join Type": "Inner", "Startup Cost": 0.0, "Total Cost": 503356.69, "Plan Rows": 86479, "Plan Width": 40, "Inner Unique": true, "Plans": [{"Node Type": "Nested Loop", "Parent Relationship": "Outer", "Join Type": "Inner", "Startup Cost": 0.0, "Total Cost": 480423.82, "Plan Rows": 74637, "Plan Width": 32, "Inner Unique": false, "Plans": [{"Node Type": "Index Scan", "Parent Relationship": "Outer", "Scan Direction": "Forward", "Index Name": "part_kpey", "Relation Name": "part", "Alias": "part", "Startup Cost": 0.0, "Total Cost": 105803.25, "Plan Rows": 13538, "Plan Width": 8, "Filter": "((p_type)::text = 'SMALL PLATED COPPER'::text)"}, {"Node Type": "Index Scan", "Parent Relationship": "Inner", "Scan Direction": "Forward", "Index Name": "idx_lineitem_part_supp", "Relation Name": "lineitem", "Alias": "lineitem", "Startup Cost": 0.0, "Total Cost": 27.61, "Plan Rows": 6, "Plan Width": 40, "Index Cond": "(l_partkey = part.p_partkey)"}]}, {"Node Type": "Index Scan", "Parent Relationship": "Inner", "Scan Direction": "Forward", "Index Name": "orders_pkey", "Relation Name": "orders", "Alias": "orders", "Startup Cost": 0.0, "Total Cost": 0.3, "Plan Rows": 1, "Plan Width": 24, "Index Cond": "(o_orderkey = lineitem.l_orderkey)", "Filter": "((o_orderdate >= '1995-01-01 00:00:00'::timestamp(0) without time zone) AND (o_orderdate <= '1996-12-31 00:00:00'::timestamp(0) without time zone))"}]}, {"Node Type": "Index Scan", "Parent Relationship": "Inner", "Scan Direction": "Forward", "Index Name": "customer_pkey", "Relation Name": "customer", "Alias": "customer", "Startup Cost": 0.0, "Total Cost": 0.31, "Plan Rows": 1, "Plan Width": 12, "Index Cond": "(c_custkey = orders.o_custkey)"}]}, {"Node Type": "Materialize", "Parent Relationship": "Inner", "Startup Cost": 0.0, "Total Cost": 20.76, "Plan Rows": 5, "Plan Width": 4, "Plans": [{"Node Type": "Nested Loop", "Parent Relationship": "Outer", "Join Type": "Inner", "Startup Cost": 0.0, "Total Cost": 20.74, "Plan Rows": 5, "Plan Width": 4, "Inner Unique": false, "Plans": [{"Node Type": "Index Scan", "Parent Relationship": "Outer", "Scan Direction": "Forward", "Index Name": "region_pkey", "Relation Name": "region", "Alias": "region", "Startup Cost": 0.0, "Total Cost": 12.34, "Plan Rows": 1, "Plan Width": 4, "Filter": "(r_name = 'ASIA'::bpchar)"}, {"Node Type": "Index Scan", "Parent Relationship": "Inner", "Scan Direction": "Forward", "Index Name": "idx_nation_regionkey", "Relation Name": "nation", "Alias": "n1", "Startup Cost": 0.0, "Total Cost": 8.35, "Plan Rows": 5, "Plan Width": 8, "Index Cond": "(n_regionkey = region.r_regionkey)"}]}]}]}, {"Node Type": "Index Scan", "Parent Relationship": "Inner", "Scan Direction": "Forward", "Index Name": "supplier_pkey", "Relation Name": "supplier", "Alias": "supplier", "Startup Cost": 0.0, "Total Cost": 0.27, "Plan Rows": 1, "Plan Width": 12, "Index Cond": "(s_suppkey = lineitem.l_suppkey)"}]}, {"Node Type": "Index Scan", "Parent Relationship": "Inner", "Scan Direction": "Forward", "Index Name": "nation_pkey", "Relation Name": "nation", "Alias": "n2", "Startup Cost": 0.0, "Total Cost": 0.27, "Plan Rows": 1, "Plan Width": 30, "Index Cond": "(n_nationkey = supplier.s_nationkey)"}]}]}]}, "Unique SQL Id": 3681808042, "Planner Runtime": 2}, "explain_analyze_plan": {"Plan": {"Node Type": "Sort", "Startup Cost": 543973.83, "Total Cost": 543973.85, "Plan Rows": 10, "Plan Width": 66, "Actual Startup Time": 7100.372, "Actual Total Time": 7100.372, "Actual Rows": 2, "Actual Loops": 1, "Sort Key": ["(date_part('year'::text, orders.o_orderdate))"], "Sort Method": "quicksort", "Sort Space Used": 25, "Sort Space Type": "Memory", "Plans": [{"Node Type": "Aggregate", "Strategy": "Hashed", "Parent Relationship": "Outer", "Startup Cost": 543973.51, "Total Cost": 543973.66, "Plan Rows": 10, "Plan Width": 66, "Actual Startup Time": 7100.352, "Actual Total Time": 7100.353, "Actual Rows": 2, "Actual Loops": 1, "Group By Key": ["date_part('year'::text, orders.o_orderdate)"], "Plans": [{"Node Type": "Nested Loop", "Parent Relationship": "Outer", "Join Type": "Inner", "Startup Cost": 0.0, "Total Cost": 543853.69, "Plan Rows": 5991, "Plan Width": 50, "Actual Startup Time": 0.473, "Actual Total Time": 7059.063, "Actual Rows": 23929, "Actual Loops": 1, "Inner Unique": true, "Plans": [{"Node Type": "Nested Loop", "Parent Relationship": "Outer", "Join Type": "Inner", "Startup Cost": 0.0, "Total Cost": 542160.52, "Plan Rows": 5991, "Plan Width": 28, "Actual Startup Time": 0.459, "Actual Total Time": 6967.882, "Actual Rows": 23929, "Actual Loops": 1, "Inner Unique": true, "Plans": [{"Node Type": "Nested Loop", "Parent Relationship": "Outer", "Join Type": "Inner", "Startup Cost": 0.0, "Total Cost": 537314.56, "Plan Rows": 17296, "Plan Width": 32, "Actual Startup Time": 0.446, "Actual Total Time": 6815.141, "Actual Rows": 23929, "Actual Loops": 1, "Inner Unique": false, "Join Filter": "(n1.n_nationkey = customer.c_nationkey)", "Rows Removed by Join Filter": 574896, "Plans": [{"Node Type": "Nested Loop", "Parent Relationship": "Outer", "Join Type": "Inner", "Startup Cost": 0.0, "Total Cost": 530807.88, "Plan Rows": 86479, "Plan Width": 36, "Actual Startup Time": 0.226, "Actual Total Time": 6596.471, "Actual Rows": 119765, "Actual Loops": 1, "Inner Unique": true, "Plans": [{"Node Type": "Nested Loop", "Parent Relationship": "Outer", "Join Type": "Inner", "Startup Cost": 0.0, "Total Cost": 503356.69, "Plan Rows": 86479, "Plan Width": 40, "Actual Startup Time": 0.209, "Actual Total Time": 5745.029, "Actual Rows": 119765, "Actual Loops": 1, "Inner Unique": true, "Plans": [{"Node Type": "Nested Loop", "Parent Relationship": "Outer", "Join Type": "Inner", "Startup Cost": 0.0, "Total Cost": 480423.82, "Plan Rows": 74637, "Plan Width": 32, "Actual Startup Time": 0.074, "Actual Total Time": 2567.575, "Actual Rows": 395341, "Actual Loops": 1, "Inner Unique": false, "Plans": [{"Node Type": "Index Scan", "Parent Relationship": "Outer", "Scan Direction": "Forward", "Index Name": "part_kpey", "Relation Name": "part", "Alias": "part", "Startup Cost": 0.0, "Total Cost": 105803.25, "Plan Rows": 13538, "Plan Width": 8, "Actual Startup Time": 0.047, "Actual Total Time": 1352.105, "Actual Rows": 13163, "Actual Loops": 1, "Filter": "((p_type)::text = 'SMALL PLATED COPPER'::text)", "Rows Removed by Filter": 1986837}, {"Node Type": "Index Scan", "Parent Relationship": "Inner", "Scan Direction": "Forward", "Index Name": "idx_lineitem_part_supp", "Relation Name": "lineitem", "Alias": "lineitem", "Startup Cost": 0.0, "Total Cost": 27.61, "Plan Rows": 6, "Plan Width": 40, "Actual Startup Time": 144.181, "Actual Total Time": 1108.152, "Actual Rows": 395341, "Actual Loops": 13163, "Index Cond": "(l_partkey = part.p_partkey)", "Rows Removed by Index Recheck": 0}]}, {"Node Type": "Index Scan", "Parent Relationship": "Inner", "Scan Direction": "Forward", "Index Name": "orders_pkey", "Relation Name": "orders", "Alias": "orders", "Startup Cost": 0.0, "Total Cost": 0.3, "Plan Rows": 1, "Plan Width": 24, "Actual Startup Time": 2929.821, "Actual Total Time": 2929.821, "Actual Rows": 119765, "Actual Loops": 395341, "Index Cond": "(o_orderkey = lineitem.l_orderkey)", "Rows Removed by Index Recheck": 0, "Filter": "((o_orderdate >= '1995-01-01 00:00:00'::timestamp(0) without time zone) AND (o_orderdate <= '1996-12-31 00:00:00'::timestamp(0) without time zone))", "Rows Removed by Filter": 275576}]}, {"Node Type": "Index Scan", "Parent Relationship": "Inner", "Scan Direction": "Forward", "Index Name": "customer_pkey", "Relation Name": "customer", "Alias": "customer", "Startup Cost": 0.0, "Total Cost": 0.31, "Plan Rows": 1, "Plan Width": 12, "Actual Startup Time": 737.554, "Actual Total Time": 737.554, "Actual Rows": 119765, "Actual Loops": 119765, "Index Cond": "(c_custkey = orders.o_custkey)", "Rows Removed by Index Recheck": 0}]}, {"Node Type": "Materialize", "Parent Relationship": "Inner", "Startup Cost": 0.0, "Total Cost": 20.76, "Plan Rows": 5, "Plan Width": 4, "Actual Startup Time": 12.647, "Actual Total Time": 64.64, "Actual Rows": 598825, "Actual Loops": 119765, "Plans": [{"Node Type": "Nested Loop", "Parent Relationship": "Outer", "Join Type": "Inner", "Startup Cost": 0.0, "Total Cost": 20.74, "Plan Rows": 5, "Plan Width": 4, "Actual Startup Time": 0.018, "Actual Total Time": 0.024, "Actual Rows": 5, "Actual Loops": 1, "Inner Unique": false, "Plans": [{"Node Type": "Index Scan", "Parent Relationship": "Outer", "Scan Direction": "Forward", "Index Name": "region_pkey", "Relation Name": "region", "Alias": "region", "Startup Cost": 0.0, "Total Cost": 12.34, "Plan Rows": 1, "Plan Width": 4, "Actual Startup Time": 0.01, "Actual Total Time": 0.011, "Actual Rows": 1, "Actual Loops": 1, "Filter": "(r_name = 'ASIA'::bpchar)", "Rows Removed by Filter": 4}, {"Node Type": "Index Scan", "Parent Relationship": "Inner", "Scan Direction": "Forward", "Index Name": "idx_nation_regionkey", "Relation Name": "nation", "Alias": "n1", "Startup Cost": 0.0, "Total Cost": 8.35, "Plan Rows": 5, "Plan Width": 8, "Actual Startup Time": 0.007, "Actual Total Time": 0.01, "Actual Rows": 5, "Actual Loops": 1, "Index Cond": "(n_regionkey = region.r_regionkey)", "Rows Removed by Index Recheck": 0}]}]}]}, {"Node Type": "Index Scan", "Parent Relationship": "Inner", "Scan Direction": "Forward", "Index Name": "supplier_pkey", "Relation Name": "supplier", "Alias": "supplier", "Startup Cost": 0.0, "Total Cost": 0.27, "Plan Rows": 1, "Plan Width": 12, "Actual Startup Time": 118.401, "Actual Total Time": 118.401, "Actual Rows": 23929, "Actual Loops": 23929, "Index Cond": "(s_suppkey = lineitem.l_suppkey)", "Rows Removed by Index Recheck": 0}]}, {"Node Type": "Index Scan", "Parent Relationship": "Inner", "Scan Direction": "Forward", "Index Name": "nation_pkey", "Relation Name": "nation", "Alias": "n2", "Startup Cost": 0.0, "Total Cost": 0.27, "Plan Rows": 1, "Plan Width": 30, "Actual Startup Time": 41.586, "Actual Total Time": 41.586, "Actual Rows": 23929, "Actual Loops": 23929, "Index Cond": "(n_nationkey = supplier.s_nationkey)", "Rows Removed by Index Recheck": 0}]}]}]}, "Triggers": [], "Planner Runtime": 2, "Total Runtime": 7100.698, "Unique SQL Id": 3681808042}}, "(64, 62)": {"explain_plan": {"Plan": {"Node Type": "Sort", "Startup Cost": 17600453906.22, "Total Cost": 17600453906.25, "Plan Rows": 10, "Plan Width": 66, "Sort Key": ["(date_part('year'::text, orders.o_orderdate))"], "Plans": [{"Node Type": "Aggregate", "Strategy": "Hashed", "Parent Relationship": "Outer", "Startup Cost": 17600453905.91, "Total Cost": 17600453906.06, "Plan Rows": 10, "Plan Width": 66, "Group By Key": ["date_part('year'::text, orders.o_orderdate)"], "Plans": [{"Node Type": "Nested Loop", "Parent Relationship": "Outer", "Join Type": "Inner", "Startup Cost": 195.31, "Total Cost": 17600453786.09, "Plan Rows": 5991, "Plan Width": 50, "Inner Unique": true, "Join Filter": "(supplier.s_nationkey = n2.n_nationkey)", "Plans": [{"Node Type": "Nested Loop", "Parent Relationship": "Outer", "Join Type": "Inner", "Startup Cost": 195.31, "Total Cost": 17600451523.17, "Plan Rows": 5991, "Plan Width": 28, "Inner Unique": false, "Join Filter": "(customer.c_custkey = orders.o_custkey)", "Plans": [{"Node Type": "Nested Loop", "Parent Relationship": "Outer", "Join Type": "Inner", "Startup Cost": 0.0, "Total Cost": 164628.64, "Plan Rows": 300000, "Plan Width": 8, "Inner Unique": false, "Join Filter": "(n1.n_nationkey = customer.c_nationkey), (LLVM Optimized)", "Plans": [{"Node Type": "Seq Scan", "Parent Relationship": "Outer", "Relation Name": "customer", "Alias": "customer", "Startup Cost": 0.0, "Total Cost": 52126.0, "Plan Rows": 1500000, "Plan Width": 12}, {"Node Type": "Materialize", "Parent Relationship": "Inner", "Startup Cost": 0.0, "Total Cost": 2.65, "Plan Rows": 5, "Plan Width": 4, "Plans": [{"Node Type": "Nested Loop", "Parent Relationship": "Outer", "Join Type": "Inner", "Startup Cost": 0.0, "Total Cost": 2.62, "Plan Rows": 5, "Plan Width": 4, "Inner Unique": false, "Join Filter": "(n1.n_regionkey = region.r_regionkey)", "Plans": [{"Node Type": "Seq Scan", "Parent Relationship": "Outer", "Relation Name": "region", "Alias": "region", "Startup Cost": 0.0, "Total Cost": 1.06, "Plan Rows": 1, "Plan Width": 4, "Filter": "(r_name = 'ASIA'::bpchar)"}, {"Node Type": "Seq Scan", "Parent Relationship": "Inner", "Relation Name": "nation", "Alias": "n1", "Startup Cost": 0.0, "Total Cost": 1.25, "Plan Rows": 25, "Plan Width": 8}]}]}]}, {"Node Type": "Materialize", "Parent Relationship": "Inner", "Startup Cost": 195.31, "Total Cost": 17369896022.53, "Plan Rows": 51198, "Plan Width": 36, "Plans": [{"Node Type": "Nested Loop", "Parent Relationship": "Outer", "Join Type": "Inner", "Startup Cost": 195.31, "Total Cost": 17369895766.54, "Plan Rows": 51198, "Plan Width": 36, "Inner Unique": false, "Join Filter": "(lineitem.l_orderkey = orders.o_orderkey)", "Plans": [{"Node Type": "Seq Scan", "Parent Relationship": "Outer", "Relation Name": "orders", "Alias": "orders", "Startup Cost": 195.31, "Total Cost": 501411.18, "Plan Rows": 4531967, "Plan Width": 24, "Filter": "((o_orderdate >= '1995-01-01 00:00:00'::timestamp(0) without time zone) AND (o_orderdate <= '1996-12-31 00:00:00'::timestamp(0) without time zone)), (LLVM Optimized)"}, {"Node Type": "Materialize", "Parent Relationship": "Inner", "Startup Cost": 0.0, "Total Cost": 12295608227.26, "Plan Rows": 74637, "Plan Width": 28, "Plans": [{"Node Type": "Nested Loop", "Parent Relationship": "Outer", "Join Type": "Inner", "Startup Cost": 0.0, "Total Cost": 12295607854.08, "Plan Rows": 74637, "Plan Width": 28, "Inner Unique": false, "Join Filter": "(lineitem.l_suppkey = supplier.s_suppkey)", "Plans": [{"Node Type": "Seq Scan", "Parent Relationship": "Outer", "Relation Name": "supplier", "Alias": "supplier", "Startup Cost": 0.0, "Total Cost": 3283.0, "Plan Rows": 100000, "Plan Width": 12}, {"Node Type": "Materialize", "Parent Relationship": "Inner", "Startup Cost": 0.0, "Total Cost": 12183649257.67, "Plan Rows": 74637, "Plan Width": 32, "Plans": [{"Node Type": "Nested Loop", "Parent Relationship": "Outer", "Join Type": "Inner", "Startup Cost": 0.0, "Total Cost": 12183648884.49, "Plan Rows": 74637, "Plan Width": 32, "Inner Unique": true, "Join Filter": "(part.p_partkey = lineitem.l_partkey)", "Plans": [{"Node Type": "Seq Scan", "Parent Relationship": "Outer", "Relation Name": "lineitem", "Alias": "lineitem", "Startup Cost": 0.0, "Total Cost": 2015115.33, "Plan Rows": 59987033, "Plan Width": 40}, {"Node Type": "Materialize", "Parent Relationship": "Inner", "Startup Cost": 0.0, "Total Cost": 67011.69, "Plan Rows": 13538, "Plan Width": 8, "Plans": [{"Node Type": "Seq Scan", "Parent Relationship": "Outer", "Relation Name": "part", "Alias": "part", "Startup Cost": 0.0, "Total Cost": 66944.0, "Plan Rows": 13538, "Plan Width": 8, "Filter": "((p_type)::text = 'SMALL PLATED COPPER'::text)"}]}]}]}]}]}]}]}]}, {"Node Type": "Materialize", "Parent Relationship": "Inner", "Startup Cost": 0.0, "Total Cost": 1.38, "Plan Rows": 25, "Plan Width": 30, "Plans": [{"Node Type": "Seq Scan", "Parent Relationship": "Outer", "Relation Name": "nation", "Alias": "n2", "Startup Cost": 0.0, "Total Cost": 1.25, "Plan Rows": 25, "Plan Width": 30}]}]}]}]}, "Unique SQL Id": 3681808042, "Planner Runtime": 3}, "explain_analyze_plan": null}, "(64, 63)": {"explain_plan": {"Plan": {"Node Type": "Sort", "Startup Cost": 8018022317922.2, "Total Cost": 8018022317922.22, "Plan Rows": 10, "Plan Width": 66, "Sort Key": ["(date_part('year'::text, orders.o_orderdate))"], "Plans": [{"Node Type": "Aggregate", "Strategy": "Hashed", "Parent Relationship": "Outer", "Startup Cost": 8018022317921.88, "Total Cost": 8018022317922.03, "Plan Rows": 10, "Plan Width": 66, "Group By Key": ["date_part('year'::text, orders.o_orderdate)"], "Plans": [{"Node Type": "Nested Loop", "Parent Relationship": "Outer", "Join Type": "Inner", "Startup Cost": 80000000000.0, "Total Cost": 8018022317802.06, "Plan Rows": 5991, "Plan Width": 50, "Inner Unique": true, "Join Filter": "(supplier.s_nationkey = n2.n_nationkey)", "Plans": [{"Node Type": "Nested Loop", "Parent Relationship": "Outer", "Join Type": "Inner", "Startup Cost": 70000000000.0, "Total Cost": 7018022314277.89, "Plan Rows": 5991, "Plan Width": 28, "Inner Unique": false, "Join Filter": "(customer.c_custkey = orders.o_custkey)", "Plans": [{"Node Type": "Nested Loop", "Parent Relationship": "Outer", "Join Type": "Inner", "Startup Cost": 40000000000.0, "Total Cost": 4017783730995.63, "Plan Rows": 51198, "Plan Width": 36, "Inner Unique": true, "Join Filter": "(lineitem.l_orderkey = orders.o_orderkey)", "Plans": [{"Node Type": "Nested Loop", "Parent Relationship": "Outer", "Join Type": "Inner", "Startup Cost": 30000000000.0, "Total Cost": 3012629335768.03, "Plan Rows": 74637, "Plan Width": 28, "Inner Unique": false, "Join Filter": "(lineitem.l_suppkey = supplier.s_suppkey)", "Plans": [{"Node Type": "Index Scan", "Parent Relationship": "Outer", "Scan Direction": "Forward", "Index Name": "idx_supplier_nation_key", "Relation Name": "supplier", "Alias": "supplier", "Startup Cost": 10000000000.0, "Total Cost": 1000001217556.78, "Plan Rows": 100000, "Plan Width": 12}, {"Node Type": "Materialize", "Parent Relationship": "Inner", "Startup Cost": 20000000000.0, "Total Cost": 2012516162897.84, "Plan Rows": 74637, "Plan Width": 32, "Plans": [{"Node Type": "Nested Loop", "Parent Relationship": "Outer", "Join Type": "Inner", "Startup Cost": 20000000000.0, "Total Cost": 2012516162524.66, "Plan Rows": 74637, "Plan Width": 32, "Inner Unique": true, "Join Filter": "(part.p_partkey = lineitem.l_partkey)", "Plans": [{"Node Type": "Index Scan", "Parent Relationship": "Outer", "Scan Direction": "Forward", "Index Name": "idx_lineitem_orderkey", "Relation Name": "lineitem", "Alias": "lineitem", "Startup Cost": 10000000000.0, "Total Cost": 1000324015374.5, "Plan Rows": 59987033, "Plan Width": 40}, {"Node Type": "Materialize", "Parent Relationship": "Inner", "Startup Cost": 10000000000.0, "Total Cost": 1000010580392.69, "Plan Rows": 13538, "Plan Width": 8, "Plans": [{"Node Type": "Index Scan", "Parent Relationship": "Outer", "Scan Direction": "Forward", "Index Name": "part_kpey", "Relation Name": "part", "Alias": "part", "Startup Cost": 10000000000.0, "Total Cost": 1000010580325.0, "Plan Rows": 13538, "Plan Width": 8, "Filter": "((p_type)::text = 'SMALL PLATED COPPER'::text)"}]}]}]}]}, {"Node Type": "Materialize", "Parent Relationship": "Inner", "Startup Cost": 10000000000.0, "Total Cost": 1000080620242.83, "Plan Rows": 4531967, "Plan Width": 24, "Plans": [{"Node Type": "Index Scan", "Parent Relationship": "Outer", "Scan Direction": "Forward", "Index Name": "orders_pkey", "Relation Name": "orders", "Alias": "orders", "Startup Cost": 10000000000.0, "Total Cost": 1000080597583.0, "Plan Rows": 4531967, "Plan Width": 24, "Filter": "((o_orderdate >= '1995-01-01 00:00:00'::timestamp(0) without time zone) AND (o_orderdate <= '1996-12-31 00:00:00'::timestamp(0) without time zone)), (LLVM Optimized)"}]}]}, {"Node Type": "Materialize", "Parent Relationship": "Inner", "Startup Cost": 30000000000.0, "Total Cost": 3000008193032.26, "Plan Rows": 300000, "Plan Width": 8, "Plans": [{"Node Type": "Nested Loop", "Parent Relationship": "Outer", "Join Type": "Inner", "Startup Cost": 30000000000.0, "Total Cost": 3000008191532.26, "Plan Rows": 300000, "Plan Width": 8, "Inner Unique": false, "Join Filter": "(n1.n_nationkey = customer.c_nationkey), (LLVM Optimized)", "Plans": [{"Node Type": "Index Scan", "Parent Relationship": "Outer", "Scan Direction": "Forward", "Index Name": "customer_pkey", "Relation Name": "customer", "Alias": "customer", "Startup Cost": 10000000000.0, "Total Cost": 1000008076535.62, "Plan Rows": 1500000, "Plan Width": 12}, {"Node Type": "Materialize", "Parent Relationship": "Inner", "Startup Cost": 20000000000.0, "Total Cost": 2000000002496.65, "Plan Rows": 5, "Plan Width": 4, "Plans": [{"Node Type": "Nested Loop", "Parent Relationship": "Outer", "Join Type": "Inner", "Startup Cost": 20000000000.0, "Total Cost": 2000000002496.63, "Plan Rows": 5, "Plan Width": 4, "Inner Unique": true, "Join Filter": "(n1.n_regionkey = region.r_regionkey)", "Plans": [{"Node Type": "Index Scan", "Parent Relationship": "Outer", "Scan Direction": "Forward", "Index Name": "nation_pkey", "Relation Name": "nation", "Alias": "n1", "Startup Cost": 10000000000.0, "Total Cost": 1000000001262.5, "Plan Rows": 25, "Plan Width": 8}, {"Node Type": "Materialize", "Parent Relationship": "Inner", "Startup Cost": 10000000000.0, "Total Cost": 1000000001233.76, "Plan Rows": 1, "Plan Width": 4, "Plans": [{"Node Type": "Index Scan", "Parent Relationship": "Outer", "Scan Direction": "Forward", "Index Name": "region_pkey", "Relation Name": "region", "Alias": "region", "Startup Cost": 10000000000.0, "Total Cost": 1000000001233.75, "Plan Rows": 1, "Plan Width": 4, "Filter": "(r_name = 'ASIA'::bpchar)"}]}]}]}]}]}]}, {"Node Type": "Materialize", "Parent Relationship": "Inner", "Startup Cost": 10000000000.0, "Total Cost": 1000000001262.62, "Plan Rows": 25, "Plan Width": 30, "Plans": [{"Node Type": "Index Scan", "Parent Relationship": "Outer", "Scan Direction": "Forward", "Index Name": "nation_pkey", "Relation Name": "nation", "Alias": "n2", "Startup Cost": 10000000000.0, "Total Cost": 1000000001262.5, "Plan Rows": 25, "Plan Width": 30}]}]}]}]}, "Unique SQL Id": 3681808042, "Planner Runtime": 2}, "explain_analyze_plan": null}, "(64, 64)": {"explain_plan": {"Plan": {"Node Type": "Sort", "Startup Cost": 486022.68, "Total Cost": 486022.71, "Plan Rows": 10, "Plan Width": 66, "Sort Key": ["(date_part('year'::text, orders.o_orderdate))"], "Plans": [{"Node Type": "Aggregate", "Strategy": "Hashed", "Parent Relationship": "Outer", "Startup Cost": 486022.37, "Total Cost": 486022.52, "Plan Rows": 10, "Plan Width": 66, "Group By Key": ["date_part('year'::text, orders.o_orderdate)"], "Plans": [{"Node Type": "Hash Join", "Parent Relationship": "Outer", "Join Type": "Inner", "Startup Cost": 4537.06, "Total Cost": 485902.55, "Plan Rows": 5991, "Plan Width": 50, "Inner Unique": true, "Hash Cond": "(supplier.s_nationkey = n2.n_nationkey)", "Plans": [{"Node Type": "Hash Join", "Parent Relationship": "Outer", "Join Type": "Inner", "Startup Cost": 4535.5, "Total Cost": 485803.63, "Plan Rows": 5991, "Plan Width": 28, "Inner Unique": false, "Hash Cond": "(customer.c_nationkey = n1.n_nationkey)", "Plans": [{"Node Type": "Nested Loop", "Parent Relationship": "Outer", "Join Type": "Inner", "Startup Cost": 4533.0, "Total Cost": 485661.65, "Plan Rows": 29954, "Plan Width": 32, "Inner Unique": true, "Plans": [{"Node Type": "Hash Join", "Parent Relationship": "Outer", "Join Type": "Inner", "Startup Cost": 4533.0, "Total Cost": 469409.78, "Plan Rows": 51198, "Plan Width": 36, "Inner Unique": true, "Hash Cond": "(lineitem.l_suppkey = supplier.s_suppkey)", "Plans": [{"Node Type": "Nested Loop", "Parent Relationship": "Outer", "Join Type": "Inner", "Startup Cost": 0.0, "Total Cost": 464497.44, "Plan Rows": 86479, "Plan Width": 40, "Inner Unique": true, "Plans": [{"Node Type": "Nested Loop", "Parent Relationship": "Outer", "Join Type": "Inner", "Startup Cost": 0.0, "Total Cost": 441564.57, "Plan Rows": 74637, "Plan Width": 32, "Inner Unique": false, "Plans": [{"Node Type": "Seq Scan", "Parent Relationship": "Outer", "Relation Name": "part", "Alias": "part", "Startup Cost": 0.0, "Total Cost": 66944.0, "Plan Rows": 13538, "Plan Width": 8, "Filter": "((p_type)::text = 'SMALL PLATED COPPER'::text)"}, {"Node Type": "Index Scan", "Parent Relationship": "Inner", "Scan Direction": "Forward", "Index Name": "idx_lineitem_part_supp", "Relation Name": "lineitem", "Alias": "lineitem", "Startup Cost": 0.0, "Total Cost": 27.61, "Plan Rows": 6, "Plan Width": 40, "Index Cond": "(l_partkey = part.p_partkey)"}]}, {"Node Type": "Index Scan", "Parent Relationship": "Inner", "Scan Direction": "Forward", "Index Name": "orders_pkey", "Relation Name": "orders", "Alias": "orders", "Startup Cost": 0.0, "Total Cost": 0.3, "Plan Rows": 1, "Plan Width": 24, "Index Cond": "(o_orderkey = lineitem.l_orderkey)", "Filter": "((o_orderdate >= '1995-01-01 00:00:00'::timestamp(0) without time zone) AND (o_orderdate <= '1996-12-31 00:00:00'::timestamp(0) without time zone))"}]}, {"Node Type": "Hash", "Parent Relationship": "Inner", "Startup Cost": 3283.0, "Total Cost": 3283.0, "Plan Rows": 100000, "Plan Width": 12, "Plans": [{"Node Type": "Seq Scan", "Parent Relationship": "Outer", "Relation Name": "supplier", "Alias": "supplier", "Startup Cost": 0.0, "Total Cost": 3283.0, "Plan Rows": 100000, "Plan Width": 12}]}]}, {"Node Type": "Index Scan", "Parent Relationship": "Inner", "Scan Direction": "Forward", "Index Name": "customer_pkey", "Relation Name": "customer", "Alias": "customer", "Startup Cost": 0.0, "Total Cost": 0.31, "Plan Rows": 1, "Plan Width": 12, "Index Cond": "(c_custkey = orders.o_custkey)"}]}, {"Node Type": "Hash", "Parent Relationship": "Inner", "Startup Cost": 2.44, "Total Cost": 2.44, "Plan Rows": 5, "Plan Width": 4, "Plans": [{"Node Type": "Hash Join", "Parent Relationship": "Outer", "Join Type": "Inner", "Startup Cost": 1.07, "Total Cost": 2.44, "Plan Rows": 5, "Plan Width": 4, "Inner Unique": true, "Hash Cond": "(n1.n_regionkey = region.r_regionkey)", "Plans": [{"Node Type": "Seq Scan", "Parent Relationship": "Outer", "Relation Name": "nation", "Alias": "n1", "Startup Cost": 0.0, "Total Cost": 1.25, "Plan Rows": 25, "Plan Width": 8}, {"Node Type": "Hash", "Parent Relationship": "Inner", "Startup Cost": 1.06, "Total Cost": 1.06, "Plan Rows": 1, "Plan Width": 4, "Plans": [{"Node Type": "Seq Scan", "Parent Relationship": "Outer", "Relation Name": "region", "Alias": "region", "Startup Cost": 0.0, "Total Cost": 1.06, "Plan Rows": 1, "Plan Width": 4, "Filter": "(r_name = 'ASIA'::bpchar)"}]}]}]}]}, {"Node Type": "Hash", "Parent Relationship": "Inner", "Startup Cost": 1.25, "Total Cost": 1.25, "Plan Rows": 25, "Plan Width": 30, "Plans": [{"Node Type": "Seq Scan", "Parent Relationship": "Outer", "Relation Name": "nation", "Alias": "n2", "Startup Cost": 0.0, "Total Cost": 1.25, "Plan Rows": 25, "Plan Width": 30}]}]}]}]}, "Unique SQL Id": 3681808042, "Planner Runtime": 8}, "explain_analyze_plan": {"Plan": {"Node Type": "Sort", "Startup Cost": 486022.68, "Total Cost": 486022.71, "Plan Rows": 10, "Plan Width": 66, "Actual Startup Time": 6756.022, "Actual Total Time": 6756.022, "Actual Rows": 2, "Actual Loops": 1, "Sort Key": ["(date_part('year'::text, orders.o_orderdate))"], "Sort Method": "quicksort", "Sort Space Used": 25, "Sort Space Type": "Memory", "Plans": [{"Node Type": "Aggregate", "Strategy": "Hashed", "Parent Relationship": "Outer", "Startup Cost": 486022.37, "Total Cost": 486022.52, "Plan Rows": 10, "Plan Width": 66, "Actual Startup Time": 6755.961, "Actual Total Time": 6755.962, "Actual Rows": 2, "Actual Loops": 1, "Group By Key": ["date_part('year'::text, orders.o_orderdate)"], "Plans": [{"Node Type": "Hash Join", "Parent Relationship": "Outer", "Join Type": "Inner", "Startup Cost": 4537.06, "Total Cost": 485902.55, "Plan Rows": 5991, "Plan Width": 50, "Actual Startup Time": 67.43, "Actual Total Time": 6719.443, "Actual Rows": 23929, "Actual Loops": 1, "Inner Unique": true, "Hash Cond": "(supplier.s_nationkey = n2.n_nationkey)", "Plans": [{"Node Type": "Hash Join", "Parent Relationship": "Outer", "Join Type": "Inner", "Startup Cost": 4535.5, "Total Cost": 485803.63, "Plan Rows": 5991, "Plan Width": 28, "Actual Startup Time": 67.32, "Actual Total Time": 6686.883, "Actual Rows": 23929, "Actual Loops": 1, "Inner Unique": false, "Hash Cond": "(customer.c_nationkey = n1.n_nationkey)", "Plans": [{"Node Type": "Nested Loop", "Parent Relationship": "Outer", "Join Type": "Inner", "Startup Cost": 4533.0, "Total Cost": 485661.65, "Plan Rows": 29954, "Plan Width": 32, "Actual Startup Time": 66.995, "Actual Total Time": 6648.807, "Actual Rows": 119765, "Actual Loops": 1, "Inner Unique": true, "Plans": [{"Node Type": "Hash Join", "Parent Relationship": "Outer", "Join Type": "Inner", "Startup Cost": 4533.0, "Total Cost": 469409.78, "Plan Rows": 51198, "Plan Width": 36, "Actual Startup Time": 66.961, "Actual Total Time": 5656.883, "Actual Rows": 119765, "Actual Loops": 1, "Inner Unique": true, "Hash Cond": "(lineitem.l_suppkey = supplier.s_suppkey)", "Plans": [{"Node Type": "Nested Loop", "Parent Relationship": "Outer", "Join Type": "Inner", "Startup Cost": 0.0, "Total Cost": 464497.44, "Plan Rows": 86479, "Plan Width": 40, "Actual Startup Time": 0.202, "Actual Total Time": 5506.065, "Actual Rows": 119765, "Actual Loops": 1, "Inner Unique": true, "Plans": [{"Node Type": "Nested Loop", "Parent Relationship": "Outer", "Join Type": "Inner", "Startup Cost": 0.0, "Total Cost": 441564.57, "Plan Rows": 74637, "Plan Width": 32, "Actual Startup Time": 0.04, "Actual Total Time": 2015.962, "Actual Rows": 395341, "Actual Loops": 1, "Inner Unique": false, "Plans": [{"Node Type": "Seq Scan", "Parent Relationship": "Outer", "Relation Name": "part", "Alias": "part", "Startup Cost": 0.0, "Total Cost": 66944.0, "Plan Rows": 13538, "Plan Width": 8, "Actual Startup Time": 0.02, "Actual Total Time": 775.693, "Actual Rows": 13163, "Actual Loops": 1, "Filter": "((p_type)::text = 'SMALL PLATED COPPER'::text)", "Rows Removed by Filter": 1986837}, {"Node Type": "Index Scan", "Parent Relationship": "Inner", "Scan Direction": "Forward", "Index Name": "idx_lineitem_part_supp", "Relation Name": "lineitem", "Alias": "lineitem", "Startup Cost": 0.0, "Total Cost": 27.61, "Plan Rows": 6, "Plan Width": 40, "Actual Startup Time": 155.92, "Actual Total Time": 1137.781, "Actual Rows": 395341, "Actual Loops": 13163, "Index Cond": "(l_partkey = part.p_partkey)", "Rows Removed by Index Recheck": 0}]}, {"Node Type": "Index Scan", "Parent Relationship": "Inner", "Scan Direction": "Forward", "Index Name": "orders_pkey", "Relation Name": "orders", "Alias": "orders", "Startup Cost": 0.0, "Total Cost": 0.3, "Plan Rows": 1, "Plan Width": 24, "Actual Startup Time": 3259.926, "Actual Total Time": 3259.926, "Actual Rows": 119765, "Actual Loops": 395341, "Index Cond": "(o_orderkey = lineitem.l_orderkey)", "Rows Removed by Index Recheck": 0, "Filter": "((o_orderdate >= '1995-01-01 00:00:00'::timestamp(0) without time zone) AND (o_orderdate <= '1996-12-31 00:00:00'::timestamp(0) without time zone))", "Rows Removed by Filter": 275576}]}, {"Node Type": "Hash", "Parent Relationship": "Inner", "Startup Cost": 3283.0, "Total Cost": 3283.0, "Plan Rows": 100000, "Plan Width": 12, "Actual Startup Time": 66.654, "Actual Total Time": 66.654, "Actual Rows": 100000, "Actual Loops": 1, "Hash Buckets": 131072, "Hash Batches": 1, "Original Hash Batches": 1, "Peak Memory Usage": 4297, "Plans": [{"Node Type": "Seq Scan", "Parent Relationship": "Outer", "Relation Name": "supplier", "Alias": "supplier", "Startup Cost": 0.0, "Total Cost": 3283.0, "Plan Rows": 100000, "Plan Width": 12, "Actual Startup Time": 0.01, "Actual Total Time": 40.336, "Actual Rows": 100000, "Actual Loops": 1}]}]}, {"Node Type": "Index Scan", "Parent Relationship": "Inner", "Scan Direction": "Forward", "Index Name": "customer_pkey", "Relation Name": "customer", "Alias": "customer", "Startup Cost": 0.0, "Total Cost": 0.31, "Plan Rows": 1, "Plan Width": 12, "Actual Startup Time": 882.839, "Actual Total Time": 882.839, "Actual Rows": 119765, "Actual Loops": 119765, "Index Cond": "(c_custkey = orders.o_custkey)", "Rows Removed by Index Recheck": 0}]}, {"Node Type": "Hash", "Parent Relationship": "Inner", "Startup Cost": 2.44, "Total Cost": 2.44, "Plan Rows": 5, "Plan Width": 4, "Actual Startup Time": 0.066, "Actual Total Time": 0.066, "Actual Rows": 5, "Actual Loops": 1, "Hash Buckets": 32768, "Hash Batches": 1, "Original Hash Batches": 1, "Peak Memory Usage": 1, "Plans": [{"Node Type": "Hash Join", "Parent Relationship": "Outer", "Join Type": "Inner", "Startup Cost": 1.07, "Total Cost": 2.44, "Plan Rows": 5, "Plan Width": 4, "Actual Startup Time": 0.051, "Actual Total Time": 0.059, "Actual Rows": 5, "Actual Loops": 1, "Inner Unique": true, "Hash Cond": "(n1.n_regionkey = region.r_regionkey)", "Plans": [{"Node Type": "Seq Scan", "Parent Relationship": "Outer", "Relation Name": "nation", "Alias": "n1", "Startup Cost": 0.0, "Total Cost": 1.25, "Plan Rows": 25, "Plan Width": 8, "Actual Startup Time": 0.006, "Actual Total Time": 0.01, "Actual Rows": 25, "Actual Loops": 1}, {"Node Type": "Hash", "Parent Relationship": "Inner", "Startup Cost": 1.06, "Total Cost": 1.06, "Plan Rows": 1, "Plan Width": 4, "Actual Startup Time": 0.011, "Actual Total Time": 0.011, "Actual Rows": 1, "Actual Loops": 1, "Hash Buckets": 32768, "Hash Batches": 1, "Original Hash Batches": 1, "Peak Memory Usage": 1, "Plans": [{"Node Type": "Seq Scan", "Parent Relationship": "Outer", "Relation Name": "region", "Alias": "region", "Startup Cost": 0.0, "Total Cost": 1.06, "Plan Rows": 1, "Plan Width": 4, "Actual Startup Time": 0.009, "Actual Total Time": 0.01, "Actual Rows": 1, "Actual Loops": 1, "Filter": "(r_name = 'ASIA'::bpchar)", "Rows Removed by Filter": 4}]}]}]}]}, {"Node Type": "Hash", "Parent Relationship": "Inner", "Startup Cost": 1.25, "Total Cost": 1.25, "Plan Rows": 25, "Plan Width": 30, "Actual Startup Time": 0.038, "Actual Total Time": 0.038, "Actual Rows": 25, "Actual Loops": 1, "Hash Buckets": 32768, "Hash Batches": 1, "Original Hash Batches": 1, "Peak Memory Usage": 2, "Plans": [{"Node Type": "Seq Scan", "Parent Relationship": "Outer", "Relation Name": "nation", "Alias": "n2", "Startup Cost": 0.0, "Total Cost": 1.25, "Plan Rows": 25, "Plan Width": 30, "Actual Startup Time": 0.012, "Actual Total Time": 0.017, "Actual Rows": 25, "Actual Loops": 1}]}]}]}]}, "Triggers": [], "Planner Runtime": 5, "Total Runtime": 6756.391, "Unique SQL Id": 3681808042}}, "(64, 65)": {"explain_plan": {"Plan": {"Node Type": "Sort", "Startup Cost": 526963.15, "Total Cost": 526963.18, "Plan Rows": 10, "Plan Width": 66, "Sort Key": ["(date_part('year'::text, orders.o_orderdate))"], "Plans": [{"Node Type": "Aggregate", "Strategy": "Hashed", "Parent Relationship": "Outer", "Startup Cost": 526962.83, "Total Cost": 526962.98, "Plan Rows": 10, "Plan Width": 66, "Group By Key": ["date_part('year'::text, orders.o_orderdate)"], "Plans": [{"Node Type": "Hash Join", "Parent Relationship": "Outer", "Join Type": "Inner", "Startup Cost": 6618.28, "Total Cost": 526843.01, "Plan Rows": 5991, "Plan Width": 50, "Inner Unique": true, "Hash Cond": "(supplier.s_nationkey = n2.n_nationkey)", "Plans": [{"Node Type": "Hash Join", "Parent Relationship": "Outer", "Join Type": "Inner", "Startup Cost": 6605.34, "Total Cost": 526732.72, "Plan Rows": 5991, "Plan Width": 28, "Inner Unique": false, "Hash Cond": "(customer.c_nationkey = n1.n_nationkey)", "Plans": [{"Node Type": "Nested Loop", "Parent Relationship": "Outer", "Join Type": "Inner", "Startup Cost": 6584.54, "Total Cost": 526572.45, "Plan Rows": 29954, "Plan Width": 32, "Inner Unique": true, "Plans": [{"Node Type": "Hash Join", "Parent Relationship": "Outer", "Join Type": "Inner", "Startup Cost": 6584.54, "Total Cost": 510320.57, "Plan Rows": 51198, "Plan Width": 36, "Inner Unique": true, "Hash Cond": "(lineitem.l_suppkey = supplier.s_suppkey)", "Plans": [{"Node Type": "Nested Loop", "Parent Relationship": "Outer", "Join Type": "Inner", "Startup Cost": 0.0, "Total Cost": 503356.69, "Plan Rows": 86479, "Plan Width": 40, "Inner Unique": true, "Plans": [{"Node Type": "Nested Loop", "Parent Relationship": "Outer", "Join Type": "Inner", "Startup Cost": 0.0, "Total Cost": 480423.82, "Plan Rows": 74637, "Plan Width": 32, "Inner Unique": false, "Plans": [{"Node Type": "Index Scan", "Parent Relationship": "Outer", "Scan Direction": "Forward", "Index Name": "part_kpey", "Relation Name": "part", "Alias": "part", "Startup Cost": 0.0, "Total Cost": 105803.25, "Plan Rows": 13538, "Plan Width": 8, "Filter": "((p_type)::text = 'SMALL PLATED COPPER'::text)"}, {"Node Type": "Index Scan", "Parent Relationship": "Inner", "Scan Direction": "Forward", "Index Name": "idx_lineitem_part_supp", "Relation Name": "lineitem", "Alias": "lineitem", "Startup Cost": 0.0, "Total Cost": 27.61, "Plan Rows": 6, "Plan Width": 40, "Index Cond": "(l_partkey = part.p_partkey)"}]}, {"Node Type": "Index Scan", "Parent Relationship": "Inner", "Scan Direction": "Forward", "Index Name": "orders_pkey", "Relation Name": "orders", "Alias": "orders", "Startup Cost": 0.0, "Total Cost": 0.3, "Plan Rows": 1, "Plan Width": 24, "Index Cond": "(o_orderkey = lineitem.l_orderkey)", "Filter": "((o_orderdate >= '1995-01-01 00:00:00'::timestamp(0) without time zone) AND (o_orderdate <= '1996-12-31 00:00:00'::timestamp(0) without time zone))"}]}, {"Node Type": "Hash", "Parent Relationship": "Inner", "Startup Cost": 5334.54, "Total Cost": 5334.54, "Plan Rows": 100000, "Plan Width": 12, "Plans": [{"Node Type": "Index Scan", "Parent Relationship": "Outer", "Scan Direction": "Forward", "Index Name": "supplier_pkey", "Relation Name": "supplier", "Alias": "supplier", "Startup Cost": 0.0, "Total Cost": 5334.54, "Plan Rows": 100000, "Plan Width": 12}]}]}, {"Node Type": "Index Scan", "Parent Relationship": "Inner", "Scan Direction": "Forward", "Index Name": "customer_pkey", "Relation Name": "customer", "Alias": "customer", "Startup Cost": 0.0, "Total Cost": 0.31, "Plan Rows": 1, "Plan Width": 12, "Index Cond": "(c_custkey = orders.o_custkey)"}]}, {"Node Type": "Hash", "Parent Relationship": "Inner", "Startup Cost": 20.74, "Total Cost": 20.74, "Plan Rows": 5, "Plan Width": 4, "Plans": [{"Node Type": "Nested Loop", "Parent Relationship": "Outer", "Join Type": "Inner", "Startup Cost": 0.0, "Total Cost": 20.74, "Plan Rows": 5, "Plan Width": 4, "Inner Unique": false, "Plans": [{"Node Type": "Index Scan", "Parent Relationship": "Outer", "Scan Direction": "Forward", "Index Name": "region_pkey", "Relation Name": "region", "Alias": "region", "Startup Cost": 0.0, "Total Cost": 12.34, "Plan Rows": 1, "Plan Width": 4, "Filter": "(r_name = 'ASIA'::bpchar)"}, {"Node Type": "Index Scan", "Parent Relationship": "Inner", "Scan Direction": "Forward", "Index Name": "idx_nation_regionkey", "Relation Name": "nation", "Alias": "n1", "Startup Cost": 0.0, "Total Cost": 8.35, "Plan Rows": 5, "Plan Width": 8, "Index Cond": "(n_regionkey = region.r_regionkey)"}]}]}]}, {"Node Type": "Hash", "Parent Relationship": "Inner", "Startup Cost": 12.62, "Total Cost": 12.62, "Plan Rows": 25, "Plan Width": 30, "Plans": [{"Node Type": "Index Scan", "Parent Relationship": "Outer", "Scan Direction": "Forward", "Index Name": "nation_pkey", "Relation Name": "nation", "Alias": "n2", "Startup Cost": 0.0, "Total Cost": 12.62, "Plan Rows": 25, "Plan Width": 30}]}]}]}]}, "Unique SQL Id": 3681808042, "Planner Runtime": 7}, "explain_analyze_plan": {"Plan": {"Node Type": "Sort", "Startup Cost": 526963.15, "Total Cost": 526963.18, "Plan Rows": 10, "Plan Width": 66, "Actual Startup Time": 7473.195, "Actual Total Time": 7473.195, "Actual Rows": 2, "Actual Loops": 1, "Sort Key": ["(date_part('year'::text, orders.o_orderdate))"], "Sort Method": "quicksort", "Sort Space Used": 25, "Sort Space Type": "Memory", "Plans": [{"Node Type": "Aggregate", "Strategy": "Hashed", "Parent Relationship": "Outer", "Startup Cost": 526962.83, "Total Cost": 526962.98, "Plan Rows": 10, "Plan Width": 66, "Actual Startup Time": 7473.174, "Actual Total Time": 7473.175, "Actual Rows": 2, "Actual Loops": 1, "Group By Key": ["date_part('year'::text, orders.o_orderdate)"], "Plans": [{"Node Type": "Hash Join", "Parent Relationship": "Outer", "Join Type": "Inner", "Startup Cost": 6618.28, "Total Cost": 526843.01, "Plan Rows": 5991, "Plan Width": 50, "Actual Startup Time": 111.253, "Actual Total Time": 7439.205, "Actual Rows": 23929, "Actual Loops": 1, "Inner Unique": true, "Hash Cond": "(supplier.s_nationkey = n2.n_nationkey)", "Plans": [{"Node Type": "Hash Join", "Parent Relationship": "Outer", "Join Type": "Inner", "Startup Cost": 6605.34, "Total Cost": 526732.72, "Plan Rows": 5991, "Plan Width": 28, "Actual Startup Time": 111.16, "Actual Total Time": 7408.027, "Actual Rows": 23929, "Actual Loops": 1, "Inner Unique": false, "Hash Cond": "(customer.c_nationkey = n1.n_nationkey)", "Plans": [{"Node Type": "Nested Loop", "Parent Relationship": "Outer", "Join Type": "Inner", "Startup Cost": 6584.54, "Total Cost": 526572.45, "Plan Rows": 29954, "Plan Width": 32, "Actual Startup Time": 110.89, "Actual Total Time": 7370.669, "Actual Rows": 119765, "Actual Loops": 1, "Inner Unique": true, "Plans": [{"Node Type": "Hash Join", "Parent Relationship": "Outer", "Join Type": "Inner", "Startup Cost": 6584.54, "Total Cost": 510320.57, "Plan Rows": 51198, "Plan Width": 36, "Actual Startup Time": 110.859, "Actual Total Time": 6357.419, "Actual Rows": 119765, "Actual Loops": 1, "Inner Unique": true, "Hash Cond": "(lineitem.l_suppkey = supplier.s_suppkey)", "Plans": [{"Node Type": "Nested Loop", "Parent Relationship": "Outer", "Join Type": "Inner", "Startup Cost": 0.0, "Total Cost": 503356.69, "Plan Rows": 86479, "Plan Width": 40, "Actual Startup Time": 0.155, "Actual Total Time": 6165.628, "Actual Rows": 119765, "Actual Loops": 1, "Inner Unique": true, "Plans": [{"Node Type": "Nested Loop", "Parent Relationship": "Outer", "Join Type": "Inner", "Startup Cost": 0.0, "Total Cost": 480423.82, "Plan Rows": 74637, "Plan Width": 32, "Actual Startup Time": 0.039, "Actual Total Time": 2622.64, "Actual Rows": 395341, "Actual Loops": 1, "Inner Unique": false, "Plans": [{"Node Type": "Index Scan", "Parent Relationship": "Outer", "Scan Direction": "Forward", "Index Name": "part_kpey", "Relation Name": "part", "Alias": "part", "Startup Cost": 0.0, "Total Cost": 105803.25, "Plan Rows": 13538, "Plan Width": 8, "Actual Startup Time": 0.024, "Actual Total Time": 1376.051, "Actual Rows": 13163, "Actual Loops": 1, "Filter": "((p_type)::text = 'SMALL PLATED COPPER'::text)", "Rows Removed by Filter": 1986837}, {"Node Type": "Index Scan", "Parent Relationship": "Inner", "Scan Direction": "Forward", "Index Name": "idx_lineitem_part_supp", "Relation Name": "lineitem", "Alias": "lineitem", "Startup Cost": 0.0, "Total Cost": 27.61, "Plan Rows": 6, "Plan Width": 40, "Actual Startup Time": 153.471, "Actual Total Time": 1145.154, "Actual Rows": 395341, "Actual Loops": 13163, "Index Cond": "(l_partkey = part.p_partkey)", "Rows Removed by Index Recheck": 0}]}, {"Node Type": "Index Scan", "Parent Relationship": "Inner", "Scan Direction": "Forward", "Index Name": "orders_pkey", "Relation Name": "orders", "Alias": "orders", "Startup Cost": 0.0, "Total Cost": 0.3, "Plan Rows": 1, "Plan Width": 24, "Actual Startup Time": 3308.468, "Actual Total Time": 3308.468, "Actual Rows": 119765, "Actual Loops": 395341, "Index Cond": "(o_orderkey = lineitem.l_orderkey)", "Rows Removed by Index Recheck": 0, "Filter": "((o_orderdate >= '1995-01-01 00:00:00'::timestamp(0) without time zone) AND (o_orderdate <= '1996-12-31 00:00:00'::timestamp(0) without time zone))", "Rows Removed by Filter": 275576}]}, {"Node Type": "Hash", "Parent Relationship": "Inner", "Startup Cost": 5334.54, "Total Cost": 5334.54, "Plan Rows": 100000, "Plan Width": 12, "Actual Startup Time": 110.598, "Actual Total Time": 110.598, "Actual Rows": 100000, "Actual Loops": 1, "Hash Buckets": 131072, "Hash Batches": 1, "Original Hash Batches": 1, "Peak Memory Usage": 4297, "Plans": [{"Node Type": "Index Scan", "Parent Relationship": "Outer", "Scan Direction": "Forward", "Index Name": "supplier_pkey", "Relation Name": "supplier", "Alias": "supplier", "Startup Cost": 0.0, "Total Cost": 5334.54, "Plan Rows": 100000, "Plan Width": 12, "Actual Startup Time": 0.017, "Actual Total Time": 82.915, "Actual Rows": 100000, "Actual Loops": 1}]}]}, {"Node Type": "Index Scan", "Parent Relationship": "Inner", "Scan Direction": "Forward", "Index Name": "customer_pkey", "Relation Name": "customer", "Alias": "customer", "Startup Cost": 0.0, "Total Cost": 0.31, "Plan Rows": 1, "Plan Width": 12, "Actual Startup Time": 903.566, "Actual Total Time": 903.566, "Actual Rows": 119765, "Actual Loops": 119765, "Index Cond": "(c_custkey = orders.o_custkey)", "Rows Removed by Index Recheck": 0}]}, {"Node Type": "Hash", "Parent Relationship": "Inner", "Startup Cost": 20.74, "Total Cost": 20.74, "Plan Rows": 5, "Plan Width": 4, "Actual Startup Time": 0.024, "Actual Total Time": 0.024, "Actual Rows": 5, "Actual Loops": 1, "Hash Buckets": 32768, "Hash Batches": 1, "Original Hash Batches": 1, "Peak Memory Usage": 1, "Plans": [{"Node Type": "Nested Loop", "Parent Relationship": "Outer", "Join Type": "Inner", "Startup Cost": 0.0, "Total Cost": 20.74, "Plan Rows": 5, "Plan Width": 4, "Actual Startup Time": 0.016, "Actual Total Time": 0.022, "Actual Rows": 5, "Actual Loops": 1, "Inner Unique": false, "Plans": [{"Node Type": "Index Scan", "Parent Relationship": "Outer", "Scan Direction": "Forward", "Index Name": "region_pkey", "Relation Name": "region", "Alias": "region", "Startup Cost": 0.0, "Total Cost": 12.34, "Plan Rows": 1, "Plan Width": 4, "Actual Startup Time": 0.009, "Actual Total Time": 0.011, "Actual Rows": 1, "Actual Loops": 1, "Filter": "(r_name = 'ASIA'::bpchar)", "Rows Removed by Filter": 4}, {"Node Type": "Index Scan", "Parent Relationship": "Inner", "Scan Direction": "Forward", "Index Name": "idx_nation_regionkey", "Relation Name": "nation", "Alias": "n1", "Startup Cost": 0.0, "Total Cost": 8.35, "Plan Rows": 5, "Plan Width": 8, "Actual Startup Time": 0.004, "Actual Total Time": 0.005, "Actual Rows": 5, "Actual Loops": 1, "Index Cond": "(n_regionkey = region.r_regionkey)", "Rows Removed by Index Recheck": 0}]}]}]}, {"Node Type": "Hash", "Parent Relationship": "Inner", "Startup Cost": 12.62, "Total Cost": 12.62, "Plan Rows": 25, "Plan Width": 30, "Actual Startup Time": 0.037, "Actual Total Time": 0.037, "Actual Rows": 25, "Actual Loops": 1, "Hash Buckets": 32768, "Hash Batches": 1, "Original Hash Batches": 1, "Peak Memory Usage": 2, "Plans": [{"Node Type": "Index Scan", "Parent Relationship": "Outer", "Scan Direction": "Forward", "Index Name": "nation_pkey", "Relation Name": "nation", "Alias": "n2", "Startup Cost": 0.0, "Total Cost": 12.62, "Plan Rows": 25, "Plan Width": 30, "Actual Startup Time": 0.009, "Actual Total Time": 0.026, "Actual Rows": 25, "Actual Loops": 1}]}]}]}]}, "Triggers": [], "Planner Runtime": 4, "Total Runtime": 7473.55, "Unique SQL Id": 3681808042}}, "(64, 66)": {"explain_plan": {"Plan": {"Node Type": "Sort", "Startup Cost": 816569.87, "Total Cost": 816569.89, "Plan Rows": 10, "Plan Width": 66, "Sort Key": ["(date_part('year'::text, orders.o_orderdate))"], "Plans": [{"Node Type": "Aggregate", "Strategy": "Hashed", "Parent Relationship": "Outer", "Startup Cost": 816569.55, "Total Cost": 816569.7, "Plan Rows": 10, "Plan Width": 66, "Group By Key": ["date_part('year'::text, orders.o_orderdate)"], "Plans": [{"Node Type": "Hash Join", "Parent Relationship": "Outer", "Join Type": "Inner", "Startup Cost": 45453.88, "Total Cost": 816449.73, "Plan Rows": 5991, "Plan Width": 50, "Inner Unique": true, "Hash Cond": "(supplier.s_nationkey = n2.n_nationkey)", "Plans": [{"Node Type": "Hash Join", "Parent Relationship": "Outer", "Join Type": "Inner", "Startup Cost": 45452.32, "Total Cost": 816350.82, "Plan Rows": 5991, "Plan Width": 28, "Inner Unique": false, "Hash Cond": "(orders.o_custkey = customer.c_custkey)", "Plans": [{"Node Type": "Hash Join", "Parent Relationship": "Outer", "Join Type": "Inner", "Startup Cost": 4537.47, "Total Cost": 775184.07, "Plan Rows": 51198, "Plan Width": 36, "Inner Unique": true, "Hash Cond": "(lineitem.l_suppkey = supplier.s_suppkey)", "Plans": [{"Node Type": "Nested Loop", "Parent Relationship": "Outer", "Join Type": "Inner", "Startup Cost": 4.47, "Total Cost": 770271.73, "Plan Rows": 86479, "Plan Width": 40, "Inner Unique": true, "Plans": [{"Node Type": "Nested Loop", "Parent Relationship": "Outer", "Join Type": "Inner", "Startup Cost": 4.21, "Total Cost": 450147.9, "Plan Rows": 74637, "Plan Width": 32, "Inner Unique": false, "Plans": [{"Node Type": "Seq Scan", "Parent Relationship": "Outer", "Relation Name": "part", "Alias": "part", "Startup Cost": 0.0, "Total Cost": 66944.0, "Plan Rows": 13538, "Plan Width": 8, "Filter": "((p_type)::text = 'SMALL PLATED COPPER'::text)"}, {"Node Type": "Bitmap Heap Scan", "Parent Relationship": "Inner", "Relation Name": "lineitem", "Alias": "lineitem", "Startup Cost": 4.21, "Total Cost": 28.25, "Plan Rows": 6, "Plan Width": 40, "Recheck Cond": "(l_partkey = part.p_partkey)", "Plans": [{"Node Type": "Bitmap Index Scan", "Parent Relationship": "Outer", "Index Name": "idx_lineitem_part_supp", "Startup Cost": 0.0, "Total Cost": 4.21, "Plan Rows": 6, "Plan Width": 0, "Index Cond": "(l_partkey = part.p_partkey)"}]}]}, {"Node Type": "Bitmap Heap Scan", "Parent Relationship": "Inner", "Relation Name": "orders", "Alias": "orders", "Startup Cost": 0.26, "Total Cost": 4.28, "Plan Rows": 1, "Plan Width": 24, "Recheck Cond": "(o_orderkey = lineitem.l_orderkey)", "Filter": "((o_orderdate >= '1995-01-01 00:00:00'::timestamp(0) without time zone) AND (o_orderdate <= '1996-12-31 00:00:00'::timestamp(0) without time zone))", "Plans": [{"Node Type": "Bitmap Index Scan", "Parent Relationship": "Outer", "Index Name": "orders_pkey", "Startup Cost": 0.0, "Total Cost": 0.26, "Plan Rows": 1, "Plan Width": 0, "Index Cond": "(o_orderkey = lineitem.l_orderkey)"}]}]}, {"Node Type": "Hash", "Parent Relationship": "Inner", "Startup Cost": 3283.0, "Total Cost": 3283.0, "Plan Rows": 100000, "Plan Width": 12, "Plans": [{"Node Type": "Seq Scan", "Parent Relationship": "Outer", "Relation Name": "supplier", "Alias": "supplier", "Startup Cost": 0.0, "Total Cost": 3283.0, "Plan Rows": 100000, "Plan Width": 12}]}]}, {"Node Type": "Hash", "Parent Relationship": "Inner", "Startup Cost": 37164.85, "Total Cost": 37164.85, "Plan Rows": 300000, "Plan Width": 8, "Plans": [{"Node Type": "Nested Loop", "Parent Relationship": "Outer", "Join Type": "Inner", "Startup Cost": 1031.44, "Total Cost": 37164.85, "Plan Rows": 300000, "Plan Width": 8, "Inner Unique": false, "Plans": [{"Node Type": "Hash Join", "Parent Relationship": "Outer", "Join Type": "Inner", "Startup Cost": 1.07, "Total Cost": 2.44, "Plan Rows": 5, "Plan Width": 4, "Inner Unique": true, "Hash Cond": "(n1.n_regionkey = region.r_regionkey)", "Plans": [{"Node Type": "Seq Scan", "Parent Relationship": "Outer", "Relation Name": "nation", "Alias": "n1", "Startup Cost": 0.0, "Total Cost": 1.25, "Plan Rows": 25, "Plan Width": 8}, {"Node Type": "Hash", "Parent Relationship": "Inner", "Startup Cost": 1.06, "Total Cost": 1.06, "Plan Rows": 1, "Plan Width": 4, "Plans": [{"Node Type": "Seq Scan", "Parent Relationship": "Outer", "Relation Name": "region", "Alias": "region", "Startup Cost": 0.0, "Total Cost": 1.06, "Plan Rows": 1, "Plan Width": 4, "Filter": "(r_name = 'ASIA'::bpchar)"}]}]}, {"Node Type": "Bitmap Heap Scan", "Parent Relationship": "Inner", "Relation Name": "customer", "Alias": "customer", "Startup Cost": 1030.37, "Total Cost": 6832.48, "Plan Rows": 60000, "Plan Width": 12, "Recheck Cond": "(c_nationkey = n1.n_nationkey)", "Plans": [{"Node Type": "Bitmap Index Scan", "Parent Relationship": "Outer", "Index Name": "idx_customer_nationkey", "Startup Cost": 0.0, "Total Cost": 1015.37, "Plan Rows": 60000, "Plan Width": 0, "Index Cond": "(c_nationkey = n1.n_nationkey)"}]}]}]}]}, {"Node Type": "Hash", "Parent Relationship": "Inner", "Startup Cost": 1.25, "Total Cost": 1.25, "Plan Rows": 25, "Plan Width": 30, "Plans": [{"Node Type": "Seq Scan", "Parent Relationship": "Outer", "Relation Name": "nation", "Alias": "n2", "Startup Cost": 0.0, "Total Cost": 1.25, "Plan Rows": 25, "Plan Width": 30}]}]}]}]}, "Unique SQL Id": 3681808042, "Planner Runtime": 8}, "explain_analyze_plan": {"Plan": {"Node Type": "Sort", "Startup Cost": 816569.87, "Total Cost": 816569.89, "Plan Rows": 10, "Plan Width": 66, "Actual Startup Time": 7667.353, "Actual Total Time": 7667.353, "Actual Rows": 2, "Actual Loops": 1, "Sort Key": ["(date_part('year'::text, orders.o_orderdate))"], "Sort Method": "quicksort", "Sort Space Used": 25, "Sort Space Type": "Memory", "Plans": [{"Node Type": "Aggregate", "Strategy": "Hashed", "Parent Relationship": "Outer", "Startup Cost": 816569.55, "Total Cost": 816569.7, "Plan Rows": 10, "Plan Width": 66, "Actual Startup Time": 7667.332, "Actual Total Time": 7667.333, "Actual Rows": 2, "Actual Loops": 1, "Group By Key": ["date_part('year'::text, orders.o_orderdate)"], "Plans": [{"Node Type": "Hash Join", "Parent Relationship": "Outer", "Join Type": "Inner", "Startup Cost": 45453.88, "Total Cost": 816449.73, "Plan Rows": 5991, "Plan Width": 50, "Actual Startup Time": 851.926, "Actual Total Time": 7629.948, "Actual Rows": 23929, "Actual Loops": 1, "Inner Unique": true, "Hash Cond": "(supplier.s_nationkey = n2.n_nationkey)", "Plans": [{"Node Type": "Hash Join", "Parent Relationship": "Outer", "Join Type": "Inner", "Startup Cost": 45452.32, "Total Cost": 816350.82, "Plan Rows": 5991, "Plan Width": 28, "Actual Startup Time": 851.842, "Actual Total Time": 7596.199, "Actual Rows": 23929, "Actual Loops": 1, "Inner Unique": false, "Hash Cond": "(orders.o_custkey = customer.c_custkey)", "Plans": [{"Node Type": "Hash Join", "Parent Relationship": "Outer", "Join Type": "Inner", "Startup Cost": 4537.47, "Total Cost": 775184.07, "Plan Rows": 51198, "Plan Width": 36, "Actual Startup Time": 67.154, "Actual Total Time": 6749.258, "Actual Rows": 119765, "Actual Loops": 1, "Inner Unique": true, "Hash Cond": "(lineitem.l_suppkey = supplier.s_suppkey)", "Plans": [{"Node Type": "Nested Loop", "Parent Relationship": "Outer", "Join Type": "Inner", "Startup Cost": 4.47, "Total Cost": 770271.73, "Plan Rows": 86479, "Plan Width": 40, "Actual Startup Time": 0.114, "Actual Total Time": 6602.036, "Actual Rows": 119765, "Actual Loops": 1, "Inner Unique": true, "Plans": [{"Node Type": "Nested Loop", "Parent Relationship": "Outer", "Join Type": "Inner", "Startup Cost": 4.21, "Total Cost": 450147.9, "Plan Rows": 74637, "Plan Width": 32, "Actual Startup Time": 0.057, "Actual Total Time": 2278.967, "Actual Rows": 395341, "Actual Loops": 1, "Inner Unique": false, "Plans": [{"Node Type": "Seq Scan", "Parent Relationship": "Outer", "Relation Name": "part", "Alias": "part", "Startup Cost": 0.0, "Total Cost": 66944.0, "Plan Rows": 13538, "Plan Width": 8, "Actual Startup Time": 0.017, "Actual Total Time": 783.295, "Actual Rows": 13163, "Actual Loops": 1, "Filter": "((p_type)::text = 'SMALL PLATED COPPER'::text)", "Rows Removed by Filter": 1986837}, {"Node Type": "Bitmap Heap Scan", "Parent Relationship": "Inner", "Relation Name": "lineitem", "Alias": "lineitem", "Startup Cost": 4.21, "Total Cost": 28.25, "Plan Rows": 6, "Plan Width": 40, "Actual Startup Time": 265.088, "Actual Total Time": 1379.745, "Actual Rows": 395341, "Actual Loops": 13163, "Recheck Cond": "(l_partkey = part.p_partkey)", "Rows Removed by Index Recheck": 0, "Exact Heap Blocks": 395337, "Lossy Heap Blocks": 395337, "Plans": [{"Node Type": "Bitmap Index Scan", "Parent Relationship": "Outer", "Index Name": "idx_lineitem_part_supp", "Startup Cost": 0.0, "Total Cost": 4.21, "Plan Rows": 6, "Plan Width": 0, "Actual Startup Time": 172.579, "Actual Total Time": 172.579, "Actual Rows": 395341, "Actual Loops": 13163, "Index Cond": "(l_partkey = part.p_partkey)"}]}]}, {"Node Type": "Bitmap Heap Scan", "Parent Relationship": "Inner", "Relation Name": "orders", "Alias": "orders", "Startup Cost": 0.26, "Total Cost": 4.28, "Plan Rows": 1, "Plan Width": 24, "Actual Startup Time": 3846.759, "Actual Total Time": 3846.759, "Actual Rows": 119765, "Actual Loops": 395341, "Recheck Cond": "(o_orderkey = lineitem.l_orderkey)", "Rows Removed by Index Recheck": 0, "Filter": "((o_orderdate >= '1995-01-01 00:00:00'::timestamp(0) without time zone) AND (o_orderdate <= '1996-12-31 00:00:00'::timestamp(0) without time zone))", "Rows Removed by Filter": 275576, "Exact Heap Blocks": 395341, "Lossy Heap Blocks": 395341, "Plans": [{"Node Type": "Bitmap Index Scan", "Parent Relationship": "Outer", "Index Name": "orders_pkey", "Startup Cost": 0.0, "Total Cost": 0.26, "Plan Rows": 1, "Plan Width": 0, "Actual Startup Time": 2334.793, "Actual Total Time": 2334.793, "Actual Rows": 395341, "Actual Loops": 395341, "Index Cond": "(o_orderkey = lineitem.l_orderkey)"}]}]}, {"Node Type": "Hash", "Parent Relationship": "Inner", "Startup Cost": 3283.0, "Total Cost": 3283.0, "Plan Rows": 100000, "Plan Width": 12, "Actual Startup Time": 66.927, "Actual Total Time": 66.927, "Actual Rows": 100000, "Actual Loops": 1, "Hash Buckets": 131072, "Hash Batches": 1, "Original Hash Batches": 1, "Peak Memory Usage": 4297, "Plans": [{"Node Type": "Seq Scan", "Parent Relationship": "Outer", "Relation Name": "supplier", "Alias": "supplier", "Startup Cost": 0.0, "Total Cost": 3283.0, "Plan Rows": 100000, "Plan Width": 12, "Actual Startup Time": 0.014, "Actual Total Time": 39.887, "Actual Rows": 100000, "Actual Loops": 1}]}]}, {"Node Type": "Hash", "Parent Relationship": "Inner", "Startup Cost": 37164.85, "Total Cost": 37164.85, "Plan Rows": 300000, "Plan Width": 8, "Actual Startup Time": 784.246, "Actual Total Time": 784.246, "Actual Rows": 300270, "Actual Loops": 1, "Hash Buckets": 524288, "Hash Batches": 1, "Original Hash Batches": 1, "Peak Memory Usage": 11730, "Plans": [{"Node Type": "Nested Loop", "Parent Relationship": "Outer", "Join Type": "Inner", "Startup Cost": 1031.44, "Total Cost": 37164.85, "Plan Rows": 300000, "Plan Width": 8, "Actual Startup Time": 18.429, "Actual Total Time": 694.229, "Actual Rows": 300270, "Actual Loops": 1, "Inner Unique": false, "Plans": [{"Node Type": "Hash Join", "Parent Relationship": "Outer", "Join Type": "Inner", "Startup Cost": 1.07, "Total Cost": 2.44, "Plan Rows": 5, "Plan Width": 4, "Actual Startup Time": 0.072, "Actual Total Time": 0.127, "Actual Rows": 5, "Actual Loops": 1, "Inner Unique": true, "Hash Cond": "(n1.n_regionkey = region.r_regionkey)", "Plans": [{"Node Type": "Seq Scan", "Parent Relationship": "Outer", "Relation Name": "nation", "Alias": "n1", "Startup Cost": 0.0, "Total Cost": 1.25, "Plan Rows": 25, "Plan Width": 8, "Actual Startup Time": 0.016, "Actual Total Time": 0.031, "Actual Rows": 25, "Actual Loops": 1}, {"Node Type": "Hash", "Parent Relationship": "Inner", "Startup Cost": 1.06, "Total Cost": 1.06, "Plan Rows": 1, "Plan Width": 4, "Actual Startup Time": 0.017, "Actual Total Time": 0.017, "Actual Rows": 1, "Actual Loops": 1, "Hash Buckets": 32768, "Hash Batches": 1, "Original Hash Batches": 1, "Peak Memory Usage": 1, "Plans": [{"Node Type": "Seq Scan", "Parent Relationship": "Outer", "Relation Name": "region", "Alias": "region", "Startup Cost": 0.0, "Total Cost": 1.06, "Plan Rows": 1, "Plan Width": 4, "Actual Startup Time": 0.012, "Actual Total Time": 0.013, "Actual Rows": 1, "Actual Loops": 1, "Filter": "(r_name = 'ASIA'::bpchar)", "Rows Removed by Filter": 4}]}]}, {"Node Type": "Bitmap Heap Scan", "Parent Relationship": "Inner", "Relation Name": "customer", "Alias": "customer", "Startup Cost": 1030.37, "Total Cost": 6832.48, "Plan Rows": 60000, "Plan Width": 12, "Actual Startup Time": 89.958, "Actual Total Time": 635.494, "Actual Rows": 300270, "Actual Loops": 5, "Recheck Cond": "(c_nationkey = n1.n_nationkey)", "Rows Removed by Index Recheck": 0, "Exact Heap Blocks": 150032, "Lossy Heap Blocks": 150032, "Plans": [{"Node Type": "Bitmap Index Scan", "Parent Relationship": "Outer", "Index Name": "idx_customer_nationkey", "Startup Cost": 0.0, "Total Cost": 1015.37, "Plan Rows": 60000, "Plan Width": 0, "Actual Startup Time": 57.042, "Actual Total Time": 57.042, "Actual Rows": 300270, "Actual Loops": 5, "Index Cond": "(c_nationkey = n1.n_nationkey)"}]}]}]}]}, {"Node Type": "Hash", "Parent Relationship": "Inner", "Startup Cost": 1.25, "Total Cost": 1.25, "Plan Rows": 25, "Plan Width": 30, "Actual Startup Time": 0.033, "Actual Total Time": 0.033, "Actual Rows": 25, "Actual Loops": 1, "Hash Buckets": 32768, "Hash Batches": 1, "Original Hash Batches": 1, "Peak Memory Usage": 2, "Plans": [{"Node Type": "Seq Scan", "Parent Relationship": "Outer", "Relation Name": "nation", "Alias": "n2", "Startup Cost": 0.0, "Total Cost": 1.25, "Plan Rows": 25, "Plan Width": 30, "Actual Startup Time": 0.015, "Actual Total Time": 0.024, "Actual Rows": 25, "Actual Loops": 1}]}]}]}]}, "Triggers": [], "Planner Runtime": 5, "Total Runtime": 7667.878, "Unique SQL Id": 3681808042}}, "(64, 67)": {"explain_plan": {"Plan": {"Node Type": "Sort", "Startup Cost": 66661878.45, "Total Cost": 66661878.48, "Plan Rows": 10, "Plan Width": 66, "Sort Key": ["(date_part('year'::text, orders.o_orderdate))"], "Plans": [{"Node Type": "Aggregate", "Strategy": "Hashed", "Parent Relationship": "Outer", "Startup Cost": 66661878.14, "Total Cost": 66661878.29, "Plan Rows": 10, "Plan Width": 66, "Group By Key": ["date_part('year'::text, orders.o_orderdate)"], "Plans": [{"Node Type": "Nested Loop", "Parent Relationship": "Outer", "Join Type": "Inner", "Startup Cost": 115915.31, "Total Cost": 66661758.32, "Plan Rows": 5991, "Plan Width": 50, "Inner Unique": true, "Plans": [{"Node Type": "Nested Loop", "Parent Relationship": "Outer", "Join Type": "Inner", "Startup Cost": 115915.05, "Total Cost": 66636099.88, "Plan Rows": 5991, "Plan Width": 28, "Inner Unique": true, "Plans": [{"Node Type": "Nested Loop", "Parent Relationship": "Outer", "Join Type": "Inner", "Startup Cost": 115914.79, "Total Cost": 66562068.23, "Plan Rows": 17296, "Plan Width": 32, "Inner Unique": true, "Plans": [{"Node Type": "Nested Loop", "Parent Relationship": "Outer", "Join Type": "Inner", "Startup Cost": 115914.53, "Total Cost": 45938880.46, "Plan Rows": 4814867, "Plan Width": 40, "Inner Unique": false, "Plans": [{"Node Type": "Nested Loop", "Parent Relationship": "Outer", "Join Type": "Inner", "Startup Cost": 115914.01, "Total Cost": 43432501.27, "Plan Rows": 530296, "Plan Width": 16, "Inner Unique": true, "Plans": [{"Node Type": "Nested Loop", "Parent Relationship": "Outer", "Join Type": "Inner", "Startup Cost": 115913.43, "Total Cost": 31228406.3, "Plan Rows": 2651479, "Plan Width": 20, "Inner Unique": true, "Plans": [{"Node Type": "Nested Loop", "Parent Relationship": "Outer", "Join Type": "Inner", "Startup Cost": 115913.17, "Total Cost": 19879399.17, "Plan Rows": 2651479, "Plan Width": 20, "Inner Unique": true, "Plans": [{"Node Type": "Bitmap Heap Scan", "Parent Relationship": "Outer", "Relation Name": "orders", "Alias": "orders", "Startup Cost": 115912.91, "Total Cost": 460311.42, "Plan Rows": 4531967, "Plan Width": 24, "Recheck Cond": "((o_orderdate >= '1995-01-01 00:00:00'::timestamp(0) without time zone) AND (o_orderdate <= '1996-12-31 00:00:00'::timestamp(0) without time zone)), (LLVM Optimized)", "Plans": [{"Node Type": "Bitmap Index Scan", "Parent Relationship": "Outer", "Index Name": "idx_orders_orderdate", "Startup Cost": 0.0, "Total Cost": 114779.92, "Plan Rows": 4531967, "Plan Width": 0, "Index Cond": "((o_orderdate >= '1995-01-01 00:00:00'::timestamp(0) without time zone) AND (o_orderdate <= '1996-12-31 00:00:00'::timestamp(0) without time zone))"}]}, {"Node Type": "Bitmap Heap Scan", "Parent Relationship": "Inner", "Relation Name": "customer", "Alias": "customer", "Startup Cost": 0.26, "Total Cost": 4.27, "Plan Rows": 1, "Plan Width": 12, "Recheck Cond": "(c_custkey = orders.o_custkey)", "Plans": [{"Node Type": "Bitmap Index Scan", "Parent Relationship": "Outer", "Index Name": "customer_pkey", "Startup Cost": 0.0, "Total Cost": 0.26, "Plan Rows": 1, "Plan Width": 0, "Index Cond": "(c_custkey = orders.o_custkey)"}]}]}, {"Node Type": "Bitmap Heap Scan", "Parent Relationship": "Inner", "Relation Name": "nation", "Alias": "n1", "Startup Cost": 0.26, "Total Cost": 4.27, "Plan Rows": 1, "Plan Width": 8, "Recheck Cond": "(n_nationkey = customer.c_nationkey)", "Plans": [{"Node Type": "Bitmap Index Scan", "Parent Relationship": "Outer", "Index Name": "nation_pkey", "Startup Cost": 0.0, "Total Cost": 0.26, "Plan Rows": 1, "Plan Width": 0, "Index Cond": "(n_nationkey = customer.c_nationkey)"}]}]}, {"Node Type": "Bitmap Heap Scan", "Parent Relationship": "Inner", "Relation Name": "region", "Alias": "region", "Startup Cost": 0.58, "Total Cost": 4.59, "Plan Rows": 1, "Plan Width": 4, "Recheck Cond": "(r_regionkey = n1.n_regionkey)", "Filter": "(r_name = 'ASIA'::bpchar)", "Plans": [{"Node Type": "Bitmap Index Scan", "Parent Relationship": "Outer", "Index Name": "region_pkey", "Startup Cost": 0.0, "Total Cost": 0.58, "Plan Rows": 1, "Plan Width": 0, "Index Cond": "(r_regionkey = n1.n_regionkey)"}]}]}, {"Node Type": "Bitmap Heap Scan", "Parent Relationship": "Inner", "Relation Name": "lineitem", "Alias": "lineitem", "Startup Cost": 0.52, "Total Cost": 4.64, "Plan Rows": 9, "Plan Width": 40, "Recheck Cond": "(l_orderkey = orders.o_orderkey)", "Plans": [{"Node Type": "Bitmap Index Scan", "Parent Relationship": "Outer", "Index Name": "idx_lineitem_orderkey", "Startup Cost": 0.0, "Total Cost": 0.52, "Plan Rows": 9, "Plan Width": 0, "Index Cond": "(l_orderkey = orders.o_orderkey)"}]}]}, {"Node Type": "Bitmap Heap Scan", "Parent Relationship": "Inner", "Relation Name": "part", "Alias": "part", "Startup Cost": 0.26, "Total Cost": 4.27, "Plan Rows": 1, "Plan Width": 8, "Recheck Cond": "(p_partkey = lineitem.l_partkey)", "Filter": "((p_type)::text = 'SMALL PLATED COPPER'::text)", "Plans": [{"Node Type": "Bitmap Index Scan", "Parent Relationship": "Outer", "Index Name": "part_kpey", "Startup Cost": 0.0, "Total Cost": 0.26, "Plan Rows": 1, "Plan Width": 0, "Index Cond": "(p_partkey = lineitem.l_partkey)"}]}]}, {"Node Type": "Bitmap Heap Scan", "Parent Relationship": "Inner", "Relation Name": "supplier", "Alias": "supplier", "Startup Cost": 0.26, "Total Cost": 4.27, "Plan Rows": 1, "Plan Width": 12, "Recheck Cond": "(s_suppkey = lineitem.l_suppkey)", "Plans": [{"Node Type": "Bitmap Index Scan", "Parent Relationship": "Outer", "Index Name": "supplier_pkey", "Startup Cost": 0.0, "Total Cost": 0.26, "Plan Rows": 1, "Plan Width": 0, "Index Cond": "(s_suppkey = lineitem.l_suppkey)"}]}]}, {"Node Type": "Bitmap Heap Scan", "Parent Relationship": "Inner", "Relation Name": "nation", "Alias": "n2", "Startup Cost": 0.26, "Total Cost": 4.27, "Plan Rows": 1, "Plan Width": 30, "Recheck Cond": "(n_nationkey = supplier.s_nationkey)", "Plans": [{"Node Type": "Bitmap Index Scan", "Parent Relationship": "Outer", "Index Name": "nation_pkey", "Startup Cost": 0.0, "Total Cost": 0.26, "Plan Rows": 1, "Plan Width": 0, "Index Cond": "(n_nationkey = supplier.s_nationkey)"}]}]}]}]}, "Unique SQL Id": 3681808042, "Planner Runtime": 5}, "explain_analyze_plan": null}, "(64, 68)": {"explain_plan": {"Plan": {"Node Type": "Sort", "Startup Cost": 486022.68, "Total Cost": 486022.71, "Plan Rows": 10, "Plan Width": 66, "Sort Key": ["(date_part('year'::text, orders.o_orderdate))"], "Plans": [{"Node Type": "Aggregate", "Strategy": "Hashed", "Parent Relationship": "Outer", "Startup Cost": 486022.37, "Total Cost": 486022.52, "Plan Rows": 10, "Plan Width": 66, "Group By Key": ["date_part('year'::text, orders.o_orderdate)"], "Plans": [{"Node Type": "Hash Join", "Parent Relationship": "Outer", "Join Type": "Inner", "Startup Cost": 4537.06, "Total Cost": 485902.55, "Plan Rows": 5991, "Plan Width": 50, "Inner Unique": true, "Hash Cond": "(supplier.s_nationkey = n2.n_nationkey)", "Plans": [{"Node Type": "Hash Join", "Parent Relationship": "Outer", "Join Type": "Inner", "Startup Cost": 4535.5, "Total Cost": 485803.63, "Plan Rows": 5991, "Plan Width": 28, "Inner Unique": false, "Hash Cond": "(customer.c_nationkey = n1.n_nationkey)", "Plans": [{"Node Type": "Nested Loop", "Parent Relationship": "Outer", "Join Type": "Inner", "Startup Cost": 4533.0, "Total Cost": 485661.65, "Plan Rows": 29954, "Plan Width": 32, "Inner Unique": true, "Plans": [{"Node Type": "Hash Join", "Parent Relationship": "Outer", "Join Type": "Inner", "Startup Cost": 4533.0, "Total Cost": 469409.78, "Plan Rows": 51198, "Plan Width": 36, "Inner Unique": true, "Hash Cond": "(lineitem.l_suppkey = supplier.s_suppkey)", "Plans": [{"Node Type": "Nested Loop", "Parent Relationship": "Outer", "Join Type": "Inner", "Startup Cost": 0.0, "Total Cost": 464497.44, "Plan Rows": 86479, "Plan Width": 40, "Inner Unique": true, "Plans": [{"Node Type": "Nested Loop", "Parent Relationship": "Outer", "Join Type": "Inner", "Startup Cost": 0.0, "Total Cost": 441564.57, "Plan Rows": 74637, "Plan Width": 32, "Inner Unique": false, "Plans": [{"Node Type": "Seq Scan", "Parent Relationship": "Outer", "Relation Name": "part", "Alias": "part", "Startup Cost": 0.0, "Total Cost": 66944.0, "Plan Rows": 13538, "Plan Width": 8, "Filter": "((p_type)::text = 'SMALL PLATED COPPER'::text)"}, {"Node Type": "Index Scan", "Parent Relationship": "Inner", "Scan Direction": "Forward", "Index Name": "idx_lineitem_part_supp", "Relation Name": "lineitem", "Alias": "lineitem", "Startup Cost": 0.0, "Total Cost": 27.61, "Plan Rows": 6, "Plan Width": 40, "Index Cond": "(l_partkey = part.p_partkey)"}]}, {"Node Type": "Index Scan", "Parent Relationship": "Inner", "Scan Direction": "Forward", "Index Name": "orders_pkey", "Relation Name": "orders", "Alias": "orders", "Startup Cost": 0.0, "Total Cost": 0.3, "Plan Rows": 1, "Plan Width": 24, "Index Cond": "(o_orderkey = lineitem.l_orderkey)", "Filter": "((o_orderdate >= '1995-01-01 00:00:00'::timestamp(0) without time zone) AND (o_orderdate <= '1996-12-31 00:00:00'::timestamp(0) without time zone))"}]}, {"Node Type": "Hash", "Parent Relationship": "Inner", "Startup Cost": 3283.0, "Total Cost": 3283.0, "Plan Rows": 100000, "Plan Width": 12, "Plans": [{"Node Type": "Seq Scan", "Parent Relationship": "Outer", "Relation Name": "supplier", "Alias": "supplier", "Startup Cost": 0.0, "Total Cost": 3283.0, "Plan Rows": 100000, "Plan Width": 12}]}]}, {"Node Type": "Index Scan", "Parent Relationship": "Inner", "Scan Direction": "Forward", "Index Name": "customer_pkey", "Relation Name": "customer", "Alias": "customer", "Startup Cost": 0.0, "Total Cost": 0.31, "Plan Rows": 1, "Plan Width": 12, "Index Cond": "(c_custkey = orders.o_custkey)"}]}, {"Node Type": "Hash", "Parent Relationship": "Inner", "Startup Cost": 2.44, "Total Cost": 2.44, "Plan Rows": 5, "Plan Width": 4, "Plans": [{"Node Type": "Hash Join", "Parent Relationship": "Outer", "Join Type": "Inner", "Startup Cost": 1.07, "Total Cost": 2.44, "Plan Rows": 5, "Plan Width": 4, "Inner Unique": true, "Hash Cond": "(n1.n_regionkey = region.r_regionkey)", "Plans": [{"Node Type": "Seq Scan", "Parent Relationship": "Outer", "Relation Name": "nation", "Alias": "n1", "Startup Cost": 0.0, "Total Cost": 1.25, "Plan Rows": 25, "Plan Width": 8}, {"Node Type": "Hash", "Parent Relationship": "Inner", "Startup Cost": 1.06, "Total Cost": 1.06, "Plan Rows": 1, "Plan Width": 4, "Plans": [{"Node Type": "Seq Scan", "Parent Relationship": "Outer", "Relation Name": "region", "Alias": "region", "Startup Cost": 0.0, "Total Cost": 1.06, "Plan Rows": 1, "Plan Width": 4, "Filter": "(r_name = 'ASIA'::bpchar)"}]}]}]}]}, {"Node Type": "Hash", "Parent Relationship": "Inner", "Startup Cost": 1.25, "Total Cost": 1.25, "Plan Rows": 25, "Plan Width": 30, "Plans": [{"Node Type": "Seq Scan", "Parent Relationship": "Outer", "Relation Name": "nation", "Alias": "n2", "Startup Cost": 0.0, "Total Cost": 1.25, "Plan Rows": 25, "Plan Width": 30}]}]}]}]}, "Unique SQL Id": 3681808042, "Planner Runtime": 7}, "explain_analyze_plan": {"Plan": {"Node Type": "Sort", "Startup Cost": 486022.68, "Total Cost": 486022.71, "Plan Rows": 10, "Plan Width": 66, "Actual Startup Time": 6756.022, "Actual Total Time": 6756.022, "Actual Rows": 2, "Actual Loops": 1, "Sort Key": ["(date_part('year'::text, orders.o_orderdate))"], "Sort Method": "quicksort", "Sort Space Used": 25, "Sort Space Type": "Memory", "Plans": [{"Node Type": "Aggregate", "Strategy": "Hashed", "Parent Relationship": "Outer", "Startup Cost": 486022.37, "Total Cost": 486022.52, "Plan Rows": 10, "Plan Width": 66, "Actual Startup Time": 6755.961, "Actual Total Time": 6755.962, "Actual Rows": 2, "Actual Loops": 1, "Group By Key": ["date_part('year'::text, orders.o_orderdate)"], "Plans": [{"Node Type": "Hash Join", "Parent Relationship": "Outer", "Join Type": "Inner", "Startup Cost": 4537.06, "Total Cost": 485902.55, "Plan Rows": 5991, "Plan Width": 50, "Actual Startup Time": 67.43, "Actual Total Time": 6719.443, "Actual Rows": 23929, "Actual Loops": 1, "Inner Unique": true, "Hash Cond": "(supplier.s_nationkey = n2.n_nationkey)", "Plans": [{"Node Type": "Hash Join", "Parent Relationship": "Outer", "Join Type": "Inner", "Startup Cost": 4535.5, "Total Cost": 485803.63, "Plan Rows": 5991, "Plan Width": 28, "Actual Startup Time": 67.32, "Actual Total Time": 6686.883, "Actual Rows": 23929, "Actual Loops": 1, "Inner Unique": false, "Hash Cond": "(customer.c_nationkey = n1.n_nationkey)", "Plans": [{"Node Type": "Nested Loop", "Parent Relationship": "Outer", "Join Type": "Inner", "Startup Cost": 4533.0, "Total Cost": 485661.65, "Plan Rows": 29954, "Plan Width": 32, "Actual Startup Time": 66.995, "Actual Total Time": 6648.807, "Actual Rows": 119765, "Actual Loops": 1, "Inner Unique": true, "Plans": [{"Node Type": "Hash Join", "Parent Relationship": "Outer", "Join Type": "Inner", "Startup Cost": 4533.0, "Total Cost": 469409.78, "Plan Rows": 51198, "Plan Width": 36, "Actual Startup Time": 66.961, "Actual Total Time": 5656.883, "Actual Rows": 119765, "Actual Loops": 1, "Inner Unique": true, "Hash Cond": "(lineitem.l_suppkey = supplier.s_suppkey)", "Plans": [{"Node Type": "Nested Loop", "Parent Relationship": "Outer", "Join Type": "Inner", "Startup Cost": 0.0, "Total Cost": 464497.44, "Plan Rows": 86479, "Plan Width": 40, "Actual Startup Time": 0.202, "Actual Total Time": 5506.065, "Actual Rows": 119765, "Actual Loops": 1, "Inner Unique": true, "Plans": [{"Node Type": "Nested Loop", "Parent Relationship": "Outer", "Join Type": "Inner", "Startup Cost": 0.0, "Total Cost": 441564.57, "Plan Rows": 74637, "Plan Width": 32, "Actual Startup Time": 0.04, "Actual Total Time": 2015.962, "Actual Rows": 395341, "Actual Loops": 1, "Inner Unique": false, "Plans": [{"Node Type": "Seq Scan", "Parent Relationship": "Outer", "Relation Name": "part", "Alias": "part", "Startup Cost": 0.0, "Total Cost": 66944.0, "Plan Rows": 13538, "Plan Width": 8, "Actual Startup Time": 0.02, "Actual Total Time": 775.693, "Actual Rows": 13163, "Actual Loops": 1, "Filter": "((p_type)::text = 'SMALL PLATED COPPER'::text)", "Rows Removed by Filter": 1986837}, {"Node Type": "Index Scan", "Parent Relationship": "Inner", "Scan Direction": "Forward", "Index Name": "idx_lineitem_part_supp", "Relation Name": "lineitem", "Alias": "lineitem", "Startup Cost": 0.0, "Total Cost": 27.61, "Plan Rows": 6, "Plan Width": 40, "Actual Startup Time": 155.92, "Actual Total Time": 1137.781, "Actual Rows": 395341, "Actual Loops": 13163, "Index Cond": "(l_partkey = part.p_partkey)", "Rows Removed by Index Recheck": 0}]}, {"Node Type": "Index Scan", "Parent Relationship": "Inner", "Scan Direction": "Forward", "Index Name": "orders_pkey", "Relation Name": "orders", "Alias": "orders", "Startup Cost": 0.0, "Total Cost": 0.3, "Plan Rows": 1, "Plan Width": 24, "Actual Startup Time": 3259.926, "Actual Total Time": 3259.926, "Actual Rows": 119765, "Actual Loops": 395341, "Index Cond": "(o_orderkey = lineitem.l_orderkey)", "Rows Removed by Index Recheck": 0, "Filter": "((o_orderdate >= '1995-01-01 00:00:00'::timestamp(0) without time zone) AND (o_orderdate <= '1996-12-31 00:00:00'::timestamp(0) without time zone))", "Rows Removed by Filter": 275576}]}, {"Node Type": "Hash", "Parent Relationship": "Inner", "Startup Cost": 3283.0, "Total Cost": 3283.0, "Plan Rows": 100000, "Plan Width": 12, "Actual Startup Time": 66.654, "Actual Total Time": 66.654, "Actual Rows": 100000, "Actual Loops": 1, "Hash Buckets": 131072, "Hash Batches": 1, "Original Hash Batches": 1, "Peak Memory Usage": 4297, "Plans": [{"Node Type": "Seq Scan", "Parent Relationship": "Outer", "Relation Name": "supplier", "Alias": "supplier", "Startup Cost": 0.0, "Total Cost": 3283.0, "Plan Rows": 100000, "Plan Width": 12, "Actual Startup Time": 0.01, "Actual Total Time": 40.336, "Actual Rows": 100000, "Actual Loops": 1}]}]}, {"Node Type": "Index Scan", "Parent Relationship": "Inner", "Scan Direction": "Forward", "Index Name": "customer_pkey", "Relation Name": "customer", "Alias": "customer", "Startup Cost": 0.0, "Total Cost": 0.31, "Plan Rows": 1, "Plan Width": 12, "Actual Startup Time": 882.839, "Actual Total Time": 882.839, "Actual Rows": 119765, "Actual Loops": 119765, "Index Cond": "(c_custkey = orders.o_custkey)", "Rows Removed by Index Recheck": 0}]}, {"Node Type": "Hash", "Parent Relationship": "Inner", "Startup Cost": 2.44, "Total Cost": 2.44, "Plan Rows": 5, "Plan Width": 4, "Actual Startup Time": 0.066, "Actual Total Time": 0.066, "Actual Rows": 5, "Actual Loops": 1, "Hash Buckets": 32768, "Hash Batches": 1, "Original Hash Batches": 1, "Peak Memory Usage": 1, "Plans": [{"Node Type": "Hash Join", "Parent Relationship": "Outer", "Join Type": "Inner", "Startup Cost": 1.07, "Total Cost": 2.44, "Plan Rows": 5, "Plan Width": 4, "Actual Startup Time": 0.051, "Actual Total Time": 0.059, "Actual Rows": 5, "Actual Loops": 1, "Inner Unique": true, "Hash Cond": "(n1.n_regionkey = region.r_regionkey)", "Plans": [{"Node Type": "Seq Scan", "Parent Relationship": "Outer", "Relation Name": "nation", "Alias": "n1", "Startup Cost": 0.0, "Total Cost": 1.25, "Plan Rows": 25, "Plan Width": 8, "Actual Startup Time": 0.006, "Actual Total Time": 0.01, "Actual Rows": 25, "Actual Loops": 1}, {"Node Type": "Hash", "Parent Relationship": "Inner", "Startup Cost": 1.06, "Total Cost": 1.06, "Plan Rows": 1, "Plan Width": 4, "Actual Startup Time": 0.011, "Actual Total Time": 0.011, "Actual Rows": 1, "Actual Loops": 1, "Hash Buckets": 32768, "Hash Batches": 1, "Original Hash Batches": 1, "Peak Memory Usage": 1, "Plans": [{"Node Type": "Seq Scan", "Parent Relationship": "Outer", "Relation Name": "region", "Alias": "region", "Startup Cost": 0.0, "Total Cost": 1.06, "Plan Rows": 1, "Plan Width": 4, "Actual Startup Time": 0.009, "Actual Total Time": 0.01, "Actual Rows": 1, "Actual Loops": 1, "Filter": "(r_name = 'ASIA'::bpchar)", "Rows Removed by Filter": 4}]}]}]}]}, {"Node Type": "Hash", "Parent Relationship": "Inner", "Startup Cost": 1.25, "Total Cost": 1.25, "Plan Rows": 25, "Plan Width": 30, "Actual Startup Time": 0.038, "Actual Total Time": 0.038, "Actual Rows": 25, "Actual Loops": 1, "Hash Buckets": 32768, "Hash Batches": 1, "Original Hash Batches": 1, "Peak Memory Usage": 2, "Plans": [{"Node Type": "Seq Scan", "Parent Relationship": "Outer", "Relation Name": "nation", "Alias": "n2", "Startup Cost": 0.0, "Total Cost": 1.25, "Plan Rows": 25, "Plan Width": 30, "Actual Startup Time": 0.012, "Actual Total Time": 0.017, "Actual Rows": 25, "Actual Loops": 1}]}]}]}]}, "Triggers": [], "Planner Runtime": 5, "Total Runtime": 6756.391, "Unique SQL Id": 3681808042}}, "(64, 69)": {"explain_plan": {"Plan": {"Node Type": "Sort", "Startup Cost": 526963.15, "Total Cost": 526963.18, "Plan Rows": 10, "Plan Width": 66, "Sort Key": ["(date_part('year'::text, orders.o_orderdate))"], "Plans": [{"Node Type": "Aggregate", "Strategy": "Hashed", "Parent Relationship": "Outer", "Startup Cost": 526962.83, "Total Cost": 526962.98, "Plan Rows": 10, "Plan Width": 66, "Group By Key": ["date_part('year'::text, orders.o_orderdate)"], "Plans": [{"Node Type": "Hash Join", "Parent Relationship": "Outer", "Join Type": "Inner", "Startup Cost": 6618.28, "Total Cost": 526843.01, "Plan Rows": 5991, "Plan Width": 50, "Inner Unique": true, "Hash Cond": "(supplier.s_nationkey = n2.n_nationkey)", "Plans": [{"Node Type": "Hash Join", "Parent Relationship": "Outer", "Join Type": "Inner", "Startup Cost": 6605.34, "Total Cost": 526732.72, "Plan Rows": 5991, "Plan Width": 28, "Inner Unique": false, "Hash Cond": "(customer.c_nationkey = n1.n_nationkey)", "Plans": [{"Node Type": "Nested Loop", "Parent Relationship": "Outer", "Join Type": "Inner", "Startup Cost": 6584.54, "Total Cost": 526572.45, "Plan Rows": 29954, "Plan Width": 32, "Inner Unique": true, "Plans": [{"Node Type": "Hash Join", "Parent Relationship": "Outer", "Join Type": "Inner", "Startup Cost": 6584.54, "Total Cost": 510320.57, "Plan Rows": 51198, "Plan Width": 36, "Inner Unique": true, "Hash Cond": "(lineitem.l_suppkey = supplier.s_suppkey)", "Plans": [{"Node Type": "Nested Loop", "Parent Relationship": "Outer", "Join Type": "Inner", "Startup Cost": 0.0, "Total Cost": 503356.69, "Plan Rows": 86479, "Plan Width": 40, "Inner Unique": true, "Plans": [{"Node Type": "Nested Loop", "Parent Relationship": "Outer", "Join Type": "Inner", "Startup Cost": 0.0, "Total Cost": 480423.82, "Plan Rows": 74637, "Plan Width": 32, "Inner Unique": false, "Plans": [{"Node Type": "Index Scan", "Parent Relationship": "Outer", "Scan Direction": "Forward", "Index Name": "part_kpey", "Relation Name": "part", "Alias": "part", "Startup Cost": 0.0, "Total Cost": 105803.25, "Plan Rows": 13538, "Plan Width": 8, "Filter": "((p_type)::text = 'SMALL PLATED COPPER'::text)"}, {"Node Type": "Index Scan", "Parent Relationship": "Inner", "Scan Direction": "Forward", "Index Name": "idx_lineitem_part_supp", "Relation Name": "lineitem", "Alias": "lineitem", "Startup Cost": 0.0, "Total Cost": 27.61, "Plan Rows": 6, "Plan Width": 40, "Index Cond": "(l_partkey = part.p_partkey)"}]}, {"Node Type": "Index Scan", "Parent Relationship": "Inner", "Scan Direction": "Forward", "Index Name": "orders_pkey", "Relation Name": "orders", "Alias": "orders", "Startup Cost": 0.0, "Total Cost": 0.3, "Plan Rows": 1, "Plan Width": 24, "Index Cond": "(o_orderkey = lineitem.l_orderkey)", "Filter": "((o_orderdate >= '1995-01-01 00:00:00'::timestamp(0) without time zone) AND (o_orderdate <= '1996-12-31 00:00:00'::timestamp(0) without time zone))"}]}, {"Node Type": "Hash", "Parent Relationship": "Inner", "Startup Cost": 5334.54, "Total Cost": 5334.54, "Plan Rows": 100000, "Plan Width": 12, "Plans": [{"Node Type": "Index Scan", "Parent Relationship": "Outer", "Scan Direction": "Forward", "Index Name": "supplier_pkey", "Relation Name": "supplier", "Alias": "supplier", "Startup Cost": 0.0, "Total Cost": 5334.54, "Plan Rows": 100000, "Plan Width": 12}]}]}, {"Node Type": "Index Scan", "Parent Relationship": "Inner", "Scan Direction": "Forward", "Index Name": "customer_pkey", "Relation Name": "customer", "Alias": "customer", "Startup Cost": 0.0, "Total Cost": 0.31, "Plan Rows": 1, "Plan Width": 12, "Index Cond": "(c_custkey = orders.o_custkey)"}]}, {"Node Type": "Hash", "Parent Relationship": "Inner", "Startup Cost": 20.74, "Total Cost": 20.74, "Plan Rows": 5, "Plan Width": 4, "Plans": [{"Node Type": "Nested Loop", "Parent Relationship": "Outer", "Join Type": "Inner", "Startup Cost": 0.0, "Total Cost": 20.74, "Plan Rows": 5, "Plan Width": 4, "Inner Unique": false, "Plans": [{"Node Type": "Index Scan", "Parent Relationship": "Outer", "Scan Direction": "Forward", "Index Name": "region_pkey", "Relation Name": "region", "Alias": "region", "Startup Cost": 0.0, "Total Cost": 12.34, "Plan Rows": 1, "Plan Width": 4, "Filter": "(r_name = 'ASIA'::bpchar)"}, {"Node Type": "Index Scan", "Parent Relationship": "Inner", "Scan Direction": "Forward", "Index Name": "idx_nation_regionkey", "Relation Name": "nation", "Alias": "n1", "Startup Cost": 0.0, "Total Cost": 8.35, "Plan Rows": 5, "Plan Width": 8, "Index Cond": "(n_regionkey = region.r_regionkey)"}]}]}]}, {"Node Type": "Hash", "Parent Relationship": "Inner", "Startup Cost": 12.62, "Total Cost": 12.62, "Plan Rows": 25, "Plan Width": 30, "Plans": [{"Node Type": "Index Scan", "Parent Relationship": "Outer", "Scan Direction": "Forward", "Index Name": "nation_pkey", "Relation Name": "nation", "Alias": "n2", "Startup Cost": 0.0, "Total Cost": 12.62, "Plan Rows": 25, "Plan Width": 30}]}]}]}]}, "Unique SQL Id": 3681808042, "Planner Runtime": 7}, "explain_analyze_plan": {"Plan": {"Node Type": "Sort", "Startup Cost": 526963.15, "Total Cost": 526963.18, "Plan Rows": 10, "Plan Width": 66, "Actual Startup Time": 7473.195, "Actual Total Time": 7473.195, "Actual Rows": 2, "Actual Loops": 1, "Sort Key": ["(date_part('year'::text, orders.o_orderdate))"], "Sort Method": "quicksort", "Sort Space Used": 25, "Sort Space Type": "Memory", "Plans": [{"Node Type": "Aggregate", "Strategy": "Hashed", "Parent Relationship": "Outer", "Startup Cost": 526962.83, "Total Cost": 526962.98, "Plan Rows": 10, "Plan Width": 66, "Actual Startup Time": 7473.174, "Actual Total Time": 7473.175, "Actual Rows": 2, "Actual Loops": 1, "Group By Key": ["date_part('year'::text, orders.o_orderdate)"], "Plans": [{"Node Type": "Hash Join", "Parent Relationship": "Outer", "Join Type": "Inner", "Startup Cost": 6618.28, "Total Cost": 526843.01, "Plan Rows": 5991, "Plan Width": 50, "Actual Startup Time": 111.253, "Actual Total Time": 7439.205, "Actual Rows": 23929, "Actual Loops": 1, "Inner Unique": true, "Hash Cond": "(supplier.s_nationkey = n2.n_nationkey)", "Plans": [{"Node Type": "Hash Join", "Parent Relationship": "Outer", "Join Type": "Inner", "Startup Cost": 6605.34, "Total Cost": 526732.72, "Plan Rows": 5991, "Plan Width": 28, "Actual Startup Time": 111.16, "Actual Total Time": 7408.027, "Actual Rows": 23929, "Actual Loops": 1, "Inner Unique": false, "Hash Cond": "(customer.c_nationkey = n1.n_nationkey)", "Plans": [{"Node Type": "Nested Loop", "Parent Relationship": "Outer", "Join Type": "Inner", "Startup Cost": 6584.54, "Total Cost": 526572.45, "Plan Rows": 29954, "Plan Width": 32, "Actual Startup Time": 110.89, "Actual Total Time": 7370.669, "Actual Rows": 119765, "Actual Loops": 1, "Inner Unique": true, "Plans": [{"Node Type": "Hash Join", "Parent Relationship": "Outer", "Join Type": "Inner", "Startup Cost": 6584.54, "Total Cost": 510320.57, "Plan Rows": 51198, "Plan Width": 36, "Actual Startup Time": 110.859, "Actual Total Time": 6357.419, "Actual Rows": 119765, "Actual Loops": 1, "Inner Unique": true, "Hash Cond": "(lineitem.l_suppkey = supplier.s_suppkey)", "Plans": [{"Node Type": "Nested Loop", "Parent Relationship": "Outer", "Join Type": "Inner", "Startup Cost": 0.0, "Total Cost": 503356.69, "Plan Rows": 86479, "Plan Width": 40, "Actual Startup Time": 0.155, "Actual Total Time": 6165.628, "Actual Rows": 119765, "Actual Loops": 1, "Inner Unique": true, "Plans": [{"Node Type": "Nested Loop", "Parent Relationship": "Outer", "Join Type": "Inner", "Startup Cost": 0.0, "Total Cost": 480423.82, "Plan Rows": 74637, "Plan Width": 32, "Actual Startup Time": 0.039, "Actual Total Time": 2622.64, "Actual Rows": 395341, "Actual Loops": 1, "Inner Unique": false, "Plans": [{"Node Type": "Index Scan", "Parent Relationship": "Outer", "Scan Direction": "Forward", "Index Name": "part_kpey", "Relation Name": "part", "Alias": "part", "Startup Cost": 0.0, "Total Cost": 105803.25, "Plan Rows": 13538, "Plan Width": 8, "Actual Startup Time": 0.024, "Actual Total Time": 1376.051, "Actual Rows": 13163, "Actual Loops": 1, "Filter": "((p_type)::text = 'SMALL PLATED COPPER'::text)", "Rows Removed by Filter": 1986837}, {"Node Type": "Index Scan", "Parent Relationship": "Inner", "Scan Direction": "Forward", "Index Name": "idx_lineitem_part_supp", "Relation Name": "lineitem", "Alias": "lineitem", "Startup Cost": 0.0, "Total Cost": 27.61, "Plan Rows": 6, "Plan Width": 40, "Actual Startup Time": 153.471, "Actual Total Time": 1145.154, "Actual Rows": 395341, "Actual Loops": 13163, "Index Cond": "(l_partkey = part.p_partkey)", "Rows Removed by Index Recheck": 0}]}, {"Node Type": "Index Scan", "Parent Relationship": "Inner", "Scan Direction": "Forward", "Index Name": "orders_pkey", "Relation Name": "orders", "Alias": "orders", "Startup Cost": 0.0, "Total Cost": 0.3, "Plan Rows": 1, "Plan Width": 24, "Actual Startup Time": 3308.468, "Actual Total Time": 3308.468, "Actual Rows": 119765, "Actual Loops": 395341, "Index Cond": "(o_orderkey = lineitem.l_orderkey)", "Rows Removed by Index Recheck": 0, "Filter": "((o_orderdate >= '1995-01-01 00:00:00'::timestamp(0) without time zone) AND (o_orderdate <= '1996-12-31 00:00:00'::timestamp(0) without time zone))", "Rows Removed by Filter": 275576}]}, {"Node Type": "Hash", "Parent Relationship": "Inner", "Startup Cost": 5334.54, "Total Cost": 5334.54, "Plan Rows": 100000, "Plan Width": 12, "Actual Startup Time": 110.598, "Actual Total Time": 110.598, "Actual Rows": 100000, "Actual Loops": 1, "Hash Buckets": 131072, "Hash Batches": 1, "Original Hash Batches": 1, "Peak Memory Usage": 4297, "Plans": [{"Node Type": "Index Scan", "Parent Relationship": "Outer", "Scan Direction": "Forward", "Index Name": "supplier_pkey", "Relation Name": "supplier", "Alias": "supplier", "Startup Cost": 0.0, "Total Cost": 5334.54, "Plan Rows": 100000, "Plan Width": 12, "Actual Startup Time": 0.017, "Actual Total Time": 82.915, "Actual Rows": 100000, "Actual Loops": 1}]}]}, {"Node Type": "Index Scan", "Parent Relationship": "Inner", "Scan Direction": "Forward", "Index Name": "customer_pkey", "Relation Name": "customer", "Alias": "customer", "Startup Cost": 0.0, "Total Cost": 0.31, "Plan Rows": 1, "Plan Width": 12, "Actual Startup Time": 903.566, "Actual Total Time": 903.566, "Actual Rows": 119765, "Actual Loops": 119765, "Index Cond": "(c_custkey = orders.o_custkey)", "Rows Removed by Index Recheck": 0}]}, {"Node Type": "Hash", "Parent Relationship": "Inner", "Startup Cost": 20.74, "Total Cost": 20.74, "Plan Rows": 5, "Plan Width": 4, "Actual Startup Time": 0.024, "Actual Total Time": 0.024, "Actual Rows": 5, "Actual Loops": 1, "Hash Buckets": 32768, "Hash Batches": 1, "Original Hash Batches": 1, "Peak Memory Usage": 1, "Plans": [{"Node Type": "Nested Loop", "Parent Relationship": "Outer", "Join Type": "Inner", "Startup Cost": 0.0, "Total Cost": 20.74, "Plan Rows": 5, "Plan Width": 4, "Actual Startup Time": 0.016, "Actual Total Time": 0.022, "Actual Rows": 5, "Actual Loops": 1, "Inner Unique": false, "Plans": [{"Node Type": "Index Scan", "Parent Relationship": "Outer", "Scan Direction": "Forward", "Index Name": "region_pkey", "Relation Name": "region", "Alias": "region", "Startup Cost": 0.0, "Total Cost": 12.34, "Plan Rows": 1, "Plan Width": 4, "Actual Startup Time": 0.009, "Actual Total Time": 0.011, "Actual Rows": 1, "Actual Loops": 1, "Filter": "(r_name = 'ASIA'::bpchar)", "Rows Removed by Filter": 4}, {"Node Type": "Index Scan", "Parent Relationship": "Inner", "Scan Direction": "Forward", "Index Name": "idx_nation_regionkey", "Relation Name": "nation", "Alias": "n1", "Startup Cost": 0.0, "Total Cost": 8.35, "Plan Rows": 5, "Plan Width": 8, "Actual Startup Time": 0.004, "Actual Total Time": 0.005, "Actual Rows": 5, "Actual Loops": 1, "Index Cond": "(n_regionkey = region.r_regionkey)", "Rows Removed by Index Recheck": 0}]}]}]}, {"Node Type": "Hash", "Parent Relationship": "Inner", "Startup Cost": 12.62, "Total Cost": 12.62, "Plan Rows": 25, "Plan Width": 30, "Actual Startup Time": 0.037, "Actual Total Time": 0.037, "Actual Rows": 25, "Actual Loops": 1, "Hash Buckets": 32768, "Hash Batches": 1, "Original Hash Batches": 1, "Peak Memory Usage": 2, "Plans": [{"Node Type": "Index Scan", "Parent Relationship": "Outer", "Scan Direction": "Forward", "Index Name": "nation_pkey", "Relation Name": "nation", "Alias": "n2", "Startup Cost": 0.0, "Total Cost": 12.62, "Plan Rows": 25, "Plan Width": 30, "Actual Startup Time": 0.009, "Actual Total Time": 0.026, "Actual Rows": 25, "Actual Loops": 1}]}]}]}]}, "Triggers": [], "Planner Runtime": 4, "Total Runtime": 7473.55, "Unique SQL Id": 3681808042}}, "(64, 70)": {"explain_plan": {"Plan": {"Node Type": "Sort", "Startup Cost": 816569.87, "Total Cost": 816569.89, "Plan Rows": 10, "Plan Width": 66, "Sort Key": ["(date_part('year'::text, orders.o_orderdate))"], "Plans": [{"Node Type": "Aggregate", "Strategy": "Hashed", "Parent Relationship": "Outer", "Startup Cost": 816569.55, "Total Cost": 816569.7, "Plan Rows": 10, "Plan Width": 66, "Group By Key": ["date_part('year'::text, orders.o_orderdate)"], "Plans": [{"Node Type": "Hash Join", "Parent Relationship": "Outer", "Join Type": "Inner", "Startup Cost": 45453.88, "Total Cost": 816449.73, "Plan Rows": 5991, "Plan Width": 50, "Inner Unique": true, "Hash Cond": "(supplier.s_nationkey = n2.n_nationkey)", "Plans": [{"Node Type": "Hash Join", "Parent Relationship": "Outer", "Join Type": "Inner", "Startup Cost": 45452.32, "Total Cost": 816350.82, "Plan Rows": 5991, "Plan Width": 28, "Inner Unique": false, "Hash Cond": "(orders.o_custkey = customer.c_custkey)", "Plans": [{"Node Type": "Hash Join", "Parent Relationship": "Outer", "Join Type": "Inner", "Startup Cost": 4537.47, "Total Cost": 775184.07, "Plan Rows": 51198, "Plan Width": 36, "Inner Unique": true, "Hash Cond": "(lineitem.l_suppkey = supplier.s_suppkey)", "Plans": [{"Node Type": "Nested Loop", "Parent Relationship": "Outer", "Join Type": "Inner", "Startup Cost": 4.47, "Total Cost": 770271.73, "Plan Rows": 86479, "Plan Width": 40, "Inner Unique": true, "Plans": [{"Node Type": "Nested Loop", "Parent Relationship": "Outer", "Join Type": "Inner", "Startup Cost": 4.21, "Total Cost": 450147.9, "Plan Rows": 74637, "Plan Width": 32, "Inner Unique": false, "Plans": [{"Node Type": "Seq Scan", "Parent Relationship": "Outer", "Relation Name": "part", "Alias": "part", "Startup Cost": 0.0, "Total Cost": 66944.0, "Plan Rows": 13538, "Plan Width": 8, "Filter": "((p_type)::text = 'SMALL PLATED COPPER'::text)"}, {"Node Type": "Bitmap Heap Scan", "Parent Relationship": "Inner", "Relation Name": "lineitem", "Alias": "lineitem", "Startup Cost": 4.21, "Total Cost": 28.25, "Plan Rows": 6, "Plan Width": 40, "Recheck Cond": "(l_partkey = part.p_partkey)", "Plans": [{"Node Type": "Bitmap Index Scan", "Parent Relationship": "Outer", "Index Name": "idx_lineitem_part_supp", "Startup Cost": 0.0, "Total Cost": 4.21, "Plan Rows": 6, "Plan Width": 0, "Index Cond": "(l_partkey = part.p_partkey)"}]}]}, {"Node Type": "Bitmap Heap Scan", "Parent Relationship": "Inner", "Relation Name": "orders", "Alias": "orders", "Startup Cost": 0.26, "Total Cost": 4.28, "Plan Rows": 1, "Plan Width": 24, "Recheck Cond": "(o_orderkey = lineitem.l_orderkey)", "Filter": "((o_orderdate >= '1995-01-01 00:00:00'::timestamp(0) without time zone) AND (o_orderdate <= '1996-12-31 00:00:00'::timestamp(0) without time zone))", "Plans": [{"Node Type": "Bitmap Index Scan", "Parent Relationship": "Outer", "Index Name": "orders_pkey", "Startup Cost": 0.0, "Total Cost": 0.26, "Plan Rows": 1, "Plan Width": 0, "Index Cond": "(o_orderkey = lineitem.l_orderkey)"}]}]}, {"Node Type": "Hash", "Parent Relationship": "Inner", "Startup Cost": 3283.0, "Total Cost": 3283.0, "Plan Rows": 100000, "Plan Width": 12, "Plans": [{"Node Type": "Seq Scan", "Parent Relationship": "Outer", "Relation Name": "supplier", "Alias": "supplier", "Startup Cost": 0.0, "Total Cost": 3283.0, "Plan Rows": 100000, "Plan Width": 12}]}]}, {"Node Type": "Hash", "Parent Relationship": "Inner", "Startup Cost": 37164.85, "Total Cost": 37164.85, "Plan Rows": 300000, "Plan Width": 8, "Plans": [{"Node Type": "Nested Loop", "Parent Relationship": "Outer", "Join Type": "Inner", "Startup Cost": 1031.44, "Total Cost": 37164.85, "Plan Rows": 300000, "Plan Width": 8, "Inner Unique": false, "Plans": [{"Node Type": "Hash Join", "Parent Relationship": "Outer", "Join Type": "Inner", "Startup Cost": 1.07, "Total Cost": 2.44, "Plan Rows": 5, "Plan Width": 4, "Inner Unique": true, "Hash Cond": "(n1.n_regionkey = region.r_regionkey)", "Plans": [{"Node Type": "Seq Scan", "Parent Relationship": "Outer", "Relation Name": "nation", "Alias": "n1", "Startup Cost": 0.0, "Total Cost": 1.25, "Plan Rows": 25, "Plan Width": 8}, {"Node Type": "Hash", "Parent Relationship": "Inner", "Startup Cost": 1.06, "Total Cost": 1.06, "Plan Rows": 1, "Plan Width": 4, "Plans": [{"Node Type": "Seq Scan", "Parent Relationship": "Outer", "Relation Name": "region", "Alias": "region", "Startup Cost": 0.0, "Total Cost": 1.06, "Plan Rows": 1, "Plan Width": 4, "Filter": "(r_name = 'ASIA'::bpchar)"}]}]}, {"Node Type": "Bitmap Heap Scan", "Parent Relationship": "Inner", "Relation Name": "customer", "Alias": "customer", "Startup Cost": 1030.37, "Total Cost": 6832.48, "Plan Rows": 60000, "Plan Width": 12, "Recheck Cond": "(c_nationkey = n1.n_nationkey)", "Plans": [{"Node Type": "Bitmap Index Scan", "Parent Relationship": "Outer", "Index Name": "idx_customer_nationkey", "Startup Cost": 0.0, "Total Cost": 1015.37, "Plan Rows": 60000, "Plan Width": 0, "Index Cond": "(c_nationkey = n1.n_nationkey)"}]}]}]}]}, {"Node Type": "Hash", "Parent Relationship": "Inner", "Startup Cost": 1.25, "Total Cost": 1.25, "Plan Rows": 25, "Plan Width": 30, "Plans": [{"Node Type": "Seq Scan", "Parent Relationship": "Outer", "Relation Name": "nation", "Alias": "n2", "Startup Cost": 0.0, "Total Cost": 1.25, "Plan Rows": 25, "Plan Width": 30}]}]}]}]}, "Unique SQL Id": 3681808042, "Planner Runtime": 8}, "explain_analyze_plan": {"Plan": {"Node Type": "Sort", "Startup Cost": 816569.87, "Total Cost": 816569.89, "Plan Rows": 10, "Plan Width": 66, "Actual Startup Time": 7667.353, "Actual Total Time": 7667.353, "Actual Rows": 2, "Actual Loops": 1, "Sort Key": ["(date_part('year'::text, orders.o_orderdate))"], "Sort Method": "quicksort", "Sort Space Used": 25, "Sort Space Type": "Memory", "Plans": [{"Node Type": "Aggregate", "Strategy": "Hashed", "Parent Relationship": "Outer", "Startup Cost": 816569.55, "Total Cost": 816569.7, "Plan Rows": 10, "Plan Width": 66, "Actual Startup Time": 7667.332, "Actual Total Time": 7667.333, "Actual Rows": 2, "Actual Loops": 1, "Group By Key": ["date_part('year'::text, orders.o_orderdate)"], "Plans": [{"Node Type": "Hash Join", "Parent Relationship": "Outer", "Join Type": "Inner", "Startup Cost": 45453.88, "Total Cost": 816449.73, "Plan Rows": 5991, "Plan Width": 50, "Actual Startup Time": 851.926, "Actual Total Time": 7629.948, "Actual Rows": 23929, "Actual Loops": 1, "Inner Unique": true, "Hash Cond": "(supplier.s_nationkey = n2.n_nationkey)", "Plans": [{"Node Type": "Hash Join", "Parent Relationship": "Outer", "Join Type": "Inner", "Startup Cost": 45452.32, "Total Cost": 816350.82, "Plan Rows": 5991, "Plan Width": 28, "Actual Startup Time": 851.842, "Actual Total Time": 7596.199, "Actual Rows": 23929, "Actual Loops": 1, "Inner Unique": false, "Hash Cond": "(orders.o_custkey = customer.c_custkey)", "Plans": [{"Node Type": "Hash Join", "Parent Relationship": "Outer", "Join Type": "Inner", "Startup Cost": 4537.47, "Total Cost": 775184.07, "Plan Rows": 51198, "Plan Width": 36, "Actual Startup Time": 67.154, "Actual Total Time": 6749.258, "Actual Rows": 119765, "Actual Loops": 1, "Inner Unique": true, "Hash Cond": "(lineitem.l_suppkey = supplier.s_suppkey)", "Plans": [{"Node Type": "Nested Loop", "Parent Relationship": "Outer", "Join Type": "Inner", "Startup Cost": 4.47, "Total Cost": 770271.73, "Plan Rows": 86479, "Plan Width": 40, "Actual Startup Time": 0.114, "Actual Total Time": 6602.036, "Actual Rows": 119765, "Actual Loops": 1, "Inner Unique": true, "Plans": [{"Node Type": "Nested Loop", "Parent Relationship": "Outer", "Join Type": "Inner", "Startup Cost": 4.21, "Total Cost": 450147.9, "Plan Rows": 74637, "Plan Width": 32, "Actual Startup Time": 0.057, "Actual Total Time": 2278.967, "Actual Rows": 395341, "Actual Loops": 1, "Inner Unique": false, "Plans": [{"Node Type": "Seq Scan", "Parent Relationship": "Outer", "Relation Name": "part", "Alias": "part", "Startup Cost": 0.0, "Total Cost": 66944.0, "Plan Rows": 13538, "Plan Width": 8, "Actual Startup Time": 0.017, "Actual Total Time": 783.295, "Actual Rows": 13163, "Actual Loops": 1, "Filter": "((p_type)::text = 'SMALL PLATED COPPER'::text)", "Rows Removed by Filter": 1986837}, {"Node Type": "Bitmap Heap Scan", "Parent Relationship": "Inner", "Relation Name": "lineitem", "Alias": "lineitem", "Startup Cost": 4.21, "Total Cost": 28.25, "Plan Rows": 6, "Plan Width": 40, "Actual Startup Time": 265.088, "Actual Total Time": 1379.745, "Actual Rows": 395341, "Actual Loops": 13163, "Recheck Cond": "(l_partkey = part.p_partkey)", "Rows Removed by Index Recheck": 0, "Exact Heap Blocks": 395337, "Lossy Heap Blocks": 395337, "Plans": [{"Node Type": "Bitmap Index Scan", "Parent Relationship": "Outer", "Index Name": "idx_lineitem_part_supp", "Startup Cost": 0.0, "Total Cost": 4.21, "Plan Rows": 6, "Plan Width": 0, "Actual Startup Time": 172.579, "Actual Total Time": 172.579, "Actual Rows": 395341, "Actual Loops": 13163, "Index Cond": "(l_partkey = part.p_partkey)"}]}]}, {"Node Type": "Bitmap Heap Scan", "Parent Relationship": "Inner", "Relation Name": "orders", "Alias": "orders", "Startup Cost": 0.26, "Total Cost": 4.28, "Plan Rows": 1, "Plan Width": 24, "Actual Startup Time": 3846.759, "Actual Total Time": 3846.759, "Actual Rows": 119765, "Actual Loops": 395341, "Recheck Cond": "(o_orderkey = lineitem.l_orderkey)", "Rows Removed by Index Recheck": 0, "Filter": "((o_orderdate >= '1995-01-01 00:00:00'::timestamp(0) without time zone) AND (o_orderdate <= '1996-12-31 00:00:00'::timestamp(0) without time zone))", "Rows Removed by Filter": 275576, "Exact Heap Blocks": 395341, "Lossy Heap Blocks": 395341, "Plans": [{"Node Type": "Bitmap Index Scan", "Parent Relationship": "Outer", "Index Name": "orders_pkey", "Startup Cost": 0.0, "Total Cost": 0.26, "Plan Rows": 1, "Plan Width": 0, "Actual Startup Time": 2334.793, "Actual Total Time": 2334.793, "Actual Rows": 395341, "Actual Loops": 395341, "Index Cond": "(o_orderkey = lineitem.l_orderkey)"}]}]}, {"Node Type": "Hash", "Parent Relationship": "Inner", "Startup Cost": 3283.0, "Total Cost": 3283.0, "Plan Rows": 100000, "Plan Width": 12, "Actual Startup Time": 66.927, "Actual Total Time": 66.927, "Actual Rows": 100000, "Actual Loops": 1, "Hash Buckets": 131072, "Hash Batches": 1, "Original Hash Batches": 1, "Peak Memory Usage": 4297, "Plans": [{"Node Type": "Seq Scan", "Parent Relationship": "Outer", "Relation Name": "supplier", "Alias": "supplier", "Startup Cost": 0.0, "Total Cost": 3283.0, "Plan Rows": 100000, "Plan Width": 12, "Actual Startup Time": 0.014, "Actual Total Time": 39.887, "Actual Rows": 100000, "Actual Loops": 1}]}]}, {"Node Type": "Hash", "Parent Relationship": "Inner", "Startup Cost": 37164.85, "Total Cost": 37164.85, "Plan Rows": 300000, "Plan Width": 8, "Actual Startup Time": 784.246, "Actual Total Time": 784.246, "Actual Rows": 300270, "Actual Loops": 1, "Hash Buckets": 524288, "Hash Batches": 1, "Original Hash Batches": 1, "Peak Memory Usage": 11730, "Plans": [{"Node Type": "Nested Loop", "Parent Relationship": "Outer", "Join Type": "Inner", "Startup Cost": 1031.44, "Total Cost": 37164.85, "Plan Rows": 300000, "Plan Width": 8, "Actual Startup Time": 18.429, "Actual Total Time": 694.229, "Actual Rows": 300270, "Actual Loops": 1, "Inner Unique": false, "Plans": [{"Node Type": "Hash Join", "Parent Relationship": "Outer", "Join Type": "Inner", "Startup Cost": 1.07, "Total Cost": 2.44, "Plan Rows": 5, "Plan Width": 4, "Actual Startup Time": 0.072, "Actual Total Time": 0.127, "Actual Rows": 5, "Actual Loops": 1, "Inner Unique": true, "Hash Cond": "(n1.n_regionkey = region.r_regionkey)", "Plans": [{"Node Type": "Seq Scan", "Parent Relationship": "Outer", "Relation Name": "nation", "Alias": "n1", "Startup Cost": 0.0, "Total Cost": 1.25, "Plan Rows": 25, "Plan Width": 8, "Actual Startup Time": 0.016, "Actual Total Time": 0.031, "Actual Rows": 25, "Actual Loops": 1}, {"Node Type": "Hash", "Parent Relationship": "Inner", "Startup Cost": 1.06, "Total Cost": 1.06, "Plan Rows": 1, "Plan Width": 4, "Actual Startup Time": 0.017, "Actual Total Time": 0.017, "Actual Rows": 1, "Actual Loops": 1, "Hash Buckets": 32768, "Hash Batches": 1, "Original Hash Batches": 1, "Peak Memory Usage": 1, "Plans": [{"Node Type": "Seq Scan", "Parent Relationship": "Outer", "Relation Name": "region", "Alias": "region", "Startup Cost": 0.0, "Total Cost": 1.06, "Plan Rows": 1, "Plan Width": 4, "Actual Startup Time": 0.012, "Actual Total Time": 0.013, "Actual Rows": 1, "Actual Loops": 1, "Filter": "(r_name = 'ASIA'::bpchar)", "Rows Removed by Filter": 4}]}]}, {"Node Type": "Bitmap Heap Scan", "Parent Relationship": "Inner", "Relation Name": "customer", "Alias": "customer", "Startup Cost": 1030.37, "Total Cost": 6832.48, "Plan Rows": 60000, "Plan Width": 12, "Actual Startup Time": 89.958, "Actual Total Time": 635.494, "Actual Rows": 300270, "Actual Loops": 5, "Recheck Cond": "(c_nationkey = n1.n_nationkey)", "Rows Removed by Index Recheck": 0, "Exact Heap Blocks": 150032, "Lossy Heap Blocks": 150032, "Plans": [{"Node Type": "Bitmap Index Scan", "Parent Relationship": "Outer", "Index Name": "idx_customer_nationkey", "Startup Cost": 0.0, "Total Cost": 1015.37, "Plan Rows": 60000, "Plan Width": 0, "Actual Startup Time": 57.042, "Actual Total Time": 57.042, "Actual Rows": 300270, "Actual Loops": 5, "Index Cond": "(c_nationkey = n1.n_nationkey)"}]}]}]}]}, {"Node Type": "Hash", "Parent Relationship": "Inner", "Startup Cost": 1.25, "Total Cost": 1.25, "Plan Rows": 25, "Plan Width": 30, "Actual Startup Time": 0.033, "Actual Total Time": 0.033, "Actual Rows": 25, "Actual Loops": 1, "Hash Buckets": 32768, "Hash Batches": 1, "Original Hash Batches": 1, "Peak Memory Usage": 2, "Plans": [{"Node Type": "Seq Scan", "Parent Relationship": "Outer", "Relation Name": "nation", "Alias": "n2", "Startup Cost": 0.0, "Total Cost": 1.25, "Plan Rows": 25, "Plan Width": 30, "Actual Startup Time": 0.015, "Actual Total Time": 0.024, "Actual Rows": 25, "Actual Loops": 1}]}]}]}]}, "Triggers": [], "Planner Runtime": 5, "Total Runtime": 7667.878, "Unique SQL Id": 3681808042}}, "(64, 71)": {"explain_plan": {"Plan": {"Node Type": "Sort", "Startup Cost": 66661878.45, "Total Cost": 66661878.48, "Plan Rows": 10, "Plan Width": 66, "Sort Key": ["(date_part('year'::text, orders.o_orderdate))"], "Plans": [{"Node Type": "Aggregate", "Strategy": "Hashed", "Parent Relationship": "Outer", "Startup Cost": 66661878.14, "Total Cost": 66661878.29, "Plan Rows": 10, "Plan Width": 66, "Group By Key": ["date_part('year'::text, orders.o_orderdate)"], "Plans": [{"Node Type": "Nested Loop", "Parent Relationship": "Outer", "Join Type": "Inner", "Startup Cost": 115915.31, "Total Cost": 66661758.32, "Plan Rows": 5991, "Plan Width": 50, "Inner Unique": true, "Plans": [{"Node Type": "Nested Loop", "Parent Relationship": "Outer", "Join Type": "Inner", "Startup Cost": 115915.05, "Total Cost": 66636099.88, "Plan Rows": 5991, "Plan Width": 28, "Inner Unique": true, "Plans": [{"Node Type": "Nested Loop", "Parent Relationship": "Outer", "Join Type": "Inner", "Startup Cost": 115914.79, "Total Cost": 66562068.23, "Plan Rows": 17296, "Plan Width": 32, "Inner Unique": true, "Plans": [{"Node Type": "Nested Loop", "Parent Relationship": "Outer", "Join Type": "Inner", "Startup Cost": 115914.53, "Total Cost": 45938880.46, "Plan Rows": 4814867, "Plan Width": 40, "Inner Unique": false, "Plans": [{"Node Type": "Nested Loop", "Parent Relationship": "Outer", "Join Type": "Inner", "Startup Cost": 115914.01, "Total Cost": 43432501.27, "Plan Rows": 530296, "Plan Width": 16, "Inner Unique": true, "Plans": [{"Node Type": "Nested Loop", "Parent Relationship": "Outer", "Join Type": "Inner", "Startup Cost": 115913.43, "Total Cost": 31228406.3, "Plan Rows": 2651479, "Plan Width": 20, "Inner Unique": true, "Plans": [{"Node Type": "Nested Loop", "Parent Relationship": "Outer", "Join Type": "Inner", "Startup Cost": 115913.17, "Total Cost": 19879399.17, "Plan Rows": 2651479, "Plan Width": 20, "Inner Unique": true, "Plans": [{"Node Type": "Bitmap Heap Scan", "Parent Relationship": "Outer", "Relation Name": "orders", "Alias": "orders", "Startup Cost": 115912.91, "Total Cost": 460311.42, "Plan Rows": 4531967, "Plan Width": 24, "Recheck Cond": "((o_orderdate >= '1995-01-01 00:00:00'::timestamp(0) without time zone) AND (o_orderdate <= '1996-12-31 00:00:00'::timestamp(0) without time zone)), (LLVM Optimized)", "Plans": [{"Node Type": "Bitmap Index Scan", "Parent Relationship": "Outer", "Index Name": "idx_orders_orderdate", "Startup Cost": 0.0, "Total Cost": 114779.92, "Plan Rows": 4531967, "Plan Width": 0, "Index Cond": "((o_orderdate >= '1995-01-01 00:00:00'::timestamp(0) without time zone) AND (o_orderdate <= '1996-12-31 00:00:00'::timestamp(0) without time zone))"}]}, {"Node Type": "Bitmap Heap Scan", "Parent Relationship": "Inner", "Relation Name": "customer", "Alias": "customer", "Startup Cost": 0.26, "Total Cost": 4.27, "Plan Rows": 1, "Plan Width": 12, "Recheck Cond": "(c_custkey = orders.o_custkey)", "Plans": [{"Node Type": "Bitmap Index Scan", "Parent Relationship": "Outer", "Index Name": "customer_pkey", "Startup Cost": 0.0, "Total Cost": 0.26, "Plan Rows": 1, "Plan Width": 0, "Index Cond": "(c_custkey = orders.o_custkey)"}]}]}, {"Node Type": "Bitmap Heap Scan", "Parent Relationship": "Inner", "Relation Name": "nation", "Alias": "n1", "Startup Cost": 0.26, "Total Cost": 4.27, "Plan Rows": 1, "Plan Width": 8, "Recheck Cond": "(n_nationkey = customer.c_nationkey)", "Plans": [{"Node Type": "Bitmap Index Scan", "Parent Relationship": "Outer", "Index Name": "nation_pkey", "Startup Cost": 0.0, "Total Cost": 0.26, "Plan Rows": 1, "Plan Width": 0, "Index Cond": "(n_nationkey = customer.c_nationkey)"}]}]}, {"Node Type": "Bitmap Heap Scan", "Parent Relationship": "Inner", "Relation Name": "region", "Alias": "region", "Startup Cost": 0.58, "Total Cost": 4.59, "Plan Rows": 1, "Plan Width": 4, "Recheck Cond": "(r_regionkey = n1.n_regionkey)", "Filter": "(r_name = 'ASIA'::bpchar)", "Plans": [{"Node Type": "Bitmap Index Scan", "Parent Relationship": "Outer", "Index Name": "region_pkey", "Startup Cost": 0.0, "Total Cost": 0.58, "Plan Rows": 1, "Plan Width": 0, "Index Cond": "(r_regionkey = n1.n_regionkey)"}]}]}, {"Node Type": "Bitmap Heap Scan", "Parent Relationship": "Inner", "Relation Name": "lineitem", "Alias": "lineitem", "Startup Cost": 0.52, "Total Cost": 4.64, "Plan Rows": 9, "Plan Width": 40, "Recheck Cond": "(l_orderkey = orders.o_orderkey)", "Plans": [{"Node Type": "Bitmap Index Scan", "Parent Relationship": "Outer", "Index Name": "idx_lineitem_orderkey", "Startup Cost": 0.0, "Total Cost": 0.52, "Plan Rows": 9, "Plan Width": 0, "Index Cond": "(l_orderkey = orders.o_orderkey)"}]}]}, {"Node Type": "Bitmap Heap Scan", "Parent Relationship": "Inner", "Relation Name": "part", "Alias": "part", "Startup Cost": 0.26, "Total Cost": 4.27, "Plan Rows": 1, "Plan Width": 8, "Recheck Cond": "(p_partkey = lineitem.l_partkey)", "Filter": "((p_type)::text = 'SMALL PLATED COPPER'::text)", "Plans": [{"Node Type": "Bitmap Index Scan", "Parent Relationship": "Outer", "Index Name": "part_kpey", "Startup Cost": 0.0, "Total Cost": 0.26, "Plan Rows": 1, "Plan Width": 0, "Index Cond": "(p_partkey = lineitem.l_partkey)"}]}]}, {"Node Type": "Bitmap Heap Scan", "Parent Relationship": "Inner", "Relation Name": "supplier", "Alias": "supplier", "Startup Cost": 0.26, "Total Cost": 4.27, "Plan Rows": 1, "Plan Width": 12, "Recheck Cond": "(s_suppkey = lineitem.l_suppkey)", "Plans": [{"Node Type": "Bitmap Index Scan", "Parent Relationship": "Outer", "Index Name": "supplier_pkey", "Startup Cost": 0.0, "Total Cost": 0.26, "Plan Rows": 1, "Plan Width": 0, "Index Cond": "(s_suppkey = lineitem.l_suppkey)"}]}]}, {"Node Type": "Bitmap Heap Scan", "Parent Relationship": "Inner", "Relation Name": "nation", "Alias": "n2", "Startup Cost": 0.26, "Total Cost": 4.27, "Plan Rows": 1, "Plan Width": 30, "Recheck Cond": "(n_nationkey = supplier.s_nationkey)", "Plans": [{"Node Type": "Bitmap Index Scan", "Parent Relationship": "Outer", "Index Name": "nation_pkey", "Startup Cost": 0.0, "Total Cost": 0.26, "Plan Rows": 1, "Plan Width": 0, "Index Cond": "(n_nationkey = supplier.s_nationkey)"}]}]}]}]}, "Unique SQL Id": 3681808042, "Planner Runtime": 4}, "explain_analyze_plan": null}, "(64, 72)": {"explain_plan": {"Plan": {"Node Type": "Sort", "Startup Cost": 486022.68, "Total Cost": 486022.71, "Plan Rows": 10, "Plan Width": 66, "Sort Key": ["(date_part('year'::text, orders.o_orderdate))"], "Plans": [{"Node Type": "Aggregate", "Strategy": "Hashed", "Parent Relationship": "Outer", "Startup Cost": 486022.37, "Total Cost": 486022.52, "Plan Rows": 10, "Plan Width": 66, "Group By Key": ["date_part('year'::text, orders.o_orderdate)"], "Plans": [{"Node Type": "Hash Join", "Parent Relationship": "Outer", "Join Type": "Inner", "Startup Cost": 4537.06, "Total Cost": 485902.55, "Plan Rows": 5991, "Plan Width": 50, "Inner Unique": true, "Hash Cond": "(supplier.s_nationkey = n2.n_nationkey)", "Plans": [{"Node Type": "Hash Join", "Parent Relationship": "Outer", "Join Type": "Inner", "Startup Cost": 4535.5, "Total Cost": 485803.63, "Plan Rows": 5991, "Plan Width": 28, "Inner Unique": false, "Hash Cond": "(customer.c_nationkey = n1.n_nationkey)", "Plans": [{"Node Type": "Nested Loop", "Parent Relationship": "Outer", "Join Type": "Inner", "Startup Cost": 4533.0, "Total Cost": 485661.65, "Plan Rows": 29954, "Plan Width": 32, "Inner Unique": true, "Plans": [{"Node Type": "Hash Join", "Parent Relationship": "Outer", "Join Type": "Inner", "Startup Cost": 4533.0, "Total Cost": 469409.78, "Plan Rows": 51198, "Plan Width": 36, "Inner Unique": true, "Hash Cond": "(lineitem.l_suppkey = supplier.s_suppkey)", "Plans": [{"Node Type": "Nested Loop", "Parent Relationship": "Outer", "Join Type": "Inner", "Startup Cost": 0.0, "Total Cost": 464497.44, "Plan Rows": 86479, "Plan Width": 40, "Inner Unique": true, "Plans": [{"Node Type": "Nested Loop", "Parent Relationship": "Outer", "Join Type": "Inner", "Startup Cost": 0.0, "Total Cost": 441564.57, "Plan Rows": 74637, "Plan Width": 32, "Inner Unique": false, "Plans": [{"Node Type": "Seq Scan", "Parent Relationship": "Outer", "Relation Name": "part", "Alias": "part", "Startup Cost": 0.0, "Total Cost": 66944.0, "Plan Rows": 13538, "Plan Width": 8, "Filter": "((p_type)::text = 'SMALL PLATED COPPER'::text)"}, {"Node Type": "Index Scan", "Parent Relationship": "Inner", "Scan Direction": "Forward", "Index Name": "idx_lineitem_part_supp", "Relation Name": "lineitem", "Alias": "lineitem", "Startup Cost": 0.0, "Total Cost": 27.61, "Plan Rows": 6, "Plan Width": 40, "Index Cond": "(l_partkey = part.p_partkey)"}]}, {"Node Type": "Index Scan", "Parent Relationship": "Inner", "Scan Direction": "Forward", "Index Name": "orders_pkey", "Relation Name": "orders", "Alias": "orders", "Startup Cost": 0.0, "Total Cost": 0.3, "Plan Rows": 1, "Plan Width": 24, "Index Cond": "(o_orderkey = lineitem.l_orderkey)", "Filter": "((o_orderdate >= '1995-01-01 00:00:00'::timestamp(0) without time zone) AND (o_orderdate <= '1996-12-31 00:00:00'::timestamp(0) without time zone))"}]}, {"Node Type": "Hash", "Parent Relationship": "Inner", "Startup Cost": 3283.0, "Total Cost": 3283.0, "Plan Rows": 100000, "Plan Width": 12, "Plans": [{"Node Type": "Seq Scan", "Parent Relationship": "Outer", "Relation Name": "supplier", "Alias": "supplier", "Startup Cost": 0.0, "Total Cost": 3283.0, "Plan Rows": 100000, "Plan Width": 12}]}]}, {"Node Type": "Index Scan", "Parent Relationship": "Inner", "Scan Direction": "Forward", "Index Name": "customer_pkey", "Relation Name": "customer", "Alias": "customer", "Startup Cost": 0.0, "Total Cost": 0.31, "Plan Rows": 1, "Plan Width": 12, "Index Cond": "(c_custkey = orders.o_custkey)"}]}, {"Node Type": "Hash", "Parent Relationship": "Inner", "Startup Cost": 2.44, "Total Cost": 2.44, "Plan Rows": 5, "Plan Width": 4, "Plans": [{"Node Type": "Hash Join", "Parent Relationship": "Outer", "Join Type": "Inner", "Startup Cost": 1.07, "Total Cost": 2.44, "Plan Rows": 5, "Plan Width": 4, "Inner Unique": true, "Hash Cond": "(n1.n_regionkey = region.r_regionkey)", "Plans": [{"Node Type": "Seq Scan", "Parent Relationship": "Outer", "Relation Name": "nation", "Alias": "n1", "Startup Cost": 0.0, "Total Cost": 1.25, "Plan Rows": 25, "Plan Width": 8}, {"Node Type": "Hash", "Parent Relationship": "Inner", "Startup Cost": 1.06, "Total Cost": 1.06, "Plan Rows": 1, "Plan Width": 4, "Plans": [{"Node Type": "Seq Scan", "Parent Relationship": "Outer", "Relation Name": "region", "Alias": "region", "Startup Cost": 0.0, "Total Cost": 1.06, "Plan Rows": 1, "Plan Width": 4, "Filter": "(r_name = 'ASIA'::bpchar)"}]}]}]}]}, {"Node Type": "Hash", "Parent Relationship": "Inner", "Startup Cost": 1.25, "Total Cost": 1.25, "Plan Rows": 25, "Plan Width": 30, "Plans": [{"Node Type": "Seq Scan", "Parent Relationship": "Outer", "Relation Name": "nation", "Alias": "n2", "Startup Cost": 0.0, "Total Cost": 1.25, "Plan Rows": 25, "Plan Width": 30}]}]}]}]}, "Unique SQL Id": 3681808042, "Planner Runtime": 7}, "explain_analyze_plan": {"Plan": {"Node Type": "Sort", "Startup Cost": 486022.68, "Total Cost": 486022.71, "Plan Rows": 10, "Plan Width": 66, "Actual Startup Time": 6756.022, "Actual Total Time": 6756.022, "Actual Rows": 2, "Actual Loops": 1, "Sort Key": ["(date_part('year'::text, orders.o_orderdate))"], "Sort Method": "quicksort", "Sort Space Used": 25, "Sort Space Type": "Memory", "Plans": [{"Node Type": "Aggregate", "Strategy": "Hashed", "Parent Relationship": "Outer", "Startup Cost": 486022.37, "Total Cost": 486022.52, "Plan Rows": 10, "Plan Width": 66, "Actual Startup Time": 6755.961, "Actual Total Time": 6755.962, "Actual Rows": 2, "Actual Loops": 1, "Group By Key": ["date_part('year'::text, orders.o_orderdate)"], "Plans": [{"Node Type": "Hash Join", "Parent Relationship": "Outer", "Join Type": "Inner", "Startup Cost": 4537.06, "Total Cost": 485902.55, "Plan Rows": 5991, "Plan Width": 50, "Actual Startup Time": 67.43, "Actual Total Time": 6719.443, "Actual Rows": 23929, "Actual Loops": 1, "Inner Unique": true, "Hash Cond": "(supplier.s_nationkey = n2.n_nationkey)", "Plans": [{"Node Type": "Hash Join", "Parent Relationship": "Outer", "Join Type": "Inner", "Startup Cost": 4535.5, "Total Cost": 485803.63, "Plan Rows": 5991, "Plan Width": 28, "Actual Startup Time": 67.32, "Actual Total Time": 6686.883, "Actual Rows": 23929, "Actual Loops": 1, "Inner Unique": false, "Hash Cond": "(customer.c_nationkey = n1.n_nationkey)", "Plans": [{"Node Type": "Nested Loop", "Parent Relationship": "Outer", "Join Type": "Inner", "Startup Cost": 4533.0, "Total Cost": 485661.65, "Plan Rows": 29954, "Plan Width": 32, "Actual Startup Time": 66.995, "Actual Total Time": 6648.807, "Actual Rows": 119765, "Actual Loops": 1, "Inner Unique": true, "Plans": [{"Node Type": "Hash Join", "Parent Relationship": "Outer", "Join Type": "Inner", "Startup Cost": 4533.0, "Total Cost": 469409.78, "Plan Rows": 51198, "Plan Width": 36, "Actual Startup Time": 66.961, "Actual Total Time": 5656.883, "Actual Rows": 119765, "Actual Loops": 1, "Inner Unique": true, "Hash Cond": "(lineitem.l_suppkey = supplier.s_suppkey)", "Plans": [{"Node Type": "Nested Loop", "Parent Relationship": "Outer", "Join Type": "Inner", "Startup Cost": 0.0, "Total Cost": 464497.44, "Plan Rows": 86479, "Plan Width": 40, "Actual Startup Time": 0.202, "Actual Total Time": 5506.065, "Actual Rows": 119765, "Actual Loops": 1, "Inner Unique": true, "Plans": [{"Node Type": "Nested Loop", "Parent Relationship": "Outer", "Join Type": "Inner", "Startup Cost": 0.0, "Total Cost": 441564.57, "Plan Rows": 74637, "Plan Width": 32, "Actual Startup Time": 0.04, "Actual Total Time": 2015.962, "Actual Rows": 395341, "Actual Loops": 1, "Inner Unique": false, "Plans": [{"Node Type": "Seq Scan", "Parent Relationship": "Outer", "Relation Name": "part", "Alias": "part", "Startup Cost": 0.0, "Total Cost": 66944.0, "Plan Rows": 13538, "Plan Width": 8, "Actual Startup Time": 0.02, "Actual Total Time": 775.693, "Actual Rows": 13163, "Actual Loops": 1, "Filter": "((p_type)::text = 'SMALL PLATED COPPER'::text)", "Rows Removed by Filter": 1986837}, {"Node Type": "Index Scan", "Parent Relationship": "Inner", "Scan Direction": "Forward", "Index Name": "idx_lineitem_part_supp", "Relation Name": "lineitem", "Alias": "lineitem", "Startup Cost": 0.0, "Total Cost": 27.61, "Plan Rows": 6, "Plan Width": 40, "Actual Startup Time": 155.92, "Actual Total Time": 1137.781, "Actual Rows": 395341, "Actual Loops": 13163, "Index Cond": "(l_partkey = part.p_partkey)", "Rows Removed by Index Recheck": 0}]}, {"Node Type": "Index Scan", "Parent Relationship": "Inner", "Scan Direction": "Forward", "Index Name": "orders_pkey", "Relation Name": "orders", "Alias": "orders", "Startup Cost": 0.0, "Total Cost": 0.3, "Plan Rows": 1, "Plan Width": 24, "Actual Startup Time": 3259.926, "Actual Total Time": 3259.926, "Actual Rows": 119765, "Actual Loops": 395341, "Index Cond": "(o_orderkey = lineitem.l_orderkey)", "Rows Removed by Index Recheck": 0, "Filter": "((o_orderdate >= '1995-01-01 00:00:00'::timestamp(0) without time zone) AND (o_orderdate <= '1996-12-31 00:00:00'::timestamp(0) without time zone))", "Rows Removed by Filter": 275576}]}, {"Node Type": "Hash", "Parent Relationship": "Inner", "Startup Cost": 3283.0, "Total Cost": 3283.0, "Plan Rows": 100000, "Plan Width": 12, "Actual Startup Time": 66.654, "Actual Total Time": 66.654, "Actual Rows": 100000, "Actual Loops": 1, "Hash Buckets": 131072, "Hash Batches": 1, "Original Hash Batches": 1, "Peak Memory Usage": 4297, "Plans": [{"Node Type": "Seq Scan", "Parent Relationship": "Outer", "Relation Name": "supplier", "Alias": "supplier", "Startup Cost": 0.0, "Total Cost": 3283.0, "Plan Rows": 100000, "Plan Width": 12, "Actual Startup Time": 0.01, "Actual Total Time": 40.336, "Actual Rows": 100000, "Actual Loops": 1}]}]}, {"Node Type": "Index Scan", "Parent Relationship": "Inner", "Scan Direction": "Forward", "Index Name": "customer_pkey", "Relation Name": "customer", "Alias": "customer", "Startup Cost": 0.0, "Total Cost": 0.31, "Plan Rows": 1, "Plan Width": 12, "Actual Startup Time": 882.839, "Actual Total Time": 882.839, "Actual Rows": 119765, "Actual Loops": 119765, "Index Cond": "(c_custkey = orders.o_custkey)", "Rows Removed by Index Recheck": 0}]}, {"Node Type": "Hash", "Parent Relationship": "Inner", "Startup Cost": 2.44, "Total Cost": 2.44, "Plan Rows": 5, "Plan Width": 4, "Actual Startup Time": 0.066, "Actual Total Time": 0.066, "Actual Rows": 5, "Actual Loops": 1, "Hash Buckets": 32768, "Hash Batches": 1, "Original Hash Batches": 1, "Peak Memory Usage": 1, "Plans": [{"Node Type": "Hash Join", "Parent Relationship": "Outer", "Join Type": "Inner", "Startup Cost": 1.07, "Total Cost": 2.44, "Plan Rows": 5, "Plan Width": 4, "Actual Startup Time": 0.051, "Actual Total Time": 0.059, "Actual Rows": 5, "Actual Loops": 1, "Inner Unique": true, "Hash Cond": "(n1.n_regionkey = region.r_regionkey)", "Plans": [{"Node Type": "Seq Scan", "Parent Relationship": "Outer", "Relation Name": "nation", "Alias": "n1", "Startup Cost": 0.0, "Total Cost": 1.25, "Plan Rows": 25, "Plan Width": 8, "Actual Startup Time": 0.006, "Actual Total Time": 0.01, "Actual Rows": 25, "Actual Loops": 1}, {"Node Type": "Hash", "Parent Relationship": "Inner", "Startup Cost": 1.06, "Total Cost": 1.06, "Plan Rows": 1, "Plan Width": 4, "Actual Startup Time": 0.011, "Actual Total Time": 0.011, "Actual Rows": 1, "Actual Loops": 1, "Hash Buckets": 32768, "Hash Batches": 1, "Original Hash Batches": 1, "Peak Memory Usage": 1, "Plans": [{"Node Type": "Seq Scan", "Parent Relationship": "Outer", "Relation Name": "region", "Alias": "region", "Startup Cost": 0.0, "Total Cost": 1.06, "Plan Rows": 1, "Plan Width": 4, "Actual Startup Time": 0.009, "Actual Total Time": 0.01, "Actual Rows": 1, "Actual Loops": 1, "Filter": "(r_name = 'ASIA'::bpchar)", "Rows Removed by Filter": 4}]}]}]}]}, {"Node Type": "Hash", "Parent Relationship": "Inner", "Startup Cost": 1.25, "Total Cost": 1.25, "Plan Rows": 25, "Plan Width": 30, "Actual Startup Time": 0.038, "Actual Total Time": 0.038, "Actual Rows": 25, "Actual Loops": 1, "Hash Buckets": 32768, "Hash Batches": 1, "Original Hash Batches": 1, "Peak Memory Usage": 2, "Plans": [{"Node Type": "Seq Scan", "Parent Relationship": "Outer", "Relation Name": "nation", "Alias": "n2", "Startup Cost": 0.0, "Total Cost": 1.25, "Plan Rows": 25, "Plan Width": 30, "Actual Startup Time": 0.012, "Actual Total Time": 0.017, "Actual Rows": 25, "Actual Loops": 1}]}]}]}]}, "Triggers": [], "Planner Runtime": 5, "Total Runtime": 6756.391, "Unique SQL Id": 3681808042}}, "(64, 73)": {"explain_plan": {"Plan": {"Node Type": "Sort", "Startup Cost": 526963.15, "Total Cost": 526963.18, "Plan Rows": 10, "Plan Width": 66, "Sort Key": ["(date_part('year'::text, orders.o_orderdate))"], "Plans": [{"Node Type": "Aggregate", "Strategy": "Hashed", "Parent Relationship": "Outer", "Startup Cost": 526962.83, "Total Cost": 526962.98, "Plan Rows": 10, "Plan Width": 66, "Group By Key": ["date_part('year'::text, orders.o_orderdate)"], "Plans": [{"Node Type": "Hash Join", "Parent Relationship": "Outer", "Join Type": "Inner", "Startup Cost": 6618.28, "Total Cost": 526843.01, "Plan Rows": 5991, "Plan Width": 50, "Inner Unique": true, "Hash Cond": "(supplier.s_nationkey = n2.n_nationkey)", "Plans": [{"Node Type": "Hash Join", "Parent Relationship": "Outer", "Join Type": "Inner", "Startup Cost": 6605.34, "Total Cost": 526732.72, "Plan Rows": 5991, "Plan Width": 28, "Inner Unique": false, "Hash Cond": "(customer.c_nationkey = n1.n_nationkey)", "Plans": [{"Node Type": "Nested Loop", "Parent Relationship": "Outer", "Join Type": "Inner", "Startup Cost": 6584.54, "Total Cost": 526572.45, "Plan Rows": 29954, "Plan Width": 32, "Inner Unique": true, "Plans": [{"Node Type": "Hash Join", "Parent Relationship": "Outer", "Join Type": "Inner", "Startup Cost": 6584.54, "Total Cost": 510320.57, "Plan Rows": 51198, "Plan Width": 36, "Inner Unique": true, "Hash Cond": "(lineitem.l_suppkey = supplier.s_suppkey)", "Plans": [{"Node Type": "Nested Loop", "Parent Relationship": "Outer", "Join Type": "Inner", "Startup Cost": 0.0, "Total Cost": 503356.69, "Plan Rows": 86479, "Plan Width": 40, "Inner Unique": true, "Plans": [{"Node Type": "Nested Loop", "Parent Relationship": "Outer", "Join Type": "Inner", "Startup Cost": 0.0, "Total Cost": 480423.82, "Plan Rows": 74637, "Plan Width": 32, "Inner Unique": false, "Plans": [{"Node Type": "Index Scan", "Parent Relationship": "Outer", "Scan Direction": "Forward", "Index Name": "part_kpey", "Relation Name": "part", "Alias": "part", "Startup Cost": 0.0, "Total Cost": 105803.25, "Plan Rows": 13538, "Plan Width": 8, "Filter": "((p_type)::text = 'SMALL PLATED COPPER'::text)"}, {"Node Type": "Index Scan", "Parent Relationship": "Inner", "Scan Direction": "Forward", "Index Name": "idx_lineitem_part_supp", "Relation Name": "lineitem", "Alias": "lineitem", "Startup Cost": 0.0, "Total Cost": 27.61, "Plan Rows": 6, "Plan Width": 40, "Index Cond": "(l_partkey = part.p_partkey)"}]}, {"Node Type": "Index Scan", "Parent Relationship": "Inner", "Scan Direction": "Forward", "Index Name": "orders_pkey", "Relation Name": "orders", "Alias": "orders", "Startup Cost": 0.0, "Total Cost": 0.3, "Plan Rows": 1, "Plan Width": 24, "Index Cond": "(o_orderkey = lineitem.l_orderkey)", "Filter": "((o_orderdate >= '1995-01-01 00:00:00'::timestamp(0) without time zone) AND (o_orderdate <= '1996-12-31 00:00:00'::timestamp(0) without time zone))"}]}, {"Node Type": "Hash", "Parent Relationship": "Inner", "Startup Cost": 5334.54, "Total Cost": 5334.54, "Plan Rows": 100000, "Plan Width": 12, "Plans": [{"Node Type": "Index Scan", "Parent Relationship": "Outer", "Scan Direction": "Forward", "Index Name": "supplier_pkey", "Relation Name": "supplier", "Alias": "supplier", "Startup Cost": 0.0, "Total Cost": 5334.54, "Plan Rows": 100000, "Plan Width": 12}]}]}, {"Node Type": "Index Scan", "Parent Relationship": "Inner", "Scan Direction": "Forward", "Index Name": "customer_pkey", "Relation Name": "customer", "Alias": "customer", "Startup Cost": 0.0, "Total Cost": 0.31, "Plan Rows": 1, "Plan Width": 12, "Index Cond": "(c_custkey = orders.o_custkey)"}]}, {"Node Type": "Hash", "Parent Relationship": "Inner", "Startup Cost": 20.74, "Total Cost": 20.74, "Plan Rows": 5, "Plan Width": 4, "Plans": [{"Node Type": "Nested Loop", "Parent Relationship": "Outer", "Join Type": "Inner", "Startup Cost": 0.0, "Total Cost": 20.74, "Plan Rows": 5, "Plan Width": 4, "Inner Unique": false, "Plans": [{"Node Type": "Index Scan", "Parent Relationship": "Outer", "Scan Direction": "Forward", "Index Name": "region_pkey", "Relation Name": "region", "Alias": "region", "Startup Cost": 0.0, "Total Cost": 12.34, "Plan Rows": 1, "Plan Width": 4, "Filter": "(r_name = 'ASIA'::bpchar)"}, {"Node Type": "Index Scan", "Parent Relationship": "Inner", "Scan Direction": "Forward", "Index Name": "idx_nation_regionkey", "Relation Name": "nation", "Alias": "n1", "Startup Cost": 0.0, "Total Cost": 8.35, "Plan Rows": 5, "Plan Width": 8, "Index Cond": "(n_regionkey = region.r_regionkey)"}]}]}]}, {"Node Type": "Hash", "Parent Relationship": "Inner", "Startup Cost": 12.62, "Total Cost": 12.62, "Plan Rows": 25, "Plan Width": 30, "Plans": [{"Node Type": "Index Scan", "Parent Relationship": "Outer", "Scan Direction": "Forward", "Index Name": "nation_pkey", "Relation Name": "nation", "Alias": "n2", "Startup Cost": 0.0, "Total Cost": 12.62, "Plan Rows": 25, "Plan Width": 30}]}]}]}]}, "Unique SQL Id": 3681808042, "Planner Runtime": 7}, "explain_analyze_plan": {"Plan": {"Node Type": "Sort", "Startup Cost": 526963.15, "Total Cost": 526963.18, "Plan Rows": 10, "Plan Width": 66, "Actual Startup Time": 7473.195, "Actual Total Time": 7473.195, "Actual Rows": 2, "Actual Loops": 1, "Sort Key": ["(date_part('year'::text, orders.o_orderdate))"], "Sort Method": "quicksort", "Sort Space Used": 25, "Sort Space Type": "Memory", "Plans": [{"Node Type": "Aggregate", "Strategy": "Hashed", "Parent Relationship": "Outer", "Startup Cost": 526962.83, "Total Cost": 526962.98, "Plan Rows": 10, "Plan Width": 66, "Actual Startup Time": 7473.174, "Actual Total Time": 7473.175, "Actual Rows": 2, "Actual Loops": 1, "Group By Key": ["date_part('year'::text, orders.o_orderdate)"], "Plans": [{"Node Type": "Hash Join", "Parent Relationship": "Outer", "Join Type": "Inner", "Startup Cost": 6618.28, "Total Cost": 526843.01, "Plan Rows": 5991, "Plan Width": 50, "Actual Startup Time": 111.253, "Actual Total Time": 7439.205, "Actual Rows": 23929, "Actual Loops": 1, "Inner Unique": true, "Hash Cond": "(supplier.s_nationkey = n2.n_nationkey)", "Plans": [{"Node Type": "Hash Join", "Parent Relationship": "Outer", "Join Type": "Inner", "Startup Cost": 6605.34, "Total Cost": 526732.72, "Plan Rows": 5991, "Plan Width": 28, "Actual Startup Time": 111.16, "Actual Total Time": 7408.027, "Actual Rows": 23929, "Actual Loops": 1, "Inner Unique": false, "Hash Cond": "(customer.c_nationkey = n1.n_nationkey)", "Plans": [{"Node Type": "Nested Loop", "Parent Relationship": "Outer", "Join Type": "Inner", "Startup Cost": 6584.54, "Total Cost": 526572.45, "Plan Rows": 29954, "Plan Width": 32, "Actual Startup Time": 110.89, "Actual Total Time": 7370.669, "Actual Rows": 119765, "Actual Loops": 1, "Inner Unique": true, "Plans": [{"Node Type": "Hash Join", "Parent Relationship": "Outer", "Join Type": "Inner", "Startup Cost": 6584.54, "Total Cost": 510320.57, "Plan Rows": 51198, "Plan Width": 36, "Actual Startup Time": 110.859, "Actual Total Time": 6357.419, "Actual Rows": 119765, "Actual Loops": 1, "Inner Unique": true, "Hash Cond": "(lineitem.l_suppkey = supplier.s_suppkey)", "Plans": [{"Node Type": "Nested Loop", "Parent Relationship": "Outer", "Join Type": "Inner", "Startup Cost": 0.0, "Total Cost": 503356.69, "Plan Rows": 86479, "Plan Width": 40, "Actual Startup Time": 0.155, "Actual Total Time": 6165.628, "Actual Rows": 119765, "Actual Loops": 1, "Inner Unique": true, "Plans": [{"Node Type": "Nested Loop", "Parent Relationship": "Outer", "Join Type": "Inner", "Startup Cost": 0.0, "Total Cost": 480423.82, "Plan Rows": 74637, "Plan Width": 32, "Actual Startup Time": 0.039, "Actual Total Time": 2622.64, "Actual Rows": 395341, "Actual Loops": 1, "Inner Unique": false, "Plans": [{"Node Type": "Index Scan", "Parent Relationship": "Outer", "Scan Direction": "Forward", "Index Name": "part_kpey", "Relation Name": "part", "Alias": "part", "Startup Cost": 0.0, "Total Cost": 105803.25, "Plan Rows": 13538, "Plan Width": 8, "Actual Startup Time": 0.024, "Actual Total Time": 1376.051, "Actual Rows": 13163, "Actual Loops": 1, "Filter": "((p_type)::text = 'SMALL PLATED COPPER'::text)", "Rows Removed by Filter": 1986837}, {"Node Type": "Index Scan", "Parent Relationship": "Inner", "Scan Direction": "Forward", "Index Name": "idx_lineitem_part_supp", "Relation Name": "lineitem", "Alias": "lineitem", "Startup Cost": 0.0, "Total Cost": 27.61, "Plan Rows": 6, "Plan Width": 40, "Actual Startup Time": 153.471, "Actual Total Time": 1145.154, "Actual Rows": 395341, "Actual Loops": 13163, "Index Cond": "(l_partkey = part.p_partkey)", "Rows Removed by Index Recheck": 0}]}, {"Node Type": "Index Scan", "Parent Relationship": "Inner", "Scan Direction": "Forward", "Index Name": "orders_pkey", "Relation Name": "orders", "Alias": "orders", "Startup Cost": 0.0, "Total Cost": 0.3, "Plan Rows": 1, "Plan Width": 24, "Actual Startup Time": 3308.468, "Actual Total Time": 3308.468, "Actual Rows": 119765, "Actual Loops": 395341, "Index Cond": "(o_orderkey = lineitem.l_orderkey)", "Rows Removed by Index Recheck": 0, "Filter": "((o_orderdate >= '1995-01-01 00:00:00'::timestamp(0) without time zone) AND (o_orderdate <= '1996-12-31 00:00:00'::timestamp(0) without time zone))", "Rows Removed by Filter": 275576}]}, {"Node Type": "Hash", "Parent Relationship": "Inner", "Startup Cost": 5334.54, "Total Cost": 5334.54, "Plan Rows": 100000, "Plan Width": 12, "Actual Startup Time": 110.598, "Actual Total Time": 110.598, "Actual Rows": 100000, "Actual Loops": 1, "Hash Buckets": 131072, "Hash Batches": 1, "Original Hash Batches": 1, "Peak Memory Usage": 4297, "Plans": [{"Node Type": "Index Scan", "Parent Relationship": "Outer", "Scan Direction": "Forward", "Index Name": "supplier_pkey", "Relation Name": "supplier", "Alias": "supplier", "Startup Cost": 0.0, "Total Cost": 5334.54, "Plan Rows": 100000, "Plan Width": 12, "Actual Startup Time": 0.017, "Actual Total Time": 82.915, "Actual Rows": 100000, "Actual Loops": 1}]}]}, {"Node Type": "Index Scan", "Parent Relationship": "Inner", "Scan Direction": "Forward", "Index Name": "customer_pkey", "Relation Name": "customer", "Alias": "customer", "Startup Cost": 0.0, "Total Cost": 0.31, "Plan Rows": 1, "Plan Width": 12, "Actual Startup Time": 903.566, "Actual Total Time": 903.566, "Actual Rows": 119765, "Actual Loops": 119765, "Index Cond": "(c_custkey = orders.o_custkey)", "Rows Removed by Index Recheck": 0}]}, {"Node Type": "Hash", "Parent Relationship": "Inner", "Startup Cost": 20.74, "Total Cost": 20.74, "Plan Rows": 5, "Plan Width": 4, "Actual Startup Time": 0.024, "Actual Total Time": 0.024, "Actual Rows": 5, "Actual Loops": 1, "Hash Buckets": 32768, "Hash Batches": 1, "Original Hash Batches": 1, "Peak Memory Usage": 1, "Plans": [{"Node Type": "Nested Loop", "Parent Relationship": "Outer", "Join Type": "Inner", "Startup Cost": 0.0, "Total Cost": 20.74, "Plan Rows": 5, "Plan Width": 4, "Actual Startup Time": 0.016, "Actual Total Time": 0.022, "Actual Rows": 5, "Actual Loops": 1, "Inner Unique": false, "Plans": [{"Node Type": "Index Scan", "Parent Relationship": "Outer", "Scan Direction": "Forward", "Index Name": "region_pkey", "Relation Name": "region", "Alias": "region", "Startup Cost": 0.0, "Total Cost": 12.34, "Plan Rows": 1, "Plan Width": 4, "Actual Startup Time": 0.009, "Actual Total Time": 0.011, "Actual Rows": 1, "Actual Loops": 1, "Filter": "(r_name = 'ASIA'::bpchar)", "Rows Removed by Filter": 4}, {"Node Type": "Index Scan", "Parent Relationship": "Inner", "Scan Direction": "Forward", "Index Name": "idx_nation_regionkey", "Relation Name": "nation", "Alias": "n1", "Startup Cost": 0.0, "Total Cost": 8.35, "Plan Rows": 5, "Plan Width": 8, "Actual Startup Time": 0.004, "Actual Total Time": 0.005, "Actual Rows": 5, "Actual Loops": 1, "Index Cond": "(n_regionkey = region.r_regionkey)", "Rows Removed by Index Recheck": 0}]}]}]}, {"Node Type": "Hash", "Parent Relationship": "Inner", "Startup Cost": 12.62, "Total Cost": 12.62, "Plan Rows": 25, "Plan Width": 30, "Actual Startup Time": 0.037, "Actual Total Time": 0.037, "Actual Rows": 25, "Actual Loops": 1, "Hash Buckets": 32768, "Hash Batches": 1, "Original Hash Batches": 1, "Peak Memory Usage": 2, "Plans": [{"Node Type": "Index Scan", "Parent Relationship": "Outer", "Scan Direction": "Forward", "Index Name": "nation_pkey", "Relation Name": "nation", "Alias": "n2", "Startup Cost": 0.0, "Total Cost": 12.62, "Plan Rows": 25, "Plan Width": 30, "Actual Startup Time": 0.009, "Actual Total Time": 0.026, "Actual Rows": 25, "Actual Loops": 1}]}]}]}]}, "Triggers": [], "Planner Runtime": 4, "Total Runtime": 7473.55, "Unique SQL Id": 3681808042}}, "(64, 74)": {"explain_plan": {"Plan": {"Node Type": "Sort", "Startup Cost": 2907141.92, "Total Cost": 2907141.94, "Plan Rows": 10, "Plan Width": 66, "Sort Key": ["(date_part('year'::text, orders.o_orderdate))"], "Plans": [{"Node Type": "Aggregate", "Strategy": "Hashed", "Parent Relationship": "Outer", "Startup Cost": 2907141.6, "Total Cost": 2907141.75, "Plan Rows": 10, "Plan Width": 66, "Group By Key": ["date_part('year'::text, orders.o_orderdate)"], "Plans": [{"Node Type": "Hash Join", "Parent Relationship": "Outer", "Join Type": "Inner", "Startup Cost": 664848.38, "Total Cost": 2907021.78, "Plan Rows": 5991, "Plan Width": 50, "Inner Unique": true, "Hash Cond": "(supplier.s_nationkey = n2.n_nationkey)", "Plans": [{"Node Type": "Hash Join", "Parent Relationship": "Outer", "Join Type": "Inner", "Startup Cost": 664846.82, "Total Cost": 2906922.86, "Plan Rows": 5991, "Plan Width": 28, "Inner Unique": true, "Hash Cond": "(lineitem.l_suppkey = supplier.s_suppkey)", "Plans": [{"Node Type": "Hash Join", "Parent Relationship": "Outer", "Join Type": "Inner", "Startup Cost": 660313.82, "Total Cost": 2902243.54, "Plan Rows": 17296, "Plan Width": 32, "Inner Unique": false, "Hash Cond": "(lineitem.l_orderkey = orders.o_orderkey)", "Plans": [{"Node Type": "Hash Join", "Parent Relationship": "Outer", "Join Type": "Inner", "Startup Cost": 67113.23, "Total Cost": 2307926.3, "Plan Rows": 74637, "Plan Width": 32, "Inner Unique": true, "Hash Cond": "(lineitem.l_partkey = part.p_partkey)", "Plans": [{"Node Type": "Seq Scan", "Parent Relationship": "Outer", "Relation Name": "lineitem", "Alias": "lineitem", "Startup Cost": 0.0, "Total Cost": 2015115.33, "Plan Rows": 59987033, "Plan Width": 40}, {"Node Type": "Hash", "Parent Relationship": "Inner", "Startup Cost": 66944.0, "Total Cost": 66944.0, "Plan Rows": 13538, "Plan Width": 8, "Plans": [{"Node Type": "Seq Scan", "Parent Relationship": "Outer", "Relation Name": "part", "Alias": "part", "Startup Cost": 0.0, "Total Cost": 66944.0, "Plan Rows": 13538, "Plan Width": 8, "Filter": "((p_type)::text = 'SMALL PLATED COPPER'::text)"}]}]}, {"Node Type": "Hash", "Parent Relationship": "Inner", "Startup Cost": 586571.9, "Total Cost": 586571.9, "Plan Rows": 530296, "Plan Width": 16, "Plans": [{"Node Type": "Hash Join", "Parent Relationship": "Outer", "Join Type": "Inner", "Startup Cost": 63058.19, "Total Cost": 586571.9, "Plan Rows": 530296, "Plan Width": 16, "Inner Unique": false, "Hash Cond": "(orders.o_custkey = customer.c_custkey), (LLVM Optimized)", "Plans": [{"Node Type": "Seq Scan", "Parent Relationship": "Outer", "Relation Name": "orders", "Alias": "orders", "Startup Cost": 195.31, "Total Cost": 501411.18, "Plan Rows": 4531967, "Plan Width": 24, "Filter": "((o_orderdate >= '1995-01-01 00:00:00'::timestamp(0) without time zone) AND (o_orderdate <= '1996-12-31 00:00:00'::timestamp(0) without time zone)), (LLVM Optimized)"}, {"Node Type": "Hash", "Parent Relationship": "Inner", "Startup Cost": 59112.88, "Total Cost": 59112.88, "Plan Rows": 300000, "Plan Width": 8, "Plans": [{"Node Type": "Hash Join", "Parent Relationship": "Outer", "Join Type": "Inner", "Startup Cost": 2.5, "Total Cost": 59112.88, "Plan Rows": 300000, "Plan Width": 8, "Inner Unique": false, "Hash Cond": "(customer.c_nationkey = n1.n_nationkey), (LLVM Optimized)", "Plans": [{"Node Type": "Seq Scan", "Parent Relationship": "Outer", "Relation Name": "customer", "Alias": "customer", "Startup Cost": 0.0, "Total Cost": 52126.0, "Plan Rows": 1500000, "Plan Width": 12}, {"Node Type": "Hash", "Parent Relationship": "Inner", "Startup Cost": 2.44, "Total Cost": 2.44, "Plan Rows": 5, "Plan Width": 4, "Plans": [{"Node Type": "Hash Join", "Parent Relationship": "Outer", "Join Type": "Inner", "Startup Cost": 1.07, "Total Cost": 2.44, "Plan Rows": 5, "Plan Width": 4, "Inner Unique": true, "Hash Cond": "(n1.n_regionkey = region.r_regionkey)", "Plans": [{"Node Type": "Seq Scan", "Parent Relationship": "Outer", "Relation Name": "nation", "Alias": "n1", "Startup Cost": 0.0, "Total Cost": 1.25, "Plan Rows": 25, "Plan Width": 8}, {"Node Type": "Hash", "Parent Relationship": "Inner", "Startup Cost": 1.06, "Total Cost": 1.06, "Plan Rows": 1, "Plan Width": 4, "Plans": [{"Node Type": "Seq Scan", "Parent Relationship": "Outer", "Relation Name": "region", "Alias": "region", "Startup Cost": 0.0, "Total Cost": 1.06, "Plan Rows": 1, "Plan Width": 4, "Filter": "(r_name = 'ASIA'::bpchar)"}]}]}]}]}]}]}]}]}, {"Node Type": "Hash", "Parent Relationship": "Inner", "Startup Cost": 3283.0, "Total Cost": 3283.0, "Plan Rows": 100000, "Plan Width": 12, "Plans": [{"Node Type": "Seq Scan", "Parent Relationship": "Outer", "Relation Name": "supplier", "Alias": "supplier", "Startup Cost": 0.0, "Total Cost": 3283.0, "Plan Rows": 100000, "Plan Width": 12}]}]}, {"Node Type": "Hash", "Parent Relationship": "Inner", "Startup Cost": 1.25, "Total Cost": 1.25, "Plan Rows": 25, "Plan Width": 30, "Plans": [{"Node Type": "Seq Scan", "Parent Relationship": "Outer", "Relation Name": "nation", "Alias": "n2", "Startup Cost": 0.0, "Total Cost": 1.25, "Plan Rows": 25, "Plan Width": 30}]}]}]}]}, "Unique SQL Id": 3681808042, "Planner Runtime": 7}, "explain_analyze_plan": null}, "(64, 75)": {"explain_plan": {"Plan": {"Node Type": "Sort", "Startup Cost": 8000408394571.21, "Total Cost": 8000408394571.23, "Plan Rows": 10, "Plan Width": 66, "Sort Key": ["(date_part('year'::text, orders.o_orderdate))"], "Plans": [{"Node Type": "Aggregate", "Strategy": "Hashed", "Parent Relationship": "Outer", "Startup Cost": 8000408394570.89, "Total Cost": 8000408394571.04, "Plan Rows": 10, "Plan Width": 66, "Group By Key": ["date_part('year'::text, orders.o_orderdate)"], "Plans": [{"Node Type": "Hash Join", "Parent Relationship": "Outer", "Join Type": "Inner", "Startup Cost": 6020055697634.45, "Total Cost": 8000408394224.97, "Plan Rows": 17296, "Plan Width": 50, "Inner Unique": true, "Hash Cond": "(supplier.s_nationkey = n2.n_nationkey)", "Plans": [{"Node Type": "Hash Join", "Parent Relationship": "Outer", "Join Type": "Inner", "Startup Cost": 5020055696371.64, "Total Cost": 7000408392681.1, "Plan Rows": 17296, "Plan Width": 28, "Inner Unique": true, "Hash Cond": "(lineitem.l_suppkey = supplier.s_suppkey)", "Plans": [{"Node Type": "Hash Join", "Parent Relationship": "Outer", "Join Type": "Inner", "Startup Cost": 4020055161667.26, "Total Cost": 6000407857830.4, "Plan Rows": 17296, "Plan Width": 32, "Inner Unique": false, "Hash Cond": "(customer.c_nationkey = n1.n_nationkey)", "Plans": [{"Node Type": "Hash Join", "Parent Relationship": "Outer", "Join Type": "Inner", "Startup Cost": 2020055159598.39, "Total Cost": 4000407855264.28, "Plan Rows": 86479, "Plan Width": 36, "Inner Unique": true, "Hash Cond": "(orders.o_custkey = customer.c_custkey)", "Plans": [{"Node Type": "Hash Join", "Parent Relationship": "Outer", "Join Type": "Inner", "Startup Cost": 1020047064312.77, "Total Cost": 3000399758789.57, "Plan Rows": 86479, "Plan Width": 40, "Inner Unique": true, "Hash Cond": "(lineitem.l_partkey = part.p_partkey)", "Plans": [{"Node Type": "Merge Join", "Parent Relationship": "Outer", "Join Type": "Inner", "Startup Cost": 20036483818.55, "Total Cost": 2000389023456.58, "Plan Rows": 41148382, "Plan Width": 48, "Inner Unique": false, "Merge Cond": "(orders.o_orderkey = lineitem.l_orderkey)", "Plans": [{"Node Type": "Index Scan", "Parent Relationship": "Outer", "Scan Direction": "Forward", "Index Name": "orders_pkey", "Relation Name": "orders", "Alias": "orders", "Startup Cost": 10000000000.0, "Total Cost": 1000080597583.0, "Plan Rows": 4531967, "Plan Width": 24, "Filter": "((o_orderdate >= '1995-01-01 00:00:00'::timestamp(0) without time zone) AND (o_orderdate <= '1996-12-31 00:00:00'::timestamp(0) without time zone)), (LLVM Optimized)"}, {"Node Type": "Index Scan", "Parent Relationship": "Inner", "Scan Direction": "Forward", "Index Name": "idx_lineitem_orderkey", "Relation Name": "lineitem", "Alias": "lineitem", "Startup Cost": 10000000000.0, "Total Cost": 1000324015374.5, "Plan Rows": 59987033, "Plan Width": 40}]}, {"Node Type": "Hash", "Parent Relationship": "Inner", "Startup Cost": 1000010580325.0, "Total Cost": 1000010580325.0, "Plan Rows": 13538, "Plan Width": 8, "Plans": [{"Node Type": "Index Scan", "Parent Relationship": "Outer", "Scan Direction": "Forward", "Index Name": "part_kpey", "Relation Name": "part", "Alias": "part", "Startup Cost": 10000000000.0, "Total Cost": 1000010580325.0, "Plan Rows": 13538, "Plan Width": 8, "Filter": "((p_type)::text = 'SMALL PLATED COPPER'::text)"}]}]}, {"Node Type": "Hash", "Parent Relationship": "Inner", "Startup Cost": 1000008076535.62, "Total Cost": 1000008076535.62, "Plan Rows": 1500000, "Plan Width": 12, "Plans": [{"Node Type": "Index Scan", "Parent Relationship": "Outer", "Scan Direction": "Forward", "Index Name": "customer_pkey", "Relation Name": "customer", "Alias": "customer", "Startup Cost": 10000000000.0, "Total Cost": 1000008076535.62, "Plan Rows": 1500000, "Plan Width": 12}]}]}, {"Node Type": "Hash", "Parent Relationship": "Inner", "Startup Cost": 2000000002068.8, "Total Cost": 2000000002068.8, "Plan Rows": 5, "Plan Width": 4, "Plans": [{"Node Type": "Nested Loop", "Parent Relationship": "Outer", "Join Type": "Inner", "Startup Cost": 20000000000.0, "Total Cost": 2000000002068.8, "Plan Rows": 5, "Plan Width": 4, "Inner Unique": false, "Plans": [{"Node Type": "Index Scan", "Parent Relationship": "Outer", "Scan Direction": "Forward", "Index Name": "region_pkey", "Relation Name": "region", "Alias": "region", "Startup Cost": 10000000000.0, "Total Cost": 1000000001233.75, "Plan Rows": 1, "Plan Width": 4, "Filter": "(r_name = 'ASIA'::bpchar)"}, {"Node Type": "Index Scan", "Parent Relationship": "Inner", "Scan Direction": "Forward", "Index Name": "idx_nation_regionkey", "Relation Name": "nation", "Alias": "n1", "Startup Cost": 10000000000.0, "Total Cost": 1000000000835.0, "Plan Rows": 5, "Plan Width": 8, "Index Cond": "(n_regionkey = region.r_regionkey)"}]}]}]}, {"Node Type": "Hash", "Parent Relationship": "Inner", "Startup Cost": 1000000533454.38, "Total Cost": 1000000533454.38, "Plan Rows": 100000, "Plan Width": 12, "Plans": [{"Node Type": "Index Scan", "Parent Relationship": "Outer", "Scan Direction": "Forward", "Index Name": "supplier_pkey", "Relation Name": "supplier", "Alias": "supplier", "Startup Cost": 10000000000.0, "Total Cost": 1000000533454.38, "Plan Rows": 100000, "Plan Width": 12}]}]}, {"Node Type": "Hash", "Parent Relationship": "Inner", "Startup Cost": 1000000001262.5, "Total Cost": 1000000001262.5, "Plan Rows": 25, "Plan Width": 30, "Plans": [{"Node Type": "Index Scan", "Parent Relationship": "Outer", "Scan Direction": "Forward", "Index Name": "nation_pkey", "Relation Name": "nation", "Alias": "n2", "Startup Cost": 10000000000.0, "Total Cost": 1000000001262.5, "Plan Rows": 25, "Plan Width": 30}]}]}]}]}, "Unique SQL Id": 3681808042, "Planner Runtime": 16}, "explain_analyze_plan": null}, "(64, 76)": {"explain_plan": {"Plan": {"Node Type": "Sort", "Startup Cost": 486022.68, "Total Cost": 486022.71, "Plan Rows": 10, "Plan Width": 66, "Sort Key": ["(date_part('year'::text, orders.o_orderdate))"], "Plans": [{"Node Type": "Aggregate", "Strategy": "Hashed", "Parent Relationship": "Outer", "Startup Cost": 486022.37, "Total Cost": 486022.52, "Plan Rows": 10, "Plan Width": 66, "Group By Key": ["date_part('year'::text, orders.o_orderdate)"], "Plans": [{"Node Type": "Hash Join", "Parent Relationship": "Outer", "Join Type": "Inner", "Startup Cost": 4537.06, "Total Cost": 485902.55, "Plan Rows": 5991, "Plan Width": 50, "Inner Unique": true, "Hash Cond": "(supplier.s_nationkey = n2.n_nationkey)", "Plans": [{"Node Type": "Hash Join", "Parent Relationship": "Outer", "Join Type": "Inner", "Startup Cost": 4535.5, "Total Cost": 485803.63, "Plan Rows": 5991, "Plan Width": 28, "Inner Unique": false, "Hash Cond": "(customer.c_nationkey = n1.n_nationkey)", "Plans": [{"Node Type": "Nested Loop", "Parent Relationship": "Outer", "Join Type": "Inner", "Startup Cost": 4533.0, "Total Cost": 485661.65, "Plan Rows": 29954, "Plan Width": 32, "Inner Unique": true, "Plans": [{"Node Type": "Hash Join", "Parent Relationship": "Outer", "Join Type": "Inner", "Startup Cost": 4533.0, "Total Cost": 469409.78, "Plan Rows": 51198, "Plan Width": 36, "Inner Unique": true, "Hash Cond": "(lineitem.l_suppkey = supplier.s_suppkey)", "Plans": [{"Node Type": "Nested Loop", "Parent Relationship": "Outer", "Join Type": "Inner", "Startup Cost": 0.0, "Total Cost": 464497.44, "Plan Rows": 86479, "Plan Width": 40, "Inner Unique": true, "Plans": [{"Node Type": "Nested Loop", "Parent Relationship": "Outer", "Join Type": "Inner", "Startup Cost": 0.0, "Total Cost": 441564.57, "Plan Rows": 74637, "Plan Width": 32, "Inner Unique": false, "Plans": [{"Node Type": "Seq Scan", "Parent Relationship": "Outer", "Relation Name": "part", "Alias": "part", "Startup Cost": 0.0, "Total Cost": 66944.0, "Plan Rows": 13538, "Plan Width": 8, "Filter": "((p_type)::text = 'SMALL PLATED COPPER'::text)"}, {"Node Type": "Index Scan", "Parent Relationship": "Inner", "Scan Direction": "Forward", "Index Name": "idx_lineitem_part_supp", "Relation Name": "lineitem", "Alias": "lineitem", "Startup Cost": 0.0, "Total Cost": 27.61, "Plan Rows": 6, "Plan Width": 40, "Index Cond": "(l_partkey = part.p_partkey)"}]}, {"Node Type": "Index Scan", "Parent Relationship": "Inner", "Scan Direction": "Forward", "Index Name": "orders_pkey", "Relation Name": "orders", "Alias": "orders", "Startup Cost": 0.0, "Total Cost": 0.3, "Plan Rows": 1, "Plan Width": 24, "Index Cond": "(o_orderkey = lineitem.l_orderkey)", "Filter": "((o_orderdate >= '1995-01-01 00:00:00'::timestamp(0) without time zone) AND (o_orderdate <= '1996-12-31 00:00:00'::timestamp(0) without time zone))"}]}, {"Node Type": "Hash", "Parent Relationship": "Inner", "Startup Cost": 3283.0, "Total Cost": 3283.0, "Plan Rows": 100000, "Plan Width": 12, "Plans": [{"Node Type": "Seq Scan", "Parent Relationship": "Outer", "Relation Name": "supplier", "Alias": "supplier", "Startup Cost": 0.0, "Total Cost": 3283.0, "Plan Rows": 100000, "Plan Width": 12}]}]}, {"Node Type": "Index Scan", "Parent Relationship": "Inner", "Scan Direction": "Forward", "Index Name": "customer_pkey", "Relation Name": "customer", "Alias": "customer", "Startup Cost": 0.0, "Total Cost": 0.31, "Plan Rows": 1, "Plan Width": 12, "Index Cond": "(c_custkey = orders.o_custkey)"}]}, {"Node Type": "Hash", "Parent Relationship": "Inner", "Startup Cost": 2.44, "Total Cost": 2.44, "Plan Rows": 5, "Plan Width": 4, "Plans": [{"Node Type": "Hash Join", "Parent Relationship": "Outer", "Join Type": "Inner", "Startup Cost": 1.07, "Total Cost": 2.44, "Plan Rows": 5, "Plan Width": 4, "Inner Unique": true, "Hash Cond": "(n1.n_regionkey = region.r_regionkey)", "Plans": [{"Node Type": "Seq Scan", "Parent Relationship": "Outer", "Relation Name": "nation", "Alias": "n1", "Startup Cost": 0.0, "Total Cost": 1.25, "Plan Rows": 25, "Plan Width": 8}, {"Node Type": "Hash", "Parent Relationship": "Inner", "Startup Cost": 1.06, "Total Cost": 1.06, "Plan Rows": 1, "Plan Width": 4, "Plans": [{"Node Type": "Seq Scan", "Parent Relationship": "Outer", "Relation Name": "region", "Alias": "region", "Startup Cost": 0.0, "Total Cost": 1.06, "Plan Rows": 1, "Plan Width": 4, "Filter": "(r_name = 'ASIA'::bpchar)"}]}]}]}]}, {"Node Type": "Hash", "Parent Relationship": "Inner", "Startup Cost": 1.25, "Total Cost": 1.25, "Plan Rows": 25, "Plan Width": 30, "Plans": [{"Node Type": "Seq Scan", "Parent Relationship": "Outer", "Relation Name": "nation", "Alias": "n2", "Startup Cost": 0.0, "Total Cost": 1.25, "Plan Rows": 25, "Plan Width": 30}]}]}]}]}, "Unique SQL Id": 3681808042, "Planner Runtime": 7}, "explain_analyze_plan": {"Plan": {"Node Type": "Sort", "Startup Cost": 486022.68, "Total Cost": 486022.71, "Plan Rows": 10, "Plan Width": 66, "Actual Startup Time": 6756.022, "Actual Total Time": 6756.022, "Actual Rows": 2, "Actual Loops": 1, "Sort Key": ["(date_part('year'::text, orders.o_orderdate))"], "Sort Method": "quicksort", "Sort Space Used": 25, "Sort Space Type": "Memory", "Plans": [{"Node Type": "Aggregate", "Strategy": "Hashed", "Parent Relationship": "Outer", "Startup Cost": 486022.37, "Total Cost": 486022.52, "Plan Rows": 10, "Plan Width": 66, "Actual Startup Time": 6755.961, "Actual Total Time": 6755.962, "Actual Rows": 2, "Actual Loops": 1, "Group By Key": ["date_part('year'::text, orders.o_orderdate)"], "Plans": [{"Node Type": "Hash Join", "Parent Relationship": "Outer", "Join Type": "Inner", "Startup Cost": 4537.06, "Total Cost": 485902.55, "Plan Rows": 5991, "Plan Width": 50, "Actual Startup Time": 67.43, "Actual Total Time": 6719.443, "Actual Rows": 23929, "Actual Loops": 1, "Inner Unique": true, "Hash Cond": "(supplier.s_nationkey = n2.n_nationkey)", "Plans": [{"Node Type": "Hash Join", "Parent Relationship": "Outer", "Join Type": "Inner", "Startup Cost": 4535.5, "Total Cost": 485803.63, "Plan Rows": 5991, "Plan Width": 28, "Actual Startup Time": 67.32, "Actual Total Time": 6686.883, "Actual Rows": 23929, "Actual Loops": 1, "Inner Unique": false, "Hash Cond": "(customer.c_nationkey = n1.n_nationkey)", "Plans": [{"Node Type": "Nested Loop", "Parent Relationship": "Outer", "Join Type": "Inner", "Startup Cost": 4533.0, "Total Cost": 485661.65, "Plan Rows": 29954, "Plan Width": 32, "Actual Startup Time": 66.995, "Actual Total Time": 6648.807, "Actual Rows": 119765, "Actual Loops": 1, "Inner Unique": true, "Plans": [{"Node Type": "Hash Join", "Parent Relationship": "Outer", "Join Type": "Inner", "Startup Cost": 4533.0, "Total Cost": 469409.78, "Plan Rows": 51198, "Plan Width": 36, "Actual Startup Time": 66.961, "Actual Total Time": 5656.883, "Actual Rows": 119765, "Actual Loops": 1, "Inner Unique": true, "Hash Cond": "(lineitem.l_suppkey = supplier.s_suppkey)", "Plans": [{"Node Type": "Nested Loop", "Parent Relationship": "Outer", "Join Type": "Inner", "Startup Cost": 0.0, "Total Cost": 464497.44, "Plan Rows": 86479, "Plan Width": 40, "Actual Startup Time": 0.202, "Actual Total Time": 5506.065, "Actual Rows": 119765, "Actual Loops": 1, "Inner Unique": true, "Plans": [{"Node Type": "Nested Loop", "Parent Relationship": "Outer", "Join Type": "Inner", "Startup Cost": 0.0, "Total Cost": 441564.57, "Plan Rows": 74637, "Plan Width": 32, "Actual Startup Time": 0.04, "Actual Total Time": 2015.962, "Actual Rows": 395341, "Actual Loops": 1, "Inner Unique": false, "Plans": [{"Node Type": "Seq Scan", "Parent Relationship": "Outer", "Relation Name": "part", "Alias": "part", "Startup Cost": 0.0, "Total Cost": 66944.0, "Plan Rows": 13538, "Plan Width": 8, "Actual Startup Time": 0.02, "Actual Total Time": 775.693, "Actual Rows": 13163, "Actual Loops": 1, "Filter": "((p_type)::text = 'SMALL PLATED COPPER'::text)", "Rows Removed by Filter": 1986837}, {"Node Type": "Index Scan", "Parent Relationship": "Inner", "Scan Direction": "Forward", "Index Name": "idx_lineitem_part_supp", "Relation Name": "lineitem", "Alias": "lineitem", "Startup Cost": 0.0, "Total Cost": 27.61, "Plan Rows": 6, "Plan Width": 40, "Actual Startup Time": 155.92, "Actual Total Time": 1137.781, "Actual Rows": 395341, "Actual Loops": 13163, "Index Cond": "(l_partkey = part.p_partkey)", "Rows Removed by Index Recheck": 0}]}, {"Node Type": "Index Scan", "Parent Relationship": "Inner", "Scan Direction": "Forward", "Index Name": "orders_pkey", "Relation Name": "orders", "Alias": "orders", "Startup Cost": 0.0, "Total Cost": 0.3, "Plan Rows": 1, "Plan Width": 24, "Actual Startup Time": 3259.926, "Actual Total Time": 3259.926, "Actual Rows": 119765, "Actual Loops": 395341, "Index Cond": "(o_orderkey = lineitem.l_orderkey)", "Rows Removed by Index Recheck": 0, "Filter": "((o_orderdate >= '1995-01-01 00:00:00'::timestamp(0) without time zone) AND (o_orderdate <= '1996-12-31 00:00:00'::timestamp(0) without time zone))", "Rows Removed by Filter": 275576}]}, {"Node Type": "Hash", "Parent Relationship": "Inner", "Startup Cost": 3283.0, "Total Cost": 3283.0, "Plan Rows": 100000, "Plan Width": 12, "Actual Startup Time": 66.654, "Actual Total Time": 66.654, "Actual Rows": 100000, "Actual Loops": 1, "Hash Buckets": 131072, "Hash Batches": 1, "Original Hash Batches": 1, "Peak Memory Usage": 4297, "Plans": [{"Node Type": "Seq Scan", "Parent Relationship": "Outer", "Relation Name": "supplier", "Alias": "supplier", "Startup Cost": 0.0, "Total Cost": 3283.0, "Plan Rows": 100000, "Plan Width": 12, "Actual Startup Time": 0.01, "Actual Total Time": 40.336, "Actual Rows": 100000, "Actual Loops": 1}]}]}, {"Node Type": "Index Scan", "Parent Relationship": "Inner", "Scan Direction": "Forward", "Index Name": "customer_pkey", "Relation Name": "customer", "Alias": "customer", "Startup Cost": 0.0, "Total Cost": 0.31, "Plan Rows": 1, "Plan Width": 12, "Actual Startup Time": 882.839, "Actual Total Time": 882.839, "Actual Rows": 119765, "Actual Loops": 119765, "Index Cond": "(c_custkey = orders.o_custkey)", "Rows Removed by Index Recheck": 0}]}, {"Node Type": "Hash", "Parent Relationship": "Inner", "Startup Cost": 2.44, "Total Cost": 2.44, "Plan Rows": 5, "Plan Width": 4, "Actual Startup Time": 0.066, "Actual Total Time": 0.066, "Actual Rows": 5, "Actual Loops": 1, "Hash Buckets": 32768, "Hash Batches": 1, "Original Hash Batches": 1, "Peak Memory Usage": 1, "Plans": [{"Node Type": "Hash Join", "Parent Relationship": "Outer", "Join Type": "Inner", "Startup Cost": 1.07, "Total Cost": 2.44, "Plan Rows": 5, "Plan Width": 4, "Actual Startup Time": 0.051, "Actual Total Time": 0.059, "Actual Rows": 5, "Actual Loops": 1, "Inner Unique": true, "Hash Cond": "(n1.n_regionkey = region.r_regionkey)", "Plans": [{"Node Type": "Seq Scan", "Parent Relationship": "Outer", "Relation Name": "nation", "Alias": "n1", "Startup Cost": 0.0, "Total Cost": 1.25, "Plan Rows": 25, "Plan Width": 8, "Actual Startup Time": 0.006, "Actual Total Time": 0.01, "Actual Rows": 25, "Actual Loops": 1}, {"Node Type": "Hash", "Parent Relationship": "Inner", "Startup Cost": 1.06, "Total Cost": 1.06, "Plan Rows": 1, "Plan Width": 4, "Actual Startup Time": 0.011, "Actual Total Time": 0.011, "Actual Rows": 1, "Actual Loops": 1, "Hash Buckets": 32768, "Hash Batches": 1, "Original Hash Batches": 1, "Peak Memory Usage": 1, "Plans": [{"Node Type": "Seq Scan", "Parent Relationship": "Outer", "Relation Name": "region", "Alias": "region", "Startup Cost": 0.0, "Total Cost": 1.06, "Plan Rows": 1, "Plan Width": 4, "Actual Startup Time": 0.009, "Actual Total Time": 0.01, "Actual Rows": 1, "Actual Loops": 1, "Filter": "(r_name = 'ASIA'::bpchar)", "Rows Removed by Filter": 4}]}]}]}]}, {"Node Type": "Hash", "Parent Relationship": "Inner", "Startup Cost": 1.25, "Total Cost": 1.25, "Plan Rows": 25, "Plan Width": 30, "Actual Startup Time": 0.038, "Actual Total Time": 0.038, "Actual Rows": 25, "Actual Loops": 1, "Hash Buckets": 32768, "Hash Batches": 1, "Original Hash Batches": 1, "Peak Memory Usage": 2, "Plans": [{"Node Type": "Seq Scan", "Parent Relationship": "Outer", "Relation Name": "nation", "Alias": "n2", "Startup Cost": 0.0, "Total Cost": 1.25, "Plan Rows": 25, "Plan Width": 30, "Actual Startup Time": 0.012, "Actual Total Time": 0.017, "Actual Rows": 25, "Actual Loops": 1}]}]}]}]}, "Triggers": [], "Planner Runtime": 5, "Total Runtime": 6756.391, "Unique SQL Id": 3681808042}}, "(64, 77)": {"explain_plan": {"Plan": {"Node Type": "Sort", "Startup Cost": 526963.15, "Total Cost": 526963.18, "Plan Rows": 10, "Plan Width": 66, "Sort Key": ["(date_part('year'::text, orders.o_orderdate))"], "Plans": [{"Node Type": "Aggregate", "Strategy": "Hashed", "Parent Relationship": "Outer", "Startup Cost": 526962.83, "Total Cost": 526962.98, "Plan Rows": 10, "Plan Width": 66, "Group By Key": ["date_part('year'::text, orders.o_orderdate)"], "Plans": [{"Node Type": "Hash Join", "Parent Relationship": "Outer", "Join Type": "Inner", "Startup Cost": 6618.28, "Total Cost": 526843.01, "Plan Rows": 5991, "Plan Width": 50, "Inner Unique": true, "Hash Cond": "(supplier.s_nationkey = n2.n_nationkey)", "Plans": [{"Node Type": "Hash Join", "Parent Relationship": "Outer", "Join Type": "Inner", "Startup Cost": 6605.34, "Total Cost": 526732.72, "Plan Rows": 5991, "Plan Width": 28, "Inner Unique": false, "Hash Cond": "(customer.c_nationkey = n1.n_nationkey)", "Plans": [{"Node Type": "Nested Loop", "Parent Relationship": "Outer", "Join Type": "Inner", "Startup Cost": 6584.54, "Total Cost": 526572.45, "Plan Rows": 29954, "Plan Width": 32, "Inner Unique": true, "Plans": [{"Node Type": "Hash Join", "Parent Relationship": "Outer", "Join Type": "Inner", "Startup Cost": 6584.54, "Total Cost": 510320.57, "Plan Rows": 51198, "Plan Width": 36, "Inner Unique": true, "Hash Cond": "(lineitem.l_suppkey = supplier.s_suppkey)", "Plans": [{"Node Type": "Nested Loop", "Parent Relationship": "Outer", "Join Type": "Inner", "Startup Cost": 0.0, "Total Cost": 503356.69, "Plan Rows": 86479, "Plan Width": 40, "Inner Unique": true, "Plans": [{"Node Type": "Nested Loop", "Parent Relationship": "Outer", "Join Type": "Inner", "Startup Cost": 0.0, "Total Cost": 480423.82, "Plan Rows": 74637, "Plan Width": 32, "Inner Unique": false, "Plans": [{"Node Type": "Index Scan", "Parent Relationship": "Outer", "Scan Direction": "Forward", "Index Name": "part_kpey", "Relation Name": "part", "Alias": "part", "Startup Cost": 0.0, "Total Cost": 105803.25, "Plan Rows": 13538, "Plan Width": 8, "Filter": "((p_type)::text = 'SMALL PLATED COPPER'::text)"}, {"Node Type": "Index Scan", "Parent Relationship": "Inner", "Scan Direction": "Forward", "Index Name": "idx_lineitem_part_supp", "Relation Name": "lineitem", "Alias": "lineitem", "Startup Cost": 0.0, "Total Cost": 27.61, "Plan Rows": 6, "Plan Width": 40, "Index Cond": "(l_partkey = part.p_partkey)"}]}, {"Node Type": "Index Scan", "Parent Relationship": "Inner", "Scan Direction": "Forward", "Index Name": "orders_pkey", "Relation Name": "orders", "Alias": "orders", "Startup Cost": 0.0, "Total Cost": 0.3, "Plan Rows": 1, "Plan Width": 24, "Index Cond": "(o_orderkey = lineitem.l_orderkey)", "Filter": "((o_orderdate >= '1995-01-01 00:00:00'::timestamp(0) without time zone) AND (o_orderdate <= '1996-12-31 00:00:00'::timestamp(0) without time zone))"}]}, {"Node Type": "Hash", "Parent Relationship": "Inner", "Startup Cost": 5334.54, "Total Cost": 5334.54, "Plan Rows": 100000, "Plan Width": 12, "Plans": [{"Node Type": "Index Scan", "Parent Relationship": "Outer", "Scan Direction": "Forward", "Index Name": "supplier_pkey", "Relation Name": "supplier", "Alias": "supplier", "Startup Cost": 0.0, "Total Cost": 5334.54, "Plan Rows": 100000, "Plan Width": 12}]}]}, {"Node Type": "Index Scan", "Parent Relationship": "Inner", "Scan Direction": "Forward", "Index Name": "customer_pkey", "Relation Name": "customer", "Alias": "customer", "Startup Cost": 0.0, "Total Cost": 0.31, "Plan Rows": 1, "Plan Width": 12, "Index Cond": "(c_custkey = orders.o_custkey)"}]}, {"Node Type": "Hash", "Parent Relationship": "Inner", "Startup Cost": 20.74, "Total Cost": 20.74, "Plan Rows": 5, "Plan Width": 4, "Plans": [{"Node Type": "Nested Loop", "Parent Relationship": "Outer", "Join Type": "Inner", "Startup Cost": 0.0, "Total Cost": 20.74, "Plan Rows": 5, "Plan Width": 4, "Inner Unique": false, "Plans": [{"Node Type": "Index Scan", "Parent Relationship": "Outer", "Scan Direction": "Forward", "Index Name": "region_pkey", "Relation Name": "region", "Alias": "region", "Startup Cost": 0.0, "Total Cost": 12.34, "Plan Rows": 1, "Plan Width": 4, "Filter": "(r_name = 'ASIA'::bpchar)"}, {"Node Type": "Index Scan", "Parent Relationship": "Inner", "Scan Direction": "Forward", "Index Name": "idx_nation_regionkey", "Relation Name": "nation", "Alias": "n1", "Startup Cost": 0.0, "Total Cost": 8.35, "Plan Rows": 5, "Plan Width": 8, "Index Cond": "(n_regionkey = region.r_regionkey)"}]}]}]}, {"Node Type": "Hash", "Parent Relationship": "Inner", "Startup Cost": 12.62, "Total Cost": 12.62, "Plan Rows": 25, "Plan Width": 30, "Plans": [{"Node Type": "Index Scan", "Parent Relationship": "Outer", "Scan Direction": "Forward", "Index Name": "nation_pkey", "Relation Name": "nation", "Alias": "n2", "Startup Cost": 0.0, "Total Cost": 12.62, "Plan Rows": 25, "Plan Width": 30}]}]}]}]}, "Unique SQL Id": 3681808042, "Planner Runtime": 7}, "explain_analyze_plan": {"Plan": {"Node Type": "Sort", "Startup Cost": 526963.15, "Total Cost": 526963.18, "Plan Rows": 10, "Plan Width": 66, "Actual Startup Time": 7473.195, "Actual Total Time": 7473.195, "Actual Rows": 2, "Actual Loops": 1, "Sort Key": ["(date_part('year'::text, orders.o_orderdate))"], "Sort Method": "quicksort", "Sort Space Used": 25, "Sort Space Type": "Memory", "Plans": [{"Node Type": "Aggregate", "Strategy": "Hashed", "Parent Relationship": "Outer", "Startup Cost": 526962.83, "Total Cost": 526962.98, "Plan Rows": 10, "Plan Width": 66, "Actual Startup Time": 7473.174, "Actual Total Time": 7473.175, "Actual Rows": 2, "Actual Loops": 1, "Group By Key": ["date_part('year'::text, orders.o_orderdate)"], "Plans": [{"Node Type": "Hash Join", "Parent Relationship": "Outer", "Join Type": "Inner", "Startup Cost": 6618.28, "Total Cost": 526843.01, "Plan Rows": 5991, "Plan Width": 50, "Actual Startup Time": 111.253, "Actual Total Time": 7439.205, "Actual Rows": 23929, "Actual Loops": 1, "Inner Unique": true, "Hash Cond": "(supplier.s_nationkey = n2.n_nationkey)", "Plans": [{"Node Type": "Hash Join", "Parent Relationship": "Outer", "Join Type": "Inner", "Startup Cost": 6605.34, "Total Cost": 526732.72, "Plan Rows": 5991, "Plan Width": 28, "Actual Startup Time": 111.16, "Actual Total Time": 7408.027, "Actual Rows": 23929, "Actual Loops": 1, "Inner Unique": false, "Hash Cond": "(customer.c_nationkey = n1.n_nationkey)", "Plans": [{"Node Type": "Nested Loop", "Parent Relationship": "Outer", "Join Type": "Inner", "Startup Cost": 6584.54, "Total Cost": 526572.45, "Plan Rows": 29954, "Plan Width": 32, "Actual Startup Time": 110.89, "Actual Total Time": 7370.669, "Actual Rows": 119765, "Actual Loops": 1, "Inner Unique": true, "Plans": [{"Node Type": "Hash Join", "Parent Relationship": "Outer", "Join Type": "Inner", "Startup Cost": 6584.54, "Total Cost": 510320.57, "Plan Rows": 51198, "Plan Width": 36, "Actual Startup Time": 110.859, "Actual Total Time": 6357.419, "Actual Rows": 119765, "Actual Loops": 1, "Inner Unique": true, "Hash Cond": "(lineitem.l_suppkey = supplier.s_suppkey)", "Plans": [{"Node Type": "Nested Loop", "Parent Relationship": "Outer", "Join Type": "Inner", "Startup Cost": 0.0, "Total Cost": 503356.69, "Plan Rows": 86479, "Plan Width": 40, "Actual Startup Time": 0.155, "Actual Total Time": 6165.628, "Actual Rows": 119765, "Actual Loops": 1, "Inner Unique": true, "Plans": [{"Node Type": "Nested Loop", "Parent Relationship": "Outer", "Join Type": "Inner", "Startup Cost": 0.0, "Total Cost": 480423.82, "Plan Rows": 74637, "Plan Width": 32, "Actual Startup Time": 0.039, "Actual Total Time": 2622.64, "Actual Rows": 395341, "Actual Loops": 1, "Inner Unique": false, "Plans": [{"Node Type": "Index Scan", "Parent Relationship": "Outer", "Scan Direction": "Forward", "Index Name": "part_kpey", "Relation Name": "part", "Alias": "part", "Startup Cost": 0.0, "Total Cost": 105803.25, "Plan Rows": 13538, "Plan Width": 8, "Actual Startup Time": 0.024, "Actual Total Time": 1376.051, "Actual Rows": 13163, "Actual Loops": 1, "Filter": "((p_type)::text = 'SMALL PLATED COPPER'::text)", "Rows Removed by Filter": 1986837}, {"Node Type": "Index Scan", "Parent Relationship": "Inner", "Scan Direction": "Forward", "Index Name": "idx_lineitem_part_supp", "Relation Name": "lineitem", "Alias": "lineitem", "Startup Cost": 0.0, "Total Cost": 27.61, "Plan Rows": 6, "Plan Width": 40, "Actual Startup Time": 153.471, "Actual Total Time": 1145.154, "Actual Rows": 395341, "Actual Loops": 13163, "Index Cond": "(l_partkey = part.p_partkey)", "Rows Removed by Index Recheck": 0}]}, {"Node Type": "Index Scan", "Parent Relationship": "Inner", "Scan Direction": "Forward", "Index Name": "orders_pkey", "Relation Name": "orders", "Alias": "orders", "Startup Cost": 0.0, "Total Cost": 0.3, "Plan Rows": 1, "Plan Width": 24, "Actual Startup Time": 3308.468, "Actual Total Time": 3308.468, "Actual Rows": 119765, "Actual Loops": 395341, "Index Cond": "(o_orderkey = lineitem.l_orderkey)", "Rows Removed by Index Recheck": 0, "Filter": "((o_orderdate >= '1995-01-01 00:00:00'::timestamp(0) without time zone) AND (o_orderdate <= '1996-12-31 00:00:00'::timestamp(0) without time zone))", "Rows Removed by Filter": 275576}]}, {"Node Type": "Hash", "Parent Relationship": "Inner", "Startup Cost": 5334.54, "Total Cost": 5334.54, "Plan Rows": 100000, "Plan Width": 12, "Actual Startup Time": 110.598, "Actual Total Time": 110.598, "Actual Rows": 100000, "Actual Loops": 1, "Hash Buckets": 131072, "Hash Batches": 1, "Original Hash Batches": 1, "Peak Memory Usage": 4297, "Plans": [{"Node Type": "Index Scan", "Parent Relationship": "Outer", "Scan Direction": "Forward", "Index Name": "supplier_pkey", "Relation Name": "supplier", "Alias": "supplier", "Startup Cost": 0.0, "Total Cost": 5334.54, "Plan Rows": 100000, "Plan Width": 12, "Actual Startup Time": 0.017, "Actual Total Time": 82.915, "Actual Rows": 100000, "Actual Loops": 1}]}]}, {"Node Type": "Index Scan", "Parent Relationship": "Inner", "Scan Direction": "Forward", "Index Name": "customer_pkey", "Relation Name": "customer", "Alias": "customer", "Startup Cost": 0.0, "Total Cost": 0.31, "Plan Rows": 1, "Plan Width": 12, "Actual Startup Time": 903.566, "Actual Total Time": 903.566, "Actual Rows": 119765, "Actual Loops": 119765, "Index Cond": "(c_custkey = orders.o_custkey)", "Rows Removed by Index Recheck": 0}]}, {"Node Type": "Hash", "Parent Relationship": "Inner", "Startup Cost": 20.74, "Total Cost": 20.74, "Plan Rows": 5, "Plan Width": 4, "Actual Startup Time": 0.024, "Actual Total Time": 0.024, "Actual Rows": 5, "Actual Loops": 1, "Hash Buckets": 32768, "Hash Batches": 1, "Original Hash Batches": 1, "Peak Memory Usage": 1, "Plans": [{"Node Type": "Nested Loop", "Parent Relationship": "Outer", "Join Type": "Inner", "Startup Cost": 0.0, "Total Cost": 20.74, "Plan Rows": 5, "Plan Width": 4, "Actual Startup Time": 0.016, "Actual Total Time": 0.022, "Actual Rows": 5, "Actual Loops": 1, "Inner Unique": false, "Plans": [{"Node Type": "Index Scan", "Parent Relationship": "Outer", "Scan Direction": "Forward", "Index Name": "region_pkey", "Relation Name": "region", "Alias": "region", "Startup Cost": 0.0, "Total Cost": 12.34, "Plan Rows": 1, "Plan Width": 4, "Actual Startup Time": 0.009, "Actual Total Time": 0.011, "Actual Rows": 1, "Actual Loops": 1, "Filter": "(r_name = 'ASIA'::bpchar)", "Rows Removed by Filter": 4}, {"Node Type": "Index Scan", "Parent Relationship": "Inner", "Scan Direction": "Forward", "Index Name": "idx_nation_regionkey", "Relation Name": "nation", "Alias": "n1", "Startup Cost": 0.0, "Total Cost": 8.35, "Plan Rows": 5, "Plan Width": 8, "Actual Startup Time": 0.004, "Actual Total Time": 0.005, "Actual Rows": 5, "Actual Loops": 1, "Index Cond": "(n_regionkey = region.r_regionkey)", "Rows Removed by Index Recheck": 0}]}]}]}, {"Node Type": "Hash", "Parent Relationship": "Inner", "Startup Cost": 12.62, "Total Cost": 12.62, "Plan Rows": 25, "Plan Width": 30, "Actual Startup Time": 0.037, "Actual Total Time": 0.037, "Actual Rows": 25, "Actual Loops": 1, "Hash Buckets": 32768, "Hash Batches": 1, "Original Hash Batches": 1, "Peak Memory Usage": 2, "Plans": [{"Node Type": "Index Scan", "Parent Relationship": "Outer", "Scan Direction": "Forward", "Index Name": "nation_pkey", "Relation Name": "nation", "Alias": "n2", "Startup Cost": 0.0, "Total Cost": 12.62, "Plan Rows": 25, "Plan Width": 30, "Actual Startup Time": 0.009, "Actual Total Time": 0.026, "Actual Rows": 25, "Actual Loops": 1}]}]}]}]}, "Triggers": [], "Planner Runtime": 4, "Total Runtime": 7473.55, "Unique SQL Id": 3681808042}}, "(64, 78)": {"explain_plan": {"Plan": {"Node Type": "Sort", "Startup Cost": 2907141.92, "Total Cost": 2907141.94, "Plan Rows": 10, "Plan Width": 66, "Sort Key": ["(date_part('year'::text, orders.o_orderdate))"], "Plans": [{"Node Type": "Aggregate", "Strategy": "Hashed", "Parent Relationship": "Outer", "Startup Cost": 2907141.6, "Total Cost": 2907141.75, "Plan Rows": 10, "Plan Width": 66, "Group By Key": ["date_part('year'::text, orders.o_orderdate)"], "Plans": [{"Node Type": "Hash Join", "Parent Relationship": "Outer", "Join Type": "Inner", "Startup Cost": 664848.38, "Total Cost": 2907021.78, "Plan Rows": 5991, "Plan Width": 50, "Inner Unique": true, "Hash Cond": "(supplier.s_nationkey = n2.n_nationkey)", "Plans": [{"Node Type": "Hash Join", "Parent Relationship": "Outer", "Join Type": "Inner", "Startup Cost": 664846.82, "Total Cost": 2906922.86, "Plan Rows": 5991, "Plan Width": 28, "Inner Unique": true, "Hash Cond": "(lineitem.l_suppkey = supplier.s_suppkey)", "Plans": [{"Node Type": "Hash Join", "Parent Relationship": "Outer", "Join Type": "Inner", "Startup Cost": 660313.82, "Total Cost": 2902243.54, "Plan Rows": 17296, "Plan Width": 32, "Inner Unique": false, "Hash Cond": "(lineitem.l_orderkey = orders.o_orderkey)", "Plans": [{"Node Type": "Hash Join", "Parent Relationship": "Outer", "Join Type": "Inner", "Startup Cost": 67113.23, "Total Cost": 2307926.3, "Plan Rows": 74637, "Plan Width": 32, "Inner Unique": true, "Hash Cond": "(lineitem.l_partkey = part.p_partkey)", "Plans": [{"Node Type": "Seq Scan", "Parent Relationship": "Outer", "Relation Name": "lineitem", "Alias": "lineitem", "Startup Cost": 0.0, "Total Cost": 2015115.33, "Plan Rows": 59987033, "Plan Width": 40}, {"Node Type": "Hash", "Parent Relationship": "Inner", "Startup Cost": 66944.0, "Total Cost": 66944.0, "Plan Rows": 13538, "Plan Width": 8, "Plans": [{"Node Type": "Seq Scan", "Parent Relationship": "Outer", "Relation Name": "part", "Alias": "part", "Startup Cost": 0.0, "Total Cost": 66944.0, "Plan Rows": 13538, "Plan Width": 8, "Filter": "((p_type)::text = 'SMALL PLATED COPPER'::text)"}]}]}, {"Node Type": "Hash", "Parent Relationship": "Inner", "Startup Cost": 586571.9, "Total Cost": 586571.9, "Plan Rows": 530296, "Plan Width": 16, "Plans": [{"Node Type": "Hash Join", "Parent Relationship": "Outer", "Join Type": "Inner", "Startup Cost": 63058.19, "Total Cost": 586571.9, "Plan Rows": 530296, "Plan Width": 16, "Inner Unique": false, "Hash Cond": "(orders.o_custkey = customer.c_custkey), (LLVM Optimized)", "Plans": [{"Node Type": "Seq Scan", "Parent Relationship": "Outer", "Relation Name": "orders", "Alias": "orders", "Startup Cost": 195.31, "Total Cost": 501411.18, "Plan Rows": 4531967, "Plan Width": 24, "Filter": "((o_orderdate >= '1995-01-01 00:00:00'::timestamp(0) without time zone) AND (o_orderdate <= '1996-12-31 00:00:00'::timestamp(0) without time zone)), (LLVM Optimized)"}, {"Node Type": "Hash", "Parent Relationship": "Inner", "Startup Cost": 59112.88, "Total Cost": 59112.88, "Plan Rows": 300000, "Plan Width": 8, "Plans": [{"Node Type": "Hash Join", "Parent Relationship": "Outer", "Join Type": "Inner", "Startup Cost": 2.5, "Total Cost": 59112.88, "Plan Rows": 300000, "Plan Width": 8, "Inner Unique": false, "Hash Cond": "(customer.c_nationkey = n1.n_nationkey), (LLVM Optimized)", "Plans": [{"Node Type": "Seq Scan", "Parent Relationship": "Outer", "Relation Name": "customer", "Alias": "customer", "Startup Cost": 0.0, "Total Cost": 52126.0, "Plan Rows": 1500000, "Plan Width": 12}, {"Node Type": "Hash", "Parent Relationship": "Inner", "Startup Cost": 2.44, "Total Cost": 2.44, "Plan Rows": 5, "Plan Width": 4, "Plans": [{"Node Type": "Hash Join", "Parent Relationship": "Outer", "Join Type": "Inner", "Startup Cost": 1.07, "Total Cost": 2.44, "Plan Rows": 5, "Plan Width": 4, "Inner Unique": true, "Hash Cond": "(n1.n_regionkey = region.r_regionkey)", "Plans": [{"Node Type": "Seq Scan", "Parent Relationship": "Outer", "Relation Name": "nation", "Alias": "n1", "Startup Cost": 0.0, "Total Cost": 1.25, "Plan Rows": 25, "Plan Width": 8}, {"Node Type": "Hash", "Parent Relationship": "Inner", "Startup Cost": 1.06, "Total Cost": 1.06, "Plan Rows": 1, "Plan Width": 4, "Plans": [{"Node Type": "Seq Scan", "Parent Relationship": "Outer", "Relation Name": "region", "Alias": "region", "Startup Cost": 0.0, "Total Cost": 1.06, "Plan Rows": 1, "Plan Width": 4, "Filter": "(r_name = 'ASIA'::bpchar)"}]}]}]}]}]}]}]}]}, {"Node Type": "Hash", "Parent Relationship": "Inner", "Startup Cost": 3283.0, "Total Cost": 3283.0, "Plan Rows": 100000, "Plan Width": 12, "Plans": [{"Node Type": "Seq Scan", "Parent Relationship": "Outer", "Relation Name": "supplier", "Alias": "supplier", "Startup Cost": 0.0, "Total Cost": 3283.0, "Plan Rows": 100000, "Plan Width": 12}]}]}, {"Node Type": "Hash", "Parent Relationship": "Inner", "Startup Cost": 1.25, "Total Cost": 1.25, "Plan Rows": 25, "Plan Width": 30, "Plans": [{"Node Type": "Seq Scan", "Parent Relationship": "Outer", "Relation Name": "nation", "Alias": "n2", "Startup Cost": 0.0, "Total Cost": 1.25, "Plan Rows": 25, "Plan Width": 30}]}]}]}]}, "Unique SQL Id": 3681808042, "Planner Runtime": 7}, "explain_analyze_plan": null}, "(64, 79)": {"explain_plan": {"Plan": {"Node Type": "Sort", "Startup Cost": 8000408394571.21, "Total Cost": 8000408394571.23, "Plan Rows": 10, "Plan Width": 66, "Sort Key": ["(date_part('year'::text, orders.o_orderdate))"], "Plans": [{"Node Type": "Aggregate", "Strategy": "Hashed", "Parent Relationship": "Outer", "Startup Cost": 8000408394570.89, "Total Cost": 8000408394571.04, "Plan Rows": 10, "Plan Width": 66, "Group By Key": ["date_part('year'::text, orders.o_orderdate)"], "Plans": [{"Node Type": "Hash Join", "Parent Relationship": "Outer", "Join Type": "Inner", "Startup Cost": 6020055697634.45, "Total Cost": 8000408394224.97, "Plan Rows": 17296, "Plan Width": 50, "Inner Unique": true, "Hash Cond": "(supplier.s_nationkey = n2.n_nationkey)", "Plans": [{"Node Type": "Hash Join", "Parent Relationship": "Outer", "Join Type": "Inner", "Startup Cost": 5020055696371.64, "Total Cost": 7000408392681.1, "Plan Rows": 17296, "Plan Width": 28, "Inner Unique": true, "Hash Cond": "(lineitem.l_suppkey = supplier.s_suppkey)", "Plans": [{"Node Type": "Hash Join", "Parent Relationship": "Outer", "Join Type": "Inner", "Startup Cost": 4020055161667.26, "Total Cost": 6000407857830.4, "Plan Rows": 17296, "Plan Width": 32, "Inner Unique": false, "Hash Cond": "(customer.c_nationkey = n1.n_nationkey)", "Plans": [{"Node Type": "Hash Join", "Parent Relationship": "Outer", "Join Type": "Inner", "Startup Cost": 2020055159598.39, "Total Cost": 4000407855264.28, "Plan Rows": 86479, "Plan Width": 36, "Inner Unique": true, "Hash Cond": "(orders.o_custkey = customer.c_custkey)", "Plans": [{"Node Type": "Hash Join", "Parent Relationship": "Outer", "Join Type": "Inner", "Startup Cost": 1020047064312.77, "Total Cost": 3000399758789.57, "Plan Rows": 86479, "Plan Width": 40, "Inner Unique": true, "Hash Cond": "(lineitem.l_partkey = part.p_partkey)", "Plans": [{"Node Type": "Merge Join", "Parent Relationship": "Outer", "Join Type": "Inner", "Startup Cost": 20036483818.55, "Total Cost": 2000389023456.58, "Plan Rows": 41148382, "Plan Width": 48, "Inner Unique": false, "Merge Cond": "(orders.o_orderkey = lineitem.l_orderkey)", "Plans": [{"Node Type": "Index Scan", "Parent Relationship": "Outer", "Scan Direction": "Forward", "Index Name": "orders_pkey", "Relation Name": "orders", "Alias": "orders", "Startup Cost": 10000000000.0, "Total Cost": 1000080597583.0, "Plan Rows": 4531967, "Plan Width": 24, "Filter": "((o_orderdate >= '1995-01-01 00:00:00'::timestamp(0) without time zone) AND (o_orderdate <= '1996-12-31 00:00:00'::timestamp(0) without time zone)), (LLVM Optimized)"}, {"Node Type": "Index Scan", "Parent Relationship": "Inner", "Scan Direction": "Forward", "Index Name": "idx_lineitem_orderkey", "Relation Name": "lineitem", "Alias": "lineitem", "Startup Cost": 10000000000.0, "Total Cost": 1000324015374.5, "Plan Rows": 59987033, "Plan Width": 40}]}, {"Node Type": "Hash", "Parent Relationship": "Inner", "Startup Cost": 1000010580325.0, "Total Cost": 1000010580325.0, "Plan Rows": 13538, "Plan Width": 8, "Plans": [{"Node Type": "Index Scan", "Parent Relationship": "Outer", "Scan Direction": "Forward", "Index Name": "part_kpey", "Relation Name": "part", "Alias": "part", "Startup Cost": 10000000000.0, "Total Cost": 1000010580325.0, "Plan Rows": 13538, "Plan Width": 8, "Filter": "((p_type)::text = 'SMALL PLATED COPPER'::text)"}]}]}, {"Node Type": "Hash", "Parent Relationship": "Inner", "Startup Cost": 1000008076535.62, "Total Cost": 1000008076535.62, "Plan Rows": 1500000, "Plan Width": 12, "Plans": [{"Node Type": "Index Scan", "Parent Relationship": "Outer", "Scan Direction": "Forward", "Index Name": "customer_pkey", "Relation Name": "customer", "Alias": "customer", "Startup Cost": 10000000000.0, "Total Cost": 1000008076535.62, "Plan Rows": 1500000, "Plan Width": 12}]}]}, {"Node Type": "Hash", "Parent Relationship": "Inner", "Startup Cost": 2000000002068.8, "Total Cost": 2000000002068.8, "Plan Rows": 5, "Plan Width": 4, "Plans": [{"Node Type": "Nested Loop", "Parent Relationship": "Outer", "Join Type": "Inner", "Startup Cost": 20000000000.0, "Total Cost": 2000000002068.8, "Plan Rows": 5, "Plan Width": 4, "Inner Unique": false, "Plans": [{"Node Type": "Index Scan", "Parent Relationship": "Outer", "Scan Direction": "Forward", "Index Name": "region_pkey", "Relation Name": "region", "Alias": "region", "Startup Cost": 10000000000.0, "Total Cost": 1000000001233.75, "Plan Rows": 1, "Plan Width": 4, "Filter": "(r_name = 'ASIA'::bpchar)"}, {"Node Type": "Index Scan", "Parent Relationship": "Inner", "Scan Direction": "Forward", "Index Name": "idx_nation_regionkey", "Relation Name": "nation", "Alias": "n1", "Startup Cost": 10000000000.0, "Total Cost": 1000000000835.0, "Plan Rows": 5, "Plan Width": 8, "Index Cond": "(n_regionkey = region.r_regionkey)"}]}]}]}, {"Node Type": "Hash", "Parent Relationship": "Inner", "Startup Cost": 1000000533454.38, "Total Cost": 1000000533454.38, "Plan Rows": 100000, "Plan Width": 12, "Plans": [{"Node Type": "Index Scan", "Parent Relationship": "Outer", "Scan Direction": "Forward", "Index Name": "supplier_pkey", "Relation Name": "supplier", "Alias": "supplier", "Startup Cost": 10000000000.0, "Total Cost": 1000000533454.38, "Plan Rows": 100000, "Plan Width": 12}]}]}, {"Node Type": "Hash", "Parent Relationship": "Inner", "Startup Cost": 1000000001262.5, "Total Cost": 1000000001262.5, "Plan Rows": 25, "Plan Width": 30, "Plans": [{"Node Type": "Index Scan", "Parent Relationship": "Outer", "Scan Direction": "Forward", "Index Name": "nation_pkey", "Relation Name": "nation", "Alias": "n2", "Startup Cost": 10000000000.0, "Total Cost": 1000000001262.5, "Plan Rows": 25, "Plan Width": 30}]}]}]}]}, "Unique SQL Id": 3681808042, "Planner Runtime": 16}, "explain_analyze_plan": null}, "(64, 80)": {"explain_plan": {"Plan": {"Node Type": "Sort", "Startup Cost": 496537.18, "Total Cost": 496537.2, "Plan Rows": 10, "Plan Width": 66, "Sort Key": ["(date_part('year'::text, orders.o_orderdate))"], "Plans": [{"Node Type": "Aggregate", "Strategy": "Hashed", "Parent Relationship": "Outer", "Startup Cost": 496536.86, "Total Cost": 496537.01, "Plan Rows": 10, "Plan Width": 66, "Group By Key": ["date_part('year'::text, orders.o_orderdate)"], "Plans": [{"Node Type": "Merge Join", "Parent Relationship": "Outer", "Join Type": "Inner", "Startup Cost": 496312.07, "Total Cost": 496417.04, "Plan Rows": 5991, "Plan Width": 50, "Inner Unique": false, "Merge Cond": "(n2.n_nationkey = supplier.s_nationkey)", "Plans": [{"Node Type": "Sort", "Parent Relationship": "Outer", "Startup Cost": 1.83, "Total Cost": 1.89, "Plan Rows": 25, "Plan Width": 30, "Sort Key": ["n2.n_nationkey"], "Plans": [{"Node Type": "Seq Scan", "Parent Relationship": "Outer", "Relation Name": "nation", "Alias": "n2", "Startup Cost": 0.0, "Total Cost": 1.25, "Plan Rows": 25, "Plan Width": 30}]}, {"Node Type": "Sort", "Parent Relationship": "Inner", "Startup Cost": 496310.24, "Total Cost": 496325.22, "Plan Rows": 5991, "Plan Width": 28, "Sort Key": ["supplier.s_nationkey"], "Plans": [{"Node Type": "Merge Join", "Parent Relationship": "Outer", "Join Type": "Inner", "Startup Cost": 495724.65, "Total Cost": 495934.35, "Plan Rows": 5991, "Plan Width": 28, "Inner Unique": false, "Merge Cond": "(n1.n_nationkey = customer.c_nationkey)", "Plans": [{"Node Type": "Sort", "Parent Relationship": "Outer", "Startup Cost": 3.14, "Total Cost": 3.16, "Plan Rows": 5, "Plan Width": 4, "Sort Key": ["n1.n_nationkey"], "Plans": [{"Node Type": "Merge Join", "Parent Relationship": "Outer", "Join Type": "Inner", "Startup Cost": 2.9, "Total Cost": 3.09, "Plan Rows": 5, "Plan Width": 4, "Inner Unique": false, "Merge Cond": "(region.r_regionkey = n1.n_regionkey)", "Plans": [{"Node Type": "Sort", "Parent Relationship": "Outer", "Startup Cost": 1.07, "Total Cost": 1.08, "Plan Rows": 1, "Plan Width": 4, "Sort Key": ["region.r_regionkey"], "Plans": [{"Node Type": "Seq Scan", "Parent Relationship": "Outer", "Relation Name": "region", "Alias": "region", "Startup Cost": 0.0, "Total Cost": 1.06, "Plan Rows": 1, "Plan Width": 4, "Filter": "(r_name = 'ASIA'::bpchar)"}]}, {"Node Type": "Sort", "Parent Relationship": "Inner", "Startup Cost": 1.83, "Total Cost": 1.89, "Plan Rows": 25, "Plan Width": 8, "Sort Key": ["n1.n_regionkey"], "Plans": [{"Node Type": "Seq Scan", "Parent Relationship": "Outer", "Relation Name": "nation", "Alias": "n1", "Startup Cost": 0.0, "Total Cost": 1.25, "Plan Rows": 25, "Plan Width": 8}]}]}]}, {"Node Type": "Sort", "Parent Relationship": "Inner", "Startup Cost": 495721.5, "Total Cost": 495796.39, "Plan Rows": 29954, "Plan Width": 32, "Sort Key": ["customer.c_nationkey"], "Plans": [{"Node Type": "Nested Loop", "Parent Relationship": "Outer", "Join Type": "Inner", "Startup Cost": 447605.57, "Total Cost": 493494.35, "Plan Rows": 29954, "Plan Width": 32, "Inner Unique": true, "Plans": [{"Node Type": "Nested Loop", "Parent Relationship": "Outer", "Join Type": "Inner", "Startup Cost": 447605.57, "Total Cost": 477242.48, "Plan Rows": 51198, "Plan Width": 36, "Inner Unique": true, "Plans": [{"Node Type": "Merge Join", "Parent Relationship": "Outer", "Join Type": "Inner", "Startup Cost": 447605.57, "Total Cost": 454309.6, "Plan Rows": 74637, "Plan Width": 28, "Inner Unique": false, "Merge Cond": "(supplier.s_suppkey = lineitem.l_suppkey)", "Plans": [{"Node Type": "Index Scan", "Parent Relationship": "Outer", "Scan Direction": "Forward", "Index Name": "supplier_pkey", "Relation Name": "supplier", "Alias": "supplier", "Startup Cost": 0.0, "Total Cost": 5334.54, "Plan Rows": 100000, "Plan Width": 12}, {"Node Type": "Sort", "Parent Relationship": "Inner", "Startup Cost": 447605.54, "Total Cost": 447792.13, "Plan Rows": 74637, "Plan Width": 32, "Sort Key": ["lineitem.l_suppkey"], "Plans": [{"Node Type": "Nested Loop", "Parent Relationship": "Outer", "Join Type": "Inner", "Startup Cost": 0.0, "Total Cost": 441564.57, "Plan Rows": 74637, "Plan Width": 32, "Inner Unique": false, "Plans": [{"Node Type": "Seq Scan", "Parent Relationship": "Outer", "Relation Name": "part", "Alias": "part", "Startup Cost": 0.0, "Total Cost": 66944.0, "Plan Rows": 13538, "Plan Width": 8, "Filter": "((p_type)::text = 'SMALL PLATED COPPER'::text)"}, {"Node Type": "Index Scan", "Parent Relationship": "Inner", "Scan Direction": "Forward", "Index Name": "idx_lineitem_part_supp", "Relation Name": "lineitem", "Alias": "lineitem", "Startup Cost": 0.0, "Total Cost": 27.61, "Plan Rows": 6, "Plan Width": 40, "Index Cond": "(l_partkey = part.p_partkey)"}]}]}]}, {"Node Type": "Index Scan", "Parent Relationship": "Inner", "Scan Direction": "Forward", "Index Name": "orders_pkey", "Relation Name": "orders", "Alias": "orders", "Startup Cost": 0.0, "Total Cost": 0.3, "Plan Rows": 1, "Plan Width": 24, "Index Cond": "(o_orderkey = lineitem.l_orderkey)", "Filter": "((o_orderdate >= '1995-01-01 00:00:00'::timestamp(0) without time zone) AND (o_orderdate <= '1996-12-31 00:00:00'::timestamp(0) without time zone))"}]}, {"Node Type": "Index Scan", "Parent Relationship": "Inner", "Scan Direction": "Forward", "Index Name": "customer_pkey", "Relation Name": "customer", "Alias": "customer", "Startup Cost": 0.0, "Total Cost": 0.31, "Plan Rows": 1, "Plan Width": 12, "Index Cond": "(c_custkey = orders.o_custkey)"}]}]}]}]}]}]}]}, "Unique SQL Id": 3681808042, "Planner Runtime": 6}, "explain_analyze_plan": {"Plan": {"Node Type": "Sort", "Startup Cost": 496537.18, "Total Cost": 496537.2, "Plan Rows": 10, "Plan Width": 66, "Actual Startup Time": 6422.433, "Actual Total Time": 6422.434, "Actual Rows": 2, "Actual Loops": 1, "Sort Key": ["(date_part('year'::text, orders.o_orderdate))"], "Sort Method": "quicksort", "Sort Space Used": 25, "Sort Space Type": "Memory", "Plans": [{"Node Type": "Aggregate", "Strategy": "Hashed", "Parent Relationship": "Outer", "Startup Cost": 496536.86, "Total Cost": 496537.01, "Plan Rows": 10, "Plan Width": 66, "Actual Startup Time": 6422.417, "Actual Total Time": 6422.418, "Actual Rows": 2, "Actual Loops": 1, "Group By Key": ["date_part('year'::text, orders.o_orderdate)"], "Plans": [{"Node Type": "Merge Join", "Parent Relationship": "Outer", "Join Type": "Inner", "Startup Cost": 496312.07, "Total Cost": 496417.04, "Plan Rows": 5991, "Plan Width": 50, "Actual Startup Time": 6385.342, "Actual Total Time": 6403.295, "Actual Rows": 23929, "Actual Loops": 1, "Inner Unique": false, "Merge Cond": "(n2.n_nationkey = supplier.s_nationkey)", "Plans": [{"Node Type": "Sort", "Parent Relationship": "Outer", "Startup Cost": 1.83, "Total Cost": 1.89, "Plan Rows": 25, "Plan Width": 30, "Actual Startup Time": 0.035, "Actual Total Time": 0.041, "Actual Rows": 25, "Actual Loops": 1, "Sort Key": ["n2.n_nationkey"], "Sort Method": "quicksort", "Sort Space Used": 27, "Sort Space Type": "Memory", "Plans": [{"Node Type": "Seq Scan", "Parent Relationship": "Outer", "Relation Name": "nation", "Alias": "n2", "Startup Cost": 0.0, "Total Cost": 1.25, "Plan Rows": 25, "Plan Width": 30, "Actual Startup Time": 0.013, "Actual Total Time": 0.018, "Actual Rows": 25, "Actual Loops": 1}]}, {"Node Type": "Sort", "Parent Relationship": "Inner", "Startup Cost": 496310.24, "Total Cost": 496325.22, "Plan Rows": 5991, "Plan Width": 28, "Actual Startup Time": 6385.182, "Actual Total Time": 6389.889, "Actual Rows": 23929, "Actual Loops": 1, "Sort Key": ["supplier.s_nationkey"], "Sort Method": "quicksort", "Sort Space Used": 3012, "Sort Space Type": "Memory", "Plans": [{"Node Type": "Merge Join", "Parent Relationship": "Outer", "Join Type": "Inner", "Startup Cost": 495724.65, "Total Cost": 495934.35, "Plan Rows": 5991, "Plan Width": 28, "Actual Startup Time": 6354.497, "Actual Total Time": 6378.303, "Actual Rows": 23929, "Actual Loops": 1, "Inner Unique": false, "Merge Cond": "(n1.n_nationkey = customer.c_nationkey)", "Plans": [{"Node Type": "Sort", "Parent Relationship": "Outer", "Startup Cost": 3.14, "Total Cost": 3.16, "Plan Rows": 5, "Plan Width": 4, "Actual Startup Time": 0.048, "Actual Total Time": 0.049, "Actual Rows": 5, "Actual Loops": 1, "Sort Key": ["n1.n_nationkey"], "Sort Method": "quicksort", "Sort Space Used": 25, "Sort Space Type": "Memory", "Plans": [{"Node Type": "Merge Join", "Parent Relationship": "Outer", "Join Type": "Inner", "Startup Cost": 2.9, "Total Cost": 3.09, "Plan Rows": 5, "Plan Width": 4, "Actual Startup Time": 0.038, "Actual Total Time": 0.041, "Actual Rows": 5, "Actual Loops": 1, "Inner Unique": false, "Merge Cond": "(region.r_regionkey = n1.n_regionkey)", "Plans": [{"Node Type": "Sort", "Parent Relationship": "Outer", "Startup Cost": 1.07, "Total Cost": 1.08, "Plan Rows": 1, "Plan Width": 4, "Actual Startup Time": 0.012, "Actual Total Time": 0.012, "Actual Rows": 1, "Actual Loops": 1, "Sort Key": ["region.r_regionkey"], "Sort Method": "quicksort", "Sort Space Used": 25, "Sort Space Type": "Memory", "Plans": [{"Node Type": "Seq Scan", "Parent Relationship": "Outer", "Relation Name": "region", "Alias": "region", "Startup Cost": 0.0, "Total Cost": 1.06, "Plan Rows": 1, "Plan Width": 4, "Actual Startup Time": 0.008, "Actual Total Time": 0.009, "Actual Rows": 1, "Actual Loops": 1, "Filter": "(r_name = 'ASIA'::bpchar)", "Rows Removed by Filter": 4}]}, {"Node Type": "Sort", "Parent Relationship": "Inner", "Startup Cost": 1.83, "Total Cost": 1.89, "Plan Rows": 25, "Plan Width": 8, "Actual Startup Time": 0.02, "Actual Total Time": 0.021, "Actual Rows": 16, "Actual Loops": 1, "Sort Key": ["n1.n_regionkey"], "Sort Method": "quicksort", "Sort Space Used": 26, "Sort Space Type": "Memory", "Plans": [{"Node Type": "Seq Scan", "Parent Relationship": "Outer", "Relation Name": "nation", "Alias": "n1", "Startup Cost": 0.0, "Total Cost": 1.25, "Plan Rows": 25, "Plan Width": 8, "Actual Startup Time": 0.005, "Actual Total Time": 0.011, "Actual Rows": 25, "Actual Loops": 1}]}]}]}, {"Node Type": "Sort", "Parent Relationship": "Inner", "Startup Cost": 495721.5, "Total Cost": 495796.39, "Plan Rows": 29954, "Plan Width": 32, "Actual Startup Time": 6341.223, "Actual Total Time": 6359.955, "Actual Rows": 105359, "Actual Loops": 1, "Sort Key": ["customer.c_nationkey"], "Sort Method": "quicksort", "Sort Space Used": 14300, "Sort Space Type": "Memory", "Plans": [{"Node Type": "Nested Loop", "Parent Relationship": "Outer", "Join Type": "Inner", "Startup Cost": 447605.57, "Total Cost": 493494.35, "Plan Rows": 29954, "Plan Width": 32, "Actual Startup Time": 2082.45, "Actual Total Time": 6290.14, "Actual Rows": 119765, "Actual Loops": 1, "Inner Unique": true, "Plans": [{"Node Type": "Nested Loop", "Parent Relationship": "Outer", "Join Type": "Inner", "Startup Cost": 447605.57, "Total Cost": 477242.48, "Plan Rows": 51198, "Plan Width": 36, "Actual Startup Time": 2082.43, "Actual Total Time": 5474.397, "Actual Rows": 119765, "Actual Loops": 1, "Inner Unique": true, "Plans": [{"Node Type": "Merge Join", "Parent Relationship": "Outer", "Join Type": "Inner", "Startup Cost": 447605.57, "Total Cost": 454309.6, "Plan Rows": 74637, "Plan Width": 28, "Actual Startup Time": 2082.323, "Actual Total Time": 2383.378, "Actual Rows": 395341, "Actual Loops": 1, "Inner Unique": false, "Merge Cond": "(supplier.s_suppkey = lineitem.l_suppkey)", "Plans": [{"Node Type": "Index Scan", "Parent Relationship": "Outer", "Scan Direction": "Forward", "Index Name": "supplier_pkey", "Relation Name": "supplier", "Alias": "supplier", "Startup Cost": 0.0, "Total Cost": 5334.54, "Plan Rows": 100000, "Plan Width": 12, "Actual Startup Time": 0.021, "Actual Total Time": 63.117, "Actual Rows": 99999, "Actual Loops": 1}, {"Node Type": "Sort", "Parent Relationship": "Inner", "Startup Cost": 447605.54, "Total Cost": 447792.13, "Plan Rows": 74637, "Plan Width": 32, "Actual Startup Time": 2082.286, "Actual Total Time": 2166.49, "Actual Rows": 395341, "Actual Loops": 1, "Sort Key": ["lineitem.l_suppkey"], "Sort Method": "quicksort", "Sort Space Used": 49352, "Sort Space Type": "Memory", "Plans": [{"Node Type": "Nested Loop", "Parent Relationship": "Outer", "Join Type": "Inner", "Startup Cost": 0.0, "Total Cost": 441564.57, "Plan Rows": 74637, "Plan Width": 32, "Actual Startup Time": 0.031, "Actual Total Time": 1932.399, "Actual Rows": 395341, "Actual Loops": 1, "Inner Unique": false, "Plans": [{"Node Type": "Seq Scan", "Parent Relationship": "Outer", "Relation Name": "part", "Alias": "part", "Startup Cost": 0.0, "Total Cost": 66944.0, "Plan Rows": 13538, "Plan Width": 8, "Actual Startup Time": 0.015, "Actual Total Time": 757.404, "Actual Rows": 13163, "Actual Loops": 1, "Filter": "((p_type)::text = 'SMALL PLATED COPPER'::text)", "Rows Removed by Filter": 1986837}, {"Node Type": "Index Scan", "Parent Relationship": "Inner", "Scan Direction": "Forward", "Index Name": "idx_lineitem_part_supp", "Relation Name": "lineitem", "Alias": "lineitem", "Startup Cost": 0.0, "Total Cost": 27.61, "Plan Rows": 6, "Plan Width": 40, "Actual Startup Time": 146.86, "Actual Total Time": 1082.179, "Actual Rows": 395341, "Actual Loops": 13163, "Index Cond": "(l_partkey = part.p_partkey)", "Rows Removed by Index Recheck": 0}]}]}]}, {"Node Type": "Index Scan", "Parent Relationship": "Inner", "Scan Direction": "Forward", "Index Name": "orders_pkey", "Relation Name": "orders", "Alias": "orders", "Startup Cost": 0.0, "Total Cost": 0.3, "Plan Rows": 1, "Plan Width": 24, "Actual Startup Time": 2854.382, "Actual Total Time": 2854.382, "Actual Rows": 119765, "Actual Loops": 395341, "Index Cond": "(o_orderkey = lineitem.l_orderkey)", "Rows Removed by Index Recheck": 0, "Filter": "((o_orderdate >= '1995-01-01 00:00:00'::timestamp(0) without time zone) AND (o_orderdate <= '1996-12-31 00:00:00'::timestamp(0) without time zone))", "Rows Removed by Filter": 275576}]}, {"Node Type": "Index Scan", "Parent Relationship": "Inner", "Scan Direction": "Forward", "Index Name": "customer_pkey", "Relation Name": "customer", "Alias": "customer", "Startup Cost": 0.0, "Total Cost": 0.31, "Plan Rows": 1, "Plan Width": 12, "Actual Startup Time": 713.504, "Actual Total Time": 713.504, "Actual Rows": 119765, "Actual Loops": 119765, "Index Cond": "(c_custkey = orders.o_custkey)", "Rows Removed by Index Recheck": 0}]}]}]}]}]}]}]}, "Triggers": [], "Planner Runtime": 7, "Total Runtime": 6422.818, "Unique SQL Id": 3681808042}}, "(64, 81)": {"explain_plan": {"Plan": {"Node Type": "Sort", "Startup Cost": 535424.81, "Total Cost": 535424.84, "Plan Rows": 10, "Plan Width": 66, "Sort Key": ["(date_part('year'::text, orders.o_orderdate))"], "Plans": [{"Node Type": "Aggregate", "Strategy": "Hashed", "Parent Relationship": "Outer", "Startup Cost": 535424.5, "Total Cost": 535424.65, "Plan Rows": 10, "Plan Width": 66, "Group By Key": ["date_part('year'::text, orders.o_orderdate)"], "Plans": [{"Node Type": "Merge Join", "Parent Relationship": "Outer", "Join Type": "Inner", "Startup Cost": 535187.15, "Total Cost": 535304.68, "Plan Rows": 5991, "Plan Width": 50, "Inner Unique": false, "Merge Cond": "(n2.n_nationkey = supplier.s_nationkey)", "Plans": [{"Node Type": "Index Scan", "Parent Relationship": "Outer", "Scan Direction": "Forward", "Index Name": "nation_pkey", "Relation Name": "nation", "Alias": "n2", "Startup Cost": 0.0, "Total Cost": 12.62, "Plan Rows": 25, "Plan Width": 30}, {"Node Type": "Sort", "Parent Relationship": "Inner", "Startup Cost": 535187.15, "Total Cost": 535202.12, "Plan Rows": 5991, "Plan Width": 28, "Sort Key": ["supplier.s_nationkey"], "Plans": [{"Node Type": "Merge Join", "Parent Relationship": "Outer", "Join Type": "Inner", "Startup Cost": 534601.55, "Total Cost": 534811.25, "Plan Rows": 5991, "Plan Width": 28, "Inner Unique": false, "Merge Cond": "(n1.n_nationkey = customer.c_nationkey)", "Plans": [{"Node Type": "Sort", "Parent Relationship": "Outer", "Startup Cost": 20.8, "Total Cost": 20.81, "Plan Rows": 5, "Plan Width": 4, "Sort Key": ["n1.n_nationkey"], "Plans": [{"Node Type": "Nested Loop", "Parent Relationship": "Outer", "Join Type": "Inner", "Startup Cost": 0.0, "Total Cost": 20.74, "Plan Rows": 5, "Plan Width": 4, "Inner Unique": false, "Plans": [{"Node Type": "Index Scan", "Parent Relationship": "Outer", "Scan Direction": "Forward", "Index Name": "region_pkey", "Relation Name": "region", "Alias": "region", "Startup Cost": 0.0, "Total Cost": 12.34, "Plan Rows": 1, "Plan Width": 4, "Filter": "(r_name = 'ASIA'::bpchar)"}, {"Node Type": "Index Scan", "Parent Relationship": "Inner", "Scan Direction": "Forward", "Index Name": "idx_nation_regionkey", "Relation Name": "nation", "Alias": "n1", "Startup Cost": 0.0, "Total Cost": 8.35, "Plan Rows": 5, "Plan Width": 8, "Index Cond": "(n_regionkey = region.r_regionkey)"}]}]}, {"Node Type": "Sort", "Parent Relationship": "Inner", "Startup Cost": 534580.75, "Total Cost": 534655.64, "Plan Rows": 29954, "Plan Width": 32, "Sort Key": ["customer.c_nationkey"], "Plans": [{"Node Type": "Nested Loop", "Parent Relationship": "Outer", "Join Type": "Inner", "Startup Cost": 486464.82, "Total Cost": 532353.6, "Plan Rows": 29954, "Plan Width": 32, "Inner Unique": true, "Plans": [{"Node Type": "Nested Loop", "Parent Relationship": "Outer", "Join Type": "Inner", "Startup Cost": 486464.82, "Total Cost": 516101.73, "Plan Rows": 51198, "Plan Width": 36, "Inner Unique": true, "Plans": [{"Node Type": "Merge Join", "Parent Relationship": "Outer", "Join Type": "Inner", "Startup Cost": 486464.82, "Total Cost": 493168.85, "Plan Rows": 74637, "Plan Width": 28, "Inner Unique": true, "Merge Cond": "(lineitem.l_suppkey = supplier.s_suppkey)", "Plans": [{"Node Type": "Sort", "Parent Relationship": "Outer", "Startup Cost": 486464.79, "Total Cost": 486651.38, "Plan Rows": 74637, "Plan Width": 32, "Sort Key": ["lineitem.l_suppkey"], "Plans": [{"Node Type": "Nested Loop", "Parent Relationship": "Outer", "Join Type": "Inner", "Startup Cost": 0.0, "Total Cost": 480423.82, "Plan Rows": 74637, "Plan Width": 32, "Inner Unique": false, "Plans": [{"Node Type": "Index Scan", "Parent Relationship": "Outer", "Scan Direction": "Forward", "Index Name": "part_kpey", "Relation Name": "part", "Alias": "part", "Startup Cost": 0.0, "Total Cost": 105803.25, "Plan Rows": 13538, "Plan Width": 8, "Filter": "((p_type)::text = 'SMALL PLATED COPPER'::text)"}, {"Node Type": "Index Scan", "Parent Relationship": "Inner", "Scan Direction": "Forward", "Index Name": "idx_lineitem_part_supp", "Relation Name": "lineitem", "Alias": "lineitem", "Startup Cost": 0.0, "Total Cost": 27.61, "Plan Rows": 6, "Plan Width": 40, "Index Cond": "(l_partkey = part.p_partkey)"}]}]}, {"Node Type": "Index Scan", "Parent Relationship": "Inner", "Scan Direction": "Forward", "Index Name": "supplier_pkey", "Relation Name": "supplier", "Alias": "supplier", "Startup Cost": 0.0, "Total Cost": 5334.54, "Plan Rows": 100000, "Plan Width": 12}]}, {"Node Type": "Index Scan", "Parent Relationship": "Inner", "Scan Direction": "Forward", "Index Name": "orders_pkey", "Relation Name": "orders", "Alias": "orders", "Startup Cost": 0.0, "Total Cost": 0.3, "Plan Rows": 1, "Plan Width": 24, "Index Cond": "(o_orderkey = lineitem.l_orderkey)", "Filter": "((o_orderdate >= '1995-01-01 00:00:00'::timestamp(0) without time zone) AND (o_orderdate <= '1996-12-31 00:00:00'::timestamp(0) without time zone))"}]}, {"Node Type": "Index Scan", "Parent Relationship": "Inner", "Scan Direction": "Forward", "Index Name": "customer_pkey", "Relation Name": "customer", "Alias": "customer", "Startup Cost": 0.0, "Total Cost": 0.31, "Plan Rows": 1, "Plan Width": 12, "Index Cond": "(c_custkey = orders.o_custkey)"}]}]}]}]}]}]}]}, "Unique SQL Id": 3681808042, "Planner Runtime": 6}, "explain_analyze_plan": {"Plan": {"Node Type": "Sort", "Startup Cost": 535424.81, "Total Cost": 535424.84, "Plan Rows": 10, "Plan Width": 66, "Actual Startup Time": 7536.012, "Actual Total Time": 7536.012, "Actual Rows": 2, "Actual Loops": 1, "Sort Key": ["(date_part('year'::text, orders.o_orderdate))"], "Sort Method": "quicksort", "Sort Space Used": 25, "Sort Space Type": "Memory", "Plans": [{"Node Type": "Aggregate", "Strategy": "Hashed", "Parent Relationship": "Outer", "Startup Cost": 535424.5, "Total Cost": 535424.65, "Plan Rows": 10, "Plan Width": 66, "Actual Startup Time": 7536.0, "Actual Total Time": 7536.001, "Actual Rows": 2, "Actual Loops": 1, "Group By Key": ["date_part('year'::text, orders.o_orderdate)"], "Plans": [{"Node Type": "Merge Join", "Parent Relationship": "Outer", "Join Type": "Inner", "Startup Cost": 535187.15, "Total Cost": 535304.68, "Plan Rows": 5991, "Plan Width": 50, "Actual Startup Time": 7500.28, "Actual Total Time": 7516.932, "Actual Rows": 23929, "Actual Loops": 1, "Inner Unique": false, "Merge Cond": "(n2.n_nationkey = supplier.s_nationkey)", "Plans": [{"Node Type": "Index Scan", "Parent Relationship": "Outer", "Scan Direction": "Forward", "Index Name": "nation_pkey", "Relation Name": "nation", "Alias": "n2", "Startup Cost": 0.0, "Total Cost": 12.62, "Plan Rows": 25, "Plan Width": 30, "Actual Startup Time": 0.009, "Actual Total Time": 0.04, "Actual Rows": 25, "Actual Loops": 1}, {"Node Type": "Sort", "Parent Relationship": "Inner", "Startup Cost": 535187.15, "Total Cost": 535202.12, "Plan Rows": 5991, "Plan Width": 28, "Actual Startup Time": 7500.23, "Actual Total Time": 7503.032, "Actual Rows": 23929, "Actual Loops": 1, "Sort Key": ["supplier.s_nationkey"], "Sort Method": "quicksort", "Sort Space Used": 3012, "Sort Space Type": "Memory", "Plans": [{"Node Type": "Merge Join", "Parent Relationship": "Outer", "Join Type": "Inner", "Startup Cost": 534601.55, "Total Cost": 534811.25, "Plan Rows": 5991, "Plan Width": 28, "Actual Startup Time": 7471.456, "Actual Total Time": 7493.69, "Actual Rows": 23929, "Actual Loops": 1, "Inner Unique": false, "Merge Cond": "(n1.n_nationkey = customer.c_nationkey)", "Plans": [{"Node Type": "Sort", "Parent Relationship": "Outer", "Startup Cost": 20.8, "Total Cost": 20.81, "Plan Rows": 5, "Plan Width": 4, "Actual Startup Time": 0.032, "Actual Total Time": 0.035, "Actual Rows": 5, "Actual Loops": 1, "Sort Key": ["n1.n_nationkey"], "Sort Method": "quicksort", "Sort Space Used": 25, "Sort Space Type": "Memory", "Plans": [{"Node Type": "Nested Loop", "Parent Relationship": "Outer", "Join Type": "Inner", "Startup Cost": 0.0, "Total Cost": 20.74, "Plan Rows": 5, "Plan Width": 4, "Actual Startup Time": 0.017, "Actual Total Time": 0.023, "Actual Rows": 5, "Actual Loops": 1, "Inner Unique": false, "Plans": [{"Node Type": "Index Scan", "Parent Relationship": "Outer", "Scan Direction": "Forward", "Index Name": "region_pkey", "Relation Name": "region", "Alias": "region", "Startup Cost": 0.0, "Total Cost": 12.34, "Plan Rows": 1, "Plan Width": 4, "Actual Startup Time": 0.008, "Actual Total Time": 0.01, "Actual Rows": 1, "Actual Loops": 1, "Filter": "(r_name = 'ASIA'::bpchar)", "Rows Removed by Filter": 4}, {"Node Type": "Index Scan", "Parent Relationship": "Inner", "Scan Direction": "Forward", "Index Name": "idx_nation_regionkey", "Relation Name": "nation", "Alias": "n1", "Startup Cost": 0.0, "Total Cost": 8.35, "Plan Rows": 5, "Plan Width": 8, "Actual Startup Time": 0.005, "Actual Total Time": 0.008, "Actual Rows": 5, "Actual Loops": 1, "Index Cond": "(n_regionkey = region.r_regionkey)", "Rows Removed by Index Recheck": 0}]}]}, {"Node Type": "Sort", "Parent Relationship": "Inner", "Startup Cost": 534580.75, "Total Cost": 534655.64, "Plan Rows": 29954, "Plan Width": 32, "Actual Startup Time": 7458.168, "Actual Total Time": 7475.612, "Actual Rows": 105359, "Actual Loops": 1, "Sort Key": ["customer.c_nationkey"], "Sort Method": "quicksort", "Sort Space Used": 14300, "Sort Space Type": "Memory", "Plans": [{"Node Type": "Nested Loop", "Parent Relationship": "Outer", "Join Type": "Inner", "Startup Cost": 486464.82, "Total Cost": 532353.6, "Plan Rows": 29954, "Plan Width": 32, "Actual Startup Time": 2736.092, "Actual Total Time": 7408.662, "Actual Rows": 119765, "Actual Loops": 1, "Inner Unique": true, "Plans": [{"Node Type": "Nested Loop", "Parent Relationship": "Outer", "Join Type": "Inner", "Startup Cost": 486464.82, "Total Cost": 516101.73, "Plan Rows": 51198, "Plan Width": 36, "Actual Startup Time": 2736.073, "Actual Total Time": 6464.461, "Actual Rows": 119765, "Actual Loops": 1, "Inner Unique": true, "Plans": [{"Node Type": "Merge Join", "Parent Relationship": "Outer", "Join Type": "Inner", "Startup Cost": 486464.82, "Total Cost": 493168.85, "Plan Rows": 74637, "Plan Width": 28, "Actual Startup Time": 2735.976, "Actual Total Time": 3047.019, "Actual Rows": 395341, "Actual Loops": 1, "Inner Unique": true, "Merge Cond": "(lineitem.l_suppkey = supplier.s_suppkey)", "Plans": [{"Node Type": "Sort", "Parent Relationship": "Outer", "Startup Cost": 486464.79, "Total Cost": 486651.38, "Plan Rows": 74637, "Plan Width": 32, "Actual Startup Time": 2735.907, "Actual Total Time": 2818.961, "Actual Rows": 395341, "Actual Loops": 1, "Sort Key": ["lineitem.l_suppkey"], "Sort Method": "quicksort", "Sort Space Used": 49352, "Sort Space Type": "Memory", "Plans": [{"Node Type": "Nested Loop", "Parent Relationship": "Outer", "Join Type": "Inner", "Startup Cost": 0.0, "Total Cost": 480423.82, "Plan Rows": 74637, "Plan Width": 32, "Actual Startup Time": 0.041, "Actual Total Time": 2587.867, "Actual Rows": 395341, "Actual Loops": 1, "Inner Unique": false, "Plans": [{"Node Type": "Index Scan", "Parent Relationship": "Outer", "Scan Direction": "Forward", "Index Name": "part_kpey", "Relation Name": "part", "Alias": "part", "Startup Cost": 0.0, "Total Cost": 105803.25, "Plan Rows": 13538, "Plan Width": 8, "Actual Startup Time": 0.025, "Actual Total Time": 1401.682, "Actual Rows": 13163, "Actual Loops": 1, "Filter": "((p_type)::text = 'SMALL PLATED COPPER'::text)", "Rows Removed by Filter": 1986837}, {"Node Type": "Index Scan", "Parent Relationship": "Inner", "Scan Direction": "Forward", "Index Name": "idx_lineitem_part_supp", "Relation Name": "lineitem", "Alias": "lineitem", "Startup Cost": 0.0, "Total Cost": 27.61, "Plan Rows": 6, "Plan Width": 40, "Actual Startup Time": 146.531, "Actual Total Time": 1090.511, "Actual Rows": 395341, "Actual Loops": 13163, "Index Cond": "(l_partkey = part.p_partkey)", "Rows Removed by Index Recheck": 0}]}]}, {"Node Type": "Index Scan", "Parent Relationship": "Inner", "Scan Direction": "Forward", "Index Name": "supplier_pkey", "Relation Name": "supplier", "Alias": "supplier", "Startup Cost": 0.0, "Total Cost": 5334.54, "Plan Rows": 100000, "Plan Width": 12, "Actual Startup Time": 0.047, "Actual Total Time": 71.363, "Actual Rows": 99998, "Actual Loops": 1}]}, {"Node Type": "Index Scan", "Parent Relationship": "Inner", "Scan Direction": "Forward", "Index Name": "orders_pkey", "Relation Name": "orders", "Alias": "orders", "Startup Cost": 0.0, "Total Cost": 0.3, "Plan Rows": 1, "Plan Width": 24, "Actual Startup Time": 3181.717, "Actual Total Time": 3181.717, "Actual Rows": 119765, "Actual Loops": 395341, "Index Cond": "(o_orderkey = lineitem.l_orderkey)", "Rows Removed by Index Recheck": 0, "Filter": "((o_orderdate >= '1995-01-01 00:00:00'::timestamp(0) without time zone) AND (o_orderdate <= '1996-12-31 00:00:00'::timestamp(0) without time zone))", "Rows Removed by Filter": 275576}]}, {"Node Type": "Index Scan", "Parent Relationship": "Inner", "Scan Direction": "Forward", "Index Name": "customer_pkey", "Relation Name": "customer", "Alias": "customer", "Startup Cost": 0.0, "Total Cost": 0.31, "Plan Rows": 1, "Plan Width": 12, "Actual Startup Time": 842.853, "Actual Total Time": 842.853, "Actual Rows": 119765, "Actual Loops": 119765, "Index Cond": "(c_custkey = orders.o_custkey)", "Rows Removed by Index Recheck": 0}]}]}]}]}]}]}]}, "Triggers": [], "Planner Runtime": 6, "Total Runtime": 7536.39, "Unique SQL Id": 3681808042}}, "(64, 82)": {"explain_plan": {"Plan": {"Node Type": "Sort", "Startup Cost": 858712.57, "Total Cost": 858712.59, "Plan Rows": 10, "Plan Width": 66, "Sort Key": ["(date_part('year'::text, orders.o_orderdate))"], "Plans": [{"Node Type": "Aggregate", "Strategy": "Hashed", "Parent Relationship": "Outer", "Startup Cost": 858712.25, "Total Cost": 858712.4, "Plan Rows": 10, "Plan Width": 66, "Group By Key": ["date_part('year'::text, orders.o_orderdate)"], "Plans": [{"Node Type": "Merge Join", "Parent Relationship": "Outer", "Join Type": "Inner", "Startup Cost": 858487.47, "Total Cost": 858592.43, "Plan Rows": 5991, "Plan Width": 50, "Inner Unique": false, "Merge Cond": "(n2.n_nationkey = supplier.s_nationkey)", "Plans": [{"Node Type": "Sort", "Parent Relationship": "Outer", "Startup Cost": 1.83, "Total Cost": 1.89, "Plan Rows": 25, "Plan Width": 30, "Sort Key": ["n2.n_nationkey"], "Plans": [{"Node Type": "Seq Scan", "Parent Relationship": "Outer", "Relation Name": "nation", "Alias": "n2", "Startup Cost": 0.0, "Total Cost": 1.25, "Plan Rows": 25, "Plan Width": 30}]}, {"Node Type": "Sort", "Parent Relationship": "Inner", "Startup Cost": 858485.64, "Total Cost": 858500.61, "Plan Rows": 5991, "Plan Width": 28, "Sort Key": ["supplier.s_nationkey"], "Plans": [{"Node Type": "Merge Join", "Parent Relationship": "Outer", "Join Type": "Inner", "Startup Cost": 857512.27, "Total Cost": 858109.74, "Plan Rows": 5991, "Plan Width": 28, "Inner Unique": true, "Merge Cond": "(lineitem.l_suppkey = supplier.s_suppkey)", "Plans": [{"Node Type": "Sort", "Parent Relationship": "Outer", "Startup Cost": 845924.44, "Total Cost": 845967.68, "Plan Rows": 17296, "Plan Width": 32, "Sort Key": ["lineitem.l_suppkey"], "Plans": [{"Node Type": "Merge Join", "Parent Relationship": "Outer", "Join Type": "Inner", "Startup Cost": 841820.47, "Total Cost": 844706.96, "Plan Rows": 17296, "Plan Width": 32, "Inner Unique": false, "Merge Cond": "(orders.o_custkey = customer.c_custkey)", "Plans": [{"Node Type": "Sort", "Parent Relationship": "Outer", "Startup Cost": 777363.03, "Total Cost": 777579.23, "Plan Rows": 86479, "Plan Width": 40, "Sort Key": ["orders.o_custkey"], "Plans": [{"Node Type": "Nested Loop", "Parent Relationship": "Outer", "Join Type": "Inner", "Startup Cost": 4.47, "Total Cost": 770271.73, "Plan Rows": 86479, "Plan Width": 40, "Inner Unique": true, "Plans": [{"Node Type": "Nested Loop", "Parent Relationship": "Outer", "Join Type": "Inner", "Startup Cost": 4.21, "Total Cost": 450147.9, "Plan Rows": 74637, "Plan Width": 32, "Inner Unique": false, "Plans": [{"Node Type": "Seq Scan", "Parent Relationship": "Outer", "Relation Name": "part", "Alias": "part", "Startup Cost": 0.0, "Total Cost": 66944.0, "Plan Rows": 13538, "Plan Width": 8, "Filter": "((p_type)::text = 'SMALL PLATED COPPER'::text)"}, {"Node Type": "Bitmap Heap Scan", "Parent Relationship": "Inner", "Relation Name": "lineitem", "Alias": "lineitem", "Startup Cost": 4.21, "Total Cost": 28.25, "Plan Rows": 6, "Plan Width": 40, "Recheck Cond": "(l_partkey = part.p_partkey)", "Plans": [{"Node Type": "Bitmap Index Scan", "Parent Relationship": "Outer", "Index Name": "idx_lineitem_part_supp", "Startup Cost": 0.0, "Total Cost": 4.21, "Plan Rows": 6, "Plan Width": 0, "Index Cond": "(l_partkey = part.p_partkey)"}]}]}, {"Node Type": "Bitmap Heap Scan", "Parent Relationship": "Inner", "Relation Name": "orders", "Alias": "orders", "Startup Cost": 0.26, "Total Cost": 4.28, "Plan Rows": 1, "Plan Width": 24, "Recheck Cond": "(o_orderkey = lineitem.l_orderkey)", "Filter": "((o_orderdate >= '1995-01-01 00:00:00'::timestamp(0) without time zone) AND (o_orderdate <= '1996-12-31 00:00:00'::timestamp(0) without time zone))", "Plans": [{"Node Type": "Bitmap Index Scan", "Parent Relationship": "Outer", "Index Name": "orders_pkey", "Startup Cost": 0.0, "Total Cost": 0.26, "Plan Rows": 1, "Plan Width": 0, "Index Cond": "(o_orderkey = lineitem.l_orderkey)"}]}]}]}, {"Node Type": "Sort", "Parent Relationship": "Inner", "Startup Cost": 64457.4, "Total Cost": 65207.4, "Plan Rows": 300000, "Plan Width": 8, "Sort Key": ["customer.c_custkey"], "Plans": [{"Node Type": "Nested Loop", "Parent Relationship": "Outer", "Join Type": "Inner", "Startup Cost": 1033.27, "Total Cost": 37165.49, "Plan Rows": 300000, "Plan Width": 8, "Inner Unique": false, "Plans": [{"Node Type": "Merge Join", "Parent Relationship": "Outer", "Join Type": "Inner", "Startup Cost": 2.9, "Total Cost": 3.09, "Plan Rows": 5, "Plan Width": 4, "Inner Unique": false, "Merge Cond": "(region.r_regionkey = n1.n_regionkey)", "Plans": [{"Node Type": "Sort", "Parent Relationship": "Outer", "Startup Cost": 1.07, "Total Cost": 1.08, "Plan Rows": 1, "Plan Width": 4, "Sort Key": ["region.r_regionkey"], "Plans": [{"Node Type": "Seq Scan", "Parent Relationship": "Outer", "Relation Name": "region", "Alias": "region", "Startup Cost": 0.0, "Total Cost": 1.06, "Plan Rows": 1, "Plan Width": 4, "Filter": "(r_name = 'ASIA'::bpchar)"}]}, {"Node Type": "Sort", "Parent Relationship": "Inner", "Startup Cost": 1.83, "Total Cost": 1.89, "Plan Rows": 25, "Plan Width": 8, "Sort Key": ["n1.n_regionkey"], "Plans": [{"Node Type": "Seq Scan", "Parent Relationship": "Outer", "Relation Name": "nation", "Alias": "n1", "Startup Cost": 0.0, "Total Cost": 1.25, "Plan Rows": 25, "Plan Width": 8}]}]}, {"Node Type": "Bitmap Heap Scan", "Parent Relationship": "Inner", "Relation Name": "customer", "Alias": "customer", "Startup Cost": 1030.37, "Total Cost": 6832.48, "Plan Rows": 60000, "Plan Width": 12, "Recheck Cond": "(c_nationkey = n1.n_nationkey)", "Plans": [{"Node Type": "Bitmap Index Scan", "Parent Relationship": "Outer", "Index Name": "idx_customer_nationkey", "Startup Cost": 0.0, "Total Cost": 1015.37, "Plan Rows": 60000, "Plan Width": 0, "Index Cond": "(c_nationkey = n1.n_nationkey)"}]}]}]}]}]}, {"Node Type": "Sort", "Parent Relationship": "Inner", "Startup Cost": 11587.82, "Total Cost": 11837.82, "Plan Rows": 100000, "Plan Width": 12, "Sort Key": ["supplier.s_suppkey"], "Plans": [{"Node Type": "Seq Scan", "Parent Relationship": "Outer", "Relation Name": "supplier", "Alias": "supplier", "Startup Cost": 0.0, "Total Cost": 3283.0, "Plan Rows": 100000, "Plan Width": 12}]}]}]}]}]}]}, "Unique SQL Id": 3681808042, "Planner Runtime": 7}, "explain_analyze_plan": {"Plan": {"Node Type": "Sort", "Startup Cost": 858712.57, "Total Cost": 858712.59, "Plan Rows": 10, "Plan Width": 66, "Actual Startup Time": 7403.567, "Actual Total Time": 7403.567, "Actual Rows": 2, "Actual Loops": 1, "Sort Key": ["(date_part('year'::text, orders.o_orderdate))"], "Sort Method": "quicksort", "Sort Space Used": 25, "Sort Space Type": "Memory", "Plans": [{"Node Type": "Aggregate", "Strategy": "Hashed", "Parent Relationship": "Outer", "Startup Cost": 858712.25, "Total Cost": 858712.4, "Plan Rows": 10, "Plan Width": 66, "Actual Startup Time": 7403.555, "Actual Total Time": 7403.557, "Actual Rows": 2, "Actual Loops": 1, "Group By Key": ["date_part('year'::text, orders.o_orderdate)"], "Plans": [{"Node Type": "Merge Join", "Parent Relationship": "Outer", "Join Type": "Inner", "Startup Cost": 858487.47, "Total Cost": 858592.43, "Plan Rows": 5991, "Plan Width": 50, "Actual Startup Time": 7369.453, "Actual Total Time": 7384.891, "Actual Rows": 23929, "Actual Loops": 1, "Inner Unique": false, "Merge Cond": "(n2.n_nationkey = supplier.s_nationkey)", "Plans": [{"Node Type": "Sort", "Parent Relationship": "Outer", "Startup Cost": 1.83, "Total Cost": 1.89, "Plan Rows": 25, "Plan Width": 30, "Actual Startup Time": 0.032, "Actual Total Time": 0.035, "Actual Rows": 25, "Actual Loops": 1, "Sort Key": ["n2.n_nationkey"], "Sort Method": "quicksort", "Sort Space Used": 27, "Sort Space Type": "Memory", "Plans": [{"Node Type": "Seq Scan", "Parent Relationship": "Outer", "Relation Name": "nation", "Alias": "n2", "Startup Cost": 0.0, "Total Cost": 1.25, "Plan Rows": 25, "Plan Width": 30, "Actual Startup Time": 0.012, "Actual Total Time": 0.018, "Actual Rows": 25, "Actual Loops": 1}]}, {"Node Type": "Sort", "Parent Relationship": "Inner", "Startup Cost": 858485.64, "Total Cost": 858500.61, "Plan Rows": 5991, "Plan Width": 28, "Actual Startup Time": 7369.383, "Actual Total Time": 7371.972, "Actual Rows": 23929, "Actual Loops": 1, "Sort Key": ["supplier.s_nationkey"], "Sort Method": "quicksort", "Sort Space Used": 3012, "Sort Space Type": "Memory", "Plans": [{"Node Type": "Merge Join", "Parent Relationship": "Outer", "Join Type": "Inner", "Startup Cost": 857512.27, "Total Cost": 858109.74, "Plan Rows": 5991, "Plan Width": 28, "Actual Startup Time": 7326.043, "Actual Total Time": 7362.705, "Actual Rows": 23929, "Actual Loops": 1, "Inner Unique": true, "Merge Cond": "(lineitem.l_suppkey = supplier.s_suppkey)", "Plans": [{"Node Type": "Sort", "Parent Relationship": "Outer", "Startup Cost": 845924.44, "Total Cost": 845967.68, "Plan Rows": 17296, "Plan Width": 32, "Actual Startup Time": 7256.784, "Actual Total Time": 7260.418, "Actual Rows": 23929, "Actual Loops": 1, "Sort Key": ["lineitem.l_suppkey"], "Sort Method": "quicksort", "Sort Space Used": 3012, "Sort Space Type": "Memory", "Plans": [{"Node Type": "Merge Join", "Parent Relationship": "Outer", "Join Type": "Inner", "Startup Cost": 841820.47, "Total Cost": 844706.96, "Plan Rows": 17296, "Plan Width": 32, "Actual Startup Time": 7130.029, "Actual Total Time": 7247.823, "Actual Rows": 23929, "Actual Loops": 1, "Inner Unique": false, "Merge Cond": "(orders.o_custkey = customer.c_custkey)", "Plans": [{"Node Type": "Sort", "Parent Relationship": "Outer", "Startup Cost": 777363.03, "Total Cost": 777579.23, "Plan Rows": 86479, "Plan Width": 40, "Actual Startup Time": 6369.014, "Actual Total Time": 6393.082, "Actual Rows": 119765, "Actual Loops": 1, "Sort Key": ["orders.o_custkey"], "Sort Method": "quicksort", "Sort Space Used": 14300, "Sort Space Type": "Memory", "Plans": [{"Node Type": "Nested Loop", "Parent Relationship": "Outer", "Join Type": "Inner", "Startup Cost": 4.47, "Total Cost": 770271.73, "Plan Rows": 86479, "Plan Width": 40, "Actual Startup Time": 0.122, "Actual Total Time": 6302.048, "Actual Rows": 119765, "Actual Loops": 1, "Inner Unique": true, "Plans": [{"Node Type": "Nested Loop", "Parent Relationship": "Outer", "Join Type": "Inner", "Startup Cost": 4.21, "Total Cost": 450147.9, "Plan Rows": 74637, "Plan Width": 32, "Actual Startup Time": 0.056, "Actual Total Time": 2219.122, "Actual Rows": 395341, "Actual Loops": 1, "Inner Unique": false, "Plans": [{"Node Type": "Seq Scan", "Parent Relationship": "Outer", "Relation Name": "part", "Alias": "part", "Startup Cost": 0.0, "Total Cost": 66944.0, "Plan Rows": 13538, "Plan Width": 8, "Actual Startup Time": 0.02, "Actual Total Time": 768.294, "Actual Rows": 13163, "Actual Loops": 1, "Filter": "((p_type)::text = 'SMALL PLATED COPPER'::text)", "Rows Removed by Filter": 1986837}, {"Node Type": "Bitmap Heap Scan", "Parent Relationship": "Inner", "Relation Name": "lineitem", "Alias": "lineitem", "Startup Cost": 4.21, "Total Cost": 28.25, "Plan Rows": 6, "Plan Width": 40, "Actual Startup Time": 252.576, "Actual Total Time": 1337.888, "Actual Rows": 395341, "Actual Loops": 13163, "Recheck Cond": "(l_partkey = part.p_partkey)", "Rows Removed by Index Recheck": 0, "Exact Heap Blocks": 395337, "Lossy Heap Blocks": 395337, "Plans": [{"Node Type": "Bitmap Index Scan", "Parent Relationship": "Outer", "Index Name": "idx_lineitem_part_supp", "Startup Cost": 0.0, "Total Cost": 4.21, "Plan Rows": 6, "Plan Width": 0, "Actual Startup Time": 162.415, "Actual Total Time": 162.415, "Actual Rows": 395341, "Actual Loops": 13163, "Index Cond": "(l_partkey = part.p_partkey)"}]}]}, {"Node Type": "Bitmap Heap Scan", "Parent Relationship": "Inner", "Relation Name": "orders", "Alias": "orders", "Startup Cost": 0.26, "Total Cost": 4.28, "Plan Rows": 1, "Plan Width": 24, "Actual Startup Time": 3610.702, "Actual Total Time": 3610.702, "Actual Rows": 119765, "Actual Loops": 395341, "Recheck Cond": "(o_orderkey = lineitem.l_orderkey)", "Rows Removed by Index Recheck": 0, "Filter": "((o_orderdate >= '1995-01-01 00:00:00'::timestamp(0) without time zone) AND (o_orderdate <= '1996-12-31 00:00:00'::timestamp(0) without time zone))", "Rows Removed by Filter": 275576, "Exact Heap Blocks": 395341, "Lossy Heap Blocks": 395341, "Plans": [{"Node Type": "Bitmap Index Scan", "Parent Relationship": "Outer", "Index Name": "orders_pkey", "Startup Cost": 0.0, "Total Cost": 0.26, "Plan Rows": 1, "Plan Width": 0, "Actual Startup Time": 2217.475, "Actual Total Time": 2217.475, "Actual Rows": 395341, "Actual Loops": 395341, "Index Cond": "(o_orderkey = lineitem.l_orderkey)"}]}]}]}, {"Node Type": "Sort", "Parent Relationship": "Inner", "Startup Cost": 64457.4, "Total Cost": 65207.4, "Plan Rows": 300000, "Plan Width": 8, "Actual Startup Time": 761.006, "Actual Total Time": 790.503, "Actual Rows": 301987, "Actual Loops": 1, "Sort Key": ["customer.c_custkey"], "Sort Method": "quicksort", "Sort Space Used": 31055, "Sort Space Type": "Memory", "Plans": [{"Node Type": "Nested Loop", "Parent Relationship": "Outer", "Join Type": "Inner", "Startup Cost": 1033.27, "Total Cost": 37165.49, "Plan Rows": 300000, "Plan Width": 8, "Actual Startup Time": 18.034, "Actual Total Time": 658.836, "Actual Rows": 300270, "Actual Loops": 1, "Inner Unique": false, "Plans": [{"Node Type": "Merge Join", "Parent Relationship": "Outer", "Join Type": "Inner", "Startup Cost": 2.9, "Total Cost": 3.09, "Plan Rows": 5, "Plan Width": 4, "Actual Startup Time": 0.065, "Actual Total Time": 0.099, "Actual Rows": 5, "Actual Loops": 1, "Inner Unique": false, "Merge Cond": "(region.r_regionkey = n1.n_regionkey)", "Plans": [{"Node Type": "Sort", "Parent Relationship": "Outer", "Startup Cost": 1.07, "Total Cost": 1.08, "Plan Rows": 1, "Plan Width": 4, "Actual Startup Time": 0.03, "Actual Total Time": 0.031, "Actual Rows": 1, "Actual Loops": 1, "Sort Key": ["region.r_regionkey"], "Sort Method": "quicksort", "Sort Space Used": 25, "Sort Space Type": "Memory", "Plans": [{"Node Type": "Seq Scan", "Parent Relationship": "Outer", "Relation Name": "region", "Alias": "region", "Startup Cost": 0.0, "Total Cost": 1.06, "Plan Rows": 1, "Plan Width": 4, "Actual Startup Time": 0.023, "Actual Total Time": 0.024, "Actual Rows": 1, "Actual Loops": 1, "Filter": "(r_name = 'ASIA'::bpchar)", "Rows Removed by Filter": 4}]}, {"Node Type": "Sort", "Parent Relationship": "Inner", "Startup Cost": 1.83, "Total Cost": 1.89, "Plan Rows": 25, "Plan Width": 8, "Actual Startup Time": 0.026, "Actual Total Time": 0.034, "Actual Rows": 16, "Actual Loops": 1, "Sort Key": ["n1.n_regionkey"], "Sort Method": "quicksort", "Sort Space Used": 26, "Sort Space Type": "Memory", "Plans": [{"Node Type": "Seq Scan", "Parent Relationship": "Outer", "Relation Name": "nation", "Alias": "n1", "Startup Cost": 0.0, "Total Cost": 1.25, "Plan Rows": 25, "Plan Width": 8, "Actual Startup Time": 0.01, "Actual Total Time": 0.014, "Actual Rows": 25, "Actual Loops": 1}]}]}, {"Node Type": "Bitmap Heap Scan", "Parent Relationship": "Inner", "Relation Name": "customer", "Alias": "customer", "Startup Cost": 1030.37, "Total Cost": 6832.48, "Plan Rows": 60000, "Plan Width": 12, "Actual Startup Time": 90.325, "Actual Total Time": 605.598, "Actual Rows": 300270, "Actual Loops": 5, "Recheck Cond": "(c_nationkey = n1.n_nationkey)", "Rows Removed by Index Recheck": 0, "Exact Heap Blocks": 150032, "Lossy Heap Blocks": 150032, "Plans": [{"Node Type": "Bitmap Index Scan", "Parent Relationship": "Outer", "Index Name": "idx_customer_nationkey", "Startup Cost": 0.0, "Total Cost": 1015.37, "Plan Rows": 60000, "Plan Width": 0, "Actual Startup Time": 57.305, "Actual Total Time": 57.305, "Actual Rows": 300270, "Actual Loops": 5, "Index Cond": "(c_nationkey = n1.n_nationkey)"}]}]}]}]}]}, {"Node Type": "Sort", "Parent Relationship": "Inner", "Startup Cost": 11587.82, "Total Cost": 11837.82, "Plan Rows": 100000, "Plan Width": 12, "Actual Startup Time": 69.25, "Actual Total Time": 79.329, "Actual Rows": 99998, "Actual Loops": 1, "Sort Key": ["supplier.s_suppkey"], "Sort Method": "quicksort", "Sort Space Used": 12448, "Sort Space Type": "Memory", "Plans": [{"Node Type": "Seq Scan", "Parent Relationship": "Outer", "Relation Name": "supplier", "Alias": "supplier", "Startup Cost": 0.0, "Total Cost": 3283.0, "Plan Rows": 100000, "Plan Width": 12, "Actual Startup Time": 0.026, "Actual Total Time": 38.267, "Actual Rows": 100000, "Actual Loops": 1}]}]}]}]}]}]}, "Triggers": [], "Planner Runtime": 7, "Total Runtime": 7404.064, "Unique SQL Id": 3681808042}}, "(64, 83)": {"explain_plan": {"Plan": {"Node Type": "Sort", "Startup Cost": 66661878.45, "Total Cost": 66661878.48, "Plan Rows": 10, "Plan Width": 66, "Sort Key": ["(date_part('year'::text, orders.o_orderdate))"], "Plans": [{"Node Type": "Aggregate", "Strategy": "Hashed", "Parent Relationship": "Outer", "Startup Cost": 66661878.14, "Total Cost": 66661878.29, "Plan Rows": 10, "Plan Width": 66, "Group By Key": ["date_part('year'::text, orders.o_orderdate)"], "Plans": [{"Node Type": "Nested Loop", "Parent Relationship": "Outer", "Join Type": "Inner", "Startup Cost": 115915.31, "Total Cost": 66661758.32, "Plan Rows": 5991, "Plan Width": 50, "Inner Unique": true, "Plans": [{"Node Type": "Nested Loop", "Parent Relationship": "Outer", "Join Type": "Inner", "Startup Cost": 115915.05, "Total Cost": 66636099.88, "Plan Rows": 5991, "Plan Width": 28, "Inner Unique": true, "Plans": [{"Node Type": "Nested Loop", "Parent Relationship": "Outer", "Join Type": "Inner", "Startup Cost": 115914.79, "Total Cost": 66562068.23, "Plan Rows": 17296, "Plan Width": 32, "Inner Unique": true, "Plans": [{"Node Type": "Nested Loop", "Parent Relationship": "Outer", "Join Type": "Inner", "Startup Cost": 115914.53, "Total Cost": 45938880.46, "Plan Rows": 4814867, "Plan Width": 40, "Inner Unique": false, "Plans": [{"Node Type": "Nested Loop", "Parent Relationship": "Outer", "Join Type": "Inner", "Startup Cost": 115914.01, "Total Cost": 43432501.27, "Plan Rows": 530296, "Plan Width": 16, "Inner Unique": true, "Plans": [{"Node Type": "Nested Loop", "Parent Relationship": "Outer", "Join Type": "Inner", "Startup Cost": 115913.43, "Total Cost": 31228406.3, "Plan Rows": 2651479, "Plan Width": 20, "Inner Unique": true, "Plans": [{"Node Type": "Nested Loop", "Parent Relationship": "Outer", "Join Type": "Inner", "Startup Cost": 115913.17, "Total Cost": 19879399.17, "Plan Rows": 2651479, "Plan Width": 20, "Inner Unique": true, "Plans": [{"Node Type": "Bitmap Heap Scan", "Parent Relationship": "Outer", "Relation Name": "orders", "Alias": "orders", "Startup Cost": 115912.91, "Total Cost": 460311.42, "Plan Rows": 4531967, "Plan Width": 24, "Recheck Cond": "((o_orderdate >= '1995-01-01 00:00:00'::timestamp(0) without time zone) AND (o_orderdate <= '1996-12-31 00:00:00'::timestamp(0) without time zone)), (LLVM Optimized)", "Plans": [{"Node Type": "Bitmap Index Scan", "Parent Relationship": "Outer", "Index Name": "idx_orders_orderdate", "Startup Cost": 0.0, "Total Cost": 114779.92, "Plan Rows": 4531967, "Plan Width": 0, "Index Cond": "((o_orderdate >= '1995-01-01 00:00:00'::timestamp(0) without time zone) AND (o_orderdate <= '1996-12-31 00:00:00'::timestamp(0) without time zone))"}]}, {"Node Type": "Bitmap Heap Scan", "Parent Relationship": "Inner", "Relation Name": "customer", "Alias": "customer", "Startup Cost": 0.26, "Total Cost": 4.27, "Plan Rows": 1, "Plan Width": 12, "Recheck Cond": "(c_custkey = orders.o_custkey)", "Plans": [{"Node Type": "Bitmap Index Scan", "Parent Relationship": "Outer", "Index Name": "customer_pkey", "Startup Cost": 0.0, "Total Cost": 0.26, "Plan Rows": 1, "Plan Width": 0, "Index Cond": "(c_custkey = orders.o_custkey)"}]}]}, {"Node Type": "Bitmap Heap Scan", "Parent Relationship": "Inner", "Relation Name": "nation", "Alias": "n1", "Startup Cost": 0.26, "Total Cost": 4.27, "Plan Rows": 1, "Plan Width": 8, "Recheck Cond": "(n_nationkey = customer.c_nationkey)", "Plans": [{"Node Type": "Bitmap Index Scan", "Parent Relationship": "Outer", "Index Name": "nation_pkey", "Startup Cost": 0.0, "Total Cost": 0.26, "Plan Rows": 1, "Plan Width": 0, "Index Cond": "(n_nationkey = customer.c_nationkey)"}]}]}, {"Node Type": "Bitmap Heap Scan", "Parent Relationship": "Inner", "Relation Name": "region", "Alias": "region", "Startup Cost": 0.58, "Total Cost": 4.59, "Plan Rows": 1, "Plan Width": 4, "Recheck Cond": "(r_regionkey = n1.n_regionkey)", "Filter": "(r_name = 'ASIA'::bpchar)", "Plans": [{"Node Type": "Bitmap Index Scan", "Parent Relationship": "Outer", "Index Name": "region_pkey", "Startup Cost": 0.0, "Total Cost": 0.58, "Plan Rows": 1, "Plan Width": 0, "Index Cond": "(r_regionkey = n1.n_regionkey)"}]}]}, {"Node Type": "Bitmap Heap Scan", "Parent Relationship": "Inner", "Relation Name": "lineitem", "Alias": "lineitem", "Startup Cost": 0.52, "Total Cost": 4.64, "Plan Rows": 9, "Plan Width": 40, "Recheck Cond": "(l_orderkey = orders.o_orderkey)", "Plans": [{"Node Type": "Bitmap Index Scan", "Parent Relationship": "Outer", "Index Name": "idx_lineitem_orderkey", "Startup Cost": 0.0, "Total Cost": 0.52, "Plan Rows": 9, "Plan Width": 0, "Index Cond": "(l_orderkey = orders.o_orderkey)"}]}]}, {"Node Type": "Bitmap Heap Scan", "Parent Relationship": "Inner", "Relation Name": "part", "Alias": "part", "Startup Cost": 0.26, "Total Cost": 4.27, "Plan Rows": 1, "Plan Width": 8, "Recheck Cond": "(p_partkey = lineitem.l_partkey)", "Filter": "((p_type)::text = 'SMALL PLATED COPPER'::text)", "Plans": [{"Node Type": "Bitmap Index Scan", "Parent Relationship": "Outer", "Index Name": "part_kpey", "Startup Cost": 0.0, "Total Cost": 0.26, "Plan Rows": 1, "Plan Width": 0, "Index Cond": "(p_partkey = lineitem.l_partkey)"}]}]}, {"Node Type": "Bitmap Heap Scan", "Parent Relationship": "Inner", "Relation Name": "supplier", "Alias": "supplier", "Startup Cost": 0.26, "Total Cost": 4.27, "Plan Rows": 1, "Plan Width": 12, "Recheck Cond": "(s_suppkey = lineitem.l_suppkey)", "Plans": [{"Node Type": "Bitmap Index Scan", "Parent Relationship": "Outer", "Index Name": "supplier_pkey", "Startup Cost": 0.0, "Total Cost": 0.26, "Plan Rows": 1, "Plan Width": 0, "Index Cond": "(s_suppkey = lineitem.l_suppkey)"}]}]}, {"Node Type": "Bitmap Heap Scan", "Parent Relationship": "Inner", "Relation Name": "nation", "Alias": "n2", "Startup Cost": 0.26, "Total Cost": 4.27, "Plan Rows": 1, "Plan Width": 30, "Recheck Cond": "(n_nationkey = supplier.s_nationkey)", "Plans": [{"Node Type": "Bitmap Index Scan", "Parent Relationship": "Outer", "Index Name": "nation_pkey", "Startup Cost": 0.0, "Total Cost": 0.26, "Plan Rows": 1, "Plan Width": 0, "Index Cond": "(n_nationkey = supplier.s_nationkey)"}]}]}]}]}, "Unique SQL Id": 3681808042, "Planner Runtime": 5}, "explain_analyze_plan": null}, "(64, 84)": {"explain_plan": {"Plan": {"Node Type": "Sort", "Startup Cost": 496537.18, "Total Cost": 496537.2, "Plan Rows": 10, "Plan Width": 66, "Sort Key": ["(date_part('year'::text, orders.o_orderdate))"], "Plans": [{"Node Type": "Aggregate", "Strategy": "Hashed", "Parent Relationship": "Outer", "Startup Cost": 496536.86, "Total Cost": 496537.01, "Plan Rows": 10, "Plan Width": 66, "Group By Key": ["date_part('year'::text, orders.o_orderdate)"], "Plans": [{"Node Type": "Merge Join", "Parent Relationship": "Outer", "Join Type": "Inner", "Startup Cost": 496312.07, "Total Cost": 496417.04, "Plan Rows": 5991, "Plan Width": 50, "Inner Unique": false, "Merge Cond": "(n2.n_nationkey = supplier.s_nationkey)", "Plans": [{"Node Type": "Sort", "Parent Relationship": "Outer", "Startup Cost": 1.83, "Total Cost": 1.89, "Plan Rows": 25, "Plan Width": 30, "Sort Key": ["n2.n_nationkey"], "Plans": [{"Node Type": "Seq Scan", "Parent Relationship": "Outer", "Relation Name": "nation", "Alias": "n2", "Startup Cost": 0.0, "Total Cost": 1.25, "Plan Rows": 25, "Plan Width": 30}]}, {"Node Type": "Sort", "Parent Relationship": "Inner", "Startup Cost": 496310.24, "Total Cost": 496325.22, "Plan Rows": 5991, "Plan Width": 28, "Sort Key": ["supplier.s_nationkey"], "Plans": [{"Node Type": "Merge Join", "Parent Relationship": "Outer", "Join Type": "Inner", "Startup Cost": 495724.65, "Total Cost": 495934.35, "Plan Rows": 5991, "Plan Width": 28, "Inner Unique": false, "Merge Cond": "(n1.n_nationkey = customer.c_nationkey)", "Plans": [{"Node Type": "Sort", "Parent Relationship": "Outer", "Startup Cost": 3.14, "Total Cost": 3.16, "Plan Rows": 5, "Plan Width": 4, "Sort Key": ["n1.n_nationkey"], "Plans": [{"Node Type": "Merge Join", "Parent Relationship": "Outer", "Join Type": "Inner", "Startup Cost": 2.9, "Total Cost": 3.09, "Plan Rows": 5, "Plan Width": 4, "Inner Unique": false, "Merge Cond": "(region.r_regionkey = n1.n_regionkey)", "Plans": [{"Node Type": "Sort", "Parent Relationship": "Outer", "Startup Cost": 1.07, "Total Cost": 1.08, "Plan Rows": 1, "Plan Width": 4, "Sort Key": ["region.r_regionkey"], "Plans": [{"Node Type": "Seq Scan", "Parent Relationship": "Outer", "Relation Name": "region", "Alias": "region", "Startup Cost": 0.0, "Total Cost": 1.06, "Plan Rows": 1, "Plan Width": 4, "Filter": "(r_name = 'ASIA'::bpchar)"}]}, {"Node Type": "Sort", "Parent Relationship": "Inner", "Startup Cost": 1.83, "Total Cost": 1.89, "Plan Rows": 25, "Plan Width": 8, "Sort Key": ["n1.n_regionkey"], "Plans": [{"Node Type": "Seq Scan", "Parent Relationship": "Outer", "Relation Name": "nation", "Alias": "n1", "Startup Cost": 0.0, "Total Cost": 1.25, "Plan Rows": 25, "Plan Width": 8}]}]}]}, {"Node Type": "Sort", "Parent Relationship": "Inner", "Startup Cost": 495721.5, "Total Cost": 495796.39, "Plan Rows": 29954, "Plan Width": 32, "Sort Key": ["customer.c_nationkey"], "Plans": [{"Node Type": "Nested Loop", "Parent Relationship": "Outer", "Join Type": "Inner", "Startup Cost": 447605.57, "Total Cost": 493494.35, "Plan Rows": 29954, "Plan Width": 32, "Inner Unique": true, "Plans": [{"Node Type": "Nested Loop", "Parent Relationship": "Outer", "Join Type": "Inner", "Startup Cost": 447605.57, "Total Cost": 477242.48, "Plan Rows": 51198, "Plan Width": 36, "Inner Unique": true, "Plans": [{"Node Type": "Merge Join", "Parent Relationship": "Outer", "Join Type": "Inner", "Startup Cost": 447605.57, "Total Cost": 454309.6, "Plan Rows": 74637, "Plan Width": 28, "Inner Unique": false, "Merge Cond": "(supplier.s_suppkey = lineitem.l_suppkey)", "Plans": [{"Node Type": "Index Scan", "Parent Relationship": "Outer", "Scan Direction": "Forward", "Index Name": "supplier_pkey", "Relation Name": "supplier", "Alias": "supplier", "Startup Cost": 0.0, "Total Cost": 5334.54, "Plan Rows": 100000, "Plan Width": 12}, {"Node Type": "Sort", "Parent Relationship": "Inner", "Startup Cost": 447605.54, "Total Cost": 447792.13, "Plan Rows": 74637, "Plan Width": 32, "Sort Key": ["lineitem.l_suppkey"], "Plans": [{"Node Type": "Nested Loop", "Parent Relationship": "Outer", "Join Type": "Inner", "Startup Cost": 0.0, "Total Cost": 441564.57, "Plan Rows": 74637, "Plan Width": 32, "Inner Unique": false, "Plans": [{"Node Type": "Seq Scan", "Parent Relationship": "Outer", "Relation Name": "part", "Alias": "part", "Startup Cost": 0.0, "Total Cost": 66944.0, "Plan Rows": 13538, "Plan Width": 8, "Filter": "((p_type)::text = 'SMALL PLATED COPPER'::text)"}, {"Node Type": "Index Scan", "Parent Relationship": "Inner", "Scan Direction": "Forward", "Index Name": "idx_lineitem_part_supp", "Relation Name": "lineitem", "Alias": "lineitem", "Startup Cost": 0.0, "Total Cost": 27.61, "Plan Rows": 6, "Plan Width": 40, "Index Cond": "(l_partkey = part.p_partkey)"}]}]}]}, {"Node Type": "Index Scan", "Parent Relationship": "Inner", "Scan Direction": "Forward", "Index Name": "orders_pkey", "Relation Name": "orders", "Alias": "orders", "Startup Cost": 0.0, "Total Cost": 0.3, "Plan Rows": 1, "Plan Width": 24, "Index Cond": "(o_orderkey = lineitem.l_orderkey)", "Filter": "((o_orderdate >= '1995-01-01 00:00:00'::timestamp(0) without time zone) AND (o_orderdate <= '1996-12-31 00:00:00'::timestamp(0) without time zone))"}]}, {"Node Type": "Index Scan", "Parent Relationship": "Inner", "Scan Direction": "Forward", "Index Name": "customer_pkey", "Relation Name": "customer", "Alias": "customer", "Startup Cost": 0.0, "Total Cost": 0.31, "Plan Rows": 1, "Plan Width": 12, "Index Cond": "(c_custkey = orders.o_custkey)"}]}]}]}]}]}]}]}, "Unique SQL Id": 3681808042, "Planner Runtime": 6}, "explain_analyze_plan": {"Plan": {"Node Type": "Sort", "Startup Cost": 496537.18, "Total Cost": 496537.2, "Plan Rows": 10, "Plan Width": 66, "Actual Startup Time": 6422.433, "Actual Total Time": 6422.434, "Actual Rows": 2, "Actual Loops": 1, "Sort Key": ["(date_part('year'::text, orders.o_orderdate))"], "Sort Method": "quicksort", "Sort Space Used": 25, "Sort Space Type": "Memory", "Plans": [{"Node Type": "Aggregate", "Strategy": "Hashed", "Parent Relationship": "Outer", "Startup Cost": 496536.86, "Total Cost": 496537.01, "Plan Rows": 10, "Plan Width": 66, "Actual Startup Time": 6422.417, "Actual Total Time": 6422.418, "Actual Rows": 2, "Actual Loops": 1, "Group By Key": ["date_part('year'::text, orders.o_orderdate)"], "Plans": [{"Node Type": "Merge Join", "Parent Relationship": "Outer", "Join Type": "Inner", "Startup Cost": 496312.07, "Total Cost": 496417.04, "Plan Rows": 5991, "Plan Width": 50, "Actual Startup Time": 6385.342, "Actual Total Time": 6403.295, "Actual Rows": 23929, "Actual Loops": 1, "Inner Unique": false, "Merge Cond": "(n2.n_nationkey = supplier.s_nationkey)", "Plans": [{"Node Type": "Sort", "Parent Relationship": "Outer", "Startup Cost": 1.83, "Total Cost": 1.89, "Plan Rows": 25, "Plan Width": 30, "Actual Startup Time": 0.035, "Actual Total Time": 0.041, "Actual Rows": 25, "Actual Loops": 1, "Sort Key": ["n2.n_nationkey"], "Sort Method": "quicksort", "Sort Space Used": 27, "Sort Space Type": "Memory", "Plans": [{"Node Type": "Seq Scan", "Parent Relationship": "Outer", "Relation Name": "nation", "Alias": "n2", "Startup Cost": 0.0, "Total Cost": 1.25, "Plan Rows": 25, "Plan Width": 30, "Actual Startup Time": 0.013, "Actual Total Time": 0.018, "Actual Rows": 25, "Actual Loops": 1}]}, {"Node Type": "Sort", "Parent Relationship": "Inner", "Startup Cost": 496310.24, "Total Cost": 496325.22, "Plan Rows": 5991, "Plan Width": 28, "Actual Startup Time": 6385.182, "Actual Total Time": 6389.889, "Actual Rows": 23929, "Actual Loops": 1, "Sort Key": ["supplier.s_nationkey"], "Sort Method": "quicksort", "Sort Space Used": 3012, "Sort Space Type": "Memory", "Plans": [{"Node Type": "Merge Join", "Parent Relationship": "Outer", "Join Type": "Inner", "Startup Cost": 495724.65, "Total Cost": 495934.35, "Plan Rows": 5991, "Plan Width": 28, "Actual Startup Time": 6354.497, "Actual Total Time": 6378.303, "Actual Rows": 23929, "Actual Loops": 1, "Inner Unique": false, "Merge Cond": "(n1.n_nationkey = customer.c_nationkey)", "Plans": [{"Node Type": "Sort", "Parent Relationship": "Outer", "Startup Cost": 3.14, "Total Cost": 3.16, "Plan Rows": 5, "Plan Width": 4, "Actual Startup Time": 0.048, "Actual Total Time": 0.049, "Actual Rows": 5, "Actual Loops": 1, "Sort Key": ["n1.n_nationkey"], "Sort Method": "quicksort", "Sort Space Used": 25, "Sort Space Type": "Memory", "Plans": [{"Node Type": "Merge Join", "Parent Relationship": "Outer", "Join Type": "Inner", "Startup Cost": 2.9, "Total Cost": 3.09, "Plan Rows": 5, "Plan Width": 4, "Actual Startup Time": 0.038, "Actual Total Time": 0.041, "Actual Rows": 5, "Actual Loops": 1, "Inner Unique": false, "Merge Cond": "(region.r_regionkey = n1.n_regionkey)", "Plans": [{"Node Type": "Sort", "Parent Relationship": "Outer", "Startup Cost": 1.07, "Total Cost": 1.08, "Plan Rows": 1, "Plan Width": 4, "Actual Startup Time": 0.012, "Actual Total Time": 0.012, "Actual Rows": 1, "Actual Loops": 1, "Sort Key": ["region.r_regionkey"], "Sort Method": "quicksort", "Sort Space Used": 25, "Sort Space Type": "Memory", "Plans": [{"Node Type": "Seq Scan", "Parent Relationship": "Outer", "Relation Name": "region", "Alias": "region", "Startup Cost": 0.0, "Total Cost": 1.06, "Plan Rows": 1, "Plan Width": 4, "Actual Startup Time": 0.008, "Actual Total Time": 0.009, "Actual Rows": 1, "Actual Loops": 1, "Filter": "(r_name = 'ASIA'::bpchar)", "Rows Removed by Filter": 4}]}, {"Node Type": "Sort", "Parent Relationship": "Inner", "Startup Cost": 1.83, "Total Cost": 1.89, "Plan Rows": 25, "Plan Width": 8, "Actual Startup Time": 0.02, "Actual Total Time": 0.021, "Actual Rows": 16, "Actual Loops": 1, "Sort Key": ["n1.n_regionkey"], "Sort Method": "quicksort", "Sort Space Used": 26, "Sort Space Type": "Memory", "Plans": [{"Node Type": "Seq Scan", "Parent Relationship": "Outer", "Relation Name": "nation", "Alias": "n1", "Startup Cost": 0.0, "Total Cost": 1.25, "Plan Rows": 25, "Plan Width": 8, "Actual Startup Time": 0.005, "Actual Total Time": 0.011, "Actual Rows": 25, "Actual Loops": 1}]}]}]}, {"Node Type": "Sort", "Parent Relationship": "Inner", "Startup Cost": 495721.5, "Total Cost": 495796.39, "Plan Rows": 29954, "Plan Width": 32, "Actual Startup Time": 6341.223, "Actual Total Time": 6359.955, "Actual Rows": 105359, "Actual Loops": 1, "Sort Key": ["customer.c_nationkey"], "Sort Method": "quicksort", "Sort Space Used": 14300, "Sort Space Type": "Memory", "Plans": [{"Node Type": "Nested Loop", "Parent Relationship": "Outer", "Join Type": "Inner", "Startup Cost": 447605.57, "Total Cost": 493494.35, "Plan Rows": 29954, "Plan Width": 32, "Actual Startup Time": 2082.45, "Actual Total Time": 6290.14, "Actual Rows": 119765, "Actual Loops": 1, "Inner Unique": true, "Plans": [{"Node Type": "Nested Loop", "Parent Relationship": "Outer", "Join Type": "Inner", "Startup Cost": 447605.57, "Total Cost": 477242.48, "Plan Rows": 51198, "Plan Width": 36, "Actual Startup Time": 2082.43, "Actual Total Time": 5474.397, "Actual Rows": 119765, "Actual Loops": 1, "Inner Unique": true, "Plans": [{"Node Type": "Merge Join", "Parent Relationship": "Outer", "Join Type": "Inner", "Startup Cost": 447605.57, "Total Cost": 454309.6, "Plan Rows": 74637, "Plan Width": 28, "Actual Startup Time": 2082.323, "Actual Total Time": 2383.378, "Actual Rows": 395341, "Actual Loops": 1, "Inner Unique": false, "Merge Cond": "(supplier.s_suppkey = lineitem.l_suppkey)", "Plans": [{"Node Type": "Index Scan", "Parent Relationship": "Outer", "Scan Direction": "Forward", "Index Name": "supplier_pkey", "Relation Name": "supplier", "Alias": "supplier", "Startup Cost": 0.0, "Total Cost": 5334.54, "Plan Rows": 100000, "Plan Width": 12, "Actual Startup Time": 0.021, "Actual Total Time": 63.117, "Actual Rows": 99999, "Actual Loops": 1}, {"Node Type": "Sort", "Parent Relationship": "Inner", "Startup Cost": 447605.54, "Total Cost": 447792.13, "Plan Rows": 74637, "Plan Width": 32, "Actual Startup Time": 2082.286, "Actual Total Time": 2166.49, "Actual Rows": 395341, "Actual Loops": 1, "Sort Key": ["lineitem.l_suppkey"], "Sort Method": "quicksort", "Sort Space Used": 49352, "Sort Space Type": "Memory", "Plans": [{"Node Type": "Nested Loop", "Parent Relationship": "Outer", "Join Type": "Inner", "Startup Cost": 0.0, "Total Cost": 441564.57, "Plan Rows": 74637, "Plan Width": 32, "Actual Startup Time": 0.031, "Actual Total Time": 1932.399, "Actual Rows": 395341, "Actual Loops": 1, "Inner Unique": false, "Plans": [{"Node Type": "Seq Scan", "Parent Relationship": "Outer", "Relation Name": "part", "Alias": "part", "Startup Cost": 0.0, "Total Cost": 66944.0, "Plan Rows": 13538, "Plan Width": 8, "Actual Startup Time": 0.015, "Actual Total Time": 757.404, "Actual Rows": 13163, "Actual Loops": 1, "Filter": "((p_type)::text = 'SMALL PLATED COPPER'::text)", "Rows Removed by Filter": 1986837}, {"Node Type": "Index Scan", "Parent Relationship": "Inner", "Scan Direction": "Forward", "Index Name": "idx_lineitem_part_supp", "Relation Name": "lineitem", "Alias": "lineitem", "Startup Cost": 0.0, "Total Cost": 27.61, "Plan Rows": 6, "Plan Width": 40, "Actual Startup Time": 146.86, "Actual Total Time": 1082.179, "Actual Rows": 395341, "Actual Loops": 13163, "Index Cond": "(l_partkey = part.p_partkey)", "Rows Removed by Index Recheck": 0}]}]}]}, {"Node Type": "Index Scan", "Parent Relationship": "Inner", "Scan Direction": "Forward", "Index Name": "orders_pkey", "Relation Name": "orders", "Alias": "orders", "Startup Cost": 0.0, "Total Cost": 0.3, "Plan Rows": 1, "Plan Width": 24, "Actual Startup Time": 2854.382, "Actual Total Time": 2854.382, "Actual Rows": 119765, "Actual Loops": 395341, "Index Cond": "(o_orderkey = lineitem.l_orderkey)", "Rows Removed by Index Recheck": 0, "Filter": "((o_orderdate >= '1995-01-01 00:00:00'::timestamp(0) without time zone) AND (o_orderdate <= '1996-12-31 00:00:00'::timestamp(0) without time zone))", "Rows Removed by Filter": 275576}]}, {"Node Type": "Index Scan", "Parent Relationship": "Inner", "Scan Direction": "Forward", "Index Name": "customer_pkey", "Relation Name": "customer", "Alias": "customer", "Startup Cost": 0.0, "Total Cost": 0.31, "Plan Rows": 1, "Plan Width": 12, "Actual Startup Time": 713.504, "Actual Total Time": 713.504, "Actual Rows": 119765, "Actual Loops": 119765, "Index Cond": "(c_custkey = orders.o_custkey)", "Rows Removed by Index Recheck": 0}]}]}]}]}]}]}]}, "Triggers": [], "Planner Runtime": 7, "Total Runtime": 6422.818, "Unique SQL Id": 3681808042}}, "(64, 85)": {"explain_plan": {"Plan": {"Node Type": "Sort", "Startup Cost": 535424.81, "Total Cost": 535424.84, "Plan Rows": 10, "Plan Width": 66, "Sort Key": ["(date_part('year'::text, orders.o_orderdate))"], "Plans": [{"Node Type": "Aggregate", "Strategy": "Hashed", "Parent Relationship": "Outer", "Startup Cost": 535424.5, "Total Cost": 535424.65, "Plan Rows": 10, "Plan Width": 66, "Group By Key": ["date_part('year'::text, orders.o_orderdate)"], "Plans": [{"Node Type": "Merge Join", "Parent Relationship": "Outer", "Join Type": "Inner", "Startup Cost": 535187.15, "Total Cost": 535304.68, "Plan Rows": 5991, "Plan Width": 50, "Inner Unique": false, "Merge Cond": "(n2.n_nationkey = supplier.s_nationkey)", "Plans": [{"Node Type": "Index Scan", "Parent Relationship": "Outer", "Scan Direction": "Forward", "Index Name": "nation_pkey", "Relation Name": "nation", "Alias": "n2", "Startup Cost": 0.0, "Total Cost": 12.62, "Plan Rows": 25, "Plan Width": 30}, {"Node Type": "Sort", "Parent Relationship": "Inner", "Startup Cost": 535187.15, "Total Cost": 535202.12, "Plan Rows": 5991, "Plan Width": 28, "Sort Key": ["supplier.s_nationkey"], "Plans": [{"Node Type": "Merge Join", "Parent Relationship": "Outer", "Join Type": "Inner", "Startup Cost": 534601.55, "Total Cost": 534811.25, "Plan Rows": 5991, "Plan Width": 28, "Inner Unique": false, "Merge Cond": "(n1.n_nationkey = customer.c_nationkey)", "Plans": [{"Node Type": "Sort", "Parent Relationship": "Outer", "Startup Cost": 20.8, "Total Cost": 20.81, "Plan Rows": 5, "Plan Width": 4, "Sort Key": ["n1.n_nationkey"], "Plans": [{"Node Type": "Nested Loop", "Parent Relationship": "Outer", "Join Type": "Inner", "Startup Cost": 0.0, "Total Cost": 20.74, "Plan Rows": 5, "Plan Width": 4, "Inner Unique": false, "Plans": [{"Node Type": "Index Scan", "Parent Relationship": "Outer", "Scan Direction": "Forward", "Index Name": "region_pkey", "Relation Name": "region", "Alias": "region", "Startup Cost": 0.0, "Total Cost": 12.34, "Plan Rows": 1, "Plan Width": 4, "Filter": "(r_name = 'ASIA'::bpchar)"}, {"Node Type": "Index Scan", "Parent Relationship": "Inner", "Scan Direction": "Forward", "Index Name": "idx_nation_regionkey", "Relation Name": "nation", "Alias": "n1", "Startup Cost": 0.0, "Total Cost": 8.35, "Plan Rows": 5, "Plan Width": 8, "Index Cond": "(n_regionkey = region.r_regionkey)"}]}]}, {"Node Type": "Sort", "Parent Relationship": "Inner", "Startup Cost": 534580.75, "Total Cost": 534655.64, "Plan Rows": 29954, "Plan Width": 32, "Sort Key": ["customer.c_nationkey"], "Plans": [{"Node Type": "Nested Loop", "Parent Relationship": "Outer", "Join Type": "Inner", "Startup Cost": 486464.82, "Total Cost": 532353.6, "Plan Rows": 29954, "Plan Width": 32, "Inner Unique": true, "Plans": [{"Node Type": "Nested Loop", "Parent Relationship": "Outer", "Join Type": "Inner", "Startup Cost": 486464.82, "Total Cost": 516101.73, "Plan Rows": 51198, "Plan Width": 36, "Inner Unique": true, "Plans": [{"Node Type": "Merge Join", "Parent Relationship": "Outer", "Join Type": "Inner", "Startup Cost": 486464.82, "Total Cost": 493168.85, "Plan Rows": 74637, "Plan Width": 28, "Inner Unique": true, "Merge Cond": "(lineitem.l_suppkey = supplier.s_suppkey)", "Plans": [{"Node Type": "Sort", "Parent Relationship": "Outer", "Startup Cost": 486464.79, "Total Cost": 486651.38, "Plan Rows": 74637, "Plan Width": 32, "Sort Key": ["lineitem.l_suppkey"], "Plans": [{"Node Type": "Nested Loop", "Parent Relationship": "Outer", "Join Type": "Inner", "Startup Cost": 0.0, "Total Cost": 480423.82, "Plan Rows": 74637, "Plan Width": 32, "Inner Unique": false, "Plans": [{"Node Type": "Index Scan", "Parent Relationship": "Outer", "Scan Direction": "Forward", "Index Name": "part_kpey", "Relation Name": "part", "Alias": "part", "Startup Cost": 0.0, "Total Cost": 105803.25, "Plan Rows": 13538, "Plan Width": 8, "Filter": "((p_type)::text = 'SMALL PLATED COPPER'::text)"}, {"Node Type": "Index Scan", "Parent Relationship": "Inner", "Scan Direction": "Forward", "Index Name": "idx_lineitem_part_supp", "Relation Name": "lineitem", "Alias": "lineitem", "Startup Cost": 0.0, "Total Cost": 27.61, "Plan Rows": 6, "Plan Width": 40, "Index Cond": "(l_partkey = part.p_partkey)"}]}]}, {"Node Type": "Index Scan", "Parent Relationship": "Inner", "Scan Direction": "Forward", "Index Name": "supplier_pkey", "Relation Name": "supplier", "Alias": "supplier", "Startup Cost": 0.0, "Total Cost": 5334.54, "Plan Rows": 100000, "Plan Width": 12}]}, {"Node Type": "Index Scan", "Parent Relationship": "Inner", "Scan Direction": "Forward", "Index Name": "orders_pkey", "Relation Name": "orders", "Alias": "orders", "Startup Cost": 0.0, "Total Cost": 0.3, "Plan Rows": 1, "Plan Width": 24, "Index Cond": "(o_orderkey = lineitem.l_orderkey)", "Filter": "((o_orderdate >= '1995-01-01 00:00:00'::timestamp(0) without time zone) AND (o_orderdate <= '1996-12-31 00:00:00'::timestamp(0) without time zone))"}]}, {"Node Type": "Index Scan", "Parent Relationship": "Inner", "Scan Direction": "Forward", "Index Name": "customer_pkey", "Relation Name": "customer", "Alias": "customer", "Startup Cost": 0.0, "Total Cost": 0.31, "Plan Rows": 1, "Plan Width": 12, "Index Cond": "(c_custkey = orders.o_custkey)"}]}]}]}]}]}]}]}, "Unique SQL Id": 3681808042, "Planner Runtime": 6}, "explain_analyze_plan": {"Plan": {"Node Type": "Sort", "Startup Cost": 535424.81, "Total Cost": 535424.84, "Plan Rows": 10, "Plan Width": 66, "Actual Startup Time": 7536.012, "Actual Total Time": 7536.012, "Actual Rows": 2, "Actual Loops": 1, "Sort Key": ["(date_part('year'::text, orders.o_orderdate))"], "Sort Method": "quicksort", "Sort Space Used": 25, "Sort Space Type": "Memory", "Plans": [{"Node Type": "Aggregate", "Strategy": "Hashed", "Parent Relationship": "Outer", "Startup Cost": 535424.5, "Total Cost": 535424.65, "Plan Rows": 10, "Plan Width": 66, "Actual Startup Time": 7536.0, "Actual Total Time": 7536.001, "Actual Rows": 2, "Actual Loops": 1, "Group By Key": ["date_part('year'::text, orders.o_orderdate)"], "Plans": [{"Node Type": "Merge Join", "Parent Relationship": "Outer", "Join Type": "Inner", "Startup Cost": 535187.15, "Total Cost": 535304.68, "Plan Rows": 5991, "Plan Width": 50, "Actual Startup Time": 7500.28, "Actual Total Time": 7516.932, "Actual Rows": 23929, "Actual Loops": 1, "Inner Unique": false, "Merge Cond": "(n2.n_nationkey = supplier.s_nationkey)", "Plans": [{"Node Type": "Index Scan", "Parent Relationship": "Outer", "Scan Direction": "Forward", "Index Name": "nation_pkey", "Relation Name": "nation", "Alias": "n2", "Startup Cost": 0.0, "Total Cost": 12.62, "Plan Rows": 25, "Plan Width": 30, "Actual Startup Time": 0.009, "Actual Total Time": 0.04, "Actual Rows": 25, "Actual Loops": 1}, {"Node Type": "Sort", "Parent Relationship": "Inner", "Startup Cost": 535187.15, "Total Cost": 535202.12, "Plan Rows": 5991, "Plan Width": 28, "Actual Startup Time": 7500.23, "Actual Total Time": 7503.032, "Actual Rows": 23929, "Actual Loops": 1, "Sort Key": ["supplier.s_nationkey"], "Sort Method": "quicksort", "Sort Space Used": 3012, "Sort Space Type": "Memory", "Plans": [{"Node Type": "Merge Join", "Parent Relationship": "Outer", "Join Type": "Inner", "Startup Cost": 534601.55, "Total Cost": 534811.25, "Plan Rows": 5991, "Plan Width": 28, "Actual Startup Time": 7471.456, "Actual Total Time": 7493.69, "Actual Rows": 23929, "Actual Loops": 1, "Inner Unique": false, "Merge Cond": "(n1.n_nationkey = customer.c_nationkey)", "Plans": [{"Node Type": "Sort", "Parent Relationship": "Outer", "Startup Cost": 20.8, "Total Cost": 20.81, "Plan Rows": 5, "Plan Width": 4, "Actual Startup Time": 0.032, "Actual Total Time": 0.035, "Actual Rows": 5, "Actual Loops": 1, "Sort Key": ["n1.n_nationkey"], "Sort Method": "quicksort", "Sort Space Used": 25, "Sort Space Type": "Memory", "Plans": [{"Node Type": "Nested Loop", "Parent Relationship": "Outer", "Join Type": "Inner", "Startup Cost": 0.0, "Total Cost": 20.74, "Plan Rows": 5, "Plan Width": 4, "Actual Startup Time": 0.017, "Actual Total Time": 0.023, "Actual Rows": 5, "Actual Loops": 1, "Inner Unique": false, "Plans": [{"Node Type": "Index Scan", "Parent Relationship": "Outer", "Scan Direction": "Forward", "Index Name": "region_pkey", "Relation Name": "region", "Alias": "region", "Startup Cost": 0.0, "Total Cost": 12.34, "Plan Rows": 1, "Plan Width": 4, "Actual Startup Time": 0.008, "Actual Total Time": 0.01, "Actual Rows": 1, "Actual Loops": 1, "Filter": "(r_name = 'ASIA'::bpchar)", "Rows Removed by Filter": 4}, {"Node Type": "Index Scan", "Parent Relationship": "Inner", "Scan Direction": "Forward", "Index Name": "idx_nation_regionkey", "Relation Name": "nation", "Alias": "n1", "Startup Cost": 0.0, "Total Cost": 8.35, "Plan Rows": 5, "Plan Width": 8, "Actual Startup Time": 0.005, "Actual Total Time": 0.008, "Actual Rows": 5, "Actual Loops": 1, "Index Cond": "(n_regionkey = region.r_regionkey)", "Rows Removed by Index Recheck": 0}]}]}, {"Node Type": "Sort", "Parent Relationship": "Inner", "Startup Cost": 534580.75, "Total Cost": 534655.64, "Plan Rows": 29954, "Plan Width": 32, "Actual Startup Time": 7458.168, "Actual Total Time": 7475.612, "Actual Rows": 105359, "Actual Loops": 1, "Sort Key": ["customer.c_nationkey"], "Sort Method": "quicksort", "Sort Space Used": 14300, "Sort Space Type": "Memory", "Plans": [{"Node Type": "Nested Loop", "Parent Relationship": "Outer", "Join Type": "Inner", "Startup Cost": 486464.82, "Total Cost": 532353.6, "Plan Rows": 29954, "Plan Width": 32, "Actual Startup Time": 2736.092, "Actual Total Time": 7408.662, "Actual Rows": 119765, "Actual Loops": 1, "Inner Unique": true, "Plans": [{"Node Type": "Nested Loop", "Parent Relationship": "Outer", "Join Type": "Inner", "Startup Cost": 486464.82, "Total Cost": 516101.73, "Plan Rows": 51198, "Plan Width": 36, "Actual Startup Time": 2736.073, "Actual Total Time": 6464.461, "Actual Rows": 119765, "Actual Loops": 1, "Inner Unique": true, "Plans": [{"Node Type": "Merge Join", "Parent Relationship": "Outer", "Join Type": "Inner", "Startup Cost": 486464.82, "Total Cost": 493168.85, "Plan Rows": 74637, "Plan Width": 28, "Actual Startup Time": 2735.976, "Actual Total Time": 3047.019, "Actual Rows": 395341, "Actual Loops": 1, "Inner Unique": true, "Merge Cond": "(lineitem.l_suppkey = supplier.s_suppkey)", "Plans": [{"Node Type": "Sort", "Parent Relationship": "Outer", "Startup Cost": 486464.79, "Total Cost": 486651.38, "Plan Rows": 74637, "Plan Width": 32, "Actual Startup Time": 2735.907, "Actual Total Time": 2818.961, "Actual Rows": 395341, "Actual Loops": 1, "Sort Key": ["lineitem.l_suppkey"], "Sort Method": "quicksort", "Sort Space Used": 49352, "Sort Space Type": "Memory", "Plans": [{"Node Type": "Nested Loop", "Parent Relationship": "Outer", "Join Type": "Inner", "Startup Cost": 0.0, "Total Cost": 480423.82, "Plan Rows": 74637, "Plan Width": 32, "Actual Startup Time": 0.041, "Actual Total Time": 2587.867, "Actual Rows": 395341, "Actual Loops": 1, "Inner Unique": false, "Plans": [{"Node Type": "Index Scan", "Parent Relationship": "Outer", "Scan Direction": "Forward", "Index Name": "part_kpey", "Relation Name": "part", "Alias": "part", "Startup Cost": 0.0, "Total Cost": 105803.25, "Plan Rows": 13538, "Plan Width": 8, "Actual Startup Time": 0.025, "Actual Total Time": 1401.682, "Actual Rows": 13163, "Actual Loops": 1, "Filter": "((p_type)::text = 'SMALL PLATED COPPER'::text)", "Rows Removed by Filter": 1986837}, {"Node Type": "Index Scan", "Parent Relationship": "Inner", "Scan Direction": "Forward", "Index Name": "idx_lineitem_part_supp", "Relation Name": "lineitem", "Alias": "lineitem", "Startup Cost": 0.0, "Total Cost": 27.61, "Plan Rows": 6, "Plan Width": 40, "Actual Startup Time": 146.531, "Actual Total Time": 1090.511, "Actual Rows": 395341, "Actual Loops": 13163, "Index Cond": "(l_partkey = part.p_partkey)", "Rows Removed by Index Recheck": 0}]}]}, {"Node Type": "Index Scan", "Parent Relationship": "Inner", "Scan Direction": "Forward", "Index Name": "supplier_pkey", "Relation Name": "supplier", "Alias": "supplier", "Startup Cost": 0.0, "Total Cost": 5334.54, "Plan Rows": 100000, "Plan Width": 12, "Actual Startup Time": 0.047, "Actual Total Time": 71.363, "Actual Rows": 99998, "Actual Loops": 1}]}, {"Node Type": "Index Scan", "Parent Relationship": "Inner", "Scan Direction": "Forward", "Index Name": "orders_pkey", "Relation Name": "orders", "Alias": "orders", "Startup Cost": 0.0, "Total Cost": 0.3, "Plan Rows": 1, "Plan Width": 24, "Actual Startup Time": 3181.717, "Actual Total Time": 3181.717, "Actual Rows": 119765, "Actual Loops": 395341, "Index Cond": "(o_orderkey = lineitem.l_orderkey)", "Rows Removed by Index Recheck": 0, "Filter": "((o_orderdate >= '1995-01-01 00:00:00'::timestamp(0) without time zone) AND (o_orderdate <= '1996-12-31 00:00:00'::timestamp(0) without time zone))", "Rows Removed by Filter": 275576}]}, {"Node Type": "Index Scan", "Parent Relationship": "Inner", "Scan Direction": "Forward", "Index Name": "customer_pkey", "Relation Name": "customer", "Alias": "customer", "Startup Cost": 0.0, "Total Cost": 0.31, "Plan Rows": 1, "Plan Width": 12, "Actual Startup Time": 842.853, "Actual Total Time": 842.853, "Actual Rows": 119765, "Actual Loops": 119765, "Index Cond": "(c_custkey = orders.o_custkey)", "Rows Removed by Index Recheck": 0}]}]}]}]}]}]}]}, "Triggers": [], "Planner Runtime": 6, "Total Runtime": 7536.39, "Unique SQL Id": 3681808042}}, "(64, 86)": {"explain_plan": {"Plan": {"Node Type": "Sort", "Startup Cost": 858712.57, "Total Cost": 858712.59, "Plan Rows": 10, "Plan Width": 66, "Sort Key": ["(date_part('year'::text, orders.o_orderdate))"], "Plans": [{"Node Type": "Aggregate", "Strategy": "Hashed", "Parent Relationship": "Outer", "Startup Cost": 858712.25, "Total Cost": 858712.4, "Plan Rows": 10, "Plan Width": 66, "Group By Key": ["date_part('year'::text, orders.o_orderdate)"], "Plans": [{"Node Type": "Merge Join", "Parent Relationship": "Outer", "Join Type": "Inner", "Startup Cost": 858487.47, "Total Cost": 858592.43, "Plan Rows": 5991, "Plan Width": 50, "Inner Unique": false, "Merge Cond": "(n2.n_nationkey = supplier.s_nationkey)", "Plans": [{"Node Type": "Sort", "Parent Relationship": "Outer", "Startup Cost": 1.83, "Total Cost": 1.89, "Plan Rows": 25, "Plan Width": 30, "Sort Key": ["n2.n_nationkey"], "Plans": [{"Node Type": "Seq Scan", "Parent Relationship": "Outer", "Relation Name": "nation", "Alias": "n2", "Startup Cost": 0.0, "Total Cost": 1.25, "Plan Rows": 25, "Plan Width": 30}]}, {"Node Type": "Sort", "Parent Relationship": "Inner", "Startup Cost": 858485.64, "Total Cost": 858500.61, "Plan Rows": 5991, "Plan Width": 28, "Sort Key": ["supplier.s_nationkey"], "Plans": [{"Node Type": "Merge Join", "Parent Relationship": "Outer", "Join Type": "Inner", "Startup Cost": 857512.27, "Total Cost": 858109.74, "Plan Rows": 5991, "Plan Width": 28, "Inner Unique": true, "Merge Cond": "(lineitem.l_suppkey = supplier.s_suppkey)", "Plans": [{"Node Type": "Sort", "Parent Relationship": "Outer", "Startup Cost": 845924.44, "Total Cost": 845967.68, "Plan Rows": 17296, "Plan Width": 32, "Sort Key": ["lineitem.l_suppkey"], "Plans": [{"Node Type": "Merge Join", "Parent Relationship": "Outer", "Join Type": "Inner", "Startup Cost": 841820.47, "Total Cost": 844706.96, "Plan Rows": 17296, "Plan Width": 32, "Inner Unique": false, "Merge Cond": "(orders.o_custkey = customer.c_custkey)", "Plans": [{"Node Type": "Sort", "Parent Relationship": "Outer", "Startup Cost": 777363.03, "Total Cost": 777579.23, "Plan Rows": 86479, "Plan Width": 40, "Sort Key": ["orders.o_custkey"], "Plans": [{"Node Type": "Nested Loop", "Parent Relationship": "Outer", "Join Type": "Inner", "Startup Cost": 4.47, "Total Cost": 770271.73, "Plan Rows": 86479, "Plan Width": 40, "Inner Unique": true, "Plans": [{"Node Type": "Nested Loop", "Parent Relationship": "Outer", "Join Type": "Inner", "Startup Cost": 4.21, "Total Cost": 450147.9, "Plan Rows": 74637, "Plan Width": 32, "Inner Unique": false, "Plans": [{"Node Type": "Seq Scan", "Parent Relationship": "Outer", "Relation Name": "part", "Alias": "part", "Startup Cost": 0.0, "Total Cost": 66944.0, "Plan Rows": 13538, "Plan Width": 8, "Filter": "((p_type)::text = 'SMALL PLATED COPPER'::text)"}, {"Node Type": "Bitmap Heap Scan", "Parent Relationship": "Inner", "Relation Name": "lineitem", "Alias": "lineitem", "Startup Cost": 4.21, "Total Cost": 28.25, "Plan Rows": 6, "Plan Width": 40, "Recheck Cond": "(l_partkey = part.p_partkey)", "Plans": [{"Node Type": "Bitmap Index Scan", "Parent Relationship": "Outer", "Index Name": "idx_lineitem_part_supp", "Startup Cost": 0.0, "Total Cost": 4.21, "Plan Rows": 6, "Plan Width": 0, "Index Cond": "(l_partkey = part.p_partkey)"}]}]}, {"Node Type": "Bitmap Heap Scan", "Parent Relationship": "Inner", "Relation Name": "orders", "Alias": "orders", "Startup Cost": 0.26, "Total Cost": 4.28, "Plan Rows": 1, "Plan Width": 24, "Recheck Cond": "(o_orderkey = lineitem.l_orderkey)", "Filter": "((o_orderdate >= '1995-01-01 00:00:00'::timestamp(0) without time zone) AND (o_orderdate <= '1996-12-31 00:00:00'::timestamp(0) without time zone))", "Plans": [{"Node Type": "Bitmap Index Scan", "Parent Relationship": "Outer", "Index Name": "orders_pkey", "Startup Cost": 0.0, "Total Cost": 0.26, "Plan Rows": 1, "Plan Width": 0, "Index Cond": "(o_orderkey = lineitem.l_orderkey)"}]}]}]}, {"Node Type": "Sort", "Parent Relationship": "Inner", "Startup Cost": 64457.4, "Total Cost": 65207.4, "Plan Rows": 300000, "Plan Width": 8, "Sort Key": ["customer.c_custkey"], "Plans": [{"Node Type": "Nested Loop", "Parent Relationship": "Outer", "Join Type": "Inner", "Startup Cost": 1033.27, "Total Cost": 37165.49, "Plan Rows": 300000, "Plan Width": 8, "Inner Unique": false, "Plans": [{"Node Type": "Merge Join", "Parent Relationship": "Outer", "Join Type": "Inner", "Startup Cost": 2.9, "Total Cost": 3.09, "Plan Rows": 5, "Plan Width": 4, "Inner Unique": false, "Merge Cond": "(region.r_regionkey = n1.n_regionkey)", "Plans": [{"Node Type": "Sort", "Parent Relationship": "Outer", "Startup Cost": 1.07, "Total Cost": 1.08, "Plan Rows": 1, "Plan Width": 4, "Sort Key": ["region.r_regionkey"], "Plans": [{"Node Type": "Seq Scan", "Parent Relationship": "Outer", "Relation Name": "region", "Alias": "region", "Startup Cost": 0.0, "Total Cost": 1.06, "Plan Rows": 1, "Plan Width": 4, "Filter": "(r_name = 'ASIA'::bpchar)"}]}, {"Node Type": "Sort", "Parent Relationship": "Inner", "Startup Cost": 1.83, "Total Cost": 1.89, "Plan Rows": 25, "Plan Width": 8, "Sort Key": ["n1.n_regionkey"], "Plans": [{"Node Type": "Seq Scan", "Parent Relationship": "Outer", "Relation Name": "nation", "Alias": "n1", "Startup Cost": 0.0, "Total Cost": 1.25, "Plan Rows": 25, "Plan Width": 8}]}]}, {"Node Type": "Bitmap Heap Scan", "Parent Relationship": "Inner", "Relation Name": "customer", "Alias": "customer", "Startup Cost": 1030.37, "Total Cost": 6832.48, "Plan Rows": 60000, "Plan Width": 12, "Recheck Cond": "(c_nationkey = n1.n_nationkey)", "Plans": [{"Node Type": "Bitmap Index Scan", "Parent Relationship": "Outer", "Index Name": "idx_customer_nationkey", "Startup Cost": 0.0, "Total Cost": 1015.37, "Plan Rows": 60000, "Plan Width": 0, "Index Cond": "(c_nationkey = n1.n_nationkey)"}]}]}]}]}]}, {"Node Type": "Sort", "Parent Relationship": "Inner", "Startup Cost": 11587.82, "Total Cost": 11837.82, "Plan Rows": 100000, "Plan Width": 12, "Sort Key": ["supplier.s_suppkey"], "Plans": [{"Node Type": "Seq Scan", "Parent Relationship": "Outer", "Relation Name": "supplier", "Alias": "supplier", "Startup Cost": 0.0, "Total Cost": 3283.0, "Plan Rows": 100000, "Plan Width": 12}]}]}]}]}]}]}, "Unique SQL Id": 3681808042, "Planner Runtime": 7}, "explain_analyze_plan": {"Plan": {"Node Type": "Sort", "Startup Cost": 858712.57, "Total Cost": 858712.59, "Plan Rows": 10, "Plan Width": 66, "Actual Startup Time": 7403.567, "Actual Total Time": 7403.567, "Actual Rows": 2, "Actual Loops": 1, "Sort Key": ["(date_part('year'::text, orders.o_orderdate))"], "Sort Method": "quicksort", "Sort Space Used": 25, "Sort Space Type": "Memory", "Plans": [{"Node Type": "Aggregate", "Strategy": "Hashed", "Parent Relationship": "Outer", "Startup Cost": 858712.25, "Total Cost": 858712.4, "Plan Rows": 10, "Plan Width": 66, "Actual Startup Time": 7403.555, "Actual Total Time": 7403.557, "Actual Rows": 2, "Actual Loops": 1, "Group By Key": ["date_part('year'::text, orders.o_orderdate)"], "Plans": [{"Node Type": "Merge Join", "Parent Relationship": "Outer", "Join Type": "Inner", "Startup Cost": 858487.47, "Total Cost": 858592.43, "Plan Rows": 5991, "Plan Width": 50, "Actual Startup Time": 7369.453, "Actual Total Time": 7384.891, "Actual Rows": 23929, "Actual Loops": 1, "Inner Unique": false, "Merge Cond": "(n2.n_nationkey = supplier.s_nationkey)", "Plans": [{"Node Type": "Sort", "Parent Relationship": "Outer", "Startup Cost": 1.83, "Total Cost": 1.89, "Plan Rows": 25, "Plan Width": 30, "Actual Startup Time": 0.032, "Actual Total Time": 0.035, "Actual Rows": 25, "Actual Loops": 1, "Sort Key": ["n2.n_nationkey"], "Sort Method": "quicksort", "Sort Space Used": 27, "Sort Space Type": "Memory", "Plans": [{"Node Type": "Seq Scan", "Parent Relationship": "Outer", "Relation Name": "nation", "Alias": "n2", "Startup Cost": 0.0, "Total Cost": 1.25, "Plan Rows": 25, "Plan Width": 30, "Actual Startup Time": 0.012, "Actual Total Time": 0.018, "Actual Rows": 25, "Actual Loops": 1}]}, {"Node Type": "Sort", "Parent Relationship": "Inner", "Startup Cost": 858485.64, "Total Cost": 858500.61, "Plan Rows": 5991, "Plan Width": 28, "Actual Startup Time": 7369.383, "Actual Total Time": 7371.972, "Actual Rows": 23929, "Actual Loops": 1, "Sort Key": ["supplier.s_nationkey"], "Sort Method": "quicksort", "Sort Space Used": 3012, "Sort Space Type": "Memory", "Plans": [{"Node Type": "Merge Join", "Parent Relationship": "Outer", "Join Type": "Inner", "Startup Cost": 857512.27, "Total Cost": 858109.74, "Plan Rows": 5991, "Plan Width": 28, "Actual Startup Time": 7326.043, "Actual Total Time": 7362.705, "Actual Rows": 23929, "Actual Loops": 1, "Inner Unique": true, "Merge Cond": "(lineitem.l_suppkey = supplier.s_suppkey)", "Plans": [{"Node Type": "Sort", "Parent Relationship": "Outer", "Startup Cost": 845924.44, "Total Cost": 845967.68, "Plan Rows": 17296, "Plan Width": 32, "Actual Startup Time": 7256.784, "Actual Total Time": 7260.418, "Actual Rows": 23929, "Actual Loops": 1, "Sort Key": ["lineitem.l_suppkey"], "Sort Method": "quicksort", "Sort Space Used": 3012, "Sort Space Type": "Memory", "Plans": [{"Node Type": "Merge Join", "Parent Relationship": "Outer", "Join Type": "Inner", "Startup Cost": 841820.47, "Total Cost": 844706.96, "Plan Rows": 17296, "Plan Width": 32, "Actual Startup Time": 7130.029, "Actual Total Time": 7247.823, "Actual Rows": 23929, "Actual Loops": 1, "Inner Unique": false, "Merge Cond": "(orders.o_custkey = customer.c_custkey)", "Plans": [{"Node Type": "Sort", "Parent Relationship": "Outer", "Startup Cost": 777363.03, "Total Cost": 777579.23, "Plan Rows": 86479, "Plan Width": 40, "Actual Startup Time": 6369.014, "Actual Total Time": 6393.082, "Actual Rows": 119765, "Actual Loops": 1, "Sort Key": ["orders.o_custkey"], "Sort Method": "quicksort", "Sort Space Used": 14300, "Sort Space Type": "Memory", "Plans": [{"Node Type": "Nested Loop", "Parent Relationship": "Outer", "Join Type": "Inner", "Startup Cost": 4.47, "Total Cost": 770271.73, "Plan Rows": 86479, "Plan Width": 40, "Actual Startup Time": 0.122, "Actual Total Time": 6302.048, "Actual Rows": 119765, "Actual Loops": 1, "Inner Unique": true, "Plans": [{"Node Type": "Nested Loop", "Parent Relationship": "Outer", "Join Type": "Inner", "Startup Cost": 4.21, "Total Cost": 450147.9, "Plan Rows": 74637, "Plan Width": 32, "Actual Startup Time": 0.056, "Actual Total Time": 2219.122, "Actual Rows": 395341, "Actual Loops": 1, "Inner Unique": false, "Plans": [{"Node Type": "Seq Scan", "Parent Relationship": "Outer", "Relation Name": "part", "Alias": "part", "Startup Cost": 0.0, "Total Cost": 66944.0, "Plan Rows": 13538, "Plan Width": 8, "Actual Startup Time": 0.02, "Actual Total Time": 768.294, "Actual Rows": 13163, "Actual Loops": 1, "Filter": "((p_type)::text = 'SMALL PLATED COPPER'::text)", "Rows Removed by Filter": 1986837}, {"Node Type": "Bitmap Heap Scan", "Parent Relationship": "Inner", "Relation Name": "lineitem", "Alias": "lineitem", "Startup Cost": 4.21, "Total Cost": 28.25, "Plan Rows": 6, "Plan Width": 40, "Actual Startup Time": 252.576, "Actual Total Time": 1337.888, "Actual Rows": 395341, "Actual Loops": 13163, "Recheck Cond": "(l_partkey = part.p_partkey)", "Rows Removed by Index Recheck": 0, "Exact Heap Blocks": 395337, "Lossy Heap Blocks": 395337, "Plans": [{"Node Type": "Bitmap Index Scan", "Parent Relationship": "Outer", "Index Name": "idx_lineitem_part_supp", "Startup Cost": 0.0, "Total Cost": 4.21, "Plan Rows": 6, "Plan Width": 0, "Actual Startup Time": 162.415, "Actual Total Time": 162.415, "Actual Rows": 395341, "Actual Loops": 13163, "Index Cond": "(l_partkey = part.p_partkey)"}]}]}, {"Node Type": "Bitmap Heap Scan", "Parent Relationship": "Inner", "Relation Name": "orders", "Alias": "orders", "Startup Cost": 0.26, "Total Cost": 4.28, "Plan Rows": 1, "Plan Width": 24, "Actual Startup Time": 3610.702, "Actual Total Time": 3610.702, "Actual Rows": 119765, "Actual Loops": 395341, "Recheck Cond": "(o_orderkey = lineitem.l_orderkey)", "Rows Removed by Index Recheck": 0, "Filter": "((o_orderdate >= '1995-01-01 00:00:00'::timestamp(0) without time zone) AND (o_orderdate <= '1996-12-31 00:00:00'::timestamp(0) without time zone))", "Rows Removed by Filter": 275576, "Exact Heap Blocks": 395341, "Lossy Heap Blocks": 395341, "Plans": [{"Node Type": "Bitmap Index Scan", "Parent Relationship": "Outer", "Index Name": "orders_pkey", "Startup Cost": 0.0, "Total Cost": 0.26, "Plan Rows": 1, "Plan Width": 0, "Actual Startup Time": 2217.475, "Actual Total Time": 2217.475, "Actual Rows": 395341, "Actual Loops": 395341, "Index Cond": "(o_orderkey = lineitem.l_orderkey)"}]}]}]}, {"Node Type": "Sort", "Parent Relationship": "Inner", "Startup Cost": 64457.4, "Total Cost": 65207.4, "Plan Rows": 300000, "Plan Width": 8, "Actual Startup Time": 761.006, "Actual Total Time": 790.503, "Actual Rows": 301987, "Actual Loops": 1, "Sort Key": ["customer.c_custkey"], "Sort Method": "quicksort", "Sort Space Used": 31055, "Sort Space Type": "Memory", "Plans": [{"Node Type": "Nested Loop", "Parent Relationship": "Outer", "Join Type": "Inner", "Startup Cost": 1033.27, "Total Cost": 37165.49, "Plan Rows": 300000, "Plan Width": 8, "Actual Startup Time": 18.034, "Actual Total Time": 658.836, "Actual Rows": 300270, "Actual Loops": 1, "Inner Unique": false, "Plans": [{"Node Type": "Merge Join", "Parent Relationship": "Outer", "Join Type": "Inner", "Startup Cost": 2.9, "Total Cost": 3.09, "Plan Rows": 5, "Plan Width": 4, "Actual Startup Time": 0.065, "Actual Total Time": 0.099, "Actual Rows": 5, "Actual Loops": 1, "Inner Unique": false, "Merge Cond": "(region.r_regionkey = n1.n_regionkey)", "Plans": [{"Node Type": "Sort", "Parent Relationship": "Outer", "Startup Cost": 1.07, "Total Cost": 1.08, "Plan Rows": 1, "Plan Width": 4, "Actual Startup Time": 0.03, "Actual Total Time": 0.031, "Actual Rows": 1, "Actual Loops": 1, "Sort Key": ["region.r_regionkey"], "Sort Method": "quicksort", "Sort Space Used": 25, "Sort Space Type": "Memory", "Plans": [{"Node Type": "Seq Scan", "Parent Relationship": "Outer", "Relation Name": "region", "Alias": "region", "Startup Cost": 0.0, "Total Cost": 1.06, "Plan Rows": 1, "Plan Width": 4, "Actual Startup Time": 0.023, "Actual Total Time": 0.024, "Actual Rows": 1, "Actual Loops": 1, "Filter": "(r_name = 'ASIA'::bpchar)", "Rows Removed by Filter": 4}]}, {"Node Type": "Sort", "Parent Relationship": "Inner", "Startup Cost": 1.83, "Total Cost": 1.89, "Plan Rows": 25, "Plan Width": 8, "Actual Startup Time": 0.026, "Actual Total Time": 0.034, "Actual Rows": 16, "Actual Loops": 1, "Sort Key": ["n1.n_regionkey"], "Sort Method": "quicksort", "Sort Space Used": 26, "Sort Space Type": "Memory", "Plans": [{"Node Type": "Seq Scan", "Parent Relationship": "Outer", "Relation Name": "nation", "Alias": "n1", "Startup Cost": 0.0, "Total Cost": 1.25, "Plan Rows": 25, "Plan Width": 8, "Actual Startup Time": 0.01, "Actual Total Time": 0.014, "Actual Rows": 25, "Actual Loops": 1}]}]}, {"Node Type": "Bitmap Heap Scan", "Parent Relationship": "Inner", "Relation Name": "customer", "Alias": "customer", "Startup Cost": 1030.37, "Total Cost": 6832.48, "Plan Rows": 60000, "Plan Width": 12, "Actual Startup Time": 90.325, "Actual Total Time": 605.598, "Actual Rows": 300270, "Actual Loops": 5, "Recheck Cond": "(c_nationkey = n1.n_nationkey)", "Rows Removed by Index Recheck": 0, "Exact Heap Blocks": 150032, "Lossy Heap Blocks": 150032, "Plans": [{"Node Type": "Bitmap Index Scan", "Parent Relationship": "Outer", "Index Name": "idx_customer_nationkey", "Startup Cost": 0.0, "Total Cost": 1015.37, "Plan Rows": 60000, "Plan Width": 0, "Actual Startup Time": 57.305, "Actual Total Time": 57.305, "Actual Rows": 300270, "Actual Loops": 5, "Index Cond": "(c_nationkey = n1.n_nationkey)"}]}]}]}]}]}, {"Node Type": "Sort", "Parent Relationship": "Inner", "Startup Cost": 11587.82, "Total Cost": 11837.82, "Plan Rows": 100000, "Plan Width": 12, "Actual Startup Time": 69.25, "Actual Total Time": 79.329, "Actual Rows": 99998, "Actual Loops": 1, "Sort Key": ["supplier.s_suppkey"], "Sort Method": "quicksort", "Sort Space Used": 12448, "Sort Space Type": "Memory", "Plans": [{"Node Type": "Seq Scan", "Parent Relationship": "Outer", "Relation Name": "supplier", "Alias": "supplier", "Startup Cost": 0.0, "Total Cost": 3283.0, "Plan Rows": 100000, "Plan Width": 12, "Actual Startup Time": 0.026, "Actual Total Time": 38.267, "Actual Rows": 100000, "Actual Loops": 1}]}]}]}]}]}]}, "Triggers": [], "Planner Runtime": 7, "Total Runtime": 7404.064, "Unique SQL Id": 3681808042}}, "(64, 87)": {"explain_plan": {"Plan": {"Node Type": "Sort", "Startup Cost": 66661878.45, "Total Cost": 66661878.48, "Plan Rows": 10, "Plan Width": 66, "Sort Key": ["(date_part('year'::text, orders.o_orderdate))"], "Plans": [{"Node Type": "Aggregate", "Strategy": "Hashed", "Parent Relationship": "Outer", "Startup Cost": 66661878.14, "Total Cost": 66661878.29, "Plan Rows": 10, "Plan Width": 66, "Group By Key": ["date_part('year'::text, orders.o_orderdate)"], "Plans": [{"Node Type": "Nested Loop", "Parent Relationship": "Outer", "Join Type": "Inner", "Startup Cost": 115915.31, "Total Cost": 66661758.32, "Plan Rows": 5991, "Plan Width": 50, "Inner Unique": true, "Plans": [{"Node Type": "Nested Loop", "Parent Relationship": "Outer", "Join Type": "Inner", "Startup Cost": 115915.05, "Total Cost": 66636099.88, "Plan Rows": 5991, "Plan Width": 28, "Inner Unique": true, "Plans": [{"Node Type": "Nested Loop", "Parent Relationship": "Outer", "Join Type": "Inner", "Startup Cost": 115914.79, "Total Cost": 66562068.23, "Plan Rows": 17296, "Plan Width": 32, "Inner Unique": true, "Plans": [{"Node Type": "Nested Loop", "Parent Relationship": "Outer", "Join Type": "Inner", "Startup Cost": 115914.53, "Total Cost": 45938880.46, "Plan Rows": 4814867, "Plan Width": 40, "Inner Unique": false, "Plans": [{"Node Type": "Nested Loop", "Parent Relationship": "Outer", "Join Type": "Inner", "Startup Cost": 115914.01, "Total Cost": 43432501.27, "Plan Rows": 530296, "Plan Width": 16, "Inner Unique": true, "Plans": [{"Node Type": "Nested Loop", "Parent Relationship": "Outer", "Join Type": "Inner", "Startup Cost": 115913.43, "Total Cost": 31228406.3, "Plan Rows": 2651479, "Plan Width": 20, "Inner Unique": true, "Plans": [{"Node Type": "Nested Loop", "Parent Relationship": "Outer", "Join Type": "Inner", "Startup Cost": 115913.17, "Total Cost": 19879399.17, "Plan Rows": 2651479, "Plan Width": 20, "Inner Unique": true, "Plans": [{"Node Type": "Bitmap Heap Scan", "Parent Relationship": "Outer", "Relation Name": "orders", "Alias": "orders", "Startup Cost": 115912.91, "Total Cost": 460311.42, "Plan Rows": 4531967, "Plan Width": 24, "Recheck Cond": "((o_orderdate >= '1995-01-01 00:00:00'::timestamp(0) without time zone) AND (o_orderdate <= '1996-12-31 00:00:00'::timestamp(0) without time zone)), (LLVM Optimized)", "Plans": [{"Node Type": "Bitmap Index Scan", "Parent Relationship": "Outer", "Index Name": "idx_orders_orderdate", "Startup Cost": 0.0, "Total Cost": 114779.92, "Plan Rows": 4531967, "Plan Width": 0, "Index Cond": "((o_orderdate >= '1995-01-01 00:00:00'::timestamp(0) without time zone) AND (o_orderdate <= '1996-12-31 00:00:00'::timestamp(0) without time zone))"}]}, {"Node Type": "Bitmap Heap Scan", "Parent Relationship": "Inner", "Relation Name": "customer", "Alias": "customer", "Startup Cost": 0.26, "Total Cost": 4.27, "Plan Rows": 1, "Plan Width": 12, "Recheck Cond": "(c_custkey = orders.o_custkey)", "Plans": [{"Node Type": "Bitmap Index Scan", "Parent Relationship": "Outer", "Index Name": "customer_pkey", "Startup Cost": 0.0, "Total Cost": 0.26, "Plan Rows": 1, "Plan Width": 0, "Index Cond": "(c_custkey = orders.o_custkey)"}]}]}, {"Node Type": "Bitmap Heap Scan", "Parent Relationship": "Inner", "Relation Name": "nation", "Alias": "n1", "Startup Cost": 0.26, "Total Cost": 4.27, "Plan Rows": 1, "Plan Width": 8, "Recheck Cond": "(n_nationkey = customer.c_nationkey)", "Plans": [{"Node Type": "Bitmap Index Scan", "Parent Relationship": "Outer", "Index Name": "nation_pkey", "Startup Cost": 0.0, "Total Cost": 0.26, "Plan Rows": 1, "Plan Width": 0, "Index Cond": "(n_nationkey = customer.c_nationkey)"}]}]}, {"Node Type": "Bitmap Heap Scan", "Parent Relationship": "Inner", "Relation Name": "region", "Alias": "region", "Startup Cost": 0.58, "Total Cost": 4.59, "Plan Rows": 1, "Plan Width": 4, "Recheck Cond": "(r_regionkey = n1.n_regionkey)", "Filter": "(r_name = 'ASIA'::bpchar)", "Plans": [{"Node Type": "Bitmap Index Scan", "Parent Relationship": "Outer", "Index Name": "region_pkey", "Startup Cost": 0.0, "Total Cost": 0.58, "Plan Rows": 1, "Plan Width": 0, "Index Cond": "(r_regionkey = n1.n_regionkey)"}]}]}, {"Node Type": "Bitmap Heap Scan", "Parent Relationship": "Inner", "Relation Name": "lineitem", "Alias": "lineitem", "Startup Cost": 0.52, "Total Cost": 4.64, "Plan Rows": 9, "Plan Width": 40, "Recheck Cond": "(l_orderkey = orders.o_orderkey)", "Plans": [{"Node Type": "Bitmap Index Scan", "Parent Relationship": "Outer", "Index Name": "idx_lineitem_orderkey", "Startup Cost": 0.0, "Total Cost": 0.52, "Plan Rows": 9, "Plan Width": 0, "Index Cond": "(l_orderkey = orders.o_orderkey)"}]}]}, {"Node Type": "Bitmap Heap Scan", "Parent Relationship": "Inner", "Relation Name": "part", "Alias": "part", "Startup Cost": 0.26, "Total Cost": 4.27, "Plan Rows": 1, "Plan Width": 8, "Recheck Cond": "(p_partkey = lineitem.l_partkey)", "Filter": "((p_type)::text = 'SMALL PLATED COPPER'::text)", "Plans": [{"Node Type": "Bitmap Index Scan", "Parent Relationship": "Outer", "Index Name": "part_kpey", "Startup Cost": 0.0, "Total Cost": 0.26, "Plan Rows": 1, "Plan Width": 0, "Index Cond": "(p_partkey = lineitem.l_partkey)"}]}]}, {"Node Type": "Bitmap Heap Scan", "Parent Relationship": "Inner", "Relation Name": "supplier", "Alias": "supplier", "Startup Cost": 0.26, "Total Cost": 4.27, "Plan Rows": 1, "Plan Width": 12, "Recheck Cond": "(s_suppkey = lineitem.l_suppkey)", "Plans": [{"Node Type": "Bitmap Index Scan", "Parent Relationship": "Outer", "Index Name": "supplier_pkey", "Startup Cost": 0.0, "Total Cost": 0.26, "Plan Rows": 1, "Plan Width": 0, "Index Cond": "(s_suppkey = lineitem.l_suppkey)"}]}]}, {"Node Type": "Bitmap Heap Scan", "Parent Relationship": "Inner", "Relation Name": "nation", "Alias": "n2", "Startup Cost": 0.26, "Total Cost": 4.27, "Plan Rows": 1, "Plan Width": 30, "Recheck Cond": "(n_nationkey = supplier.s_nationkey)", "Plans": [{"Node Type": "Bitmap Index Scan", "Parent Relationship": "Outer", "Index Name": "nation_pkey", "Startup Cost": 0.0, "Total Cost": 0.26, "Plan Rows": 1, "Plan Width": 0, "Index Cond": "(n_nationkey = supplier.s_nationkey)"}]}]}]}]}, "Unique SQL Id": 3681808042, "Planner Runtime": 4}, "explain_analyze_plan": null}, "(64, 88)": {"explain_plan": {"Plan": {"Node Type": "Sort", "Startup Cost": 496537.18, "Total Cost": 496537.2, "Plan Rows": 10, "Plan Width": 66, "Sort Key": ["(date_part('year'::text, orders.o_orderdate))"], "Plans": [{"Node Type": "Aggregate", "Strategy": "Hashed", "Parent Relationship": "Outer", "Startup Cost": 496536.86, "Total Cost": 496537.01, "Plan Rows": 10, "Plan Width": 66, "Group By Key": ["date_part('year'::text, orders.o_orderdate)"], "Plans": [{"Node Type": "Merge Join", "Parent Relationship": "Outer", "Join Type": "Inner", "Startup Cost": 496312.07, "Total Cost": 496417.04, "Plan Rows": 5991, "Plan Width": 50, "Inner Unique": false, "Merge Cond": "(n2.n_nationkey = supplier.s_nationkey)", "Plans": [{"Node Type": "Sort", "Parent Relationship": "Outer", "Startup Cost": 1.83, "Total Cost": 1.89, "Plan Rows": 25, "Plan Width": 30, "Sort Key": ["n2.n_nationkey"], "Plans": [{"Node Type": "Seq Scan", "Parent Relationship": "Outer", "Relation Name": "nation", "Alias": "n2", "Startup Cost": 0.0, "Total Cost": 1.25, "Plan Rows": 25, "Plan Width": 30}]}, {"Node Type": "Sort", "Parent Relationship": "Inner", "Startup Cost": 496310.24, "Total Cost": 496325.22, "Plan Rows": 5991, "Plan Width": 28, "Sort Key": ["supplier.s_nationkey"], "Plans": [{"Node Type": "Merge Join", "Parent Relationship": "Outer", "Join Type": "Inner", "Startup Cost": 495724.65, "Total Cost": 495934.35, "Plan Rows": 5991, "Plan Width": 28, "Inner Unique": false, "Merge Cond": "(n1.n_nationkey = customer.c_nationkey)", "Plans": [{"Node Type": "Sort", "Parent Relationship": "Outer", "Startup Cost": 3.14, "Total Cost": 3.16, "Plan Rows": 5, "Plan Width": 4, "Sort Key": ["n1.n_nationkey"], "Plans": [{"Node Type": "Merge Join", "Parent Relationship": "Outer", "Join Type": "Inner", "Startup Cost": 2.9, "Total Cost": 3.09, "Plan Rows": 5, "Plan Width": 4, "Inner Unique": false, "Merge Cond": "(region.r_regionkey = n1.n_regionkey)", "Plans": [{"Node Type": "Sort", "Parent Relationship": "Outer", "Startup Cost": 1.07, "Total Cost": 1.08, "Plan Rows": 1, "Plan Width": 4, "Sort Key": ["region.r_regionkey"], "Plans": [{"Node Type": "Seq Scan", "Parent Relationship": "Outer", "Relation Name": "region", "Alias": "region", "Startup Cost": 0.0, "Total Cost": 1.06, "Plan Rows": 1, "Plan Width": 4, "Filter": "(r_name = 'ASIA'::bpchar)"}]}, {"Node Type": "Sort", "Parent Relationship": "Inner", "Startup Cost": 1.83, "Total Cost": 1.89, "Plan Rows": 25, "Plan Width": 8, "Sort Key": ["n1.n_regionkey"], "Plans": [{"Node Type": "Seq Scan", "Parent Relationship": "Outer", "Relation Name": "nation", "Alias": "n1", "Startup Cost": 0.0, "Total Cost": 1.25, "Plan Rows": 25, "Plan Width": 8}]}]}]}, {"Node Type": "Sort", "Parent Relationship": "Inner", "Startup Cost": 495721.5, "Total Cost": 495796.39, "Plan Rows": 29954, "Plan Width": 32, "Sort Key": ["customer.c_nationkey"], "Plans": [{"Node Type": "Nested Loop", "Parent Relationship": "Outer", "Join Type": "Inner", "Startup Cost": 447605.57, "Total Cost": 493494.35, "Plan Rows": 29954, "Plan Width": 32, "Inner Unique": true, "Plans": [{"Node Type": "Nested Loop", "Parent Relationship": "Outer", "Join Type": "Inner", "Startup Cost": 447605.57, "Total Cost": 477242.48, "Plan Rows": 51198, "Plan Width": 36, "Inner Unique": true, "Plans": [{"Node Type": "Merge Join", "Parent Relationship": "Outer", "Join Type": "Inner", "Startup Cost": 447605.57, "Total Cost": 454309.6, "Plan Rows": 74637, "Plan Width": 28, "Inner Unique": false, "Merge Cond": "(supplier.s_suppkey = lineitem.l_suppkey)", "Plans": [{"Node Type": "Index Scan", "Parent Relationship": "Outer", "Scan Direction": "Forward", "Index Name": "supplier_pkey", "Relation Name": "supplier", "Alias": "supplier", "Startup Cost": 0.0, "Total Cost": 5334.54, "Plan Rows": 100000, "Plan Width": 12}, {"Node Type": "Sort", "Parent Relationship": "Inner", "Startup Cost": 447605.54, "Total Cost": 447792.13, "Plan Rows": 74637, "Plan Width": 32, "Sort Key": ["lineitem.l_suppkey"], "Plans": [{"Node Type": "Nested Loop", "Parent Relationship": "Outer", "Join Type": "Inner", "Startup Cost": 0.0, "Total Cost": 441564.57, "Plan Rows": 74637, "Plan Width": 32, "Inner Unique": false, "Plans": [{"Node Type": "Seq Scan", "Parent Relationship": "Outer", "Relation Name": "part", "Alias": "part", "Startup Cost": 0.0, "Total Cost": 66944.0, "Plan Rows": 13538, "Plan Width": 8, "Filter": "((p_type)::text = 'SMALL PLATED COPPER'::text)"}, {"Node Type": "Index Scan", "Parent Relationship": "Inner", "Scan Direction": "Forward", "Index Name": "idx_lineitem_part_supp", "Relation Name": "lineitem", "Alias": "lineitem", "Startup Cost": 0.0, "Total Cost": 27.61, "Plan Rows": 6, "Plan Width": 40, "Index Cond": "(l_partkey = part.p_partkey)"}]}]}]}, {"Node Type": "Index Scan", "Parent Relationship": "Inner", "Scan Direction": "Forward", "Index Name": "orders_pkey", "Relation Name": "orders", "Alias": "orders", "Startup Cost": 0.0, "Total Cost": 0.3, "Plan Rows": 1, "Plan Width": 24, "Index Cond": "(o_orderkey = lineitem.l_orderkey)", "Filter": "((o_orderdate >= '1995-01-01 00:00:00'::timestamp(0) without time zone) AND (o_orderdate <= '1996-12-31 00:00:00'::timestamp(0) without time zone))"}]}, {"Node Type": "Index Scan", "Parent Relationship": "Inner", "Scan Direction": "Forward", "Index Name": "customer_pkey", "Relation Name": "customer", "Alias": "customer", "Startup Cost": 0.0, "Total Cost": 0.31, "Plan Rows": 1, "Plan Width": 12, "Index Cond": "(c_custkey = orders.o_custkey)"}]}]}]}]}]}]}]}, "Unique SQL Id": 3681808042, "Planner Runtime": 6}, "explain_analyze_plan": {"Plan": {"Node Type": "Sort", "Startup Cost": 496537.18, "Total Cost": 496537.2, "Plan Rows": 10, "Plan Width": 66, "Actual Startup Time": 6422.433, "Actual Total Time": 6422.434, "Actual Rows": 2, "Actual Loops": 1, "Sort Key": ["(date_part('year'::text, orders.o_orderdate))"], "Sort Method": "quicksort", "Sort Space Used": 25, "Sort Space Type": "Memory", "Plans": [{"Node Type": "Aggregate", "Strategy": "Hashed", "Parent Relationship": "Outer", "Startup Cost": 496536.86, "Total Cost": 496537.01, "Plan Rows": 10, "Plan Width": 66, "Actual Startup Time": 6422.417, "Actual Total Time": 6422.418, "Actual Rows": 2, "Actual Loops": 1, "Group By Key": ["date_part('year'::text, orders.o_orderdate)"], "Plans": [{"Node Type": "Merge Join", "Parent Relationship": "Outer", "Join Type": "Inner", "Startup Cost": 496312.07, "Total Cost": 496417.04, "Plan Rows": 5991, "Plan Width": 50, "Actual Startup Time": 6385.342, "Actual Total Time": 6403.295, "Actual Rows": 23929, "Actual Loops": 1, "Inner Unique": false, "Merge Cond": "(n2.n_nationkey = supplier.s_nationkey)", "Plans": [{"Node Type": "Sort", "Parent Relationship": "Outer", "Startup Cost": 1.83, "Total Cost": 1.89, "Plan Rows": 25, "Plan Width": 30, "Actual Startup Time": 0.035, "Actual Total Time": 0.041, "Actual Rows": 25, "Actual Loops": 1, "Sort Key": ["n2.n_nationkey"], "Sort Method": "quicksort", "Sort Space Used": 27, "Sort Space Type": "Memory", "Plans": [{"Node Type": "Seq Scan", "Parent Relationship": "Outer", "Relation Name": "nation", "Alias": "n2", "Startup Cost": 0.0, "Total Cost": 1.25, "Plan Rows": 25, "Plan Width": 30, "Actual Startup Time": 0.013, "Actual Total Time": 0.018, "Actual Rows": 25, "Actual Loops": 1}]}, {"Node Type": "Sort", "Parent Relationship": "Inner", "Startup Cost": 496310.24, "Total Cost": 496325.22, "Plan Rows": 5991, "Plan Width": 28, "Actual Startup Time": 6385.182, "Actual Total Time": 6389.889, "Actual Rows": 23929, "Actual Loops": 1, "Sort Key": ["supplier.s_nationkey"], "Sort Method": "quicksort", "Sort Space Used": 3012, "Sort Space Type": "Memory", "Plans": [{"Node Type": "Merge Join", "Parent Relationship": "Outer", "Join Type": "Inner", "Startup Cost": 495724.65, "Total Cost": 495934.35, "Plan Rows": 5991, "Plan Width": 28, "Actual Startup Time": 6354.497, "Actual Total Time": 6378.303, "Actual Rows": 23929, "Actual Loops": 1, "Inner Unique": false, "Merge Cond": "(n1.n_nationkey = customer.c_nationkey)", "Plans": [{"Node Type": "Sort", "Parent Relationship": "Outer", "Startup Cost": 3.14, "Total Cost": 3.16, "Plan Rows": 5, "Plan Width": 4, "Actual Startup Time": 0.048, "Actual Total Time": 0.049, "Actual Rows": 5, "Actual Loops": 1, "Sort Key": ["n1.n_nationkey"], "Sort Method": "quicksort", "Sort Space Used": 25, "Sort Space Type": "Memory", "Plans": [{"Node Type": "Merge Join", "Parent Relationship": "Outer", "Join Type": "Inner", "Startup Cost": 2.9, "Total Cost": 3.09, "Plan Rows": 5, "Plan Width": 4, "Actual Startup Time": 0.038, "Actual Total Time": 0.041, "Actual Rows": 5, "Actual Loops": 1, "Inner Unique": false, "Merge Cond": "(region.r_regionkey = n1.n_regionkey)", "Plans": [{"Node Type": "Sort", "Parent Relationship": "Outer", "Startup Cost": 1.07, "Total Cost": 1.08, "Plan Rows": 1, "Plan Width": 4, "Actual Startup Time": 0.012, "Actual Total Time": 0.012, "Actual Rows": 1, "Actual Loops": 1, "Sort Key": ["region.r_regionkey"], "Sort Method": "quicksort", "Sort Space Used": 25, "Sort Space Type": "Memory", "Plans": [{"Node Type": "Seq Scan", "Parent Relationship": "Outer", "Relation Name": "region", "Alias": "region", "Startup Cost": 0.0, "Total Cost": 1.06, "Plan Rows": 1, "Plan Width": 4, "Actual Startup Time": 0.008, "Actual Total Time": 0.009, "Actual Rows": 1, "Actual Loops": 1, "Filter": "(r_name = 'ASIA'::bpchar)", "Rows Removed by Filter": 4}]}, {"Node Type": "Sort", "Parent Relationship": "Inner", "Startup Cost": 1.83, "Total Cost": 1.89, "Plan Rows": 25, "Plan Width": 8, "Actual Startup Time": 0.02, "Actual Total Time": 0.021, "Actual Rows": 16, "Actual Loops": 1, "Sort Key": ["n1.n_regionkey"], "Sort Method": "quicksort", "Sort Space Used": 26, "Sort Space Type": "Memory", "Plans": [{"Node Type": "Seq Scan", "Parent Relationship": "Outer", "Relation Name": "nation", "Alias": "n1", "Startup Cost": 0.0, "Total Cost": 1.25, "Plan Rows": 25, "Plan Width": 8, "Actual Startup Time": 0.005, "Actual Total Time": 0.011, "Actual Rows": 25, "Actual Loops": 1}]}]}]}, {"Node Type": "Sort", "Parent Relationship": "Inner", "Startup Cost": 495721.5, "Total Cost": 495796.39, "Plan Rows": 29954, "Plan Width": 32, "Actual Startup Time": 6341.223, "Actual Total Time": 6359.955, "Actual Rows": 105359, "Actual Loops": 1, "Sort Key": ["customer.c_nationkey"], "Sort Method": "quicksort", "Sort Space Used": 14300, "Sort Space Type": "Memory", "Plans": [{"Node Type": "Nested Loop", "Parent Relationship": "Outer", "Join Type": "Inner", "Startup Cost": 447605.57, "Total Cost": 493494.35, "Plan Rows": 29954, "Plan Width": 32, "Actual Startup Time": 2082.45, "Actual Total Time": 6290.14, "Actual Rows": 119765, "Actual Loops": 1, "Inner Unique": true, "Plans": [{"Node Type": "Nested Loop", "Parent Relationship": "Outer", "Join Type": "Inner", "Startup Cost": 447605.57, "Total Cost": 477242.48, "Plan Rows": 51198, "Plan Width": 36, "Actual Startup Time": 2082.43, "Actual Total Time": 5474.397, "Actual Rows": 119765, "Actual Loops": 1, "Inner Unique": true, "Plans": [{"Node Type": "Merge Join", "Parent Relationship": "Outer", "Join Type": "Inner", "Startup Cost": 447605.57, "Total Cost": 454309.6, "Plan Rows": 74637, "Plan Width": 28, "Actual Startup Time": 2082.323, "Actual Total Time": 2383.378, "Actual Rows": 395341, "Actual Loops": 1, "Inner Unique": false, "Merge Cond": "(supplier.s_suppkey = lineitem.l_suppkey)", "Plans": [{"Node Type": "Index Scan", "Parent Relationship": "Outer", "Scan Direction": "Forward", "Index Name": "supplier_pkey", "Relation Name": "supplier", "Alias": "supplier", "Startup Cost": 0.0, "Total Cost": 5334.54, "Plan Rows": 100000, "Plan Width": 12, "Actual Startup Time": 0.021, "Actual Total Time": 63.117, "Actual Rows": 99999, "Actual Loops": 1}, {"Node Type": "Sort", "Parent Relationship": "Inner", "Startup Cost": 447605.54, "Total Cost": 447792.13, "Plan Rows": 74637, "Plan Width": 32, "Actual Startup Time": 2082.286, "Actual Total Time": 2166.49, "Actual Rows": 395341, "Actual Loops": 1, "Sort Key": ["lineitem.l_suppkey"], "Sort Method": "quicksort", "Sort Space Used": 49352, "Sort Space Type": "Memory", "Plans": [{"Node Type": "Nested Loop", "Parent Relationship": "Outer", "Join Type": "Inner", "Startup Cost": 0.0, "Total Cost": 441564.57, "Plan Rows": 74637, "Plan Width": 32, "Actual Startup Time": 0.031, "Actual Total Time": 1932.399, "Actual Rows": 395341, "Actual Loops": 1, "Inner Unique": false, "Plans": [{"Node Type": "Seq Scan", "Parent Relationship": "Outer", "Relation Name": "part", "Alias": "part", "Startup Cost": 0.0, "Total Cost": 66944.0, "Plan Rows": 13538, "Plan Width": 8, "Actual Startup Time": 0.015, "Actual Total Time": 757.404, "Actual Rows": 13163, "Actual Loops": 1, "Filter": "((p_type)::text = 'SMALL PLATED COPPER'::text)", "Rows Removed by Filter": 1986837}, {"Node Type": "Index Scan", "Parent Relationship": "Inner", "Scan Direction": "Forward", "Index Name": "idx_lineitem_part_supp", "Relation Name": "lineitem", "Alias": "lineitem", "Startup Cost": 0.0, "Total Cost": 27.61, "Plan Rows": 6, "Plan Width": 40, "Actual Startup Time": 146.86, "Actual Total Time": 1082.179, "Actual Rows": 395341, "Actual Loops": 13163, "Index Cond": "(l_partkey = part.p_partkey)", "Rows Removed by Index Recheck": 0}]}]}]}, {"Node Type": "Index Scan", "Parent Relationship": "Inner", "Scan Direction": "Forward", "Index Name": "orders_pkey", "Relation Name": "orders", "Alias": "orders", "Startup Cost": 0.0, "Total Cost": 0.3, "Plan Rows": 1, "Plan Width": 24, "Actual Startup Time": 2854.382, "Actual Total Time": 2854.382, "Actual Rows": 119765, "Actual Loops": 395341, "Index Cond": "(o_orderkey = lineitem.l_orderkey)", "Rows Removed by Index Recheck": 0, "Filter": "((o_orderdate >= '1995-01-01 00:00:00'::timestamp(0) without time zone) AND (o_orderdate <= '1996-12-31 00:00:00'::timestamp(0) without time zone))", "Rows Removed by Filter": 275576}]}, {"Node Type": "Index Scan", "Parent Relationship": "Inner", "Scan Direction": "Forward", "Index Name": "customer_pkey", "Relation Name": "customer", "Alias": "customer", "Startup Cost": 0.0, "Total Cost": 0.31, "Plan Rows": 1, "Plan Width": 12, "Actual Startup Time": 713.504, "Actual Total Time": 713.504, "Actual Rows": 119765, "Actual Loops": 119765, "Index Cond": "(c_custkey = orders.o_custkey)", "Rows Removed by Index Recheck": 0}]}]}]}]}]}]}]}, "Triggers": [], "Planner Runtime": 7, "Total Runtime": 6422.818, "Unique SQL Id": 3681808042}}, "(64, 89)": {"explain_plan": {"Plan": {"Node Type": "Sort", "Startup Cost": 535424.81, "Total Cost": 535424.84, "Plan Rows": 10, "Plan Width": 66, "Sort Key": ["(date_part('year'::text, orders.o_orderdate))"], "Plans": [{"Node Type": "Aggregate", "Strategy": "Hashed", "Parent Relationship": "Outer", "Startup Cost": 535424.5, "Total Cost": 535424.65, "Plan Rows": 10, "Plan Width": 66, "Group By Key": ["date_part('year'::text, orders.o_orderdate)"], "Plans": [{"Node Type": "Merge Join", "Parent Relationship": "Outer", "Join Type": "Inner", "Startup Cost": 535187.15, "Total Cost": 535304.68, "Plan Rows": 5991, "Plan Width": 50, "Inner Unique": false, "Merge Cond": "(n2.n_nationkey = supplier.s_nationkey)", "Plans": [{"Node Type": "Index Scan", "Parent Relationship": "Outer", "Scan Direction": "Forward", "Index Name": "nation_pkey", "Relation Name": "nation", "Alias": "n2", "Startup Cost": 0.0, "Total Cost": 12.62, "Plan Rows": 25, "Plan Width": 30}, {"Node Type": "Sort", "Parent Relationship": "Inner", "Startup Cost": 535187.15, "Total Cost": 535202.12, "Plan Rows": 5991, "Plan Width": 28, "Sort Key": ["supplier.s_nationkey"], "Plans": [{"Node Type": "Merge Join", "Parent Relationship": "Outer", "Join Type": "Inner", "Startup Cost": 534601.55, "Total Cost": 534811.25, "Plan Rows": 5991, "Plan Width": 28, "Inner Unique": false, "Merge Cond": "(n1.n_nationkey = customer.c_nationkey)", "Plans": [{"Node Type": "Sort", "Parent Relationship": "Outer", "Startup Cost": 20.8, "Total Cost": 20.81, "Plan Rows": 5, "Plan Width": 4, "Sort Key": ["n1.n_nationkey"], "Plans": [{"Node Type": "Nested Loop", "Parent Relationship": "Outer", "Join Type": "Inner", "Startup Cost": 0.0, "Total Cost": 20.74, "Plan Rows": 5, "Plan Width": 4, "Inner Unique": false, "Plans": [{"Node Type": "Index Scan", "Parent Relationship": "Outer", "Scan Direction": "Forward", "Index Name": "region_pkey", "Relation Name": "region", "Alias": "region", "Startup Cost": 0.0, "Total Cost": 12.34, "Plan Rows": 1, "Plan Width": 4, "Filter": "(r_name = 'ASIA'::bpchar)"}, {"Node Type": "Index Scan", "Parent Relationship": "Inner", "Scan Direction": "Forward", "Index Name": "idx_nation_regionkey", "Relation Name": "nation", "Alias": "n1", "Startup Cost": 0.0, "Total Cost": 8.35, "Plan Rows": 5, "Plan Width": 8, "Index Cond": "(n_regionkey = region.r_regionkey)"}]}]}, {"Node Type": "Sort", "Parent Relationship": "Inner", "Startup Cost": 534580.75, "Total Cost": 534655.64, "Plan Rows": 29954, "Plan Width": 32, "Sort Key": ["customer.c_nationkey"], "Plans": [{"Node Type": "Nested Loop", "Parent Relationship": "Outer", "Join Type": "Inner", "Startup Cost": 486464.82, "Total Cost": 532353.6, "Plan Rows": 29954, "Plan Width": 32, "Inner Unique": true, "Plans": [{"Node Type": "Nested Loop", "Parent Relationship": "Outer", "Join Type": "Inner", "Startup Cost": 486464.82, "Total Cost": 516101.73, "Plan Rows": 51198, "Plan Width": 36, "Inner Unique": true, "Plans": [{"Node Type": "Merge Join", "Parent Relationship": "Outer", "Join Type": "Inner", "Startup Cost": 486464.82, "Total Cost": 493168.85, "Plan Rows": 74637, "Plan Width": 28, "Inner Unique": true, "Merge Cond": "(lineitem.l_suppkey = supplier.s_suppkey)", "Plans": [{"Node Type": "Sort", "Parent Relationship": "Outer", "Startup Cost": 486464.79, "Total Cost": 486651.38, "Plan Rows": 74637, "Plan Width": 32, "Sort Key": ["lineitem.l_suppkey"], "Plans": [{"Node Type": "Nested Loop", "Parent Relationship": "Outer", "Join Type": "Inner", "Startup Cost": 0.0, "Total Cost": 480423.82, "Plan Rows": 74637, "Plan Width": 32, "Inner Unique": false, "Plans": [{"Node Type": "Index Scan", "Parent Relationship": "Outer", "Scan Direction": "Forward", "Index Name": "part_kpey", "Relation Name": "part", "Alias": "part", "Startup Cost": 0.0, "Total Cost": 105803.25, "Plan Rows": 13538, "Plan Width": 8, "Filter": "((p_type)::text = 'SMALL PLATED COPPER'::text)"}, {"Node Type": "Index Scan", "Parent Relationship": "Inner", "Scan Direction": "Forward", "Index Name": "idx_lineitem_part_supp", "Relation Name": "lineitem", "Alias": "lineitem", "Startup Cost": 0.0, "Total Cost": 27.61, "Plan Rows": 6, "Plan Width": 40, "Index Cond": "(l_partkey = part.p_partkey)"}]}]}, {"Node Type": "Index Scan", "Parent Relationship": "Inner", "Scan Direction": "Forward", "Index Name": "supplier_pkey", "Relation Name": "supplier", "Alias": "supplier", "Startup Cost": 0.0, "Total Cost": 5334.54, "Plan Rows": 100000, "Plan Width": 12}]}, {"Node Type": "Index Scan", "Parent Relationship": "Inner", "Scan Direction": "Forward", "Index Name": "orders_pkey", "Relation Name": "orders", "Alias": "orders", "Startup Cost": 0.0, "Total Cost": 0.3, "Plan Rows": 1, "Plan Width": 24, "Index Cond": "(o_orderkey = lineitem.l_orderkey)", "Filter": "((o_orderdate >= '1995-01-01 00:00:00'::timestamp(0) without time zone) AND (o_orderdate <= '1996-12-31 00:00:00'::timestamp(0) without time zone))"}]}, {"Node Type": "Index Scan", "Parent Relationship": "Inner", "Scan Direction": "Forward", "Index Name": "customer_pkey", "Relation Name": "customer", "Alias": "customer", "Startup Cost": 0.0, "Total Cost": 0.31, "Plan Rows": 1, "Plan Width": 12, "Index Cond": "(c_custkey = orders.o_custkey)"}]}]}]}]}]}]}]}, "Unique SQL Id": 3681808042, "Planner Runtime": 6}, "explain_analyze_plan": {"Plan": {"Node Type": "Sort", "Startup Cost": 535424.81, "Total Cost": 535424.84, "Plan Rows": 10, "Plan Width": 66, "Actual Startup Time": 7536.012, "Actual Total Time": 7536.012, "Actual Rows": 2, "Actual Loops": 1, "Sort Key": ["(date_part('year'::text, orders.o_orderdate))"], "Sort Method": "quicksort", "Sort Space Used": 25, "Sort Space Type": "Memory", "Plans": [{"Node Type": "Aggregate", "Strategy": "Hashed", "Parent Relationship": "Outer", "Startup Cost": 535424.5, "Total Cost": 535424.65, "Plan Rows": 10, "Plan Width": 66, "Actual Startup Time": 7536.0, "Actual Total Time": 7536.001, "Actual Rows": 2, "Actual Loops": 1, "Group By Key": ["date_part('year'::text, orders.o_orderdate)"], "Plans": [{"Node Type": "Merge Join", "Parent Relationship": "Outer", "Join Type": "Inner", "Startup Cost": 535187.15, "Total Cost": 535304.68, "Plan Rows": 5991, "Plan Width": 50, "Actual Startup Time": 7500.28, "Actual Total Time": 7516.932, "Actual Rows": 23929, "Actual Loops": 1, "Inner Unique": false, "Merge Cond": "(n2.n_nationkey = supplier.s_nationkey)", "Plans": [{"Node Type": "Index Scan", "Parent Relationship": "Outer", "Scan Direction": "Forward", "Index Name": "nation_pkey", "Relation Name": "nation", "Alias": "n2", "Startup Cost": 0.0, "Total Cost": 12.62, "Plan Rows": 25, "Plan Width": 30, "Actual Startup Time": 0.009, "Actual Total Time": 0.04, "Actual Rows": 25, "Actual Loops": 1}, {"Node Type": "Sort", "Parent Relationship": "Inner", "Startup Cost": 535187.15, "Total Cost": 535202.12, "Plan Rows": 5991, "Plan Width": 28, "Actual Startup Time": 7500.23, "Actual Total Time": 7503.032, "Actual Rows": 23929, "Actual Loops": 1, "Sort Key": ["supplier.s_nationkey"], "Sort Method": "quicksort", "Sort Space Used": 3012, "Sort Space Type": "Memory", "Plans": [{"Node Type": "Merge Join", "Parent Relationship": "Outer", "Join Type": "Inner", "Startup Cost": 534601.55, "Total Cost": 534811.25, "Plan Rows": 5991, "Plan Width": 28, "Actual Startup Time": 7471.456, "Actual Total Time": 7493.69, "Actual Rows": 23929, "Actual Loops": 1, "Inner Unique": false, "Merge Cond": "(n1.n_nationkey = customer.c_nationkey)", "Plans": [{"Node Type": "Sort", "Parent Relationship": "Outer", "Startup Cost": 20.8, "Total Cost": 20.81, "Plan Rows": 5, "Plan Width": 4, "Actual Startup Time": 0.032, "Actual Total Time": 0.035, "Actual Rows": 5, "Actual Loops": 1, "Sort Key": ["n1.n_nationkey"], "Sort Method": "quicksort", "Sort Space Used": 25, "Sort Space Type": "Memory", "Plans": [{"Node Type": "Nested Loop", "Parent Relationship": "Outer", "Join Type": "Inner", "Startup Cost": 0.0, "Total Cost": 20.74, "Plan Rows": 5, "Plan Width": 4, "Actual Startup Time": 0.017, "Actual Total Time": 0.023, "Actual Rows": 5, "Actual Loops": 1, "Inner Unique": false, "Plans": [{"Node Type": "Index Scan", "Parent Relationship": "Outer", "Scan Direction": "Forward", "Index Name": "region_pkey", "Relation Name": "region", "Alias": "region", "Startup Cost": 0.0, "Total Cost": 12.34, "Plan Rows": 1, "Plan Width": 4, "Actual Startup Time": 0.008, "Actual Total Time": 0.01, "Actual Rows": 1, "Actual Loops": 1, "Filter": "(r_name = 'ASIA'::bpchar)", "Rows Removed by Filter": 4}, {"Node Type": "Index Scan", "Parent Relationship": "Inner", "Scan Direction": "Forward", "Index Name": "idx_nation_regionkey", "Relation Name": "nation", "Alias": "n1", "Startup Cost": 0.0, "Total Cost": 8.35, "Plan Rows": 5, "Plan Width": 8, "Actual Startup Time": 0.005, "Actual Total Time": 0.008, "Actual Rows": 5, "Actual Loops": 1, "Index Cond": "(n_regionkey = region.r_regionkey)", "Rows Removed by Index Recheck": 0}]}]}, {"Node Type": "Sort", "Parent Relationship": "Inner", "Startup Cost": 534580.75, "Total Cost": 534655.64, "Plan Rows": 29954, "Plan Width": 32, "Actual Startup Time": 7458.168, "Actual Total Time": 7475.612, "Actual Rows": 105359, "Actual Loops": 1, "Sort Key": ["customer.c_nationkey"], "Sort Method": "quicksort", "Sort Space Used": 14300, "Sort Space Type": "Memory", "Plans": [{"Node Type": "Nested Loop", "Parent Relationship": "Outer", "Join Type": "Inner", "Startup Cost": 486464.82, "Total Cost": 532353.6, "Plan Rows": 29954, "Plan Width": 32, "Actual Startup Time": 2736.092, "Actual Total Time": 7408.662, "Actual Rows": 119765, "Actual Loops": 1, "Inner Unique": true, "Plans": [{"Node Type": "Nested Loop", "Parent Relationship": "Outer", "Join Type": "Inner", "Startup Cost": 486464.82, "Total Cost": 516101.73, "Plan Rows": 51198, "Plan Width": 36, "Actual Startup Time": 2736.073, "Actual Total Time": 6464.461, "Actual Rows": 119765, "Actual Loops": 1, "Inner Unique": true, "Plans": [{"Node Type": "Merge Join", "Parent Relationship": "Outer", "Join Type": "Inner", "Startup Cost": 486464.82, "Total Cost": 493168.85, "Plan Rows": 74637, "Plan Width": 28, "Actual Startup Time": 2735.976, "Actual Total Time": 3047.019, "Actual Rows": 395341, "Actual Loops": 1, "Inner Unique": true, "Merge Cond": "(lineitem.l_suppkey = supplier.s_suppkey)", "Plans": [{"Node Type": "Sort", "Parent Relationship": "Outer", "Startup Cost": 486464.79, "Total Cost": 486651.38, "Plan Rows": 74637, "Plan Width": 32, "Actual Startup Time": 2735.907, "Actual Total Time": 2818.961, "Actual Rows": 395341, "Actual Loops": 1, "Sort Key": ["lineitem.l_suppkey"], "Sort Method": "quicksort", "Sort Space Used": 49352, "Sort Space Type": "Memory", "Plans": [{"Node Type": "Nested Loop", "Parent Relationship": "Outer", "Join Type": "Inner", "Startup Cost": 0.0, "Total Cost": 480423.82, "Plan Rows": 74637, "Plan Width": 32, "Actual Startup Time": 0.041, "Actual Total Time": 2587.867, "Actual Rows": 395341, "Actual Loops": 1, "Inner Unique": false, "Plans": [{"Node Type": "Index Scan", "Parent Relationship": "Outer", "Scan Direction": "Forward", "Index Name": "part_kpey", "Relation Name": "part", "Alias": "part", "Startup Cost": 0.0, "Total Cost": 105803.25, "Plan Rows": 13538, "Plan Width": 8, "Actual Startup Time": 0.025, "Actual Total Time": 1401.682, "Actual Rows": 13163, "Actual Loops": 1, "Filter": "((p_type)::text = 'SMALL PLATED COPPER'::text)", "Rows Removed by Filter": 1986837}, {"Node Type": "Index Scan", "Parent Relationship": "Inner", "Scan Direction": "Forward", "Index Name": "idx_lineitem_part_supp", "Relation Name": "lineitem", "Alias": "lineitem", "Startup Cost": 0.0, "Total Cost": 27.61, "Plan Rows": 6, "Plan Width": 40, "Actual Startup Time": 146.531, "Actual Total Time": 1090.511, "Actual Rows": 395341, "Actual Loops": 13163, "Index Cond": "(l_partkey = part.p_partkey)", "Rows Removed by Index Recheck": 0}]}]}, {"Node Type": "Index Scan", "Parent Relationship": "Inner", "Scan Direction": "Forward", "Index Name": "supplier_pkey", "Relation Name": "supplier", "Alias": "supplier", "Startup Cost": 0.0, "Total Cost": 5334.54, "Plan Rows": 100000, "Plan Width": 12, "Actual Startup Time": 0.047, "Actual Total Time": 71.363, "Actual Rows": 99998, "Actual Loops": 1}]}, {"Node Type": "Index Scan", "Parent Relationship": "Inner", "Scan Direction": "Forward", "Index Name": "orders_pkey", "Relation Name": "orders", "Alias": "orders", "Startup Cost": 0.0, "Total Cost": 0.3, "Plan Rows": 1, "Plan Width": 24, "Actual Startup Time": 3181.717, "Actual Total Time": 3181.717, "Actual Rows": 119765, "Actual Loops": 395341, "Index Cond": "(o_orderkey = lineitem.l_orderkey)", "Rows Removed by Index Recheck": 0, "Filter": "((o_orderdate >= '1995-01-01 00:00:00'::timestamp(0) without time zone) AND (o_orderdate <= '1996-12-31 00:00:00'::timestamp(0) without time zone))", "Rows Removed by Filter": 275576}]}, {"Node Type": "Index Scan", "Parent Relationship": "Inner", "Scan Direction": "Forward", "Index Name": "customer_pkey", "Relation Name": "customer", "Alias": "customer", "Startup Cost": 0.0, "Total Cost": 0.31, "Plan Rows": 1, "Plan Width": 12, "Actual Startup Time": 842.853, "Actual Total Time": 842.853, "Actual Rows": 119765, "Actual Loops": 119765, "Index Cond": "(c_custkey = orders.o_custkey)", "Rows Removed by Index Recheck": 0}]}]}]}]}]}]}]}, "Triggers": [], "Planner Runtime": 6, "Total Runtime": 7536.39, "Unique SQL Id": 3681808042}}, "(64, 90)": {"explain_plan": {"Plan": {"Node Type": "Sort", "Startup Cost": 11405902.62, "Total Cost": 11405902.65, "Plan Rows": 10, "Plan Width": 66, "Sort Key": ["(date_part('year'::text, orders.o_orderdate))"], "Plans": [{"Node Type": "Aggregate", "Strategy": "Hashed", "Parent Relationship": "Outer", "Startup Cost": 11405902.3, "Total Cost": 11405902.45, "Plan Rows": 10, "Plan Width": 66, "Group By Key": ["date_part('year'::text, orders.o_orderdate)"], "Plans": [{"Node Type": "Merge Join", "Parent Relationship": "Outer", "Join Type": "Inner", "Startup Cost": 11405677.52, "Total Cost": 11405782.48, "Plan Rows": 5991, "Plan Width": 50, "Inner Unique": false, "Merge Cond": "(n2.n_nationkey = supplier.s_nationkey)", "Plans": [{"Node Type": "Sort", "Parent Relationship": "Outer", "Startup Cost": 1.83, "Total Cost": 1.89, "Plan Rows": 25, "Plan Width": 30, "Sort Key": ["n2.n_nationkey"], "Plans": [{"Node Type": "Seq Scan", "Parent Relationship": "Outer", "Relation Name": "nation", "Alias": "n2", "Startup Cost": 0.0, "Total Cost": 1.25, "Plan Rows": 25, "Plan Width": 30}]}, {"Node Type": "Sort", "Parent Relationship": "Inner", "Startup Cost": 11405675.69, "Total Cost": 11405690.66, "Plan Rows": 5991, "Plan Width": 28, "Sort Key": ["supplier.s_nationkey"], "Plans": [{"Node Type": "Merge Join", "Parent Relationship": "Outer", "Join Type": "Inner", "Startup Cost": 11405090.09, "Total Cost": 11405299.79, "Plan Rows": 5991, "Plan Width": 28, "Inner Unique": false, "Merge Cond": "(n1.n_nationkey = customer.c_nationkey)", "Plans": [{"Node Type": "Sort", "Parent Relationship": "Outer", "Startup Cost": 3.14, "Total Cost": 3.16, "Plan Rows": 5, "Plan Width": 4, "Sort Key": ["n1.n_nationkey"], "Plans": [{"Node Type": "Merge Join", "Parent Relationship": "Outer", "Join Type": "Inner", "Startup Cost": 2.9, "Total Cost": 3.09, "Plan Rows": 5, "Plan Width": 4, "Inner Unique": false, "Merge Cond": "(region.r_regionkey = n1.n_regionkey)", "Plans": [{"Node Type": "Sort", "Parent Relationship": "Outer", "Startup Cost": 1.07, "Total Cost": 1.08, "Plan Rows": 1, "Plan Width": 4, "Sort Key": ["region.r_regionkey"], "Plans": [{"Node Type": "Seq Scan", "Parent Relationship": "Outer", "Relation Name": "region", "Alias": "region", "Startup Cost": 0.0, "Total Cost": 1.06, "Plan Rows": 1, "Plan Width": 4, "Filter": "(r_name = 'ASIA'::bpchar)"}]}, {"Node Type": "Sort", "Parent Relationship": "Inner", "Startup Cost": 1.83, "Total Cost": 1.89, "Plan Rows": 25, "Plan Width": 8, "Sort Key": ["n1.n_regionkey"], "Plans": [{"Node Type": "Seq Scan", "Parent Relationship": "Outer", "Relation Name": "nation", "Alias": "n1", "Startup Cost": 0.0, "Total Cost": 1.25, "Plan Rows": 25, "Plan Width": 8}]}]}]}, {"Node Type": "Sort", "Parent Relationship": "Inner", "Startup Cost": 11405086.95, "Total Cost": 11405161.83, "Plan Rows": 29954, "Plan Width": 32, "Sort Key": ["customer.c_nationkey"], "Plans": [{"Node Type": "Merge Join", "Parent Relationship": "Outer", "Join Type": "Inner", "Startup Cost": 11394804.48, "Total Cost": 11402859.8, "Plan Rows": 29954, "Plan Width": 32, "Inner Unique": true, "Merge Cond": "(orders.o_custkey = customer.c_custkey)", "Plans": [{"Node Type": "Sort", "Parent Relationship": "Outer", "Startup Cost": 11188804.29, "Total Cost": 11188932.29, "Plan Rows": 51198, "Plan Width": 36, "Sort Key": ["orders.o_custkey"], "Plans": [{"Node Type": "Merge Join", "Parent Relationship": "Outer", "Join Type": "Inner", "Startup Cost": 11161255.48, "Total Cost": 11184799.64, "Plan Rows": 51198, "Plan Width": 36, "Inner Unique": true, "Merge Cond": "(lineitem.l_orderkey = orders.o_orderkey)", "Plans": [{"Node Type": "Sort", "Parent Relationship": "Outer", "Startup Cost": 10158795.85, "Total Cost": 10158982.44, "Plan Rows": 74637, "Plan Width": 28, "Sort Key": ["lineitem.l_orderkey"], "Plans": [{"Node Type": "Merge Join", "Parent Relationship": "Outer", "Join Type": "Inner", "Startup Cost": 10151135.39, "Total Cost": 10152754.88, "Plan Rows": 74637, "Plan Width": 28, "Inner Unique": true, "Merge Cond": "(lineitem.l_suppkey = supplier.s_suppkey)", "Plans": [{"Node Type": "Sort", "Parent Relationship": "Outer", "Startup Cost": 10139547.54, "Total Cost": 10139734.13, "Plan Rows": 74637, "Plan Width": 32, "Sort Key": ["lineitem.l_suppkey"], "Plans": [{"Node Type": "Merge Join", "Parent Relationship": "Outer", "Join Type": "Inner", "Startup Cost": 9832757.35, "Total Cost": 10133506.57, "Plan Rows": 74637, "Plan Width": 32, "Inner Unique": false, "Merge Cond": "(part.p_partkey = lineitem.l_partkey)", "Plans": [{"Node Type": "Sort", "Parent Relationship": "Outer", "Startup Cost": 67873.03, "Total Cost": 67906.87, "Plan Rows": 13538, "Plan Width": 8, "Sort Key": ["part.p_partkey"], "Plans": [{"Node Type": "Seq Scan", "Parent Relationship": "Outer", "Relation Name": "part", "Alias": "part", "Startup Cost": 0.0, "Total Cost": 66944.0, "Plan Rows": 13538, "Plan Width": 8, "Filter": "((p_type)::text = 'SMALL PLATED COPPER'::text)"}]}, {"Node Type": "Sort", "Parent Relationship": "Inner", "Startup Cost": 9764884.32, "Total Cost": 9914851.9, "Plan Rows": 59987033, "Plan Width": 40, "Sort Key": ["lineitem.l_partkey"], "Plans": [{"Node Type": "Seq Scan", "Parent Relationship": "Outer", "Relation Name": "lineitem", "Alias": "lineitem", "Startup Cost": 0.0, "Total Cost": 2015115.33, "Plan Rows": 59987033, "Plan Width": 40}]}]}]}, {"Node Type": "Sort", "Parent Relationship": "Inner", "Startup Cost": 11587.82, "Total Cost": 11837.82, "Plan Rows": 100000, "Plan Width": 12, "Sort Key": ["supplier.s_suppkey"], "Plans": [{"Node Type": "Seq Scan", "Parent Relationship": "Outer", "Relation Name": "supplier", "Alias": "supplier", "Startup Cost": 0.0, "Total Cost": 3283.0, "Plan Rows": 100000, "Plan Width": 12}]}]}]}, {"Node Type": "Sort", "Parent Relationship": "Inner", "Startup Cost": 1002458.79, "Total Cost": 1013788.71, "Plan Rows": 4531967, "Plan Width": 24, "Sort Key": ["orders.o_orderkey"], "Plans": [{"Node Type": "Seq Scan", "Parent Relationship": "Outer", "Relation Name": "orders", "Alias": "orders", "Startup Cost": 195.31, "Total Cost": 501411.18, "Plan Rows": 4531967, "Plan Width": 24, "Filter": "((o_orderdate >= '1995-01-01 00:00:00'::timestamp(0) without time zone) AND (o_orderdate <= '1996-12-31 00:00:00'::timestamp(0) without time zone)), (LLVM Optimized)"}]}]}]}, {"Node Type": "Sort", "Parent Relationship": "Inner", "Startup Cost": 205999.98, "Total Cost": 209749.98, "Plan Rows": 1500000, "Plan Width": 12, "Sort Key": ["customer.c_custkey"], "Plans": [{"Node Type": "Seq Scan", "Parent Relationship": "Outer", "Relation Name": "customer", "Alias": "customer", "Startup Cost": 0.0, "Total Cost": 52126.0, "Plan Rows": 1500000, "Plan Width": 12}]}]}]}]}]}]}]}]}, "Unique SQL Id": 3681808042, "Planner Runtime": 6}, "explain_analyze_plan": null}, "(64, 91)": {"explain_plan": {"Plan": {"Node Type": "Sort", "Startup Cost": 8000413660073.44, "Total Cost": 8000413660073.47, "Plan Rows": 10, "Plan Width": 66, "Sort Key": ["(date_part('year'::text, orders.o_orderdate))"], "Plans": [{"Node Type": "Aggregate", "Strategy": "Hashed", "Parent Relationship": "Outer", "Startup Cost": 8000413660073.13, "Total Cost": 8000413660073.28, "Plan Rows": 10, "Plan Width": 66, "Group By Key": ["date_part('year'::text, orders.o_orderdate)"], "Plans": [{"Node Type": "Merge Join", "Parent Relationship": "Outer", "Join Type": "Inner", "Startup Cost": 7010413658075.55, "Total Cost": 8000413659727.21, "Plan Rows": 17296, "Plan Width": 50, "Inner Unique": true, "Merge Cond": "(supplier.s_nationkey = n2.n_nationkey)", "Plans": [{"Node Type": "Sort", "Parent Relationship": "Outer", "Startup Cost": 7000413658075.55, "Total Cost": 7000413658118.79, "Plan Rows": 17296, "Plan Width": 28, "Sort Key": ["supplier.s_nationkey"], "Plans": [{"Node Type": "Merge Join", "Parent Relationship": "Outer", "Join Type": "Inner", "Startup Cost": 6010413122985.77, "Total Cost": 7000413656858.07, "Plan Rows": 17296, "Plan Width": 28, "Inner Unique": true, "Merge Cond": "(lineitem.l_suppkey = supplier.s_suppkey)", "Plans": [{"Node Type": "Sort", "Parent Relationship": "Outer", "Startup Cost": 6000413122985.76, "Total Cost": 6000413123029.0, "Plan Rows": 17296, "Plan Width": 32, "Sort Key": ["lineitem.l_suppkey"], "Plans": [{"Node Type": "Merge Join", "Parent Relationship": "Outer", "Join Type": "Inner", "Startup Cost": 5010413119842.7, "Total Cost": 6000413121768.28, "Plan Rows": 17296, "Plan Width": 32, "Inner Unique": true, "Merge Cond": "(n1.n_regionkey = region.r_regionkey)", "Plans": [{"Node Type": "Sort", "Parent Relationship": "Outer", "Startup Cost": 5000413119842.7, "Total Cost": 5000413120058.89, "Plan Rows": 86479, "Plan Width": 36, "Sort Key": ["n1.n_regionkey"], "Plans": [{"Node Type": "Merge Join", "Parent Relationship": "Outer", "Join Type": "Inner", "Startup Cost": 4010413110191.64, "Total Cost": 5000413112751.39, "Plan Rows": 86479, "Plan Width": 36, "Inner Unique": false, "Merge Cond": "(n1.n_nationkey = customer.c_nationkey)", "Plans": [{"Node Type": "Index Scan", "Parent Relationship": "Outer", "Scan Direction": "Forward", "Index Name": "nation_pkey", "Relation Name": "nation", "Alias": "n1", "Startup Cost": 10000000000.0, "Total Cost": 1000000001262.5, "Plan Rows": 25, "Plan Width": 8}, {"Node Type": "Sort", "Parent Relationship": "Inner", "Startup Cost": 4000413110191.64, "Total Cost": 4000413110407.84, "Plan Rows": 86479, "Plan Width": 36, "Sort Key": ["customer.c_nationkey"], "Plans": [{"Node Type": "Merge Join", "Parent Relationship": "Outer", "Join Type": "Inner", "Startup Cost": 3010432081738.41, "Total Cost": 4000413103100.34, "Plan Rows": 86479, "Plan Width": 36, "Inner Unique": true, "Merge Cond": "(orders.o_custkey = customer.c_custkey)", "Plans": [{"Node Type": "Sort", "Parent Relationship": "Outer", "Startup Cost": 3000405021517.55, "Total Cost": 3000405021733.74, "Plan Rows": 86479, "Plan Width": 40, "Sort Key": ["orders.o_custkey"], "Plans": [{"Node Type": "Merge Join", "Parent Relationship": "Outer", "Join Type": "Inner", "Startup Cost": 2010467355835.36, "Total Cost": 3000405014426.24, "Plan Rows": 86479, "Plan Width": 40, "Inner Unique": true, "Merge Cond": "(lineitem.l_partkey = part.p_partkey)", "Plans": [{"Node Type": "Sort", "Parent Relationship": "Outer", "Startup Cost": 2000394227560.84, "Total Cost": 2000394330431.79, "Plan Rows": 41148382, "Plan Width": 48, "Sort Key": ["lineitem.l_partkey"], "Plans": [{"Node Type": "Merge Join", "Parent Relationship": "Outer", "Join Type": "Inner", "Startup Cost": 20036483818.55, "Total Cost": 2000389023456.58, "Plan Rows": 41148382, "Plan Width": 48, "Inner Unique": false, "Merge Cond": "(orders.o_orderkey = lineitem.l_orderkey)", "Plans": [{"Node Type": "Index Scan", "Parent Relationship": "Outer", "Scan Direction": "Forward", "Index Name": "orders_pkey", "Relation Name": "orders", "Alias": "orders", "Startup Cost": 10000000000.0, "Total Cost": 1000080597583.0, "Plan Rows": 4531967, "Plan Width": 24, "Filter": "((o_orderdate >= '1995-01-01 00:00:00'::timestamp(0) without time zone) AND (o_orderdate <= '1996-12-31 00:00:00'::timestamp(0) without time zone)), (LLVM Optimized)"}, {"Node Type": "Index Scan", "Parent Relationship": "Inner", "Scan Direction": "Forward", "Index Name": "idx_lineitem_orderkey", "Relation Name": "lineitem", "Alias": "lineitem", "Startup Cost": 10000000000.0, "Total Cost": 1000324015374.5, "Plan Rows": 59987033, "Plan Width": 40}]}]}, {"Node Type": "Materialize", "Parent Relationship": "Inner", "Startup Cost": 10000000000.0, "Total Cost": 1000010580358.84, "Plan Rows": 13538, "Plan Width": 8, "Plans": [{"Node Type": "Index Scan", "Parent Relationship": "Outer", "Scan Direction": "Forward", "Index Name": "part_kpey", "Relation Name": "part", "Alias": "part", "Startup Cost": 10000000000.0, "Total Cost": 1000010580325.0, "Plan Rows": 13538, "Plan Width": 8, "Filter": "((p_type)::text = 'SMALL PLATED COPPER'::text)"}]}]}]}, {"Node Type": "Index Scan", "Parent Relationship": "Inner", "Scan Direction": "Forward", "Index Name": "customer_pkey", "Relation Name": "customer", "Alias": "customer", "Startup Cost": 10000000000.0, "Total Cost": 1000008076535.62, "Plan Rows": 1500000, "Plan Width": 12}]}]}]}]}, {"Node Type": "Materialize", "Parent Relationship": "Inner", "Startup Cost": 10000000000.0, "Total Cost": 1000000001233.75, "Plan Rows": 1, "Plan Width": 4, "Plans": [{"Node Type": "Index Scan", "Parent Relationship": "Outer", "Scan Direction": "Forward", "Index Name": "region_pkey", "Relation Name": "region", "Alias": "region", "Startup Cost": 10000000000.0, "Total Cost": 1000000001233.75, "Plan Rows": 1, "Plan Width": 4, "Filter": "(r_name = 'ASIA'::bpchar)"}]}]}]}, {"Node Type": "Index Scan", "Parent Relationship": "Inner", "Scan Direction": "Forward", "Index Name": "supplier_pkey", "Relation Name": "supplier", "Alias": "supplier", "Startup Cost": 10000000000.0, "Total Cost": 1000000533454.38, "Plan Rows": 100000, "Plan Width": 12}]}]}, {"Node Type": "Materialize", "Parent Relationship": "Inner", "Startup Cost": 10000000000.0, "Total Cost": 1000000001262.56, "Plan Rows": 25, "Plan Width": 30, "Plans": [{"Node Type": "Index Scan", "Parent Relationship": "Outer", "Scan Direction": "Forward", "Index Name": "nation_pkey", "Relation Name": "nation", "Alias": "n2", "Startup Cost": 10000000000.0, "Total Cost": 1000000001262.5, "Plan Rows": 25, "Plan Width": 30}]}]}]}]}, "Unique SQL Id": 3681808042, "Planner Runtime": 14}, "explain_analyze_plan": null}, "(64, 92)": {"explain_plan": {"Plan": {"Node Type": "Sort", "Startup Cost": 496537.18, "Total Cost": 496537.2, "Plan Rows": 10, "Plan Width": 66, "Sort Key": ["(date_part('year'::text, orders.o_orderdate))"], "Plans": [{"Node Type": "Aggregate", "Strategy": "Hashed", "Parent Relationship": "Outer", "Startup Cost": 496536.86, "Total Cost": 496537.01, "Plan Rows": 10, "Plan Width": 66, "Group By Key": ["date_part('year'::text, orders.o_orderdate)"], "Plans": [{"Node Type": "Merge Join", "Parent Relationship": "Outer", "Join Type": "Inner", "Startup Cost": 496312.07, "Total Cost": 496417.04, "Plan Rows": 5991, "Plan Width": 50, "Inner Unique": false, "Merge Cond": "(n2.n_nationkey = supplier.s_nationkey)", "Plans": [{"Node Type": "Sort", "Parent Relationship": "Outer", "Startup Cost": 1.83, "Total Cost": 1.89, "Plan Rows": 25, "Plan Width": 30, "Sort Key": ["n2.n_nationkey"], "Plans": [{"Node Type": "Seq Scan", "Parent Relationship": "Outer", "Relation Name": "nation", "Alias": "n2", "Startup Cost": 0.0, "Total Cost": 1.25, "Plan Rows": 25, "Plan Width": 30}]}, {"Node Type": "Sort", "Parent Relationship": "Inner", "Startup Cost": 496310.24, "Total Cost": 496325.22, "Plan Rows": 5991, "Plan Width": 28, "Sort Key": ["supplier.s_nationkey"], "Plans": [{"Node Type": "Merge Join", "Parent Relationship": "Outer", "Join Type": "Inner", "Startup Cost": 495724.65, "Total Cost": 495934.35, "Plan Rows": 5991, "Plan Width": 28, "Inner Unique": false, "Merge Cond": "(n1.n_nationkey = customer.c_nationkey)", "Plans": [{"Node Type": "Sort", "Parent Relationship": "Outer", "Startup Cost": 3.14, "Total Cost": 3.16, "Plan Rows": 5, "Plan Width": 4, "Sort Key": ["n1.n_nationkey"], "Plans": [{"Node Type": "Merge Join", "Parent Relationship": "Outer", "Join Type": "Inner", "Startup Cost": 2.9, "Total Cost": 3.09, "Plan Rows": 5, "Plan Width": 4, "Inner Unique": false, "Merge Cond": "(region.r_regionkey = n1.n_regionkey)", "Plans": [{"Node Type": "Sort", "Parent Relationship": "Outer", "Startup Cost": 1.07, "Total Cost": 1.08, "Plan Rows": 1, "Plan Width": 4, "Sort Key": ["region.r_regionkey"], "Plans": [{"Node Type": "Seq Scan", "Parent Relationship": "Outer", "Relation Name": "region", "Alias": "region", "Startup Cost": 0.0, "Total Cost": 1.06, "Plan Rows": 1, "Plan Width": 4, "Filter": "(r_name = 'ASIA'::bpchar)"}]}, {"Node Type": "Sort", "Parent Relationship": "Inner", "Startup Cost": 1.83, "Total Cost": 1.89, "Plan Rows": 25, "Plan Width": 8, "Sort Key": ["n1.n_regionkey"], "Plans": [{"Node Type": "Seq Scan", "Parent Relationship": "Outer", "Relation Name": "nation", "Alias": "n1", "Startup Cost": 0.0, "Total Cost": 1.25, "Plan Rows": 25, "Plan Width": 8}]}]}]}, {"Node Type": "Sort", "Parent Relationship": "Inner", "Startup Cost": 495721.5, "Total Cost": 495796.39, "Plan Rows": 29954, "Plan Width": 32, "Sort Key": ["customer.c_nationkey"], "Plans": [{"Node Type": "Nested Loop", "Parent Relationship": "Outer", "Join Type": "Inner", "Startup Cost": 447605.57, "Total Cost": 493494.35, "Plan Rows": 29954, "Plan Width": 32, "Inner Unique": true, "Plans": [{"Node Type": "Nested Loop", "Parent Relationship": "Outer", "Join Type": "Inner", "Startup Cost": 447605.57, "Total Cost": 477242.48, "Plan Rows": 51198, "Plan Width": 36, "Inner Unique": true, "Plans": [{"Node Type": "Merge Join", "Parent Relationship": "Outer", "Join Type": "Inner", "Startup Cost": 447605.57, "Total Cost": 454309.6, "Plan Rows": 74637, "Plan Width": 28, "Inner Unique": false, "Merge Cond": "(supplier.s_suppkey = lineitem.l_suppkey)", "Plans": [{"Node Type": "Index Scan", "Parent Relationship": "Outer", "Scan Direction": "Forward", "Index Name": "supplier_pkey", "Relation Name": "supplier", "Alias": "supplier", "Startup Cost": 0.0, "Total Cost": 5334.54, "Plan Rows": 100000, "Plan Width": 12}, {"Node Type": "Sort", "Parent Relationship": "Inner", "Startup Cost": 447605.54, "Total Cost": 447792.13, "Plan Rows": 74637, "Plan Width": 32, "Sort Key": ["lineitem.l_suppkey"], "Plans": [{"Node Type": "Nested Loop", "Parent Relationship": "Outer", "Join Type": "Inner", "Startup Cost": 0.0, "Total Cost": 441564.57, "Plan Rows": 74637, "Plan Width": 32, "Inner Unique": false, "Plans": [{"Node Type": "Seq Scan", "Parent Relationship": "Outer", "Relation Name": "part", "Alias": "part", "Startup Cost": 0.0, "Total Cost": 66944.0, "Plan Rows": 13538, "Plan Width": 8, "Filter": "((p_type)::text = 'SMALL PLATED COPPER'::text)"}, {"Node Type": "Index Scan", "Parent Relationship": "Inner", "Scan Direction": "Forward", "Index Name": "idx_lineitem_part_supp", "Relation Name": "lineitem", "Alias": "lineitem", "Startup Cost": 0.0, "Total Cost": 27.61, "Plan Rows": 6, "Plan Width": 40, "Index Cond": "(l_partkey = part.p_partkey)"}]}]}]}, {"Node Type": "Index Scan", "Parent Relationship": "Inner", "Scan Direction": "Forward", "Index Name": "orders_pkey", "Relation Name": "orders", "Alias": "orders", "Startup Cost": 0.0, "Total Cost": 0.3, "Plan Rows": 1, "Plan Width": 24, "Index Cond": "(o_orderkey = lineitem.l_orderkey)", "Filter": "((o_orderdate >= '1995-01-01 00:00:00'::timestamp(0) without time zone) AND (o_orderdate <= '1996-12-31 00:00:00'::timestamp(0) without time zone))"}]}, {"Node Type": "Index Scan", "Parent Relationship": "Inner", "Scan Direction": "Forward", "Index Name": "customer_pkey", "Relation Name": "customer", "Alias": "customer", "Startup Cost": 0.0, "Total Cost": 0.31, "Plan Rows": 1, "Plan Width": 12, "Index Cond": "(c_custkey = orders.o_custkey)"}]}]}]}]}]}]}]}, "Unique SQL Id": 3681808042, "Planner Runtime": 7}, "explain_analyze_plan": {"Plan": {"Node Type": "Sort", "Startup Cost": 496537.18, "Total Cost": 496537.2, "Plan Rows": 10, "Plan Width": 66, "Actual Startup Time": 6422.433, "Actual Total Time": 6422.434, "Actual Rows": 2, "Actual Loops": 1, "Sort Key": ["(date_part('year'::text, orders.o_orderdate))"], "Sort Method": "quicksort", "Sort Space Used": 25, "Sort Space Type": "Memory", "Plans": [{"Node Type": "Aggregate", "Strategy": "Hashed", "Parent Relationship": "Outer", "Startup Cost": 496536.86, "Total Cost": 496537.01, "Plan Rows": 10, "Plan Width": 66, "Actual Startup Time": 6422.417, "Actual Total Time": 6422.418, "Actual Rows": 2, "Actual Loops": 1, "Group By Key": ["date_part('year'::text, orders.o_orderdate)"], "Plans": [{"Node Type": "Merge Join", "Parent Relationship": "Outer", "Join Type": "Inner", "Startup Cost": 496312.07, "Total Cost": 496417.04, "Plan Rows": 5991, "Plan Width": 50, "Actual Startup Time": 6385.342, "Actual Total Time": 6403.295, "Actual Rows": 23929, "Actual Loops": 1, "Inner Unique": false, "Merge Cond": "(n2.n_nationkey = supplier.s_nationkey)", "Plans": [{"Node Type": "Sort", "Parent Relationship": "Outer", "Startup Cost": 1.83, "Total Cost": 1.89, "Plan Rows": 25, "Plan Width": 30, "Actual Startup Time": 0.035, "Actual Total Time": 0.041, "Actual Rows": 25, "Actual Loops": 1, "Sort Key": ["n2.n_nationkey"], "Sort Method": "quicksort", "Sort Space Used": 27, "Sort Space Type": "Memory", "Plans": [{"Node Type": "Seq Scan", "Parent Relationship": "Outer", "Relation Name": "nation", "Alias": "n2", "Startup Cost": 0.0, "Total Cost": 1.25, "Plan Rows": 25, "Plan Width": 30, "Actual Startup Time": 0.013, "Actual Total Time": 0.018, "Actual Rows": 25, "Actual Loops": 1}]}, {"Node Type": "Sort", "Parent Relationship": "Inner", "Startup Cost": 496310.24, "Total Cost": 496325.22, "Plan Rows": 5991, "Plan Width": 28, "Actual Startup Time": 6385.182, "Actual Total Time": 6389.889, "Actual Rows": 23929, "Actual Loops": 1, "Sort Key": ["supplier.s_nationkey"], "Sort Method": "quicksort", "Sort Space Used": 3012, "Sort Space Type": "Memory", "Plans": [{"Node Type": "Merge Join", "Parent Relationship": "Outer", "Join Type": "Inner", "Startup Cost": 495724.65, "Total Cost": 495934.35, "Plan Rows": 5991, "Plan Width": 28, "Actual Startup Time": 6354.497, "Actual Total Time": 6378.303, "Actual Rows": 23929, "Actual Loops": 1, "Inner Unique": false, "Merge Cond": "(n1.n_nationkey = customer.c_nationkey)", "Plans": [{"Node Type": "Sort", "Parent Relationship": "Outer", "Startup Cost": 3.14, "Total Cost": 3.16, "Plan Rows": 5, "Plan Width": 4, "Actual Startup Time": 0.048, "Actual Total Time": 0.049, "Actual Rows": 5, "Actual Loops": 1, "Sort Key": ["n1.n_nationkey"], "Sort Method": "quicksort", "Sort Space Used": 25, "Sort Space Type": "Memory", "Plans": [{"Node Type": "Merge Join", "Parent Relationship": "Outer", "Join Type": "Inner", "Startup Cost": 2.9, "Total Cost": 3.09, "Plan Rows": 5, "Plan Width": 4, "Actual Startup Time": 0.038, "Actual Total Time": 0.041, "Actual Rows": 5, "Actual Loops": 1, "Inner Unique": false, "Merge Cond": "(region.r_regionkey = n1.n_regionkey)", "Plans": [{"Node Type": "Sort", "Parent Relationship": "Outer", "Startup Cost": 1.07, "Total Cost": 1.08, "Plan Rows": 1, "Plan Width": 4, "Actual Startup Time": 0.012, "Actual Total Time": 0.012, "Actual Rows": 1, "Actual Loops": 1, "Sort Key": ["region.r_regionkey"], "Sort Method": "quicksort", "Sort Space Used": 25, "Sort Space Type": "Memory", "Plans": [{"Node Type": "Seq Scan", "Parent Relationship": "Outer", "Relation Name": "region", "Alias": "region", "Startup Cost": 0.0, "Total Cost": 1.06, "Plan Rows": 1, "Plan Width": 4, "Actual Startup Time": 0.008, "Actual Total Time": 0.009, "Actual Rows": 1, "Actual Loops": 1, "Filter": "(r_name = 'ASIA'::bpchar)", "Rows Removed by Filter": 4}]}, {"Node Type": "Sort", "Parent Relationship": "Inner", "Startup Cost": 1.83, "Total Cost": 1.89, "Plan Rows": 25, "Plan Width": 8, "Actual Startup Time": 0.02, "Actual Total Time": 0.021, "Actual Rows": 16, "Actual Loops": 1, "Sort Key": ["n1.n_regionkey"], "Sort Method": "quicksort", "Sort Space Used": 26, "Sort Space Type": "Memory", "Plans": [{"Node Type": "Seq Scan", "Parent Relationship": "Outer", "Relation Name": "nation", "Alias": "n1", "Startup Cost": 0.0, "Total Cost": 1.25, "Plan Rows": 25, "Plan Width": 8, "Actual Startup Time": 0.005, "Actual Total Time": 0.011, "Actual Rows": 25, "Actual Loops": 1}]}]}]}, {"Node Type": "Sort", "Parent Relationship": "Inner", "Startup Cost": 495721.5, "Total Cost": 495796.39, "Plan Rows": 29954, "Plan Width": 32, "Actual Startup Time": 6341.223, "Actual Total Time": 6359.955, "Actual Rows": 105359, "Actual Loops": 1, "Sort Key": ["customer.c_nationkey"], "Sort Method": "quicksort", "Sort Space Used": 14300, "Sort Space Type": "Memory", "Plans": [{"Node Type": "Nested Loop", "Parent Relationship": "Outer", "Join Type": "Inner", "Startup Cost": 447605.57, "Total Cost": 493494.35, "Plan Rows": 29954, "Plan Width": 32, "Actual Startup Time": 2082.45, "Actual Total Time": 6290.14, "Actual Rows": 119765, "Actual Loops": 1, "Inner Unique": true, "Plans": [{"Node Type": "Nested Loop", "Parent Relationship": "Outer", "Join Type": "Inner", "Startup Cost": 447605.57, "Total Cost": 477242.48, "Plan Rows": 51198, "Plan Width": 36, "Actual Startup Time": 2082.43, "Actual Total Time": 5474.397, "Actual Rows": 119765, "Actual Loops": 1, "Inner Unique": true, "Plans": [{"Node Type": "Merge Join", "Parent Relationship": "Outer", "Join Type": "Inner", "Startup Cost": 447605.57, "Total Cost": 454309.6, "Plan Rows": 74637, "Plan Width": 28, "Actual Startup Time": 2082.323, "Actual Total Time": 2383.378, "Actual Rows": 395341, "Actual Loops": 1, "Inner Unique": false, "Merge Cond": "(supplier.s_suppkey = lineitem.l_suppkey)", "Plans": [{"Node Type": "Index Scan", "Parent Relationship": "Outer", "Scan Direction": "Forward", "Index Name": "supplier_pkey", "Relation Name": "supplier", "Alias": "supplier", "Startup Cost": 0.0, "Total Cost": 5334.54, "Plan Rows": 100000, "Plan Width": 12, "Actual Startup Time": 0.021, "Actual Total Time": 63.117, "Actual Rows": 99999, "Actual Loops": 1}, {"Node Type": "Sort", "Parent Relationship": "Inner", "Startup Cost": 447605.54, "Total Cost": 447792.13, "Plan Rows": 74637, "Plan Width": 32, "Actual Startup Time": 2082.286, "Actual Total Time": 2166.49, "Actual Rows": 395341, "Actual Loops": 1, "Sort Key": ["lineitem.l_suppkey"], "Sort Method": "quicksort", "Sort Space Used": 49352, "Sort Space Type": "Memory", "Plans": [{"Node Type": "Nested Loop", "Parent Relationship": "Outer", "Join Type": "Inner", "Startup Cost": 0.0, "Total Cost": 441564.57, "Plan Rows": 74637, "Plan Width": 32, "Actual Startup Time": 0.031, "Actual Total Time": 1932.399, "Actual Rows": 395341, "Actual Loops": 1, "Inner Unique": false, "Plans": [{"Node Type": "Seq Scan", "Parent Relationship": "Outer", "Relation Name": "part", "Alias": "part", "Startup Cost": 0.0, "Total Cost": 66944.0, "Plan Rows": 13538, "Plan Width": 8, "Actual Startup Time": 0.015, "Actual Total Time": 757.404, "Actual Rows": 13163, "Actual Loops": 1, "Filter": "((p_type)::text = 'SMALL PLATED COPPER'::text)", "Rows Removed by Filter": 1986837}, {"Node Type": "Index Scan", "Parent Relationship": "Inner", "Scan Direction": "Forward", "Index Name": "idx_lineitem_part_supp", "Relation Name": "lineitem", "Alias": "lineitem", "Startup Cost": 0.0, "Total Cost": 27.61, "Plan Rows": 6, "Plan Width": 40, "Actual Startup Time": 146.86, "Actual Total Time": 1082.179, "Actual Rows": 395341, "Actual Loops": 13163, "Index Cond": "(l_partkey = part.p_partkey)", "Rows Removed by Index Recheck": 0}]}]}]}, {"Node Type": "Index Scan", "Parent Relationship": "Inner", "Scan Direction": "Forward", "Index Name": "orders_pkey", "Relation Name": "orders", "Alias": "orders", "Startup Cost": 0.0, "Total Cost": 0.3, "Plan Rows": 1, "Plan Width": 24, "Actual Startup Time": 2854.382, "Actual Total Time": 2854.382, "Actual Rows": 119765, "Actual Loops": 395341, "Index Cond": "(o_orderkey = lineitem.l_orderkey)", "Rows Removed by Index Recheck": 0, "Filter": "((o_orderdate >= '1995-01-01 00:00:00'::timestamp(0) without time zone) AND (o_orderdate <= '1996-12-31 00:00:00'::timestamp(0) without time zone))", "Rows Removed by Filter": 275576}]}, {"Node Type": "Index Scan", "Parent Relationship": "Inner", "Scan Direction": "Forward", "Index Name": "customer_pkey", "Relation Name": "customer", "Alias": "customer", "Startup Cost": 0.0, "Total Cost": 0.31, "Plan Rows": 1, "Plan Width": 12, "Actual Startup Time": 713.504, "Actual Total Time": 713.504, "Actual Rows": 119765, "Actual Loops": 119765, "Index Cond": "(c_custkey = orders.o_custkey)", "Rows Removed by Index Recheck": 0}]}]}]}]}]}]}]}, "Triggers": [], "Planner Runtime": 7, "Total Runtime": 6422.818, "Unique SQL Id": 3681808042}}, "(64, 93)": {"explain_plan": {"Plan": {"Node Type": "Sort", "Startup Cost": 535424.81, "Total Cost": 535424.84, "Plan Rows": 10, "Plan Width": 66, "Sort Key": ["(date_part('year'::text, orders.o_orderdate))"], "Plans": [{"Node Type": "Aggregate", "Strategy": "Hashed", "Parent Relationship": "Outer", "Startup Cost": 535424.5, "Total Cost": 535424.65, "Plan Rows": 10, "Plan Width": 66, "Group By Key": ["date_part('year'::text, orders.o_orderdate)"], "Plans": [{"Node Type": "Merge Join", "Parent Relationship": "Outer", "Join Type": "Inner", "Startup Cost": 535187.15, "Total Cost": 535304.68, "Plan Rows": 5991, "Plan Width": 50, "Inner Unique": false, "Merge Cond": "(n2.n_nationkey = supplier.s_nationkey)", "Plans": [{"Node Type": "Index Scan", "Parent Relationship": "Outer", "Scan Direction": "Forward", "Index Name": "nation_pkey", "Relation Name": "nation", "Alias": "n2", "Startup Cost": 0.0, "Total Cost": 12.62, "Plan Rows": 25, "Plan Width": 30}, {"Node Type": "Sort", "Parent Relationship": "Inner", "Startup Cost": 535187.15, "Total Cost": 535202.12, "Plan Rows": 5991, "Plan Width": 28, "Sort Key": ["supplier.s_nationkey"], "Plans": [{"Node Type": "Merge Join", "Parent Relationship": "Outer", "Join Type": "Inner", "Startup Cost": 534601.55, "Total Cost": 534811.25, "Plan Rows": 5991, "Plan Width": 28, "Inner Unique": false, "Merge Cond": "(n1.n_nationkey = customer.c_nationkey)", "Plans": [{"Node Type": "Sort", "Parent Relationship": "Outer", "Startup Cost": 20.8, "Total Cost": 20.81, "Plan Rows": 5, "Plan Width": 4, "Sort Key": ["n1.n_nationkey"], "Plans": [{"Node Type": "Nested Loop", "Parent Relationship": "Outer", "Join Type": "Inner", "Startup Cost": 0.0, "Total Cost": 20.74, "Plan Rows": 5, "Plan Width": 4, "Inner Unique": false, "Plans": [{"Node Type": "Index Scan", "Parent Relationship": "Outer", "Scan Direction": "Forward", "Index Name": "region_pkey", "Relation Name": "region", "Alias": "region", "Startup Cost": 0.0, "Total Cost": 12.34, "Plan Rows": 1, "Plan Width": 4, "Filter": "(r_name = 'ASIA'::bpchar)"}, {"Node Type": "Index Scan", "Parent Relationship": "Inner", "Scan Direction": "Forward", "Index Name": "idx_nation_regionkey", "Relation Name": "nation", "Alias": "n1", "Startup Cost": 0.0, "Total Cost": 8.35, "Plan Rows": 5, "Plan Width": 8, "Index Cond": "(n_regionkey = region.r_regionkey)"}]}]}, {"Node Type": "Sort", "Parent Relationship": "Inner", "Startup Cost": 534580.75, "Total Cost": 534655.64, "Plan Rows": 29954, "Plan Width": 32, "Sort Key": ["customer.c_nationkey"], "Plans": [{"Node Type": "Nested Loop", "Parent Relationship": "Outer", "Join Type": "Inner", "Startup Cost": 486464.82, "Total Cost": 532353.6, "Plan Rows": 29954, "Plan Width": 32, "Inner Unique": true, "Plans": [{"Node Type": "Nested Loop", "Parent Relationship": "Outer", "Join Type": "Inner", "Startup Cost": 486464.82, "Total Cost": 516101.73, "Plan Rows": 51198, "Plan Width": 36, "Inner Unique": true, "Plans": [{"Node Type": "Merge Join", "Parent Relationship": "Outer", "Join Type": "Inner", "Startup Cost": 486464.82, "Total Cost": 493168.85, "Plan Rows": 74637, "Plan Width": 28, "Inner Unique": true, "Merge Cond": "(lineitem.l_suppkey = supplier.s_suppkey)", "Plans": [{"Node Type": "Sort", "Parent Relationship": "Outer", "Startup Cost": 486464.79, "Total Cost": 486651.38, "Plan Rows": 74637, "Plan Width": 32, "Sort Key": ["lineitem.l_suppkey"], "Plans": [{"Node Type": "Nested Loop", "Parent Relationship": "Outer", "Join Type": "Inner", "Startup Cost": 0.0, "Total Cost": 480423.82, "Plan Rows": 74637, "Plan Width": 32, "Inner Unique": false, "Plans": [{"Node Type": "Index Scan", "Parent Relationship": "Outer", "Scan Direction": "Forward", "Index Name": "part_kpey", "Relation Name": "part", "Alias": "part", "Startup Cost": 0.0, "Total Cost": 105803.25, "Plan Rows": 13538, "Plan Width": 8, "Filter": "((p_type)::text = 'SMALL PLATED COPPER'::text)"}, {"Node Type": "Index Scan", "Parent Relationship": "Inner", "Scan Direction": "Forward", "Index Name": "idx_lineitem_part_supp", "Relation Name": "lineitem", "Alias": "lineitem", "Startup Cost": 0.0, "Total Cost": 27.61, "Plan Rows": 6, "Plan Width": 40, "Index Cond": "(l_partkey = part.p_partkey)"}]}]}, {"Node Type": "Index Scan", "Parent Relationship": "Inner", "Scan Direction": "Forward", "Index Name": "supplier_pkey", "Relation Name": "supplier", "Alias": "supplier", "Startup Cost": 0.0, "Total Cost": 5334.54, "Plan Rows": 100000, "Plan Width": 12}]}, {"Node Type": "Index Scan", "Parent Relationship": "Inner", "Scan Direction": "Forward", "Index Name": "orders_pkey", "Relation Name": "orders", "Alias": "orders", "Startup Cost": 0.0, "Total Cost": 0.3, "Plan Rows": 1, "Plan Width": 24, "Index Cond": "(o_orderkey = lineitem.l_orderkey)", "Filter": "((o_orderdate >= '1995-01-01 00:00:00'::timestamp(0) without time zone) AND (o_orderdate <= '1996-12-31 00:00:00'::timestamp(0) without time zone))"}]}, {"Node Type": "Index Scan", "Parent Relationship": "Inner", "Scan Direction": "Forward", "Index Name": "customer_pkey", "Relation Name": "customer", "Alias": "customer", "Startup Cost": 0.0, "Total Cost": 0.31, "Plan Rows": 1, "Plan Width": 12, "Index Cond": "(c_custkey = orders.o_custkey)"}]}]}]}]}]}]}]}, "Unique SQL Id": 3681808042, "Planner Runtime": 6}, "explain_analyze_plan": {"Plan": {"Node Type": "Sort", "Startup Cost": 535424.81, "Total Cost": 535424.84, "Plan Rows": 10, "Plan Width": 66, "Actual Startup Time": 7536.012, "Actual Total Time": 7536.012, "Actual Rows": 2, "Actual Loops": 1, "Sort Key": ["(date_part('year'::text, orders.o_orderdate))"], "Sort Method": "quicksort", "Sort Space Used": 25, "Sort Space Type": "Memory", "Plans": [{"Node Type": "Aggregate", "Strategy": "Hashed", "Parent Relationship": "Outer", "Startup Cost": 535424.5, "Total Cost": 535424.65, "Plan Rows": 10, "Plan Width": 66, "Actual Startup Time": 7536.0, "Actual Total Time": 7536.001, "Actual Rows": 2, "Actual Loops": 1, "Group By Key": ["date_part('year'::text, orders.o_orderdate)"], "Plans": [{"Node Type": "Merge Join", "Parent Relationship": "Outer", "Join Type": "Inner", "Startup Cost": 535187.15, "Total Cost": 535304.68, "Plan Rows": 5991, "Plan Width": 50, "Actual Startup Time": 7500.28, "Actual Total Time": 7516.932, "Actual Rows": 23929, "Actual Loops": 1, "Inner Unique": false, "Merge Cond": "(n2.n_nationkey = supplier.s_nationkey)", "Plans": [{"Node Type": "Index Scan", "Parent Relationship": "Outer", "Scan Direction": "Forward", "Index Name": "nation_pkey", "Relation Name": "nation", "Alias": "n2", "Startup Cost": 0.0, "Total Cost": 12.62, "Plan Rows": 25, "Plan Width": 30, "Actual Startup Time": 0.009, "Actual Total Time": 0.04, "Actual Rows": 25, "Actual Loops": 1}, {"Node Type": "Sort", "Parent Relationship": "Inner", "Startup Cost": 535187.15, "Total Cost": 535202.12, "Plan Rows": 5991, "Plan Width": 28, "Actual Startup Time": 7500.23, "Actual Total Time": 7503.032, "Actual Rows": 23929, "Actual Loops": 1, "Sort Key": ["supplier.s_nationkey"], "Sort Method": "quicksort", "Sort Space Used": 3012, "Sort Space Type": "Memory", "Plans": [{"Node Type": "Merge Join", "Parent Relationship": "Outer", "Join Type": "Inner", "Startup Cost": 534601.55, "Total Cost": 534811.25, "Plan Rows": 5991, "Plan Width": 28, "Actual Startup Time": 7471.456, "Actual Total Time": 7493.69, "Actual Rows": 23929, "Actual Loops": 1, "Inner Unique": false, "Merge Cond": "(n1.n_nationkey = customer.c_nationkey)", "Plans": [{"Node Type": "Sort", "Parent Relationship": "Outer", "Startup Cost": 20.8, "Total Cost": 20.81, "Plan Rows": 5, "Plan Width": 4, "Actual Startup Time": 0.032, "Actual Total Time": 0.035, "Actual Rows": 5, "Actual Loops": 1, "Sort Key": ["n1.n_nationkey"], "Sort Method": "quicksort", "Sort Space Used": 25, "Sort Space Type": "Memory", "Plans": [{"Node Type": "Nested Loop", "Parent Relationship": "Outer", "Join Type": "Inner", "Startup Cost": 0.0, "Total Cost": 20.74, "Plan Rows": 5, "Plan Width": 4, "Actual Startup Time": 0.017, "Actual Total Time": 0.023, "Actual Rows": 5, "Actual Loops": 1, "Inner Unique": false, "Plans": [{"Node Type": "Index Scan", "Parent Relationship": "Outer", "Scan Direction": "Forward", "Index Name": "region_pkey", "Relation Name": "region", "Alias": "region", "Startup Cost": 0.0, "Total Cost": 12.34, "Plan Rows": 1, "Plan Width": 4, "Actual Startup Time": 0.008, "Actual Total Time": 0.01, "Actual Rows": 1, "Actual Loops": 1, "Filter": "(r_name = 'ASIA'::bpchar)", "Rows Removed by Filter": 4}, {"Node Type": "Index Scan", "Parent Relationship": "Inner", "Scan Direction": "Forward", "Index Name": "idx_nation_regionkey", "Relation Name": "nation", "Alias": "n1", "Startup Cost": 0.0, "Total Cost": 8.35, "Plan Rows": 5, "Plan Width": 8, "Actual Startup Time": 0.005, "Actual Total Time": 0.008, "Actual Rows": 5, "Actual Loops": 1, "Index Cond": "(n_regionkey = region.r_regionkey)", "Rows Removed by Index Recheck": 0}]}]}, {"Node Type": "Sort", "Parent Relationship": "Inner", "Startup Cost": 534580.75, "Total Cost": 534655.64, "Plan Rows": 29954, "Plan Width": 32, "Actual Startup Time": 7458.168, "Actual Total Time": 7475.612, "Actual Rows": 105359, "Actual Loops": 1, "Sort Key": ["customer.c_nationkey"], "Sort Method": "quicksort", "Sort Space Used": 14300, "Sort Space Type": "Memory", "Plans": [{"Node Type": "Nested Loop", "Parent Relationship": "Outer", "Join Type": "Inner", "Startup Cost": 486464.82, "Total Cost": 532353.6, "Plan Rows": 29954, "Plan Width": 32, "Actual Startup Time": 2736.092, "Actual Total Time": 7408.662, "Actual Rows": 119765, "Actual Loops": 1, "Inner Unique": true, "Plans": [{"Node Type": "Nested Loop", "Parent Relationship": "Outer", "Join Type": "Inner", "Startup Cost": 486464.82, "Total Cost": 516101.73, "Plan Rows": 51198, "Plan Width": 36, "Actual Startup Time": 2736.073, "Actual Total Time": 6464.461, "Actual Rows": 119765, "Actual Loops": 1, "Inner Unique": true, "Plans": [{"Node Type": "Merge Join", "Parent Relationship": "Outer", "Join Type": "Inner", "Startup Cost": 486464.82, "Total Cost": 493168.85, "Plan Rows": 74637, "Plan Width": 28, "Actual Startup Time": 2735.976, "Actual Total Time": 3047.019, "Actual Rows": 395341, "Actual Loops": 1, "Inner Unique": true, "Merge Cond": "(lineitem.l_suppkey = supplier.s_suppkey)", "Plans": [{"Node Type": "Sort", "Parent Relationship": "Outer", "Startup Cost": 486464.79, "Total Cost": 486651.38, "Plan Rows": 74637, "Plan Width": 32, "Actual Startup Time": 2735.907, "Actual Total Time": 2818.961, "Actual Rows": 395341, "Actual Loops": 1, "Sort Key": ["lineitem.l_suppkey"], "Sort Method": "quicksort", "Sort Space Used": 49352, "Sort Space Type": "Memory", "Plans": [{"Node Type": "Nested Loop", "Parent Relationship": "Outer", "Join Type": "Inner", "Startup Cost": 0.0, "Total Cost": 480423.82, "Plan Rows": 74637, "Plan Width": 32, "Actual Startup Time": 0.041, "Actual Total Time": 2587.867, "Actual Rows": 395341, "Actual Loops": 1, "Inner Unique": false, "Plans": [{"Node Type": "Index Scan", "Parent Relationship": "Outer", "Scan Direction": "Forward", "Index Name": "part_kpey", "Relation Name": "part", "Alias": "part", "Startup Cost": 0.0, "Total Cost": 105803.25, "Plan Rows": 13538, "Plan Width": 8, "Actual Startup Time": 0.025, "Actual Total Time": 1401.682, "Actual Rows": 13163, "Actual Loops": 1, "Filter": "((p_type)::text = 'SMALL PLATED COPPER'::text)", "Rows Removed by Filter": 1986837}, {"Node Type": "Index Scan", "Parent Relationship": "Inner", "Scan Direction": "Forward", "Index Name": "idx_lineitem_part_supp", "Relation Name": "lineitem", "Alias": "lineitem", "Startup Cost": 0.0, "Total Cost": 27.61, "Plan Rows": 6, "Plan Width": 40, "Actual Startup Time": 146.531, "Actual Total Time": 1090.511, "Actual Rows": 395341, "Actual Loops": 13163, "Index Cond": "(l_partkey = part.p_partkey)", "Rows Removed by Index Recheck": 0}]}]}, {"Node Type": "Index Scan", "Parent Relationship": "Inner", "Scan Direction": "Forward", "Index Name": "supplier_pkey", "Relation Name": "supplier", "Alias": "supplier", "Startup Cost": 0.0, "Total Cost": 5334.54, "Plan Rows": 100000, "Plan Width": 12, "Actual Startup Time": 0.047, "Actual Total Time": 71.363, "Actual Rows": 99998, "Actual Loops": 1}]}, {"Node Type": "Index Scan", "Parent Relationship": "Inner", "Scan Direction": "Forward", "Index Name": "orders_pkey", "Relation Name": "orders", "Alias": "orders", "Startup Cost": 0.0, "Total Cost": 0.3, "Plan Rows": 1, "Plan Width": 24, "Actual Startup Time": 3181.717, "Actual Total Time": 3181.717, "Actual Rows": 119765, "Actual Loops": 395341, "Index Cond": "(o_orderkey = lineitem.l_orderkey)", "Rows Removed by Index Recheck": 0, "Filter": "((o_orderdate >= '1995-01-01 00:00:00'::timestamp(0) without time zone) AND (o_orderdate <= '1996-12-31 00:00:00'::timestamp(0) without time zone))", "Rows Removed by Filter": 275576}]}, {"Node Type": "Index Scan", "Parent Relationship": "Inner", "Scan Direction": "Forward", "Index Name": "customer_pkey", "Relation Name": "customer", "Alias": "customer", "Startup Cost": 0.0, "Total Cost": 0.31, "Plan Rows": 1, "Plan Width": 12, "Actual Startup Time": 842.853, "Actual Total Time": 842.853, "Actual Rows": 119765, "Actual Loops": 119765, "Index Cond": "(c_custkey = orders.o_custkey)", "Rows Removed by Index Recheck": 0}]}]}]}]}]}]}]}, "Triggers": [], "Planner Runtime": 6, "Total Runtime": 7536.39, "Unique SQL Id": 3681808042}}, "(64, 94)": {"explain_plan": {"Plan": {"Node Type": "Sort", "Startup Cost": 11405902.62, "Total Cost": 11405902.65, "Plan Rows": 10, "Plan Width": 66, "Sort Key": ["(date_part('year'::text, orders.o_orderdate))"], "Plans": [{"Node Type": "Aggregate", "Strategy": "Hashed", "Parent Relationship": "Outer", "Startup Cost": 11405902.3, "Total Cost": 11405902.45, "Plan Rows": 10, "Plan Width": 66, "Group By Key": ["date_part('year'::text, orders.o_orderdate)"], "Plans": [{"Node Type": "Merge Join", "Parent Relationship": "Outer", "Join Type": "Inner", "Startup Cost": 11405677.52, "Total Cost": 11405782.48, "Plan Rows": 5991, "Plan Width": 50, "Inner Unique": false, "Merge Cond": "(n2.n_nationkey = supplier.s_nationkey)", "Plans": [{"Node Type": "Sort", "Parent Relationship": "Outer", "Startup Cost": 1.83, "Total Cost": 1.89, "Plan Rows": 25, "Plan Width": 30, "Sort Key": ["n2.n_nationkey"], "Plans": [{"Node Type": "Seq Scan", "Parent Relationship": "Outer", "Relation Name": "nation", "Alias": "n2", "Startup Cost": 0.0, "Total Cost": 1.25, "Plan Rows": 25, "Plan Width": 30}]}, {"Node Type": "Sort", "Parent Relationship": "Inner", "Startup Cost": 11405675.69, "Total Cost": 11405690.66, "Plan Rows": 5991, "Plan Width": 28, "Sort Key": ["supplier.s_nationkey"], "Plans": [{"Node Type": "Merge Join", "Parent Relationship": "Outer", "Join Type": "Inner", "Startup Cost": 11405090.09, "Total Cost": 11405299.79, "Plan Rows": 5991, "Plan Width": 28, "Inner Unique": false, "Merge Cond": "(n1.n_nationkey = customer.c_nationkey)", "Plans": [{"Node Type": "Sort", "Parent Relationship": "Outer", "Startup Cost": 3.14, "Total Cost": 3.16, "Plan Rows": 5, "Plan Width": 4, "Sort Key": ["n1.n_nationkey"], "Plans": [{"Node Type": "Merge Join", "Parent Relationship": "Outer", "Join Type": "Inner", "Startup Cost": 2.9, "Total Cost": 3.09, "Plan Rows": 5, "Plan Width": 4, "Inner Unique": false, "Merge Cond": "(region.r_regionkey = n1.n_regionkey)", "Plans": [{"Node Type": "Sort", "Parent Relationship": "Outer", "Startup Cost": 1.07, "Total Cost": 1.08, "Plan Rows": 1, "Plan Width": 4, "Sort Key": ["region.r_regionkey"], "Plans": [{"Node Type": "Seq Scan", "Parent Relationship": "Outer", "Relation Name": "region", "Alias": "region", "Startup Cost": 0.0, "Total Cost": 1.06, "Plan Rows": 1, "Plan Width": 4, "Filter": "(r_name = 'ASIA'::bpchar)"}]}, {"Node Type": "Sort", "Parent Relationship": "Inner", "Startup Cost": 1.83, "Total Cost": 1.89, "Plan Rows": 25, "Plan Width": 8, "Sort Key": ["n1.n_regionkey"], "Plans": [{"Node Type": "Seq Scan", "Parent Relationship": "Outer", "Relation Name": "nation", "Alias": "n1", "Startup Cost": 0.0, "Total Cost": 1.25, "Plan Rows": 25, "Plan Width": 8}]}]}]}, {"Node Type": "Sort", "Parent Relationship": "Inner", "Startup Cost": 11405086.95, "Total Cost": 11405161.83, "Plan Rows": 29954, "Plan Width": 32, "Sort Key": ["customer.c_nationkey"], "Plans": [{"Node Type": "Merge Join", "Parent Relationship": "Outer", "Join Type": "Inner", "Startup Cost": 11394804.48, "Total Cost": 11402859.8, "Plan Rows": 29954, "Plan Width": 32, "Inner Unique": true, "Merge Cond": "(orders.o_custkey = customer.c_custkey)", "Plans": [{"Node Type": "Sort", "Parent Relationship": "Outer", "Startup Cost": 11188804.29, "Total Cost": 11188932.29, "Plan Rows": 51198, "Plan Width": 36, "Sort Key": ["orders.o_custkey"], "Plans": [{"Node Type": "Merge Join", "Parent Relationship": "Outer", "Join Type": "Inner", "Startup Cost": 11161255.48, "Total Cost": 11184799.64, "Plan Rows": 51198, "Plan Width": 36, "Inner Unique": true, "Merge Cond": "(lineitem.l_orderkey = orders.o_orderkey)", "Plans": [{"Node Type": "Sort", "Parent Relationship": "Outer", "Startup Cost": 10158795.85, "Total Cost": 10158982.44, "Plan Rows": 74637, "Plan Width": 28, "Sort Key": ["lineitem.l_orderkey"], "Plans": [{"Node Type": "Merge Join", "Parent Relationship": "Outer", "Join Type": "Inner", "Startup Cost": 10151135.39, "Total Cost": 10152754.88, "Plan Rows": 74637, "Plan Width": 28, "Inner Unique": true, "Merge Cond": "(lineitem.l_suppkey = supplier.s_suppkey)", "Plans": [{"Node Type": "Sort", "Parent Relationship": "Outer", "Startup Cost": 10139547.54, "Total Cost": 10139734.13, "Plan Rows": 74637, "Plan Width": 32, "Sort Key": ["lineitem.l_suppkey"], "Plans": [{"Node Type": "Merge Join", "Parent Relationship": "Outer", "Join Type": "Inner", "Startup Cost": 9832757.35, "Total Cost": 10133506.57, "Plan Rows": 74637, "Plan Width": 32, "Inner Unique": false, "Merge Cond": "(part.p_partkey = lineitem.l_partkey)", "Plans": [{"Node Type": "Sort", "Parent Relationship": "Outer", "Startup Cost": 67873.03, "Total Cost": 67906.87, "Plan Rows": 13538, "Plan Width": 8, "Sort Key": ["part.p_partkey"], "Plans": [{"Node Type": "Seq Scan", "Parent Relationship": "Outer", "Relation Name": "part", "Alias": "part", "Startup Cost": 0.0, "Total Cost": 66944.0, "Plan Rows": 13538, "Plan Width": 8, "Filter": "((p_type)::text = 'SMALL PLATED COPPER'::text)"}]}, {"Node Type": "Sort", "Parent Relationship": "Inner", "Startup Cost": 9764884.32, "Total Cost": 9914851.9, "Plan Rows": 59987033, "Plan Width": 40, "Sort Key": ["lineitem.l_partkey"], "Plans": [{"Node Type": "Seq Scan", "Parent Relationship": "Outer", "Relation Name": "lineitem", "Alias": "lineitem", "Startup Cost": 0.0, "Total Cost": 2015115.33, "Plan Rows": 59987033, "Plan Width": 40}]}]}]}, {"Node Type": "Sort", "Parent Relationship": "Inner", "Startup Cost": 11587.82, "Total Cost": 11837.82, "Plan Rows": 100000, "Plan Width": 12, "Sort Key": ["supplier.s_suppkey"], "Plans": [{"Node Type": "Seq Scan", "Parent Relationship": "Outer", "Relation Name": "supplier", "Alias": "supplier", "Startup Cost": 0.0, "Total Cost": 3283.0, "Plan Rows": 100000, "Plan Width": 12}]}]}]}, {"Node Type": "Sort", "Parent Relationship": "Inner", "Startup Cost": 1002458.79, "Total Cost": 1013788.71, "Plan Rows": 4531967, "Plan Width": 24, "Sort Key": ["orders.o_orderkey"], "Plans": [{"Node Type": "Seq Scan", "Parent Relationship": "Outer", "Relation Name": "orders", "Alias": "orders", "Startup Cost": 195.31, "Total Cost": 501411.18, "Plan Rows": 4531967, "Plan Width": 24, "Filter": "((o_orderdate >= '1995-01-01 00:00:00'::timestamp(0) without time zone) AND (o_orderdate <= '1996-12-31 00:00:00'::timestamp(0) without time zone)), (LLVM Optimized)"}]}]}]}, {"Node Type": "Sort", "Parent Relationship": "Inner", "Startup Cost": 205999.98, "Total Cost": 209749.98, "Plan Rows": 1500000, "Plan Width": 12, "Sort Key": ["customer.c_custkey"], "Plans": [{"Node Type": "Seq Scan", "Parent Relationship": "Outer", "Relation Name": "customer", "Alias": "customer", "Startup Cost": 0.0, "Total Cost": 52126.0, "Plan Rows": 1500000, "Plan Width": 12}]}]}]}]}]}]}]}]}, "Unique SQL Id": 3681808042, "Planner Runtime": 6}, "explain_analyze_plan": null}, "(64, 95)": {"explain_plan": {"Plan": {"Node Type": "Sort", "Startup Cost": 8000413660073.44, "Total Cost": 8000413660073.47, "Plan Rows": 10, "Plan Width": 66, "Sort Key": ["(date_part('year'::text, orders.o_orderdate))"], "Plans": [{"Node Type": "Aggregate", "Strategy": "Hashed", "Parent Relationship": "Outer", "Startup Cost": 8000413660073.13, "Total Cost": 8000413660073.28, "Plan Rows": 10, "Plan Width": 66, "Group By Key": ["date_part('year'::text, orders.o_orderdate)"], "Plans": [{"Node Type": "Merge Join", "Parent Relationship": "Outer", "Join Type": "Inner", "Startup Cost": 7010413658075.55, "Total Cost": 8000413659727.21, "Plan Rows": 17296, "Plan Width": 50, "Inner Unique": true, "Merge Cond": "(supplier.s_nationkey = n2.n_nationkey)", "Plans": [{"Node Type": "Sort", "Parent Relationship": "Outer", "Startup Cost": 7000413658075.55, "Total Cost": 7000413658118.79, "Plan Rows": 17296, "Plan Width": 28, "Sort Key": ["supplier.s_nationkey"], "Plans": [{"Node Type": "Merge Join", "Parent Relationship": "Outer", "Join Type": "Inner", "Startup Cost": 6010413122985.77, "Total Cost": 7000413656858.07, "Plan Rows": 17296, "Plan Width": 28, "Inner Unique": true, "Merge Cond": "(lineitem.l_suppkey = supplier.s_suppkey)", "Plans": [{"Node Type": "Sort", "Parent Relationship": "Outer", "Startup Cost": 6000413122985.76, "Total Cost": 6000413123029.0, "Plan Rows": 17296, "Plan Width": 32, "Sort Key": ["lineitem.l_suppkey"], "Plans": [{"Node Type": "Merge Join", "Parent Relationship": "Outer", "Join Type": "Inner", "Startup Cost": 5010413119842.7, "Total Cost": 6000413121768.28, "Plan Rows": 17296, "Plan Width": 32, "Inner Unique": true, "Merge Cond": "(n1.n_regionkey = region.r_regionkey)", "Plans": [{"Node Type": "Sort", "Parent Relationship": "Outer", "Startup Cost": 5000413119842.7, "Total Cost": 5000413120058.89, "Plan Rows": 86479, "Plan Width": 36, "Sort Key": ["n1.n_regionkey"], "Plans": [{"Node Type": "Merge Join", "Parent Relationship": "Outer", "Join Type": "Inner", "Startup Cost": 4010413110191.64, "Total Cost": 5000413112751.39, "Plan Rows": 86479, "Plan Width": 36, "Inner Unique": false, "Merge Cond": "(n1.n_nationkey = customer.c_nationkey)", "Plans": [{"Node Type": "Index Scan", "Parent Relationship": "Outer", "Scan Direction": "Forward", "Index Name": "nation_pkey", "Relation Name": "nation", "Alias": "n1", "Startup Cost": 10000000000.0, "Total Cost": 1000000001262.5, "Plan Rows": 25, "Plan Width": 8}, {"Node Type": "Sort", "Parent Relationship": "Inner", "Startup Cost": 4000413110191.64, "Total Cost": 4000413110407.84, "Plan Rows": 86479, "Plan Width": 36, "Sort Key": ["customer.c_nationkey"], "Plans": [{"Node Type": "Merge Join", "Parent Relationship": "Outer", "Join Type": "Inner", "Startup Cost": 3010432081738.41, "Total Cost": 4000413103100.34, "Plan Rows": 86479, "Plan Width": 36, "Inner Unique": true, "Merge Cond": "(orders.o_custkey = customer.c_custkey)", "Plans": [{"Node Type": "Sort", "Parent Relationship": "Outer", "Startup Cost": 3000405021517.55, "Total Cost": 3000405021733.74, "Plan Rows": 86479, "Plan Width": 40, "Sort Key": ["orders.o_custkey"], "Plans": [{"Node Type": "Merge Join", "Parent Relationship": "Outer", "Join Type": "Inner", "Startup Cost": 2010467355835.36, "Total Cost": 3000405014426.24, "Plan Rows": 86479, "Plan Width": 40, "Inner Unique": true, "Merge Cond": "(lineitem.l_partkey = part.p_partkey)", "Plans": [{"Node Type": "Sort", "Parent Relationship": "Outer", "Startup Cost": 2000394227560.84, "Total Cost": 2000394330431.79, "Plan Rows": 41148382, "Plan Width": 48, "Sort Key": ["lineitem.l_partkey"], "Plans": [{"Node Type": "Merge Join", "Parent Relationship": "Outer", "Join Type": "Inner", "Startup Cost": 20036483818.55, "Total Cost": 2000389023456.58, "Plan Rows": 41148382, "Plan Width": 48, "Inner Unique": false, "Merge Cond": "(orders.o_orderkey = lineitem.l_orderkey)", "Plans": [{"Node Type": "Index Scan", "Parent Relationship": "Outer", "Scan Direction": "Forward", "Index Name": "orders_pkey", "Relation Name": "orders", "Alias": "orders", "Startup Cost": 10000000000.0, "Total Cost": 1000080597583.0, "Plan Rows": 4531967, "Plan Width": 24, "Filter": "((o_orderdate >= '1995-01-01 00:00:00'::timestamp(0) without time zone) AND (o_orderdate <= '1996-12-31 00:00:00'::timestamp(0) without time zone)), (LLVM Optimized)"}, {"Node Type": "Index Scan", "Parent Relationship": "Inner", "Scan Direction": "Forward", "Index Name": "idx_lineitem_orderkey", "Relation Name": "lineitem", "Alias": "lineitem", "Startup Cost": 10000000000.0, "Total Cost": 1000324015374.5, "Plan Rows": 59987033, "Plan Width": 40}]}]}, {"Node Type": "Materialize", "Parent Relationship": "Inner", "Startup Cost": 10000000000.0, "Total Cost": 1000010580358.84, "Plan Rows": 13538, "Plan Width": 8, "Plans": [{"Node Type": "Index Scan", "Parent Relationship": "Outer", "Scan Direction": "Forward", "Index Name": "part_kpey", "Relation Name": "part", "Alias": "part", "Startup Cost": 10000000000.0, "Total Cost": 1000010580325.0, "Plan Rows": 13538, "Plan Width": 8, "Filter": "((p_type)::text = 'SMALL PLATED COPPER'::text)"}]}]}]}, {"Node Type": "Index Scan", "Parent Relationship": "Inner", "Scan Direction": "Forward", "Index Name": "customer_pkey", "Relation Name": "customer", "Alias": "customer", "Startup Cost": 10000000000.0, "Total Cost": 1000008076535.62, "Plan Rows": 1500000, "Plan Width": 12}]}]}]}]}, {"Node Type": "Materialize", "Parent Relationship": "Inner", "Startup Cost": 10000000000.0, "Total Cost": 1000000001233.75, "Plan Rows": 1, "Plan Width": 4, "Plans": [{"Node Type": "Index Scan", "Parent Relationship": "Outer", "Scan Direction": "Forward", "Index Name": "region_pkey", "Relation Name": "region", "Alias": "region", "Startup Cost": 10000000000.0, "Total Cost": 1000000001233.75, "Plan Rows": 1, "Plan Width": 4, "Filter": "(r_name = 'ASIA'::bpchar)"}]}]}]}, {"Node Type": "Index Scan", "Parent Relationship": "Inner", "Scan Direction": "Forward", "Index Name": "supplier_pkey", "Relation Name": "supplier", "Alias": "supplier", "Startup Cost": 10000000000.0, "Total Cost": 1000000533454.38, "Plan Rows": 100000, "Plan Width": 12}]}]}, {"Node Type": "Materialize", "Parent Relationship": "Inner", "Startup Cost": 10000000000.0, "Total Cost": 1000000001262.56, "Plan Rows": 25, "Plan Width": 30, "Plans": [{"Node Type": "Index Scan", "Parent Relationship": "Outer", "Scan Direction": "Forward", "Index Name": "nation_pkey", "Relation Name": "nation", "Alias": "n2", "Startup Cost": 10000000000.0, "Total Cost": 1000000001262.5, "Plan Rows": 25, "Plan Width": 30}]}]}]}]}, "Unique SQL Id": 3681808042, "Planner Runtime": 14}, "explain_analyze_plan": null}, "(64, 96)": {"explain_plan": {"Plan": {"Node Type": "Sort", "Startup Cost": 486022.68, "Total Cost": 486022.71, "Plan Rows": 10, "Plan Width": 66, "Sort Key": ["(date_part('year'::text, orders.o_orderdate))"], "Plans": [{"Node Type": "Aggregate", "Strategy": "Hashed", "Parent Relationship": "Outer", "Startup Cost": 486022.37, "Total Cost": 486022.52, "Plan Rows": 10, "Plan Width": 66, "Group By Key": ["date_part('year'::text, orders.o_orderdate)"], "Plans": [{"Node Type": "Hash Join", "Parent Relationship": "Outer", "Join Type": "Inner", "Startup Cost": 4537.06, "Total Cost": 485902.55, "Plan Rows": 5991, "Plan Width": 50, "Inner Unique": true, "Hash Cond": "(supplier.s_nationkey = n2.n_nationkey)", "Plans": [{"Node Type": "Hash Join", "Parent Relationship": "Outer", "Join Type": "Inner", "Startup Cost": 4535.5, "Total Cost": 485803.63, "Plan Rows": 5991, "Plan Width": 28, "Inner Unique": false, "Hash Cond": "(customer.c_nationkey = n1.n_nationkey)", "Plans": [{"Node Type": "Nested Loop", "Parent Relationship": "Outer", "Join Type": "Inner", "Startup Cost": 4533.0, "Total Cost": 485661.65, "Plan Rows": 29954, "Plan Width": 32, "Inner Unique": true, "Plans": [{"Node Type": "Hash Join", "Parent Relationship": "Outer", "Join Type": "Inner", "Startup Cost": 4533.0, "Total Cost": 469409.78, "Plan Rows": 51198, "Plan Width": 36, "Inner Unique": true, "Hash Cond": "(lineitem.l_suppkey = supplier.s_suppkey)", "Plans": [{"Node Type": "Nested Loop", "Parent Relationship": "Outer", "Join Type": "Inner", "Startup Cost": 0.0, "Total Cost": 464497.44, "Plan Rows": 86479, "Plan Width": 40, "Inner Unique": true, "Plans": [{"Node Type": "Nested Loop", "Parent Relationship": "Outer", "Join Type": "Inner", "Startup Cost": 0.0, "Total Cost": 441564.57, "Plan Rows": 74637, "Plan Width": 32, "Inner Unique": false, "Plans": [{"Node Type": "Seq Scan", "Parent Relationship": "Outer", "Relation Name": "part", "Alias": "part", "Startup Cost": 0.0, "Total Cost": 66944.0, "Plan Rows": 13538, "Plan Width": 8, "Filter": "((p_type)::text = 'SMALL PLATED COPPER'::text)"}, {"Node Type": "Index Scan", "Parent Relationship": "Inner", "Scan Direction": "Forward", "Index Name": "idx_lineitem_part_supp", "Relation Name": "lineitem", "Alias": "lineitem", "Startup Cost": 0.0, "Total Cost": 27.61, "Plan Rows": 6, "Plan Width": 40, "Index Cond": "(l_partkey = part.p_partkey)"}]}, {"Node Type": "Index Scan", "Parent Relationship": "Inner", "Scan Direction": "Forward", "Index Name": "orders_pkey", "Relation Name": "orders", "Alias": "orders", "Startup Cost": 0.0, "Total Cost": 0.3, "Plan Rows": 1, "Plan Width": 24, "Index Cond": "(o_orderkey = lineitem.l_orderkey)", "Filter": "((o_orderdate >= '1995-01-01 00:00:00'::timestamp(0) without time zone) AND (o_orderdate <= '1996-12-31 00:00:00'::timestamp(0) without time zone))"}]}, {"Node Type": "Hash", "Parent Relationship": "Inner", "Startup Cost": 3283.0, "Total Cost": 3283.0, "Plan Rows": 100000, "Plan Width": 12, "Plans": [{"Node Type": "Seq Scan", "Parent Relationship": "Outer", "Relation Name": "supplier", "Alias": "supplier", "Startup Cost": 0.0, "Total Cost": 3283.0, "Plan Rows": 100000, "Plan Width": 12}]}]}, {"Node Type": "Index Scan", "Parent Relationship": "Inner", "Scan Direction": "Forward", "Index Name": "customer_pkey", "Relation Name": "customer", "Alias": "customer", "Startup Cost": 0.0, "Total Cost": 0.31, "Plan Rows": 1, "Plan Width": 12, "Index Cond": "(c_custkey = orders.o_custkey)"}]}, {"Node Type": "Hash", "Parent Relationship": "Inner", "Startup Cost": 2.44, "Total Cost": 2.44, "Plan Rows": 5, "Plan Width": 4, "Plans": [{"Node Type": "Hash Join", "Parent Relationship": "Outer", "Join Type": "Inner", "Startup Cost": 1.07, "Total Cost": 2.44, "Plan Rows": 5, "Plan Width": 4, "Inner Unique": true, "Hash Cond": "(n1.n_regionkey = region.r_regionkey)", "Plans": [{"Node Type": "Seq Scan", "Parent Relationship": "Outer", "Relation Name": "nation", "Alias": "n1", "Startup Cost": 0.0, "Total Cost": 1.25, "Plan Rows": 25, "Plan Width": 8}, {"Node Type": "Hash", "Parent Relationship": "Inner", "Startup Cost": 1.06, "Total Cost": 1.06, "Plan Rows": 1, "Plan Width": 4, "Plans": [{"Node Type": "Seq Scan", "Parent Relationship": "Outer", "Relation Name": "region", "Alias": "region", "Startup Cost": 0.0, "Total Cost": 1.06, "Plan Rows": 1, "Plan Width": 4, "Filter": "(r_name = 'ASIA'::bpchar)"}]}]}]}]}, {"Node Type": "Hash", "Parent Relationship": "Inner", "Startup Cost": 1.25, "Total Cost": 1.25, "Plan Rows": 25, "Plan Width": 30, "Plans": [{"Node Type": "Seq Scan", "Parent Relationship": "Outer", "Relation Name": "nation", "Alias": "n2", "Startup Cost": 0.0, "Total Cost": 1.25, "Plan Rows": 25, "Plan Width": 30}]}]}]}]}, "Unique SQL Id": 3681808042, "Planner Runtime": 5}, "explain_analyze_plan": {"Plan": {"Node Type": "Sort", "Startup Cost": 486022.68, "Total Cost": 486022.71, "Plan Rows": 10, "Plan Width": 66, "Actual Startup Time": 6756.022, "Actual Total Time": 6756.022, "Actual Rows": 2, "Actual Loops": 1, "Sort Key": ["(date_part('year'::text, orders.o_orderdate))"], "Sort Method": "quicksort", "Sort Space Used": 25, "Sort Space Type": "Memory", "Plans": [{"Node Type": "Aggregate", "Strategy": "Hashed", "Parent Relationship": "Outer", "Startup Cost": 486022.37, "Total Cost": 486022.52, "Plan Rows": 10, "Plan Width": 66, "Actual Startup Time": 6755.961, "Actual Total Time": 6755.962, "Actual Rows": 2, "Actual Loops": 1, "Group By Key": ["date_part('year'::text, orders.o_orderdate)"], "Plans": [{"Node Type": "Hash Join", "Parent Relationship": "Outer", "Join Type": "Inner", "Startup Cost": 4537.06, "Total Cost": 485902.55, "Plan Rows": 5991, "Plan Width": 50, "Actual Startup Time": 67.43, "Actual Total Time": 6719.443, "Actual Rows": 23929, "Actual Loops": 1, "Inner Unique": true, "Hash Cond": "(supplier.s_nationkey = n2.n_nationkey)", "Plans": [{"Node Type": "Hash Join", "Parent Relationship": "Outer", "Join Type": "Inner", "Startup Cost": 4535.5, "Total Cost": 485803.63, "Plan Rows": 5991, "Plan Width": 28, "Actual Startup Time": 67.32, "Actual Total Time": 6686.883, "Actual Rows": 23929, "Actual Loops": 1, "Inner Unique": false, "Hash Cond": "(customer.c_nationkey = n1.n_nationkey)", "Plans": [{"Node Type": "Nested Loop", "Parent Relationship": "Outer", "Join Type": "Inner", "Startup Cost": 4533.0, "Total Cost": 485661.65, "Plan Rows": 29954, "Plan Width": 32, "Actual Startup Time": 66.995, "Actual Total Time": 6648.807, "Actual Rows": 119765, "Actual Loops": 1, "Inner Unique": true, "Plans": [{"Node Type": "Hash Join", "Parent Relationship": "Outer", "Join Type": "Inner", "Startup Cost": 4533.0, "Total Cost": 469409.78, "Plan Rows": 51198, "Plan Width": 36, "Actual Startup Time": 66.961, "Actual Total Time": 5656.883, "Actual Rows": 119765, "Actual Loops": 1, "Inner Unique": true, "Hash Cond": "(lineitem.l_suppkey = supplier.s_suppkey)", "Plans": [{"Node Type": "Nested Loop", "Parent Relationship": "Outer", "Join Type": "Inner", "Startup Cost": 0.0, "Total Cost": 464497.44, "Plan Rows": 86479, "Plan Width": 40, "Actual Startup Time": 0.202, "Actual Total Time": 5506.065, "Actual Rows": 119765, "Actual Loops": 1, "Inner Unique": true, "Plans": [{"Node Type": "Nested Loop", "Parent Relationship": "Outer", "Join Type": "Inner", "Startup Cost": 0.0, "Total Cost": 441564.57, "Plan Rows": 74637, "Plan Width": 32, "Actual Startup Time": 0.04, "Actual Total Time": 2015.962, "Actual Rows": 395341, "Actual Loops": 1, "Inner Unique": false, "Plans": [{"Node Type": "Seq Scan", "Parent Relationship": "Outer", "Relation Name": "part", "Alias": "part", "Startup Cost": 0.0, "Total Cost": 66944.0, "Plan Rows": 13538, "Plan Width": 8, "Actual Startup Time": 0.02, "Actual Total Time": 775.693, "Actual Rows": 13163, "Actual Loops": 1, "Filter": "((p_type)::text = 'SMALL PLATED COPPER'::text)", "Rows Removed by Filter": 1986837}, {"Node Type": "Index Scan", "Parent Relationship": "Inner", "Scan Direction": "Forward", "Index Name": "idx_lineitem_part_supp", "Relation Name": "lineitem", "Alias": "lineitem", "Startup Cost": 0.0, "Total Cost": 27.61, "Plan Rows": 6, "Plan Width": 40, "Actual Startup Time": 155.92, "Actual Total Time": 1137.781, "Actual Rows": 395341, "Actual Loops": 13163, "Index Cond": "(l_partkey = part.p_partkey)", "Rows Removed by Index Recheck": 0}]}, {"Node Type": "Index Scan", "Parent Relationship": "Inner", "Scan Direction": "Forward", "Index Name": "orders_pkey", "Relation Name": "orders", "Alias": "orders", "Startup Cost": 0.0, "Total Cost": 0.3, "Plan Rows": 1, "Plan Width": 24, "Actual Startup Time": 3259.926, "Actual Total Time": 3259.926, "Actual Rows": 119765, "Actual Loops": 395341, "Index Cond": "(o_orderkey = lineitem.l_orderkey)", "Rows Removed by Index Recheck": 0, "Filter": "((o_orderdate >= '1995-01-01 00:00:00'::timestamp(0) without time zone) AND (o_orderdate <= '1996-12-31 00:00:00'::timestamp(0) without time zone))", "Rows Removed by Filter": 275576}]}, {"Node Type": "Hash", "Parent Relationship": "Inner", "Startup Cost": 3283.0, "Total Cost": 3283.0, "Plan Rows": 100000, "Plan Width": 12, "Actual Startup Time": 66.654, "Actual Total Time": 66.654, "Actual Rows": 100000, "Actual Loops": 1, "Hash Buckets": 131072, "Hash Batches": 1, "Original Hash Batches": 1, "Peak Memory Usage": 4297, "Plans": [{"Node Type": "Seq Scan", "Parent Relationship": "Outer", "Relation Name": "supplier", "Alias": "supplier", "Startup Cost": 0.0, "Total Cost": 3283.0, "Plan Rows": 100000, "Plan Width": 12, "Actual Startup Time": 0.01, "Actual Total Time": 40.336, "Actual Rows": 100000, "Actual Loops": 1}]}]}, {"Node Type": "Index Scan", "Parent Relationship": "Inner", "Scan Direction": "Forward", "Index Name": "customer_pkey", "Relation Name": "customer", "Alias": "customer", "Startup Cost": 0.0, "Total Cost": 0.31, "Plan Rows": 1, "Plan Width": 12, "Actual Startup Time": 882.839, "Actual Total Time": 882.839, "Actual Rows": 119765, "Actual Loops": 119765, "Index Cond": "(c_custkey = orders.o_custkey)", "Rows Removed by Index Recheck": 0}]}, {"Node Type": "Hash", "Parent Relationship": "Inner", "Startup Cost": 2.44, "Total Cost": 2.44, "Plan Rows": 5, "Plan Width": 4, "Actual Startup Time": 0.066, "Actual Total Time": 0.066, "Actual Rows": 5, "Actual Loops": 1, "Hash Buckets": 32768, "Hash Batches": 1, "Original Hash Batches": 1, "Peak Memory Usage": 1, "Plans": [{"Node Type": "Hash Join", "Parent Relationship": "Outer", "Join Type": "Inner", "Startup Cost": 1.07, "Total Cost": 2.44, "Plan Rows": 5, "Plan Width": 4, "Actual Startup Time": 0.051, "Actual Total Time": 0.059, "Actual Rows": 5, "Actual Loops": 1, "Inner Unique": true, "Hash Cond": "(n1.n_regionkey = region.r_regionkey)", "Plans": [{"Node Type": "Seq Scan", "Parent Relationship": "Outer", "Relation Name": "nation", "Alias": "n1", "Startup Cost": 0.0, "Total Cost": 1.25, "Plan Rows": 25, "Plan Width": 8, "Actual Startup Time": 0.006, "Actual Total Time": 0.01, "Actual Rows": 25, "Actual Loops": 1}, {"Node Type": "Hash", "Parent Relationship": "Inner", "Startup Cost": 1.06, "Total Cost": 1.06, "Plan Rows": 1, "Plan Width": 4, "Actual Startup Time": 0.011, "Actual Total Time": 0.011, "Actual Rows": 1, "Actual Loops": 1, "Hash Buckets": 32768, "Hash Batches": 1, "Original Hash Batches": 1, "Peak Memory Usage": 1, "Plans": [{"Node Type": "Seq Scan", "Parent Relationship": "Outer", "Relation Name": "region", "Alias": "region", "Startup Cost": 0.0, "Total Cost": 1.06, "Plan Rows": 1, "Plan Width": 4, "Actual Startup Time": 0.009, "Actual Total Time": 0.01, "Actual Rows": 1, "Actual Loops": 1, "Filter": "(r_name = 'ASIA'::bpchar)", "Rows Removed by Filter": 4}]}]}]}]}, {"Node Type": "Hash", "Parent Relationship": "Inner", "Startup Cost": 1.25, "Total Cost": 1.25, "Plan Rows": 25, "Plan Width": 30, "Actual Startup Time": 0.038, "Actual Total Time": 0.038, "Actual Rows": 25, "Actual Loops": 1, "Hash Buckets": 32768, "Hash Batches": 1, "Original Hash Batches": 1, "Peak Memory Usage": 2, "Plans": [{"Node Type": "Seq Scan", "Parent Relationship": "Outer", "Relation Name": "nation", "Alias": "n2", "Startup Cost": 0.0, "Total Cost": 1.25, "Plan Rows": 25, "Plan Width": 30, "Actual Startup Time": 0.012, "Actual Total Time": 0.017, "Actual Rows": 25, "Actual Loops": 1}]}]}]}]}, "Triggers": [], "Planner Runtime": 5, "Total Runtime": 6756.391, "Unique SQL Id": 3681808042}}, "(64, 97)": {"explain_plan": {"Plan": {"Node Type": "Sort", "Startup Cost": 526963.15, "Total Cost": 526963.18, "Plan Rows": 10, "Plan Width": 66, "Sort Key": ["(date_part('year'::text, orders.o_orderdate))"], "Plans": [{"Node Type": "Aggregate", "Strategy": "Hashed", "Parent Relationship": "Outer", "Startup Cost": 526962.83, "Total Cost": 526962.98, "Plan Rows": 10, "Plan Width": 66, "Group By Key": ["date_part('year'::text, orders.o_orderdate)"], "Plans": [{"Node Type": "Hash Join", "Parent Relationship": "Outer", "Join Type": "Inner", "Startup Cost": 6618.28, "Total Cost": 526843.01, "Plan Rows": 5991, "Plan Width": 50, "Inner Unique": true, "Hash Cond": "(supplier.s_nationkey = n2.n_nationkey)", "Plans": [{"Node Type": "Hash Join", "Parent Relationship": "Outer", "Join Type": "Inner", "Startup Cost": 6605.34, "Total Cost": 526732.72, "Plan Rows": 5991, "Plan Width": 28, "Inner Unique": false, "Hash Cond": "(customer.c_nationkey = n1.n_nationkey)", "Plans": [{"Node Type": "Nested Loop", "Parent Relationship": "Outer", "Join Type": "Inner", "Startup Cost": 6584.54, "Total Cost": 526572.45, "Plan Rows": 29954, "Plan Width": 32, "Inner Unique": true, "Plans": [{"Node Type": "Hash Join", "Parent Relationship": "Outer", "Join Type": "Inner", "Startup Cost": 6584.54, "Total Cost": 510320.57, "Plan Rows": 51198, "Plan Width": 36, "Inner Unique": true, "Hash Cond": "(lineitem.l_suppkey = supplier.s_suppkey)", "Plans": [{"Node Type": "Nested Loop", "Parent Relationship": "Outer", "Join Type": "Inner", "Startup Cost": 0.0, "Total Cost": 503356.69, "Plan Rows": 86479, "Plan Width": 40, "Inner Unique": true, "Plans": [{"Node Type": "Nested Loop", "Parent Relationship": "Outer", "Join Type": "Inner", "Startup Cost": 0.0, "Total Cost": 480423.82, "Plan Rows": 74637, "Plan Width": 32, "Inner Unique": false, "Plans": [{"Node Type": "Index Scan", "Parent Relationship": "Outer", "Scan Direction": "Forward", "Index Name": "part_kpey", "Relation Name": "part", "Alias": "part", "Startup Cost": 0.0, "Total Cost": 105803.25, "Plan Rows": 13538, "Plan Width": 8, "Filter": "((p_type)::text = 'SMALL PLATED COPPER'::text)"}, {"Node Type": "Index Scan", "Parent Relationship": "Inner", "Scan Direction": "Forward", "Index Name": "idx_lineitem_part_supp", "Relation Name": "lineitem", "Alias": "lineitem", "Startup Cost": 0.0, "Total Cost": 27.61, "Plan Rows": 6, "Plan Width": 40, "Index Cond": "(l_partkey = part.p_partkey)"}]}, {"Node Type": "Index Scan", "Parent Relationship": "Inner", "Scan Direction": "Forward", "Index Name": "orders_pkey", "Relation Name": "orders", "Alias": "orders", "Startup Cost": 0.0, "Total Cost": 0.3, "Plan Rows": 1, "Plan Width": 24, "Index Cond": "(o_orderkey = lineitem.l_orderkey)", "Filter": "((o_orderdate >= '1995-01-01 00:00:00'::timestamp(0) without time zone) AND (o_orderdate <= '1996-12-31 00:00:00'::timestamp(0) without time zone))"}]}, {"Node Type": "Hash", "Parent Relationship": "Inner", "Startup Cost": 5334.54, "Total Cost": 5334.54, "Plan Rows": 100000, "Plan Width": 12, "Plans": [{"Node Type": "Index Scan", "Parent Relationship": "Outer", "Scan Direction": "Forward", "Index Name": "supplier_pkey", "Relation Name": "supplier", "Alias": "supplier", "Startup Cost": 0.0, "Total Cost": 5334.54, "Plan Rows": 100000, "Plan Width": 12}]}]}, {"Node Type": "Index Scan", "Parent Relationship": "Inner", "Scan Direction": "Forward", "Index Name": "customer_pkey", "Relation Name": "customer", "Alias": "customer", "Startup Cost": 0.0, "Total Cost": 0.31, "Plan Rows": 1, "Plan Width": 12, "Index Cond": "(c_custkey = orders.o_custkey)"}]}, {"Node Type": "Hash", "Parent Relationship": "Inner", "Startup Cost": 20.74, "Total Cost": 20.74, "Plan Rows": 5, "Plan Width": 4, "Plans": [{"Node Type": "Nested Loop", "Parent Relationship": "Outer", "Join Type": "Inner", "Startup Cost": 0.0, "Total Cost": 20.74, "Plan Rows": 5, "Plan Width": 4, "Inner Unique": false, "Plans": [{"Node Type": "Index Scan", "Parent Relationship": "Outer", "Scan Direction": "Forward", "Index Name": "region_pkey", "Relation Name": "region", "Alias": "region", "Startup Cost": 0.0, "Total Cost": 12.34, "Plan Rows": 1, "Plan Width": 4, "Filter": "(r_name = 'ASIA'::bpchar)"}, {"Node Type": "Index Scan", "Parent Relationship": "Inner", "Scan Direction": "Forward", "Index Name": "idx_nation_regionkey", "Relation Name": "nation", "Alias": "n1", "Startup Cost": 0.0, "Total Cost": 8.35, "Plan Rows": 5, "Plan Width": 8, "Index Cond": "(n_regionkey = region.r_regionkey)"}]}]}]}, {"Node Type": "Hash", "Parent Relationship": "Inner", "Startup Cost": 12.62, "Total Cost": 12.62, "Plan Rows": 25, "Plan Width": 30, "Plans": [{"Node Type": "Index Scan", "Parent Relationship": "Outer", "Scan Direction": "Forward", "Index Name": "nation_pkey", "Relation Name": "nation", "Alias": "n2", "Startup Cost": 0.0, "Total Cost": 12.62, "Plan Rows": 25, "Plan Width": 30}]}]}]}]}, "Unique SQL Id": 3681808042, "Planner Runtime": 4}, "explain_analyze_plan": {"Plan": {"Node Type": "Sort", "Startup Cost": 526963.15, "Total Cost": 526963.18, "Plan Rows": 10, "Plan Width": 66, "Actual Startup Time": 7473.195, "Actual Total Time": 7473.195, "Actual Rows": 2, "Actual Loops": 1, "Sort Key": ["(date_part('year'::text, orders.o_orderdate))"], "Sort Method": "quicksort", "Sort Space Used": 25, "Sort Space Type": "Memory", "Plans": [{"Node Type": "Aggregate", "Strategy": "Hashed", "Parent Relationship": "Outer", "Startup Cost": 526962.83, "Total Cost": 526962.98, "Plan Rows": 10, "Plan Width": 66, "Actual Startup Time": 7473.174, "Actual Total Time": 7473.175, "Actual Rows": 2, "Actual Loops": 1, "Group By Key": ["date_part('year'::text, orders.o_orderdate)"], "Plans": [{"Node Type": "Hash Join", "Parent Relationship": "Outer", "Join Type": "Inner", "Startup Cost": 6618.28, "Total Cost": 526843.01, "Plan Rows": 5991, "Plan Width": 50, "Actual Startup Time": 111.253, "Actual Total Time": 7439.205, "Actual Rows": 23929, "Actual Loops": 1, "Inner Unique": true, "Hash Cond": "(supplier.s_nationkey = n2.n_nationkey)", "Plans": [{"Node Type": "Hash Join", "Parent Relationship": "Outer", "Join Type": "Inner", "Startup Cost": 6605.34, "Total Cost": 526732.72, "Plan Rows": 5991, "Plan Width": 28, "Actual Startup Time": 111.16, "Actual Total Time": 7408.027, "Actual Rows": 23929, "Actual Loops": 1, "Inner Unique": false, "Hash Cond": "(customer.c_nationkey = n1.n_nationkey)", "Plans": [{"Node Type": "Nested Loop", "Parent Relationship": "Outer", "Join Type": "Inner", "Startup Cost": 6584.54, "Total Cost": 526572.45, "Plan Rows": 29954, "Plan Width": 32, "Actual Startup Time": 110.89, "Actual Total Time": 7370.669, "Actual Rows": 119765, "Actual Loops": 1, "Inner Unique": true, "Plans": [{"Node Type": "Hash Join", "Parent Relationship": "Outer", "Join Type": "Inner", "Startup Cost": 6584.54, "Total Cost": 510320.57, "Plan Rows": 51198, "Plan Width": 36, "Actual Startup Time": 110.859, "Actual Total Time": 6357.419, "Actual Rows": 119765, "Actual Loops": 1, "Inner Unique": true, "Hash Cond": "(lineitem.l_suppkey = supplier.s_suppkey)", "Plans": [{"Node Type": "Nested Loop", "Parent Relationship": "Outer", "Join Type": "Inner", "Startup Cost": 0.0, "Total Cost": 503356.69, "Plan Rows": 86479, "Plan Width": 40, "Actual Startup Time": 0.155, "Actual Total Time": 6165.628, "Actual Rows": 119765, "Actual Loops": 1, "Inner Unique": true, "Plans": [{"Node Type": "Nested Loop", "Parent Relationship": "Outer", "Join Type": "Inner", "Startup Cost": 0.0, "Total Cost": 480423.82, "Plan Rows": 74637, "Plan Width": 32, "Actual Startup Time": 0.039, "Actual Total Time": 2622.64, "Actual Rows": 395341, "Actual Loops": 1, "Inner Unique": false, "Plans": [{"Node Type": "Index Scan", "Parent Relationship": "Outer", "Scan Direction": "Forward", "Index Name": "part_kpey", "Relation Name": "part", "Alias": "part", "Startup Cost": 0.0, "Total Cost": 105803.25, "Plan Rows": 13538, "Plan Width": 8, "Actual Startup Time": 0.024, "Actual Total Time": 1376.051, "Actual Rows": 13163, "Actual Loops": 1, "Filter": "((p_type)::text = 'SMALL PLATED COPPER'::text)", "Rows Removed by Filter": 1986837}, {"Node Type": "Index Scan", "Parent Relationship": "Inner", "Scan Direction": "Forward", "Index Name": "idx_lineitem_part_supp", "Relation Name": "lineitem", "Alias": "lineitem", "Startup Cost": 0.0, "Total Cost": 27.61, "Plan Rows": 6, "Plan Width": 40, "Actual Startup Time": 153.471, "Actual Total Time": 1145.154, "Actual Rows": 395341, "Actual Loops": 13163, "Index Cond": "(l_partkey = part.p_partkey)", "Rows Removed by Index Recheck": 0}]}, {"Node Type": "Index Scan", "Parent Relationship": "Inner", "Scan Direction": "Forward", "Index Name": "orders_pkey", "Relation Name": "orders", "Alias": "orders", "Startup Cost": 0.0, "Total Cost": 0.3, "Plan Rows": 1, "Plan Width": 24, "Actual Startup Time": 3308.468, "Actual Total Time": 3308.468, "Actual Rows": 119765, "Actual Loops": 395341, "Index Cond": "(o_orderkey = lineitem.l_orderkey)", "Rows Removed by Index Recheck": 0, "Filter": "((o_orderdate >= '1995-01-01 00:00:00'::timestamp(0) without time zone) AND (o_orderdate <= '1996-12-31 00:00:00'::timestamp(0) without time zone))", "Rows Removed by Filter": 275576}]}, {"Node Type": "Hash", "Parent Relationship": "Inner", "Startup Cost": 5334.54, "Total Cost": 5334.54, "Plan Rows": 100000, "Plan Width": 12, "Actual Startup Time": 110.598, "Actual Total Time": 110.598, "Actual Rows": 100000, "Actual Loops": 1, "Hash Buckets": 131072, "Hash Batches": 1, "Original Hash Batches": 1, "Peak Memory Usage": 4297, "Plans": [{"Node Type": "Index Scan", "Parent Relationship": "Outer", "Scan Direction": "Forward", "Index Name": "supplier_pkey", "Relation Name": "supplier", "Alias": "supplier", "Startup Cost": 0.0, "Total Cost": 5334.54, "Plan Rows": 100000, "Plan Width": 12, "Actual Startup Time": 0.017, "Actual Total Time": 82.915, "Actual Rows": 100000, "Actual Loops": 1}]}]}, {"Node Type": "Index Scan", "Parent Relationship": "Inner", "Scan Direction": "Forward", "Index Name": "customer_pkey", "Relation Name": "customer", "Alias": "customer", "Startup Cost": 0.0, "Total Cost": 0.31, "Plan Rows": 1, "Plan Width": 12, "Actual Startup Time": 903.566, "Actual Total Time": 903.566, "Actual Rows": 119765, "Actual Loops": 119765, "Index Cond": "(c_custkey = orders.o_custkey)", "Rows Removed by Index Recheck": 0}]}, {"Node Type": "Hash", "Parent Relationship": "Inner", "Startup Cost": 20.74, "Total Cost": 20.74, "Plan Rows": 5, "Plan Width": 4, "Actual Startup Time": 0.024, "Actual Total Time": 0.024, "Actual Rows": 5, "Actual Loops": 1, "Hash Buckets": 32768, "Hash Batches": 1, "Original Hash Batches": 1, "Peak Memory Usage": 1, "Plans": [{"Node Type": "Nested Loop", "Parent Relationship": "Outer", "Join Type": "Inner", "Startup Cost": 0.0, "Total Cost": 20.74, "Plan Rows": 5, "Plan Width": 4, "Actual Startup Time": 0.016, "Actual Total Time": 0.022, "Actual Rows": 5, "Actual Loops": 1, "Inner Unique": false, "Plans": [{"Node Type": "Index Scan", "Parent Relationship": "Outer", "Scan Direction": "Forward", "Index Name": "region_pkey", "Relation Name": "region", "Alias": "region", "Startup Cost": 0.0, "Total Cost": 12.34, "Plan Rows": 1, "Plan Width": 4, "Actual Startup Time": 0.009, "Actual Total Time": 0.011, "Actual Rows": 1, "Actual Loops": 1, "Filter": "(r_name = 'ASIA'::bpchar)", "Rows Removed by Filter": 4}, {"Node Type": "Index Scan", "Parent Relationship": "Inner", "Scan Direction": "Forward", "Index Name": "idx_nation_regionkey", "Relation Name": "nation", "Alias": "n1", "Startup Cost": 0.0, "Total Cost": 8.35, "Plan Rows": 5, "Plan Width": 8, "Actual Startup Time": 0.004, "Actual Total Time": 0.005, "Actual Rows": 5, "Actual Loops": 1, "Index Cond": "(n_regionkey = region.r_regionkey)", "Rows Removed by Index Recheck": 0}]}]}]}, {"Node Type": "Hash", "Parent Relationship": "Inner", "Startup Cost": 12.62, "Total Cost": 12.62, "Plan Rows": 25, "Plan Width": 30, "Actual Startup Time": 0.037, "Actual Total Time": 0.037, "Actual Rows": 25, "Actual Loops": 1, "Hash Buckets": 32768, "Hash Batches": 1, "Original Hash Batches": 1, "Peak Memory Usage": 2, "Plans": [{"Node Type": "Index Scan", "Parent Relationship": "Outer", "Scan Direction": "Forward", "Index Name": "nation_pkey", "Relation Name": "nation", "Alias": "n2", "Startup Cost": 0.0, "Total Cost": 12.62, "Plan Rows": 25, "Plan Width": 30, "Actual Startup Time": 0.009, "Actual Total Time": 0.026, "Actual Rows": 25, "Actual Loops": 1}]}]}]}]}, "Triggers": [], "Planner Runtime": 4, "Total Runtime": 7473.55, "Unique SQL Id": 3681808042}}, "(64, 98)": {"explain_plan": {"Plan": {"Node Type": "Sort", "Startup Cost": 816569.87, "Total Cost": 816569.89, "Plan Rows": 10, "Plan Width": 66, "Sort Key": ["(date_part('year'::text, orders.o_orderdate))"], "Plans": [{"Node Type": "Aggregate", "Strategy": "Hashed", "Parent Relationship": "Outer", "Startup Cost": 816569.55, "Total Cost": 816569.7, "Plan Rows": 10, "Plan Width": 66, "Group By Key": ["date_part('year'::text, orders.o_orderdate)"], "Plans": [{"Node Type": "Hash Join", "Parent Relationship": "Outer", "Join Type": "Inner", "Startup Cost": 45453.88, "Total Cost": 816449.73, "Plan Rows": 5991, "Plan Width": 50, "Inner Unique": true, "Hash Cond": "(supplier.s_nationkey = n2.n_nationkey)", "Plans": [{"Node Type": "Hash Join", "Parent Relationship": "Outer", "Join Type": "Inner", "Startup Cost": 45452.32, "Total Cost": 816350.82, "Plan Rows": 5991, "Plan Width": 28, "Inner Unique": false, "Hash Cond": "(orders.o_custkey = customer.c_custkey)", "Plans": [{"Node Type": "Hash Join", "Parent Relationship": "Outer", "Join Type": "Inner", "Startup Cost": 4537.47, "Total Cost": 775184.07, "Plan Rows": 51198, "Plan Width": 36, "Inner Unique": true, "Hash Cond": "(lineitem.l_suppkey = supplier.s_suppkey)", "Plans": [{"Node Type": "Nested Loop", "Parent Relationship": "Outer", "Join Type": "Inner", "Startup Cost": 4.47, "Total Cost": 770271.73, "Plan Rows": 86479, "Plan Width": 40, "Inner Unique": true, "Plans": [{"Node Type": "Nested Loop", "Parent Relationship": "Outer", "Join Type": "Inner", "Startup Cost": 4.21, "Total Cost": 450147.9, "Plan Rows": 74637, "Plan Width": 32, "Inner Unique": false, "Plans": [{"Node Type": "Seq Scan", "Parent Relationship": "Outer", "Relation Name": "part", "Alias": "part", "Startup Cost": 0.0, "Total Cost": 66944.0, "Plan Rows": 13538, "Plan Width": 8, "Filter": "((p_type)::text = 'SMALL PLATED COPPER'::text)"}, {"Node Type": "Bitmap Heap Scan", "Parent Relationship": "Inner", "Relation Name": "lineitem", "Alias": "lineitem", "Startup Cost": 4.21, "Total Cost": 28.25, "Plan Rows": 6, "Plan Width": 40, "Recheck Cond": "(l_partkey = part.p_partkey)", "Plans": [{"Node Type": "Bitmap Index Scan", "Parent Relationship": "Outer", "Index Name": "idx_lineitem_part_supp", "Startup Cost": 0.0, "Total Cost": 4.21, "Plan Rows": 6, "Plan Width": 0, "Index Cond": "(l_partkey = part.p_partkey)"}]}]}, {"Node Type": "Bitmap Heap Scan", "Parent Relationship": "Inner", "Relation Name": "orders", "Alias": "orders", "Startup Cost": 0.26, "Total Cost": 4.28, "Plan Rows": 1, "Plan Width": 24, "Recheck Cond": "(o_orderkey = lineitem.l_orderkey)", "Filter": "((o_orderdate >= '1995-01-01 00:00:00'::timestamp(0) without time zone) AND (o_orderdate <= '1996-12-31 00:00:00'::timestamp(0) without time zone))", "Plans": [{"Node Type": "Bitmap Index Scan", "Parent Relationship": "Outer", "Index Name": "orders_pkey", "Startup Cost": 0.0, "Total Cost": 0.26, "Plan Rows": 1, "Plan Width": 0, "Index Cond": "(o_orderkey = lineitem.l_orderkey)"}]}]}, {"Node Type": "Hash", "Parent Relationship": "Inner", "Startup Cost": 3283.0, "Total Cost": 3283.0, "Plan Rows": 100000, "Plan Width": 12, "Plans": [{"Node Type": "Seq Scan", "Parent Relationship": "Outer", "Relation Name": "supplier", "Alias": "supplier", "Startup Cost": 0.0, "Total Cost": 3283.0, "Plan Rows": 100000, "Plan Width": 12}]}]}, {"Node Type": "Hash", "Parent Relationship": "Inner", "Startup Cost": 37164.85, "Total Cost": 37164.85, "Plan Rows": 300000, "Plan Width": 8, "Plans": [{"Node Type": "Nested Loop", "Parent Relationship": "Outer", "Join Type": "Inner", "Startup Cost": 1031.44, "Total Cost": 37164.85, "Plan Rows": 300000, "Plan Width": 8, "Inner Unique": false, "Plans": [{"Node Type": "Hash Join", "Parent Relationship": "Outer", "Join Type": "Inner", "Startup Cost": 1.07, "Total Cost": 2.44, "Plan Rows": 5, "Plan Width": 4, "Inner Unique": true, "Hash Cond": "(n1.n_regionkey = region.r_regionkey)", "Plans": [{"Node Type": "Seq Scan", "Parent Relationship": "Outer", "Relation Name": "nation", "Alias": "n1", "Startup Cost": 0.0, "Total Cost": 1.25, "Plan Rows": 25, "Plan Width": 8}, {"Node Type": "Hash", "Parent Relationship": "Inner", "Startup Cost": 1.06, "Total Cost": 1.06, "Plan Rows": 1, "Plan Width": 4, "Plans": [{"Node Type": "Seq Scan", "Parent Relationship": "Outer", "Relation Name": "region", "Alias": "region", "Startup Cost": 0.0, "Total Cost": 1.06, "Plan Rows": 1, "Plan Width": 4, "Filter": "(r_name = 'ASIA'::bpchar)"}]}]}, {"Node Type": "Bitmap Heap Scan", "Parent Relationship": "Inner", "Relation Name": "customer", "Alias": "customer", "Startup Cost": 1030.37, "Total Cost": 6832.48, "Plan Rows": 60000, "Plan Width": 12, "Recheck Cond": "(c_nationkey = n1.n_nationkey)", "Plans": [{"Node Type": "Bitmap Index Scan", "Parent Relationship": "Outer", "Index Name": "idx_customer_nationkey", "Startup Cost": 0.0, "Total Cost": 1015.37, "Plan Rows": 60000, "Plan Width": 0, "Index Cond": "(c_nationkey = n1.n_nationkey)"}]}]}]}]}, {"Node Type": "Hash", "Parent Relationship": "Inner", "Startup Cost": 1.25, "Total Cost": 1.25, "Plan Rows": 25, "Plan Width": 30, "Plans": [{"Node Type": "Seq Scan", "Parent Relationship": "Outer", "Relation Name": "nation", "Alias": "n2", "Startup Cost": 0.0, "Total Cost": 1.25, "Plan Rows": 25, "Plan Width": 30}]}]}]}]}, "Unique SQL Id": 3681808042, "Planner Runtime": 5}, "explain_analyze_plan": {"Plan": {"Node Type": "Sort", "Startup Cost": 816569.87, "Total Cost": 816569.89, "Plan Rows": 10, "Plan Width": 66, "Actual Startup Time": 7667.353, "Actual Total Time": 7667.353, "Actual Rows": 2, "Actual Loops": 1, "Sort Key": ["(date_part('year'::text, orders.o_orderdate))"], "Sort Method": "quicksort", "Sort Space Used": 25, "Sort Space Type": "Memory", "Plans": [{"Node Type": "Aggregate", "Strategy": "Hashed", "Parent Relationship": "Outer", "Startup Cost": 816569.55, "Total Cost": 816569.7, "Plan Rows": 10, "Plan Width": 66, "Actual Startup Time": 7667.332, "Actual Total Time": 7667.333, "Actual Rows": 2, "Actual Loops": 1, "Group By Key": ["date_part('year'::text, orders.o_orderdate)"], "Plans": [{"Node Type": "Hash Join", "Parent Relationship": "Outer", "Join Type": "Inner", "Startup Cost": 45453.88, "Total Cost": 816449.73, "Plan Rows": 5991, "Plan Width": 50, "Actual Startup Time": 851.926, "Actual Total Time": 7629.948, "Actual Rows": 23929, "Actual Loops": 1, "Inner Unique": true, "Hash Cond": "(supplier.s_nationkey = n2.n_nationkey)", "Plans": [{"Node Type": "Hash Join", "Parent Relationship": "Outer", "Join Type": "Inner", "Startup Cost": 45452.32, "Total Cost": 816350.82, "Plan Rows": 5991, "Plan Width": 28, "Actual Startup Time": 851.842, "Actual Total Time": 7596.199, "Actual Rows": 23929, "Actual Loops": 1, "Inner Unique": false, "Hash Cond": "(orders.o_custkey = customer.c_custkey)", "Plans": [{"Node Type": "Hash Join", "Parent Relationship": "Outer", "Join Type": "Inner", "Startup Cost": 4537.47, "Total Cost": 775184.07, "Plan Rows": 51198, "Plan Width": 36, "Actual Startup Time": 67.154, "Actual Total Time": 6749.258, "Actual Rows": 119765, "Actual Loops": 1, "Inner Unique": true, "Hash Cond": "(lineitem.l_suppkey = supplier.s_suppkey)", "Plans": [{"Node Type": "Nested Loop", "Parent Relationship": "Outer", "Join Type": "Inner", "Startup Cost": 4.47, "Total Cost": 770271.73, "Plan Rows": 86479, "Plan Width": 40, "Actual Startup Time": 0.114, "Actual Total Time": 6602.036, "Actual Rows": 119765, "Actual Loops": 1, "Inner Unique": true, "Plans": [{"Node Type": "Nested Loop", "Parent Relationship": "Outer", "Join Type": "Inner", "Startup Cost": 4.21, "Total Cost": 450147.9, "Plan Rows": 74637, "Plan Width": 32, "Actual Startup Time": 0.057, "Actual Total Time": 2278.967, "Actual Rows": 395341, "Actual Loops": 1, "Inner Unique": false, "Plans": [{"Node Type": "Seq Scan", "Parent Relationship": "Outer", "Relation Name": "part", "Alias": "part", "Startup Cost": 0.0, "Total Cost": 66944.0, "Plan Rows": 13538, "Plan Width": 8, "Actual Startup Time": 0.017, "Actual Total Time": 783.295, "Actual Rows": 13163, "Actual Loops": 1, "Filter": "((p_type)::text = 'SMALL PLATED COPPER'::text)", "Rows Removed by Filter": 1986837}, {"Node Type": "Bitmap Heap Scan", "Parent Relationship": "Inner", "Relation Name": "lineitem", "Alias": "lineitem", "Startup Cost": 4.21, "Total Cost": 28.25, "Plan Rows": 6, "Plan Width": 40, "Actual Startup Time": 265.088, "Actual Total Time": 1379.745, "Actual Rows": 395341, "Actual Loops": 13163, "Recheck Cond": "(l_partkey = part.p_partkey)", "Rows Removed by Index Recheck": 0, "Exact Heap Blocks": 395337, "Lossy Heap Blocks": 395337, "Plans": [{"Node Type": "Bitmap Index Scan", "Parent Relationship": "Outer", "Index Name": "idx_lineitem_part_supp", "Startup Cost": 0.0, "Total Cost": 4.21, "Plan Rows": 6, "Plan Width": 0, "Actual Startup Time": 172.579, "Actual Total Time": 172.579, "Actual Rows": 395341, "Actual Loops": 13163, "Index Cond": "(l_partkey = part.p_partkey)"}]}]}, {"Node Type": "Bitmap Heap Scan", "Parent Relationship": "Inner", "Relation Name": "orders", "Alias": "orders", "Startup Cost": 0.26, "Total Cost": 4.28, "Plan Rows": 1, "Plan Width": 24, "Actual Startup Time": 3846.759, "Actual Total Time": 3846.759, "Actual Rows": 119765, "Actual Loops": 395341, "Recheck Cond": "(o_orderkey = lineitem.l_orderkey)", "Rows Removed by Index Recheck": 0, "Filter": "((o_orderdate >= '1995-01-01 00:00:00'::timestamp(0) without time zone) AND (o_orderdate <= '1996-12-31 00:00:00'::timestamp(0) without time zone))", "Rows Removed by Filter": 275576, "Exact Heap Blocks": 395341, "Lossy Heap Blocks": 395341, "Plans": [{"Node Type": "Bitmap Index Scan", "Parent Relationship": "Outer", "Index Name": "orders_pkey", "Startup Cost": 0.0, "Total Cost": 0.26, "Plan Rows": 1, "Plan Width": 0, "Actual Startup Time": 2334.793, "Actual Total Time": 2334.793, "Actual Rows": 395341, "Actual Loops": 395341, "Index Cond": "(o_orderkey = lineitem.l_orderkey)"}]}]}, {"Node Type": "Hash", "Parent Relationship": "Inner", "Startup Cost": 3283.0, "Total Cost": 3283.0, "Plan Rows": 100000, "Plan Width": 12, "Actual Startup Time": 66.927, "Actual Total Time": 66.927, "Actual Rows": 100000, "Actual Loops": 1, "Hash Buckets": 131072, "Hash Batches": 1, "Original Hash Batches": 1, "Peak Memory Usage": 4297, "Plans": [{"Node Type": "Seq Scan", "Parent Relationship": "Outer", "Relation Name": "supplier", "Alias": "supplier", "Startup Cost": 0.0, "Total Cost": 3283.0, "Plan Rows": 100000, "Plan Width": 12, "Actual Startup Time": 0.014, "Actual Total Time": 39.887, "Actual Rows": 100000, "Actual Loops": 1}]}]}, {"Node Type": "Hash", "Parent Relationship": "Inner", "Startup Cost": 37164.85, "Total Cost": 37164.85, "Plan Rows": 300000, "Plan Width": 8, "Actual Startup Time": 784.246, "Actual Total Time": 784.246, "Actual Rows": 300270, "Actual Loops": 1, "Hash Buckets": 524288, "Hash Batches": 1, "Original Hash Batches": 1, "Peak Memory Usage": 11730, "Plans": [{"Node Type": "Nested Loop", "Parent Relationship": "Outer", "Join Type": "Inner", "Startup Cost": 1031.44, "Total Cost": 37164.85, "Plan Rows": 300000, "Plan Width": 8, "Actual Startup Time": 18.429, "Actual Total Time": 694.229, "Actual Rows": 300270, "Actual Loops": 1, "Inner Unique": false, "Plans": [{"Node Type": "Hash Join", "Parent Relationship": "Outer", "Join Type": "Inner", "Startup Cost": 1.07, "Total Cost": 2.44, "Plan Rows": 5, "Plan Width": 4, "Actual Startup Time": 0.072, "Actual Total Time": 0.127, "Actual Rows": 5, "Actual Loops": 1, "Inner Unique": true, "Hash Cond": "(n1.n_regionkey = region.r_regionkey)", "Plans": [{"Node Type": "Seq Scan", "Parent Relationship": "Outer", "Relation Name": "nation", "Alias": "n1", "Startup Cost": 0.0, "Total Cost": 1.25, "Plan Rows": 25, "Plan Width": 8, "Actual Startup Time": 0.016, "Actual Total Time": 0.031, "Actual Rows": 25, "Actual Loops": 1}, {"Node Type": "Hash", "Parent Relationship": "Inner", "Startup Cost": 1.06, "Total Cost": 1.06, "Plan Rows": 1, "Plan Width": 4, "Actual Startup Time": 0.017, "Actual Total Time": 0.017, "Actual Rows": 1, "Actual Loops": 1, "Hash Buckets": 32768, "Hash Batches": 1, "Original Hash Batches": 1, "Peak Memory Usage": 1, "Plans": [{"Node Type": "Seq Scan", "Parent Relationship": "Outer", "Relation Name": "region", "Alias": "region", "Startup Cost": 0.0, "Total Cost": 1.06, "Plan Rows": 1, "Plan Width": 4, "Actual Startup Time": 0.012, "Actual Total Time": 0.013, "Actual Rows": 1, "Actual Loops": 1, "Filter": "(r_name = 'ASIA'::bpchar)", "Rows Removed by Filter": 4}]}]}, {"Node Type": "Bitmap Heap Scan", "Parent Relationship": "Inner", "Relation Name": "customer", "Alias": "customer", "Startup Cost": 1030.37, "Total Cost": 6832.48, "Plan Rows": 60000, "Plan Width": 12, "Actual Startup Time": 89.958, "Actual Total Time": 635.494, "Actual Rows": 300270, "Actual Loops": 5, "Recheck Cond": "(c_nationkey = n1.n_nationkey)", "Rows Removed by Index Recheck": 0, "Exact Heap Blocks": 150032, "Lossy Heap Blocks": 150032, "Plans": [{"Node Type": "Bitmap Index Scan", "Parent Relationship": "Outer", "Index Name": "idx_customer_nationkey", "Startup Cost": 0.0, "Total Cost": 1015.37, "Plan Rows": 60000, "Plan Width": 0, "Actual Startup Time": 57.042, "Actual Total Time": 57.042, "Actual Rows": 300270, "Actual Loops": 5, "Index Cond": "(c_nationkey = n1.n_nationkey)"}]}]}]}]}, {"Node Type": "Hash", "Parent Relationship": "Inner", "Startup Cost": 1.25, "Total Cost": 1.25, "Plan Rows": 25, "Plan Width": 30, "Actual Startup Time": 0.033, "Actual Total Time": 0.033, "Actual Rows": 25, "Actual Loops": 1, "Hash Buckets": 32768, "Hash Batches": 1, "Original Hash Batches": 1, "Peak Memory Usage": 2, "Plans": [{"Node Type": "Seq Scan", "Parent Relationship": "Outer", "Relation Name": "nation", "Alias": "n2", "Startup Cost": 0.0, "Total Cost": 1.25, "Plan Rows": 25, "Plan Width": 30, "Actual Startup Time": 0.015, "Actual Total Time": 0.024, "Actual Rows": 25, "Actual Loops": 1}]}]}]}]}, "Triggers": [], "Planner Runtime": 5, "Total Runtime": 7667.878, "Unique SQL Id": 3681808042}}, "(64, 99)": {"explain_plan": {"Plan": {"Node Type": "Sort", "Startup Cost": 66661878.45, "Total Cost": 66661878.48, "Plan Rows": 10, "Plan Width": 66, "Sort Key": ["(date_part('year'::text, orders.o_orderdate))"], "Plans": [{"Node Type": "Aggregate", "Strategy": "Hashed", "Parent Relationship": "Outer", "Startup Cost": 66661878.14, "Total Cost": 66661878.29, "Plan Rows": 10, "Plan Width": 66, "Group By Key": ["date_part('year'::text, orders.o_orderdate)"], "Plans": [{"Node Type": "Nested Loop", "Parent Relationship": "Outer", "Join Type": "Inner", "Startup Cost": 115915.31, "Total Cost": 66661758.32, "Plan Rows": 5991, "Plan Width": 50, "Inner Unique": true, "Plans": [{"Node Type": "Nested Loop", "Parent Relationship": "Outer", "Join Type": "Inner", "Startup Cost": 115915.05, "Total Cost": 66636099.88, "Plan Rows": 5991, "Plan Width": 28, "Inner Unique": true, "Plans": [{"Node Type": "Nested Loop", "Parent Relationship": "Outer", "Join Type": "Inner", "Startup Cost": 115914.79, "Total Cost": 66562068.23, "Plan Rows": 17296, "Plan Width": 32, "Inner Unique": true, "Plans": [{"Node Type": "Nested Loop", "Parent Relationship": "Outer", "Join Type": "Inner", "Startup Cost": 115914.53, "Total Cost": 45938880.46, "Plan Rows": 4814867, "Plan Width": 40, "Inner Unique": false, "Plans": [{"Node Type": "Nested Loop", "Parent Relationship": "Outer", "Join Type": "Inner", "Startup Cost": 115914.01, "Total Cost": 43432501.27, "Plan Rows": 530296, "Plan Width": 16, "Inner Unique": true, "Plans": [{"Node Type": "Nested Loop", "Parent Relationship": "Outer", "Join Type": "Inner", "Startup Cost": 115913.43, "Total Cost": 31228406.3, "Plan Rows": 2651479, "Plan Width": 20, "Inner Unique": true, "Plans": [{"Node Type": "Nested Loop", "Parent Relationship": "Outer", "Join Type": "Inner", "Startup Cost": 115913.17, "Total Cost": 19879399.17, "Plan Rows": 2651479, "Plan Width": 20, "Inner Unique": true, "Plans": [{"Node Type": "Bitmap Heap Scan", "Parent Relationship": "Outer", "Relation Name": "orders", "Alias": "orders", "Startup Cost": 115912.91, "Total Cost": 460311.42, "Plan Rows": 4531967, "Plan Width": 24, "Recheck Cond": "((o_orderdate >= '1995-01-01 00:00:00'::timestamp(0) without time zone) AND (o_orderdate <= '1996-12-31 00:00:00'::timestamp(0) without time zone)), (LLVM Optimized)", "Plans": [{"Node Type": "Bitmap Index Scan", "Parent Relationship": "Outer", "Index Name": "idx_orders_orderdate", "Startup Cost": 0.0, "Total Cost": 114779.92, "Plan Rows": 4531967, "Plan Width": 0, "Index Cond": "((o_orderdate >= '1995-01-01 00:00:00'::timestamp(0) without time zone) AND (o_orderdate <= '1996-12-31 00:00:00'::timestamp(0) without time zone))"}]}, {"Node Type": "Bitmap Heap Scan", "Parent Relationship": "Inner", "Relation Name": "customer", "Alias": "customer", "Startup Cost": 0.26, "Total Cost": 4.27, "Plan Rows": 1, "Plan Width": 12, "Recheck Cond": "(c_custkey = orders.o_custkey)", "Plans": [{"Node Type": "Bitmap Index Scan", "Parent Relationship": "Outer", "Index Name": "customer_pkey", "Startup Cost": 0.0, "Total Cost": 0.26, "Plan Rows": 1, "Plan Width": 0, "Index Cond": "(c_custkey = orders.o_custkey)"}]}]}, {"Node Type": "Bitmap Heap Scan", "Parent Relationship": "Inner", "Relation Name": "nation", "Alias": "n1", "Startup Cost": 0.26, "Total Cost": 4.27, "Plan Rows": 1, "Plan Width": 8, "Recheck Cond": "(n_nationkey = customer.c_nationkey)", "Plans": [{"Node Type": "Bitmap Index Scan", "Parent Relationship": "Outer", "Index Name": "nation_pkey", "Startup Cost": 0.0, "Total Cost": 0.26, "Plan Rows": 1, "Plan Width": 0, "Index Cond": "(n_nationkey = customer.c_nationkey)"}]}]}, {"Node Type": "Bitmap Heap Scan", "Parent Relationship": "Inner", "Relation Name": "region", "Alias": "region", "Startup Cost": 0.58, "Total Cost": 4.59, "Plan Rows": 1, "Plan Width": 4, "Recheck Cond": "(r_regionkey = n1.n_regionkey)", "Filter": "(r_name = 'ASIA'::bpchar)", "Plans": [{"Node Type": "Bitmap Index Scan", "Parent Relationship": "Outer", "Index Name": "region_pkey", "Startup Cost": 0.0, "Total Cost": 0.58, "Plan Rows": 1, "Plan Width": 0, "Index Cond": "(r_regionkey = n1.n_regionkey)"}]}]}, {"Node Type": "Bitmap Heap Scan", "Parent Relationship": "Inner", "Relation Name": "lineitem", "Alias": "lineitem", "Startup Cost": 0.52, "Total Cost": 4.64, "Plan Rows": 9, "Plan Width": 40, "Recheck Cond": "(l_orderkey = orders.o_orderkey)", "Plans": [{"Node Type": "Bitmap Index Scan", "Parent Relationship": "Outer", "Index Name": "idx_lineitem_orderkey", "Startup Cost": 0.0, "Total Cost": 0.52, "Plan Rows": 9, "Plan Width": 0, "Index Cond": "(l_orderkey = orders.o_orderkey)"}]}]}, {"Node Type": "Bitmap Heap Scan", "Parent Relationship": "Inner", "Relation Name": "part", "Alias": "part", "Startup Cost": 0.26, "Total Cost": 4.27, "Plan Rows": 1, "Plan Width": 8, "Recheck Cond": "(p_partkey = lineitem.l_partkey)", "Filter": "((p_type)::text = 'SMALL PLATED COPPER'::text)", "Plans": [{"Node Type": "Bitmap Index Scan", "Parent Relationship": "Outer", "Index Name": "part_kpey", "Startup Cost": 0.0, "Total Cost": 0.26, "Plan Rows": 1, "Plan Width": 0, "Index Cond": "(p_partkey = lineitem.l_partkey)"}]}]}, {"Node Type": "Bitmap Heap Scan", "Parent Relationship": "Inner", "Relation Name": "supplier", "Alias": "supplier", "Startup Cost": 0.26, "Total Cost": 4.27, "Plan Rows": 1, "Plan Width": 12, "Recheck Cond": "(s_suppkey = lineitem.l_suppkey)", "Plans": [{"Node Type": "Bitmap Index Scan", "Parent Relationship": "Outer", "Index Name": "supplier_pkey", "Startup Cost": 0.0, "Total Cost": 0.26, "Plan Rows": 1, "Plan Width": 0, "Index Cond": "(s_suppkey = lineitem.l_suppkey)"}]}]}, {"Node Type": "Bitmap Heap Scan", "Parent Relationship": "Inner", "Relation Name": "nation", "Alias": "n2", "Startup Cost": 0.26, "Total Cost": 4.27, "Plan Rows": 1, "Plan Width": 30, "Recheck Cond": "(n_nationkey = supplier.s_nationkey)", "Plans": [{"Node Type": "Bitmap Index Scan", "Parent Relationship": "Outer", "Index Name": "nation_pkey", "Startup Cost": 0.0, "Total Cost": 0.26, "Plan Rows": 1, "Plan Width": 0, "Index Cond": "(n_nationkey = supplier.s_nationkey)"}]}]}]}]}, "Unique SQL Id": 3681808042, "Planner Runtime": 2}, "explain_analyze_plan": null}, "(64, 100)": {"explain_plan": {"Plan": {"Node Type": "Sort", "Startup Cost": 486022.68, "Total Cost": 486022.71, "Plan Rows": 10, "Plan Width": 66, "Sort Key": ["(date_part('year'::text, orders.o_orderdate))"], "Plans": [{"Node Type": "Aggregate", "Strategy": "Hashed", "Parent Relationship": "Outer", "Startup Cost": 486022.37, "Total Cost": 486022.52, "Plan Rows": 10, "Plan Width": 66, "Group By Key": ["date_part('year'::text, orders.o_orderdate)"], "Plans": [{"Node Type": "Hash Join", "Parent Relationship": "Outer", "Join Type": "Inner", "Startup Cost": 4537.06, "Total Cost": 485902.55, "Plan Rows": 5991, "Plan Width": 50, "Inner Unique": true, "Hash Cond": "(supplier.s_nationkey = n2.n_nationkey)", "Plans": [{"Node Type": "Hash Join", "Parent Relationship": "Outer", "Join Type": "Inner", "Startup Cost": 4535.5, "Total Cost": 485803.63, "Plan Rows": 5991, "Plan Width": 28, "Inner Unique": false, "Hash Cond": "(customer.c_nationkey = n1.n_nationkey)", "Plans": [{"Node Type": "Nested Loop", "Parent Relationship": "Outer", "Join Type": "Inner", "Startup Cost": 4533.0, "Total Cost": 485661.65, "Plan Rows": 29954, "Plan Width": 32, "Inner Unique": true, "Plans": [{"Node Type": "Hash Join", "Parent Relationship": "Outer", "Join Type": "Inner", "Startup Cost": 4533.0, "Total Cost": 469409.78, "Plan Rows": 51198, "Plan Width": 36, "Inner Unique": true, "Hash Cond": "(lineitem.l_suppkey = supplier.s_suppkey)", "Plans": [{"Node Type": "Nested Loop", "Parent Relationship": "Outer", "Join Type": "Inner", "Startup Cost": 0.0, "Total Cost": 464497.44, "Plan Rows": 86479, "Plan Width": 40, "Inner Unique": true, "Plans": [{"Node Type": "Nested Loop", "Parent Relationship": "Outer", "Join Type": "Inner", "Startup Cost": 0.0, "Total Cost": 441564.57, "Plan Rows": 74637, "Plan Width": 32, "Inner Unique": false, "Plans": [{"Node Type": "Seq Scan", "Parent Relationship": "Outer", "Relation Name": "part", "Alias": "part", "Startup Cost": 0.0, "Total Cost": 66944.0, "Plan Rows": 13538, "Plan Width": 8, "Filter": "((p_type)::text = 'SMALL PLATED COPPER'::text)"}, {"Node Type": "Index Scan", "Parent Relationship": "Inner", "Scan Direction": "Forward", "Index Name": "idx_lineitem_part_supp", "Relation Name": "lineitem", "Alias": "lineitem", "Startup Cost": 0.0, "Total Cost": 27.61, "Plan Rows": 6, "Plan Width": 40, "Index Cond": "(l_partkey = part.p_partkey)"}]}, {"Node Type": "Index Scan", "Parent Relationship": "Inner", "Scan Direction": "Forward", "Index Name": "orders_pkey", "Relation Name": "orders", "Alias": "orders", "Startup Cost": 0.0, "Total Cost": 0.3, "Plan Rows": 1, "Plan Width": 24, "Index Cond": "(o_orderkey = lineitem.l_orderkey)", "Filter": "((o_orderdate >= '1995-01-01 00:00:00'::timestamp(0) without time zone) AND (o_orderdate <= '1996-12-31 00:00:00'::timestamp(0) without time zone))"}]}, {"Node Type": "Hash", "Parent Relationship": "Inner", "Startup Cost": 3283.0, "Total Cost": 3283.0, "Plan Rows": 100000, "Plan Width": 12, "Plans": [{"Node Type": "Seq Scan", "Parent Relationship": "Outer", "Relation Name": "supplier", "Alias": "supplier", "Startup Cost": 0.0, "Total Cost": 3283.0, "Plan Rows": 100000, "Plan Width": 12}]}]}, {"Node Type": "Index Scan", "Parent Relationship": "Inner", "Scan Direction": "Forward", "Index Name": "customer_pkey", "Relation Name": "customer", "Alias": "customer", "Startup Cost": 0.0, "Total Cost": 0.31, "Plan Rows": 1, "Plan Width": 12, "Index Cond": "(c_custkey = orders.o_custkey)"}]}, {"Node Type": "Hash", "Parent Relationship": "Inner", "Startup Cost": 2.44, "Total Cost": 2.44, "Plan Rows": 5, "Plan Width": 4, "Plans": [{"Node Type": "Hash Join", "Parent Relationship": "Outer", "Join Type": "Inner", "Startup Cost": 1.07, "Total Cost": 2.44, "Plan Rows": 5, "Plan Width": 4, "Inner Unique": true, "Hash Cond": "(n1.n_regionkey = region.r_regionkey)", "Plans": [{"Node Type": "Seq Scan", "Parent Relationship": "Outer", "Relation Name": "nation", "Alias": "n1", "Startup Cost": 0.0, "Total Cost": 1.25, "Plan Rows": 25, "Plan Width": 8}, {"Node Type": "Hash", "Parent Relationship": "Inner", "Startup Cost": 1.06, "Total Cost": 1.06, "Plan Rows": 1, "Plan Width": 4, "Plans": [{"Node Type": "Seq Scan", "Parent Relationship": "Outer", "Relation Name": "region", "Alias": "region", "Startup Cost": 0.0, "Total Cost": 1.06, "Plan Rows": 1, "Plan Width": 4, "Filter": "(r_name = 'ASIA'::bpchar)"}]}]}]}]}, {"Node Type": "Hash", "Parent Relationship": "Inner", "Startup Cost": 1.25, "Total Cost": 1.25, "Plan Rows": 25, "Plan Width": 30, "Plans": [{"Node Type": "Seq Scan", "Parent Relationship": "Outer", "Relation Name": "nation", "Alias": "n2", "Startup Cost": 0.0, "Total Cost": 1.25, "Plan Rows": 25, "Plan Width": 30}]}]}]}]}, "Unique SQL Id": 3681808042, "Planner Runtime": 5}, "explain_analyze_plan": {"Plan": {"Node Type": "Sort", "Startup Cost": 486022.68, "Total Cost": 486022.71, "Plan Rows": 10, "Plan Width": 66, "Actual Startup Time": 6756.022, "Actual Total Time": 6756.022, "Actual Rows": 2, "Actual Loops": 1, "Sort Key": ["(date_part('year'::text, orders.o_orderdate))"], "Sort Method": "quicksort", "Sort Space Used": 25, "Sort Space Type": "Memory", "Plans": [{"Node Type": "Aggregate", "Strategy": "Hashed", "Parent Relationship": "Outer", "Startup Cost": 486022.37, "Total Cost": 486022.52, "Plan Rows": 10, "Plan Width": 66, "Actual Startup Time": 6755.961, "Actual Total Time": 6755.962, "Actual Rows": 2, "Actual Loops": 1, "Group By Key": ["date_part('year'::text, orders.o_orderdate)"], "Plans": [{"Node Type": "Hash Join", "Parent Relationship": "Outer", "Join Type": "Inner", "Startup Cost": 4537.06, "Total Cost": 485902.55, "Plan Rows": 5991, "Plan Width": 50, "Actual Startup Time": 67.43, "Actual Total Time": 6719.443, "Actual Rows": 23929, "Actual Loops": 1, "Inner Unique": true, "Hash Cond": "(supplier.s_nationkey = n2.n_nationkey)", "Plans": [{"Node Type": "Hash Join", "Parent Relationship": "Outer", "Join Type": "Inner", "Startup Cost": 4535.5, "Total Cost": 485803.63, "Plan Rows": 5991, "Plan Width": 28, "Actual Startup Time": 67.32, "Actual Total Time": 6686.883, "Actual Rows": 23929, "Actual Loops": 1, "Inner Unique": false, "Hash Cond": "(customer.c_nationkey = n1.n_nationkey)", "Plans": [{"Node Type": "Nested Loop", "Parent Relationship": "Outer", "Join Type": "Inner", "Startup Cost": 4533.0, "Total Cost": 485661.65, "Plan Rows": 29954, "Plan Width": 32, "Actual Startup Time": 66.995, "Actual Total Time": 6648.807, "Actual Rows": 119765, "Actual Loops": 1, "Inner Unique": true, "Plans": [{"Node Type": "Hash Join", "Parent Relationship": "Outer", "Join Type": "Inner", "Startup Cost": 4533.0, "Total Cost": 469409.78, "Plan Rows": 51198, "Plan Width": 36, "Actual Startup Time": 66.961, "Actual Total Time": 5656.883, "Actual Rows": 119765, "Actual Loops": 1, "Inner Unique": true, "Hash Cond": "(lineitem.l_suppkey = supplier.s_suppkey)", "Plans": [{"Node Type": "Nested Loop", "Parent Relationship": "Outer", "Join Type": "Inner", "Startup Cost": 0.0, "Total Cost": 464497.44, "Plan Rows": 86479, "Plan Width": 40, "Actual Startup Time": 0.202, "Actual Total Time": 5506.065, "Actual Rows": 119765, "Actual Loops": 1, "Inner Unique": true, "Plans": [{"Node Type": "Nested Loop", "Parent Relationship": "Outer", "Join Type": "Inner", "Startup Cost": 0.0, "Total Cost": 441564.57, "Plan Rows": 74637, "Plan Width": 32, "Actual Startup Time": 0.04, "Actual Total Time": 2015.962, "Actual Rows": 395341, "Actual Loops": 1, "Inner Unique": false, "Plans": [{"Node Type": "Seq Scan", "Parent Relationship": "Outer", "Relation Name": "part", "Alias": "part", "Startup Cost": 0.0, "Total Cost": 66944.0, "Plan Rows": 13538, "Plan Width": 8, "Actual Startup Time": 0.02, "Actual Total Time": 775.693, "Actual Rows": 13163, "Actual Loops": 1, "Filter": "((p_type)::text = 'SMALL PLATED COPPER'::text)", "Rows Removed by Filter": 1986837}, {"Node Type": "Index Scan", "Parent Relationship": "Inner", "Scan Direction": "Forward", "Index Name": "idx_lineitem_part_supp", "Relation Name": "lineitem", "Alias": "lineitem", "Startup Cost": 0.0, "Total Cost": 27.61, "Plan Rows": 6, "Plan Width": 40, "Actual Startup Time": 155.92, "Actual Total Time": 1137.781, "Actual Rows": 395341, "Actual Loops": 13163, "Index Cond": "(l_partkey = part.p_partkey)", "Rows Removed by Index Recheck": 0}]}, {"Node Type": "Index Scan", "Parent Relationship": "Inner", "Scan Direction": "Forward", "Index Name": "orders_pkey", "Relation Name": "orders", "Alias": "orders", "Startup Cost": 0.0, "Total Cost": 0.3, "Plan Rows": 1, "Plan Width": 24, "Actual Startup Time": 3259.926, "Actual Total Time": 3259.926, "Actual Rows": 119765, "Actual Loops": 395341, "Index Cond": "(o_orderkey = lineitem.l_orderkey)", "Rows Removed by Index Recheck": 0, "Filter": "((o_orderdate >= '1995-01-01 00:00:00'::timestamp(0) without time zone) AND (o_orderdate <= '1996-12-31 00:00:00'::timestamp(0) without time zone))", "Rows Removed by Filter": 275576}]}, {"Node Type": "Hash", "Parent Relationship": "Inner", "Startup Cost": 3283.0, "Total Cost": 3283.0, "Plan Rows": 100000, "Plan Width": 12, "Actual Startup Time": 66.654, "Actual Total Time": 66.654, "Actual Rows": 100000, "Actual Loops": 1, "Hash Buckets": 131072, "Hash Batches": 1, "Original Hash Batches": 1, "Peak Memory Usage": 4297, "Plans": [{"Node Type": "Seq Scan", "Parent Relationship": "Outer", "Relation Name": "supplier", "Alias": "supplier", "Startup Cost": 0.0, "Total Cost": 3283.0, "Plan Rows": 100000, "Plan Width": 12, "Actual Startup Time": 0.01, "Actual Total Time": 40.336, "Actual Rows": 100000, "Actual Loops": 1}]}]}, {"Node Type": "Index Scan", "Parent Relationship": "Inner", "Scan Direction": "Forward", "Index Name": "customer_pkey", "Relation Name": "customer", "Alias": "customer", "Startup Cost": 0.0, "Total Cost": 0.31, "Plan Rows": 1, "Plan Width": 12, "Actual Startup Time": 882.839, "Actual Total Time": 882.839, "Actual Rows": 119765, "Actual Loops": 119765, "Index Cond": "(c_custkey = orders.o_custkey)", "Rows Removed by Index Recheck": 0}]}, {"Node Type": "Hash", "Parent Relationship": "Inner", "Startup Cost": 2.44, "Total Cost": 2.44, "Plan Rows": 5, "Plan Width": 4, "Actual Startup Time": 0.066, "Actual Total Time": 0.066, "Actual Rows": 5, "Actual Loops": 1, "Hash Buckets": 32768, "Hash Batches": 1, "Original Hash Batches": 1, "Peak Memory Usage": 1, "Plans": [{"Node Type": "Hash Join", "Parent Relationship": "Outer", "Join Type": "Inner", "Startup Cost": 1.07, "Total Cost": 2.44, "Plan Rows": 5, "Plan Width": 4, "Actual Startup Time": 0.051, "Actual Total Time": 0.059, "Actual Rows": 5, "Actual Loops": 1, "Inner Unique": true, "Hash Cond": "(n1.n_regionkey = region.r_regionkey)", "Plans": [{"Node Type": "Seq Scan", "Parent Relationship": "Outer", "Relation Name": "nation", "Alias": "n1", "Startup Cost": 0.0, "Total Cost": 1.25, "Plan Rows": 25, "Plan Width": 8, "Actual Startup Time": 0.006, "Actual Total Time": 0.01, "Actual Rows": 25, "Actual Loops": 1}, {"Node Type": "Hash", "Parent Relationship": "Inner", "Startup Cost": 1.06, "Total Cost": 1.06, "Plan Rows": 1, "Plan Width": 4, "Actual Startup Time": 0.011, "Actual Total Time": 0.011, "Actual Rows": 1, "Actual Loops": 1, "Hash Buckets": 32768, "Hash Batches": 1, "Original Hash Batches": 1, "Peak Memory Usage": 1, "Plans": [{"Node Type": "Seq Scan", "Parent Relationship": "Outer", "Relation Name": "region", "Alias": "region", "Startup Cost": 0.0, "Total Cost": 1.06, "Plan Rows": 1, "Plan Width": 4, "Actual Startup Time": 0.009, "Actual Total Time": 0.01, "Actual Rows": 1, "Actual Loops": 1, "Filter": "(r_name = 'ASIA'::bpchar)", "Rows Removed by Filter": 4}]}]}]}]}, {"Node Type": "Hash", "Parent Relationship": "Inner", "Startup Cost": 1.25, "Total Cost": 1.25, "Plan Rows": 25, "Plan Width": 30, "Actual Startup Time": 0.038, "Actual Total Time": 0.038, "Actual Rows": 25, "Actual Loops": 1, "Hash Buckets": 32768, "Hash Batches": 1, "Original Hash Batches": 1, "Peak Memory Usage": 2, "Plans": [{"Node Type": "Seq Scan", "Parent Relationship": "Outer", "Relation Name": "nation", "Alias": "n2", "Startup Cost": 0.0, "Total Cost": 1.25, "Plan Rows": 25, "Plan Width": 30, "Actual Startup Time": 0.012, "Actual Total Time": 0.017, "Actual Rows": 25, "Actual Loops": 1}]}]}]}]}, "Triggers": [], "Planner Runtime": 5, "Total Runtime": 6756.391, "Unique SQL Id": 3681808042}}, "(64, 101)": {"explain_plan": {"Plan": {"Node Type": "Sort", "Startup Cost": 526963.15, "Total Cost": 526963.18, "Plan Rows": 10, "Plan Width": 66, "Sort Key": ["(date_part('year'::text, orders.o_orderdate))"], "Plans": [{"Node Type": "Aggregate", "Strategy": "Hashed", "Parent Relationship": "Outer", "Startup Cost": 526962.83, "Total Cost": 526962.98, "Plan Rows": 10, "Plan Width": 66, "Group By Key": ["date_part('year'::text, orders.o_orderdate)"], "Plans": [{"Node Type": "Hash Join", "Parent Relationship": "Outer", "Join Type": "Inner", "Startup Cost": 6618.28, "Total Cost": 526843.01, "Plan Rows": 5991, "Plan Width": 50, "Inner Unique": true, "Hash Cond": "(supplier.s_nationkey = n2.n_nationkey)", "Plans": [{"Node Type": "Hash Join", "Parent Relationship": "Outer", "Join Type": "Inner", "Startup Cost": 6605.34, "Total Cost": 526732.72, "Plan Rows": 5991, "Plan Width": 28, "Inner Unique": false, "Hash Cond": "(customer.c_nationkey = n1.n_nationkey)", "Plans": [{"Node Type": "Nested Loop", "Parent Relationship": "Outer", "Join Type": "Inner", "Startup Cost": 6584.54, "Total Cost": 526572.45, "Plan Rows": 29954, "Plan Width": 32, "Inner Unique": true, "Plans": [{"Node Type": "Hash Join", "Parent Relationship": "Outer", "Join Type": "Inner", "Startup Cost": 6584.54, "Total Cost": 510320.57, "Plan Rows": 51198, "Plan Width": 36, "Inner Unique": true, "Hash Cond": "(lineitem.l_suppkey = supplier.s_suppkey)", "Plans": [{"Node Type": "Nested Loop", "Parent Relationship": "Outer", "Join Type": "Inner", "Startup Cost": 0.0, "Total Cost": 503356.69, "Plan Rows": 86479, "Plan Width": 40, "Inner Unique": true, "Plans": [{"Node Type": "Nested Loop", "Parent Relationship": "Outer", "Join Type": "Inner", "Startup Cost": 0.0, "Total Cost": 480423.82, "Plan Rows": 74637, "Plan Width": 32, "Inner Unique": false, "Plans": [{"Node Type": "Index Scan", "Parent Relationship": "Outer", "Scan Direction": "Forward", "Index Name": "part_kpey", "Relation Name": "part", "Alias": "part", "Startup Cost": 0.0, "Total Cost": 105803.25, "Plan Rows": 13538, "Plan Width": 8, "Filter": "((p_type)::text = 'SMALL PLATED COPPER'::text)"}, {"Node Type": "Index Scan", "Parent Relationship": "Inner", "Scan Direction": "Forward", "Index Name": "idx_lineitem_part_supp", "Relation Name": "lineitem", "Alias": "lineitem", "Startup Cost": 0.0, "Total Cost": 27.61, "Plan Rows": 6, "Plan Width": 40, "Index Cond": "(l_partkey = part.p_partkey)"}]}, {"Node Type": "Index Scan", "Parent Relationship": "Inner", "Scan Direction": "Forward", "Index Name": "orders_pkey", "Relation Name": "orders", "Alias": "orders", "Startup Cost": 0.0, "Total Cost": 0.3, "Plan Rows": 1, "Plan Width": 24, "Index Cond": "(o_orderkey = lineitem.l_orderkey)", "Filter": "((o_orderdate >= '1995-01-01 00:00:00'::timestamp(0) without time zone) AND (o_orderdate <= '1996-12-31 00:00:00'::timestamp(0) without time zone))"}]}, {"Node Type": "Hash", "Parent Relationship": "Inner", "Startup Cost": 5334.54, "Total Cost": 5334.54, "Plan Rows": 100000, "Plan Width": 12, "Plans": [{"Node Type": "Index Scan", "Parent Relationship": "Outer", "Scan Direction": "Forward", "Index Name": "supplier_pkey", "Relation Name": "supplier", "Alias": "supplier", "Startup Cost": 0.0, "Total Cost": 5334.54, "Plan Rows": 100000, "Plan Width": 12}]}]}, {"Node Type": "Index Scan", "Parent Relationship": "Inner", "Scan Direction": "Forward", "Index Name": "customer_pkey", "Relation Name": "customer", "Alias": "customer", "Startup Cost": 0.0, "Total Cost": 0.31, "Plan Rows": 1, "Plan Width": 12, "Index Cond": "(c_custkey = orders.o_custkey)"}]}, {"Node Type": "Hash", "Parent Relationship": "Inner", "Startup Cost": 20.74, "Total Cost": 20.74, "Plan Rows": 5, "Plan Width": 4, "Plans": [{"Node Type": "Nested Loop", "Parent Relationship": "Outer", "Join Type": "Inner", "Startup Cost": 0.0, "Total Cost": 20.74, "Plan Rows": 5, "Plan Width": 4, "Inner Unique": false, "Plans": [{"Node Type": "Index Scan", "Parent Relationship": "Outer", "Scan Direction": "Forward", "Index Name": "region_pkey", "Relation Name": "region", "Alias": "region", "Startup Cost": 0.0, "Total Cost": 12.34, "Plan Rows": 1, "Plan Width": 4, "Filter": "(r_name = 'ASIA'::bpchar)"}, {"Node Type": "Index Scan", "Parent Relationship": "Inner", "Scan Direction": "Forward", "Index Name": "idx_nation_regionkey", "Relation Name": "nation", "Alias": "n1", "Startup Cost": 0.0, "Total Cost": 8.35, "Plan Rows": 5, "Plan Width": 8, "Index Cond": "(n_regionkey = region.r_regionkey)"}]}]}]}, {"Node Type": "Hash", "Parent Relationship": "Inner", "Startup Cost": 12.62, "Total Cost": 12.62, "Plan Rows": 25, "Plan Width": 30, "Plans": [{"Node Type": "Index Scan", "Parent Relationship": "Outer", "Scan Direction": "Forward", "Index Name": "nation_pkey", "Relation Name": "nation", "Alias": "n2", "Startup Cost": 0.0, "Total Cost": 12.62, "Plan Rows": 25, "Plan Width": 30}]}]}]}]}, "Unique SQL Id": 3681808042, "Planner Runtime": 4}, "explain_analyze_plan": {"Plan": {"Node Type": "Sort", "Startup Cost": 526963.15, "Total Cost": 526963.18, "Plan Rows": 10, "Plan Width": 66, "Actual Startup Time": 7473.195, "Actual Total Time": 7473.195, "Actual Rows": 2, "Actual Loops": 1, "Sort Key": ["(date_part('year'::text, orders.o_orderdate))"], "Sort Method": "quicksort", "Sort Space Used": 25, "Sort Space Type": "Memory", "Plans": [{"Node Type": "Aggregate", "Strategy": "Hashed", "Parent Relationship": "Outer", "Startup Cost": 526962.83, "Total Cost": 526962.98, "Plan Rows": 10, "Plan Width": 66, "Actual Startup Time": 7473.174, "Actual Total Time": 7473.175, "Actual Rows": 2, "Actual Loops": 1, "Group By Key": ["date_part('year'::text, orders.o_orderdate)"], "Plans": [{"Node Type": "Hash Join", "Parent Relationship": "Outer", "Join Type": "Inner", "Startup Cost": 6618.28, "Total Cost": 526843.01, "Plan Rows": 5991, "Plan Width": 50, "Actual Startup Time": 111.253, "Actual Total Time": 7439.205, "Actual Rows": 23929, "Actual Loops": 1, "Inner Unique": true, "Hash Cond": "(supplier.s_nationkey = n2.n_nationkey)", "Plans": [{"Node Type": "Hash Join", "Parent Relationship": "Outer", "Join Type": "Inner", "Startup Cost": 6605.34, "Total Cost": 526732.72, "Plan Rows": 5991, "Plan Width": 28, "Actual Startup Time": 111.16, "Actual Total Time": 7408.027, "Actual Rows": 23929, "Actual Loops": 1, "Inner Unique": false, "Hash Cond": "(customer.c_nationkey = n1.n_nationkey)", "Plans": [{"Node Type": "Nested Loop", "Parent Relationship": "Outer", "Join Type": "Inner", "Startup Cost": 6584.54, "Total Cost": 526572.45, "Plan Rows": 29954, "Plan Width": 32, "Actual Startup Time": 110.89, "Actual Total Time": 7370.669, "Actual Rows": 119765, "Actual Loops": 1, "Inner Unique": true, "Plans": [{"Node Type": "Hash Join", "Parent Relationship": "Outer", "Join Type": "Inner", "Startup Cost": 6584.54, "Total Cost": 510320.57, "Plan Rows": 51198, "Plan Width": 36, "Actual Startup Time": 110.859, "Actual Total Time": 6357.419, "Actual Rows": 119765, "Actual Loops": 1, "Inner Unique": true, "Hash Cond": "(lineitem.l_suppkey = supplier.s_suppkey)", "Plans": [{"Node Type": "Nested Loop", "Parent Relationship": "Outer", "Join Type": "Inner", "Startup Cost": 0.0, "Total Cost": 503356.69, "Plan Rows": 86479, "Plan Width": 40, "Actual Startup Time": 0.155, "Actual Total Time": 6165.628, "Actual Rows": 119765, "Actual Loops": 1, "Inner Unique": true, "Plans": [{"Node Type": "Nested Loop", "Parent Relationship": "Outer", "Join Type": "Inner", "Startup Cost": 0.0, "Total Cost": 480423.82, "Plan Rows": 74637, "Plan Width": 32, "Actual Startup Time": 0.039, "Actual Total Time": 2622.64, "Actual Rows": 395341, "Actual Loops": 1, "Inner Unique": false, "Plans": [{"Node Type": "Index Scan", "Parent Relationship": "Outer", "Scan Direction": "Forward", "Index Name": "part_kpey", "Relation Name": "part", "Alias": "part", "Startup Cost": 0.0, "Total Cost": 105803.25, "Plan Rows": 13538, "Plan Width": 8, "Actual Startup Time": 0.024, "Actual Total Time": 1376.051, "Actual Rows": 13163, "Actual Loops": 1, "Filter": "((p_type)::text = 'SMALL PLATED COPPER'::text)", "Rows Removed by Filter": 1986837}, {"Node Type": "Index Scan", "Parent Relationship": "Inner", "Scan Direction": "Forward", "Index Name": "idx_lineitem_part_supp", "Relation Name": "lineitem", "Alias": "lineitem", "Startup Cost": 0.0, "Total Cost": 27.61, "Plan Rows": 6, "Plan Width": 40, "Actual Startup Time": 153.471, "Actual Total Time": 1145.154, "Actual Rows": 395341, "Actual Loops": 13163, "Index Cond": "(l_partkey = part.p_partkey)", "Rows Removed by Index Recheck": 0}]}, {"Node Type": "Index Scan", "Parent Relationship": "Inner", "Scan Direction": "Forward", "Index Name": "orders_pkey", "Relation Name": "orders", "Alias": "orders", "Startup Cost": 0.0, "Total Cost": 0.3, "Plan Rows": 1, "Plan Width": 24, "Actual Startup Time": 3308.468, "Actual Total Time": 3308.468, "Actual Rows": 119765, "Actual Loops": 395341, "Index Cond": "(o_orderkey = lineitem.l_orderkey)", "Rows Removed by Index Recheck": 0, "Filter": "((o_orderdate >= '1995-01-01 00:00:00'::timestamp(0) without time zone) AND (o_orderdate <= '1996-12-31 00:00:00'::timestamp(0) without time zone))", "Rows Removed by Filter": 275576}]}, {"Node Type": "Hash", "Parent Relationship": "Inner", "Startup Cost": 5334.54, "Total Cost": 5334.54, "Plan Rows": 100000, "Plan Width": 12, "Actual Startup Time": 110.598, "Actual Total Time": 110.598, "Actual Rows": 100000, "Actual Loops": 1, "Hash Buckets": 131072, "Hash Batches": 1, "Original Hash Batches": 1, "Peak Memory Usage": 4297, "Plans": [{"Node Type": "Index Scan", "Parent Relationship": "Outer", "Scan Direction": "Forward", "Index Name": "supplier_pkey", "Relation Name": "supplier", "Alias": "supplier", "Startup Cost": 0.0, "Total Cost": 5334.54, "Plan Rows": 100000, "Plan Width": 12, "Actual Startup Time": 0.017, "Actual Total Time": 82.915, "Actual Rows": 100000, "Actual Loops": 1}]}]}, {"Node Type": "Index Scan", "Parent Relationship": "Inner", "Scan Direction": "Forward", "Index Name": "customer_pkey", "Relation Name": "customer", "Alias": "customer", "Startup Cost": 0.0, "Total Cost": 0.31, "Plan Rows": 1, "Plan Width": 12, "Actual Startup Time": 903.566, "Actual Total Time": 903.566, "Actual Rows": 119765, "Actual Loops": 119765, "Index Cond": "(c_custkey = orders.o_custkey)", "Rows Removed by Index Recheck": 0}]}, {"Node Type": "Hash", "Parent Relationship": "Inner", "Startup Cost": 20.74, "Total Cost": 20.74, "Plan Rows": 5, "Plan Width": 4, "Actual Startup Time": 0.024, "Actual Total Time": 0.024, "Actual Rows": 5, "Actual Loops": 1, "Hash Buckets": 32768, "Hash Batches": 1, "Original Hash Batches": 1, "Peak Memory Usage": 1, "Plans": [{"Node Type": "Nested Loop", "Parent Relationship": "Outer", "Join Type": "Inner", "Startup Cost": 0.0, "Total Cost": 20.74, "Plan Rows": 5, "Plan Width": 4, "Actual Startup Time": 0.016, "Actual Total Time": 0.022, "Actual Rows": 5, "Actual Loops": 1, "Inner Unique": false, "Plans": [{"Node Type": "Index Scan", "Parent Relationship": "Outer", "Scan Direction": "Forward", "Index Name": "region_pkey", "Relation Name": "region", "Alias": "region", "Startup Cost": 0.0, "Total Cost": 12.34, "Plan Rows": 1, "Plan Width": 4, "Actual Startup Time": 0.009, "Actual Total Time": 0.011, "Actual Rows": 1, "Actual Loops": 1, "Filter": "(r_name = 'ASIA'::bpchar)", "Rows Removed by Filter": 4}, {"Node Type": "Index Scan", "Parent Relationship": "Inner", "Scan Direction": "Forward", "Index Name": "idx_nation_regionkey", "Relation Name": "nation", "Alias": "n1", "Startup Cost": 0.0, "Total Cost": 8.35, "Plan Rows": 5, "Plan Width": 8, "Actual Startup Time": 0.004, "Actual Total Time": 0.005, "Actual Rows": 5, "Actual Loops": 1, "Index Cond": "(n_regionkey = region.r_regionkey)", "Rows Removed by Index Recheck": 0}]}]}]}, {"Node Type": "Hash", "Parent Relationship": "Inner", "Startup Cost": 12.62, "Total Cost": 12.62, "Plan Rows": 25, "Plan Width": 30, "Actual Startup Time": 0.037, "Actual Total Time": 0.037, "Actual Rows": 25, "Actual Loops": 1, "Hash Buckets": 32768, "Hash Batches": 1, "Original Hash Batches": 1, "Peak Memory Usage": 2, "Plans": [{"Node Type": "Index Scan", "Parent Relationship": "Outer", "Scan Direction": "Forward", "Index Name": "nation_pkey", "Relation Name": "nation", "Alias": "n2", "Startup Cost": 0.0, "Total Cost": 12.62, "Plan Rows": 25, "Plan Width": 30, "Actual Startup Time": 0.009, "Actual Total Time": 0.026, "Actual Rows": 25, "Actual Loops": 1}]}]}]}]}, "Triggers": [], "Planner Runtime": 4, "Total Runtime": 7473.55, "Unique SQL Id": 3681808042}}, "(64, 102)": {"explain_plan": {"Plan": {"Node Type": "Sort", "Startup Cost": 816569.87, "Total Cost": 816569.89, "Plan Rows": 10, "Plan Width": 66, "Sort Key": ["(date_part('year'::text, orders.o_orderdate))"], "Plans": [{"Node Type": "Aggregate", "Strategy": "Hashed", "Parent Relationship": "Outer", "Startup Cost": 816569.55, "Total Cost": 816569.7, "Plan Rows": 10, "Plan Width": 66, "Group By Key": ["date_part('year'::text, orders.o_orderdate)"], "Plans": [{"Node Type": "Hash Join", "Parent Relationship": "Outer", "Join Type": "Inner", "Startup Cost": 45453.88, "Total Cost": 816449.73, "Plan Rows": 5991, "Plan Width": 50, "Inner Unique": true, "Hash Cond": "(supplier.s_nationkey = n2.n_nationkey)", "Plans": [{"Node Type": "Hash Join", "Parent Relationship": "Outer", "Join Type": "Inner", "Startup Cost": 45452.32, "Total Cost": 816350.82, "Plan Rows": 5991, "Plan Width": 28, "Inner Unique": false, "Hash Cond": "(orders.o_custkey = customer.c_custkey)", "Plans": [{"Node Type": "Hash Join", "Parent Relationship": "Outer", "Join Type": "Inner", "Startup Cost": 4537.47, "Total Cost": 775184.07, "Plan Rows": 51198, "Plan Width": 36, "Inner Unique": true, "Hash Cond": "(lineitem.l_suppkey = supplier.s_suppkey)", "Plans": [{"Node Type": "Nested Loop", "Parent Relationship": "Outer", "Join Type": "Inner", "Startup Cost": 4.47, "Total Cost": 770271.73, "Plan Rows": 86479, "Plan Width": 40, "Inner Unique": true, "Plans": [{"Node Type": "Nested Loop", "Parent Relationship": "Outer", "Join Type": "Inner", "Startup Cost": 4.21, "Total Cost": 450147.9, "Plan Rows": 74637, "Plan Width": 32, "Inner Unique": false, "Plans": [{"Node Type": "Seq Scan", "Parent Relationship": "Outer", "Relation Name": "part", "Alias": "part", "Startup Cost": 0.0, "Total Cost": 66944.0, "Plan Rows": 13538, "Plan Width": 8, "Filter": "((p_type)::text = 'SMALL PLATED COPPER'::text)"}, {"Node Type": "Bitmap Heap Scan", "Parent Relationship": "Inner", "Relation Name": "lineitem", "Alias": "lineitem", "Startup Cost": 4.21, "Total Cost": 28.25, "Plan Rows": 6, "Plan Width": 40, "Recheck Cond": "(l_partkey = part.p_partkey)", "Plans": [{"Node Type": "Bitmap Index Scan", "Parent Relationship": "Outer", "Index Name": "idx_lineitem_part_supp", "Startup Cost": 0.0, "Total Cost": 4.21, "Plan Rows": 6, "Plan Width": 0, "Index Cond": "(l_partkey = part.p_partkey)"}]}]}, {"Node Type": "Bitmap Heap Scan", "Parent Relationship": "Inner", "Relation Name": "orders", "Alias": "orders", "Startup Cost": 0.26, "Total Cost": 4.28, "Plan Rows": 1, "Plan Width": 24, "Recheck Cond": "(o_orderkey = lineitem.l_orderkey)", "Filter": "((o_orderdate >= '1995-01-01 00:00:00'::timestamp(0) without time zone) AND (o_orderdate <= '1996-12-31 00:00:00'::timestamp(0) without time zone))", "Plans": [{"Node Type": "Bitmap Index Scan", "Parent Relationship": "Outer", "Index Name": "orders_pkey", "Startup Cost": 0.0, "Total Cost": 0.26, "Plan Rows": 1, "Plan Width": 0, "Index Cond": "(o_orderkey = lineitem.l_orderkey)"}]}]}, {"Node Type": "Hash", "Parent Relationship": "Inner", "Startup Cost": 3283.0, "Total Cost": 3283.0, "Plan Rows": 100000, "Plan Width": 12, "Plans": [{"Node Type": "Seq Scan", "Parent Relationship": "Outer", "Relation Name": "supplier", "Alias": "supplier", "Startup Cost": 0.0, "Total Cost": 3283.0, "Plan Rows": 100000, "Plan Width": 12}]}]}, {"Node Type": "Hash", "Parent Relationship": "Inner", "Startup Cost": 37164.85, "Total Cost": 37164.85, "Plan Rows": 300000, "Plan Width": 8, "Plans": [{"Node Type": "Nested Loop", "Parent Relationship": "Outer", "Join Type": "Inner", "Startup Cost": 1031.44, "Total Cost": 37164.85, "Plan Rows": 300000, "Plan Width": 8, "Inner Unique": false, "Plans": [{"Node Type": "Hash Join", "Parent Relationship": "Outer", "Join Type": "Inner", "Startup Cost": 1.07, "Total Cost": 2.44, "Plan Rows": 5, "Plan Width": 4, "Inner Unique": true, "Hash Cond": "(n1.n_regionkey = region.r_regionkey)", "Plans": [{"Node Type": "Seq Scan", "Parent Relationship": "Outer", "Relation Name": "nation", "Alias": "n1", "Startup Cost": 0.0, "Total Cost": 1.25, "Plan Rows": 25, "Plan Width": 8}, {"Node Type": "Hash", "Parent Relationship": "Inner", "Startup Cost": 1.06, "Total Cost": 1.06, "Plan Rows": 1, "Plan Width": 4, "Plans": [{"Node Type": "Seq Scan", "Parent Relationship": "Outer", "Relation Name": "region", "Alias": "region", "Startup Cost": 0.0, "Total Cost": 1.06, "Plan Rows": 1, "Plan Width": 4, "Filter": "(r_name = 'ASIA'::bpchar)"}]}]}, {"Node Type": "Bitmap Heap Scan", "Parent Relationship": "Inner", "Relation Name": "customer", "Alias": "customer", "Startup Cost": 1030.37, "Total Cost": 6832.48, "Plan Rows": 60000, "Plan Width": 12, "Recheck Cond": "(c_nationkey = n1.n_nationkey)", "Plans": [{"Node Type": "Bitmap Index Scan", "Parent Relationship": "Outer", "Index Name": "idx_customer_nationkey", "Startup Cost": 0.0, "Total Cost": 1015.37, "Plan Rows": 60000, "Plan Width": 0, "Index Cond": "(c_nationkey = n1.n_nationkey)"}]}]}]}]}, {"Node Type": "Hash", "Parent Relationship": "Inner", "Startup Cost": 1.25, "Total Cost": 1.25, "Plan Rows": 25, "Plan Width": 30, "Plans": [{"Node Type": "Seq Scan", "Parent Relationship": "Outer", "Relation Name": "nation", "Alias": "n2", "Startup Cost": 0.0, "Total Cost": 1.25, "Plan Rows": 25, "Plan Width": 30}]}]}]}]}, "Unique SQL Id": 3681808042, "Planner Runtime": 5}, "explain_analyze_plan": {"Plan": {"Node Type": "Sort", "Startup Cost": 816569.87, "Total Cost": 816569.89, "Plan Rows": 10, "Plan Width": 66, "Actual Startup Time": 7667.353, "Actual Total Time": 7667.353, "Actual Rows": 2, "Actual Loops": 1, "Sort Key": ["(date_part('year'::text, orders.o_orderdate))"], "Sort Method": "quicksort", "Sort Space Used": 25, "Sort Space Type": "Memory", "Plans": [{"Node Type": "Aggregate", "Strategy": "Hashed", "Parent Relationship": "Outer", "Startup Cost": 816569.55, "Total Cost": 816569.7, "Plan Rows": 10, "Plan Width": 66, "Actual Startup Time": 7667.332, "Actual Total Time": 7667.333, "Actual Rows": 2, "Actual Loops": 1, "Group By Key": ["date_part('year'::text, orders.o_orderdate)"], "Plans": [{"Node Type": "Hash Join", "Parent Relationship": "Outer", "Join Type": "Inner", "Startup Cost": 45453.88, "Total Cost": 816449.73, "Plan Rows": 5991, "Plan Width": 50, "Actual Startup Time": 851.926, "Actual Total Time": 7629.948, "Actual Rows": 23929, "Actual Loops": 1, "Inner Unique": true, "Hash Cond": "(supplier.s_nationkey = n2.n_nationkey)", "Plans": [{"Node Type": "Hash Join", "Parent Relationship": "Outer", "Join Type": "Inner", "Startup Cost": 45452.32, "Total Cost": 816350.82, "Plan Rows": 5991, "Plan Width": 28, "Actual Startup Time": 851.842, "Actual Total Time": 7596.199, "Actual Rows": 23929, "Actual Loops": 1, "Inner Unique": false, "Hash Cond": "(orders.o_custkey = customer.c_custkey)", "Plans": [{"Node Type": "Hash Join", "Parent Relationship": "Outer", "Join Type": "Inner", "Startup Cost": 4537.47, "Total Cost": 775184.07, "Plan Rows": 51198, "Plan Width": 36, "Actual Startup Time": 67.154, "Actual Total Time": 6749.258, "Actual Rows": 119765, "Actual Loops": 1, "Inner Unique": true, "Hash Cond": "(lineitem.l_suppkey = supplier.s_suppkey)", "Plans": [{"Node Type": "Nested Loop", "Parent Relationship": "Outer", "Join Type": "Inner", "Startup Cost": 4.47, "Total Cost": 770271.73, "Plan Rows": 86479, "Plan Width": 40, "Actual Startup Time": 0.114, "Actual Total Time": 6602.036, "Actual Rows": 119765, "Actual Loops": 1, "Inner Unique": true, "Plans": [{"Node Type": "Nested Loop", "Parent Relationship": "Outer", "Join Type": "Inner", "Startup Cost": 4.21, "Total Cost": 450147.9, "Plan Rows": 74637, "Plan Width": 32, "Actual Startup Time": 0.057, "Actual Total Time": 2278.967, "Actual Rows": 395341, "Actual Loops": 1, "Inner Unique": false, "Plans": [{"Node Type": "Seq Scan", "Parent Relationship": "Outer", "Relation Name": "part", "Alias": "part", "Startup Cost": 0.0, "Total Cost": 66944.0, "Plan Rows": 13538, "Plan Width": 8, "Actual Startup Time": 0.017, "Actual Total Time": 783.295, "Actual Rows": 13163, "Actual Loops": 1, "Filter": "((p_type)::text = 'SMALL PLATED COPPER'::text)", "Rows Removed by Filter": 1986837}, {"Node Type": "Bitmap Heap Scan", "Parent Relationship": "Inner", "Relation Name": "lineitem", "Alias": "lineitem", "Startup Cost": 4.21, "Total Cost": 28.25, "Plan Rows": 6, "Plan Width": 40, "Actual Startup Time": 265.088, "Actual Total Time": 1379.745, "Actual Rows": 395341, "Actual Loops": 13163, "Recheck Cond": "(l_partkey = part.p_partkey)", "Rows Removed by Index Recheck": 0, "Exact Heap Blocks": 395337, "Lossy Heap Blocks": 395337, "Plans": [{"Node Type": "Bitmap Index Scan", "Parent Relationship": "Outer", "Index Name": "idx_lineitem_part_supp", "Startup Cost": 0.0, "Total Cost": 4.21, "Plan Rows": 6, "Plan Width": 0, "Actual Startup Time": 172.579, "Actual Total Time": 172.579, "Actual Rows": 395341, "Actual Loops": 13163, "Index Cond": "(l_partkey = part.p_partkey)"}]}]}, {"Node Type": "Bitmap Heap Scan", "Parent Relationship": "Inner", "Relation Name": "orders", "Alias": "orders", "Startup Cost": 0.26, "Total Cost": 4.28, "Plan Rows": 1, "Plan Width": 24, "Actual Startup Time": 3846.759, "Actual Total Time": 3846.759, "Actual Rows": 119765, "Actual Loops": 395341, "Recheck Cond": "(o_orderkey = lineitem.l_orderkey)", "Rows Removed by Index Recheck": 0, "Filter": "((o_orderdate >= '1995-01-01 00:00:00'::timestamp(0) without time zone) AND (o_orderdate <= '1996-12-31 00:00:00'::timestamp(0) without time zone))", "Rows Removed by Filter": 275576, "Exact Heap Blocks": 395341, "Lossy Heap Blocks": 395341, "Plans": [{"Node Type": "Bitmap Index Scan", "Parent Relationship": "Outer", "Index Name": "orders_pkey", "Startup Cost": 0.0, "Total Cost": 0.26, "Plan Rows": 1, "Plan Width": 0, "Actual Startup Time": 2334.793, "Actual Total Time": 2334.793, "Actual Rows": 395341, "Actual Loops": 395341, "Index Cond": "(o_orderkey = lineitem.l_orderkey)"}]}]}, {"Node Type": "Hash", "Parent Relationship": "Inner", "Startup Cost": 3283.0, "Total Cost": 3283.0, "Plan Rows": 100000, "Plan Width": 12, "Actual Startup Time": 66.927, "Actual Total Time": 66.927, "Actual Rows": 100000, "Actual Loops": 1, "Hash Buckets": 131072, "Hash Batches": 1, "Original Hash Batches": 1, "Peak Memory Usage": 4297, "Plans": [{"Node Type": "Seq Scan", "Parent Relationship": "Outer", "Relation Name": "supplier", "Alias": "supplier", "Startup Cost": 0.0, "Total Cost": 3283.0, "Plan Rows": 100000, "Plan Width": 12, "Actual Startup Time": 0.014, "Actual Total Time": 39.887, "Actual Rows": 100000, "Actual Loops": 1}]}]}, {"Node Type": "Hash", "Parent Relationship": "Inner", "Startup Cost": 37164.85, "Total Cost": 37164.85, "Plan Rows": 300000, "Plan Width": 8, "Actual Startup Time": 784.246, "Actual Total Time": 784.246, "Actual Rows": 300270, "Actual Loops": 1, "Hash Buckets": 524288, "Hash Batches": 1, "Original Hash Batches": 1, "Peak Memory Usage": 11730, "Plans": [{"Node Type": "Nested Loop", "Parent Relationship": "Outer", "Join Type": "Inner", "Startup Cost": 1031.44, "Total Cost": 37164.85, "Plan Rows": 300000, "Plan Width": 8, "Actual Startup Time": 18.429, "Actual Total Time": 694.229, "Actual Rows": 300270, "Actual Loops": 1, "Inner Unique": false, "Plans": [{"Node Type": "Hash Join", "Parent Relationship": "Outer", "Join Type": "Inner", "Startup Cost": 1.07, "Total Cost": 2.44, "Plan Rows": 5, "Plan Width": 4, "Actual Startup Time": 0.072, "Actual Total Time": 0.127, "Actual Rows": 5, "Actual Loops": 1, "Inner Unique": true, "Hash Cond": "(n1.n_regionkey = region.r_regionkey)", "Plans": [{"Node Type": "Seq Scan", "Parent Relationship": "Outer", "Relation Name": "nation", "Alias": "n1", "Startup Cost": 0.0, "Total Cost": 1.25, "Plan Rows": 25, "Plan Width": 8, "Actual Startup Time": 0.016, "Actual Total Time": 0.031, "Actual Rows": 25, "Actual Loops": 1}, {"Node Type": "Hash", "Parent Relationship": "Inner", "Startup Cost": 1.06, "Total Cost": 1.06, "Plan Rows": 1, "Plan Width": 4, "Actual Startup Time": 0.017, "Actual Total Time": 0.017, "Actual Rows": 1, "Actual Loops": 1, "Hash Buckets": 32768, "Hash Batches": 1, "Original Hash Batches": 1, "Peak Memory Usage": 1, "Plans": [{"Node Type": "Seq Scan", "Parent Relationship": "Outer", "Relation Name": "region", "Alias": "region", "Startup Cost": 0.0, "Total Cost": 1.06, "Plan Rows": 1, "Plan Width": 4, "Actual Startup Time": 0.012, "Actual Total Time": 0.013, "Actual Rows": 1, "Actual Loops": 1, "Filter": "(r_name = 'ASIA'::bpchar)", "Rows Removed by Filter": 4}]}]}, {"Node Type": "Bitmap Heap Scan", "Parent Relationship": "Inner", "Relation Name": "customer", "Alias": "customer", "Startup Cost": 1030.37, "Total Cost": 6832.48, "Plan Rows": 60000, "Plan Width": 12, "Actual Startup Time": 89.958, "Actual Total Time": 635.494, "Actual Rows": 300270, "Actual Loops": 5, "Recheck Cond": "(c_nationkey = n1.n_nationkey)", "Rows Removed by Index Recheck": 0, "Exact Heap Blocks": 150032, "Lossy Heap Blocks": 150032, "Plans": [{"Node Type": "Bitmap Index Scan", "Parent Relationship": "Outer", "Index Name": "idx_customer_nationkey", "Startup Cost": 0.0, "Total Cost": 1015.37, "Plan Rows": 60000, "Plan Width": 0, "Actual Startup Time": 57.042, "Actual Total Time": 57.042, "Actual Rows": 300270, "Actual Loops": 5, "Index Cond": "(c_nationkey = n1.n_nationkey)"}]}]}]}]}, {"Node Type": "Hash", "Parent Relationship": "Inner", "Startup Cost": 1.25, "Total Cost": 1.25, "Plan Rows": 25, "Plan Width": 30, "Actual Startup Time": 0.033, "Actual Total Time": 0.033, "Actual Rows": 25, "Actual Loops": 1, "Hash Buckets": 32768, "Hash Batches": 1, "Original Hash Batches": 1, "Peak Memory Usage": 2, "Plans": [{"Node Type": "Seq Scan", "Parent Relationship": "Outer", "Relation Name": "nation", "Alias": "n2", "Startup Cost": 0.0, "Total Cost": 1.25, "Plan Rows": 25, "Plan Width": 30, "Actual Startup Time": 0.015, "Actual Total Time": 0.024, "Actual Rows": 25, "Actual Loops": 1}]}]}]}]}, "Triggers": [], "Planner Runtime": 5, "Total Runtime": 7667.878, "Unique SQL Id": 3681808042}}, "(64, 103)": {"explain_plan": {"Plan": {"Node Type": "Sort", "Startup Cost": 66661878.45, "Total Cost": 66661878.48, "Plan Rows": 10, "Plan Width": 66, "Sort Key": ["(date_part('year'::text, orders.o_orderdate))"], "Plans": [{"Node Type": "Aggregate", "Strategy": "Hashed", "Parent Relationship": "Outer", "Startup Cost": 66661878.14, "Total Cost": 66661878.29, "Plan Rows": 10, "Plan Width": 66, "Group By Key": ["date_part('year'::text, orders.o_orderdate)"], "Plans": [{"Node Type": "Nested Loop", "Parent Relationship": "Outer", "Join Type": "Inner", "Startup Cost": 115915.31, "Total Cost": 66661758.32, "Plan Rows": 5991, "Plan Width": 50, "Inner Unique": true, "Plans": [{"Node Type": "Nested Loop", "Parent Relationship": "Outer", "Join Type": "Inner", "Startup Cost": 115915.05, "Total Cost": 66636099.88, "Plan Rows": 5991, "Plan Width": 28, "Inner Unique": true, "Plans": [{"Node Type": "Nested Loop", "Parent Relationship": "Outer", "Join Type": "Inner", "Startup Cost": 115914.79, "Total Cost": 66562068.23, "Plan Rows": 17296, "Plan Width": 32, "Inner Unique": true, "Plans": [{"Node Type": "Nested Loop", "Parent Relationship": "Outer", "Join Type": "Inner", "Startup Cost": 115914.53, "Total Cost": 45938880.46, "Plan Rows": 4814867, "Plan Width": 40, "Inner Unique": false, "Plans": [{"Node Type": "Nested Loop", "Parent Relationship": "Outer", "Join Type": "Inner", "Startup Cost": 115914.01, "Total Cost": 43432501.27, "Plan Rows": 530296, "Plan Width": 16, "Inner Unique": true, "Plans": [{"Node Type": "Nested Loop", "Parent Relationship": "Outer", "Join Type": "Inner", "Startup Cost": 115913.43, "Total Cost": 31228406.3, "Plan Rows": 2651479, "Plan Width": 20, "Inner Unique": true, "Plans": [{"Node Type": "Nested Loop", "Parent Relationship": "Outer", "Join Type": "Inner", "Startup Cost": 115913.17, "Total Cost": 19879399.17, "Plan Rows": 2651479, "Plan Width": 20, "Inner Unique": true, "Plans": [{"Node Type": "Bitmap Heap Scan", "Parent Relationship": "Outer", "Relation Name": "orders", "Alias": "orders", "Startup Cost": 115912.91, "Total Cost": 460311.42, "Plan Rows": 4531967, "Plan Width": 24, "Recheck Cond": "((o_orderdate >= '1995-01-01 00:00:00'::timestamp(0) without time zone) AND (o_orderdate <= '1996-12-31 00:00:00'::timestamp(0) without time zone)), (LLVM Optimized)", "Plans": [{"Node Type": "Bitmap Index Scan", "Parent Relationship": "Outer", "Index Name": "idx_orders_orderdate", "Startup Cost": 0.0, "Total Cost": 114779.92, "Plan Rows": 4531967, "Plan Width": 0, "Index Cond": "((o_orderdate >= '1995-01-01 00:00:00'::timestamp(0) without time zone) AND (o_orderdate <= '1996-12-31 00:00:00'::timestamp(0) without time zone))"}]}, {"Node Type": "Bitmap Heap Scan", "Parent Relationship": "Inner", "Relation Name": "customer", "Alias": "customer", "Startup Cost": 0.26, "Total Cost": 4.27, "Plan Rows": 1, "Plan Width": 12, "Recheck Cond": "(c_custkey = orders.o_custkey)", "Plans": [{"Node Type": "Bitmap Index Scan", "Parent Relationship": "Outer", "Index Name": "customer_pkey", "Startup Cost": 0.0, "Total Cost": 0.26, "Plan Rows": 1, "Plan Width": 0, "Index Cond": "(c_custkey = orders.o_custkey)"}]}]}, {"Node Type": "Bitmap Heap Scan", "Parent Relationship": "Inner", "Relation Name": "nation", "Alias": "n1", "Startup Cost": 0.26, "Total Cost": 4.27, "Plan Rows": 1, "Plan Width": 8, "Recheck Cond": "(n_nationkey = customer.c_nationkey)", "Plans": [{"Node Type": "Bitmap Index Scan", "Parent Relationship": "Outer", "Index Name": "nation_pkey", "Startup Cost": 0.0, "Total Cost": 0.26, "Plan Rows": 1, "Plan Width": 0, "Index Cond": "(n_nationkey = customer.c_nationkey)"}]}]}, {"Node Type": "Bitmap Heap Scan", "Parent Relationship": "Inner", "Relation Name": "region", "Alias": "region", "Startup Cost": 0.58, "Total Cost": 4.59, "Plan Rows": 1, "Plan Width": 4, "Recheck Cond": "(r_regionkey = n1.n_regionkey)", "Filter": "(r_name = 'ASIA'::bpchar)", "Plans": [{"Node Type": "Bitmap Index Scan", "Parent Relationship": "Outer", "Index Name": "region_pkey", "Startup Cost": 0.0, "Total Cost": 0.58, "Plan Rows": 1, "Plan Width": 0, "Index Cond": "(r_regionkey = n1.n_regionkey)"}]}]}, {"Node Type": "Bitmap Heap Scan", "Parent Relationship": "Inner", "Relation Name": "lineitem", "Alias": "lineitem", "Startup Cost": 0.52, "Total Cost": 4.64, "Plan Rows": 9, "Plan Width": 40, "Recheck Cond": "(l_orderkey = orders.o_orderkey)", "Plans": [{"Node Type": "Bitmap Index Scan", "Parent Relationship": "Outer", "Index Name": "idx_lineitem_orderkey", "Startup Cost": 0.0, "Total Cost": 0.52, "Plan Rows": 9, "Plan Width": 0, "Index Cond": "(l_orderkey = orders.o_orderkey)"}]}]}, {"Node Type": "Bitmap Heap Scan", "Parent Relationship": "Inner", "Relation Name": "part", "Alias": "part", "Startup Cost": 0.26, "Total Cost": 4.27, "Plan Rows": 1, "Plan Width": 8, "Recheck Cond": "(p_partkey = lineitem.l_partkey)", "Filter": "((p_type)::text = 'SMALL PLATED COPPER'::text)", "Plans": [{"Node Type": "Bitmap Index Scan", "Parent Relationship": "Outer", "Index Name": "part_kpey", "Startup Cost": 0.0, "Total Cost": 0.26, "Plan Rows": 1, "Plan Width": 0, "Index Cond": "(p_partkey = lineitem.l_partkey)"}]}]}, {"Node Type": "Bitmap Heap Scan", "Parent Relationship": "Inner", "Relation Name": "supplier", "Alias": "supplier", "Startup Cost": 0.26, "Total Cost": 4.27, "Plan Rows": 1, "Plan Width": 12, "Recheck Cond": "(s_suppkey = lineitem.l_suppkey)", "Plans": [{"Node Type": "Bitmap Index Scan", "Parent Relationship": "Outer", "Index Name": "supplier_pkey", "Startup Cost": 0.0, "Total Cost": 0.26, "Plan Rows": 1, "Plan Width": 0, "Index Cond": "(s_suppkey = lineitem.l_suppkey)"}]}]}, {"Node Type": "Bitmap Heap Scan", "Parent Relationship": "Inner", "Relation Name": "nation", "Alias": "n2", "Startup Cost": 0.26, "Total Cost": 4.27, "Plan Rows": 1, "Plan Width": 30, "Recheck Cond": "(n_nationkey = supplier.s_nationkey)", "Plans": [{"Node Type": "Bitmap Index Scan", "Parent Relationship": "Outer", "Index Name": "nation_pkey", "Startup Cost": 0.0, "Total Cost": 0.26, "Plan Rows": 1, "Plan Width": 0, "Index Cond": "(n_nationkey = supplier.s_nationkey)"}]}]}]}]}, "Unique SQL Id": 3681808042, "Planner Runtime": 2}, "explain_analyze_plan": null}, "(64, 104)": {"explain_plan": {"Plan": {"Node Type": "Sort", "Startup Cost": 486022.68, "Total Cost": 486022.71, "Plan Rows": 10, "Plan Width": 66, "Sort Key": ["(date_part('year'::text, orders.o_orderdate))"], "Plans": [{"Node Type": "Aggregate", "Strategy": "Hashed", "Parent Relationship": "Outer", "Startup Cost": 486022.37, "Total Cost": 486022.52, "Plan Rows": 10, "Plan Width": 66, "Group By Key": ["date_part('year'::text, orders.o_orderdate)"], "Plans": [{"Node Type": "Hash Join", "Parent Relationship": "Outer", "Join Type": "Inner", "Startup Cost": 4537.06, "Total Cost": 485902.55, "Plan Rows": 5991, "Plan Width": 50, "Inner Unique": true, "Hash Cond": "(supplier.s_nationkey = n2.n_nationkey)", "Plans": [{"Node Type": "Hash Join", "Parent Relationship": "Outer", "Join Type": "Inner", "Startup Cost": 4535.5, "Total Cost": 485803.63, "Plan Rows": 5991, "Plan Width": 28, "Inner Unique": false, "Hash Cond": "(customer.c_nationkey = n1.n_nationkey)", "Plans": [{"Node Type": "Nested Loop", "Parent Relationship": "Outer", "Join Type": "Inner", "Startup Cost": 4533.0, "Total Cost": 485661.65, "Plan Rows": 29954, "Plan Width": 32, "Inner Unique": true, "Plans": [{"Node Type": "Hash Join", "Parent Relationship": "Outer", "Join Type": "Inner", "Startup Cost": 4533.0, "Total Cost": 469409.78, "Plan Rows": 51198, "Plan Width": 36, "Inner Unique": true, "Hash Cond": "(lineitem.l_suppkey = supplier.s_suppkey)", "Plans": [{"Node Type": "Nested Loop", "Parent Relationship": "Outer", "Join Type": "Inner", "Startup Cost": 0.0, "Total Cost": 464497.44, "Plan Rows": 86479, "Plan Width": 40, "Inner Unique": true, "Plans": [{"Node Type": "Nested Loop", "Parent Relationship": "Outer", "Join Type": "Inner", "Startup Cost": 0.0, "Total Cost": 441564.57, "Plan Rows": 74637, "Plan Width": 32, "Inner Unique": false, "Plans": [{"Node Type": "Seq Scan", "Parent Relationship": "Outer", "Relation Name": "part", "Alias": "part", "Startup Cost": 0.0, "Total Cost": 66944.0, "Plan Rows": 13538, "Plan Width": 8, "Filter": "((p_type)::text = 'SMALL PLATED COPPER'::text)"}, {"Node Type": "Index Scan", "Parent Relationship": "Inner", "Scan Direction": "Forward", "Index Name": "idx_lineitem_part_supp", "Relation Name": "lineitem", "Alias": "lineitem", "Startup Cost": 0.0, "Total Cost": 27.61, "Plan Rows": 6, "Plan Width": 40, "Index Cond": "(l_partkey = part.p_partkey)"}]}, {"Node Type": "Index Scan", "Parent Relationship": "Inner", "Scan Direction": "Forward", "Index Name": "orders_pkey", "Relation Name": "orders", "Alias": "orders", "Startup Cost": 0.0, "Total Cost": 0.3, "Plan Rows": 1, "Plan Width": 24, "Index Cond": "(o_orderkey = lineitem.l_orderkey)", "Filter": "((o_orderdate >= '1995-01-01 00:00:00'::timestamp(0) without time zone) AND (o_orderdate <= '1996-12-31 00:00:00'::timestamp(0) without time zone))"}]}, {"Node Type": "Hash", "Parent Relationship": "Inner", "Startup Cost": 3283.0, "Total Cost": 3283.0, "Plan Rows": 100000, "Plan Width": 12, "Plans": [{"Node Type": "Seq Scan", "Parent Relationship": "Outer", "Relation Name": "supplier", "Alias": "supplier", "Startup Cost": 0.0, "Total Cost": 3283.0, "Plan Rows": 100000, "Plan Width": 12}]}]}, {"Node Type": "Index Scan", "Parent Relationship": "Inner", "Scan Direction": "Forward", "Index Name": "customer_pkey", "Relation Name": "customer", "Alias": "customer", "Startup Cost": 0.0, "Total Cost": 0.31, "Plan Rows": 1, "Plan Width": 12, "Index Cond": "(c_custkey = orders.o_custkey)"}]}, {"Node Type": "Hash", "Parent Relationship": "Inner", "Startup Cost": 2.44, "Total Cost": 2.44, "Plan Rows": 5, "Plan Width": 4, "Plans": [{"Node Type": "Hash Join", "Parent Relationship": "Outer", "Join Type": "Inner", "Startup Cost": 1.07, "Total Cost": 2.44, "Plan Rows": 5, "Plan Width": 4, "Inner Unique": true, "Hash Cond": "(n1.n_regionkey = region.r_regionkey)", "Plans": [{"Node Type": "Seq Scan", "Parent Relationship": "Outer", "Relation Name": "nation", "Alias": "n1", "Startup Cost": 0.0, "Total Cost": 1.25, "Plan Rows": 25, "Plan Width": 8}, {"Node Type": "Hash", "Parent Relationship": "Inner", "Startup Cost": 1.06, "Total Cost": 1.06, "Plan Rows": 1, "Plan Width": 4, "Plans": [{"Node Type": "Seq Scan", "Parent Relationship": "Outer", "Relation Name": "region", "Alias": "region", "Startup Cost": 0.0, "Total Cost": 1.06, "Plan Rows": 1, "Plan Width": 4, "Filter": "(r_name = 'ASIA'::bpchar)"}]}]}]}]}, {"Node Type": "Hash", "Parent Relationship": "Inner", "Startup Cost": 1.25, "Total Cost": 1.25, "Plan Rows": 25, "Plan Width": 30, "Plans": [{"Node Type": "Seq Scan", "Parent Relationship": "Outer", "Relation Name": "nation", "Alias": "n2", "Startup Cost": 0.0, "Total Cost": 1.25, "Plan Rows": 25, "Plan Width": 30}]}]}]}]}, "Unique SQL Id": 3681808042, "Planner Runtime": 5}, "explain_analyze_plan": {"Plan": {"Node Type": "Sort", "Startup Cost": 486022.68, "Total Cost": 486022.71, "Plan Rows": 10, "Plan Width": 66, "Actual Startup Time": 6756.022, "Actual Total Time": 6756.022, "Actual Rows": 2, "Actual Loops": 1, "Sort Key": ["(date_part('year'::text, orders.o_orderdate))"], "Sort Method": "quicksort", "Sort Space Used": 25, "Sort Space Type": "Memory", "Plans": [{"Node Type": "Aggregate", "Strategy": "Hashed", "Parent Relationship": "Outer", "Startup Cost": 486022.37, "Total Cost": 486022.52, "Plan Rows": 10, "Plan Width": 66, "Actual Startup Time": 6755.961, "Actual Total Time": 6755.962, "Actual Rows": 2, "Actual Loops": 1, "Group By Key": ["date_part('year'::text, orders.o_orderdate)"], "Plans": [{"Node Type": "Hash Join", "Parent Relationship": "Outer", "Join Type": "Inner", "Startup Cost": 4537.06, "Total Cost": 485902.55, "Plan Rows": 5991, "Plan Width": 50, "Actual Startup Time": 67.43, "Actual Total Time": 6719.443, "Actual Rows": 23929, "Actual Loops": 1, "Inner Unique": true, "Hash Cond": "(supplier.s_nationkey = n2.n_nationkey)", "Plans": [{"Node Type": "Hash Join", "Parent Relationship": "Outer", "Join Type": "Inner", "Startup Cost": 4535.5, "Total Cost": 485803.63, "Plan Rows": 5991, "Plan Width": 28, "Actual Startup Time": 67.32, "Actual Total Time": 6686.883, "Actual Rows": 23929, "Actual Loops": 1, "Inner Unique": false, "Hash Cond": "(customer.c_nationkey = n1.n_nationkey)", "Plans": [{"Node Type": "Nested Loop", "Parent Relationship": "Outer", "Join Type": "Inner", "Startup Cost": 4533.0, "Total Cost": 485661.65, "Plan Rows": 29954, "Plan Width": 32, "Actual Startup Time": 66.995, "Actual Total Time": 6648.807, "Actual Rows": 119765, "Actual Loops": 1, "Inner Unique": true, "Plans": [{"Node Type": "Hash Join", "Parent Relationship": "Outer", "Join Type": "Inner", "Startup Cost": 4533.0, "Total Cost": 469409.78, "Plan Rows": 51198, "Plan Width": 36, "Actual Startup Time": 66.961, "Actual Total Time": 5656.883, "Actual Rows": 119765, "Actual Loops": 1, "Inner Unique": true, "Hash Cond": "(lineitem.l_suppkey = supplier.s_suppkey)", "Plans": [{"Node Type": "Nested Loop", "Parent Relationship": "Outer", "Join Type": "Inner", "Startup Cost": 0.0, "Total Cost": 464497.44, "Plan Rows": 86479, "Plan Width": 40, "Actual Startup Time": 0.202, "Actual Total Time": 5506.065, "Actual Rows": 119765, "Actual Loops": 1, "Inner Unique": true, "Plans": [{"Node Type": "Nested Loop", "Parent Relationship": "Outer", "Join Type": "Inner", "Startup Cost": 0.0, "Total Cost": 441564.57, "Plan Rows": 74637, "Plan Width": 32, "Actual Startup Time": 0.04, "Actual Total Time": 2015.962, "Actual Rows": 395341, "Actual Loops": 1, "Inner Unique": false, "Plans": [{"Node Type": "Seq Scan", "Parent Relationship": "Outer", "Relation Name": "part", "Alias": "part", "Startup Cost": 0.0, "Total Cost": 66944.0, "Plan Rows": 13538, "Plan Width": 8, "Actual Startup Time": 0.02, "Actual Total Time": 775.693, "Actual Rows": 13163, "Actual Loops": 1, "Filter": "((p_type)::text = 'SMALL PLATED COPPER'::text)", "Rows Removed by Filter": 1986837}, {"Node Type": "Index Scan", "Parent Relationship": "Inner", "Scan Direction": "Forward", "Index Name": "idx_lineitem_part_supp", "Relation Name": "lineitem", "Alias": "lineitem", "Startup Cost": 0.0, "Total Cost": 27.61, "Plan Rows": 6, "Plan Width": 40, "Actual Startup Time": 155.92, "Actual Total Time": 1137.781, "Actual Rows": 395341, "Actual Loops": 13163, "Index Cond": "(l_partkey = part.p_partkey)", "Rows Removed by Index Recheck": 0}]}, {"Node Type": "Index Scan", "Parent Relationship": "Inner", "Scan Direction": "Forward", "Index Name": "orders_pkey", "Relation Name": "orders", "Alias": "orders", "Startup Cost": 0.0, "Total Cost": 0.3, "Plan Rows": 1, "Plan Width": 24, "Actual Startup Time": 3259.926, "Actual Total Time": 3259.926, "Actual Rows": 119765, "Actual Loops": 395341, "Index Cond": "(o_orderkey = lineitem.l_orderkey)", "Rows Removed by Index Recheck": 0, "Filter": "((o_orderdate >= '1995-01-01 00:00:00'::timestamp(0) without time zone) AND (o_orderdate <= '1996-12-31 00:00:00'::timestamp(0) without time zone))", "Rows Removed by Filter": 275576}]}, {"Node Type": "Hash", "Parent Relationship": "Inner", "Startup Cost": 3283.0, "Total Cost": 3283.0, "Plan Rows": 100000, "Plan Width": 12, "Actual Startup Time": 66.654, "Actual Total Time": 66.654, "Actual Rows": 100000, "Actual Loops": 1, "Hash Buckets": 131072, "Hash Batches": 1, "Original Hash Batches": 1, "Peak Memory Usage": 4297, "Plans": [{"Node Type": "Seq Scan", "Parent Relationship": "Outer", "Relation Name": "supplier", "Alias": "supplier", "Startup Cost": 0.0, "Total Cost": 3283.0, "Plan Rows": 100000, "Plan Width": 12, "Actual Startup Time": 0.01, "Actual Total Time": 40.336, "Actual Rows": 100000, "Actual Loops": 1}]}]}, {"Node Type": "Index Scan", "Parent Relationship": "Inner", "Scan Direction": "Forward", "Index Name": "customer_pkey", "Relation Name": "customer", "Alias": "customer", "Startup Cost": 0.0, "Total Cost": 0.31, "Plan Rows": 1, "Plan Width": 12, "Actual Startup Time": 882.839, "Actual Total Time": 882.839, "Actual Rows": 119765, "Actual Loops": 119765, "Index Cond": "(c_custkey = orders.o_custkey)", "Rows Removed by Index Recheck": 0}]}, {"Node Type": "Hash", "Parent Relationship": "Inner", "Startup Cost": 2.44, "Total Cost": 2.44, "Plan Rows": 5, "Plan Width": 4, "Actual Startup Time": 0.066, "Actual Total Time": 0.066, "Actual Rows": 5, "Actual Loops": 1, "Hash Buckets": 32768, "Hash Batches": 1, "Original Hash Batches": 1, "Peak Memory Usage": 1, "Plans": [{"Node Type": "Hash Join", "Parent Relationship": "Outer", "Join Type": "Inner", "Startup Cost": 1.07, "Total Cost": 2.44, "Plan Rows": 5, "Plan Width": 4, "Actual Startup Time": 0.051, "Actual Total Time": 0.059, "Actual Rows": 5, "Actual Loops": 1, "Inner Unique": true, "Hash Cond": "(n1.n_regionkey = region.r_regionkey)", "Plans": [{"Node Type": "Seq Scan", "Parent Relationship": "Outer", "Relation Name": "nation", "Alias": "n1", "Startup Cost": 0.0, "Total Cost": 1.25, "Plan Rows": 25, "Plan Width": 8, "Actual Startup Time": 0.006, "Actual Total Time": 0.01, "Actual Rows": 25, "Actual Loops": 1}, {"Node Type": "Hash", "Parent Relationship": "Inner", "Startup Cost": 1.06, "Total Cost": 1.06, "Plan Rows": 1, "Plan Width": 4, "Actual Startup Time": 0.011, "Actual Total Time": 0.011, "Actual Rows": 1, "Actual Loops": 1, "Hash Buckets": 32768, "Hash Batches": 1, "Original Hash Batches": 1, "Peak Memory Usage": 1, "Plans": [{"Node Type": "Seq Scan", "Parent Relationship": "Outer", "Relation Name": "region", "Alias": "region", "Startup Cost": 0.0, "Total Cost": 1.06, "Plan Rows": 1, "Plan Width": 4, "Actual Startup Time": 0.009, "Actual Total Time": 0.01, "Actual Rows": 1, "Actual Loops": 1, "Filter": "(r_name = 'ASIA'::bpchar)", "Rows Removed by Filter": 4}]}]}]}]}, {"Node Type": "Hash", "Parent Relationship": "Inner", "Startup Cost": 1.25, "Total Cost": 1.25, "Plan Rows": 25, "Plan Width": 30, "Actual Startup Time": 0.038, "Actual Total Time": 0.038, "Actual Rows": 25, "Actual Loops": 1, "Hash Buckets": 32768, "Hash Batches": 1, "Original Hash Batches": 1, "Peak Memory Usage": 2, "Plans": [{"Node Type": "Seq Scan", "Parent Relationship": "Outer", "Relation Name": "nation", "Alias": "n2", "Startup Cost": 0.0, "Total Cost": 1.25, "Plan Rows": 25, "Plan Width": 30, "Actual Startup Time": 0.012, "Actual Total Time": 0.017, "Actual Rows": 25, "Actual Loops": 1}]}]}]}]}, "Triggers": [], "Planner Runtime": 5, "Total Runtime": 6756.391, "Unique SQL Id": 3681808042}}, "(64, 105)": {"explain_plan": {"Plan": {"Node Type": "Sort", "Startup Cost": 526963.15, "Total Cost": 526963.18, "Plan Rows": 10, "Plan Width": 66, "Sort Key": ["(date_part('year'::text, orders.o_orderdate))"], "Plans": [{"Node Type": "Aggregate", "Strategy": "Hashed", "Parent Relationship": "Outer", "Startup Cost": 526962.83, "Total Cost": 526962.98, "Plan Rows": 10, "Plan Width": 66, "Group By Key": ["date_part('year'::text, orders.o_orderdate)"], "Plans": [{"Node Type": "Hash Join", "Parent Relationship": "Outer", "Join Type": "Inner", "Startup Cost": 6618.28, "Total Cost": 526843.01, "Plan Rows": 5991, "Plan Width": 50, "Inner Unique": true, "Hash Cond": "(supplier.s_nationkey = n2.n_nationkey)", "Plans": [{"Node Type": "Hash Join", "Parent Relationship": "Outer", "Join Type": "Inner", "Startup Cost": 6605.34, "Total Cost": 526732.72, "Plan Rows": 5991, "Plan Width": 28, "Inner Unique": false, "Hash Cond": "(customer.c_nationkey = n1.n_nationkey)", "Plans": [{"Node Type": "Nested Loop", "Parent Relationship": "Outer", "Join Type": "Inner", "Startup Cost": 6584.54, "Total Cost": 526572.45, "Plan Rows": 29954, "Plan Width": 32, "Inner Unique": true, "Plans": [{"Node Type": "Hash Join", "Parent Relationship": "Outer", "Join Type": "Inner", "Startup Cost": 6584.54, "Total Cost": 510320.57, "Plan Rows": 51198, "Plan Width": 36, "Inner Unique": true, "Hash Cond": "(lineitem.l_suppkey = supplier.s_suppkey)", "Plans": [{"Node Type": "Nested Loop", "Parent Relationship": "Outer", "Join Type": "Inner", "Startup Cost": 0.0, "Total Cost": 503356.69, "Plan Rows": 86479, "Plan Width": 40, "Inner Unique": true, "Plans": [{"Node Type": "Nested Loop", "Parent Relationship": "Outer", "Join Type": "Inner", "Startup Cost": 0.0, "Total Cost": 480423.82, "Plan Rows": 74637, "Plan Width": 32, "Inner Unique": false, "Plans": [{"Node Type": "Index Scan", "Parent Relationship": "Outer", "Scan Direction": "Forward", "Index Name": "part_kpey", "Relation Name": "part", "Alias": "part", "Startup Cost": 0.0, "Total Cost": 105803.25, "Plan Rows": 13538, "Plan Width": 8, "Filter": "((p_type)::text = 'SMALL PLATED COPPER'::text)"}, {"Node Type": "Index Scan", "Parent Relationship": "Inner", "Scan Direction": "Forward", "Index Name": "idx_lineitem_part_supp", "Relation Name": "lineitem", "Alias": "lineitem", "Startup Cost": 0.0, "Total Cost": 27.61, "Plan Rows": 6, "Plan Width": 40, "Index Cond": "(l_partkey = part.p_partkey)"}]}, {"Node Type": "Index Scan", "Parent Relationship": "Inner", "Scan Direction": "Forward", "Index Name": "orders_pkey", "Relation Name": "orders", "Alias": "orders", "Startup Cost": 0.0, "Total Cost": 0.3, "Plan Rows": 1, "Plan Width": 24, "Index Cond": "(o_orderkey = lineitem.l_orderkey)", "Filter": "((o_orderdate >= '1995-01-01 00:00:00'::timestamp(0) without time zone) AND (o_orderdate <= '1996-12-31 00:00:00'::timestamp(0) without time zone))"}]}, {"Node Type": "Hash", "Parent Relationship": "Inner", "Startup Cost": 5334.54, "Total Cost": 5334.54, "Plan Rows": 100000, "Plan Width": 12, "Plans": [{"Node Type": "Index Scan", "Parent Relationship": "Outer", "Scan Direction": "Forward", "Index Name": "supplier_pkey", "Relation Name": "supplier", "Alias": "supplier", "Startup Cost": 0.0, "Total Cost": 5334.54, "Plan Rows": 100000, "Plan Width": 12}]}]}, {"Node Type": "Index Scan", "Parent Relationship": "Inner", "Scan Direction": "Forward", "Index Name": "customer_pkey", "Relation Name": "customer", "Alias": "customer", "Startup Cost": 0.0, "Total Cost": 0.31, "Plan Rows": 1, "Plan Width": 12, "Index Cond": "(c_custkey = orders.o_custkey)"}]}, {"Node Type": "Hash", "Parent Relationship": "Inner", "Startup Cost": 20.74, "Total Cost": 20.74, "Plan Rows": 5, "Plan Width": 4, "Plans": [{"Node Type": "Nested Loop", "Parent Relationship": "Outer", "Join Type": "Inner", "Startup Cost": 0.0, "Total Cost": 20.74, "Plan Rows": 5, "Plan Width": 4, "Inner Unique": false, "Plans": [{"Node Type": "Index Scan", "Parent Relationship": "Outer", "Scan Direction": "Forward", "Index Name": "region_pkey", "Relation Name": "region", "Alias": "region", "Startup Cost": 0.0, "Total Cost": 12.34, "Plan Rows": 1, "Plan Width": 4, "Filter": "(r_name = 'ASIA'::bpchar)"}, {"Node Type": "Index Scan", "Parent Relationship": "Inner", "Scan Direction": "Forward", "Index Name": "idx_nation_regionkey", "Relation Name": "nation", "Alias": "n1", "Startup Cost": 0.0, "Total Cost": 8.35, "Plan Rows": 5, "Plan Width": 8, "Index Cond": "(n_regionkey = region.r_regionkey)"}]}]}]}, {"Node Type": "Hash", "Parent Relationship": "Inner", "Startup Cost": 12.62, "Total Cost": 12.62, "Plan Rows": 25, "Plan Width": 30, "Plans": [{"Node Type": "Index Scan", "Parent Relationship": "Outer", "Scan Direction": "Forward", "Index Name": "nation_pkey", "Relation Name": "nation", "Alias": "n2", "Startup Cost": 0.0, "Total Cost": 12.62, "Plan Rows": 25, "Plan Width": 30}]}]}]}]}, "Unique SQL Id": 3681808042, "Planner Runtime": 4}, "explain_analyze_plan": {"Plan": {"Node Type": "Sort", "Startup Cost": 526963.15, "Total Cost": 526963.18, "Plan Rows": 10, "Plan Width": 66, "Actual Startup Time": 7473.195, "Actual Total Time": 7473.195, "Actual Rows": 2, "Actual Loops": 1, "Sort Key": ["(date_part('year'::text, orders.o_orderdate))"], "Sort Method": "quicksort", "Sort Space Used": 25, "Sort Space Type": "Memory", "Plans": [{"Node Type": "Aggregate", "Strategy": "Hashed", "Parent Relationship": "Outer", "Startup Cost": 526962.83, "Total Cost": 526962.98, "Plan Rows": 10, "Plan Width": 66, "Actual Startup Time": 7473.174, "Actual Total Time": 7473.175, "Actual Rows": 2, "Actual Loops": 1, "Group By Key": ["date_part('year'::text, orders.o_orderdate)"], "Plans": [{"Node Type": "Hash Join", "Parent Relationship": "Outer", "Join Type": "Inner", "Startup Cost": 6618.28, "Total Cost": 526843.01, "Plan Rows": 5991, "Plan Width": 50, "Actual Startup Time": 111.253, "Actual Total Time": 7439.205, "Actual Rows": 23929, "Actual Loops": 1, "Inner Unique": true, "Hash Cond": "(supplier.s_nationkey = n2.n_nationkey)", "Plans": [{"Node Type": "Hash Join", "Parent Relationship": "Outer", "Join Type": "Inner", "Startup Cost": 6605.34, "Total Cost": 526732.72, "Plan Rows": 5991, "Plan Width": 28, "Actual Startup Time": 111.16, "Actual Total Time": 7408.027, "Actual Rows": 23929, "Actual Loops": 1, "Inner Unique": false, "Hash Cond": "(customer.c_nationkey = n1.n_nationkey)", "Plans": [{"Node Type": "Nested Loop", "Parent Relationship": "Outer", "Join Type": "Inner", "Startup Cost": 6584.54, "Total Cost": 526572.45, "Plan Rows": 29954, "Plan Width": 32, "Actual Startup Time": 110.89, "Actual Total Time": 7370.669, "Actual Rows": 119765, "Actual Loops": 1, "Inner Unique": true, "Plans": [{"Node Type": "Hash Join", "Parent Relationship": "Outer", "Join Type": "Inner", "Startup Cost": 6584.54, "Total Cost": 510320.57, "Plan Rows": 51198, "Plan Width": 36, "Actual Startup Time": 110.859, "Actual Total Time": 6357.419, "Actual Rows": 119765, "Actual Loops": 1, "Inner Unique": true, "Hash Cond": "(lineitem.l_suppkey = supplier.s_suppkey)", "Plans": [{"Node Type": "Nested Loop", "Parent Relationship": "Outer", "Join Type": "Inner", "Startup Cost": 0.0, "Total Cost": 503356.69, "Plan Rows": 86479, "Plan Width": 40, "Actual Startup Time": 0.155, "Actual Total Time": 6165.628, "Actual Rows": 119765, "Actual Loops": 1, "Inner Unique": true, "Plans": [{"Node Type": "Nested Loop", "Parent Relationship": "Outer", "Join Type": "Inner", "Startup Cost": 0.0, "Total Cost": 480423.82, "Plan Rows": 74637, "Plan Width": 32, "Actual Startup Time": 0.039, "Actual Total Time": 2622.64, "Actual Rows": 395341, "Actual Loops": 1, "Inner Unique": false, "Plans": [{"Node Type": "Index Scan", "Parent Relationship": "Outer", "Scan Direction": "Forward", "Index Name": "part_kpey", "Relation Name": "part", "Alias": "part", "Startup Cost": 0.0, "Total Cost": 105803.25, "Plan Rows": 13538, "Plan Width": 8, "Actual Startup Time": 0.024, "Actual Total Time": 1376.051, "Actual Rows": 13163, "Actual Loops": 1, "Filter": "((p_type)::text = 'SMALL PLATED COPPER'::text)", "Rows Removed by Filter": 1986837}, {"Node Type": "Index Scan", "Parent Relationship": "Inner", "Scan Direction": "Forward", "Index Name": "idx_lineitem_part_supp", "Relation Name": "lineitem", "Alias": "lineitem", "Startup Cost": 0.0, "Total Cost": 27.61, "Plan Rows": 6, "Plan Width": 40, "Actual Startup Time": 153.471, "Actual Total Time": 1145.154, "Actual Rows": 395341, "Actual Loops": 13163, "Index Cond": "(l_partkey = part.p_partkey)", "Rows Removed by Index Recheck": 0}]}, {"Node Type": "Index Scan", "Parent Relationship": "Inner", "Scan Direction": "Forward", "Index Name": "orders_pkey", "Relation Name": "orders", "Alias": "orders", "Startup Cost": 0.0, "Total Cost": 0.3, "Plan Rows": 1, "Plan Width": 24, "Actual Startup Time": 3308.468, "Actual Total Time": 3308.468, "Actual Rows": 119765, "Actual Loops": 395341, "Index Cond": "(o_orderkey = lineitem.l_orderkey)", "Rows Removed by Index Recheck": 0, "Filter": "((o_orderdate >= '1995-01-01 00:00:00'::timestamp(0) without time zone) AND (o_orderdate <= '1996-12-31 00:00:00'::timestamp(0) without time zone))", "Rows Removed by Filter": 275576}]}, {"Node Type": "Hash", "Parent Relationship": "Inner", "Startup Cost": 5334.54, "Total Cost": 5334.54, "Plan Rows": 100000, "Plan Width": 12, "Actual Startup Time": 110.598, "Actual Total Time": 110.598, "Actual Rows": 100000, "Actual Loops": 1, "Hash Buckets": 131072, "Hash Batches": 1, "Original Hash Batches": 1, "Peak Memory Usage": 4297, "Plans": [{"Node Type": "Index Scan", "Parent Relationship": "Outer", "Scan Direction": "Forward", "Index Name": "supplier_pkey", "Relation Name": "supplier", "Alias": "supplier", "Startup Cost": 0.0, "Total Cost": 5334.54, "Plan Rows": 100000, "Plan Width": 12, "Actual Startup Time": 0.017, "Actual Total Time": 82.915, "Actual Rows": 100000, "Actual Loops": 1}]}]}, {"Node Type": "Index Scan", "Parent Relationship": "Inner", "Scan Direction": "Forward", "Index Name": "customer_pkey", "Relation Name": "customer", "Alias": "customer", "Startup Cost": 0.0, "Total Cost": 0.31, "Plan Rows": 1, "Plan Width": 12, "Actual Startup Time": 903.566, "Actual Total Time": 903.566, "Actual Rows": 119765, "Actual Loops": 119765, "Index Cond": "(c_custkey = orders.o_custkey)", "Rows Removed by Index Recheck": 0}]}, {"Node Type": "Hash", "Parent Relationship": "Inner", "Startup Cost": 20.74, "Total Cost": 20.74, "Plan Rows": 5, "Plan Width": 4, "Actual Startup Time": 0.024, "Actual Total Time": 0.024, "Actual Rows": 5, "Actual Loops": 1, "Hash Buckets": 32768, "Hash Batches": 1, "Original Hash Batches": 1, "Peak Memory Usage": 1, "Plans": [{"Node Type": "Nested Loop", "Parent Relationship": "Outer", "Join Type": "Inner", "Startup Cost": 0.0, "Total Cost": 20.74, "Plan Rows": 5, "Plan Width": 4, "Actual Startup Time": 0.016, "Actual Total Time": 0.022, "Actual Rows": 5, "Actual Loops": 1, "Inner Unique": false, "Plans": [{"Node Type": "Index Scan", "Parent Relationship": "Outer", "Scan Direction": "Forward", "Index Name": "region_pkey", "Relation Name": "region", "Alias": "region", "Startup Cost": 0.0, "Total Cost": 12.34, "Plan Rows": 1, "Plan Width": 4, "Actual Startup Time": 0.009, "Actual Total Time": 0.011, "Actual Rows": 1, "Actual Loops": 1, "Filter": "(r_name = 'ASIA'::bpchar)", "Rows Removed by Filter": 4}, {"Node Type": "Index Scan", "Parent Relationship": "Inner", "Scan Direction": "Forward", "Index Name": "idx_nation_regionkey", "Relation Name": "nation", "Alias": "n1", "Startup Cost": 0.0, "Total Cost": 8.35, "Plan Rows": 5, "Plan Width": 8, "Actual Startup Time": 0.004, "Actual Total Time": 0.005, "Actual Rows": 5, "Actual Loops": 1, "Index Cond": "(n_regionkey = region.r_regionkey)", "Rows Removed by Index Recheck": 0}]}]}]}, {"Node Type": "Hash", "Parent Relationship": "Inner", "Startup Cost": 12.62, "Total Cost": 12.62, "Plan Rows": 25, "Plan Width": 30, "Actual Startup Time": 0.037, "Actual Total Time": 0.037, "Actual Rows": 25, "Actual Loops": 1, "Hash Buckets": 32768, "Hash Batches": 1, "Original Hash Batches": 1, "Peak Memory Usage": 2, "Plans": [{"Node Type": "Index Scan", "Parent Relationship": "Outer", "Scan Direction": "Forward", "Index Name": "nation_pkey", "Relation Name": "nation", "Alias": "n2", "Startup Cost": 0.0, "Total Cost": 12.62, "Plan Rows": 25, "Plan Width": 30, "Actual Startup Time": 0.009, "Actual Total Time": 0.026, "Actual Rows": 25, "Actual Loops": 1}]}]}]}]}, "Triggers": [], "Planner Runtime": 4, "Total Runtime": 7473.55, "Unique SQL Id": 3681808042}}, "(64, 106)": {"explain_plan": {"Plan": {"Node Type": "Sort", "Startup Cost": 2907141.92, "Total Cost": 2907141.94, "Plan Rows": 10, "Plan Width": 66, "Sort Key": ["(date_part('year'::text, orders.o_orderdate))"], "Plans": [{"Node Type": "Aggregate", "Strategy": "Hashed", "Parent Relationship": "Outer", "Startup Cost": 2907141.6, "Total Cost": 2907141.75, "Plan Rows": 10, "Plan Width": 66, "Group By Key": ["date_part('year'::text, orders.o_orderdate)"], "Plans": [{"Node Type": "Hash Join", "Parent Relationship": "Outer", "Join Type": "Inner", "Startup Cost": 664848.38, "Total Cost": 2907021.78, "Plan Rows": 5991, "Plan Width": 50, "Inner Unique": true, "Hash Cond": "(supplier.s_nationkey = n2.n_nationkey)", "Plans": [{"Node Type": "Hash Join", "Parent Relationship": "Outer", "Join Type": "Inner", "Startup Cost": 664846.82, "Total Cost": 2906922.86, "Plan Rows": 5991, "Plan Width": 28, "Inner Unique": true, "Hash Cond": "(lineitem.l_suppkey = supplier.s_suppkey)", "Plans": [{"Node Type": "Hash Join", "Parent Relationship": "Outer", "Join Type": "Inner", "Startup Cost": 660313.82, "Total Cost": 2902243.54, "Plan Rows": 17296, "Plan Width": 32, "Inner Unique": false, "Hash Cond": "(lineitem.l_orderkey = orders.o_orderkey)", "Plans": [{"Node Type": "Hash Join", "Parent Relationship": "Outer", "Join Type": "Inner", "Startup Cost": 67113.23, "Total Cost": 2307926.3, "Plan Rows": 74637, "Plan Width": 32, "Inner Unique": true, "Hash Cond": "(lineitem.l_partkey = part.p_partkey)", "Plans": [{"Node Type": "Seq Scan", "Parent Relationship": "Outer", "Relation Name": "lineitem", "Alias": "lineitem", "Startup Cost": 0.0, "Total Cost": 2015115.33, "Plan Rows": 59987033, "Plan Width": 40}, {"Node Type": "Hash", "Parent Relationship": "Inner", "Startup Cost": 66944.0, "Total Cost": 66944.0, "Plan Rows": 13538, "Plan Width": 8, "Plans": [{"Node Type": "Seq Scan", "Parent Relationship": "Outer", "Relation Name": "part", "Alias": "part", "Startup Cost": 0.0, "Total Cost": 66944.0, "Plan Rows": 13538, "Plan Width": 8, "Filter": "((p_type)::text = 'SMALL PLATED COPPER'::text)"}]}]}, {"Node Type": "Hash", "Parent Relationship": "Inner", "Startup Cost": 586571.9, "Total Cost": 586571.9, "Plan Rows": 530296, "Plan Width": 16, "Plans": [{"Node Type": "Hash Join", "Parent Relationship": "Outer", "Join Type": "Inner", "Startup Cost": 63058.19, "Total Cost": 586571.9, "Plan Rows": 530296, "Plan Width": 16, "Inner Unique": false, "Hash Cond": "(orders.o_custkey = customer.c_custkey), (LLVM Optimized)", "Plans": [{"Node Type": "Seq Scan", "Parent Relationship": "Outer", "Relation Name": "orders", "Alias": "orders", "Startup Cost": 195.31, "Total Cost": 501411.18, "Plan Rows": 4531967, "Plan Width": 24, "Filter": "((o_orderdate >= '1995-01-01 00:00:00'::timestamp(0) without time zone) AND (o_orderdate <= '1996-12-31 00:00:00'::timestamp(0) without time zone)), (LLVM Optimized)"}, {"Node Type": "Hash", "Parent Relationship": "Inner", "Startup Cost": 59112.88, "Total Cost": 59112.88, "Plan Rows": 300000, "Plan Width": 8, "Plans": [{"Node Type": "Hash Join", "Parent Relationship": "Outer", "Join Type": "Inner", "Startup Cost": 2.5, "Total Cost": 59112.88, "Plan Rows": 300000, "Plan Width": 8, "Inner Unique": false, "Hash Cond": "(customer.c_nationkey = n1.n_nationkey), (LLVM Optimized)", "Plans": [{"Node Type": "Seq Scan", "Parent Relationship": "Outer", "Relation Name": "customer", "Alias": "customer", "Startup Cost": 0.0, "Total Cost": 52126.0, "Plan Rows": 1500000, "Plan Width": 12}, {"Node Type": "Hash", "Parent Relationship": "Inner", "Startup Cost": 2.44, "Total Cost": 2.44, "Plan Rows": 5, "Plan Width": 4, "Plans": [{"Node Type": "Hash Join", "Parent Relationship": "Outer", "Join Type": "Inner", "Startup Cost": 1.07, "Total Cost": 2.44, "Plan Rows": 5, "Plan Width": 4, "Inner Unique": true, "Hash Cond": "(n1.n_regionkey = region.r_regionkey)", "Plans": [{"Node Type": "Seq Scan", "Parent Relationship": "Outer", "Relation Name": "nation", "Alias": "n1", "Startup Cost": 0.0, "Total Cost": 1.25, "Plan Rows": 25, "Plan Width": 8}, {"Node Type": "Hash", "Parent Relationship": "Inner", "Startup Cost": 1.06, "Total Cost": 1.06, "Plan Rows": 1, "Plan Width": 4, "Plans": [{"Node Type": "Seq Scan", "Parent Relationship": "Outer", "Relation Name": "region", "Alias": "region", "Startup Cost": 0.0, "Total Cost": 1.06, "Plan Rows": 1, "Plan Width": 4, "Filter": "(r_name = 'ASIA'::bpchar)"}]}]}]}]}]}]}]}]}, {"Node Type": "Hash", "Parent Relationship": "Inner", "Startup Cost": 3283.0, "Total Cost": 3283.0, "Plan Rows": 100000, "Plan Width": 12, "Plans": [{"Node Type": "Seq Scan", "Parent Relationship": "Outer", "Relation Name": "supplier", "Alias": "supplier", "Startup Cost": 0.0, "Total Cost": 3283.0, "Plan Rows": 100000, "Plan Width": 12}]}]}, {"Node Type": "Hash", "Parent Relationship": "Inner", "Startup Cost": 1.25, "Total Cost": 1.25, "Plan Rows": 25, "Plan Width": 30, "Plans": [{"Node Type": "Seq Scan", "Parent Relationship": "Outer", "Relation Name": "nation", "Alias": "n2", "Startup Cost": 0.0, "Total Cost": 1.25, "Plan Rows": 25, "Plan Width": 30}]}]}]}]}, "Unique SQL Id": 3681808042, "Planner Runtime": 5}, "explain_analyze_plan": null}, "(64, 107)": {"explain_plan": {"Plan": {"Node Type": "Sort", "Startup Cost": 8000424382396.96, "Total Cost": 8000424382396.98, "Plan Rows": 10, "Plan Width": 66, "Sort Key": ["(date_part('year'::text, orders.o_orderdate))"], "Plans": [{"Node Type": "Aggregate", "Strategy": "Hashed", "Parent Relationship": "Outer", "Startup Cost": 8000424382396.64, "Total Cost": 8000424382396.79, "Plan Rows": 10, "Plan Width": 66, "Group By Key": ["date_part('year'::text, orders.o_orderdate)"], "Plans": [{"Node Type": "Hash Join", "Parent Relationship": "Outer", "Join Type": "Inner", "Startup Cost": 6020424107984.83, "Total Cost": 8000424382050.72, "Plan Rows": 17296, "Plan Width": 50, "Inner Unique": true, "Hash Cond": "(supplier.s_nationkey = n2.n_nationkey)", "Plans": [{"Node Type": "Hash Join", "Parent Relationship": "Outer", "Join Type": "Inner", "Startup Cost": 5020424106722.02, "Total Cost": 7000424380506.85, "Plan Rows": 17296, "Plan Width": 28, "Inner Unique": true, "Hash Cond": "(lineitem.l_suppkey = supplier.s_suppkey)", "Plans": [{"Node Type": "Hash Join", "Parent Relationship": "Outer", "Join Type": "Inner", "Startup Cost": 4020423572017.64, "Total Cost": 6000423845656.15, "Plan Rows": 17296, "Plan Width": 32, "Inner Unique": false, "Hash Cond": "(orders.o_orderkey = lineitem.l_orderkey)", "Plans": [{"Node Type": "Hash Join", "Parent Relationship": "Outer", "Join Type": "Inner", "Startup Cost": 2020088749518.21, "Total Cost": 4000089018342.74, "Plan Rows": 530296, "Plan Width": 16, "Inner Unique": false, "Hash Cond": "(customer.c_custkey = orders.o_custkey), (LLVM Optimized)", "Plans": [{"Node Type": "Hash Join", "Parent Relationship": "Outer", "Join Type": "Inner", "Startup Cost": 1020008095285.62, "Total Cost": 3000008100432.19, "Plan Rows": 300000, "Plan Width": 8, "Inner Unique": false, "Hash Cond": "(n1.n_nationkey = customer.c_nationkey), (LLVM Optimized)", "Plans": [{"Node Type": "Nested Loop", "Parent Relationship": "Outer", "Join Type": "Inner", "Startup Cost": 20000000000.0, "Total Cost": 2000000002068.8, "Plan Rows": 5, "Plan Width": 4, "Inner Unique": false, "Plans": [{"Node Type": "Index Scan", "Parent Relationship": "Outer", "Scan Direction": "Forward", "Index Name": "region_pkey", "Relation Name": "region", "Alias": "region", "Startup Cost": 10000000000.0, "Total Cost": 1000000001233.75, "Plan Rows": 1, "Plan Width": 4, "Filter": "(r_name = 'ASIA'::bpchar)"}, {"Node Type": "Index Scan", "Parent Relationship": "Inner", "Scan Direction": "Forward", "Index Name": "idx_nation_regionkey", "Relation Name": "nation", "Alias": "n1", "Startup Cost": 10000000000.0, "Total Cost": 1000000000835.0, "Plan Rows": 5, "Plan Width": 8, "Index Cond": "(n_regionkey = region.r_regionkey)"}]}, {"Node Type": "Hash", "Parent Relationship": "Inner", "Startup Cost": 1000008076535.62, "Total Cost": 1000008076535.62, "Plan Rows": 1500000, "Plan Width": 12, "Plans": [{"Node Type": "Index Scan", "Parent Relationship": "Outer", "Scan Direction": "Forward", "Index Name": "customer_pkey", "Relation Name": "customer", "Alias": "customer", "Startup Cost": 10000000000.0, "Total Cost": 1000008076535.62, "Plan Rows": 1500000, "Plan Width": 12}]}]}, {"Node Type": "Hash", "Parent Relationship": "Inner", "Startup Cost": 1000080597583.0, "Total Cost": 1000080597583.0, "Plan Rows": 4531967, "Plan Width": 24, "Plans": [{"Node Type": "Index Scan", "Parent Relationship": "Outer", "Scan Direction": "Forward", "Index Name": "orders_pkey", "Relation Name": "orders", "Alias": "orders", "Startup Cost": 10000000000.0, "Total Cost": 1000080597583.0, "Plan Rows": 4531967, "Plan Width": 24, "Filter": "((o_orderdate >= '1995-01-01 00:00:00'::timestamp(0) without time zone) AND (o_orderdate <= '1996-12-31 00:00:00'::timestamp(0) without time zone)), (LLVM Optimized)"}]}]}, {"Node Type": "Hash", "Parent Relationship": "Inner", "Startup Cost": 2000334821566.47, "Total Cost": 2000334821566.47, "Plan Rows": 74637, "Plan Width": 32, "Plans": [{"Node Type": "Hash Join", "Parent Relationship": "Outer", "Join Type": "Inner", "Startup Cost": 1010010580494.22, "Total Cost": 2000334821566.47, "Plan Rows": 74637, "Plan Width": 32, "Inner Unique": true, "Hash Cond": "(lineitem.l_partkey = part.p_partkey)", "Plans": [{"Node Type": "Index Scan", "Parent Relationship": "Outer", "Scan Direction": "Forward", "Index Name": "idx_lineitem_orderkey", "Relation Name": "lineitem", "Alias": "lineitem", "Startup Cost": 10000000000.0, "Total Cost": 1000324015374.5, "Plan Rows": 59987033, "Plan Width": 40}, {"Node Type": "Hash", "Parent Relationship": "Inner", "Startup Cost": 1000010580325.0, "Total Cost": 1000010580325.0, "Plan Rows": 13538, "Plan Width": 8, "Plans": [{"Node Type": "Index Scan", "Parent Relationship": "Outer", "Scan Direction": "Forward", "Index Name": "part_kpey", "Relation Name": "part", "Alias": "part", "Startup Cost": 10000000000.0, "Total Cost": 1000010580325.0, "Plan Rows": 13538, "Plan Width": 8, "Filter": "((p_type)::text = 'SMALL PLATED COPPER'::text)"}]}]}]}]}, {"Node Type": "Hash", "Parent Relationship": "Inner", "Startup Cost": 1000000533454.38, "Total Cost": 1000000533454.38, "Plan Rows": 100000, "Plan Width": 12, "Plans": [{"Node Type": "Index Scan", "Parent Relationship": "Outer", "Scan Direction": "Forward", "Index Name": "supplier_pkey", "Relation Name": "supplier", "Alias": "supplier", "Startup Cost": 10000000000.0, "Total Cost": 1000000533454.38, "Plan Rows": 100000, "Plan Width": 12}]}]}, {"Node Type": "Hash", "Parent Relationship": "Inner", "Startup Cost": 1000000001262.5, "Total Cost": 1000000001262.5, "Plan Rows": 25, "Plan Width": 30, "Plans": [{"Node Type": "Index Scan", "Parent Relationship": "Outer", "Scan Direction": "Forward", "Index Name": "nation_pkey", "Relation Name": "nation", "Alias": "n2", "Startup Cost": 10000000000.0, "Total Cost": 1000000001262.5, "Plan Rows": 25, "Plan Width": 30}]}]}]}]}, "Unique SQL Id": 3681808042, "Planner Runtime": 10}, "explain_analyze_plan": null}, "(64, 108)": {"explain_plan": {"Plan": {"Node Type": "Sort", "Startup Cost": 486022.68, "Total Cost": 486022.71, "Plan Rows": 10, "Plan Width": 66, "Sort Key": ["(date_part('year'::text, orders.o_orderdate))"], "Plans": [{"Node Type": "Aggregate", "Strategy": "Hashed", "Parent Relationship": "Outer", "Startup Cost": 486022.37, "Total Cost": 486022.52, "Plan Rows": 10, "Plan Width": 66, "Group By Key": ["date_part('year'::text, orders.o_orderdate)"], "Plans": [{"Node Type": "Hash Join", "Parent Relationship": "Outer", "Join Type": "Inner", "Startup Cost": 4537.06, "Total Cost": 485902.55, "Plan Rows": 5991, "Plan Width": 50, "Inner Unique": true, "Hash Cond": "(supplier.s_nationkey = n2.n_nationkey)", "Plans": [{"Node Type": "Hash Join", "Parent Relationship": "Outer", "Join Type": "Inner", "Startup Cost": 4535.5, "Total Cost": 485803.63, "Plan Rows": 5991, "Plan Width": 28, "Inner Unique": false, "Hash Cond": "(customer.c_nationkey = n1.n_nationkey)", "Plans": [{"Node Type": "Nested Loop", "Parent Relationship": "Outer", "Join Type": "Inner", "Startup Cost": 4533.0, "Total Cost": 485661.65, "Plan Rows": 29954, "Plan Width": 32, "Inner Unique": true, "Plans": [{"Node Type": "Hash Join", "Parent Relationship": "Outer", "Join Type": "Inner", "Startup Cost": 4533.0, "Total Cost": 469409.78, "Plan Rows": 51198, "Plan Width": 36, "Inner Unique": true, "Hash Cond": "(lineitem.l_suppkey = supplier.s_suppkey)", "Plans": [{"Node Type": "Nested Loop", "Parent Relationship": "Outer", "Join Type": "Inner", "Startup Cost": 0.0, "Total Cost": 464497.44, "Plan Rows": 86479, "Plan Width": 40, "Inner Unique": true, "Plans": [{"Node Type": "Nested Loop", "Parent Relationship": "Outer", "Join Type": "Inner", "Startup Cost": 0.0, "Total Cost": 441564.57, "Plan Rows": 74637, "Plan Width": 32, "Inner Unique": false, "Plans": [{"Node Type": "Seq Scan", "Parent Relationship": "Outer", "Relation Name": "part", "Alias": "part", "Startup Cost": 0.0, "Total Cost": 66944.0, "Plan Rows": 13538, "Plan Width": 8, "Filter": "((p_type)::text = 'SMALL PLATED COPPER'::text)"}, {"Node Type": "Index Scan", "Parent Relationship": "Inner", "Scan Direction": "Forward", "Index Name": "idx_lineitem_part_supp", "Relation Name": "lineitem", "Alias": "lineitem", "Startup Cost": 0.0, "Total Cost": 27.61, "Plan Rows": 6, "Plan Width": 40, "Index Cond": "(l_partkey = part.p_partkey)"}]}, {"Node Type": "Index Scan", "Parent Relationship": "Inner", "Scan Direction": "Forward", "Index Name": "orders_pkey", "Relation Name": "orders", "Alias": "orders", "Startup Cost": 0.0, "Total Cost": 0.3, "Plan Rows": 1, "Plan Width": 24, "Index Cond": "(o_orderkey = lineitem.l_orderkey)", "Filter": "((o_orderdate >= '1995-01-01 00:00:00'::timestamp(0) without time zone) AND (o_orderdate <= '1996-12-31 00:00:00'::timestamp(0) without time zone))"}]}, {"Node Type": "Hash", "Parent Relationship": "Inner", "Startup Cost": 3283.0, "Total Cost": 3283.0, "Plan Rows": 100000, "Plan Width": 12, "Plans": [{"Node Type": "Seq Scan", "Parent Relationship": "Outer", "Relation Name": "supplier", "Alias": "supplier", "Startup Cost": 0.0, "Total Cost": 3283.0, "Plan Rows": 100000, "Plan Width": 12}]}]}, {"Node Type": "Index Scan", "Parent Relationship": "Inner", "Scan Direction": "Forward", "Index Name": "customer_pkey", "Relation Name": "customer", "Alias": "customer", "Startup Cost": 0.0, "Total Cost": 0.31, "Plan Rows": 1, "Plan Width": 12, "Index Cond": "(c_custkey = orders.o_custkey)"}]}, {"Node Type": "Hash", "Parent Relationship": "Inner", "Startup Cost": 2.44, "Total Cost": 2.44, "Plan Rows": 5, "Plan Width": 4, "Plans": [{"Node Type": "Hash Join", "Parent Relationship": "Outer", "Join Type": "Inner", "Startup Cost": 1.07, "Total Cost": 2.44, "Plan Rows": 5, "Plan Width": 4, "Inner Unique": true, "Hash Cond": "(n1.n_regionkey = region.r_regionkey)", "Plans": [{"Node Type": "Seq Scan", "Parent Relationship": "Outer", "Relation Name": "nation", "Alias": "n1", "Startup Cost": 0.0, "Total Cost": 1.25, "Plan Rows": 25, "Plan Width": 8}, {"Node Type": "Hash", "Parent Relationship": "Inner", "Startup Cost": 1.06, "Total Cost": 1.06, "Plan Rows": 1, "Plan Width": 4, "Plans": [{"Node Type": "Seq Scan", "Parent Relationship": "Outer", "Relation Name": "region", "Alias": "region", "Startup Cost": 0.0, "Total Cost": 1.06, "Plan Rows": 1, "Plan Width": 4, "Filter": "(r_name = 'ASIA'::bpchar)"}]}]}]}]}, {"Node Type": "Hash", "Parent Relationship": "Inner", "Startup Cost": 1.25, "Total Cost": 1.25, "Plan Rows": 25, "Plan Width": 30, "Plans": [{"Node Type": "Seq Scan", "Parent Relationship": "Outer", "Relation Name": "nation", "Alias": "n2", "Startup Cost": 0.0, "Total Cost": 1.25, "Plan Rows": 25, "Plan Width": 30}]}]}]}]}, "Unique SQL Id": 3681808042, "Planner Runtime": 5}, "explain_analyze_plan": {"Plan": {"Node Type": "Sort", "Startup Cost": 486022.68, "Total Cost": 486022.71, "Plan Rows": 10, "Plan Width": 66, "Actual Startup Time": 6756.022, "Actual Total Time": 6756.022, "Actual Rows": 2, "Actual Loops": 1, "Sort Key": ["(date_part('year'::text, orders.o_orderdate))"], "Sort Method": "quicksort", "Sort Space Used": 25, "Sort Space Type": "Memory", "Plans": [{"Node Type": "Aggregate", "Strategy": "Hashed", "Parent Relationship": "Outer", "Startup Cost": 486022.37, "Total Cost": 486022.52, "Plan Rows": 10, "Plan Width": 66, "Actual Startup Time": 6755.961, "Actual Total Time": 6755.962, "Actual Rows": 2, "Actual Loops": 1, "Group By Key": ["date_part('year'::text, orders.o_orderdate)"], "Plans": [{"Node Type": "Hash Join", "Parent Relationship": "Outer", "Join Type": "Inner", "Startup Cost": 4537.06, "Total Cost": 485902.55, "Plan Rows": 5991, "Plan Width": 50, "Actual Startup Time": 67.43, "Actual Total Time": 6719.443, "Actual Rows": 23929, "Actual Loops": 1, "Inner Unique": true, "Hash Cond": "(supplier.s_nationkey = n2.n_nationkey)", "Plans": [{"Node Type": "Hash Join", "Parent Relationship": "Outer", "Join Type": "Inner", "Startup Cost": 4535.5, "Total Cost": 485803.63, "Plan Rows": 5991, "Plan Width": 28, "Actual Startup Time": 67.32, "Actual Total Time": 6686.883, "Actual Rows": 23929, "Actual Loops": 1, "Inner Unique": false, "Hash Cond": "(customer.c_nationkey = n1.n_nationkey)", "Plans": [{"Node Type": "Nested Loop", "Parent Relationship": "Outer", "Join Type": "Inner", "Startup Cost": 4533.0, "Total Cost": 485661.65, "Plan Rows": 29954, "Plan Width": 32, "Actual Startup Time": 66.995, "Actual Total Time": 6648.807, "Actual Rows": 119765, "Actual Loops": 1, "Inner Unique": true, "Plans": [{"Node Type": "Hash Join", "Parent Relationship": "Outer", "Join Type": "Inner", "Startup Cost": 4533.0, "Total Cost": 469409.78, "Plan Rows": 51198, "Plan Width": 36, "Actual Startup Time": 66.961, "Actual Total Time": 5656.883, "Actual Rows": 119765, "Actual Loops": 1, "Inner Unique": true, "Hash Cond": "(lineitem.l_suppkey = supplier.s_suppkey)", "Plans": [{"Node Type": "Nested Loop", "Parent Relationship": "Outer", "Join Type": "Inner", "Startup Cost": 0.0, "Total Cost": 464497.44, "Plan Rows": 86479, "Plan Width": 40, "Actual Startup Time": 0.202, "Actual Total Time": 5506.065, "Actual Rows": 119765, "Actual Loops": 1, "Inner Unique": true, "Plans": [{"Node Type": "Nested Loop", "Parent Relationship": "Outer", "Join Type": "Inner", "Startup Cost": 0.0, "Total Cost": 441564.57, "Plan Rows": 74637, "Plan Width": 32, "Actual Startup Time": 0.04, "Actual Total Time": 2015.962, "Actual Rows": 395341, "Actual Loops": 1, "Inner Unique": false, "Plans": [{"Node Type": "Seq Scan", "Parent Relationship": "Outer", "Relation Name": "part", "Alias": "part", "Startup Cost": 0.0, "Total Cost": 66944.0, "Plan Rows": 13538, "Plan Width": 8, "Actual Startup Time": 0.02, "Actual Total Time": 775.693, "Actual Rows": 13163, "Actual Loops": 1, "Filter": "((p_type)::text = 'SMALL PLATED COPPER'::text)", "Rows Removed by Filter": 1986837}, {"Node Type": "Index Scan", "Parent Relationship": "Inner", "Scan Direction": "Forward", "Index Name": "idx_lineitem_part_supp", "Relation Name": "lineitem", "Alias": "lineitem", "Startup Cost": 0.0, "Total Cost": 27.61, "Plan Rows": 6, "Plan Width": 40, "Actual Startup Time": 155.92, "Actual Total Time": 1137.781, "Actual Rows": 395341, "Actual Loops": 13163, "Index Cond": "(l_partkey = part.p_partkey)", "Rows Removed by Index Recheck": 0}]}, {"Node Type": "Index Scan", "Parent Relationship": "Inner", "Scan Direction": "Forward", "Index Name": "orders_pkey", "Relation Name": "orders", "Alias": "orders", "Startup Cost": 0.0, "Total Cost": 0.3, "Plan Rows": 1, "Plan Width": 24, "Actual Startup Time": 3259.926, "Actual Total Time": 3259.926, "Actual Rows": 119765, "Actual Loops": 395341, "Index Cond": "(o_orderkey = lineitem.l_orderkey)", "Rows Removed by Index Recheck": 0, "Filter": "((o_orderdate >= '1995-01-01 00:00:00'::timestamp(0) without time zone) AND (o_orderdate <= '1996-12-31 00:00:00'::timestamp(0) without time zone))", "Rows Removed by Filter": 275576}]}, {"Node Type": "Hash", "Parent Relationship": "Inner", "Startup Cost": 3283.0, "Total Cost": 3283.0, "Plan Rows": 100000, "Plan Width": 12, "Actual Startup Time": 66.654, "Actual Total Time": 66.654, "Actual Rows": 100000, "Actual Loops": 1, "Hash Buckets": 131072, "Hash Batches": 1, "Original Hash Batches": 1, "Peak Memory Usage": 4297, "Plans": [{"Node Type": "Seq Scan", "Parent Relationship": "Outer", "Relation Name": "supplier", "Alias": "supplier", "Startup Cost": 0.0, "Total Cost": 3283.0, "Plan Rows": 100000, "Plan Width": 12, "Actual Startup Time": 0.01, "Actual Total Time": 40.336, "Actual Rows": 100000, "Actual Loops": 1}]}]}, {"Node Type": "Index Scan", "Parent Relationship": "Inner", "Scan Direction": "Forward", "Index Name": "customer_pkey", "Relation Name": "customer", "Alias": "customer", "Startup Cost": 0.0, "Total Cost": 0.31, "Plan Rows": 1, "Plan Width": 12, "Actual Startup Time": 882.839, "Actual Total Time": 882.839, "Actual Rows": 119765, "Actual Loops": 119765, "Index Cond": "(c_custkey = orders.o_custkey)", "Rows Removed by Index Recheck": 0}]}, {"Node Type": "Hash", "Parent Relationship": "Inner", "Startup Cost": 2.44, "Total Cost": 2.44, "Plan Rows": 5, "Plan Width": 4, "Actual Startup Time": 0.066, "Actual Total Time": 0.066, "Actual Rows": 5, "Actual Loops": 1, "Hash Buckets": 32768, "Hash Batches": 1, "Original Hash Batches": 1, "Peak Memory Usage": 1, "Plans": [{"Node Type": "Hash Join", "Parent Relationship": "Outer", "Join Type": "Inner", "Startup Cost": 1.07, "Total Cost": 2.44, "Plan Rows": 5, "Plan Width": 4, "Actual Startup Time": 0.051, "Actual Total Time": 0.059, "Actual Rows": 5, "Actual Loops": 1, "Inner Unique": true, "Hash Cond": "(n1.n_regionkey = region.r_regionkey)", "Plans": [{"Node Type": "Seq Scan", "Parent Relationship": "Outer", "Relation Name": "nation", "Alias": "n1", "Startup Cost": 0.0, "Total Cost": 1.25, "Plan Rows": 25, "Plan Width": 8, "Actual Startup Time": 0.006, "Actual Total Time": 0.01, "Actual Rows": 25, "Actual Loops": 1}, {"Node Type": "Hash", "Parent Relationship": "Inner", "Startup Cost": 1.06, "Total Cost": 1.06, "Plan Rows": 1, "Plan Width": 4, "Actual Startup Time": 0.011, "Actual Total Time": 0.011, "Actual Rows": 1, "Actual Loops": 1, "Hash Buckets": 32768, "Hash Batches": 1, "Original Hash Batches": 1, "Peak Memory Usage": 1, "Plans": [{"Node Type": "Seq Scan", "Parent Relationship": "Outer", "Relation Name": "region", "Alias": "region", "Startup Cost": 0.0, "Total Cost": 1.06, "Plan Rows": 1, "Plan Width": 4, "Actual Startup Time": 0.009, "Actual Total Time": 0.01, "Actual Rows": 1, "Actual Loops": 1, "Filter": "(r_name = 'ASIA'::bpchar)", "Rows Removed by Filter": 4}]}]}]}]}, {"Node Type": "Hash", "Parent Relationship": "Inner", "Startup Cost": 1.25, "Total Cost": 1.25, "Plan Rows": 25, "Plan Width": 30, "Actual Startup Time": 0.038, "Actual Total Time": 0.038, "Actual Rows": 25, "Actual Loops": 1, "Hash Buckets": 32768, "Hash Batches": 1, "Original Hash Batches": 1, "Peak Memory Usage": 2, "Plans": [{"Node Type": "Seq Scan", "Parent Relationship": "Outer", "Relation Name": "nation", "Alias": "n2", "Startup Cost": 0.0, "Total Cost": 1.25, "Plan Rows": 25, "Plan Width": 30, "Actual Startup Time": 0.012, "Actual Total Time": 0.017, "Actual Rows": 25, "Actual Loops": 1}]}]}]}]}, "Triggers": [], "Planner Runtime": 5, "Total Runtime": 6756.391, "Unique SQL Id": 3681808042}}, "(64, 109)": {"explain_plan": {"Plan": {"Node Type": "Sort", "Startup Cost": 526963.15, "Total Cost": 526963.18, "Plan Rows": 10, "Plan Width": 66, "Sort Key": ["(date_part('year'::text, orders.o_orderdate))"], "Plans": [{"Node Type": "Aggregate", "Strategy": "Hashed", "Parent Relationship": "Outer", "Startup Cost": 526962.83, "Total Cost": 526962.98, "Plan Rows": 10, "Plan Width": 66, "Group By Key": ["date_part('year'::text, orders.o_orderdate)"], "Plans": [{"Node Type": "Hash Join", "Parent Relationship": "Outer", "Join Type": "Inner", "Startup Cost": 6618.28, "Total Cost": 526843.01, "Plan Rows": 5991, "Plan Width": 50, "Inner Unique": true, "Hash Cond": "(supplier.s_nationkey = n2.n_nationkey)", "Plans": [{"Node Type": "Hash Join", "Parent Relationship": "Outer", "Join Type": "Inner", "Startup Cost": 6605.34, "Total Cost": 526732.72, "Plan Rows": 5991, "Plan Width": 28, "Inner Unique": false, "Hash Cond": "(customer.c_nationkey = n1.n_nationkey)", "Plans": [{"Node Type": "Nested Loop", "Parent Relationship": "Outer", "Join Type": "Inner", "Startup Cost": 6584.54, "Total Cost": 526572.45, "Plan Rows": 29954, "Plan Width": 32, "Inner Unique": true, "Plans": [{"Node Type": "Hash Join", "Parent Relationship": "Outer", "Join Type": "Inner", "Startup Cost": 6584.54, "Total Cost": 510320.57, "Plan Rows": 51198, "Plan Width": 36, "Inner Unique": true, "Hash Cond": "(lineitem.l_suppkey = supplier.s_suppkey)", "Plans": [{"Node Type": "Nested Loop", "Parent Relationship": "Outer", "Join Type": "Inner", "Startup Cost": 0.0, "Total Cost": 503356.69, "Plan Rows": 86479, "Plan Width": 40, "Inner Unique": true, "Plans": [{"Node Type": "Nested Loop", "Parent Relationship": "Outer", "Join Type": "Inner", "Startup Cost": 0.0, "Total Cost": 480423.82, "Plan Rows": 74637, "Plan Width": 32, "Inner Unique": false, "Plans": [{"Node Type": "Index Scan", "Parent Relationship": "Outer", "Scan Direction": "Forward", "Index Name": "part_kpey", "Relation Name": "part", "Alias": "part", "Startup Cost": 0.0, "Total Cost": 105803.25, "Plan Rows": 13538, "Plan Width": 8, "Filter": "((p_type)::text = 'SMALL PLATED COPPER'::text)"}, {"Node Type": "Index Scan", "Parent Relationship": "Inner", "Scan Direction": "Forward", "Index Name": "idx_lineitem_part_supp", "Relation Name": "lineitem", "Alias": "lineitem", "Startup Cost": 0.0, "Total Cost": 27.61, "Plan Rows": 6, "Plan Width": 40, "Index Cond": "(l_partkey = part.p_partkey)"}]}, {"Node Type": "Index Scan", "Parent Relationship": "Inner", "Scan Direction": "Forward", "Index Name": "orders_pkey", "Relation Name": "orders", "Alias": "orders", "Startup Cost": 0.0, "Total Cost": 0.3, "Plan Rows": 1, "Plan Width": 24, "Index Cond": "(o_orderkey = lineitem.l_orderkey)", "Filter": "((o_orderdate >= '1995-01-01 00:00:00'::timestamp(0) without time zone) AND (o_orderdate <= '1996-12-31 00:00:00'::timestamp(0) without time zone))"}]}, {"Node Type": "Hash", "Parent Relationship": "Inner", "Startup Cost": 5334.54, "Total Cost": 5334.54, "Plan Rows": 100000, "Plan Width": 12, "Plans": [{"Node Type": "Index Scan", "Parent Relationship": "Outer", "Scan Direction": "Forward", "Index Name": "supplier_pkey", "Relation Name": "supplier", "Alias": "supplier", "Startup Cost": 0.0, "Total Cost": 5334.54, "Plan Rows": 100000, "Plan Width": 12}]}]}, {"Node Type": "Index Scan", "Parent Relationship": "Inner", "Scan Direction": "Forward", "Index Name": "customer_pkey", "Relation Name": "customer", "Alias": "customer", "Startup Cost": 0.0, "Total Cost": 0.31, "Plan Rows": 1, "Plan Width": 12, "Index Cond": "(c_custkey = orders.o_custkey)"}]}, {"Node Type": "Hash", "Parent Relationship": "Inner", "Startup Cost": 20.74, "Total Cost": 20.74, "Plan Rows": 5, "Plan Width": 4, "Plans": [{"Node Type": "Nested Loop", "Parent Relationship": "Outer", "Join Type": "Inner", "Startup Cost": 0.0, "Total Cost": 20.74, "Plan Rows": 5, "Plan Width": 4, "Inner Unique": false, "Plans": [{"Node Type": "Index Scan", "Parent Relationship": "Outer", "Scan Direction": "Forward", "Index Name": "region_pkey", "Relation Name": "region", "Alias": "region", "Startup Cost": 0.0, "Total Cost": 12.34, "Plan Rows": 1, "Plan Width": 4, "Filter": "(r_name = 'ASIA'::bpchar)"}, {"Node Type": "Index Scan", "Parent Relationship": "Inner", "Scan Direction": "Forward", "Index Name": "idx_nation_regionkey", "Relation Name": "nation", "Alias": "n1", "Startup Cost": 0.0, "Total Cost": 8.35, "Plan Rows": 5, "Plan Width": 8, "Index Cond": "(n_regionkey = region.r_regionkey)"}]}]}]}, {"Node Type": "Hash", "Parent Relationship": "Inner", "Startup Cost": 12.62, "Total Cost": 12.62, "Plan Rows": 25, "Plan Width": 30, "Plans": [{"Node Type": "Index Scan", "Parent Relationship": "Outer", "Scan Direction": "Forward", "Index Name": "nation_pkey", "Relation Name": "nation", "Alias": "n2", "Startup Cost": 0.0, "Total Cost": 12.62, "Plan Rows": 25, "Plan Width": 30}]}]}]}]}, "Unique SQL Id": 3681808042, "Planner Runtime": 4}, "explain_analyze_plan": {"Plan": {"Node Type": "Sort", "Startup Cost": 526963.15, "Total Cost": 526963.18, "Plan Rows": 10, "Plan Width": 66, "Actual Startup Time": 7473.195, "Actual Total Time": 7473.195, "Actual Rows": 2, "Actual Loops": 1, "Sort Key": ["(date_part('year'::text, orders.o_orderdate))"], "Sort Method": "quicksort", "Sort Space Used": 25, "Sort Space Type": "Memory", "Plans": [{"Node Type": "Aggregate", "Strategy": "Hashed", "Parent Relationship": "Outer", "Startup Cost": 526962.83, "Total Cost": 526962.98, "Plan Rows": 10, "Plan Width": 66, "Actual Startup Time": 7473.174, "Actual Total Time": 7473.175, "Actual Rows": 2, "Actual Loops": 1, "Group By Key": ["date_part('year'::text, orders.o_orderdate)"], "Plans": [{"Node Type": "Hash Join", "Parent Relationship": "Outer", "Join Type": "Inner", "Startup Cost": 6618.28, "Total Cost": 526843.01, "Plan Rows": 5991, "Plan Width": 50, "Actual Startup Time": 111.253, "Actual Total Time": 7439.205, "Actual Rows": 23929, "Actual Loops": 1, "Inner Unique": true, "Hash Cond": "(supplier.s_nationkey = n2.n_nationkey)", "Plans": [{"Node Type": "Hash Join", "Parent Relationship": "Outer", "Join Type": "Inner", "Startup Cost": 6605.34, "Total Cost": 526732.72, "Plan Rows": 5991, "Plan Width": 28, "Actual Startup Time": 111.16, "Actual Total Time": 7408.027, "Actual Rows": 23929, "Actual Loops": 1, "Inner Unique": false, "Hash Cond": "(customer.c_nationkey = n1.n_nationkey)", "Plans": [{"Node Type": "Nested Loop", "Parent Relationship": "Outer", "Join Type": "Inner", "Startup Cost": 6584.54, "Total Cost": 526572.45, "Plan Rows": 29954, "Plan Width": 32, "Actual Startup Time": 110.89, "Actual Total Time": 7370.669, "Actual Rows": 119765, "Actual Loops": 1, "Inner Unique": true, "Plans": [{"Node Type": "Hash Join", "Parent Relationship": "Outer", "Join Type": "Inner", "Startup Cost": 6584.54, "Total Cost": 510320.57, "Plan Rows": 51198, "Plan Width": 36, "Actual Startup Time": 110.859, "Actual Total Time": 6357.419, "Actual Rows": 119765, "Actual Loops": 1, "Inner Unique": true, "Hash Cond": "(lineitem.l_suppkey = supplier.s_suppkey)", "Plans": [{"Node Type": "Nested Loop", "Parent Relationship": "Outer", "Join Type": "Inner", "Startup Cost": 0.0, "Total Cost": 503356.69, "Plan Rows": 86479, "Plan Width": 40, "Actual Startup Time": 0.155, "Actual Total Time": 6165.628, "Actual Rows": 119765, "Actual Loops": 1, "Inner Unique": true, "Plans": [{"Node Type": "Nested Loop", "Parent Relationship": "Outer", "Join Type": "Inner", "Startup Cost": 0.0, "Total Cost": 480423.82, "Plan Rows": 74637, "Plan Width": 32, "Actual Startup Time": 0.039, "Actual Total Time": 2622.64, "Actual Rows": 395341, "Actual Loops": 1, "Inner Unique": false, "Plans": [{"Node Type": "Index Scan", "Parent Relationship": "Outer", "Scan Direction": "Forward", "Index Name": "part_kpey", "Relation Name": "part", "Alias": "part", "Startup Cost": 0.0, "Total Cost": 105803.25, "Plan Rows": 13538, "Plan Width": 8, "Actual Startup Time": 0.024, "Actual Total Time": 1376.051, "Actual Rows": 13163, "Actual Loops": 1, "Filter": "((p_type)::text = 'SMALL PLATED COPPER'::text)", "Rows Removed by Filter": 1986837}, {"Node Type": "Index Scan", "Parent Relationship": "Inner", "Scan Direction": "Forward", "Index Name": "idx_lineitem_part_supp", "Relation Name": "lineitem", "Alias": "lineitem", "Startup Cost": 0.0, "Total Cost": 27.61, "Plan Rows": 6, "Plan Width": 40, "Actual Startup Time": 153.471, "Actual Total Time": 1145.154, "Actual Rows": 395341, "Actual Loops": 13163, "Index Cond": "(l_partkey = part.p_partkey)", "Rows Removed by Index Recheck": 0}]}, {"Node Type": "Index Scan", "Parent Relationship": "Inner", "Scan Direction": "Forward", "Index Name": "orders_pkey", "Relation Name": "orders", "Alias": "orders", "Startup Cost": 0.0, "Total Cost": 0.3, "Plan Rows": 1, "Plan Width": 24, "Actual Startup Time": 3308.468, "Actual Total Time": 3308.468, "Actual Rows": 119765, "Actual Loops": 395341, "Index Cond": "(o_orderkey = lineitem.l_orderkey)", "Rows Removed by Index Recheck": 0, "Filter": "((o_orderdate >= '1995-01-01 00:00:00'::timestamp(0) without time zone) AND (o_orderdate <= '1996-12-31 00:00:00'::timestamp(0) without time zone))", "Rows Removed by Filter": 275576}]}, {"Node Type": "Hash", "Parent Relationship": "Inner", "Startup Cost": 5334.54, "Total Cost": 5334.54, "Plan Rows": 100000, "Plan Width": 12, "Actual Startup Time": 110.598, "Actual Total Time": 110.598, "Actual Rows": 100000, "Actual Loops": 1, "Hash Buckets": 131072, "Hash Batches": 1, "Original Hash Batches": 1, "Peak Memory Usage": 4297, "Plans": [{"Node Type": "Index Scan", "Parent Relationship": "Outer", "Scan Direction": "Forward", "Index Name": "supplier_pkey", "Relation Name": "supplier", "Alias": "supplier", "Startup Cost": 0.0, "Total Cost": 5334.54, "Plan Rows": 100000, "Plan Width": 12, "Actual Startup Time": 0.017, "Actual Total Time": 82.915, "Actual Rows": 100000, "Actual Loops": 1}]}]}, {"Node Type": "Index Scan", "Parent Relationship": "Inner", "Scan Direction": "Forward", "Index Name": "customer_pkey", "Relation Name": "customer", "Alias": "customer", "Startup Cost": 0.0, "Total Cost": 0.31, "Plan Rows": 1, "Plan Width": 12, "Actual Startup Time": 903.566, "Actual Total Time": 903.566, "Actual Rows": 119765, "Actual Loops": 119765, "Index Cond": "(c_custkey = orders.o_custkey)", "Rows Removed by Index Recheck": 0}]}, {"Node Type": "Hash", "Parent Relationship": "Inner", "Startup Cost": 20.74, "Total Cost": 20.74, "Plan Rows": 5, "Plan Width": 4, "Actual Startup Time": 0.024, "Actual Total Time": 0.024, "Actual Rows": 5, "Actual Loops": 1, "Hash Buckets": 32768, "Hash Batches": 1, "Original Hash Batches": 1, "Peak Memory Usage": 1, "Plans": [{"Node Type": "Nested Loop", "Parent Relationship": "Outer", "Join Type": "Inner", "Startup Cost": 0.0, "Total Cost": 20.74, "Plan Rows": 5, "Plan Width": 4, "Actual Startup Time": 0.016, "Actual Total Time": 0.022, "Actual Rows": 5, "Actual Loops": 1, "Inner Unique": false, "Plans": [{"Node Type": "Index Scan", "Parent Relationship": "Outer", "Scan Direction": "Forward", "Index Name": "region_pkey", "Relation Name": "region", "Alias": "region", "Startup Cost": 0.0, "Total Cost": 12.34, "Plan Rows": 1, "Plan Width": 4, "Actual Startup Time": 0.009, "Actual Total Time": 0.011, "Actual Rows": 1, "Actual Loops": 1, "Filter": "(r_name = 'ASIA'::bpchar)", "Rows Removed by Filter": 4}, {"Node Type": "Index Scan", "Parent Relationship": "Inner", "Scan Direction": "Forward", "Index Name": "idx_nation_regionkey", "Relation Name": "nation", "Alias": "n1", "Startup Cost": 0.0, "Total Cost": 8.35, "Plan Rows": 5, "Plan Width": 8, "Actual Startup Time": 0.004, "Actual Total Time": 0.005, "Actual Rows": 5, "Actual Loops": 1, "Index Cond": "(n_regionkey = region.r_regionkey)", "Rows Removed by Index Recheck": 0}]}]}]}, {"Node Type": "Hash", "Parent Relationship": "Inner", "Startup Cost": 12.62, "Total Cost": 12.62, "Plan Rows": 25, "Plan Width": 30, "Actual Startup Time": 0.037, "Actual Total Time": 0.037, "Actual Rows": 25, "Actual Loops": 1, "Hash Buckets": 32768, "Hash Batches": 1, "Original Hash Batches": 1, "Peak Memory Usage": 2, "Plans": [{"Node Type": "Index Scan", "Parent Relationship": "Outer", "Scan Direction": "Forward", "Index Name": "nation_pkey", "Relation Name": "nation", "Alias": "n2", "Startup Cost": 0.0, "Total Cost": 12.62, "Plan Rows": 25, "Plan Width": 30, "Actual Startup Time": 0.009, "Actual Total Time": 0.026, "Actual Rows": 25, "Actual Loops": 1}]}]}]}]}, "Triggers": [], "Planner Runtime": 4, "Total Runtime": 7473.55, "Unique SQL Id": 3681808042}}, "(64, 110)": {"explain_plan": {"Plan": {"Node Type": "Sort", "Startup Cost": 2907141.92, "Total Cost": 2907141.94, "Plan Rows": 10, "Plan Width": 66, "Sort Key": ["(date_part('year'::text, orders.o_orderdate))"], "Plans": [{"Node Type": "Aggregate", "Strategy": "Hashed", "Parent Relationship": "Outer", "Startup Cost": 2907141.6, "Total Cost": 2907141.75, "Plan Rows": 10, "Plan Width": 66, "Group By Key": ["date_part('year'::text, orders.o_orderdate)"], "Plans": [{"Node Type": "Hash Join", "Parent Relationship": "Outer", "Join Type": "Inner", "Startup Cost": 664848.38, "Total Cost": 2907021.78, "Plan Rows": 5991, "Plan Width": 50, "Inner Unique": true, "Hash Cond": "(supplier.s_nationkey = n2.n_nationkey)", "Plans": [{"Node Type": "Hash Join", "Parent Relationship": "Outer", "Join Type": "Inner", "Startup Cost": 664846.82, "Total Cost": 2906922.86, "Plan Rows": 5991, "Plan Width": 28, "Inner Unique": true, "Hash Cond": "(lineitem.l_suppkey = supplier.s_suppkey)", "Plans": [{"Node Type": "Hash Join", "Parent Relationship": "Outer", "Join Type": "Inner", "Startup Cost": 660313.82, "Total Cost": 2902243.54, "Plan Rows": 17296, "Plan Width": 32, "Inner Unique": false, "Hash Cond": "(lineitem.l_orderkey = orders.o_orderkey)", "Plans": [{"Node Type": "Hash Join", "Parent Relationship": "Outer", "Join Type": "Inner", "Startup Cost": 67113.23, "Total Cost": 2307926.3, "Plan Rows": 74637, "Plan Width": 32, "Inner Unique": true, "Hash Cond": "(lineitem.l_partkey = part.p_partkey)", "Plans": [{"Node Type": "Seq Scan", "Parent Relationship": "Outer", "Relation Name": "lineitem", "Alias": "lineitem", "Startup Cost": 0.0, "Total Cost": 2015115.33, "Plan Rows": 59987033, "Plan Width": 40}, {"Node Type": "Hash", "Parent Relationship": "Inner", "Startup Cost": 66944.0, "Total Cost": 66944.0, "Plan Rows": 13538, "Plan Width": 8, "Plans": [{"Node Type": "Seq Scan", "Parent Relationship": "Outer", "Relation Name": "part", "Alias": "part", "Startup Cost": 0.0, "Total Cost": 66944.0, "Plan Rows": 13538, "Plan Width": 8, "Filter": "((p_type)::text = 'SMALL PLATED COPPER'::text)"}]}]}, {"Node Type": "Hash", "Parent Relationship": "Inner", "Startup Cost": 586571.9, "Total Cost": 586571.9, "Plan Rows": 530296, "Plan Width": 16, "Plans": [{"Node Type": "Hash Join", "Parent Relationship": "Outer", "Join Type": "Inner", "Startup Cost": 63058.19, "Total Cost": 586571.9, "Plan Rows": 530296, "Plan Width": 16, "Inner Unique": false, "Hash Cond": "(orders.o_custkey = customer.c_custkey), (LLVM Optimized)", "Plans": [{"Node Type": "Seq Scan", "Parent Relationship": "Outer", "Relation Name": "orders", "Alias": "orders", "Startup Cost": 195.31, "Total Cost": 501411.18, "Plan Rows": 4531967, "Plan Width": 24, "Filter": "((o_orderdate >= '1995-01-01 00:00:00'::timestamp(0) without time zone) AND (o_orderdate <= '1996-12-31 00:00:00'::timestamp(0) without time zone)), (LLVM Optimized)"}, {"Node Type": "Hash", "Parent Relationship": "Inner", "Startup Cost": 59112.88, "Total Cost": 59112.88, "Plan Rows": 300000, "Plan Width": 8, "Plans": [{"Node Type": "Hash Join", "Parent Relationship": "Outer", "Join Type": "Inner", "Startup Cost": 2.5, "Total Cost": 59112.88, "Plan Rows": 300000, "Plan Width": 8, "Inner Unique": false, "Hash Cond": "(customer.c_nationkey = n1.n_nationkey), (LLVM Optimized)", "Plans": [{"Node Type": "Seq Scan", "Parent Relationship": "Outer", "Relation Name": "customer", "Alias": "customer", "Startup Cost": 0.0, "Total Cost": 52126.0, "Plan Rows": 1500000, "Plan Width": 12}, {"Node Type": "Hash", "Parent Relationship": "Inner", "Startup Cost": 2.44, "Total Cost": 2.44, "Plan Rows": 5, "Plan Width": 4, "Plans": [{"Node Type": "Hash Join", "Parent Relationship": "Outer", "Join Type": "Inner", "Startup Cost": 1.07, "Total Cost": 2.44, "Plan Rows": 5, "Plan Width": 4, "Inner Unique": true, "Hash Cond": "(n1.n_regionkey = region.r_regionkey)", "Plans": [{"Node Type": "Seq Scan", "Parent Relationship": "Outer", "Relation Name": "nation", "Alias": "n1", "Startup Cost": 0.0, "Total Cost": 1.25, "Plan Rows": 25, "Plan Width": 8}, {"Node Type": "Hash", "Parent Relationship": "Inner", "Startup Cost": 1.06, "Total Cost": 1.06, "Plan Rows": 1, "Plan Width": 4, "Plans": [{"Node Type": "Seq Scan", "Parent Relationship": "Outer", "Relation Name": "region", "Alias": "region", "Startup Cost": 0.0, "Total Cost": 1.06, "Plan Rows": 1, "Plan Width": 4, "Filter": "(r_name = 'ASIA'::bpchar)"}]}]}]}]}]}]}]}]}, {"Node Type": "Hash", "Parent Relationship": "Inner", "Startup Cost": 3283.0, "Total Cost": 3283.0, "Plan Rows": 100000, "Plan Width": 12, "Plans": [{"Node Type": "Seq Scan", "Parent Relationship": "Outer", "Relation Name": "supplier", "Alias": "supplier", "Startup Cost": 0.0, "Total Cost": 3283.0, "Plan Rows": 100000, "Plan Width": 12}]}]}, {"Node Type": "Hash", "Parent Relationship": "Inner", "Startup Cost": 1.25, "Total Cost": 1.25, "Plan Rows": 25, "Plan Width": 30, "Plans": [{"Node Type": "Seq Scan", "Parent Relationship": "Outer", "Relation Name": "nation", "Alias": "n2", "Startup Cost": 0.0, "Total Cost": 1.25, "Plan Rows": 25, "Plan Width": 30}]}]}]}]}, "Unique SQL Id": 3681808042, "Planner Runtime": 5}, "explain_analyze_plan": null}, "(64, 111)": {"explain_plan": {"Plan": {"Node Type": "Sort", "Startup Cost": 8000424382396.96, "Total Cost": 8000424382396.98, "Plan Rows": 10, "Plan Width": 66, "Sort Key": ["(date_part('year'::text, orders.o_orderdate))"], "Plans": [{"Node Type": "Aggregate", "Strategy": "Hashed", "Parent Relationship": "Outer", "Startup Cost": 8000424382396.64, "Total Cost": 8000424382396.79, "Plan Rows": 10, "Plan Width": 66, "Group By Key": ["date_part('year'::text, orders.o_orderdate)"], "Plans": [{"Node Type": "Hash Join", "Parent Relationship": "Outer", "Join Type": "Inner", "Startup Cost": 6020424107984.83, "Total Cost": 8000424382050.72, "Plan Rows": 17296, "Plan Width": 50, "Inner Unique": true, "Hash Cond": "(supplier.s_nationkey = n2.n_nationkey)", "Plans": [{"Node Type": "Hash Join", "Parent Relationship": "Outer", "Join Type": "Inner", "Startup Cost": 5020424106722.02, "Total Cost": 7000424380506.85, "Plan Rows": 17296, "Plan Width": 28, "Inner Unique": true, "Hash Cond": "(lineitem.l_suppkey = supplier.s_suppkey)", "Plans": [{"Node Type": "Hash Join", "Parent Relationship": "Outer", "Join Type": "Inner", "Startup Cost": 4020423572017.64, "Total Cost": 6000423845656.15, "Plan Rows": 17296, "Plan Width": 32, "Inner Unique": false, "Hash Cond": "(orders.o_orderkey = lineitem.l_orderkey)", "Plans": [{"Node Type": "Hash Join", "Parent Relationship": "Outer", "Join Type": "Inner", "Startup Cost": 2020088749518.21, "Total Cost": 4000089018342.74, "Plan Rows": 530296, "Plan Width": 16, "Inner Unique": false, "Hash Cond": "(customer.c_custkey = orders.o_custkey), (LLVM Optimized)", "Plans": [{"Node Type": "Hash Join", "Parent Relationship": "Outer", "Join Type": "Inner", "Startup Cost": 1020008095285.62, "Total Cost": 3000008100432.19, "Plan Rows": 300000, "Plan Width": 8, "Inner Unique": false, "Hash Cond": "(n1.n_nationkey = customer.c_nationkey), (LLVM Optimized)", "Plans": [{"Node Type": "Nested Loop", "Parent Relationship": "Outer", "Join Type": "Inner", "Startup Cost": 20000000000.0, "Total Cost": 2000000002068.8, "Plan Rows": 5, "Plan Width": 4, "Inner Unique": false, "Plans": [{"Node Type": "Index Scan", "Parent Relationship": "Outer", "Scan Direction": "Forward", "Index Name": "region_pkey", "Relation Name": "region", "Alias": "region", "Startup Cost": 10000000000.0, "Total Cost": 1000000001233.75, "Plan Rows": 1, "Plan Width": 4, "Filter": "(r_name = 'ASIA'::bpchar)"}, {"Node Type": "Index Scan", "Parent Relationship": "Inner", "Scan Direction": "Forward", "Index Name": "idx_nation_regionkey", "Relation Name": "nation", "Alias": "n1", "Startup Cost": 10000000000.0, "Total Cost": 1000000000835.0, "Plan Rows": 5, "Plan Width": 8, "Index Cond": "(n_regionkey = region.r_regionkey)"}]}, {"Node Type": "Hash", "Parent Relationship": "Inner", "Startup Cost": 1000008076535.62, "Total Cost": 1000008076535.62, "Plan Rows": 1500000, "Plan Width": 12, "Plans": [{"Node Type": "Index Scan", "Parent Relationship": "Outer", "Scan Direction": "Forward", "Index Name": "customer_pkey", "Relation Name": "customer", "Alias": "customer", "Startup Cost": 10000000000.0, "Total Cost": 1000008076535.62, "Plan Rows": 1500000, "Plan Width": 12}]}]}, {"Node Type": "Hash", "Parent Relationship": "Inner", "Startup Cost": 1000080597583.0, "Total Cost": 1000080597583.0, "Plan Rows": 4531967, "Plan Width": 24, "Plans": [{"Node Type": "Index Scan", "Parent Relationship": "Outer", "Scan Direction": "Forward", "Index Name": "orders_pkey", "Relation Name": "orders", "Alias": "orders", "Startup Cost": 10000000000.0, "Total Cost": 1000080597583.0, "Plan Rows": 4531967, "Plan Width": 24, "Filter": "((o_orderdate >= '1995-01-01 00:00:00'::timestamp(0) without time zone) AND (o_orderdate <= '1996-12-31 00:00:00'::timestamp(0) without time zone)), (LLVM Optimized)"}]}]}, {"Node Type": "Hash", "Parent Relationship": "Inner", "Startup Cost": 2000334821566.47, "Total Cost": 2000334821566.47, "Plan Rows": 74637, "Plan Width": 32, "Plans": [{"Node Type": "Hash Join", "Parent Relationship": "Outer", "Join Type": "Inner", "Startup Cost": 1010010580494.22, "Total Cost": 2000334821566.47, "Plan Rows": 74637, "Plan Width": 32, "Inner Unique": true, "Hash Cond": "(lineitem.l_partkey = part.p_partkey)", "Plans": [{"Node Type": "Index Scan", "Parent Relationship": "Outer", "Scan Direction": "Forward", "Index Name": "idx_lineitem_orderkey", "Relation Name": "lineitem", "Alias": "lineitem", "Startup Cost": 10000000000.0, "Total Cost": 1000324015374.5, "Plan Rows": 59987033, "Plan Width": 40}, {"Node Type": "Hash", "Parent Relationship": "Inner", "Startup Cost": 1000010580325.0, "Total Cost": 1000010580325.0, "Plan Rows": 13538, "Plan Width": 8, "Plans": [{"Node Type": "Index Scan", "Parent Relationship": "Outer", "Scan Direction": "Forward", "Index Name": "part_kpey", "Relation Name": "part", "Alias": "part", "Startup Cost": 10000000000.0, "Total Cost": 1000010580325.0, "Plan Rows": 13538, "Plan Width": 8, "Filter": "((p_type)::text = 'SMALL PLATED COPPER'::text)"}]}]}]}]}, {"Node Type": "Hash", "Parent Relationship": "Inner", "Startup Cost": 1000000533454.38, "Total Cost": 1000000533454.38, "Plan Rows": 100000, "Plan Width": 12, "Plans": [{"Node Type": "Index Scan", "Parent Relationship": "Outer", "Scan Direction": "Forward", "Index Name": "supplier_pkey", "Relation Name": "supplier", "Alias": "supplier", "Startup Cost": 10000000000.0, "Total Cost": 1000000533454.38, "Plan Rows": 100000, "Plan Width": 12}]}]}, {"Node Type": "Hash", "Parent Relationship": "Inner", "Startup Cost": 1000000001262.5, "Total Cost": 1000000001262.5, "Plan Rows": 25, "Plan Width": 30, "Plans": [{"Node Type": "Index Scan", "Parent Relationship": "Outer", "Scan Direction": "Forward", "Index Name": "nation_pkey", "Relation Name": "nation", "Alias": "n2", "Startup Cost": 10000000000.0, "Total Cost": 1000000001262.5, "Plan Rows": 25, "Plan Width": 30}]}]}]}]}, "Unique SQL Id": 3681808042, "Planner Runtime": 10}, "explain_analyze_plan": null}, "(64, 112)": {"explain_plan": {"Plan": {"Node Type": "Sort", "Startup Cost": 505096.47, "Total Cost": 505096.49, "Plan Rows": 10, "Plan Width": 66, "Sort Key": ["(date_part('year'::text, orders.o_orderdate))"], "Plans": [{"Node Type": "Aggregate", "Strategy": "Hashed", "Parent Relationship": "Outer", "Startup Cost": 505096.15, "Total Cost": 505096.3, "Plan Rows": 10, "Plan Width": 66, "Group By Key": ["date_part('year'::text, orders.o_orderdate)"], "Plans": [{"Node Type": "Nested Loop", "Parent Relationship": "Outer", "Join Type": "Inner", "Startup Cost": 0.0, "Total Cost": 504976.33, "Plan Rows": 5991, "Plan Width": 50, "Inner Unique": true, "Plans": [{"Node Type": "Nested Loop", "Parent Relationship": "Outer", "Join Type": "Inner", "Startup Cost": 0.0, "Total Cost": 503283.15, "Plan Rows": 5991, "Plan Width": 28, "Inner Unique": true, "Plans": [{"Node Type": "Nested Loop", "Parent Relationship": "Outer", "Join Type": "Inner", "Startup Cost": 0.0, "Total Cost": 498437.19, "Plan Rows": 17296, "Plan Width": 32, "Inner Unique": false, "Join Filter": "(n1.n_nationkey = customer.c_nationkey)", "Plans": [{"Node Type": "Nested Loop", "Parent Relationship": "Outer", "Join Type": "Inner", "Startup Cost": 0.0, "Total Cost": 491948.63, "Plan Rows": 86479, "Plan Width": 36, "Inner Unique": true, "Plans": [{"Node Type": "Nested Loop", "Parent Relationship": "Outer", "Join Type": "Inner", "Startup Cost": 0.0, "Total Cost": 464497.44, "Plan Rows": 86479, "Plan Width": 40, "Inner Unique": true, "Plans": [{"Node Type": "Nested Loop", "Parent Relationship": "Outer", "Join Type": "Inner", "Startup Cost": 0.0, "Total Cost": 441564.57, "Plan Rows": 74637, "Plan Width": 32, "Inner Unique": false, "Plans": [{"Node Type": "Seq Scan", "Parent Relationship": "Outer", "Relation Name": "part", "Alias": "part", "Startup Cost": 0.0, "Total Cost": 66944.0, "Plan Rows": 13538, "Plan Width": 8, "Filter": "((p_type)::text = 'SMALL PLATED COPPER'::text)"}, {"Node Type": "Index Scan", "Parent Relationship": "Inner", "Scan Direction": "Forward", "Index Name": "idx_lineitem_part_supp", "Relation Name": "lineitem", "Alias": "lineitem", "Startup Cost": 0.0, "Total Cost": 27.61, "Plan Rows": 6, "Plan Width": 40, "Index Cond": "(l_partkey = part.p_partkey)"}]}, {"Node Type": "Index Scan", "Parent Relationship": "Inner", "Scan Direction": "Forward", "Index Name": "orders_pkey", "Relation Name": "orders", "Alias": "orders", "Startup Cost": 0.0, "Total Cost": 0.3, "Plan Rows": 1, "Plan Width": 24, "Index Cond": "(o_orderkey = lineitem.l_orderkey)", "Filter": "((o_orderdate >= '1995-01-01 00:00:00'::timestamp(0) without time zone) AND (o_orderdate <= '1996-12-31 00:00:00'::timestamp(0) without time zone))"}]}, {"Node Type": "Index Scan", "Parent Relationship": "Inner", "Scan Direction": "Forward", "Index Name": "customer_pkey", "Relation Name": "customer", "Alias": "customer", "Startup Cost": 0.0, "Total Cost": 0.31, "Plan Rows": 1, "Plan Width": 12, "Index Cond": "(c_custkey = orders.o_custkey)"}]}, {"Node Type": "Materialize", "Parent Relationship": "Inner", "Startup Cost": 0.0, "Total Cost": 2.65, "Plan Rows": 5, "Plan Width": 4, "Plans": [{"Node Type": "Nested Loop", "Parent Relationship": "Outer", "Join Type": "Inner", "Startup Cost": 0.0, "Total Cost": 2.62, "Plan Rows": 5, "Plan Width": 4, "Inner Unique": false, "Join Filter": "(n1.n_regionkey = region.r_regionkey)", "Plans": [{"Node Type": "Seq Scan", "Parent Relationship": "Outer", "Relation Name": "region", "Alias": "region", "Startup Cost": 0.0, "Total Cost": 1.06, "Plan Rows": 1, "Plan Width": 4, "Filter": "(r_name = 'ASIA'::bpchar)"}, {"Node Type": "Seq Scan", "Parent Relationship": "Inner", "Relation Name": "nation", "Alias": "n1", "Startup Cost": 0.0, "Total Cost": 1.25, "Plan Rows": 25, "Plan Width": 8}]}]}]}, {"Node Type": "Index Scan", "Parent Relationship": "Inner", "Scan Direction": "Forward", "Index Name": "supplier_pkey", "Relation Name": "supplier", "Alias": "supplier", "Startup Cost": 0.0, "Total Cost": 0.27, "Plan Rows": 1, "Plan Width": 12, "Index Cond": "(s_suppkey = lineitem.l_suppkey)"}]}, {"Node Type": "Index Scan", "Parent Relationship": "Inner", "Scan Direction": "Forward", "Index Name": "nation_pkey", "Relation Name": "nation", "Alias": "n2", "Startup Cost": 0.0, "Total Cost": 0.27, "Plan Rows": 1, "Plan Width": 30, "Index Cond": "(n_nationkey = supplier.s_nationkey)"}]}]}]}, "Unique SQL Id": 3681808042, "Planner Runtime": 3}, "explain_analyze_plan": {"Plan": {"Node Type": "Sort", "Startup Cost": 505096.47, "Total Cost": 505096.49, "Plan Rows": 10, "Plan Width": 66, "Actual Startup Time": 7314.626, "Actual Total Time": 7314.626, "Actual Rows": 2, "Actual Loops": 1, "Sort Key": ["(date_part('year'::text, orders.o_orderdate))"], "Sort Method": "quicksort", "Sort Space Used": 25, "Sort Space Type": "Memory", "Plans": [{"Node Type": "Aggregate", "Strategy": "Hashed", "Parent Relationship": "Outer", "Startup Cost": 505096.15, "Total Cost": 505096.3, "Plan Rows": 10, "Plan Width": 66, "Actual Startup Time": 7314.597, "Actual Total Time": 7314.601, "Actual Rows": 2, "Actual Loops": 1, "Group By Key": ["date_part('year'::text, orders.o_orderdate)"], "Plans": [{"Node Type": "Nested Loop", "Parent Relationship": "Outer", "Join Type": "Inner", "Startup Cost": 0.0, "Total Cost": 504976.33, "Plan Rows": 5991, "Plan Width": 50, "Actual Startup Time": 0.509, "Actual Total Time": 7278.082, "Actual Rows": 23929, "Actual Loops": 1, "Inner Unique": true, "Plans": [{"Node Type": "Nested Loop", "Parent Relationship": "Outer", "Join Type": "Inner", "Startup Cost": 0.0, "Total Cost": 503283.15, "Plan Rows": 5991, "Plan Width": 28, "Actual Startup Time": 0.495, "Actual Total Time": 7190.663, "Actual Rows": 23929, "Actual Loops": 1, "Inner Unique": true, "Plans": [{"Node Type": "Nested Loop", "Parent Relationship": "Outer", "Join Type": "Inner", "Startup Cost": 0.0, "Total Cost": 498437.19, "Plan Rows": 17296, "Plan Width": 32, "Actual Startup Time": 0.483, "Actual Total Time": 7008.042, "Actual Rows": 23929, "Actual Loops": 1, "Inner Unique": false, "Join Filter": "(n1.n_nationkey = customer.c_nationkey)", "Rows Removed by Join Filter": 574896, "Plans": [{"Node Type": "Nested Loop", "Parent Relationship": "Outer", "Join Type": "Inner", "Startup Cost": 0.0, "Total Cost": 491948.63, "Plan Rows": 86479, "Plan Width": 36, "Actual Startup Time": 0.229, "Actual Total Time": 6792.302, "Actual Rows": 119765, "Actual Loops": 1, "Inner Unique": true, "Plans": [{"Node Type": "Nested Loop", "Parent Relationship": "Outer", "Join Type": "Inner", "Startup Cost": 0.0, "Total Cost": 464497.44, "Plan Rows": 86479, "Plan Width": 40, "Actual Startup Time": 0.214, "Actual Total Time": 5746.479, "Actual Rows": 119765, "Actual Loops": 1, "Inner Unique": true, "Plans": [{"Node Type": "Nested Loop", "Parent Relationship": "Outer", "Join Type": "Inner", "Startup Cost": 0.0, "Total Cost": 441564.57, "Plan Rows": 74637, "Plan Width": 32, "Actual Startup Time": 0.054, "Actual Total Time": 2070.092, "Actual Rows": 395341, "Actual Loops": 1, "Inner Unique": false, "Plans": [{"Node Type": "Seq Scan", "Parent Relationship": "Outer", "Relation Name": "part", "Alias": "part", "Startup Cost": 0.0, "Total Cost": 66944.0, "Plan Rows": 13538, "Plan Width": 8, "Actual Startup Time": 0.026, "Actual Total Time": 786.655, "Actual Rows": 13163, "Actual Loops": 1, "Filter": "((p_type)::text = 'SMALL PLATED COPPER'::text)", "Rows Removed by Filter": 1986837}, {"Node Type": "Index Scan", "Parent Relationship": "Inner", "Scan Direction": "Forward", "Index Name": "idx_lineitem_part_supp", "Relation Name": "lineitem", "Alias": "lineitem", "Startup Cost": 0.0, "Total Cost": 27.61, "Plan Rows": 6, "Plan Width": 40, "Actual Startup Time": 162.315, "Actual Total Time": 1179.492, "Actual Rows": 395341, "Actual Loops": 13163, "Index Cond": "(l_partkey = part.p_partkey)", "Rows Removed by Index Recheck": 0}]}, {"Node Type": "Index Scan", "Parent Relationship": "Inner", "Scan Direction": "Forward", "Index Name": "orders_pkey", "Relation Name": "orders", "Alias": "orders", "Startup Cost": 0.0, "Total Cost": 0.3, "Plan Rows": 1, "Plan Width": 24, "Actual Startup Time": 3432.033, "Actual Total Time": 3432.033, "Actual Rows": 119765, "Actual Loops": 395341, "Index Cond": "(o_orderkey = lineitem.l_orderkey)", "Rows Removed by Index Recheck": 0, "Filter": "((o_orderdate >= '1995-01-01 00:00:00'::timestamp(0) without time zone) AND (o_orderdate <= '1996-12-31 00:00:00'::timestamp(0) without time zone))", "Rows Removed by Filter": 275576}]}, {"Node Type": "Index Scan", "Parent Relationship": "Inner", "Scan Direction": "Forward", "Index Name": "customer_pkey", "Relation Name": "customer", "Alias": "customer", "Startup Cost": 0.0, "Total Cost": 0.31, "Plan Rows": 1, "Plan Width": 12, "Actual Startup Time": 936.558, "Actual Total Time": 936.558, "Actual Rows": 119765, "Actual Loops": 119765, "Index Cond": "(c_custkey = orders.o_custkey)", "Rows Removed by Index Recheck": 0}]}, {"Node Type": "Materialize", "Parent Relationship": "Inner", "Startup Cost": 0.0, "Total Cost": 2.65, "Plan Rows": 5, "Plan Width": 4, "Actual Startup Time": 12.277, "Actual Total Time": 64.247, "Actual Rows": 598825, "Actual Loops": 119765, "Plans": [{"Node Type": "Nested Loop", "Parent Relationship": "Outer", "Join Type": "Inner", "Startup Cost": 0.0, "Total Cost": 2.62, "Plan Rows": 5, "Plan Width": 4, "Actual Startup Time": 0.03, "Actual Total Time": 0.038, "Actual Rows": 5, "Actual Loops": 1, "Inner Unique": false, "Join Filter": "(n1.n_regionkey = region.r_regionkey)", "Rows Removed by Join Filter": 20, "Plans": [{"Node Type": "Seq Scan", "Parent Relationship": "Outer", "Relation Name": "region", "Alias": "region", "Startup Cost": 0.0, "Total Cost": 1.06, "Plan Rows": 1, "Plan Width": 4, "Actual Startup Time": 0.009, "Actual Total Time": 0.011, "Actual Rows": 1, "Actual Loops": 1, "Filter": "(r_name = 'ASIA'::bpchar)", "Rows Removed by Filter": 4}, {"Node Type": "Seq Scan", "Parent Relationship": "Inner", "Relation Name": "nation", "Alias": "n1", "Startup Cost": 0.0, "Total Cost": 1.25, "Plan Rows": 25, "Plan Width": 8, "Actual Startup Time": 0.013, "Actual Total Time": 0.017, "Actual Rows": 25, "Actual Loops": 1}]}]}]}, {"Node Type": "Index Scan", "Parent Relationship": "Inner", "Scan Direction": "Forward", "Index Name": "supplier_pkey", "Relation Name": "supplier", "Alias": "supplier", "Startup Cost": 0.0, "Total Cost": 0.27, "Plan Rows": 1, "Plan Width": 12, "Actual Startup Time": 152.595, "Actual Total Time": 152.595, "Actual Rows": 23929, "Actual Loops": 23929, "Index Cond": "(s_suppkey = lineitem.l_suppkey)", "Rows Removed by Index Recheck": 0}]}, {"Node Type": "Index Scan", "Parent Relationship": "Inner", "Scan Direction": "Forward", "Index Name": "nation_pkey", "Relation Name": "nation", "Alias": "n2", "Startup Cost": 0.0, "Total Cost": 0.27, "Plan Rows": 1, "Plan Width": 30, "Actual Startup Time": 41.305, "Actual Total Time": 41.305, "Actual Rows": 23929, "Actual Loops": 23929, "Index Cond": "(n_nationkey = supplier.s_nationkey)", "Rows Removed by Index Recheck": 0}]}]}]}, "Triggers": [], "Planner Runtime": 3, "Total Runtime": 7315.049, "Unique SQL Id": 3681808042}}, "(64, 113)": {"explain_plan": {"Plan": {"Node Type": "Sort", "Startup Cost": 543973.83, "Total Cost": 543973.85, "Plan Rows": 10, "Plan Width": 66, "Sort Key": ["(date_part('year'::text, orders.o_orderdate))"], "Plans": [{"Node Type": "Aggregate", "Strategy": "Hashed", "Parent Relationship": "Outer", "Startup Cost": 543973.51, "Total Cost": 543973.66, "Plan Rows": 10, "Plan Width": 66, "Group By Key": ["date_part('year'::text, orders.o_orderdate)"], "Plans": [{"Node Type": "Nested Loop", "Parent Relationship": "Outer", "Join Type": "Inner", "Startup Cost": 0.0, "Total Cost": 543853.69, "Plan Rows": 5991, "Plan Width": 50, "Inner Unique": true, "Plans": [{"Node Type": "Nested Loop", "Parent Relationship": "Outer", "Join Type": "Inner", "Startup Cost": 0.0, "Total Cost": 542160.52, "Plan Rows": 5991, "Plan Width": 28, "Inner Unique": true, "Plans": [{"Node Type": "Nested Loop", "Parent Relationship": "Outer", "Join Type": "Inner", "Startup Cost": 0.0, "Total Cost": 537314.56, "Plan Rows": 17296, "Plan Width": 32, "Inner Unique": false, "Join Filter": "(n1.n_nationkey = customer.c_nationkey)", "Plans": [{"Node Type": "Nested Loop", "Parent Relationship": "Outer", "Join Type": "Inner", "Startup Cost": 0.0, "Total Cost": 530807.88, "Plan Rows": 86479, "Plan Width": 36, "Inner Unique": true, "Plans": [{"Node Type": "Nested Loop", "Parent Relationship": "Outer", "Join Type": "Inner", "Startup Cost": 0.0, "Total Cost": 503356.69, "Plan Rows": 86479, "Plan Width": 40, "Inner Unique": true, "Plans": [{"Node Type": "Nested Loop", "Parent Relationship": "Outer", "Join Type": "Inner", "Startup Cost": 0.0, "Total Cost": 480423.82, "Plan Rows": 74637, "Plan Width": 32, "Inner Unique": false, "Plans": [{"Node Type": "Index Scan", "Parent Relationship": "Outer", "Scan Direction": "Forward", "Index Name": "part_kpey", "Relation Name": "part", "Alias": "part", "Startup Cost": 0.0, "Total Cost": 105803.25, "Plan Rows": 13538, "Plan Width": 8, "Filter": "((p_type)::text = 'SMALL PLATED COPPER'::text)"}, {"Node Type": "Index Scan", "Parent Relationship": "Inner", "Scan Direction": "Forward", "Index Name": "idx_lineitem_part_supp", "Relation Name": "lineitem", "Alias": "lineitem", "Startup Cost": 0.0, "Total Cost": 27.61, "Plan Rows": 6, "Plan Width": 40, "Index Cond": "(l_partkey = part.p_partkey)"}]}, {"Node Type": "Index Scan", "Parent Relationship": "Inner", "Scan Direction": "Forward", "Index Name": "orders_pkey", "Relation Name": "orders", "Alias": "orders", "Startup Cost": 0.0, "Total Cost": 0.3, "Plan Rows": 1, "Plan Width": 24, "Index Cond": "(o_orderkey = lineitem.l_orderkey)", "Filter": "((o_orderdate >= '1995-01-01 00:00:00'::timestamp(0) without time zone) AND (o_orderdate <= '1996-12-31 00:00:00'::timestamp(0) without time zone))"}]}, {"Node Type": "Index Scan", "Parent Relationship": "Inner", "Scan Direction": "Forward", "Index Name": "customer_pkey", "Relation Name": "customer", "Alias": "customer", "Startup Cost": 0.0, "Total Cost": 0.31, "Plan Rows": 1, "Plan Width": 12, "Index Cond": "(c_custkey = orders.o_custkey)"}]}, {"Node Type": "Materialize", "Parent Relationship": "Inner", "Startup Cost": 0.0, "Total Cost": 20.76, "Plan Rows": 5, "Plan Width": 4, "Plans": [{"Node Type": "Nested Loop", "Parent Relationship": "Outer", "Join Type": "Inner", "Startup Cost": 0.0, "Total Cost": 20.74, "Plan Rows": 5, "Plan Width": 4, "Inner Unique": false, "Plans": [{"Node Type": "Index Scan", "Parent Relationship": "Outer", "Scan Direction": "Forward", "Index Name": "region_pkey", "Relation Name": "region", "Alias": "region", "Startup Cost": 0.0, "Total Cost": 12.34, "Plan Rows": 1, "Plan Width": 4, "Filter": "(r_name = 'ASIA'::bpchar)"}, {"Node Type": "Index Scan", "Parent Relationship": "Inner", "Scan Direction": "Forward", "Index Name": "idx_nation_regionkey", "Relation Name": "nation", "Alias": "n1", "Startup Cost": 0.0, "Total Cost": 8.35, "Plan Rows": 5, "Plan Width": 8, "Index Cond": "(n_regionkey = region.r_regionkey)"}]}]}]}, {"Node Type": "Index Scan", "Parent Relationship": "Inner", "Scan Direction": "Forward", "Index Name": "supplier_pkey", "Relation Name": "supplier", "Alias": "supplier", "Startup Cost": 0.0, "Total Cost": 0.27, "Plan Rows": 1, "Plan Width": 12, "Index Cond": "(s_suppkey = lineitem.l_suppkey)"}]}, {"Node Type": "Index Scan", "Parent Relationship": "Inner", "Scan Direction": "Forward", "Index Name": "nation_pkey", "Relation Name": "nation", "Alias": "n2", "Startup Cost": 0.0, "Total Cost": 0.27, "Plan Rows": 1, "Plan Width": 30, "Index Cond": "(n_nationkey = supplier.s_nationkey)"}]}]}]}, "Unique SQL Id": 3681808042, "Planner Runtime": 3}, "explain_analyze_plan": {"Plan": {"Node Type": "Sort", "Startup Cost": 543973.83, "Total Cost": 543973.85, "Plan Rows": 10, "Plan Width": 66, "Actual Startup Time": 7100.372, "Actual Total Time": 7100.372, "Actual Rows": 2, "Actual Loops": 1, "Sort Key": ["(date_part('year'::text, orders.o_orderdate))"], "Sort Method": "quicksort", "Sort Space Used": 25, "Sort Space Type": "Memory", "Plans": [{"Node Type": "Aggregate", "Strategy": "Hashed", "Parent Relationship": "Outer", "Startup Cost": 543973.51, "Total Cost": 543973.66, "Plan Rows": 10, "Plan Width": 66, "Actual Startup Time": 7100.352, "Actual Total Time": 7100.353, "Actual Rows": 2, "Actual Loops": 1, "Group By Key": ["date_part('year'::text, orders.o_orderdate)"], "Plans": [{"Node Type": "Nested Loop", "Parent Relationship": "Outer", "Join Type": "Inner", "Startup Cost": 0.0, "Total Cost": 543853.69, "Plan Rows": 5991, "Plan Width": 50, "Actual Startup Time": 0.473, "Actual Total Time": 7059.063, "Actual Rows": 23929, "Actual Loops": 1, "Inner Unique": true, "Plans": [{"Node Type": "Nested Loop", "Parent Relationship": "Outer", "Join Type": "Inner", "Startup Cost": 0.0, "Total Cost": 542160.52, "Plan Rows": 5991, "Plan Width": 28, "Actual Startup Time": 0.459, "Actual Total Time": 6967.882, "Actual Rows": 23929, "Actual Loops": 1, "Inner Unique": true, "Plans": [{"Node Type": "Nested Loop", "Parent Relationship": "Outer", "Join Type": "Inner", "Startup Cost": 0.0, "Total Cost": 537314.56, "Plan Rows": 17296, "Plan Width": 32, "Actual Startup Time": 0.446, "Actual Total Time": 6815.141, "Actual Rows": 23929, "Actual Loops": 1, "Inner Unique": false, "Join Filter": "(n1.n_nationkey = customer.c_nationkey)", "Rows Removed by Join Filter": 574896, "Plans": [{"Node Type": "Nested Loop", "Parent Relationship": "Outer", "Join Type": "Inner", "Startup Cost": 0.0, "Total Cost": 530807.88, "Plan Rows": 86479, "Plan Width": 36, "Actual Startup Time": 0.226, "Actual Total Time": 6596.471, "Actual Rows": 119765, "Actual Loops": 1, "Inner Unique": true, "Plans": [{"Node Type": "Nested Loop", "Parent Relationship": "Outer", "Join Type": "Inner", "Startup Cost": 0.0, "Total Cost": 503356.69, "Plan Rows": 86479, "Plan Width": 40, "Actual Startup Time": 0.209, "Actual Total Time": 5745.029, "Actual Rows": 119765, "Actual Loops": 1, "Inner Unique": true, "Plans": [{"Node Type": "Nested Loop", "Parent Relationship": "Outer", "Join Type": "Inner", "Startup Cost": 0.0, "Total Cost": 480423.82, "Plan Rows": 74637, "Plan Width": 32, "Actual Startup Time": 0.074, "Actual Total Time": 2567.575, "Actual Rows": 395341, "Actual Loops": 1, "Inner Unique": false, "Plans": [{"Node Type": "Index Scan", "Parent Relationship": "Outer", "Scan Direction": "Forward", "Index Name": "part_kpey", "Relation Name": "part", "Alias": "part", "Startup Cost": 0.0, "Total Cost": 105803.25, "Plan Rows": 13538, "Plan Width": 8, "Actual Startup Time": 0.047, "Actual Total Time": 1352.105, "Actual Rows": 13163, "Actual Loops": 1, "Filter": "((p_type)::text = 'SMALL PLATED COPPER'::text)", "Rows Removed by Filter": 1986837}, {"Node Type": "Index Scan", "Parent Relationship": "Inner", "Scan Direction": "Forward", "Index Name": "idx_lineitem_part_supp", "Relation Name": "lineitem", "Alias": "lineitem", "Startup Cost": 0.0, "Total Cost": 27.61, "Plan Rows": 6, "Plan Width": 40, "Actual Startup Time": 144.181, "Actual Total Time": 1108.152, "Actual Rows": 395341, "Actual Loops": 13163, "Index Cond": "(l_partkey = part.p_partkey)", "Rows Removed by Index Recheck": 0}]}, {"Node Type": "Index Scan", "Parent Relationship": "Inner", "Scan Direction": "Forward", "Index Name": "orders_pkey", "Relation Name": "orders", "Alias": "orders", "Startup Cost": 0.0, "Total Cost": 0.3, "Plan Rows": 1, "Plan Width": 24, "Actual Startup Time": 2929.821, "Actual Total Time": 2929.821, "Actual Rows": 119765, "Actual Loops": 395341, "Index Cond": "(o_orderkey = lineitem.l_orderkey)", "Rows Removed by Index Recheck": 0, "Filter": "((o_orderdate >= '1995-01-01 00:00:00'::timestamp(0) without time zone) AND (o_orderdate <= '1996-12-31 00:00:00'::timestamp(0) without time zone))", "Rows Removed by Filter": 275576}]}, {"Node Type": "Index Scan", "Parent Relationship": "Inner", "Scan Direction": "Forward", "Index Name": "customer_pkey", "Relation Name": "customer", "Alias": "customer", "Startup Cost": 0.0, "Total Cost": 0.31, "Plan Rows": 1, "Plan Width": 12, "Actual Startup Time": 737.554, "Actual Total Time": 737.554, "Actual Rows": 119765, "Actual Loops": 119765, "Index Cond": "(c_custkey = orders.o_custkey)", "Rows Removed by Index Recheck": 0}]}, {"Node Type": "Materialize", "Parent Relationship": "Inner", "Startup Cost": 0.0, "Total Cost": 20.76, "Plan Rows": 5, "Plan Width": 4, "Actual Startup Time": 12.647, "Actual Total Time": 64.64, "Actual Rows": 598825, "Actual Loops": 119765, "Plans": [{"Node Type": "Nested Loop", "Parent Relationship": "Outer", "Join Type": "Inner", "Startup Cost": 0.0, "Total Cost": 20.74, "Plan Rows": 5, "Plan Width": 4, "Actual Startup Time": 0.018, "Actual Total Time": 0.024, "Actual Rows": 5, "Actual Loops": 1, "Inner Unique": false, "Plans": [{"Node Type": "Index Scan", "Parent Relationship": "Outer", "Scan Direction": "Forward", "Index Name": "region_pkey", "Relation Name": "region", "Alias": "region", "Startup Cost": 0.0, "Total Cost": 12.34, "Plan Rows": 1, "Plan Width": 4, "Actual Startup Time": 0.01, "Actual Total Time": 0.011, "Actual Rows": 1, "Actual Loops": 1, "Filter": "(r_name = 'ASIA'::bpchar)", "Rows Removed by Filter": 4}, {"Node Type": "Index Scan", "Parent Relationship": "Inner", "Scan Direction": "Forward", "Index Name": "idx_nation_regionkey", "Relation Name": "nation", "Alias": "n1", "Startup Cost": 0.0, "Total Cost": 8.35, "Plan Rows": 5, "Plan Width": 8, "Actual Startup Time": 0.007, "Actual Total Time": 0.01, "Actual Rows": 5, "Actual Loops": 1, "Index Cond": "(n_regionkey = region.r_regionkey)", "Rows Removed by Index Recheck": 0}]}]}]}, {"Node Type": "Index Scan", "Parent Relationship": "Inner", "Scan Direction": "Forward", "Index Name": "supplier_pkey", "Relation Name": "supplier", "Alias": "supplier", "Startup Cost": 0.0, "Total Cost": 0.27, "Plan Rows": 1, "Plan Width": 12, "Actual Startup Time": 118.401, "Actual Total Time": 118.401, "Actual Rows": 23929, "Actual Loops": 23929, "Index Cond": "(s_suppkey = lineitem.l_suppkey)", "Rows Removed by Index Recheck": 0}]}, {"Node Type": "Index Scan", "Parent Relationship": "Inner", "Scan Direction": "Forward", "Index Name": "nation_pkey", "Relation Name": "nation", "Alias": "n2", "Startup Cost": 0.0, "Total Cost": 0.27, "Plan Rows": 1, "Plan Width": 30, "Actual Startup Time": 41.586, "Actual Total Time": 41.586, "Actual Rows": 23929, "Actual Loops": 23929, "Index Cond": "(n_nationkey = supplier.s_nationkey)", "Rows Removed by Index Recheck": 0}]}]}]}, "Triggers": [], "Planner Runtime": 2, "Total Runtime": 7100.698, "Unique SQL Id": 3681808042}}, "(64, 114)": {"explain_plan": {"Plan": {"Node Type": "Sort", "Startup Cost": 1223730.05, "Total Cost": 1223730.08, "Plan Rows": 10, "Plan Width": 66, "Sort Key": ["(date_part('year'::text, orders.o_orderdate))"], "Plans": [{"Node Type": "Aggregate", "Strategy": "Hashed", "Parent Relationship": "Outer", "Startup Cost": 1223729.73, "Total Cost": 1223729.88, "Plan Rows": 10, "Plan Width": 66, "Group By Key": ["date_part('year'::text, orders.o_orderdate)"], "Plans": [{"Node Type": "Nested Loop", "Parent Relationship": "Outer", "Join Type": "Inner", "Startup Cost": 4.99, "Total Cost": 1223609.91, "Plan Rows": 5991, "Plan Width": 50, "Inner Unique": true, "Join Filter": "(supplier.s_nationkey = n2.n_nationkey)", "Plans": [{"Node Type": "Nested Loop", "Parent Relationship": "Outer", "Join Type": "Inner", "Startup Cost": 4.99, "Total Cost": 1221347.0, "Plan Rows": 5991, "Plan Width": 28, "Inner Unique": true, "Plans": [{"Node Type": "Nested Loop", "Parent Relationship": "Outer", "Join Type": "Inner", "Startup Cost": 4.73, "Total Cost": 1147315.35, "Plan Rows": 17296, "Plan Width": 32, "Inner Unique": false, "Join Filter": "(n1.n_nationkey = customer.c_nationkey)", "Plans": [{"Node Type": "Nested Loop", "Parent Relationship": "Outer", "Join Type": "Inner", "Startup Cost": 4.73, "Total Cost": 1140826.79, "Plan Rows": 86479, "Plan Width": 36, "Inner Unique": true, "Plans": [{"Node Type": "Nested Loop", "Parent Relationship": "Outer", "Join Type": "Inner", "Startup Cost": 4.47, "Total Cost": 770271.73, "Plan Rows": 86479, "Plan Width": 40, "Inner Unique": true, "Plans": [{"Node Type": "Nested Loop", "Parent Relationship": "Outer", "Join Type": "Inner", "Startup Cost": 4.21, "Total Cost": 450147.9, "Plan Rows": 74637, "Plan Width": 32, "Inner Unique": false, "Plans": [{"Node Type": "Seq Scan", "Parent Relationship": "Outer", "Relation Name": "part", "Alias": "part", "Startup Cost": 0.0, "Total Cost": 66944.0, "Plan Rows": 13538, "Plan Width": 8, "Filter": "((p_type)::text = 'SMALL PLATED COPPER'::text)"}, {"Node Type": "Bitmap Heap Scan", "Parent Relationship": "Inner", "Relation Name": "lineitem", "Alias": "lineitem", "Startup Cost": 4.21, "Total Cost": 28.25, "Plan Rows": 6, "Plan Width": 40, "Recheck Cond": "(l_partkey = part.p_partkey)", "Plans": [{"Node Type": "Bitmap Index Scan", "Parent Relationship": "Outer", "Index Name": "idx_lineitem_part_supp", "Startup Cost": 0.0, "Total Cost": 4.21, "Plan Rows": 6, "Plan Width": 0, "Index Cond": "(l_partkey = part.p_partkey)"}]}]}, {"Node Type": "Bitmap Heap Scan", "Parent Relationship": "Inner", "Relation Name": "orders", "Alias": "orders", "Startup Cost": 0.26, "Total Cost": 4.28, "Plan Rows": 1, "Plan Width": 24, "Recheck Cond": "(o_orderkey = lineitem.l_orderkey)", "Filter": "((o_orderdate >= '1995-01-01 00:00:00'::timestamp(0) without time zone) AND (o_orderdate <= '1996-12-31 00:00:00'::timestamp(0) without time zone))", "Plans": [{"Node Type": "Bitmap Index Scan", "Parent Relationship": "Outer", "Index Name": "orders_pkey", "Startup Cost": 0.0, "Total Cost": 0.26, "Plan Rows": 1, "Plan Width": 0, "Index Cond": "(o_orderkey = lineitem.l_orderkey)"}]}]}, {"Node Type": "Bitmap Heap Scan", "Parent Relationship": "Inner", "Relation Name": "customer", "Alias": "customer", "Startup Cost": 0.26, "Total Cost": 4.27, "Plan Rows": 1, "Plan Width": 12, "Recheck Cond": "(c_custkey = orders.o_custkey)", "Plans": [{"Node Type": "Bitmap Index Scan", "Parent Relationship": "Outer", "Index Name": "customer_pkey", "Startup Cost": 0.0, "Total Cost": 0.26, "Plan Rows": 1, "Plan Width": 0, "Index Cond": "(c_custkey = orders.o_custkey)"}]}]}, {"Node Type": "Materialize", "Parent Relationship": "Inner", "Startup Cost": 0.0, "Total Cost": 2.65, "Plan Rows": 5, "Plan Width": 4, "Plans": [{"Node Type": "Nested Loop", "Parent Relationship": "Outer", "Join Type": "Inner", "Startup Cost": 0.0, "Total Cost": 2.62, "Plan Rows": 5, "Plan Width": 4, "Inner Unique": false, "Join Filter": "(n1.n_regionkey = region.r_regionkey)", "Plans": [{"Node Type": "Seq Scan", "Parent Relationship": "Outer", "Relation Name": "region", "Alias": "region", "Startup Cost": 0.0, "Total Cost": 1.06, "Plan Rows": 1, "Plan Width": 4, "Filter": "(r_name = 'ASIA'::bpchar)"}, {"Node Type": "Seq Scan", "Parent Relationship": "Inner", "Relation Name": "nation", "Alias": "n1", "Startup Cost": 0.0, "Total Cost": 1.25, "Plan Rows": 25, "Plan Width": 8}]}]}]}, {"Node Type": "Bitmap Heap Scan", "Parent Relationship": "Inner", "Relation Name": "supplier", "Alias": "supplier", "Startup Cost": 0.26, "Total Cost": 4.27, "Plan Rows": 1, "Plan Width": 12, "Recheck Cond": "(s_suppkey = lineitem.l_suppkey)", "Plans": [{"Node Type": "Bitmap Index Scan", "Parent Relationship": "Outer", "Index Name": "supplier_pkey", "Startup Cost": 0.0, "Total Cost": 0.26, "Plan Rows": 1, "Plan Width": 0, "Index Cond": "(s_suppkey = lineitem.l_suppkey)"}]}]}, {"Node Type": "Materialize", "Parent Relationship": "Inner", "Startup Cost": 0.0, "Total Cost": 1.38, "Plan Rows": 25, "Plan Width": 30, "Plans": [{"Node Type": "Seq Scan", "Parent Relationship": "Outer", "Relation Name": "nation", "Alias": "n2", "Startup Cost": 0.0, "Total Cost": 1.25, "Plan Rows": 25, "Plan Width": 30}]}]}]}]}, "Unique SQL Id": 3681808042, "Planner Runtime": 4}, "explain_analyze_plan": {"Plan": {"Node Type": "Sort", "Startup Cost": 1223730.05, "Total Cost": 1223730.08, "Plan Rows": 10, "Plan Width": 66, "Actual Startup Time": 8393.038, "Actual Total Time": 8393.038, "Actual Rows": 2, "Actual Loops": 1, "Sort Key": ["(date_part('year'::text, orders.o_orderdate))"], "Sort Method": "quicksort", "Sort Space Used": 25, "Sort Space Type": "Memory", "Plans": [{"Node Type": "Aggregate", "Strategy": "Hashed", "Parent Relationship": "Outer", "Startup Cost": 1223729.73, "Total Cost": 1223729.88, "Plan Rows": 10, "Plan Width": 66, "Actual Startup Time": 8393.009, "Actual Total Time": 8393.012, "Actual Rows": 2, "Actual Loops": 1, "Group By Key": ["date_part('year'::text, orders.o_orderdate)"], "Plans": [{"Node Type": "Nested Loop", "Parent Relationship": "Outer", "Join Type": "Inner", "Startup Cost": 4.99, "Total Cost": 1223609.91, "Plan Rows": 5991, "Plan Width": 50, "Actual Startup Time": 0.365, "Actual Total Time": 8351.175, "Actual Rows": 23929, "Actual Loops": 1, "Inner Unique": true, "Join Filter": "(supplier.s_nationkey = n2.n_nationkey)", "Rows Removed by Join Filter": 288173, "Plans": [{"Node Type": "Nested Loop", "Parent Relationship": "Outer", "Join Type": "Inner", "Startup Cost": 4.99, "Total Cost": 1221347.0, "Plan Rows": 5991, "Plan Width": 28, "Actual Startup Time": 0.332, "Actual Total Time": 8228.709, "Actual Rows": 23929, "Actual Loops": 1, "Inner Unique": true, "Plans": [{"Node Type": "Nested Loop", "Parent Relationship": "Outer", "Join Type": "Inner", "Startup Cost": 4.73, "Total Cost": 1147315.35, "Plan Rows": 17296, "Plan Width": 32, "Actual Startup Time": 0.301, "Actual Total Time": 8011.475, "Actual Rows": 23929, "Actual Loops": 1, "Inner Unique": false, "Join Filter": "(n1.n_nationkey = customer.c_nationkey)", "Rows Removed by Join Filter": 574896, "Plans": [{"Node Type": "Nested Loop", "Parent Relationship": "Outer", "Join Type": "Inner", "Startup Cost": 4.73, "Total Cost": 1140826.79, "Plan Rows": 86479, "Plan Width": 36, "Actual Startup Time": 0.198, "Actual Total Time": 7781.846, "Actual Rows": 119765, "Actual Loops": 1, "Inner Unique": true, "Plans": [{"Node Type": "Nested Loop", "Parent Relationship": "Outer", "Join Type": "Inner", "Startup Cost": 4.47, "Total Cost": 770271.73, "Plan Rows": 86479, "Plan Width": 40, "Actual Startup Time": 0.171, "Actual Total Time": 6571.031, "Actual Rows": 119765, "Actual Loops": 1, "Inner Unique": true, "Plans": [{"Node Type": "Nested Loop", "Parent Relationship": "Outer", "Join Type": "Inner", "Startup Cost": 4.21, "Total Cost": 450147.9, "Plan Rows": 74637, "Plan Width": 32, "Actual Startup Time": 0.085, "Actual Total Time": 2286.759, "Actual Rows": 395341, "Actual Loops": 1, "Inner Unique": false, "Plans": [{"Node Type": "Seq Scan", "Parent Relationship": "Outer", "Relation Name": "part", "Alias": "part", "Startup Cost": 0.0, "Total Cost": 66944.0, "Plan Rows": 13538, "Plan Width": 8, "Actual Startup Time": 0.031, "Actual Total Time": 780.186, "Actual Rows": 13163, "Actual Loops": 1, "Filter": "((p_type)::text = 'SMALL PLATED COPPER'::text)", "Rows Removed by Filter": 1986837}, {"Node Type": "Bitmap Heap Scan", "Parent Relationship": "Inner", "Relation Name": "lineitem", "Alias": "lineitem", "Startup Cost": 4.21, "Total Cost": 28.25, "Plan Rows": 6, "Plan Width": 40, "Actual Startup Time": 270.625, "Actual Total Time": 1384.075, "Actual Rows": 395341, "Actual Loops": 13163, "Recheck Cond": "(l_partkey = part.p_partkey)", "Rows Removed by Index Recheck": 0, "Exact Heap Blocks": 395337, "Lossy Heap Blocks": 395337, "Plans": [{"Node Type": "Bitmap Index Scan", "Parent Relationship": "Outer", "Index Name": "idx_lineitem_part_supp", "Startup Cost": 0.0, "Total Cost": 4.21, "Plan Rows": 6, "Plan Width": 0, "Actual Startup Time": 173.229, "Actual Total Time": 173.229, "Actual Rows": 395341, "Actual Loops": 13163, "Index Cond": "(l_partkey = part.p_partkey)"}]}]}, {"Node Type": "Bitmap Heap Scan", "Parent Relationship": "Inner", "Relation Name": "orders", "Alias": "orders", "Startup Cost": 0.26, "Total Cost": 4.28, "Plan Rows": 1, "Plan Width": 24, "Actual Startup Time": 3793.327, "Actual Total Time": 3793.327, "Actual Rows": 119765, "Actual Loops": 395341, "Recheck Cond": "(o_orderkey = lineitem.l_orderkey)", "Rows Removed by Index Recheck": 0, "Filter": "((o_orderdate >= '1995-01-01 00:00:00'::timestamp(0) without time zone) AND (o_orderdate <= '1996-12-31 00:00:00'::timestamp(0) without time zone))", "Rows Removed by Filter": 275576, "Exact Heap Blocks": 395341, "Lossy Heap Blocks": 395341, "Plans": [{"Node Type": "Bitmap Index Scan", "Parent Relationship": "Outer", "Index Name": "orders_pkey", "Startup Cost": 0.0, "Total Cost": 0.26, "Plan Rows": 1, "Plan Width": 0, "Actual Startup Time": 2325.184, "Actual Total Time": 2325.184, "Actual Rows": 395341, "Actual Loops": 395341, "Index Cond": "(o_orderkey = lineitem.l_orderkey)"}]}]}, {"Node Type": "Bitmap Heap Scan", "Parent Relationship": "Inner", "Relation Name": "customer", "Alias": "customer", "Startup Cost": 0.26, "Total Cost": 4.27, "Plan Rows": 1, "Plan Width": 12, "Actual Startup Time": 1046.66, "Actual Total Time": 1046.66, "Actual Rows": 119765, "Actual Loops": 119765, "Recheck Cond": "(c_custkey = orders.o_custkey)", "Rows Removed by Index Recheck": 0, "Exact Heap Blocks": 119765, "Lossy Heap Blocks": 119765, "Plans": [{"Node Type": "Bitmap Index Scan", "Parent Relationship": "Outer", "Index Name": "customer_pkey", "Startup Cost": 0.0, "Total Cost": 0.26, "Plan Rows": 1, "Plan Width": 0, "Actual Startup Time": 654.268, "Actual Total Time": 654.268, "Actual Rows": 119765, "Actual Loops": 119765, "Index Cond": "(c_custkey = orders.o_custkey)"}]}]}, {"Node Type": "Materialize", "Parent Relationship": "Inner", "Startup Cost": 0.0, "Total Cost": 2.65, "Plan Rows": 5, "Plan Width": 4, "Actual Startup Time": 14.861, "Actual Total Time": 66.218, "Actual Rows": 598825, "Actual Loops": 119765, "Plans": [{"Node Type": "Nested Loop", "Parent Relationship": "Outer", "Join Type": "Inner", "Startup Cost": 0.0, "Total Cost": 2.62, "Plan Rows": 5, "Plan Width": 4, "Actual Startup Time": 0.031, "Actual Total Time": 0.04, "Actual Rows": 5, "Actual Loops": 1, "Inner Unique": false, "Join Filter": "(n1.n_regionkey = region.r_regionkey)", "Rows Removed by Join Filter": 20, "Plans": [{"Node Type": "Seq Scan", "Parent Relationship": "Outer", "Relation Name": "region", "Alias": "region", "Startup Cost": 0.0, "Total Cost": 1.06, "Plan Rows": 1, "Plan Width": 4, "Actual Startup Time": 0.011, "Actual Total Time": 0.012, "Actual Rows": 1, "Actual Loops": 1, "Filter": "(r_name = 'ASIA'::bpchar)", "Rows Removed by Filter": 4}, {"Node Type": "Seq Scan", "Parent Relationship": "Inner", "Relation Name": "nation", "Alias": "n1", "Startup Cost": 0.0, "Total Cost": 1.25, "Plan Rows": 25, "Plan Width": 8, "Actual Startup Time": 0.012, "Actual Total Time": 0.016, "Actual Rows": 25, "Actual Loops": 1}]}]}]}, {"Node Type": "Bitmap Heap Scan", "Parent Relationship": "Inner", "Relation Name": "supplier", "Alias": "supplier", "Startup Cost": 0.26, "Total Cost": 4.27, "Plan Rows": 1, "Plan Width": 12, "Actual Startup Time": 177.934, "Actual Total Time": 177.934, "Actual Rows": 23929, "Actual Loops": 23929, "Recheck Cond": "(s_suppkey = lineitem.l_suppkey)", "Rows Removed by Index Recheck": 0, "Exact Heap Blocks": 23929, "Lossy Heap Blocks": 23929, "Plans": [{"Node Type": "Bitmap Index Scan", "Parent Relationship": "Outer", "Index Name": "supplier_pkey", "Startup Cost": 0.0, "Total Cost": 0.26, "Plan Rows": 1, "Plan Width": 0, "Actual Startup Time": 98.842, "Actual Total Time": 98.842, "Actual Rows": 23929, "Actual Loops": 23929, "Index Cond": "(s_suppkey = lineitem.l_suppkey)"}]}]}, {"Node Type": "Materialize", "Parent Relationship": "Inner", "Startup Cost": 0.0, "Total Cost": 1.38, "Plan Rows": 25, "Plan Width": 30, "Actual Startup Time": 2.824, "Actual Total Time": 28.164, "Actual Rows": 312102, "Actual Loops": 23929, "Plans": [{"Node Type": "Seq Scan", "Parent Relationship": "Outer", "Relation Name": "nation", "Alias": "n2", "Startup Cost": 0.0, "Total Cost": 1.25, "Plan Rows": 25, "Plan Width": 30, "Actual Startup Time": 0.007, "Actual Total Time": 0.01, "Actual Rows": 25, "Actual Loops": 1}]}]}]}]}, "Triggers": [], "Planner Runtime": 4, "Total Runtime": 8393.426, "Unique SQL Id": 3681808042}}, "(64, 115)": {"explain_plan": {"Plan": {"Node Type": "Sort", "Startup Cost": 66661878.45, "Total Cost": 66661878.48, "Plan Rows": 10, "Plan Width": 66, "Sort Key": ["(date_part('year'::text, orders.o_orderdate))"], "Plans": [{"Node Type": "Aggregate", "Strategy": "Hashed", "Parent Relationship": "Outer", "Startup Cost": 66661878.14, "Total Cost": 66661878.29, "Plan Rows": 10, "Plan Width": 66, "Group By Key": ["date_part('year'::text, orders.o_orderdate)"], "Plans": [{"Node Type": "Nested Loop", "Parent Relationship": "Outer", "Join Type": "Inner", "Startup Cost": 115915.31, "Total Cost": 66661758.32, "Plan Rows": 5991, "Plan Width": 50, "Inner Unique": true, "Plans": [{"Node Type": "Nested Loop", "Parent Relationship": "Outer", "Join Type": "Inner", "Startup Cost": 115915.05, "Total Cost": 66636099.88, "Plan Rows": 5991, "Plan Width": 28, "Inner Unique": true, "Plans": [{"Node Type": "Nested Loop", "Parent Relationship": "Outer", "Join Type": "Inner", "Startup Cost": 115914.79, "Total Cost": 66562068.23, "Plan Rows": 17296, "Plan Width": 32, "Inner Unique": true, "Plans": [{"Node Type": "Nested Loop", "Parent Relationship": "Outer", "Join Type": "Inner", "Startup Cost": 115914.53, "Total Cost": 45938880.46, "Plan Rows": 4814867, "Plan Width": 40, "Inner Unique": false, "Plans": [{"Node Type": "Nested Loop", "Parent Relationship": "Outer", "Join Type": "Inner", "Startup Cost": 115914.01, "Total Cost": 43432501.27, "Plan Rows": 530296, "Plan Width": 16, "Inner Unique": true, "Plans": [{"Node Type": "Nested Loop", "Parent Relationship": "Outer", "Join Type": "Inner", "Startup Cost": 115913.43, "Total Cost": 31228406.3, "Plan Rows": 2651479, "Plan Width": 20, "Inner Unique": true, "Plans": [{"Node Type": "Nested Loop", "Parent Relationship": "Outer", "Join Type": "Inner", "Startup Cost": 115913.17, "Total Cost": 19879399.17, "Plan Rows": 2651479, "Plan Width": 20, "Inner Unique": true, "Plans": [{"Node Type": "Bitmap Heap Scan", "Parent Relationship": "Outer", "Relation Name": "orders", "Alias": "orders", "Startup Cost": 115912.91, "Total Cost": 460311.42, "Plan Rows": 4531967, "Plan Width": 24, "Recheck Cond": "((o_orderdate >= '1995-01-01 00:00:00'::timestamp(0) without time zone) AND (o_orderdate <= '1996-12-31 00:00:00'::timestamp(0) without time zone)), (LLVM Optimized)", "Plans": [{"Node Type": "Bitmap Index Scan", "Parent Relationship": "Outer", "Index Name": "idx_orders_orderdate", "Startup Cost": 0.0, "Total Cost": 114779.92, "Plan Rows": 4531967, "Plan Width": 0, "Index Cond": "((o_orderdate >= '1995-01-01 00:00:00'::timestamp(0) without time zone) AND (o_orderdate <= '1996-12-31 00:00:00'::timestamp(0) without time zone))"}]}, {"Node Type": "Bitmap Heap Scan", "Parent Relationship": "Inner", "Relation Name": "customer", "Alias": "customer", "Startup Cost": 0.26, "Total Cost": 4.27, "Plan Rows": 1, "Plan Width": 12, "Recheck Cond": "(c_custkey = orders.o_custkey)", "Plans": [{"Node Type": "Bitmap Index Scan", "Parent Relationship": "Outer", "Index Name": "customer_pkey", "Startup Cost": 0.0, "Total Cost": 0.26, "Plan Rows": 1, "Plan Width": 0, "Index Cond": "(c_custkey = orders.o_custkey)"}]}]}, {"Node Type": "Bitmap Heap Scan", "Parent Relationship": "Inner", "Relation Name": "nation", "Alias": "n1", "Startup Cost": 0.26, "Total Cost": 4.27, "Plan Rows": 1, "Plan Width": 8, "Recheck Cond": "(n_nationkey = customer.c_nationkey)", "Plans": [{"Node Type": "Bitmap Index Scan", "Parent Relationship": "Outer", "Index Name": "nation_pkey", "Startup Cost": 0.0, "Total Cost": 0.26, "Plan Rows": 1, "Plan Width": 0, "Index Cond": "(n_nationkey = customer.c_nationkey)"}]}]}, {"Node Type": "Bitmap Heap Scan", "Parent Relationship": "Inner", "Relation Name": "region", "Alias": "region", "Startup Cost": 0.58, "Total Cost": 4.59, "Plan Rows": 1, "Plan Width": 4, "Recheck Cond": "(r_regionkey = n1.n_regionkey)", "Filter": "(r_name = 'ASIA'::bpchar)", "Plans": [{"Node Type": "Bitmap Index Scan", "Parent Relationship": "Outer", "Index Name": "region_pkey", "Startup Cost": 0.0, "Total Cost": 0.58, "Plan Rows": 1, "Plan Width": 0, "Index Cond": "(r_regionkey = n1.n_regionkey)"}]}]}, {"Node Type": "Bitmap Heap Scan", "Parent Relationship": "Inner", "Relation Name": "lineitem", "Alias": "lineitem", "Startup Cost": 0.52, "Total Cost": 4.64, "Plan Rows": 9, "Plan Width": 40, "Recheck Cond": "(l_orderkey = orders.o_orderkey)", "Plans": [{"Node Type": "Bitmap Index Scan", "Parent Relationship": "Outer", "Index Name": "idx_lineitem_orderkey", "Startup Cost": 0.0, "Total Cost": 0.52, "Plan Rows": 9, "Plan Width": 0, "Index Cond": "(l_orderkey = orders.o_orderkey)"}]}]}, {"Node Type": "Bitmap Heap Scan", "Parent Relationship": "Inner", "Relation Name": "part", "Alias": "part", "Startup Cost": 0.26, "Total Cost": 4.27, "Plan Rows": 1, "Plan Width": 8, "Recheck Cond": "(p_partkey = lineitem.l_partkey)", "Filter": "((p_type)::text = 'SMALL PLATED COPPER'::text)", "Plans": [{"Node Type": "Bitmap Index Scan", "Parent Relationship": "Outer", "Index Name": "part_kpey", "Startup Cost": 0.0, "Total Cost": 0.26, "Plan Rows": 1, "Plan Width": 0, "Index Cond": "(p_partkey = lineitem.l_partkey)"}]}]}, {"Node Type": "Bitmap Heap Scan", "Parent Relationship": "Inner", "Relation Name": "supplier", "Alias": "supplier", "Startup Cost": 0.26, "Total Cost": 4.27, "Plan Rows": 1, "Plan Width": 12, "Recheck Cond": "(s_suppkey = lineitem.l_suppkey)", "Plans": [{"Node Type": "Bitmap Index Scan", "Parent Relationship": "Outer", "Index Name": "supplier_pkey", "Startup Cost": 0.0, "Total Cost": 0.26, "Plan Rows": 1, "Plan Width": 0, "Index Cond": "(s_suppkey = lineitem.l_suppkey)"}]}]}, {"Node Type": "Bitmap Heap Scan", "Parent Relationship": "Inner", "Relation Name": "nation", "Alias": "n2", "Startup Cost": 0.26, "Total Cost": 4.27, "Plan Rows": 1, "Plan Width": 30, "Recheck Cond": "(n_nationkey = supplier.s_nationkey)", "Plans": [{"Node Type": "Bitmap Index Scan", "Parent Relationship": "Outer", "Index Name": "nation_pkey", "Startup Cost": 0.0, "Total Cost": 0.26, "Plan Rows": 1, "Plan Width": 0, "Index Cond": "(n_nationkey = supplier.s_nationkey)"}]}]}]}]}, "Unique SQL Id": 3681808042, "Planner Runtime": 2}, "explain_analyze_plan": null}, "(64, 116)": {"explain_plan": {"Plan": {"Node Type": "Sort", "Startup Cost": 505096.47, "Total Cost": 505096.49, "Plan Rows": 10, "Plan Width": 66, "Sort Key": ["(date_part('year'::text, orders.o_orderdate))"], "Plans": [{"Node Type": "Aggregate", "Strategy": "Hashed", "Parent Relationship": "Outer", "Startup Cost": 505096.15, "Total Cost": 505096.3, "Plan Rows": 10, "Plan Width": 66, "Group By Key": ["date_part('year'::text, orders.o_orderdate)"], "Plans": [{"Node Type": "Nested Loop", "Parent Relationship": "Outer", "Join Type": "Inner", "Startup Cost": 0.0, "Total Cost": 504976.33, "Plan Rows": 5991, "Plan Width": 50, "Inner Unique": true, "Plans": [{"Node Type": "Nested Loop", "Parent Relationship": "Outer", "Join Type": "Inner", "Startup Cost": 0.0, "Total Cost": 503283.15, "Plan Rows": 5991, "Plan Width": 28, "Inner Unique": true, "Plans": [{"Node Type": "Nested Loop", "Parent Relationship": "Outer", "Join Type": "Inner", "Startup Cost": 0.0, "Total Cost": 498437.19, "Plan Rows": 17296, "Plan Width": 32, "Inner Unique": false, "Join Filter": "(n1.n_nationkey = customer.c_nationkey)", "Plans": [{"Node Type": "Nested Loop", "Parent Relationship": "Outer", "Join Type": "Inner", "Startup Cost": 0.0, "Total Cost": 491948.63, "Plan Rows": 86479, "Plan Width": 36, "Inner Unique": true, "Plans": [{"Node Type": "Nested Loop", "Parent Relationship": "Outer", "Join Type": "Inner", "Startup Cost": 0.0, "Total Cost": 464497.44, "Plan Rows": 86479, "Plan Width": 40, "Inner Unique": true, "Plans": [{"Node Type": "Nested Loop", "Parent Relationship": "Outer", "Join Type": "Inner", "Startup Cost": 0.0, "Total Cost": 441564.57, "Plan Rows": 74637, "Plan Width": 32, "Inner Unique": false, "Plans": [{"Node Type": "Seq Scan", "Parent Relationship": "Outer", "Relation Name": "part", "Alias": "part", "Startup Cost": 0.0, "Total Cost": 66944.0, "Plan Rows": 13538, "Plan Width": 8, "Filter": "((p_type)::text = 'SMALL PLATED COPPER'::text)"}, {"Node Type": "Index Scan", "Parent Relationship": "Inner", "Scan Direction": "Forward", "Index Name": "idx_lineitem_part_supp", "Relation Name": "lineitem", "Alias": "lineitem", "Startup Cost": 0.0, "Total Cost": 27.61, "Plan Rows": 6, "Plan Width": 40, "Index Cond": "(l_partkey = part.p_partkey)"}]}, {"Node Type": "Index Scan", "Parent Relationship": "Inner", "Scan Direction": "Forward", "Index Name": "orders_pkey", "Relation Name": "orders", "Alias": "orders", "Startup Cost": 0.0, "Total Cost": 0.3, "Plan Rows": 1, "Plan Width": 24, "Index Cond": "(o_orderkey = lineitem.l_orderkey)", "Filter": "((o_orderdate >= '1995-01-01 00:00:00'::timestamp(0) without time zone) AND (o_orderdate <= '1996-12-31 00:00:00'::timestamp(0) without time zone))"}]}, {"Node Type": "Index Scan", "Parent Relationship": "Inner", "Scan Direction": "Forward", "Index Name": "customer_pkey", "Relation Name": "customer", "Alias": "customer", "Startup Cost": 0.0, "Total Cost": 0.31, "Plan Rows": 1, "Plan Width": 12, "Index Cond": "(c_custkey = orders.o_custkey)"}]}, {"Node Type": "Materialize", "Parent Relationship": "Inner", "Startup Cost": 0.0, "Total Cost": 2.65, "Plan Rows": 5, "Plan Width": 4, "Plans": [{"Node Type": "Nested Loop", "Parent Relationship": "Outer", "Join Type": "Inner", "Startup Cost": 0.0, "Total Cost": 2.62, "Plan Rows": 5, "Plan Width": 4, "Inner Unique": false, "Join Filter": "(n1.n_regionkey = region.r_regionkey)", "Plans": [{"Node Type": "Seq Scan", "Parent Relationship": "Outer", "Relation Name": "region", "Alias": "region", "Startup Cost": 0.0, "Total Cost": 1.06, "Plan Rows": 1, "Plan Width": 4, "Filter": "(r_name = 'ASIA'::bpchar)"}, {"Node Type": "Seq Scan", "Parent Relationship": "Inner", "Relation Name": "nation", "Alias": "n1", "Startup Cost": 0.0, "Total Cost": 1.25, "Plan Rows": 25, "Plan Width": 8}]}]}]}, {"Node Type": "Index Scan", "Parent Relationship": "Inner", "Scan Direction": "Forward", "Index Name": "supplier_pkey", "Relation Name": "supplier", "Alias": "supplier", "Startup Cost": 0.0, "Total Cost": 0.27, "Plan Rows": 1, "Plan Width": 12, "Index Cond": "(s_suppkey = lineitem.l_suppkey)"}]}, {"Node Type": "Index Scan", "Parent Relationship": "Inner", "Scan Direction": "Forward", "Index Name": "nation_pkey", "Relation Name": "nation", "Alias": "n2", "Startup Cost": 0.0, "Total Cost": 0.27, "Plan Rows": 1, "Plan Width": 30, "Index Cond": "(n_nationkey = supplier.s_nationkey)"}]}]}]}, "Unique SQL Id": 3681808042, "Planner Runtime": 3}, "explain_analyze_plan": {"Plan": {"Node Type": "Sort", "Startup Cost": 505096.47, "Total Cost": 505096.49, "Plan Rows": 10, "Plan Width": 66, "Actual Startup Time": 7314.626, "Actual Total Time": 7314.626, "Actual Rows": 2, "Actual Loops": 1, "Sort Key": ["(date_part('year'::text, orders.o_orderdate))"], "Sort Method": "quicksort", "Sort Space Used": 25, "Sort Space Type": "Memory", "Plans": [{"Node Type": "Aggregate", "Strategy": "Hashed", "Parent Relationship": "Outer", "Startup Cost": 505096.15, "Total Cost": 505096.3, "Plan Rows": 10, "Plan Width": 66, "Actual Startup Time": 7314.597, "Actual Total Time": 7314.601, "Actual Rows": 2, "Actual Loops": 1, "Group By Key": ["date_part('year'::text, orders.o_orderdate)"], "Plans": [{"Node Type": "Nested Loop", "Parent Relationship": "Outer", "Join Type": "Inner", "Startup Cost": 0.0, "Total Cost": 504976.33, "Plan Rows": 5991, "Plan Width": 50, "Actual Startup Time": 0.509, "Actual Total Time": 7278.082, "Actual Rows": 23929, "Actual Loops": 1, "Inner Unique": true, "Plans": [{"Node Type": "Nested Loop", "Parent Relationship": "Outer", "Join Type": "Inner", "Startup Cost": 0.0, "Total Cost": 503283.15, "Plan Rows": 5991, "Plan Width": 28, "Actual Startup Time": 0.495, "Actual Total Time": 7190.663, "Actual Rows": 23929, "Actual Loops": 1, "Inner Unique": true, "Plans": [{"Node Type": "Nested Loop", "Parent Relationship": "Outer", "Join Type": "Inner", "Startup Cost": 0.0, "Total Cost": 498437.19, "Plan Rows": 17296, "Plan Width": 32, "Actual Startup Time": 0.483, "Actual Total Time": 7008.042, "Actual Rows": 23929, "Actual Loops": 1, "Inner Unique": false, "Join Filter": "(n1.n_nationkey = customer.c_nationkey)", "Rows Removed by Join Filter": 574896, "Plans": [{"Node Type": "Nested Loop", "Parent Relationship": "Outer", "Join Type": "Inner", "Startup Cost": 0.0, "Total Cost": 491948.63, "Plan Rows": 86479, "Plan Width": 36, "Actual Startup Time": 0.229, "Actual Total Time": 6792.302, "Actual Rows": 119765, "Actual Loops": 1, "Inner Unique": true, "Plans": [{"Node Type": "Nested Loop", "Parent Relationship": "Outer", "Join Type": "Inner", "Startup Cost": 0.0, "Total Cost": 464497.44, "Plan Rows": 86479, "Plan Width": 40, "Actual Startup Time": 0.214, "Actual Total Time": 5746.479, "Actual Rows": 119765, "Actual Loops": 1, "Inner Unique": true, "Plans": [{"Node Type": "Nested Loop", "Parent Relationship": "Outer", "Join Type": "Inner", "Startup Cost": 0.0, "Total Cost": 441564.57, "Plan Rows": 74637, "Plan Width": 32, "Actual Startup Time": 0.054, "Actual Total Time": 2070.092, "Actual Rows": 395341, "Actual Loops": 1, "Inner Unique": false, "Plans": [{"Node Type": "Seq Scan", "Parent Relationship": "Outer", "Relation Name": "part", "Alias": "part", "Startup Cost": 0.0, "Total Cost": 66944.0, "Plan Rows": 13538, "Plan Width": 8, "Actual Startup Time": 0.026, "Actual Total Time": 786.655, "Actual Rows": 13163, "Actual Loops": 1, "Filter": "((p_type)::text = 'SMALL PLATED COPPER'::text)", "Rows Removed by Filter": 1986837}, {"Node Type": "Index Scan", "Parent Relationship": "Inner", "Scan Direction": "Forward", "Index Name": "idx_lineitem_part_supp", "Relation Name": "lineitem", "Alias": "lineitem", "Startup Cost": 0.0, "Total Cost": 27.61, "Plan Rows": 6, "Plan Width": 40, "Actual Startup Time": 162.315, "Actual Total Time": 1179.492, "Actual Rows": 395341, "Actual Loops": 13163, "Index Cond": "(l_partkey = part.p_partkey)", "Rows Removed by Index Recheck": 0}]}, {"Node Type": "Index Scan", "Parent Relationship": "Inner", "Scan Direction": "Forward", "Index Name": "orders_pkey", "Relation Name": "orders", "Alias": "orders", "Startup Cost": 0.0, "Total Cost": 0.3, "Plan Rows": 1, "Plan Width": 24, "Actual Startup Time": 3432.033, "Actual Total Time": 3432.033, "Actual Rows": 119765, "Actual Loops": 395341, "Index Cond": "(o_orderkey = lineitem.l_orderkey)", "Rows Removed by Index Recheck": 0, "Filter": "((o_orderdate >= '1995-01-01 00:00:00'::timestamp(0) without time zone) AND (o_orderdate <= '1996-12-31 00:00:00'::timestamp(0) without time zone))", "Rows Removed by Filter": 275576}]}, {"Node Type": "Index Scan", "Parent Relationship": "Inner", "Scan Direction": "Forward", "Index Name": "customer_pkey", "Relation Name": "customer", "Alias": "customer", "Startup Cost": 0.0, "Total Cost": 0.31, "Plan Rows": 1, "Plan Width": 12, "Actual Startup Time": 936.558, "Actual Total Time": 936.558, "Actual Rows": 119765, "Actual Loops": 119765, "Index Cond": "(c_custkey = orders.o_custkey)", "Rows Removed by Index Recheck": 0}]}, {"Node Type": "Materialize", "Parent Relationship": "Inner", "Startup Cost": 0.0, "Total Cost": 2.65, "Plan Rows": 5, "Plan Width": 4, "Actual Startup Time": 12.277, "Actual Total Time": 64.247, "Actual Rows": 598825, "Actual Loops": 119765, "Plans": [{"Node Type": "Nested Loop", "Parent Relationship": "Outer", "Join Type": "Inner", "Startup Cost": 0.0, "Total Cost": 2.62, "Plan Rows": 5, "Plan Width": 4, "Actual Startup Time": 0.03, "Actual Total Time": 0.038, "Actual Rows": 5, "Actual Loops": 1, "Inner Unique": false, "Join Filter": "(n1.n_regionkey = region.r_regionkey)", "Rows Removed by Join Filter": 20, "Plans": [{"Node Type": "Seq Scan", "Parent Relationship": "Outer", "Relation Name": "region", "Alias": "region", "Startup Cost": 0.0, "Total Cost": 1.06, "Plan Rows": 1, "Plan Width": 4, "Actual Startup Time": 0.009, "Actual Total Time": 0.011, "Actual Rows": 1, "Actual Loops": 1, "Filter": "(r_name = 'ASIA'::bpchar)", "Rows Removed by Filter": 4}, {"Node Type": "Seq Scan", "Parent Relationship": "Inner", "Relation Name": "nation", "Alias": "n1", "Startup Cost": 0.0, "Total Cost": 1.25, "Plan Rows": 25, "Plan Width": 8, "Actual Startup Time": 0.013, "Actual Total Time": 0.017, "Actual Rows": 25, "Actual Loops": 1}]}]}]}, {"Node Type": "Index Scan", "Parent Relationship": "Inner", "Scan Direction": "Forward", "Index Name": "supplier_pkey", "Relation Name": "supplier", "Alias": "supplier", "Startup Cost": 0.0, "Total Cost": 0.27, "Plan Rows": 1, "Plan Width": 12, "Actual Startup Time": 152.595, "Actual Total Time": 152.595, "Actual Rows": 23929, "Actual Loops": 23929, "Index Cond": "(s_suppkey = lineitem.l_suppkey)", "Rows Removed by Index Recheck": 0}]}, {"Node Type": "Index Scan", "Parent Relationship": "Inner", "Scan Direction": "Forward", "Index Name": "nation_pkey", "Relation Name": "nation", "Alias": "n2", "Startup Cost": 0.0, "Total Cost": 0.27, "Plan Rows": 1, "Plan Width": 30, "Actual Startup Time": 41.305, "Actual Total Time": 41.305, "Actual Rows": 23929, "Actual Loops": 23929, "Index Cond": "(n_nationkey = supplier.s_nationkey)", "Rows Removed by Index Recheck": 0}]}]}]}, "Triggers": [], "Planner Runtime": 3, "Total Runtime": 7315.049, "Unique SQL Id": 3681808042}}, "(64, 117)": {"explain_plan": {"Plan": {"Node Type": "Sort", "Startup Cost": 543973.83, "Total Cost": 543973.85, "Plan Rows": 10, "Plan Width": 66, "Sort Key": ["(date_part('year'::text, orders.o_orderdate))"], "Plans": [{"Node Type": "Aggregate", "Strategy": "Hashed", "Parent Relationship": "Outer", "Startup Cost": 543973.51, "Total Cost": 543973.66, "Plan Rows": 10, "Plan Width": 66, "Group By Key": ["date_part('year'::text, orders.o_orderdate)"], "Plans": [{"Node Type": "Nested Loop", "Parent Relationship": "Outer", "Join Type": "Inner", "Startup Cost": 0.0, "Total Cost": 543853.69, "Plan Rows": 5991, "Plan Width": 50, "Inner Unique": true, "Plans": [{"Node Type": "Nested Loop", "Parent Relationship": "Outer", "Join Type": "Inner", "Startup Cost": 0.0, "Total Cost": 542160.52, "Plan Rows": 5991, "Plan Width": 28, "Inner Unique": true, "Plans": [{"Node Type": "Nested Loop", "Parent Relationship": "Outer", "Join Type": "Inner", "Startup Cost": 0.0, "Total Cost": 537314.56, "Plan Rows": 17296, "Plan Width": 32, "Inner Unique": false, "Join Filter": "(n1.n_nationkey = customer.c_nationkey)", "Plans": [{"Node Type": "Nested Loop", "Parent Relationship": "Outer", "Join Type": "Inner", "Startup Cost": 0.0, "Total Cost": 530807.88, "Plan Rows": 86479, "Plan Width": 36, "Inner Unique": true, "Plans": [{"Node Type": "Nested Loop", "Parent Relationship": "Outer", "Join Type": "Inner", "Startup Cost": 0.0, "Total Cost": 503356.69, "Plan Rows": 86479, "Plan Width": 40, "Inner Unique": true, "Plans": [{"Node Type": "Nested Loop", "Parent Relationship": "Outer", "Join Type": "Inner", "Startup Cost": 0.0, "Total Cost": 480423.82, "Plan Rows": 74637, "Plan Width": 32, "Inner Unique": false, "Plans": [{"Node Type": "Index Scan", "Parent Relationship": "Outer", "Scan Direction": "Forward", "Index Name": "part_kpey", "Relation Name": "part", "Alias": "part", "Startup Cost": 0.0, "Total Cost": 105803.25, "Plan Rows": 13538, "Plan Width": 8, "Filter": "((p_type)::text = 'SMALL PLATED COPPER'::text)"}, {"Node Type": "Index Scan", "Parent Relationship": "Inner", "Scan Direction": "Forward", "Index Name": "idx_lineitem_part_supp", "Relation Name": "lineitem", "Alias": "lineitem", "Startup Cost": 0.0, "Total Cost": 27.61, "Plan Rows": 6, "Plan Width": 40, "Index Cond": "(l_partkey = part.p_partkey)"}]}, {"Node Type": "Index Scan", "Parent Relationship": "Inner", "Scan Direction": "Forward", "Index Name": "orders_pkey", "Relation Name": "orders", "Alias": "orders", "Startup Cost": 0.0, "Total Cost": 0.3, "Plan Rows": 1, "Plan Width": 24, "Index Cond": "(o_orderkey = lineitem.l_orderkey)", "Filter": "((o_orderdate >= '1995-01-01 00:00:00'::timestamp(0) without time zone) AND (o_orderdate <= '1996-12-31 00:00:00'::timestamp(0) without time zone))"}]}, {"Node Type": "Index Scan", "Parent Relationship": "Inner", "Scan Direction": "Forward", "Index Name": "customer_pkey", "Relation Name": "customer", "Alias": "customer", "Startup Cost": 0.0, "Total Cost": 0.31, "Plan Rows": 1, "Plan Width": 12, "Index Cond": "(c_custkey = orders.o_custkey)"}]}, {"Node Type": "Materialize", "Parent Relationship": "Inner", "Startup Cost": 0.0, "Total Cost": 20.76, "Plan Rows": 5, "Plan Width": 4, "Plans": [{"Node Type": "Nested Loop", "Parent Relationship": "Outer", "Join Type": "Inner", "Startup Cost": 0.0, "Total Cost": 20.74, "Plan Rows": 5, "Plan Width": 4, "Inner Unique": false, "Plans": [{"Node Type": "Index Scan", "Parent Relationship": "Outer", "Scan Direction": "Forward", "Index Name": "region_pkey", "Relation Name": "region", "Alias": "region", "Startup Cost": 0.0, "Total Cost": 12.34, "Plan Rows": 1, "Plan Width": 4, "Filter": "(r_name = 'ASIA'::bpchar)"}, {"Node Type": "Index Scan", "Parent Relationship": "Inner", "Scan Direction": "Forward", "Index Name": "idx_nation_regionkey", "Relation Name": "nation", "Alias": "n1", "Startup Cost": 0.0, "Total Cost": 8.35, "Plan Rows": 5, "Plan Width": 8, "Index Cond": "(n_regionkey = region.r_regionkey)"}]}]}]}, {"Node Type": "Index Scan", "Parent Relationship": "Inner", "Scan Direction": "Forward", "Index Name": "supplier_pkey", "Relation Name": "supplier", "Alias": "supplier", "Startup Cost": 0.0, "Total Cost": 0.27, "Plan Rows": 1, "Plan Width": 12, "Index Cond": "(s_suppkey = lineitem.l_suppkey)"}]}, {"Node Type": "Index Scan", "Parent Relationship": "Inner", "Scan Direction": "Forward", "Index Name": "nation_pkey", "Relation Name": "nation", "Alias": "n2", "Startup Cost": 0.0, "Total Cost": 0.27, "Plan Rows": 1, "Plan Width": 30, "Index Cond": "(n_nationkey = supplier.s_nationkey)"}]}]}]}, "Unique SQL Id": 3681808042, "Planner Runtime": 3}, "explain_analyze_plan": {"Plan": {"Node Type": "Sort", "Startup Cost": 543973.83, "Total Cost": 543973.85, "Plan Rows": 10, "Plan Width": 66, "Actual Startup Time": 7100.372, "Actual Total Time": 7100.372, "Actual Rows": 2, "Actual Loops": 1, "Sort Key": ["(date_part('year'::text, orders.o_orderdate))"], "Sort Method": "quicksort", "Sort Space Used": 25, "Sort Space Type": "Memory", "Plans": [{"Node Type": "Aggregate", "Strategy": "Hashed", "Parent Relationship": "Outer", "Startup Cost": 543973.51, "Total Cost": 543973.66, "Plan Rows": 10, "Plan Width": 66, "Actual Startup Time": 7100.352, "Actual Total Time": 7100.353, "Actual Rows": 2, "Actual Loops": 1, "Group By Key": ["date_part('year'::text, orders.o_orderdate)"], "Plans": [{"Node Type": "Nested Loop", "Parent Relationship": "Outer", "Join Type": "Inner", "Startup Cost": 0.0, "Total Cost": 543853.69, "Plan Rows": 5991, "Plan Width": 50, "Actual Startup Time": 0.473, "Actual Total Time": 7059.063, "Actual Rows": 23929, "Actual Loops": 1, "Inner Unique": true, "Plans": [{"Node Type": "Nested Loop", "Parent Relationship": "Outer", "Join Type": "Inner", "Startup Cost": 0.0, "Total Cost": 542160.52, "Plan Rows": 5991, "Plan Width": 28, "Actual Startup Time": 0.459, "Actual Total Time": 6967.882, "Actual Rows": 23929, "Actual Loops": 1, "Inner Unique": true, "Plans": [{"Node Type": "Nested Loop", "Parent Relationship": "Outer", "Join Type": "Inner", "Startup Cost": 0.0, "Total Cost": 537314.56, "Plan Rows": 17296, "Plan Width": 32, "Actual Startup Time": 0.446, "Actual Total Time": 6815.141, "Actual Rows": 23929, "Actual Loops": 1, "Inner Unique": false, "Join Filter": "(n1.n_nationkey = customer.c_nationkey)", "Rows Removed by Join Filter": 574896, "Plans": [{"Node Type": "Nested Loop", "Parent Relationship": "Outer", "Join Type": "Inner", "Startup Cost": 0.0, "Total Cost": 530807.88, "Plan Rows": 86479, "Plan Width": 36, "Actual Startup Time": 0.226, "Actual Total Time": 6596.471, "Actual Rows": 119765, "Actual Loops": 1, "Inner Unique": true, "Plans": [{"Node Type": "Nested Loop", "Parent Relationship": "Outer", "Join Type": "Inner", "Startup Cost": 0.0, "Total Cost": 503356.69, "Plan Rows": 86479, "Plan Width": 40, "Actual Startup Time": 0.209, "Actual Total Time": 5745.029, "Actual Rows": 119765, "Actual Loops": 1, "Inner Unique": true, "Plans": [{"Node Type": "Nested Loop", "Parent Relationship": "Outer", "Join Type": "Inner", "Startup Cost": 0.0, "Total Cost": 480423.82, "Plan Rows": 74637, "Plan Width": 32, "Actual Startup Time": 0.074, "Actual Total Time": 2567.575, "Actual Rows": 395341, "Actual Loops": 1, "Inner Unique": false, "Plans": [{"Node Type": "Index Scan", "Parent Relationship": "Outer", "Scan Direction": "Forward", "Index Name": "part_kpey", "Relation Name": "part", "Alias": "part", "Startup Cost": 0.0, "Total Cost": 105803.25, "Plan Rows": 13538, "Plan Width": 8, "Actual Startup Time": 0.047, "Actual Total Time": 1352.105, "Actual Rows": 13163, "Actual Loops": 1, "Filter": "((p_type)::text = 'SMALL PLATED COPPER'::text)", "Rows Removed by Filter": 1986837}, {"Node Type": "Index Scan", "Parent Relationship": "Inner", "Scan Direction": "Forward", "Index Name": "idx_lineitem_part_supp", "Relation Name": "lineitem", "Alias": "lineitem", "Startup Cost": 0.0, "Total Cost": 27.61, "Plan Rows": 6, "Plan Width": 40, "Actual Startup Time": 144.181, "Actual Total Time": 1108.152, "Actual Rows": 395341, "Actual Loops": 13163, "Index Cond": "(l_partkey = part.p_partkey)", "Rows Removed by Index Recheck": 0}]}, {"Node Type": "Index Scan", "Parent Relationship": "Inner", "Scan Direction": "Forward", "Index Name": "orders_pkey", "Relation Name": "orders", "Alias": "orders", "Startup Cost": 0.0, "Total Cost": 0.3, "Plan Rows": 1, "Plan Width": 24, "Actual Startup Time": 2929.821, "Actual Total Time": 2929.821, "Actual Rows": 119765, "Actual Loops": 395341, "Index Cond": "(o_orderkey = lineitem.l_orderkey)", "Rows Removed by Index Recheck": 0, "Filter": "((o_orderdate >= '1995-01-01 00:00:00'::timestamp(0) without time zone) AND (o_orderdate <= '1996-12-31 00:00:00'::timestamp(0) without time zone))", "Rows Removed by Filter": 275576}]}, {"Node Type": "Index Scan", "Parent Relationship": "Inner", "Scan Direction": "Forward", "Index Name": "customer_pkey", "Relation Name": "customer", "Alias": "customer", "Startup Cost": 0.0, "Total Cost": 0.31, "Plan Rows": 1, "Plan Width": 12, "Actual Startup Time": 737.554, "Actual Total Time": 737.554, "Actual Rows": 119765, "Actual Loops": 119765, "Index Cond": "(c_custkey = orders.o_custkey)", "Rows Removed by Index Recheck": 0}]}, {"Node Type": "Materialize", "Parent Relationship": "Inner", "Startup Cost": 0.0, "Total Cost": 20.76, "Plan Rows": 5, "Plan Width": 4, "Actual Startup Time": 12.647, "Actual Total Time": 64.64, "Actual Rows": 598825, "Actual Loops": 119765, "Plans": [{"Node Type": "Nested Loop", "Parent Relationship": "Outer", "Join Type": "Inner", "Startup Cost": 0.0, "Total Cost": 20.74, "Plan Rows": 5, "Plan Width": 4, "Actual Startup Time": 0.018, "Actual Total Time": 0.024, "Actual Rows": 5, "Actual Loops": 1, "Inner Unique": false, "Plans": [{"Node Type": "Index Scan", "Parent Relationship": "Outer", "Scan Direction": "Forward", "Index Name": "region_pkey", "Relation Name": "region", "Alias": "region", "Startup Cost": 0.0, "Total Cost": 12.34, "Plan Rows": 1, "Plan Width": 4, "Actual Startup Time": 0.01, "Actual Total Time": 0.011, "Actual Rows": 1, "Actual Loops": 1, "Filter": "(r_name = 'ASIA'::bpchar)", "Rows Removed by Filter": 4}, {"Node Type": "Index Scan", "Parent Relationship": "Inner", "Scan Direction": "Forward", "Index Name": "idx_nation_regionkey", "Relation Name": "nation", "Alias": "n1", "Startup Cost": 0.0, "Total Cost": 8.35, "Plan Rows": 5, "Plan Width": 8, "Actual Startup Time": 0.007, "Actual Total Time": 0.01, "Actual Rows": 5, "Actual Loops": 1, "Index Cond": "(n_regionkey = region.r_regionkey)", "Rows Removed by Index Recheck": 0}]}]}]}, {"Node Type": "Index Scan", "Parent Relationship": "Inner", "Scan Direction": "Forward", "Index Name": "supplier_pkey", "Relation Name": "supplier", "Alias": "supplier", "Startup Cost": 0.0, "Total Cost": 0.27, "Plan Rows": 1, "Plan Width": 12, "Actual Startup Time": 118.401, "Actual Total Time": 118.401, "Actual Rows": 23929, "Actual Loops": 23929, "Index Cond": "(s_suppkey = lineitem.l_suppkey)", "Rows Removed by Index Recheck": 0}]}, {"Node Type": "Index Scan", "Parent Relationship": "Inner", "Scan Direction": "Forward", "Index Name": "nation_pkey", "Relation Name": "nation", "Alias": "n2", "Startup Cost": 0.0, "Total Cost": 0.27, "Plan Rows": 1, "Plan Width": 30, "Actual Startup Time": 41.586, "Actual Total Time": 41.586, "Actual Rows": 23929, "Actual Loops": 23929, "Index Cond": "(n_nationkey = supplier.s_nationkey)", "Rows Removed by Index Recheck": 0}]}]}]}, "Triggers": [], "Planner Runtime": 2, "Total Runtime": 7100.698, "Unique SQL Id": 3681808042}}, "(64, 118)": {"explain_plan": {"Plan": {"Node Type": "Sort", "Startup Cost": 1223730.05, "Total Cost": 1223730.08, "Plan Rows": 10, "Plan Width": 66, "Sort Key": ["(date_part('year'::text, orders.o_orderdate))"], "Plans": [{"Node Type": "Aggregate", "Strategy": "Hashed", "Parent Relationship": "Outer", "Startup Cost": 1223729.73, "Total Cost": 1223729.88, "Plan Rows": 10, "Plan Width": 66, "Group By Key": ["date_part('year'::text, orders.o_orderdate)"], "Plans": [{"Node Type": "Nested Loop", "Parent Relationship": "Outer", "Join Type": "Inner", "Startup Cost": 4.99, "Total Cost": 1223609.91, "Plan Rows": 5991, "Plan Width": 50, "Inner Unique": true, "Join Filter": "(supplier.s_nationkey = n2.n_nationkey)", "Plans": [{"Node Type": "Nested Loop", "Parent Relationship": "Outer", "Join Type": "Inner", "Startup Cost": 4.99, "Total Cost": 1221347.0, "Plan Rows": 5991, "Plan Width": 28, "Inner Unique": true, "Plans": [{"Node Type": "Nested Loop", "Parent Relationship": "Outer", "Join Type": "Inner", "Startup Cost": 4.73, "Total Cost": 1147315.35, "Plan Rows": 17296, "Plan Width": 32, "Inner Unique": false, "Join Filter": "(n1.n_nationkey = customer.c_nationkey)", "Plans": [{"Node Type": "Nested Loop", "Parent Relationship": "Outer", "Join Type": "Inner", "Startup Cost": 4.73, "Total Cost": 1140826.79, "Plan Rows": 86479, "Plan Width": 36, "Inner Unique": true, "Plans": [{"Node Type": "Nested Loop", "Parent Relationship": "Outer", "Join Type": "Inner", "Startup Cost": 4.47, "Total Cost": 770271.73, "Plan Rows": 86479, "Plan Width": 40, "Inner Unique": true, "Plans": [{"Node Type": "Nested Loop", "Parent Relationship": "Outer", "Join Type": "Inner", "Startup Cost": 4.21, "Total Cost": 450147.9, "Plan Rows": 74637, "Plan Width": 32, "Inner Unique": false, "Plans": [{"Node Type": "Seq Scan", "Parent Relationship": "Outer", "Relation Name": "part", "Alias": "part", "Startup Cost": 0.0, "Total Cost": 66944.0, "Plan Rows": 13538, "Plan Width": 8, "Filter": "((p_type)::text = 'SMALL PLATED COPPER'::text)"}, {"Node Type": "Bitmap Heap Scan", "Parent Relationship": "Inner", "Relation Name": "lineitem", "Alias": "lineitem", "Startup Cost": 4.21, "Total Cost": 28.25, "Plan Rows": 6, "Plan Width": 40, "Recheck Cond": "(l_partkey = part.p_partkey)", "Plans": [{"Node Type": "Bitmap Index Scan", "Parent Relationship": "Outer", "Index Name": "idx_lineitem_part_supp", "Startup Cost": 0.0, "Total Cost": 4.21, "Plan Rows": 6, "Plan Width": 0, "Index Cond": "(l_partkey = part.p_partkey)"}]}]}, {"Node Type": "Bitmap Heap Scan", "Parent Relationship": "Inner", "Relation Name": "orders", "Alias": "orders", "Startup Cost": 0.26, "Total Cost": 4.28, "Plan Rows": 1, "Plan Width": 24, "Recheck Cond": "(o_orderkey = lineitem.l_orderkey)", "Filter": "((o_orderdate >= '1995-01-01 00:00:00'::timestamp(0) without time zone) AND (o_orderdate <= '1996-12-31 00:00:00'::timestamp(0) without time zone))", "Plans": [{"Node Type": "Bitmap Index Scan", "Parent Relationship": "Outer", "Index Name": "orders_pkey", "Startup Cost": 0.0, "Total Cost": 0.26, "Plan Rows": 1, "Plan Width": 0, "Index Cond": "(o_orderkey = lineitem.l_orderkey)"}]}]}, {"Node Type": "Bitmap Heap Scan", "Parent Relationship": "Inner", "Relation Name": "customer", "Alias": "customer", "Startup Cost": 0.26, "Total Cost": 4.27, "Plan Rows": 1, "Plan Width": 12, "Recheck Cond": "(c_custkey = orders.o_custkey)", "Plans": [{"Node Type": "Bitmap Index Scan", "Parent Relationship": "Outer", "Index Name": "customer_pkey", "Startup Cost": 0.0, "Total Cost": 0.26, "Plan Rows": 1, "Plan Width": 0, "Index Cond": "(c_custkey = orders.o_custkey)"}]}]}, {"Node Type": "Materialize", "Parent Relationship": "Inner", "Startup Cost": 0.0, "Total Cost": 2.65, "Plan Rows": 5, "Plan Width": 4, "Plans": [{"Node Type": "Nested Loop", "Parent Relationship": "Outer", "Join Type": "Inner", "Startup Cost": 0.0, "Total Cost": 2.62, "Plan Rows": 5, "Plan Width": 4, "Inner Unique": false, "Join Filter": "(n1.n_regionkey = region.r_regionkey)", "Plans": [{"Node Type": "Seq Scan", "Parent Relationship": "Outer", "Relation Name": "region", "Alias": "region", "Startup Cost": 0.0, "Total Cost": 1.06, "Plan Rows": 1, "Plan Width": 4, "Filter": "(r_name = 'ASIA'::bpchar)"}, {"Node Type": "Seq Scan", "Parent Relationship": "Inner", "Relation Name": "nation", "Alias": "n1", "Startup Cost": 0.0, "Total Cost": 1.25, "Plan Rows": 25, "Plan Width": 8}]}]}]}, {"Node Type": "Bitmap Heap Scan", "Parent Relationship": "Inner", "Relation Name": "supplier", "Alias": "supplier", "Startup Cost": 0.26, "Total Cost": 4.27, "Plan Rows": 1, "Plan Width": 12, "Recheck Cond": "(s_suppkey = lineitem.l_suppkey)", "Plans": [{"Node Type": "Bitmap Index Scan", "Parent Relationship": "Outer", "Index Name": "supplier_pkey", "Startup Cost": 0.0, "Total Cost": 0.26, "Plan Rows": 1, "Plan Width": 0, "Index Cond": "(s_suppkey = lineitem.l_suppkey)"}]}]}, {"Node Type": "Materialize", "Parent Relationship": "Inner", "Startup Cost": 0.0, "Total Cost": 1.38, "Plan Rows": 25, "Plan Width": 30, "Plans": [{"Node Type": "Seq Scan", "Parent Relationship": "Outer", "Relation Name": "nation", "Alias": "n2", "Startup Cost": 0.0, "Total Cost": 1.25, "Plan Rows": 25, "Plan Width": 30}]}]}]}]}, "Unique SQL Id": 3681808042, "Planner Runtime": 4}, "explain_analyze_plan": {"Plan": {"Node Type": "Sort", "Startup Cost": 1223730.05, "Total Cost": 1223730.08, "Plan Rows": 10, "Plan Width": 66, "Actual Startup Time": 8393.038, "Actual Total Time": 8393.038, "Actual Rows": 2, "Actual Loops": 1, "Sort Key": ["(date_part('year'::text, orders.o_orderdate))"], "Sort Method": "quicksort", "Sort Space Used": 25, "Sort Space Type": "Memory", "Plans": [{"Node Type": "Aggregate", "Strategy": "Hashed", "Parent Relationship": "Outer", "Startup Cost": 1223729.73, "Total Cost": 1223729.88, "Plan Rows": 10, "Plan Width": 66, "Actual Startup Time": 8393.009, "Actual Total Time": 8393.012, "Actual Rows": 2, "Actual Loops": 1, "Group By Key": ["date_part('year'::text, orders.o_orderdate)"], "Plans": [{"Node Type": "Nested Loop", "Parent Relationship": "Outer", "Join Type": "Inner", "Startup Cost": 4.99, "Total Cost": 1223609.91, "Plan Rows": 5991, "Plan Width": 50, "Actual Startup Time": 0.365, "Actual Total Time": 8351.175, "Actual Rows": 23929, "Actual Loops": 1, "Inner Unique": true, "Join Filter": "(supplier.s_nationkey = n2.n_nationkey)", "Rows Removed by Join Filter": 288173, "Plans": [{"Node Type": "Nested Loop", "Parent Relationship": "Outer", "Join Type": "Inner", "Startup Cost": 4.99, "Total Cost": 1221347.0, "Plan Rows": 5991, "Plan Width": 28, "Actual Startup Time": 0.332, "Actual Total Time": 8228.709, "Actual Rows": 23929, "Actual Loops": 1, "Inner Unique": true, "Plans": [{"Node Type": "Nested Loop", "Parent Relationship": "Outer", "Join Type": "Inner", "Startup Cost": 4.73, "Total Cost": 1147315.35, "Plan Rows": 17296, "Plan Width": 32, "Actual Startup Time": 0.301, "Actual Total Time": 8011.475, "Actual Rows": 23929, "Actual Loops": 1, "Inner Unique": false, "Join Filter": "(n1.n_nationkey = customer.c_nationkey)", "Rows Removed by Join Filter": 574896, "Plans": [{"Node Type": "Nested Loop", "Parent Relationship": "Outer", "Join Type": "Inner", "Startup Cost": 4.73, "Total Cost": 1140826.79, "Plan Rows": 86479, "Plan Width": 36, "Actual Startup Time": 0.198, "Actual Total Time": 7781.846, "Actual Rows": 119765, "Actual Loops": 1, "Inner Unique": true, "Plans": [{"Node Type": "Nested Loop", "Parent Relationship": "Outer", "Join Type": "Inner", "Startup Cost": 4.47, "Total Cost": 770271.73, "Plan Rows": 86479, "Plan Width": 40, "Actual Startup Time": 0.171, "Actual Total Time": 6571.031, "Actual Rows": 119765, "Actual Loops": 1, "Inner Unique": true, "Plans": [{"Node Type": "Nested Loop", "Parent Relationship": "Outer", "Join Type": "Inner", "Startup Cost": 4.21, "Total Cost": 450147.9, "Plan Rows": 74637, "Plan Width": 32, "Actual Startup Time": 0.085, "Actual Total Time": 2286.759, "Actual Rows": 395341, "Actual Loops": 1, "Inner Unique": false, "Plans": [{"Node Type": "Seq Scan", "Parent Relationship": "Outer", "Relation Name": "part", "Alias": "part", "Startup Cost": 0.0, "Total Cost": 66944.0, "Plan Rows": 13538, "Plan Width": 8, "Actual Startup Time": 0.031, "Actual Total Time": 780.186, "Actual Rows": 13163, "Actual Loops": 1, "Filter": "((p_type)::text = 'SMALL PLATED COPPER'::text)", "Rows Removed by Filter": 1986837}, {"Node Type": "Bitmap Heap Scan", "Parent Relationship": "Inner", "Relation Name": "lineitem", "Alias": "lineitem", "Startup Cost": 4.21, "Total Cost": 28.25, "Plan Rows": 6, "Plan Width": 40, "Actual Startup Time": 270.625, "Actual Total Time": 1384.075, "Actual Rows": 395341, "Actual Loops": 13163, "Recheck Cond": "(l_partkey = part.p_partkey)", "Rows Removed by Index Recheck": 0, "Exact Heap Blocks": 395337, "Lossy Heap Blocks": 395337, "Plans": [{"Node Type": "Bitmap Index Scan", "Parent Relationship": "Outer", "Index Name": "idx_lineitem_part_supp", "Startup Cost": 0.0, "Total Cost": 4.21, "Plan Rows": 6, "Plan Width": 0, "Actual Startup Time": 173.229, "Actual Total Time": 173.229, "Actual Rows": 395341, "Actual Loops": 13163, "Index Cond": "(l_partkey = part.p_partkey)"}]}]}, {"Node Type": "Bitmap Heap Scan", "Parent Relationship": "Inner", "Relation Name": "orders", "Alias": "orders", "Startup Cost": 0.26, "Total Cost": 4.28, "Plan Rows": 1, "Plan Width": 24, "Actual Startup Time": 3793.327, "Actual Total Time": 3793.327, "Actual Rows": 119765, "Actual Loops": 395341, "Recheck Cond": "(o_orderkey = lineitem.l_orderkey)", "Rows Removed by Index Recheck": 0, "Filter": "((o_orderdate >= '1995-01-01 00:00:00'::timestamp(0) without time zone) AND (o_orderdate <= '1996-12-31 00:00:00'::timestamp(0) without time zone))", "Rows Removed by Filter": 275576, "Exact Heap Blocks": 395341, "Lossy Heap Blocks": 395341, "Plans": [{"Node Type": "Bitmap Index Scan", "Parent Relationship": "Outer", "Index Name": "orders_pkey", "Startup Cost": 0.0, "Total Cost": 0.26, "Plan Rows": 1, "Plan Width": 0, "Actual Startup Time": 2325.184, "Actual Total Time": 2325.184, "Actual Rows": 395341, "Actual Loops": 395341, "Index Cond": "(o_orderkey = lineitem.l_orderkey)"}]}]}, {"Node Type": "Bitmap Heap Scan", "Parent Relationship": "Inner", "Relation Name": "customer", "Alias": "customer", "Startup Cost": 0.26, "Total Cost": 4.27, "Plan Rows": 1, "Plan Width": 12, "Actual Startup Time": 1046.66, "Actual Total Time": 1046.66, "Actual Rows": 119765, "Actual Loops": 119765, "Recheck Cond": "(c_custkey = orders.o_custkey)", "Rows Removed by Index Recheck": 0, "Exact Heap Blocks": 119765, "Lossy Heap Blocks": 119765, "Plans": [{"Node Type": "Bitmap Index Scan", "Parent Relationship": "Outer", "Index Name": "customer_pkey", "Startup Cost": 0.0, "Total Cost": 0.26, "Plan Rows": 1, "Plan Width": 0, "Actual Startup Time": 654.268, "Actual Total Time": 654.268, "Actual Rows": 119765, "Actual Loops": 119765, "Index Cond": "(c_custkey = orders.o_custkey)"}]}]}, {"Node Type": "Materialize", "Parent Relationship": "Inner", "Startup Cost": 0.0, "Total Cost": 2.65, "Plan Rows": 5, "Plan Width": 4, "Actual Startup Time": 14.861, "Actual Total Time": 66.218, "Actual Rows": 598825, "Actual Loops": 119765, "Plans": [{"Node Type": "Nested Loop", "Parent Relationship": "Outer", "Join Type": "Inner", "Startup Cost": 0.0, "Total Cost": 2.62, "Plan Rows": 5, "Plan Width": 4, "Actual Startup Time": 0.031, "Actual Total Time": 0.04, "Actual Rows": 5, "Actual Loops": 1, "Inner Unique": false, "Join Filter": "(n1.n_regionkey = region.r_regionkey)", "Rows Removed by Join Filter": 20, "Plans": [{"Node Type": "Seq Scan", "Parent Relationship": "Outer", "Relation Name": "region", "Alias": "region", "Startup Cost": 0.0, "Total Cost": 1.06, "Plan Rows": 1, "Plan Width": 4, "Actual Startup Time": 0.011, "Actual Total Time": 0.012, "Actual Rows": 1, "Actual Loops": 1, "Filter": "(r_name = 'ASIA'::bpchar)", "Rows Removed by Filter": 4}, {"Node Type": "Seq Scan", "Parent Relationship": "Inner", "Relation Name": "nation", "Alias": "n1", "Startup Cost": 0.0, "Total Cost": 1.25, "Plan Rows": 25, "Plan Width": 8, "Actual Startup Time": 0.012, "Actual Total Time": 0.016, "Actual Rows": 25, "Actual Loops": 1}]}]}]}, {"Node Type": "Bitmap Heap Scan", "Parent Relationship": "Inner", "Relation Name": "supplier", "Alias": "supplier", "Startup Cost": 0.26, "Total Cost": 4.27, "Plan Rows": 1, "Plan Width": 12, "Actual Startup Time": 177.934, "Actual Total Time": 177.934, "Actual Rows": 23929, "Actual Loops": 23929, "Recheck Cond": "(s_suppkey = lineitem.l_suppkey)", "Rows Removed by Index Recheck": 0, "Exact Heap Blocks": 23929, "Lossy Heap Blocks": 23929, "Plans": [{"Node Type": "Bitmap Index Scan", "Parent Relationship": "Outer", "Index Name": "supplier_pkey", "Startup Cost": 0.0, "Total Cost": 0.26, "Plan Rows": 1, "Plan Width": 0, "Actual Startup Time": 98.842, "Actual Total Time": 98.842, "Actual Rows": 23929, "Actual Loops": 23929, "Index Cond": "(s_suppkey = lineitem.l_suppkey)"}]}]}, {"Node Type": "Materialize", "Parent Relationship": "Inner", "Startup Cost": 0.0, "Total Cost": 1.38, "Plan Rows": 25, "Plan Width": 30, "Actual Startup Time": 2.824, "Actual Total Time": 28.164, "Actual Rows": 312102, "Actual Loops": 23929, "Plans": [{"Node Type": "Seq Scan", "Parent Relationship": "Outer", "Relation Name": "nation", "Alias": "n2", "Startup Cost": 0.0, "Total Cost": 1.25, "Plan Rows": 25, "Plan Width": 30, "Actual Startup Time": 0.007, "Actual Total Time": 0.01, "Actual Rows": 25, "Actual Loops": 1}]}]}]}]}, "Triggers": [], "Planner Runtime": 4, "Total Runtime": 8393.426, "Unique SQL Id": 3681808042}}, "(64, 119)": {"explain_plan": {"Plan": {"Node Type": "Sort", "Startup Cost": 66661878.45, "Total Cost": 66661878.48, "Plan Rows": 10, "Plan Width": 66, "Sort Key": ["(date_part('year'::text, orders.o_orderdate))"], "Plans": [{"Node Type": "Aggregate", "Strategy": "Hashed", "Parent Relationship": "Outer", "Startup Cost": 66661878.14, "Total Cost": 66661878.29, "Plan Rows": 10, "Plan Width": 66, "Group By Key": ["date_part('year'::text, orders.o_orderdate)"], "Plans": [{"Node Type": "Nested Loop", "Parent Relationship": "Outer", "Join Type": "Inner", "Startup Cost": 115915.31, "Total Cost": 66661758.32, "Plan Rows": 5991, "Plan Width": 50, "Inner Unique": true, "Plans": [{"Node Type": "Nested Loop", "Parent Relationship": "Outer", "Join Type": "Inner", "Startup Cost": 115915.05, "Total Cost": 66636099.88, "Plan Rows": 5991, "Plan Width": 28, "Inner Unique": true, "Plans": [{"Node Type": "Nested Loop", "Parent Relationship": "Outer", "Join Type": "Inner", "Startup Cost": 115914.79, "Total Cost": 66562068.23, "Plan Rows": 17296, "Plan Width": 32, "Inner Unique": true, "Plans": [{"Node Type": "Nested Loop", "Parent Relationship": "Outer", "Join Type": "Inner", "Startup Cost": 115914.53, "Total Cost": 45938880.46, "Plan Rows": 4814867, "Plan Width": 40, "Inner Unique": false, "Plans": [{"Node Type": "Nested Loop", "Parent Relationship": "Outer", "Join Type": "Inner", "Startup Cost": 115914.01, "Total Cost": 43432501.27, "Plan Rows": 530296, "Plan Width": 16, "Inner Unique": true, "Plans": [{"Node Type": "Nested Loop", "Parent Relationship": "Outer", "Join Type": "Inner", "Startup Cost": 115913.43, "Total Cost": 31228406.3, "Plan Rows": 2651479, "Plan Width": 20, "Inner Unique": true, "Plans": [{"Node Type": "Nested Loop", "Parent Relationship": "Outer", "Join Type": "Inner", "Startup Cost": 115913.17, "Total Cost": 19879399.17, "Plan Rows": 2651479, "Plan Width": 20, "Inner Unique": true, "Plans": [{"Node Type": "Bitmap Heap Scan", "Parent Relationship": "Outer", "Relation Name": "orders", "Alias": "orders", "Startup Cost": 115912.91, "Total Cost": 460311.42, "Plan Rows": 4531967, "Plan Width": 24, "Recheck Cond": "((o_orderdate >= '1995-01-01 00:00:00'::timestamp(0) without time zone) AND (o_orderdate <= '1996-12-31 00:00:00'::timestamp(0) without time zone)), (LLVM Optimized)", "Plans": [{"Node Type": "Bitmap Index Scan", "Parent Relationship": "Outer", "Index Name": "idx_orders_orderdate", "Startup Cost": 0.0, "Total Cost": 114779.92, "Plan Rows": 4531967, "Plan Width": 0, "Index Cond": "((o_orderdate >= '1995-01-01 00:00:00'::timestamp(0) without time zone) AND (o_orderdate <= '1996-12-31 00:00:00'::timestamp(0) without time zone))"}]}, {"Node Type": "Bitmap Heap Scan", "Parent Relationship": "Inner", "Relation Name": "customer", "Alias": "customer", "Startup Cost": 0.26, "Total Cost": 4.27, "Plan Rows": 1, "Plan Width": 12, "Recheck Cond": "(c_custkey = orders.o_custkey)", "Plans": [{"Node Type": "Bitmap Index Scan", "Parent Relationship": "Outer", "Index Name": "customer_pkey", "Startup Cost": 0.0, "Total Cost": 0.26, "Plan Rows": 1, "Plan Width": 0, "Index Cond": "(c_custkey = orders.o_custkey)"}]}]}, {"Node Type": "Bitmap Heap Scan", "Parent Relationship": "Inner", "Relation Name": "nation", "Alias": "n1", "Startup Cost": 0.26, "Total Cost": 4.27, "Plan Rows": 1, "Plan Width": 8, "Recheck Cond": "(n_nationkey = customer.c_nationkey)", "Plans": [{"Node Type": "Bitmap Index Scan", "Parent Relationship": "Outer", "Index Name": "nation_pkey", "Startup Cost": 0.0, "Total Cost": 0.26, "Plan Rows": 1, "Plan Width": 0, "Index Cond": "(n_nationkey = customer.c_nationkey)"}]}]}, {"Node Type": "Bitmap Heap Scan", "Parent Relationship": "Inner", "Relation Name": "region", "Alias": "region", "Startup Cost": 0.58, "Total Cost": 4.59, "Plan Rows": 1, "Plan Width": 4, "Recheck Cond": "(r_regionkey = n1.n_regionkey)", "Filter": "(r_name = 'ASIA'::bpchar)", "Plans": [{"Node Type": "Bitmap Index Scan", "Parent Relationship": "Outer", "Index Name": "region_pkey", "Startup Cost": 0.0, "Total Cost": 0.58, "Plan Rows": 1, "Plan Width": 0, "Index Cond": "(r_regionkey = n1.n_regionkey)"}]}]}, {"Node Type": "Bitmap Heap Scan", "Parent Relationship": "Inner", "Relation Name": "lineitem", "Alias": "lineitem", "Startup Cost": 0.52, "Total Cost": 4.64, "Plan Rows": 9, "Plan Width": 40, "Recheck Cond": "(l_orderkey = orders.o_orderkey)", "Plans": [{"Node Type": "Bitmap Index Scan", "Parent Relationship": "Outer", "Index Name": "idx_lineitem_orderkey", "Startup Cost": 0.0, "Total Cost": 0.52, "Plan Rows": 9, "Plan Width": 0, "Index Cond": "(l_orderkey = orders.o_orderkey)"}]}]}, {"Node Type": "Bitmap Heap Scan", "Parent Relationship": "Inner", "Relation Name": "part", "Alias": "part", "Startup Cost": 0.26, "Total Cost": 4.27, "Plan Rows": 1, "Plan Width": 8, "Recheck Cond": "(p_partkey = lineitem.l_partkey)", "Filter": "((p_type)::text = 'SMALL PLATED COPPER'::text)", "Plans": [{"Node Type": "Bitmap Index Scan", "Parent Relationship": "Outer", "Index Name": "part_kpey", "Startup Cost": 0.0, "Total Cost": 0.26, "Plan Rows": 1, "Plan Width": 0, "Index Cond": "(p_partkey = lineitem.l_partkey)"}]}]}, {"Node Type": "Bitmap Heap Scan", "Parent Relationship": "Inner", "Relation Name": "supplier", "Alias": "supplier", "Startup Cost": 0.26, "Total Cost": 4.27, "Plan Rows": 1, "Plan Width": 12, "Recheck Cond": "(s_suppkey = lineitem.l_suppkey)", "Plans": [{"Node Type": "Bitmap Index Scan", "Parent Relationship": "Outer", "Index Name": "supplier_pkey", "Startup Cost": 0.0, "Total Cost": 0.26, "Plan Rows": 1, "Plan Width": 0, "Index Cond": "(s_suppkey = lineitem.l_suppkey)"}]}]}, {"Node Type": "Bitmap Heap Scan", "Parent Relationship": "Inner", "Relation Name": "nation", "Alias": "n2", "Startup Cost": 0.26, "Total Cost": 4.27, "Plan Rows": 1, "Plan Width": 30, "Recheck Cond": "(n_nationkey = supplier.s_nationkey)", "Plans": [{"Node Type": "Bitmap Index Scan", "Parent Relationship": "Outer", "Index Name": "nation_pkey", "Startup Cost": 0.0, "Total Cost": 0.26, "Plan Rows": 1, "Plan Width": 0, "Index Cond": "(n_nationkey = supplier.s_nationkey)"}]}]}]}]}, "Unique SQL Id": 3681808042, "Planner Runtime": 2}, "explain_analyze_plan": null}, "(64, 120)": {"explain_plan": {"Plan": {"Node Type": "Sort", "Startup Cost": 505096.47, "Total Cost": 505096.49, "Plan Rows": 10, "Plan Width": 66, "Sort Key": ["(date_part('year'::text, orders.o_orderdate))"], "Plans": [{"Node Type": "Aggregate", "Strategy": "Hashed", "Parent Relationship": "Outer", "Startup Cost": 505096.15, "Total Cost": 505096.3, "Plan Rows": 10, "Plan Width": 66, "Group By Key": ["date_part('year'::text, orders.o_orderdate)"], "Plans": [{"Node Type": "Nested Loop", "Parent Relationship": "Outer", "Join Type": "Inner", "Startup Cost": 0.0, "Total Cost": 504976.33, "Plan Rows": 5991, "Plan Width": 50, "Inner Unique": true, "Plans": [{"Node Type": "Nested Loop", "Parent Relationship": "Outer", "Join Type": "Inner", "Startup Cost": 0.0, "Total Cost": 503283.15, "Plan Rows": 5991, "Plan Width": 28, "Inner Unique": true, "Plans": [{"Node Type": "Nested Loop", "Parent Relationship": "Outer", "Join Type": "Inner", "Startup Cost": 0.0, "Total Cost": 498437.19, "Plan Rows": 17296, "Plan Width": 32, "Inner Unique": false, "Join Filter": "(n1.n_nationkey = customer.c_nationkey)", "Plans": [{"Node Type": "Nested Loop", "Parent Relationship": "Outer", "Join Type": "Inner", "Startup Cost": 0.0, "Total Cost": 491948.63, "Plan Rows": 86479, "Plan Width": 36, "Inner Unique": true, "Plans": [{"Node Type": "Nested Loop", "Parent Relationship": "Outer", "Join Type": "Inner", "Startup Cost": 0.0, "Total Cost": 464497.44, "Plan Rows": 86479, "Plan Width": 40, "Inner Unique": true, "Plans": [{"Node Type": "Nested Loop", "Parent Relationship": "Outer", "Join Type": "Inner", "Startup Cost": 0.0, "Total Cost": 441564.57, "Plan Rows": 74637, "Plan Width": 32, "Inner Unique": false, "Plans": [{"Node Type": "Seq Scan", "Parent Relationship": "Outer", "Relation Name": "part", "Alias": "part", "Startup Cost": 0.0, "Total Cost": 66944.0, "Plan Rows": 13538, "Plan Width": 8, "Filter": "((p_type)::text = 'SMALL PLATED COPPER'::text)"}, {"Node Type": "Index Scan", "Parent Relationship": "Inner", "Scan Direction": "Forward", "Index Name": "idx_lineitem_part_supp", "Relation Name": "lineitem", "Alias": "lineitem", "Startup Cost": 0.0, "Total Cost": 27.61, "Plan Rows": 6, "Plan Width": 40, "Index Cond": "(l_partkey = part.p_partkey)"}]}, {"Node Type": "Index Scan", "Parent Relationship": "Inner", "Scan Direction": "Forward", "Index Name": "orders_pkey", "Relation Name": "orders", "Alias": "orders", "Startup Cost": 0.0, "Total Cost": 0.3, "Plan Rows": 1, "Plan Width": 24, "Index Cond": "(o_orderkey = lineitem.l_orderkey)", "Filter": "((o_orderdate >= '1995-01-01 00:00:00'::timestamp(0) without time zone) AND (o_orderdate <= '1996-12-31 00:00:00'::timestamp(0) without time zone))"}]}, {"Node Type": "Index Scan", "Parent Relationship": "Inner", "Scan Direction": "Forward", "Index Name": "customer_pkey", "Relation Name": "customer", "Alias": "customer", "Startup Cost": 0.0, "Total Cost": 0.31, "Plan Rows": 1, "Plan Width": 12, "Index Cond": "(c_custkey = orders.o_custkey)"}]}, {"Node Type": "Materialize", "Parent Relationship": "Inner", "Startup Cost": 0.0, "Total Cost": 2.65, "Plan Rows": 5, "Plan Width": 4, "Plans": [{"Node Type": "Nested Loop", "Parent Relationship": "Outer", "Join Type": "Inner", "Startup Cost": 0.0, "Total Cost": 2.62, "Plan Rows": 5, "Plan Width": 4, "Inner Unique": false, "Join Filter": "(n1.n_regionkey = region.r_regionkey)", "Plans": [{"Node Type": "Seq Scan", "Parent Relationship": "Outer", "Relation Name": "region", "Alias": "region", "Startup Cost": 0.0, "Total Cost": 1.06, "Plan Rows": 1, "Plan Width": 4, "Filter": "(r_name = 'ASIA'::bpchar)"}, {"Node Type": "Seq Scan", "Parent Relationship": "Inner", "Relation Name": "nation", "Alias": "n1", "Startup Cost": 0.0, "Total Cost": 1.25, "Plan Rows": 25, "Plan Width": 8}]}]}]}, {"Node Type": "Index Scan", "Parent Relationship": "Inner", "Scan Direction": "Forward", "Index Name": "supplier_pkey", "Relation Name": "supplier", "Alias": "supplier", "Startup Cost": 0.0, "Total Cost": 0.27, "Plan Rows": 1, "Plan Width": 12, "Index Cond": "(s_suppkey = lineitem.l_suppkey)"}]}, {"Node Type": "Index Scan", "Parent Relationship": "Inner", "Scan Direction": "Forward", "Index Name": "nation_pkey", "Relation Name": "nation", "Alias": "n2", "Startup Cost": 0.0, "Total Cost": 0.27, "Plan Rows": 1, "Plan Width": 30, "Index Cond": "(n_nationkey = supplier.s_nationkey)"}]}]}]}, "Unique SQL Id": 3681808042, "Planner Runtime": 3}, "explain_analyze_plan": {"Plan": {"Node Type": "Sort", "Startup Cost": 505096.47, "Total Cost": 505096.49, "Plan Rows": 10, "Plan Width": 66, "Actual Startup Time": 7314.626, "Actual Total Time": 7314.626, "Actual Rows": 2, "Actual Loops": 1, "Sort Key": ["(date_part('year'::text, orders.o_orderdate))"], "Sort Method": "quicksort", "Sort Space Used": 25, "Sort Space Type": "Memory", "Plans": [{"Node Type": "Aggregate", "Strategy": "Hashed", "Parent Relationship": "Outer", "Startup Cost": 505096.15, "Total Cost": 505096.3, "Plan Rows": 10, "Plan Width": 66, "Actual Startup Time": 7314.597, "Actual Total Time": 7314.601, "Actual Rows": 2, "Actual Loops": 1, "Group By Key": ["date_part('year'::text, orders.o_orderdate)"], "Plans": [{"Node Type": "Nested Loop", "Parent Relationship": "Outer", "Join Type": "Inner", "Startup Cost": 0.0, "Total Cost": 504976.33, "Plan Rows": 5991, "Plan Width": 50, "Actual Startup Time": 0.509, "Actual Total Time": 7278.082, "Actual Rows": 23929, "Actual Loops": 1, "Inner Unique": true, "Plans": [{"Node Type": "Nested Loop", "Parent Relationship": "Outer", "Join Type": "Inner", "Startup Cost": 0.0, "Total Cost": 503283.15, "Plan Rows": 5991, "Plan Width": 28, "Actual Startup Time": 0.495, "Actual Total Time": 7190.663, "Actual Rows": 23929, "Actual Loops": 1, "Inner Unique": true, "Plans": [{"Node Type": "Nested Loop", "Parent Relationship": "Outer", "Join Type": "Inner", "Startup Cost": 0.0, "Total Cost": 498437.19, "Plan Rows": 17296, "Plan Width": 32, "Actual Startup Time": 0.483, "Actual Total Time": 7008.042, "Actual Rows": 23929, "Actual Loops": 1, "Inner Unique": false, "Join Filter": "(n1.n_nationkey = customer.c_nationkey)", "Rows Removed by Join Filter": 574896, "Plans": [{"Node Type": "Nested Loop", "Parent Relationship": "Outer", "Join Type": "Inner", "Startup Cost": 0.0, "Total Cost": 491948.63, "Plan Rows": 86479, "Plan Width": 36, "Actual Startup Time": 0.229, "Actual Total Time": 6792.302, "Actual Rows": 119765, "Actual Loops": 1, "Inner Unique": true, "Plans": [{"Node Type": "Nested Loop", "Parent Relationship": "Outer", "Join Type": "Inner", "Startup Cost": 0.0, "Total Cost": 464497.44, "Plan Rows": 86479, "Plan Width": 40, "Actual Startup Time": 0.214, "Actual Total Time": 5746.479, "Actual Rows": 119765, "Actual Loops": 1, "Inner Unique": true, "Plans": [{"Node Type": "Nested Loop", "Parent Relationship": "Outer", "Join Type": "Inner", "Startup Cost": 0.0, "Total Cost": 441564.57, "Plan Rows": 74637, "Plan Width": 32, "Actual Startup Time": 0.054, "Actual Total Time": 2070.092, "Actual Rows": 395341, "Actual Loops": 1, "Inner Unique": false, "Plans": [{"Node Type": "Seq Scan", "Parent Relationship": "Outer", "Relation Name": "part", "Alias": "part", "Startup Cost": 0.0, "Total Cost": 66944.0, "Plan Rows": 13538, "Plan Width": 8, "Actual Startup Time": 0.026, "Actual Total Time": 786.655, "Actual Rows": 13163, "Actual Loops": 1, "Filter": "((p_type)::text = 'SMALL PLATED COPPER'::text)", "Rows Removed by Filter": 1986837}, {"Node Type": "Index Scan", "Parent Relationship": "Inner", "Scan Direction": "Forward", "Index Name": "idx_lineitem_part_supp", "Relation Name": "lineitem", "Alias": "lineitem", "Startup Cost": 0.0, "Total Cost": 27.61, "Plan Rows": 6, "Plan Width": 40, "Actual Startup Time": 162.315, "Actual Total Time": 1179.492, "Actual Rows": 395341, "Actual Loops": 13163, "Index Cond": "(l_partkey = part.p_partkey)", "Rows Removed by Index Recheck": 0}]}, {"Node Type": "Index Scan", "Parent Relationship": "Inner", "Scan Direction": "Forward", "Index Name": "orders_pkey", "Relation Name": "orders", "Alias": "orders", "Startup Cost": 0.0, "Total Cost": 0.3, "Plan Rows": 1, "Plan Width": 24, "Actual Startup Time": 3432.033, "Actual Total Time": 3432.033, "Actual Rows": 119765, "Actual Loops": 395341, "Index Cond": "(o_orderkey = lineitem.l_orderkey)", "Rows Removed by Index Recheck": 0, "Filter": "((o_orderdate >= '1995-01-01 00:00:00'::timestamp(0) without time zone) AND (o_orderdate <= '1996-12-31 00:00:00'::timestamp(0) without time zone))", "Rows Removed by Filter": 275576}]}, {"Node Type": "Index Scan", "Parent Relationship": "Inner", "Scan Direction": "Forward", "Index Name": "customer_pkey", "Relation Name": "customer", "Alias": "customer", "Startup Cost": 0.0, "Total Cost": 0.31, "Plan Rows": 1, "Plan Width": 12, "Actual Startup Time": 936.558, "Actual Total Time": 936.558, "Actual Rows": 119765, "Actual Loops": 119765, "Index Cond": "(c_custkey = orders.o_custkey)", "Rows Removed by Index Recheck": 0}]}, {"Node Type": "Materialize", "Parent Relationship": "Inner", "Startup Cost": 0.0, "Total Cost": 2.65, "Plan Rows": 5, "Plan Width": 4, "Actual Startup Time": 12.277, "Actual Total Time": 64.247, "Actual Rows": 598825, "Actual Loops": 119765, "Plans": [{"Node Type": "Nested Loop", "Parent Relationship": "Outer", "Join Type": "Inner", "Startup Cost": 0.0, "Total Cost": 2.62, "Plan Rows": 5, "Plan Width": 4, "Actual Startup Time": 0.03, "Actual Total Time": 0.038, "Actual Rows": 5, "Actual Loops": 1, "Inner Unique": false, "Join Filter": "(n1.n_regionkey = region.r_regionkey)", "Rows Removed by Join Filter": 20, "Plans": [{"Node Type": "Seq Scan", "Parent Relationship": "Outer", "Relation Name": "region", "Alias": "region", "Startup Cost": 0.0, "Total Cost": 1.06, "Plan Rows": 1, "Plan Width": 4, "Actual Startup Time": 0.009, "Actual Total Time": 0.011, "Actual Rows": 1, "Actual Loops": 1, "Filter": "(r_name = 'ASIA'::bpchar)", "Rows Removed by Filter": 4}, {"Node Type": "Seq Scan", "Parent Relationship": "Inner", "Relation Name": "nation", "Alias": "n1", "Startup Cost": 0.0, "Total Cost": 1.25, "Plan Rows": 25, "Plan Width": 8, "Actual Startup Time": 0.013, "Actual Total Time": 0.017, "Actual Rows": 25, "Actual Loops": 1}]}]}]}, {"Node Type": "Index Scan", "Parent Relationship": "Inner", "Scan Direction": "Forward", "Index Name": "supplier_pkey", "Relation Name": "supplier", "Alias": "supplier", "Startup Cost": 0.0, "Total Cost": 0.27, "Plan Rows": 1, "Plan Width": 12, "Actual Startup Time": 152.595, "Actual Total Time": 152.595, "Actual Rows": 23929, "Actual Loops": 23929, "Index Cond": "(s_suppkey = lineitem.l_suppkey)", "Rows Removed by Index Recheck": 0}]}, {"Node Type": "Index Scan", "Parent Relationship": "Inner", "Scan Direction": "Forward", "Index Name": "nation_pkey", "Relation Name": "nation", "Alias": "n2", "Startup Cost": 0.0, "Total Cost": 0.27, "Plan Rows": 1, "Plan Width": 30, "Actual Startup Time": 41.305, "Actual Total Time": 41.305, "Actual Rows": 23929, "Actual Loops": 23929, "Index Cond": "(n_nationkey = supplier.s_nationkey)", "Rows Removed by Index Recheck": 0}]}]}]}, "Triggers": [], "Planner Runtime": 3, "Total Runtime": 7315.049, "Unique SQL Id": 3681808042}}, "(64, 121)": {"explain_plan": {"Plan": {"Node Type": "Sort", "Startup Cost": 543973.83, "Total Cost": 543973.85, "Plan Rows": 10, "Plan Width": 66, "Sort Key": ["(date_part('year'::text, orders.o_orderdate))"], "Plans": [{"Node Type": "Aggregate", "Strategy": "Hashed", "Parent Relationship": "Outer", "Startup Cost": 543973.51, "Total Cost": 543973.66, "Plan Rows": 10, "Plan Width": 66, "Group By Key": ["date_part('year'::text, orders.o_orderdate)"], "Plans": [{"Node Type": "Nested Loop", "Parent Relationship": "Outer", "Join Type": "Inner", "Startup Cost": 0.0, "Total Cost": 543853.69, "Plan Rows": 5991, "Plan Width": 50, "Inner Unique": true, "Plans": [{"Node Type": "Nested Loop", "Parent Relationship": "Outer", "Join Type": "Inner", "Startup Cost": 0.0, "Total Cost": 542160.52, "Plan Rows": 5991, "Plan Width": 28, "Inner Unique": true, "Plans": [{"Node Type": "Nested Loop", "Parent Relationship": "Outer", "Join Type": "Inner", "Startup Cost": 0.0, "Total Cost": 537314.56, "Plan Rows": 17296, "Plan Width": 32, "Inner Unique": false, "Join Filter": "(n1.n_nationkey = customer.c_nationkey)", "Plans": [{"Node Type": "Nested Loop", "Parent Relationship": "Outer", "Join Type": "Inner", "Startup Cost": 0.0, "Total Cost": 530807.88, "Plan Rows": 86479, "Plan Width": 36, "Inner Unique": true, "Plans": [{"Node Type": "Nested Loop", "Parent Relationship": "Outer", "Join Type": "Inner", "Startup Cost": 0.0, "Total Cost": 503356.69, "Plan Rows": 86479, "Plan Width": 40, "Inner Unique": true, "Plans": [{"Node Type": "Nested Loop", "Parent Relationship": "Outer", "Join Type": "Inner", "Startup Cost": 0.0, "Total Cost": 480423.82, "Plan Rows": 74637, "Plan Width": 32, "Inner Unique": false, "Plans": [{"Node Type": "Index Scan", "Parent Relationship": "Outer", "Scan Direction": "Forward", "Index Name": "part_kpey", "Relation Name": "part", "Alias": "part", "Startup Cost": 0.0, "Total Cost": 105803.25, "Plan Rows": 13538, "Plan Width": 8, "Filter": "((p_type)::text = 'SMALL PLATED COPPER'::text)"}, {"Node Type": "Index Scan", "Parent Relationship": "Inner", "Scan Direction": "Forward", "Index Name": "idx_lineitem_part_supp", "Relation Name": "lineitem", "Alias": "lineitem", "Startup Cost": 0.0, "Total Cost": 27.61, "Plan Rows": 6, "Plan Width": 40, "Index Cond": "(l_partkey = part.p_partkey)"}]}, {"Node Type": "Index Scan", "Parent Relationship": "Inner", "Scan Direction": "Forward", "Index Name": "orders_pkey", "Relation Name": "orders", "Alias": "orders", "Startup Cost": 0.0, "Total Cost": 0.3, "Plan Rows": 1, "Plan Width": 24, "Index Cond": "(o_orderkey = lineitem.l_orderkey)", "Filter": "((o_orderdate >= '1995-01-01 00:00:00'::timestamp(0) without time zone) AND (o_orderdate <= '1996-12-31 00:00:00'::timestamp(0) without time zone))"}]}, {"Node Type": "Index Scan", "Parent Relationship": "Inner", "Scan Direction": "Forward", "Index Name": "customer_pkey", "Relation Name": "customer", "Alias": "customer", "Startup Cost": 0.0, "Total Cost": 0.31, "Plan Rows": 1, "Plan Width": 12, "Index Cond": "(c_custkey = orders.o_custkey)"}]}, {"Node Type": "Materialize", "Parent Relationship": "Inner", "Startup Cost": 0.0, "Total Cost": 20.76, "Plan Rows": 5, "Plan Width": 4, "Plans": [{"Node Type": "Nested Loop", "Parent Relationship": "Outer", "Join Type": "Inner", "Startup Cost": 0.0, "Total Cost": 20.74, "Plan Rows": 5, "Plan Width": 4, "Inner Unique": false, "Plans": [{"Node Type": "Index Scan", "Parent Relationship": "Outer", "Scan Direction": "Forward", "Index Name": "region_pkey", "Relation Name": "region", "Alias": "region", "Startup Cost": 0.0, "Total Cost": 12.34, "Plan Rows": 1, "Plan Width": 4, "Filter": "(r_name = 'ASIA'::bpchar)"}, {"Node Type": "Index Scan", "Parent Relationship": "Inner", "Scan Direction": "Forward", "Index Name": "idx_nation_regionkey", "Relation Name": "nation", "Alias": "n1", "Startup Cost": 0.0, "Total Cost": 8.35, "Plan Rows": 5, "Plan Width": 8, "Index Cond": "(n_regionkey = region.r_regionkey)"}]}]}]}, {"Node Type": "Index Scan", "Parent Relationship": "Inner", "Scan Direction": "Forward", "Index Name": "supplier_pkey", "Relation Name": "supplier", "Alias": "supplier", "Startup Cost": 0.0, "Total Cost": 0.27, "Plan Rows": 1, "Plan Width": 12, "Index Cond": "(s_suppkey = lineitem.l_suppkey)"}]}, {"Node Type": "Index Scan", "Parent Relationship": "Inner", "Scan Direction": "Forward", "Index Name": "nation_pkey", "Relation Name": "nation", "Alias": "n2", "Startup Cost": 0.0, "Total Cost": 0.27, "Plan Rows": 1, "Plan Width": 30, "Index Cond": "(n_nationkey = supplier.s_nationkey)"}]}]}]}, "Unique SQL Id": 3681808042, "Planner Runtime": 2}, "explain_analyze_plan": {"Plan": {"Node Type": "Sort", "Startup Cost": 543973.83, "Total Cost": 543973.85, "Plan Rows": 10, "Plan Width": 66, "Actual Startup Time": 7100.372, "Actual Total Time": 7100.372, "Actual Rows": 2, "Actual Loops": 1, "Sort Key": ["(date_part('year'::text, orders.o_orderdate))"], "Sort Method": "quicksort", "Sort Space Used": 25, "Sort Space Type": "Memory", "Plans": [{"Node Type": "Aggregate", "Strategy": "Hashed", "Parent Relationship": "Outer", "Startup Cost": 543973.51, "Total Cost": 543973.66, "Plan Rows": 10, "Plan Width": 66, "Actual Startup Time": 7100.352, "Actual Total Time": 7100.353, "Actual Rows": 2, "Actual Loops": 1, "Group By Key": ["date_part('year'::text, orders.o_orderdate)"], "Plans": [{"Node Type": "Nested Loop", "Parent Relationship": "Outer", "Join Type": "Inner", "Startup Cost": 0.0, "Total Cost": 543853.69, "Plan Rows": 5991, "Plan Width": 50, "Actual Startup Time": 0.473, "Actual Total Time": 7059.063, "Actual Rows": 23929, "Actual Loops": 1, "Inner Unique": true, "Plans": [{"Node Type": "Nested Loop", "Parent Relationship": "Outer", "Join Type": "Inner", "Startup Cost": 0.0, "Total Cost": 542160.52, "Plan Rows": 5991, "Plan Width": 28, "Actual Startup Time": 0.459, "Actual Total Time": 6967.882, "Actual Rows": 23929, "Actual Loops": 1, "Inner Unique": true, "Plans": [{"Node Type": "Nested Loop", "Parent Relationship": "Outer", "Join Type": "Inner", "Startup Cost": 0.0, "Total Cost": 537314.56, "Plan Rows": 17296, "Plan Width": 32, "Actual Startup Time": 0.446, "Actual Total Time": 6815.141, "Actual Rows": 23929, "Actual Loops": 1, "Inner Unique": false, "Join Filter": "(n1.n_nationkey = customer.c_nationkey)", "Rows Removed by Join Filter": 574896, "Plans": [{"Node Type": "Nested Loop", "Parent Relationship": "Outer", "Join Type": "Inner", "Startup Cost": 0.0, "Total Cost": 530807.88, "Plan Rows": 86479, "Plan Width": 36, "Actual Startup Time": 0.226, "Actual Total Time": 6596.471, "Actual Rows": 119765, "Actual Loops": 1, "Inner Unique": true, "Plans": [{"Node Type": "Nested Loop", "Parent Relationship": "Outer", "Join Type": "Inner", "Startup Cost": 0.0, "Total Cost": 503356.69, "Plan Rows": 86479, "Plan Width": 40, "Actual Startup Time": 0.209, "Actual Total Time": 5745.029, "Actual Rows": 119765, "Actual Loops": 1, "Inner Unique": true, "Plans": [{"Node Type": "Nested Loop", "Parent Relationship": "Outer", "Join Type": "Inner", "Startup Cost": 0.0, "Total Cost": 480423.82, "Plan Rows": 74637, "Plan Width": 32, "Actual Startup Time": 0.074, "Actual Total Time": 2567.575, "Actual Rows": 395341, "Actual Loops": 1, "Inner Unique": false, "Plans": [{"Node Type": "Index Scan", "Parent Relationship": "Outer", "Scan Direction": "Forward", "Index Name": "part_kpey", "Relation Name": "part", "Alias": "part", "Startup Cost": 0.0, "Total Cost": 105803.25, "Plan Rows": 13538, "Plan Width": 8, "Actual Startup Time": 0.047, "Actual Total Time": 1352.105, "Actual Rows": 13163, "Actual Loops": 1, "Filter": "((p_type)::text = 'SMALL PLATED COPPER'::text)", "Rows Removed by Filter": 1986837}, {"Node Type": "Index Scan", "Parent Relationship": "Inner", "Scan Direction": "Forward", "Index Name": "idx_lineitem_part_supp", "Relation Name": "lineitem", "Alias": "lineitem", "Startup Cost": 0.0, "Total Cost": 27.61, "Plan Rows": 6, "Plan Width": 40, "Actual Startup Time": 144.181, "Actual Total Time": 1108.152, "Actual Rows": 395341, "Actual Loops": 13163, "Index Cond": "(l_partkey = part.p_partkey)", "Rows Removed by Index Recheck": 0}]}, {"Node Type": "Index Scan", "Parent Relationship": "Inner", "Scan Direction": "Forward", "Index Name": "orders_pkey", "Relation Name": "orders", "Alias": "orders", "Startup Cost": 0.0, "Total Cost": 0.3, "Plan Rows": 1, "Plan Width": 24, "Actual Startup Time": 2929.821, "Actual Total Time": 2929.821, "Actual Rows": 119765, "Actual Loops": 395341, "Index Cond": "(o_orderkey = lineitem.l_orderkey)", "Rows Removed by Index Recheck": 0, "Filter": "((o_orderdate >= '1995-01-01 00:00:00'::timestamp(0) without time zone) AND (o_orderdate <= '1996-12-31 00:00:00'::timestamp(0) without time zone))", "Rows Removed by Filter": 275576}]}, {"Node Type": "Index Scan", "Parent Relationship": "Inner", "Scan Direction": "Forward", "Index Name": "customer_pkey", "Relation Name": "customer", "Alias": "customer", "Startup Cost": 0.0, "Total Cost": 0.31, "Plan Rows": 1, "Plan Width": 12, "Actual Startup Time": 737.554, "Actual Total Time": 737.554, "Actual Rows": 119765, "Actual Loops": 119765, "Index Cond": "(c_custkey = orders.o_custkey)", "Rows Removed by Index Recheck": 0}]}, {"Node Type": "Materialize", "Parent Relationship": "Inner", "Startup Cost": 0.0, "Total Cost": 20.76, "Plan Rows": 5, "Plan Width": 4, "Actual Startup Time": 12.647, "Actual Total Time": 64.64, "Actual Rows": 598825, "Actual Loops": 119765, "Plans": [{"Node Type": "Nested Loop", "Parent Relationship": "Outer", "Join Type": "Inner", "Startup Cost": 0.0, "Total Cost": 20.74, "Plan Rows": 5, "Plan Width": 4, "Actual Startup Time": 0.018, "Actual Total Time": 0.024, "Actual Rows": 5, "Actual Loops": 1, "Inner Unique": false, "Plans": [{"Node Type": "Index Scan", "Parent Relationship": "Outer", "Scan Direction": "Forward", "Index Name": "region_pkey", "Relation Name": "region", "Alias": "region", "Startup Cost": 0.0, "Total Cost": 12.34, "Plan Rows": 1, "Plan Width": 4, "Actual Startup Time": 0.01, "Actual Total Time": 0.011, "Actual Rows": 1, "Actual Loops": 1, "Filter": "(r_name = 'ASIA'::bpchar)", "Rows Removed by Filter": 4}, {"Node Type": "Index Scan", "Parent Relationship": "Inner", "Scan Direction": "Forward", "Index Name": "idx_nation_regionkey", "Relation Name": "nation", "Alias": "n1", "Startup Cost": 0.0, "Total Cost": 8.35, "Plan Rows": 5, "Plan Width": 8, "Actual Startup Time": 0.007, "Actual Total Time": 0.01, "Actual Rows": 5, "Actual Loops": 1, "Index Cond": "(n_regionkey = region.r_regionkey)", "Rows Removed by Index Recheck": 0}]}]}]}, {"Node Type": "Index Scan", "Parent Relationship": "Inner", "Scan Direction": "Forward", "Index Name": "supplier_pkey", "Relation Name": "supplier", "Alias": "supplier", "Startup Cost": 0.0, "Total Cost": 0.27, "Plan Rows": 1, "Plan Width": 12, "Actual Startup Time": 118.401, "Actual Total Time": 118.401, "Actual Rows": 23929, "Actual Loops": 23929, "Index Cond": "(s_suppkey = lineitem.l_suppkey)", "Rows Removed by Index Recheck": 0}]}, {"Node Type": "Index Scan", "Parent Relationship": "Inner", "Scan Direction": "Forward", "Index Name": "nation_pkey", "Relation Name": "nation", "Alias": "n2", "Startup Cost": 0.0, "Total Cost": 0.27, "Plan Rows": 1, "Plan Width": 30, "Actual Startup Time": 41.586, "Actual Total Time": 41.586, "Actual Rows": 23929, "Actual Loops": 23929, "Index Cond": "(n_nationkey = supplier.s_nationkey)", "Rows Removed by Index Recheck": 0}]}]}]}, "Triggers": [], "Planner Runtime": 2, "Total Runtime": 7100.698, "Unique SQL Id": 3681808042}}, "(64, 122)": {"explain_plan": {"Plan": {"Node Type": "Sort", "Startup Cost": 17600453906.22, "Total Cost": 17600453906.25, "Plan Rows": 10, "Plan Width": 66, "Sort Key": ["(date_part('year'::text, orders.o_orderdate))"], "Plans": [{"Node Type": "Aggregate", "Strategy": "Hashed", "Parent Relationship": "Outer", "Startup Cost": 17600453905.91, "Total Cost": 17600453906.06, "Plan Rows": 10, "Plan Width": 66, "Group By Key": ["date_part('year'::text, orders.o_orderdate)"], "Plans": [{"Node Type": "Nested Loop", "Parent Relationship": "Outer", "Join Type": "Inner", "Startup Cost": 195.31, "Total Cost": 17600453786.09, "Plan Rows": 5991, "Plan Width": 50, "Inner Unique": true, "Join Filter": "(supplier.s_nationkey = n2.n_nationkey)", "Plans": [{"Node Type": "Nested Loop", "Parent Relationship": "Outer", "Join Type": "Inner", "Startup Cost": 195.31, "Total Cost": 17600451523.17, "Plan Rows": 5991, "Plan Width": 28, "Inner Unique": false, "Join Filter": "(customer.c_custkey = orders.o_custkey)", "Plans": [{"Node Type": "Nested Loop", "Parent Relationship": "Outer", "Join Type": "Inner", "Startup Cost": 0.0, "Total Cost": 164628.64, "Plan Rows": 300000, "Plan Width": 8, "Inner Unique": false, "Join Filter": "(n1.n_nationkey = customer.c_nationkey), (LLVM Optimized)", "Plans": [{"Node Type": "Seq Scan", "Parent Relationship": "Outer", "Relation Name": "customer", "Alias": "customer", "Startup Cost": 0.0, "Total Cost": 52126.0, "Plan Rows": 1500000, "Plan Width": 12}, {"Node Type": "Materialize", "Parent Relationship": "Inner", "Startup Cost": 0.0, "Total Cost": 2.65, "Plan Rows": 5, "Plan Width": 4, "Plans": [{"Node Type": "Nested Loop", "Parent Relationship": "Outer", "Join Type": "Inner", "Startup Cost": 0.0, "Total Cost": 2.62, "Plan Rows": 5, "Plan Width": 4, "Inner Unique": false, "Join Filter": "(n1.n_regionkey = region.r_regionkey)", "Plans": [{"Node Type": "Seq Scan", "Parent Relationship": "Outer", "Relation Name": "region", "Alias": "region", "Startup Cost": 0.0, "Total Cost": 1.06, "Plan Rows": 1, "Plan Width": 4, "Filter": "(r_name = 'ASIA'::bpchar)"}, {"Node Type": "Seq Scan", "Parent Relationship": "Inner", "Relation Name": "nation", "Alias": "n1", "Startup Cost": 0.0, "Total Cost": 1.25, "Plan Rows": 25, "Plan Width": 8}]}]}]}, {"Node Type": "Materialize", "Parent Relationship": "Inner", "Startup Cost": 195.31, "Total Cost": 17369896022.53, "Plan Rows": 51198, "Plan Width": 36, "Plans": [{"Node Type": "Nested Loop", "Parent Relationship": "Outer", "Join Type": "Inner", "Startup Cost": 195.31, "Total Cost": 17369895766.54, "Plan Rows": 51198, "Plan Width": 36, "Inner Unique": false, "Join Filter": "(lineitem.l_orderkey = orders.o_orderkey)", "Plans": [{"Node Type": "Seq Scan", "Parent Relationship": "Outer", "Relation Name": "orders", "Alias": "orders", "Startup Cost": 195.31, "Total Cost": 501411.18, "Plan Rows": 4531967, "Plan Width": 24, "Filter": "((o_orderdate >= '1995-01-01 00:00:00'::timestamp(0) without time zone) AND (o_orderdate <= '1996-12-31 00:00:00'::timestamp(0) without time zone)), (LLVM Optimized)"}, {"Node Type": "Materialize", "Parent Relationship": "Inner", "Startup Cost": 0.0, "Total Cost": 12295608227.26, "Plan Rows": 74637, "Plan Width": 28, "Plans": [{"Node Type": "Nested Loop", "Parent Relationship": "Outer", "Join Type": "Inner", "Startup Cost": 0.0, "Total Cost": 12295607854.08, "Plan Rows": 74637, "Plan Width": 28, "Inner Unique": false, "Join Filter": "(lineitem.l_suppkey = supplier.s_suppkey)", "Plans": [{"Node Type": "Seq Scan", "Parent Relationship": "Outer", "Relation Name": "supplier", "Alias": "supplier", "Startup Cost": 0.0, "Total Cost": 3283.0, "Plan Rows": 100000, "Plan Width": 12}, {"Node Type": "Materialize", "Parent Relationship": "Inner", "Startup Cost": 0.0, "Total Cost": 12183649257.67, "Plan Rows": 74637, "Plan Width": 32, "Plans": [{"Node Type": "Nested Loop", "Parent Relationship": "Outer", "Join Type": "Inner", "Startup Cost": 0.0, "Total Cost": 12183648884.49, "Plan Rows": 74637, "Plan Width": 32, "Inner Unique": true, "Join Filter": "(part.p_partkey = lineitem.l_partkey)", "Plans": [{"Node Type": "Seq Scan", "Parent Relationship": "Outer", "Relation Name": "lineitem", "Alias": "lineitem", "Startup Cost": 0.0, "Total Cost": 2015115.33, "Plan Rows": 59987033, "Plan Width": 40}, {"Node Type": "Materialize", "Parent Relationship": "Inner", "Startup Cost": 0.0, "Total Cost": 67011.69, "Plan Rows": 13538, "Plan Width": 8, "Plans": [{"Node Type": "Seq Scan", "Parent Relationship": "Outer", "Relation Name": "part", "Alias": "part", "Startup Cost": 0.0, "Total Cost": 66944.0, "Plan Rows": 13538, "Plan Width": 8, "Filter": "((p_type)::text = 'SMALL PLATED COPPER'::text)"}]}]}]}]}]}]}]}]}, {"Node Type": "Materialize", "Parent Relationship": "Inner", "Startup Cost": 0.0, "Total Cost": 1.38, "Plan Rows": 25, "Plan Width": 30, "Plans": [{"Node Type": "Seq Scan", "Parent Relationship": "Outer", "Relation Name": "nation", "Alias": "n2", "Startup Cost": 0.0, "Total Cost": 1.25, "Plan Rows": 25, "Plan Width": 30}]}]}]}]}, "Unique SQL Id": 3681808042, "Planner Runtime": 2}, "explain_analyze_plan": null}, "(64, 123)": {"explain_plan": {"Plan": {"Node Type": "Sort", "Startup Cost": 8018022317922.2, "Total Cost": 8018022317922.22, "Plan Rows": 10, "Plan Width": 66, "Sort Key": ["(date_part('year'::text, orders.o_orderdate))"], "Plans": [{"Node Type": "Aggregate", "Strategy": "Hashed", "Parent Relationship": "Outer", "Startup Cost": 8018022317921.88, "Total Cost": 8018022317922.03, "Plan Rows": 10, "Plan Width": 66, "Group By Key": ["date_part('year'::text, orders.o_orderdate)"], "Plans": [{"Node Type": "Nested Loop", "Parent Relationship": "Outer", "Join Type": "Inner", "Startup Cost": 80000000000.0, "Total Cost": 8018022317802.06, "Plan Rows": 5991, "Plan Width": 50, "Inner Unique": true, "Join Filter": "(supplier.s_nationkey = n2.n_nationkey)", "Plans": [{"Node Type": "Nested Loop", "Parent Relationship": "Outer", "Join Type": "Inner", "Startup Cost": 70000000000.0, "Total Cost": 7018022314277.89, "Plan Rows": 5991, "Plan Width": 28, "Inner Unique": false, "Join Filter": "(customer.c_custkey = orders.o_custkey)", "Plans": [{"Node Type": "Nested Loop", "Parent Relationship": "Outer", "Join Type": "Inner", "Startup Cost": 40000000000.0, "Total Cost": 4017783730995.63, "Plan Rows": 51198, "Plan Width": 36, "Inner Unique": true, "Join Filter": "(lineitem.l_orderkey = orders.o_orderkey)", "Plans": [{"Node Type": "Nested Loop", "Parent Relationship": "Outer", "Join Type": "Inner", "Startup Cost": 30000000000.0, "Total Cost": 3012629335768.03, "Plan Rows": 74637, "Plan Width": 28, "Inner Unique": false, "Join Filter": "(lineitem.l_suppkey = supplier.s_suppkey)", "Plans": [{"Node Type": "Index Scan", "Parent Relationship": "Outer", "Scan Direction": "Forward", "Index Name": "idx_supplier_nation_key", "Relation Name": "supplier", "Alias": "supplier", "Startup Cost": 10000000000.0, "Total Cost": 1000001217556.78, "Plan Rows": 100000, "Plan Width": 12}, {"Node Type": "Materialize", "Parent Relationship": "Inner", "Startup Cost": 20000000000.0, "Total Cost": 2012516162897.84, "Plan Rows": 74637, "Plan Width": 32, "Plans": [{"Node Type": "Nested Loop", "Parent Relationship": "Outer", "Join Type": "Inner", "Startup Cost": 20000000000.0, "Total Cost": 2012516162524.66, "Plan Rows": 74637, "Plan Width": 32, "Inner Unique": true, "Join Filter": "(part.p_partkey = lineitem.l_partkey)", "Plans": [{"Node Type": "Index Scan", "Parent Relationship": "Outer", "Scan Direction": "Forward", "Index Name": "idx_lineitem_orderkey", "Relation Name": "lineitem", "Alias": "lineitem", "Startup Cost": 10000000000.0, "Total Cost": 1000324015374.5, "Plan Rows": 59987033, "Plan Width": 40}, {"Node Type": "Materialize", "Parent Relationship": "Inner", "Startup Cost": 10000000000.0, "Total Cost": 1000010580392.69, "Plan Rows": 13538, "Plan Width": 8, "Plans": [{"Node Type": "Index Scan", "Parent Relationship": "Outer", "Scan Direction": "Forward", "Index Name": "part_kpey", "Relation Name": "part", "Alias": "part", "Startup Cost": 10000000000.0, "Total Cost": 1000010580325.0, "Plan Rows": 13538, "Plan Width": 8, "Filter": "((p_type)::text = 'SMALL PLATED COPPER'::text)"}]}]}]}]}, {"Node Type": "Materialize", "Parent Relationship": "Inner", "Startup Cost": 10000000000.0, "Total Cost": 1000080620242.83, "Plan Rows": 4531967, "Plan Width": 24, "Plans": [{"Node Type": "Index Scan", "Parent Relationship": "Outer", "Scan Direction": "Forward", "Index Name": "orders_pkey", "Relation Name": "orders", "Alias": "orders", "Startup Cost": 10000000000.0, "Total Cost": 1000080597583.0, "Plan Rows": 4531967, "Plan Width": 24, "Filter": "((o_orderdate >= '1995-01-01 00:00:00'::timestamp(0) without time zone) AND (o_orderdate <= '1996-12-31 00:00:00'::timestamp(0) without time zone)), (LLVM Optimized)"}]}]}, {"Node Type": "Materialize", "Parent Relationship": "Inner", "Startup Cost": 30000000000.0, "Total Cost": 3000008193032.26, "Plan Rows": 300000, "Plan Width": 8, "Plans": [{"Node Type": "Nested Loop", "Parent Relationship": "Outer", "Join Type": "Inner", "Startup Cost": 30000000000.0, "Total Cost": 3000008191532.26, "Plan Rows": 300000, "Plan Width": 8, "Inner Unique": false, "Join Filter": "(n1.n_nationkey = customer.c_nationkey), (LLVM Optimized)", "Plans": [{"Node Type": "Index Scan", "Parent Relationship": "Outer", "Scan Direction": "Forward", "Index Name": "customer_pkey", "Relation Name": "customer", "Alias": "customer", "Startup Cost": 10000000000.0, "Total Cost": 1000008076535.62, "Plan Rows": 1500000, "Plan Width": 12}, {"Node Type": "Materialize", "Parent Relationship": "Inner", "Startup Cost": 20000000000.0, "Total Cost": 2000000002496.65, "Plan Rows": 5, "Plan Width": 4, "Plans": [{"Node Type": "Nested Loop", "Parent Relationship": "Outer", "Join Type": "Inner", "Startup Cost": 20000000000.0, "Total Cost": 2000000002496.63, "Plan Rows": 5, "Plan Width": 4, "Inner Unique": true, "Join Filter": "(n1.n_regionkey = region.r_regionkey)", "Plans": [{"Node Type": "Index Scan", "Parent Relationship": "Outer", "Scan Direction": "Forward", "Index Name": "nation_pkey", "Relation Name": "nation", "Alias": "n1", "Startup Cost": 10000000000.0, "Total Cost": 1000000001262.5, "Plan Rows": 25, "Plan Width": 8}, {"Node Type": "Materialize", "Parent Relationship": "Inner", "Startup Cost": 10000000000.0, "Total Cost": 1000000001233.76, "Plan Rows": 1, "Plan Width": 4, "Plans": [{"Node Type": "Index Scan", "Parent Relationship": "Outer", "Scan Direction": "Forward", "Index Name": "region_pkey", "Relation Name": "region", "Alias": "region", "Startup Cost": 10000000000.0, "Total Cost": 1000000001233.75, "Plan Rows": 1, "Plan Width": 4, "Filter": "(r_name = 'ASIA'::bpchar)"}]}]}]}]}]}]}, {"Node Type": "Materialize", "Parent Relationship": "Inner", "Startup Cost": 10000000000.0, "Total Cost": 1000000001262.62, "Plan Rows": 25, "Plan Width": 30, "Plans": [{"Node Type": "Index Scan", "Parent Relationship": "Outer", "Scan Direction": "Forward", "Index Name": "nation_pkey", "Relation Name": "nation", "Alias": "n2", "Startup Cost": 10000000000.0, "Total Cost": 1000000001262.5, "Plan Rows": 25, "Plan Width": 30}]}]}]}]}, "Unique SQL Id": 3681808042, "Planner Runtime": 2}, "explain_analyze_plan": null}, "(64, 124)": {"explain_plan": {"Plan": {"Node Type": "Sort", "Startup Cost": 505096.47, "Total Cost": 505096.49, "Plan Rows": 10, "Plan Width": 66, "Sort Key": ["(date_part('year'::text, orders.o_orderdate))"], "Plans": [{"Node Type": "Aggregate", "Strategy": "Hashed", "Parent Relationship": "Outer", "Startup Cost": 505096.15, "Total Cost": 505096.3, "Plan Rows": 10, "Plan Width": 66, "Group By Key": ["date_part('year'::text, orders.o_orderdate)"], "Plans": [{"Node Type": "Nested Loop", "Parent Relationship": "Outer", "Join Type": "Inner", "Startup Cost": 0.0, "Total Cost": 504976.33, "Plan Rows": 5991, "Plan Width": 50, "Inner Unique": true, "Plans": [{"Node Type": "Nested Loop", "Parent Relationship": "Outer", "Join Type": "Inner", "Startup Cost": 0.0, "Total Cost": 503283.15, "Plan Rows": 5991, "Plan Width": 28, "Inner Unique": true, "Plans": [{"Node Type": "Nested Loop", "Parent Relationship": "Outer", "Join Type": "Inner", "Startup Cost": 0.0, "Total Cost": 498437.19, "Plan Rows": 17296, "Plan Width": 32, "Inner Unique": false, "Join Filter": "(n1.n_nationkey = customer.c_nationkey)", "Plans": [{"Node Type": "Nested Loop", "Parent Relationship": "Outer", "Join Type": "Inner", "Startup Cost": 0.0, "Total Cost": 491948.63, "Plan Rows": 86479, "Plan Width": 36, "Inner Unique": true, "Plans": [{"Node Type": "Nested Loop", "Parent Relationship": "Outer", "Join Type": "Inner", "Startup Cost": 0.0, "Total Cost": 464497.44, "Plan Rows": 86479, "Plan Width": 40, "Inner Unique": true, "Plans": [{"Node Type": "Nested Loop", "Parent Relationship": "Outer", "Join Type": "Inner", "Startup Cost": 0.0, "Total Cost": 441564.57, "Plan Rows": 74637, "Plan Width": 32, "Inner Unique": false, "Plans": [{"Node Type": "Seq Scan", "Parent Relationship": "Outer", "Relation Name": "part", "Alias": "part", "Startup Cost": 0.0, "Total Cost": 66944.0, "Plan Rows": 13538, "Plan Width": 8, "Filter": "((p_type)::text = 'SMALL PLATED COPPER'::text)"}, {"Node Type": "Index Scan", "Parent Relationship": "Inner", "Scan Direction": "Forward", "Index Name": "idx_lineitem_part_supp", "Relation Name": "lineitem", "Alias": "lineitem", "Startup Cost": 0.0, "Total Cost": 27.61, "Plan Rows": 6, "Plan Width": 40, "Index Cond": "(l_partkey = part.p_partkey)"}]}, {"Node Type": "Index Scan", "Parent Relationship": "Inner", "Scan Direction": "Forward", "Index Name": "orders_pkey", "Relation Name": "orders", "Alias": "orders", "Startup Cost": 0.0, "Total Cost": 0.3, "Plan Rows": 1, "Plan Width": 24, "Index Cond": "(o_orderkey = lineitem.l_orderkey)", "Filter": "((o_orderdate >= '1995-01-01 00:00:00'::timestamp(0) without time zone) AND (o_orderdate <= '1996-12-31 00:00:00'::timestamp(0) without time zone))"}]}, {"Node Type": "Index Scan", "Parent Relationship": "Inner", "Scan Direction": "Forward", "Index Name": "customer_pkey", "Relation Name": "customer", "Alias": "customer", "Startup Cost": 0.0, "Total Cost": 0.31, "Plan Rows": 1, "Plan Width": 12, "Index Cond": "(c_custkey = orders.o_custkey)"}]}, {"Node Type": "Materialize", "Parent Relationship": "Inner", "Startup Cost": 0.0, "Total Cost": 2.65, "Plan Rows": 5, "Plan Width": 4, "Plans": [{"Node Type": "Nested Loop", "Parent Relationship": "Outer", "Join Type": "Inner", "Startup Cost": 0.0, "Total Cost": 2.62, "Plan Rows": 5, "Plan Width": 4, "Inner Unique": false, "Join Filter": "(n1.n_regionkey = region.r_regionkey)", "Plans": [{"Node Type": "Seq Scan", "Parent Relationship": "Outer", "Relation Name": "region", "Alias": "region", "Startup Cost": 0.0, "Total Cost": 1.06, "Plan Rows": 1, "Plan Width": 4, "Filter": "(r_name = 'ASIA'::bpchar)"}, {"Node Type": "Seq Scan", "Parent Relationship": "Inner", "Relation Name": "nation", "Alias": "n1", "Startup Cost": 0.0, "Total Cost": 1.25, "Plan Rows": 25, "Plan Width": 8}]}]}]}, {"Node Type": "Index Scan", "Parent Relationship": "Inner", "Scan Direction": "Forward", "Index Name": "supplier_pkey", "Relation Name": "supplier", "Alias": "supplier", "Startup Cost": 0.0, "Total Cost": 0.27, "Plan Rows": 1, "Plan Width": 12, "Index Cond": "(s_suppkey = lineitem.l_suppkey)"}]}, {"Node Type": "Index Scan", "Parent Relationship": "Inner", "Scan Direction": "Forward", "Index Name": "nation_pkey", "Relation Name": "nation", "Alias": "n2", "Startup Cost": 0.0, "Total Cost": 0.27, "Plan Rows": 1, "Plan Width": 30, "Index Cond": "(n_nationkey = supplier.s_nationkey)"}]}]}]}, "Unique SQL Id": 3681808042, "Planner Runtime": 3}, "explain_analyze_plan": {"Plan": {"Node Type": "Sort", "Startup Cost": 505096.47, "Total Cost": 505096.49, "Plan Rows": 10, "Plan Width": 66, "Actual Startup Time": 7314.626, "Actual Total Time": 7314.626, "Actual Rows": 2, "Actual Loops": 1, "Sort Key": ["(date_part('year'::text, orders.o_orderdate))"], "Sort Method": "quicksort", "Sort Space Used": 25, "Sort Space Type": "Memory", "Plans": [{"Node Type": "Aggregate", "Strategy": "Hashed", "Parent Relationship": "Outer", "Startup Cost": 505096.15, "Total Cost": 505096.3, "Plan Rows": 10, "Plan Width": 66, "Actual Startup Time": 7314.597, "Actual Total Time": 7314.601, "Actual Rows": 2, "Actual Loops": 1, "Group By Key": ["date_part('year'::text, orders.o_orderdate)"], "Plans": [{"Node Type": "Nested Loop", "Parent Relationship": "Outer", "Join Type": "Inner", "Startup Cost": 0.0, "Total Cost": 504976.33, "Plan Rows": 5991, "Plan Width": 50, "Actual Startup Time": 0.509, "Actual Total Time": 7278.082, "Actual Rows": 23929, "Actual Loops": 1, "Inner Unique": true, "Plans": [{"Node Type": "Nested Loop", "Parent Relationship": "Outer", "Join Type": "Inner", "Startup Cost": 0.0, "Total Cost": 503283.15, "Plan Rows": 5991, "Plan Width": 28, "Actual Startup Time": 0.495, "Actual Total Time": 7190.663, "Actual Rows": 23929, "Actual Loops": 1, "Inner Unique": true, "Plans": [{"Node Type": "Nested Loop", "Parent Relationship": "Outer", "Join Type": "Inner", "Startup Cost": 0.0, "Total Cost": 498437.19, "Plan Rows": 17296, "Plan Width": 32, "Actual Startup Time": 0.483, "Actual Total Time": 7008.042, "Actual Rows": 23929, "Actual Loops": 1, "Inner Unique": false, "Join Filter": "(n1.n_nationkey = customer.c_nationkey)", "Rows Removed by Join Filter": 574896, "Plans": [{"Node Type": "Nested Loop", "Parent Relationship": "Outer", "Join Type": "Inner", "Startup Cost": 0.0, "Total Cost": 491948.63, "Plan Rows": 86479, "Plan Width": 36, "Actual Startup Time": 0.229, "Actual Total Time": 6792.302, "Actual Rows": 119765, "Actual Loops": 1, "Inner Unique": true, "Plans": [{"Node Type": "Nested Loop", "Parent Relationship": "Outer", "Join Type": "Inner", "Startup Cost": 0.0, "Total Cost": 464497.44, "Plan Rows": 86479, "Plan Width": 40, "Actual Startup Time": 0.214, "Actual Total Time": 5746.479, "Actual Rows": 119765, "Actual Loops": 1, "Inner Unique": true, "Plans": [{"Node Type": "Nested Loop", "Parent Relationship": "Outer", "Join Type": "Inner", "Startup Cost": 0.0, "Total Cost": 441564.57, "Plan Rows": 74637, "Plan Width": 32, "Actual Startup Time": 0.054, "Actual Total Time": 2070.092, "Actual Rows": 395341, "Actual Loops": 1, "Inner Unique": false, "Plans": [{"Node Type": "Seq Scan", "Parent Relationship": "Outer", "Relation Name": "part", "Alias": "part", "Startup Cost": 0.0, "Total Cost": 66944.0, "Plan Rows": 13538, "Plan Width": 8, "Actual Startup Time": 0.026, "Actual Total Time": 786.655, "Actual Rows": 13163, "Actual Loops": 1, "Filter": "((p_type)::text = 'SMALL PLATED COPPER'::text)", "Rows Removed by Filter": 1986837}, {"Node Type": "Index Scan", "Parent Relationship": "Inner", "Scan Direction": "Forward", "Index Name": "idx_lineitem_part_supp", "Relation Name": "lineitem", "Alias": "lineitem", "Startup Cost": 0.0, "Total Cost": 27.61, "Plan Rows": 6, "Plan Width": 40, "Actual Startup Time": 162.315, "Actual Total Time": 1179.492, "Actual Rows": 395341, "Actual Loops": 13163, "Index Cond": "(l_partkey = part.p_partkey)", "Rows Removed by Index Recheck": 0}]}, {"Node Type": "Index Scan", "Parent Relationship": "Inner", "Scan Direction": "Forward", "Index Name": "orders_pkey", "Relation Name": "orders", "Alias": "orders", "Startup Cost": 0.0, "Total Cost": 0.3, "Plan Rows": 1, "Plan Width": 24, "Actual Startup Time": 3432.033, "Actual Total Time": 3432.033, "Actual Rows": 119765, "Actual Loops": 395341, "Index Cond": "(o_orderkey = lineitem.l_orderkey)", "Rows Removed by Index Recheck": 0, "Filter": "((o_orderdate >= '1995-01-01 00:00:00'::timestamp(0) without time zone) AND (o_orderdate <= '1996-12-31 00:00:00'::timestamp(0) without time zone))", "Rows Removed by Filter": 275576}]}, {"Node Type": "Index Scan", "Parent Relationship": "Inner", "Scan Direction": "Forward", "Index Name": "customer_pkey", "Relation Name": "customer", "Alias": "customer", "Startup Cost": 0.0, "Total Cost": 0.31, "Plan Rows": 1, "Plan Width": 12, "Actual Startup Time": 936.558, "Actual Total Time": 936.558, "Actual Rows": 119765, "Actual Loops": 119765, "Index Cond": "(c_custkey = orders.o_custkey)", "Rows Removed by Index Recheck": 0}]}, {"Node Type": "Materialize", "Parent Relationship": "Inner", "Startup Cost": 0.0, "Total Cost": 2.65, "Plan Rows": 5, "Plan Width": 4, "Actual Startup Time": 12.277, "Actual Total Time": 64.247, "Actual Rows": 598825, "Actual Loops": 119765, "Plans": [{"Node Type": "Nested Loop", "Parent Relationship": "Outer", "Join Type": "Inner", "Startup Cost": 0.0, "Total Cost": 2.62, "Plan Rows": 5, "Plan Width": 4, "Actual Startup Time": 0.03, "Actual Total Time": 0.038, "Actual Rows": 5, "Actual Loops": 1, "Inner Unique": false, "Join Filter": "(n1.n_regionkey = region.r_regionkey)", "Rows Removed by Join Filter": 20, "Plans": [{"Node Type": "Seq Scan", "Parent Relationship": "Outer", "Relation Name": "region", "Alias": "region", "Startup Cost": 0.0, "Total Cost": 1.06, "Plan Rows": 1, "Plan Width": 4, "Actual Startup Time": 0.009, "Actual Total Time": 0.011, "Actual Rows": 1, "Actual Loops": 1, "Filter": "(r_name = 'ASIA'::bpchar)", "Rows Removed by Filter": 4}, {"Node Type": "Seq Scan", "Parent Relationship": "Inner", "Relation Name": "nation", "Alias": "n1", "Startup Cost": 0.0, "Total Cost": 1.25, "Plan Rows": 25, "Plan Width": 8, "Actual Startup Time": 0.013, "Actual Total Time": 0.017, "Actual Rows": 25, "Actual Loops": 1}]}]}]}, {"Node Type": "Index Scan", "Parent Relationship": "Inner", "Scan Direction": "Forward", "Index Name": "supplier_pkey", "Relation Name": "supplier", "Alias": "supplier", "Startup Cost": 0.0, "Total Cost": 0.27, "Plan Rows": 1, "Plan Width": 12, "Actual Startup Time": 152.595, "Actual Total Time": 152.595, "Actual Rows": 23929, "Actual Loops": 23929, "Index Cond": "(s_suppkey = lineitem.l_suppkey)", "Rows Removed by Index Recheck": 0}]}, {"Node Type": "Index Scan", "Parent Relationship": "Inner", "Scan Direction": "Forward", "Index Name": "nation_pkey", "Relation Name": "nation", "Alias": "n2", "Startup Cost": 0.0, "Total Cost": 0.27, "Plan Rows": 1, "Plan Width": 30, "Actual Startup Time": 41.305, "Actual Total Time": 41.305, "Actual Rows": 23929, "Actual Loops": 23929, "Index Cond": "(n_nationkey = supplier.s_nationkey)", "Rows Removed by Index Recheck": 0}]}]}]}, "Triggers": [], "Planner Runtime": 3, "Total Runtime": 7315.049, "Unique SQL Id": 3681808042}}, "(64, 125)": {"explain_plan": {"Plan": {"Node Type": "Sort", "Startup Cost": 543973.83, "Total Cost": 543973.85, "Plan Rows": 10, "Plan Width": 66, "Sort Key": ["(date_part('year'::text, orders.o_orderdate))"], "Plans": [{"Node Type": "Aggregate", "Strategy": "Hashed", "Parent Relationship": "Outer", "Startup Cost": 543973.51, "Total Cost": 543973.66, "Plan Rows": 10, "Plan Width": 66, "Group By Key": ["date_part('year'::text, orders.o_orderdate)"], "Plans": [{"Node Type": "Nested Loop", "Parent Relationship": "Outer", "Join Type": "Inner", "Startup Cost": 0.0, "Total Cost": 543853.69, "Plan Rows": 5991, "Plan Width": 50, "Inner Unique": true, "Plans": [{"Node Type": "Nested Loop", "Parent Relationship": "Outer", "Join Type": "Inner", "Startup Cost": 0.0, "Total Cost": 542160.52, "Plan Rows": 5991, "Plan Width": 28, "Inner Unique": true, "Plans": [{"Node Type": "Nested Loop", "Parent Relationship": "Outer", "Join Type": "Inner", "Startup Cost": 0.0, "Total Cost": 537314.56, "Plan Rows": 17296, "Plan Width": 32, "Inner Unique": false, "Join Filter": "(n1.n_nationkey = customer.c_nationkey)", "Plans": [{"Node Type": "Nested Loop", "Parent Relationship": "Outer", "Join Type": "Inner", "Startup Cost": 0.0, "Total Cost": 530807.88, "Plan Rows": 86479, "Plan Width": 36, "Inner Unique": true, "Plans": [{"Node Type": "Nested Loop", "Parent Relationship": "Outer", "Join Type": "Inner", "Startup Cost": 0.0, "Total Cost": 503356.69, "Plan Rows": 86479, "Plan Width": 40, "Inner Unique": true, "Plans": [{"Node Type": "Nested Loop", "Parent Relationship": "Outer", "Join Type": "Inner", "Startup Cost": 0.0, "Total Cost": 480423.82, "Plan Rows": 74637, "Plan Width": 32, "Inner Unique": false, "Plans": [{"Node Type": "Index Scan", "Parent Relationship": "Outer", "Scan Direction": "Forward", "Index Name": "part_kpey", "Relation Name": "part", "Alias": "part", "Startup Cost": 0.0, "Total Cost": 105803.25, "Plan Rows": 13538, "Plan Width": 8, "Filter": "((p_type)::text = 'SMALL PLATED COPPER'::text)"}, {"Node Type": "Index Scan", "Parent Relationship": "Inner", "Scan Direction": "Forward", "Index Name": "idx_lineitem_part_supp", "Relation Name": "lineitem", "Alias": "lineitem", "Startup Cost": 0.0, "Total Cost": 27.61, "Plan Rows": 6, "Plan Width": 40, "Index Cond": "(l_partkey = part.p_partkey)"}]}, {"Node Type": "Index Scan", "Parent Relationship": "Inner", "Scan Direction": "Forward", "Index Name": "orders_pkey", "Relation Name": "orders", "Alias": "orders", "Startup Cost": 0.0, "Total Cost": 0.3, "Plan Rows": 1, "Plan Width": 24, "Index Cond": "(o_orderkey = lineitem.l_orderkey)", "Filter": "((o_orderdate >= '1995-01-01 00:00:00'::timestamp(0) without time zone) AND (o_orderdate <= '1996-12-31 00:00:00'::timestamp(0) without time zone))"}]}, {"Node Type": "Index Scan", "Parent Relationship": "Inner", "Scan Direction": "Forward", "Index Name": "customer_pkey", "Relation Name": "customer", "Alias": "customer", "Startup Cost": 0.0, "Total Cost": 0.31, "Plan Rows": 1, "Plan Width": 12, "Index Cond": "(c_custkey = orders.o_custkey)"}]}, {"Node Type": "Materialize", "Parent Relationship": "Inner", "Startup Cost": 0.0, "Total Cost": 20.76, "Plan Rows": 5, "Plan Width": 4, "Plans": [{"Node Type": "Nested Loop", "Parent Relationship": "Outer", "Join Type": "Inner", "Startup Cost": 0.0, "Total Cost": 20.74, "Plan Rows": 5, "Plan Width": 4, "Inner Unique": false, "Plans": [{"Node Type": "Index Scan", "Parent Relationship": "Outer", "Scan Direction": "Forward", "Index Name": "region_pkey", "Relation Name": "region", "Alias": "region", "Startup Cost": 0.0, "Total Cost": 12.34, "Plan Rows": 1, "Plan Width": 4, "Filter": "(r_name = 'ASIA'::bpchar)"}, {"Node Type": "Index Scan", "Parent Relationship": "Inner", "Scan Direction": "Forward", "Index Name": "idx_nation_regionkey", "Relation Name": "nation", "Alias": "n1", "Startup Cost": 0.0, "Total Cost": 8.35, "Plan Rows": 5, "Plan Width": 8, "Index Cond": "(n_regionkey = region.r_regionkey)"}]}]}]}, {"Node Type": "Index Scan", "Parent Relationship": "Inner", "Scan Direction": "Forward", "Index Name": "supplier_pkey", "Relation Name": "supplier", "Alias": "supplier", "Startup Cost": 0.0, "Total Cost": 0.27, "Plan Rows": 1, "Plan Width": 12, "Index Cond": "(s_suppkey = lineitem.l_suppkey)"}]}, {"Node Type": "Index Scan", "Parent Relationship": "Inner", "Scan Direction": "Forward", "Index Name": "nation_pkey", "Relation Name": "nation", "Alias": "n2", "Startup Cost": 0.0, "Total Cost": 0.27, "Plan Rows": 1, "Plan Width": 30, "Index Cond": "(n_nationkey = supplier.s_nationkey)"}]}]}]}, "Unique SQL Id": 3681808042, "Planner Runtime": 2}, "explain_analyze_plan": {"Plan": {"Node Type": "Sort", "Startup Cost": 543973.83, "Total Cost": 543973.85, "Plan Rows": 10, "Plan Width": 66, "Actual Startup Time": 7100.372, "Actual Total Time": 7100.372, "Actual Rows": 2, "Actual Loops": 1, "Sort Key": ["(date_part('year'::text, orders.o_orderdate))"], "Sort Method": "quicksort", "Sort Space Used": 25, "Sort Space Type": "Memory", "Plans": [{"Node Type": "Aggregate", "Strategy": "Hashed", "Parent Relationship": "Outer", "Startup Cost": 543973.51, "Total Cost": 543973.66, "Plan Rows": 10, "Plan Width": 66, "Actual Startup Time": 7100.352, "Actual Total Time": 7100.353, "Actual Rows": 2, "Actual Loops": 1, "Group By Key": ["date_part('year'::text, orders.o_orderdate)"], "Plans": [{"Node Type": "Nested Loop", "Parent Relationship": "Outer", "Join Type": "Inner", "Startup Cost": 0.0, "Total Cost": 543853.69, "Plan Rows": 5991, "Plan Width": 50, "Actual Startup Time": 0.473, "Actual Total Time": 7059.063, "Actual Rows": 23929, "Actual Loops": 1, "Inner Unique": true, "Plans": [{"Node Type": "Nested Loop", "Parent Relationship": "Outer", "Join Type": "Inner", "Startup Cost": 0.0, "Total Cost": 542160.52, "Plan Rows": 5991, "Plan Width": 28, "Actual Startup Time": 0.459, "Actual Total Time": 6967.882, "Actual Rows": 23929, "Actual Loops": 1, "Inner Unique": true, "Plans": [{"Node Type": "Nested Loop", "Parent Relationship": "Outer", "Join Type": "Inner", "Startup Cost": 0.0, "Total Cost": 537314.56, "Plan Rows": 17296, "Plan Width": 32, "Actual Startup Time": 0.446, "Actual Total Time": 6815.141, "Actual Rows": 23929, "Actual Loops": 1, "Inner Unique": false, "Join Filter": "(n1.n_nationkey = customer.c_nationkey)", "Rows Removed by Join Filter": 574896, "Plans": [{"Node Type": "Nested Loop", "Parent Relationship": "Outer", "Join Type": "Inner", "Startup Cost": 0.0, "Total Cost": 530807.88, "Plan Rows": 86479, "Plan Width": 36, "Actual Startup Time": 0.226, "Actual Total Time": 6596.471, "Actual Rows": 119765, "Actual Loops": 1, "Inner Unique": true, "Plans": [{"Node Type": "Nested Loop", "Parent Relationship": "Outer", "Join Type": "Inner", "Startup Cost": 0.0, "Total Cost": 503356.69, "Plan Rows": 86479, "Plan Width": 40, "Actual Startup Time": 0.209, "Actual Total Time": 5745.029, "Actual Rows": 119765, "Actual Loops": 1, "Inner Unique": true, "Plans": [{"Node Type": "Nested Loop", "Parent Relationship": "Outer", "Join Type": "Inner", "Startup Cost": 0.0, "Total Cost": 480423.82, "Plan Rows": 74637, "Plan Width": 32, "Actual Startup Time": 0.074, "Actual Total Time": 2567.575, "Actual Rows": 395341, "Actual Loops": 1, "Inner Unique": false, "Plans": [{"Node Type": "Index Scan", "Parent Relationship": "Outer", "Scan Direction": "Forward", "Index Name": "part_kpey", "Relation Name": "part", "Alias": "part", "Startup Cost": 0.0, "Total Cost": 105803.25, "Plan Rows": 13538, "Plan Width": 8, "Actual Startup Time": 0.047, "Actual Total Time": 1352.105, "Actual Rows": 13163, "Actual Loops": 1, "Filter": "((p_type)::text = 'SMALL PLATED COPPER'::text)", "Rows Removed by Filter": 1986837}, {"Node Type": "Index Scan", "Parent Relationship": "Inner", "Scan Direction": "Forward", "Index Name": "idx_lineitem_part_supp", "Relation Name": "lineitem", "Alias": "lineitem", "Startup Cost": 0.0, "Total Cost": 27.61, "Plan Rows": 6, "Plan Width": 40, "Actual Startup Time": 144.181, "Actual Total Time": 1108.152, "Actual Rows": 395341, "Actual Loops": 13163, "Index Cond": "(l_partkey = part.p_partkey)", "Rows Removed by Index Recheck": 0}]}, {"Node Type": "Index Scan", "Parent Relationship": "Inner", "Scan Direction": "Forward", "Index Name": "orders_pkey", "Relation Name": "orders", "Alias": "orders", "Startup Cost": 0.0, "Total Cost": 0.3, "Plan Rows": 1, "Plan Width": 24, "Actual Startup Time": 2929.821, "Actual Total Time": 2929.821, "Actual Rows": 119765, "Actual Loops": 395341, "Index Cond": "(o_orderkey = lineitem.l_orderkey)", "Rows Removed by Index Recheck": 0, "Filter": "((o_orderdate >= '1995-01-01 00:00:00'::timestamp(0) without time zone) AND (o_orderdate <= '1996-12-31 00:00:00'::timestamp(0) without time zone))", "Rows Removed by Filter": 275576}]}, {"Node Type": "Index Scan", "Parent Relationship": "Inner", "Scan Direction": "Forward", "Index Name": "customer_pkey", "Relation Name": "customer", "Alias": "customer", "Startup Cost": 0.0, "Total Cost": 0.31, "Plan Rows": 1, "Plan Width": 12, "Actual Startup Time": 737.554, "Actual Total Time": 737.554, "Actual Rows": 119765, "Actual Loops": 119765, "Index Cond": "(c_custkey = orders.o_custkey)", "Rows Removed by Index Recheck": 0}]}, {"Node Type": "Materialize", "Parent Relationship": "Inner", "Startup Cost": 0.0, "Total Cost": 20.76, "Plan Rows": 5, "Plan Width": 4, "Actual Startup Time": 12.647, "Actual Total Time": 64.64, "Actual Rows": 598825, "Actual Loops": 119765, "Plans": [{"Node Type": "Nested Loop", "Parent Relationship": "Outer", "Join Type": "Inner", "Startup Cost": 0.0, "Total Cost": 20.74, "Plan Rows": 5, "Plan Width": 4, "Actual Startup Time": 0.018, "Actual Total Time": 0.024, "Actual Rows": 5, "Actual Loops": 1, "Inner Unique": false, "Plans": [{"Node Type": "Index Scan", "Parent Relationship": "Outer", "Scan Direction": "Forward", "Index Name": "region_pkey", "Relation Name": "region", "Alias": "region", "Startup Cost": 0.0, "Total Cost": 12.34, "Plan Rows": 1, "Plan Width": 4, "Actual Startup Time": 0.01, "Actual Total Time": 0.011, "Actual Rows": 1, "Actual Loops": 1, "Filter": "(r_name = 'ASIA'::bpchar)", "Rows Removed by Filter": 4}, {"Node Type": "Index Scan", "Parent Relationship": "Inner", "Scan Direction": "Forward", "Index Name": "idx_nation_regionkey", "Relation Name": "nation", "Alias": "n1", "Startup Cost": 0.0, "Total Cost": 8.35, "Plan Rows": 5, "Plan Width": 8, "Actual Startup Time": 0.007, "Actual Total Time": 0.01, "Actual Rows": 5, "Actual Loops": 1, "Index Cond": "(n_regionkey = region.r_regionkey)", "Rows Removed by Index Recheck": 0}]}]}]}, {"Node Type": "Index Scan", "Parent Relationship": "Inner", "Scan Direction": "Forward", "Index Name": "supplier_pkey", "Relation Name": "supplier", "Alias": "supplier", "Startup Cost": 0.0, "Total Cost": 0.27, "Plan Rows": 1, "Plan Width": 12, "Actual Startup Time": 118.401, "Actual Total Time": 118.401, "Actual Rows": 23929, "Actual Loops": 23929, "Index Cond": "(s_suppkey = lineitem.l_suppkey)", "Rows Removed by Index Recheck": 0}]}, {"Node Type": "Index Scan", "Parent Relationship": "Inner", "Scan Direction": "Forward", "Index Name": "nation_pkey", "Relation Name": "nation", "Alias": "n2", "Startup Cost": 0.0, "Total Cost": 0.27, "Plan Rows": 1, "Plan Width": 30, "Actual Startup Time": 41.586, "Actual Total Time": 41.586, "Actual Rows": 23929, "Actual Loops": 23929, "Index Cond": "(n_nationkey = supplier.s_nationkey)", "Rows Removed by Index Recheck": 0}]}]}]}, "Triggers": [], "Planner Runtime": 2, "Total Runtime": 7100.698, "Unique SQL Id": 3681808042}}, "(64, 126)": {"explain_plan": {"Plan": {"Node Type": "Sort", "Startup Cost": 17600453906.22, "Total Cost": 17600453906.25, "Plan Rows": 10, "Plan Width": 66, "Sort Key": ["(date_part('year'::text, orders.o_orderdate))"], "Plans": [{"Node Type": "Aggregate", "Strategy": "Hashed", "Parent Relationship": "Outer", "Startup Cost": 17600453905.91, "Total Cost": 17600453906.06, "Plan Rows": 10, "Plan Width": 66, "Group By Key": ["date_part('year'::text, orders.o_orderdate)"], "Plans": [{"Node Type": "Nested Loop", "Parent Relationship": "Outer", "Join Type": "Inner", "Startup Cost": 195.31, "Total Cost": 17600453786.09, "Plan Rows": 5991, "Plan Width": 50, "Inner Unique": true, "Join Filter": "(supplier.s_nationkey = n2.n_nationkey)", "Plans": [{"Node Type": "Nested Loop", "Parent Relationship": "Outer", "Join Type": "Inner", "Startup Cost": 195.31, "Total Cost": 17600451523.17, "Plan Rows": 5991, "Plan Width": 28, "Inner Unique": false, "Join Filter": "(customer.c_custkey = orders.o_custkey)", "Plans": [{"Node Type": "Nested Loop", "Parent Relationship": "Outer", "Join Type": "Inner", "Startup Cost": 0.0, "Total Cost": 164628.64, "Plan Rows": 300000, "Plan Width": 8, "Inner Unique": false, "Join Filter": "(n1.n_nationkey = customer.c_nationkey), (LLVM Optimized)", "Plans": [{"Node Type": "Seq Scan", "Parent Relationship": "Outer", "Relation Name": "customer", "Alias": "customer", "Startup Cost": 0.0, "Total Cost": 52126.0, "Plan Rows": 1500000, "Plan Width": 12}, {"Node Type": "Materialize", "Parent Relationship": "Inner", "Startup Cost": 0.0, "Total Cost": 2.65, "Plan Rows": 5, "Plan Width": 4, "Plans": [{"Node Type": "Nested Loop", "Parent Relationship": "Outer", "Join Type": "Inner", "Startup Cost": 0.0, "Total Cost": 2.62, "Plan Rows": 5, "Plan Width": 4, "Inner Unique": false, "Join Filter": "(n1.n_regionkey = region.r_regionkey)", "Plans": [{"Node Type": "Seq Scan", "Parent Relationship": "Outer", "Relation Name": "region", "Alias": "region", "Startup Cost": 0.0, "Total Cost": 1.06, "Plan Rows": 1, "Plan Width": 4, "Filter": "(r_name = 'ASIA'::bpchar)"}, {"Node Type": "Seq Scan", "Parent Relationship": "Inner", "Relation Name": "nation", "Alias": "n1", "Startup Cost": 0.0, "Total Cost": 1.25, "Plan Rows": 25, "Plan Width": 8}]}]}]}, {"Node Type": "Materialize", "Parent Relationship": "Inner", "Startup Cost": 195.31, "Total Cost": 17369896022.53, "Plan Rows": 51198, "Plan Width": 36, "Plans": [{"Node Type": "Nested Loop", "Parent Relationship": "Outer", "Join Type": "Inner", "Startup Cost": 195.31, "Total Cost": 17369895766.54, "Plan Rows": 51198, "Plan Width": 36, "Inner Unique": false, "Join Filter": "(lineitem.l_orderkey = orders.o_orderkey)", "Plans": [{"Node Type": "Seq Scan", "Parent Relationship": "Outer", "Relation Name": "orders", "Alias": "orders", "Startup Cost": 195.31, "Total Cost": 501411.18, "Plan Rows": 4531967, "Plan Width": 24, "Filter": "((o_orderdate >= '1995-01-01 00:00:00'::timestamp(0) without time zone) AND (o_orderdate <= '1996-12-31 00:00:00'::timestamp(0) without time zone)), (LLVM Optimized)"}, {"Node Type": "Materialize", "Parent Relationship": "Inner", "Startup Cost": 0.0, "Total Cost": 12295608227.26, "Plan Rows": 74637, "Plan Width": 28, "Plans": [{"Node Type": "Nested Loop", "Parent Relationship": "Outer", "Join Type": "Inner", "Startup Cost": 0.0, "Total Cost": 12295607854.08, "Plan Rows": 74637, "Plan Width": 28, "Inner Unique": false, "Join Filter": "(lineitem.l_suppkey = supplier.s_suppkey)", "Plans": [{"Node Type": "Seq Scan", "Parent Relationship": "Outer", "Relation Name": "supplier", "Alias": "supplier", "Startup Cost": 0.0, "Total Cost": 3283.0, "Plan Rows": 100000, "Plan Width": 12}, {"Node Type": "Materialize", "Parent Relationship": "Inner", "Startup Cost": 0.0, "Total Cost": 12183649257.67, "Plan Rows": 74637, "Plan Width": 32, "Plans": [{"Node Type": "Nested Loop", "Parent Relationship": "Outer", "Join Type": "Inner", "Startup Cost": 0.0, "Total Cost": 12183648884.49, "Plan Rows": 74637, "Plan Width": 32, "Inner Unique": true, "Join Filter": "(part.p_partkey = lineitem.l_partkey)", "Plans": [{"Node Type": "Seq Scan", "Parent Relationship": "Outer", "Relation Name": "lineitem", "Alias": "lineitem", "Startup Cost": 0.0, "Total Cost": 2015115.33, "Plan Rows": 59987033, "Plan Width": 40}, {"Node Type": "Materialize", "Parent Relationship": "Inner", "Startup Cost": 0.0, "Total Cost": 67011.69, "Plan Rows": 13538, "Plan Width": 8, "Plans": [{"Node Type": "Seq Scan", "Parent Relationship": "Outer", "Relation Name": "part", "Alias": "part", "Startup Cost": 0.0, "Total Cost": 66944.0, "Plan Rows": 13538, "Plan Width": 8, "Filter": "((p_type)::text = 'SMALL PLATED COPPER'::text)"}]}]}]}]}]}]}]}]}, {"Node Type": "Materialize", "Parent Relationship": "Inner", "Startup Cost": 0.0, "Total Cost": 1.38, "Plan Rows": 25, "Plan Width": 30, "Plans": [{"Node Type": "Seq Scan", "Parent Relationship": "Outer", "Relation Name": "nation", "Alias": "n2", "Startup Cost": 0.0, "Total Cost": 1.25, "Plan Rows": 25, "Plan Width": 30}]}]}]}]}, "Unique SQL Id": 3681808042, "Planner Runtime": 2}, "explain_analyze_plan": null}, "(64, 127)": {"explain_plan": {"Plan": {"Node Type": "Sort", "Startup Cost": 8018022317922.2, "Total Cost": 8018022317922.22, "Plan Rows": 10, "Plan Width": 66, "Sort Key": ["(date_part('year'::text, orders.o_orderdate))"], "Plans": [{"Node Type": "Aggregate", "Strategy": "Hashed", "Parent Relationship": "Outer", "Startup Cost": 8018022317921.88, "Total Cost": 8018022317922.03, "Plan Rows": 10, "Plan Width": 66, "Group By Key": ["date_part('year'::text, orders.o_orderdate)"], "Plans": [{"Node Type": "Nested Loop", "Parent Relationship": "Outer", "Join Type": "Inner", "Startup Cost": 80000000000.0, "Total Cost": 8018022317802.06, "Plan Rows": 5991, "Plan Width": 50, "Inner Unique": true, "Join Filter": "(supplier.s_nationkey = n2.n_nationkey)", "Plans": [{"Node Type": "Nested Loop", "Parent Relationship": "Outer", "Join Type": "Inner", "Startup Cost": 70000000000.0, "Total Cost": 7018022314277.89, "Plan Rows": 5991, "Plan Width": 28, "Inner Unique": false, "Join Filter": "(customer.c_custkey = orders.o_custkey)", "Plans": [{"Node Type": "Nested Loop", "Parent Relationship": "Outer", "Join Type": "Inner", "Startup Cost": 40000000000.0, "Total Cost": 4017783730995.63, "Plan Rows": 51198, "Plan Width": 36, "Inner Unique": true, "Join Filter": "(lineitem.l_orderkey = orders.o_orderkey)", "Plans": [{"Node Type": "Nested Loop", "Parent Relationship": "Outer", "Join Type": "Inner", "Startup Cost": 30000000000.0, "Total Cost": 3012629335768.03, "Plan Rows": 74637, "Plan Width": 28, "Inner Unique": false, "Join Filter": "(lineitem.l_suppkey = supplier.s_suppkey)", "Plans": [{"Node Type": "Index Scan", "Parent Relationship": "Outer", "Scan Direction": "Forward", "Index Name": "idx_supplier_nation_key", "Relation Name": "supplier", "Alias": "supplier", "Startup Cost": 10000000000.0, "Total Cost": 1000001217556.78, "Plan Rows": 100000, "Plan Width": 12}, {"Node Type": "Materialize", "Parent Relationship": "Inner", "Startup Cost": 20000000000.0, "Total Cost": 2012516162897.84, "Plan Rows": 74637, "Plan Width": 32, "Plans": [{"Node Type": "Nested Loop", "Parent Relationship": "Outer", "Join Type": "Inner", "Startup Cost": 20000000000.0, "Total Cost": 2012516162524.66, "Plan Rows": 74637, "Plan Width": 32, "Inner Unique": true, "Join Filter": "(part.p_partkey = lineitem.l_partkey)", "Plans": [{"Node Type": "Index Scan", "Parent Relationship": "Outer", "Scan Direction": "Forward", "Index Name": "idx_lineitem_orderkey", "Relation Name": "lineitem", "Alias": "lineitem", "Startup Cost": 10000000000.0, "Total Cost": 1000324015374.5, "Plan Rows": 59987033, "Plan Width": 40}, {"Node Type": "Materialize", "Parent Relationship": "Inner", "Startup Cost": 10000000000.0, "Total Cost": 1000010580392.69, "Plan Rows": 13538, "Plan Width": 8, "Plans": [{"Node Type": "Index Scan", "Parent Relationship": "Outer", "Scan Direction": "Forward", "Index Name": "part_kpey", "Relation Name": "part", "Alias": "part", "Startup Cost": 10000000000.0, "Total Cost": 1000010580325.0, "Plan Rows": 13538, "Plan Width": 8, "Filter": "((p_type)::text = 'SMALL PLATED COPPER'::text)"}]}]}]}]}, {"Node Type": "Materialize", "Parent Relationship": "Inner", "Startup Cost": 10000000000.0, "Total Cost": 1000080620242.83, "Plan Rows": 4531967, "Plan Width": 24, "Plans": [{"Node Type": "Index Scan", "Parent Relationship": "Outer", "Scan Direction": "Forward", "Index Name": "orders_pkey", "Relation Name": "orders", "Alias": "orders", "Startup Cost": 10000000000.0, "Total Cost": 1000080597583.0, "Plan Rows": 4531967, "Plan Width": 24, "Filter": "((o_orderdate >= '1995-01-01 00:00:00'::timestamp(0) without time zone) AND (o_orderdate <= '1996-12-31 00:00:00'::timestamp(0) without time zone)), (LLVM Optimized)"}]}]}, {"Node Type": "Materialize", "Parent Relationship": "Inner", "Startup Cost": 30000000000.0, "Total Cost": 3000008193032.26, "Plan Rows": 300000, "Plan Width": 8, "Plans": [{"Node Type": "Nested Loop", "Parent Relationship": "Outer", "Join Type": "Inner", "Startup Cost": 30000000000.0, "Total Cost": 3000008191532.26, "Plan Rows": 300000, "Plan Width": 8, "Inner Unique": false, "Join Filter": "(n1.n_nationkey = customer.c_nationkey), (LLVM Optimized)", "Plans": [{"Node Type": "Index Scan", "Parent Relationship": "Outer", "Scan Direction": "Forward", "Index Name": "customer_pkey", "Relation Name": "customer", "Alias": "customer", "Startup Cost": 10000000000.0, "Total Cost": 1000008076535.62, "Plan Rows": 1500000, "Plan Width": 12}, {"Node Type": "Materialize", "Parent Relationship": "Inner", "Startup Cost": 20000000000.0, "Total Cost": 2000000002496.65, "Plan Rows": 5, "Plan Width": 4, "Plans": [{"Node Type": "Nested Loop", "Parent Relationship": "Outer", "Join Type": "Inner", "Startup Cost": 20000000000.0, "Total Cost": 2000000002496.63, "Plan Rows": 5, "Plan Width": 4, "Inner Unique": true, "Join Filter": "(n1.n_regionkey = region.r_regionkey)", "Plans": [{"Node Type": "Index Scan", "Parent Relationship": "Outer", "Scan Direction": "Forward", "Index Name": "nation_pkey", "Relation Name": "nation", "Alias": "n1", "Startup Cost": 10000000000.0, "Total Cost": 1000000001262.5, "Plan Rows": 25, "Plan Width": 8}, {"Node Type": "Materialize", "Parent Relationship": "Inner", "Startup Cost": 10000000000.0, "Total Cost": 1000000001233.76, "Plan Rows": 1, "Plan Width": 4, "Plans": [{"Node Type": "Index Scan", "Parent Relationship": "Outer", "Scan Direction": "Forward", "Index Name": "region_pkey", "Relation Name": "region", "Alias": "region", "Startup Cost": 10000000000.0, "Total Cost": 1000000001233.75, "Plan Rows": 1, "Plan Width": 4, "Filter": "(r_name = 'ASIA'::bpchar)"}]}]}]}]}]}]}, {"Node Type": "Materialize", "Parent Relationship": "Inner", "Startup Cost": 10000000000.0, "Total Cost": 1000000001262.62, "Plan Rows": 25, "Plan Width": 30, "Plans": [{"Node Type": "Index Scan", "Parent Relationship": "Outer", "Scan Direction": "Forward", "Index Name": "nation_pkey", "Relation Name": "nation", "Alias": "n2", "Startup Cost": 10000000000.0, "Total Cost": 1000000001262.5, "Plan Rows": 25, "Plan Width": 30}]}]}]}]}, "Unique SQL Id": 3681808042, "Planner Runtime": 2}, "explain_analyze_plan": null}}